NUM-PROCS: 1
Preparing domain...
LVL-MIN: 3 [3]
LVL-MAX: 5 [5]
Creating gates...
Assembling system matrices...
Assembling system filters...
Assembling transfer matrices...
Converting assembled linear system from SparseMatrixCSR, Mem:main to SparseMatrixELL, Mem:cudaand to SparseMatrixELL, Mem:cuda...
PCG: 0 : 3.015408e-01
PCG: 1 : 2.796061e-01 / 9.272582e-01
PCG: 2 : 1.970737e-01 / 6.535556e-01
PCG: 3 : 8.407197e-02 / 2.788080e-01
PCG: 0 : 7.913297e-02
PCG: 1 : 2.550127e-02 / 3.222584e-01
PCG: 2 : 8.279329e-03 / 1.046255e-01
PCG: 3 : 9.005345e-03 / 1.138002e-01
PCG: 0 : 9.005344e-03
PCG: 1 : 4.840349e-03 / 5.374974e-01
PCG: 2 : 4.553034e-03 / 5.055925e-01
PCG: 3 : 2.506949e-03 / 2.783846e-01
PCG: 0 : 2.506949e-03
PCG: 1 : 1.365011e-03 / 5.444909e-01
PCG: 2 : 6.363229e-04 / 2.538236e-01
PCG: 3 : 5.899110e-04 / 2.353103e-01
PCG: 0 : 5.899109e-04
PCG: 1 : 3.045283e-04 / 5.162277e-01
PCG: 2 : 2.857537e-04 / 4.844015e-01
PCG: 3 : 1.645208e-04 / 2.788910e-01
PCG: 0 : 1.645208e-04
PCG: 1 : 8.612887e-05 / 5.235134e-01
PCG: 2 : 4.271025e-05 / 2.596039e-01
PCG: 3 : 3.969570e-05 / 2.412807e-01
PCG: 0 : 3.969570e-05
PCG: 1 : 2.031782e-05 / 5.118393e-01
PCG: 2 : 1.848700e-05 / 4.657181e-01
PCG: 3 : 1.092286e-05 / 2.751648e-01
PCG: 0 : 1.092286e-05
PCG: 1 : 5.664758e-06 / 5.186149e-01
PCG: 2 : 2.857819e-06 / 2.616366e-01
PCG: 3 : 2.665589e-06 / 2.440376e-01
PCG: 0 : 2.665589e-06
PCG: 1 : 1.359909e-06 / 5.101720e-01
PCG: 2 : 1.219429e-06 / 4.574710e-01
PCG: 3 : 7.360849e-07 / 2.761435e-01
PCG: 0 : 7.360849e-07
PCG: 1 : 3.799739e-07 / 5.162093e-01
PCG: 2 : 1.917486e-07 / 2.604979e-01
PCG: 3 : 1.800026e-07 / 2.445405e-01
PCG: 0 : 1.800026e-07
PCG: 1 : 9.146588e-08 / 5.081365e-01
PCG: 2 : 8.155521e-08 / 4.530781e-01
PCG: 3 : 5.013372e-08 / 2.785167e-01
PCG: 0 : 5.013372e-08
PCG: 1 : 2.572637e-08 / 5.131550e-01
PCG: 2 : 1.291806e-08 / 2.576721e-01
PCG: 3 : 1.223230e-08 / 2.439934e-01
PCG: 0 : 1.223230e-08
PCG: 1 : 6.182846e-09 / 5.054523e-01
PCG: 2 : 5.497744e-09 / 4.494447e-01
PCG: 3 : 3.440769e-09 / 2.812855e-01
PCG: 0 : 3.440769e-09
PCG: 1 : 1.751151e-09 / 5.089418e-01
PCG: 2 : 8.739076e-10 / 2.539861e-01
PCG: 3 : 8.363124e-10 / 2.430597e-01

PCG ( VCycle ( S: Scale / C: Scale )  )

Complete solver TOE: 0.237258
0.028043 GFlop/s [0.028043 GFlops/s]

Total time: 0.237258s
Accumulated op time: 0.080865

Reductions: 15.7963%
Blas-1: 9.90272%
Blas-2: 8.38412%
Precon Kernels: 0%
MPI Execution: 0%
MPI Wait: 0%
Not covered: 65.9169%

Domain size: 0.110413 MByte
LA size: 0.359131 MByte
MPI size: 0.0111542 MByte

H0-Error: 4.391238e-04
H1-Error: 6.452751e-02

Writing DATA to output.data...
Run-Time: 0:00.294 [0:00.294]
0xb33c69f8 Error: MemoryPool<CUDA> still contains memory chunks on deconstructor call
