NUM-PROCS: 1
Preparing domain...
LVL-MIN: 2 [2]
LVL-MAX: 10 [10]
Creating gates...
Assembling system matrices...
Assembling system filters...
Assembling transfer matrices...
Converting assembled linear system from SparseMatrixCSR, Mem:main to SparseMatrixCSR, Mem:mainand to SparseMatrixCSR, Mem:main...
PCG:  0 : 9.466280e-03
PCG:  1 : 5.074190e-03 / 5.360279e-01
PCG:  2 : 3.098994e-03 / 3.273718e-01
PCG:  3 : 1.163264e-03 / 1.228851e-01
PCG:  4 : 3.443803e-04 / 3.637969e-02
PCG:  5 : 1.447010e-04 / 1.528594e-02
PCG:  6 : 5.409629e-05 / 5.714631e-03
PCG:  7 : 5.771526e-06 / 6.096931e-04
PCG:  8 : 8.164913e-07 / 8.625260e-05
PCG:  9 : 1.125728e-07 / 1.189198e-05
PCG: 10 : 1.414010e-08 / 1.493734e-06
PCG:  0 : 2.148384e-04
PCG:  1 : 1.711241e-04 / 7.965246e-01
PCG:  2 : 4.243957e-05 / 1.975418e-01
PCG:  3 : 6.015370e-06 / 2.799951e-02
PCG:  4 : 6.376592e-07 / 2.968088e-03
PCG:  5 : 7.695790e-08 / 3.582130e-04
PCG:  6 : 1.012254e-08 / 4.711698e-05
PCG:  7 : 1.335912e-09 / 6.218216e-06
PCG:  8 : 2.000996e-10 / 9.313958e-07
PCG:  9 : 4.009478e-11 / 1.866276e-07
PCG: 10 : 1.690242e-11 / 7.867505e-08
PCG:  0 : 4.280476e-08
PCG:  1 : 6.735537e-08 / 1.573549e+00
PCG:  2 : 9.670112e-09 / 2.259121e-01
PCG:  3 : 1.569500e-09 / 3.666648e-02
PCG:  4 : 2.323084e-10 / 5.427162e-03
PCG:  5 : 3.918453e-11 / 9.154247e-04
PCG:  6 : 6.574567e-12 / 1.535943e-04
PCG:  7 : 8.345909e-13 / 1.949762e-05
PCG:  8 : 1.369486e-13 / 3.199377e-06
PCG:  9 : 7.984562e-14 / 1.865345e-06
PCG: 10 : 1.701723e-14 / 3.975547e-07
PCG:  0 : 2.828783e-11
PCG:  1 : 3.503642e-11 / 1.238569e+00
PCG:  2 : 8.739194e-12 / 3.089383e-01
PCG:  3 : 1.163203e-12 / 4.112026e-02
PCG:  4 : 1.460905e-13 / 5.164428e-03
PCG:  5 : 2.544262e-14 / 8.994194e-04
PCG:  6 : 4.648685e-15 / 1.643351e-04
PCG:  7 : 5.732574e-16 / 2.026516e-05
PCG:  8 : 1.583615e-16 / 5.598221e-06
PCG:  9 : 7.082987e-17 / 2.503899e-06
PCG: 10 : 1.297165e-17 / 4.585592e-07

PCG ( VCycle ( S: Scale / C: Scale )  )

Complete solver TOE: 2.68119
2.2793 GFlop/s [2.2793 GFlops/s]

Total time: 2.68119s
Accumulated op time: 2.59059

Reductions: 6.52513%
Blas-1: 6.74521%
Blas-2: 83.3505%
Precon Kernels: 0%
MPI Execution: 0%
MPI Wait: 0%
Not covered: 3.37921%

Domain size: 192.437 MByte
LA size: 483.444 MByte
MPI size: 10.698 MByte

H0-Error: 4.290974e-07
H1-Error: 2.017209e-03

Writing DATA to output.data...
Run-Time: 0:04.937 [0:04.937]
0x31d198e880 Error: MemoryPool<CPU> still contains memory chunks on deconstructor call
