NUM-PROCS: 1
Preparing domain...
LVL-MIN: 5 [5]
LVL-MAX: 6 [6]
Creating gates...
Assembling system matrices...
Assembling system filters...
Assembling transfer matrices...
Converting assembled linear system from SparseMatrixCSR, Mem:main to SparseMatrixCSR, Mem:mainand to SparseMatrixCSR, Mem:main...
PCG: 0 : 1.512628e-01
PCG: 1 : 5.296443e-01 / 3.501483e+00
PCG: 2 : 3.286094e-01 / 2.172440e+00
PCG: 3 : 3.573487e-01 / 2.362435e+00
PCG: 4 : 3.568083e-01 / 2.358863e+00
PCG: 0 : 3.636866e-01
PCG: 1 : 2.303051e-01 / 6.332515e-01
PCG: 2 : 1.920707e-01 / 5.281214e-01
PCG: 3 : 2.072546e-01 / 5.698712e-01
PCG: 4 : 1.538403e-01 / 4.230022e-01
PCG: 0 : 1.538403e-01
PCG: 1 : 1.099714e-01 / 7.148415e-01
PCG: 2 : 6.451374e-02 / 4.193553e-01
PCG: 3 : 6.708349e-02 / 4.360593e-01
PCG: 4 : 8.539248e-02 / 5.550723e-01
PCG: 0 : 8.539248e-02
PCG: 1 : 5.351615e-02 / 6.267080e-01
PCG: 2 : 4.132375e-02 / 4.839273e-01
PCG: 3 : 7.405492e-02 / 8.672299e-01
PCG: 4 : 9.358138e-02 / 1.095897e+00
PCG: 0 : 9.358137e-02
PCG: 1 : 5.707220e-02 / 6.098672e-01
PCG: 2 : 3.208464e-02 / 3.428529e-01
PCG: 3 : 3.782760e-02 / 4.042215e-01
PCG: 4 : 5.386215e-02 / 5.755649e-01
PCG: 0 : 5.386216e-02
PCG: 1 : 3.221386e-02 / 5.980796e-01
PCG: 2 : 2.716392e-02 / 5.043228e-01
PCG: 3 : 4.094971e-02 / 7.602686e-01
PCG: 4 : 6.037644e-02 / 1.120944e+00
PCG: 0 : 6.037646e-02
PCG: 1 : 3.394086e-02 / 5.621538e-01
PCG: 2 : 2.252202e-02 / 3.730266e-01
PCG: 3 : 2.250839e-02 / 3.728007e-01
PCG: 4 : 3.426665e-02 / 5.675498e-01
PCG: 0 : 3.426665e-02
PCG: 1 : 2.014047e-02 / 5.877573e-01
PCG: 2 : 1.944897e-02 / 5.675772e-01
PCG: 3 : 2.518469e-02 / 7.349623e-01
PCG: 4 : 3.861859e-02 / 1.127002e+00
PCG: 0 : 3.861860e-02
PCG: 1 : 2.167326e-02 / 5.612130e-01
PCG: 2 : 1.562482e-02 / 4.045931e-01
PCG: 3 : 1.430039e-02 / 3.702979e-01
PCG: 4 : 2.196839e-02 / 5.688552e-01
PCG: 0 : 2.196839e-02
PCG: 1 : 1.322132e-02 / 6.018336e-01
PCG: 2 : 1.333037e-02 / 6.067975e-01
PCG: 3 : 1.632045e-02 / 7.429059e-01
PCG: 4 : 2.492214e-02 / 1.134454e+00
PCG: 0 : 2.492214e-02
PCG: 1 : 1.437835e-02 / 5.769306e-01
PCG: 2 : 1.049253e-02 / 4.210124e-01
PCG: 3 : 9.445839e-03 / 3.790139e-01
PCG: 4 : 1.418285e-02 / 5.690862e-01
PCG: 0 : 1.418285e-02
PCG: 1 : 8.876616e-03 / 6.258698e-01
PCG: 2 : 8.918478e-03 / 6.288214e-01
PCG: 3 : 1.092314e-02 / 7.701657e-01
PCG: 4 : 1.604839e-02 / 1.131535e+00
PCG: 0 : 1.604839e-02
PCG: 1 : 9.728472e-03 / 6.061961e-01
PCG: 2 : 7.035302e-03 / 4.383806e-01
PCG: 3 : 6.450455e-03 / 4.019378e-01
PCG: 4 : 9.017688e-03 / 5.619061e-01
PCG: 0 : 9.017689e-03
PCG: 1 : 6.099481e-03 / 6.763907e-01
PCG: 2 : 6.082139e-03 / 6.744675e-01
PCG: 3 : 7.549994e-03 / 8.372426e-01
PCG: 4 : 9.993077e-03 / 1.108164e+00
PCG: 0 : 9.993077e-03
PCG: 1 : 6.776236e-03 / 6.780930e-01
PCG: 2 : 4.926619e-03 / 4.930032e-01
PCG: 3 : 4.576324e-03 / 4.579494e-01
PCG: 4 : 5.503646e-03 / 5.507459e-01
PCG: 0 : 5.503646e-03
PCG: 1 : 4.340908e-03 / 7.887333e-01
PCG: 2 : 4.328273e-03 / 7.864374e-01
PCG: 3 : 5.270996e-03 / 9.577281e-01
PCG: 4 : 6.163893e-03 / 1.119965e+00
PCG: 0 : 6.163892e-03
PCG: 1 : 4.740574e-03 / 7.690877e-01
PCG: 2 : 3.502401e-03 / 5.682126e-01
PCG: 3 : 3.193377e-03 / 5.180780e-01
PCG: 4 : 3.496352e-03 / 5.672312e-01
PCG: 0 : 3.496351e-03
PCG: 1 : 3.020168e-03 / 8.638058e-01
PCG: 2 : 3.027154e-03 / 8.658037e-01
PCG: 3 : 3.609364e-03 / 1.032323e+00
PCG: 4 : 4.050949e-03 / 1.158622e+00
PCG: 0 : 4.050950e-03
PCG: 1 : 3.220194e-03 / 7.949231e-01
PCG: 2 : 2.400859e-03 / 5.926657e-01
PCG: 3 : 2.168083e-03 / 5.352036e-01
PCG: 4 : 2.332962e-03 / 5.759050e-01
PCG: 0 : 2.332962e-03
PCG: 1 : 2.044157e-03 / 8.762069e-01
PCG: 2 : 2.056486e-03 / 8.814917e-01
PCG: 3 : 2.437618e-03 / 1.044860e+00
PCG: 4 : 2.723220e-03 / 1.167280e+00
PCG: 0 : 2.723220e-03
PCG: 1 : 2.169316e-03 / 7.965998e-01
PCG: 2 : 1.622626e-03 / 5.958483e-01
PCG: 3 : 1.460640e-03 / 5.363651e-01
PCG: 4 : 1.571479e-03 / 5.770666e-01
PCG: 0 : 1.571479e-03
PCG: 1 : 1.376476e-03 / 8.759111e-01
PCG: 2 : 1.388137e-03 / 8.833316e-01
PCG: 3 : 1.641144e-03 / 1.044331e+00
PCG: 4 : 1.835954e-03 / 1.168297e+00
PCG: 0 : 1.835954e-03
PCG: 1 : 1.460004e-03 / 7.952287e-01
PCG: 2 : 1.094684e-03 / 5.962480e-01
PCG: 3 : 9.831104e-04 / 5.354765e-01
PCG: 4 : 1.059714e-03 / 5.772004e-01
PCG: 0 : 1.059714e-03
PCG: 1 : 9.263655e-04 / 8.741660e-01
PCG: 2 : 9.363357e-04 / 8.835744e-01
PCG: 3 : 1.104522e-03 / 1.042284e+00
PCG: 4 : 1.238214e-03 / 1.168442e+00
PCG: 0 : 1.238214e-03
PCG: 1 : 9.825198e-04 / 7.934974e-01
PCG: 2 : 7.383840e-04 / 5.963298e-01
PCG: 3 : 6.616366e-04 / 5.343474e-01
PCG: 4 : 7.147396e-04 / 5.772341e-01
PCG: 0 : 7.147396e-04
PCG: 1 : 6.234089e-04 / 8.722183e-01
PCG: 2 : 6.315538e-04 / 8.836138e-01
PCG: 3 : 7.433415e-04 / 1.040017e+00
PCG: 4 : 8.351774e-04 / 1.168506e+00
PCG: 0 : 8.351774e-04
PCG: 1 : 6.611799e-04 / 7.916641e-01
PCG: 2 : 4.980545e-04 / 5.963457e-01
PCG: 3 : 4.452743e-04 / 5.331493e-01
PCG: 4 : 4.820963e-04 / 5.772382e-01
PCG: 0 : 4.820962e-04
PCG: 1 : 4.195205e-04 / 8.702008e-01
PCG: 2 : 4.259822e-04 / 8.836040e-01
PCG: 3 : 5.002569e-04 / 1.037670e+00
PCG: 4 : 5.633547e-04 / 1.168552e+00
PCG: 0 : 5.633547e-04
PCG: 1 : 4.449324e-04 / 7.897909e-01
PCG: 2 : 3.359544e-04 / 5.963461e-01
PCG: 3 : 2.996623e-04 / 5.319248e-01
PCG: 4 : 3.252004e-04 / 5.772569e-01
PCG: 0 : 3.252004e-04
PCG: 1 : 2.823125e-04 / 8.681186e-01
PCG: 2 : 2.873317e-04 / 8.835527e-01
PCG: 3 : 3.366591e-04 / 1.035236e+00
PCG: 4 : 3.800180e-04 / 1.168566e+00
PCG: 0 : 3.800180e-04
PCG: 1 : 2.994074e-04 / 7.878768e-01
PCG: 2 : 2.266177e-04 / 5.963341e-01
PCG: 3 : 2.016659e-04 / 5.306746e-01
PCG: 4 : 2.193754e-04 / 5.772762e-01
PCG: 0 : 2.193754e-04
PCG: 1 : 1.899792e-04 / 8.660006e-01
PCG: 2 : 1.938147e-04 / 8.834843e-01
PCG: 3 : 2.265642e-04 / 1.032769e+00
PCG: 4 : 2.563610e-04 / 1.168595e+00
PCG: 0 : 2.563611e-04
PCG: 1 : 2.014805e-04 / 7.859248e-01
PCG: 2 : 1.528687e-04 / 5.963024e-01
PCG: 3 : 1.357173e-04 / 5.293990e-01
PCG: 4 : 1.479939e-04 / 5.772868e-01
PCG: 0 : 1.479938e-04
PCG: 1 : 1.278432e-04 / 8.638415e-01
PCG: 2 : 1.307371e-04 / 8.833956e-01
PCG: 3 : 1.524706e-04 / 1.030250e+00
PCG: 4 : 1.729474e-04 / 1.168612e+00
PCG: 0 : 1.729474e-04
PCG: 1 : 1.355820e-04 / 7.839491e-01
PCG: 2 : 1.031222e-04 / 5.962636e-01
PCG: 3 : 9.133415e-05 / 5.281036e-01
PCG: 4 : 9.984336e-05 / 5.773048e-01
PCG: 0 : 9.984338e-05
PCG: 1 : 8.602993e-05 / 8.616489e-01
PCG: 2 : 8.819070e-05 / 8.832904e-01
PCG: 3 : 1.026094e-04 / 1.027704e+00
PCG: 4 : 1.166800e-04 / 1.168630e+00
PCG: 0 : 1.166800e-04
PCG: 1 : 9.123678e-05 / 7.819404e-01
PCG: 2 : 6.956526e-05 / 5.962057e-01
PCG: 3 : 6.146495e-05 / 5.267825e-01
PCG: 4 : 6.736139e-05 / 5.773175e-01
PCG: 0 : 6.736140e-05
PCG: 1 : 5.789196e-05 / 8.594233e-01
PCG: 2 : 5.949117e-05 / 8.831642e-01
PCG: 3 : 6.905349e-05 / 1.025120e+00
PCG: 4 : 7.872180e-05 / 1.168649e+00
PCG: 0 : 7.872180e-05
PCG: 1 : 6.139584e-05 / 7.799090e-01
PCG: 2 : 4.692906e-05 / 5.961380e-01
PCG: 3 : 4.136402e-05 / 5.254456e-01
PCG: 4 : 4.544820e-05 / 5.773268e-01
PCG: 0 : 4.544820e-05
PCG: 1 : 3.895711e-05 / 8.571762e-01
PCG: 2 : 4.013209e-05 / 8.830293e-01
PCG: 3 : 4.647108e-05 / 1.022507e+00
PCG: 4 : 5.311402e-05 / 1.168672e+00
PCG: 0 : 5.311401e-05
PCG: 1 : 4.131463e-05 / 7.778481e-01
PCG: 2 : 3.165882e-05 / 5.960540e-01
PCG: 3 : 2.783680e-05 / 5.240952e-01
PCG: 4 : 3.066473e-05 / 5.773378e-01
PCG: 0 : 3.066473e-05
PCG: 1 : 2.621542e-05 / 8.549048e-01
PCG: 2 : 2.707299e-05 / 8.828706e-01
PCG: 3 : 3.127384e-05 / 1.019864e+00
PCG: 4 : 3.583774e-05 / 1.168696e+00
PCG: 0 : 3.583773e-05
PCG: 1 : 2.780171e-05 / 7.757664e-01
PCG: 2 : 2.135764e-05 / 5.959542e-01
PCG: 3 : 1.873342e-05 / 5.227289e-01
PCG: 4 : 2.069066e-05 / 5.773429e-01
PCG: 0 : 2.069066e-05
PCG: 1 : 1.764110e-05 / 8.526118e-01
PCG: 2 : 1.826356e-05 / 8.826962e-01
PCG: 3 : 2.104667e-05 / 1.017207e+00
PCG: 4 : 2.418164e-05 / 1.168723e+00
PCG: 0 : 2.418164e-05
PCG: 1 : 1.870849e-05 / 7.736648e-01
PCG: 2 : 1.440832e-05 / 5.958369e-01
PCG: 3 : 1.260710e-05 / 5.213501e-01
PCG: 4 : 1.396126e-05 / 5.773497e-01
PCG: 0 : 1.396126e-05
PCG: 1 : 1.187118e-05 / 8.502942e-01
PCG: 2 : 1.232072e-05 / 8.824934e-01
PCG: 3 : 1.416395e-05 / 1.014518e+00
PCG: 4 : 1.631718e-05 / 1.168747e+00
PCG: 0 : 1.631719e-05
PCG: 1 : 1.258955e-05 / 7.715514e-01
PCG: 2 : 9.720339e-06 / 5.957117e-01
PCG: 3 : 8.484356e-06 / 5.199644e-01
PCG: 4 : 9.420883e-06 / 5.773595e-01
PCG: 0 : 9.420883e-06
PCG: 1 : 7.988503e-06 / 8.479570e-01
PCG: 2 : 8.311743e-06 / 8.822680e-01
PCG: 3 : 9.532079e-06 / 1.011803e+00
PCG: 4 : 1.101064e-05 / 1.168748e+00
PCG: 0 : 1.101064e-05
PCG: 1 : 8.471840e-06 / 7.694231e-01
PCG: 2 : 6.557620e-06 / 5.955712e-01
PCG: 3 : 5.709831e-06 / 5.185739e-01
PCG: 4 : 6.357321e-06 / 5.773798e-01
PCG: 0 : 6.357319e-06
PCG: 1 : 5.375778e-06 / 8.456045e-01
PCG: 2 : 5.607264e-06 / 8.820171e-01
PCG: 3 : 6.415062e-06 / 1.009083e+00
PCG: 4 : 7.430203e-06 / 1.168764e+00
PCG: 0 : 7.430204e-06
PCG: 1 : 5.701038e-06 / 7.672788e-01
PCG: 2 : 4.424012e-06 / 5.954093e-01
PCG: 3 : 3.842712e-06 / 5.171744e-01
PCG: 4 : 4.290152e-06 / 5.773936e-01
PCG: 0 : 4.290151e-06
PCG: 1 : 3.617608e-06 / 8.432356e-01
PCG: 2 : 3.782770e-06 / 8.817334e-01
PCG: 3 : 4.317335e-06 / 1.006336e+00
PCG: 4 : 5.014161e-06 / 1.168761e+00
PCG: 0 : 5.014161e-06
PCG: 1 : 3.836452e-06 / 7.651235e-01
PCG: 2 : 2.984591e-06 / 5.952325e-01
PCG: 3 : 2.586165e-06 / 5.157722e-01
PCG: 4 : 2.895241e-06 / 5.774129e-01
PCG: 0 : 2.895241e-06
PCG: 1 : 2.434477e-06 / 8.408549e-01
PCG: 2 : 2.551947e-06 / 8.814282e-01
PCG: 3 : 2.905602e-06 / 1.003579e+00
PCG: 4 : 3.383865e-06 / 1.168768e+00
PCG: 0 : 3.383865e-06
PCG: 1 : 2.581727e-06 / 7.629522e-01
PCG: 2 : 2.013509e-06 / 5.950325e-01
PCG: 3 : 1.740537e-06 / 5.143636e-01
PCG: 4 : 1.953922e-06 / 5.774233e-01
PCG: 0 : 1.953922e-06
PCG: 1 : 1.638311e-06 / 8.384729e-01
PCG: 2 : 1.721600e-06 / 8.810994e-01
PCG: 3 : 1.955526e-06 / 1.000821e+00
PCG: 4 : 2.283719e-06 / 1.168787e+00
PCG: 0 : 2.283719e-06
PCG: 1 : 1.737392e-06 / 7.607729e-01
PCG: 2 : 1.358389e-06 / 5.948143e-01
PCG: 3 : 1.171444e-06 / 5.129545e-01
PCG: 4 : 1.318706e-06 / 5.774380e-01
PCG: 0 : 1.318706e-06
PCG: 1 : 1.102542e-06 / 8.360784e-01
PCG: 2 : 1.161428e-06 / 8.807327e-01
PCG: 3 : 1.316142e-06 / 9.980553e-01
PCG: 4 : 1.541289e-06 / 1.168789e+00
PCG: 0 : 1.541290e-06
PCG: 1 : 1.169212e-06 / 7.585936e-01
PCG: 2 : 9.164140e-07 / 5.945761e-01
PCG: 3 : 7.884332e-07 / 5.115413e-01
PCG: 4 : 8.900224e-07 / 5.774531e-01
PCG: 0 : 8.900224e-07
PCG: 1 : 7.419922e-07 / 8.336781e-01
PCG: 2 : 7.835269e-07 / 8.803451e-01
PCG: 3 : 8.858364e-07 / 9.952967e-01
PCG: 4 : 1.040256e-06 / 1.168797e+00
PCG: 0 : 1.040256e-06
PCG: 1 : 7.868555e-07 / 7.564058e-01
PCG: 2 : 6.182362e-07 / 5.943118e-01
PCG: 3 : 5.306601e-07 / 5.101247e-01
PCG: 4 : 6.007110e-07 / 5.774648e-01
PCG: 0 : 6.007110e-07
PCG: 1 : 4.993554e-07 / 8.312740e-01
PCG: 2 : 5.285786e-07 / 8.799217e-01
PCG: 3 : 5.962198e-07 / 9.925236e-01
PCG: 4 : 7.021097e-07 / 1.168798e+00
PCG: 0 : 7.021097e-07
PCG: 1 : 5.295401e-07 / 7.542128e-01
PCG: 2 : 4.170748e-07 / 5.940309e-01
PCG: 3 : 3.571767e-07 / 5.087192e-01
PCG: 4 : 4.054593e-07 / 5.774872e-01
PCG: 0 : 4.054593e-07
PCG: 1 : 3.360734e-07 / 8.288708e-01
PCG: 2 : 3.565847e-07 / 8.794586e-01
PCG: 3 : 4.013053e-07 / 9.897547e-01
PCG: 4 : 4.739012e-07 / 1.168801e+00
PCG: 0 : 4.739011e-07
PCG: 1 : 3.563834e-07 / 7.520205e-01
PCG: 2 : 2.813676e-07 / 5.937265e-01
PCG: 3 : 2.404161e-07 / 5.073128e-01
PCG: 4 : 2.736803e-07 / 5.775051e-01
PCG: 0 : 2.736803e-07
PCG: 1 : 2.261883e-07 / 8.264690e-01
PCG: 2 : 2.405572e-07 / 8.789716e-01
PCG: 3 : 2.701231e-07 / 9.870023e-01
PCG: 4 : 3.198821e-07 / 1.168817e+00
PCG: 0 : 3.198821e-07
PCG: 1 : 2.398547e-07 / 7.498223e-01
PCG: 2 : 1.898137e-07 / 5.933864e-01
PCG: 3 : 1.618298e-07 / 5.059046e-01
PCG: 4 : 1.847360e-07 / 5.775128e-01
PCG: 0 : 1.847360e-07
PCG: 1 : 1.522336e-07 / 8.240603e-01
PCG: 2 : 1.622775e-07 / 8.784290e-01
PCG: 3 : 1.818250e-07 / 9.842423e-01
PCG: 4 : 2.159235e-07 / 1.168822e+00
PCG: 0 : 2.159235e-07
PCG: 1 : 1.614307e-07 / 7.476293e-01
PCG: 2 : 1.280484e-07 / 5.930267e-01
PCG: 3 : 1.089346e-07 / 5.045057e-01
PCG: 4 : 1.247022e-07 / 5.775295e-01
PCG: 0 : 1.247021e-07
PCG: 1 : 1.024630e-07 / 8.216616e-01
PCG: 2 : 1.094713e-07 / 8.778623e-01
PCG: 3 : 1.223949e-07 / 9.814982e-01
PCG: 4 : 1.457552e-07 / 1.168827e+00
PCG: 0 : 1.457552e-07
PCG: 1 : 1.086525e-07 / 7.454449e-01
PCG: 2 : 8.638072e-08 / 5.926423e-01
PCG: 3 : 7.333077e-08 / 5.031090e-01
PCG: 4 : 8.418026e-08 / 5.775455e-01
PCG: 0 : 8.418024e-08
PCG: 1 : 6.896595e-08 / 8.192652e-01
PCG: 2 : 7.384738e-08 / 8.772531e-01
PCG: 3 : 8.239338e-08 / 9.787734e-01
PCG: 4 : 9.839263e-08 / 1.168833e+00
PCG: 0 : 9.839262e-08
PCG: 1 : 7.313108e-08 / 7.432578e-01
PCG: 2 : 5.827036e-08 / 5.922228e-01
PCG: 3 : 4.936491e-08 / 5.017136e-01
PCG: 4 : 5.682709e-08 / 5.775545e-01
PCG: 0 : 5.682709e-08
PCG: 1 : 4.642096e-08 / 8.168807e-01
PCG: 2 : 4.981556e-08 / 8.766163e-01
PCG: 3 : 5.546717e-08 / 9.760691e-01
PCG: 4 : 6.642277e-08 / 1.168857e+00
PCG: 0 : 6.642274e-08
PCG: 1 : 4.922412e-08 / 7.410733e-01
PCG: 2 : 3.930699e-08 / 5.917701e-01
PCG: 3 : 3.323317e-08 / 5.003281e-01
PCG: 4 : 3.836330e-08 / 5.775627e-01
PCG: 0 : 3.836331e-08
PCG: 1 : 3.124700e-08 / 8.145022e-01
PCG: 2 : 3.360326e-08 / 8.759218e-01
PCG: 3 : 3.734221e-08 / 9.733835e-01
PCG: 4 : 4.484231e-08 / 1.168885e+00
PCG: 0 : 4.484232e-08
PCG: 1 : 3.313403e-08 / 7.389008e-01
PCG: 2 : 2.651471e-08 / 5.912876e-01
PCG: 3 : 2.237394e-08 / 4.989471e-01
PCG: 4 : 2.589936e-08 / 5.775651e-01
PCG: 0 : 2.589936e-08
PCG: 1 : 2.103391e-08 / 8.121400e-01
PCG: 2 : 2.266701e-08 / 8.751959e-01
PCG: 3 : 2.514091e-08 / 9.707156e-01
PCG: 4 : 3.027406e-08 / 1.168912e+00
PCG: 0 : 3.027406e-08
PCG: 1 : 2.230378e-08 / 7.367293e-01
PCG: 2 : 1.788503e-08 / 5.907708e-01
PCG: 3 : 1.506369e-08 / 4.975777e-01
PCG: 4 : 1.748536e-08 / 5.775691e-01
PCG: 0 : 1.748536e-08
PCG: 1 : 1.415934e-08 / 8.097827e-01
PCG: 2 : 1.528942e-08 / 8.744126e-01
PCG: 3 : 1.692695e-08 / 9.680637e-01
PCG: 4 : 2.043935e-08 / 1.168941e+00
PCG: 0 : 2.043935e-08
PCG: 1 : 1.501425e-08 / 7.345757e-01
PCG: 2 : 1.206380e-08 / 5.902240e-01
PCG: 3 : 1.014244e-08 / 4.962214e-01
PCG: 4 : 1.180528e-08 / 5.775761e-01
PCG: 0 : 1.180528e-08
PCG: 1 : 9.532098e-09 / 8.074434e-01
PCG: 2 : 1.031290e-08 / 8.735831e-01
PCG: 3 : 1.139729e-08 / 9.654397e-01
PCG: 4 : 1.380000e-08 / 1.168968e+00
PCG: 0 : 1.380000e-08
PCG: 1 : 1.010755e-08 / 7.324315e-01
PCG: 2 : 8.137012e-09 / 5.896387e-01
PCG: 3 : 6.829247e-09 / 4.948731e-01
PCG: 4 : 7.970589e-09 / 5.775790e-01
PCG: 0 : 7.970589e-09
PCG: 1 : 6.417221e-09 / 8.051126e-01
PCG: 2 : 6.955958e-09 / 8.727032e-01
PCG: 3 : 7.674406e-09 / 9.628406e-01
PCG: 4 : 9.317618e-09 / 1.169000e+00
PCG: 0 : 9.317618e-09
PCG: 1 : 6.804661e-09 / 7.303005e-01
PCG: 2 : 5.488250e-09 / 5.890186e-01
PCG: 3 : 4.598579e-09 / 4.935359e-01
PCG: 4 : 5.381678e-09 / 5.775809e-01
PCG: 0 : 5.381678e-09
PCG: 1 : 4.320411e-09 / 8.027999e-01
PCG: 2 : 4.691584e-09 / 8.717697e-01
PCG: 3 : 5.167855e-09 / 9.602683e-01
PCG: 4 : 6.291347e-09 / 1.169031e+00
PCG: 0 : 6.291346e-09
PCG: 1 : 4.581262e-09 / 7.281846e-01
PCG: 2 : 3.701582e-09 / 5.883610e-01
PCG: 3 : 3.096690e-09 / 4.922142e-01
PCG: 4 : 3.633781e-09 / 5.775840e-01
PCG: 0 : 3.633780e-09
PCG: 1 : 2.908882e-09 / 8.005113e-01
PCG: 2 : 3.164241e-09 / 8.707849e-01
PCG: 3 : 3.480185e-09 / 9.577314e-01
PCG: 4 : 4.248137e-09 / 1.169068e+00

PCG ( VCycle ( S: Scale / C: Scale )  )

Complete solver TOE: 0.056708
3.23483 GFlop/s [3.23483 GFlops/s]

Total time: 0.056708s
Accumulated op time: 0.052264

Reductions: 11.859%
Blas-1: 3.13889%
Blas-2: 77.1655%
Precon Kernels: 0%
MPI Execution: 0%
MPI Wait: 0%
Not covered: 7.83664%

Domain size: 0.723785 MByte
LA size: 1.61487 MByte
MPI size: 0.0405731 MByte

H0-Error: 1.098328e-04
H1-Error: 3.227246e-02

Writing DATA to output.data...
Run-Time: 0:00.067 [0:00.067]
0x31d198e880 Error: MemoryPool<CPU> still contains memory chunks on deconstructor call
