NUM-PROCS: 1
Preparing domain...
LVL-MIN: 5 [5]
LVL-MAX: 7 [7]
Creating gates...
Assembling system matrices...
Assembling system filters...
Assembling transfer matrices...
Converting assembled linear system from SparseMatrixCSR, Mem:main to SparseMatrixCSR, Mem:mainand to SparseMatrixCSR, Mem:main...
PCG: 0 : 7.572480e-02
PCG: 1 : 2.892986e-01 / 3.820395e+00
PCG: 2 : 2.174550e-01 / 2.871649e+00
PCG: 3 : 3.691241e-01 / 4.874547e+00
PCG: 4 : 3.153086e-01 / 4.163875e+00
PCG: 5 : 1.886792e-01 / 2.491643e+00
PCG: 6 : 2.114754e-01 / 2.792684e+00
PCG: 0 : 2.102943e-01
PCG: 1 : 1.525372e-01 / 7.253510e-01
PCG: 2 : 9.717418e-02 / 4.620867e-01
PCG: 3 : 6.176467e-02 / 2.937059e-01
PCG: 4 : 4.236456e-02 / 2.014537e-01
PCG: 5 : 5.685316e-02 / 2.703505e-01
PCG: 6 : 6.550529e-02 / 3.114935e-01
PCG: 0 : 6.550530e-02
PCG: 1 : 2.572814e-02 / 3.927643e-01
PCG: 2 : 1.650061e-02 / 2.518973e-01
PCG: 3 : 2.009352e-02 / 3.067465e-01
PCG: 4 : 1.878608e-02 / 2.867872e-01
PCG: 5 : 1.483371e-02 / 2.264505e-01
PCG: 6 : 2.471687e-02 / 3.773264e-01
PCG: 0 : 2.471687e-02
PCG: 1 : 1.223281e-02 / 4.949174e-01
PCG: 2 : 1.364955e-02 / 5.522363e-01
PCG: 3 : 1.325834e-02 / 5.364082e-01
PCG: 4 : 9.696496e-03 / 3.923027e-01
PCG: 5 : 1.230304e-02 / 4.977585e-01
PCG: 6 : 2.443448e-02 / 9.885749e-01
PCG: 0 : 2.443448e-02
PCG: 1 : 1.021438e-02 / 4.180315e-01
PCG: 2 : 6.914320e-03 / 2.829738e-01
PCG: 3 : 8.147693e-03 / 3.334506e-01
PCG: 4 : 7.363779e-03 / 3.013683e-01
PCG: 5 : 5.808647e-03 / 2.377233e-01
PCG: 6 : 9.882646e-03 / 4.044549e-01
PCG: 0 : 9.882644e-03
PCG: 1 : 5.071270e-03 / 5.131491e-01
PCG: 2 : 5.733635e-03 / 5.801722e-01
PCG: 3 : 5.565080e-03 / 5.631165e-01
PCG: 4 : 4.028007e-03 / 4.075840e-01
PCG: 5 : 5.147036e-03 / 5.208157e-01
PCG: 6 : 1.003892e-02 / 1.015813e+00
PCG: 0 : 1.003892e-02
PCG: 1 : 4.280178e-03 / 4.263586e-01
PCG: 2 : 2.881307e-03 / 2.870137e-01
PCG: 3 : 3.361966e-03 / 3.348933e-01
PCG: 4 : 3.040154e-03 / 3.028369e-01
PCG: 5 : 2.434284e-03 / 2.424847e-01
PCG: 6 : 4.042704e-03 / 4.027032e-01
PCG: 0 : 4.042704e-03
PCG: 1 : 2.124813e-03 / 5.255920e-01
PCG: 2 : 2.388449e-03 / 5.908048e-01
PCG: 3 : 2.301587e-03 / 5.693186e-01
PCG: 4 : 1.679276e-03 / 4.153843e-01
PCG: 5 : 2.163314e-03 / 5.351156e-01
PCG: 6 : 4.116250e-03 / 1.018192e+00
PCG: 0 : 4.116251e-03
PCG: 1 : 1.793967e-03 / 4.358255e-01
PCG: 2 : 1.206282e-03 / 2.930536e-01
PCG: 3 : 1.389414e-03 / 3.375436e-01
PCG: 4 : 1.262910e-03 / 3.068107e-01
PCG: 5 : 1.026221e-03 / 2.493096e-01
PCG: 6 : 1.650047e-03 / 4.008616e-01
PCG: 0 : 1.650047e-03
PCG: 1 : 8.934893e-04 / 5.414932e-01
PCG: 2 : 1.000869e-03 / 6.065698e-01
PCG: 3 : 9.482310e-04 / 5.746691e-01
PCG: 4 : 7.011668e-04 / 4.249375e-01
PCG: 5 : 9.151349e-04 / 5.546114e-01
PCG: 6 : 1.676679e-03 / 1.016140e+00
PCG: 0 : 1.676678e-03
PCG: 1 : 7.563639e-04 / 4.511085e-01
PCG: 2 : 5.092365e-04 / 3.037175e-01
PCG: 3 : 5.703303e-04 / 3.401549e-01
PCG: 4 : 5.267359e-04 / 3.141544e-01
PCG: 5 : 4.380686e-04 / 2.612717e-01
PCG: 6 : 6.663464e-04 / 3.974206e-01
PCG: 0 : 6.663463e-04
PCG: 1 : 3.793041e-04 / 5.692297e-01
PCG: 2 : 4.241303e-04 / 6.365013e-01
PCG: 3 : 3.869476e-04 / 5.807003e-01
PCG: 4 : 2.948474e-04 / 4.424836e-01
PCG: 5 : 3.916708e-04 / 5.877886e-01
PCG: 6 : 6.738910e-04 / 1.011322e+00
PCG: 0 : 6.738910e-04
PCG: 1 : 3.227463e-04 / 4.789294e-01
PCG: 2 : 2.180476e-04 / 3.235651e-01
PCG: 3 : 2.314462e-04 / 3.434475e-01
PCG: 4 : 2.221532e-04 / 3.296575e-01
PCG: 5 : 1.901083e-04 / 2.821054e-01
PCG: 6 : 2.650764e-04 / 3.933520e-01
PCG: 0 : 2.650763e-04
PCG: 1 : 1.637304e-04 / 6.176724e-01
PCG: 2 : 1.820988e-04 / 6.869673e-01
PCG: 3 : 1.561720e-04 / 5.891584e-01
PCG: 4 : 1.261475e-04 / 4.758910e-01
PCG: 5 : 1.691693e-04 / 6.381907e-01
PCG: 6 : 2.679430e-04 / 1.010814e+00
PCG: 0 : 2.679430e-04
PCG: 1 : 1.399399e-04 / 5.222749e-01
PCG: 2 : 9.430268e-05 / 3.519506e-01
PCG: 3 : 9.339263e-05 / 3.485542e-01
PCG: 4 : 9.558767e-05 / 3.567463e-01
PCG: 5 : 8.289562e-05 / 3.093778e-01
PCG: 6 : 1.052517e-04 / 3.928137e-01
PCG: 0 : 1.052517e-04
PCG: 1 : 7.182349e-05 / 6.823977e-01
PCG: 2 : 7.836763e-05 / 7.445739e-01
PCG: 3 : 6.329557e-05 / 6.013737e-01
PCG: 4 : 5.504002e-05 / 5.229374e-01
PCG: 5 : 7.288087e-05 / 6.924440e-01
PCG: 6 : 1.074359e-04 / 1.020752e+00
PCG: 0 : 1.074359e-04
PCG: 1 : 6.125485e-05 / 5.701527e-01
PCG: 2 : 4.063596e-05 / 3.782346e-01
PCG: 3 : 3.835247e-05 / 3.569801e-01
PCG: 4 : 4.157329e-05 / 3.869591e-01
PCG: 5 : 3.581120e-05 / 3.333263e-01
PCG: 6 : 4.275237e-05 / 3.979338e-01
PCG: 0 : 4.275237e-05
PCG: 1 : 3.163015e-05 / 7.398455e-01
PCG: 2 : 3.338178e-05 / 7.808171e-01
PCG: 3 : 2.637728e-05 / 6.169783e-01
PCG: 4 : 2.405519e-05 / 5.626634e-01
PCG: 5 : 3.142150e-05 / 7.349651e-01
PCG: 6 : 4.384699e-05 / 1.025604e+00
PCG: 0 : 4.384699e-05
PCG: 1 : 2.685681e-05 / 6.125119e-01
PCG: 2 : 1.743686e-05 / 3.976752e-01
PCG: 3 : 1.627800e-05 / 3.712455e-01
PCG: 4 : 1.783943e-05 / 4.068563e-01
PCG: 5 : 1.549208e-05 / 3.533214e-01
PCG: 6 : 1.784107e-05 / 4.068939e-01
PCG: 0 : 1.784107e-05
PCG: 1 : 1.393563e-05 / 7.810979e-01
PCG: 2 : 1.405781e-05 / 7.879467e-01
PCG: 3 : 1.130478e-05 / 6.336377e-01
PCG: 4 : 1.047927e-05 / 5.873675e-01
PCG: 5 : 1.373952e-05 / 7.701062e-01
PCG: 6 : 1.791324e-05 / 1.004045e+00
PCG: 0 : 1.791324e-05
PCG: 1 : 1.183580e-05 / 6.607294e-01
PCG: 2 : 7.552212e-06 / 4.215994e-01
PCG: 3 : 7.051060e-06 / 3.936228e-01
PCG: 4 : 7.529587e-06 / 4.203364e-01
PCG: 5 : 6.782574e-06 / 3.786347e-01
PCG: 6 : 7.576595e-06 / 4.229606e-01
PCG: 0 : 7.576598e-06
PCG: 1 : 6.164226e-06 / 8.135875e-01
PCG: 2 : 5.881945e-06 / 7.763306e-01
PCG: 3 : 4.898894e-06 / 6.465822e-01
PCG: 4 : 4.594277e-06 / 6.063772e-01
PCG: 5 : 6.065727e-06 / 8.005871e-01
PCG: 6 : 7.302585e-06 / 9.638343e-01
PCG: 0 : 7.302585e-06
PCG: 1 : 5.230657e-06 / 7.162747e-01
PCG: 2 : 3.305027e-06 / 4.525832e-01
PCG: 3 : 3.054090e-06 / 4.182205e-01
PCG: 4 : 3.160092e-06 / 4.327360e-01
PCG: 5 : 2.991528e-06 / 4.096533e-01
PCG: 6 : 3.242970e-06 / 4.440853e-01
PCG: 0 : 3.242971e-06
PCG: 1 : 2.714948e-06 / 8.371792e-01
PCG: 2 : 2.473867e-06 / 7.628397e-01
PCG: 3 : 2.125928e-06 / 6.555495e-01
PCG: 4 : 1.999899e-06 / 6.166874e-01
PCG: 5 : 2.666166e-06 / 8.221368e-01
PCG: 6 : 3.044158e-06 / 9.386942e-01

PCG ( VCycle ( S: Scale / C: Scale )  )

Complete solver TOE: 0.470779
0.716939 GFlop/s [0.716939 GFlops/s]

Total time: 0.470779s
Accumulated op time: 0.441374

Reductions: 2.19742%
Blas-1: 5.88514%
Blas-2: 85.6714%
Precon Kernels: 0%
MPI Execution: 0%
MPI Wait: 0%
Not covered: 6.24603%

Domain size: 1.67157 MByte
LA size: 5.40018 MByte
MPI size: 0.167526 MByte

H0-Error: 2.892987e-05
H1-Error: 1.613732e-02

Writing DATA to output.data...
Run-Time: 0:00.621 [0:00.621]
0xb32e39f8 Error: MemoryPool<CPU> still contains memory chunks on deconstructor call
