NUM-PROCS: 1
Preparing domain...
LVL-MIN: 1 [1]
LVL-MAX: 6 [6]
Creating gates...
Assembling system matrices...
Assembling system filters...
Assembling transfer matrices...
Converting assembled linear system from SparseMatrixCSR, Mem:main to SparseMatrixCSR, Mem:mainand to SparseMatrixCSR, Mem:main...
PCG: 0 : 1.512628e-01
PCG: 1 : 4.492684e-02 / 2.970118e-01
PCG: 2 : 1.275256e-02 / 8.430731e-02
PCG: 3 : 1.881539e-03 / 1.243887e-02
PCG: 0 : 1.265353e-02
PCG: 1 : 1.245908e-03 / 9.846330e-02
PCG: 2 : 2.134875e-04 / 1.687178e-02
PCG: 3 : 2.759818e-05 / 2.181066e-03
PCG: 0 : 2.760009e-05
PCG: 1 : 4.329814e-06 / 1.568768e-01
PCG: 2 : 2.902468e-07 / 1.051616e-02
PCG: 3 : 4.189292e-08 / 1.517855e-03
PCG: 0 : 4.189345e-08
PCG: 1 : 6.992296e-09 / 1.669067e-01
PCG: 2 : 7.244172e-10 / 1.729190e-02
PCG: 3 : 1.141867e-10 / 2.725647e-03
PCG: 0 : 1.141855e-10
PCG: 1 : 1.660519e-11 / 1.454230e-01
PCG: 2 : 1.140188e-12 / 9.985403e-03
PCG: 3 : 2.187499e-13 / 1.915742e-03

PCG ( VCycle ( S: Scale / C: Scale )  )

Complete solver TOE: 0.003041
3.22342 GFlop/s [3.22342 GFlops/s]

Total time: 0.003041s
Accumulated op time: 0.002756

Reductions: 9.70076%
Blas-1: 3.41993%
Blas-2: 77.5074%
Precon Kernels: 0%
MPI Execution: 0%
MPI Wait: 0%
Not covered: 9.37192%

Domain size: 0.777191 MByte
LA size: 1.95743 MByte
MPI size: 0.0437164 MByte

H0-Error: 1.098307e-04
H1-Error: 3.227246e-02

Writing DATA to output.data...
Run-Time: 0:00.014 [0:00.014]
0x31d198e880 Error: MemoryPool<CPU> still contains memory chunks on deconstructor call
