NUM-PROCS: 1
Preparing domain...
LVL-MIN: 1 [1]
LVL-MAX: 11 [11]
Creating gates...
Assembling system matrices...
Assembling system filters...
Assembling transfer matrices...
Converting assembled linear system from SparseMatrixCSR, Mem:main to SparseMatrixELL, Mem:cudaand to SparseMatrixELL, Mem:cuda...
PCG: 0 : 4.737108e-03
PCG: 1 : 1.911304e-03 / 4.034749e-01
PCG: 2 : 7.853808e-04 / 1.657933e-01
PCG: 3 : 2.932708e-04 / 6.190925e-02
PCG: 4 : 8.757182e-05 / 1.848635e-02
PCG: 5 : 1.430845e-05 / 3.020502e-03
PCG: 0 : 1.802113e-04
PCG: 1 : 5.171923e-05 / 2.869921e-01
PCG: 2 : 6.216394e-06 / 3.449502e-02
PCG: 3 : 1.374934e-06 / 7.629562e-03
PCG: 4 : 2.144939e-07 / 1.190235e-03
PCG: 5 : 2.255458e-08 / 1.251563e-04
PCG: 0 : 3.170705e-07
PCG: 1 : 9.430845e-08 / 2.974369e-01
PCG: 2 : 1.295314e-08 / 4.085255e-02
PCG: 3 : 2.844377e-09 / 8.970805e-03
PCG: 4 : 6.459520e-10 / 2.037250e-03
PCG: 5 : 9.490819e-11 / 2.993284e-04
PCG: 0 : 1.142210e-09
PCG: 1 : 3.563124e-10 / 3.119499e-01
PCG: 2 : 4.999876e-11 / 4.377368e-02
PCG: 3 : 9.648308e-12 / 8.447049e-03
PCG: 4 : 1.481833e-12 / 1.297338e-03
PCG: 5 : 1.671895e-13 / 1.463737e-04

PCG ( VCycle ( S: Scale / C: Scale )  )

Complete solver TOE: 0.817636
15.4407 GFlop/s [15.4407 GFlops/s]

Total time: 0.817636s
Accumulated op time: 0.338221

Reductions: 40.9024%
Blas-1: 0.226017%
Blas-2: 0.237269%
Precon Kernels: 0%
MPI Execution: 0%
MPI Wait: 0%
Not covered: 58.6343%

Domain size: 768.875 MByte
LA size: 1932.17 MByte
MPI size: 42.7294 MByte

H0-Error: 1.073090e-07
H1-Error: 1.008605e-03

Writing DATA to output.data...
Run-Time: 0:11.659 [0:11.659]
0x31d198e880 Error: MemoryPool<CUDA> still contains memory chunks on deconstructor call
