NUM-PROCS: 1
Preparing domain...
LVL-MIN: 6 [6]
LVL-MAX: 9 [9]
Creating gates...
Assembling system matrices...
Assembling system filters...
Assembling transfer matrices...
Converting assembled linear system from SparseMatrixCSR, Mem:main to SparseMatrixCSR, Mem:mainand to SparseMatrixCSR, Mem:main...
PCG: 0 : 1.894513e-02
PCG: 1 : 1.596215e-01 / 8.425464e+00
PCG: 2 : 1.434441e-01 / 7.571554e+00
PCG: 3 : 2.808625e-01 / 1.482505e+01
PCG: 0 : 2.807692e-01
PCG: 1 : 1.991592e-01 / 7.093341e-01
PCG: 2 : 1.355553e-01 / 4.827999e-01
PCG: 3 : 1.605951e-01 / 5.719824e-01
PCG: 0 : 1.605950e-01
PCG: 1 : 1.024165e-01 / 6.377311e-01
PCG: 2 : 1.094080e-01 / 6.812666e-01
PCG: 3 : 9.512054e-02 / 5.923006e-01
PCG: 0 : 9.512053e-02
PCG: 1 : 7.490609e-02 / 7.874860e-01
PCG: 2 : 7.764616e-02 / 8.162923e-01
PCG: 3 : 1.252533e-01 / 1.316786e+00
PCG: 0 : 1.252534e-01
PCG: 1 : 7.116910e-02 / 5.682011e-01
PCG: 2 : 6.715706e-02 / 5.361697e-01
PCG: 3 : 6.839036e-02 / 5.460162e-01
PCG: 0 : 6.839036e-02
PCG: 1 : 5.479208e-02 / 8.011668e-01
PCG: 2 : 6.016506e-02 / 8.797302e-01
PCG: 3 : 1.044126e-01 / 1.526715e+00
PCG: 0 : 1.044126e-01
PCG: 1 : 5.882239e-02 / 5.633649e-01
PCG: 2 : 5.400066e-02 / 5.171853e-01
PCG: 3 : 5.630868e-02 / 5.392901e-01
PCG: 0 : 5.630868e-02
PCG: 1 : 4.538397e-02 / 8.059855e-01
PCG: 2 : 5.085095e-02 / 9.030749e-01
PCG: 3 : 8.985214e-02 / 1.595707e+00
PCG: 0 : 8.985212e-02
PCG: 1 : 5.099005e-02 / 5.674886e-01
PCG: 2 : 4.642675e-02 / 5.167018e-01
PCG: 3 : 4.878409e-02 / 5.429376e-01
PCG: 0 : 4.878409e-02
PCG: 1 : 3.951852e-02 / 8.100699e-01
PCG: 2 : 4.467012e-02 / 9.156697e-01
PCG: 3 : 7.918135e-02 / 1.623098e+00
PCG: 0 : 7.918135e-02
PCG: 1 : 4.536836e-02 / 5.729678e-01
PCG: 2 : 4.135180e-02 / 5.222417e-01
PCG: 3 : 4.387851e-02 / 5.541521e-01
PCG: 0 : 4.387851e-02
PCG: 1 : 3.559434e-02 / 8.112021e-01
PCG: 2 : 4.015971e-02 / 9.152477e-01
PCG: 3 : 7.099745e-02 / 1.618046e+00
PCG: 0 : 7.099745e-02
PCG: 1 : 4.104462e-02 / 5.781139e-01
PCG: 2 : 3.769762e-02 / 5.309714e-01
PCG: 3 : 4.059738e-02 / 5.718147e-01
PCG: 0 : 4.059737e-02
PCG: 1 : 3.286145e-02 / 8.094478e-01
PCG: 2 : 3.664697e-02 / 9.026933e-01
PCG: 3 : 6.442917e-02 / 1.587028e+00
PCG: 0 : 6.442917e-02
PCG: 1 : 3.753020e-02 / 5.825032e-01
PCG: 2 : 3.492991e-02 / 5.421443e-01
PCG: 3 : 3.834224e-02 / 5.951069e-01
PCG: 0 : 3.834224e-02
PCG: 1 : 3.088710e-02 / 8.055630e-01
PCG: 2 : 3.375452e-02 / 8.803480e-01
PCG: 3 : 5.892099e-02 / 1.536712e+00
PCG: 0 : 5.892099e-02
PCG: 1 : 3.453315e-02 / 5.860925e-01
PCG: 2 : 3.273355e-02 / 5.555499e-01
PCG: 3 : 3.672391e-02 / 6.232738e-01
PCG: 0 : 3.672391e-02
PCG: 1 : 2.939641e-02 / 8.004707e-01
PCG: 2 : 3.126216e-02 / 8.512755e-01
PCG: 3 : 5.413671e-02 / 1.474154e+00
PCG: 0 : 5.413672e-02
PCG: 1 : 3.188531e-02 / 5.889776e-01
PCG: 2 : 3.090598e-02 / 5.708876e-01
PCG: 3 : 3.546757e-02 / 6.551482e-01
PCG: 0 : 3.546757e-02
PCG: 1 : 2.819941e-02 / 7.950760e-01
PCG: 2 : 2.904806e-02 / 8.190034e-01
PCG: 3 : 4.989713e-02 / 1.406838e+00
PCG: 0 : 4.989714e-02
PCG: 1 : 2.949972e-02 / 5.912105e-01
PCG: 2 : 2.931551e-02 / 5.875188e-01
PCG: 3 : 3.436985e-02 / 6.888140e-01
PCG: 0 : 3.436985e-02
PCG: 1 : 2.715371e-02 / 7.900444e-01
PCG: 2 : 2.704365e-02 / 7.868424e-01
PCG: 3 : 4.610498e-02 / 1.341437e+00
PCG: 0 : 4.610498e-02
PCG: 1 : 2.733713e-02 / 5.929323e-01
PCG: 2 : 2.787551e-02 / 6.046095e-01
PCG: 3 : 3.330449e-02 / 7.223620e-01
PCG: 0 : 3.330449e-02
PCG: 1 : 2.616519e-02 / 7.856357e-01
PCG: 2 : 2.521843e-02 / 7.572080e-01
PCG: 3 : 4.271172e-02 / 1.282461e+00
PCG: 0 : 4.271173e-02
PCG: 1 : 2.537856e-02 / 5.941825e-01
PCG: 2 : 2.652672e-02 / 6.210641e-01
PCG: 3 : 3.219656e-02 / 7.538107e-01
PCG: 0 : 3.219655e-02
PCG: 1 : 2.517642e-02 / 7.819601e-01
PCG: 2 : 2.355656e-02 / 7.316484e-01
PCG: 3 : 3.968248e-02 / 1.232507e+00
PCG: 0 : 3.968247e-02
PCG: 1 : 2.361321e-02 / 5.950538e-01
PCG: 2 : 2.523682e-02 / 6.359689e-01
PCG: 3 : 3.101331e-02 / 7.815368e-01
PCG: 0 : 3.101331e-02
PCG: 1 : 2.416328e-02 / 7.791262e-01
PCG: 2 : 2.204377e-02 / 7.107843e-01
PCG: 3 : 3.697496e-02 / 1.192229e+00
PCG: 0 : 3.697496e-02
PCG: 1 : 2.202505e-02 / 5.956749e-01
PCG: 2 : 2.399095e-02 / 6.488431e-01
PCG: 3 : 2.976185e-02 / 8.049190e-01
PCG: 0 : 2.976185e-02
PCG: 1 : 2.312490e-02 / 7.769982e-01
PCG: 2 : 2.066663e-02 / 6.944001e-01
PCG: 3 : 3.454755e-02 / 1.160800e+00
PCG: 0 : 3.454755e-02
PCG: 1 : 2.059349e-02 / 5.960914e-01
PCG: 2 : 2.278406e-02 / 6.594986e-01
PCG: 3 : 2.846199e-02 / 8.238499e-01
PCG: 0 : 2.846199e-02
PCG: 1 : 2.207218e-02 / 7.754967e-01
PCG: 2 : 1.940929e-02 / 6.819371e-01
PCG: 3 : 3.235579e-02 / 1.136807e+00
PCG: 0 : 3.235578e-02
PCG: 1 : 1.929899e-02 / 5.964618e-01
PCG: 2 : 2.161684e-02 / 6.680983e-01
PCG: 3 : 2.713945e-02 / 8.387821e-01
PCG: 0 : 2.713945e-02
PCG: 1 : 2.102002e-02 / 7.745189e-01
PCG: 2 : 1.825806e-02 / 6.727501e-01
PCG: 3 : 3.036326e-02 / 1.118787e+00
PCG: 0 : 3.036326e-02
PCG: 1 : 1.812193e-02 / 5.968373e-01
PCG: 2 : 2.049186e-02 / 6.748898e-01
PCG: 3 : 2.581536e-02 / 8.502170e-01
PCG: 0 : 2.581536e-02
PCG: 1 : 1.998154e-02 / 7.740176e-01
PCG: 2 : 1.719780e-02 / 6.661850e-01
PCG: 3 : 2.853922e-02 / 1.105513e+00
PCG: 0 : 2.853923e-02
PCG: 1 : 1.704355e-02 / 5.971974e-01
PCG: 2 : 1.941219e-02 / 6.801932e-01
PCG: 3 : 2.450826e-02 / 8.587569e-01
PCG: 0 : 2.450825e-02
PCG: 1 : 1.896717e-02 / 7.739094e-01
PCG: 2 : 1.621582e-02 / 6.616475e-01
PCG: 3 : 2.685665e-02 / 1.095821e+00
PCG: 0 : 2.685665e-02
PCG: 1 : 1.604919e-02 / 5.975871e-01
PCG: 2 : 1.837769e-02 / 6.842882e-01
PCG: 3 : 2.323253e-02 / 8.650566e-01
PCG: 0 : 2.323253e-02
PCG: 1 : 1.798310e-02 / 7.740485e-01
PCG: 2 : 1.530194e-02 / 6.586429e-01
PCG: 3 : 2.529487e-02 / 1.088770e+00
PCG: 0 : 2.529487e-02
PCG: 1 : 1.512771e-02 / 5.980546e-01
PCG: 2 : 1.739059e-02 / 6.875145e-01
PCG: 3 : 2.199864e-02 / 8.696877e-01
PCG: 0 : 2.199864e-02
PCG: 1 : 1.703644e-02 / 7.744315e-01
PCG: 2 : 1.444764e-02 / 6.567516e-01
PCG: 3 : 2.384091e-02 / 1.083745e+00
PCG: 0 : 2.384091e-02
PCG: 1 : 1.426885e-02 / 5.985026e-01
PCG: 2 : 1.645051e-02 / 6.900118e-01
PCG: 3 : 2.081231e-02 / 8.729663e-01
PCG: 0 : 2.081231e-02
PCG: 1 : 1.612857e-02 / 7.749532e-01
PCG: 2 : 1.364645e-02 / 6.556913e-01
PCG: 3 : 2.248070e-02 / 1.080163e+00
PCG: 0 : 2.248070e-02
PCG: 1 : 1.346523e-02 / 5.989683e-01
PCG: 2 : 1.555581e-02 / 6.919631e-01
PCG: 3 : 1.967671e-02 / 8.752715e-01
PCG: 0 : 1.967672e-02
PCG: 1 : 1.526052e-02 / 7.755623e-01
PCG: 2 : 1.289311e-02 / 6.552469e-01
PCG: 3 : 2.120523e-02 / 1.077681e+00
PCG: 0 : 2.120522e-02
PCG: 1 : 1.271138e-02 / 5.994458e-01
PCG: 2 : 1.470529e-02 / 6.934751e-01
PCG: 3 : 1.859412e-02 / 8.768651e-01
PCG: 0 : 1.859412e-02
PCG: 1 : 1.443311e-02 / 7.762189e-01
PCG: 2 : 1.218345e-02 / 6.552312e-01
PCG: 3 : 2.000701e-02 / 1.075986e+00
PCG: 0 : 2.000701e-02
PCG: 1 : 1.200292e-02 / 5.999358e-01
PCG: 2 : 1.389836e-02 / 6.946747e-01
PCG: 3 : 1.756426e-02 / 8.779054e-01
PCG: 0 : 1.756426e-02
PCG: 1 : 1.364613e-02 / 7.769262e-01
PCG: 2 : 1.151382e-02 / 6.555253e-01
PCG: 3 : 1.888024e-02 / 1.074924e+00
PCG: 0 : 1.888025e-02
PCG: 1 : 1.133547e-02 / 6.003878e-01
PCG: 2 : 1.313346e-02 / 6.956189e-01
PCG: 3 : 1.658627e-02 / 8.784988e-01
PCG: 0 : 1.658628e-02
PCG: 1 : 1.289824e-02 / 7.776452e-01
PCG: 2 : 1.088069e-02 / 6.560057e-01
PCG: 3 : 1.781876e-02 / 1.074307e+00
PCG: 0 : 1.781876e-02
PCG: 1 : 1.070577e-02 / 6.008143e-01
PCG: 2 : 1.240847e-02 / 6.963708e-01
PCG: 3 : 1.566029e-02 / 8.788654e-01
PCG: 0 : 1.566029e-02
PCG: 1 : 1.218837e-02 / 7.782978e-01
PCG: 2 : 1.028201e-02 / 6.565655e-01
PCG: 3 : 1.681775e-02 / 1.073911e+00
PCG: 0 : 1.681775e-02
PCG: 1 : 1.011122e-02 / 6.012232e-01
PCG: 2 : 1.172177e-02 / 6.969877e-01
PCG: 3 : 1.478387e-02 / 8.790631e-01
PCG: 0 : 1.478387e-02
PCG: 1 : 1.151575e-02 / 7.789406e-01
PCG: 2 : 9.715719e-03 / 6.571839e-01
PCG: 3 : 1.587394e-02 / 1.073734e+00
PCG: 0 : 1.587393e-02
PCG: 1 : 9.549680e-03 / 6.015952e-01
PCG: 2 : 1.107173e-02 / 6.974788e-01
PCG: 3 : 1.395477e-02 / 8.790999e-01
PCG: 0 : 1.395477e-02
PCG: 1 : 1.087823e-02 / 7.795351e-01
PCG: 2 : 9.180053e-03 / 6.578435e-01
PCG: 3 : 1.498401e-02 / 1.073756e+00
PCG: 0 : 1.498401e-02
PCG: 1 : 9.019343e-03 / 6.019310e-01
PCG: 2 : 1.045663e-02 / 6.978522e-01
PCG: 3 : 1.317055e-02 / 8.789734e-01
PCG: 0 : 1.317055e-02
PCG: 1 : 1.027474e-02 / 7.801300e-01
PCG: 2 : 8.673224e-03 / 6.585317e-01
PCG: 3 : 1.414394e-02 / 1.073907e+00
PCG: 0 : 1.414394e-02
PCG: 1 : 8.517887e-03 / 6.022286e-01
PCG: 2 : 9.874588e-03 / 6.981496e-01
PCG: 3 : 1.242986e-02 / 8.788114e-01
PCG: 0 : 1.242986e-02
PCG: 1 : 9.703388e-03 / 7.806516e-01
PCG: 2 : 8.193458e-03 / 6.591756e-01
PCG: 3 : 1.335094e-02 / 1.074102e+00
PCG: 0 : 1.335093e-02
PCG: 1 : 8.043861e-03 / 6.024942e-01
PCG: 2 : 9.323863e-03 / 6.983679e-01
PCG: 3 : 1.173069e-02 / 8.786419e-01
PCG: 0 : 1.173069e-02
PCG: 1 : 9.162574e-03 / 7.810772e-01
PCG: 2 : 7.739621e-03 / 6.597755e-01
PCG: 3 : 1.260224e-02 / 1.074297e+00
PCG: 0 : 1.260224e-02
PCG: 1 : 7.595767e-03 / 6.027313e-01
PCG: 2 : 8.802955e-03 / 6.985228e-01
PCG: 3 : 1.106990e-02 / 8.784071e-01
PCG: 0 : 1.106990e-02
PCG: 1 : 8.651158e-03 / 7.815028e-01
PCG: 2 : 7.310165e-03 / 6.603642e-01
PCG: 3 : 1.189594e-02 / 1.074620e+00
PCG: 0 : 1.189594e-02
PCG: 1 : 7.172469e-03 / 6.029341e-01
PCG: 2 : 8.310990e-03 / 6.986408e-01
PCG: 3 : 1.044640e-02 / 8.781483e-01
PCG: 0 : 1.044640e-02
PCG: 1 : 8.167736e-03 / 7.818707e-01
PCG: 2 : 6.903866e-03 / 6.608846e-01
PCG: 3 : 1.122889e-02 / 1.074905e+00
PCG: 0 : 1.122889e-02
PCG: 1 : 6.772141e-03 / 6.030997e-01
PCG: 2 : 7.845791e-03 / 6.987147e-01
PCG: 3 : 9.857873e-03 / 8.779027e-01
PCG: 0 : 9.857874e-03
PCG: 1 : 7.710857e-03 / 7.822028e-01
PCG: 2 : 6.519881e-03 / 6.613881e-01
PCG: 3 : 1.059938e-02 / 1.075220e+00
PCG: 0 : 1.059938e-02
PCG: 1 : 6.393923e-03 / 6.032354e-01
PCG: 2 : 7.406180e-03 / 6.987370e-01
PCG: 3 : 9.302014e-03 / 8.775996e-01
PCG: 0 : 9.302012e-03
PCG: 1 : 7.278822e-03 / 7.824997e-01
PCG: 2 : 6.156647e-03 / 6.618619e-01
PCG: 3 : 1.000482e-02 / 1.075555e+00
PCG: 0 : 1.000482e-02
PCG: 1 : 6.036448e-03 / 6.033538e-01
PCG: 2 : 6.990723e-03 / 6.987353e-01
PCG: 3 : 8.777155e-03 / 8.772923e-01
PCG: 0 : 8.777152e-03
PCG: 1 : 6.870661e-03 / 7.827894e-01
PCG: 2 : 5.813256e-03 / 6.623169e-01
PCG: 3 : 9.443659e-03 / 1.075937e+00
PCG: 0 : 9.443659e-03
PCG: 1 : 5.698757e-03 / 6.034480e-01
PCG: 2 : 6.598233e-03 / 6.986945e-01
PCG: 3 : 8.281795e-03 / 8.769689e-01
PCG: 0 : 8.281795e-03
PCG: 1 : 6.485027e-03 / 7.830460e-01
PCG: 2 : 5.488721e-03 / 6.627454e-01
PCG: 3 : 8.913619e-03 / 1.076291e+00
PCG: 0 : 8.913619e-03
PCG: 1 : 5.379785e-03 / 6.035467e-01
PCG: 2 : 6.227629e-03 / 6.986645e-01
PCG: 3 : 7.814431e-03 / 8.766844e-01
PCG: 0 : 7.814430e-03
PCG: 1 : 6.120807e-03 / 7.832699e-01
PCG: 2 : 5.181908e-03 / 6.631204e-01
PCG: 3 : 8.413429e-03 / 1.076653e+00
PCG: 0 : 8.413430e-03
PCG: 1 : 5.078395e-03 / 6.036058e-01
PCG: 2 : 5.877602e-03 / 6.985976e-01
PCG: 3 : 7.373484e-03 / 8.763945e-01
PCG: 0 : 7.373485e-03
PCG: 1 : 5.776684e-03 / 7.834401e-01
PCG: 2 : 4.891983e-03 / 6.634560e-01
PCG: 3 : 7.941082e-03 / 1.076978e+00
PCG: 0 : 7.941083e-03
PCG: 1 : 4.793630e-03 / 6.036494e-01
PCG: 2 : 5.546883e-03 / 6.985046e-01
PCG: 3 : 6.956911e-03 / 8.760657e-01
PCG: 0 : 6.956910e-03
PCG: 1 : 5.451884e-03 / 7.836646e-01
PCG: 2 : 4.617989e-03 / 6.637989e-01
PCG: 3 : 7.495242e-03 / 1.077381e+00
PCG: 0 : 7.495242e-03
PCG: 1 : 4.524708e-03 / 6.036774e-01
PCG: 2 : 5.234833e-03 / 6.984208e-01
PCG: 3 : 6.564186e-03 / 8.757804e-01
PCG: 0 : 6.564185e-03
PCG: 1 : 5.145097e-03 / 7.838135e-01
PCG: 2 : 4.359269e-03 / 6.640990e-01
PCG: 3 : 7.074288e-03 / 1.077710e+00
PCG: 0 : 7.074289e-03
PCG: 1 : 4.270832e-03 / 6.037119e-01
PCG: 2 : 4.940120e-03 / 6.983204e-01
PCG: 3 : 6.193505e-03 / 8.754951e-01
PCG: 0 : 6.193505e-03
PCG: 1 : 4.855365e-03 / 7.839447e-01
PCG: 2 : 4.114803e-03 / 6.643739e-01
PCG: 3 : 6.676654e-03 / 1.078009e+00
PCG: 0 : 6.676654e-03
PCG: 1 : 4.030989e-03 / 6.037439e-01
PCG: 2 : 4.661809e-03 / 6.982254e-01
PCG: 3 : 5.843738e-03 / 8.752494e-01
PCG: 0 : 5.843738e-03
PCG: 1 : 4.581866e-03 / 7.840643e-01
PCG: 2 : 3.883822e-03 / 6.646127e-01
PCG: 3 : 6.301368e-03 / 1.078311e+00
PCG: 0 : 6.301369e-03
PCG: 1 : 3.804494e-03 / 6.037568e-01
PCG: 2 : 4.399083e-03 / 6.981154e-01
PCG: 3 : 5.513873e-03 / 8.750278e-01
PCG: 0 : 5.513874e-03
PCG: 1 : 4.323570e-03 / 7.841256e-01
PCG: 2 : 3.665717e-03 / 6.648170e-01
PCG: 3 : 5.947062e-03 / 1.078563e+00
PCG: 0 : 5.947062e-03
PCG: 1 : 3.590536e-03 / 6.037496e-01
PCG: 2 : 4.151024e-03 / 6.979958e-01
PCG: 3 : 5.202371e-03 / 8.747801e-01
PCG: 0 : 5.202371e-03
PCG: 1 : 4.079886e-03 / 7.842359e-01
PCG: 2 : 3.459660e-03 / 6.650161e-01
PCG: 3 : 5.612663e-03 / 1.078866e+00
PCG: 0 : 5.612663e-03
PCG: 1 : 3.388679e-03 / 6.037560e-01
PCG: 2 : 3.917022e-03 / 6.978902e-01
PCG: 3 : 4.908649e-03 / 8.745669e-01
PCG: 0 : 4.908650e-03
PCG: 1 : 3.849843e-03 / 7.842977e-01
PCG: 2 : 3.265277e-03 / 6.652088e-01
PCG: 3 : 5.297014e-03 / 1.079118e+00
PCG: 0 : 5.297014e-03
PCG: 1 : 3.198077e-03 / 6.037509e-01
PCG: 2 : 3.696025e-03 / 6.977564e-01
PCG: 3 : 4.631215e-03 / 8.743067e-01
PCG: 0 : 4.631214e-03
PCG: 1 : 3.632653e-03 / 7.843845e-01
PCG: 2 : 3.081596e-03 / 6.653970e-01
PCG: 3 : 4.999048e-03 / 1.079425e+00
PCG: 0 : 4.999048e-03
PCG: 1 : 3.018076e-03 / 6.037303e-01
PCG: 2 : 3.487471e-03 / 6.976271e-01
PCG: 3 : 4.369738e-03 / 8.741141e-01
PCG: 0 : 4.369738e-03
PCG: 1 : 3.427625e-03 / 7.844005e-01
PCG: 2 : 2.908227e-03 / 6.655380e-01
PCG: 3 : 4.717673e-03 / 1.079624e+00
PCG: 0 : 4.717675e-03
PCG: 1 : 2.848244e-03 / 6.037389e-01
PCG: 2 : 3.290606e-03 / 6.975060e-01
PCG: 3 : 4.122987e-03 / 8.739448e-01
PCG: 0 : 4.122987e-03
PCG: 1 : 3.234196e-03 / 7.844303e-01
PCG: 2 : 2.744618e-03 / 6.656869e-01
PCG: 3 : 4.452286e-03 / 1.079869e+00
PCG: 0 : 4.452286e-03
PCG: 1 : 2.687890e-03 / 6.037101e-01
PCG: 2 : 3.104841e-03 / 6.973590e-01
PCG: 3 : 3.889909e-03 / 8.736880e-01
PCG: 0 : 3.889909e-03
PCG: 1 : 3.051594e-03 / 7.844899e-01
PCG: 2 : 2.590070e-03 / 6.658434e-01
PCG: 3 : 4.201660e-03 / 1.080144e+00
PCG: 0 : 4.201660e-03
PCG: 1 : 2.536494e-03 / 6.036885e-01
PCG: 2 : 2.929514e-03 / 6.972277e-01
PCG: 3 : 3.670118e-03 / 8.734924e-01
PCG: 0 : 3.670118e-03
PCG: 1 : 2.879261e-03 / 7.845146e-01
PCG: 2 : 2.444219e-03 / 6.659785e-01
PCG: 3 : 3.965169e-03 / 1.080393e+00
PCG: 0 : 3.965170e-03
PCG: 1 : 2.393585e-03 / 6.036527e-01
PCG: 2 : 2.764058e-03 / 6.970845e-01
PCG: 3 : 3.462794e-03 / 8.733028e-01
PCG: 0 : 3.462793e-03
PCG: 1 : 2.716734e-03 / 7.845498e-01
PCG: 2 : 2.306550e-03 / 6.660953e-01
PCG: 3 : 3.741924e-03 / 1.080609e+00
PCG: 0 : 3.741924e-03
PCG: 1 : 2.258762e-03 / 6.036366e-01
PCG: 2 : 2.607940e-03 / 6.969516e-01
PCG: 3 : 3.267039e-03 / 8.730906e-01
PCG: 0 : 3.267038e-03
PCG: 1 : 2.563274e-03 / 7.845864e-01
PCG: 2 : 2.176600e-03 / 6.662304e-01
PCG: 3 : 3.531242e-03 / 1.080870e+00
PCG: 0 : 3.531242e-03
PCG: 1 : 2.131497e-03 / 6.036110e-01
PCG: 2 : 2.460612e-03 / 6.968120e-01
PCG: 3 : 3.082469e-03 / 8.729135e-01
PCG: 0 : 3.082468e-03
PCG: 1 : 2.418432e-03 / 7.845765e-01
PCG: 2 : 2.053955e-03 / 6.663344e-01
PCG: 3 : 3.332305e-03 / 1.081051e+00
PCG: 0 : 3.332305e-03
PCG: 1 : 2.011340e-03 / 6.035883e-01
PCG: 2 : 2.321527e-03 / 6.966731e-01
PCG: 3 : 2.908120e-03 / 8.727055e-01
PCG: 0 : 2.908121e-03
PCG: 1 : 2.281789e-03 / 7.846267e-01
PCG: 2 : 1.938201e-03 / 6.664790e-01
PCG: 3 : 3.144613e-03 / 1.081321e+00
PCG: 0 : 3.144613e-03
PCG: 1 : 1.898019e-03 / 6.035780e-01
PCG: 2 : 2.190378e-03 / 6.965492e-01
PCG: 3 : 2.743707e-03 / 8.725103e-01
PCG: 0 : 2.743707e-03
PCG: 1 : 2.152855e-03 / 7.846519e-01
PCG: 2 : 1.828888e-03 / 6.665755e-01
PCG: 3 : 2.967444e-03 / 1.081545e+00
PCG: 0 : 2.967443e-03
PCG: 1 : 1.790934e-03 / 6.035277e-01
PCG: 2 : 2.066563e-03 / 6.964120e-01
PCG: 3 : 2.588673e-03 / 8.723579e-01
PCG: 0 : 2.588673e-03
PCG: 1 : 2.031162e-03 / 7.846345e-01
PCG: 2 : 1.725721e-03 / 6.666433e-01
PCG: 3 : 2.800203e-03 / 1.081714e+00
PCG: 0 : 2.800203e-03
PCG: 1 : 1.689913e-03 / 6.034965e-01
PCG: 2 : 1.949790e-03 / 6.963031e-01
PCG: 3 : 2.442379e-03 / 8.722149e-01
PCG: 0 : 2.442379e-03
PCG: 1 : 1.916422e-03 / 7.846541e-01
PCG: 2 : 1.628371e-03 / 6.667152e-01
PCG: 3 : 2.642431e-03 / 1.081909e+00
PCG: 0 : 2.642431e-03
PCG: 1 : 1.594584e-03 / 6.034533e-01
PCG: 2 : 1.839574e-03 / 6.961673e-01
PCG: 3 : 2.304371e-03 / 8.720646e-01
PCG: 0 : 2.304370e-03
PCG: 1 : 1.808082e-03 / 7.846319e-01
PCG: 2 : 1.536526e-03 / 6.667879e-01
PCG: 3 : 2.493524e-03 / 1.082085e+00
PCG: 0 : 2.493523e-03
PCG: 1 : 1.504636e-03 / 6.034179e-01
PCG: 2 : 1.735549e-03 / 6.960229e-01
PCG: 3 : 2.174108e-03 / 8.719019e-01
PCG: 0 : 2.174108e-03
PCG: 1 : 1.705850e-03 / 7.846208e-01
PCG: 2 : 1.449850e-03 / 6.668713e-01
PCG: 3 : 2.352953e-03 / 1.082261e+00
PCG: 0 : 2.352954e-03
PCG: 1 : 1.419765e-03 / 6.033969e-01
PCG: 2 : 1.637403e-03 / 6.958925e-01
PCG: 3 : 2.051180e-03 / 8.717470e-01
PCG: 0 : 2.051180e-03
PCG: 1 : 1.609394e-03 / 7.846184e-01
PCG: 2 : 1.368046e-03 / 6.669555e-01
PCG: 3 : 2.220324e-03 / 1.082462e+00
PCG: 0 : 2.220325e-03
PCG: 1 : 1.339658e-03 / 6.033612e-01
PCG: 2 : 1.544824e-03 / 6.957650e-01
PCG: 3 : 1.935154e-03 / 8.715633e-01
PCG: 0 : 1.935154e-03
PCG: 1 : 1.518413e-03 / 7.846470e-01
PCG: 2 : 1.290850e-03 / 6.670530e-01
PCG: 3 : 2.095157e-03 / 1.082682e+00
PCG: 0 : 2.095157e-03
PCG: 1 : 1.264081e-03 / 6.033348e-01
PCG: 2 : 1.457484e-03 / 6.956441e-01
PCG: 3 : 1.825793e-03 / 8.714348e-01
PCG: 0 : 1.825793e-03
PCG: 1 : 1.432552e-03 / 7.846190e-01
PCG: 2 : 1.217998e-03 / 6.671063e-01
PCG: 3 : 1.976977e-03 / 1.082804e+00
PCG: 0 : 1.976976e-03
PCG: 1 : 1.192740e-03 / 6.033154e-01
PCG: 2 : 1.375059e-03 / 6.955361e-01
PCG: 3 : 1.722566e-03 / 8.713133e-01
PCG: 0 : 1.722566e-03
PCG: 1 : 1.351553e-03 / 7.846163e-01
PCG: 2 : 1.149263e-03 / 6.671807e-01
PCG: 3 : 1.865484e-03 / 1.082968e+00
PCG: 0 : 1.865484e-03
PCG: 1 : 1.125400e-03 / 6.032749e-01
PCG: 2 : 1.297271e-03 / 6.954073e-01
PCG: 3 : 1.625154e-03 / 8.711700e-01
PCG: 0 : 1.625153e-03
PCG: 1 : 1.275127e-03 / 7.846198e-01
PCG: 2 : 1.084389e-03 / 6.672533e-01
PCG: 3 : 1.760295e-03 / 1.083156e+00
PCG: 0 : 1.760295e-03
PCG: 1 : 1.061896e-03 / 6.032492e-01
PCG: 2 : 1.223915e-03 / 6.952899e-01
PCG: 3 : 1.533237e-03 / 8.710118e-01
PCG: 0 : 1.533237e-03
PCG: 1 : 1.202999e-03 / 7.846137e-01
PCG: 2 : 1.023152e-03 / 6.673147e-01
PCG: 3 : 1.661001e-03 / 1.083329e+00
PCG: 0 : 1.661001e-03
PCG: 1 : 1.001947e-03 / 6.032184e-01
PCG: 2 : 1.154696e-03 / 6.951805e-01
PCG: 3 : 1.446553e-03 / 8.708922e-01
PCG: 0 : 1.446553e-03
PCG: 1 : 1.134991e-03 / 7.846175e-01
PCG: 2 : 9.653983e-04 / 6.673785e-01
PCG: 3 : 1.567311e-03 / 1.083480e+00
PCG: 0 : 1.567311e-03
PCG: 1 : 9.453767e-04 / 6.031839e-01
PCG: 2 : 1.089392e-03 / 6.950706e-01
PCG: 3 : 1.364701e-03 / 8.707278e-01
PCG: 0 : 1.364701e-03
PCG: 1 : 1.070809e-03 / 7.846476e-01
PCG: 2 : 9.108773e-04 / 6.674556e-01
PCG: 3 : 1.478883e-03 / 1.083668e+00
PCG: 0 : 1.478883e-03
PCG: 1 : 8.919879e-04 / 6.031499e-01
PCG: 2 : 1.027782e-03 / 6.949722e-01
PCG: 3 : 1.287534e-03 / 8.706124e-01
PCG: 0 : 1.287534e-03
PCG: 1 : 1.010259e-03 / 7.846467e-01
PCG: 2 : 8.594337e-04 / 6.675040e-01
PCG: 3 : 1.395468e-03 / 1.083831e+00
PCG: 0 : 1.395468e-03
PCG: 1 : 8.416313e-04 / 6.031175e-01
PCG: 2 : 9.696686e-04 / 6.948696e-01
PCG: 3 : 1.214724e-03 / 8.704779e-01
PCG: 0 : 1.214725e-03
PCG: 1 : 9.530994e-04 / 7.846218e-01
PCG: 2 : 8.108881e-04 / 6.675490e-01
PCG: 3 : 1.316695e-03 / 1.083945e+00
PCG: 0 : 1.316695e-03
PCG: 1 : 7.940956e-04 / 6.030975e-01
PCG: 2 : 9.148081e-04 / 6.947759e-01
PCG: 3 : 1.146071e-03 / 8.704150e-01
PCG: 0 : 1.146071e-03
PCG: 1 : 8.991963e-04 / 7.845903e-01
PCG: 2 : 7.650928e-04 / 6.675788e-01
PCG: 3 : 1.242373e-03 / 1.084028e+00
PCG: 0 : 1.242373e-03
PCG: 1 : 7.492541e-04 / 6.030830e-01
PCG: 2 : 8.630641e-04 / 6.946900e-01
PCG: 3 : 1.081248e-03 / 8.703089e-01
PCG: 0 : 1.081248e-03
PCG: 1 : 8.483338e-04 / 7.845874e-01
PCG: 2 : 7.218621e-04 / 6.676192e-01
PCG: 3 : 1.172262e-03 / 1.084174e+00
PCG: 0 : 1.172262e-03
PCG: 1 : 7.069273e-04 / 6.030456e-01
PCG: 2 : 8.142546e-04 / 6.946014e-01
PCG: 3 : 1.020112e-03 / 8.702087e-01
PCG: 0 : 1.020112e-03
PCG: 1 : 8.003635e-04 / 7.845839e-01
PCG: 2 : 6.810768e-04 / 6.676490e-01
PCG: 3 : 1.106107e-03 / 1.084300e+00
PCG: 0 : 1.106107e-03
PCG: 1 : 6.669739e-04 / 6.029921e-01
PCG: 2 : 7.681948e-04 / 6.945029e-01
PCG: 3 : 9.624014e-04 / 8.700796e-01
PCG: 0 : 9.624014e-04
PCG: 1 : 7.550982e-04 / 7.845981e-01
PCG: 2 : 6.425998e-04 / 6.677046e-01
PCG: 3 : 1.043682e-03 / 1.084456e+00
PCG: 0 : 1.043682e-03
PCG: 1 : 6.293028e-04 / 6.029639e-01
PCG: 2 : 7.247288e-04 / 6.943959e-01
PCG: 3 : 9.079290e-04 / 8.699284e-01
PCG: 0 : 9.079290e-04
PCG: 1 : 7.123896e-04 / 7.846314e-01
PCG: 2 : 6.063122e-04 / 6.677970e-01
PCG: 3 : 9.848041e-04 / 1.084671e+00
PCG: 0 : 9.848039e-04
PCG: 1 : 5.937630e-04 / 6.029251e-01
PCG: 2 : 6.837401e-04 / 6.942906e-01
PCG: 3 : 8.565535e-04 / 8.697706e-01
PCG: 0 : 8.565534e-04
PCG: 1 : 6.720930e-04 / 7.846480e-01
PCG: 2 : 5.720420e-04 / 6.678416e-01
PCG: 3 : 9.291919e-04 / 1.084803e+00
PCG: 0 : 9.291920e-04
PCG: 1 : 5.602139e-04 / 6.029044e-01
PCG: 2 : 6.450667e-04 / 6.942233e-01
PCG: 3 : 8.081286e-04 / 8.697111e-01
PCG: 0 : 8.081286e-04
PCG: 1 : 6.340789e-04 / 7.846262e-01
PCG: 2 : 5.397260e-04 / 6.678714e-01
PCG: 3 : 8.767300e-04 / 1.084889e+00
PCG: 0 : 8.767299e-04
PCG: 1 : 5.285696e-04 / 6.028876e-01
PCG: 2 : 6.085742e-04 / 6.941410e-01
PCG: 3 : 7.624016e-04 / 8.695969e-01
PCG: 0 : 7.624016e-04
PCG: 1 : 5.982022e-04 / 7.846287e-01
PCG: 2 : 5.092279e-04 / 6.679260e-01
PCG: 3 : 8.272381e-04 / 1.085042e+00
PCG: 0 : 8.272381e-04
PCG: 1 : 4.987055e-04 / 6.028561e-01
PCG: 2 : 5.741285e-04 / 6.940305e-01
PCG: 3 : 7.192887e-04 / 8.695063e-01
PCG: 0 : 7.192888e-04
PCG: 1 : 5.643474e-04 / 7.845908e-01
PCG: 2 : 4.804542e-04 / 6.679573e-01
PCG: 3 : 7.805277e-04 / 1.085138e+00
PCG: 0 : 7.805276e-04
PCG: 1 : 4.705321e-04 / 6.028385e-01
PCG: 2 : 5.416444e-04 / 6.939465e-01
PCG: 3 : 6.786142e-04 / 8.694302e-01
PCG: 0 : 6.786142e-04
PCG: 1 : 5.324103e-04 / 7.845552e-01
PCG: 2 : 4.533070e-04 / 6.679893e-01
PCG: 3 : 7.364465e-04 / 1.085221e+00
PCG: 0 : 7.364465e-04
PCG: 1 : 4.439435e-04 / 6.028183e-01
PCG: 2 : 5.109831e-04 / 6.938496e-01
PCG: 3 : 6.402270e-04 / 8.693462e-01
PCG: 0 : 6.402270e-04
PCG: 1 : 5.022908e-04 / 7.845512e-01
PCG: 2 : 4.276966e-04 / 6.680390e-01
PCG: 3 : 6.948736e-04 / 1.085355e+00
PCG: 0 : 6.948735e-04
PCG: 1 : 4.188586e-04 / 6.027840e-01
PCG: 2 : 4.820799e-04 / 6.937664e-01
PCG: 3 : 6.040047e-04 / 8.692298e-01
PCG: 0 : 6.040048e-04
PCG: 1 : 4.738771e-04 / 7.845585e-01
PCG: 2 : 4.035298e-04 / 6.680903e-01
PCG: 3 : 6.556296e-04 / 1.085471e+00
PCG: 0 : 6.556296e-04
PCG: 1 : 3.952032e-04 / 6.027843e-01
PCG: 2 : 4.548053e-04 / 6.936924e-01
PCG: 3 : 5.698261e-04 / 8.691280e-01
PCG: 0 : 5.698261e-04
PCG: 1 : 4.470598e-04 / 7.845548e-01
PCG: 2 : 3.807177e-04 / 6.681297e-01
PCG: 3 : 6.185955e-04 / 1.085586e+00
PCG: 0 : 6.185954e-04
PCG: 1 : 3.728626e-04 / 6.027567e-01
PCG: 2 : 4.290720e-04 / 6.936230e-01
PCG: 3 : 5.376156e-04 / 8.690908e-01
PCG: 0 : 5.376156e-04
PCG: 1 : 4.217644e-04 / 7.845094e-01
PCG: 2 : 3.591978e-04 / 6.681314e-01
PCG: 3 : 5.836518e-04 / 1.085630e+00
PCG: 0 : 5.836518e-04
PCG: 1 : 3.517884e-04 / 6.027368e-01
PCG: 2 : 4.047947e-04 / 6.935552e-01
PCG: 3 : 5.071961e-04 / 8.690047e-01
PCG: 0 : 5.071961e-04
PCG: 1 : 3.979042e-04 / 7.845174e-01
PCG: 2 : 3.388894e-04 / 6.681625e-01
PCG: 3 : 5.506956e-04 / 1.085765e+00
PCG: 0 : 5.506957e-04
PCG: 1 : 3.318983e-04 / 6.026891e-01
PCG: 2 : 3.818870e-04 / 6.934628e-01
PCG: 3 : 4.785244e-04 / 8.689452e-01
PCG: 0 : 4.785245e-04
PCG: 1 : 3.753910e-04 / 7.844760e-01
PCG: 2 : 3.197341e-04 / 6.681666e-01
PCG: 3 : 5.195776e-04 / 1.085791e+00
PCG: 0 : 5.195777e-04
PCG: 1 : 3.131405e-04 / 6.026827e-01
PCG: 2 : 3.602730e-04 / 6.933958e-01
PCG: 3 : 4.514489e-04 / 8.688766e-01
PCG: 0 : 4.514490e-04
PCG: 1 : 3.541492e-04 / 7.844723e-01
PCG: 2 : 3.016623e-04 / 6.682091e-01
PCG: 3 : 4.902354e-04 / 1.085915e+00
PCG: 0 : 4.902354e-04
PCG: 1 : 2.954423e-04 / 6.026539e-01
PCG: 2 : 3.398846e-04 / 6.933089e-01
PCG: 3 : 4.259050e-04 / 8.687765e-01
PCG: 0 : 4.259050e-04
PCG: 1 : 3.340984e-04 / 7.844434e-01
PCG: 2 : 2.846017e-04 / 6.682281e-01
PCG: 3 : 4.625256e-04 / 1.085983e+00
PCG: 0 : 4.625256e-04
PCG: 1 : 2.787418e-04 / 6.026515e-01
PCG: 2 : 3.206508e-04 / 6.932607e-01
PCG: 3 : 4.018369e-04 / 8.687885e-01
PCG: 0 : 4.018369e-04
PCG: 1 : 3.151995e-04 / 7.843966e-01
PCG: 2 : 2.685176e-04 / 6.682253e-01
PCG: 3 : 4.363952e-04 / 1.086001e+00
PCG: 0 : 4.363951e-04
PCG: 1 : 2.629808e-04 / 6.026208e-01
PCG: 2 : 3.025020e-04 / 6.931837e-01
PCG: 3 : 3.791040e-04 / 8.687174e-01
PCG: 0 : 3.791041e-04
PCG: 1 : 2.973613e-04 / 7.843790e-01
PCG: 2 : 2.533365e-04 / 6.682506e-01
PCG: 3 : 4.117405e-04 / 1.086088e+00
PCG: 0 : 4.117405e-04
PCG: 1 : 2.481164e-04 / 6.026038e-01
PCG: 2 : 2.853800e-04 / 6.931064e-01
PCG: 3 : 3.576561e-04 / 8.686446e-01
PCG: 0 : 3.576561e-04
PCG: 1 : 2.805321e-04 / 7.843627e-01
PCG: 2 : 2.390157e-04 / 6.682836e-01
PCG: 3 : 3.884779e-04 / 1.086177e+00
PCG: 0 : 3.884779e-04
PCG: 1 : 2.340899e-04 / 6.025824e-01
PCG: 2 : 2.692275e-04 / 6.930317e-01
PCG: 3 : 3.374256e-04 / 8.685838e-01
PCG: 0 : 3.374256e-04
PCG: 1 : 2.646537e-04 / 7.843322e-01
PCG: 2 : 2.255003e-04 / 6.682965e-01
PCG: 3 : 3.665262e-04 / 1.086243e+00
PCG: 0 : 3.665263e-04
PCG: 1 : 2.208577e-04 / 6.025699e-01
PCG: 2 : 2.539899e-04 / 6.929651e-01
PCG: 3 : 3.183361e-04 / 8.685220e-01
PCG: 0 : 3.183361e-04
PCG: 1 : 2.496778e-04 / 7.843215e-01
PCG: 2 : 2.127519e-04 / 6.683248e-01
PCG: 3 : 3.458177e-04 / 1.086329e+00
PCG: 0 : 3.458178e-04
PCG: 1 : 2.083717e-04 / 6.025476e-01
PCG: 2 : 2.396173e-04 / 6.929004e-01
PCG: 3 : 3.003219e-04 / 8.684398e-01
PCG: 0 : 3.003220e-04
PCG: 1 : 2.355475e-04 / 7.843165e-01
PCG: 2 : 2.007221e-04 / 6.683564e-01
PCG: 3 : 3.262773e-04 / 1.086425e+00
PCG: 0 : 3.262773e-04
PCG: 1 : 1.965931e-04 / 6.025339e-01
PCG: 2 : 2.260589e-04 / 6.928429e-01
PCG: 3 : 2.833286e-04 / 8.683674e-01
PCG: 0 : 2.833286e-04
PCG: 1 : 2.222188e-04 / 7.843148e-01
PCG: 2 : 1.893711e-04 / 6.683797e-01
PCG: 3 : 3.078365e-04 / 1.086500e+00
PCG: 0 : 3.078365e-04
PCG: 1 : 1.854740e-04 / 6.025080e-01
PCG: 2 : 2.132630e-04 / 6.927801e-01
PCG: 3 : 2.673005e-04 / 8.683197e-01
PCG: 0 : 2.673005e-04
PCG: 1 : 2.096455e-04 / 7.843065e-01
PCG: 2 : 1.786617e-04 / 6.683927e-01
PCG: 3 : 2.904395e-04 / 1.086566e+00
PCG: 0 : 2.904395e-04
PCG: 1 : 1.749896e-04 / 6.024994e-01
PCG: 2 : 2.011971e-04 / 6.927333e-01
PCG: 3 : 2.521820e-04 / 8.682771e-01
PCG: 0 : 2.521820e-04
PCG: 1 : 1.977783e-04 / 7.842681e-01
PCG: 2 : 1.685563e-04 / 6.683918e-01
PCG: 3 : 2.740219e-04 / 1.086604e+00
PCG: 0 : 2.740218e-04
PCG: 1 : 1.650921e-04 / 6.024778e-01
PCG: 2 : 1.898106e-04 / 6.926843e-01
PCG: 3 : 2.379190e-04 / 8.682483e-01
PCG: 0 : 2.379190e-04
PCG: 1 : 1.865918e-04 / 7.842659e-01
PCG: 2 : 1.590280e-04 / 6.684123e-01
PCG: 3 : 2.585372e-04 / 1.086661e+00
PCG: 0 : 2.585373e-04
PCG: 1 : 1.557562e-04 / 6.024516e-01
PCG: 2 : 1.790679e-04 / 6.926193e-01
PCG: 3 : 2.244451e-04 / 8.681343e-01
PCG: 0 : 2.244451e-04
PCG: 1 : 1.760316e-04 / 7.842970e-01
PCG: 2 : 1.500303e-04 / 6.684502e-01
PCG: 3 : 2.439293e-04 / 1.086811e+00
PCG: 0 : 2.439293e-04
PCG: 1 : 1.469438e-04 / 6.024033e-01
PCG: 2 : 1.689331e-04 / 6.925496e-01
PCG: 3 : 2.117430e-04 / 8.680509e-01
PCG: 0 : 2.117430e-04
PCG: 1 : 1.660712e-04 / 7.843052e-01
PCG: 2 : 1.415470e-04 / 6.684850e-01
PCG: 3 : 2.301441e-04 / 1.086903e+00
PCG: 0 : 2.301441e-04
PCG: 1 : 1.386384e-04 / 6.023985e-01
PCG: 2 : 1.593750e-04 / 6.925010e-01
PCG: 3 : 1.997614e-04 / 8.679841e-01
PCG: 0 : 1.997614e-04
PCG: 1 : 1.566714e-04 / 7.842929e-01
PCG: 2 : 1.335410e-04 / 6.685025e-01
PCG: 3 : 2.171333e-04 / 1.086963e+00
PCG: 0 : 2.171333e-04
PCG: 1 : 1.307981e-04 / 6.023861e-01
PCG: 2 : 1.503536e-04 / 6.924483e-01
PCG: 3 : 1.884592e-04 / 8.679426e-01
PCG: 0 : 1.884592e-04
PCG: 1 : 1.478057e-04 / 7.842849e-01
PCG: 2 : 1.259903e-04 / 6.685280e-01
PCG: 3 : 2.048638e-04 / 1.087046e+00
PCG: 0 : 2.048638e-04
PCG: 1 : 1.234029e-04 / 6.023653e-01
PCG: 2 : 1.418439e-04 / 6.923812e-01
PCG: 3 : 1.777874e-04 / 8.678321e-01
PCG: 0 : 1.777874e-04
PCG: 1 : 1.394400e-04 / 7.843072e-01
PCG: 2 : 1.188642e-04 / 6.685746e-01
PCG: 3 : 1.932838e-04 / 1.087162e+00
PCG: 0 : 1.932837e-04
PCG: 1 : 1.164240e-04 / 6.023478e-01
PCG: 2 : 1.338166e-04 / 6.923326e-01
PCG: 3 : 1.677251e-04 / 8.677663e-01
PCG: 0 : 1.677251e-04
PCG: 1 : 1.315500e-04 / 7.843190e-01
PCG: 2 : 1.121411e-04 / 6.686008e-01
PCG: 3 : 1.823597e-04 / 1.087253e+00
PCG: 0 : 1.823597e-04
PCG: 1 : 1.098403e-04 / 6.023276e-01
PCG: 2 : 1.262435e-04 / 6.922774e-01
PCG: 3 : 1.582311e-04 / 8.676864e-01
PCG: 0 : 1.582310e-04
PCG: 1 : 1.241029e-04 / 7.843143e-01
PCG: 2 : 1.057960e-04 / 6.686176e-01
PCG: 3 : 1.720454e-04 / 1.087305e+00
PCG: 0 : 1.720455e-04
PCG: 1 : 1.036274e-04 / 6.023256e-01
PCG: 2 : 1.190960e-04 / 6.922357e-01
PCG: 3 : 1.492816e-04 / 8.676871e-01
PCG: 0 : 1.492816e-04
PCG: 1 : 1.170809e-04 / 7.842954e-01
PCG: 2 : 9.981632e-05 / 6.686445e-01
PCG: 3 : 1.623190e-04 / 1.087334e+00
PCG: 0 : 1.623190e-04
PCG: 1 : 9.776744e-05 / 6.023168e-01
PCG: 2 : 1.123538e-04 / 6.921788e-01
PCG: 3 : 1.408262e-04 / 8.675895e-01
PCG: 0 : 1.408263e-04
PCG: 1 : 1.104532e-04 / 7.843227e-01
PCG: 2 : 9.416999e-05 / 6.686962e-01
PCG: 3 : 1.531421e-04 / 1.087454e+00
PCG: 0 : 1.531421e-04
PCG: 1 : 9.223960e-05 / 6.023139e-01
PCG: 2 : 1.059947e-04 / 6.921334e-01
PCG: 3 : 1.328547e-04 / 8.675258e-01
PCG: 0 : 1.328547e-04
PCG: 1 : 1.042020e-04 / 7.843305e-01
PCG: 2 : 8.884545e-05 / 6.687415e-01
PCG: 3 : 1.444864e-04 / 1.087552e+00
PCG: 0 : 1.444864e-04
PCG: 1 : 8.702389e-05 / 6.022980e-01
PCG: 2 : 9.999581e-05 / 6.920775e-01
PCG: 3 : 1.253313e-04 / 8.674263e-01
PCG: 0 : 1.253314e-04
PCG: 1 : 9.830488e-05 / 7.843598e-01
PCG: 2 : 8.381929e-05 / 6.687815e-01
PCG: 3 : 1.363139e-04 / 1.087628e+00
PCG: 0 : 1.363139e-04
PCG: 1 : 8.210315e-05 / 6.023094e-01
PCG: 2 : 9.433772e-05 / 6.920623e-01
PCG: 3 : 1.182386e-04 / 8.673996e-01
PCG: 0 : 1.182387e-04
PCG: 1 : 9.274297e-05 / 7.843710e-01
PCG: 2 : 7.907790e-05 / 6.687990e-01
PCG: 3 : 1.286041e-04 / 1.087665e+00
PCG: 0 : 1.286041e-04
PCG: 1 : 7.745817e-05 / 6.022993e-01
PCG: 2 : 8.899800e-05 / 6.920307e-01
PCG: 3 : 1.115446e-04 / 8.673488e-01
PCG: 0 : 1.115446e-04
PCG: 1 : 8.749442e-05 / 7.843894e-01
PCG: 2 : 7.460500e-05 / 6.688355e-01
PCG: 3 : 1.213326e-04 / 1.087750e+00
PCG: 0 : 1.213326e-04
PCG: 1 : 7.307755e-05 / 6.022911e-01
PCG: 2 : 8.396092e-05 / 6.919897e-01
PCG: 3 : 1.052303e-04 / 8.672876e-01
PCG: 0 : 1.052303e-04
PCG: 1 : 8.254406e-05 / 7.844136e-01
PCG: 2 : 7.038559e-05 / 6.688721e-01
PCG: 3 : 1.144712e-04 / 1.087816e+00
PCG: 0 : 1.144712e-04
PCG: 1 : 6.894476e-05 / 6.022893e-01
PCG: 2 : 7.920929e-05 / 6.919584e-01
PCG: 3 : 9.926870e-05 / 8.671939e-01
PCG: 0 : 9.926872e-05
PCG: 1 : 7.787177e-05 / 7.844542e-01
PCG: 2 : 6.640350e-05 / 6.689268e-01
PCG: 3 : 1.079972e-04 / 1.087928e+00
PCG: 0 : 1.079972e-04
PCG: 1 : 6.504681e-05 / 6.023009e-01
PCG: 2 : 7.472623e-05 / 6.919276e-01
PCG: 3 : 9.364887e-05 / 8.671417e-01
PCG: 0 : 9.364887e-05
PCG: 1 : 7.346430e-05 / 7.844654e-01
PCG: 2 : 6.264783e-05 / 6.689651e-01
PCG: 3 : 1.018874e-04 / 1.087973e+00
PCG: 0 : 1.018874e-04
PCG: 1 : 6.136785e-05 / 6.023102e-01
PCG: 2 : 7.049488e-05 / 6.918898e-01
PCG: 3 : 8.834628e-05 / 8.670968e-01
PCG: 0 : 8.834627e-05
PCG: 1 : 6.930605e-05 / 7.844819e-01
PCG: 2 : 5.910446e-05 / 6.690091e-01
PCG: 3 : 9.612525e-05 / 1.088051e+00
PCG: 0 : 9.612524e-05
PCG: 1 : 5.789736e-05 / 6.023117e-01
PCG: 2 : 6.650520e-05 / 6.918599e-01
PCG: 3 : 8.334274e-05 / 8.670224e-01
PCG: 0 : 8.334275e-05
PCG: 1 : 6.538337e-05 / 7.845117e-01
PCG: 2 : 5.576023e-05 / 6.690471e-01
PCG: 3 : 9.068587e-05 / 1.088107e+00
PCG: 0 : 9.068585e-05
PCG: 1 : 5.462217e-05 / 6.023229e-01
PCG: 2 : 6.274050e-05 / 6.918443e-01
PCG: 3 : 7.862463e-05 / 8.669999e-01
PCG: 0 : 7.862462e-05
PCG: 1 : 6.168263e-05 / 7.845205e-01
PCG: 2 : 5.260564e-05 / 6.690734e-01
PCG: 3 : 8.555246e-05 / 1.088113e+00
PCG: 0 : 8.555245e-05
PCG: 1 : 5.153304e-05 / 6.023561e-01
PCG: 2 : 5.918891e-05 / 6.918436e-01
PCG: 3 : 7.417658e-05 / 8.670304e-01
PCG: 0 : 7.417658e-05
PCG: 1 : 5.819249e-05 / 7.845129e-01
PCG: 2 : 4.962975e-05 / 6.690758e-01
PCG: 3 : 8.070969e-05 / 1.088075e+00
PCG: 0 : 8.070968e-05
PCG: 1 : 4.861833e-05 / 6.023854e-01
PCG: 2 : 5.583895e-05 / 6.918495e-01
PCG: 3 : 6.997729e-05 / 8.670248e-01
PCG: 0 : 6.997729e-05
PCG: 1 : 5.489896e-05 / 7.845254e-01
PCG: 2 : 4.682187e-05 / 6.691009e-01
PCG: 3 : 7.614159e-05 / 1.088090e+00
PCG: 0 : 7.614158e-05
PCG: 1 : 4.586808e-05 / 6.024052e-01
PCG: 2 : 5.267721e-05 / 6.918324e-01
PCG: 3 : 6.601416e-05 / 8.669922e-01
PCG: 0 : 6.601415e-05
PCG: 1 : 5.179187e-05 / 7.845572e-01
PCG: 2 : 4.417348e-05 / 6.691517e-01
PCG: 3 : 7.183210e-05 / 1.088132e+00
PCG: 0 : 7.183210e-05
PCG: 1 : 4.327501e-05 / 6.024467e-01
PCG: 2 : 4.969606e-05 / 6.918365e-01
PCG: 3 : 6.227424e-05 / 8.669418e-01
PCG: 0 : 6.227423e-05
PCG: 1 : 4.886090e-05 / 7.846087e-01
PCG: 2 : 4.167439e-05 / 6.692076e-01
PCG: 3 : 6.776656e-05 / 1.088196e+00
PCG: 0 : 6.776656e-05
PCG: 1 : 4.082690e-05 / 6.024639e-01
PCG: 2 : 4.688288e-05 / 6.918291e-01
PCG: 3 : 5.874778e-05 / 8.669141e-01
PCG: 0 : 5.874779e-05
PCG: 1 : 4.609527e-05 / 7.846298e-01
PCG: 2 : 3.931576e-05 / 6.692296e-01
PCG: 3 : 6.392895e-05 / 1.088193e+00
PCG: 0 : 6.392895e-05
PCG: 1 : 3.851762e-05 / 6.025066e-01
PCG: 2 : 4.422911e-05 / 6.918479e-01
PCG: 3 : 5.542141e-05 / 8.669219e-01
PCG: 0 : 5.542141e-05
PCG: 1 : 4.348778e-05 / 7.846747e-01
PCG: 2 : 3.709156e-05 / 6.692641e-01
PCG: 3 : 6.030991e-05 / 1.088206e+00
PCG: 0 : 6.030991e-05
PCG: 1 : 3.633889e-05 / 6.025360e-01
PCG: 2 : 4.172613e-05 / 6.918619e-01
PCG: 3 : 5.228077e-05 / 8.668687e-01
PCG: 0 : 5.228078e-05
PCG: 1 : 4.102717e-05 / 7.847468e-01
PCG: 2 : 3.499218e-05 / 6.693126e-01
PCG: 3 : 5.689462e-05 / 1.088251e+00
PCG: 0 : 5.689462e-05
PCG: 1 : 3.428314e-05 / 6.025726e-01
PCG: 2 : 3.936431e-05 / 6.918811e-01
PCG: 3 : 4.931885e-05 / 8.668455e-01
PCG: 0 : 4.931885e-05
PCG: 1 : 3.870573e-05 / 7.848060e-01
PCG: 2 : 3.301231e-05 / 6.693650e-01
PCG: 3 : 5.367304e-05 / 1.088287e+00
PCG: 0 : 5.367304e-05
PCG: 1 : 3.234369e-05 / 6.026059e-01
PCG: 2 : 3.713615e-05 / 6.918958e-01
PCG: 3 : 4.652322e-05 / 8.667895e-01
PCG: 0 : 4.652322e-05
PCG: 1 : 3.651567e-05 / 7.848913e-01
PCG: 2 : 3.114363e-05 / 6.694213e-01
PCG: 3 : 5.063265e-05 / 1.088331e+00
PCG: 0 : 5.063265e-05
PCG: 1 : 3.051426e-05 / 6.026597e-01
PCG: 2 : 3.503470e-05 / 6.919388e-01
PCG: 3 : 4.388746e-05 / 8.667819e-01
PCG: 0 : 4.388746e-05
PCG: 1 : 3.445074e-05 / 7.849792e-01
PCG: 2 : 2.938189e-05 / 6.694826e-01
PCG: 3 : 4.776524e-05 / 1.088357e+00
PCG: 0 : 4.776524e-05
PCG: 1 : 2.878818e-05 / 6.027014e-01
PCG: 2 : 3.305191e-05 / 6.919656e-01
PCG: 3 : 4.139759e-05 / 8.666887e-01
PCG: 0 : 4.139759e-05
PCG: 1 : 3.250178e-05 / 7.851129e-01
PCG: 2 : 2.771907e-05 / 6.695817e-01
PCG: 3 : 4.505945e-05 / 1.088456e+00
PCG: 0 : 4.505945e-05
PCG: 1 : 2.716052e-05 / 6.027707e-01
PCG: 2 : 3.118145e-05 / 6.920069e-01
PCG: 3 : 3.905064e-05 / 8.666471e-01
PCG: 0 : 3.905064e-05
PCG: 1 : 3.066302e-05 / 7.852117e-01
PCG: 2 : 2.615066e-05 / 6.696602e-01
PCG: 3 : 4.250623e-05 / 1.088490e+00
PCG: 0 : 4.250621e-05
PCG: 1 : 2.562437e-05 / 6.028382e-01
PCG: 2 : 2.941668e-05 / 6.920561e-01
PCG: 3 : 3.683534e-05 / 8.665872e-01
PCG: 0 : 3.683533e-05
PCG: 1 : 2.892855e-05 / 7.853478e-01
PCG: 2 : 2.467046e-05 / 6.697499e-01
PCG: 3 : 4.009638e-05 / 1.088530e+00
PCG: 0 : 4.009638e-05
PCG: 1 : 2.417542e-05 / 6.029329e-01
PCG: 2 : 2.775238e-05 / 6.921419e-01
PCG: 3 : 3.474707e-05 / 8.665888e-01
PCG: 0 : 3.474706e-05
PCG: 1 : 2.729205e-05 / 7.854490e-01
PCG: 2 : 2.327417e-05 / 6.698168e-01
PCG: 3 : 3.782219e-05 / 1.088500e+00
PCG: 0 : 3.782219e-05
PCG: 1 : 2.280813e-05 / 6.030358e-01
PCG: 2 : 2.618188e-05 / 6.922358e-01
PCG: 3 : 3.277681e-05 / 8.666026e-01
PCG: 0 : 3.277680e-05
PCG: 1 : 2.574877e-05 / 7.855792e-01
PCG: 2 : 2.195719e-05 / 6.699004e-01
PCG: 3 : 3.567686e-05 / 1.088479e+00
PCG: 0 : 3.567686e-05
PCG: 1 : 2.151846e-05 / 6.031488e-01
PCG: 2 : 2.470028e-05 / 6.923334e-01
PCG: 3 : 3.091816e-05 / 8.666168e-01
PCG: 0 : 3.091817e-05
PCG: 1 : 2.429227e-05 / 7.856957e-01
PCG: 2 : 2.071436e-05 / 6.699736e-01
PCG: 3 : 3.365236e-05 / 1.088433e+00
PCG: 0 : 3.365236e-05
PCG: 1 : 2.030098e-05 / 6.032559e-01
PCG: 2 : 2.330217e-05 / 6.924381e-01
PCG: 3 : 2.916327e-05 / 8.666041e-01
PCG: 0 : 2.916327e-05
PCG: 1 : 2.291863e-05 / 7.858732e-01
PCG: 2 : 1.954163e-05 / 6.700767e-01
PCG: 3 : 3.174252e-05 / 1.088442e+00
PCG: 0 : 3.174252e-05
PCG: 1 : 1.915303e-05 / 6.033872e-01
PCG: 2 : 2.198382e-05 / 6.925669e-01
PCG: 3 : 2.750890e-05 / 8.666262e-01
PCG: 0 : 2.750890e-05
PCG: 1 : 2.162288e-05 / 7.860321e-01
PCG: 2 : 1.843588e-05 / 6.701786e-01
PCG: 3 : 2.994131e-05 / 1.088423e+00
PCG: 0 : 2.994131e-05
PCG: 1 : 1.807022e-05 / 6.035214e-01
PCG: 2 : 2.073985e-05 / 6.926834e-01
PCG: 3 : 2.594565e-05 / 8.665501e-01
PCG: 0 : 2.594565e-05
PCG: 1 : 2.040008e-05 / 7.862622e-01
PCG: 2 : 1.739197e-05 / 6.703232e-01
PCG: 3 : 2.824091e-05 / 1.088464e+00
PCG: 0 : 2.824090e-05
PCG: 1 : 1.704813e-05 / 6.036680e-01
PCG: 2 : 1.956613e-05 / 6.928293e-01
PCG: 3 : 2.447256e-05 / 8.665645e-01
PCG: 0 : 2.447256e-05
PCG: 1 : 1.924689e-05 / 7.864683e-01
PCG: 2 : 1.640764e-05 / 6.704504e-01
PCG: 3 : 2.663662e-05 / 1.088428e+00
PCG: 0 : 2.663662e-05
PCG: 1 : 1.608425e-05 / 6.038398e-01
PCG: 2 : 1.845899e-05 / 6.929930e-01
PCG: 3 : 2.308212e-05 / 8.665560e-01
PCG: 0 : 2.308212e-05
PCG: 1 : 1.815879e-05 / 7.867036e-01
PCG: 2 : 1.547882e-05 / 6.705976e-01
PCG: 3 : 2.512307e-05 / 1.088421e+00
PCG: 0 : 2.512307e-05
PCG: 1 : 1.517488e-05 / 6.040217e-01
PCG: 2 : 1.741463e-05 / 6.931731e-01
PCG: 3 : 2.177055e-05 / 8.665563e-01
PCG: 0 : 2.177055e-05
PCG: 1 : 1.713260e-05 / 7.869624e-01
PCG: 2 : 1.460273e-05 / 6.707563e-01
PCG: 3 : 2.369461e-05 / 1.088379e+00
PCG: 0 : 2.369461e-05
PCG: 1 : 1.431729e-05 / 6.042426e-01
PCG: 2 : 1.642975e-05 / 6.933962e-01
PCG: 3 : 2.053275e-05 / 8.665579e-01
PCG: 0 : 2.053275e-05
PCG: 1 : 1.616432e-05 / 7.872458e-01
PCG: 2 : 1.377573e-05 / 6.709149e-01
PCG: 3 : 2.234673e-05 / 1.088346e+00
PCG: 0 : 2.234673e-05
PCG: 1 : 1.350759e-05 / 6.044549e-01
PCG: 2 : 1.550018e-05 / 6.936219e-01
PCG: 3 : 1.936562e-05 / 8.665974e-01
PCG: 0 : 1.936562e-05
PCG: 1 : 1.525089e-05 / 7.875242e-01
PCG: 2 : 1.299566e-05 / 6.710688e-01
PCG: 3 : 2.107433e-05 / 1.088234e+00
PCG: 0 : 2.107433e-05
PCG: 1 : 1.274404e-05 / 6.047186e-01
PCG: 2 : 1.462324e-05 / 6.938887e-01
PCG: 3 : 1.826422e-05 / 8.666571e-01
PCG: 0 : 1.826422e-05
PCG: 1 : 1.438921e-05 / 7.878361e-01
PCG: 2 : 1.225986e-05 / 6.712503e-01
PCG: 3 : 1.987384e-05 / 1.088130e+00
PCG: 0 : 1.987383e-05
PCG: 1 : 1.202373e-05 / 6.050031e-01
PCG: 2 : 1.379602e-05 / 6.941802e-01
PCG: 3 : 1.722511e-05 / 8.667234e-01
PCG: 0 : 1.722511e-05
PCG: 1 : 1.357642e-05 / 7.881758e-01
PCG: 2 : 1.156566e-05 / 6.714420e-01
PCG: 3 : 1.874097e-05 / 1.088003e+00
PCG: 0 : 1.874097e-05
PCG: 1 : 1.134403e-05 / 6.053063e-01
PCG: 2 : 1.301564e-05 / 6.945021e-01
PCG: 3 : 1.624431e-05 / 8.667805e-01
PCG: 0 : 1.624431e-05
PCG: 1 : 1.280968e-05 / 7.885644e-01
PCG: 2 : 1.091078e-05 / 6.716679e-01
PCG: 3 : 1.767228e-05 / 1.087906e+00
PCG: 0 : 1.767228e-05
PCG: 1 : 1.070284e-05 / 6.056290e-01
PCG: 2 : 1.227945e-05 / 6.948425e-01
PCG: 3 : 1.531878e-05 / 8.668256e-01
PCG: 0 : 1.531878e-05
PCG: 1 : 1.208659e-05 / 7.890044e-01
PCG: 2 : 1.029313e-05 / 6.719283e-01
PCG: 3 : 1.666413e-05 / 1.087823e+00
PCG: 0 : 1.666413e-05
PCG: 1 : 1.009826e-05 / 6.059877e-01
PCG: 2 : 1.158529e-05 / 6.952232e-01
PCG: 3 : 1.444501e-05 / 8.668323e-01
PCG: 0 : 1.444501e-05
PCG: 1 : 1.140415e-05 / 7.894877e-01
PCG: 2 : 9.709973e-06 / 6.722026e-01
PCG: 3 : 1.571239e-05 / 1.087739e+00
PCG: 0 : 1.571239e-05
PCG: 1 : 9.527574e-06 / 6.063733e-01
PCG: 2 : 1.093014e-05 / 6.956384e-01
PCG: 3 : 1.362136e-05 / 8.669185e-01
PCG: 0 : 1.362136e-05
PCG: 1 : 1.076054e-05 / 7.899753e-01
PCG: 2 : 9.160080e-06 / 6.724790e-01
PCG: 3 : 1.481431e-05 / 1.087579e+00
PCG: 0 : 1.481431e-05
PCG: 1 : 8.989346e-06 / 6.068015e-01
PCG: 2 : 1.031215e-05 / 6.960936e-01
PCG: 3 : 1.284374e-05 / 8.669818e-01
PCG: 0 : 1.284374e-05
PCG: 1 : 1.015355e-05 / 7.905447e-01
PCG: 2 : 8.641391e-06 / 6.728097e-01
PCG: 3 : 1.396691e-05 / 1.087449e+00
PCG: 0 : 1.396691e-05
PCG: 1 : 8.481644e-06 / 6.072670e-01
PCG: 2 : 9.729304e-06 / 6.965967e-01
PCG: 3 : 1.210994e-05 / 8.670447e-01
PCG: 0 : 1.210993e-05
PCG: 1 : 9.580776e-06 / 7.911502e-01
PCG: 2 : 8.151877e-06 / 6.731561e-01
PCG: 3 : 1.316728e-05 / 1.087312e+00
PCG: 0 : 1.316728e-05
PCG: 1 : 8.002411e-06 / 6.077496e-01
PCG: 2 : 9.179210e-06 / 6.971225e-01
PCG: 3 : 1.141757e-05 / 8.671170e-01
PCG: 0 : 1.141757e-05
PCG: 1 : 9.040293e-06 / 7.917876e-01
PCG: 2 : 7.690110e-06 / 6.735328e-01
PCG: 3 : 1.241271e-05 / 1.087158e+00
PCG: 0 : 1.241271e-05
PCG: 1 : 7.550623e-06 / 6.082979e-01
PCG: 2 : 8.660516e-06 / 6.977137e-01
PCG: 3 : 1.076455e-05 / 8.672202e-01
PCG: 0 : 1.076455e-05
PCG: 1 : 8.530799e-06 / 7.924903e-01
PCG: 2 : 7.254469e-06 / 6.739224e-01
PCG: 3 : 1.170061e-05 / 1.086958e+00
PCG: 0 : 1.170061e-05
PCG: 1 : 7.124164e-06 / 6.088711e-01
PCG: 2 : 8.171221e-06 / 6.983584e-01
PCG: 3 : 1.014806e-05 / 8.673099e-01
PCG: 0 : 1.014806e-05
PCG: 1 : 8.050092e-06 / 7.932644e-01
PCG: 2 : 6.843415e-06 / 6.743572e-01
PCG: 3 : 1.102868e-05 / 1.086778e+00
PCG: 0 : 1.102868e-05
PCG: 1 : 6.721877e-06 / 6.094906e-01
PCG: 2 : 7.709613e-06 / 6.990513e-01
PCG: 3 : 9.566206e-06 / 8.673936e-01
PCG: 0 : 9.566207e-06
PCG: 1 : 7.596512e-06 / 7.940987e-01
PCG: 2 : 6.455716e-06 / 6.748459e-01
PCG: 3 : 1.039464e-05 / 1.086599e+00
PCG: 0 : 1.039463e-05
PCG: 1 : 6.342508e-06 / 6.101713e-01
PCG: 2 : 7.274166e-06 / 6.998001e-01
PCG: 3 : 9.017327e-06 / 8.674982e-01
PCG: 0 : 9.017326e-06
PCG: 1 : 7.168644e-06 / 7.949855e-01
PCG: 2 : 6.090005e-06 / 6.753670e-01
PCG: 3 : 9.796240e-06 / 1.086380e+00
PCG: 0 : 9.796241e-06
PCG: 1 : 5.984528e-06 / 6.109005e-01
PCG: 2 : 6.863330e-06 / 7.006085e-01
PCG: 3 : 8.499198e-06 / 8.675979e-01
PCG: 0 : 8.499196e-06
PCG: 1 : 6.765088e-06 / 7.959680e-01
PCG: 2 : 5.744856e-06 / 6.759293e-01
PCG: 3 : 9.231410e-06 / 1.086151e+00
PCG: 0 : 9.231409e-06
PCG: 1 : 5.646727e-06 / 6.116864e-01
PCG: 2 : 6.475932e-06 / 7.015106e-01
PCG: 3 : 8.010605e-06 / 8.677554e-01
PCG: 0 : 8.010603e-06
PCG: 1 : 6.384385e-06 / 7.969919e-01
PCG: 2 : 5.419219e-06 / 6.765057e-01
PCG: 3 : 8.698368e-06 / 1.085857e+00
PCG: 0 : 8.698368e-06
PCG: 1 : 5.327979e-06 / 6.125263e-01
PCG: 2 : 6.110265e-06 / 7.024610e-01
PCG: 3 : 7.549591e-06 / 8.679319e-01
PCG: 0 : 7.549591e-06
PCG: 1 : 6.025256e-06 / 7.980904e-01
PCG: 2 : 5.112177e-06 / 6.771462e-01
PCG: 3 : 8.195464e-06 / 1.085551e+00
PCG: 0 : 8.195463e-06
PCG: 1 : 5.027442e-06 / 6.134421e-01
PCG: 2 : 5.765536e-06 / 7.035033e-01
PCG: 3 : 7.114657e-06 / 8.681214e-01
PCG: 0 : 7.114657e-06
PCG: 1 : 5.686378e-06 / 7.992483e-01
PCG: 2 : 4.822401e-06 / 6.778120e-01
PCG: 3 : 7.720756e-06 / 1.085190e+00
PCG: 0 : 7.720756e-06
PCG: 1 : 4.743743e-06 / 6.144143e-01
PCG: 2 : 5.440231e-06 / 7.046241e-01
PCG: 3 : 6.704204e-06 / 8.683351e-01
PCG: 0 : 6.704205e-06
PCG: 1 : 5.366841e-06 / 8.005188e-01
PCG: 2 : 4.549172e-06 / 6.785551e-01
PCG: 3 : 7.273090e-06 / 1.084855e+00
PCG: 0 : 7.273090e-06
PCG: 1 : 4.476204e-06 / 6.154473e-01
PCG: 2 : 5.133540e-06 / 7.058266e-01
PCG: 3 : 6.316850e-06 / 8.685235e-01
PCG: 0 : 6.316849e-06
PCG: 1 : 5.065373e-06 / 8.018828e-01
PCG: 2 : 4.291252e-06 / 6.793343e-01
PCG: 3 : 6.850497e-06 / 1.084480e+00
PCG: 0 : 6.850497e-06
PCG: 1 : 4.223690e-06 / 6.165524e-01
PCG: 2 : 4.844121e-06 / 7.071196e-01
PCG: 3 : 5.951659e-06 / 8.687923e-01
PCG: 0 : 5.951661e-06
PCG: 1 : 4.780901e-06 / 8.032886e-01
PCG: 2 : 4.048101e-06 / 6.801633e-01
PCG: 3 : 6.451851e-06 / 1.084042e+00
PCG: 0 : 6.451851e-06
PCG: 1 : 3.985565e-06 / 6.177398e-01
PCG: 2 : 4.571131e-06 / 7.084991e-01
PCG: 3 : 5.606893e-06 / 8.690363e-01
PCG: 0 : 5.606893e-06
PCG: 1 : 4.512530e-06 / 8.048183e-01
PCG: 2 : 3.818701e-06 / 6.810726e-01
PCG: 3 : 6.075826e-06 / 1.083635e+00
PCG: 0 : 6.075826e-06
PCG: 1 : 3.760823e-06 / 6.189813e-01
PCG: 2 : 4.313640e-06 / 7.099677e-01
PCG: 3 : 5.281707e-06 / 8.692986e-01
PCG: 0 : 5.281707e-06
PCG: 1 : 4.259345e-06 / 8.064334e-01
PCG: 2 : 3.602263e-06 / 6.820263e-01
PCG: 3 : 5.721079e-06 / 1.083187e+00
PCG: 0 : 5.721078e-06
PCG: 1 : 3.548804e-06 / 6.203035e-01
PCG: 2 : 4.070816e-06 / 7.115470e-01
PCG: 3 : 4.975034e-06 / 8.695973e-01
PCG: 0 : 4.975033e-06
PCG: 1 : 4.020506e-06 / 8.081365e-01
PCG: 2 : 3.398141e-06 / 6.830389e-01
PCG: 3 : 5.386508e-06 / 1.082708e+00
PCG: 0 : 5.386507e-06
PCG: 1 : 3.348698e-06 / 6.216827e-01
PCG: 2 : 3.841684e-06 / 7.132050e-01
PCG: 3 : 4.685717e-06 / 8.698990e-01
PCG: 0 : 4.685717e-06
PCG: 1 : 3.795118e-06 / 8.099334e-01
PCG: 2 : 3.205556e-06 / 6.841122e-01
PCG: 3 : 5.070852e-06 / 1.082193e+00
PCG: 0 : 5.070852e-06
PCG: 1 : 3.159919e-06 / 6.231534e-01
PCG: 2 : 3.625609e-06 / 7.149901e-01
PCG: 3 : 4.412864e-06 / 8.702411e-01
PCG: 0 : 4.412864e-06
PCG: 1 : 3.582558e-06 / 8.118442e-01
PCG: 2 : 3.023938e-06 / 6.852553e-01
PCG: 3 : 4.773341e-06 / 1.081688e+00
PCG: 0 : 4.773341e-06
PCG: 1 : 2.981753e-06 / 6.246679e-01
PCG: 2 : 3.421790e-06 / 7.168543e-01
PCG: 3 : 4.155481e-06 / 8.705603e-01
PCG: 0 : 4.155481e-06
PCG: 1 : 3.381922e-06 / 8.138460e-01
PCG: 2 : 2.852599e-06 / 6.864666e-01
PCG: 3 : 4.492804e-06 / 1.081175e+00
PCG: 0 : 4.492804e-06
PCG: 1 : 2.813672e-06 / 6.262619e-01
PCG: 2 : 3.229563e-06 / 7.188302e-01
PCG: 3 : 3.912906e-06 / 8.709274e-01
PCG: 0 : 3.912907e-06
PCG: 1 : 3.192581e-06 / 8.159103e-01
PCG: 2 : 2.690995e-06 / 6.877228e-01
PCG: 3 : 4.228262e-06 / 1.080594e+00
PCG: 0 : 4.228263e-06
PCG: 1 : 2.655021e-06 / 6.279224e-01
PCG: 2 : 3.048131e-06 / 7.208945e-01
PCG: 3 : 3.684240e-06 / 8.713367e-01
PCG: 0 : 3.684241e-06
PCG: 1 : 3.013875e-06 / 8.180448e-01
PCG: 2 : 2.538579e-06 / 6.890371e-01
PCG: 3 : 3.978955e-06 / 1.079993e+00
PCG: 0 : 3.978955e-06
PCG: 1 : 2.505361e-06 / 6.296531e-01
PCG: 2 : 2.877079e-06 / 7.230740e-01
PCG: 3 : 3.468738e-06 / 8.717712e-01
PCG: 0 : 3.468738e-06
PCG: 1 : 2.845318e-06 / 8.202746e-01
PCG: 2 : 2.394809e-06 / 6.903976e-01
PCG: 3 : 3.744026e-06 / 1.079363e+00
PCG: 0 : 3.744026e-06
PCG: 1 : 2.364012e-06 / 6.314090e-01
PCG: 2 : 2.715684e-06 / 7.253379e-01
PCG: 3 : 3.265575e-06 / 8.722094e-01
PCG: 0 : 3.265576e-06
PCG: 1 : 2.686240e-06 / 8.225930e-01
PCG: 2 : 2.259216e-06 / 6.918278e-01
PCG: 3 : 3.522728e-06 / 1.078746e+00
PCG: 0 : 3.522728e-06
PCG: 1 : 2.230695e-06 / 6.332293e-01
PCG: 2 : 2.563435e-06 / 7.276845e-01
PCG: 3 : 3.074121e-06 / 8.726535e-01
PCG: 0 : 3.074121e-06
PCG: 1 : 2.536005e-06 / 8.249531e-01
PCG: 2 : 2.131342e-06 / 6.933175e-01
PCG: 3 : 3.314236e-06 / 1.078109e+00
PCG: 0 : 3.314236e-06
PCG: 1 : 2.104898e-06 / 6.351080e-01
PCG: 2 : 2.419776e-06 / 7.301159e-01
PCG: 3 : 2.893756e-06 / 8.731291e-01
PCG: 0 : 2.893756e-06
PCG: 1 : 2.394208e-06 / 8.273705e-01
PCG: 2 : 2.010730e-06 / 6.948513e-01
PCG: 3 : 3.117822e-06 / 1.077431e+00
PCG: 0 : 3.117822e-06
PCG: 1 : 1.986140e-06 / 6.370282e-01
PCG: 2 : 2.284237e-06 / 7.326388e-01
PCG: 3 : 2.723908e-06 / 8.736575e-01
PCG: 0 : 2.723908e-06
PCG: 1 : 2.260400e-06 / 8.298370e-01
PCG: 2 : 1.896960e-06 / 6.964109e-01
PCG: 3 : 2.932928e-06 / 1.076735e+00
PCG: 0 : 2.932928e-06
PCG: 1 : 1.874069e-06 / 6.389756e-01
PCG: 2 : 2.156360e-06 / 7.352244e-01
PCG: 3 : 2.563936e-06 / 8.741901e-01
PCG: 0 : 2.563936e-06
PCG: 1 : 2.134052e-06 / 8.323342e-01
PCG: 2 : 1.789669e-06 / 6.980161e-01
PCG: 3 : 2.758843e-06 / 1.076018e+00
PCG: 0 : 2.758843e-06
PCG: 1 : 1.768281e-06 / 6.409503e-01
PCG: 2 : 2.035698e-06 / 7.378813e-01
PCG: 3 : 2.413282e-06 / 8.747445e-01
PCG: 0 : 2.413283e-06
PCG: 1 : 2.014784e-06 / 8.348727e-01
PCG: 2 : 1.688457e-06 / 6.996514e-01
PCG: 3 : 2.595030e-06 / 1.075311e+00
PCG: 0 : 2.595030e-06
PCG: 1 : 1.668421e-06 / 6.429291e-01
PCG: 2 : 1.921829e-06 / 7.405807e-01
PCG: 3 : 2.271546e-06 / 8.753445e-01
PCG: 0 : 2.271546e-06
PCG: 1 : 1.902175e-06 / 8.373923e-01
PCG: 2 : 1.593040e-06 / 7.013023e-01
PCG: 3 : 2.440911e-06 / 1.074559e+00
PCG: 0 : 2.440911e-06
PCG: 1 : 1.574257e-06 / 6.449465e-01
PCG: 2 : 1.814408e-06 / 7.433326e-01
PCG: 3 : 2.138051e-06 / 8.759234e-01
PCG: 0 : 2.138051e-06
PCG: 1 : 1.795852e-06 / 8.399482e-01
PCG: 2 : 1.503003e-06 / 7.029780e-01
PCG: 3 : 2.295880e-06 / 1.073819e+00
PCG: 0 : 2.295880e-06
PCG: 1 : 1.485301e-06 / 6.469420e-01
PCG: 2 : 1.712981e-06 / 7.461110e-01
PCG: 3 : 2.012475e-06 / 8.765594e-01
PCG: 0 : 2.012475e-06
PCG: 1 : 1.695480e-06 / 8.424852e-01
PCG: 2 : 1.418122e-06 / 7.046657e-01
PCG: 3 : 2.159509e-06 / 1.073061e+00
PCG: 0 : 2.159508e-06
PCG: 1 : 1.401395e-06 / 6.489416e-01
PCG: 2 : 1.617279e-06 / 7.489107e-01
PCG: 3 : 1.894216e-06 / 8.771515e-01
PCG: 0 : 1.894216e-06
PCG: 1 : 1.600672e-06 / 8.450313e-01
PCG: 2 : 1.338016e-06 / 7.063693e-01
PCG: 3 : 2.031267e-06 / 1.072352e+00
PCG: 0 : 2.031267e-06
PCG: 1 : 1.322181e-06 / 6.509144e-01
PCG: 2 : 1.526951e-06 / 7.517232e-01
PCG: 3 : 1.783011e-06 / 8.777827e-01
PCG: 0 : 1.783011e-06
PCG: 1 : 1.511177e-06 / 8.475419e-01
PCG: 2 : 1.262481e-06 / 7.080613e-01
PCG: 3 : 1.910758e-06 / 1.071647e+00
PCG: 0 : 1.910758e-06
PCG: 1 : 1.247459e-06 / 6.528606e-01
PCG: 2 : 1.441685e-06 / 7.545093e-01
PCG: 3 : 1.678410e-06 / 8.783998e-01
PCG: 0 : 1.678410e-06
PCG: 1 : 1.426673e-06 / 8.500150e-01
PCG: 2 : 1.191256e-06 / 7.097527e-01
PCG: 3 : 1.797443e-06 / 1.070920e+00
PCG: 0 : 1.797443e-06
PCG: 1 : 1.176924e-06 / 6.547770e-01
PCG: 2 : 1.361172e-06 / 7.572827e-01
PCG: 3 : 1.579959e-06 / 8.790037e-01
PCG: 0 : 1.579959e-06
PCG: 1 : 1.346840e-06 / 8.524528e-01
PCG: 2 : 1.124019e-06 / 7.114230e-01
PCG: 3 : 1.690916e-06 / 1.070228e+00
PCG: 0 : 1.690916e-06
PCG: 1 : 1.110345e-06 / 6.566532e-01
PCG: 2 : 1.285173e-06 / 7.600454e-01
PCG: 3 : 1.487431e-06 / 8.796601e-01
PCG: 0 : 1.487431e-06
PCG: 1 : 1.271497e-06 / 8.548276e-01
PCG: 2 : 1.060639e-06 / 7.130677e-01
PCG: 3 : 1.590902e-06 / 1.069564e+00
PCG: 0 : 1.590903e-06
PCG: 1 : 1.047548e-06 / 6.584616e-01
PCG: 2 : 1.213418e-06 / 7.627230e-01
PCG: 3 : 1.400294e-06 / 8.801883e-01
PCG: 0 : 1.400294e-06
PCG: 1 : 1.200325e-06 / 8.571948e-01
PCG: 2 : 1.000833e-06 / 7.147304e-01
PCG: 3 : 1.496909e-06 / 1.068996e+00
PCG: 0 : 1.496909e-06
PCG: 1 : 9.882765e-07 / 6.602113e-01
PCG: 2 : 1.145663e-06 / 7.653523e-01
PCG: 3 : 1.318385e-06 / 8.807378e-01
PCG: 0 : 1.318384e-06
PCG: 1 : 1.133098e-06 / 8.594595e-01
PCG: 2 : 9.444068e-07 / 7.163365e-01
PCG: 3 : 1.408566e-06 / 1.068403e+00
PCG: 0 : 1.408566e-06
PCG: 1 : 9.323838e-07 / 6.619381e-01
PCG: 2 : 1.081692e-06 / 7.679386e-01
PCG: 3 : 1.241380e-06 / 8.813074e-01
PCG: 0 : 1.241380e-06
PCG: 1 : 1.069634e-06 / 8.616494e-01
PCG: 2 : 8.911888e-07 / 7.179018e-01
PCG: 3 : 1.325563e-06 / 1.067814e+00
PCG: 0 : 1.325563e-06
PCG: 1 : 8.796253e-07 / 6.635860e-01
PCG: 2 : 1.021290e-06 / 7.704576e-01
PCG: 3 : 1.168954e-06 / 8.818545e-01
PCG: 0 : 1.168954e-06
PCG: 1 : 1.009700e-06 / 8.637636e-01
PCG: 2 : 8.409622e-07 / 7.194143e-01
PCG: 3 : 1.247587e-06 / 1.067268e+00
PCG: 0 : 1.247587e-06
PCG: 1 : 8.298465e-07 / 6.651614e-01
PCG: 2 : 9.642587e-07 / 7.728991e-01
PCG: 3 : 1.100861e-06 / 8.823921e-01
PCG: 0 : 1.100861e-06
PCG: 1 : 9.531072e-07 / 8.657838e-01
PCG: 2 : 7.935618e-07 / 7.208559e-01
PCG: 3 : 1.174300e-06 / 1.066711e+00
PCG: 0 : 1.174300e-06
PCG: 1 : 7.828500e-07 / 6.666524e-01
PCG: 2 : 9.103805e-07 / 7.752537e-01
PCG: 3 : 1.036836e-06 / 8.829395e-01
PCG: 0 : 1.036836e-06
PCG: 1 : 8.996795e-07 / 8.677166e-01
PCG: 2 : 7.488542e-07 / 7.222496e-01
PCG: 3 : 1.105467e-06 / 1.066193e+00
PCG: 0 : 1.105467e-06
PCG: 1 : 7.385618e-07 / 6.680996e-01
PCG: 2 : 8.595085e-07 / 7.775074e-01
PCG: 3 : 9.765762e-07 / 8.834062e-01
PCG: 0 : 9.765760e-07
PCG: 1 : 8.491937e-07 / 8.695624e-01
PCG: 2 : 7.066716e-07 / 7.236218e-01
PCG: 3 : 1.040766e-06 / 1.065729e+00
PCG: 0 : 1.040766e-06
PCG: 1 : 6.967647e-07 / 6.694732e-01
PCG: 2 : 8.114421e-07 / 7.796588e-01
PCG: 3 : 9.199279e-07 / 8.838953e-01
PCG: 0 : 9.199279e-07
PCG: 1 : 8.015385e-07 / 8.713058e-01
PCG: 2 : 6.668670e-07 / 7.249123e-01
PCG: 3 : 9.799714e-07 / 1.065270e+00
PCG: 0 : 9.799714e-07
PCG: 1 : 6.573267e-07 / 6.707611e-01
PCG: 2 : 7.660711e-07 / 7.817280e-01
PCG: 3 : 8.666457e-07 / 8.843582e-01
PCG: 0 : 8.666456e-07
PCG: 1 : 7.565538e-07 / 8.729679e-01
PCG: 2 : 6.292992e-07 / 7.261321e-01
PCG: 3 : 9.228339e-07 / 1.064834e+00
PCG: 0 : 9.228338e-07
PCG: 1 : 6.201259e-07 / 6.719800e-01
PCG: 2 : 7.232230e-07 / 7.836980e-01
PCG: 3 : 8.165143e-07 / 8.847902e-01
PCG: 0 : 8.165145e-07
PCG: 1 : 7.140659e-07 / 8.745294e-01
PCG: 2 : 5.938467e-07 / 7.272947e-01
PCG: 3 : 8.690967e-07 / 1.064398e+00
PCG: 0 : 8.690967e-07
PCG: 1 : 5.850258e-07 / 6.731423e-01
PCG: 2 : 6.827303e-07 / 7.855631e-01
PCG: 3 : 7.693532e-07 / 8.852331e-01
PCG: 0 : 7.693532e-07
PCG: 1 : 6.739539e-07 / 8.760007e-01
PCG: 2 : 5.604037e-07 / 7.284089e-01
PCG: 3 : 8.186171e-07 / 1.064033e+00
PCG: 0 : 8.186170e-07
PCG: 1 : 5.519199e-07 / 6.742102e-01
PCG: 2 : 6.445100e-07 / 7.873157e-01
PCG: 3 : 7.249627e-07 / 8.855945e-01
PCG: 0 : 7.249626e-07
PCG: 1 : 6.360922e-07 / 8.774138e-01
PCG: 2 : 5.288400e-07 / 7.294720e-01
PCG: 3 : 7.711707e-07 / 1.063739e+00
PCG: 0 : 7.711708e-07
PCG: 1 : 5.206929e-07 / 6.751978e-01
PCG: 2 : 6.084138e-07 / 7.889481e-01
PCG: 3 : 6.831805e-07 / 8.859004e-01
PCG: 0 : 6.831805e-07
PCG: 1 : 6.003430e-07 / 8.787472e-01
PCG: 2 : 4.990542e-07 / 7.304865e-01
PCG: 3 : 7.265414e-07 / 1.063469e+00
PCG: 0 : 7.265414e-07
PCG: 1 : 4.912408e-07 / 6.761360e-01
PCG: 2 : 5.743339e-07 / 7.905040e-01
PCG: 3 : 6.438778e-07 / 8.862231e-01
PCG: 0 : 6.438778e-07
PCG: 1 : 5.665960e-07 / 8.799745e-01
PCG: 2 : 4.709404e-07 / 7.314127e-01
PCG: 3 : 6.845610e-07 / 1.063185e+00
PCG: 0 : 6.845610e-07
PCG: 1 : 4.634467e-07 / 6.769984e-01
PCG: 2 : 5.421409e-07 / 7.919541e-01
PCG: 3 : 6.068753e-07 / 8.865175e-01
PCG: 0 : 6.068754e-07
PCG: 1 : 5.347270e-07 / 8.811149e-01
PCG: 2 : 4.444055e-07 / 7.322847e-01
PCG: 3 : 6.450668e-07 / 1.062931e+00
PCG: 0 : 6.450667e-07
PCG: 1 : 4.372369e-07 / 6.778166e-01
PCG: 2 : 5.117462e-07 / 7.933229e-01
PCG: 3 : 5.720623e-07 / 8.868266e-01
PCG: 0 : 5.720624e-07
PCG: 1 : 5.046551e-07 / 8.821678e-01
PCG: 2 : 4.193824e-07 / 7.331059e-01
PCG: 3 : 6.079167e-07 / 1.062675e+00
PCG: 0 : 6.079166e-07
PCG: 1 : 4.125117e-07 / 6.785663e-01
PCG: 2 : 4.830404e-07 / 7.945834e-01
PCG: 3 : 5.392700e-07 / 8.870790e-01
PCG: 0 : 5.392700e-07
PCG: 1 : 4.762582e-07 / 8.831534e-01
PCG: 2 : 3.957515e-07 / 7.338653e-01
PCG: 3 : 5.729485e-07 / 1.062452e+00
PCG: 0 : 5.729485e-07
PCG: 1 : 3.891819e-07 / 6.792616e-01
PCG: 2 : 4.559315e-07 / 7.957635e-01
PCG: 3 : 5.084017e-07 / 8.873429e-01
PCG: 0 : 5.084017e-07
PCG: 1 : 4.494528e-07 / 8.840505e-01
PCG: 2 : 3.734554e-07 / 7.345675e-01
PCG: 3 : 5.400391e-07 / 1.062229e+00
PCG: 0 : 5.400390e-07
PCG: 1 : 3.671769e-07 / 6.799081e-01
PCG: 2 : 4.303375e-07 / 7.968637e-01
PCG: 3 : 4.793399e-07 / 8.876024e-01
PCG: 0 : 4.793399e-07
PCG: 1 : 4.241562e-07 / 8.848757e-01
PCG: 2 : 3.524156e-07 / 7.352102e-01
PCG: 3 : 5.090700e-07 / 1.062023e+00
PCG: 0 : 5.090700e-07
PCG: 1 : 3.464198e-07 / 6.804953e-01
PCG: 2 : 4.061662e-07 / 7.978591e-01
PCG: 3 : 4.519496e-07 / 8.877946e-01
PCG: 0 : 4.519496e-07
PCG: 1 : 4.002753e-07 / 8.856635e-01
PCG: 2 : 3.325611e-07 / 7.358367e-01
PCG: 3 : 4.799146e-07 / 1.061876e+00
PCG: 0 : 4.799145e-07
PCG: 1 : 3.268352e-07 / 6.810278e-01
PCG: 2 : 3.833452e-07 / 7.987781e-01
PCG: 3 : 4.261551e-07 / 8.879812e-01
PCG: 0 : 4.261551e-07
PCG: 1 : 3.777293e-07 / 8.863658e-01
PCG: 2 : 3.138204e-07 / 7.363996e-01
PCG: 3 : 4.524555e-07 / 1.061716e+00
PCG: 0 : 4.524555e-07
PCG: 1 : 3.083663e-07 / 6.815394e-01
PCG: 2 : 3.618046e-07 / 7.996467e-01
PCG: 3 : 4.018576e-07 / 8.881704e-01
PCG: 0 : 4.018576e-07
PCG: 1 : 3.564569e-07 / 8.870229e-01
PCG: 2 : 2.961438e-07 / 7.369371e-01
PCG: 3 : 4.266038e-07 / 1.061579e+00
PCG: 0 : 4.266038e-07
PCG: 1 : 2.909468e-07 / 6.820070e-01
PCG: 2 : 3.414672e-07 / 8.004317e-01
PCG: 3 : 3.789682e-07 / 8.883375e-01
PCG: 0 : 3.789682e-07
PCG: 1 : 3.363761e-07 / 8.876104e-01
PCG: 2 : 2.794568e-07 / 7.374150e-01
PCG: 3 : 4.022444e-07 / 1.061420e+00
PCG: 0 : 4.022444e-07
PCG: 1 : 2.745040e-07 / 6.824308e-01
PCG: 2 : 3.222634e-07 / 8.011632e-01
PCG: 3 : 3.573937e-07 / 8.884988e-01
PCG: 0 : 3.573938e-07
PCG: 1 : 3.174251e-07 / 8.881664e-01
PCG: 2 : 2.637084e-07 / 7.378652e-01
PCG: 3 : 3.793141e-07 / 1.061334e+00
PCG: 0 : 3.793139e-07
PCG: 1 : 2.589975e-07 / 6.828051e-01
PCG: 2 : 3.041391e-07 / 8.018137e-01
PCG: 3 : 3.370653e-07 / 8.886182e-01
PCG: 0 : 3.370653e-07
PCG: 1 : 2.995379e-07 / 8.886644e-01
PCG: 2 : 2.488481e-07 / 7.382786e-01
PCG: 3 : 3.577048e-07 / 1.061233e+00
PCG: 0 : 3.577048e-07
PCG: 1 : 2.443682e-07 / 6.831561e-01
PCG: 2 : 2.870288e-07 / 8.024180e-01
PCG: 3 : 3.179117e-07 / 8.887543e-01
PCG: 0 : 3.179117e-07
PCG: 1 : 2.826566e-07 / 8.891041e-01
PCG: 2 : 2.348232e-07 / 7.386429e-01
PCG: 3 : 3.373405e-07 / 1.061114e+00
PCG: 0 : 3.373406e-07
PCG: 1 : 2.305647e-07 / 6.834774e-01
PCG: 2 : 2.708760e-07 / 8.029748e-01
PCG: 3 : 2.998519e-07 / 8.888699e-01
PCG: 0 : 2.998519e-07
PCG: 1 : 2.667237e-07 / 8.895181e-01
PCG: 2 : 2.215862e-07 / 7.389857e-01
PCG: 3 : 3.181514e-07 / 1.061029e+00
PCG: 0 : 3.181514e-07
PCG: 1 : 2.175452e-07 / 6.837788e-01
PCG: 2 : 2.556352e-07 / 8.035017e-01
PCG: 3 : 2.828409e-07 / 8.890137e-01
PCG: 0 : 2.828410e-07
PCG: 1 : 2.516886e-07 / 8.898592e-01
PCG: 2 : 2.090934e-07 / 7.392613e-01
PCG: 3 : 3.000626e-07 / 1.060888e+00

PCG ( VCycle ( S: Scale / C: Scale )  )

Complete solver TOE: 125.777
0.00468744 GFlop/s [0.00468744 GFlops/s]

Total time: 125.777s
Accumulated op time: 121.812

Reductions: 1.81191%
Blas-1: 5.23337%
Blas-2: 89.8023%
Precon Kernels: 0%
MPI Execution: 0%
MPI Wait: 0%
Not covered: 3.15243%

Domain size: 26.6946 MByte
LA size: 88.3135 MByte
MPI size: 2.67096 MByte

H0-Error: 2.363090e-06
H1-Error: 4.034416e-03

Writing DATA to output.data...
Run-Time: 2:08.197 [2:08.197]
0xb32ea9f8 Error: MemoryPool<CPU> still contains memory chunks on deconstructor call
