NUM-PROCS: 1
Preparing domain...
LVL-MIN: 2 [2]
LVL-MAX: 6 [6]
Creating gates...
Assembling system matrices...
Assembling system filters...
Assembling transfer matrices...
Converting assembled linear system from SparseMatrixCSR, Mem:main to SparseMatrixCSR, Mem:mainand to SparseMatrixCSR, Mem:main...
PCG:  0 : 1.512628e-01
PCG:  1 : 6.849770e-02 / 4.528389e-01
PCG:  2 : 3.186493e-02 / 2.106593e-01
PCG:  3 : 6.157388e-03 / 4.070655e-02
PCG:  4 : 5.726322e-04 / 3.785677e-03
PCG:  5 : 6.737383e-05 / 4.454090e-04
PCG:  6 : 9.680294e-06 / 6.399651e-05
PCG:  7 : 2.866486e-07 / 1.895037e-06
PCG:  8 : 7.094543e-08 / 4.690209e-07
PCG:  9 : 5.006998e-08 / 3.310131e-07
PCG: 10 : 5.722131e-09 / 3.782906e-08
PCG:  0 : 1.254563e-02
PCG:  1 : 1.974162e-03 / 1.573586e-01
PCG:  2 : 1.505226e-03 / 1.199801e-01
PCG:  3 : 1.270641e-04 / 1.012816e-02
PCG:  4 : 1.616160e-05 / 1.288226e-03
PCG:  5 : 1.406841e-06 / 1.121380e-04
PCG:  6 : 1.660815e-07 / 1.323820e-05
PCG:  7 : 2.305168e-08 / 1.837427e-06
PCG:  8 : 2.783167e-09 / 2.218436e-07
PCG:  9 : 2.031583e-10 / 1.619355e-08
PCG:  0 : 1.989815e-08
PCG:  1 : 4.883471e-09 / 2.454234e-01
PCG:  2 : 2.892429e-09 / 1.453617e-01
PCG:  3 : 6.207724e-10 / 3.119749e-02
PCG:  4 : 6.679845e-11 / 3.357018e-03
PCG:  5 : 1.193685e-11 / 5.998977e-04
PCG:  6 : 1.934319e-12 / 9.721098e-05
PCG:  7 : 2.627293e-13 / 1.320370e-05
PCG:  8 : 2.912245e-14 / 1.463576e-06
PCG:  9 : 3.637084e-15 / 1.827850e-07
PCG: 10 : 3.716793e-16 / 1.867909e-08
PCG:  0 : 4.042043e-14
PCG:  1 : 1.157972e-14 / 2.864818e-01
PCG:  2 : 4.806766e-15 / 1.189192e-01
PCG:  3 : 8.094527e-16 / 2.002583e-02
PCG:  4 : 1.226128e-16 / 3.033437e-03
PCG:  5 : 2.401732e-17 / 5.941876e-04
PCG:  6 : 2.966829e-18 / 7.339926e-05
PCG:  7 : 3.629165e-19 / 8.978543e-06
PCG:  8 : 3.973454e-20 / 9.830311e-07
PCG:  9 : 4.604829e-21 / 1.139233e-07
PCG: 10 : 3.041146e-22 / 7.523785e-09

PCG ( VCycle ( S: Scale / C: Scale )  )

Complete solver TOE: 0.009909
2.38198 GFlop/s [2.38198 GFlops/s]

Total time: 0.009909s
Accumulated op time: 0.009324

Reductions: 18.7002%
Blas-1: 2.02846%
Blas-2: 73.3676%
Precon Kernels: 0%
MPI Execution: 0%
MPI Wait: 0%
Not covered: 5.90372%

Domain size: 0.776138 MByte
LA size: 1.95234 MByte
MPI size: 0.0436325 MByte

H0-Error: 1.098307e-04
H1-Error: 3.227246e-02

Writing DATA to output.data...
Run-Time: 0:00.021 [0:00.021]
0x31d198e880 Error: MemoryPool<CPU> still contains memory chunks on deconstructor call
