NUM-PROCS: 1
Preparing domain...
LVL-MIN: 4 [4]
LVL-MAX: 9 [9]
Creating gates...
Assembling system matrices...
Assembling system filters...
Assembling transfer matrices...
Converting assembled linear system from SparseMatrixCSR, Mem:main to SparseMatrixCSR, Mem:mainand to SparseMatrixCSR, Mem:main...
PCG: 0 : 1.894412e-02
PCG: 1 : 3.774227e-02 / 1.992294e+00
PCG: 2 : 4.952538e-02 / 2.614287e+00
PCG: 3 : 1.147043e-01 / 6.054875e+00
PCG: 4 : 1.196453e-01 / 6.315695e+00
PCG: 5 : 5.466951e-02 / 2.885829e+00
PCG: 6 : 2.264845e-02 / 1.195540e+00
PCG: 7 : 4.091199e-03 / 2.159614e-01
PCG: 8 : 1.388400e-03 / 7.328922e-02
PCG: 0 : 1.445979e-03
PCG: 1 : 1.280674e-03 / 8.856795e-01
PCG: 2 : 5.173407e-04 / 3.577789e-01
PCG: 3 : 6.716525e-05 / 4.644969e-02
PCG: 4 : 5.775440e-05 / 3.994140e-02
PCG: 5 : 5.994671e-05 / 4.145754e-02
PCG: 6 : 1.117448e-04 / 7.727971e-02
PCG: 7 : 4.171054e-05 / 2.884589e-02
PCG: 8 : 2.228436e-05 / 1.541127e-02
PCG: 0 : 2.228440e-05
PCG: 1 : 1.564648e-05 / 7.021272e-01
PCG: 2 : 1.510259e-05 / 6.777201e-01
PCG: 3 : 5.656865e-06 / 2.538486e-01
PCG: 4 : 2.254194e-06 / 1.011557e-01
PCG: 5 : 1.539652e-06 / 6.909102e-02
PCG: 6 : 4.853925e-06 / 2.178171e-01
PCG: 7 : 3.115042e-06 / 1.397858e-01
PCG: 8 : 1.336812e-06 / 5.998867e-02
PCG: 0 : 1.336814e-06
PCG: 1 : 6.819298e-07 / 5.101157e-01
PCG: 2 : 2.966451e-07 / 2.219046e-01
PCG: 3 : 7.291295e-08 / 5.454233e-02
PCG: 4 : 9.507705e-08 / 7.112212e-02
PCG: 5 : 7.410437e-08 / 5.543357e-02
PCG: 6 : 9.729613e-08 / 7.278210e-02
PCG: 7 : 3.418014e-08 / 2.556836e-02
PCG: 8 : 2.749469e-08 / 2.056733e-02
PCG: 0 : 2.749465e-08
PCG: 1 : 2.296273e-08 / 8.351709e-01
PCG: 2 : 3.619892e-08 / 1.316581e+00
PCG: 3 : 2.032455e-08 / 7.392184e-01
PCG: 4 : 8.526666e-09 / 3.101210e-01
PCG: 5 : 6.160783e-09 / 2.240721e-01
PCG: 6 : 8.624984e-09 / 3.136969e-01
PCG: 7 : 8.170886e-09 / 2.971810e-01
PCG: 8 : 7.274466e-09 / 2.645775e-01
PCG: 0 : 7.274480e-09
PCG: 1 : 3.541115e-09 / 4.867860e-01
PCG: 2 : 1.948526e-09 / 2.678578e-01
PCG: 3 : 9.481415e-10 / 1.303380e-01
PCG: 4 : 6.246455e-10 / 8.586806e-02
PCG: 5 : 6.327366e-10 / 8.698033e-02
PCG: 6 : 6.775202e-10 / 9.313658e-02
PCG: 7 : 3.333814e-10 / 4.582890e-02
PCG: 8 : 3.490672e-10 / 4.798517e-02

PCG ( VCycle ( S: Scale / C: Scale )  )

Complete solver TOE: 0.727788
2.54128 GFlop/s [2.54128 GFlops/s]

Total time: 0.727788s
Accumulated op time: 0.700132

Reductions: 7.30584%
Blas-1: 5.89169%
Blas-2: 83.0025%
Precon Kernels: 0%
MPI Execution: 0%
MPI Wait: 0%
Not covered: 3.80001%

Domain size: 48.2041 MByte
LA size: 120.996 MByte
MPI size: 2.68153 MByte

H0-Error: 1.716526e-06
H1-Error: 4.034414e-03

Writing DATA to output.data...
Run-Time: 0:01.288 [0:01.288]
0x31d198e880 Error: MemoryPool<CPU> still contains memory chunks on deconstructor call
