NUM-PROCS: 1
Preparing domain...
LVL-MIN: 6 [6]
LVL-MAX: 10 [10]
Creating gates...
Assembling system matrices...
Assembling system filters...
Assembling transfer matrices...
Converting assembled linear system from SparseMatrixCSR, Mem:main to SparseMatrixELL, Mem:cudaand to SparseMatrixELL, Mem:cuda...
PCG:  0 : 9.473710e-03
PCG:  1 : 8.278748e-02 / 8.738654e+00
PCG:  2 : 8.474121e-02 / 8.944881e+00
PCG:  3 : 1.927502e-01 / 2.034580e+01
PCG:  4 : 2.336367e-01 / 2.466158e+01
PCG:  5 : 1.561383e-01 / 1.648122e+01
PCG:  6 : 1.647641e-01 / 1.739172e+01
PCG:  7 : 1.532130e-01 / 1.617244e+01
PCG:  8 : 1.763706e-01 / 1.861685e+01
PCG:  9 : 2.031487e-01 / 2.144341e+01
PCG: 10 : 1.283497e-01 / 1.354799e+01
PCG: 11 : 9.879246e-02 / 1.042806e+01
PCG: 12 : 9.599512e-02 / 1.013279e+01
PCG: 13 : 1.149586e-01 / 1.213449e+01
PCG: 14 : 1.199028e-01 / 1.265638e+01
PCG: 15 : 8.079220e-02 / 8.528043e+00
PCG: 16 : 6.607369e-02 / 6.974426e+00
PCG: 17 : 6.131525e-02 / 6.472148e+00
PCG: 18 : 5.373352e-02 / 5.671855e+00
PCG: 19 : 3.737869e-02 / 3.945517e+00
PCG: 20 : 2.465386e-02 / 2.602345e+00
PCG:  0 : 2.461318e-02
PCG:  1 : 1.996441e-02 / 8.111266e-01
PCG:  2 : 1.905942e-02 / 7.743582e-01
PCG:  3 : 1.888041e-02 / 7.670853e-01
PCG:  4 : 1.243708e-02 / 5.053016e-01
PCG:  5 : 1.180209e-02 / 4.795031e-01
PCG:  6 : 1.053037e-02 / 4.278347e-01
PCG:  7 : 5.989007e-03 / 2.433252e-01
PCG:  8 : 4.063992e-03 / 1.651145e-01
PCG:  9 : 3.524714e-03 / 1.432043e-01
PCG: 10 : 4.535170e-03 / 1.842578e-01
PCG: 11 : 3.648942e-03 / 1.482516e-01
PCG: 12 : 2.248468e-03 / 9.135220e-02
PCG: 13 : 2.502676e-03 / 1.016803e-01
PCG: 14 : 1.982932e-03 / 8.056382e-02
PCG: 15 : 2.014539e-03 / 8.184797e-02
PCG: 16 : 1.899892e-03 / 7.719002e-02
PCG: 17 : 8.946277e-04 / 3.634751e-02
PCG: 18 : 1.025129e-03 / 4.164959e-02
PCG: 19 : 1.849941e-03 / 7.516059e-02
PCG: 20 : 2.289425e-03 / 9.301621e-02
PCG:  0 : 2.289425e-03
PCG:  1 : 7.424336e-04 / 3.242883e-01
PCG:  2 : 3.410311e-04 / 1.489593e-01
PCG:  3 : 3.029595e-04 / 1.323300e-01
PCG:  4 : 5.684654e-04 / 2.483006e-01
PCG:  5 : 5.299510e-04 / 2.314778e-01
PCG:  6 : 5.477887e-04 / 2.392692e-01
PCG:  7 : 8.596134e-04 / 3.754714e-01
PCG:  8 : 6.895969e-04 / 3.012097e-01
PCG:  9 : 8.481162e-04 / 3.704495e-01
PCG: 10 : 7.308826e-04 / 3.192429e-01
PCG: 11 : 4.612663e-04 / 2.014769e-01
PCG: 12 : 5.388187e-04 / 2.353511e-01
PCG: 13 : 6.310107e-04 / 2.756198e-01
PCG: 14 : 6.551169e-04 / 2.861491e-01
PCG: 15 : 5.275535e-04 / 2.304306e-01
PCG: 16 : 5.084725e-04 / 2.220962e-01
PCG: 17 : 5.764540e-04 / 2.517899e-01
PCG: 18 : 4.123522e-04 / 1.801117e-01
PCG: 19 : 2.500365e-04 / 1.092137e-01
PCG: 20 : 2.217155e-04 / 9.684331e-02
PCG:  0 : 2.217155e-04
PCG:  1 : 1.693525e-04 / 7.638282e-01
PCG:  2 : 1.834740e-04 / 8.275201e-01
PCG:  3 : 1.945188e-04 / 8.773351e-01
PCG:  4 : 1.058625e-04 / 4.774699e-01
PCG:  5 : 8.821668e-05 / 3.978824e-01
PCG:  6 : 9.418596e-05 / 4.248056e-01
PCG:  7 : 8.551927e-05 / 3.857163e-01
PCG:  8 : 7.214701e-05 / 3.254036e-01
PCG:  9 : 5.540967e-05 / 2.499134e-01
PCG: 10 : 6.452337e-05 / 2.910188e-01
PCG: 11 : 5.631907e-05 / 2.540151e-01
PCG: 12 : 4.424261e-05 / 1.995468e-01
PCG: 13 : 4.731733e-05 / 2.134147e-01
PCG: 14 : 2.849707e-05 / 1.285299e-01
PCG: 15 : 2.613185e-05 / 1.178621e-01
PCG: 16 : 2.654436e-05 / 1.197226e-01
PCG: 17 : 1.705901e-05 / 7.694100e-02
PCG: 18 : 1.766412e-05 / 7.967021e-02
PCG: 19 : 2.626579e-05 / 1.184662e-01
PCG: 20 : 3.806973e-05 / 1.717054e-01
PCG:  0 : 3.806973e-05
PCG:  1 : 1.616978e-05 / 4.247412e-01
PCG:  2 : 1.035116e-05 / 2.718999e-01
PCG:  3 : 8.450732e-06 / 2.219804e-01
PCG:  4 : 1.339704e-05 / 3.519081e-01
PCG:  5 : 1.390403e-05 / 3.652253e-01
PCG:  6 : 1.847914e-05 / 4.854024e-01
PCG:  7 : 2.874657e-05 / 7.551032e-01
PCG:  8 : 1.976201e-05 / 5.191003e-01
PCG:  9 : 2.121545e-05 / 5.572786e-01
PCG: 10 : 1.886524e-05 / 4.955443e-01
PCG: 11 : 1.504123e-05 / 3.950967e-01
PCG: 12 : 1.811999e-05 / 4.759686e-01
PCG: 13 : 1.421290e-05 / 3.733385e-01
PCG: 14 : 1.363860e-05 / 3.582532e-01
PCG: 15 : 1.387608e-05 / 3.644911e-01
PCG: 16 : 1.474264e-05 / 3.872536e-01
PCG: 17 : 1.319688e-05 / 3.466502e-01
PCG: 18 : 6.908394e-06 / 1.814668e-01
PCG: 19 : 5.797282e-06 / 1.522806e-01
PCG: 20 : 6.173315e-06 / 1.621581e-01
PCG:  0 : 6.173316e-06
PCG:  1 : 5.093678e-06 / 8.251122e-01
PCG:  2 : 4.276333e-06 / 6.927125e-01
PCG:  3 : 4.816359e-06 / 7.801899e-01
PCG:  4 : 3.911006e-06 / 6.335341e-01
PCG:  5 : 3.733261e-06 / 6.047416e-01
PCG:  6 : 2.958527e-06 / 4.792444e-01
PCG:  7 : 2.526371e-06 / 4.092405e-01
PCG:  8 : 3.088588e-06 / 5.003127e-01
PCG:  9 : 2.613068e-06 / 4.232844e-01
PCG: 10 : 2.122900e-06 / 3.438833e-01
PCG: 11 : 1.535516e-06 / 2.487344e-01
PCG: 12 : 1.592397e-06 / 2.579485e-01
PCG: 13 : 1.695693e-06 / 2.746811e-01
PCG: 14 : 8.395980e-07 / 1.360044e-01
PCG: 15 : 7.118792e-07 / 1.153155e-01
PCG: 16 : 7.977841e-07 / 1.292311e-01
PCG: 17 : 6.313680e-07 / 1.022737e-01
PCG: 18 : 5.363509e-07 / 8.688214e-02
PCG: 19 : 5.711889e-07 / 9.252547e-02
PCG: 20 : 8.495373e-07 / 1.376144e-01
PCG:  0 : 8.495372e-07
PCG:  1 : 4.321918e-07 / 5.087379e-01
PCG:  2 : 3.287692e-07 / 3.869980e-01
PCG:  3 : 2.588882e-07 / 3.047403e-01
PCG:  4 : 4.636021e-07 / 5.457113e-01
PCG:  5 : 5.371586e-07 / 6.322955e-01
PCG:  6 : 6.304766e-07 / 7.421412e-01
PCG:  7 : 8.839689e-07 / 1.040530e+00
PCG:  8 : 7.137875e-07 / 8.402074e-01
PCG:  9 : 6.514528e-07 / 7.668325e-01
PCG: 10 : 5.007178e-07 / 5.894006e-01
PCG: 11 : 5.146919e-07 / 6.058497e-01
PCG: 12 : 6.343010e-07 / 7.466429e-01
PCG: 13 : 3.974638e-07 / 4.678591e-01
PCG: 14 : 3.918757e-07 / 4.612814e-01
PCG: 15 : 4.101879e-07 / 4.828369e-01
PCG: 16 : 3.729876e-07 / 4.390480e-01
PCG: 17 : 3.179674e-07 / 3.742830e-01
PCG: 18 : 1.804873e-07 / 2.124537e-01
PCG: 19 : 1.637227e-07 / 1.927199e-01
PCG: 20 : 1.756160e-07 / 2.067196e-01
PCG:  0 : 1.756159e-07
PCG:  1 : 1.548092e-07 / 8.815215e-01
PCG:  2 : 1.355065e-07 / 7.716075e-01
PCG:  3 : 1.579394e-07 / 8.993459e-01
PCG:  4 : 1.506604e-07 / 8.578974e-01
PCG:  5 : 1.460187e-07 / 8.314662e-01
PCG:  6 : 1.046577e-07 / 5.959468e-01
PCG:  7 : 8.997154e-08 / 5.123200e-01
PCG:  8 : 1.169814e-07 / 6.661206e-01
PCG:  9 : 8.125440e-08 / 4.626825e-01
PCG: 10 : 5.659412e-08 / 3.222609e-01
PCG: 11 : 5.619552e-08 / 3.199911e-01
PCG: 12 : 6.193024e-08 / 3.526460e-01
PCG: 13 : 5.431454e-08 / 3.092803e-01
PCG: 14 : 3.130338e-08 / 1.782491e-01
PCG: 15 : 2.696306e-08 / 1.535343e-01
PCG: 16 : 2.384807e-08 / 1.357968e-01
PCG: 17 : 1.555298e-08 / 8.856250e-02
PCG: 18 : 1.500565e-08 / 8.544588e-02
PCG: 19 : 1.738354e-08 / 9.898617e-02
PCG: 20 : 2.695142e-08 / 1.534680e-01
PCG:  0 : 2.695146e-08
PCG:  1 : 1.527877e-08 / 5.668996e-01
PCG:  2 : 1.187093e-08 / 4.404559e-01
PCG:  3 : 1.032138e-08 / 3.829618e-01
PCG:  4 : 1.950905e-08 / 7.238587e-01
PCG:  5 : 1.956755e-08 / 7.260293e-01
PCG:  6 : 2.246656e-08 / 8.335933e-01
PCG:  7 : 3.166195e-08 / 1.174777e+00
PCG:  8 : 2.756551e-08 / 1.022784e+00
PCG:  9 : 2.228196e-08 / 8.267440e-01
PCG: 10 : 1.753374e-08 / 6.505672e-01
PCG: 11 : 2.251657e-08 / 8.354491e-01
PCG: 12 : 2.505684e-08 / 9.297024e-01
PCG: 13 : 1.389052e-08 / 5.153903e-01
PCG: 14 : 1.330844e-08 / 4.937928e-01
PCG: 15 : 1.322377e-08 / 4.906512e-01
PCG: 16 : 1.119451e-08 / 4.153584e-01
PCG: 17 : 9.233555e-09 / 3.425994e-01
PCG: 18 : 6.611419e-09 / 2.453084e-01
PCG: 19 : 6.776421e-09 / 2.514306e-01
PCG: 20 : 6.714782e-09 / 2.491435e-01

PCG ( VCycle ( S: Scale / C: Scale )  )

Complete solver TOE: 0.929324
29.0099 GFlop/s [29.0099 GFlops/s]

Total time: 0.929324s
Accumulated op time: 0.695965

Reductions: 73.304%
Blas-1: 0.803702%
Blas-2: 0.781643%
Precon Kernels: 0%
MPI Execution: 0%
MPI Wait: 0%
Not covered: 25.1106%

Domain size: 192.237 MByte
LA size: 482.108 MByte
MPI size: 10.6866 MByte

H0-Error: 4.321904e-07
H1-Error: 2.017209e-03

Writing DATA to output.data...
Run-Time: 0:03.656 [0:03.656]
0x31d198e880 Error: MemoryPool<CUDA> still contains memory chunks on deconstructor call
