NUM-PROCS: 1
Preparing domain...
LVL-MIN: 3 [3]
LVL-MAX: 5 [5]
Creating gates...
Assembling system matrices...
Assembling system filters...
Assembling transfer matrices...
Converting assembled linear system from SparseMatrixCSR, Mem:main to SparseMatrixCSR, Mem:mainand to SparseMatrixCSR, Mem:main...
PCG: 0 : 3.015411e-01
PCG: 1 : 2.796062e-01 / 9.272574e-01
PCG: 2 : 1.970729e-01 / 6.535525e-01
PCG: 3 : 8.407171e-02 / 2.788068e-01
PCG: 0 : 7.913268e-02
PCG: 1 : 2.550123e-02 / 3.222592e-01
PCG: 2 : 8.278929e-03 / 1.046209e-01
PCG: 3 : 9.004701e-03 / 1.137924e-01
PCG: 0 : 9.004700e-03
PCG: 1 : 4.840209e-03 / 5.375203e-01
PCG: 2 : 4.553045e-03 / 5.056298e-01
PCG: 3 : 2.506841e-03 / 2.783926e-01
PCG: 0 : 2.506841e-03
PCG: 1 : 1.364925e-03 / 5.444799e-01
PCG: 2 : 6.362558e-04 / 2.538078e-01
PCG: 3 : 5.898418e-04 / 2.352928e-01
PCG: 0 : 5.898417e-04
PCG: 1 : 3.045104e-04 / 5.162578e-01
PCG: 2 : 2.857421e-04 / 4.844386e-01
PCG: 3 : 1.645072e-04 / 2.789006e-01
PCG: 0 : 1.645072e-04
PCG: 1 : 8.611978e-05 / 5.235016e-01
PCG: 2 : 4.270417e-05 / 2.595885e-01
PCG: 3 : 3.968925e-05 / 2.412615e-01
PCG: 0 : 3.968925e-05
PCG: 1 : 2.031573e-05 / 5.118700e-01
PCG: 2 : 1.848532e-05 / 4.657513e-01
PCG: 3 : 1.092148e-05 / 2.751749e-01
PCG: 0 : 1.092148e-05
PCG: 1 : 5.663907e-06 / 5.186024e-01
PCG: 2 : 2.857294e-06 / 2.616215e-01
PCG: 3 : 2.665033e-06 / 2.440175e-01
PCG: 0 : 2.665034e-06
PCG: 1 : 1.359713e-06 / 5.102046e-01
PCG: 2 : 1.219265e-06 / 4.575044e-01
PCG: 3 : 7.359610e-07 / 2.761545e-01

PCG ( VCycle ( S: Scale / C: Scale )  )

Complete solver TOE: 0.001525
2.80446 GFlop/s [2.80446 GFlops/s]

Total time: 0.001525s
Accumulated op time: 0.001259

Reductions: 9.57377%
Blas-1: 3.21311%
Blas-2: 69.7705%
Precon Kernels: 0%
MPI Execution: 0%
MPI Wait: 0%
Not covered: 17.4426%

Domain size: 0.196762 MByte
LA size: 0.487099 MByte
MPI size: 0.0111771 MByte

H0-Error: 4.389634e-04
H1-Error: 6.452751e-02

Writing DATA to output.data...
Run-Time: 0:00.006 [0:00.006]
0x31d198e880 Error: MemoryPool<CPU> still contains memory chunks on deconstructor call
