NUM-PROCS: 1
Preparing domain...
LVL-MIN: 5 [5]
LVL-MAX: 7 [7]
Creating gates...
Assembling system matrices...
Assembling system filters...
Assembling transfer matrices...
Converting assembled linear system from SparseMatrixCSR, Mem:main to SparseMatrixCSR, Mem:mainand to SparseMatrixCSR, Mem:main...
PCG: 0 : 7.572460e-02
PCG: 1 : 2.892973e-01 / 3.820387e+00
PCG: 0 : 2.918421e-01
PCG: 1 : 1.735958e-01 / 5.948280e-01
PCG: 0 : 1.735958e-01
PCG: 1 : 2.214694e-01 / 1.275776e+00
PCG: 0 : 2.214694e-01
PCG: 1 : 2.018560e-01 / 9.114394e-01
PCG: 0 : 2.018559e-01
PCG: 1 : 2.174179e-01 / 1.077094e+00
PCG: 0 : 2.174179e-01
PCG: 1 : 1.825331e-01 / 8.395494e-01
PCG: 0 : 1.825330e-01
PCG: 1 : 1.952636e-01 / 1.069744e+00
PCG: 0 : 1.952636e-01
PCG: 1 : 1.646560e-01 / 8.432502e-01
PCG: 0 : 1.646560e-01
PCG: 1 : 1.776095e-01 / 1.078670e+00
PCG: 0 : 1.776095e-01
PCG: 1 : 1.508371e-01 / 8.492625e-01
PCG: 0 : 1.508371e-01
PCG: 1 : 1.637054e-01 / 1.085312e+00
PCG: 0 : 1.637054e-01
PCG: 1 : 1.397808e-01 / 8.538558e-01
PCG: 0 : 1.397808e-01
PCG: 1 : 1.523718e-01 / 1.090077e+00
PCG: 0 : 1.523718e-01
PCG: 1 : 1.306401e-01 / 8.573768e-01
PCG: 0 : 1.306401e-01
PCG: 1 : 1.428503e-01 / 1.093464e+00
PCG: 0 : 1.428503e-01
PCG: 1 : 1.228872e-01 / 8.602517e-01
PCG: 0 : 1.228872e-01
PCG: 1 : 1.346884e-01 / 1.096033e+00
PCG: 0 : 1.346884e-01
PCG: 1 : 1.161879e-01 / 8.626421e-01
PCG: 0 : 1.161879e-01
PCG: 1 : 1.275808e-01 / 1.098056e+00
PCG: 0 : 1.275808e-01
PCG: 1 : 1.103049e-01 / 8.645883e-01
PCG: 0 : 1.103049e-01
PCG: 1 : 1.213233e-01 / 1.099890e+00
PCG: 0 : 1.213232e-01
PCG: 1 : 1.050908e-01 / 8.662046e-01
PCG: 0 : 1.050907e-01
PCG: 1 : 1.157429e-01 / 1.101362e+00
PCG: 0 : 1.157429e-01
PCG: 1 : 1.004266e-01 / 8.676695e-01
PCG: 0 : 1.004266e-01
PCG: 1 : 1.107285e-01 / 1.102582e+00
PCG: 0 : 1.107285e-01
PCG: 1 : 9.621468e-02 / 8.689243e-01
PCG: 0 : 9.621468e-02
PCG: 1 : 1.061823e-01 / 1.103598e+00
PCG: 0 : 1.061823e-01
PCG: 1 : 9.238649e-02 / 8.700744e-01
PCG: 0 : 9.238650e-02
PCG: 1 : 1.020327e-01 / 1.104411e+00
PCG: 0 : 1.020327e-01
PCG: 1 : 8.887702e-02 / 8.710640e-01
PCG: 0 : 8.887701e-02
PCG: 1 : 9.821556e-02 / 1.105073e+00
PCG: 0 : 9.821555e-02
PCG: 1 : 8.563846e-02 / 8.719440e-01
PCG: 0 : 8.563845e-02
PCG: 1 : 9.468496e-02 / 1.105636e+00
PCG: 0 : 9.468495e-02
PCG: 1 : 8.262938e-02 / 8.726770e-01
PCG: 0 : 8.262938e-02
PCG: 1 : 9.139377e-02 / 1.106069e+00
PCG: 0 : 9.139375e-02
PCG: 1 : 7.981981e-02 / 8.733617e-01
PCG: 0 : 7.981980e-02
PCG: 1 : 8.830980e-02 / 1.106365e+00
PCG: 0 : 8.830981e-02
PCG: 1 : 7.717530e-02 / 8.739154e-01
PCG: 0 : 7.717531e-02
PCG: 1 : 8.540716e-02 / 1.106664e+00
PCG: 0 : 8.540716e-02
PCG: 1 : 7.467454e-02 / 8.743358e-01
PCG: 0 : 7.467455e-02
PCG: 1 : 8.265714e-02 / 1.106898e+00
PCG: 0 : 8.265713e-02
PCG: 1 : 7.230189e-02 / 8.747206e-01
PCG: 0 : 7.230189e-02
PCG: 1 : 8.003872e-02 / 1.107007e+00
PCG: 0 : 8.003872e-02
PCG: 1 : 7.004374e-02 / 8.751233e-01
PCG: 0 : 7.004375e-02
PCG: 1 : 7.754283e-02 / 1.107063e+00
PCG: 0 : 7.754283e-02
PCG: 1 : 6.788280e-02 / 8.754233e-01
PCG: 0 : 6.788279e-02
PCG: 1 : 7.514945e-02 / 1.107047e+00
PCG: 0 : 7.514944e-02
PCG: 1 : 6.581125e-02 / 8.757384e-01
PCG: 0 : 6.581124e-02
PCG: 1 : 7.285190e-02 / 1.106983e+00
PCG: 0 : 7.285190e-02
PCG: 1 : 6.381829e-02 / 8.760004e-01
PCG: 0 : 6.381829e-02
PCG: 1 : 7.064057e-02 / 1.106902e+00
PCG: 0 : 7.064056e-02
PCG: 1 : 6.189768e-02 / 8.762342e-01
PCG: 0 : 6.189768e-02
PCG: 1 : 6.850777e-02 / 1.106791e+00
PCG: 0 : 6.850777e-02
PCG: 1 : 6.004415e-02 / 8.764575e-01
PCG: 0 : 6.004414e-02
PCG: 1 : 6.644996e-02 / 1.106685e+00
PCG: 0 : 6.644997e-02
PCG: 1 : 5.825254e-02 / 8.766376e-01
PCG: 0 : 5.825253e-02
PCG: 1 : 6.446113e-02 / 1.106581e+00
PCG: 0 : 6.446112e-02
PCG: 1 : 5.651918e-02 / 8.767948e-01
PCG: 0 : 5.651918e-02
PCG: 1 : 6.253812e-02 / 1.106494e+00
PCG: 0 : 6.253811e-02
PCG: 1 : 5.484370e-02 / 8.769645e-01
PCG: 0 : 5.484370e-02
PCG: 1 : 6.067690e-02 / 1.106360e+00
PCG: 0 : 6.067690e-02
PCG: 1 : 5.322205e-02 / 8.771386e-01
PCG: 0 : 5.322204e-02
PCG: 1 : 5.887716e-02 / 1.106255e+00
PCG: 0 : 5.887716e-02
PCG: 1 : 5.164968e-02 / 8.772448e-01
PCG: 0 : 5.164967e-02
PCG: 1 : 5.713649e-02 / 1.106232e+00
PCG: 0 : 5.713649e-02
PCG: 1 : 5.013003e-02 / 8.773732e-01
PCG: 0 : 5.013003e-02
PCG: 1 : 5.544985e-02 / 1.106120e+00
PCG: 0 : 5.544985e-02
PCG: 1 : 4.865957e-02 / 8.775421e-01
PCG: 0 : 4.865957e-02
PCG: 1 : 5.381899e-02 / 1.106031e+00
PCG: 0 : 5.381899e-02
PCG: 1 : 4.723886e-02 / 8.777359e-01
PCG: 0 : 4.723885e-02
PCG: 1 : 5.224479e-02 / 1.105971e+00
PCG: 0 : 5.224478e-02
PCG: 1 : 4.586464e-02 / 8.778798e-01
PCG: 0 : 4.586463e-02
PCG: 1 : 5.072179e-02 / 1.105902e+00
PCG: 0 : 5.072179e-02
PCG: 1 : 4.453720e-02 / 8.780684e-01
PCG: 0 : 4.453720e-02
PCG: 1 : 4.925209e-02 / 1.105864e+00
PCG: 0 : 4.925209e-02
PCG: 1 : 4.325262e-02 / 8.781887e-01
PCG: 0 : 4.325262e-02
PCG: 1 : 4.783344e-02 / 1.105908e+00
PCG: 0 : 4.783343e-02
PCG: 1 : 4.201375e-02 / 8.783344e-01
PCG: 0 : 4.201375e-02
PCG: 1 : 4.646396e-02 / 1.105923e+00
PCG: 0 : 4.646395e-02
PCG: 1 : 4.081795e-02 / 8.784863e-01
PCG: 0 : 4.081795e-02
PCG: 1 : 4.514214e-02 / 1.105938e+00
PCG: 0 : 4.514214e-02
PCG: 1 : 3.966353e-02 / 8.786365e-01
PCG: 0 : 3.966353e-02
PCG: 1 : 4.386540e-02 / 1.105938e+00
PCG: 0 : 4.386540e-02
PCG: 1 : 3.854958e-02 / 8.788153e-01
PCG: 0 : 3.854958e-02
PCG: 1 : 4.263141e-02 / 1.105885e+00
PCG: 0 : 4.263140e-02
PCG: 1 : 3.747553e-02 / 8.790594e-01
PCG: 0 : 3.747554e-02
PCG: 1 : 4.144074e-02 / 1.105808e+00
PCG: 0 : 4.144074e-02
PCG: 1 : 3.643732e-02 / 8.792633e-01
PCG: 0 : 3.643731e-02
PCG: 1 : 4.029340e-02 / 1.105828e+00
PCG: 0 : 4.029340e-02
PCG: 1 : 3.543444e-02 / 8.794107e-01
PCG: 0 : 3.543444e-02
PCG: 1 : 3.918633e-02 / 1.105883e+00
PCG: 0 : 3.918633e-02
PCG: 1 : 3.446339e-02 / 8.794748e-01
PCG: 0 : 3.446338e-02
PCG: 1 : 3.811711e-02 / 1.106018e+00
PCG: 0 : 3.811711e-02
PCG: 1 : 3.352613e-02 / 8.795558e-01
PCG: 0 : 3.352613e-02
PCG: 1 : 3.708413e-02 / 1.106126e+00
PCG: 0 : 3.708413e-02
PCG: 1 : 3.262030e-02 / 8.796295e-01
PCG: 0 : 3.262029e-02
PCG: 1 : 3.608308e-02 / 1.106154e+00
PCG: 0 : 3.608307e-02
PCG: 1 : 3.174547e-02 / 8.797886e-01
PCG: 0 : 3.174548e-02
PCG: 1 : 3.511380e-02 / 1.106104e+00
PCG: 0 : 3.511379e-02
PCG: 1 : 3.089845e-02 / 8.799520e-01
PCG: 0 : 3.089845e-02
PCG: 1 : 3.417791e-02 / 1.106137e+00
PCG: 0 : 3.417791e-02
PCG: 1 : 3.007816e-02 / 8.800467e-01
PCG: 0 : 3.007816e-02
PCG: 1 : 3.327056e-02 / 1.106137e+00
PCG: 0 : 3.327055e-02
PCG: 1 : 2.928388e-02 / 8.801743e-01
PCG: 0 : 2.928388e-02
PCG: 1 : 3.239255e-02 / 1.106156e+00
PCG: 0 : 3.239254e-02
PCG: 1 : 2.851346e-02 / 8.802475e-01
PCG: 0 : 2.851346e-02
PCG: 1 : 3.154166e-02 / 1.106202e+00
PCG: 0 : 3.154165e-02
PCG: 1 : 2.776656e-02 / 8.803141e-01
PCG: 0 : 2.776656e-02
PCG: 1 : 3.071578e-02 / 1.106215e+00
PCG: 0 : 3.071577e-02
PCG: 1 : 2.704214e-02 / 8.803993e-01
PCG: 0 : 2.704214e-02
PCG: 1 : 2.991513e-02 / 1.106241e+00
PCG: 0 : 2.991512e-02
PCG: 1 : 2.633987e-02 / 8.804868e-01
PCG: 0 : 2.633987e-02
PCG: 1 : 2.913838e-02 / 1.106246e+00
PCG: 0 : 2.913837e-02
PCG: 1 : 2.565758e-02 / 8.805426e-01
PCG: 0 : 2.565758e-02
PCG: 1 : 2.838329e-02 / 1.106234e+00
PCG: 0 : 2.838329e-02
PCG: 1 : 2.499469e-02 / 8.806131e-01
PCG: 0 : 2.499469e-02
PCG: 1 : 2.765145e-02 / 1.106293e+00
PCG: 0 : 2.765145e-02
PCG: 1 : 2.435058e-02 / 8.806257e-01
PCG: 0 : 2.435057e-02
PCG: 1 : 2.693961e-02 / 1.106323e+00
PCG: 0 : 2.693960e-02
PCG: 1 : 2.372512e-02 / 8.806781e-01
PCG: 0 : 2.372512e-02
PCG: 1 : 2.624762e-02 / 1.106322e+00
PCG: 0 : 2.624762e-02
PCG: 1 : 2.311641e-02 / 8.807051e-01
PCG: 0 : 2.311641e-02
PCG: 1 : 2.557567e-02 / 1.106386e+00
PCG: 0 : 2.557567e-02
PCG: 1 : 2.252485e-02 / 8.807139e-01
PCG: 0 : 2.252484e-02
PCG: 1 : 2.492192e-02 / 1.106419e+00
PCG: 0 : 2.492192e-02
PCG: 1 : 2.194971e-02 / 8.807393e-01
PCG: 0 : 2.194971e-02
PCG: 1 : 2.428595e-02 / 1.106436e+00
PCG: 0 : 2.428595e-02
PCG: 1 : 2.139001e-02 / 8.807566e-01
PCG: 0 : 2.139001e-02
PCG: 1 : 2.366692e-02 / 1.106447e+00
PCG: 0 : 2.366692e-02
PCG: 1 : 2.084558e-02 / 8.807898e-01
PCG: 0 : 2.084558e-02
PCG: 1 : 2.306454e-02 / 1.106448e+00
PCG: 0 : 2.306454e-02
PCG: 1 : 2.031580e-02 / 8.808237e-01
PCG: 0 : 2.031580e-02
PCG: 1 : 2.247879e-02 / 1.106468e+00
PCG: 0 : 2.247879e-02
PCG: 1 : 1.979947e-02 / 8.808068e-01
PCG: 0 : 1.979947e-02
PCG: 1 : 2.190918e-02 / 1.106554e+00
PCG: 0 : 2.190918e-02
PCG: 1 : 1.929669e-02 / 8.807583e-01
PCG: 0 : 1.929669e-02
PCG: 1 : 2.135324e-02 / 1.106575e+00
PCG: 0 : 2.135324e-02
PCG: 1 : 1.880780e-02 / 8.807935e-01
PCG: 0 : 1.880779e-02
PCG: 1 : 2.081333e-02 / 1.106633e+00
PCG: 0 : 2.081333e-02
PCG: 1 : 1.833132e-02 / 8.807489e-01
PCG: 0 : 1.833132e-02
PCG: 1 : 2.028587e-02 / 1.106624e+00
PCG: 0 : 2.028586e-02
PCG: 1 : 1.786824e-02 / 8.808221e-01
PCG: 0 : 1.786824e-02
PCG: 1 : 1.977263e-02 / 1.106580e+00
PCG: 0 : 1.977263e-02
PCG: 1 : 1.741653e-02 / 8.808401e-01
PCG: 0 : 1.741652e-02
PCG: 1 : 1.927340e-02 / 1.106616e+00
PCG: 0 : 1.927340e-02
PCG: 1 : 1.697644e-02 / 8.808225e-01
PCG: 0 : 1.697644e-02
PCG: 1 : 1.878693e-02 / 1.106647e+00
PCG: 0 : 1.878694e-02
PCG: 1 : 1.654770e-02 / 8.808090e-01
PCG: 0 : 1.654770e-02
PCG: 1 : 1.831225e-02 / 1.106634e+00
PCG: 0 : 1.831225e-02
PCG: 1 : 1.613013e-02 / 8.808386e-01
PCG: 0 : 1.613013e-02
PCG: 1 : 1.785036e-02 / 1.106647e+00
PCG: 0 : 1.785036e-02
PCG: 1 : 1.572350e-02 / 8.808507e-01
PCG: 0 : 1.572350e-02
PCG: 1 : 1.740007e-02 / 1.106629e+00
PCG: 0 : 1.740007e-02
PCG: 1 : 1.532721e-02 / 8.808706e-01
PCG: 0 : 1.532721e-02
PCG: 1 : 1.696178e-02 / 1.106645e+00
PCG: 0 : 1.696178e-02
PCG: 1 : 1.494008e-02 / 8.808088e-01
PCG: 0 : 1.494008e-02
PCG: 1 : 1.653517e-02 / 1.106766e+00
PCG: 0 : 1.653517e-02
PCG: 1 : 1.456375e-02 / 8.807741e-01
PCG: 0 : 1.456375e-02
PCG: 1 : 1.611886e-02 / 1.106780e+00
PCG: 0 : 1.611886e-02
PCG: 1 : 1.419683e-02 / 8.807592e-01
PCG: 0 : 1.419683e-02
PCG: 1 : 1.571296e-02 / 1.106793e+00
PCG: 0 : 1.571296e-02
PCG: 1 : 1.383918e-02 / 8.807499e-01
PCG: 0 : 1.383919e-02
PCG: 1 : 1.531772e-02 / 1.106837e+00
PCG: 0 : 1.531772e-02
PCG: 1 : 1.349084e-02 / 8.807343e-01
PCG: 0 : 1.349084e-02
PCG: 1 : 1.493178e-02 / 1.106809e+00
PCG: 0 : 1.493178e-02
PCG: 1 : 1.315138e-02 / 8.807642e-01
PCG: 0 : 1.315138e-02
PCG: 1 : 1.455650e-02 / 1.106842e+00
PCG: 0 : 1.455650e-02
PCG: 1 : 1.282044e-02 / 8.807367e-01
PCG: 0 : 1.282044e-02
PCG: 1 : 1.419028e-02 / 1.106848e+00
PCG: 0 : 1.419028e-02
PCG: 1 : 1.249760e-02 / 8.807160e-01
PCG: 0 : 1.249761e-02
PCG: 1 : 1.383359e-02 / 1.106899e+00
PCG: 0 : 1.383359e-02
PCG: 1 : 1.218349e-02 / 8.807178e-01
PCG: 0 : 1.218349e-02
PCG: 1 : 1.348497e-02 / 1.106823e+00
PCG: 0 : 1.348497e-02
PCG: 1 : 1.187755e-02 / 8.807992e-01
PCG: 0 : 1.187755e-02
PCG: 1 : 1.314577e-02 / 1.106775e+00
PCG: 0 : 1.314577e-02
PCG: 1 : 1.157917e-02 / 8.808286e-01
PCG: 0 : 1.157917e-02
PCG: 1 : 1.281480e-02 / 1.106711e+00
PCG: 0 : 1.281480e-02
PCG: 1 : 1.128822e-02 / 8.808737e-01
PCG: 0 : 1.128822e-02
PCG: 1 : 1.249262e-02 / 1.106695e+00
PCG: 0 : 1.249262e-02
PCG: 1 : 1.100471e-02 / 8.808971e-01
PCG: 0 : 1.100471e-02
PCG: 1 : 1.217787e-02 / 1.106605e+00
PCG: 0 : 1.217787e-02
PCG: 1 : 1.072850e-02 / 8.809839e-01
PCG: 0 : 1.072850e-02
PCG: 1 : 1.187135e-02 / 1.106525e+00
PCG: 0 : 1.187135e-02
PCG: 1 : 1.045907e-02 / 8.810345e-01
PCG: 0 : 1.045907e-02
PCG: 1 : 1.157293e-02 / 1.106497e+00
PCG: 0 : 1.157293e-02
PCG: 1 : 1.019623e-02 / 8.810415e-01
PCG: 0 : 1.019623e-02
PCG: 1 : 1.128202e-02 / 1.106488e+00
PCG: 0 : 1.128201e-02
PCG: 1 : 9.939947e-03 / 8.810438e-01
PCG: 0 : 9.939946e-03
PCG: 1 : 1.099853e-02 / 1.106498e+00
PCG: 0 : 1.099853e-02
PCG: 1 : 9.690354e-03 / 8.810589e-01
PCG: 0 : 9.690352e-03
PCG: 1 : 1.072196e-02 / 1.106457e+00
PCG: 0 : 1.072196e-02
PCG: 1 : 9.447058e-03 / 8.810945e-01
PCG: 0 : 9.447057e-03
PCG: 1 : 1.045250e-02 / 1.106430e+00
PCG: 0 : 1.045250e-02
PCG: 1 : 9.209539e-03 / 8.810844e-01
PCG: 0 : 9.209538e-03
PCG: 1 : 1.019007e-02 / 1.106469e+00
PCG: 0 : 1.019007e-02
PCG: 1 : 8.978074e-03 / 8.810614e-01
PCG: 0 : 8.978073e-03
PCG: 1 : 9.934248e-03 / 1.106501e+00
PCG: 0 : 9.934247e-03
PCG: 1 : 8.752417e-03 / 8.810348e-01
PCG: 0 : 8.752417e-03
PCG: 1 : 9.684616e-03 / 1.106508e+00
PCG: 0 : 9.684616e-03
PCG: 1 : 8.532813e-03 / 8.810688e-01
PCG: 0 : 8.532814e-03
PCG: 1 : 9.440893e-03 / 1.106422e+00
PCG: 0 : 9.440892e-03
PCG: 1 : 8.318628e-03 / 8.811273e-01
PCG: 0 : 8.318628e-03
PCG: 1 : 9.203659e-03 / 1.106391e+00
PCG: 0 : 9.203659e-03
PCG: 1 : 8.109464e-03 / 8.811131e-01
PCG: 0 : 8.109465e-03
PCG: 1 : 8.972648e-03 / 1.106441e+00
PCG: 0 : 8.972646e-03
PCG: 1 : 7.905926e-03 / 8.811142e-01
PCG: 0 : 7.905927e-03
PCG: 1 : 8.747032e-03 / 1.106389e+00
PCG: 0 : 8.747032e-03
PCG: 1 : 7.707361e-03 / 8.811402e-01
PCG: 0 : 7.707362e-03
PCG: 1 : 8.527298e-03 / 1.106383e+00
PCG: 0 : 8.527298e-03
PCG: 1 : 7.513763e-03 / 8.811423e-01
PCG: 0 : 7.513763e-03
PCG: 1 : 8.313306e-03 / 1.106410e+00
PCG: 0 : 8.313305e-03
PCG: 1 : 7.324979e-03 / 8.811151e-01
PCG: 0 : 7.324978e-03
PCG: 1 : 8.104709e-03 / 1.106448e+00
PCG: 0 : 8.104709e-03
PCG: 1 : 7.140768e-03 / 8.810641e-01
PCG: 0 : 7.140768e-03
PCG: 1 : 7.901127e-03 / 1.106481e+00
PCG: 0 : 7.901127e-03
PCG: 1 : 6.961565e-03 / 8.810850e-01
PCG: 0 : 6.961565e-03
PCG: 1 : 7.702481e-03 / 1.106429e+00
PCG: 0 : 7.702481e-03
PCG: 1 : 6.786844e-03 / 8.811244e-01
PCG: 0 : 6.786844e-03
PCG: 1 : 7.508841e-03 / 1.106382e+00
PCG: 0 : 7.508841e-03
PCG: 1 : 6.616405e-03 / 8.811486e-01
PCG: 0 : 6.616404e-03
PCG: 1 : 7.320418e-03 / 1.106404e+00
PCG: 0 : 7.320418e-03
PCG: 1 : 6.450113e-03 / 8.811128e-01
PCG: 0 : 6.450114e-03
PCG: 1 : 7.136421e-03 / 1.106402e+00
PCG: 0 : 7.136421e-03
PCG: 1 : 6.288217e-03 / 8.811443e-01
PCG: 0 : 6.288218e-03
PCG: 1 : 6.957375e-03 / 1.106414e+00
PCG: 0 : 6.957375e-03
PCG: 1 : 6.130259e-03 / 8.811168e-01
PCG: 0 : 6.130259e-03
PCG: 1 : 6.782426e-03 / 1.106385e+00
PCG: 0 : 6.782425e-03
PCG: 1 : 5.976254e-03 / 8.811381e-01
PCG: 0 : 5.976253e-03
PCG: 1 : 6.612326e-03 / 1.106434e+00
PCG: 0 : 6.612326e-03
PCG: 1 : 5.826072e-03 / 8.810927e-01
PCG: 0 : 5.826072e-03
PCG: 1 : 6.446435e-03 / 1.106480e+00
PCG: 0 : 6.446435e-03
PCG: 1 : 5.679778e-03 / 8.810728e-01
PCG: 0 : 5.679778e-03
PCG: 1 : 6.284269e-03 / 1.106429e+00
PCG: 0 : 6.284270e-03
PCG: 1 : 5.537250e-03 / 8.811287e-01
PCG: 0 : 5.537250e-03
PCG: 1 : 6.126601e-03 / 1.106434e+00
PCG: 0 : 6.126601e-03
PCG: 1 : 5.398023e-03 / 8.810796e-01
PCG: 0 : 5.398022e-03
PCG: 1 : 5.972923e-03 / 1.106502e+00
PCG: 0 : 5.972924e-03
PCG: 1 : 5.262449e-03 / 8.810508e-01
PCG: 0 : 5.262448e-03
PCG: 1 : 5.822788e-03 / 1.106479e+00
PCG: 0 : 5.822787e-03
PCG: 1 : 5.130357e-03 / 8.810828e-01
PCG: 0 : 5.130357e-03
PCG: 1 : 5.676563e-03 / 1.106466e+00
PCG: 0 : 5.676562e-03
PCG: 1 : 5.001634e-03 / 8.811026e-01
PCG: 0 : 5.001634e-03
PCG: 1 : 5.533886e-03 / 1.106416e+00
PCG: 0 : 5.533885e-03
PCG: 1 : 4.876097e-03 / 8.811344e-01
PCG: 0 : 4.876097e-03
PCG: 1 : 5.395061e-03 / 1.106430e+00
PCG: 0 : 5.395060e-03
PCG: 1 : 4.753410e-03 / 8.810670e-01
PCG: 0 : 4.753409e-03
PCG: 1 : 5.259680e-03 / 1.106507e+00
PCG: 0 : 5.259680e-03
PCG: 1 : 4.634018e-03 / 8.810457e-01
PCG: 0 : 4.634018e-03
PCG: 1 : 5.127698e-03 / 1.106534e+00
PCG: 0 : 5.127698e-03
PCG: 1 : 4.517557e-03 / 8.810108e-01
PCG: 0 : 4.517557e-03
PCG: 1 : 4.998804e-03 / 1.106528e+00
PCG: 0 : 4.998804e-03
PCG: 1 : 4.404253e-03 / 8.810614e-01
PCG: 0 : 4.404253e-03
PCG: 1 : 4.873370e-03 / 1.106514e+00
PCG: 0 : 4.873370e-03
PCG: 1 : 4.293611e-03 / 8.810353e-01
PCG: 0 : 4.293611e-03
PCG: 1 : 4.750968e-03 / 1.106520e+00
PCG: 0 : 4.750967e-03
PCG: 1 : 4.185809e-03 / 8.810434e-01
PCG: 0 : 4.185809e-03
PCG: 1 : 4.631720e-03 / 1.106529e+00
PCG: 0 : 4.631720e-03
PCG: 1 : 4.080566e-03 / 8.810045e-01
PCG: 0 : 4.080566e-03
PCG: 1 : 4.515496e-03 / 1.106586e+00
PCG: 0 : 4.515496e-03
PCG: 1 : 3.978092e-03 / 8.809869e-01
PCG: 0 : 3.978092e-03
PCG: 1 : 4.402065e-03 / 1.106577e+00
PCG: 0 : 4.402065e-03
PCG: 1 : 3.878135e-03 / 8.809810e-01
PCG: 0 : 3.878135e-03
PCG: 1 : 4.291550e-03 / 1.106601e+00
PCG: 0 : 4.291549e-03
PCG: 1 : 3.780882e-03 / 8.810064e-01
PCG: 0 : 3.780882e-03
PCG: 1 : 4.183842e-03 / 1.106578e+00
PCG: 0 : 4.183842e-03
PCG: 1 : 3.685889e-03 / 8.809819e-01
PCG: 0 : 3.685889e-03
PCG: 1 : 4.078797e-03 / 1.106598e+00
PCG: 0 : 4.078797e-03
PCG: 1 : 3.593268e-03 / 8.809628e-01
PCG: 0 : 3.593268e-03
PCG: 1 : 3.976385e-03 / 1.106621e+00
PCG: 0 : 3.976385e-03
PCG: 1 : 3.503025e-03 / 8.809571e-01
PCG: 0 : 3.503025e-03
PCG: 1 : 3.876573e-03 / 1.106636e+00
PCG: 0 : 3.876573e-03
PCG: 1 : 3.415112e-03 / 8.809617e-01
PCG: 0 : 3.415112e-03
PCG: 1 : 3.779278e-03 / 1.106634e+00
PCG: 0 : 3.779277e-03
PCG: 1 : 3.329213e-03 / 8.809127e-01
PCG: 0 : 3.329213e-03
PCG: 1 : 3.684467e-03 / 1.106708e+00
PCG: 0 : 3.684467e-03
PCG: 1 : 3.245591e-03 / 8.808848e-01
PCG: 0 : 3.245591e-03
PCG: 1 : 3.591974e-03 / 1.106724e+00
PCG: 0 : 3.591974e-03
PCG: 1 : 3.163991e-03 / 8.808501e-01
PCG: 0 : 3.163990e-03
PCG: 1 : 3.501703e-03 / 1.106737e+00
PCG: 0 : 3.501703e-03
PCG: 1 : 3.084620e-03 / 8.808913e-01
PCG: 0 : 3.084620e-03
PCG: 1 : 3.413824e-03 / 1.106724e+00
PCG: 0 : 3.413824e-03
PCG: 1 : 3.007150e-03 / 8.808745e-01
PCG: 0 : 3.007150e-03
PCG: 1 : 3.328167e-03 / 1.106751e+00
PCG: 0 : 3.328167e-03
PCG: 1 : 2.931584e-03 / 8.808406e-01
PCG: 0 : 2.931584e-03
PCG: 1 : 3.244613e-03 / 1.106778e+00
PCG: 0 : 3.244613e-03
PCG: 1 : 2.857967e-03 / 8.808345e-01
PCG: 0 : 2.857967e-03
PCG: 1 : 3.163141e-03 / 1.106780e+00
PCG: 0 : 3.163141e-03
PCG: 1 : 2.786164e-03 / 8.808219e-01
PCG: 0 : 2.786164e-03
PCG: 1 : 3.083721e-03 / 1.106798e+00
PCG: 0 : 3.083721e-03
PCG: 1 : 2.716279e-03 / 8.808448e-01
PCG: 0 : 2.716279e-03
PCG: 1 : 3.006296e-03 / 1.106770e+00
PCG: 0 : 3.006296e-03
PCG: 1 : 2.648034e-03 / 8.808293e-01
PCG: 0 : 2.648033e-03
PCG: 1 : 2.930769e-03 / 1.106772e+00
PCG: 0 : 2.930769e-03
PCG: 1 : 2.581617e-03 / 8.808669e-01
PCG: 0 : 2.581617e-03
PCG: 1 : 2.857184e-03 / 1.106742e+00
PCG: 0 : 2.857184e-03
PCG: 1 : 2.516729e-03 / 8.808424e-01
PCG: 0 : 2.516728e-03
PCG: 1 : 2.785394e-03 / 1.106752e+00
PCG: 0 : 2.785394e-03
PCG: 1 : 2.453571e-03 / 8.808703e-01
PCG: 0 : 2.453571e-03
PCG: 1 : 2.715472e-03 / 1.106743e+00
PCG: 0 : 2.715471e-03
PCG: 1 : 2.392025e-03 / 8.808874e-01
PCG: 0 : 2.392024e-03
PCG: 1 : 2.647159e-03 / 1.106661e+00
PCG: 0 : 2.647159e-03
PCG: 1 : 2.332037e-03 / 8.809585e-01
PCG: 0 : 2.332037e-03
PCG: 1 : 2.580723e-03 / 1.106639e+00
PCG: 0 : 2.580723e-03
PCG: 1 : 2.273493e-03 / 8.809519e-01
PCG: 0 : 2.273493e-03
PCG: 1 : 2.515794e-03 / 1.106577e+00
PCG: 0 : 2.515794e-03
PCG: 1 : 2.216444e-03 / 8.810118e-01
PCG: 0 : 2.216444e-03
PCG: 1 : 2.452692e-03 / 1.106588e+00
PCG: 0 : 2.452691e-03
PCG: 1 : 2.160680e-03 / 8.809427e-01
PCG: 0 : 2.160680e-03
PCG: 1 : 2.391105e-03 / 1.106644e+00
PCG: 0 : 2.391105e-03
PCG: 1 : 2.106483e-03 / 8.809664e-01
PCG: 0 : 2.106483e-03
PCG: 1 : 2.331008e-03 / 1.106588e+00
PCG: 0 : 2.331008e-03
PCG: 1 : 2.053649e-03 / 8.810134e-01
PCG: 0 : 2.053649e-03
PCG: 1 : 2.272493e-03 / 1.106563e+00
PCG: 0 : 2.272493e-03
PCG: 1 : 2.002096e-03 / 8.810129e-01
PCG: 0 : 2.002096e-03
PCG: 1 : 2.215437e-03 / 1.106559e+00
PCG: 0 : 2.215437e-03
PCG: 1 : 1.951776e-03 / 8.809893e-01
PCG: 0 : 1.951776e-03
PCG: 1 : 2.159883e-03 / 1.106624e+00
PCG: 0 : 2.159883e-03
PCG: 1 : 1.902744e-03 / 8.809474e-01
PCG: 0 : 1.902743e-03
PCG: 1 : 2.105613e-03 / 1.106619e+00
PCG: 0 : 2.105613e-03
PCG: 1 : 1.855002e-03 / 8.809796e-01
PCG: 0 : 1.855002e-03
PCG: 1 : 2.052694e-03 / 1.106573e+00
PCG: 0 : 2.052694e-03
PCG: 1 : 1.808413e-03 / 8.809950e-01
PCG: 0 : 1.808413e-03
PCG: 1 : 2.001153e-03 / 1.106580e+00
PCG: 0 : 2.001153e-03
PCG: 1 : 1.763074e-03 / 8.810290e-01
PCG: 0 : 1.763074e-03
PCG: 1 : 1.950836e-03 / 1.106497e+00
PCG: 0 : 1.950836e-03
PCG: 1 : 1.718848e-03 / 8.810828e-01
PCG: 0 : 1.718848e-03
PCG: 1 : 1.901844e-03 / 1.106465e+00
PCG: 0 : 1.901845e-03
PCG: 1 : 1.675676e-03 / 8.810793e-01
PCG: 0 : 1.675676e-03
PCG: 1 : 1.854092e-03 / 1.106474e+00
PCG: 0 : 1.854091e-03
PCG: 1 : 1.633611e-03 / 8.810846e-01
PCG: 0 : 1.633611e-03
PCG: 1 : 1.807523e-03 / 1.106459e+00
PCG: 0 : 1.807523e-03
PCG: 1 : 1.592582e-03 / 8.810852e-01
PCG: 0 : 1.592582e-03
PCG: 1 : 1.762174e-03 / 1.106489e+00
PCG: 0 : 1.762174e-03
PCG: 1 : 1.552604e-03 / 8.810732e-01
PCG: 0 : 1.552604e-03
PCG: 1 : 1.717907e-03 / 1.106468e+00
PCG: 0 : 1.717907e-03
PCG: 1 : 1.513599e-03 / 8.810715e-01
PCG: 0 : 1.513599e-03
PCG: 1 : 1.674768e-03 / 1.106481e+00
PCG: 0 : 1.674768e-03
PCG: 1 : 1.475617e-03 / 8.810872e-01
PCG: 0 : 1.475617e-03
PCG: 1 : 1.632724e-03 / 1.106469e+00
PCG: 0 : 1.632724e-03
PCG: 1 : 1.438533e-03 / 8.810630e-01
PCG: 0 : 1.438533e-03
PCG: 1 : 1.591778e-03 / 1.106529e+00
PCG: 0 : 1.591778e-03
PCG: 1 : 1.402362e-03 / 8.810037e-01
PCG: 0 : 1.402362e-03
PCG: 1 : 1.551898e-03 / 1.106631e+00
PCG: 0 : 1.551898e-03
PCG: 1 : 1.367152e-03 / 8.809547e-01
PCG: 0 : 1.367151e-03
PCG: 1 : 1.512935e-03 / 1.106633e+00
PCG: 0 : 1.512935e-03
PCG: 1 : 1.332764e-03 / 8.809128e-01
PCG: 0 : 1.332764e-03
PCG: 1 : 1.474942e-03 / 1.106679e+00
PCG: 0 : 1.474942e-03
PCG: 1 : 1.299340e-03 / 8.809435e-01
PCG: 0 : 1.299340e-03
PCG: 1 : 1.437873e-03 / 1.106618e+00
PCG: 0 : 1.437873e-03
PCG: 1 : 1.266739e-03 / 8.809806e-01
PCG: 0 : 1.266738e-03
PCG: 1 : 1.401746e-03 / 1.106579e+00
PCG: 0 : 1.401746e-03
PCG: 1 : 1.234943e-03 / 8.810034e-01
PCG: 0 : 1.234942e-03
PCG: 1 : 1.366539e-03 / 1.106560e+00
PCG: 0 : 1.366538e-03
PCG: 1 : 1.203979e-03 / 8.810431e-01
PCG: 0 : 1.203979e-03
PCG: 1 : 1.332179e-03 / 1.106480e+00
PCG: 0 : 1.332179e-03
PCG: 1 : 1.173783e-03 / 8.811001e-01
PCG: 0 : 1.173783e-03
PCG: 1 : 1.298709e-03 / 1.106430e+00
PCG: 0 : 1.298709e-03
PCG: 1 : 1.144338e-03 / 8.811348e-01
PCG: 0 : 1.144337e-03
PCG: 1 : 1.266053e-03 / 1.106363e+00
PCG: 0 : 1.266053e-03
PCG: 1 : 1.115629e-03 / 8.811869e-01
PCG: 0 : 1.115629e-03
PCG: 1 : 1.234243e-03 / 1.106320e+00
PCG: 0 : 1.234242e-03
PCG: 1 : 1.087629e-03 / 8.812117e-01
PCG: 0 : 1.087629e-03
PCG: 1 : 1.203249e-03 / 1.106305e+00
PCG: 0 : 1.203249e-03
PCG: 1 : 1.060328e-03 / 8.812210e-01
PCG: 0 : 1.060328e-03
PCG: 1 : 1.173035e-03 / 1.106295e+00
PCG: 0 : 1.173035e-03
PCG: 1 : 1.033690e-03 / 8.812096e-01
PCG: 0 : 1.033690e-03
PCG: 1 : 1.143579e-03 / 1.106308e+00
PCG: 0 : 1.143579e-03
PCG: 1 : 1.007766e-03 / 8.812380e-01
PCG: 0 : 1.007766e-03
PCG: 1 : 1.114850e-03 / 1.106259e+00
PCG: 0 : 1.114850e-03
PCG: 1 : 9.824594e-04 / 8.812478e-01
PCG: 0 : 9.824594e-04
PCG: 1 : 1.086847e-03 / 1.106251e+00
PCG: 0 : 1.086847e-03
PCG: 1 : 9.578051e-04 / 8.812695e-01
PCG: 0 : 9.578051e-04
PCG: 1 : 1.059564e-03 / 1.106242e+00
PCG: 0 : 1.059564e-03
PCG: 1 : 9.337575e-04 / 8.812658e-01
PCG: 0 : 9.337574e-04
PCG: 1 : 1.032970e-03 / 1.106251e+00
PCG: 0 : 1.032970e-03
PCG: 1 : 9.103120e-04 / 8.812567e-01
PCG: 0 : 9.103121e-04
PCG: 1 : 1.007027e-03 / 1.106244e+00
PCG: 0 : 1.007027e-03
PCG: 1 : 8.874564e-04 / 8.812638e-01
PCG: 0 : 8.874564e-04
PCG: 1 : 9.817407e-04 / 1.106241e+00
PCG: 0 : 9.817405e-04
PCG: 1 : 8.651737e-04 / 8.812651e-01
PCG: 0 : 8.651736e-04
PCG: 1 : 9.571065e-04 / 1.106259e+00
PCG: 0 : 9.571064e-04
PCG: 1 : 8.434283e-04 / 8.812273e-01
PCG: 0 : 8.434282e-04
PCG: 1 : 9.330798e-04 / 1.106294e+00
PCG: 0 : 9.330798e-04
PCG: 1 : 8.222602e-04 / 8.812324e-01
PCG: 0 : 8.222600e-04
PCG: 1 : 9.096437e-04 / 1.106273e+00
PCG: 0 : 9.096437e-04
PCG: 1 : 8.016357e-04 / 8.812634e-01
PCG: 0 : 8.016356e-04
PCG: 1 : 8.867672e-04 / 1.106197e+00
PCG: 0 : 8.867673e-04
PCG: 1 : 7.815346e-04 / 8.813300e-01
PCG: 0 : 7.815345e-04
PCG: 1 : 8.645008e-04 / 1.106158e+00
PCG: 0 : 8.645006e-04
PCG: 1 : 7.619065e-04 / 8.813255e-01
PCG: 0 : 7.619064e-04
PCG: 1 : 8.427973e-04 / 1.106169e+00
PCG: 0 : 8.427973e-04
PCG: 1 : 7.427750e-04 / 8.813211e-01
PCG: 0 : 7.427750e-04
PCG: 1 : 8.216310e-04 / 1.106164e+00
PCG: 0 : 8.216310e-04
PCG: 1 : 7.241276e-04 / 8.813294e-01
PCG: 0 : 7.241276e-04
PCG: 1 : 8.010194e-04 / 1.106186e+00
PCG: 0 : 8.010195e-04
PCG: 1 : 7.059508e-04 / 8.813154e-01
PCG: 0 : 7.059508e-04
PCG: 1 : 7.808783e-04 / 1.106137e+00
PCG: 0 : 7.808782e-04
PCG: 1 : 6.882512e-04 / 8.813810e-01
PCG: 0 : 6.882512e-04
PCG: 1 : 7.612903e-04 / 1.106123e+00
PCG: 0 : 7.612901e-04
PCG: 1 : 6.709456e-04 / 8.813270e-01
PCG: 0 : 6.709455e-04
PCG: 1 : 7.421784e-04 / 1.106168e+00
PCG: 0 : 7.421783e-04
PCG: 1 : 6.541049e-04 / 8.813313e-01
PCG: 0 : 6.541049e-04
PCG: 1 : 7.235379e-04 / 1.106150e+00
PCG: 0 : 7.235379e-04
PCG: 1 : 6.376797e-04 / 8.813356e-01
PCG: 0 : 6.376797e-04
PCG: 1 : 7.053630e-04 / 1.106140e+00
PCG: 0 : 7.053629e-04
PCG: 1 : 6.216828e-04 / 8.813660e-01
PCG: 0 : 6.216828e-04
PCG: 1 : 6.876313e-04 / 1.106081e+00
PCG: 0 : 6.876313e-04
PCG: 1 : 6.060841e-04 / 8.814085e-01
PCG: 0 : 6.060841e-04
PCG: 1 : 6.703773e-04 / 1.106080e+00
PCG: 0 : 6.703772e-04
PCG: 1 : 5.908697e-04 / 8.813988e-01
PCG: 0 : 5.908697e-04
PCG: 1 : 6.535424e-04 / 1.106069e+00
PCG: 0 : 6.535423e-04
PCG: 1 : 5.760213e-04 / 8.813833e-01
PCG: 0 : 5.760213e-04
PCG: 1 : 6.371340e-04 / 1.106095e+00
PCG: 0 : 6.371339e-04
PCG: 1 : 5.615762e-04 / 8.814101e-01
PCG: 0 : 5.615762e-04
PCG: 1 : 6.211443e-04 / 1.106073e+00
PCG: 0 : 6.211443e-04
PCG: 1 : 5.474632e-04 / 8.813784e-01
PCG: 0 : 5.474631e-04
PCG: 1 : 6.055505e-04 / 1.106103e+00
PCG: 0 : 6.055505e-04
PCG: 1 : 5.337226e-04 / 8.813842e-01
PCG: 0 : 5.337225e-04
PCG: 1 : 5.903449e-04 / 1.106090e+00
PCG: 0 : 5.903449e-04
PCG: 1 : 5.203164e-04 / 8.813770e-01
PCG: 0 : 5.203162e-04
PCG: 1 : 5.755381e-04 / 1.106131e+00
PCG: 0 : 5.755381e-04
PCG: 1 : 5.072536e-04 / 8.813553e-01
PCG: 0 : 5.072536e-04
PCG: 1 : 5.610525e-04 / 1.106059e+00
PCG: 0 : 5.610524e-04
PCG: 1 : 4.945252e-04 / 8.814242e-01
PCG: 0 : 4.945251e-04
PCG: 1 : 5.469761e-04 / 1.106063e+00
PCG: 0 : 5.469761e-04
PCG: 1 : 4.821116e-04 / 8.814127e-01
PCG: 0 : 4.821115e-04
PCG: 1 : 5.332527e-04 / 1.106077e+00
PCG: 0 : 5.332526e-04
PCG: 1 : 4.700036e-04 / 8.813902e-01
PCG: 0 : 4.700036e-04
PCG: 1 : 5.198610e-04 / 1.106079e+00
PCG: 0 : 5.198609e-04
PCG: 1 : 4.581948e-04 / 8.813795e-01
PCG: 0 : 4.581947e-04
PCG: 1 : 5.068126e-04 / 1.106107e+00
PCG: 0 : 5.068126e-04
PCG: 1 : 4.466954e-04 / 8.813818e-01
PCG: 0 : 4.466953e-04
PCG: 1 : 4.940758e-04 / 1.106069e+00
PCG: 0 : 4.940758e-04
PCG: 1 : 4.354899e-04 / 8.814232e-01
PCG: 0 : 4.354899e-04
PCG: 1 : 4.816738e-04 / 1.106050e+00
PCG: 0 : 4.816738e-04
PCG: 1 : 4.245655e-04 / 8.814380e-01
PCG: 0 : 4.245656e-04
PCG: 1 : 4.695546e-04 / 1.105965e+00
PCG: 0 : 4.695546e-04
PCG: 1 : 4.139169e-04 / 8.815096e-01
PCG: 0 : 4.139169e-04
PCG: 1 : 4.577651e-04 / 1.105935e+00
PCG: 0 : 4.577650e-04
PCG: 1 : 4.035340e-04 / 8.815310e-01
PCG: 0 : 4.035340e-04
PCG: 1 : 4.462664e-04 / 1.105895e+00
PCG: 0 : 4.462663e-04
PCG: 1 : 3.934035e-04 / 8.815442e-01
PCG: 0 : 3.934035e-04
PCG: 1 : 4.350605e-04 / 1.105889e+00
PCG: 0 : 4.350605e-04
PCG: 1 : 3.835282e-04 / 8.815514e-01
PCG: 0 : 3.835282e-04
PCG: 1 : 4.241470e-04 / 1.105908e+00
PCG: 0 : 4.241470e-04
PCG: 1 : 3.738970e-04 / 8.815269e-01
PCG: 0 : 3.738970e-04
PCG: 1 : 4.134971e-04 / 1.105912e+00
PCG: 0 : 4.134971e-04
PCG: 1 : 3.645006e-04 / 8.815070e-01
PCG: 0 : 3.645006e-04
PCG: 1 : 4.031237e-04 / 1.105962e+00
PCG: 0 : 4.031238e-04
PCG: 1 : 3.553363e-04 / 8.814572e-01
PCG: 0 : 3.553363e-04
PCG: 1 : 3.930129e-04 / 1.106031e+00
PCG: 0 : 3.930129e-04
PCG: 1 : 3.464091e-04 / 8.814192e-01
PCG: 0 : 3.464090e-04
PCG: 1 : 3.831484e-04 / 1.106058e+00
PCG: 0 : 3.831485e-04
PCG: 1 : 3.377227e-04 / 8.814409e-01
PCG: 0 : 3.377227e-04
PCG: 1 : 3.735309e-04 / 1.106029e+00
PCG: 0 : 3.735309e-04
PCG: 1 : 3.292320e-04 / 8.814049e-01
PCG: 0 : 3.292320e-04
PCG: 1 : 3.641651e-04 / 1.106105e+00
PCG: 0 : 3.641651e-04
PCG: 1 : 3.209625e-04 / 8.813652e-01
PCG: 0 : 3.209624e-04
PCG: 1 : 3.550213e-04 / 1.106115e+00
PCG: 0 : 3.550214e-04
PCG: 1 : 3.129059e-04 / 8.813720e-01
PCG: 0 : 3.129058e-04
PCG: 1 : 3.461057e-04 / 1.106102e+00
PCG: 0 : 3.461057e-04
PCG: 1 : 3.050432e-04 / 8.813583e-01
PCG: 0 : 3.050431e-04
PCG: 1 : 3.374190e-04 / 1.106135e+00
PCG: 0 : 3.374190e-04
PCG: 1 : 2.973867e-04 / 8.813573e-01
PCG: 0 : 2.973868e-04
PCG: 1 : 3.289430e-04 / 1.106112e+00
PCG: 0 : 3.289430e-04
PCG: 1 : 2.899257e-04 / 8.813860e-01
PCG: 0 : 2.899257e-04
PCG: 1 : 3.206877e-04 / 1.106103e+00
PCG: 0 : 3.206877e-04
PCG: 1 : 2.826455e-04 / 8.813732e-01
PCG: 0 : 2.826455e-04
PCG: 1 : 3.126385e-04 / 1.106115e+00
PCG: 0 : 3.126385e-04
PCG: 1 : 2.755423e-04 / 8.813447e-01
PCG: 0 : 2.755423e-04
PCG: 1 : 3.047932e-04 / 1.106158e+00
PCG: 0 : 3.047932e-04
PCG: 1 : 2.686256e-04 / 8.813371e-01
PCG: 0 : 2.686255e-04
PCG: 1 : 2.971286e-04 / 1.106107e+00
PCG: 0 : 2.971286e-04
PCG: 1 : 2.618902e-04 / 8.814036e-01
PCG: 0 : 2.618902e-04
PCG: 1 : 2.896590e-04 / 1.106032e+00
PCG: 0 : 2.896589e-04
PCG: 1 : 2.553264e-04 / 8.814725e-01
PCG: 0 : 2.553264e-04
PCG: 1 : 2.823917e-04 / 1.106003e+00
PCG: 0 : 2.823917e-04
PCG: 1 : 2.489154e-04 / 8.814543e-01
PCG: 0 : 2.489154e-04
PCG: 1 : 2.752927e-04 / 1.105969e+00
PCG: 0 : 2.752927e-04
PCG: 1 : 2.426687e-04 / 8.814937e-01
PCG: 0 : 2.426687e-04
PCG: 1 : 2.683872e-04 / 1.105982e+00
PCG: 0 : 2.683872e-04
PCG: 1 : 2.365701e-04 / 8.814508e-01
PCG: 0 : 2.365701e-04
PCG: 1 : 2.616449e-04 / 1.105993e+00
PCG: 0 : 2.616449e-04
PCG: 1 : 2.306345e-04 / 8.814790e-01
PCG: 0 : 2.306345e-04
PCG: 1 : 2.550753e-04 / 1.105972e+00
PCG: 0 : 2.550753e-04
PCG: 1 : 2.248451e-04 / 8.814852e-01
PCG: 0 : 2.248451e-04
PCG: 1 : 2.486703e-04 / 1.105963e+00
PCG: 0 : 2.486704e-04
PCG: 1 : 2.192019e-04 / 8.814959e-01
PCG: 0 : 2.192019e-04
PCG: 1 : 2.424229e-04 / 1.105934e+00
PCG: 0 : 2.424229e-04
PCG: 1 : 2.137054e-04 / 8.815395e-01
PCG: 0 : 2.137053e-04
PCG: 1 : 2.363309e-04 / 1.105873e+00
PCG: 0 : 2.363309e-04
PCG: 1 : 2.083394e-04 / 8.815582e-01
PCG: 0 : 2.083394e-04
PCG: 1 : 2.303943e-04 / 1.105860e+00
PCG: 0 : 2.303943e-04
PCG: 1 : 2.031143e-04 / 8.815945e-01
PCG: 0 : 2.031143e-04
PCG: 1 : 2.245991e-04 / 1.105777e+00
PCG: 0 : 2.245991e-04
PCG: 1 : 1.980243e-04 / 8.816789e-01
PCG: 0 : 1.980244e-04
PCG: 1 : 2.189620e-04 / 1.105733e+00
PCG: 0 : 2.189620e-04
PCG: 1 : 1.930506e-04 / 8.816625e-01
PCG: 0 : 1.930506e-04
PCG: 1 : 2.134678e-04 / 1.105761e+00
PCG: 0 : 2.134677e-04
PCG: 1 : 1.882019e-04 / 8.816409e-01
PCG: 0 : 1.882019e-04
PCG: 1 : 2.081075e-04 / 1.105767e+00
PCG: 0 : 2.081075e-04
PCG: 1 : 1.834740e-04 / 8.816311e-01
PCG: 0 : 1.834740e-04
PCG: 1 : 2.028828e-04 / 1.105785e+00
PCG: 0 : 2.028828e-04
PCG: 1 : 1.788672e-04 / 8.816283e-01
PCG: 0 : 1.788672e-04
PCG: 1 : 1.977920e-04 / 1.105804e+00
PCG: 0 : 1.977920e-04
PCG: 1 : 1.743834e-04 / 8.816504e-01
PCG: 0 : 1.743834e-04
PCG: 1 : 1.928180e-04 / 1.105713e+00
PCG: 0 : 1.928179e-04
PCG: 1 : 1.700063e-04 / 8.816936e-01
PCG: 0 : 1.700063e-04
PCG: 1 : 1.879825e-04 / 1.105738e+00
PCG: 0 : 1.879825e-04
PCG: 1 : 1.657325e-04 / 8.816382e-01
PCG: 0 : 1.657325e-04
PCG: 1 : 1.832643e-04 / 1.105784e+00
PCG: 0 : 1.832643e-04
PCG: 1 : 1.615725e-04 / 8.816363e-01
PCG: 0 : 1.615725e-04
PCG: 1 : 1.786634e-04 / 1.105779e+00
PCG: 0 : 1.786634e-04
PCG: 1 : 1.575158e-04 / 8.816345e-01
PCG: 0 : 1.575158e-04
PCG: 1 : 1.741750e-04 / 1.105762e+00
PCG: 0 : 1.741750e-04
PCG: 1 : 1.535633e-04 / 8.816606e-01
PCG: 0 : 1.535633e-04
PCG: 1 : 1.698003e-04 / 1.105735e+00
PCG: 0 : 1.698003e-04
PCG: 1 : 1.497110e-04 / 8.816885e-01
PCG: 0 : 1.497110e-04
PCG: 1 : 1.655368e-04 / 1.105709e+00
PCG: 0 : 1.655368e-04
PCG: 1 : 1.459491e-04 / 8.816715e-01
PCG: 0 : 1.459491e-04
PCG: 1 : 1.613831e-04 / 1.105749e+00
PCG: 0 : 1.613831e-04
PCG: 1 : 1.422871e-04 / 8.816729e-01
PCG: 0 : 1.422871e-04
PCG: 1 : 1.573308e-04 / 1.105728e+00
PCG: 0 : 1.573308e-04
PCG: 1 : 1.387111e-04 / 8.816525e-01
PCG: 0 : 1.387111e-04
PCG: 1 : 1.533846e-04 / 1.105784e+00
PCG: 0 : 1.533846e-04
PCG: 1 : 1.352299e-04 / 8.816394e-01
PCG: 0 : 1.352298e-04
PCG: 1 : 1.495318e-04 / 1.105760e+00
PCG: 0 : 1.495318e-04
PCG: 1 : 1.318340e-04 / 8.816454e-01
PCG: 0 : 1.318340e-04
PCG: 1 : 1.457829e-04 / 1.105807e+00
PCG: 0 : 1.457829e-04
PCG: 1 : 1.285221e-04 / 8.815991e-01
PCG: 0 : 1.285221e-04
PCG: 1 : 1.421214e-04 / 1.105813e+00
PCG: 0 : 1.421214e-04
PCG: 1 : 1.252999e-04 / 8.816396e-01
PCG: 0 : 1.252998e-04
PCG: 1 : 1.385517e-04 / 1.105761e+00
PCG: 0 : 1.385517e-04
PCG: 1 : 1.221544e-04 / 8.816521e-01
PCG: 0 : 1.221544e-04
PCG: 1 : 1.350689e-04 / 1.105723e+00
PCG: 0 : 1.350689e-04
PCG: 1 : 1.190895e-04 / 8.816943e-01
PCG: 0 : 1.190895e-04
PCG: 1 : 1.316788e-04 / 1.105713e+00
PCG: 0 : 1.316788e-04
PCG: 1 : 1.160984e-04 / 8.816786e-01
PCG: 0 : 1.160983e-04
PCG: 1 : 1.283751e-04 / 1.105744e+00
PCG: 0 : 1.283751e-04
PCG: 1 : 1.131841e-04 / 8.816676e-01
PCG: 0 : 1.131842e-04
PCG: 1 : 1.251503e-04 / 1.105723e+00
PCG: 0 : 1.251503e-04
PCG: 1 : 1.103417e-04 / 8.816736e-01
PCG: 0 : 1.103417e-04
PCG: 1 : 1.220078e-04 / 1.105727e+00
PCG: 0 : 1.220078e-04
PCG: 1 : 1.075741e-04 / 8.816986e-01
PCG: 0 : 1.075741e-04
PCG: 1 : 1.189446e-04 / 1.105700e+00
PCG: 0 : 1.189446e-04
PCG: 1 : 1.048717e-04 / 8.816853e-01
PCG: 0 : 1.048717e-04
PCG: 1 : 1.159564e-04 / 1.105697e+00
PCG: 0 : 1.159564e-04
PCG: 1 : 1.022392e-04 / 8.817044e-01
PCG: 0 : 1.022392e-04
PCG: 1 : 1.130466e-04 / 1.105707e+00
PCG: 0 : 1.130466e-04
PCG: 1 : 9.967366e-05 / 8.817041e-01
PCG: 0 : 9.967366e-05
PCG: 1 : 1.102080e-04 / 1.105688e+00
PCG: 0 : 1.102080e-04
PCG: 1 : 9.717314e-05 / 8.817253e-01
PCG: 0 : 9.717313e-05
PCG: 1 : 1.074347e-04 / 1.105601e+00
PCG: 0 : 1.074347e-04
PCG: 1 : 9.473514e-05 / 8.817927e-01
PCG: 0 : 9.473515e-05
PCG: 1 : 1.047420e-04 / 1.105630e+00
PCG: 0 : 1.047420e-04
PCG: 1 : 9.235470e-05 / 8.817351e-01
PCG: 0 : 9.235469e-05
PCG: 1 : 1.021119e-04 / 1.105649e+00
PCG: 0 : 1.021119e-04
PCG: 1 : 9.003744e-05 / 8.817527e-01
PCG: 0 : 9.003744e-05
PCG: 1 : 9.954758e-05 / 1.105624e+00
PCG: 0 : 9.954758e-05
PCG: 1 : 8.777688e-05 / 8.817581e-01
PCG: 0 : 8.777688e-05
PCG: 1 : 9.704792e-05 / 1.105621e+00
PCG: 0 : 9.704792e-05
PCG: 1 : 8.557342e-05 / 8.817645e-01
PCG: 0 : 8.557342e-05
PCG: 1 : 9.461066e-05 / 1.105608e+00
PCG: 0 : 9.461067e-05
PCG: 1 : 8.342564e-05 / 8.817783e-01
PCG: 0 : 8.342563e-05
PCG: 1 : 9.223653e-05 / 1.105614e+00
PCG: 0 : 9.223653e-05
PCG: 1 : 8.133080e-05 / 8.817635e-01
PCG: 0 : 8.133080e-05
PCG: 1 : 8.992015e-05 / 1.105610e+00
PCG: 0 : 8.992015e-05
PCG: 1 : 7.928897e-05 / 8.817709e-01
PCG: 0 : 7.928896e-05
PCG: 1 : 8.766265e-05 / 1.105610e+00
PCG: 0 : 8.766264e-05
PCG: 1 : 7.729711e-05 / 8.817566e-01
PCG: 0 : 7.729711e-05
PCG: 1 : 8.546371e-05 / 1.105652e+00
PCG: 0 : 8.546370e-05
PCG: 1 : 7.535800e-05 / 8.817544e-01
PCG: 0 : 7.535800e-05
PCG: 1 : 8.331190e-05 / 1.105548e+00
PCG: 0 : 8.331190e-05
PCG: 1 : 7.346783e-05 / 8.818406e-01
PCG: 0 : 7.346783e-05
PCG: 1 : 8.122323e-05 / 1.105562e+00
PCG: 0 : 8.122323e-05
PCG: 1 : 7.162349e-05 / 8.818104e-01
PCG: 0 : 7.162349e-05
PCG: 1 : 7.918585e-05 / 1.105585e+00
PCG: 0 : 7.918584e-05
PCG: 1 : 6.982346e-05 / 8.817670e-01
PCG: 0 : 6.982346e-05
PCG: 1 : 7.719751e-05 / 1.105610e+00
PCG: 0 : 7.719751e-05
PCG: 1 : 6.806878e-05 / 8.817484e-01
PCG: 0 : 6.806877e-05
PCG: 1 : 7.525991e-05 / 1.105645e+00
PCG: 0 : 7.525990e-05
PCG: 1 : 6.636102e-05 / 8.817580e-01
PCG: 0 : 6.636101e-05
PCG: 1 : 7.337240e-05 / 1.105655e+00
PCG: 0 : 7.337239e-05
PCG: 1 : 6.469338e-05 / 8.817128e-01
PCG: 0 : 6.469337e-05
PCG: 1 : 7.153182e-05 / 1.105705e+00
PCG: 0 : 7.153180e-05
PCG: 1 : 6.306699e-05 / 8.816636e-01
PCG: 0 : 6.306699e-05
PCG: 1 : 6.973715e-05 / 1.105763e+00
PCG: 0 : 6.973714e-05
PCG: 1 : 6.148599e-05 / 8.816821e-01
PCG: 0 : 6.148598e-05
PCG: 1 : 6.798320e-05 / 1.105670e+00
PCG: 0 : 6.798320e-05
PCG: 1 : 5.994324e-05 / 8.817360e-01
PCG: 0 : 5.994324e-05
PCG: 1 : 6.627553e-05 / 1.105638e+00
PCG: 0 : 6.627553e-05
PCG: 1 : 5.844060e-05 / 8.817824e-01
PCG: 0 : 5.844060e-05
PCG: 1 : 6.460840e-05 / 1.105540e+00
PCG: 0 : 6.460840e-05
PCG: 1 : 5.697402e-05 / 8.818361e-01
PCG: 0 : 5.697401e-05
PCG: 1 : 6.298804e-05 / 1.105557e+00
PCG: 0 : 6.298803e-05
PCG: 1 : 5.554389e-05 / 8.818166e-01
PCG: 0 : 5.554389e-05
PCG: 1 : 6.140590e-05 / 1.105538e+00
PCG: 0 : 6.140590e-05
PCG: 1 : 5.414909e-05 / 8.818222e-01
PCG: 0 : 5.414908e-05
PCG: 1 : 5.986532e-05 / 1.105565e+00
PCG: 0 : 5.986532e-05
PCG: 1 : 5.279009e-05 / 8.818143e-01
PCG: 0 : 5.279009e-05
PCG: 1 : 5.836290e-05 / 1.105566e+00
PCG: 0 : 5.836289e-05
PCG: 1 : 5.146339e-05 / 8.817827e-01
PCG: 0 : 5.146339e-05
PCG: 1 : 5.689748e-05 / 1.105592e+00
PCG: 0 : 5.689748e-05
PCG: 1 : 5.017138e-05 / 8.817856e-01
PCG: 0 : 5.017138e-05
PCG: 1 : 5.546997e-05 / 1.105610e+00
PCG: 0 : 5.546996e-05
PCG: 1 : 4.891113e-05 / 8.817590e-01
PCG: 0 : 4.891113e-05
PCG: 1 : 5.407806e-05 / 1.105639e+00
PCG: 0 : 5.407806e-05
PCG: 1 : 4.768297e-05 / 8.817433e-01
PCG: 0 : 4.768296e-05
PCG: 1 : 5.271973e-05 / 1.105630e+00
PCG: 0 : 5.271973e-05
PCG: 1 : 4.648557e-05 / 8.817490e-01
PCG: 0 : 4.648558e-05
PCG: 1 : 5.139677e-05 / 1.105650e+00
PCG: 0 : 5.139677e-05
PCG: 1 : 4.531937e-05 / 8.817553e-01
PCG: 0 : 4.531937e-05
PCG: 1 : 5.010522e-05 / 1.105603e+00
PCG: 0 : 5.010522e-05
PCG: 1 : 4.418212e-05 / 8.817868e-01
PCG: 0 : 4.418212e-05
PCG: 1 : 4.884764e-05 / 1.105597e+00
PCG: 0 : 4.884763e-05
PCG: 1 : 4.307341e-05 / 8.817912e-01
PCG: 0 : 4.307341e-05
PCG: 1 : 4.761975e-05 / 1.105549e+00
PCG: 0 : 4.761975e-05
PCG: 1 : 4.199195e-05 / 8.818179e-01
PCG: 0 : 4.199195e-05
PCG: 1 : 4.642412e-05 / 1.105548e+00
PCG: 0 : 4.642412e-05
PCG: 1 : 4.093913e-05 / 8.818505e-01
PCG: 0 : 4.093913e-05
PCG: 1 : 4.525806e-05 / 1.105496e+00
PCG: 0 : 4.525806e-05
PCG: 1 : 3.991125e-05 / 8.818595e-01
PCG: 0 : 3.991125e-05
PCG: 1 : 4.412196e-05 / 1.105502e+00
PCG: 0 : 4.412195e-05
PCG: 1 : 3.890846e-05 / 8.818390e-01
PCG: 0 : 3.890845e-05
PCG: 1 : 4.301506e-05 / 1.105546e+00
PCG: 0 : 4.301507e-05
PCG: 1 : 3.793214e-05 / 8.818337e-01
PCG: 0 : 3.793214e-05
PCG: 1 : 4.193388e-05 / 1.105497e+00
PCG: 0 : 4.193388e-05
PCG: 1 : 3.698058e-05 / 8.818785e-01
PCG: 0 : 3.698059e-05
PCG: 1 : 4.088087e-05 / 1.105469e+00
PCG: 0 : 4.088088e-05
PCG: 1 : 3.605335e-05 / 8.819123e-01
PCG: 0 : 3.605334e-05
PCG: 1 : 3.985295e-05 / 1.105389e+00
PCG: 0 : 3.985295e-05
PCG: 1 : 3.514820e-05 / 8.819473e-01
PCG: 0 : 3.514821e-05
PCG: 1 : 3.885312e-05 / 1.105408e+00
PCG: 0 : 3.885312e-05
PCG: 1 : 3.426545e-05 / 8.819229e-01
PCG: 0 : 3.426545e-05
PCG: 1 : 3.787789e-05 / 1.105425e+00
PCG: 0 : 3.787789e-05
PCG: 1 : 3.340533e-05 / 8.819218e-01
PCG: 0 : 3.340533e-05
PCG: 1 : 3.692688e-05 / 1.105419e+00
PCG: 0 : 3.692688e-05
PCG: 1 : 3.256674e-05 / 8.819250e-01
PCG: 0 : 3.256673e-05
PCG: 1 : 3.599883e-05 / 1.105387e+00
PCG: 0 : 3.599883e-05
PCG: 1 : 3.175008e-05 / 8.819753e-01
PCG: 0 : 3.175009e-05
PCG: 1 : 3.509454e-05 / 1.105337e+00
PCG: 0 : 3.509454e-05
PCG: 1 : 3.095287e-05 / 8.819854e-01
PCG: 0 : 3.095287e-05
PCG: 1 : 3.421431e-05 / 1.105368e+00
PCG: 0 : 3.421431e-05
PCG: 1 : 3.017552e-05 / 8.819560e-01
PCG: 0 : 3.017552e-05
PCG: 1 : 3.335509e-05 / 1.105369e+00
PCG: 0 : 3.335508e-05
PCG: 1 : 2.941827e-05 / 8.819726e-01
PCG: 0 : 2.941826e-05
PCG: 1 : 3.251829e-05 / 1.105378e+00
PCG: 0 : 3.251829e-05
PCG: 1 : 2.867971e-05 / 8.819564e-01
PCG: 0 : 2.867971e-05
PCG: 1 : 3.170192e-05 / 1.105378e+00
PCG: 0 : 3.170192e-05
PCG: 1 : 2.795881e-05 / 8.819281e-01
PCG: 0 : 2.795881e-05
PCG: 1 : 3.090723e-05 / 1.105456e+00
PCG: 0 : 3.090723e-05
PCG: 1 : 2.725722e-05 / 8.819042e-01
PCG: 0 : 2.725722e-05
PCG: 1 : 3.013029e-05 / 1.105406e+00
PCG: 0 : 3.013029e-05
PCG: 1 : 2.657295e-05 / 8.819348e-01
PCG: 0 : 2.657295e-05
PCG: 1 : 2.937477e-05 / 1.105439e+00
PCG: 0 : 2.937477e-05
PCG: 1 : 2.590574e-05 / 8.819044e-01
PCG: 0 : 2.590573e-05
PCG: 1 : 2.863755e-05 / 1.105452e+00
PCG: 0 : 2.863754e-05
PCG: 1 : 2.525480e-05 / 8.818775e-01
PCG: 0 : 2.525481e-05
PCG: 1 : 2.791892e-05 / 1.105489e+00
PCG: 0 : 2.791892e-05
PCG: 1 : 2.461974e-05 / 8.818299e-01
PCG: 0 : 2.461974e-05
PCG: 1 : 2.721867e-05 / 1.105563e+00
PCG: 0 : 2.721867e-05
PCG: 1 : 2.400179e-05 / 8.818133e-01
PCG: 0 : 2.400178e-05
PCG: 1 : 2.653558e-05 / 1.105567e+00
PCG: 0 : 2.653558e-05
PCG: 1 : 2.339855e-05 / 8.817801e-01
PCG: 0 : 2.339855e-05
PCG: 1 : 2.586990e-05 / 1.105620e+00
PCG: 0 : 2.586990e-05
PCG: 1 : 2.281156e-05 / 8.817800e-01
PCG: 0 : 2.281156e-05
PCG: 1 : 2.522030e-05 / 1.105593e+00
PCG: 0 : 2.522029e-05
PCG: 1 : 2.223898e-05 / 8.817893e-01
PCG: 0 : 2.223898e-05
PCG: 1 : 2.458668e-05 / 1.105567e+00
PCG: 0 : 2.458668e-05
PCG: 1 : 2.168143e-05 / 8.818362e-01
PCG: 0 : 2.168143e-05
PCG: 1 : 2.396886e-05 / 1.105502e+00
PCG: 0 : 2.396886e-05
PCG: 1 : 2.113720e-05 / 8.818609e-01
PCG: 0 : 2.113720e-05
PCG: 1 : 2.336701e-05 / 1.105492e+00
PCG: 0 : 2.336701e-05
PCG: 1 : 2.060638e-05 / 8.818580e-01
PCG: 0 : 2.060638e-05
PCG: 1 : 2.278067e-05 / 1.105515e+00
PCG: 0 : 2.278067e-05
PCG: 1 : 2.008875e-05 / 8.818334e-01
PCG: 0 : 2.008875e-05
PCG: 1 : 2.220802e-05 / 1.105495e+00
PCG: 0 : 2.220802e-05
PCG: 1 : 1.958512e-05 / 8.818943e-01
PCG: 0 : 1.958512e-05
PCG: 1 : 2.165059e-05 / 1.105461e+00
PCG: 0 : 2.165059e-05
PCG: 1 : 1.909359e-05 / 8.818969e-01
PCG: 0 : 1.909359e-05
PCG: 1 : 2.110700e-05 / 1.105450e+00
PCG: 0 : 2.110700e-05
PCG: 1 : 1.861431e-05 / 8.819021e-01
PCG: 0 : 1.861431e-05
PCG: 1 : 2.057689e-05 / 1.105434e+00
PCG: 0 : 2.057689e-05
PCG: 1 : 1.814724e-05 / 8.819232e-01
PCG: 0 : 1.814724e-05
PCG: 1 : 2.006039e-05 / 1.105424e+00
PCG: 0 : 2.006038e-05
PCG: 1 : 1.769137e-05 / 8.819058e-01
PCG: 0 : 1.769137e-05
PCG: 1 : 1.955681e-05 / 1.105444e+00
PCG: 0 : 1.955681e-05
PCG: 1 : 1.724755e-05 / 8.819203e-01
PCG: 0 : 1.724756e-05
PCG: 1 : 1.906526e-05 / 1.105389e+00
PCG: 0 : 1.906526e-05
PCG: 1 : 1.681455e-05 / 8.819469e-01
PCG: 0 : 1.681455e-05
PCG: 1 : 1.858741e-05 / 1.105436e+00
PCG: 0 : 1.858741e-05
PCG: 1 : 1.639183e-05 / 8.818782e-01
PCG: 0 : 1.639183e-05
PCG: 1 : 1.811982e-05 / 1.105418e+00
PCG: 0 : 1.811982e-05
PCG: 1 : 1.598104e-05 / 8.819644e-01
PCG: 0 : 1.598104e-05
PCG: 1 : 1.766544e-05 / 1.105400e+00
PCG: 0 : 1.766544e-05
PCG: 1 : 1.557976e-05 / 8.819344e-01
PCG: 0 : 1.557976e-05
PCG: 1 : 1.722127e-05 / 1.105362e+00
PCG: 0 : 1.722127e-05
PCG: 1 : 1.518909e-05 / 8.819960e-01
PCG: 0 : 1.518909e-05
PCG: 1 : 1.678867e-05 / 1.105311e+00
PCG: 0 : 1.678867e-05
PCG: 1 : 1.480786e-05 / 8.820148e-01
PCG: 0 : 1.480786e-05
PCG: 1 : 1.636728e-05 / 1.105311e+00
PCG: 0 : 1.636728e-05
PCG: 1 : 1.443620e-05 / 8.820159e-01
PCG: 0 : 1.443620e-05
PCG: 1 : 1.595644e-05 / 1.105307e+00
PCG: 0 : 1.595644e-05
PCG: 1 : 1.407392e-05 / 8.820212e-01
PCG: 0 : 1.407391e-05
PCG: 1 : 1.555563e-05 / 1.105281e+00
PCG: 0 : 1.555563e-05
PCG: 1 : 1.372052e-05 / 8.820297e-01
PCG: 0 : 1.372053e-05
PCG: 1 : 1.516539e-05 / 1.105307e+00
PCG: 0 : 1.516539e-05
PCG: 1 : 1.337590e-05 / 8.820013e-01
PCG: 0 : 1.337589e-05
PCG: 1 : 1.478488e-05 / 1.105338e+00
PCG: 0 : 1.478488e-05
PCG: 1 : 1.304001e-05 / 8.819828e-01
PCG: 0 : 1.304000e-05
PCG: 1 : 1.441344e-05 / 1.105325e+00
PCG: 0 : 1.441344e-05
PCG: 1 : 1.271311e-05 / 8.820312e-01
PCG: 0 : 1.271311e-05
PCG: 1 : 1.405168e-05 / 1.105291e+00
PCG: 0 : 1.405168e-05
PCG: 1 : 1.239348e-05 / 8.819926e-01
PCG: 0 : 1.239347e-05
PCG: 1 : 1.369938e-05 / 1.105370e+00
PCG: 0 : 1.369937e-05
PCG: 1 : 1.208195e-05 / 8.819343e-01
PCG: 0 : 1.208195e-05
PCG: 1 : 1.335567e-05 / 1.105424e+00
PCG: 0 : 1.335567e-05
PCG: 1 : 1.177847e-05 / 8.819078e-01
PCG: 0 : 1.177847e-05
PCG: 1 : 1.302021e-05 / 1.105425e+00
PCG: 0 : 1.302021e-05
PCG: 1 : 1.148296e-05 / 8.819335e-01
PCG: 0 : 1.148296e-05
PCG: 1 : 1.269348e-05 / 1.105419e+00
PCG: 0 : 1.269348e-05
PCG: 1 : 1.119463e-05 / 8.819200e-01
PCG: 0 : 1.119463e-05
PCG: 1 : 1.237497e-05 / 1.105437e+00
PCG: 0 : 1.237497e-05
PCG: 1 : 1.091360e-05 / 8.819095e-01
PCG: 0 : 1.091360e-05
PCG: 1 : 1.206404e-05 / 1.105414e+00
PCG: 0 : 1.206404e-05
PCG: 1 : 1.063968e-05 / 8.819339e-01
PCG: 0 : 1.063968e-05
PCG: 1 : 1.176124e-05 / 1.105413e+00
PCG: 0 : 1.176124e-05
PCG: 1 : 1.037237e-05 / 8.819109e-01
PCG: 0 : 1.037237e-05
PCG: 1 : 1.146603e-05 / 1.105440e+00
PCG: 0 : 1.146603e-05
PCG: 1 : 1.011224e-05 / 8.819301e-01
PCG: 0 : 1.011224e-05
PCG: 1 : 1.117798e-05 / 1.105392e+00
PCG: 0 : 1.117798e-05
PCG: 1 : 9.858519e-06 / 8.819590e-01
PCG: 0 : 9.858517e-06
PCG: 1 : 1.089718e-05 / 1.105357e+00
PCG: 0 : 1.089718e-05
PCG: 1 : 9.611193e-06 / 8.819886e-01
PCG: 0 : 9.611193e-06
PCG: 1 : 1.062360e-05 / 1.105337e+00
PCG: 0 : 1.062360e-05
PCG: 1 : 9.370022e-06 / 8.820004e-01
PCG: 0 : 9.370021e-06
PCG: 1 : 1.035667e-05 / 1.105298e+00
PCG: 0 : 1.035667e-05
PCG: 1 : 9.134842e-06 / 8.820253e-01
PCG: 0 : 9.134843e-06
PCG: 1 : 1.009680e-05 / 1.105306e+00
PCG: 0 : 1.009680e-05
PCG: 1 : 8.905411e-06 / 8.820033e-01
PCG: 0 : 8.905411e-06
PCG: 1 : 9.843411e-06 / 1.105329e+00
PCG: 0 : 9.843410e-06
PCG: 1 : 8.681831e-06 / 8.819942e-01
PCG: 0 : 8.681830e-06
PCG: 1 : 9.596234e-06 / 1.105324e+00
PCG: 0 : 9.596233e-06
PCG: 1 : 8.463740e-06 / 8.819857e-01
PCG: 0 : 8.463740e-06
PCG: 1 : 9.355369e-06 / 1.105347e+00
PCG: 0 : 9.355368e-06
PCG: 1 : 8.251302e-06 / 8.819858e-01
PCG: 0 : 8.251302e-06
PCG: 1 : 9.120502e-06 / 1.105341e+00
PCG: 0 : 9.120502e-06
PCG: 1 : 8.044392e-06 / 8.820120e-01
PCG: 0 : 8.044392e-06
PCG: 1 : 8.891251e-06 / 1.105273e+00
PCG: 0 : 8.891250e-06
PCG: 1 : 7.842621e-06 / 8.820605e-01
PCG: 0 : 7.842621e-06
PCG: 1 : 8.667854e-06 / 1.105224e+00
PCG: 0 : 8.667854e-06
PCG: 1 : 7.645696e-06 / 8.820749e-01
PCG: 0 : 7.645696e-06
PCG: 1 : 8.450373e-06 / 1.105246e+00
PCG: 0 : 8.450374e-06
PCG: 1 : 7.453743e-06 / 8.820608e-01
PCG: 0 : 7.453743e-06
PCG: 1 : 8.238258e-06 / 1.105251e+00
PCG: 0 : 8.238258e-06
PCG: 1 : 7.266732e-06 / 8.820714e-01
PCG: 0 : 7.266733e-06
PCG: 1 : 8.031248e-06 / 1.105208e+00
PCG: 0 : 8.031247e-06
PCG: 1 : 7.084202e-06 / 8.820799e-01
PCG: 0 : 7.084202e-06
PCG: 1 : 7.829542e-06 / 1.105212e+00
PCG: 0 : 7.829542e-06
PCG: 1 : 6.906596e-06 / 8.821201e-01
PCG: 0 : 6.906596e-06
PCG: 1 : 7.632841e-06 / 1.105152e+00
PCG: 0 : 7.632841e-06
PCG: 1 : 6.733406e-06 / 8.821626e-01
PCG: 0 : 6.733406e-06
PCG: 1 : 7.441536e-06 / 1.105167e+00
PCG: 0 : 7.441535e-06
PCG: 1 : 6.564050e-06 / 8.820828e-01
PCG: 0 : 6.564049e-06
PCG: 1 : 7.254736e-06 / 1.105223e+00
PCG: 0 : 7.254736e-06
PCG: 1 : 6.399171e-06 / 8.820680e-01
PCG: 0 : 6.399171e-06
PCG: 1 : 7.072540e-06 / 1.105228e+00
PCG: 0 : 7.072540e-06
PCG: 1 : 6.238691e-06 / 8.821005e-01
PCG: 0 : 6.238691e-06
PCG: 1 : 6.895101e-06 / 1.105216e+00
PCG: 0 : 6.895101e-06
PCG: 1 : 6.081978e-06 / 8.820723e-01
PCG: 0 : 6.081977e-06
PCG: 1 : 6.722006e-06 / 1.105234e+00
PCG: 0 : 6.722006e-06
PCG: 1 : 5.929159e-06 / 8.820520e-01
PCG: 0 : 5.929159e-06
PCG: 1 : 6.553101e-06 / 1.105233e+00
PCG: 0 : 6.553100e-06
PCG: 1 : 5.780526e-06 / 8.821056e-01
PCG: 0 : 5.780525e-06
PCG: 1 : 6.388645e-06 / 1.105202e+00
PCG: 0 : 6.388645e-06
PCG: 1 : 5.635379e-06 / 8.820930e-01
PCG: 0 : 5.635379e-06
PCG: 1 : 6.228237e-06 / 1.105203e+00
PCG: 0 : 6.228237e-06
PCG: 1 : 5.493966e-06 / 8.821062e-01
PCG: 0 : 5.493966e-06
PCG: 1 : 6.071714e-06 / 1.105160e+00
PCG: 0 : 6.071714e-06
PCG: 1 : 5.356421e-06 / 8.821927e-01
PCG: 0 : 5.356421e-06
PCG: 1 : 5.918949e-06 / 1.105019e+00
PCG: 0 : 5.918949e-06
PCG: 1 : 5.221933e-06 / 8.822399e-01
PCG: 0 : 5.221932e-06
PCG: 1 : 5.770348e-06 / 1.105022e+00
PCG: 0 : 5.770347e-06
PCG: 1 : 5.090856e-06 / 8.822443e-01
PCG: 0 : 5.090856e-06
PCG: 1 : 5.625525e-06 / 1.105025e+00
PCG: 0 : 5.625524e-06
PCG: 1 : 4.963126e-06 / 8.822513e-01
PCG: 0 : 4.963126e-06
PCG: 1 : 5.484182e-06 / 1.104985e+00
PCG: 0 : 5.484182e-06
PCG: 1 : 4.838565e-06 / 8.822765e-01
PCG: 0 : 4.838565e-06
PCG: 1 : 5.346594e-06 / 1.104996e+00
PCG: 0 : 5.346594e-06
PCG: 1 : 4.717128e-06 / 8.822679e-01
PCG: 0 : 4.717127e-06
PCG: 1 : 5.212219e-06 / 1.104956e+00
PCG: 0 : 5.212219e-06
PCG: 1 : 4.598771e-06 / 8.823058e-01
PCG: 0 : 4.598770e-06
PCG: 1 : 5.081389e-06 / 1.104945e+00
PCG: 0 : 5.081389e-06
PCG: 1 : 4.483261e-06 / 8.822904e-01
PCG: 0 : 4.483261e-06
PCG: 1 : 4.953894e-06 / 1.104976e+00
PCG: 0 : 4.953894e-06
PCG: 1 : 4.370739e-06 / 8.822836e-01
PCG: 0 : 4.370739e-06
PCG: 1 : 4.829625e-06 / 1.104990e+00
PCG: 0 : 4.829624e-06
PCG: 1 : 4.260894e-06 / 8.822413e-01
PCG: 0 : 4.260894e-06
PCG: 1 : 4.708439e-06 / 1.105035e+00
PCG: 0 : 4.708439e-06
PCG: 1 : 4.153946e-06 / 8.822342e-01
PCG: 0 : 4.153946e-06
PCG: 1 : 4.590147e-06 / 1.105009e+00
PCG: 0 : 4.590147e-06
PCG: 1 : 4.049781e-06 / 8.822770e-01
PCG: 0 : 4.049781e-06
PCG: 1 : 4.474682e-06 / 1.104920e+00
PCG: 0 : 4.474682e-06
PCG: 1 : 3.948142e-06 / 8.823290e-01
PCG: 0 : 3.948142e-06
PCG: 1 : 4.362272e-06 / 1.104892e+00
PCG: 0 : 4.362273e-06
PCG: 1 : 3.849271e-06 / 8.824005e-01
PCG: 0 : 3.849271e-06
PCG: 1 : 4.252643e-06 / 1.104792e+00
PCG: 0 : 4.252643e-06
PCG: 1 : 3.752783e-06 / 8.824591e-01
PCG: 0 : 3.752783e-06
PCG: 1 : 4.145727e-06 / 1.104707e+00
PCG: 0 : 4.145727e-06
PCG: 1 : 3.658580e-06 / 8.824942e-01
PCG: 0 : 3.658580e-06
PCG: 1 : 4.041565e-06 / 1.104681e+00
PCG: 0 : 4.041565e-06
PCG: 1 : 3.566753e-06 / 8.825177e-01
PCG: 0 : 3.566753e-06
PCG: 1 : 3.940206e-06 / 1.104704e+00
PCG: 0 : 3.940205e-06
PCG: 1 : 3.477249e-06 / 8.825046e-01
PCG: 0 : 3.477249e-06
PCG: 1 : 3.841285e-06 / 1.104691e+00
PCG: 0 : 3.841285e-06
PCG: 1 : 3.389891e-06 / 8.824890e-01
PCG: 0 : 3.389891e-06
PCG: 1 : 3.744872e-06 / 1.104717e+00
PCG: 0 : 3.744871e-06
PCG: 1 : 3.304842e-06 / 8.824981e-01
PCG: 0 : 3.304842e-06
PCG: 1 : 3.650846e-06 / 1.104696e+00
PCG: 0 : 3.650847e-06
PCG: 1 : 3.221862e-06 / 8.824973e-01
PCG: 0 : 3.221862e-06
PCG: 1 : 3.559278e-06 / 1.104727e+00
PCG: 0 : 3.559277e-06
PCG: 1 : 3.140959e-06 / 8.824710e-01
PCG: 0 : 3.140959e-06
PCG: 1 : 3.469934e-06 / 1.104737e+00
PCG: 0 : 3.469933e-06
PCG: 1 : 3.062109e-06 / 8.824693e-01
PCG: 0 : 3.062110e-06
PCG: 1 : 3.382839e-06 / 1.104741e+00
PCG: 0 : 3.382838e-06
PCG: 1 : 2.985186e-06 / 8.824500e-01
PCG: 0 : 2.985186e-06
PCG: 1 : 3.297927e-06 / 1.104764e+00
PCG: 0 : 3.297926e-06
PCG: 1 : 2.910234e-06 / 8.824436e-01
PCG: 0 : 2.910234e-06
PCG: 1 : 3.215162e-06 / 1.104778e+00
PCG: 0 : 3.215162e-06
PCG: 1 : 2.837253e-06 / 8.824604e-01
PCG: 0 : 2.837253e-06
PCG: 1 : 3.134411e-06 / 1.104734e+00
PCG: 0 : 3.134411e-06
PCG: 1 : 2.766007e-06 / 8.824646e-01
PCG: 0 : 2.766007e-06
PCG: 1 : 3.055774e-06 / 1.104760e+00
PCG: 0 : 3.055774e-06
PCG: 1 : 2.696542e-06 / 8.824414e-01
PCG: 0 : 2.696541e-06
PCG: 1 : 2.979086e-06 / 1.104781e+00
PCG: 0 : 2.979086e-06
PCG: 1 : 2.628820e-06 / 8.824250e-01
PCG: 0 : 2.628820e-06
PCG: 1 : 2.904246e-06 / 1.104772e+00
PCG: 0 : 2.904246e-06
PCG: 1 : 2.562832e-06 / 8.824432e-01
PCG: 0 : 2.562832e-06
PCG: 1 : 2.831434e-06 / 1.104807e+00
PCG: 0 : 2.831434e-06
PCG: 1 : 2.498449e-06 / 8.823972e-01
PCG: 0 : 2.498449e-06
PCG: 1 : 2.760361e-06 / 1.104829e+00
PCG: 0 : 2.760361e-06
PCG: 1 : 2.435723e-06 / 8.823932e-01
PCG: 0 : 2.435724e-06
PCG: 1 : 2.691037e-06 / 1.104820e+00
PCG: 0 : 2.691037e-06
PCG: 1 : 2.374616e-06 / 8.824167e-01
PCG: 0 : 2.374617e-06
PCG: 1 : 2.623418e-06 / 1.104776e+00
PCG: 0 : 2.623418e-06
PCG: 1 : 2.315032e-06 / 8.824487e-01
PCG: 0 : 2.315031e-06
PCG: 1 : 2.557556e-06 / 1.104761e+00
PCG: 0 : 2.557556e-06
PCG: 1 : 2.256938e-06 / 8.824590e-01
PCG: 0 : 2.256938e-06
PCG: 1 : 2.493367e-06 / 1.104756e+00
PCG: 0 : 2.493367e-06
PCG: 1 : 2.200308e-06 / 8.824648e-01
PCG: 0 : 2.200308e-06
PCG: 1 : 2.430720e-06 / 1.104718e+00
PCG: 0 : 2.430720e-06
PCG: 1 : 2.145124e-06 / 8.825057e-01
PCG: 0 : 2.145124e-06
PCG: 1 : 2.369630e-06 / 1.104659e+00
PCG: 0 : 2.369630e-06
PCG: 1 : 2.091285e-06 / 8.825365e-01
PCG: 0 : 2.091285e-06
PCG: 1 : 2.310212e-06 / 1.104685e+00
PCG: 0 : 2.310212e-06
PCG: 1 : 2.038691e-06 / 8.824695e-01
PCG: 0 : 2.038692e-06
PCG: 1 : 2.252244e-06 / 1.104749e+00
PCG: 0 : 2.252244e-06
PCG: 1 : 1.987521e-06 / 8.824626e-01
PCG: 0 : 1.987521e-06
PCG: 1 : 2.195711e-06 / 1.104749e+00
PCG: 0 : 2.195711e-06
PCG: 1 : 1.937618e-06 / 8.824558e-01
PCG: 0 : 1.937618e-06
PCG: 1 : 2.140647e-06 / 1.104783e+00
PCG: 0 : 2.140647e-06
PCG: 1 : 1.888924e-06 / 8.824078e-01
PCG: 0 : 1.888923e-06
PCG: 1 : 2.086974e-06 / 1.104848e+00
PCG: 0 : 2.086974e-06
PCG: 1 : 1.841472e-06 / 8.823647e-01
PCG: 0 : 1.841472e-06
PCG: 1 : 2.034552e-06 / 1.104851e+00
PCG: 0 : 2.034552e-06
PCG: 1 : 1.795273e-06 / 8.823922e-01
PCG: 0 : 1.795273e-06
PCG: 1 : 1.983484e-06 / 1.104837e+00
PCG: 0 : 1.983484e-06
PCG: 1 : 1.750187e-06 / 8.823802e-01
PCG: 0 : 1.750187e-06
PCG: 1 : 1.933668e-06 / 1.104835e+00
PCG: 0 : 1.933668e-06
PCG: 1 : 1.706288e-06 / 8.824103e-01
PCG: 0 : 1.706288e-06
PCG: 1 : 1.885187e-06 / 1.104847e+00
PCG: 0 : 1.885187e-06
PCG: 1 : 1.663382e-06 / 8.823436e-01
PCG: 0 : 1.663382e-06
PCG: 1 : 1.837872e-06 / 1.104900e+00
PCG: 0 : 1.837871e-06
PCG: 1 : 1.621635e-06 / 8.823439e-01
PCG: 0 : 1.621634e-06
PCG: 1 : 1.791740e-06 / 1.104898e+00
PCG: 0 : 1.791740e-06
PCG: 1 : 1.580947e-06 / 8.823529e-01
PCG: 0 : 1.580947e-06
PCG: 1 : 1.746743e-06 / 1.104872e+00
PCG: 0 : 1.746743e-06
PCG: 1 : 1.541252e-06 / 8.823572e-01
PCG: 0 : 1.541251e-06
PCG: 1 : 1.702952e-06 / 1.104915e+00
PCG: 0 : 1.702951e-06
PCG: 1 : 1.502514e-06 / 8.823001e-01
PCG: 0 : 1.502514e-06
PCG: 1 : 1.660160e-06 / 1.104921e+00
PCG: 0 : 1.660159e-06
PCG: 1 : 1.464839e-06 / 8.823482e-01
PCG: 0 : 1.464839e-06
PCG: 1 : 1.618448e-06 / 1.104864e+00
PCG: 0 : 1.618448e-06
PCG: 1 : 1.428101e-06 / 8.823891e-01
PCG: 0 : 1.428100e-06
PCG: 1 : 1.577801e-06 / 1.104825e+00
PCG: 0 : 1.577801e-06
PCG: 1 : 1.392278e-06 / 8.824168e-01
PCG: 0 : 1.392278e-06
PCG: 1 : 1.538164e-06 / 1.104782e+00
PCG: 0 : 1.538164e-06
PCG: 1 : 1.357355e-06 / 8.824512e-01
PCG: 0 : 1.357354e-06
PCG: 1 : 1.499548e-06 / 1.104758e+00
PCG: 0 : 1.499549e-06
PCG: 1 : 1.323293e-06 / 8.824608e-01
PCG: 0 : 1.323293e-06
PCG: 1 : 1.461868e-06 / 1.104720e+00
PCG: 0 : 1.461868e-06
PCG: 1 : 1.290082e-06 / 8.824892e-01
PCG: 0 : 1.290082e-06
PCG: 1 : 1.425135e-06 / 1.104686e+00
PCG: 0 : 1.425135e-06
PCG: 1 : 1.257716e-06 / 8.825242e-01
PCG: 0 : 1.257716e-06
PCG: 1 : 1.389344e-06 / 1.104657e+00
PCG: 0 : 1.389344e-06
PCG: 1 : 1.226131e-06 / 8.825251e-01
PCG: 0 : 1.226131e-06
PCG: 1 : 1.354479e-06 / 1.104677e+00
PCG: 0 : 1.354479e-06
PCG: 1 : 1.195363e-06 / 8.825266e-01
PCG: 0 : 1.195363e-06
PCG: 1 : 1.320514e-06 / 1.104697e+00
PCG: 0 : 1.320514e-06
PCG: 1 : 1.165323e-06 / 8.824774e-01
PCG: 0 : 1.165323e-06
PCG: 1 : 1.287404e-06 / 1.104761e+00
PCG: 0 : 1.287404e-06
PCG: 1 : 1.136042e-06 / 8.824288e-01
PCG: 0 : 1.136042e-06
PCG: 1 : 1.255103e-06 / 1.104803e+00
PCG: 0 : 1.255103e-06
PCG: 1 : 1.107525e-06 / 8.824171e-01
PCG: 0 : 1.107524e-06
PCG: 1 : 1.223555e-06 / 1.104766e+00
PCG: 0 : 1.223555e-06
PCG: 1 : 1.079742e-06 / 8.824632e-01
PCG: 0 : 1.079742e-06
PCG: 1 : 1.192863e-06 / 1.104766e+00
PCG: 0 : 1.192862e-06
PCG: 1 : 1.052606e-06 / 8.824204e-01
PCG: 0 : 1.052606e-06
PCG: 1 : 1.162960e-06 / 1.104838e+00
PCG: 0 : 1.162960e-06
PCG: 1 : 1.026145e-06 / 8.823563e-01
PCG: 0 : 1.026145e-06
PCG: 1 : 1.133776e-06 / 1.104889e+00
PCG: 0 : 1.133776e-06
PCG: 1 : 1.000348e-06 / 8.823156e-01
PCG: 0 : 1.000348e-06
PCG: 1 : 1.105349e-06 / 1.104965e+00
PCG: 0 : 1.105349e-06
PCG: 1 : 9.752624e-07 / 8.823118e-01
PCG: 0 : 9.752624e-07
PCG: 1 : 1.077523e-06 / 1.104855e+00
PCG: 0 : 1.077523e-06
PCG: 1 : 9.508314e-07 / 8.824230e-01
PCG: 0 : 9.508313e-07
PCG: 1 : 1.050450e-06 / 1.104770e+00
PCG: 0 : 1.050450e-06
PCG: 1 : 9.269810e-07 / 8.824611e-01
PCG: 0 : 9.269808e-07
PCG: 1 : 1.024064e-06 / 1.104730e+00
PCG: 0 : 1.024064e-06
PCG: 1 : 9.037169e-07 / 8.824810e-01
PCG: 0 : 9.037170e-07
PCG: 1 : 9.983704e-07 / 1.104738e+00
PCG: 0 : 9.983703e-07
PCG: 1 : 8.810196e-07 / 8.824577e-01
PCG: 0 : 8.810194e-07
PCG: 1 : 9.732986e-07 / 1.104741e+00
PCG: 0 : 9.732985e-07
PCG: 1 : 8.589085e-07 / 8.824718e-01
PCG: 0 : 8.589083e-07
PCG: 1 : 9.488809e-07 / 1.104752e+00
PCG: 0 : 9.488809e-07
PCG: 1 : 8.373340e-07 / 8.824437e-01
PCG: 0 : 8.373341e-07
PCG: 1 : 9.250807e-07 / 1.104793e+00
PCG: 0 : 9.250805e-07
PCG: 1 : 8.163065e-07 / 8.824167e-01
PCG: 0 : 8.163065e-07
PCG: 1 : 9.018758e-07 / 1.104825e+00
PCG: 0 : 9.018758e-07
PCG: 1 : 7.958070e-07 / 8.823910e-01
PCG: 0 : 7.958069e-07
PCG: 1 : 8.792335e-07 / 1.104833e+00
PCG: 0 : 8.792335e-07
PCG: 1 : 7.758276e-07 / 8.823909e-01
PCG: 0 : 7.758276e-07
PCG: 1 : 8.571528e-07 / 1.104824e+00
PCG: 0 : 8.571528e-07
PCG: 1 : 7.563466e-07 / 8.823941e-01
PCG: 0 : 7.563465e-07
PCG: 1 : 8.356440e-07 / 1.104843e+00
PCG: 0 : 8.356440e-07
PCG: 1 : 7.373761e-07 / 8.824047e-01
PCG: 0 : 7.373761e-07
PCG: 1 : 8.146409e-07 / 1.104783e+00
PCG: 0 : 8.146408e-07
PCG: 1 : 7.188575e-07 / 8.824226e-01
PCG: 0 : 7.188575e-07
PCG: 1 : 7.941840e-07 / 1.104786e+00
PCG: 0 : 7.941840e-07
PCG: 1 : 7.008169e-07 / 8.824365e-01
PCG: 0 : 7.008168e-07
PCG: 1 : 7.742621e-07 / 1.104800e+00
PCG: 0 : 7.742620e-07
PCG: 1 : 6.832195e-07 / 8.824138e-01
PCG: 0 : 6.832193e-07
PCG: 1 : 7.548446e-07 / 1.104835e+00
PCG: 0 : 7.548445e-07
PCG: 1 : 6.660752e-07 / 8.824006e-01
PCG: 0 : 6.660752e-07
PCG: 1 : 7.358571e-07 / 1.104766e+00
PCG: 0 : 7.358570e-07
PCG: 1 : 6.493806e-07 / 8.824821e-01
PCG: 0 : 6.493806e-07
PCG: 1 : 7.173840e-07 / 1.104720e+00
PCG: 0 : 7.173840e-07
PCG: 1 : 6.330703e-07 / 8.824707e-01
PCG: 0 : 6.330703e-07
PCG: 1 : 6.993707e-07 / 1.104728e+00
PCG: 0 : 6.993707e-07
PCG: 1 : 6.171775e-07 / 8.824755e-01
PCG: 0 : 6.171775e-07
PCG: 1 : 6.818152e-07 / 1.104731e+00
PCG: 0 : 6.818152e-07
PCG: 1 : 6.016983e-07 / 8.824947e-01
PCG: 0 : 6.016983e-07
PCG: 1 : 6.646985e-07 / 1.104704e+00
PCG: 0 : 6.646985e-07
PCG: 1 : 5.865866e-07 / 8.824853e-01
PCG: 0 : 5.865866e-07
PCG: 1 : 6.480229e-07 / 1.104735e+00
PCG: 0 : 6.480229e-07
PCG: 1 : 5.718530e-07 / 8.824579e-01
PCG: 0 : 5.718530e-07
PCG: 1 : 6.317749e-07 / 1.104785e+00
PCG: 0 : 6.317749e-07
PCG: 1 : 5.574868e-07 / 8.824137e-01
PCG: 0 : 5.574868e-07
PCG: 1 : 6.159032e-07 / 1.104785e+00
PCG: 0 : 6.159032e-07
PCG: 1 : 5.434978e-07 / 8.824402e-01
PCG: 0 : 5.434978e-07
PCG: 1 : 6.004583e-07 / 1.104804e+00
PCG: 0 : 6.004582e-07
PCG: 1 : 5.298336e-07 / 8.823822e-01
PCG: 0 : 5.298336e-07
PCG: 1 : 5.854129e-07 / 1.104900e+00
PCG: 0 : 5.854129e-07
PCG: 1 : 5.165179e-07 / 8.823138e-01
PCG: 0 : 5.165179e-07
PCG: 1 : 5.707163e-07 / 1.104930e+00
PCG: 0 : 5.707163e-07
PCG: 1 : 5.035512e-07 / 8.823144e-01
PCG: 0 : 5.035512e-07
PCG: 1 : 5.563842e-07 / 1.104921e+00
PCG: 0 : 5.563842e-07
PCG: 1 : 4.909082e-07 / 8.823187e-01
PCG: 0 : 4.909082e-07
PCG: 1 : 5.424215e-07 / 1.104935e+00
PCG: 0 : 5.424214e-07
PCG: 1 : 4.785918e-07 / 8.823247e-01
PCG: 0 : 4.785917e-07
PCG: 1 : 5.287957e-07 / 1.104899e+00
PCG: 0 : 5.287957e-07
PCG: 1 : 4.665919e-07 / 8.823671e-01
PCG: 0 : 4.665919e-07
PCG: 1 : 5.155028e-07 / 1.104826e+00
PCG: 0 : 5.155027e-07
PCG: 1 : 4.548814e-07 / 8.824034e-01
PCG: 0 : 4.548814e-07
PCG: 1 : 5.025634e-07 / 1.104823e+00
PCG: 0 : 5.025634e-07
PCG: 1 : 4.434584e-07 / 8.823929e-01
PCG: 0 : 4.434583e-07
PCG: 1 : 4.899572e-07 / 1.104855e+00
PCG: 0 : 4.899572e-07
PCG: 1 : 4.323255e-07 / 8.823739e-01
PCG: 0 : 4.323254e-07
PCG: 1 : 4.776477e-07 / 1.104834e+00
PCG: 0 : 4.776476e-07
PCG: 1 : 4.214747e-07 / 8.823968e-01
PCG: 0 : 4.214747e-07
PCG: 1 : 4.656620e-07 / 1.104840e+00
PCG: 0 : 4.656620e-07
PCG: 1 : 4.108917e-07 / 8.823820e-01
PCG: 0 : 4.108917e-07
PCG: 1 : 4.539837e-07 / 1.104874e+00
PCG: 0 : 4.539837e-07
PCG: 1 : 4.005612e-07 / 8.823250e-01
PCG: 0 : 4.005611e-07
PCG: 1 : 4.425931e-07 / 1.104933e+00
PCG: 0 : 4.425931e-07
PCG: 1 : 3.905058e-07 / 8.823133e-01
PCG: 0 : 3.905058e-07
PCG: 1 : 4.314922e-07 / 1.104957e+00
PCG: 0 : 4.314922e-07
PCG: 1 : 3.806948e-07 / 8.822750e-01
PCG: 0 : 3.806948e-07
PCG: 1 : 4.206541e-07 / 1.104964e+00
PCG: 0 : 4.206540e-07
PCG: 1 : 3.711414e-07 / 8.822962e-01
PCG: 0 : 3.711414e-07
PCG: 1 : 4.101085e-07 / 1.104993e+00
PCG: 0 : 4.101085e-07
PCG: 1 : 3.618191e-07 / 8.822523e-01
PCG: 0 : 3.618191e-07
PCG: 1 : 3.997932e-07 / 1.104953e+00
PCG: 0 : 3.997931e-07
PCG: 1 : 3.527423e-07 / 8.823121e-01
PCG: 0 : 3.527423e-07
PCG: 1 : 3.897714e-07 / 1.104975e+00
PCG: 0 : 3.897714e-07
PCG: 1 : 3.438919e-07 / 8.822912e-01
PCG: 0 : 3.438919e-07
PCG: 1 : 3.799820e-07 / 1.104946e+00
PCG: 0 : 3.799819e-07
PCG: 1 : 3.352598e-07 / 8.823046e-01
PCG: 0 : 3.352598e-07
PCG: 1 : 3.704270e-07 / 1.104895e+00
PCG: 0 : 3.704270e-07
PCG: 1 : 3.268525e-07 / 8.823669e-01
PCG: 0 : 3.268526e-07
PCG: 1 : 3.611192e-07 / 1.104838e+00
PCG: 0 : 3.611192e-07
PCG: 1 : 3.186540e-07 / 8.824067e-01
PCG: 0 : 3.186539e-07
PCG: 1 : 3.520505e-07 / 1.104805e+00
PCG: 0 : 3.520505e-07
PCG: 1 : 3.106542e-07 / 8.824136e-01
PCG: 0 : 3.106542e-07
PCG: 1 : 3.432138e-07 / 1.104810e+00
PCG: 0 : 3.432138e-07
PCG: 1 : 3.028519e-07 / 8.824002e-01
PCG: 0 : 3.028519e-07
PCG: 1 : 3.346020e-07 / 1.104837e+00
PCG: 0 : 3.346020e-07
PCG: 1 : 2.952488e-07 / 8.823879e-01
PCG: 0 : 2.952488e-07
PCG: 1 : 3.262071e-07 / 1.104855e+00
PCG: 0 : 3.262071e-07
PCG: 1 : 2.878331e-07 / 8.823631e-01
PCG: 0 : 2.878331e-07
PCG: 1 : 3.180202e-07 / 1.104877e+00
PCG: 0 : 3.180201e-07
PCG: 1 : 2.806084e-07 / 8.823605e-01
PCG: 0 : 2.806084e-07
PCG: 1 : 3.100333e-07 / 1.104861e+00
PCG: 0 : 3.100333e-07
PCG: 1 : 2.735713e-07 / 8.823932e-01
PCG: 0 : 2.735712e-07
PCG: 1 : 3.022490e-07 / 1.104828e+00
PCG: 0 : 3.022490e-07
PCG: 1 : 2.667046e-07 / 8.824003e-01
PCG: 0 : 2.667046e-07
PCG: 1 : 2.946536e-07 / 1.104794e+00
PCG: 0 : 2.946536e-07
PCG: 1 : 2.600073e-07 / 8.824168e-01
PCG: 0 : 2.600073e-07
PCG: 1 : 2.872538e-07 / 1.104791e+00
PCG: 0 : 2.872538e-07
PCG: 1 : 2.534912e-07 / 8.824641e-01
PCG: 0 : 2.534912e-07
PCG: 1 : 2.800483e-07 / 1.104766e+00
PCG: 0 : 2.800483e-07
PCG: 1 : 2.471182e-07 / 8.824128e-01
PCG: 0 : 2.471182e-07
PCG: 1 : 2.730242e-07 / 1.104832e+00
PCG: 0 : 2.730242e-07
PCG: 1 : 2.409162e-07 / 8.823989e-01
PCG: 0 : 2.409163e-07
PCG: 1 : 2.661691e-07 / 1.104820e+00
PCG: 0 : 2.661691e-07
PCG: 1 : 2.348674e-07 / 8.823994e-01
PCG: 0 : 2.348674e-07
PCG: 1 : 2.594846e-07 / 1.104813e+00
PCG: 0 : 2.594846e-07
PCG: 1 : 2.289739e-07 / 8.824183e-01
PCG: 0 : 2.289739e-07
PCG: 1 : 2.529619e-07 / 1.104763e+00
PCG: 0 : 2.529619e-07
PCG: 1 : 2.232326e-07 / 8.824753e-01
PCG: 0 : 2.232326e-07
PCG: 1 : 2.466095e-07 / 1.104720e+00
PCG: 0 : 2.466094e-07
PCG: 1 : 2.176302e-07 / 8.824892e-01
PCG: 0 : 2.176301e-07
PCG: 1 : 2.404159e-07 / 1.104699e+00
PCG: 0 : 2.404159e-07
PCG: 1 : 2.121689e-07 / 8.825080e-01
PCG: 0 : 2.121689e-07
PCG: 1 : 2.343830e-07 / 1.104700e+00
PCG: 0 : 2.343830e-07
PCG: 1 : 2.068396e-07 / 8.824856e-01
PCG: 0 : 2.068396e-07
PCG: 1 : 2.285034e-07 / 1.104737e+00
PCG: 0 : 2.285034e-07
PCG: 1 : 2.016470e-07 / 8.824683e-01
PCG: 0 : 2.016470e-07
PCG: 1 : 2.227755e-07 / 1.104780e+00
PCG: 0 : 2.227756e-07
PCG: 1 : 1.965781e-07 / 8.824044e-01
PCG: 0 : 1.965781e-07
PCG: 1 : 2.171786e-07 / 1.104795e+00
PCG: 0 : 2.171786e-07
PCG: 1 : 1.916482e-07 / 8.824455e-01
PCG: 0 : 1.916483e-07
PCG: 1 : 2.117298e-07 / 1.104783e+00
PCG: 0 : 2.117298e-07
PCG: 1 : 1.868317e-07 / 8.824065e-01
PCG: 0 : 1.868317e-07
PCG: 1 : 2.064153e-07 / 1.104820e+00
PCG: 0 : 2.064153e-07
PCG: 1 : 1.821398e-07 / 8.823947e-01
PCG: 0 : 1.821398e-07
PCG: 1 : 2.012386e-07 / 1.104858e+00
PCG: 0 : 2.012386e-07
PCG: 1 : 1.775635e-07 / 8.823529e-01
PCG: 0 : 1.775635e-07
PCG: 1 : 1.961968e-07 / 1.104939e+00
PCG: 0 : 1.961968e-07
PCG: 1 : 1.730995e-07 / 8.822750e-01
PCG: 0 : 1.730995e-07
PCG: 1 : 1.912738e-07 / 1.104993e+00
PCG: 0 : 1.912738e-07
PCG: 1 : 1.687543e-07 / 8.822659e-01
PCG: 0 : 1.687544e-07
PCG: 1 : 1.864670e-07 / 1.104961e+00
PCG: 0 : 1.864670e-07
PCG: 1 : 1.645177e-07 / 8.822886e-01
PCG: 0 : 1.645177e-07
PCG: 1 : 1.817889e-07 / 1.104981e+00
PCG: 0 : 1.817889e-07
PCG: 1 : 1.603873e-07 / 8.822725e-01
PCG: 0 : 1.603873e-07
PCG: 1 : 1.772248e-07 / 1.104980e+00
PCG: 0 : 1.772249e-07
PCG: 1 : 1.563604e-07 / 8.822715e-01
PCG: 0 : 1.563604e-07
PCG: 1 : 1.727747e-07 / 1.104977e+00
PCG: 0 : 1.727747e-07
PCG: 1 : 1.524377e-07 / 8.822919e-01
PCG: 0 : 1.524377e-07
PCG: 1 : 1.684339e-07 / 1.104936e+00
PCG: 0 : 1.684339e-07
PCG: 1 : 1.486151e-07 / 8.823346e-01
PCG: 0 : 1.486150e-07
PCG: 1 : 1.642052e-07 / 1.104903e+00
PCG: 0 : 1.642052e-07
PCG: 1 : 1.448851e-07 / 8.823419e-01
PCG: 0 : 1.448851e-07
PCG: 1 : 1.600815e-07 / 1.104886e+00
PCG: 0 : 1.600815e-07
PCG: 1 : 1.412487e-07 / 8.823549e-01
PCG: 0 : 1.412487e-07
PCG: 1 : 1.560672e-07 / 1.104911e+00
PCG: 0 : 1.560672e-07
PCG: 1 : 1.376964e-07 / 8.822891e-01
PCG: 0 : 1.376963e-07
PCG: 1 : 1.521479e-07 / 1.104952e+00
PCG: 0 : 1.521479e-07
PCG: 1 : 1.342428e-07 / 8.823182e-01
PCG: 0 : 1.342428e-07
PCG: 1 : 1.483320e-07 / 1.104953e+00
PCG: 0 : 1.483320e-07
PCG: 1 : 1.308707e-07 / 8.822827e-01
PCG: 0 : 1.308707e-07
PCG: 1 : 1.446076e-07 / 1.104965e+00
PCG: 0 : 1.446076e-07
PCG: 1 : 1.275830e-07 / 8.822702e-01
PCG: 0 : 1.275830e-07
PCG: 1 : 1.409805e-07 / 1.105010e+00
PCG: 0 : 1.409805e-07
PCG: 1 : 1.243831e-07 / 8.822716e-01
PCG: 0 : 1.243830e-07
PCG: 1 : 1.374397e-07 / 1.104972e+00
PCG: 0 : 1.374397e-07
PCG: 1 : 1.212583e-07 / 8.822659e-01
PCG: 0 : 1.212583e-07
PCG: 1 : 1.339956e-07 / 1.105043e+00
PCG: 0 : 1.339956e-07
PCG: 1 : 1.182108e-07 / 8.821985e-01
PCG: 0 : 1.182108e-07
PCG: 1 : 1.306302e-07 / 1.105062e+00
PCG: 0 : 1.306302e-07
PCG: 1 : 1.152433e-07 / 8.822103e-01
PCG: 0 : 1.152433e-07
PCG: 1 : 1.273531e-07 / 1.105080e+00
PCG: 0 : 1.273532e-07
PCG: 1 : 1.123477e-07 / 8.821745e-01
PCG: 0 : 1.123477e-07
PCG: 1 : 1.241595e-07 / 1.105136e+00
PCG: 0 : 1.241595e-07
PCG: 1 : 1.095244e-07 / 8.821266e-01
PCG: 0 : 1.095244e-07
PCG: 1 : 1.210456e-07 / 1.105192e+00
PCG: 0 : 1.210456e-07
PCG: 1 : 1.067740e-07 / 8.820980e-01
PCG: 0 : 1.067740e-07
PCG: 1 : 1.180028e-07 / 1.105164e+00
PCG: 0 : 1.180028e-07
PCG: 1 : 1.040963e-07 / 8.821513e-01
PCG: 0 : 1.040963e-07
PCG: 1 : 1.150395e-07 / 1.105125e+00
PCG: 0 : 1.150395e-07
PCG: 1 : 1.014862e-07 / 8.821862e-01
PCG: 0 : 1.014862e-07
PCG: 1 : 1.121500e-07 / 1.105076e+00
PCG: 0 : 1.121500e-07
PCG: 1 : 9.893781e-08 / 8.821921e-01
PCG: 0 : 9.893780e-08
PCG: 1 : 1.093367e-07 / 1.105105e+00
PCG: 0 : 1.093367e-07
PCG: 1 : 9.645260e-08 / 8.821612e-01
PCG: 0 : 9.645260e-08
PCG: 1 : 1.065910e-07 / 1.105112e+00
PCG: 0 : 1.065909e-07
PCG: 1 : 9.403256e-08 / 8.821815e-01
PCG: 0 : 9.403257e-08
PCG: 1 : 1.039123e-07 / 1.105067e+00
PCG: 0 : 1.039123e-07
PCG: 1 : 9.167492e-08 / 8.822334e-01
PCG: 0 : 9.167492e-08
PCG: 1 : 1.013026e-07 / 1.105020e+00
PCG: 0 : 1.013026e-07
PCG: 1 : 8.937363e-08 / 8.822439e-01
PCG: 0 : 8.937363e-08
PCG: 1 : 9.875806e-08 / 1.105002e+00
PCG: 0 : 9.875806e-08
PCG: 1 : 8.713067e-08 / 8.822639e-01
PCG: 0 : 8.713066e-08
PCG: 1 : 9.627997e-08 / 1.105007e+00
PCG: 0 : 9.627998e-08
PCG: 1 : 8.494334e-08 / 8.822535e-01
PCG: 0 : 8.494334e-08
PCG: 1 : 9.386302e-08 / 1.105007e+00
PCG: 0 : 9.386302e-08
PCG: 1 : 8.281112e-08 / 8.822551e-01
PCG: 0 : 8.281111e-08
PCG: 1 : 9.150715e-08 / 1.105011e+00
PCG: 0 : 9.150715e-08
PCG: 1 : 8.073073e-08 / 8.822341e-01
PCG: 0 : 8.073073e-08
PCG: 1 : 8.921042e-08 / 1.105037e+00
PCG: 0 : 8.921040e-08
PCG: 1 : 7.870359e-08 / 8.822244e-01
PCG: 0 : 7.870358e-08
PCG: 1 : 8.697040e-08 / 1.105037e+00
PCG: 0 : 8.697040e-08
PCG: 1 : 7.672906e-08 / 8.822434e-01
PCG: 0 : 7.672906e-08
PCG: 1 : 8.478785e-08 / 1.105029e+00
PCG: 0 : 8.478784e-08
PCG: 1 : 7.480173e-08 / 8.822223e-01
PCG: 0 : 7.480172e-08
PCG: 1 : 8.266147e-08 / 1.105074e+00
PCG: 0 : 8.266146e-08
PCG: 1 : 7.292304e-08 / 8.821892e-01
PCG: 0 : 7.292303e-08
PCG: 1 : 8.058729e-08 / 1.105101e+00
PCG: 0 : 8.058728e-08
PCG: 1 : 7.109165e-08 / 8.821695e-01
PCG: 0 : 7.109165e-08
PCG: 1 : 7.856222e-08 / 1.105084e+00
PCG: 0 : 7.856222e-08
PCG: 1 : 6.930888e-08 / 8.822165e-01
PCG: 0 : 6.930888e-08
PCG: 1 : 7.659270e-08 / 1.105092e+00
PCG: 0 : 7.659270e-08
PCG: 1 : 6.756643e-08 / 8.821523e-01
PCG: 0 : 6.756642e-08
PCG: 1 : 7.467065e-08 / 1.105145e+00
PCG: 0 : 7.467064e-08
PCG: 1 : 6.586967e-08 / 8.821362e-01
PCG: 0 : 6.586967e-08
PCG: 1 : 7.279591e-08 / 1.105151e+00
PCG: 0 : 7.279591e-08
PCG: 1 : 6.421570e-08 / 8.821334e-01
PCG: 0 : 6.421569e-08
PCG: 1 : 7.096715e-08 / 1.105137e+00
PCG: 0 : 7.096715e-08
PCG: 1 : 6.260630e-08 / 8.821870e-01
PCG: 0 : 6.260629e-08
PCG: 1 : 6.918449e-08 / 1.105073e+00
PCG: 0 : 6.918449e-08
PCG: 1 : 6.103372e-08 / 8.821879e-01
PCG: 0 : 6.103372e-08
PCG: 1 : 6.744936e-08 / 1.105116e+00
PCG: 0 : 6.744937e-08
PCG: 1 : 5.950078e-08 / 8.821547e-01
PCG: 0 : 5.950077e-08
PCG: 1 : 6.575468e-08 / 1.105106e+00
PCG: 0 : 6.575469e-08
PCG: 1 : 5.800876e-08 / 8.821995e-01
PCG: 0 : 5.800876e-08
PCG: 1 : 6.410199e-08 / 1.105040e+00
PCG: 0 : 6.410199e-08
PCG: 1 : 5.655344e-08 / 8.822415e-01
PCG: 0 : 5.655344e-08
PCG: 1 : 6.249225e-08 / 1.105012e+00
PCG: 0 : 6.249223e-08
PCG: 1 : 5.513519e-08 / 8.822727e-01
PCG: 0 : 5.513519e-08
PCG: 1 : 6.092186e-08 / 1.104954e+00
PCG: 0 : 6.092186e-08
PCG: 1 : 5.375173e-08 / 8.823062e-01
PCG: 0 : 5.375173e-08
PCG: 1 : 5.939207e-08 / 1.104933e+00
PCG: 0 : 5.939207e-08
PCG: 1 : 5.240333e-08 / 8.823287e-01
PCG: 0 : 5.240333e-08
PCG: 1 : 5.790236e-08 / 1.104937e+00
PCG: 0 : 5.790235e-08
PCG: 1 : 5.108764e-08 / 8.823068e-01
PCG: 0 : 5.108764e-08
PCG: 1 : 5.644823e-08 / 1.104929e+00
PCG: 0 : 5.644822e-08
PCG: 1 : 4.980608e-08 / 8.823321e-01
PCG: 0 : 4.980609e-08
PCG: 1 : 5.502867e-08 / 1.104858e+00
PCG: 0 : 5.502866e-08
PCG: 1 : 4.855646e-08 / 8.823849e-01
PCG: 0 : 4.855646e-08
PCG: 1 : 5.364874e-08 / 1.104873e+00
PCG: 0 : 5.364874e-08
PCG: 1 : 4.733608e-08 / 8.823335e-01
PCG: 0 : 4.733607e-08
PCG: 1 : 5.230278e-08 / 1.104924e+00
PCG: 0 : 5.230278e-08
PCG: 1 : 4.614731e-08 / 8.823109e-01
PCG: 0 : 4.614730e-08
PCG: 1 : 5.099071e-08 / 1.104955e+00
PCG: 0 : 5.099071e-08
PCG: 1 : 4.498806e-08 / 8.822795e-01
PCG: 0 : 4.498807e-08
PCG: 1 : 4.970923e-08 / 1.104943e+00
PCG: 0 : 4.970923e-08
PCG: 1 : 4.386080e-08 / 8.823472e-01
PCG: 0 : 4.386079e-08
PCG: 1 : 4.846179e-08 / 1.104900e+00
PCG: 0 : 4.846179e-08
PCG: 1 : 4.275936e-08 / 8.823314e-01
PCG: 0 : 4.275935e-08
PCG: 1 : 4.724403e-08 / 1.104882e+00
PCG: 0 : 4.724403e-08
PCG: 1 : 4.168664e-08 / 8.823684e-01
PCG: 0 : 4.168664e-08
PCG: 1 : 4.605726e-08 / 1.104845e+00
PCG: 0 : 4.605725e-08
PCG: 1 : 4.064130e-08 / 8.824083e-01
PCG: 0 : 4.064129e-08
PCG: 1 : 4.489996e-08 / 1.104787e+00
PCG: 0 : 4.489996e-08
PCG: 1 : 3.962225e-08 / 8.824562e-01
PCG: 0 : 3.962225e-08
PCG: 1 : 4.377207e-08 / 1.104735e+00
PCG: 0 : 4.377207e-08
PCG: 1 : 3.862751e-08 / 8.824695e-01
PCG: 0 : 3.862750e-08
PCG: 1 : 4.267434e-08 / 1.104766e+00
PCG: 0 : 4.267434e-08
PCG: 1 : 3.765716e-08 / 8.824310e-01
PCG: 0 : 3.765716e-08
PCG: 1 : 4.160268e-08 / 1.104775e+00
PCG: 0 : 4.160267e-08
PCG: 1 : 3.671190e-08 / 8.824410e-01
PCG: 0 : 3.671190e-08
PCG: 1 : 4.055856e-08 / 1.104780e+00
PCG: 0 : 4.055857e-08
PCG: 1 : 3.579037e-08 / 8.824368e-01
PCG: 0 : 3.579037e-08
PCG: 1 : 3.954080e-08 / 1.104789e+00
PCG: 0 : 3.954079e-08
PCG: 1 : 3.489166e-08 / 8.824218e-01
PCG: 0 : 3.489165e-08
PCG: 1 : 3.854838e-08 / 1.104802e+00
PCG: 0 : 3.854837e-08
PCG: 1 : 3.401500e-08 / 8.823980e-01
PCG: 0 : 3.401500e-08
PCG: 1 : 3.758105e-08 / 1.104838e+00
PCG: 0 : 3.758105e-08
PCG: 1 : 3.316050e-08 / 8.823729e-01
PCG: 0 : 3.316051e-08
PCG: 1 : 3.663798e-08 / 1.104868e+00
PCG: 0 : 3.663799e-08
PCG: 1 : 3.232826e-08 / 8.823701e-01
PCG: 0 : 3.232826e-08
PCG: 1 : 3.571818e-08 / 1.104859e+00
PCG: 0 : 3.571818e-08
PCG: 1 : 3.151803e-08 / 8.824087e-01
PCG: 0 : 3.151803e-08
PCG: 1 : 3.482035e-08 / 1.104776e+00
PCG: 0 : 3.482035e-08
PCG: 1 : 3.072731e-08 / 8.824526e-01
PCG: 0 : 3.072731e-08
PCG: 1 : 3.394530e-08 / 1.104727e+00
PCG: 0 : 3.394530e-08
PCG: 1 : 2.995695e-08 / 8.825064e-01
PCG: 0 : 2.995694e-08
PCG: 1 : 3.309233e-08 / 1.104663e+00
PCG: 0 : 3.309232e-08
PCG: 1 : 2.920498e-08 / 8.825303e-01
PCG: 0 : 2.920498e-08
PCG: 1 : 3.226089e-08 / 1.104636e+00
PCG: 0 : 3.226089e-08
PCG: 1 : 2.847256e-08 / 8.825723e-01
PCG: 0 : 2.847256e-08
PCG: 1 : 3.145209e-08 / 1.104646e+00
PCG: 0 : 3.145209e-08
PCG: 1 : 2.775694e-08 / 8.825150e-01
PCG: 0 : 2.775694e-08
PCG: 1 : 3.066189e-08 / 1.104657e+00
PCG: 0 : 3.066188e-08
PCG: 1 : 2.706103e-08 / 8.825626e-01
PCG: 0 : 2.706103e-08
PCG: 1 : 2.989104e-08 / 1.104579e+00
PCG: 0 : 2.989104e-08
PCG: 1 : 2.638274e-08 / 8.826302e-01
PCG: 0 : 2.638274e-08
PCG: 1 : 2.914042e-08 / 1.104526e+00
PCG: 0 : 2.914042e-08
PCG: 1 : 2.571998e-08 / 8.826221e-01
PCG: 0 : 2.571998e-08
PCG: 1 : 2.840937e-08 / 1.104565e+00
PCG: 0 : 2.840937e-08
PCG: 1 : 2.507483e-08 / 8.826255e-01
PCG: 0 : 2.507483e-08
PCG: 1 : 2.769620e-08 / 1.104542e+00
PCG: 0 : 2.769620e-08
PCG: 1 : 2.444495e-08 / 8.826102e-01
PCG: 0 : 2.444494e-08
PCG: 1 : 2.700041e-08 / 1.104540e+00
PCG: 0 : 2.700041e-08
PCG: 1 : 2.383193e-08 / 8.826506e-01
PCG: 0 : 2.383193e-08
PCG: 1 : 2.632292e-08 / 1.104523e+00
PCG: 0 : 2.632293e-08
PCG: 1 : 2.323362e-08 / 8.826383e-01
PCG: 0 : 2.323362e-08
PCG: 1 : 2.566138e-08 / 1.104493e+00
PCG: 0 : 2.566138e-08
PCG: 1 : 2.265015e-08 / 8.826550e-01
PCG: 0 : 2.265015e-08
PCG: 1 : 2.501796e-08 / 1.104538e+00
PCG: 0 : 2.501795e-08
PCG: 1 : 2.208124e-08 / 8.826157e-01
PCG: 0 : 2.208123e-08
PCG: 1 : 2.439026e-08 / 1.104570e+00
PCG: 0 : 2.439026e-08
PCG: 1 : 2.152698e-08 / 8.826056e-01
PCG: 0 : 2.152698e-08
PCG: 1 : 2.377787e-08 / 1.104561e+00
PCG: 0 : 2.377786e-08
PCG: 1 : 2.098727e-08 / 8.826392e-01
PCG: 0 : 2.098727e-08
PCG: 1 : 2.318077e-08 / 1.104516e+00
PCG: 0 : 2.318077e-08
PCG: 1 : 2.046020e-08 / 8.826365e-01
PCG: 0 : 2.046020e-08
PCG: 1 : 2.259904e-08 / 1.104537e+00
PCG: 0 : 2.259904e-08
PCG: 1 : 1.994609e-08 / 8.826081e-01
PCG: 0 : 1.994609e-08
PCG: 1 : 2.203204e-08 / 1.104580e+00
PCG: 0 : 2.203204e-08
PCG: 1 : 1.944573e-08 / 8.826113e-01
PCG: 0 : 1.944573e-08
PCG: 1 : 2.147846e-08 / 1.104534e+00
PCG: 0 : 2.147847e-08
PCG: 1 : 1.895771e-08 / 8.826381e-01
PCG: 0 : 1.895771e-08
PCG: 1 : 2.093903e-08 / 1.104513e+00
PCG: 0 : 2.093903e-08
PCG: 1 : 1.848178e-08 / 8.826476e-01
PCG: 0 : 1.848179e-08
PCG: 1 : 2.041330e-08 / 1.104509e+00
PCG: 0 : 2.041330e-08
PCG: 1 : 1.801794e-08 / 8.826571e-01
PCG: 0 : 1.801794e-08
PCG: 1 : 1.990070e-08 / 1.104494e+00
PCG: 0 : 1.990070e-08
PCG: 1 : 1.756621e-08 / 8.826934e-01
PCG: 0 : 1.756621e-08
PCG: 1 : 1.940083e-08 / 1.104440e+00
PCG: 0 : 1.940083e-08
PCG: 1 : 1.712564e-08 / 8.827268e-01
PCG: 0 : 1.712563e-08
PCG: 1 : 1.891353e-08 / 1.104399e+00
PCG: 0 : 1.891353e-08
PCG: 1 : 1.669547e-08 / 8.827261e-01
PCG: 0 : 1.669546e-08
PCG: 1 : 1.843953e-08 / 1.104463e+00
PCG: 0 : 1.843953e-08
PCG: 1 : 1.627589e-08 / 8.826632e-01
PCG: 0 : 1.627589e-08
PCG: 1 : 1.797620e-08 / 1.104468e+00
PCG: 0 : 1.797620e-08
PCG: 1 : 1.586755e-08 / 8.826976e-01
PCG: 0 : 1.586755e-08
PCG: 1 : 1.752511e-08 / 1.104463e+00
PCG: 0 : 1.752512e-08
PCG: 1 : 1.546954e-08 / 8.827071e-01
PCG: 0 : 1.546954e-08
PCG: 1 : 1.708471e-08 / 1.104410e+00
PCG: 0 : 1.708471e-08
PCG: 1 : 1.508170e-08 / 8.827599e-01
PCG: 0 : 1.508170e-08
PCG: 1 : 1.665563e-08 / 1.104360e+00
PCG: 0 : 1.665562e-08
PCG: 1 : 1.470321e-08 / 8.827774e-01
PCG: 0 : 1.470321e-08
PCG: 1 : 1.623741e-08 / 1.104344e+00
PCG: 0 : 1.623741e-08
PCG: 1 : 1.433422e-08 / 8.827898e-01
PCG: 0 : 1.433422e-08
PCG: 1 : 1.582967e-08 / 1.104328e+00
PCG: 0 : 1.582967e-08
PCG: 1 : 1.397423e-08 / 8.827872e-01
PCG: 0 : 1.397423e-08
PCG: 1 : 1.543211e-08 / 1.104327e+00
PCG: 0 : 1.543212e-08
PCG: 1 : 1.362379e-08 / 8.828209e-01
PCG: 0 : 1.362380e-08
PCG: 1 : 1.504458e-08 / 1.104287e+00
PCG: 0 : 1.504458e-08
PCG: 1 : 1.328187e-08 / 8.828341e-01
PCG: 0 : 1.328187e-08
PCG: 1 : 1.466723e-08 / 1.104305e+00
PCG: 0 : 1.466723e-08
PCG: 1 : 1.294832e-08 / 8.828058e-01
PCG: 0 : 1.294832e-08
PCG: 1 : 1.429890e-08 / 1.104306e+00
PCG: 0 : 1.429890e-08
PCG: 1 : 1.262337e-08 / 8.828207e-01
PCG: 0 : 1.262337e-08
PCG: 1 : 1.393979e-08 / 1.104285e+00
PCG: 0 : 1.393979e-08
PCG: 1 : 1.230660e-08 / 8.828399e-01
PCG: 0 : 1.230660e-08
PCG: 1 : 1.358983e-08 / 1.104271e+00
PCG: 0 : 1.358982e-08
PCG: 1 : 1.199775e-08 / 8.828481e-01
PCG: 0 : 1.199775e-08
PCG: 1 : 1.324883e-08 / 1.104276e+00
PCG: 0 : 1.324884e-08
PCG: 1 : 1.169614e-08 / 8.828048e-01
PCG: 0 : 1.169614e-08
PCG: 1 : 1.291622e-08 / 1.104315e+00
PCG: 0 : 1.291622e-08
PCG: 1 : 1.140298e-08 / 8.828418e-01
PCG: 0 : 1.140297e-08
PCG: 1 : 1.259175e-08 / 1.104251e+00
PCG: 0 : 1.259175e-08
PCG: 1 : 1.111709e-08 / 8.828867e-01
PCG: 0 : 1.111709e-08
PCG: 1 : 1.227524e-08 / 1.104177e+00
PCG: 0 : 1.227524e-08
PCG: 1 : 1.083837e-08 / 8.829460e-01
PCG: 0 : 1.083837e-08
PCG: 1 : 1.196700e-08 / 1.104133e+00
PCG: 0 : 1.196700e-08
PCG: 1 : 1.056623e-08 / 8.829474e-01
PCG: 0 : 1.056623e-08
PCG: 1 : 1.166643e-08 / 1.104124e+00
PCG: 0 : 1.166643e-08
PCG: 1 : 1.030107e-08 / 8.829671e-01
PCG: 0 : 1.030107e-08
PCG: 1 : 1.137365e-08 / 1.104123e+00
PCG: 0 : 1.137366e-08
PCG: 1 : 1.004232e-08 / 8.829454e-01
PCG: 0 : 1.004232e-08
PCG: 1 : 1.108832e-08 / 1.104160e+00
PCG: 0 : 1.108832e-08
PCG: 1 : 9.790188e-09 / 8.829277e-01
PCG: 0 : 9.790189e-09
PCG: 1 : 1.080975e-08 / 1.104141e+00
PCG: 0 : 1.080976e-08
PCG: 1 : 9.544848e-09 / 8.829846e-01
PCG: 0 : 9.544848e-09
PCG: 1 : 1.053851e-08 / 1.104105e+00
PCG: 0 : 1.053851e-08
PCG: 1 : 9.305079e-09 / 8.829593e-01
PCG: 0 : 9.305078e-09
PCG: 1 : 1.027392e-08 / 1.104119e+00
PCG: 0 : 1.027392e-08
PCG: 1 : 9.071412e-09 / 8.829557e-01
PCG: 0 : 9.071411e-09
PCG: 1 : 1.001609e-08 / 1.104138e+00
PCG: 0 : 1.001609e-08
PCG: 1 : 8.843830e-09 / 8.829619e-01
PCG: 0 : 8.843831e-09
PCG: 1 : 9.764267e-09 / 1.104077e+00
PCG: 0 : 9.764265e-09
PCG: 1 : 8.622047e-09 / 8.830206e-01
PCG: 0 : 8.622048e-09
PCG: 1 : 9.519036e-09 / 1.104034e+00
PCG: 0 : 9.519033e-09
PCG: 1 : 8.405678e-09 / 8.830391e-01
PCG: 0 : 8.405678e-09
PCG: 1 : 9.280384e-09 / 1.104061e+00
PCG: 0 : 9.280385e-09
PCG: 1 : 8.194428e-09 / 8.829836e-01
PCG: 0 : 8.194426e-09
PCG: 1 : 9.047412e-09 / 1.104093e+00
PCG: 0 : 9.047413e-09
PCG: 1 : 7.988795e-09 / 8.829923e-01
PCG: 0 : 7.988795e-09
PCG: 1 : 8.820407e-09 / 1.104097e+00
PCG: 0 : 8.820404e-09
PCG: 1 : 7.788281e-09 / 8.829846e-01
PCG: 0 : 7.788283e-09
PCG: 1 : 8.599001e-09 / 1.104095e+00
PCG: 0 : 8.599002e-09
PCG: 1 : 7.592675e-09 / 8.829717e-01
PCG: 0 : 7.592677e-09
PCG: 1 : 8.383013e-09 / 1.104092e+00
PCG: 0 : 8.383013e-09
PCG: 1 : 7.402287e-09 / 8.830103e-01
PCG: 0 : 7.402288e-09
PCG: 1 : 8.172410e-09 / 1.104038e+00
PCG: 0 : 8.172409e-09
PCG: 1 : 7.216423e-09 / 8.830227e-01
PCG: 0 : 7.216420e-09
PCG: 1 : 7.967468e-09 / 1.104075e+00
PCG: 0 : 7.967469e-09
PCG: 1 : 7.035341e-09 / 8.830082e-01
PCG: 0 : 7.035341e-09
PCG: 1 : 7.767246e-09 / 1.104033e+00
PCG: 0 : 7.767246e-09
PCG: 1 : 6.858768e-09 / 8.830374e-01
PCG: 0 : 6.858769e-09
PCG: 1 : 7.572361e-09 / 1.104041e+00
PCG: 0 : 7.572361e-09
PCG: 1 : 6.686556e-09 / 8.830213e-01
PCG: 0 : 6.686555e-09
PCG: 1 : 7.382210e-09 / 1.104038e+00
PCG: 0 : 7.382211e-09
PCG: 1 : 6.518879e-09 / 8.830523e-01
PCG: 0 : 6.518878e-09
PCG: 1 : 7.197113e-09 / 1.104042e+00
PCG: 0 : 7.197114e-09
PCG: 1 : 6.354917e-09 / 8.829812e-01
PCG: 0 : 6.354915e-09
PCG: 1 : 7.016504e-09 / 1.104107e+00
PCG: 0 : 7.016501e-09
PCG: 1 : 6.195338e-09 / 8.829668e-01
PCG: 0 : 6.195339e-09
PCG: 1 : 6.840390e-09 / 1.104119e+00
PCG: 0 : 6.840389e-09
PCG: 1 : 6.039956e-09 / 8.829843e-01
PCG: 0 : 6.039956e-09
PCG: 1 : 6.668515e-09 / 1.104067e+00
PCG: 0 : 6.668516e-09
PCG: 1 : 5.888485e-09 / 8.830279e-01
PCG: 0 : 5.888485e-09
PCG: 1 : 6.500973e-09 / 1.104015e+00
PCG: 0 : 6.500970e-09
PCG: 1 : 5.740700e-09 / 8.830528e-01
PCG: 0 : 5.740700e-09
PCG: 1 : 6.337785e-09 / 1.104009e+00

PCG ( VCycle ( S: Scale / C: Scale )  )

Complete solver TOE: 1.28941
3.0863 GFlop/s [3.0863 GFlops/s]

Total time: 1.28941s
Accumulated op time: 1.21367

Reductions: 10.9693%
Blas-1: 4.04479%
Blas-2: 79.1122%
Precon Kernels: 0%
MPI Execution: 0%
MPI Wait: 0%
Not covered: 5.87377%

Domain size: 3.00121 MByte
LA size: 7.32276 MByte
MPI size: 0.167549 MByte

H0-Error: 2.747039e-05
H1-Error: 1.613732e-02

Writing DATA to output.data...
Run-Time: 0:01.324 [0:01.324]
0x31d198e880 Error: MemoryPool<CPU> still contains memory chunks on deconstructor call
