NUM-PROCS: 1
Preparing domain...
LVL-MIN: 1 [1]
LVL-MAX: 10 [10]
Creating gates...
Assembling system matrices...
Assembling system filters...
Assembling transfer matrices...
Converting assembled linear system from SparseMatrixCSR, Mem:main to SparseMatrixELL, Mem:cudaand to SparseMatrixELL, Mem:cuda...
PCG: 0 : 9.473711e-03
PCG: 1 : 3.632814e-03 / 3.834626e-01
PCG: 2 : 1.419615e-03 / 1.498479e-01
PCG: 3 : 4.982905e-04 / 5.259718e-02
PCG: 4 : 1.272001e-04 / 1.342664e-02
PCG: 5 : 1.428272e-05 / 1.507616e-03
PCG: 0 : 2.102850e-04
PCG: 1 : 3.001449e-05 / 1.427324e-01
PCG: 2 : 3.976952e-06 / 1.891220e-02
PCG: 3 : 6.922182e-07 / 3.291809e-03
PCG: 4 : 8.069339e-08 / 3.837334e-04
PCG: 5 : 8.931966e-09 / 4.247552e-05
PCG: 0 : 3.980522e-08
PCG: 1 : 1.188731e-08 / 2.986369e-01
PCG: 2 : 1.556807e-09 / 3.911063e-02
PCG: 3 : 3.068032e-10 / 7.707612e-03
PCG: 4 : 5.250540e-11 / 1.319058e-03
PCG: 5 : 5.585373e-12 / 1.403176e-04
PCG: 0 : 3.353914e-11
PCG: 1 : 1.015772e-11 / 3.028616e-01
PCG: 2 : 1.338383e-12 / 3.990512e-02
PCG: 3 : 2.348070e-13 / 7.000983e-03
PCG: 4 : 3.299149e-14 / 9.836713e-04
PCG: 5 : 3.229590e-15 / 9.629316e-05

PCG ( VCycle ( S: Scale / C: Scale )  )

Complete solver TOE: 6.53913
0.482934 GFlop/s [0.482934 GFlops/s]

Total time: 6.53913s
Accumulated op time: 1.84501

Reductions: 26.9195%
Blas-1: 0.716777%
Blas-2: 0.578639%
Precon Kernels: 0%
MPI Execution: 0%
MPI Wait: 0%
Not covered: 71.7851%

Domain size: 106.948 MByte
LA size: 356.567 MByte
MPI size: 10.698 MByte

H0-Error: 4.290881e-07
H1-Error: 2.017209e-03

Writing DATA to output.data...
Run-Time: 0:18.130 [0:18.130]
0xb33669f8 Error: MemoryPool<CUDA> still contains memory chunks on deconstructor call
