NUM-PROCS: 1
Preparing domain...
LVL-MIN: 2 [2]
LVL-MAX: 9 [9]
Creating gates...
Assembling system matrices...
Assembling system filters...
Assembling transfer matrices...
Converting assembled linear system from SparseMatrixCSR, Mem:main to SparseMatrixELL, Mem:cudaand to SparseMatrixELL, Mem:cuda...
PCG: 0 : 1.894534e-02
PCG: 1 : 9.764041e-03 / 5.153795e-01
PCG: 2 : 5.655357e-03 / 2.985091e-01
PCG: 3 : 1.963570e-03 / 1.036439e-01
PCG: 0 : 2.044610e-03
PCG: 1 : 5.282518e-04 / 2.583632e-01
PCG: 2 : 6.754755e-05 / 3.303689e-02
PCG: 3 : 1.111992e-05 / 5.438652e-03
PCG: 0 : 1.111993e-05
PCG: 1 : 9.402786e-06 / 8.455795e-01
PCG: 2 : 1.142550e-06 / 1.027479e-01
PCG: 3 : 1.303394e-07 / 1.172125e-02
PCG: 0 : 1.303401e-07
PCG: 1 : 3.160049e-08 / 2.424465e-01
PCG: 2 : 4.577270e-09 / 3.511791e-02
PCG: 3 : 1.220694e-09 / 9.365453e-03

PCG ( VCycle ( S: Scale / C: Scale )  )

Complete solver TOE: 0.133223
3.71314 GFlop/s [3.71314 GFlops/s]

Total time: 0.133223s
Accumulated op time: 0.017079

Reductions: 11.5888%
Blas-1: 0.590739%
Blas-2: 0.64028%
Precon Kernels: 0%
MPI Execution: 0%
MPI Wait: 0%
Not covered: 87.1801%

Domain size: 48.2178 MByte
LA size: 121.079 MByte
MPI size: 2.68237 MByte

H0-Error: 1.716815e-06
H1-Error: 4.034414e-03

Writing DATA to output.data...
Run-Time: 0:00.838 [0:00.838]
0x31d198e880 Error: MemoryPool<CUDA> still contains memory chunks on deconstructor call
