NUM-PROCS: 1
Preparing domain...
LVL-MIN: 5 [5]
LVL-MAX: 8 [8]
Creating gates...
Assembling system matrices...
Assembling system filters...
Assembling transfer matrices...
Converting assembled linear system from SparseMatrixCSR, Mem:main to SparseMatrixELL, Mem:cudaand to SparseMatrixELL, Mem:cuda...
PCG: 0 : 3.788187e-02
PCG: 1 : 1.531280e-01 / 4.042252e+00
PCG: 2 : 1.362876e-01 / 3.597701e+00
PCG: 3 : 2.921193e-01 / 7.711322e+00
PCG: 4 : 2.872778e-01 / 7.583518e+00
PCG: 5 : 1.502761e-01 / 3.966966e+00
PCG: 6 : 1.546996e-01 / 4.083736e+00
PCG: 7 : 1.430835e-01 / 3.777096e+00
PCG: 8 : 1.148350e-01 / 3.031397e+00
PCG: 0 : 1.146127e-01
PCG: 1 : 8.042982e-02 / 7.017530e-01
PCG: 2 : 4.126789e-02 / 3.600638e-01
PCG: 3 : 3.061955e-02 / 2.671566e-01
PCG: 4 : 2.928820e-02 / 2.555405e-01
PCG: 5 : 1.949335e-02 / 1.700801e-01
PCG: 6 : 9.270906e-03 / 8.088897e-02
PCG: 7 : 9.913119e-03 / 8.649231e-02
PCG: 8 : 1.500149e-02 / 1.308885e-01
PCG: 0 : 1.500148e-02
PCG: 1 : 4.071932e-03 / 2.714353e-01
PCG: 2 : 3.407142e-03 / 2.271203e-01
PCG: 3 : 4.424324e-03 / 2.949257e-01
PCG: 4 : 5.124677e-03 / 3.416113e-01
PCG: 5 : 6.779174e-03 / 4.519002e-01
PCG: 6 : 4.566519e-03 / 3.044045e-01
PCG: 7 : 3.258164e-03 / 2.171895e-01
PCG: 8 : 2.613853e-03 / 1.742396e-01
PCG: 0 : 2.613853e-03
PCG: 1 : 2.590228e-03 / 9.909616e-01
PCG: 2 : 1.777419e-03 / 6.799995e-01
PCG: 3 : 9.786647e-04 / 3.744147e-01
PCG: 4 : 7.176462e-04 / 2.745549e-01
PCG: 5 : 7.085208e-04 / 2.710638e-01
PCG: 6 : 3.591442e-04 / 1.374003e-01
PCG: 7 : 3.409408e-04 / 1.304361e-01
PCG: 8 : 4.948825e-04 / 1.893307e-01
PCG: 0 : 4.948825e-04
PCG: 1 : 2.898695e-04 / 5.857341e-01
PCG: 2 : 3.556391e-04 / 7.186334e-01
PCG: 3 : 2.874684e-04 / 5.808823e-01
PCG: 4 : 2.633879e-04 / 5.322230e-01
PCG: 5 : 4.032587e-04 / 8.148574e-01
PCG: 6 : 4.487038e-04 / 9.066876e-01
PCG: 7 : 2.196934e-04 / 4.439304e-01
PCG: 8 : 2.342129e-04 / 4.732699e-01
PCG: 0 : 2.342129e-04
PCG: 1 : 1.922563e-04 / 8.208612e-01
PCG: 2 : 2.216243e-04 / 9.462512e-01
PCG: 3 : 1.002036e-04 / 4.278310e-01
PCG: 4 : 5.898059e-05 / 2.518246e-01
PCG: 5 : 6.045723e-05 / 2.581294e-01
PCG: 6 : 6.165435e-05 / 2.632406e-01
PCG: 7 : 4.171488e-05 / 1.781067e-01
PCG: 8 : 5.737132e-05 / 2.449537e-01
PCG: 0 : 5.737132e-05
PCG: 1 : 3.845518e-05 / 6.702858e-01
PCG: 2 : 5.017643e-05 / 8.745908e-01
PCG: 3 : 4.252643e-05 / 7.412489e-01
PCG: 4 : 3.515876e-05 / 6.128281e-01
PCG: 5 : 4.511335e-05 / 7.863399e-01
PCG: 6 : 6.643742e-05 / 1.158025e+00
PCG: 7 : 3.840335e-05 / 6.693825e-01
PCG: 8 : 3.462944e-05 / 6.036021e-01
PCG: 0 : 3.462944e-05
PCG: 1 : 2.797243e-05 / 8.077644e-01
PCG: 2 : 3.138225e-05 / 9.062302e-01
PCG: 3 : 1.479297e-05 / 4.271789e-01
PCG: 4 : 8.471073e-06 / 2.446205e-01
PCG: 5 : 8.222021e-06 / 2.374286e-01
PCG: 6 : 8.779015e-06 / 2.535130e-01
PCG: 7 : 6.317328e-06 / 1.824265e-01
PCG: 8 : 8.182938e-06 / 2.363000e-01
PCG: 0 : 8.182937e-06
PCG: 1 : 5.851608e-06 / 7.150988e-01
PCG: 2 : 7.208871e-06 / 8.809637e-01
PCG: 3 : 5.962697e-06 / 7.286745e-01
PCG: 4 : 5.379445e-06 / 6.573979e-01
PCG: 5 : 7.015429e-06 / 8.573241e-01
PCG: 6 : 9.511899e-06 / 1.162407e+00
PCG: 7 : 5.684939e-06 / 6.947309e-01
PCG: 8 : 5.378777e-06 / 6.573162e-01
PCG: 0 : 5.378775e-06
PCG: 1 : 4.318154e-06 / 8.028136e-01
PCG: 2 : 4.486654e-06 / 8.341405e-01
PCG: 3 : 2.231071e-06 / 4.147917e-01
PCG: 4 : 1.482285e-06 / 2.755804e-01
PCG: 5 : 1.277962e-06 / 2.375936e-01
PCG: 6 : 1.223352e-06 / 2.274406e-01
PCG: 7 : 9.711774e-07 / 1.805574e-01
PCG: 8 : 1.305711e-06 / 2.427524e-01
PCG: 0 : 1.305710e-06
PCG: 1 : 9.607782e-07 / 7.358279e-01
PCG: 2 : 1.003373e-06 / 7.684498e-01
PCG: 3 : 8.681662e-07 / 6.648995e-01
PCG: 4 : 9.910068e-07 / 7.589790e-01
PCG: 5 : 1.158328e-06 / 8.871245e-01
PCG: 6 : 1.296449e-06 / 9.929067e-01
PCG: 7 : 8.588364e-07 / 6.577541e-01
PCG: 8 : 8.913281e-07 / 6.826384e-01

PCG ( VCycle ( S: Scale / C: Scale )  )

Complete solver TOE: 0.098957
8.4893 GFlop/s [8.4893 GFlops/s]

Total time: 0.098957s
Accumulated op time: 0.042066

Reductions: 36.8352%
Blas-1: 3.04779%
Blas-2: 2.62639%
Precon Kernels: 0%
MPI Execution: 0%
MPI Wait: 0%
Not covered: 57.4906%

Domain size: 12.056 MByte
LA size: 30.0508 MByte
MPI size: 0.671478 MByte

H0-Error: 7.084151e-06
H1-Error: 8.068795e-03

Writing DATA to output.data...
Run-Time: 0:00.311 [0:00.311]
0x31d198e880 Error: MemoryPool<CUDA> still contains memory chunks on deconstructor call
