NUM-PROCS: 1
Preparing domain...
LVL-MIN: 2 [2]
LVL-MAX: 3 [3]
Creating gates...
Assembling system matrices...
Assembling system filters...
Assembling transfer matrices...
Converting assembled linear system from SparseMatrixCSR, Mem:main to SparseMatrixELL, Mem:cudaand to SparseMatrixELL, Mem:cuda...
PCG: 0 : 1.157947e+00
PCG: 1 : 4.440352e-01 / 3.834676e-01
PCG: 2 : 1.021441e-01 / 8.821135e-02
PCG: 3 : 3.438980e-03 / 2.969895e-03
PCG: 4 : 1.243042e-04 / 1.073488e-04
PCG: 5 : 8.809350e-06 / 7.607732e-06
PCG: 0 : 6.039956e-01
PCG: 1 : 2.391107e-01 / 3.958815e-01
PCG: 2 : 1.035870e-01 / 1.715029e-01
PCG: 3 : 3.334742e-03 / 5.521136e-03
PCG: 4 : 2.364562e-04 / 3.914866e-04
PCG: 5 : 7.575591e-06 / 1.254246e-05

PCG ( VCycle ( S: Scale / C: Scale )  )

Complete solver TOE: 0.003156
0.0277779 GFlop/s [0.0277779 GFlops/s]

Total time: 0.003156s
Accumulated op time: 0.001702

Reductions: 44.3599%
Blas-1: 5.48162%
Blas-2: 4.08745%
Precon Kernels: 0%
MPI Execution: 0%
MPI Wait: 0%
Not covered: 46.071%

Domain size: 0.0137024 MByte
LA size: 0.0290833 MByte
MPI size: 0.000839233 MByte

H0-Error: 6.962287e-03
H1-Error: 2.567055e-01

Writing DATA to output.data...
Run-Time: 0:00.039 [0:00.039]
0x31d198e880 Error: MemoryPool<CUDA> still contains memory chunks on deconstructor call
