NUM-PROCS: 1
Preparing domain...
LVL-MIN: 2 [2]
LVL-MAX: 7 [7]
Creating gates...
Assembling system matrices...
Assembling system filters...
Assembling transfer matrices...
Converting assembled linear system from SparseMatrixCSR, Mem:main to SparseMatrixCSR, Mem:mainand to SparseMatrixCSR, Mem:main...
PCG:  0 : 7.572480e-02
PCG:  1 : 3.593035e-02 / 4.744859e-01
PCG:  2 : 1.826593e-02 / 2.412147e-01
PCG:  3 : 4.764253e-03 / 6.291537e-02
PCG:  4 : 5.501905e-04 / 7.265658e-03
PCG:  5 : 5.267570e-05 / 6.956202e-04
PCG:  6 : 7.882784e-06 / 1.040978e-04
PCG:  7 : 8.629921e-07 / 1.139643e-05
PCG:  8 : 5.059154e-08 / 6.680974e-07
PCG:  9 : 3.379138e-08 / 4.462394e-07
PCG: 10 : 9.617890e-09 / 1.270111e-07
PCG: 11 : 5.257997e-10 / 6.943560e-09
PCG:  0 : 4.379316e-03
PCG:  1 : 5.436793e-04 / 1.241471e-01
PCG:  2 : 4.929950e-04 / 1.125735e-01
PCG:  3 : 3.376767e-05 / 7.710719e-03
PCG:  4 : 4.540643e-06 / 1.036839e-03
PCG:  5 : 4.788114e-07 / 1.093347e-04
PCG:  6 : 4.614215e-08 / 1.053638e-05
PCG:  7 : 7.676721e-09 / 1.752950e-06
PCG:  8 : 1.075931e-09 / 2.456847e-07
PCG:  9 : 8.003589e-11 / 1.827589e-08
PCG:  0 : 9.441486e-09
PCG:  1 : 1.838267e-09 / 1.947010e-01
PCG:  2 : 4.210723e-10 / 4.459809e-02
PCG:  3 : 1.911536e-10 / 2.024614e-02
PCG:  4 : 4.780927e-11 / 5.063744e-03
PCG:  5 : 9.390226e-12 / 9.945708e-04
PCG:  6 : 1.135351e-12 / 1.202513e-04
PCG:  7 : 1.497235e-13 / 1.585804e-05
PCG:  8 : 1.806680e-14 / 1.913555e-06
PCG:  9 : 1.943598e-15 / 2.058572e-07
PCG: 10 : 2.329443e-16 / 2.467242e-08
PCG:  0 : 2.769501e-14
PCG:  1 : 4.516210e-15 / 1.630694e-01
PCG:  2 : 1.667942e-15 / 6.022535e-02
PCG:  3 : 6.201250e-16 / 2.239121e-02
PCG:  4 : 1.212513e-16 / 4.378090e-03
PCG:  5 : 2.042288e-17 / 7.374207e-04
PCG:  6 : 2.084739e-18 / 7.527489e-05
PCG:  7 : 2.143862e-18 / 7.740966e-05
PCG:  8 : nan / nan
PCG:  9 : nan / nan
PCG: 10 : nan / nan
PCG: 11 : nan / nan
PCG: 12 : nan / nan
PCG: 13 : nan / nan
PCG: 14 : nan / nan

PCG ( VCycle ( S: Scale / C: Scale )  )

Complete solver TOE: 0.149916
0.703382 GFlop/s [0.703382 GFlops/s]

Total time: 0.149916s
Accumulated op time: 0.140204

Reductions: 1.99378%
Blas-1: 5.50508%
Blas-2: 86.0228%
Precon Kernels: 0%
MPI Execution: 0%
MPI Wait: 0%
Not covered: 6.47829%

Domain size: 1.70123 MByte
LA size: 5.64891 MByte
MPI size: 0.170563 MByte

H0-Error: -nan
H1-Error: -nan

Writing DATA to output.data...
Run-Time: 0:00.339 [0:00.339]
0xb33479f8 Error: MemoryPool<CPU> still contains memory chunks on deconstructor call
