NUM-PROCS: 1
Preparing domain...
LVL-MIN: 1 [1]
LVL-MAX: 3 [3]
Creating gates...
Assembling system matrices...
Assembling system filters...
Assembling transfer matrices...
Converting assembled linear system from SparseMatrixCSR, Mem:main to SparseMatrixELL, Mem:cudaand to SparseMatrixELL, Mem:cuda...
PCG: 0 : 1.157947e+00
PCG: 1 : 2.599997e-01 / 2.245351e-01
PCG: 0 : 7.198730e-01
PCG: 1 : 1.852631e-01 / 2.573552e-01
PCG: 0 : 1.852631e-01
PCG: 1 : 1.493165e-02 / 8.059703e-02
PCG: 0 : 1.493164e-02
PCG: 1 : 4.311362e-03 / 2.887400e-01
PCG: 0 : 4.311363e-03
PCG: 1 : 3.769130e-04 / 8.742317e-02
PCG: 0 : 3.769131e-04
PCG: 1 : 1.123944e-04 / 2.981973e-01
PCG: 0 : 1.123944e-04
PCG: 1 : 1.217534e-05 / 1.083269e-01
PCG: 0 : 1.217533e-05
PCG: 1 : 3.249708e-06 / 2.669092e-01
PCG: 0 : 3.249707e-06
PCG: 1 : 4.163030e-07 / 1.281048e-01

PCG ( VCycle ( S: Scale / C: Scale )  )

Complete solver TOE: 0.044645
0.00264224 GFlop/s [0.00264224 GFlops/s]

Total time: 0.044645s
Accumulated op time: 0.015875

Reductions: 20.7212%
Blas-1: 7.84858%
Blas-2: 6.98846%
Precon Kernels: 0%
MPI Execution: 0%
MPI Wait: 0%
Not covered: 64.4417%

Domain size: 0.0085144 MByte
LA size: 0.0250664 MByte
MPI size: 0.000900269 MByte

H0-Error: 6.962215e-03
H1-Error: 2.567055e-01

Writing DATA to output.data...
Run-Time: 0:00.080 [0:00.080]
0xb33229f8 Error: MemoryPool<CUDA> still contains memory chunks on deconstructor call
