NUM-PROCS: 1
Preparing domain...
LVL-MIN: 5 [5]
LVL-MAX: 6 [6]
Creating gates...
Assembling system matrices...
Assembling system filters...
Assembling transfer matrices...
Converting assembled linear system from SparseMatrixCSR, Mem:main to SparseMatrixCSR, Mem:mainand to SparseMatrixCSR, Mem:main...
PCG:  0 : 1.512630e-01
PCG:  1 : 5.296447e-01 / 3.501482e+00
PCG:  2 : 3.286090e-01 / 2.172435e+00
PCG:  3 : 3.573479e-01 / 2.362428e+00
PCG:  4 : 3.568069e-01 / 2.358851e+00
PCG:  5 : 2.454738e-01 / 1.622828e+00
PCG:  6 : 1.993826e-01 / 1.318119e+00
PCG:  7 : 2.148027e-01 / 1.420061e+00
PCG:  8 : 1.415627e-01 / 9.358712e-01
PCG:  9 : 8.050635e-02 / 5.322277e-01
PCG: 10 : 6.912092e-02 / 4.569586e-01
PCG:  0 : 6.992561e-02
PCG:  1 : 4.452341e-02 / 6.367255e-01
PCG:  2 : 2.691727e-02 / 3.849415e-01
PCG:  3 : 1.738947e-02 / 2.486853e-01
PCG:  4 : 1.244905e-02 / 1.780328e-01
PCG:  5 : 8.432438e-03 / 1.205916e-01
PCG:  6 : 4.964976e-03 / 7.100369e-02
PCG:  7 : 3.976914e-03 / 5.687350e-02
PCG:  8 : 4.517362e-03 / 6.460239e-02
PCG:  9 : 2.562264e-03 / 3.664271e-02
PCG: 10 : 1.831710e-03 / 2.619512e-02
PCG:  0 : 1.831709e-03
PCG:  1 : 8.851007e-04 / 4.832103e-01
PCG:  2 : 7.938506e-04 / 4.333934e-01
PCG:  3 : 3.776806e-04 / 2.061903e-01
PCG:  4 : 5.546412e-04 / 3.027999e-01
PCG:  5 : 5.112660e-04 / 2.791197e-01
PCG:  6 : 3.824374e-04 / 2.087872e-01
PCG:  7 : 3.808186e-04 / 2.079034e-01
PCG:  8 : 4.857222e-04 / 2.651744e-01
PCG:  9 : 4.250237e-04 / 2.320367e-01
PCG: 10 : 3.197960e-04 / 1.745889e-01
PCG:  0 : 3.197959e-04
PCG:  1 : 3.376841e-04 / 1.055936e+00
PCG:  2 : 2.018839e-04 / 6.312897e-01
PCG:  3 : 1.609236e-04 / 5.032073e-01
PCG:  4 : 2.007411e-04 / 6.277164e-01
PCG:  5 : 1.433974e-04 / 4.484030e-01
PCG:  6 : 1.465511e-04 / 4.582644e-01
PCG:  7 : 8.690907e-05 / 2.717642e-01
PCG:  8 : 1.019510e-04 / 3.188001e-01
PCG:  9 : 1.136295e-04 / 3.553188e-01
PCG: 10 : 1.142419e-04 / 3.572338e-01
PCG:  0 : 1.142419e-04
PCG:  1 : 8.138924e-05 / 7.124289e-01
PCG:  2 : 6.021616e-05 / 5.270935e-01
PCG:  3 : 6.381740e-05 / 5.586163e-01
PCG:  4 : 7.970392e-05 / 6.976768e-01
PCG:  5 : 4.947951e-05 / 4.331117e-01
PCG:  6 : 4.915637e-05 / 4.302831e-01
PCG:  7 : 4.779009e-05 / 4.183236e-01
PCG:  8 : 5.006584e-05 / 4.382441e-01
PCG:  9 : 4.275966e-05 / 3.742905e-01
PCG: 10 : 3.429985e-05 / 3.002388e-01
PCG:  0 : 3.429985e-05
PCG:  1 : 3.459277e-05 / 1.008540e+00
PCG:  2 : 2.950130e-05 / 8.601002e-01
PCG:  3 : 2.661255e-05 / 7.758796e-01
PCG:  4 : 2.311851e-05 / 6.740119e-01
PCG:  5 : 1.690758e-05 / 4.929344e-01
PCG:  6 : 1.913980e-05 / 5.580142e-01
PCG:  7 : 1.459778e-05 / 4.255932e-01
PCG:  8 : 1.407360e-05 / 4.103107e-01
PCG:  9 : 1.299298e-05 / 3.788057e-01
PCG: 10 : 1.370713e-05 / 3.996266e-01
PCG:  0 : 1.370713e-05
PCG:  1 : 1.023099e-05 / 7.463991e-01
PCG:  2 : 9.940137e-06 / 7.251801e-01
PCG:  3 : 9.987287e-06 / 7.286199e-01
PCG:  4 : 9.657065e-06 / 7.045287e-01
PCG:  5 : 6.626521e-06 / 4.834361e-01
PCG:  6 : 7.331010e-06 / 5.348319e-01
PCG:  7 : 7.946274e-06 / 5.797184e-01
PCG:  8 : 6.466916e-06 / 4.717922e-01
PCG:  9 : 5.322231e-06 / 3.882820e-01
PCG: 10 : 4.979491e-06 / 3.632775e-01
PCG:  0 : 4.979489e-06
PCG:  1 : 4.548436e-06 / 9.134341e-01
PCG:  2 : 4.502673e-06 / 9.042439e-01
PCG:  3 : 4.015588e-06 / 8.064257e-01
PCG:  4 : 3.238506e-06 / 6.503692e-01
PCG:  5 : 2.300734e-06 / 4.620422e-01
PCG:  6 : 2.691870e-06 / 5.405915e-01
PCG:  7 : 2.380591e-06 / 4.780793e-01
PCG:  8 : 1.912006e-06 / 3.839763e-01
PCG:  9 : 1.675118e-06 / 3.364035e-01
PCG: 10 : 2.052846e-06 / 4.122604e-01
PCG:  0 : 2.052846e-06
PCG:  1 : 1.443420e-06 / 7.031315e-01
PCG:  2 : 1.492087e-06 / 7.268384e-01
PCG:  3 : 1.420305e-06 / 6.918715e-01
PCG:  4 : 1.420799e-06 / 6.921121e-01
PCG:  5 : 9.839998e-07 / 4.793346e-01
PCG:  6 : 1.070087e-06 / 5.212703e-01
PCG:  7 : 1.126810e-06 / 5.489014e-01
PCG:  8 : 9.680224e-07 / 4.715515e-01
PCG:  9 : 7.684219e-07 / 3.743204e-01
PCG: 10 : 7.746070e-07 / 3.773333e-01
PCG:  0 : 7.746069e-07
PCG:  1 : 6.401179e-07 / 8.263778e-01
PCG:  2 : 6.709918e-07 / 8.662352e-01
PCG:  3 : 5.750631e-07 / 7.423934e-01
PCG:  4 : 4.776386e-07 / 6.166206e-01
PCG:  5 : 3.597841e-07 / 4.644732e-01
PCG:  6 : 3.887831e-07 / 5.019102e-01
PCG:  7 : 3.404970e-07 / 4.395739e-01
PCG:  8 : 2.863009e-07 / 3.696080e-01
PCG:  9 : 2.463311e-07 / 3.180078e-01
PCG: 10 : 3.283072e-07 / 4.238371e-01
PCG:  0 : 3.283072e-07
PCG:  1 : 2.049556e-07 / 6.242800e-01
PCG:  2 : 2.194714e-07 / 6.684940e-01
PCG:  3 : 2.046423e-07 / 6.233256e-01
PCG:  4 : 2.094174e-07 / 6.378703e-01
PCG:  5 : 1.561985e-07 / 4.757694e-01
PCG:  6 : 1.583736e-07 / 4.823947e-01
PCG:  7 : 1.593638e-07 / 4.854107e-01
PCG:  8 : 1.458294e-07 / 4.441858e-01
PCG:  9 : 1.114986e-07 / 3.396166e-01
PCG: 10 : 1.251084e-07 / 3.810712e-01
PCG:  0 : 1.251084e-07
PCG:  1 : 9.279292e-08 / 7.417001e-01
PCG:  2 : 9.899943e-08 / 7.913091e-01
PCG:  3 : 8.399803e-08 / 6.714019e-01
PCG:  4 : 7.140945e-08 / 5.707805e-01
PCG:  5 : 5.874965e-08 / 4.695899e-01
PCG:  6 : 5.969857e-08 / 4.771747e-01
PCG:  7 : 4.832489e-08 / 3.862641e-01
PCG:  8 : 4.358621e-08 / 3.483875e-01
PCG:  9 : 3.629693e-08 / 2.901238e-01
PCG: 10 : 5.233399e-08 / 4.183091e-01
PCG:  0 : 5.233399e-08
PCG:  1 : 3.088603e-08 / 5.901715e-01
PCG:  2 : 3.247976e-08 / 6.206246e-01
PCG:  3 : 3.039282e-08 / 5.807472e-01
PCG:  4 : 3.194833e-08 / 6.104699e-01
PCG:  5 : 2.519694e-08 / 4.814640e-01
PCG:  6 : 2.470779e-08 / 4.721173e-01
PCG:  7 : 2.322693e-08 / 4.438211e-01
PCG:  8 : 2.199425e-08 / 4.202670e-01
PCG:  9 : 1.673317e-08 / 3.197381e-01
PCG: 10 : 1.968789e-08 / 3.761970e-01
PCG:  0 : 1.968789e-08
PCG:  1 : 1.426448e-08 / 7.245306e-01
PCG:  2 : 1.496162e-08 / 7.599401e-01
PCG:  3 : 1.271608e-08 / 6.458830e-01
PCG:  4 : 1.106926e-08 / 5.622368e-01
PCG:  5 : 9.391981e-09 / 4.770435e-01
PCG:  6 : 9.420813e-09 / 4.785079e-01
PCG:  7 : 7.248650e-09 / 3.681780e-01
PCG:  8 : 6.674853e-09 / 3.390334e-01
PCG:  9 : 5.534145e-09 / 2.810938e-01
PCG: 10 : 8.146830e-09 / 4.137990e-01
PCG:  0 : 8.146828e-09
PCG:  1 : 4.845649e-09 / 5.947896e-01
PCG:  2 : 4.958641e-09 / 6.086591e-01
PCG:  3 : 4.693016e-09 / 5.760543e-01
PCG:  4 : 4.971481e-09 / 6.102351e-01
PCG:  5 : 4.002424e-09 / 4.912861e-01
PCG:  6 : 3.870882e-09 / 4.751397e-01
PCG:  7 : 3.579686e-09 / 4.393963e-01
PCG:  8 : 3.361584e-09 / 4.126249e-01
PCG:  9 : 2.611251e-09 / 3.205236e-01
PCG: 10 : 3.053796e-09 / 3.748448e-01
PCG:  0 : 3.053796e-09
PCG:  1 : 2.246888e-09 / 7.357690e-01
PCG:  2 : 2.304667e-09 / 7.546893e-01
PCG:  3 : 1.990440e-09 / 6.517920e-01
PCG:  4 : 1.719544e-09 / 5.630839e-01
PCG:  5 : 1.487597e-09 / 4.871305e-01
PCG:  6 : 1.470227e-09 / 4.814425e-01
PCG:  7 : 1.133370e-09 / 3.711347e-01
PCG:  8 : 1.030050e-09 / 3.373014e-01
PCG:  9 : 8.696805e-10 / 2.847867e-01
PCG: 10 : 1.258287e-09 / 4.120404e-01

PCG ( VCycle ( S: Scale / C: Scale )  )

Complete solver TOE: 0.086562
0.906916 GFlop/s [0.906916 GFlops/s]

Total time: 0.086562s
Accumulated op time: 0.077913

Reductions: 2.0055%
Blas-1: 5.28985%
Blas-2: 82.713%
Precon Kernels: 0%
MPI Execution: 0%
MPI Wait: 0%
Not covered: 9.99168%

Domain size: 0.403931 MByte
LA size: 1.19083 MByte
MPI size: 0.0405579 MByte

H0-Error: 1.098301e-04
H1-Error: 3.227246e-02

Writing DATA to output.data...
Run-Time: 0:00.133 [0:00.133]
0xb33369f8 Error: MemoryPool<CPU> still contains memory chunks on deconstructor call
