NUM-PROCS: 1
Preparing domain...
LVL-MIN: 3 [3]
LVL-MAX: 10 [10]
Creating gates...
Assembling system matrices...
Assembling system filters...
Assembling transfer matrices...
Converting assembled linear system from SparseMatrixCSR, Mem:main to SparseMatrixCSR, Mem:mainand to SparseMatrixCSR, Mem:main...
PCG:  0 : 9.466280e-03
PCG:  1 : 1.006915e-02 / 1.063686e+00
PCG:  2 : 1.259252e-02 / 1.330250e+00
PCG:  3 : 1.013895e-02 / 1.071059e+00
PCG:  4 : 2.930733e-03 / 3.095971e-01
PCG:  5 : 6.151212e-04 / 6.498024e-02
PCG:  6 : 1.679173e-04 / 1.773847e-02
PCG:  7 : 1.995794e-04 / 2.108319e-02
PCG:  8 : 7.655369e-05 / 8.086988e-03
PCG:  9 : 1.791221e-05 / 1.892213e-03
PCG: 10 : 1.871843e-06 / 1.977380e-04
PCG: 11 : 2.158537e-07 / 2.280238e-05
PCG: 12 : 1.908790e-07 / 2.016410e-05
PCG: 13 : 9.343538e-08 / 9.870338e-06
PCG:  0 : 2.186032e-04
PCG:  1 : 4.764576e-04 / 2.179555e+00
PCG:  2 : 2.685008e-04 / 1.228257e+00
PCG:  3 : 4.222358e-05 / 1.931517e-01
PCG:  4 : 1.932771e-05 / 8.841458e-02
PCG:  5 : 3.302421e-06 / 1.510692e-02
PCG:  6 : 8.245203e-07 / 3.771767e-03
PCG:  7 : 5.456837e-07 / 2.496229e-03
PCG:  8 : 1.635124e-07 / 7.479873e-04
PCG:  9 : 3.872147e-08 / 1.771313e-04
PCG: 10 : 1.061528e-08 / 4.855959e-05
PCG: 11 : 6.710613e-09 / 3.069769e-05
PCG: 12 : 3.543635e-09 / 1.621035e-05
PCG: 13 : 3.680966e-09 / 1.683857e-05
PCG:  0 : 8.154630e-08
PCG:  1 : 4.852423e-07 / 5.950512e+00
PCG:  2 : 7.410907e-08 / 9.087974e-01
PCG:  3 : 1.210363e-08 / 1.484265e-01
PCG:  4 : 3.389303e-09 / 4.156292e-02
PCG:  5 : 1.576299e-09 / 1.933011e-02
PCG:  6 : 3.779778e-10 / 4.635131e-03
PCG:  7 : 1.730375e-10 / 2.121954e-03
PCG:  8 : 6.444608e-11 / 7.903004e-04
PCG:  9 : 2.697323e-11 / 3.307719e-04
PCG: 10 : 7.192304e-12 / 8.819902e-05
PCG: 11 : 2.533939e-12 / 3.107362e-05
PCG: 12 : 1.816620e-12 / 2.227716e-05
PCG: 13 : 1.434422e-12 / 1.759027e-05
PCG:  0 : 6.336601e-11
PCG:  1 : 3.129230e-10 / 4.938342e+00
PCG:  2 : 6.558022e-11 / 1.034943e+00
PCG:  3 : 1.235063e-11 / 1.949093e-01
PCG:  4 : 4.092941e-12 / 6.459206e-02
PCG:  5 : 1.489025e-12 / 2.349880e-02
PCG:  6 : 7.268111e-13 / 1.147005e-02
PCG:  7 : 3.267660e-13 / 5.156803e-03
PCG:  8 : 7.645349e-14 / 1.206538e-03
PCG:  9 : 1.801393e-14 / 2.842837e-04
PCG: 10 : 6.950771e-15 / 1.096924e-04
PCG: 11 : 6.262693e-15 / 9.883363e-05
PCG: 12 : 4.628623e-15 / 7.304583e-05
PCG: 13 : 2.326188e-15 / 3.671033e-05

PCG ( VCycle ( S: Scale / C: Scale )  )

Complete solver TOE: 3.64602
2.16207 GFlop/s [2.16207 GFlops/s]

Total time: 3.64602s
Accumulated op time: 3.5345

Reductions: 6.17899%
Blas-1: 6.28313%
Blas-2: 84.4794%
Precon Kernels: 0%
MPI Execution: 0%
MPI Wait: 0%
Not covered: 3.05851%

Domain size: 192.433 MByte
LA size: 483.427 MByte
MPI size: 10.6978 MByte

H0-Error: 4.290974e-07
H1-Error: 2.017209e-03

Writing DATA to output.data...
Run-Time: 0:05.927 [0:05.927]
0x31d198e880 Error: MemoryPool<CPU> still contains memory chunks on deconstructor call
