NUM-PROCS: 1
Preparing domain...
LVL-MIN: 1 [1]
LVL-MAX: 10 [10]
Creating gates...
Assembling system matrices...
Assembling system filters...
Assembling transfer matrices...
Converting assembled linear system from SparseMatrixCSR, Mem:main to SparseMatrixELL, Mem:cudaand to SparseMatrixELL, Mem:cuda...
PCG: 0 : 9.473710e-03
PCG: 1 : 3.632814e-03 / 3.834626e-01
PCG: 0 : 3.635198e-03
PCG: 1 : 1.416939e-03 / 3.897833e-01
PCG: 0 : 1.416934e-03
PCG: 1 : 5.856924e-04 / 4.133519e-01
PCG: 0 : 5.856922e-04
PCG: 1 : 1.567530e-04 / 2.676371e-01
PCG: 0 : 1.567529e-04
PCG: 1 : 4.537306e-05 / 2.894560e-01
PCG: 0 : 4.537306e-05
PCG: 1 : 8.112756e-06 / 1.788012e-01
PCG: 0 : 8.112755e-06
PCG: 1 : 2.037669e-06 / 2.511685e-01
PCG: 0 : 2.037669e-06
PCG: 1 : 3.424590e-07 / 1.680641e-01
PCG: 0 : 3.424588e-07
PCG: 1 : 8.589344e-08 / 2.508139e-01
PCG: 0 : 8.589347e-08
PCG: 1 : 1.465205e-08 / 1.705840e-01
PCG: 0 : 1.465205e-08
PCG: 1 : 3.725188e-09 / 2.542435e-01
PCG: 0 : 3.725188e-09
PCG: 1 : 6.496815e-10 / 1.744023e-01

PCG ( VCycle ( S: Scale / C: Scale )  )

Complete solver TOE: 0.306656
7.78718 GFlop/s [7.78718 GFlops/s]

Total time: 0.306656s
Accumulated op time: 0.069648

Reductions: 21.9797%
Blas-1: 0.350556%
Blas-2: 0.381861%
Precon Kernels: 0%
MPI Execution: 0%
MPI Wait: 0%
Not covered: 77.2879%

Domain size: 192.438 MByte
LA size: 483.45 MByte
MPI size: 10.6981 MByte

H0-Error: 4.291473e-07
H1-Error: 2.017209e-03

Writing DATA to output.data...
Run-Time: 0:03.026 [0:03.026]
0x31d198e880 Error: MemoryPool<CUDA> still contains memory chunks on deconstructor call
