NUM-PROCS: 1
Preparing domain...
LVL-MIN: 3 [3]
LVL-MAX: 9 [9]
Creating gates...
Assembling system matrices...
Assembling system filters...
Assembling transfer matrices...
Converting assembled linear system from SparseMatrixCSR, Mem:main to SparseMatrixCSR, Mem:mainand to SparseMatrixCSR, Mem:main...
PCG:  0 : 1.894412e-02
PCG:  1 : 1.973892e-02 / 1.041955e+00
PCG:  2 : 2.306060e-02 / 1.217296e+00
PCG:  3 : 1.762546e-02 / 9.303921e-01
PCG:  4 : 4.224617e-03 / 2.230041e-01
PCG:  5 : 5.785504e-04 / 3.053984e-02
PCG:  6 : 8.248910e-05 / 4.354337e-03
PCG:  7 : 1.809330e-05 / 9.550875e-04
PCG:  8 : 1.582964e-05 / 8.355965e-04
PCG:  9 : 1.567391e-05 / 8.273760e-04
PCG: 10 : 1.631503e-06 / 8.612184e-05
PCG: 11 : 2.405213e-07 / 1.269635e-05
PCG: 12 : 1.023179e-07 / 5.401039e-06
PCG: 13 : 5.861434e-08 / 3.094064e-06
PCG: 14 : 1.061412e-08 / 5.602855e-07
PCG: 15 : 4.816239e-09 / 2.542339e-07
PCG: 16 : 7.303295e-10 / 3.855177e-08
PCG:  0 : 5.479461e-04
PCG:  1 : 5.603519e-05 / 1.022641e-01
PCG:  2 : 8.300137e-05 / 1.514772e-01
PCG:  3 : 2.404488e-05 / 4.388183e-02
PCG:  4 : 1.538492e-05 / 2.807744e-02
PCG:  5 : 3.509354e-06 / 6.404561e-03
PCG:  6 : 4.261381e-07 / 7.777007e-04
PCG:  7 : 3.083986e-07 / 5.628265e-04
PCG:  8 : 9.813797e-08 / 1.791015e-04
PCG:  9 : 1.956767e-08 / 3.571095e-05
PCG: 10 : 4.510385e-09 / 8.231439e-06
PCG: 11 : 1.351701e-09 / 2.466850e-06
PCG: 12 : 6.007244e-10 / 1.096320e-06
PCG: 13 : 4.781812e-10 / 8.726793e-07
PCG: 14 : 3.387378e-10 / 6.181956e-07
PCG: 15 : 1.450017e-10 / 2.646276e-07
PCG: 16 : 2.687410e-11 / 4.904515e-08
PCG:  0 : 9.652585e-09
PCG:  1 : 3.002075e-08 / 3.110125e+00
PCG:  2 : 7.037012e-09 / 7.290287e-01
PCG:  3 : 1.637589e-09 / 1.696529e-01
PCG:  4 : 6.843432e-10 / 7.089740e-02
PCG:  5 : 2.534523e-10 / 2.625746e-02
PCG:  6 : 1.392885e-10 / 1.443017e-02
PCG:  7 : 4.484189e-11 / 4.645584e-03
PCG:  8 : 1.030692e-11 / 1.067789e-03
PCG:  9 : 2.008002e-12 / 2.080274e-04
PCG: 10 : 4.632391e-13 / 4.799119e-05
PCG: 11 : 1.272114e-13 / 1.317900e-05
PCG: 12 : 4.439602e-14 / 4.599391e-06
PCG: 13 : 5.444648e-14 / 5.640611e-06
PCG: 14 : 2.325423e-14 / 2.409119e-06
PCG: 15 : 1.211358e-14 / 1.254957e-06
PCG: 16 : 3.225142e-15 / 3.341221e-07
PCG:  0 : 1.426748e-12
PCG:  1 : 4.360162e-12 / 3.056015e+00
PCG:  2 : 1.166618e-12 / 8.176766e-01
PCG:  3 : 2.866444e-13 / 2.009076e-01
PCG:  4 : 1.043292e-13 / 7.312382e-02
PCG:  5 : 2.524719e-14 / 1.769562e-02
PCG:  6 : 7.005079e-15 / 4.909824e-03
PCG:  7 : 2.946895e-15 / 2.065464e-03
PCG:  8 : 1.273207e-15 / 8.923844e-04
PCG:  9 : 4.023417e-16 / 2.819993e-04
PCG: 10 : 2.075285e-16 / 1.454556e-04
PCG: 11 : 5.388211e-17 / 3.776569e-05
PCG: 12 : 1.411481e-17 / 9.892995e-06
PCG: 13 : 1.184979e-17 / 8.305456e-06
PCG: 14 : 9.778301e-18 / 6.853561e-06
PCG: 15 : 3.290159e-18 / 2.306056e-06
PCG: 16 : 5.506060e-19 / 3.859169e-07

PCG ( VCycle ( S: Scale / C: Scale )  )

Complete solver TOE: 0.967216
2.49795 GFlop/s [2.49795 GFlops/s]

Total time: 0.967216s
Accumulated op time: 0.932223

Reductions: 7.07732%
Blas-1: 5.45576%
Blas-2: 83.849%
Precon Kernels: 0%
MPI Execution: 0%
MPI Wait: 0%
Not covered: 3.61791%

Domain size: 48.2146 MByte
LA size: 121.061 MByte
MPI size: 2.68217 MByte

H0-Error: 1.716361e-06
H1-Error: 4.034414e-03

Writing DATA to output.data...
Run-Time: 0:01.532 [0:01.532]
0x31d198e880 Error: MemoryPool<CPU> still contains memory chunks on deconstructor call
