NUM-PROCS: 1
Preparing domain...
LVL-MIN: 3 [3]
LVL-MAX: 4 [4]
Creating gates...
Assembling system matrices...
Assembling system filters...
Assembling transfer matrices...
Converting assembled linear system from SparseMatrixCSR, Mem:main to SparseMatrixCSR, Mem:mainand to SparseMatrixCSR, Mem:main...
PCG:  0 : 5.972902e-01
PCG:  1 : 5.273283e-01 / 8.828679e-01
PCG:  2 : 2.764909e-01 / 4.629088e-01
PCG:  3 : 9.832060e-02 / 1.646111e-01
PCG:  4 : 6.052152e-03 / 1.013268e-02
PCG:  5 : 1.363254e-03 / 2.282398e-03
PCG:  6 : 1.705130e-04 / 2.854776e-04
PCG:  7 : 2.807172e-05 / 4.699846e-05
PCG:  8 : 7.619259e-07 / 1.275638e-06
PCG:  9 : 7.295205e-07 / 1.221384e-06
PCG: 10 : 5.538699e-07 / 9.273045e-07
PCG:  0 : 1.332005e-01
PCG:  1 : 7.376534e-02 / 5.537919e-01
PCG:  2 : 6.012275e-02 / 4.513704e-01
PCG:  3 : 5.363481e-02 / 4.026623e-01
PCG:  4 : 6.603980e-03 / 4.957926e-02
PCG:  5 : 1.613978e-03 / 1.211691e-02
PCG:  6 : 1.236695e-04 / 9.284462e-04
PCG:  7 : 3.953256e-05 / 2.967899e-04
PCG:  8 : 9.530868e-07 / 7.155282e-06
PCG:  9 : 8.000969e-08 / 6.006712e-07
PCG: 10 : 3.458564e-08 / 2.596510e-07
PCG:  0 : 8.014680e-08
PCG:  1 : 1.867816e-08 / 2.330494e-01
PCG:  2 : 1.941141e-08 / 2.421982e-01
PCG:  3 : 1.162784e-08 / 1.450818e-01
PCG:  4 : 6.453660e-09 / 8.052298e-02
PCG:  5 : 2.529052e-09 / 3.155524e-02
PCG:  6 : 1.561278e-09 / 1.948023e-02
PCG:  7 : 4.547106e-10 / 5.673472e-03
PCG:  8 : 9.591695e-11 / 1.196766e-03
PCG:  9 : 2.070154e-11 / 2.582953e-04
PCG: 10 : 4.336376e-12 / 5.410542e-05

PCG ( VCycle ( S: Scale / C: Scale )  )

Complete solver TOE: 0.000501
1.91278 GFlop/s [1.91278 GFlops/s]

Total time: 0.000501s
Accumulated op time: 0.000296

Reductions: 7.58483%
Blas-1: 4.99002%
Blas-2: 46.507%
Precon Kernels: 0%
MPI Execution: 0%
MPI Wait: 0%
Not covered: 40.9182%

Domain size: 0.0492249 MByte
LA size: 0.109039 MByte
MPI size: 0.00285339 MByte

H0-Error: 1.753315e-03
H1-Error: 1.289155e-01

Writing DATA to output.data...
Run-Time: 0:00.004 [0:00.004]
0x31d198e880 Error: MemoryPool<CPU> still contains memory chunks on deconstructor call
