NUM-PROCS: 1
Preparing domain...
LVL-MIN: 1 [1]
LVL-MAX: 6 [6]
Creating gates...
Assembling system matrices...
Assembling system filters...
Assembling transfer matrices...
Converting assembled linear system from SparseMatrixCSR, Mem:main to SparseMatrixCSR, Mem:mainand to SparseMatrixCSR, Mem:main...
PCG:  0 : 1.512630e-01
PCG:  1 : 4.492692e-02 / 2.970119e-01
PCG:  2 : 1.275278e-02 / 8.430867e-02
PCG:  3 : 1.881617e-03 / 1.243937e-02
PCG:  4 : 1.632495e-04 / 1.079242e-03
PCG:  5 : 1.919484e-05 / 1.268971e-04
PCG:  6 : 2.230538e-06 / 1.474609e-05
PCG:  7 : 1.484521e-07 / 9.814172e-07
PCG:  8 : 1.806899e-08 / 1.194541e-07
PCG:  9 : 1.161725e-09 / 7.680168e-09
PCG:  0 : 1.254555e-02
PCG:  1 : 9.791118e-04 / 7.804456e-02
PCG:  2 : 1.838392e-04 / 1.465374e-02
PCG:  3 : 2.779899e-05 / 2.215845e-03
PCG:  4 : 2.872111e-06 / 2.289347e-04
PCG:  5 : 3.342293e-07 / 2.664127e-05
PCG:  6 : 2.899417e-08 / 2.311112e-06
PCG:  7 : 3.400632e-09 / 2.710628e-07
PCG:  8 : 2.807393e-10 / 2.237761e-08
PCG:  0 : 2.340188e-08
PCG:  1 : 4.656069e-09 / 1.989613e-01
PCG:  2 : 5.450470e-10 / 2.329073e-02
PCG:  3 : 4.909360e-11 / 2.097848e-03
PCG:  4 : 5.757254e-12 / 2.460167e-04
PCG:  5 : 7.633714e-13 / 3.262008e-05
PCG:  6 : 7.637747e-14 / 3.263732e-06
PCG:  7 : 9.274526e-15 / 3.963154e-07
PCG:  8 : 1.169063e-15 / 4.995595e-08

PCG ( VCycle ( S: Scale / C: Scale )  )

Complete solver TOE: 0.018201
0.838236 GFlop/s [0.838236 GFlops/s]

Total time: 0.018201s
Accumulated op time: 0.015958

Reductions: 1.58782%
Blas-1: 5.18653%
Blas-2: 80.9021%
Precon Kernels: 0%
MPI Execution: 0%
MPI Wait: 0%
Not covered: 12.3235%

Domain size: 0.434235 MByte
LA size: 1.44326 MByte
MPI size: 0.0436707 MByte

H0-Error: 1.098307e-04
H1-Error: 3.227246e-02

Writing DATA to output.data...
Run-Time: 0:00.075 [0:00.075]
0xb330c9f8 Error: MemoryPool<CPU> still contains memory chunks on deconstructor call
