NUM-PROCS: 1
Preparing domain...
LVL-MIN: 4 [4]
LVL-MAX: 5 [5]
Creating gates...
Assembling system matrices...
Assembling system filters...
Assembling transfer matrices...
Converting assembled linear system from SparseMatrixCSR, Mem:main to SparseMatrixCSR, Mem:mainand to SparseMatrixCSR, Mem:main...
PCG: 0 : 3.015408e-01
PCG: 1 : 5.013772e-01 / 1.662718e+00
PCG: 2 : 3.742917e-01 / 1.241264e+00
PCG: 0 : 3.625485e-01
PCG: 1 : 3.143802e-01 / 8.671396e-01
PCG: 2 : 3.038116e-01 / 8.379887e-01
PCG: 0 : 3.038116e-01
PCG: 1 : 1.009556e-01 / 3.322968e-01
PCG: 2 : 9.741510e-02 / 3.206432e-01
PCG: 0 : 9.741511e-02
PCG: 1 : 6.723702e-02 / 6.902114e-01
PCG: 2 : 1.359041e-01 / 1.395102e+00
PCG: 0 : 1.359040e-01
PCG: 1 : 5.089724e-02 / 3.745086e-01
PCG: 2 : 6.380872e-02 / 4.695130e-01
PCG: 0 : 6.380872e-02
PCG: 1 : 4.564799e-02 / 7.153881e-01
PCG: 2 : 8.417022e-02 / 1.319102e+00
PCG: 0 : 8.417021e-02
PCG: 1 : 3.709476e-02 / 4.407113e-01
PCG: 2 : 4.243810e-02 / 5.041938e-01
PCG: 0 : 4.243810e-02
PCG: 1 : 3.218422e-02 / 7.583802e-01
PCG: 2 : 5.472603e-02 / 1.289549e+00
PCG: 0 : 5.472602e-02
PCG: 1 : 2.569657e-02 / 4.695494e-01
PCG: 2 : 2.820411e-02 / 5.153692e-01
PCG: 0 : 2.820411e-02
PCG: 1 : 2.204600e-02 / 7.816593e-01
PCG: 2 : 3.636388e-02 / 1.289312e+00
PCG: 0 : 3.636388e-02
PCG: 1 : 1.751658e-02 / 4.817027e-01
PCG: 2 : 1.886480e-02 / 5.187786e-01
PCG: 0 : 1.886480e-02
PCG: 1 : 1.498015e-02 / 7.940793e-01
PCG: 2 : 2.439012e-02 / 1.292890e+00
PCG: 0 : 2.439012e-02
PCG: 1 : 1.188331e-02 / 4.872183e-01
PCG: 2 : 1.268399e-02 / 5.200462e-01
PCG: 0 : 1.268399e-02
PCG: 1 : 1.015050e-02 / 8.002608e-01
PCG: 2 : 1.643120e-02 / 1.295428e+00
PCG: 0 : 1.643120e-02
PCG: 1 : 8.046797e-03 / 4.897267e-01
PCG: 2 : 8.554220e-03 / 5.206084e-01
PCG: 0 : 8.554220e-03
PCG: 1 : 6.870159e-03 / 8.031310e-01
PCG: 2 : 1.109307e-02 / 1.296795e+00
PCG: 0 : 1.109307e-02
PCG: 1 : 5.444664e-03 / 4.908166e-01
PCG: 2 : 5.778324e-03 / 5.208948e-01
PCG: 0 : 5.778324e-03
PCG: 1 : 4.647734e-03 / 8.043395e-01
PCG: 2 : 7.497102e-03 / 1.297453e+00
PCG: 0 : 7.497103e-03
PCG: 1 : 3.682822e-03 / 4.912327e-01
PCG: 2 : 3.906420e-03 / 5.210573e-01
PCG: 0 : 3.906420e-03
PCG: 1 : 3.143661e-03 / 8.047422e-01
PCG: 2 : 5.069514e-03 / 1.297739e+00
PCG: 0 : 5.069514e-03
PCG: 1 : 2.490806e-03 / 4.913303e-01
PCG: 2 : 2.642012e-03 / 5.211568e-01
PCG: 0 : 2.642012e-03
PCG: 1 : 2.126210e-03 / 8.047693e-01
PCG: 2 : 3.428945e-03 / 1.297854e+00
PCG: 0 : 3.428945e-03
PCG: 1 : 1.684576e-03 / 4.912811e-01
PCG: 2 : 1.787236e-03 / 5.212204e-01
PCG: 0 : 1.787236e-03
PCG: 1 : 1.438059e-03 / 8.046274e-01
PCG: 2 : 2.319623e-03 / 1.297883e+00
PCG: 0 : 2.319623e-03
PCG: 1 : 1.139329e-03 / 4.911698e-01
PCG: 2 : 1.209139e-03 / 5.212651e-01
PCG: 0 : 1.209139e-03
PCG: 1 : 9.726540e-04 / 8.044189e-01
PCG: 2 : 1.569308e-03 / 1.297873e+00
PCG: 0 : 1.569308e-03
PCG: 1 : 7.705892e-04 / 4.910375e-01
PCG: 2 : 8.180785e-04 / 5.212988e-01
PCG: 0 : 8.180786e-04
PCG: 1 : 6.578951e-04 / 8.041954e-01
PCG: 2 : 1.061742e-03 / 1.297849e+00
PCG: 0 : 1.061742e-03
PCG: 1 : 5.212114e-04 / 4.909019e-01
PCG: 2 : 5.535098e-04 / 5.213221e-01
PCG: 0 : 5.535097e-04
PCG: 1 : 4.450094e-04 / 8.039776e-01
PCG: 2 : 7.183572e-04 / 1.297822e+00
PCG: 0 : 7.183572e-04
PCG: 1 : 3.525512e-04 / 4.907742e-01
PCG: 2 : 3.745081e-04 / 5.213397e-01
PCG: 0 : 3.745081e-04
PCG: 1 : 3.010216e-04 / 8.037785e-01
PCG: 2 : 4.860352e-04 / 1.297796e+00
PCG: 0 : 4.860353e-04
PCG: 1 : 2.384774e-04 / 4.906587e-01
PCG: 2 : 2.533964e-04 / 5.213538e-01
PCG: 0 : 2.533964e-04
PCG: 1 : 2.036295e-04 / 8.036008e-01
PCG: 2 : 3.288498e-04 / 1.297768e+00
PCG: 0 : 3.288498e-04
PCG: 1 : 1.613194e-04 / 4.905564e-01
PCG: 2 : 1.714507e-04 / 5.213647e-01
PCG: 0 : 1.714507e-04
PCG: 1 : 1.377515e-04 / 8.034470e-01
PCG: 2 : 2.224998e-04 / 1.297749e+00
PCG: 0 : 2.224998e-04
PCG: 1 : 1.091289e-04 / 4.904672e-01
PCG: 2 : 1.160051e-04 / 5.213717e-01
PCG: 0 : 1.160051e-04
PCG: 1 : 9.318888e-05 / 8.033170e-01
PCG: 2 : 1.505437e-04 / 1.297734e+00
PCG: 0 : 1.505437e-04
PCG: 1 : 7.382532e-05 / 4.903912e-01
PCG: 2 : 7.848989e-05 / 5.213760e-01
PCG: 0 : 7.848989e-05
PCG: 1 : 6.304374e-05 / 8.032084e-01
PCG: 2 : 1.018578e-04 / 1.297719e+00
PCG: 0 : 1.018578e-04
PCG: 1 : 4.994384e-05 / 4.903291e-01
PCG: 2 : 5.310665e-05 / 5.213803e-01
PCG: 0 : 5.310665e-05
PCG: 1 : 4.265099e-05 / 8.031197e-01
PCG: 2 : 6.891668e-05 / 1.297703e+00
PCG: 0 : 6.891668e-05
PCG: 1 : 3.378848e-05 / 4.902802e-01
PCG: 2 : 3.593209e-05 / 5.213846e-01
PCG: 0 : 3.593209e-05
PCG: 1 : 2.885526e-05 / 8.030497e-01
PCG: 2 : 4.662865e-05 / 1.297688e+00
PCG: 0 : 4.662865e-05
PCG: 1 : 2.285937e-05 / 4.902430e-01
PCG: 2 : 2.431164e-05 / 5.213885e-01
PCG: 0 : 2.431164e-05
PCG: 1 : 1.952223e-05 / 8.029994e-01
PCG: 2 : 3.154864e-05 / 1.297676e+00
PCG: 0 : 3.154864e-05
PCG: 1 : 1.546564e-05 / 4.902157e-01
PCG: 2 : 1.644912e-05 / 5.213892e-01
PCG: 0 : 1.644912e-05
PCG: 1 : 1.320809e-05 / 8.029660e-01
PCG: 2 : 2.134555e-05 / 1.297671e+00
PCG: 0 : 2.134555e-05
PCG: 1 : 1.046356e-05 / 4.901989e-01
PCG: 2 : 1.112935e-05 / 5.213897e-01
PCG: 0 : 1.112935e-05
PCG: 1 : 8.936294e-06 / 8.029486e-01
PCG: 2 : 1.444215e-05 / 1.297664e+00
PCG: 0 : 1.444215e-05
PCG: 1 : 7.079434e-06 / 4.901926e-01
PCG: 2 : 7.530001e-06 / 5.213906e-01
PCG: 0 : 7.530000e-06
PCG: 1 : 6.046183e-06 / 8.029459e-01
PCG: 2 : 9.771342e-06 / 1.297655e+00
PCG: 0 : 9.771342e-06
PCG: 1 : 4.789869e-06 / 4.901956e-01
PCG: 2 : 5.094697e-06 / 5.213917e-01
PCG: 0 : 5.094696e-06
PCG: 1 : 4.090821e-06 / 8.029568e-01
PCG: 2 : 6.611114e-06 / 1.297646e+00

PCG ( VCycle ( S: Scale / C: Scale )  )

Complete solver TOE: 0.021777
0.718708 GFlop/s [0.718708 GFlops/s]

Total time: 0.021777s
Accumulated op time: 0.016241

Reductions: 2.20875%
Blas-1: 5.14304%
Blas-2: 67.2269%
Precon Kernels: 0%
MPI Execution: 0%
MPI Wait: 0%
Not covered: 25.4213%

Domain size: 0.10437 MByte
LA size: 0.310749 MByte
MPI size: 0.0105286 MByte

H0-Error: 4.411713e-04
H1-Error: 6.452751e-02

Writing DATA to output.data...
Run-Time: 0:00.050 [0:00.050]
0xb33079f8 Error: MemoryPool<CPU> still contains memory chunks on deconstructor call
