NUM-PROCS: 1
Preparing domain...
LVL-MIN: 4 [4]
LVL-MAX: 5 [5]
Creating gates...
Assembling system matrices...
Assembling system filters...
Assembling transfer matrices...
Converting assembled linear system from SparseMatrixCSR, Mem:main to SparseMatrixCSR, Mem:mainand to SparseMatrixCSR, Mem:main...
PCG: 0 : 3.015411e-01
PCG: 1 : 5.013767e-01 / 1.662714e+00
PCG: 2 : 3.742907e-01 / 1.241259e+00
PCG: 3 : 3.594192e-01 / 1.191941e+00
PCG: 4 : 2.307511e-01 / 7.652395e-01
PCG: 5 : 8.183232e-02 / 2.713803e-01
PCG: 0 : 7.677805e-02
PCG: 1 : 4.916772e-02 / 6.403876e-01
PCG: 2 : 2.848634e-02 / 3.710219e-01
PCG: 3 : 1.432819e-02 / 1.866183e-01
PCG: 4 : 9.783069e-03 / 1.274201e-01
PCG: 5 : 8.161092e-03 / 1.062946e-01
PCG: 0 : 8.161084e-03
PCG: 1 : 4.707779e-03 / 5.768570e-01
PCG: 2 : 6.718156e-03 / 8.231941e-01
PCG: 3 : 5.469223e-03 / 6.701589e-01
PCG: 4 : 4.418179e-03 / 5.413716e-01
PCG: 5 : 2.458214e-03 / 3.012117e-01
PCG: 0 : 2.458215e-03
PCG: 1 : 1.728732e-03 / 7.032467e-01
PCG: 2 : 1.307774e-03 / 5.320013e-01
PCG: 3 : 6.267577e-04 / 2.549645e-01
PCG: 4 : 2.339217e-04 / 9.515917e-02
PCG: 5 : 3.420883e-04 / 1.391613e-01
PCG: 0 : 3.420882e-04
PCG: 1 : 2.127720e-04 / 6.219798e-01
PCG: 2 : 3.053252e-04 / 8.925337e-01
PCG: 3 : 2.412087e-04 / 7.051068e-01
PCG: 4 : 1.762273e-04 / 5.151517e-01
PCG: 5 : 1.101423e-04 / 3.219704e-01
PCG: 0 : 1.101423e-04
PCG: 1 : 7.926352e-05 / 7.196468e-01
PCG: 2 : 5.610002e-05 / 5.093415e-01
PCG: 3 : 2.851571e-05 / 2.588989e-01
PCG: 4 : 1.199687e-05 / 1.089216e-01
PCG: 5 : 1.351207e-05 / 1.226784e-01
PCG: 0 : 1.351207e-05
PCG: 1 : 1.073810e-05 / 7.947046e-01
PCG: 2 : 1.495981e-05 / 1.107144e+00
PCG: 3 : 1.184551e-05 / 8.766614e-01
PCG: 4 : 7.326358e-06 / 5.422083e-01
PCG: 5 : 5.766431e-06 / 4.267614e-01
PCG: 0 : 5.766432e-06
PCG: 1 : 3.802939e-06 / 6.594959e-01
PCG: 2 : 2.415351e-06 / 4.188640e-01
PCG: 3 : 1.486481e-06 / 2.577817e-01
PCG: 4 : 5.682329e-07 / 9.854150e-02
PCG: 5 : 6.415649e-07 / 1.112585e-01

PCG ( VCycle ( S: Scale / C: Scale )  )

Complete solver TOE: 0.001784
2.90318 GFlop/s [2.90318 GFlops/s]

Total time: 0.001784s
Accumulated op time: 0.001454

Reductions: 10.7063%
Blas-1: 2.9148%
Blas-2: 67.8812%
Precon Kernels: 0%
MPI Execution: 0%
MPI Wait: 0%
Not covered: 18.4978%

Domain size: 0.186188 MByte
LA size: 0.421402 MByte
MPI size: 0.0105438 MByte

H0-Error: 4.388065e-04
H1-Error: 6.452751e-02

Writing DATA to output.data...
Run-Time: 0:00.006 [0:00.006]
0x31d198e880 Error: MemoryPool<CPU> still contains memory chunks on deconstructor call
