NUM-PROCS: 1
Preparing domain...
LVL-MIN: 5 [5]
LVL-MAX: 10 [10]
Creating gates...
Assembling system matrices...
Assembling system filters...
Assembling transfer matrices...
Converting assembled linear system from SparseMatrixCSR, Mem:main to SparseMatrixELL, Mem:cudaand to SparseMatrixELL, Mem:cuda...
PCG: 0 : 9.473711e-03
PCG: 1 : 4.064152e-02 / 4.289926e+00
PCG: 2 : 4.515586e-02 / 4.766439e+00
PCG: 3 : 1.234706e-01 / 1.303297e+01
PCG: 4 : 2.105793e-01 / 2.222775e+01
PCG: 5 : 1.790856e-01 / 1.890343e+01
PCG: 6 : 1.624106e-01 / 1.714329e+01
PCG: 0 : 1.624066e-01
PCG: 1 : 1.181397e-01 / 7.274315e-01
PCG: 2 : 7.913154e-02 / 4.872434e-01
PCG: 3 : 3.946144e-02 / 2.429793e-01
PCG: 4 : 1.959536e-02 / 1.206562e-01
PCG: 5 : 2.593934e-02 / 1.597185e-01
PCG: 6 : 2.875710e-02 / 1.770685e-01
PCG: 0 : 2.875710e-02
PCG: 1 : 1.626257e-02 / 5.655150e-01
PCG: 2 : 1.879754e-02 / 6.536660e-01
PCG: 3 : 2.215055e-02 / 7.702637e-01
PCG: 4 : 1.308583e-02 / 4.550468e-01
PCG: 5 : 9.598815e-03 / 3.337894e-01
PCG: 6 : 2.225050e-02 / 7.737392e-01
PCG: 0 : 2.225049e-02
PCG: 1 : 1.168049e-02 / 5.249541e-01
PCG: 2 : 1.150917e-02 / 5.172545e-01
PCG: 3 : 9.246659e-03 / 4.155710e-01
PCG: 4 : 4.558792e-03 / 2.048850e-01
PCG: 5 : 6.755903e-03 / 3.036293e-01
PCG: 6 : 1.484902e-02 / 6.673568e-01
PCG: 0 : 1.484902e-02
PCG: 1 : 9.158850e-03 / 6.167983e-01
PCG: 2 : 8.164393e-03 / 5.498272e-01
PCG: 3 : 7.027436e-03 / 4.732593e-01
PCG: 4 : 5.649537e-03 / 3.804654e-01
PCG: 5 : 6.238754e-03 / 4.201459e-01
PCG: 6 : 1.136883e-02 / 7.656286e-01
PCG: 0 : 1.136883e-02
PCG: 1 : 5.714203e-03 / 5.026202e-01
PCG: 2 : 3.910609e-03 / 3.439764e-01
PCG: 3 : 3.851268e-03 / 3.387567e-01
PCG: 4 : 4.303029e-03 / 3.784936e-01
PCG: 5 : 4.699630e-03 / 4.133785e-01
PCG: 6 : 6.233572e-03 / 5.483038e-01
PCG: 0 : 6.233572e-03
PCG: 1 : 4.065157e-03 / 6.521392e-01
PCG: 2 : 3.348834e-03 / 5.372256e-01
PCG: 3 : 2.641426e-03 / 4.237420e-01
PCG: 4 : 2.238356e-03 / 3.590808e-01
PCG: 5 : 2.780733e-03 / 4.460898e-01
PCG: 6 : 4.550298e-03 / 7.299663e-01
PCG: 0 : 4.550297e-03
PCG: 1 : 2.390099e-03 / 5.252622e-01
PCG: 2 : 1.763097e-03 / 3.874686e-01
PCG: 3 : 1.837862e-03 / 4.038993e-01
PCG: 4 : 1.959259e-03 / 4.305782e-01
PCG: 5 : 2.023061e-03 / 4.445997e-01
PCG: 6 : 2.486813e-03 / 5.465167e-01
PCG: 0 : 2.486813e-03
PCG: 1 : 1.696376e-03 / 6.821486e-01
PCG: 2 : 1.483098e-03 / 5.963850e-01
PCG: 3 : 1.192052e-03 / 4.793493e-01
PCG: 4 : 9.832493e-04 / 3.953853e-01
PCG: 5 : 1.187241e-03 / 4.774147e-01
PCG: 6 : 1.814948e-03 / 7.298288e-01
PCG: 0 : 1.814948e-03
PCG: 1 : 1.010112e-03 / 5.565516e-01
PCG: 2 : 7.895147e-04 / 4.350069e-01
PCG: 3 : 8.095157e-04 / 4.460270e-01
PCG: 4 : 8.504532e-04 / 4.685827e-01
PCG: 5 : 8.653302e-04 / 4.767797e-01
PCG: 6 : 9.936332e-04 / 5.474721e-01
PCG: 0 : 9.936331e-04
PCG: 1 : 7.150457e-04 / 7.196276e-01
PCG: 2 : 6.527236e-04 / 6.569061e-01
PCG: 3 : 5.181118e-04 / 5.214317e-01
PCG: 4 : 4.280570e-04 / 4.307999e-01
PCG: 5 : 5.104154e-04 / 5.136860e-01
PCG: 6 : 7.301889e-04 / 7.348677e-01
PCG: 0 : 7.301888e-04
PCG: 1 : 4.306253e-04 / 5.897452e-01
PCG: 2 : 3.491009e-04 / 4.780968e-01
PCG: 3 : 3.465861e-04 / 4.746527e-01
PCG: 4 : 3.711111e-04 / 5.082399e-01
PCG: 5 : 3.750123e-04 / 5.135827e-01
PCG: 6 : 4.045861e-04 / 5.540842e-01
PCG: 0 : 4.045861e-04
PCG: 1 : 3.066279e-04 / 7.578804e-01
PCG: 2 : 2.853024e-04 / 7.051712e-01
PCG: 3 : 2.198009e-04 / 5.432736e-01
PCG: 4 : 1.867548e-04 / 4.615947e-01
PCG: 5 : 2.211167e-04 / 5.465257e-01
PCG: 6 : 2.988307e-04 / 7.386085e-01
PCG: 0 : 2.988307e-04
PCG: 1 : 1.858669e-04 / 6.219806e-01
PCG: 2 : 1.529247e-04 / 5.117437e-01
PCG: 3 : 1.459560e-04 / 4.884238e-01
PCG: 4 : 1.627572e-04 / 5.446469e-01
PCG: 5 : 1.631343e-04 / 5.459086e-01
PCG: 6 : 1.676700e-04 / 5.610867e-01
PCG: 0 : 1.676700e-04
PCG: 1 : 1.334526e-04 / 7.959244e-01
PCG: 2 : 1.245059e-04 / 7.425652e-01
PCG: 3 : 9.223014e-05 / 5.500696e-01
PCG: 4 : 8.188235e-05 / 4.883544e-01
PCG: 5 : 9.597857e-05 / 5.724255e-01
PCG: 6 : 1.240761e-04 / 7.400022e-01
PCG: 0 : 1.240761e-04
PCG: 1 : 8.093511e-05 / 6.523021e-01
PCG: 2 : 6.667159e-05 / 5.373443e-01
PCG: 3 : 6.126206e-05 / 4.937457e-01
PCG: 4 : 7.167557e-05 / 5.776742e-01
PCG: 5 : 7.077230e-05 / 5.703942e-01
PCG: 6 : 7.037867e-05 / 5.672218e-01
PCG: 0 : 7.037867e-05
PCG: 1 : 5.846873e-05 / 8.307734e-01
PCG: 2 : 5.424512e-05 / 7.707608e-01
PCG: 3 : 3.866465e-05 / 5.493802e-01
PCG: 4 : 3.602908e-05 / 5.119318e-01
PCG: 5 : 4.158579e-05 / 5.908863e-01
PCG: 6 : 5.217067e-05 / 7.412852e-01
PCG: 0 : 5.217067e-05
PCG: 1 : 3.535188e-05 / 6.776198e-01
PCG: 2 : 2.895700e-05 / 5.550436e-01
PCG: 3 : 2.581928e-05 / 4.949004e-01
PCG: 4 : 3.157099e-05 / 6.051483e-01
PCG: 5 : 3.058992e-05 / 5.863432e-01
PCG: 6 : 2.987869e-05 / 5.727106e-01
PCG: 0 : 2.987869e-05
PCG: 1 : 2.562818e-05 / 8.577410e-01
PCG: 2 : 2.356860e-05 / 7.888098e-01
PCG: 3 : 1.629342e-05 / 5.453192e-01
PCG: 4 : 1.583811e-05 / 5.300804e-01
PCG: 5 : 1.797640e-05 / 6.016460e-01
PCG: 6 : 2.220423e-05 / 7.431461e-01
PCG: 0 : 2.220423e-05
PCG: 1 : 1.542599e-05 / 6.947321e-01
PCG: 2 : 1.253709e-05 / 5.646264e-01
PCG: 3 : 1.096034e-05 / 4.936150e-01
PCG: 4 : 1.384907e-05 / 6.237133e-01
PCG: 5 : 1.320486e-05 / 5.947004e-01
PCG: 6 : 1.282234e-05 / 5.774731e-01
PCG: 0 : 1.282234e-05
PCG: 1 : 1.120510e-05 / 8.738727e-01
PCG: 2 : 1.021329e-05 / 7.965231e-01
PCG: 3 : 6.920857e-06 / 5.397497e-01
PCG: 4 : 6.928489e-06 / 5.403449e-01
PCG: 5 : 7.765725e-06 / 6.056400e-01
PCG: 6 : 9.552024e-06 / 7.449514e-01
PCG: 0 : 9.552023e-06
PCG: 1 : 6.714739e-06 / 7.029652e-01
PCG: 2 : 5.416689e-06 / 5.670724e-01
PCG: 3 : 4.685696e-06 / 4.905449e-01
PCG: 4 : 6.038336e-06 / 6.321526e-01
PCG: 5 : 5.706927e-06 / 5.974574e-01
PCG: 6 : 5.551705e-06 / 5.812073e-01
PCG: 0 : 5.551705e-06
PCG: 1 : 4.884826e-06 / 8.798786e-01
PCG: 2 : 4.417688e-06 / 7.957354e-01
PCG: 3 : 2.961830e-06 / 5.334992e-01
PCG: 4 : 3.013052e-06 / 5.427254e-01
PCG: 5 : 3.358143e-06 / 6.048851e-01
PCG: 6 : 4.142692e-06 / 7.462018e-01
PCG: 0 : 4.142692e-06
PCG: 1 : 2.917065e-06 / 7.041471e-01
PCG: 2 : 2.337585e-06 / 5.642671e-01
PCG: 3 : 2.013696e-06 / 4.860839e-01
PCG: 4 : 2.619104e-06 / 6.322228e-01
PCG: 5 : 2.471560e-06 / 5.966072e-01
PCG: 6 : 2.418588e-06 / 5.838203e-01
PCG: 0 : 2.418588e-06
PCG: 1 : 2.125414e-06 / 8.787830e-01
PCG: 2 : 1.908745e-06 / 7.891981e-01
PCG: 3 : 1.274237e-06 / 5.268516e-01
PCG: 4 : 1.304552e-06 / 5.393859e-01
PCG: 5 : 1.454294e-06 / 6.012988e-01
PCG: 6 : 1.806368e-06 / 7.468688e-01
PCG: 0 : 1.806368e-06
PCG: 1 : 1.266082e-06 / 7.008991e-01
PCG: 2 : 1.008342e-06 / 5.582150e-01
PCG: 3 : 8.682111e-07 / 4.806392e-01
PCG: 4 : 1.132486e-06 / 6.269410e-01
PCG: 5 : 1.072308e-06 / 5.936265e-01
PCG: 6 : 1.057613e-06 / 5.854915e-01

PCG ( VCycle ( S: Scale / C: Scale )  )

Complete solver TOE: 19.9901
0.144022 GFlop/s [0.144022 GFlops/s]

Total time: 19.9901s
Accumulated op time: 14.6728

Reductions: 70.7295%
Blas-1: 1.46289%
Blas-2: 1.20802%
Precon Kernels: 0%
MPI Execution: 0%
MPI Wait: 0%
Not covered: 26.5996%

Domain size: 106.918 MByte
LA size: 356.315 MByte
MPI size: 10.6949 MByte

H0-Error: 1.295602e-06
H1-Error: 2.017215e-03

Writing DATA to output.data...
Run-Time: 0:31.607 [0:31.607]
0xb33159f8 Error: MemoryPool<CUDA> still contains memory chunks on deconstructor call
