NUM-PROCS: 1
Preparing domain...
LVL-MIN: 2 [2]
LVL-MAX: 4 [4]
Creating gates...
Assembling system matrices...
Assembling system filters...
Assembling transfer matrices...
Converting assembled linear system from SparseMatrixCSR, Mem:main to SparseMatrixCSR, Mem:mainand to SparseMatrixCSR, Mem:main...
PCG: 0 : 5.972902e-01
PCG: 1 : 2.426057e-01 / 4.061773e-01
PCG: 2 : 8.132816e-02 / 1.361619e-01
PCG: 3 : 7.754790e-03 / 1.298329e-02
PCG: 4 : 4.254429e-04 / 7.122885e-04
PCG: 5 : 1.020513e-05 / 1.708571e-05
PCG: 6 : 1.287441e-06 / 2.155469e-06
PCG: 0 : 1.332009e-01
PCG: 1 : 3.672004e-02 / 2.756741e-01
PCG: 2 : 1.919089e-02 / 1.440747e-01
PCG: 3 : 1.556666e-03 / 1.168660e-02
PCG: 4 : 6.580784e-05 / 4.940495e-04
PCG: 5 : 5.199697e-06 / 3.903650e-05
PCG: 6 : 4.422239e-07 / 3.319976e-06

PCG ( VCycle ( S: Scale / C: Scale )  )

Complete solver TOE: 0.000257
1.80179 GFlop/s [1.80179 GFlops/s]

Total time: 0.000257s
Accumulated op time: 0.000135

Reductions: 6.61479%
Blas-1: 2.72374%
Blas-2: 43.1907%
Precon Kernels: 0%
MPI Execution: 0%
MPI Wait: 0%
Not covered: 47.4708%

Domain size: 0.0523529 MByte
LA size: 0.12664 MByte
MPI size: 0.00305939 MByte

H0-Error: 1.753304e-03
H1-Error: 1.289155e-01

Writing DATA to output.data...
Run-Time: 0:00.003 [0:00.003]
0x31d198e880 Error: MemoryPool<CPU> still contains memory chunks on deconstructor call
