NUM-PROCS: 1
Preparing domain...
LVL-MIN: 1 [1]
LVL-MAX: 6 [6]
Creating gates...
Assembling system matrices...
Assembling system filters...
Assembling transfer matrices...
Converting assembled linear system from SparseMatrixCSR, Mem:main to SparseMatrixCSR, Mem:mainand to SparseMatrixCSR, Mem:main...
PCG: 0 : 1.512630e-01
PCG: 1 : 4.492692e-02 / 2.970119e-01
PCG: 0 : 4.618053e-02
PCG: 1 : 1.304435e-02 / 2.824644e-01
PCG: 0 : 1.304437e-02
PCG: 1 : 2.800001e-03 / 2.146522e-01
PCG: 0 : 2.800001e-03
PCG: 1 : 5.261819e-04 / 1.879221e-01
PCG: 0 : 5.261819e-04
PCG: 1 : 1.148087e-04 / 2.181921e-01
PCG: 0 : 1.148087e-04
PCG: 1 : 2.342940e-05 / 2.040734e-01
PCG: 0 : 2.342939e-05
PCG: 1 : 5.113490e-06 / 2.182511e-01
PCG: 0 : 5.113490e-06
PCG: 1 : 1.076496e-06 / 2.105208e-01
PCG: 0 : 1.076496e-06
PCG: 1 : 2.370372e-07 / 2.201934e-01
PCG: 0 : 2.370373e-07
PCG: 1 : 5.063040e-08 / 2.135968e-01

PCG ( VCycle ( S: Scale / C: Scale )  )

Complete solver TOE: 0.010295
0.766181 GFlop/s [0.766181 GFlops/s]

Total time: 0.010295s
Accumulated op time: 0.008792

Reductions: 2.15639%
Blas-1: 5.17727%
Blas-2: 78.067%
Precon Kernels: 0%
MPI Execution: 0%
MPI Wait: 0%
Not covered: 14.5993%

Domain size: 0.434235 MByte
LA size: 1.44326 MByte
MPI size: 0.0436707 MByte

H0-Error: 1.098332e-04
H1-Error: 3.227246e-02

Writing DATA to output.data...
Run-Time: 0:00.067 [0:00.067]
0xb33bc9f8 Error: MemoryPool<CPU> still contains memory chunks on deconstructor call
