NUM-PROCS: 1
Preparing domain...
LVL-MIN: 2 [2]
LVL-MAX: 11 [11]
Creating gates...
Assembling system matrices...
Assembling system filters...
Assembling transfer matrices...
Converting assembled linear system from SparseMatrixCSR, Mem:main to SparseMatrixELL, Mem:cudaand to SparseMatrixELL, Mem:cuda...
PCG: 0 : 4.737108e-03
PCG: 1 : 2.624447e-03 / 5.540189e-01
PCG: 2 : 1.682371e-03 / 3.551474e-01
PCG: 3 : 6.719436e-04 / 1.418468e-01
PCG: 0 : 6.891030e-04
PCG: 1 : 4.406607e-04 / 6.394700e-01
PCG: 2 : 2.935048e-04 / 4.259230e-01
PCG: 3 : 8.084524e-05 / 1.173195e-01
PCG: 0 : 8.084556e-05
PCG: 1 : 1.312506e-05 / 1.623473e-01
PCG: 2 : 1.422208e-06 / 1.759166e-02
PCG: 3 : 5.648992e-07 / 6.987387e-03
PCG: 0 : 5.649021e-07
PCG: 1 : 1.641534e-07 / 2.905873e-01
PCG: 2 : 1.265594e-07 / 2.240377e-01
PCG: 3 : 4.688586e-08 / 8.299820e-02

PCG ( VCycle ( S: Scale / C: Scale )  )

Complete solver TOE: 0.686983
11.5027 GFlop/s [11.5027 GFlops/s]

Total time: 0.686983s
Accumulated op time: 0.21101

Reductions: 30.4157%
Blas-1: 0.141343%
Blas-2: 0.158374%
Precon Kernels: 0%
MPI Execution: 0%
MPI Wait: 0%
Not covered: 69.2845%

Domain size: 768.874 MByte
LA size: 1932.16 MByte
MPI size: 42.7293 MByte

H0-Error: 1.102572e-07
H1-Error: 1.008605e-03

Writing DATA to output.data...
Run-Time: 0:11.551 [0:11.551]
0x31d198e880 Error: MemoryPool<CUDA> still contains memory chunks on deconstructor call
