NUM-PROCS: 1
Preparing domain...
LVL-MIN: 2 [2]
LVL-MAX: 7 [7]
Creating gates...
Assembling system matrices...
Assembling system filters...
Assembling transfer matrices...
Converting assembled linear system from SparseMatrixCSR, Mem:main to SparseMatrixCSR, Mem:mainand to SparseMatrixCSR, Mem:main...
PCG: 0 : 7.572460e-02
PCG: 1 : 3.593113e-02 / 4.744975e-01
PCG: 2 : 1.826644e-02 / 2.412220e-01
PCG: 3 : 4.764442e-03 / 6.291801e-02
PCG: 4 : 5.502169e-04 / 7.266026e-03
PCG: 5 : 5.268715e-05 / 6.957732e-04
PCG: 6 : 7.919833e-06 / 1.045873e-04
PCG: 7 : 9.527727e-07 / 1.258208e-05
PCG: 8 : 4.353008e-07 / 5.748473e-06
PCG: 0 : 4.379100e-03
PCG: 1 : 5.437398e-04 / 1.241670e-01
PCG: 2 : 4.930392e-04 / 1.125892e-01
PCG: 3 : 3.376133e-05 / 7.709651e-03
PCG: 4 : 4.539933e-06 / 1.036727e-03
PCG: 5 : 4.785566e-07 / 1.092820e-04
PCG: 6 : 4.615890e-08 / 1.054073e-05
PCG: 7 : 7.677334e-09 / 1.753176e-06
PCG: 8 : 1.075870e-09 / 2.456829e-07
PCG: 0 : 9.553943e-09
PCG: 1 : 2.190492e-09 / 2.292763e-01
PCG: 2 : 1.307401e-09 / 1.368441e-01
PCG: 3 : 3.068667e-10 / 3.211938e-02
PCG: 4 : 3.486062e-11 / 3.648821e-03
PCG: 5 : 5.322819e-12 / 5.571332e-04
PCG: 6 : 7.919436e-13 / 8.289181e-05
PCG: 7 : 1.376004e-13 / 1.440247e-05
PCG: 8 : 1.906292e-14 / 1.995294e-06

PCG ( VCycle ( S: Scale / C: Scale )  )

Complete solver TOE: 0.018403
3.16092 GFlop/s [3.16092 GFlops/s]

Total time: 0.018403s
Accumulated op time: 0.017358

Reductions: 9.09091%
Blas-1: 3.58094%
Blas-2: 81.6497%
Precon Kernels: 0%
MPI Execution: 0%
MPI Wait: 0%
Not covered: 5.67842%

Domain size: 3.05356 MByte
LA size: 7.66023 MByte
MPI size: 0.170609 MByte

H0-Error: 2.746078e-05
H1-Error: 1.613732e-02

Writing DATA to output.data...
Run-Time: 0:00.054 [0:00.054]
0x31d198e880 Error: MemoryPool<CPU> still contains memory chunks on deconstructor call
