NUM-PROCS: 1
Preparing domain...
LVL-MIN: 4 [4]
LVL-MAX: 10 [10]
Creating gates...
Assembling system matrices...
Assembling system filters...
Assembling transfer matrices...
Converting assembled linear system from SparseMatrixCSR, Mem:main to SparseMatrixELL, Mem:cudaand to SparseMatrixELL, Mem:cuda...
PCG: 0 : 9.473711e-03
PCG: 1 : 1.921966e-02 / 2.028736e+00
PCG: 0 : 1.924381e-02
PCG: 1 : 2.231696e-02 / 1.159695e+00
PCG: 0 : 2.231690e-02
PCG: 1 : 3.942917e-02 / 1.766785e+00
PCG: 0 : 3.942916e-02
PCG: 1 : 6.170934e-02 / 1.565069e+00
PCG: 0 : 6.170934e-02
PCG: 1 : 8.243690e-02 / 1.335890e+00
PCG: 0 : 8.243690e-02
PCG: 1 : 9.215520e-02 / 1.117888e+00
PCG: 0 : 9.215520e-02
PCG: 1 : 9.976944e-02 / 1.082624e+00
PCG: 0 : 9.976944e-02
PCG: 1 : 9.905104e-02 / 9.927993e-01
PCG: 0 : 9.905104e-02
PCG: 1 : 9.995043e-02 / 1.009080e+00
PCG: 0 : 9.995043e-02
PCG: 1 : 9.510063e-02 / 9.514779e-01
PCG: 0 : 9.510063e-02
PCG: 1 : 9.362575e-02 / 9.844913e-01
PCG: 0 : 9.362574e-02
PCG: 1 : 8.776863e-02 / 9.374412e-01
PCG: 0 : 8.776862e-02
PCG: 1 : 8.565691e-02 / 9.759400e-01
PCG: 0 : 8.565691e-02
PCG: 1 : 7.986002e-02 / 9.323243e-01
PCG: 0 : 7.986002e-02
PCG: 1 : 7.767984e-02 / 9.727001e-01
PCG: 0 : 7.767984e-02
PCG: 1 : 7.226793e-02 / 9.303306e-01
PCG: 0 : 7.226793e-02
PCG: 1 : 7.020243e-02 / 9.714187e-01
PCG: 0 : 7.020242e-02
PCG: 1 : 6.525730e-02 / 9.295591e-01
PCG: 0 : 6.525729e-02
PCG: 1 : 6.336097e-02 / 9.709408e-01
PCG: 0 : 6.336096e-02
PCG: 1 : 5.888132e-02 / 9.292998e-01
PCG: 0 : 5.888132e-02
PCG: 1 : 5.716233e-02 / 9.708059e-01
PCG: 0 : 5.716233e-02
PCG: 1 : 5.311872e-02 / 9.292608e-01
PCG: 0 : 5.311872e-02
PCG: 1 : 5.156870e-02 / 9.708197e-01
PCG: 0 : 5.156869e-02
PCG: 1 : 4.792358e-02 / 9.293154e-01
PCG: 0 : 4.792358e-02
PCG: 1 : 4.652824e-02 / 9.708841e-01
PCG: 0 : 4.652824e-02
PCG: 1 : 4.324354e-02 / 9.294041e-01
PCG: 0 : 4.324354e-02
PCG: 1 : 4.198794e-02 / 9.709646e-01
PCG: 0 : 4.198794e-02
PCG: 1 : 3.902757e-02 / 9.294947e-01
PCG: 0 : 3.902757e-02
PCG: 1 : 3.789735e-02 / 9.710406e-01
PCG: 0 : 3.789735e-02
PCG: 1 : 3.522881e-02 / 9.295852e-01
PCG: 0 : 3.522881e-02
PCG: 1 : 3.421105e-02 / 9.711099e-01
PCG: 0 : 3.421105e-02
PCG: 1 : 3.180457e-02 / 9.296580e-01
PCG: 0 : 3.180457e-02
PCG: 1 : 3.088761e-02 / 9.711690e-01
PCG: 0 : 3.088761e-02
PCG: 1 : 2.871669e-02 / 9.297156e-01
PCG: 0 : 2.871669e-02
PCG: 1 : 2.789020e-02 / 9.712191e-01
PCG: 0 : 2.789020e-02
PCG: 1 : 2.593110e-02 / 9.297567e-01
PCG: 0 : 2.593110e-02
PCG: 1 : 2.518589e-02 / 9.712620e-01
PCG: 0 : 2.518589e-02
PCG: 1 : 2.341770e-02 / 9.297943e-01
PCG: 0 : 2.341770e-02
PCG: 1 : 2.274542e-02 / 9.712919e-01
PCG: 0 : 2.274542e-02
PCG: 1 : 2.114937e-02 / 9.298300e-01
PCG: 0 : 2.114937e-02
PCG: 1 : 2.054270e-02 / 9.713148e-01
PCG: 0 : 2.054270e-02
PCG: 1 : 1.910178e-02 / 9.298575e-01
PCG: 0 : 1.910178e-02
PCG: 1 : 1.855424e-02 / 9.713358e-01
PCG: 0 : 1.855424e-02
PCG: 1 : 1.725334e-02 / 9.298866e-01
PCG: 0 : 1.725334e-02
PCG: 1 : 1.675905e-02 / 9.713510e-01
PCG: 0 : 1.675905e-02
PCG: 1 : 1.558439e-02 / 9.299089e-01
PCG: 0 : 1.558439e-02
PCG: 1 : 1.513812e-02 / 9.713641e-01
PCG: 0 : 1.513812e-02
PCG: 1 : 1.407731e-02 / 9.299246e-01
PCG: 0 : 1.407731e-02
PCG: 1 : 1.367433e-02 / 9.713743e-01
PCG: 0 : 1.367433e-02
PCG: 1 : 1.271623e-02 / 9.299341e-01
PCG: 0 : 1.271623e-02
PCG: 1 : 1.235235e-02 / 9.713846e-01
PCG: 0 : 1.235235e-02
PCG: 1 : 1.148701e-02 / 9.299453e-01
PCG: 0 : 1.148701e-02
PCG: 1 : 1.115838e-02 / 9.713909e-01
PCG: 0 : 1.115838e-02
PCG: 1 : 1.037681e-02 / 9.299569e-01
PCG: 0 : 1.037681e-02
PCG: 1 : 1.007998e-02 / 9.713951e-01
PCG: 0 : 1.007998e-02
PCG: 1 : 9.374039e-03 / 9.299660e-01
PCG: 0 : 9.374039e-03
PCG: 1 : 9.105977e-03 / 9.714037e-01
PCG: 0 : 9.105977e-03
PCG: 1 : 8.468377e-03 / 9.299802e-01
PCG: 0 : 8.468377e-03
PCG: 1 : 8.226236e-03 / 9.714065e-01
PCG: 0 : 8.226235e-03
PCG: 1 : 7.650306e-03 / 9.299887e-01
PCG: 0 : 7.650306e-03
PCG: 1 : 7.431598e-03 / 9.714118e-01
PCG: 0 : 7.431597e-03
PCG: 1 : 6.911336e-03 / 9.299933e-01
PCG: 0 : 6.911335e-03
PCG: 1 : 6.713778e-03 / 9.714155e-01
PCG: 0 : 6.713777e-03
PCG: 1 : 6.243783e-03 / 9.299955e-01
PCG: 0 : 6.243782e-03
PCG: 1 : 6.065327e-03 / 9.714187e-01
PCG: 0 : 6.065326e-03
PCG: 1 : 5.640762e-03 / 9.300015e-01
PCG: 0 : 5.640762e-03
PCG: 1 : 5.479539e-03 / 9.714183e-01
PCG: 0 : 5.479539e-03
PCG: 1 : 5.096019e-03 / 9.300087e-01
PCG: 0 : 5.096019e-03
PCG: 1 : 4.950366e-03 / 9.714183e-01
PCG: 0 : 4.950366e-03
PCG: 1 : 4.603923e-03 / 9.300166e-01
PCG: 0 : 4.603923e-03
PCG: 1 : 4.472355e-03 / 9.714226e-01
PCG: 0 : 4.472355e-03
PCG: 1 : 4.159401e-03 / 9.300247e-01
PCG: 0 : 4.159401e-03
PCG: 1 : 4.040543e-03 / 9.714242e-01
PCG: 0 : 4.040543e-03
PCG: 1 : 3.757828e-03 / 9.300306e-01
PCG: 0 : 3.757828e-03
PCG: 1 : 3.650452e-03 / 9.714261e-01
PCG: 0 : 3.650452e-03
PCG: 1 : 3.395039e-03 / 9.300326e-01
PCG: 0 : 3.395039e-03
PCG: 1 : 3.298036e-03 / 9.714282e-01
PCG: 0 : 3.298036e-03
PCG: 1 : 3.067280e-03 / 9.300323e-01
PCG: 0 : 3.067280e-03
PCG: 1 : 2.979650e-03 / 9.714308e-01
PCG: 0 : 2.979650e-03
PCG: 1 : 2.771178e-03 / 9.300346e-01
PCG: 0 : 2.771178e-03
PCG: 1 : 2.692008e-03 / 9.714311e-01
PCG: 0 : 2.692008e-03
PCG: 1 : 2.503677e-03 / 9.300407e-01
PCG: 0 : 2.503677e-03
PCG: 1 : 2.432145e-03 / 9.714293e-01
PCG: 0 : 2.432145e-03
PCG: 1 : 2.262011e-03 / 9.300478e-01
PCG: 0 : 2.262011e-03
PCG: 1 : 2.197389e-03 / 9.714317e-01
PCG: 0 : 2.197389e-03
PCG: 1 : 2.043700e-03 / 9.300581e-01
PCG: 0 : 2.043700e-03
PCG: 1 : 1.985311e-03 / 9.714296e-01
PCG: 0 : 1.985310e-03
PCG: 1 : 1.846461e-03 / 9.300618e-01
PCG: 0 : 1.846461e-03
PCG: 1 : 1.793712e-03 / 9.714321e-01
PCG: 0 : 1.793712e-03
PCG: 1 : 1.668262e-03 / 9.300615e-01
PCG: 0 : 1.668262e-03
PCG: 1 : 1.620606e-03 / 9.714336e-01
PCG: 0 : 1.620606e-03
PCG: 1 : 1.507264e-03 / 9.300618e-01
PCG: 0 : 1.507264e-03
PCG: 1 : 1.464208e-03 / 9.714347e-01
PCG: 0 : 1.464208e-03
PCG: 1 : 1.361806e-03 / 9.300633e-01
PCG: 0 : 1.361806e-03
PCG: 1 : 1.322905e-03 / 9.714344e-01
PCG: 0 : 1.322905e-03
PCG: 1 : 1.230396e-03 / 9.300708e-01
PCG: 0 : 1.230396e-03
PCG: 1 : 1.195245e-03 / 9.714314e-01
PCG: 0 : 1.195245e-03
PCG: 1 : 1.111669e-03 / 9.300763e-01
PCG: 0 : 1.111669e-03
PCG: 1 : 1.079914e-03 / 9.714353e-01
PCG: 0 : 1.079914e-03
PCG: 1 : 1.004410e-03 / 9.300834e-01
PCG: 0 : 1.004410e-03
PCG: 1 : 9.757190e-04 / 9.714345e-01
PCG: 0 : 9.757188e-04
PCG: 1 : 9.075028e-04 / 9.300864e-01
PCG: 0 : 9.075028e-04
PCG: 1 : 8.815806e-04 / 9.714357e-01
PCG: 0 : 8.815806e-04
PCG: 1 : 8.199444e-04 / 9.300845e-01
PCG: 0 : 8.199443e-04
PCG: 1 : 7.965253e-04 / 9.714382e-01
PCG: 0 : 7.965252e-04
PCG: 1 : 7.408361e-04 / 9.300849e-01
PCG: 0 : 7.408361e-04
PCG: 1 : 7.196770e-04 / 9.714389e-01
PCG: 0 : 7.196769e-04
PCG: 1 : 6.693607e-04 / 9.300850e-01
PCG: 0 : 6.693607e-04
PCG: 1 : 6.502431e-04 / 9.714391e-01
PCG: 0 : 6.502431e-04
PCG: 1 : 6.047859e-04 / 9.300920e-01
PCG: 0 : 6.047859e-04
PCG: 1 : 5.875102e-04 / 9.714351e-01
PCG: 0 : 5.875102e-04
PCG: 1 : 5.464432e-04 / 9.300998e-01
PCG: 0 : 5.464432e-04
PCG: 1 : 5.308362e-04 / 9.714391e-01
PCG: 0 : 5.308362e-04
PCG: 1 : 4.937320e-04 / 9.301024e-01
PCG: 0 : 4.937320e-04
PCG: 1 : 4.796311e-04 / 9.714401e-01
PCG: 0 : 4.796311e-04
PCG: 1 : 4.461074e-04 / 9.301052e-01
PCG: 0 : 4.461074e-04
PCG: 1 : 4.333668e-04 / 9.714406e-01
PCG: 0 : 4.333667e-04
PCG: 1 : 4.030757e-04 / 9.301029e-01
PCG: 0 : 4.030757e-04
PCG: 1 : 3.915649e-04 / 9.714426e-01
PCG: 0 : 3.915649e-04
PCG: 1 : 3.641957e-04 / 9.301030e-01
PCG: 0 : 3.641957e-04
PCG: 1 : 3.537951e-04 / 9.714423e-01
PCG: 0 : 3.537951e-04
PCG: 1 : 3.290669e-04 / 9.301058e-01
PCG: 0 : 3.290669e-04
PCG: 1 : 3.196689e-04 / 9.714406e-01
PCG: 0 : 3.196689e-04
PCG: 1 : 2.973274e-04 / 9.301104e-01
PCG: 0 : 2.973274e-04
PCG: 1 : 2.888358e-04 / 9.714401e-01
PCG: 0 : 2.888358e-04
PCG: 1 : 2.686515e-04 / 9.301186e-01
PCG: 0 : 2.686515e-04
PCG: 1 : 2.609787e-04 / 9.714397e-01
PCG: 0 : 2.609787e-04
PCG: 1 : 2.427423e-04 / 9.301229e-01
PCG: 0 : 2.427423e-04
PCG: 1 : 2.358097e-04 / 9.714405e-01
PCG: 0 : 2.358096e-04
PCG: 1 : 2.193325e-04 / 9.301254e-01
PCG: 0 : 2.193325e-04
PCG: 1 : 2.130681e-04 / 9.714387e-01
PCG: 0 : 2.130681e-04
PCG: 1 : 1.981799e-04 / 9.301251e-01
PCG: 0 : 1.981799e-04
PCG: 1 : 1.925199e-04 / 9.714398e-01
PCG: 0 : 1.925199e-04
PCG: 1 : 1.790674e-04 / 9.301243e-01
PCG: 0 : 1.790674e-04
PCG: 1 : 1.739530e-04 / 9.714383e-01
PCG: 0 : 1.739529e-04
PCG: 1 : 1.617988e-04 / 9.301299e-01
PCG: 0 : 1.617988e-04
PCG: 1 : 1.571769e-04 / 9.714339e-01
PCG: 0 : 1.571769e-04
PCG: 1 : 1.461958e-04 / 9.301355e-01
PCG: 0 : 1.461958e-04
PCG: 1 : 1.420194e-04 / 9.714333e-01
PCG: 0 : 1.420194e-04
PCG: 1 : 1.320987e-04 / 9.301449e-01
PCG: 0 : 1.320987e-04
PCG: 1 : 1.283248e-04 / 9.714315e-01
PCG: 0 : 1.283248e-04
PCG: 1 : 1.193610e-04 / 9.301479e-01
PCG: 0 : 1.193610e-04
PCG: 1 : 1.159510e-04 / 9.714311e-01
PCG: 0 : 1.159510e-04
PCG: 1 : 1.078520e-04 / 9.301514e-01
PCG: 0 : 1.078520e-04
PCG: 1 : 1.047707e-04 / 9.714301e-01
PCG: 0 : 1.047707e-04
PCG: 1 : 9.745223e-05 / 9.301480e-01
PCG: 0 : 9.745223e-05
PCG: 1 : 9.466824e-05 / 9.714322e-01
PCG: 0 : 9.466824e-05
PCG: 1 : 8.805558e-05 / 9.301491e-01
PCG: 0 : 8.805557e-05
PCG: 1 : 8.553982e-05 / 9.714300e-01
PCG: 0 : 8.553982e-05
PCG: 1 : 7.956514e-05 / 9.301532e-01
PCG: 0 : 7.956514e-05
PCG: 1 : 7.729158e-05 / 9.714252e-01
PCG: 0 : 7.729158e-05
PCG: 1 : 7.189345e-05 / 9.301589e-01
PCG: 0 : 7.189344e-05
PCG: 1 : 6.983923e-05 / 9.714271e-01
PCG: 0 : 6.983923e-05
PCG: 1 : 6.496213e-05 / 9.301668e-01
PCG: 0 : 6.496213e-05
PCG: 1 : 6.310580e-05 / 9.714245e-01
PCG: 0 : 6.310579e-05
PCG: 1 : 5.869907e-05 / 9.301693e-01
PCG: 0 : 5.869906e-05
PCG: 1 : 5.702176e-05 / 9.714254e-01
PCG: 0 : 5.702176e-05
PCG: 1 : 5.303988e-05 / 9.301692e-01
PCG: 0 : 5.303988e-05
PCG: 1 : 5.152433e-05 / 9.714262e-01
PCG: 0 : 5.152433e-05
PCG: 1 : 4.792619e-05 / 9.301663e-01
PCG: 0 : 4.792619e-05
PCG: 1 : 4.655678e-05 / 9.714268e-01
PCG: 0 : 4.655678e-05
PCG: 1 : 4.330551e-05 / 9.301656e-01
PCG: 0 : 4.330551e-05
PCG: 1 : 4.206818e-05 / 9.714278e-01
PCG: 0 : 4.206818e-05
PCG: 1 : 3.913051e-05 / 9.301690e-01
PCG: 0 : 3.913051e-05
PCG: 1 : 3.801230e-05 / 9.714236e-01
PCG: 0 : 3.801230e-05
PCG: 1 : 3.535806e-05 / 9.301742e-01
PCG: 0 : 3.535806e-05
PCG: 1 : 3.434778e-05 / 9.714271e-01
PCG: 0 : 3.434777e-05
PCG: 1 : 3.194952e-05 / 9.301774e-01
PCG: 0 : 3.194952e-05
PCG: 1 : 3.103666e-05 / 9.714279e-01
PCG: 0 : 3.103665e-05
PCG: 1 : 2.886963e-05 / 9.301786e-01
PCG: 0 : 2.886963e-05
PCG: 1 : 2.804477e-05 / 9.714281e-01
PCG: 0 : 2.804477e-05
PCG: 1 : 2.608664e-05 / 9.301786e-01
PCG: 0 : 2.608664e-05
PCG: 1 : 2.534128e-05 / 9.714274e-01
PCG: 0 : 2.534128e-05
PCG: 1 : 2.357186e-05 / 9.301764e-01
PCG: 0 : 2.357185e-05
PCG: 1 : 2.289837e-05 / 9.714285e-01
PCG: 0 : 2.289837e-05
PCG: 1 : 2.129954e-05 / 9.301773e-01
PCG: 0 : 2.129954e-05
PCG: 1 : 2.069092e-05 / 9.714255e-01
PCG: 0 : 2.069091e-05
PCG: 1 : 1.924632e-05 / 9.301822e-01
PCG: 0 : 1.924632e-05
PCG: 1 : 1.869629e-05 / 9.714220e-01
PCG: 0 : 1.869629e-05
PCG: 1 : 1.739107e-05 / 9.301881e-01
PCG: 0 : 1.739107e-05
PCG: 1 : 1.689409e-05 / 9.714232e-01
PCG: 0 : 1.689409e-05
PCG: 1 : 1.571477e-05 / 9.301935e-01
PCG: 0 : 1.571477e-05
PCG: 1 : 1.526567e-05 / 9.714216e-01
PCG: 0 : 1.526566e-05
PCG: 1 : 1.420004e-05 / 9.301945e-01
PCG: 0 : 1.420004e-05
PCG: 1 : 1.379425e-05 / 9.714235e-01
PCG: 0 : 1.379425e-05
PCG: 1 : 1.283129e-05 / 9.301916e-01
PCG: 0 : 1.283129e-05
PCG: 1 : 1.246462e-05 / 9.714232e-01
PCG: 0 : 1.246462e-05
PCG: 1 : 1.159448e-05 / 9.301913e-01
PCG: 0 : 1.159448e-05
PCG: 1 : 1.126313e-05 / 9.714217e-01
PCG: 0 : 1.126313e-05
PCG: 1 : 1.047688e-05 / 9.301931e-01
PCG: 0 : 1.047688e-05
PCG: 1 : 1.017744e-05 / 9.714192e-01
PCG: 0 : 1.017744e-05
PCG: 1 : 9.467042e-06 / 9.301984e-01
PCG: 0 : 9.467041e-06
PCG: 1 : 9.196418e-06 / 9.714142e-01
PCG: 0 : 9.196418e-06
PCG: 1 : 8.554562e-06 / 9.302058e-01
PCG: 0 : 8.554562e-06
PCG: 1 : 8.310031e-06 / 9.714152e-01
PCG: 0 : 8.310031e-06
PCG: 1 : 7.730073e-06 / 9.302098e-01
PCG: 0 : 7.730072e-06
PCG: 1 : 7.509101e-06 / 9.714141e-01
PCG: 0 : 7.509100e-06
PCG: 1 : 6.985045e-06 / 9.302106e-01
PCG: 0 : 6.985044e-06
PCG: 1 : 6.785383e-06 / 9.714159e-01
PCG: 0 : 6.785383e-06
PCG: 1 : 6.311794e-06 / 9.302045e-01
PCG: 0 : 6.311793e-06
PCG: 1 : 6.131398e-06 / 9.714193e-01
PCG: 0 : 6.131397e-06
PCG: 1 : 5.703445e-06 / 9.302032e-01
PCG: 0 : 5.703445e-06
PCG: 1 : 5.540428e-06 / 9.714178e-01
PCG: 0 : 5.540428e-06
PCG: 1 : 5.153736e-06 / 9.302053e-01
PCG: 0 : 5.153736e-06
PCG: 1 : 5.006414e-06 / 9.714145e-01
PCG: 0 : 5.006414e-06
PCG: 1 : 4.657015e-06 / 9.302099e-01
PCG: 0 : 4.657015e-06
PCG: 1 : 4.523877e-06 / 9.714113e-01
PCG: 0 : 4.523877e-06
PCG: 1 : 4.208195e-06 / 9.302186e-01
PCG: 0 : 4.208194e-06
PCG: 1 : 4.087881e-06 / 9.714099e-01
PCG: 0 : 4.087881e-06
PCG: 1 : 3.802639e-06 / 9.302225e-01
PCG: 0 : 3.802639e-06
PCG: 1 : 3.693915e-06 / 9.714085e-01
PCG: 0 : 3.693915e-06
PCG: 1 : 3.436163e-06 / 9.302225e-01
PCG: 0 : 3.436163e-06
PCG: 1 : 3.337919e-06 / 9.714088e-01
PCG: 0 : 3.337919e-06
PCG: 1 : 3.105004e-06 / 9.302216e-01
PCG: 0 : 3.105004e-06
PCG: 1 : 3.016225e-06 / 9.714079e-01
PCG: 0 : 3.016225e-06
PCG: 1 : 2.805750e-06 / 9.302191e-01
PCG: 0 : 2.805750e-06
PCG: 1 : 2.725531e-06 / 9.714090e-01
PCG: 0 : 2.725531e-06
PCG: 1 : 2.535345e-06 / 9.302205e-01
PCG: 0 : 2.535344e-06
PCG: 1 : 2.462853e-06 / 9.714075e-01
PCG: 0 : 2.462853e-06
PCG: 1 : 2.290997e-06 / 9.302209e-01
PCG: 0 : 2.290997e-06
PCG: 1 : 2.225492e-06 / 9.714078e-01
PCG: 0 : 2.225492e-06
PCG: 1 : 2.070220e-06 / 9.302300e-01
PCG: 0 : 2.070220e-06
PCG: 1 : 2.011024e-06 / 9.714059e-01
PCG: 0 : 2.011024e-06
PCG: 1 : 1.870715e-06 / 9.302303e-01
PCG: 0 : 1.870715e-06
PCG: 1 : 1.817229e-06 / 9.714088e-01
PCG: 0 : 1.817229e-06
PCG: 1 : 1.690438e-06 / 9.302285e-01
PCG: 0 : 1.690438e-06
PCG: 1 : 1.642108e-06 / 9.714096e-01
PCG: 0 : 1.642108e-06
PCG: 1 : 1.527529e-06 / 9.302244e-01
PCG: 0 : 1.527529e-06
PCG: 1 : 1.483856e-06 / 9.714096e-01
PCG: 0 : 1.483856e-06
PCG: 1 : 1.380320e-06 / 9.302254e-01
PCG: 0 : 1.380320e-06
PCG: 1 : 1.340852e-06 / 9.714066e-01
PCG: 0 : 1.340852e-06
PCG: 1 : 1.247299e-06 / 9.302284e-01
PCG: 0 : 1.247299e-06
PCG: 1 : 1.211631e-06 / 9.714042e-01
PCG: 0 : 1.211631e-06
PCG: 1 : 1.127097e-06 / 9.302309e-01
PCG: 0 : 1.127097e-06
PCG: 1 : 1.094868e-06 / 9.714056e-01
PCG: 0 : 1.094868e-06
PCG: 1 : 1.018486e-06 / 9.302363e-01
PCG: 0 : 1.018486e-06
PCG: 1 : 9.893623e-07 / 9.714048e-01
PCG: 0 : 9.893622e-07
PCG: 1 : 9.203434e-07 / 9.302391e-01
PCG: 0 : 9.203433e-07
PCG: 1 : 8.940259e-07 / 9.714048e-01
PCG: 0 : 8.940259e-07
PCG: 1 : 8.316571e-07 / 9.302383e-01
PCG: 0 : 8.316571e-07
PCG: 1 : 8.078725e-07 / 9.714009e-01
PCG: 0 : 8.078725e-07
PCG: 1 : 7.515141e-07 / 9.302385e-01
PCG: 0 : 7.515140e-07
PCG: 1 : 7.300216e-07 / 9.714012e-01
PCG: 0 : 7.300216e-07
PCG: 1 : 6.790932e-07 / 9.302371e-01
PCG: 0 : 6.790931e-07
PCG: 1 : 6.596711e-07 / 9.714000e-01
PCG: 0 : 6.596710e-07
PCG: 1 : 6.136526e-07 / 9.302404e-01
PCG: 0 : 6.136526e-07
PCG: 1 : 5.960989e-07 / 9.713947e-01
PCG: 0 : 5.960989e-07
PCG: 1 : 5.545197e-07 / 9.302479e-01
PCG: 0 : 5.545197e-07
PCG: 1 : 5.386562e-07 / 9.713923e-01
PCG: 0 : 5.386561e-07
PCG: 1 : 5.010882e-07 / 9.302562e-01
PCG: 0 : 5.010882e-07
PCG: 1 : 4.867512e-07 / 9.713883e-01
PCG: 0 : 4.867512e-07
PCG: 1 : 4.528043e-07 / 9.302582e-01
PCG: 0 : 4.528043e-07
PCG: 1 : 4.398488e-07 / 9.713885e-01
PCG: 0 : 4.398488e-07
PCG: 1 : 4.091729e-07 / 9.302580e-01
PCG: 0 : 4.091729e-07
PCG: 1 : 3.974646e-07 / 9.713855e-01
PCG: 0 : 3.974646e-07
PCG: 1 : 3.697443e-07 / 9.302572e-01
PCG: 0 : 3.697443e-07
PCG: 1 : 3.591645e-07 / 9.713863e-01
PCG: 0 : 3.591645e-07
PCG: 1 : 3.341148e-07 / 9.302557e-01
PCG: 0 : 3.341148e-07
PCG: 1 : 3.245538e-07 / 9.713840e-01
PCG: 0 : 3.245538e-07
PCG: 1 : 3.019193e-07 / 9.302596e-01
PCG: 0 : 3.019193e-07
PCG: 1 : 2.932786e-07 / 9.713807e-01
PCG: 0 : 2.932785e-07
PCG: 1 : 2.728264e-07 / 9.302638e-01
PCG: 0 : 2.728264e-07
PCG: 1 : 2.650187e-07 / 9.713821e-01
PCG: 0 : 2.650187e-07
PCG: 1 : 2.465384e-07 / 9.302682e-01
PCG: 0 : 2.465384e-07
PCG: 1 : 2.394829e-07 / 9.713815e-01
PCG: 0 : 2.394829e-07
PCG: 1 : 2.227835e-07 / 9.302692e-01
PCG: 0 : 2.227835e-07
PCG: 1 : 2.164079e-07 / 9.713821e-01
PCG: 0 : 2.164079e-07
PCG: 1 : 2.013165e-07 / 9.302644e-01
PCG: 0 : 2.013165e-07
PCG: 1 : 1.955558e-07 / 9.713846e-01
PCG: 0 : 1.955558e-07
PCG: 1 : 1.819179e-07 / 9.302611e-01
PCG: 0 : 1.819179e-07
PCG: 1 : 1.767124e-07 / 9.713852e-01
PCG: 0 : 1.767124e-07
PCG: 1 : 1.643884e-07 / 9.302595e-01
PCG: 0 : 1.643884e-07
PCG: 1 : 1.596842e-07 / 9.713841e-01
PCG: 0 : 1.596842e-07
PCG: 1 : 1.485486e-07 / 9.302643e-01
PCG: 0 : 1.485485e-07
PCG: 1 : 1.442968e-07 / 9.713780e-01
PCG: 0 : 1.442968e-07
PCG: 1 : 1.342353e-07 / 9.302726e-01
PCG: 0 : 1.342353e-07
PCG: 1 : 1.303932e-07 / 9.713776e-01
PCG: 0 : 1.303932e-07
PCG: 1 : 1.213017e-07 / 9.302763e-01
PCG: 0 : 1.213017e-07
PCG: 1 : 1.178296e-07 / 9.713769e-01
PCG: 0 : 1.178296e-07
PCG: 1 : 1.096141e-07 / 9.302763e-01
PCG: 0 : 1.096141e-07
PCG: 1 : 1.064768e-07 / 9.713783e-01
PCG: 0 : 1.064768e-07
PCG: 1 : 9.905217e-08 / 9.302703e-01
PCG: 0 : 9.905217e-08
PCG: 1 : 9.621737e-08 / 9.713807e-01
PCG: 0 : 9.621736e-08
PCG: 1 : 8.950793e-08 / 9.302679e-01

PCG ( VCycle ( S: Scale / C: Scale )  )

Complete solver TOE: 45.1198
0.0154367 GFlop/s [0.0154367 GFlops/s]

Total time: 45.1198s
Accumulated op time: 35.5761

Reductions: 75.9508%
Blas-1: 1.53374%
Blas-2: 1.36353%
Precon Kernels: 0%
MPI Execution: 0%
MPI Wait: 0%
Not covered: 21.152%

Domain size: 106.94 MByte
LA size: 356.502 MByte
MPI size: 10.6971 MByte

H0-Error: 5.074953e-07
H1-Error: 2.017209e-03

Writing DATA to output.data...
Run-Time: 0:56.708 [0:56.708]
0xb33cd9f8 Error: MemoryPool<CUDA> still contains memory chunks on deconstructor call
