NUM-PROCS: 1
Preparing domain...
LVL-MIN: 3 [3]
LVL-MAX: 7 [7]
Creating gates...
Assembling system matrices...
Assembling system filters...
Assembling transfer matrices...
Converting assembled linear system from SparseMatrixCSR, Mem:main to SparseMatrixCSR, Mem:mainand to SparseMatrixCSR, Mem:main...
PCG: 0 : 7.572480e-02
PCG: 1 : 7.534408e-02 / 9.949723e-01
PCG: 2 : 7.357013e-02 / 9.715461e-01
PCG: 3 : 4.669910e-02 / 6.166949e-01
PCG: 0 : 4.653487e-02
PCG: 1 : 6.525823e-03 / 1.402351e-01
PCG: 2 : 1.531566e-03 / 3.291222e-02
PCG: 3 : 6.553010e-04 / 1.408194e-02
PCG: 0 : 6.553006e-04
PCG: 1 : 2.148568e-04 / 3.278753e-01
PCG: 2 : 1.480574e-04 / 2.259381e-01
PCG: 3 : 8.219832e-05 / 1.254361e-01
PCG: 0 : 8.219828e-05
PCG: 1 : 5.059431e-05 / 6.155155e-01
PCG: 2 : 3.257345e-05 / 3.962789e-01
PCG: 3 : 4.177549e-05 / 5.082284e-01
PCG: 0 : 4.177549e-05
PCG: 1 : 1.373630e-05 / 3.288124e-01
PCG: 2 : 7.397088e-06 / 1.770677e-01
PCG: 3 : 4.439819e-06 / 1.062781e-01
PCG: 0 : 4.439819e-06
PCG: 1 : 3.017031e-06 / 6.795393e-01
PCG: 2 : 2.411100e-06 / 5.430627e-01
PCG: 3 : 3.027804e-06 / 6.819658e-01
PCG: 0 : 3.027804e-06
PCG: 1 : 1.002310e-06 / 3.310354e-01
PCG: 2 : 5.424844e-07 / 1.791676e-01
PCG: 3 : 3.251265e-07 / 1.073803e-01
PCG: 0 : 3.251265e-07
PCG: 1 : 2.175321e-07 / 6.690691e-01
PCG: 2 : 1.752247e-07 / 5.389430e-01
PCG: 3 : 2.197601e-07 / 6.759219e-01
PCG: 0 : 2.197601e-07
PCG: 1 : 7.305966e-08 / 3.324519e-01
PCG: 2 : 4.052924e-08 / 1.844249e-01
PCG: 3 : 2.439331e-08 / 1.109997e-01
PCG: 0 : 2.439331e-08
PCG: 1 : 1.592822e-08 / 6.529751e-01
PCG: 2 : 1.271520e-08 / 5.212579e-01
PCG: 3 : 1.593869e-08 / 6.534044e-01
PCG: 0 : 1.593870e-08
PCG: 1 : 5.321572e-09 / 3.338775e-01
PCG: 2 : 3.049536e-09 / 1.913291e-01
PCG: 3 : 1.856671e-09 / 1.164883e-01
PCG: 0 : 1.856670e-09
PCG: 1 : 1.179471e-09 / 6.352612e-01
PCG: 2 : 9.223126e-10 / 4.967562e-01
PCG: 3 : 1.155758e-09 / 6.224897e-01

PCG ( VCycle ( S: Scale / C: Scale )  )

Complete solver TOE: 0.153043
0.608414 GFlop/s [0.608414 GFlops/s]

Total time: 0.153043s
Accumulated op time: 0.142888

Reductions: 2.09614%
Blas-1: 5.94343%
Blas-2: 85.325%
Precon Kernels: 0%
MPI Execution: 0%
MPI Wait: 0%
Not covered: 6.63539%

Domain size: 1.6994 MByte
LA size: 5.63599 MByte
MPI size: 0.170364 MByte

H0-Error: 2.746055e-05
H1-Error: 1.613732e-02

Writing DATA to output.data...
Run-Time: 0:00.319 [0:00.319]
0xb32db9f8 Error: MemoryPool<CPU> still contains memory chunks on deconstructor call
