NUM-PROCS: 1
Preparing domain...
LVL-MIN: 4 [4]
LVL-MAX: 7 [7]
Creating gates...
Assembling system matrices...
Assembling system filters...
Assembling transfer matrices...
Converting assembled linear system from SparseMatrixCSR, Mem:main to SparseMatrixELL, Mem:cudaand to SparseMatrixELL, Mem:cuda...
PCG: 0 : 7.572471e-02
PCG: 1 : 1.425167e-01 / 1.882037e+00
PCG: 2 : 1.519178e-01 / 2.006185e+00
PCG: 3 : 2.774420e-01 / 3.663823e+00
PCG: 4 : 1.659770e-01 / 2.191847e+00
PCG: 5 : 4.541478e-02 / 5.997353e-01
PCG: 6 : 2.374844e-02 / 3.136154e-01
PCG: 7 : 7.070755e-03 / 9.337447e-02
PCG: 0 : 8.881750e-03
PCG: 1 : 2.720217e-03 / 3.062704e-01
PCG: 2 : 1.084478e-03 / 1.221019e-01
PCG: 3 : 4.456392e-04 / 5.017471e-02
PCG: 4 : 5.559564e-04 / 6.259537e-02
PCG: 5 : 5.198207e-04 / 5.852684e-02
PCG: 6 : 4.040798e-04 / 4.549551e-02
PCG: 7 : 3.556114e-04 / 4.003843e-02
PCG: 0 : 3.556112e-04
PCG: 1 : 3.212184e-04 / 9.032853e-01
PCG: 2 : 1.979446e-04 / 5.566321e-01
PCG: 3 : 9.161870e-05 / 2.576373e-01
PCG: 4 : 4.717485e-05 / 1.326585e-01
PCG: 5 : 1.339649e-04 / 3.767174e-01
PCG: 6 : 9.931735e-05 / 2.792864e-01
PCG: 7 : 7.290136e-05 / 2.050030e-01
PCG: 0 : 7.290138e-05
PCG: 1 : 3.552273e-05 / 4.872711e-01
PCG: 2 : 2.288716e-05 / 3.139468e-01
PCG: 3 : 6.053575e-06 / 8.303787e-02
PCG: 4 : 5.538921e-06 / 7.597826e-02
PCG: 5 : 1.038905e-05 / 1.425082e-01
PCG: 6 : 7.397738e-06 / 1.014760e-01
PCG: 7 : 5.060328e-06 / 6.941333e-02
PCG: 0 : 5.060328e-06
PCG: 1 : 5.100670e-06 / 1.007972e+00
PCG: 2 : 3.100792e-06 / 6.127650e-01
PCG: 3 : 1.424346e-06 / 2.814732e-01
PCG: 4 : 8.668406e-07 / 1.713013e-01
PCG: 5 : 1.869950e-06 / 3.695315e-01
PCG: 6 : 1.602306e-06 / 3.166409e-01
PCG: 7 : 1.133173e-06 / 2.239327e-01
PCG: 0 : 1.133173e-06
PCG: 1 : 6.305713e-07 / 5.564653e-01
PCG: 2 : 3.436398e-07 / 3.032545e-01
PCG: 3 : 9.583092e-08 / 8.456866e-02
PCG: 4 : 1.045615e-07 / 9.227318e-02
PCG: 5 : 1.625642e-07 / 1.434593e-01
PCG: 6 : 1.338990e-07 / 1.181629e-01
PCG: 7 : 8.567628e-08 / 7.560742e-02
PCG: 0 : 8.567628e-08
PCG: 1 : 8.781051e-08 / 1.024910e+00
PCG: 2 : 5.180285e-08 / 6.046347e-01
PCG: 3 : 2.399907e-08 / 2.801133e-01
PCG: 4 : 1.519104e-08 / 1.773074e-01
PCG: 5 : 3.026115e-08 / 3.532033e-01
PCG: 6 : 2.803975e-08 / 3.272755e-01
PCG: 7 : 1.948761e-08 / 2.274563e-01

PCG ( VCycle ( S: Scale / C: Scale )  )

Complete solver TOE: 0.540265
0.21864 GFlop/s [0.21864 GFlops/s]

Total time: 0.540265s
Accumulated op time: 0.084078

Reductions: 6.84923%
Blas-1: 4.62366%
Blas-2: 4.08947%
Precon Kernels: 0%
MPI Execution: 0%
MPI Wait: 0%
Not covered: 84.4376%

Domain size: 1.69336 MByte
LA size: 5.5876 MByte
MPI size: 0.169739 MByte

H0-Error: 2.745807e-05
H1-Error: 1.613732e-02

Writing DATA to output.data...
Run-Time: 0:00.751 [0:00.751]
0xb33209f8 Error: MemoryPool<CUDA> still contains memory chunks on deconstructor call
