NUM-PROCS: 1
Preparing domain...
LVL-MIN: 5 [5]
LVL-MAX: 10 [10]
Creating gates...
Assembling system matrices...
Assembling system filters...
Assembling transfer matrices...
Converting assembled linear system from SparseMatrixCSR, Mem:main to SparseMatrixELL, Mem:cudaand to SparseMatrixELL, Mem:cuda...
PCG:  0 : 9.473710e-03
PCG:  1 : 4.064152e-02 / 4.289926e+00
PCG:  2 : 4.515618e-02 / 4.766472e+00
PCG:  3 : 1.234715e-01 / 1.303307e+01
PCG:  4 : 2.105808e-01 / 2.222791e+01
PCG:  5 : 1.790863e-01 / 1.890350e+01
PCG:  6 : 1.624115e-01 / 1.714339e+01
PCG:  7 : 9.675752e-02 / 1.021327e+01
PCG:  8 : 7.074991e-02 / 7.468025e+00
PCG:  9 : 7.190656e-02 / 7.590116e+00
PCG: 10 : 4.880360e-02 / 5.151477e+00
PCG: 11 : 2.547759e-02 / 2.689294e+00
PCG: 12 : 1.067532e-02 / 1.126837e+00
PCG: 13 : 5.592027e-03 / 5.902678e-01
PCG: 14 : 2.881935e-03 / 3.042035e-01
PCG:  0 : 2.916397e-03
PCG:  1 : 1.516244e-03 / 5.199030e-01
PCG:  2 : 1.020175e-03 / 3.498065e-01
PCG:  3 : 8.752925e-04 / 3.001280e-01
PCG:  4 : 3.358835e-04 / 1.151707e-01
PCG:  5 : 2.388679e-04 / 8.190514e-02
PCG:  6 : 2.045609e-04 / 7.014166e-02
PCG:  7 : 1.461151e-04 / 5.010124e-02
PCG:  8 : 1.038751e-04 / 3.561761e-02
PCG:  9 : 1.766554e-04 / 6.057317e-02
PCG: 10 : 2.738751e-04 / 9.390870e-02
PCG: 11 : 2.055372e-04 / 7.047640e-02
PCG: 12 : 1.395476e-04 / 4.784930e-02
PCG: 13 : 1.273828e-04 / 4.367812e-02
PCG: 14 : 6.276536e-05 / 2.152154e-02
PCG:  0 : 6.276548e-05
PCG:  1 : 3.695534e-05 / 5.887845e-01
PCG:  2 : 2.114622e-05 / 3.369085e-01
PCG:  3 : 1.156520e-05 / 1.842605e-01
PCG:  4 : 1.405097e-05 / 2.238647e-01
PCG:  5 : 9.095174e-06 / 1.449073e-01
PCG:  6 : 5.594091e-06 / 8.912688e-02
PCG:  7 : 7.091365e-06 / 1.129819e-01
PCG:  8 : 4.705356e-06 / 7.496727e-02
PCG:  9 : 3.540429e-06 / 5.640726e-02
PCG: 10 : 2.121260e-06 / 3.379660e-02
PCG: 11 : 1.031087e-06 / 1.642762e-02
PCG: 12 : 9.133321e-07 / 1.455150e-02
PCG: 13 : 2.265591e-06 / 3.609613e-02
PCG: 14 : 3.597158e-06 / 5.731108e-02
PCG:  0 : 3.597157e-06
PCG:  1 : 1.688743e-06 / 4.694661e-01
PCG:  2 : 7.971548e-07 / 2.216069e-01
PCG:  3 : 6.170787e-07 / 1.715463e-01
PCG:  4 : 7.682384e-07 / 2.135682e-01
PCG:  5 : 8.061874e-07 / 2.241179e-01
PCG:  6 : 1.107972e-06 / 3.080134e-01
PCG:  7 : 1.085189e-06 / 3.016798e-01
PCG:  8 : 6.746919e-07 / 1.875626e-01
PCG:  9 : 7.531984e-07 / 2.093872e-01
PCG: 10 : 4.718611e-07 / 1.311761e-01
PCG: 11 : 3.800371e-07 / 1.056493e-01
PCG: 12 : 2.802761e-07 / 7.791600e-02
PCG: 13 : 3.710344e-07 / 1.031466e-01
PCG: 14 : 2.764089e-07 / 7.684094e-02
PCG:  0 : 2.764089e-07
PCG:  1 : 1.619076e-07 / 5.857539e-01
PCG:  2 : 9.676783e-08 / 3.500894e-01
PCG:  3 : 6.783240e-08 / 2.454060e-01
PCG:  4 : 8.297191e-08 / 3.001781e-01
PCG:  5 : 5.383709e-08 / 1.947733e-01
PCG:  6 : 3.644331e-08 / 1.318457e-01
PCG:  7 : 3.002993e-08 / 1.086431e-01
PCG:  8 : 2.468107e-08 / 8.929189e-02
PCG:  9 : 1.939242e-08 / 7.015844e-02
PCG: 10 : 1.218543e-08 / 4.408481e-02
PCG: 11 : 9.565525e-09 / 3.460643e-02
PCG: 12 : 8.529709e-09 / 3.085903e-02
PCG: 13 : 1.246468e-08 / 4.509506e-02
PCG: 14 : 1.670138e-08 / 6.042273e-02
PCG:  0 : 1.670139e-08
PCG:  1 : 9.219719e-09 / 5.520332e-01
PCG:  2 : 5.662364e-09 / 3.390356e-01
PCG:  3 : 5.046108e-09 / 3.021371e-01
PCG:  4 : 6.579735e-09 / 3.939634e-01
PCG:  5 : 6.768413e-09 / 4.052606e-01
PCG:  6 : 6.894874e-09 / 4.128325e-01
PCG:  7 : 6.118336e-09 / 3.663370e-01
PCG:  8 : 5.591560e-09 / 3.347962e-01
PCG:  9 : 6.083442e-09 / 3.642478e-01
PCG: 10 : 4.913532e-09 / 2.941990e-01
PCG: 11 : 2.316571e-09 / 1.387053e-01
PCG: 12 : 2.114653e-09 / 1.266154e-01
PCG: 13 : 1.922664e-09 / 1.151200e-01
PCG: 14 : 1.699348e-09 / 1.017489e-01

PCG ( VCycle ( S: Scale / C: Scale )  )

Complete solver TOE: 0.568338
22.349 GFlop/s [22.349 GFlops/s]

Total time: 0.568338s
Accumulated op time: 0.333523

Reductions: 57.204%
Blas-1: 0.726152%
Blas-2: 0.753777%
Precon Kernels: 0%
MPI Execution: 0%
MPI Wait: 0%
Not covered: 41.3161%

Domain size: 192.384 MByte
LA size: 483.107 MByte
MPI size: 10.695 MByte

H0-Error: 4.294029e-07
H1-Error: 2.017209e-03

Writing DATA to output.data...
Run-Time: 0:03.330 [0:03.330]
0x31d198e880 Error: MemoryPool<CUDA> still contains memory chunks on deconstructor call
