NUM-PROCS: 1
Preparing domain...
LVL-MIN: 2 [2]
LVL-MAX: 9 [9]
Creating gates...
Assembling system matrices...
Assembling system filters...
Assembling transfer matrices...
Converting assembled linear system from SparseMatrixCSR, Mem:main to SparseMatrixELL, Mem:cudaand to SparseMatrixELL, Mem:cuda...
PCG: 0 : 1.894534e-02
PCG: 1 : 9.764044e-03 / 5.153797e-01
PCG: 0 : 9.796005e-03
PCG: 1 : 5.509274e-03 / 5.624000e-01
PCG: 0 : 5.509270e-03
PCG: 1 : 5.269351e-03 / 9.564518e-01
PCG: 0 : 5.269351e-03
PCG: 1 : 3.409253e-03 / 6.469967e-01
PCG: 0 : 3.409252e-03
PCG: 1 : 2.759463e-03 / 8.094042e-01
PCG: 0 : 2.759462e-03
PCG: 1 : 1.462130e-03 / 5.298604e-01
PCG: 0 : 1.462130e-03
PCG: 1 : 1.008369e-03 / 6.896575e-01
PCG: 0 : 1.008369e-03
PCG: 1 : 4.648409e-04 / 4.609831e-01
PCG: 0 : 4.648409e-04
PCG: 1 : 2.967582e-04 / 6.384081e-01
PCG: 0 : 2.967582e-04
PCG: 1 : 1.295675e-04 / 4.366096e-01
PCG: 0 : 1.295674e-04
PCG: 1 : 8.067462e-05 / 6.226458e-01
PCG: 0 : 8.067463e-05
PCG: 1 : 3.461367e-05 / 4.290527e-01
PCG: 0 : 3.461366e-05
PCG: 1 : 2.138389e-05 / 6.177875e-01
PCG: 0 : 2.138389e-05
PCG: 1 : 9.123923e-06 / 4.266728e-01
PCG: 0 : 9.123921e-06
PCG: 1 : 5.622391e-06 / 6.162253e-01
PCG: 0 : 5.622391e-06
PCG: 1 : 2.394934e-06 / 4.259637e-01
PCG: 0 : 2.394934e-06
PCG: 1 : 1.474706e-06 / 6.157607e-01
PCG: 0 : 1.474706e-06
PCG: 1 : 6.279444e-07 / 4.258098e-01
PCG: 0 : 6.279442e-07
PCG: 1 : 3.866052e-07 / 6.156680e-01
PCG: 0 : 3.866052e-07
PCG: 1 : 1.646291e-07 / 4.258325e-01
PCG: 0 : 1.646290e-07
PCG: 1 : 1.013650e-07 / 6.157177e-01
PCG: 0 : 1.013650e-07
PCG: 1 : 4.316972e-08 / 4.258839e-01
PCG: 0 : 4.316972e-08
PCG: 1 : 2.658359e-08 / 6.157925e-01
PCG: 0 : 2.658359e-08
PCG: 1 : 1.132343e-08 / 4.259557e-01
PCG: 0 : 1.132343e-08
PCG: 1 : 6.973503e-09 / 6.158472e-01
PCG: 0 : 6.973502e-09
PCG: 1 : 2.970807e-09 / 4.260137e-01

PCG ( VCycle ( S: Scale / C: Scale )  )

Complete solver TOE: 3.32568
0.389421 GFlop/s [0.389421 GFlops/s]

Total time: 3.32568s
Accumulated op time: 0.727294

Reductions: 16.8932%
Blas-1: 2.49191%
Blas-2: 2.48397%
Precon Kernels: 0%
MPI Execution: 0%
MPI Wait: 0%
Not covered: 78.131%

Domain size: 26.8068 MByte
LA size: 89.2992 MByte
MPI size: 2.68231 MByte

H0-Error: 1.717156e-06
H1-Error: 4.034414e-03

Writing DATA to output.data...
Run-Time: 0:06.231 [0:06.231]
0xb32df9f8 Error: MemoryPool<CUDA> still contains memory chunks on deconstructor call
