NUM-PROCS: 1
Preparing domain...
LVL-MIN: 5 [5]
LVL-MAX: 6 [6]
Creating gates...
Assembling system matrices...
Assembling system filters...
Assembling transfer matrices...
Converting assembled linear system from SparseMatrixCSR, Mem:main to SparseMatrixELL, Mem:cudaand to SparseMatrixELL, Mem:cuda...
PCG: 0 : 1.512630e-01
PCG: 1 : 5.296442e-01 / 3.501480e+00
PCG: 2 : 3.286089e-01 / 2.172435e+00
PCG: 3 : 3.573479e-01 / 2.362428e+00
PCG: 0 : 3.540963e-01
PCG: 1 : 2.449477e-01 / 6.917543e-01
PCG: 2 : 2.364091e-01 / 6.676407e-01
PCG: 3 : 2.161917e-01 / 6.105450e-01
PCG: 0 : 2.161917e-01
PCG: 1 : 1.370260e-01 / 6.338171e-01
PCG: 2 : 1.353253e-01 / 6.259505e-01
PCG: 3 : 1.157042e-01 / 5.351926e-01
PCG: 0 : 1.157042e-01
PCG: 1 : 9.502520e-02 / 8.212770e-01
PCG: 2 : 9.503419e-02 / 8.213546e-01
PCG: 3 : 1.198641e-01 / 1.035953e+00
PCG: 0 : 1.198641e-01
PCG: 1 : 7.625943e-02 / 6.362158e-01
PCG: 2 : 7.625466e-02 / 6.361760e-01
PCG: 3 : 8.158950e-02 / 6.806834e-01
PCG: 0 : 8.158950e-02
PCG: 1 : 6.682891e-02 / 8.190871e-01
PCG: 2 : 6.509528e-02 / 7.978389e-01
PCG: 3 : 9.110727e-02 / 1.116654e+00
PCG: 0 : 9.110726e-02
PCG: 1 : 5.745849e-02 / 6.306686e-01
PCG: 2 : 5.716231e-02 / 6.274177e-01
PCG: 3 : 6.424020e-02 / 7.051052e-01
PCG: 0 : 6.424021e-02
PCG: 1 : 5.236381e-02 / 8.151252e-01
PCG: 2 : 5.066025e-02 / 7.886065e-01
PCG: 3 : 7.248180e-02 / 1.128293e+00
PCG: 0 : 7.248180e-02
PCG: 1 : 4.565403e-02 / 6.298689e-01
PCG: 2 : 4.530098e-02 / 6.249980e-01
PCG: 3 : 5.128302e-02 / 7.075297e-01
PCG: 0 : 5.128302e-02
PCG: 1 : 4.181788e-02 / 8.154333e-01
PCG: 2 : 4.041746e-02 / 7.881255e-01
PCG: 3 : 5.791914e-02 / 1.129402e+00
PCG: 0 : 5.791914e-02
PCG: 1 : 3.652287e-02 / 6.305839e-01
PCG: 2 : 3.623296e-02 / 6.255785e-01
PCG: 3 : 4.098621e-02 / 7.076453e-01
PCG: 0 : 4.098621e-02
PCG: 1 : 3.347475e-02 / 8.167320e-01
PCG: 2 : 3.236343e-02 / 7.896175e-01
PCG: 3 : 4.629043e-02 / 1.129415e+00
PCG: 0 : 4.629043e-02
PCG: 1 : 2.924648e-02 / 6.318040e-01
PCG: 2 : 2.902756e-02 / 6.270746e-01
PCG: 3 : 3.275420e-02 / 7.075803e-01
PCG: 0 : 3.275420e-02
PCG: 1 : 2.680656e-02 / 8.184160e-01
PCG: 2 : 2.593177e-02 / 7.917082e-01
PCG: 3 : 3.699018e-02 / 1.129327e+00
PCG: 0 : 3.699018e-02
PCG: 1 : 2.342536e-02 / 6.332858e-01
PCG: 2 : 2.326466e-02 / 6.289415e-01
PCG: 3 : 2.617128e-02 / 7.075195e-01
PCG: 0 : 2.617128e-02
PCG: 1 : 2.147000e-02 / 8.203648e-01
PCG: 2 : 2.078309e-02 / 7.941182e-01
PCG: 3 : 2.955319e-02 / 1.129222e+00
PCG: 0 : 2.955319e-02
PCG: 1 : 1.876552e-02 / 6.349745e-01
PCG: 2 : 1.864974e-02 / 6.310566e-01
PCG: 3 : 2.090800e-02 / 7.074701e-01
PCG: 0 : 2.090800e-02
PCG: 1 : 1.719802e-02 / 8.225570e-01
PCG: 2 : 1.665941e-02 / 7.967959e-01
PCG: 3 : 2.360738e-02 / 1.129107e+00
PCG: 0 : 2.360738e-02
PCG: 1 : 1.503465e-02 / 6.368625e-01
PCG: 2 : 1.495286e-02 / 6.333979e-01
PCG: 3 : 1.670057e-02 / 7.074301e-01
PCG: 0 : 1.670057e-02
PCG: 1 : 1.377787e-02 / 8.249940e-01
PCG: 2 : 1.335609e-02 / 7.997385e-01
PCG: 3 : 1.885460e-02 / 1.128979e+00
PCG: 0 : 1.885460e-02
PCG: 1 : 1.204722e-02 / 6.389540e-01
PCG: 2 : 1.199089e-02 / 6.359666e-01
PCG: 3 : 1.333768e-02 / 7.073970e-01
PCG: 0 : 1.333768e-02
PCG: 1 : 1.103941e-02 / 8.276854e-01
PCG: 2 : 1.070954e-02 / 8.029535e-01
PCG: 3 : 1.505611e-02 / 1.128840e+00
PCG: 0 : 1.505611e-02
PCG: 1 : 9.654823e-03 / 6.412560e-01
PCG: 2 : 9.617362e-03 / 6.387679e-01
PCG: 3 : 1.065024e-02 / 7.073694e-01
PCG: 0 : 1.065024e-02
PCG: 1 : 8.846531e-03 / 8.306418e-01
PCG: 2 : 8.588883e-03 / 8.064501e-01
PCG: 3 : 1.202082e-02 / 1.128691e+00
PCG: 0 : 1.202082e-02
PCG: 1 : 7.738735e-03 / 6.437775e-01
PCG: 2 : 7.715055e-03 / 6.418077e-01
PCG: 3 : 8.502902e-03 / 7.073479e-01
PCG: 0 : 8.502902e-03
PCG: 1 : 7.090347e-03 / 8.338737e-01
PCG: 2 : 6.889360e-03 / 8.102363e-01
PCG: 3 : 9.595800e-03 / 1.128532e+00
PCG: 0 : 9.595800e-03
PCG: 1 : 6.203946e-03 / 6.465272e-01
PCG: 2 : 6.190159e-03 / 6.450905e-01
PCG: 3 : 6.787430e-03 / 7.073334e-01
PCG: 0 : 6.787430e-03
PCG: 1 : 5.683730e-03 / 8.373905e-01
PCG: 2 : 5.527114e-03 / 8.143161e-01
PCG: 3 : 7.658708e-03 / 1.128366e+00
PCG: 0 : 7.658707e-03
PCG: 1 : 4.974418e-03 / 6.495114e-01
PCG: 2 : 4.967561e-03 / 6.486162e-01
PCG: 3 : 5.417213e-03 / 7.073273e-01
PCG: 0 : 5.417213e-03
PCG: 1 : 4.556948e-03 / 8.411978e-01
PCG: 2 : 4.435005e-03 / 8.186876e-01
PCG: 3 : 6.111674e-03 / 1.128195e+00
PCG: 0 : 6.111674e-03
PCG: 1 : 3.989298e-03 / 6.527342e-01
PCG: 2 : 3.987133e-03 / 6.523798e-01
PCG: 3 : 4.322992e-03 / 7.073335e-01
PCG: 0 : 4.322992e-03
PCG: 1 : 3.654204e-03 / 8.452951e-01
PCG: 2 : 3.559290e-03 / 8.233395e-01
PCG: 3 : 4.876432e-03 / 1.128022e+00
PCG: 0 : 4.876432e-03
PCG: 1 : 3.199889e-03 / 6.561949e-01
PCG: 2 : 3.200725e-03 / 6.563662e-01
PCG: 3 : 3.449382e-03 / 7.073578e-01
PCG: 0 : 3.449382e-03
PCG: 1 : 2.930841e-03 / 8.496714e-01
PCG: 2 : 2.856935e-03 / 8.282456e-01
PCG: 3 : 3.890397e-03 / 1.127853e+00
PCG: 0 : 3.890397e-03
PCG: 1 : 2.567210e-03 / 6.598838e-01
PCG: 2 : 2.569780e-03 / 6.605443e-01
PCG: 3 : 2.752102e-03 / 7.074090e-01
PCG: 0 : 2.752102e-03
PCG: 1 : 2.351115e-03 / 8.542978e-01
PCG: 2 : 2.293477e-03 / 8.333545e-01
PCG: 3 : 3.103532e-03 / 1.127695e+00
PCG: 0 : 3.103532e-03
PCG: 1 : 2.060057e-03 / 6.637781e-01
PCG: 2 : 2.063412e-03 / 6.648594e-01
PCG: 3 : 2.195760e-03 / 7.075036e-01
PCG: 0 : 2.195760e-03
PCG: 1 : 1.886415e-03 / 8.591171e-01
PCG: 2 : 1.841311e-03 / 8.385757e-01
PCG: 3 : 2.475851e-03 / 1.127560e+00
PCG: 0 : 2.475851e-03
PCG: 1 : 1.653451e-03 / 6.678314e-01
PCG: 2 : 1.656881e-03 / 6.692168e-01
PCG: 3 : 1.752076e-03 / 7.076662e-01
PCG: 0 : 1.752076e-03
PCG: 1 : 1.513834e-03 / 8.640230e-01
PCG: 2 : 1.478323e-03 / 8.437551e-01
PCG: 3 : 1.975403e-03 / 1.127464e+00
PCG: 0 : 1.975403e-03
PCG: 1 : 1.327393e-03 / 6.719605e-01
PCG: 2 : 1.330356e-03 / 6.734607e-01
PCG: 3 : 1.398460e-03 / 7.079366e-01
PCG: 0 : 1.398460e-03
PCG: 1 : 1.215029e-03 / 8.688340e-01
PCG: 2 : 1.186794e-03 / 8.486438e-01
PCG: 3 : 1.576670e-03 / 1.127433e+00
PCG: 0 : 1.576670e-03
PCG: 1 : 1.065864e-03 / 6.760227e-01
PCG: 2 : 1.067950e-03 / 6.773453e-01
PCG: 3 : 1.116872e-03 / 7.083741e-01
PCG: 0 : 1.116872e-03
PCG: 1 : 9.753107e-04 / 8.732520e-01
PCG: 2 : 9.525310e-04 / 8.528560e-01
PCG: 3 : 1.259270e-03 / 1.127497e+00
PCG: 0 : 1.259270e-03
PCG: 1 : 8.560327e-04 / 6.797848e-01
PCG: 2 : 8.569352e-04 / 6.805015e-01
PCG: 3 : 8.928974e-04 / 7.090595e-01
PCG: 0 : 8.928974e-04
PCG: 1 : 7.829047e-04 / 8.768138e-01
PCG: 2 : 7.641739e-04 / 8.558362e-01
PCG: 3 : 1.006910e-03 / 1.127688e+00
PCG: 0 : 1.006910e-03
PCG: 1 : 6.876051e-04 / 6.828865e-01
PCG: 2 : 6.871383e-04 / 6.824229e-01
PCG: 3 : 7.149922e-04 / 7.100857e-01
PCG: 0 : 7.149922e-04
PCG: 1 : 6.283745e-04 / 8.788550e-01
PCG: 2 : 6.126569e-04 / 8.568721e-01
PCG: 3 : 8.065166e-04 / 1.128008e+00
PCG: 0 : 8.065166e-04
PCG: 1 : 5.523188e-04 / 6.848201e-01
PCG: 2 : 5.504631e-04 / 6.825192e-01
PCG: 3 : 5.738541e-04 / 7.115218e-01
PCG: 0 : 5.738541e-04
PCG: 1 : 5.041605e-04 / 8.785516e-01
PCG: 2 : 4.907817e-04 / 8.552377e-01
PCG: 3 : 6.475231e-04 / 1.128376e+00
PCG: 0 : 6.475231e-04
PCG: 1 : 4.435426e-04 / 6.849834e-01
PCG: 2 : 4.405097e-04 / 6.802996e-01
PCG: 3 : 4.619047e-04 / 7.133409e-01
PCG: 0 : 4.619047e-04
PCG: 1 : 4.042321e-04 / 8.751417e-01
PCG: 2 : 3.928637e-04 / 8.505298e-01
PCG: 3 : 5.212931e-04 / 1.128573e+00
PCG: 0 : 5.212931e-04
PCG: 1 : 3.559857e-04 / 6.828896e-01
PCG: 2 : 3.522364e-04 / 6.756974e-01
PCG: 3 : 3.729026e-04 / 7.153415e-01
PCG: 0 : 3.729026e-04
PCG: 1 : 3.238288e-04 / 8.684005e-01
PCG: 2 : 3.143958e-04 / 8.431043e-01
PCG: 3 : 4.207348e-04 / 1.128270e+00
PCG: 0 : 4.207348e-04
PCG: 1 : 2.854880e-04 / 6.785462e-01
PCG: 2 : 2.816171e-04 / 6.693460e-01
PCG: 3 : 3.017363e-04 / 7.171653e-01
PCG: 0 : 3.017363e-04
PCG: 1 : 2.592323e-04 / 8.591352e-01
PCG: 2 : 2.517184e-04 / 8.342328e-01
PCG: 3 : 3.401270e-04 / 1.127233e+00
PCG: 0 : 3.401270e-04
PCG: 1 : 2.288160e-04 / 6.727369e-01
PCG: 2 : 2.253244e-04 / 6.624713e-01
PCG: 3 : 2.443760e-04 / 7.184845e-01
PCG: 0 : 2.443760e-04
PCG: 1 : 2.075057e-04 / 8.491247e-01
PCG: 2 : 2.017646e-04 / 8.256318e-01
PCG: 3 : 2.750625e-04 / 1.125571e+00
PCG: 0 : 2.750625e-04
PCG: 1 : 1.834052e-04 / 6.667762e-01
PCG: 2 : 1.805329e-04 / 6.563342e-01
PCG: 3 : 1.978275e-04 / 7.192094e-01
PCG: 0 : 1.978275e-04
PCG: 1 : 1.662278e-04 / 8.402662e-01
PCG: 2 : 1.619495e-04 / 8.186399e-01
PCG: 3 : 2.223006e-04 / 1.123709e+00
PCG: 0 : 2.223006e-04
PCG: 1 : 1.471216e-04 / 6.618140e-01
PCG: 2 : 1.448676e-04 / 6.516744e-01
PCG: 3 : 1.599423e-04 / 7.194869e-01
PCG: 0 : 1.599423e-04
PCG: 1 : 1.333367e-04 / 8.336546e-01
PCG: 2 : 1.301540e-04 / 8.137555e-01
PCG: 3 : 1.794667e-04 / 1.122071e+00
PCG: 0 : 1.794667e-04
PCG: 1 : 1.181522e-04 / 6.583515e-01
PCG: 2 : 1.164016e-04 / 6.485974e-01
PCG: 3 : 1.291313e-04 / 7.195277e-01
PCG: 0 : 1.291313e-04
PCG: 1 : 1.071022e-04 / 8.294054e-01
PCG: 2 : 1.046984e-04 / 8.107904e-01
PCG: 3 : 1.447373e-04 / 1.120854e+00
PCG: 0 : 1.447373e-04
PCG: 1 : 9.499323e-05 / 6.563148e-01
PCG: 2 : 9.362004e-05 / 6.468274e-01
PCG: 3 : 1.041358e-04 / 7.194813e-01
PCG: 0 : 1.041358e-04
PCG: 1 : 8.612806e-05 / 8.270746e-01
PCG: 2 : 8.427425e-05 / 8.092728e-01
PCG: 3 : 1.166366e-04 / 1.120043e+00
PCG: 0 : 1.166366e-04
PCG: 1 : 7.644101e-05 / 6.553776e-01
PCG: 2 : 7.534643e-05 / 6.459931e-01
PCG: 3 : 8.391045e-05 / 7.194180e-01
PCG: 0 : 8.391045e-05
PCG: 1 : 6.931899e-05 / 8.261068e-01
PCG: 2 : 6.786197e-05 / 8.087428e-01
PCG: 3 : 9.394125e-05 / 1.119542e+00
PCG: 0 : 9.394125e-05
PCG: 1 : 6.155072e-05 / 6.552044e-01
PCG: 2 : 6.066538e-05 / 6.457800e-01
PCG: 3 : 6.757770e-05 / 7.193613e-01
PCG: 0 : 6.757769e-05
PCG: 1 : 5.582214e-05 / 8.260440e-01
PCG: 2 : 5.466047e-05 / 8.088537e-01
PCG: 3 : 7.563599e-05 / 1.119245e+00
PCG: 0 : 7.563598e-05
PCG: 1 : 4.958240e-05 / 6.555399e-01
PCG: 2 : 4.885841e-05 / 6.459678e-01
PCG: 3 : 5.440625e-05 / 7.193171e-01
PCG: 0 : 5.440625e-05
PCG: 1 : 4.497064e-05 / 8.265713e-01
PCG: 2 : 4.403515e-05 / 8.093767e-01
PCG: 3 : 6.088467e-05 / 1.119075e+00
PCG: 0 : 6.088467e-05
PCG: 1 : 3.995336e-05 / 6.562138e-01
PCG: 2 : 3.935675e-05 / 6.464147e-01
PCG: 3 : 4.379338e-05 / 7.192841e-01
PCG: 0 : 4.379338e-05
PCG: 1 : 3.623856e-05 / 8.274894e-01
PCG: 2 : 3.548006e-05 / 8.101695e-01
PCG: 3 : 4.900402e-05 / 1.118982e+00
PCG: 0 : 4.900402e-05
PCG: 1 : 3.220155e-05 / 6.571206e-01
PCG: 2 : 3.170724e-05 / 6.470336e-01
PCG: 3 : 3.524666e-05 / 7.192606e-01
PCG: 0 : 3.524666e-05
PCG: 1 : 2.920811e-05 / 8.286774e-01
PCG: 2 : 2.859020e-05 / 8.111464e-01
PCG: 3 : 3.943876e-05 / 1.118936e+00
PCG: 0 : 3.943876e-05
PCG: 1 : 2.595838e-05 / 6.581945e-01
PCG: 2 : 2.554726e-05 / 6.477703e-01
PCG: 3 : 2.836612e-05 / 7.192447e-01
PCG: 0 : 2.836612e-05
PCG: 1 : 2.354562e-05 / 8.300612e-01
PCG: 2 : 2.304048e-05 / 8.122534e-01
PCG: 3 : 3.173942e-05 / 1.118920e+00
PCG: 0 : 3.173942e-05
PCG: 1 : 2.092882e-05 / 6.593951e-01
PCG: 2 : 2.058592e-05 / 6.485915e-01
PCG: 3 : 2.282814e-05 / 7.192361e-01
PCG: 0 : 2.282814e-05
PCG: 1 : 1.898373e-05 / 8.315935e-01
PCG: 2 : 1.856965e-05 / 8.134546e-01
PCG: 3 : 2.554292e-05 / 1.118923e+00
PCG: 0 : 2.554291e-05
PCG: 1 : 1.687607e-05 / 6.606948e-01
PCG: 2 : 1.658945e-05 / 6.494737e-01
PCG: 3 : 1.837134e-05 / 7.192343e-01
PCG: 0 : 1.837134e-05
PCG: 1 : 1.530777e-05 / 8.332421e-01
PCG: 2 : 1.496760e-05 / 8.147255e-01
PCG: 3 : 2.055644e-05 / 1.118941e+00
PCG: 0 : 2.055644e-05
PCG: 1 : 1.360985e-05 / 6.620722e-01
PCG: 2 : 1.336987e-05 / 6.503984e-01
PCG: 3 : 1.478499e-05 / 7.192387e-01
PCG: 0 : 1.478499e-05
PCG: 1 : 1.234520e-05 / 8.349823e-01
PCG: 2 : 1.206522e-05 / 8.160453e-01
PCG: 3 : 1.654399e-05 / 1.118972e+00
PCG: 0 : 1.654399e-05
PCG: 1 : 1.097709e-05 / 6.635095e-01
PCG: 2 : 1.077594e-05 / 6.513508e-01
PCG: 3 : 1.189926e-05 / 7.192500e-01
PCG: 0 : 1.189926e-05
PCG: 1 : 9.957194e-06 / 8.367909e-01
PCG: 2 : 9.726394e-06 / 8.173946e-01
PCG: 3 : 1.331544e-05 / 1.119014e+00
PCG: 0 : 1.331544e-05
PCG: 1 : 8.854639e-06 / 6.649902e-01
PCG: 2 : 8.685884e-06 / 6.523166e-01
PCG: 3 : 9.577384e-06 / 7.192689e-01
PCG: 0 : 9.577385e-06
PCG: 1 : 8.032037e-06 / 8.386462e-01
PCG: 2 : 7.841541e-06 / 8.187560e-01
PCG: 3 : 1.071774e-05 / 1.119068e+00
PCG: 0 : 1.071774e-05
PCG: 1 : 7.143334e-06 / 6.664961e-01
PCG: 2 : 7.001704e-06 / 6.532815e-01
PCG: 3 : 7.709215e-06 / 7.192945e-01
PCG: 0 : 7.709214e-06
PCG: 1 : 6.479794e-06 / 8.405259e-01
PCG: 2 : 6.322405e-06 / 8.201103e-01
PCG: 3 : 8.627640e-06 / 1.119134e+00
PCG: 0 : 8.627639e-06
PCG: 1 : 5.763336e-06 / 6.680085e-01
PCG: 2 : 5.644469e-06 / 6.542310e-01
PCG: 3 : 6.206095e-06 / 7.193272e-01
PCG: 0 : 6.206095e-06
PCG: 1 : 5.228052e-06 / 8.424060e-01
PCG: 2 : 5.097926e-06 / 8.214385e-01
PCG: 3 : 6.945923e-06 / 1.119210e+00
PCG: 0 : 6.945923e-06
PCG: 1 : 4.650355e-06 / 6.695086e-01
PCG: 2 : 4.550631e-06 / 6.551513e-01
PCG: 3 : 4.996672e-06 / 7.193675e-01
PCG: 0 : 4.996672e-06
PCG: 1 : 4.218503e-06 / 8.442626e-01
PCG: 2 : 4.110871e-06 / 8.227218e-01
PCG: 3 : 5.592760e-06 / 1.119297e+00
PCG: 0 : 5.592760e-06
PCG: 1 : 3.752610e-06 / 6.709765e-01
PCG: 2 : 3.669005e-06 / 6.560277e-01
PCG: 3 : 4.023511e-06 / 7.194142e-01
PCG: 0 : 4.023510e-06
PCG: 1 : 3.404174e-06 / 8.460706e-01
PCG: 2 : 3.315139e-06 / 8.239419e-01
PCG: 3 : 4.503900e-06 / 1.119396e+00
PCG: 0 : 4.503900e-06
PCG: 1 : 3.028389e-06 / 6.723927e-01
PCG: 2 : 2.958372e-06 / 6.568468e-01
PCG: 3 : 3.240406e-06 / 7.194667e-01
PCG: 0 : 3.240406e-06
PCG: 1 : 2.747236e-06 / 8.478059e-01
PCG: 2 : 2.673597e-06 / 8.250809e-01
PCG: 3 : 3.627646e-06 / 1.119503e+00

PCG ( VCycle ( S: Scale / C: Scale )  )

Complete solver TOE: 0.821824
0.192488 GFlop/s [0.192488 GFlops/s]

Total time: 0.821824s
Accumulated op time: 0.421544

Reductions: 28.642%
Blas-1: 12.808%
Blas-2: 9.84371%
Precon Kernels: 0%
MPI Execution: 0%
MPI Wait: 0%
Not covered: 48.7063%

Domain size: 0.403931 MByte
LA size: 1.19083 MByte
MPI size: 0.0405579 MByte

H0-Error: 1.121161e-04
H1-Error: 3.227246e-02

Writing DATA to output.data...
Run-Time: 0:00.899 [0:00.899]
0xb33849f8 Error: MemoryPool<CUDA> still contains memory chunks on deconstructor call
