NUM-PROCS: 1
Preparing domain...
LVL-MIN: 1 [1]
LVL-MAX: 2 [2]
Creating gates...
Assembling system matrices...
Assembling system filters...
Assembling transfer matrices...
Converting assembled linear system from SparseMatrixCSR, Mem:main to SparseMatrixCSR, Mem:mainand to SparseMatrixCSR, Mem:main...
PCG: 0 : 2.089359e+00
PCG: 1 : 4.061820e-01 / 1.944051e-01
PCG: 2 : 2.397079e-03 / 1.147280e-03
PCG: 0 : 2.547192e+00
PCG: 1 : 5.944579e-01 / 2.333777e-01
PCG: 2 : 2.425324e-03 / 9.521561e-04
PCG: 0 : 2.425568e-03
PCG: 1 : 9.400558e-06 / 3.875610e-03
PCG: 2 : 1.002918e-06 / 4.134774e-04
PCG: 0 : 1.002891e-06
PCG: 1 : 2.342595e-07 / 2.335842e-01
PCG: 2 : 9.370968e-10 / 9.343951e-04

PCG ( VCycle ( S: Scale / C: Scale )  )

Complete solver TOE: 0.000451
0.0481486 GFlop/s [0.0481486 GFlops/s]

Total time: 0.000451s
Accumulated op time: 7.1e-05

Reductions: 3.54767%
Blas-1: 5.09978%
Blas-2: 7.09534%
Precon Kernels: 0%
MPI Execution: 0%
MPI Wait: 0%
Not covered: 84.2572%

Domain size: 0.00247192 MByte
LA size: 0.006073 MByte
MPI size: 0.000274658 MByte

H0-Error: 2.702817e-02
H1-Error: 5.041381e-01

Writing DATA to output.data...
Run-Time: 0:00.014 [0:00.014]
0xb33b49f8 Error: MemoryPool<CPU> still contains memory chunks on deconstructor call
