NUM-PROCS: 1
Preparing domain...
LVL-MIN: 6 [6]
LVL-MAX: 10 [10]
Creating gates...
Assembling system matrices...
Assembling system filters...
Assembling transfer matrices...
Converting assembled linear system from SparseMatrixCSR, Mem:main to SparseMatrixELL, Mem:cudaand to SparseMatrixELL, Mem:cuda...
PCG:  0 : 9.473711e-03
PCG:  1 : 8.278747e-02 / 8.738652e+00
PCG:  2 : 8.474121e-02 / 8.944880e+00
PCG:  3 : 1.927502e-01 / 2.034580e+01
PCG:  4 : 2.336363e-01 / 2.466154e+01
PCG:  5 : 1.561379e-01 / 1.648118e+01
PCG:  6 : 1.647634e-01 / 1.739164e+01
PCG:  7 : 1.532123e-01 / 1.617236e+01
PCG:  8 : 1.763701e-01 / 1.861679e+01
PCG:  9 : 2.031486e-01 / 2.144340e+01
PCG: 10 : 1.283499e-01 / 1.354800e+01
PCG: 11 : 9.879246e-02 / 1.042806e+01
PCG: 12 : 9.599490e-02 / 1.013277e+01
PCG: 13 : 1.149585e-01 / 1.213448e+01
PCG: 14 : 1.199025e-01 / 1.265634e+01
PCG: 15 : 8.079219e-02 / 8.528040e+00
PCG: 16 : 6.607379e-02 / 6.974436e+00
PCG: 17 : 6.131528e-02 / 6.472150e+00
PCG:  0 : 6.138238e-02
PCG:  1 : 4.817199e-02 / 7.847853e-01
PCG:  2 : 3.473231e-02 / 5.658352e-01
PCG:  3 : 3.198266e-02 / 5.210397e-01
PCG:  4 : 2.425373e-02 / 3.951253e-01
PCG:  5 : 2.615332e-02 / 4.260721e-01
PCG:  6 : 2.324444e-02 / 3.786826e-01
PCG:  7 : 1.462144e-02 / 2.382025e-01
PCG:  8 : 1.217053e-02 / 1.982740e-01
PCG:  9 : 1.123371e-02 / 1.830120e-01
PCG: 10 : 9.503639e-03 / 1.548268e-01
PCG: 11 : 6.633813e-03 / 1.080736e-01
PCG: 12 : 5.026323e-03 / 8.188543e-02
PCG: 13 : 6.107448e-03 / 9.949838e-02
PCG: 14 : 5.842994e-03 / 9.519008e-02
PCG: 15 : 6.289307e-03 / 1.024611e-01
PCG: 16 : 6.785714e-03 / 1.105482e-01
PCG: 17 : 5.090417e-03 / 8.292961e-02
PCG:  0 : 5.090419e-03
PCG:  1 : 3.119867e-03 / 6.128899e-01
PCG:  2 : 2.600419e-03 / 5.108458e-01
PCG:  3 : 2.162651e-03 / 4.248474e-01
PCG:  4 : 1.663731e-03 / 3.268358e-01
PCG:  5 : 1.207292e-03 / 2.371694e-01
PCG:  6 : 1.631861e-03 / 3.205751e-01
PCG:  7 : 2.017427e-03 / 3.963185e-01
PCG:  8 : 2.577762e-03 / 5.063949e-01
PCG:  9 : 2.722823e-03 / 5.348916e-01
PCG: 10 : 2.573587e-03 / 5.055746e-01
PCG: 11 : 2.678214e-03 / 5.261284e-01
PCG: 12 : 2.551969e-03 / 5.013278e-01
PCG: 13 : 1.589344e-03 / 3.122226e-01
PCG: 14 : 1.678197e-03 / 3.296775e-01
PCG: 15 : 1.980321e-03 / 3.890291e-01
PCG: 16 : 1.923831e-03 / 3.779317e-01
PCG: 17 : 1.592181e-03 / 3.127800e-01
PCG:  0 : 1.592182e-03
PCG:  1 : 1.521426e-03 / 9.555608e-01
PCG:  2 : 1.133762e-03 / 7.120806e-01
PCG:  3 : 8.406137e-04 / 5.279635e-01
PCG:  4 : 6.818582e-04 / 4.282540e-01
PCG:  5 : 9.086138e-04 / 5.706722e-01
PCG:  6 : 8.782162e-04 / 5.515804e-01
PCG:  7 : 7.256205e-04 / 4.557398e-01
PCG:  8 : 6.792977e-04 / 4.266458e-01
PCG:  9 : 5.852341e-04 / 3.675674e-01
PCG: 10 : 5.017672e-04 / 3.151444e-01
PCG: 11 : 4.185093e-04 / 2.628527e-01
PCG: 12 : 3.284268e-04 / 2.062747e-01
PCG: 13 : 3.441960e-04 / 2.161789e-01
PCG: 14 : 3.546709e-04 / 2.227578e-01
PCG: 15 : 3.823828e-04 / 2.401628e-01
PCG: 16 : 3.596623e-04 / 2.258928e-01
PCG: 17 : 3.016936e-04 / 1.894844e-01
PCG:  0 : 3.016935e-04
PCG:  1 : 2.490896e-04 / 8.256379e-01
PCG:  2 : 2.341138e-04 / 7.759988e-01
PCG:  3 : 2.248607e-04 / 7.453281e-01
PCG:  4 : 1.884510e-04 / 6.246438e-01
PCG:  5 : 1.689837e-04 / 5.601171e-01
PCG:  6 : 2.459296e-04 / 8.151637e-01
PCG:  7 : 3.366049e-04 / 1.115718e+00
PCG:  8 : 3.437285e-04 / 1.139330e+00
PCG:  9 : 2.865604e-04 / 9.498395e-01
PCG: 10 : 2.777204e-04 / 9.205381e-01
PCG: 11 : 3.107846e-04 / 1.030133e+00
PCG: 12 : 2.410542e-04 / 7.990035e-01
PCG: 13 : 1.310323e-04 / 4.343224e-01
PCG: 14 : 1.898804e-04 / 6.293817e-01
PCG: 15 : 2.250273e-04 / 7.458804e-01
PCG: 16 : 2.117341e-04 / 7.018185e-01
PCG: 17 : 1.899177e-04 / 6.295054e-01
PCG:  0 : 1.899177e-04
PCG:  1 : 1.773094e-04 / 9.336116e-01
PCG:  2 : 1.416196e-04 / 7.456892e-01
PCG:  3 : 1.019243e-04 / 5.366763e-01
PCG:  4 : 6.807002e-05 / 3.584184e-01
PCG:  5 : 1.068665e-04 / 5.626987e-01
PCG:  6 : 1.172203e-04 / 6.172162e-01
PCG:  7 : 1.004967e-04 / 5.291594e-01
PCG:  8 : 9.088845e-05 / 4.785675e-01
PCG:  9 : 8.277073e-05 / 4.358242e-01
PCG: 10 : 7.279526e-05 / 3.832989e-01
PCG: 11 : 5.508786e-05 / 2.900617e-01
PCG: 12 : 3.764620e-05 / 1.982237e-01
PCG: 13 : 3.855786e-05 / 2.030240e-01
PCG: 14 : 4.280925e-05 / 2.254095e-01
PCG: 15 : 4.293898e-05 / 2.260925e-01
PCG: 16 : 3.964430e-05 / 2.087446e-01
PCG: 17 : 3.792122e-05 / 1.996718e-01
PCG:  0 : 3.792120e-05
PCG:  1 : 3.575262e-05 / 9.428137e-01
PCG:  2 : 3.376520e-05 / 8.904045e-01
PCG:  3 : 3.005019e-05 / 7.924379e-01
PCG:  4 : 2.724246e-05 / 7.183967e-01
PCG:  5 : 2.787585e-05 / 7.350994e-01
PCG:  6 : 3.695407e-05 / 9.744965e-01
PCG:  7 : 4.275872e-05 / 1.127568e+00
PCG:  8 : 4.499505e-05 / 1.186541e+00
PCG:  9 : 4.812648e-05 / 1.269118e+00
PCG: 10 : 4.503898e-05 / 1.187699e+00
PCG: 11 : 3.777548e-05 / 9.961575e-01
PCG: 12 : 2.885355e-05 / 7.608820e-01
PCG: 13 : 2.383403e-05 / 6.285148e-01
PCG: 14 : 3.269532e-05 / 8.621913e-01
PCG: 15 : 2.713165e-05 / 7.154745e-01
PCG: 16 : 2.637643e-05 / 6.955591e-01
PCG: 17 : 2.749844e-05 / 7.251468e-01
PCG:  0 : 2.749844e-05
PCG:  1 : 2.415553e-05 / 8.784328e-01
PCG:  2 : 1.742253e-05 / 6.335825e-01
PCG:  3 : 1.543093e-05 / 5.611566e-01
PCG:  4 : 1.153258e-05 / 4.193904e-01
PCG:  5 : 1.482601e-05 / 5.391583e-01
PCG:  6 : 1.534038e-05 / 5.578636e-01
PCG:  7 : 1.473520e-05 / 5.358557e-01
PCG:  8 : 1.453135e-05 / 5.284426e-01
PCG:  9 : 1.201583e-05 / 4.369639e-01
PCG: 10 : 9.433767e-06 / 3.430655e-01
PCG: 11 : 7.715799e-06 / 2.805904e-01
PCG: 12 : 6.602387e-06 / 2.401004e-01
PCG: 13 : 6.500059e-06 / 2.363792e-01
PCG: 14 : 5.815810e-06 / 2.114960e-01
PCG: 15 : 5.748760e-06 / 2.090577e-01
PCG: 16 : 5.761551e-06 / 2.095228e-01
PCG: 17 : 5.357509e-06 / 1.948295e-01
PCG:  0 : 5.357505e-06
PCG:  1 : 5.345473e-06 / 9.977543e-01
PCG:  2 : 4.397114e-06 / 8.207393e-01
PCG:  3 : 4.054549e-06 / 7.567981e-01
PCG:  4 : 4.474581e-06 / 8.351988e-01
PCG:  5 : 4.398717e-06 / 8.210383e-01
PCG:  6 : 4.850530e-06 / 9.053712e-01
PCG:  7 : 5.552549e-06 / 1.036406e+00
PCG:  8 : 6.541139e-06 / 1.220930e+00
PCG:  9 : 6.893932e-06 / 1.286780e+00
PCG: 10 : 5.870178e-06 / 1.095693e+00
PCG: 11 : 5.266858e-06 / 9.830804e-01
PCG: 12 : 4.488391e-06 / 8.377765e-01
PCG: 13 : 3.288153e-06 / 6.137471e-01
PCG: 14 : 4.092773e-06 / 7.639328e-01
PCG: 15 : 3.831641e-06 / 7.151913e-01
PCG: 16 : 3.900107e-06 / 7.279707e-01
PCG: 17 : 3.599005e-06 / 6.717688e-01
PCG:  0 : 3.599005e-06
PCG:  1 : 3.371542e-06 / 9.367985e-01
PCG:  2 : 2.526091e-06 / 7.018859e-01
PCG:  3 : 2.186667e-06 / 6.075755e-01
PCG:  4 : 1.599653e-06 / 4.444708e-01
PCG:  5 : 2.017746e-06 / 5.606401e-01
PCG:  6 : 2.087471e-06 / 5.800134e-01
PCG:  7 : 2.017712e-06 / 5.606305e-01
PCG:  8 : 2.004208e-06 / 5.568783e-01
PCG:  9 : 1.635142e-06 / 4.543316e-01
PCG: 10 : 1.262870e-06 / 3.508943e-01
PCG: 11 : 1.072862e-06 / 2.980996e-01
PCG: 12 : 9.570956e-07 / 2.659334e-01
PCG: 13 : 9.248294e-07 / 2.569681e-01
PCG: 14 : 7.766579e-07 / 2.157980e-01
PCG: 15 : 7.682007e-07 / 2.134481e-01
PCG: 16 : 8.329542e-07 / 2.314402e-01
PCG: 17 : 7.637767e-07 / 2.122189e-01
PCG:  0 : 7.637772e-07
PCG:  1 : 7.454016e-07 / 9.759411e-01
PCG:  2 : 5.935908e-07 / 7.771779e-01
PCG:  3 : 5.591185e-07 / 7.320440e-01
PCG:  4 : 6.293031e-07 / 8.239354e-01
PCG:  5 : 6.163054e-07 / 8.069177e-01
PCG:  6 : 6.585239e-07 / 8.621937e-01
PCG:  7 : 7.370556e-07 / 9.650139e-01
PCG:  8 : 8.710160e-07 / 1.140406e+00
PCG:  9 : 9.378516e-07 / 1.227913e+00
PCG: 10 : 8.078788e-07 / 1.057741e+00
PCG: 11 : 7.317745e-07 / 9.580995e-01
PCG: 12 : 6.360127e-07 / 8.327202e-01
PCG: 13 : 4.676192e-07 / 6.122455e-01
PCG: 14 : 5.661608e-07 / 7.412643e-01
PCG: 15 : 5.211568e-07 / 6.823413e-01
PCG: 16 : 5.491439e-07 / 7.189844e-01
PCG: 17 : 5.192518e-07 / 6.798472e-01
PCG:  0 : 5.192520e-07
PCG:  1 : 4.666776e-07 / 8.987498e-01
PCG:  2 : 3.483246e-07 / 6.708201e-01
PCG:  3 : 3.103396e-07 / 5.976667e-01
PCG:  4 : 2.311092e-07 / 4.450810e-01
PCG:  5 : 2.852814e-07 / 5.494084e-01
PCG:  6 : 2.853081e-07 / 5.494599e-01
PCG:  7 : 2.704151e-07 / 5.207782e-01
PCG:  8 : 2.693057e-07 / 5.186417e-01
PCG:  9 : 2.238031e-07 / 4.310105e-01
PCG: 10 : 1.759972e-07 / 3.389438e-01
PCG: 11 : 1.524589e-07 / 2.936125e-01
PCG: 12 : 1.369371e-07 / 2.637200e-01
PCG: 13 : 1.309311e-07 / 2.521533e-01
PCG: 14 : 1.070784e-07 / 2.062166e-01
PCG: 15 : 1.063329e-07 / 2.047809e-01
PCG: 16 : 1.227172e-07 / 2.363346e-01
PCG: 17 : 1.136461e-07 / 2.188650e-01
PCG:  0 : 1.136461e-07
PCG:  1 : 1.063409e-07 / 9.357204e-01
PCG:  2 : 8.180952e-08 / 7.198624e-01
PCG:  3 : 7.819436e-08 / 6.880516e-01
PCG:  4 : 9.040085e-08 / 7.954596e-01
PCG:  5 : 8.850798e-08 / 7.788038e-01
PCG:  6 : 9.187840e-08 / 8.084610e-01
PCG:  7 : 1.001272e-07 / 8.810444e-01
PCG:  8 : 1.168147e-07 / 1.027881e+00
PCG:  9 : 1.266580e-07 / 1.114495e+00
PCG: 10 : 1.118584e-07 / 9.842697e-01
PCG: 11 : 1.045241e-07 / 9.197335e-01
PCG: 12 : 9.341643e-08 / 8.219945e-01
PCG: 13 : 6.858232e-08 / 6.034729e-01
PCG: 14 : 8.006644e-08 / 7.045246e-01
PCG: 15 : 7.217533e-08 / 6.350887e-01
PCG: 16 : 7.889867e-08 / 6.942491e-01
PCG: 17 : 7.916233e-08 / 6.965690e-01
PCG:  0 : 7.916232e-08
PCG:  1 : 6.623961e-08 / 8.367569e-01
PCG:  2 : 4.846262e-08 / 6.121930e-01
PCG:  3 : 4.464836e-08 / 5.640103e-01
PCG:  4 : 3.426290e-08 / 4.328183e-01
PCG:  5 : 4.181368e-08 / 5.282019e-01
PCG:  6 : 4.028290e-08 / 5.088646e-01
PCG:  7 : 3.693426e-08 / 4.665637e-01
PCG:  8 : 3.634260e-08 / 4.590896e-01
PCG:  9 : 3.064188e-08 / 3.870766e-01
PCG: 10 : 2.480067e-08 / 3.132888e-01
PCG: 11 : 2.206364e-08 / 2.787140e-01
PCG: 12 : 2.009324e-08 / 2.538233e-01
PCG: 13 : 1.908011e-08 / 2.410251e-01
PCG: 14 : 1.534939e-08 / 1.938977e-01
PCG: 15 : 1.526141e-08 / 1.927862e-01
PCG: 16 : 1.827325e-08 / 2.308327e-01
PCG: 17 : 1.733489e-08 / 2.189791e-01
PCG:  0 : 1.733489e-08
PCG:  1 : 1.573546e-08 / 9.077330e-01
PCG:  2 : 1.176683e-08 / 6.787945e-01
PCG:  3 : 1.128347e-08 / 6.509107e-01
PCG:  4 : 1.323123e-08 / 7.632712e-01
PCG:  5 : 1.294392e-08 / 7.466971e-01
PCG:  6 : 1.315541e-08 / 7.588975e-01
PCG:  7 : 1.399323e-08 / 8.072289e-01
PCG:  8 : 1.609194e-08 / 9.282976e-01
PCG:  9 : 1.755171e-08 / 1.012508e+00
PCG: 10 : 1.588429e-08 / 9.163187e-01
PCG: 11 : 1.523737e-08 / 8.790001e-01
PCG: 12 : 1.391086e-08 / 8.024775e-01
PCG: 13 : 1.025103e-08 / 5.913522e-01
PCG: 14 : 1.176805e-08 / 6.788647e-01
PCG: 15 : 1.051046e-08 / 6.063182e-01
PCG: 16 : 1.173583e-08 / 6.770061e-01
PCG: 17 : 1.214118e-08 / 7.003894e-01
PCG:  0 : 1.214118e-08
PCG:  1 : 9.798256e-09 / 8.070268e-01
PCG:  2 : 7.061544e-09 / 5.816193e-01
PCG:  3 : 6.576689e-09 / 5.416845e-01
PCG:  4 : 5.088162e-09 / 4.190830e-01
PCG:  5 : 6.133779e-09 / 5.052046e-01
PCG:  6 : 5.775146e-09 / 4.756660e-01
PCG:  7 : 5.181299e-09 / 4.267541e-01
PCG:  8 : 5.028441e-09 / 4.141642e-01
PCG:  9 : 4.252406e-09 / 3.502465e-01
PCG: 10 : 3.504378e-09 / 2.886358e-01
PCG: 11 : 3.181634e-09 / 2.620531e-01
PCG: 12 : 2.950037e-09 / 2.429778e-01
PCG: 13 : 2.813442e-09 / 2.317272e-01
PCG: 14 : 2.249868e-09 / 1.853089e-01
PCG: 15 : 2.234784e-09 / 1.840665e-01
PCG: 16 : 2.737744e-09 / 2.254925e-01
PCG: 17 : 2.655679e-09 / 2.187332e-01
PCG:  0 : 2.655679e-09
PCG:  1 : 2.373247e-09 / 8.936498e-01
PCG:  2 : 1.746098e-09 / 6.574957e-01
PCG:  3 : 1.671973e-09 / 6.295838e-01
PCG:  4 : 1.962180e-09 / 7.388619e-01
PCG:  5 : 1.905696e-09 / 7.175928e-01
PCG:  6 : 1.905396e-09 / 7.174797e-01
PCG:  7 : 1.995861e-09 / 7.515446e-01
PCG:  8 : 2.275977e-09 / 8.570226e-01
PCG:  9 : 2.496225e-09 / 9.399570e-01
PCG: 10 : 2.298030e-09 / 8.653268e-01
PCG: 11 : 2.240471e-09 / 8.436526e-01
PCG: 12 : 2.075586e-09 / 7.815650e-01
PCG: 13 : 1.541676e-09 / 5.805205e-01
PCG: 14 : 1.764722e-09 / 6.645085e-01
PCG: 15 : 1.573810e-09 / 5.926205e-01
PCG: 16 : 1.779832e-09 / 6.701983e-01
PCG: 17 : 1.866419e-09 / 7.028029e-01

PCG ( VCycle ( S: Scale / C: Scale )  )

Complete solver TOE: 31.6226
0.0147749 GFlop/s [0.0147749 GFlops/s]

Total time: 31.6226s
Accumulated op time: 25.7152

Reductions: 77.8986%
Blas-1: 1.93306%
Blas-2: 1.48744%
Precon Kernels: 0%
MPI Execution: 0%
MPI Wait: 0%
Not covered: 18.6809%

Domain size: 106.835 MByte
LA size: 355.578 MByte
MPI size: 10.6866 MByte

H0-Error: 4.298924e-07
H1-Error: 2.017209e-03

Writing DATA to output.data...
Run-Time: 0:43.204 [0:43.204]
0xb33069f8 Error: MemoryPool<CUDA> still contains memory chunks on deconstructor call
