NUM-PROCS: 1
Preparing domain...
LVL-MIN: 4 [4]
LVL-MAX: 7 [7]
Creating gates...
Assembling system matrices...
Assembling system filters...
Assembling transfer matrices...
Converting assembled linear system from SparseMatrixCSR, Mem:main to SparseMatrixELL, Mem:cudaand to SparseMatrixELL, Mem:cuda...
PCG: 0 : 7.572471e-02
PCG: 1 : 1.425167e-01 / 1.882037e+00
PCG: 2 : 1.519178e-01 / 2.006185e+00
PCG: 3 : 2.774420e-01 / 3.663823e+00
PCG: 4 : 1.659770e-01 / 2.191847e+00
PCG: 5 : 4.541478e-02 / 5.997353e-01
PCG: 6 : 2.374844e-02 / 3.136154e-01
PCG: 7 : 7.070755e-03 / 9.337447e-02
PCG: 8 : 1.626911e-03 / 2.148455e-02
PCG: 0 : 4.458424e-03
PCG: 1 : 9.132057e-04 / 2.048270e-01
PCG: 2 : 1.474286e-03 / 3.306743e-01
PCG: 3 : 3.378826e-04 / 7.578520e-02
PCG: 4 : 5.312043e-04 / 1.191462e-01
PCG: 5 : 4.752219e-04 / 1.065897e-01
PCG: 6 : 4.995980e-04 / 1.120571e-01
PCG: 7 : 3.699540e-04 / 8.297865e-02
PCG: 8 : 1.578698e-04 / 3.540934e-02
PCG: 0 : 1.578699e-04
PCG: 1 : 1.106321e-04 / 7.007805e-01
PCG: 2 : 7.073914e-05 / 4.480851e-01
PCG: 3 : 3.159789e-05 / 2.001515e-01
PCG: 4 : 2.182476e-05 / 1.382453e-01
PCG: 5 : 1.208051e-05 / 7.652195e-02
PCG: 6 : 2.303263e-05 / 1.458963e-01
PCG: 7 : 1.463058e-05 / 9.267493e-02
PCG: 8 : 1.200792e-05 / 7.606215e-02
PCG: 0 : 1.200791e-05
PCG: 1 : 6.899283e-06 / 5.745615e-01
PCG: 2 : 6.573026e-06 / 5.473914e-01
PCG: 3 : 2.460149e-06 / 2.048774e-01
PCG: 4 : 2.563562e-06 / 2.134895e-01
PCG: 5 : 2.553379e-06 / 2.126414e-01
PCG: 6 : 3.023137e-06 / 2.517622e-01
PCG: 7 : 1.769124e-06 / 1.473299e-01
PCG: 8 : 1.180843e-06 / 9.833873e-02
PCG: 0 : 1.180843e-06
PCG: 1 : 6.439989e-07 / 5.453723e-01
PCG: 2 : 4.551451e-07 / 3.854409e-01
PCG: 3 : 2.088877e-07 / 1.768971e-01
PCG: 4 : 1.208577e-07 / 1.023487e-01
PCG: 5 : 8.729727e-08 / 7.392793e-02
PCG: 6 : 1.543010e-07 / 1.306703e-01
PCG: 7 : 9.273741e-08 / 7.853493e-02
PCG: 8 : 8.978966e-08 / 7.603862e-02

PCG ( VCycle ( S: Scale / C: Scale )  )

Complete solver TOE: 0.514195
0.186403 GFlop/s [0.186403 GFlops/s]

Total time: 0.514195s
Accumulated op time: 0.068158

Reductions: 5.81297%
Blas-1: 3.95959%
Blas-2: 3.48273%
Precon Kernels: 0%
MPI Execution: 0%
MPI Wait: 0%
Not covered: 86.7447%

Domain size: 1.69336 MByte
LA size: 5.5876 MByte
MPI size: 0.169739 MByte

H0-Error: 2.743945e-05
H1-Error: 1.613732e-02

Writing DATA to output.data...
Run-Time: 0:00.723 [0:00.723]
0xb33bf9f8 Error: MemoryPool<CUDA> still contains memory chunks on deconstructor call
