NUM-PROCS: 1
Preparing domain...
LVL-MIN: 4 [4]
LVL-MAX: 10 [10]
Creating gates...
Assembling system matrices...
Assembling system filters...
Assembling transfer matrices...
Converting assembled linear system from SparseMatrixCSR, Mem:main to SparseMatrixCSR, Mem:mainand to SparseMatrixCSR, Mem:main...
PCG:  0 : 9.466280e-03
PCG:  1 : 1.917819e-02 / 2.025947e+00
PCG:  2 : 2.708376e-02 / 2.861077e+00
PCG:  3 : 6.636087e-02 / 7.010237e+00
PCG:  4 : 8.043257e-02 / 8.496745e+00
PCG:  5 : 4.807047e-02 / 5.078074e+00
PCG:  6 : 2.369675e-02 / 2.503280e+00
PCG:  7 : 3.969319e-03 / 4.193113e-01
PCG:  8 : 1.082502e-03 / 1.143535e-01
PCG:  9 : 1.050543e-03 / 1.109774e-01
PCG: 10 : 5.079269e-04 / 5.365644e-02
PCG: 11 : 4.903019e-04 / 5.179457e-02
PCG: 12 : 5.563101e-04 / 5.876755e-02
PCG:  0 : 6.042727e-04
PCG:  1 : 3.549922e-04 / 5.874702e-01
PCG:  2 : 5.022509e-04 / 8.311660e-01
PCG:  3 : 5.807678e-04 / 9.611022e-01
PCG:  4 : 4.514332e-04 / 7.470686e-01
PCG:  5 : 7.912769e-05 / 1.309470e-01
PCG:  6 : 8.628196e-05 / 1.427865e-01
PCG:  7 : 3.628856e-05 / 6.005329e-02
PCG:  8 : 1.431029e-05 / 2.368184e-02
PCG:  9 : 8.478430e-06 / 1.403080e-02
PCG: 10 : 4.103273e-06 / 6.790433e-03
PCG: 11 : 1.232336e-06 / 2.039371e-03
PCG: 12 : 4.247929e-07 / 7.029821e-04
PCG:  0 : 4.387843e-07
PCG:  1 : 8.879737e-07 / 2.023714e+00
PCG:  2 : 4.354735e-07 / 9.924546e-01
PCG:  3 : 3.343365e-07 / 7.619611e-01
PCG:  4 : 1.858834e-07 / 4.236327e-01
PCG:  5 : 1.929112e-07 / 4.396493e-01
PCG:  6 : 2.343591e-07 / 5.341101e-01
PCG:  7 : 1.570225e-07 / 3.578580e-01
PCG:  8 : 4.405503e-08 / 1.004025e-01
PCG:  9 : 4.747568e-08 / 1.081982e-01
PCG: 10 : 2.297206e-08 / 5.235389e-02
PCG: 11 : 9.783752e-09 / 2.229741e-02
PCG: 12 : 5.818779e-09 / 1.326114e-02

PCG ( VCycle ( S: Scale / C: Scale )  )

Complete solver TOE: 2.38051
2.29705 GFlop/s [2.29705 GFlops/s]

Total time: 2.38051s
Accumulated op time: 2.3021

Reductions: 6.54002%
Blas-1: 6.82109%
Blas-2: 83.3447%
Precon Kernels: 0%
MPI Execution: 0%
MPI Wait: 0%
Not covered: 3.2942%

Domain size: 192.423 MByte
LA size: 483.361 MByte
MPI size: 10.6972 MByte

H0-Error: 4.294340e-07
H1-Error: 2.017209e-03

Writing DATA to output.data...
Run-Time: 0:04.641 [0:04.641]
0x31d198e880 Error: MemoryPool<CPU> still contains memory chunks on deconstructor call
