NUM-PROCS: 1
Preparing domain...
LVL-MIN: 5 [5]
LVL-MAX: 7 [7]
Creating gates...
Assembling system matrices...
Assembling system filters...
Assembling transfer matrices...
Converting assembled linear system from SparseMatrixCSR, Mem:main to SparseMatrixELL, Mem:cudaand to SparseMatrixELL, Mem:cuda...
PCG: 0 : 7.572471e-02
PCG: 1 : 2.892992e-01 / 3.820407e+00
PCG: 2 : 2.174547e-01 / 2.871648e+00
PCG: 3 : 3.691247e-01 / 4.874560e+00
PCG: 4 : 3.153086e-01 / 4.163879e+00
PCG: 5 : 1.886789e-01 / 2.491642e+00
PCG: 6 : 2.114751e-01 / 2.792683e+00
PCG: 0 : 2.102941e-01
PCG: 1 : 1.525379e-01 / 7.253551e-01
PCG: 2 : 9.717450e-02 / 4.620886e-01
PCG: 3 : 6.176517e-02 / 2.937086e-01
PCG: 4 : 4.236455e-02 / 2.014539e-01
PCG: 5 : 5.685338e-02 / 2.703518e-01
PCG: 6 : 6.550594e-02 / 3.114969e-01
PCG: 0 : 6.550594e-02
PCG: 1 : 2.572808e-02 / 3.927596e-01
PCG: 2 : 1.650035e-02 / 2.518909e-01
PCG: 3 : 2.009325e-02 / 3.067394e-01
PCG: 4 : 1.878583e-02 / 2.867806e-01
PCG: 5 : 1.483350e-02 / 2.264451e-01
PCG: 6 : 2.471648e-02 / 3.773167e-01
PCG: 0 : 2.471648e-02
PCG: 1 : 1.223266e-02 / 4.949194e-01
PCG: 2 : 1.364948e-02 / 5.522422e-01
PCG: 3 : 1.325828e-02 / 5.364147e-01
PCG: 4 : 9.696462e-03 / 3.923076e-01
PCG: 5 : 1.230300e-02 / 4.977649e-01
PCG: 6 : 2.443445e-02 / 9.885896e-01
PCG: 0 : 2.443445e-02
PCG: 1 : 1.021437e-02 / 4.180312e-01
PCG: 2 : 6.914253e-03 / 2.829714e-01
PCG: 3 : 8.147574e-03 / 3.334461e-01
PCG: 4 : 7.363670e-03 / 3.013642e-01
PCG: 5 : 5.808515e-03 / 2.377182e-01
PCG: 6 : 9.882426e-03 / 4.044463e-01
PCG: 0 : 9.882427e-03
PCG: 1 : 5.071172e-03 / 5.131505e-01
PCG: 2 : 5.733601e-03 / 5.801815e-01
PCG: 3 : 5.565031e-03 / 5.631239e-01
PCG: 4 : 4.027977e-03 / 4.075898e-01
PCG: 5 : 5.147038e-03 / 5.208273e-01
PCG: 6 : 1.003889e-02 / 1.015833e+00
PCG: 0 : 1.003889e-02
PCG: 1 : 4.280158e-03 / 4.263575e-01
PCG: 2 : 2.881265e-03 / 2.870102e-01
PCG: 3 : 3.361915e-03 / 3.348890e-01
PCG: 4 : 3.040113e-03 / 3.028335e-01
PCG: 5 : 2.434216e-03 / 2.424785e-01
PCG: 6 : 4.042604e-03 / 4.026941e-01
PCG: 0 : 4.042603e-03
PCG: 1 : 2.124764e-03 / 5.255929e-01
PCG: 2 : 2.388429e-03 / 5.908147e-01
PCG: 3 : 2.301560e-03 / 5.693263e-01
PCG: 4 : 1.679255e-03 / 4.153894e-01
PCG: 5 : 2.163300e-03 / 5.351256e-01
PCG: 6 : 4.116225e-03 / 1.018211e+00
PCG: 0 : 4.116225e-03
PCG: 1 : 1.793943e-03 / 4.358223e-01
PCG: 2 : 1.206257e-03 / 2.930493e-01
PCG: 3 : 1.389391e-03 / 3.375401e-01
PCG: 4 : 1.262895e-03 / 3.068091e-01
PCG: 5 : 1.026193e-03 / 2.493044e-01
PCG: 6 : 1.650008e-03 / 4.008546e-01
PCG: 0 : 1.650008e-03
PCG: 1 : 8.934686e-04 / 5.414936e-01
PCG: 2 : 1.000856e-03 / 6.065765e-01
PCG: 3 : 9.482177e-04 / 5.746747e-01
PCG: 4 : 7.011520e-04 / 4.249386e-01
PCG: 5 : 9.151193e-04 / 5.546151e-01
PCG: 6 : 1.676664e-03 / 1.016155e+00
PCG: 0 : 1.676664e-03
PCG: 1 : 7.563473e-04 / 4.511025e-01
PCG: 2 : 5.092236e-04 / 3.037124e-01
PCG: 3 : 5.703200e-04 / 3.401516e-01
PCG: 4 : 5.267280e-04 / 3.141524e-01
PCG: 5 : 4.380557e-04 / 2.612662e-01
PCG: 6 : 6.663281e-04 / 3.974130e-01
PCG: 0 : 6.663280e-04
PCG: 1 : 3.792957e-04 / 5.692328e-01
PCG: 2 : 4.241257e-04 / 6.365119e-01
PCG: 3 : 3.869431e-04 / 5.807096e-01
PCG: 4 : 2.948426e-04 / 4.424886e-01
PCG: 5 : 3.916622e-04 / 5.877919e-01
PCG: 6 : 6.738869e-04 / 1.011344e+00
PCG: 0 : 6.738869e-04
PCG: 1 : 3.227384e-04 / 4.789208e-01
PCG: 2 : 2.180430e-04 / 3.235603e-01
PCG: 3 : 2.314426e-04 / 3.434443e-01
PCG: 4 : 2.221496e-04 / 3.296542e-01
PCG: 5 : 1.901028e-04 / 2.820990e-01
PCG: 6 : 2.650700e-04 / 3.933449e-01
PCG: 0 : 2.650699e-04
PCG: 1 : 1.637263e-04 / 6.176719e-01
PCG: 2 : 1.820960e-04 / 6.869735e-01
PCG: 3 : 1.561696e-04 / 5.891639e-01
PCG: 4 : 1.261451e-04 / 4.758935e-01
PCG: 5 : 1.691655e-04 / 6.381919e-01
PCG: 6 : 2.679382e-04 / 1.010821e+00
PCG: 0 : 2.679382e-04
PCG: 1 : 1.399368e-04 / 5.222729e-01
PCG: 2 : 9.430110e-05 / 3.519510e-01
PCG: 3 : 9.339127e-05 / 3.485553e-01
PCG: 4 : 9.558587e-05 / 3.567460e-01
PCG: 5 : 8.289344e-05 / 3.093753e-01
PCG: 6 : 1.052493e-04 / 3.928120e-01
PCG: 0 : 1.052493e-04
PCG: 1 : 7.182205e-05 / 6.823991e-01
PCG: 2 : 7.836631e-05 / 7.445777e-01
PCG: 3 : 6.329441e-05 / 6.013759e-01
PCG: 4 : 5.503991e-05 / 5.229478e-01
PCG: 5 : 7.288023e-05 / 6.924530e-01
PCG: 6 : 1.074319e-04 / 1.020737e+00
PCG: 0 : 1.074319e-04
PCG: 1 : 6.125400e-05 / 5.701657e-01
PCG: 2 : 4.063607e-05 / 3.782495e-01
PCG: 3 : 3.835208e-05 / 3.569896e-01
PCG: 4 : 4.157250e-05 / 3.869660e-01
PCG: 5 : 3.581059e-05 / 3.333328e-01
PCG: 6 : 4.275200e-05 / 3.979450e-01
PCG: 0 : 4.275200e-05
PCG: 1 : 3.163006e-05 / 7.398499e-01
PCG: 2 : 3.338097e-05 / 7.808049e-01
PCG: 3 : 2.637675e-05 / 6.169713e-01
PCG: 4 : 2.405619e-05 / 5.626917e-01
PCG: 5 : 3.142207e-05 / 7.349848e-01
PCG: 6 : 4.384308e-05 / 1.025521e+00
PCG: 0 : 4.384308e-05
PCG: 1 : 2.685715e-05 / 6.125746e-01
PCG: 2 : 1.743805e-05 / 3.977378e-01
PCG: 3 : 1.627795e-05 / 3.712775e-01
PCG: 4 : 1.783891e-05 / 4.068809e-01
PCG: 5 : 1.549217e-05 / 3.533549e-01
PCG: 6 : 1.784158e-05 / 4.069417e-01
PCG: 0 : 1.784157e-05
PCG: 1 : 1.393613e-05 / 7.811044e-01
PCG: 2 : 1.405721e-05 / 7.878907e-01
PCG: 3 : 1.130435e-05 / 6.335958e-01
PCG: 4 : 1.048067e-05 / 5.874296e-01
PCG: 5 : 1.374033e-05 / 7.701299e-01
PCG: 6 : 1.790999e-05 / 1.003834e+00
PCG: 0 : 1.790999e-05
PCG: 1 : 1.183637e-05 / 6.608809e-01
PCG: 2 : 7.553416e-06 / 4.217433e-01
PCG: 3 : 7.050813e-06 / 3.936805e-01
PCG: 4 : 7.529285e-06 / 4.203959e-01
PCG: 5 : 6.782827e-06 / 3.787176e-01
PCG: 6 : 7.577119e-06 / 4.230667e-01
PCG: 0 : 7.577118e-06
PCG: 1 : 6.164514e-06 / 8.135697e-01
PCG: 2 : 5.881685e-06 / 7.762430e-01
PCG: 3 : 4.898593e-06 / 6.464981e-01
PCG: 4 : 4.595080e-06 / 6.064417e-01
PCG: 5 : 6.066035e-06 / 8.005728e-01
PCG: 6 : 7.301445e-06 / 9.636177e-01
PCG: 0 : 7.301445e-06
PCG: 1 : 5.230841e-06 / 7.164117e-01
PCG: 2 : 3.305598e-06 / 4.527320e-01
PCG: 3 : 3.053830e-06 / 4.182501e-01
PCG: 4 : 3.160021e-06 / 4.327939e-01
PCG: 5 : 2.991627e-06 / 4.097308e-01
PCG: 6 : 3.243229e-06 / 4.441900e-01
PCG: 0 : 3.243229e-06
PCG: 1 : 2.714950e-06 / 8.371133e-01
PCG: 2 : 2.473905e-06 / 7.627908e-01
PCG: 3 : 2.125776e-06 / 6.554504e-01
PCG: 4 : 2.000101e-06 / 6.167006e-01
PCG: 5 : 2.666173e-06 / 8.220736e-01
PCG: 6 : 3.044094e-06 / 9.385998e-01
PCG: 0 : 3.044094e-06
PCG: 1 : 2.294741e-06 / 7.538337e-01
PCG: 2 : 1.436980e-06 / 4.720549e-01
PCG: 3 : 1.322129e-06 / 4.343261e-01
PCG: 4 : 1.335803e-06 / 4.388177e-01
PCG: 5 : 1.313829e-06 / 4.315993e-01
PCG: 6 : 1.392837e-06 / 4.575540e-01
PCG: 0 : 1.392837e-06
PCG: 1 : 1.185690e-06 / 8.512768e-01
PCG: 2 : 1.053563e-06 / 7.564145e-01
PCG: 3 : 9.251803e-07 / 6.642414e-01
PCG: 4 : 8.614785e-07 / 6.185061e-01
PCG: 5 : 1.164172e-06 / 8.358278e-01
PCG: 6 : 1.299066e-06 / 9.326757e-01
PCG: 0 : 1.299066e-06
PCG: 1 : 1.000519e-06 / 7.701839e-01
PCG: 2 : 6.192174e-07 / 4.766636e-01
PCG: 3 : 5.755605e-07 / 4.430573e-01
PCG: 4 : 5.709215e-07 / 4.394863e-01
PCG: 5 : 5.731303e-07 / 4.411865e-01
PCG: 6 : 5.996474e-07 / 4.615989e-01
PCG: 0 : 5.996473e-07
PCG: 1 : 5.159742e-07 / 8.604629e-01
PCG: 2 : 4.519325e-07 / 7.536638e-01
PCG: 3 : 4.038650e-07 / 6.735042e-01
PCG: 4 : 3.703237e-07 / 6.175693e-01
PCG: 5 : 5.069354e-07 / 8.453892e-01
PCG: 6 : 5.593724e-07 / 9.328358e-01
PCG: 0 : 5.593724e-07
PCG: 1 : 4.354970e-07 / 7.785457e-01
PCG: 2 : 2.661741e-07 / 4.758442e-01
PCG: 3 : 2.512431e-07 / 4.491517e-01
PCG: 4 : 2.453496e-07 / 4.386159e-01
PCG: 5 : 2.494408e-07 / 4.459297e-01
PCG: 6 : 2.584517e-07 / 4.620387e-01
PCG: 0 : 2.584517e-07
PCG: 1 : 2.244055e-07 / 8.682685e-01
PCG: 2 : 1.944123e-07 / 7.522189e-01
PCG: 3 : 1.764434e-07 / 6.826937e-01
PCG: 4 : 1.592995e-07 / 6.163609e-01
PCG: 5 : 2.206590e-07 / 8.537728e-01
PCG: 6 : 2.414581e-07 / 9.342484e-01
PCG: 0 : 2.414581e-07
PCG: 1 : 1.895395e-07 / 7.849789e-01
PCG: 2 : 1.144531e-07 / 4.740082e-01
PCG: 3 : 1.097256e-07 / 4.544293e-01
PCG: 4 : 1.056679e-07 / 4.376243e-01
PCG: 5 : 1.085409e-07 / 4.495229e-01
PCG: 6 : 1.114641e-07 / 4.616291e-01
PCG: 0 : 1.114641e-07
PCG: 1 : 9.761208e-08 / 8.757268e-01
PCG: 2 : 8.375388e-08 / 7.513980e-01
PCG: 3 : 7.707520e-08 / 6.914802e-01
PCG: 4 : 6.859838e-08 / 6.154304e-01
PCG: 5 : 9.606703e-08 / 8.618653e-01
PCG: 6 : 1.043125e-07 / 9.358393e-01
PCG: 0 : 1.043125e-07
PCG: 1 : 8.250459e-08 / 7.909370e-01
PCG: 2 : 4.926331e-08 / 4.722667e-01
PCG: 3 : 4.790937e-08 / 4.592871e-01
PCG: 4 : 4.556567e-08 / 4.368190e-01
PCG: 5 : 4.723975e-08 / 4.528677e-01
PCG: 6 : 4.809878e-08 / 4.611029e-01
PCG: 0 : 4.809878e-08
PCG: 1 : 4.246682e-08 / 8.829083e-01
PCG: 2 : 3.612089e-08 / 7.509730e-01
PCG: 3 : 3.365394e-08 / 6.996837e-01
PCG: 4 : 2.957243e-08 / 6.148270e-01
PCG: 5 : 4.183118e-08 / 8.696932e-01
PCG: 6 : 4.508650e-08 / 9.373729e-01
PCG: 0 : 4.508650e-08
PCG: 1 : 3.591580e-08 / 7.965976e-01
PCG: 2 : 2.122756e-08 / 4.708185e-01
PCG: 3 : 2.090924e-08 / 4.637584e-01
PCG: 4 : 1.966805e-08 / 4.362293e-01
PCG: 5 : 2.056306e-08 / 4.560803e-01
PCG: 6 : 2.076810e-08 / 4.606279e-01
PCG: 0 : 2.076810e-08
PCG: 1 : 1.847660e-08 / 8.896626e-01
PCG: 2 : 1.559312e-08 / 7.508207e-01
PCG: 3 : 1.468669e-08 / 7.071755e-01
PCG: 4 : 1.276190e-08 / 6.144953e-01
PCG: 5 : 1.821542e-08 / 8.770865e-01
PCG: 6 : 1.949708e-08 / 9.387993e-01

PCG ( VCycle ( S: Scale / C: Scale )  )

Complete solver TOE: 0.960717
0.526989 GFlop/s [0.526989 GFlops/s]

Total time: 0.960717s
Accumulated op time: 0.335732

Reductions: 17.2086%
Blas-1: 9.33563%
Blas-2: 8.40175%
Precon Kernels: 0%
MPI Execution: 0%
MPI Wait: 0%
Not covered: 65.054%

Domain size: 1.67157 MByte
LA size: 5.40018 MByte
MPI size: 0.167526 MByte

H0-Error: 2.747039e-05
H1-Error: 1.613732e-02

Writing DATA to output.data...
Run-Time: 0:01.164 [0:01.164]
0xb33d29f8 Error: MemoryPool<CUDA> still contains memory chunks on deconstructor call
