NUM-PROCS: 1
Preparing domain...
LVL-MIN: 4 [4]
LVL-MAX: 9 [9]
Creating gates...
Assembling system matrices...
Assembling system filters...
Assembling transfer matrices...
Converting assembled linear system from SparseMatrixCSR, Mem:main to SparseMatrixELL, Mem:cudaand to SparseMatrixELL, Mem:cuda...
PCG: 0 : 1.894534e-02
PCG: 1 : 3.774795e-02 / 1.992466e+00
PCG: 2 : 4.953643e-02 / 2.614703e+00
PCG: 3 : 1.147339e-01 / 6.056050e+00
PCG: 4 : 1.196938e-01 / 6.317850e+00
PCG: 5 : 5.469363e-02 / 2.886918e+00
PCG: 6 : 2.265511e-02 / 1.195814e+00
PCG: 7 : 4.092026e-03 / 2.159912e-01
PCG: 0 : 4.132524e-03
PCG: 1 : 1.840908e-03 / 4.454683e-01
PCG: 2 : 9.634866e-04 / 2.331473e-01
PCG: 3 : 3.023475e-04 / 7.316292e-02
PCG: 4 : 5.473177e-05 / 1.324415e-02
PCG: 5 : 3.411757e-05 / 8.255869e-03
PCG: 6 : 5.469627e-05 / 1.323556e-02
PCG: 7 : 7.502586e-05 / 1.815497e-02
PCG: 0 : 7.502586e-05
PCG: 1 : 3.563496e-05 / 4.749691e-01
PCG: 2 : 2.105531e-05 / 2.806407e-01
PCG: 3 : 1.564014e-05 / 2.084634e-01
PCG: 4 : 1.595625e-05 / 2.126767e-01
PCG: 5 : 1.011648e-05 / 1.348399e-01
PCG: 6 : 1.687404e-05 / 2.249097e-01
PCG: 7 : 4.472980e-06 / 5.961917e-02
PCG: 0 : 4.472982e-06
PCG: 1 : 2.057408e-06 / 4.599634e-01
PCG: 2 : 1.000457e-06 / 2.236668e-01
PCG: 3 : 2.516804e-07 / 5.626680e-02
PCG: 4 : 1.181237e-07 / 2.640827e-02
PCG: 5 : 1.441179e-07 / 3.221965e-02
PCG: 6 : 1.148709e-07 / 2.568106e-02
PCG: 7 : 1.783130e-07 / 3.986446e-02
PCG: 0 : 1.783130e-07
PCG: 1 : 8.704439e-08 / 4.881551e-01
PCG: 2 : 7.310871e-08 / 4.100022e-01
PCG: 3 : 3.618565e-08 / 2.029333e-01
PCG: 4 : 2.799440e-08 / 1.569959e-01
PCG: 5 : 4.421048e-08 / 2.479375e-01
PCG: 6 : 3.161126e-08 / 1.772797e-01
PCG: 7 : 1.442816e-08 / 8.091481e-02
PCG: 0 : 1.442817e-08
PCG: 1 : 9.530811e-09 / 6.605696e-01
PCG: 2 : 3.617788e-09 / 2.507447e-01
PCG: 3 : 1.709147e-09 / 1.184590e-01
PCG: 4 : 1.127172e-09 / 7.812301e-02
PCG: 5 : 9.925896e-10 / 6.879525e-02
PCG: 6 : 9.901443e-10 / 6.862577e-02
PCG: 7 : 1.095527e-09 / 7.592972e-02

PCG ( VCycle ( S: Scale / C: Scale )  )

Complete solver TOE: 3.05911
0.532161 GFlop/s [0.532161 GFlops/s]

Total time: 3.05911s
Accumulated op time: 0.696175

Reductions: 14.5081%
Blas-1: 4.5508%
Blas-2: 3.6985%
Precon Kernels: 0%
MPI Execution: 0%
MPI Wait: 0%
Not covered: 77.2426%

Domain size: 26.799 MByte
LA size: 89.2379 MByte
MPI size: 2.68149 MByte

H0-Error: 1.716693e-06
H1-Error: 4.034414e-03

Writing DATA to output.data...
Run-Time: 0:05.999 [0:05.999]
0xb331f9f8 Error: MemoryPool<CUDA> still contains memory chunks on deconstructor call
