NUM-PROCS: 1
Preparing domain...
LVL-MIN: 5 [5]
LVL-MAX: 10 [10]
Creating gates...
Assembling system matrices...
Assembling system filters...
Assembling transfer matrices...
Converting assembled linear system from SparseMatrixCSR, Mem:main to SparseMatrixCSR, Mem:mainand to SparseMatrixCSR, Mem:main...
PCG:  0 : 9.473041e-03
PCG:  1 : 4.063083e-02 / 4.289102e+00
PCG:  2 : 4.513056e-02 / 4.764105e+00
PCG:  3 : 1.234024e-01 / 1.302669e+01
PCG:  4 : 2.104577e-01 / 2.221649e+01
PCG:  5 : 1.789906e-01 / 1.889474e+01
PCG:  6 : 1.623307e-01 / 1.713607e+01
PCG:  7 : 9.671058e-02 / 1.020903e+01
PCG:  8 : 7.071462e-02 / 7.464828e+00
PCG:  9 : 7.186624e-02 / 7.586397e+00
PCG: 10 : 4.877474e-02 / 5.148794e+00
PCG: 11 : 2.546264e-02 / 2.687906e+00
PCG: 12 : 1.066932e-02 / 1.126282e+00
PCG: 13 : 5.589183e-03 / 5.900094e-01
PCG: 14 : 2.880264e-03 / 3.040485e-01
PCG: 15 : 1.303135e-03 / 1.375625e-01
PCG: 16 : 1.546990e-03 / 1.633044e-01
PCG: 17 : 7.071445e-04 / 7.464810e-02
PCG:  0 : 7.260588e-04
PCG:  1 : 2.553662e-04 / 3.517155e-01
PCG:  2 : 2.576588e-04 / 3.548731e-01
PCG:  3 : 2.917354e-04 / 4.018069e-01
PCG:  4 : 1.349487e-04 / 1.858647e-01
PCG:  5 : 2.188408e-04 / 3.014092e-01
PCG:  6 : 2.888217e-04 / 3.977938e-01
PCG:  7 : 3.047923e-04 / 4.197901e-01
PCG:  8 : 2.753136e-04 / 3.791891e-01
PCG:  9 : 2.132869e-04 / 2.937598e-01
PCG: 10 : 1.698558e-04 / 2.339422e-01
PCG: 11 : 1.342499e-04 / 1.849022e-01
PCG: 12 : 7.228093e-05 / 9.955245e-02
PCG: 13 : 3.644206e-05 / 5.019161e-02
PCG: 14 : 2.029926e-05 / 2.795814e-02
PCG: 15 : 9.360808e-06 / 1.289263e-02
PCG: 16 : 5.631036e-06 / 7.755620e-03
PCG: 17 : 4.281604e-06 / 5.897048e-03
PCG:  0 : 4.282392e-06
PCG:  1 : 3.224527e-06 / 7.529733e-01
PCG:  2 : 2.394917e-06 / 5.592476e-01
PCG:  3 : 1.641836e-06 / 3.833923e-01
PCG:  4 : 8.520590e-07 / 1.989680e-01
PCG:  5 : 6.350824e-07 / 1.483009e-01
PCG:  6 : 1.348406e-06 / 3.148722e-01
PCG:  7 : 6.889110e-07 / 1.608706e-01
PCG:  8 : 5.058286e-07 / 1.181182e-01
PCG:  9 : 2.441991e-07 / 5.702399e-02
PCG: 10 : 2.186619e-07 / 5.106070e-02
PCG: 11 : 2.012402e-07 / 4.699247e-02
PCG: 12 : 1.921243e-07 / 4.486378e-02
PCG: 13 : 1.380766e-07 / 3.224288e-02
PCG: 14 : 2.553435e-07 / 5.962638e-02
PCG: 15 : 1.374907e-07 / 3.210606e-02
PCG: 16 : 1.173353e-07 / 2.739947e-02
PCG: 17 : 9.686892e-08 / 2.262028e-02
PCG:  0 : 9.686949e-08
PCG:  1 : 4.367191e-08 / 4.508325e-01
PCG:  2 : 7.542118e-08 / 7.785854e-01
PCG:  3 : 9.964398e-08 / 1.028641e+00
PCG:  4 : 5.564410e-08 / 5.744233e-01
PCG:  5 : 4.411289e-08 / 4.553847e-01
PCG:  6 : 4.315663e-08 / 4.455131e-01
PCG:  7 : 4.376119e-08 / 4.517541e-01
PCG:  8 : 3.622629e-08 / 3.739700e-01
PCG:  9 : 3.443255e-08 / 3.554530e-01
PCG: 10 : 2.674317e-08 / 2.760742e-01
PCG: 11 : 2.439663e-08 / 2.518505e-01
PCG: 12 : 2.370846e-08 / 2.447464e-01
PCG: 13 : 1.873755e-08 / 1.934309e-01
PCG: 14 : 1.960120e-08 / 2.023464e-01
PCG: 15 : 1.375471e-08 / 1.419922e-01
PCG: 16 : 1.011205e-08 / 1.043884e-01
PCG: 17 : 1.090492e-08 / 1.125733e-01
PCG:  0 : 1.090494e-08
PCG:  1 : 6.473138e-09 / 5.935966e-01
PCG:  2 : 4.656404e-09 / 4.269994e-01
PCG:  3 : 4.471922e-09 / 4.100821e-01
PCG:  4 : 2.711762e-09 / 2.486727e-01
PCG:  5 : 2.869930e-09 / 2.631769e-01
PCG:  6 : 2.184981e-09 / 2.003661e-01
PCG:  7 : 1.838689e-09 / 1.686106e-01
PCG:  8 : 1.405545e-09 / 1.288907e-01
PCG:  9 : 1.204061e-09 / 1.104142e-01
PCG: 10 : 9.866349e-10 / 9.047592e-02
PCG: 11 : 9.424553e-10 / 8.642460e-02
PCG: 12 : 6.638727e-10 / 6.087815e-02
PCG: 13 : 6.478032e-10 / 5.940454e-02
PCG: 14 : 5.789777e-10 / 5.309314e-02
PCG: 15 : 5.031535e-10 / 4.613994e-02
PCG: 16 : 4.045261e-10 / 3.709567e-02
PCG: 17 : 6.610222e-10 / 6.061674e-02
PCG:  0 : 6.610228e-10
PCG:  1 : 2.481449e-10 / 3.753953e-01
PCG:  2 : 2.872761e-10 / 4.345934e-01
PCG:  3 : 2.708243e-10 / 4.097048e-01
PCG:  4 : 2.433060e-10 / 3.680750e-01
PCG:  5 : 2.505342e-10 / 3.790099e-01
PCG:  6 : 2.733525e-10 / 4.135296e-01
PCG:  7 : 2.314031e-10 / 3.500682e-01
PCG:  8 : 2.118603e-10 / 3.205038e-01
PCG:  9 : 1.915462e-10 / 2.897724e-01
PCG: 10 : 1.475054e-10 / 2.231472e-01
PCG: 11 : 1.455786e-10 / 2.202324e-01
PCG: 12 : 1.103999e-10 / 1.670138e-01
PCG: 13 : 9.406795e-11 / 1.423067e-01
PCG: 14 : 8.553951e-11 / 1.294048e-01
PCG: 15 : 5.521178e-11 / 8.352476e-02
PCG: 16 : 4.690464e-11 / 7.095768e-02
PCG: 17 : 8.164099e-11 / 1.235071e-01

PCG ( VCycle ( S: Scale / C: Scale )  )

Complete solver TOE: 38.899
0.0635698 GFlop/s [0.0635698 GFlops/s]

Total time: 38.899s
Accumulated op time: 38.0056

Reductions: 1.65338%
Blas-1: 5.20484%
Blas-2: 90.845%
Precon Kernels: 0%
MPI Execution: 0%
MPI Wait: 0%
Not covered: 2.29675%

Domain size: 106.918 MByte
LA size: 356.315 MByte
MPI size: 10.6949 MByte

H0-Error: 4.290970e-07
H1-Error: 2.017209e-03

Writing DATA to output.data...
Run-Time: 0:48.699 [0:48.699]
0xb336f9f8 Error: MemoryPool<CPU> still contains memory chunks on deconstructor call
