NUM-PROCS: 1
Preparing domain...
LVL-MIN: 5 [5]
LVL-MAX: 9 [9]
Creating gates...
Assembling system matrices...
Assembling system filters...
Assembling transfer matrices...
Converting assembled linear system from SparseMatrixCSR, Mem:main to SparseMatrixELL, Mem:cudaand to SparseMatrixELL, Mem:cuda...
PCG: 0 : 1.894534e-02
PCG: 1 : 7.936785e-02 / 4.189307e+00
PCG: 2 : 8.004833e-02 / 4.225225e+00
PCG: 3 : 1.997659e-01 / 1.054433e+01
PCG: 4 : 2.650327e-01 / 1.398934e+01
PCG: 5 : 1.697546e-01 / 8.960228e+00
PCG: 0 : 1.697635e-01
PCG: 1 : 1.740658e-01 / 1.025343e+00
PCG: 2 : 1.023154e-01 / 6.026934e-01
PCG: 3 : 4.063492e-02 / 2.393619e-01
PCG: 4 : 4.517518e-02 / 2.661065e-01
PCG: 5 : 5.776444e-02 / 3.402641e-01
PCG: 0 : 5.776444e-02
PCG: 1 : 3.807407e-02 / 6.591264e-01
PCG: 2 : 3.678101e-02 / 6.367413e-01
PCG: 3 : 2.926337e-02 / 5.065983e-01
PCG: 4 : 2.653126e-02 / 4.593008e-01
PCG: 5 : 3.826266e-02 / 6.623912e-01
PCG: 0 : 3.826267e-02
PCG: 1 : 2.693722e-02 / 7.040079e-01
PCG: 2 : 1.949256e-02 / 5.094408e-01
PCG: 3 : 1.231981e-02 / 3.219798e-01
PCG: 4 : 1.096841e-02 / 2.866610e-01
PCG: 5 : 2.336580e-02 / 6.106682e-01
PCG: 0 : 2.336579e-02
PCG: 1 : 1.520600e-02 / 6.507803e-01
PCG: 2 : 1.634018e-02 / 6.993204e-01
PCG: 3 : 1.412938e-02 / 6.047035e-01
PCG: 4 : 1.290341e-02 / 5.522348e-01
PCG: 5 : 1.831624e-02 / 7.838913e-01
PCG: 0 : 1.831624e-02
PCG: 1 : 1.321160e-02 / 7.213050e-01
PCG: 2 : 1.004587e-02 / 5.484676e-01
PCG: 3 : 6.596399e-03 / 3.601394e-01
PCG: 4 : 6.138896e-03 / 3.351614e-01
PCG: 5 : 1.257766e-02 / 6.866943e-01
PCG: 0 : 1.257766e-02
PCG: 1 : 8.357816e-03 / 6.644971e-01
PCG: 2 : 8.155341e-03 / 6.483991e-01
PCG: 3 : 6.988790e-03 / 5.556511e-01
PCG: 4 : 6.979187e-03 / 5.548877e-01
PCG: 5 : 9.671046e-03 / 7.689068e-01
PCG: 0 : 9.671046e-03
PCG: 1 : 6.916484e-03 / 7.151743e-01
PCG: 2 : 4.694090e-03 / 4.853756e-01
PCG: 3 : 3.334427e-03 / 3.447845e-01
PCG: 4 : 4.335880e-03 / 4.483362e-01
PCG: 5 : 8.030903e-03 / 8.304068e-01
PCG: 0 : 8.030903e-03
PCG: 1 : 5.169387e-03 / 6.436870e-01
PCG: 2 : 3.891763e-03 / 4.845984e-01
PCG: 3 : 3.359905e-03 / 4.183720e-01
PCG: 4 : 4.074301e-03 / 5.073279e-01
PCG: 5 : 5.125995e-03 / 6.382838e-01
PCG: 0 : 5.125994e-03
PCG: 1 : 3.546754e-03 / 6.919153e-01
PCG: 2 : 2.169165e-03 / 4.231696e-01
PCG: 3 : 2.147406e-03 / 4.189247e-01
PCG: 4 : 3.200867e-03 / 6.244382e-01
PCG: 5 : 4.579812e-03 / 8.934485e-01
PCG: 0 : 4.579812e-03
PCG: 1 : 2.920135e-03 / 6.376103e-01
PCG: 2 : 1.865742e-03 / 4.073840e-01
PCG: 3 : 1.636482e-03 / 3.573253e-01
PCG: 4 : 2.248663e-03 / 4.909947e-01
PCG: 5 : 2.542027e-03 / 5.550506e-01
PCG: 0 : 2.542027e-03
PCG: 1 : 1.809423e-03 / 7.118034e-01
PCG: 2 : 1.182683e-03 / 4.652520e-01
PCG: 3 : 1.332504e-03 / 5.241897e-01
PCG: 4 : 1.845827e-03 / 7.261240e-01
PCG: 5 : 2.382182e-03 / 9.371192e-01
PCG: 0 : 2.382183e-03
PCG: 1 : 1.557619e-03 / 6.538622e-01
PCG: 2 : 1.008132e-03 / 4.231966e-01
PCG: 3 : 8.477400e-04 / 3.558670e-01
PCG: 4 : 1.131895e-03 / 4.751503e-01
PCG: 5 : 1.292855e-03 / 5.427186e-01
PCG: 0 : 1.292855e-03
PCG: 1 : 9.475403e-04 / 7.329053e-01
PCG: 2 : 6.600149e-04 / 5.105096e-01
PCG: 3 : 7.493448e-04 / 5.796046e-01
PCG: 4 : 9.670812e-04 / 7.480199e-01
PCG: 5 : 1.242023e-03 / 9.606822e-01
PCG: 0 : 1.242023e-03
PCG: 1 : 8.260371e-04 / 6.650741e-01
PCG: 2 : 5.547709e-04 / 4.466673e-01
PCG: 3 : 4.567348e-04 / 3.677347e-01
PCG: 4 : 5.803060e-04 / 4.672266e-01
PCG: 5 : 6.783339e-04 / 5.461525e-01
PCG: 0 : 6.783339e-04
PCG: 1 : 5.040045e-04 / 7.430036e-01
PCG: 2 : 3.632585e-04 / 5.355157e-01
PCG: 3 : 4.098508e-04 / 6.042022e-01
PCG: 4 : 5.071081e-04 / 7.475789e-01
PCG: 5 : 6.594498e-04 / 9.721610e-01
PCG: 0 : 6.594498e-04
PCG: 1 : 4.402020e-04 / 6.675292e-01
PCG: 2 : 3.026764e-04 / 4.589833e-01
PCG: 3 : 2.474015e-04 / 3.751635e-01
PCG: 4 : 3.047415e-04 / 4.621148e-01
PCG: 5 : 3.634170e-04 / 5.510912e-01
PCG: 0 : 3.634170e-04
PCG: 1 : 2.702088e-04 / 7.435228e-01
PCG: 2 : 1.977228e-04 / 5.440658e-01
PCG: 3 : 2.221606e-04 / 6.113104e-01
PCG: 4 : 2.693299e-04 / 7.411043e-01
PCG: 5 : 3.551583e-04 / 9.772750e-01
PCG: 0 : 3.551583e-04
PCG: 1 : 2.356846e-04 / 6.636043e-01
PCG: 2 : 1.639265e-04 / 4.615590e-01
PCG: 3 : 1.338814e-04 / 3.769627e-01
PCG: 4 : 1.626084e-04 / 4.578478e-01
PCG: 5 : 1.970874e-04 / 5.549282e-01
PCG: 0 : 1.970874e-04
PCG: 1 : 1.454826e-04 / 7.381631e-01
PCG: 2 : 1.070158e-04 / 5.429865e-01
PCG: 3 : 1.200935e-04 / 6.093415e-01
PCG: 4 : 1.443903e-04 / 7.326209e-01
PCG: 5 : 1.929290e-04 / 9.789010e-01
PCG: 0 : 1.929290e-04
PCG: 1 : 1.266241e-04 / 6.563249e-01
PCG: 2 : 8.851874e-05 / 4.588150e-01
PCG: 3 : 7.239318e-05 / 3.752322e-01
PCG: 4 : 8.750051e-05 / 4.535373e-01
PCG: 5 : 1.075942e-04 / 5.576881e-01
PCG: 0 : 1.075942e-04
PCG: 1 : 7.853265e-05 / 7.298965e-01
PCG: 2 : 5.782082e-05 / 5.373970e-01
PCG: 3 : 6.490817e-05 / 6.032681e-01
PCG: 4 : 7.781121e-05 / 7.231913e-01
PCG: 5 : 1.053109e-04 / 9.787788e-01
PCG: 0 : 1.053109e-04
PCG: 1 : 6.821097e-05 / 6.477101e-01
PCG: 2 : 4.779847e-05 / 4.538794e-01
PCG: 3 : 3.914844e-05 / 3.717414e-01
PCG: 4 : 4.726832e-05 / 4.488453e-01
PCG: 5 : 5.894270e-05 / 5.597016e-01
PCG: 0 : 5.894271e-05
PCG: 1 : 4.247044e-05 / 7.205377e-01
PCG: 2 : 3.125213e-05 / 5.302119e-01
PCG: 3 : 3.511377e-05 / 5.957271e-01
PCG: 4 : 4.204895e-05 / 7.133868e-01
PCG: 5 : 5.763631e-05 / 9.778360e-01
PCG: 0 : 5.763631e-05
PCG: 1 : 3.682315e-05 / 6.388881e-01
PCG: 2 : 2.584661e-05 / 4.484432e-01
PCG: 3 : 2.118652e-05 / 3.675899e-01
PCG: 4 : 2.558194e-05 / 4.438512e-01
PCG: 5 : 3.234561e-05 / 5.612020e-01
PCG: 0 : 3.234561e-05
PCG: 1 : 2.300159e-05 / 7.111194e-01
PCG: 2 : 1.691518e-05 / 5.229513e-01
PCG: 3 : 1.902237e-05 / 5.880976e-01
PCG: 4 : 2.276123e-05 / 7.036884e-01
PCG: 5 : 3.158596e-05 / 9.765147e-01
PCG: 0 : 3.158596e-05
PCG: 1 : 1.991433e-05 / 6.304803e-01
PCG: 2 : 1.400445e-05 / 4.433757e-01
PCG: 3 : 1.147942e-05 / 3.634342e-01
PCG: 4 : 1.385983e-05 / 4.387970e-01
PCG: 5 : 1.776172e-05 / 5.623297e-01
PCG: 0 : 1.776173e-05
PCG: 1 : 1.247265e-05 / 7.022207e-01
PCG: 2 : 9.172089e-06 / 5.163963e-01
PCG: 3 : 1.032158e-05 / 5.811133e-01
PCG: 4 : 1.233552e-05 / 6.945000e-01
PCG: 5 : 1.731818e-05 / 9.750278e-01
PCG: 0 : 1.731818e-05
PCG: 1 : 1.078622e-05 / 6.228268e-01
PCG: 2 : 7.604483e-06 / 4.391041e-01
PCG: 3 : 6.228727e-06 / 3.596642e-01
PCG: 4 : 7.515181e-06 / 4.339476e-01
PCG: 5 : 9.753619e-06 / 5.632012e-01
PCG: 0 : 9.753619e-06
PCG: 1 : 6.770350e-06 / 6.941372e-01
PCG: 2 : 4.983149e-06 / 5.109026e-01
PCG: 3 : 5.609584e-06 / 5.751285e-01
PCG: 4 : 6.691899e-06 / 6.860940e-01
PCG: 5 : 9.494869e-06 / 9.734715e-01
PCG: 0 : 9.494869e-06
PCG: 1 : 5.849686e-06 / 6.160892e-01
PCG: 2 : 4.137891e-06 / 4.358028e-01
PCG: 3 : 3.384785e-06 / 3.564857e-01
PCG: 4 : 4.078096e-06 / 4.295052e-01
PCG: 5 : 5.354108e-06 / 5.638949e-01
PCG: 0 : 5.354108e-06
PCG: 1 : 3.678324e-06 / 6.870096e-01
PCG: 2 : 2.712357e-06 / 5.065936e-01
PCG: 3 : 3.053348e-06 / 5.702813e-01
PCG: 4 : 3.633568e-06 / 6.786504e-01
PCG: 5 : 5.203750e-06 / 9.719172e-01
PCG: 0 : 5.203750e-06
PCG: 1 : 3.175966e-06 / 6.103225e-01
PCG: 2 : 2.255786e-06 / 4.334925e-01
PCG: 3 : 1.841985e-06 / 3.539726e-01
PCG: 4 : 2.214732e-06 / 4.256032e-01
PCG: 5 : 2.937320e-06 / 5.644622e-01
PCG: 0 : 2.937320e-06
PCG: 1 : 1.999973e-06 / 6.808836e-01
PCG: 2 : 1.478775e-06 / 5.034437e-01
PCG: 3 : 1.664211e-06 / 5.665746e-01
PCG: 4 : 1.974671e-06 / 6.722696e-01
PCG: 5 : 2.850391e-06 / 9.704051e-01
PCG: 0 : 2.850391e-06
PCG: 1 : 1.725996e-06 / 6.055295e-01
PCG: 2 : 1.231690e-06 / 4.321127e-01
PCG: 3 : 1.003686e-06 / 3.521223e-01
PCG: 4 : 1.203768e-06 / 4.223170e-01
PCG: 5 : 1.610278e-06 / 5.649326e-01
PCG: 0 : 1.610278e-06
PCG: 1 : 1.088192e-06 / 6.757787e-01
PCG: 2 : 8.073390e-07 / 5.013661e-01
PCG: 3 : 9.080657e-07 / 5.639184e-01
PCG: 4 : 1.074034e-06 / 6.669863e-01
PCG: 5 : 1.560299e-06 / 9.689621e-01
PCG: 0 : 1.560299e-06
PCG: 1 : 9.388132e-07 / 6.016880e-01
PCG: 2 : 6.733602e-07 / 4.315585e-01
PCG: 3 : 5.474864e-07 / 3.508855e-01
PCG: 4 : 6.548408e-07 / 4.196893e-01
PCG: 5 : 8.820696e-07 / 5.653208e-01
PCG: 0 : 8.820696e-07
PCG: 1 : 5.924882e-07 / 6.717023e-01
PCG: 2 : 4.412508e-07 / 5.002449e-01
PCG: 3 : 4.959012e-07 / 5.622020e-01
PCG: 4 : 5.846669e-07 / 6.628353e-01
PCG: 5 : 8.534942e-07 / 9.676041e-01
PCG: 0 : 8.534942e-07
PCG: 1 : 5.110724e-07 / 5.988001e-01
PCG: 2 : 3.684730e-07 / 4.317230e-01
PCG: 3 : 2.988938e-07 / 3.502001e-01
PCG: 4 : 3.565478e-07 / 4.177507e-01
PCG: 5 : 4.827577e-07 / 5.656251e-01
PCG: 0 : 4.827577e-07
PCG: 1 : 3.228207e-07 / 6.687012e-01
PCG: 2 : 2.413698e-07 / 4.999813e-01
PCG: 3 : 2.709741e-07 / 5.613046e-01
PCG: 4 : 3.185513e-07 / 6.598576e-01
PCG: 5 : 4.664980e-07 / 9.663191e-01
PCG: 0 : 4.664980e-07
PCG: 1 : 2.784578e-07 / 5.969111e-01
PCG: 2 : 2.017690e-07 / 4.325184e-01
PCG: 3 : 1.632804e-07 / 3.500132e-01
PCG: 4 : 1.943190e-07 / 4.165483e-01
PCG: 5 : 2.639679e-07 / 5.658500e-01
PCG: 0 : 2.639679e-07
PCG: 1 : 1.760276e-07 / 6.668524e-01
PCG: 2 : 1.321154e-07 / 5.004981e-01
PCG: 3 : 1.481234e-07 / 5.611416e-01
PCG: 4 : 1.737296e-07 / 6.581466e-01
PCG: 5 : 2.547532e-07 / 9.650918e-01
PCG: 0 : 2.547532e-07
PCG: 1 : 1.518643e-07 / 5.961233e-01
PCG: 2 : 1.105345e-07 / 4.338884e-01
PCG: 3 : 8.923761e-08 / 3.502904e-01
PCG: 4 : 1.060161e-07 / 4.161519e-01
PCG: 5 : 1.441888e-07 / 5.659938e-01
PCG: 0 : 1.441888e-07
PCG: 1 : 9.607164e-08 / 6.662908e-01
PCG: 2 : 7.234689e-08 / 5.017512e-01
PCG: 3 : 8.098486e-08 / 5.616586e-01
PCG: 4 : 9.485252e-08 / 6.578357e-01
PCG: 5 : 1.389817e-07 / 9.638873e-01
PCG: 0 : 1.389817e-07
PCG: 1 : 8.291588e-08 / 5.965955e-01
PCG: 2 : 6.056932e-08 / 4.358078e-01
PCG: 3 : 4.878714e-08 / 3.510328e-01
PCG: 4 : 5.790918e-08 / 4.166676e-01
PCG: 5 : 7.867298e-08 / 5.660670e-01
PCG: 0 : 7.867298e-08
PCG: 1 : 5.249080e-08 / 6.672025e-01
PCG: 2 : 3.963057e-08 / 5.037380e-01
PCG: 3 : 4.428118e-08 / 5.628513e-01
PCG: 4 : 5.185408e-08 / 6.591091e-01
PCG: 5 : 7.573784e-08 / 9.626920e-01
PCG: 0 : 7.573784e-08
PCG: 1 : 4.533127e-08 / 5.985287e-01
PCG: 2 : 3.319400e-08 / 4.382749e-01
PCG: 3 : 2.667987e-08 / 3.522661e-01
PCG: 4 : 3.167478e-08 / 4.182161e-01
PCG: 5 : 4.287370e-08 / 5.660804e-01
PCG: 0 : 4.287370e-08
PCG: 1 : 2.871676e-08 / 6.697988e-01
PCG: 2 : 2.171444e-08 / 5.064744e-01
PCG: 3 : 2.421335e-08 / 5.647600e-01
PCG: 4 : 2.838913e-08 / 6.621572e-01
PCG: 5 : 4.122363e-08 / 9.615130e-01
PCG: 0 : 4.122363e-08
PCG: 1 : 2.482171e-08 / 6.021233e-01
PCG: 2 : 1.819179e-08 / 4.412953e-01
PCG: 3 : 1.459478e-08 / 3.540393e-01
PCG: 4 : 1.735122e-08 / 4.209049e-01
PCG: 5 : 2.333516e-08 / 5.660628e-01
PCG: 0 : 2.333516e-08
PCG: 1 : 1.573396e-08 / 6.742598e-01
PCG: 2 : 1.190011e-08 / 5.099649e-01
PCG: 3 : 1.324181e-08 / 5.674616e-01
PCG: 4 : 1.556725e-08 / 6.671155e-01
PCG: 5 : 2.241127e-08 / 9.604078e-01
PCG: 0 : 2.241127e-08
PCG: 1 : 1.361469e-08 / 6.074928e-01
PCG: 2 : 9.969577e-09 / 4.448466e-01
PCG: 3 : 7.987444e-09 / 3.564030e-01
PCG: 4 : 9.519746e-09 / 4.247749e-01
PCG: 5 : 1.268589e-08 / 5.660495e-01
PCG: 0 : 1.268589e-08
PCG: 1 : 8.634562e-09 / 6.806431e-01
PCG: 2 : 6.522788e-09 / 5.141767e-01
PCG: 3 : 7.244104e-09 / 5.710364e-01
PCG: 4 : 8.549835e-09 / 6.739642e-01
PCG: 5 : 1.217189e-08 / 9.594827e-01

PCG ( VCycle ( S: Scale / C: Scale )  )

Complete solver TOE: 0.460554
22.251 GFlop/s [22.251 GFlops/s]

Total time: 0.460554s
Accumulated op time: 0.313011

Reductions: 63.2071%
Blas-1: 2.42382%
Blas-2: 2.33306%
Precon Kernels: 0%
MPI Execution: 0%
MPI Wait: 0%
Not covered: 32.036%

Domain size: 48.1654 MByte
LA size: 120.741 MByte
MPI size: 2.67931 MByte

H0-Error: 1.722830e-06
H1-Error: 4.034414e-03

Writing DATA to output.data...
Run-Time: 0:01.169 [0:01.169]
0x31d198e880 Error: MemoryPool<CUDA> still contains memory chunks on deconstructor call
