NUM-PROCS: 1
Preparing domain...
LVL-MIN: 3 [3]
LVL-MAX: 10 [10]
Creating gates...
Assembling system matrices...
Assembling system filters...
Assembling transfer matrices...
Converting assembled linear system from SparseMatrixCSR, Mem:main to SparseMatrixELL, Mem:cudaand to SparseMatrixELL, Mem:cuda...
PCG:  0 : 9.473711e-03
PCG:  1 : 1.006421e-02 / 1.062330e+00
PCG:  2 : 1.259371e-02 / 1.329332e+00
PCG:  3 : 1.014107e-02 / 1.070444e+00
PCG:  4 : 2.933751e-03 / 3.096729e-01
PCG:  5 : 5.955103e-04 / 6.285924e-02
PCG:  6 : 8.480658e-05 / 8.951780e-03
PCG:  7 : 1.264178e-05 / 1.334406e-03
PCG:  8 : 3.061686e-06 / 3.231770e-04
PCG:  9 : 4.788749e-06 / 5.054777e-04
PCG: 10 : 1.740541e-06 / 1.837232e-04
PCG:  0 : 2.159202e-04
PCG:  1 : 4.037689e-04 / 1.869991e+00
PCG:  2 : 2.586118e-04 / 1.197719e+00
PCG:  3 : 5.591697e-05 / 2.589705e-01
PCG:  4 : 2.142649e-05 / 9.923338e-02
PCG:  5 : 3.368234e-06 / 1.559944e-02
PCG:  6 : 7.901426e-07 / 3.659420e-03
PCG:  7 : 4.418943e-07 / 2.046563e-03
PCG:  8 : 1.667759e-07 / 7.723958e-04
PCG:  9 : 3.816418e-08 / 1.767513e-04
PCG: 10 : 8.292655e-09 / 3.840611e-05
PCG:  0 : 6.679070e-08
PCG:  1 : 2.634551e-07 / 3.944487e+00
PCG:  2 : 7.717328e-08 / 1.155449e+00
PCG:  3 : 2.997074e-08 / 4.487262e-01
PCG:  4 : 7.660220e-09 / 1.146899e-01
PCG:  5 : 2.003734e-09 / 3.000020e-02
PCG:  6 : 8.541532e-10 / 1.278850e-02
PCG:  7 : 5.436946e-10 / 8.140273e-03
PCG:  8 : 1.034852e-10 / 1.549395e-03
PCG:  9 : 2.490743e-11 / 3.729175e-04
PCG: 10 : 1.088979e-11 / 1.630435e-04

PCG ( VCycle ( S: Scale / C: Scale )  )

Complete solver TOE: 7.38584
0.0389977 GFlop/s [0.0389977 GFlops/s]

Total time: 7.38584s
Accumulated op time: 2.66885

Reductions: 34.3412%
Blas-1: 0.931296%
Blas-2: 0.862217%
Precon Kernels: 0%
MPI Execution: 0%
MPI Wait: 0%
Not covered: 63.8653%

Domain size: 106.946 MByte
LA size: 356.551 MByte
MPI size: 10.6978 MByte

H0-Error: 4.291389e-07
H1-Error: 2.017209e-03

Writing DATA to output.data...
Run-Time: 0:19.044 [0:19.044]
0xb33749f8 Error: MemoryPool<CUDA> still contains memory chunks on deconstructor call
