NUM-PROCS: 1
Preparing domain...
LVL-MIN: 3 [3]
LVL-MAX: 7 [7]
Creating gates...
Assembling system matrices...
Assembling system filters...
Assembling transfer matrices...
Converting assembled linear system from SparseMatrixCSR, Mem:main to SparseMatrixELL, Mem:cudaand to SparseMatrixELL, Mem:cuda...
PCG: 0 : 7.572471e-02
PCG: 1 : 7.534429e-02 / 9.949764e-01
PCG: 2 : 7.357045e-02 / 9.715515e-01
PCG: 3 : 4.669937e-02 / 6.166993e-01
PCG: 0 : 4.653512e-02
PCG: 1 : 6.525693e-03 / 1.402316e-01
PCG: 2 : 1.531524e-03 / 3.291114e-02
PCG: 3 : 6.554331e-04 / 1.408470e-02
PCG: 0 : 6.554333e-04
PCG: 1 : 2.152549e-04 / 3.284162e-01
PCG: 2 : 1.488220e-04 / 2.270590e-01
PCG: 3 : 8.246439e-05 / 1.258166e-01
PCG: 0 : 8.246436e-05
PCG: 1 : 5.067755e-05 / 6.145388e-01
PCG: 2 : 3.254759e-05 / 3.946867e-01
PCG: 3 : 4.175471e-05 / 5.063365e-01
PCG: 0 : 4.175471e-05
PCG: 1 : 1.376943e-05 / 3.297695e-01
PCG: 2 : 7.427459e-06 / 1.778831e-01
PCG: 3 : 4.452035e-06 / 1.066235e-01
PCG: 0 : 4.452037e-06
PCG: 1 : 3.020675e-06 / 6.784927e-01
PCG: 2 : 2.408273e-06 / 5.409373e-01
PCG: 3 : 3.024892e-06 / 6.794400e-01
PCG: 0 : 3.024892e-06
PCG: 1 : 1.004268e-06 / 3.320013e-01
PCG: 2 : 5.444437e-07 / 1.799878e-01
PCG: 3 : 3.258663e-07 / 1.077282e-01
PCG: 0 : 3.258660e-07
PCG: 1 : 2.176883e-07 / 6.680301e-01
PCG: 2 : 1.749392e-07 / 5.368440e-01
PCG: 3 : 2.194466e-07 / 6.734259e-01

PCG ( VCycle ( S: Scale / C: Scale )  )

Complete solver TOE: 0.042471
1.46147 GFlop/s [1.46147 GFlops/s]

Total time: 0.042471s
Accumulated op time: 0.011476

Reductions: 22.3211%
Blas-1: 2.35219%
Blas-2: 2.34748%
Precon Kernels: 0%
MPI Execution: 0%
MPI Wait: 0%
Not covered: 72.9792%

Domain size: 3.05043 MByte
LA size: 7.64263 MByte
MPI size: 0.170403 MByte

H0-Error: 2.741881e-05
H1-Error: 1.613732e-02

Writing DATA to output.data...
Run-Time: 0:00.125 [0:00.125]
0x31d198e880 Error: MemoryPool<CUDA> still contains memory chunks on deconstructor call
