NUM-PROCS: 1
Preparing domain...
LVL-MIN: 5 [5]
LVL-MAX: 9 [9]
Creating gates...
Assembling system matrices...
Assembling system filters...
Assembling transfer matrices...
Converting assembled linear system from SparseMatrixCSR, Mem:main to SparseMatrixELL, Mem:cudaand to SparseMatrixELL, Mem:cuda...
PCG:  0 : 1.894534e-02
PCG:  1 : 7.936785e-02 / 4.189307e+00
PCG:  2 : 8.004848e-02 / 4.225234e+00
PCG:  3 : 1.997661e-01 / 1.054434e+01
PCG:  4 : 2.650330e-01 / 1.398935e+01
PCG:  5 : 1.697545e-01 / 8.960227e+00
PCG:  6 : 1.549430e-01 / 8.178421e+00
PCG:  7 : 1.151547e-01 / 6.078262e+00
PCG:  8 : 9.995869e-02 / 5.276163e+00
PCG:  9 : 8.459806e-02 / 4.465376e+00
PCG: 10 : 3.798962e-02 / 2.005222e+00
PCG:  0 : 3.785050e-02
PCG:  1 : 3.327290e-02 / 8.790612e-01
PCG:  2 : 2.159749e-02 / 5.705998e-01
PCG:  3 : 1.357325e-02 / 3.586017e-01
PCG:  4 : 7.802877e-03 / 2.061499e-01
PCG:  5 : 5.398885e-03 / 1.426371e-01
PCG:  6 : 5.044030e-03 / 1.332619e-01
PCG:  7 : 2.237661e-03 / 5.911841e-02
PCG:  8 : 1.352205e-03 / 3.572489e-02
PCG:  9 : 1.327548e-03 / 3.507346e-02
PCG: 10 : 2.011199e-03 / 5.313535e-02
PCG:  0 : 2.011199e-03
PCG:  1 : 8.887123e-04 / 4.418818e-01
PCG:  2 : 5.783904e-04 / 2.875848e-01
PCG:  3 : 5.275934e-04 / 2.623278e-01
PCG:  4 : 9.282549e-04 / 4.615430e-01
PCG:  5 : 1.251490e-03 / 6.222604e-01
PCG:  6 : 7.344015e-04 / 3.651560e-01
PCG:  7 : 6.644462e-04 / 3.303731e-01
PCG:  8 : 5.694232e-04 / 2.831262e-01
PCG:  9 : 4.479521e-04 / 2.227288e-01
PCG: 10 : 5.220706e-04 / 2.595817e-01
PCG:  0 : 5.220706e-04
PCG:  1 : 2.899176e-04 / 5.553227e-01
PCG:  2 : 1.688114e-04 / 3.233498e-01
PCG:  3 : 1.547003e-04 / 2.963207e-01
PCG:  4 : 1.242255e-04 / 2.379476e-01
PCG:  5 : 1.433324e-04 / 2.745461e-01
PCG:  6 : 8.684203e-05 / 1.663416e-01
PCG:  7 : 3.607215e-05 / 6.909439e-02
PCG:  8 : 4.598866e-05 / 8.808897e-02
PCG:  9 : 4.780870e-05 / 9.157517e-02
PCG: 10 : 5.100428e-05 / 9.769614e-02
PCG:  0 : 5.100428e-05
PCG:  1 : 3.137894e-05 / 6.152218e-01
PCG:  2 : 2.309635e-05 / 4.528316e-01
PCG:  3 : 2.351871e-05 / 4.611126e-01
PCG:  4 : 5.041463e-05 / 9.884393e-01
PCG:  5 : 4.551974e-05 / 8.924692e-01
PCG:  6 : 2.882659e-05 / 5.651798e-01
PCG:  7 : 2.640822e-05 / 5.177648e-01
PCG:  8 : 1.887451e-05 / 3.700573e-01
PCG:  9 : 1.782967e-05 / 3.495720e-01
PCG: 10 : 1.891841e-05 / 3.709182e-01
PCG:  0 : 1.891840e-05
PCG:  1 : 1.161999e-05 / 6.142160e-01
PCG:  2 : 8.123670e-06 / 4.294057e-01
PCG:  3 : 8.141894e-06 / 4.303689e-01
PCG:  4 : 6.875568e-06 / 3.634328e-01
PCG:  5 : 7.122184e-06 / 3.764685e-01
PCG:  6 : 3.934681e-06 / 2.079816e-01
PCG:  7 : 1.644170e-06 / 8.690848e-02
PCG:  8 : 1.870566e-06 / 9.887544e-02
PCG:  9 : 1.931085e-06 / 1.020744e-01
PCG: 10 : 2.116652e-06 / 1.118832e-01
PCG:  0 : 2.116652e-06
PCG:  1 : 1.400410e-06 / 6.616157e-01
PCG:  2 : 1.262162e-06 / 5.963010e-01
PCG:  3 : 1.314871e-06 / 6.212034e-01
PCG:  4 : 2.436240e-06 / 1.150987e+00
PCG:  5 : 2.001130e-06 / 9.454224e-01
PCG:  6 : 1.401635e-06 / 6.621944e-01
PCG:  7 : 1.478489e-06 / 6.985037e-01
PCG:  8 : 9.639214e-07 / 4.553991e-01
PCG:  9 : 8.020854e-07 / 3.789406e-01
PCG: 10 : 8.345534e-07 / 3.942800e-01
PCG:  0 : 8.345533e-07
PCG:  1 : 5.485240e-07 / 6.572666e-01
PCG:  2 : 4.557847e-07 / 5.461421e-01
PCG:  3 : 4.570467e-07 / 5.476543e-01
PCG:  4 : 3.199168e-07 / 3.833390e-01
PCG:  5 : 3.095240e-07 / 3.708858e-01
PCG:  6 : 1.869475e-07 / 2.240090e-01
PCG:  7 : 9.416111e-08 / 1.128282e-01
PCG:  8 : 1.053011e-07 / 1.261766e-01
PCG:  9 : 9.204686e-08 / 1.102948e-01
PCG: 10 : 9.559954e-08 / 1.145517e-01
PCG:  0 : 9.559952e-08
PCG:  1 : 6.868513e-08 / 7.184672e-01
PCG:  2 : 7.316616e-08 / 7.653402e-01
PCG:  3 : 7.318361e-08 / 7.655227e-01
PCG:  4 : 1.129659e-07 / 1.181657e+00
PCG:  5 : 9.401650e-08 / 9.834411e-01
PCG:  6 : 7.849524e-08 / 8.210840e-01
PCG:  7 : 8.500470e-08 / 8.891749e-01
PCG:  8 : 4.597139e-08 / 4.808746e-01
PCG:  9 : 3.630394e-08 / 3.797502e-01
PCG: 10 : 4.317234e-08 / 4.515958e-01

PCG ( VCycle ( S: Scale / C: Scale )  )

Complete solver TOE: 3.98977
0.860039 GFlop/s [0.860039 GFlops/s]

Total time: 3.98977s
Accumulated op time: 1.38781

Reductions: 23.2998%
Blas-1: 6.14976%
Blas-2: 5.3346%
Precon Kernels: 0%
MPI Execution: 0%
MPI Wait: 0%
Not covered: 65.2159%

Domain size: 26.7772 MByte
LA size: 89.0505 MByte
MPI size: 2.67928 MByte

H0-Error: 1.728240e-06
H1-Error: 4.034414e-03

Writing DATA to output.data...
Run-Time: 0:06.883 [0:06.883]
0xb33639f8 Error: MemoryPool<CUDA> still contains memory chunks on deconstructor call
