NUM-PROCS: 1
Preparing domain...
LVL-MIN: 5 [5]
LVL-MAX: 10 [10]
Creating gates...
Assembling system matrices...
Assembling system filters...
Assembling transfer matrices...
Converting assembled linear system from SparseMatrixCSR, Mem:main to SparseMatrixELL, Mem:cudaand to SparseMatrixELL, Mem:cuda...
PCG:  0 : 9.473711e-03
PCG:  1 : 4.064152e-02 / 4.289926e+00
PCG:  2 : 4.515586e-02 / 4.766439e+00
PCG:  3 : 1.234706e-01 / 1.303297e+01
PCG:  4 : 2.105793e-01 / 2.222775e+01
PCG:  5 : 1.790856e-01 / 1.890343e+01
PCG:  6 : 1.624106e-01 / 1.714329e+01
PCG:  7 : 9.675748e-02 / 1.021326e+01
PCG:  8 : 7.074948e-02 / 7.467980e+00
PCG:  9 : 7.190540e-02 / 7.589993e+00
PCG: 10 : 4.880281e-02 / 5.151393e+00
PCG: 11 : 2.547698e-02 / 2.689229e+00
PCG: 12 : 1.067524e-02 / 1.126827e+00
PCG: 13 : 5.592008e-03 / 5.902658e-01
PCG: 14 : 2.881952e-03 / 3.042052e-01
PCG: 15 : 1.303681e-03 / 1.376104e-01
PCG: 16 : 1.547432e-03 / 1.633395e-01
PCG:  0 : 1.570728e-03
PCG:  1 : 9.205982e-04 / 5.860966e-01
PCG:  2 : 8.711905e-04 / 5.546413e-01
PCG:  3 : 6.866576e-04 / 4.371589e-01
PCG:  4 : 1.638013e-04 / 1.042837e-01
PCG:  5 : 1.267029e-04 / 8.066512e-02
PCG:  6 : 1.516297e-04 / 9.653471e-02
PCG:  7 : 2.255243e-04 / 1.435795e-01
PCG:  8 : 1.813474e-04 / 1.154544e-01
PCG:  9 : 1.641073e-04 / 1.044785e-01
PCG: 10 : 2.161175e-04 / 1.375907e-01
PCG: 11 : 1.864295e-04 / 1.186899e-01
PCG: 12 : 1.216014e-04 / 7.741721e-02
PCG: 13 : 5.252150e-05 / 3.343768e-02
PCG: 14 : 2.762572e-05 / 1.758785e-02
PCG: 15 : 2.364103e-05 / 1.505101e-02
PCG: 16 : 1.970840e-05 / 1.254730e-02
PCG:  0 : 1.970855e-05
PCG:  1 : 6.530454e-06 / 3.313513e-01
PCG:  2 : 4.745939e-06 / 2.408061e-01
PCG:  3 : 2.393949e-06 / 1.214676e-01
PCG:  4 : 1.189979e-06 / 6.037883e-02
PCG:  5 : 7.497429e-07 / 3.804151e-02
PCG:  6 : 4.973512e-07 / 2.523530e-02
PCG:  7 : 3.121868e-07 / 1.584017e-02
PCG:  8 : 2.942704e-07 / 1.493111e-02
PCG:  9 : 2.953653e-07 / 1.498666e-02
PCG: 10 : 2.636376e-07 / 1.337682e-02
PCG: 11 : 2.437117e-07 / 1.236578e-02
PCG: 12 : 1.885414e-07 / 9.566479e-03
PCG: 13 : 1.806572e-07 / 9.166440e-03
PCG: 14 : 1.210149e-07 / 6.140222e-03
PCG: 15 : 1.343711e-07 / 6.817911e-03
PCG: 16 : 1.345981e-07 / 6.829427e-03
PCG:  0 : 1.345982e-07
PCG:  1 : 1.089575e-07 / 8.095021e-01
PCG:  2 : 9.140591e-08 / 6.791022e-01
PCG:  3 : 6.171832e-08 / 4.585376e-01
PCG:  4 : 7.684191e-08 / 5.708987e-01
PCG:  5 : 9.869640e-08 / 7.332671e-01
PCG:  6 : 6.441395e-08 / 4.785648e-01
PCG:  7 : 6.686793e-08 / 4.967967e-01
PCG:  8 : 4.922609e-08 / 3.657263e-01
PCG:  9 : 5.895878e-08 / 4.380355e-01
PCG: 10 : 6.208238e-08 / 4.612424e-01
PCG: 11 : 4.046071e-08 / 3.006037e-01
PCG: 12 : 4.001775e-08 / 2.973127e-01
PCG: 13 : 2.842902e-08 / 2.112140e-01
PCG: 14 : 1.438457e-08 / 1.068705e-01
PCG: 15 : 1.221776e-08 / 9.077209e-02
PCG: 16 : 1.290234e-08 / 9.585822e-02
PCG:  0 : 1.290235e-08
PCG:  1 : 8.592270e-09 / 6.659459e-01
PCG:  2 : 7.646678e-09 / 5.926576e-01
PCG:  3 : 6.444505e-09 / 4.994830e-01
PCG:  4 : 6.829045e-09 / 5.292868e-01
PCG:  5 : 4.473944e-09 / 3.467541e-01
PCG:  6 : 5.779477e-09 / 4.479398e-01
PCG:  7 : 2.712500e-09 / 2.102329e-01
PCG:  8 : 2.023986e-09 / 1.568695e-01
PCG:  9 : 2.096911e-09 / 1.625216e-01
PCG: 10 : 1.741901e-09 / 1.350064e-01
PCG: 11 : 1.862042e-09 / 1.443180e-01
PCG: 12 : 7.563764e-10 / 5.862313e-02
PCG: 13 : 6.683838e-10 / 5.180325e-02
PCG: 14 : 6.345118e-10 / 4.917799e-02
PCG: 15 : 7.273714e-10 / 5.637510e-02
PCG: 16 : 7.828612e-10 / 6.067585e-02
PCG:  0 : 7.828622e-10
PCG:  1 : 5.931005e-10 / 7.576051e-01
PCG:  2 : 4.662562e-10 / 5.955788e-01
PCG:  3 : 3.618388e-10 / 4.621998e-01
PCG:  4 : 4.200463e-10 / 5.365521e-01
PCG:  5 : 7.164472e-10 / 9.151638e-01
PCG:  6 : 5.499264e-10 / 7.024562e-01
PCG:  7 : 3.855868e-10 / 4.925347e-01
PCG:  8 : 3.312685e-10 / 4.231505e-01
PCG:  9 : 2.808024e-10 / 3.586869e-01
PCG: 10 : 3.784083e-10 / 4.833651e-01
PCG: 11 : 2.000026e-10 / 2.554761e-01
PCG: 12 : 1.513096e-10 / 1.932774e-01
PCG: 13 : 1.219223e-10 / 1.557392e-01
PCG: 14 : 7.584271e-11 / 9.687875e-02
PCG: 15 : 7.508402e-11 / 9.590962e-02
PCG: 16 : 7.786462e-11 / 9.946147e-02

PCG ( VCycle ( S: Scale / C: Scale )  )

Complete solver TOE: 13.4886
0.117691 GFlop/s [0.117691 GFlops/s]

Total time: 13.4886s
Accumulated op time: 8.57499

Reductions: 60.741%
Blas-1: 1.54578%
Blas-2: 1.28525%
Precon Kernels: 0%
MPI Execution: 0%
MPI Wait: 0%
Not covered: 36.4279%

Domain size: 106.918 MByte
LA size: 356.315 MByte
MPI size: 10.6949 MByte

H0-Error: 4.291011e-07
H1-Error: 2.017209e-03

Writing DATA to output.data...
Run-Time: 0:25.081 [0:25.081]
0xb32eb9f8 Error: MemoryPool<CUDA> still contains memory chunks on deconstructor call
