NUM-PROCS: 1
Preparing domain...
LVL-MIN: 6 [6]
LVL-MAX: 7 [7]
Creating gates...
Assembling system matrices...
Assembling system filters...
Assembling transfer matrices...
Converting assembled linear system from SparseMatrixCSR, Mem:main to SparseMatrixCSR, Mem:mainand to SparseMatrixCSR, Mem:main...
PCG: 0 : 7.572480e-02
PCG: 1 : 5.481846e-01 / 7.239169e+00
PCG: 2 : 3.386466e-01 / 4.472070e+00
PCG: 3 : 3.418458e-01 / 4.514318e+00
PCG: 4 : 3.158082e-01 / 4.170473e+00
PCG: 0 : 3.181656e-01
PCG: 1 : 2.158603e-01 / 6.784526e-01
PCG: 2 : 1.886077e-01 / 5.927972e-01
PCG: 3 : 2.260955e-01 / 7.106221e-01
PCG: 4 : 1.605304e-01 / 5.045498e-01
PCG: 0 : 1.605304e-01
PCG: 1 : 1.594037e-01 / 9.929811e-01
PCG: 2 : 1.246965e-01 / 7.767783e-01
PCG: 3 : 1.386411e-01 / 8.636440e-01
PCG: 4 : 1.419678e-01 / 8.843672e-01
PCG: 0 : 1.419678e-01
PCG: 1 : 1.193548e-01 / 8.407174e-01
PCG: 2 : 9.386278e-02 / 6.611553e-01
PCG: 3 : 1.183471e-01 / 8.336189e-01
PCG: 4 : 1.254152e-01 / 8.834059e-01
PCG: 0 : 1.254152e-01
PCG: 1 : 1.002095e-01 / 7.990222e-01
PCG: 2 : 6.805765e-02 / 5.426586e-01
PCG: 3 : 9.574950e-02 / 7.634600e-01
PCG: 4 : 1.118363e-01 / 8.917281e-01
PCG: 0 : 1.118363e-01
PCG: 1 : 8.068188e-02 / 7.214285e-01
PCG: 2 : 5.739262e-02 / 5.131843e-01
PCG: 3 : 8.679679e-02 / 7.761059e-01
PCG: 4 : 1.012503e-01 / 9.053441e-01
PCG: 0 : 1.012503e-01
PCG: 1 : 7.499761e-02 / 7.407148e-01
PCG: 2 : 5.099191e-02 / 5.036222e-01
PCG: 3 : 7.160150e-02 / 7.071732e-01
PCG: 4 : 9.298045e-02 / 9.183226e-01
PCG: 0 : 9.298045e-02
PCG: 1 : 6.391212e-02 / 6.873716e-01
PCG: 2 : 4.605540e-02 / 4.953234e-01
PCG: 3 : 6.822699e-02 / 7.337778e-01
PCG: 4 : 8.659036e-02 / 9.312748e-01
PCG: 0 : 8.659034e-02
PCG: 1 : 6.178756e-02 / 7.135618e-01
PCG: 2 : 4.245111e-02 / 4.902522e-01
PCG: 3 : 5.859978e-02 / 6.767473e-01
PCG: 4 : 8.082538e-02 / 9.334226e-01
PCG: 0 : 8.082538e-02
PCG: 1 : 5.415140e-02 / 6.699802e-01
PCG: 2 : 3.946835e-02 / 4.883163e-01
PCG: 3 : 5.734505e-02 / 7.094931e-01
PCG: 4 : 7.620741e-02 / 9.428648e-01
PCG: 0 : 7.620741e-02
PCG: 1 : 5.344490e-02 / 7.013085e-01
PCG: 2 : 3.707511e-02 / 4.865027e-01
PCG: 3 : 5.033113e-02 / 6.604494e-01
PCG: 4 : 7.163643e-02 / 9.400192e-01
PCG: 0 : 7.163643e-02
PCG: 1 : 4.752238e-02 / 6.633829e-01
PCG: 2 : 3.500178e-02 / 4.886030e-01
PCG: 3 : 5.006510e-02 / 6.988777e-01
PCG: 4 : 6.782024e-02 / 9.467284e-01
PCG: 0 : 6.782025e-02
PCG: 1 : 4.743764e-02 / 6.994613e-01
PCG: 2 : 3.319828e-02 / 4.895040e-01
PCG: 3 : 4.456182e-02 / 6.570578e-01
PCG: 4 : 6.370547e-02 / 9.393282e-01
PCG: 0 : 6.370548e-02
PCG: 1 : 4.260705e-02 / 6.688129e-01
PCG: 2 : 3.175064e-02 / 4.983973e-01
PCG: 3 : 4.506944e-02 / 7.074656e-01
PCG: 4 : 5.978365e-02 / 9.384381e-01
PCG: 0 : 5.978365e-02
PCG: 1 : 4.309504e-02 / 7.208500e-01
PCG: 2 : 3.053534e-02 / 5.107641e-01
PCG: 3 : 4.084647e-02 / 6.832381e-01
PCG: 4 : 5.494566e-02 / 9.190751e-01
PCG: 0 : 5.494566e-02
PCG: 1 : 3.945843e-02 / 7.181355e-01
PCG: 2 : 3.010660e-02 / 5.479342e-01
PCG: 3 : 4.227447e-02 / 7.693869e-01
PCG: 4 : 4.998837e-02 / 9.097784e-01
PCG: 0 : 4.998836e-02
PCG: 1 : 4.073918e-02 / 8.149734e-01
PCG: 2 : 2.941736e-02 / 5.884842e-01
PCG: 3 : 3.842921e-02 / 7.687632e-01
PCG: 4 : 4.558058e-02 / 9.118239e-01
PCG: 0 : 4.558058e-02
PCG: 1 : 3.745494e-02 / 8.217301e-01
PCG: 2 : 2.921308e-02 / 6.409107e-01
PCG: 3 : 3.942726e-02 / 8.650011e-01
PCG: 4 : 4.231977e-02 / 9.284605e-01
PCG: 0 : 4.231977e-02
PCG: 1 : 3.808020e-02 / 8.998205e-01
PCG: 2 : 2.811082e-02 / 6.642478e-01
PCG: 3 : 3.539348e-02 / 8.363344e-01
PCG: 4 : 4.032717e-02 / 9.529157e-01
PCG: 0 : 4.032717e-02
PCG: 1 : 3.430937e-02 / 8.507755e-01
PCG: 2 : 2.709825e-02 / 6.719601e-01
PCG: 3 : 3.586268e-02 / 8.892932e-01
PCG: 4 : 3.815086e-02 / 9.460337e-01
PCG: 0 : 3.815086e-02
PCG: 1 : 3.456140e-02 / 9.059139e-01
PCG: 2 : 2.582721e-02 / 6.769758e-01
PCG: 3 : 3.203088e-02 / 8.395846e-01
PCG: 4 : 3.681718e-02 / 9.650418e-01
PCG: 0 : 3.681718e-02
PCG: 1 : 3.099028e-02 / 8.417343e-01
PCG: 2 : 2.466839e-02 / 6.700240e-01
PCG: 3 : 3.232268e-02 / 8.779238e-01
PCG: 4 : 3.492125e-02 / 9.485042e-01
PCG: 0 : 3.492125e-02
PCG: 1 : 3.117755e-02 / 8.927959e-01
PCG: 2 : 2.349461e-02 / 6.727884e-01
PCG: 3 : 2.884528e-02 / 8.260096e-01
PCG: 4 : 3.375859e-02 / 9.667063e-01
PCG: 0 : 3.375859e-02
PCG: 1 : 2.793924e-02 / 8.276187e-01
PCG: 2 : 2.243357e-02 / 6.645294e-01
PCG: 3 : 2.909121e-02 / 8.617426e-01
PCG: 4 : 3.203396e-02 / 9.489130e-01
PCG: 0 : 3.203396e-02
PCG: 1 : 2.809720e-02 / 8.771067e-01
PCG: 2 : 2.137563e-02 / 6.672801e-01
PCG: 3 : 2.595491e-02 / 8.102310e-01
PCG: 4 : 3.098275e-02 / 9.671845e-01
PCG: 0 : 3.098275e-02
PCG: 1 : 2.517398e-02 / 8.125162e-01
PCG: 2 : 2.042145e-02 / 6.591232e-01
PCG: 3 : 2.617307e-02 / 8.447626e-01
PCG: 4 : 2.940179e-02 / 9.489730e-01
PCG: 0 : 2.940179e-02
PCG: 1 : 2.531110e-02 / 8.608695e-01
PCG: 2 : 1.946712e-02 / 6.621065e-01
PCG: 3 : 2.334946e-02 / 7.941511e-01
PCG: 4 : 2.844285e-02 / 9.673849e-01
PCG: 0 : 2.844285e-02
PCG: 1 : 2.267681e-02 / 7.972761e-01
PCG: 2 : 1.860718e-02 / 6.541955e-01
PCG: 3 : 2.354792e-02 / 8.279029e-01
PCG: 4 : 2.698654e-02 / 9.487988e-01
PCG: 0 : 2.698654e-02
PCG: 1 : 2.280011e-02 / 8.448695e-01
PCG: 2 : 1.774248e-02 / 6.574565e-01
PCG: 3 : 2.101012e-02 / 7.785406e-01
PCG: 4 : 2.610563e-02 / 9.673573e-01
PCG: 0 : 2.610563e-02
PCG: 1 : 2.042994e-02 / 7.825876e-01
PCG: 2 : 1.696390e-02 / 6.498177e-01
PCG: 3 : 2.119520e-02 / 8.119016e-01
PCG: 4 : 2.475876e-02 / 9.484069e-01
PCG: 0 : 2.475876e-02
PCG: 1 : 2.054550e-02 / 8.298275e-01
PCG: 2 : 1.617649e-02 / 6.533643e-01
PCG: 3 : 1.891735e-02 / 7.640669e-01
PCG: 4 : 2.394456e-02 / 9.671147e-01
PCG: 0 : 2.394456e-02
PCG: 1 : 1.841576e-02 / 7.691002e-01
PCG: 2 : 1.546842e-02 / 6.460099e-01
PCG: 3 : 1.909378e-02 / 7.974164e-01
PCG: 4 : 2.269587e-02 / 9.478506e-01
PCG: 0 : 2.269587e-02
PCG: 1 : 1.852759e-02 / 8.163422e-01
PCG: 2 : 1.474810e-02 / 6.498142e-01
PCG: 3 : 1.705045e-02 / 7.512581e-01
PCG: 4 : 2.194009e-02 / 9.667000e-01
PCG: 0 : 2.194009e-02
PCG: 1 : 1.661517e-02 / 7.572972e-01
PCG: 2 : 1.410194e-02 / 6.427474e-01
PCG: 3 : 1.722034e-02 / 7.848800e-01
PCG: 4 : 2.078152e-02 / 9.471938e-01
PCG: 0 : 2.078152e-02
PCG: 1 : 1.672517e-02 / 8.048097e-01
PCG: 2 : 1.344117e-02 / 6.467848e-01
PCG: 3 : 1.538708e-02 / 7.404214e-01
PCG: 4 : 2.007886e-02 / 9.661882e-01
PCG: 0 : 2.007886e-02
PCG: 1 : 1.500751e-02 / 7.474285e-01
PCG: 2 : 1.285027e-02 / 6.399901e-01
PCG: 3 : 1.555084e-02 / 7.744883e-01
PCG: 4 : 1.900482e-02 / 9.465090e-01
PCG: 0 : 1.900482e-02
PCG: 1 : 1.511589e-02 / 7.953712e-01
PCG: 2 : 1.224354e-02 / 6.442334e-01
PCG: 3 : 1.390438e-02 / 7.316236e-01
PCG: 4 : 1.835217e-02 / 9.656588e-01
PCG: 0 : 1.835218e-02
PCG: 1 : 1.357161e-02 / 7.395095e-01
PCG: 2 : 1.170290e-02 / 6.376843e-01
PCG: 3 : 1.406143e-02 / 7.661996e-01
PCG: 4 : 1.735852e-02 / 9.458560e-01
PCG: 0 : 1.735851e-02
PCG: 1 : 1.367756e-02 / 7.879453e-01
PCG: 2 : 1.114603e-02 / 6.421074e-01
PCG: 3 : 1.258037e-02 / 7.247375e-01
PCG: 4 : 1.675379e-02 / 9.651630e-01
PCG: 0 : 1.675379e-02
PCG: 1 : 1.228716e-02 / 7.333956e-01
PCG: 2 : 1.065166e-02 / 6.357763e-01
PCG: 3 : 1.272966e-02 / 7.598073e-01
PCG: 4 : 1.583693e-02 / 9.452740e-01
PCG: 0 : 1.583693e-02
PCG: 1 : 1.238933e-02 / 7.823067e-01
PCG: 2 : 1.014127e-02 / 6.403557e-01
PCG: 3 : 1.139502e-02 / 7.195221e-01
PCG: 4 : 1.527837e-02 / 9.647309e-01
PCG: 0 : 1.527837e-02
PCG: 1 : 1.113543e-02 / 7.288364e-01
PCG: 2 : 9.689812e-03 / 6.342175e-01
PCG: 3 : 1.153571e-02 / 7.550355e-01
PCG: 4 : 1.443482e-02 / 9.447876e-01
PCG: 0 : 1.443482e-02
PCG: 1 : 1.123268e-02 / 7.781655e-01
PCG: 2 : 9.222795e-03 / 6.389272e-01
PCG: 3 : 1.033091e-02 / 7.156940e-01
PCG: 4 : 1.392053e-02 / 9.643721e-01
PCG: 0 : 1.392053e-02
PCG: 1 : 1.010001e-02 / 7.255476e-01
PCG: 2 : 8.811019e-03 / 6.329513e-01
PCG: 3 : 1.046228e-02 / 7.515716e-01
PCG: 4 : 1.314651e-02 / 9.443969e-01
PCG: 0 : 1.314651e-02
PCG: 1 : 1.019150e-02 / 7.752249e-01
PCG: 2 : 8.384502e-03 / 6.377740e-01
PCG: 3 : 9.373051e-03 / 7.129688e-01
PCG: 4 : 1.267441e-02 / 9.640893e-01
PCG: 0 : 1.267441e-02
PCG: 1 : 9.166861e-03 / 7.232576e-01
PCG: 2 : 8.009393e-03 / 6.319343e-01
PCG: 3 : 9.494906e-03 / 7.491401e-01
PCG: 4 : 1.196571e-02 / 9.440844e-01
PCG: 0 : 1.196571e-02
PCG: 1 : 9.252076e-03 / 7.732158e-01
PCG: 2 : 7.620378e-03 / 6.368514e-01
PCG: 3 : 8.508813e-03 / 7.110997e-01
PCG: 4 : 1.153342e-02 / 9.638727e-01
PCG: 0 : 1.153342e-02
PCG: 1 : 8.324082e-03 / 7.217358e-01
PCG: 2 : 7.279027e-03 / 6.311247e-01
PCG: 3 : 8.621242e-03 / 7.475009e-01
PCG: 4 : 1.088577e-02 / 9.438459e-01
PCG: 0 : 1.088577e-02
PCG: 1 : 8.402904e-03 / 7.719162e-01
PCG: 2 : 6.924691e-03 / 6.361231e-01
PCG: 3 : 7.727604e-03 / 7.098812e-01
PCG: 4 : 1.049071e-02 / 9.637083e-01
PCG: 0 : 1.049071e-02
PCG: 1 : 7.561606e-03 / 7.207908e-01
PCG: 2 : 6.614279e-03 / 6.304893e-01
PCG: 3 : 7.830896e-03 / 7.464603e-01
PCG: 4 : 9.899750e-03 / 9.436685e-01
PCG: 0 : 9.899751e-03
PCG: 1 : 7.634111e-03 / 7.711417e-01
PCG: 2 : 6.291799e-03 / 6.355512e-01
PCG: 3 : 7.020389e-03 / 7.091480e-01
PCG: 4 : 9.539268e-03 / 9.635866e-01
PCG: 0 : 9.539267e-03
PCG: 1 : 6.870849e-03 / 7.202701e-01
PCG: 2 : 6.009668e-03 / 6.299926e-01
PCG: 3 : 7.114962e-03 / 7.458604e-01
PCG: 4 : 9.000547e-03 / 9.435261e-01
PCG: 0 : 9.000547e-03
PCG: 1 : 6.937266e-03 / 7.707605e-01
PCG: 2 : 5.716380e-03 / 6.351147e-01
PCG: 3 : 6.379406e-03 / 7.087798e-01
PCG: 4 : 8.672045e-03 / 9.635019e-01
PCG: 0 : 8.672044e-03
PCG: 1 : 6.244403e-03 / 7.200613e-01
PCG: 2 : 5.460020e-03 / 6.296117e-01
PCG: 3 : 6.465786e-03 / 7.455897e-01
PCG: 4 : 8.181386e-03 / 9.434207e-01
PCG: 0 : 8.181386e-03
PCG: 1 : 6.305053e-03 / 7.706583e-01
PCG: 2 : 5.193378e-03 / 6.347798e-01
PCG: 3 : 5.797927e-03 / 7.086730e-01
PCG: 4 : 7.882258e-03 / 9.634380e-01
PCG: 0 : 7.882258e-03
PCG: 1 : 5.675876e-03 / 7.200825e-01
PCG: 2 : 4.960507e-03 / 6.293256e-01
PCG: 3 : 5.876737e-03 / 7.455652e-01
PCG: 4 : 7.435688e-03 / 9.433450e-01
PCG: 0 : 7.435689e-03
PCG: 1 : 5.731164e-03 / 7.707644e-01
PCG: 2 : 4.718164e-03 / 6.345296e-01
PCG: 3 : 5.270122e-03 / 7.087604e-01
PCG: 4 : 7.163488e-03 / 9.633927e-01
PCG: 0 : 7.163489e-03
PCG: 1 : 5.159620e-03 / 7.202663e-01
PCG: 2 : 4.506662e-03 / 6.291155e-01
PCG: 3 : 5.341907e-03 / 7.457131e-01
PCG: 4 : 6.757197e-03 / 9.432830e-01
PCG: 0 : 6.757197e-03
PCG: 1 : 5.209949e-03 / 7.710221e-01
PCG: 2 : 4.286464e-03 / 6.343552e-01
PCG: 3 : 4.790822e-03 / 7.089953e-01
PCG: 4 : 6.509661e-03 / 9.633670e-01
PCG: 0 : 6.509661e-03
PCG: 1 : 4.690652e-03 / 7.205678e-01
PCG: 2 : 4.094349e-03 / 6.289650e-01
PCG: 3 : 4.856137e-03 / 7.459892e-01
PCG: 4 : 6.140145e-03 / 9.432358e-01
PCG: 0 : 6.140144e-03
PCG: 1 : 4.736385e-03 / 7.713801e-01
PCG: 2 : 3.894254e-03 / 6.342284e-01
PCG: 3 : 4.355365e-03 / 7.093262e-01
PCG: 4 : 5.915084e-03 / 9.633461e-01
PCG: 0 : 5.915084e-03
PCG: 1 : 4.264501e-03 / 7.209536e-01
PCG: 2 : 3.719784e-03 / 6.288642e-01
PCG: 3 : 4.414802e-03 / 7.463633e-01
PCG: 4 : 5.579141e-03 / 9.432058e-01
PCG: 0 : 5.579141e-03
PCG: 1 : 4.306066e-03 / 7.718152e-01
PCG: 2 : 3.538004e-03 / 6.341484e-01
PCG: 3 : 3.959692e-03 / 7.097313e-01
PCG: 4 : 5.374521e-03 / 9.633240e-01
PCG: 0 : 5.374520e-03
PCG: 1 : 3.877190e-03 / 7.214020e-01
PCG: 2 : 3.379524e-03 / 6.288049e-01
PCG: 3 : 4.013706e-03 / 7.468027e-01
PCG: 4 : 5.069186e-03 / 9.431886e-01
PCG: 0 : 5.069186e-03
PCG: 1 : 3.914936e-03 / 7.723007e-01
PCG: 2 : 3.214385e-03 / 6.341026e-01
PCG: 3 : 3.600087e-03 / 7.101902e-01
PCG: 4 : 4.883206e-03 / 9.633117e-01
PCG: 0 : 4.883206e-03
PCG: 1 : 3.525127e-03 / 7.218878e-01
PCG: 2 : 3.070430e-03 / 6.287733e-01
PCG: 3 : 3.649154e-03 / 7.472865e-01
PCG: 4 : 4.605692e-03 / 9.431697e-01
PCG: 0 : 4.605692e-03
PCG: 1 : 3.559403e-03 / 7.728269e-01
PCG: 2 : 2.920414e-03 / 6.340881e-01
PCG: 3 : 3.273211e-03 / 7.106883e-01
PCG: 4 : 4.436733e-03 / 9.633152e-01
PCG: 0 : 4.436733e-03
PCG: 1 : 3.205088e-03 / 7.223981e-01
PCG: 2 : 2.789659e-03 / 6.287643e-01
PCG: 3 : 3.317785e-03 / 7.477991e-01
PCG: 4 : 4.184495e-03 / 9.431477e-01
PCG: 0 : 4.184495e-03
PCG: 1 : 3.236178e-03 / 7.733737e-01
PCG: 2 : 2.653356e-03 / 6.340924e-01
PCG: 3 : 2.976056e-03 / 7.112104e-01
PCG: 4 : 4.031007e-03 / 9.633200e-01
PCG: 0 : 4.031007e-03
PCG: 1 : 2.914122e-03 / 7.229265e-01
PCG: 2 : 2.534591e-03 / 6.287737e-01
PCG: 3 : 3.016543e-03 / 7.483349e-01
PCG: 4 : 3.801776e-03 / 9.431331e-01
PCG: 0 : 3.801775e-03
PCG: 1 : 2.942336e-03 / 7.739375e-01
PCG: 2 : 2.410766e-03 / 6.341158e-01
PCG: 3 : 2.705909e-03 / 7.117487e-01
PCG: 4 : 3.662342e-03 / 9.633241e-01
PCG: 0 : 3.662342e-03
PCG: 1 : 2.649582e-03 / 7.234668e-01
PCG: 2 : 2.302878e-03 / 6.287993e-01
PCG: 3 : 2.742677e-03 / 7.488863e-01
PCG: 4 : 3.454042e-03 / 9.431239e-01
PCG: 0 : 3.454041e-03
PCG: 1 : 2.675182e-03 / 7.745078e-01
PCG: 2 : 2.190382e-03 / 6.341505e-01
PCG: 3 : 2.460304e-03 / 7.122972e-01
PCG: 4 : 3.327376e-03 / 9.633285e-01
PCG: 0 : 3.327376e-03
PCG: 1 : 2.409057e-03 / 7.240111e-01
PCG: 2 : 2.092372e-03 / 6.288354e-01
PCG: 3 : 2.493685e-03 / 7.494448e-01
PCG: 4 : 3.138105e-03 / 9.431168e-01
PCG: 0 : 3.138105e-03
PCG: 1 : 2.432296e-03 / 7.750843e-01
PCG: 2 : 1.990172e-03 / 6.341956e-01
PCG: 3 : 2.236989e-03 / 7.128471e-01
PCG: 4 : 3.023050e-03 / 9.633362e-01
PCG: 0 : 3.023050e-03
PCG: 1 : 2.190369e-03 / 7.245561e-01
PCG: 2 : 1.901139e-03 / 6.288812e-01
PCG: 3 : 2.267315e-03 / 7.500092e-01
PCG: 4 : 2.851073e-03 / 9.431115e-01
PCG: 0 : 2.851073e-03
PCG: 1 : 2.211462e-03 / 7.756593e-01
PCG: 2 : 1.808286e-03 / 6.342475e-01
PCG: 3 : 2.033947e-03 / 7.133968e-01
PCG: 4 : 2.746558e-03 / 9.633417e-01
PCG: 0 : 2.746557e-03
PCG: 1 : 1.991519e-03 / 7.250965e-01
PCG: 2 : 1.727395e-03 / 6.289311e-01
PCG: 3 : 2.061489e-03 / 7.505720e-01
PCG: 4 : 2.590289e-03 / 9.431040e-01
PCG: 0 : 2.590289e-03
PCG: 1 : 2.010667e-03 / 7.762328e-01
PCG: 2 : 1.643031e-03 / 6.343043e-01
PCG: 3 : 1.849322e-03 / 7.139445e-01
PCG: 4 : 2.495356e-03 / 9.633505e-01
PCG: 0 : 2.495356e-03
PCG: 1 : 1.810716e-03 / 7.256343e-01
PCG: 2 : 1.569550e-03 / 6.289884e-01
PCG: 3 : 1.874352e-03 / 7.511360e-01
PCG: 4 : 2.353373e-03 / 9.431009e-01
PCG: 0 : 2.353373e-03
PCG: 1 : 1.828109e-03 / 7.768036e-01
PCG: 2 : 1.492899e-03 / 6.343657e-01
PCG: 3 : 1.681457e-03 / 7.144881e-01
PCG: 4 : 2.267141e-03 / 9.633580e-01
PCG: 0 : 2.267141e-03
PCG: 1 : 1.646318e-03 / 7.261651e-01
PCG: 2 : 1.426137e-03 / 6.290466e-01
PCG: 3 : 1.704196e-03 / 7.516941e-01
PCG: 4 : 2.138131e-03 / 9.430960e-01
PCG: 0 : 2.138131e-03
PCG: 1 : 1.662114e-03 / 7.773675e-01
PCG: 2 : 1.356495e-03 / 6.344303e-01
PCG: 3 : 1.528829e-03 / 7.150306e-01
PCG: 4 : 2.059818e-03 / 9.633728e-01
PCG: 0 : 2.059818e-03
PCG: 1 : 1.496849e-03 / 7.266901e-01
PCG: 2 : 1.295843e-03 / 6.291057e-01
PCG: 3 : 1.549477e-03 / 7.522398e-01
PCG: 4 : 1.942586e-03 / 9.430863e-01
PCG: 0 : 1.942586e-03
PCG: 1 : 1.511188e-03 / 7.779263e-01
PCG: 2 : 1.232572e-03 / 6.345007e-01
PCG: 3 : 1.390057e-03 / 7.155708e-01
PCG: 4 : 1.871470e-03 / 9.633915e-01
PCG: 0 : 1.871470e-03
PCG: 1 : 1.360949e-03 / 7.272081e-01
PCG: 2 : 1.177466e-03 / 6.291662e-01
PCG: 3 : 1.408798e-03 / 7.527760e-01
PCG: 4 : 1.764928e-03 / 9.430701e-01
PCG: 0 : 1.764928e-03
PCG: 1 : 1.373948e-03 / 7.784728e-01
PCG: 2 : 1.119972e-03 / 6.345710e-01
PCG: 3 : 1.263870e-03 / 7.161031e-01
PCG: 4 : 1.700346e-03 / 9.634082e-01
PCG: 0 : 1.700346e-03
PCG: 1 : 1.237375e-03 / 7.277195e-01
PCG: 2 : 1.069905e-03 / 6.292276e-01
PCG: 3 : 1.280889e-03 / 7.533110e-01
PCG: 4 : 1.603543e-03 / 9.430687e-01
PCG: 0 : 1.603543e-03
PCG: 1 : 1.249177e-03 / 7.790110e-01
PCG: 2 : 1.017667e-03 / 6.346368e-01
PCG: 3 : 1.149129e-03 / 7.166186e-01
PCG: 4 : 1.544870e-03 / 9.634107e-01
PCG: 0 : 1.544870e-03
PCG: 1 : 1.125009e-03 / 7.282225e-01
PCG: 2 : 9.721764e-04 / 6.292932e-01
PCG: 3 : 1.164590e-03 / 7.538432e-01
PCG: 4 : 1.456925e-03 / 9.430725e-01
PCG: 0 : 1.456925e-03
PCG: 1 : 1.135734e-03 / 7.795420e-01
PCG: 2 : 9.247146e-04 / 6.347031e-01
PCG: 3 : 1.044800e-03 / 7.171267e-01
PCG: 4 : 1.403632e-03 / 9.634209e-01
PCG: 0 : 1.403632e-03
PCG: 1 : 1.022848e-03 / 7.287154e-01
PCG: 2 : 8.833848e-04 / 6.293567e-01
PCG: 3 : 1.058849e-03 / 7.543637e-01
PCG: 4 : 1.323718e-03 / 9.430668e-01
PCG: 0 : 1.323718e-03
PCG: 1 : 1.032584e-03 / 7.800630e-01
PCG: 2 : 8.402574e-04 / 6.347705e-01
PCG: 3 : 9.499377e-04 / 7.176283e-01
PCG: 4 : 1.275315e-03 / 9.634336e-01
PCG: 0 : 1.275315e-03
PCG: 1 : 9.299569e-04 / 7.291980e-01
PCG: 2 : 8.027059e-04 / 6.294179e-01
PCG: 3 : 9.626991e-04 / 7.548718e-01
PCG: 4 : 1.202701e-03 / 9.430619e-01
PCG: 0 : 1.202701e-03
PCG: 1 : 9.387974e-04 / 7.805744e-01
PCG: 2 : 7.635177e-04 / 6.348360e-01
PCG: 3 : 8.636873e-04 / 7.181231e-01
PCG: 4 : 1.158736e-03 / 9.634447e-01
PCG: 0 : 1.158736e-03
PCG: 1 : 8.455000e-04 / 7.296747e-01
PCG: 2 : 7.293993e-04 / 6.294786e-01
PCG: 3 : 8.752732e-04 / 7.553692e-01
PCG: 4 : 1.092756e-03 / 9.430590e-01
PCG: 0 : 1.092756e-03
PCG: 1 : 8.535231e-04 / 7.810737e-01
PCG: 2 : 6.937930e-04 / 6.349019e-01
PCG: 3 : 7.852642e-04 / 7.186089e-01
PCG: 4 : 1.052823e-03 / 9.634566e-01
PCG: 0 : 1.052823e-03
PCG: 1 : 7.687099e-04 / 7.301414e-01
PCG: 2 : 6.627939e-04 / 6.295395e-01
PCG: 3 : 7.957874e-04 / 7.558604e-01
PCG: 4 : 9.928697e-04 / 9.430545e-01
PCG: 0 : 9.928698e-04
PCG: 1 : 7.759937e-04 / 7.815664e-01
PCG: 2 : 6.304390e-04 / 6.349664e-01
PCG: 3 : 7.139556e-04 / 7.190828e-01
PCG: 4 : 9.565957e-04 / 9.634653e-01
PCG: 0 : 9.565956e-04
PCG: 1 : 6.988885e-04 / 7.305997e-01
PCG: 2 : 6.022739e-04 / 6.296013e-01
PCG: 3 : 7.235176e-04 / 7.563463e-01
PCG: 4 : 9.021248e-04 / 9.430576e-01
PCG: 0 : 9.021249e-04
PCG: 1 : 7.055041e-04 / 7.820470e-01
PCG: 2 : 5.728742e-04 / 6.350276e-01
PCG: 3 : 6.491198e-04 / 7.195454e-01
PCG: 4 : 8.691705e-04 / 9.634702e-01
PCG: 0 : 8.691705e-04
PCG: 1 : 6.354059e-04 / 7.310486e-01
PCG: 2 : 5.472825e-04 / 6.296606e-01
PCG: 3 : 6.578043e-04 / 7.568184e-01
PCG: 4 : 8.196781e-04 / 9.430579e-01
PCG: 0 : 8.196781e-04
PCG: 1 : 6.414118e-04 / 7.825167e-01
PCG: 2 : 5.205678e-04 / 6.350881e-01
PCG: 3 : 5.901688e-04 / 7.200007e-01
PCG: 4 : 7.897395e-04 / 9.634752e-01
PCG: 0 : 7.897395e-04
PCG: 1 : 5.776868e-04 / 7.314903e-01
PCG: 2 : 4.973147e-04 / 6.297200e-01
PCG: 3 : 5.980586e-04 / 7.572860e-01
PCG: 4 : 7.447748e-04 / 9.430639e-01
PCG: 0 : 7.447747e-04
PCG: 1 : 5.831417e-04 / 7.829773e-01
PCG: 2 : 4.730395e-04 / 6.351445e-01
PCG: 3 : 5.365668e-04 / 7.204417e-01
PCG: 4 : 7.175726e-04 / 9.634760e-01
PCG: 0 : 7.175726e-04
PCG: 1 : 5.252055e-04 / 7.319197e-01
PCG: 2 : 4.519110e-04 / 6.297775e-01
PCG: 3 : 5.437346e-04 / 7.577416e-01
PCG: 4 : 6.767178e-04 / 9.430653e-01
PCG: 0 : 6.767178e-04
PCG: 1 : 5.301631e-04 / 7.834331e-01
PCG: 2 : 4.298546e-04 / 6.352051e-01
PCG: 3 : 4.878334e-04 / 7.208816e-01
PCG: 4 : 6.520104e-04 / 9.634894e-01
PCG: 0 : 6.520103e-04
PCG: 1 : 4.774912e-04 / 7.323369e-01
PCG: 2 : 4.106550e-04 / 6.298290e-01
PCG: 3 : 4.943410e-04 / 7.581797e-01
PCG: 4 : 6.148822e-04 / 9.430559e-01
PCG: 0 : 6.148822e-04
PCG: 1 : 4.819911e-04 / 7.838756e-01
PCG: 2 : 3.906119e-04 / 6.352630e-01
PCG: 3 : 4.435219e-04 / 7.213120e-01
PCG: 4 : 5.924405e-04 / 9.635025e-01
PCG: 0 : 5.924405e-04
PCG: 1 : 4.341115e-04 / 7.327512e-01
PCG: 2 : 3.731691e-04 / 6.298846e-01
PCG: 3 : 4.494362e-04 / 7.586182e-01
PCG: 4 : 5.587064e-04 / 9.430591e-01
PCG: 0 : 5.587063e-04
PCG: 1 : 4.381981e-04 / 7.843084e-01
PCG: 2 : 3.549561e-04 / 6.353179e-01
PCG: 3 : 4.032340e-04 / 7.217280e-01
PCG: 4 : 5.383163e-04 / 9.635049e-01
PCG: 0 : 5.383164e-04
PCG: 1 : 3.946679e-04 / 7.331523e-01
PCG: 2 : 3.391051e-04 / 6.299365e-01
PCG: 3 : 4.086063e-04 / 7.590448e-01
PCG: 4 : 5.076653e-04 / 9.430613e-01
PCG: 0 : 5.076653e-04
PCG: 1 : 3.983820e-04 / 7.847334e-01
PCG: 2 : 3.225556e-04 / 6.353706e-01
PCG: 3 : 3.666029e-04 / 7.221349e-01
PCG: 4 : 4.891396e-04 / 9.635080e-01
PCG: 0 : 4.891396e-04
PCG: 1 : 3.588071e-04 / 7.335474e-01
PCG: 2 : 3.081529e-04 / 6.299896e-01
PCG: 3 : 3.714831e-04 / 7.594622e-01
PCG: 4 : 4.612896e-04 / 9.430631e-01
PCG: 0 : 4.612895e-04
PCG: 1 : 3.621787e-04 / 7.851440e-01
PCG: 2 : 2.931136e-04 / 6.354222e-01
PCG: 3 : 3.332990e-04 / 7.225375e-01
PCG: 4 : 4.444610e-04 / 9.635185e-01
PCG: 0 : 4.444610e-04
PCG: 1 : 3.262049e-04 / 7.339336e-01
PCG: 2 : 2.800274e-04 / 6.300381e-01
PCG: 3 : 3.377305e-04 / 7.598654e-01
PCG: 4 : 4.191530e-04 / 9.430593e-01
PCG: 0 : 4.191530e-04
PCG: 1 : 3.292648e-04 / 7.855481e-01
PCG: 2 : 2.663606e-04 / 6.354735e-01
PCG: 3 : 3.030189e-04 / 7.229314e-01
PCG: 4 : 4.038652e-04 / 9.635268e-01
PCG: 0 : 4.038652e-04
PCG: 1 : 2.965628e-04 / 7.343115e-01
PCG: 2 : 2.544702e-04 / 6.300870e-01
PCG: 3 : 3.070441e-04 / 7.602639e-01
PCG: 4 : 3.808685e-04 / 9.430585e-01
PCG: 0 : 3.808685e-04
PCG: 1 : 2.993423e-04 / 7.859465e-01
PCG: 2 : 2.420518e-04 / 6.355260e-01
PCG: 3 : 2.754876e-04 / 7.233142e-01
PCG: 4 : 3.669791e-04 / 9.635323e-01
PCG: 0 : 3.669791e-04
PCG: 1 : 2.696118e-04 / 7.346789e-01
PCG: 2 : 2.312465e-04 / 6.301353e-01
PCG: 3 : 2.791440e-04 / 7.606537e-01
PCG: 4 : 3.460828e-04 / 9.430586e-01
PCG: 0 : 3.460828e-04
PCG: 1 : 2.721365e-04 / 7.863333e-01
PCG: 2 : 2.199616e-04 / 6.355751e-01
PCG: 3 : 2.504564e-04 / 7.236892e-01
PCG: 4 : 3.334656e-04 / 9.635427e-01
PCG: 0 : 3.334656e-04
PCG: 1 : 2.451091e-04 / 7.350357e-01
PCG: 2 : 2.101430e-04 / 6.301789e-01
PCG: 3 : 2.537787e-04 / 7.610341e-01
PCG: 4 : 3.144763e-04 / 9.430547e-01
PCG: 0 : 3.144763e-04
PCG: 1 : 2.474028e-04 / 7.867138e-01
PCG: 2 : 1.998884e-04 / 6.356230e-01
PCG: 3 : 2.276977e-04 / 7.240537e-01
PCG: 4 : 3.030135e-04 / 9.635496e-01
PCG: 0 : 3.030135e-04
PCG: 1 : 2.228325e-04 / 7.353878e-01
PCG: 2 : 1.909670e-04 / 6.302258e-01
PCG: 3 : 2.307171e-04 / 7.614084e-01
PCG: 4 : 2.857595e-04 / 9.430584e-01
PCG: 0 : 2.857595e-04
PCG: 1 : 2.249165e-04 / 7.870833e-01
PCG: 2 : 1.816484e-04 / 6.356689e-01
PCG: 3 : 2.070063e-04 / 7.244076e-01
PCG: 4 : 2.753432e-04 / 9.635488e-01
PCG: 0 : 2.753432e-04
PCG: 1 : 2.025786e-04 / 7.357314e-01
PCG: 2 : 1.735414e-04 / 6.302731e-01
PCG: 3 : 2.097502e-04 / 7.617773e-01
PCG: 4 : 2.596664e-04 / 9.430647e-01
PCG: 0 : 2.596664e-04
PCG: 1 : 2.044729e-04 / 7.874444e-01
PCG: 2 : 1.650732e-04 / 6.357126e-01
PCG: 3 : 1.881941e-04 / 7.247533e-01
PCG: 4 : 2.502024e-04 / 9.635530e-01
PCG: 0 : 2.502024e-04
PCG: 1 : 1.841653e-04 / 7.360653e-01
PCG: 2 : 1.577065e-04 / 6.303158e-01
PCG: 3 : 1.906874e-04 / 7.621325e-01
PCG: 4 : 2.359568e-04 / 9.430639e-01
PCG: 0 : 2.359568e-04
PCG: 1 : 1.858862e-04 / 7.877972e-01
PCG: 2 : 1.500109e-04 / 6.357557e-01
PCG: 3 : 1.710911e-04 / 7.250947e-01
PCG: 4 : 2.273588e-04 / 9.635610e-01
PCG: 0 : 2.273588e-04
PCG: 1 : 1.674251e-04 / 7.363915e-01
PCG: 2 : 1.433171e-04 / 6.303565e-01
PCG: 3 : 1.733563e-04 / 7.624789e-01
PCG: 4 : 2.144136e-04 / 9.430627e-01
PCG: 0 : 2.144136e-04
PCG: 1 : 1.689888e-04 / 7.881439e-01
PCG: 2 : 1.363242e-04 / 6.357999e-01
PCG: 3 : 1.555417e-04 / 7.254285e-01
PCG: 4 : 2.066020e-04 / 9.635676e-01
PCG: 0 : 2.066020e-04
PCG: 1 : 1.522063e-04 / 7.367123e-01
PCG: 2 : 1.302417e-04 / 6.303990e-01
PCG: 3 : 1.575999e-04 / 7.628188e-01
PCG: 4 : 1.948388e-04 / 9.430636e-01
PCG: 0 : 1.948388e-04
PCG: 1 : 1.536259e-04 / 7.884769e-01
PCG: 2 : 1.238863e-04 / 6.358401e-01
PCG: 3 : 1.414049e-04 / 7.257530e-01
PCG: 4 : 1.877408e-04 / 9.635698e-01
PCG: 0 : 1.877408e-04
PCG: 1 : 1.383698e-04 / 7.370259e-01
PCG: 2 : 1.183591e-04 / 6.304386e-01
PCG: 3 : 1.432740e-04 / 7.631480e-01
PCG: 4 : 1.770517e-04 / 9.430646e-01
PCG: 0 : 1.770517e-04
PCG: 1 : 1.396594e-04 / 7.888057e-01
PCG: 2 : 1.125840e-04 / 6.358819e-01
PCG: 3 : 1.285524e-04 / 7.260727e-01
PCG: 4 : 1.706030e-04 / 9.635770e-01
PCG: 0 : 1.706030e-04
PCG: 1 : 1.257909e-04 / 7.373316e-01
PCG: 2 : 1.075615e-04 / 6.304787e-01
PCG: 3 : 1.302509e-04 / 7.634738e-01
PCG: 4 : 1.608897e-04 / 9.430653e-01
PCG: 0 : 1.608897e-04
PCG: 1 : 1.269623e-04 / 7.891261e-01
PCG: 2 : 1.023132e-04 / 6.359211e-01
PCG: 3 : 1.168671e-04 / 7.263804e-01
PCG: 4 : 1.550302e-04 / 9.635805e-01
PCG: 0 : 1.550302e-04
PCG: 1 : 1.143548e-04 / 7.376294e-01
PCG: 2 : 9.774932e-05 / 6.305179e-01
PCG: 3 : 1.184108e-04 / 7.637916e-01
PCG: 4 : 1.462041e-04 / 9.430683e-01
PCG: 0 : 1.462041e-04
PCG: 1 : 1.154193e-04 / 7.894400e-01
PCG: 2 : 9.297999e-05 / 6.359604e-01
PCG: 3 : 1.062440e-04 / 7.266829e-01
PCG: 4 : 1.408798e-04 / 9.635832e-01
PCG: 0 : 1.408798e-04
PCG: 1 : 1.039581e-04 / 7.379208e-01
PCG: 2 : 8.883268e-05 / 6.305567e-01
PCG: 3 : 1.076467e-04 / 7.641034e-01
PCG: 4 : 1.328598e-04 / 9.430724e-01
PCG: 0 : 1.328598e-04
PCG: 1 : 1.049252e-04 / 7.897434e-01
PCG: 2 : 8.449833e-05 / 6.359960e-01
PCG: 3 : 9.658565e-05 / 7.269740e-01
PCG: 4 : 1.280213e-04 / 9.635819e-01
PCG: 0 : 1.280213e-04
PCG: 1 : 9.450591e-05 / 7.382045e-01
PCG: 2 : 8.072954e-05 / 6.305946e-01
PCG: 3 : 9.786041e-05 / 7.644072e-01
PCG: 4 : 1.207338e-04 / 9.430759e-01
PCG: 0 : 1.207338e-04
PCG: 1 : 9.538513e-05 / 7.900448e-01
PCG: 2 : 7.679086e-05 / 6.360344e-01
PCG: 3 : 8.780543e-05 / 7.272646e-01
PCG: 4 : 1.163379e-04 / 9.635899e-01
PCG: 0 : 1.163379e-04
PCG: 1 : 8.591317e-05 / 7.384797e-01
PCG: 2 : 7.336612e-05 / 6.306297e-01
PCG: 3 : 8.896333e-05 / 7.646978e-01
PCG: 4 : 1.097151e-04 / 9.430726e-01
PCG: 0 : 1.097151e-04
PCG: 1 : 8.671155e-05 / 7.903340e-01
PCG: 2 : 6.978654e-05 / 6.360707e-01
PCG: 3 : 7.982274e-05 / 7.275458e-01
PCG: 4 : 1.057207e-04 / 9.635934e-01
PCG: 0 : 1.057207e-04
PCG: 1 : 7.810140e-05 / 7.387521e-01
PCG: 2 : 6.667450e-05 / 6.306663e-01
PCG: 3 : 8.087464e-05 / 7.649838e-01
PCG: 4 : 9.970255e-05 / 9.430748e-01
PCG: 0 : 9.970255e-05
PCG: 1 : 7.882653e-05 / 7.906170e-01
PCG: 2 : 6.342159e-05 / 6.361080e-01
PCG: 3 : 7.256560e-05 / 7.278209e-01
PCG: 4 : 9.607314e-05 / 9.635977e-01
PCG: 0 : 9.607314e-05
PCG: 1 : 7.099951e-05 / 7.390152e-01
PCG: 2 : 6.059341e-05 / 6.307008e-01
PCG: 3 : 7.352151e-05 / 7.652660e-01
PCG: 4 : 9.060442e-05 / 9.430776e-01
PCG: 0 : 9.060443e-05
PCG: 1 : 7.165861e-05 / 7.908952e-01
PCG: 2 : 5.763741e-05 / 6.361434e-01
PCG: 3 : 6.596827e-05 / 7.280910e-01
PCG: 4 : 8.730678e-05 / 9.636039e-01
PCG: 0 : 8.730678e-05
PCG: 1 : 6.454339e-05 / 7.392712e-01
PCG: 2 : 5.506722e-05 / 6.307325e-01
PCG: 3 : 6.683625e-05 / 7.655333e-01
PCG: 4 : 8.233669e-05 / 9.430732e-01
PCG: 0 : 8.233668e-05
PCG: 1 : 6.514158e-05 / 7.911612e-01
PCG: 2 : 5.238066e-05 / 6.361765e-01
PCG: 3 : 5.997011e-05 / 7.283523e-01
PCG: 4 : 7.934027e-05 / 9.636078e-01
PCG: 0 : 7.934025e-05
PCG: 1 : 5.867393e-05 / 7.395229e-01
PCG: 2 : 5.004508e-05 / 6.307653e-01
PCG: 3 : 6.075870e-05 / 7.657992e-01
PCG: 4 : 7.482386e-05 / 9.430757e-01
PCG: 0 : 7.482386e-05
PCG: 1 : 5.921749e-05 / 7.914252e-01
PCG: 2 : 4.760371e-05 / 6.362103e-01
PCG: 3 : 5.451722e-05 / 7.286074e-01
PCG: 4 : 7.210117e-05 / 9.636120e-01
PCG: 0 : 7.210117e-05
PCG: 1 : 5.333807e-05 / 7.397670e-01
PCG: 2 : 4.548128e-05 / 6.307980e-01
PCG: 3 : 5.523384e-05 / 7.660603e-01
PCG: 4 : 6.799686e-05 / 9.430757e-01
PCG: 0 : 6.799686e-05
PCG: 1 : 5.383181e-05 / 7.916809e-01
PCG: 2 : 4.326247e-05 / 6.362422e-01
PCG: 3 : 4.956000e-05 / 7.288572e-01
PCG: 4 : 6.552309e-05 / 9.636194e-01
PCG: 0 : 6.552309e-05
PCG: 1 : 4.848737e-05 / 7.400043e-01
PCG: 2 : 4.133378e-05 / 6.308277e-01
PCG: 3 : 5.021087e-05 / 7.663080e-01
PCG: 4 : 6.179285e-05 / 9.430699e-01
PCG: 0 : 6.179285e-05
PCG: 1 : 4.893572e-05 / 7.919317e-01
PCG: 2 : 3.931735e-05 / 6.362766e-01
PCG: 3 : 4.505343e-05 / 7.291042e-01
PCG: 4 : 5.954527e-05 / 9.636271e-01
PCG: 0 : 5.954526e-05
PCG: 1 : 4.407766e-05 / 7.402378e-01
PCG: 2 : 3.756459e-05 / 6.308577e-01
PCG: 3 : 4.564455e-05 / 7.665522e-01
PCG: 4 : 5.615543e-05 / 9.430713e-01
PCG: 0 : 5.615543e-05
PCG: 1 : 4.448486e-05 / 7.921739e-01
PCG: 2 : 3.573212e-05 / 6.363075e-01
PCG: 3 : 4.095647e-05 / 7.293413e-01
PCG: 4 : 5.411313e-05 / 9.636313e-01
PCG: 0 : 5.411312e-05
PCG: 1 : 4.006885e-05 / 7.404646e-01
PCG: 2 : 3.413930e-05 / 6.308876e-01
PCG: 3 : 4.149357e-05 / 7.667931e-01
PCG: 4 : 5.103268e-05 / 9.430739e-01
PCG: 0 : 5.103268e-05
PCG: 1 : 4.043860e-05 / 7.924059e-01
PCG: 2 : 3.247379e-05 / 6.363332e-01
PCG: 3 : 3.723164e-05 / 7.295647e-01
PCG: 4 : 4.917632e-05 / 9.636242e-01
PCG: 0 : 4.917632e-05
PCG: 1 : 3.642443e-05 / 7.406904e-01
PCG: 2 : 3.102648e-05 / 6.309232e-01
PCG: 3 : 3.771999e-05 / 7.670355e-01
PCG: 4 : 4.637755e-05 / 9.430870e-01
PCG: 0 : 4.637754e-05
PCG: 1 : 3.676068e-05 / 7.926397e-01
PCG: 2 : 2.951297e-05 / 6.363634e-01
PCG: 3 : 3.384583e-05 / 7.297891e-01
PCG: 4 : 4.469047e-05 / 9.636230e-01
PCG: 0 : 4.469047e-05
PCG: 1 : 3.311133e-05 / 7.409036e-01
PCG: 2 : 2.819749e-05 / 6.309509e-01
PCG: 3 : 3.428937e-05 / 7.672635e-01
PCG: 4 : 4.214688e-05 / 9.430844e-01
PCG: 0 : 4.214688e-05
PCG: 1 : 3.341677e-05 / 7.928646e-01
PCG: 2 : 2.682197e-05 / 6.363927e-01
PCG: 3 : 3.076761e-05 / 7.300092e-01
PCG: 4 : 4.061391e-05 / 9.636279e-01
PCG: 0 : 4.061391e-05
PCG: 1 : 3.009960e-05 / 7.411156e-01
PCG: 2 : 2.562658e-05 / 6.309803e-01
PCG: 3 : 3.117063e-05 / 7.674866e-01
PCG: 4 : 3.830249e-05 / 9.430881e-01
PCG: 0 : 3.830250e-05
PCG: 1 : 3.037705e-05 / 7.930827e-01
PCG: 2 : 2.437650e-05 / 6.364205e-01
PCG: 3 : 2.796917e-05 / 7.302178e-01
PCG: 4 : 3.690922e-05 / 9.636243e-01
PCG: 0 : 3.690922e-05
PCG: 1 : 2.736158e-05 / 7.413211e-01
PCG: 2 : 2.329013e-05 / 6.310112e-01
PCG: 3 : 2.833558e-05 / 7.677100e-01
PCG: 4 : 3.480903e-05 / 9.430984e-01
PCG: 0 : 3.480902e-05
PCG: 1 : 2.761379e-05 / 7.932941e-01
PCG: 2 : 2.215403e-05 / 6.364450e-01
PCG: 3 : 2.542523e-05 / 7.304207e-01
PCG: 4 : 3.354257e-05 / 9.636172e-01
PCG: 0 : 3.354258e-05
PCG: 1 : 2.487261e-05 / 7.415236e-01
PCG: 2 : 2.116677e-05 / 6.310420e-01
PCG: 3 : 2.575825e-05 / 7.679271e-01
PCG: 4 : 3.163430e-05 / 9.431089e-01
PCG: 0 : 3.163430e-05
PCG: 1 : 2.510183e-05 / 7.935004e-01
PCG: 2 : 2.013427e-05 / 6.364696e-01
PCG: 3 : 2.311263e-05 / 7.306191e-01
PCG: 4 : 3.048322e-05 / 9.636129e-01
PCG: 0 : 3.048322e-05
PCG: 1 : 2.260994e-05 / 7.417177e-01
PCG: 2 : 1.923708e-05 / 6.310711e-01
PCG: 3 : 2.341525e-05 / 7.681356e-01
PCG: 4 : 2.874916e-05 / 9.431142e-01
PCG: 0 : 2.874916e-05
PCG: 1 : 2.281835e-05 / 7.937050e-01
PCG: 2 : 1.829876e-05 / 6.364973e-01
PCG: 3 : 2.101042e-05 / 7.308186e-01
PCG: 4 : 2.770324e-05 / 9.636194e-01
PCG: 0 : 2.770325e-05
PCG: 1 : 2.055318e-05 / 7.419052e-01
PCG: 2 : 1.748336e-05 / 6.310943e-01
PCG: 3 : 2.128529e-05 / 7.683319e-01
PCG: 4 : 2.612719e-05 / 9.431095e-01
PCG: 0 : 2.612719e-05
PCG: 1 : 2.074238e-05 / 7.938999e-01
PCG: 2 : 1.663058e-05 / 6.365238e-01
PCG: 3 : 1.909929e-05 / 7.310120e-01
PCG: 4 : 2.517671e-05 / 9.636210e-01
PCG: 0 : 2.517671e-05
PCG: 1 : 1.868345e-05 / 7.420925e-01
PCG: 2 : 1.588957e-05 / 6.311219e-01
PCG: 3 : 1.934899e-05 / 7.685275e-01
PCG: 4 : 2.374446e-05 / 9.431121e-01
PCG: 0 : 2.374446e-05
PCG: 1 : 1.885527e-05 / 7.940914e-01
PCG: 2 : 1.511451e-05 / 6.365487e-01
PCG: 3 : 1.736192e-05 / 7.311985e-01
PCG: 4 : 2.288066e-05 / 9.636208e-01
PCG: 0 : 2.288065e-05
PCG: 1 : 1.698373e-05 / 7.422745e-01
PCG: 2 : 1.444113e-05 / 6.311500e-01
PCG: 3 : 1.758885e-05 / 7.687216e-01
PCG: 4 : 2.157923e-05 / 9.431213e-01
PCG: 0 : 2.157923e-05
PCG: 1 : 1.713983e-05 / 7.942742e-01
PCG: 2 : 1.373671e-05 / 6.365708e-01
PCG: 3 : 1.578257e-05 / 7.313775e-01
PCG: 4 : 2.079415e-05 / 9.636185e-01
PCG: 0 : 2.079415e-05
PCG: 1 : 1.543856e-05 / 7.424472e-01
PCG: 2 : 1.312471e-05 / 6.311730e-01
PCG: 3 : 1.598867e-05 / 7.689021e-01
PCG: 4 : 1.961133e-05 / 9.431177e-01
PCG: 0 : 1.961133e-05
PCG: 1 : 1.558036e-05 / 7.944570e-01
PCG: 2 : 1.248454e-05 / 6.365982e-01
PCG: 3 : 1.434686e-05 / 7.315595e-01
PCG: 4 : 1.889799e-05 / 9.636260e-01
PCG: 0 : 1.889799e-05
PCG: 1 : 1.403399e-05 / 7.426184e-01
PCG: 2 : 1.192833e-05 / 6.311958e-01
PCG: 3 : 1.453407e-05 / 7.690803e-01
PCG: 4 : 1.782298e-05 / 9.431151e-01
PCG: 0 : 1.782298e-05
PCG: 1 : 1.416276e-05 / 7.946350e-01
PCG: 2 : 1.134652e-05 / 6.366230e-01
PCG: 3 : 1.304168e-05 / 7.317344e-01
PCG: 4 : 1.717478e-05 / 9.636312e-01
PCG: 0 : 1.717477e-05
PCG: 1 : 1.275715e-05 / 7.427844e-01
PCG: 2 : 1.084106e-05 / 6.312197e-01
PCG: 3 : 1.321178e-05 / 7.692551e-01
PCG: 4 : 1.619782e-05 / 9.431171e-01
PCG: 0 : 1.619782e-05
PCG: 1 : 1.287416e-05 / 7.948079e-01
PCG: 2 : 1.031232e-05 / 6.366488e-01
PCG: 3 : 1.185529e-05 / 7.319064e-01
PCG: 4 : 1.560883e-05 / 9.636378e-01
PCG: 0 : 1.560883e-05
PCG: 1 : 1.159646e-05 / 7.429422e-01
PCG: 2 : 9.852903e-06 / 6.312389e-01
PCG: 3 : 1.200973e-05 / 7.694188e-01
PCG: 4 : 1.472078e-05 / 9.431059e-01
PCG: 0 : 1.472078e-05
PCG: 1 : 1.170270e-05 / 7.949780e-01
PCG: 2 : 9.372366e-06 / 6.366757e-01
PCG: 3 : 1.077675e-05 / 7.320771e-01
PCG: 4 : 1.418570e-05 / 9.636514e-01
PCG: 0 : 1.418570e-05
PCG: 1 : 1.054139e-05 / 7.430993e-01
PCG: 2 : 8.954858e-06 / 6.312593e-01
PCG: 3 : 1.091704e-05 / 7.695805e-01
PCG: 4 : 1.337858e-05 / 9.431030e-01
PCG: 0 : 1.337858e-05
PCG: 1 : 1.063784e-05 / 7.951398e-01
PCG: 2 : 8.518105e-06 / 6.366972e-01
PCG: 3 : 9.796292e-06 / 7.322370e-01
PCG: 4 : 1.289232e-05 / 9.636536e-01
PCG: 0 : 1.289231e-05
PCG: 1 : 9.582241e-06 / 7.432522e-01
PCG: 2 : 8.138668e-06 / 6.312806e-01
PCG: 3 : 9.923763e-06 / 7.697425e-01
PCG: 4 : 1.215879e-05 / 9.431039e-01
PCG: 0 : 1.215879e-05
PCG: 1 : 9.669867e-06 / 7.952983e-01
PCG: 2 : 7.741725e-06 / 6.367183e-01
PCG: 3 : 8.904976e-06 / 7.323899e-01
PCG: 4 : 1.171688e-05 / 9.636547e-01
PCG: 0 : 1.171688e-05
PCG: 1 : 8.710326e-06 / 7.434000e-01
PCG: 2 : 7.396911e-06 / 6.313040e-01
PCG: 3 : 9.020860e-06 / 7.699032e-01
PCG: 4 : 1.105026e-05 / 9.431066e-01
PCG: 0 : 1.105026e-05
PCG: 1 : 8.789980e-06 / 7.954543e-01
PCG: 2 : 7.036144e-06 / 6.367399e-01
PCG: 3 : 8.094756e-06 / 7.325396e-01
PCG: 4 : 1.064864e-05 / 9.636546e-01
PCG: 0 : 1.064864e-05
PCG: 1 : 7.917723e-06 / 7.435434e-01
PCG: 2 : 6.722748e-06 / 6.313248e-01
PCG: 3 : 8.200044e-06 / 7.700558e-01
PCG: 4 : 1.004278e-05 / 9.431049e-01
PCG: 0 : 1.004278e-05
PCG: 1 : 7.990107e-06 / 7.956071e-01
PCG: 2 : 6.394884e-06 / 6.367643e-01
PCG: 3 : 7.358245e-06 / 7.326900e-01
PCG: 4 : 9.677873e-06 / 9.636647e-01
PCG: 0 : 9.677873e-06
PCG: 1 : 7.197254e-06 / 7.436814e-01
PCG: 2 : 6.110068e-06 / 6.313441e-01
PCG: 3 : 7.453898e-06 / 7.702001e-01
PCG: 4 : 9.127183e-06 / 9.430981e-01
PCG: 0 : 9.127181e-06
PCG: 1 : 7.263021e-06 / 7.957573e-01
PCG: 2 : 5.812098e-06 / 6.367900e-01
PCG: 3 : 6.688769e-06 / 7.328405e-01
PCG: 4 : 8.795671e-06 / 9.636787e-01
PCG: 0 : 8.795670e-06
PCG: 1 : 6.542351e-06 / 7.438149e-01
PCG: 2 : 5.553230e-06 / 6.313596e-01
PCG: 3 : 6.775640e-06 / 7.703381e-01
PCG: 4 : 8.295066e-06 / 9.430852e-01
PCG: 0 : 8.295066e-06
PCG: 1 : 6.602050e-06 / 7.959009e-01
PCG: 2 : 5.282404e-06 / 6.368128e-01
PCG: 3 : 6.080160e-06 / 7.329852e-01
PCG: 4 : 7.993865e-06 / 9.636893e-01
PCG: 0 : 7.993865e-06
PCG: 1 : 5.947009e-06 / 7.439466e-01
PCG: 2 : 5.047134e-06 / 6.313760e-01
PCG: 3 : 6.159059e-06 / 7.704733e-01
PCG: 4 : 7.538841e-06 / 9.430784e-01
PCG: 0 : 7.538841e-06
PCG: 1 : 6.001232e-06 / 7.960417e-01
PCG: 2 : 4.801007e-06 / 6.368362e-01
PCG: 3 : 5.526924e-06 / 7.331265e-01
PCG: 4 : 7.265181e-06 / 9.637000e-01
PCG: 0 : 7.265181e-06
PCG: 1 : 5.405829e-06 / 7.440735e-01
PCG: 2 : 4.587178e-06 / 6.313921e-01
PCG: 3 : 5.598583e-06 / 7.706047e-01
PCG: 4 : 6.851577e-06 / 9.430704e-01
PCG: 0 : 6.851576e-06
PCG: 1 : 5.455072e-06 / 7.961777e-01
PCG: 2 : 4.363486e-06 / 6.368588e-01
PCG: 3 : 5.024013e-06 / 7.332639e-01
PCG: 4 : 6.602959e-06 / 9.637139e-01
PCG: 0 : 6.602959e-06
PCG: 1 : 4.913903e-06 / 7.441970e-01
PCG: 2 : 4.169150e-06 / 6.314063e-01
PCG: 3 : 5.089107e-06 / 7.707312e-01
PCG: 4 : 6.226980e-06 / 9.430590e-01
PCG: 0 : 6.226980e-06
PCG: 1 : 4.958600e-06 / 7.963091e-01
PCG: 2 : 3.965838e-06 / 6.368798e-01
PCG: 3 : 4.566840e-06 / 7.333958e-01
PCG: 4 : 6.001082e-06 / 9.637228e-01
PCG: 0 : 6.001082e-06
PCG: 1 : 4.466724e-06 / 7.443199e-01
PCG: 2 : 3.789231e-06 / 6.314247e-01
PCG: 3 : 4.625988e-06 / 7.708591e-01
PCG: 4 : 5.659361e-06 / 9.430568e-01
PCG: 0 : 5.659360e-06
PCG: 1 : 4.507330e-06 / 7.964380e-01
PCG: 2 : 3.604451e-06 / 6.369007e-01
PCG: 3 : 4.151274e-06 / 7.335234e-01
PCG: 4 : 5.454067e-06 / 9.637250e-01
PCG: 0 : 5.454068e-06
PCG: 1 : 4.060230e-06 / 7.444407e-01
PCG: 2 : 3.443942e-06 / 6.314446e-01
PCG: 3 : 4.205022e-06 / 7.709883e-01
PCG: 4 : 5.143523e-06 / 9.430618e-01
PCG: 0 : 5.143523e-06
PCG: 1 : 4.097130e-06 / 7.965610e-01
PCG: 2 : 3.275996e-06 / 6.369168e-01
PCG: 3 : 3.773506e-06 / 7.336422e-01
PCG: 4 : 4.956918e-06 / 9.637204e-01
PCG: 0 : 4.956918e-06
PCG: 1 : 3.690720e-06 / 7.445593e-01
PCG: 2 : 3.130123e-06 / 6.314656e-01
PCG: 3 : 3.822351e-06 / 7.711145e-01
PCG: 4 : 4.674703e-06 / 9.430664e-01
PCG: 0 : 4.674702e-06
PCG: 1 : 3.724246e-06 / 7.966809e-01
PCG: 2 : 2.977482e-06 / 6.369351e-01
PCG: 3 : 3.430103e-06 / 7.337587e-01
PCG: 4 : 4.505091e-06 / 9.637172e-01
PCG: 0 : 4.505091e-06
PCG: 1 : 3.354823e-06 / 7.446738e-01
PCG: 2 : 2.844901e-06 / 6.314858e-01
PCG: 3 : 3.474487e-06 / 7.712356e-01
PCG: 4 : 4.248610e-06 / 9.430687e-01
PCG: 0 : 4.248611e-06
PCG: 1 : 3.385286e-06 / 7.967983e-01
PCG: 2 : 2.706168e-06 / 6.369537e-01
PCG: 3 : 3.117951e-06 / 7.338755e-01
PCG: 4 : 4.094479e-06 / 9.637218e-01
PCG: 0 : 4.094479e-06
PCG: 1 : 3.049496e-06 / 7.447824e-01
PCG: 2 : 2.585665e-06 / 6.315005e-01
PCG: 3 : 3.158274e-06 / 7.713494e-01
PCG: 4 : 3.861366e-06 / 9.430666e-01
PCG: 0 : 3.861366e-06
PCG: 1 : 3.077174e-06 / 7.969132e-01
PCG: 2 : 2.459580e-06 / 6.369715e-01
PCG: 3 : 2.834205e-06 / 7.339901e-01
PCG: 4 : 3.721299e-06 / 9.637259e-01
PCG: 0 : 3.721299e-06
PCG: 1 : 2.771949e-06 / 7.448875e-01
PCG: 2 : 2.350059e-06 / 6.315158e-01
PCG: 3 : 2.870830e-06 / 7.714592e-01
PCG: 4 : 3.509420e-06 / 9.430633e-01
PCG: 0 : 3.509420e-06
PCG: 1 : 2.797095e-06 / 7.970248e-01
PCG: 2 : 2.235467e-06 / 6.369907e-01
PCG: 3 : 2.576278e-06 / 7.341037e-01
PCG: 4 : 3.382157e-06 / 9.637367e-01
PCG: 0 : 3.382157e-06
PCG: 1 : 2.519675e-06 / 7.449906e-01
PCG: 2 : 2.135934e-06 / 6.315302e-01
PCG: 3 : 2.609554e-06 / 7.715651e-01
PCG: 4 : 3.189562e-06 / 9.430558e-01
PCG: 0 : 3.189562e-06
PCG: 1 : 2.542515e-06 / 7.971360e-01
PCG: 2 : 2.031786e-06 / 6.370110e-01
PCG: 3 : 2.341815e-06 / 7.342121e-01
PCG: 4 : 3.073915e-06 / 9.637420e-01
PCG: 0 : 3.073915e-06
PCG: 1 : 2.290347e-06 / 7.450911e-01
PCG: 2 : 1.941320e-06 / 6.315465e-01
PCG: 3 : 2.372060e-06 / 7.716739e-01
PCG: 4 : 2.898872e-06 / 9.430553e-01
PCG: 0 : 2.898872e-06
PCG: 1 : 2.311094e-06 / 7.972392e-01
PCG: 2 : 1.846653e-06 / 6.370247e-01
PCG: 3 : 2.128677e-06 / 7.343121e-01
PCG: 4 : 2.793761e-06 / 9.637406e-01
PCG: 0 : 2.793761e-06
PCG: 1 : 2.081883e-06 / 7.451903e-01
PCG: 2 : 1.764440e-06 / 6.315646e-01
PCG: 3 : 2.156168e-06 / 7.717799e-01
PCG: 4 : 2.634681e-06 / 9.430588e-01
PCG: 0 : 2.634680e-06
PCG: 1 : 2.100749e-06 / 7.973447e-01
PCG: 2 : 1.678406e-06 / 6.370435e-01
PCG: 3 : 1.934947e-06 / 7.344145e-01
PCG: 4 : 2.539143e-06 / 9.637385e-01
PCG: 0 : 2.539143e-06
PCG: 1 : 1.892393e-06 / 7.452881e-01
PCG: 2 : 1.603681e-06 / 6.315837e-01
PCG: 3 : 1.959927e-06 / 7.718851e-01
PCG: 4 : 2.394571e-06 / 9.430624e-01
PCG: 0 : 2.394570e-06
PCG: 1 : 1.909533e-06 / 7.974427e-01
PCG: 2 : 1.525483e-06 / 6.370591e-01
PCG: 3 : 1.758838e-06 / 7.345110e-01
PCG: 4 : 2.307743e-06 / 9.637401e-01
PCG: 0 : 2.307744e-06
PCG: 1 : 1.720147e-06 / 7.453802e-01
PCG: 2 : 1.457568e-06 / 6.315988e-01
PCG: 3 : 1.781539e-06 / 7.719833e-01
PCG: 4 : 2.176348e-06 / 9.430632e-01
PCG: 0 : 2.176348e-06
PCG: 1 : 1.735724e-06 / 7.975398e-01
PCG: 2 : 1.386495e-06 / 6.370739e-01
PCG: 3 : 1.598753e-06 / 7.346034e-01
PCG: 4 : 2.097431e-06 / 9.637387e-01
PCG: 0 : 2.097431e-06
PCG: 1 : 1.563571e-06 / 7.454697e-01
PCG: 2 : 1.324770e-06 / 6.316154e-01
PCG: 3 : 1.619390e-06 / 7.720825e-01
PCG: 4 : 1.978013e-06 / 9.430645e-01
PCG: 0 : 1.978013e-06
PCG: 1 : 1.577730e-06 / 7.976341e-01
PCG: 2 : 1.260171e-06 / 6.370895e-01
PCG: 3 : 1.453239e-06 / 7.346965e-01
PCG: 4 : 1.906290e-06 / 9.637399e-01
PCG: 0 : 1.906290e-06
PCG: 1 : 1.421251e-06 / 7.455588e-01
PCG: 2 : 1.204071e-06 / 6.316309e-01
PCG: 3 : 1.471988e-06 / 7.721743e-01
PCG: 4 : 1.797751e-06 / 9.430630e-01
PCG: 0 : 1.797751e-06
PCG: 1 : 1.434119e-06 / 7.977295e-01
PCG: 2 : 1.145364e-06 / 6.371091e-01
PCG: 3 : 1.320976e-06 / 7.347934e-01
PCG: 4 : 1.732583e-06 / 9.637501e-01
PCG: 0 : 1.732583e-06
PCG: 1 : 1.291890e-06 / 7.456440e-01
PCG: 2 : 1.094375e-06 / 6.316435e-01
PCG: 3 : 1.338005e-06 / 7.722604e-01
PCG: 4 : 1.633923e-06 / 9.430566e-01
PCG: 0 : 1.633923e-06
PCG: 1 : 1.303567e-06 / 7.978142e-01
PCG: 2 : 1.041008e-06 / 6.371219e-01
PCG: 3 : 1.200738e-06 / 7.348803e-01
PCG: 4 : 1.574696e-06 / 9.637512e-01
PCG: 0 : 1.574696e-06
PCG: 1 : 1.174296e-06 / 7.457287e-01
PCG: 2 : 9.946689e-07 / 6.316579e-01
PCG: 3 : 1.216215e-06 / 7.723495e-01
PCG: 4 : 1.485034e-06 / 9.430608e-01
PCG: 0 : 1.485034e-06
PCG: 1 : 1.184908e-06 / 7.978995e-01
PCG: 2 : 9.461685e-07 / 6.371360e-01
PCG: 3 : 1.091447e-06 / 7.349644e-01
PCG: 4 : 1.431200e-06 / 9.637492e-01
PCG: 0 : 1.431200e-06
PCG: 1 : 1.067403e-06 / 7.458094e-01
PCG: 2 : 9.040487e-07 / 6.316717e-01
PCG: 3 : 1.105508e-06 / 7.724338e-01
PCG: 4 : 1.349706e-06 / 9.430589e-01
PCG: 0 : 1.349706e-06
PCG: 1 : 1.077044e-06 / 7.979842e-01
PCG: 2 : 8.599683e-07 / 6.371522e-01
PCG: 3 : 9.921014e-07 / 7.350499e-01
PCG: 4 : 1.300786e-06 / 9.637553e-01
PCG: 0 : 1.300787e-06
PCG: 1 : 9.702438e-07 / 7.458901e-01
PCG: 2 : 8.216900e-07 / 6.316870e-01
PCG: 3 : 1.004881e-06 / 7.725178e-01
PCG: 4 : 1.226719e-06 / 9.430593e-01
PCG: 0 : 1.226719e-06
PCG: 1 : 9.790023e-07 / 7.980657e-01
PCG: 2 : 7.816246e-07 / 6.371669e-01
PCG: 3 : 9.017988e-07 / 7.351308e-01
PCG: 4 : 1.182253e-06 / 9.637524e-01
PCG: 0 : 1.182253e-06
PCG: 1 : 8.819213e-07 / 7.459665e-01
PCG: 2 : 7.468302e-07 / 6.317006e-01
PCG: 3 : 9.134095e-07 / 7.726005e-01
PCG: 4 : 1.114939e-06 / 9.430623e-01
PCG: 0 : 1.114939e-06
PCG: 1 : 8.898850e-07 / 7.981470e-01
PCG: 2 : 7.104185e-07 / 6.371817e-01
PCG: 3 : 8.197125e-07 / 7.352086e-01
PCG: 4 : 1.074529e-06 / 9.637558e-01
PCG: 0 : 1.074528e-06
PCG: 1 : 8.016419e-07 / 7.460406e-01
PCG: 2 : 6.787957e-07 / 6.317150e-01
PCG: 3 : 8.302646e-07 / 7.726781e-01
PCG: 4 : 1.013344e-06 / 9.430590e-01
PCG: 0 : 1.013344e-06
PCG: 1 : 8.088739e-07 / 7.982226e-01
PCG: 2 : 6.456985e-07 / 6.371959e-01
PCG: 3 : 7.450968e-07 / 7.352853e-01
PCG: 4 : 9.766136e-07 / 9.637535e-01
PCG: 0 : 9.766136e-07
PCG: 1 : 7.286682e-07 / 7.461172e-01
PCG: 2 : 6.169578e-07 / 6.317317e-01
PCG: 3 : 7.546892e-07 / 7.727613e-01
PCG: 4 : 9.210120e-07 / 9.430670e-01
PCG: 0 : 9.210120e-07
PCG: 1 : 7.352420e-07 / 7.982980e-01
PCG: 2 : 5.868756e-07 / 6.372073e-01
PCG: 3 : 6.772725e-07 / 7.353569e-01
PCG: 4 : 8.876248e-07 / 9.637495e-01
PCG: 0 : 8.876248e-07
PCG: 1 : 6.623341e-07 / 7.461870e-01
PCG: 2 : 5.607532e-07 / 6.317458e-01
PCG: 3 : 6.859889e-07 / 7.728365e-01
PCG: 4 : 8.370935e-07 / 9.430713e-01
PCG: 0 : 8.370935e-07
PCG: 1 : 6.683088e-07 / 7.983682e-01
PCG: 2 : 5.334123e-07 / 6.372195e-01
PCG: 3 : 6.156216e-07 / 7.354275e-01
PCG: 4 : 8.067489e-07 / 9.637501e-01
PCG: 0 : 8.067488e-07
PCG: 1 : 6.020404e-07 / 7.462551e-01
PCG: 2 : 5.096707e-07 / 6.317589e-01
PCG: 3 : 6.235423e-07 / 7.729077e-01
PCG: 4 : 7.608210e-07 / 9.430705e-01
PCG: 0 : 7.608210e-07
PCG: 1 : 6.074698e-07 / 7.984397e-01
PCG: 2 : 4.848204e-07 / 6.372332e-01
PCG: 3 : 5.595838e-07 / 7.354999e-01
PCG: 4 : 7.332425e-07 / 9.637516e-01
PCG: 0 : 7.332425e-07
PCG: 1 : 5.472349e-07 / 7.463219e-01
PCG: 2 : 4.632409e-07 / 6.317704e-01
PCG: 3 : 5.667810e-07 / 7.729789e-01
PCG: 4 : 6.914972e-07 / 9.430676e-01
PCG: 0 : 6.914972e-07
PCG: 1 : 5.521680e-07 / 7.985108e-01
PCG: 2 : 4.406544e-07 / 6.372467e-01
PCG: 3 : 5.086413e-07 / 7.355652e-01
PCG: 4 : 6.664325e-07 / 9.637529e-01
PCG: 0 : 6.664325e-07
PCG: 1 : 4.974154e-07 / 7.463853e-01
PCG: 2 : 4.210413e-07 / 6.317840e-01
PCG: 3 : 5.151857e-07 / 7.730501e-01
PCG: 4 : 6.284935e-07 / 9.430715e-01
PCG: 0 : 6.284934e-07
PCG: 1 : 5.019014e-07 / 7.985786e-01
PCG: 2 : 4.005135e-07 / 6.372597e-01
PCG: 3 : 4.623408e-07 / 7.356336e-01
PCG: 4 : 6.057136e-07 / 9.637549e-01
PCG: 0 : 6.057136e-07
PCG: 1 : 4.521358e-07 / 7.464514e-01
PCG: 2 : 3.826887e-07 / 6.317981e-01
PCG: 3 : 4.682883e-07 / 7.731183e-01
PCG: 4 : 5.712324e-07 / 9.430734e-01
PCG: 0 : 5.712324e-07
PCG: 1 : 4.562108e-07 / 7.986432e-01
PCG: 2 : 3.640292e-07 / 6.372699e-01
PCG: 3 : 4.202520e-07 / 7.356935e-01
PCG: 4 : 5.505224e-07 / 9.637452e-01
PCG: 0 : 5.505224e-07
PCG: 1 : 4.109728e-07 / 7.465143e-01
PCG: 2 : 3.478281e-07 / 6.318147e-01
PCG: 3 : 4.256603e-07 / 7.731934e-01
PCG: 4 : 5.191896e-07 / 9.430853e-01
PCG: 0 : 5.191896e-07
PCG: 1 : 4.146798e-07 / 7.987059e-01
PCG: 2 : 3.308690e-07 / 6.372797e-01
PCG: 3 : 3.819940e-07 / 7.357505e-01
PCG: 4 : 5.003608e-07 / 9.637343e-01
PCG: 0 : 5.003608e-07
PCG: 1 : 3.735585e-07 / 7.465783e-01
PCG: 2 : 3.161442e-07 / 6.318324e-01
PCG: 3 : 3.869106e-07 / 7.732630e-01
PCG: 4 : 4.718889e-07 / 9.430972e-01
PCG: 0 : 4.718889e-07
PCG: 1 : 3.769277e-07 / 7.987636e-01
PCG: 2 : 3.007295e-07 / 6.372887e-01
PCG: 3 : 3.472203e-07 / 7.358094e-01
PCG: 4 : 4.547725e-07 / 9.637278e-01
PCG: 0 : 4.547725e-07
PCG: 1 : 3.395505e-07 / 7.466382e-01
PCG: 2 : 2.873453e-07 / 6.318440e-01
PCG: 3 : 3.516862e-07 / 7.733234e-01
PCG: 4 : 4.288952e-07 / 9.430982e-01
PCG: 0 : 4.288951e-07
PCG: 1 : 3.426120e-07 / 7.988245e-01
PCG: 2 : 2.733360e-07 / 6.373026e-01
PCG: 3 : 3.156117e-07 / 7.358715e-01
PCG: 4 : 4.133398e-07 / 9.637316e-01
PCG: 0 : 4.133398e-07
PCG: 1 : 3.086393e-07 / 7.466962e-01
PCG: 2 : 2.611717e-07 / 6.318571e-01
PCG: 3 : 3.196709e-07 / 7.733853e-01
PCG: 4 : 3.898199e-07 / 9.430980e-01
PCG: 0 : 3.898199e-07
PCG: 1 : 3.114203e-07 / 7.988825e-01
PCG: 2 : 2.484374e-07 / 6.373132e-01
PCG: 3 : 2.868792e-07 / 7.359275e-01
PCG: 4 : 3.756801e-07 / 9.637274e-01
PCG: 0 : 3.756801e-07
PCG: 1 : 2.805393e-07 / 7.467506e-01
PCG: 2 : 2.373803e-07 / 6.318681e-01
PCG: 3 : 2.905673e-07 / 7.734435e-01
PCG: 4 : 3.543041e-07 / 9.431007e-01
PCG: 0 : 3.543041e-07
PCG: 1 : 2.830676e-07 / 7.989395e-01
PCG: 2 : 2.258069e-07 / 6.373250e-01
PCG: 3 : 2.607627e-07 / 7.359855e-01
PCG: 4 : 3.414546e-07 / 9.637331e-01
PCG: 0 : 3.414546e-07
PCG: 1 : 2.549998e-07 / 7.468045e-01
PCG: 2 : 2.157580e-07 / 6.318790e-01
PCG: 3 : 2.641140e-07 / 7.734966e-01
PCG: 4 : 3.220244e-07 / 9.430959e-01
PCG: 0 : 3.220244e-07
PCG: 1 : 2.572956e-07 / 7.989942e-01
PCG: 2 : 2.052382e-07 / 6.373375e-01
PCG: 3 : 2.370237e-07 / 7.360428e-01
PCG: 4 : 3.103466e-07 / 9.637363e-01
PCG: 0 : 3.103466e-07
PCG: 1 : 2.317843e-07 / 7.468563e-01
PCG: 2 : 1.961048e-07 / 6.318898e-01
PCG: 3 : 2.400693e-07 / 7.735521e-01
PCG: 4 : 2.926876e-07 / 9.430992e-01
PCG: 0 : 2.926876e-07
PCG: 1 : 2.338711e-07 / 7.990468e-01
PCG: 2 : 1.865436e-07 / 6.373472e-01
PCG: 3 : 2.154454e-07 / 7.360932e-01
PCG: 4 : 2.820724e-07 / 9.637318e-01
PCG: 0 : 2.820723e-07
PCG: 1 : 2.106820e-07 / 7.469078e-01
PCG: 2 : 1.782423e-07 / 6.319028e-01
PCG: 3 : 2.182132e-07 / 7.736072e-01
PCG: 4 : 2.660223e-07 / 9.430996e-01
PCG: 0 : 2.660223e-07
PCG: 1 : 2.125791e-07 / 7.991025e-01
PCG: 2 : 1.695525e-07 / 6.373622e-01
PCG: 3 : 1.958316e-07 / 7.361473e-01
PCG: 4 : 2.563754e-07 / 9.637366e-01
PCG: 0 : 2.563754e-07
PCG: 1 : 1.915005e-07 / 7.469535e-01
PCG: 2 : 1.620065e-07 / 6.319114e-01
PCG: 3 : 1.983470e-07 / 7.736585e-01
PCG: 4 : 2.417865e-07 / 9.430954e-01
PCG: 0 : 2.417865e-07
PCG: 1 : 1.932243e-07 / 7.991524e-01
PCG: 2 : 1.541077e-07 / 6.373711e-01
PCG: 3 : 1.780024e-07 / 7.361966e-01
PCG: 4 : 2.330192e-07 / 9.637397e-01
PCG: 0 : 2.330192e-07
PCG: 1 : 1.740659e-07 / 7.470022e-01
PCG: 2 : 1.472502e-07 / 6.319228e-01
PCG: 3 : 1.802896e-07 / 7.737115e-01
PCG: 4 : 2.197596e-07 / 9.430965e-01
PCG: 0 : 2.197596e-07
PCG: 1 : 1.756328e-07 / 7.992044e-01
PCG: 2 : 1.400713e-07 / 6.373844e-01
PCG: 3 : 1.617976e-07 / 7.362481e-01
PCG: 4 : 2.117917e-07 / 9.637427e-01
PCG: 0 : 2.117917e-07
PCG: 1 : 1.582181e-07 / 7.470458e-01
PCG: 2 : 1.338376e-07 / 6.319304e-01
PCG: 3 : 1.638748e-07 / 7.737548e-01
PCG: 4 : 1.997384e-07 / 9.430889e-01
PCG: 0 : 1.997384e-07
PCG: 1 : 1.596415e-07 / 7.992533e-01
PCG: 2 : 1.273126e-07 / 6.373971e-01
PCG: 3 : 1.470673e-07 / 7.362999e-01
PCG: 4 : 1.924981e-07 / 9.637515e-01
PCG: 0 : 1.924981e-07
PCG: 1 : 1.438133e-07 / 7.470896e-01
PCG: 2 : 1.216473e-07 / 6.319401e-01
PCG: 3 : 1.489553e-07 / 7.738013e-01
PCG: 4 : 1.815425e-07 / 9.430873e-01
PCG: 0 : 1.815425e-07
PCG: 1 : 1.451069e-07 / 7.992999e-01
PCG: 2 : 1.157167e-07 / 6.374081e-01
PCG: 3 : 1.336779e-07 / 7.363452e-01
PCG: 4 : 1.749617e-07 / 9.637506e-01
PCG: 0 : 1.749617e-07
PCG: 1 : 1.307199e-07 / 7.471342e-01
PCG: 2 : 1.105671e-07 / 6.319504e-01
PCG: 3 : 1.353939e-07 / 7.738490e-01
PCG: 4 : 1.650041e-07 / 9.430866e-01
PCG: 0 : 1.650041e-07
PCG: 1 : 1.318954e-07 / 7.993463e-01
PCG: 2 : 1.051767e-07 / 6.374191e-01
PCG: 3 : 1.215076e-07 / 7.363916e-01
PCG: 4 : 1.590231e-07 / 9.637525e-01
PCG: 0 : 1.590231e-07
PCG: 1 : 1.188183e-07 / 7.471766e-01
PCG: 2 : 1.004963e-07 / 6.319602e-01
PCG: 3 : 1.230669e-07 / 7.738935e-01
PCG: 4 : 1.499726e-07 / 9.430870e-01
PCG: 0 : 1.499726e-07
PCG: 1 : 1.198865e-07 / 7.993894e-01
PCG: 2 : 9.559670e-08 / 6.374279e-01
PCG: 3 : 1.104448e-07 / 7.364333e-01
PCG: 4 : 1.445362e-07 / 9.637508e-01
PCG: 0 : 1.445362e-07
PCG: 1 : 1.080001e-07 / 7.472185e-01
PCG: 2 : 9.134279e-08 / 6.319718e-01
PCG: 3 : 1.118625e-07 / 7.739413e-01
PCG: 4 : 1.363111e-07 / 9.430932e-01
PCG: 0 : 1.363111e-07
PCG: 1 : 1.089713e-07 / 7.994308e-01
PCG: 2 : 8.688972e-08 / 6.374369e-01
PCG: 3 : 1.003895e-07 / 7.364733e-01
PCG: 4 : 1.313694e-07 / 9.637469e-01
PCG: 0 : 1.313694e-07
PCG: 1 : 9.816709e-08 / 7.472599e-01
PCG: 2 : 8.302310e-08 / 6.319820e-01
PCG: 3 : 1.016779e-07 / 7.739847e-01
PCG: 4 : 1.238936e-07 / 9.430929e-01
PCG: 0 : 1.238936e-07
PCG: 1 : 9.904969e-08 / 7.994741e-01
PCG: 2 : 7.897555e-08 / 6.374468e-01
PCG: 3 : 9.124932e-08 / 7.365139e-01
PCG: 4 : 1.194023e-07 / 9.637490e-01
PCG: 0 : 1.194023e-07
PCG: 1 : 8.922900e-08 / 7.472972e-01
PCG: 2 : 7.546136e-08 / 6.319926e-01
PCG: 3 : 9.242057e-08 / 7.740268e-01
PCG: 4 : 1.126076e-07 / 9.430941e-01
PCG: 0 : 1.126076e-07
PCG: 1 : 9.003129e-08 / 7.995136e-01
PCG: 2 : 7.178244e-08 / 6.374565e-01
PCG: 3 : 8.294185e-08 / 7.365566e-01
PCG: 4 : 1.085252e-07 / 9.637472e-01
PCG: 0 : 1.085252e-07
PCG: 1 : 8.110530e-08 / 7.473404e-01
PCG: 2 : 6.858830e-08 / 6.320032e-01
PCG: 3 : 8.400593e-08 / 7.740681e-01
PCG: 4 : 1.023498e-07 / 9.430964e-01
PCG: 0 : 1.023498e-07
PCG: 1 : 8.183372e-08 / 7.995496e-01
PCG: 2 : 6.524430e-08 / 6.374641e-01
PCG: 3 : 7.539040e-08 / 7.365957e-01
PCG: 4 : 9.863903e-08 / 9.637445e-01
PCG: 0 : 9.863902e-08
PCG: 1 : 7.372104e-08 / 7.473821e-01
PCG: 2 : 6.234138e-08 / 6.320154e-01
PCG: 3 : 7.635756e-08 / 7.741111e-01
PCG: 4 : 9.302659e-08 / 9.431013e-01
PCG: 0 : 9.302659e-08
PCG: 1 : 7.438268e-08 / 7.995852e-01
PCG: 2 : 5.930177e-08 / 6.374711e-01
PCG: 3 : 6.852607e-08 / 7.366289e-01
PCG: 4 : 8.965299e-08 / 9.637352e-01
PCG: 0 : 8.965299e-08
PCG: 1 : 6.700839e-08 / 7.474195e-01
PCG: 2 : 5.666314e-08 / 6.320273e-01
PCG: 3 : 6.940517e-08 / 7.741535e-01
PCG: 4 : 8.455256e-08 / 9.431093e-01
PCG: 0 : 8.455255e-08
PCG: 1 : 6.761043e-08 / 7.996262e-01
PCG: 2 : 5.390078e-08 / 6.374827e-01
PCG: 3 : 6.228698e-08 / 7.366659e-01
PCG: 4 : 8.148623e-08 / 9.637347e-01
PCG: 0 : 8.148623e-08
PCG: 1 : 6.090707e-08 / 7.474523e-01
PCG: 2 : 5.150236e-08 / 6.320376e-01
PCG: 3 : 6.308633e-08 / 7.741963e-01
PCG: 4 : 7.685069e-08 / 9.431126e-01
PCG: 0 : 7.685070e-08
PCG: 1 : 6.145461e-08 / 7.996624e-01
PCG: 2 : 4.899154e-08 / 6.374899e-01
PCG: 3 : 5.661586e-08 / 7.366993e-01
PCG: 4 : 7.406325e-08 / 9.637291e-01
PCG: 0 : 7.406324e-08
PCG: 1 : 5.536151e-08 / 7.474896e-01
PCG: 2 : 4.681158e-08 / 6.320487e-01
PCG: 3 : 5.734226e-08 / 7.742337e-01
PCG: 4 : 6.985006e-08 / 9.431137e-01
PCG: 0 : 6.985006e-08
PCG: 1 : 5.585890e-08 / 7.996973e-01
PCG: 2 : 4.452939e-08 / 6.374997e-01
PCG: 3 : 5.146113e-08 / 7.367371e-01
PCG: 4 : 6.731680e-08 / 9.637330e-01
PCG: 0 : 6.731680e-08
PCG: 1 : 5.032083e-08 / 7.475226e-01
PCG: 2 : 4.254798e-08 / 6.320560e-01
PCG: 3 : 5.212111e-08 / 7.742660e-01
PCG: 4 : 6.348729e-08 / 9.431122e-01
PCG: 0 : 6.348728e-08
PCG: 1 : 5.077272e-08 / 7.997305e-01
PCG: 2 : 4.047369e-08 / 6.375087e-01
PCG: 3 : 4.677581e-08 / 7.367746e-01
PCG: 4 : 6.118504e-08 / 9.637370e-01
PCG: 0 : 6.118503e-08
PCG: 1 : 4.573925e-08 / 7.475561e-01
PCG: 2 : 3.867287e-08 / 6.320642e-01
PCG: 3 : 4.737547e-08 / 7.742984e-01
PCG: 4 : 5.770427e-08 / 9.431109e-01
PCG: 0 : 5.770427e-08
PCG: 1 : 4.614971e-08 / 7.997625e-01
PCG: 2 : 3.678744e-08 / 6.375167e-01
PCG: 3 : 4.251677e-08 / 7.368045e-01
PCG: 4 : 5.561141e-08 / 9.637313e-01
PCG: 0 : 5.561141e-08
PCG: 1 : 4.157448e-08 / 7.475892e-01
PCG: 2 : 3.515061e-08 / 6.320755e-01
PCG: 3 : 4.306200e-08 / 7.743375e-01
PCG: 4 : 5.244801e-08 / 9.431161e-01
PCG: 0 : 5.244801e-08
PCG: 1 : 4.194768e-08 / 7.997953e-01
PCG: 2 : 3.343691e-08 / 6.375248e-01
PCG: 3 : 3.864566e-08 / 7.368374e-01
PCG: 4 : 5.054581e-08 / 9.637316e-01
PCG: 0 : 5.054581e-08
PCG: 1 : 3.778898e-08 / 7.476186e-01
PCG: 2 : 3.194912e-08 / 6.320826e-01
PCG: 3 : 3.914109e-08 / 7.743686e-01
PCG: 4 : 4.767044e-08 / 9.431137e-01
PCG: 0 : 4.767045e-08
PCG: 1 : 3.812824e-08 / 7.998297e-01
PCG: 2 : 3.039162e-08 / 6.375359e-01
PCG: 3 : 3.512689e-08 / 7.368693e-01
PCG: 4 : 4.594166e-08 / 9.637347e-01
PCG: 0 : 4.594166e-08
PCG: 1 : 3.434813e-08 / 7.476465e-01
PCG: 2 : 2.903936e-08 / 6.320921e-01
PCG: 3 : 3.557737e-08 / 7.744032e-01
PCG: 4 : 4.332832e-08 / 9.431160e-01
PCG: 0 : 4.332832e-08
PCG: 1 : 3.465674e-08 / 7.998635e-01
PCG: 2 : 2.762374e-08 / 6.375446e-01
PCG: 3 : 3.192857e-08 / 7.368984e-01
PCG: 4 : 4.175704e-08 / 9.637356e-01
PCG: 0 : 4.175704e-08
PCG: 1 : 3.122060e-08 / 7.476728e-01
PCG: 2 : 2.639459e-08 / 6.320990e-01
PCG: 3 : 3.233794e-08 / 7.744307e-01
PCG: 4 : 3.938140e-08 / 9.431080e-01
PCG: 0 : 3.938140e-08
PCG: 1 : 3.150097e-08 / 7.998947e-01
PCG: 2 : 2.510787e-08 / 6.375566e-01
PCG: 3 : 2.902150e-08 / 7.369341e-01
PCG: 4 : 3.795364e-08 / 9.637454e-01
PCG: 0 : 3.795364e-08
PCG: 1 : 2.837790e-08 / 7.476988e-01
PCG: 2 : 2.399065e-08 / 6.321040e-01
PCG: 3 : 2.939345e-08 / 7.744566e-01
PCG: 4 : 3.579413e-08 / 9.431013e-01
PCG: 0 : 3.579413e-08
PCG: 1 : 2.863267e-08 / 7.999264e-01
PCG: 2 : 2.282118e-08 / 6.375676e-01
PCG: 3 : 2.637903e-08 / 7.369654e-01
PCG: 4 : 3.449662e-08 / 9.637507e-01
PCG: 0 : 3.449662e-08
PCG: 1 : 2.579401e-08 / 7.477260e-01
PCG: 2 : 2.180574e-08 / 6.321124e-01
PCG: 3 : 2.671708e-08 / 7.744841e-01
PCG: 4 : 3.253375e-08 / 9.430998e-01
PCG: 0 : 3.253376e-08
PCG: 1 : 2.602545e-08 / 7.999523e-01
PCG: 2 : 2.074269e-08 / 6.375743e-01
PCG: 3 : 2.397717e-08 / 7.369937e-01
PCG: 4 : 3.135441e-08 / 9.637501e-01

PCG ( VCycle ( S: Scale / C: Scale )  )

Complete solver TOE: 3.69929
0.705175 GFlop/s [0.705175 GFlops/s]

Total time: 3.69929s
Accumulated op time: 3.45596

Reductions: 2.56601%
Blas-1: 6.22433%
Blas-2: 84.6318%
Precon Kernels: 0%
MPI Execution: 0%
MPI Wait: 0%
Not covered: 6.57788%

Domain size: 1.58899 MByte
LA size: 4.66325 MByte
MPI size: 0.15921 MByte

H0-Error: 2.749913e-05
H1-Error: 1.613732e-02

Writing DATA to output.data...
Run-Time: 0:03.837 [0:03.837]
0xb335a9f8 Error: MemoryPool<CPU> still contains memory chunks on deconstructor call
