NUM-PROCS: 1
Preparing domain...
LVL-MIN: 3 [3]
LVL-MAX: 8 [8]
Creating gates...
Assembling system matrices...
Assembling system filters...
Assembling transfer matrices...
Converting assembled linear system from SparseMatrixCSR, Mem:main to SparseMatrixELL, Mem:cudaand to SparseMatrixELL, Mem:cuda...
PCG: 0 : 3.788187e-02
PCG: 1 : 3.863712e-02 / 1.019937e+00
PCG: 2 : 4.165917e-02 / 1.099712e+00
PCG: 3 : 2.963624e-02 / 7.823329e-01
PCG: 4 : 5.199960e-03 / 1.372678e-01
PCG: 0 : 5.385119e-03
PCG: 1 : 9.223269e-04 / 1.712733e-01
PCG: 2 : 9.563896e-05 / 1.775986e-02
PCG: 3 : 4.477531e-05 / 8.314637e-03
PCG: 4 : 6.224717e-05 / 1.155911e-02
PCG: 0 : 6.224724e-05
PCG: 1 : 3.816529e-05 / 6.131243e-01
PCG: 2 : 2.913984e-05 / 4.681307e-01
PCG: 3 : 3.531496e-05 / 5.673338e-01
PCG: 4 : 1.192422e-05 / 1.915622e-01
PCG: 0 : 1.192421e-05
PCG: 1 : 2.700589e-06 / 2.264794e-01
PCG: 2 : 5.499434e-07 / 4.611988e-02
PCG: 3 : 2.295457e-07 / 1.925038e-02
PCG: 4 : 1.924364e-07 / 1.613829e-02
PCG: 0 : 1.924365e-07
PCG: 1 : 1.080860e-07 / 5.616709e-01
PCG: 2 : 1.112017e-07 / 5.778620e-01
PCG: 3 : 1.505457e-07 / 7.823138e-01
PCG: 4 : 5.743005e-08 / 2.984365e-01
PCG: 0 : 5.743007e-08
PCG: 1 : 1.262309e-08 / 2.197993e-01
PCG: 2 : 2.763112e-09 / 4.811263e-02
PCG: 3 : 1.196008e-09 / 2.082546e-02
PCG: 4 : 9.503146e-10 / 1.654734e-02
PCG: 0 : 9.503153e-10
PCG: 1 : 5.346903e-10 / 5.626452e-01
PCG: 2 : 5.465908e-10 / 5.751679e-01
PCG: 3 : 7.426106e-10 / 7.814360e-01
PCG: 4 : 2.956788e-10 / 3.111376e-01

PCG ( VCycle ( S: Scale / C: Scale )  )

Complete solver TOE: 1.25328
0.224657 GFlop/s [0.224657 GFlops/s]

Total time: 1.25328s
Accumulated op time: 0.140293

Reductions: 5.66681%
Blas-1: 2.92776%
Blas-2: 2.5995%
Precon Kernels: 0%
MPI Execution: 0%
MPI Wait: 0%
Not covered: 88.8059%

Domain size: 6.73462 MByte
LA size: 22.3983 MByte
MPI size: 0.674286 MByte

H0-Error: 6.865372e-06
H1-Error: 8.068795e-03

Writing DATA to output.data...
Run-Time: 0:02.007 [0:02.007]
0xb33c99f8 Error: MemoryPool<CUDA> still contains memory chunks on deconstructor call
