NUM-PROCS: 1
Preparing domain...
LVL-MIN: 2 [2]
LVL-MAX: 9 [9]
Creating gates...
Assembling system matrices...
Assembling system filters...
Assembling transfer matrices...
Converting assembled linear system from SparseMatrixCSR, Mem:main to SparseMatrixELL, Mem:cudaand to SparseMatrixELL, Mem:cuda...
PCG: 0 : 1.894534e-02
PCG: 1 : 9.764044e-03 / 5.153797e-01
PCG: 2 : 5.655361e-03 / 2.985094e-01
PCG: 3 : 1.963571e-03 / 1.036440e-01
PCG: 4 : 4.557535e-04 / 2.405624e-02
PCG: 5 : 4.926800e-05 / 2.600534e-03
PCG: 6 : 4.678470e-06 / 2.469457e-04
PCG: 7 : 7.020858e-07 / 3.705850e-05
PCG: 8 : 1.188731e-07 / 6.274528e-06
PCG: 9 : 5.592362e-08 / 2.951841e-06
PCG: 0 : 5.474115e-04
PCG: 1 : 4.983077e-05 / 9.102982e-02
PCG: 2 : 1.977671e-05 / 3.612768e-02
PCG: 3 : 4.071399e-06 / 7.437547e-03
PCG: 4 : 6.283740e-07 / 1.147901e-03
PCG: 5 : 7.286841e-08 / 1.331145e-04
PCG: 6 : 6.988717e-09 / 1.276684e-05
PCG: 7 : 9.969421e-10 / 1.821193e-06
PCG: 8 : 1.794915e-10 / 3.278914e-07
PCG: 9 : 3.369680e-11 / 6.155661e-08
PCG: 0 : 5.766523e-09
PCG: 1 : 8.431974e-09 / 1.462229e+00
PCG: 2 : 1.177479e-09 / 2.041923e-01
PCG: 3 : 1.645652e-10 / 2.853803e-02
PCG: 4 : 1.916991e-11 / 3.324345e-03
PCG: 5 : 3.865498e-12 / 6.703343e-04
PCG: 6 : 5.655271e-13 / 9.807073e-05
PCG: 7 : 6.848675e-14 / 1.187661e-05
PCG: 8 : 8.868581e-15 / 1.537943e-06
PCG: 9 : 2.759665e-15 / 4.785666e-07

PCG ( VCycle ( S: Scale / C: Scale )  )

Complete solver TOE: 2.89563
0.357837 GFlop/s [0.357837 GFlops/s]

Total time: 2.89563s
Accumulated op time: 0.49736

Reductions: 10.0827%
Blas-1: 3.59217%
Blas-2: 3.50138%
Precon Kernels: 0%
MPI Execution: 0%
MPI Wait: 0%
Not covered: 82.8238%

Domain size: 26.8068 MByte
LA size: 89.2992 MByte
MPI size: 2.68231 MByte

H0-Error: 1.716360e-06
H1-Error: 4.034414e-03

Writing DATA to output.data...
Run-Time: 0:05.850 [0:05.850]
0xb331f9f8 Error: MemoryPool<CUDA> still contains memory chunks on deconstructor call
