NUM-PROCS: 1
Preparing domain...
LVL-MIN: 6 [6]
LVL-MAX: 9 [9]
Creating gates...
Assembling system matrices...
Assembling system filters...
Assembling transfer matrices...
Converting assembled linear system from SparseMatrixCSR, Mem:main to SparseMatrixELL, Mem:cudaand to SparseMatrixELL, Mem:cuda...
PCG: 0 : 1.894534e-02
PCG: 1 : 1.596297e-01 / 8.425805e+00
PCG: 2 : 1.434520e-01 / 7.571887e+00
PCG: 3 : 2.809196e-01 / 1.482790e+01
PCG: 4 : 2.514510e-01 / 1.327244e+01
PCG: 5 : 1.382852e-01 / 7.299170e+00
PCG: 6 : 1.655620e-01 / 8.738929e+00
PCG: 7 : 1.904219e-01 / 1.005112e+01
PCG: 8 : 2.012583e-01 / 1.062310e+01
PCG: 0 : 2.011731e-01
PCG: 1 : 1.534582e-01 / 7.628166e-01
PCG: 2 : 9.312584e-02 / 4.629140e-01
PCG: 3 : 9.342347e-02 / 4.643935e-01
PCG: 4 : 1.317268e-01 / 6.547934e-01
PCG: 5 : 1.364887e-01 / 6.784641e-01
PCG: 6 : 8.993343e-02 / 4.470450e-01
PCG: 7 : 8.290216e-02 / 4.120937e-01
PCG: 8 : 1.266260e-01 / 6.294381e-01
PCG: 0 : 1.266260e-01
PCG: 1 : 6.292617e-02 / 4.969450e-01
PCG: 2 : 5.061342e-02 / 3.997079e-01
PCG: 3 : 4.637590e-02 / 3.662431e-01
PCG: 4 : 3.522588e-02 / 2.781883e-01
PCG: 5 : 3.953786e-02 / 3.122412e-01
PCG: 6 : 3.006685e-02 / 2.374461e-01
PCG: 7 : 2.169118e-02 / 1.713012e-01
PCG: 8 : 4.124269e-02 / 3.257047e-01
PCG: 0 : 4.124268e-02
PCG: 1 : 3.121460e-02 / 7.568519e-01
PCG: 2 : 2.729483e-02 / 6.618102e-01
PCG: 3 : 1.970944e-02 / 4.778894e-01
PCG: 4 : 2.373108e-02 / 5.754011e-01
PCG: 5 : 3.925378e-02 / 9.517756e-01
PCG: 6 : 3.001953e-02 / 7.278753e-01
PCG: 7 : 2.542955e-02 / 6.165833e-01
PCG: 8 : 4.636715e-02 / 1.124252e+00
PCG: 0 : 4.636715e-02
PCG: 1 : 2.792212e-02 / 6.021960e-01
PCG: 2 : 2.832040e-02 / 6.107858e-01
PCG: 3 : 2.626483e-02 / 5.664533e-01
PCG: 4 : 1.453253e-02 / 3.134229e-01
PCG: 5 : 1.867110e-02 / 4.026795e-01
PCG: 6 : 2.273978e-02 / 4.904286e-01
PCG: 7 : 1.610232e-02 / 3.472785e-01
PCG: 8 : 2.132025e-02 / 4.598136e-01
PCG: 0 : 2.132024e-02
PCG: 1 : 1.697276e-02 / 7.960867e-01
PCG: 2 : 1.963498e-02 / 9.209549e-01
PCG: 3 : 1.583275e-02 / 7.426158e-01
PCG: 4 : 1.196701e-02 / 5.612981e-01
PCG: 5 : 1.895858e-02 / 8.892290e-01
PCG: 6 : 2.106673e-02 / 9.881093e-01
PCG: 7 : 1.972541e-02 / 9.251961e-01
PCG: 8 : 2.614836e-02 / 1.226457e+00
PCG: 0 : 2.614836e-02
PCG: 1 : 1.820164e-02 / 6.960911e-01
PCG: 2 : 1.774391e-02 / 6.785861e-01
PCG: 3 : 1.642347e-02 / 6.280880e-01
PCG: 4 : 9.190731e-03 / 3.514840e-01
PCG: 5 : 1.155388e-02 / 4.418587e-01
PCG: 6 : 1.414566e-02 / 5.409770e-01
PCG: 7 : 1.150077e-02 / 4.398277e-01
PCG: 8 : 1.435253e-02 / 5.488885e-01
PCG: 0 : 1.435253e-02
PCG: 1 : 1.113709e-02 / 7.759667e-01
PCG: 2 : 1.277554e-02 / 8.901245e-01
PCG: 3 : 1.091847e-02 / 7.607349e-01
PCG: 4 : 7.987082e-03 / 5.564929e-01
PCG: 5 : 1.259612e-02 / 8.776233e-01
PCG: 6 : 1.341755e-02 / 9.348558e-01
PCG: 7 : 1.296899e-02 / 9.036031e-01
PCG: 8 : 1.701804e-02 / 1.185717e+00
PCG: 0 : 1.701804e-02
PCG: 1 : 1.205727e-02 / 7.084994e-01
PCG: 2 : 1.150441e-02 / 6.760128e-01
PCG: 3 : 1.065700e-02 / 6.262181e-01
PCG: 4 : 6.133201e-03 / 3.603942e-01
PCG: 5 : 7.975678e-03 / 4.686603e-01
PCG: 6 : 9.072433e-03 / 5.331069e-01
PCG: 7 : 7.583376e-03 / 4.456082e-01
PCG: 8 : 9.626428e-03 / 5.656603e-01
PCG: 0 : 9.626428e-03
PCG: 1 : 7.431157e-03 / 7.719538e-01
PCG: 2 : 8.316558e-03 / 8.639298e-01
PCG: 3 : 7.320508e-03 / 7.604595e-01
PCG: 4 : 5.524250e-03 / 5.738630e-01
PCG: 5 : 8.750273e-03 / 9.089844e-01
PCG: 6 : 8.599665e-03 / 8.933392e-01
PCG: 7 : 8.590303e-03 / 8.923667e-01
PCG: 8 : 1.161278e-02 / 1.206343e+00
PCG: 0 : 1.161278e-02
PCG: 1 : 8.235559e-03 / 7.091808e-01
PCG: 2 : 7.388772e-03 / 6.362622e-01
PCG: 3 : 7.057844e-03 / 6.077654e-01
PCG: 4 : 4.438051e-03 / 3.821697e-01
PCG: 5 : 5.638225e-03 / 4.855191e-01
PCG: 6 : 5.759664e-03 / 4.959765e-01
PCG: 7 : 4.992284e-03 / 4.298958e-01
PCG: 8 : 6.733810e-03 / 5.798621e-01
PCG: 0 : 6.733810e-03
PCG: 1 : 5.197338e-03 / 7.718273e-01
PCG: 2 : 5.262604e-03 / 7.815196e-01
PCG: 3 : 4.930104e-03 / 7.321419e-01
PCG: 4 : 4.566161e-03 / 6.780948e-01
PCG: 5 : 6.536018e-03 / 9.706271e-01
PCG: 6 : 5.229995e-03 / 7.766770e-01
PCG: 7 : 5.951733e-03 / 8.838583e-01
PCG: 8 : 8.619865e-03 / 1.280087e+00
PCG: 0 : 8.619865e-03
PCG: 1 : 6.011446e-03 / 6.973944e-01
PCG: 2 : 4.473304e-03 / 5.189528e-01
PCG: 3 : 5.006547e-03 / 5.808150e-01
PCG: 4 : 3.806254e-03 / 4.415677e-01
PCG: 5 : 3.980604e-03 / 4.617942e-01
PCG: 6 : 3.459177e-03 / 4.013030e-01
PCG: 7 : 3.458654e-03 / 4.012423e-01
PCG: 8 : 4.866736e-03 / 5.645954e-01
PCG: 0 : 4.866736e-03
PCG: 1 : 3.672189e-03 / 7.545487e-01
PCG: 2 : 3.212559e-03 / 6.601055e-01
PCG: 3 : 3.474298e-03 / 7.138867e-01
PCG: 4 : 3.733548e-03 / 7.671564e-01
PCG: 5 : 4.413560e-03 / 9.068831e-01
PCG: 6 : 3.191928e-03 / 6.558663e-01
PCG: 7 : 4.418289e-03 / 9.078547e-01
PCG: 8 : 5.943880e-03 / 1.221328e+00
PCG: 0 : 5.943880e-03
PCG: 1 : 4.195479e-03 / 7.058486e-01
PCG: 2 : 2.782618e-03 / 4.681484e-01
PCG: 3 : 3.612150e-03 / 6.077092e-01
PCG: 4 : 2.931873e-03 / 4.932591e-01
PCG: 5 : 2.592004e-03 / 4.360795e-01
PCG: 6 : 2.249727e-03 / 3.784947e-01
PCG: 7 : 2.499532e-03 / 4.205220e-01
PCG: 8 : 3.254565e-03 / 5.475489e-01
PCG: 0 : 3.254564e-03
PCG: 1 : 2.443054e-03 / 7.506546e-01
PCG: 2 : 2.090573e-03 / 6.423510e-01
PCG: 3 : 2.325390e-03 / 7.145011e-01
PCG: 4 : 2.514845e-03 / 7.727133e-01
PCG: 5 : 2.915008e-03 / 8.956676e-01
PCG: 6 : 2.083908e-03 / 6.403031e-01
PCG: 7 : 2.965947e-03 / 9.113192e-01
PCG: 8 : 3.936909e-03 / 1.209658e+00
PCG: 0 : 3.936909e-03
PCG: 1 : 2.779936e-03 / 7.061215e-01
PCG: 2 : 1.823453e-03 / 4.631687e-01
PCG: 3 : 2.408050e-03 / 6.116599e-01
PCG: 4 : 1.954196e-03 / 4.963783e-01
PCG: 5 : 1.713607e-03 / 4.352670e-01
PCG: 6 : 1.482312e-03 / 3.765168e-01
PCG: 7 : 1.665639e-03 / 4.230828e-01
PCG: 8 : 2.153066e-03 / 5.468925e-01
PCG: 0 : 2.153066e-03
PCG: 1 : 1.614144e-03 / 7.496958e-01
PCG: 2 : 1.374388e-03 / 6.383402e-01
PCG: 3 : 1.539370e-03 / 7.149667e-01
PCG: 4 : 1.658240e-03 / 7.701764e-01
PCG: 5 : 1.929909e-03 / 8.963538e-01
PCG: 6 : 1.369325e-03 / 6.359884e-01
PCG: 7 : 1.958364e-03 / 9.095699e-01
PCG: 8 : 2.603245e-03 / 1.209087e+00
PCG: 0 : 2.603244e-03
PCG: 1 : 1.836139e-03 / 7.053273e-01
PCG: 2 : 1.199083e-03 / 4.606110e-01
PCG: 3 : 1.593674e-03 / 6.121878e-01
PCG: 4 : 1.288204e-03 / 4.948457e-01
PCG: 5 : 1.134107e-03 / 4.356515e-01
PCG: 6 : 9.750270e-04 / 3.745430e-01
PCG: 7 : 1.100466e-03 / 4.227286e-01
PCG: 8 : 1.423365e-03 / 5.467660e-01
PCG: 0 : 1.423365e-03
PCG: 1 : 1.066445e-03 / 7.492417e-01
PCG: 2 : 9.043643e-04 / 6.353705e-01
PCG: 3 : 1.018709e-03 / 7.157047e-01
PCG: 4 : 1.093015e-03 / 7.679088e-01
PCG: 5 : 1.277256e-03 / 8.973496e-01
PCG: 6 : 9.009915e-04 / 6.330009e-01
PCG: 7 : 1.293192e-03 / 9.085452e-01
PCG: 8 : 1.720714e-03 / 1.208905e+00
PCG: 0 : 1.720714e-03
PCG: 1 : 1.212894e-03 / 7.048784e-01
PCG: 2 : 7.891256e-04 / 4.586036e-01
PCG: 3 : 1.054380e-03 / 6.127571e-01
PCG: 4 : 8.490349e-04 / 4.934201e-01
PCG: 5 : 7.504610e-04 / 4.361334e-01
PCG: 6 : 6.417477e-04 / 3.729543e-01
PCG: 7 : 7.270708e-04 / 4.225402e-01
PCG: 8 : 9.407043e-04 / 5.466942e-01
PCG: 0 : 9.407043e-04
PCG: 1 : 7.046469e-04 / 7.490631e-01
PCG: 2 : 5.954778e-04 / 6.330127e-01
PCG: 3 : 6.741341e-04 / 7.166270e-01
PCG: 4 : 7.204898e-04 / 7.659046e-01
PCG: 5 : 8.451710e-04 / 8.984449e-01
PCG: 6 : 5.932974e-04 / 6.306949e-01
PCG: 7 : 8.541744e-04 / 9.080158e-01
PCG: 8 : 1.137097e-03 / 1.208772e+00
PCG: 0 : 1.137096e-03
PCG: 1 : 8.012718e-04 / 7.046647e-01
PCG: 2 : 5.196761e-04 / 4.570202e-01
PCG: 3 : 6.975746e-04 / 6.134701e-01
PCG: 4 : 5.596229e-04 / 4.921508e-01
PCG: 5 : 4.965730e-04 / 4.367027e-01
PCG: 6 : 4.226512e-04 / 3.716933e-01
PCG: 7 : 4.804555e-04 / 4.225284e-01
PCG: 8 : 6.216125e-04 / 5.466664e-01
PCG: 0 : 6.216125e-04
PCG: 1 : 4.656192e-04 / 7.490506e-01
PCG: 2 : 3.923081e-04 / 6.311136e-01
PCG: 3 : 4.461140e-04 / 7.176722e-01
PCG: 4 : 4.749688e-04 / 7.640914e-01
PCG: 5 : 5.592116e-04 / 8.996145e-01
PCG: 6 : 3.909087e-04 / 6.288623e-01
PCG: 7 : 5.643106e-04 / 9.078174e-01
PCG: 8 : 7.513099e-04 / 1.208647e+00
PCG: 0 : 7.513099e-04
PCG: 1 : 5.293784e-04 / 7.046072e-01
PCG: 2 : 3.424208e-04 / 4.557650e-01
PCG: 3 : 4.615202e-04 / 6.142875e-01
PCG: 4 : 3.688996e-04 / 4.910086e-01
PCG: 5 : 3.285767e-04 / 4.373385e-01
PCG: 6 : 2.784939e-04 / 3.706778e-01
PCG: 7 : 3.175318e-04 / 4.226376e-01
PCG: 8 : 4.107110e-04 / 5.466599e-01
PCG: 0 : 4.107109e-04
PCG: 1 : 3.076869e-04 / 7.491568e-01
PCG: 2 : 2.585750e-04 / 6.295791e-01
PCG: 3 : 2.952208e-04 / 7.188043e-01
PCG: 4 : 3.131435e-04 / 7.624426e-01
PCG: 5 : 3.699838e-04 / 9.008374e-01
PCG: 6 : 2.576704e-04 / 6.273766e-01
PCG: 7 : 3.728645e-04 / 9.078513e-01
PCG: 8 : 4.963512e-04 / 1.208517e+00
PCG: 0 : 4.963512e-04
PCG: 1 : 3.497628e-04 / 7.046680e-01
PCG: 2 : 2.257243e-04 / 4.547673e-01
PCG: 3 : 3.053444e-04 / 6.151782e-01
PCG: 4 : 2.432038e-04 / 4.899834e-01
PCG: 5 : 2.174142e-04 / 4.380249e-01
PCG: 6 : 1.835784e-04 / 3.698559e-01
PCG: 7 : 2.098757e-04 / 4.228370e-01
PCG: 8 : 2.713465e-04 / 5.466825e-01
PCG: 0 : 2.713464e-04
PCG: 1 : 2.033286e-04 / 7.493321e-01
PCG: 2 : 1.704914e-04 / 6.283165e-01
PCG: 3 : 1.953631e-04 / 7.199765e-01
PCG: 4 : 2.064749e-04 / 7.609273e-01
PCG: 5 : 2.447738e-04 / 9.020711e-01
PCG: 6 : 1.699040e-04 / 6.261516e-01
PCG: 7 : 2.463920e-04 / 9.080346e-01
PCG: 8 : 3.278884e-04 / 1.208375e+00
PCG: 0 : 3.278884e-04
PCG: 1 : 2.310967e-04 / 7.048029e-01
PCG: 2 : 1.488499e-04 / 4.539653e-01
PCG: 3 : 2.020131e-04 / 6.161033e-01
PCG: 4 : 1.603548e-04 / 4.890530e-01
PCG: 5 : 1.438575e-04 / 4.387392e-01
PCG: 6 : 1.210490e-04 / 3.691776e-01
PCG: 7 : 1.387275e-04 / 4.230936e-01
PCG: 8 : 1.792623e-04 / 5.467175e-01
PCG: 0 : 1.792623e-04
PCG: 1 : 1.343674e-04 / 7.495577e-01
PCG: 2 : 1.124462e-04 / 6.272717e-01
PCG: 3 : 1.292781e-04 / 7.211673e-01
PCG: 4 : 1.361572e-04 / 7.595419e-01
PCG: 5 : 1.619308e-04 / 9.033179e-01
PCG: 6 : 1.120631e-04 / 6.251351e-01
PCG: 7 : 1.628292e-04 / 9.083295e-01
PCG: 8 : 2.165899e-04 / 1.208229e+00
PCG: 0 : 2.165899e-04
PCG: 1 : 1.526950e-04 / 7.049958e-01
PCG: 2 : 9.818464e-05 / 4.533204e-01
PCG: 3 : 1.336465e-04 / 6.170487e-01
PCG: 4 : 1.057421e-04 / 4.882136e-01
PCG: 5 : 9.518470e-05 / 4.394696e-01
PCG: 6 : 7.983872e-05 / 3.686170e-01
PCG: 7 : 9.170150e-05 / 4.233876e-01
PCG: 8 : 1.184239e-04 / 5.467655e-01
PCG: 0 : 1.184239e-04
PCG: 1 : 8.879607e-05 / 7.498155e-01
PCG: 2 : 7.418093e-05 / 6.264018e-01
PCG: 3 : 8.554407e-05 / 7.223548e-01
PCG: 4 : 8.979673e-05 / 7.582653e-01
PCG: 5 : 1.071195e-04 / 9.045432e-01
PCG: 6 : 7.392897e-05 / 6.242741e-01
PCG: 7 : 1.076101e-04 / 9.086854e-01
PCG: 8 : 1.430647e-04 / 1.208073e+00
PCG: 0 : 1.430647e-04
PCG: 1 : 1.008925e-04 / 7.052232e-01
PCG: 2 : 6.477907e-05 / 4.527957e-01
PCG: 3 : 8.841251e-05 / 6.179898e-01
PCG: 4 : 6.973698e-05 / 4.874507e-01
PCG: 5 : 6.297779e-05 / 4.402050e-01
PCG: 6 : 5.266926e-05 / 3.681500e-01
PCG: 7 : 6.061743e-05 / 4.237064e-01
PCG: 8 : 7.823157e-05 / 5.468266e-01
PCG: 0 : 7.823157e-05
PCG: 1 : 5.868035e-05 / 7.500853e-01
PCG: 2 : 4.894676e-05 / 6.256651e-01
PCG: 3 : 5.660216e-05 / 7.235208e-01
PCG: 4 : 5.922839e-05 / 7.570907e-01
PCG: 5 : 7.085779e-05 / 9.057443e-01
PCG: 6 : 4.878090e-05 / 6.235449e-01
PCG: 7 : 7.111906e-05 / 9.090839e-01
PCG: 8 : 9.449703e-05 / 1.207914e+00
PCG: 0 : 9.449703e-05
PCG: 1 : 6.666512e-05 / 7.054731e-01
PCG: 2 : 4.274744e-05 / 4.523681e-01
PCG: 3 : 5.848588e-05 / 6.189176e-01
PCG: 4 : 4.599702e-05 / 4.867562e-01
PCG: 5 : 4.166696e-05 / 4.409340e-01
PCG: 6 : 3.475175e-05 / 3.677549e-01
PCG: 7 : 4.006981e-05 / 4.240325e-01
PCG: 8 : 5.167930e-05 / 5.468881e-01
PCG: 0 : 5.167929e-05
PCG: 1 : 3.877841e-05 / 7.503664e-01
PCG: 2 : 3.230190e-05 / 6.250454e-01
PCG: 3 : 3.745008e-05 / 7.246632e-01
PCG: 4 : 3.907022e-05 / 7.560130e-01
PCG: 5 : 4.686902e-05 / 9.069206e-01
PCG: 6 : 3.219214e-05 / 6.229213e-01
PCG: 7 : 4.700272e-05 / 9.095078e-01
PCG: 8 : 6.241594e-05 / 1.207755e+00
PCG: 0 : 6.241593e-05
PCG: 1 : 4.404938e-05 / 7.057394e-01
PCG: 2 : 2.821327e-05 / 4.520204e-01
PCG: 3 : 3.868709e-05 / 6.198272e-01
PCG: 4 : 3.034200e-05 / 4.861259e-01
PCG: 5 : 2.756624e-05 / 4.416538e-01
PCG: 6 : 2.293309e-05 / 3.674237e-01
PCG: 7 : 2.648706e-05 / 4.243638e-01
PCG: 8 : 3.413896e-05 / 5.469592e-01
PCG: 0 : 3.413896e-05
PCG: 1 : 2.562622e-05 / 7.506444e-01
PCG: 2 : 2.132025e-05 / 6.245139e-01
PCG: 3 : 2.477692e-05 / 7.257667e-01
PCG: 4 : 2.577546e-05 / 7.550161e-01
PCG: 5 : 3.099992e-05 / 9.080513e-01
PCG: 6 : 2.124757e-05 / 6.223850e-01
PCG: 7 : 3.106419e-05 / 9.099338e-01
PCG: 8 : 4.122613e-05 / 1.207598e+00
PCG: 0 : 4.122613e-05
PCG: 1 : 2.910584e-05 / 7.060048e-01
PCG: 2 : 1.862324e-05 / 4.517340e-01
PCG: 3 : 2.558927e-05 / 6.207051e-01
PCG: 4 : 2.001715e-05 / 4.855453e-01
PCG: 5 : 1.823659e-05 / 4.423550e-01
PCG: 6 : 1.513568e-05 / 3.671381e-01
PCG: 7 : 1.750828e-05 / 4.246888e-01
PCG: 8 : 2.255175e-05 / 5.470257e-01
PCG: 0 : 2.255175e-05
PCG: 1 : 1.693456e-05 / 7.509199e-01
PCG: 2 : 1.407364e-05 / 6.240599e-01
PCG: 3 : 1.639137e-05 / 7.268335e-01
PCG: 4 : 1.700629e-05 / 7.541008e-01
PCG: 5 : 2.050301e-05 / 9.091538e-01
PCG: 6 : 1.402555e-05 / 6.219272e-01
PCG: 7 : 2.053033e-05 / 9.103652e-01
PCG: 8 : 2.722991e-05 / 1.207441e+00
PCG: 0 : 2.722990e-05
PCG: 1 : 1.923183e-05 / 7.062760e-01
PCG: 2 : 1.229443e-05 / 4.515046e-01
PCG: 3 : 1.692497e-05 / 6.215583e-01
PCG: 4 : 1.320700e-05 / 4.850182e-01
PCG: 5 : 1.206393e-05 / 4.430397e-01
PCG: 6 : 9.990596e-06 / 3.668980e-01
PCG: 7 : 1.157292e-05 / 4.250079e-01
PCG: 8 : 1.489746e-05 / 5.470994e-01
PCG: 0 : 1.489746e-05
PCG: 1 : 1.119075e-05 / 7.511854e-01
PCG: 2 : 9.291100e-06 / 6.236700e-01
PCG: 3 : 1.084323e-05 / 7.278573e-01
PCG: 4 : 1.122151e-05 / 7.532498e-01
PCG: 5 : 1.355974e-05 / 9.102049e-01
PCG: 6 : 9.259158e-06 / 6.215259e-01
PCG: 7 : 1.356837e-05 / 9.107838e-01
PCG: 8 : 1.798543e-05 / 1.207282e+00
PCG: 0 : 1.798543e-05
PCG: 1 : 1.270748e-05 / 7.065430e-01
PCG: 2 : 8.117145e-06 / 4.513178e-01
PCG: 3 : 1.119371e-05 / 6.223766e-01
PCG: 4 : 8.714540e-06 / 4.845333e-01
PCG: 5 : 7.980185e-06 / 4.437027e-01
PCG: 6 : 6.595134e-06 / 3.666932e-01
PCG: 7 : 7.649501e-06 / 4.253165e-01
PCG: 8 : 9.841136e-06 / 5.471727e-01
PCG: 0 : 9.841134e-06
PCG: 1 : 7.394997e-06 / 7.514375e-01
PCG: 2 : 6.134300e-06 / 6.233327e-01
PCG: 3 : 7.172589e-06 / 7.288377e-01
PCG: 4 : 7.405096e-06 / 7.524638e-01
PCG: 5 : 8.967407e-06 / 9.112169e-01
PCG: 6 : 6.113143e-06 / 6.211828e-01
PCG: 7 : 8.967150e-06 / 9.111907e-01
PCG: 8 : 1.187954e-05 / 1.207131e+00
PCG: 0 : 1.187954e-05
PCG: 1 : 8.396449e-06 / 7.067993e-01
PCG: 2 : 5.359656e-06 / 4.511671e-01
PCG: 3 : 7.402863e-06 / 6.231609e-01
PCG: 4 : 5.750715e-06 / 4.840858e-01
PCG: 5 : 5.278575e-06 / 4.443418e-01
PCG: 6 : 4.354049e-06 / 3.665168e-01
PCG: 7 : 5.056063e-06 / 4.256111e-01
PCG: 8 : 6.500970e-06 / 5.472410e-01
PCG: 0 : 6.500969e-06
PCG: 1 : 4.886666e-06 / 7.516827e-01
PCG: 2 : 4.050409e-06 / 6.230470e-01
PCG: 3 : 4.744261e-06 / 7.297776e-01
PCG: 4 : 4.887007e-06 / 7.517352e-01
PCG: 5 : 5.930114e-06 / 9.121892e-01
PCG: 6 : 4.036347e-06 / 6.208840e-01
PCG: 7 : 5.926166e-06 / 9.115819e-01
PCG: 8 : 7.846529e-06 / 1.206978e+00
PCG: 0 : 7.846528e-06
PCG: 1 : 5.547914e-06 / 7.070533e-01
PCG: 2 : 3.539180e-06 / 4.510505e-01
PCG: 3 : 4.895571e-06 / 6.239156e-01
PCG: 4 : 3.795192e-06 / 4.836779e-01
PCG: 5 : 3.491400e-06 / 4.449611e-01
PCG: 6 : 2.874743e-06 / 3.663713e-01
PCG: 7 : 3.341808e-06 / 4.258963e-01
PCG: 8 : 4.294541e-06 / 5.473174e-01
PCG: 0 : 4.294541e-06
PCG: 1 : 3.229099e-06 / 7.519078e-01
PCG: 2 : 2.674623e-06 / 6.227960e-01
PCG: 3 : 3.137889e-06 / 7.306693e-01
PCG: 4 : 3.225428e-06 / 7.510530e-01
PCG: 5 : 3.921376e-06 / 9.131073e-01
PCG: 6 : 2.665299e-06 / 6.206248e-01
PCG: 7 : 3.916403e-06 / 9.119492e-01
PCG: 8 : 5.182762e-06 / 1.206826e+00
PCG: 0 : 5.182761e-06
PCG: 1 : 3.665728e-06 / 7.072925e-01
PCG: 2 : 2.337216e-06 / 4.509596e-01
PCG: 3 : 3.237324e-06 / 6.246331e-01
PCG: 4 : 2.504817e-06 / 4.832977e-01
PCG: 5 : 2.309201e-06 / 4.455541e-01
PCG: 6 : 1.898161e-06 / 3.662452e-01
PCG: 7 : 2.208713e-06 / 4.261653e-01
PCG: 8 : 2.836978e-06 / 5.473873e-01
PCG: 0 : 2.836978e-06
PCG: 1 : 2.133752e-06 / 7.521216e-01
PCG: 2 : 1.766256e-06 / 6.225838e-01
PCG: 3 : 2.075314e-06 / 7.315230e-01
PCG: 4 : 2.128935e-06 / 7.504236e-01
PCG: 5 : 2.592987e-06 / 9.139963e-01
PCG: 6 : 1.760081e-06 / 6.204069e-01
PCG: 7 : 2.588185e-06 / 9.123037e-01
PCG: 8 : 3.423323e-06 / 1.206679e+00
PCG: 0 : 3.423323e-06
PCG: 1 : 2.422087e-06 / 7.075252e-01
PCG: 2 : 1.543561e-06 / 4.508954e-01
PCG: 3 : 2.140683e-06 / 6.253231e-01
PCG: 4 : 1.653292e-06 / 4.829494e-01
PCG: 5 : 1.527231e-06 / 4.461252e-01
PCG: 6 : 1.253421e-06 / 3.661416e-01
PCG: 7 : 1.459779e-06 / 4.264216e-01
PCG: 8 : 1.874126e-06 / 5.474582e-01
PCG: 0 : 1.874126e-06
PCG: 1 : 1.409948e-06 / 7.523227e-01
PCG: 2 : 1.166463e-06 / 6.224036e-01
PCG: 3 : 1.372488e-06 / 7.323350e-01
PCG: 4 : 1.405279e-06 / 7.498315e-01
PCG: 5 : 1.714514e-06 / 9.148342e-01
PCG: 6 : 1.162362e-06 / 6.202155e-01
PCG: 7 : 1.710389e-06 / 9.126329e-01
PCG: 8 : 2.261191e-06 / 1.206531e+00
PCG: 0 : 2.261190e-06
PCG: 1 : 1.600348e-06 / 7.077456e-01
PCG: 2 : 1.019459e-06 / 4.508506e-01
PCG: 3 : 1.415458e-06 / 6.259791e-01
PCG: 4 : 1.091311e-06 / 4.826266e-01
PCG: 5 : 1.010016e-06 / 4.466746e-01
PCG: 6 : 8.277268e-07 / 3.660580e-01
PCG: 7 : 9.647741e-07 / 4.266665e-01
PCG: 8 : 1.238070e-06 / 5.475301e-01
PCG: 0 : 1.238070e-06
PCG: 1 : 9.316564e-07 / 7.525072e-01
PCG: 2 : 7.703882e-07 / 6.222494e-01
PCG: 3 : 9.076393e-07 / 7.331085e-01
PCG: 4 : 9.276603e-07 / 7.492796e-01
PCG: 5 : 1.133619e-06 / 9.156340e-01
PCG: 6 : 7.676746e-07 / 6.200577e-01
PCG: 7 : 1.130291e-06 / 9.129460e-01
PCG: 8 : 1.493593e-06 / 1.206388e+00
PCG: 0 : 1.493593e-06
PCG: 1 : 1.057394e-06 / 7.079538e-01
PCG: 2 : 6.733488e-07 / 4.508250e-01
PCG: 3 : 9.358910e-07 / 6.266040e-01
PCG: 4 : 7.203996e-07 / 4.823267e-01
PCG: 5 : 6.679361e-07 / 4.472010e-01
PCG: 6 : 5.466388e-07 / 3.659893e-01
PCG: 7 : 6.376092e-07 / 4.268963e-01
PCG: 8 : 8.178862e-07 / 5.475966e-01
PCG: 0 : 8.178862e-07
PCG: 1 : 6.156096e-07 / 7.526836e-01
PCG: 2 : 5.088281e-07 / 6.221258e-01
PCG: 3 : 6.002040e-07 / 7.338477e-01
PCG: 4 : 6.124037e-07 / 7.487639e-01
PCG: 5 : 7.495092e-07 / 9.163978e-01
PCG: 6 : 5.070271e-07 / 6.199237e-01
PCG: 7 : 7.469274e-07 / 9.132411e-01
PCG: 8 : 9.865696e-07 / 1.206243e+00
PCG: 0 : 9.865696e-07
PCG: 1 : 6.986460e-07 / 7.081568e-01
PCG: 2 : 4.447634e-07 / 4.508180e-01
PCG: 3 : 6.187809e-07 / 6.272045e-01
PCG: 4 : 4.755782e-07 / 4.820524e-01
PCG: 5 : 4.416954e-07 / 4.477083e-01
PCG: 6 : 3.610257e-07 / 3.659404e-01
PCG: 7 : 4.213815e-07 / 4.271179e-01
PCG: 8 : 5.403128e-07 / 5.476682e-01
PCG: 0 : 5.403127e-07
PCG: 1 : 4.067716e-07 / 7.528447e-01
PCG: 2 : 3.360876e-07 / 6.220242e-01
PCG: 3 : 3.968862e-07 / 7.345491e-01
PCG: 4 : 4.043041e-07 / 7.482780e-01
PCG: 5 : 4.955310e-07 / 9.171189e-01
PCG: 6 : 3.348936e-07 / 6.198145e-01
PCG: 7 : 4.935840e-07 / 9.135154e-01
PCG: 8 : 6.516735e-07 / 1.206104e+00
PCG: 0 : 6.516735e-07
PCG: 1 : 4.616096e-07 / 7.083448e-01
PCG: 2 : 2.937906e-07 / 4.508248e-01
PCG: 3 : 4.091036e-07 / 6.277739e-01
PCG: 4 : 3.139719e-07 / 4.817932e-01
PCG: 5 : 2.920748e-07 / 4.481920e-01
PCG: 6 : 2.384486e-07 / 3.659020e-01
PCG: 7 : 2.784765e-07 / 4.273252e-01
PCG: 8 : 3.569415e-07 / 5.477306e-01
PCG: 0 : 3.569415e-07
PCG: 1 : 2.687766e-07 / 7.529992e-01
PCG: 2 : 2.219993e-07 / 6.219488e-01
PCG: 3 : 2.624312e-07 / 7.352220e-01
PCG: 4 : 2.669314e-07 / 7.478297e-01
PCG: 5 : 3.276077e-07 / 9.178190e-01
PCG: 6 : 2.212092e-07 / 6.197351e-01
PCG: 7 : 3.261667e-07 / 9.137820e-01
PCG: 8 : 4.304613e-07 / 1.205972e+00
PCG: 0 : 4.304613e-07
PCG: 1 : 3.049937e-07 / 7.085276e-01
PCG: 2 : 1.940735e-07 / 4.508499e-01
PCG: 3 : 2.704690e-07 / 6.283236e-01
PCG: 4 : 2.072915e-07 / 4.815567e-01
PCG: 5 : 1.931297e-07 / 4.486576e-01
PCG: 6 : 1.574972e-07 / 3.658800e-01
PCG: 7 : 1.840329e-07 / 4.275249e-01
PCG: 8 : 2.358048e-07 / 5.477956e-01
PCG: 0 : 2.358048e-07
PCG: 1 : 1.775951e-07 / 7.531446e-01
PCG: 2 : 1.466458e-07 / 6.218947e-01
PCG: 3 : 1.735198e-07 / 7.358618e-01
PCG: 4 : 1.762410e-07 / 7.474023e-01
PCG: 5 : 2.165810e-07 / 9.184759e-01
PCG: 6 : 1.461216e-07 / 6.196719e-01
PCG: 7 : 2.155318e-07 / 9.140263e-01
PCG: 8 : 2.843407e-07 / 1.205831e+00
PCG: 0 : 2.843407e-07
PCG: 1 : 2.015132e-07 / 7.087034e-01
PCG: 2 : 1.282061e-07 / 4.508892e-01
PCG: 3 : 1.788072e-07 / 6.288484e-01
PCG: 4 : 1.368637e-07 / 4.813370e-01
PCG: 5 : 1.276991e-07 / 4.491061e-01
PCG: 6 : 1.040325e-07 / 3.658727e-01
PCG: 7 : 1.216175e-07 / 4.277177e-01
PCG: 8 : 1.557792e-07 / 5.478612e-01
PCG: 0 : 1.557792e-07
PCG: 1 : 1.173454e-07 / 7.532804e-01
PCG: 2 : 9.687299e-08 / 6.218609e-01
PCG: 3 : 1.147275e-07 / 7.364750e-01
PCG: 4 : 1.163678e-07 / 7.470050e-01
PCG: 5 : 1.431781e-07 / 9.191093e-01
PCG: 6 : 9.652673e-08 / 6.196381e-01
PCG: 7 : 1.424239e-07 / 9.142677e-01
PCG: 8 : 1.878233e-07 / 1.205702e+00
PCG: 0 : 1.878233e-07
PCG: 1 : 1.331425e-07 / 7.088708e-01
PCG: 2 : 8.469751e-08 / 4.509425e-01
PCG: 3 : 1.182067e-07 / 6.293506e-01
PCG: 4 : 9.036783e-08 / 4.811321e-01
PCG: 5 : 8.443331e-08 / 4.495358e-01
PCG: 6 : 6.872000e-08 / 3.658758e-01
PCG: 7 : 8.036955e-08 / 4.278998e-01
PCG: 8 : 1.029118e-07 / 5.479180e-01
PCG: 0 : 1.029118e-07
PCG: 1 : 7.753538e-08 / 7.534161e-01
PCG: 2 : 6.399613e-08 / 6.218544e-01
PCG: 3 : 7.585286e-08 / 7.370670e-01
PCG: 4 : 7.683747e-08 / 7.466345e-01
PCG: 5 : 9.464975e-08 / 9.197175e-01
PCG: 6 : 6.376668e-08 / 6.196248e-01
PCG: 7 : 9.411295e-08 / 9.145014e-01
PCG: 8 : 1.240671e-07 / 1.205568e+00
PCG: 0 : 1.240671e-07
PCG: 1 : 8.796872e-08 / 7.090414e-01
PCG: 2 : 5.595602e-08 / 4.510141e-01
PCG: 3 : 7.814232e-08 / 6.298391e-01
PCG: 4 : 5.966979e-08 / 4.809476e-01
PCG: 5 : 5.582449e-08 / 4.499539e-01
PCG: 6 : 4.539594e-08 / 3.658982e-01
PCG: 7 : 5.311091e-08 / 4.280820e-01
PCG: 8 : 6.798669e-08 / 5.479831e-01
PCG: 0 : 6.798668e-08
PCG: 1 : 5.123098e-08 / 7.535443e-01
PCG: 2 : 4.227860e-08 / 6.218659e-01
PCG: 3 : 5.014914e-08 / 7.376319e-01
PCG: 4 : 5.073728e-08 / 7.462827e-01
PCG: 5 : 6.256776e-08 / 9.202944e-01
PCG: 6 : 4.212681e-08 / 6.196333e-01
PCG: 7 : 6.218912e-08 / 9.147251e-01
PCG: 8 : 8.195371e-08 / 1.205438e+00
PCG: 0 : 8.195371e-08
PCG: 1 : 5.812181e-08 / 7.092028e-01
PCG: 2 : 3.696920e-08 / 4.510985e-01
PCG: 3 : 5.165592e-08 / 6.303061e-01
PCG: 4 : 3.940107e-08 / 4.807722e-01
PCG: 5 : 3.690815e-08 / 4.503537e-01
PCG: 6 : 2.998930e-08 / 3.659298e-01
PCG: 7 : 3.509719e-08 / 4.282562e-01
PCG: 8 : 4.491361e-08 / 5.480363e-01
PCG: 0 : 4.491361e-08
PCG: 1 : 3.385033e-08 / 7.536766e-01
PCG: 2 : 2.793209e-08 / 6.219070e-01
PCG: 3 : 3.315446e-08 / 7.381830e-01
PCG: 4 : 3.350385e-08 / 7.459621e-01
PCG: 5 : 4.135936e-08 / 9.208648e-01
PCG: 6 : 2.783180e-08 / 6.196742e-01
PCG: 7 : 4.109409e-08 / 9.149586e-01
PCG: 8 : 5.413499e-08 / 1.205314e+00
PCG: 0 : 5.413498e-08
PCG: 1 : 3.840184e-08 / 7.093720e-01
PCG: 2 : 2.442592e-08 / 4.512041e-01
PCG: 3 : 3.414647e-08 / 6.307653e-01
PCG: 4 : 2.601815e-08 / 4.806162e-01
PCG: 5 : 2.440097e-08 / 4.507431e-01
PCG: 6 : 1.981227e-08 / 3.659790e-01
PCG: 7 : 2.319307e-08 / 4.284303e-01
PCG: 8 : 2.967093e-08 / 5.480917e-01
PCG: 0 : 2.967093e-08
PCG: 1 : 2.236625e-08 / 7.538104e-01
PCG: 2 : 1.845454e-08 / 6.219737e-01
PCG: 3 : 2.191842e-08 / 7.387171e-01
PCG: 4 : 2.212446e-08 / 7.456611e-01
PCG: 5 : 2.733903e-08 / 9.214081e-01
PCG: 6 : 1.838816e-08 / 6.197367e-01
PCG: 7 : 2.715462e-08 / 9.151928e-01
PCG: 8 : 3.575900e-08 / 1.205187e+00
PCG: 0 : 3.575900e-08
PCG: 1 : 2.537259e-08 / 7.095440e-01
PCG: 2 : 1.613899e-08 / 4.513268e-01
PCG: 3 : 2.257146e-08 / 6.312106e-01
PCG: 4 : 1.718122e-08 / 4.804727e-01
PCG: 5 : 1.613166e-08 / 4.511217e-01
PCG: 6 : 1.308937e-08 / 3.660442e-01
PCG: 7 : 1.532650e-08 / 4.286053e-01
PCG: 8 : 1.960107e-08 / 5.481436e-01
PCG: 0 : 1.960107e-08
PCG: 1 : 1.477821e-08 / 7.539493e-01
PCG: 2 : 1.219320e-08 / 6.220683e-01
PCG: 3 : 1.448990e-08 / 7.392405e-01
PCG: 4 : 1.461031e-08 / 7.453836e-01
PCG: 5 : 1.807108e-08 / 9.219437e-01
PCG: 6 : 1.214940e-08 / 6.198338e-01
PCG: 7 : 1.794359e-08 / 9.154393e-01
PCG: 8 : 2.362057e-08 / 1.205065e+00

PCG ( VCycle ( S: Scale / C: Scale )  )

Complete solver TOE: 16.8834
0.0643162 GFlop/s [0.0643162 GFlops/s]

Total time: 16.8834s
Accumulated op time: 10.3001

Reductions: 39.005%
Blas-1: 12.4995%
Blas-2: 9.50271%
Precon Kernels: 0%
MPI Execution: 0%
MPI Wait: 0%
Not covered: 38.9928%

Domain size: 26.6946 MByte
LA size: 88.3135 MByte
MPI size: 2.67096 MByte

H0-Error: 1.733750e-06
H1-Error: 4.034414e-03

Writing DATA to output.data...
Run-Time: 0:19.825 [0:19.825]
0xb32f59f8 Error: MemoryPool<CUDA> still contains memory chunks on deconstructor call
