NUM-PROCS: 1
Preparing domain...
LVL-MIN: 4 [4]
LVL-MAX: 9 [9]
Creating gates...
Assembling system matrices...
Assembling system filters...
Assembling transfer matrices...
Converting assembled linear system from SparseMatrixCSR, Mem:main to SparseMatrixELL, Mem:cudaand to SparseMatrixELL, Mem:cuda...
PCG:  0 : 1.894534e-02
PCG:  1 : 3.774795e-02 / 1.992466e+00
PCG:  2 : 4.953643e-02 / 2.614703e+00
PCG:  3 : 1.147339e-01 / 6.056050e+00
PCG:  4 : 1.196938e-01 / 6.317850e+00
PCG:  5 : 5.469363e-02 / 2.886918e+00
PCG:  6 : 2.265511e-02 / 1.195814e+00
PCG:  7 : 4.092026e-03 / 2.159912e-01
PCG:  8 : 1.388743e-03 / 7.330263e-02
PCG:  9 : 1.175825e-03 / 6.206408e-02
PCG: 10 : 3.275515e-04 / 1.728929e-02
PCG:  0 : 6.271910e-04
PCG:  1 : 1.218497e-04 / 1.942784e-01
PCG:  2 : 5.861876e-05 / 9.346237e-02
PCG:  3 : 3.976823e-05 / 6.340688e-02
PCG:  4 : 4.975754e-05 / 7.933395e-02
PCG:  5 : 4.527717e-05 / 7.219040e-02
PCG:  6 : 3.489382e-05 / 5.563507e-02
PCG:  7 : 2.251567e-05 / 3.589921e-02
PCG:  8 : 7.584953e-06 / 1.209353e-02
PCG:  9 : 4.970827e-06 / 7.925539e-03
PCG: 10 : 2.866066e-06 / 4.569686e-03
PCG:  0 : 2.866064e-06
PCG:  1 : 1.999861e-06 / 6.977725e-01
PCG:  2 : 7.507253e-07 / 2.619360e-01
PCG:  3 : 4.495369e-07 / 1.568481e-01
PCG:  4 : 3.344660e-07 / 1.166987e-01
PCG:  5 : 3.824367e-07 / 1.334362e-01
PCG:  6 : 1.436409e-07 / 5.011781e-02
PCG:  7 : 1.044705e-07 / 3.645087e-02
PCG:  8 : 5.363446e-08 / 1.871363e-02
PCG:  9 : 4.643960e-08 / 1.620326e-02
PCG: 10 : 3.495511e-08 / 1.219620e-02
PCG:  0 : 3.495524e-08
PCG:  1 : 2.259011e-08 / 6.462583e-01
PCG:  2 : 2.211873e-08 / 6.327728e-01
PCG:  3 : 2.677892e-08 / 7.660916e-01
PCG:  4 : 1.596019e-08 / 4.565895e-01
PCG:  5 : 1.038609e-08 / 2.971253e-01
PCG:  6 : 5.550514e-09 / 1.587892e-01
PCG:  7 : 4.463987e-09 / 1.277058e-01
PCG:  8 : 2.782987e-09 / 7.961573e-02
PCG:  9 : 2.142968e-09 / 6.130607e-02
PCG: 10 : 1.504952e-09 / 4.305370e-02
PCG:  0 : 1.504950e-09
PCG:  1 : 9.125022e-10 / 6.063339e-01
PCG:  2 : 6.352479e-10 / 4.221056e-01
PCG:  3 : 3.254074e-10 / 2.162247e-01
PCG:  4 : 2.286932e-10 / 1.519607e-01
PCG:  5 : 1.669938e-10 / 1.109630e-01
PCG:  6 : 1.237698e-10 / 8.224180e-02
PCG:  7 : 7.775445e-11 / 5.166581e-02
PCG:  8 : 2.944980e-11 / 1.956863e-02
PCG:  9 : 1.956345e-11 / 1.299940e-02
PCG: 10 : 2.995888e-11 / 1.990689e-02
PCG:  0 : 2.995904e-11
PCG:  1 : 1.549548e-11 / 5.172222e-01
PCG:  2 : 1.661106e-11 / 5.544589e-01
PCG:  3 : 1.875819e-11 / 6.261279e-01
PCG:  4 : 1.309140e-11 / 4.369767e-01
PCG:  5 : 6.747384e-12 / 2.252203e-01
PCG:  6 : 5.022134e-12 / 1.676333e-01
PCG:  7 : 3.527870e-12 / 1.177564e-01
PCG:  8 : 2.008048e-12 / 6.702645e-02
PCG:  9 : 1.351121e-12 / 4.509894e-02
PCG: 10 : 1.221896e-12 / 4.078555e-02

PCG ( VCycle ( S: Scale / C: Scale )  )

Complete solver TOE: 3.48131
0.658562 GFlop/s [0.658562 GFlops/s]

Total time: 3.48131s
Accumulated op time: 1.0602

Reductions: 21.4365%
Blas-1: 5.01125%
Blas-2: 4.00637%
Precon Kernels: 0%
MPI Execution: 0%
MPI Wait: 0%
Not covered: 69.5459%

Domain size: 26.799 MByte
LA size: 89.2379 MByte
MPI size: 2.68149 MByte

H0-Error: 1.716359e-06
H1-Error: 4.034414e-03

Writing DATA to output.data...
Run-Time: 0:06.379 [0:06.379]
0xb33a99f8 Error: MemoryPool<CUDA> still contains memory chunks on deconstructor call
