NUM-PROCS: 1
Preparing domain...
LVL-MIN: 1 [1]
LVL-MAX: 7 [7]
Creating gates...
Assembling system matrices...
Assembling system filters...
Assembling transfer matrices...
Converting assembled linear system from SparseMatrixCSR, Mem:main to SparseMatrixCSR, Mem:mainand to SparseMatrixCSR, Mem:main...
PCG: 0 : 7.572460e-02
PCG: 1 : 2.422548e-02 / 3.199156e-01
PCG: 2 : 7.698185e-03 / 1.016603e-01
PCG: 3 : 1.678588e-03 / 2.216701e-02
PCG: 4 : 1.626361e-04 / 2.147732e-03
PCG: 5 : 1.508632e-05 / 1.992262e-04
PCG: 0 : 4.380609e-03
PCG: 1 : 3.165020e-04 / 7.225069e-02
PCG: 2 : 4.751745e-05 / 1.084722e-02
PCG: 3 : 6.217877e-06 / 1.419409e-03
PCG: 4 : 7.870948e-07 / 1.796770e-04
PCG: 5 : 8.538225e-08 / 1.949096e-05
PCG: 0 : 8.623901e-08
PCG: 1 : 1.324387e-08 / 1.535717e-01
PCG: 2 : 1.508915e-09 / 1.749690e-02
PCG: 3 : 2.346447e-10 / 2.720865e-03
PCG: 4 : 1.645801e-11 / 1.908418e-04
PCG: 5 : 1.719286e-12 / 1.993629e-05
PCG: 0 : 1.722615e-12
PCG: 1 : 3.093118e-13 / 1.795595e-01
PCG: 2 : 2.989706e-14 / 1.735562e-02
PCG: 3 : 3.015553e-15 / 1.750567e-03
PCG: 4 : 3.931181e-16 / 2.282100e-04
PCG: 5 : 4.695978e-17 / 2.726075e-05

PCG ( VCycle ( S: Scale / C: Scale )  )

Complete solver TOE: 0.015869
3.13289 GFlop/s [3.13289 GFlops/s]

Total time: 0.015869s
Accumulated op time: 0.014889

Reductions: 9.24444%
Blas-1: 3.68013%
Blas-2: 80.8999%
Precon Kernels: 0%
MPI Execution: 0%
MPI Wait: 0%
Not covered: 6.17556%

Domain size: 3.05461 MByte
LA size: 7.66532 MByte
MPI size: 0.170692 MByte

H0-Error: 2.746078e-05
H1-Error: 1.613732e-02

Writing DATA to output.data...
Run-Time: 0:00.051 [0:00.051]
0x31d198e880 Error: MemoryPool<CPU> still contains memory chunks on deconstructor call
