NUM-PROCS: 1
Preparing domain...
LVL-MIN: 1 [1]
LVL-MAX: 11 [11]
Creating gates...
Assembling system matrices...
Assembling system filters...
Assembling transfer matrices...
Converting assembled linear system from SparseMatrixCSR, Mem:main to SparseMatrixELL, Mem:cudaand to SparseMatrixELL, Mem:cuda...
PCG: 0 : 4.737108e-03
PCG: 1 : 1.911304e-03 / 4.034749e-01
PCG: 2 : 7.853808e-04 / 1.657933e-01
PCG: 0 : 7.981496e-04
PCG: 1 : 3.250949e-04 / 4.073108e-01
PCG: 2 : 8.895114e-05 / 1.114467e-01
PCG: 0 : 8.895118e-05
PCG: 1 : 2.108695e-05 / 2.370621e-01
PCG: 2 : 1.512950e-06 / 1.700877e-02
PCG: 0 : 1.512951e-06
PCG: 1 : 3.738765e-07 / 2.471173e-01
PCG: 2 : 3.739839e-08 / 2.471883e-02
PCG: 0 : 3.739842e-08
PCG: 1 : 8.749932e-09 / 2.339653e-01
PCG: 2 : 8.890773e-10 / 2.377313e-02
PCG: 0 : 8.890774e-10
PCG: 1 : 1.906711e-10 / 2.144595e-01
PCG: 2 : 2.175883e-11 / 2.447350e-02
PCG: 0 : 2.176065e-11
PCG: 1 : 4.920176e-12 / 2.261043e-01
PCG: 2 : 5.631495e-13 / 2.587926e-02

PCG ( VCycle ( S: Scale / C: Scale )  )

Complete solver TOE: 0.734903
13.1986 GFlop/s [13.1986 GFlops/s]

Total time: 0.734903s
Accumulated op time: 0.265919

Reductions: 35.8209%
Blas-1: 0.172812%
Blas-2: 0.190501%
Precon Kernels: 0%
MPI Execution: 0%
MPI Wait: 0%
Not covered: 63.8158%

Domain size: 768.875 MByte
LA size: 1932.17 MByte
MPI size: 42.7294 MByte

H0-Error: 1.073001e-07
H1-Error: 1.008605e-03

Writing DATA to output.data...
Run-Time: 0:11.575 [0:11.575]
0x31d198e880 Error: MemoryPool<CUDA> still contains memory chunks on deconstructor call
