NUM-PROCS: 1
Preparing domain...
LVL-MIN: 2 [2]
LVL-MAX: 4 [4]
Creating gates...
Assembling system matrices...
Assembling system filters...
Assembling transfer matrices...
Converting assembled linear system from SparseMatrixCSR, Mem:main to SparseMatrixCSR, Mem:mainand to SparseMatrixCSR, Mem:main...
PCG: 0 : 5.972902e-01
PCG: 1 : 2.426057e-01 / 4.061773e-01
PCG: 2 : 8.132816e-02 / 1.361619e-01
PCG: 3 : 7.754790e-03 / 1.298329e-02
PCG: 4 : 4.254429e-04 / 7.122885e-04
PCG: 0 : 1.331427e-01
PCG: 1 : 3.667179e-02 / 2.754322e-01
PCG: 2 : 1.917019e-02 / 1.439822e-01
PCG: 3 : 1.555202e-03 / 1.168072e-02
PCG: 4 : 6.458408e-05 / 4.850741e-04
PCG: 0 : 6.459164e-05
PCG: 1 : 5.434289e-06 / 8.413301e-02
PCG: 2 : 4.556460e-07 / 7.054257e-03
PCG: 3 : 6.405758e-08 / 9.917316e-04
PCG: 4 : 6.908982e-09 / 1.069640e-04
PCG: 0 : 6.909010e-09
PCG: 1 : 5.860831e-09 / 8.482881e-01
PCG: 2 : 1.056054e-09 / 1.528517e-01
PCG: 3 : 1.020734e-10 / 1.477396e-02
PCG: 4 : 9.968147e-12 / 1.442775e-03

PCG ( VCycle ( S: Scale / C: Scale )  )

Complete solver TOE: 0.000345
1.84075 GFlop/s [1.84075 GFlops/s]

Total time: 0.000345s
Accumulated op time: 0.000198

Reductions: 6.08696%
Blas-1: 4.63768%
Blas-2: 46.6667%
Precon Kernels: 0%
MPI Execution: 0%
MPI Wait: 0%
Not covered: 42.6087%

Domain size: 0.0523529 MByte
LA size: 0.12664 MByte
MPI size: 0.00305939 MByte

H0-Error: 1.753315e-03
H1-Error: 1.289155e-01

Writing DATA to output.data...
Run-Time: 0:00.004 [0:00.004]
0x31d198e880 Error: MemoryPool<CPU> still contains memory chunks on deconstructor call
