NUM-PROCS: 1
Preparing domain...
LVL-MIN: 5 [5]
LVL-MAX: 6 [6]
Creating gates...
Assembling system matrices...
Assembling system filters...
Assembling transfer matrices...
Converting assembled linear system from SparseMatrixCSR, Mem:main to SparseMatrixCSR, Mem:mainand to SparseMatrixCSR, Mem:main...
PCG: 0 : 1.512628e-01
PCG: 1 : 5.296443e-01 / 3.501483e+00
PCG: 2 : 3.286094e-01 / 2.172440e+00
PCG: 3 : 3.573487e-01 / 2.362435e+00
PCG: 4 : 3.568083e-01 / 2.358863e+00
PCG: 5 : 2.454749e-01 / 1.622837e+00
PCG: 6 : 1.993837e-01 / 1.318128e+00
PCG: 7 : 2.148032e-01 / 1.420066e+00
PCG: 8 : 1.415634e-01 / 9.358771e-01
PCG: 0 : 1.392333e-01
PCG: 1 : 1.049635e-01 / 7.538675e-01
PCG: 2 : 7.130357e-02 / 5.121157e-01
PCG: 3 : 4.997656e-02 / 3.589411e-01
PCG: 4 : 4.918355e-02 / 3.532455e-01
PCG: 5 : 2.583517e-02 / 1.855531e-01
PCG: 6 : 1.650876e-02 / 1.185691e-01
PCG: 7 : 2.150652e-02 / 1.544639e-01
PCG: 8 : 1.937780e-02 / 1.391750e-01
PCG: 0 : 1.937780e-02
PCG: 1 : 4.378489e-03 / 2.259539e-01
PCG: 2 : 2.976417e-03 / 1.535993e-01
PCG: 3 : 6.005594e-03 / 3.099214e-01
PCG: 4 : 8.037228e-03 / 4.147647e-01
PCG: 5 : 6.190916e-03 / 3.194850e-01
PCG: 6 : 5.570808e-03 / 2.874840e-01
PCG: 7 : 5.043903e-03 / 2.602929e-01
PCG: 8 : 5.027444e-03 / 2.594435e-01
PCG: 0 : 5.027443e-03
PCG: 1 : 2.934266e-03 / 5.836498e-01
PCG: 2 : 2.131564e-03 / 4.239857e-01
PCG: 3 : 1.834183e-03 / 3.648341e-01
PCG: 4 : 1.782497e-03 / 3.545533e-01
PCG: 5 : 1.232336e-03 / 2.451218e-01
PCG: 6 : 6.153174e-04 / 1.223917e-01
PCG: 7 : 7.907474e-04 / 1.572862e-01
PCG: 8 : 1.148211e-03 / 2.283887e-01
PCG: 0 : 1.148212e-03
PCG: 1 : 3.937501e-04 / 3.429246e-01
PCG: 2 : 4.833578e-04 / 4.209657e-01
PCG: 3 : 5.504581e-04 / 4.794047e-01
PCG: 4 : 7.371524e-04 / 6.420004e-01
PCG: 5 : 7.623034e-04 / 6.639048e-01
PCG: 6 : 5.695858e-04 / 4.960634e-01
PCG: 7 : 4.858547e-04 / 4.231403e-01
PCG: 8 : 6.201197e-04 / 5.400743e-01
PCG: 0 : 6.201197e-04
PCG: 1 : 3.317798e-04 / 5.350254e-01
PCG: 2 : 3.080634e-04 / 4.967805e-01
PCG: 3 : 2.668681e-04 / 4.303493e-01
PCG: 4 : 2.051517e-04 / 3.308260e-01
PCG: 5 : 1.406727e-04 / 2.268477e-01
PCG: 6 : 1.117488e-04 / 1.802051e-01
PCG: 7 : 1.024999e-04 / 1.652905e-01
PCG: 8 : 1.254010e-04 / 2.022206e-01
PCG: 0 : 1.254010e-04
PCG: 1 : 8.458264e-05 / 6.744973e-01
PCG: 2 : 9.130097e-05 / 7.280720e-01
PCG: 3 : 8.605178e-05 / 6.862128e-01
PCG: 4 : 1.192926e-04 / 9.512889e-01
PCG: 5 : 1.089229e-04 / 8.685965e-01
PCG: 6 : 1.048129e-04 / 8.358219e-01
PCG: 7 : 8.787292e-05 / 7.007353e-01
PCG: 8 : 9.678210e-05 / 7.717808e-01
PCG: 0 : 9.678199e-05
PCG: 1 : 6.363555e-05 / 6.575145e-01
PCG: 2 : 5.880280e-05 / 6.075800e-01
PCG: 3 : 4.231190e-05 / 4.371877e-01
PCG: 4 : 3.680959e-05 / 3.803351e-01
PCG: 5 : 2.248466e-05 / 2.323228e-01
PCG: 6 : 2.052379e-05 / 2.120621e-01
PCG: 7 : 1.829689e-05 / 1.890526e-01
PCG: 8 : 2.264210e-05 / 2.339495e-01
PCG: 0 : 2.264211e-05
PCG: 1 : 1.643672e-05 / 7.259357e-01
PCG: 2 : 1.713180e-05 / 7.566344e-01
PCG: 3 : 1.607168e-05 / 7.098138e-01
PCG: 4 : 2.345216e-05 / 1.035776e+00
PCG: 5 : 1.972398e-05 / 8.711196e-01
PCG: 6 : 2.056020e-05 / 9.080515e-01
PCG: 7 : 1.618141e-05 / 7.146602e-01
PCG: 8 : 1.837562e-05 / 8.115683e-01
PCG: 0 : 1.837561e-05
PCG: 1 : 1.202054e-05 / 6.541575e-01
PCG: 2 : 1.124254e-05 / 6.118186e-01
PCG: 3 : 7.920562e-06 / 4.310367e-01
PCG: 4 : 7.098673e-06 / 3.863096e-01
PCG: 5 : 4.194002e-06 / 2.282374e-01
PCG: 6 : 3.949748e-06 / 2.149451e-01
PCG: 7 : 3.436003e-06 / 1.869872e-01
PCG: 8 : 4.321272e-06 / 2.351635e-01
PCG: 0 : 4.321270e-06
PCG: 1 : 3.122308e-06 / 7.225441e-01
PCG: 2 : 3.247327e-06 / 7.514752e-01
PCG: 3 : 3.062539e-06 / 7.087128e-01
PCG: 4 : 4.470072e-06 / 1.034435e+00
PCG: 5 : 3.752782e-06 / 8.684441e-01
PCG: 6 : 3.895517e-06 / 9.014750e-01
PCG: 7 : 3.075845e-06 / 7.117918e-01
PCG: 8 : 3.511275e-06 / 8.125561e-01
PCG: 0 : 3.511272e-06
PCG: 1 : 2.284727e-06 / 6.506835e-01
PCG: 2 : 2.132213e-06 / 6.072481e-01
PCG: 3 : 1.509256e-06 / 4.298316e-01
PCG: 4 : 1.353244e-06 / 3.854000e-01
PCG: 5 : 7.992091e-07 / 2.276124e-01
PCG: 6 : 7.489709e-07 / 2.133047e-01
PCG: 7 : 6.528304e-07 / 1.859242e-01
PCG: 8 : 8.254429e-07 / 2.350837e-01
PCG: 0 : 8.254432e-07
PCG: 1 : 5.935411e-07 / 7.190574e-01
PCG: 2 : 6.161767e-07 / 7.464798e-01
PCG: 3 : 5.838396e-07 / 7.073044e-01
PCG: 4 : 8.522587e-07 / 1.032486e+00
PCG: 5 : 7.147925e-07 / 8.659499e-01
PCG: 6 : 7.385696e-07 / 8.947552e-01
PCG: 7 : 5.850862e-07 / 7.088146e-01
PCG: 8 : 6.712428e-07 / 8.131909e-01
PCG: 0 : 6.712430e-07
PCG: 1 : 4.345581e-07 / 6.473932e-01
PCG: 2 : 4.047361e-07 / 6.029651e-01
PCG: 3 : 2.877267e-07 / 4.286477e-01
PCG: 4 : 2.580421e-07 / 3.844243e-01
PCG: 5 : 1.523992e-07 / 2.270402e-01
PCG: 6 : 1.421443e-07 / 2.117628e-01
PCG: 7 : 1.241417e-07 / 1.849431e-01
PCG: 8 : 1.577616e-07 / 2.350291e-01
PCG: 0 : 1.577615e-07
PCG: 1 : 1.129095e-07 / 7.156969e-01
PCG: 2 : 1.170285e-07 / 7.418062e-01
PCG: 3 : 1.113499e-07 / 7.058115e-01
PCG: 4 : 1.625254e-07 / 1.030197e+00
PCG: 5 : 1.362583e-07 / 8.636976e-01
PCG: 6 : 1.401485e-07 / 8.883563e-01
PCG: 7 : 1.113503e-07 / 7.058137e-01
PCG: 8 : 1.283535e-07 / 8.135920e-01

PCG ( VCycle ( S: Scale / C: Scale )  )

Complete solver TOE: 0.017876
3.32774 GFlop/s [3.32774 GFlops/s]

Total time: 0.017876s
Accumulated op time: 0.016616

Reductions: 11.9546%
Blas-1: 3.11032%
Blas-2: 77.8866%
Precon Kernels: 0%
MPI Execution: 0%
MPI Wait: 0%
Not covered: 7.04856%

Domain size: 0.723785 MByte
LA size: 1.61487 MByte
MPI size: 0.0405731 MByte

H0-Error: 1.098588e-04
H1-Error: 3.227246e-02

Writing DATA to output.data...
Run-Time: 0:00.028 [0:00.028]
0x31d198e880 Error: MemoryPool<CPU> still contains memory chunks on deconstructor call
