NUM-PROCS: 1
Preparing domain...
LVL-MIN: 6 [6]
LVL-MAX: 8 [8]
Creating gates...
Assembling system matrices...
Assembling system filters...
Assembling transfer matrices...
Converting assembled linear system from SparseMatrixCSR, Mem:main to SparseMatrixCSR, Mem:mainand to SparseMatrixCSR, Mem:main...
PCG: 0 : 3.788143e-02
PCG: 1 : 3.009731e-01 / 7.945136e+00
PCG: 2 : 2.267144e-01 / 5.984843e+00
PCG: 3 : 3.539035e-01 / 9.342400e+00
PCG: 4 : 2.763123e-01 / 7.294136e+00
PCG: 0 : 2.769586e-01
PCG: 1 : 2.299191e-01 / 8.301570e-01
PCG: 2 : 1.463634e-01 / 5.284668e-01
PCG: 3 : 1.435421e-01 / 5.182801e-01
PCG: 4 : 1.457304e-01 / 5.261813e-01
PCG: 0 : 1.457304e-01
PCG: 1 : 1.295092e-01 / 8.886905e-01
PCG: 2 : 8.485712e-02 / 5.822884e-01
PCG: 3 : 1.271693e-01 / 8.726341e-01
PCG: 4 : 1.240026e-01 / 8.509041e-01
PCG: 0 : 1.240026e-01
PCG: 1 : 1.089568e-01 / 8.786657e-01
PCG: 2 : 6.035473e-02 / 4.867216e-01
PCG: 3 : 7.356215e-02 / 5.932308e-01
PCG: 4 : 7.014383e-02 / 5.656643e-01
PCG: 0 : 7.014383e-02
PCG: 1 : 7.574915e-02 / 1.079912e+00
PCG: 2 : 6.230284e-02 / 8.882154e-01
PCG: 3 : 7.817785e-02 / 1.114536e+00
PCG: 4 : 7.099324e-02 / 1.012110e+00
PCG: 0 : 7.099324e-02
PCG: 1 : 7.186664e-02 / 1.012303e+00
PCG: 2 : 5.152096e-02 / 7.257165e-01
PCG: 3 : 5.575514e-02 / 7.853585e-01
PCG: 4 : 5.101240e-02 / 7.185529e-01
PCG: 0 : 5.101240e-02
PCG: 1 : 5.447812e-02 / 1.067939e+00
PCG: 2 : 4.680965e-02 / 9.176130e-01
PCG: 3 : 5.543735e-02 / 1.086742e+00
PCG: 4 : 5.091519e-02 / 9.980943e-01
PCG: 0 : 5.091518e-02
PCG: 1 : 5.044905e-02 / 9.908450e-01
PCG: 2 : 4.182564e-02 / 8.214769e-01
PCG: 3 : 4.813464e-02 / 9.453887e-01
PCG: 4 : 4.341249e-02 / 8.526434e-01
PCG: 0 : 4.341250e-02
PCG: 1 : 4.489371e-02 / 1.034119e+00
PCG: 2 : 3.795762e-02 / 8.743479e-01
PCG: 3 : 4.393660e-02 / 1.012073e+00
PCG: 4 : 4.244739e-02 / 9.777690e-01
PCG: 0 : 4.244739e-02
PCG: 1 : 4.047891e-02 / 9.536255e-01
PCG: 2 : 3.499014e-02 / 8.243178e-01
PCG: 3 : 4.178626e-02 / 9.844248e-01
PCG: 4 : 3.865605e-02 / 9.106814e-01
PCG: 0 : 3.865606e-02
PCG: 1 : 3.900596e-02 / 1.009052e+00
PCG: 2 : 3.251818e-02 / 8.412182e-01
PCG: 3 : 3.711575e-02 / 9.601536e-01
PCG: 4 : 3.746182e-02 / 9.691060e-01
PCG: 0 : 3.746181e-02
PCG: 1 : 3.488118e-02 / 9.311129e-01
PCG: 2 : 3.045175e-02 / 8.128743e-01
PCG: 3 : 3.667476e-02 / 9.789906e-01
PCG: 4 : 3.487882e-02 / 9.310499e-01
PCG: 0 : 3.487882e-02
PCG: 1 : 3.465666e-02 / 9.936305e-01
PCG: 2 : 2.864650e-02 / 8.213150e-01
PCG: 3 : 3.240702e-02 / 9.291319e-01
PCG: 4 : 3.361895e-02 / 9.638788e-01
PCG: 0 : 3.361895e-02
PCG: 1 : 3.089056e-02 / 9.188437e-01
PCG: 2 : 2.703427e-02 / 8.041379e-01
PCG: 3 : 3.256495e-02 / 9.686485e-01
PCG: 4 : 3.154457e-02 / 9.382973e-01
PCG: 0 : 3.154457e-02
PCG: 1 : 3.104268e-02 / 9.840894e-01
PCG: 2 : 2.555422e-02 / 8.100990e-01
PCG: 3 : 2.877393e-02 / 9.121674e-01
PCG: 4 : 3.031811e-02 / 9.611199e-01
PCG: 0 : 3.031811e-02
PCG: 1 : 2.763382e-02 / 9.114623e-01
PCG: 2 : 2.420376e-02 / 7.983268e-01
PCG: 3 : 2.912253e-02 / 9.605653e-01
PCG: 4 : 2.854083e-02 / 9.413790e-01
PCG: 0 : 2.854083e-02
PCG: 1 : 2.789007e-02 / 9.771991e-01
PCG: 2 : 2.292068e-02 / 8.030840e-01
PCG: 3 : 2.574405e-02 / 9.020077e-01
PCG: 4 : 2.739308e-02 / 9.597855e-01
PCG: 0 : 2.739308e-02
PCG: 1 : 2.481669e-02 / 9.059473e-01
PCG: 2 : 2.174679e-02 / 7.938787e-01
PCG: 3 : 2.613167e-02 / 9.539515e-01
PCG: 4 : 2.583777e-02 / 9.432225e-01
PCG: 0 : 2.583778e-02
PCG: 1 : 2.509372e-02 / 9.712027e-01
PCG: 2 : 2.061177e-02 / 7.977374e-01
PCG: 3 : 2.310804e-02 / 8.943506e-01
PCG: 4 : 2.478788e-02 / 9.593655e-01
PCG: 0 : 2.478787e-02
PCG: 1 : 2.232739e-02 / 9.007385e-01
PCG: 2 : 1.957162e-02 / 7.895642e-01
PCG: 3 : 2.348283e-02 / 9.473514e-01
PCG: 4 : 2.341839e-02 / 9.447518e-01
PCG: 0 : 2.341839e-02
PCG: 1 : 2.260528e-02 / 9.652791e-01
PCG: 2 : 1.855554e-02 / 7.923493e-01
PCG: 3 : 2.076810e-02 / 8.868289e-01
PCG: 4 : 2.247539e-02 / 9.597326e-01
PCG: 0 : 2.247540e-02
PCG: 1 : 2.012297e-02 / 8.953332e-01
PCG: 2 : 1.762581e-02 / 7.842270e-01
PCG: 3 : 2.111749e-02 / 9.395826e-01
PCG: 4 : 2.128487e-02 / 9.470297e-01
PCG: 0 : 2.128487e-02
PCG: 1 : 2.041611e-02 / 9.591845e-01
PCG: 2 : 1.671108e-02 / 7.851157e-01
PCG: 3 : 1.868207e-02 / 8.777161e-01
PCG: 4 : 2.046277e-02 / 9.613766e-01
PCG: 0 : 2.046278e-02
PCG: 1 : 1.820209e-02 / 8.895215e-01
PCG: 2 : 1.587174e-02 / 7.756392e-01
PCG: 3 : 1.900691e-02 / 9.288527e-01
PCG: 4 : 1.946744e-02 / 9.513583e-01
PCG: 0 : 1.946744e-02
PCG: 1 : 1.854902e-02 / 9.528227e-01
PCG: 2 : 1.503683e-02 / 7.724093e-01
PCG: 3 : 1.683051e-02 / 8.645468e-01
PCG: 4 : 1.879421e-02 / 9.654177e-01
PCG: 0 : 1.879421e-02
PCG: 1 : 1.659498e-02 / 8.829838e-01
PCG: 2 : 1.426390e-02 / 7.589518e-01
PCG: 3 : 1.714555e-02 / 9.122782e-01
PCG: 4 : 1.804401e-02 / 9.600834e-01
PCG: 0 : 1.804401e-02
PCG: 1 : 1.706109e-02 / 9.455267e-01
PCG: 2 : 1.348004e-02 / 7.470648e-01
PCG: 3 : 1.522520e-02 / 8.437815e-01
PCG: 4 : 1.756067e-02 / 9.732131e-01
PCG: 0 : 1.756067e-02
PCG: 1 : 1.534692e-02 / 8.739371e-01
PCG: 2 : 1.273759e-02 / 7.253476e-01
PCG: 3 : 1.556940e-02 / 8.866064e-01
PCG: 4 : 1.710827e-02 / 9.742380e-01
PCG: 0 : 1.710827e-02
PCG: 1 : 1.596876e-02 / 9.333942e-01
PCG: 2 : 1.195733e-02 / 6.989207e-01
PCG: 3 : 1.392161e-02 / 8.137357e-01
PCG: 4 : 1.679414e-02 / 9.816387e-01
PCG: 0 : 1.679414e-02
PCG: 1 : 1.440004e-02 / 8.574442e-01
PCG: 2 : 1.120920e-02 / 6.674470e-01
PCG: 3 : 1.436850e-02 / 8.555660e-01
PCG: 4 : 1.658113e-02 / 9.873165e-01
PCG: 0 : 1.658113e-02
PCG: 1 : 1.508003e-02 / 9.094692e-01
PCG: 2 : 1.042186e-02 / 6.285371e-01
PCG: 3 : 1.297802e-02 / 7.826981e-01
PCG: 4 : 1.625021e-02 / 9.800424e-01
PCG: 0 : 1.625021e-02
PCG: 1 : 1.349849e-02 / 8.306656e-01
PCG: 2 : 9.713970e-03 / 5.977749e-01
PCG: 3 : 1.355162e-02 / 8.339347e-01
PCG: 4 : 1.604331e-02 / 9.872679e-01
PCG: 0 : 1.604332e-02
PCG: 1 : 1.406561e-02 / 8.767274e-01
PCG: 2 : 9.020192e-03 / 5.622398e-01
PCG: 3 : 1.224530e-02 / 7.632646e-01
PCG: 4 : 1.549247e-02 / 9.656648e-01
PCG: 0 : 1.549247e-02
PCG: 1 : 1.244271e-02 / 8.031456e-01
PCG: 2 : 8.452849e-03 / 5.456102e-01
PCG: 3 : 1.280778e-02 / 8.267101e-01
PCG: 4 : 1.514444e-02 / 9.775359e-01
PCG: 0 : 1.514444e-02
PCG: 1 : 1.286581e-02 / 8.495400e-01
PCG: 2 : 7.922537e-03 / 5.231317e-01
PCG: 3 : 1.140646e-02 / 7.531779e-01
PCG: 4 : 1.441917e-02 / 9.521099e-01
PCG: 0 : 1.441917e-02
PCG: 1 : 1.129954e-02 / 7.836468e-01
PCG: 2 : 7.492146e-03 / 5.195962e-01
PCG: 3 : 1.185700e-02 / 8.223081e-01
PCG: 4 : 1.398824e-02 / 9.701144e-01
PCG: 0 : 1.398824e-02
PCG: 1 : 1.163759e-02 / 8.319555e-01
PCG: 2 : 7.078542e-03 / 5.060352e-01
PCG: 3 : 1.042095e-02 / 7.449791e-01
PCG: 4 : 1.322581e-02 / 9.454945e-01
PCG: 0 : 1.322581e-02
PCG: 1 : 1.019409e-02 / 7.707723e-01
PCG: 2 : 6.727805e-03 / 5.086876e-01
PCG: 3 : 1.078756e-02 / 8.156450e-01
PCG: 4 : 1.278648e-02 / 9.667827e-01
PCG: 0 : 1.278649e-02
PCG: 1 : 1.048696e-02 / 8.201594e-01
PCG: 2 : 6.377426e-03 / 4.987631e-01
PCG: 3 : 9.426047e-03 / 7.371883e-01
PCG: 4 : 1.205601e-02 / 9.428716e-01
PCG: 0 : 1.205601e-02
PCG: 1 : 9.180184e-03 / 7.614611e-01
PCG: 2 : 6.071838e-03 / 5.036357e-01
PCG: 3 : 9.744288e-03 / 8.082513e-01
PCG: 4 : 1.163898e-02 / 9.654087e-01
PCG: 0 : 1.163898e-02
PCG: 1 : 9.444003e-03 / 8.114117e-01
PCG: 2 : 5.760902e-03 / 4.949663e-01
PCG: 3 : 8.499316e-03 / 7.302459e-01
PCG: 4 : 1.096102e-02 / 9.417508e-01
PCG: 0 : 1.096101e-02
PCG: 1 : 8.267884e-03 / 7.542992e-01
PCG: 2 : 5.487607e-03 / 5.006478e-01
PCG: 3 : 8.785215e-03 / 8.014966e-01
PCG: 4 : 1.057478e-02 / 9.647633e-01
PCG: 0 : 1.057478e-02
PCG: 1 : 8.508192e-03 / 8.045739e-01
PCG: 2 : 5.206820e-03 / 4.923809e-01
PCG: 3 : 7.660355e-03 / 7.243985e-01
PCG: 4 : 9.951877e-03 / 9.410954e-01
PCG: 0 : 9.951878e-03
PCG: 1 : 7.450118e-03 / 7.486143e-01
PCG: 2 : 4.959888e-03 / 4.983872e-01
PCG: 3 : 7.919502e-03 / 7.957796e-01
PCG: 4 : 9.597171e-03 / 9.643577e-01
PCG: 0 : 9.597169e-03
PCG: 1 : 7.669901e-03 / 7.991836e-01
PCG: 2 : 4.705575e-03 / 4.903087e-01
PCG: 3 : 6.906346e-03 / 7.196233e-01
PCG: 4 : 9.028101e-03 / 9.407046e-01
PCG: 0 : 9.028102e-03
PCG: 1 : 6.717608e-03 / 7.440776e-01
PCG: 2 : 4.482130e-03 / 4.964643e-01
PCG: 3 : 7.141999e-03 / 7.910854e-01
PCG: 4 : 8.703345e-03 / 9.640282e-01
PCG: 0 : 8.703347e-03
PCG: 1 : 6.918192e-03 / 7.948886e-01
PCG: 2 : 4.251559e-03 / 4.884970e-01
PCG: 3 : 6.229457e-03 / 7.157541e-01
PCG: 4 : 8.184709e-03 / 9.404093e-01
PCG: 0 : 8.184711e-03
PCG: 1 : 6.060696e-03 / 7.404899e-01
PCG: 2 : 4.049465e-03 / 4.947596e-01
PCG: 3 : 6.443670e-03 / 7.872813e-01
PCG: 4 : 7.888094e-03 / 9.637595e-01
PCG: 0 : 7.888095e-03
PCG: 1 : 6.243438e-03 / 7.915014e-01
PCG: 2 : 3.840492e-03 / 4.868718e-01
PCG: 3 : 5.621429e-03 / 7.126471e-01
PCG: 4 : 7.415976e-03 / 9.401479e-01
PCG: 0 : 7.415976e-03
PCG: 1 : 5.470730e-03 / 7.376952e-01
PCG: 2 : 3.657875e-03 / 4.932426e-01
PCG: 3 : 5.816214e-03 / 7.842817e-01
PCG: 4 : 7.146187e-03 / 9.636206e-01
PCG: 0 : 7.146186e-03
PCG: 1 : 5.636903e-03 / 7.887989e-01
PCG: 2 : 3.468646e-03 / 4.853841e-01
PCG: 3 : 5.074795e-03 / 7.101403e-01
PCG: 4 : 6.716573e-03 / 9.398822e-01
PCG: 0 : 6.716573e-03
PCG: 1 : 4.939989e-03 / 7.354925e-01
PCG: 2 : 3.303522e-03 / 4.918463e-01
PCG: 3 : 5.251334e-03 / 7.818472e-01
PCG: 4 : 6.471320e-03 / 9.634853e-01
PCG: 0 : 6.471319e-03
PCG: 1 : 5.091012e-03 / 7.867038e-01
PCG: 2 : 3.132432e-03 / 4.840484e-01
PCG: 3 : 4.582666e-03 / 7.081503e-01
PCG: 4 : 6.081256e-03 / 9.397243e-01
PCG: 0 : 6.081255e-03
PCG: 1 : 4.462076e-03 / 7.337427e-01
PCG: 2 : 2.983316e-03 / 4.905758e-01
PCG: 3 : 4.742760e-03 / 7.798982e-01
PCG: 4 : 5.858506e-03 / 9.633713e-01
PCG: 0 : 5.858505e-03
PCG: 1 : 4.599135e-03 / 7.850357e-01
PCG: 2 : 2.828590e-03 / 4.828177e-01
PCG: 3 : 4.139312e-03 / 7.065474e-01
PCG: 4 : 5.504566e-03 / 9.395854e-01
PCG: 0 : 5.504567e-03
PCG: 1 : 4.031440e-03 / 7.323809e-01
PCG: 2 : 2.694044e-03 / 4.894197e-01
PCG: 3 : 4.284349e-03 / 7.783262e-01
PCG: 4 : 5.302447e-03 / 9.632813e-01
PCG: 0 : 5.302447e-03
PCG: 1 : 4.155702e-03 / 7.837328e-01
PCG: 2 : 2.554259e-03 / 4.817132e-01
PCG: 3 : 3.739489e-03 / 7.052383e-01
PCG: 4 : 4.981388e-03 / 9.394507e-01
PCG: 0 : 4.981387e-03
PCG: 1 : 3.642882e-03 / 7.312986e-01
PCG: 2 : 2.432790e-03 / 4.883760e-01
PCG: 3 : 3.870979e-03 / 7.770886e-01
PCG: 4 : 4.798228e-03 / 9.632313e-01
PCG: 0 : 4.798227e-03
PCG: 1 : 3.755527e-03 / 7.826906e-01
PCG: 2 : 2.306469e-03 / 4.806920e-01
PCG: 3 : 3.378733e-03 / 7.041628e-01
PCG: 4 : 4.507095e-03 / 9.393252e-01
PCG: 0 : 4.507095e-03
PCG: 1 : 3.292215e-03 / 7.304516e-01
PCG: 2 : 2.196848e-03 / 4.874199e-01
PCG: 3 : 3.497847e-03 / 7.760756e-01
PCG: 4 : 4.341238e-03 / 9.632009e-01
PCG: 0 : 4.341238e-03
PCG: 1 : 3.394331e-03 / 7.818810e-01
PCG: 2 : 2.082824e-03 / 4.797766e-01
PCG: 3 : 3.053152e-03 / 7.032907e-01
PCG: 4 : 4.077450e-03 / 9.392368e-01
PCG: 0 : 4.077450e-03
PCG: 1 : 2.975661e-03 / 7.297848e-01
PCG: 2 : 1.983974e-03 / 4.865722e-01
PCG: 3 : 3.161020e-03 / 7.752443e-01
PCG: 4 : 3.927227e-03 / 9.631575e-01
PCG: 0 : 3.927226e-03
PCG: 1 : 3.068033e-03 / 7.812215e-01
PCG: 2 : 1.880945e-03 / 4.789500e-01
PCG: 3 : 2.759256e-03 / 7.025968e-01
PCG: 4 : 3.688383e-03 / 9.391828e-01
PCG: 0 : 3.688384e-03
PCG: 1 : 2.689660e-03 / 7.292243e-01
PCG: 2 : 1.791684e-03 / 4.857638e-01
PCG: 3 : 2.856784e-03 / 7.745354e-01
PCG: 4 : 3.552186e-03 / 9.630737e-01
PCG: 0 : 3.552187e-03
PCG: 1 : 2.773289e-03 / 7.807273e-01
PCG: 2 : 1.698680e-03 / 4.782069e-01
PCG: 3 : 2.493778e-03 / 7.020404e-01
PCG: 4 : 3.336094e-03 / 9.391664e-01
PCG: 0 : 3.336094e-03
PCG: 1 : 2.431418e-03 / 7.288218e-01
PCG: 2 : 1.618181e-03 / 4.850528e-01
PCG: 3 : 2.582107e-03 / 7.739913e-01
PCG: 4 : 3.212827e-03 / 9.630505e-01
PCG: 0 : 3.212827e-03
PCG: 1 : 2.507010e-03 / 7.803127e-01
PCG: 2 : 1.534176e-03 / 4.775159e-01
PCG: 3 : 2.253973e-03 / 7.015545e-01
PCG: 4 : 3.017131e-03 / 9.390892e-01
PCG: 0 : 3.017131e-03
PCG: 1 : 2.197948e-03 / 7.284893e-01
PCG: 2 : 1.461527e-03 / 4.844094e-01
PCG: 3 : 2.333896e-03 / 7.735481e-01
PCG: 4 : 2.905629e-03 / 9.630436e-01
PCG: 0 : 2.905629e-03
PCG: 1 : 2.266365e-03 / 7.799912e-01
PCG: 2 : 1.385670e-03 / 4.768915e-01
PCG: 3 : 2.037346e-03 / 7.011719e-01
PCG: 4 : 2.728484e-03 / 9.390339e-01
PCG: 0 : 2.728485e-03
PCG: 1 : 1.986949e-03 / 7.282246e-01
PCG: 2 : 1.320096e-03 / 4.838203e-01
PCG: 3 : 2.109600e-03 / 7.731763e-01
PCG: 4 : 2.627543e-03 / 9.630044e-01
PCG: 0 : 2.627543e-03
PCG: 1 : 2.048869e-03 / 7.797661e-01
PCG: 2 : 1.251584e-03 / 4.763323e-01
PCG: 3 : 1.841527e-03 / 7.008553e-01
PCG: 4 : 2.467348e-03 / 9.390324e-01
PCG: 0 : 2.467347e-03
PCG: 1 : 1.796313e-03 / 7.280345e-01
PCG: 2 : 1.192470e-03 / 4.833004e-01
PCG: 3 : 1.907022e-03 / 7.729038e-01
PCG: 4 : 2.376124e-03 / 9.630280e-01
PCG: 0 : 2.376124e-03
PCG: 1 : 1.852318e-03 / 7.795544e-01
PCG: 2 : 1.130583e-03 / 4.758100e-01
PCG: 3 : 1.664667e-03 / 7.005808e-01
PCG: 4 : 2.230995e-03 / 9.389219e-01
PCG: 0 : 2.230995e-03
PCG: 1 : 1.623949e-03 / 7.279034e-01
PCG: 2 : 1.077159e-03 / 4.828154e-01
PCG: 3 : 1.723839e-03 / 7.726772e-01
PCG: 4 : 2.148549e-03 / 9.630452e-01
PCG: 0 : 2.148548e-03
PCG: 1 : 1.674560e-03 / 7.793915e-01
PCG: 2 : 1.021297e-03 / 4.753429e-01
PCG: 3 : 1.504839e-03 / 7.003982e-01
PCG: 4 : 2.017260e-03 / 9.388943e-01
PCG: 0 : 2.017261e-03
PCG: 1 : 1.468203e-03 / 7.278202e-01
PCG: 2 : 9.731082e-04 / 4.823909e-01
PCG: 3 : 1.558291e-03 / 7.724788e-01
PCG: 4 : 1.942719e-03 / 9.630483e-01
PCG: 0 : 1.942719e-03
PCG: 1 : 1.513890e-03 / 7.792635e-01
PCG: 2 : 9.226518e-04 / 4.749281e-01
PCG: 3 : 1.360390e-03 / 7.002508e-01
PCG: 4 : 1.823964e-03 / 9.388716e-01
PCG: 0 : 1.823964e-03
PCG: 1 : 1.327406e-03 / 7.277589e-01
PCG: 2 : 8.791220e-04 / 4.819843e-01
PCG: 3 : 1.408692e-03 / 7.723242e-01
PCG: 4 : 1.756531e-03 / 9.630292e-01
PCG: 0 : 1.756531e-03
PCG: 1 : 1.368662e-03 / 7.791846e-01
PCG: 2 : 8.335343e-04 / 4.745344e-01
PCG: 3 : 1.229803e-03 / 7.001317e-01
PCG: 4 : 1.649104e-03 / 9.388413e-01
PCG: 0 : 1.649104e-03
PCG: 1 : 1.200079e-03 / 7.277156e-01
PCG: 2 : 7.942575e-04 / 4.816298e-01
PCG: 3 : 1.273457e-03 / 7.722117e-01
PCG: 4 : 1.588159e-03 / 9.630434e-01
PCG: 0 : 1.588158e-03
PCG: 1 : 1.237422e-03 / 7.791555e-01
PCG: 2 : 7.530935e-04 / 4.741929e-01
PCG: 3 : 1.111762e-03 / 7.000322e-01
PCG: 4 : 1.490958e-03 / 9.387966e-01
PCG: 0 : 1.490958e-03
PCG: 1 : 1.084959e-03 / 7.276930e-01
PCG: 2 : 7.176190e-04 / 4.813142e-01
PCG: 3 : 1.151277e-03 / 7.721726e-01
PCG: 4 : 1.435887e-03 / 9.630637e-01
PCG: 0 : 1.435887e-03
PCG: 1 : 1.118772e-03 / 7.791504e-01
PCG: 2 : 6.804470e-04 / 4.738863e-01
PCG: 3 : 1.005069e-03 / 6.999643e-01
PCG: 4 : 1.347973e-03 / 9.387740e-01
PCG: 0 : 1.347973e-03
PCG: 1 : 9.808829e-04 / 7.276723e-01
PCG: 2 : 6.483846e-04 / 4.810070e-01
PCG: 3 : 1.040800e-03 / 7.721223e-01
PCG: 4 : 1.298166e-03 / 9.630498e-01
PCG: 0 : 1.298166e-03
PCG: 1 : 1.011461e-03 / 7.791462e-01
PCG: 2 : 6.147937e-04 / 4.735865e-01
PCG: 3 : 9.086173e-04 / 6.999241e-01
PCG: 4 : 1.218667e-03 / 9.387609e-01
PCG: 0 : 1.218668e-03
PCG: 1 : 8.868161e-04 / 7.276931e-01
PCG: 2 : 5.858526e-04 / 4.807321e-01
PCG: 3 : 9.409430e-04 / 7.721080e-01
PCG: 4 : 1.173625e-03 / 9.630394e-01
PCG: 0 : 1.173625e-03
PCG: 1 : 9.144589e-04 / 7.791748e-01
PCG: 2 : 5.555174e-04 / 4.733348e-01
PCG: 3 : 8.214198e-04 / 6.998999e-01
PCG: 4 : 1.101734e-03 / 9.387448e-01
PCG: 0 : 1.101734e-03
PCG: 1 : 8.017432e-04 / 7.277103e-01
PCG: 2 : 5.293713e-04 / 4.804892e-01
PCG: 3 : 8.506497e-04 / 7.721007e-01
PCG: 4 : 1.061003e-03 / 9.630300e-01
PCG: 0 : 1.061003e-03
PCG: 1 : 8.267640e-04 / 7.792286e-01
PCG: 2 : 5.019658e-04 / 4.731050e-01
PCG: 3 : 7.426043e-04 / 6.999077e-01
PCG: 4 : 9.960361e-04 / 9.387683e-01
PCG: 0 : 9.960363e-04
PCG: 1 : 7.248442e-04 / 7.277287e-01
PCG: 2 : 4.783544e-04 / 4.802580e-01
PCG: 3 : 7.690386e-04 / 7.720989e-01
PCG: 4 : 9.591827e-04 / 9.629997e-01
PCG: 0 : 9.591825e-04
PCG: 1 : 7.474743e-04 / 7.792826e-01
PCG: 2 : 4.536036e-04 / 4.729064e-01
PCG: 3 : 6.713664e-04 / 6.999360e-01
PCG: 4 : 9.004602e-04 / 9.387788e-01
PCG: 0 : 9.004601e-04
PCG: 1 : 6.553408e-04 / 7.277843e-01
PCG: 2 : 4.322687e-04 / 4.800532e-01
PCG: 3 : 6.952618e-04 / 7.721184e-01
PCG: 4 : 8.671069e-04 / 9.629598e-01
PCG: 0 : 8.671068e-04
PCG: 1 : 6.757743e-04 / 7.793438e-01
PCG: 2 : 4.098874e-04 / 4.727070e-01
PCG: 3 : 6.069445e-04 / 6.999651e-01
PCG: 4 : 8.140340e-04 / 9.387933e-01
PCG: 0 : 8.140338e-04
PCG: 1 : 5.924756e-04 / 7.278268e-01
PCG: 2 : 3.906157e-04 / 4.798519e-01
PCG: 3 : 6.285570e-04 / 7.721509e-01
PCG: 4 : 7.838688e-04 / 9.629438e-01
PCG: 0 : 7.838689e-04
PCG: 1 : 6.109674e-04 / 7.794255e-01
PCG: 2 : 3.704119e-04 / 4.725432e-01
PCG: 3 : 5.487188e-04 / 7.000135e-01
PCG: 4 : 7.359008e-04 / 9.388059e-01
PCG: 0 : 7.359009e-04
PCG: 1 : 5.356473e-04 / 7.278797e-01
PCG: 2 : 3.530001e-04 / 4.796843e-01
PCG: 3 : 5.682731e-04 / 7.722141e-01
PCG: 4 : 7.086208e-04 / 9.629297e-01
PCG: 0 : 7.086208e-04
PCG: 1 : 5.523833e-04 / 7.795188e-01
PCG: 2 : 3.347445e-04 / 4.723888e-01
PCG: 3 : 4.960711e-04 / 7.000516e-01
PCG: 4 : 6.652558e-04 / 9.388036e-01
PCG: 0 : 6.652558e-04
PCG: 1 : 4.842730e-04 / 7.279501e-01
PCG: 2 : 3.190149e-04 / 4.795373e-01
PCG: 3 : 5.137725e-04 / 7.722933e-01
PCG: 4 : 6.405895e-04 / 9.629220e-01
PCG: 0 : 6.405896e-04
PCG: 1 : 4.993994e-04 / 7.795933e-01
PCG: 2 : 3.025042e-04 / 4.722278e-01
PCG: 3 : 4.484765e-04 / 7.000995e-01
PCG: 4 : 6.013843e-04 / 9.387982e-01
PCG: 0 : 6.013844e-04
PCG: 1 : 4.378217e-04 / 7.280229e-01
PCG: 2 : 2.882943e-04 / 4.793844e-01
PCG: 3 : 4.644851e-04 / 7.723598e-01
PCG: 4 : 5.790927e-04 / 9.629325e-01
PCG: 0 : 5.790925e-04
PCG: 1 : 4.515082e-04 / 7.796824e-01
PCG: 2 : 2.733860e-04 / 4.720939e-01
PCG: 3 : 4.054656e-04 / 7.001741e-01
PCG: 4 : 5.436533e-04 / 9.388022e-01
PCG: 0 : 5.436534e-04
PCG: 1 : 3.958307e-04 / 7.280939e-01
PCG: 2 : 2.605454e-04 / 4.792492e-01
PCG: 3 : 4.199287e-04 / 7.724199e-01
PCG: 4 : 5.234795e-04 / 9.628920e-01
PCG: 0 : 5.234797e-04
PCG: 1 : 4.081966e-04 / 7.797754e-01
PCG: 2 : 2.470717e-04 / 4.719795e-01
PCG: 3 : 3.665659e-04 / 7.002487e-01
PCG: 4 : 4.914490e-04 / 9.388120e-01
PCG: 0 : 4.914490e-04
PCG: 1 : 3.578623e-04 / 7.281778e-01
PCG: 2 : 2.354705e-04 / 4.791352e-01
PCG: 3 : 3.796566e-04 / 7.725250e-01
PCG: 4 : 4.732200e-04 / 9.629075e-01
PCG: 0 : 4.732200e-04
PCG: 1 : 3.690644e-04 / 7.799004e-01
PCG: 2 : 2.233017e-04 / 4.718771e-01
PCG: 3 : 3.314024e-04 / 7.003137e-01
PCG: 4 : 4.442653e-04 / 9.388136e-01
PCG: 0 : 4.442653e-04
PCG: 1 : 3.235319e-04 / 7.282404e-01
PCG: 2 : 2.128148e-04 / 4.790264e-01
PCG: 3 : 3.432487e-04 / 7.726210e-01
PCG: 4 : 4.277701e-04 / 9.628708e-01
PCG: 0 : 4.277701e-04
PCG: 1 : 3.336625e-04 / 7.800043e-01
PCG: 2 : 2.018054e-04 / 4.717614e-01
PCG: 3 : 2.996034e-04 / 7.003841e-01
PCG: 4 : 4.015999e-04 / 9.388219e-01
PCG: 0 : 4.015997e-04
PCG: 1 : 2.924997e-04 / 7.283363e-01
PCG: 2 : 1.923389e-04 / 4.789319e-01
PCG: 3 : 3.103200e-04 / 7.727097e-01
PCG: 4 : 3.866987e-04 / 9.628957e-01
PCG: 0 : 3.866988e-04
PCG: 1 : 3.016613e-04 / 7.800938e-01
PCG: 2 : 1.823923e-04 / 4.716651e-01
PCG: 3 : 2.708744e-04 / 7.004790e-01
PCG: 4 : 3.630423e-04 / 9.388245e-01
PCG: 0 : 3.630422e-04
PCG: 1 : 2.644552e-04 / 7.284421e-01
PCG: 2 : 1.738375e-04 / 4.788355e-01
PCG: 3 : 2.805508e-04 / 7.727774e-01
PCG: 4 : 3.495663e-04 / 9.628806e-01
PCG: 0 : 3.495663e-04
PCG: 1 : 2.727162e-04 / 7.801560e-01
PCG: 2 : 1.648470e-04 / 4.715759e-01
PCG: 3 : 2.448987e-04 / 7.005788e-01
PCG: 4 : 3.281721e-04 / 9.387979e-01
PCG: 0 : 3.281721e-04
PCG: 1 : 2.390896e-04 / 7.285494e-01
PCG: 2 : 1.571125e-04 / 4.787502e-01
PCG: 3 : 2.536289e-04 / 7.728534e-01
PCG: 4 : 3.159917e-04 / 9.628841e-01
PCG: 0 : 3.159917e-04
PCG: 1 : 2.465618e-04 / 7.802794e-01
PCG: 2 : 1.489952e-04 / 4.715161e-01
PCG: 3 : 2.214172e-04 / 7.007058e-01
PCG: 4 : 2.966646e-04 / 9.388366e-01
PCG: 0 : 2.966645e-04
PCG: 1 : 2.161561e-04 / 7.286214e-01
PCG: 2 : 1.420009e-04 / 4.786584e-01
PCG: 3 : 2.293009e-04 / 7.729301e-01
PCG: 4 : 2.856369e-04 / 9.628282e-01
PCG: 0 : 2.856370e-04
PCG: 1 : 2.229003e-04 / 7.803620e-01
PCG: 2 : 1.346571e-04 / 4.714272e-01
PCG: 3 : 2.001717e-04 / 7.007905e-01
PCG: 4 : 2.681731e-04 / 9.388599e-01
PCG: 0 : 2.681731e-04
PCG: 1 : 1.954257e-04 / 7.287298e-01
PCG: 2 : 1.283450e-04 / 4.785902e-01
PCG: 3 : 2.073040e-04 / 7.730230e-01
PCG: 4 : 2.582094e-04 / 9.628462e-01
PCG: 0 : 2.582094e-04
PCG: 1 : 2.015207e-04 / 7.804548e-01
PCG: 2 : 1.217110e-04 / 4.713655e-01
PCG: 3 : 1.809739e-04 / 7.008803e-01
PCG: 4 : 2.424174e-04 / 9.388403e-01
PCG: 0 : 2.424173e-04
PCG: 1 : 1.766802e-04 / 7.288266e-01
PCG: 2 : 1.160002e-04 / 4.785145e-01
PCG: 3 : 1.874179e-04 / 7.731211e-01
PCG: 4 : 2.334103e-04 / 9.628451e-01
PCG: 0 : 2.334104e-04
PCG: 1 : 1.821852e-04 / 7.805361e-01
PCG: 2 : 1.100038e-04 / 4.712892e-01
PCG: 3 : 1.636122e-04 / 7.009639e-01
PCG: 4 : 2.191314e-04 / 9.388248e-01
PCG: 0 : 2.191315e-04
PCG: 1 : 1.597327e-04 / 7.289352e-01
PCG: 2 : 1.048467e-04 / 4.784647e-01
PCG: 3 : 1.694432e-04 / 7.732489e-01
PCG: 4 : 2.109987e-04 / 9.628863e-01
PCG: 0 : 2.109987e-04
PCG: 1 : 1.647146e-04 / 7.806426e-01
PCG: 2 : 9.942746e-05 / 4.712230e-01
PCG: 3 : 1.479179e-04 / 7.010367e-01
PCG: 4 : 1.980845e-04 / 9.387947e-01
PCG: 0 : 1.980845e-04
PCG: 1 : 1.444071e-04 / 7.290177e-01
PCG: 2 : 9.476411e-05 / 4.784025e-01
PCG: 3 : 1.531918e-04 / 7.733658e-01
PCG: 4 : 1.907340e-04 / 9.628921e-01
PCG: 0 : 1.907340e-04
PCG: 1 : 1.489158e-04 / 7.807512e-01
PCG: 2 : 8.986913e-05 / 4.711753e-01
PCG: 3 : 1.337300e-04 / 7.011335e-01
PCG: 4 : 1.790642e-04 / 9.388164e-01
PCG: 0 : 1.790642e-04
PCG: 1 : 1.305568e-04 / 7.291061e-01
PCG: 2 : 8.565587e-05 / 4.783528e-01
PCG: 3 : 1.384939e-04 / 7.734316e-01
PCG: 4 : 1.724139e-04 / 9.628605e-01
PCG: 0 : 1.724138e-04
PCG: 1 : 1.346259e-04 / 7.808297e-01
PCG: 2 : 8.122721e-05 / 4.711177e-01
PCG: 3 : 1.209019e-04 / 7.012308e-01
PCG: 4 : 1.618638e-04 / 9.388099e-01
PCG: 0 : 1.618639e-04
PCG: 1 : 1.180333e-04 / 7.292137e-01
PCG: 2 : 7.742055e-05 / 4.783066e-01
PCG: 3 : 1.252092e-04 / 7.735464e-01
PCG: 4 : 1.558574e-04 / 9.628921e-01
PCG: 0 : 1.558574e-04
PCG: 1 : 1.217167e-04 / 7.809494e-01
PCG: 2 : 7.342132e-05 / 4.710801e-01
PCG: 3 : 1.093071e-04 / 7.013276e-01
PCG: 4 : 1.463205e-04 / 9.388102e-01
PCG: 0 : 1.463205e-04
PCG: 1 : 1.067093e-04 / 7.292847e-01
PCG: 2 : 6.997847e-05 / 4.782547e-01
PCG: 3 : 1.132000e-04 / 7.736439e-01
PCG: 4 : 1.408872e-04 / 9.628670e-01
PCG: 0 : 1.408872e-04
PCG: 1 : 1.100387e-04 / 7.810410e-01
PCG: 2 : 6.636207e-05 / 4.710299e-01
PCG: 3 : 9.881840e-05 / 7.014009e-01
PCG: 4 : 1.322673e-04 / 9.388174e-01
PCG: 0 : 1.322673e-04
PCG: 1 : 9.647175e-05 / 7.293695e-01
PCG: 2 : 6.325184e-05 / 4.782121e-01
PCG: 3 : 1.023407e-04 / 7.737411e-01
PCG: 4 : 1.273576e-04 / 9.628800e-01
PCG: 0 : 1.273576e-04
PCG: 1 : 9.948505e-05 / 7.811475e-01
PCG: 2 : 5.998645e-05 / 4.710081e-01
PCG: 3 : 8.934135e-05 / 7.015001e-01
PCG: 4 : 1.195684e-04 / 9.388400e-01
PCG: 0 : 1.195684e-04
PCG: 1 : 8.721488e-05 / 7.294142e-01
PCG: 2 : 5.717237e-05 / 4.781562e-01
PCG: 3 : 9.252584e-05 / 7.738320e-01
PCG: 4 : 1.151220e-04 / 9.628133e-01
PCG: 0 : 1.151220e-04
PCG: 1 : 8.993973e-05 / 7.812558e-01
PCG: 2 : 5.421763e-05 / 4.709580e-01
PCG: 3 : 8.076757e-05 / 7.015824e-01
PCG: 4 : 1.080864e-04 / 9.388854e-01
PCG: 0 : 1.080863e-04
PCG: 1 : 7.884993e-05 / 7.295087e-01
PCG: 2 : 5.167719e-05 / 4.781103e-01
PCG: 3 : 8.364829e-05 / 7.739025e-01
PCG: 4 : 1.040667e-04 / 9.628106e-01
PCG: 0 : 1.040666e-04
PCG: 1 : 8.131043e-05 / 7.813303e-01
PCG: 2 : 4.900808e-05 / 4.709297e-01
PCG: 3 : 7.302305e-05 / 7.016951e-01
PCG: 4 : 9.770563e-05 / 9.388755e-01
PCG: 0 : 9.770565e-05
PCG: 1 : 7.128507e-05 / 7.295901e-01
PCG: 2 : 4.670976e-05 / 4.780661e-01
PCG: 3 : 7.562225e-05 / 7.739803e-01
PCG: 4 : 9.407038e-05 / 9.627936e-01
PCG: 0 : 9.407038e-05
PCG: 1 : 7.350952e-05 / 7.814311e-01
PCG: 2 : 4.429797e-05 / 4.709024e-01
PCG: 3 : 6.601707e-05 / 7.017838e-01
PCG: 4 : 8.832324e-05 / 9.389060e-01
PCG: 0 : 8.832322e-05
PCG: 1 : 6.444606e-05 / 7.296616e-01
PCG: 2 : 4.222097e-05 / 4.780280e-01
PCG: 3 : 6.836740e-05 / 7.740592e-01
PCG: 4 : 8.503405e-05 / 9.627599e-01
PCG: 0 : 8.503403e-05
PCG: 1 : 6.645767e-05 / 7.815420e-01
PCG: 2 : 4.004117e-05 / 4.708841e-01
PCG: 3 : 5.968482e-05 / 7.018934e-01
PCG: 4 : 7.984269e-05 / 9.389499e-01
PCG: 0 : 7.984268e-05
PCG: 1 : 5.826334e-05 / 7.297267e-01
PCG: 2 : 3.816294e-05 / 4.779767e-01
PCG: 3 : 6.180907e-05 / 7.741358e-01
PCG: 4 : 7.686558e-05 / 9.627129e-01
PCG: 0 : 7.686559e-05
PCG: 1 : 6.008211e-05 / 7.816516e-01
PCG: 2 : 3.619329e-05 / 4.708647e-01
PCG: 3 : 5.395746e-05 / 7.019716e-01
PCG: 4 : 7.217636e-05 / 9.389945e-01
PCG: 0 : 7.217634e-05
PCG: 1 : 5.267400e-05 / 7.297959e-01
PCG: 2 : 3.449682e-05 / 4.779519e-01
PCG: 3 : 5.588083e-05 / 7.742264e-01
PCG: 4 : 6.948516e-05 / 9.627138e-01
PCG: 0 : 6.948514e-05
PCG: 1 : 5.431891e-05 / 7.817341e-01
PCG: 2 : 3.271597e-05 / 4.708340e-01
PCG: 3 : 4.878213e-05 / 7.020513e-01
PCG: 4 : 6.524577e-05 / 9.389889e-01
PCG: 0 : 6.524577e-05
PCG: 1 : 4.762019e-05 / 7.298585e-01
PCG: 2 : 3.118236e-05 / 4.779215e-01
PCG: 3 : 5.052030e-05 / 7.743076e-01
PCG: 4 : 6.281108e-05 / 9.626842e-01
PCG: 0 : 6.281108e-05
PCG: 1 : 4.910687e-05 / 7.818186e-01
PCG: 2 : 2.957201e-05 / 4.708087e-01
PCG: 3 : 4.410119e-05 / 7.021245e-01
PCG: 4 : 5.897884e-05 / 9.389879e-01
PCG: 0 : 5.897883e-05
PCG: 1 : 4.305142e-05 / 7.299469e-01
PCG: 2 : 2.818687e-05 / 4.779150e-01
PCG: 3 : 4.567456e-05 / 7.744229e-01
PCG: 4 : 5.678034e-05 / 9.627240e-01
PCG: 0 : 5.678032e-05
PCG: 1 : 4.439580e-05 / 7.818872e-01
PCG: 2 : 2.673035e-05 / 4.707678e-01
PCG: 3 : 3.986973e-05 / 7.021753e-01
PCG: 4 : 5.331430e-05 / 9.389573e-01
PCG: 0 : 5.331431e-05
PCG: 1 : 3.892031e-05 / 7.300163e-01
PCG: 2 : 2.547763e-05 / 4.778760e-01
PCG: 3 : 4.129291e-05 / 7.745184e-01
PCG: 4 : 5.132717e-05 / 9.627280e-01
PCG: 0 : 5.132719e-05
PCG: 1 : 4.013649e-05 / 7.819732e-01
PCG: 2 : 2.416200e-05 / 4.707446e-01
PCG: 3 : 3.604478e-05 / 7.022551e-01
PCG: 4 : 4.819446e-05 / 9.389654e-01
PCG: 0 : 4.819445e-05
PCG: 1 : 3.518562e-05 / 7.300762e-01
PCG: 2 : 2.302934e-05 / 4.778422e-01
PCG: 3 : 3.733089e-05 / 7.745889e-01
PCG: 4 : 4.639810e-05 / 9.627270e-01
PCG: 0 : 4.639808e-05
PCG: 1 : 3.628615e-05 / 7.820613e-01
PCG: 2 : 2.184059e-05 / 4.707218e-01
PCG: 3 : 3.258645e-05 / 7.023232e-01
PCG: 4 : 4.356615e-05 / 9.389644e-01
PCG: 0 : 4.356613e-05
PCG: 1 : 3.180937e-05 / 7.301397e-01
PCG: 2 : 2.081712e-05 / 4.778281e-01
PCG: 3 : 3.375065e-05 / 7.746992e-01
PCG: 4 : 4.194351e-05 / 9.627548e-01
PCG: 0 : 4.194349e-05
PCG: 1 : 3.280543e-05 / 7.821340e-01
PCG: 2 : 1.974235e-05 / 4.706892e-01
PCG: 3 : 2.945941e-05 / 7.023596e-01
PCG: 4 : 3.938170e-05 / 9.389226e-01
PCG: 0 : 3.938170e-05
PCG: 1 : 2.875725e-05 / 7.302187e-01
PCG: 2 : 1.881742e-05 / 4.778214e-01
PCG: 3 : 3.051243e-05 / 7.747872e-01
PCG: 4 : 3.791590e-05 / 9.627798e-01
PCG: 0 : 3.791590e-05
PCG: 1 : 2.965690e-05 / 7.821758e-01
PCG: 2 : 1.784514e-05 / 4.706505e-01
PCG: 3 : 2.663363e-05 / 7.024397e-01
PCG: 4 : 3.559900e-05 / 9.388936e-01
PCG: 0 : 3.559899e-05
PCG: 1 : 2.599806e-05 / 7.303032e-01
PCG: 2 : 1.700875e-05 / 4.777875e-01
PCG: 3 : 2.758347e-05 / 7.748385e-01
PCG: 4 : 3.427431e-05 / 9.627889e-01
PCG: 0 : 3.427431e-05
PCG: 1 : 2.681109e-05 / 7.822502e-01
PCG: 2 : 1.613071e-05 / 4.706357e-01
PCG: 3 : 2.407861e-05 / 7.025263e-01
PCG: 4 : 3.218104e-05 / 9.389260e-01
PCG: 0 : 3.218103e-05
PCG: 1 : 2.350426e-05 / 7.303762e-01
PCG: 2 : 1.537516e-05 / 4.777707e-01
PCG: 3 : 2.493757e-05 / 7.749151e-01
PCG: 4 : 3.098381e-05 / 9.627973e-01
PCG: 0 : 3.098381e-05
PCG: 1 : 2.423818e-05 / 7.822855e-01
PCG: 2 : 1.458109e-05 / 4.706036e-01
PCG: 3 : 2.176838e-05 / 7.025729e-01
PCG: 4 : 2.908996e-05 / 9.388762e-01
PCG: 0 : 2.908996e-05
PCG: 1 : 2.124902e-05 / 7.304592e-01
PCG: 2 : 1.389798e-05 / 4.777587e-01
PCG: 3 : 2.254457e-05 / 7.749949e-01
PCG: 4 : 2.800880e-05 / 9.628338e-01
PCG: 0 : 2.800879e-05
PCG: 1 : 2.191250e-05 / 7.823436e-01
PCG: 2 : 1.318056e-05 / 4.705867e-01
PCG: 3 : 1.968044e-05 / 7.026524e-01
PCG: 4 : 2.629703e-05 / 9.388848e-01
PCG: 0 : 2.629703e-05
PCG: 1 : 1.921017e-05 / 7.305073e-01
PCG: 2 : 1.256281e-05 / 4.777274e-01
PCG: 3 : 2.038155e-05 / 7.750515e-01
PCG: 4 : 2.531882e-05 / 9.628016e-01
PCG: 0 : 2.531882e-05
PCG: 1 : 1.980988e-05 / 7.824172e-01
PCG: 2 : 1.191430e-05 / 4.705710e-01
PCG: 3 : 1.779186e-05 / 7.027130e-01
PCG: 4 : 2.377201e-05 / 9.389065e-01
PCG: 0 : 2.377201e-05
PCG: 1 : 1.736643e-05 / 7.305411e-01
PCG: 2 : 1.135597e-05 / 4.777037e-01
PCG: 3 : 1.842596e-05 / 7.751117e-01
PCG: 4 : 2.288720e-05 / 9.627796e-01
PCG: 0 : 2.288720e-05
PCG: 1 : 1.790903e-05 / 7.824908e-01
PCG: 2 : 1.076963e-05 / 4.705525e-01
PCG: 3 : 1.608445e-05 / 7.027705e-01
PCG: 4 : 2.148914e-05 / 9.389151e-01
PCG: 0 : 2.148913e-05
PCG: 1 : 1.569988e-05 / 7.305961e-01
PCG: 2 : 1.026514e-05 / 4.776896e-01
PCG: 3 : 1.665752e-05 / 7.751601e-01
PCG: 4 : 2.068929e-05 / 9.627794e-01
PCG: 0 : 2.068930e-05
PCG: 1 : 1.619087e-05 / 7.825724e-01
PCG: 2 : 9.735463e-06 / 4.705555e-01
PCG: 3 : 1.454168e-05 / 7.028601e-01
PCG: 4 : 1.942618e-05 / 9.389484e-01
PCG: 0 : 1.942618e-05
PCG: 1 : 1.419399e-05 / 7.306630e-01
PCG: 2 : 9.279324e-06 / 4.776712e-01
PCG: 3 : 1.505953e-05 / 7.752185e-01
PCG: 4 : 1.870270e-05 / 9.627578e-01
PCG: 0 : 1.870269e-05
PCG: 1 : 1.463670e-05 / 7.825984e-01
PCG: 2 : 8.800159e-06 / 4.705289e-01
PCG: 3 : 1.314629e-05 / 7.029088e-01
PCG: 4 : 1.756031e-05 / 9.389188e-01
PCG: 0 : 1.756031e-05
PCG: 1 : 1.283174e-05 / 7.307239e-01
PCG: 2 : 8.387608e-06 / 4.776458e-01
PCG: 3 : 1.361434e-05 / 7.752904e-01
PCG: 4 : 1.690661e-05 / 9.627739e-01
PCG: 0 : 1.690661e-05
PCG: 1 : 1.323255e-05 / 7.826853e-01
PCG: 2 : 7.955025e-06 / 4.705276e-01
PCG: 3 : 1.188487e-05 / 7.029721e-01
PCG: 4 : 1.587489e-05 / 9.389756e-01
PCG: 0 : 1.587489e-05
PCG: 1 : 1.160027e-05 / 7.307306e-01
PCG: 2 : 7.581982e-06 / 4.776085e-01
PCG: 3 : 1.230802e-05 / 7.753135e-01
PCG: 4 : 1.528259e-05 / 9.626896e-01
PCG: 0 : 1.528259e-05
PCG: 1 : 1.196266e-05 / 7.827642e-01
PCG: 2 : 7.190827e-06 / 4.705242e-01
PCG: 3 : 1.074430e-05 / 7.030421e-01
PCG: 4 : 1.435062e-05 / 9.390179e-01
PCG: 0 : 1.435062e-05
PCG: 1 : 1.048760e-05 / 7.308117e-01
PCG: 2 : 6.854122e-06 / 4.776184e-01
PCG: 3 : 1.112756e-05 / 7.754061e-01
PCG: 4 : 1.381580e-05 / 9.627321e-01
PCG: 0 : 1.381580e-05
PCG: 1 : 1.081490e-05 / 7.827922e-01
PCG: 2 : 6.500121e-06 / 4.704846e-01
PCG: 3 : 9.713387e-06 / 7.030637e-01
PCG: 4 : 1.297198e-05 / 9.389237e-01
PCG: 0 : 1.297198e-05
PCG: 1 : 9.481034e-06 / 7.308856e-01
PCG: 2 : 6.195664e-06 / 4.776189e-01
PCG: 3 : 1.005951e-05 / 7.754795e-01
PCG: 4 : 1.248948e-05 / 9.628042e-01
PCG: 0 : 1.248948e-05
PCG: 1 : 9.777072e-06 / 7.828245e-01
PCG: 2 : 5.875809e-06 / 4.704607e-01
PCG: 3 : 8.781494e-06 / 7.031112e-01
PCG: 4 : 1.172632e-05 / 9.388956e-01
PCG: 0 : 1.172632e-05
PCG: 1 : 8.571047e-06 / 7.309241e-01
PCG: 2 : 5.600391e-06 / 4.775916e-01
PCG: 3 : 9.094108e-06 / 7.755297e-01
PCG: 4 : 1.129001e-05 / 9.627922e-01
PCG: 0 : 1.129001e-05
PCG: 1 : 8.838560e-06 / 7.828659e-01
PCG: 2 : 5.311250e-06 / 4.704382e-01
PCG: 3 : 7.938743e-06 / 7.031655e-01
PCG: 4 : 1.060017e-05 / 9.388982e-01
PCG: 0 : 1.060016e-05
PCG: 1 : 7.748726e-06 / 7.310006e-01
PCG: 2 : 5.062507e-06 / 4.775876e-01
PCG: 3 : 8.221609e-06 / 7.756116e-01
PCG: 4 : 1.020631e-05 / 9.628450e-01
PCG: 0 : 1.020631e-05
PCG: 1 : 7.990609e-06 / 7.829084e-01
PCG: 2 : 4.801195e-06 / 4.704142e-01
PCG: 3 : 7.176984e-06 / 7.031906e-01
PCG: 4 : 9.582462e-06 / 9.388759e-01
PCG: 0 : 9.582460e-06
PCG: 1 : 7.005147e-06 / 7.310385e-01
PCG: 2 : 4.576288e-06 / 4.775693e-01
PCG: 3 : 7.432586e-06 / 7.756448e-01
PCG: 4 : 9.226136e-06 / 9.628150e-01
PCG: 0 : 9.226135e-06
PCG: 1 : 7.223755e-06 / 7.829665e-01
PCG: 2 : 4.340149e-06 / 4.704189e-01
PCG: 3 : 6.488448e-06 / 7.032682e-01
PCG: 4 : 8.662617e-06 / 9.389215e-01
PCG: 0 : 8.662615e-06
PCG: 1 : 6.332974e-06 / 7.310695e-01
PCG: 2 : 4.136734e-06 / 4.775387e-01
PCG: 3 : 6.719381e-06 / 7.756758e-01
PCG: 4 : 8.340217e-06 / 9.627829e-01
PCG: 0 : 8.340218e-06
PCG: 1 : 6.530570e-06 / 7.830215e-01
PCG: 2 : 3.923308e-06 / 4.704084e-01
PCG: 3 : 5.865802e-06 / 7.033151e-01
PCG: 4 : 7.830861e-06 / 9.389276e-01
PCG: 0 : 7.830859e-06
PCG: 1 : 5.725134e-06 / 7.310990e-01
PCG: 2 : 3.739503e-06 / 4.775341e-01
PCG: 3 : 6.074644e-06 / 7.757314e-01
PCG: 4 : 7.539458e-06 / 9.627880e-01
PCG: 0 : 7.539459e-06
PCG: 1 : 5.903923e-06 / 7.830699e-01
PCG: 2 : 3.546507e-06 / 4.703927e-01
PCG: 3 : 5.302900e-06 / 7.033529e-01
PCG: 4 : 7.078964e-06 / 9.389221e-01
PCG: 0 : 7.078964e-06
PCG: 1 : 5.175738e-06 / 7.311434e-01
PCG: 2 : 3.380308e-06 / 4.775145e-01
PCG: 3 : 5.491729e-06 / 7.757815e-01
PCG: 4 : 6.815485e-06 / 9.627800e-01
PCG: 0 : 6.815484e-06
PCG: 1 : 5.337272e-06 / 7.831098e-01
PCG: 2 : 3.205887e-06 / 4.703830e-01
PCG: 3 : 4.794046e-06 / 7.034051e-01
PCG: 4 : 6.399351e-06 / 9.389430e-01
PCG: 0 : 6.399350e-06
PCG: 1 : 4.679004e-06 / 7.311687e-01
PCG: 2 : 3.055642e-06 / 4.774925e-01
PCG: 3 : 4.964786e-06 / 7.758266e-01
PCG: 4 : 6.160999e-06 / 9.627540e-01
PCG: 0 : 6.160999e-06
PCG: 1 : 4.825207e-06 / 7.831857e-01
PCG: 2 : 2.898000e-06 / 4.703782e-01
PCG: 3 : 4.334022e-06 / 7.034609e-01
PCG: 4 : 5.785111e-06 / 9.389891e-01
PCG: 0 : 5.785110e-06
PCG: 1 : 4.230070e-06 / 7.311997e-01
PCG: 2 : 2.762263e-06 / 4.774780e-01
PCG: 3 : 4.488258e-06 / 7.758293e-01
PCG: 4 : 5.569358e-06 / 9.627056e-01
PCG: 0 : 5.569359e-06
PCG: 1 : 4.362040e-06 / 7.832213e-01
PCG: 2 : 2.619745e-06 / 4.703853e-01
PCG: 3 : 3.918148e-06 / 7.035187e-01
PCG: 4 : 5.229693e-06 / 9.390117e-01
PCG: 0 : 5.229691e-06
PCG: 1 : 3.824161e-06 / 7.312403e-01
PCG: 2 : 2.496982e-06 / 4.774626e-01
PCG: 3 : 4.057679e-06 / 7.758927e-01
PCG: 4 : 5.034696e-06 / 9.627139e-01
PCG: 0 : 5.034696e-06
PCG: 1 : 3.943475e-06 / 7.832598e-01
PCG: 2 : 2.368074e-06 / 4.703510e-01
PCG: 3 : 3.542079e-06 / 7.035338e-01
PCG: 4 : 4.727458e-06 / 9.389759e-01
PCG: 0 : 4.727458e-06
PCG: 1 : 3.457052e-06 / 7.312708e-01
PCG: 2 : 2.257111e-06 / 4.774471e-01
PCG: 3 : 3.668203e-06 / 7.759355e-01
PCG: 4 : 4.551256e-06 / 9.627279e-01
PCG: 0 : 4.551256e-06
PCG: 1 : 3.565039e-06 / 7.833087e-01
PCG: 2 : 2.140706e-06 / 4.703549e-01
PCG: 3 : 3.202251e-06 / 7.035972e-01
PCG: 4 : 4.273656e-06 / 9.390059e-01
PCG: 0 : 4.273656e-06
PCG: 1 : 3.125317e-06 / 7.312983e-01
PCG: 2 : 2.040386e-06 / 4.774334e-01
PCG: 3 : 3.316121e-06 / 7.759448e-01
PCG: 4 : 4.114280e-06 / 9.627074e-01
PCG: 0 : 4.114279e-06
PCG: 1 : 3.222813e-06 / 7.833238e-01
PCG: 2 : 1.935110e-06 / 4.703400e-01
PCG: 3 : 2.894959e-06 / 7.036369e-01
PCG: 4 : 3.863301e-06 / 9.389982e-01
PCG: 0 : 3.863302e-06
PCG: 1 : 2.825480e-06 / 7.313641e-01
PCG: 2 : 1.844474e-06 / 4.774346e-01
PCG: 3 : 2.997956e-06 / 7.760088e-01
PCG: 4 : 3.719391e-06 / 9.627494e-01
PCG: 0 : 3.719392e-06
PCG: 1 : 2.913544e-06 / 7.833388e-01
PCG: 2 : 1.749309e-06 / 4.703213e-01
PCG: 3 : 2.617161e-06 / 7.036530e-01
PCG: 4 : 3.492382e-06 / 9.389659e-01
PCG: 0 : 3.492382e-06
PCG: 1 : 2.554348e-06 / 7.314057e-01
PCG: 2 : 1.667370e-06 / 4.774307e-01
PCG: 3 : 2.710280e-06 / 7.760547e-01
PCG: 4 : 3.362297e-06 / 9.627516e-01
PCG: 0 : 3.362296e-06
PCG: 1 : 2.633947e-06 / 7.833773e-01
PCG: 2 : 1.581287e-06 / 4.702996e-01
PCG: 3 : 2.366006e-06 / 7.036874e-01
PCG: 4 : 3.157015e-06 / 9.389459e-01
PCG: 0 : 3.157015e-06
PCG: 1 : 2.309181e-06 / 7.314446e-01
PCG: 2 : 1.507208e-06 / 4.774157e-01
PCG: 3 : 2.450154e-06 / 7.760985e-01
PCG: 4 : 3.039553e-06 / 9.627934e-01
PCG: 0 : 3.039553e-06
PCG: 1 : 2.381113e-06 / 7.833759e-01
PCG: 2 : 1.429424e-06 / 4.702744e-01
PCG: 3 : 2.138932e-06 / 7.036995e-01
PCG: 4 : 2.853837e-06 / 9.389003e-01
PCG: 0 : 2.853837e-06
PCG: 1 : 2.087545e-06 / 7.314870e-01
PCG: 2 : 1.362455e-06 / 4.774116e-01
PCG: 3 : 2.214979e-06 / 7.761406e-01
PCG: 4 : 2.747746e-06 / 9.628249e-01
PCG: 0 : 2.747746e-06
PCG: 1 : 2.152633e-06 / 7.834180e-01
PCG: 2 : 1.292185e-06 / 4.702711e-01
PCG: 3 : 1.933704e-06 / 7.037421e-01
PCG: 4 : 2.579843e-06 / 9.388945e-01
PCG: 0 : 2.579843e-06
PCG: 1 : 1.887221e-06 / 7.315257e-01
PCG: 2 : 1.231634e-06 / 4.774065e-01
PCG: 3 : 2.002450e-06 / 7.761908e-01
PCG: 4 : 2.483982e-06 / 9.628424e-01
PCG: 0 : 2.483982e-06
PCG: 1 : 1.946045e-06 / 7.834378e-01
PCG: 2 : 1.168072e-06 / 4.702416e-01
PCG: 3 : 1.748075e-06 / 7.037392e-01
PCG: 4 : 2.332062e-06 / 9.388404e-01
PCG: 0 : 2.332062e-06
PCG: 1 : 1.706065e-06 / 7.315693e-01
PCG: 2 : 1.113346e-06 / 4.774084e-01
PCG: 3 : 1.810322e-06 / 7.762750e-01
PCG: 4 : 2.245585e-06 / 9.629179e-01
PCG: 0 : 2.245584e-06
PCG: 1 : 1.759355e-06 / 7.834731e-01
PCG: 2 : 1.055938e-06 / 4.702286e-01
PCG: 3 : 1.580336e-06 / 7.037526e-01
PCG: 4 : 2.108202e-06 / 9.388213e-01
PCG: 0 : 2.108201e-06
PCG: 1 : 1.542341e-06 / 7.315909e-01
PCG: 2 : 1.006453e-06 / 4.773991e-01
PCG: 3 : 1.636580e-06 / 7.762918e-01
PCG: 4 : 2.029952e-06 / 9.628835e-01
PCG: 0 : 2.029953e-06
PCG: 1 : 1.590445e-06 / 7.834887e-01
PCG: 2 : 9.545253e-07 / 4.702204e-01
PCG: 3 : 1.428688e-06 / 7.038034e-01
PCG: 4 : 1.905799e-06 / 9.388388e-01
PCG: 0 : 1.905798e-06
PCG: 1 : 1.394318e-06 / 7.316191e-01
PCG: 2 : 9.097931e-07 / 4.773816e-01
PCG: 3 : 1.479482e-06 / 7.763055e-01
PCG: 4 : 1.835052e-06 / 9.628782e-01
PCG: 0 : 1.835052e-06
PCG: 1 : 1.437817e-06 / 7.835296e-01
PCG: 2 : 8.628776e-07 / 4.702198e-01
PCG: 3 : 1.291590e-06 / 7.038441e-01
PCG: 4 : 1.722864e-06 / 9.388641e-01
PCG: 0 : 1.722864e-06
PCG: 1 : 1.260539e-06 / 7.316533e-01
PCG: 2 : 8.224586e-07 / 4.773787e-01
PCG: 3 : 1.337500e-06 / 7.763233e-01
PCG: 4 : 1.658875e-06 / 9.628588e-01
PCG: 0 : 1.658875e-06
PCG: 1 : 1.299819e-06 / 7.835546e-01
PCG: 2 : 7.800288e-07 / 4.702157e-01
PCG: 3 : 1.167645e-06 / 7.038780e-01
PCG: 4 : 1.557464e-06 / 9.388677e-01
PCG: 0 : 1.557464e-06
PCG: 1 : 1.139533e-06 / 7.316591e-01
PCG: 2 : 7.434656e-07 / 4.773566e-01
PCG: 3 : 1.209149e-06 / 7.763574e-01
PCG: 4 : 1.499598e-06 / 9.628460e-01
PCG: 0 : 1.499598e-06
PCG: 1 : 1.175088e-06 / 7.836015e-01
PCG: 2 : 7.051302e-07 / 4.702127e-01
PCG: 3 : 1.055566e-06 / 7.038994e-01
PCG: 4 : 1.407982e-06 / 9.389061e-01
PCG: 0 : 1.407982e-06
PCG: 1 : 1.030180e-06 / 7.316716e-01
PCG: 2 : 6.721054e-07 / 4.773538e-01
PCG: 3 : 1.093123e-06 / 7.763754e-01
PCG: 4 : 1.355652e-06 / 9.628330e-01
PCG: 0 : 1.355652e-06
PCG: 1 : 1.062309e-06 / 7.836146e-01
PCG: 2 : 6.374151e-07 / 4.701909e-01
PCG: 3 : 9.542504e-07 / 7.039052e-01
PCG: 4 : 1.272778e-06 / 9.388680e-01
PCG: 0 : 1.272779e-06
PCG: 1 : 9.312950e-07 / 7.317022e-01
PCG: 2 : 6.075452e-07 / 4.773376e-01
PCG: 3 : 9.881985e-07 / 7.764103e-01
PCG: 4 : 1.225472e-06 / 9.628322e-01
PCG: 0 : 1.225472e-06
PCG: 1 : 9.603392e-07 / 7.836482e-01
PCG: 2 : 5.762081e-07 / 4.701926e-01
PCG: 3 : 8.626793e-07 / 7.039565e-01
PCG: 4 : 1.150596e-06 / 9.388998e-01
PCG: 0 : 1.150596e-06
PCG: 1 : 8.419176e-07 / 7.317232e-01
PCG: 2 : 5.492153e-07 / 4.773312e-01
PCG: 3 : 8.933737e-07 / 7.764445e-01
PCG: 4 : 1.107842e-06 / 9.628417e-01
PCG: 0 : 1.107842e-06
PCG: 1 : 8.681951e-07 / 7.836817e-01
PCG: 2 : 5.208826e-07 / 4.701779e-01
PCG: 3 : 7.798760e-07 / 7.039599e-01
PCG: 4 : 1.040124e-06 / 9.388744e-01
PCG: 0 : 1.040124e-06
PCG: 1 : 7.610997e-07 / 7.317394e-01
PCG: 2 : 4.964799e-07 / 4.773276e-01
PCG: 3 : 8.076516e-07 / 7.764955e-01
PCG: 4 : 1.001506e-06 / 9.628717e-01
PCG: 0 : 1.001506e-06
PCG: 1 : 7.848876e-07 / 7.837075e-01
PCG: 2 : 4.708771e-07 / 4.701692e-01
PCG: 3 : 7.050210e-07 / 7.039610e-01
PCG: 4 : 9.402739e-07 / 9.388602e-01
PCG: 0 : 9.402740e-07
PCG: 1 : 6.880607e-07 / 7.317662e-01
PCG: 2 : 4.488253e-07 / 4.773346e-01
PCG: 3 : 7.301565e-07 / 7.765359e-01
PCG: 4 : 9.053750e-07 / 9.628842e-01
PCG: 0 : 9.053749e-07
PCG: 1 : 7.095593e-07 / 7.837188e-01
PCG: 2 : 4.256686e-07 / 4.701573e-01
PCG: 3 : 6.373613e-07 / 7.039750e-01
PCG: 4 : 8.499745e-07 / 9.388095e-01
PCG: 0 : 8.499742e-07
PCG: 1 : 6.220168e-07 / 7.318067e-01
PCG: 2 : 4.057223e-07 / 4.773348e-01
PCG: 3 : 6.600756e-07 / 7.765830e-01
PCG: 4 : 8.184575e-07 / 9.629204e-01
PCG: 0 : 8.184576e-07
PCG: 1 : 6.414631e-07 / 7.837462e-01
PCG: 2 : 3.847954e-07 / 4.701470e-01
PCG: 3 : 5.761863e-07 / 7.039904e-01
PCG: 4 : 7.683927e-07 / 9.388301e-01
PCG: 0 : 7.683928e-07
PCG: 1 : 5.622935e-07 / 7.317787e-01
PCG: 2 : 3.667527e-07 / 4.772985e-01
PCG: 3 : 5.967171e-07 / 7.765782e-01
PCG: 4 : 7.398555e-07 / 9.628610e-01
PCG: 0 : 7.398552e-07
PCG: 1 : 5.798927e-07 / 7.837923e-01
PCG: 2 : 3.478390e-07 / 4.701447e-01
PCG: 3 : 5.208819e-07 / 7.040323e-01
PCG: 4 : 6.946474e-07 / 9.388965e-01
PCG: 0 : 6.946474e-07
PCG: 1 : 5.083417e-07 / 7.317981e-01
PCG: 2 : 3.315445e-07 / 4.772846e-01
PCG: 3 : 5.394515e-07 / 7.765833e-01
PCG: 4 : 6.688228e-07 / 9.628235e-01
PCG: 0 : 6.688228e-07
PCG: 1 : 5.242295e-07 / 7.838092e-01
PCG: 2 : 3.144409e-07 / 4.701407e-01
PCG: 3 : 4.708880e-07 / 7.040549e-01
PCG: 4 : 6.279518e-07 / 9.388911e-01
PCG: 0 : 6.279518e-07
PCG: 1 : 4.595568e-07 / 7.318345e-01
PCG: 2 : 2.997206e-07 / 4.772988e-01
PCG: 3 : 4.876866e-07 / 7.766307e-01
PCG: 4 : 6.046291e-07 / 9.628591e-01
PCG: 0 : 6.046292e-07
PCG: 1 : 4.739191e-07 / 7.838177e-01
PCG: 2 : 2.842551e-07 / 4.701312e-01
PCG: 3 : 4.257012e-07 / 7.040699e-01
PCG: 4 : 5.676708e-07 / 9.388743e-01
PCG: 0 : 5.676708e-07
PCG: 1 : 4.154477e-07 / 7.318462e-01
PCG: 2 : 2.709347e-07 / 4.772742e-01
PCG: 3 : 4.408766e-07 / 7.766414e-01
PCG: 4 : 5.465848e-07 / 9.628552e-01
PCG: 0 : 5.465849e-07
PCG: 1 : 4.284417e-07 / 7.838520e-01
PCG: 2 : 2.569602e-07 / 4.701194e-01
PCG: 3 : 3.848483e-07 / 7.040961e-01
PCG: 4 : 5.131779e-07 / 9.388805e-01
PCG: 0 : 5.131778e-07
PCG: 1 : 3.755742e-07 / 7.318597e-01
PCG: 2 : 2.449225e-07 / 4.772664e-01
PCG: 3 : 3.985664e-07 / 7.766632e-01
PCG: 4 : 4.941093e-07 / 9.628423e-01
PCG: 0 : 4.941092e-07
PCG: 1 : 3.873108e-07 / 7.838567e-01
PCG: 2 : 2.322854e-07 / 4.701094e-01
PCG: 3 : 3.478976e-07 / 7.040904e-01
PCG: 4 : 4.639005e-07 / 9.388623e-01
PCG: 0 : 4.639004e-07
PCG: 1 : 3.395181e-07 / 7.318771e-01
PCG: 2 : 2.214045e-07 / 4.772672e-01
PCG: 3 : 3.603019e-07 / 7.766794e-01
PCG: 4 : 4.466730e-07 / 9.628639e-01
PCG: 0 : 4.466730e-07
PCG: 1 : 3.501370e-07 / 7.838776e-01
PCG: 2 : 2.099870e-07 / 4.701134e-01
PCG: 3 : 3.145263e-07 / 7.041532e-01
PCG: 4 : 4.193833e-07 / 9.389045e-01
PCG: 0 : 4.193832e-07
PCG: 1 : 3.069393e-07 / 7.318826e-01
PCG: 2 : 2.001462e-07 / 4.772394e-01
PCG: 3 : 3.257203e-07 / 7.766652e-01
PCG: 4 : 4.037804e-07 / 9.627958e-01
PCG: 0 : 4.037804e-07
PCG: 1 : 3.165334e-07 / 7.839247e-01
PCG: 2 : 1.898236e-07 / 4.701160e-01
PCG: 3 : 2.843364e-07 / 7.041857e-01
PCG: 4 : 3.791337e-07 / 9.389601e-01
PCG: 0 : 3.791337e-07
PCG: 1 : 2.774806e-07 / 7.318806e-01
PCG: 2 : 1.809299e-07 / 4.772194e-01
PCG: 3 : 2.944548e-07 / 7.766518e-01
PCG: 4 : 3.650109e-07 / 9.627500e-01
PCG: 0 : 3.650107e-07
PCG: 1 : 2.861511e-07 / 7.839525e-01
PCG: 2 : 1.716026e-07 / 4.701302e-01
PCG: 3 : 2.570481e-07 / 7.042207e-01
PCG: 4 : 3.427436e-07 / 9.389960e-01
PCG: 0 : 3.427436e-07
PCG: 1 : 2.508456e-07 / 7.318753e-01
PCG: 2 : 1.635600e-07 / 4.772079e-01
PCG: 3 : 2.662014e-07 / 7.766778e-01
PCG: 4 : 3.299695e-07 / 9.627299e-01
PCG: 0 : 3.299695e-07
PCG: 1 : 2.586941e-07 / 7.839941e-01
PCG: 2 : 1.551259e-07 / 4.701221e-01
PCG: 3 : 2.323790e-07 / 7.042438e-01
PCG: 4 : 3.098438e-07 / 9.390073e-01
PCG: 0 : 3.098438e-07
PCG: 1 : 2.267745e-07 / 7.318994e-01
PCG: 2 : 1.478580e-07 / 4.772018e-01
PCG: 3 : 2.406597e-07 / 7.767128e-01
PCG: 4 : 2.982965e-07 / 9.627318e-01
PCG: 0 : 2.982965e-07
PCG: 1 : 2.338604e-07 / 7.839865e-01
PCG: 2 : 1.402290e-07 / 4.700993e-01
PCG: 3 : 2.100737e-07 / 7.042445e-01
PCG: 4 : 2.800987e-07 / 9.389943e-01
PCG: 0 : 2.800987e-07
PCG: 1 : 2.050052e-07 / 7.319036e-01
PCG: 2 : 1.336550e-07 / 4.771709e-01
PCG: 3 : 2.175539e-07 / 7.767044e-01
PCG: 4 : 2.696575e-07 / 9.627234e-01

PCG ( VCycle ( S: Scale / C: Scale )  )

Complete solver TOE: 3.62423
2.67244 GFlop/s [2.67244 GFlops/s]

Total time: 3.62423s
Accumulated op time: 3.44533

Reductions: 8.31779%
Blas-1: 5.22673%
Blas-2: 81.5192%
Precon Kernels: 0%
MPI Execution: 0%
MPI Wait: 0%
Not covered: 4.93627%

Domain size: 11.9084 MByte
LA size: 29.0519 MByte
MPI size: 0.663155 MByte

H0-Error: 7.256306e-06
H1-Error: 8.068795e-03

Writing DATA to output.data...
Run-Time: 0:03.760 [0:03.760]
0x31d198e880 Error: MemoryPool<CPU> still contains memory chunks on deconstructor call
