NUM-PROCS: 1
Preparing domain...
LVL-MIN: 3 [3]
LVL-MAX: 11 [11]
Creating gates...
Assembling system matrices...
Assembling system filters...
Assembling transfer matrices...
Converting assembled linear system from SparseMatrixCSR, Mem:main to SparseMatrixCSR, Mem:mainand to SparseMatrixCSR, Mem:main...
PCG:  0 : 4.717541e-03
PCG:  1 : 5.088399e-03 / 1.078612e+00
PCG:  2 : 6.735180e-03 / 1.427689e+00
PCG:  3 : 5.651245e-03 / 1.197922e+00
PCG:  4 : 1.861318e-03 / 3.945525e-01
PCG:  5 : 1.016340e-03 / 2.154384e-01
PCG:  6 : 1.639427e-03 / 3.475173e-01
PCG:  7 : 4.782187e-04 / 1.013703e-01
PCG:  8 : 6.918925e-05 / 1.466638e-02
PCG:  9 : 1.595361e-05 / 3.381764e-03
PCG: 10 : 7.258661e-06 / 1.538653e-03
PCG: 11 : 3.313963e-06 / 7.024767e-04
PCG: 12 : 2.861824e-06 / 6.066347e-04
PCG: 13 : 1.105612e-06 / 2.343618e-04
PCG: 14 : 1.894065e-07 / 4.014940e-05
PCG:  0 : 2.201517e-04
PCG:  1 : 1.008217e-03 / 4.579648e+00
PCG:  2 : 5.084827e-04 / 2.309693e+00
PCG:  3 : 1.679387e-04 / 7.628317e-01
PCG:  4 : 5.378177e-05 / 2.442942e-01
PCG:  5 : 8.039354e-06 / 3.651734e-02
PCG:  6 : 1.402394e-06 / 6.370126e-03
PCG:  7 : 4.562642e-07 / 2.072499e-03
PCG:  8 : 4.985675e-07 / 2.264655e-03
PCG:  9 : 2.252936e-07 / 1.023356e-03
PCG: 10 : 8.601064e-08 / 3.906881e-04
PCG: 11 : 6.448801e-08 / 2.929254e-04
PCG: 12 : 1.366666e-08 / 6.207840e-05
PCG: 13 : 2.326358e-09 / 1.056707e-05
PCG: 14 : 9.482205e-10 / 4.307124e-06
PCG:  0 : 6.740567e-07
PCG:  1 : 3.966725e-06 / 5.884853e+00
PCG:  2 : 7.763863e-07 / 1.151811e+00
PCG:  3 : 1.723055e-07 / 2.556247e-01
PCG:  4 : 4.357015e-08 / 6.463870e-02
PCG:  5 : 1.688059e-08 / 2.504327e-02
PCG:  6 : 7.419432e-09 / 1.100713e-02
PCG:  7 : 3.573098e-09 / 5.300886e-03
PCG:  8 : 1.303597e-09 / 1.933958e-03
PCG:  9 : 2.088050e-10 / 3.097737e-04
PCG: 10 : 8.593341e-11 / 1.274869e-04
PCG: 11 : 7.628406e-11 / 1.131716e-04
PCG: 12 : 6.341623e-11 / 9.408145e-05
PCG: 13 : 3.050044e-11 / 4.524906e-05
PCG: 14 : 7.470663e-12 / 1.108314e-05
PCG:  0 : 1.720573e-09
PCG:  1 : 6.939389e-09 / 4.033185e+00
PCG:  2 : 2.304191e-09 / 1.339200e+00
PCG:  3 : 1.261877e-09 / 7.334049e-01
PCG:  4 : 3.177101e-10 / 1.846537e-01
PCG:  5 : 6.125034e-11 / 3.559880e-02
PCG:  6 : 2.621616e-11 / 1.523688e-02
PCG:  7 : 1.571883e-11 / 9.135813e-03
PCG:  8 : 3.505766e-12 / 2.037557e-03
PCG:  9 : 8.622104e-13 / 5.011181e-04
PCG: 10 : 6.192995e-13 / 3.599379e-04
PCG: 11 : 4.202237e-13 / 2.442347e-04
PCG: 12 : 2.089641e-13 / 1.214503e-04
PCG: 13 : 1.107200e-13 / 6.435064e-05
PCG: 14 : 2.118442e-14 / 1.231242e-05
PCG:  0 : 3.695475e-12
PCG:  1 : 1.992105e-11 / 5.390662e+00
PCG:  2 : 6.040694e-12 / 1.634619e+00
PCG:  3 : 1.973259e-12 / 5.339664e-01
PCG:  4 : 7.730125e-13 / 2.091781e-01
PCG:  5 : 2.103498e-13 / 5.692092e-02
PCG:  6 : 1.401322e-13 / 3.791995e-02
PCG:  7 : 4.440085e-14 / 1.201492e-02
PCG:  8 : 1.340055e-14 / 3.626205e-03
PCG:  9 : 2.548046e-15 / 6.895044e-04
PCG: 10 : 8.261218e-16 / 2.235496e-04
PCG: 11 : 5.582708e-16 / 1.510688e-04
PCG: 12 : 5.849078e-16 / 1.582768e-04
PCG: 13 : 3.018107e-16 / 8.167035e-05
PCG: 14 : 1.259563e-16 / 3.408392e-05

PCG ( VCycle ( S: Scale / C: Scale )  )

Complete solver TOE: 21.4683
1.97252 GFlop/s [1.97252 GFlops/s]

Total time: 21.4683s
Accumulated op time: 20.8229

Reductions: 5.76021%
Blas-1: 6.59744%
Blas-2: 84.636%
Precon Kernels: 0%
MPI Execution: 0%
MPI Wait: 0%
Not covered: 3.00632%

Domain size: 768.871 MByte
LA size: 1932.14 MByte
MPI size: 42.7291 MByte

H0-Error: 1.073000e-07
H1-Error: 1.008605e-03

Writing DATA to output.data...
Run-Time: 0:30.730 [0:30.730]
0x31d198e880 Error: MemoryPool<CPU> still contains memory chunks on deconstructor call
