NUM-PROCS: 1
Preparing domain...
LVL-MIN: 1 [1]
LVL-MAX: 3 [3]
Creating gates...
Assembling system matrices...
Assembling system filters...
Assembling transfer matrices...
Converting assembled linear system from SparseMatrixCSR, Mem:main to SparseMatrixELL, Mem:cudaand to SparseMatrixELL, Mem:cuda...
PCG: 0 : 1.157947e+00
PCG: 1 : 2.599997e-01 / 2.245351e-01
PCG: 2 : 2.182369e-02 / 1.884689e-02
PCG: 3 : 1.033918e-03 / 8.928889e-04
PCG: 4 : 4.233067e-05 / 3.655666e-05
PCG: 5 : 3.378850e-06 / 2.917966e-06
PCG: 0 : 6.039953e-01
PCG: 1 : 1.287165e-01 / 2.131084e-01
PCG: 2 : 6.452776e-03 / 1.068349e-02
PCG: 3 : 4.655031e-04 / 7.707065e-04
PCG: 4 : 2.317145e-05 / 3.836363e-05
PCG: 5 : 1.679499e-06 / 2.780649e-06

PCG ( VCycle ( S: Scale / C: Scale )  )

Complete solver TOE: 0.054911
0.00188463 GFlop/s [0.00188463 GFlops/s]

Total time: 0.054911s
Accumulated op time: 0.018553

Reductions: 15.5925%
Blas-1: 9.95247%
Blas-2: 8.24243%
Precon Kernels: 0%
MPI Execution: 0%
MPI Wait: 0%
Not covered: 66.2126%

Domain size: 0.0085144 MByte
LA size: 0.0250664 MByte
MPI size: 0.000900269 MByte

H0-Error: 6.962320e-03
H1-Error: 2.567055e-01

Writing DATA to output.data...
Run-Time: 0:00.097 [0:00.097]
0xb33c49f8 Error: MemoryPool<CUDA> still contains memory chunks on deconstructor call
