NUM-PROCS: 1
Preparing domain...
LVL-MIN: 4 [4]
LVL-MAX: 7 [7]
Creating gates...
Assembling system matrices...
Assembling system filters...
Assembling transfer matrices...
Converting assembled linear system from SparseMatrixCSR, Mem:main to SparseMatrixCSR, Mem:mainand to SparseMatrixCSR, Mem:main...
PCG: 0 : 7.572480e-02
PCG: 1 : 1.425164e-01 / 1.882030e+00
PCG: 2 : 1.519175e-01 / 2.006179e+00
PCG: 3 : 2.774409e-01 / 3.663806e+00
PCG: 4 : 1.659760e-01 / 2.191831e+00
PCG: 5 : 4.541449e-02 / 5.997308e-01
PCG: 0 : 4.622888e-02
PCG: 1 : 3.181637e-02 / 6.882358e-01
PCG: 2 : 1.128235e-02 / 2.440543e-01
PCG: 3 : 3.459778e-03 / 7.484020e-02
PCG: 4 : 1.901174e-03 / 4.112526e-02
PCG: 5 : 1.736334e-03 / 3.755952e-02
PCG: 0 : 1.736335e-03
PCG: 1 : 7.731214e-04 / 4.452605e-01
PCG: 2 : 8.097524e-04 / 4.663573e-01
PCG: 3 : 9.406402e-04 / 5.417389e-01
PCG: 4 : 5.505546e-04 / 3.170786e-01
PCG: 5 : 5.701440e-04 / 3.283606e-01
PCG: 0 : 5.701439e-04
PCG: 1 : 3.882030e-04 / 6.808860e-01
PCG: 2 : 3.283671e-04 / 5.759372e-01
PCG: 3 : 1.161004e-04 / 2.036335e-01
PCG: 4 : 9.571046e-05 / 1.678707e-01
PCG: 5 : 2.195857e-04 / 3.851407e-01
PCG: 0 : 2.195856e-04
PCG: 1 : 1.107791e-04 / 5.044915e-01
PCG: 2 : 9.040839e-05 / 4.117227e-01
PCG: 3 : 9.052829e-05 / 4.122687e-01
PCG: 4 : 6.851601e-05 / 3.120241e-01
PCG: 5 : 8.521798e-05 / 3.880854e-01
PCG: 0 : 8.521798e-05
PCG: 1 : 4.745293e-05 / 5.568418e-01
PCG: 2 : 3.152281e-05 / 3.699080e-01
PCG: 3 : 2.264879e-05 / 2.657748e-01
PCG: 4 : 2.171265e-05 / 2.547895e-01
PCG: 5 : 2.988094e-05 / 3.506412e-01
PCG: 0 : 2.988093e-05
PCG: 1 : 1.538758e-05 / 5.149632e-01
PCG: 2 : 1.142971e-05 / 3.825087e-01
PCG: 3 : 1.079351e-05 / 3.612173e-01
PCG: 4 : 9.244490e-06 / 3.093776e-01
PCG: 5 : 1.140314e-05 / 3.816193e-01
PCG: 0 : 1.140314e-05
PCG: 1 : 6.299380e-06 / 5.524251e-01
PCG: 2 : 4.371542e-06 / 3.833630e-01
PCG: 3 : 3.168679e-06 / 2.778777e-01
PCG: 4 : 2.939781e-06 / 2.578045e-01
PCG: 5 : 4.086205e-06 / 3.583403e-01
PCG: 0 : 4.086204e-06
PCG: 1 : 2.069545e-06 / 5.064714e-01
PCG: 2 : 1.562680e-06 / 3.824282e-01
PCG: 3 : 1.478219e-06 / 3.617584e-01
PCG: 4 : 1.240291e-06 / 3.035313e-01
PCG: 5 : 1.551515e-06 / 3.796958e-01
PCG: 0 : 1.551515e-06
PCG: 1 : 8.464490e-07 / 5.455630e-01
PCG: 2 : 6.010123e-07 / 3.873713e-01
PCG: 3 : 4.330083e-07 / 2.790875e-01
PCG: 4 : 3.956928e-07 / 2.550365e-01
PCG: 5 : 5.586382e-07 / 3.600599e-01
PCG: 0 : 5.586381e-07
PCG: 1 : 2.788156e-07 / 4.990988e-01
PCG: 2 : 2.143763e-07 / 3.837481e-01
PCG: 3 : 2.022038e-07 / 3.619584e-01
PCG: 4 : 1.669206e-07 / 2.987992e-01
PCG: 5 : 2.113718e-07 / 3.783698e-01
PCG: 0 : 2.113718e-07
PCG: 1 : 1.139776e-07 / 5.392280e-01
PCG: 2 : 8.274668e-08 / 3.914745e-01
PCG: 3 : 5.918865e-08 / 2.800215e-01
PCG: 4 : 5.342231e-08 / 2.527409e-01
PCG: 5 : 7.622185e-08 / 3.606055e-01
PCG: 0 : 7.622185e-08
PCG: 1 : 3.764893e-08 / 4.939388e-01
PCG: 2 : 2.947571e-08 / 3.867095e-01
PCG: 3 : 2.764019e-08 / 3.626282e-01
PCG: 4 : 2.257574e-08 / 2.961847e-01
PCG: 5 : 2.875351e-08 / 3.772345e-01
PCG: 0 : 2.875351e-08
PCG: 1 : 1.540269e-08 / 5.356805e-01
PCG: 2 : 1.140276e-08 / 3.965694e-01
PCG: 3 : 8.081158e-09 / 2.810494e-01
PCG: 4 : 7.246139e-09 / 2.520089e-01
PCG: 5 : 1.036352e-08 / 3.604262e-01
PCG: 0 : 1.036352e-08
PCG: 1 : 5.107746e-09 / 4.928583e-01
PCG: 2 : 4.058936e-09 / 3.916562e-01
PCG: 3 : 3.770077e-09 / 3.637835e-01
PCG: 4 : 3.078177e-09 / 2.970205e-01
PCG: 5 : 3.894570e-09 / 3.757961e-01

PCG ( VCycle ( S: Scale / C: Scale )  )

Complete solver TOE: 0.258957
0.711592 GFlop/s [0.711592 GFlops/s]

Total time: 0.258957s
Accumulated op time: 0.242244

Reductions: 2.17372%
Blas-1: 5.83572%
Blas-2: 85.5366%
Precon Kernels: 0%
MPI Execution: 0%
MPI Wait: 0%
Not covered: 6.45397%

Domain size: 1.69336 MByte
LA size: 5.5876 MByte
MPI size: 0.169739 MByte

H0-Error: 2.746193e-05
H1-Error: 1.613732e-02

Writing DATA to output.data...
Run-Time: 0:00.412 [0:00.412]
0xb333b9f8 Error: MemoryPool<CPU> still contains memory chunks on deconstructor call
