NUM-PROCS: 1
Preparing domain...
LVL-MIN: 6 [6]
LVL-MAX: 11 [11]
Creating gates...
Assembling system matrices...
Assembling system filters...
Assembling transfer matrices...
Converting assembled linear system from SparseMatrixCSR, Mem:main to SparseMatrixCSR, Mem:mainand to SparseMatrixCSR, Mem:main...
PCG:  0 : 4.717541e-03
PCG:  1 : 4.205080e-02 / 8.913712e+00
PCG:  2 : 4.710787e-02 / 9.985682e+00
PCG:  3 : 1.160510e-01 / 2.459989e+01
PCG:  4 : 1.784998e-01 / 3.783746e+01
PCG:  5 : 1.558436e-01 / 3.303492e+01
PCG:  6 : 1.603725e-01 / 3.399493e+01
PCG:  7 : 1.179059e-01 / 2.499309e+01
PCG:  8 : 1.145218e-01 / 2.427574e+01
PCG:  9 : 1.609731e-01 / 3.412223e+01
PCG: 10 : 1.548388e-01 / 3.282193e+01
PCG: 11 : 1.180857e-01 / 2.503120e+01
PCG: 12 : 7.776166e-02 / 1.648351e+01
PCG: 13 : 7.020310e-02 / 1.488129e+01
PCG: 14 : 8.786841e-02 / 1.862589e+01
PCG: 15 : 8.641239e-02 / 1.831725e+01
PCG: 16 : 6.579258e-02 / 1.394637e+01
PCG: 17 : 4.469497e-02 / 9.474209e+00
PCG:  0 : 4.469148e-02
PCG:  1 : 4.124233e-02 / 9.228232e-01
PCG:  2 : 3.577724e-02 / 8.005383e-01
PCG:  3 : 3.298090e-02 / 7.379684e-01
PCG:  4 : 1.880124e-02 / 4.206896e-01
PCG:  5 : 1.497343e-02 / 3.350400e-01
PCG:  6 : 2.013821e-02 / 4.506052e-01
PCG:  7 : 2.199556e-02 / 4.921644e-01
PCG:  8 : 1.598687e-02 / 3.577164e-01
PCG:  9 : 8.847956e-03 / 1.979786e-01
PCG: 10 : 8.493125e-03 / 1.900390e-01
PCG: 11 : 1.027199e-02 / 2.298423e-01
PCG: 12 : 1.121701e-02 / 2.509876e-01
PCG: 13 : 1.308218e-02 / 2.927220e-01
PCG: 14 : 7.131447e-03 / 1.595706e-01
PCG: 15 : 8.209270e-03 / 1.836876e-01
PCG: 16 : 1.619702e-02 / 3.624185e-01
PCG: 17 : 1.184145e-02 / 2.649599e-01
PCG:  0 : 1.184144e-02
PCG:  1 : 7.687114e-03 / 6.491703e-01
PCG:  2 : 5.049338e-03 / 4.264123e-01
PCG:  3 : 3.864320e-03 / 3.263386e-01
PCG:  4 : 6.674064e-03 / 5.636191e-01
PCG:  5 : 5.211197e-03 / 4.400812e-01
PCG:  6 : 5.866780e-03 / 4.954446e-01
PCG:  7 : 6.746579e-03 / 5.697430e-01
PCG:  8 : 7.567131e-03 / 6.390378e-01
PCG:  9 : 9.183963e-03 / 7.755779e-01
PCG: 10 : 7.982128e-03 / 6.740840e-01
PCG: 11 : 5.013790e-03 / 4.234104e-01
PCG: 12 : 4.085897e-03 / 3.450506e-01
PCG: 13 : 3.099458e-03 / 2.617466e-01
PCG: 14 : 3.921516e-03 / 3.311687e-01
PCG: 15 : 5.747021e-03 / 4.853311e-01
PCG: 16 : 4.565699e-03 / 3.855695e-01
PCG: 17 : 4.382079e-03 / 3.700629e-01
PCG:  0 : 4.382083e-03
PCG:  1 : 4.081876e-03 / 9.314923e-01
PCG:  2 : 4.163207e-03 / 9.500520e-01
PCG:  3 : 2.825326e-03 / 6.447451e-01
PCG:  4 : 1.800535e-03 / 4.108857e-01
PCG:  5 : 2.162411e-03 / 4.934666e-01
PCG:  6 : 2.836347e-03 / 6.472601e-01
PCG:  7 : 3.993801e-03 / 9.113934e-01
PCG:  8 : 3.754168e-03 / 8.567085e-01
PCG:  9 : 2.332921e-03 / 5.323773e-01
PCG: 10 : 2.018217e-03 / 4.605612e-01
PCG: 11 : 1.723427e-03 / 3.932894e-01
PCG: 12 : 1.372208e-03 / 3.131405e-01
PCG: 13 : 1.458423e-03 / 3.328150e-01
PCG: 14 : 1.079926e-03 / 2.464413e-01
PCG: 15 : 1.212644e-03 / 2.767278e-01
PCG: 16 : 1.617369e-03 / 3.690868e-01
PCG: 17 : 1.613116e-03 / 3.681162e-01
PCG:  0 : 1.613118e-03
PCG:  1 : 1.414002e-03 / 8.765641e-01
PCG:  2 : 1.055361e-03 / 6.542368e-01
PCG:  3 : 8.937675e-04 / 5.540619e-01
PCG:  4 : 1.054570e-03 / 6.537461e-01
PCG:  5 : 9.697777e-04 / 6.011819e-01
PCG:  6 : 1.250523e-03 / 7.752208e-01
PCG:  7 : 1.356691e-03 / 8.410359e-01
PCG:  8 : 1.267000e-03 / 7.854353e-01
PCG:  9 : 1.627422e-03 / 1.008867e+00
PCG: 10 : 1.620062e-03 / 1.004304e+00
PCG: 11 : 9.522199e-04 / 5.902976e-01
PCG: 12 : 6.628281e-04 / 4.108986e-01
PCG: 13 : 5.593376e-04 / 3.467430e-01
PCG: 14 : 8.422924e-04 / 5.221516e-01
PCG: 15 : 9.168610e-04 / 5.683780e-01
PCG: 16 : 7.633237e-04 / 4.731976e-01
PCG: 17 : 7.936308e-04 / 4.919855e-01
PCG:  0 : 7.936301e-04
PCG:  1 : 7.069350e-04 / 8.907613e-01
PCG:  2 : 7.269943e-04 / 9.160367e-01
PCG:  3 : 5.878252e-04 / 7.406791e-01
PCG:  4 : 3.547171e-04 / 4.469552e-01
PCG:  5 : 4.308895e-04 / 5.429349e-01
PCG:  6 : 5.730050e-04 / 7.220051e-01
PCG:  7 : 7.849867e-04 / 9.891090e-01
PCG:  8 : 6.391017e-04 / 8.052891e-01
PCG:  9 : 4.284476e-04 / 5.398580e-01
PCG: 10 : 4.128439e-04 / 5.201969e-01
PCG: 11 : 3.385181e-04 / 4.265440e-01
PCG: 12 : 2.422525e-04 / 3.052461e-01
PCG: 13 : 2.595722e-04 / 3.270695e-01
PCG: 14 : 2.447320e-04 / 3.083704e-01
PCG: 15 : 2.589058e-04 / 3.262298e-01
PCG: 16 : 2.720747e-04 / 3.428231e-01
PCG: 17 : 2.547204e-04 / 3.209560e-01
PCG:  0 : 2.547206e-04
PCG:  1 : 2.602277e-04 / 1.021620e+00
PCG:  2 : 2.220403e-04 / 8.717014e-01
PCG:  3 : 1.908080e-04 / 7.490873e-01
PCG:  4 : 1.939534e-04 / 7.614359e-01
PCG:  5 : 1.800717e-04 / 7.069380e-01
PCG:  6 : 2.442441e-04 / 9.588707e-01
PCG:  7 : 2.678115e-04 / 1.051393e+00
PCG:  8 : 2.413548e-04 / 9.475275e-01
PCG:  9 : 2.937725e-04 / 1.153313e+00
PCG: 10 : 2.917189e-04 / 1.145251e+00
PCG: 11 : 1.891507e-04 / 7.425810e-01
PCG: 12 : 1.474304e-04 / 5.787927e-01
PCG: 13 : 1.269477e-04 / 4.983802e-01
PCG: 14 : 1.648957e-04 / 6.473590e-01
PCG: 15 : 1.598527e-04 / 6.275610e-01
PCG: 16 : 1.421225e-04 / 5.579544e-01
PCG: 17 : 1.549004e-04 / 6.081190e-01
PCG:  0 : 1.549002e-04
PCG:  1 : 1.399180e-04 / 9.032783e-01
PCG:  2 : 1.283531e-04 / 8.286179e-01
PCG:  3 : 1.059887e-04 / 6.842387e-01
PCG:  4 : 7.740239e-05 / 4.996919e-01
PCG:  5 : 1.017069e-04 / 6.565965e-01
PCG:  6 : 1.170144e-04 / 7.554176e-01
PCG:  7 : 1.356346e-04 / 8.756259e-01
PCG:  8 : 1.092657e-04 / 7.053941e-01
PCG:  9 : 8.594000e-05 / 5.548088e-01
PCG: 10 : 8.571179e-05 / 5.533355e-01
PCG: 11 : 6.279339e-05 / 4.053796e-01
PCG: 12 : 4.054564e-05 / 2.617533e-01
PCG: 13 : 4.695146e-05 / 3.031078e-01
PCG: 14 : 5.035244e-05 / 3.250637e-01
PCG: 15 : 5.066909e-05 / 3.271079e-01
PCG: 16 : 4.699923e-05 / 3.034161e-01
PCG: 17 : 4.261131e-05 / 2.750888e-01
PCG:  0 : 4.261138e-05
PCG:  1 : 4.687333e-05 / 1.100019e+00
PCG:  2 : 4.455459e-05 / 1.045603e+00
PCG:  3 : 3.793501e-05 / 8.902555e-01
PCG:  4 : 3.426981e-05 / 8.042410e-01
PCG:  5 : 3.166822e-05 / 7.431870e-01
PCG:  6 : 4.634548e-05 / 1.087632e+00
PCG:  7 : 5.251880e-05 / 1.232507e+00
PCG:  8 : 4.419856e-05 / 1.037248e+00
PCG:  9 : 4.981825e-05 / 1.169130e+00
PCG: 10 : 5.285016e-05 / 1.240283e+00
PCG: 11 : 3.813173e-05 / 8.948721e-01
PCG: 12 : 2.874878e-05 / 6.746738e-01
PCG: 13 : 2.151859e-05 / 5.049964e-01
PCG: 14 : 2.807200e-05 / 6.587912e-01
PCG: 15 : 2.986739e-05 / 7.009252e-01
PCG: 16 : 2.804823e-05 / 6.582333e-01
PCG: 17 : 2.832609e-05 / 6.647541e-01
PCG:  0 : 2.832603e-05
PCG:  1 : 2.596431e-05 / 9.166237e-01
PCG:  2 : 2.426533e-05 / 8.566444e-01
PCG:  3 : 2.009727e-05 / 7.094985e-01
PCG:  4 : 1.432212e-05 / 5.056168e-01
PCG:  5 : 1.859649e-05 / 6.565159e-01
PCG:  6 : 2.196004e-05 / 7.752602e-01
PCG:  7 : 2.564607e-05 / 9.053890e-01
PCG:  8 : 2.013850e-05 / 7.109541e-01
PCG:  9 : 1.520130e-05 / 5.366548e-01
PCG: 10 : 1.550710e-05 / 5.474505e-01
PCG: 11 : 1.209236e-05 / 4.268994e-01
PCG: 12 : 7.805842e-06 / 2.755714e-01
PCG: 13 : 8.492329e-06 / 2.998066e-01
PCG: 14 : 9.015458e-06 / 3.182747e-01
PCG: 15 : 9.542202e-06 / 3.368705e-01
PCG: 16 : 9.169583e-06 / 3.237158e-01
PCG: 17 : 7.999268e-06 / 2.823999e-01
PCG:  0 : 7.999276e-06
PCG:  1 : 8.796918e-06 / 1.099714e+00
PCG:  2 : 8.418316e-06 / 1.052385e+00
PCG:  3 : 7.248131e-06 / 9.060984e-01
PCG:  4 : 6.504483e-06 / 8.131340e-01
PCG:  5 : 5.943172e-06 / 7.429638e-01
PCG:  6 : 8.661678e-06 / 1.082808e+00
PCG:  7 : 9.863687e-06 / 1.233073e+00
PCG:  8 : 8.350737e-06 / 1.043936e+00
PCG:  9 : 9.370356e-06 / 1.171400e+00
PCG: 10 : 9.924654e-06 / 1.240694e+00
PCG: 11 : 7.223123e-06 / 9.029720e-01
PCG: 12 : 5.454968e-06 / 6.819327e-01
PCG: 13 : 4.039965e-06 / 5.050413e-01
PCG: 14 : 5.234132e-06 / 6.543257e-01
PCG: 15 : 5.568055e-06 / 6.960698e-01
PCG: 16 : 5.291996e-06 / 6.615593e-01
PCG: 17 : 5.349873e-06 / 6.687947e-01
PCG:  0 : 5.349875e-06
PCG:  1 : 4.863140e-06 / 9.090194e-01
PCG:  2 : 4.550366e-06 / 8.505557e-01
PCG:  3 : 3.810612e-06 / 7.122806e-01
PCG:  4 : 2.736128e-06 / 5.114377e-01
PCG:  5 : 3.538052e-06 / 6.613336e-01
PCG:  6 : 4.142481e-06 / 7.743137e-01
PCG:  7 : 4.824613e-06 / 9.018179e-01
PCG:  8 : 3.803809e-06 / 7.110090e-01
PCG:  9 : 2.872521e-06 / 5.369323e-01
PCG: 10 : 2.932805e-06 / 5.482007e-01
PCG: 11 : 2.302294e-06 / 4.303455e-01
PCG: 12 : 1.483943e-06 / 2.773790e-01
PCG: 13 : 1.599540e-06 / 2.989865e-01
PCG: 14 : 1.687323e-06 / 3.153949e-01
PCG: 15 : 1.793611e-06 / 3.352623e-01
PCG: 16 : 1.747033e-06 / 3.265558e-01
PCG: 17 : 1.533203e-06 / 2.865867e-01
PCG:  0 : 1.533209e-06
PCG:  1 : 1.663355e-06 / 1.084885e+00
PCG:  2 : 1.580073e-06 / 1.030566e+00
PCG:  3 : 1.370327e-06 / 8.937639e-01
PCG:  4 : 1.239944e-06 / 8.087245e-01
PCG:  5 : 1.134611e-06 / 7.400234e-01
PCG:  6 : 1.642594e-06 / 1.071344e+00
PCG:  7 : 1.856627e-06 / 1.210942e+00
PCG:  8 : 1.572958e-06 / 1.025925e+00
PCG:  9 : 1.773373e-06 / 1.156641e+00
PCG: 10 : 1.890296e-06 / 1.232901e+00
PCG: 11 : 1.389875e-06 / 9.065135e-01
PCG: 12 : 1.049500e-06 / 6.845120e-01
PCG: 13 : 7.672189e-07 / 5.004007e-01
PCG: 14 : 9.794970e-07 / 6.388541e-01
PCG: 15 : 1.035436e-06 / 6.753393e-01
PCG: 16 : 1.001360e-06 / 6.531140e-01
PCG: 17 : 1.032980e-06 / 6.737372e-01
PCG:  0 : 1.032979e-06
PCG:  1 : 9.165630e-07 / 8.873010e-01
PCG:  2 : 8.467659e-07 / 8.197322e-01
PCG:  3 : 7.188024e-07 / 6.958541e-01
PCG:  4 : 5.277925e-07 / 5.109422e-01
PCG:  5 : 6.884876e-07 / 6.665071e-01
PCG:  6 : 7.960473e-07 / 7.706328e-01
PCG:  7 : 9.111954e-07 / 8.821047e-01
PCG:  8 : 7.162114e-07 / 6.933457e-01
PCG:  9 : 5.454241e-07 / 5.280110e-01
PCG: 10 : 5.620946e-07 / 5.441492e-01
PCG: 11 : 4.451433e-07 / 4.309317e-01
PCG: 12 : 2.858157e-07 / 2.766908e-01
PCG: 13 : 3.038957e-07 / 2.941936e-01
PCG: 14 : 3.166618e-07 / 3.065521e-01
PCG: 15 : 3.374373e-07 / 3.266644e-01
PCG: 16 : 3.356072e-07 / 3.248926e-01
PCG: 17 : 3.003717e-07 / 2.907820e-01
PCG:  0 : 3.003712e-07
PCG:  1 : 3.174900e-07 / 1.056992e+00
PCG:  2 : 2.955327e-07 / 9.838915e-01
PCG:  3 : 2.577774e-07 / 8.581963e-01
PCG:  4 : 2.383682e-07 / 7.935788e-01
PCG:  5 : 2.208069e-07 / 7.351134e-01
PCG:  6 : 3.169733e-07 / 1.055272e+00
PCG:  7 : 3.519546e-07 / 1.171732e+00
PCG:  8 : 2.962878e-07 / 9.864056e-01
PCG:  9 : 3.365552e-07 / 1.120464e+00
PCG: 10 : 3.635492e-07 / 1.210333e+00
PCG: 11 : 2.719095e-07 / 9.052449e-01
PCG: 12 : 2.055045e-07 / 6.841687e-01
PCG: 13 : 1.477119e-07 / 4.917647e-01
PCG: 14 : 1.841763e-07 / 6.131623e-01
PCG: 15 : 1.932540e-07 / 6.433840e-01
PCG: 16 : 1.908898e-07 / 6.355130e-01
PCG: 17 : 2.024858e-07 / 6.741185e-01

PCG ( VCycle ( S: Scale / C: Scale )  )

Complete solver TOE: 76.9326
1.99523 GFlop/s [1.99523 GFlops/s]

Total time: 76.9326s
Accumulated op time: 74.659

Reductions: 5.7544%
Blas-1: 6.60734%
Blas-2: 84.6829%
Precon Kernels: 0%
MPI Execution: 0%
MPI Wait: 0%
Not covered: 2.95535%

Domain size: 768.674 MByte
LA size: 1930.82 MByte
MPI size: 42.7179 MByte

H0-Error: 2.680718e-07
H1-Error: 1.008606e-03

Writing DATA to output.data...
Run-Time: 1:26.123 [1:26.123]
0x31d198e880 Error: MemoryPool<CPU> still contains memory chunks on deconstructor call
