NUM-PROCS: 1
Preparing domain...
LVL-MIN: 3 [3]
LVL-MAX: 11 [11]
Creating gates...
Assembling system matrices...
Assembling system filters...
Assembling transfer matrices...
Converting assembled linear system from SparseMatrixCSR, Mem:main to SparseMatrixCSR, Mem:mainand to SparseMatrixCSR, Mem:main...
PCG: 0 : 4.717541e-03
PCG: 1 : 5.088399e-03 / 1.078612e+00
PCG: 0 : 5.090429e-03
PCG: 1 : 5.813576e-03 / 1.142060e+00
PCG: 0 : 5.813591e-03
PCG: 1 : 8.597436e-03 / 1.478851e+00
PCG: 0 : 8.597401e-03
PCG: 1 : 1.502071e-02 / 1.747122e+00
PCG: 0 : 1.502069e-02
PCG: 1 : 1.624815e-02 / 1.081718e+00
PCG: 0 : 1.624816e-02
PCG: 1 : 2.167814e-02 / 1.334190e+00
PCG: 0 : 2.167814e-02
PCG: 1 : 2.033349e-02 / 9.379721e-01
PCG: 0 : 2.033348e-02
PCG: 1 : 2.320203e-02 / 1.141075e+00
PCG: 0 : 2.320202e-02
PCG: 1 : 1.980705e-02 / 8.536780e-01
PCG: 0 : 1.980704e-02
PCG: 1 : 2.063446e-02 / 1.041774e+00
PCG: 0 : 2.063445e-02
PCG: 1 : 1.626984e-02 / 7.884793e-01
PCG: 0 : 1.626984e-02
PCG: 1 : 1.598582e-02 / 9.825432e-01
PCG: 0 : 1.598582e-02
PCG: 1 : 1.203765e-02 / 7.530207e-01
PCG: 0 : 1.203764e-02
PCG: 1 : 1.153863e-02 / 9.585453e-01
PCG: 0 : 1.153862e-02
PCG: 1 : 8.509059e-03 / 7.374414e-01
PCG: 0 : 8.509059e-03
PCG: 1 : 8.033136e-03 / 9.440687e-01
PCG: 0 : 8.033137e-03
PCG: 1 : 5.873600e-03 / 7.311714e-01
PCG: 0 : 5.873600e-03
PCG: 1 : 5.518768e-03 / 9.395888e-01
PCG: 0 : 5.518768e-03
PCG: 1 : 4.015274e-03 / 7.275671e-01
PCG: 0 : 4.015275e-03
PCG: 1 : 3.759111e-03 / 9.362026e-01
PCG: 0 : 3.759111e-03
PCG: 1 : 2.737426e-03 / 7.282110e-01
PCG: 0 : 2.737425e-03
PCG: 1 : 2.549202e-03 / 9.312411e-01
PCG: 0 : 2.549203e-03
PCG: 1 : 1.857769e-03 / 7.287648e-01
PCG: 0 : 1.857770e-03
PCG: 1 : 1.729883e-03 / 9.311611e-01
PCG: 0 : 1.729883e-03
PCG: 1 : 1.259759e-03 / 7.282338e-01
PCG: 0 : 1.259759e-03
PCG: 1 : 1.172220e-03 / 9.305114e-01
PCG: 0 : 1.172220e-03
PCG: 1 : 8.539138e-04 / 7.284588e-01
PCG: 0 : 8.539141e-04
PCG: 1 : 7.939677e-04 / 9.297981e-01
PCG: 0 : 7.939680e-04
PCG: 1 : 5.778815e-04 / 7.278398e-01
PCG: 0 : 5.778815e-04
PCG: 1 : 5.386533e-04 / 9.321173e-01
PCG: 0 : 5.386532e-04
PCG: 1 : 3.916218e-04 / 7.270388e-01
PCG: 0 : 3.916219e-04
PCG: 1 : 3.651695e-04 / 9.324543e-01
PCG: 0 : 3.651696e-04
PCG: 1 : 2.659587e-04 / 7.283155e-01
PCG: 0 : 2.659587e-04
PCG: 1 : 2.469507e-04 / 9.285305e-01
PCG: 0 : 2.469507e-04
PCG: 1 : 1.807871e-04 / 7.320776e-01
PCG: 0 : 1.807871e-04
PCG: 1 : 1.671654e-04 / 9.246535e-01
PCG: 0 : 1.671654e-04
PCG: 1 : 1.224300e-04 / 7.323881e-01
PCG: 0 : 1.224300e-04
PCG: 1 : 1.133928e-04 / 9.261844e-01
PCG: 0 : 1.133927e-04
PCG: 1 : 8.295185e-05 / 7.315447e-01
PCG: 0 : 8.295179e-05
PCG: 1 : 7.688954e-05 / 9.269184e-01
PCG: 0 : 7.688954e-05
PCG: 1 : 5.625068e-05 / 7.315778e-01
PCG: 0 : 5.625070e-05
PCG: 1 : 5.207715e-05 / 9.258043e-01
PCG: 0 : 5.207717e-05
PCG: 1 : 3.812397e-05 / 7.320669e-01
PCG: 0 : 3.812397e-05
PCG: 1 : 3.531198e-05 / 9.262409e-01
PCG: 0 : 3.531198e-05
PCG: 1 : 2.585845e-05 / 7.322854e-01
PCG: 0 : 2.585845e-05
PCG: 1 : 2.393871e-05 / 9.257597e-01
PCG: 0 : 2.393872e-05
PCG: 1 : 1.751495e-05 / 7.316579e-01
PCG: 0 : 1.751496e-05
PCG: 1 : 1.624335e-05 / 9.273990e-01
PCG: 0 : 1.624336e-05
PCG: 1 : 1.187017e-05 / 7.307706e-01
PCG: 0 : 1.187016e-05
PCG: 1 : 1.103427e-05 / 9.295809e-01
PCG: 0 : 1.103427e-05
PCG: 1 : 8.051562e-06 / 7.296869e-01
PCG: 0 : 8.051557e-06
PCG: 1 : 7.484669e-06 / 9.295928e-01
PCG: 0 : 7.484664e-06
PCG: 1 : 5.460246e-06 / 7.295246e-01
PCG: 0 : 5.460246e-06
PCG: 1 : 5.076305e-06 / 9.296842e-01
PCG: 0 : 5.076303e-06
PCG: 1 : 3.702231e-06 / 7.293164e-01
PCG: 0 : 3.702231e-06
PCG: 1 : 3.438106e-06 / 9.286577e-01
PCG: 0 : 3.438106e-06
PCG: 1 : 2.510923e-06 / 7.303215e-01
PCG: 0 : 2.510922e-06
PCG: 1 : 2.332046e-06 / 9.287609e-01
PCG: 0 : 2.332045e-06
PCG: 1 : 1.700750e-06 / 7.292957e-01
PCG: 0 : 1.700751e-06
PCG: 1 : 1.581568e-06 / 9.299231e-01
PCG: 0 : 1.581568e-06
PCG: 1 : 1.152661e-06 / 7.288085e-01
PCG: 0 : 1.152660e-06
PCG: 1 : 1.072831e-06 / 9.307435e-01
PCG: 0 : 1.072831e-06
PCG: 1 : 7.807027e-07 / 7.277033e-01
PCG: 0 : 7.807029e-07
PCG: 1 : 7.278801e-07 / 9.323395e-01
PCG: 0 : 7.278804e-07
PCG: 1 : 5.293570e-07 / 7.272582e-01
PCG: 0 : 5.293571e-07
PCG: 1 : 4.938003e-07 / 9.328303e-01
PCG: 0 : 4.938003e-07
PCG: 1 : 3.593231e-07 / 7.276688e-01
PCG: 0 : 3.593232e-07
PCG: 1 : 3.348376e-07 / 9.318562e-01
PCG: 0 : 3.348374e-07
PCG: 1 : 2.438439e-07 / 7.282457e-01
PCG: 0 : 2.438437e-07
PCG: 1 : 2.270105e-07 / 9.309672e-01
PCG: 0 : 2.270104e-07
PCG: 1 : 1.653876e-07 / 7.285462e-01
PCG: 0 : 1.653875e-07
PCG: 1 : 1.538653e-07 / 9.303322e-01
PCG: 0 : 1.538652e-07
PCG: 1 : 1.121135e-07 / 7.286475e-01
PCG: 0 : 1.121135e-07
PCG: 1 : 1.043269e-07 / 9.305466e-01

PCG ( VCycle ( S: Scale / C: Scale )  )

Complete solver TOE: 31.2671
1.88359 GFlop/s [1.88359 GFlops/s]

Total time: 31.2671s
Accumulated op time: 29.8506

Reductions: 6.43062%
Blas-1: 6.54604%
Blas-2: 82.493%
Precon Kernels: 0%
MPI Execution: 0%
MPI Wait: 0%
Not covered: 4.53035%

Domain size: 768.871 MByte
LA size: 1932.14 MByte
MPI size: 42.7291 MByte

H0-Error: 1.523647e-07
H1-Error: 1.008605e-03

Writing DATA to output.data...
Run-Time: 0:40.411 [0:40.411]
0x31d198e880 Error: MemoryPool<CPU> still contains memory chunks on deconstructor call
