NUM-PROCS: 1
Preparing domain...
LVL-MIN: 5 [5]
LVL-MAX: 8 [8]
Creating gates...
Assembling system matrices...
Assembling system filters...
Assembling transfer matrices...
Converting assembled linear system from SparseMatrixCSR, Mem:main to SparseMatrixELL, Mem:cudaand to SparseMatrixELL, Mem:cuda...
PCG: 0 : 3.788187e-02
PCG: 1 : 1.531280e-01 / 4.042251e+00
PCG: 2 : 1.362876e-01 / 3.597700e+00
PCG: 3 : 2.921191e-01 / 7.711317e+00
PCG: 4 : 2.872779e-01 / 7.583520e+00
PCG: 5 : 1.502762e-01 / 3.966969e+00
PCG: 6 : 1.546998e-01 / 4.083743e+00
PCG: 7 : 1.430835e-01 / 3.777096e+00
PCG: 8 : 1.148348e-01 / 3.031392e+00
PCG: 9 : 6.612933e-02 / 1.745672e+00
PCG: 0 : 6.635251e-02
PCG: 1 : 4.942023e-02 / 7.448132e-01
PCG: 2 : 3.643849e-02 / 5.491653e-01
PCG: 3 : 2.515896e-02 / 3.791711e-01
PCG: 4 : 1.319431e-02 / 1.988517e-01
PCG: 5 : 1.127481e-02 / 1.699229e-01
PCG: 6 : 9.093024e-03 / 1.370412e-01
PCG: 7 : 4.956337e-03 / 7.469705e-02
PCG: 8 : 3.967133e-03 / 5.978874e-02
PCG: 9 : 6.737250e-03 / 1.015372e-01
PCG: 0 : 6.737250e-03
PCG: 1 : 2.586838e-03 / 3.839605e-01
PCG: 2 : 1.583814e-03 / 2.350832e-01
PCG: 3 : 1.529604e-03 / 2.270369e-01
PCG: 4 : 1.972818e-03 / 2.928224e-01
PCG: 5 : 2.938733e-03 / 4.361918e-01
PCG: 6 : 1.906142e-03 / 2.829258e-01
PCG: 7 : 1.540344e-03 / 2.286309e-01
PCG: 8 : 1.867400e-03 / 2.771754e-01
PCG: 9 : 1.664537e-03 / 2.470648e-01
PCG: 0 : 1.664537e-03
PCG: 1 : 1.365812e-03 / 8.205354e-01
PCG: 2 : 5.571712e-04 / 3.347304e-01
PCG: 3 : 5.417963e-04 / 3.254937e-01
PCG: 4 : 7.002507e-04 / 4.206880e-01
PCG: 5 : 4.456164e-04 / 2.677119e-01
PCG: 6 : 3.065230e-04 / 1.841491e-01
PCG: 7 : 2.520770e-04 / 1.514397e-01
PCG: 8 : 2.598011e-04 / 1.560801e-01
PCG: 9 : 3.925253e-04 / 2.358165e-01
PCG: 0 : 3.925253e-04
PCG: 1 : 2.072322e-04 / 5.279461e-01
PCG: 2 : 1.323599e-04 / 3.372009e-01
PCG: 3 : 1.792546e-04 / 4.566700e-01
PCG: 4 : 2.428110e-04 / 6.185868e-01
PCG: 5 : 2.769082e-04 / 7.054530e-01
PCG: 6 : 1.727081e-04 / 4.399922e-01
PCG: 7 : 1.140616e-04 / 2.905840e-01
PCG: 8 : 1.866626e-04 / 4.755428e-01
PCG: 9 : 1.625315e-04 / 4.140662e-01
PCG: 0 : 1.625315e-04
PCG: 1 : 1.331403e-04 / 8.191660e-01
PCG: 2 : 4.818599e-05 / 2.964718e-01
PCG: 3 : 5.850432e-05 / 3.599568e-01
PCG: 4 : 7.748809e-05 / 4.767574e-01
PCG: 5 : 4.946016e-05 / 3.043113e-01
PCG: 6 : 3.185040e-05 / 1.959645e-01
PCG: 7 : 2.038099e-05 / 1.253972e-01
PCG: 8 : 2.449254e-05 / 1.506941e-01
PCG: 9 : 3.793841e-05 / 2.334220e-01
PCG: 0 : 3.793841e-05
PCG: 1 : 2.148802e-05 / 5.663921e-01
PCG: 2 : 1.346810e-05 / 3.549990e-01
PCG: 3 : 2.016449e-05 / 5.315058e-01
PCG: 4 : 2.621280e-05 / 6.909302e-01
PCG: 5 : 3.012235e-05 / 7.939802e-01
PCG: 6 : 1.745795e-05 / 4.601654e-01
PCG: 7 : 1.094457e-05 / 2.884825e-01
PCG: 8 : 1.833001e-05 / 4.831518e-01
PCG: 9 : 1.607214e-05 / 4.236376e-01
PCG: 0 : 1.607214e-05
PCG: 1 : 1.365681e-05 / 8.497190e-01
PCG: 2 : 5.024675e-06 / 3.126325e-01
PCG: 3 : 6.620435e-06 / 4.119199e-01
PCG: 4 : 8.401378e-06 / 5.227292e-01
PCG: 5 : 5.248550e-06 / 3.265619e-01
PCG: 6 : 3.383366e-06 / 2.105112e-01
PCG: 7 : 2.019973e-06 / 1.256816e-01
PCG: 8 : 2.573134e-06 / 1.600990e-01
PCG: 9 : 3.778549e-06 / 2.350993e-01
PCG: 0 : 3.778550e-06
PCG: 1 : 2.223122e-06 / 5.883533e-01
PCG: 2 : 1.447458e-06 / 3.830722e-01
PCG: 3 : 2.232761e-06 / 5.909041e-01
PCG: 4 : 2.836916e-06 / 7.507949e-01
PCG: 5 : 3.224265e-06 / 8.533075e-01
PCG: 6 : 1.851439e-06 / 4.899867e-01
PCG: 7 : 1.150803e-06 / 3.045620e-01
PCG: 8 : 1.905123e-06 / 5.041943e-01
PCG: 9 : 1.542509e-06 / 4.082277e-01
PCG: 0 : 1.542510e-06
PCG: 1 : 1.437798e-06 / 9.321157e-01
PCG: 2 : 5.813758e-07 / 3.769025e-01
PCG: 3 : 7.703919e-07 / 4.994405e-01
PCG: 4 : 9.004775e-07 / 5.837743e-01
PCG: 5 : 5.592124e-07 / 3.625341e-01
PCG: 6 : 3.854573e-07 / 2.498897e-01
PCG: 7 : 2.334414e-07 / 1.513387e-01
PCG: 8 : 2.811783e-07 / 1.822862e-01
PCG: 9 : 3.322588e-07 / 2.154014e-01
PCG: 0 : 3.322587e-07
PCG: 1 : 2.478762e-07 / 7.460336e-01
PCG: 2 : 1.781212e-07 / 5.360919e-01
PCG: 3 : 2.554141e-07 / 7.687204e-01
PCG: 4 : 2.952657e-07 / 8.886620e-01
PCG: 5 : 3.422909e-07 / 1.030194e+00
PCG: 6 : 2.151726e-07 / 6.476056e-01
PCG: 7 : 1.389723e-07 / 4.182653e-01
PCG: 8 : 2.149609e-07 / 6.469684e-01
PCG: 9 : 1.364346e-07 / 4.106276e-01
PCG: 0 : 1.364347e-07
PCG: 1 : 1.627426e-07 / 1.192824e+00
PCG: 2 : 7.209982e-08 / 5.284568e-01
PCG: 3 : 8.887800e-08 / 6.514328e-01
PCG: 4 : 9.527855e-08 / 6.983457e-01
PCG: 5 : 5.772577e-08 / 4.231020e-01
PCG: 6 : 4.212907e-08 / 3.087857e-01
PCG: 7 : 2.669024e-08 / 1.956265e-01
PCG: 8 : 3.078298e-08 / 2.256244e-01
PCG: 9 : 3.243537e-08 / 2.377356e-01
PCG: 0 : 3.243538e-08
PCG: 1 : 2.740460e-08 / 8.448984e-01
PCG: 2 : 2.033200e-08 / 6.268463e-01
PCG: 3 : 2.848481e-08 / 8.782018e-01
PCG: 4 : 3.185114e-08 / 9.819875e-01
PCG: 5 : 3.641511e-08 / 1.122697e+00
PCG: 6 : 2.374660e-08 / 7.321204e-01
PCG: 7 : 1.532151e-08 / 4.723701e-01
PCG: 8 : 2.314538e-08 / 7.135842e-01
PCG: 9 : 1.476648e-08 / 4.552585e-01
PCG: 0 : 1.476649e-08
PCG: 1 : 1.776124e-08 / 1.202807e+00
PCG: 2 : 7.922758e-09 / 5.365363e-01
PCG: 3 : 9.766019e-09 / 6.613637e-01
PCG: 4 : 1.044514e-08 / 7.073545e-01
PCG: 5 : 6.293299e-09 / 4.261879e-01
PCG: 6 : 4.571695e-09 / 3.095993e-01
PCG: 7 : 2.891445e-09 / 1.958113e-01
PCG: 8 : 3.335699e-09 / 2.258966e-01
PCG: 9 : 3.527638e-09 / 2.388949e-01
PCG: 0 : 3.527641e-09
PCG: 1 : 2.989498e-09 / 8.474495e-01
PCG: 2 : 2.236127e-09 / 6.338872e-01
PCG: 3 : 3.137791e-09 / 8.894871e-01
PCG: 4 : 3.497900e-09 / 9.915690e-01
PCG: 5 : 3.974443e-09 / 1.126657e+00
PCG: 6 : 2.578859e-09 / 7.310433e-01
PCG: 7 : 1.656626e-09 / 4.696129e-01
PCG: 8 : 2.513691e-09 / 7.125699e-01
PCG: 9 : 1.612210e-09 / 4.570221e-01
PCG: 0 : 1.612210e-09
PCG: 1 : 1.938979e-09 / 1.202683e+00
PCG: 2 : 8.706258e-10 / 5.400200e-01
PCG: 3 : 1.072243e-09 / 6.650763e-01
PCG: 4 : 1.143939e-09 / 7.095473e-01
PCG: 5 : 6.880400e-10 / 4.267682e-01
PCG: 6 : 4.989023e-10 / 3.094524e-01
PCG: 7 : 3.144855e-10 / 1.950648e-01
PCG: 8 : 3.620450e-10 / 2.245644e-01
PCG: 9 : 3.859191e-10 / 2.393727e-01

PCG ( VCycle ( S: Scale / C: Scale )  )

Complete solver TOE: 1.90782
0.71719 GFlop/s [0.71719 GFlops/s]

Total time: 1.90782s
Accumulated op time: 0.608968

Reductions: 16.3774%
Blas-1: 8.4638%
Blas-2: 7.07834%
Precon Kernels: 0%
MPI Execution: 0%
MPI Wait: 0%
Not covered: 68.0804%

Domain size: 6.70679 MByte
LA size: 22.1625 MByte
MPI size: 0.671448 MByte

H0-Error: 6.865698e-06
H1-Error: 8.068795e-03

Writing DATA to output.data...
Run-Time: 0:02.665 [0:02.665]
0xb32fd9f8 Error: MemoryPool<CUDA> still contains memory chunks on deconstructor call
