NUM-PROCS: 1
Preparing domain...
LVL-MIN: 5 [5]
LVL-MAX: 7 [7]
Creating gates...
Assembling system matrices...
Assembling system filters...
Assembling transfer matrices...
Converting assembled linear system from SparseMatrixCSR, Mem:main to SparseMatrixCSR, Mem:mainand to SparseMatrixCSR, Mem:main...
PCG: 0 : 7.572460e-02
PCG: 1 : 2.892973e-01 / 3.820387e+00
PCG: 2 : 2.174525e-01 / 2.871623e+00
PCG: 3 : 3.691229e-01 / 4.874544e+00
PCG: 0 : 3.678331e-01
PCG: 1 : 2.379157e-01 / 6.468033e-01
PCG: 2 : 1.730451e-01 / 4.704446e-01
PCG: 3 : 2.222302e-01 / 6.041604e-01
PCG: 0 : 2.222302e-01
PCG: 1 : 1.220246e-01 / 5.490912e-01
PCG: 2 : 8.692251e-02 / 3.911373e-01
PCG: 3 : 7.024903e-02 / 3.161093e-01
PCG: 0 : 7.024904e-02
PCG: 1 : 5.353029e-02 / 7.620074e-01
PCG: 2 : 7.461741e-02 / 1.062184e+00
PCG: 3 : 1.260812e-01 / 1.794775e+00
PCG: 0 : 1.260812e-01
PCG: 1 : 6.229367e-02 / 4.940757e-01
PCG: 2 : 4.199611e-02 / 3.330877e-01
PCG: 3 : 4.890218e-02 / 3.878625e-01
PCG: 0 : 4.890218e-02
PCG: 1 : 3.633745e-02 / 7.430641e-01
PCG: 2 : 5.079392e-02 / 1.038684e+00
PCG: 3 : 9.297202e-02 / 1.901183e+00
PCG: 0 : 9.297203e-02
PCG: 1 : 4.557781e-02 / 4.902314e-01
PCG: 2 : 3.229747e-02 / 3.473891e-01
PCG: 3 : 4.027899e-02 / 4.332377e-01
PCG: 0 : 4.027900e-02
PCG: 1 : 2.927600e-02 / 7.268305e-01
PCG: 2 : 3.808282e-02 / 9.454758e-01
PCG: 3 : 6.934842e-02 / 1.721702e+00
PCG: 0 : 6.934842e-02
PCG: 1 : 3.420507e-02 / 4.932350e-01
PCG: 2 : 2.659843e-02 / 3.835477e-01
PCG: 3 : 3.401212e-02 / 4.904527e-01
PCG: 0 : 3.401212e-02
PCG: 1 : 2.441080e-02 / 7.177089e-01
PCG: 2 : 2.866804e-02 / 8.428773e-01
PCG: 3 : 5.163809e-02 / 1.518226e+00
PCG: 0 : 5.163809e-02
PCG: 1 : 2.569439e-02 / 4.975861e-01
PCG: 2 : 2.208977e-02 / 4.277806e-01
PCG: 3 : 2.840592e-02 / 5.500964e-01
PCG: 0 : 2.840591e-02
PCG: 1 : 2.033315e-02 / 7.158071e-01
PCG: 2 : 2.182658e-02 / 7.683817e-01
PCG: 3 : 3.908737e-02 / 1.376029e+00
PCG: 0 : 3.908737e-02
PCG: 1 : 1.960237e-02 / 5.015014e-01
PCG: 2 : 1.813416e-02 / 4.639391e-01
PCG: 3 : 2.323991e-02 / 5.945632e-01
PCG: 0 : 2.323991e-02
PCG: 1 : 1.668296e-02 / 7.178580e-01
PCG: 2 : 1.691203e-02 / 7.277148e-01
PCG: 3 : 3.011261e-02 / 1.295728e+00
PCG: 0 : 3.011260e-02
PCG: 1 : 1.521515e-02 / 5.052751e-01
PCG: 2 : 1.470109e-02 / 4.882040e-01
PCG: 3 : 1.871727e-02 / 6.215758e-01
PCG: 0 : 1.871727e-02
PCG: 1 : 1.351077e-02 / 7.218345e-01
PCG: 2 : 1.327273e-02 / 7.091166e-01
PCG: 3 : 2.345984e-02 / 1.253380e+00
PCG: 0 : 2.345984e-02
PCG: 1 : 1.194736e-02 / 5.092685e-01
PCG: 2 : 1.182400e-02 / 5.040104e-01
PCG: 3 : 1.493498e-02 / 6.366189e-01
PCG: 0 : 1.493498e-02
PCG: 1 : 1.085641e-02 / 7.269117e-01
PCG: 2 : 1.049258e-02 / 7.025509e-01
PCG: 3 : 1.838677e-02 / 1.231121e+00
PCG: 0 : 1.838677e-02
PCG: 1 : 9.444658e-03 / 5.136660e-01
PCG: 2 : 9.469693e-03 / 5.150276e-01
PCG: 3 : 1.185606e-02 / 6.448147e-01
PCG: 0 : 1.185606e-02
PCG: 1 : 8.687750e-03 / 7.327690e-01
PCG: 2 : 8.328284e-03 / 7.024497e-01
PCG: 3 : 1.445519e-02 / 1.219224e+00
PCG: 0 : 1.445519e-02
PCG: 1 : 7.494688e-03 / 5.184773e-01
PCG: 2 : 7.567977e-03 / 5.235474e-01
PCG: 3 : 9.384904e-03 / 6.492411e-01
PCG: 0 : 9.384904e-03
PCG: 1 : 6.937796e-03 / 7.392507e-01
PCG: 2 : 6.625067e-03 / 7.059281e-01
PCG: 3 : 1.138081e-02 / 1.212672e+00
PCG: 0 : 1.138081e-02
PCG: 1 : 5.960576e-03 / 5.237389e-01
PCG: 2 : 6.041761e-03 / 5.308725e-01
PCG: 3 : 7.416746e-03 / 6.516885e-01
PCG: 0 : 7.416746e-03
PCG: 1 : 5.535159e-03 / 7.463056e-01
PCG: 2 : 5.277073e-03 / 7.115079e-01
PCG: 3 : 8.966768e-03 / 1.208990e+00
PCG: 0 : 8.966768e-03
PCG: 1 : 4.746617e-03 / 5.293565e-01
PCG: 2 : 4.821278e-03 / 5.376829e-01
PCG: 3 : 5.855627e-03 / 6.530365e-01
PCG: 0 : 5.855627e-03
PCG: 1 : 4.414726e-03 / 7.539288e-01
PCG: 2 : 4.206675e-03 / 7.183987e-01
PCG: 3 : 7.067147e-03 / 1.206898e+00
PCG: 0 : 7.067148e-03
PCG: 1 : 3.783451e-03 / 5.353576e-01
PCG: 2 : 3.846852e-03 / 5.443287e-01
PCG: 3 : 4.620235e-03 / 6.537623e-01
PCG: 0 : 4.620235e-03
PCG: 1 : 3.521014e-03 / 7.620854e-01
PCG: 2 : 3.355155e-03 / 7.261871e-01
PCG: 3 : 5.571042e-03 / 1.205792e+00
PCG: 0 : 5.571042e-03
PCG: 1 : 3.017798e-03 / 5.416936e-01
PCG: 2 : 3.069449e-03 / 5.509649e-01
PCG: 3 : 3.644444e-03 / 6.541763e-01
PCG: 0 : 3.644442e-03
PCG: 1 : 2.808579e-03 / 7.706471e-01
PCG: 2 : 2.676912e-03 / 7.345189e-01
PCG: 3 : 4.391592e-03 / 1.205011e+00
PCG: 0 : 4.391592e-03
PCG: 1 : 2.408146e-03 / 5.483537e-01
PCG: 2 : 2.449034e-03 / 5.576643e-01
PCG: 3 : 2.874195e-03 / 6.544768e-01
PCG: 0 : 2.874194e-03
PCG: 1 : 2.240627e-03 / 7.795668e-01
PCG: 2 : 2.136273e-03 / 7.432597e-01
PCG: 3 : 3.462022e-03 / 1.204519e+00
PCG: 0 : 3.462022e-03
PCG: 1 : 1.922438e-03 / 5.552934e-01
PCG: 2 : 1.954058e-03 / 5.644268e-01
PCG: 3 : 2.266641e-03 / 6.547157e-01
PCG: 0 : 2.266641e-03
PCG: 1 : 1.787990e-03 / 7.888283e-01
PCG: 2 : 1.705200e-03 / 7.523027e-01
PCG: 3 : 2.729481e-03 / 1.204197e+00
PCG: 0 : 2.729482e-03
PCG: 1 : 1.535180e-03 / 5.624437e-01
PCG: 2 : 1.559152e-03 / 5.712264e-01
PCG: 3 : 1.787560e-03 / 6.549081e-01
PCG: 0 : 1.787560e-03
PCG: 1 : 1.427082e-03 / 7.983407e-01
PCG: 2 : 1.361190e-03 / 7.614793e-01
PCG: 3 : 2.152190e-03 / 1.203982e+00
PCG: 0 : 2.152191e-03
PCG: 1 : 1.226156e-03 / 5.697246e-01
PCG: 2 : 1.244010e-03 / 5.780202e-01
PCG: 3 : 1.409935e-03 / 6.551163e-01
PCG: 0 : 1.409935e-03
PCG: 1 : 1.139263e-03 / 8.080249e-01
PCG: 2 : 1.086647e-03 / 7.707071e-01
PCG: 3 : 1.697355e-03 / 1.203853e+00
PCG: 0 : 1.697355e-03
PCG: 1 : 9.795564e-04 / 5.771076e-01
PCG: 2 : 9.925085e-04 / 5.847384e-01
PCG: 3 : 1.112251e-03 / 6.552847e-01
PCG: 0 : 1.112250e-03
PCG: 1 : 9.096068e-04 / 8.178075e-01
PCG: 2 : 8.674744e-04 / 7.799272e-01
PCG: 3 : 1.338972e-03 / 1.203840e+00
PCG: 0 : 1.338972e-03
PCG: 1 : 7.826411e-04 / 5.845091e-01
PCG: 2 : 7.917890e-04 / 5.913411e-01
PCG: 3 : 8.776882e-04 / 6.554942e-01
PCG: 0 : 8.776882e-04
PCG: 1 : 7.263115e-04 / 8.275279e-01
PCG: 2 : 6.924592e-04 / 7.889581e-01
PCG: 3 : 1.056570e-03 / 1.203811e+00
PCG: 0 : 1.056570e-03
PCG: 1 : 6.253239e-04 / 5.918434e-01
PCG: 2 : 6.315853e-04 / 5.977695e-01
PCG: 3 : 6.928035e-04 / 6.557100e-01
PCG: 0 : 6.928035e-04
PCG: 1 : 5.800057e-04 / 8.371864e-01
PCG: 2 : 5.527079e-04 / 7.977844e-01
PCG: 3 : 8.340723e-04 / 1.203909e+00
PCG: 0 : 8.340724e-04
PCG: 1 : 4.996441e-04 / 5.990416e-01
PCG: 2 : 5.037459e-04 / 6.039594e-01
PCG: 3 : 5.470969e-04 / 6.559346e-01
PCG: 0 : 5.470968e-04
PCG: 1 : 4.631723e-04 / 8.466004e-01
PCG: 2 : 4.410952e-04 / 8.062471e-01
PCG: 3 : 6.586764e-04 / 1.203949e+00
PCG: 0 : 6.586764e-04
PCG: 1 : 3.991860e-04 / 6.060426e-01
PCG: 2 : 4.017040e-04 / 6.098655e-01
PCG: 3 : 4.322123e-04 / 6.561831e-01
PCG: 0 : 4.322123e-04
PCG: 1 : 3.698597e-04 / 8.557364e-01
PCG: 2 : 3.519854e-04 / 8.143809e-01
PCG: 3 : 5.204279e-04 / 1.204103e+00
PCG: 0 : 5.204277e-04
PCG: 1 : 3.189123e-04 / 6.127888e-01
PCG: 2 : 3.202805e-04 / 6.154178e-01
PCG: 3 : 3.416070e-04 / 6.563966e-01
PCG: 0 : 3.416069e-04
PCG: 1 : 2.953176e-04 / 8.644953e-01
PCG: 2 : 2.808298e-04 / 8.220847e-01
PCG: 3 : 4.114079e-04 / 1.204331e+00
PCG: 0 : 4.114078e-04
PCG: 1 : 2.547377e-04 / 6.191853e-01
PCG: 2 : 2.553224e-04 / 6.206065e-01
PCG: 3 : 2.701318e-04 / 6.566035e-01
PCG: 0 : 2.701319e-04
PCG: 1 : 2.357743e-04 / 8.728119e-01
PCG: 2 : 2.240104e-04 / 8.292630e-01
PCG: 3 : 3.253927e-04 / 1.204570e+00
PCG: 0 : 3.253927e-04
PCG: 1 : 2.034480e-04 / 6.252384e-01
PCG: 2 : 2.035142e-04 / 6.254420e-01
PCG: 3 : 2.137418e-04 / 6.568735e-01
PCG: 0 : 2.137418e-04
PCG: 1 : 1.882100e-04 / 8.805485e-01
PCG: 2 : 1.786552e-04 / 8.358459e-01
PCG: 3 : 2.574817e-04 / 1.204639e+00
PCG: 0 : 2.574817e-04
PCG: 1 : 1.624401e-04 / 6.308802e-01
PCG: 2 : 1.621855e-04 / 6.298913e-01
PCG: 3 : 1.692090e-04 / 6.571690e-01
PCG: 0 : 1.692090e-04
PCG: 1 : 1.502148e-04 / 8.877469e-01
PCG: 2 : 1.424580e-04 / 8.419057e-01
PCG: 3 : 2.038630e-04 / 1.204800e+00
PCG: 0 : 2.038630e-04
PCG: 1 : 1.296750e-04 / 6.360889e-01
PCG: 2 : 1.292298e-04 / 6.339051e-01
PCG: 3 : 1.340265e-04 / 6.574340e-01
PCG: 0 : 1.340264e-04
PCG: 1 : 1.198694e-04 / 8.943716e-01
PCG: 2 : 1.135746e-04 / 8.474041e-01
PCG: 3 : 1.615007e-04 / 1.204991e+00
PCG: 0 : 1.615007e-04
PCG: 1 : 1.034948e-04 / 6.408316e-01
PCG: 2 : 1.029589e-04 / 6.375139e-01
PCG: 3 : 1.062124e-04 / 6.576590e-01
PCG: 0 : 1.062124e-04
PCG: 1 : 9.563584e-05 / 9.004210e-01
PCG: 2 : 9.053347e-05 / 8.523816e-01
PCG: 3 : 1.280096e-04 / 1.205223e+00
PCG: 0 : 1.280096e-04
PCG: 1 : 8.257860e-05 / 6.450970e-01
PCG: 2 : 8.201595e-05 / 6.407015e-01
PCG: 3 : 8.421190e-05 / 6.578561e-01
PCG: 0 : 8.421190e-05
PCG: 1 : 7.628438e-05 / 9.058623e-01
PCG: 2 : 7.215314e-05 / 8.568046e-01
PCG: 3 : 1.015201e-04 / 1.205532e+00
PCG: 0 : 1.015202e-04
PCG: 1 : 6.587710e-05 / 6.489065e-01
PCG: 2 : 6.532740e-05 / 6.434919e-01
PCG: 3 : 6.680151e-05 / 6.580123e-01
PCG: 0 : 6.680148e-05
PCG: 1 : 6.083673e-05 / 9.107092e-01
PCG: 2 : 5.749423e-05 / 8.606729e-01
PCG: 3 : 8.054992e-05 / 1.205810e+00
PCG: 0 : 8.054991e-05
PCG: 1 : 5.253790e-05 / 6.522403e-01
PCG: 2 : 5.202998e-05 / 6.459346e-01
PCG: 3 : 5.301675e-05 / 6.581851e-01
PCG: 0 : 5.301674e-05
PCG: 1 : 4.850799e-05 / 9.149561e-01
PCG: 2 : 4.580661e-05 / 8.640028e-01
PCG: 3 : 6.394036e-05 / 1.206041e+00
PCG: 0 : 6.394036e-05
PCG: 1 : 4.189012e-05 / 6.551436e-01
PCG: 2 : 4.143354e-05 / 6.480029e-01
PCG: 3 : 4.209504e-05 / 6.583485e-01
PCG: 0 : 4.209504e-05
PCG: 1 : 3.866938e-05 / 9.186208e-01
PCG: 2 : 3.649048e-05 / 8.668593e-01
PCG: 3 : 5.077872e-05 / 1.206288e+00
PCG: 0 : 5.077870e-05
PCG: 1 : 3.339432e-05 / 6.576442e-01
PCG: 2 : 3.299354e-05 / 6.497514e-01
PCG: 3 : 3.343863e-05 / 6.585168e-01
PCG: 0 : 3.343863e-05
PCG: 1 : 3.082025e-05 / 9.216959e-01
PCG: 2 : 2.906521e-05 / 8.692105e-01
PCG: 3 : 4.034136e-05 / 1.206430e+00
PCG: 0 : 4.034137e-05
PCG: 1 : 2.661545e-05 / 6.597558e-01
PCG: 2 : 2.627063e-05 / 6.512082e-01
PCG: 3 : 2.657256e-05 / 6.586927e-01
PCG: 0 : 2.657256e-05
PCG: 1 : 2.456091e-05 / 9.242958e-01
PCG: 2 : 2.314843e-05 / 8.711404e-01
PCG: 3 : 3.206278e-05 / 1.206612e+00
PCG: 0 : 3.206278e-05
PCG: 1 : 2.120973e-05 / 6.615061e-01
PCG: 2 : 2.091676e-05 / 6.523690e-01
PCG: 3 : 2.112400e-05 / 6.588326e-01
PCG: 0 : 2.112401e-05
PCG: 1 : 1.956931e-05 / 9.264015e-01
PCG: 2 : 1.843425e-05 / 8.726684e-01
PCG: 3 : 2.549176e-05 / 1.206767e+00
PCG: 0 : 2.549176e-05
PCG: 1 : 1.689818e-05 / 6.628882e-01
PCG: 2 : 1.665277e-05 / 6.532609e-01
PCG: 3 : 1.679873e-05 / 6.589867e-01
PCG: 0 : 1.679873e-05
PCG: 1 : 1.558973e-05 / 9.280307e-01
PCG: 2 : 1.467879e-05 / 8.738035e-01
PCG: 3 : 2.027406e-05 / 1.206880e+00
PCG: 0 : 2.027406e-05
PCG: 1 : 1.346074e-05 / 6.639392e-01
PCG: 2 : 1.325703e-05 / 6.538914e-01
PCG: 3 : 1.336266e-05 / 6.591012e-01
PCG: 0 : 1.336265e-05
PCG: 1 : 1.241828e-05 / 9.293274e-01
PCG: 2 : 1.168780e-05 / 8.746617e-01
PCG: 3 : 1.613015e-05 / 1.207107e+00
PCG: 0 : 1.613016e-05
PCG: 1 : 1.072176e-05 / 6.647025e-01
PCG: 2 : 1.055402e-05 / 6.543036e-01
PCG: 3 : 1.063263e-05 / 6.591772e-01
PCG: 0 : 1.063263e-05
PCG: 1 : 9.890746e-06 / 9.302258e-01
PCG: 2 : 9.305670e-06 / 8.751993e-01
PCG: 3 : 1.283656e-05 / 1.207280e+00
PCG: 0 : 1.283656e-05
PCG: 1 : 8.538860e-06 / 6.651984e-01
PCG: 2 : 8.401592e-06 / 6.545048e-01
PCG: 3 : 8.462415e-06 / 6.592431e-01
PCG: 0 : 8.462414e-06
PCG: 1 : 7.876587e-06 / 9.307730e-01
PCG: 2 : 7.408412e-06 / 8.754490e-01
PCG: 3 : 1.021805e-05 / 1.207463e+00
PCG: 0 : 1.021805e-05
PCG: 1 : 6.799533e-06 / 6.654432e-01
PCG: 2 : 6.688033e-06 / 6.545311e-01
PCG: 3 : 6.737107e-06 / 6.593338e-01
PCG: 0 : 6.737107e-06
PCG: 1 : 6.272244e-06 / 9.309996e-01
PCG: 2 : 5.897702e-06 / 8.754057e-01
PCG: 3 : 8.135618e-06 / 1.207583e+00
PCG: 0 : 8.135619e-06
PCG: 1 : 5.414009e-06 / 6.654698e-01
PCG: 2 : 5.323874e-06 / 6.543907e-01
PCG: 3 : 5.364696e-06 / 6.594085e-01
PCG: 0 : 5.364697e-06
PCG: 1 : 4.994216e-06 / 9.309409e-01
PCG: 2 : 4.694920e-06 / 8.751511e-01
PCG: 3 : 6.479030e-06 / 1.207716e+00
PCG: 0 : 6.479028e-06
PCG: 1 : 4.310566e-06 / 6.653106e-01
PCG: 2 : 4.237890e-06 / 6.540935e-01
PCG: 3 : 4.272768e-06 / 6.594767e-01
PCG: 0 : 4.272768e-06
PCG: 1 : 3.976413e-06 / 9.306411e-01
PCG: 2 : 3.737395e-06 / 8.747012e-01
PCG: 3 : 5.160845e-06 / 1.207846e+00
PCG: 0 : 5.160844e-06
PCG: 1 : 3.431773e-06 / 6.649635e-01
PCG: 2 : 3.373411e-06 / 6.536548e-01
PCG: 3 : 3.403618e-06 / 6.595081e-01
PCG: 0 : 3.403619e-06
PCG: 1 : 3.165803e-06 / 9.301287e-01
PCG: 2 : 2.975015e-06 / 8.740742e-01
PCG: 3 : 4.111595e-06 / 1.208007e+00

PCG ( VCycle ( S: Scale / C: Scale )  )

Complete solver TOE: 0.21021
3.18353 GFlop/s [3.18353 GFlops/s]

Total time: 0.21021s
Accumulated op time: 0.199295

Reductions: 10.1037%
Blas-1: 3.73103%
Blas-2: 80.9728%
Precon Kernels: 0%
MPI Execution: 0%
MPI Wait: 0%
Not covered: 5.19243%

Domain size: 3.00121 MByte
LA size: 7.32276 MByte
MPI size: 0.167549 MByte

H0-Error: 3.105318e-05
H1-Error: 1.613733e-02

Writing DATA to output.data...
Run-Time: 0:00.245 [0:00.245]
0x31d198e880 Error: MemoryPool<CPU> still contains memory chunks on deconstructor call
