NUM-PROCS: 1
Preparing domain...
LVL-MIN: 4 [4]
LVL-MAX: 9 [9]
Creating gates...
Assembling system matrices...
Assembling system filters...
Assembling transfer matrices...
Converting assembled linear system from SparseMatrixCSR, Mem:main to SparseMatrixELL, Mem:cudaand to SparseMatrixELL, Mem:cuda...
PCG: 0 : 1.894534e-02
PCG: 1 : 3.774795e-02 / 1.992466e+00
PCG: 0 : 3.784681e-02
PCG: 1 : 4.071109e-02 / 1.075681e+00
PCG: 0 : 4.071105e-02
PCG: 1 : 6.836185e-02 / 1.679196e+00
PCG: 0 : 6.836185e-02
PCG: 1 : 9.943315e-02 / 1.454512e+00
PCG: 0 : 9.943315e-02
PCG: 1 : 1.176730e-01 / 1.183438e+00
PCG: 0 : 1.176730e-01
PCG: 1 : 1.189648e-01 / 1.010978e+00
PCG: 0 : 1.189648e-01
PCG: 1 : 1.191120e-01 / 1.001237e+00
PCG: 0 : 1.191120e-01
PCG: 1 : 1.126429e-01 / 9.456891e-01
PCG: 0 : 1.126429e-01
PCG: 1 : 1.096127e-01 / 9.730993e-01
PCG: 0 : 1.096127e-01
PCG: 1 : 1.022983e-01 / 9.332699e-01
PCG: 0 : 1.022983e-01
PCG: 1 : 9.897725e-02 / 9.675360e-01
PCG: 0 : 9.897723e-02
PCG: 1 : 9.212559e-02 / 9.307756e-01
PCG: 0 : 9.212559e-02
PCG: 1 : 8.904649e-02 / 9.665772e-01
PCG: 0 : 8.904649e-02
PCG: 1 : 8.285256e-02 / 9.304416e-01
PCG: 0 : 8.285256e-02
PCG: 1 : 8.008737e-02 / 9.666252e-01
PCG: 0 : 8.008737e-02
PCG: 1 : 7.453055e-02 / 9.306155e-01
PCG: 0 : 7.453054e-02
PCG: 1 : 7.206319e-02 / 9.668948e-01
PCG: 0 : 7.206319e-02
PCG: 1 : 6.708358e-02 / 9.308994e-01
PCG: 0 : 6.708358e-02
PCG: 1 : 6.488268e-02 / 9.671916e-01
PCG: 0 : 6.488267e-02
PCG: 1 : 6.041757e-02 / 9.311818e-01
PCG: 0 : 6.041756e-02
PCG: 1 : 5.845177e-02 / 9.674632e-01
PCG: 0 : 5.845176e-02
PCG: 1 : 5.444367e-02 / 9.314291e-01
PCG: 0 : 5.444367e-02
PCG: 1 : 5.268470e-02 / 9.676919e-01
PCG: 0 : 5.268470e-02
PCG: 1 : 4.908305e-02 / 9.316377e-01
PCG: 0 : 4.908305e-02
PCG: 1 : 4.750642e-02 / 9.678783e-01
PCG: 0 : 4.750641e-02
PCG: 1 : 4.426679e-02 / 9.318066e-01
PCG: 0 : 4.426679e-02
PCG: 1 : 4.285143e-02 / 9.680266e-01
PCG: 0 : 4.285143e-02
PCG: 1 : 3.993509e-02 / 9.319430e-01
PCG: 0 : 3.993509e-02
PCG: 1 : 3.866288e-02 / 9.681432e-01
PCG: 0 : 3.866288e-02
PCG: 1 : 3.603584e-02 / 9.320526e-01
PCG: 0 : 3.603584e-02
PCG: 1 : 3.489115e-02 / 9.682346e-01
PCG: 0 : 3.489115e-02
PCG: 1 : 3.252339e-02 / 9.321387e-01
PCG: 0 : 3.252339e-02
PCG: 1 : 3.149258e-02 / 9.683056e-01
PCG: 0 : 3.149258e-02
PCG: 1 : 2.935760e-02 / 9.322067e-01
PCG: 0 : 2.935759e-02
PCG: 1 : 2.842874e-02 / 9.683607e-01
PCG: 0 : 2.842874e-02
PCG: 1 : 2.650296e-02 / 9.322594e-01
PCG: 0 : 2.650296e-02
PCG: 1 : 2.566557e-02 / 9.684041e-01
PCG: 0 : 2.566557e-02
PCG: 1 : 2.392808e-02 / 9.323028e-01
PCG: 0 : 2.392808e-02
PCG: 1 : 2.317283e-02 / 9.684364e-01
PCG: 0 : 2.317282e-02
PCG: 1 : 2.160491e-02 / 9.323384e-01
PCG: 0 : 2.160491e-02
PCG: 1 : 2.092353e-02 / 9.684618e-01
PCG: 0 : 2.092353e-02
PCG: 1 : 1.950842e-02 / 9.323675e-01
PCG: 0 : 1.950842e-02
PCG: 1 : 1.889354e-02 / 9.684813e-01
PCG: 0 : 1.889354e-02
PCG: 1 : 1.761619e-02 / 9.323921e-01
PCG: 0 : 1.761619e-02
PCG: 1 : 1.706127e-02 / 9.684994e-01
PCG: 0 : 1.706126e-02
PCG: 1 : 1.590808e-02 / 9.324091e-01
PCG: 0 : 1.590808e-02
PCG: 1 : 1.540720e-02 / 9.685144e-01
PCG: 0 : 1.540720e-02
PCG: 1 : 1.436605e-02 / 9.324242e-01
PCG: 0 : 1.436605e-02
PCG: 1 : 1.391388e-02 / 9.685250e-01
PCG: 0 : 1.391388e-02
PCG: 1 : 1.297381e-02 / 9.324369e-01
PCG: 0 : 1.297381e-02
PCG: 1 : 1.256557e-02 / 9.685338e-01
PCG: 0 : 1.256557e-02
PCG: 1 : 1.171676e-02 / 9.324489e-01
PCG: 0 : 1.171675e-02
PCG: 1 : 1.134815e-02 / 9.685401e-01
PCG: 0 : 1.134815e-02
PCG: 1 : 1.058168e-02 / 9.324591e-01
PCG: 0 : 1.058168e-02
PCG: 1 : 1.024885e-02 / 9.685463e-01
PCG: 0 : 1.024885e-02
PCG: 1 : 9.556723e-03 / 9.324680e-01
PCG: 0 : 9.556722e-03
PCG: 1 : 9.256179e-03 / 9.685516e-01
PCG: 0 : 9.256179e-03
PCG: 1 : 8.631175e-03 / 9.324772e-01
PCG: 0 : 8.631174e-03
PCG: 1 : 8.359784e-03 / 9.685570e-01
PCG: 0 : 8.359783e-03
PCG: 1 : 7.795365e-03 / 9.324841e-01
PCG: 0 : 7.795364e-03
PCG: 1 : 7.550294e-03 / 9.685620e-01
PCG: 0 : 7.550293e-03
PCG: 1 : 7.040560e-03 / 9.324883e-01
PCG: 0 : 7.040560e-03
PCG: 1 : 6.819257e-03 / 9.685674e-01
PCG: 0 : 6.819256e-03
PCG: 1 : 6.358910e-03 / 9.324933e-01
PCG: 0 : 6.358910e-03
PCG: 1 : 6.159054e-03 / 9.685708e-01
PCG: 0 : 6.159054e-03
PCG: 1 : 5.743309e-03 / 9.324987e-01
PCG: 0 : 5.743309e-03
PCG: 1 : 5.562815e-03 / 9.685732e-01
PCG: 0 : 5.562815e-03
PCG: 1 : 5.187351e-03 / 9.325047e-01
PCG: 0 : 5.187351e-03
PCG: 1 : 5.024340e-03 / 9.685754e-01
PCG: 0 : 5.024340e-03
PCG: 1 : 4.685252e-03 / 9.325107e-01
PCG: 0 : 4.685252e-03
PCG: 1 : 4.538031e-03 / 9.685779e-01
PCG: 0 : 4.538031e-03
PCG: 1 : 4.231794e-03 / 9.325175e-01
PCG: 0 : 4.231793e-03
PCG: 1 : 4.098829e-03 / 9.685796e-01
PCG: 0 : 4.098828e-03
PCG: 1 : 3.822251e-03 / 9.325227e-01
PCG: 0 : 3.822251e-03
PCG: 1 : 3.702164e-03 / 9.685823e-01
PCG: 0 : 3.702164e-03
PCG: 1 : 3.452370e-03 / 9.325274e-01
PCG: 0 : 3.452369e-03
PCG: 1 : 3.343910e-03 / 9.685840e-01
PCG: 0 : 3.343909e-03
PCG: 1 : 3.118300e-03 / 9.325312e-01
PCG: 0 : 3.118300e-03
PCG: 1 : 3.020343e-03 / 9.685863e-01
PCG: 0 : 3.020343e-03
PCG: 1 : 2.816576e-03 / 9.325352e-01
PCG: 0 : 2.816576e-03
PCG: 1 : 2.728103e-03 / 9.685886e-01
PCG: 0 : 2.728103e-03
PCG: 1 : 2.544063e-03 / 9.325393e-01
PCG: 0 : 2.544063e-03
PCG: 1 : 2.464156e-03 / 9.685906e-01
PCG: 0 : 2.464156e-03
PCG: 1 : 2.297935e-03 / 9.325446e-01
PCG: 0 : 2.297935e-03
PCG: 1 : 2.225762e-03 / 9.685921e-01
PCG: 0 : 2.225762e-03
PCG: 1 : 2.075636e-03 / 9.325508e-01
PCG: 0 : 2.075636e-03
PCG: 1 : 2.010449e-03 / 9.685944e-01
PCG: 0 : 2.010449e-03
PCG: 1 : 1.874851e-03 / 9.325534e-01
PCG: 0 : 1.874851e-03
PCG: 1 : 1.815976e-03 / 9.685978e-01
PCG: 0 : 1.815976e-03
PCG: 1 : 1.693500e-03 / 9.325560e-01
PCG: 0 : 1.693500e-03
PCG: 1 : 1.640324e-03 / 9.686003e-01
PCG: 0 : 1.640324e-03
PCG: 1 : 1.529700e-03 / 9.325594e-01
PCG: 0 : 1.529700e-03
PCG: 1 : 1.481671e-03 / 9.686027e-01
PCG: 0 : 1.481671e-03
PCG: 1 : 1.381750e-03 / 9.325619e-01
PCG: 0 : 1.381750e-03
PCG: 1 : 1.338370e-03 / 9.686050e-01
PCG: 0 : 1.338370e-03
PCG: 1 : 1.248119e-03 / 9.325662e-01
PCG: 0 : 1.248119e-03
PCG: 1 : 1.208937e-03 / 9.686069e-01
PCG: 0 : 1.208936e-03
PCG: 1 : 1.127417e-03 / 9.325696e-01
PCG: 0 : 1.127417e-03
PCG: 1 : 1.092029e-03 / 9.686113e-01
PCG: 0 : 1.092029e-03
PCG: 1 : 1.018396e-03 / 9.325724e-01
PCG: 0 : 1.018396e-03
PCG: 1 : 9.864331e-04 / 9.686146e-01
PCG: 0 : 9.864331e-04
PCG: 1 : 9.199228e-04 / 9.325749e-01
PCG: 0 : 9.199226e-04
PCG: 1 : 8.910537e-04 / 9.686181e-01
PCG: 0 : 8.910536e-04
PCG: 1 : 8.309748e-04 / 9.325755e-01
PCG: 0 : 8.309748e-04
PCG: 1 : 8.049004e-04 / 9.686219e-01
PCG: 0 : 8.049004e-04
PCG: 1 : 7.506326e-04 / 9.325783e-01
PCG: 0 : 7.506325e-04
PCG: 1 : 7.270799e-04 / 9.686229e-01
PCG: 0 : 7.270799e-04
PCG: 1 : 6.780617e-04 / 9.325821e-01
PCG: 0 : 6.780617e-04
PCG: 1 : 6.567868e-04 / 9.686239e-01
PCG: 0 : 6.567867e-04
PCG: 1 : 6.125107e-04 / 9.325868e-01
PCG: 0 : 6.125107e-04
PCG: 1 : 5.932928e-04 / 9.686244e-01
PCG: 0 : 5.932928e-04
PCG: 1 : 5.533004e-04 / 9.325925e-01
PCG: 0 : 5.533004e-04
PCG: 1 : 5.359408e-04 / 9.686254e-01
PCG: 0 : 5.359408e-04
PCG: 1 : 4.998167e-04 / 9.325968e-01
PCG: 0 : 4.998167e-04
PCG: 1 : 4.841359e-04 / 9.686270e-01
PCG: 0 : 4.841359e-04
PCG: 1 : 4.515052e-04 / 9.326003e-01
PCG: 0 : 4.515052e-04
PCG: 1 : 4.373416e-04 / 9.686302e-01
PCG: 0 : 4.373415e-04
PCG: 1 : 4.078650e-04 / 9.326005e-01
PCG: 0 : 4.078650e-04
PCG: 1 : 3.950717e-04 / 9.686335e-01
PCG: 0 : 3.950716e-04
PCG: 1 : 3.684447e-04 / 9.326022e-01
PCG: 0 : 3.684447e-04
PCG: 1 : 3.568886e-04 / 9.686355e-01
PCG: 0 : 3.568886e-04
PCG: 1 : 3.328361e-04 / 9.326051e-01
PCG: 0 : 3.328361e-04
PCG: 1 : 3.223977e-04 / 9.686377e-01
PCG: 0 : 3.223977e-04
PCG: 1 : 3.006708e-04 / 9.326084e-01
PCG: 0 : 3.006707e-04
PCG: 1 : 2.912414e-04 / 9.686388e-01
PCG: 0 : 2.912414e-04
PCG: 1 : 2.716153e-04 / 9.326122e-01
PCG: 0 : 2.716153e-04
PCG: 1 : 2.630979e-04 / 9.686419e-01
PCG: 0 : 2.630979e-04
PCG: 1 : 2.453692e-04 / 9.326153e-01
PCG: 0 : 2.453692e-04
PCG: 1 : 2.376754e-04 / 9.686440e-01
PCG: 0 : 2.376753e-04
PCG: 1 : 2.216599e-04 / 9.326165e-01
PCG: 0 : 2.216599e-04
PCG: 1 : 2.147104e-04 / 9.686478e-01
PCG: 0 : 2.147104e-04
PCG: 1 : 2.002425e-04 / 9.326168e-01
PCG: 0 : 2.002425e-04
PCG: 1 : 1.939650e-04 / 9.686505e-01
PCG: 0 : 1.939650e-04
PCG: 1 : 1.808955e-04 / 9.326194e-01
PCG: 0 : 1.808955e-04
PCG: 1 : 1.752247e-04 / 9.686517e-01
PCG: 0 : 1.752247e-04
PCG: 1 : 1.634185e-04 / 9.326223e-01
PCG: 0 : 1.634185e-04
PCG: 1 : 1.582958e-04 / 9.686531e-01
PCG: 0 : 1.582958e-04
PCG: 1 : 1.476307e-04 / 9.326257e-01
PCG: 0 : 1.476307e-04
PCG: 1 : 1.430030e-04 / 9.686536e-01
PCG: 0 : 1.430030e-04
PCG: 1 : 1.333690e-04 / 9.326308e-01
PCG: 0 : 1.333690e-04
PCG: 1 : 1.291886e-04 / 9.686548e-01
PCG: 0 : 1.291886e-04
PCG: 1 : 1.204855e-04 / 9.326329e-01
PCG: 0 : 1.204855e-04
PCG: 1 : 1.167094e-04 / 9.686589e-01
PCG: 0 : 1.167093e-04
PCG: 1 : 1.088469e-04 / 9.326321e-01
PCG: 0 : 1.088469e-04
PCG: 1 : 1.054359e-04 / 9.686631e-01
PCG: 0 : 1.054359e-04
PCG: 1 : 9.833295e-05 / 9.326322e-01
PCG: 0 : 9.833295e-05
PCG: 1 : 9.525179e-05 / 9.686661e-01
PCG: 0 : 9.525179e-05
PCG: 1 : 8.883503e-05 / 9.326336e-01
PCG: 0 : 8.883503e-05
PCG: 1 : 8.605149e-05 / 9.686663e-01
PCG: 0 : 8.605148e-05
PCG: 1 : 8.025489e-05 / 9.326380e-01
PCG: 0 : 8.025489e-05
PCG: 1 : 7.774022e-05 / 9.686664e-01
PCG: 0 : 7.774022e-05
PCG: 1 : 7.250373e-05 / 9.326412e-01
PCG: 0 : 7.250372e-05
PCG: 1 : 7.023202e-05 / 9.686678e-01
PCG: 0 : 7.023202e-05
PCG: 1 : 6.550158e-05 / 9.326455e-01
PCG: 0 : 6.550158e-05
PCG: 1 : 6.344935e-05 / 9.686691e-01
PCG: 0 : 6.344935e-05
PCG: 1 : 5.917589e-05 / 9.326478e-01
PCG: 0 : 5.917589e-05
PCG: 1 : 5.732200e-05 / 9.686716e-01
PCG: 0 : 5.732200e-05
PCG: 1 : 5.346123e-05 / 9.326478e-01
PCG: 0 : 5.346123e-05
PCG: 1 : 5.178649e-05 / 9.686738e-01
PCG: 0 : 5.178649e-05
PCG: 1 : 4.829864e-05 / 9.326494e-01
PCG: 0 : 4.829864e-05
PCG: 1 : 4.678570e-05 / 9.686753e-01
PCG: 0 : 4.678570e-05
PCG: 1 : 4.363475e-05 / 9.326514e-01
PCG: 0 : 4.363474e-05
PCG: 1 : 4.226793e-05 / 9.686760e-01
PCG: 0 : 4.226793e-05
PCG: 1 : 3.942139e-05 / 9.326549e-01
PCG: 0 : 3.942139e-05
PCG: 1 : 3.818654e-05 / 9.686756e-01
PCG: 0 : 3.818654e-05
PCG: 1 : 3.561499e-05 / 9.326581e-01
PCG: 0 : 3.561498e-05
PCG: 1 : 3.449945e-05 / 9.686780e-01
PCG: 0 : 3.449945e-05
PCG: 1 : 3.217629e-05 / 9.326609e-01
PCG: 0 : 3.217629e-05
PCG: 1 : 3.116848e-05 / 9.686786e-01
PCG: 0 : 3.116847e-05
PCG: 1 : 2.906970e-05 / 9.326635e-01
PCG: 0 : 2.906970e-05
PCG: 1 : 2.815927e-05 / 9.686810e-01
PCG: 0 : 2.815926e-05
PCG: 1 : 2.626310e-05 / 9.326630e-01
PCG: 0 : 2.626310e-05
PCG: 1 : 2.544063e-05 / 9.686837e-01
PCG: 0 : 2.544063e-05
PCG: 1 : 2.372755e-05 / 9.326636e-01
PCG: 0 : 2.372755e-05
PCG: 1 : 2.298454e-05 / 9.686860e-01
PCG: 0 : 2.298454e-05
PCG: 1 : 2.143688e-05 / 9.326649e-01
PCG: 0 : 2.143688e-05
PCG: 1 : 2.076560e-05 / 9.686858e-01
PCG: 0 : 2.076560e-05
PCG: 1 : 1.936742e-05 / 9.326687e-01
PCG: 0 : 1.936742e-05
PCG: 1 : 1.876095e-05 / 9.686859e-01
PCG: 0 : 1.876095e-05
PCG: 1 : 1.749780e-05 / 9.326712e-01
PCG: 0 : 1.749780e-05
PCG: 1 : 1.694990e-05 / 9.686877e-01
PCG: 0 : 1.694990e-05
PCG: 1 : 1.580873e-05 / 9.326737e-01
PCG: 0 : 1.580873e-05
PCG: 1 : 1.531374e-05 / 9.686890e-01
PCG: 0 : 1.531374e-05
PCG: 1 : 1.428274e-05 / 9.326749e-01
PCG: 0 : 1.428274e-05
PCG: 1 : 1.383558e-05 / 9.686920e-01
PCG: 0 : 1.383558e-05
PCG: 1 : 1.290409e-05 / 9.326745e-01
PCG: 0 : 1.290409e-05
PCG: 1 : 1.250011e-05 / 9.686936e-01
PCG: 0 : 1.250011e-05
PCG: 1 : 1.165855e-05 / 9.326761e-01
PCG: 0 : 1.165855e-05
PCG: 1 : 1.129357e-05 / 9.686944e-01
PCG: 0 : 1.129357e-05
PCG: 1 : 1.053326e-05 / 9.326773e-01
PCG: 0 : 1.053326e-05
PCG: 1 : 1.020351e-05 / 9.686952e-01
PCG: 0 : 1.020351e-05
PCG: 1 : 9.516613e-06 / 9.326800e-01
PCG: 0 : 9.516613e-06
PCG: 1 : 9.218697e-06 / 9.686952e-01
PCG: 0 : 9.218697e-06
PCG: 1 : 8.598130e-06 / 9.326838e-01
PCG: 0 : 8.598130e-06
PCG: 1 : 8.328971e-06 / 9.686957e-01
PCG: 0 : 8.328971e-06
PCG: 1 : 7.768313e-06 / 9.326858e-01
PCG: 0 : 7.768312e-06
PCG: 1 : 7.525147e-06 / 9.686978e-01
PCG: 0 : 7.525146e-06
PCG: 1 : 7.018597e-06 / 9.326859e-01
PCG: 0 : 7.018597e-06
PCG: 1 : 6.798918e-06 / 9.687004e-01
PCG: 0 : 6.798917e-06
PCG: 1 : 6.341253e-06 / 9.326857e-01
PCG: 0 : 6.341253e-06
PCG: 1 : 6.142784e-06 / 9.687019e-01
PCG: 0 : 6.142783e-06
PCG: 1 : 5.729293e-06 / 9.326869e-01
PCG: 0 : 5.729293e-06
PCG: 1 : 5.549975e-06 / 9.687016e-01
PCG: 0 : 5.549975e-06
PCG: 1 : 5.176406e-06 / 9.326900e-01
PCG: 0 : 5.176406e-06
PCG: 1 : 5.014389e-06 / 9.687009e-01
PCG: 0 : 5.014389e-06
PCG: 1 : 4.676884e-06 / 9.326926e-01
PCG: 0 : 4.676883e-06
PCG: 1 : 4.530503e-06 / 9.687013e-01
PCG: 0 : 4.530503e-06
PCG: 1 : 4.225580e-06 / 9.326955e-01
PCG: 0 : 4.225579e-06
PCG: 1 : 4.093331e-06 / 9.687029e-01
PCG: 0 : 4.093331e-06
PCG: 1 : 3.817835e-06 / 9.326963e-01
PCG: 0 : 3.817835e-06
PCG: 1 : 3.698354e-06 / 9.687046e-01
PCG: 0 : 3.698354e-06
PCG: 1 : 3.449444e-06 / 9.326973e-01
PCG: 0 : 3.449444e-06
PCG: 1 : 3.341496e-06 / 9.687057e-01
PCG: 0 : 3.341496e-06
PCG: 1 : 3.116605e-06 / 9.326975e-01
PCG: 0 : 3.116605e-06
PCG: 1 : 3.019077e-06 / 9.687069e-01
PCG: 0 : 3.019077e-06
PCG: 1 : 2.815888e-06 / 9.326984e-01
PCG: 0 : 2.815888e-06
PCG: 1 : 2.727772e-06 / 9.687075e-01
PCG: 0 : 2.727772e-06
PCG: 1 : 2.544193e-06 / 9.327003e-01
PCG: 0 : 2.544193e-06
PCG: 1 : 2.464578e-06 / 9.687070e-01
PCG: 0 : 2.464578e-06
PCG: 1 : 2.298719e-06 / 9.327030e-01
PCG: 0 : 2.298719e-06
PCG: 1 : 2.226787e-06 / 9.687076e-01
PCG: 0 : 2.226787e-06
PCG: 1 : 2.076935e-06 / 9.327050e-01
PCG: 0 : 2.076935e-06
PCG: 1 : 2.011947e-06 / 9.687098e-01
PCG: 0 : 2.011947e-06
PCG: 1 : 1.876554e-06 / 9.327053e-01
PCG: 0 : 1.876553e-06
PCG: 1 : 1.817839e-06 / 9.687116e-01
PCG: 0 : 1.817839e-06
PCG: 1 : 1.695508e-06 / 9.327052e-01
PCG: 0 : 1.695508e-06
PCG: 1 : 1.642461e-06 / 9.687135e-01
PCG: 0 : 1.642461e-06
PCG: 1 : 1.531932e-06 / 9.327049e-01
PCG: 0 : 1.531932e-06
PCG: 1 : 1.484005e-06 / 9.687152e-01
PCG: 0 : 1.484005e-06
PCG: 1 : 1.384139e-06 / 9.327052e-01
PCG: 0 : 1.384139e-06
PCG: 1 : 1.340837e-06 / 9.687154e-01
PCG: 0 : 1.340837e-06
PCG: 1 : 1.250607e-06 / 9.327065e-01

PCG ( VCycle ( S: Scale / C: Scale )  )

Complete solver TOE: 0.588598
19.626 GFlop/s [19.626 GFlops/s]

Total time: 0.588598s
Accumulated op time: 0.381417

Reductions: 60.5811%
Blas-1: 1.98251%
Blas-2: 2.23735%
Precon Kernels: 0%
MPI Execution: 0%
MPI Wait: 0%
Not covered: 35.1991%

Domain size: 48.2041 MByte
LA size: 120.996 MByte
MPI size: 2.68153 MByte

H0-Error: 2.854466e-06
H1-Error: 4.034418e-03

Writing DATA to output.data...
Run-Time: 0:01.298 [0:01.298]
0x31d198e880 Error: MemoryPool<CUDA> still contains memory chunks on deconstructor call
