NUM-PROCS: 1
Preparing domain...
LVL-MIN: 2 [2]
LVL-MAX: 10 [10]
Creating gates...
Assembling system matrices...
Assembling system filters...
Assembling transfer matrices...
Converting assembled linear system from SparseMatrixCSR, Mem:main to SparseMatrixELL, Mem:cudaand to SparseMatrixELL, Mem:cuda...
PCG:  0 : 9.473710e-03
PCG:  1 : 5.067391e-03 / 5.348898e-01
PCG:  2 : 3.096539e-03 / 3.268560e-01
PCG:  3 : 1.162282e-03 / 1.226850e-01
PCG:  4 : 3.277708e-04 / 3.459793e-02
PCG:  5 : 5.131067e-05 / 5.416112e-03
PCG:  6 : 4.441092e-06 / 4.687806e-04
PCG:  7 : 7.154808e-07 / 7.552277e-05
PCG:  8 : 5.584617e-07 / 5.894857e-05
PCG:  9 : 1.062735e-07 / 1.121773e-05
PCG: 10 : 9.028716e-09 / 9.530286e-07
PCG: 11 : 1.246145e-09 / 1.315371e-07
PCG: 12 : 1.630613e-10 / 1.721198e-08
PCG:  0 : 2.129429e-04
PCG:  1 : 1.690213e-04 / 7.937401e-01
PCG:  2 : 4.159482e-05 / 1.953332e-01
PCG:  3 : 5.842154e-06 / 2.743531e-02
PCG:  4 : 6.156913e-07 / 2.891345e-03
