NUM-PROCS: 1
Preparing domain...
LVL-MIN: 6 [6]
LVL-MAX: 11 [11]
Creating gates...
Assembling system matrices...
Assembling system filters...
Assembling transfer matrices...
Converting assembled linear system from SparseMatrixCSR, Mem:main to SparseMatrixCSR, Mem:mainand to SparseMatrixCSR, Mem:main...
PCG:  0 : 4.717541e-03
PCG:  1 : 4.205080e-02 / 8.913712e+00
PCG:  2 : 4.710787e-02 / 9.985682e+00
PCG:  3 : 1.160510e-01 / 2.459989e+01
PCG:  4 : 1.784998e-01 / 3.783746e+01
PCG:  5 : 1.558436e-01 / 3.303492e+01
PCG:  6 : 1.603725e-01 / 3.399493e+01
PCG:  7 : 1.179059e-01 / 2.499309e+01
PCG:  8 : 1.145218e-01 / 2.427574e+01
PCG:  9 : 1.609731e-01 / 3.412223e+01
PCG: 10 : 1.548388e-01 / 3.282193e+01
PCG: 11 : 1.180857e-01 / 2.503120e+01
PCG:  0 : 1.180917e-01
PCG:  1 : 1.013832e-01 / 8.585125e-01
PCG:  2 : 8.416012e-02 / 7.126674e-01
PCG:  3 : 7.584142e-02 / 6.422247e-01
PCG:  4 : 6.820326e-02 / 5.775448e-01
PCG:  5 : 6.976193e-02 / 5.907437e-01
PCG:  6 : 6.382092e-02 / 5.404352e-01
PCG:  7 : 5.818831e-02 / 4.927383e-01
PCG:  8 : 3.721396e-02 / 3.151276e-01
PCG:  9 : 2.441233e-02 / 2.067234e-01
PCG: 10 : 3.591844e-02 / 3.041572e-01
PCG: 11 : 4.778995e-02 / 4.046851e-01
PCG:  0 : 4.778998e-02
PCG:  1 : 2.524660e-02 / 5.282822e-01
PCG:  2 : 1.685416e-02 / 3.526713e-01
PCG:  3 : 1.313036e-02 / 2.747514e-01
PCG:  4 : 1.481846e-02 / 3.100745e-01
PCG:  5 : 2.144805e-02 / 4.487980e-01
PCG:  6 : 2.417672e-02 / 5.058951e-01
PCG:  7 : 2.307051e-02 / 4.827479e-01
PCG:  8 : 2.245685e-02 / 4.699070e-01
PCG:  9 : 1.747571e-02 / 3.656773e-01
PCG: 10 : 2.243510e-02 / 4.694519e-01
PCG: 11 : 3.254119e-02 / 6.809207e-01
PCG:  0 : 3.254117e-02
PCG:  1 : 1.843055e-02 / 5.663764e-01
PCG:  2 : 1.320770e-02 / 4.058766e-01
PCG:  3 : 1.674703e-02 / 5.146412e-01
PCG:  4 : 1.655263e-02 / 5.086674e-01
PCG:  5 : 1.643815e-02 / 5.051494e-01
PCG:  6 : 1.338127e-02 / 4.112104e-01
PCG:  7 : 1.001263e-02 / 3.076911e-01
PCG:  8 : 7.926016e-03 / 2.435689e-01
PCG:  9 : 9.361912e-03 / 2.876944e-01
PCG: 10 : 1.197022e-02 / 3.678484e-01
PCG: 11 : 1.816283e-02 / 5.581492e-01
PCG:  0 : 1.816283e-02
PCG:  1 : 9.972412e-03 / 5.490561e-01
PCG:  2 : 7.328941e-03 / 4.035132e-01
PCG:  3 : 6.600526e-03 / 3.634085e-01
PCG:  4 : 8.673337e-03 / 4.775323e-01
PCG:  5 : 1.099112e-02 / 6.051434e-01
PCG:  6 : 1.103573e-02 / 6.075997e-01
PCG:  7 : 9.892538e-03 / 5.446584e-01
PCG:  8 : 9.463961e-03 / 5.210620e-01
PCG:  9 : 7.172246e-03 / 3.948859e-01
PCG: 10 : 9.578518e-03 / 5.273693e-01
PCG: 11 : 1.381049e-02 / 7.603710e-01
PCG:  0 : 1.381049e-02
PCG:  1 : 8.289087e-03 / 6.002023e-01
PCG:  2 : 6.010766e-03 / 4.352320e-01
PCG:  3 : 7.651971e-03 / 5.540696e-01
PCG:  4 : 7.337229e-03 / 5.312795e-01
PCG:  5 : 7.542547e-03 / 5.461463e-01
PCG:  6 : 6.553939e-03 / 4.745624e-01
PCG:  7 : 5.051654e-03 / 3.657839e-01
PCG:  8 : 3.732906e-03 / 2.702950e-01
PCG:  9 : 4.072043e-03 / 2.948515e-01
PCG: 10 : 5.376626e-03 / 3.893147e-01
PCG: 11 : 8.226083e-03 / 5.956403e-01
PCG:  0 : 8.226082e-03
PCG:  1 : 4.832690e-03 / 5.874838e-01
PCG:  2 : 3.559046e-03 / 4.326538e-01
PCG:  3 : 3.172217e-03 / 3.856292e-01
PCG:  4 : 4.205175e-03 / 5.112002e-01
PCG:  5 : 5.198616e-03 / 6.319674e-01
PCG:  6 : 5.120852e-03 / 6.225142e-01
PCG:  7 : 4.503376e-03 / 5.474509e-01
PCG:  8 : 4.295497e-03 / 5.221802e-01
PCG:  9 : 3.326821e-03 / 4.044235e-01
PCG: 10 : 4.643652e-03 / 5.645036e-01
PCG: 11 : 6.340899e-03 / 7.708285e-01
PCG:  0 : 6.340900e-03
PCG:  1 : 4.022421e-03 / 6.343611e-01
PCG:  2 : 2.855413e-03 / 4.503167e-01
PCG:  3 : 3.493465e-03 / 5.509415e-01
PCG:  4 : 3.406255e-03 / 5.371879e-01
PCG:  5 : 3.533742e-03 / 5.572934e-01
PCG:  6 : 3.119546e-03 / 4.919721e-01
PCG:  7 : 2.464083e-03 / 3.886015e-01
PCG:  8 : 1.781206e-03 / 2.809075e-01
PCG:  9 : 1.935340e-03 / 3.052153e-01
PCG: 10 : 2.590620e-03 / 4.085571e-01
PCG: 11 : 3.735771e-03 / 5.891547e-01
PCG:  0 : 3.735771e-03
PCG:  1 : 2.336691e-03 / 6.254908e-01
PCG:  2 : 1.734981e-03 / 4.644238e-01
PCG:  3 : 1.501090e-03 / 4.018152e-01
PCG:  4 : 2.019776e-03 / 5.406585e-01
PCG:  5 : 2.456740e-03 / 6.576258e-01
PCG:  6 : 2.429712e-03 / 6.503910e-01
PCG:  7 : 2.120592e-03 / 5.676450e-01
PCG:  8 : 1.962593e-03 / 5.253515e-01
PCG:  9 : 1.574009e-03 / 4.213345e-01
PCG: 10 : 2.255285e-03 / 6.037001e-01
PCG: 11 : 2.916568e-03 / 7.807138e-01
PCG:  0 : 2.916565e-03
PCG:  1 : 1.959563e-03 / 6.718734e-01
PCG:  2 : 1.368454e-03 / 4.692006e-01
PCG:  3 : 1.595232e-03 / 5.469558e-01
PCG:  4 : 1.594689e-03 / 5.467696e-01
PCG:  5 : 1.663761e-03 / 5.704522e-01
PCG:  6 : 1.501672e-03 / 5.148769e-01
PCG:  7 : 1.192825e-03 / 4.089828e-01
PCG:  8 : 8.339461e-04 / 2.859343e-01
PCG:  9 : 9.390630e-04 / 3.219757e-01
PCG: 10 : 1.254237e-03 / 4.300392e-01
PCG: 11 : 1.692263e-03 / 5.802246e-01
PCG:  0 : 1.692263e-03
PCG:  1 : 1.131269e-03 / 6.684949e-01
PCG:  2 : 8.498173e-04 / 5.021781e-01
PCG:  3 : 7.099601e-04 / 4.195330e-01
PCG:  4 : 9.681362e-04 / 5.720957e-01
PCG:  5 : 1.162167e-03 / 6.867533e-01
PCG:  6 : 1.168725e-03 / 6.906285e-01
PCG:  7 : 1.002406e-03 / 5.923467e-01
PCG:  8 : 8.944037e-04 / 5.285253e-01
PCG:  9 : 7.562382e-04 / 4.468799e-01
PCG: 10 : 1.089567e-03 / 6.438518e-01
PCG: 11 : 1.342050e-03 / 7.930505e-01
PCG:  0 : 1.342049e-03
PCG:  1 : 9.541694e-04 / 7.109797e-01
PCG:  2 : 6.621499e-04 / 4.933873e-01
PCG:  3 : 7.355976e-04 / 5.481154e-01
PCG:  4 : 7.463208e-04 / 5.561056e-01
PCG:  5 : 7.858571e-04 / 5.855653e-01
PCG:  6 : 7.315927e-04 / 5.451313e-01
PCG:  7 : 5.743587e-04 / 4.279716e-01
PCG:  8 : 3.894141e-04 / 2.901639e-01
PCG:  9 : 4.623107e-04 / 3.444813e-01
PCG: 10 : 6.047682e-04 / 4.506305e-01
PCG: 11 : 7.727842e-04 / 5.758243e-01
PCG:  0 : 7.727848e-04
PCG:  1 : 5.464734e-04 / 7.071483e-01
PCG:  2 : 4.176952e-04 / 5.405065e-01
PCG:  3 : 3.369215e-04 / 4.359836e-01
PCG:  4 : 4.606276e-04 / 5.960620e-01
PCG:  5 : 5.535890e-04 / 7.163560e-01
PCG:  6 : 5.658313e-04 / 7.321978e-01
PCG:  7 : 4.714875e-04 / 6.101149e-01
PCG:  8 : 4.111681e-04 / 5.320603e-01
PCG:  9 : 3.673636e-04 / 4.753764e-01
PCG: 10 : 5.233660e-04 / 6.772469e-01
PCG: 11 : 6.200575e-04 / 8.023676e-01
PCG:  0 : 6.200575e-04
PCG:  1 : 4.620461e-04 / 7.451665e-01
PCG:  2 : 3.220528e-04 / 5.193918e-01
PCG:  3 : 3.431102e-04 / 5.533522e-01
PCG:  4 : 3.481304e-04 / 5.614486e-01
PCG:  5 : 3.747875e-04 / 6.044400e-01
PCG:  6 : 3.580142e-04 / 5.773886e-01
PCG:  7 : 2.735250e-04 / 4.411284e-01
PCG:  8 : 1.832316e-04 / 2.955074e-01
PCG:  9 : 2.284291e-04 / 3.683999e-01
PCG: 10 : 2.895217e-04 / 4.669271e-01
PCG: 11 : 3.566257e-04 / 5.751494e-01
PCG:  0 : 3.566258e-04
PCG:  1 : 2.633093e-04 / 7.383350e-01
PCG:  2 : 2.055454e-04 / 5.763617e-01
PCG:  3 : 1.602402e-04 / 4.493231e-01
PCG:  4 : 2.180988e-04 / 6.115620e-01
PCG:  5 : 2.671223e-04 / 7.490268e-01
PCG:  6 : 2.745010e-04 / 7.697170e-01
PCG:  7 : 2.208752e-04 / 6.193472e-01
PCG:  8 : 1.920505e-04 / 5.385212e-01
PCG:  9 : 1.793686e-04 / 5.029601e-01
PCG: 10 : 2.502487e-04 / 7.017123e-01
PCG: 11 : 2.883741e-04 / 8.086181e-01
PCG:  0 : 2.883740e-04
PCG:  1 : 2.227766e-04 / 7.725268e-01
PCG:  2 : 1.570901e-04 / 5.447443e-01
PCG:  3 : 1.612642e-04 / 5.592190e-01
PCG:  4 : 1.627656e-04 / 5.644255e-01
PCG:  5 : 1.807240e-04 / 6.267001e-01
PCG:  6 : 1.744230e-04 / 6.048500e-01
PCG:  7 : 1.292373e-04 / 4.481586e-01
PCG:  8 : 8.732949e-05 / 3.028342e-01
PCG:  9 : 1.126880e-04 / 3.907703e-01
PCG: 10 : 1.381115e-04 / 4.789319e-01
PCG: 11 : 1.661539e-04 / 5.761750e-01
PCG:  0 : 1.661539e-04
PCG:  1 : 1.266271e-04 / 7.621071e-01
PCG:  2 : 1.009339e-04 / 6.074725e-01
PCG:  3 : 7.621424e-05 / 4.586967e-01
PCG:  4 : 1.030254e-04 / 6.200597e-01
PCG:  5 : 1.299357e-04 / 7.820199e-01
PCG:  6 : 1.326033e-04 / 7.980751e-01
PCG:  7 : 1.033145e-04 / 6.218002e-01
PCG:  8 : 9.095029e-05 / 5.473858e-01
PCG:  9 : 8.752222e-05 / 5.267539e-01
PCG: 10 : 1.192086e-04 / 7.174588e-01
PCG: 11 : 1.350380e-04 / 8.127284e-01
PCG:  0 : 1.350380e-04
PCG:  1 : 1.072100e-04 / 7.939248e-01
PCG:  2 : 7.660428e-05 / 5.672795e-01
PCG:  3 : 7.630291e-05 / 5.650477e-01
PCG:  4 : 7.653758e-05 / 5.667856e-01
PCG:  5 : 8.769611e-05 / 6.494181e-01
PCG:  6 : 8.435956e-05 / 6.247098e-01
PCG:  7 : 6.096811e-05 / 4.514886e-01
PCG:  8 : 4.197672e-05 / 3.108512e-01
PCG:  9 : 5.523448e-05 / 4.090292e-01
PCG: 10 : 6.565645e-05 / 4.862073e-01
PCG: 11 : 7.817047e-05 / 5.788776e-01
PCG:  0 : 7.817046e-05
PCG:  1 : 6.089923e-05 / 7.790569e-01
PCG:  2 : 4.930699e-05 / 6.307625e-01
PCG:  3 : 3.632790e-05 / 4.647267e-01
PCG:  4 : 4.892055e-05 / 6.258189e-01
PCG:  5 : 6.339468e-05 / 8.109801e-01
PCG:  6 : 6.385436e-05 / 8.168604e-01
PCG:  7 : 4.859886e-05 / 6.217037e-01
PCG:  8 : 4.357615e-05 / 5.574504e-01
PCG:  9 : 4.263261e-05 / 5.453801e-01
PCG: 10 : 5.678403e-05 / 7.264130e-01
PCG: 11 : 6.375898e-05 / 8.156403e-01
PCG:  0 : 6.375896e-05
PCG:  1 : 5.153598e-05 / 8.082939e-01
PCG:  2 : 3.719923e-05 / 5.834353e-01
PCG:  3 : 3.629421e-05 / 5.692409e-01
PCG:  4 : 3.625877e-05 / 5.686851e-01
PCG:  5 : 4.250584e-05 / 6.666645e-01
PCG:  6 : 4.052989e-05 / 6.356736e-01
PCG:  7 : 2.882424e-05 / 4.520814e-01
PCG:  8 : 2.025375e-05 / 3.176613e-01
PCG:  9 : 2.689542e-05 / 4.218296e-01
PCG: 10 : 3.123560e-05 / 4.899012e-01
PCG: 11 : 3.706848e-05 / 5.813846e-01
PCG:  0 : 3.706848e-05
PCG:  1 : 2.923713e-05 / 7.887329e-01
PCG:  2 : 2.393657e-05 / 6.457393e-01
PCG:  3 : 1.736991e-05 / 4.685897e-01
PCG:  4 : 2.331805e-05 / 6.290532e-01
PCG:  5 : 3.079994e-05 / 8.308931e-01
PCG:  6 : 3.066744e-05 / 8.273185e-01
PCG:  7 : 2.302231e-05 / 6.210751e-01
PCG:  8 : 2.095211e-05 / 5.652273e-01
PCG:  9 : 2.065630e-05 / 5.572469e-01
PCG: 10 : 2.704581e-05 / 7.296174e-01
PCG: 11 : 3.030704e-05 / 8.175960e-01
PCG:  0 : 3.030703e-05
PCG:  1 : 2.473898e-05 / 8.162786e-01
PCG:  2 : 1.797776e-05 / 5.931879e-01
PCG:  3 : 1.733981e-05 / 5.721382e-01
PCG:  4 : 1.730028e-05 / 5.708340e-01
PCG:  5 : 2.054747e-05 / 6.779770e-01
PCG:  6 : 1.945006e-05 / 6.417671e-01
PCG:  7 : 1.372103e-05 / 4.527342e-01
PCG:  8 : 9.782069e-06 / 3.227657e-01
PCG:  9 : 1.302154e-05 / 4.296541e-01
PCG: 10 : 1.490559e-05 / 4.918197e-01
PCG: 11 : 1.770178e-05 / 5.840818e-01
PCG:  0 : 1.770177e-05
PCG:  1 : 1.403514e-05 / 7.928665e-01
PCG:  2 : 1.156078e-05 / 6.530865e-01
PCG:  3 : 8.328126e-06 / 4.704686e-01
PCG:  4 : 1.116233e-05 / 6.305773e-01
PCG:  5 : 1.486890e-05 / 8.399668e-01
PCG:  6 : 1.469703e-05 / 8.302576e-01
PCG:  7 : 1.097732e-05 / 6.201257e-01
PCG:  8 : 1.008359e-05 / 5.696377e-01
PCG:  9 : 9.954979e-06 / 5.623721e-01
PCG: 10 : 1.289704e-05 / 7.285736e-01
PCG: 11 : 1.445880e-05 / 8.167996e-01
PCG:  0 : 1.445879e-05
PCG:  1 : 1.185105e-05 / 8.196430e-01
PCG:  2 : 8.651359e-06 / 5.983459e-01
PCG:  3 : 8.318470e-06 / 5.753226e-01
PCG:  4 : 8.279536e-06 / 5.726298e-01
PCG:  5 : 9.890644e-06 / 6.840574e-01
PCG:  6 : 9.323710e-06 / 6.448471e-01
PCG:  7 : 6.566089e-06 / 4.541243e-01
PCG:  8 : 4.723371e-06 / 3.266781e-01
PCG:  9 : 6.280233e-06 / 4.343539e-01
PCG: 10 : 7.134819e-06 / 4.934589e-01
PCG: 11 : 8.499654e-06 / 5.878536e-01
PCG:  0 : 8.499655e-06
PCG:  1 : 6.741696e-06 / 7.931729e-01
PCG:  2 : 5.571413e-06 / 6.554869e-01
PCG:  3 : 4.007440e-06 / 4.714826e-01
PCG:  4 : 5.362344e-06 / 6.308895e-01
PCG:  5 : 7.157442e-06 / 8.420861e-01
PCG:  6 : 7.048705e-06 / 8.292930e-01
PCG:  7 : 5.259226e-06 / 6.187575e-01
PCG:  8 : 4.857756e-06 / 5.715238e-01
PCG:  9 : 4.787043e-06 / 5.632043e-01
PCG: 10 : 6.167661e-06 / 7.256367e-01
PCG: 11 : 6.921025e-06 / 8.142713e-01
PCG:  0 : 6.921023e-06
PCG:  1 : 5.682624e-06 / 8.210671e-01
PCG:  2 : 4.160014e-06 / 6.010693e-01
PCG:  3 : 4.003166e-06 / 5.784068e-01
PCG:  4 : 3.977976e-06 / 5.747671e-01
PCG:  5 : 4.751645e-06 / 6.865523e-01
PCG:  6 : 4.472287e-06 / 6.461887e-01
PCG:  7 : 3.155988e-06 / 4.560002e-01
PCG:  8 : 2.279908e-06 / 3.294178e-01
PCG:  9 : 3.020905e-06 / 4.364824e-01
PCG: 10 : 3.420282e-06 / 4.941873e-01
PCG: 11 : 4.093775e-06 / 5.914985e-01
PCG:  0 : 4.093771e-06
PCG:  1 : 3.237146e-06 / 7.907491e-01
PCG:  2 : 2.679277e-06 / 6.544765e-01
PCG:  3 : 1.933644e-06 / 4.723382e-01
PCG:  4 : 2.580930e-06 / 6.304531e-01
PCG:  5 : 3.437286e-06 / 8.396382e-01
PCG:  6 : 3.381907e-06 / 8.261105e-01
PCG:  7 : 2.529392e-06 / 6.178636e-01
PCG:  8 : 2.343903e-06 / 5.725535e-01
PCG:  9 : 2.301013e-06 / 5.620767e-01
PCG: 10 : 2.956161e-06 / 7.221119e-01
PCG: 11 : 3.322639e-06 / 8.116330e-01
PCG:  0 : 3.322638e-06
PCG:  1 : 2.725036e-06 / 8.201421e-01
PCG:  2 : 1.998966e-06 / 6.016202e-01
PCG:  3 : 1.928786e-06 / 5.804984e-01
PCG:  4 : 1.914191e-06 / 5.761056e-01
PCG:  5 : 2.280090e-06 / 6.862288e-01
PCG:  6 : 2.145432e-06 / 6.457014e-01
PCG:  7 : 1.519793e-06 / 4.574054e-01
PCG:  8 : 1.100574e-06 / 3.312351e-01
PCG:  9 : 1.450521e-06 / 4.365571e-01
PCG: 10 : 1.641291e-06 / 4.939721e-01
PCG: 11 : 1.973717e-06 / 5.940208e-01
PCG:  0 : 1.973717e-06
PCG:  1 : 1.554064e-06 / 7.873792e-01
PCG:  2 : 1.286396e-06 / 6.517631e-01
PCG:  3 : 9.332064e-07 / 4.728167e-01
PCG:  4 : 1.242763e-06 / 6.296560e-01
PCG:  5 : 1.647889e-06 / 8.349166e-01
PCG:  6 : 1.622172e-06 / 8.218868e-01
PCG:  7 : 1.218559e-06 / 6.173931e-01
PCG:  8 : 1.130816e-06 / 5.729371e-01
PCG:  9 : 1.104877e-06 / 5.597951e-01
PCG: 10 : 1.417215e-06 / 7.180436e-01
PCG: 11 : 1.596262e-06 / 8.087592e-01
PCG:  0 : 1.596262e-06
PCG:  1 : 1.305369e-06 / 8.177661e-01
PCG:  2 : 9.604450e-07 / 6.016840e-01
PCG:  3 : 9.304543e-07 / 5.828959e-01
PCG:  4 : 9.223123e-07 / 5.777951e-01
PCG:  5 : 1.093723e-06 / 6.851777e-01
PCG:  6 : 1.029361e-06 / 6.448573e-01
PCG:  7 : 7.325399e-07 / 4.589097e-01
PCG:  8 : 5.316111e-07 / 3.330351e-01
PCG:  9 : 6.968622e-07 / 4.365589e-01
PCG: 10 : 7.884644e-07 / 4.939443e-01
PCG: 11 : 9.529657e-07 / 5.969985e-01
PCG:  0 : 9.529648e-07
PCG:  1 : 7.459382e-07 / 7.827553e-01
PCG:  2 : 6.174122e-07 / 6.478857e-01
PCG:  3 : 4.508335e-07 / 4.730852e-01
PCG:  4 : 5.988765e-07 / 6.284350e-01
PCG:  5 : 7.894083e-07 / 8.283709e-01
PCG:  6 : 7.776652e-07 / 8.160481e-01
PCG:  7 : 5.877915e-07 / 6.168029e-01
PCG:  8 : 5.459796e-07 / 5.729274e-01
PCG:  9 : 5.309226e-07 / 5.571272e-01
PCG: 10 : 6.798762e-07 / 7.134327e-01
PCG: 11 : 7.673199e-07 / 8.051923e-01
PCG:  0 : 7.673196e-07
PCG:  1 : 6.255167e-07 / 8.151972e-01
PCG:  2 : 4.615726e-07 / 6.015389e-01
PCG:  3 : 4.495369e-07 / 5.858535e-01
PCG:  4 : 4.449313e-07 / 5.798514e-01
PCG:  5 : 5.241679e-07 / 6.831155e-01
PCG:  6 : 4.935102e-07 / 6.431613e-01
PCG:  7 : 3.535325e-07 / 4.607370e-01
PCG:  8 : 2.569302e-07 / 3.348412e-01
PCG:  9 : 3.345029e-07 / 4.359369e-01
PCG: 10 : 3.787192e-07 / 4.935613e-01
PCG: 11 : 4.598524e-07 / 5.992971e-01
PCG:  0 : 4.598520e-07
PCG:  1 : 3.579286e-07 / 7.783561e-01
PCG:  2 : 2.962239e-07 / 6.441724e-01
PCG:  3 : 2.179985e-07 / 4.740624e-01
PCG:  4 : 2.889769e-07 / 6.284129e-01
PCG:  5 : 3.778546e-07 / 8.216874e-01
PCG:  6 : 3.728469e-07 / 8.107977e-01
PCG:  7 : 2.838850e-07 / 6.173399e-01
PCG:  8 : 2.640920e-07 / 5.742979e-01
PCG:  9 : 2.553151e-07 / 5.552114e-01
PCG: 10 : 3.261516e-07 / 7.092535e-01
PCG: 11 : 3.690307e-07 / 8.024990e-01
PCG:  0 : 3.690308e-07
PCG:  1 : 2.995747e-07 / 8.117877e-01
PCG:  2 : 2.217823e-07 / 6.009859e-01
PCG:  3 : 2.174611e-07 / 5.892763e-01
PCG:  4 : 2.147222e-07 / 5.818543e-01
PCG:  5 : 2.513577e-07 / 6.811293e-01
PCG:  6 : 2.365128e-07 / 6.409026e-01
PCG:  7 : 1.708629e-07 / 4.630044e-01
PCG:  8 : 1.244414e-07 / 3.372115e-01
PCG:  9 : 1.605855e-07 / 4.351546e-01
PCG: 10 : 1.818841e-07 / 4.928697e-01
PCG: 11 : 2.219523e-07 / 6.014466e-01
PCG:  0 : 2.219523e-07
PCG:  1 : 1.718812e-07 / 7.744061e-01
PCG:  2 : 1.422813e-07 / 6.410446e-01
PCG:  3 : 1.056518e-07 / 4.760115e-01
PCG:  4 : 1.396510e-07 / 6.291936e-01
PCG:  5 : 1.809937e-07 / 8.154621e-01
PCG:  6 : 1.787149e-07 / 8.051953e-01
PCG:  7 : 1.371195e-07 / 6.177884e-01
PCG:  8 : 1.279211e-07 / 5.763452e-01
PCG:  9 : 1.229528e-07 / 5.539604e-01
PCG: 10 : 1.564395e-07 / 7.048342e-01
PCG: 11 : 1.774388e-07 / 7.994456e-01
PCG:  0 : 1.774386e-07
PCG:  1 : 1.435280e-07 / 8.088884e-01
PCG:  2 : 1.067119e-07 / 6.014016e-01
PCG:  3 : 1.053629e-07 / 5.937990e-01
PCG:  4 : 1.037739e-07 / 5.848438e-01
PCG:  5 : 1.205395e-07 / 6.793307e-01
PCG:  6 : 1.132700e-07 / 6.383616e-01
PCG:  7 : 8.266711e-08 / 4.658913e-01
PCG:  8 : 6.037735e-08 / 3.402717e-01
PCG:  9 : 7.722178e-08 / 4.352028e-01
PCG: 10 : 8.740332e-08 / 4.925835e-01
PCG: 11 : 1.070552e-07 / 6.033363e-01
PCG:  0 : 1.070552e-07
PCG:  1 : 8.252271e-08 / 7.708423e-01
PCG:  2 : 6.843836e-08 / 6.392808e-01
PCG:  3 : 5.131069e-08 / 4.792917e-01
PCG:  4 : 6.760068e-08 / 6.314561e-01
PCG:  5 : 8.671859e-08 / 8.100359e-01
PCG:  6 : 8.573044e-08 / 8.008056e-01
PCG:  7 : 6.632385e-08 / 6.195292e-01
PCG:  8 : 6.211328e-08 / 5.801984e-01
PCG:  9 : 5.934062e-08 / 5.542991e-01
PCG: 10 : 7.510482e-08 / 7.015520e-01
PCG: 11 : 8.533043e-08 / 7.970691e-01

PCG ( VCycle ( S: Scale / C: Scale )  )

Complete solver TOE: 124.667
1.98676 GFlop/s [1.98676 GFlops/s]

Total time: 124.667s
Accumulated op time: 120.906

Reductions: 5.78862%
Blas-1: 6.58618%
Blas-2: 84.6085%
Precon Kernels: 0%
MPI Execution: 0%
MPI Wait: 0%
Not covered: 3.01669%

Domain size: 768.674 MByte
LA size: 1930.82 MByte
MPI size: 42.7179 MByte

H0-Error: 1.966742e-07
H1-Error: 1.008605e-03

Writing DATA to output.data...
Run-Time: 2:13.817 [2:13.817]
0x31d198e880 Error: MemoryPool<CPU> still contains memory chunks on deconstructor call
