NUM-PROCS: 1
Preparing domain...
LVL-MIN: 4 [4]
LVL-MAX: 6 [6]
Creating gates...
Assembling system matrices...
Assembling system filters...
Assembling transfer matrices...
Converting assembled linear system from SparseMatrixCSR, Mem:main to SparseMatrixCSR, Mem:mainand to SparseMatrixCSR, Mem:main...
PCG: 0 : 1.512630e-01
PCG: 1 : 2.707138e-01 / 1.789689e+00
PCG: 2 : 2.456829e-01 / 1.624210e+00
PCG: 3 : 3.589467e-01 / 2.372998e+00
PCG: 0 : 3.554923e-01
PCG: 1 : 1.741920e-01 / 4.900022e-01
PCG: 2 : 7.334941e-02 / 2.063319e-01
PCG: 3 : 6.430296e-02 / 1.808843e-01
PCG: 0 : 6.430295e-02
PCG: 1 : 3.109978e-02 / 4.836446e-01
PCG: 2 : 2.368169e-02 / 3.682831e-01
PCG: 3 : 1.908524e-02 / 2.968019e-01
PCG: 0 : 1.908524e-02
PCG: 1 : 1.601828e-02 / 8.393019e-01
PCG: 2 : 1.730313e-02 / 9.066237e-01
PCG: 3 : 2.511987e-02 / 1.316194e+00
PCG: 0 : 2.511987e-02
PCG: 1 : 1.319776e-02 / 5.253910e-01
PCG: 2 : 9.376487e-03 / 3.732697e-01
PCG: 3 : 8.712822e-03 / 3.468497e-01
PCG: 0 : 8.712821e-03
PCG: 1 : 7.401136e-03 / 8.494534e-01
PCG: 2 : 7.407612e-03 / 8.501967e-01
PCG: 3 : 1.042061e-02 / 1.196008e+00
PCG: 0 : 1.042061e-02
PCG: 1 : 5.488285e-03 / 5.266762e-01
PCG: 2 : 4.383029e-03 / 4.206118e-01
PCG: 3 : 4.109086e-03 / 3.943232e-01
PCG: 0 : 4.109086e-03
PCG: 1 : 3.469986e-03 / 8.444666e-01
PCG: 2 : 3.117337e-03 / 7.586449e-01
PCG: 3 : 4.380911e-03 / 1.066152e+00
PCG: 0 : 4.380911e-03
PCG: 1 : 2.309578e-03 / 5.271912e-01
PCG: 2 : 2.027446e-03 / 4.627909e-01
PCG: 3 : 1.896291e-03 / 4.328531e-01
PCG: 0 : 1.896291e-03
PCG: 1 : 1.597859e-03 / 8.426234e-01
PCG: 2 : 1.334797e-03 / 7.038987e-01
PCG: 3 : 1.880528e-03 / 9.916875e-01
PCG: 0 : 1.880528e-03
PCG: 1 : 9.912099e-04 / 5.270913e-01
PCG: 2 : 9.196918e-04 / 4.890605e-01
PCG: 3 : 8.585115e-04 / 4.565269e-01
PCG: 0 : 8.585117e-04
PCG: 1 : 7.225231e-04 / 8.415996e-01
PCG: 2 : 5.798567e-04 / 6.754209e-01
PCG: 3 : 8.183913e-04 / 9.532675e-01
PCG: 0 : 8.183913e-04
PCG: 1 : 4.311386e-04 / 5.268123e-01
PCG: 2 : 4.119723e-04 / 5.033928e-01
PCG: 3 : 3.843781e-04 / 4.696752e-01
PCG: 0 : 3.843780e-04
PCG: 1 : 3.231894e-04 / 8.408113e-01
PCG: 2 : 2.539667e-04 / 6.607211e-01
PCG: 3 : 3.588356e-04 / 9.335487e-01
PCG: 0 : 3.588356e-04
PCG: 1 : 1.889310e-04 / 5.265112e-01
PCG: 2 : 1.833153e-04 / 5.108615e-01
PCG: 3 : 1.710952e-04 / 4.768066e-01
PCG: 0 : 1.710951e-04
PCG: 1 : 1.437389e-04 / 8.401113e-01
PCG: 2 : 1.117072e-04 / 6.528950e-01
PCG: 3 : 1.579572e-04 / 9.232126e-01
PCG: 0 : 1.579572e-04
PCG: 1 : 8.312111e-05 / 5.262256e-01
PCG: 2 : 8.129461e-05 / 5.146623e-01
PCG: 3 : 7.593002e-05 / 4.807000e-01
PCG: 0 : 7.593002e-05
PCG: 1 : 6.373949e-05 / 8.394505e-01
PCG: 2 : 4.924347e-05 / 6.485376e-01
PCG: 3 : 6.967713e-05 / 9.176494e-01
PCG: 0 : 6.967714e-05
PCG: 1 : 3.664728e-05 / 5.259585e-01
PCG: 2 : 3.599055e-05 / 5.165332e-01
PCG: 3 : 3.364484e-05 / 4.828677e-01
PCG: 0 : 3.364485e-05
PCG: 1 : 2.822204e-05 / 8.388219e-01
PCG: 2 : 2.173371e-05 / 6.459745e-01
PCG: 3 : 3.077049e-05 / 9.145677e-01
PCG: 0 : 3.077049e-05
PCG: 1 : 1.617629e-05 / 5.257078e-01
PCG: 2 : 1.592035e-05 / 5.173902e-01
PCG: 3 : 1.489638e-05 / 4.841127e-01
PCG: 0 : 1.489638e-05
PCG: 1 : 1.248633e-05 / 8.382125e-01
PCG: 2 : 9.598615e-06 / 6.443588e-01
PCG: 3 : 1.359732e-05 / 9.127932e-01
PCG: 0 : 1.359732e-05
PCG: 1 : 7.145040e-06 / 5.254743e-01
PCG: 2 : 7.039533e-06 / 5.177149e-01
PCG: 3 : 6.592780e-06 / 4.848589e-01
PCG: 0 : 6.592780e-06
PCG: 1 : 5.522330e-06 / 8.376330e-01
PCG: 2 : 4.240870e-06 / 6.432598e-01
PCG: 3 : 6.010818e-06 / 9.117273e-01
PCG: 0 : 6.010818e-06
PCG: 1 : 3.157193e-06 / 5.252517e-01
PCG: 2 : 3.112162e-06 / 5.177601e-01
PCG: 3 : 2.917212e-06 / 4.853269e-01
PCG: 0 : 2.917212e-06
PCG: 1 : 2.441963e-06 / 8.370879e-01
PCG: 2 : 1.874179e-06 / 6.424555e-01
PCG: 3 : 2.657763e-06 / 9.110626e-01
PCG: 0 : 2.657762e-06
PCG: 1 : 1.395431e-06 / 5.250397e-01
PCG: 2 : 1.375809e-06 / 5.176569e-01
PCG: 3 : 1.290703e-06 / 4.856351e-01
PCG: 0 : 1.290703e-06
PCG: 1 : 1.079767e-06 / 8.365730e-01
PCG: 2 : 8.284018e-07 / 6.418223e-01
PCG: 3 : 1.175334e-06 / 9.106151e-01
PCG: 0 : 1.175334e-06
PCG: 1 : 6.168632e-07 / 5.248409e-01
PCG: 2 : 6.082175e-07 / 5.174849e-01
PCG: 3 : 5.710449e-07 / 4.858576e-01
PCG: 0 : 5.710448e-07
PCG: 1 : 4.774439e-07 / 8.360883e-01
PCG: 2 : 3.662084e-07 / 6.412953e-01
PCG: 3 : 5.198191e-07 / 9.102947e-01
PCG: 0 : 5.198192e-07
PCG: 1 : 2.727257e-07 / 5.246549e-01
PCG: 2 : 2.688916e-07 / 5.172790e-01
PCG: 3 : 2.526449e-07 / 4.860246e-01
PCG: 0 : 2.526449e-07
PCG: 1 : 2.111195e-07 / 8.356374e-01
PCG: 2 : 1.619057e-07 / 6.408430e-01
PCG: 3 : 2.299197e-07 / 9.100510e-01
PCG: 0 : 2.299197e-07
PCG: 1 : 1.205888e-07 / 5.244824e-01
PCG: 2 : 1.188828e-07 / 5.170621e-01
PCG: 3 : 1.117775e-07 / 4.861587e-01
PCG: 0 : 1.117775e-07
PCG: 1 : 9.335839e-08 / 8.352166e-01
PCG: 2 : 7.158704e-08 / 6.404426e-01
PCG: 3 : 1.017015e-07 / 9.098570e-01
PCG: 0 : 1.017015e-07
PCG: 1 : 5.332436e-08 / 5.243223e-01
PCG: 2 : 5.256397e-08 / 5.168456e-01
PCG: 3 : 4.945419e-08 / 4.862681e-01
PCG: 0 : 4.945419e-08
PCG: 1 : 4.128568e-08 / 8.348267e-01
PCG: 2 : 3.165484e-08 / 6.400842e-01
PCG: 3 : 4.498832e-08 / 9.096968e-01

PCG ( VCycle ( S: Scale / C: Scale )  )

Complete solver TOE: 0.077561
0.869301 GFlop/s [0.869301 GFlops/s]

Total time: 0.077561s
Accumulated op time: 0.06946

Reductions: 1.82308%
Blas-1: 5.46666%
Blas-2: 82.2656%
Precon Kernels: 0%
MPI Execution: 0%
MPI Wait: 0%
Not covered: 10.4447%

Domain size: 0.42572 MByte
LA size: 1.37825 MByte
MPI size: 0.0427704 MByte

H0-Error: 1.098478e-04
H1-Error: 3.227246e-02

Writing DATA to output.data...
Run-Time: 0:00.136 [0:00.136]
0xb33079f8 Error: MemoryPool<CPU> still contains memory chunks on deconstructor call
