NUM-PROCS: 1
Preparing domain...
LVL-MIN: 5 [5]
LVL-MAX: 8 [8]
Creating gates...
Assembling system matrices...
Assembling system filters...
Assembling transfer matrices...
Converting assembled linear system from SparseMatrixCSR, Mem:main to SparseMatrixCSR, Mem:mainand to SparseMatrixCSR, Mem:main...
PCG: 0 : 3.788143e-02
PCG: 1 : 1.531238e-01 / 4.042186e+00
PCG: 2 : 1.362830e-01 / 3.597619e+00
PCG: 3 : 2.921143e-01 / 7.711280e+00
PCG: 4 : 2.872710e-01 / 7.583425e+00
PCG: 5 : 1.502731e-01 / 3.966934e+00
PCG: 6 : 1.546989e-01 / 4.083765e+00
PCG: 0 : 1.541987e-01
PCG: 1 : 1.183927e-01 / 7.677928e-01
PCG: 2 : 9.392477e-02 / 6.091151e-01
PCG: 3 : 5.709976e-02 / 3.702998e-01
PCG: 4 : 3.410950e-02 / 2.212048e-01
PCG: 5 : 4.406368e-02 / 2.857590e-01
PCG: 6 : 5.551117e-02 / 3.599976e-01
PCG: 0 : 5.551115e-02
PCG: 1 : 2.457307e-02 / 4.426690e-01
PCG: 2 : 1.659038e-02 / 2.988657e-01
PCG: 3 : 1.869243e-02 / 3.367329e-01
PCG: 4 : 1.728678e-02 / 3.114110e-01
PCG: 5 : 1.447741e-02 / 2.608019e-01
PCG: 6 : 2.259134e-02 / 4.069694e-01
PCG: 0 : 2.259134e-02
PCG: 1 : 1.260550e-02 / 5.579792e-01
PCG: 2 : 1.209973e-02 / 5.355915e-01
PCG: 3 : 1.066682e-02 / 4.721643e-01
PCG: 4 : 8.646401e-03 / 3.827308e-01
PCG: 5 : 1.015502e-02 / 4.495096e-01
PCG: 6 : 2.170867e-02 / 9.609289e-01
PCG: 0 : 2.170867e-02
PCG: 1 : 9.801715e-03 / 4.515115e-01
PCG: 2 : 7.204895e-03 / 3.318902e-01
PCG: 3 : 6.781478e-03 / 3.123857e-01
PCG: 4 : 6.764038e-03 / 3.115823e-01
PCG: 5 : 5.820461e-03 / 2.681169e-01
PCG: 6 : 8.660535e-03 / 3.989436e-01
PCG: 0 : 8.660539e-03
PCG: 1 : 5.146367e-03 / 5.942318e-01
PCG: 2 : 5.124761e-03 / 5.917369e-01
PCG: 3 : 4.470647e-03 / 5.162089e-01
PCG: 4 : 3.850276e-03 / 4.445769e-01
PCG: 5 : 4.470557e-03 / 5.161985e-01
PCG: 6 : 8.547898e-03 / 9.869938e-01
PCG: 0 : 8.547898e-03
PCG: 1 : 4.118149e-03 / 4.817733e-01
PCG: 2 : 3.091894e-03 / 3.617139e-01
PCG: 3 : 2.881876e-03 / 3.371444e-01
PCG: 4 : 2.867110e-03 / 3.354170e-01
PCG: 5 : 2.444302e-03 / 2.859535e-01
PCG: 6 : 3.454628e-03 / 4.041494e-01
PCG: 0 : 3.454627e-03
PCG: 1 : 2.112407e-03 / 6.114720e-01
PCG: 2 : 2.152560e-03 / 6.230949e-01
PCG: 3 : 1.906922e-03 / 5.519907e-01
PCG: 4 : 1.681039e-03 / 4.866052e-01
PCG: 5 : 1.926762e-03 / 5.577338e-01
PCG: 6 : 3.414335e-03 / 9.883369e-01
PCG: 0 : 3.414335e-03
PCG: 1 : 1.734326e-03 / 5.079542e-01
PCG: 2 : 1.312013e-03 / 3.842660e-01
PCG: 3 : 1.179300e-03 / 3.453966e-01
PCG: 4 : 1.188745e-03 / 3.481631e-01
PCG: 5 : 1.051155e-03 / 3.078653e-01
PCG: 6 : 1.392482e-03 / 4.078341e-01
PCG: 0 : 1.392481e-03
PCG: 1 : 8.987306e-04 / 6.454166e-01
PCG: 2 : 9.135790e-04 / 6.560798e-01
PCG: 3 : 7.743165e-04 / 5.560696e-01
PCG: 4 : 7.111976e-04 / 5.107412e-01
PCG: 5 : 8.352459e-04 / 5.998255e-01
PCG: 6 : 1.344675e-03 / 9.656680e-01
PCG: 0 : 1.344675e-03
PCG: 1 : 7.394203e-04 / 5.498877e-01
PCG: 2 : 5.645799e-04 / 4.198634e-01
PCG: 3 : 4.744731e-04 / 3.528533e-01
PCG: 4 : 4.974751e-04 / 3.699593e-01
PCG: 5 : 4.593861e-04 / 3.416335e-01
PCG: 6 : 5.503283e-04 / 4.092649e-01
PCG: 0 : 5.503282e-04
PCG: 1 : 3.902420e-04 / 7.091077e-01
PCG: 2 : 3.941283e-04 / 7.161694e-01
PCG: 3 : 3.093529e-04 / 5.621243e-01
PCG: 4 : 3.061451e-04 / 5.562955e-01
PCG: 5 : 3.653667e-04 / 6.639068e-01
PCG: 6 : 5.241738e-04 / 9.524748e-01
PCG: 0 : 5.241738e-04
PCG: 1 : 3.209930e-04 / 6.123790e-01
PCG: 2 : 2.451380e-04 / 4.676655e-01
PCG: 3 : 1.894300e-04 / 3.613877e-01
PCG: 4 : 2.131024e-04 / 4.065491e-01
PCG: 5 : 2.011409e-04 / 3.837295e-01
PCG: 6 : 2.166358e-04 / 4.132901e-01
PCG: 0 : 2.166357e-04
PCG: 1 : 1.720737e-04 / 7.942998e-01
PCG: 2 : 1.698072e-04 / 7.838374e-01
PCG: 3 : 1.245665e-04 / 5.750043e-01
PCG: 4 : 1.347270e-04 / 6.219058e-01
PCG: 5 : 1.584410e-04 / 7.313709e-01
PCG: 6 : 2.073583e-04 / 9.571750e-01
PCG: 0 : 2.073583e-04
PCG: 1 : 1.404645e-04 / 6.773998e-01
PCG: 2 : 1.054612e-04 / 5.085942e-01
PCG: 3 : 7.718892e-05 / 3.722490e-01
PCG: 4 : 9.230331e-05 / 4.451392e-01
PCG: 5 : 8.700238e-05 / 4.195751e-01
PCG: 6 : 8.715449e-05 / 4.203086e-01
PCG: 0 : 8.715448e-05
PCG: 1 : 7.582754e-05 / 8.700361e-01
PCG: 2 : 7.216418e-05 / 8.280031e-01
PCG: 3 : 5.189185e-05 / 5.954009e-01
PCG: 4 : 5.884557e-05 / 6.751870e-01
PCG: 5 : 6.837276e-05 / 7.845008e-01
PCG: 6 : 8.429200e-05 / 9.671563e-01
PCG: 0 : 8.429198e-05
PCG: 1 : 6.123441e-05 / 7.264560e-01
PCG: 2 : 4.465376e-05 / 5.297511e-01
PCG: 3 : 3.265718e-05 / 3.874293e-01
PCG: 4 : 3.935153e-05 / 4.668479e-01
PCG: 5 : 3.759778e-05 / 4.460422e-01
PCG: 6 : 3.579480e-05 / 4.246526e-01
PCG: 0 : 3.579481e-05
PCG: 1 : 3.318132e-05 / 9.269870e-01
PCG: 2 : 3.035414e-05 / 8.480040e-01
PCG: 3 : 2.230596e-05 / 6.231617e-01
PCG: 4 : 2.511533e-05 / 7.016471e-01
PCG: 5 : 2.972063e-05 / 8.303056e-01
PCG: 6 : 3.482358e-05 / 9.728668e-01
PCG: 0 : 3.482358e-05
PCG: 1 : 2.661355e-05 / 7.642394e-01
PCG: 2 : 1.871818e-05 / 5.375146e-01
PCG: 3 : 1.416132e-05 / 4.066589e-01
PCG: 4 : 1.651894e-05 / 4.743609e-01
PCG: 5 : 1.633973e-05 / 4.692146e-01
PCG: 6 : 1.482931e-05 / 4.258409e-01
PCG: 0 : 1.482930e-05
PCG: 1 : 1.446630e-05 / 9.755218e-01
PCG: 2 : 1.271461e-05 / 8.573981e-01
PCG: 3 : 9.727757e-06 / 6.559823e-01
PCG: 4 : 1.058846e-05 / 7.140231e-01
PCG: 5 : 1.298323e-05 / 8.755122e-01
PCG: 6 : 1.449596e-05 / 9.775215e-01
PCG: 0 : 1.449595e-05
PCG: 1 : 1.155137e-05 / 7.968688e-01
PCG: 2 : 7.821091e-06 / 5.395361e-01
PCG: 3 : 6.192674e-06 / 4.272001e-01
PCG: 4 : 6.908823e-06 / 4.766035e-01
PCG: 5 : 7.113418e-06 / 4.907175e-01
PCG: 6 : 6.174881e-06 / 4.259727e-01
PCG: 0 : 6.174882e-06
PCG: 1 : 6.289042e-06 / 1.018488e+00
PCG: 2 : 5.327789e-06 / 8.628163e-01
PCG: 3 : 4.258134e-06 / 6.895896e-01
PCG: 4 : 4.453003e-06 / 7.211480e-01
PCG: 5 : 5.668661e-06 / 9.180194e-01
PCG: 6 : 6.072258e-06 / 9.833804e-01
PCG: 0 : 6.072256e-06
PCG: 1 : 5.002872e-06 / 8.238900e-01
PCG: 2 : 3.272018e-06 / 5.388471e-01
PCG: 3 : 2.707633e-06 / 4.459024e-01
PCG: 4 : 2.897147e-06 / 4.771121e-01
PCG: 5 : 3.090746e-06 / 5.089946e-01
PCG: 6 : 2.586157e-06 / 4.258972e-01
PCG: 0 : 2.586157e-06
PCG: 1 : 2.723528e-06 / 1.053118e+00
PCG: 2 : 2.238734e-06 / 8.656605e-01
PCG: 3 : 1.860024e-06 / 7.192233e-01
PCG: 4 : 1.875105e-06 / 7.250544e-01
PCG: 5 : 2.465299e-06 / 9.532675e-01
PCG: 6 : 2.559718e-06 / 9.897769e-01
PCG: 0 : 2.559718e-06
PCG: 1 : 2.159852e-06 / 8.437853e-01
PCG: 2 : 1.373740e-06 / 5.366763e-01
PCG: 3 : 1.178969e-06 / 4.605854e-01
PCG: 4 : 1.220144e-06 / 4.766714e-01
PCG: 5 : 1.337663e-06 / 5.225824e-01
PCG: 6 : 1.089877e-06 / 4.257801e-01
PCG: 0 : 1.089877e-06
PCG: 1 : 1.174166e-06 / 1.077338e+00
PCG: 2 : 9.441713e-07 / 8.663098e-01
PCG: 3 : 8.083694e-07 / 7.417069e-01
PCG: 4 : 7.906715e-07 / 7.254685e-01
PCG: 5 : 1.066604e-06 / 9.786459e-01
PCG: 6 : 1.085275e-06 / 9.957778e-01

PCG ( VCycle ( S: Scale / C: Scale )  )

Complete solver TOE: 0.562988
2.6825 GFlop/s [2.6825 GFlops/s]

Total time: 0.562988s
Accumulated op time: 0.536602

Reductions: 7.89111%
Blas-1: 4.85605%
Blas-2: 82.5661%
Precon Kernels: 0%
MPI Execution: 0%
MPI Wait: 0%
Not covered: 4.68678%

Domain size: 12.056 MByte
LA size: 30.0508 MByte
MPI size: 0.671478 MByte

H0-Error: 7.455369e-06
H1-Error: 8.068796e-03

Writing DATA to output.data...
Run-Time: 0:00.703 [0:00.703]
0x31d198e880 Error: MemoryPool<CPU> still contains memory chunks on deconstructor call
