NUM-PROCS: 1
Preparing domain...
LVL-MIN: 1 [1]
LVL-MAX: 3 [3]
Creating gates...
Assembling system matrices...
Assembling system filters...
Assembling transfer matrices...
Converting assembled linear system from SparseMatrixCSR, Mem:main to SparseMatrixELL, Mem:cuda...
PCG:    0 : 1.157947e+00
PCG:    1 : 2.599997e-01 / 2.245351e-01
PCG:    2 : 2.182374e-02 / 1.884693e-02
PCG:    3 : 1.033922e-03 / 8.928927e-04
PCG:    4 : 4.233080e-05 / 3.655678e-05
PCG:    5 : 3.378878e-06 / 2.917990e-06
PCG:    6 : 2.156037e-07 / 1.861948e-07
PCG:    7 : 5.108696e-09 / 4.411857e-09

PCG ( VCycle ( S: Scale / C: Scale )  )

Complete solver TOE: 0.043981
0.00158123 GFlop/s [0.00158123 GFlops/s]

Total time: 0.043981s
Accumulated op time: 0.011527

Reductions: 10.7592%
Blas-1: 8.18081%
Blas-2: 7.26905%
Precon Kernels: 0%
MPI Execution: 0%
MPI Wait: 0%
Not covered: 73.791%

Domain size: 0.0085144 MByte
LA size: 0.0250664 MByte
MPI size: 0.000900269 MByte

H0-Error: 6.962289e-03
H1-Error: 2.567055e-01

Run-Time: 0:00.070 [0:00.070]
