NUM-PROCS: 1
Preparing domain...
LVL-MIN: 1 [1]
LVL-MAX: 6 [6]
Creating gates...
Assembling system matrices...
Assembling system filters...
Assembling transfer matrices...
Converting assembled linear system from SparseMatrixCSR, Mem:main to SparseMatrixELL, Mem:cudaand to SparseMatrixELL, Mem:cuda...
PCG: 0 : 1.512630e-01
PCG: 1 : 4.492688e-02 / 2.970118e-01
PCG: 0 : 4.618043e-02
PCG: 1 : 1.304433e-02 / 2.824644e-01
PCG: 0 : 1.304434e-02
PCG: 1 : 2.800045e-03 / 2.146560e-01
PCG: 0 : 2.800045e-03
PCG: 1 : 5.261790e-04 / 1.879181e-01
PCG: 0 : 5.261790e-04
PCG: 1 : 1.148108e-04 / 2.181972e-01
PCG: 0 : 1.148107e-04
PCG: 1 : 2.342929e-05 / 2.040688e-01
PCG: 0 : 2.342929e-05
PCG: 1 : 5.113549e-06 / 2.182546e-01
PCG: 0 : 5.113549e-06
PCG: 1 : 1.076489e-06 / 2.105169e-01
PCG: 0 : 1.076489e-06
PCG: 1 : 2.370401e-07 / 2.201975e-01
PCG: 0 : 2.370401e-07
PCG: 1 : 5.063007e-08 / 2.135929e-01
PCG: 0 : 5.063007e-08
PCG: 1 : 1.120734e-08 / 2.213573e-01
PCG: 0 : 1.120734e-08
PCG: 1 : 2.411388e-09 / 2.151615e-01

PCG ( VCycle ( S: Scale / C: Scale )  )

Complete solver TOE: 0.023268
0.406835 GFlop/s [0.406835 GFlops/s]

Total time: 0.023268s
Accumulated op time: 0.006469

Reductions: 22.4128%
Blas-1: 2.58724%
Blas-2: 2.80213%
Precon Kernels: 0%
MPI Execution: 0%
MPI Wait: 0%
Not covered: 72.1979%

Domain size: 0.777191 MByte
LA size: 1.95743 MByte
MPI size: 0.0437164 MByte

H0-Error: 1.098308e-04
H1-Error: 3.227246e-02

Writing DATA to output.data...
Run-Time: 0:00.084 [0:00.084]
0x31d198e880 Error: MemoryPool<CUDA> still contains memory chunks on deconstructor call
