NUM-PROCS: 1
Preparing domain...
LVL-MIN: 1 [1]
LVL-MAX: 5 [5]
Creating gates...
Assembling system matrices...
Assembling system filters...
Assembling transfer matrices...
Converting assembled linear system from SparseMatrixCSR, Mem:main to SparseMatrixCSR, Mem:mainand to SparseMatrixCSR, Mem:main...
PCG: 0 : 3.015411e-01
PCG: 1 : 8.240046e-02 / 2.732644e-01
PCG: 0 : 9.024930e-02
PCG: 1 : 2.324596e-02 / 2.575749e-01
PCG: 0 : 2.324595e-02
PCG: 1 : 4.251894e-03 / 1.829090e-01
PCG: 0 : 4.251894e-03
PCG: 1 : 8.812114e-04 / 2.072515e-01
PCG: 0 : 8.812114e-04
PCG: 1 : 1.856935e-04 / 2.107253e-01
PCG: 0 : 1.856935e-04
PCG: 1 : 3.948967e-05 / 2.126604e-01
PCG: 0 : 3.948967e-05
PCG: 1 : 8.253431e-06 / 2.090023e-01
PCG: 0 : 8.253432e-06
PCG: 1 : 1.779762e-06 / 2.156391e-01
PCG: 0 : 1.779762e-06
PCG: 1 : 3.699052e-07 / 2.078397e-01

PCG ( VCycle ( S: Scale / C: Scale )  )

Complete solver TOE: 0.000692
2.60052 GFlop/s [2.60052 GFlops/s]

Total time: 0.000692s
Accumulated op time: 0.000524

Reductions: 9.10405%
Blas-1: 3.90173%
Blas-2: 62.7168%
Precon Kernels: 0%
MPI Execution: 0%
MPI Wait: 0%
Not covered: 24.2775%

Domain size: 0.200943 MByte
LA size: 0.509789 MByte
MPI size: 0.011467 MByte

H0-Error: 4.391271e-04
H1-Error: 6.452751e-02

Writing DATA to output.data...
Run-Time: 0:00.006 [0:00.006]
0x31d198e880 Error: MemoryPool<CPU> still contains memory chunks on deconstructor call
