NUM-PROCS: 1
Preparing domain...
LVL-MIN: 4 [4]
LVL-MAX: 10 [10]
Creating gates...
Assembling system matrices...
Assembling system filters...
Assembling transfer matrices...
Converting assembled linear system from SparseMatrixCSR, Mem:main to SparseMatrixELL, Mem:cudaand to SparseMatrixELL, Mem:cuda...
PCG: 0 : 9.473710e-03
PCG: 1 : 1.921966e-02 / 2.028736e+00
PCG: 2 : 2.717674e-02 / 2.868648e+00
PCG: 0 : 2.717195e-02
PCG: 1 : 4.436259e-02 / 1.632662e+00
PCG: 2 : 9.753245e-02 / 3.589454e+00
PCG: 0 : 9.753243e-02
PCG: 1 : 4.629745e-02 / 4.746878e-01
PCG: 2 : 5.910229e-02 / 6.059758e-01
PCG: 0 : 5.910229e-02
PCG: 1 : 5.364420e-02 / 9.076501e-01
PCG: 2 : 6.219318e-02 / 1.052297e+00
PCG: 0 : 6.219317e-02
PCG: 1 : 3.939802e-02 / 6.334782e-01
PCG: 2 : 3.354478e-02 / 5.393643e-01
PCG: 0 : 3.354478e-02
PCG: 1 : 3.285378e-02 / 9.794008e-01
PCG: 2 : 4.005059e-02 / 1.193944e+00
PCG: 0 : 4.005059e-02
PCG: 1 : 2.578553e-02 / 6.438240e-01
PCG: 2 : 2.193714e-02 / 5.477359e-01
PCG: 0 : 2.193715e-02
PCG: 1 : 2.170796e-02 / 9.895527e-01
PCG: 2 : 2.611322e-02 / 1.190365e+00
PCG: 0 : 2.611322e-02
PCG: 1 : 1.700098e-02 / 6.510487e-01
PCG: 2 : 1.444214e-02 / 5.530584e-01
PCG: 0 : 1.444214e-02
PCG: 1 : 1.436359e-02 / 9.945615e-01
PCG: 2 : 1.716331e-02 / 1.188419e+00
PCG: 0 : 1.716331e-02
PCG: 1 : 1.123087e-02 / 6.543537e-01
PCG: 2 : 9.531015e-03 / 5.553134e-01
PCG: 0 : 9.531016e-03
PCG: 1 : 9.500022e-03 / 9.967481e-01
PCG: 2 : 1.132458e-02 / 1.188182e+00
PCG: 0 : 1.132458e-02
PCG: 1 : 7.421691e-03 / 6.553613e-01
PCG: 2 : 6.300760e-03 / 5.563792e-01
PCG: 0 : 6.300760e-03
PCG: 1 : 6.281377e-03 / 9.969237e-01
PCG: 2 : 7.487729e-03 / 1.188385e+00
PCG: 0 : 7.487729e-03
PCG: 1 : 4.904614e-03 / 6.550202e-01
PCG: 2 : 4.170544e-03 / 5.569838e-01
PCG: 0 : 4.170544e-03
PCG: 1 : 4.152881e-03 / 9.957649e-01
PCG: 2 : 4.956533e-03 / 1.188462e+00
PCG: 0 : 4.956533e-03
PCG: 1 : 3.241490e-03 / 6.539834e-01
PCG: 2 : 2.762661e-03 / 5.573777e-01
PCG: 0 : 2.762661e-03
PCG: 1 : 2.745815e-03 / 9.939021e-01
PCG: 2 : 3.283712e-03 / 1.188604e+00
PCG: 0 : 3.283711e-03
PCG: 1 : 2.142673e-03 / 6.525155e-01
PCG: 2 : 1.831164e-03 / 5.576507e-01
PCG: 0 : 1.831164e-03
PCG: 1 : 1.815761e-03 / 9.915886e-01
PCG: 2 : 2.176371e-03 / 1.188518e+00
PCG: 0 : 2.176370e-03
PCG: 1 : 1.416690e-03 / 6.509416e-01
PCG: 2 : 1.214111e-03 / 5.578604e-01
PCG: 0 : 1.214111e-03
PCG: 1 : 1.201012e-03 / 9.892108e-01
PCG: 2 : 1.442947e-03 / 1.188480e+00
PCG: 0 : 1.442947e-03
PCG: 1 : 9.369430e-04 / 6.493261e-01
PCG: 2 : 8.051771e-04 / 5.580088e-01
PCG: 0 : 8.051772e-04
PCG: 1 : 7.946027e-04 / 9.868668e-01
PCG: 2 : 9.568578e-04 / 1.188382e+00
PCG: 0 : 9.568578e-04
PCG: 1 : 6.198524e-04 / 6.478000e-01
PCG: 2 : 5.340513e-04 / 5.581303e-01
PCG: 0 : 5.340513e-04
PCG: 1 : 5.258564e-04 / 9.846554e-01
PCG: 2 : 6.345720e-04 / 1.188223e+00
PCG: 0 : 6.345719e-04
PCG: 1 : 4.101924e-04 / 6.464080e-01
PCG: 2 : 3.542367e-04 / 5.582294e-01
PCG: 0 : 3.542367e-04
PCG: 1 : 3.480991e-04 / 9.826737e-01
PCG: 2 : 4.208814e-04 / 1.188136e+00
PCG: 0 : 4.208814e-04
PCG: 1 : 2.715271e-04 / 6.451392e-01
PCG: 2 : 2.349882e-04 / 5.583241e-01
PCG: 0 : 2.349882e-04
PCG: 1 : 2.304848e-04 / 9.808357e-01
PCG: 2 : 2.791453e-04 / 1.187912e+00
PCG: 0 : 2.791453e-04
PCG: 1 : 1.797853e-04 / 6.440563e-01
PCG: 2 : 1.558797e-04 / 5.584177e-01
PCG: 0 : 1.558797e-04
PCG: 1 : 1.526465e-04 / 9.792587e-01
PCG: 2 : 1.851506e-04 / 1.187779e+00
PCG: 0 : 1.851505e-04
PCG: 1 : 1.190683e-04 / 6.430892e-01
PCG: 2 : 1.034092e-04 / 5.585143e-01
PCG: 0 : 1.034092e-04
PCG: 1 : 1.011168e-04 / 9.778314e-01
PCG: 2 : 1.228075e-04 / 1.187587e+00
PCG: 0 : 1.228075e-04
PCG: 1 : 7.887556e-05 / 6.422699e-01
PCG: 2 : 6.859854e-05 / 5.585859e-01
PCG: 0 : 6.859854e-05
PCG: 1 : 6.699469e-05 / 9.766197e-01
PCG: 2 : 8.145619e-05 / 1.187433e+00
PCG: 0 : 8.145619e-05
PCG: 1 : 5.225933e-05 / 6.415636e-01
PCG: 2 : 4.550590e-05 / 5.586550e-01
PCG: 0 : 4.550591e-05
PCG: 1 : 4.439520e-05 / 9.755920e-01
PCG: 2 : 5.403011e-05 / 1.187321e+00
PCG: 0 : 5.403011e-05
PCG: 1 : 3.463123e-05 / 6.409617e-01
PCG: 2 : 3.018799e-05 / 5.587253e-01
PCG: 0 : 3.018799e-05
PCG: 1 : 2.942330e-05 / 9.746689e-01
PCG: 2 : 3.583665e-05 / 1.187116e+00
PCG: 0 : 3.583665e-05
PCG: 1 : 2.295272e-05 / 6.404817e-01
PCG: 2 : 2.002595e-05 / 5.588119e-01
PCG: 0 : 2.002595e-05
PCG: 1 : 1.950331e-05 / 9.739019e-01
PCG: 2 : 2.377062e-05 / 1.186991e+00
PCG: 0 : 2.377062e-05
PCG: 1 : 1.521453e-05 / 6.400561e-01
PCG: 2 : 1.328504e-05 / 5.588848e-01
PCG: 0 : 1.328504e-05
PCG: 1 : 1.292936e-05 / 9.732270e-01
PCG: 2 : 1.576702e-05 / 1.186825e+00
PCG: 0 : 1.576702e-05
PCG: 1 : 1.008652e-05 / 6.397228e-01
PCG: 2 : 8.812984e-06 / 5.589504e-01
PCG: 0 : 8.812985e-06
PCG: 1 : 8.572110e-06 / 9.726682e-01
PCG: 2 : 1.045828e-05 / 1.186689e+00
PCG: 0 : 1.045828e-05
PCG: 1 : 6.687429e-06 / 6.394390e-01
PCG: 2 : 5.846469e-06 / 5.590280e-01
PCG: 0 : 5.846469e-06
PCG: 1 : 5.683849e-06 / 9.721850e-01
PCG: 2 : 6.937170e-06 / 1.186557e+00
PCG: 0 : 6.937170e-06
PCG: 1 : 4.434321e-06 / 6.392119e-01
PCG: 2 : 3.878554e-06 / 5.590975e-01
PCG: 0 : 3.878554e-06
PCG: 1 : 3.769019e-06 / 9.717588e-01
PCG: 2 : 4.601483e-06 / 1.186391e+00
PCG: 0 : 4.601482e-06
PCG: 1 : 2.940522e-06 / 6.390380e-01
PCG: 2 : 2.573021e-06 / 5.591722e-01
PCG: 0 : 2.573021e-06
PCG: 1 : 2.499474e-06 / 9.714160e-01
PCG: 2 : 3.052295e-06 / 1.186269e+00
PCG: 0 : 3.052295e-06
PCG: 1 : 1.950082e-06 / 6.388906e-01
PCG: 2 : 1.707019e-06 / 5.592574e-01
PCG: 0 : 1.707019e-06
PCG: 1 : 1.657663e-06 / 9.710864e-01
PCG: 2 : 2.024687e-06 / 1.186096e+00
PCG: 0 : 2.024687e-06
PCG: 1 : 1.293351e-06 / 6.387902e-01
PCG: 2 : 1.132456e-06 / 5.593241e-01
PCG: 0 : 1.132456e-06
PCG: 1 : 1.099432e-06 / 9.708380e-01
PCG: 2 : 1.343046e-06 / 1.185959e+00
PCG: 0 : 1.343046e-06
PCG: 1 : 8.578183e-07 / 6.387109e-01
PCG: 2 : 7.513186e-07 / 5.594137e-01
PCG: 0 : 7.513187e-07
PCG: 1 : 7.292322e-07 / 9.706030e-01
PCG: 2 : 8.909328e-07 / 1.185825e+00
PCG: 0 : 8.909327e-07
PCG: 1 : 5.689931e-07 / 6.386487e-01
PCG: 2 : 4.984502e-07 / 5.594701e-01
PCG: 0 : 4.984502e-07
PCG: 1 : 4.837045e-07 / 9.704169e-01
PCG: 2 : 5.910066e-07 / 1.185688e+00
PCG: 0 : 5.910066e-07
PCG: 1 : 3.774247e-07 / 6.386133e-01
PCG: 2 : 3.306950e-07 / 5.595453e-01
PCG: 0 : 3.306949e-07
PCG: 1 : 3.208598e-07 / 9.702592e-01
PCG: 2 : 3.920617e-07 / 1.185569e+00
PCG: 0 : 3.920617e-07
PCG: 1 : 2.503657e-07 / 6.385876e-01
PCG: 2 : 2.194061e-07 / 5.596213e-01
PCG: 0 : 2.194061e-07
PCG: 1 : 2.128455e-07 / 9.700983e-01
PCG: 2 : 2.600859e-07 / 1.185409e+00
PCG: 0 : 2.600859e-07
PCG: 1 : 1.660876e-07 / 6.385874e-01
PCG: 2 : 1.455671e-07 / 5.596884e-01
PCG: 0 : 1.455671e-07
PCG: 1 : 1.411985e-07 / 9.699896e-01
PCG: 2 : 1.725377e-07 / 1.185279e+00
PCG: 0 : 1.725376e-07
PCG: 1 : 1.101815e-07 / 6.385939e-01
PCG: 2 : 9.658323e-08 / 5.597807e-01
PCG: 0 : 9.658323e-08
PCG: 1 : 9.367196e-08 / 9.698574e-01
PCG: 2 : 1.144633e-07 / 1.185126e+00
PCG: 0 : 1.144633e-07
PCG: 1 : 7.309755e-08 / 6.386114e-01
PCG: 2 : 6.408163e-08 / 5.598446e-01
PCG: 0 : 6.408163e-08
PCG: 1 : 6.214409e-08 / 9.697645e-01
PCG: 2 : 7.593542e-08 / 1.184979e+00

PCG ( VCycle ( S: Scale / C: Scale )  )

Complete solver TOE: 0.944484
25.694 GFlop/s [25.694 GFlops/s]

Total time: 0.944484s
Accumulated op time: 0.678938

Reductions: 70.121%
Blas-1: 0.867352%
Blas-2: 0.896151%
Precon Kernels: 0%
MPI Execution: 0%
MPI Wait: 0%
Not covered: 28.1155%

Domain size: 192.423 MByte
LA size: 483.361 MByte
MPI size: 10.6972 MByte

H0-Error: 4.759901e-07
H1-Error: 2.017209e-03

Writing DATA to output.data...
Run-Time: 0:03.653 [0:03.653]
0x31d198e880 Error: MemoryPool<CUDA> still contains memory chunks on deconstructor call
