NUM-PROCS: 1
Preparing domain...
LVL-MIN: 5 [5]
LVL-MAX: 7 [7]
Creating gates...
Assembling system matrices...
Assembling system filters...
Assembling transfer matrices...
Converting assembled linear system from SparseMatrixCSR, Mem:main to SparseMatrixCSR, Mem:mainand to SparseMatrixCSR, Mem:main...
PCG: 0 : 7.572460e-02
PCG: 1 : 2.892973e-01 / 3.820387e+00
PCG: 2 : 2.174525e-01 / 2.871623e+00
PCG: 3 : 3.691229e-01 / 4.874544e+00
PCG: 4 : 3.153107e-01 / 4.163913e+00
PCG: 5 : 1.886812e-01 / 2.491676e+00
PCG: 6 : 2.114757e-01 / 2.792695e+00
PCG: 7 : 1.822091e-01 / 2.406208e+00
PCG: 8 : 1.046488e-01 / 1.381965e+00
PCG: 9 : 6.015834e-02 / 7.944359e-01
PCG: 0 : 5.980039e-02
PCG: 1 : 4.280934e-02 / 7.158706e-01
PCG: 2 : 4.608078e-02 / 7.705765e-01
PCG: 3 : 3.302703e-02 / 5.522879e-01
PCG: 4 : 1.401698e-02 / 2.343962e-01
PCG: 5 : 1.274685e-02 / 2.131566e-01
PCG: 6 : 1.115809e-02 / 1.865890e-01
PCG: 7 : 5.540966e-03 / 9.265769e-02
PCG: 8 : 4.543167e-03 / 7.597220e-02
PCG: 9 : 5.487192e-03 / 9.175847e-02
PCG: 0 : 5.487187e-03
PCG: 1 : 2.558319e-03 / 4.662351e-01
PCG: 2 : 2.001112e-03 / 3.646882e-01
PCG: 3 : 1.483773e-03 / 2.704068e-01
PCG: 4 : 1.628232e-03 / 2.967336e-01
PCG: 5 : 3.142159e-03 / 5.726358e-01
PCG: 6 : 2.257872e-03 / 4.114807e-01
PCG: 7 : 1.514149e-03 / 2.759427e-01
PCG: 8 : 1.481808e-03 / 2.700488e-01
PCG: 9 : 1.466272e-03 / 2.672175e-01
PCG: 0 : 1.466272e-03
PCG: 1 : 1.216532e-03 / 8.296772e-01
PCG: 2 : 8.158474e-04 / 5.564094e-01
PCG: 3 : 7.444039e-04 / 5.076848e-01
PCG: 4 : 8.315280e-04 / 5.671036e-01
PCG: 5 : 6.170211e-04 / 4.208094e-01
PCG: 6 : 3.775290e-04 / 2.574755e-01
PCG: 7 : 3.053530e-04 / 2.082513e-01
PCG: 8 : 3.005801e-04 / 2.049962e-01
PCG: 9 : 3.935772e-04 / 2.684203e-01
PCG: 0 : 3.935774e-04
PCG: 1 : 2.328807e-04 / 5.917025e-01
PCG: 2 : 1.916692e-04 / 4.869925e-01
PCG: 3 : 2.249787e-04 / 5.716250e-01
PCG: 4 : 3.361764e-04 / 8.541558e-01
PCG: 5 : 3.572381e-04 / 9.076693e-01
PCG: 6 : 2.233436e-04 / 5.674706e-01
PCG: 7 : 1.694829e-04 / 4.306214e-01
PCG: 8 : 2.084406e-04 / 5.296052e-01
PCG: 9 : 1.772683e-04 / 4.504027e-01
PCG: 0 : 1.772683e-04
PCG: 1 : 1.532796e-04 / 8.646758e-01
PCG: 2 : 8.938399e-05 / 5.042298e-01
PCG: 3 : 9.716566e-05 / 5.481275e-01
PCG: 4 : 1.190386e-04 / 6.715165e-01
PCG: 5 : 8.311576e-05 / 4.688697e-01
PCG: 6 : 4.634645e-05 / 2.614480e-01
PCG: 7 : 3.400107e-05 / 1.918056e-01
PCG: 8 : 3.477410e-05 / 1.961664e-01
PCG: 9 : 4.812186e-05 / 2.714634e-01
PCG: 0 : 4.812182e-05
PCG: 1 : 3.062988e-05 / 6.365072e-01
PCG: 2 : 2.596538e-05 / 5.395759e-01
PCG: 3 : 3.247708e-05 / 6.748931e-01
PCG: 4 : 4.577674e-05 / 9.512678e-01
PCG: 5 : 4.896479e-05 / 1.017517e+00
PCG: 6 : 2.955481e-05 / 6.141666e-01
PCG: 7 : 2.186574e-05 / 4.543831e-01
PCG: 8 : 2.685453e-05 / 5.580530e-01
PCG: 9 : 2.007519e-05 / 4.171744e-01
PCG: 0 : 2.007522e-05
PCG: 1 : 2.103201e-05 / 1.047660e+00
PCG: 2 : 1.320714e-05 / 6.578829e-01
PCG: 3 : 1.403238e-05 / 6.989900e-01
PCG: 4 : 1.600059e-05 / 7.970320e-01
PCG: 5 : 1.059972e-05 / 5.280003e-01
PCG: 6 : 6.676698e-06 / 3.325841e-01
PCG: 7 : 5.103256e-06 / 2.542067e-01
PCG: 8 : 5.036738e-06 / 2.508933e-01
PCG: 9 : 4.998012e-06 / 2.489642e-01
PCG: 0 : 4.998012e-06
PCG: 1 : 4.438448e-06 / 8.880428e-01
PCG: 2 : 4.065736e-06 / 8.134707e-01
PCG: 3 : 4.767548e-06 / 9.538890e-01
PCG: 4 : 6.072717e-06 / 1.215027e+00
PCG: 5 : 6.396165e-06 / 1.279742e+00
PCG: 6 : 4.045808e-06 / 8.094834e-01
PCG: 7 : 3.099354e-06 / 6.201174e-01
PCG: 8 : 3.565250e-06 / 7.133337e-01
PCG: 9 : 2.378374e-06 / 4.758641e-01
PCG: 0 : 2.378373e-06
PCG: 1 : 2.849165e-06 / 1.197947e+00
PCG: 2 : 1.835797e-06 / 7.718710e-01
PCG: 3 : 1.927472e-06 / 8.104160e-01
PCG: 4 : 2.142255e-06 / 9.007229e-01
PCG: 5 : 1.429117e-06 / 6.008799e-01
PCG: 6 : 9.057920e-07 / 3.808452e-01
PCG: 7 : 6.793838e-07 / 2.856506e-01
PCG: 8 : 6.715362e-07 / 2.823510e-01
PCG: 9 : 6.863109e-07 / 2.885632e-01
PCG: 0 : 6.863112e-07
PCG: 1 : 6.119262e-07 / 8.916162e-01
PCG: 2 : 5.525925e-07 / 8.051632e-01
PCG: 3 : 6.547352e-07 / 9.539918e-01
PCG: 4 : 8.337726e-07 / 1.214861e+00
PCG: 5 : 8.753524e-07 / 1.275445e+00
PCG: 6 : 5.478111e-07 / 7.981964e-01
PCG: 7 : 4.180831e-07 / 6.091742e-01
PCG: 8 : 4.939805e-07 / 7.197616e-01
PCG: 9 : 3.285795e-07 / 4.787616e-01
PCG: 0 : 3.285794e-07
PCG: 1 : 3.956947e-07 / 1.204259e+00
PCG: 2 : 2.491229e-07 / 7.581818e-01
PCG: 3 : 2.632337e-07 / 8.011266e-01
PCG: 4 : 2.937754e-07 / 8.940775e-01
PCG: 5 : 1.952388e-07 / 5.941905e-01
PCG: 6 : 1.230443e-07 / 3.744737e-01
PCG: 7 : 9.232459e-08 / 2.809811e-01
PCG: 8 : 9.333592e-08 / 2.840590e-01
PCG: 9 : 9.506647e-08 / 2.893257e-01
PCG: 0 : 9.506648e-08
PCG: 1 : 8.486653e-08 / 8.927072e-01
PCG: 2 : 7.538051e-08 / 7.929241e-01
PCG: 3 : 8.968114e-08 / 9.433519e-01
PCG: 4 : 1.144071e-07 / 1.203443e+00
PCG: 5 : 1.196082e-07 / 1.258153e+00
PCG: 6 : 7.452486e-08 / 7.839236e-01
PCG: 7 : 5.703501e-08 / 5.999487e-01
PCG: 8 : 6.933742e-08 / 7.293571e-01
PCG: 9 : 4.577133e-08 / 4.814666e-01
PCG: 0 : 4.577133e-08
PCG: 1 : 5.531029e-08 / 1.208405e+00
PCG: 2 : 3.399251e-08 / 7.426594e-01
PCG: 3 : 3.593013e-08 / 7.849920e-01
PCG: 4 : 4.024653e-08 / 8.792955e-01
PCG: 5 : 2.672914e-08 / 5.839711e-01
PCG: 6 : 1.678810e-08 / 3.667819e-01
PCG: 7 : 1.265662e-08 / 2.765184e-01
PCG: 8 : 1.303750e-08 / 2.848399e-01
PCG: 9 : 1.322367e-08 / 2.889072e-01
PCG: 0 : 1.322367e-08
PCG: 1 : 1.180098e-08 / 8.924132e-01
PCG: 2 : 1.031788e-08 / 7.802587e-01
PCG: 3 : 1.227767e-08 / 9.284620e-01
PCG: 4 : 1.569697e-08 / 1.187036e+00
PCG: 5 : 1.634813e-08 / 1.236278e+00
PCG: 6 : 1.017814e-08 / 7.696914e-01
PCG: 7 : 7.838942e-09 / 5.927963e-01
PCG: 8 : 9.782261e-09 / 7.397539e-01
PCG: 9 : 6.413115e-09 / 4.849724e-01

PCG ( VCycle ( S: Scale / C: Scale )  )

Complete solver TOE: 0.098245
3.1591 GFlop/s [3.1591 GFlops/s]

Total time: 0.098245s
Accumulated op time: 0.093096

Reductions: 9.49972%
Blas-1: 3.67856%
Blas-2: 81.5807%
Precon Kernels: 0%
MPI Execution: 0%
MPI Wait: 0%
Not covered: 5.24098%

Domain size: 3.00121 MByte
LA size: 7.32276 MByte
MPI size: 0.167549 MByte

H0-Error: 2.746424e-05
H1-Error: 1.613732e-02

Writing DATA to output.data...
Run-Time: 0:00.133 [0:00.133]
0x31d198e880 Error: MemoryPool<CPU> still contains memory chunks on deconstructor call
