NUM-PROCS: 1
Preparing domain...
LVL-MIN: 5 [5]
LVL-MAX: 9 [9]
Creating gates...
Assembling system matrices...
Assembling system filters...
Assembling transfer matrices...
Converting assembled linear system from SparseMatrixCSR, Mem:main to SparseMatrixELL, Mem:cudaand to SparseMatrixELL, Mem:cuda...
PCG:  0 : 1.894534e-02
PCG:  1 : 7.936785e-02 / 4.189307e+00
PCG:  2 : 8.004848e-02 / 4.225234e+00
PCG:  3 : 1.997661e-01 / 1.054434e+01
PCG:  4 : 2.650330e-01 / 1.398935e+01
PCG:  5 : 1.697545e-01 / 8.960227e+00
PCG:  6 : 1.549430e-01 / 8.178421e+00
PCG:  7 : 1.151547e-01 / 6.078262e+00
PCG:  8 : 9.995869e-02 / 5.276163e+00
PCG:  9 : 8.459806e-02 / 4.465376e+00
PCG: 10 : 3.798962e-02 / 2.005222e+00
PCG: 11 : 2.064840e-02 / 1.089893e+00
PCG: 12 : 1.273251e-02 / 6.720656e-01
PCG: 13 : 8.356788e-03 / 4.411000e-01
PCG: 14 : 3.203391e-03 / 1.690860e-01
PCG: 15 : 1.070921e-03 / 5.652690e-02
PCG:  0 : 1.303879e-03
PCG:  1 : 1.517684e-03 / 1.163976e+00
PCG:  2 : 1.815406e-03 / 1.392311e+00
PCG:  3 : 3.828202e-04 / 2.936010e-01
PCG:  4 : 2.095402e-04 / 1.607053e-01
PCG:  5 : 1.027086e-04 / 7.877159e-02
PCG:  6 : 1.209593e-04 / 9.276878e-02
PCG:  7 : 6.963954e-05 / 5.340951e-02
PCG:  8 : 3.334441e-05 / 2.557324e-02
PCG:  9 : 1.797249e-05 / 1.378387e-02
PCG: 10 : 2.642227e-05 / 2.026436e-02
PCG: 11 : 3.163358e-05 / 2.426113e-02
PCG: 12 : 3.027528e-05 / 2.321940e-02
PCG: 13 : 1.904050e-05 / 1.460296e-02
PCG: 14 : 2.256177e-05 / 1.730358e-02
PCG: 15 : 2.558134e-05 / 1.961941e-02
PCG:  0 : 2.558139e-05
PCG:  1 : 1.687700e-05 / 6.597375e-01
PCG:  2 : 1.623197e-05 / 6.345225e-01
PCG:  3 : 9.300696e-06 / 3.635727e-01
PCG:  4 : 1.390454e-05 / 5.435413e-01
PCG:  5 : 1.090385e-05 / 4.262413e-01
PCG:  6 : 4.518713e-06 / 1.766406e-01
PCG:  7 : 6.309955e-06 / 2.466619e-01
PCG:  8 : 7.780054e-06 / 3.041294e-01
PCG:  9 : 8.726182e-06 / 3.411144e-01
PCG: 10 : 7.308041e-06 / 2.856780e-01
PCG: 11 : 7.842988e-06 / 3.065896e-01
PCG: 12 : 6.422328e-06 / 2.510546e-01
PCG: 13 : 3.735334e-06 / 1.460176e-01
PCG: 14 : 1.899840e-06 / 7.426649e-02
PCG: 15 : 1.540364e-06 / 6.021424e-02
PCG:  0 : 1.540367e-06
PCG:  1 : 1.005491e-06 / 6.527607e-01
PCG:  2 : 7.383393e-07 / 4.793270e-01
PCG:  3 : 3.693898e-07 / 2.398064e-01
PCG:  4 : 2.338787e-07 / 1.518332e-01
PCG:  5 : 1.470319e-07 / 9.545255e-02
PCG:  6 : 1.051807e-07 / 6.828287e-02
PCG:  7 : 8.169883e-08 / 5.303856e-02
PCG:  8 : 6.990430e-08 / 4.538159e-02
PCG:  9 : 5.416850e-08 / 3.516598e-02
PCG: 10 : 6.145610e-08 / 3.989706e-02
PCG: 11 : 4.642308e-08 / 3.013768e-02
PCG: 12 : 4.405462e-08 / 2.860009e-02
PCG: 13 : 4.511346e-08 / 2.928748e-02
PCG: 14 : 3.246843e-08 / 2.107838e-02
PCG: 15 : 2.833897e-08 / 1.839755e-02
PCG:  0 : 2.833889e-08
PCG:  1 : 2.505748e-08 / 8.842084e-01
PCG:  2 : 2.512475e-08 / 8.865821e-01
PCG:  3 : 1.491793e-08 / 5.264121e-01
PCG:  4 : 1.583631e-08 / 5.588190e-01
PCG:  5 : 2.411190e-08 / 8.508414e-01
PCG:  6 : 1.597779e-08 / 5.638116e-01
PCG:  7 : 1.486788e-08 / 5.246459e-01
PCG:  8 : 1.314091e-08 / 4.637058e-01
PCG:  9 : 1.408735e-08 / 4.971031e-01
PCG: 10 : 1.260884e-08 / 4.449307e-01
PCG: 11 : 1.349883e-08 / 4.763360e-01
PCG: 12 : 9.766886e-09 / 3.446460e-01
PCG: 13 : 7.155256e-09 / 2.524890e-01
PCG: 14 : 4.328062e-09 / 1.527252e-01
PCG: 15 : 4.564332e-09 / 1.610625e-01

PCG ( VCycle ( S: Scale / C: Scale )  )

Complete solver TOE: 3.60645
0.783945 GFlop/s [0.783945 GFlops/s]

Total time: 3.60645s
Accumulated op time: 1.14366

Reductions: 21.456%
Blas-1: 5.50702%
Blas-2: 4.74844%
Precon Kernels: 0%
MPI Execution: 0%
MPI Wait: 0%
Not covered: 68.2885%

Domain size: 26.7772 MByte
LA size: 89.0505 MByte
MPI size: 2.67928 MByte

H0-Error: 1.716915e-06
H1-Error: 4.034414e-03

Writing DATA to output.data...
Run-Time: 0:06.561 [0:06.561]
0xb32f59f8 Error: MemoryPool<CUDA> still contains memory chunks on deconstructor call
