NUM-PROCS: 1
Preparing domain...
LVL-MIN: 5 [5]
LVL-MAX: 10 [10]
Creating gates...
Assembling system matrices...
Assembling system filters...
Assembling transfer matrices...
Converting assembled linear system from SparseMatrixCSR, Mem:main to SparseMatrixCSR, Mem:mainand to SparseMatrixCSR, Mem:main...
PCG: 0 : 9.473041e-03
PCG: 1 : 4.063083e-02 / 4.289102e+00
PCG: 2 : 4.513056e-02 / 4.764105e+00
PCG: 3 : 1.234024e-01 / 1.302669e+01
PCG: 4 : 2.104577e-01 / 2.221649e+01
PCG: 0 : 2.104669e-01
PCG: 1 : 1.460716e-01 / 6.940359e-01
PCG: 2 : 1.156354e-01 / 5.494231e-01
PCG: 3 : 1.293381e-01 / 6.145292e-01
PCG: 4 : 1.127545e-01 / 5.357349e-01
PCG: 0 : 1.127545e-01
PCG: 1 : 6.516887e-02 / 5.779715e-01
PCG: 2 : 5.074109e-02 / 4.500140e-01
PCG: 3 : 3.132479e-02 / 2.778142e-01
PCG: 4 : 2.883472e-02 / 2.557302e-01
PCG: 0 : 2.883472e-02
PCG: 1 : 2.306965e-02 / 8.000651e-01
PCG: 2 : 3.515767e-02 / 1.219283e+00
PCG: 3 : 4.363668e-02 / 1.513338e+00
PCG: 4 : 5.395684e-02 / 1.871246e+00
PCG: 0 : 5.395686e-02
PCG: 1 : 3.414169e-02 / 6.327592e-01
PCG: 2 : 2.506270e-02 / 4.644951e-01
PCG: 3 : 1.448586e-02 / 2.684712e-01
PCG: 4 : 1.488025e-02 / 2.757804e-01
PCG: 0 : 1.488025e-02
PCG: 1 : 1.317812e-02 / 8.856114e-01
PCG: 2 : 2.176973e-02 / 1.462995e+00
PCG: 3 : 2.718608e-02 / 1.826991e+00
PCG: 4 : 3.199277e-02 / 2.150016e+00
PCG: 0 : 3.199277e-02
PCG: 1 : 2.237870e-02 / 6.994926e-01
PCG: 2 : 1.659953e-02 / 5.188525e-01
PCG: 3 : 9.093769e-03 / 2.842445e-01
PCG: 4 : 9.001817e-03 / 2.813704e-01
PCG: 0 : 9.001818e-03
PCG: 1 : 8.536532e-03 / 9.483119e-01
PCG: 2 : 1.459584e-02 / 1.621432e+00
PCG: 3 : 1.755702e-02 / 1.950385e+00
PCG: 4 : 2.005578e-02 / 2.227970e+00
PCG: 0 : 2.005578e-02
PCG: 1 : 1.481905e-02 / 7.388919e-01
PCG: 2 : 1.101657e-02 / 5.492966e-01
PCG: 3 : 5.801072e-03 / 2.892469e-01
PCG: 4 : 5.658208e-03 / 2.821236e-01
PCG: 0 : 5.658209e-03
PCG: 1 : 5.555261e-03 / 9.818056e-01
PCG: 2 : 9.664048e-03 / 1.707970e+00
PCG: 3 : 1.140514e-02 / 2.015681e+00
PCG: 4 : 1.292191e-02 / 2.283745e+00
PCG: 0 : 1.292191e-02
PCG: 1 : 9.768422e-03 / 7.559583e-01
PCG: 2 : 7.245174e-03 / 5.606893e-01
PCG: 3 : 3.754022e-03 / 2.905161e-01
PCG: 4 : 3.628972e-03 / 2.808388e-01
PCG: 0 : 3.628972e-03
PCG: 1 : 3.617433e-03 / 9.968201e-01
PCG: 2 : 6.338813e-03 / 1.746724e+00
PCG: 3 : 7.453246e-03 / 2.053817e+00
PCG: 4 : 8.425872e-03 / 2.321834e+00
PCG: 0 : 8.425875e-03
PCG: 1 : 6.423387e-03 / 7.623407e-01
PCG: 2 : 4.751916e-03 / 5.639670e-01
PCG: 3 : 2.447327e-03 / 2.904537e-01
PCG: 4 : 2.349451e-03 / 2.788377e-01
PCG: 0 : 2.349451e-03
PCG: 1 : 2.358075e-03 / 1.003671e+00
PCG: 2 : 4.146582e-03 / 1.764915e+00
PCG: 3 : 4.882369e-03 / 2.078089e+00
PCG: 4 : 5.517903e-03 / 2.348592e+00
PCG: 0 : 5.517902e-03
PCG: 1 : 4.218400e-03 / 7.644933e-01
PCG: 2 : 3.115638e-03 / 5.646417e-01
PCG: 3 : 1.600637e-03 / 2.900808e-01
PCG: 4 : 1.527973e-03 / 2.769120e-01
PCG: 0 : 1.527973e-03
PCG: 1 : 1.538900e-03 / 1.007151e+00
PCG: 2 : 2.711799e-03 / 1.774769e+00
PCG: 3 : 3.200583e-03 / 2.094659e+00
PCG: 4 : 3.619052e-03 / 2.368531e+00
PCG: 0 : 3.619051e-03
PCG: 1 : 2.769089e-03 / 7.651424e-01
PCG: 2 : 2.043374e-03 / 5.646161e-01
PCG: 3 : 1.048478e-03 / 2.897107e-01
PCG: 4 : 9.962496e-04 / 2.752793e-01
PCG: 0 : 9.962495e-04
PCG: 1 : 1.005363e-03 / 1.009148e+00
PCG: 2 : 1.773914e-03 / 1.780593e+00
PCG: 3 : 2.098278e-03 / 2.106177e+00
PCG: 4 : 2.374423e-03 / 2.383361e+00
PCG: 0 : 2.374423e-03
PCG: 1 : 1.817238e-03 / 7.653390e-01
PCG: 2 : 1.340713e-03 / 5.646480e-01
PCG: 3 : 6.877586e-04 / 2.896530e-01
PCG: 4 : 6.508781e-04 / 2.741206e-01
PCG: 0 : 6.508782e-04
PCG: 1 : 6.576055e-04 / 1.010336e+00
PCG: 2 : 1.161134e-03 / 1.783949e+00
PCG: 3 : 1.375929e-03 / 2.113957e+00
PCG: 4 : 1.558307e-03 / 2.394160e+00
PCG: 0 : 1.558307e-03
PCG: 1 : 1.192564e-03 / 7.652944e-01
PCG: 2 : 8.797914e-04 / 5.645815e-01
PCG: 3 : 4.513392e-04 / 2.896343e-01
PCG: 4 : 4.257866e-04 / 2.732366e-01
PCG: 0 : 4.257865e-04
PCG: 1 : 4.304301e-04 / 1.010906e+00
PCG: 2 : 7.603556e-04 / 1.785767e+00
PCG: 3 : 9.022312e-04 / 2.118976e+00
PCG: 4 : 1.022701e-03 / 2.401911e+00
PCG: 0 : 1.022701e-03
PCG: 1 : 7.824989e-04 / 7.651296e-01
PCG: 2 : 5.773760e-04 / 5.645598e-01
PCG: 3 : 2.963728e-04 / 2.897941e-01
PCG: 4 : 2.788981e-04 / 2.727073e-01
PCG: 0 : 2.788982e-04
PCG: 1 : 2.819702e-04 / 1.011015e+00
PCG: 2 : 4.981047e-04 / 1.785973e+00
PCG: 3 : 5.916103e-04 / 2.121241e+00
PCG: 4 : 6.711853e-04 / 2.406560e+00
PCG: 0 : 6.711854e-04
PCG: 1 : 5.134571e-04 / 7.650003e-01
PCG: 2 : 3.790306e-04 / 5.647182e-01
PCG: 3 : 1.947647e-04 / 2.901801e-01
PCG: 4 : 1.829467e-04 / 2.725726e-01
PCG: 0 : 1.829467e-04
PCG: 1 : 1.848725e-04 / 1.010527e+00
PCG: 2 : 3.263869e-04 / 1.784055e+00
PCG: 3 : 3.879377e-04 / 2.120496e+00
PCG: 4 : 4.404275e-04 / 2.407409e+00
PCG: 0 : 4.404274e-04
PCG: 1 : 3.368705e-04 / 7.648718e-01
PCG: 2 : 2.488559e-04 / 5.650327e-01
PCG: 3 : 1.280791e-04 / 2.908064e-01
PCG: 4 : 1.201725e-04 / 2.728542e-01
PCG: 0 : 1.201725e-04
PCG: 1 : 1.213511e-04 / 1.009808e+00
PCG: 2 : 2.139101e-04 / 1.780025e+00
PCG: 3 : 2.543727e-04 / 2.116729e+00
PCG: 4 : 2.889812e-04 / 2.404719e+00
PCG: 0 : 2.889812e-04
PCG: 1 : 2.209805e-04 / 7.646881e-01
PCG: 2 : 1.633681e-04 / 5.653242e-01
PCG: 3 : 8.429345e-05 / 2.916918e-01
PCG: 4 : 7.902422e-05 / 2.734580e-01
PCG: 0 : 7.902424e-05
PCG: 1 : 7.969753e-05 / 1.008520e+00
PCG: 2 : 1.402097e-04 / 1.774262e+00
PCG: 3 : 1.667807e-04 / 2.110500e+00
PCG: 4 : 1.895812e-04 / 2.399026e+00
PCG: 0 : 1.895812e-04
PCG: 1 : 1.449499e-04 / 7.645794e-01
PCG: 2 : 1.072599e-04 / 5.657729e-01
PCG: 3 : 5.552462e-05 / 2.928803e-01
PCG: 4 : 5.206199e-05 / 2.746157e-01
PCG: 0 : 5.206199e-05
PCG: 1 : 5.240113e-05 / 1.006514e+00
PCG: 2 : 9.192062e-05 / 1.765600e+00
PCG: 3 : 1.093206e-04 / 2.099816e+00
PCG: 4 : 1.243277e-04 / 2.388071e+00
PCG: 0 : 1.243277e-04
PCG: 1 : 9.504781e-05 / 7.644941e-01
PCG: 2 : 7.041413e-05 / 5.663590e-01
PCG: 3 : 3.660157e-05 / 2.943959e-01
PCG: 4 : 3.435410e-05 / 2.763189e-01
PCG: 0 : 3.435412e-05
PCG: 1 : 3.449033e-05 / 1.003965e+00
PCG: 2 : 6.027137e-05 / 1.754415e+00
PCG: 3 : 7.164602e-05 / 2.085515e+00
PCG: 4 : 8.151970e-05 / 2.372924e+00
PCG: 0 : 8.151968e-05
PCG: 1 : 6.231254e-05 / 7.643864e-01
PCG: 2 : 4.622500e-05 / 5.670410e-01
PCG: 3 : 2.415047e-05 / 2.962533e-01
PCG: 4 : 2.270529e-05 / 2.785253e-01
PCG: 0 : 2.270530e-05
PCG: 1 : 2.272376e-05 / 1.000813e+00
PCG: 2 : 3.951376e-05 / 1.740288e+00
PCG: 3 : 4.694382e-05 / 2.067527e+00
PCG: 4 : 5.343529e-05 / 2.353429e+00
PCG: 0 : 5.343529e-05
PCG: 1 : 4.084027e-05 / 7.642938e-01
PCG: 2 : 3.034428e-05 / 5.678697e-01
PCG: 3 : 1.594974e-05 / 2.984869e-01
PCG: 4 : 1.503127e-05 / 2.812986e-01
PCG: 0 : 1.503127e-05
PCG: 1 : 1.498976e-05 / 9.972382e-01
PCG: 2 : 2.590488e-05 / 1.723400e+00
PCG: 3 : 3.074967e-05 / 2.045713e+00
PCG: 4 : 3.501349e-05 / 2.329377e+00
PCG: 0 : 3.501349e-05
PCG: 1 : 2.675815e-05 / 7.642241e-01
PCG: 2 : 1.991558e-05 / 5.687972e-01
PCG: 3 : 1.054501e-05 / 3.011698e-01
PCG: 4 : 9.968453e-06 / 2.847032e-01
PCG: 0 : 9.968452e-06
PCG: 1 : 9.898332e-06 / 9.929658e-01
PCG: 2 : 1.698604e-05 / 1.703980e+00
PCG: 3 : 2.013746e-05 / 2.020118e+00
PCG: 4 : 2.293781e-05 / 2.301040e+00
PCG: 0 : 2.293781e-05
PCG: 1 : 1.752769e-05 / 7.641398e-01
PCG: 2 : 1.307135e-05 / 5.698607e-01
PCG: 3 : 6.978983e-06 / 3.042568e-01
PCG: 4 : 6.622778e-06 / 2.887276e-01
PCG: 0 : 6.622784e-06
PCG: 1 : 6.544334e-06 / 9.881545e-01
PCG: 2 : 1.113813e-05 / 1.681790e+00
PCG: 3 : 1.318497e-05 / 1.990850e+00
PCG: 4 : 1.502190e-05 / 2.268215e+00
PCG: 0 : 1.502190e-05
PCG: 1 : 1.147796e-05 / 7.640821e-01
PCG: 2 : 8.578164e-06 / 5.710439e-01
PCG: 3 : 4.622887e-06 / 3.077432e-01
PCG: 4 : 4.406125e-06 / 2.933134e-01
PCG: 0 : 4.406127e-06
PCG: 1 : 4.331005e-06 / 9.829506e-01
PCG: 2 : 7.302118e-06 / 1.657265e+00
PCG: 3 : 8.628544e-06 / 1.958306e+00
PCG: 4 : 9.833481e-06 / 2.231774e+00
PCG: 0 : 9.833480e-06
PCG: 1 : 7.512782e-06 / 7.640003e-01
PCG: 2 : 5.628698e-06 / 5.724014e-01
PCG: 3 : 3.065554e-06 / 3.117466e-01
PCG: 4 : 2.936490e-06 / 2.986216e-01
PCG: 0 : 2.936488e-06
PCG: 1 : 2.869774e-06 / 9.772812e-01
PCG: 2 : 4.786992e-06 / 1.630176e+00
PCG: 3 : 5.645388e-06 / 1.922497e+00
PCG: 4 : 6.435107e-06 / 2.191430e+00
PCG: 0 : 6.435107e-06
PCG: 1 : 4.915695e-06 / 7.638870e-01
PCG: 2 : 3.692629e-06 / 5.738255e-01
PCG: 3 : 2.034435e-06 / 3.161462e-01
PCG: 4 : 1.959498e-06 / 3.045013e-01
PCG: 0 : 1.959499e-06
PCG: 1 : 1.903630e-06 / 9.714880e-01
PCG: 2 : 3.137983e-06 / 1.601421e+00
PCG: 3 : 3.692183e-06 / 1.884249e+00
PCG: 4 : 4.209805e-06 / 2.148409e+00

PCG ( VCycle ( S: Scale / C: Scale )  )

Complete solver TOE: 79.576
0.0092008 GFlop/s [0.0092008 GFlops/s]

Total time: 79.576s
Accumulated op time: 77.3457

Reductions: 1.67829%
Blas-1: 5.22121%
Blas-2: 90.2979%
Precon Kernels: 0%
MPI Execution: 0%
MPI Wait: 0%
Not covered: 2.80265%

Domain size: 106.918 MByte
LA size: 356.315 MByte
MPI size: 10.6949 MByte

H0-Error: 4.447766e-06
H1-Error: 2.017309e-03

Writing DATA to output.data...
Run-Time: 1:29.426 [1:29.426]
0xb33a79f8 Error: MemoryPool<CPU> still contains memory chunks on deconstructor call
