NUM-PROCS: 1
Preparing domain...
LVL-MIN: 5 [5]
LVL-MAX: 10 [10]
Creating gates...
Assembling system matrices...
Assembling system filters...
Assembling transfer matrices...
Converting assembled linear system from SparseMatrixCSR, Mem:main to SparseMatrixCSR, Mem:mainand to SparseMatrixCSR, Mem:main...
PCG:  0 : 9.466280e-03
PCG:  1 : 4.043862e-02 / 4.271860e+00
PCG:  2 : 4.478078e-02 / 4.730557e+00
PCG:  3 : 1.224985e-01 / 1.294051e+01
PCG:  4 : 2.085453e-01 / 2.203033e+01
PCG:  5 : 1.773998e-01 / 1.874018e+01
PCG:  6 : 1.608406e-01 / 1.699090e+01
PCG:  7 : 9.577692e-02 / 1.011769e+01
PCG:  8 : 7.004766e-02 / 7.399703e+00
PCG:  9 : 7.124367e-02 / 7.526047e+00
PCG: 10 : 4.837934e-02 / 5.110702e+00
PCG: 11 : 2.525395e-02 / 2.667780e+00
PCG: 12 : 1.057774e-02 / 1.117413e+00
PCG: 13 : 5.551098e-03 / 5.864075e-01
PCG: 14 : 2.897389e-03 / 3.060747e-01
PCG: 15 : 1.426073e-03 / 1.506477e-01
PCG: 16 : 1.881862e-03 / 1.987964e-01
PCG: 17 : 9.073835e-04 / 9.585427e-02
PCG: 18 : 3.622694e-04 / 3.826945e-02
PCG: 19 : 1.275585e-03 / 1.347504e-01
PCG: 20 : 1.065531e-03 / 1.125607e-01
PCG:  0 : 1.012462e-03
PCG:  1 : 9.205189e-04 / 9.091888e-01
PCG:  2 : 6.526007e-04 / 6.445683e-01
PCG:  3 : 5.360927e-04 / 5.294943e-01
PCG:  4 : 9.666602e-04 / 9.547622e-01
PCG:  5 : 8.656359e-04 / 8.549814e-01
PCG:  6 : 1.211359e-03 / 1.196449e+00
PCG:  7 : 5.394320e-04 / 5.327924e-01
PCG:  8 : 6.869357e-04 / 6.784806e-01
PCG:  9 : 3.831839e-04 / 3.784676e-01
PCG: 10 : 4.353528e-04 / 4.299943e-01
PCG: 11 : 2.713852e-04 / 2.680449e-01
PCG: 12 : 1.977862e-04 / 1.953518e-01
PCG: 13 : 8.876915e-05 / 8.767655e-02
PCG: 14 : 4.260369e-05 / 4.207931e-02
PCG: 15 : 8.835889e-06 / 8.727134e-03
PCG: 16 : 4.315043e-06 / 4.261932e-03
PCG: 17 : 3.069366e-06 / 3.031587e-03
PCG: 18 : 2.924977e-06 / 2.888976e-03
PCG: 19 : 2.817285e-06 / 2.782609e-03
PCG: 20 : 1.366769e-06 / 1.349946e-03
PCG:  0 : 1.395066e-06
PCG:  1 : 1.087057e-06 / 7.792157e-01
PCG:  2 : 1.010945e-06 / 7.246578e-01
PCG:  3 : 7.436847e-07 / 5.330821e-01
PCG:  4 : 5.798840e-07 / 4.156678e-01
PCG:  5 : 5.618595e-07 / 4.027476e-01
PCG:  6 : 4.492638e-07 / 3.220377e-01
PCG:  7 : 5.174414e-07 / 3.709082e-01
PCG:  8 : 4.000323e-07 / 2.867479e-01
PCG:  9 : 5.387762e-07 / 3.862013e-01
PCG: 10 : 5.425581e-07 / 3.889121e-01
PCG: 11 : 4.894877e-07 / 3.508707e-01
PCG: 12 : 2.209456e-07 / 1.583765e-01
PCG: 13 : 2.447819e-07 / 1.754626e-01
PCG: 14 : 1.549401e-07 / 1.110629e-01
PCG: 15 : 1.967534e-07 / 1.410352e-01
PCG: 16 : 1.187121e-07 / 8.509423e-02
PCG: 17 : 1.143286e-07 / 8.195207e-02
PCG: 18 : 1.752726e-07 / 1.256375e-01
PCG: 19 : 8.705508e-08 / 6.240212e-02
PCG: 20 : 5.156512e-08 / 3.696250e-02
PCG:  0 : 5.156563e-08
PCG:  1 : 3.337153e-08 / 6.471663e-01
PCG:  2 : 2.639780e-08 / 5.119263e-01
PCG:  3 : 2.761202e-08 / 5.354735e-01
PCG:  4 : 1.959296e-08 / 3.799617e-01
PCG:  5 : 1.181386e-08 / 2.291034e-01
PCG:  6 : 8.883195e-09 / 1.722697e-01
PCG:  7 : 7.651244e-09 / 1.483788e-01
PCG:  8 : 6.133949e-09 / 1.189542e-01
PCG:  9 : 5.476139e-09 / 1.061975e-01
PCG: 10 : 5.951603e-09 / 1.154180e-01
PCG: 11 : 4.597149e-09 / 8.915142e-02
PCG: 12 : 2.767056e-09 / 5.366086e-02
PCG: 13 : 2.340563e-09 / 4.538998e-02
PCG: 14 : 2.749236e-09 / 5.331527e-02
PCG: 15 : 1.834699e-09 / 3.557988e-02
PCG: 16 : 1.560190e-09 / 3.025639e-02
PCG: 17 : 1.155950e-09 / 2.241707e-02
PCG: 18 : 1.147331e-09 / 2.224992e-02
PCG: 19 : 1.228605e-09 / 2.382605e-02
PCG: 20 : 1.605814e-09 / 3.114117e-02

PCG ( VCycle ( S: Scale / C: Scale )  )

Complete solver TOE: 5.25088
2.28699 GFlop/s [2.28699 GFlops/s]

Total time: 5.25088s
Accumulated op time: 5.08578

Reductions: 6.49266%
Blas-1: 6.83298%
Blas-2: 83.53%
Precon Kernels: 0%
MPI Execution: 0%
MPI Wait: 0%
Not covered: 3.14437%

Domain size: 192.384 MByte
LA size: 483.107 MByte
MPI size: 10.695 MByte

H0-Error: 4.298366e-07
H1-Error: 2.017209e-03

Writing DATA to output.data...
Run-Time: 0:07.535 [0:07.535]
0x31d198e880 Error: MemoryPool<CPU> still contains memory chunks on deconstructor call
