NUM-PROCS: 1
Preparing domain...
LVL-MIN: 4 [4]
LVL-MAX: 8 [8]
Creating gates...
Assembling system matrices...
Assembling system filters...
Assembling transfer matrices...
Converting assembled linear system from SparseMatrixCSR, Mem:main to SparseMatrixELL, Mem:cudaand to SparseMatrixELL, Mem:cuda...
PCG:  0 : 3.788187e-02
PCG:  1 : 7.372160e-02 / 1.946092e+00
PCG:  2 : 8.837245e-02 / 2.332843e+00
PCG:  3 : 1.869590e-01 / 4.935316e+00
PCG:  4 : 1.519525e-01 / 4.011220e+00
PCG:  5 : 5.171773e-02 / 1.365237e+00
PCG:  6 : 2.259771e-02 / 5.965310e-01
PCG:  7 : 5.483121e-03 / 1.447426e-01
PCG:  8 : 1.832082e-03 / 4.836303e-02
PCG:  9 : 1.007217e-03 / 2.658837e-02
PCG: 10 : 2.794692e-04 / 7.377386e-03
PCG: 11 : 5.024404e-05 / 1.326335e-03
PCG: 12 : 3.274837e-05 / 8.644867e-04
PCG:  0 : 1.559028e-03
PCG:  1 : 1.695225e-04 / 1.087360e-01
PCG:  2 : 3.073507e-04 / 1.971425e-01
PCG:  3 : 9.142995e-05 / 5.864547e-02
PCG:  4 : 7.883612e-05 / 5.056748e-02
PCG:  5 : 1.076155e-04 / 6.902729e-02
PCG:  6 : 1.174467e-04 / 7.533325e-02
PCG:  7 : 6.722329e-05 / 4.311871e-02
PCG:  8 : 2.033938e-05 / 1.304619e-02
PCG:  9 : 5.359808e-06 / 3.437916e-03
PCG: 10 : 1.980408e-06 / 1.270284e-03
PCG: 11 : 1.459819e-06 / 9.363650e-04
PCG: 12 : 1.840216e-07 / 1.180361e-04
PCG:  0 : 1.841543e-07
PCG:  1 : 9.078484e-08 / 4.929826e-01
PCG:  2 : 1.722799e-07 / 9.355192e-01
PCG:  3 : 4.234938e-08 / 2.299669e-01
PCG:  4 : 2.088875e-08 / 1.134307e-01
PCG:  5 : 9.951803e-09 / 5.404058e-02
PCG:  6 : 9.693723e-09 / 5.263915e-02
PCG:  7 : 6.074814e-09 / 3.298764e-02
PCG:  8 : 2.406312e-09 / 1.306683e-02
PCG:  9 : 9.556390e-10 / 5.189340e-03
PCG: 10 : 8.945374e-10 / 4.857544e-03
PCG: 11 : 2.390336e-10 / 1.298007e-03
PCG: 12 : 9.516981e-11 / 5.167940e-04
PCG:  0 : 9.521928e-11
PCG:  1 : 6.797973e-11 / 7.139282e-01
PCG:  2 : 2.949115e-11 / 3.097182e-01
PCG:  3 : 3.606099e-11 / 3.787153e-01
PCG:  4 : 3.964177e-11 / 4.163208e-01
PCG:  5 : 3.806980e-11 / 3.998119e-01
PCG:  6 : 1.600281e-11 / 1.680627e-01
PCG:  7 : 9.165926e-12 / 9.626124e-02
PCG:  8 : 5.242381e-12 / 5.505588e-02
PCG:  9 : 2.613701e-12 / 2.744928e-02
PCG: 10 : 1.375174e-12 / 1.444218e-02
PCG: 11 : 7.846264e-13 / 8.240206e-03
PCG: 12 : 3.819431e-13 / 4.011196e-03

PCG ( VCycle ( S: Scale / C: Scale )  )

Complete solver TOE: 0.086277
5.28404 GFlop/s [5.28404 GFlops/s]

Total time: 0.086277s
Accumulated op time: 0.02702

Reductions: 26.7673%
Blas-1: 2.31232%
Blas-2: 2.23814%
Precon Kernels: 0%
MPI Execution: 0%
MPI Wait: 0%
Not covered: 68.6823%

Domain size: 12.0946 MByte
LA size: 30.305 MByte
MPI size: 0.673698 MByte

H0-Error: 6.865389e-06
H1-Error: 8.068795e-03

Writing DATA to output.data...
Run-Time: 0:00.304 [0:00.304]
0x31d198e880 Error: MemoryPool<CUDA> still contains memory chunks on deconstructor call
