NUM-PROCS: 1
Preparing domain...
LVL-MIN: 3 [3]
LVL-MAX: 8 [8]
Creating gates...
Assembling system matrices...
Assembling system filters...
Assembling transfer matrices...
Converting assembled linear system from SparseMatrixCSR, Mem:main to SparseMatrixCSR, Mem:mainand to SparseMatrixCSR, Mem:main...
PCG: 0 : 3.788183e-02
PCG: 1 : 3.863721e-02 / 1.019940e+00
PCG: 2 : 4.165912e-02 / 1.099712e+00
PCG: 3 : 2.963630e-02 / 7.823356e-01
PCG: 4 : 5.199913e-03 / 1.372667e-01
PCG: 5 : 5.305641e-04 / 1.400577e-02
PCG: 6 : 9.290630e-05 / 2.452530e-03
PCG: 7 : 2.192175e-05 / 5.786878e-04
PCG: 0 : 1.547204e-03
PCG: 1 : 1.702406e-04 / 1.100311e-01
PCG: 2 : 2.481228e-04 / 1.603685e-01
PCG: 3 : 9.662181e-05 / 6.244931e-02
PCG: 4 : 4.283476e-05 / 2.768528e-02
PCG: 5 : 8.291323e-06 / 5.358908e-03
PCG: 6 : 7.765206e-07 / 5.018864e-04
PCG: 7 : 1.176977e-07 / 7.607121e-05
PCG: 0 : 1.177976e-07
PCG: 1 : 3.585433e-08 / 3.043723e-01
PCG: 2 : 1.692631e-08 / 1.436898e-01
PCG: 3 : 7.067012e-09 / 5.999283e-02
PCG: 4 : 1.484507e-09 / 1.260218e-02
PCG: 5 : 3.622812e-10 / 3.075455e-03
PCG: 6 : 5.331272e-10 / 4.525790e-03
PCG: 7 : 1.574794e-10 / 1.336864e-03

PCG ( VCycle ( S: Scale / C: Scale )  )

Complete solver TOE: 0.366961
0.555659 GFlop/s [0.555659 GFlops/s]

Total time: 0.366961s
Accumulated op time: 0.353312

Reductions: 1.96342%
Blas-1: 5.45698%
Blas-2: 88.8601%
Precon Kernels: 0%
MPI Execution: 0%
MPI Wait: 0%
Not covered: 3.71947%

Domain size: 6.73462 MByte
LA size: 22.3983 MByte
MPI size: 0.674286 MByte

H0-Error: 6.865381e-06
H1-Error: 8.068795e-03

Writing DATA to output.data...
Run-Time: 0:00.957 [0:00.957]
0xb332f9f8 Error: MemoryPool<CPU> still contains memory chunks on deconstructor call
