NUM-PROCS: 1
Preparing domain...
LVL-MIN: 3 [3]
LVL-MAX: 6 [6]
Creating gates...
Assembling system matrices...
Assembling system filters...
Assembling transfer matrices...
Converting assembled linear system from SparseMatrixCSR, Mem:main to SparseMatrixCSR, Mem:mainand to SparseMatrixCSR, Mem:main...
PCG: 0 : 1.512630e-01
PCG: 1 : 1.459590e-01 / 9.649351e-01
PCG: 2 : 1.248539e-01 / 8.254097e-01
PCG: 3 : 6.604210e-02 / 4.366045e-01
PCG: 4 : 4.788409e-03 / 3.165618e-02
PCG: 5 : 7.243928e-04 / 4.788963e-03
PCG: 6 : 1.507030e-04 / 9.962980e-04
PCG: 7 : 2.013230e-05 / 1.330947e-04
PCG: 8 : 2.295378e-06 / 1.517475e-05
PCG: 9 : 4.645792e-07 / 3.071334e-06
PCG: 0 : 1.254539e-02
PCG: 1 : 2.763125e-03 / 2.202502e-01
PCG: 2 : 3.451693e-03 / 2.751364e-01
PCG: 3 : 2.698076e-03 / 2.150651e-01
PCG: 4 : 3.833659e-04 / 3.055831e-02
PCG: 5 : 9.222025e-05 / 7.350928e-03
PCG: 6 : 6.702790e-06 / 5.342831e-04
PCG: 7 : 1.302374e-06 / 1.038130e-04
PCG: 8 : 3.165991e-07 / 2.523629e-05
PCG: 9 : 4.037247e-08 / 3.218112e-06
PCG: 0 : 4.695813e-08
PCG: 1 : 1.437747e-08 / 3.061763e-01
PCG: 2 : 1.244996e-08 / 2.651290e-01
PCG: 3 : 3.409626e-09 / 7.260992e-02
PCG: 4 : 2.903252e-09 / 6.182640e-02
PCG: 5 : 2.292544e-09 / 4.882102e-02
PCG: 6 : 7.746329e-10 / 1.649624e-02
PCG: 7 : 1.610223e-10 / 3.429062e-03
PCG: 8 : 6.007009e-11 / 1.279227e-03
PCG: 9 : 1.037928e-11 / 2.210327e-04

PCG ( VCycle ( S: Scale / C: Scale )  )

Complete solver TOE: 0.018834
0.861741 GFlop/s [0.861741 GFlops/s]

Total time: 0.018834s
Accumulated op time: 0.016713

Reductions: 1.68313%
Blas-1: 4.86354%
Blas-2: 82.1918%
Precon Kernels: 0%
MPI Execution: 0%
MPI Wait: 0%
Not covered: 11.2615%

Domain size: 0.431763 MByte
LA size: 1.42664 MByte
MPI size: 0.043396 MByte

H0-Error: 1.098307e-04
H1-Error: 3.227246e-02

Writing DATA to output.data...
Run-Time: 0:00.066 [0:00.066]
0xb33749f8 Error: MemoryPool<CPU> still contains memory chunks on deconstructor call
