NUM-PROCS: 1
Preparing domain...
LVL-MIN: 5 [5]
LVL-MAX: 10 [10]
Creating gates...
Assembling system matrices...
Assembling system filters...
Assembling transfer matrices...
Converting assembled linear system from SparseMatrixCSR, Mem:main to SparseMatrixCSR, Mem:mainand to SparseMatrixCSR, Mem:main...
PCG: 0 : 9.466280e-03
PCG: 1 : 4.043862e-02 / 4.271860e+00
PCG: 2 : 4.478078e-02 / 4.730557e+00
PCG: 3 : 1.224985e-01 / 1.294051e+01
PCG: 0 : 1.224879e-01
PCG: 1 : 1.411940e-01 / 1.152717e+00
PCG: 2 : 1.670301e-01 / 1.363646e+00
PCG: 3 : 1.991201e-01 / 1.625630e+00
PCG: 0 : 1.991201e-01
PCG: 1 : 1.030258e-01 / 5.174052e-01
PCG: 2 : 6.348931e-02 / 3.188493e-01
PCG: 3 : 4.549283e-02 / 2.284693e-01
PCG: 0 : 4.549284e-02
PCG: 1 : 4.366392e-02 / 9.597976e-01
PCG: 2 : 5.615466e-02 / 1.234362e+00
PCG: 3 : 9.614933e-02 / 2.113505e+00
PCG: 0 : 9.614934e-02
PCG: 1 : 5.240004e-02 / 5.449859e-01
PCG: 2 : 3.627621e-02 / 3.772903e-01
PCG: 3 : 3.144874e-02 / 3.270823e-01
PCG: 0 : 3.144875e-02
PCG: 1 : 2.880852e-02 / 9.160467e-01
PCG: 2 : 3.681109e-02 / 1.170511e+00
PCG: 3 : 6.653145e-02 / 2.115552e+00
PCG: 0 : 6.653145e-02
PCG: 1 : 3.809211e-02 / 5.725430e-01
PCG: 2 : 2.890710e-02 / 4.344877e-01
PCG: 3 : 2.692509e-02 / 4.046971e-01
PCG: 0 : 2.692508e-02
PCG: 1 : 2.382519e-02 / 8.848699e-01
PCG: 2 : 2.835271e-02 / 1.053022e+00
PCG: 3 : 4.953679e-02 / 1.839801e+00
PCG: 0 : 4.953682e-02
PCG: 1 : 2.921475e-02 / 5.897583e-01
PCG: 2 : 2.392383e-02 / 4.829504e-01
PCG: 3 : 2.327450e-02 / 4.698425e-01
PCG: 0 : 2.327449e-02
PCG: 1 : 2.017742e-02 / 8.669325e-01
PCG: 2 : 2.220171e-02 / 9.539074e-01
PCG: 3 : 3.729250e-02 / 1.602290e+00
PCG: 0 : 3.729250e-02
PCG: 1 : 2.242573e-02 / 6.013471e-01
PCG: 2 : 1.962540e-02 / 5.262560e-01
PCG: 3 : 1.971121e-02 / 5.285571e-01
PCG: 0 : 1.971122e-02
PCG: 1 : 1.691781e-02 / 8.582832e-01
PCG: 2 : 1.738806e-02 / 8.821402e-01
PCG: 3 : 2.824573e-02 / 1.432977e+00
PCG: 0 : 2.824572e-02
PCG: 1 : 1.721342e-02 / 6.094168e-01
PCG: 2 : 1.595860e-02 / 5.649917e-01
PCG: 3 : 1.637009e-02 / 5.795600e-01
PCG: 0 : 1.637008e-02
PCG: 1 : 1.399683e-02 / 8.550250e-01
PCG: 2 : 1.362176e-02 / 8.321133e-01
PCG: 3 : 2.147664e-02 / 1.311945e+00
PCG: 0 : 2.147664e-02
PCG: 1 : 1.324133e-02 / 6.165456e-01
PCG: 2 : 1.288838e-02 / 6.001116e-01
PCG: 3 : 1.339688e-02 / 6.237885e-01
PCG: 0 : 1.339688e-02
PCG: 1 : 1.146244e-02 / 8.556049e-01
PCG: 2 : 1.067735e-02 / 7.970026e-01
PCG: 3 : 1.638575e-02 / 1.223102e+00
PCG: 0 : 1.638575e-02
PCG: 1 : 1.022082e-02 / 6.237628e-01
PCG: 2 : 1.037790e-02 / 6.333488e-01
PCG: 3 : 1.084925e-02 / 6.621146e-01
PCG: 0 : 1.084924e-02
PCG: 1 : 9.314665e-03 / 8.585545e-01
PCG: 2 : 8.373416e-03 / 7.717974e-01
PCG: 3 : 1.255201e-02 / 1.156948e+00
PCG: 0 : 1.255201e-02
PCG: 1 : 7.917101e-03 / 6.307436e-01
PCG: 2 : 8.334506e-03 / 6.639978e-01
PCG: 3 : 8.719697e-03 / 6.946853e-01
PCG: 0 : 8.719697e-03
PCG: 1 : 7.531299e-03 / 8.637112e-01
PCG: 2 : 6.576607e-03 / 7.542242e-01
PCG: 3 : 9.641926e-03 / 1.105764e+00
PCG: 0 : 9.641927e-03
PCG: 1 : 6.151796e-03 / 6.380256e-01
PCG: 2 : 6.679626e-03 / 6.927688e-01
PCG: 3 : 6.972590e-03 / 7.231532e-01
PCG: 0 : 6.972595e-03
PCG: 1 : 6.063030e-03 / 8.695515e-01
PCG: 2 : 5.171585e-03 / 7.417017e-01
PCG: 3 : 7.426388e-03 / 1.065082e+00
PCG: 0 : 7.426389e-03
PCG: 1 : 4.792619e-03 / 6.453500e-01
PCG: 2 : 5.347006e-03 / 7.200009e-01
PCG: 3 : 5.554313e-03 / 7.479158e-01
PCG: 0 : 5.554316e-03
PCG: 1 : 4.869330e-03 / 8.766751e-01
PCG: 2 : 4.069561e-03 / 7.326846e-01
PCG: 3 : 5.736159e-03 / 1.032739e+00
PCG: 0 : 5.736158e-03
PCG: 1 : 3.746033e-03 / 6.530561e-01
PCG: 2 : 4.273421e-03 / 7.449971e-01
PCG: 3 : 4.408898e-03 / 7.686152e-01
PCG: 0 : 4.408897e-03
PCG: 1 : 3.903788e-03 / 8.854342e-01
PCG: 2 : 3.204941e-03 / 7.269258e-01
PCG: 3 : 4.440699e-03 / 1.007213e+00
PCG: 0 : 4.440702e-03
PCG: 1 : 2.933898e-03 / 6.606834e-01
PCG: 2 : 3.413659e-03 / 7.687204e-01
PCG: 3 : 3.493886e-03 / 7.867868e-01
PCG: 0 : 3.493887e-03
PCG: 1 : 3.122085e-03 / 8.935849e-01
PCG: 2 : 2.527185e-03 / 7.233163e-01
PCG: 3 : 3.442725e-03 / 9.853567e-01
PCG: 0 : 3.442726e-03
PCG: 1 : 2.301938e-03 / 6.686383e-01
PCG: 2 : 2.724146e-03 / 7.912758e-01
PCG: 3 : 2.764696e-03 / 8.030543e-01
PCG: 0 : 2.764694e-03
PCG: 1 : 2.495034e-03 / 9.024630e-01
PCG: 2 : 1.993911e-03 / 7.212049e-01
PCG: 3 : 2.674232e-03 / 9.672797e-01
PCG: 0 : 2.674231e-03
PCG: 1 : 1.809936e-03 / 6.768061e-01
PCG: 2 : 2.171695e-03 / 8.120822e-01
PCG: 3 : 2.185162e-03 / 8.171180e-01
PCG: 0 : 2.185165e-03
PCG: 1 : 1.992797e-03 / 9.119666e-01
PCG: 2 : 1.572861e-03 / 7.197906e-01
PCG: 3 : 2.080175e-03 / 9.519532e-01
PCG: 0 : 2.080174e-03
PCG: 1 : 1.424615e-03 / 6.848537e-01
PCG: 2 : 1.729805e-03 / 8.315671e-01
PCG: 3 : 1.725379e-03 / 8.294395e-01
PCG: 0 : 1.725378e-03
PCG: 1 : 1.589494e-03 / 9.212438e-01
PCG: 2 : 1.242556e-03 / 7.201642e-01
PCG: 3 : 1.620332e-03 / 9.391170e-01
PCG: 0 : 1.620330e-03
PCG: 1 : 1.122128e-03 / 6.925305e-01
PCG: 2 : 1.377258e-03 / 8.499861e-01
PCG: 3 : 1.361354e-03 / 8.401706e-01
PCG: 0 : 1.361354e-03
PCG: 1 : 1.267267e-03 / 9.308869e-01
PCG: 2 : 9.817695e-04 / 7.211714e-01
PCG: 3 : 1.264047e-03 / 9.285215e-01
PCG: 0 : 1.264047e-03
PCG: 1 : 8.854675e-04 / 7.005021e-01
PCG: 2 : 1.095888e-03 / 8.669681e-01
PCG: 3 : 1.073628e-03 / 8.493575e-01
PCG: 0 : 1.073628e-03
PCG: 1 : 1.010311e-03 / 9.410245e-01
PCG: 2 : 7.749502e-04 / 7.218049e-01
PCG: 3 : 9.873442e-04 / 9.196332e-01
PCG: 0 : 9.873443e-04
PCG: 1 : 6.989083e-04 / 7.078669e-01
PCG: 2 : 8.714632e-04 / 8.826336e-01
PCG: 3 : 8.464032e-04 / 8.572524e-01
PCG: 0 : 8.464031e-04
PCG: 1 : 8.046363e-04 / 9.506538e-01
PCG: 2 : 6.127447e-04 / 7.239395e-01
PCG: 3 : 7.720428e-04 / 9.121455e-01
PCG: 0 : 7.720430e-04
PCG: 1 : 5.517742e-04 / 7.146936e-01
PCG: 2 : 6.930570e-04 / 8.976922e-01
PCG: 3 : 6.672843e-04 / 8.643098e-01
PCG: 0 : 6.672844e-04
PCG: 1 : 6.406814e-04 / 9.601324e-01
PCG: 2 : 4.843651e-04 / 7.258751e-01
PCG: 3 : 6.042856e-04 / 9.055893e-01
PCG: 0 : 6.042851e-04
PCG: 1 : 4.363582e-04 / 7.221065e-01
PCG: 2 : 5.507934e-04 / 9.114793e-01
PCG: 3 : 5.262751e-04 / 8.709053e-01
PCG: 0 : 5.262750e-04
PCG: 1 : 5.099674e-04 / 9.690132e-01
PCG: 2 : 3.826461e-04 / 7.270839e-01
PCG: 3 : 4.734413e-04 / 8.996081e-01
PCG: 0 : 4.734409e-04
PCG: 1 : 3.449954e-04 / 7.286980e-01
PCG: 2 : 4.373702e-04 / 9.238116e-01
PCG: 3 : 4.148871e-04 / 8.763230e-01
PCG: 0 : 4.148867e-04
PCG: 1 : 4.055526e-04 / 9.775019e-01
PCG: 2 : 3.025520e-04 / 7.292400e-01
PCG: 3 : 3.711640e-04 / 8.946154e-01
PCG: 0 : 3.711643e-04
PCG: 1 : 2.726282e-04 / 7.345215e-01
PCG: 2 : 3.472856e-04 / 9.356655e-01
PCG: 3 : 3.272723e-04 / 8.817450e-01
PCG: 0 : 3.272723e-04
PCG: 1 : 3.225259e-04 / 9.854974e-01
PCG: 2 : 2.393673e-04 / 7.314011e-01
PCG: 3 : 2.913538e-04 / 8.902489e-01
PCG: 0 : 2.913536e-04
PCG: 1 : 2.157935e-04 / 7.406585e-01
PCG: 2 : 2.756166e-04 / 9.459863e-01
PCG: 3 : 2.581160e-04 / 8.859198e-01
PCG: 0 : 2.581160e-04
PCG: 1 : 2.563389e-04 / 9.931153e-01
PCG: 2 : 1.890744e-04 / 7.325174e-01
PCG: 3 : 2.288274e-04 / 8.865296e-01
PCG: 0 : 2.288275e-04
PCG: 1 : 1.707737e-04 / 7.462990e-01
PCG: 2 : 2.186548e-04 / 9.555443e-01
PCG: 3 : 2.037389e-04 / 8.903603e-01
PCG: 0 : 2.037388e-04
PCG: 1 : 2.036269e-04 / 9.994507e-01
PCG: 2 : 1.495366e-04 / 7.339622e-01
PCG: 3 : 1.798180e-04 / 8.825910e-01
PCG: 0 : 1.798182e-04
PCG: 1 : 1.349953e-04 / 7.507323e-01
PCG: 2 : 1.734395e-04 / 9.645270e-01
PCG: 3 : 1.608629e-04 / 8.945866e-01
PCG: 0 : 1.608629e-04
PCG: 1 : 1.617518e-04 / 1.005526e+00
PCG: 2 : 1.183262e-04 / 7.355716e-01
PCG: 3 : 1.414581e-04 / 8.793706e-01
PCG: 0 : 1.414581e-04
PCG: 1 : 1.068759e-04 / 7.555308e-01
PCG: 2 : 1.374608e-04 / 9.717419e-01
PCG: 3 : 1.269535e-04 / 8.974636e-01
PCG: 0 : 1.269535e-04
PCG: 1 : 1.283813e-04 / 1.011247e+00
PCG: 2 : 9.354232e-05 / 7.368237e-01
PCG: 3 : 1.113791e-04 / 8.773219e-01
PCG: 0 : 1.113791e-04
PCG: 1 : 8.463378e-05 / 7.598712e-01
PCG: 2 : 1.089481e-04 / 9.781733e-01
PCG: 3 : 1.002524e-04 / 9.001009e-01
PCG: 0 : 1.002525e-04
PCG: 1 : 1.018866e-04 / 1.016300e+00
PCG: 2 : 7.404225e-05 / 7.385580e-01
PCG: 3 : 8.779231e-05 / 8.757123e-01
PCG: 0 : 8.779226e-05
PCG: 1 : 6.696495e-05 / 7.627660e-01
PCG: 2 : 8.635805e-05 / 9.836636e-01
PCG: 3 : 7.913988e-05 / 9.014448e-01
PCG: 0 : 7.913986e-05
PCG: 1 : 8.081929e-05 / 1.021221e+00
PCG: 2 : 5.858899e-05 / 7.403222e-01
PCG: 3 : 6.923755e-05 / 8.748758e-01
PCG: 0 : 6.923754e-05
PCG: 1 : 5.302783e-05 / 7.658827e-01
PCG: 2 : 6.839758e-05 / 9.878684e-01
PCG: 3 : 6.250489e-05 / 9.027601e-01
PCG: 0 : 6.250486e-05
PCG: 1 : 6.407936e-05 / 1.025190e+00
PCG: 2 : 4.633634e-05 / 7.413237e-01
PCG: 3 : 5.462508e-05 / 8.739334e-01
PCG: 0 : 5.462506e-05
PCG: 1 : 4.200111e-05 / 7.688982e-01
PCG: 2 : 5.417038e-05 / 9.916764e-01
PCG: 3 : 4.940020e-05 / 9.043505e-01
PCG: 0 : 4.940016e-05
PCG: 1 : 5.079866e-05 / 1.028310e+00
PCG: 2 : 3.667727e-05 / 7.424523e-01
PCG: 3 : 4.311405e-05 / 8.727511e-01
PCG: 0 : 4.311405e-05
PCG: 1 : 3.323298e-05 / 7.708155e-01
PCG: 2 : 4.288816e-05 / 9.947606e-01
PCG: 3 : 3.902962e-05 / 9.052643e-01
PCG: 0 : 3.902960e-05
PCG: 1 : 4.025493e-05 / 1.031395e+00
PCG: 2 : 2.904761e-05 / 7.442458e-01
PCG: 3 : 3.406508e-05 / 8.728013e-01
PCG: 0 : 3.406509e-05
PCG: 1 : 2.633154e-05 / 7.729773e-01
PCG: 2 : 3.395120e-05 / 9.966568e-01
PCG: 3 : 3.083997e-05 / 9.053248e-01
PCG: 0 : 3.083998e-05
PCG: 1 : 3.190109e-05 / 1.034407e+00
PCG: 2 : 2.300032e-05 / 7.457955e-01
PCG: 3 : 2.694298e-05 / 8.736381e-01
PCG: 0 : 2.694299e-05
PCG: 1 : 2.086772e-05 / 7.745140e-01
PCG: 2 : 2.687582e-05 / 9.975070e-01
PCG: 3 : 2.436377e-05 / 9.042712e-01
PCG: 0 : 2.436377e-05
PCG: 1 : 2.526279e-05 / 1.036900e+00
PCG: 2 : 1.821562e-05 / 7.476521e-01
PCG: 3 : 2.131800e-05 / 8.749877e-01
PCG: 0 : 2.131800e-05
PCG: 1 : 1.652945e-05 / 7.753754e-01
PCG: 2 : 2.127424e-05 / 9.979472e-01
PCG: 3 : 1.925559e-05 / 9.032547e-01
PCG: 0 : 1.925558e-05
PCG: 1 : 2.000807e-05 / 1.039079e+00
PCG: 2 : 1.442911e-05 / 7.493468e-01
PCG: 3 : 1.687130e-05 / 8.761774e-01
PCG: 0 : 1.687130e-05
PCG: 1 : 1.309045e-05 / 7.759007e-01
PCG: 2 : 1.683139e-05 / 9.976345e-01
PCG: 3 : 1.522253e-05 / 9.022740e-01
PCG: 0 : 1.522254e-05
PCG: 1 : 1.583704e-05 / 1.040368e+00
PCG: 2 : 1.142794e-05 / 7.507251e-01
PCG: 3 : 1.335983e-05 / 8.776348e-01
PCG: 0 : 1.335983e-05
PCG: 1 : 1.037942e-05 / 7.769128e-01
PCG: 2 : 1.331283e-05 / 9.964825e-01
PCG: 3 : 1.203074e-05 / 9.005160e-01
PCG: 0 : 1.203074e-05
PCG: 1 : 1.253137e-05 / 1.041613e+00
PCG: 2 : 9.054081e-06 / 7.525790e-01
PCG: 3 : 1.058160e-05 / 8.795473e-01
PCG: 0 : 1.058160e-05
PCG: 1 : 8.221212e-06 / 7.769346e-01
PCG: 2 : 1.053194e-05 / 9.953067e-01
PCG: 3 : 9.515927e-06 / 8.992898e-01
PCG: 0 : 9.515926e-06
PCG: 1 : 9.915674e-06 / 1.042008e+00
PCG: 2 : 7.173759e-06 / 7.538687e-01
PCG: 3 : 8.384553e-06 / 8.811075e-01
PCG: 0 : 8.384555e-06
PCG: 1 : 6.514982e-06 / 7.770217e-01
PCG: 2 : 8.329341e-06 / 9.934148e-01
PCG: 3 : 7.524529e-06 / 8.974273e-01
PCG: 0 : 7.524529e-06
PCG: 1 : 7.846046e-06 / 1.042729e+00
PCG: 2 : 5.684407e-06 / 7.554502e-01
PCG: 3 : 6.649496e-06 / 8.837093e-01
PCG: 0 : 6.649496e-06
PCG: 1 : 5.165261e-06 / 7.767898e-01
PCG: 2 : 6.586537e-06 / 9.905319e-01
PCG: 3 : 5.949083e-06 / 8.946667e-01
PCG: 0 : 5.949082e-06
PCG: 1 : 6.206290e-06 / 1.043235e+00
PCG: 2 : 4.505086e-06 / 7.572741e-01
PCG: 3 : 5.274781e-06 / 8.866547e-01
PCG: 0 : 5.274780e-06
PCG: 1 : 4.092761e-06 / 7.759112e-01
PCG: 2 : 5.208916e-06 / 9.875134e-01
PCG: 3 : 4.704074e-06 / 8.918048e-01
PCG: 0 : 4.704074e-06
PCG: 1 : 4.908045e-06 / 1.043360e+00
PCG: 2 : 3.572316e-06 / 7.594089e-01
PCG: 3 : 4.186052e-06 / 8.898779e-01
PCG: 0 : 4.186048e-06
PCG: 1 : 3.245655e-06 / 7.753505e-01
PCG: 2 : 4.117987e-06 / 9.837410e-01
PCG: 3 : 3.720072e-06 / 8.886834e-01
PCG: 0 : 3.720072e-06
PCG: 1 : 3.881290e-06 / 1.043338e+00
PCG: 2 : 2.831338e-06 / 7.610978e-01
PCG: 3 : 3.322769e-06 / 8.932002e-01
PCG: 0 : 3.322769e-06
PCG: 1 : 2.573499e-06 / 7.745044e-01
PCG: 2 : 3.254930e-06 / 9.795837e-01
PCG: 3 : 2.941565e-06 / 8.852752e-01
PCG: 0 : 2.941565e-06
PCG: 1 : 3.068469e-06 / 1.043142e+00
PCG: 2 : 2.244840e-06 / 7.631449e-01
PCG: 3 : 2.638891e-06 / 8.971044e-01
PCG: 0 : 2.638891e-06
PCG: 1 : 2.040012e-06 / 7.730566e-01
PCG: 2 : 2.573200e-06 / 9.751066e-01
PCG: 3 : 2.326640e-06 / 8.816733e-01
PCG: 0 : 2.326639e-06
PCG: 1 : 2.425164e-06 / 1.042346e+00
PCG: 2 : 1.780212e-06 / 7.651429e-01
PCG: 3 : 2.096143e-06 / 9.009317e-01
PCG: 0 : 2.096143e-06
PCG: 1 : 1.617795e-06 / 7.717959e-01
PCG: 2 : 2.033576e-06 / 9.701513e-01
PCG: 3 : 1.839717e-06 / 8.776675e-01
PCG: 0 : 1.839717e-06
PCG: 1 : 1.917410e-06 / 1.042231e+00
PCG: 2 : 1.411777e-06 / 7.673883e-01
PCG: 3 : 1.665764e-06 / 9.054460e-01
PCG: 0 : 1.665766e-06
PCG: 1 : 1.283666e-06 / 7.706156e-01
PCG: 2 : 1.607011e-06 / 9.647278e-01
PCG: 3 : 1.455137e-06 / 8.735540e-01
PCG: 0 : 1.455136e-06
PCG: 1 : 1.514840e-06 / 1.041030e+00
PCG: 2 : 1.119476e-06 / 7.693274e-01
PCG: 3 : 1.323638e-06 / 9.096320e-01
PCG: 0 : 1.323638e-06
PCG: 1 : 1.017764e-06 / 7.689145e-01
PCG: 2 : 1.269903e-06 / 9.594039e-01
PCG: 3 : 1.151421e-06 / 8.698913e-01
PCG: 0 : 1.151421e-06
PCG: 1 : 1.197281e-06 / 1.039829e+00
PCG: 2 : 8.884949e-07 / 7.716510e-01
PCG: 3 : 1.052251e-06 / 9.138717e-01

PCG ( VCycle ( S: Scale / C: Scale )  )

Complete solver TOE: 21.3159
2.2251 GFlop/s [2.2251 GFlops/s]

Total time: 21.3159s
Accumulated op time: 20.5111

Reductions: 6.76026%
Blas-1: 6.80762%
Blas-2: 82.6565%
Precon Kernels: 0%
MPI Execution: 0%
MPI Wait: 0%
Not covered: 3.77562%

Domain size: 192.384 MByte
LA size: 483.107 MByte
MPI size: 10.695 MByte

H0-Error: 1.984550e-06
H1-Error: 2.017223e-03

Writing DATA to output.data...
Run-Time: 0:23.569 [0:23.569]
0x31d198e880 Error: MemoryPool<CPU> still contains memory chunks on deconstructor call
