NUM-PROCS: 1
Preparing domain...
LVL-MIN: 5 [5]
LVL-MAX: 9 [9]
Creating gates...
Assembling system matrices...
Assembling system filters...
Assembling transfer matrices...
Converting assembled linear system from SparseMatrixCSR, Mem:main to SparseMatrixCSR, Mem:mainand to SparseMatrixCSR, Mem:main...
PCG:  0 : 1.894513e-02
PCG:  1 : 7.936680e-02 / 4.189298e+00
PCG:  2 : 8.004709e-02 / 4.225207e+00
PCG:  3 : 1.997482e-01 / 1.054351e+01
PCG:  4 : 2.650188e-01 / 1.398876e+01
PCG:  5 : 1.697481e-01 / 8.959987e+00
PCG:  6 : 1.549356e-01 / 8.178124e+00
PCG:  7 : 1.151493e-01 / 6.078040e+00
PCG:  8 : 9.995347e-02 / 5.275945e+00
PCG:  9 : 8.459257e-02 / 4.465136e+00
PCG: 10 : 3.798695e-02 / 2.005104e+00
PCG: 11 : 2.064710e-02 / 1.089837e+00
PCG: 12 : 1.273181e-02 / 6.720362e-01
PCG: 13 : 8.356193e-03 / 4.410734e-01
PCG: 14 : 3.203180e-03 / 1.690767e-01
PCG: 15 : 1.070897e-03 / 5.652626e-02
PCG: 16 : 1.683131e-03 / 8.884241e-02
PCG: 17 : 1.089341e-03 / 5.749978e-02
PCG:  0 : 1.290885e-03
PCG:  1 : 3.218513e-04 / 2.493260e-01
PCG:  2 : 1.590566e-04 / 1.232151e-01
PCG:  3 : 1.640090e-04 / 1.270515e-01
PCG:  4 : 9.430708e-05 / 7.305612e-02
PCG:  5 : 6.849271e-05 / 5.305871e-02
PCG:  6 : 4.199435e-05 / 3.253143e-02
PCG:  7 : 2.889179e-05 / 2.238137e-02
PCG:  8 : 3.126736e-05 / 2.422164e-02
PCG:  9 : 4.042585e-05 / 3.131637e-02
PCG: 10 : 2.700503e-05 / 2.091977e-02
PCG: 11 : 3.176513e-05 / 2.460724e-02
PCG: 12 : 2.377541e-05 / 1.841791e-02
PCG: 13 : 3.698362e-05 / 2.864980e-02
PCG: 14 : 2.691717e-05 / 2.085171e-02
PCG: 15 : 1.031196e-05 / 7.988281e-03
PCG: 16 : 1.611775e-05 / 1.248581e-02
PCG: 17 : 1.583814e-05 / 1.226921e-02
PCG:  0 : 1.583816e-05
PCG:  1 : 9.881281e-06 / 6.238906e-01
PCG:  2 : 4.162466e-06 / 2.628124e-01
PCG:  3 : 4.815841e-06 / 3.040656e-01
PCG:  4 : 4.101824e-06 / 2.589836e-01
PCG:  5 : 3.078463e-06 / 1.943700e-01
PCG:  6 : 3.009412e-06 / 1.900102e-01
PCG:  7 : 1.164945e-06 / 7.355302e-02
PCG:  8 : 1.476392e-06 / 9.321737e-02
PCG:  9 : 1.070228e-06 / 6.757276e-02
PCG: 10 : 8.820883e-07 / 5.569385e-02
PCG: 11 : 8.839081e-07 / 5.580875e-02
PCG: 12 : 1.010555e-06 / 6.380504e-02
PCG: 13 : 1.080224e-06 / 6.820385e-02
PCG: 14 : 1.220398e-06 / 7.705424e-02
PCG: 15 : 9.253712e-07 / 5.842668e-02
PCG: 16 : 5.413966e-07 / 3.418304e-02
PCG: 17 : 5.575030e-07 / 3.519998e-02
PCG:  0 : 5.575042e-07
PCG:  1 : 3.145791e-07 / 5.642632e-01
PCG:  2 : 2.864199e-07 / 5.137538e-01
PCG:  3 : 1.826175e-07 / 3.275625e-01
PCG:  4 : 1.541871e-07 / 2.765667e-01
PCG:  5 : 1.192268e-07 / 2.138582e-01
PCG:  6 : 7.607493e-08 / 1.364562e-01
PCG:  7 : 1.060462e-07 / 1.902159e-01
PCG:  8 : 8.889664e-08 / 1.594546e-01
PCG:  9 : 9.578802e-08 / 1.718158e-01
PCG: 10 : 5.192470e-08 / 9.313777e-02
PCG: 11 : 6.048162e-08 / 1.084864e-01
PCG: 12 : 4.060083e-08 / 7.282604e-02
PCG: 13 : 3.454426e-08 / 6.196233e-02
PCG: 14 : 2.321623e-08 / 4.164314e-02
PCG: 15 : 2.612231e-08 / 4.685581e-02
PCG: 16 : 2.968931e-08 / 5.325396e-02
PCG: 17 : 3.921793e-08 / 7.034553e-02
PCG:  0 : 3.921795e-08
PCG:  1 : 2.089853e-08 / 5.328817e-01
PCG:  2 : 1.482577e-08 / 3.780353e-01
PCG:  3 : 1.232964e-08 / 3.143876e-01
PCG:  4 : 1.469913e-08 / 3.748062e-01
PCG:  5 : 1.442558e-08 / 3.678310e-01
PCG:  6 : 1.697395e-08 / 4.328108e-01
PCG:  7 : 1.271212e-08 / 3.241404e-01
PCG:  8 : 1.282581e-08 / 3.270394e-01
PCG:  9 : 9.099243e-09 / 2.320173e-01
PCG: 10 : 7.997470e-09 / 2.039237e-01
PCG: 11 : 4.788320e-09 / 1.220951e-01
PCG: 12 : 4.936520e-09 / 1.258740e-01
PCG: 13 : 5.835677e-09 / 1.488012e-01
PCG: 14 : 5.515697e-09 / 1.406422e-01
PCG: 15 : 4.978614e-09 / 1.269473e-01
PCG: 16 : 3.350208e-09 / 8.542536e-02
PCG: 17 : 3.918843e-09 / 9.992473e-02

PCG ( VCycle ( S: Scale / C: Scale )  )

Complete solver TOE: 6.96085
0.459093 GFlop/s [0.459093 GFlops/s]

Total time: 6.96085s
Accumulated op time: 6.79643

Reductions: 1.83223%
Blas-1: 5.44876%
Blas-2: 90.3569%
Precon Kernels: 0%
MPI Execution: 0%
MPI Wait: 0%
Not covered: 2.36215%

Domain size: 26.7772 MByte
LA size: 89.0505 MByte
MPI size: 2.67928 MByte

H0-Error: 1.716786e-06
H1-Error: 4.034414e-03

Writing DATA to output.data...
Run-Time: 0:09.432 [0:09.432]
0xb32dc9f8 Error: MemoryPool<CPU> still contains memory chunks on deconstructor call
