NUM-PROCS: 1
Preparing domain...
LVL-MIN: 3 [3]
LVL-MAX: 8 [8]
Creating gates...
Assembling system matrices...
Assembling system filters...
Assembling transfer matrices...
Converting assembled linear system from SparseMatrixCSR, Mem:main to SparseMatrixELL, Mem:cudaand to SparseMatrixELL, Mem:cuda...
PCG: 0 : 3.788187e-02
PCG: 1 : 3.863712e-02 / 1.019937e+00
PCG: 2 : 4.165920e-02 / 1.099713e+00
PCG: 3 : 2.963627e-02 / 7.823339e-01
PCG: 4 : 5.199974e-03 / 1.372681e-01
PCG: 5 : 5.305759e-04 / 1.400606e-02
PCG: 6 : 9.290725e-05 / 2.452552e-03
PCG: 7 : 2.191962e-05 / 5.786309e-04
PCG: 0 : 1.547208e-03
PCG: 1 : 1.703327e-04 / 1.100904e-01
PCG: 2 : 2.493259e-04 / 1.611457e-01
PCG: 3 : 9.700822e-05 / 6.269889e-02
PCG: 4 : 4.285366e-05 / 2.769741e-02
PCG: 5 : 8.293237e-06 / 5.360130e-03
PCG: 6 : 7.746896e-07 / 5.007017e-04
PCG: 7 : 1.158846e-07 / 7.489918e-05
PCG: 0 : 1.160123e-07
PCG: 1 : 2.900000e-08 / 2.499736e-01
PCG: 2 : 1.131865e-08 / 9.756425e-02
PCG: 3 : 6.323488e-09 / 5.450707e-02
PCG: 4 : 1.472017e-09 / 1.268846e-02
PCG: 5 : 2.839133e-10 / 2.447270e-03
PCG: 6 : 1.383586e-10 / 1.192620e-03
PCG: 7 : 9.564968e-11 / 8.244791e-04

PCG ( VCycle ( S: Scale / C: Scale )  )

Complete solver TOE: 0.07568
2.69431 GFlop/s [2.69431 GFlops/s]

Total time: 0.07568s
Accumulated op time: 0.014666

Reductions: 16.6239%
Blas-1: 1.38478%
Blas-2: 1.37024%
Precon Kernels: 0%
MPI Execution: 0%
MPI Wait: 0%
Not covered: 80.621%

Domain size: 12.1052 MByte
LA size: 30.3707 MByte
MPI size: 0.674332 MByte

H0-Error: 6.865418e-06
H1-Error: 8.068795e-03

Writing DATA to output.data...
Run-Time: 0:00.300 [0:00.300]
0x31d198e880 Error: MemoryPool<CUDA> still contains memory chunks on deconstructor call
