NUM-PROCS: 1
Preparing domain...
LVL-MIN: 3 [3]
LVL-MAX: 10 [10]
Creating gates...
Assembling system matrices...
Assembling system filters...
Assembling transfer matrices...
Converting assembled linear system from SparseMatrixCSR, Mem:main to SparseMatrixELL, Mem:cudaand to SparseMatrixELL, Mem:cuda...
PCG: 0 : 9.473710e-03
PCG: 1 : 1.006421e-02 / 1.062330e+00
PCG: 2 : 1.259371e-02 / 1.329332e+00
PCG: 0 : 1.259461e-02
PCG: 1 : 9.715236e-03 / 7.713802e-01
PCG: 2 : 7.853948e-03 / 6.235957e-01
PCG: 0 : 7.853949e-03
PCG: 1 : 5.458930e-03 / 6.950554e-01
PCG: 2 : 6.272110e-03 / 7.985932e-01
PCG: 0 : 6.272111e-03
PCG: 1 : 4.198330e-03 / 6.693648e-01
PCG: 2 : 2.847895e-03 / 4.540569e-01
PCG: 0 : 2.847895e-03
PCG: 1 : 2.116100e-03 / 7.430401e-01
PCG: 2 : 1.602764e-03 / 5.627890e-01
PCG: 0 : 1.602764e-03
PCG: 1 : 9.725633e-04 / 6.068038e-01
PCG: 2 : 7.246321e-04 / 4.521140e-01
PCG: 0 : 7.246321e-04
PCG: 1 : 5.067084e-04 / 6.992630e-01
PCG: 2 : 4.108417e-04 / 5.669659e-01
PCG: 0 : 4.108417e-04
PCG: 1 : 2.387581e-04 / 5.811438e-01
PCG: 2 : 1.846445e-04 / 4.494297e-01
PCG: 0 : 1.846445e-04
PCG: 1 : 1.265943e-04 / 6.856112e-01
PCG: 2 : 1.049164e-04 / 5.682073e-01
PCG: 0 : 1.049164e-04
PCG: 1 : 6.025819e-05 / 5.743450e-01
PCG: 2 : 4.707163e-05 / 4.486587e-01
PCG: 0 : 4.707163e-05
PCG: 1 : 3.215664e-05 / 6.831427e-01
PCG: 2 : 2.676563e-05 / 5.686148e-01
PCG: 0 : 2.676563e-05
PCG: 1 : 1.536283e-05 / 5.739760e-01
PCG: 2 : 1.200935e-05 / 4.486853e-01
PCG: 0 : 1.200935e-05
PCG: 1 : 8.215882e-06 / 6.841241e-01
PCG: 2 : 6.830841e-06 / 5.687938e-01
PCG: 0 : 6.830841e-06
PCG: 1 : 3.930976e-06 / 5.754747e-01
PCG: 2 : 3.066830e-06 / 4.489681e-01
PCG: 0 : 3.066830e-06
PCG: 1 : 2.103757e-06 / 6.859713e-01
PCG: 2 : 1.744431e-06 / 5.688061e-01
PCG: 0 : 1.744431e-06
PCG: 1 : 1.007352e-06 / 5.774674e-01
PCG: 2 : 7.838778e-07 / 4.493601e-01
PCG: 0 : 7.838778e-07
PCG: 1 : 5.392376e-07 / 6.879103e-01
PCG: 2 : 4.457996e-07 / 5.687106e-01
PCG: 0 : 4.457996e-07
PCG: 1 : 2.583554e-07 / 5.795325e-01
PCG: 2 : 2.004988e-07 / 4.497510e-01
PCG: 0 : 2.004988e-07
PCG: 1 : 1.383116e-07 / 6.898373e-01
PCG: 2 : 1.139952e-07 / 5.685577e-01
PCG: 0 : 1.139951e-07
PCG: 1 : 6.630098e-08 / 5.816123e-01
PCG: 2 : 5.131556e-08 / 4.501557e-01
PCG: 0 : 5.131556e-08
PCG: 1 : 3.549599e-08 / 6.917198e-01
PCG: 2 : 2.916524e-08 / 5.683509e-01
PCG: 0 : 2.916524e-08
PCG: 1 : 1.702396e-08 / 5.837072e-01
PCG: 2 : 1.314047e-08 / 4.505525e-01
PCG: 0 : 1.314047e-08
PCG: 1 : 9.114393e-09 / 6.936123e-01
PCG: 2 : 7.465397e-09 / 5.681224e-01
PCG: 0 : 7.465398e-09
PCG: 1 : 4.373580e-09 / 5.858469e-01
PCG: 2 : 3.366357e-09 / 4.509280e-01

PCG ( VCycle ( S: Scale / C: Scale )  )

Complete solver TOE: 0.475023
17.5164 GFlop/s [17.5164 GFlops/s]

Total time: 0.475023s
Accumulated op time: 0.234308

Reductions: 47.9219%
Blas-1: 0.675336%
Blas-2: 0.728386%
Precon Kernels: 0%
MPI Execution: 0%
MPI Wait: 0%
Not covered: 50.6744%

Domain size: 192.433 MByte
LA size: 483.427 MByte
MPI size: 10.6978 MByte

H0-Error: 4.304373e-07
H1-Error: 2.017209e-03

Writing DATA to output.data...
Run-Time: 0:03.195 [0:03.195]
0x31d198e880 Error: MemoryPool<CUDA> still contains memory chunks on deconstructor call
