NUM-PROCS: 1
Preparing domain...
LVL-MIN: 1 [1]
LVL-MAX: 4 [4]
Creating gates...
Assembling system matrices...
Assembling system filters...
Assembling transfer matrices...
Converting assembled linear system from SparseMatrixCSR, Mem:main to SparseMatrixCSR, Mem:mainand to SparseMatrixCSR, Mem:main...
PCG: 0 : 5.972903e-01
PCG: 1 : 1.487374e-01 / 2.490203e-01
PCG: 2 : 2.463503e-02 / 4.124464e-02
PCG: 3 : 1.799222e-03 / 3.012308e-03
PCG: 4 : 2.092345e-04 / 3.503062e-04
PCG: 5 : 6.109358e-06 / 1.022846e-05
PCG: 6 : 9.105761e-07 / 1.524512e-06
PCG: 0 : 1.332011e-01
PCG: 1 : 2.122489e-02 / 1.593447e-01
PCG: 2 : 3.559236e-03 / 2.672076e-02
PCG: 3 : 1.066826e-04 / 8.009137e-04
PCG: 4 : 2.020635e-05 / 1.516980e-04
PCG: 5 : 5.906086e-07 / 4.433960e-06
PCG: 6 : 5.386573e-08 / 4.043939e-07
PCG: 0 : 9.753916e-08
PCG: 1 : 1.239096e-08 / 1.270357e-01
PCG: 2 : 1.253614e-09 / 1.285242e-02
PCG: 3 : 1.621818e-10 / 1.662735e-03
PCG: 4 : 1.756353e-11 / 1.800664e-04
PCG: 5 : 1.722138e-12 / 1.765586e-05
PCG: 6 : 1.868242e-13 / 1.915376e-06
PCG: 0 : 1.906081e-13
PCG: 1 : 2.827101e-14 / 1.483201e-01
PCG: 2 : 3.052968e-15 / 1.601699e-02
PCG: 3 : 3.385230e-16 / 1.776016e-03
PCG: 4 : 3.579682e-17 / 1.878033e-04
PCG: 5 : 3.538282e-18 / 1.856313e-05
PCG: 6 : 1.987714e-19 / 1.042828e-06

PCG ( VCycle ( S: Scale / C: Scale )  )

Complete solver TOE: 0.00238
0.405201 GFlop/s [0.405201 GFlops/s]

Total time: 0.00238s
Accumulated op time: 0.001186

Reductions: 1.72269%
Blas-1: 6.42857%
Blas-2: 41.6807%
Precon Kernels: 0%
MPI Execution: 0%
MPI Wait: 0%
Not covered: 50.1681%

Domain size: 0.030304 MByte
LA size: 0.0969467 MByte
MPI size: 0.00311279 MByte

H0-Error: 1.753315e-03
H1-Error: 1.289155e-01

Writing DATA to output.data...
Run-Time: 0:00.017 [0:00.017]
0xb32ee9f8 Error: MemoryPool<CPU> still contains memory chunks on deconstructor call
