NUM-PROCS: 1
Preparing domain...
LVL-MIN: 3 [3]
LVL-MAX: 4 [4]
Creating gates...
Assembling system matrices...
Assembling system filters...
Assembling transfer matrices...
Converting assembled linear system from SparseMatrixCSR, Mem:main to SparseMatrixCSR, Mem:mainand to SparseMatrixCSR, Mem:main...
PCG:  0 : 5.972903e-01
PCG:  1 : 5.273274e-01 / 8.828663e-01
PCG:  2 : 2.764902e-01 / 4.629076e-01
PCG:  3 : 9.832023e-02 / 1.646105e-01
PCG:  4 : 6.052134e-03 / 1.013265e-02
PCG:  5 : 1.363251e-03 / 2.282393e-03
PCG:  6 : 1.705095e-04 / 2.854718e-04
PCG:  7 : 2.806938e-05 / 4.699454e-05
PCG:  8 : 6.510850e-07 / 1.090065e-06
PCG:  9 : 8.164585e-08 / 1.366938e-07
PCG: 10 : 1.344093e-08 / 2.250318e-08
PCG:  0 : 1.332006e-01
PCG:  1 : 7.376557e-02 / 5.537932e-01
PCG:  2 : 6.012328e-02 / 4.513740e-01
PCG:  3 : 5.363446e-02 / 4.026594e-01
PCG:  4 : 6.604000e-03 / 4.957937e-02
PCG:  5 : 1.613987e-03 / 1.211696e-02
PCG:  6 : 1.236693e-04 / 9.284441e-04
PCG:  7 : 3.953326e-05 / 2.967950e-04
PCG:  8 : 9.528524e-07 / 7.153516e-06
PCG:  9 : 7.571445e-08 / 5.684244e-07
PCG: 10 : 5.184994e-09 / 3.892622e-08

PCG ( VCycle ( S: Scale / C: Scale )  )

Complete solver TOE: 0.001519
0.420522 GFlop/s [0.420522 GFlops/s]

Total time: 0.001519s
Accumulated op time: 0.000709

Reductions: 1.90915%
Blas-1: 5.13496%
Blas-2: 39.6313%
Precon Kernels: 0%
MPI Execution: 0%
MPI Wait: 0%
Not covered: 53.3246%

Domain size: 0.027832 MByte
LA size: 0.0803223 MByte
MPI size: 0.00283813 MByte

H0-Error: 1.753309e-03
H1-Error: 1.289155e-01

Writing DATA to output.data...
Run-Time: 0:00.018 [0:00.018]
0xb33d59f8 Error: MemoryPool<CPU> still contains memory chunks on deconstructor call
