NUM-PROCS: 1
Preparing domain...
LVL-MIN: 4 [4]
LVL-MAX: 8 [8]
Creating gates...
Assembling system matrices...
Assembling system filters...
Assembling transfer matrices...
Converting assembled linear system from SparseMatrixCSR, Mem:main to SparseMatrixCSR, Mem:mainand to SparseMatrixCSR, Mem:main...
PCG: 0 : 3.788183e-02
PCG: 1 : 7.372122e-02 / 1.946084e+00
PCG: 2 : 8.837140e-02 / 2.332818e+00
PCG: 3 : 1.869553e-01 / 4.935223e+00
PCG: 4 : 1.519496e-01 / 4.011148e+00
PCG: 0 : 1.520784e-01
PCG: 1 : 8.017832e-02 / 5.272170e-01
PCG: 2 : 2.164133e-02 / 1.423038e-01
PCG: 3 : 1.352711e-02 / 8.894823e-02
PCG: 4 : 2.058935e-02 / 1.353864e-01
PCG: 0 : 2.058935e-02
PCG: 1 : 7.047622e-03 / 3.422945e-01
PCG: 2 : 4.965487e-03 / 2.411677e-01
PCG: 3 : 4.900018e-03 / 2.379879e-01
PCG: 4 : 3.069269e-03 / 1.490707e-01
PCG: 0 : 3.069270e-03
PCG: 1 : 2.841621e-03 / 9.258298e-01
PCG: 2 : 2.111071e-03 / 6.878088e-01
PCG: 3 : 1.801009e-03 / 5.867876e-01
PCG: 4 : 2.055174e-03 / 6.695971e-01
PCG: 0 : 2.055174e-03
PCG: 1 : 1.064016e-03 / 5.177255e-01
PCG: 2 : 1.185177e-03 / 5.766795e-01
PCG: 3 : 8.294377e-04 / 4.035850e-01
PCG: 4 : 4.109531e-04 / 1.999602e-01
PCG: 0 : 4.109532e-04
PCG: 1 : 4.407232e-04 / 1.072441e+00
PCG: 2 : 4.492340e-04 / 1.093151e+00
PCG: 3 : 3.229881e-04 / 7.859485e-01
PCG: 4 : 3.506193e-04 / 8.531855e-01
PCG: 0 : 3.506193e-04
PCG: 1 : 2.037478e-04 / 5.811083e-01
PCG: 2 : 2.445235e-04 / 6.974047e-01
PCG: 3 : 1.426630e-04 / 4.068888e-01
PCG: 4 : 7.834558e-05 / 2.234492e-01
PCG: 0 : 7.834560e-05
PCG: 1 : 8.302110e-05 / 1.059678e+00
PCG: 2 : 9.161966e-05 / 1.169430e+00
PCG: 3 : 5.917781e-05 / 7.553431e-01
PCG: 4 : 7.251590e-05 / 9.255899e-01
PCG: 0 : 7.251589e-05
PCG: 1 : 4.031615e-05 / 5.559630e-01
PCG: 2 : 4.781372e-05 / 6.593550e-01
PCG: 3 : 2.858290e-05 / 3.941605e-01
PCG: 4 : 1.672001e-05 / 2.305702e-01
PCG: 0 : 1.672001e-05
PCG: 1 : 1.655773e-05 / 9.902945e-01
PCG: 2 : 1.785211e-05 / 1.067709e+00
PCG: 3 : 1.185617e-05 / 7.091011e-01
PCG: 4 : 1.566474e-05 / 9.368861e-01
PCG: 0 : 1.566474e-05
PCG: 1 : 8.157958e-06 / 5.207847e-01
PCG: 2 : 9.425919e-06 / 6.017283e-01
PCG: 3 : 5.955278e-06 / 3.801708e-01
PCG: 4 : 3.647903e-06 / 2.328735e-01
PCG: 0 : 3.647904e-06
PCG: 1 : 3.421648e-06 / 9.379767e-01
PCG: 2 : 3.530494e-06 / 9.678146e-01
PCG: 3 : 2.399467e-06 / 6.577661e-01
PCG: 4 : 3.390860e-06 / 9.295366e-01
PCG: 0 : 3.390861e-06
PCG: 1 : 1.686852e-06 / 4.974702e-01
PCG: 2 : 1.906152e-06 / 5.621439e-01
PCG: 3 : 1.259163e-06 / 3.713402e-01
PCG: 4 : 8.023481e-07 / 2.366208e-01
PCG: 0 : 8.023480e-07
PCG: 1 : 7.250259e-07 / 9.036302e-01
PCG: 2 : 7.176773e-07 / 8.944713e-01
PCG: 3 : 4.907894e-07 / 6.116914e-01
PCG: 4 : 7.309563e-07 / 9.110216e-01
PCG: 0 : 7.309564e-07
PCG: 1 : 3.541076e-07 / 4.844441e-01
PCG: 2 : 3.952122e-07 / 5.406782e-01
PCG: 3 : 2.703635e-07 / 3.698763e-01
PCG: 4 : 1.772388e-07 / 2.424752e-01
PCG: 0 : 1.772388e-07
PCG: 1 : 1.563796e-07 / 8.823103e-01
PCG: 2 : 1.494265e-07 / 8.430800e-01
PCG: 3 : 1.019366e-07 / 5.751371e-01
PCG: 4 : 1.569128e-07 / 8.853188e-01
PCG: 0 : 1.569129e-07
PCG: 1 : 7.499898e-08 / 4.779657e-01
PCG: 2 : 8.343196e-08 / 5.317088e-01
PCG: 3 : 5.877911e-08 / 3.745971e-01
PCG: 4 : 3.925191e-08 / 2.501510e-01
PCG: 0 : 3.925191e-08
PCG: 1 : 3.410833e-08 / 8.689596e-01
PCG: 2 : 3.162338e-08 / 8.056518e-01
PCG: 3 : 2.144708e-08 / 5.463958e-01
PCG: 4 : 3.360392e-08 / 8.561093e-01
PCG: 0 : 3.360393e-08
PCG: 1 : 1.596323e-08 / 4.750405e-01
PCG: 2 : 1.780655e-08 / 5.298948e-01
PCG: 3 : 1.287753e-08 / 3.832151e-01
PCG: 4 : 8.701039e-09 / 2.589292e-01
PCG: 0 : 8.701037e-09
PCG: 1 : 7.484358e-09 / 8.601685e-01
PCG: 2 : 6.757532e-09 / 7.766353e-01
PCG: 3 : 4.550321e-09 / 5.229630e-01
PCG: 4 : 7.191497e-09 / 8.265103e-01
PCG: 0 : 7.191499e-09
PCG: 1 : 3.407786e-09 / 4.738630e-01
PCG: 2 : 3.823426e-09 / 5.316590e-01
PCG: 3 : 2.830969e-09 / 3.936549e-01
PCG: 4 : 1.927609e-09 / 2.680399e-01
PCG: 0 : 1.927610e-09
PCG: 1 : 1.646204e-09 / 8.540131e-01
PCG: 2 : 1.451848e-09 / 7.531856e-01
PCG: 3 : 9.703235e-10 / 5.033817e-01
PCG: 4 : 1.539717e-09 / 7.987699e-01

PCG ( VCycle ( S: Scale / C: Scale )  )

Complete solver TOE: 1.59822
0.55255 GFlop/s [0.55255 GFlops/s]

Total time: 1.59822s
Accumulated op time: 1.53585

Reductions: 1.96731%
Blas-1: 5.78687%
Blas-2: 88.3436%
Precon Kernels: 0%
MPI Execution: 0%
MPI Wait: 0%
Not covered: 3.90221%

Domain size: 6.72858 MByte
LA size: 22.3499 MByte
MPI size: 0.67366 MByte

H0-Error: 6.866072e-06
H1-Error: 8.068795e-03

Writing DATA to output.data...
Run-Time: 0:02.190 [0:02.190]
0xb333a9f8 Error: MemoryPool<CPU> still contains memory chunks on deconstructor call
