NUM-PROCS: 1
Preparing domain...
LVL-MIN: 5 [5]
LVL-MAX: 9 [9]
Creating gates...
Assembling system matrices...
Assembling system filters...
Assembling transfer matrices...
Converting assembled linear system from SparseMatrixCSR, Mem:main to SparseMatrixCSR, Mem:mainand to SparseMatrixCSR, Mem:main...
PCG:  0 : 1.894412e-02
PCG:  1 : 7.935902e-02 / 4.189110e+00
PCG:  2 : 8.003376e-02 / 4.224727e+00
PCG:  3 : 1.997077e-01 / 1.054193e+01
PCG:  4 : 2.650079e-01 / 1.398893e+01
PCG:  5 : 1.697526e-01 / 8.960698e+00
PCG:  6 : 1.549417e-01 / 8.178878e+00
PCG:  7 : 1.151660e-01 / 6.079247e+00
PCG:  8 : 9.996875e-02 / 5.277032e+00
PCG:  9 : 8.459570e-02 / 4.465538e+00
PCG: 10 : 3.799222e-02 / 2.005489e+00
PCG: 11 : 2.065104e-02 / 1.090103e+00
PCG: 12 : 1.273373e-02 / 6.721733e-01
PCG: 13 : 8.356670e-03 / 4.411220e-01
PCG:  0 : 8.117294e-03
PCG:  1 : 3.397564e-03 / 4.185587e-01
PCG:  2 : 1.092084e-03 / 1.345380e-01
PCG:  3 : 1.355584e-03 / 1.669995e-01
PCG:  4 : 1.228020e-03 / 1.512844e-01
PCG:  5 : 7.455799e-04 / 9.185079e-02
PCG:  6 : 3.859715e-04 / 4.754928e-02
PCG:  7 : 1.740238e-04 / 2.143865e-02
PCG:  8 : 1.045554e-04 / 1.288057e-02
PCG:  9 : 8.406781e-05 / 1.035663e-02
PCG: 10 : 4.412185e-05 / 5.435537e-03
PCG: 11 : 2.548104e-05 / 3.139106e-03
PCG: 12 : 4.116419e-05 / 5.071172e-03
PCG: 13 : 5.378347e-05 / 6.625789e-03
PCG:  0 : 5.378336e-05
PCG:  1 : 2.809536e-05 / 5.223801e-01
PCG:  2 : 2.058820e-05 / 3.827987e-01
PCG:  3 : 1.682531e-05 / 3.128348e-01
PCG:  4 : 1.879252e-05 / 3.494113e-01
PCG:  5 : 3.892328e-05 / 7.237048e-01
PCG:  6 : 4.117272e-05 / 7.655289e-01
PCG:  7 : 2.233197e-05 / 4.152208e-01
PCG:  8 : 1.495568e-05 / 2.780726e-01
PCG:  9 : 1.482356e-05 / 2.756161e-01
PCG: 10 : 7.739670e-06 / 1.439045e-01
PCG: 11 : 4.320170e-06 / 8.032540e-02
PCG: 12 : 5.737940e-06 / 1.066862e-01
PCG: 13 : 4.867632e-06 / 9.050443e-02
PCG:  0 : 4.867650e-06
PCG:  1 : 2.544626e-06 / 5.227627e-01
PCG:  2 : 1.597878e-06 / 3.282647e-01
PCG:  3 : 1.795745e-06 / 3.689141e-01
PCG:  4 : 1.264589e-06 / 2.597946e-01
PCG:  5 : 1.105388e-06 / 2.270886e-01
PCG:  6 : 8.213371e-07 / 1.687338e-01
PCG:  7 : 4.151025e-07 / 8.527781e-02
PCG:  8 : 2.814419e-07 / 5.781884e-02
PCG:  9 : 2.763602e-07 / 5.677488e-02
PCG: 10 : 1.797486e-07 / 3.692718e-02
PCG: 11 : 8.660506e-08 / 1.779197e-02
PCG: 12 : 8.425974e-08 / 1.731015e-02
PCG: 13 : 1.131381e-07 / 2.324285e-02
PCG:  0 : 1.131377e-07
PCG:  1 : 8.634915e-08 / 7.632216e-01
PCG:  2 : 8.674537e-08 / 7.667238e-01
PCG:  3 : 7.661137e-08 / 6.771515e-01
PCG:  4 : 1.187426e-07 / 1.049541e+00
PCG:  5 : 1.124547e-07 / 9.939632e-01
PCG:  6 : 1.072143e-07 / 9.476445e-01
PCG:  7 : 9.069030e-08 / 8.015921e-01
PCG:  8 : 4.660993e-08 / 4.119751e-01
PCG:  9 : 4.993858e-08 / 4.413964e-01
PCG: 10 : 3.403269e-08 / 3.008077e-01
PCG: 11 : 2.047426e-08 / 1.809676e-01
PCG: 12 : 2.463534e-08 / 2.177465e-01
PCG: 13 : 2.573642e-08 / 2.274787e-01
PCG:  0 : 2.573652e-08
PCG:  1 : 1.735659e-08 / 6.743954e-01
PCG:  2 : 1.041613e-08 / 4.047218e-01
PCG:  3 : 1.099169e-08 / 4.270851e-01
PCG:  4 : 1.253414e-08 / 4.870176e-01
PCG:  5 : 9.331265e-09 / 3.625689e-01
PCG:  6 : 9.812530e-09 / 3.812687e-01
PCG:  7 : 6.968942e-09 / 2.707802e-01
PCG:  8 : 5.315590e-09 / 2.065388e-01
PCG:  9 : 4.584247e-09 / 1.781222e-01
PCG: 10 : 2.111013e-09 / 8.202401e-02
PCG: 11 : 1.924665e-09 / 7.478341e-02
PCG: 12 : 1.987235e-09 / 7.721457e-02
PCG: 13 : 1.821005e-09 / 7.075567e-02
PCG:  0 : 1.821006e-09
PCG:  1 : 1.562608e-09 / 8.581020e-01
PCG:  2 : 1.172164e-09 / 6.436907e-01
PCG:  3 : 9.255312e-10 / 5.082528e-01
PCG:  4 : 1.637764e-09 / 8.993734e-01
PCG:  5 : 1.262190e-09 / 6.931283e-01
PCG:  6 : 1.302934e-09 / 7.155027e-01
PCG:  7 : 1.231311e-09 / 6.761709e-01
PCG:  8 : 9.004916e-10 / 4.945024e-01
PCG:  9 : 1.059081e-09 / 5.815912e-01
PCG: 10 : 6.879313e-10 / 3.777755e-01
PCG: 11 : 5.942960e-10 / 3.263560e-01
PCG: 12 : 6.192855e-10 / 3.400788e-01
PCG: 13 : 5.785818e-10 / 3.177265e-01
PCG:  0 : 5.785823e-10
PCG:  1 : 3.398262e-10 / 5.873429e-01
PCG:  2 : 1.905420e-10 / 3.293257e-01
PCG:  3 : 1.499714e-10 / 2.592050e-01
PCG:  4 : 1.514077e-10 / 2.616874e-01
PCG:  5 : 9.669292e-11 / 1.671204e-01
PCG:  6 : 1.021932e-10 / 1.766270e-01
PCG:  7 : 7.987538e-11 / 1.380536e-01
PCG:  8 : 6.642523e-11 / 1.148069e-01
PCG:  9 : 6.748310e-11 / 1.166353e-01
PCG: 10 : 3.248046e-11 / 5.613802e-02
PCG: 11 : 3.731201e-11 / 6.448868e-02
PCG: 12 : 3.813517e-11 / 6.591140e-02
PCG: 13 : 3.876817e-11 / 6.700546e-02

PCG ( VCycle ( S: Scale / C: Scale )  )

Complete solver TOE: 1.53611
2.5612 GFlop/s [2.5612 GFlops/s]

Total time: 1.53611s
Accumulated op time: 1.47944

Reductions: 7.28672%
Blas-1: 5.62532%
Blas-2: 83.3986%
Precon Kernels: 0%
MPI Execution: 0%
MPI Wait: 0%
Not covered: 3.68932%

Domain size: 48.1654 MByte
LA size: 120.741 MByte
MPI size: 2.67931 MByte

H0-Error: 1.716383e-06
H1-Error: 4.034414e-03

Writing DATA to output.data...
Run-Time: 0:02.098 [0:02.098]
0x31d198e880 Error: MemoryPool<CPU> still contains memory chunks on deconstructor call
