NUM-PROCS: 1
Preparing domain...
LVL-MIN: 1 [1]
LVL-MAX: 7 [7]
Creating gates...
Assembling system matrices...
Assembling system filters...
Assembling transfer matrices...
Converting assembled linear system from SparseMatrixCSR, Mem:main to SparseMatrixELL, Mem:cudaand to SparseMatrixELL, Mem:cuda...
PCG: 0 : 7.572471e-02
PCG: 1 : 2.422583e-02 / 3.199198e-01
PCG: 0 : 2.446285e-02
PCG: 1 : 7.703210e-03 / 3.148942e-01
PCG: 0 : 7.703207e-03
PCG: 1 : 2.205797e-03 / 2.863478e-01
PCG: 0 : 2.205796e-03
PCG: 1 : 3.742680e-04 / 1.696748e-01
PCG: 0 : 3.742678e-04
PCG: 1 : 9.023361e-05 / 2.410937e-01
PCG: 0 : 9.023363e-05
PCG: 1 : 1.521277e-05 / 1.685932e-01
PCG: 0 : 1.521277e-05
PCG: 1 : 3.715360e-06 / 2.442263e-01
PCG: 0 : 3.715358e-06
PCG: 1 : 6.484662e-07 / 1.745366e-01
PCG: 0 : 6.484661e-07
PCG: 1 : 1.606607e-07 / 2.477549e-01
PCG: 0 : 1.606607e-07
PCG: 1 : 2.903504e-08 / 1.807227e-01
PCG: 0 : 2.903503e-08
PCG: 1 : 7.249097e-09 / 2.496673e-01
PCG: 0 : 7.249096e-09
PCG: 1 : 1.349747e-09 / 1.861952e-01
PCG: 0 : 1.349747e-09
PCG: 1 : 3.375166e-10 / 2.500592e-01

PCG ( VCycle ( S: Scale / C: Scale )  )

Complete solver TOE: 0.617951
0.065878 GFlop/s [0.065878 GFlops/s]

Total time: 0.617951s
Accumulated op time: 0.05017

Reductions: 2.46816%
Blas-1: 2.78663%
Blas-2: 2.86398%
Precon Kernels: 0%
MPI Execution: 0%
MPI Wait: 0%
Not covered: 91.8812%

Domain size: 1.70187 MByte
LA size: 5.65261 MByte
MPI size: 0.170639 MByte

H0-Error: 2.746079e-05
H1-Error: 1.613732e-02

Writing DATA to output.data...
Run-Time: 0:00.838 [0:00.838]
0xb32f99f8 Error: MemoryPool<CUDA> still contains memory chunks on deconstructor call
