NUM-PROCS: 1
Preparing domain...
LVL-MIN: 5 [5]
LVL-MAX: 9 [9]
Creating gates...
Assembling system matrices...
Assembling system filters...
Assembling transfer matrices...
Converting assembled linear system from SparseMatrixCSR, Mem:main to SparseMatrixELL, Mem:cudaand to SparseMatrixELL, Mem:cuda...
PCG:  0 : 1.894534e-02
PCG:  1 : 7.936785e-02 / 4.189307e+00
PCG:  2 : 8.004833e-02 / 4.225225e+00
PCG:  3 : 1.997659e-01 / 1.054433e+01
PCG:  4 : 2.650327e-01 / 1.398934e+01
PCG:  5 : 1.697546e-01 / 8.960228e+00
PCG:  6 : 1.549428e-01 / 8.178410e+00
PCG:  7 : 1.151544e-01 / 6.078243e+00
PCG:  8 : 9.995857e-02 / 5.276156e+00
PCG:  9 : 8.459774e-02 / 4.465359e+00
PCG: 10 : 3.798953e-02 / 2.005218e+00
PCG: 11 : 2.064830e-02 / 1.089888e+00
PCG: 12 : 1.273249e-02 / 6.720647e-01
PCG: 13 : 8.356788e-03 / 4.410999e-01
PCG: 14 : 3.203387e-03 / 1.690857e-01
PCG:  0 : 3.359085e-03
PCG:  1 : 1.613190e-03 / 4.802468e-01
PCG:  2 : 1.044060e-03 / 3.108166e-01
PCG:  3 : 1.024122e-03 / 3.048813e-01
PCG:  4 : 3.901943e-04 / 1.161609e-01
PCG:  5 : 2.415331e-04 / 7.190443e-02
PCG:  6 : 1.655560e-04 / 4.928604e-02
PCG:  7 : 9.924808e-05 / 2.954616e-02
PCG:  8 : 4.704763e-05 / 1.400608e-02
PCG:  9 : 3.140792e-05 / 9.350140e-03
PCG: 10 : 2.605195e-05 / 7.755667e-03
PCG: 11 : 2.171924e-05 / 6.465819e-03
PCG: 12 : 1.827858e-05 / 5.441535e-03
PCG: 13 : 3.945996e-05 / 1.174723e-02
PCG: 14 : 3.517685e-05 / 1.047215e-02
PCG:  0 : 3.517694e-05
PCG:  1 : 2.101153e-05 / 5.973099e-01
PCG:  2 : 1.389637e-05 / 3.950421e-01
PCG:  3 : 1.142938e-05 / 3.249112e-01
PCG:  4 : 1.970647e-05 / 5.602099e-01
PCG:  5 : 1.283429e-05 / 3.648494e-01
PCG:  6 : 1.094018e-05 / 3.110043e-01
PCG:  7 : 1.486032e-05 / 4.224449e-01
PCG:  8 : 1.127365e-05 / 3.204841e-01
PCG:  9 : 1.312196e-05 / 3.730274e-01
PCG: 10 : 1.056434e-05 / 3.003202e-01
PCG: 11 : 8.390425e-06 / 2.385206e-01
PCG: 12 : 8.257216e-06 / 2.347338e-01
PCG: 13 : 5.916002e-06 / 1.681784e-01
PCG: 14 : 3.306932e-06 / 9.400851e-02
PCG:  0 : 3.306933e-06
PCG:  1 : 1.744482e-06 / 5.275227e-01
PCG:  2 : 7.814326e-07 / 2.363013e-01
PCG:  3 : 5.149323e-07 / 1.557130e-01
PCG:  4 : 3.466350e-07 / 1.048207e-01
PCG:  5 : 2.125756e-07 / 6.428181e-02
PCG:  6 : 1.163994e-07 / 3.519861e-02
PCG:  7 : 1.021210e-07 / 3.088087e-02
PCG:  8 : 7.511304e-08 / 2.271381e-02
PCG:  9 : 1.098019e-07 / 3.320355e-02
PCG: 10 : 6.166595e-08 / 1.864748e-02
PCG: 11 : 4.887043e-08 / 1.477817e-02
PCG: 12 : 3.873652e-08 / 1.171373e-02
PCG: 13 : 5.669756e-08 / 1.714506e-02
PCG: 14 : 8.159990e-08 / 2.467540e-02
PCG:  0 : 8.159989e-08
PCG:  1 : 4.031388e-08 / 4.940433e-01
PCG:  2 : 3.104336e-08 / 3.804338e-01
PCG:  3 : 2.948004e-08 / 3.612754e-01
PCG:  4 : 3.725057e-08 / 4.565026e-01
PCG:  5 : 3.378141e-08 / 4.139884e-01
PCG:  6 : 2.367582e-08 / 2.901452e-01
PCG:  7 : 2.357575e-08 / 2.889189e-01
PCG:  8 : 3.067015e-08 / 3.758602e-01
PCG:  9 : 2.553474e-08 / 3.129261e-01
PCG: 10 : 2.423322e-08 / 2.969761e-01
PCG: 11 : 1.950395e-08 / 2.390193e-01
PCG: 12 : 1.932315e-08 / 2.368036e-01
PCG: 13 : 1.539811e-08 / 1.887026e-01
PCG: 14 : 9.325458e-09 / 1.142827e-01
PCG:  0 : 9.325454e-09
PCG:  1 : 5.060182e-09 / 5.426204e-01
PCG:  2 : 2.232366e-09 / 2.393841e-01
PCG:  3 : 1.303795e-09 / 1.398104e-01
PCG:  4 : 1.038192e-09 / 1.113288e-01
PCG:  5 : 7.859066e-10 / 8.427542e-02
PCG:  6 : 7.736691e-10 / 8.296316e-02
PCG:  7 : 5.173931e-10 / 5.548181e-02
PCG:  8 : 3.946841e-10 / 4.232331e-02
PCG:  9 : 3.843686e-10 / 4.121715e-02
PCG: 10 : 3.041603e-10 / 3.261614e-02
PCG: 11 : 2.124232e-10 / 2.277886e-02
PCG: 12 : 1.535281e-10 / 1.646334e-02
PCG: 13 : 2.130235e-10 / 2.284323e-02
PCG: 14 : 2.720224e-10 / 2.916988e-02

PCG ( VCycle ( S: Scale / C: Scale )  )

Complete solver TOE: 0.211734
14.9797 GFlop/s [14.9797 GFlops/s]

Total time: 0.211734s
Accumulated op time: 0.096036

Reductions: 42.2464%
Blas-1: 1.59823%
Blas-2: 1.51227%
Precon Kernels: 0%
MPI Execution: 0%
MPI Wait: 0%
Not covered: 54.6431%

Domain size: 48.1654 MByte
LA size: 120.741 MByte
MPI size: 2.67931 MByte

H0-Error: 1.716525e-06
H1-Error: 4.034414e-03

Writing DATA to output.data...
Run-Time: 0:00.920 [0:00.920]
0x31d198e880 Error: MemoryPool<CUDA> still contains memory chunks on deconstructor call
