NUM-PROCS: 1
Preparing domain...
LVL-MIN: 2 [2]
LVL-MAX: 4 [4]
Creating gates...
Assembling system matrices...
Assembling system filters...
Assembling transfer matrices...
Converting assembled linear system from SparseMatrixCSR, Mem:main to SparseMatrixCSR, Mem:main...
PCG:    0 : 5.972902e-01
PCG:    1 : 2.426061e-01 / 4.061779e-01
PCG:    2 : 8.132809e-02 / 1.361618e-01
PCG:    3 : 7.754784e-03 / 1.298328e-02
PCG:    4 : 4.254429e-04 / 7.122885e-04
PCG:    5 : 1.020470e-05 / 1.708499e-05
PCG:    6 : 1.287447e-06 / 2.155480e-06
PCG:    7 : 9.484017e-08 / 1.587841e-07
PCG:    8 : 8.100235e-09 / 1.356164e-08
PCG:    9 : 1.012909e-09 / 1.695840e-09

PCG ( VCycle ( S: Scale / C: Scale )  )

Complete solver TOE: 0.0002
1.67487 GFlop/s [1.67487 GFlops/s]

Total time: 0.0002s
Accumulated op time: 0.000106

Reductions: 7.5%
Blas-1: 5%
Blas-2: 40.5%
Precon Kernels: 0%
MPI Execution: 0%
MPI Wait: 0%
Not covered: 47%

Domain size: 0.0523529 MByte
LA size: 0.12664 MByte
MPI size: 0.00305939 MByte

H0-Error: 1.753315e-03
H1-Error: 1.289155e-01

Run-Time: 0:00.002 [0:00.002]
