NUM-PROCS: 1
Preparing domain...
LVL-MIN: 5 [5]
LVL-MAX: 10 [10]
Creating gates...
Assembling system matrices...
Assembling system filters...
Assembling transfer matrices...
Converting assembled linear system from SparseMatrixCSR, Mem:main to SparseMatrixCSR, Mem:mainand to SparseMatrixCSR, Mem:main...
PCG: 0 : 9.466280e-03
PCG: 1 : 4.043862e-02 / 4.271860e+00
PCG: 2 : 4.478078e-02 / 4.730557e+00
PCG: 3 : 1.224985e-01 / 1.294051e+01
PCG: 4 : 2.085453e-01 / 2.203033e+01
PCG: 5 : 1.773998e-01 / 1.874018e+01
PCG: 6 : 1.608406e-01 / 1.699090e+01
PCG: 7 : 9.577692e-02 / 1.011769e+01
PCG: 0 : 9.578039e-02
PCG: 1 : 9.081946e-02 / 9.482051e-01
PCG: 2 : 6.197228e-02 / 6.470248e-01
PCG: 3 : 3.733453e-02 / 3.897931e-01
PCG: 4 : 1.738139e-02 / 1.814713e-01
PCG: 5 : 1.146862e-02 / 1.197387e-01
PCG: 6 : 1.740627e-02 / 1.817310e-01
PCG: 7 : 2.751827e-02 / 2.873059e-01
PCG: 0 : 2.751828e-02
PCG: 1 : 1.679113e-02 / 6.101811e-01
PCG: 2 : 1.073799e-02 / 3.902130e-01
PCG: 3 : 1.005020e-02 / 3.652192e-01
PCG: 4 : 7.379608e-03 / 2.681712e-01
PCG: 5 : 8.036093e-03 / 2.920275e-01
PCG: 6 : 1.301555e-02 / 4.729783e-01
PCG: 7 : 9.293210e-03 / 3.377104e-01
PCG: 0 : 9.293226e-03
PCG: 1 : 8.916069e-03 / 9.594160e-01
PCG: 2 : 5.089472e-03 / 5.476539e-01
PCG: 3 : 3.644550e-03 / 3.921728e-01
PCG: 4 : 3.768293e-03 / 4.054882e-01
PCG: 5 : 4.134340e-03 / 4.448767e-01
PCG: 6 : 5.840612e-03 / 6.284806e-01
PCG: 7 : 8.462549e-03 / 9.106148e-01
PCG: 0 : 8.462556e-03
PCG: 1 : 4.338639e-03 / 5.126866e-01
PCG: 2 : 2.573117e-03 / 3.040591e-01
PCG: 3 : 2.298923e-03 / 2.716582e-01
PCG: 4 : 2.050048e-03 / 2.422493e-01
PCG: 5 : 2.519451e-03 / 2.977175e-01
PCG: 6 : 3.632189e-03 / 4.292071e-01
PCG: 7 : 3.162059e-03 / 3.736529e-01
PCG: 0 : 3.162061e-03
PCG: 1 : 2.556103e-03 / 8.083661e-01
PCG: 2 : 1.457581e-03 / 4.609590e-01
PCG: 3 : 1.151476e-03 / 3.641536e-01
PCG: 4 : 1.106890e-03 / 3.500533e-01
PCG: 5 : 1.136024e-03 / 3.592669e-01
PCG: 6 : 1.711121e-03 / 5.411412e-01
PCG: 7 : 2.684736e-03 / 8.490463e-01
PCG: 0 : 2.684736e-03
PCG: 1 : 1.308834e-03 / 4.875095e-01
PCG: 2 : 7.541427e-04 / 2.809001e-01
PCG: 3 : 6.962325e-04 / 2.593299e-01
PCG: 4 : 6.144082e-04 / 2.288523e-01
PCG: 5 : 7.130893e-04 / 2.656087e-01
PCG: 6 : 1.059483e-03 / 3.946321e-01
PCG: 7 : 9.717277e-04 / 3.619453e-01
PCG: 0 : 9.717286e-04
PCG: 1 : 7.805591e-04 / 8.032687e-01
PCG: 2 : 4.345971e-04 / 4.472412e-01
PCG: 3 : 3.334947e-04 / 3.431974e-01
PCG: 4 : 3.267947e-04 / 3.363024e-01
PCG: 5 : 3.341705e-04 / 3.438929e-01
PCG: 6 : 5.083572e-04 / 5.231473e-01
PCG: 7 : 8.285884e-04 / 8.526953e-01
PCG: 0 : 8.285882e-04
PCG: 1 : 4.030073e-04 / 4.863782e-01
PCG: 2 : 2.280417e-04 / 2.752172e-01
PCG: 3 : 2.093040e-04 / 2.526032e-01
PCG: 4 : 1.892097e-04 / 2.283520e-01
PCG: 5 : 2.149312e-04 / 2.593944e-01
PCG: 6 : 3.163967e-04 / 3.818504e-01
PCG: 7 : 2.978925e-04 / 3.595181e-01
PCG: 0 : 2.978923e-04
PCG: 1 : 2.400883e-04 / 8.059567e-01
PCG: 2 : 1.351781e-04 / 4.537818e-01
PCG: 3 : 1.054017e-04 / 3.538247e-01
PCG: 4 : 1.006786e-04 / 3.379698e-01
PCG: 5 : 1.009413e-04 / 3.388515e-01
PCG: 6 : 1.538486e-04 / 5.164572e-01
PCG: 7 : 2.525963e-04 / 8.479450e-01
PCG: 0 : 2.525963e-04
PCG: 1 : 1.240726e-04 / 4.911892e-01
PCG: 2 : 7.101037e-05 / 2.811220e-01
PCG: 3 : 6.641806e-05 / 2.629415e-01
PCG: 4 : 6.032543e-05 / 2.388215e-01
PCG: 5 : 6.642370e-05 / 2.629639e-01
PCG: 6 : 9.560670e-05 / 3.784961e-01
PCG: 7 : 9.002347e-05 / 3.563927e-01
PCG: 0 : 9.002339e-05
PCG: 1 : 7.364969e-05 / 8.181174e-01
PCG: 2 : 4.304340e-05 / 4.781357e-01
PCG: 3 : 3.449692e-05 / 3.831995e-01
PCG: 4 : 3.256265e-05 / 3.617132e-01
PCG: 5 : 3.162721e-05 / 3.513222e-01
PCG: 6 : 4.695085e-05 / 5.215406e-01
PCG: 7 : 7.671381e-05 / 8.521543e-01
PCG: 0 : 7.671388e-05
PCG: 1 : 3.833768e-05 / 4.997489e-01
PCG: 2 : 2.273006e-05 / 2.962966e-01
PCG: 3 : 2.202998e-05 / 2.871707e-01
PCG: 4 : 2.008386e-05 / 2.618022e-01
PCG: 5 : 2.106945e-05 / 2.746498e-01
PCG: 6 : 2.906545e-05 / 3.788813e-01
PCG: 7 : 2.738499e-05 / 3.569757e-01
PCG: 0 : 2.738503e-05
PCG: 1 : 2.283325e-05 / 8.337857e-01
PCG: 2 : 1.408991e-05 / 5.145112e-01
PCG: 3 : 1.180100e-05 / 4.309288e-01
PCG: 4 : 1.095398e-05 / 3.999989e-01
PCG: 5 : 1.012066e-05 / 3.695692e-01
PCG: 6 : 1.449782e-05 / 5.294066e-01
PCG: 7 : 2.372102e-05 / 8.662038e-01
PCG: 0 : 2.372101e-05
PCG: 1 : 1.207728e-05 / 5.091384e-01
PCG: 2 : 7.476465e-06 / 3.151833e-01
PCG: 3 : 7.527412e-06 / 3.173310e-01
PCG: 4 : 6.836868e-06 / 2.882199e-01
PCG: 5 : 6.794681e-06 / 2.864415e-01
PCG: 6 : 8.996515e-06 / 3.792636e-01
PCG: 7 : 8.564458e-06 / 3.610495e-01
PCG: 0 : 8.564452e-06
PCG: 1 : 7.269673e-06 / 8.488193e-01
PCG: 2 : 4.702785e-06 / 5.491051e-01
PCG: 3 : 4.085079e-06 / 4.769808e-01
PCG: 4 : 3.729224e-06 / 4.354305e-01
PCG: 5 : 3.285620e-06 / 3.836346e-01
PCG: 6 : 4.581452e-06 / 5.349382e-01
PCG: 7 : 7.580472e-06 / 8.851088e-01
PCG: 0 : 7.580469e-06
PCG: 1 : 3.911995e-06 / 5.160625e-01
PCG: 2 : 2.490113e-06 / 3.284906e-01
PCG: 3 : 2.572166e-06 / 3.393148e-01
PCG: 4 : 2.332383e-06 / 3.076832e-01
PCG: 5 : 2.229810e-06 / 2.941520e-01
PCG: 6 : 2.874345e-06 / 3.791777e-01
PCG: 7 : 2.764037e-06 / 3.646261e-01
PCG: 0 : 2.764035e-06
PCG: 1 : 2.375776e-06 / 8.595318e-01
PCG: 2 : 1.579914e-06 / 5.715970e-01
PCG: 3 : 1.403186e-06 / 5.076588e-01
PCG: 4 : 1.266167e-06 / 4.580864e-01
PCG: 5 : 1.083052e-06 / 3.918374e-01
PCG: 6 : 1.490488e-06 / 5.392436e-01
PCG: 7 : 2.480992e-06 / 8.975979e-01
PCG: 0 : 2.480991e-06
PCG: 1 : 1.291750e-06 / 5.206588e-01
PCG: 2 : 8.317793e-07 / 3.352608e-01
PCG: 3 : 8.713493e-07 / 3.512101e-01
PCG: 4 : 7.927199e-07 / 3.195174e-01
PCG: 5 : 7.427401e-07 / 2.993723e-01
PCG: 6 : 9.432775e-07 / 3.802018e-01
PCG: 7 : 9.072867e-07 / 3.656952e-01
PCG: 0 : 9.072878e-07
PCG: 1 : 7.876823e-07 / 8.681725e-01
PCG: 2 : 5.316556e-07 / 5.859835e-01
PCG: 3 : 4.780819e-07 / 5.269352e-01
PCG: 4 : 4.283000e-07 / 4.720663e-01
PCG: 5 : 3.604589e-07 / 3.972928e-01
PCG: 6 : 4.934603e-07 / 5.438852e-01
PCG: 7 : 8.205628e-07 / 9.044130e-01
PCG: 0 : 8.205629e-07
PCG: 1 : 4.299420e-07 / 5.239598e-01
PCG: 2 : 2.779512e-07 / 3.387324e-01
PCG: 3 : 2.937633e-07 / 3.580022e-01
PCG: 4 : 2.685840e-07 / 3.273168e-01
PCG: 5 : 2.490192e-07 / 3.034737e-01
PCG: 6 : 3.133195e-07 / 3.818349e-01
PCG: 7 : 2.998064e-07 / 3.653668e-01
PCG: 0 : 2.998059e-07
PCG: 1 : 2.625133e-07 / 8.756107e-01
PCG: 2 : 1.790002e-07 / 5.970536e-01
PCG: 3 : 1.622012e-07 / 5.410208e-01
PCG: 4 : 1.446847e-07 / 4.825946e-01
PCG: 5 : 1.205277e-07 / 4.020190e-01
PCG: 6 : 1.644629e-07 / 5.485645e-01
PCG: 7 : 2.725271e-07 / 9.090118e-01
PCG: 0 : 2.725272e-07
PCG: 1 : 1.435134e-07 / 5.266023e-01
PCG: 2 : 9.296845e-08 / 3.411346e-01
PCG: 3 : 9.883160e-08 / 3.626486e-01
PCG: 4 : 9.077447e-08 / 3.330841e-01
PCG: 5 : 8.365718e-08 / 3.069682e-01
PCG: 6 : 1.045587e-07 / 3.836633e-01
PCG: 7 : 9.941314e-08 / 3.647825e-01
PCG: 0 : 9.941303e-08
PCG: 1 : 8.769631e-08 / 8.821410e-01
PCG: 2 : 6.025221e-08 / 6.060796e-01
PCG: 3 : 5.490153e-08 / 5.522569e-01
PCG: 4 : 4.881305e-08 / 4.910126e-01
PCG: 5 : 4.036442e-08 / 4.060275e-01
PCG: 6 : 5.495266e-08 / 5.527712e-01
PCG: 7 : 9.069289e-08 / 9.122837e-01
PCG: 0 : 9.069289e-08
PCG: 1 : 4.796892e-08 / 5.289161e-01
PCG: 2 : 3.112489e-08 / 3.431900e-01
PCG: 3 : 3.322242e-08 / 3.663178e-01
PCG: 4 : 3.063312e-08 / 3.377676e-01
PCG: 5 : 2.811319e-08 / 3.099823e-01
PCG: 6 : 3.497580e-08 / 3.856510e-01
PCG: 7 : 3.304511e-08 / 3.643628e-01
PCG: 0 : 3.304504e-08
PCG: 1 : 2.934405e-08 / 8.880017e-01
PCG: 2 : 2.027347e-08 / 6.135102e-01
PCG: 3 : 1.854680e-08 / 5.612582e-01
PCG: 4 : 1.645737e-08 / 4.980285e-01
PCG: 5 : 1.353728e-08 / 4.096614e-01
PCG: 6 : 1.839124e-08 / 5.565506e-01
PCG: 7 : 3.022873e-08 / 9.147733e-01
PCG: 0 : 3.022873e-08
PCG: 1 : 1.605319e-08 / 5.310573e-01
PCG: 2 : 1.043242e-08 / 3.451161e-01
PCG: 3 : 1.116577e-08 / 3.693761e-01
PCG: 4 : 1.032209e-08 / 3.414662e-01
PCG: 5 : 9.447780e-09 / 3.125431e-01
PCG: 6 : 1.171220e-08 / 3.874528e-01
PCG: 7 : 1.100253e-08 / 3.639759e-01
PCG: 0 : 1.100253e-08
PCG: 1 : 9.824663e-09 / 8.929459e-01
PCG: 2 : 6.819242e-09 / 6.197886e-01
PCG: 3 : 6.253893e-09 / 5.684051e-01
PCG: 4 : 5.543296e-09 / 5.038202e-01
PCG: 5 : 4.542954e-09 / 4.129009e-01
PCG: 6 : 6.158964e-09 / 5.597772e-01
PCG: 7 : 1.008221e-08 / 9.163542e-01
PCG: 0 : 1.008222e-08
PCG: 1 : 5.375149e-09 / 5.331317e-01
PCG: 2 : 3.498757e-09 / 3.470226e-01
PCG: 3 : 3.750329e-09 / 3.719746e-01
PCG: 4 : 3.472741e-09 / 3.444422e-01
PCG: 5 : 3.176644e-09 / 3.150739e-01
PCG: 6 : 3.926916e-09 / 3.894893e-01
PCG: 7 : 3.668773e-09 / 3.638855e-01
PCG: 0 : 3.668775e-09
PCG: 1 : 3.292233e-09 / 8.973657e-01
PCG: 2 : 2.295210e-09 / 6.256066e-01
PCG: 3 : 2.107226e-09 / 5.743676e-01
PCG: 4 : 1.866869e-09 / 5.088535e-01
PCG: 5 : 1.526471e-09 / 4.160709e-01
PCG: 6 : 2.064323e-09 / 5.626736e-01
PCG: 7 : 3.364945e-09 / 9.171848e-01
PCG: 0 : 3.364944e-09
PCG: 1 : 1.800876e-09 / 5.351877e-01
PCG: 2 : 1.174473e-09 / 3.490320e-01
PCG: 3 : 1.259253e-09 / 3.742271e-01
PCG: 4 : 1.167320e-09 / 3.469063e-01
PCG: 5 : 1.068859e-09 / 3.176455e-01
PCG: 6 : 1.317548e-09 / 3.915512e-01
PCG: 7 : 1.223610e-09 / 3.636347e-01
PCG: 0 : 1.223610e-09
PCG: 1 : 1.104095e-09 / 9.023259e-01
PCG: 2 : 7.731460e-10 / 6.318565e-01
PCG: 3 : 7.093663e-10 / 5.797323e-01
PCG: 4 : 6.280594e-10 / 5.132839e-01
PCG: 5 : 5.135059e-10 / 4.196647e-01
PCG: 6 : 6.925143e-10 / 5.659599e-01
PCG: 7 : 1.123840e-09 / 9.184626e-01

PCG ( VCycle ( S: Scale / C: Scale )  )

Complete solver TOE: 15.1584
2.28888 GFlop/s [2.28888 GFlops/s]

Total time: 15.1584s
Accumulated op time: 14.6554

Reductions: 6.60924%
Blas-1: 6.80098%
Blas-2: 83.2715%
Precon Kernels: 0%
MPI Execution: 0%
MPI Wait: 0%
Not covered: 3.31828%

Domain size: 192.384 MByte
LA size: 483.107 MByte
MPI size: 10.695 MByte

H0-Error: 4.296284e-07
H1-Error: 2.017209e-03

Writing DATA to output.data...
Run-Time: 0:17.442 [0:17.442]
0x31d198e880 Error: MemoryPool<CPU> still contains memory chunks on deconstructor call
