NUM-PROCS: 1
Preparing domain...
LVL-MIN: 5 [5]
LVL-MAX: 9 [9]
Creating gates...
Assembling system matrices...
Assembling system filters...
Assembling transfer matrices...
Converting assembled linear system from SparseMatrixCSR, Mem:main to SparseMatrixELL, Mem:cudaand to SparseMatrixELL, Mem:cuda...
PCG:  0 : 1.894534e-02
PCG:  1 : 7.936785e-02 / 4.189307e+00
PCG:  2 : 8.004833e-02 / 4.225225e+00
PCG:  3 : 1.997659e-01 / 1.054433e+01
PCG:  4 : 2.650327e-01 / 1.398934e+01
PCG:  5 : 1.697546e-01 / 8.960228e+00
PCG:  6 : 1.549428e-01 / 8.178410e+00
PCG:  7 : 1.151544e-01 / 6.078243e+00
PCG:  8 : 9.995857e-02 / 5.276156e+00
PCG:  9 : 8.459774e-02 / 4.465359e+00
PCG: 10 : 3.798953e-02 / 2.005218e+00
PCG: 11 : 2.064830e-02 / 1.089888e+00
PCG: 12 : 1.273249e-02 / 6.720647e-01
PCG: 13 : 8.356788e-03 / 4.410999e-01
PCG: 14 : 3.203387e-03 / 1.690857e-01
PCG: 15 : 1.070926e-03 / 5.652717e-02
PCG: 16 : 1.683156e-03 / 8.884272e-02
PCG: 17 : 1.089429e-03 / 5.750381e-02
PCG: 18 : 2.190204e-04 / 1.156065e-02
PCG:  0 : 5.801513e-04
PCG:  1 : 1.098332e-04 / 1.893182e-01
PCG:  2 : 2.426087e-04 / 4.181818e-01
PCG:  3 : 5.279245e-05 / 9.099773e-02
PCG:  4 : 5.745031e-05 / 9.902643e-02
PCG:  5 : 3.430706e-05 / 5.913467e-02
PCG:  6 : 3.474553e-05 / 5.989047e-02
PCG:  7 : 3.115922e-05 / 5.370878e-02
PCG:  8 : 2.271183e-05 / 3.914812e-02
PCG:  9 : 2.644380e-05 / 4.558086e-02
PCG: 10 : 2.649635e-05 / 4.567146e-02
PCG: 11 : 3.268127e-05 / 5.633232e-02
PCG: 12 : 2.665243e-05 / 4.594049e-02
PCG: 13 : 2.625028e-05 / 4.524731e-02
PCG: 14 : 1.441088e-05 / 2.483987e-02
PCG: 15 : 1.044925e-05 / 1.801126e-02
PCG: 16 : 1.113004e-05 / 1.918473e-02
PCG: 17 : 8.772829e-06 / 1.512162e-02
PCG: 18 : 4.936895e-06 / 8.509669e-03
PCG:  0 : 4.936858e-06
PCG:  1 : 3.601523e-06 / 7.295172e-01
PCG:  2 : 2.954294e-06 / 5.984159e-01
PCG:  3 : 1.701105e-06 / 3.445723e-01
PCG:  4 : 1.392559e-06 / 2.820740e-01
PCG:  5 : 1.136665e-06 / 2.302406e-01
PCG:  6 : 5.511256e-07 / 1.116349e-01
PCG:  7 : 6.395092e-07 / 1.295377e-01
PCG:  8 : 4.777808e-07 / 9.677833e-02
PCG:  9 : 4.067129e-07 / 8.238294e-02
PCG: 10 : 2.482730e-07 / 5.028968e-02
PCG: 11 : 2.197440e-07 / 4.451091e-02
PCG: 12 : 1.704238e-07 / 3.452070e-02
PCG: 13 : 2.100890e-07 / 4.255520e-02
PCG: 14 : 2.382880e-07 / 4.826713e-02
PCG: 15 : 1.194951e-07 / 2.420469e-02
PCG: 16 : 1.579263e-07 / 3.198923e-02
PCG: 17 : 1.460077e-07 / 2.957502e-02
PCG: 18 : 1.565009e-07 / 3.170050e-02
PCG:  0 : 1.565009e-07
PCG:  1 : 7.851742e-08 / 5.017058e-01
PCG:  2 : 5.783632e-08 / 3.695590e-01
PCG:  3 : 3.651792e-08 / 2.333400e-01
PCG:  4 : 8.718668e-08 / 5.571002e-01
PCG:  5 : 6.120911e-08 / 3.911103e-01
PCG:  6 : 5.945431e-08 / 3.798975e-01
PCG:  7 : 4.033662e-08 / 2.577405e-01
PCG:  8 : 4.179237e-08 / 2.670423e-01
PCG:  9 : 3.137083e-08 / 2.004514e-01
PCG: 10 : 2.347109e-08 / 1.499741e-01
PCG: 11 : 2.199710e-08 / 1.405557e-01
PCG: 12 : 1.624549e-08 / 1.038044e-01
PCG: 13 : 2.419231e-08 / 1.545825e-01
PCG: 14 : 1.987032e-08 / 1.269662e-01
PCG: 15 : 1.834738e-08 / 1.172349e-01
PCG: 16 : 1.499645e-08 / 9.582339e-02
PCG: 17 : 1.193899e-08 / 7.628704e-02
PCG: 18 : 8.738749e-09 / 5.583833e-02

PCG ( VCycle ( S: Scale / C: Scale )  )

Complete solver TOE: 0.193687
13.96 GFlop/s [13.96 GFlops/s]

Total time: 0.193687s
Accumulated op time: 0.08154

Reductions: 39.1255%
Blas-1: 1.52876%
Blas-2: 1.4446%
Precon Kernels: 0%
MPI Execution: 0%
MPI Wait: 0%
Not covered: 57.9011%

Domain size: 48.1654 MByte
LA size: 120.741 MByte
MPI size: 2.67931 MByte

H0-Error: 1.717009e-06
H1-Error: 4.034414e-03

Writing DATA to output.data...
Run-Time: 0:00.897 [0:00.897]
0x31d198e880 Error: MemoryPool<CUDA> still contains memory chunks on deconstructor call
