NUM-PROCS: 1
Preparing domain...
LVL-MIN: 5 [5]
LVL-MAX: 10 [10]
Creating gates...
Assembling system matrices...
Assembling system filters...
Assembling transfer matrices...
Converting assembled linear system from SparseMatrixCSR, Mem:main to SparseMatrixELL, Mem:cudaand to SparseMatrixELL, Mem:cuda...
PCG: 0 : 9.473710e-03
PCG: 1 : 4.064152e-02 / 4.289926e+00
PCG: 2 : 4.515618e-02 / 4.766472e+00
PCG: 3 : 1.234715e-01 / 1.303307e+01
PCG: 4 : 2.105808e-01 / 2.222791e+01
PCG: 5 : 1.790863e-01 / 1.890350e+01
PCG: 6 : 1.624115e-01 / 1.714339e+01
PCG: 0 : 1.624075e-01
PCG: 1 : 1.181398e-01 / 7.274281e-01
PCG: 2 : 7.913299e-02 / 4.872496e-01
PCG: 3 : 3.946259e-02 / 2.429850e-01
PCG: 4 : 1.959555e-02 / 1.206567e-01
PCG: 5 : 2.593960e-02 / 1.597192e-01
PCG: 6 : 2.875698e-02 / 1.770668e-01
PCG: 0 : 2.875699e-02
PCG: 1 : 1.626241e-02 / 5.655116e-01
PCG: 2 : 1.879688e-02 / 6.536456e-01
PCG: 3 : 2.214976e-02 / 7.702393e-01
PCG: 4 : 1.308523e-02 / 4.550278e-01
PCG: 5 : 9.597952e-03 / 3.337607e-01
PCG: 6 : 2.224873e-02 / 7.736810e-01
PCG: 0 : 2.224874e-02
PCG: 1 : 1.167951e-02 / 5.249517e-01
PCG: 2 : 1.150881e-02 / 5.172792e-01
PCG: 3 : 9.246558e-03 / 4.155993e-01
PCG: 4 : 4.558723e-03 / 2.048981e-01
PCG: 5 : 6.755908e-03 / 3.036536e-01
PCG: 6 : 1.484894e-02 / 6.674060e-01
PCG: 0 : 1.484894e-02
PCG: 1 : 9.158863e-03 / 6.168026e-01
PCG: 2 : 8.164215e-03 / 5.498182e-01
PCG: 3 : 7.027191e-03 / 4.732454e-01
PCG: 4 : 5.649169e-03 / 3.804426e-01
PCG: 5 : 6.238124e-03 / 4.201058e-01
PCG: 6 : 1.136789e-02 / 7.655695e-01
PCG: 0 : 1.136789e-02
PCG: 1 : 5.713730e-03 / 5.026200e-01
PCG: 2 : 3.910428e-03 / 3.439889e-01
PCG: 3 : 3.851175e-03 / 3.387766e-01
PCG: 4 : 4.302984e-03 / 3.785208e-01
PCG: 5 : 4.699684e-03 / 4.134174e-01
PCG: 6 : 6.233542e-03 / 5.483464e-01
PCG: 0 : 6.233542e-03
PCG: 1 : 4.065172e-03 / 6.521448e-01
PCG: 2 : 3.348740e-03 / 5.372131e-01
PCG: 3 : 2.641300e-03 / 4.237238e-01
PCG: 4 : 2.238177e-03 / 3.590539e-01
PCG: 5 : 2.780392e-03 / 4.460373e-01
PCG: 6 : 4.549823e-03 / 7.298937e-01
PCG: 0 : 4.549823e-03
PCG: 1 : 2.389849e-03 / 5.252619e-01
PCG: 2 : 1.763000e-03 / 3.874875e-01
PCG: 3 : 1.837822e-03 / 4.039326e-01
PCG: 4 : 1.959245e-03 / 4.306201e-01
PCG: 5 : 2.023083e-03 / 4.446508e-01
PCG: 6 : 2.486781e-03 / 5.465664e-01
PCG: 0 : 2.486780e-03
PCG: 1 : 1.696366e-03 / 6.821536e-01
PCG: 2 : 1.483057e-03 / 5.963764e-01
PCG: 3 : 1.191984e-03 / 4.793283e-01
PCG: 4 : 9.831546e-04 / 3.953524e-01
PCG: 5 : 1.187091e-03 / 4.773606e-01
PCG: 6 : 1.814745e-03 / 7.297568e-01
PCG: 0 : 1.814745e-03
PCG: 1 : 1.009996e-03 / 5.565498e-01
PCG: 2 : 7.894529e-04 / 4.350215e-01
PCG: 3 : 8.094918e-04 / 4.460637e-01
PCG: 4 : 8.504560e-04 / 4.686367e-01
PCG: 5 : 8.653458e-04 / 4.768416e-01
PCG: 6 : 9.936133e-04 / 5.475223e-01
PCG: 0 : 9.936133e-04
PCG: 1 : 7.150446e-04 / 7.196407e-01
PCG: 2 : 6.527038e-04 / 6.568993e-01
PCG: 3 : 5.180764e-04 / 5.214065e-01
PCG: 4 : 4.280060e-04 / 4.307571e-01
PCG: 5 : 5.103322e-04 / 5.136124e-01
PCG: 6 : 7.300969e-04 / 7.347898e-01
PCG: 0 : 7.300969e-04
PCG: 1 : 4.305633e-04 / 5.897345e-01
PCG: 2 : 3.490694e-04 / 4.781138e-01
PCG: 3 : 3.465734e-04 / 4.746951e-01
PCG: 4 : 3.711071e-04 / 5.082985e-01
PCG: 5 : 3.750179e-04 / 5.136549e-01
PCG: 6 : 4.045723e-04 / 5.541350e-01
PCG: 0 : 4.045722e-04
PCG: 1 : 3.066262e-04 / 7.579023e-01
PCG: 2 : 2.852887e-04 / 7.051613e-01
PCG: 3 : 2.197827e-04 / 5.432472e-01
PCG: 4 : 1.867296e-04 / 4.615483e-01
PCG: 5 : 2.210780e-04 / 5.464488e-01
PCG: 6 : 2.987918e-04 / 7.385375e-01
PCG: 0 : 2.987918e-04
PCG: 1 : 1.858379e-04 / 6.219648e-01
PCG: 2 : 1.529089e-04 / 5.117575e-01
PCG: 3 : 1.459480e-04 / 4.884607e-01
PCG: 4 : 1.627529e-04 / 5.447034e-01
PCG: 5 : 1.631344e-04 / 5.459803e-01
PCG: 6 : 1.676607e-04 / 5.611291e-01
PCG: 0 : 1.676607e-04
PCG: 1 : 1.334491e-04 / 7.959475e-01
PCG: 2 : 1.244981e-04 / 7.425594e-01
PCG: 3 : 9.222114e-05 / 5.500461e-01
PCG: 4 : 8.186932e-05 / 4.883035e-01
PCG: 5 : 9.596126e-05 / 5.723538e-01
PCG: 6 : 1.240584e-04 / 7.399368e-01
PCG: 0 : 1.240583e-04
PCG: 1 : 8.092146e-05 / 6.522856e-01
PCG: 2 : 6.666325e-05 / 5.373541e-01
PCG: 3 : 6.125750e-05 / 4.937798e-01
PCG: 4 : 7.167279e-05 / 5.777345e-01
PCG: 5 : 7.077170e-05 / 5.704712e-01
PCG: 6 : 7.037335e-05 / 5.672601e-01
PCG: 0 : 7.037335e-05
PCG: 1 : 5.846656e-05 / 8.308055e-01
PCG: 2 : 5.424098e-05 / 7.707604e-01
PCG: 3 : 3.866015e-05 / 5.493578e-01
PCG: 4 : 3.602268e-05 / 5.118796e-01
PCG: 5 : 4.157776e-05 / 5.908169e-01
PCG: 6 : 5.216278e-05 / 7.412293e-01
PCG: 0 : 5.216278e-05
PCG: 1 : 3.534553e-05 / 6.776006e-01
PCG: 2 : 2.895300e-05 / 5.550508e-01
PCG: 3 : 2.581689e-05 / 4.949293e-01
PCG: 4 : 3.156915e-05 / 6.052045e-01
PCG: 5 : 3.058900e-05 / 5.864143e-01
PCG: 6 : 2.987533e-05 / 5.727327e-01
PCG: 0 : 2.987533e-05
PCG: 1 : 2.562679e-05 / 8.577911e-01
PCG: 2 : 2.356642e-05 / 7.888256e-01
PCG: 3 : 1.629107e-05 / 5.453019e-01
PCG: 4 : 1.583509e-05 / 5.300390e-01
PCG: 5 : 1.797283e-05 / 6.015944e-01
PCG: 6 : 2.220058e-05 / 7.431074e-01
PCG: 0 : 2.220057e-05
PCG: 1 : 1.542306e-05 / 6.947145e-01
PCG: 2 : 1.253515e-05 / 5.646316e-01
PCG: 3 : 1.095905e-05 / 4.936382e-01
PCG: 4 : 1.384807e-05 / 6.237709e-01
PCG: 5 : 1.320423e-05 / 5.947698e-01
PCG: 6 : 1.282051e-05 / 5.774856e-01
PCG: 0 : 1.282051e-05
PCG: 1 : 1.120426e-05 / 8.739320e-01
PCG: 2 : 1.021222e-05 / 7.965534e-01
PCG: 3 : 6.919681e-06 / 5.397351e-01
PCG: 4 : 6.927112e-06 / 5.403147e-01
PCG: 5 : 7.764089e-06 / 6.055989e-01
PCG: 6 : 9.550111e-06 / 7.449086e-01
PCG: 0 : 9.550111e-06
PCG: 1 : 6.713455e-06 / 7.029714e-01
PCG: 2 : 5.415790e-06 / 5.670918e-01
PCG: 3 : 4.685024e-06 / 4.905728e-01
PCG: 4 : 6.037841e-06 / 6.322273e-01
PCG: 5 : 5.706541e-06 / 5.975366e-01
PCG: 6 : 5.550823e-06 / 5.812313e-01
PCG: 0 : 5.550823e-06
PCG: 1 : 4.884402e-06 / 8.799420e-01
PCG: 2 : 4.417143e-06 / 7.957636e-01
PCG: 3 : 2.961232e-06 / 5.334761e-01
PCG: 4 : 3.012404e-06 / 5.426950e-01
PCG: 5 : 3.357358e-06 / 6.048397e-01
PCG: 6 : 4.141722e-06 / 7.461455e-01
PCG: 0 : 4.141721e-06
PCG: 1 : 2.916436e-06 / 7.041603e-01
PCG: 2 : 2.337150e-06 / 5.642945e-01
PCG: 3 : 2.013372e-06 / 4.861196e-01
PCG: 4 : 2.618902e-06 / 6.323221e-01
PCG: 5 : 2.471391e-06 / 5.967062e-01
PCG: 6 : 2.418180e-06 / 5.838586e-01
PCG: 0 : 2.418179e-06
PCG: 1 : 2.125224e-06 / 8.788530e-01
PCG: 2 : 1.908492e-06 / 7.892269e-01
PCG: 3 : 1.273954e-06 / 5.268238e-01
PCG: 4 : 1.304245e-06 / 5.393502e-01
PCG: 5 : 1.453921e-06 / 6.012461e-01
PCG: 6 : 1.805898e-06 / 7.468008e-01
PCG: 0 : 1.805898e-06
PCG: 1 : 1.265787e-06 / 7.009181e-01
PCG: 2 : 1.008132e-06 / 5.582441e-01
PCG: 3 : 8.680558e-07 / 4.806781e-01
PCG: 4 : 1.132382e-06 / 6.270465e-01
PCG: 5 : 1.072214e-06 / 5.937287e-01
PCG: 6 : 1.057417e-06 / 5.855350e-01
PCG: 0 : 1.057417e-06
PCG: 1 : 9.239810e-07 / 8.738098e-01
PCG: 2 : 8.242222e-07 / 7.794678e-01
PCG: 3 : 5.497562e-07 / 5.199050e-01
PCG: 4 : 5.634129e-07 / 5.328201e-01
PCG: 5 : 6.304395e-07 / 5.962073e-01
PCG: 6 : 7.899364e-07 / 7.470437e-01
PCG: 0 : 7.899363e-07
PCG: 1 : 5.493550e-07 / 6.954421e-01
PCG: 2 : 4.349064e-07 / 5.505589e-01
PCG: 3 : 3.749529e-07 / 4.746622e-01
PCG: 4 : 4.890143e-07 / 6.190554e-01
PCG: 5 : 4.657668e-07 / 5.896257e-01
PCG: 6 : 4.633314e-07 / 5.865427e-01
PCG: 0 : 4.633314e-07
PCG: 1 : 4.017510e-07 / 8.670921e-01
PCG: 2 : 3.559989e-07 / 7.683462e-01
PCG: 3 : 2.376226e-07 / 5.128568e-01
PCG: 4 : 2.432508e-07 / 5.250039e-01
PCG: 5 : 2.736645e-07 / 5.906453e-01
PCG: 6 : 3.461191e-07 / 7.470229e-01
PCG: 0 : 3.461191e-07
PCG: 1 : 2.385594e-07 / 6.892408e-01
PCG: 2 : 1.877232e-07 / 5.423660e-01
PCG: 3 : 1.621315e-07 / 4.684269e-01
PCG: 4 : 2.111802e-07 / 6.101373e-01
PCG: 5 : 2.025106e-07 / 5.850893e-01
PCG: 6 : 2.032116e-07 / 5.871148e-01
PCG: 0 : 2.032116e-07
PCG: 1 : 1.747788e-07 / 8.600830e-01
PCG: 2 : 1.538533e-07 / 7.571088e-01
PCG: 3 : 1.027944e-07 / 5.058489e-01
PCG: 4 : 1.050636e-07 / 5.170156e-01
PCG: 5 : 1.189136e-07 / 5.851711e-01
PCG: 6 : 1.517609e-07 / 7.468119e-01
PCG: 0 : 1.517609e-07
PCG: 1 : 1.036898e-07 / 6.832445e-01
PCG: 2 : 8.109645e-08 / 5.343700e-01
PCG: 3 : 7.015291e-08 / 4.622596e-01
PCG: 4 : 9.126730e-08 / 6.013889e-01
PCG: 5 : 8.811833e-08 / 5.806394e-01
PCG: 6 : 8.914645e-08 / 5.874140e-01
PCG: 0 : 8.914644e-08
PCG: 1 : 7.609408e-08 / 8.535851e-01
PCG: 2 : 6.655004e-08 / 7.465250e-01
PCG: 3 : 4.449092e-08 / 4.990768e-01
PCG: 4 : 4.541916e-08 / 5.094894e-01
PCG: 5 : 5.172007e-08 / 5.801697e-01
PCG: 6 : 6.654592e-08 / 7.464787e-01
PCG: 0 : 6.654591e-08
PCG: 1 : 4.511361e-08 / 6.779321e-01
PCG: 2 : 3.507012e-08 / 5.270063e-01
PCG: 3 : 3.036844e-08 / 4.563533e-01
PCG: 4 : 3.948524e-08 / 5.933534e-01
PCG: 5 : 3.837136e-08 / 5.766149e-01
PCG: 6 : 3.909744e-08 / 5.875258e-01
PCG: 0 : 3.909743e-08
PCG: 1 : 3.315521e-08 / 8.480151e-01
PCG: 2 : 2.881467e-08 / 7.369964e-01
PCG: 3 : 1.926378e-08 / 4.927121e-01
PCG: 4 : 1.965663e-08 / 5.027601e-01
PCG: 5 : 2.251496e-08 / 5.758679e-01
PCG: 6 : 2.917106e-08 / 7.461120e-01
PCG: 0 : 2.917106e-08
PCG: 1 : 1.964620e-08 / 6.734828e-01
PCG: 2 : 1.518302e-08 / 5.204825e-01
PCG: 3 : 1.315174e-08 / 4.508489e-01
PCG: 4 : 1.710248e-08 / 5.862824e-01
PCG: 5 : 1.672071e-08 / 5.731952e-01
PCG: 6 : 1.713811e-08 / 5.875039e-01
PCG: 0 : 1.713811e-08
PCG: 1 : 1.445658e-08 / 8.435344e-01
PCG: 2 : 1.248890e-08 / 7.287209e-01
PCG: 3 : 8.344180e-09 / 4.868787e-01
PCG: 4 : 8.516801e-09 / 4.969510e-01
PCG: 5 : 9.808610e-09 / 5.723274e-01
PCG: 6 : 1.278084e-08 / 7.457554e-01
PCG: 0 : 1.278084e-08
PCG: 1 : 8.562146e-09 / 6.699204e-01
PCG: 2 : 6.580527e-09 / 5.148744e-01
PCG: 3 : 5.698329e-09 / 4.458494e-01
PCG: 4 : 7.415641e-09 / 5.802155e-01
PCG: 5 : 7.290332e-09 / 5.704111e-01
PCG: 6 : 7.507785e-09 / 5.874250e-01
PCG: 0 : 7.507784e-09
PCG: 1 : 6.306760e-09 / 8.400295e-01
PCG: 2 : 5.418124e-09 / 7.216675e-01
PCG: 3 : 3.616059e-09 / 4.816413e-01
PCG: 4 : 3.694163e-09 / 4.920444e-01
PCG: 5 : 4.275909e-09 / 5.695302e-01
PCG: 6 : 5.596750e-09 / 7.454597e-01
PCG: 0 : 5.596750e-09
PCG: 1 : 3.733813e-09 / 6.671396e-01
PCG: 2 : 2.855022e-09 / 5.101214e-01
PCG: 3 : 2.470244e-09 / 4.413713e-01
PCG: 4 : 3.218465e-09 / 5.750598e-01
PCG: 5 : 3.179937e-09 / 5.681756e-01
PCG: 6 : 3.287080e-09 / 5.873196e-01
PCG: 0 : 3.287080e-09
PCG: 1 : 2.752369e-09 / 8.373295e-01
PCG: 2 : 2.352710e-09 / 7.157446e-01
PCG: 3 : 1.567942e-09 / 4.770014e-01
PCG: 4 : 1.603767e-09 / 4.879003e-01
PCG: 5 : 1.864902e-09 / 5.673432e-01
PCG: 6 : 2.449447e-09 / 7.451740e-01
PCG: 0 : 2.449446e-09
PCG: 1 : 1.628992e-09 / 6.650450e-01
PCG: 2 : 1.239788e-09 / 5.061504e-01
PCG: 3 : 1.071508e-09 / 4.374490e-01
PCG: 4 : 1.398073e-09 / 5.707711e-01
PCG: 5 : 1.387548e-09 / 5.664740e-01
PCG: 6 : 1.438465e-09 / 5.872614e-01
PCG: 0 : 1.438465e-09
PCG: 1 : 1.201532e-09 / 8.352874e-01
PCG: 2 : 1.022470e-09 / 7.108064e-01
PCG: 3 : 6.803202e-10 / 4.729486e-01
PCG: 4 : 6.968113e-10 / 4.844131e-01
PCG: 5 : 8.136815e-10 / 5.656595e-01
PCG: 6 : 1.071555e-09 / 7.449290e-01

PCG ( VCycle ( S: Scale / C: Scale )  )

Complete solver TOE: 1.34435
29.9611 GFlop/s [29.9611 GFlops/s]

Total time: 1.34435s
Accumulated op time: 1.075

Reductions: 78.0372%
Blas-1: 0.935023%
Blas-2: 0.991779%
Precon Kernels: 0%
MPI Execution: 0%
MPI Wait: 0%
Not covered: 20.036%

Domain size: 192.384 MByte
LA size: 483.107 MByte
MPI size: 10.695 MByte

H0-Error: 4.297886e-07
H1-Error: 2.017209e-03

Writing DATA to output.data...
Run-Time: 0:04.073 [0:04.073]
0x31d198e880 Error: MemoryPool<CUDA> still contains memory chunks on deconstructor call
