NUM-PROCS: 1
Preparing domain...
LVL-MIN: 4 [4]
LVL-MAX: 9 [9]
Creating gates...
Assembling system matrices...
Assembling system filters...
Assembling transfer matrices...
Converting assembled linear system from SparseMatrixCSR, Mem:main to SparseMatrixCSR, Mem:mainand to SparseMatrixCSR, Mem:main...
PCG:  0 : 1.894513e-02
PCG:  1 : 3.774730e-02 / 1.992454e+00
PCG:  2 : 4.953502e-02 / 2.614657e+00
PCG:  3 : 1.147277e-01 / 6.055789e+00
PCG:  4 : 1.196864e-01 / 6.317527e+00
PCG:  5 : 5.468968e-02 / 2.886741e+00
PCG:  6 : 2.265389e-02 / 1.195763e+00
PCG:  7 : 4.091762e-03 / 2.159797e-01
PCG:  8 : 1.388645e-03 / 7.329825e-02
PCG:  9 : 1.175736e-03 / 6.206005e-02
PCG: 10 : 3.275139e-04 / 1.728750e-02
PCG:  0 : 6.272263e-04
PCG:  1 : 1.227315e-04 / 1.956734e-01
PCG:  2 : 6.577580e-05 / 1.048677e-01
PCG:  3 : 4.624903e-05 / 7.373579e-02
PCG:  4 : 6.037938e-05 / 9.626411e-02
PCG:  5 : 4.948123e-05 / 7.888895e-02
PCG:  6 : 3.860605e-05 / 6.155043e-02
PCG:  7 : 2.566689e-05 / 4.092125e-02
PCG:  8 : 8.895194e-06 / 1.418179e-02
PCG:  9 : 5.459832e-06 / 8.704724e-03
PCG: 10 : 2.932324e-06 / 4.675065e-03
PCG:  0 : 2.932336e-06
PCG:  1 : 2.023384e-06 / 6.900244e-01
PCG:  2 : 7.216032e-07 / 2.460847e-01
PCG:  3 : 3.849156e-07 / 1.312658e-01
PCG:  4 : 2.768410e-07 / 9.440970e-02
PCG:  5 : 3.375401e-07 / 1.151096e-01
PCG:  6 : 1.312758e-07 / 4.476832e-02
PCG:  7 : 9.431550e-08 / 3.216394e-02
PCG:  8 : 4.895314e-08 / 1.669424e-02
PCG:  9 : 4.412384e-08 / 1.504733e-02
PCG: 10 : 3.479615e-08 / 1.186636e-02
PCG:  0 : 3.479614e-08
PCG:  1 : 2.158700e-08 / 6.203849e-01
PCG:  2 : 1.985289e-08 / 5.705484e-01
PCG:  3 : 2.507023e-08 / 7.204886e-01
PCG:  4 : 1.615645e-08 / 4.643171e-01
PCG:  5 : 1.009582e-08 / 2.901419e-01
PCG:  6 : 5.048039e-09 / 1.450747e-01
PCG:  7 : 4.256920e-09 / 1.223388e-01
PCG:  8 : 3.078520e-09 / 8.847302e-02
PCG:  9 : 2.329386e-09 / 6.694380e-02
PCG: 10 : 1.399989e-09 / 4.023403e-02

PCG ( VCycle ( S: Scale / C: Scale )  )

Complete solver TOE: 3.25171
0.470015 GFlop/s [0.470015 GFlops/s]

Total time: 3.25171s
Accumulated op time: 3.16451

Reductions: 1.91816%
Blas-1: 5.69667%
Blas-2: 89.7037%
Precon Kernels: 0%
MPI Execution: 0%
MPI Wait: 0%
Not covered: 2.68152%

Domain size: 26.799 MByte
LA size: 89.2379 MByte
MPI size: 2.68149 MByte

H0-Error: 1.716474e-06
H1-Error: 4.034414e-03

Writing DATA to output.data...
Run-Time: 0:05.695 [0:05.695]
0xb33489f8 Error: MemoryPool<CPU> still contains memory chunks on deconstructor call
