NUM-PROCS: 1
Preparing domain...
LVL-MIN: 4 [4]
LVL-MAX: 9 [9]
Creating gates...
Assembling system matrices...
Assembling system filters...
Assembling transfer matrices...
Converting assembled linear system from SparseMatrixCSR, Mem:main to SparseMatrixELL, Mem:cudaand to SparseMatrixELL, Mem:cuda...
PCG:  0 : 1.894534e-02
PCG:  1 : 3.774795e-02 / 1.992466e+00
PCG:  2 : 4.953643e-02 / 2.614703e+00
PCG:  3 : 1.147339e-01 / 6.056050e+00
PCG:  4 : 1.196938e-01 / 6.317850e+00
PCG:  5 : 5.469363e-02 / 2.886918e+00
PCG:  6 : 2.265511e-02 / 1.195814e+00
PCG:  7 : 4.092026e-03 / 2.159912e-01
PCG:  8 : 1.388743e-03 / 7.330263e-02
PCG:  9 : 1.175825e-03 / 6.206408e-02
PCG: 10 : 3.275515e-04 / 1.728929e-02
PCG: 11 : 3.820651e-05 / 2.016671e-03
PCG: 12 : 2.307703e-05 / 1.218085e-03
PCG: 13 : 7.475274e-06 / 3.945706e-04
PCG: 14 : 9.067863e-07 / 4.786330e-05
PCG:  0 : 5.487936e-04
PCG:  1 : 5.548585e-05 / 1.011051e-01
PCG:  2 : 7.517494e-05 / 1.369822e-01
PCG:  3 : 3.421645e-05 / 6.234848e-02
PCG:  4 : 5.261738e-05 / 9.587827e-02
PCG:  5 : 3.541270e-05 / 6.452827e-02
PCG:  6 : 2.647436e-05 / 4.824101e-02
PCG:  7 : 1.707684e-05 / 3.111705e-02
PCG:  8 : 8.966480e-06 / 1.633853e-02
PCG:  9 : 1.759862e-06 / 3.206784e-03
PCG: 10 : 8.347559e-07 / 1.521074e-03
PCG: 11 : 8.414294e-07 / 1.533235e-03
PCG: 12 : 4.957815e-07 / 9.034026e-04
PCG: 13 : 4.119454e-07 / 7.506381e-04
PCG: 14 : 1.358936e-07 / 2.476224e-04
PCG:  0 : 1.362854e-07
PCG:  1 : 1.388349e-07 / 1.018707e+00
PCG:  2 : 4.088455e-08 / 2.999923e-01
PCG:  3 : 3.112448e-08 / 2.283773e-01
PCG:  4 : 1.984166e-08 / 1.455891e-01
PCG:  5 : 2.061280e-08 / 1.512473e-01
PCG:  6 : 1.174637e-08 / 8.618949e-02
PCG:  7 : 6.919473e-09 / 5.077195e-02
PCG:  8 : 6.634096e-09 / 4.867798e-02
PCG:  9 : 5.198322e-09 / 3.814292e-02
PCG: 10 : 4.280667e-09 / 3.140959e-02
PCG: 11 : 4.035937e-09 / 2.961387e-02
PCG: 12 : 2.447160e-09 / 1.795615e-02
PCG: 13 : 1.421812e-09 / 1.043261e-02
PCG: 14 : 9.762249e-10 / 7.163095e-03
PCG:  0 : 9.762355e-10
PCG:  1 : 6.008659e-10 / 6.154928e-01
PCG:  2 : 4.169458e-10 / 4.270954e-01
PCG:  3 : 2.262157e-10 / 2.317225e-01
PCG:  4 : 1.489909e-10 / 1.526178e-01
PCG:  5 : 8.218686e-11 / 8.418753e-02
PCG:  6 : 6.149108e-11 / 6.298796e-02
PCG:  7 : 6.000944e-11 / 6.147025e-02
PCG:  8 : 3.903032e-11 / 3.998043e-02
PCG:  9 : 3.861843e-11 / 3.955852e-02
PCG: 10 : 3.283669e-11 / 3.363603e-02
PCG: 11 : 1.489436e-11 / 1.525693e-02
PCG: 12 : 1.367895e-11 / 1.401194e-02
PCG: 13 : 1.406802e-11 / 1.441048e-02
PCG: 14 : 7.989808e-12 / 8.184304e-03

PCG ( VCycle ( S: Scale / C: Scale )  )

Complete solver TOE: 3.43445
0.617047 GFlop/s [0.617047 GFlops/s]

Total time: 3.43445s
Accumulated op time: 0.900633

Reductions: 16.4036%
Blas-1: 5.39552%
Blas-2: 4.42441%
Precon Kernels: 0%
MPI Execution: 0%
MPI Wait: 0%
Not covered: 73.7765%

Domain size: 26.799 MByte
LA size: 89.2379 MByte
MPI size: 2.68149 MByte

H0-Error: 1.716359e-06
H1-Error: 4.034414e-03

Writing DATA to output.data...
Run-Time: 0:06.399 [0:06.399]
0xb33509f8 Error: MemoryPool<CUDA> still contains memory chunks on deconstructor call
