NUM-PROCS: 1
Preparing domain...
LVL-MIN: 1 [1]
LVL-MAX: 10 [10]
Creating gates...
Assembling system matrices...
Assembling system filters...
Assembling transfer matrices...
Converting assembled linear system from SparseMatrixCSR, Mem:main to SparseMatrixELL, Mem:cudaand to SparseMatrixELL, Mem:cuda...
PCG: 0 : 9.473710e-03
PCG: 1 : 3.632814e-03 / 3.834626e-01
PCG: 2 : 1.419615e-03 / 1.498479e-01
PCG: 3 : 4.982906e-04 / 5.259719e-02
PCG: 4 : 1.272001e-04 / 1.342664e-02
PCG: 5 : 1.428272e-05 / 1.507617e-03
PCG: 6 : 1.278888e-06 / 1.349933e-04
PCG: 7 : 1.857528e-07 / 1.960718e-05
PCG: 0 : 2.118413e-04
PCG: 1 : 3.078872e-05 / 1.453386e-01
PCG: 2 : 4.006392e-06 / 1.891223e-02
PCG: 3 : 6.951076e-07 / 3.281265e-03
PCG: 4 : 8.159418e-08 / 3.851665e-04
PCG: 5 : 9.009553e-09 / 4.252973e-05
PCG: 6 : 1.122518e-09 / 5.298862e-06
PCG: 7 : 1.095689e-10 / 5.172214e-07
PCG: 0 : 4.158293e-08
PCG: 1 : 1.234791e-08 / 2.969465e-01
PCG: 2 : 1.584727e-09 / 3.811003e-02
PCG: 3 : 3.058505e-10 / 7.355193e-03
PCG: 4 : 5.242666e-11 / 1.260774e-03
PCG: 5 : 5.570534e-12 / 1.339621e-04
PCG: 6 : 6.500681e-13 / 1.563305e-05
PCG: 7 : 9.284403e-14 / 2.232744e-06

PCG ( VCycle ( S: Scale / C: Scale )  )

Complete solver TOE: 0.33975
9.57826 GFlop/s [9.57826 GFlops/s]

Total time: 0.33975s
Accumulated op time: 0.092029

Reductions: 26.0854%
Blas-1: 0.483885%
Blas-2: 0.518028%
Precon Kernels: 0%
MPI Execution: 0%
MPI Wait: 0%
Not covered: 72.9127%

Domain size: 192.438 MByte
LA size: 483.45 MByte
MPI size: 10.6981 MByte

H0-Error: 4.291939e-07
H1-Error: 2.017209e-03

Writing DATA to output.data...
Run-Time: 0:03.060 [0:03.060]
0x31d198e880 Error: MemoryPool<CUDA> still contains memory chunks on deconstructor call
