NUM-PROCS: 1
Preparing domain...
LVL-MIN: 4 [4]
LVL-MAX: 8 [8]
Creating gates...
Assembling system matrices...
Assembling system filters...
Assembling transfer matrices...
Converting assembled linear system from SparseMatrixCSR, Mem:main to SparseMatrixELL, Mem:cudaand to SparseMatrixELL, Mem:cuda...
PCG: 0 : 3.788187e-02
PCG: 1 : 7.372158e-02 / 1.946091e+00
PCG: 0 : 7.412792e-02
PCG: 1 : 7.271221e-02 / 9.809017e-01
PCG: 0 : 7.271221e-02
PCG: 1 : 1.129687e-01 / 1.553641e+00
PCG: 0 : 1.129687e-01
PCG: 1 : 1.454096e-01 / 1.287168e+00
PCG: 0 : 1.454096e-01
PCG: 1 : 1.485456e-01 / 1.021567e+00
PCG: 0 : 1.485456e-01
PCG: 1 : 1.410452e-01 / 9.495076e-01
PCG: 0 : 1.410452e-01
PCG: 1 : 1.326148e-01 / 9.402291e-01
PCG: 0 : 1.326148e-01
PCG: 1 : 1.238646e-01 / 9.340178e-01
PCG: 0 : 1.238645e-01
PCG: 1 : 1.164925e-01 / 9.404832e-01
PCG: 0 : 1.164925e-01
PCG: 1 : 1.092190e-01 / 9.375625e-01
PCG: 0 : 1.092190e-01
PCG: 1 : 1.031711e-01 / 9.446256e-01
PCG: 0 : 1.031711e-01
PCG: 1 : 9.707908e-02 / 9.409525e-01
PCG: 0 : 9.707907e-02
PCG: 1 : 9.197967e-02 / 9.474717e-01
PCG: 0 : 9.197967e-02
PCG: 1 : 8.674316e-02 / 9.430689e-01
PCG: 0 : 8.674315e-02
PCG: 1 : 8.233680e-02 / 9.492023e-01
PCG: 0 : 8.233679e-02
PCG: 1 : 7.775653e-02 / 9.443716e-01
PCG: 0 : 7.775652e-02
PCG: 1 : 7.389160e-02 / 9.502945e-01
PCG: 0 : 7.389159e-02
PCG: 1 : 6.984407e-02 / 9.452236e-01
PCG: 0 : 6.984407e-02
PCG: 1 : 6.642388e-02 / 9.510311e-01
PCG: 0 : 6.642388e-02
PCG: 1 : 6.282502e-02 / 9.458199e-01
PCG: 0 : 6.282502e-02
PCG: 1 : 5.978156e-02 / 9.515566e-01
PCG: 0 : 5.978156e-02
PCG: 1 : 5.656876e-02 / 9.462577e-01
PCG: 0 : 5.656876e-02
PCG: 1 : 5.385040e-02 / 9.519459e-01
PCG: 0 : 5.385040e-02
PCG: 1 : 5.097414e-02 / 9.465880e-01
PCG: 0 : 5.097414e-02
PCG: 1 : 4.853959e-02 / 9.522394e-01
PCG: 0 : 4.853959e-02
PCG: 1 : 4.595934e-02 / 9.468425e-01
PCG: 0 : 4.595934e-02
PCG: 1 : 4.377458e-02 / 9.524632e-01
PCG: 0 : 4.377457e-02
PCG: 1 : 4.145617e-02 / 9.470376e-01
PCG: 0 : 4.145616e-02
PCG: 1 : 3.949257e-02 / 9.526344e-01
PCG: 0 : 3.949256e-02
PCG: 1 : 3.740690e-02 / 9.471884e-01
PCG: 0 : 3.740690e-02
PCG: 1 : 3.563999e-02 / 9.527653e-01
PCG: 0 : 3.563999e-02
PCG: 1 : 3.376190e-02 / 9.473037e-01
PCG: 0 : 3.376190e-02
PCG: 1 : 3.217054e-02 / 9.528654e-01
PCG: 0 : 3.217054e-02
PCG: 1 : 3.047810e-02 / 9.473918e-01
PCG: 0 : 3.047810e-02
PCG: 1 : 2.904383e-02 / 9.529408e-01
PCG: 0 : 2.904382e-02
PCG: 1 : 2.751782e-02 / 9.474585e-01
PCG: 0 : 2.751782e-02
PCG: 1 : 2.622441e-02 / 9.529976e-01
PCG: 0 : 2.622441e-02
PCG: 1 : 2.484787e-02 / 9.475092e-01
PCG: 0 : 2.484787e-02
PCG: 1 : 2.368102e-02 / 9.530401e-01
PCG: 0 : 2.368102e-02
PCG: 1 : 2.243888e-02 / 9.475471e-01
PCG: 0 : 2.243888e-02
PCG: 1 : 2.138584e-02 / 9.530711e-01
PCG: 0 : 2.138584e-02
PCG: 1 : 2.026470e-02 / 9.475754e-01
PCG: 0 : 2.026470e-02
PCG: 1 : 1.931415e-02 / 9.530933e-01
PCG: 0 : 1.931415e-02
PCG: 1 : 1.830204e-02 / 9.475977e-01
PCG: 0 : 1.830204e-02
PCG: 1 : 1.744383e-02 / 9.531084e-01
PCG: 0 : 1.744383e-02
PCG: 1 : 1.653001e-02 / 9.476133e-01
PCG: 0 : 1.653001e-02
PCG: 1 : 1.575506e-02 / 9.531190e-01
PCG: 0 : 1.575506e-02
PCG: 1 : 1.492987e-02 / 9.476238e-01
PCG: 0 : 1.492987e-02
PCG: 1 : 1.423006e-02 / 9.531269e-01
PCG: 0 : 1.423006e-02
PCG: 1 : 1.348484e-02 / 9.476302e-01
PCG: 0 : 1.348484e-02
PCG: 1 : 1.285283e-02 / 9.531321e-01
PCG: 0 : 1.285283e-02
PCG: 1 : 1.217979e-02 / 9.476345e-01
PCG: 0 : 1.217978e-02
PCG: 1 : 1.160897e-02 / 9.531341e-01
PCG: 0 : 1.160897e-02
PCG: 1 : 1.100109e-02 / 9.476372e-01
PCG: 0 : 1.100109e-02
PCG: 1 : 1.048553e-02 / 9.531351e-01
PCG: 0 : 1.048553e-02
PCG: 1 : 9.936484e-03 / 9.476382e-01
PCG: 0 : 9.936484e-03
PCG: 1 : 9.470808e-03 / 9.531348e-01
PCG: 0 : 9.470807e-03
PCG: 1 : 8.974904e-03 / 9.476388e-01
PCG: 0 : 8.974904e-03
PCG: 1 : 8.554288e-03 / 9.531342e-01
PCG: 0 : 8.554287e-03
PCG: 1 : 8.106357e-03 / 9.476368e-01
PCG: 0 : 8.106357e-03
PCG: 1 : 7.726442e-03 / 9.531336e-01
PCG: 0 : 7.726442e-03
PCG: 1 : 7.321843e-03 / 9.476345e-01
PCG: 0 : 7.321842e-03
PCG: 1 : 6.978683e-03 / 9.531320e-01
PCG: 0 : 6.978683e-03
PCG: 1 : 6.613228e-03 / 9.476327e-01
PCG: 0 : 6.613227e-03
PCG: 1 : 6.303261e-03 / 9.531294e-01
PCG: 0 : 6.303261e-03
PCG: 1 : 5.973166e-03 / 9.476311e-01
PCG: 0 : 5.973165e-03
PCG: 1 : 5.693180e-03 / 9.531262e-01
PCG: 0 : 5.693180e-03
PCG: 1 : 5.395025e-03 / 9.476294e-01
PCG: 0 : 5.395025e-03
PCG: 1 : 5.142125e-03 / 9.531235e-01
PCG: 0 : 5.142125e-03
PCG: 1 : 4.872817e-03 / 9.476271e-01
PCG: 0 : 4.872817e-03
PCG: 1 : 4.644386e-03 / 9.531214e-01
PCG: 0 : 4.644386e-03
PCG: 1 : 4.401134e-03 / 9.476247e-01
PCG: 0 : 4.401134e-03
PCG: 1 : 4.194805e-03 / 9.531192e-01
PCG: 0 : 4.194805e-03
PCG: 1 : 3.975092e-03 / 9.476226e-01
PCG: 0 : 3.975092e-03
PCG: 1 : 3.788725e-03 / 9.531163e-01
PCG: 0 : 3.788724e-03
PCG: 1 : 3.590272e-03 / 9.476202e-01
PCG: 0 : 3.590271e-03
PCG: 1 : 3.421939e-03 / 9.531142e-01
PCG: 0 : 3.421939e-03
PCG: 1 : 3.242692e-03 / 9.476184e-01
PCG: 0 : 3.242692e-03
PCG: 1 : 3.090644e-03 / 9.531108e-01
PCG: 0 : 3.090644e-03
PCG: 1 : 2.928749e-03 / 9.476177e-01
PCG: 0 : 2.928749e-03
PCG: 1 : 2.791414e-03 / 9.531078e-01
PCG: 0 : 2.791414e-03
PCG: 1 : 2.645188e-03 / 9.476160e-01
PCG: 0 : 2.645188e-03
PCG: 1 : 2.521144e-03 / 9.531056e-01
PCG: 0 : 2.521144e-03
PCG: 1 : 2.389073e-03 / 9.476146e-01
PCG: 0 : 2.389073e-03
PCG: 1 : 2.277035e-03 / 9.531040e-01
PCG: 0 : 2.277035e-03
PCG: 1 : 2.157747e-03 / 9.476127e-01
PCG: 0 : 2.157747e-03
PCG: 1 : 2.056553e-03 / 9.531022e-01
PCG: 0 : 2.056553e-03
PCG: 1 : 1.948814e-03 / 9.476117e-01
PCG: 0 : 1.948814e-03
PCG: 1 : 1.857416e-03 / 9.531009e-01
PCG: 0 : 1.857416e-03
PCG: 1 : 1.760105e-03 / 9.476094e-01
PCG: 0 : 1.760105e-03
PCG: 1 : 1.677557e-03 / 9.531004e-01
PCG: 0 : 1.677557e-03
PCG: 1 : 1.589664e-03 / 9.476071e-01
PCG: 0 : 1.589664e-03
PCG: 1 : 1.515109e-03 / 9.530996e-01
PCG: 0 : 1.515109e-03
PCG: 1 : 1.435726e-03 / 9.476057e-01
PCG: 0 : 1.435726e-03
PCG: 1 : 1.368388e-03 / 9.530984e-01
PCG: 0 : 1.368388e-03
PCG: 1 : 1.296691e-03 / 9.476051e-01
PCG: 0 : 1.296691e-03
PCG: 1 : 1.235872e-03 / 9.530969e-01
PCG: 0 : 1.235872e-03
PCG: 1 : 1.171118e-03 / 9.476046e-01
PCG: 0 : 1.171118e-03
PCG: 1 : 1.116188e-03 / 9.530956e-01
PCG: 0 : 1.116188e-03
PCG: 1 : 1.057704e-03 / 9.476045e-01
PCG: 0 : 1.057704e-03
PCG: 1 : 1.008093e-03 / 9.530948e-01
PCG: 0 : 1.008092e-03
PCG: 1 : 9.552721e-04 / 9.476037e-01
PCG: 0 : 9.552721e-04
PCG: 1 : 9.104644e-04 / 9.530944e-01
PCG: 0 : 9.104644e-04
PCG: 1 : 8.627585e-04 / 9.476027e-01
PCG: 0 : 8.627585e-04
PCG: 1 : 8.222897e-04 / 9.530937e-01
PCG: 0 : 8.222897e-04
PCG: 1 : 7.792033e-04 / 9.476019e-01
PCG: 0 : 7.792033e-04
PCG: 1 : 7.426540e-04 / 9.530941e-01
PCG: 0 : 7.426540e-04
PCG: 1 : 7.037395e-04 / 9.476007e-01
PCG: 0 : 7.037395e-04
PCG: 1 : 6.707297e-04 / 9.530938e-01
PCG: 0 : 6.707297e-04
PCG: 1 : 6.355839e-04 / 9.476007e-01
PCG: 0 : 6.355838e-04
PCG: 1 : 6.057710e-04 / 9.530938e-01
PCG: 0 : 6.057710e-04
PCG: 1 : 5.740288e-04 / 9.476003e-01
PCG: 0 : 5.740288e-04
PCG: 1 : 5.471031e-04 / 9.530935e-01
PCG: 0 : 5.471031e-04
PCG: 1 : 5.184352e-04 / 9.476006e-01
PCG: 0 : 5.184351e-04
PCG: 1 : 4.941172e-04 / 9.530935e-01
PCG: 0 : 4.941171e-04
PCG: 1 : 4.682254e-04 / 9.476001e-01
PCG: 0 : 4.682254e-04
PCG: 1 : 4.462626e-04 / 9.530935e-01
PCG: 0 : 4.462625e-04
PCG: 1 : 4.228785e-04 / 9.476004e-01
PCG: 0 : 4.228785e-04
PCG: 1 : 4.030426e-04 / 9.530931e-01
PCG: 0 : 4.030425e-04
PCG: 1 : 3.819237e-04 / 9.476014e-01
PCG: 0 : 3.819237e-04
PCG: 1 : 3.640084e-04 / 9.530922e-01
PCG: 0 : 3.640084e-04
PCG: 1 : 3.449349e-04 / 9.476014e-01
PCG: 0 : 3.449349e-04
PCG: 1 : 3.287551e-04 / 9.530932e-01
PCG: 0 : 3.287551e-04
PCG: 1 : 3.115287e-04 / 9.476011e-01
PCG: 0 : 3.115287e-04
PCG: 1 : 2.969160e-04 / 9.530934e-01
PCG: 0 : 2.969160e-04
PCG: 1 : 2.813580e-04 / 9.476014e-01
PCG: 0 : 2.813580e-04
PCG: 1 : 2.681607e-04 / 9.530942e-01
PCG: 0 : 2.681607e-04
PCG: 1 : 2.541094e-04 / 9.476014e-01
PCG: 0 : 2.541094e-04
PCG: 1 : 2.421904e-04 / 9.530949e-01
PCG: 0 : 2.421904e-04
PCG: 1 : 2.294999e-04 / 9.476013e-01
PCG: 0 : 2.294999e-04
PCG: 1 : 2.187355e-04 / 9.530964e-01
PCG: 0 : 2.187355e-04
PCG: 1 : 2.072740e-04 / 9.476011e-01
PCG: 0 : 2.072740e-04
PCG: 1 : 1.975521e-04 / 9.530964e-01
PCG: 0 : 1.975521e-04
PCG: 1 : 1.872008e-04 / 9.476020e-01
PCG: 0 : 1.872008e-04
PCG: 1 : 1.784205e-04 / 9.530968e-01
PCG: 0 : 1.784205e-04
PCG: 1 : 1.690717e-04 / 9.476024e-01
PCG: 0 : 1.690716e-04
PCG: 1 : 1.611418e-04 / 9.530976e-01
PCG: 0 : 1.611418e-04
PCG: 1 : 1.526984e-04 / 9.476026e-01
PCG: 0 : 1.526984e-04
PCG: 1 : 1.455367e-04 / 9.530990e-01
PCG: 0 : 1.455366e-04
PCG: 1 : 1.379110e-04 / 9.476031e-01
PCG: 0 : 1.379110e-04
PCG: 1 : 1.314429e-04 / 9.530998e-01
PCG: 0 : 1.314429e-04
PCG: 1 : 1.245558e-04 / 9.476036e-01
PCG: 0 : 1.245558e-04
PCG: 1 : 1.187142e-04 / 9.531006e-01
PCG: 0 : 1.187142e-04
PCG: 1 : 1.124940e-04 / 9.476039e-01
PCG: 0 : 1.124940e-04
PCG: 1 : 1.072183e-04 / 9.531021e-01
PCG: 0 : 1.072183e-04
PCG: 1 : 1.016005e-04 / 9.476039e-01
PCG: 0 : 1.016004e-04
PCG: 1 : 9.683569e-05 / 9.531030e-01
PCG: 0 : 9.683569e-05
PCG: 1 : 9.176199e-05 / 9.476051e-01
PCG: 0 : 9.176199e-05
PCG: 1 : 8.745862e-05 / 9.531029e-01
PCG: 0 : 8.745862e-05
PCG: 1 : 8.287638e-05 / 9.476068e-01
PCG: 0 : 8.287637e-05
PCG: 1 : 7.898977e-05 / 9.531036e-01
PCG: 0 : 7.898976e-05
PCG: 1 : 7.485128e-05 / 9.476073e-01
PCG: 0 : 7.485128e-05
PCG: 1 : 7.134113e-05 / 9.531050e-01
PCG: 0 : 7.134112e-05
PCG: 1 : 6.760341e-05 / 9.476079e-01
PCG: 0 : 6.760341e-05
PCG: 1 : 6.443323e-05 / 9.531062e-01
PCG: 0 : 6.443323e-05
PCG: 1 : 6.105748e-05 / 9.476085e-01
PCG: 0 : 6.105748e-05
PCG: 1 : 5.819437e-05 / 9.531080e-01
PCG: 0 : 5.819436e-05
PCG: 1 : 5.514549e-05 / 9.476088e-01
PCG: 0 : 5.514549e-05
PCG: 1 : 5.255967e-05 / 9.531091e-01
PCG: 0 : 5.255967e-05
PCG: 1 : 4.980606e-05 / 9.476098e-01
PCG: 0 : 4.980606e-05
PCG: 1 : 4.747066e-05 / 9.531101e-01
PCG: 0 : 4.747066e-05
PCG: 1 : 4.498368e-05 / 9.476102e-01
PCG: 0 : 4.498368e-05
PCG: 1 : 4.287445e-05 / 9.531114e-01
PCG: 0 : 4.287445e-05
PCG: 1 : 4.062833e-05 / 9.476117e-01
PCG: 0 : 4.062833e-05
PCG: 1 : 3.872336e-05 / 9.531125e-01
PCG: 0 : 3.872336e-05
PCG: 1 : 3.669475e-05 / 9.476126e-01
PCG: 0 : 3.669474e-05
PCG: 1 : 3.497427e-05 / 9.531138e-01
PCG: 0 : 3.497427e-05
PCG: 1 : 3.314208e-05 / 9.476132e-01
PCG: 0 : 3.314208e-05
PCG: 1 : 3.158824e-05 / 9.531157e-01
PCG: 0 : 3.158824e-05
PCG: 1 : 2.993345e-05 / 9.476138e-01
PCG: 0 : 2.993345e-05
PCG: 1 : 2.853010e-05 / 9.531177e-01
PCG: 0 : 2.853009e-05
PCG: 1 : 2.703552e-05 / 9.476140e-01
PCG: 0 : 2.703552e-05
PCG: 1 : 2.576808e-05 / 9.531195e-01
PCG: 0 : 2.576807e-05
PCG: 1 : 2.441820e-05 / 9.476147e-01
PCG: 0 : 2.441820e-05
PCG: 1 : 2.327350e-05 / 9.531208e-01
PCG: 0 : 2.327350e-05
PCG: 1 : 2.205434e-05 / 9.476159e-01
PCG: 0 : 2.205434e-05
PCG: 1 : 2.102047e-05 / 9.531220e-01
PCG: 0 : 2.102047e-05
PCG: 1 : 1.991936e-05 / 9.476170e-01
PCG: 0 : 1.991936e-05
PCG: 1 : 1.898560e-05 / 9.531231e-01
PCG: 0 : 1.898560e-05
PCG: 1 : 1.799111e-05 / 9.476190e-01
PCG: 0 : 1.799111e-05
PCG: 1 : 1.714776e-05 / 9.531241e-01
PCG: 0 : 1.714776e-05
PCG: 1 : 1.624957e-05 / 9.476207e-01
PCG: 0 : 1.624957e-05
PCG: 1 : 1.548787e-05 / 9.531251e-01
PCG: 0 : 1.548787e-05
PCG: 1 : 1.467665e-05 / 9.476219e-01
PCG: 0 : 1.467665e-05
PCG: 1 : 1.398871e-05 / 9.531266e-01
PCG: 0 : 1.398870e-05
PCG: 1 : 1.325601e-05 / 9.476228e-01
PCG: 0 : 1.325601e-05
PCG: 1 : 1.263468e-05 / 9.531282e-01
PCG: 0 : 1.263468e-05
PCG: 1 : 1.197293e-05 / 9.476244e-01
PCG: 0 : 1.197293e-05
PCG: 1 : 1.141175e-05 / 9.531288e-01
PCG: 0 : 1.141174e-05
PCG: 1 : 1.081407e-05 / 9.476261e-01
PCG: 0 : 1.081407e-05
PCG: 1 : 1.030722e-05 / 9.531306e-01
PCG: 0 : 1.030722e-05
PCG: 1 : 9.767396e-06 / 9.476268e-01
PCG: 0 : 9.767396e-06
PCG: 1 : 9.309622e-06 / 9.531325e-01
PCG: 0 : 9.309622e-06
PCG: 1 : 8.822063e-06 / 9.476284e-01
PCG: 0 : 8.822062e-06
PCG: 1 : 8.408606e-06 / 9.531338e-01
PCG: 0 : 8.408605e-06
PCG: 1 : 7.968243e-06 / 9.476296e-01
PCG: 0 : 7.968243e-06
PCG: 1 : 7.594820e-06 / 9.531360e-01
PCG: 0 : 7.594819e-06
PCG: 1 : 7.197084e-06 / 9.476308e-01
PCG: 0 : 7.197084e-06
PCG: 1 : 6.859809e-06 / 9.531373e-01
PCG: 0 : 6.859809e-06
PCG: 1 : 6.500573e-06 / 9.476318e-01
PCG: 0 : 6.500573e-06
PCG: 1 : 6.195954e-06 / 9.531396e-01
PCG: 0 : 6.195953e-06
PCG: 1 : 5.871490e-06 / 9.476330e-01
PCG: 0 : 5.871490e-06
PCG: 1 : 5.596356e-06 / 9.531408e-01
PCG: 0 : 5.596356e-06
PCG: 1 : 5.303301e-06 / 9.476348e-01
PCG: 0 : 5.303301e-06
PCG: 1 : 5.054800e-06 / 9.531422e-01
PCG: 0 : 5.054800e-06
PCG: 1 : 4.790113e-06 / 9.476366e-01
PCG: 0 : 4.790113e-06
PCG: 1 : 4.565664e-06 / 9.531434e-01
PCG: 0 : 4.565664e-06
PCG: 1 : 4.326600e-06 / 9.476386e-01
PCG: 0 : 4.326600e-06
PCG: 1 : 4.123878e-06 / 9.531453e-01
PCG: 0 : 4.123878e-06
PCG: 1 : 3.907950e-06 / 9.476396e-01
PCG: 0 : 3.907950e-06
PCG: 1 : 3.724851e-06 / 9.531471e-01
PCG: 0 : 3.724851e-06
PCG: 1 : 3.529822e-06 / 9.476411e-01
PCG: 0 : 3.529822e-06
PCG: 1 : 3.364446e-06 / 9.531490e-01
PCG: 0 : 3.364446e-06
PCG: 1 : 3.188292e-06 / 9.476426e-01
PCG: 0 : 3.188292e-06
PCG: 1 : 3.038922e-06 / 9.531503e-01
PCG: 0 : 3.038922e-06
PCG: 1 : 2.879817e-06 / 9.476444e-01
PCG: 0 : 2.879817e-06
PCG: 1 : 2.744903e-06 / 9.531519e-01
PCG: 0 : 2.744903e-06
PCG: 1 : 2.601197e-06 / 9.476463e-01
PCG: 0 : 2.601197e-06
PCG: 1 : 2.479339e-06 / 9.531528e-01
PCG: 0 : 2.479338e-06
PCG: 1 : 2.349542e-06 / 9.476489e-01
PCG: 0 : 2.349542e-06
PCG: 1 : 2.239475e-06 / 9.531537e-01
PCG: 0 : 2.239475e-06
PCG: 1 : 2.122242e-06 / 9.476514e-01
PCG: 0 : 2.122242e-06
PCG: 1 : 2.022825e-06 / 9.531549e-01
PCG: 0 : 2.022825e-06
PCG: 1 : 1.916937e-06 / 9.476535e-01
PCG: 0 : 1.916937e-06
PCG: 1 : 1.827142e-06 / 9.531567e-01

PCG ( VCycle ( S: Scale / C: Scale )  )

Complete solver TOE: 3.51179
0.797759 GFlop/s [0.797759 GFlops/s]

Total time: 3.51179s
Accumulated op time: 1.59251

Reductions: 24.565%
Blas-1: 11.0192%
Blas-2: 9.7633%
Precon Kernels: 0%
MPI Execution: 0%
MPI Wait: 0%
Not covered: 54.6525%

Domain size: 6.72858 MByte
LA size: 22.3499 MByte
MPI size: 0.67366 MByte

H0-Error: 8.416082e-06
H1-Error: 8.068799e-03

Writing DATA to output.data...
Run-Time: 0:04.284 [0:04.284]
0xb334c9f8 Error: MemoryPool<CUDA> still contains memory chunks on deconstructor call
