NUM-PROCS: 1
Preparing domain...
LVL-MIN: 6 [6]
LVL-MAX: 7 [7]
Creating gates...
Assembling system matrices...
Assembling system filters...
Assembling transfer matrices...
Converting assembled linear system from SparseMatrixCSR, Mem:main to SparseMatrixCSR, Mem:mainand to SparseMatrixCSR, Mem:main...
PCG: 0 : 7.572480e-02
PCG: 1 : 5.481846e-01 / 7.239169e+00
PCG: 2 : 3.386466e-01 / 4.472070e+00
PCG: 3 : 3.418458e-01 / 4.514318e+00
PCG: 4 : 3.158082e-01 / 4.170473e+00
PCG: 5 : 2.220284e-01 / 2.932044e+00
PCG: 6 : 2.052106e-01 / 2.709952e+00
PCG: 7 : 2.619108e-01 / 3.458719e+00
PCG: 8 : 2.349721e-01 / 3.102975e+00
PCG: 9 : 1.769816e-01 / 2.337169e+00
PCG: 0 : 1.779963e-01
PCG: 1 : 1.608016e-01 / 9.033985e-01
PCG: 2 : 1.791374e-01 / 1.006411e+00
PCG: 3 : 1.283985e-01 / 7.213551e-01
PCG: 4 : 1.219103e-01 / 6.849036e-01
PCG: 5 : 1.534072e-01 / 8.618563e-01
PCG: 6 : 1.225362e-01 / 6.884198e-01
PCG: 7 : 1.055604e-01 / 5.930486e-01
PCG: 8 : 1.272163e-01 / 7.147133e-01
PCG: 9 : 1.309883e-01 / 7.359046e-01
PCG: 0 : 1.309883e-01
PCG: 1 : 5.774232e-02 / 4.408206e-01
PCG: 2 : 4.596290e-02 / 3.508933e-01
PCG: 3 : 4.869330e-02 / 3.717379e-01
PCG: 4 : 4.865854e-02 / 3.714725e-01
PCG: 5 : 3.402919e-02 / 2.597880e-01
PCG: 6 : 2.927083e-02 / 2.234614e-01
PCG: 7 : 3.464524e-02 / 2.644912e-01
PCG: 8 : 3.467770e-02 / 2.647390e-01
PCG: 9 : 3.902826e-02 / 2.979524e-01
PCG: 0 : 3.902825e-02
PCG: 1 : 2.940034e-02 / 7.533090e-01
PCG: 2 : 3.430445e-02 / 8.789645e-01
PCG: 3 : 2.685479e-02 / 6.880857e-01
PCG: 4 : 2.543439e-02 / 6.516917e-01
PCG: 5 : 3.503559e-02 / 8.976982e-01
PCG: 6 : 3.172081e-02 / 8.127654e-01
PCG: 7 : 2.710672e-02 / 6.945410e-01
PCG: 8 : 3.541493e-02 / 9.074178e-01
PCG: 9 : 6.392993e-02 / 1.638042e+00
PCG: 0 : 6.392993e-02
PCG: 1 : 3.041292e-02 / 4.757227e-01
PCG: 2 : 2.424682e-02 / 3.792718e-01
PCG: 3 : 2.748942e-02 / 4.299930e-01
PCG: 4 : 2.379220e-02 / 3.721606e-01
PCG: 5 : 1.839524e-02 / 2.877406e-01
PCG: 6 : 2.016530e-02 / 3.154282e-01
PCG: 7 : 1.878545e-02 / 2.938443e-01
PCG: 8 : 1.661072e-02 / 2.598270e-01
PCG: 9 : 2.574628e-02 / 4.027265e-01
PCG: 0 : 2.574628e-02
PCG: 1 : 1.796278e-02 / 6.976844e-01
PCG: 2 : 1.566938e-02 / 6.086075e-01
PCG: 3 : 1.672547e-02 / 6.496269e-01
PCG: 4 : 1.769910e-02 / 6.874432e-01
PCG: 5 : 1.738483e-02 / 6.752367e-01
PCG: 6 : 1.883933e-02 / 7.317303e-01
PCG: 7 : 1.965212e-02 / 7.632995e-01
PCG: 8 : 1.951379e-02 / 7.579266e-01
PCG: 9 : 2.826764e-02 / 1.097931e+00
PCG: 0 : 2.826764e-02
PCG: 1 : 2.058932e-02 / 7.283707e-01
PCG: 2 : 1.557441e-02 / 5.509624e-01
PCG: 3 : 1.388199e-02 / 4.910914e-01
PCG: 4 : 1.373634e-02 / 4.859387e-01
PCG: 5 : 1.250258e-02 / 4.422929e-01
PCG: 6 : 1.087786e-02 / 3.848166e-01
PCG: 7 : 1.059810e-02 / 3.749200e-01
PCG: 8 : 1.068969e-02 / 3.781602e-01
PCG: 9 : 1.451042e-02 / 5.133227e-01
PCG: 0 : 1.451041e-02
PCG: 1 : 1.095671e-02 / 7.550929e-01
PCG: 2 : 9.429011e-03 / 6.498100e-01
PCG: 3 : 9.662831e-03 / 6.659238e-01
PCG: 4 : 1.055769e-02 / 7.275937e-01
PCG: 5 : 1.075790e-02 / 7.413914e-01
PCG: 6 : 1.096311e-02 / 7.555339e-01
PCG: 7 : 1.162187e-02 / 8.009327e-01
PCG: 8 : 1.224907e-02 / 8.441569e-01
PCG: 9 : 1.647908e-02 / 1.135673e+00
PCG: 0 : 1.647909e-02
PCG: 1 : 1.230289e-02 / 7.465759e-01
PCG: 2 : 9.512152e-03 / 5.772257e-01
PCG: 3 : 8.878652e-03 / 5.387830e-01
PCG: 4 : 8.085323e-03 / 4.906414e-01
PCG: 5 : 7.268706e-03 / 4.410867e-01
PCG: 6 : 6.965511e-03 / 4.226879e-01
PCG: 7 : 6.376317e-03 / 3.869339e-01
PCG: 8 : 6.403960e-03 / 3.886113e-01
PCG: 9 : 8.343832e-03 / 5.063285e-01
PCG: 0 : 8.343831e-03
PCG: 1 : 6.564305e-03 / 7.867255e-01
PCG: 2 : 5.823125e-03 / 6.978958e-01
PCG: 3 : 6.485285e-03 / 7.772551e-01
PCG: 4 : 5.912964e-03 / 7.086630e-01
PCG: 5 : 6.301676e-03 / 7.552497e-01
PCG: 6 : 6.917914e-03 / 8.291053e-01
PCG: 7 : 6.618277e-03 / 7.931941e-01
PCG: 8 : 7.931239e-03 / 9.505513e-01
PCG: 9 : 9.494881e-03 / 1.137952e+00
PCG: 0 : 9.494881e-03
PCG: 1 : 7.440951e-03 / 7.836803e-01
PCG: 2 : 5.706936e-03 / 6.010540e-01
PCG: 3 : 5.720397e-03 / 6.024717e-01
PCG: 4 : 4.607042e-03 / 4.852132e-01
PCG: 5 : 4.291914e-03 / 4.520240e-01
PCG: 6 : 4.318734e-03 / 4.548487e-01
PCG: 7 : 3.653802e-03 / 3.848181e-01
PCG: 8 : 4.129153e-03 / 4.348820e-01
PCG: 9 : 4.902633e-03 / 5.163448e-01
PCG: 0 : 4.902632e-03
PCG: 1 : 3.983422e-03 / 8.125069e-01
PCG: 2 : 3.498487e-03 / 7.135937e-01
PCG: 3 : 3.905134e-03 / 7.965382e-01
PCG: 4 : 3.602047e-03 / 7.347171e-01
PCG: 5 : 3.797748e-03 / 7.746345e-01
PCG: 6 : 4.192281e-03 / 8.551081e-01
PCG: 7 : 3.954602e-03 / 8.066285e-01
PCG: 8 : 4.838639e-03 / 9.869473e-01
PCG: 9 : 5.699778e-03 / 1.162596e+00
PCG: 0 : 5.699779e-03
PCG: 1 : 4.463723e-03 / 7.831398e-01
PCG: 2 : 3.467155e-03 / 6.082965e-01
PCG: 3 : 3.415835e-03 / 5.992925e-01
PCG: 4 : 2.821067e-03 / 4.949432e-01
PCG: 5 : 2.627808e-03 / 4.610368e-01
PCG: 6 : 2.584635e-03 / 4.534623e-01
PCG: 7 : 2.223470e-03 / 3.900976e-01
PCG: 8 : 2.480580e-03 / 4.352063e-01
PCG: 9 : 2.951499e-03 / 5.178269e-01
PCG: 0 : 2.951499e-03
PCG: 1 : 2.391225e-03 / 8.101732e-01
PCG: 2 : 2.129167e-03 / 7.213852e-01
PCG: 3 : 2.336340e-03 / 7.915775e-01
PCG: 4 : 2.205595e-03 / 7.472798e-01
PCG: 5 : 2.322007e-03 / 7.867213e-01
PCG: 6 : 2.509963e-03 / 8.504029e-01
PCG: 7 : 2.409281e-03 / 8.162906e-01
PCG: 8 : 2.909887e-03 / 9.859016e-01
PCG: 9 : 3.435903e-03 / 1.164121e+00
PCG: 0 : 3.435902e-03
PCG: 1 : 2.683338e-03 / 7.809705e-01
PCG: 2 : 2.108676e-03 / 6.137182e-01
PCG: 3 : 2.043601e-03 / 5.947785e-01
PCG: 4 : 1.725797e-03 / 5.022835e-01
PCG: 5 : 1.605125e-03 / 4.671625e-01
PCG: 6 : 1.552932e-03 / 4.519721e-01
PCG: 7 : 1.354567e-03 / 3.942391e-01
PCG: 8 : 1.493883e-03 / 4.347862e-01
PCG: 9 : 1.781943e-03 / 5.186244e-01
PCG: 0 : 1.781942e-03
PCG: 1 : 1.438773e-03 / 8.074186e-01
PCG: 2 : 1.295571e-03 / 7.270555e-01
PCG: 3 : 1.401475e-03 / 7.864872e-01
PCG: 4 : 1.349053e-03 / 7.570687e-01
PCG: 5 : 1.416923e-03 / 7.951564e-01
PCG: 6 : 1.508527e-03 / 8.465632e-01
PCG: 7 : 1.468017e-03 / 8.238299e-01
PCG: 8 : 1.755929e-03 / 9.854017e-01
PCG: 9 : 2.074041e-03 / 1.163921e+00
PCG: 0 : 2.074040e-03
PCG: 1 : 1.618050e-03 / 7.801437e-01
PCG: 2 : 1.281970e-03 / 6.181028e-01
PCG: 3 : 1.225711e-03 / 5.909773e-01
PCG: 4 : 1.054853e-03 / 5.085983e-01
PCG: 5 : 9.788427e-04 / 4.719497e-01
PCG: 6 : 9.358579e-04 / 4.512245e-01
PCG: 7 : 8.248315e-04 / 3.976930e-01
PCG: 8 : 9.021250e-04 / 4.349602e-01
PCG: 9 : 1.076597e-03 / 5.190820e-01
PCG: 0 : 1.076597e-03
PCG: 1 : 8.682584e-04 / 8.064843e-01
PCG: 2 : 7.874684e-04 / 7.314423e-01
PCG: 3 : 8.429858e-04 / 7.830099e-01
PCG: 4 : 8.242899e-04 / 7.656441e-01
PCG: 5 : 8.635893e-04 / 8.021474e-01
PCG: 6 : 9.092406e-04 / 8.445508e-01
PCG: 7 : 8.938260e-04 / 8.302329e-01
PCG: 8 : 1.062406e-03 / 9.868194e-01
PCG: 9 : 1.252308e-03 / 1.163210e+00
PCG: 0 : 1.252308e-03
PCG: 1 : 9.784047e-04 / 7.812810e-01
PCG: 2 : 7.786592e-04 / 6.217791e-01
PCG: 3 : 7.370993e-04 / 5.885926e-01
PCG: 4 : 6.441238e-04 / 5.143492e-01
PCG: 5 : 5.963605e-04 / 4.762091e-01
PCG: 6 : 5.651355e-04 / 4.512751e-01
PCG: 7 : 5.019263e-04 / 4.008009e-01
PCG: 8 : 5.458111e-04 / 4.358440e-01
PCG: 9 : 6.505293e-04 / 5.194642e-01
PCG: 0 : 6.505292e-04
PCG: 1 : 5.252348e-04 / 8.073962e-01
PCG: 2 : 4.781201e-04 / 7.349711e-01
PCG: 3 : 5.082434e-04 / 7.812769e-01
PCG: 4 : 5.031599e-04 / 7.734625e-01
PCG: 5 : 5.260109e-04 / 8.085892e-01
PCG: 6 : 5.490880e-04 / 8.440636e-01
PCG: 7 : 5.438722e-04 / 8.360459e-01
PCG: 8 : 6.438028e-04 / 9.896601e-01
PCG: 9 : 7.563014e-04 / 1.162594e+00
PCG: 0 : 7.563013e-04
PCG: 1 : 5.927574e-04 / 7.837582e-01
PCG: 2 : 4.726054e-04 / 6.248904e-01
PCG: 3 : 4.442327e-04 / 5.873752e-01
PCG: 4 : 3.929836e-04 / 5.196125e-01
PCG: 5 : 3.631488e-04 / 4.801642e-01
PCG: 6 : 3.417227e-04 / 4.518341e-01
PCG: 7 : 3.053064e-04 / 4.036836e-01
PCG: 8 : 3.305853e-04 / 4.371079e-01
PCG: 9 : 3.931627e-04 / 5.198492e-01
PCG: 0 : 3.931627e-04
PCG: 1 : 3.182161e-04 / 8.093751e-01
PCG: 2 : 2.900974e-04 / 7.378559e-01
PCG: 3 : 3.069434e-04 / 7.807032e-01
PCG: 4 : 3.068983e-04 / 7.805886e-01
PCG: 5 : 3.202701e-04 / 8.145995e-01
PCG: 6 : 3.320204e-04 / 8.444861e-01
PCG: 7 : 3.308028e-04 / 8.413891e-01
PCG: 8 : 3.904437e-04 / 9.930844e-01
PCG: 9 : 4.569337e-04 / 1.162200e+00
PCG: 0 : 4.569336e-04
PCG: 1 : 3.594931e-04 / 7.867513e-01
PCG: 2 : 2.867207e-04 / 6.274888e-01
PCG: 3 : 2.681474e-04 / 5.868410e-01
PCG: 4 : 2.395992e-04 / 5.243633e-01
PCG: 5 : 2.210616e-04 / 4.837936e-01
PCG: 6 : 2.068226e-04 / 4.526317e-01
PCG: 7 : 1.856723e-04 / 4.063441e-01
PCG: 8 : 2.003459e-04 / 4.384574e-01
PCG: 9 : 2.377147e-04 / 5.202391e-01
PCG: 0 : 2.377147e-04
PCG: 1 : 1.929584e-04 / 8.117226e-01
PCG: 2 : 1.759610e-04 / 7.402193e-01
PCG: 3 : 1.855899e-04 / 7.807253e-01
PCG: 4 : 1.870823e-04 / 7.870032e-01
PCG: 5 : 1.949487e-04 / 8.200951e-01
PCG: 6 : 2.009539e-04 / 8.453572e-01
PCG: 7 : 2.011645e-04 / 8.462433e-01
PCG: 8 : 2.368883e-04 / 9.965235e-01
PCG: 9 : 2.762248e-04 / 1.162001e+00
PCG: 0 : 2.762247e-04
PCG: 1 : 2.181435e-04 / 7.897321e-01
PCG: 2 : 1.739191e-04 / 6.296290e-01
PCG: 3 : 1.620461e-04 / 5.866457e-01
PCG: 4 : 1.460086e-04 / 5.285864e-01
PCG: 5 : 1.345358e-04 / 4.870521e-01
PCG: 6 : 1.252677e-04 / 4.534994e-01
PCG: 7 : 1.129077e-04 / 4.087529e-01
PCG: 8 : 1.214615e-04 / 4.397200e-01
PCG: 9 : 1.438032e-04 / 5.206022e-01
PCG: 0 : 1.438032e-04
PCG: 1 : 1.170599e-04 / 8.140283e-01
PCG: 2 : 1.067221e-04 / 7.421397e-01
PCG: 3 : 1.123103e-04 / 7.810002e-01
PCG: 4 : 1.139933e-04 / 7.927034e-01
PCG: 5 : 1.186396e-04 / 8.250136e-01
PCG: 6 : 1.217166e-04 / 8.464112e-01
PCG: 7 : 1.223167e-04 / 8.505837e-01
PCG: 8 : 1.437595e-04 / 9.996961e-01
PCG: 9 : 1.670887e-04 / 1.161926e+00
PCG: 0 : 1.670887e-04
PCG: 1 : 1.324077e-04 / 7.924392e-01
PCG: 2 : 1.054931e-04 / 6.313599e-01
PCG: 3 : 9.801338e-05 / 5.865948e-01
PCG: 4 : 8.893962e-05 / 5.322897e-01
PCG: 5 : 8.186106e-05 / 4.899257e-01
PCG: 6 : 7.591778e-05 / 4.543561e-01
PCG: 7 : 6.865685e-05 / 4.109005e-01
PCG: 8 : 7.365803e-05 / 4.408318e-01
PCG: 9 : 8.704254e-05 / 5.209360e-01
PCG: 0 : 8.704252e-05
PCG: 1 : 7.103543e-05 / 8.161003e-01
PCG: 2 : 6.473151e-05 / 7.436769e-01
PCG: 3 : 6.801033e-05 / 7.813461e-01
PCG: 4 : 6.943403e-05 / 7.977025e-01
PCG: 5 : 7.218746e-05 / 8.293356e-01
PCG: 6 : 7.376889e-05 / 8.475041e-01
PCG: 7 : 7.436913e-05 / 8.544000e-01
PCG: 8 : 8.725896e-05 / 1.002487e+00
PCG: 9 : 1.011364e-04 / 1.161919e+00
PCG: 0 : 1.011364e-04
PCG: 1 : 8.038039e-05 / 7.947720e-01
PCG: 2 : 6.399262e-05 / 6.327358e-01
PCG: 3 : 5.932604e-05 / 5.865943e-01
PCG: 4 : 5.415795e-05 / 5.354941e-01
PCG: 5 : 4.980180e-05 / 4.924221e-01
PCG: 6 : 4.603296e-05 / 4.551572e-01
PCG: 7 : 4.174720e-05 / 4.127811e-01
PCG: 8 : 4.467967e-05 / 4.417763e-01
PCG: 9 : 5.271567e-05 / 5.212333e-01
PCG: 0 : 5.271566e-05
PCG: 1 : 4.311455e-05 / 8.178700e-01
PCG: 2 : 3.926681e-05 / 7.448794e-01
PCG: 3 : 4.120666e-05 / 7.816778e-01
PCG: 4 : 4.227943e-05 / 8.020279e-01
PCG: 5 : 4.391640e-05 / 8.330806e-01
PCG: 6 : 4.473272e-05 / 8.485661e-01
PCG: 7 : 4.521498e-05 / 8.577144e-01
PCG: 8 : 5.297363e-05 / 1.004894e+00
PCG: 9 : 6.125405e-05 / 1.161971e+00
PCG: 0 : 6.125405e-05
PCG: 1 : 4.880240e-05 / 7.967211e-01
PCG: 2 : 3.882324e-05 / 6.338068e-01
PCG: 3 : 3.593175e-05 / 5.866019e-01
PCG: 4 : 3.296876e-05 / 5.382298e-01
PCG: 5 : 3.029391e-05 / 4.945616e-01
PCG: 6 : 2.792470e-05 / 4.558833e-01
PCG: 7 : 2.538382e-05 / 4.144023e-01
PCG: 8 : 2.710854e-05 / 4.425591e-01
PCG: 9 : 3.194347e-05 / 5.214915e-01
PCG: 0 : 3.194347e-05
PCG: 1 : 2.617233e-05 / 8.193328e-01
PCG: 2 : 2.382349e-05 / 7.458017e-01
PCG: 3 : 2.497873e-05 / 7.819667e-01
PCG: 4 : 2.573759e-05 / 8.057233e-01
PCG: 5 : 2.671381e-05 / 8.362839e-01
PCG: 6 : 2.713776e-05 / 8.495560e-01
PCG: 7 : 2.748891e-05 / 8.605488e-01
PCG: 8 : 3.216465e-05 / 1.006924e+00
PCG: 9 : 3.711992e-05 / 1.162050e+00
PCG: 0 : 3.711993e-05
PCG: 1 : 2.963323e-05 / 7.983105e-01
PCG: 2 : 2.355705e-05 / 6.346200e-01
PCG: 3 : 2.177441e-05 / 5.865963e-01
PCG: 4 : 2.006451e-05 / 5.405321e-01
PCG: 5 : 1.842535e-05 / 4.963735e-01
PCG: 6 : 1.694633e-05 / 4.565291e-01
PCG: 7 : 1.543380e-05 / 4.157820e-01
PCG: 8 : 1.645160e-05 / 4.432012e-01
PCG: 9 : 1.936623e-05 / 5.217205e-01
PCG: 0 : 1.936623e-05
PCG: 1 : 1.589014e-05 / 8.205079e-01
PCG: 2 : 1.445655e-05 / 7.464825e-01
PCG: 3 : 1.514826e-05 / 7.821997e-01
PCG: 4 : 1.566400e-05 / 8.088310e-01
PCG: 5 : 1.624778e-05 / 8.389750e-01
PCG: 6 : 1.646990e-05 / 8.504444e-01
PCG: 7 : 1.671171e-05 / 8.629308e-01
PCG: 8 : 1.953301e-05 / 1.008612e+00
PCG: 9 : 2.250655e-05 / 1.162155e+00
PCG: 0 : 2.250655e-05
PCG: 1 : 1.799549e-05 / 7.995669e-01
PCG: 2 : 1.429650e-05 / 6.352150e-01
PCG: 3 : 1.320170e-05 / 5.865712e-01
PCG: 4 : 1.220834e-05 / 5.424350e-01
PCG: 5 : 1.120555e-05 / 4.978794e-01
PCG: 6 : 1.028747e-05 / 4.570880e-01
PCG: 7 : 9.383610e-06 / 4.169279e-01
PCG: 8 : 9.986448e-06 / 4.437129e-01
PCG: 9 : 1.174653e-05 / 5.219160e-01
PCG: 0 : 1.174653e-05
PCG: 1 : 9.648848e-06 / 8.214211e-01
PCG: 2 : 8.774143e-06 / 7.469561e-01
PCG: 3 : 9.190137e-06 / 7.823704e-01
PCG: 4 : 9.531036e-06 / 8.113916e-01
PCG: 5 : 9.881103e-06 / 8.411933e-01
PCG: 6 : 9.998867e-06 / 8.512188e-01
PCG: 7 : 1.015944e-05 / 8.648889e-01
PCG: 8 : 1.186368e-05 / 1.009973e+00
PCG: 9 : 1.365262e-05 / 1.162268e+00
PCG: 0 : 1.365262e-05
PCG: 1 : 1.092941e-05 / 8.005357e-01
PCG: 2 : 8.678006e-06 / 6.356294e-01
PCG: 3 : 8.007651e-06 / 5.865285e-01
PCG: 4 : 7.426735e-06 / 5.439788e-01
PCG: 5 : 6.814165e-06 / 4.991105e-01
PCG: 6 : 6.246973e-06 / 4.575659e-01
PCG: 7 : 5.704960e-06 / 4.178656e-01
PCG: 8 : 6.063356e-06 / 4.441167e-01
PCG: 9 : 7.127984e-06 / 5.220965e-01
PCG: 0 : 7.127985e-06
PCG: 1 : 5.859886e-06 / 8.220958e-01
PCG: 2 : 5.326356e-06 / 7.472457e-01
PCG: 3 : 5.577491e-06 / 7.824780e-01
PCG: 4 : 5.798216e-06 / 8.134438e-01
PCG: 5 : 6.008695e-06 / 8.429724e-01
PCG: 6 : 6.072159e-06 / 8.518760e-01
PCG: 7 : 6.176049e-06 / 8.664509e-01
PCG: 8 : 7.206715e-06 / 1.011045e+00
PCG: 9 : 8.285453e-06 / 1.162384e+00
PCG: 0 : 8.285453e-06
PCG: 1 : 6.638709e-06 / 8.012488e-01
PCG: 2 : 5.268642e-06 / 6.358907e-01
PCG: 3 : 4.859185e-06 / 5.864718e-01
PCG: 4 : 4.517161e-06 / 5.451918e-01
PCG: 5 : 4.143413e-06 / 5.000829e-01
PCG: 6 : 3.794372e-06 / 4.579559e-01
PCG: 7 : 3.468283e-06 / 4.185991e-01
PCG: 8 : 3.682138e-06 / 4.444100e-01
PCG: 9 : 4.327083e-06 / 5.222507e-01
PCG: 0 : 4.327082e-06
PCG: 1 : 3.559248e-06 / 8.225515e-01
PCG: 2 : 3.233972e-06 / 7.473794e-01
PCG: 3 : 3.386100e-06 / 7.825366e-01
PCG: 4 : 3.526747e-06 / 8.150404e-01
PCG: 5 : 3.653596e-06 / 8.443555e-01
PCG: 6 : 3.688503e-06 / 8.524227e-01
PCG: 7 : 3.754439e-06 / 8.676606e-01
PCG: 8 : 4.378368e-06 / 1.011852e+00
PCG: 9 : 5.030283e-06 / 1.162511e+00
PCG: 0 : 5.030283e-06
PCG: 1 : 4.032927e-06 / 8.017296e-01
PCG: 2 : 3.199367e-06 / 6.360212e-01
PCG: 3 : 2.949771e-06 / 5.864027e-01
PCG: 4 : 2.747080e-06 / 5.461084e-01
PCG: 5 : 2.519286e-06 / 5.008240e-01
PCG: 6 : 2.305258e-06 / 4.582761e-01
PCG: 7 : 2.108456e-06 / 4.191526e-01
PCG: 8 : 2.236522e-06 / 4.446116e-01
PCG: 9 : 2.627759e-06 / 5.223879e-01
PCG: 0 : 2.627758e-06
PCG: 1 : 2.162152e-06 / 8.228123e-01
PCG: 2 : 1.963909e-06 / 7.473705e-01
PCG: 3 : 2.056354e-06 / 7.825508e-01
PCG: 4 : 2.144803e-06 / 8.162103e-01
PCG: 5 : 2.221407e-06 / 8.453619e-01
PCG: 6 : 2.241105e-06 / 8.528581e-01
PCG: 7 : 2.282285e-06 / 8.685293e-01
PCG: 8 : 2.660328e-06 / 1.012395e+00
PCG: 9 : 3.055137e-06 / 1.162640e+00
PCG: 0 : 3.055138e-06
PCG: 1 : 2.450175e-06 / 8.019852e-01
PCG: 2 : 1.943154e-06 / 6.360283e-01
PCG: 3 : 1.791288e-06 / 5.863200e-01
PCG: 4 : 1.670379e-06 / 5.467443e-01
PCG: 5 : 1.531673e-06 / 5.013434e-01
PCG: 6 : 1.400840e-06 / 4.585195e-01
PCG: 7 : 1.281723e-06 / 4.195304e-01
PCG: 8 : 1.358672e-06 / 4.447171e-01
PCG: 9 : 1.596357e-06 / 5.225157e-01
PCG: 0 : 1.596357e-06
PCG: 1 : 1.313601e-06 / 8.228740e-01
PCG: 2 : 1.192831e-06 / 7.472208e-01
PCG: 3 : 1.249184e-06 / 7.825217e-01
PCG: 4 : 1.304196e-06 / 8.169826e-01
PCG: 5 : 1.350538e-06 / 8.460124e-01
PCG: 6 : 1.361997e-06 / 8.531906e-01
PCG: 7 : 1.387356e-06 / 8.690765e-01
PCG: 8 : 1.616608e-06 / 1.012686e+00
PCG: 9 : 1.856198e-06 / 1.162771e+00

PCG ( VCycle ( S: Scale / C: Scale )  )

Complete solver TOE: 1.07663
0.720234 GFlop/s [0.720234 GFlops/s]

Total time: 1.07663s
Accumulated op time: 1.01048

Reductions: 2.36627%
Blas-1: 6.04488%
Blas-2: 85.445%
Precon Kernels: 0%
MPI Execution: 0%
MPI Wait: 0%
Not covered: 6.14389%

Domain size: 1.58899 MByte
LA size: 4.66325 MByte
MPI size: 0.15921 MByte

H0-Error: 2.867225e-05
H1-Error: 1.613732e-02

Writing DATA to output.data...
Run-Time: 0:01.214 [0:01.214]
0xb331f9f8 Error: MemoryPool<CPU> still contains memory chunks on deconstructor call
