NUM-PROCS: 1
Preparing domain...
LVL-MIN: 5 [5]
LVL-MAX: 7 [7]
Creating gates...
Assembling system matrices...
Assembling system filters...
Assembling transfer matrices...
Converting assembled linear system from SparseMatrixCSR, Mem:main to SparseMatrixELL, Mem:cudaand to SparseMatrixELL, Mem:cuda...
PCG: 0 : 7.572471e-02
PCG: 1 : 2.892992e-01 / 3.820407e+00
PCG: 2 : 2.174547e-01 / 2.871648e+00
PCG: 3 : 3.691246e-01 / 4.874559e+00
PCG: 4 : 3.153087e-01 / 4.163882e+00
PCG: 5 : 1.886790e-01 / 2.491644e+00
PCG: 0 : 1.880594e-01
PCG: 1 : 1.935186e-01 / 1.029029e+00
PCG: 2 : 1.614496e-01 / 8.585033e-01
PCG: 3 : 8.403199e-02 / 4.468375e-01
PCG: 4 : 7.447942e-02 / 3.960420e-01
PCG: 5 : 6.467713e-02 / 3.439187e-01
PCG: 0 : 6.467713e-02
PCG: 1 : 3.882817e-02 / 6.003385e-01
PCG: 2 : 4.078970e-02 / 6.306665e-01
PCG: 3 : 3.125417e-02 / 4.832337e-01
PCG: 4 : 2.805677e-02 / 4.337974e-01
PCG: 5 : 5.153849e-02 / 7.968581e-01
PCG: 0 : 5.153849e-02
PCG: 1 : 2.919720e-02 / 5.665125e-01
PCG: 2 : 2.030055e-02 / 3.938910e-01
PCG: 3 : 1.658788e-02 / 3.218542e-01
PCG: 4 : 1.916899e-02 / 3.719354e-01
PCG: 5 : 3.792539e-02 / 7.358654e-01
PCG: 0 : 3.792538e-02
PCG: 1 : 2.170296e-02 / 5.722541e-01
PCG: 2 : 1.746660e-02 / 4.605516e-01
PCG: 3 : 1.246042e-02 / 3.285510e-01
PCG: 4 : 1.450076e-02 / 3.823497e-01
PCG: 5 : 2.837494e-02 / 7.481781e-01
PCG: 0 : 2.837494e-02
PCG: 1 : 1.391357e-02 / 4.903471e-01
PCG: 2 : 8.457755e-03 / 2.980712e-01
PCG: 3 : 1.079878e-02 / 3.805744e-01
PCG: 4 : 1.358465e-02 / 4.787551e-01
PCG: 5 : 1.881293e-02 / 6.630120e-01
PCG: 0 : 1.881293e-02
PCG: 1 : 1.134105e-02 / 6.028328e-01
PCG: 2 : 8.079665e-03 / 4.294741e-01
PCG: 3 : 5.867771e-03 / 3.119010e-01
PCG: 4 : 8.883464e-03 / 4.722000e-01
PCG: 5 : 1.418124e-02 / 7.538028e-01
PCG: 0 : 1.418124e-02
PCG: 1 : 7.275902e-03 / 5.130654e-01
PCG: 2 : 4.581091e-03 / 3.230389e-01
PCG: 3 : 6.087968e-03 / 4.292974e-01
PCG: 4 : 7.356674e-03 / 5.187612e-01
PCG: 5 : 9.260146e-03 / 6.529858e-01
PCG: 0 : 9.260146e-03
PCG: 1 : 5.853458e-03 / 6.321129e-01
PCG: 2 : 4.507221e-03 / 4.867332e-01
PCG: 3 : 3.274174e-03 / 3.535770e-01
PCG: 4 : 4.674450e-03 / 5.047923e-01
PCG: 5 : 7.112366e-03 / 7.680620e-01
PCG: 0 : 7.112366e-03
PCG: 1 : 3.810336e-03 / 5.357339e-01
PCG: 2 : 2.543809e-03 / 3.576600e-01
PCG: 3 : 3.379742e-03 / 4.751923e-01
PCG: 4 : 3.810712e-03 / 5.357867e-01
PCG: 5 : 4.635889e-03 / 6.518068e-01
PCG: 0 : 4.635889e-03
PCG: 1 : 3.053514e-03 / 6.586685e-01
PCG: 2 : 2.531552e-03 / 5.460770e-01
PCG: 3 : 1.827919e-03 / 3.942975e-01
PCG: 4 : 2.443259e-03 / 5.270314e-01
PCG: 5 : 3.602065e-03 / 7.769955e-01
PCG: 0 : 3.602064e-03
PCG: 1 : 2.016135e-03 / 5.597166e-01
PCG: 2 : 1.428743e-03 / 3.966455e-01
PCG: 3 : 1.872239e-03 / 5.197684e-01
PCG: 4 : 1.971162e-03 / 5.472311e-01
PCG: 5 : 2.369448e-03 / 6.578028e-01
PCG: 0 : 2.369448e-03
PCG: 1 : 1.613974e-03 / 6.811603e-01
PCG: 2 : 1.422640e-03 / 6.004099e-01
PCG: 3 : 1.013236e-03 / 4.276254e-01
PCG: 4 : 1.273880e-03 / 5.376274e-01
PCG: 5 : 1.860571e-03 / 7.852339e-01
PCG: 0 : 1.860571e-03
PCG: 1 : 1.078873e-03 / 5.798612e-01
PCG: 2 : 8.013717e-04 / 4.307128e-01
PCG: 3 : 1.029333e-03 / 5.532352e-01
PCG: 4 : 1.026842e-03 / 5.518964e-01
PCG: 5 : 1.241795e-03 / 6.674267e-01
PCG: 0 : 1.241795e-03
PCG: 1 : 8.641004e-04 / 6.958480e-01
PCG: 2 : 7.924002e-04 / 6.381090e-01
PCG: 3 : 5.570052e-04 / 4.485486e-01
PCG: 4 : 6.700302e-04 / 5.395660e-01
PCG: 5 : 9.837877e-04 / 7.922307e-01
PCG: 0 : 9.837876e-04
PCG: 1 : 5.826858e-04 / 5.922882e-01
PCG: 2 : 4.448960e-04 / 4.522277e-01
PCG: 3 : 5.617897e-04 / 5.710477e-01
PCG: 4 : 5.437193e-04 / 5.526795e-01
PCG: 5 : 6.656786e-04 / 6.766487e-01
PCG: 0 : 6.656786e-04
PCG: 1 : 4.672158e-04 / 7.018639e-01
PCG: 2 : 4.360694e-04 / 6.550750e-01
PCG: 3 : 3.050089e-04 / 4.581924e-01
PCG: 4 : 3.582246e-04 / 5.381346e-01
PCG: 5 : 5.297842e-04 / 7.958559e-01
PCG: 0 : 5.297842e-04
PCG: 1 : 3.167174e-04 / 5.978234e-01
PCG: 2 : 2.445173e-04 / 4.615412e-01
PCG: 3 : 3.054508e-04 / 5.765570e-01
PCG: 4 : 2.928384e-04 / 5.527502e-01
PCG: 5 : 3.621210e-04 / 6.835254e-01
PCG: 0 : 3.621210e-04
PCG: 1 : 2.542843e-04 / 7.022080e-01
PCG: 2 : 2.381124e-04 / 6.575494e-01
PCG: 3 : 1.672439e-04 / 4.618455e-01
PCG: 4 : 1.943450e-04 / 5.366852e-01
PCG: 5 : 2.881591e-04 / 7.957535e-01
PCG: 0 : 2.881591e-04
PCG: 1 : 1.729406e-04 / 6.001567e-01
PCG: 2 : 1.337651e-04 / 4.642057e-01
PCG: 3 : 1.660252e-04 / 5.761582e-01
PCG: 4 : 1.595560e-04 / 5.537082e-01
PCG: 5 : 1.983994e-04 / 6.885065e-01
PCG: 0 : 1.983994e-04
PCG: 1 : 1.390059e-04 / 7.006367e-01
PCG: 2 : 1.298176e-04 / 6.543246e-01
PCG: 3 : 9.228366e-05 / 4.651408e-01
PCG: 4 : 1.064726e-04 / 5.366578e-01
PCG: 5 : 1.572407e-04 / 7.925462e-01
PCG: 0 : 1.572407e-04
PCG: 1 : 9.481791e-05 / 6.030113e-01
PCG: 2 : 7.324118e-05 / 4.657902e-01
PCG: 3 : 9.045765e-05 / 5.752814e-01
PCG: 4 : 8.754186e-05 / 5.567380e-01
PCG: 5 : 1.089394e-04 / 6.928192e-01
PCG: 0 : 1.089394e-04
PCG: 1 : 7.625417e-05 / 6.999689e-01
PCG: 2 : 7.101546e-05 / 6.518806e-01
PCG: 3 : 5.146460e-05 / 4.724150e-01
PCG: 4 : 5.870848e-05 / 5.389096e-01
PCG: 5 : 8.567229e-05 / 7.864217e-01
PCG: 0 : 8.567228e-05
PCG: 1 : 5.220760e-05 / 6.093873e-01
PCG: 2 : 4.031017e-05 / 4.705160e-01
PCG: 3 : 4.948203e-05 / 5.775734e-01
PCG: 4 : 4.825565e-05 / 5.632587e-01
PCG: 5 : 5.980373e-05 / 6.980523e-01
PCG: 0 : 5.980373e-05
PCG: 1 : 4.196486e-05 / 7.017096e-01
PCG: 2 : 3.907771e-05 / 6.534327e-01
PCG: 3 : 2.901635e-05 / 4.851929e-01
PCG: 4 : 3.248898e-05 / 5.432602e-01
PCG: 5 : 4.648104e-05 / 7.772264e-01
PCG: 0 : 4.648104e-05
PCG: 1 : 2.885801e-05 / 6.208555e-01
PCG: 2 : 2.235974e-05 / 4.810508e-01
PCG: 3 : 2.715798e-05 / 5.842807e-01
PCG: 4 : 2.668709e-05 / 5.741501e-01
PCG: 5 : 3.283601e-05 / 7.064387e-01
PCG: 0 : 3.283601e-05
PCG: 1 : 2.315948e-05 / 7.053073e-01
PCG: 2 : 2.159736e-05 / 6.577340e-01
PCG: 3 : 1.641971e-05 / 5.000521e-01
PCG: 4 : 1.797830e-05 / 5.475178e-01
PCG: 5 : 2.512544e-05 / 7.651796e-01
PCG: 0 : 2.512544e-05
PCG: 1 : 1.598076e-05 / 6.360388e-01
PCG: 2 : 1.249679e-05 / 4.973760e-01
PCG: 3 : 1.491422e-05 / 5.935903e-01
PCG: 4 : 1.478455e-05 / 5.884293e-01
PCG: 5 : 1.808542e-05 / 7.198049e-01
PCG: 0 : 1.808542e-05
PCG: 1 : 1.280956e-05 / 7.082814e-01
PCG: 2 : 1.192715e-05 / 6.594901e-01
PCG: 3 : 9.227131e-06 / 5.101973e-01
PCG: 4 : 9.923834e-06 / 5.487202e-01
PCG: 5 : 1.358461e-05 / 7.511362e-01
PCG: 0 : 1.358461e-05
PCG: 1 : 8.842718e-06 / 6.509364e-01
PCG: 2 : 7.013511e-06 / 5.162835e-01
PCG: 3 : 8.181730e-06 / 6.022792e-01
PCG: 4 : 8.194078e-06 / 6.031883e-01
PCG: 5 : 1.001621e-05 / 7.373205e-01
PCG: 0 : 1.001621e-05
PCG: 1 : 7.097981e-06 / 7.086492e-01
PCG: 2 : 6.555942e-06 / 6.545330e-01
PCG: 3 : 5.125764e-06 / 5.117467e-01
PCG: 4 : 5.467724e-06 / 5.458874e-01
PCG: 5 : 7.377223e-06 / 7.365282e-01
PCG: 0 : 7.377223e-06
PCG: 1 : 4.885211e-06 / 6.622019e-01
PCG: 2 : 3.935250e-06 / 5.334324e-01
PCG: 3 : 4.488919e-06 / 6.084836e-01
PCG: 4 : 4.540705e-06 / 6.155033e-01
PCG: 5 : 5.573997e-06 / 7.555684e-01
PCG: 0 : 5.573997e-06
PCG: 1 : 3.938612e-06 / 7.066045e-01
PCG: 2 : 3.589413e-06 / 6.439567e-01
PCG: 3 : 2.824223e-06 / 5.066782e-01
PCG: 4 : 3.012880e-06 / 5.405241e-01
PCG: 5 : 4.030393e-06 / 7.230706e-01
PCG: 0 : 4.030393e-06
PCG: 1 : 2.697260e-06 / 6.692299e-01
PCG: 2 : 2.201487e-06 / 5.462213e-01
PCG: 3 : 2.467236e-06 / 6.121576e-01
PCG: 4 : 2.515990e-06 / 6.242540e-01
PCG: 5 : 3.108735e-06 / 7.713231e-01
PCG: 0 : 3.108735e-06
PCG: 1 : 2.187026e-06 / 7.035099e-01
PCG: 2 : 1.963786e-06 / 6.316992e-01
PCG: 3 : 1.552069e-06 / 4.992605e-01
PCG: 4 : 1.662370e-06 / 5.347414e-01
PCG: 5 : 2.213348e-06 / 7.119768e-01
PCG: 0 : 2.213348e-06
PCG: 1 : 1.489996e-06 / 6.731866e-01
PCG: 2 : 1.227376e-06 / 5.545336e-01
PCG: 3 : 1.358919e-06 / 6.139656e-01
PCG: 4 : 1.394350e-06 / 6.299733e-01
PCG: 5 : 1.733728e-06 / 7.833060e-01
PCG: 0 : 1.733728e-06
PCG: 1 : 1.214578e-06 / 7.005584e-01
PCG: 2 : 1.076144e-06 / 6.207107e-01
PCG: 3 : 8.535667e-07 / 4.923301e-01
PCG: 4 : 9.186228e-07 / 5.298539e-01
PCG: 5 : 1.219760e-06 / 7.035474e-01
PCG: 0 : 1.219760e-06
PCG: 1 : 8.239248e-07 / 6.754809e-01
PCG: 2 : 6.825058e-07 / 5.595409e-01
PCG: 3 : 7.496949e-07 / 6.146248e-01
PCG: 4 : 7.730276e-07 / 6.337537e-01
PCG: 5 : 9.657670e-07 / 7.917678e-01
PCG: 0 : 9.657668e-07
PCG: 1 : 6.745070e-07 / 6.984160e-01
PCG: 2 : 5.911365e-07 / 6.120903e-01
PCG: 3 : 4.702044e-07 / 4.868715e-01
PCG: 4 : 5.083186e-07 / 5.263368e-01
PCG: 5 : 6.735667e-07 / 6.974424e-01
PCG: 0 : 6.735667e-07
PCG: 1 : 4.561124e-07 / 6.771600e-01
PCG: 2 : 3.789006e-07 / 5.625287e-01
PCG: 3 : 4.140554e-07 / 6.147206e-01
PCG: 4 : 4.287844e-07 / 6.365879e-01
PCG: 5 : 5.371692e-07 / 7.974997e-01
PCG: 0 : 5.371692e-07
PCG: 1 : 3.746161e-07 / 6.973893e-01
PCG: 2 : 3.254507e-07 / 6.058626e-01
PCG: 3 : 2.594232e-07 / 4.829451e-01
PCG: 4 : 2.816128e-07 / 5.242535e-01
PCG: 5 : 3.723189e-07 / 6.931129e-01
PCG: 0 : 3.723189e-07
PCG: 1 : 2.527726e-07 / 6.789143e-01
PCG: 2 : 2.101608e-07 / 5.644644e-01
PCG: 3 : 2.288541e-07 / 6.146722e-01
PCG: 4 : 2.379944e-07 / 6.392218e-01
PCG: 5 : 2.983303e-07 / 8.012763e-01
PCG: 0 : 2.983303e-07
PCG: 1 : 2.081258e-07 / 6.976355e-01
PCG: 2 : 1.795036e-07 / 6.016940e-01
PCG: 3 : 1.433008e-07 / 4.803429e-01
PCG: 4 : 1.561934e-07 / 5.235585e-01
PCG: 5 : 2.058616e-07 / 6.900461e-01
PCG: 0 : 2.058616e-07
PCG: 1 : 1.402384e-07 / 6.812266e-01
PCG: 2 : 1.165161e-07 / 5.659922e-01
PCG: 3 : 1.265559e-07 / 6.147619e-01
PCG: 4 : 1.322060e-07 / 6.422079e-01
PCG: 5 : 1.654500e-07 / 8.036954e-01
PCG: 0 : 1.654500e-07
PCG: 1 : 1.156974e-07 / 6.992893e-01
PCG: 2 : 9.914184e-08 / 5.992252e-01
PCG: 3 : 7.922598e-08 / 4.788513e-01
PCG: 4 : 8.673258e-08 / 5.242221e-01
PCG: 5 : 1.138042e-07 / 6.878465e-01
PCG: 0 : 1.138042e-07
PCG: 1 : 7.789536e-08 / 6.844680e-01
PCG: 2 : 6.458694e-08 / 5.675267e-01
PCG: 3 : 7.001105e-08 / 6.151884e-01
PCG: 4 : 7.351478e-08 / 6.459757e-01
PCG: 5 : 9.163329e-08 / 8.051834e-01
PCG: 0 : 9.163328e-08
PCG: 1 : 6.437245e-08 / 7.025008e-01
PCG: 2 : 5.481188e-08 / 5.981657e-01
PCG: 3 : 4.382984e-08 / 4.783179e-01
PCG: 4 : 4.822253e-08 / 5.262557e-01
PCG: 5 : 6.288210e-08 / 6.862365e-01
PCG: 0 : 6.288210e-08
PCG: 1 : 4.332255e-08 / 6.889489e-01
PCG: 2 : 3.580100e-08 / 5.693353e-01
PCG: 3 : 3.874204e-08 / 6.161060e-01
PCG: 4 : 4.092741e-08 / 6.508595e-01
PCG: 5 : 5.068630e-08 / 8.060529e-01
PCG: 0 : 5.068630e-08
PCG: 1 : 3.585629e-08 / 7.074156e-01
PCG: 2 : 3.032529e-08 / 5.982935e-01
PCG: 3 : 2.426109e-08 / 4.786518e-01
PCG: 4 : 2.684758e-08 / 5.296813e-01
PCG: 5 : 3.472212e-08 / 6.850395e-01
PCG: 0 : 3.472212e-08
PCG: 1 : 2.412820e-08 / 6.948942e-01
PCG: 2 : 1.984609e-08 / 5.715690e-01
PCG: 3 : 2.144564e-08 / 6.176363e-01
PCG: 4 : 2.281485e-08 / 6.570696e-01
PCG: 5 : 2.800476e-08 / 8.065397e-01
PCG: 0 : 2.800476e-08
PCG: 1 : 1.999856e-08 / 7.141126e-01
PCG: 2 : 1.678655e-08 / 5.994175e-01
PCG: 3 : 1.343660e-08 / 4.797969e-01
PCG: 4 : 1.496780e-08 / 5.344734e-01
PCG: 5 : 1.916000e-08 / 6.841694e-01

PCG ( VCycle ( S: Scale / C: Scale )  )

Complete solver TOE: 0.103932
5.81697 GFlop/s [5.81697 GFlops/s]

Total time: 0.103932s
Accumulated op time: 0.065646

Reductions: 50.9391%
Blas-1: 6.66205%
Blas-2: 5.56133%
Precon Kernels: 0%
MPI Execution: 0%
MPI Wait: 0%
Not covered: 36.8375%

Domain size: 3.00121 MByte
LA size: 7.32276 MByte
MPI size: 0.167549 MByte

H0-Error: 2.747382e-05
H1-Error: 1.613732e-02

Writing DATA to output.data...
Run-Time: 0:00.191 [0:00.191]
0x31d198e880 Error: MemoryPool<CUDA> still contains memory chunks on deconstructor call
