NUM-PROCS: 1
Preparing domain...
LVL-MIN: 1 [1]
LVL-MAX: 11 [11]
Creating gates...
Assembling system matrices...
Assembling system filters...
Assembling transfer matrices...
Converting assembled linear system from SparseMatrixCSR, Mem:main to SparseMatrixELL, Mem:cudaand to SparseMatrixELL, Mem:cuda...
PCG: 0 : 4.737108e-03
PCG: 1 : 1.911304e-03 / 4.034749e-01
PCG: 2 : 7.853808e-04 / 1.657933e-01
PCG: 3 : 2.932708e-04 / 6.190925e-02
PCG: 0 : 3.323763e-04
PCG: 1 : 1.558157e-04 / 4.687932e-01
PCG: 2 : 2.421893e-05 / 7.286602e-02
PCG: 3 : 2.912966e-06 / 8.764062e-03
PCG: 0 : 2.925184e-06
PCG: 1 : 1.124644e-06 / 3.844694e-01
PCG: 2 : 9.595903e-08 / 3.280444e-02
PCG: 3 : 5.730423e-09 / 1.958995e-03
PCG: 0 : 5.803415e-09
PCG: 1 : 2.414590e-09 / 4.160637e-01
PCG: 2 : 4.144013e-10 / 7.140645e-02
PCG: 3 : 3.306800e-11 / 5.698024e-03

PCG ( VCycle ( S: Scale / C: Scale )  )

Complete solver TOE: 0.667229
11.8433 GFlop/s [11.8433 GFlops/s]

Total time: 0.667229s
Accumulated op time: 0.211717

Reductions: 31.3867%
Blas-1: 0.168758%
Blas-2: 0.175352%
Precon Kernels: 0%
MPI Execution: 0%
MPI Wait: 0%
Not covered: 68.2692%

Domain size: 768.875 MByte
LA size: 1932.17 MByte
MPI size: 42.7294 MByte

H0-Error: 1.073066e-07
H1-Error: 1.008605e-03

Writing DATA to output.data...
Run-Time: 0:11.511 [0:11.511]
0x31d198e880 Error: MemoryPool<CUDA> still contains memory chunks on deconstructor call
