NUM-PROCS: 1
Preparing domain...
LVL-MIN: 4 [4]
LVL-MAX: 9 [9]
Creating gates...
Assembling system matrices...
Assembling system filters...
Assembling transfer matrices...
Converting assembled linear system from SparseMatrixCSR, Mem:main to SparseMatrixCSR, Mem:mainand to SparseMatrixCSR, Mem:main...
PCG: 0 : 1.894513e-02
PCG: 1 : 3.774730e-02 / 1.992454e+00
PCG: 2 : 4.953502e-02 / 2.614657e+00
PCG: 3 : 1.147277e-01 / 6.055789e+00
PCG: 4 : 1.196864e-01 / 6.317527e+00
PCG: 5 : 5.468968e-02 / 2.886741e+00
PCG: 6 : 2.265389e-02 / 1.195763e+00
PCG: 7 : 4.091762e-03 / 2.159797e-01
PCG: 8 : 1.388645e-03 / 7.329825e-02
PCG: 9 : 1.175736e-03 / 6.206005e-02
PCG: 0 : 1.356199e-03
PCG: 1 : 5.605104e-04 / 4.132950e-01
PCG: 2 : 2.951504e-04 / 2.176306e-01
PCG: 3 : 6.986697e-05 / 5.151675e-02
PCG: 4 : 3.996561e-05 / 2.946884e-02
PCG: 5 : 6.361344e-05 / 4.690568e-02
PCG: 6 : 5.076036e-05 / 3.742840e-02
PCG: 7 : 3.132858e-05 / 2.310028e-02
PCG: 8 : 1.348811e-05 / 9.945521e-03
PCG: 9 : 1.365218e-05 / 1.006650e-02
PCG: 0 : 1.365220e-05
PCG: 1 : 9.344529e-06 / 6.844705e-01
PCG: 2 : 4.918963e-06 / 3.603055e-01
PCG: 3 : 2.190822e-06 / 1.604739e-01
PCG: 4 : 1.474001e-06 / 1.079680e-01
PCG: 5 : 7.791812e-07 / 5.707366e-02
PCG: 6 : 8.858528e-07 / 6.488717e-02
PCG: 7 : 9.637491e-07 / 7.059295e-02
PCG: 8 : 5.792142e-07 / 4.242643e-02
PCG: 9 : 2.907681e-07 / 2.129826e-02
PCG: 0 : 2.907685e-07
PCG: 1 : 2.982069e-07 / 1.025582e+00
PCG: 2 : 1.258165e-07 / 4.327035e-01
PCG: 3 : 9.212260e-08 / 3.168246e-01
PCG: 4 : 8.643941e-08 / 2.972792e-01
PCG: 5 : 6.118516e-08 / 2.104257e-01
PCG: 6 : 2.417617e-08 / 8.314577e-02
PCG: 7 : 3.326221e-08 / 1.143941e-01
PCG: 8 : 2.621364e-08 / 9.015295e-02
PCG: 9 : 3.139584e-08 / 1.079754e-01

PCG ( VCycle ( S: Scale / C: Scale )  )

Complete solver TOE: 3.12043
0.44245 GFlop/s [0.44245 GFlops/s]

Total time: 3.12043s
Accumulated op time: 3.03787

Reductions: 1.84596%
Blas-1: 5.4014%
Blas-2: 90.1068%
Precon Kernels: 0%
MPI Execution: 0%
MPI Wait: 0%
Not covered: 2.64579%

Domain size: 26.799 MByte
LA size: 89.2379 MByte
MPI size: 2.68149 MByte

H0-Error: 1.720188e-06
H1-Error: 4.034414e-03

Writing DATA to output.data...
Run-Time: 0:05.539 [0:05.539]
0xb32e29f8 Error: MemoryPool<CPU> still contains memory chunks on deconstructor call
