NUM-PROCS: 1
Preparing domain...
LVL-MIN: 4 [4]
LVL-MAX: 7 [7]
Creating gates...
Assembling system matrices...
Assembling system filters...
Assembling transfer matrices...
Converting assembled linear system from SparseMatrixCSR, Mem:main to SparseMatrixELL, Mem:cudaand to SparseMatrixELL, Mem:cuda...
PCG: 0 : 7.572471e-02
PCG: 1 : 1.425167e-01 / 1.882037e+00
PCG: 2 : 1.519177e-01 / 2.006183e+00
PCG: 3 : 2.774419e-01 / 3.663823e+00
PCG: 4 : 1.659770e-01 / 2.191848e+00
PCG: 0 : 1.667533e-01
PCG: 1 : 9.758537e-02 / 5.852079e-01
PCG: 2 : 2.408246e-02 / 1.444196e-01
PCG: 3 : 1.187496e-02 / 7.121275e-02
PCG: 4 : 1.992129e-02 / 1.194656e-01
PCG: 0 : 1.992129e-02
PCG: 1 : 7.932392e-03 / 3.981866e-01
PCG: 2 : 3.996387e-03 / 2.006088e-01
PCG: 3 : 8.102937e-03 / 4.067475e-01
PCG: 4 : 7.689439e-03 / 3.859910e-01
PCG: 0 : 7.689438e-03
PCG: 1 : 4.102730e-03 / 5.335540e-01
PCG: 2 : 1.099781e-03 / 1.430249e-01
PCG: 3 : 1.669655e-03 / 2.171362e-01
PCG: 4 : 2.007321e-03 / 2.610491e-01
PCG: 0 : 2.007321e-03
PCG: 1 : 1.057290e-03 / 5.267169e-01
PCG: 2 : 6.446643e-04 / 3.211566e-01
PCG: 3 : 1.055620e-03 / 5.258852e-01
PCG: 4 : 9.894205e-04 / 4.929059e-01
PCG: 0 : 9.894205e-04
PCG: 1 : 5.921761e-04 / 5.985081e-01
PCG: 2 : 2.176108e-04 / 2.199376e-01
PCG: 3 : 2.383926e-04 / 2.409417e-01
PCG: 4 : 2.936999e-04 / 2.968403e-01
PCG: 0 : 2.936999e-04
PCG: 1 : 1.710895e-04 / 5.825316e-01
PCG: 2 : 1.216747e-04 / 4.142825e-01
PCG: 3 : 1.405306e-04 / 4.784834e-01
PCG: 4 : 1.615014e-04 / 5.498859e-01
PCG: 0 : 1.615014e-04
PCG: 1 : 9.571979e-05 / 5.926869e-01
PCG: 2 : 4.479279e-05 / 2.773523e-01
PCG: 3 : 3.587005e-05 / 2.221036e-01
PCG: 4 : 5.059663e-05 / 3.132890e-01
PCG: 0 : 5.059664e-05
PCG: 1 : 3.031041e-05 / 5.990598e-01
PCG: 2 : 2.349618e-05 / 4.643821e-01
PCG: 3 : 2.214577e-05 / 4.376925e-01
PCG: 4 : 2.714291e-05 / 5.364569e-01
PCG: 0 : 2.714291e-05
PCG: 1 : 1.671660e-05 / 6.158737e-01
PCG: 2 : 9.057141e-06 / 3.336835e-01
PCG: 3 : 5.866079e-06 / 2.161183e-01
PCG: 4 : 8.572205e-06 / 3.158175e-01
PCG: 0 : 8.572203e-06
PCG: 1 : 5.474504e-06 / 6.386344e-01
PCG: 2 : 4.974217e-06 / 5.802729e-01
PCG: 3 : 3.858757e-06 / 4.501477e-01
PCG: 4 : 4.471694e-06 / 5.216504e-01
PCG: 0 : 4.471693e-06
PCG: 1 : 2.930934e-06 / 6.554417e-01
PCG: 2 : 1.868903e-06 / 4.179409e-01
PCG: 3 : 1.046323e-06 / 2.339881e-01
PCG: 4 : 1.440903e-06 / 3.222276e-01
PCG: 0 : 1.440903e-06
PCG: 1 : 9.748748e-07 / 6.765721e-01
PCG: 2 : 1.066573e-06 / 7.402115e-01
PCG: 3 : 7.525182e-07 / 5.222546e-01
PCG: 4 : 7.574979e-07 / 5.257105e-01
PCG: 0 : 7.574980e-07
PCG: 1 : 5.135753e-07 / 6.779890e-01
PCG: 2 : 3.779064e-07 / 4.988876e-01
PCG: 3 : 2.019100e-07 / 2.665485e-01
PCG: 4 : 2.523833e-07 / 3.331802e-01
PCG: 0 : 2.523833e-07
PCG: 1 : 1.745233e-07 / 6.915010e-01
PCG: 2 : 2.188549e-07 / 8.671527e-01
PCG: 3 : 1.534954e-07 / 6.081836e-01
PCG: 4 : 1.373510e-07 / 5.442156e-01

PCG ( VCycle ( S: Scale / C: Scale )  )

Complete solver TOE: 0.054233
2.76284 GFlop/s [2.76284 GFlops/s]

Total time: 0.054233s
Accumulated op time: 0.022668

Reductions: 34.8681%
Blas-1: 3.62694%
Blas-2: 3.30242%
Precon Kernels: 0%
MPI Execution: 0%
MPI Wait: 0%
Not covered: 58.2026%

Domain size: 3.03986 MByte
LA size: 7.57693 MByte
MPI size: 0.169769 MByte

H0-Error: 2.750897e-05
H1-Error: 1.613732e-02

Writing DATA to output.data...
Run-Time: 0:00.149 [0:00.149]
0x31d198e880 Error: MemoryPool<CUDA> still contains memory chunks on deconstructor call
