NUM-PROCS: 1
Preparing domain...
LVL-MIN: 5 [5]
LVL-MAX: 7 [7]
Creating gates...
Assembling system matrices...
Assembling system filters...
Assembling transfer matrices...
Converting assembled linear system from SparseMatrixCSR, Mem:main to SparseMatrixELL, Mem:cudaand to SparseMatrixELL, Mem:cuda...
PCG:  0 : 7.572471e-02
PCG:  1 : 2.892992e-01 / 3.820407e+00
PCG:  2 : 2.174547e-01 / 2.871648e+00
PCG:  3 : 3.691247e-01 / 4.874560e+00
PCG:  4 : 3.153086e-01 / 4.163879e+00
PCG:  5 : 1.886789e-01 / 2.491642e+00
PCG:  6 : 2.114751e-01 / 2.792683e+00
PCG:  7 : 1.822090e-01 / 2.406203e+00
PCG:  8 : 1.046491e-01 / 1.381967e+00
PCG:  9 : 6.015874e-02 / 7.944400e-01
PCG: 10 : 3.509448e-02 / 4.634481e-01
PCG:  0 : 3.649857e-02
PCG:  1 : 2.812856e-02 / 7.706757e-01
PCG:  2 : 2.453804e-02 / 6.723015e-01
PCG:  3 : 1.550318e-02 / 4.247612e-01
PCG:  4 : 7.732029e-03 / 2.118447e-01
PCG:  5 : 5.789649e-03 / 1.586267e-01
PCG:  6 : 5.763202e-03 / 1.579021e-01
PCG:  7 : 3.174857e-03 / 8.698580e-02
PCG:  8 : 2.167894e-03 / 5.939667e-02
PCG:  9 : 1.866336e-03 / 5.113449e-02
PCG: 10 : 2.377730e-03 / 6.514584e-02
PCG:  0 : 2.377730e-03
PCG:  1 : 7.745391e-04 / 3.257473e-01
PCG:  2 : 5.195417e-04 / 2.185033e-01
PCG:  3 : 4.062822e-04 / 1.708698e-01
PCG:  4 : 6.734736e-04 / 2.832423e-01
PCG:  5 : 6.764084e-04 / 2.844765e-01
PCG:  6 : 3.915611e-04 / 1.646786e-01
PCG:  7 : 4.421388e-04 / 1.859500e-01
PCG:  8 : 4.926237e-04 / 2.071824e-01
PCG:  9 : 4.685186e-04 / 1.970445e-01
PCG: 10 : 3.934642e-04 / 1.654789e-01
PCG:  0 : 3.934643e-04
PCG:  1 : 2.746781e-04 / 6.981018e-01
PCG:  2 : 2.205828e-04 / 5.606172e-01
PCG:  3 : 1.733741e-04 / 4.406349e-01
PCG:  4 : 1.372912e-04 / 3.489293e-01
PCG:  5 : 1.540534e-04 / 3.915310e-01
PCG:  6 : 1.306685e-04 / 3.320976e-01
PCG:  7 : 7.680787e-05 / 1.952093e-01
PCG:  8 : 6.561770e-05 / 1.667691e-01
PCG:  9 : 7.483378e-05 / 1.901921e-01
PCG: 10 : 1.352332e-04 / 3.436989e-01
PCG:  0 : 1.352332e-04
PCG:  1 : 5.194822e-05 / 3.841380e-01
PCG:  2 : 4.803764e-05 / 3.552207e-01
PCG:  3 : 5.103095e-05 / 3.773551e-01
PCG:  4 : 7.561559e-05 / 5.591494e-01
PCG:  5 : 4.645257e-05 / 3.434997e-01
PCG:  6 : 4.067894e-05 / 3.008058e-01
PCG:  7 : 5.330305e-05 / 3.941565e-01
PCG:  8 : 4.051557e-05 / 2.995978e-01
PCG:  9 : 3.230028e-05 / 2.388487e-01
PCG: 10 : 3.419951e-05 / 2.528928e-01
PCG:  0 : 3.419951e-05
PCG:  1 : 2.416979e-05 / 7.067291e-01
PCG:  2 : 2.478837e-05 / 7.248166e-01
PCG:  3 : 2.350787e-05 / 6.873745e-01
PCG:  4 : 1.280172e-05 / 3.743246e-01
PCG:  5 : 1.117720e-05 / 3.268234e-01
PCG:  6 : 1.503701e-05 / 4.396850e-01
PCG:  7 : 9.521541e-06 / 2.784116e-01
PCG:  8 : 7.415051e-06 / 2.168175e-01
PCG:  9 : 6.533283e-06 / 1.910344e-01
PCG: 10 : 1.276673e-05 / 3.733015e-01
PCG:  0 : 1.276673e-05
PCG:  1 : 5.745841e-06 / 4.500638e-01
PCG:  2 : 5.860009e-06 / 4.590064e-01
PCG:  3 : 5.968356e-06 / 4.674930e-01
PCG:  4 : 7.690740e-06 / 6.024050e-01
PCG:  5 : 4.872363e-06 / 3.816454e-01
PCG:  6 : 5.218400e-06 / 4.087501e-01
PCG:  7 : 6.921350e-06 / 5.421397e-01
PCG:  8 : 4.136673e-06 / 3.240198e-01
PCG:  9 : 3.128569e-06 / 2.450565e-01
PCG: 10 : 4.198287e-06 / 3.288459e-01
PCG:  0 : 4.198287e-06
PCG:  1 : 2.776743e-06 / 6.613991e-01
PCG:  2 : 2.459310e-06 / 5.857890e-01
PCG:  3 : 2.698921e-06 / 6.428625e-01
PCG:  4 : 1.639155e-06 / 3.904341e-01
PCG:  5 : 1.305640e-06 / 3.109936e-01
PCG:  6 : 1.553891e-06 / 3.701249e-01
PCG:  7 : 1.051886e-06 / 2.505512e-01
PCG:  8 : 9.575332e-07 / 2.280771e-01
PCG:  9 : 7.435134e-07 / 1.770992e-01
PCG: 10 : 1.271482e-06 / 3.028573e-01
PCG:  0 : 1.271482e-06
PCG:  1 : 6.844630e-07 / 5.383191e-01
PCG:  2 : 7.026046e-07 / 5.525872e-01
PCG:  3 : 6.256699e-07 / 4.920793e-01
PCG:  4 : 7.901098e-07 / 6.214086e-01
PCG:  5 : 5.840186e-07 / 4.593212e-01
PCG:  6 : 6.125301e-07 / 4.817450e-01
PCG:  7 : 7.077181e-07 / 5.566089e-01
PCG:  8 : 4.262710e-07 / 3.352553e-01
PCG:  9 : 3.797835e-07 / 2.986936e-01
PCG: 10 : 4.744575e-07 / 3.731532e-01
PCG:  0 : 4.744576e-07
PCG:  1 : 3.171631e-07 / 6.684750e-01
PCG:  2 : 2.735940e-07 / 5.766458e-01
PCG:  3 : 2.920970e-07 / 6.156441e-01
PCG:  4 : 1.849169e-07 / 3.897437e-01
PCG:  5 : 1.532143e-07 / 3.229252e-01
PCG:  6 : 1.686038e-07 / 3.553611e-01
PCG:  7 : 1.118292e-07 / 2.356990e-01
PCG:  8 : 1.052667e-07 / 2.218674e-01
PCG:  9 : 8.851433e-08 / 1.865590e-01
PCG: 10 : 1.433394e-07 / 3.021122e-01
PCG:  0 : 1.433394e-07
PCG:  1 : 7.882832e-08 / 5.499417e-01
PCG:  2 : 8.032327e-08 / 5.603711e-01
PCG:  3 : 7.117288e-08 / 4.965339e-01
PCG:  4 : 8.998846e-08 / 6.277998e-01
PCG:  5 : 6.648802e-08 / 4.638502e-01
PCG:  6 : 6.989861e-08 / 4.876440e-01
PCG:  7 : 8.028547e-08 / 5.601074e-01
PCG:  8 : 5.119745e-08 / 3.571763e-01
PCG:  9 : 4.441109e-08 / 3.098316e-01
PCG: 10 : 5.254477e-08 / 3.665759e-01

PCG ( VCycle ( S: Scale / C: Scale )  )

Complete solver TOE: 0.692557
0.363725 GFlop/s [0.363725 GFlops/s]

Total time: 0.692557s
Accumulated op time: 0.16151

Reductions: 11.8109%
Blas-1: 6.19444%
Blas-2: 5.31552%
Precon Kernels: 0%
MPI Execution: 0%
MPI Wait: 0%
Not covered: 76.6792%

Domain size: 1.67157 MByte
LA size: 5.40018 MByte
MPI size: 0.167526 MByte

H0-Error: 2.748257e-05
H1-Error: 1.613732e-02

Writing DATA to output.data...
Run-Time: 0:00.893 [0:00.893]
0xb33099f8 Error: MemoryPool<CUDA> still contains memory chunks on deconstructor call
