NUM-PROCS: 1
Preparing domain...
LVL-MIN: 4 [4]
LVL-MAX: 11 [11]
Creating gates...
Assembling system matrices...
Assembling system filters...
Assembling transfer matrices...
Converting assembled linear system from SparseMatrixCSR, Mem:main to SparseMatrixELL, Mem:cudaand to SparseMatrixELL, Mem:cuda...
PCG: 0 : 4.737108e-03
PCG: 1 : 9.747381e-03 / 2.057665e+00
PCG: 2 : 1.470385e-02 / 3.103972e+00
PCG: 3 : 3.771738e-02 / 7.962111e+00
PCG: 4 : 4.958840e-02 / 1.046807e+01
PCG: 5 : 3.552013e-02 / 7.498273e+00
PCG: 6 : 2.231271e-02 / 4.710197e+00
PCG: 7 : 4.409488e-03 / 9.308396e-01
PCG: 0 : 4.413287e-03
PCG: 1 : 2.129161e-03 / 4.824434e-01
PCG: 2 : 1.194476e-03 / 2.706544e-01
PCG: 3 : 4.977715e-04 / 1.127893e-01
PCG: 4 : 4.162448e-04 / 9.431627e-02
PCG: 5 : 4.202358e-04 / 9.522059e-02
PCG: 6 : 2.477673e-04 / 5.614122e-02
PCG: 7 : 1.140213e-04 / 2.583592e-02
PCG: 0 : 1.140218e-04
PCG: 1 : 8.040902e-05 / 7.052074e-01
PCG: 2 : 4.312584e-05 / 3.782246e-01
PCG: 3 : 3.022263e-05 / 2.650602e-01
PCG: 4 : 9.471024e-06 / 8.306327e-02
PCG: 5 : 2.055734e-06 / 1.802931e-02
PCG: 6 : 3.131316e-06 / 2.746243e-02
PCG: 7 : 6.381895e-06 / 5.597083e-02
PCG: 0 : 6.381910e-06
PCG: 1 : 3.193237e-06 / 5.003576e-01
PCG: 2 : 1.509538e-06 / 2.365339e-01
PCG: 3 : 2.469285e-06 / 3.869195e-01
PCG: 4 : 1.813500e-06 / 2.841626e-01
PCG: 5 : 1.192818e-06 / 1.869062e-01
PCG: 6 : 7.419243e-07 / 1.162543e-01
PCG: 7 : 3.270312e-07 / 5.124348e-02
PCG: 0 : 3.270325e-07
PCG: 1 : 3.713117e-07 / 1.135397e+00
PCG: 2 : 1.455315e-07 / 4.450064e-01
PCG: 3 : 6.607628e-08 / 2.020481e-01
PCG: 4 : 2.840361e-08 / 8.685256e-02
PCG: 5 : 1.733243e-08 / 5.299912e-02
PCG: 6 : 2.616813e-08 / 8.001693e-02
PCG: 7 : 2.115661e-08 / 6.469268e-02

PCG ( VCycle ( S: Scale / C: Scale )  )

Complete solver TOE: 1.03402
20.971 GFlop/s [20.971 GFlops/s]

Total time: 1.03402s
Accumulated op time: 0.574939

Reductions: 55.1452%
Blas-1: 0.227655%
Blas-2: 0.229396%
Precon Kernels: 0%
MPI Execution: 0%
MPI Wait: 0%
Not covered: 44.3978%

Domain size: 768.86 MByte
LA size: 1932.08 MByte
MPI size: 42.7285 MByte

H0-Error: 1.174533e-07
H1-Error: 1.008605e-03

Writing DATA to output.data...
Run-Time: 0:11.881 [0:11.881]
0x31d198e880 Error: MemoryPool<CUDA> still contains memory chunks on deconstructor call
