NUM-PROCS: 1
Preparing domain...
LVL-MIN: 3 [3]
LVL-MAX: 8 [8]
Creating gates...
Assembling system matrices...
Assembling system filters...
Assembling transfer matrices...
Converting assembled linear system from SparseMatrixCSR, Mem:main to SparseMatrixELL, Mem:cudaand to SparseMatrixELL, Mem:cuda...
PCG: 0 : 3.788187e-02
PCG: 1 : 3.863712e-02 / 1.019937e+00
PCG: 2 : 4.165917e-02 / 1.099712e+00
PCG: 3 : 2.963624e-02 / 7.823329e-01
PCG: 0 : 2.960362e-02
PCG: 1 : 5.712545e-03 / 1.929678e-01
PCG: 2 : 1.367858e-03 / 4.620578e-02
PCG: 3 : 3.989227e-04 / 1.347547e-02
PCG: 0 : 3.989225e-04
PCG: 1 : 1.957740e-04 / 4.907571e-01
PCG: 2 : 9.757654e-05 / 2.446003e-01
PCG: 3 : 6.677179e-05 / 1.673804e-01
PCG: 0 : 6.677179e-05
PCG: 1 : 4.684665e-05 / 7.015935e-01
PCG: 2 : 2.662756e-05 / 3.987846e-01
PCG: 3 : 3.052657e-05 / 4.571777e-01
PCG: 0 : 3.052657e-05
PCG: 1 : 1.112040e-05 / 3.642858e-01
PCG: 2 : 5.342920e-06 / 1.750253e-01
PCG: 3 : 3.829675e-06 / 1.254538e-01
PCG: 0 : 3.829673e-06
PCG: 1 : 2.483362e-06 / 6.484528e-01
PCG: 2 : 1.908745e-06 / 4.984095e-01
PCG: 3 : 2.080761e-06 / 5.433260e-01
PCG: 0 : 2.080761e-06
PCG: 1 : 6.606044e-07 / 3.174821e-01
PCG: 2 : 3.559546e-07 / 1.710695e-01
PCG: 3 : 2.618963e-07 / 1.258657e-01
PCG: 0 : 2.618963e-07
PCG: 1 : 1.613903e-07 / 6.162375e-01
PCG: 2 : 1.290588e-07 / 4.927858e-01
PCG: 3 : 1.368664e-07 / 5.225977e-01

PCG ( VCycle ( S: Scale / C: Scale )  )

Complete solver TOE: 1.11445
0.222324 GFlop/s [0.222324 GFlops/s]

Total time: 1.11445s
Accumulated op time: 0.113603

Reductions: 6.41277%
Blas-1: 2.03778%
Blas-2: 1.7431%
Precon Kernels: 0%
MPI Execution: 0%
MPI Wait: 0%
Not covered: 89.8064%

Domain size: 6.73462 MByte
LA size: 22.3983 MByte
MPI size: 0.674286 MByte

H0-Error: 6.880549e-06
H1-Error: 8.068795e-03

Writing DATA to output.data...
Run-Time: 0:01.863 [0:01.863]
0xb33539f8 Error: MemoryPool<CUDA> still contains memory chunks on deconstructor call
