NUM-PROCS: 1
Preparing domain...
LVL-MIN: 4 [4]
LVL-MAX: 9 [9]
Creating gates...
Assembling system matrices...
Assembling system filters...
Assembling transfer matrices...
Converting assembled linear system from SparseMatrixCSR, Mem:main to SparseMatrixCSR, Mem:mainand to SparseMatrixCSR, Mem:main...
PCG:  0 : 1.894412e-02
PCG:  1 : 3.774227e-02 / 1.992294e+00
PCG:  2 : 4.952538e-02 / 2.614287e+00
PCG:  3 : 1.147043e-01 / 6.054875e+00
PCG:  4 : 1.196453e-01 / 6.315695e+00
PCG:  5 : 5.466951e-02 / 2.885829e+00
PCG:  6 : 2.264845e-02 / 1.195540e+00
PCG:  7 : 4.091199e-03 / 2.159614e-01
PCG:  8 : 1.388400e-03 / 7.328922e-02
PCG:  9 : 1.175699e-03 / 6.206141e-02
PCG: 10 : 3.276351e-04 / 1.729481e-02
PCG: 11 : 3.853679e-05 / 2.034234e-03
PCG: 12 : 2.613092e-05 / 1.379368e-03
PCG: 13 : 1.371453e-05 / 7.239463e-04
PCG:  0 : 5.476173e-04
PCG:  1 : 5.710928e-05 / 1.042868e-01
PCG:  2 : 1.325373e-04 / 2.420254e-01
PCG:  3 : 5.671246e-05 / 1.035622e-01
PCG:  4 : 7.158905e-05 / 1.307282e-01
PCG:  5 : 4.437577e-05 / 8.103428e-02
PCG:  6 : 3.504968e-05 / 6.400396e-02
PCG:  7 : 2.049234e-05 / 3.742092e-02
PCG:  8 : 9.555874e-06 / 1.744991e-02
PCG:  9 : 1.820171e-06 / 3.323801e-03
PCG: 10 : 7.310593e-07 / 1.334982e-03
PCG: 11 : 4.013952e-07 / 7.329849e-04
PCG: 12 : 2.719001e-07 / 4.965147e-04
PCG: 13 : 3.397800e-07 / 6.204699e-04
PCG:  0 : 3.400119e-07
PCG:  1 : 9.220155e-08 / 2.711715e-01
PCG:  2 : 7.133336e-08 / 2.097967e-01
PCG:  3 : 5.555412e-08 / 1.633888e-01
PCG:  4 : 4.035313e-08 / 1.186815e-01
PCG:  5 : 3.028482e-08 / 8.906987e-02
PCG:  6 : 1.997922e-08 / 5.876036e-02
PCG:  7 : 1.096440e-08 / 3.224710e-02
PCG:  8 : 1.043479e-08 / 3.068948e-02
PCG:  9 : 1.297465e-08 / 3.815939e-02
PCG: 10 : 7.604996e-09 / 2.236685e-02
PCG: 11 : 5.673903e-09 / 1.668737e-02
PCG: 12 : 3.770265e-09 / 1.108863e-02
PCG: 13 : 1.256330e-09 / 3.694959e-03
PCG:  0 : 1.256348e-09
PCG:  1 : 5.405514e-10 / 4.302561e-01
PCG:  2 : 3.932258e-10 / 3.129911e-01
PCG:  3 : 1.453148e-10 / 1.156645e-01
PCG:  4 : 1.306283e-10 / 1.039746e-01
PCG:  5 : 6.681606e-11 / 5.318277e-02
PCG:  6 : 3.235489e-11 / 2.575313e-02
PCG:  7 : 2.189734e-11 / 1.742936e-02
PCG:  8 : 2.084444e-11 / 1.659130e-02
PCG:  9 : 2.122148e-11 / 1.689140e-02
PCG: 10 : 1.584933e-11 / 1.261540e-02
PCG: 11 : 1.074538e-11 / 8.552872e-03
PCG: 12 : 8.738757e-12 / 6.955682e-03
PCG: 13 : 5.380421e-12 / 4.282588e-03

PCG ( VCycle ( S: Scale / C: Scale )  )

Complete solver TOE: 0.799963
2.46449 GFlop/s [2.46449 GFlops/s]

Total time: 0.799963s
Accumulated op time: 0.769662

Reductions: 7.00082%
Blas-1: 5.78714%
Blas-2: 83.4242%
Precon Kernels: 0%
MPI Execution: 0%
MPI Wait: 0%
Not covered: 3.7878%

Domain size: 48.2041 MByte
LA size: 120.996 MByte
MPI size: 2.68153 MByte

H0-Error: 1.716361e-06
H1-Error: 4.034414e-03

Writing DATA to output.data...
Run-Time: 0:01.363 [0:01.363]
0x31d198e880 Error: MemoryPool<CPU> still contains memory chunks on deconstructor call
