NUM-PROCS: 1
Preparing domain...
LVL-MIN: 5 [5]
LVL-MAX: 10 [10]
Creating gates...
Assembling system matrices...
Assembling system filters...
Assembling transfer matrices...
Converting assembled linear system from SparseMatrixCSR, Mem:main to SparseMatrixELL, Mem:cudaand to SparseMatrixELL, Mem:cuda...
PCG: 0 : 9.473710e-03
PCG: 1 : 4.064152e-02 / 4.289926e+00
PCG: 2 : 4.515618e-02 / 4.766472e+00
PCG: 3 : 1.234715e-01 / 1.303307e+01
PCG: 4 : 2.105808e-01 / 2.222791e+01
PCG: 0 : 2.105901e-01
PCG: 1 : 1.461718e-01 / 6.941059e-01
PCG: 2 : 1.157052e-01 / 5.494335e-01
PCG: 3 : 1.294012e-01 / 6.144697e-01
PCG: 4 : 1.127900e-01 / 5.355905e-01
PCG: 0 : 1.127900e-01
PCG: 1 : 6.518707e-02 / 5.779507e-01
PCG: 2 : 5.074424e-02 / 4.499000e-01
PCG: 3 : 3.130934e-02 / 2.775896e-01
PCG: 4 : 2.881291e-02 / 2.554562e-01
PCG: 0 : 2.881292e-02
PCG: 1 : 2.306044e-02 / 8.003508e-01
PCG: 2 : 3.515409e-02 / 1.220081e+00
PCG: 3 : 4.363263e-02 / 1.514343e+00
PCG: 4 : 5.394188e-02 / 1.872142e+00
PCG: 0 : 5.394188e-02
PCG: 1 : 3.412925e-02 / 6.327041e-01
PCG: 2 : 2.505075e-02 / 4.644027e-01
PCG: 3 : 1.447784e-02 / 2.683970e-01
PCG: 4 : 1.487169e-02 / 2.756985e-01
PCG: 0 : 1.487170e-02
PCG: 1 : 1.317294e-02 / 8.857724e-01
PCG: 2 : 2.175839e-02 / 1.463074e+00
PCG: 3 : 2.717855e-02 / 1.827535e+00
PCG: 4 : 3.198402e-02 / 2.150664e+00
PCG: 0 : 3.198402e-02
PCG: 1 : 2.237041e-02 / 6.994246e-01
PCG: 2 : 1.659107e-02 / 5.187302e-01
PCG: 3 : 9.089766e-03 / 2.841972e-01
PCG: 4 : 8.995464e-03 / 2.812487e-01
PCG: 0 : 8.995464e-03
PCG: 1 : 8.534197e-03 / 9.487222e-01
PCG: 2 : 1.458891e-02 / 1.621808e+00
PCG: 3 : 1.755226e-02 / 1.951234e+00
PCG: 4 : 2.005043e-02 / 2.228949e+00
PCG: 0 : 2.005043e-02
PCG: 1 : 1.481411e-02 / 7.388427e-01
PCG: 2 : 1.101010e-02 / 5.491204e-01
PCG: 3 : 5.798182e-03 / 2.891800e-01
PCG: 4 : 5.652564e-03 / 2.819174e-01
PCG: 0 : 5.652563e-03
PCG: 1 : 5.551276e-03 / 9.820812e-01
PCG: 2 : 9.659281e-03 / 1.708832e+00
PCG: 3 : 1.140085e-02 / 2.016934e+00
PCG: 4 : 1.291721e-02 / 2.285195e+00
PCG: 0 : 1.291721e-02
PCG: 1 : 9.764456e-03 / 7.559261e-01
PCG: 2 : 7.240907e-03 / 5.605627e-01
PCG: 3 : 3.751270e-03 / 2.904086e-01
PCG: 4 : 3.625554e-03 / 2.806762e-01
PCG: 0 : 3.625554e-03
PCG: 1 : 3.615022e-03 / 9.970951e-01
PCG: 2 : 6.335475e-03 / 1.747450e+00
PCG: 3 : 7.449901e-03 / 2.054831e+00
PCG: 4 : 8.422168e-03 / 2.323001e+00
PCG: 0 : 8.422168e-03
PCG: 1 : 6.420054e-03 / 7.622805e-01
PCG: 2 : 4.748833e-03 / 5.638493e-01
PCG: 3 : 2.445344e-03 / 2.903461e-01
PCG: 4 : 2.347029e-03 / 2.786728e-01
PCG: 0 : 2.347029e-03
PCG: 1 : 2.356442e-03 / 1.004011e+00
PCG: 2 : 4.143793e-03 / 1.765548e+00
PCG: 3 : 4.879714e-03 / 2.079102e+00
PCG: 4 : 5.514986e-03 / 2.349773e+00
PCG: 0 : 5.514986e-03
PCG: 1 : 4.215900e-03 / 7.644443e-01
PCG: 2 : 3.113338e-03 / 5.645233e-01
PCG: 3 : 1.599328e-03 / 2.899967e-01
PCG: 4 : 1.526261e-03 / 2.767479e-01
PCG: 0 : 1.526261e-03
PCG: 1 : 1.537784e-03 / 1.007550e+00
PCG: 2 : 2.709635e-03 / 1.775342e+00
PCG: 3 : 3.198517e-03 / 2.095655e+00
PCG: 4 : 3.616652e-03 / 2.369616e+00
PCG: 0 : 3.616652e-03
PCG: 1 : 2.767160e-03 / 7.651165e-01
PCG: 2 : 2.041750e-03 / 5.645415e-01
PCG: 3 : 1.047663e-03 / 2.896775e-01
PCG: 4 : 9.950600e-04 / 2.751330e-01
PCG: 0 : 9.950600e-04
PCG: 1 : 1.004595e-03 / 1.009583e+00
PCG: 2 : 1.772587e-03 / 1.781387e+00
PCG: 3 : 2.096869e-03 / 2.107279e+00
PCG: 4 : 2.372923e-03 / 2.384703e+00
PCG: 0 : 2.372923e-03
PCG: 1 : 1.815824e-03 / 7.652270e-01
PCG: 2 : 1.339377e-03 / 5.644417e-01
PCG: 3 : 6.869427e-04 / 2.894922e-01
PCG: 4 : 6.499194e-04 / 2.738898e-01
PCG: 0 : 6.499193e-04
PCG: 1 : 6.568929e-04 / 1.010730e+00
PCG: 2 : 1.160144e-03 / 1.785059e+00
PCG: 3 : 1.374805e-03 / 2.115347e+00
PCG: 4 : 1.557166e-03 / 2.395937e+00
PCG: 0 : 1.557165e-03
PCG: 1 : 1.191467e-03 / 7.651510e-01
PCG: 2 : 8.788483e-04 / 5.643898e-01
PCG: 3 : 4.507681e-04 / 2.894799e-01
PCG: 4 : 4.251057e-04 / 2.729997e-01
PCG: 0 : 4.251057e-04
PCG: 1 : 4.299236e-04 / 1.011333e+00
PCG: 2 : 7.596103e-04 / 1.786874e+00
PCG: 3 : 9.013907e-04 / 2.120392e+00
PCG: 4 : 1.021836e-03 / 2.403721e+00
PCG: 0 : 1.021836e-03
PCG: 1 : 7.817210e-04 / 7.650164e-01
PCG: 2 : 5.767687e-04 / 5.644438e-01
PCG: 3 : 2.959809e-04 / 2.896561e-01
PCG: 4 : 2.784181e-04 / 2.724686e-01
PCG: 0 : 2.784182e-04
PCG: 1 : 2.816059e-04 / 1.011449e+00
PCG: 2 : 4.975317e-04 / 1.786995e+00
PCG: 3 : 5.909871e-04 / 2.122660e+00
PCG: 4 : 6.705084e-04 / 2.408278e+00
PCG: 0 : 6.705084e-04
PCG: 1 : 5.128360e-04 / 7.648466e-01
PCG: 2 : 3.785506e-04 / 5.645725e-01
PCG: 3 : 1.944756e-04 / 2.900420e-01
PCG: 4 : 1.825905e-04 / 2.723165e-01
PCG: 0 : 1.825905e-04
PCG: 1 : 1.846131e-04 / 1.011078e+00
PCG: 2 : 3.259544e-04 / 1.785167e+00
PCG: 3 : 3.874675e-04 / 2.122058e+00
PCG: 4 : 4.399226e-04 / 2.409340e+00
PCG: 0 : 4.399226e-04
PCG: 1 : 3.364102e-04 / 7.647032e-01
PCG: 2 : 2.484781e-04 / 5.648224e-01
PCG: 3 : 1.278694e-04 / 2.906635e-01
PCG: 4 : 1.199027e-04 / 2.725541e-01
PCG: 0 : 1.199027e-04
PCG: 1 : 1.211328e-04 / 1.010259e+00
PCG: 2 : 2.135914e-04 / 1.781372e+00
PCG: 3 : 2.540044e-04 / 2.118421e+00
PCG: 4 : 2.885899e-04 / 2.406867e+00
PCG: 0 : 2.885899e-04
PCG: 1 : 2.206392e-04 / 7.645423e-01
PCG: 2 : 1.630988e-04 / 5.651578e-01
PCG: 3 : 8.413458e-05 / 2.915369e-01
PCG: 4 : 7.884858e-05 / 2.732202e-01
PCG: 0 : 7.884859e-05
PCG: 1 : 7.955008e-05 / 1.008897e+00
PCG: 2 : 1.399841e-04 / 1.775353e+00
PCG: 3 : 1.664985e-04 / 2.111624e+00
PCG: 4 : 1.892839e-04 / 2.400600e+00
PCG: 0 : 1.892839e-04
PCG: 1 : 1.446882e-04 / 7.643976e-01
PCG: 2 : 1.070569e-04 / 5.655891e-01
PCG: 3 : 5.540330e-05 / 2.926995e-01
PCG: 4 : 5.192932e-05 / 2.743462e-01
PCG: 0 : 5.192932e-05
PCG: 1 : 5.229358e-05 / 1.007015e+00
PCG: 2 : 9.175198e-05 / 1.766863e+00
PCG: 3 : 1.091220e-04 / 2.101357e+00
PCG: 4 : 1.241226e-04 / 2.390223e+00
PCG: 0 : 1.241226e-04
PCG: 1 : 9.486256e-05 / 7.642648e-01
PCG: 2 : 7.027003e-05 / 5.661339e-01
PCG: 3 : 3.651334e-05 / 2.941715e-01
PCG: 4 : 3.425291e-05 / 2.759602e-01
PCG: 0 : 3.425292e-05
PCG: 1 : 3.440955e-05 / 1.004573e+00
PCG: 2 : 6.014375e-05 / 1.755872e+00
PCG: 3 : 7.150269e-05 / 2.087492e+00
PCG: 4 : 8.137237e-05 / 2.375633e+00
PCG: 0 : 8.137237e-05
PCG: 1 : 6.217905e-05 / 7.641298e-01
PCG: 2 : 4.611967e-05 / 5.667731e-01
PCG: 3 : 2.408618e-05 / 2.959994e-01
PCG: 4 : 2.263212e-05 / 2.781303e-01
PCG: 0 : 2.263212e-05
PCG: 1 : 2.266606e-05 / 1.001500e+00
PCG: 2 : 3.942570e-05 / 1.742024e+00
PCG: 3 : 4.684409e-05 / 2.069806e+00
PCG: 4 : 5.333202e-05 / 2.356475e+00
PCG: 0 : 5.333202e-05
PCG: 1 : 4.074723e-05 / 7.640293e-01
PCG: 2 : 3.026847e-05 / 5.675478e-01
PCG: 3 : 1.590376e-05 / 2.982029e-01
PCG: 4 : 1.497857e-05 / 2.808551e-01
PCG: 0 : 1.497857e-05
PCG: 1 : 1.494696e-05 / 9.978898e-01
PCG: 2 : 2.584478e-05 / 1.725451e+00
PCG: 3 : 3.068025e-05 / 2.048277e+00
PCG: 4 : 3.494307e-05 / 2.332871e+00
PCG: 0 : 3.494307e-05
PCG: 1 : 2.669360e-05 / 7.639168e-01
PCG: 2 : 1.986284e-05 / 5.684342e-01
PCG: 3 : 1.051123e-05 / 3.008101e-01
PCG: 4 : 9.930346e-06 / 2.841864e-01
PCG: 0 : 9.930345e-06
PCG: 1 : 9.867565e-06 / 9.936779e-01
PCG: 2 : 1.694198e-05 / 1.706082e+00
PCG: 3 : 2.008832e-05 / 2.022922e+00
PCG: 4 : 2.288740e-05 / 2.304794e+00
PCG: 0 : 2.288740e-05
PCG: 1 : 1.748146e-05 / 7.638028e-01
PCG: 2 : 1.303321e-05 / 5.694494e-01
PCG: 3 : 6.954542e-06 / 3.038591e-01
PCG: 4 : 6.594995e-06 / 2.881497e-01
PCG: 0 : 6.594995e-06
PCG: 1 : 6.522090e-06 / 9.889454e-01
PCG: 2 : 1.110544e-05 / 1.683919e+00
PCG: 3 : 1.314898e-05 / 1.993781e+00
PCG: 4 : 1.498569e-05 / 2.272282e+00
PCG: 0 : 1.498569e-05
PCG: 1 : 1.144471e-05 / 7.637095e-01
PCG: 2 : 8.551070e-06 / 5.706158e-01
PCG: 3 : 4.605843e-06 / 3.073494e-01
PCG: 4 : 4.386900e-06 / 2.927393e-01
PCG: 0 : 4.386901e-06
PCG: 1 : 4.315626e-06 / 9.837528e-01
PCG: 2 : 7.279398e-06 / 1.659349e+00
PCG: 3 : 8.603755e-06 / 1.961238e+00
PCG: 4 : 9.808376e-06 / 2.235832e+00
PCG: 0 : 9.808376e-06
PCG: 1 : 7.489709e-06 / 7.636034e-01
PCG: 2 : 5.609500e-06 / 5.719092e-01
PCG: 3 : 3.053388e-06 / 3.113042e-01
PCG: 4 : 2.922773e-06 / 2.979875e-01
PCG: 0 : 2.922773e-06
PCG: 1 : 2.858788e-06 / 9.781083e-01
PCG: 2 : 4.771206e-06 / 1.632425e+00
PCG: 3 : 5.627991e-06 / 1.925566e+00
PCG: 4 : 6.417457e-06 / 2.195674e+00
PCG: 0 : 6.417457e-06
PCG: 1 : 4.899888e-06 / 7.635248e-01
PCG: 2 : 3.679514e-06 / 5.733601e-01
PCG: 3 : 2.026100e-06 / 3.157169e-01
PCG: 4 : 1.949942e-06 / 3.038496e-01
PCG: 0 : 1.949941e-06
PCG: 1 : 1.895722e-06 / 9.721945e-01
PCG: 2 : 3.127032e-06 / 1.603654e+00
PCG: 3 : 3.680021e-06 / 1.887247e+00
PCG: 4 : 4.197128e-06 / 2.152438e+00
PCG: 0 : 4.197128e-06
PCG: 1 : 3.204273e-06 / 7.634441e-01
PCG: 2 : 2.413214e-06 / 5.749678e-01
PCG: 3 : 1.345551e-06 / 3.205884e-01
PCG: 4 : 1.302530e-06 / 3.103383e-01
PCG: 0 : 1.302530e-06
PCG: 1 : 1.258256e-06 / 9.660099e-01
PCG: 2 : 2.049328e-06 / 1.573345e+00
PCG: 3 : 2.405457e-06 / 1.846758e+00
PCG: 4 : 2.744006e-06 / 2.106675e+00
PCG: 0 : 2.744006e-06
PCG: 1 : 2.094668e-06 / 7.633615e-01
PCG: 2 : 1.582510e-06 / 5.767151e-01
PCG: 3 : 8.943053e-07 / 3.259123e-01
PCG: 4 : 8.709858e-07 / 3.174140e-01
PCG: 0 : 8.709859e-07
PCG: 1 : 8.358891e-07 / 9.597045e-01
PCG: 2 : 1.342936e-06 / 1.541858e+00
PCG: 3 : 1.571783e-06 / 1.804602e+00
PCG: 4 : 1.793327e-06 / 2.058963e+00
PCG: 0 : 1.793327e-06
PCG: 1 : 1.368823e-06 / 7.632867e-01
PCG: 2 : 1.037664e-06 / 5.786251e-01
PCG: 3 : 5.947606e-07 / 3.316520e-01
PCG: 4 : 5.828600e-07 / 3.250160e-01
PCG: 0 : 5.828600e-07
PCG: 1 : 5.556932e-07 / 9.533907e-01
PCG: 2 : 8.799855e-07 / 1.509772e+00
PCG: 3 : 1.026665e-06 / 1.761426e+00
PCG: 4 : 1.171599e-06 / 2.010086e+00
PCG: 0 : 1.171599e-06
PCG: 1 : 8.941581e-07 / 7.631950e-01
PCG: 2 : 6.803033e-07 / 5.806625e-01
PCG: 3 : 3.957522e-07 / 3.377882e-01
PCG: 4 : 3.902909e-07 / 3.331268e-01
PCG: 0 : 3.902909e-07
PCG: 1 : 3.696346e-07 / 9.470745e-01
PCG: 2 : 5.765991e-07 / 1.477357e+00
PCG: 3 : 6.704321e-07 / 1.717775e+00
PCG: 4 : 7.651942e-07 / 1.960574e+00
PCG: 0 : 7.651942e-07
PCG: 1 : 5.839473e-07 / 7.631361e-01
PCG: 2 : 4.459905e-07 / 5.828461e-01
PCG: 3 : 2.634285e-07 / 3.442636e-01
PCG: 4 : 2.614204e-07 / 3.416393e-01
PCG: 0 : 2.614204e-07
PCG: 1 : 2.459794e-07 / 9.409341e-01
PCG: 2 : 3.777888e-07 / 1.445139e+00
PCG: 3 : 4.376664e-07 / 1.674186e+00
PCG: 4 : 4.996044e-07 / 1.911115e+00
PCG: 0 : 4.996044e-07
PCG: 1 : 3.812331e-07 / 7.630699e-01
PCG: 2 : 2.923512e-07 / 5.851653e-01
PCG: 3 : 1.753843e-07 / 3.510464e-01
PCG: 4 : 1.751246e-07 / 3.505265e-01
PCG: 0 : 1.751246e-07
PCG: 1 : 1.637323e-07 / 9.349476e-01
PCG: 2 : 2.475235e-07 / 1.413414e+00
PCG: 3 : 2.856446e-07 / 1.631094e+00
PCG: 4 : 3.261236e-07 / 1.862238e+00

PCG ( VCycle ( S: Scale / C: Scale )  )

Complete solver TOE: 1.32046
29.1537 GFlop/s [29.1537 GFlops/s]

Total time: 1.32046s
Accumulated op time: 1.03792

Reductions: 76.7885%
Blas-1: 0.898169%
Blas-2: 0.916042%
Precon Kernels: 0%
MPI Execution: 0%
MPI Wait: 0%
Not covered: 21.3973%

Domain size: 192.384 MByte
LA size: 483.107 MByte
MPI size: 10.695 MByte

H0-Error: 7.225305e-07
H1-Error: 2.017210e-03

Writing DATA to output.data...
Run-Time: 0:04.045 [0:04.045]
0x31d198e880 Error: MemoryPool<CUDA> still contains memory chunks on deconstructor call
