NUM-PROCS: 1
Preparing domain...
LVL-MIN: 5 [5]
LVL-MAX: 8 [8]
Creating gates...
Assembling system matrices...
Assembling system filters...
Assembling transfer matrices...
Converting assembled linear system from SparseMatrixCSR, Mem:main to SparseMatrixCSR, Mem:mainand to SparseMatrixCSR, Mem:main...
PCG: 0 : 3.788183e-02
PCG: 1 : 1.531274e-01 / 4.042240e+00
PCG: 0 : 1.537488e-01
PCG: 1 : 1.085798e-01 / 7.062154e-01
PCG: 0 : 1.085798e-01
PCG: 1 : 1.698264e-01 / 1.564070e+00
PCG: 0 : 1.698264e-01
PCG: 1 : 1.721852e-01 / 1.013890e+00
PCG: 0 : 1.721852e-01
PCG: 1 : 1.870934e-01 / 1.086582e+00
PCG: 0 : 1.870934e-01
PCG: 1 : 1.596767e-01 / 8.534600e-01
PCG: 0 : 1.596767e-01
PCG: 1 : 1.685360e-01 / 1.055483e+00
PCG: 0 : 1.685359e-01
PCG: 1 : 1.437131e-01 / 8.527148e-01
PCG: 0 : 1.437131e-01
PCG: 1 : 1.526910e-01 / 1.062471e+00
PCG: 0 : 1.526909e-01
PCG: 1 : 1.311136e-01 / 8.586861e-01
PCG: 0 : 1.311136e-01
PCG: 1 : 1.402119e-01 / 1.069393e+00
PCG: 0 : 1.402119e-01
PCG: 1 : 1.211149e-01 / 8.637989e-01
PCG: 0 : 1.211149e-01
PCG: 1 : 1.301680e-01 / 1.074748e+00
PCG: 0 : 1.301680e-01
PCG: 1 : 1.129708e-01 / 8.678848e-01
PCG: 0 : 1.129708e-01
PCG: 1 : 1.218871e-01 / 1.078926e+00
PCG: 0 : 1.218871e-01
PCG: 1 : 1.061874e-01 / 8.711949e-01
PCG: 0 : 1.061874e-01
PCG: 1 : 1.149241e-01 / 1.082276e+00
PCG: 0 : 1.149241e-01
PCG: 1 : 1.004349e-01 / 8.739234e-01
PCG: 0 : 1.004349e-01
PCG: 1 : 1.089725e-01 / 1.085007e+00
PCG: 0 : 1.089725e-01
PCG: 1 : 9.547960e-02 / 8.761806e-01
PCG: 0 : 9.547960e-02
PCG: 1 : 1.038115e-01 / 1.087264e+00
PCG: 0 : 1.038115e-01
PCG: 1 : 9.115610e-02 / 8.780926e-01
PCG: 0 : 9.115608e-02
PCG: 1 : 9.927985e-02 / 1.089119e+00
PCG: 0 : 9.927984e-02
PCG: 1 : 8.733805e-02 / 8.797158e-01
PCG: 0 : 8.733805e-02
PCG: 1 : 9.525827e-02 / 1.090685e+00
PCG: 0 : 9.525827e-02
PCG: 1 : 8.392671e-02 / 8.810439e-01
PCG: 0 : 8.392670e-02
PCG: 1 : 9.164993e-02 / 1.092024e+00
PCG: 0 : 9.164993e-02
PCG: 1 : 8.084872e-02 / 8.821472e-01
PCG: 0 : 8.084872e-02
PCG: 1 : 8.837634e-02 / 1.093107e+00
PCG: 0 : 8.837634e-02
PCG: 1 : 7.804532e-02 / 8.831019e-01
PCG: 0 : 7.804532e-02
PCG: 1 : 8.538418e-02 / 1.094033e+00
PCG: 0 : 8.538418e-02
PCG: 1 : 7.546715e-02 / 8.838541e-01
PCG: 0 : 7.546715e-02
PCG: 1 : 8.262187e-02 / 1.094806e+00
PCG: 0 : 8.262187e-02
PCG: 1 : 7.308105e-02 / 8.845242e-01
PCG: 0 : 7.308104e-02
PCG: 1 : 8.005355e-02 / 1.095408e+00
PCG: 0 : 8.005354e-02
PCG: 1 : 7.085155e-02 / 8.850521e-01
PCG: 0 : 7.085154e-02
PCG: 1 : 7.764974e-02 / 1.095950e+00
PCG: 0 : 7.764974e-02
PCG: 1 : 6.875872e-02 / 8.854983e-01
PCG: 0 : 6.875872e-02
PCG: 1 : 7.538386e-02 / 1.096353e+00
PCG: 0 : 7.538386e-02
PCG: 1 : 6.678065e-02 / 8.858747e-01
PCG: 0 : 6.678064e-02
PCG: 1 : 7.323994e-02 / 1.096724e+00
PCG: 0 : 7.323994e-02
PCG: 1 : 6.490238e-02 / 8.861610e-01
PCG: 0 : 6.490238e-02
PCG: 1 : 7.119793e-02 / 1.097000e+00
PCG: 0 : 7.119793e-02
PCG: 1 : 6.311242e-02 / 8.864362e-01
PCG: 0 : 6.311242e-02
PCG: 1 : 6.924804e-02 / 1.097217e+00
PCG: 0 : 6.924804e-02
PCG: 1 : 6.139844e-02 / 8.866452e-01
PCG: 0 : 6.139844e-02
PCG: 1 : 6.737919e-02 / 1.097409e+00
PCG: 0 : 6.737918e-02
PCG: 1 : 5.975379e-02 / 8.868286e-01
PCG: 0 : 5.975379e-02
PCG: 1 : 6.558281e-02 / 1.097551e+00
PCG: 0 : 6.558281e-02
PCG: 1 : 5.816970e-02 / 8.869656e-01
PCG: 0 : 5.816969e-02
PCG: 1 : 6.385311e-02 / 1.097704e+00
PCG: 0 : 6.385311e-02
PCG: 1 : 5.664233e-02 / 8.870724e-01
PCG: 0 : 5.664233e-02
PCG: 1 : 6.218238e-02 / 1.097808e+00
PCG: 0 : 6.218237e-02
PCG: 1 : 5.516553e-02 / 8.871571e-01
PCG: 0 : 5.516553e-02
PCG: 1 : 6.056584e-02 / 1.097893e+00
PCG: 0 : 6.056585e-02
PCG: 1 : 5.373754e-02 / 8.872582e-01
PCG: 0 : 5.373754e-02
PCG: 1 : 5.900182e-02 / 1.097963e+00
PCG: 0 : 5.900181e-02
PCG: 1 : 5.235234e-02 / 8.873004e-01
PCG: 0 : 5.235233e-02
PCG: 1 : 5.748468e-02 / 1.098035e+00
PCG: 0 : 5.748467e-02
PCG: 1 : 5.101009e-02 / 8.873686e-01
PCG: 0 : 5.101009e-02
PCG: 1 : 5.601292e-02 / 1.098075e+00
PCG: 0 : 5.601292e-02
PCG: 1 : 4.970547e-02 / 8.873929e-01
PCG: 0 : 4.970547e-02
PCG: 1 : 5.458387e-02 / 1.098146e+00
PCG: 0 : 5.458386e-02
PCG: 1 : 4.843858e-02 / 8.874158e-01
PCG: 0 : 4.843858e-02
PCG: 1 : 5.319494e-02 / 1.098194e+00
PCG: 0 : 5.319494e-02
PCG: 1 : 4.720603e-02 / 8.874158e-01
PCG: 0 : 4.720603e-02
PCG: 1 : 5.184368e-02 / 1.098243e+00
PCG: 0 : 5.184368e-02
PCG: 1 : 4.600928e-02 / 8.874617e-01
PCG: 0 : 4.600928e-02
PCG: 1 : 5.052857e-02 / 1.098226e+00
PCG: 0 : 5.052856e-02
PCG: 1 : 4.484384e-02 / 8.874948e-01
PCG: 0 : 4.484384e-02
PCG: 1 : 4.924905e-02 / 1.098235e+00
PCG: 0 : 4.924905e-02
PCG: 1 : 4.370948e-02 / 8.875192e-01
PCG: 0 : 4.370948e-02
PCG: 1 : 4.800288e-02 / 1.098226e+00
PCG: 0 : 4.800288e-02
PCG: 1 : 4.260573e-02 / 8.875660e-01
PCG: 0 : 4.260572e-02
PCG: 1 : 4.679022e-02 / 1.098215e+00
PCG: 0 : 4.679022e-02
PCG: 1 : 4.152939e-02 / 8.875656e-01
PCG: 0 : 4.152939e-02
PCG: 1 : 4.560924e-02 / 1.098240e+00
PCG: 0 : 4.560924e-02
PCG: 1 : 4.048105e-02 / 8.875624e-01
PCG: 0 : 4.048104e-02
PCG: 1 : 4.445986e-02 / 1.098289e+00
PCG: 0 : 4.445986e-02
PCG: 1 : 3.945984e-02 / 8.875384e-01
PCG: 0 : 3.945983e-02
PCG: 1 : 4.333848e-02 / 1.098294e+00
PCG: 0 : 4.333848e-02
PCG: 1 : 3.846488e-02 / 8.875456e-01
PCG: 0 : 3.846488e-02
PCG: 1 : 4.224741e-02 / 1.098337e+00
PCG: 0 : 4.224741e-02
PCG: 1 : 3.749519e-02 / 8.875145e-01
PCG: 0 : 3.749520e-02
PCG: 1 : 4.118320e-02 / 1.098359e+00
PCG: 0 : 4.118320e-02
PCG: 1 : 3.655066e-02 / 8.875139e-01
PCG: 0 : 3.655066e-02
PCG: 1 : 4.014523e-02 / 1.098345e+00
PCG: 0 : 4.014523e-02
PCG: 1 : 3.563085e-02 / 8.875489e-01
PCG: 0 : 3.563085e-02
PCG: 1 : 3.913446e-02 / 1.098331e+00
PCG: 0 : 3.913446e-02
PCG: 1 : 3.473374e-02 / 8.875486e-01
PCG: 0 : 3.473374e-02
PCG: 1 : 3.814893e-02 / 1.098325e+00
PCG: 0 : 3.814893e-02
PCG: 1 : 3.385972e-02 / 8.875666e-01
PCG: 0 : 3.385972e-02
PCG: 1 : 3.718903e-02 / 1.098326e+00
PCG: 0 : 3.718903e-02
PCG: 1 : 3.300663e-02 / 8.875368e-01
PCG: 0 : 3.300663e-02
PCG: 1 : 3.625312e-02 / 1.098359e+00
PCG: 0 : 3.625312e-02
PCG: 1 : 3.217583e-02 / 8.875327e-01
PCG: 0 : 3.217583e-02
PCG: 1 : 3.534093e-02 / 1.098369e+00
PCG: 0 : 3.534093e-02
PCG: 1 : 3.136623e-02 / 8.875325e-01
PCG: 0 : 3.136622e-02
PCG: 1 : 3.445134e-02 / 1.098358e+00
PCG: 0 : 3.445134e-02
PCG: 1 : 3.057693e-02 / 8.875397e-01
PCG: 0 : 3.057693e-02
PCG: 1 : 3.358422e-02 / 1.098352e+00
PCG: 0 : 3.358423e-02
PCG: 1 : 2.980790e-02 / 8.875565e-01
PCG: 0 : 2.980790e-02
PCG: 1 : 3.273892e-02 / 1.098330e+00
PCG: 0 : 3.273892e-02
PCG: 1 : 2.905776e-02 / 8.875602e-01
PCG: 0 : 2.905776e-02
PCG: 1 : 3.191517e-02 / 1.098336e+00
PCG: 0 : 3.191516e-02
PCG: 1 : 2.832678e-02 / 8.875648e-01
PCG: 0 : 2.832678e-02
PCG: 1 : 3.111160e-02 / 1.098310e+00
PCG: 0 : 3.111160e-02
PCG: 1 : 2.761483e-02 / 8.876056e-01
PCG: 0 : 2.761482e-02
PCG: 1 : 3.032829e-02 / 1.098261e+00
PCG: 0 : 3.032829e-02
PCG: 1 : 2.692055e-02 / 8.876383e-01
PCG: 0 : 2.692055e-02
PCG: 1 : 2.956538e-02 / 1.098246e+00
PCG: 0 : 2.956538e-02
PCG: 1 : 2.624264e-02 / 8.876138e-01
PCG: 0 : 2.624264e-02
PCG: 1 : 2.882196e-02 / 1.098287e+00
PCG: 0 : 2.882196e-02
PCG: 1 : 2.558279e-02 / 8.876145e-01
PCG: 0 : 2.558279e-02
PCG: 1 : 2.809695e-02 / 1.098275e+00
PCG: 0 : 2.809695e-02
PCG: 1 : 2.493902e-02 / 8.876057e-01
PCG: 0 : 2.493901e-02
PCG: 1 : 2.739048e-02 / 1.098298e+00
PCG: 0 : 2.739048e-02
PCG: 1 : 2.431164e-02 / 8.875943e-01
PCG: 0 : 2.431164e-02
PCG: 1 : 2.670169e-02 / 1.098309e+00
PCG: 0 : 2.670168e-02
PCG: 1 : 2.370006e-02 / 8.875867e-01
PCG: 0 : 2.370005e-02
PCG: 1 : 2.602993e-02 / 1.098307e+00
PCG: 0 : 2.602993e-02
PCG: 1 : 2.310434e-02 / 8.876067e-01
PCG: 0 : 2.310434e-02
PCG: 1 : 2.537512e-02 / 1.098284e+00
PCG: 0 : 2.537512e-02
PCG: 1 : 2.252335e-02 / 8.876155e-01
PCG: 0 : 2.252335e-02
PCG: 1 : 2.473711e-02 / 1.098287e+00
PCG: 0 : 2.473711e-02
PCG: 1 : 2.195704e-02 / 8.876154e-01
PCG: 0 : 2.195704e-02
PCG: 1 : 2.411523e-02 / 1.098292e+00
PCG: 0 : 2.411523e-02
PCG: 1 : 2.140460e-02 / 8.875967e-01
PCG: 0 : 2.140460e-02
PCG: 1 : 2.350895e-02 / 1.098313e+00
PCG: 0 : 2.350895e-02
PCG: 1 : 2.086657e-02 / 8.876007e-01
PCG: 0 : 2.086656e-02
PCG: 1 : 2.291770e-02 / 1.098298e+00
PCG: 0 : 2.291770e-02
PCG: 1 : 2.034204e-02 / 8.876130e-01
PCG: 0 : 2.034204e-02
PCG: 1 : 2.234144e-02 / 1.098289e+00
PCG: 0 : 2.234143e-02
PCG: 1 : 1.983101e-02 / 8.876339e-01
PCG: 0 : 1.983101e-02
PCG: 1 : 2.178015e-02 / 1.098287e+00
PCG: 0 : 2.178015e-02
PCG: 1 : 1.933265e-02 / 8.876271e-01
PCG: 0 : 1.933265e-02
PCG: 1 : 2.123244e-02 / 1.098269e+00
PCG: 0 : 2.123244e-02
PCG: 1 : 1.884680e-02 / 8.876418e-01
PCG: 0 : 1.884680e-02
PCG: 1 : 2.069866e-02 / 1.098258e+00
PCG: 0 : 2.069865e-02
PCG: 1 : 1.837322e-02 / 8.876530e-01
PCG: 0 : 1.837322e-02
PCG: 1 : 2.017846e-02 / 1.098254e+00
PCG: 0 : 2.017846e-02
PCG: 1 : 1.791155e-02 / 8.876569e-01
PCG: 0 : 1.791155e-02
PCG: 1 : 1.967151e-02 / 1.098258e+00
PCG: 0 : 1.967151e-02
PCG: 1 : 1.746140e-02 / 8.876494e-01
PCG: 0 : 1.746140e-02
PCG: 1 : 1.917727e-02 / 1.098266e+00
PCG: 0 : 1.917727e-02
PCG: 1 : 1.702257e-02 / 8.876430e-01
PCG: 0 : 1.702257e-02
PCG: 1 : 1.869544e-02 / 1.098273e+00
PCG: 0 : 1.869544e-02
PCG: 1 : 1.659512e-02 / 8.876562e-01
PCG: 0 : 1.659512e-02
PCG: 1 : 1.822562e-02 / 1.098252e+00
PCG: 0 : 1.822562e-02
PCG: 1 : 1.617836e-02 / 8.876714e-01
PCG: 0 : 1.617836e-02
PCG: 1 : 1.776784e-02 / 1.098247e+00
PCG: 0 : 1.776784e-02
PCG: 1 : 1.577188e-02 / 8.876647e-01
PCG: 0 : 1.577188e-02
PCG: 1 : 1.732137e-02 / 1.098244e+00
PCG: 0 : 1.732137e-02
PCG: 1 : 1.537582e-02 / 8.876789e-01
PCG: 0 : 1.537582e-02
PCG: 1 : 1.688599e-02 / 1.098217e+00
PCG: 0 : 1.688599e-02
PCG: 1 : 1.499006e-02 / 8.877220e-01
PCG: 0 : 1.499006e-02
PCG: 1 : 1.646171e-02 / 1.098175e+00
PCG: 0 : 1.646171e-02
PCG: 1 : 1.461356e-02 / 8.877304e-01
PCG: 0 : 1.461356e-02
PCG: 1 : 1.604837e-02 / 1.098183e+00
PCG: 0 : 1.604837e-02
PCG: 1 : 1.424656e-02 / 8.877265e-01
PCG: 0 : 1.424656e-02
PCG: 1 : 1.564528e-02 / 1.098180e+00
PCG: 0 : 1.564528e-02
PCG: 1 : 1.388856e-02 / 8.877159e-01
PCG: 0 : 1.388856e-02
PCG: 1 : 1.525238e-02 / 1.098197e+00
PCG: 0 : 1.525238e-02
PCG: 1 : 1.353977e-02 / 8.877152e-01
PCG: 0 : 1.353977e-02
PCG: 1 : 1.486957e-02 / 1.098214e+00
PCG: 0 : 1.486957e-02
PCG: 1 : 1.319958e-02 / 8.876911e-01
PCG: 0 : 1.319958e-02
PCG: 1 : 1.449614e-02 / 1.098227e+00
PCG: 0 : 1.449613e-02
PCG: 1 : 1.286807e-02 / 8.876899e-01
PCG: 0 : 1.286807e-02
PCG: 1 : 1.413202e-02 / 1.098224e+00
PCG: 0 : 1.413202e-02
PCG: 1 : 1.254483e-02 / 8.876887e-01
PCG: 0 : 1.254483e-02
PCG: 1 : 1.377709e-02 / 1.098228e+00
PCG: 0 : 1.377709e-02
PCG: 1 : 1.223011e-02 / 8.877136e-01
PCG: 0 : 1.223011e-02
PCG: 1 : 1.343102e-02 / 1.098193e+00
PCG: 0 : 1.343102e-02
PCG: 1 : 1.192279e-02 / 8.877059e-01
PCG: 0 : 1.192279e-02
PCG: 1 : 1.309377e-02 / 1.098213e+00
PCG: 0 : 1.309376e-02
PCG: 1 : 1.162332e-02 / 8.876991e-01
PCG: 0 : 1.162332e-02
PCG: 1 : 1.276496e-02 / 1.098220e+00
PCG: 0 : 1.276496e-02
PCG: 1 : 1.133132e-02 / 8.876894e-01
PCG: 0 : 1.133132e-02
PCG: 1 : 1.244440e-02 / 1.098231e+00
PCG: 0 : 1.244440e-02
PCG: 1 : 1.104669e-02 / 8.876835e-01
PCG: 0 : 1.104669e-02
PCG: 1 : 1.213168e-02 / 1.098219e+00
PCG: 0 : 1.213168e-02
PCG: 1 : 1.076929e-02 / 8.876999e-01
PCG: 0 : 1.076929e-02
PCG: 1 : 1.182669e-02 / 1.098186e+00
PCG: 0 : 1.182669e-02
PCG: 1 : 1.049877e-02 / 8.877189e-01
PCG: 0 : 1.049877e-02
PCG: 1 : 1.152958e-02 / 1.098183e+00
PCG: 0 : 1.152958e-02
PCG: 1 : 1.023505e-02 / 8.877214e-01
PCG: 0 : 1.023505e-02
PCG: 1 : 1.123989e-02 / 1.098176e+00
PCG: 0 : 1.123989e-02
PCG: 1 : 9.977856e-03 / 8.877186e-01
PCG: 0 : 9.977855e-03
PCG: 1 : 1.095725e-02 / 1.098157e+00
PCG: 0 : 1.095725e-02
PCG: 1 : 9.727332e-03 / 8.877529e-01
PCG: 0 : 9.727331e-03
PCG: 1 : 1.068179e-02 / 1.098122e+00
PCG: 0 : 1.068179e-02
PCG: 1 : 9.482938e-03 / 8.877665e-01
PCG: 0 : 9.482937e-03
PCG: 1 : 1.041309e-02 / 1.098087e+00
PCG: 0 : 1.041309e-02
PCG: 1 : 9.244733e-03 / 8.877990e-01
PCG: 0 : 9.244732e-03
PCG: 1 : 1.015119e-02 / 1.098051e+00
PCG: 0 : 1.015119e-02
PCG: 1 : 9.012503e-03 / 8.878276e-01
PCG: 0 : 9.012503e-03
PCG: 1 : 9.895904e-03 / 1.098020e+00
PCG: 0 : 9.895904e-03
PCG: 1 : 8.785860e-03 / 8.878279e-01
PCG: 0 : 8.785860e-03
PCG: 1 : 9.647106e-03 / 1.098026e+00
PCG: 0 : 9.647106e-03
PCG: 1 : 8.565073e-03 / 8.878386e-01
PCG: 0 : 8.565073e-03
PCG: 1 : 9.404418e-03 / 1.097996e+00
PCG: 0 : 9.404418e-03
PCG: 1 : 8.349624e-03 / 8.878405e-01
PCG: 0 : 8.349624e-03
PCG: 1 : 9.167902e-03 / 1.098002e+00
PCG: 0 : 9.167901e-03
PCG: 1 : 8.139593e-03 / 8.878360e-01
PCG: 0 : 8.139593e-03
PCG: 1 : 8.937282e-03 / 1.098001e+00
PCG: 0 : 8.937282e-03
PCG: 1 : 7.934812e-03 / 8.878328e-01
PCG: 0 : 7.934812e-03
PCG: 1 : 8.712425e-03 / 1.098000e+00
PCG: 0 : 8.712424e-03
PCG: 1 : 7.735290e-03 / 8.878459e-01
PCG: 0 : 7.735290e-03
PCG: 1 : 8.493167e-03 / 1.097977e+00
PCG: 0 : 8.493167e-03
PCG: 1 : 7.540600e-03 / 8.878431e-01
PCG: 0 : 7.540599e-03
PCG: 1 : 8.279489e-03 / 1.097988e+00
PCG: 0 : 8.279489e-03
PCG: 1 : 7.350785e-03 / 8.878307e-01
PCG: 0 : 7.350784e-03
PCG: 1 : 8.071095e-03 / 1.097991e+00
PCG: 0 : 8.071095e-03
PCG: 1 : 7.165734e-03 / 8.878268e-01
PCG: 0 : 7.165734e-03
PCG: 1 : 7.867940e-03 / 1.097995e+00
PCG: 0 : 7.867940e-03
PCG: 1 : 6.985328e-03 / 8.878217e-01
PCG: 0 : 6.985327e-03
PCG: 1 : 7.669873e-03 / 1.097998e+00
PCG: 0 : 7.669872e-03
PCG: 1 : 6.809392e-03 / 8.878103e-01
PCG: 0 : 6.809391e-03
PCG: 1 : 7.476708e-03 / 1.098000e+00
PCG: 0 : 7.476708e-03
PCG: 1 : 6.637995e-03 / 8.878231e-01
PCG: 0 : 6.637995e-03
PCG: 1 : 7.288372e-03 / 1.097978e+00
PCG: 0 : 7.288372e-03
PCG: 1 : 6.470800e-03 / 8.878253e-01
PCG: 0 : 6.470799e-03
PCG: 1 : 7.104836e-03 / 1.097984e+00
PCG: 0 : 7.104836e-03
PCG: 1 : 6.307682e-03 / 8.878013e-01
PCG: 0 : 6.307682e-03
PCG: 1 : 6.925815e-03 / 1.097997e+00
PCG: 0 : 6.925816e-03
PCG: 1 : 6.148743e-03 / 8.878006e-01
PCG: 0 : 6.148743e-03
PCG: 1 : 6.751283e-03 / 1.097994e+00
PCG: 0 : 6.751283e-03
PCG: 1 : 5.993909e-03 / 8.878178e-01
PCG: 0 : 5.993909e-03
PCG: 1 : 6.581058e-03 / 1.097958e+00
PCG: 0 : 6.581058e-03
PCG: 1 : 5.842829e-03 / 8.878252e-01
PCG: 0 : 5.842829e-03
PCG: 1 : 6.415185e-03 / 1.097959e+00
PCG: 0 : 6.415185e-03
PCG: 1 : 5.695581e-03 / 8.878281e-01
PCG: 0 : 5.695581e-03
PCG: 1 : 6.253427e-03 / 1.097944e+00
PCG: 0 : 6.253427e-03
PCG: 1 : 5.551987e-03 / 8.878311e-01
PCG: 0 : 5.551985e-03
PCG: 1 : 6.095761e-03 / 1.097942e+00
PCG: 0 : 6.095761e-03
PCG: 1 : 5.412030e-03 / 8.878350e-01
PCG: 0 : 5.412029e-03
PCG: 1 : 5.942004e-03 / 1.097925e+00
PCG: 0 : 5.942003e-03
PCG: 1 : 5.275523e-03 / 8.878358e-01
PCG: 0 : 5.275523e-03
PCG: 1 : 5.792168e-03 / 1.097932e+00
PCG: 0 : 5.792168e-03
PCG: 1 : 5.142482e-03 / 8.878337e-01
PCG: 0 : 5.142482e-03
PCG: 1 : 5.646020e-03 / 1.097917e+00
PCG: 0 : 5.646020e-03
PCG: 1 : 5.012791e-03 / 8.878452e-01
PCG: 0 : 5.012791e-03
PCG: 1 : 5.503624e-03 / 1.097916e+00
PCG: 0 : 5.503624e-03
PCG: 1 : 4.886209e-03 / 8.878166e-01
PCG: 0 : 4.886209e-03
PCG: 1 : 5.364828e-03 / 1.097953e+00
PCG: 0 : 5.364828e-03
PCG: 1 : 4.762859e-03 / 8.877934e-01
PCG: 0 : 4.762858e-03
PCG: 1 : 5.229427e-03 / 1.097960e+00
PCG: 0 : 5.229427e-03
PCG: 1 : 4.642708e-03 / 8.878044e-01
PCG: 0 : 4.642708e-03
PCG: 1 : 5.097332e-03 / 1.097922e+00
PCG: 0 : 5.097332e-03
PCG: 1 : 4.525591e-03 / 8.878352e-01
PCG: 0 : 4.525590e-03
PCG: 1 : 4.968717e-03 / 1.097916e+00
PCG: 0 : 4.968716e-03
PCG: 1 : 4.411287e-03 / 8.878123e-01
PCG: 0 : 4.411287e-03
PCG: 1 : 4.843214e-03 / 1.097914e+00
PCG: 0 : 4.843214e-03
PCG: 1 : 4.300022e-03 / 8.878449e-01
PCG: 0 : 4.300022e-03
PCG: 1 : 4.720932e-03 / 1.097886e+00
PCG: 0 : 4.720931e-03
PCG: 1 : 4.191330e-03 / 8.878185e-01
PCG: 0 : 4.191331e-03
PCG: 1 : 4.601805e-03 / 1.097934e+00
PCG: 0 : 4.601805e-03
PCG: 1 : 4.085452e-03 / 8.877934e-01
PCG: 0 : 4.085452e-03
PCG: 1 : 4.485575e-03 / 1.097939e+00
PCG: 0 : 4.485575e-03
PCG: 1 : 3.982289e-03 / 8.877990e-01
PCG: 0 : 3.982289e-03
PCG: 1 : 4.372271e-03 / 1.097929e+00
PCG: 0 : 4.372271e-03
PCG: 1 : 3.881691e-03 / 8.877974e-01
PCG: 0 : 3.881690e-03
PCG: 1 : 4.261884e-03 / 1.097945e+00
PCG: 0 : 4.261884e-03
PCG: 1 : 3.783621e-03 / 8.877813e-01
PCG: 0 : 3.783621e-03
PCG: 1 : 4.154134e-03 / 1.097926e+00
PCG: 0 : 4.154134e-03
PCG: 1 : 3.688094e-03 / 8.878130e-01
PCG: 0 : 3.688094e-03
PCG: 1 : 4.049120e-03 / 1.097890e+00
PCG: 0 : 4.049120e-03
PCG: 1 : 3.594972e-03 / 8.878403e-01
PCG: 0 : 3.594971e-03
PCG: 1 : 3.946823e-03 / 1.097873e+00
PCG: 0 : 3.946822e-03
PCG: 1 : 3.504069e-03 / 8.878202e-01
PCG: 0 : 3.504068e-03
PCG: 1 : 3.847196e-03 / 1.097923e+00
PCG: 0 : 3.847196e-03
PCG: 1 : 3.415438e-03 / 8.877732e-01
PCG: 0 : 3.415438e-03
PCG: 1 : 3.749967e-03 / 1.097946e+00
PCG: 0 : 3.749967e-03
PCG: 1 : 3.329109e-03 / 8.877702e-01
PCG: 0 : 3.329109e-03
PCG: 1 : 3.655183e-03 / 1.097946e+00
PCG: 0 : 3.655183e-03
PCG: 1 : 3.244951e-03 / 8.877671e-01
PCG: 0 : 3.244951e-03
PCG: 1 : 3.562748e-03 / 1.097936e+00
PCG: 0 : 3.562748e-03
PCG: 1 : 3.162936e-03 / 8.877798e-01
PCG: 0 : 3.162935e-03
PCG: 1 : 3.472688e-03 / 1.097932e+00
PCG: 0 : 3.472687e-03
PCG: 1 : 3.082991e-03 / 8.877823e-01
PCG: 0 : 3.082991e-03
PCG: 1 : 3.384897e-03 / 1.097927e+00
PCG: 0 : 3.384897e-03
PCG: 1 : 3.005031e-03 / 8.877761e-01
PCG: 0 : 3.005031e-03
PCG: 1 : 3.299325e-03 / 1.097934e+00
PCG: 0 : 3.299325e-03
PCG: 1 : 2.929006e-03 / 8.877592e-01
PCG: 0 : 2.929006e-03
PCG: 1 : 3.215933e-03 / 1.097961e+00
PCG: 0 : 3.215933e-03
PCG: 1 : 2.854925e-03 / 8.877438e-01
PCG: 0 : 2.854924e-03
PCG: 1 : 3.134544e-03 / 1.097943e+00
PCG: 0 : 3.134544e-03
PCG: 1 : 2.782794e-03 / 8.877827e-01
PCG: 0 : 2.782793e-03
PCG: 1 : 3.055249e-03 / 1.097907e+00
PCG: 0 : 3.055249e-03
PCG: 1 : 2.712428e-03 / 8.877929e-01
PCG: 0 : 2.712428e-03
PCG: 1 : 2.977982e-03 / 1.097902e+00
PCG: 0 : 2.977981e-03
PCG: 1 : 2.643832e-03 / 8.877934e-01
PCG: 0 : 2.643832e-03
PCG: 1 : 2.902653e-03 / 1.097896e+00
PCG: 0 : 2.902653e-03
PCG: 1 : 2.576977e-03 / 8.878004e-01
PCG: 0 : 2.576976e-03
PCG: 1 : 2.829253e-03 / 1.097896e+00
PCG: 0 : 2.829252e-03
PCG: 1 : 2.511748e-03 / 8.877780e-01
PCG: 0 : 2.511748e-03
PCG: 1 : 2.757672e-03 / 1.097909e+00
PCG: 0 : 2.757671e-03
PCG: 1 : 2.448216e-03 / 8.877837e-01
PCG: 0 : 2.448216e-03
PCG: 1 : 2.687922e-03 / 1.097910e+00
PCG: 0 : 2.687921e-03
PCG: 1 : 2.386268e-03 / 8.877747e-01
PCG: 0 : 2.386268e-03
PCG: 1 : 2.619925e-03 / 1.097917e+00
PCG: 0 : 2.619925e-03
PCG: 1 : 2.325887e-03 / 8.877685e-01
PCG: 0 : 2.325887e-03
PCG: 1 : 2.553606e-03 / 1.097906e+00
PCG: 0 : 2.553605e-03
PCG: 1 : 2.267083e-03 / 8.877971e-01
PCG: 0 : 2.267083e-03
PCG: 1 : 2.488944e-03 / 1.097862e+00
PCG: 0 : 2.488944e-03
PCG: 1 : 2.209745e-03 / 8.878244e-01
PCG: 0 : 2.209745e-03
PCG: 1 : 2.425950e-03 / 1.097842e+00
PCG: 0 : 2.425950e-03
PCG: 1 : 2.153839e-03 / 8.878332e-01
PCG: 0 : 2.153839e-03
PCG: 1 : 2.364611e-03 / 1.097859e+00
PCG: 0 : 2.364611e-03
PCG: 1 : 2.099307e-03 / 8.878023e-01
PCG: 0 : 2.099307e-03
PCG: 1 : 2.304783e-03 / 1.097878e+00
PCG: 0 : 2.304783e-03
PCG: 1 : 2.046166e-03 / 8.877912e-01
PCG: 0 : 2.046166e-03
PCG: 1 : 2.246471e-03 / 1.097893e+00
PCG: 0 : 2.246471e-03
PCG: 1 : 1.994387e-03 / 8.877869e-01
PCG: 0 : 1.994387e-03
PCG: 1 : 2.189579e-03 / 1.097870e+00
PCG: 0 : 2.189579e-03
PCG: 1 : 1.943929e-03 / 8.878096e-01
PCG: 0 : 1.943929e-03
PCG: 1 : 2.134151e-03 / 1.097855e+00
PCG: 0 : 2.134151e-03
PCG: 1 : 1.894740e-03 / 8.878188e-01
PCG: 0 : 1.894740e-03
PCG: 1 : 2.080159e-03 / 1.097860e+00
PCG: 0 : 2.080159e-03
PCG: 1 : 1.846751e-03 / 8.877932e-01
PCG: 0 : 1.846751e-03
PCG: 1 : 2.027509e-03 / 1.097879e+00
PCG: 0 : 2.027509e-03
PCG: 1 : 1.799996e-03 / 8.877872e-01
PCG: 0 : 1.799996e-03
PCG: 1 : 1.976211e-03 / 1.097897e+00
PCG: 0 : 1.976210e-03
PCG: 1 : 1.754438e-03 / 8.877790e-01
PCG: 0 : 1.754438e-03
PCG: 1 : 1.926168e-03 / 1.097883e+00
PCG: 0 : 1.926168e-03
PCG: 1 : 1.710045e-03 / 8.877966e-01
PCG: 0 : 1.710045e-03
PCG: 1 : 1.877408e-03 / 1.097870e+00
PCG: 0 : 1.877408e-03
PCG: 1 : 1.666741e-03 / 8.877888e-01
PCG: 0 : 1.666741e-03
PCG: 1 : 1.829878e-03 / 1.097878e+00
PCG: 0 : 1.829878e-03
PCG: 1 : 1.624550e-03 / 8.877914e-01
PCG: 0 : 1.624550e-03
PCG: 1 : 1.783560e-03 / 1.097879e+00
PCG: 0 : 1.783560e-03
PCG: 1 : 1.583424e-03 / 8.877888e-01
PCG: 0 : 1.583424e-03
PCG: 1 : 1.738422e-03 / 1.097888e+00
PCG: 0 : 1.738422e-03
PCG: 1 : 1.543327e-03 / 8.877750e-01
PCG: 0 : 1.543327e-03
PCG: 1 : 1.694409e-03 / 1.097894e+00
PCG: 0 : 1.694409e-03
PCG: 1 : 1.504253e-03 / 8.877746e-01
PCG: 0 : 1.504253e-03
PCG: 1 : 1.651511e-03 / 1.097894e+00
PCG: 0 : 1.651510e-03
PCG: 1 : 1.466156e-03 / 8.877670e-01
PCG: 0 : 1.466156e-03
PCG: 1 : 1.609704e-03 / 1.097907e+00
PCG: 0 : 1.609704e-03
PCG: 1 : 1.429051e-03 / 8.877729e-01
PCG: 0 : 1.429051e-03
PCG: 1 : 1.568926e-03 / 1.097879e+00
PCG: 0 : 1.568926e-03
PCG: 1 : 1.392871e-03 / 8.877866e-01
PCG: 0 : 1.392871e-03
PCG: 1 : 1.529205e-03 / 1.097880e+00
PCG: 0 : 1.529205e-03
PCG: 1 : 1.357608e-03 / 8.877869e-01
PCG: 0 : 1.357608e-03
PCG: 1 : 1.490476e-03 / 1.097869e+00
PCG: 0 : 1.490476e-03
PCG: 1 : 1.323249e-03 / 8.878030e-01
PCG: 0 : 1.323249e-03
PCG: 1 : 1.452739e-03 / 1.097858e+00
PCG: 0 : 1.452739e-03
PCG: 1 : 1.289721e-03 / 8.877854e-01
PCG: 0 : 1.289721e-03
PCG: 1 : 1.415960e-03 / 1.097881e+00
PCG: 0 : 1.415960e-03
PCG: 1 : 1.257074e-03 / 8.877891e-01
PCG: 0 : 1.257074e-03
PCG: 1 : 1.380100e-03 / 1.097867e+00
PCG: 0 : 1.380100e-03
PCG: 1 : 1.225243e-03 / 8.877932e-01
PCG: 0 : 1.225243e-03
PCG: 1 : 1.345165e-03 / 1.097876e+00
PCG: 0 : 1.345165e-03
PCG: 1 : 1.194202e-03 / 8.877735e-01
PCG: 0 : 1.194202e-03
PCG: 1 : 1.311103e-03 / 1.097890e+00
PCG: 0 : 1.311102e-03
PCG: 1 : 1.163961e-03 / 8.877725e-01
PCG: 0 : 1.163961e-03
PCG: 1 : 1.277884e-03 / 1.097876e+00
PCG: 0 : 1.277884e-03
PCG: 1 : 1.134497e-03 / 8.877938e-01
PCG: 0 : 1.134497e-03
PCG: 1 : 1.245522e-03 / 1.097862e+00
PCG: 0 : 1.245522e-03
PCG: 1 : 1.105794e-03 / 8.878161e-01
PCG: 0 : 1.105794e-03
PCG: 1 : 1.213954e-03 / 1.097812e+00
PCG: 0 : 1.213954e-03
PCG: 1 : 1.077812e-03 / 8.878524e-01
PCG: 0 : 1.077812e-03
PCG: 1 : 1.183198e-03 / 1.097778e+00
PCG: 0 : 1.183198e-03
PCG: 1 : 1.050508e-03 / 8.878543e-01
PCG: 0 : 1.050508e-03
PCG: 1 : 1.153246e-03 / 1.097799e+00
PCG: 0 : 1.153246e-03
PCG: 1 : 1.023895e-03 / 8.878378e-01
PCG: 0 : 1.023895e-03
PCG: 1 : 1.124054e-03 / 1.097822e+00
PCG: 0 : 1.124054e-03
PCG: 1 : 9.979543e-04 / 8.878167e-01
PCG: 0 : 9.979542e-04
PCG: 1 : 1.095583e-03 / 1.097829e+00
PCG: 0 : 1.095583e-03
PCG: 1 : 9.726885e-04 / 8.878276e-01
PCG: 0 : 9.726886e-04
PCG: 1 : 1.067834e-03 / 1.097817e+00
PCG: 0 : 1.067834e-03
PCG: 1 : 9.480632e-04 / 8.878378e-01
PCG: 0 : 9.480632e-04
PCG: 1 : 1.040779e-03 / 1.097795e+00
PCG: 0 : 1.040779e-03
PCG: 1 : 9.240572e-04 / 8.878519e-01
PCG: 0 : 9.240572e-04
PCG: 1 : 1.014433e-03 / 1.097803e+00
PCG: 0 : 1.014433e-03
PCG: 1 : 9.006418e-04 / 8.878278e-01
PCG: 0 : 9.006417e-04
PCG: 1 : 9.887301e-04 / 1.097806e+00
PCG: 0 : 9.887301e-04
PCG: 1 : 8.778470e-04 / 8.878530e-01
PCG: 0 : 8.778470e-04
PCG: 1 : 9.636788e-04 / 1.097775e+00
PCG: 0 : 9.636786e-04
PCG: 1 : 8.556174e-04 / 8.878659e-01
PCG: 0 : 8.556173e-04
PCG: 1 : 9.392701e-04 / 1.097769e+00
PCG: 0 : 9.392701e-04
PCG: 1 : 8.339547e-04 / 8.878753e-01
PCG: 0 : 8.339547e-04
PCG: 1 : 9.154736e-04 / 1.097750e+00
PCG: 0 : 9.154735e-04
PCG: 1 : 8.128336e-04 / 8.878832e-01
PCG: 0 : 8.128335e-04
PCG: 1 : 8.922994e-04 / 1.097764e+00
PCG: 0 : 8.922994e-04
PCG: 1 : 7.922428e-04 / 8.878665e-01
PCG: 0 : 7.922427e-04
PCG: 1 : 8.696956e-04 / 1.097764e+00
PCG: 0 : 8.696955e-04
PCG: 1 : 7.721822e-04 / 8.878766e-01
PCG: 0 : 7.721822e-04
PCG: 1 : 8.476588e-04 / 1.097745e+00
PCG: 0 : 8.476587e-04
PCG: 1 : 7.526168e-04 / 8.878772e-01
PCG: 0 : 7.526167e-04
PCG: 1 : 8.262038e-04 / 1.097775e+00
PCG: 0 : 8.262038e-04
PCG: 1 : 7.335505e-04 / 8.878567e-01
PCG: 0 : 7.335505e-04
PCG: 1 : 8.052800e-04 / 1.097784e+00
PCG: 0 : 8.052799e-04
PCG: 1 : 7.149661e-04 / 8.878479e-01
PCG: 0 : 7.149660e-04
PCG: 1 : 7.848952e-04 / 1.097808e+00
PCG: 0 : 7.848953e-04
PCG: 1 : 6.968534e-04 / 8.878298e-01
PCG: 0 : 6.968533e-04
PCG: 1 : 7.650169e-04 / 1.097816e+00
PCG: 0 : 7.650169e-04
PCG: 1 : 6.791994e-04 / 8.878227e-01
PCG: 0 : 6.791993e-04
PCG: 1 : 7.456559e-04 / 1.097845e+00
PCG: 0 : 7.456559e-04
PCG: 1 : 6.619720e-04 / 8.877715e-01
PCG: 0 : 6.619719e-04
PCG: 1 : 7.267777e-04 / 1.097898e+00
PCG: 0 : 7.267776e-04
PCG: 1 : 6.452016e-04 / 8.877566e-01
PCG: 0 : 6.452016e-04
PCG: 1 : 7.083731e-04 / 1.097910e+00
PCG: 0 : 7.083731e-04
PCG: 1 : 6.288642e-04 / 8.877585e-01
PCG: 0 : 6.288642e-04
PCG: 1 : 6.904334e-04 / 1.097905e+00
PCG: 0 : 6.904334e-04
PCG: 1 : 6.129371e-04 / 8.877571e-01
PCG: 0 : 6.129371e-04
PCG: 1 : 6.729384e-04 / 1.097891e+00
PCG: 0 : 6.729384e-04
PCG: 1 : 5.974127e-04 / 8.877673e-01
PCG: 0 : 5.974127e-04
PCG: 1 : 6.558976e-04 / 1.097897e+00
PCG: 0 : 6.558975e-04
PCG: 1 : 5.822728e-04 / 8.877497e-01
PCG: 0 : 5.822728e-04
PCG: 1 : 6.392873e-04 / 1.097917e+00
PCG: 0 : 6.392873e-04
PCG: 1 : 5.675226e-04 / 8.877426e-01
PCG: 0 : 5.675225e-04
PCG: 1 : 6.230954e-04 / 1.097922e+00
PCG: 0 : 6.230955e-04
PCG: 1 : 5.531491e-04 / 8.877437e-01
PCG: 0 : 5.531490e-04
PCG: 1 : 6.073151e-04 / 1.097923e+00
PCG: 0 : 6.073151e-04
PCG: 1 : 5.391309e-04 / 8.877285e-01
PCG: 0 : 5.391309e-04
PCG: 1 : 5.919340e-04 / 1.097941e+00
PCG: 0 : 5.919338e-04
PCG: 1 : 5.254748e-04 / 8.877257e-01
PCG: 0 : 5.254748e-04
PCG: 1 : 5.769372e-04 / 1.097935e+00
PCG: 0 : 5.769372e-04
PCG: 1 : 5.121675e-04 / 8.877352e-01
PCG: 0 : 5.121674e-04
PCG: 1 : 5.623187e-04 / 1.097920e+00
PCG: 0 : 5.623187e-04
PCG: 1 : 4.991986e-04 / 8.877503e-01
PCG: 0 : 4.991986e-04
PCG: 1 : 5.480724e-04 / 1.097905e+00
PCG: 0 : 5.480725e-04
PCG: 1 : 4.865587e-04 / 8.877636e-01
PCG: 0 : 4.865587e-04
PCG: 1 : 5.341887e-04 / 1.097892e+00
PCG: 0 : 5.341887e-04
PCG: 1 : 4.742299e-04 / 8.877574e-01
PCG: 0 : 4.742299e-04
PCG: 1 : 5.206544e-04 / 1.097894e+00
PCG: 0 : 5.206543e-04
PCG: 1 : 4.622243e-04 / 8.877758e-01
PCG: 0 : 4.622242e-04
PCG: 1 : 5.074607e-04 / 1.097867e+00
PCG: 0 : 5.074607e-04
PCG: 1 : 4.505177e-04 / 8.877882e-01
PCG: 0 : 4.505176e-04
PCG: 1 : 4.946089e-04 / 1.097868e+00
PCG: 0 : 4.946089e-04
PCG: 1 : 4.391067e-04 / 8.877858e-01
PCG: 0 : 4.391067e-04
PCG: 1 : 4.820807e-04 / 1.097867e+00
PCG: 0 : 4.820806e-04
PCG: 1 : 4.279785e-04 / 8.877737e-01
PCG: 0 : 4.279785e-04
PCG: 1 : 4.698801e-04 / 1.097906e+00
PCG: 0 : 4.698801e-04
PCG: 1 : 4.171319e-04 / 8.877410e-01
PCG: 0 : 4.171319e-04
PCG: 1 : 4.579820e-04 / 1.097931e+00
PCG: 0 : 4.579820e-04
PCG: 1 : 4.065632e-04 / 8.877274e-01
PCG: 0 : 4.065631e-04
PCG: 1 : 4.463800e-04 / 1.097935e+00
PCG: 0 : 4.463799e-04
PCG: 1 : 3.962649e-04 / 8.877301e-01
PCG: 0 : 3.962649e-04
PCG: 1 : 4.350786e-04 / 1.097949e+00
PCG: 0 : 4.350785e-04
PCG: 1 : 3.862198e-04 / 8.877012e-01
PCG: 0 : 3.862197e-04
PCG: 1 : 4.240639e-04 / 1.097986e+00
PCG: 0 : 4.240638e-04
PCG: 1 : 3.764341e-04 / 8.876826e-01
PCG: 0 : 3.764340e-04
PCG: 1 : 4.133190e-04 / 1.097985e+00
PCG: 0 : 4.133190e-04
PCG: 1 : 3.668985e-04 / 8.876885e-01
PCG: 0 : 3.668985e-04
PCG: 1 : 4.028470e-04 / 1.097979e+00
PCG: 0 : 4.028469e-04
PCG: 1 : 3.576047e-04 / 8.876938e-01
PCG: 0 : 3.576047e-04
PCG: 1 : 3.926512e-04 / 1.098004e+00
PCG: 0 : 3.926512e-04
PCG: 1 : 3.485373e-04 / 8.876513e-01
PCG: 0 : 3.485373e-04
PCG: 1 : 3.827101e-04 / 1.098046e+00
PCG: 0 : 3.827100e-04
PCG: 1 : 3.397085e-04 / 8.876393e-01
PCG: 0 : 3.397085e-04
PCG: 1 : 3.730157e-04 / 1.098046e+00
PCG: 0 : 3.730156e-04
PCG: 1 : 3.311003e-04 / 8.876312e-01
PCG: 0 : 3.311003e-04
PCG: 1 : 3.635672e-04 / 1.098058e+00
PCG: 0 : 3.635672e-04
PCG: 1 : 3.227120e-04 / 8.876268e-01
PCG: 0 : 3.227120e-04
PCG: 1 : 3.543610e-04 / 1.098072e+00
PCG: 0 : 3.543609e-04
PCG: 1 : 3.145359e-04 / 8.876144e-01
PCG: 0 : 3.145358e-04
PCG: 1 : 3.453906e-04 / 1.098096e+00
PCG: 0 : 3.453906e-04
PCG: 1 : 3.065648e-04 / 8.875888e-01
PCG: 0 : 3.065647e-04
PCG: 1 : 3.366388e-04 / 1.098100e+00
PCG: 0 : 3.366388e-04
PCG: 1 : 2.988013e-04 / 8.876022e-01
PCG: 0 : 2.988013e-04
PCG: 1 : 3.281106e-04 / 1.098089e+00
PCG: 0 : 3.281106e-04
PCG: 1 : 2.912336e-04 / 8.876081e-01
PCG: 0 : 2.912336e-04
PCG: 1 : 3.197984e-04 / 1.098082e+00
PCG: 0 : 3.197983e-04
PCG: 1 : 2.838635e-04 / 8.876330e-01
PCG: 0 : 2.838635e-04
PCG: 1 : 3.116876e-04 / 1.098019e+00
PCG: 0 : 3.116876e-04
PCG: 1 : 2.766764e-04 / 8.876722e-01
PCG: 0 : 2.766764e-04
PCG: 1 : 3.037894e-04 / 1.097996e+00
PCG: 0 : 3.037894e-04
PCG: 1 : 2.696680e-04 / 8.876805e-01
PCG: 0 : 2.696680e-04
PCG: 1 : 2.960954e-04 / 1.098000e+00
PCG: 0 : 2.960954e-04
PCG: 1 : 2.628336e-04 / 8.876655e-01
PCG: 0 : 2.628336e-04
PCG: 1 : 2.885941e-04 / 1.098011e+00
PCG: 0 : 2.885941e-04
PCG: 1 : 2.561741e-04 / 8.876624e-01
PCG: 0 : 2.561741e-04
PCG: 1 : 2.812845e-04 / 1.098021e+00
PCG: 0 : 2.812845e-04
PCG: 1 : 2.496885e-04 / 8.876724e-01
PCG: 0 : 2.496885e-04
PCG: 1 : 2.741597e-04 / 1.098007e+00
PCG: 0 : 2.741597e-04
PCG: 1 : 2.433602e-04 / 8.876588e-01
PCG: 0 : 2.433602e-04
PCG: 1 : 2.672178e-04 / 1.098034e+00
PCG: 0 : 2.672178e-04
PCG: 1 : 2.371950e-04 / 8.876464e-01
PCG: 0 : 2.371949e-04
PCG: 1 : 2.604516e-04 / 1.098049e+00
PCG: 0 : 2.604515e-04
PCG: 1 : 2.311862e-04 / 8.876361e-01
PCG: 0 : 2.311862e-04
PCG: 1 : 2.538534e-04 / 1.098048e+00
PCG: 0 : 2.538534e-04
PCG: 1 : 2.253298e-04 / 8.876375e-01
PCG: 0 : 2.253298e-04
PCG: 1 : 2.474234e-04 / 1.098050e+00
PCG: 0 : 2.474234e-04
PCG: 1 : 2.196213e-04 / 8.876336e-01
PCG: 0 : 2.196213e-04
PCG: 1 : 2.411550e-04 / 1.098049e+00
PCG: 0 : 2.411550e-04
PCG: 1 : 2.140600e-04 / 8.876449e-01
PCG: 0 : 2.140600e-04
PCG: 1 : 2.350444e-04 / 1.098031e+00
PCG: 0 : 2.350444e-04
PCG: 1 : 2.086368e-04 / 8.876484e-01
PCG: 0 : 2.086368e-04
PCG: 1 : 2.290892e-04 / 1.098029e+00
PCG: 0 : 2.290891e-04
PCG: 1 : 2.033532e-04 / 8.876598e-01
PCG: 0 : 2.033532e-04
PCG: 1 : 2.232866e-04 / 1.098023e+00
PCG: 0 : 2.232866e-04
PCG: 1 : 1.982017e-04 / 8.876561e-01
PCG: 0 : 1.982017e-04
PCG: 1 : 2.176328e-04 / 1.098037e+00
PCG: 0 : 2.176328e-04
PCG: 1 : 1.931781e-04 / 8.876332e-01
PCG: 0 : 1.931781e-04
PCG: 1 : 2.121186e-04 / 1.098047e+00
PCG: 0 : 2.121185e-04
PCG: 1 : 1.882880e-04 / 8.876545e-01
PCG: 0 : 1.882879e-04
PCG: 1 : 2.067423e-04 / 1.098012e+00
PCG: 0 : 2.067423e-04
PCG: 1 : 1.835176e-04 / 8.876633e-01
PCG: 0 : 1.835176e-04
PCG: 1 : 2.015053e-04 / 1.098017e+00
PCG: 0 : 2.015053e-04
PCG: 1 : 1.788690e-04 / 8.876637e-01
PCG: 0 : 1.788690e-04
PCG: 1 : 1.964046e-04 / 1.098036e+00
PCG: 0 : 1.964046e-04
PCG: 1 : 1.743351e-04 / 8.876325e-01
PCG: 0 : 1.743351e-04
PCG: 1 : 1.914288e-04 / 1.098051e+00
PCG: 0 : 1.914288e-04
PCG: 1 : 1.699195e-04 / 8.876383e-01
PCG: 0 : 1.699195e-04
PCG: 1 : 1.865798e-04 / 1.098048e+00
PCG: 0 : 1.865798e-04
PCG: 1 : 1.656154e-04 / 8.876382e-01
PCG: 0 : 1.656154e-04
PCG: 1 : 1.818532e-04 / 1.098045e+00
PCG: 0 : 1.818532e-04
PCG: 1 : 1.614209e-04 / 8.876443e-01
PCG: 0 : 1.614209e-04
PCG: 1 : 1.772457e-04 / 1.098034e+00
PCG: 0 : 1.772457e-04
PCG: 1 : 1.573325e-04 / 8.876523e-01
PCG: 0 : 1.573325e-04
PCG: 1 : 1.727565e-04 / 1.098034e+00
PCG: 0 : 1.727565e-04
PCG: 1 : 1.533446e-04 / 8.876346e-01
PCG: 0 : 1.533446e-04
PCG: 1 : 1.683846e-04 / 1.098080e+00
PCG: 0 : 1.683846e-04
PCG: 1 : 1.494583e-04 / 8.876010e-01
PCG: 0 : 1.494583e-04
PCG: 1 : 1.641182e-04 / 1.098087e+00
PCG: 0 : 1.641182e-04
PCG: 1 : 1.456740e-04 / 8.876162e-01
PCG: 0 : 1.456740e-04
PCG: 1 : 1.599595e-04 / 1.098065e+00
PCG: 0 : 1.599595e-04
PCG: 1 : 1.419837e-04 / 8.876228e-01
PCG: 0 : 1.419837e-04
PCG: 1 : 1.559044e-04 / 1.098044e+00
PCG: 0 : 1.559044e-04
PCG: 1 : 1.383893e-04 / 8.876554e-01
PCG: 0 : 1.383893e-04
PCG: 1 : 1.519521e-04 / 1.098004e+00
PCG: 0 : 1.519521e-04
PCG: 1 : 1.348865e-04 / 8.876914e-01
PCG: 0 : 1.348865e-04
PCG: 1 : 1.481023e-04 / 1.097977e+00
PCG: 0 : 1.481023e-04
PCG: 1 : 1.314681e-04 / 8.876842e-01
PCG: 0 : 1.314681e-04
PCG: 1 : 1.443530e-04 / 1.098008e+00
PCG: 0 : 1.443530e-04
PCG: 1 : 1.281370e-04 / 8.876644e-01
PCG: 0 : 1.281370e-04
PCG: 1 : 1.407001e-04 / 1.098044e+00
PCG: 0 : 1.407001e-04
PCG: 1 : 1.248874e-04 / 8.876144e-01
PCG: 0 : 1.248874e-04
PCG: 1 : 1.371361e-04 / 1.098078e+00
PCG: 0 : 1.371361e-04
PCG: 1 : 1.217250e-04 / 8.876218e-01
PCG: 0 : 1.217250e-04
PCG: 1 : 1.336610e-04 / 1.098057e+00
PCG: 0 : 1.336610e-04
PCG: 1 : 1.186429e-04 / 8.876407e-01
PCG: 0 : 1.186429e-04
PCG: 1 : 1.302726e-04 / 1.098022e+00
PCG: 0 : 1.302726e-04
PCG: 1 : 1.156399e-04 / 8.876760e-01
PCG: 0 : 1.156398e-04
PCG: 1 : 1.269725e-04 / 1.098000e+00
PCG: 0 : 1.269725e-04
PCG: 1 : 1.127088e-04 / 8.876634e-01
PCG: 0 : 1.127088e-04
PCG: 1 : 1.237567e-04 / 1.098021e+00
PCG: 0 : 1.237567e-04
PCG: 1 : 1.098542e-04 / 8.876626e-01
PCG: 0 : 1.098542e-04
PCG: 1 : 1.206222e-04 / 1.098021e+00
PCG: 0 : 1.206222e-04
PCG: 1 : 1.070709e-04 / 8.876545e-01
PCG: 0 : 1.070709e-04
PCG: 1 : 1.175667e-04 / 1.098027e+00
PCG: 0 : 1.175667e-04
PCG: 1 : 1.043579e-04 / 8.876486e-01
PCG: 0 : 1.043579e-04
PCG: 1 : 1.145887e-04 / 1.098036e+00
PCG: 0 : 1.145887e-04
PCG: 1 : 1.017139e-04 / 8.876437e-01
PCG: 0 : 1.017139e-04
PCG: 1 : 1.116870e-04 / 1.098050e+00
PCG: 0 : 1.116869e-04
PCG: 1 : 9.913788e-05 / 8.876407e-01
PCG: 0 : 9.913787e-05
PCG: 1 : 1.088576e-04 / 1.098042e+00
PCG: 0 : 1.088576e-04
PCG: 1 : 9.662581e-05 / 8.876353e-01
PCG: 0 : 9.662580e-05
PCG: 1 : 1.061000e-04 / 1.098050e+00
PCG: 0 : 1.061000e-04
PCG: 1 : 9.417731e-05 / 8.876281e-01
PCG: 0 : 9.417731e-05
PCG: 1 : 1.034136e-04 / 1.098074e+00
PCG: 0 : 1.034136e-04
PCG: 1 : 9.179198e-05 / 8.876197e-01
PCG: 0 : 9.179197e-05
PCG: 1 : 1.007945e-04 / 1.098075e+00
PCG: 0 : 1.007945e-04
PCG: 1 : 8.946649e-05 / 8.876129e-01
PCG: 0 : 8.946648e-05
PCG: 1 : 9.824250e-05 / 1.098093e+00
PCG: 0 : 9.824248e-05
PCG: 1 : 8.719850e-05 / 8.875844e-01
PCG: 0 : 8.719849e-05
PCG: 1 : 9.575292e-05 / 1.098103e+00
PCG: 0 : 9.575291e-05
PCG: 1 : 8.499056e-05 / 8.876029e-01
PCG: 0 : 8.499055e-05
PCG: 1 : 9.332669e-05 / 1.098083e+00
PCG: 0 : 9.332669e-05
PCG: 1 : 8.283863e-05 / 8.876199e-01
PCG: 0 : 8.283863e-05
PCG: 1 : 9.096228e-05 / 1.098066e+00
PCG: 0 : 9.096228e-05
PCG: 1 : 8.073994e-05 / 8.876200e-01
PCG: 0 : 8.073993e-05
PCG: 1 : 8.865925e-05 / 1.098084e+00
PCG: 0 : 8.865925e-05
PCG: 1 : 7.869400e-05 / 8.876006e-01
PCG: 0 : 7.869399e-05
PCG: 1 : 8.641435e-05 / 1.098106e+00
PCG: 0 : 8.641435e-05
PCG: 1 : 7.669919e-05 / 8.875747e-01
PCG: 0 : 7.669918e-05
PCG: 1 : 8.422551e-05 / 1.098128e+00
PCG: 0 : 8.422550e-05
PCG: 1 : 7.475704e-05 / 8.875821e-01
PCG: 0 : 7.475704e-05
PCG: 1 : 8.209186e-05 / 1.098115e+00
PCG: 0 : 8.209186e-05
PCG: 1 : 7.286219e-05 / 8.875690e-01
PCG: 0 : 7.286219e-05
PCG: 1 : 8.001343e-05 / 1.098148e+00
PCG: 0 : 8.001344e-05
PCG: 1 : 7.101586e-05 / 8.875492e-01
PCG: 0 : 7.101586e-05
PCG: 1 : 7.798681e-05 / 1.098161e+00
PCG: 0 : 7.798681e-05
PCG: 1 : 6.921626e-05 / 8.875380e-01
PCG: 0 : 6.921625e-05
PCG: 1 : 7.601103e-05 / 1.098167e+00
PCG: 0 : 7.601102e-05
PCG: 1 : 6.746445e-05 / 8.875615e-01
PCG: 0 : 6.746445e-05
PCG: 1 : 7.408454e-05 / 1.098127e+00
PCG: 0 : 7.408454e-05
PCG: 1 : 6.575514e-05 / 8.875690e-01
PCG: 0 : 6.575514e-05
PCG: 1 : 7.220866e-05 / 1.098145e+00
PCG: 0 : 7.220866e-05
PCG: 1 : 6.408925e-05 / 8.875564e-01
PCG: 0 : 6.408925e-05
PCG: 1 : 7.038081e-05 / 1.098169e+00
PCG: 0 : 7.038081e-05
PCG: 1 : 6.246490e-05 / 8.875273e-01
PCG: 0 : 6.246490e-05
PCG: 1 : 6.859800e-05 / 1.098185e+00
PCG: 0 : 6.859799e-05
PCG: 1 : 6.088205e-05 / 8.875194e-01
PCG: 0 : 6.088205e-05
PCG: 1 : 6.686099e-05 / 1.098205e+00
PCG: 0 : 6.686099e-05
PCG: 1 : 5.933980e-05 / 8.875099e-01
PCG: 0 : 5.933979e-05
PCG: 1 : 6.516691e-05 / 1.098199e+00
PCG: 0 : 6.516690e-05
PCG: 1 : 5.783688e-05 / 8.875192e-01
PCG: 0 : 5.783688e-05
PCG: 1 : 6.351624e-05 / 1.098196e+00
PCG: 0 : 6.351624e-05
PCG: 1 : 5.637132e-05 / 8.875103e-01
PCG: 0 : 5.637132e-05
PCG: 1 : 6.190769e-05 / 1.098213e+00
PCG: 0 : 6.190768e-05
PCG: 1 : 5.494331e-05 / 8.875039e-01
PCG: 0 : 5.494331e-05
PCG: 1 : 6.033935e-05 / 1.098211e+00
PCG: 0 : 6.033935e-05
PCG: 1 : 5.355123e-05 / 8.875011e-01
PCG: 0 : 5.355123e-05
PCG: 1 : 5.881106e-05 / 1.098220e+00
PCG: 0 : 5.881106e-05
PCG: 1 : 5.219417e-05 / 8.874890e-01
PCG: 0 : 5.219417e-05
PCG: 1 : 5.732207e-05 / 1.098247e+00
PCG: 0 : 5.732206e-05
PCG: 1 : 5.087174e-05 / 8.874722e-01
PCG: 0 : 5.087174e-05
PCG: 1 : 5.587083e-05 / 1.098269e+00
PCG: 0 : 5.587083e-05
PCG: 1 : 4.958277e-05 / 8.874537e-01
PCG: 0 : 4.958277e-05
PCG: 1 : 5.445574e-05 / 1.098280e+00
PCG: 0 : 5.445574e-05
PCG: 1 : 4.832649e-05 / 8.874453e-01
PCG: 0 : 4.832648e-05
PCG: 1 : 5.307573e-05 / 1.098274e+00
PCG: 0 : 5.307572e-05
PCG: 1 : 4.710292e-05 / 8.874664e-01
PCG: 0 : 4.710292e-05
PCG: 1 : 5.173064e-05 / 1.098247e+00
PCG: 0 : 5.173064e-05
PCG: 1 : 4.590925e-05 / 8.874671e-01
PCG: 0 : 4.590925e-05
PCG: 1 : 5.042088e-05 / 1.098273e+00
PCG: 0 : 5.042087e-05
PCG: 1 : 4.474573e-05 / 8.874447e-01
PCG: 0 : 4.474573e-05
PCG: 1 : 4.914431e-05 / 1.098302e+00
PCG: 0 : 4.914431e-05
PCG: 1 : 4.361248e-05 / 8.874372e-01
PCG: 0 : 4.361248e-05
PCG: 1 : 4.789973e-05 / 1.098303e+00
PCG: 0 : 4.789973e-05
PCG: 1 : 4.250704e-05 / 8.874172e-01
PCG: 0 : 4.250704e-05
PCG: 1 : 4.668663e-05 / 1.098327e+00
PCG: 0 : 4.668663e-05
PCG: 1 : 4.143021e-05 / 8.874106e-01
PCG: 0 : 4.143021e-05
PCG: 1 : 4.550389e-05 / 1.098326e+00
PCG: 0 : 4.550388e-05
PCG: 1 : 4.038068e-05 / 8.874117e-01
PCG: 0 : 4.038068e-05
PCG: 1 : 4.435115e-05 / 1.098326e+00
PCG: 0 : 4.435115e-05
PCG: 1 : 3.935759e-05 / 8.874086e-01
PCG: 0 : 3.935758e-05
PCG: 1 : 4.322792e-05 / 1.098338e+00
PCG: 0 : 4.322792e-05
PCG: 1 : 3.836076e-05 / 8.874070e-01
PCG: 0 : 3.836076e-05
PCG: 1 : 4.213296e-05 / 1.098335e+00
PCG: 0 : 4.213295e-05
PCG: 1 : 3.738896e-05 / 8.874041e-01
PCG: 0 : 3.738895e-05
PCG: 1 : 4.106573e-05 / 1.098339e+00
PCG: 0 : 4.106573e-05
PCG: 1 : 3.644176e-05 / 8.874007e-01
PCG: 0 : 3.644176e-05
PCG: 1 : 4.002552e-05 / 1.098342e+00
PCG: 0 : 4.002552e-05
PCG: 1 : 3.551908e-05 / 8.874110e-01
PCG: 0 : 3.551908e-05
PCG: 1 : 3.901097e-05 / 1.098310e+00
PCG: 0 : 3.901097e-05
PCG: 1 : 3.461974e-05 / 8.874362e-01
PCG: 0 : 3.461974e-05
PCG: 1 : 3.802259e-05 / 1.098292e+00
PCG: 0 : 3.802259e-05
PCG: 1 : 3.374264e-05 / 8.874367e-01
PCG: 0 : 3.374264e-05
PCG: 1 : 3.705951e-05 / 1.098299e+00
PCG: 0 : 3.705951e-05
PCG: 1 : 3.288751e-05 / 8.874243e-01
PCG: 0 : 3.288751e-05
PCG: 1 : 3.612095e-05 / 1.098318e+00
PCG: 0 : 3.612095e-05
PCG: 1 : 3.205454e-05 / 8.874225e-01
PCG: 0 : 3.205454e-05
PCG: 1 : 3.520608e-05 / 1.098318e+00
PCG: 0 : 3.520608e-05
PCG: 1 : 3.124238e-05 / 8.874145e-01
PCG: 0 : 3.124238e-05
PCG: 1 : 3.431437e-05 / 1.098328e+00
PCG: 0 : 3.431437e-05
PCG: 1 : 3.045104e-05 / 8.874138e-01
PCG: 0 : 3.045104e-05
PCG: 1 : 3.344453e-05 / 1.098305e+00
PCG: 0 : 3.344453e-05
PCG: 1 : 2.967981e-05 / 8.874339e-01
PCG: 0 : 2.967981e-05
PCG: 1 : 3.259806e-05 / 1.098325e+00
PCG: 0 : 3.259806e-05
PCG: 1 : 2.892726e-05 / 8.873919e-01
PCG: 0 : 2.892725e-05
PCG: 1 : 3.177221e-05 / 1.098349e+00
PCG: 0 : 3.177221e-05
PCG: 1 : 2.819454e-05 / 8.873962e-01
PCG: 0 : 2.819453e-05
PCG: 1 : 3.096780e-05 / 1.098362e+00
PCG: 0 : 3.096780e-05
PCG: 1 : 2.748029e-05 / 8.873827e-01
PCG: 0 : 2.748029e-05
PCG: 1 : 3.018320e-05 / 1.098358e+00
PCG: 0 : 3.018319e-05
PCG: 1 : 2.678479e-05 / 8.874076e-01
PCG: 0 : 2.678479e-05
PCG: 1 : 2.941808e-05 / 1.098313e+00
PCG: 0 : 2.941808e-05
PCG: 1 : 2.610643e-05 / 8.874278e-01
PCG: 0 : 2.610643e-05
PCG: 1 : 2.867284e-05 / 1.098306e+00
PCG: 0 : 2.867284e-05
PCG: 1 : 2.544494e-05 / 8.874230e-01
PCG: 0 : 2.544494e-05
PCG: 1 : 2.794691e-05 / 1.098329e+00
PCG: 0 : 2.794691e-05
PCG: 1 : 2.480040e-05 / 8.874111e-01
PCG: 0 : 2.480039e-05
PCG: 1 : 2.723856e-05 / 1.098312e+00
PCG: 0 : 2.723856e-05
PCG: 1 : 2.417235e-05 / 8.874314e-01
PCG: 0 : 2.417234e-05
PCG: 1 : 2.654849e-05 / 1.098300e+00
PCG: 0 : 2.654848e-05
PCG: 1 : 2.356003e-05 / 8.874343e-01
PCG: 0 : 2.356003e-05
PCG: 1 : 2.587586e-05 / 1.098295e+00
PCG: 0 : 2.587586e-05
PCG: 1 : 2.296335e-05 / 8.874431e-01
PCG: 0 : 2.296335e-05
PCG: 1 : 2.522067e-05 / 1.098301e+00
PCG: 0 : 2.522067e-05
PCG: 1 : 2.238143e-05 / 8.874241e-01
PCG: 0 : 2.238143e-05
PCG: 1 : 2.458166e-05 / 1.098306e+00
PCG: 0 : 2.458165e-05
PCG: 1 : 2.181445e-05 / 8.874280e-01
PCG: 0 : 2.181444e-05
PCG: 1 : 2.395922e-05 / 1.098319e+00
PCG: 0 : 2.395922e-05
PCG: 1 : 2.126158e-05 / 8.874068e-01
PCG: 0 : 2.126157e-05
PCG: 1 : 2.335238e-05 / 1.098338e+00
PCG: 0 : 2.335238e-05
PCG: 1 : 2.072317e-05 / 8.874113e-01
PCG: 0 : 2.072317e-05
PCG: 1 : 2.276114e-05 / 1.098343e+00
PCG: 0 : 2.276114e-05
PCG: 1 : 2.019765e-05 / 8.873745e-01
PCG: 0 : 2.019765e-05
PCG: 1 : 2.218475e-05 / 1.098383e+00
PCG: 0 : 2.218474e-05
PCG: 1 : 1.968596e-05 / 8.873649e-01
PCG: 0 : 1.968596e-05
PCG: 1 : 2.162231e-05 / 1.098362e+00
PCG: 0 : 2.162231e-05
PCG: 1 : 1.918764e-05 / 8.874003e-01
PCG: 0 : 1.918764e-05
PCG: 1 : 2.107497e-05 / 1.098362e+00
PCG: 0 : 2.107497e-05
PCG: 1 : 1.870143e-05 / 8.873765e-01
PCG: 0 : 1.870143e-05
PCG: 1 : 2.054113e-05 / 1.098372e+00
PCG: 0 : 2.054113e-05
PCG: 1 : 1.822746e-05 / 8.873638e-01
PCG: 0 : 1.822745e-05
PCG: 1 : 2.002109e-05 / 1.098403e+00
PCG: 0 : 2.002109e-05
PCG: 1 : 1.776554e-05 / 8.873414e-01
PCG: 0 : 1.776554e-05
PCG: 1 : 1.951402e-05 / 1.098420e+00
PCG: 0 : 1.951402e-05
PCG: 1 : 1.731563e-05 / 8.873429e-01
PCG: 0 : 1.731563e-05
PCG: 1 : 1.901958e-05 / 1.098406e+00
PCG: 0 : 1.901958e-05
PCG: 1 : 1.687685e-05 / 8.873408e-01
PCG: 0 : 1.687685e-05
PCG: 1 : 1.853804e-05 / 1.098430e+00
PCG: 0 : 1.853804e-05
PCG: 1 : 1.644919e-05 / 8.873209e-01
PCG: 0 : 1.644919e-05
PCG: 1 : 1.806857e-05 / 1.098447e+00
PCG: 0 : 1.806857e-05
PCG: 1 : 1.603235e-05 / 8.873060e-01
PCG: 0 : 1.603235e-05
PCG: 1 : 1.761094e-05 / 1.098463e+00
PCG: 0 : 1.761094e-05
PCG: 1 : 1.562642e-05 / 8.873135e-01
PCG: 0 : 1.562642e-05
PCG: 1 : 1.716490e-05 / 1.098454e+00
PCG: 0 : 1.716490e-05
PCG: 1 : 1.523035e-05 / 8.872963e-01
PCG: 0 : 1.523035e-05
PCG: 1 : 1.673018e-05 / 1.098477e+00
PCG: 0 : 1.673018e-05
PCG: 1 : 1.484446e-05 / 8.872861e-01
PCG: 0 : 1.484445e-05
PCG: 1 : 1.630631e-05 / 1.098478e+00
PCG: 0 : 1.630631e-05
PCG: 1 : 1.446849e-05 / 8.872938e-01
PCG: 0 : 1.446849e-05
PCG: 1 : 1.589321e-05 / 1.098471e+00
PCG: 0 : 1.589321e-05
PCG: 1 : 1.410199e-05 / 8.872966e-01
PCG: 0 : 1.410199e-05
PCG: 1 : 1.549064e-05 / 1.098472e+00
PCG: 0 : 1.549064e-05
PCG: 1 : 1.374467e-05 / 8.872887e-01
PCG: 0 : 1.374467e-05
PCG: 1 : 1.509836e-05 / 1.098489e+00
PCG: 0 : 1.509836e-05
PCG: 1 : 1.339638e-05 / 8.872738e-01
PCG: 0 : 1.339638e-05
PCG: 1 : 1.471600e-05 / 1.098505e+00
PCG: 0 : 1.471600e-05
PCG: 1 : 1.305703e-05 / 8.872676e-01
PCG: 0 : 1.305703e-05
PCG: 1 : 1.434301e-05 / 1.098490e+00
PCG: 0 : 1.434301e-05
PCG: 1 : 1.272644e-05 / 8.872924e-01
PCG: 0 : 1.272644e-05
PCG: 1 : 1.397981e-05 / 1.098485e+00
PCG: 0 : 1.397981e-05
PCG: 1 : 1.240387e-05 / 8.872701e-01
PCG: 0 : 1.240387e-05
PCG: 1 : 1.362564e-05 / 1.098499e+00
PCG: 0 : 1.362563e-05
PCG: 1 : 1.208972e-05 / 8.872774e-01
PCG: 0 : 1.208972e-05
PCG: 1 : 1.328060e-05 / 1.098504e+00
PCG: 0 : 1.328060e-05
PCG: 1 : 1.178343e-05 / 8.872658e-01
PCG: 0 : 1.178343e-05
PCG: 1 : 1.294417e-05 / 1.098507e+00
PCG: 0 : 1.294417e-05
PCG: 1 : 1.148481e-05 / 8.872573e-01
PCG: 0 : 1.148481e-05
PCG: 1 : 1.261652e-05 / 1.098540e+00
PCG: 0 : 1.261652e-05
PCG: 1 : 1.119381e-05 / 8.872340e-01
PCG: 0 : 1.119381e-05
PCG: 1 : 1.229695e-05 / 1.098550e+00
PCG: 0 : 1.229695e-05
PCG: 1 : 1.091027e-05 / 8.872337e-01
PCG: 0 : 1.091027e-05
PCG: 1 : 1.198553e-05 / 1.098554e+00
PCG: 0 : 1.198552e-05
PCG: 1 : 1.063385e-05 / 8.872245e-01
PCG: 0 : 1.063385e-05
PCG: 1 : 1.168191e-05 / 1.098559e+00
PCG: 0 : 1.168191e-05
PCG: 1 : 1.036441e-05 / 8.872187e-01
PCG: 0 : 1.036441e-05
PCG: 1 : 1.138595e-05 / 1.098562e+00
PCG: 0 : 1.138595e-05
PCG: 1 : 1.010183e-05 / 8.872190e-01
PCG: 0 : 1.010183e-05
PCG: 1 : 1.109766e-05 / 1.098580e+00
PCG: 0 : 1.109766e-05
PCG: 1 : 9.845873e-06 / 8.872026e-01
PCG: 0 : 9.845870e-06
PCG: 1 : 1.081658e-05 / 1.098590e+00
PCG: 0 : 1.081658e-05
PCG: 1 : 9.596443e-06 / 8.871977e-01
PCG: 0 : 9.596442e-06
PCG: 1 : 1.054276e-05 / 1.098611e+00
PCG: 0 : 1.054276e-05
PCG: 1 : 9.353144e-06 / 8.871629e-01
PCG: 0 : 9.353144e-06
PCG: 1 : 1.027570e-05 / 1.098636e+00
PCG: 0 : 1.027570e-05
PCG: 1 : 9.116141e-06 / 8.871554e-01
PCG: 0 : 9.116141e-06
PCG: 1 : 1.001560e-05 / 1.098666e+00
PCG: 0 : 1.001560e-05
PCG: 1 : 8.885135e-06 / 8.871298e-01
PCG: 0 : 8.885135e-06
PCG: 1 : 9.761958e-06 / 1.098684e+00
PCG: 0 : 9.761958e-06
PCG: 1 : 8.659905e-06 / 8.871074e-01
PCG: 0 : 8.659905e-06
PCG: 1 : 9.514839e-06 / 1.098723e+00
PCG: 0 : 9.514838e-06
PCG: 1 : 8.440403e-06 / 8.870779e-01
PCG: 0 : 8.440403e-06
PCG: 1 : 9.273934e-06 / 1.098755e+00
PCG: 0 : 9.273933e-06
PCG: 1 : 8.226507e-06 / 8.870570e-01
PCG: 0 : 8.226506e-06
PCG: 1 : 9.039034e-06 / 1.098770e+00
PCG: 0 : 9.039033e-06
PCG: 1 : 8.018046e-06 / 8.870469e-01
PCG: 0 : 8.018047e-06
PCG: 1 : 8.810268e-06 / 1.098805e+00
PCG: 0 : 8.810268e-06
PCG: 1 : 7.814823e-06 / 8.870131e-01
PCG: 0 : 7.814822e-06
PCG: 1 : 8.587051e-06 / 1.098816e+00
PCG: 0 : 8.587051e-06
PCG: 1 : 7.616874e-06 / 8.870186e-01
PCG: 0 : 7.616874e-06
PCG: 1 : 8.369586e-06 / 1.098822e+00
PCG: 0 : 8.369586e-06
PCG: 1 : 7.423905e-06 / 8.870098e-01
PCG: 0 : 7.423905e-06
PCG: 1 : 8.157560e-06 / 1.098823e+00
PCG: 0 : 8.157558e-06
PCG: 1 : 7.235909e-06 / 8.870190e-01
PCG: 0 : 7.235908e-06
PCG: 1 : 7.950889e-06 / 1.098810e+00
PCG: 0 : 7.950889e-06
PCG: 1 : 7.052588e-06 / 8.870188e-01
PCG: 0 : 7.052587e-06
PCG: 1 : 7.749457e-06 / 1.098811e+00
PCG: 0 : 7.749457e-06
PCG: 1 : 6.873999e-06 / 8.870298e-01
PCG: 0 : 6.873999e-06
PCG: 1 : 7.553151e-06 / 1.098800e+00
PCG: 0 : 7.553150e-06
PCG: 1 : 6.699762e-06 / 8.870156e-01
PCG: 0 : 6.699761e-06
PCG: 1 : 7.361761e-06 / 1.098809e+00
PCG: 0 : 7.361761e-06
PCG: 1 : 6.530040e-06 / 8.870215e-01
PCG: 0 : 6.530040e-06
PCG: 1 : 7.175442e-06 / 1.098836e+00
PCG: 0 : 7.175442e-06
PCG: 1 : 6.364492e-06 / 8.869826e-01
PCG: 0 : 6.364492e-06
PCG: 1 : 6.993625e-06 / 1.098850e+00
PCG: 0 : 6.993624e-06
PCG: 1 : 6.203358e-06 / 8.870019e-01
PCG: 0 : 6.203357e-06
PCG: 1 : 6.816472e-06 / 1.098836e+00
PCG: 0 : 6.816471e-06
PCG: 1 : 6.046245e-06 / 8.870051e-01
PCG: 0 : 6.046244e-06
PCG: 1 : 6.643790e-06 / 1.098829e+00
PCG: 0 : 6.643789e-06
PCG: 1 : 5.893083e-06 / 8.870063e-01
PCG: 0 : 5.893082e-06
PCG: 1 : 6.475542e-06 / 1.098838e+00
PCG: 0 : 6.475542e-06
PCG: 1 : 5.743734e-06 / 8.869888e-01
PCG: 0 : 5.743733e-06
PCG: 1 : 6.311536e-06 / 1.098856e+00
PCG: 0 : 6.311535e-06
PCG: 1 : 5.598184e-06 / 8.869766e-01
PCG: 0 : 5.598184e-06
PCG: 1 : 6.151733e-06 / 1.098880e+00
PCG: 0 : 6.151733e-06
PCG: 1 : 5.456335e-06 / 8.869591e-01
PCG: 0 : 5.456335e-06
PCG: 1 : 5.995900e-06 / 1.098888e+00
PCG: 0 : 5.995899e-06
PCG: 1 : 5.318017e-06 / 8.869423e-01
PCG: 0 : 5.318017e-06
PCG: 1 : 5.844188e-06 / 1.098941e+00
PCG: 0 : 5.844188e-06
PCG: 1 : 5.183237e-06 / 8.869045e-01
PCG: 0 : 5.183236e-06
PCG: 1 : 5.696233e-06 / 1.098972e+00
PCG: 0 : 5.696233e-06
PCG: 1 : 5.051866e-06 / 8.868785e-01
PCG: 0 : 5.051866e-06
PCG: 1 : 5.552074e-06 / 1.099015e+00
PCG: 0 : 5.552074e-06
PCG: 1 : 4.923726e-06 / 8.868265e-01
PCG: 0 : 4.923726e-06
PCG: 1 : 5.411503e-06 / 1.099067e+00
PCG: 0 : 5.411502e-06
PCG: 1 : 4.798882e-06 / 8.867930e-01
PCG: 0 : 4.798882e-06
PCG: 1 : 5.274599e-06 / 1.099131e+00
PCG: 0 : 5.274599e-06
PCG: 1 : 4.677261e-06 / 8.867519e-01
PCG: 0 : 4.677260e-06
PCG: 1 : 5.141000e-06 / 1.099148e+00
PCG: 0 : 5.141000e-06
PCG: 1 : 4.558777e-06 / 8.867491e-01
PCG: 0 : 4.558776e-06
PCG: 1 : 5.010722e-06 / 1.099138e+00
PCG: 0 : 5.010721e-06
PCG: 1 : 4.443283e-06 / 8.867552e-01
PCG: 0 : 4.443283e-06
PCG: 1 : 4.883812e-06 / 1.099145e+00
PCG: 0 : 4.883811e-06
PCG: 1 : 4.330685e-06 / 8.867428e-01
PCG: 0 : 4.330685e-06
PCG: 1 : 4.760172e-06 / 1.099173e+00
PCG: 0 : 4.760172e-06
PCG: 1 : 4.220916e-06 / 8.867151e-01
PCG: 0 : 4.220916e-06
PCG: 1 : 4.639657e-06 / 1.099206e+00
PCG: 0 : 4.639657e-06
PCG: 1 : 4.113917e-06 / 8.866856e-01
PCG: 0 : 4.113916e-06
PCG: 1 : 4.522099e-06 / 1.099220e+00

PCG ( VCycle ( S: Scale / C: Scale )  )

Complete solver TOE: 20.0055
0.0632456 GFlop/s [0.0632456 GFlops/s]

Total time: 20.0055s
Accumulated op time: 18.8916

Reductions: 2.16192%
Blas-1: 5.91215%
Blas-2: 86.3583%
Precon Kernels: 0%
MPI Execution: 0%
MPI Wait: 0%
Not covered: 5.56764%

Domain size: 6.70679 MByte
LA size: 22.1625 MByte
MPI size: 0.671448 MByte

H0-Error: 1.418796e-05
H1-Error: 8.068872e-03

Writing DATA to output.data...
Run-Time: 0:20.588 [0:20.588]
0xb337b9f8 Error: MemoryPool<CPU> still contains memory chunks on deconstructor call
