NUM-PROCS: 1
Preparing domain...
LVL-MIN: 4 [4]
LVL-MAX: 10 [10]
Creating gates...
Assembling system matrices...
Assembling system filters...
Assembling transfer matrices...
Converting assembled linear system from SparseMatrixCSR, Mem:main to SparseMatrixELL, Mem:cudaand to SparseMatrixELL, Mem:cuda...
PCG: 0 : 9.473711e-03
PCG: 1 : 1.921966e-02 / 2.028736e+00
PCG: 2 : 2.717672e-02 / 2.868645e+00
PCG: 3 : 6.675999e-02 / 7.046867e+00
PCG: 4 : 8.080535e-02 / 8.529429e+00
PCG: 5 : 4.831672e-02 / 5.100083e+00
PCG: 0 : 4.831641e-02
PCG: 1 : 3.091851e-02 / 6.399173e-01
PCG: 2 : 6.267617e-03 / 1.297203e-01
PCG: 3 : 2.357360e-03 / 4.879004e-02
PCG: 4 : 2.176323e-03 / 4.504314e-02
PCG: 5 : 2.702484e-03 / 5.593304e-02
PCG: 0 : 2.702484e-03
PCG: 1 : 1.290920e-03 / 4.776791e-01
PCG: 2 : 8.944449e-04 / 3.309714e-01
PCG: 3 : 8.790696e-04 / 3.252820e-01
PCG: 4 : 7.408921e-04 / 2.741522e-01
PCG: 5 : 5.974732e-04 / 2.210830e-01
PCG: 0 : 5.974734e-04
PCG: 1 : 4.293355e-04 / 7.185851e-01
PCG: 2 : 2.194537e-04 / 3.673029e-01
PCG: 3 : 1.071127e-04 / 1.792762e-01
PCG: 4 : 7.737102e-05 / 1.294970e-01
PCG: 5 : 9.260354e-05 / 1.549919e-01
PCG: 0 : 9.260354e-05
PCG: 1 : 7.089016e-05 / 7.655233e-01
PCG: 2 : 8.338949e-05 / 9.005000e-01
PCG: 3 : 5.154151e-05 / 5.565825e-01
PCG: 4 : 3.024367e-05 / 3.265930e-01
PCG: 5 : 2.815898e-05 / 3.040810e-01
PCG: 0 : 2.815899e-05
PCG: 1 : 2.381902e-05 / 8.458763e-01
PCG: 2 : 1.835831e-05 / 6.519520e-01
PCG: 3 : 9.660024e-06 / 3.430530e-01
PCG: 4 : 4.719650e-06 / 1.676072e-01
PCG: 5 : 5.485020e-06 / 1.947875e-01
PCG: 0 : 5.485018e-06
PCG: 1 : 4.510298e-06 / 8.222941e-01
PCG: 2 : 6.195281e-06 / 1.129491e+00
PCG: 3 : 3.970644e-06 / 7.239072e-01
PCG: 4 : 2.076448e-06 / 3.785672e-01
PCG: 5 : 1.793117e-06 / 3.269117e-01
PCG: 0 : 1.793117e-06
PCG: 1 : 1.543130e-06 / 8.605853e-01
PCG: 2 : 1.320204e-06 / 7.362623e-01
PCG: 3 : 7.477385e-07 / 4.170049e-01
PCG: 4 : 3.522917e-07 / 1.964689e-01
PCG: 5 : 3.962279e-07 / 2.209716e-01
PCG: 0 : 3.962280e-07
PCG: 1 : 3.239704e-07 / 8.176363e-01
PCG: 2 : 4.529419e-07 / 1.143134e+00
PCG: 3 : 2.912564e-07 / 7.350728e-01
PCG: 4 : 1.544543e-07 / 3.898118e-01
PCG: 5 : 1.344886e-07 / 3.394223e-01
PCG: 0 : 1.344886e-07
PCG: 1 : 1.135266e-07 / 8.441353e-01
PCG: 2 : 9.663834e-08 / 7.185614e-01
PCG: 3 : 5.532589e-08 / 4.113797e-01
PCG: 4 : 2.678572e-08 / 1.991672e-01
PCG: 5 : 3.094545e-08 / 2.300971e-01
PCG: 0 : 3.094545e-08
PCG: 1 : 2.475205e-08 / 7.998610e-01
PCG: 2 : 3.364747e-08 / 1.087316e+00
PCG: 3 : 2.106120e-08 / 6.805911e-01
PCG: 4 : 1.166834e-08 / 3.770616e-01
PCG: 5 : 1.075696e-08 / 3.476104e-01

PCG ( VCycle ( S: Scale / C: Scale )  )

Complete solver TOE: 10.0539
0.00941874 GFlop/s [0.00941874 GFlops/s]

Total time: 10.0539s
Accumulated op time: 5.18047

Reductions: 49.3153%
Blas-1: 1.18828%
Blas-2: 1.02324%
Precon Kernels: 0%
MPI Execution: 0%
MPI Wait: 0%
Not covered: 48.4732%

Domain size: 106.94 MByte
LA size: 356.502 MByte
MPI size: 10.6971 MByte

H0-Error: 4.334328e-07
H1-Error: 2.017209e-03

Writing DATA to output.data...
Run-Time: 0:21.621 [0:21.621]
0xb33019f8 Error: MemoryPool<CUDA> still contains memory chunks on deconstructor call
