NUM-PROCS: 1
Preparing domain...
LVL-MIN: 6 [6]
LVL-MAX: 10 [10]
Creating gates...
Assembling system matrices...
Assembling system filters...
Assembling transfer matrices...
Converting assembled linear system from SparseMatrixCSR, Mem:main to SparseMatrixCSR, Mem:mainand to SparseMatrixCSR, Mem:main...
PCG: 0 : 9.473041e-03
PCG: 1 : 8.274180e-02 / 8.734449e+00
PCG: 2 : 8.462326e-02 / 8.933063e+00
PCG: 3 : 1.925868e-01 / 2.032999e+01
PCG: 4 : 2.334201e-01 / 2.464046e+01
PCG: 5 : 1.559720e-01 / 1.646483e+01
PCG: 6 : 1.645904e-01 / 1.737461e+01
PCG: 7 : 1.530333e-01 / 1.615461e+01
PCG: 8 : 1.761573e-01 / 1.859564e+01
PCG: 0 : 1.761469e-01
PCG: 1 : 1.636223e-01 / 9.288969e-01
PCG: 2 : 1.049370e-01 / 5.957358e-01
PCG: 3 : 7.278717e-02 / 4.132186e-01
PCG: 4 : 8.371572e-02 / 4.752609e-01
PCG: 5 : 1.044912e-01 / 5.932052e-01
PCG: 6 : 1.303233e-01 / 7.398556e-01
PCG: 7 : 1.236783e-01 / 7.021315e-01
PCG: 8 : 9.176955e-02 / 5.209830e-01
PCG: 0 : 9.176954e-02
PCG: 1 : 5.719648e-02 / 6.232621e-01
PCG: 2 : 5.592043e-02 / 6.093572e-01
PCG: 3 : 3.715190e-02 / 4.048391e-01
PCG: 4 : 2.020316e-02 / 2.201511e-01
PCG: 5 : 2.004106e-02 / 2.183846e-01
PCG: 6 : 3.030581e-02 / 3.302382e-01
PCG: 7 : 4.071234e-02 / 4.436368e-01
PCG: 8 : 4.393754e-02 / 4.787813e-01
PCG: 0 : 4.393754e-02
PCG: 1 : 3.426532e-02 / 7.798644e-01
PCG: 2 : 2.431249e-02 / 5.533420e-01
PCG: 3 : 1.626797e-02 / 3.702522e-01
PCG: 4 : 1.644543e-02 / 3.742910e-01
PCG: 5 : 2.646113e-02 / 6.022441e-01
PCG: 6 : 3.832093e-02 / 8.721684e-01
PCG: 7 : 3.571780e-02 / 8.129221e-01
PCG: 8 : 4.680764e-02 / 1.065322e+00
PCG: 0 : 4.680765e-02
PCG: 1 : 2.973787e-02 / 6.353207e-01
PCG: 2 : 2.848903e-02 / 6.086406e-01
PCG: 3 : 1.933368e-02 / 4.130452e-01
PCG: 4 : 9.714371e-03 / 2.075381e-01
PCG: 5 : 1.191894e-02 / 2.546366e-01
PCG: 6 : 1.782200e-02 / 3.807497e-01
PCG: 7 : 2.185951e-02 / 4.670072e-01
PCG: 8 : 2.471647e-02 / 5.280434e-01
PCG: 0 : 2.471647e-02
PCG: 1 : 2.079332e-02 / 8.412739e-01
PCG: 2 : 1.581701e-02 / 6.399381e-01
PCG: 3 : 1.085000e-02 / 4.389784e-01
PCG: 4 : 9.066560e-03 / 3.668227e-01
PCG: 5 : 1.618377e-02 / 6.547770e-01
PCG: 6 : 2.249467e-02 / 9.101086e-01
PCG: 7 : 2.143031e-02 / 8.670460e-01
PCG: 8 : 2.947257e-02 / 1.192427e+00
PCG: 0 : 2.947257e-02
PCG: 1 : 1.907010e-02 / 6.470457e-01
PCG: 2 : 1.839944e-02 / 6.242903e-01
PCG: 3 : 1.343019e-02 / 4.556845e-01
PCG: 4 : 6.601789e-03 / 2.239977e-01
PCG: 5 : 8.288241e-03 / 2.812188e-01
PCG: 6 : 1.136011e-02 / 3.854468e-01
PCG: 7 : 1.364844e-02 / 4.630894e-01
PCG: 8 : 1.543088e-02 / 5.235675e-01
PCG: 0 : 1.543089e-02
PCG: 1 : 1.328629e-02 / 8.610191e-01
PCG: 2 : 1.038847e-02 / 6.732256e-01
PCG: 3 : 7.691874e-03 / 4.984726e-01
PCG: 4 : 6.113367e-03 / 3.961773e-01
PCG: 5 : 1.101647e-02 / 7.139234e-01
PCG: 6 : 1.428146e-02 / 9.255117e-01
PCG: 7 : 1.352882e-02 / 8.767366e-01
PCG: 8 : 1.901743e-02 / 1.232426e+00
PCG: 0 : 1.901743e-02
PCG: 1 : 1.233411e-02 / 6.485688e-01
PCG: 2 : 1.195831e-02 / 6.288081e-01
PCG: 3 : 9.242873e-03 / 4.860212e-01
PCG: 4 : 4.720928e-03 / 2.482422e-01
PCG: 5 : 5.796610e-03 / 3.048052e-01
PCG: 6 : 7.426361e-03 / 3.905029e-01
PCG: 7 : 8.765504e-03 / 4.609195e-01
PCG: 8 : 9.885303e-03 / 5.198023e-01
PCG: 0 : 9.885306e-03
PCG: 1 : 8.579064e-03 / 8.678602e-01
PCG: 2 : 6.831494e-03 / 6.910756e-01
PCG: 3 : 5.439121e-03 / 5.502228e-01
PCG: 4 : 4.369781e-03 / 4.420481e-01
PCG: 5 : 7.526604e-03 / 7.613931e-01
PCG: 6 : 9.230736e-03 / 9.337835e-01
PCG: 7 : 8.635500e-03 / 8.735693e-01
PCG: 8 : 1.227335e-02 / 1.241575e+00
PCG: 0 : 1.227335e-02
PCG: 1 : 7.933453e-03 / 6.463968e-01
PCG: 2 : 7.775208e-03 / 6.335035e-01
PCG: 3 : 6.360750e-03 / 5.182572e-01
PCG: 4 : 3.442285e-03 / 2.804683e-01
PCG: 5 : 4.054897e-03 / 3.303824e-01
PCG: 6 : 4.875577e-03 / 3.972492e-01
PCG: 7 : 5.662755e-03 / 4.613864e-01
PCG: 8 : 6.397686e-03 / 5.212666e-01
PCG: 0 : 6.397685e-03
PCG: 1 : 5.549415e-03 / 8.674099e-01
PCG: 2 : 4.485932e-03 / 7.011806e-01
PCG: 3 : 3.816911e-03 / 5.966082e-01
PCG: 4 : 3.123697e-03 / 4.882543e-01
PCG: 5 : 5.133434e-03 / 8.023893e-01
PCG: 6 : 5.997544e-03 / 9.374554e-01
PCG: 7 : 5.533047e-03 / 8.648514e-01
PCG: 8 : 7.949625e-03 / 1.242579e+00
PCG: 0 : 7.949625e-03
PCG: 1 : 5.105894e-03 / 6.422811e-01
PCG: 2 : 5.060902e-03 / 6.366215e-01
PCG: 3 : 4.340563e-03 / 5.460086e-01
PCG: 4 : 2.434695e-03 / 3.062654e-01
PCG: 5 : 2.807637e-03 / 3.531786e-01
PCG: 6 : 3.199303e-03 / 4.024470e-01
PCG: 7 : 3.673801e-03 / 4.621350e-01
PCG: 8 : 4.178633e-03 / 5.256389e-01
PCG: 0 : 4.178633e-03
PCG: 1 : 3.602925e-03 / 8.622255e-01
PCG: 2 : 2.941894e-03 / 7.040326e-01
PCG: 3 : 2.637491e-03 / 6.311850e-01
PCG: 4 : 2.162458e-03 / 5.175036e-01
PCG: 5 : 3.473362e-03 / 8.312196e-01
PCG: 6 : 3.906650e-03 / 9.349109e-01
PCG: 7 : 3.566267e-03 / 8.534530e-01
PCG: 8 : 5.179265e-03 / 1.239464e+00
PCG: 0 : 5.179264e-03
PCG: 1 : 3.302348e-03 / 6.376094e-01
PCG: 2 : 3.300789e-03 / 6.373085e-01
PCG: 3 : 2.929300e-03 / 5.655822e-01
PCG: 4 : 1.663123e-03 / 3.211119e-01
PCG: 5 : 1.921450e-03 / 3.709890e-01
PCG: 6 : 2.097907e-03 / 4.050589e-01
PCG: 7 : 2.393925e-03 / 4.622134e-01
PCG: 8 : 2.744708e-03 / 5.299416e-01
PCG: 0 : 2.744708e-03
PCG: 1 : 2.347812e-03 / 8.553959e-01
PCG: 2 : 1.929176e-03 / 7.028708e-01
PCG: 3 : 1.798470e-03 / 6.552500e-01
PCG: 4 : 1.457149e-03 / 5.308940e-01
PCG: 5 : 2.332273e-03 / 8.497344e-01
PCG: 6 : 2.547626e-03 / 9.281955e-01
PCG: 7 : 2.311570e-03 / 8.421915e-01
PCG: 8 : 3.388210e-03 / 1.234452e+00
PCG: 0 : 3.388209e-03
PCG: 1 : 2.145284e-03 / 6.331616e-01
PCG: 2 : 2.156413e-03 / 6.364464e-01
PCG: 3 : 1.961127e-03 / 5.788094e-01
PCG: 4 : 1.111930e-03 / 3.281765e-01
PCG: 5 : 1.304151e-03 / 3.849086e-01
PCG: 6 : 1.375009e-03 / 4.058219e-01
PCG: 7 : 1.565148e-03 / 4.619398e-01
PCG: 8 : 1.807171e-03 / 5.333707e-01
PCG: 0 : 1.807172e-03
PCG: 1 : 1.533745e-03 / 8.486993e-01
PCG: 2 : 1.265540e-03 / 7.002876e-01
PCG: 3 : 1.215255e-03 / 6.724627e-01
PCG: 4 : 9.664671e-04 / 5.347955e-01
PCG: 5 : 1.557880e-03 / 8.620546e-01
PCG: 6 : 1.661764e-03 / 9.195385e-01
PCG: 7 : 1.504450e-03 / 8.324889e-01
PCG: 8 : 2.221287e-03 / 1.229151e+00
PCG: 0 : 2.221287e-03
PCG: 1 : 1.398042e-03 / 6.293840e-01
PCG: 2 : 1.410384e-03 / 6.349400e-01
PCG: 3 : 1.306174e-03 / 5.880258e-01
PCG: 4 : 7.351674e-04 / 3.309646e-01
PCG: 5 : 8.799597e-04 / 3.961487e-01
PCG: 6 : 9.006527e-04 / 4.054644e-01
PCG: 7 : 1.025440e-03 / 4.616424e-01
PCG: 8 : 1.190305e-03 / 5.358627e-01
PCG: 0 : 1.190305e-03
PCG: 1 : 1.003375e-03 / 8.429563e-01
PCG: 2 : 8.304121e-04 / 6.976468e-01
PCG: 3 : 8.158659e-04 / 6.854262e-01
PCG: 4 : 6.358453e-04 / 5.341871e-01
PCG: 5 : 1.036993e-03 / 8.711995e-01
PCG: 6 : 1.083952e-03 / 9.106509e-01
PCG: 7 : 9.818661e-04 / 8.248865e-01
PCG: 8 : 1.457371e-03 / 1.224368e+00
PCG: 0 : 1.457371e-03
PCG: 1 : 9.129445e-04 / 6.264323e-01
PCG: 2 : 9.230339e-04 / 6.333553e-01
PCG: 3 : 8.669026e-04 / 5.948399e-01
PCG: 4 : 4.835013e-04 / 3.317626e-01
PCG: 5 : 5.910063e-04 / 4.055290e-01
PCG: 6 : 5.896678e-04 / 4.046105e-01
PCG: 7 : 6.727198e-04 / 4.615981e-01
PCG: 8 : 7.833795e-04 / 5.375291e-01
PCG: 0 : 7.833795e-04
PCG: 1 : 6.569738e-04 / 8.386406e-01
PCG: 2 : 5.448858e-04 / 6.955580e-01
PCG: 3 : 5.450321e-04 / 6.957448e-01
PCG: 4 : 4.166929e-04 / 5.319171e-01
PCG: 5 : 6.883859e-04 / 8.787388e-01
PCG: 6 : 7.070989e-04 / 9.026263e-01
PCG: 7 : 6.419607e-04 / 8.194759e-01
PCG: 8 : 9.559306e-04 / 1.220265e+00
PCG: 0 : 9.559307e-04
PCG: 1 : 5.969986e-04 / 6.245208e-01
PCG: 2 : 6.042342e-04 / 6.320900e-01
PCG: 3 : 5.739270e-04 / 6.003856e-01
PCG: 4 : 3.172620e-04 / 3.318881e-01
PCG: 5 : 3.952965e-04 / 4.135200e-01
PCG: 6 : 3.859402e-04 / 4.037324e-01
PCG: 7 : 4.416016e-04 / 4.619599e-01
PCG: 8 : 5.150411e-04 / 5.387850e-01
PCG: 0 : 5.150412e-04
PCG: 1 : 4.304458e-04 / 8.357501e-01
PCG: 2 : 3.575071e-04 / 6.941330e-01
PCG: 3 : 3.627226e-04 / 7.042593e-01
PCG: 4 : 2.727308e-04 / 5.295320e-01
PCG: 5 : 4.559928e-04 / 8.853520e-01
PCG: 6 : 4.613975e-04 / 8.958457e-01
PCG: 7 : 4.202772e-04 / 8.160068e-01
PCG: 8 : 6.267999e-04 / 1.216990e+00
PCG: 0 : 6.268002e-04
PCG: 1 : 3.908152e-04 / 6.235083e-01
PCG: 2 : 3.955648e-04 / 6.310859e-01
PCG: 3 : 3.792325e-04 / 6.050293e-01
PCG: 4 : 2.080285e-04 / 3.318897e-01
PCG: 5 : 2.634698e-04 / 4.203409e-01
PCG: 6 : 2.525853e-04 / 4.029758e-01
PCG: 7 : 2.899758e-04 / 4.626287e-01
PCG: 8 : 3.381663e-04 / 5.395120e-01
PCG: 0 : 3.381663e-04
PCG: 1 : 2.821451e-04 / 8.343383e-01
PCG: 2 : 2.344934e-04 / 6.934263e-01
PCG: 3 : 2.406654e-04 / 7.116776e-01
PCG: 4 : 1.784620e-04 / 5.277343e-01
PCG: 5 : 3.014989e-04 / 8.915699e-01
PCG: 6 : 3.011602e-04 / 8.905684e-01
PCG: 7 : 2.753733e-04 / 8.143134e-01
PCG: 8 : 4.107492e-04 / 1.214637e+00
PCG: 0 : 4.107492e-04
PCG: 1 : 2.560420e-04 / 6.233537e-01
PCG: 2 : 2.589409e-04 / 6.304111e-01
PCG: 3 : 2.502321e-04 / 6.092089e-01
PCG: 4 : 1.363972e-04 / 3.320694e-01
PCG: 5 : 1.750692e-04 / 4.262191e-01
PCG: 6 : 1.653118e-04 / 4.024641e-01
PCG: 7 : 1.904244e-04 / 4.636025e-01
PCG: 8 : 2.218047e-04 / 5.400003e-01
PCG: 0 : 2.218047e-04
PCG: 1 : 1.850072e-04 / 8.340995e-01
PCG: 2 : 1.537578e-04 / 6.932126e-01
PCG: 3 : 1.593153e-04 / 7.182685e-01
PCG: 4 : 1.168215e-04 / 5.266864e-01
PCG: 5 : 1.990620e-04 / 8.974655e-01
PCG: 6 : 1.966618e-04 / 8.866441e-01
PCG: 7 : 1.805320e-04 / 8.139234e-01
PCG: 8 : 2.690507e-04 / 1.213007e+00
PCG: 0 : 2.690506e-04
PCG: 1 : 1.678435e-04 / 6.238362e-01
PCG: 2 : 1.694875e-04 / 6.299468e-01
PCG: 3 : 1.649266e-04 / 6.129949e-01
PCG: 4 : 8.944911e-05 / 3.324621e-01
PCG: 5 : 1.160459e-04 / 4.313165e-01
PCG: 6 : 1.082098e-04 / 4.021912e-01
PCG: 7 : 1.250490e-04 / 4.647789e-01
PCG: 8 : 1.453634e-04 / 5.402830e-01
PCG: 0 : 1.453634e-04
PCG: 1 : 1.213464e-04 / 8.347796e-01
PCG: 2 : 1.007978e-04 / 6.934195e-01
PCG: 3 : 1.052819e-04 / 7.242668e-01
PCG: 4 : 7.651192e-05 / 5.263492e-01
PCG: 5 : 1.312770e-04 / 9.030951e-01
PCG: 6 : 1.284699e-04 / 8.837844e-01
PCG: 7 : 1.184045e-04 / 8.145412e-01
PCG: 8 : 1.761857e-04 / 1.212036e+00
PCG: 0 : 1.761857e-04
PCG: 1 : 1.100796e-04 / 6.247933e-01
PCG: 2 : 1.109191e-04 / 6.295581e-01
PCG: 3 : 1.086132e-04 / 6.164702e-01
PCG: 4 : 5.868076e-05 / 3.330620e-01
PCG: 5 : 7.677254e-05 / 4.357479e-01
PCG: 6 : 7.084172e-05 / 4.020856e-01
PCG: 7 : 8.210303e-05 / 4.660028e-01
PCG: 8 : 9.520046e-05 / 5.403416e-01
PCG: 0 : 9.520050e-05
PCG: 1 : 7.960381e-05 / 8.361701e-01
PCG: 2 : 6.606480e-05 / 6.939543e-01
PCG: 3 : 6.948846e-05 / 7.299169e-01
PCG: 4 : 5.014598e-05 / 5.267408e-01
PCG: 5 : 8.650446e-05 / 9.086556e-01
PCG: 6 : 8.395391e-05 / 8.818642e-01
PCG: 7 : 7.768242e-05 / 8.159875e-01
PCG: 8 : 1.153548e-04 / 1.211704e+00
PCG: 0 : 1.153548e-04
PCG: 1 : 7.222527e-05 / 6.261142e-01
PCG: 2 : 7.259042e-05 / 6.292796e-01
PCG: 3 : 7.149105e-05 / 6.197493e-01
PCG: 4 : 3.851375e-05 / 3.338721e-01
PCG: 5 : 5.071957e-05 / 4.396833e-01
PCG: 6 : 4.638508e-05 / 4.021080e-01
PCG: 7 : 5.390380e-05 / 4.672871e-01
PCG: 8 : 6.233202e-05 / 5.403506e-01
PCG: 0 : 6.233200e-05
PCG: 1 : 5.223008e-05 / 8.379335e-01
PCG: 2 : 4.328943e-05 / 6.944976e-01
PCG: 3 : 4.581883e-05 / 7.350771e-01
PCG: 4 : 3.289040e-05 / 5.276647e-01
PCG: 5 : 5.697238e-05 / 9.140149e-01
PCG: 6 : 5.487966e-05 / 8.804412e-01
PCG: 7 : 5.097995e-05 / 8.178776e-01
PCG: 8 : 7.553373e-05 / 1.211797e+00
PCG: 0 : 7.553374e-05
PCG: 1 : 4.740692e-05 / 6.276258e-01
PCG: 2 : 4.750620e-05 / 6.289401e-01
PCG: 3 : 4.703927e-05 / 6.227584e-01
PCG: 4 : 2.529288e-05 / 3.348553e-01
PCG: 5 : 3.347464e-05 / 4.431747e-01
PCG: 6 : 3.037317e-05 / 4.021140e-01
PCG: 7 : 3.538375e-05 / 4.684497e-01
PCG: 8 : 4.080226e-05 / 5.401859e-01
PCG: 0 : 4.080226e-05
PCG: 1 : 3.427405e-05 / 8.400037e-01
PCG: 2 : 2.835942e-05 / 6.950454e-01
PCG: 3 : 3.019187e-05 / 7.399559e-01
PCG: 4 : 2.159121e-05 / 5.291671e-01
PCG: 5 : 3.750992e-05 / 9.193098e-01
PCG: 6 : 3.588163e-05 / 8.794029e-01
PCG: 7 : 3.346169e-05 / 8.200942e-01
PCG: 8 : 4.946346e-05 / 1.212273e+00
PCG: 0 : 4.946346e-05
PCG: 1 : 3.112630e-05 / 6.292787e-01
PCG: 2 : 3.108917e-05 / 6.285280e-01
PCG: 3 : 3.094169e-05 / 6.255465e-01
PCG: 4 : 1.662343e-05 / 3.360750e-01
PCG: 5 : 2.208128e-05 / 4.464161e-01
PCG: 6 : 1.989067e-05 / 4.021287e-01
PCG: 7 : 2.322789e-05 / 4.695970e-01
PCG: 8 : 2.671410e-05 / 5.400774e-01
PCG: 0 : 2.671410e-05
PCG: 1 : 2.249760e-05 / 8.421620e-01
PCG: 2 : 1.857672e-05 / 6.953902e-01
PCG: 3 : 1.988678e-05 / 7.444303e-01
PCG: 4 : 1.418959e-05 / 5.311648e-01
PCG: 5 : 2.469424e-05 / 9.243899e-01
PCG: 6 : 2.346354e-05 / 8.783205e-01
PCG: 7 : 2.197117e-05 / 8.224559e-01
PCG: 8 : 3.240664e-05 / 1.213091e+00
PCG: 0 : 3.240663e-05
PCG: 1 : 2.044785e-05 / 6.309774e-01
PCG: 2 : 2.034407e-05 / 6.277748e-01
PCG: 3 : 2.034918e-05 / 6.279326e-01
PCG: 4 : 1.093812e-05 / 3.375272e-01
PCG: 5 : 1.456340e-05 / 4.493958e-01
PCG: 6 : 1.302692e-05 / 4.019831e-01
PCG: 7 : 1.524591e-05 / 4.704566e-01
PCG: 8 : 1.749267e-05 / 5.397866e-01
PCG: 0 : 1.749267e-05
PCG: 1 : 1.476972e-05 / 8.443375e-01
PCG: 2 : 1.216704e-05 / 6.955506e-01
PCG: 3 : 1.309632e-05 / 7.486750e-01
PCG: 4 : 9.339605e-06 / 5.339154e-01
PCG: 5 : 1.626050e-05 / 9.295608e-01
PCG: 6 : 1.534531e-05 / 8.772423e-01
PCG: 7 : 1.443163e-05 / 8.250105e-01
PCG: 8 : 2.124795e-05 / 1.214677e+00
PCG: 0 : 2.124794e-05
PCG: 1 : 1.344206e-05 / 6.326288e-01
PCG: 2 : 1.331332e-05 / 6.265699e-01
PCG: 3 : 1.338381e-05 / 6.298876e-01
PCG: 4 : 7.211177e-06 / 3.393824e-01
PCG: 5 : 9.607759e-06 / 4.521737e-01
PCG: 6 : 8.531564e-06 / 4.015243e-01
PCG: 7 : 1.000575e-05 / 4.709045e-01
PCG: 8 : 1.146008e-05 / 5.393500e-01
PCG: 0 : 1.146008e-05
PCG: 1 : 9.699358e-06 / 8.463601e-01
PCG: 2 : 7.967490e-06 / 6.952384e-01
PCG: 3 : 8.624755e-06 / 7.525908e-01
PCG: 4 : 6.162191e-06 / 5.377091e-01
PCG: 5 : 1.071340e-05 / 9.348448e-01
PCG: 6 : 1.003520e-05 / 8.756657e-01
PCG: 7 : 9.484327e-06 / 8.275966e-01
PCG: 8 : 1.394716e-05 / 1.217021e+00
PCG: 0 : 1.394716e-05
PCG: 1 : 8.845298e-06 / 6.342005e-01
PCG: 2 : 8.711655e-06 / 6.246184e-01
PCG: 3 : 8.803494e-06 / 6.312032e-01
PCG: 4 : 4.767425e-06 / 3.418204e-01
PCG: 5 : 6.343460e-06 / 4.548208e-01
PCG: 6 : 5.587421e-06 / 4.006135e-01
PCG: 7 : 6.565913e-06 / 4.707705e-01
PCG: 8 : 7.513657e-06 / 5.387229e-01
PCG: 0 : 7.513655e-06
PCG: 1 : 6.372116e-06 / 8.480715e-01
PCG: 2 : 5.216000e-06 / 6.942028e-01
PCG: 3 : 5.681489e-06 / 7.561553e-01
PCG: 4 : 4.079737e-06 / 5.429764e-01
PCG: 5 : 7.064890e-06 / 9.402735e-01
PCG: 6 : 6.561963e-06 / 8.733385e-01
PCG: 7 : 6.237578e-06 / 8.301657e-01
PCG: 8 : 9.171063e-06 / 1.220586e+00
PCG: 0 : 9.171061e-06
PCG: 1 : 5.829083e-06 / 6.355952e-01
PCG: 2 : 5.700183e-06 / 6.215402e-01
PCG: 3 : 5.792771e-06 / 6.316358e-01
PCG: 4 : 3.165067e-06 / 3.451146e-01
PCG: 5 : 4.194533e-06 / 4.573661e-01
PCG: 6 : 3.658678e-06 / 3.989373e-01
PCG: 7 : 4.308334e-06 / 4.697748e-01
PCG: 8 : 4.931826e-06 / 5.377595e-01
PCG: 0 : 4.931825e-06
PCG: 1 : 4.189186e-06 / 8.494192e-01
PCG: 2 : 3.413277e-06 / 6.920921e-01
PCG: 3 : 3.745218e-06 / 7.593980e-01
PCG: 4 : 2.714706e-06 / 5.504467e-01
PCG: 5 : 4.665803e-06 / 9.460602e-01
PCG: 6 : 4.289443e-06 / 8.697477e-01
PCG: 7 : 4.106881e-06 / 8.327305e-01
PCG: 8 : 6.046018e-06 / 1.225919e+00
PCG: 0 : 6.046016e-06
PCG: 1 : 3.849509e-06 / 6.367017e-01
PCG: 2 : 3.728884e-06 / 6.167505e-01
PCG: 3 : 3.813796e-06 / 6.307949e-01
PCG: 4 : 2.113845e-06 / 3.496261e-01
PCG: 5 : 2.779728e-06 / 4.597619e-01
PCG: 6 : 2.395064e-06 / 3.961392e-01
PCG: 7 : 2.826582e-06 / 4.675115e-01
PCG: 8 : 3.242226e-06 / 5.362582e-01
PCG: 0 : 3.242227e-06
PCG: 1 : 2.756466e-06 / 8.501768e-01
PCG: 2 : 2.232286e-06 / 6.885040e-01
PCG: 3 : 2.471500e-06 / 7.622848e-01
PCG: 4 : 1.818831e-06 / 5.609820e-01
PCG: 5 : 3.087774e-06 / 9.523623e-01
PCG: 6 : 2.802454e-06 / 8.643609e-01
PCG: 7 : 2.708635e-06 / 8.354244e-01
PCG: 8 : 3.999780e-06 / 1.233652e+00
PCG: 0 : 3.999779e-06
PCG: 1 : 2.549730e-06 / 6.374677e-01
PCG: 2 : 2.438445e-06 / 6.096448e-01
PCG: 3 : 2.513684e-06 / 6.284557e-01
PCG: 4 : 1.423130e-06 / 3.558021e-01
PCG: 5 : 1.847612e-06 / 4.619285e-01
PCG: 6 : 1.566974e-06 / 3.917652e-01
PCG: 7 : 1.854490e-06 / 4.636481e-01
PCG: 8 : 2.136598e-06 / 5.341790e-01
PCG: 0 : 2.136598e-06
PCG: 1 : 1.815986e-06 / 8.499426e-01
PCG: 2 : 1.458712e-06 / 6.827266e-01
PCG: 3 : 1.633688e-06 / 7.646214e-01
PCG: 4 : 1.229423e-06 / 5.754114e-01
PCG: 5 : 2.048924e-06 / 9.589655e-01
PCG: 6 : 1.829483e-06 / 8.562596e-01
PCG: 7 : 1.790679e-06 / 8.380983e-01
PCG: 8 : 2.658277e-06 / 1.244163e+00
PCG: 0 : 2.658276e-06
PCG: 1 : 1.694938e-06 / 6.376079e-01
PCG: 2 : 1.593549e-06 / 5.994672e-01
PCG: 3 : 1.659227e-06 / 6.241741e-01
PCG: 4 : 9.672563e-07 / 3.638659e-01
PCG: 5 : 1.232215e-06 / 4.635393e-01
PCG: 6 : 1.024136e-06 / 3.852633e-01
PCG: 7 : 1.217009e-06 / 4.578187e-01
PCG: 8 : 1.411846e-06 / 5.311133e-01
PCG: 0 : 1.411846e-06
PCG: 1 : 1.198174e-06 / 8.486578e-01
PCG: 2 : 9.522666e-07 / 6.744835e-01
PCG: 3 : 1.082492e-06 / 7.667214e-01
PCG: 4 : 8.392710e-07 / 5.944495e-01
PCG: 5 : 1.363484e-06 / 9.657454e-01
PCG: 6 : 1.192967e-06 / 8.449695e-01
PCG: 7 : 1.187698e-06 / 8.412380e-01
PCG: 8 : 1.775740e-06 / 1.257743e+00

PCG ( VCycle ( S: Scale / C: Scale )  )

Complete solver TOE: 165.183
0.0229004 GFlop/s [0.0229004 GFlops/s]

Total time: 165.183s
Accumulated op time: 161.066

Reductions: 1.62914%
Blas-1: 5.1896%
Blas-2: 90.689%
Precon Kernels: 0%
MPI Execution: 0%
MPI Wait: 0%
Not covered: 2.49224%

Domain size: 106.835 MByte
LA size: 355.578 MByte
MPI size: 10.6866 MByte

H0-Error: 2.098293e-06
H1-Error: 2.017227e-03

Writing DATA to output.data...
Run-Time: 2:55.063 [2:55.063]
0xb33d19f8 Error: MemoryPool<CPU> still contains memory chunks on deconstructor call
