NUM-PROCS: 1
Preparing domain...
LVL-MIN: 4 [4]
LVL-MAX: 10 [10]
Creating gates...
Assembling system matrices...
Assembling system filters...
Assembling transfer matrices...
Converting assembled linear system from SparseMatrixCSR, Mem:main to SparseMatrixELL, Mem:cudaand to SparseMatrixELL, Mem:cuda...
PCG:  0 : 9.473711e-03
PCG:  1 : 1.921966e-02 / 2.028736e+00
PCG:  2 : 2.717672e-02 / 2.868645e+00
PCG:  3 : 6.675999e-02 / 7.046867e+00
PCG:  4 : 8.080535e-02 / 8.529429e+00
PCG:  5 : 4.831672e-02 / 5.100083e+00
PCG:  6 : 2.380592e-02 / 2.512840e+00
PCG:  7 : 3.978516e-03 / 4.199532e-01
PCG:  8 : 1.063537e-03 / 1.122619e-01
PCG:  9 : 9.354266e-04 / 9.873919e-02
PCG: 10 : 3.652442e-04 / 3.855344e-02
PCG: 11 : 4.136345e-05 / 4.366129e-03
PCG: 12 : 1.758292e-05 / 1.855970e-03
PCG: 13 : 5.405468e-06 / 5.705755e-04
PCG: 14 : 1.034472e-06 / 1.091939e-04
PCG: 15 : 2.277931e-07 / 2.404476e-05
PCG: 16 : 7.810578e-08 / 8.244475e-06
PCG: 17 : 1.441728e-07 / 1.521819e-05
PCG: 18 : 5.760631e-08 / 6.080648e-06
PCG: 19 : 1.449770e-07 / 1.530308e-05
PCG: 20 : 9.702721e-08 / 1.024173e-05
PCG:  0 : 2.243396e-04
PCG:  1 : 3.130970e-04 / 1.395638e+00
PCG:  2 : 6.742071e-04 / 3.005296e+00
PCG:  3 : 1.364264e-04 / 6.081243e-01
PCG:  4 : 1.483456e-04 / 6.612546e-01
PCG:  5 : 4.976838e-05 / 2.218439e-01
PCG:  6 : 5.147205e-05 / 2.294381e-01
PCG:  7 : 1.822732e-05 / 8.124879e-02
PCG:  8 : 7.762528e-06 / 3.460168e-02
PCG:  9 : 2.481948e-06 / 1.106335e-02
PCG: 10 : 1.496494e-06 / 6.670662e-03
PCG: 11 : 6.558322e-07 / 2.923390e-03
PCG: 12 : 4.414929e-07 / 1.967967e-03
PCG: 13 : 3.034929e-07 / 1.352828e-03
PCG: 14 : 3.094408e-07 / 1.379341e-03
PCG: 15 : 1.414411e-07 / 6.304775e-04
PCG: 16 : 3.014220e-08 / 1.343597e-04
PCG: 17 : 1.454562e-08 / 6.483748e-05
PCG: 18 : 1.274105e-08 / 5.679357e-05
PCG: 19 : 5.557668e-09 / 2.477346e-05
PCG: 20 : 2.801366e-09 / 1.248716e-05
PCG:  0 : 9.538033e-08
PCG:  1 : 2.664155e-07 / 2.793191e+00
PCG:  2 : 2.150438e-07 / 2.254593e+00
PCG:  3 : 5.715494e-08 / 5.992319e-01
PCG:  4 : 5.823231e-08 / 6.105274e-01
PCG:  5 : 2.159147e-08 / 2.263724e-01
PCG:  6 : 1.486232e-08 / 1.558217e-01
PCG:  7 : 7.590170e-09 / 7.957795e-02
PCG:  8 : 3.320298e-09 / 3.481114e-02
PCG:  9 : 1.459061e-09 / 1.529729e-02
PCG: 10 : 6.963599e-10 / 7.300876e-03
PCG: 11 : 4.389517e-10 / 4.602120e-03
PCG: 12 : 3.934275e-10 / 4.124828e-03
PCG: 13 : 3.189422e-10 / 3.343899e-03
PCG: 14 : 1.106222e-10 / 1.159801e-03
PCG: 15 : 5.187212e-11 / 5.438451e-04
PCG: 16 : 2.699270e-11 / 2.830007e-04
PCG: 17 : 2.712178e-11 / 2.843540e-04
PCG: 18 : 1.188270e-11 / 1.245823e-04
PCG: 19 : 4.467771e-12 / 4.684164e-05
PCG: 20 : 1.851475e-12 / 1.941150e-05
PCG:  0 : 4.623145e-11
PCG:  1 : 7.013912e-11 / 1.517130e+00
PCG:  2 : 6.358295e-11 / 1.375318e+00
PCG:  3 : 4.947912e-11 / 1.070248e+00
PCG:  4 : 2.798378e-11 / 6.052974e-01
PCG:  5 : 2.083010e-11 / 4.505612e-01
PCG:  6 : 1.389374e-11 / 3.005257e-01
PCG:  7 : 5.915473e-12 / 1.279534e-01
PCG:  8 : 1.974080e-12 / 4.269993e-02
PCG:  9 : 8.630093e-13 / 1.866715e-02
PCG: 10 : 5.935642e-13 / 1.283897e-02
PCG: 11 : 4.610902e-13 / 9.973519e-03
PCG: 12 : 4.192409e-13 / 9.068306e-03
PCG: 13 : 1.648188e-13 / 3.565079e-03
PCG: 14 : 1.219924e-13 / 2.638732e-03
PCG: 15 : 5.124908e-14 / 1.108533e-03
PCG: 16 : 1.713412e-14 / 3.706161e-04
PCG: 17 : 1.309017e-14 / 2.831442e-04
PCG: 18 : 8.392738e-15 / 1.815374e-04
PCG: 19 : 3.541135e-15 / 7.659581e-05
PCG: 20 : 2.085813e-15 / 4.511676e-05

PCG ( VCycle ( S: Scale / C: Scale )  )

Complete solver TOE: 11.9818
0.285909 GFlop/s [0.285909 GFlops/s]

Total time: 11.9818s
Accumulated op time: 7.03927

Reductions: 55.8837%
Blas-1: 1.51641%
Blas-2: 1.34972%
Precon Kernels: 0%
MPI Execution: 0%
MPI Wait: 0%
Not covered: 41.2502%

Domain size: 106.94 MByte
LA size: 356.502 MByte
MPI size: 10.6971 MByte

H0-Error: 4.290881e-07
H1-Error: 2.017209e-03

Writing DATA to output.data...
Run-Time: 0:23.610 [0:23.610]
0xb334c9f8 Error: MemoryPool<CUDA> still contains memory chunks on deconstructor call
