NUM-PROCS: 1
Preparing domain...
LVL-MIN: 3 [3]
LVL-MAX: 8 [8]
Creating gates...
Assembling system matrices...
Assembling system filters...
Assembling transfer matrices...
Converting assembled linear system from SparseMatrixCSR, Mem:main to SparseMatrixELL, Mem:cudaand to SparseMatrixELL, Mem:cuda...
PCG:  0 : 3.788187e-02
PCG:  1 : 3.863712e-02 / 1.019937e+00
PCG:  2 : 4.165917e-02 / 1.099712e+00
PCG:  3 : 2.963624e-02 / 7.823329e-01
PCG:  4 : 5.199960e-03 / 1.372678e-01
PCG:  5 : 5.305740e-04 / 1.400601e-02
PCG:  6 : 9.290680e-05 / 2.452540e-03
PCG:  7 : 2.191696e-05 / 5.785606e-04
PCG:  8 : 2.786974e-06 / 7.357011e-05
PCG:  9 : 2.840259e-07 / 7.497672e-06
PCG: 10 : 5.000543e-07 / 1.320036e-05
PCG: 11 : 3.054087e-07 / 8.062133e-06
PCG:  0 : 1.544125e-03
PCG:  1 : 1.680892e-04 / 1.088572e-01
PCG:  2 : 2.484583e-04 / 1.609056e-01
PCG:  3 : 9.813954e-05 / 6.355674e-02
PCG:  4 : 4.261015e-05 / 2.759501e-02
PCG:  5 : 8.145175e-06 / 5.274946e-03
PCG:  6 : 7.861359e-07 / 5.091142e-04
PCG:  7 : 1.148995e-07 / 7.441078e-05
PCG:  8 : 2.475472e-08 / 1.603156e-05
PCG:  9 : 1.067999e-08 / 6.916535e-06
PCG: 10 : 5.590282e-09 / 3.620356e-06
PCG: 11 : 1.259177e-09 / 8.154630e-07
PCG:  0 : 5.484175e-09
PCG:  1 : 9.470900e-10 / 1.726951e-01
PCG:  2 : 4.712770e-10 / 8.593398e-02
PCG:  3 : 2.157747e-10 / 3.934497e-02
PCG:  4 : 1.142631e-10 / 2.083505e-02
PCG:  5 : 9.065482e-11 / 1.653025e-02
PCG:  6 : 4.999234e-11 / 9.115745e-03
PCG:  7 : 2.589667e-11 / 4.722072e-03
PCG:  8 : 9.355187e-12 / 1.705851e-03
PCG:  9 : 2.407433e-12 / 4.389781e-04
PCG: 10 : 9.393918e-13 / 1.712914e-04
PCG: 11 : 2.077032e-13 / 3.787318e-05

PCG ( VCycle ( S: Scale / C: Scale )  )

Complete solver TOE: 1.20376
0.26163 GFlop/s [0.26163 GFlops/s]

Total time: 1.20376s
Accumulated op time: 0.148444

Reductions: 6.09733%
Blas-1: 3.25988%
Blas-2: 2.97452%
Precon Kernels: 0%
MPI Execution: 0%
MPI Wait: 0%
Not covered: 87.6683%

Domain size: 6.73462 MByte
LA size: 22.3983 MByte
MPI size: 0.674286 MByte

H0-Error: 6.865388e-06
H1-Error: 8.068795e-03

Writing DATA to output.data...
Run-Time: 0:02.004 [0:02.004]
0xb33d29f8 Error: MemoryPool<CUDA> still contains memory chunks on deconstructor call
