NUM-PROCS: 1
Preparing domain...
LVL-MIN: 6 [6]
LVL-MAX: 7 [7]
Creating gates...
Assembling system matrices...
Assembling system filters...
Assembling transfer matrices...
Converting assembled linear system from SparseMatrixCSR, Mem:main to SparseMatrixELL, Mem:cudaand to SparseMatrixELL, Mem:cuda...
PCG: 0 : 7.572471e-02
PCG: 1 : 5.481853e-01 / 7.239188e+00
PCG: 2 : 3.386466e-01 / 4.472076e+00
PCG: 3 : 3.418458e-01 / 4.514323e+00
PCG: 4 : 3.158086e-01 / 4.170483e+00
PCG: 5 : 2.220287e-01 / 2.932052e+00
PCG: 6 : 2.052108e-01 / 2.709959e+00
PCG: 0 : 2.060040e-01
PCG: 1 : 1.787365e-01 / 8.676361e-01
PCG: 2 : 1.899671e-01 / 9.221526e-01
PCG: 3 : 1.629193e-01 / 7.908551e-01
PCG: 4 : 1.800773e-01 / 8.741447e-01
PCG: 5 : 2.583870e-01 / 1.254282e+00
PCG: 6 : 2.252933e-01 / 1.093636e+00
PCG: 0 : 2.252933e-01
PCG: 1 : 1.231868e-01 / 5.467841e-01
PCG: 2 : 1.015671e-01 / 4.508215e-01
PCG: 3 : 8.248574e-02 / 3.661261e-01
PCG: 4 : 9.130099e-02 / 4.052539e-01
PCG: 5 : 8.464321e-02 / 3.757023e-01
PCG: 6 : 8.771972e-02 / 3.893579e-01
PCG: 0 : 8.771972e-02
PCG: 1 : 6.525248e-02 / 7.438747e-01
PCG: 2 : 6.793225e-02 / 7.744240e-01
PCG: 3 : 5.682812e-02 / 6.478374e-01
PCG: 4 : 6.430283e-02 / 7.330488e-01
PCG: 5 : 7.541037e-02 / 8.596742e-01
PCG: 6 : 1.066783e-01 / 1.216127e+00
PCG: 0 : 1.066784e-01
PCG: 1 : 6.228428e-02 / 5.838512e-01
PCG: 2 : 5.268421e-02 / 4.938604e-01
PCG: 3 : 4.454423e-02 / 4.175564e-01
PCG: 4 : 5.032428e-02 / 4.717384e-01
PCG: 5 : 4.738920e-02 / 4.442251e-01
PCG: 6 : 5.650481e-02 / 5.296745e-01
PCG: 0 : 5.650481e-02
PCG: 1 : 4.339008e-02 / 7.679008e-01
PCG: 2 : 4.422913e-02 / 7.827498e-01
PCG: 3 : 3.777556e-02 / 6.685372e-01
PCG: 4 : 4.303937e-02 / 7.616940e-01
PCG: 5 : 5.127139e-02 / 9.073810e-01
PCG: 6 : 7.705386e-02 / 1.363669e+00
PCG: 0 : 7.705386e-02
PCG: 1 : 4.632652e-02 / 6.012226e-01
PCG: 2 : 3.889549e-02 / 5.047832e-01
PCG: 3 : 3.367385e-02 / 4.370170e-01
PCG: 4 : 3.772661e-02 / 4.896135e-01
PCG: 5 : 3.604853e-02 / 4.678355e-01
PCG: 6 : 4.276626e-02 / 5.550177e-01
PCG: 0 : 4.276626e-02
PCG: 1 : 3.382832e-02 / 7.910048e-01
PCG: 2 : 3.424573e-02 / 8.007652e-01
PCG: 3 : 2.977021e-02 / 6.961145e-01
PCG: 4 : 3.345259e-02 / 7.822192e-01
PCG: 5 : 3.995528e-02 / 9.342712e-01
PCG: 6 : 5.912224e-02 / 1.382451e+00
PCG: 0 : 5.912224e-02
PCG: 1 : 3.653809e-02 / 6.180093e-01
PCG: 2 : 3.071870e-02 / 5.195795e-01
PCG: 3 : 2.706274e-02 / 4.577421e-01
PCG: 4 : 2.990980e-02 / 5.058976e-01
PCG: 5 : 2.868874e-02 / 4.852445e-01
PCG: 6 : 3.295812e-02 / 5.574572e-01
PCG: 0 : 3.295812e-02
PCG: 1 : 2.689880e-02 / 8.161510e-01
PCG: 2 : 2.728559e-02 / 8.278867e-01
PCG: 3 : 2.407528e-02 / 7.304812e-01
PCG: 4 : 2.667873e-02 / 8.094738e-01
PCG: 5 : 3.172475e-02 / 9.625778e-01
PCG: 6 : 4.556637e-02 / 1.382554e+00
PCG: 0 : 4.556637e-02
PCG: 1 : 2.896790e-02 / 6.357298e-01
PCG: 2 : 2.453818e-02 / 5.385151e-01
PCG: 3 : 2.192241e-02 / 4.811095e-01
PCG: 4 : 2.393777e-02 / 5.253386e-01
PCG: 5 : 2.294654e-02 / 5.035850e-01
PCG: 6 : 2.541694e-02 / 5.578004e-01
PCG: 0 : 2.541694e-02
PCG: 1 : 2.142480e-02 / 8.429338e-01
PCG: 2 : 2.186536e-02 / 8.602671e-01
PCG: 3 : 1.953351e-02 / 7.685234e-01
PCG: 4 : 2.139323e-02 / 8.416919e-01
PCG: 5 : 2.521447e-02 / 9.920340e-01
PCG: 6 : 3.512907e-02 / 1.382113e+00
PCG: 0 : 3.512907e-02
PCG: 1 : 2.297351e-02 / 6.539742e-01
PCG: 2 : 1.968811e-02 / 5.604506e-01
PCG: 3 : 1.778156e-02 / 5.061780e-01
PCG: 4 : 1.921812e-02 / 5.470716e-01
PCG: 5 : 1.834101e-02 / 5.221036e-01
PCG: 6 : 1.961123e-02 / 5.582622e-01
PCG: 0 : 1.961123e-02
PCG: 1 : 1.707346e-02 / 8.705959e-01
PCG: 2 : 1.757718e-02 / 8.962813e-01
PCG: 3 : 1.585354e-02 / 8.083910e-01
PCG: 4 : 1.719795e-02 / 8.769439e-01
PCG: 5 : 2.001180e-02 / 1.020425e+00
PCG: 6 : 2.711752e-02 / 1.382755e+00
PCG: 0 : 2.711752e-02
PCG: 1 : 1.822692e-02 / 6.721455e-01
PCG: 2 : 1.584560e-02 / 5.843307e-01
PCG: 3 : 1.441740e-02 / 5.316637e-01
PCG: 4 : 1.545268e-02 / 5.698411e-01
PCG: 5 : 1.463421e-02 / 5.396587e-01
PCG: 6 : 1.516062e-02 / 5.590709e-01
PCG: 0 : 1.516062e-02
PCG: 1 : 1.361812e-02 / 8.982562e-01
PCG: 2 : 1.416217e-02 / 9.341419e-01
PCG: 3 : 1.285742e-02 / 8.480804e-01
PCG: 4 : 1.384479e-02 / 9.132075e-01
PCG: 5 : 1.585613e-02 / 1.045876e+00
PCG: 6 : 2.099161e-02 / 1.384614e+00
PCG: 0 : 2.099161e-02
PCG: 1 : 1.447475e-02 / 6.895494e-01
PCG: 2 : 1.277887e-02 / 6.087610e-01
PCG: 3 : 1.167467e-02 / 5.561591e-01
PCG: 4 : 1.243210e-02 / 5.922412e-01
PCG: 5 : 1.165780e-02 / 5.553551e-01
PCG: 6 : 1.176049e-02 / 5.602474e-01
PCG: 0 : 1.176049e-02
PCG: 1 : 1.087738e-02 / 9.249087e-01
PCG: 2 : 1.142105e-02 / 9.711371e-01
PCG: 3 : 1.041661e-02 / 8.857289e-01
PCG: 4 : 1.115275e-02 / 9.483234e-01
PCG: 5 : 1.254103e-02 / 1.066370e+00
PCG: 6 : 1.632575e-02 / 1.388186e+00
PCG: 0 : 1.632575e-02
PCG: 1 : 1.150891e-02 / 7.049547e-01
PCG: 2 : 1.030970e-02 / 6.314995e-01
PCG: 3 : 9.443061e-03 / 5.784153e-01
PCG: 4 : 9.999754e-03 / 6.125143e-01
PCG: 5 : 9.276964e-03 / 5.682413e-01
PCG: 6 : 9.172088e-03 / 5.618173e-01
PCG: 0 : 9.172088e-03
PCG: 1 : 8.704506e-03 / 9.490212e-01
PCG: 2 : 9.192984e-03 / 1.002278e+00
PCG: 3 : 8.445312e-03 / 9.207623e-01
PCG: 4 : 8.985095e-03 / 9.796128e-01
PCG: 5 : 9.883355e-03 / 1.077547e+00
PCG: 6 : 1.280186e-02 / 1.395741e+00
PCG: 0 : 1.280185e-02
PCG: 1 : 9.155163e-03 / 7.151434e-01
PCG: 2 : 8.294540e-03 / 6.479170e-01
PCG: 3 : 7.652259e-03 / 5.977461e-01
PCG: 4 : 8.031940e-03 / 6.274044e-01
PCG: 5 : 7.377083e-03 / 5.762511e-01
PCG: 6 : 7.217825e-03 / 5.638109e-01
PCG: 0 : 7.217825e-03
PCG: 1 : 6.980647e-03 / 9.671400e-01
PCG: 2 : 7.340994e-03 / 1.017064e+00
PCG: 3 : 6.900647e-03 / 9.560562e-01
PCG: 4 : 7.224060e-03 / 1.000864e+00
PCG: 5 : 7.723713e-03 / 1.070089e+00
PCG: 6 : 1.019408e-02 / 1.412348e+00
PCG: 0 : 1.019408e-02
PCG: 1 : 7.264926e-03 / 7.126613e-01
PCG: 2 : 6.613621e-03 / 6.487707e-01
PCG: 3 : 6.263085e-03 / 6.143845e-01
PCG: 4 : 6.416073e-03 / 6.293920e-01
PCG: 5 : 5.865567e-03 / 5.753896e-01
PCG: 6 : 5.755418e-03 / 5.645843e-01
PCG: 0 : 5.755417e-03
PCG: 1 : 5.596885e-03 / 9.724551e-01
PCG: 2 : 5.790958e-03 / 1.006175e+00
PCG: 3 : 5.734390e-03 / 9.963466e-01
PCG: 4 : 5.735466e-03 / 9.965336e-01
PCG: 5 : 6.018735e-03 / 1.045751e+00
PCG: 6 : 8.253312e-03 / 1.434008e+00
PCG: 0 : 8.253313e-03
PCG: 1 : 5.738758e-03 / 6.953278e-01
PCG: 2 : 5.210565e-03 / 6.313302e-01
PCG: 3 : 5.194440e-03 / 6.293763e-01
PCG: 4 : 5.058081e-03 / 6.128547e-01
PCG: 5 : 4.679701e-03 / 5.670089e-01
PCG: 6 : 4.612570e-03 / 5.588750e-01
PCG: 0 : 4.612569e-03
PCG: 1 : 4.467131e-03 / 9.684691e-01
PCG: 2 : 4.586174e-03 / 9.942775e-01
PCG: 3 : 4.773251e-03 / 1.034836e+00
PCG: 4 : 4.493309e-03 / 9.741445e-01
PCG: 5 : 4.777247e-03 / 1.035702e+00
PCG: 6 : 6.666180e-03 / 1.445221e+00
PCG: 0 : 6.666180e-03
PCG: 1 : 4.557300e-03 / 6.836450e-01
PCG: 2 : 4.113690e-03 / 6.170985e-01
PCG: 3 : 4.280184e-03 / 6.420745e-01
PCG: 4 : 3.979900e-03 / 5.970286e-01
PCG: 5 : 3.740156e-03 / 5.610644e-01
PCG: 6 : 3.676728e-03 / 5.515494e-01
PCG: 0 : 3.676728e-03
PCG: 1 : 3.569183e-03 / 9.707500e-01
PCG: 2 : 3.681712e-03 / 1.001356e+00
PCG: 3 : 3.899156e-03 / 1.060496e+00
PCG: 4 : 3.566325e-03 / 9.699726e-01
PCG: 5 : 3.830709e-03 / 1.041880e+00
PCG: 6 : 5.341166e-03 / 1.452695e+00
PCG: 0 : 5.341166e-03
PCG: 1 : 3.648639e-03 / 6.831166e-01
PCG: 2 : 3.288204e-03 / 6.156341e-01
PCG: 3 : 3.470063e-03 / 6.496828e-01
PCG: 4 : 3.174932e-03 / 5.944269e-01
PCG: 5 : 2.987119e-03 / 5.592634e-01
PCG: 6 : 2.929385e-03 / 5.484542e-01
PCG: 0 : 2.929385e-03
PCG: 1 : 2.861069e-03 / 9.766793e-01
PCG: 2 : 2.967292e-03 / 1.012940e+00
PCG: 3 : 3.149443e-03 / 1.075121e+00
PCG: 4 : 2.860818e-03 / 9.765934e-01
PCG: 5 : 3.071798e-03 / 1.048616e+00
PCG: 6 : 4.269933e-03 / 1.457621e+00
PCG: 0 : 4.269933e-03
PCG: 1 : 2.928374e-03 / 6.858125e-01
PCG: 2 : 2.642488e-03 / 6.188594e-01
PCG: 3 : 2.794470e-03 / 6.544528e-01
PCG: 4 : 2.548802e-03 / 5.969185e-01
PCG: 5 : 2.389784e-03 / 5.596771e-01
PCG: 6 : 2.338063e-03 / 5.475642e-01
PCG: 0 : 2.338063e-03
PCG: 1 : 2.297337e-03 / 9.825813e-01
PCG: 2 : 2.390401e-03 / 1.022385e+00
PCG: 3 : 2.534805e-03 / 1.084148e+00
PCG: 4 : 2.300239e-03 / 9.838226e-01
PCG: 5 : 2.462498e-03 / 1.053221e+00
PCG: 6 : 3.414056e-03 / 1.460207e+00
PCG: 0 : 3.414056e-03
PCG: 1 : 2.351576e-03 / 6.887925e-01
PCG: 2 : 2.125528e-03 / 6.225815e-01
PCG: 3 : 2.246322e-03 / 6.579629e-01
PCG: 4 : 2.048654e-03 / 6.000646e-01
PCG: 5 : 1.914893e-03 / 5.608852e-01
PCG: 6 : 1.868966e-03 / 5.474327e-01
PCG: 0 : 1.868966e-03
PCG: 1 : 1.845984e-03 / 9.877035e-01
PCG: 2 : 1.924075e-03 / 1.029487e+00
PCG: 3 : 2.037548e-03 / 1.090201e+00
PCG: 4 : 1.849961e-03 / 9.898313e-01
PCG: 5 : 1.974416e-03 / 1.056422e+00
PCG: 6 : 2.731611e-03 / 1.461563e+00
PCG: 0 : 2.731611e-03
PCG: 1 : 1.888769e-03 / 6.914488e-01
PCG: 2 : 1.709544e-03 / 6.258371e-01
PCG: 3 : 1.804557e-03 / 6.606200e-01
PCG: 4 : 1.646835e-03 / 6.028805e-01
PCG: 5 : 1.535801e-03 / 5.622325e-01
PCG: 6 : 1.495667e-03 / 5.475402e-01
PCG: 0 : 1.495667e-03
PCG: 1 : 1.483705e-03 / 9.920024e-01
PCG: 2 : 1.547766e-03 / 1.034834e+00
PCG: 3 : 1.636906e-03 / 1.094432e+00
PCG: 4 : 1.487672e-03 / 9.946548e-01
PCG: 5 : 1.583601e-03 / 1.058792e+00
PCG: 6 : 2.187175e-03 / 1.462341e+00
PCG: 0 : 2.187175e-03
PCG: 1 : 1.517223e-03 / 6.936910e-01
PCG: 2 : 1.374616e-03 / 6.284893e-01
PCG: 3 : 1.449245e-03 / 6.626105e-01
PCG: 4 : 1.323718e-03 / 6.052182e-01
PCG: 5 : 1.232431e-03 / 5.634808e-01
PCG: 6 : 1.197934e-03 / 5.477085e-01
PCG: 0 : 1.197934e-03
PCG: 1 : 1.192617e-03 / 9.955616e-01
PCG: 2 : 1.244515e-03 / 1.038885e+00
PCG: 3 : 1.314657e-03 / 1.097437e+00
PCG: 4 : 1.196149e-03 / 9.985102e-01
PCG: 5 : 1.270556e-03 / 1.060622e+00
PCG: 6 : 1.752371e-03 / 1.462828e+00
PCG: 0 : 1.752371e-03
PCG: 1 : 1.218850e-03 / 6.955434e-01
PCG: 2 : 1.105027e-03 / 6.305894e-01
PCG: 3 : 1.163719e-03 / 6.640823e-01
PCG: 4 : 1.063876e-03 / 6.071064e-01
PCG: 5 : 9.893227e-04 / 5.645624e-01
PCG: 6 : 9.600882e-04 / 5.478796e-01
PCG: 0 : 9.600882e-04
PCG: 1 : 9.586302e-04 / 9.984814e-01
PCG: 2 : 1.000365e-03 / 1.041952e+00
PCG: 3 : 1.055688e-03 / 1.099574e+00
PCG: 4 : 9.616069e-04 / 1.001582e+00
PCG: 5 : 1.019671e-03 / 1.062059e+00
PCG: 6 : 1.404752e-03 / 1.463149e+00
PCG: 0 : 1.404752e-03
PCG: 1 : 9.791884e-04 / 6.970543e-01
PCG: 2 : 8.881207e-04 / 6.322259e-01
PCG: 3 : 9.343793e-04 / 6.651561e-01
PCG: 4 : 8.549408e-04 / 6.086062e-01
PCG: 5 : 7.943449e-04 / 5.654698e-01
PCG: 6 : 7.698538e-04 / 5.480353e-01
PCG: 0 : 7.698538e-04
PCG: 1 : 7.705142e-04 / 1.000858e+00
PCG: 2 : 8.039266e-04 / 1.044259e+00
PCG: 3 : 8.476725e-04 / 1.101083e+00
PCG: 4 : 7.729447e-04 / 1.004015e+00
PCG: 5 : 8.185009e-04 / 1.063190e+00
PCG: 6 : 1.126580e-03 / 1.463369e+00
PCG: 0 : 1.126580e-03
PCG: 1 : 7.866607e-04 / 6.982732e-01
PCG: 2 : 7.136708e-04 / 6.334842e-01
PCG: 3 : 7.502204e-04 / 6.659272e-01
PCG: 4 : 6.869662e-04 / 6.097801e-01
PCG: 5 : 6.378897e-04 / 5.662178e-01
PCG: 6 : 6.175594e-04 / 5.481717e-01
PCG: 0 : 6.175593e-04
PCG: 1 : 6.192744e-04 / 1.002777e+00
PCG: 2 : 6.459500e-04 / 1.045972e+00
PCG: 3 : 6.806293e-04 / 1.102128e+00
PCG: 4 : 6.212173e-04 / 1.005923e+00
PCG: 5 : 6.571279e-04 / 1.064072e+00
PCG: 6 : 9.038082e-04 / 1.463516e+00
PCG: 0 : 9.038082e-04
PCG: 1 : 6.319853e-04 / 6.992471e-01
PCG: 2 : 5.734108e-04 / 6.344386e-01
PCG: 3 : 6.023605e-04 / 6.664694e-01
PCG: 4 : 5.519423e-04 / 6.106852e-01
PCG: 5 : 5.123035e-04 / 5.668277e-01
PCG: 6 : 4.955499e-04 / 5.482910e-01
PCG: 0 : 4.955498e-04
PCG: 1 : 4.976877e-04 / 1.004314e+00
PCG: 2 : 5.189491e-04 / 1.047219e+00
PCG: 3 : 5.465063e-04 / 1.102828e+00
PCG: 4 : 4.992177e-04 / 1.007402e+00
PCG: 5 : 5.276371e-04 / 1.064751e+00
PCG: 6 : 7.252927e-04 / 1.463612e+00
PCG: 0 : 7.252927e-04
PCG: 1 : 5.077170e-04 / 7.000167e-01
PCG: 2 : 4.606698e-04 / 6.351503e-01
PCG: 3 : 4.836522e-04 / 6.668373e-01
PCG: 4 : 4.434209e-04 / 6.113682e-01
PCG: 5 : 4.114725e-04 / 5.673193e-01
PCG: 6 : 3.977468e-04 / 5.483949e-01
PCG: 0 : 3.977468e-04
PCG: 1 : 3.999474e-04 / 1.005533e+00
PCG: 2 : 4.168770e-04 / 1.048097e+00
PCG: 3 : 4.388216e-04 / 1.103269e+00
PCG: 4 : 4.011381e-04 / 1.008526e+00
PCG: 5 : 4.237042e-04 / 1.065261e+00
PCG: 6 : 5.821690e-04 / 1.463668e+00
PCG: 0 : 5.821690e-04
PCG: 1 : 4.078777e-04 / 7.006174e-01
PCG: 2 : 3.700660e-04 / 6.356677e-01
PCG: 3 : 3.883484e-04 / 6.670715e-01
PCG: 4 : 3.562114e-04 / 6.118695e-01
PCG: 5 : 3.305038e-04 / 5.677111e-01
PCG: 6 : 3.193117e-04 / 5.484864e-01
PCG: 0 : 3.193117e-04
PCG: 1 : 3.213831e-04 / 1.006487e+00
PCG: 2 : 3.348567e-04 / 1.048683e+00
PCG: 3 : 3.523642e-04 / 1.103512e+00
PCG: 4 : 3.223005e-04 / 1.009360e+00
PCG: 5 : 3.402689e-04 / 1.065632e+00
PCG: 6 : 4.673746e-04 / 1.463694e+00
PCG: 0 : 4.673746e-04
PCG: 1 : 3.276658e-04 / 7.010775e-01
PCG: 2 : 2.972637e-04 / 6.360287e-01
PCG: 3 : 3.118331e-04 / 6.672017e-01
PCG: 4 : 2.861366e-04 / 6.122211e-01
PCG: 5 : 2.654780e-04 / 5.680198e-01
PCG: 6 : 2.563868e-04 / 5.485681e-01
PCG: 0 : 2.563868e-04
PCG: 1 : 2.582382e-04 / 1.007221e+00
PCG: 2 : 2.689586e-04 / 1.049034e+00
PCG: 3 : 2.829485e-04 / 1.103600e+00
PCG: 4 : 2.589386e-04 / 1.009953e+00
PCG: 5 : 2.732795e-04 / 1.065887e+00
PCG: 6 : 3.752726e-04 / 1.463697e+00
PCG: 0 : 3.752726e-04
PCG: 1 : 2.632245e-04 / 7.014220e-01
PCG: 2 : 2.387726e-04 / 6.362645e-01
PCG: 3 : 2.504006e-04 / 6.672497e-01
PCG: 4 : 2.298356e-04 / 6.124496e-01
PCG: 5 : 2.132519e-04 / 5.682585e-01
PCG: 6 : 2.058900e-04 / 5.486411e-01
PCG: 0 : 2.058900e-04
PCG: 1 : 2.074907e-04 / 1.007774e+00
PCG: 2 : 2.160197e-04 / 1.049200e+00
PCG: 3 : 2.272135e-04 / 1.103567e+00
PCG: 4 : 2.080206e-04 / 1.010348e+00
PCG: 5 : 2.194886e-04 / 1.066048e+00
PCG: 6 : 3.013578e-04 / 1.463683e+00
PCG: 0 : 3.013577e-04
PCG: 1 : 2.114540e-04 / 7.016711e-01
PCG: 2 : 1.917836e-04 / 6.363983e-01
PCG: 3 : 2.010754e-04 / 6.672317e-01
PCG: 4 : 1.846049e-04 / 6.125773e-01
PCG: 5 : 1.713036e-04 / 5.684395e-01
PCG: 6 : 1.653574e-04 / 5.487081e-01
PCG: 0 : 1.653574e-04
PCG: 1 : 1.667096e-04 / 1.008177e+00
PCG: 2 : 1.734953e-04 / 1.049214e+00
PCG: 3 : 1.824612e-04 / 1.103435e+00
PCG: 4 : 1.671067e-04 / 1.010579e+00
PCG: 5 : 1.762923e-04 / 1.066129e+00
PCG: 6 : 2.420260e-04 / 1.463654e+00
PCG: 0 : 2.420260e-04
PCG: 1 : 1.698640e-04 / 7.018417e-01
PCG: 2 : 1.540374e-04 / 6.364496e-01
PCG: 3 : 1.614700e-04 / 6.671596e-01
PCG: 4 : 1.482704e-04 / 6.126218e-01
PCG: 5 : 1.376094e-04 / 5.685728e-01
PCG: 6 : 1.328168e-04 / 5.487708e-01
PCG: 0 : 1.328168e-04
PCG: 1 : 1.339399e-04 / 1.008456e+00
PCG: 2 : 1.393386e-04 / 1.049104e+00
PCG: 3 : 1.465262e-04 / 1.103220e+00
PCG: 4 : 1.342344e-04 / 1.010673e+00
PCG: 5 : 1.416018e-04 / 1.066143e+00
PCG: 6 : 1.943926e-04 / 1.463614e+00
PCG: 0 : 1.943926e-04
PCG: 1 : 1.364533e-04 / 7.019470e-01
PCG: 2 : 1.237177e-04 / 6.364321e-01
PCG: 3 : 1.296678e-04 / 6.670405e-01
PCG: 4 : 1.190841e-04 / 6.125958e-01
PCG: 5 : 1.105443e-04 / 5.686650e-01
PCG: 6 : 1.066883e-04 / 5.488290e-01
PCG: 0 : 1.066883e-04
PCG: 1 : 1.076090e-04 / 1.008630e+00
PCG: 2 : 1.119044e-04 / 1.048891e+00
PCG: 3 : 1.176702e-04 / 1.102935e+00
PCG: 4 : 1.078248e-04 / 1.010652e+00
PCG: 5 : 1.137408e-04 / 1.066104e+00
PCG: 6 : 1.561456e-04 / 1.463568e+00
PCG: 0 : 1.561456e-04
PCG: 1 : 1.096139e-04 / 7.019982e-01
PCG: 2 : 9.936430e-05 / 6.363569e-01
PCG: 3 : 1.041304e-04 / 6.668806e-01
PCG: 4 : 9.564088e-05 / 6.125110e-01
PCG: 5 : 8.880354e-05 / 5.687228e-01
PCG: 6 : 8.570583e-05 / 5.488842e-01
PCG: 0 : 8.570583e-05
PCG: 1 : 8.645294e-05 / 1.008717e+00
PCG: 2 : 8.987053e-05 / 1.048593e+00
PCG: 3 : 9.449805e-05 / 1.102586e+00
PCG: 4 : 8.660872e-05 / 1.010535e+00
PCG: 5 : 9.136409e-05 / 1.066020e+00
PCG: 6 : 1.254318e-04 / 1.463516e+00
PCG: 0 : 1.254318e-04
PCG: 1 : 8.805363e-05 / 7.020038e-01
PCG: 2 : 7.980377e-05 / 6.362321e-01
PCG: 3 : 8.362332e-05 / 6.666833e-01
PCG: 4 : 7.681141e-05 / 6.123757e-01
PCG: 5 : 7.133951e-05 / 5.687512e-01
PCG: 6 : 6.885407e-05 / 5.489361e-01
PCG: 0 : 6.885406e-05
PCG: 1 : 6.945528e-05 / 1.008732e+00
PCG: 2 : 7.217428e-05 / 1.048221e+00
PCG: 3 : 7.588961e-05 / 1.102181e+00
PCG: 4 : 6.956566e-05 / 1.010335e+00
PCG: 5 : 7.339137e-05 / 1.065897e+00
PCG: 6 : 1.007653e-04 / 1.463461e+00
PCG: 0 : 1.007653e-04
PCG: 1 : 7.073434e-05 / 7.019715e-01
PCG: 2 : 6.409327e-05 / 6.360652e-01
PCG: 3 : 6.715520e-05 / 6.664519e-01
PCG: 4 : 6.168818e-05 / 6.121969e-01
PCG: 5 : 5.731071e-05 / 5.687547e-01
PCG: 6 : 5.531873e-05 / 5.489862e-01
PCG: 0 : 5.531873e-05
PCG: 1 : 5.579911e-05 / 1.008684e+00
PCG: 2 : 5.796207e-05 / 1.047784e+00
PCG: 3 : 6.094575e-05 / 1.101720e+00
PCG: 4 : 5.587537e-05 / 1.010062e+00
PCG: 5 : 5.895549e-05 / 1.065742e+00
PCG: 6 : 8.095364e-05 / 1.463404e+00
PCG: 0 : 8.095364e-05
PCG: 1 : 5.682190e-05 / 7.019066e-01
PCG: 2 : 5.147525e-05 / 6.358608e-01
PCG: 3 : 5.393034e-05 / 6.661879e-01
PCG: 4 : 4.954202e-05 / 6.119801e-01
PCG: 5 : 4.604130e-05 / 5.687366e-01
PCG: 6 : 4.444634e-05 / 5.490345e-01
PCG: 0 : 4.444634e-05
PCG: 1 : 4.482785e-05 / 1.008584e+00
PCG: 2 : 4.654821e-05 / 1.047290e+00
PCG: 3 : 4.894467e-05 / 1.101208e+00
PCG: 4 : 4.487871e-05 / 1.009728e+00
PCG: 5 : 4.736022e-05 / 1.065560e+00
PCG: 6 : 6.504037e-05 / 1.463346e+00
PCG: 0 : 6.504037e-05
PCG: 1 : 4.564623e-05 / 7.018138e-01
PCG: 2 : 4.134112e-05 / 6.356224e-01
PCG: 3 : 4.330989e-05 / 6.658924e-01
PCG: 4 : 3.978709e-05 / 6.117291e-01
PCG: 5 : 3.698843e-05 / 5.686995e-01
PCG: 6 : 3.571244e-05 / 5.490811e-01
PCG: 0 : 3.571244e-05
PCG: 1 : 3.601377e-05 / 1.008438e+00
PCG: 2 : 3.738179e-05 / 1.046744e+00
PCG: 3 : 3.930674e-05 / 1.100646e+00
PCG: 4 : 3.604585e-05 / 1.009336e+00
PCG: 5 : 3.804634e-05 / 1.065353e+00
PCG: 6 : 5.225758e-05 / 1.463288e+00
PCG: 0 : 5.225758e-05
PCG: 1 : 3.666898e-05 / 7.016968e-01
PCG: 2 : 3.320199e-05 / 6.353526e-01
PCG: 3 : 3.478085e-05 / 6.655656e-01
PCG: 4 : 3.195278e-05 / 6.114476e-01
PCG: 5 : 2.971605e-05 / 5.686456e-01
PCG: 6 : 2.869603e-05 / 5.491266e-01
PCG: 0 : 2.869603e-05
PCG: 1 : 2.893281e-05 / 1.008252e+00
PCG: 2 : 3.002035e-05 / 1.046150e+00
PCG: 3 : 3.156654e-05 / 1.100032e+00
PCG: 4 : 2.895121e-05 / 1.008893e+00
PCG: 5 : 3.056484e-05 / 1.065125e+00
PCG: 6 : 4.198891e-05 / 1.463231e+00
PCG: 0 : 4.198890e-05
PCG: 1 : 2.945766e-05 / 7.015582e-01
PCG: 2 : 2.666519e-05 / 6.350532e-01
PCG: 3 : 2.793135e-05 / 6.652079e-01
PCG: 4 : 2.566099e-05 / 6.111374e-01
PCG: 5 : 2.387392e-05 / 5.685768e-01
PCG: 6 : 2.305909e-05 / 5.491711e-01
PCG: 0 : 2.305909e-05
PCG: 1 : 2.324426e-05 / 1.008030e+00
PCG: 2 : 2.410851e-05 / 1.045510e+00
PCG: 3 : 2.535042e-05 / 1.099368e+00
PCG: 4 : 2.325283e-05 / 1.008402e+00
PCG: 5 : 2.455509e-05 / 1.064876e+00
PCG: 6 : 3.373948e-05 / 1.463175e+00
PCG: 0 : 3.373948e-05
PCG: 1 : 2.366486e-05 / 7.013996e-01
PCG: 2 : 2.141532e-05 / 6.347256e-01
PCG: 3 : 2.243062e-05 / 6.648182e-01
PCG: 4 : 2.060807e-05 / 6.107999e-01
PCG: 5 : 1.918069e-05 / 5.684938e-01
PCG: 6 : 1.853021e-05 / 5.492144e-01
PCG: 0 : 1.853021e-05
PCG: 1 : 1.867433e-05 / 1.007777e+00
PCG: 2 : 1.936084e-05 / 1.044826e+00
PCG: 3 : 2.035827e-05 / 1.098653e+00
PCG: 4 : 1.867598e-05 / 1.007867e+00
PCG: 5 : 1.972748e-05 / 1.064612e+00
PCG: 6 : 2.711194e-05 / 1.463121e+00
PCG: 0 : 2.711194e-05
PCG: 1 : 1.901154e-05 / 7.012239e-01
PCG: 2 : 1.719904e-05 / 6.343712e-01
PCG: 3 : 1.801310e-05 / 6.643972e-01
PCG: 4 : 1.655013e-05 / 6.104367e-01
PCG: 5 : 1.541038e-05 / 5.683981e-01
PCG: 6 : 1.489142e-05 / 5.492567e-01
PCG: 0 : 1.489142e-05
PCG: 1 : 1.500304e-05 / 1.007496e+00
PCG: 2 : 1.554811e-05 / 1.044099e+00
PCG: 3 : 1.634908e-05 / 1.097886e+00
PCG: 4 : 1.499995e-05 / 1.007288e+00
PCG: 5 : 1.584939e-05 / 1.064331e+00
PCG: 6 : 2.178717e-05 / 1.463069e+00
PCG: 0 : 2.178717e-05
PCG: 1 : 1.527352e-05 / 7.010325e-01
PCG: 2 : 1.381286e-05 / 6.339903e-01
PCG: 3 : 1.446547e-05 / 6.639444e-01
PCG: 4 : 1.329124e-05 / 6.100489e-01
PCG: 5 : 1.238145e-05 / 5.682906e-01
PCG: 6 : 1.196768e-05 / 5.492992e-01
PCG: 0 : 1.196768e-05
PCG: 1 : 1.205368e-05 / 1.007186e+00
PCG: 2 : 1.248622e-05 / 1.043329e+00
PCG: 3 : 1.312932e-05 / 1.097065e+00
PCG: 4 : 1.204748e-05 / 1.006668e+00
PCG: 5 : 1.273401e-05 / 1.064034e+00
PCG: 6 : 1.750893e-05 / 1.463018e+00
PCG: 0 : 1.750892e-05
PCG: 1 : 1.227071e-05 / 7.008259e-01
PCG: 2 : 1.109336e-05 / 6.335829e-01
PCG: 3 : 1.161645e-05 / 6.634588e-01
PCG: 4 : 1.067409e-05 / 6.096370e-01
PCG: 5 : 9.948071e-06 / 5.681714e-01
PCG: 6 : 9.618371e-06 / 5.493411e-01
PCG: 0 : 9.618371e-06
PCG: 1 : 9.684276e-06 / 1.006852e+00
PCG: 2 : 1.002732e-05 / 1.042517e+00
PCG: 3 : 1.054357e-05 / 1.096191e+00
PCG: 4 : 9.676153e-06 / 1.006007e+00
PCG: 5 : 1.023128e-05 / 1.063722e+00
PCG: 6 : 1.407138e-05 / 1.462970e+00
PCG: 0 : 1.407138e-05
PCG: 1 : 9.858473e-06 / 7.006044e-01
PCG: 2 : 8.909288e-06 / 6.331494e-01
PCG: 3 : 9.328483e-06 / 6.629400e-01
PCG: 4 : 8.572294e-06 / 6.092005e-01
PCG: 5 : 7.993131e-06 / 5.680416e-01
PCG: 6 : 7.730571e-06 / 5.493824e-01
PCG: 0 : 7.730571e-06
PCG: 1 : 7.780775e-06 / 1.006494e+00
PCG: 2 : 8.052651e-06 / 1.041663e+00
PCG: 3 : 8.467006e-06 / 1.095263e+00
PCG: 4 : 7.771601e-06 / 1.005308e+00
PCG: 5 : 8.220662e-06 / 1.063396e+00
PCG: 6 : 1.130924e-05 / 1.462924e+00
PCG: 0 : 1.130924e-05
PCG: 1 : 7.920639e-06 / 7.003688e-01
PCG: 2 : 7.155236e-06 / 6.326893e-01
PCG: 3 : 7.491093e-06 / 6.623868e-01
PCG: 4 : 6.884379e-06 / 6.087393e-01
PCG: 5 : 6.422519e-06 / 5.679001e-01
PCG: 6 : 6.213556e-06 / 5.494229e-01
PCG: 0 : 6.213556e-06
PCG: 1 : 6.251540e-06 / 1.006113e+00
PCG: 2 : 6.466860e-06 / 1.040766e+00
PCG: 3 : 6.799359e-06 / 1.094278e+00
PCG: 4 : 6.241934e-06 / 1.004567e+00
PCG: 5 : 6.605356e-06 / 1.063056e+00
PCG: 6 : 9.089707e-06 / 1.462883e+00
PCG: 0 : 9.089707e-06
PCG: 1 : 6.363875e-06 / 7.001188e-01
PCG: 2 : 5.746533e-06 / 6.322022e-01
PCG: 3 : 6.015559e-06 / 6.617990e-01
PCG: 4 : 5.528850e-06 / 6.082538e-01
PCG: 5 : 5.160663e-06 / 5.677480e-01
PCG: 6 : 4.994458e-06 / 5.494630e-01
PCG: 0 : 4.994458e-06
PCG: 1 : 5.022975e-06 / 1.005710e+00
PCG: 2 : 5.193371e-06 / 1.039827e+00
PCG: 3 : 5.460124e-06 / 1.093236e+00
PCG: 4 : 5.013369e-06 / 1.003786e+00
PCG: 5 : 5.307612e-06 / 1.062700e+00
PCG: 6 : 7.306116e-06 / 1.462844e+00
PCG: 0 : 7.306116e-06
PCG: 1 : 5.113224e-06 / 6.998553e-01
PCG: 2 : 4.615186e-06 / 6.316880e-01
PCG: 3 : 4.830626e-06 / 6.611757e-01
PCG: 4 : 4.440245e-06 / 6.077436e-01
PCG: 5 : 4.146840e-06 / 5.675847e-01
PCG: 6 : 4.014728e-06 / 5.495024e-01
PCG: 0 : 4.014728e-06
PCG: 1 : 4.035945e-06 / 1.005285e+00
PCG: 2 : 4.170677e-06 / 1.038844e+00
PCG: 3 : 4.384635e-06 / 1.092138e+00
PCG: 4 : 4.026635e-06 / 1.002966e+00
PCG: 5 : 4.264969e-06 / 1.062331e+00
PCG: 6 : 5.872782e-06 / 1.462810e+00
PCG: 0 : 5.872781e-06
PCG: 1 : 4.108472e-06 / 6.995785e-01
PCG: 2 : 3.706587e-06 / 6.311467e-01
PCG: 3 : 3.879071e-06 / 6.605168e-01
PCG: 4 : 3.566003e-06 / 6.072085e-01
PCG: 5 : 3.332279e-06 / 5.674107e-01
PCG: 6 : 3.227335e-06 / 5.495412e-01
PCG: 0 : 3.227335e-06
PCG: 1 : 3.242950e-06 / 1.004838e+00
PCG: 2 : 3.349387e-06 / 1.037818e+00
PCG: 3 : 3.520959e-06 / 1.090980e+00
PCG: 4 : 3.234128e-06 / 1.002105e+00
PCG: 5 : 3.427258e-06 / 1.061947e+00
PCG: 6 : 4.720870e-06 / 1.462777e+00
PCG: 0 : 4.720870e-06
PCG: 1 : 3.301250e-06 / 6.992884e-01
PCG: 2 : 2.976877e-06 / 6.305780e-01
PCG: 3 : 3.114935e-06 / 6.598222e-01
PCG: 4 : 2.863911e-06 / 6.066489e-01
PCG: 5 : 2.677802e-06 / 5.672264e-01
PCG: 6 : 2.594497e-06 / 5.495802e-01
PCG: 0 : 2.594497e-06
PCG: 1 : 2.605836e-06 / 1.004370e+00
PCG: 2 : 2.689839e-06 / 1.036748e+00
PCG: 3 : 2.827388e-06 / 1.089763e+00
PCG: 4 : 2.597616e-06 / 1.001202e+00
PCG: 5 : 2.754179e-06 / 1.061546e+00
PCG: 6 : 3.795094e-06 / 1.462747e+00
PCG: 0 : 3.795093e-06
PCG: 1 : 2.652712e-06 / 6.989846e-01
PCG: 2 : 2.390838e-06 / 6.299814e-01
PCG: 3 : 2.501311e-06 / 6.590907e-01
PCG: 4 : 2.300068e-06 / 6.060635e-01
PCG: 5 : 2.151933e-06 / 5.670303e-01
PCG: 6 : 2.085853e-06 / 5.496184e-01
PCG: 0 : 2.085853e-06
PCG: 1 : 2.093948e-06 / 1.003881e+00
PCG: 2 : 2.160178e-06 / 1.035633e+00
PCG: 3 : 2.270426e-06 / 1.088488e+00
PCG: 4 : 2.086392e-06 / 1.000259e+00
PCG: 5 : 2.213363e-06 / 1.061131e+00
PCG: 6 : 3.051020e-06 / 1.462721e+00
PCG: 0 : 3.051020e-06
PCG: 1 : 2.131649e-06 / 6.986676e-01
PCG: 2 : 1.920182e-06 / 6.293572e-01
PCG: 3 : 2.008557e-06 / 6.583231e-01
PCG: 4 : 1.847249e-06 / 6.054527e-01
PCG: 5 : 1.729389e-06 / 5.668232e-01
PCG: 6 : 1.677011e-06 / 5.496558e-01
PCG: 0 : 1.677011e-06
PCG: 1 : 1.682665e-06 / 1.003372e+00
PCG: 2 : 1.734826e-06 / 1.034475e+00
PCG: 3 : 1.823170e-06 / 1.087155e+00
PCG: 4 : 1.675795e-06 / 9.992750e-01
PCG: 5 : 1.778807e-06 / 1.060701e+00
PCG: 6 : 2.452962e-06 / 1.462698e+00
PCG: 0 : 2.452962e-06
PCG: 1 : 1.712993e-06 / 6.983368e-01
PCG: 2 : 1.542189e-06 / 6.287048e-01
PCG: 3 : 1.612868e-06 / 6.575184e-01
PCG: 4 : 1.483590e-06 / 6.048157e-01
PCG: 5 : 1.389860e-06 / 5.666048e-01
PCG: 6 : 1.348375e-06 / 5.496926e-01
PCG: 0 : 1.348375e-06
PCG: 1 : 1.352206e-06 / 1.002841e+00
PCG: 2 : 1.393239e-06 / 1.033273e+00
PCG: 3 : 1.464014e-06 / 1.085762e+00
PCG: 4 : 1.346014e-06 / 9.982493e-01
PCG: 5 : 1.429620e-06 / 1.060254e+00
PCG: 6 : 1.972240e-06 / 1.462679e+00
PCG: 0 : 1.972240e-06
PCG: 1 : 1.376609e-06 / 6.979927e-01
PCG: 2 : 1.238616e-06 / 6.280249e-01
PCG: 3 : 1.295126e-06 / 6.566778e-01
PCG: 4 : 1.191535e-06 / 6.041532e-01
PCG: 5 : 1.117027e-06 / 5.663749e-01
PCG: 6 : 1.084196e-06 / 5.497285e-01
PCG: 0 : 1.084196e-06
PCG: 1 : 1.086680e-06 / 1.002291e+00
PCG: 2 : 1.118920e-06 / 1.032027e+00
PCG: 3 : 1.175607e-06 / 1.084312e+00
PCG: 4 : 1.081142e-06 / 9.971831e-01
PCG: 5 : 1.149023e-06 / 1.059792e+00
PCG: 6 : 1.585815e-06 / 1.462665e+00
PCG: 0 : 1.585815e-06
PCG: 1 : 1.106320e-06 / 6.976349e-01
PCG: 2 : 9.948089e-07 / 6.273170e-01
PCG: 3 : 1.039980e-06 / 6.558014e-01
PCG: 4 : 9.569841e-07 / 6.034650e-01
PCG: 5 : 8.977826e-07 / 5.661331e-01
PCG: 6 : 8.718234e-07 / 5.497634e-01
PCG: 0 : 8.718233e-07
PCG: 1 : 8.733231e-07 / 1.001720e+00
PCG: 2 : 8.986224e-07 / 1.030739e+00
PCG: 3 : 9.440150e-07 / 1.082805e+00
PCG: 4 : 8.684015e-07 / 9.960750e-01
PCG: 5 : 9.235334e-07 / 1.059313e+00
PCG: 6 : 1.275174e-06 / 1.462652e+00
PCG: 0 : 1.275174e-06
PCG: 1 : 8.891330e-07 / 6.972643e-01
PCG: 2 : 7.990012e-07 / 6.265822e-01
PCG: 3 : 8.350988e-07 / 6.548902e-01
PCG: 4 : 7.686130e-07 / 6.027516e-01
PCG: 5 : 7.215951e-07 / 5.658799e-01
PCG: 6 : 7.010879e-07 / 5.497980e-01
PCG: 0 : 7.010879e-07
PCG: 1 : 7.018798e-07 / 1.001130e+00
PCG: 2 : 7.217063e-07 / 1.029409e+00
PCG: 3 : 7.580467e-07 / 1.081244e+00
PCG: 4 : 6.975316e-07 / 9.949275e-01
PCG: 5 : 7.423241e-07 / 1.058818e+00
PCG: 6 : 1.025441e-06 / 1.462643e+00
PCG: 0 : 1.025441e-06
PCG: 1 : 7.146097e-07 / 6.968803e-01
PCG: 2 : 6.417422e-07 / 6.258208e-01
PCG: 3 : 6.705817e-07 / 6.539447e-01
PCG: 4 : 6.173284e-07 / 6.020126e-01
PCG: 5 : 5.800042e-07 / 5.656145e-01
PCG: 6 : 5.638194e-07 / 5.498312e-01
PCG: 0 : 5.638194e-07
PCG: 1 : 5.641124e-07 / 1.000520e+00
PCG: 2 : 5.796282e-07 / 1.028039e+00
PCG: 3 : 6.087158e-07 / 1.079629e+00
PCG: 4 : 5.602898e-07 / 9.937399e-01
PCG: 5 : 5.966930e-07 / 1.058305e+00
PCG: 6 : 8.246618e-07 / 1.462635e+00
PCG: 0 : 8.246618e-07
PCG: 1 : 5.743640e-07 / 6.964844e-01
PCG: 2 : 5.154418e-07 / 6.250342e-01
PCG: 3 : 5.384773e-07 / 6.529674e-01
PCG: 4 : 4.958281e-07 / 6.012502e-01
PCG: 5 : 4.662128e-07 / 5.653382e-01
PCG: 6 : 4.534521e-07 / 5.498644e-01
PCG: 0 : 4.534522e-07
PCG: 1 : 4.534026e-07 / 9.998906e-01
PCG: 2 : 4.655272e-07 / 1.026629e+00
PCG: 3 : 4.888048e-07 / 1.077963e+00
PCG: 4 : 4.500576e-07 / 9.925139e-01
PCG: 5 : 4.796508e-07 / 1.057776e+00
PCG: 6 : 6.632329e-07 / 1.462630e+00
PCG: 0 : 6.632329e-07
PCG: 1 : 4.616600e-07 / 6.960753e-01
PCG: 2 : 4.140050e-07 / 6.242228e-01
PCG: 3 : 4.324001e-07 / 6.519582e-01
PCG: 4 : 3.982469e-07 / 6.004632e-01
PCG: 5 : 3.747595e-07 / 5.650496e-01
PCG: 6 : 3.647092e-07 / 5.498961e-01
PCG: 0 : 3.647091e-07
PCG: 1 : 3.644331e-07 / 9.992431e-01
PCG: 2 : 3.738933e-07 / 1.025182e+00
PCG: 3 : 3.925183e-07 / 1.076250e+00
PCG: 4 : 3.615183e-07 / 9.912511e-01
PCG: 5 : 3.855814e-07 / 1.057230e+00
PCG: 6 : 5.334332e-07 / 1.462626e+00
PCG: 0 : 5.334332e-07
PCG: 1 : 3.710855e-07 / 6.956550e-01
PCG: 2 : 3.325362e-07 / 6.233886e-01
PCG: 3 : 3.472227e-07 / 6.509206e-01
PCG: 4 : 3.198753e-07 / 5.996539e-01
PCG: 5 : 3.012565e-07 / 5.647502e-01
PCG: 6 : 2.933497e-07 / 5.499277e-01
PCG: 0 : 2.933497e-07
PCG: 1 : 2.929325e-07 / 9.985778e-01
PCG: 2 : 3.003020e-07 / 1.023700e+00
PCG: 3 : 3.152019e-07 / 1.074492e+00
PCG: 4 : 2.904022e-07 / 9.899523e-01
PCG: 5 : 3.099732e-07 / 1.056668e+00
PCG: 6 : 4.290609e-07 / 1.462626e+00
PCG: 0 : 4.290609e-07
PCG: 1 : 2.982928e-07 / 6.952225e-01
PCG: 2 : 2.671040e-07 / 6.225315e-01
PCG: 3 : 2.788275e-07 / 6.498552e-01
PCG: 4 : 2.569312e-07 / 5.988221e-01
PCG: 5 : 2.421785e-07 / 5.644386e-01
PCG: 6 : 2.359652e-07 / 5.499573e-01
PCG: 0 : 2.359652e-07
PCG: 1 : 2.354686e-07 / 9.978954e-01
PCG: 2 : 2.412002e-07 / 1.022185e+00
PCG: 3 : 2.531182e-07 / 1.072693e+00
PCG: 4 : 2.332798e-07 / 9.886195e-01
PCG: 5 : 2.492003e-07 / 1.056089e+00
PCG: 6 : 3.451290e-07 / 1.462627e+00
PCG: 0 : 3.451290e-07
PCG: 1 : 2.397885e-07 / 6.947793e-01
PCG: 2 : 2.145509e-07 / 6.216543e-01
PCG: 3 : 2.239077e-07 / 6.487654e-01
PCG: 4 : 2.063770e-07 / 5.979706e-01
PCG: 5 : 1.946930e-07 / 5.641167e-01
PCG: 6 : 1.898164e-07 / 5.499868e-01
PCG: 0 : 1.898164e-07
PCG: 1 : 1.892843e-07 / 9.971968e-01
PCG: 2 : 1.937345e-07 / 1.020641e+00
PCG: 3 : 2.032661e-07 / 1.070857e+00
PCG: 4 : 1.873970e-07 / 9.872541e-01
PCG: 5 : 2.003499e-07 / 1.055493e+00
PCG: 6 : 2.776308e-07 / 1.462628e+00
PCG: 0 : 2.776308e-07
PCG: 1 : 1.927660e-07 / 6.943251e-01
PCG: 2 : 1.723415e-07 / 6.207580e-01
PCG: 3 : 1.798084e-07 / 6.476530e-01
PCG: 4 : 1.657732e-07 / 5.970995e-01
PCG: 5 : 1.565237e-07 / 5.637838e-01
PCG: 6 : 1.527012e-07 / 5.500153e-01
PCG: 0 : 1.527012e-07
PCG: 1 : 1.521641e-07 / 9.964830e-01
PCG: 2 : 1.556131e-07 / 1.019069e+00
PCG: 3 : 1.632357e-07 / 1.068988e+00
PCG: 4 : 1.505420e-07 / 9.858603e-01
PCG: 5 : 1.610817e-07 / 1.054882e+00
PCG: 6 : 2.233456e-07 / 1.462632e+00
PCG: 0 : 2.233456e-07
PCG: 1 : 1.549708e-07 / 6.938608e-01
PCG: 2 : 1.384396e-07 / 6.198447e-01
PCG: 3 : 1.443976e-07 / 6.465210e-01
PCG: 4 : 1.331610e-07 / 5.962102e-01
PCG: 5 : 1.258419e-07 / 5.634400e-01
PCG: 6 : 1.228495e-07 / 5.500421e-01
PCG: 0 : 1.228495e-07
PCG: 1 : 1.223280e-07 / 9.957550e-01
PCG: 2 : 1.249962e-07 / 1.017474e+00
PCG: 3 : 1.310917e-07 / 1.067092e+00
PCG: 4 : 1.209379e-07 / 9.844393e-01
PCG: 5 : 1.295147e-07 / 1.054255e+00
PCG: 6 : 1.796843e-07 / 1.462637e+00
PCG: 0 : 1.796843e-07
PCG: 1 : 1.245906e-07 / 6.933864e-01
PCG: 2 : 1.112094e-07 / 6.189156e-01
PCG: 3 : 1.159632e-07 / 6.453721e-01
PCG: 4 : 1.069669e-07 / 5.953048e-01
PCG: 5 : 1.011776e-07 / 5.630855e-01
PCG: 6 : 9.883849e-08 / 5.500676e-01
PCG: 0 : 9.883848e-08
PCG: 1 : 9.834567e-08 / 9.950139e-01
PCG: 2 : 1.004059e-07 / 1.015859e+00
PCG: 3 : 1.052801e-07 / 1.065174e+00
PCG: 4 : 9.715764e-08 / 9.829940e-01
PCG: 5 : 1.041376e-07 / 1.053614e+00
PCG: 6 : 1.445655e-07 / 1.462644e+00
PCG: 0 : 1.445655e-07
PCG: 1 : 1.001700e-07 / 6.929038e-01
PCG: 2 : 8.933772e-08 / 6.179739e-01
PCG: 3 : 9.313056e-08 / 6.442100e-01
PCG: 4 : 8.592760e-08 / 5.943852e-01
PCG: 5 : 8.135012e-08 / 5.627214e-01
PCG: 6 : 7.952434e-08 / 5.500920e-01
PCG: 0 : 7.952434e-08
PCG: 1 : 7.906787e-08 / 9.942600e-01
PCG: 2 : 8.065566e-08 / 1.014226e+00
PCG: 3 : 8.455331e-08 / 1.063238e+00
PCG: 4 : 7.805535e-08 / 9.815278e-01
PCG: 5 : 8.373583e-08 / 1.052958e+00
PCG: 6 : 1.163163e-07 / 1.462651e+00
PCG: 0 : 1.163163e-07
PCG: 1 : 8.053902e-08 / 6.924137e-01
PCG: 2 : 7.176973e-08 / 6.170220e-01
PCG: 3 : 7.479584e-08 / 6.430383e-01
PCG: 4 : 6.902834e-08 / 5.934536e-01
PCG: 5 : 6.541025e-08 / 5.623480e-01
PCG: 6 : 6.398736e-08 / 5.501151e-01
PCG: 0 : 6.398736e-08
PCG: 1 : 6.357119e-08 / 9.934960e-01
PCG: 2 : 6.479243e-08 / 1.012582e+00
PCG: 3 : 6.790925e-08 / 1.061292e+00
PCG: 4 : 6.271045e-08 / 9.800442e-01
PCG: 5 : 6.733329e-08 / 1.052290e+00
PCG: 6 : 9.359159e-08 / 1.462657e+00
PCG: 0 : 9.359159e-08
PCG: 1 : 6.475756e-08 / 6.919165e-01
PCG: 2 : 5.765818e-08 / 6.160615e-01
PCG: 3 : 6.007273e-08 / 6.418603e-01
PCG: 4 : 5.545417e-08 / 5.925122e-01
PCG: 5 : 5.259533e-08 / 5.619664e-01
PCG: 6 : 5.148828e-08 / 5.501378e-01
PCG: 0 : 5.148828e-08
PCG: 1 : 5.111348e-08 / 9.927206e-01
PCG: 2 : 5.205086e-08 / 1.010926e+00
PCG: 3 : 5.454349e-08 / 1.059338e+00
PCG: 4 : 5.038355e-08 / 9.785440e-01
PCG: 5 : 5.414548e-08 / 1.051608e+00
PCG: 6 : 7.531001e-08 / 1.462663e+00
PCG: 0 : 7.531001e-08
PCG: 1 : 5.207028e-08 / 6.914125e-01
PCG: 2 : 4.632279e-08 / 6.150947e-01
PCG: 3 : 4.824958e-08 / 6.406795e-01
PCG: 4 : 4.455061e-08 / 5.915630e-01
PCG: 5 : 4.229232e-08 / 5.615763e-01
PCG: 6 : 4.143252e-08 / 5.501595e-01
PCG: 0 : 4.143252e-08
PCG: 1 : 4.109845e-08 / 9.919370e-01
PCG: 2 : 4.181646e-08 / 1.009267e+00
PCG: 3 : 4.381013e-08 / 1.057385e+00
PCG: 4 : 4.048093e-08 / 9.770328e-01
PCG: 5 : 4.354199e-08 / 1.050913e+00
PCG: 6 : 6.060205e-08 / 1.462669e+00
PCG: 0 : 6.060205e-08
PCG: 1 : 4.187012e-08 / 6.909027e-01
PCG: 2 : 3.721718e-08 / 6.141240e-01
PCG: 3 : 3.875495e-08 / 6.394989e-01
PCG: 4 : 3.579203e-08 / 5.906075e-01
PCG: 5 : 3.400857e-08 / 5.611785e-01
PCG: 6 : 3.334201e-08 / 5.501795e-01
PCG: 0 : 3.334201e-08
PCG: 1 : 3.304681e-08 / 9.911464e-01
PCG: 2 : 3.359560e-08 / 1.007606e+00
PCG: 3 : 3.519044e-08 / 1.055439e+00
PCG: 4 : 3.252559e-08 / 9.755139e-01
PCG: 5 : 3.501608e-08 / 1.050209e+00
PCG: 6 : 4.876861e-08 / 1.462678e+00
PCG: 0 : 4.876861e-08
PCG: 1 : 3.366921e-08 / 6.903868e-01
PCG: 2 : 2.990251e-08 / 6.131507e-01
PCG: 3 : 3.113009e-08 / 6.383222e-01
PCG: 4 : 2.875629e-08 / 5.896475e-01
PCG: 5 : 2.734813e-08 / 5.607732e-01
PCG: 6 : 2.683239e-08 / 5.501980e-01
PCG: 0 : 2.683239e-08
PCG: 1 : 2.657340e-08 / 9.903478e-01
PCG: 2 : 2.699193e-08 / 1.005945e+00
PCG: 3 : 2.826799e-08 / 1.053502e+00
PCG: 4 : 2.613446e-08 / 9.739890e-01
PCG: 5 : 2.816039e-08 / 1.049492e+00
PCG: 6 : 3.924727e-08 / 1.462682e+00
PCG: 0 : 3.924727e-08
PCG: 1 : 2.707542e-08 / 6.898675e-01
PCG: 2 : 2.402635e-08 / 6.121789e-01
PCG: 3 : 2.500655e-08 / 6.371539e-01
PCG: 4 : 2.310435e-08 / 5.886868e-01
PCG: 5 : 2.199269e-08 / 5.603623e-01
PCG: 6 : 2.159450e-08 / 5.502167e-01
PCG: 0 : 2.159450e-08
PCG: 1 : 2.136871e-08 / 9.895438e-01
PCG: 2 : 2.168717e-08 / 1.004291e+00
PCG: 3 : 2.270843e-08 / 1.051584e+00
PCG: 4 : 2.099984e-08 / 9.724622e-01
PCG: 5 : 2.264759e-08 / 1.048766e+00
PCG: 6 : 3.158601e-08 / 1.462687e+00
PCG: 0 : 3.158601e-08
PCG: 1 : 2.177362e-08 / 6.893438e-01
PCG: 2 : 1.930567e-08 / 6.112095e-01
PCG: 3 : 2.008859e-08 / 6.359965e-01
PCG: 4 : 1.856392e-08 / 5.877261e-01
PCG: 5 : 1.768643e-08 / 5.599450e-01
PCG: 6 : 1.737969e-08 / 5.502338e-01
PCG: 0 : 1.737969e-08
PCG: 1 : 1.718390e-08 / 9.887344e-01
PCG: 2 : 1.742568e-08 / 1.002646e+00
PCG: 3 : 1.824325e-08 / 1.049688e+00
PCG: 4 : 1.687458e-08 / 9.709364e-01
PCG: 5 : 1.821446e-08 / 1.048031e+00
PCG: 6 : 2.542112e-08 / 1.462691e+00
PCG: 0 : 2.542112e-08
PCG: 1 : 1.751050e-08 / 6.888170e-01
PCG: 2 : 1.551310e-08 / 6.102445e-01
PCG: 3 : 1.613869e-08 / 6.348536e-01
PCG: 4 : 1.491630e-08 / 5.867679e-01
PCG: 5 : 1.422369e-08 / 5.595226e-01
PCG: 6 : 1.398798e-08 / 5.502502e-01
PCG: 0 : 1.398798e-08
PCG: 1 : 1.381901e-08 / 9.879210e-01
PCG: 2 : 1.400215e-08 / 1.001013e+00
PCG: 3 : 1.465688e-08 / 1.047820e+00
PCG: 4 : 1.356016e-08 / 9.694155e-01
PCG: 5 : 1.464945e-08 / 1.047289e+00
PCG: 6 : 2.046016e-08 / 1.462696e+00
PCG: 0 : 2.046016e-08
PCG: 1 : 1.408246e-08 / 6.882871e-01
PCG: 2 : 1.246608e-08 / 6.092857e-01
PCG: 3 : 1.296617e-08 / 6.337275e-01
PCG: 4 : 1.198583e-08 / 5.858130e-01
PCG: 5 : 1.143916e-08 / 5.590943e-01
PCG: 6 : 1.125850e-08 / 5.502646e-01
PCG: 0 : 1.125850e-08
PCG: 1 : 1.111331e-08 / 9.871038e-01
PCG: 2 : 1.125169e-08 / 9.993948e-01
PCG: 3 : 1.177621e-08 / 1.045984e+00
PCG: 4 : 1.089712e-08 / 9.679019e-01
PCG: 5 : 1.178247e-08 / 1.046540e+00
PCG: 6 : 1.646782e-08 / 1.462701e+00
PCG: 0 : 1.646782e-08
PCG: 1 : 1.132582e-08 / 6.877545e-01
PCG: 2 : 1.001795e-08 / 6.083351e-01
PCG: 3 : 1.041790e-08 / 6.326220e-01
PCG: 4 : 9.631439e-09 / 5.848643e-01
PCG: 5 : 9.199940e-09 / 5.586618e-01
PCG: 6 : 9.061885e-09 / 5.502784e-01
PCG: 0 : 9.061885e-09
PCG: 1 : 8.937593e-09 / 9.862841e-01
PCG: 2 : 9.041901e-09 / 9.977948e-01
PCG: 3 : 9.462300e-09 / 1.044187e+00
PCG: 4 : 8.757389e-09 / 9.663982e-01
PCG: 5 : 9.476770e-09 / 1.045784e+00
PCG: 6 : 1.325488e-08 / 1.462707e+00
PCG: 0 : 1.325488e-08
PCG: 1 : 9.109006e-09 / 6.872191e-01
PCG: 2 : 8.050928e-09 / 6.073936e-01
PCG: 3 : 8.370974e-09 / 6.315391e-01
PCG: 4 : 7.739820e-09 / 5.839224e-01
PCG: 5 : 7.399200e-09 / 5.582246e-01
PCG: 6 : 7.294035e-09 / 5.502906e-01
PCG: 0 : 7.294035e-09
PCG: 1 : 7.187991e-09 / 9.854615e-01
PCG: 2 : 7.266424e-09 / 9.962146e-01
PCG: 3 : 7.603524e-09 / 1.042430e+00
PCG: 4 : 7.038059e-09 / 9.649062e-01
PCG: 5 : 7.622425e-09 / 1.045022e+00
PCG: 6 : 1.066908e-08 / 1.462713e+00
PCG: 0 : 1.066908e-08
PCG: 1 : 7.326260e-09 / 6.866817e-01
PCG: 2 : 6.470400e-09 / 6.064630e-01
PCG: 3 : 6.726657e-09 / 6.304816e-01
PCG: 4 : 6.219957e-09 / 5.829893e-01
PCG: 5 : 5.951036e-09 / 5.577836e-01
PCG: 6 : 5.871212e-09 / 5.503018e-01
PCG: 0 : 5.871212e-09
PCG: 1 : 5.781010e-09 / 9.846365e-01
PCG: 2 : 5.839838e-09 / 9.946563e-01
PCG: 3 : 6.110283e-09 / 1.040719e+00
PCG: 4 : 5.656488e-09 / 9.634277e-01
PCG: 5 : 6.131033e-09 / 1.044253e+00
PCG: 6 : 8.587922e-09 / 1.462717e+00
PCG: 0 : 8.587921e-09
PCG: 1 : 5.892538e-09 / 6.861424e-01
PCG: 2 : 5.200367e-09 / 6.055443e-01
PCG: 3 : 5.405682e-09 / 6.294517e-01
PCG: 4 : 4.998737e-09 / 5.820660e-01
PCG: 5 : 4.786386e-09 / 5.573393e-01
PCG: 6 : 4.726039e-09 / 5.503123e-01
PCG: 0 : 4.726039e-09
PCG: 1 : 4.649520e-09 / 9.838090e-01
PCG: 2 : 4.693529e-09 / 9.931211e-01
PCG: 3 : 4.910622e-09 / 1.039057e+00
PCG: 4 : 4.546286e-09 / 9.619655e-01
PCG: 5 : 4.931533e-09 / 1.043481e+00
PCG: 6 : 6.912885e-09 / 1.462723e+00
PCG: 0 : 6.912885e-09
PCG: 1 : 4.739483e-09 / 6.856013e-01
PCG: 2 : 4.179794e-09 / 6.046382e-01
PCG: 3 : 4.344412e-09 / 6.284514e-01
PCG: 4 : 4.017450e-09 / 5.811539e-01
PCG: 5 : 3.849725e-09 / 5.568912e-01
PCG: 6 : 3.804312e-09 / 5.503219e-01
PCG: 0 : 3.804312e-09
PCG: 1 : 3.739559e-09 / 9.829791e-01
PCG: 2 : 3.772399e-09 / 9.916114e-01
PCG: 3 : 3.946764e-09 / 1.037445e+00
PCG: 4 : 3.654115e-09 / 9.605192e-01
PCG: 5 : 3.966766e-09 / 1.042702e+00
PCG: 6 : 5.564675e-09 / 1.462729e+00
PCG: 0 : 5.564675e-09
PCG: 1 : 3.812123e-09 / 6.850576e-01
PCG: 2 : 3.359646e-09 / 6.037453e-01
PCG: 3 : 3.491734e-09 / 6.274821e-01
PCG: 4 : 3.228924e-09 / 5.802539e-01
PCG: 5 : 3.096409e-09 / 5.564403e-01
PCG: 6 : 3.062412e-09 / 5.503309e-01
PCG: 0 : 3.062412e-09
PCG: 1 : 3.007737e-09 / 9.821464e-01
PCG: 2 : 3.032176e-09 / 9.901267e-01
PCG: 3 : 3.172311e-09 / 1.035886e+00
PCG: 4 : 2.937131e-09 / 9.590907e-01
PCG: 5 : 3.190783e-09 / 1.041918e+00
PCG: 6 : 4.479491e-09 / 1.462733e+00
PCG: 0 : 4.479491e-09
PCG: 1 : 3.066266e-09 / 6.845122e-01
PCG: 2 : 2.700538e-09 / 6.028672e-01
PCG: 3 : 2.806608e-09 / 6.265462e-01
PCG: 4 : 2.595268e-09 / 5.793668e-01
PCG: 5 : 2.490539e-09 / 5.559871e-01
PCG: 6 : 2.465243e-09 / 5.503399e-01
PCG: 0 : 2.465243e-09
PCG: 1 : 2.419170e-09 / 9.813113e-01
PCG: 2 : 2.437307e-09 / 9.886683e-01
PCG: 3 : 2.550004e-09 / 1.034383e+00
PCG: 4 : 2.360914e-09 / 9.576802e-01
PCG: 5 : 2.566632e-09 / 1.041127e+00
PCG: 6 : 3.605999e-09 / 1.462736e+00
PCG: 0 : 3.605999e-09
PCG: 1 : 2.466373e-09 / 6.839638e-01
PCG: 2 : 2.170820e-09 / 6.020024e-01
PCG: 3 : 2.256068e-09 / 6.256430e-01
PCG: 4 : 2.086042e-09 / 5.784921e-01
PCG: 5 : 2.003240e-09 / 5.555298e-01
PCG: 6 : 1.984553e-09 / 5.503475e-01
PCG: 0 : 1.984553e-09
PCG: 1 : 1.945800e-09 / 9.804727e-01
PCG: 2 : 1.959223e-09 / 9.872367e-01
PCG: 3 : 2.049917e-09 / 1.032936e+00
PCG: 4 : 1.897807e-09 / 9.562896e-01
PCG: 5 : 2.064595e-09 / 1.040333e+00
PCG: 6 : 2.902885e-09 / 1.462740e+00

PCG ( VCycle ( S: Scale / C: Scale )  )

Complete solver TOE: 0.230361
8.34742 GFlop/s [8.34742 GFlops/s]

Total time: 0.230361s
Accumulated op time: 0.174702

Reductions: 63.5012%
Blas-1: 7.16571%
Blas-2: 5.17145%
Precon Kernels: 0%
MPI Execution: 0%
MPI Wait: 0%
Not covered: 24.1616%

Domain size: 2.85367 MByte
LA size: 6.32385 MByte
MPI size: 0.159225 MByte

H0-Error: 2.746330e-05
H1-Error: 1.613732e-02

Writing DATA to output.data...
Run-Time: 0:00.303 [0:00.303]
0x31d198e880 Error: MemoryPool<CUDA> still contains memory chunks on deconstructor call
