NUM-PROCS: 1
Preparing domain...
LVL-MIN: 4 [4]
LVL-MAX: 9 [9]
Creating gates...
Assembling system matrices...
Assembling system filters...
Assembling transfer matrices...
Converting assembled linear system from SparseMatrixCSR, Mem:main to SparseMatrixCSR, Mem:mainand to SparseMatrixCSR, Mem:main...
PCG:  0 : 1.894513e-02
PCG:  1 : 3.774730e-02 / 1.992454e+00
PCG:  2 : 4.953502e-02 / 2.614657e+00
PCG:  3 : 1.147277e-01 / 6.055789e+00
PCG:  4 : 1.196864e-01 / 6.317527e+00
PCG:  5 : 5.468968e-02 / 2.886741e+00
PCG:  6 : 2.265389e-02 / 1.195763e+00
PCG:  7 : 4.091762e-03 / 2.159797e-01
PCG:  8 : 1.388645e-03 / 7.329825e-02
PCG:  9 : 1.175736e-03 / 6.206005e-02
PCG: 10 : 3.275139e-04 / 1.728750e-02
PCG: 11 : 3.820419e-05 / 2.016571e-03
PCG: 12 : 2.308312e-05 / 1.218420e-03
PCG: 13 : 7.488807e-06 / 3.952893e-04
PCG: 14 : 9.743522e-07 / 5.143022e-05
PCG: 15 : 7.150500e-07 / 3.774321e-05
PCG: 16 : 1.094310e-06 / 5.776205e-05
PCG: 17 : 1.004154e-06 / 5.300329e-05
PCG: 18 : 2.020757e-07 / 1.066637e-05
PCG:  0 : 5.486782e-04
PCG:  1 : 5.702856e-05 / 1.039381e-01
PCG:  2 : 9.599466e-05 / 1.749562e-01
PCG:  3 : 4.089686e-05 / 7.453705e-02
PCG:  4 : 5.936742e-05 / 1.082008e-01
PCG:  5 : 4.037169e-05 / 7.357991e-02
PCG:  6 : 3.262289e-05 / 5.945724e-02
PCG:  7 : 1.957363e-05 / 3.567415e-02
PCG:  8 : 9.246701e-06 / 1.685268e-02
PCG:  9 : 1.759957e-06 / 3.207631e-03
PCG: 10 : 7.934837e-07 / 1.446173e-03
PCG: 11 : 7.613868e-07 / 1.387675e-03
PCG: 12 : 5.086823e-07 / 9.271049e-04
PCG: 13 : 3.975884e-07 / 7.246294e-04
PCG: 14 : 1.046522e-07 / 1.907352e-04
PCG: 15 : 9.070308e-08 / 1.653120e-04
PCG: 16 : 3.073412e-08 / 5.601484e-05
PCG: 17 : 6.994487e-09 / 1.274789e-05
PCG: 18 : 9.491467e-09 / 1.729879e-05
PCG:  0 : 1.613813e-08
PCG:  1 : 1.963300e-08 / 1.216560e+00
PCG:  2 : 2.476835e-08 / 1.534772e+00
PCG:  3 : 1.085035e-08 / 6.723424e-01
PCG:  4 : 7.612686e-09 / 4.717205e-01
PCG:  5 : 6.614695e-09 / 4.098799e-01
PCG:  6 : 2.998018e-09 / 1.857723e-01
PCG:  7 : 2.161119e-09 / 1.339139e-01
PCG:  8 : 1.050863e-09 / 6.511678e-02
PCG:  9 : 3.980127e-10 / 2.466288e-02
PCG: 10 : 1.886619e-10 / 1.169044e-02
PCG: 11 : 9.596368e-11 / 5.946395e-03
PCG: 12 : 5.836569e-11 / 3.616633e-03
PCG: 13 : 2.506971e-11 / 1.553446e-03
PCG: 14 : 1.438545e-11 / 8.913950e-04
PCG: 15 : 1.363825e-11 / 8.450947e-04
PCG: 16 : 1.015538e-11 / 6.292788e-04
PCG: 17 : 5.107037e-12 / 3.164578e-04
PCG: 18 : 2.553980e-12 / 1.582575e-04

PCG ( VCycle ( S: Scale / C: Scale )  )

Complete solver TOE: 4.44456
0.457299 GFlop/s [0.457299 GFlops/s]

Total time: 4.44456s
Accumulated op time: 4.33715

Reductions: 1.85321%
Blas-1: 5.47119%
Blas-2: 90.2591%
Precon Kernels: 0%
MPI Execution: 0%
MPI Wait: 0%
Not covered: 2.41648%

Domain size: 26.799 MByte
LA size: 89.2379 MByte
MPI size: 2.68149 MByte

H0-Error: 1.716361e-06
H1-Error: 4.034414e-03

Writing DATA to output.data...
Run-Time: 0:06.914 [0:06.914]
0xb338d9f8 Error: MemoryPool<CPU> still contains memory chunks on deconstructor call
