NUM-PROCS: 1
Preparing domain...
LVL-MIN: 1 [1]
LVL-MAX: 10 [10]
Creating gates...
Assembling system matrices...
Assembling system filters...
Assembling transfer matrices...
Converting assembled linear system from SparseMatrixCSR, Mem:main to SparseMatrixELL, Mem:cudaand to SparseMatrixELL, Mem:cuda...
PCG: 0 : 9.473711e-03
PCG: 1 : 3.632814e-03 / 3.834626e-01
PCG: 2 : 1.419615e-03 / 1.498479e-01
PCG: 3 : 4.982905e-04 / 5.259718e-02
PCG: 4 : 1.272001e-04 / 1.342664e-02
PCG: 5 : 1.428272e-05 / 1.507616e-03
PCG: 6 : 1.278890e-06 / 1.349936e-04
PCG: 7 : 1.857539e-07 / 1.960730e-05
PCG: 0 : 2.118336e-04
PCG: 1 : 3.078101e-05 / 1.453075e-01
PCG: 2 : 4.006035e-06 / 1.891123e-02
PCG: 3 : 6.951027e-07 / 3.281362e-03
PCG: 4 : 8.159977e-08 / 3.852069e-04
PCG: 5 : 9.008789e-09 / 4.252767e-05
PCG: 6 : 1.122492e-09 / 5.298931e-06
PCG: 7 : 1.095868e-10 / 5.173247e-07
PCG: 0 : 4.160837e-08
PCG: 1 : 1.230200e-08 / 2.956617e-01
PCG: 2 : 1.578783e-09 / 3.794387e-02
PCG: 3 : 3.073907e-10 / 7.387714e-03
PCG: 4 : 5.364055e-11 / 1.289177e-03
PCG: 5 : 5.680730e-12 / 1.365285e-04
PCG: 6 : 6.572688e-13 / 1.579655e-05
PCG: 7 : 9.477521e-14 / 2.277792e-06

PCG ( VCycle ( S: Scale / C: Scale )  )

Complete solver TOE: 6.56001
0.496069 GFlop/s [0.496069 GFlops/s]

Total time: 6.56001s
Accumulated op time: 1.85307

Reductions: 26.7258%
Blas-1: 0.802209%
Blas-2: 0.719923%
Precon Kernels: 0%
MPI Execution: 0%
MPI Wait: 0%
Not covered: 71.752%

Domain size: 106.948 MByte
LA size: 356.567 MByte
MPI size: 10.698 MByte

H0-Error: 4.291837e-07
H1-Error: 2.017209e-03

Writing DATA to output.data...
Run-Time: 0:18.156 [0:18.156]
0xb33269f8 Error: MemoryPool<CUDA> still contains memory chunks on deconstructor call
