NUM-PROCS: 1
Preparing domain...
LVL-MIN: 6 [6]
LVL-MAX: 9 [9]
Creating gates...
Assembling system matrices...
Assembling system filters...
Assembling transfer matrices...
Converting assembled linear system from SparseMatrixCSR, Mem:main to SparseMatrixCSR, Mem:mainand to SparseMatrixCSR, Mem:main...
PCG: 0 : 1.894412e-02
PCG: 1 : 1.595567e-01 / 8.422489e+00
PCG: 2 : 1.432495e-01 / 7.561683e+00
PCG: 3 : 2.806424e-01 / 1.481422e+01
PCG: 0 : 2.805492e-01
PCG: 1 : 1.989472e-01 / 7.091348e-01
PCG: 2 : 1.352557e-01 / 4.821105e-01
PCG: 3 : 1.604535e-01 / 5.719265e-01
PCG: 0 : 1.604535e-01
PCG: 1 : 1.023441e-01 / 6.378428e-01
PCG: 2 : 1.092591e-01 / 6.809394e-01
PCG: 3 : 9.513654e-02 / 5.929229e-01
PCG: 0 : 9.513655e-02
PCG: 1 : 7.483924e-02 / 7.866508e-01
PCG: 2 : 7.764184e-02 / 8.161095e-01
PCG: 3 : 1.252108e-01 / 1.316117e+00
PCG: 0 : 1.252108e-01
PCG: 1 : 7.116685e-02 / 5.683762e-01
PCG: 2 : 6.711712e-02 / 5.360329e-01
PCG: 3 : 6.840388e-02 / 5.463097e-01
PCG: 0 : 6.840388e-02
PCG: 1 : 5.476622e-02 / 8.006303e-01
PCG: 2 : 6.016462e-02 / 8.795497e-01
PCG: 3 : 1.043848e-01 / 1.526007e+00
PCG: 0 : 1.043848e-01
PCG: 1 : 5.882618e-02 / 5.635512e-01
PCG: 2 : 5.398962e-02 / 5.172172e-01
PCG: 3 : 5.634786e-02 / 5.398090e-01
PCG: 0 : 5.634785e-02
PCG: 1 : 4.537322e-02 / 8.052343e-01
PCG: 2 : 5.085445e-02 / 9.025092e-01
PCG: 3 : 8.981486e-02 / 1.593936e+00
PCG: 0 : 8.981485e-02
PCG: 1 : 5.099605e-02 / 5.677909e-01
PCG: 2 : 4.643180e-02 / 5.169724e-01
PCG: 3 : 4.884475e-02 / 5.438383e-01
PCG: 0 : 4.884475e-02
PCG: 1 : 3.952892e-02 / 8.092767e-01
PCG: 2 : 4.468291e-02 / 9.147946e-01
PCG: 3 : 7.914473e-02 / 1.620332e+00
PCG: 0 : 7.914470e-02
PCG: 1 : 4.538246e-02 / 5.734112e-01
PCG: 2 : 4.137626e-02 / 5.227925e-01
PCG: 3 : 4.394815e-02 / 5.552886e-01
PCG: 0 : 4.394814e-02
PCG: 1 : 3.561190e-02 / 8.103163e-01
PCG: 2 : 4.017569e-02 / 9.141612e-01
PCG: 3 : 7.097147e-02 / 1.614891e+00
PCG: 0 : 7.097146e-02
PCG: 1 : 4.106588e-02 / 5.786253e-01
PCG: 2 : 3.772162e-02 / 5.315041e-01
PCG: 3 : 4.065359e-02 / 5.728161e-01
PCG: 0 : 4.065359e-02
PCG: 1 : 3.287688e-02 / 8.087077e-01
PCG: 2 : 3.666317e-02 / 9.018434e-01
PCG: 3 : 6.440280e-02 / 1.584185e+00
PCG: 0 : 6.440280e-02
PCG: 1 : 3.755038e-02 / 5.830551e-01
PCG: 2 : 3.496502e-02 / 5.429115e-01
PCG: 3 : 3.841313e-02 / 5.964513e-01
PCG: 0 : 3.841313e-02
PCG: 1 : 3.091699e-02 / 8.048546e-01
PCG: 2 : 3.377711e-02 / 8.793116e-01
PCG: 3 : 5.890688e-02 / 1.533509e+00
PCG: 0 : 5.890686e-02
PCG: 1 : 3.455370e-02 / 5.865819e-01
PCG: 2 : 3.276195e-02 / 5.561653e-01
PCG: 3 : 3.676835e-02 / 6.241777e-01
PCG: 0 : 3.676835e-02
PCG: 1 : 2.941904e-02 / 8.001187e-01
PCG: 2 : 3.128051e-02 / 8.507457e-01
PCG: 3 : 5.412299e-02 / 1.472000e+00
PCG: 0 : 5.412300e-02
PCG: 1 : 3.190586e-02 / 5.895066e-01
PCG: 2 : 3.093820e-02 / 5.716277e-01
PCG: 3 : 3.551101e-02 / 6.561168e-01
PCG: 0 : 3.551101e-02
PCG: 1 : 2.822219e-02 / 7.947450e-01
PCG: 2 : 2.906558e-02 / 8.184949e-01
PCG: 3 : 4.988836e-02 / 1.404870e+00
PCG: 0 : 4.988836e-02
PCG: 1 : 2.951991e-02 / 5.917193e-01
PCG: 2 : 2.934482e-02 / 5.882098e-01
PCG: 3 : 3.441054e-02 / 6.897508e-01
PCG: 0 : 3.441053e-02
PCG: 1 : 2.717404e-02 / 7.897011e-01
PCG: 2 : 2.705813e-02 / 7.863328e-01
PCG: 3 : 4.609436e-02 / 1.339542e+00
PCG: 0 : 4.609436e-02
PCG: 1 : 2.735189e-02 / 5.933891e-01
PCG: 2 : 2.790178e-02 / 6.053188e-01
PCG: 3 : 3.334567e-02 / 7.234219e-01
PCG: 0 : 3.334568e-02
PCG: 1 : 2.618610e-02 / 7.852922e-01
PCG: 2 : 2.523553e-02 / 7.567856e-01
PCG: 3 : 4.271057e-02 / 1.280843e+00
PCG: 0 : 4.271057e-02
PCG: 1 : 2.539346e-02 / 5.945475e-01
PCG: 2 : 2.654974e-02 / 6.216200e-01
PCG: 3 : 3.222683e-02 / 7.545401e-01
PCG: 0 : 3.222683e-02
PCG: 1 : 2.519308e-02 / 7.817426e-01
PCG: 2 : 2.356949e-02 / 7.313626e-01
PCG: 3 : 3.967983e-02 / 1.231267e+00
PCG: 0 : 3.967983e-02
PCG: 1 : 2.362544e-02 / 5.954018e-01
PCG: 2 : 2.525465e-02 / 6.364605e-01
PCG: 3 : 3.104000e-02 / 7.822614e-01
PCG: 0 : 3.104000e-02
PCG: 1 : 2.417731e-02 / 7.789083e-01
PCG: 2 : 2.205610e-02 / 7.105704e-01
PCG: 3 : 3.697032e-02 / 1.191054e+00
PCG: 0 : 3.697032e-02
PCG: 1 : 2.203506e-02 / 5.960201e-01
PCG: 2 : 2.400612e-02 / 6.493348e-01
PCG: 3 : 2.979249e-02 / 8.058487e-01
PCG: 0 : 2.979249e-02
PCG: 1 : 2.313770e-02 / 7.766286e-01
PCG: 2 : 2.068013e-02 / 6.941389e-01
PCG: 3 : 3.454613e-02 / 1.159559e+00
PCG: 0 : 3.454611e-02
PCG: 1 : 2.060776e-02 / 5.965291e-01
PCG: 2 : 2.279684e-02 / 6.598959e-01
PCG: 3 : 2.848767e-02 / 8.246273e-01
PCG: 0 : 2.848767e-02
PCG: 1 : 2.208182e-02 / 7.751362e-01
PCG: 2 : 1.942224e-02 / 6.817773e-01
PCG: 3 : 3.235391e-02 / 1.135716e+00
PCG: 0 : 3.235391e-02
PCG: 1 : 1.931074e-02 / 5.968594e-01
PCG: 2 : 2.162585e-02 / 6.684154e-01
PCG: 3 : 2.716252e-02 / 8.395436e-01
PCG: 0 : 2.716252e-02
PCG: 1 : 2.102766e-02 / 7.741424e-01
PCG: 2 : 1.826992e-02 / 6.726152e-01
PCG: 3 : 3.036334e-02 / 1.117839e+00
PCG: 0 : 3.036334e-02
PCG: 1 : 1.813290e-02 / 5.971970e-01
PCG: 2 : 2.049979e-02 / 6.751494e-01
PCG: 3 : 2.583802e-02 / 8.509609e-01
PCG: 0 : 2.583803e-02
PCG: 1 : 1.998918e-02 / 7.736343e-01
PCG: 2 : 1.720997e-02 / 6.660715e-01
PCG: 3 : 2.854132e-02 / 1.104625e+00
PCG: 0 : 2.854133e-02
PCG: 1 : 1.705499e-02 / 5.975541e-01
PCG: 2 : 1.941885e-02 / 6.803763e-01
PCG: 3 : 2.452848e-02 / 8.594022e-01
PCG: 0 : 2.452848e-02
PCG: 1 : 1.897402e-02 / 7.735505e-01
PCG: 2 : 1.622797e-02 / 6.615970e-01
PCG: 3 : 2.686186e-02 / 1.095129e+00
PCG: 0 : 2.686186e-02
PCG: 1 : 1.606052e-02 / 5.978931e-01
PCG: 2 : 1.838331e-02 / 6.843646e-01
PCG: 3 : 2.324861e-02 / 8.654878e-01
PCG: 0 : 2.324862e-02
PCG: 1 : 1.798832e-02 / 7.737373e-01
PCG: 2 : 1.531243e-02 / 6.586384e-01
PCG: 3 : 2.529828e-02 / 1.088163e+00
PCG: 0 : 2.529828e-02
PCG: 1 : 1.513935e-02 / 5.984338e-01
PCG: 2 : 1.739596e-02 / 6.876342e-01
PCG: 3 : 2.201640e-02 / 8.702724e-01
PCG: 0 : 2.201639e-02
PCG: 1 : 1.704209e-02 / 7.740635e-01
PCG: 2 : 1.445915e-02 / 6.567445e-01
PCG: 3 : 2.384651e-02 / 1.083125e+00
PCG: 0 : 2.384651e-02
PCG: 1 : 1.427921e-02 / 5.987965e-01
PCG: 2 : 1.645420e-02 / 6.900048e-01
PCG: 3 : 2.082296e-02 / 8.732079e-01
PCG: 0 : 2.082296e-02
PCG: 1 : 1.613413e-02 / 7.748240e-01
PCG: 2 : 1.365830e-02 / 6.559252e-01
PCG: 3 : 2.248777e-02 / 1.079951e+00
PCG: 0 : 2.248777e-02
PCG: 1 : 1.347674e-02 / 5.992921e-01
PCG: 2 : 1.556123e-02 / 6.919866e-01
PCG: 3 : 1.968645e-02 / 8.754293e-01
PCG: 0 : 1.968646e-02
PCG: 1 : 1.526659e-02 / 7.754869e-01
PCG: 2 : 1.290460e-02 / 6.555066e-01
PCG: 3 : 2.121189e-02 / 1.077486e+00
PCG: 0 : 2.121189e-02
PCG: 1 : 1.272190e-02 / 5.997535e-01
PCG: 2 : 1.470937e-02 / 6.934492e-01
PCG: 3 : 1.860224e-02 / 8.769725e-01
PCG: 0 : 1.860224e-02
PCG: 1 : 1.443789e-02 / 7.761369e-01
PCG: 2 : 1.219418e-02 / 6.555218e-01
PCG: 3 : 2.001449e-02 / 1.075918e+00
PCG: 0 : 2.001449e-02
PCG: 1 : 1.201394e-02 / 6.002622e-01
PCG: 2 : 1.390197e-02 / 6.945953e-01
PCG: 3 : 1.757377e-02 / 8.780524e-01
PCG: 0 : 1.757377e-02
PCG: 1 : 1.364853e-02 / 7.766421e-01
PCG: 2 : 1.152352e-02 / 6.557227e-01
PCG: 3 : 1.888404e-02 / 1.074558e+00
PCG: 0 : 1.888404e-02
PCG: 1 : 1.134611e-02 / 6.008304e-01
PCG: 2 : 1.313623e-02 / 6.956261e-01
PCG: 3 : 1.659750e-02 / 8.789168e-01
PCG: 0 : 1.659750e-02
PCG: 1 : 1.290090e-02 / 7.772793e-01
PCG: 2 : 1.089139e-02 / 6.562064e-01
PCG: 3 : 1.782157e-02 / 1.073750e+00
PCG: 0 : 1.782157e-02
PCG: 1 : 1.071533e-02 / 6.012561e-01
PCG: 2 : 1.240755e-02 / 6.962094e-01
PCG: 3 : 1.566968e-02 / 8.792533e-01
PCG: 0 : 1.566968e-02
PCG: 1 : 1.218902e-02 / 7.778732e-01
PCG: 2 : 1.029298e-02 / 6.568725e-01
PCG: 3 : 1.682083e-02 / 1.073464e+00
PCG: 0 : 1.682083e-02
PCG: 1 : 1.012324e-02 / 6.018273e-01
PCG: 2 : 1.172260e-02 / 6.969094e-01
PCG: 3 : 1.479398e-02 / 8.795031e-01
PCG: 0 : 1.479398e-02
PCG: 1 : 1.151761e-02 / 7.785340e-01
PCG: 2 : 9.727537e-03 / 6.575336e-01
PCG: 3 : 1.587861e-02 / 1.073316e+00
PCG: 0 : 1.587861e-02
PCG: 1 : 9.561028e-03 / 6.021327e-01
PCG: 2 : 1.107356e-02 / 6.973888e-01
PCG: 3 : 1.396169e-02 / 8.792766e-01
PCG: 0 : 1.396168e-02
PCG: 1 : 1.087963e-02 / 7.792494e-01
PCG: 2 : 9.189712e-03 / 6.582094e-01
PCG: 3 : 1.498752e-02 / 1.073475e+00
PCG: 0 : 1.498753e-02
PCG: 1 : 9.028816e-03 / 6.024221e-01
PCG: 2 : 1.045748e-02 / 6.977458e-01
PCG: 3 : 1.317836e-02 / 8.792883e-01
PCG: 0 : 1.317835e-02
PCG: 1 : 1.027740e-02 / 7.798699e-01
PCG: 2 : 8.683495e-03 / 6.589211e-01
PCG: 3 : 1.415037e-02 / 1.073758e+00
PCG: 0 : 1.415037e-02
PCG: 1 : 8.527536e-03 / 6.026371e-01
PCG: 2 : 9.876763e-03 / 6.979863e-01
PCG: 3 : 1.243399e-02 / 8.787042e-01
PCG: 0 : 1.243399e-02
PCG: 1 : 9.705287e-03 / 7.805452e-01
PCG: 2 : 8.202213e-03 / 6.596608e-01
PCG: 3 : 1.335710e-02 / 1.074241e+00
PCG: 0 : 1.335710e-02
PCG: 1 : 8.053033e-03 / 6.029029e-01
PCG: 2 : 9.325776e-03 / 6.981888e-01
PCG: 3 : 1.173483e-02 / 8.785464e-01
PCG: 0 : 1.173483e-02
PCG: 1 : 9.164065e-03 / 7.809288e-01
PCG: 2 : 7.747742e-03 / 6.602348e-01
PCG: 3 : 1.260807e-02 / 1.074414e+00
PCG: 0 : 1.260807e-02
PCG: 1 : 7.604214e-03 / 6.031229e-01
PCG: 2 : 8.804991e-03 / 6.983617e-01
PCG: 3 : 1.107545e-02 / 8.784416e-01
PCG: 0 : 1.107546e-02
PCG: 1 : 8.653167e-03 / 7.812921e-01
PCG: 2 : 7.318156e-03 / 6.607543e-01
PCG: 3 : 1.190284e-02 / 1.074704e+00
PCG: 0 : 1.190284e-02
PCG: 1 : 7.180181e-03 / 6.032325e-01
PCG: 2 : 8.312413e-03 / 6.983554e-01
PCG: 3 : 1.045044e-02 / 8.779784e-01
PCG: 0 : 1.045044e-02
PCG: 1 : 8.169745e-03 / 7.817611e-01
PCG: 2 : 6.911668e-03 / 6.613761e-01
PCG: 3 : 1.123590e-02 / 1.075161e+00
PCG: 0 : 1.123590e-02
PCG: 1 : 6.779283e-03 / 6.033594e-01
PCG: 2 : 7.846939e-03 / 6.983813e-01
PCG: 3 : 9.859926e-03 / 8.775381e-01
PCG: 0 : 9.859926e-03
PCG: 1 : 7.712360e-03 / 7.821924e-01
PCG: 2 : 6.526654e-03 / 6.619374e-01
PCG: 3 : 1.060487e-02 / 1.075552e+00
PCG: 0 : 1.060486e-02
PCG: 1 : 6.400855e-03 / 6.035773e-01
PCG: 2 : 7.407570e-03 / 6.985068e-01
PCG: 3 : 9.304830e-03 / 8.774115e-01
PCG: 0 : 9.304829e-03
PCG: 1 : 7.280850e-03 / 7.824808e-01
PCG: 2 : 6.163245e-03 / 6.623706e-01
PCG: 3 : 1.001035e-02 / 1.075823e+00
PCG: 0 : 1.001036e-02
PCG: 1 : 6.042655e-03 / 6.036403e-01
PCG: 2 : 6.992441e-03 / 6.985207e-01
PCG: 3 : 8.778722e-03 / 8.769639e-01
PCG: 0 : 8.778721e-03
PCG: 1 : 6.871910e-03 / 7.827917e-01
PCG: 2 : 5.819005e-03 / 6.628534e-01
PCG: 3 : 9.448555e-03 / 1.076302e+00
PCG: 0 : 9.448555e-03
PCG: 1 : 5.705256e-03 / 6.038231e-01
PCG: 2 : 6.599670e-03 / 6.984845e-01
PCG: 3 : 8.286338e-03 / 8.769953e-01
PCG: 0 : 8.286339e-03
PCG: 1 : 6.486251e-03 / 7.827644e-01
PCG: 2 : 5.495040e-03 / 6.631445e-01
PCG: 3 : 8.918233e-03 / 1.076257e+00
PCG: 0 : 8.918235e-03
PCG: 1 : 5.386157e-03 / 6.039488e-01
PCG: 2 : 6.228561e-03 / 6.984073e-01
PCG: 3 : 7.816933e-03 / 8.765112e-01
PCG: 0 : 7.816932e-03
PCG: 1 : 6.121933e-03 / 7.831631e-01
PCG: 2 : 5.187781e-03 / 6.636594e-01
PCG: 3 : 8.417223e-03 / 1.076794e+00
PCG: 0 : 8.417225e-03
PCG: 1 : 5.084433e-03 / 6.040509e-01
PCG: 2 : 5.879097e-03 / 6.984602e-01
PCG: 3 : 7.375869e-03 / 8.762826e-01
PCG: 0 : 7.375868e-03
PCG: 1 : 5.778257e-03 / 7.834003e-01
PCG: 2 : 4.898401e-03 / 6.641118e-01
PCG: 3 : 7.945488e-03 / 1.077228e+00
PCG: 0 : 7.945487e-03
PCG: 1 : 4.800350e-03 / 6.041605e-01
PCG: 2 : 5.548254e-03 / 6.982899e-01
PCG: 3 : 6.958023e-03 / 8.757201e-01
PCG: 0 : 6.958023e-03
PCG: 1 : 5.452812e-03 / 7.836727e-01
PCG: 2 : 4.624265e-03 / 6.645947e-01
PCG: 3 : 7.499633e-03 / 1.077840e+00
PCG: 0 : 7.499633e-03
PCG: 1 : 4.530801e-03 / 6.041363e-01
PCG: 2 : 5.235557e-03 / 6.981084e-01
PCG: 3 : 6.563915e-03 / 8.752315e-01
PCG: 0 : 6.563916e-03
PCG: 1 : 5.146881e-03 / 7.841173e-01
PCG: 2 : 4.365751e-03 / 6.651137e-01
PCG: 3 : 7.079646e-03 / 1.078570e+00
PCG: 0 : 7.079645e-03
PCG: 1 : 4.276751e-03 / 6.040912e-01
PCG: 2 : 4.941310e-03 / 6.979602e-01
PCG: 3 : 6.192781e-03 / 8.747303e-01
PCG: 0 : 6.192779e-03
PCG: 1 : 4.856233e-03 / 7.841768e-01
PCG: 2 : 4.120296e-03 / 6.653388e-01
PCG: 3 : 6.681747e-03 / 1.078958e+00
PCG: 0 : 6.681745e-03
PCG: 1 : 4.036563e-03 / 6.041180e-01
PCG: 2 : 4.662493e-03 / 6.977957e-01
PCG: 3 : 5.842904e-03 / 8.744577e-01
PCG: 0 : 5.842902e-03
PCG: 1 : 4.582998e-03 / 7.843702e-01
PCG: 2 : 3.889672e-03 / 6.657090e-01
PCG: 3 : 6.306718e-03 / 1.079381e+00
PCG: 0 : 6.306717e-03
PCG: 1 : 3.809588e-03 / 6.040525e-01
PCG: 2 : 4.399520e-03 / 6.975928e-01
PCG: 3 : 5.511461e-03 / 8.739033e-01
PCG: 0 : 5.511461e-03
PCG: 1 : 4.324478e-03 / 7.846338e-01
PCG: 2 : 3.671051e-03 / 6.660759e-01
PCG: 3 : 5.951993e-03 / 1.079930e+00
PCG: 0 : 5.951992e-03
PCG: 1 : 3.596013e-03 / 6.041697e-01
PCG: 2 : 4.152180e-03 / 6.976119e-01
PCG: 3 : 5.201180e-03 / 8.738555e-01
PCG: 0 : 5.201180e-03
PCG: 1 : 4.080789e-03 / 7.845891e-01
PCG: 2 : 3.464986e-03 / 6.661923e-01
PCG: 3 : 5.617401e-03 / 1.080024e+00
PCG: 0 : 5.617401e-03
PCG: 1 : 3.393741e-03 / 6.041480e-01
PCG: 2 : 3.917534e-03 / 6.973926e-01
PCG: 3 : 4.907190e-03 / 8.735695e-01
PCG: 0 : 4.907189e-03
PCG: 1 : 3.850451e-03 / 7.846550e-01
PCG: 2 : 3.270546e-03 / 6.664804e-01
PCG: 3 : 5.302110e-03 / 1.080478e+00
PCG: 0 : 5.302109e-03
PCG: 1 : 3.203033e-03 / 6.041055e-01
PCG: 2 : 3.696152e-03 / 6.971098e-01
PCG: 3 : 4.629617e-03 / 8.731651e-01
PCG: 0 : 4.629618e-03
PCG: 1 : 3.632683e-03 / 7.846615e-01
PCG: 2 : 3.086605e-03 / 6.667085e-01
PCG: 3 : 5.003428e-03 / 1.080743e+00
PCG: 0 : 5.003428e-03
PCG: 1 : 3.023352e-03 / 6.042561e-01
PCG: 2 : 3.487579e-03 / 6.970380e-01
PCG: 3 : 4.368249e-03 / 8.730513e-01
PCG: 0 : 4.368249e-03
PCG: 1 : 3.427934e-03 / 7.847387e-01
PCG: 2 : 2.913676e-03 / 6.670123e-01
PCG: 3 : 4.722788e-03 / 1.081163e+00
PCG: 0 : 4.722787e-03
PCG: 1 : 2.853389e-03 / 6.041750e-01
PCG: 2 : 3.290748e-03 / 6.967810e-01
PCG: 3 : 4.121008e-03 / 8.725798e-01
PCG: 0 : 4.121009e-03
PCG: 1 : 3.234353e-03 / 7.848449e-01
PCG: 2 : 2.749535e-03 / 6.671994e-01
PCG: 3 : 4.456847e-03 / 1.081494e+00
PCG: 0 : 4.456847e-03
PCG: 1 : 2.692690e-03 / 6.041693e-01
PCG: 2 : 3.105191e-03 / 6.967236e-01
PCG: 3 : 3.888262e-03 / 8.724244e-01
PCG: 0 : 3.888262e-03
PCG: 1 : 3.051940e-03 / 7.849112e-01
PCG: 2 : 2.594530e-03 / 6.672725e-01
PCG: 3 : 4.205924e-03 / 1.081698e+00
PCG: 0 : 4.205924e-03
PCG: 1 : 2.540932e-03 / 6.041318e-01
PCG: 2 : 2.930097e-03 / 6.966594e-01
PCG: 3 : 3.668421e-03 / 8.722033e-01
PCG: 0 : 3.668421e-03
PCG: 1 : 2.879794e-03 / 7.850226e-01
PCG: 2 : 2.448198e-03 / 6.673711e-01
PCG: 3 : 3.968749e-03 / 1.081868e+00
PCG: 0 : 3.968749e-03
PCG: 1 : 2.397636e-03 / 6.041291e-01
PCG: 2 : 2.764719e-03 / 6.966223e-01
PCG: 3 : 3.461659e-03 / 8.722293e-01
PCG: 0 : 3.461659e-03
PCG: 1 : 2.717234e-03 / 7.849514e-01
PCG: 2 : 2.310390e-03 / 6.674227e-01
PCG: 3 : 3.745289e-03 / 1.081935e+00
PCG: 0 : 3.745289e-03
PCG: 1 : 2.262352e-03 / 6.040527e-01
PCG: 2 : 2.608211e-03 / 6.963980e-01
PCG: 3 : 3.265910e-03 / 8.720048e-01
PCG: 0 : 3.265910e-03
PCG: 1 : 2.563675e-03 / 7.849804e-01
PCG: 2 : 2.180173e-03 / 6.675546e-01
PCG: 3 : 3.534448e-03 / 1.082224e+00
PCG: 0 : 3.534448e-03
PCG: 1 : 2.134860e-03 / 6.040151e-01
PCG: 2 : 2.460870e-03 / 6.962531e-01
PCG: 3 : 3.080875e-03 / 8.716708e-01
PCG: 0 : 3.080876e-03
PCG: 1 : 2.419004e-03 / 7.851675e-01
PCG: 2 : 2.057469e-03 / 6.678194e-01
PCG: 3 : 3.335524e-03 / 1.082654e+00
PCG: 0 : 3.335525e-03
PCG: 1 : 2.014834e-03 / 6.040529e-01
PCG: 2 : 2.322014e-03 / 6.961465e-01
PCG: 3 : 2.906997e-03 / 8.715260e-01
PCG: 0 : 2.906997e-03
PCG: 1 : 2.282166e-03 / 7.850595e-01
PCG: 2 : 1.941291e-03 / 6.677996e-01
PCG: 3 : 3.147437e-03 / 1.082711e+00
PCG: 0 : 3.147436e-03
PCG: 1 : 1.901018e-03 / 6.039892e-01
PCG: 2 : 2.190747e-03 / 6.960416e-01
PCG: 3 : 2.742791e-03 / 8.714365e-01
PCG: 0 : 2.742790e-03
PCG: 1 : 2.153402e-03 / 7.851138e-01
PCG: 2 : 1.831900e-03 / 6.678966e-01
PCG: 3 : 2.970220e-03 / 1.082919e+00
PCG: 0 : 2.970220e-03
PCG: 1 : 1.793918e-03 / 6.039682e-01
PCG: 2 : 2.067144e-03 / 6.959566e-01
PCG: 3 : 2.587949e-03 / 8.712987e-01
PCG: 0 : 2.587949e-03
PCG: 1 : 2.031649e-03 / 7.850420e-01
PCG: 2 : 1.728785e-03 / 6.680135e-01
PCG: 3 : 2.802833e-03 / 1.083033e+00
PCG: 0 : 2.802833e-03
PCG: 1 : 1.693056e-03 / 6.040515e-01
PCG: 2 : 1.950408e-03 / 6.958702e-01
PCG: 3 : 2.441297e-03 / 8.710103e-01
PCG: 0 : 2.441296e-03
PCG: 1 : 1.917072e-03 / 7.852679e-01
PCG: 2 : 1.631251e-03 / 6.681905e-01
PCG: 3 : 2.644867e-03 / 1.083386e+00
PCG: 0 : 2.644866e-03
PCG: 1 : 1.597408e-03 / 6.039656e-01
PCG: 2 : 1.840234e-03 / 6.957759e-01
PCG: 3 : 2.303185e-03 / 8.708133e-01
PCG: 0 : 2.303184e-03
PCG: 1 : 1.808662e-03 / 7.852877e-01
PCG: 2 : 1.539011e-03 / 6.682103e-01
PCG: 3 : 2.495767e-03 / 1.083616e+00
PCG: 0 : 2.495767e-03
PCG: 1 : 1.507113e-03 / 6.038674e-01
PCG: 2 : 1.736131e-03 / 6.956301e-01
PCG: 3 : 2.173257e-03 / 8.707770e-01
PCG: 0 : 2.173257e-03
PCG: 1 : 1.706295e-03 / 7.851328e-01
PCG: 2 : 1.452173e-03 / 6.682014e-01
PCG: 3 : 2.354946e-03 / 1.083602e+00
PCG: 0 : 2.354946e-03
PCG: 1 : 1.421998e-03 / 6.038346e-01
PCG: 2 : 1.637785e-03 / 6.954659e-01
PCG: 3 : 2.050506e-03 / 8.707232e-01
PCG: 0 : 2.050507e-03
PCG: 1 : 1.609792e-03 / 7.850706e-01
PCG: 2 : 1.370188e-03 / 6.682194e-01
PCG: 3 : 2.222138e-03 / 1.083702e+00
PCG: 0 : 2.222137e-03
PCG: 1 : 1.341814e-03 / 6.038393e-01
PCG: 2 : 1.545294e-03 / 6.954090e-01
PCG: 3 : 1.934831e-03 / 8.707073e-01
PCG: 0 : 1.934831e-03
PCG: 1 : 1.518781e-03 / 7.849684e-01
PCG: 2 : 1.292948e-03 / 6.682484e-01
PCG: 3 : 2.097110e-03 / 1.083873e+00
PCG: 0 : 2.097111e-03
PCG: 1 : 1.265983e-03 / 6.036793e-01
PCG: 2 : 1.457756e-03 / 6.951259e-01
PCG: 3 : 1.825280e-03 / 8.703781e-01
PCG: 0 : 1.825279e-03
PCG: 1 : 1.432962e-03 / 7.850643e-01
PCG: 2 : 1.219951e-03 / 6.683639e-01
PCG: 3 : 1.978952e-03 / 1.084191e+00
PCG: 0 : 1.978952e-03
PCG: 1 : 1.194598e-03 / 6.036520e-01
PCG: 2 : 1.375426e-03 / 6.950274e-01
PCG: 3 : 1.722097e-03 / 8.702065e-01
PCG: 0 : 1.722097e-03
PCG: 1 : 1.351890e-03 / 7.850258e-01
PCG: 2 : 1.151058e-03 / 6.684049e-01
PCG: 3 : 1.867383e-03 / 1.084366e+00
PCG: 0 : 1.867383e-03
PCG: 1 : 1.127156e-03 / 6.036019e-01
PCG: 2 : 1.297605e-03 / 6.948786e-01
PCG: 3 : 1.624833e-03 / 8.701121e-01
PCG: 0 : 1.624833e-03
PCG: 1 : 1.275499e-03 / 7.850031e-01
PCG: 2 : 1.086112e-03 / 6.684456e-01
PCG: 3 : 1.762127e-03 / 1.084497e+00
PCG: 0 : 1.762126e-03
PCG: 1 : 1.063574e-03 / 6.035744e-01
PCG: 2 : 1.224164e-03 / 6.947083e-01
PCG: 3 : 1.532724e-03 / 8.698149e-01
PCG: 0 : 1.532723e-03
PCG: 1 : 1.203304e-03 / 7.850760e-01
PCG: 2 : 1.024835e-03 / 6.686364e-01
PCG: 3 : 1.662978e-03 / 1.084982e+00
PCG: 0 : 1.662978e-03
PCG: 1 : 1.003495e-03 / 6.034328e-01
PCG: 2 : 1.154929e-03 / 6.944944e-01
PCG: 3 : 1.445923e-03 / 8.694780e-01
PCG: 0 : 1.445922e-03
PCG: 1 : 1.135280e-03 / 7.851596e-01
PCG: 2 : 9.669123e-04 / 6.687167e-01
PCG: 3 : 1.569193e-03 / 1.085254e+00
PCG: 0 : 1.569193e-03
PCG: 1 : 9.467968e-04 / 6.033655e-01
PCG: 2 : 1.089582e-03 / 6.943585e-01
PCG: 3 : 1.363999e-03 / 8.692364e-01
PCG: 0 : 1.363999e-03
PCG: 1 : 1.071070e-03 / 7.852426e-01
PCG: 2 : 9.123792e-04 / 6.689001e-01
PCG: 3 : 1.480829e-03 / 1.085652e+00
PCG: 0 : 1.480828e-03
PCG: 1 : 8.934682e-04 / 6.033570e-01
PCG: 2 : 1.028055e-03 / 6.942433e-01
PCG: 3 : 1.286822e-03 / 8.689882e-01
PCG: 0 : 1.286822e-03
PCG: 1 : 1.010502e-03 / 7.852691e-01
PCG: 2 : 8.608029e-04 / 6.689368e-01
PCG: 3 : 1.397243e-03 / 1.085808e+00
PCG: 0 : 1.397243e-03
PCG: 1 : 8.429381e-04 / 6.032869e-01
PCG: 2 : 9.698973e-04 / 6.941509e-01
PCG: 3 : 1.214013e-03 / 8.688635e-01
PCG: 0 : 1.214013e-03
PCG: 1 : 9.534378e-04 / 7.853605e-01
PCG: 2 : 8.122338e-04 / 6.690487e-01
PCG: 3 : 1.318452e-03 / 1.086028e+00
PCG: 0 : 1.318452e-03
PCG: 1 : 7.953823e-04 / 6.032697e-01
PCG: 2 : 9.151187e-04 / 6.940855e-01
PCG: 3 : 1.145431e-03 / 8.687693e-01
PCG: 0 : 1.145430e-03
PCG: 1 : 8.995043e-04 / 7.852981e-01
PCG: 2 : 7.662819e-04 / 6.689903e-01
PCG: 3 : 1.243984e-03 / 1.086040e+00
PCG: 0 : 1.243983e-03
PCG: 1 : 7.503860e-04 / 6.032123e-01
PCG: 2 : 8.633012e-04 / 6.939813e-01
PCG: 3 : 1.080779e-03 / 8.688049e-01
PCG: 0 : 1.080779e-03
PCG: 1 : 8.485970e-04 / 7.851717e-01
PCG: 2 : 7.229846e-04 / 6.689478e-01
PCG: 3 : 1.173794e-03 / 1.086063e+00
PCG: 0 : 1.173794e-03
PCG: 1 : 7.079548e-04 / 6.031340e-01
PCG: 2 : 8.144174e-04 / 6.938336e-01
PCG: 3 : 1.019550e-03 / 8.685943e-01
PCG: 0 : 1.019550e-03
PCG: 1 : 8.005706e-04 / 7.852192e-01
PCG: 2 : 6.821346e-04 / 6.690543e-01
PCG: 3 : 1.107572e-03 / 1.086334e+00
PCG: 0 : 1.107573e-03
PCG: 1 : 6.679718e-04 / 6.030953e-01
PCG: 2 : 7.683116e-04 / 6.936896e-01
PCG: 3 : 9.619616e-04 / 8.685315e-01
PCG: 0 : 9.619616e-04
PCG: 1 : 7.552608e-04 / 7.851258e-01
PCG: 2 : 6.436168e-04 / 6.690671e-01
PCG: 3 : 1.045004e-03 / 1.086326e+00
PCG: 0 : 1.045004e-03
PCG: 1 : 6.302643e-04 / 6.031215e-01
PCG: 2 : 7.248554e-04 / 6.936390e-01
PCG: 3 : 9.075078e-04 / 8.684253e-01
PCG: 0 : 9.075076e-04
PCG: 1 : 7.125048e-04 / 7.851228e-01
PCG: 2 : 6.072315e-04 / 6.691201e-01
PCG: 3 : 9.860183e-04 / 1.086513e+00
PCG: 0 : 9.860183e-04
PCG: 1 : 5.947198e-04 / 6.031529e-01
PCG: 2 : 6.839053e-04 / 6.936030e-01
PCG: 3 : 8.563027e-04 / 8.684450e-01
PCG: 0 : 8.563029e-04
PCG: 1 : 6.722236e-04 / 7.850302e-01
PCG: 2 : 5.729619e-04 / 6.691113e-01
PCG: 3 : 9.304018e-04 / 1.086534e+00
PCG: 0 : 9.304018e-04
PCG: 1 : 5.610869e-04 / 6.030587e-01
PCG: 2 : 6.451147e-04 / 6.933722e-01
PCG: 3 : 8.078975e-04 / 8.683319e-01
PCG: 0 : 8.078977e-04
PCG: 1 : 6.341661e-04 / 7.849584e-01
PCG: 2 : 5.406094e-04 / 6.691557e-01
PCG: 3 : 8.777916e-04 / 1.086513e+00
PCG: 0 : 8.777917e-04
PCG: 1 : 5.294034e-04 / 6.031082e-01
PCG: 2 : 6.085851e-04 / 6.933138e-01
PCG: 3 : 7.621181e-04 / 8.682221e-01
PCG: 0 : 7.621181e-04
PCG: 1 : 5.982516e-04 / 7.849855e-01
PCG: 2 : 5.100811e-04 / 6.692941e-01
PCG: 3 : 8.282854e-04 / 1.086820e+00
PCG: 0 : 8.282852e-04
PCG: 1 : 4.995030e-04 / 6.030568e-01
PCG: 2 : 5.741663e-04 / 6.931988e-01
PCG: 3 : 7.190838e-04 / 8.681597e-01
PCG: 0 : 7.190840e-04
PCG: 1 : 5.644179e-04 / 7.849123e-01
PCG: 2 : 4.812686e-04 / 6.692801e-01
PCG: 3 : 7.815222e-04 / 1.086830e+00
PCG: 0 : 7.815221e-04
PCG: 1 : 4.712745e-04 / 6.030213e-01
PCG: 2 : 5.416771e-04 / 6.931053e-01
PCG: 3 : 6.782864e-04 / 8.679044e-01
PCG: 0 : 6.782867e-04
PCG: 1 : 5.324892e-04 / 7.850503e-01
PCG: 2 : 4.540264e-04 / 6.693724e-01
PCG: 3 : 7.373588e-04 / 1.087090e+00
PCG: 0 : 7.373586e-04
PCG: 1 : 4.446588e-04 / 6.030428e-01
PCG: 2 : 5.111077e-04 / 6.931604e-01
PCG: 3 : 6.400146e-04 / 8.679829e-01
PCG: 0 : 6.400145e-04
PCG: 1 : 5.023856e-04 / 7.849597e-01
PCG: 2 : 4.283161e-04 / 6.692288e-01
PCG: 3 : 6.956892e-04 / 1.086990e+00
PCG: 0 : 6.956891e-04
PCG: 1 : 4.194535e-04 / 6.029323e-01
PCG: 2 : 4.821217e-04 / 6.930131e-01
PCG: 3 : 6.038019e-04 / 8.679191e-01
PCG: 0 : 6.038019e-04
PCG: 1 : 4.739482e-04 / 7.849400e-01
PCG: 2 : 4.041363e-04 / 6.693195e-01
PCG: 3 : 6.564644e-04 / 1.087218e+00
PCG: 0 : 6.564644e-04
PCG: 1 : 3.957861e-04 / 6.029056e-01
PCG: 2 : 4.548687e-04 / 6.929069e-01
PCG: 3 : 5.696791e-04 / 8.677989e-01
PCG: 0 : 5.696789e-04
PCG: 1 : 4.471506e-04 / 7.849169e-01
PCG: 2 : 3.813110e-04 / 6.693438e-01
PCG: 3 : 6.194101e-04 / 1.087297e+00
PCG: 0 : 6.194100e-04
PCG: 1 : 3.734329e-04 / 6.028849e-01
PCG: 2 : 4.291144e-04 / 6.927792e-01
PCG: 3 : 5.373556e-04 / 8.675282e-01
PCG: 0 : 5.373555e-04
PCG: 1 : 4.217958e-04 / 7.849473e-01
PCG: 2 : 3.597468e-04 / 6.694763e-01
PCG: 3 : 5.844085e-04 / 1.087564e+00
PCG: 0 : 5.844086e-04
PCG: 1 : 3.523298e-04 / 6.028826e-01
PCG: 2 : 4.048200e-04 / 6.927004e-01
PCG: 3 : 5.070214e-04 / 8.675803e-01
PCG: 0 : 5.070214e-04
PCG: 1 : 3.979455e-04 / 7.848692e-01
PCG: 2 : 3.394527e-04 / 6.695036e-01
PCG: 3 : 5.514415e-04 / 1.087610e+00
PCG: 0 : 5.514416e-04
PCG: 1 : 3.324629e-04 / 6.028976e-01
PCG: 2 : 3.819282e-04 / 6.925995e-01
PCG: 3 : 4.782843e-04 / 8.673344e-01
PCG: 0 : 4.782844e-04
PCG: 1 : 3.754190e-04 / 7.849284e-01
PCG: 2 : 3.202494e-04 / 6.695795e-01
PCG: 3 : 5.203016e-04 / 1.087850e+00
PCG: 0 : 5.203015e-04
PCG: 1 : 3.136310e-04 / 6.027871e-01
PCG: 2 : 3.603136e-04 / 6.925093e-01
PCG: 3 : 4.512531e-04 / 8.672916e-01
PCG: 0 : 4.512531e-04
PCG: 1 : 3.541943e-04 / 7.849128e-01
PCG: 2 : 3.021444e-04 / 6.695673e-01
PCG: 3 : 4.909346e-04 / 1.087936e+00
PCG: 0 : 4.909346e-04
PCG: 1 : 2.959118e-04 / 6.027519e-01
PCG: 2 : 3.399372e-04 / 6.924286e-01
PCG: 3 : 4.256845e-04 / 8.670899e-01
PCG: 0 : 4.256845e-04
PCG: 1 : 3.341412e-04 / 7.849505e-01
PCG: 2 : 2.850592e-04 / 6.696489e-01
PCG: 3 : 4.631777e-04 / 1.088078e+00
PCG: 0 : 4.631778e-04
PCG: 1 : 2.791778e-04 / 6.027445e-01
PCG: 2 : 3.206824e-04 / 6.923528e-01
PCG: 3 : 4.015920e-04 / 8.670365e-01
PCG: 0 : 4.015920e-04
PCG: 1 : 3.152329e-04 / 7.849582e-01
PCG: 2 : 2.689398e-04 / 6.696842e-01
PCG: 3 : 4.369902e-04 / 1.088145e+00
PCG: 0 : 4.369901e-04
PCG: 1 : 2.634108e-04 / 6.027844e-01
PCG: 2 : 3.025355e-04 / 6.923165e-01
PCG: 3 : 3.788987e-04 / 8.670648e-01
PCG: 0 : 3.788987e-04
PCG: 1 : 2.973782e-04 / 7.848489e-01
PCG: 2 : 2.537506e-04 / 6.697056e-01
PCG: 3 : 4.123019e-04 / 1.088159e+00
PCG: 0 : 4.123019e-04
PCG: 1 : 2.485215e-04 / 6.027659e-01
PCG: 2 : 2.853964e-04 / 6.922026e-01
PCG: 3 : 3.574615e-04 / 8.669899e-01
PCG: 0 : 3.574616e-04
PCG: 1 : 2.805480e-04 / 7.848340e-01
PCG: 2 : 2.394079e-04 / 6.697444e-01
PCG: 3 : 3.889875e-04 / 1.088194e+00
PCG: 0 : 3.889875e-04
PCG: 1 : 2.344714e-04 / 6.027738e-01
PCG: 2 : 2.692538e-04 / 6.921914e-01
PCG: 3 : 3.372207e-04 / 8.669192e-01
PCG: 0 : 3.372208e-04
PCG: 1 : 2.647008e-04 / 7.849481e-01
PCG: 2 : 2.258794e-04 / 6.698266e-01
PCG: 3 : 3.670227e-04 / 1.088375e+00
PCG: 0 : 3.670225e-04
PCG: 1 : 2.212081e-04 / 6.027099e-01
PCG: 2 : 2.540224e-04 / 6.921166e-01
PCG: 3 : 3.180889e-04 / 8.666741e-01
PCG: 0 : 3.180889e-04
PCG: 1 : 2.497254e-04 / 7.850805e-01
PCG: 2 : 2.131219e-04 / 6.700075e-01
PCG: 3 : 3.463150e-04 / 1.088737e+00
PCG: 0 : 3.463149e-04
PCG: 1 : 2.087139e-04 / 6.026707e-01
PCG: 2 : 2.396350e-04 / 6.919569e-01
PCG: 3 : 3.000639e-04 / 8.664481e-01
PCG: 0 : 3.000640e-04
PCG: 1 : 2.355689e-04 / 7.850623e-01
PCG: 2 : 2.010600e-04 / 6.700571e-01
PCG: 3 : 3.267326e-04 / 1.088877e+00
PCG: 0 : 3.267327e-04
PCG: 1 : 1.969350e-04 / 6.027404e-01
PCG: 2 : 2.260747e-04 / 6.919258e-01
PCG: 3 : 2.831073e-04 / 8.664801e-01
PCG: 0 : 2.831072e-04
PCG: 1 : 2.222308e-04 / 7.849703e-01
PCG: 2 : 1.897034e-04 / 6.700760e-01
PCG: 3 : 3.082684e-04 / 1.088875e+00
PCG: 0 : 3.082683e-04
PCG: 1 : 1.858061e-04 / 6.027415e-01
PCG: 2 : 2.132762e-04 / 6.918527e-01
PCG: 3 : 2.670953e-04 / 8.664377e-01
PCG: 0 : 2.670953e-04
PCG: 1 : 2.096505e-04 / 7.849278e-01
PCG: 2 : 1.789732e-04 / 6.700724e-01
PCG: 3 : 2.908403e-04 / 1.088901e+00
PCG: 0 : 2.908404e-04
PCG: 1 : 1.752937e-04 / 6.027144e-01
PCG: 2 : 2.012057e-04 / 6.918079e-01
PCG: 3 : 2.520158e-04 / 8.665091e-01
PCG: 0 : 2.520158e-04
PCG: 1 : 1.977708e-04 / 7.847554e-01
PCG: 2 : 1.688438e-04 / 6.699732e-01
PCG: 3 : 2.743473e-04 / 1.088611e+00
PCG: 0 : 2.743473e-04
PCG: 1 : 1.653704e-04 / 6.027774e-01
PCG: 2 : 1.898031e-04 / 6.918352e-01
PCG: 3 : 2.378010e-04 / 8.667880e-01
PCG: 0 : 2.378009e-04
PCG: 1 : 1.866033e-04 / 7.847041e-01
PCG: 2 : 1.593162e-04 / 6.699564e-01
PCG: 3 : 2.588382e-04 / 1.088466e+00
PCG: 0 : 2.588382e-04
PCG: 1 : 1.560310e-04 / 6.028126e-01
PCG: 2 : 1.790797e-04 / 6.918594e-01
PCG: 3 : 2.243270e-04 / 8.666685e-01
PCG: 0 : 2.243269e-04
PCG: 1 : 1.760433e-04 / 7.847624e-01
PCG: 2 : 1.502992e-04 / 6.700009e-01
PCG: 3 : 2.442202e-04 / 1.088680e+00
PCG: 0 : 2.442202e-04
PCG: 1 : 1.472108e-04 / 6.027787e-01
PCG: 2 : 1.689388e-04 / 6.917478e-01
PCG: 3 : 2.116288e-04 / 8.665490e-01
PCG: 0 : 2.116288e-04
PCG: 1 : 1.660719e-04 / 7.847317e-01
PCG: 2 : 1.418006e-04 / 6.700438e-01
PCG: 3 : 2.304212e-04 / 1.088799e+00
PCG: 0 : 2.304213e-04
PCG: 1 : 1.388819e-04 / 6.027306e-01
PCG: 2 : 1.593735e-04 / 6.916615e-01
PCG: 3 : 1.996433e-04 / 8.664276e-01
PCG: 0 : 1.996434e-04
PCG: 1 : 1.566670e-04 / 7.847342e-01
PCG: 2 : 1.337728e-04 / 6.700589e-01
PCG: 3 : 2.173897e-04 / 1.088890e+00
PCG: 0 : 2.173897e-04
PCG: 1 : 1.310308e-04 / 6.027461e-01
PCG: 2 : 1.503491e-04 / 6.916111e-01
PCG: 3 : 1.883589e-04 / 8.664573e-01
PCG: 0 : 1.883589e-04
PCG: 1 : 1.478048e-04 / 7.846979e-01
PCG: 2 : 1.262123e-04 / 6.700630e-01
PCG: 3 : 2.051019e-04 / 1.088889e+00
PCG: 0 : 2.051020e-04
PCG: 1 : 1.236225e-04 / 6.027369e-01
PCG: 2 : 1.418484e-04 / 6.915994e-01
PCG: 3 : 1.777069e-04 / 8.664317e-01
PCG: 0 : 1.777069e-04
PCG: 1 : 1.394363e-04 / 7.846419e-01
PCG: 2 : 1.190737e-04 / 6.700567e-01
PCG: 3 : 1.935054e-04 / 1.088902e+00
PCG: 0 : 1.935055e-04
PCG: 1 : 1.166344e-04 / 6.027448e-01
PCG: 2 : 1.338190e-04 / 6.915514e-01
PCG: 3 : 1.676587e-04 / 8.664289e-01
PCG: 0 : 1.676588e-04
PCG: 1 : 1.315596e-04 / 7.846869e-01
PCG: 2 : 1.123381e-04 / 6.700402e-01
PCG: 3 : 1.825775e-04 / 1.088983e+00
PCG: 0 : 1.825776e-04
PCG: 1 : 1.100228e-04 / 6.026085e-01
PCG: 2 : 1.262429e-04 / 6.914482e-01
PCG: 3 : 1.581352e-04 / 8.661262e-01
PCG: 0 : 1.581352e-04
PCG: 1 : 1.241179e-04 / 7.848850e-01
PCG: 2 : 1.059868e-04 / 6.702291e-01
PCG: 3 : 1.722838e-04 / 1.089472e+00
PCG: 0 : 1.722838e-04
PCG: 1 : 1.038067e-04 / 6.025328e-01
PCG: 2 : 1.190997e-04 / 6.912993e-01
PCG: 3 : 1.491749e-04 / 8.658668e-01
PCG: 0 : 1.491748e-04
PCG: 1 : 1.170897e-04 / 7.849163e-01
PCG: 2 : 9.998993e-05 / 6.702871e-01
PCG: 3 : 1.625394e-04 / 1.089590e+00
PCG: 0 : 1.625394e-04
PCG: 1 : 9.793603e-05 / 6.025372e-01
PCG: 2 : 1.123654e-04 / 6.913120e-01
PCG: 3 : 1.407426e-04 / 8.658981e-01
PCG: 0 : 1.407426e-04
PCG: 1 : 1.104618e-04 / 7.848496e-01
PCG: 2 : 9.432829e-05 / 6.702185e-01
PCG: 3 : 1.533340e-04 / 1.089464e+00
PCG: 0 : 1.533340e-04
PCG: 1 : 9.239234e-05 / 6.025563e-01
PCG: 2 : 1.060019e-04 / 6.913138e-01
PCG: 3 : 1.327874e-04 / 8.660011e-01
PCG: 0 : 1.327874e-04
PCG: 1 : 1.042047e-04 / 7.847483e-01
PCG: 2 : 8.899126e-05 / 6.701783e-01
PCG: 3 : 1.446537e-04 / 1.089363e+00
PCG: 0 : 1.446537e-04
PCG: 1 : 8.716713e-05 / 6.025917e-01
PCG: 2 : 1.000003e-04 / 6.913080e-01
PCG: 3 : 1.252862e-04 / 8.661112e-01
PCG: 0 : 1.252862e-04
PCG: 1 : 9.830632e-05 / 7.846540e-01
PCG: 2 : 8.395353e-05 / 6.700940e-01
PCG: 3 : 1.364669e-04 / 1.089241e+00
PCG: 0 : 1.364669e-04
PCG: 1 : 8.223268e-05 / 6.025833e-01
PCG: 2 : 9.433959e-05 / 6.913002e-01
PCG: 3 : 1.182004e-04 / 8.661467e-01
PCG: 0 : 1.182003e-04
PCG: 1 : 9.274993e-05 / 7.846842e-01
PCG: 2 : 7.920507e-05 / 6.700917e-01
PCG: 3 : 1.287547e-04 / 1.089292e+00
PCG: 0 : 1.287547e-04
PCG: 1 : 7.757859e-05 / 6.025302e-01
PCG: 2 : 8.899907e-05 / 6.912298e-01
PCG: 3 : 1.114986e-04 / 8.659774e-01
PCG: 0 : 1.114986e-04
PCG: 1 : 8.749523e-05 / 7.847201e-01
PCG: 2 : 7.472539e-05 / 6.701910e-01
PCG: 3 : 1.214788e-04 / 1.089510e+00
PCG: 0 : 1.214789e-04
PCG: 1 : 7.319382e-05 / 6.025230e-01
PCG: 2 : 8.395672e-05 / 6.911219e-01
PCG: 3 : 1.051949e-04 / 8.659523e-01
PCG: 0 : 1.051949e-04
PCG: 1 : 8.254204e-05 / 7.846581e-01
PCG: 2 : 7.049843e-05 / 6.701697e-01
PCG: 3 : 1.146031e-04 / 1.089436e+00
PCG: 0 : 1.146031e-04
PCG: 1 : 6.905583e-05 / 6.025651e-01
PCG: 2 : 7.921079e-05 / 6.911749e-01
PCG: 3 : 9.924015e-05 / 8.659464e-01
PCG: 0 : 9.924014e-05
PCG: 1 : 7.787728e-05 / 7.847357e-01
PCG: 2 : 6.650542e-05 / 6.701464e-01
PCG: 3 : 1.081283e-04 / 1.089562e+00
PCG: 0 : 1.081282e-04
PCG: 1 : 6.514253e-05 / 6.024562e-01
PCG: 2 : 7.473028e-05 / 6.911263e-01
PCG: 3 : 9.362240e-05 / 8.658459e-01
PCG: 0 : 9.362237e-05
PCG: 1 : 7.346542e-05 / 7.846995e-01
PCG: 2 : 6.273804e-05 / 6.701181e-01
PCG: 3 : 1.020057e-04 / 1.089545e+00
PCG: 0 : 1.020057e-04
PCG: 1 : 6.145491e-05 / 6.024653e-01
PCG: 2 : 7.049320e-05 / 6.910710e-01
PCG: 3 : 8.833048e-05 / 8.659365e-01
PCG: 0 : 8.833050e-05
PCG: 1 : 6.930826e-05 / 7.846470e-01
PCG: 2 : 5.919078e-05 / 6.701058e-01
PCG: 3 : 9.623408e-05 / 1.089477e+00
PCG: 0 : 9.623408e-05
PCG: 1 : 5.798216e-05 / 6.025117e-01
PCG: 2 : 6.650943e-05 / 6.911213e-01
PCG: 3 : 8.333069e-05 / 8.659167e-01
PCG: 0 : 8.333073e-05
PCG: 1 : 6.538601e-05 / 7.846566e-01
PCG: 2 : 5.583960e-05 / 6.700962e-01
PCG: 3 : 9.078184e-05 / 1.089416e+00
PCG: 0 : 9.078184e-05
PCG: 1 : 5.469774e-05 / 6.025186e-01
PCG: 2 : 6.274161e-05 / 6.911251e-01
PCG: 3 : 7.862348e-05 / 8.660706e-01
PCG: 0 : 7.862350e-05
PCG: 1 : 6.168484e-05 / 7.845598e-01
PCG: 2 : 5.268021e-05 / 6.700313e-01
PCG: 3 : 8.564540e-05 / 1.089310e+00
PCG: 0 : 8.564539e-05
PCG: 1 : 5.160578e-05 / 6.025518e-01
PCG: 2 : 5.918807e-05 / 6.910829e-01
PCG: 3 : 7.417124e-05 / 8.660272e-01
PCG: 0 : 7.417124e-05
PCG: 1 : 5.818976e-05 / 7.845327e-01
PCG: 2 : 4.969867e-05 / 6.700531e-01
PCG: 3 : 8.079641e-05 / 1.089323e+00
PCG: 0 : 8.079640e-05
PCG: 1 : 4.868794e-05 / 6.026004e-01
PCG: 2 : 5.583608e-05 / 6.910713e-01
PCG: 3 : 6.997466e-05 / 8.660616e-01
PCG: 0 : 6.997468e-05
PCG: 1 : 5.489936e-05 / 7.845603e-01
PCG: 2 : 4.689261e-05 / 6.701368e-01
PCG: 3 : 7.622758e-05 / 1.089359e+00
PCG: 0 : 7.622754e-05
PCG: 1 : 4.593482e-05 / 6.026013e-01
PCG: 2 : 5.267288e-05 / 6.909953e-01
PCG: 3 : 6.599929e-05 / 8.658195e-01
PCG: 0 : 6.599931e-05
PCG: 1 : 5.178541e-05 / 7.846356e-01
PCG: 2 : 4.423616e-05 / 6.702519e-01
PCG: 3 : 7.191336e-05 / 1.089608e+00
PCG: 0 : 7.191335e-05
PCG: 1 : 4.333428e-05 / 6.025901e-01
PCG: 2 : 4.968570e-05 / 6.909106e-01
PCG: 3 : 6.226214e-05 / 8.657939e-01
PCG: 0 : 6.226215e-05
PCG: 1 : 4.885583e-05 / 7.846794e-01
PCG: 2 : 4.173374e-05 / 6.702907e-01
PCG: 3 : 6.784512e-05 / 1.089669e+00
PCG: 0 : 6.784511e-05
PCG: 1 : 4.088562e-05 / 6.026319e-01
PCG: 2 : 4.687881e-05 / 6.909682e-01
PCG: 3 : 5.873995e-05 / 8.657949e-01
PCG: 0 : 5.873994e-05
PCG: 1 : 4.609293e-05 / 7.846948e-01
PCG: 2 : 3.937239e-05 / 6.702830e-01
PCG: 3 : 6.400107e-05 / 1.089566e+00
PCG: 0 : 6.400108e-05
PCG: 1 : 3.857002e-05 / 6.026464e-01
PCG: 2 : 4.422345e-05 / 6.909798e-01
PCG: 3 : 5.541125e-05 / 8.657863e-01
PCG: 0 : 5.541125e-05
PCG: 1 : 4.348479e-05 / 7.847645e-01
PCG: 2 : 3.714560e-05 / 6.703621e-01
PCG: 3 : 6.037979e-05 / 1.089667e+00
PCG: 0 : 6.037979e-05
PCG: 1 : 3.639312e-05 / 6.027368e-01
PCG: 2 : 4.172267e-05 / 6.910039e-01
PCG: 3 : 5.226969e-05 / 8.656819e-01
PCG: 0 : 5.226969e-05
PCG: 1 : 4.102390e-05 / 7.848507e-01
PCG: 2 : 3.504624e-05 / 6.704888e-01
PCG: 3 : 5.696041e-05 / 1.089741e+00
PCG: 0 : 5.696043e-05
PCG: 1 : 3.433527e-05 / 6.027916e-01
PCG: 2 : 3.935922e-05 / 6.909924e-01
PCG: 3 : 4.930285e-05 / 8.655632e-01
PCG: 0 : 4.930284e-05
PCG: 1 : 3.870153e-05 / 7.849756e-01
PCG: 2 : 3.306374e-05 / 6.706255e-01
PCG: 3 : 5.373466e-05 / 1.089890e+00
PCG: 0 : 5.373466e-05
PCG: 1 : 3.239392e-05 / 6.028496e-01
PCG: 2 : 3.713030e-05 / 6.909934e-01
PCG: 3 : 4.651052e-05 / 8.655590e-01
PCG: 0 : 4.651053e-05
PCG: 1 : 3.651140e-05 / 7.850136e-01
PCG: 2 : 3.119476e-05 / 6.707032e-01
PCG: 3 : 5.069177e-05 / 1.089899e+00
PCG: 0 : 5.069176e-05
PCG: 1 : 3.056298e-05 / 6.029180e-01
PCG: 2 : 3.502617e-05 / 6.909638e-01
PCG: 3 : 4.387279e-05 / 8.654816e-01
PCG: 0 : 4.387278e-05
PCG: 1 : 3.444228e-05 / 7.850490e-01
PCG: 2 : 2.942934e-05 / 6.707882e-01
PCG: 3 : 4.781706e-05 / 1.089903e+00
PCG: 0 : 4.781706e-05
PCG: 1 : 2.883546e-05 / 6.030371e-01
PCG: 2 : 3.304382e-05 / 6.910467e-01
PCG: 3 : 4.138727e-05 / 8.655336e-01
PCG: 0 : 4.138727e-05
PCG: 1 : 3.249427e-05 / 7.851273e-01
PCG: 2 : 2.776638e-05 / 6.708919e-01
PCG: 3 : 4.510934e-05 / 1.089933e+00
PCG: 0 : 4.510933e-05
PCG: 1 : 2.720623e-05 / 6.031175e-01
PCG: 2 : 3.117387e-05 / 6.910738e-01
PCG: 3 : 3.903901e-05 / 8.654311e-01
PCG: 0 : 3.903901e-05
PCG: 1 : 3.065466e-05 / 7.852316e-01
PCG: 2 : 2.619570e-05 / 6.710136e-01
PCG: 3 : 4.255231e-05 / 1.089995e+00
PCG: 0 : 4.255230e-05
PCG: 1 : 2.566742e-05 / 6.031970e-01
PCG: 2 : 2.940634e-05 / 6.910634e-01
PCG: 3 : 3.682021e-05 / 8.652931e-01
PCG: 0 : 3.682021e-05
PCG: 1 : 2.891994e-05 / 7.854365e-01
PCG: 2 : 2.471392e-05 / 6.712052e-01
PCG: 3 : 4.013941e-05 / 1.090146e+00
PCG: 0 : 4.013941e-05
PCG: 1 : 2.421685e-05 / 6.033185e-01
PCG: 2 : 2.774272e-05 / 6.911592e-01
PCG: 3 : 3.473388e-05 / 8.653312e-01
PCG: 0 : 3.473388e-05
PCG: 1 : 2.728384e-05 / 7.855107e-01
PCG: 2 : 2.331628e-05 / 6.712834e-01
PCG: 3 : 3.786498e-05 / 1.090145e+00
PCG: 0 : 3.786498e-05
PCG: 1 : 2.284702e-05 / 6.033813e-01
PCG: 2 : 2.617234e-05 / 6.912017e-01
PCG: 3 : 3.275894e-05 / 8.651513e-01
PCG: 0 : 3.275895e-05
PCG: 1 : 2.574301e-05 / 7.858315e-01
PCG: 2 : 2.199719e-05 / 6.714864e-01
PCG: 3 : 3.571989e-05 / 1.090386e+00
PCG: 0 : 3.571990e-05
PCG: 1 : 2.155641e-05 / 6.034846e-01
PCG: 2 : 2.469333e-05 / 6.913046e-01
PCG: 3 : 3.089869e-05 / 8.650273e-01
PCG: 0 : 3.089868e-05
PCG: 1 : 2.428670e-05 / 7.860109e-01
PCG: 2 : 2.075115e-05 / 6.715869e-01
PCG: 3 : 3.369341e-05 / 1.090448e+00
PCG: 0 : 3.369341e-05
PCG: 1 : 2.033784e-05 / 6.036149e-01
PCG: 2 : 2.329761e-05 / 6.914590e-01
PCG: 3 : 2.914673e-05 / 8.650575e-01
PCG: 0 : 2.914672e-05
PCG: 1 : 2.291311e-05 / 7.861301e-01
PCG: 2 : 1.957711e-05 / 6.716745e-01
PCG: 3 : 3.178091e-05 / 1.090377e+00
PCG: 0 : 3.178091e-05
PCG: 1 : 1.918789e-05 / 6.037550e-01
PCG: 2 : 2.197672e-05 / 6.915067e-01
PCG: 3 : 2.748982e-05 / 8.649791e-01
PCG: 0 : 2.748982e-05
PCG: 1 : 2.161651e-05 / 7.863460e-01
PCG: 2 : 1.846982e-05 / 6.718785e-01
PCG: 3 : 2.997866e-05 / 1.090537e+00
PCG: 0 : 2.997865e-05
PCG: 1 : 1.810328e-05 / 6.038725e-01
PCG: 2 : 2.073323e-05 / 6.915997e-01
PCG: 3 : 2.592744e-05 / 8.648636e-01
PCG: 0 : 2.592745e-05
PCG: 1 : 2.039479e-05 / 7.866101e-01
PCG: 2 : 1.742450e-05 / 6.720484e-01
PCG: 3 : 2.827781e-05 / 1.090652e+00
PCG: 0 : 2.827782e-05
PCG: 1 : 1.707901e-05 / 6.039719e-01
PCG: 2 : 1.955913e-05 / 6.916775e-01
PCG: 3 : 2.445380e-05 / 8.647695e-01
PCG: 0 : 2.445379e-05
PCG: 1 : 1.924101e-05 / 7.868314e-01
PCG: 2 : 1.643876e-05 / 6.722379e-01
PCG: 3 : 2.667087e-05 / 1.090664e+00
PCG: 0 : 2.667087e-05
PCG: 1 : 1.611525e-05 / 6.042269e-01
PCG: 2 : 1.845279e-05 / 6.918705e-01
PCG: 3 : 2.306408e-05 / 8.647667e-01
PCG: 0 : 2.306407e-05
PCG: 1 : 1.815329e-05 / 7.870812e-01
PCG: 2 : 1.550927e-05 / 6.724427e-01
PCG: 3 : 2.515517e-05 / 1.090665e+00
PCG: 0 : 2.515517e-05
PCG: 1 : 1.520383e-05 / 6.044019e-01
PCG: 2 : 1.740820e-05 / 6.920327e-01
PCG: 3 : 2.175051e-05 / 8.646538e-01
PCG: 0 : 2.175051e-05
PCG: 1 : 1.712675e-05 / 7.874182e-01
PCG: 2 : 1.463076e-05 / 6.726629e-01
PCG: 3 : 2.372449e-05 / 1.090756e+00
PCG: 0 : 2.372450e-05
PCG: 1 : 1.434487e-05 / 6.046436e-01
PCG: 2 : 1.642400e-05 / 6.922803e-01
PCG: 3 : 2.051415e-05 / 8.646821e-01
PCG: 0 : 2.051415e-05
PCG: 1 : 1.615971e-05 / 7.877347e-01
PCG: 2 : 1.380291e-05 / 6.728483e-01
PCG: 3 : 2.237452e-05 / 1.090687e+00
PCG: 0 : 2.237451e-05
PCG: 1 : 1.353363e-05 / 6.048682e-01
PCG: 2 : 1.549511e-05 / 6.925342e-01
PCG: 3 : 1.934669e-05 / 8.646755e-01
PCG: 0 : 1.934669e-05
PCG: 1 : 1.524658e-05 / 7.880719e-01
PCG: 2 : 1.302120e-05 / 6.730452e-01
PCG: 3 : 2.110102e-05 / 1.090679e+00
PCG: 0 : 2.110101e-05
PCG: 1 : 1.276799e-05 / 6.050889e-01
PCG: 2 : 1.461757e-05 / 6.927423e-01
PCG: 3 : 1.824494e-05 / 8.646477e-01
PCG: 0 : 1.824495e-05
PCG: 1 : 1.438555e-05 / 7.884675e-01
PCG: 2 : 1.228462e-05 / 6.733165e-01
PCG: 3 : 1.990091e-05 / 1.090763e+00
PCG: 0 : 1.990091e-05
PCG: 1 : 1.204785e-05 / 6.053916e-01
PCG: 2 : 1.379122e-05 / 6.929942e-01
PCG: 3 : 1.720579e-05 / 8.645729e-01
PCG: 0 : 1.720579e-05
PCG: 1 : 1.357192e-05 / 7.887999e-01
PCG: 2 : 1.158930e-05 / 6.735702e-01
PCG: 3 : 1.876719e-05 / 1.090749e+00
PCG: 0 : 1.876718e-05
PCG: 1 : 1.136718e-05 / 6.056945e-01
PCG: 2 : 1.301039e-05 / 6.932523e-01
PCG: 3 : 1.622674e-05 / 8.646338e-01
PCG: 0 : 1.622674e-05
PCG: 1 : 1.280509e-05 / 7.891353e-01
PCG: 2 : 1.093345e-05 / 6.737919e-01
PCG: 3 : 1.769746e-05 / 1.090636e+00
PCG: 0 : 1.769746e-05
PCG: 1 : 1.072475e-05 / 6.060053e-01
PCG: 2 : 1.227471e-05 / 6.935859e-01
PCG: 3 : 1.530011e-05 / 8.645375e-01
PCG: 0 : 1.530012e-05
PCG: 1 : 1.208160e-05 / 7.896409e-01
PCG: 2 : 1.031334e-05 / 6.740692e-01
PCG: 3 : 1.668693e-05 / 1.090640e+00
PCG: 0 : 1.668692e-05
PCG: 1 : 1.011803e-05 / 6.063449e-01
PCG: 2 : 1.157995e-05 / 6.939538e-01
PCG: 3 : 1.442806e-05 / 8.646324e-01
PCG: 0 : 1.442806e-05
PCG: 1 : 1.139989e-05 / 7.901194e-01
PCG: 2 : 9.729814e-06 / 6.743675e-01
PCG: 3 : 1.573481e-05 / 1.090570e+00
PCG: 0 : 1.573481e-05
PCG: 1 : 9.546184e-06 / 6.066918e-01
PCG: 2 : 1.092518e-05 / 6.943315e-01
PCG: 3 : 1.360417e-05 / 8.645906e-01
PCG: 0 : 1.360417e-05
PCG: 1 : 1.075664e-05 / 7.906870e-01
PCG: 2 : 9.178844e-06 / 6.747079e-01
PCG: 3 : 1.483523e-05 / 1.090491e+00
PCG: 0 : 1.483523e-05
PCG: 1 : 9.007487e-06 / 6.071688e-01
PCG: 2 : 1.030824e-05 / 6.948489e-01
PCG: 3 : 1.282813e-05 / 8.647073e-01
PCG: 0 : 1.282813e-05
PCG: 1 : 1.014983e-05 / 7.912167e-01
PCG: 2 : 8.658371e-06 / 6.749520e-01
PCG: 3 : 1.398681e-05 / 1.090323e+00
PCG: 0 : 1.398681e-05
PCG: 1 : 8.498192e-06 / 6.075861e-01
PCG: 2 : 9.725029e-06 / 6.953000e-01
PCG: 3 : 1.209510e-05 / 8.647501e-01
PCG: 0 : 1.209509e-05
PCG: 1 : 9.577043e-06 / 7.918125e-01
PCG: 2 : 8.168219e-06 / 6.753336e-01
PCG: 3 : 1.318663e-05 / 1.090247e+00
PCG: 0 : 1.318663e-05
PCG: 1 : 8.018467e-06 / 6.080754e-01
PCG: 2 : 9.175136e-06 / 6.957907e-01
PCG: 3 : 1.140322e-05 / 8.647557e-01
PCG: 0 : 1.140322e-05
PCG: 1 : 9.036616e-06 / 7.924621e-01
PCG: 2 : 7.705674e-06 / 6.757457e-01
PCG: 3 : 1.243055e-05 / 1.090092e+00
PCG: 0 : 1.243055e-05
PCG: 1 : 7.565288e-06 / 6.086044e-01
PCG: 2 : 8.656159e-06 / 6.963617e-01
PCG: 3 : 1.075126e-05 / 8.649061e-01
PCG: 0 : 1.075126e-05
PCG: 1 : 8.526874e-06 / 7.931046e-01
PCG: 2 : 7.268872e-06 / 6.760948e-01
PCG: 3 : 1.171738e-05 / 1.089862e+00
PCG: 0 : 1.171738e-05
PCG: 1 : 7.138415e-06 / 6.092157e-01
PCG: 2 : 8.167071e-06 / 6.970046e-01
PCG: 3 : 1.013600e-05 / 8.650398e-01
PCG: 0 : 1.013600e-05
PCG: 1 : 8.046249e-06 / 7.938287e-01
PCG: 2 : 6.857266e-06 / 6.765258e-01
PCG: 3 : 1.104433e-05 / 1.089614e+00
PCG: 0 : 1.104433e-05
PCG: 1 : 6.735330e-06 / 6.098452e-01
PCG: 2 : 7.705617e-06 / 6.976991e-01
PCG: 3 : 9.555035e-06 / 8.651532e-01
PCG: 0 : 9.555031e-06
PCG: 1 : 7.593244e-06 / 7.946854e-01
PCG: 2 : 6.468794e-06 / 6.770040e-01
PCG: 3 : 1.040961e-05 / 1.089438e+00
PCG: 0 : 1.040961e-05
PCG: 1 : 6.354650e-06 / 6.104597e-01
PCG: 2 : 7.270050e-06 / 6.983977e-01
PCG: 3 : 9.006194e-06 / 8.651804e-01
PCG: 0 : 9.006194e-06
PCG: 1 : 7.164928e-06 / 7.955557e-01
PCG: 2 : 6.102207e-06 / 6.775567e-01
PCG: 3 : 9.810120e-06 / 1.089264e+00
PCG: 0 : 9.810120e-06
PCG: 1 : 5.996374e-06 / 6.112437e-01
PCG: 2 : 6.859323e-06 / 6.992089e-01
PCG: 3 : 8.488943e-06 / 8.653252e-01
PCG: 0 : 8.488941e-06
PCG: 1 : 6.761261e-06 / 7.964787e-01
PCG: 2 : 5.756128e-06 / 6.780738e-01
PCG: 3 : 9.244357e-06 / 1.088988e+00
PCG: 0 : 9.244354e-06
PCG: 1 : 5.657742e-06 / 6.120214e-01
PCG: 2 : 6.471807e-06 / 7.000821e-01
PCG: 3 : 8.000986e-06 / 8.654997e-01
PCG: 0 : 8.000986e-06
PCG: 1 : 6.380924e-06 / 7.975172e-01
PCG: 2 : 5.430186e-06 / 6.786897e-01
PCG: 3 : 8.710719e-06 / 1.088706e+00
PCG: 0 : 8.710717e-06
PCG: 1 : 5.338619e-06 / 6.128794e-01
PCG: 2 : 6.106541e-06 / 7.010377e-01
PCG: 3 : 7.540546e-06 / 8.656631e-01
PCG: 0 : 7.540544e-06
PCG: 1 : 6.021486e-06 / 7.985480e-01
PCG: 2 : 5.122231e-06 / 6.792920e-01
PCG: 3 : 8.206643e-06 / 1.088336e+00
PCG: 0 : 8.206644e-06
PCG: 1 : 5.037442e-06 / 6.138248e-01
PCG: 2 : 5.761946e-06 / 7.021075e-01
PCG: 3 : 7.106693e-06 / 8.659682e-01
PCG: 0 : 7.106692e-06
PCG: 1 : 5.682859e-06 / 7.996490e-01
PCG: 2 : 4.831559e-06 / 6.798605e-01
PCG: 3 : 7.731272e-06 / 1.087886e+00
PCG: 0 : 7.731272e-06
PCG: 1 : 4.752525e-06 / 6.147144e-01
PCG: 2 : 5.436476e-06 / 7.031800e-01
PCG: 3 : 6.697239e-06 / 8.662531e-01
PCG: 0 : 6.697238e-06
PCG: 1 : 5.363176e-06 / 8.008041e-01
PCG: 2 : 4.557311e-06 / 6.804761e-01
PCG: 3 : 7.282185e-06 / 1.087342e+00
PCG: 0 : 7.282184e-06
PCG: 1 : 4.484436e-06 / 6.158091e-01
PCG: 2 : 5.129856e-06 / 7.044392e-01
PCG: 3 : 6.311515e-06 / 8.667063e-01
PCG: 0 : 6.311514e-06
PCG: 1 : 5.061865e-06 / 8.020049e-01
PCG: 2 : 4.299111e-06 / 6.811537e-01
PCG: 3 : 6.858458e-06 / 1.086658e+00
PCG: 0 : 6.858456e-06
PCG: 1 : 4.231397e-06 / 6.169606e-01
PCG: 2 : 4.840506e-06 / 7.057720e-01
PCG: 3 : 5.947016e-06 / 8.671071e-01
PCG: 0 : 5.947014e-06
PCG: 1 : 4.777466e-06 / 8.033385e-01
PCG: 2 : 4.055234e-06 / 6.818940e-01
PCG: 3 : 6.459228e-06 / 1.086130e+00
PCG: 0 : 6.459230e-06
PCG: 1 : 3.992610e-06 / 6.181247e-01
PCG: 2 : 4.567830e-06 / 7.071787e-01
PCG: 3 : 5.602354e-06 / 8.673408e-01
PCG: 0 : 5.602352e-06
PCG: 1 : 4.509455e-06 / 8.049217e-01
PCG: 2 : 3.825172e-06 / 6.827797e-01
PCG: 3 : 6.082673e-06 / 1.085736e+00
PCG: 0 : 6.082671e-06
PCG: 1 : 3.767233e-06 / 6.193385e-01
PCG: 2 : 4.310523e-06 / 7.086562e-01
PCG: 3 : 5.277697e-06 / 8.676611e-01
PCG: 0 : 5.277697e-06
PCG: 1 : 4.256634e-06 / 8.065326e-01
PCG: 2 : 3.608511e-06 / 6.837283e-01
PCG: 3 : 5.727209e-06 / 1.085172e+00
PCG: 0 : 5.727209e-06
PCG: 1 : 3.554791e-06 / 6.206846e-01
PCG: 2 : 4.067883e-06 / 7.102732e-01
PCG: 3 : 4.970804e-06 / 8.679278e-01
PCG: 0 : 4.970804e-06
PCG: 1 : 4.017864e-06 / 8.082925e-01
PCG: 2 : 3.403849e-06 / 6.847684e-01
PCG: 3 : 5.392222e-06 / 1.084779e+00
PCG: 0 : 5.392221e-06
PCG: 1 : 3.354344e-06 / 6.220709e-01
PCG: 2 : 3.839155e-06 / 7.119803e-01
PCG: 3 : 4.681813e-06 / 8.682532e-01
PCG: 0 : 4.681813e-06
PCG: 1 : 3.792886e-06 / 8.101318e-01
PCG: 2 : 3.210702e-06 / 6.857818e-01
PCG: 3 : 5.076457e-06 / 1.084293e+00
PCG: 0 : 5.076455e-06
PCG: 1 : 3.164710e-06 / 6.234095e-01
PCG: 2 : 3.622978e-06 / 7.136828e-01
PCG: 3 : 4.409079e-06 / 8.685352e-01
PCG: 0 : 4.409077e-06
PCG: 1 : 3.580390e-06 / 8.120497e-01
PCG: 2 : 3.028840e-06 / 6.869555e-01
PCG: 3 : 4.778673e-06 / 1.083826e+00
PCG: 0 : 4.778673e-06
PCG: 1 : 2.986634e-06 / 6.249924e-01
PCG: 2 : 3.419459e-06 / 7.155668e-01
PCG: 3 : 4.151886e-06 / 8.688366e-01
PCG: 0 : 4.151885e-06
PCG: 1 : 3.379650e-06 / 8.140036e-01
PCG: 2 : 2.857046e-06 / 6.881323e-01
PCG: 3 : 4.497555e-06 / 1.083256e+00
PCG: 0 : 4.497556e-06
PCG: 1 : 2.818056e-06 / 6.265750e-01
PCG: 2 : 3.227168e-06 / 7.175381e-01
PCG: 3 : 3.909458e-06 / 8.692405e-01
PCG: 0 : 3.909458e-06
PCG: 1 : 3.190548e-06 / 8.161101e-01
PCG: 2 : 2.695213e-06 / 6.894082e-01
PCG: 3 : 4.232795e-06 / 1.082706e+00
PCG: 0 : 4.232793e-06
PCG: 1 : 2.659119e-06 / 6.282185e-01
PCG: 2 : 3.045896e-06 / 7.195948e-01
PCG: 3 : 3.680894e-06 / 8.696135e-01
PCG: 0 : 3.680894e-06
PCG: 1 : 3.011878e-06 / 8.182462e-01
PCG: 2 : 2.542394e-06 / 6.907001e-01
PCG: 3 : 3.983179e-06 / 1.082123e+00
PCG: 0 : 3.983179e-06
PCG: 1 : 2.509222e-06 / 6.299547e-01
PCG: 2 : 2.874860e-06 / 7.217502e-01
PCG: 3 : 3.465673e-06 / 8.700772e-01
PCG: 0 : 3.465672e-06
PCG: 1 : 2.843383e-06 / 8.204420e-01
PCG: 2 : 2.398448e-06 / 6.920586e-01
PCG: 3 : 3.748092e-06 / 1.081491e+00
PCG: 0 : 3.748093e-06
PCG: 1 : 2.367648e-06 / 6.316941e-01
PCG: 2 : 2.713510e-06 / 7.239707e-01
PCG: 3 : 3.262439e-06 / 8.704265e-01
PCG: 0 : 3.262439e-06
PCG: 1 : 2.684217e-06 / 8.227639e-01
PCG: 2 : 2.262551e-06 / 6.935152e-01
PCG: 3 : 3.526387e-06 / 1.080905e+00
PCG: 0 : 3.526388e-06
PCG: 1 : 2.233997e-06 / 6.335085e-01
PCG: 2 : 2.561286e-06 / 7.263199e-01
PCG: 3 : 3.071422e-06 / 8.709825e-01
PCG: 0 : 3.071422e-06
PCG: 1 : 2.534041e-06 / 8.250383e-01
PCG: 2 : 2.134398e-06 / 6.949219e-01
PCG: 3 : 3.317390e-06 / 1.080083e+00
PCG: 0 : 3.317389e-06
PCG: 1 : 2.107990e-06 / 6.354365e-01
PCG: 2 : 2.417739e-06 / 7.288077e-01
PCG: 3 : 2.891353e-06 / 8.715749e-01
PCG: 0 : 2.891353e-06
PCG: 1 : 2.392365e-06 / 8.274207e-01
PCG: 2 : 2.013468e-06 / 6.963758e-01
PCG: 3 : 3.120694e-06 / 1.079320e+00
PCG: 0 : 3.120694e-06
PCG: 1 : 1.988960e-06 / 6.373455e-01
PCG: 2 : 2.282225e-06 / 7.313197e-01
PCG: 3 : 2.721520e-06 / 8.720883e-01
PCG: 0 : 2.721520e-06
PCG: 1 : 2.258639e-06 / 8.299184e-01
PCG: 2 : 1.899559e-06 / 6.979774e-01
PCG: 3 : 2.935677e-06 / 1.078690e+00

PCG ( VCycle ( S: Scale / C: Scale )  )

Complete solver TOE: 17.3192
2.47292 GFlop/s [2.47292 GFlops/s]

Total time: 17.3192s
Accumulated op time: 16.6178

Reductions: 7.5751%
Blas-1: 5.84004%
Blas-2: 82.5351%
Precon Kernels: 0%
MPI Execution: 0%
MPI Wait: 0%
Not covered: 4.04977%

Domain size: 48.0179 MByte
LA size: 119.742 MByte
MPI size: 2.67099 MByte

H0-Error: 8.151018e-06
H1-Error: 4.034525e-03

Writing DATA to output.data...
Run-Time: 0:17.875 [0:17.875]
0x31d198e880 Error: MemoryPool<CPU> still contains memory chunks on deconstructor call
