NUM-PROCS: 1
Preparing domain...
LVL-MIN: 4 [4]
LVL-MAX: 6 [6]
Creating gates...
Assembling system matrices...
Assembling system filters...
Assembling transfer matrices...
Converting assembled linear system from SparseMatrixCSR, Mem:main to SparseMatrixELL, Mem:cudaand to SparseMatrixELL, Mem:cuda...
PCG: 0 : 1.512630e-01
PCG: 1 : 2.707144e-01 / 1.789694e+00
PCG: 2 : 2.456834e-01 / 1.624214e+00
PCG: 3 : 3.589475e-01 / 2.373003e+00
PCG: 4 : 1.869211e-01 / 1.235736e+00
PCG: 0 : 1.922711e-01
PCG: 1 : 1.177499e-01 / 6.124159e-01
PCG: 2 : 4.152441e-02 / 2.159680e-01
PCG: 3 : 1.621496e-02 / 8.433386e-02
PCG: 4 : 1.709213e-02 / 8.889602e-02
PCG: 0 : 1.709213e-02
PCG: 1 : 7.639972e-03 / 4.469876e-01
PCG: 2 : 4.893862e-03 / 2.863225e-01
PCG: 3 : 8.499546e-03 / 4.972782e-01
PCG: 4 : 7.161480e-03 / 4.189928e-01
PCG: 0 : 7.161480e-03
PCG: 1 : 4.713983e-03 / 6.582415e-01
PCG: 2 : 1.738414e-03 / 2.427450e-01
PCG: 3 : 1.843779e-03 / 2.574579e-01
PCG: 4 : 2.301092e-03 / 3.213151e-01
PCG: 0 : 2.301092e-03
PCG: 1 : 1.348874e-03 / 5.861888e-01
PCG: 2 : 1.111590e-03 / 4.830708e-01
PCG: 3 : 1.260188e-03 / 5.476478e-01
PCG: 4 : 1.034672e-03 / 4.496440e-01
PCG: 0 : 1.034672e-03
PCG: 1 : 8.353491e-04 / 8.073565e-01
PCG: 2 : 4.753343e-04 / 4.594058e-01
PCG: 3 : 3.477847e-04 / 3.361304e-01
PCG: 4 : 4.001761e-04 / 3.867662e-01
PCG: 0 : 4.001761e-04
PCG: 1 : 2.814398e-04 / 7.032900e-01
PCG: 2 : 2.712576e-04 / 6.778455e-01
PCG: 3 : 2.257465e-04 / 5.641180e-01
PCG: 4 : 1.962652e-04 / 4.904472e-01
PCG: 0 : 1.962652e-04
PCG: 1 : 1.690530e-04 / 8.613496e-01
PCG: 2 : 1.142688e-04 / 5.822163e-01
PCG: 3 : 6.927983e-05 / 3.529909e-01
PCG: 4 : 8.001087e-05 / 4.076671e-01
PCG: 0 : 8.001085e-05
PCG: 1 : 5.874076e-05 / 7.341598e-01
PCG: 2 : 6.097239e-05 / 7.620515e-01
PCG: 3 : 4.887607e-05 / 6.108680e-01
PCG: 4 : 3.986865e-05 / 4.982905e-01
PCG: 0 : 3.986865e-05
PCG: 1 : 3.482098e-05 / 8.733925e-01
PCG: 2 : 2.536995e-05 / 6.363384e-01
PCG: 3 : 1.523265e-05 / 3.820708e-01
PCG: 4 : 1.656264e-05 / 4.154301e-01
PCG: 0 : 1.656264e-05
PCG: 1 : 1.199933e-05 / 7.244818e-01
PCG: 2 : 1.335267e-05 / 8.061923e-01
PCG: 3 : 1.084427e-05 / 6.547427e-01
PCG: 4 : 8.441515e-06 / 5.096722e-01
PCG: 0 : 8.441515e-06
PCG: 1 : 7.130469e-06 / 8.446907e-01
PCG: 2 : 5.454403e-06 / 6.461403e-01
PCG: 3 : 3.382007e-06 / 4.006398e-01
PCG: 4 : 3.583774e-06 / 4.245415e-01
PCG: 0 : 3.583774e-06
PCG: 1 : 2.463544e-06 / 6.874161e-01
PCG: 2 : 2.850175e-06 / 7.952999e-01
PCG: 3 : 2.410282e-06 / 6.725540e-01
PCG: 4 : 1.874187e-06 / 5.229647e-01
PCG: 0 : 1.874187e-06
PCG: 1 : 1.491653e-06 / 7.958933e-01
PCG: 2 : 1.156092e-06 / 6.168499e-01
PCG: 3 : 7.458877e-07 / 3.979793e-01
PCG: 4 : 8.107199e-07 / 4.325715e-01
PCG: 0 : 8.107199e-07
PCG: 1 : 5.231912e-07 / 6.453415e-01
PCG: 2 : 6.081202e-07 / 7.500989e-01
PCG: 3 : 5.322349e-07 / 6.564966e-01
PCG: 4 : 4.322698e-07 / 5.331925e-01
PCG: 0 : 4.322697e-07
PCG: 1 : 3.239360e-07 / 7.493839e-01
PCG: 2 : 2.477189e-07 / 5.730656e-01
PCG: 3 : 1.631875e-07 / 3.775131e-01
PCG: 4 : 1.894878e-07 / 4.383554e-01
PCG: 0 : 1.894878e-07
PCG: 1 : 1.157669e-07 / 6.109465e-01
PCG: 2 : 1.320273e-07 / 6.967589e-01
PCG: 3 : 1.174153e-07 / 6.196460e-01
PCG: 4 : 1.026142e-07 / 5.415345e-01

PCG ( VCycle ( S: Scale / C: Scale )  )

Complete solver TOE: 0.0338
1.22187 GFlop/s [1.22187 GFlops/s]

Total time: 0.0338s
Accumulated op time: 0.017948

Reductions: 43.7278%
Blas-1: 5.06509%
Blas-2: 4.30769%
Precon Kernels: 0%
MPI Execution: 0%
MPI Wait: 0%
Not covered: 46.8994%

Domain size: 0.762436 MByte
LA size: 1.86904 MByte
MPI size: 0.0427933 MByte

H0-Error: 1.098699e-04
H1-Error: 3.227246e-02

Writing DATA to output.data...
Run-Time: 0:00.098 [0:00.098]
0x31d198e880 Error: MemoryPool<CUDA> still contains memory chunks on deconstructor call
