NUM-PROCS: 1
Preparing domain...
LVL-MIN: 1 [1]
LVL-MAX: 8 [8]
Creating gates...
Assembling system matrices...
Assembling system filters...
Assembling transfer matrices...
Converting assembled linear system from SparseMatrixCSR, Mem:main to SparseMatrixCSR, Mem:mainand to SparseMatrixCSR, Mem:main...
PCG: 0 : 3.788183e-02
PCG: 1 : 1.295202e-02 / 3.419060e-01
PCG: 2 : 4.463452e-03 / 1.178257e-01
PCG: 3 : 1.247560e-03 / 3.293293e-02
PCG: 4 : 1.678780e-04 / 4.431624e-03
PCG: 5 : 1.364485e-05 / 3.601950e-04
PCG: 6 : 1.887981e-06 / 4.983869e-05
PCG: 7 : 2.377303e-07 / 6.275577e-06
PCG: 8 : 1.804996e-08 / 4.764807e-07
PCG: 0 : 1.544122e-03
PCG: 1 : 1.150115e-04 / 7.448348e-02
PCG: 2 : 1.402312e-05 / 9.081615e-03
PCG: 3 : 1.444648e-06 / 9.355795e-04
PCG: 4 : 1.989343e-07 / 1.288333e-04
PCG: 5 : 2.218873e-08 / 1.436981e-05
PCG: 6 : 2.485086e-09 / 1.609385e-06
PCG: 7 : 2.813287e-10 / 1.821933e-07
PCG: 8 : 3.927429e-11 / 2.543472e-08
PCG: 0 : 5.384969e-09
PCG: 1 : 8.919306e-10 / 1.656334e-01
PCG: 2 : 1.436793e-10 / 2.668155e-02
PCG: 3 : 1.541733e-11 / 2.863030e-03
PCG: 4 : 1.857436e-12 / 3.449297e-04
PCG: 5 : 2.247888e-13 / 4.174374e-05
PCG: 6 : 2.310848e-14 / 4.291292e-06
PCG: 7 : 2.765092e-15 / 5.134833e-07
PCG: 8 : 3.816495e-16 / 7.087310e-08

PCG ( VCycle ( S: Scale / C: Scale )  )

Complete solver TOE: 0.411048
0.564022 GFlop/s [0.564022 GFlops/s]

Total time: 0.411048s
Accumulated op time: 0.395777

Reductions: 1.84942%
Blas-1: 5.55847%
Blas-2: 88.877%
Precon Kernels: 0%
MPI Execution: 0%
MPI Wait: 0%
Not covered: 3.71514%

Domain size: 6.73709 MByte
LA size: 22.4149 MByte
MPI size: 0.674561 MByte

H0-Error: 6.865388e-06
H1-Error: 8.068795e-03

Writing DATA to output.data...
Run-Time: 0:00.997 [0:00.997]
0xb32ee9f8 Error: MemoryPool<CPU> still contains memory chunks on deconstructor call
