NUM-PROCS: 1
Preparing domain...
LVL-MIN: 5 [5]
LVL-MAX: 8 [8]
Creating gates...
Assembling system matrices...
Assembling system filters...
Assembling transfer matrices...
Converting assembled linear system from SparseMatrixCSR, Mem:main to SparseMatrixCSR, Mem:mainand to SparseMatrixCSR, Mem:main...
PCG: 0 : 3.788183e-02
PCG: 1 : 1.531274e-01 / 4.042240e+00
PCG: 2 : 1.362878e-01 / 3.597708e+00
PCG: 3 : 2.921180e-01 / 7.711296e+00
PCG: 4 : 2.872759e-01 / 7.583474e+00
PCG: 5 : 1.502754e-01 / 3.966953e+00
PCG: 6 : 1.546998e-01 / 4.083746e+00
PCG: 7 : 1.430841e-01 / 3.777116e+00
PCG: 8 : 1.148360e-01 / 3.031428e+00
PCG: 0 : 1.146137e-01
PCG: 1 : 8.042940e-02 / 7.017433e-01
PCG: 2 : 4.126761e-02 / 3.600582e-01
PCG: 3 : 3.061907e-02 / 2.671502e-01
PCG: 4 : 2.928773e-02 / 2.555343e-01
PCG: 5 : 1.949314e-02 / 1.700769e-01
PCG: 6 : 9.270947e-03 / 8.088865e-02
PCG: 7 : 9.913209e-03 / 8.649236e-02
PCG: 8 : 1.500175e-02 / 1.308897e-01
PCG: 0 : 1.500175e-02
PCG: 1 : 4.072010e-03 / 2.714357e-01
PCG: 2 : 3.407346e-03 / 2.271300e-01
PCG: 3 : 4.424922e-03 / 2.949605e-01
PCG: 4 : 5.125656e-03 / 3.416706e-01
PCG: 5 : 6.780074e-03 / 4.519523e-01
PCG: 6 : 4.566731e-03 / 3.044133e-01
PCG: 7 : 3.258256e-03 / 2.171918e-01
PCG: 8 : 2.613872e-03 / 1.742378e-01
PCG: 0 : 2.613870e-03
PCG: 1 : 2.590253e-03 / 9.909647e-01
PCG: 2 : 1.777357e-03 / 6.799715e-01
PCG: 3 : 9.786779e-04 / 3.744171e-01
PCG: 4 : 7.176669e-04 / 2.745610e-01
PCG: 5 : 7.084929e-04 / 2.710513e-01
PCG: 6 : 3.591114e-04 / 1.373869e-01
PCG: 7 : 3.409239e-04 / 1.304288e-01
PCG: 8 : 4.948749e-04 / 1.893265e-01
PCG: 0 : 4.948748e-04
PCG: 1 : 2.898615e-04 / 5.857268e-01
PCG: 2 : 3.556244e-04 / 7.186148e-01
PCG: 3 : 2.874578e-04 / 5.808697e-01
PCG: 4 : 2.633760e-04 / 5.322072e-01
PCG: 5 : 4.032470e-04 / 8.148463e-01
PCG: 6 : 4.486917e-04 / 9.066772e-01
PCG: 7 : 2.196846e-04 / 4.439196e-01
PCG: 8 : 2.341984e-04 / 4.732478e-01
PCG: 0 : 2.341985e-04
PCG: 1 : 1.922467e-04 / 8.208709e-01
PCG: 2 : 2.216093e-04 / 9.462457e-01
PCG: 3 : 1.001924e-04 / 4.278097e-01
PCG: 4 : 5.897434e-05 / 2.518135e-01
PCG: 5 : 6.045491e-05 / 2.581354e-01
PCG: 6 : 6.165352e-05 / 2.632533e-01
PCG: 7 : 4.171525e-05 / 1.781192e-01
PCG: 8 : 5.737217e-05 / 2.449724e-01
PCG: 0 : 5.737215e-05
PCG: 1 : 3.845429e-05 / 6.702606e-01
PCG: 2 : 5.017466e-05 / 8.745473e-01
PCG: 3 : 4.252459e-05 / 7.412062e-01
PCG: 4 : 3.515349e-05 / 6.127275e-01
PCG: 5 : 4.510577e-05 / 7.861962e-01
PCG: 6 : 6.643533e-05 / 1.157972e+00
PCG: 7 : 3.840423e-05 / 6.693881e-01
PCG: 8 : 3.462716e-05 / 6.035534e-01
PCG: 0 : 3.462715e-05
PCG: 1 : 2.797104e-05 / 8.077779e-01
PCG: 2 : 3.138195e-05 / 9.062818e-01
PCG: 3 : 1.479160e-05 / 4.271676e-01
PCG: 4 : 8.467985e-06 / 2.445476e-01
PCG: 5 : 8.220730e-06 / 2.374071e-01
PCG: 6 : 8.779868e-06 / 2.535545e-01
PCG: 7 : 6.317494e-06 / 1.824434e-01
PCG: 8 : 8.181962e-06 / 2.362875e-01
PCG: 0 : 8.181956e-06
PCG: 1 : 5.850615e-06 / 7.150631e-01
PCG: 2 : 7.209409e-06 / 8.811352e-01
PCG: 3 : 5.962991e-06 / 7.287977e-01
PCG: 4 : 5.376802e-06 / 6.571536e-01
PCG: 5 : 7.012307e-06 / 8.570454e-01
PCG: 6 : 9.512780e-06 / 1.162653e+00
PCG: 7 : 5.685547e-06 / 6.948885e-01
PCG: 8 : 5.377113e-06 / 6.571916e-01
PCG: 0 : 5.377111e-06
PCG: 1 : 4.317075e-06 / 8.028614e-01
PCG: 2 : 4.487334e-06 / 8.345251e-01
PCG: 3 : 2.230733e-06 / 4.148572e-01
PCG: 4 : 1.480661e-06 / 2.753637e-01
PCG: 5 : 1.277511e-06 / 2.375831e-01
PCG: 6 : 1.223861e-06 / 2.276057e-01
PCG: 7 : 9.710521e-07 / 1.805899e-01
PCG: 8 : 1.305298e-06 / 2.427509e-01
PCG: 0 : 1.305298e-06
PCG: 1 : 9.604388e-07 / 7.358003e-01
PCG: 2 : 1.003717e-06 / 7.689564e-01
PCG: 3 : 8.679923e-07 / 6.649762e-01
PCG: 4 : 9.899968e-07 / 7.584449e-01
PCG: 5 : 1.158117e-06 / 8.872430e-01
PCG: 6 : 1.296942e-06 / 9.935980e-01
PCG: 7 : 8.587307e-07 / 6.578808e-01
PCG: 8 : 8.911653e-07 / 6.827292e-01
PCG: 0 : 8.911657e-07
PCG: 1 : 6.966420e-07 / 7.817199e-01
PCG: 2 : 6.162029e-07 / 6.914572e-01
PCG: 3 : 3.591734e-07 / 4.030377e-01
PCG: 4 : 2.929058e-07 / 3.286772e-01
PCG: 5 : 1.963947e-07 / 2.203796e-01
PCG: 6 : 1.663669e-07 / 1.866846e-01
PCG: 7 : 1.647531e-07 / 1.848737e-01
PCG: 8 : 2.114071e-07 / 2.372254e-01
PCG: 0 : 2.114072e-07
PCG: 1 : 1.574746e-07 / 7.448875e-01
PCG: 2 : 1.370510e-07 / 6.482797e-01
PCG: 3 : 1.395619e-07 / 6.601566e-01
PCG: 4 : 1.863960e-07 / 8.816920e-01
PCG: 5 : 1.717715e-07 / 8.125150e-01
PCG: 6 : 1.828680e-07 / 8.650036e-01
PCG: 7 : 1.411504e-07 / 6.676707e-01
PCG: 8 : 1.378098e-07 / 6.518690e-01
PCG: 0 : 1.378098e-07
PCG: 1 : 1.062281e-07 / 7.708310e-01
PCG: 2 : 8.900933e-08 / 6.458854e-01
PCG: 3 : 5.583933e-08 / 4.051913e-01
PCG: 4 : 4.686057e-08 / 3.400381e-01
PCG: 5 : 2.893207e-08 / 2.099421e-01
PCG: 6 : 2.457712e-08 / 1.783409e-01
PCG: 7 : 2.598043e-08 / 1.885238e-01
PCG: 8 : 3.191258e-08 / 2.315698e-01
PCG: 0 : 3.191258e-08
PCG: 1 : 2.381324e-08 / 7.462023e-01
PCG: 2 : 2.018435e-08 / 6.324888e-01
PCG: 3 : 2.123049e-08 / 6.652702e-01
PCG: 4 : 2.888311e-08 / 9.050698e-01
PCG: 5 : 2.550901e-08 / 7.993404e-01
PCG: 6 : 2.730414e-08 / 8.555918e-01
PCG: 7 : 2.162803e-08 / 6.777273e-01
PCG: 8 : 2.072332e-08 / 6.493777e-01
PCG: 0 : 2.072331e-08
PCG: 1 : 1.587621e-08 / 7.661039e-01
PCG: 2 : 1.323872e-08 / 6.388324e-01
PCG: 3 : 8.381006e-09 / 4.044241e-01
PCG: 4 : 7.043681e-09 / 3.398917e-01
PCG: 5 : 4.329067e-09 / 2.088984e-01
PCG: 6 : 3.654860e-09 / 1.763647e-01
PCG: 7 : 3.894412e-09 / 1.879242e-01
PCG: 8 : 4.797410e-09 / 2.314983e-01
PCG: 0 : 4.797411e-09
PCG: 1 : 3.558140e-09 / 7.416792e-01
PCG: 2 : 3.005490e-09 / 6.264816e-01
PCG: 3 : 3.186185e-09 / 6.641467e-01
PCG: 4 : 4.335476e-09 / 9.037117e-01
PCG: 5 : 3.811290e-09 / 7.944472e-01
PCG: 6 : 4.068220e-09 / 8.480031e-01
PCG: 7 : 3.244287e-09 / 6.762578e-01
PCG: 8 : 3.116633e-09 / 6.496490e-01
PCG: 0 : 3.116632e-09
PCG: 1 : 2.372697e-09 / 7.613016e-01
PCG: 2 : 1.972855e-09 / 6.330087e-01
PCG: 3 : 1.257719e-09 / 4.035506e-01
PCG: 4 : 1.057802e-09 / 3.394056e-01
PCG: 5 : 6.487052e-10 / 2.081430e-01
PCG: 6 : 5.443815e-10 / 1.746698e-01
PCG: 7 : 5.829130e-10 / 1.870330e-01
PCG: 8 : 7.216946e-10 / 2.315623e-01
PCG: 0 : 7.216945e-10
PCG: 1 : 5.317948e-10 / 7.368696e-01
PCG: 2 : 4.479647e-10 / 6.207124e-01
PCG: 3 : 4.781581e-10 / 6.625491e-01
PCG: 4 : 6.508418e-10 / 9.018244e-01
PCG: 5 : 5.700090e-10 / 7.898203e-01
PCG: 6 : 6.063903e-10 / 8.402312e-01
PCG: 7 : 4.865451e-10 / 6.741704e-01
PCG: 8 : 4.690872e-10 / 6.499802e-01

PCG ( VCycle ( S: Scale / C: Scale )  )

Complete solver TOE: 2.63558
0.550576 GFlop/s [0.550576 GFlops/s]

Total time: 2.63558s
Accumulated op time: 2.54749

Reductions: 2.02236%
Blas-1: 5.37024%
Blas-2: 89.2651%
Precon Kernels: 0%
MPI Execution: 0%
MPI Wait: 0%
Not covered: 3.3423%

Domain size: 6.70679 MByte
LA size: 22.1625 MByte
MPI size: 0.671448 MByte

H0-Error: 6.865496e-06
H1-Error: 8.068795e-03

Writing DATA to output.data...
Run-Time: 0:03.247 [0:03.247]
0xb330a9f8 Error: MemoryPool<CPU> still contains memory chunks on deconstructor call
