NUM-PROCS: 1
Preparing domain...
LVL-MIN: 1 [1]
LVL-MAX: 3 [3]
Creating gates...
Assembling system matrices...
Assembling system filters...
Assembling transfer matrices...
Converting assembled linear system from SparseMatrixCSR, Mem:main to SparseMatrixELL, Mem:cudaand to SparseMatrixELL, Mem:cuda...
PCG: 0 : 1.157947e+00
PCG: 1 : 2.599997e-01 / 2.245351e-01
PCG: 2 : 2.182369e-02 / 1.884689e-02
PCG: 3 : 1.033918e-03 / 8.928889e-04
PCG: 4 : 4.233067e-05 / 3.655666e-05
PCG: 5 : 3.378850e-06 / 2.917966e-06
PCG: 6 : 2.156037e-07 / 1.861948e-07
PCG: 0 : 6.039956e-01
PCG: 1 : 1.287164e-01 / 2.131082e-01
PCG: 2 : 6.452803e-03 / 1.068353e-02
PCG: 3 : 4.654996e-04 / 7.707003e-04
PCG: 4 : 2.317195e-05 / 3.836443e-05
PCG: 5 : 1.679409e-06 / 2.780500e-06
PCG: 6 : 7.713922e-08 / 1.277149e-07
PCG: 0 : 1.760686e-07
PCG: 1 : 2.482445e-08 / 1.409931e-01
PCG: 2 : 2.667955e-09 / 1.515293e-02
PCG: 3 : 2.303128e-10 / 1.308086e-03
PCG: 4 : 2.540671e-11 / 1.443001e-04
PCG: 5 : 2.109901e-12 / 1.198340e-05
PCG: 6 : 1.957493e-13 / 1.111779e-06
PCG: 0 : 2.025793e-13
PCG: 1 : 2.733328e-14 / 1.349263e-01
PCG: 2 : 2.401442e-15 / 1.185433e-02
PCG: 3 : 3.246482e-16 / 1.602573e-03
PCG: 4 : 2.295740e-17 / 1.133255e-04
PCG: 5 : 2.642801e-18 / 1.304576e-05
PCG: 6 : 2.407042e-19 / 1.188197e-06

PCG ( VCycle ( S: Scale / C: Scale )  )

Complete solver TOE: 0.013607
0.0180586 GFlop/s [0.0180586 GFlops/s]

Total time: 0.013607s
Accumulated op time: 0.006941

Reductions: 33.8061%
Blas-1: 9.36283%
Blas-2: 7.84155%
Precon Kernels: 0%
MPI Execution: 0%
MPI Wait: 0%
Not covered: 48.9895%

Domain size: 0.0147552 MByte
LA size: 0.0341721 MByte
MPI size: 0.000923157 MByte

H0-Error: 6.962289e-03
H1-Error: 2.567055e-01

Writing DATA to output.data...
Run-Time: 0:00.064 [0:00.064]
0x31d198e880 Error: MemoryPool<CUDA> still contains memory chunks on deconstructor call
