NUM-PROCS: 1
Preparing domain...
LVL-MIN: 6 [6]
LVL-MAX: 8 [8]
Creating gates...
Assembling system matrices...
Assembling system filters...
Assembling transfer matrices...
Converting assembled linear system from SparseMatrixCSR, Mem:main to SparseMatrixCSR, Mem:mainand to SparseMatrixCSR, Mem:main...
PCG: 0 : 3.788183e-02
PCG: 1 : 3.009865e-01 / 7.945405e+00
PCG: 2 : 2.267217e-01 / 5.984973e+00
PCG: 0 : 2.264981e-01
PCG: 1 : 2.665851e-01 / 1.176986e+00
PCG: 2 : 2.930694e-01 / 1.293916e+00
PCG: 0 : 2.930694e-01
PCG: 1 : 1.568404e-01 / 5.351646e-01
PCG: 2 : 1.454681e-01 / 4.963607e-01
PCG: 0 : 1.454681e-01
PCG: 1 : 1.075131e-01 / 7.390837e-01
PCG: 2 : 1.950456e-01 / 1.340813e+00
PCG: 0 : 1.950456e-01
PCG: 1 : 9.608855e-02 / 4.926466e-01
PCG: 2 : 1.160375e-01 / 5.949250e-01
PCG: 0 : 1.160375e-01
PCG: 1 : 8.237766e-02 / 7.099228e-01
PCG: 2 : 1.494878e-01 / 1.288271e+00
PCG: 0 : 1.494878e-01
PCG: 1 : 7.740802e-02 / 5.178217e-01
PCG: 2 : 9.758172e-02 / 6.527739e-01
PCG: 0 : 9.758174e-02
PCG: 1 : 7.096338e-02 / 7.272199e-01
PCG: 2 : 1.237534e-01 / 1.268203e+00
PCG: 0 : 1.237534e-01
PCG: 1 : 6.799325e-02 / 5.494253e-01
PCG: 2 : 8.474886e-02 / 6.848204e-01
PCG: 0 : 8.474886e-02
PCG: 1 : 6.421726e-02 / 7.577360e-01
PCG: 2 : 1.074334e-01 / 1.267668e+00
PCG: 0 : 1.074334e-01
PCG: 1 : 6.212331e-02 / 5.782494e-01
PCG: 2 : 7.551450e-02 / 7.028958e-01
PCG: 0 : 7.551450e-02
PCG: 1 : 5.950748e-02 / 7.880272e-01
PCG: 2 : 9.611444e-02 / 1.272794e+00
PCG: 0 : 9.611445e-02
PCG: 1 : 5.785124e-02 / 6.018995e-01
PCG: 2 : 6.866028e-02 / 7.143596e-01
PCG: 0 : 6.866028e-02
PCG: 1 : 5.580049e-02 / 8.127041e-01
PCG: 2 : 8.764479e-02 / 1.276499e+00
PCG: 0 : 8.764479e-02
PCG: 1 : 5.438803e-02 / 6.205506e-01
PCG: 2 : 6.335150e-02 / 7.228211e-01
PCG: 0 : 6.335150e-02
PCG: 1 : 5.265175e-02 / 8.311049e-01
PCG: 2 : 8.088406e-02 / 1.276750e+00
PCG: 0 : 8.088405e-02
PCG: 1 : 5.139145e-02 / 6.353719e-01
PCG: 2 : 5.904580e-02 / 7.300054e-01
PCG: 0 : 5.904580e-02
PCG: 1 : 4.985649e-02 / 8.443698e-01
PCG: 2 : 7.521983e-02 / 1.273923e+00
PCG: 0 : 7.521983e-02
PCG: 1 : 4.870994e-02 / 6.475678e-01
PCG: 2 : 5.542448e-02 / 7.368333e-01
PCG: 0 : 5.542447e-02
PCG: 1 : 4.733172e-02 / 8.539859e-01
PCG: 2 : 7.035320e-02 / 1.269353e+00
PCG: 0 : 7.035320e-02
PCG: 1 : 4.628592e-02 / 6.579078e-01
PCG: 2 : 5.231401e-02 / 7.435911e-01
PCG: 0 : 5.231401e-02
PCG: 1 : 4.505134e-02 / 8.611716e-01
PCG: 2 : 6.614613e-02 / 1.264406e+00
PCG: 0 : 6.614613e-02
PCG: 1 : 4.410627e-02 / 6.668004e-01
PCG: 2 : 4.961988e-02 / 7.501554e-01
PCG: 0 : 4.961988e-02
PCG: 1 : 4.301167e-02 / 8.668233e-01
PCG: 2 : 6.252167e-02 / 1.260013e+00
PCG: 0 : 6.252167e-02
PCG: 1 : 4.216854e-02 / 6.744627e-01
PCG: 2 : 4.728033e-02 / 7.562231e-01
PCG: 0 : 4.728033e-02
PCG: 1 : 4.120770e-02 / 8.715613e-01
PCG: 2 : 5.941160e-02 / 1.256582e+00
PCG: 0 : 5.941160e-02
PCG: 1 : 4.045816e-02 / 6.809808e-01
PCG: 2 : 4.523603e-02 / 7.614005e-01
PCG: 0 : 4.523603e-02
PCG: 1 : 3.961718e-02 / 8.757883e-01
PCG: 2 : 5.673482e-02 / 1.254195e+00
PCG: 0 : 5.673482e-02
PCG: 1 : 3.895041e-02 / 6.865344e-01
PCG: 2 : 4.343526e-02 / 7.655838e-01
PCG: 0 : 4.343525e-02
PCG: 1 : 3.820979e-02 / 8.796953e-01
PCG: 2 : 5.440861e-02 / 1.252637e+00
PCG: 0 : 5.440861e-02
PCG: 1 : 3.761047e-02 / 6.912596e-01
PCG: 2 : 4.182741e-02 / 7.687646e-01
PCG: 0 : 4.182741e-02
PCG: 1 : 3.694988e-02 / 8.833891e-01
PCG: 2 : 5.235597e-02 / 1.251715e+00
PCG: 0 : 5.235597e-02
PCG: 1 : 3.640490e-02 / 6.953341e-01
PCG: 2 : 4.037319e-02 / 7.711287e-01
PCG: 0 : 4.037319e-02
PCG: 1 : 3.580739e-02 / 8.869101e-01
PCG: 2 : 5.051482e-02 / 1.251197e+00
PCG: 0 : 5.051482e-02
PCG: 1 : 3.530492e-02 / 6.989021e-01
PCG: 2 : 3.904025e-02 / 7.728473e-01
PCG: 0 : 3.904025e-02
PCG: 1 : 3.475574e-02 / 8.902541e-01
PCG: 2 : 4.883699e-02 / 1.250940e+00
PCG: 0 : 4.883699e-02
PCG: 1 : 3.428748e-02 / 7.020800e-01
PCG: 2 : 3.780501e-02 / 7.741060e-01
PCG: 0 : 3.780501e-02
PCG: 1 : 3.377638e-02 / 8.934368e-01
PCG: 2 : 4.728788e-02 / 1.250836e+00
PCG: 0 : 4.728787e-02
PCG: 1 : 3.333468e-02 / 7.049308e-01
PCG: 2 : 3.664854e-02 / 7.750092e-01
PCG: 0 : 3.664854e-02
PCG: 1 : 3.285398e-02 / 8.964608e-01
PCG: 2 : 4.584270e-02 / 1.250874e+00
PCG: 0 : 4.584270e-02
PCG: 1 : 3.243427e-02 / 7.075123e-01
PCG: 2 : 3.555797e-02 / 7.756518e-01
PCG: 0 : 3.555797e-02
PCG: 1 : 3.197857e-02 / 8.993360e-01
PCG: 2 : 4.448327e-02 / 1.251007e+00
PCG: 0 : 4.448328e-02
PCG: 1 : 3.157744e-02 / 7.098721e-01
PCG: 2 : 3.452366e-02 / 7.761042e-01
PCG: 0 : 3.452365e-02
PCG: 1 : 3.114210e-02 / 9.020512e-01
PCG: 2 : 4.319378e-02 / 1.251136e+00
PCG: 0 : 4.319378e-02
PCG: 1 : 3.075737e-02 / 7.120787e-01
PCG: 2 : 3.353885e-02 / 7.764742e-01
PCG: 0 : 3.353885e-02
PCG: 1 : 3.033940e-02 / 9.046046e-01
PCG: 2 : 4.196485e-02 / 1.251231e+00
PCG: 0 : 4.196486e-02
PCG: 1 : 2.996779e-02 / 7.141165e-01
PCG: 2 : 3.259620e-02 / 7.767499e-01
PCG: 0 : 3.259620e-02
PCG: 1 : 2.956556e-02 / 9.070245e-01
PCG: 2 : 4.078968e-02 / 1.251363e+00
PCG: 0 : 4.078968e-02
PCG: 1 : 2.920615e-02 / 7.160180e-01
PCG: 2 : 3.169158e-02 / 7.769511e-01
PCG: 0 : 3.169159e-02
PCG: 1 : 2.881736e-02 / 9.093062e-01
PCG: 2 : 3.966159e-02 / 1.251486e+00
PCG: 0 : 3.966159e-02
PCG: 1 : 2.846909e-02 / 7.178000e-01
PCG: 2 : 3.082139e-02 / 7.771091e-01
PCG: 0 : 3.082139e-02
PCG: 1 : 2.809234e-02 / 9.114559e-01
PCG: 2 : 3.857572e-02 / 1.251589e+00
PCG: 0 : 3.857572e-02
PCG: 1 : 2.775415e-02 / 7.194721e-01
PCG: 2 : 2.998220e-02 / 7.772297e-01
PCG: 0 : 2.998219e-02
PCG: 1 : 2.738927e-02 / 9.135180e-01
PCG: 2 : 3.753055e-02 / 1.251761e+00
PCG: 0 : 3.753055e-02
PCG: 1 : 2.706046e-02 / 7.210248e-01
PCG: 2 : 2.917233e-02 / 7.772955e-01
PCG: 0 : 2.917233e-02
PCG: 1 : 2.670589e-02 / 9.154528e-01
PCG: 2 : 3.652017e-02 / 1.251877e+00
PCG: 0 : 3.652017e-02
PCG: 1 : 2.638615e-02 / 7.225090e-01
PCG: 2 : 2.838964e-02 / 7.773688e-01
PCG: 0 : 2.838964e-02
PCG: 1 : 2.604152e-02 / 9.172894e-01
PCG: 2 : 3.554258e-02 / 1.251956e+00
PCG: 0 : 3.554258e-02
PCG: 1 : 2.572972e-02 / 7.239125e-01
PCG: 2 : 2.763198e-02 / 7.774331e-01
PCG: 0 : 2.763198e-02
PCG: 1 : 2.539440e-02 / 9.190223e-01
PCG: 2 : 3.459660e-02 / 1.252049e+00
PCG: 0 : 3.459660e-02
PCG: 1 : 2.509088e-02 / 7.252414e-01
PCG: 2 : 2.689815e-02 / 7.774797e-01
PCG: 0 : 2.689815e-02
PCG: 1 : 2.476423e-02 / 9.206667e-01
PCG: 2 : 3.367961e-02 / 1.252116e+00
PCG: 0 : 3.367961e-02
PCG: 1 : 2.446857e-02 / 7.265098e-01
PCG: 2 : 2.618703e-02 / 7.775335e-01
PCG: 0 : 2.618702e-02
PCG: 1 : 2.415060e-02 / 9.222355e-01
PCG: 2 : 3.279002e-02 / 1.252148e+00
PCG: 0 : 3.279002e-02
PCG: 1 : 2.386193e-02 / 7.277192e-01
PCG: 2 : 2.549680e-02 / 7.775779e-01
PCG: 0 : 2.549680e-02
PCG: 1 : 2.355196e-02 / 9.237223e-01
PCG: 2 : 3.192737e-02 / 1.252211e+00
PCG: 0 : 3.192737e-02
PCG: 1 : 2.327065e-02 / 7.288622e-01
PCG: 2 : 2.482719e-02 / 7.776146e-01
PCG: 0 : 2.482719e-02
PCG: 1 : 2.296865e-02 / 9.251410e-01
PCG: 2 : 3.109002e-02 / 1.252257e+00
PCG: 0 : 3.109002e-02
PCG: 1 : 2.269399e-02 / 7.299445e-01
PCG: 2 : 2.417659e-02 / 7.776319e-01
PCG: 0 : 2.417659e-02
PCG: 1 : 2.239960e-02 / 9.264996e-01
PCG: 2 : 3.027660e-02 / 1.252310e+00
PCG: 0 : 3.027660e-02
PCG: 1 : 2.213167e-02 / 7.309828e-01
PCG: 2 : 2.354479e-02 / 7.776563e-01
PCG: 0 : 2.354478e-02
PCG: 1 : 2.184455e-02 / 9.277873e-01
PCG: 2 : 2.948605e-02 / 1.252339e+00
PCG: 0 : 2.948605e-02
PCG: 1 : 2.158319e-02 / 7.319797e-01
PCG: 2 : 2.293056e-02 / 7.776750e-01
PCG: 0 : 2.293056e-02
PCG: 1 : 2.130331e-02 / 9.290358e-01
PCG: 2 : 2.871810e-02 / 1.252394e+00
PCG: 0 : 2.871810e-02
PCG: 1 : 2.104828e-02 / 7.329272e-01
PCG: 2 : 2.233377e-02 / 7.776896e-01
PCG: 0 : 2.233377e-02
PCG: 1 : 2.077513e-02 / 9.302117e-01
PCG: 2 : 2.797082e-02 / 1.252401e+00
PCG: 0 : 2.797081e-02
PCG: 1 : 2.052640e-02 / 7.338508e-01
PCG: 2 : 2.175353e-02 / 7.777225e-01
PCG: 0 : 2.175353e-02
PCG: 1 : 2.026021e-02 / 9.313527e-01
PCG: 2 : 2.724453e-02 / 1.252419e+00
PCG: 0 : 2.724453e-02
PCG: 1 : 2.001742e-02 / 7.347319e-01
PCG: 2 : 2.118903e-02 / 7.777352e-01
PCG: 0 : 2.118903e-02
PCG: 1 : 1.975776e-02 / 9.324521e-01
PCG: 2 : 2.653804e-02 / 1.252443e+00
PCG: 0 : 2.653805e-02
PCG: 1 : 1.952095e-02 / 7.355835e-01
PCG: 2 : 2.064003e-02 / 7.777525e-01
PCG: 0 : 2.064003e-02
PCG: 1 : 1.926780e-02 / 9.335162e-01
PCG: 2 : 2.585085e-02 / 1.252462e+00
PCG: 0 : 2.585085e-02
PCG: 1 : 1.903665e-02 / 7.364034e-01
PCG: 2 : 2.010584e-02 / 7.777631e-01
PCG: 0 : 2.010584e-02
PCG: 1 : 1.878954e-02 / 9.345314e-01
PCG: 2 : 2.518216e-02 / 1.252480e+00
PCG: 0 : 2.518216e-02
PCG: 1 : 1.856401e-02 / 7.371891e-01
PCG: 2 : 1.958588e-02 / 7.777683e-01
PCG: 0 : 1.958589e-02
PCG: 1 : 1.832297e-02 / 9.355189e-01
PCG: 2 : 2.453120e-02 / 1.252494e+00
PCG: 0 : 2.453121e-02
PCG: 1 : 1.810310e-02 / 7.379619e-01
PCG: 2 : 1.908015e-02 / 7.777911e-01
PCG: 0 : 1.908015e-02
PCG: 1 : 1.786797e-02 / 9.364686e-01
PCG: 2 : 2.389787e-02 / 1.252499e+00
PCG: 0 : 2.389787e-02
PCG: 1 : 1.765338e-02 / 7.387009e-01
PCG: 2 : 1.858772e-02 / 7.777984e-01
PCG: 0 : 1.858772e-02
PCG: 1 : 1.742415e-02 / 9.374011e-01
PCG: 2 : 2.328133e-02 / 1.252511e+00
PCG: 0 : 2.328133e-02
PCG: 1 : 1.721467e-02 / 7.394193e-01
PCG: 2 : 1.810845e-02 / 7.778098e-01
PCG: 0 : 1.810845e-02
PCG: 1 : 1.699105e-02 / 9.382942e-01
PCG: 2 : 2.268112e-02 / 1.252516e+00
PCG: 0 : 2.268112e-02
PCG: 1 : 1.678670e-02 / 7.401177e-01
PCG: 2 : 1.764172e-02 / 7.778155e-01
PCG: 0 : 1.764172e-02
PCG: 1 : 1.656898e-02 / 9.391927e-01
PCG: 2 : 2.209756e-02 / 1.252574e+00
PCG: 0 : 2.209756e-02
PCG: 1 : 1.636944e-02 / 7.407802e-01
PCG: 2 : 1.718733e-02 / 7.777929e-01
PCG: 0 : 1.718733e-02
PCG: 1 : 1.615693e-02 / 9.400492e-01
PCG: 2 : 2.152910e-02 / 1.252615e+00
PCG: 0 : 2.152909e-02
PCG: 1 : 1.596242e-02 / 7.414350e-01
PCG: 2 : 1.674488e-02 / 7.777790e-01
PCG: 0 : 1.674487e-02
PCG: 1 : 1.575493e-02 / 9.408805e-01
PCG: 2 : 2.097511e-02 / 1.252629e+00
PCG: 0 : 2.097511e-02
PCG: 1 : 1.556538e-02 / 7.420881e-01
PCG: 2 : 1.631422e-02 / 7.777897e-01
PCG: 0 : 1.631422e-02
PCG: 1 : 1.536307e-02 / 9.416978e-01
PCG: 2 : 2.043599e-02 / 1.252649e+00
PCG: 0 : 2.043599e-02
PCG: 1 : 1.517796e-02 / 7.427077e-01
PCG: 2 : 1.589459e-02 / 7.777748e-01
PCG: 0 : 1.589460e-02
PCG: 1 : 1.498056e-02 / 9.424938e-01
PCG: 2 : 1.991073e-02 / 1.252673e+00
PCG: 0 : 1.991073e-02
PCG: 1 : 1.480013e-02 / 7.433242e-01
PCG: 2 : 1.548600e-02 / 7.777717e-01
PCG: 0 : 1.548600e-02
PCG: 1 : 1.460787e-02 / 9.432951e-01
PCG: 2 : 1.939973e-02 / 1.252727e+00
PCG: 0 : 1.939973e-02
PCG: 1 : 1.443177e-02 / 7.439160e-01
PCG: 2 : 1.508806e-02 / 7.777460e-01
PCG: 0 : 1.508806e-02
PCG: 1 : 1.424421e-02 / 9.440712e-01
PCG: 2 : 1.890169e-02 / 1.252758e+00
PCG: 0 : 1.890169e-02
PCG: 1 : 1.407251e-02 / 7.445110e-01
PCG: 2 : 1.470074e-02 / 7.777474e-01
PCG: 0 : 1.470074e-02
PCG: 1 : 1.388957e-02 / 9.448215e-01
PCG: 2 : 1.841661e-02 / 1.252768e+00
PCG: 0 : 1.841661e-02
PCG: 1 : 1.372207e-02 / 7.450918e-01
PCG: 2 : 1.432335e-02 / 7.777407e-01
PCG: 0 : 1.432335e-02
PCG: 1 : 1.354367e-02 / 9.455662e-01
PCG: 2 : 1.794417e-02 / 1.252792e+00
PCG: 0 : 1.794417e-02
PCG: 1 : 1.338031e-02 / 7.456631e-01
PCG: 2 : 1.395596e-02 / 7.777435e-01
PCG: 0 : 1.395596e-02
PCG: 1 : 1.320630e-02 / 9.462835e-01
PCG: 2 : 1.748377e-02 / 1.252781e+00
PCG: 0 : 1.748377e-02
PCG: 1 : 1.304687e-02 / 7.462277e-01
PCG: 2 : 1.359781e-02 / 7.777394e-01
PCG: 0 : 1.359781e-02
PCG: 1 : 1.287725e-02 / 9.470092e-01
PCG: 2 : 1.703573e-02 / 1.252828e+00
PCG: 0 : 1.703573e-02
PCG: 1 : 1.272201e-02 / 7.467840e-01
PCG: 2 : 1.324916e-02 / 7.777282e-01
PCG: 0 : 1.324916e-02
PCG: 1 : 1.255637e-02 / 9.477102e-01
PCG: 2 : 1.659884e-02 / 1.252821e+00
PCG: 0 : 1.659884e-02
PCG: 1 : 1.240494e-02 / 7.473381e-01
PCG: 2 : 1.290959e-02 / 7.777410e-01
PCG: 0 : 1.290959e-02
PCG: 1 : 1.224352e-02 / 9.484045e-01
PCG: 2 : 1.617328e-02 / 1.252811e+00
PCG: 0 : 1.617328e-02
PCG: 1 : 1.209585e-02 / 7.478909e-01
PCG: 2 : 1.257887e-02 / 7.777559e-01
PCG: 0 : 1.257887e-02
PCG: 1 : 1.193849e-02 / 9.490914e-01
PCG: 2 : 1.575900e-02 / 1.252815e+00
PCG: 0 : 1.575900e-02
PCG: 1 : 1.179448e-02 / 7.484281e-01
PCG: 2 : 1.225659e-02 / 7.777520e-01
PCG: 0 : 1.225659e-02
PCG: 1 : 1.164093e-02 / 9.497691e-01
PCG: 2 : 1.535505e-02 / 1.252799e+00
PCG: 0 : 1.535505e-02
PCG: 1 : 1.150031e-02 / 7.489597e-01
PCG: 2 : 1.194251e-02 / 7.777580e-01
PCG: 0 : 1.194251e-02
PCG: 1 : 1.135074e-02 / 9.504482e-01
PCG: 2 : 1.496221e-02 / 1.252853e+00
PCG: 0 : 1.496221e-02
PCG: 1 : 1.121360e-02 / 7.494612e-01
PCG: 2 : 1.163652e-02 / 7.777276e-01
PCG: 0 : 1.163653e-02
PCG: 1 : 1.106778e-02 / 9.511245e-01
PCG: 2 : 1.457919e-02 / 1.252881e+00
PCG: 0 : 1.457919e-02
PCG: 1 : 1.093407e-02 / 7.499782e-01
PCG: 2 : 1.133851e-02 / 7.777188e-01
PCG: 0 : 1.133851e-02
PCG: 1 : 1.079179e-02 / 9.517825e-01
PCG: 2 : 1.420606e-02 / 1.252905e+00
PCG: 0 : 1.420606e-02
PCG: 1 : 1.066133e-02 / 7.504777e-01
PCG: 2 : 1.104815e-02 / 7.777066e-01
PCG: 0 : 1.104815e-02
PCG: 1 : 1.052267e-02 / 9.524377e-01
PCG: 2 : 1.384266e-02 / 1.252940e+00
PCG: 0 : 1.384266e-02
PCG: 1 : 1.039544e-02 / 7.509709e-01
PCG: 2 : 1.076516e-02 / 7.776800e-01
PCG: 0 : 1.076516e-02
PCG: 1 : 1.026004e-02 / 9.530780e-01
PCG: 2 : 1.348823e-02 / 1.252952e+00
PCG: 0 : 1.348823e-02
PCG: 1 : 1.013627e-02 / 7.514897e-01
PCG: 2 : 1.048983e-02 / 7.777025e-01
PCG: 0 : 1.048983e-02
PCG: 1 : 1.000439e-02 / 9.537227e-01
PCG: 2 : 1.314327e-02 / 1.252954e+00
PCG: 0 : 1.314327e-02
PCG: 1 : 9.883558e-03 / 7.519860e-01
PCG: 2 : 1.022145e-02 / 7.776945e-01
PCG: 0 : 1.022145e-02
PCG: 1 : 9.754811e-03 / 9.543469e-01
PCG: 2 : 1.280674e-02 / 1.252927e+00
PCG: 0 : 1.280674e-02
PCG: 1 : 9.636980e-03 / 7.524931e-01
PCG: 2 : 9.959997e-03 / 7.777155e-01
PCG: 0 : 9.959996e-03
PCG: 1 : 9.511624e-03 / 9.549827e-01
PCG: 2 : 1.247929e-02 / 1.252941e+00
PCG: 0 : 1.247929e-02
PCG: 1 : 9.396583e-03 / 7.529742e-01
PCG: 2 : 9.705086e-03 / 7.776954e-01
PCG: 0 : 9.705085e-03
PCG: 1 : 9.274335e-03 / 9.556160e-01
PCG: 2 : 1.216033e-02 / 1.252985e+00
PCG: 0 : 1.216032e-02
PCG: 1 : 9.162190e-03 / 7.534495e-01
PCG: 2 : 9.456716e-03 / 7.776697e-01
PCG: 0 : 9.456716e-03
PCG: 1 : 9.042948e-03 / 9.562461e-01
PCG: 2 : 1.184948e-02 / 1.253022e+00
PCG: 0 : 1.184948e-02
PCG: 1 : 8.933628e-03 / 7.539260e-01
PCG: 2 : 9.214795e-03 / 7.776542e-01
PCG: 0 : 9.214796e-03
PCG: 1 : 8.817333e-03 / 9.568669e-01
PCG: 2 : 1.154646e-02 / 1.253035e+00
PCG: 0 : 1.154646e-02
PCG: 1 : 8.710777e-03 / 7.544112e-01
PCG: 2 : 8.979216e-03 / 7.776598e-01
PCG: 0 : 8.979217e-03
PCG: 1 : 8.597360e-03 / 9.574732e-01
PCG: 2 : 1.125116e-02 / 1.253023e+00
PCG: 0 : 1.125116e-02
PCG: 1 : 8.493453e-03 / 7.548957e-01
PCG: 2 : 8.749668e-03 / 7.776681e-01
PCG: 0 : 8.749669e-03
PCG: 1 : 8.382791e-03 / 9.580694e-01
PCG: 2 : 1.096342e-02 / 1.253010e+00
PCG: 0 : 1.096342e-02
PCG: 1 : 8.281456e-03 / 7.553718e-01
PCG: 2 : 8.525924e-03 / 7.776703e-01
PCG: 0 : 8.525923e-03
PCG: 1 : 8.173713e-03 / 9.586896e-01
PCG: 2 : 1.068342e-02 / 1.253052e+00
PCG: 0 : 1.068342e-02
PCG: 1 : 8.074680e-03 / 7.558139e-01
PCG: 2 : 8.307842e-03 / 7.776385e-01
PCG: 0 : 8.307842e-03
PCG: 1 : 7.969671e-03 / 9.592950e-01
PCG: 2 : 1.041054e-02 / 1.253098e+00
PCG: 0 : 1.041054e-02
PCG: 1 : 7.873282e-03 / 7.562799e-01
PCG: 2 : 8.095491e-03 / 7.776245e-01
PCG: 0 : 8.095490e-03
PCG: 1 : 7.770809e-03 / 9.598936e-01
PCG: 2 : 1.014457e-02 / 1.253114e+00
PCG: 0 : 1.014457e-02
PCG: 1 : 7.676743e-03 / 7.567344e-01
PCG: 2 : 7.888524e-03 / 7.776106e-01
PCG: 0 : 7.888524e-03
PCG: 1 : 7.576789e-03 / 9.604825e-01
PCG: 2 : 9.885376e-03 / 1.253134e+00
PCG: 0 : 9.885376e-03
PCG: 1 : 7.485160e-03 / 7.571952e-01
PCG: 2 : 7.687011e-03 / 7.776144e-01
PCG: 0 : 7.687011e-03
PCG: 1 : 7.387733e-03 / 9.610670e-01
PCG: 2 : 9.632788e-03 / 1.253125e+00
PCG: 0 : 9.632786e-03
PCG: 1 : 7.298351e-03 / 7.576574e-01
PCG: 2 : 7.490578e-03 / 7.776128e-01
PCG: 0 : 7.490578e-03
PCG: 1 : 7.203232e-03 / 9.616391e-01
PCG: 2 : 9.386562e-03 / 1.253116e+00
PCG: 0 : 9.386562e-03
PCG: 1 : 7.116118e-03 / 7.581177e-01
PCG: 2 : 7.299144e-03 / 7.776163e-01
PCG: 0 : 7.299144e-03
PCG: 1 : 7.023468e-03 / 9.622317e-01
PCG: 2 : 9.147059e-03 / 1.253169e+00
PCG: 0 : 9.147058e-03
PCG: 1 : 6.938468e-03 / 7.585464e-01
PCG: 2 : 7.112602e-03 / 7.775836e-01
PCG: 0 : 7.112602e-03
PCG: 1 : 6.848145e-03 / 9.628186e-01
PCG: 2 : 8.913473e-03 / 1.253194e+00
PCG: 0 : 8.913472e-03
PCG: 1 : 6.765222e-03 / 7.589884e-01
PCG: 2 : 6.930888e-03 / 7.775744e-01
PCG: 0 : 6.930888e-03
PCG: 1 : 6.677161e-03 / 9.633920e-01
PCG: 2 : 8.685866e-03 / 1.253211e+00
PCG: 0 : 8.685865e-03
PCG: 1 : 6.596378e-03 / 7.594382e-01
PCG: 2 : 6.753891e-03 / 7.775726e-01
PCG: 0 : 6.753891e-03
PCG: 1 : 6.510477e-03 / 9.639594e-01
PCG: 2 : 8.464114e-03 / 1.253220e+00
PCG: 0 : 8.464115e-03
PCG: 1 : 6.431592e-03 / 7.598658e-01
PCG: 2 : 6.581319e-03 / 7.775555e-01
PCG: 0 : 6.581319e-03
PCG: 1 : 6.347905e-03 / 9.645339e-01
PCG: 2 : 8.248082e-03 / 1.253257e+00
PCG: 0 : 8.248083e-03
PCG: 1 : 6.271022e-03 / 7.603006e-01
PCG: 2 : 6.413212e-03 / 7.775397e-01
PCG: 0 : 6.413211e-03
PCG: 1 : 6.189343e-03 / 9.650927e-01
PCG: 2 : 8.037511e-03 / 1.253274e+00
PCG: 0 : 8.037510e-03
PCG: 1 : 6.114501e-03 / 7.607456e-01
PCG: 2 : 6.249547e-03 / 7.775476e-01
PCG: 0 : 6.249547e-03
PCG: 1 : 6.034858e-03 / 9.656473e-01
PCG: 2 : 7.832203e-03 / 1.253243e+00
PCG: 0 : 7.832202e-03
PCG: 1 : 5.961754e-03 / 7.611849e-01
PCG: 2 : 6.089988e-03 / 7.775576e-01
PCG: 0 : 6.089988e-03
PCG: 1 : 5.884192e-03 / 9.662075e-01
PCG: 2 : 7.632383e-03 / 1.253267e+00
PCG: 0 : 7.632383e-03
PCG: 1 : 5.812861e-03 / 7.616050e-01
PCG: 2 : 5.934411e-03 / 7.775306e-01
PCG: 0 : 5.934411e-03
PCG: 1 : 5.737227e-03 / 9.667728e-01
PCG: 2 : 7.437686e-03 / 1.253315e+00
PCG: 0 : 7.437686e-03
PCG: 1 : 5.667701e-03 / 7.620248e-01
PCG: 2 : 5.782853e-03 / 7.775071e-01
PCG: 0 : 5.782853e-03
PCG: 1 : 5.593898e-03 / 9.673249e-01
PCG: 2 : 7.247914e-03 / 1.253346e+00
PCG: 0 : 7.247914e-03
PCG: 1 : 5.526164e-03 / 7.624489e-01
PCG: 2 : 5.635279e-03 / 7.775036e-01
PCG: 0 : 5.635279e-03
PCG: 1 : 5.454215e-03 / 9.678696e-01
PCG: 2 : 7.062972e-03 / 1.253349e+00
PCG: 0 : 7.062971e-03
PCG: 1 : 5.388109e-03 / 7.628672e-01
PCG: 2 : 5.491380e-03 / 7.774887e-01
PCG: 0 : 5.491380e-03
PCG: 1 : 5.317985e-03 / 9.684241e-01
PCG: 2 : 6.882788e-03 / 1.253380e+00
PCG: 0 : 6.882786e-03
PCG: 1 : 5.253573e-03 / 7.632917e-01
PCG: 2 : 5.351305e-03 / 7.774912e-01
PCG: 0 : 5.351305e-03
PCG: 1 : 5.185168e-03 / 9.689538e-01
PCG: 2 : 6.707152e-03 / 1.253367e+00
PCG: 0 : 6.707151e-03
PCG: 1 : 5.122387e-03 / 7.637202e-01
PCG: 2 : 5.214770e-03 / 7.774941e-01
PCG: 0 : 5.214770e-03
PCG: 1 : 5.055695e-03 / 9.694953e-01
PCG: 2 : 6.536043e-03 / 1.253371e+00
PCG: 0 : 6.536043e-03
PCG: 1 : 4.994407e-03 / 7.641331e-01
PCG: 2 : 5.081681e-03 / 7.774858e-01
PCG: 0 : 5.081682e-03
PCG: 1 : 4.929360e-03 / 9.700253e-01
PCG: 2 : 6.369203e-03 / 1.253365e+00
PCG: 0 : 6.369202e-03
PCG: 1 : 4.869669e-03 / 7.645649e-01
PCG: 2 : 4.952132e-03 / 7.775121e-01
PCG: 0 : 4.952132e-03
PCG: 1 : 4.806214e-03 / 9.705344e-01
PCG: 2 : 6.206618e-03 / 1.253322e+00
PCG: 0 : 6.206618e-03
PCG: 1 : 4.747989e-03 / 7.649882e-01
PCG: 2 : 4.825880e-03 / 7.775378e-01
PCG: 0 : 4.825880e-03
PCG: 1 : 4.686223e-03 / 9.710608e-01
PCG: 2 : 6.048319e-03 / 1.253309e+00
PCG: 0 : 6.048318e-03
PCG: 1 : 4.629341e-03 / 7.653931e-01
PCG: 2 : 4.702698e-03 / 7.775216e-01
PCG: 0 : 4.702698e-03
PCG: 1 : 4.569121e-03 / 9.715955e-01
PCG: 2 : 5.894167e-03 / 1.253359e+00
PCG: 0 : 5.894167e-03
PCG: 1 : 4.513666e-03 / 7.657852e-01
PCG: 2 : 4.582745e-03 / 7.775050e-01
PCG: 0 : 4.582744e-03
PCG: 1 : 4.454955e-03 / 9.721153e-01
PCG: 2 : 5.743916e-03 / 1.253379e+00
PCG: 0 : 5.743916e-03
PCG: 1 : 4.400875e-03 / 7.661803e-01
PCG: 2 : 4.465826e-03 / 7.774881e-01
PCG: 0 : 4.465826e-03
PCG: 1 : 4.343588e-03 / 9.726282e-01
PCG: 2 : 5.597443e-03 / 1.253395e+00
PCG: 0 : 5.597443e-03
PCG: 1 : 4.290887e-03 / 7.665799e-01
PCG: 2 : 4.351911e-03 / 7.774819e-01
PCG: 0 : 4.351911e-03
PCG: 1 : 4.235068e-03 / 9.731515e-01
PCG: 2 : 5.454828e-03 / 1.253433e+00
PCG: 0 : 5.454828e-03
PCG: 1 : 4.183680e-03 / 7.669683e-01
PCG: 2 : 4.240960e-03 / 7.774690e-01
PCG: 0 : 4.240960e-03
PCG: 1 : 4.129225e-03 / 9.736535e-01
PCG: 2 : 5.315759e-03 / 1.253433e+00
PCG: 0 : 5.315759e-03
PCG: 1 : 4.079131e-03 / 7.673656e-01
PCG: 2 : 4.132865e-03 / 7.774741e-01
PCG: 0 : 4.132865e-03
PCG: 1 : 4.026007e-03 / 9.741443e-01
PCG: 2 : 5.180237e-03 / 1.253425e+00
PCG: 0 : 5.180237e-03
PCG: 1 : 3.977126e-03 / 7.677497e-01
PCG: 2 : 4.027480e-03 / 7.774703e-01
PCG: 0 : 4.027480e-03
PCG: 1 : 3.925389e-03 / 9.746513e-01
PCG: 2 : 5.048281e-03 / 1.253459e+00
PCG: 0 : 5.048281e-03
PCG: 1 : 3.877730e-03 / 7.681289e-01
PCG: 2 : 3.924817e-03 / 7.774563e-01
PCG: 0 : 3.924817e-03
PCG: 1 : 3.827245e-03 / 9.751397e-01
PCG: 2 : 4.919574e-03 / 1.253453e+00
PCG: 0 : 4.919574e-03
PCG: 1 : 3.780805e-03 / 7.685229e-01
PCG: 2 : 3.824828e-03 / 7.774714e-01
PCG: 0 : 3.824828e-03
PCG: 1 : 3.731624e-03 / 9.756318e-01
PCG: 2 : 4.794175e-03 / 1.253435e+00
PCG: 0 : 4.794175e-03
PCG: 1 : 3.686266e-03 / 7.689053e-01
PCG: 2 : 3.727356e-03 / 7.774760e-01
PCG: 0 : 3.727356e-03
PCG: 1 : 3.638277e-03 / 9.761013e-01
PCG: 2 : 4.672003e-03 / 1.253436e+00
PCG: 0 : 4.672003e-03
PCG: 1 : 3.594087e-03 / 7.692819e-01
PCG: 2 : 3.632424e-03 / 7.774876e-01
PCG: 0 : 3.632424e-03
PCG: 1 : 3.547368e-03 / 9.765843e-01
PCG: 2 : 4.552976e-03 / 1.253426e+00
PCG: 0 : 4.552976e-03
PCG: 1 : 3.504202e-03 / 7.696508e-01
PCG: 2 : 3.539806e-03 / 7.774709e-01
PCG: 0 : 3.539807e-03
PCG: 1 : 3.458663e-03 / 9.770767e-01
PCG: 2 : 4.437091e-03 / 1.253484e+00
PCG: 0 : 4.437091e-03
PCG: 1 : 3.416576e-03 / 7.700037e-01
PCG: 2 : 3.449568e-03 / 7.774392e-01
PCG: 0 : 3.449569e-03
PCG: 1 : 3.372135e-03 / 9.775525e-01
PCG: 2 : 4.324099e-03 / 1.253519e+00
PCG: 0 : 4.324099e-03
PCG: 1 : 3.331124e-03 / 7.703625e-01
PCG: 2 : 3.361658e-03 / 7.774239e-01
PCG: 0 : 3.361658e-03
PCG: 1 : 3.287800e-03 / 9.780292e-01
PCG: 2 : 4.214033e-03 / 1.253558e+00
PCG: 0 : 4.214033e-03
PCG: 1 : 3.247790e-03 / 7.707083e-01
PCG: 2 : 3.275962e-03 / 7.773936e-01
PCG: 0 : 3.275962e-03
PCG: 1 : 3.205575e-03 / 9.785141e-01
PCG: 2 : 4.106823e-03 / 1.253623e+00
PCG: 0 : 4.106823e-03
PCG: 1 : 3.166612e-03 / 7.710612e-01
PCG: 2 : 3.192534e-03 / 7.773730e-01
PCG: 0 : 3.192533e-03
PCG: 1 : 3.125387e-03 / 9.789678e-01
PCG: 2 : 4.002197e-03 / 1.253612e+00
PCG: 0 : 4.002197e-03
PCG: 1 : 3.087409e-03 / 7.714285e-01
PCG: 2 : 3.111246e-03 / 7.773845e-01
PCG: 0 : 3.111246e-03
PCG: 1 : 3.047239e-03 / 9.794273e-01
PCG: 2 : 3.900290e-03 / 1.253610e+00
PCG: 0 : 3.900290e-03
PCG: 1 : 3.010162e-03 / 7.717789e-01
PCG: 2 : 3.032019e-03 / 7.773830e-01
PCG: 0 : 3.032020e-03
PCG: 1 : 2.971014e-03 / 9.798795e-01
PCG: 2 : 3.800981e-03 / 1.253613e+00
PCG: 0 : 3.800981e-03
PCG: 1 : 2.934865e-03 / 7.721336e-01
PCG: 2 : 2.954834e-03 / 7.773873e-01
PCG: 0 : 2.954834e-03
PCG: 1 : 2.896687e-03 / 9.803212e-01
PCG: 2 : 3.704214e-03 / 1.253611e+00
PCG: 0 : 3.704214e-03
PCG: 1 : 2.861420e-03 / 7.724770e-01
PCG: 2 : 2.879570e-03 / 7.773769e-01
PCG: 0 : 2.879570e-03
PCG: 1 : 2.824195e-03 / 9.807698e-01
PCG: 2 : 3.609954e-03 / 1.253643e+00
PCG: 0 : 3.609953e-03
PCG: 1 : 2.789858e-03 / 7.728238e-01
PCG: 2 : 2.806281e-03 / 7.773731e-01
PCG: 0 : 2.806281e-03
PCG: 1 : 2.753561e-03 / 9.812135e-01
PCG: 2 : 3.518075e-03 / 1.253643e+00
PCG: 0 : 3.518074e-03
PCG: 1 : 2.720032e-03 / 7.731593e-01
PCG: 2 : 2.734834e-03 / 7.773668e-01
PCG: 0 : 2.734834e-03
PCG: 1 : 2.684654e-03 / 9.816513e-01
PCG: 2 : 3.428549e-03 / 1.253659e+00
PCG: 0 : 3.428549e-03
PCG: 1 : 2.651975e-03 / 7.734979e-01
PCG: 2 : 2.665247e-03 / 7.773689e-01
PCG: 0 : 2.665247e-03
PCG: 1 : 2.617451e-03 / 9.820669e-01
PCG: 2 : 3.341270e-03 / 1.253644e+00
PCG: 0 : 3.341270e-03
PCG: 1 : 2.585606e-03 / 7.738393e-01
PCG: 2 : 2.597446e-03 / 7.773830e-01
PCG: 0 : 2.597446e-03
PCG: 1 : 2.551971e-03 / 9.824923e-01
PCG: 2 : 3.256223e-03 / 1.253625e+00
PCG: 0 : 3.256222e-03
PCG: 1 : 2.520898e-03 / 7.741786e-01
PCG: 2 : 2.531372e-03 / 7.773953e-01
PCG: 0 : 2.531372e-03
PCG: 1 : 2.488128e-03 / 9.829165e-01
PCG: 2 : 3.173343e-03 / 1.253606e+00
PCG: 0 : 3.173344e-03
PCG: 1 : 2.457779e-03 / 7.745077e-01
PCG: 2 : 2.466931e-03 / 7.773918e-01
PCG: 0 : 2.466931e-03
PCG: 1 : 2.425848e-03 / 9.833465e-01
PCG: 2 : 3.092683e-03 / 1.253656e+00
PCG: 0 : 3.092683e-03
PCG: 1 : 2.396283e-03 / 7.748234e-01
PCG: 2 : 2.404166e-03 / 7.773721e-01
PCG: 0 : 2.404166e-03
PCG: 1 : 2.365091e-03 / 9.837471e-01
PCG: 2 : 3.013961e-03 / 1.253641e+00
PCG: 0 : 3.013961e-03
PCG: 1 : 2.336308e-03 / 7.751619e-01
PCG: 2 : 2.343043e-03 / 7.773967e-01
PCG: 0 : 2.343043e-03
PCG: 1 : 2.305923e-03 / 9.841571e-01
PCG: 2 : 2.937279e-03 / 1.253617e+00
PCG: 0 : 2.937279e-03
PCG: 1 : 2.277788e-03 / 7.754756e-01
PCG: 2 : 2.283415e-03 / 7.773914e-01
PCG: 0 : 2.283415e-03
PCG: 1 : 2.248179e-03 / 9.845686e-01
PCG: 2 : 2.862628e-03 / 1.253661e+00
PCG: 0 : 2.862628e-03
PCG: 1 : 2.220761e-03 / 7.757772e-01
PCG: 2 : 2.225318e-03 / 7.773688e-01
PCG: 0 : 2.225318e-03
PCG: 1 : 2.191884e-03 / 9.849756e-01
PCG: 2 : 2.789882e-03 / 1.253701e+00
PCG: 0 : 2.789882e-03
PCG: 1 : 2.165185e-03 / 7.760849e-01
PCG: 2 : 2.168729e-03 / 7.773552e-01
PCG: 0 : 2.168729e-03
PCG: 1 : 2.136985e-03 / 9.853626e-01
PCG: 2 : 2.718888e-03 / 1.253678e+00
PCG: 0 : 2.718888e-03
PCG: 1 : 2.110928e-03 / 7.763939e-01
PCG: 2 : 2.113583e-03 / 7.773705e-01
PCG: 0 : 2.113583e-03
PCG: 1 : 2.083488e-03 / 9.857610e-01
PCG: 2 : 2.649768e-03 / 1.253685e+00
PCG: 0 : 2.649768e-03
PCG: 1 : 2.058069e-03 / 7.766978e-01
PCG: 2 : 2.059831e-03 / 7.773626e-01
PCG: 0 : 2.059831e-03
PCG: 1 : 2.031321e-03 / 9.861591e-01
PCG: 2 : 2.582444e-03 / 1.253717e+00
PCG: 0 : 2.582444e-03
PCG: 1 : 2.006527e-03 / 7.769875e-01
PCG: 2 : 2.007456e-03 / 7.773474e-01
PCG: 0 : 2.007456e-03
PCG: 1 : 1.980428e-03 / 9.865363e-01
PCG: 2 : 2.516787e-03 / 1.253720e+00
PCG: 0 : 2.516787e-03
PCG: 1 : 1.956280e-03 / 7.772924e-01
PCG: 2 : 1.956445e-03 / 7.773582e-01
PCG: 0 : 1.956445e-03
PCG: 1 : 1.930841e-03 / 9.869128e-01
PCG: 2 : 2.452823e-03 / 1.253714e+00
PCG: 0 : 2.452824e-03
PCG: 1 : 1.907265e-03 / 7.775795e-01
PCG: 2 : 1.906707e-03 / 7.773518e-01
PCG: 0 : 1.906707e-03
PCG: 1 : 1.882463e-03 / 9.872848e-01
PCG: 2 : 2.390473e-03 / 1.253718e+00
PCG: 0 : 2.390473e-03
PCG: 1 : 1.859485e-03 / 7.778734e-01
PCG: 2 : 1.858239e-03 / 7.773521e-01
PCG: 0 : 1.858239e-03
PCG: 1 : 1.835322e-03 / 9.876672e-01
PCG: 2 : 2.329756e-03 / 1.253744e+00
PCG: 0 : 2.329756e-03
PCG: 1 : 1.812909e-03 / 7.781537e-01
PCG: 2 : 1.811009e-03 / 7.773383e-01
PCG: 0 : 1.811009e-03
PCG: 1 : 1.789361e-03 / 9.880465e-01
PCG: 2 : 2.270604e-03 / 1.253779e+00
PCG: 0 : 2.270604e-03
PCG: 1 : 1.767439e-03 / 7.784005e-01
PCG: 2 : 1.764897e-03 / 7.772809e-01
PCG: 0 : 1.764897e-03
PCG: 1 : 1.744503e-03 / 9.884445e-01
PCG: 2 : 2.213034e-03 / 1.253917e+00
PCG: 0 : 2.213035e-03
PCG: 1 : 1.723176e-03 / 7.786483e-01
PCG: 2 : 1.720028e-03 / 7.772259e-01
PCG: 0 : 1.720028e-03
PCG: 1 : 1.700774e-03 / 9.888062e-01
PCG: 2 : 2.156827e-03 / 1.253949e+00
PCG: 0 : 2.156827e-03
PCG: 1 : 1.680006e-03 / 7.789250e-01
PCG: 2 : 1.676348e-03 / 7.772290e-01
PCG: 0 : 1.676348e-03
PCG: 1 : 1.658170e-03 / 9.891562e-01
PCG: 2 : 2.102029e-03 / 1.253933e+00
PCG: 0 : 2.102029e-03
PCG: 1 : 1.637885e-03 / 7.791923e-01
PCG: 2 : 1.633743e-03 / 7.772223e-01
PCG: 0 : 1.633743e-03
PCG: 1 : 1.616615e-03 / 9.895160e-01
PCG: 2 : 2.048660e-03 / 1.253967e+00
PCG: 0 : 2.048660e-03
PCG: 1 : 1.596850e-03 / 7.794610e-01
PCG: 2 : 1.592247e-03 / 7.772139e-01
PCG: 0 : 1.592247e-03
PCG: 1 : 1.576096e-03 / 9.898569e-01
PCG: 2 : 1.996607e-03 / 1.253956e+00
PCG: 0 : 1.996607e-03
PCG: 1 : 1.556810e-03 / 7.797280e-01
PCG: 2 : 1.551784e-03 / 7.772110e-01
PCG: 0 : 1.551785e-03
PCG: 1 : 1.536598e-03 / 9.902138e-01
PCG: 2 : 1.945941e-03 / 1.254002e+00
PCG: 0 : 1.945941e-03
PCG: 1 : 1.517802e-03 / 7.799839e-01
PCG: 2 : 1.512367e-03 / 7.771907e-01
PCG: 0 : 1.512367e-03
PCG: 1 : 1.498055e-03 / 9.905366e-01
PCG: 2 : 1.896512e-03 / 1.254003e+00
PCG: 0 : 1.896512e-03
PCG: 1 : 1.479730e-03 / 7.802374e-01
PCG: 2 : 1.473946e-03 / 7.771876e-01
PCG: 0 : 1.473946e-03
PCG: 1 : 1.460511e-03 / 9.908853e-01
PCG: 2 : 1.848387e-03 / 1.254040e+00
PCG: 0 : 1.848386e-03
PCG: 1 : 1.442639e-03 / 7.804856e-01
PCG: 2 : 1.436498e-03 / 7.771632e-01
PCG: 0 : 1.436498e-03
PCG: 1 : 1.423884e-03 / 9.912188e-01
PCG: 2 : 1.801472e-03 / 1.254072e+00
PCG: 0 : 1.801472e-03
PCG: 1 : 1.406475e-03 / 7.807366e-01
PCG: 2 : 1.400035e-03 / 7.771612e-01
PCG: 0 : 1.400034e-03
PCG: 1 : 1.388194e-03 / 9.915425e-01
PCG: 2 : 1.755752e-03 / 1.254078e+00
PCG: 0 : 1.755752e-03
PCG: 1 : 1.371209e-03 / 7.809810e-01
PCG: 2 : 1.364482e-03 / 7.771494e-01
PCG: 0 : 1.364482e-03
PCG: 1 : 1.353389e-03 / 9.918705e-01
PCG: 2 : 1.711181e-03 / 1.254089e+00
PCG: 0 : 1.711181e-03
PCG: 1 : 1.336816e-03 / 7.812243e-01
PCG: 2 : 1.329839e-03 / 7.771471e-01
PCG: 0 : 1.329839e-03
PCG: 1 : 1.319451e-03 / 9.921882e-01
PCG: 2 : 1.667772e-03 / 1.254115e+00
PCG: 0 : 1.667772e-03
PCG: 1 : 1.303301e-03 / 7.814626e-01
PCG: 2 : 1.296083e-03 / 7.771345e-01
PCG: 0 : 1.296083e-03
PCG: 1 : 1.286364e-03 / 9.925010e-01
PCG: 2 : 1.625439e-03 / 1.254116e+00
PCG: 0 : 1.625439e-03
PCG: 1 : 1.270608e-03 / 7.817018e-01
PCG: 2 : 1.263176e-03 / 7.771291e-01
PCG: 0 : 1.263176e-03
PCG: 1 : 1.254104e-03 / 9.928183e-01
PCG: 2 : 1.584204e-03 / 1.254143e+00
PCG: 0 : 1.584203e-03
PCG: 1 : 1.238730e-03 / 7.819261e-01
PCG: 2 : 1.231099e-03 / 7.771094e-01
PCG: 0 : 1.231099e-03
PCG: 1 : 1.222634e-03 / 9.931232e-01
PCG: 2 : 1.544011e-03 / 1.254172e+00
PCG: 0 : 1.544011e-03
PCG: 1 : 1.207670e-03 / 7.821642e-01
PCG: 2 : 1.199874e-03 / 7.771152e-01
PCG: 0 : 1.199874e-03
PCG: 1 : 1.191980e-03 / 9.934207e-01
PCG: 2 : 1.504827e-03 / 1.254154e+00
PCG: 0 : 1.504827e-03
PCG: 1 : 1.177374e-03 / 7.823978e-01
PCG: 2 : 1.169430e-03 / 7.771189e-01
PCG: 0 : 1.169430e-03
PCG: 1 : 1.162071e-03 / 9.937075e-01
PCG: 2 : 1.466659e-03 / 1.254166e+00
PCG: 0 : 1.466659e-03
PCG: 1 : 1.147838e-03 / 7.826207e-01
PCG: 2 : 1.139760e-03 / 7.771134e-01
PCG: 0 : 1.139760e-03
PCG: 1 : 1.132923e-03 / 9.940013e-01
PCG: 2 : 1.429448e-03 / 1.254165e+00
PCG: 0 : 1.429448e-03
PCG: 1 : 1.119035e-03 / 7.828444e-01
PCG: 2 : 1.110846e-03 / 7.771155e-01
PCG: 0 : 1.110846e-03
PCG: 1 : 1.104495e-03 / 9.942824e-01
PCG: 2 : 1.393179e-03 / 1.254160e+00
PCG: 0 : 1.393179e-03
PCG: 1 : 1.090963e-03 / 7.830743e-01
PCG: 2 : 1.082670e-03 / 7.771223e-01
PCG: 0 : 1.082670e-03
PCG: 1 : 1.076790e-03 / 9.945691e-01
PCG: 2 : 1.357851e-03 / 1.254169e+00
PCG: 0 : 1.357851e-03
PCG: 1 : 1.063577e-03 / 7.832792e-01
PCG: 2 : 1.055192e-03 / 7.771044e-01
PCG: 0 : 1.055192e-03
PCG: 1 : 1.049756e-03 / 9.948482e-01
PCG: 2 : 1.323416e-03 / 1.254194e+00
PCG: 0 : 1.323416e-03
PCG: 1 : 1.036891e-03 / 7.834957e-01
PCG: 2 : 1.028420e-03 / 7.770948e-01
PCG: 0 : 1.028420e-03
PCG: 1 : 1.023420e-03 / 9.951383e-01
PCG: 2 : 1.289867e-03 / 1.254223e+00
PCG: 0 : 1.289867e-03
PCG: 1 : 1.010861e-03 / 7.836941e-01
PCG: 2 : 1.002330e-03 / 7.770799e-01
PCG: 0 : 1.002330e-03
PCG: 1 : 9.977339e-04 / 9.954149e-01
PCG: 2 : 1.257174e-03 / 1.254251e+00
PCG: 0 : 1.257174e-03
PCG: 1 : 9.855002e-04 / 7.839014e-01
PCG: 2 : 9.769093e-04 / 7.770680e-01
PCG: 0 : 9.769093e-04
PCG: 1 : 9.727027e-04 / 9.956940e-01
PCG: 2 : 1.225305e-03 / 1.254267e+00
PCG: 0 : 1.225305e-03
PCG: 1 : 9.607641e-04 / 7.841020e-01
PCG: 2 : 9.521314e-04 / 7.770566e-01
PCG: 0 : 9.521313e-04
PCG: 1 : 9.482781e-04 / 9.959530e-01
PCG: 2 : 1.194236e-03 / 1.254277e+00
PCG: 0 : 1.194236e-03
PCG: 1 : 9.366476e-04 / 7.843067e-01
PCG: 2 : 9.279979e-04 / 7.770639e-01
PCG: 0 : 9.279979e-04
PCG: 1 : 9.244831e-04 / 9.962125e-01
PCG: 2 : 1.163950e-03 / 1.254259e+00
PCG: 0 : 1.163950e-03
PCG: 1 : 9.131434e-04 / 7.845213e-01
PCG: 2 : 9.044802e-04 / 7.770784e-01
PCG: 0 : 9.044800e-04
PCG: 1 : 9.012750e-04 / 9.964565e-01
PCG: 2 : 1.134429e-03 / 1.254233e+00
PCG: 0 : 1.134429e-03
PCG: 1 : 8.902151e-04 / 7.847254e-01
PCG: 2 : 8.815445e-04 / 7.770823e-01
PCG: 0 : 8.815445e-04
PCG: 1 : 8.786433e-04 / 9.967090e-01
PCG: 2 : 1.105670e-03 / 1.254241e+00
PCG: 0 : 1.105669e-03
PCG: 1 : 8.678717e-04 / 7.849288e-01
PCG: 2 : 8.592095e-04 / 7.770944e-01
PCG: 0 : 8.592094e-04
PCG: 1 : 8.566008e-04 / 9.969639e-01
PCG: 2 : 1.077659e-03 / 1.254245e+00
PCG: 0 : 1.077659e-03
PCG: 1 : 8.460772e-04 / 7.851064e-01
PCG: 2 : 8.374085e-04 / 7.770624e-01
PCG: 0 : 8.374085e-04
PCG: 1 : 8.350895e-04 / 9.972308e-01
PCG: 2 : 1.050383e-03 / 1.254326e+00
PCG: 0 : 1.050383e-03
PCG: 1 : 8.248293e-04 / 7.852653e-01
PCG: 2 : 8.161789e-04 / 7.770298e-01
PCG: 0 : 8.161789e-04
PCG: 1 : 8.141132e-04 / 9.974691e-01
PCG: 2 : 1.023743e-03 / 1.254313e+00
PCG: 0 : 1.023743e-03
PCG: 1 : 8.041243e-04 / 7.854746e-01
PCG: 2 : 7.955048e-04 / 7.770549e-01
PCG: 0 : 7.955047e-04
PCG: 1 : 7.936819e-04 / 9.977087e-01
PCG: 2 : 9.978043e-04 / 1.254303e+00
PCG: 0 : 9.978043e-04
PCG: 1 : 7.839352e-04 / 7.856602e-01
PCG: 2 : 7.753540e-04 / 7.770602e-01
PCG: 0 : 7.753540e-04
PCG: 1 : 7.737525e-04 / 9.979344e-01
PCG: 2 : 9.724988e-04 / 1.254264e+00
PCG: 0 : 9.724989e-04
PCG: 1 : 7.642385e-04 / 7.858502e-01
PCG: 2 : 7.556953e-04 / 7.770655e-01
PCG: 0 : 7.556953e-04
PCG: 1 : 7.543198e-04 / 9.981798e-01
PCG: 2 : 9.478886e-04 / 1.254327e+00
PCG: 0 : 9.478885e-04
PCG: 1 : 7.450441e-04 / 7.860039e-01
PCG: 2 : 7.365359e-04 / 7.770280e-01
PCG: 0 : 7.365359e-04
PCG: 1 : 7.353697e-04 / 9.984166e-01
PCG: 2 : 9.238792e-04 / 1.254357e+00
PCG: 0 : 9.238791e-04
PCG: 1 : 7.263305e-04 / 7.861748e-01
PCG: 2 : 7.178697e-04 / 7.770169e-01
PCG: 0 : 7.178697e-04
PCG: 1 : 7.168926e-04 / 9.986389e-01
PCG: 2 : 9.004750e-04 / 1.254371e+00
PCG: 0 : 9.004750e-04
PCG: 1 : 7.080873e-04 / 7.863487e-01
PCG: 2 : 6.996906e-04 / 7.770239e-01
PCG: 0 : 6.996905e-04
PCG: 1 : 6.988861e-04 / 9.988503e-01
PCG: 2 : 8.776562e-04 / 1.254349e+00
PCG: 0 : 8.776561e-04
PCG: 1 : 6.903015e-04 / 7.865284e-01
PCG: 2 : 6.819646e-04 / 7.770294e-01
PCG: 0 : 6.819646e-04
PCG: 1 : 6.813388e-04 / 9.990823e-01
PCG: 2 : 8.554267e-04 / 1.254356e+00
PCG: 0 : 8.554265e-04
PCG: 1 : 6.729593e-04 / 7.866944e-01
PCG: 2 : 6.646871e-04 / 7.770242e-01
PCG: 0 : 6.646871e-04
PCG: 1 : 6.642247e-04 / 9.993044e-01
PCG: 2 : 8.337728e-04 / 1.254384e+00
PCG: 0 : 8.337726e-04
PCG: 1 : 6.560584e-04 / 7.868553e-01
PCG: 2 : 6.478501e-04 / 7.770105e-01
PCG: 0 : 6.478500e-04
PCG: 1 : 6.475282e-04 / 9.995033e-01
PCG: 2 : 8.126335e-04 / 1.254354e+00
PCG: 0 : 8.126336e-04
PCG: 1 : 6.395734e-04 / 7.870379e-01
PCG: 2 : 6.314528e-04 / 7.770450e-01
PCG: 0 : 6.314529e-04
PCG: 1 : 6.312730e-04 / 9.997151e-01
PCG: 2 : 7.920566e-04 / 1.254340e+00
PCG: 0 : 7.920565e-04
PCG: 1 : 6.235107e-04 / 7.872048e-01
PCG: 2 : 6.154664e-04 / 7.770486e-01
PCG: 0 : 6.154663e-04
PCG: 1 : 6.154115e-04 / 9.999109e-01
PCG: 2 : 7.719931e-04 / 1.254322e+00
PCG: 0 : 7.719930e-04
PCG: 1 : 6.078357e-04 / 7.873590e-01
PCG: 2 : 5.998735e-04 / 7.770452e-01
PCG: 0 : 5.998735e-04
PCG: 1 : 5.999473e-04 / 1.000123e+00
PCG: 2 : 7.524556e-04 / 1.254357e+00
PCG: 0 : 7.524555e-04
PCG: 1 : 5.925734e-04 / 7.875196e-01
PCG: 2 : 5.846916e-04 / 7.770448e-01
PCG: 0 : 5.846917e-04
PCG: 1 : 5.848715e-04 / 1.000308e+00
PCG: 2 : 7.333820e-04 / 1.254305e+00
PCG: 0 : 7.333819e-04
PCG: 1 : 5.776806e-04 / 7.876941e-01
PCG: 2 : 5.698971e-04 / 7.770809e-01
PCG: 0 : 5.698971e-04
PCG: 1 : 5.701769e-04 / 1.000491e+00
PCG: 2 : 7.148015e-04 / 1.254264e+00
PCG: 0 : 7.148015e-04
PCG: 1 : 5.631612e-04 / 7.878568e-01
PCG: 2 : 5.554709e-04 / 7.770981e-01
PCG: 0 : 5.554709e-04
PCG: 1 : 5.558549e-04 / 1.000691e+00
PCG: 2 : 6.967137e-04 / 1.254276e+00
PCG: 0 : 6.967137e-04
PCG: 1 : 5.490028e-04 / 7.879892e-01
PCG: 2 : 5.413949e-04 / 7.770694e-01
PCG: 0 : 5.413949e-04
PCG: 1 : 5.418814e-04 / 1.000899e+00
PCG: 2 : 6.790806e-04 / 1.254317e+00
PCG: 0 : 6.790806e-04
PCG: 1 : 5.352069e-04 / 7.881345e-01
PCG: 2 : 5.276887e-04 / 7.770634e-01
PCG: 0 : 5.276887e-04
PCG: 1 : 5.282564e-04 / 1.001076e+00
PCG: 2 : 6.618898e-04 / 1.254319e+00
PCG: 0 : 6.618899e-04
PCG: 1 : 5.217586e-04 / 7.882860e-01
PCG: 2 : 5.143367e-04 / 7.770730e-01
PCG: 0 : 5.143367e-04
PCG: 1 : 5.149890e-04 / 1.001268e+00
PCG: 2 : 6.451367e-04 / 1.254308e+00
PCG: 0 : 6.451367e-04
PCG: 1 : 5.086430e-04 / 7.884268e-01
PCG: 2 : 5.013125e-04 / 7.770641e-01
PCG: 0 : 5.013126e-04
PCG: 1 : 5.020418e-04 / 1.001454e+00
PCG: 2 : 6.288087e-04 / 1.254325e+00
PCG: 0 : 6.288087e-04
PCG: 1 : 4.958569e-04 / 7.885656e-01
PCG: 2 : 4.886150e-04 / 7.770487e-01
PCG: 0 : 4.886150e-04
PCG: 1 : 4.894226e-04 / 1.001653e+00
PCG: 2 : 6.129065e-04 / 1.254375e+00
PCG: 0 : 6.129065e-04
PCG: 1 : 4.833949e-04 / 7.886928e-01
PCG: 2 : 4.762483e-04 / 7.770326e-01
PCG: 0 : 4.762482e-04
PCG: 1 : 4.771255e-04 / 1.001842e+00
PCG: 2 : 5.974074e-04 / 1.254403e+00
PCG: 0 : 5.974074e-04
PCG: 1 : 4.712410e-04 / 7.888102e-01
PCG: 2 : 4.641862e-04 / 7.770011e-01
PCG: 0 : 4.641862e-04
PCG: 1 : 4.651169e-04 / 1.002005e+00
PCG: 2 : 5.822876e-04 / 1.254427e+00
PCG: 0 : 5.822876e-04
PCG: 1 : 4.593935e-04 / 7.889462e-01
PCG: 2 : 4.524408e-04 / 7.770058e-01
PCG: 0 : 4.524408e-04
PCG: 1 : 4.534295e-04 / 1.002185e+00
PCG: 2 : 5.675547e-04 / 1.254429e+00
PCG: 0 : 5.675547e-04
PCG: 1 : 4.478436e-04 / 7.890756e-01
PCG: 2 : 4.409910e-04 / 7.770017e-01
PCG: 0 : 4.409910e-04
PCG: 1 : 4.420308e-04 / 1.002358e+00
PCG: 2 : 5.531980e-04 / 1.254443e+00
PCG: 0 : 5.531980e-04
PCG: 1 : 4.365839e-04 / 7.892000e-01
PCG: 2 : 4.298322e-04 / 7.769951e-01
PCG: 0 : 4.298322e-04
PCG: 1 : 4.309177e-04 / 1.002525e+00
PCG: 2 : 5.392020e-04 / 1.254448e+00
PCG: 0 : 5.392019e-04
PCG: 1 : 4.256064e-04 / 7.893265e-01
PCG: 2 : 4.189521e-04 / 7.769856e-01
PCG: 0 : 4.189521e-04
PCG: 1 : 4.200807e-04 / 1.002694e+00
PCG: 2 : 5.255611e-04 / 1.254466e+00
PCG: 0 : 5.255610e-04
PCG: 1 : 4.149056e-04 / 7.894527e-01
PCG: 2 : 4.083506e-04 / 7.769803e-01
PCG: 0 : 4.083506e-04
PCG: 1 : 4.095242e-04 / 1.002874e+00
PCG: 2 : 5.122669e-04 / 1.254478e+00
PCG: 0 : 5.122669e-04
PCG: 1 : 4.044760e-04 / 7.895807e-01
PCG: 2 : 3.980216e-04 / 7.769809e-01
PCG: 0 : 3.980216e-04
PCG: 1 : 3.992244e-04 / 1.003022e+00
PCG: 2 : 4.992991e-04 / 1.254452e+00
PCG: 0 : 4.992991e-04
PCG: 1 : 3.943058e-04 / 7.897186e-01
PCG: 2 : 3.879572e-04 / 7.770035e-01
PCG: 0 : 3.879571e-04
PCG: 1 : 3.891839e-04 / 1.003162e+00
PCG: 2 : 4.866690e-04 / 1.254440e+00
PCG: 0 : 4.866690e-04
PCG: 1 : 3.843910e-04 / 7.898408e-01
PCG: 2 : 3.781436e-04 / 7.770037e-01
PCG: 0 : 3.781436e-04
PCG: 1 : 3.793969e-04 / 1.003314e+00
PCG: 2 : 4.743537e-04 / 1.254427e+00
PCG: 0 : 4.743537e-04
PCG: 1 : 3.747215e-04 / 7.899622e-01
PCG: 2 : 3.685809e-04 / 7.770171e-01
PCG: 0 : 3.685809e-04
PCG: 1 : 3.698595e-04 / 1.003469e+00
PCG: 2 : 4.623587e-04 / 1.254429e+00
PCG: 0 : 4.623587e-04
PCG: 1 : 3.652998e-04 / 7.900787e-01
PCG: 2 : 3.592588e-04 / 7.770132e-01
PCG: 0 : 3.592588e-04
PCG: 1 : 3.605564e-04 / 1.003612e+00
PCG: 2 : 4.506589e-04 / 1.254413e+00
PCG: 0 : 4.506589e-04
PCG: 1 : 3.561118e-04 / 7.902025e-01
PCG: 2 : 3.501741e-04 / 7.770269e-01
PCG: 0 : 3.501741e-04
PCG: 1 : 3.514915e-04 / 1.003762e+00
PCG: 2 : 4.392608e-04 / 1.254407e+00
PCG: 0 : 4.392608e-04
PCG: 1 : 3.471526e-04 / 7.903109e-01
PCG: 2 : 3.413157e-04 / 7.770229e-01
PCG: 0 : 3.413157e-04
PCG: 1 : 3.426505e-04 / 1.003911e+00
PCG: 2 : 4.281544e-04 / 1.254423e+00
PCG: 0 : 4.281544e-04
PCG: 1 : 3.384232e-04 / 7.904234e-01
PCG: 2 : 3.326828e-04 / 7.770160e-01
PCG: 0 : 3.326828e-04
PCG: 1 : 3.340307e-04 / 1.004052e+00
PCG: 2 : 4.173275e-04 / 1.254431e+00
PCG: 0 : 4.173275e-04
PCG: 1 : 3.299083e-04 / 7.905262e-01
PCG: 2 : 3.242698e-04 / 7.770150e-01
PCG: 0 : 3.242698e-04
PCG: 1 : 3.256281e-04 / 1.004189e+00
PCG: 2 : 4.067745e-04 / 1.254432e+00
PCG: 0 : 4.067745e-04
PCG: 1 : 3.216135e-04 / 7.906433e-01
PCG: 2 : 3.160744e-04 / 7.770261e-01
PCG: 0 : 3.160744e-04
PCG: 1 : 3.174353e-04 / 1.004306e+00
PCG: 2 : 3.964801e-04 / 1.254389e+00
PCG: 0 : 3.964801e-04
PCG: 1 : 3.135255e-04 / 7.907723e-01
PCG: 2 : 3.080900e-04 / 7.770630e-01
PCG: 0 : 3.080900e-04
PCG: 1 : 3.094521e-04 / 1.004421e+00
PCG: 2 : 3.864409e-04 / 1.254312e+00
PCG: 0 : 3.864409e-04
PCG: 1 : 3.056345e-04 / 7.908958e-01
PCG: 2 : 3.003002e-04 / 7.770921e-01
PCG: 0 : 3.003002e-04
PCG: 1 : 3.016693e-04 / 1.004559e+00
PCG: 2 : 3.766701e-04 / 1.254312e+00
PCG: 0 : 3.766701e-04
PCG: 1 : 2.979454e-04 / 7.909983e-01
PCG: 2 : 2.927069e-04 / 7.770908e-01
PCG: 0 : 2.927069e-04
PCG: 1 : 2.940814e-04 / 1.004696e+00
PCG: 2 : 3.671510e-04 / 1.254330e+00
PCG: 0 : 3.671510e-04
PCG: 1 : 2.904518e-04 / 7.910963e-01
PCG: 2 : 2.853092e-04 / 7.770895e-01
PCG: 0 : 2.853092e-04
PCG: 1 : 2.866842e-04 / 1.004820e+00
PCG: 2 : 3.578693e-04 / 1.254321e+00
PCG: 0 : 3.578693e-04
PCG: 1 : 2.831426e-04 / 7.911900e-01
PCG: 2 : 2.780925e-04 / 7.770783e-01
PCG: 0 : 2.780925e-04
PCG: 1 : 2.794678e-04 / 1.004946e+00
PCG: 2 : 3.488220e-04 / 1.254338e+00
PCG: 0 : 3.488220e-04
PCG: 1 : 2.760180e-04 / 7.912861e-01
PCG: 2 : 2.710621e-04 / 7.770787e-01
PCG: 0 : 2.710621e-04
PCG: 1 : 2.724382e-04 / 1.005076e+00
PCG: 2 : 3.400045e-04 / 1.254341e+00
PCG: 0 : 3.400045e-04
PCG: 1 : 2.690740e-04 / 7.913836e-01
PCG: 2 : 2.642101e-04 / 7.770784e-01
PCG: 0 : 2.642101e-04
PCG: 1 : 2.655818e-04 / 1.005191e+00
PCG: 2 : 3.314128e-04 / 1.254353e+00
PCG: 0 : 3.314128e-04
PCG: 1 : 2.622993e-04 / 7.914580e-01
PCG: 2 : 2.575268e-04 / 7.770575e-01
PCG: 0 : 2.575268e-04
PCG: 1 : 2.589008e-04 / 1.005335e+00
PCG: 2 : 3.230420e-04 / 1.254402e+00
PCG: 0 : 3.230420e-04
PCG: 1 : 2.557024e-04 / 7.915453e-01
PCG: 2 : 2.510167e-04 / 7.770405e-01
PCG: 0 : 2.510167e-04
PCG: 1 : 2.523825e-04 / 1.005441e+00
PCG: 2 : 3.148699e-04 / 1.254378e+00
PCG: 0 : 3.148699e-04
PCG: 1 : 2.492677e-04 / 7.916530e-01
PCG: 2 : 2.446736e-04 / 7.770627e-01
PCG: 0 : 2.446736e-04
PCG: 1 : 2.460325e-04 / 1.005554e+00
PCG: 2 : 3.069135e-04 / 1.254379e+00
PCG: 0 : 3.069135e-04
PCG: 1 : 2.429926e-04 / 7.917299e-01
PCG: 2 : 2.384880e-04 / 7.770529e-01
PCG: 0 : 2.384880e-04
PCG: 1 : 2.398433e-04 / 1.005683e+00
PCG: 2 : 2.991635e-04 / 1.254418e+00
PCG: 0 : 2.991635e-04
PCG: 1 : 2.368764e-04 / 7.917957e-01
PCG: 2 : 2.324552e-04 / 7.770174e-01
PCG: 0 : 2.324552e-04
PCG: 1 : 2.338024e-04 / 1.005795e+00
PCG: 2 : 2.916004e-04 / 1.254437e+00
PCG: 0 : 2.916004e-04
PCG: 1 : 2.309169e-04 / 7.918950e-01
PCG: 2 : 2.265815e-04 / 7.770275e-01
PCG: 0 : 2.265815e-04
PCG: 1 : 2.279222e-04 / 1.005917e+00
PCG: 2 : 2.842331e-04 / 1.254441e+00
PCG: 0 : 2.842331e-04
PCG: 1 : 2.251041e-04 / 7.919701e-01
PCG: 2 : 2.208540e-04 / 7.770174e-01
PCG: 0 : 2.208541e-04
PCG: 1 : 2.221849e-04 / 1.006026e+00
PCG: 2 : 2.770524e-04 / 1.254459e+00
PCG: 0 : 2.770524e-04
PCG: 1 : 2.194391e-04 / 7.920492e-01
PCG: 2 : 2.152718e-04 / 7.770076e-01
PCG: 0 : 2.152718e-04
PCG: 1 : 2.165935e-04 / 1.006140e+00
PCG: 2 : 2.700539e-04 / 1.254479e+00
PCG: 0 : 2.700539e-04
PCG: 1 : 2.139162e-04 / 7.921239e-01
PCG: 2 : 2.098310e-04 / 7.769966e-01
PCG: 0 : 2.098310e-04
PCG: 1 : 2.111408e-04 / 1.006242e+00
PCG: 2 : 2.632296e-04 / 1.254484e+00
PCG: 0 : 2.632296e-04
PCG: 1 : 2.085337e-04 / 7.922122e-01
PCG: 2 : 2.045321e-04 / 7.770104e-01
PCG: 0 : 2.045321e-04
PCG: 1 : 2.058279e-04 / 1.006336e+00
PCG: 2 : 2.565750e-04 / 1.254449e+00
PCG: 0 : 2.565750e-04
PCG: 1 : 2.032860e-04 / 7.923065e-01
PCG: 2 : 1.993670e-04 / 7.770323e-01
PCG: 0 : 1.993670e-04
PCG: 1 : 2.006485e-04 / 1.006428e+00
PCG: 2 : 2.500878e-04 / 1.254409e+00
PCG: 0 : 2.500877e-04
PCG: 1 : 1.981688e-04 / 7.923971e-01
PCG: 2 : 1.943300e-04 / 7.770475e-01
PCG: 0 : 1.943300e-04
PCG: 1 : 1.955970e-04 / 1.006519e+00
PCG: 2 : 2.437678e-04 / 1.254401e+00
PCG: 0 : 2.437678e-04
PCG: 1 : 1.931811e-04 / 7.924801e-01
PCG: 2 : 1.894217e-04 / 7.770578e-01
PCG: 0 : 1.894217e-04
PCG: 1 : 1.906733e-04 / 1.006608e+00
PCG: 2 : 2.376037e-04 / 1.254364e+00
PCG: 0 : 2.376037e-04
PCG: 1 : 1.883158e-04 / 7.925627e-01
PCG: 2 : 1.846352e-04 / 7.770722e-01
PCG: 0 : 1.846352e-04
PCG: 1 : 1.858737e-04 / 1.006708e+00
PCG: 2 : 2.316024e-04 / 1.254378e+00
PCG: 0 : 2.316024e-04
PCG: 1 : 1.835766e-04 / 7.926368e-01
PCG: 2 : 1.799703e-04 / 7.770657e-01
PCG: 0 : 1.799703e-04
PCG: 1 : 1.811937e-04 / 1.006798e+00
PCG: 2 : 2.257504e-04 / 1.254376e+00
PCG: 0 : 2.257504e-04
PCG: 1 : 1.789539e-04 / 7.927069e-01
PCG: 2 : 1.754238e-04 / 7.770700e-01
PCG: 0 : 1.754238e-04
PCG: 1 : 1.766315e-04 / 1.006884e+00
PCG: 2 : 2.200457e-04 / 1.254366e+00
PCG: 0 : 2.200457e-04
PCG: 1 : 1.744478e-04 / 7.927797e-01
PCG: 2 : 1.709924e-04 / 7.770768e-01
PCG: 0 : 1.709924e-04
PCG: 1 : 1.721850e-04 / 1.006974e+00
PCG: 2 : 2.144880e-04 / 1.254372e+00
PCG: 0 : 2.144880e-04
PCG: 1 : 1.700581e-04 / 7.928560e-01
PCG: 2 : 1.666743e-04 / 7.770799e-01
PCG: 0 : 1.666743e-04
PCG: 1 : 1.678509e-04 / 1.007059e+00
PCG: 2 : 2.090668e-04 / 1.254343e+00
PCG: 0 : 2.090668e-04
PCG: 1 : 1.657756e-04 / 7.929312e-01
PCG: 2 : 1.624629e-04 / 7.770863e-01
PCG: 0 : 1.624629e-04
PCG: 1 : 1.636269e-04 / 1.007165e+00
PCG: 2 : 2.037886e-04 / 1.254370e+00
PCG: 0 : 2.037886e-04
PCG: 1 : 1.616040e-04 / 7.929983e-01
PCG: 2 : 1.583622e-04 / 7.770905e-01
PCG: 0 : 1.583622e-04
PCG: 1 : 1.595076e-04 / 1.007233e+00
PCG: 2 : 1.986361e-04 / 1.254315e+00
PCG: 0 : 1.986360e-04
PCG: 1 : 1.575342e-04 / 7.930799e-01
PCG: 2 : 1.543612e-04 / 7.771060e-01
PCG: 0 : 1.543612e-04
PCG: 1 : 1.554905e-04 / 1.007316e+00
PCG: 2 : 1.936196e-04 / 1.254328e+00
PCG: 0 : 1.936196e-04
PCG: 1 : 1.535680e-04 / 7.931429e-01
PCG: 2 : 1.504629e-04 / 7.771059e-01
PCG: 0 : 1.504629e-04
PCG: 1 : 1.515765e-04 / 1.007401e+00
PCG: 2 : 1.887284e-04 / 1.254318e+00
PCG: 0 : 1.887284e-04
PCG: 1 : 1.497032e-04 / 7.932206e-01
PCG: 2 : 1.466643e-04 / 7.771184e-01
PCG: 0 : 1.466643e-04
PCG: 1 : 1.477609e-04 / 1.007477e+00
PCG: 2 : 1.839575e-04 / 1.254276e+00
PCG: 0 : 1.839575e-04
PCG: 1 : 1.459347e-04 / 7.933067e-01
PCG: 2 : 1.429633e-04 / 7.771537e-01
PCG: 0 : 1.429633e-04
PCG: 1 : 1.440414e-04 / 1.007541e+00
PCG: 2 : 1.793073e-04 / 1.254219e+00
PCG: 0 : 1.793073e-04
PCG: 1 : 1.422605e-04 / 7.933894e-01
PCG: 2 : 1.393541e-04 / 7.771806e-01
PCG: 0 : 1.393541e-04
PCG: 1 : 1.404141e-04 / 1.007606e+00
PCG: 2 : 1.747745e-04 / 1.254176e+00
PCG: 0 : 1.747745e-04
PCG: 1 : 1.386787e-04 / 7.934722e-01
PCG: 2 : 1.358371e-04 / 7.772135e-01
PCG: 0 : 1.358371e-04
PCG: 1 : 1.368786e-04 / 1.007667e+00
PCG: 2 : 1.703589e-04 / 1.254141e+00
PCG: 0 : 1.703589e-04
PCG: 1 : 1.351841e-04 / 7.935253e-01
PCG: 2 : 1.324044e-04 / 7.772089e-01
PCG: 0 : 1.324045e-04
PCG: 1 : 1.334326e-04 / 1.007765e+00
PCG: 2 : 1.660601e-04 / 1.254188e+00
PCG: 0 : 1.660601e-04
PCG: 1 : 1.317810e-04 / 7.935736e-01
PCG: 2 : 1.290601e-04 / 7.771891e-01
PCG: 0 : 1.290601e-04
PCG: 1 : 1.300715e-04 / 1.007836e+00
PCG: 2 : 1.618658e-04 / 1.254189e+00
PCG: 0 : 1.618658e-04
PCG: 1 : 1.284628e-04 / 7.936378e-01
PCG: 2 : 1.258018e-04 / 7.771983e-01
PCG: 0 : 1.258018e-04
PCG: 1 : 1.267962e-04 / 1.007905e+00
PCG: 2 : 1.577769e-04 / 1.254170e+00
PCG: 0 : 1.577769e-04
PCG: 1 : 1.252257e-04 / 7.936883e-01
PCG: 2 : 1.226234e-04 / 7.771947e-01
PCG: 0 : 1.226234e-04
PCG: 1 : 1.236026e-04 / 1.007985e+00
PCG: 2 : 1.537951e-04 / 1.254207e+00
PCG: 0 : 1.537951e-04
PCG: 1 : 1.220740e-04 / 7.937444e-01
PCG: 2 : 1.195281e-04 / 7.771907e-01
PCG: 0 : 1.195281e-04
PCG: 1 : 1.204924e-04 / 1.008067e+00
PCG: 2 : 1.499123e-04 / 1.254201e+00
PCG: 0 : 1.499123e-04
PCG: 1 : 1.189996e-04 / 7.937951e-01
PCG: 2 : 1.165088e-04 / 7.771800e-01
PCG: 0 : 1.165088e-04
PCG: 1 : 1.174544e-04 / 1.008116e+00
PCG: 2 : 1.461227e-04 / 1.254177e+00
PCG: 0 : 1.461227e-04
PCG: 1 : 1.160033e-04 / 7.938763e-01
PCG: 2 : 1.135686e-04 / 7.772143e-01
PCG: 0 : 1.135686e-04
PCG: 1 : 1.144988e-04 / 1.008191e+00
PCG: 2 : 1.424331e-04 / 1.254159e+00
PCG: 0 : 1.424331e-04
PCG: 1 : 1.130828e-04 / 7.939362e-01
PCG: 2 : 1.107031e-04 / 7.772284e-01
PCG: 0 : 1.107031e-04
PCG: 1 : 1.116146e-04 / 1.008234e+00
PCG: 2 : 1.388328e-04 / 1.254101e+00
PCG: 0 : 1.388328e-04
PCG: 1 : 1.102354e-04 / 7.940153e-01
PCG: 2 : 1.079099e-04 / 7.772647e-01
PCG: 0 : 1.079098e-04
PCG: 1 : 1.088044e-04 / 1.008290e+00
PCG: 2 : 1.353254e-04 / 1.254060e+00
PCG: 0 : 1.353254e-04
PCG: 1 : 1.074593e-04 / 7.940807e-01
PCG: 2 : 1.051875e-04 / 7.772930e-01
PCG: 0 : 1.051875e-04
PCG: 1 : 1.060653e-04 / 1.008345e+00
PCG: 2 : 1.319058e-04 / 1.254006e+00
PCG: 0 : 1.319058e-04
PCG: 1 : 1.047511e-04 / 7.941356e-01
PCG: 2 : 1.025306e-04 / 7.773022e-01
PCG: 0 : 1.025306e-04
PCG: 1 : 1.033935e-04 / 1.008416e+00
PCG: 2 : 1.285758e-04 / 1.254023e+00
PCG: 0 : 1.285758e-04
PCG: 1 : 1.021136e-04 / 7.941896e-01
PCG: 2 : 9.994272e-05 / 7.773059e-01
PCG: 0 : 9.994271e-05
PCG: 1 : 1.007894e-04 / 1.008472e+00
PCG: 2 : 1.253288e-04 / 1.254006e+00
PCG: 0 : 1.253288e-04
PCG: 1 : 9.954144e-05 / 7.942423e-01
PCG: 2 : 9.742020e-05 / 7.773169e-01
PCG: 0 : 9.742020e-05
PCG: 1 : 9.825043e-05 / 1.008522e+00
PCG: 2 : 1.221653e-04 / 1.254004e+00
PCG: 0 : 1.221653e-04
PCG: 1 : 9.703235e-05 / 7.942708e-01
PCG: 2 : 9.495843e-05 / 7.772945e-01
PCG: 0 : 9.495844e-05
PCG: 1 : 9.577478e-05 / 1.008597e+00
PCG: 2 : 1.190818e-04 / 1.254041e+00
PCG: 0 : 1.190818e-04
PCG: 1 : 9.458933e-05 / 7.943226e-01
PCG: 2 : 9.256232e-05 / 7.773007e-01
PCG: 0 : 9.256232e-05
PCG: 1 : 9.336330e-05 / 1.008653e+00
PCG: 2 : 1.160771e-04 / 1.254042e+00
PCG: 0 : 1.160771e-04
PCG: 1 : 9.220591e-05 / 7.943509e-01
PCG: 2 : 9.022407e-05 / 7.772774e-01
PCG: 0 : 9.022407e-05
PCG: 1 : 9.101054e-05 / 1.008717e+00
PCG: 2 : 1.131475e-04 / 1.254072e+00
PCG: 0 : 1.131475e-04
PCG: 1 : 8.988391e-05 / 7.943957e-01
PCG: 2 : 8.794713e-05 / 7.772784e-01
PCG: 0 : 8.794713e-05
PCG: 1 : 8.871828e-05 / 1.008768e+00
PCG: 2 : 1.102904e-04 / 1.254053e+00
PCG: 0 : 1.102904e-04
PCG: 1 : 8.761862e-05 / 7.944357e-01
PCG: 2 : 8.572574e-05 / 7.772731e-01
PCG: 0 : 8.572574e-05
PCG: 1 : 8.648354e-05 / 1.008840e+00
PCG: 2 : 1.075078e-04 / 1.254090e+00
PCG: 0 : 1.075078e-04
PCG: 1 : 8.541282e-05 / 7.944803e-01
PCG: 2 : 8.356177e-05 / 7.772624e-01
PCG: 0 : 8.356176e-05
PCG: 1 : 8.430544e-05 / 1.008900e+00
PCG: 2 : 1.047940e-04 / 1.254090e+00
PCG: 0 : 1.047940e-04
PCG: 1 : 8.326100e-05 / 7.945210e-01
PCG: 2 : 8.145235e-05 / 7.772619e-01
PCG: 0 : 8.145235e-05
PCG: 1 : 8.218035e-05 / 1.008938e+00
PCG: 2 : 1.021470e-04 / 1.254071e+00
PCG: 0 : 1.021470e-04
PCG: 1 : 8.116352e-05 / 7.945755e-01
PCG: 2 : 7.939697e-05 / 7.772813e-01
PCG: 0 : 7.939696e-05
PCG: 1 : 8.011133e-05 / 1.008998e+00
PCG: 2 : 9.956871e-05 / 1.254062e+00
PCG: 0 : 9.956871e-05
PCG: 1 : 7.911886e-05 / 7.946157e-01
PCG: 2 : 7.739248e-05 / 7.772772e-01
PCG: 0 : 7.739249e-05
PCG: 1 : 7.809294e-05 / 1.009051e+00
PCG: 2 : 9.705568e-05 / 1.254071e+00
PCG: 0 : 9.705568e-05
PCG: 1 : 7.712690e-05 / 7.946665e-01
PCG: 2 : 7.544030e-05 / 7.772889e-01
PCG: 0 : 7.544030e-05
PCG: 1 : 7.612631e-05 / 1.009094e+00
PCG: 2 : 9.460428e-05 / 1.254028e+00
PCG: 0 : 9.460429e-05
PCG: 1 : 7.518273e-05 / 7.947075e-01
PCG: 2 : 7.353514e-05 / 7.772919e-01
PCG: 0 : 7.353514e-05
PCG: 1 : 7.420868e-05 / 1.009159e+00
PCG: 2 : 9.221859e-05 / 1.254075e+00
PCG: 0 : 9.221859e-05
PCG: 1 : 7.328930e-05 / 7.947346e-01
PCG: 2 : 7.167867e-05 / 7.772693e-01
PCG: 0 : 7.167867e-05
PCG: 1 : 7.233921e-05 / 1.009215e+00
PCG: 2 : 8.989007e-05 / 1.254070e+00
PCG: 0 : 8.989006e-05
PCG: 1 : 7.144243e-05 / 7.947757e-01
PCG: 2 : 6.986974e-05 / 7.772799e-01
PCG: 0 : 6.986973e-05
PCG: 1 : 7.051585e-05 / 1.009248e+00
PCG: 2 : 8.762080e-05 / 1.254059e+00
PCG: 0 : 8.762080e-05
PCG: 1 : 6.964248e-05 / 7.948168e-01
PCG: 2 : 6.810643e-05 / 7.772861e-01
PCG: 0 : 6.810643e-05
PCG: 1 : 6.873974e-05 / 1.009299e+00
PCG: 2 : 8.541063e-05 / 1.254076e+00
PCG: 0 : 8.541063e-05
PCG: 1 : 6.788722e-05 / 7.948335e-01
PCG: 2 : 6.638637e-05 / 7.772613e-01
PCG: 0 : 6.638638e-05
PCG: 1 : 6.700722e-05 / 1.009352e+00
PCG: 2 : 8.325619e-05 / 1.254116e+00
PCG: 0 : 8.325619e-05
PCG: 1 : 6.617668e-05 / 7.948560e-01
PCG: 2 : 6.471023e-05 / 7.772422e-01
PCG: 0 : 6.471022e-05
PCG: 1 : 6.531903e-05 / 1.009408e+00
PCG: 2 : 8.115542e-05 / 1.254136e+00
PCG: 0 : 8.115541e-05
PCG: 1 : 6.450999e-05 / 7.948945e-01
PCG: 2 : 6.307688e-05 / 7.772357e-01
PCG: 0 : 6.307688e-05
PCG: 1 : 6.367362e-05 / 1.009461e+00
PCG: 2 : 7.910756e-05 / 1.254145e+00
PCG: 0 : 7.910756e-05
PCG: 1 : 6.288430e-05 / 7.949215e-01
PCG: 2 : 6.148498e-05 / 7.772326e-01
PCG: 0 : 6.148498e-05
PCG: 1 : 6.206888e-05 / 1.009497e+00
PCG: 2 : 7.711118e-05 / 1.254147e+00
PCG: 0 : 7.711117e-05
PCG: 1 : 6.129978e-05 / 7.949533e-01
PCG: 2 : 5.993287e-05 / 7.772269e-01
PCG: 0 : 5.993288e-05
PCG: 1 : 6.050534e-05 / 1.009552e+00
PCG: 2 : 7.516550e-05 / 1.254161e+00
PCG: 0 : 7.516550e-05
PCG: 1 : 5.975556e-05 / 7.949866e-01
PCG: 2 : 5.842042e-05 / 7.772239e-01
PCG: 0 : 5.842042e-05
PCG: 1 : 5.898006e-05 / 1.009580e+00
PCG: 2 : 7.326718e-05 / 1.254137e+00
PCG: 0 : 7.326718e-05
PCG: 1 : 5.824943e-05 / 7.950277e-01
PCG: 2 : 5.694597e-05 / 7.772372e-01
PCG: 0 : 5.694597e-05
PCG: 1 : 5.749529e-05 / 1.009646e+00
PCG: 2 : 7.142024e-05 / 1.254176e+00
PCG: 0 : 7.142024e-05
PCG: 1 : 5.678238e-05 / 7.950461e-01
PCG: 2 : 5.550893e-05 / 7.772157e-01
PCG: 0 : 5.550893e-05
PCG: 1 : 5.604571e-05 / 1.009670e+00
PCG: 2 : 6.961644e-05 / 1.254148e+00
PCG: 0 : 6.961644e-05
PCG: 1 : 5.535224e-05 / 7.951030e-01
PCG: 2 : 5.410938e-05 / 7.772501e-01
PCG: 0 : 5.410938e-05
PCG: 1 : 5.463408e-05 / 1.009697e+00
PCG: 2 : 6.785844e-05 / 1.254098e+00
PCG: 0 : 6.785844e-05
PCG: 1 : 5.395722e-05 / 7.951439e-01
PCG: 2 : 5.274417e-05 / 7.772676e-01
PCG: 0 : 5.274417e-05
PCG: 1 : 5.325817e-05 / 1.009745e+00
PCG: 2 : 6.614596e-05 / 1.254091e+00
PCG: 0 : 6.614597e-05
PCG: 1 : 5.259777e-05 / 7.951773e-01
PCG: 2 : 5.141276e-05 / 7.772622e-01
PCG: 0 : 5.141276e-05
PCG: 1 : 5.191563e-05 / 1.009781e+00
PCG: 2 : 6.447620e-05 / 1.254089e+00
PCG: 0 : 6.447619e-05
PCG: 1 : 5.127198e-05 / 7.952080e-01
PCG: 2 : 5.011520e-05 / 7.772668e-01
PCG: 0 : 5.011520e-05
PCG: 1 : 5.060767e-05 / 1.009827e+00
PCG: 2 : 6.284970e-05 / 1.254105e+00
PCG: 0 : 6.284969e-05
PCG: 1 : 4.998056e-05 / 7.952396e-01
PCG: 2 : 4.885102e-05 / 7.772674e-01
PCG: 0 : 4.885102e-05
PCG: 1 : 4.933272e-05 / 1.009861e+00
PCG: 2 : 6.126358e-05 / 1.254090e+00
PCG: 0 : 6.126357e-05
PCG: 1 : 4.872095e-05 / 7.952678e-01
PCG: 2 : 4.761815e-05 / 7.772670e-01
PCG: 0 : 4.761814e-05
PCG: 1 : 4.808958e-05 / 1.009900e+00
PCG: 2 : 5.971804e-05 / 1.254103e+00
PCG: 0 : 5.971805e-05
PCG: 1 : 4.749311e-05 / 7.952892e-01
PCG: 2 : 4.641594e-05 / 7.772515e-01
PCG: 0 : 4.641595e-05
PCG: 1 : 4.687730e-05 / 1.009940e+00
PCG: 2 : 5.821198e-05 / 1.254137e+00
PCG: 0 : 5.821198e-05
PCG: 1 : 4.629662e-05 / 7.953108e-01
PCG: 2 : 4.524508e-05 / 7.772469e-01
PCG: 0 : 4.524508e-05
PCG: 1 : 4.569607e-05 / 1.009968e+00
PCG: 2 : 5.674173e-05 / 1.254097e+00
PCG: 0 : 5.674173e-05
PCG: 1 : 4.513001e-05 / 7.953583e-01
PCG: 2 : 4.410400e-05 / 7.772763e-01
PCG: 0 : 4.410400e-05
PCG: 1 : 4.454484e-05 / 1.009995e+00
PCG: 2 : 5.530952e-05 / 1.254070e+00
PCG: 0 : 5.530952e-05
PCG: 1 : 4.399267e-05 / 7.953906e-01
PCG: 2 : 4.299133e-05 / 7.772864e-01
PCG: 0 : 4.299133e-05
PCG: 1 : 4.342234e-05 / 1.010026e+00
PCG: 2 : 5.391373e-05 / 1.254061e+00
PCG: 0 : 5.391373e-05
PCG: 1 : 4.288396e-05 / 7.954182e-01
PCG: 2 : 4.190619e-05 / 7.772824e-01
PCG: 0 : 4.190619e-05
PCG: 1 : 4.232769e-05 / 1.010058e+00
PCG: 2 : 5.255343e-05 / 1.254073e+00
PCG: 0 : 5.255343e-05
PCG: 1 : 4.180345e-05 / 7.954468e-01
PCG: 2 : 4.084921e-05 / 7.772890e-01
PCG: 0 : 4.084921e-05
PCG: 1 : 4.126192e-05 / 1.010103e+00
PCG: 2 : 5.122776e-05 / 1.254070e+00
PCG: 0 : 5.122776e-05
PCG: 1 : 4.075028e-05 / 7.954727e-01
PCG: 2 : 3.981846e-05 / 7.772828e-01
PCG: 0 : 3.981846e-05
PCG: 1 : 4.022167e-05 / 1.010126e+00
PCG: 2 : 4.993458e-05 / 1.254056e+00
PCG: 0 : 4.993458e-05
PCG: 1 : 3.972319e-05 / 7.955047e-01
PCG: 2 : 3.881429e-05 / 7.773029e-01
PCG: 0 : 3.881429e-05
PCG: 1 : 3.920820e-05 / 1.010149e+00
PCG: 2 : 4.867407e-05 / 1.254025e+00
PCG: 0 : 4.867407e-05
PCG: 1 : 3.872178e-05 / 7.955320e-01
PCG: 2 : 3.783451e-05 / 7.773032e-01
PCG: 0 : 3.783451e-05
PCG: 1 : 3.822003e-05 / 1.010190e+00
PCG: 2 : 4.744693e-05 / 1.254065e+00
PCG: 0 : 4.744693e-05
PCG: 1 : 3.774614e-05 / 7.955446e-01
PCG: 2 : 3.687961e-05 / 7.772813e-01
PCG: 0 : 3.687961e-05
PCG: 1 : 3.725685e-05 / 1.010229e+00
PCG: 2 : 4.625008e-05 / 1.254083e+00
PCG: 0 : 4.625009e-05
PCG: 1 : 3.679482e-05 / 7.955620e-01
PCG: 2 : 3.594885e-05 / 7.772709e-01
PCG: 0 : 3.594884e-05
PCG: 1 : 3.631790e-05 / 1.010266e+00
PCG: 2 : 4.508331e-05 / 1.254096e+00
PCG: 0 : 4.508331e-05
PCG: 1 : 3.586733e-05 / 7.955788e-01
PCG: 2 : 3.504172e-05 / 7.772658e-01
PCG: 0 : 3.504172e-05
PCG: 1 : 3.540242e-05 / 1.010293e+00
PCG: 2 : 4.394594e-05 / 1.254103e+00
PCG: 0 : 4.394593e-05
PCG: 1 : 3.496340e-05 / 7.956004e-01
PCG: 2 : 3.415741e-05 / 7.772598e-01
PCG: 0 : 3.415741e-05
PCG: 1 : 3.451033e-05 / 1.010332e+00
PCG: 2 : 4.283791e-05 / 1.254132e+00
PCG: 0 : 4.283791e-05
PCG: 1 : 3.408221e-05 / 7.956086e-01
PCG: 2 : 3.329552e-05 / 7.772442e-01
PCG: 0 : 3.329552e-05
PCG: 1 : 3.364040e-05 / 1.010358e+00
PCG: 2 : 4.175710e-05 / 1.254136e+00
PCG: 0 : 4.175710e-05
PCG: 1 : 3.322323e-05 / 7.956309e-01
PCG: 2 : 3.245548e-05 / 7.772446e-01
PCG: 0 : 3.245548e-05
PCG: 1 : 3.279278e-05 / 1.010393e+00
PCG: 2 : 4.070396e-05 / 1.254148e+00
PCG: 0 : 4.070396e-05
PCG: 1 : 3.238578e-05 / 7.956421e-01
PCG: 2 : 3.163601e-05 / 7.772219e-01
PCG: 0 : 3.163601e-05
PCG: 1 : 3.196581e-05 / 1.010425e+00
PCG: 2 : 3.967721e-05 / 1.254179e+00
PCG: 0 : 3.967721e-05
PCG: 1 : 3.156974e-05 / 7.956643e-01
PCG: 2 : 3.083842e-05 / 7.772324e-01
PCG: 0 : 3.083842e-05
PCG: 1 : 3.116069e-05 / 1.010450e+00
PCG: 2 : 3.867636e-05 / 1.254162e+00
PCG: 0 : 3.867636e-05
PCG: 1 : 3.077402e-05 / 7.956803e-01
PCG: 2 : 3.006019e-05 / 7.772239e-01
PCG: 0 : 3.006019e-05
PCG: 1 : 3.037473e-05 / 1.010464e+00
PCG: 2 : 3.770016e-05 / 1.254156e+00
PCG: 0 : 3.770016e-05
PCG: 1 : 2.999861e-05 / 7.957156e-01
PCG: 2 : 2.930206e-05 / 7.772396e-01
PCG: 0 : 2.930206e-05
PCG: 1 : 2.960971e-05 / 1.010499e+00
PCG: 2 : 3.674926e-05 / 1.254153e+00
PCG: 0 : 3.674926e-05
PCG: 1 : 2.924217e-05 / 7.957212e-01
PCG: 2 : 2.856230e-05 / 7.772210e-01
PCG: 0 : 2.856230e-05
PCG: 1 : 2.886354e-05 / 1.010547e+00
PCG: 2 : 3.582282e-05 / 1.254199e+00
PCG: 0 : 3.582282e-05
PCG: 1 : 2.850528e-05 / 7.957296e-01
PCG: 2 : 2.784155e-05 / 7.772017e-01
PCG: 0 : 2.784156e-05
PCG: 1 : 2.813588e-05 / 1.010571e+00
PCG: 2 : 3.491914e-05 / 1.254209e+00
PCG: 0 : 3.491914e-05
PCG: 1 : 2.778705e-05 / 7.957543e-01
PCG: 2 : 2.713938e-05 / 7.772064e-01
PCG: 0 : 2.713938e-05
PCG: 1 : 2.742688e-05 / 1.010593e+00
PCG: 2 : 3.403822e-05 / 1.254200e+00
PCG: 0 : 3.403822e-05
PCG: 1 : 2.708677e-05 / 7.957752e-01
PCG: 2 : 2.645460e-05 / 7.772027e-01
PCG: 0 : 2.645460e-05
PCG: 1 : 2.673532e-05 / 1.010611e+00
PCG: 2 : 3.317952e-05 / 1.254206e+00
PCG: 0 : 3.317952e-05
PCG: 1 : 2.640373e-05 / 7.957838e-01
PCG: 2 : 2.578697e-05 / 7.771953e-01
PCG: 0 : 2.578697e-05
PCG: 1 : 2.606161e-05 / 1.010650e+00
PCG: 2 : 3.234268e-05 / 1.254226e+00
PCG: 0 : 3.234268e-05
PCG: 1 : 2.573839e-05 / 7.958028e-01
PCG: 2 : 2.513625e-05 / 7.771854e-01
PCG: 0 : 2.513625e-05
PCG: 1 : 2.540469e-05 / 1.010679e+00
PCG: 2 : 3.152694e-05 / 1.254242e+00
PCG: 0 : 3.152694e-05
PCG: 1 : 2.508972e-05 / 7.958183e-01
PCG: 2 : 2.450245e-05 / 7.771909e-01
PCG: 0 : 2.450245e-05
PCG: 1 : 2.476436e-05 / 1.010689e+00
PCG: 2 : 3.073145e-05 / 1.254219e+00
PCG: 0 : 3.073144e-05
PCG: 1 : 2.445759e-05 / 7.958491e-01
PCG: 2 : 2.388493e-05 / 7.772148e-01
PCG: 0 : 2.388493e-05
PCG: 1 : 2.414017e-05 / 1.010686e+00
PCG: 2 : 2.995556e-05 / 1.254162e+00
PCG: 0 : 2.995556e-05
PCG: 1 : 2.384092e-05 / 7.958763e-01
PCG: 2 : 2.328254e-05 / 7.772359e-01
PCG: 0 : 2.328254e-05
PCG: 1 : 2.353169e-05 / 1.010701e+00
PCG: 2 : 2.919932e-05 / 1.254129e+00
PCG: 0 : 2.919932e-05
PCG: 1 : 2.323988e-05 / 7.959048e-01
PCG: 2 : 2.269522e-05 / 7.772516e-01
PCG: 0 : 2.269521e-05
PCG: 1 : 2.293866e-05 / 1.010727e+00
PCG: 2 : 2.846287e-05 / 1.254135e+00
PCG: 0 : 2.846287e-05
PCG: 1 : 2.265414e-05 / 7.959192e-01
PCG: 2 : 2.212253e-05 / 7.772419e-01
PCG: 0 : 2.212253e-05
PCG: 1 : 2.236039e-05 / 1.010752e+00
PCG: 2 : 2.774517e-05 / 1.254159e+00
PCG: 0 : 2.774517e-05
PCG: 1 : 2.208313e-05 / 7.959270e-01
PCG: 2 : 2.156440e-05 / 7.772309e-01
PCG: 0 : 2.156440e-05
PCG: 1 : 2.179696e-05 / 1.010784e+00
PCG: 2 : 2.704539e-05 / 1.254168e+00
PCG: 0 : 2.704539e-05
PCG: 1 : 2.152642e-05 / 7.959370e-01
PCG: 2 : 2.102034e-05 / 7.772245e-01
PCG: 0 : 2.102033e-05
PCG: 1 : 2.124731e-05 / 1.010798e+00
PCG: 2 : 2.636304e-05 / 1.254168e+00
PCG: 0 : 2.636304e-05
PCG: 1 : 2.098374e-05 / 7.959531e-01
PCG: 2 : 2.048983e-05 / 7.772182e-01
PCG: 0 : 2.048983e-05
PCG: 1 : 2.071166e-05 / 1.010826e+00
PCG: 2 : 2.569836e-05 / 1.254200e+00
PCG: 0 : 2.569836e-05
PCG: 1 : 2.045490e-05 / 7.959615e-01
PCG: 2 : 1.997283e-05 / 7.772024e-01
PCG: 0 : 1.997283e-05
PCG: 1 : 2.018984e-05 / 1.010866e+00
PCG: 2 : 2.505080e-05 / 1.254244e+00
PCG: 0 : 2.505080e-05
PCG: 1 : 1.993916e-05 / 7.959489e-01
PCG: 2 : 1.946861e-05 / 7.771651e-01
PCG: 0 : 1.946861e-05
PCG: 1 : 1.968075e-05 / 1.010897e+00
PCG: 2 : 2.441923e-05 / 1.254287e+00
PCG: 0 : 2.441923e-05
PCG: 1 : 1.943693e-05 / 7.959681e-01
PCG: 2 : 1.897777e-05 / 7.771649e-01
PCG: 0 : 1.897777e-05
PCG: 1 : 1.918466e-05 / 1.010902e+00
PCG: 2 : 2.380260e-05 / 1.254236e+00
PCG: 0 : 2.380260e-05
PCG: 1 : 1.894688e-05 / 7.960008e-01
PCG: 2 : 1.849920e-05 / 7.771926e-01
PCG: 0 : 1.849920e-05
PCG: 1 : 1.870124e-05 / 1.010921e+00
PCG: 2 : 2.320220e-05 / 1.254227e+00
PCG: 0 : 2.320220e-05
PCG: 1 : 1.846926e-05 / 7.960131e-01
PCG: 2 : 1.803268e-05 / 7.771971e-01
PCG: 0 : 1.803268e-05
PCG: 1 : 1.822984e-05 / 1.010933e+00
PCG: 2 : 2.261660e-05 / 1.254200e+00
PCG: 0 : 2.261659e-05
PCG: 1 : 1.800367e-05 / 7.960380e-01
PCG: 2 : 1.757802e-05 / 7.772177e-01
PCG: 0 : 1.757802e-05
PCG: 1 : 1.777042e-05 / 1.010946e+00
PCG: 2 : 2.204605e-05 / 1.254183e+00
PCG: 0 : 2.204605e-05
PCG: 1 : 1.754987e-05 / 7.960551e-01
PCG: 2 : 1.713457e-05 / 7.772173e-01
PCG: 0 : 1.713457e-05
PCG: 1 : 1.732228e-05 / 1.010955e+00
PCG: 2 : 2.148993e-05 / 1.254186e+00
PCG: 0 : 2.148994e-05
PCG: 1 : 1.710749e-05 / 7.960697e-01
PCG: 2 : 1.670254e-05 / 7.772262e-01
PCG: 0 : 1.670254e-05
PCG: 1 : 1.688577e-05 / 1.010970e+00
PCG: 2 : 2.094780e-05 / 1.254168e+00
PCG: 0 : 2.094779e-05
PCG: 1 : 1.667637e-05 / 7.960920e-01
PCG: 2 : 1.628138e-05 / 7.772360e-01
PCG: 0 : 1.628138e-05
PCG: 1 : 1.646027e-05 / 1.010987e+00
PCG: 2 : 2.041941e-05 / 1.254158e+00
PCG: 0 : 2.041942e-05
PCG: 1 : 1.625576e-05 / 7.960932e-01
PCG: 2 : 1.587039e-05 / 7.772206e-01
PCG: 0 : 1.587039e-05
PCG: 1 : 1.604512e-05 / 1.011009e+00
PCG: 2 : 1.990464e-05 / 1.254200e+00
PCG: 0 : 1.990464e-05
PCG: 1 : 1.584602e-05 / 7.960967e-01
PCG: 2 : 1.546986e-05 / 7.771986e-01
PCG: 0 : 1.546986e-05
PCG: 1 : 1.564072e-05 / 1.011045e+00
PCG: 2 : 1.940324e-05 / 1.254261e+00
PCG: 0 : 1.940324e-05
PCG: 1 : 1.544657e-05 / 7.960820e-01
PCG: 2 : 1.507952e-05 / 7.771651e-01
PCG: 0 : 1.507952e-05
PCG: 1 : 1.524639e-05 / 1.011066e+00
PCG: 2 : 1.891400e-05 / 1.254284e+00
PCG: 0 : 1.891400e-05
PCG: 1 : 1.505725e-05 / 7.960898e-01
PCG: 2 : 1.469921e-05 / 7.771601e-01
PCG: 0 : 1.469921e-05
PCG: 1 : 1.486206e-05 / 1.011079e+00
PCG: 2 : 1.843689e-05 / 1.254278e+00
PCG: 0 : 1.843689e-05
PCG: 1 : 1.467770e-05 / 7.961050e-01
PCG: 2 : 1.432845e-05 / 7.771617e-01
PCG: 0 : 1.432845e-05
PCG: 1 : 1.448731e-05 / 1.011088e+00
PCG: 2 : 1.797159e-05 / 1.254260e+00
PCG: 0 : 1.797159e-05
PCG: 1 : 1.430753e-05 / 7.961193e-01
PCG: 2 : 1.396691e-05 / 7.771659e-01
PCG: 0 : 1.396691e-05
PCG: 1 : 1.412197e-05 / 1.011102e+00
PCG: 2 : 1.751834e-05 / 1.254275e+00
PCG: 0 : 1.751834e-05
PCG: 1 : 1.394700e-05 / 7.961369e-01
PCG: 2 : 1.361475e-05 / 7.771709e-01
PCG: 0 : 1.361475e-05
PCG: 1 : 1.376626e-05 / 1.011129e+00
PCG: 2 : 1.707668e-05 / 1.254278e+00
PCG: 0 : 1.707668e-05
PCG: 1 : 1.359541e-05 / 7.961391e-01
PCG: 2 : 1.327147e-05 / 7.771691e-01
PCG: 0 : 1.327147e-05
PCG: 1 : 1.341915e-05 / 1.011128e+00
PCG: 2 : 1.664555e-05 / 1.254236e+00
PCG: 0 : 1.664556e-05
PCG: 1 : 1.325281e-05 / 7.961771e-01
PCG: 2 : 1.293688e-05 / 7.771974e-01
PCG: 0 : 1.293688e-05
PCG: 1 : 1.308101e-05 / 1.011141e+00
PCG: 2 : 1.622578e-05 / 1.254227e+00
PCG: 0 : 1.622578e-05
PCG: 1 : 1.291848e-05 / 7.961696e-01
PCG: 2 : 1.261027e-05 / 7.771750e-01
PCG: 0 : 1.261027e-05
PCG: 1 : 1.275108e-05 / 1.011166e+00
PCG: 2 : 1.581684e-05 / 1.254282e+00
PCG: 0 : 1.581684e-05
PCG: 1 : 1.259289e-05 / 7.961700e-01
PCG: 2 : 1.229238e-05 / 7.771702e-01
PCG: 0 : 1.229238e-05
PCG: 1 : 1.242951e-05 / 1.011156e+00
PCG: 2 : 1.541765e-05 / 1.254245e+00
PCG: 0 : 1.541765e-05
PCG: 1 : 1.227536e-05 / 7.961892e-01
PCG: 2 : 1.198231e-05 / 7.771814e-01
PCG: 0 : 1.198231e-05
PCG: 1 : 1.211633e-05 / 1.011185e+00
PCG: 2 : 1.502908e-05 / 1.254273e+00
PCG: 0 : 1.502908e-05
PCG: 1 : 1.196575e-05 / 7.961735e-01
PCG: 2 : 1.167973e-05 / 7.771423e-01
PCG: 0 : 1.167973e-05
PCG: 1 : 1.181082e-05 / 1.011223e+00
PCG: 2 : 1.465056e-05 / 1.254357e+00
PCG: 0 : 1.465056e-05
PCG: 1 : 1.166436e-05 / 7.961720e-01
PCG: 2 : 1.138525e-05 / 7.771205e-01
PCG: 0 : 1.138525e-05
PCG: 1 : 1.151317e-05 / 1.011236e+00
PCG: 2 : 1.428081e-05 / 1.254326e+00
PCG: 0 : 1.428081e-05
PCG: 1 : 1.137025e-05 / 7.961909e-01
PCG: 2 : 1.109801e-05 / 7.771278e-01
PCG: 0 : 1.109801e-05
PCG: 1 : 1.122289e-05 / 1.011252e+00
PCG: 2 : 1.392068e-05 / 1.254340e+00
PCG: 0 : 1.392068e-05
PCG: 1 : 1.108361e-05 / 7.961977e-01
PCG: 2 : 1.081810e-05 / 7.771245e-01
PCG: 0 : 1.081810e-05
PCG: 1 : 1.093985e-05 / 1.011254e+00
PCG: 2 : 1.356943e-05 / 1.254327e+00
PCG: 0 : 1.356943e-05
PCG: 1 : 1.080426e-05 / 7.962202e-01
PCG: 2 : 1.054537e-05 / 7.771417e-01
PCG: 0 : 1.054537e-05
PCG: 1 : 1.066408e-05 / 1.011256e+00
PCG: 2 : 1.322703e-05 / 1.254297e+00
PCG: 0 : 1.322703e-05
PCG: 1 : 1.053183e-05 / 7.962356e-01
PCG: 2 : 1.027942e-05 / 7.771529e-01
PCG: 0 : 1.027942e-05
PCG: 1 : 1.039535e-05 / 1.011277e+00
PCG: 2 : 1.289348e-05 / 1.254300e+00
PCG: 0 : 1.289348e-05
PCG: 1 : 1.026635e-05 / 7.962438e-01
PCG: 2 : 1.002019e-05 / 7.771518e-01
PCG: 0 : 1.002019e-05
PCG: 1 : 1.013336e-05 / 1.011295e+00
PCG: 2 : 1.256833e-05 / 1.254301e+00
PCG: 0 : 1.256833e-05
PCG: 1 : 1.000755e-05 / 7.962512e-01
PCG: 2 : 9.767478e-06 / 7.771499e-01
PCG: 0 : 9.767478e-06
PCG: 1 : 9.877833e-06 / 1.011298e+00
PCG: 2 : 1.225116e-05 / 1.254281e+00
PCG: 0 : 1.225116e-05
PCG: 1 : 9.755277e-06 / 7.962735e-01
PCG: 2 : 9.521214e-06 / 7.771682e-01
PCG: 0 : 9.521214e-06
PCG: 1 : 9.628927e-06 / 1.011313e+00
PCG: 2 : 1.194211e-05 / 1.254263e+00
PCG: 0 : 1.194211e-05
PCG: 1 : 9.509412e-06 / 7.962927e-01
PCG: 2 : 9.281084e-06 / 7.771732e-01
PCG: 0 : 9.281083e-06
PCG: 1 : 9.386144e-06 / 1.011320e+00
PCG: 2 : 1.164098e-05 / 1.254270e+00
PCG: 0 : 1.164098e-05
PCG: 1 : 9.269690e-06 / 7.962979e-01
PCG: 2 : 9.047011e-06 / 7.771690e-01
PCG: 0 : 9.047011e-06
PCG: 1 : 9.149514e-06 / 1.011330e+00
PCG: 2 : 1.134734e-05 / 1.254264e+00
PCG: 0 : 1.134734e-05
PCG: 1 : 9.035821e-06 / 7.962944e-01
PCG: 2 : 8.818641e-06 / 7.771551e-01
PCG: 0 : 8.818641e-06
PCG: 1 : 8.918822e-06 / 1.011360e+00
PCG: 2 : 1.106150e-05 / 1.254332e+00
PCG: 0 : 1.106151e-05
PCG: 1 : 8.808161e-06 / 7.962895e-01
PCG: 2 : 8.596348e-06 / 7.771409e-01
PCG: 0 : 8.596349e-06
PCG: 1 : 8.693979e-06 / 1.011357e+00
PCG: 2 : 1.078232e-05 / 1.254291e+00
PCG: 0 : 1.078232e-05
PCG: 1 : 8.586035e-06 / 7.963069e-01
PCG: 2 : 8.379511e-06 / 7.771530e-01
PCG: 0 : 8.379510e-06
PCG: 1 : 8.474777e-06 / 1.011369e+00
PCG: 2 : 1.051048e-05 / 1.254307e+00
PCG: 0 : 1.051048e-05
PCG: 1 : 8.369644e-06 / 7.963142e-01
PCG: 2 : 8.168141e-06 / 7.771426e-01
PCG: 0 : 8.168141e-06
PCG: 1 : 8.261059e-06 / 1.011376e+00
PCG: 2 : 1.024535e-05 / 1.254306e+00
PCG: 0 : 1.024535e-05
PCG: 1 : 8.158535e-06 / 7.963158e-01
PCG: 2 : 7.962113e-06 / 7.771441e-01
PCG: 0 : 7.962114e-06
PCG: 1 : 8.052878e-06 / 1.011400e+00
PCG: 2 : 9.987072e-06 / 1.254324e+00
PCG: 0 : 9.987073e-06
PCG: 1 : 7.952978e-06 / 7.963272e-01
PCG: 2 : 7.761371e-06 / 7.771417e-01
PCG: 0 : 7.761370e-06
PCG: 1 : 7.849875e-06 / 1.011403e+00
PCG: 2 : 9.735119e-06 / 1.254304e+00
PCG: 0 : 9.735118e-06
PCG: 1 : 7.752383e-06 / 7.963317e-01
PCG: 2 : 7.565586e-06 / 7.771437e-01
PCG: 0 : 7.565585e-06
PCG: 1 : 7.651865e-06 / 1.011404e+00
PCG: 2 : 9.489566e-06 / 1.254307e+00
PCG: 0 : 9.489566e-06
PCG: 1 : 7.557000e-06 / 7.963483e-01
PCG: 2 : 7.374873e-06 / 7.771560e-01
PCG: 0 : 7.374872e-06
PCG: 1 : 7.459074e-06 / 1.011417e+00
PCG: 2 : 9.250271e-06 / 1.254296e+00
PCG: 0 : 9.250270e-06
PCG: 1 : 7.366437e-06 / 7.963483e-01
PCG: 2 : 7.188759e-06 / 7.771405e-01
PCG: 0 : 7.188759e-06
PCG: 1 : 7.270941e-06 / 1.011432e+00
PCG: 2 : 9.017072e-06 / 1.254329e+00
PCG: 0 : 9.017071e-06
PCG: 1 : 7.180771e-06 / 7.963529e-01
PCG: 2 : 7.007544e-06 / 7.771419e-01
PCG: 0 : 7.007544e-06
PCG: 1 : 7.087724e-06 / 1.011442e+00
PCG: 2 : 8.789581e-06 / 1.254303e+00
PCG: 0 : 8.789581e-06
PCG: 1 : 6.999647e-06 / 7.963574e-01
PCG: 2 : 6.830720e-06 / 7.771384e-01
PCG: 0 : 6.830719e-06
PCG: 1 : 6.908951e-06 / 1.011453e+00
PCG: 2 : 8.568016e-06 / 1.254336e+00
PCG: 0 : 8.568016e-06
PCG: 1 : 6.823242e-06 / 7.963620e-01
PCG: 2 : 6.658437e-06 / 7.771271e-01
PCG: 0 : 6.658438e-06
PCG: 1 : 6.734785e-06 / 1.011466e+00
PCG: 2 : 8.351958e-06 / 1.254342e+00
PCG: 0 : 8.351958e-06
PCG: 1 : 6.651210e-06 / 7.963654e-01
PCG: 2 : 6.490502e-06 / 7.771234e-01
PCG: 0 : 6.490502e-06
PCG: 1 : 6.564967e-06 / 1.011473e+00
PCG: 2 : 8.141313e-06 / 1.254343e+00
PCG: 0 : 8.141312e-06
PCG: 1 : 6.483499e-06 / 7.963703e-01
PCG: 2 : 6.326809e-06 / 7.771240e-01
PCG: 0 : 6.326809e-06
PCG: 1 : 6.399448e-06 / 1.011481e+00
PCG: 2 : 7.936005e-06 / 1.254346e+00
PCG: 0 : 7.936004e-06
PCG: 1 : 6.320070e-06 / 7.963794e-01
PCG: 2 : 6.167247e-06 / 7.771224e-01
PCG: 0 : 6.167247e-06
PCG: 1 : 6.238171e-06 / 1.011500e+00
PCG: 2 : 7.735927e-06 / 1.254357e+00
PCG: 0 : 7.735926e-06
PCG: 1 : 6.160757e-06 / 7.963825e-01
PCG: 2 : 6.011772e-06 / 7.771237e-01
PCG: 0 : 6.011772e-06
PCG: 1 : 6.080912e-06 / 1.011501e+00
PCG: 2 : 7.540756e-06 / 1.254332e+00
PCG: 0 : 7.540755e-06
PCG: 1 : 6.005414e-06 / 7.963943e-01
PCG: 2 : 5.860102e-06 / 7.771240e-01
PCG: 0 : 5.860102e-06
PCG: 1 : 5.927569e-06 / 1.011513e+00
PCG: 2 : 7.350614e-06 / 1.254349e+00
PCG: 0 : 7.350614e-06
PCG: 1 : 5.854006e-06 / 7.963969e-01
PCG: 2 : 5.712288e-06 / 7.771171e-01
PCG: 0 : 5.712288e-06
PCG: 1 : 5.778113e-06 / 1.011523e+00
PCG: 2 : 7.165255e-06 / 1.254358e+00
PCG: 0 : 7.165255e-06
PCG: 1 : 5.706463e-06 / 7.964076e-01
PCG: 2 : 5.568303e-06 / 7.771256e-01
PCG: 0 : 5.568304e-06
PCG: 1 : 5.632426e-06 / 1.011515e+00
PCG: 2 : 6.984437e-06 / 1.254321e+00
PCG: 0 : 6.984437e-06
PCG: 1 : 5.562570e-06 / 7.964234e-01
PCG: 2 : 5.427916e-06 / 7.771443e-01
PCG: 0 : 5.427916e-06
PCG: 1 : 5.490500e-06 / 1.011530e+00
PCG: 2 : 6.808300e-06 / 1.254312e+00
PCG: 0 : 6.808300e-06
PCG: 1 : 5.422372e-06 / 7.964355e-01
PCG: 2 : 5.291030e-06 / 7.771441e-01
PCG: 0 : 5.291030e-06
PCG: 1 : 5.352101e-06 / 1.011542e+00
PCG: 2 : 6.636572e-06 / 1.254306e+00
PCG: 0 : 6.636572e-06
PCG: 1 : 5.285629e-06 / 7.964396e-01
PCG: 2 : 5.157518e-06 / 7.771358e-01
PCG: 0 : 5.157518e-06
PCG: 1 : 5.217072e-06 / 1.011547e+00
PCG: 2 : 6.469204e-06 / 1.254325e+00
PCG: 0 : 6.469204e-06
PCG: 1 : 5.152335e-06 / 7.964404e-01
PCG: 2 : 5.027455e-06 / 7.771366e-01
PCG: 0 : 5.027455e-06
PCG: 1 : 5.085607e-06 / 1.011567e+00
PCG: 2 : 6.306223e-06 / 1.254357e+00
PCG: 0 : 6.306223e-06
PCG: 1 : 5.022426e-06 / 7.964237e-01
PCG: 2 : 4.900552e-06 / 7.770978e-01
PCG: 0 : 4.900552e-06
PCG: 1 : 4.957405e-06 / 1.011601e+00
PCG: 2 : 6.147399e-06 / 1.254430e+00
PCG: 0 : 6.147400e-06
PCG: 1 : 4.895877e-06 / 7.964143e-01
PCG: 2 : 4.776963e-06 / 7.770705e-01
PCG: 0 : 4.776963e-06
PCG: 1 : 4.832364e-06 / 1.011598e+00
PCG: 2 : 5.992215e-06 / 1.254398e+00
PCG: 0 : 5.992215e-06
PCG: 1 : 4.772378e-06 / 7.964297e-01
PCG: 2 : 4.656507e-06 / 7.770928e-01
PCG: 0 : 4.656507e-06
PCG: 1 : 4.710545e-06 / 1.011605e+00
PCG: 2 : 5.841132e-06 / 1.254402e+00
PCG: 0 : 5.841132e-06
PCG: 1 : 4.652076e-06 / 7.964340e-01
PCG: 2 : 4.539104e-06 / 7.770932e-01
PCG: 0 : 4.539103e-06
PCG: 1 : 4.591817e-06 / 1.011613e+00
PCG: 2 : 5.693929e-06 / 1.254417e+00
PCG: 0 : 5.693928e-06
PCG: 1 : 4.534716e-06 / 7.964126e-01
PCG: 2 : 4.424493e-06 / 7.770545e-01
PCG: 0 : 4.424493e-06
PCG: 1 : 4.475922e-06 / 1.011624e+00
PCG: 2 : 5.550376e-06 / 1.254466e+00
PCG: 0 : 5.550376e-06
PCG: 1 : 4.420460e-06 / 7.964253e-01
PCG: 2 : 4.313004e-06 / 7.770651e-01
PCG: 0 : 4.313003e-06
PCG: 1 : 4.363144e-06 / 1.011626e+00
PCG: 2 : 5.410355e-06 / 1.254429e+00
PCG: 0 : 5.410355e-06
PCG: 1 : 4.309029e-06 / 7.964411e-01
PCG: 2 : 4.204273e-06 / 7.770789e-01
PCG: 0 : 4.204273e-06
PCG: 1 : 4.253118e-06 / 1.011618e+00
PCG: 2 : 5.273829e-06 / 1.254397e+00
PCG: 0 : 5.273829e-06
PCG: 1 : 4.200385e-06 / 7.964584e-01
PCG: 2 : 4.098304e-06 / 7.771022e-01
PCG: 0 : 4.098304e-06
PCG: 1 : 4.145959e-06 / 1.011628e+00
PCG: 2 : 5.140793e-06 / 1.254371e+00
PCG: 0 : 5.140793e-06
PCG: 1 : 4.094457e-06 / 7.964641e-01
PCG: 2 : 3.994927e-06 / 7.771032e-01
PCG: 0 : 3.994927e-06
PCG: 1 : 4.041396e-06 / 1.011632e+00
PCG: 2 : 5.011162e-06 / 1.254381e+00
PCG: 0 : 5.011162e-06
PCG: 1 : 3.991253e-06 / 7.964726e-01
PCG: 2 : 3.894183e-06 / 7.771017e-01
PCG: 0 : 3.894182e-06
PCG: 1 : 3.939537e-06 / 1.011647e+00
PCG: 2 : 4.884828e-06 / 1.254391e+00
PCG: 0 : 4.884828e-06
PCG: 1 : 3.890606e-06 / 7.964673e-01
PCG: 2 : 3.795953e-06 / 7.770903e-01
PCG: 0 : 3.795953e-06
PCG: 1 : 3.840203e-06 / 1.011657e+00
PCG: 2 : 4.761686e-06 / 1.254411e+00
PCG: 0 : 4.761687e-06
PCG: 1 : 3.792521e-06 / 7.964658e-01
PCG: 2 : 3.700221e-06 / 7.770821e-01
PCG: 0 : 3.700221e-06
PCG: 1 : 3.743368e-06 / 1.011660e+00
PCG: 2 : 4.641558e-06 / 1.254400e+00
PCG: 0 : 4.641558e-06
PCG: 1 : 3.696860e-06 / 7.964696e-01
PCG: 2 : 3.606848e-06 / 7.770771e-01
PCG: 0 : 3.606848e-06
PCG: 1 : 3.648985e-06 / 1.011682e+00
PCG: 2 : 4.524592e-06 / 1.254445e+00
PCG: 0 : 4.524591e-06
PCG: 1 : 3.603678e-06 / 7.964649e-01
PCG: 2 : 3.515901e-06 / 7.770650e-01
PCG: 0 : 3.515901e-06
PCG: 1 : 3.556951e-06 / 1.011675e+00
PCG: 2 : 4.410446e-06 / 1.254428e+00
PCG: 0 : 4.410446e-06
PCG: 1 : 3.512881e-06 / 7.964911e-01
PCG: 2 : 3.427290e-06 / 7.770846e-01
PCG: 0 : 3.427290e-06
PCG: 1 : 3.467359e-06 / 1.011691e+00
PCG: 2 : 4.299225e-06 / 1.254410e+00
PCG: 0 : 4.299226e-06
PCG: 1 : 3.424259e-06 / 7.964827e-01
PCG: 2 : 3.340833e-06 / 7.770777e-01
PCG: 0 : 3.340832e-06
PCG: 1 : 3.379913e-06 / 1.011698e+00
PCG: 2 : 4.190854e-06 / 1.254434e+00
PCG: 0 : 4.190854e-06
PCG: 1 : 3.337954e-06 / 7.964854e-01
PCG: 2 : 3.256588e-06 / 7.770704e-01
PCG: 0 : 3.256588e-06
PCG: 1 : 3.294663e-06 / 1.011692e+00
PCG: 2 : 4.085080e-06 / 1.254405e+00
PCG: 0 : 4.085080e-06
PCG: 1 : 3.253806e-06 / 7.965097e-01
PCG: 2 : 3.174544e-06 / 7.771069e-01
PCG: 0 : 3.174545e-06
PCG: 1 : 3.211611e-06 / 1.011676e+00
PCG: 2 : 3.981955e-06 / 1.254339e+00
PCG: 0 : 3.981955e-06
PCG: 1 : 3.171736e-06 / 7.965274e-01
PCG: 2 : 3.094493e-06 / 7.771291e-01
PCG: 0 : 3.094493e-06
PCG: 1 : 3.130651e-06 / 1.011685e+00
PCG: 2 : 3.881577e-06 / 1.254350e+00
PCG: 0 : 3.881577e-06
PCG: 1 : 3.091812e-06 / 7.965351e-01
PCG: 2 : 3.016512e-06 / 7.771356e-01
PCG: 0 : 3.016512e-06
PCG: 1 : 3.051736e-06 / 1.011677e+00
PCG: 2 : 3.783648e-06 / 1.254312e+00
PCG: 0 : 3.783648e-06
PCG: 1 : 3.013844e-06 / 7.965444e-01
PCG: 2 : 2.940438e-06 / 7.771436e-01
PCG: 0 : 2.940437e-06
PCG: 1 : 2.974716e-06 / 1.011658e+00
PCG: 2 : 3.688169e-06 / 1.254293e+00
PCG: 0 : 3.688169e-06
PCG: 1 : 2.937877e-06 / 7.965679e-01
PCG: 2 : 2.866360e-06 / 7.771770e-01
PCG: 0 : 2.866360e-06
PCG: 1 : 2.899783e-06 / 1.011660e+00
PCG: 2 : 3.595103e-06 / 1.254240e+00
PCG: 0 : 3.595103e-06
PCG: 1 : 2.863771e-06 / 7.965757e-01
PCG: 2 : 2.794050e-06 / 7.771821e-01
PCG: 0 : 2.794050e-06
PCG: 1 : 2.826672e-06 / 1.011675e+00
PCG: 2 : 3.504456e-06 / 1.254257e+00
PCG: 0 : 3.504456e-06
PCG: 1 : 2.791613e-06 / 7.965896e-01
PCG: 2 : 2.723627e-06 / 7.771895e-01
PCG: 0 : 2.723627e-06
PCG: 1 : 2.755419e-06 / 1.011673e+00
PCG: 2 : 3.416055e-06 / 1.254230e+00
PCG: 0 : 3.416055e-06
PCG: 1 : 2.721190e-06 / 7.965884e-01
PCG: 2 : 2.654894e-06 / 7.771813e-01
PCG: 0 : 2.654893e-06
PCG: 1 : 2.685935e-06 / 1.011692e+00
PCG: 2 : 3.329966e-06 / 1.254275e+00
PCG: 0 : 3.329967e-06
PCG: 1 : 2.652618e-06 / 7.965900e-01
PCG: 2 : 2.587968e-06 / 7.771753e-01
PCG: 0 : 2.587967e-06
PCG: 1 : 2.618231e-06 / 1.011694e+00
PCG: 2 : 3.245995e-06 / 1.254264e+00
PCG: 0 : 3.245994e-06
PCG: 1 : 2.585716e-06 / 7.965866e-01
PCG: 2 : 2.522651e-06 / 7.771583e-01
PCG: 0 : 2.522651e-06
PCG: 1 : 2.552199e-06 / 1.011713e+00
PCG: 2 : 3.164167e-06 / 1.254302e+00
PCG: 0 : 3.164167e-06
PCG: 1 : 2.520532e-06 / 7.965863e-01
PCG: 2 : 2.459040e-06 / 7.771525e-01
PCG: 0 : 2.459040e-06
PCG: 1 : 2.487869e-06 / 1.011723e+00
PCG: 2 : 3.084369e-06 / 1.254298e+00
PCG: 0 : 3.084369e-06
PCG: 1 : 2.457018e-06 / 7.966032e-01
PCG: 2 : 2.397084e-06 / 7.771714e-01
PCG: 0 : 2.397083e-06
PCG: 1 : 2.425161e-06 / 1.011714e+00
PCG: 2 : 3.006538e-06 / 1.254248e+00
PCG: 0 : 3.006538e-06
PCG: 1 : 2.395045e-06 / 7.966120e-01
PCG: 2 : 2.336625e-06 / 7.771813e-01
PCG: 0 : 2.336625e-06
PCG: 1 : 2.364021e-06 / 1.011725e+00
PCG: 2 : 2.930728e-06 / 1.254257e+00
PCG: 0 : 2.930728e-06
PCG: 1 : 2.334661e-06 / 7.966148e-01
PCG: 2 : 2.277695e-06 / 7.771772e-01
PCG: 0 : 2.277695e-06
PCG: 1 : 2.304411e-06 / 1.011729e+00
PCG: 2 : 2.856861e-06 / 1.254277e+00
PCG: 0 : 2.856860e-06
PCG: 1 : 2.275801e-06 / 7.966092e-01
PCG: 2 : 2.220268e-06 / 7.771705e-01
PCG: 0 : 2.220268e-06
PCG: 1 : 2.246297e-06 / 1.011724e+00
PCG: 2 : 2.784783e-06 / 1.254255e+00
PCG: 0 : 2.784783e-06
PCG: 1 : 2.218419e-06 / 7.966221e-01
PCG: 2 : 2.164281e-06 / 7.771811e-01
PCG: 0 : 2.164280e-06
PCG: 1 : 2.189676e-06 / 1.011734e+00
PCG: 2 : 2.714563e-06 / 1.254257e+00
PCG: 0 : 2.714563e-06
PCG: 1 : 2.162488e-06 / 7.966246e-01
PCG: 2 : 2.109721e-06 / 7.771861e-01
PCG: 0 : 2.109721e-06
PCG: 1 : 2.134450e-06 / 1.011722e+00
PCG: 2 : 2.646108e-06 / 1.254245e+00
PCG: 0 : 2.646108e-06
PCG: 1 : 2.107945e-06 / 7.966208e-01
PCG: 2 : 2.056499e-06 / 7.771788e-01
PCG: 0 : 2.056498e-06
PCG: 1 : 2.080638e-06 / 1.011738e+00
PCG: 2 : 2.579418e-06 / 1.254277e+00
PCG: 0 : 2.579418e-06
PCG: 1 : 2.054802e-06 / 7.966147e-01
PCG: 2 : 2.004638e-06 / 7.771670e-01
PCG: 0 : 2.004638e-06
PCG: 1 : 2.028160e-06 / 1.011734e+00
PCG: 2 : 2.514353e-06 / 1.254268e+00
PCG: 0 : 2.514353e-06
PCG: 1 : 2.002994e-06 / 7.966240e-01
PCG: 2 : 1.954092e-06 / 7.771748e-01
PCG: 0 : 1.954092e-06
PCG: 1 : 1.977013e-06 / 1.011730e+00
PCG: 2 : 2.450933e-06 / 1.254257e+00
PCG: 0 : 2.450933e-06
PCG: 1 : 1.952498e-06 / 7.966347e-01
PCG: 2 : 1.904833e-06 / 7.771869e-01
PCG: 0 : 1.904833e-06
PCG: 1 : 1.927188e-06 / 1.011736e+00
PCG: 2 : 2.389110e-06 / 1.254236e+00
PCG: 0 : 2.389110e-06
PCG: 1 : 1.903251e-06 / 7.966360e-01
PCG: 2 : 1.856792e-06 / 7.771897e-01
PCG: 0 : 1.856791e-06
PCG: 1 : 1.878616e-06 / 1.011754e+00
PCG: 2 : 2.328921e-06 / 1.254272e+00
PCG: 0 : 2.328921e-06
PCG: 1 : 1.855277e-06 / 7.966251e-01
PCG: 2 : 1.809963e-06 / 7.771680e-01
PCG: 0 : 1.809963e-06
PCG: 1 : 1.831226e-06 / 1.011748e+00
PCG: 2 : 2.270184e-06 / 1.254271e+00
PCG: 0 : 2.270184e-06
PCG: 1 : 1.808499e-06 / 7.966311e-01
PCG: 2 : 1.764315e-06 / 7.771683e-01
PCG: 0 : 1.764315e-06
PCG: 1 : 1.785052e-06 / 1.011753e+00
PCG: 2 : 2.212946e-06 / 1.254280e+00
PCG: 0 : 2.212946e-06
PCG: 1 : 1.762926e-06 / 7.966422e-01
PCG: 2 : 1.719852e-06 / 7.771777e-01
PCG: 0 : 1.719852e-06
PCG: 1 : 1.740075e-06 / 1.011759e+00
PCG: 2 : 2.157121e-06 / 1.254248e+00
PCG: 0 : 2.157121e-06
PCG: 1 : 1.718451e-06 / 7.966408e-01
PCG: 2 : 1.676474e-06 / 7.771811e-01
PCG: 0 : 1.676474e-06
PCG: 1 : 1.696174e-06 / 1.011751e+00
PCG: 2 : 2.102716e-06 / 1.254249e+00
PCG: 0 : 2.102715e-06
PCG: 1 : 1.675120e-06 / 7.966459e-01
PCG: 2 : 1.634195e-06 / 7.771831e-01
PCG: 0 : 1.634195e-06
PCG: 1 : 1.653411e-06 / 1.011759e+00
PCG: 2 : 2.049716e-06 / 1.254267e+00
PCG: 0 : 2.049716e-06
PCG: 1 : 1.632878e-06 / 7.966363e-01
PCG: 2 : 1.592984e-06 / 7.771733e-01
PCG: 0 : 1.592984e-06
PCG: 1 : 1.611736e-06 / 1.011772e+00
PCG: 2 : 1.998038e-06 / 1.254273e+00
PCG: 0 : 1.998038e-06
PCG: 1 : 1.591707e-06 / 7.966352e-01
PCG: 2 : 1.552810e-06 / 7.771674e-01
PCG: 0 : 1.552810e-06
PCG: 1 : 1.571071e-06 / 1.011760e+00
PCG: 2 : 1.947630e-06 / 1.254262e+00
PCG: 0 : 1.947630e-06
PCG: 1 : 1.551595e-06 / 7.966582e-01
PCG: 2 : 1.513684e-06 / 7.771925e-01
PCG: 0 : 1.513684e-06
PCG: 1 : 1.531476e-06 / 1.011754e+00
PCG: 2 : 1.898493e-06 / 1.254220e+00
PCG: 0 : 1.898493e-06
PCG: 1 : 1.512465e-06 / 7.966657e-01
PCG: 2 : 1.475517e-06 / 7.772041e-01
PCG: 0 : 1.475517e-06
PCG: 1 : 1.492868e-06 / 1.011759e+00
PCG: 2 : 1.850618e-06 / 1.254217e+00
PCG: 0 : 1.850618e-06
PCG: 1 : 1.474348e-06 / 7.966785e-01
PCG: 2 : 1.438326e-06 / 7.772141e-01
PCG: 0 : 1.438326e-06
PCG: 1 : 1.455234e-06 / 1.011755e+00
PCG: 2 : 1.803925e-06 / 1.254184e+00
PCG: 0 : 1.803925e-06
PCG: 1 : 1.437178e-06 / 7.966950e-01
PCG: 2 : 1.402066e-06 / 7.772304e-01
PCG: 0 : 1.402066e-06
PCG: 1 : 1.418539e-06 / 1.011749e+00
PCG: 2 : 1.758428e-06 / 1.254170e+00
PCG: 0 : 1.758428e-06
PCG: 1 : 1.400941e-06 / 7.967007e-01
PCG: 2 : 1.366721e-06 / 7.772401e-01
PCG: 0 : 1.366721e-06
PCG: 1 : 1.382774e-06 / 1.011746e+00
PCG: 2 : 1.714062e-06 / 1.254142e+00
PCG: 0 : 1.714062e-06
PCG: 1 : 1.365616e-06 / 7.967130e-01
PCG: 2 : 1.332267e-06 / 7.772570e-01
PCG: 0 : 1.332267e-06
PCG: 1 : 1.347905e-06 / 1.011738e+00
PCG: 2 : 1.670819e-06 / 1.254117e+00
PCG: 0 : 1.670819e-06
PCG: 1 : 1.331188e-06 / 7.967278e-01
PCG: 2 : 1.298679e-06 / 7.772712e-01
PCG: 0 : 1.298679e-06
PCG: 1 : 1.313912e-06 / 1.011729e+00
PCG: 2 : 1.628651e-06 / 1.254083e+00
PCG: 0 : 1.628651e-06
PCG: 1 : 1.297626e-06 / 7.967489e-01
PCG: 2 : 1.265949e-06 / 7.772989e-01
PCG: 0 : 1.265949e-06
PCG: 1 : 1.280801e-06 / 1.011732e+00
PCG: 2 : 1.587577e-06 / 1.254061e+00
PCG: 0 : 1.587577e-06
PCG: 1 : 1.264907e-06 / 7.967533e-01
PCG: 2 : 1.234031e-06 / 7.773048e-01
PCG: 0 : 1.234031e-06
PCG: 1 : 1.248514e-06 / 1.011736e+00
PCG: 2 : 1.547541e-06 / 1.254053e+00
PCG: 0 : 1.547541e-06
PCG: 1 : 1.233020e-06 / 7.967610e-01
PCG: 2 : 1.202924e-06 / 7.773131e-01
PCG: 0 : 1.202924e-06
PCG: 1 : 1.217045e-06 / 1.011739e+00
PCG: 2 : 1.508524e-06 / 1.254048e+00
PCG: 0 : 1.508524e-06
PCG: 1 : 1.201920e-06 / 7.967525e-01
PCG: 2 : 1.172569e-06 / 7.772955e-01
PCG: 0 : 1.172569e-06
PCG: 1 : 1.186340e-06 / 1.011745e+00
PCG: 2 : 1.470502e-06 / 1.254086e+00
PCG: 0 : 1.470502e-06
PCG: 1 : 1.171620e-06 / 7.967480e-01
PCG: 2 : 1.143016e-06 / 7.772965e-01
PCG: 0 : 1.143016e-06
PCG: 1 : 1.156439e-06 / 1.011743e+00
PCG: 2 : 1.433429e-06 / 1.254076e+00
PCG: 0 : 1.433429e-06
PCG: 1 : 1.142082e-06 / 7.967482e-01
PCG: 2 : 1.114180e-06 / 7.772825e-01
PCG: 0 : 1.114180e-06
PCG: 1 : 1.127282e-06 / 1.011759e+00
PCG: 2 : 1.397291e-06 / 1.254098e+00
PCG: 0 : 1.397291e-06
PCG: 1 : 1.113282e-06 / 7.967430e-01
PCG: 2 : 1.086079e-06 / 7.772749e-01
PCG: 0 : 1.086079e-06
PCG: 1 : 1.098849e-06 / 1.011758e+00
PCG: 2 : 1.362082e-06 / 1.254127e+00
PCG: 0 : 1.362082e-06
PCG: 1 : 1.085210e-06 / 7.967287e-01
PCG: 2 : 1.058680e-06 / 7.772518e-01
PCG: 0 : 1.058680e-06
PCG: 1 : 1.071148e-06 / 1.011776e+00
PCG: 2 : 1.327752e-06 / 1.254157e+00
PCG: 0 : 1.327752e-06
PCG: 1 : 1.057856e-06 / 7.967274e-01
PCG: 2 : 1.031985e-06 / 7.772425e-01
PCG: 0 : 1.031985e-06
PCG: 1 : 1.044134e-06 / 1.011773e+00
PCG: 2 : 1.294268e-06 / 1.254154e+00
PCG: 0 : 1.294268e-06
PCG: 1 : 1.031183e-06 / 7.967308e-01
PCG: 2 : 1.005971e-06 / 7.772511e-01
PCG: 0 : 1.005971e-06
PCG: 1 : 1.017810e-06 / 1.011768e+00
PCG: 2 : 1.261608e-06 / 1.254120e+00
PCG: 0 : 1.261608e-06
PCG: 1 : 1.005181e-06 / 7.967460e-01
PCG: 2 : 9.806150e-07 / 7.772739e-01
PCG: 0 : 9.806150e-07
PCG: 1 : 9.921455e-07 / 1.011758e+00
PCG: 2 : 1.229776e-06 / 1.254087e+00
PCG: 0 : 1.229776e-06
PCG: 1 : 9.798379e-07 / 7.967611e-01
PCG: 2 : 9.559036e-07 / 7.772988e-01
PCG: 0 : 9.559035e-07
PCG: 1 : 9.671413e-07 / 1.011756e+00
PCG: 2 : 1.198757e-06 / 1.254056e+00
PCG: 0 : 1.198757e-06
PCG: 1 : 9.551318e-07 / 7.967685e-01
PCG: 2 : 9.317960e-07 / 7.773019e-01
PCG: 0 : 9.317960e-07
PCG: 1 : 9.427557e-07 / 1.011762e+00
PCG: 2 : 1.168534e-06 / 1.254066e+00
PCG: 0 : 1.168534e-06
PCG: 1 : 9.310459e-07 / 7.967641e-01
PCG: 2 : 9.082966e-07 / 7.772959e-01
PCG: 0 : 9.082966e-07
PCG: 1 : 9.189855e-07 / 1.011768e+00
PCG: 2 : 1.139076e-06 / 1.254079e+00
PCG: 0 : 1.139076e-06
PCG: 1 : 9.075733e-07 / 7.967631e-01
PCG: 2 : 8.853971e-07 / 7.772944e-01
PCG: 0 : 8.853971e-07
PCG: 1 : 8.958194e-07 / 1.011771e+00
PCG: 2 : 1.110354e-06 / 1.254075e+00
PCG: 0 : 1.110354e-06
PCG: 1 : 8.846981e-07 / 7.967709e-01
PCG: 2 : 8.630770e-07 / 7.772986e-01
PCG: 0 : 8.630769e-07
PCG: 1 : 8.732233e-07 / 1.011756e+00
PCG: 2 : 1.082339e-06 / 1.254047e+00
PCG: 0 : 1.082339e-06
PCG: 1 : 8.623851e-07 / 7.967792e-01
PCG: 2 : 8.413144e-07 / 7.773114e-01
PCG: 0 : 8.413144e-07
PCG: 1 : 8.512015e-07 / 1.011752e+00
PCG: 2 : 1.055028e-06 / 1.254024e+00
PCG: 0 : 1.055028e-06
PCG: 1 : 8.406433e-07 / 7.967970e-01
PCG: 2 : 8.201055e-07 / 7.773305e-01
PCG: 0 : 8.201055e-07
PCG: 1 : 8.297496e-07 / 1.011760e+00
PCG: 2 : 1.028435e-06 / 1.254028e+00
PCG: 0 : 1.028435e-06
PCG: 1 : 8.194549e-07 / 7.967979e-01
PCG: 2 : 7.994333e-07 / 7.773299e-01
PCG: 0 : 7.994333e-07
PCG: 1 : 8.088278e-07 / 1.011751e+00
PCG: 2 : 1.002492e-06 / 1.254004e+00
PCG: 0 : 1.002492e-06
PCG: 1 : 7.987907e-07 / 7.968047e-01
PCG: 2 : 7.792838e-07 / 7.773463e-01
PCG: 0 : 7.792839e-07
PCG: 1 : 7.884399e-07 / 1.011749e+00
PCG: 2 : 9.772079e-07 / 1.253982e+00
PCG: 0 : 9.772079e-07
PCG: 1 : 7.786433e-07 / 7.968041e-01
PCG: 2 : 7.596232e-07 / 7.773404e-01
PCG: 0 : 7.596233e-07
PCG: 1 : 7.685544e-07 / 1.011757e+00
PCG: 2 : 9.525742e-07 / 1.254009e+00
PCG: 0 : 9.525743e-07
PCG: 1 : 7.590095e-07 / 7.967982e-01
PCG: 2 : 7.404644e-07 / 7.773299e-01
PCG: 0 : 7.404644e-07
PCG: 1 : 7.491755e-07 / 1.011764e+00
PCG: 2 : 9.285623e-07 / 1.254027e+00
PCG: 0 : 9.285623e-07
PCG: 1 : 7.398751e-07 / 7.967965e-01
PCG: 2 : 7.217932e-07 / 7.773234e-01
PCG: 0 : 7.217932e-07
PCG: 1 : 7.302864e-07 / 1.011767e+00
PCG: 2 : 9.051475e-07 / 1.254026e+00
PCG: 0 : 9.051474e-07
PCG: 1 : 7.212106e-07 / 7.967880e-01
PCG: 2 : 7.035795e-07 / 7.773092e-01
PCG: 0 : 7.035795e-07
PCG: 1 : 7.118669e-07 / 1.011779e+00
PCG: 2 : 8.823368e-07 / 1.254068e+00
PCG: 0 : 8.823368e-07
PCG: 1 : 7.030367e-07 / 7.967895e-01
PCG: 2 : 6.858473e-07 / 7.773078e-01
PCG: 0 : 6.858473e-07
PCG: 1 : 6.939216e-07 / 1.011773e+00
PCG: 2 : 8.600797e-07 / 1.254040e+00
PCG: 0 : 8.600796e-07
PCG: 1 : 6.853088e-07 / 7.967969e-01
PCG: 2 : 6.685493e-07 / 7.773110e-01
PCG: 0 : 6.685493e-07
PCG: 1 : 6.764272e-07 / 1.011783e+00
PCG: 2 : 8.383946e-07 / 1.254050e+00
PCG: 0 : 8.383946e-07
PCG: 1 : 6.680281e-07 / 7.967944e-01
PCG: 2 : 6.516913e-07 / 7.773086e-01
PCG: 0 : 6.516913e-07
PCG: 1 : 6.593698e-07 / 1.011782e+00
PCG: 2 : 8.172502e-07 / 1.254045e+00
PCG: 0 : 8.172501e-07
PCG: 1 : 6.511910e-07 / 7.968075e-01
PCG: 2 : 6.352706e-07 / 7.773271e-01
PCG: 0 : 6.352706e-07
PCG: 1 : 6.427451e-07 / 1.011766e+00
PCG: 2 : 7.966345e-07 / 1.254008e+00
PCG: 0 : 7.966345e-07
PCG: 1 : 6.347751e-07 / 7.968211e-01
PCG: 2 : 6.192609e-07 / 7.773464e-01
PCG: 0 : 6.192609e-07
PCG: 1 : 6.265422e-07 / 1.011758e+00
PCG: 2 : 7.765269e-07 / 1.253958e+00
PCG: 0 : 7.765269e-07
PCG: 1 : 6.187696e-07 / 7.968425e-01
PCG: 2 : 6.036483e-07 / 7.773695e-01
PCG: 0 : 6.036482e-07
PCG: 1 : 6.107542e-07 / 1.011772e+00
PCG: 2 : 7.569563e-07 / 1.253969e+00
PCG: 0 : 7.569564e-07
PCG: 1 : 6.031645e-07 / 7.968286e-01
PCG: 2 : 5.884220e-07 / 7.773527e-01
PCG: 0 : 5.884221e-07
PCG: 1 : 5.953538e-07 / 1.011780e+00
PCG: 2 : 7.378809e-07 / 1.253999e+00
PCG: 0 : 7.378809e-07
PCG: 1 : 5.879641e-07 / 7.968279e-01
PCG: 2 : 5.735866e-07 / 7.773432e-01
PCG: 0 : 5.735866e-07
PCG: 1 : 5.803384e-07 / 1.011771e+00
PCG: 2 : 7.192622e-07 / 1.253973e+00
PCG: 0 : 7.192622e-07
PCG: 1 : 5.731329e-07 / 7.968345e-01
PCG: 2 : 5.591282e-07 / 7.773635e-01
PCG: 0 : 5.591282e-07
PCG: 1 : 5.657079e-07 / 1.011768e+00
PCG: 2 : 7.011175e-07 / 1.253948e+00
PCG: 0 : 7.011174e-07
PCG: 1 : 5.586804e-07 / 7.968428e-01
PCG: 2 : 5.450251e-07 / 7.773664e-01
PCG: 0 : 5.450251e-07
PCG: 1 : 5.514481e-07 / 1.011785e+00
PCG: 2 : 6.834537e-07 / 1.253986e+00
PCG: 0 : 6.834538e-07
PCG: 1 : 5.445985e-07 / 7.968330e-01
PCG: 2 : 5.312772e-07 / 7.773418e-01
PCG: 0 : 5.312772e-07
PCG: 1 : 5.375425e-07 / 1.011793e+00
PCG: 2 : 6.662206e-07 / 1.253998e+00
PCG: 0 : 6.662205e-07
PCG: 1 : 5.308676e-07 / 7.968346e-01
PCG: 2 : 5.178806e-07 / 7.773411e-01
PCG: 0 : 5.178806e-07
PCG: 1 : 5.239889e-07 / 1.011795e+00
PCG: 2 : 6.494154e-07 / 1.253987e+00
PCG: 0 : 6.494155e-07
PCG: 1 : 5.174857e-07 / 7.968484e-01
PCG: 2 : 5.048296e-07 / 7.773600e-01
PCG: 0 : 5.048296e-07
PCG: 1 : 5.107761e-07 / 1.011779e+00
PCG: 2 : 6.330322e-07 / 1.253952e+00
PCG: 0 : 6.330322e-07
PCG: 1 : 5.044387e-07 / 7.968610e-01
PCG: 2 : 4.921057e-07 / 7.773786e-01
PCG: 0 : 4.921057e-07
PCG: 1 : 4.978992e-07 / 1.011773e+00
PCG: 2 : 6.170670e-07 / 1.253932e+00
PCG: 0 : 6.170670e-07
PCG: 1 : 4.917165e-07 / 7.968609e-01
PCG: 2 : 4.796943e-07 / 7.773781e-01
PCG: 0 : 4.796943e-07
PCG: 1 : 4.853473e-07 / 1.011785e+00
PCG: 2 : 6.015153e-07 / 1.253955e+00
PCG: 0 : 6.015153e-07
PCG: 1 : 4.793194e-07 / 7.968532e-01
PCG: 2 : 4.675973e-07 / 7.773656e-01
PCG: 0 : 4.675973e-07
PCG: 1 : 4.731071e-07 / 1.011783e+00
PCG: 2 : 5.863416e-07 / 1.253946e+00
PCG: 0 : 5.863416e-07
PCG: 1 : 4.672357e-07 / 7.968661e-01
PCG: 2 : 4.558124e-07 / 7.773837e-01
PCG: 0 : 4.558124e-07
PCG: 1 : 4.611828e-07 / 1.011782e+00
PCG: 2 : 5.715569e-07 / 1.253930e+00
PCG: 0 : 5.715569e-07
PCG: 1 : 4.554548e-07 / 7.968670e-01
PCG: 2 : 4.443178e-07 / 7.773816e-01
PCG: 0 : 4.443179e-07
PCG: 1 : 4.495503e-07 / 1.011776e+00
PCG: 2 : 5.571406e-07 / 1.253923e+00
PCG: 0 : 5.571406e-07
PCG: 1 : 4.439740e-07 / 7.968796e-01
PCG: 2 : 4.331179e-07 / 7.773943e-01
PCG: 0 : 4.331179e-07
PCG: 1 : 4.382198e-07 / 1.011779e+00
PCG: 2 : 5.430899e-07 / 1.253908e+00
PCG: 0 : 5.430899e-07
PCG: 1 : 4.327778e-07 / 7.968806e-01
PCG: 2 : 4.221962e-07 / 7.773965e-01
PCG: 0 : 4.221962e-07
PCG: 1 : 4.271731e-07 / 1.011788e+00
PCG: 2 : 5.293999e-07 / 1.253919e+00
PCG: 0 : 5.293999e-07
PCG: 1 : 4.218670e-07 / 7.968776e-01
PCG: 2 : 4.115501e-07 / 7.773899e-01
PCG: 0 : 4.115501e-07
PCG: 1 : 4.163987e-07 / 1.011781e+00
PCG: 2 : 5.160489e-07 / 1.253915e+00
PCG: 0 : 5.160489e-07
PCG: 1 : 4.112278e-07 / 7.968776e-01
PCG: 2 : 4.011684e-07 / 7.773844e-01
PCG: 0 : 4.011683e-07
PCG: 1 : 4.059004e-07 / 1.011796e+00
PCG: 2 : 5.030412e-07 / 1.253941e+00
PCG: 0 : 5.030412e-07
PCG: 1 : 4.008570e-07 / 7.968671e-01
PCG: 2 : 3.910473e-07 / 7.773663e-01
PCG: 0 : 3.910473e-07
PCG: 1 : 3.956610e-07 / 1.011798e+00
PCG: 2 : 4.903616e-07 / 1.253970e+00
PCG: 0 : 4.903616e-07
PCG: 1 : 3.907550e-07 / 7.968711e-01
PCG: 2 : 3.811947e-07 / 7.773748e-01
PCG: 0 : 3.811948e-07
PCG: 1 : 3.856895e-07 / 1.011791e+00
PCG: 2 : 4.779876e-07 / 1.253920e+00
PCG: 0 : 4.779876e-07
PCG: 1 : 3.809037e-07 / 7.968905e-01
PCG: 2 : 3.715890e-07 / 7.774031e-01
PCG: 0 : 3.715890e-07
PCG: 1 : 3.759679e-07 / 1.011784e+00
PCG: 2 : 4.659333e-07 / 1.253894e+00
PCG: 0 : 4.659333e-07
PCG: 1 : 3.712995e-07 / 7.968940e-01
PCG: 2 : 3.622202e-07 / 7.774078e-01
PCG: 0 : 3.622202e-07
PCG: 1 : 3.664855e-07 / 1.011775e+00
PCG: 2 : 4.541811e-07 / 1.253881e+00
PCG: 0 : 4.541811e-07
PCG: 1 : 3.619369e-07 / 7.969000e-01
PCG: 2 : 3.530883e-07 / 7.774174e-01
PCG: 0 : 3.530883e-07
PCG: 1 : 3.572503e-07 / 1.011788e+00
PCG: 2 : 4.427380e-07 / 1.253901e+00
PCG: 0 : 4.427380e-07
PCG: 1 : 3.528040e-07 / 7.968686e-01
PCG: 2 : 3.441737e-07 / 7.773758e-01
PCG: 0 : 3.441737e-07
PCG: 1 : 3.482329e-07 / 1.011794e+00
PCG: 2 : 4.315756e-07 / 1.253947e+00
PCG: 0 : 4.315756e-07
PCG: 1 : 3.439077e-07 / 7.968653e-01
PCG: 2 : 3.354951e-07 / 7.773727e-01
PCG: 0 : 3.354951e-07
PCG: 1 : 3.394559e-07 / 1.011806e+00
PCG: 2 : 4.207013e-07 / 1.253971e+00
PCG: 0 : 4.207014e-07
PCG: 1 : 3.352400e-07 / 7.968599e-01
PCG: 2 : 3.270353e-07 / 7.773575e-01
PCG: 0 : 3.270354e-07
PCG: 1 : 3.308979e-07 / 1.011811e+00
PCG: 2 : 4.100951e-07 / 1.253978e+00
PCG: 0 : 4.100951e-07
PCG: 1 : 3.267908e-07 / 7.968659e-01
PCG: 2 : 3.187912e-07 / 7.773592e-01
PCG: 0 : 3.187912e-07
PCG: 1 : 3.225527e-07 / 1.011799e+00
PCG: 2 : 3.997493e-07 / 1.253954e+00
PCG: 0 : 3.997493e-07
PCG: 1 : 3.185518e-07 / 7.968789e-01
PCG: 2 : 3.107582e-07 / 7.773827e-01
PCG: 0 : 3.107582e-07
PCG: 1 : 3.144194e-07 / 1.011781e+00
PCG: 2 : 3.896611e-07 / 1.253905e+00
PCG: 0 : 3.896611e-07
PCG: 1 : 3.105204e-07 / 7.968987e-01
PCG: 2 : 3.029254e-07 / 7.774073e-01
PCG: 0 : 3.029253e-07
PCG: 1 : 3.064939e-07 / 1.011780e+00
PCG: 2 : 3.798336e-07 / 1.253885e+00
PCG: 0 : 3.798336e-07
PCG: 1 : 3.026855e-07 / 7.968898e-01
PCG: 2 : 2.952822e-07 / 7.773989e-01
PCG: 0 : 2.952823e-07
PCG: 1 : 2.987663e-07 / 1.011799e+00
PCG: 2 : 3.702651e-07 / 1.253936e+00
PCG: 0 : 3.702651e-07
PCG: 1 : 2.950548e-07 / 7.968746e-01
PCG: 2 : 2.878360e-07 / 7.773783e-01
PCG: 0 : 2.878360e-07
PCG: 1 : 2.912325e-07 / 1.011800e+00
PCG: 2 : 3.609275e-07 / 1.253935e+00
PCG: 0 : 3.609275e-07
PCG: 1 : 2.876165e-07 / 7.968816e-01
PCG: 2 : 2.805792e-07 / 7.773839e-01
PCG: 0 : 2.805792e-07
PCG: 1 : 2.838883e-07 / 1.011794e+00
PCG: 2 : 3.518275e-07 / 1.253933e+00
PCG: 0 : 3.518275e-07
PCG: 1 : 2.803651e-07 / 7.968824e-01
PCG: 2 : 2.735042e-07 / 7.773816e-01
PCG: 0 : 2.735042e-07
PCG: 1 : 2.767320e-07 / 1.011801e+00
PCG: 2 : 3.429575e-07 / 1.253939e+00
PCG: 0 : 3.429575e-07
PCG: 1 : 2.732955e-07 / 7.968786e-01
PCG: 2 : 2.666067e-07 / 7.773753e-01
PCG: 0 : 2.666067e-07
PCG: 1 : 2.697525e-07 / 1.011799e+00
PCG: 2 : 3.343096e-07 / 1.253943e+00
PCG: 0 : 3.343096e-07
PCG: 1 : 2.664077e-07 / 7.968893e-01
PCG: 2 : 2.598885e-07 / 7.773888e-01
PCG: 0 : 2.598885e-07
PCG: 1 : 2.629508e-07 / 1.011783e+00
PCG: 2 : 3.258710e-07 / 1.253888e+00
PCG: 0 : 3.258710e-07
PCG: 1 : 2.596871e-07 / 7.969013e-01
PCG: 2 : 2.533361e-07 / 7.774122e-01
PCG: 0 : 2.533362e-07
PCG: 1 : 2.563229e-07 / 1.011790e+00
PCG: 2 : 3.176552e-07 / 1.253888e+00

PCG ( VCycle ( S: Scale / C: Scale )  )

Complete solver TOE: 38.0613
0.076147 GFlop/s [0.076147 GFlops/s]

Total time: 38.0613s
Accumulated op time: 36.3121

Reductions: 2.11806%
Blas-1: 5.78204%
Blas-2: 87.5041%
Precon Kernels: 0%
MPI Execution: 0%
MPI Wait: 0%
Not covered: 4.59581%

Domain size: 6.62421 MByte
LA size: 21.4255 MByte
MPI size: 0.663132 MByte

H0-Error: 7.689911e-06
H1-Error: 8.068796e-03

Writing DATA to output.data...
Run-Time: 0:38.652 [0:38.652]
0xb33d39f8 Error: MemoryPool<CPU> still contains memory chunks on deconstructor call
