NUM-PROCS: 1
Preparing domain...
LVL-MIN: 2 [2]
LVL-MAX: 10 [10]
Creating gates...
Assembling system matrices...
Assembling system filters...
Assembling transfer matrices...
Converting assembled linear system from SparseMatrixCSR, Mem:main to SparseMatrixCSR, Mem:mainand to SparseMatrixCSR, Mem:main...
PCG: 0 : 9.473041e-03
PCG: 1 : 5.067857e-03 / 5.349768e-01
PCG: 2 : 3.096248e-03 / 3.268484e-01
PCG: 3 : 1.162012e-03 / 1.226651e-01
PCG: 4 : 3.277563e-04 / 3.459885e-02
PCG: 5 : 5.177800e-05 / 5.465826e-03
PCG: 6 : 5.437714e-06 / 5.740199e-04
PCG: 7 : 2.728709e-06 / 2.880500e-04
PCG: 8 : 7.881364e-07 / 8.319783e-05
PCG: 0 : 2.137520e-04
PCG: 1 : 1.697045e-04 / 7.939319e-01
PCG: 2 : 4.199639e-05 / 1.964725e-01
PCG: 3 : 5.978651e-06 / 2.797003e-02
PCG: 4 : 6.345227e-07 / 2.968500e-03
PCG: 5 : 7.594071e-08 / 3.552749e-04
PCG: 6 : 9.962577e-09 / 4.660811e-05
PCG: 7 : 1.508587e-09 / 7.057650e-06
PCG: 8 : 6.002104e-10 / 2.807976e-06
PCG: 0 : 4.315386e-08
PCG: 1 : 6.791156e-08 / 1.573708e+00
PCG: 2 : 9.743387e-09 / 2.257825e-01
PCG: 3 : 1.453231e-09 / 3.367558e-02
PCG: 4 : 2.028148e-10 / 4.699808e-03
PCG: 5 : 3.313149e-11 / 7.677526e-04
PCG: 6 : 6.044542e-12 / 1.400696e-04
PCG: 7 : 8.818757e-13 / 2.043562e-05
PCG: 8 : 2.963511e-13 / 6.867314e-06

PCG ( VCycle ( S: Scale / C: Scale )  )

Complete solver TOE: 9.56024
0.386725 GFlop/s [0.386725 GFlops/s]

Total time: 9.56024s
Accumulated op time: 9.31865

Reductions: 1.64584%
Blas-1: 5.14914%
Blas-2: 90.678%
Precon Kernels: 0%
MPI Execution: 0%
MPI Wait: 0%
Not covered: 2.527%

Domain size: 106.948 MByte
LA size: 356.564 MByte
MPI size: 10.698 MByte

H0-Error: 4.291191e-07
H1-Error: 2.017209e-03

Writing DATA to output.data...
Run-Time: 0:19.375 [0:19.375]
0xb33c99f8 Error: MemoryPool<CPU> still contains memory chunks on deconstructor call
