NUM-PROCS: 1
Preparing domain...
LVL-MIN: 1 [1]
LVL-MAX: 11 [11]
Creating gates...
Assembling system matrices...
Assembling system filters...
Assembling transfer matrices...
Converting assembled linear system from SparseMatrixCSR, Mem:main to SparseMatrixCSR, Mem:mainand to SparseMatrixCSR, Mem:main...
PCG: 0 : 4.717541e-03
PCG: 1 : 1.899671e-03 / 4.026825e-01
PCG: 2 : 7.721215e-04 / 1.636703e-01
PCG: 3 : 2.879059e-04 / 6.102880e-02
PCG: 4 : 8.597670e-05 / 1.822490e-02
PCG: 5 : 1.397779e-05 / 2.962939e-03
PCG: 6 : 1.206359e-06 / 2.557176e-04
PCG: 7 : 1.398312e-07 / 2.964070e-05
PCG: 8 : 2.196303e-08 / 4.655610e-06
PCG: 0 : 1.830946e-04
PCG: 1 : 5.246176e-05 / 2.865281e-01
PCG: 2 : 6.232887e-06 / 3.404189e-02
PCG: 3 : 1.370906e-06 / 7.487418e-03
PCG: 4 : 2.133261e-07 / 1.165114e-03
PCG: 5 : 2.248122e-08 / 1.227847e-04
PCG: 6 : 2.675145e-09 / 1.461072e-05
PCG: 7 : 3.666283e-10 / 2.002398e-06
PCG: 8 : 3.390115e-11 / 1.851564e-07
PCG: 0 : 3.258810e-07
PCG: 1 : 9.718495e-08 / 2.982222e-01
PCG: 2 : 1.337548e-08 / 4.104407e-02
PCG: 3 : 2.896672e-09 / 8.888741e-03
PCG: 4 : 6.434953e-10 / 1.974632e-03
PCG: 5 : 9.268052e-11 / 2.843999e-04
PCG: 6 : 8.961619e-12 / 2.749966e-05
PCG: 7 : 1.127985e-12 / 3.461339e-06
PCG: 8 : 1.563779e-13 / 4.798617e-07

PCG ( VCycle ( S: Scale / C: Scale )  )

Complete solver TOE: 7.20556
2.05128 GFlop/s [2.05128 GFlops/s]

Total time: 7.20556s
Accumulated op time: 6.97724

Reductions: 5.88362%
Blas-1: 6.60558%
Blas-2: 84.3421%
Precon Kernels: 0%
MPI Execution: 0%
MPI Wait: 0%
Not covered: 3.16865%

Domain size: 768.875 MByte
LA size: 1932.17 MByte
MPI size: 42.7294 MByte

H0-Error: 1.133203e-07
H1-Error: 1.008605e-03

Writing DATA to output.data...
Run-Time: 0:16.386 [0:16.386]
0x31d198e880 Error: MemoryPool<CPU> still contains memory chunks on deconstructor call
