NUM-PROCS: 1
Preparing domain...
LVL-MIN: 4 [4]
LVL-MAX: 8 [8]
Creating gates...
Assembling system matrices...
Assembling system filters...
Assembling transfer matrices...
Converting assembled linear system from SparseMatrixCSR, Mem:main to SparseMatrixELL, Mem:cudaand to SparseMatrixELL, Mem:cuda...
PCG:  0 : 3.788187e-02
PCG:  1 : 7.372158e-02 / 1.946091e+00
PCG:  2 : 8.837256e-02 / 2.332845e+00
PCG:  3 : 1.869595e-01 / 4.935330e+00
PCG:  4 : 1.519530e-01 / 4.011231e+00
PCG:  5 : 5.171779e-02 / 1.365238e+00
PCG:  6 : 2.259775e-02 / 5.965319e-01
PCG:  7 : 5.483134e-03 / 1.447430e-01
PCG:  8 : 1.832094e-03 / 4.836334e-02
PCG:  9 : 1.007229e-03 / 2.658867e-02
PCG: 10 : 2.794700e-04 / 7.377408e-03
PCG: 11 : 5.024422e-05 / 1.326339e-03
PCG: 12 : 3.274966e-05 / 8.645205e-04
PCG: 13 : 7.531143e-06 / 1.988060e-04
PCG: 14 : 8.197239e-07 / 2.163895e-05
PCG: 15 : 3.221950e-07 / 8.505256e-06
PCG: 16 : 2.923199e-07 / 7.716616e-06
PCG: 17 : 6.316073e-07 / 1.667308e-05
PCG: 18 : 1.149494e-07 / 3.034417e-06
PCG: 19 : 3.519010e-08 / 9.289429e-07
PCG: 20 : 6.767275e-08 / 1.786415e-06
PCG:  0 : 1.544257e-03
PCG:  1 : 1.615220e-04 / 1.045953e-01
PCG:  2 : 3.088541e-04 / 2.000018e-01
PCG:  3 : 9.597535e-05 / 6.214986e-02
PCG:  4 : 7.971939e-05 / 5.162314e-02
PCG:  5 : 1.067230e-04 / 6.910965e-02
PCG:  6 : 1.185653e-04 / 7.677823e-02
PCG:  7 : 6.849627e-05 / 4.435549e-02
PCG:  8 : 1.948523e-05 / 1.261787e-02
PCG:  9 : 5.037367e-06 / 3.262001e-03
PCG: 10 : 2.102068e-06 / 1.361217e-03
PCG: 11 : 1.572900e-06 / 1.018549e-03
PCG: 12 : 1.928996e-07 / 1.249142e-04
PCG: 13 : 1.342528e-07 / 8.693684e-05
PCG: 14 : 1.180301e-07 / 7.643168e-05
PCG: 15 : 1.114865e-07 / 7.219429e-05
PCG: 16 : 4.288958e-08 / 2.777361e-05
PCG: 17 : 8.108305e-09 / 5.250620e-06
PCG: 18 : 6.109752e-09 / 3.956435e-06
PCG: 19 : 5.353789e-09 / 3.466903e-06
PCG: 20 : 2.064420e-09 / 1.336837e-06
PCG:  0 : 6.627394e-09
PCG:  1 : 1.468992e-09 / 2.216545e-01
PCG:  2 : 1.216405e-09 / 1.835419e-01
PCG:  3 : 4.841421e-10 / 7.305165e-02
PCG:  4 : 3.924348e-10 / 5.921404e-02
PCG:  5 : 2.314497e-10 / 3.492318e-02
PCG:  6 : 2.623265e-10 / 3.958215e-02
PCG:  7 : 1.539090e-10 / 2.322315e-02
PCG:  8 : 1.632133e-10 / 2.462707e-02
PCG:  9 : 1.591288e-10 / 2.401077e-02
PCG: 10 : 8.269656e-11 / 1.247799e-02
PCG: 11 : 3.933086e-11 / 5.934590e-03
PCG: 12 : 3.645575e-11 / 5.500767e-03
PCG: 13 : 1.697855e-11 / 2.561875e-03
PCG: 14 : 1.034017e-11 / 1.560216e-03
PCG: 15 : 6.971694e-12 / 1.051951e-03
PCG: 16 : 4.681790e-12 / 7.064299e-04
PCG: 17 : 3.675599e-12 / 5.546070e-04
PCG: 18 : 1.506535e-12 / 2.273194e-04
PCG: 19 : 1.146634e-12 / 1.730143e-04
PCG: 20 : 6.332568e-13 / 9.555140e-05

PCG ( VCycle ( S: Scale / C: Scale )  )

Complete solver TOE: 1.3221
0.426169 GFlop/s [0.426169 GFlops/s]

Total time: 1.3221s
Accumulated op time: 0.257363

Reductions: 9.49549%
Blas-1: 5.33128%
Blas-2: 4.63943%
Precon Kernels: 0%
MPI Execution: 0%
MPI Wait: 0%
Not covered: 80.5338%

Domain size: 6.72858 MByte
LA size: 22.3499 MByte
MPI size: 0.67366 MByte

H0-Error: 6.865388e-06
H1-Error: 8.068795e-03

Writing DATA to output.data...
Run-Time: 0:02.071 [0:02.071]
0xb33879f8 Error: MemoryPool<CUDA> still contains memory chunks on deconstructor call
