NUM-PROCS: 1
Preparing domain...
LVL-MIN: 5 [5]
LVL-MAX: 6 [6]
Creating gates...
Assembling system matrices...
Assembling system filters...
Assembling transfer matrices...
Converting assembled linear system from SparseMatrixCSR, Mem:main to SparseMatrixELL, Mem:cudaand to SparseMatrixELL, Mem:cuda...
PCG:  0 : 1.512630e-01
PCG:  1 : 5.296442e-01 / 3.501480e+00
PCG:  2 : 3.286089e-01 / 2.172435e+00
PCG:  3 : 3.573479e-01 / 2.362428e+00
PCG:  4 : 3.568065e-01 / 2.358850e+00
PCG:  5 : 2.454737e-01 / 1.622828e+00
PCG:  6 : 1.993825e-01 / 1.318119e+00
PCG:  7 : 2.148026e-01 / 1.420061e+00
PCG:  8 : 1.415627e-01 / 9.358717e-01
PCG:  9 : 8.050643e-02 / 5.322284e-01
PCG: 10 : 6.912106e-02 / 4.569596e-01
PCG:  0 : 6.992588e-02
PCG:  1 : 4.452355e-02 / 6.367249e-01
PCG:  2 : 2.691733e-02 / 3.849409e-01
PCG:  3 : 1.738954e-02 / 2.486853e-01
PCG:  4 : 1.244905e-02 / 1.780321e-01
PCG:  5 : 8.432402e-03 / 1.205906e-01
PCG:  6 : 4.964946e-03 / 7.100298e-02
PCG:  7 : 3.976887e-03 / 5.687289e-02
PCG:  8 : 4.517327e-03 / 6.460164e-02
PCG:  9 : 2.562244e-03 / 3.664229e-02
PCG: 10 : 1.831703e-03 / 2.619492e-02
PCG:  0 : 1.831702e-03
PCG:  1 : 8.850913e-04 / 4.832069e-01
PCG:  2 : 7.938135e-04 / 4.333747e-01
PCG:  3 : 3.776316e-04 / 2.061643e-01
PCG:  4 : 5.545247e-04 / 3.027373e-01
PCG:  5 : 5.111368e-04 / 2.790501e-01
PCG:  6 : 3.823140e-04 / 2.087206e-01
PCG:  7 : 3.806867e-04 / 2.078322e-01
PCG:  8 : 4.855369e-04 / 2.650741e-01
PCG:  9 : 4.248993e-04 / 2.319696e-01
PCG: 10 : 3.197436e-04 / 1.745609e-01
PCG:  0 : 3.197436e-04
PCG:  1 : 3.376120e-04 / 1.055884e+00
PCG:  2 : 2.018460e-04 / 6.312747e-01
PCG:  3 : 1.609205e-04 / 5.032799e-01
PCG:  4 : 2.007271e-04 / 6.277754e-01
PCG:  5 : 1.433822e-04 / 4.484289e-01
PCG:  6 : 1.465651e-04 / 4.583834e-01
PCG:  7 : 8.691786e-05 / 2.718362e-01
PCG:  8 : 1.019614e-04 / 3.188848e-01
PCG:  9 : 1.136466e-04 / 3.554305e-01
PCG: 10 : 1.142627e-04 / 3.573574e-01
PCG:  0 : 1.142627e-04
PCG:  1 : 8.139594e-05 / 7.123578e-01
PCG:  2 : 6.021876e-05 / 5.270202e-01
PCG:  3 : 6.382037e-05 / 5.585406e-01
PCG:  4 : 7.970154e-05 / 6.975288e-01
PCG:  5 : 4.946840e-05 / 4.329356e-01
PCG:  6 : 4.915033e-05 / 4.301519e-01
PCG:  7 : 4.778598e-05 / 4.182114e-01
PCG:  8 : 5.005483e-05 / 4.380679e-01
PCG:  9 : 4.275265e-05 / 3.741610e-01
PCG: 10 : 3.429939e-05 / 3.001801e-01
PCG:  0 : 3.429939e-05
PCG:  1 : 3.458823e-05 / 1.008421e+00
PCG:  2 : 2.950018e-05 / 8.600789e-01
PCG:  3 : 2.661426e-05 / 7.759396e-01
PCG:  4 : 2.311996e-05 / 6.740633e-01
PCG:  5 : 1.690821e-05 / 4.929594e-01
PCG:  6 : 1.914372e-05 / 5.581359e-01
PCG:  7 : 1.460184e-05 / 4.257171e-01
PCG:  8 : 1.407610e-05 / 4.103893e-01
PCG:  9 : 1.299560e-05 / 3.788872e-01
PCG: 10 : 1.371178e-05 / 3.997674e-01
PCG:  0 : 1.371178e-05
PCG:  1 : 1.023270e-05 / 7.462708e-01
PCG:  2 : 9.941720e-06 / 7.250497e-01
PCG:  3 : 9.988757e-06 / 7.284800e-01
PCG:  4 : 9.657744e-06 / 7.043393e-01
PCG:  5 : 6.625963e-06 / 4.832315e-01
PCG:  6 : 7.331043e-06 / 5.346529e-01
PCG:  7 : 7.946069e-06 / 5.795068e-01
PCG:  8 : 6.466397e-06 / 4.715943e-01
PCG:  9 : 5.322033e-06 / 3.881359e-01
PCG: 10 : 4.979951e-06 / 3.631878e-01
PCG:  0 : 4.979951e-06
PCG:  1 : 4.548419e-06 / 9.133461e-01
PCG:  2 : 4.502914e-06 / 9.042085e-01
PCG:  3 : 4.016171e-06 / 8.064679e-01
PCG:  4 : 3.239111e-06 / 6.504303e-01
PCG:  5 : 2.301120e-06 / 4.620768e-01
PCG:  6 : 2.692734e-06 / 5.407149e-01
PCG:  7 : 2.381448e-06 / 4.782071e-01
PCG:  8 : 1.912618e-06 / 3.840636e-01
PCG:  9 : 1.675675e-06 / 3.364842e-01
PCG: 10 : 2.053702e-06 / 4.123939e-01
PCG:  0 : 2.053702e-06
PCG:  1 : 1.443838e-06 / 7.030416e-01
PCG:  2 : 1.492491e-06 / 7.267318e-01
PCG:  3 : 1.420657e-06 / 6.917541e-01
PCG:  4 : 1.421020e-06 / 6.919311e-01
PCG:  5 : 9.840452e-07 / 4.791567e-01
PCG:  6 : 1.070199e-06 / 5.211073e-01
PCG:  7 : 1.126893e-06 / 5.487130e-01
PCG:  8 : 9.680703e-07 / 4.713781e-01
PCG:  9 : 7.684807e-07 / 3.741929e-01
PCG: 10 : 7.747338e-07 / 3.772377e-01

PCG ( VCycle ( S: Scale / C: Scale )  )

Complete solver TOE: 0.313201
0.140986 GFlop/s [0.140986 GFlops/s]

Total time: 0.313201s
Accumulated op time: 0.110257

Reductions: 19.8639%
Blas-1: 9.22826%
Blas-2: 6.11109%
Precon Kernels: 0%
MPI Execution: 0%
MPI Wait: 0%
Not covered: 64.7967%

Domain size: 0.403931 MByte
LA size: 1.19083 MByte
MPI size: 0.0405579 MByte

H0-Error: 1.095882e-04
H1-Error: 3.227246e-02

Writing DATA to output.data...
Run-Time: 0:00.383 [0:00.383]
0xb33319f8 Error: MemoryPool<CUDA> still contains memory chunks on deconstructor call
