NUM-PROCS: 1
Preparing domain...
LVL-MIN: 5 [5]
LVL-MAX: 6 [6]
Creating gates...
Assembling system matrices...
Assembling system filters...
Assembling transfer matrices...
Converting assembled linear system from SparseMatrixCSR, Mem:main to SparseMatrixCSR, Mem:mainand to SparseMatrixCSR, Mem:main...
PCG: 0 : 1.512628e-01
PCG: 1 : 5.296443e-01 / 3.501483e+00
PCG: 2 : 3.286094e-01 / 2.172440e+00
PCG: 3 : 3.573487e-01 / 2.362435e+00
PCG: 4 : 3.568083e-01 / 2.358863e+00
PCG: 5 : 2.454749e-01 / 1.622837e+00
PCG: 6 : 1.993837e-01 / 1.318128e+00
PCG: 7 : 2.148032e-01 / 1.420066e+00
PCG: 0 : 2.163905e-01
PCG: 1 : 1.210391e-01 / 5.593549e-01
PCG: 2 : 8.419587e-02 / 3.890923e-01
PCG: 3 : 8.242853e-02 / 3.809249e-01
PCG: 4 : 6.859951e-02 / 3.170172e-01
PCG: 5 : 3.428484e-02 / 1.584397e-01
PCG: 6 : 2.660667e-02 / 1.229567e-01
PCG: 7 : 3.210345e-02 / 1.483589e-01
PCG: 0 : 3.210343e-02
PCG: 1 : 1.715876e-02 / 5.344836e-01
PCG: 2 : 1.207143e-02 / 3.760166e-01
PCG: 3 : 1.271358e-02 / 3.960192e-01
PCG: 4 : 1.408665e-02 / 4.387895e-01
PCG: 5 : 1.047883e-02 / 3.264083e-01
PCG: 6 : 9.125031e-03 / 2.842385e-01
PCG: 7 : 1.615437e-02 / 5.031976e-01
PCG: 0 : 1.615437e-02
PCG: 1 : 7.536801e-03 / 4.665488e-01
PCG: 2 : 6.795937e-03 / 4.206873e-01
PCG: 3 : 6.135415e-03 / 3.797992e-01
PCG: 4 : 8.716675e-03 / 5.395862e-01
PCG: 5 : 6.108338e-03 / 3.781230e-01
PCG: 6 : 6.723446e-03 / 4.161999e-01
PCG: 7 : 7.977801e-03 / 4.938480e-01
PCG: 0 : 7.977801e-03
PCG: 1 : 5.136749e-03 / 6.438803e-01
PCG: 2 : 3.617174e-03 / 4.534049e-01
PCG: 3 : 4.184079e-03 / 5.244652e-01
PCG: 4 : 3.269873e-03 / 4.098715e-01
PCG: 5 : 2.874080e-03 / 3.602597e-01
PCG: 6 : 3.117078e-03 / 3.907189e-01
PCG: 7 : 4.278413e-03 / 5.362898e-01
PCG: 0 : 4.278413e-03
PCG: 1 : 2.451682e-03 / 5.730354e-01
PCG: 2 : 1.892989e-03 / 4.424513e-01
PCG: 3 : 2.040126e-03 / 4.768418e-01
PCG: 4 : 2.293970e-03 / 5.361732e-01
PCG: 5 : 1.823938e-03 / 4.263119e-01
PCG: 6 : 2.232658e-03 / 5.218427e-01
PCG: 7 : 2.524490e-03 / 5.900531e-01
PCG: 0 : 2.524490e-03
PCG: 1 : 1.694490e-03 / 6.712207e-01
PCG: 2 : 1.121933e-03 / 4.444197e-01
PCG: 3 : 1.252419e-03 / 4.961075e-01
PCG: 4 : 9.946064e-04 / 3.939830e-01
PCG: 5 : 8.477232e-04 / 3.357997e-01
PCG: 6 : 9.732193e-04 / 3.855112e-01
PCG: 7 : 1.409211e-03 / 5.582160e-01
PCG: 0 : 1.409211e-03
PCG: 1 : 8.171287e-04 / 5.798483e-01
PCG: 2 : 6.141282e-04 / 4.357957e-01
PCG: 3 : 6.499040e-04 / 4.611828e-01
PCG: 4 : 7.278542e-04 / 5.164976e-01
PCG: 5 : 5.764632e-04 / 4.090680e-01
PCG: 6 : 7.230588e-04 / 5.130947e-01
PCG: 7 : 8.234096e-04 / 5.843053e-01
PCG: 0 : 8.234097e-04
PCG: 1 : 5.621595e-04 / 6.827214e-01
PCG: 2 : 3.685298e-04 / 4.475655e-01
PCG: 3 : 4.045381e-04 / 4.912962e-01
PCG: 4 : 3.214344e-04 / 3.903699e-01
PCG: 5 : 2.738929e-04 / 3.326326e-01
PCG: 6 : 3.177630e-04 / 3.859112e-01
PCG: 7 : 4.622175e-04 / 5.613458e-01
PCG: 0 : 4.622174e-04
PCG: 1 : 2.711584e-04 / 5.866468e-01
PCG: 2 : 2.039477e-04 / 4.412376e-01
PCG: 3 : 2.146252e-04 / 4.643382e-01
PCG: 4 : 2.393473e-04 / 5.178240e-01
PCG: 5 : 1.897656e-04 / 4.105549e-01
PCG: 6 : 2.381022e-04 / 5.151305e-01
PCG: 7 : 2.693675e-04 / 5.827724e-01
PCG: 0 : 2.693675e-04
PCG: 1 : 1.860862e-04 / 6.908266e-01
PCG: 2 : 1.225967e-04 / 4.551279e-01
PCG: 3 : 1.343814e-04 / 4.988775e-01
PCG: 4 : 1.070743e-04 / 3.975027e-01
PCG: 5 : 9.113876e-05 / 3.383436e-01
PCG: 6 : 1.051284e-04 / 3.902785e-01
PCG: 7 : 1.515096e-04 / 5.624642e-01
PCG: 0 : 1.515095e-04
PCG: 1 : 8.980716e-05 / 5.927492e-01
PCG: 2 : 6.814587e-05 / 4.497794e-01
PCG: 3 : 7.196404e-05 / 4.749803e-01
PCG: 4 : 8.005700e-05 / 5.283958e-01
PCG: 5 : 6.320191e-05 / 4.171481e-01
PCG: 6 : 7.870806e-05 / 5.194924e-01
PCG: 7 : 8.826446e-05 / 5.825670e-01
PCG: 0 : 8.826447e-05
PCG: 1 : 6.159123e-05 / 6.978031e-01
PCG: 2 : 4.103914e-05 / 4.649565e-01
PCG: 3 : 4.530688e-05 / 5.133082e-01
PCG: 4 : 3.623037e-05 / 4.104751e-01
PCG: 5 : 3.065672e-05 / 3.473279e-01
PCG: 6 : 3.489674e-05 / 3.953657e-01
PCG: 7 : 4.964287e-05 / 5.624331e-01
PCG: 0 : 4.964286e-05
PCG: 1 : 2.973699e-05 / 5.990185e-01
PCG: 2 : 2.290627e-05 / 4.614212e-01
PCG: 3 : 2.444166e-05 / 4.923499e-01
PCG: 4 : 2.713025e-05 / 5.465086e-01
PCG: 5 : 2.119249e-05 / 4.268991e-01
PCG: 6 : 2.604393e-05 / 5.246260e-01
PCG: 7 : 2.894114e-05 / 5.829871e-01
PCG: 0 : 2.894115e-05
PCG: 1 : 2.040802e-05 / 7.051557e-01
PCG: 2 : 1.384079e-05 / 4.782392e-01
PCG: 3 : 1.549983e-05 / 5.355639e-01
PCG: 4 : 1.243630e-05 / 4.297099e-01
PCG: 5 : 1.039260e-05 / 3.590942e-01
PCG: 6 : 1.159694e-05 / 4.007077e-01
PCG: 7 : 1.626542e-05 / 5.620172e-01
PCG: 0 : 1.626542e-05
PCG: 1 : 9.860455e-06 / 6.062222e-01
PCG: 2 : 7.764505e-06 / 4.773628e-01
PCG: 3 : 8.425365e-06 / 5.179926e-01
PCG: 4 : 9.320750e-06 / 5.730410e-01
PCG: 5 : 7.150842e-06 / 4.396347e-01
PCG: 6 : 8.623518e-06 / 5.301750e-01
PCG: 7 : 9.506130e-06 / 5.844381e-01
PCG: 0 : 9.506130e-06
PCG: 1 : 6.784475e-06 / 7.136948e-01
PCG: 2 : 4.714720e-06 / 4.959663e-01
PCG: 3 : 5.387489e-06 / 5.667384e-01
PCG: 4 : 4.328934e-06 / 4.553834e-01
PCG: 5 : 3.545101e-06 / 3.729278e-01
PCG: 6 : 3.857672e-06 / 4.058089e-01
PCG: 7 : 5.344968e-06 / 5.622653e-01
PCG: 0 : 5.344967e-06
PCG: 1 : 3.284529e-06 / 6.145087e-01
PCG: 2 : 2.660157e-06 / 4.976938e-01
PCG: 3 : 2.948848e-06 / 5.517055e-01
PCG: 4 : 3.243072e-06 / 6.067524e-01
PCG: 5 : 2.426589e-06 / 4.539951e-01
PCG: 6 : 2.861375e-06 / 5.353401e-01
PCG: 7 : 3.140467e-06 / 5.875558e-01
PCG: 0 : 3.140466e-06
PCG: 1 : 2.271235e-06 / 7.232159e-01
PCG: 2 : 1.624175e-06 / 5.171766e-01
PCG: 3 : 1.898332e-06 / 6.044747e-01
PCG: 4 : 1.521995e-06 / 4.846400e-01
PCG: 5 : 1.213757e-06 / 3.864894e-01
PCG: 6 : 1.286621e-06 / 4.096911e-01
PCG: 7 : 1.771223e-06 / 5.640001e-01
PCG: 0 : 1.771223e-06
PCG: 1 : 1.103755e-06 / 6.231600e-01
PCG: 2 : 9.211959e-07 / 5.200904e-01
PCG: 3 : 1.043520e-06 / 5.891523e-01
PCG: 4 : 1.137823e-06 / 6.423943e-01
PCG: 5 : 8.276240e-07 / 4.672614e-01
PCG: 6 : 9.549283e-07 / 5.391351e-01
PCG: 7 : 1.049212e-06 / 5.923659e-01
PCG: 0 : 1.049212e-06
PCG: 1 : 7.685670e-07 / 7.325184e-01
PCG: 2 : 5.649019e-07 / 5.384060e-01
PCG: 3 : 6.736168e-07 / 6.420217e-01
PCG: 4 : 5.371124e-07 / 5.119198e-01
PCG: 5 : 4.166710e-07 / 3.971276e-01
PCG: 6 : 4.320225e-07 / 4.117590e-01
PCG: 7 : 5.949428e-07 / 5.670378e-01
PCG: 0 : 5.949428e-07
PCG: 1 : 3.753361e-07 / 6.308777e-01
PCG: 2 : 3.215074e-07 / 5.404006e-01
PCG: 3 : 3.706414e-07 / 6.229866e-01
PCG: 4 : 4.003847e-07 / 6.729802e-01
PCG: 5 : 2.839425e-07 / 4.772603e-01
PCG: 6 : 3.220721e-07 / 5.413497e-01
PCG: 7 : 3.556214e-07 / 5.977404e-01
PCG: 0 : 3.556214e-07
PCG: 1 : 2.632329e-07 / 7.402055e-01
PCG: 2 : 1.976190e-07 / 5.557006e-01
PCG: 3 : 2.390137e-07 / 6.721017e-01
PCG: 4 : 1.894036e-07 / 5.325990e-01
PCG: 5 : 1.436637e-07 / 4.039795e-01
PCG: 6 : 1.466738e-07 / 4.124438e-01
PCG: 7 : 2.027445e-07 / 5.701134e-01
PCG: 0 : 2.027445e-07
PCG: 1 : 1.291107e-07 / 6.368148e-01
PCG: 2 : 1.126410e-07 / 5.555810e-01
PCG: 3 : 1.313600e-07 / 6.479089e-01
PCG: 4 : 1.408350e-07 / 6.946428e-01
PCG: 5 : 9.809676e-08 / 4.838442e-01
PCG: 6 : 1.100341e-07 / 5.427231e-01
PCG: 7 : 1.221101e-07 / 6.022855e-01
PCG: 0 : 1.221101e-07
PCG: 1 : 9.106618e-08 / 7.457713e-01
PCG: 2 : 6.929548e-08 / 5.674838e-01
PCG: 3 : 8.449921e-08 / 6.919923e-01
PCG: 4 : 6.665572e-08 / 5.458659e-01
PCG: 5 : 4.982180e-08 / 4.080074e-01
PCG: 6 : 5.039217e-08 / 4.126783e-01
PCG: 7 : 6.988232e-08 / 5.722896e-01
PCG: 0 : 6.988233e-08
PCG: 1 : 4.479093e-08 / 6.409479e-01
PCG: 2 : 3.951168e-08 / 5.654030e-01
PCG: 3 : 4.637310e-08 / 6.635884e-01
PCG: 4 : 4.947598e-08 / 7.079899e-01
PCG: 5 : 3.410513e-08 / 4.880365e-01
PCG: 6 : 3.801164e-08 / 5.439379e-01
PCG: 7 : 4.230687e-08 / 6.054016e-01
PCG: 0 : 4.230688e-08
PCG: 1 : 3.171133e-08 / 7.495550e-01
PCG: 2 : 2.431311e-08 / 5.746846e-01
PCG: 3 : 2.976506e-08 / 7.035514e-01
PCG: 4 : 2.341995e-08 / 5.535731e-01
PCG: 5 : 1.736455e-08 / 4.104427e-01
PCG: 6 : 1.747119e-08 / 4.129634e-01
PCG: 7 : 2.425981e-08 / 5.734247e-01

PCG ( VCycle ( S: Scale / C: Scale )  )

Complete solver TOE: 0.028369
3.32686 GFlop/s [3.32686 GFlops/s]

Total time: 0.028369s
Accumulated op time: 0.026354

Reductions: 11.925%
Blas-1: 3.0632%
Blas-2: 77.909%
Precon Kernels: 0%
MPI Execution: 0%
MPI Wait: 0%
Not covered: 7.10282%

Domain size: 0.723785 MByte
LA size: 1.61487 MByte
MPI size: 0.0405731 MByte

H0-Error: 1.098427e-04
H1-Error: 3.227246e-02

Writing DATA to output.data...
Run-Time: 0:00.039 [0:00.039]
0x31d198e880 Error: MemoryPool<CPU> still contains memory chunks on deconstructor call
