NUM-PROCS: 1
Preparing domain...
LVL-MIN: 5 [5]
LVL-MAX: 7 [7]
Creating gates...
Assembling system matrices...
Assembling system filters...
Assembling transfer matrices...
Converting assembled linear system from SparseMatrixCSR, Mem:main to SparseMatrixCSR, Mem:mainand to SparseMatrixCSR, Mem:main...
PCG: 0 : 7.572460e-02
PCG: 1 : 2.892973e-01 / 3.820387e+00
PCG: 2 : 2.174525e-01 / 2.871623e+00
PCG: 3 : 3.691229e-01 / 4.874544e+00
PCG: 4 : 3.153107e-01 / 4.163913e+00
PCG: 5 : 1.886812e-01 / 2.491676e+00
PCG: 6 : 2.114757e-01 / 2.792695e+00
PCG: 7 : 1.822091e-01 / 2.406208e+00
PCG: 0 : 1.841285e-01
PCG: 1 : 1.172479e-01 / 6.367719e-01
PCG: 2 : 5.728118e-02 / 3.110935e-01
PCG: 3 : 4.964316e-02 / 2.696115e-01
PCG: 4 : 3.922437e-02 / 2.130271e-01
PCG: 5 : 3.668522e-02 / 1.992371e-01
PCG: 6 : 3.003666e-02 / 1.631288e-01
PCG: 7 : 2.285569e-02 / 1.241290e-01
PCG: 0 : 2.285567e-02
PCG: 1 : 1.524113e-02 / 6.668423e-01
PCG: 2 : 1.394499e-02 / 6.101326e-01
PCG: 3 : 8.702167e-03 / 3.807444e-01
PCG: 4 : 8.952406e-03 / 3.916930e-01
PCG: 5 : 7.660861e-03 / 3.351843e-01
PCG: 6 : 1.158875e-02 / 5.070404e-01
PCG: 7 : 1.492730e-02 / 6.531114e-01
PCG: 0 : 1.492730e-02
PCG: 1 : 8.150456e-03 / 5.460100e-01
PCG: 2 : 5.290480e-03 / 3.544163e-01
PCG: 3 : 5.816143e-03 / 3.896312e-01
PCG: 4 : 5.523233e-03 / 3.700087e-01
PCG: 5 : 6.278867e-03 / 4.206297e-01
PCG: 6 : 5.753390e-03 / 3.854273e-01
PCG: 7 : 6.560238e-03 / 4.394791e-01
PCG: 0 : 6.560238e-03
PCG: 1 : 4.192954e-03 / 6.391467e-01
PCG: 2 : 3.689041e-03 / 5.623335e-01
PCG: 3 : 2.860804e-03 / 4.360823e-01
PCG: 4 : 2.625773e-03 / 4.002558e-01
PCG: 5 : 2.284790e-03 / 3.482785e-01
PCG: 6 : 3.229908e-03 / 4.923461e-01
PCG: 7 : 4.574365e-03 / 6.972865e-01
PCG: 0 : 4.574364e-03
PCG: 1 : 2.453535e-03 / 5.363664e-01
PCG: 2 : 1.478784e-03 / 3.232764e-01
PCG: 3 : 1.637051e-03 / 3.578750e-01
PCG: 4 : 1.574152e-03 / 3.441248e-01
PCG: 5 : 1.804148e-03 / 3.944042e-01
PCG: 6 : 1.735411e-03 / 3.793776e-01
PCG: 7 : 2.061210e-03 / 4.506004e-01
PCG: 0 : 2.061210e-03
PCG: 1 : 1.306152e-03 / 6.336823e-01
PCG: 2 : 1.089085e-03 / 5.283716e-01
PCG: 3 : 8.478619e-04 / 4.113418e-01
PCG: 4 : 7.663412e-04 / 3.717918e-01
PCG: 5 : 6.535029e-04 / 3.170482e-01
PCG: 6 : 9.583932e-04 / 4.649662e-01
PCG: 7 : 1.400592e-03 / 6.794997e-01
PCG: 0 : 1.400592e-03
PCG: 1 : 7.612373e-04 / 5.435113e-01
PCG: 2 : 4.408546e-04 / 3.147631e-01
PCG: 3 : 4.840238e-04 / 3.455852e-01
PCG: 4 : 4.686567e-04 / 3.346134e-01
PCG: 5 : 5.348310e-04 / 3.818607e-01
PCG: 6 : 5.327655e-04 / 3.803860e-01
PCG: 7 : 6.412004e-04 / 4.578068e-01
PCG: 0 : 6.412007e-04
PCG: 1 : 4.092848e-04 / 6.383100e-01
PCG: 2 : 3.328186e-04 / 5.190553e-01
PCG: 3 : 2.576527e-04 / 4.018286e-01
PCG: 4 : 2.295282e-04 / 3.579663e-01
PCG: 5 : 1.939119e-04 / 3.024199e-01
PCG: 6 : 2.906162e-04 / 4.532374e-01
PCG: 7 : 4.257529e-04 / 6.639932e-01
PCG: 0 : 4.257529e-04
PCG: 1 : 2.362203e-04 / 5.548295e-01
PCG: 2 : 1.348427e-04 / 3.167160e-01
PCG: 3 : 1.480779e-04 / 3.478025e-01
PCG: 4 : 1.440036e-04 / 3.382329e-01
PCG: 5 : 1.631966e-04 / 3.833130e-01
PCG: 6 : 1.647553e-04 / 3.869741e-01
PCG: 7 : 1.974124e-04 / 4.636784e-01
PCG: 0 : 1.974124e-04
PCG: 1 : 1.277237e-04 / 6.469892e-01
PCG: 2 : 1.034140e-04 / 5.238475e-01
PCG: 3 : 8.101793e-05 / 4.103994e-01
PCG: 4 : 7.156520e-05 / 3.625162e-01
PCG: 5 : 5.943961e-05 / 3.010936e-01
PCG: 6 : 8.928518e-05 / 4.522775e-01
PCG: 7 : 1.290244e-04 / 6.535781e-01
PCG: 0 : 1.290244e-04
PCG: 1 : 7.316949e-05 / 5.670981e-01
PCG: 2 : 4.203979e-05 / 3.258283e-01
PCG: 3 : 4.697557e-05 / 3.640828e-01
PCG: 4 : 4.585988e-05 / 3.554357e-01
PCG: 5 : 5.089770e-05 / 3.944812e-01
PCG: 6 : 5.101318e-05 / 3.953763e-01
PCG: 7 : 6.046944e-05 / 4.686667e-01
PCG: 0 : 6.046944e-05
PCG: 1 : 3.979138e-05 / 6.580411e-01
PCG: 2 : 3.277083e-05 / 5.419403e-01
PCG: 3 : 2.647254e-05 / 4.377838e-01
PCG: 4 : 2.326750e-05 / 3.847811e-01
PCG: 5 : 1.872648e-05 / 3.096850e-01
PCG: 6 : 2.765221e-05 / 4.572923e-01
PCG: 7 : 3.920483e-05 / 6.483412e-01
PCG: 0 : 3.920482e-05
PCG: 1 : 2.275668e-05 / 5.804561e-01
PCG: 2 : 1.343244e-05 / 3.426221e-01
PCG: 3 : 1.550571e-05 / 3.955052e-01
PCG: 4 : 1.511828e-05 / 3.856232e-01
PCG: 5 : 1.615027e-05 / 4.119460e-01
PCG: 6 : 1.582490e-05 / 4.036469e-01
PCG: 7 : 1.865256e-05 / 4.757721e-01
PCG: 0 : 1.865256e-05
PCG: 1 : 1.250270e-05 / 6.702940e-01
PCG: 2 : 1.064688e-05 / 5.708001e-01
PCG: 3 : 8.956315e-06 / 4.801655e-01
PCG: 4 : 7.807334e-06 / 4.185664e-01
PCG: 5 : 6.001976e-06 / 3.217776e-01
PCG: 6 : 8.627694e-06 / 4.625475e-01
PCG: 7 : 1.214050e-05 / 6.508758e-01
PCG: 0 : 1.214049e-05
PCG: 1 : 7.201894e-06 / 5.932126e-01
PCG: 2 : 4.403274e-06 / 3.626932e-01
PCG: 3 : 5.260745e-06 / 4.333222e-01
PCG: 4 : 5.087359e-06 / 4.190406e-01
PCG: 5 : 5.190012e-06 / 4.274960e-01
PCG: 6 : 4.968902e-06 / 4.092833e-01
PCG: 7 : 5.904204e-06 / 4.863233e-01
PCG: 0 : 5.904204e-06
PCG: 1 : 4.016529e-06 / 6.802829e-01
PCG: 2 : 3.529512e-06 / 5.977964e-01
PCG: 3 : 3.069297e-06 / 5.198495e-01
PCG: 4 : 2.644065e-06 / 4.478275e-01
PCG: 5 : 1.944904e-06 / 3.294100e-01
PCG: 6 : 2.739700e-06 / 4.640253e-01
PCG: 7 : 3.887283e-06 / 6.583924e-01
PCG: 0 : 3.887281e-06
PCG: 1 : 2.340102e-06 / 6.019894e-01
PCG: 2 : 1.464790e-06 / 3.768160e-01
PCG: 3 : 1.789386e-06 / 4.603182e-01
PCG: 4 : 1.717084e-06 / 4.417185e-01
PCG: 5 : 1.693188e-06 / 4.355712e-01
PCG: 6 : 1.601554e-06 / 4.119985e-01
PCG: 7 : 1.927026e-06 / 4.957261e-01
PCG: 0 : 1.927028e-06
PCG: 1 : 1.321735e-06 / 6.858932e-01
PCG: 2 : 1.179760e-06 / 6.122175e-01
PCG: 3 : 1.044472e-06 / 5.420119e-01
PCG: 4 : 8.918620e-07 / 4.628173e-01
PCG: 5 : 6.391151e-07 / 3.316584e-01
PCG: 6 : 8.931683e-07 / 4.634952e-01
PCG: 7 : 1.278376e-06 / 6.633927e-01
PCG: 0 : 1.278376e-06
PCG: 1 : 7.754717e-07 / 6.066070e-01
PCG: 2 : 4.894085e-07 / 3.828361e-01
PCG: 3 : 6.036445e-07 / 4.721964e-01
PCG: 4 : 5.777460e-07 / 4.519375e-01
PCG: 5 : 5.606686e-07 / 4.385788e-01
PCG: 6 : 5.289114e-07 / 4.137370e-01
PCG: 7 : 6.403721e-07 / 5.009264e-01
PCG: 0 : 6.403722e-07
PCG: 1 : 4.409478e-07 / 6.885805e-01
PCG: 2 : 3.951408e-07 / 6.170486e-01
PCG: 3 : 3.524985e-07 / 5.504587e-01
PCG: 4 : 2.995788e-07 / 4.678198e-01
PCG: 5 : 2.123507e-07 / 3.316051e-01
PCG: 6 : 2.966368e-07 / 4.632256e-01
PCG: 7 : 4.256817e-07 / 6.647411e-01
PCG: 0 : 4.256817e-07
PCG: 1 : 2.592189e-07 / 6.089501e-01
PCG: 2 : 1.637286e-07 / 3.846268e-01
PCG: 3 : 2.026263e-07 / 4.760042e-01
PCG: 4 : 1.939862e-07 / 4.557071e-01
PCG: 5 : 1.871532e-07 / 4.396553e-01
PCG: 6 : 1.767746e-07 / 4.152740e-01
PCG: 7 : 2.142889e-07 / 5.034018e-01
PCG: 0 : 2.142890e-07
PCG: 1 : 1.478581e-07 / 6.899939e-01
PCG: 2 : 1.324440e-07 / 6.180626e-01
PCG: 3 : 1.185237e-07 / 5.531021e-01
PCG: 4 : 1.004667e-07 / 4.688374e-01
PCG: 5 : 7.092466e-08 / 3.309766e-01
PCG: 6 : 9.927724e-08 / 4.632866e-01
PCG: 7 : 1.423956e-07 / 6.645026e-01
PCG: 0 : 1.423956e-07
PCG: 1 : 8.689903e-08 / 6.102648e-01
PCG: 2 : 5.481876e-08 / 3.849751e-01
PCG: 3 : 6.791510e-08 / 4.769466e-01
PCG: 4 : 6.507877e-08 / 4.570279e-01
PCG: 5 : 6.266541e-08 / 4.400797e-01
PCG: 6 : 5.931919e-08 / 4.165802e-01
PCG: 7 : 7.186653e-08 / 5.046962e-01
PCG: 0 : 7.186653e-08
PCG: 1 : 4.964951e-08 / 6.908572e-01
PCG: 2 : 4.441119e-08 / 6.179677e-01
PCG: 3 : 3.980028e-08 / 5.538083e-01
PCG: 4 : 3.368034e-08 / 4.686512e-01
PCG: 5 : 2.374022e-08 / 3.303376e-01
PCG: 6 : 3.330763e-08 / 4.634651e-01
PCG: 7 : 4.771217e-08 / 6.638998e-01
PCG: 0 : 4.771218e-08
PCG: 1 : 2.915984e-08 / 6.111614e-01
PCG: 2 : 1.836793e-08 / 3.849737e-01
PCG: 3 : 2.276036e-08 / 4.770346e-01
PCG: 4 : 2.182737e-08 / 4.574800e-01
PCG: 5 : 2.100964e-08 / 4.403413e-01
PCG: 6 : 1.992903e-08 / 4.176928e-01
PCG: 7 : 2.411953e-08 / 5.055214e-01
PCG: 0 : 2.411953e-08
PCG: 1 : 1.668000e-08 / 6.915557e-01
PCG: 2 : 1.489992e-08 / 6.177533e-01
PCG: 3 : 1.335987e-08 / 5.539027e-01
PCG: 4 : 1.129183e-08 / 4.681613e-01
PCG: 5 : 7.956109e-09 / 3.298617e-01
PCG: 6 : 1.118369e-08 / 4.636779e-01
PCG: 7 : 1.599558e-08 / 6.631796e-01
PCG: 0 : 1.599557e-08
PCG: 1 : 9.788296e-09 / 6.119378e-01
PCG: 2 : 6.159251e-09 / 3.850597e-01
PCG: 3 : 7.629256e-09 / 4.769605e-01
PCG: 4 : 7.320406e-09 / 4.576519e-01
PCG: 5 : 7.049224e-09 / 4.406984e-01
PCG: 6 : 6.697633e-09 / 4.187179e-01
PCG: 7 : 8.095560e-09 / 5.061125e-01
PCG: 0 : 8.095563e-09
PCG: 1 : 5.604572e-09 / 6.923017e-01
PCG: 2 : 5.001670e-09 / 6.178285e-01
PCG: 3 : 4.483853e-09 / 5.538655e-01
PCG: 4 : 3.786100e-09 / 4.676759e-01
PCG: 5 : 2.668726e-09 / 3.296530e-01
PCG: 6 : 3.756478e-09 / 4.640169e-01
PCG: 7 : 5.363522e-09 / 6.625261e-01
PCG: 0 : 5.363522e-09
PCG: 1 : 3.286685e-09 / 6.127850e-01
PCG: 2 : 2.067057e-09 / 3.853918e-01
PCG: 3 : 2.557882e-09 / 4.769034e-01
PCG: 4 : 2.455119e-09 / 4.577439e-01
PCG: 5 : 2.367078e-09 / 4.413290e-01
PCG: 6 : 2.251493e-09 / 4.197789e-01
PCG: 7 : 2.716949e-09 / 5.065607e-01
PCG: 0 : 2.716949e-09
PCG: 1 : 1.883692e-09 / 6.933113e-01
PCG: 2 : 1.680384e-09 / 6.184819e-01
PCG: 3 : 1.504805e-09 / 5.538583e-01
PCG: 4 : 1.269608e-09 / 4.672916e-01
PCG: 5 : 8.960669e-10 / 3.298063e-01
PCG: 6 : 1.262156e-09 / 4.645489e-01
PCG: 7 : 1.798257e-09 / 6.618661e-01

PCG ( VCycle ( S: Scale / C: Scale )  )

Complete solver TOE: 0.156856
3.21606 GFlop/s [3.21606 GFlops/s]

Total time: 0.156856s
Accumulated op time: 0.148417

Reductions: 9.76947%
Blas-1: 3.64538%
Blas-2: 81.2051%
Precon Kernels: 0%
MPI Execution: 0%
MPI Wait: 0%
Not covered: 5.38009%

Domain size: 3.00121 MByte
LA size: 7.32276 MByte
MPI size: 0.167549 MByte

H0-Error: 2.746166e-05
H1-Error: 1.613732e-02

Writing DATA to output.data...
Run-Time: 0:00.192 [0:00.192]
0x31d198e880 Error: MemoryPool<CPU> still contains memory chunks on deconstructor call
