NUM-PROCS: 1
Preparing domain...
LVL-MIN: 3 [3]
LVL-MAX: 8 [8]
Creating gates...
Assembling system matrices...
Assembling system filters...
Assembling transfer matrices...
Converting assembled linear system from SparseMatrixCSR, Mem:main to SparseMatrixCSR, Mem:mainand to SparseMatrixCSR, Mem:main...
PCG: 0 : 3.788143e-02
PCG: 1 : 3.863643e-02 / 1.019930e+00
PCG: 2 : 4.165871e-02 / 1.099713e+00
PCG: 3 : 2.963617e-02 / 7.823403e-01
PCG: 0 : 2.960349e-02
PCG: 1 : 5.712656e-03 / 1.929724e-01
PCG: 2 : 1.367979e-03 / 4.621008e-02
PCG: 3 : 3.991644e-04 / 1.348370e-02
PCG: 0 : 3.991647e-04
PCG: 1 : 1.962514e-04 / 4.916553e-01
PCG: 2 : 9.842089e-05 / 2.465671e-01
PCG: 3 : 6.728625e-05 / 1.685677e-01
PCG: 0 : 6.728621e-05
PCG: 1 : 4.702821e-05 / 6.989279e-01
PCG: 2 : 2.662497e-05 / 3.956973e-01
PCG: 3 : 3.065107e-05 / 4.555327e-01
PCG: 0 : 3.065107e-05
PCG: 1 : 1.119639e-05 / 3.652855e-01
PCG: 2 : 5.409702e-06 / 1.764931e-01
PCG: 3 : 3.875717e-06 / 1.264464e-01
PCG: 0 : 3.875719e-06
PCG: 1 : 2.502982e-06 / 6.458111e-01
PCG: 2 : 1.916161e-06 / 4.944015e-01
PCG: 3 : 2.097127e-06 / 5.410935e-01
PCG: 0 : 2.097129e-06
PCG: 1 : 6.676764e-07 / 3.183765e-01
PCG: 2 : 3.616815e-07 / 1.724651e-01
PCG: 3 : 2.661504e-07 / 1.269118e-01
PCG: 0 : 2.661506e-07
PCG: 1 : 1.632517e-07 / 6.133810e-01
PCG: 2 : 1.300627e-07 / 4.886810e-01
PCG: 3 : 1.384665e-07 / 5.202563e-01
PCG: 0 : 1.384665e-07
PCG: 1 : 4.481734e-08 / 3.236692e-01
PCG: 2 : 2.601765e-08 / 1.878985e-01
PCG: 3 : 1.915652e-08 / 1.383477e-01
PCG: 0 : 1.915653e-08
PCG: 1 : 1.144372e-08 / 5.973793e-01
PCG: 2 : 8.690638e-09 / 4.536645e-01
PCG: 3 : 9.070333e-09 / 4.734852e-01
PCG: 0 : 9.070336e-09
PCG: 1 : 3.029831e-09 / 3.340373e-01
PCG: 2 : 1.868111e-09 / 2.059583e-01
PCG: 3 : 1.395225e-09 / 1.538229e-01
PCG: 0 : 1.395224e-09
PCG: 1 : 8.185053e-10 / 5.866478e-01
PCG: 2 : 5.800657e-10 / 4.157508e-01
PCG: 3 : 5.972575e-10 / 4.280728e-01

PCG ( VCycle ( S: Scale / C: Scale )  )

Complete solver TOE: 0.141379
2.629 GFlop/s [2.629 GFlops/s]

Total time: 0.141379s
Accumulated op time: 0.133894

Reductions: 7.97502%
Blas-1: 5.08208%
Blas-2: 81.6486%
Precon Kernels: 0%
MPI Execution: 0%
MPI Wait: 0%
Not covered: 5.29428%

Domain size: 12.1052 MByte
LA size: 30.3707 MByte
MPI size: 0.674332 MByte

H0-Error: 6.865461e-06
H1-Error: 8.068795e-03

Writing DATA to output.data...
Run-Time: 0:00.280 [0:00.280]
0x31d198e880 Error: MemoryPool<CPU> still contains memory chunks on deconstructor call
