NUM-PROCS: 1
Preparing domain...
LVL-MIN: 4 [4]
LVL-MAX: 10 [10]
Creating gates...
Assembling system matrices...
Assembling system filters...
Assembling transfer matrices...
Converting assembled linear system from SparseMatrixCSR, Mem:main to SparseMatrixELL, Mem:cudaand to SparseMatrixELL, Mem:cuda...
PCG:  0 : 9.473710e-03
PCG:  1 : 1.921966e-02 / 2.028736e+00
PCG:  2 : 2.717674e-02 / 2.868648e+00
PCG:  3 : 6.676051e-02 / 7.046923e+00
PCG:  4 : 8.080562e-02 / 8.529459e+00
PCG:  5 : 4.831687e-02 / 5.100101e+00
PCG:  6 : 2.380595e-02 / 2.512843e+00
PCG:  7 : 3.978522e-03 / 4.199540e-01
PCG:  8 : 1.063552e-03 / 1.122635e-01
PCG:  9 : 9.354464e-04 / 9.874129e-02
PCG: 10 : 3.652446e-04 / 3.855349e-02
PCG: 11 : 4.136533e-05 / 4.366328e-03
PCG: 12 : 1.758494e-05 / 1.856183e-03
PCG: 13 : 5.406231e-06 / 5.706561e-04
PCG: 14 : 1.039666e-06 / 1.097422e-04
PCG: 15 : 2.565144e-07 / 2.707644e-05
PCG: 16 : 1.365605e-07 / 1.441468e-05
PCG: 17 : 2.186248e-07 / 2.307700e-05
PCG: 18 : 6.440252e-08 / 6.798025e-06
PCG:  0 : 2.243998e-04
PCG:  1 : 3.117086e-04 / 1.389077e+00
PCG:  2 : 6.709966e-04 / 2.990184e+00
PCG:  3 : 1.370871e-04 / 6.109059e-01
PCG:  4 : 1.486112e-04 / 6.622609e-01
PCG:  5 : 5.038909e-05 / 2.245505e-01
PCG:  6 : 5.179141e-05 / 2.307997e-01
PCG:  7 : 1.818776e-05 / 8.105071e-02
PCG:  8 : 7.926999e-06 / 3.532534e-02
PCG:  9 : 2.646439e-06 / 1.179341e-02
PCG: 10 : 1.646414e-06 / 7.336967e-03
PCG: 11 : 8.457714e-07 / 3.769038e-03
PCG: 12 : 6.791755e-07 / 3.026632e-03
PCG: 13 : 5.070656e-07 / 2.259653e-03
PCG: 14 : 3.977396e-07 / 1.772460e-03
PCG: 15 : 1.542519e-07 / 6.873977e-04
PCG: 16 : 4.006733e-08 / 1.785533e-04
PCG: 17 : 3.605374e-08 / 1.606675e-04
PCG: 18 : 1.580531e-08 / 7.043371e-05
PCG:  0 : 9.228540e-08
PCG:  1 : 2.657150e-07 / 2.879275e+00
PCG:  2 : 2.133545e-07 / 2.311899e+00
PCG:  3 : 5.685010e-08 / 6.160248e-01
PCG:  4 : 4.681221e-08 / 5.072547e-01
PCG:  5 : 2.328327e-08 / 2.522963e-01
PCG:  6 : 1.524645e-08 / 1.652098e-01
PCG:  7 : 7.357537e-09 / 7.972591e-02
PCG:  8 : 3.457123e-09 / 3.746121e-02
PCG:  9 : 1.824174e-09 / 1.976666e-02
PCG: 10 : 1.299382e-09 / 1.408004e-02
PCG: 11 : 9.567650e-10 / 1.036746e-02
PCG: 12 : 6.857159e-10 / 7.430383e-03
PCG: 13 : 4.158987e-10 / 4.506657e-03
PCG: 14 : 1.690967e-10 / 1.832323e-03
PCG: 15 : 1.189693e-10 / 1.289145e-03
PCG: 16 : 8.302014e-11 / 8.996021e-04
PCG: 17 : 4.845119e-11 / 5.250146e-04
PCG: 18 : 1.822090e-11 / 1.974407e-04

PCG ( VCycle ( S: Scale / C: Scale )  )

Complete solver TOE: 0.447608
18.1535 GFlop/s [18.1535 GFlops/s]

Total time: 0.447608s
Accumulated op time: 0.215998

Reductions: 46.8814%
Blas-1: 0.683857%
Blas-2: 0.690783%
Precon Kernels: 0%
MPI Execution: 0%
MPI Wait: 0%
Not covered: 51.7439%

Domain size: 192.423 MByte
LA size: 483.361 MByte
MPI size: 10.6972 MByte

H0-Error: 4.291371e-07
H1-Error: 2.017209e-03

Writing DATA to output.data...
Run-Time: 0:03.183 [0:03.183]
0x31d198e880 Error: MemoryPool<CUDA> still contains memory chunks on deconstructor call
