NUM-PROCS: 1
Preparing domain...
LVL-MIN: 6 [6]
LVL-MAX: 10 [10]
Creating gates...
Assembling system matrices...
Assembling system filters...
Assembling transfer matrices...
Converting assembled linear system from SparseMatrixCSR, Mem:main to SparseMatrixELL, Mem:cudaand to SparseMatrixELL, Mem:cuda...
PCG: 0 : 9.473711e-03
PCG: 1 : 8.278747e-02 / 8.738652e+00
PCG: 2 : 8.474121e-02 / 8.944880e+00
PCG: 3 : 1.927502e-01 / 2.034580e+01
PCG: 4 : 2.336363e-01 / 2.466154e+01
PCG: 5 : 1.561379e-01 / 1.648118e+01
PCG: 6 : 1.647634e-01 / 1.739164e+01
PCG: 7 : 1.532123e-01 / 1.617236e+01
PCG: 8 : 1.763701e-01 / 1.861679e+01
PCG: 0 : 1.763598e-01
PCG: 1 : 1.637120e-01 / 9.282840e-01
PCG: 2 : 1.050728e-01 / 5.957868e-01
PCG: 3 : 7.281967e-02 / 4.129041e-01
PCG: 4 : 8.373639e-02 / 4.748043e-01
PCG: 5 : 1.045465e-01 / 5.928025e-01
PCG: 6 : 1.303748e-01 / 7.392548e-01
PCG: 7 : 1.238175e-01 / 7.020732e-01
PCG: 8 : 9.177984e-02 / 5.204125e-01
PCG: 0 : 9.177984e-02
PCG: 1 : 5.724100e-02 / 6.236773e-01
PCG: 2 : 5.592043e-02 / 6.092888e-01
PCG: 3 : 3.714170e-02 / 4.046825e-01
PCG: 4 : 2.018539e-02 / 2.199328e-01
PCG: 5 : 2.001425e-02 / 2.180680e-01
PCG: 6 : 3.027965e-02 / 3.299161e-01
PCG: 7 : 4.063354e-02 / 4.427285e-01
PCG: 8 : 4.384859e-02 / 4.777584e-01
PCG: 0 : 4.384858e-02
PCG: 1 : 3.419594e-02 / 7.798643e-01
PCG: 2 : 2.428468e-02 / 5.538304e-01
PCG: 3 : 1.624187e-02 / 3.704082e-01
PCG: 4 : 1.641957e-02 / 3.744606e-01
PCG: 5 : 2.642636e-02 / 6.026731e-01
PCG: 6 : 3.827063e-02 / 8.727905e-01
PCG: 7 : 3.569389e-02 / 8.140261e-01
PCG: 8 : 4.672108e-02 / 1.065509e+00
PCG: 0 : 4.672108e-02
PCG: 1 : 2.970208e-02 / 6.357320e-01
PCG: 2 : 2.842945e-02 / 6.084930e-01
PCG: 3 : 1.929116e-02 / 4.129005e-01
PCG: 4 : 9.688693e-03 / 2.073731e-01
PCG: 5 : 1.189253e-02 / 2.545431e-01
PCG: 6 : 1.779304e-02 / 3.808355e-01
PCG: 7 : 2.180937e-02 / 4.667993e-01
PCG: 8 : 2.466433e-02 / 5.279058e-01
PCG: 0 : 2.466433e-02
PCG: 1 : 2.074508e-02 / 8.410966e-01
PCG: 2 : 1.579206e-02 / 6.402792e-01
PCG: 3 : 1.082762e-02 / 4.389993e-01
PCG: 4 : 9.044481e-03 / 3.667030e-01
PCG: 5 : 1.614950e-02 / 6.547717e-01
PCG: 6 : 2.244723e-02 / 9.101091e-01
PCG: 7 : 2.140444e-02 / 8.678299e-01
PCG: 8 : 2.941241e-02 / 1.192508e+00
PCG: 0 : 2.941241e-02
PCG: 1 : 1.904470e-02 / 6.475057e-01
PCG: 2 : 1.835799e-02 / 6.241580e-01
PCG: 3 : 1.339884e-02 / 4.555504e-01
PCG: 4 : 6.583738e-03 / 2.238421e-01
PCG: 5 : 8.270795e-03 / 2.812009e-01
PCG: 6 : 1.134089e-02 / 3.855817e-01
PCG: 7 : 1.361443e-02 / 4.628805e-01
PCG: 8 : 1.539350e-02 / 5.233675e-01
PCG: 0 : 1.539350e-02
PCG: 1 : 1.325218e-02 / 8.608948e-01
PCG: 2 : 1.037090e-02 / 6.737192e-01
PCG: 3 : 7.675645e-03 / 4.986290e-01
PCG: 4 : 6.097529e-03 / 3.961106e-01
PCG: 5 : 1.099086e-02 / 7.139934e-01
PCG: 6 : 1.424711e-02 / 9.255275e-01
PCG: 7 : 1.350815e-02 / 8.775233e-01
PCG: 8 : 1.897309e-02 / 1.232539e+00
PCG: 0 : 1.897309e-02
PCG: 1 : 1.231420e-02 / 6.490352e-01
PCG: 2 : 1.192934e-02 / 6.287506e-01
PCG: 3 : 9.220362e-03 / 4.859704e-01
PCG: 4 : 4.707697e-03 / 2.481249e-01
PCG: 5 : 5.783339e-03 / 3.048179e-01
PCG: 6 : 7.412216e-03 / 3.906699e-01
PCG: 7 : 8.742704e-03 / 4.607949e-01
PCG: 8 : 9.861479e-03 / 5.197613e-01
PCG: 0 : 9.861478e-03
PCG: 1 : 8.556495e-03 / 8.676687e-01
PCG: 2 : 6.819016e-03 / 6.914801e-01
PCG: 3 : 5.426580e-03 / 5.502806e-01
PCG: 4 : 4.358048e-03 / 4.419265e-01
PCG: 5 : 7.508097e-03 / 7.613562e-01
PCG: 6 : 9.207391e-03 / 9.336725e-01
PCG: 7 : 8.621172e-03 / 8.742272e-01
PCG: 8 : 1.224369e-02 / 1.241567e+00
PCG: 0 : 1.224369e-02
PCG: 1 : 7.920071e-03 / 6.468698e-01
PCG: 2 : 7.755590e-03 / 6.334359e-01
PCG: 3 : 6.344771e-03 / 5.182076e-01
PCG: 4 : 3.432638e-03 / 2.803599e-01
PCG: 5 : 4.045064e-03 / 3.303796e-01
PCG: 6 : 4.866102e-03 / 3.974377e-01
PCG: 7 : 5.647182e-03 / 4.612322e-01
PCG: 8 : 6.381533e-03 / 5.212101e-01
PCG: 0 : 6.381532e-03
PCG: 1 : 5.534010e-03 / 8.671915e-01
PCG: 2 : 4.477291e-03 / 7.016013e-01
PCG: 3 : 3.807482e-03 / 5.966408e-01
PCG: 4 : 3.115357e-03 / 4.881832e-01
PCG: 5 : 5.120723e-03 / 8.024285e-01
PCG: 6 : 5.981865e-03 / 9.373714e-01
PCG: 7 : 5.522960e-03 / 8.654599e-01
PCG: 8 : 7.929089e-03 / 1.242506e+00
PCG: 0 : 7.929089e-03
PCG: 1 : 5.096505e-03 / 6.427605e-01
PCG: 2 : 5.047787e-03 / 6.366163e-01
PCG: 3 : 4.329526e-03 / 5.460307e-01
PCG: 4 : 2.428029e-03 / 3.062179e-01
PCG: 5 : 2.800197e-03 / 3.531549e-01
PCG: 6 : 3.192483e-03 / 4.026293e-01
PCG: 7 : 3.663150e-03 / 4.619887e-01
PCG: 8 : 4.167515e-03 / 5.255982e-01
PCG: 0 : 4.167515e-03
PCG: 1 : 3.592510e-03 / 8.620270e-01
PCG: 2 : 2.935824e-03 / 7.044544e-01
PCG: 3 : 2.630414e-03 / 6.311709e-01
PCG: 4 : 2.156729e-03 / 5.175096e-01
PCG: 5 : 3.464471e-03 / 8.313037e-01
PCG: 6 : 3.896214e-03 / 9.349009e-01
PCG: 7 : 3.559396e-03 / 8.540812e-01
PCG: 8 : 5.165167e-03 / 1.239388e+00
PCG: 0 : 5.165167e-03
PCG: 1 : 3.295768e-03 / 6.380759e-01
PCG: 2 : 3.291825e-03 / 6.373125e-01
PCG: 3 : 2.921590e-03 / 5.656333e-01
PCG: 4 : 1.658587e-03 / 3.211100e-01
PCG: 5 : 1.916067e-03 / 3.709595e-01
PCG: 6 : 2.093273e-03 / 4.052673e-01
PCG: 7 : 2.386669e-03 / 4.620700e-01
PCG: 8 : 2.737097e-03 / 5.299146e-01
PCG: 0 : 2.737097e-03
PCG: 1 : 2.340745e-03 / 8.551928e-01
PCG: 2 : 1.924918e-03 / 7.032700e-01
PCG: 3 : 1.793430e-03 / 6.552308e-01
PCG: 4 : 1.453257e-03 / 5.309484e-01
PCG: 5 : 2.326088e-03 / 8.498377e-01
PCG: 6 : 2.540561e-03 / 9.281958e-01
PCG: 7 : 2.306884e-03 / 8.428217e-01
PCG: 8 : 3.378686e-03 / 1.234405e+00
PCG: 0 : 3.378686e-03
PCG: 1 : 2.140853e-03 / 6.336349e-01
PCG: 2 : 2.150327e-03 / 6.364389e-01
PCG: 3 : 1.955796e-03 / 5.788631e-01
PCG: 4 : 1.108881e-03 / 3.281989e-01
PCG: 5 : 1.300242e-03 / 3.848367e-01
PCG: 6 : 1.371783e-03 / 4.060107e-01
PCG: 7 : 1.560117e-03 / 4.617527e-01
PCG: 8 : 1.801994e-03 / 5.333418e-01
PCG: 0 : 1.801994e-03
PCG: 1 : 1.528869e-03 / 8.484319e-01
PCG: 2 : 1.262572e-03 / 7.006527e-01
PCG: 3 : 1.211704e-03 / 6.724238e-01
PCG: 4 : 9.638564e-04 / 5.348832e-01
PCG: 5 : 1.553617e-03 / 8.621652e-01
PCG: 6 : 1.656997e-03 / 9.195352e-01
PCG: 7 : 1.501176e-03 / 8.330638e-01
PCG: 8 : 2.214846e-03 / 1.229108e+00
PCG: 0 : 2.214846e-03
PCG: 1 : 1.394927e-03 / 6.298080e-01
PCG: 2 : 1.406210e-03 / 6.349020e-01
PCG: 3 : 1.302489e-03 / 5.880722e-01
PCG: 4 : 7.330941e-04 / 3.309911e-01
PCG: 5 : 8.772308e-04 / 3.960686e-01
PCG: 6 : 8.984567e-04 / 4.056521e-01
PCG: 7 : 1.022006e-03 / 4.614343e-01
PCG: 8 : 1.186768e-03 / 5.358244e-01
PCG: 0 : 1.186768e-03
PCG: 1 : 1.000048e-03 / 8.426653e-01
PCG: 2 : 8.283791e-04 / 6.980126e-01
PCG: 3 : 8.133925e-04 / 6.853845e-01
PCG: 4 : 6.340470e-04 / 5.342636e-01
PCG: 5 : 1.034000e-03 / 8.712739e-01
PCG: 6 : 1.080721e-03 / 9.106419e-01
PCG: 7 : 9.795678e-04 / 8.254079e-01
PCG: 8 : 1.452936e-03 / 1.224280e+00
PCG: 0 : 1.452936e-03
PCG: 1 : 9.107678e-04 / 6.268464e-01
PCG: 2 : 9.201625e-04 / 6.333125e-01
PCG: 3 : 8.643604e-04 / 5.949060e-01
PCG: 4 : 4.820810e-04 / 3.317978e-01
PCG: 5 : 5.890938e-04 / 4.054506e-01
PCG: 6 : 5.881757e-04 / 4.048187e-01
PCG: 7 : 6.703516e-04 / 4.613772e-01
PCG: 8 : 7.810027e-04 / 5.375341e-01
PCG: 0 : 7.810027e-04
PCG: 1 : 6.547364e-04 / 8.383279e-01
PCG: 2 : 5.435350e-04 / 6.959451e-01
PCG: 3 : 5.433485e-04 / 6.957063e-01
PCG: 4 : 4.154998e-04 / 5.320081e-01
PCG: 5 : 6.863209e-04 / 8.787689e-01
PCG: 6 : 7.049054e-04 / 9.025646e-01
PCG: 7 : 6.403960e-04 / 8.199665e-01
PCG: 8 : 9.530023e-04 / 1.220229e+00
PCG: 0 : 9.530023e-04
PCG: 1 : 5.955072e-04 / 6.248749e-01
PCG: 2 : 6.022731e-04 / 6.319745e-01
PCG: 3 : 5.721530e-04 / 6.003690e-01
PCG: 4 : 3.162913e-04 / 3.318894e-01
PCG: 5 : 3.939983e-04 / 4.134285e-01
PCG: 6 : 3.849433e-04 / 4.039269e-01
PCG: 7 : 4.400057e-04 / 4.617048e-01
PCG: 8 : 5.133856e-04 / 5.387034e-01
PCG: 0 : 5.133855e-04
PCG: 1 : 4.289226e-04 / 8.354787e-01
PCG: 2 : 3.565828e-04 / 6.945711e-01
PCG: 3 : 3.615672e-04 / 7.042801e-01
PCG: 4 : 2.718957e-04 / 5.296131e-01
PCG: 5 : 4.545491e-04 / 8.853952e-01
PCG: 6 : 4.598901e-04 / 8.957987e-01
PCG: 7 : 4.191870e-04 / 8.165150e-01
PCG: 8 : 6.248249e-04 / 1.217068e+00
PCG: 0 : 6.248249e-04
PCG: 1 : 3.897827e-04 / 6.238272e-01
PCG: 2 : 3.942236e-04 / 6.309345e-01
PCG: 3 : 3.780021e-04 / 6.049729e-01
PCG: 4 : 2.073581e-04 / 3.318659e-01
PCG: 5 : 2.625808e-04 / 4.202470e-01
PCG: 6 : 2.519093e-04 / 4.031678e-01
PCG: 7 : 2.888922e-04 / 4.623570e-01
PCG: 8 : 3.370414e-04 / 5.394173e-01
PCG: 0 : 3.370414e-04
PCG: 1 : 2.811136e-04 / 8.340626e-01
PCG: 2 : 2.338733e-04 / 6.939007e-01
PCG: 3 : 2.398837e-04 / 7.117336e-01
PCG: 4 : 1.778898e-04 / 5.277981e-01
PCG: 5 : 3.005062e-04 / 8.916004e-01
PCG: 6 : 3.001503e-04 / 8.905444e-01
PCG: 7 : 2.746262e-04 / 8.148144e-01
PCG: 8 : 4.094330e-04 / 1.214786e+00
PCG: 0 : 4.094330e-04
PCG: 1 : 2.553314e-04 / 6.236218e-01
PCG: 2 : 2.580311e-04 / 6.302158e-01
PCG: 3 : 2.493761e-04 / 6.090767e-01
PCG: 4 : 1.359373e-04 / 3.320135e-01
PCG: 5 : 1.744633e-04 / 4.261095e-01
PCG: 6 : 1.648579e-04 / 4.026493e-01
PCG: 7 : 1.896859e-04 / 4.632894e-01
PCG: 8 : 2.210344e-04 / 5.398548e-01
PCG: 0 : 2.210343e-04
PCG: 1 : 1.843022e-04 / 8.338171e-01
PCG: 2 : 1.533434e-04 / 6.937538e-01
PCG: 3 : 1.587855e-04 / 7.183749e-01
PCG: 4 : 1.164278e-04 / 5.267407e-01
PCG: 5 : 1.983755e-04 / 8.974871e-01
PCG: 6 : 1.959753e-04 / 8.866285e-01
PCG: 7 : 1.800218e-04 / 8.144519e-01
PCG: 8 : 2.681686e-04 / 1.213244e+00
PCG: 0 : 2.681686e-04
PCG: 1 : 1.673590e-04 / 6.240814e-01
PCG: 2 : 1.688725e-04 / 6.297252e-01
PCG: 3 : 1.643425e-04 / 6.128329e-01
PCG: 4 : 8.913496e-05 / 3.323840e-01
PCG: 5 : 1.156301e-04 / 4.311843e-01
PCG: 6 : 1.078997e-04 / 4.023577e-01
PCG: 7 : 1.245414e-04 / 4.644146e-01
PCG: 8 : 1.448367e-04 / 5.400956e-01
PCG: 0 : 1.448367e-04
PCG: 1 : 1.208629e-04 / 8.344772e-01
PCG: 2 : 1.005129e-04 / 6.939741e-01
PCG: 3 : 1.049207e-04 / 7.244070e-01
PCG: 4 : 7.624619e-05 / 5.264288e-01
PCG: 5 : 1.308103e-04 / 9.031570e-01
PCG: 6 : 1.280090e-04 / 8.838160e-01
PCG: 7 : 1.180551e-04 / 8.150909e-01
PCG: 8 : 1.755904e-04 / 1.212333e+00
PCG: 0 : 1.755904e-04
PCG: 1 : 1.097482e-04 / 6.250240e-01
PCG: 2 : 1.105116e-04 / 6.293715e-01
PCG: 3 : 1.082182e-04 / 6.163107e-01
PCG: 4 : 5.846782e-05 / 3.329785e-01
PCG: 5 : 7.648964e-05 / 4.356141e-01
PCG: 6 : 7.063029e-05 / 4.022447e-01
PCG: 7 : 8.176069e-05 / 4.656332e-01
PCG: 8 : 9.484883e-05 / 5.401711e-01
PCG: 0 : 9.484882e-05
PCG: 1 : 7.927686e-05 / 8.358234e-01
PCG: 2 : 6.586799e-05 / 6.944524e-01
PCG: 3 : 6.923934e-05 / 7.299968e-01
PCG: 4 : 4.996493e-05 / 5.267850e-01
PCG: 5 : 8.618626e-05 / 9.086698e-01
PCG: 6 : 8.364255e-05 / 8.818512e-01
PCG: 7 : 7.744282e-05 / 8.164869e-01
PCG: 8 : 1.149516e-04 / 1.211946e+00
PCG: 0 : 1.149516e-04
PCG: 1 : 7.199744e-05 / 6.263282e-01
PCG: 2 : 7.231459e-05 / 6.290872e-01
PCG: 3 : 7.122075e-05 / 6.195716e-01
PCG: 4 : 3.836847e-05 / 3.337793e-01
PCG: 5 : 5.052565e-05 / 4.395384e-01
PCG: 6 : 4.623987e-05 / 4.022550e-01
PCG: 7 : 5.367025e-05 / 4.668943e-01
PCG: 8 : 6.209304e-05 / 5.401667e-01
PCG: 0 : 6.209304e-05
PCG: 1 : 5.200866e-05 / 8.375924e-01
PCG: 2 : 4.315515e-05 / 6.950078e-01
PCG: 3 : 4.564959e-05 / 7.351805e-01
PCG: 4 : 3.276647e-05 / 5.276995e-01
PCG: 5 : 5.675411e-05 / 9.140174e-01
PCG: 6 : 5.466956e-05 / 8.804458e-01
PCG: 7 : 5.081494e-05 / 8.183677e-01
PCG: 8 : 7.525805e-05 / 1.212021e+00
PCG: 0 : 7.525805e-05
PCG: 1 : 4.724943e-05 / 6.278323e-01
PCG: 2 : 4.731870e-05 / 6.287528e-01
PCG: 3 : 4.685341e-05 / 6.225702e-01
PCG: 4 : 2.519277e-05 / 3.347519e-01
PCG: 5 : 3.334298e-05 / 4.430487e-01
PCG: 6 : 3.027493e-05 / 4.022816e-01
PCG: 7 : 3.522747e-05 / 4.680891e-01
PCG: 8 : 4.064209e-05 / 5.400365e-01
PCG: 0 : 4.064209e-05
PCG: 1 : 3.412507e-05 / 8.396486e-01
PCG: 2 : 2.826951e-05 / 6.955723e-01
PCG: 3 : 3.007704e-05 / 7.400464e-01
PCG: 4 : 2.150638e-05 / 5.291651e-01
PCG: 5 : 3.736206e-05 / 9.192947e-01
PCG: 6 : 3.574082e-05 / 8.794042e-01
PCG: 7 : 3.335156e-05 / 8.206161e-01
PCG: 8 : 4.928022e-05 / 1.212542e+00
PCG: 0 : 4.928022e-05
PCG: 1 : 3.102028e-05 / 6.294671e-01
PCG: 2 : 3.096251e-05 / 6.282949e-01
PCG: 3 : 3.081555e-05 / 6.253128e-01
PCG: 4 : 1.655512e-05 / 3.359385e-01
PCG: 5 : 2.199101e-05 / 4.462442e-01
PCG: 6 : 1.982366e-05 / 4.022641e-01
PCG: 7 : 2.312000e-05 / 4.691538e-01
PCG: 8 : 2.660254e-05 / 5.398218e-01
PCG: 0 : 2.660254e-05
PCG: 1 : 2.239480e-05 / 8.418295e-01
PCG: 2 : 1.851560e-05 / 6.960087e-01
PCG: 3 : 1.980841e-05 / 7.446060e-01
PCG: 4 : 1.413135e-05 / 5.312030e-01
PCG: 5 : 2.459383e-05 / 9.244919e-01
PCG: 6 : 2.336924e-05 / 8.784592e-01
PCG: 7 : 2.189577e-05 / 8.230709e-01
PCG: 8 : 3.228293e-05 / 1.213528e+00
PCG: 0 : 3.228293e-05
PCG: 1 : 2.037528e-05 / 6.311471e-01
PCG: 2 : 2.025972e-05 / 6.275676e-01
PCG: 3 : 2.026468e-05 / 6.277211e-01
PCG: 4 : 1.089174e-05 / 3.373840e-01
PCG: 5 : 1.450147e-05 / 4.491992e-01
PCG: 6 : 1.298098e-05 / 4.021004e-01
PCG: 7 : 1.517281e-05 / 4.699949e-01
PCG: 8 : 1.741730e-05 / 5.395206e-01
PCG: 0 : 1.741730e-05
PCG: 1 : 1.469989e-05 / 8.439821e-01
PCG: 2 : 1.212519e-05 / 6.961575e-01
PCG: 3 : 1.304275e-05 / 7.488389e-01
PCG: 4 : 9.299863e-06 / 5.339439e-01
PCG: 5 : 1.619222e-05 / 9.296629e-01
PCG: 6 : 1.528124e-05 / 8.773597e-01
PCG: 7 : 1.437996e-05 / 8.256135e-01
PCG: 8 : 2.116375e-05 / 1.215099e+00
PCG: 0 : 2.116375e-05
PCG: 1 : 1.339200e-05 / 6.327800e-01
PCG: 2 : 1.325625e-05 / 6.263660e-01
PCG: 3 : 1.332590e-05 / 6.296571e-01
PCG: 4 : 7.178822e-06 / 3.392037e-01
PCG: 5 : 9.565268e-06 / 4.519647e-01
PCG: 6 : 8.500383e-06 / 4.016483e-01
PCG: 7 : 9.956385e-06 / 4.704453e-01
PCG: 8 : 1.140821e-05 / 5.390452e-01
PCG: 0 : 1.140821e-05
PCG: 1 : 9.651804e-06 / 8.460398e-01
PCG: 2 : 7.938931e-06 / 6.958960e-01
PCG: 3 : 8.588083e-06 / 7.527981e-01
PCG: 4 : 6.134280e-06 / 5.377073e-01
PCG: 5 : 1.066597e-05 / 9.349375e-01
PCG: 6 : 9.992234e-06 / 8.758805e-01
PCG: 7 : 9.448657e-06 / 8.282327e-01
PCG: 8 : 1.388952e-05 / 1.217502e+00
PCG: 0 : 1.388952e-05
PCG: 1 : 8.810640e-06 / 6.343372e-01
PCG: 2 : 8.673330e-06 / 6.244513e-01
PCG: 3 : 8.764086e-06 / 6.309855e-01
PCG: 4 : 4.744708e-06 / 3.416035e-01
PCG: 5 : 6.314207e-06 / 4.546022e-01
PCG: 6 : 5.566157e-06 / 4.007450e-01
PCG: 7 : 6.532738e-06 / 4.703357e-01
PCG: 8 : 7.478051e-06 / 5.383951e-01
PCG: 0 : 7.478049e-06
PCG: 1 : 6.339988e-06 / 8.478130e-01
PCG: 2 : 5.196562e-06 / 6.949087e-01
PCG: 3 : 5.656464e-06 / 7.564090e-01
PCG: 4 : 4.060024e-06 / 5.429256e-01
PCG: 5 : 7.032140e-06 / 9.403709e-01
PCG: 6 : 6.532910e-06 / 8.736116e-01
PCG: 7 : 6.212937e-06 / 8.308232e-01
PCG: 8 : 9.131384e-06 / 1.221092e+00
PCG: 0 : 9.131383e-06
PCG: 1 : 5.804876e-06 / 6.357061e-01
PCG: 2 : 5.674213e-06 / 6.213968e-01
PCG: 3 : 5.765716e-06 / 6.314176e-01
PCG: 4 : 3.148858e-06 / 3.448391e-01
PCG: 5 : 4.174142e-06 / 4.571205e-01
PCG: 6 : 3.644280e-06 / 3.990940e-01
PCG: 7 : 4.285876e-06 / 4.693567e-01
PCG: 8 : 4.907290e-06 / 5.374092e-01
PCG: 0 : 4.907289e-06
PCG: 1 : 4.167148e-06 / 8.491753e-01
PCG: 2 : 3.400170e-06 / 6.928815e-01
PCG: 3 : 3.727881e-06 / 7.596620e-01
PCG: 4 : 2.700455e-06 / 5.502946e-01
PCG: 5 : 4.643065e-06 / 9.461568e-01
PCG: 6 : 4.269911e-06 / 8.701162e-01
PCG: 7 : 4.089792e-06 / 8.334118e-01
PCG: 8 : 6.018162e-06 / 1.226372e+00
PCG: 0 : 6.018162e-06
PCG: 1 : 3.832498e-06 / 6.368220e-01
PCG: 2 : 3.711355e-06 / 6.166924e-01
PCG: 3 : 3.795412e-06 / 6.306596e-01
PCG: 4 : 2.102147e-06 / 3.493006e-01
PCG: 5 : 2.765434e-06 / 4.595148e-01
PCG: 6 : 2.385311e-06 / 3.963521e-01
PCG: 7 : 2.811439e-06 / 4.671592e-01
PCG: 8 : 3.225513e-06 / 5.359632e-01
PCG: 0 : 3.225513e-06
PCG: 1 : 2.741428e-06 / 8.499200e-01
PCG: 2 : 2.223504e-06 / 6.893490e-01
PCG: 3 : 2.459525e-06 / 7.625221e-01
PCG: 4 : 1.808453e-06 / 5.606716e-01
PCG: 5 : 3.071903e-06 / 9.523764e-01
PCG: 6 : 2.789276e-06 / 8.647541e-01
PCG: 7 : 2.696597e-06 / 8.360212e-01
PCG: 8 : 3.980119e-06 / 1.233949e+00
PCG: 0 : 3.980119e-06
PCG: 1 : 2.537595e-06 / 6.375676e-01
PCG: 2 : 2.426575e-06 / 6.096741e-01
PCG: 3 : 2.500894e-06 / 6.283464e-01
PCG: 4 : 1.414449e-06 / 3.553785e-01
PCG: 5 : 1.837528e-06 / 4.616768e-01
PCG: 6 : 1.560396e-06 / 3.920476e-01
PCG: 7 : 1.844238e-06 / 4.633625e-01
PCG: 8 : 2.124913e-06 / 5.338817e-01
PCG: 0 : 2.124912e-06
PCG: 1 : 1.805675e-06 / 8.497642e-01
PCG: 2 : 1.452844e-06 / 6.837196e-01
PCG: 3 : 1.625412e-06 / 7.649314e-01
PCG: 4 : 1.221702e-06 / 5.749422e-01
PCG: 5 : 2.037764e-06 / 9.589872e-01
PCG: 6 : 1.820612e-06 / 8.567940e-01
PCG: 7 : 1.782232e-06 / 8.387318e-01
PCG: 8 : 2.644171e-06 / 1.244367e+00
PCG: 0 : 2.644171e-06
PCG: 1 : 1.686342e-06 / 6.377583e-01
PCG: 2 : 1.585593e-06 / 5.996559e-01
PCG: 3 : 1.650437e-06 / 6.241792e-01
PCG: 4 : 9.608000e-07 / 3.633653e-01
PCG: 5 : 1.225098e-06 / 4.633202e-01
PCG: 6 : 1.019763e-06 / 3.856645e-01
PCG: 7 : 1.210086e-06 / 4.576430e-01
PCG: 8 : 1.403732e-06 / 5.308780e-01
PCG: 0 : 1.403732e-06
PCG: 1 : 1.191091e-06 / 8.485175e-01
PCG: 2 : 9.483112e-07 / 6.755642e-01
PCG: 3 : 1.076692e-06 / 7.670214e-01
PCG: 4 : 8.335061e-07 / 5.937786e-01
PCG: 5 : 1.355680e-06 / 9.657680e-01
PCG: 6 : 1.187111e-06 / 8.456817e-01
PCG: 7 : 1.181783e-06 / 8.418864e-01
PCG: 8 : 1.765689e-06 / 1.257853e+00
PCG: 0 : 1.765689e-06
PCG: 1 : 1.125233e-06 / 6.372770e-01
PCG: 2 : 1.035203e-06 / 5.862886e-01
PCG: 3 : 1.091653e-06 / 6.182588e-01
PCG: 4 : 6.590780e-07 / 3.732696e-01
PCG: 5 : 8.192292e-07 / 4.639714e-01
PCG: 6 : 6.654463e-07 / 3.768763e-01
PCG: 7 : 7.946728e-07 / 4.500639e-01
PCG: 8 : 9.302170e-07 / 5.268295e-01
PCG: 0 : 9.302169e-07
PCG: 1 : 7.869044e-07 / 8.459365e-01
PCG: 2 : 6.182492e-07 / 6.646290e-01
PCG: 3 : 7.152672e-07 / 7.689252e-01
PCG: 4 : 5.739224e-07 / 6.169770e-01
PCG: 5 : 9.041028e-07 / 9.719269e-01
PCG: 6 : 7.731974e-07 / 8.312012e-01
PCG: 7 : 7.868140e-07 / 8.458393e-01
PCG: 8 : 1.184887e-06 / 1.273775e+00
PCG: 0 : 1.184887e-06
PCG: 1 : 7.535592e-07 / 6.359755e-01
PCG: 2 : 6.751742e-07 / 5.698216e-01
PCG: 3 : 7.241341e-07 / 6.111418e-01
PCG: 4 : 4.556358e-07 / 3.845394e-01
PCG: 5 : 5.486480e-07 / 4.630382e-01
PCG: 6 : 4.334306e-07 / 3.657991e-01
PCG: 7 : 5.228243e-07 / 4.412440e-01
PCG: 8 : 6.181384e-07 / 5.216855e-01
PCG: 0 : 6.181382e-07
PCG: 1 : 5.205295e-07 / 8.420923e-01
PCG: 2 : 4.026398e-07 / 6.513749e-01
PCG: 3 : 4.765695e-07 / 7.709756e-01
PCG: 4 : 3.975891e-07 / 6.432042e-01
PCG: 5 : 6.036273e-07 / 9.765247e-01
PCG: 6 : 5.032174e-07 / 8.140855e-01
PCG: 7 : 5.260760e-07 / 8.510653e-01
PCG: 8 : 7.977552e-07 / 1.290577e+00
PCG: 0 : 7.977552e-07
PCG: 1 : 5.057107e-07 / 6.339172e-01
PCG: 2 : 4.399457e-07 / 5.514796e-01
PCG: 3 : 4.818251e-07 / 6.039761e-01
PCG: 4 : 3.160632e-07 / 3.961907e-01
PCG: 5 : 3.671095e-07 / 4.601781e-01
PCG: 6 : 2.818621e-07 / 3.533190e-01
PCG: 7 : 3.449302e-07 / 4.323759e-01
PCG: 8 : 4.114295e-07 / 5.157340e-01
PCG: 0 : 4.114295e-07
PCG: 1 : 3.445118e-07 / 8.373532e-01
PCG: 2 : 2.620806e-07 / 6.370001e-01
PCG: 3 : 3.182340e-07 / 7.734837e-01
PCG: 4 : 2.756763e-07 / 6.700450e-01
PCG: 5 : 4.026886e-07 / 9.787548e-01
PCG: 6 : 3.275052e-07 / 7.960178e-01
PCG: 7 : 3.528975e-07 / 8.577352e-01
PCG: 8 : 5.373935e-07 / 1.306162e+00
PCG: 0 : 5.373935e-07
PCG: 1 : 3.392962e-07 / 6.313738e-01
PCG: 2 : 2.865351e-07 / 5.331942e-01
PCG: 3 : 3.213341e-07 / 5.979494e-01
PCG: 4 : 2.187495e-07 / 4.070565e-01
PCG: 5 : 2.448739e-07 / 4.556697e-01
PCG: 6 : 1.832141e-07 / 3.409311e-01
PCG: 7 : 2.282841e-07 / 4.247989e-01
PCG: 8 : 2.738485e-07 / 5.095866e-01
PCG: 0 : 2.738485e-07
PCG: 1 : 2.279330e-07 / 8.323326e-01
PCG: 2 : 1.706342e-07 / 6.230971e-01
PCG: 3 : 2.126374e-07 / 7.764781e-01
PCG: 4 : 1.902628e-07 / 6.947740e-01
PCG: 5 : 2.679851e-07 / 9.785889e-01
PCG: 6 : 2.133610e-07 / 7.791206e-01
PCG: 7 : 2.369901e-07 / 8.654059e-01
PCG: 8 : 3.611649e-07 / 1.318849e+00
PCG: 0 : 3.611649e-07
PCG: 1 : 2.270798e-07 / 6.287426e-01
PCG: 2 : 1.866812e-07 / 5.168864e-01
PCG: 3 : 2.144366e-07 / 5.937360e-01
PCG: 4 : 1.503321e-07 / 4.162423e-01
PCG: 5 : 1.626614e-07 / 4.503798e-01
PCG: 6 : 1.192190e-07 / 3.300957e-01
PCG: 7 : 1.514289e-07 / 4.192791e-01
PCG: 8 : 1.819731e-07 / 5.038506e-01
PCG: 0 : 1.819731e-07
PCG: 1 : 1.506395e-07 / 8.278120e-01
PCG: 2 : 1.112184e-07 / 6.111802e-01
PCG: 3 : 1.419038e-07 / 7.798063e-01
PCG: 4 : 1.302002e-07 / 7.154914e-01
PCG: 5 : 1.777794e-07 / 9.769542e-01
PCG: 6 : 1.392295e-07 / 7.651103e-01
PCG: 7 : 1.589090e-07 / 8.732551e-01
PCG: 8 : 2.416765e-07 / 1.328089e+00
PCG: 0 : 2.416765e-07
PCG: 1 : 1.514048e-07 / 6.264770e-01
PCG: 2 : 1.217581e-07 / 5.038059e-01
PCG: 3 : 1.429195e-07 / 5.913668e-01
PCG: 4 : 1.023323e-07 / 4.234269e-01
PCG: 5 : 1.076353e-07 / 4.453694e-01
PCG: 6 : 7.774022e-08 / 3.216706e-01
PCG: 7 : 1.005006e-07 / 4.158477e-01
PCG: 8 : 1.206185e-07 / 4.990906e-01
PCG: 0 : 1.206185e-07
PCG: 1 : 9.941572e-08 / 8.242165e-01
PCG: 2 : 7.260505e-08 / 6.019399e-01
PCG: 3 : 9.445201e-08 / 7.830643e-01
PCG: 4 : 8.822389e-08 / 7.314295e-01
PCG: 5 : 1.175872e-07 / 9.748694e-01
PCG: 6 : 9.101316e-08 / 7.545542e-01
PCG: 7 : 1.061802e-07 / 8.802978e-01
PCG: 8 : 1.609345e-07 / 1.334244e+00
PCG: 0 : 1.609345e-07
PCG: 1 : 1.005472e-07 / 6.247707e-01
PCG: 2 : 7.953003e-08 / 4.941764e-01
PCG: 3 : 9.500840e-08 / 5.903544e-01
PCG: 4 : 6.899071e-08 / 4.286881e-01
PCG: 5 : 7.102553e-08 / 4.413319e-01
PCG: 6 : 5.080532e-08 / 3.156894e-01
PCG: 7 : 6.662803e-08 / 4.140071e-01
PCG: 8 : 7.973895e-08 / 4.954745e-01
PCG: 0 : 7.973895e-08
PCG: 1 : 6.552254e-08 / 8.217131e-01
PCG: 2 : 4.747433e-08 / 5.953719e-01
PCG: 3 : 6.267348e-08 / 7.859833e-01
PCG: 4 : 5.924258e-08 / 7.429567e-01
PCG: 5 : 7.759970e-08 / 9.731719e-01
PCG: 6 : 5.957971e-08 / 7.471846e-01
PCG: 7 : 7.065262e-08 / 8.860490e-01
PCG: 8 : 1.067041e-07 / 1.338168e+00
PCG: 0 : 1.067041e-07
PCG: 1 : 6.654763e-08 / 6.236651e-01
PCG: 2 : 5.202357e-08 / 4.875497e-01
PCG: 3 : 6.297558e-08 / 5.901888e-01
PCG: 4 : 4.613809e-08 / 4.323928e-01
PCG: 5 : 4.678620e-08 / 4.384667e-01
PCG: 6 : 3.326092e-08 / 3.117117e-01
PCG: 7 : 4.408510e-08 / 4.131528e-01
PCG: 8 : 5.259539e-08 / 4.929087e-01
PCG: 0 : 5.259540e-08
PCG: 1 : 4.313844e-08 / 8.201941e-01
PCG: 2 : 3.108496e-08 / 5.910205e-01
PCG: 3 : 4.147018e-08 / 7.884755e-01
PCG: 4 : 3.949676e-08 / 7.509547e-01
PCG: 5 : 5.112975e-08 / 9.721335e-01
PCG: 6 : 3.904069e-08 / 7.422834e-01
PCG: 7 : 4.683452e-08 / 8.904680e-01
PCG: 8 : 7.050958e-08 / 1.340604e+00
PCG: 0 : 7.050958e-08
PCG: 1 : 4.393344e-08 / 6.230847e-01
PCG: 2 : 3.407081e-08 / 4.832082e-01
PCG: 3 : 4.163426e-08 / 5.904766e-01
PCG: 4 : 3.066826e-08 / 4.349516e-01
PCG: 5 : 3.078888e-08 / 4.366624e-01
PCG: 6 : 2.180109e-08 / 3.091933e-01
PCG: 7 : 2.911177e-08 / 4.128768e-01
PCG: 8 : 3.463562e-08 / 4.912186e-01
PCG: 0 : 3.463562e-08
PCG: 1 : 2.837988e-08 / 8.193843e-01
PCG: 2 : 2.037439e-08 / 5.882495e-01
PCG: 3 : 2.738031e-08 / 7.905246e-01
PCG: 4 : 2.619674e-08 / 7.563525e-01
PCG: 5 : 3.365485e-08 / 9.716831e-01
PCG: 6 : 2.559945e-08 / 7.391077e-01
PCG: 7 : 3.095553e-08 / 8.937484e-01
PCG: 8 : 4.648487e-08 / 1.342112e+00
PCG: 0 : 4.648487e-08
PCG: 1 : 2.895415e-08 / 6.228727e-01
PCG: 2 : 2.233345e-08 / 4.804456e-01
PCG: 3 : 2.747100e-08 / 5.909665e-01
PCG: 4 : 2.029958e-08 / 4.366923e-01
PCG: 5 : 2.025038e-08 / 4.356339e-01
PCG: 6 : 1.430022e-08 / 3.076318e-01
PCG: 7 : 1.919300e-08 / 4.128871e-01
PCG: 8 : 2.278196e-08 / 4.900941e-01
PCG: 0 : 2.278196e-08
PCG: 1 : 1.866142e-08 / 8.191317e-01
PCG: 2 : 1.336396e-08 / 5.866028e-01
PCG: 3 : 1.804935e-08 / 7.922654e-01
PCG: 4 : 1.731478e-08 / 7.600214e-01
PCG: 5 : 2.213854e-08 / 9.717576e-01
PCG: 6 : 1.679321e-08 / 7.371277e-01
PCG: 7 : 2.041875e-08 / 8.962684e-01
PCG: 8 : 3.059797e-08 / 1.343079e+00
PCG: 0 : 3.059797e-08
PCG: 1 : 1.906103e-08 / 6.229509e-01
PCG: 2 : 1.464867e-08 / 4.787466e-01
PCG: 3 : 1.810064e-08 / 5.915633e-01
PCG: 4 : 1.339919e-08 / 4.379112e-01
PCG: 5 : 1.331485e-08 / 4.351547e-01
PCG: 6 : 9.384629e-09 / 3.067076e-01
PCG: 7 : 1.263907e-08 / 4.130689e-01
PCG: 8 : 1.497438e-08 / 4.893914e-01
PCG: 0 : 1.497438e-08
PCG: 1 : 1.226724e-08 / 8.192151e-01
PCG: 2 : 8.770034e-09 / 5.856691e-01
PCG: 3 : 1.188599e-08 / 7.937552e-01
PCG: 4 : 1.141800e-08 / 7.625020e-01
PCG: 5 : 1.455659e-08 / 9.720992e-01
PCG: 6 : 1.101965e-08 / 7.359001e-01
PCG: 7 : 1.345044e-08 / 8.982301e-01
PCG: 8 : 2.012078e-08 / 1.343680e+00
PCG: 0 : 2.012078e-08
PCG: 1 : 1.253939e-08 / 6.232058e-01
PCG: 2 : 9.612278e-09 / 4.777290e-01
PCG: 3 : 1.191509e-08 / 5.921784e-01
PCG: 4 : 8.828244e-09 / 4.387625e-01
PCG: 5 : 8.753087e-09 / 4.350273e-01
PCG: 6 : 6.160636e-09 / 3.061828e-01
PCG: 7 : 8.316994e-09 / 4.133535e-01
PCG: 8 : 9.837877e-09 / 4.889412e-01
PCG: 0 : 9.837877e-09
PCG: 1 : 8.062513e-09 / 8.195379e-01
PCG: 2 : 5.757169e-09 / 5.852044e-01
PCG: 3 : 7.821866e-09 / 7.950766e-01
PCG: 4 : 7.518393e-09 / 7.642292e-01
PCG: 5 : 9.568937e-09 / 9.726627e-01
PCG: 6 : 7.232781e-09 / 7.351973e-01
PCG: 7 : 8.852902e-09 / 8.998793e-01
PCG: 8 : 1.322281e-08 / 1.344071e+00
PCG: 0 : 1.322281e-08
PCG: 1 : 8.245672e-09 / 6.235947e-01
PCG: 2 : 6.309407e-09 / 4.771610e-01
PCG: 3 : 7.838659e-09 / 5.928136e-01
PCG: 4 : 5.809933e-09 / 4.393873e-01
PCG: 5 : 5.753523e-09 / 4.351212e-01
PCG: 6 : 4.045150e-09 / 3.059222e-01
PCG: 7 : 5.470270e-09 / 4.136997e-01
PCG: 8 : 6.461276e-09 / 4.886463e-01
PCG: 0 : 6.461275e-09
PCG: 1 : 5.298495e-09 / 8.200387e-01
PCG: 2 : 3.780328e-09 / 5.850746e-01
PCG: 3 : 5.145102e-09 / 7.962982e-01
PCG: 4 : 4.945852e-09 / 7.654606e-01
PCG: 5 : 6.289034e-09 / 9.733426e-01
PCG: 6 : 4.748061e-09 / 7.348490e-01
PCG: 7 : 5.823846e-09 / 9.013463e-01
PCG: 8 : 8.685808e-09 / 1.344287e+00
PCG: 0 : 8.685808e-09
PCG: 1 : 5.420785e-09 / 6.240969e-01
PCG: 2 : 4.142300e-09 / 4.769044e-01
PCG: 3 : 5.154682e-09 / 5.934604e-01
PCG: 4 : 3.820641e-09 / 4.398717e-01
PCG: 5 : 3.781599e-09 / 4.353768e-01
PCG: 6 : 2.656604e-09 / 3.058558e-01
PCG: 7 : 3.596971e-09 / 4.141205e-01
PCG: 8 : 4.242909e-09 / 4.884876e-01
PCG: 0 : 4.242909e-09
PCG: 1 : 3.481874e-09 / 8.206338e-01
PCG: 2 : 2.482745e-09 / 5.851516e-01
PCG: 3 : 3.383501e-09 / 7.974486e-01
PCG: 4 : 3.251582e-09 / 7.663568e-01
PCG: 5 : 4.132947e-09 / 9.740834e-01
PCG: 6 : 3.117548e-09 / 7.347667e-01
PCG: 7 : 3.830142e-09 / 9.027162e-01
PCG: 8 : 5.704241e-09 / 1.344417e+00
PCG: 0 : 5.704241e-09
PCG: 1 : 3.563243e-09 / 6.246657e-01
PCG: 2 : 2.720134e-09 / 4.768617e-01
PCG: 3 : 3.388930e-09 / 5.941071e-01
PCG: 4 : 2.511250e-09 / 4.402427e-01
PCG: 5 : 2.485434e-09 / 4.357169e-01
PCG: 6 : 1.744966e-09 / 3.059068e-01
PCG: 7 : 2.364854e-09 / 4.145782e-01
PCG: 8 : 2.785727e-09 / 4.883607e-01
PCG: 0 : 2.785727e-09
PCG: 1 : 2.288075e-09 / 8.213565e-01
PCG: 2 : 1.630824e-09 / 5.854213e-01
PCG: 3 : 2.224645e-09 / 7.985869e-01
PCG: 4 : 2.136862e-09 / 7.670752e-01
PCG: 5 : 2.715932e-09 / 9.749455e-01
PCG: 6 : 2.047326e-09 / 7.349342e-01
PCG: 7 : 2.518597e-09 / 9.041075e-01
PCG: 8 : 3.745403e-09 / 1.344498e+00
PCG: 0 : 3.745403e-09
PCG: 1 : 2.342098e-09 / 6.253260e-01
PCG: 2 : 1.786553e-09 / 4.769988e-01
PCG: 3 : 2.227716e-09 / 5.947868e-01
PCG: 4 : 1.650084e-09 / 4.405624e-01
PCG: 5 : 1.633459e-09 / 4.361237e-01
PCG: 6 : 1.146334e-09 / 3.060644e-01
PCG: 7 : 1.554633e-09 / 4.150777e-01
PCG: 8 : 1.828778e-09 / 4.882727e-01
PCG: 0 : 1.828778e-09
PCG: 1 : 1.503545e-09 / 8.221582e-01
PCG: 2 : 1.071377e-09 / 5.858429e-01
PCG: 3 : 1.462517e-09 / 7.997237e-01
PCG: 4 : 1.403838e-09 / 7.676373e-01
PCG: 5 : 1.784537e-09 / 9.758083e-01
PCG: 6 : 1.344642e-09 / 7.352682e-01
PCG: 7 : 1.655945e-09 / 9.054925e-01
PCG: 8 : 2.458765e-09 / 1.344485e+00

PCG ( VCycle ( S: Scale / C: Scale )  )

Complete solver TOE: 71.176
0.00230917 GFlop/s [0.00230917 GFlops/s]

Total time: 71.176s
Accumulated op time: 61.7534

Reductions: 82.677%
Blas-1: 2.31685%
Blas-2: 1.76772%
Precon Kernels: 0%
MPI Execution: 0%
MPI Wait: 0%
Not covered: 13.2384%

Domain size: 106.835 MByte
LA size: 355.578 MByte
MPI size: 10.6866 MByte

H0-Error: 4.307890e-07
H1-Error: 2.017209e-03

Writing DATA to output.data...
Run-Time: 1:22.839 [1:22.839]
0xb333f9f8 Error: MemoryPool<CUDA> still contains memory chunks on deconstructor call
