NUM-PROCS: 1
Preparing domain...
LVL-MIN: 4 [4]
LVL-MAX: 9 [9]
Creating gates...
Assembling system matrices...
Assembling system filters...
Assembling transfer matrices...
Converting assembled linear system from SparseMatrixCSR, Mem:main to SparseMatrixCSR, Mem:mainand to SparseMatrixCSR, Mem:main...
PCG:  0 : 1.894513e-02
PCG:  1 : 3.774730e-02 / 1.992454e+00
PCG:  2 : 4.953502e-02 / 2.614657e+00
PCG:  3 : 1.147277e-01 / 6.055789e+00
PCG:  4 : 1.196864e-01 / 6.317527e+00
PCG:  5 : 5.468968e-02 / 2.886741e+00
PCG:  6 : 2.265389e-02 / 1.195763e+00
PCG:  7 : 4.091762e-03 / 2.159797e-01
PCG:  8 : 1.388645e-03 / 7.329825e-02
PCG:  9 : 1.175736e-03 / 6.206005e-02
PCG: 10 : 3.275139e-04 / 1.728750e-02
PCG: 11 : 3.820419e-05 / 2.016571e-03
PCG: 12 : 2.308312e-05 / 1.218420e-03
PCG: 13 : 7.488807e-06 / 3.952893e-04
PCG: 14 : 9.743522e-07 / 5.143022e-05
PCG: 15 : 7.150500e-07 / 3.774321e-05
PCG: 16 : 1.094310e-06 / 5.776205e-05
PCG: 17 : 1.004154e-06 / 5.300329e-05
PCG: 18 : 2.020757e-07 / 1.066637e-05
PCG: 19 : 2.531563e-07 / 1.336261e-05
PCG: 20 : 1.457559e-07 / 7.693582e-06
PCG:  0 : 5.487493e-04
PCG:  1 : 5.714295e-05 / 1.041331e-01
PCG:  2 : 9.612404e-05 / 1.751693e-01
PCG:  3 : 4.085480e-05 / 7.445076e-02
PCG:  4 : 5.935530e-05 / 1.081647e-01
PCG:  5 : 4.046738e-05 / 7.374476e-02
PCG:  6 : 3.275776e-05 / 5.969531e-02
PCG:  7 : 1.963201e-05 / 3.577591e-02
PCG:  8 : 9.258411e-06 / 1.687184e-02
PCG:  9 : 1.757208e-06 / 3.202205e-03
PCG: 10 : 7.740848e-07 / 1.410635e-03
PCG: 11 : 7.156957e-07 / 1.304231e-03
PCG: 12 : 4.829379e-07 / 8.800703e-04
PCG: 13 : 3.919479e-07 / 7.142568e-04
PCG: 14 : 1.047403e-07 / 1.908710e-04
PCG: 15 : 9.138445e-08 / 1.665322e-04
PCG: 16 : 3.086436e-08 / 5.624492e-05
PCG: 17 : 7.182416e-09 / 1.308870e-05
PCG: 18 : 9.799693e-09 / 1.785823e-05
PCG: 19 : 3.262369e-09 / 5.945100e-06
PCG: 20 : 1.761877e-09 / 3.210714e-06
PCG:  0 : 1.395470e-08
PCG:  1 : 2.255138e-08 / 1.616043e+00
PCG:  2 : 2.845901e-08 / 2.039386e+00
PCG:  3 : 6.491760e-09 / 4.652025e-01
PCG:  4 : 4.138459e-09 / 2.965639e-01
PCG:  5 : 2.290699e-09 / 1.641525e-01
PCG:  6 : 1.381686e-09 / 9.901226e-02
PCG:  7 : 6.561299e-10 / 4.701857e-02
PCG:  8 : 4.180674e-10 / 2.995890e-02
PCG:  9 : 2.278112e-10 / 1.632506e-02
PCG: 10 : 1.689470e-10 / 1.210682e-02
PCG: 11 : 8.586491e-11 / 6.153119e-03
PCG: 12 : 4.616798e-11 / 3.308419e-03
PCG: 13 : 3.849753e-11 / 2.758750e-03
PCG: 14 : 2.438695e-11 / 1.747580e-03
PCG: 15 : 1.770481e-11 / 1.268735e-03
PCG: 16 : 8.990863e-12 / 6.442894e-04
PCG: 17 : 3.839017e-12 / 2.751057e-04
PCG: 18 : 1.862942e-12 / 1.334993e-04
PCG: 19 : 1.186191e-12 / 8.500297e-05
PCG: 20 : 7.247418e-13 / 5.193533e-05
PCG:  0 : 2.293333e-12
PCG:  1 : 7.201672e-12 / 3.140265e+00
PCG:  2 : 5.291208e-12 / 2.307213e+00
PCG:  3 : 2.567177e-12 / 1.119409e+00
PCG:  4 : 1.040365e-12 / 4.536475e-01
PCG:  5 : 7.573020e-13 / 3.302190e-01
PCG:  6 : 3.362044e-13 / 1.466008e-01
PCG:  7 : 2.330858e-13 / 1.016363e-01
PCG:  8 : 1.114242e-13 / 4.858614e-02
PCG:  9 : 7.381255e-14 / 3.218571e-02
PCG: 10 : 5.019201e-14 / 2.188606e-02
PCG: 11 : 3.428262e-14 / 1.494882e-02
PCG: 12 : 2.523640e-14 / 1.100425e-02
PCG: 13 : 1.421077e-14 / 6.196558e-03
PCG: 14 : 6.867523e-15 / 2.994560e-03
PCG: 15 : 3.372525e-15 / 1.470578e-03
PCG: 16 : 2.319450e-15 / 1.011388e-03
PCG: 17 : 1.058366e-15 / 4.614968e-04
PCG: 18 : 5.378765e-16 / 2.345392e-04
PCG: 19 : 2.816403e-16 / 1.228083e-04
PCG: 20 : 2.285547e-16 / 9.966051e-05

PCG ( VCycle ( S: Scale / C: Scale )  )

Complete solver TOE: 6.57481
0.457125 GFlop/s [0.457125 GFlops/s]

Total time: 6.57481s
Accumulated op time: 6.42155

Reductions: 1.78595%
Blas-1: 5.44387%
Blas-2: 90.4392%
Precon Kernels: 0%
MPI Execution: 0%
MPI Wait: 0%
Not covered: 2.33094%

Domain size: 26.799 MByte
LA size: 89.2379 MByte
MPI size: 2.68149 MByte

H0-Error: 1.716359e-06
H1-Error: 4.034414e-03

Writing DATA to output.data...
Run-Time: 0:09.010 [0:09.010]
0xb336d9f8 Error: MemoryPool<CPU> still contains memory chunks on deconstructor call
