NUM-PROCS: 1
Preparing domain...
LVL-MIN: 5 [5]
LVL-MAX: 10 [10]
Creating gates...
Assembling system matrices...
Assembling system filters...
Assembling transfer matrices...
Converting assembled linear system from SparseMatrixCSR, Mem:main to SparseMatrixCSR, Mem:mainand to SparseMatrixCSR, Mem:main...
PCG:  0 : 9.473041e-03
PCG:  1 : 4.063083e-02 / 4.289102e+00
PCG:  2 : 4.513056e-02 / 4.764105e+00
PCG:  3 : 1.234024e-01 / 1.302669e+01
PCG:  4 : 2.104577e-01 / 2.221649e+01
PCG:  5 : 1.789906e-01 / 1.889474e+01
PCG:  6 : 1.623307e-01 / 1.713607e+01
PCG:  7 : 9.671058e-02 / 1.020903e+01
PCG:  8 : 7.071462e-02 / 7.464828e+00
PCG:  9 : 7.186624e-02 / 7.586397e+00
PCG: 10 : 4.877474e-02 / 5.148794e+00
PCG: 11 : 2.546264e-02 / 2.687906e+00
PCG: 12 : 1.066932e-02 / 1.126282e+00
PCG: 13 : 5.589183e-03 / 5.900094e-01
PCG:  0 : 5.545772e-03
PCG:  1 : 2.915487e-03 / 5.257135e-01
PCG:  2 : 1.425778e-03 / 2.570929e-01
PCG:  3 : 1.415908e-03 / 2.553131e-01
PCG:  4 : 9.163325e-04 / 1.652308e-01
PCG:  5 : 4.711110e-04 / 8.494958e-02
PCG:  6 : 3.749775e-04 / 6.761503e-02
PCG:  7 : 2.543578e-04 / 4.586517e-02
PCG:  8 : 1.508772e-04 / 2.720582e-02
PCG:  9 : 1.349348e-04 / 2.433112e-02
PCG: 10 : 2.082083e-04 / 3.754361e-02
PCG: 11 : 2.932174e-04 / 5.287225e-02
PCG: 12 : 3.119630e-04 / 5.625241e-02
PCG: 13 : 2.065852e-04 / 3.725094e-02
PCG:  0 : 2.065851e-04
PCG:  1 : 1.334219e-04 / 6.458445e-01
PCG:  2 : 1.165765e-04 / 5.643026e-01
PCG:  3 : 6.239254e-05 / 3.020185e-01
PCG:  4 : 2.485419e-05 / 1.203097e-01
PCG:  5 : 4.214490e-05 / 2.040074e-01
PCG:  6 : 5.723721e-05 / 2.770635e-01
PCG:  7 : 4.254053e-05 / 2.059225e-01
PCG:  8 : 3.278395e-05 / 1.586946e-01
PCG:  9 : 2.957897e-05 / 1.431805e-01
PCG: 10 : 2.699325e-05 / 1.306640e-01
PCG: 11 : 3.848401e-05 / 1.862864e-01
PCG: 12 : 4.418878e-05 / 2.139010e-01
PCG: 13 : 3.062320e-05 / 1.482353e-01
PCG:  0 : 3.062319e-05
PCG:  1 : 1.602783e-05 / 5.233886e-01
PCG:  2 : 1.191473e-05 / 3.890756e-01
PCG:  3 : 1.177248e-05 / 3.844303e-01
PCG:  4 : 5.549367e-06 / 1.812146e-01
PCG:  5 : 4.517597e-06 / 1.475221e-01
PCG:  6 : 4.997501e-06 / 1.631934e-01
PCG:  7 : 4.781490e-06 / 1.561395e-01
PCG:  8 : 3.880521e-06 / 1.267184e-01
PCG:  9 : 2.749119e-06 / 8.977248e-02
PCG: 10 : 3.221867e-06 / 1.052101e-01
PCG: 11 : 3.115628e-06 / 1.017408e-01
PCG: 12 : 3.847658e-06 / 1.256453e-01
PCG: 13 : 3.926850e-06 / 1.282313e-01
PCG:  0 : 3.926853e-06
PCG:  1 : 2.401049e-06 / 6.114436e-01
PCG:  2 : 1.955608e-06 / 4.980089e-01
PCG:  3 : 1.267558e-06 / 3.227923e-01
PCG:  4 : 1.003227e-06 / 2.554786e-01
PCG:  5 : 1.129190e-06 / 2.875560e-01
PCG:  6 : 9.552172e-07 / 2.432526e-01
PCG:  7 : 1.042834e-06 / 2.655647e-01
PCG:  8 : 6.753376e-07 / 1.719793e-01
PCG:  9 : 7.197332e-07 / 1.832850e-01
PCG: 10 : 1.054627e-06 / 2.685681e-01
PCG: 11 : 8.257149e-07 / 2.102739e-01
PCG: 12 : 7.380220e-07 / 1.879423e-01
PCG: 13 : 6.911111e-07 / 1.759962e-01
PCG:  0 : 6.911118e-07
PCG:  1 : 4.268610e-07 / 6.176440e-01
PCG:  2 : 3.617846e-07 / 5.234820e-01
PCG:  3 : 2.921907e-07 / 4.227836e-01
PCG:  4 : 1.545392e-07 / 2.236096e-01
PCG:  5 : 1.328309e-07 / 1.921988e-01
PCG:  6 : 1.368625e-07 / 1.980324e-01
PCG:  7 : 1.429327e-07 / 2.068156e-01
PCG:  8 : 1.051409e-07 / 1.521330e-01
PCG:  9 : 7.185101e-08 / 1.039644e-01
PCG: 10 : 9.360440e-08 / 1.354403e-01
PCG: 11 : 9.129787e-08 / 1.321029e-01
PCG: 12 : 1.034061e-07 / 1.496229e-01
PCG: 13 : 1.065092e-07 / 1.541128e-01
PCG:  0 : 1.065092e-07
PCG:  1 : 6.938334e-08 / 6.514307e-01
PCG:  2 : 5.531344e-08 / 5.193304e-01
PCG:  3 : 3.753981e-08 / 3.524561e-01
PCG:  4 : 3.051395e-08 / 2.864913e-01
PCG:  5 : 3.065644e-08 / 2.878292e-01
PCG:  6 : 3.202670e-08 / 3.006944e-01
PCG:  7 : 2.835079e-08 / 2.661817e-01
PCG:  8 : 2.030722e-08 / 1.906617e-01
PCG:  9 : 2.270754e-08 / 2.131979e-01
PCG: 10 : 2.524934e-08 / 2.370626e-01
PCG: 11 : 2.892189e-08 / 2.715437e-01
PCG: 12 : 2.011656e-08 / 1.888716e-01
PCG: 13 : 1.983749e-08 / 1.862515e-01
PCG:  0 : 1.983750e-08
PCG:  1 : 1.345977e-08 / 6.785015e-01
PCG:  2 : 1.197070e-08 / 6.034378e-01
PCG:  3 : 7.378551e-09 / 3.719497e-01
PCG:  4 : 5.186678e-09 / 2.614583e-01
PCG:  5 : 3.864036e-09 / 1.947844e-01
PCG:  6 : 4.842413e-09 / 2.441040e-01
PCG:  7 : 4.553581e-09 / 2.295441e-01
PCG:  8 : 3.426391e-09 / 1.727230e-01
PCG:  9 : 2.589140e-09 / 1.305175e-01
PCG: 10 : 2.636096e-09 / 1.328845e-01
PCG: 11 : 3.217699e-09 / 1.622029e-01
PCG: 12 : 2.945069e-09 / 1.484597e-01
PCG: 13 : 3.425630e-09 / 1.726846e-01
PCG:  0 : 3.425630e-09
PCG:  1 : 2.204025e-09 / 6.433926e-01
PCG:  2 : 1.733139e-09 / 5.059330e-01
PCG:  3 : 1.203223e-09 / 3.512414e-01
PCG:  4 : 1.047701e-09 / 3.058419e-01
PCG:  5 : 1.026103e-09 / 2.995369e-01
PCG:  6 : 1.085872e-09 / 3.169845e-01
PCG:  7 : 9.487287e-10 / 2.769501e-01
PCG:  8 : 6.659190e-10 / 1.943931e-01
PCG:  9 : 7.610448e-10 / 2.221620e-01
PCG: 10 : 8.080859e-10 / 2.358941e-01
PCG: 11 : 9.127887e-10 / 2.664586e-01
PCG: 12 : 6.411051e-10 / 1.871495e-01
PCG: 13 : 6.528432e-10 / 1.905761e-01

PCG ( VCycle ( S: Scale / C: Scale )  )

Complete solver TOE: 45.1408
0.0120814 GFlop/s [0.0120814 GFlops/s]

Total time: 45.1408s
Accumulated op time: 44.0823

Reductions: 1.66163%
Blas-1: 5.23693%
Blas-2: 90.7565%
Precon Kernels: 0%
MPI Execution: 0%
MPI Wait: 0%
Not covered: 2.34492%

Domain size: 106.918 MByte
LA size: 356.315 MByte
MPI size: 10.6949 MByte

H0-Error: 4.292354e-07
H1-Error: 2.017209e-03

Writing DATA to output.data...
Run-Time: 0:54.980 [0:54.980]
0xb32e99f8 Error: MemoryPool<CPU> still contains memory chunks on deconstructor call
