NUM-PROCS: 1
Preparing domain...
LVL-MIN: 3 [3]
LVL-MAX: 6 [6]
Creating gates...
Assembling system matrices...
Assembling system filters...
Assembling transfer matrices...
Converting assembled linear system from SparseMatrixCSR, Mem:main to SparseMatrixCSR, Mem:mainand to SparseMatrixCSR, Mem:main...
PCG: 0 : 1.512628e-01
PCG: 1 : 1.459592e-01 / 9.649379e-01
PCG: 2 : 1.248537e-01 / 8.254088e-01
PCG: 3 : 6.604223e-02 / 4.366058e-01
PCG: 0 : 6.513245e-02
PCG: 1 : 8.633417e-03 / 1.325517e-01
PCG: 2 : 2.239679e-03 / 3.438652e-02
PCG: 3 : 1.637202e-03 / 2.513650e-02
PCG: 0 : 1.637204e-03
PCG: 1 : 2.215573e-03 / 1.353267e+00
PCG: 2 : 8.688333e-04 / 5.306813e-01
PCG: 3 : 3.661426e-04 / 2.236390e-01
PCG: 0 : 3.661428e-04
PCG: 1 : 1.290171e-04 / 3.523683e-01
PCG: 2 : 8.715292e-05 / 2.380298e-01
PCG: 3 : 3.198130e-05 / 8.734651e-02
PCG: 0 : 3.198130e-05
PCG: 1 : 4.833599e-05 / 1.511383e+00
PCG: 2 : 1.573906e-05 / 4.921331e-01
PCG: 3 : 7.164282e-06 / 2.240147e-01
PCG: 0 : 7.164279e-06
PCG: 1 : 2.918476e-06 / 4.073648e-01
PCG: 2 : 1.982592e-06 / 2.767329e-01
PCG: 3 : 7.481686e-07 / 1.044304e-01
PCG: 0 : 7.481685e-07
PCG: 1 : 1.141255e-06 / 1.525399e+00
PCG: 2 : 3.710612e-07 / 4.959594e-01
PCG: 3 : 1.688964e-07 / 2.257465e-01

PCG ( VCycle ( S: Scale / C: Scale )  )

Complete solver TOE: 0.004145
3.27393 GFlop/s [3.27393 GFlops/s]

Total time: 0.004145s
Accumulated op time: 0.003779

Reductions: 10.1327%
Blas-1: 3.42581%
Blas-2: 77.6116%
Precon Kernels: 0%
MPI Execution: 0%
MPI Wait: 0%
Not covered: 8.82992%

Domain size: 0.77301 MByte
LA size: 1.93474 MByte
MPI size: 0.0434265 MByte

H0-Error: 1.098002e-04
H1-Error: 3.227246e-02

Writing DATA to output.data...
Run-Time: 0:00.015 [0:00.015]
0x31d198e880 Error: MemoryPool<CPU> still contains memory chunks on deconstructor call
