NUM-PROCS: 1
Preparing domain...
LVL-MIN: 4 [4]
LVL-MAX: 9 [9]
Creating gates...
Assembling system matrices...
Assembling system filters...
Assembling transfer matrices...
Converting assembled linear system from SparseMatrixCSR, Mem:main to SparseMatrixELL, Mem:cudaand to SparseMatrixELL, Mem:cuda...
PCG:  0 : 1.894534e-02
PCG:  1 : 3.774795e-02 / 1.992466e+00
PCG:  2 : 4.953643e-02 / 2.614703e+00
PCG:  3 : 1.147339e-01 / 6.056050e+00
PCG:  4 : 1.196938e-01 / 6.317850e+00
PCG:  5 : 5.469363e-02 / 2.886918e+00
PCG:  6 : 2.265511e-02 / 1.195814e+00
PCG:  7 : 4.092026e-03 / 2.159912e-01
PCG:  8 : 1.388743e-03 / 7.330263e-02
PCG:  9 : 1.175825e-03 / 6.206408e-02
PCG: 10 : 3.275515e-04 / 1.728929e-02
PCG: 11 : 3.820651e-05 / 2.016671e-03
PCG: 12 : 2.307703e-05 / 1.218085e-03
PCG: 13 : 7.475274e-06 / 3.945706e-04
PCG: 14 : 9.067863e-07 / 4.786330e-05
PCG: 15 : 3.478196e-07 / 1.835911e-05
PCG: 16 : 5.030201e-07 / 2.655113e-05
PCG: 17 : 7.994177e-07 / 4.219601e-05
PCG: 18 : 1.695025e-07 / 8.946926e-06
PCG: 19 : 2.165403e-07 / 1.142974e-05
PCG: 20 : 1.709568e-07 / 9.023685e-06
PCG:  0 : 5.487199e-04
PCG:  1 : 5.560172e-05 / 1.013299e-01
PCG:  2 : 7.411155e-05 / 1.350626e-01
PCG:  3 : 3.369444e-05 / 6.140554e-02
PCG:  4 : 5.229118e-05 / 9.529667e-02
PCG:  5 : 3.525187e-05 / 6.424383e-02
PCG:  6 : 2.629435e-05 / 4.791944e-02
PCG:  7 : 1.710562e-05 / 3.117368e-02
PCG:  8 : 9.052042e-06 / 1.649665e-02
PCG:  9 : 1.781242e-06 / 3.246178e-03
PCG: 10 : 8.847741e-07 / 1.612433e-03
PCG: 11 : 9.323796e-07 / 1.699190e-03
PCG: 12 : 5.404529e-07 / 9.849340e-04
PCG: 13 : 4.268721e-07 / 7.779417e-04
PCG: 14 : 1.380536e-07 / 2.515922e-04
PCG: 15 : 1.204941e-07 / 2.195912e-04
PCG: 16 : 3.267017e-08 / 5.953889e-05
PCG: 17 : 1.324454e-08 / 2.413716e-05
PCG: 18 : 1.400147e-08 / 2.551661e-05
PCG: 19 : 3.881317e-09 / 7.073404e-06
PCG: 20 : 2.693833e-09 / 4.909304e-06
PCG:  0 : 1.284736e-08
PCG:  1 : 1.441394e-08 / 1.121938e+00
PCG:  2 : 2.086529e-08 / 1.624091e+00
PCG:  3 : 7.810028e-09 / 6.079090e-01
PCG:  4 : 5.101295e-09 / 3.970694e-01
PCG:  5 : 3.511383e-09 / 2.733154e-01
PCG:  6 : 1.716646e-09 / 1.336185e-01
PCG:  7 : 9.717550e-10 / 7.563847e-02
PCG:  8 : 4.899879e-10 / 3.813918e-02
PCG:  9 : 3.330020e-10 / 2.591987e-02
PCG: 10 : 1.618910e-10 / 1.260110e-02
PCG: 11 : 8.711071e-11 / 6.780434e-03
PCG: 12 : 4.886780e-11 / 3.803722e-03
PCG: 13 : 1.818368e-11 / 1.415363e-03
PCG: 14 : 1.466168e-11 / 1.141221e-03
PCG: 15 : 1.027064e-11 / 7.994352e-04
PCG: 16 : 6.045272e-12 / 4.705457e-04
PCG: 17 : 3.844278e-12 / 2.992270e-04
PCG: 18 : 2.739193e-12 / 2.132105e-04
PCG: 19 : 1.675073e-12 / 1.303826e-04
PCG: 20 : 9.856492e-13 / 7.671995e-05
PCG:  0 : 2.048019e-12
PCG:  1 : 2.080409e-12 / 1.015815e+00
PCG:  2 : 2.647677e-12 / 1.292799e+00
PCG:  3 : 1.728159e-12 / 8.438201e-01
PCG:  4 : 1.029259e-12 / 5.025634e-01
PCG:  5 : 6.132553e-13 / 2.994383e-01
PCG:  6 : 2.857882e-13 / 1.395437e-01
PCG:  7 : 1.530455e-13 / 7.472857e-02
PCG:  8 : 1.163607e-13 / 5.681623e-02
PCG:  9 : 7.784340e-14 / 3.800912e-02
PCG: 10 : 3.727655e-14 / 1.820127e-02
PCG: 11 : 2.196324e-14 / 1.072414e-02
PCG: 12 : 2.272233e-14 / 1.109479e-02
PCG: 13 : 1.071716e-14 / 5.232941e-03
PCG: 14 : 5.045165e-15 / 2.463437e-03
PCG: 15 : 3.030887e-15 / 1.479912e-03
PCG: 16 : 1.912230e-15 / 9.336974e-04
PCG: 17 : 1.137371e-15 / 5.553520e-04
PCG: 18 : 5.742885e-16 / 2.804117e-04
PCG: 19 : 2.270822e-16 / 1.108790e-04
PCG: 20 : 1.317125e-16 / 6.431215e-05

PCG ( VCycle ( S: Scale / C: Scale )  )

Complete solver TOE: 3.88339
0.773938 GFlop/s [0.773938 GFlops/s]

Total time: 3.88339s
Accumulated op time: 1.2712

Reductions: 20.4479%
Blas-1: 6.60507%
Blas-2: 5.6814%
Precon Kernels: 0%
MPI Execution: 0%
MPI Wait: 0%
Not covered: 67.2656%

Domain size: 26.799 MByte
LA size: 89.2379 MByte
MPI size: 2.68149 MByte

H0-Error: 1.716359e-06
H1-Error: 4.034414e-03

Writing DATA to output.data...
Run-Time: 0:06.789 [0:06.789]
0xb33ca9f8 Error: MemoryPool<CUDA> still contains memory chunks on deconstructor call
