NUM-PROCS: 1
Preparing domain...
LVL-MIN: 6 [6]
LVL-MAX: 10 [10]
Creating gates...
Assembling system matrices...
Assembling system filters...
Assembling transfer matrices...
Converting assembled linear system from SparseMatrixCSR, Mem:main to SparseMatrixCSR, Mem:mainand to SparseMatrixCSR, Mem:main...
PCG:  0 : 9.466280e-03
PCG:  1 : 8.252742e-02 / 8.718041e+00
PCG:  2 : 8.387963e-02 / 8.860887e+00
PCG:  3 : 1.899085e-01 / 2.006157e+01
PCG:  4 : 2.283872e-01 / 2.412639e+01
PCG:  5 : 1.515828e-01 / 1.601292e+01
PCG:  6 : 1.595184e-01 / 1.685122e+01
PCG:  7 : 1.484123e-01 / 1.567800e+01
PCG:  8 : 1.722382e-01 / 1.819492e+01
PCG:  9 : 1.998137e-01 / 2.110795e+01
PCG: 10 : 1.267418e-01 / 1.338877e+01
PCG: 11 : 9.682838e-02 / 1.022877e+01
PCG: 12 : 9.353293e-02 / 9.880643e+00
PCG: 13 : 1.116429e-01 / 1.179374e+01
PCG: 14 : 1.162177e-01 / 1.227701e+01
PCG: 15 : 7.862610e-02 / 8.305913e+00
PCG: 16 : 6.473494e-02 / 6.838478e+00
PCG: 17 : 6.042316e-02 / 6.382988e+00
PCG: 18 : 5.259934e-02 / 5.556495e+00
PCG: 19 : 3.601390e-02 / 3.804441e+00
PCG:  0 : 3.601960e-02
PCG:  1 : 2.976764e-02 / 8.264289e-01
PCG:  2 : 2.580130e-02 / 7.163129e-01
PCG:  3 : 2.574736e-02 / 7.148154e-01
PCG:  4 : 2.086153e-02 / 5.791715e-01
PCG:  5 : 1.829711e-02 / 5.079764e-01
PCG:  6 : 1.257089e-02 / 3.490013e-01
PCG:  7 : 6.295404e-03 / 1.747772e-01
PCG:  8 : 4.502780e-03 / 1.250091e-01
PCG:  9 : 5.729729e-03 / 1.590725e-01
PCG: 10 : 7.733901e-03 / 2.147137e-01
PCG: 11 : 5.855890e-03 / 1.625751e-01
PCG: 12 : 3.852357e-03 / 1.069517e-01
PCG: 13 : 3.800835e-03 / 1.055213e-01
PCG: 14 : 4.700742e-03 / 1.305051e-01
PCG: 15 : 4.065382e-03 / 1.128658e-01
PCG: 16 : 3.294521e-03 / 9.146468e-02
PCG: 17 : 3.545078e-03 / 9.842079e-02
PCG: 18 : 4.189390e-03 / 1.163086e-01
PCG: 19 : 6.362366e-03 / 1.766362e-01
PCG:  0 : 6.362359e-03
PCG:  1 : 1.880385e-03 / 2.955484e-01
PCG:  2 : 1.297510e-03 / 2.039353e-01
PCG:  3 : 1.822921e-03 / 2.865165e-01
PCG:  4 : 2.657602e-03 / 4.177070e-01
PCG:  5 : 2.710869e-03 / 4.260792e-01
PCG:  6 : 2.509681e-03 / 3.944576e-01
PCG:  7 : 3.171165e-03 / 4.984259e-01
PCG:  8 : 3.351204e-03 / 5.267234e-01
PCG:  9 : 3.266956e-03 / 5.134818e-01
PCG: 10 : 1.627844e-03 / 2.558554e-01
PCG: 11 : 9.268114e-04 / 1.456710e-01
PCG: 12 : 1.336447e-03 / 2.100552e-01
PCG: 13 : 2.740955e-03 / 4.308080e-01
PCG: 14 : 3.386478e-03 / 5.322676e-01
PCG: 15 : 2.285826e-03 / 3.592734e-01
PCG: 16 : 1.962791e-03 / 3.085005e-01
PCG: 17 : 1.691425e-03 / 2.658487e-01
PCG: 18 : 1.667337e-03 / 2.620627e-01
PCG: 19 : 1.103534e-03 / 1.734473e-01
PCG:  0 : 1.103536e-03
PCG:  1 : 1.101370e-03 / 9.980367e-01
PCG:  2 : 9.635710e-04 / 8.731667e-01
PCG:  3 : 9.689715e-04 / 8.780605e-01
PCG:  4 : 8.693815e-04 / 7.878143e-01
PCG:  5 : 1.063021e-03 / 9.632858e-01
PCG:  6 : 8.500752e-04 / 7.703193e-01
PCG:  7 : 4.419579e-04 / 4.004925e-01
PCG:  8 : 3.018544e-04 / 2.735338e-01
PCG:  9 : 3.983029e-04 / 3.609332e-01
PCG: 10 : 6.064849e-04 / 5.495833e-01
PCG: 11 : 3.654357e-04 / 3.311497e-01
PCG: 12 : 2.227215e-04 / 2.018253e-01
PCG: 13 : 2.441905e-04 / 2.212801e-01
PCG: 14 : 3.294020e-04 / 2.984968e-01
PCG: 15 : 2.797580e-04 / 2.535105e-01
PCG: 16 : 2.316670e-04 / 2.099315e-01
PCG: 17 : 1.620629e-04 / 1.468578e-01
PCG: 18 : 2.289499e-04 / 2.074693e-01
PCG: 19 : 3.615491e-04 / 3.276278e-01
PCG:  0 : 3.615490e-04
PCG:  1 : 1.383418e-04 / 3.826363e-01
PCG:  2 : 1.052974e-04 / 2.912397e-01
PCG:  3 : 1.206198e-04 / 3.336195e-01
PCG:  4 : 2.072005e-04 / 5.730911e-01
PCG:  5 : 2.084002e-04 / 5.764093e-01
PCG:  6 : 1.687077e-04 / 4.666248e-01
PCG:  7 : 1.664177e-04 / 4.602908e-01
PCG:  8 : 1.853312e-04 / 5.126033e-01
PCG:  9 : 2.446983e-04 / 6.768053e-01
PCG: 10 : 1.268474e-04 / 3.508444e-01
PCG: 11 : 9.820033e-05 / 2.716100e-01
PCG: 12 : 1.788689e-04 / 4.947292e-01
PCG: 13 : 2.318874e-04 / 6.413721e-01
PCG: 14 : 1.829266e-04 / 5.059524e-01
PCG: 15 : 1.140204e-04 / 3.153663e-01
PCG: 16 : 1.111209e-04 / 3.073466e-01
PCG: 17 : 1.089157e-04 / 3.012473e-01
PCG: 18 : 9.675550e-05 / 2.676138e-01
PCG: 19 : 8.586488e-05 / 2.374917e-01
PCG:  0 : 8.586479e-05
PCG:  1 : 7.858914e-05 / 9.152662e-01
PCG:  2 : 7.280414e-05 / 8.478928e-01
PCG:  3 : 6.968772e-05 / 8.115983e-01
PCG:  4 : 7.070012e-05 / 8.233890e-01
PCG:  5 : 9.339370e-05 / 1.087683e+00
PCG:  6 : 8.489668e-05 / 9.887252e-01
PCG:  7 : 4.864950e-05 / 5.665827e-01
PCG:  8 : 2.499124e-05 / 2.910534e-01
PCG:  9 : 3.165068e-05 / 3.686107e-01
PCG: 10 : 4.567253e-05 / 5.319122e-01
PCG: 11 : 2.670849e-05 / 3.110529e-01
PCG: 12 : 2.769788e-05 / 3.225756e-01
PCG: 13 : 3.131408e-05 / 3.646906e-01
PCG: 14 : 2.836638e-05 / 3.303610e-01
PCG: 15 : 1.993952e-05 / 2.322200e-01
PCG: 16 : 1.418264e-05 / 1.651741e-01
PCG: 17 : 1.520545e-05 / 1.770860e-01
PCG: 18 : 1.719702e-05 / 2.002802e-01
PCG: 19 : 2.879125e-05 / 3.353092e-01
PCG:  0 : 2.879125e-05
PCG:  1 : 1.427319e-05 / 4.957476e-01
PCG:  2 : 1.178749e-05 / 4.094121e-01
PCG:  3 : 1.202414e-05 / 4.176318e-01
PCG:  4 : 1.815060e-05 / 6.304209e-01
PCG:  5 : 1.819022e-05 / 6.317969e-01
PCG:  6 : 1.876477e-05 / 6.517525e-01
PCG:  7 : 1.924148e-05 / 6.683099e-01
PCG:  8 : 1.830176e-05 / 6.356710e-01
PCG:  9 : 2.256423e-05 / 7.837182e-01
PCG: 10 : 1.232928e-05 / 4.282302e-01
PCG: 11 : 1.073800e-05 / 3.729604e-01
PCG: 12 : 1.921026e-05 / 6.672257e-01
PCG: 13 : 2.147572e-05 / 7.459114e-01
PCG: 14 : 1.598069e-05 / 5.550538e-01
PCG: 15 : 1.219204e-05 / 4.234633e-01
PCG: 16 : 1.261027e-05 / 4.379897e-01
PCG: 17 : 9.782271e-06 / 3.397655e-01
PCG: 18 : 7.589278e-06 / 2.635967e-01
PCG: 19 : 7.437181e-06 / 2.583139e-01
PCG:  0 : 7.437193e-06
PCG:  1 : 6.768551e-06 / 9.100949e-01
PCG:  2 : 7.318611e-06 / 9.840555e-01
PCG:  3 : 8.090951e-06 / 1.087904e+00
PCG:  4 : 7.247367e-06 / 9.744760e-01
PCG:  5 : 7.845813e-06 / 1.054943e+00
PCG:  6 : 8.203815e-06 / 1.103079e+00
PCG:  7 : 5.657792e-06 / 7.607430e-01
PCG:  8 : 3.120148e-06 / 4.195330e-01
PCG:  9 : 3.598703e-06 / 4.838791e-01
PCG: 10 : 4.600857e-06 / 6.186281e-01
PCG: 11 : 2.986895e-06 / 4.016159e-01
PCG: 12 : 3.453151e-06 / 4.643084e-01
PCG: 13 : 3.246070e-06 / 4.364643e-01
PCG: 14 : 2.416308e-06 / 3.248951e-01
PCG: 15 : 1.946705e-06 / 2.617526e-01
PCG: 16 : 1.614908e-06 / 2.171394e-01
PCG: 17 : 1.600668e-06 / 2.152247e-01
PCG: 18 : 1.646887e-06 / 2.214394e-01
PCG: 19 : 2.697066e-06 / 3.626456e-01
PCG:  0 : 2.697064e-06
PCG:  1 : 1.514260e-06 / 5.614476e-01
PCG:  2 : 1.296386e-06 / 4.806655e-01
PCG:  3 : 1.214619e-06 / 4.503486e-01
PCG:  4 : 1.610685e-06 / 5.971994e-01
PCG:  5 : 1.657658e-06 / 6.146158e-01
PCG:  6 : 2.201602e-06 / 8.162956e-01
PCG:  7 : 2.023574e-06 / 7.502875e-01
PCG:  8 : 1.822926e-06 / 6.758927e-01
PCG:  9 : 2.267032e-06 / 8.405554e-01
PCG: 10 : 1.555909e-06 / 5.768897e-01
PCG: 11 : 1.244538e-06 / 4.614415e-01
PCG: 12 : 1.725110e-06 / 6.396251e-01
PCG: 13 : 2.075495e-06 / 7.695384e-01
PCG: 14 : 1.552980e-06 / 5.758036e-01
PCG: 15 : 1.341155e-06 / 4.972647e-01
PCG: 16 : 1.288903e-06 / 4.778910e-01
PCG: 17 : 9.404610e-07 / 3.486980e-01
PCG: 18 : 8.569399e-07 / 3.177306e-01
PCG: 19 : 8.143077e-07 / 3.019237e-01
PCG:  0 : 8.143088e-07
PCG:  1 : 7.553658e-07 / 9.276159e-01
PCG:  2 : 7.492253e-07 / 9.200752e-01
PCG:  3 : 8.549760e-07 / 1.049941e+00
PCG:  4 : 7.921359e-07 / 9.727709e-01
PCG:  5 : 7.393097e-07 / 9.078984e-01
PCG:  6 : 8.585936e-07 / 1.054383e+00
PCG:  7 : 5.719067e-07 / 7.023216e-01
PCG:  8 : 3.568184e-07 / 4.381856e-01
PCG:  9 : 4.216471e-07 / 5.177976e-01
PCG: 10 : 5.125900e-07 / 6.294787e-01
PCG: 11 : 3.560044e-07 / 4.371859e-01
PCG: 12 : 3.457070e-07 / 4.245404e-01
PCG: 13 : 3.480060e-07 / 4.273636e-01
PCG: 14 : 2.390398e-07 / 2.935494e-01
PCG: 15 : 2.032266e-07 / 2.495695e-01
PCG: 16 : 1.591749e-07 / 1.954724e-01
PCG: 17 : 1.537143e-07 / 1.887666e-01
PCG: 18 : 1.831259e-07 / 2.248850e-01
PCG: 19 : 2.898162e-07 / 3.559046e-01
PCG:  0 : 2.898161e-07
PCG:  1 : 1.746702e-07 / 6.026931e-01
PCG:  2 : 1.376593e-07 / 4.749884e-01
PCG:  3 : 1.332147e-07 / 4.596524e-01
PCG:  4 : 1.750726e-07 / 6.040816e-01
PCG:  5 : 1.724255e-07 / 5.949479e-01
PCG:  6 : 2.487026e-07 / 8.581392e-01
PCG:  7 : 2.111895e-07 / 7.287019e-01
PCG:  8 : 2.128105e-07 / 7.342950e-01
PCG:  9 : 2.481632e-07 / 8.562782e-01
PCG: 10 : 1.894065e-07 / 6.535403e-01
PCG: 11 : 1.363896e-07 / 4.706073e-01
PCG: 12 : 1.833390e-07 / 6.326047e-01
PCG: 13 : 2.265495e-07 / 7.817009e-01
PCG: 14 : 1.587870e-07 / 5.478889e-01
PCG: 15 : 1.475035e-07 / 5.089555e-01
PCG: 16 : 1.283622e-07 / 4.429090e-01
PCG: 17 : 1.028485e-07 / 3.548751e-01
PCG: 18 : 9.376651e-08 / 3.235379e-01
PCG: 19 : 9.304630e-08 / 3.210529e-01
PCG:  0 : 9.304648e-08
PCG:  1 : 8.471142e-08 / 9.104204e-01
PCG:  2 : 8.262432e-08 / 8.879897e-01
PCG:  3 : 9.160439e-08 / 9.845014e-01
PCG:  4 : 8.820471e-08 / 9.479640e-01
PCG:  5 : 7.997200e-08 / 8.594844e-01
PCG:  6 : 9.653841e-08 / 1.037529e+00
PCG:  7 : 6.227414e-08 / 6.692799e-01
PCG:  8 : 4.015653e-08 / 4.315749e-01
PCG:  9 : 4.932457e-08 / 5.301067e-01
PCG: 10 : 5.593204e-08 / 6.011193e-01
PCG: 11 : 4.053884e-08 / 4.356838e-01
PCG: 12 : 3.678020e-08 / 3.952885e-01
PCG: 13 : 3.964621e-08 / 4.260904e-01
PCG: 14 : 2.543794e-08 / 2.733896e-01
PCG: 15 : 2.347651e-08 / 2.523095e-01
PCG: 16 : 1.700344e-08 / 1.827414e-01
PCG: 17 : 1.710884e-08 / 1.838742e-01
PCG: 18 : 2.058341e-08 / 2.212165e-01
PCG: 19 : 3.255726e-08 / 3.499032e-01
PCG:  0 : 3.255717e-08
PCG:  1 : 1.941117e-08 / 5.962180e-01
PCG:  2 : 1.540036e-08 / 4.730252e-01
PCG:  3 : 1.505371e-08 / 4.623778e-01
PCG:  4 : 1.969672e-08 / 6.049888e-01
PCG:  5 : 1.934858e-08 / 5.942955e-01
PCG:  6 : 2.756311e-08 / 8.466065e-01
PCG:  7 : 2.324462e-08 / 7.139630e-01
PCG:  8 : 2.349257e-08 / 7.215788e-01
PCG:  9 : 2.779118e-08 / 8.536116e-01
PCG: 10 : 2.141408e-08 / 6.577379e-01
PCG: 11 : 1.534370e-08 / 4.712847e-01
PCG: 12 : 2.036355e-08 / 6.254704e-01
PCG: 13 : 2.515760e-08 / 7.727206e-01
PCG: 14 : 1.773866e-08 / 5.448465e-01
PCG: 15 : 1.628599e-08 / 5.002273e-01
PCG: 16 : 1.408046e-08 / 4.324841e-01
PCG: 17 : 1.125517e-08 / 3.457047e-01
PCG: 18 : 1.054537e-08 / 3.239030e-01
PCG: 19 : 1.062813e-08 / 3.264450e-01
PCG:  0 : 1.062813e-08
PCG:  1 : 9.539766e-09 / 8.975961e-01
PCG:  2 : 9.091247e-09 / 8.553949e-01
PCG:  3 : 1.009836e-08 / 9.501544e-01
PCG:  4 : 9.819623e-09 / 9.239278e-01
PCG:  5 : 8.990069e-09 / 8.458751e-01
PCG:  6 : 1.074160e-08 / 1.010677e+00
PCG:  7 : 6.965778e-09 / 6.554096e-01
PCG:  8 : 4.560865e-09 / 4.291315e-01
PCG:  9 : 5.557633e-09 / 5.229173e-01
PCG: 10 : 6.263495e-09 / 5.893319e-01
PCG: 11 : 4.506479e-09 / 4.240144e-01
PCG: 12 : 4.061570e-09 / 3.821529e-01
PCG: 13 : 4.410768e-09 / 4.150089e-01
PCG: 14 : 2.873672e-09 / 2.703836e-01
PCG: 15 : 2.658015e-09 / 2.500924e-01
PCG: 16 : 1.935513e-09 / 1.821123e-01
PCG: 17 : 1.913299e-09 / 1.800222e-01
PCG: 18 : 2.288976e-09 / 2.153696e-01
PCG: 19 : 3.671637e-09 / 3.454641e-01
PCG:  0 : 3.671637e-09
PCG:  1 : 2.159676e-09 / 5.882052e-01
PCG:  2 : 1.733661e-09 / 4.721767e-01
PCG:  3 : 1.709369e-09 / 4.655604e-01
PCG:  4 : 2.220797e-09 / 6.048519e-01
PCG:  5 : 2.189718e-09 / 5.963872e-01
PCG:  6 : 3.069215e-09 / 8.359254e-01
PCG:  7 : 2.569311e-09 / 6.997725e-01
PCG:  8 : 2.609111e-09 / 7.106125e-01
PCG:  9 : 3.106052e-09 / 8.459584e-01
PCG: 10 : 2.419390e-09 / 6.589403e-01
PCG: 11 : 1.736473e-09 / 4.729425e-01
PCG: 12 : 2.274458e-09 / 6.194670e-01
PCG: 13 : 2.815823e-09 / 7.669120e-01
PCG: 14 : 2.000815e-09 / 5.449380e-01
PCG: 15 : 1.811594e-09 / 4.934023e-01
PCG: 16 : 1.565023e-09 / 4.262467e-01
PCG: 17 : 1.241948e-09 / 3.382545e-01
PCG: 18 : 1.186801e-09 / 3.232349e-01
PCG: 19 : 1.218965e-09 / 3.319951e-01
PCG:  0 : 1.218967e-09
PCG:  1 : 1.073805e-09 / 8.809134e-01
PCG:  2 : 1.007168e-09 / 8.262469e-01
PCG:  3 : 1.122123e-09 / 9.205522e-01
PCG:  4 : 1.094607e-09 / 8.979791e-01
PCG:  5 : 1.017969e-09 / 8.351077e-01
PCG:  6 : 1.199324e-09 / 9.838850e-01
PCG:  7 : 7.804220e-10 / 6.402321e-01
PCG:  8 : 5.211501e-10 / 4.275340e-01
PCG:  9 : 6.238166e-10 / 5.117583e-01
PCG: 10 : 7.037561e-10 / 5.773379e-01
PCG: 11 : 5.059023e-10 / 4.150253e-01
PCG: 12 : 4.486488e-10 / 3.680564e-01
PCG: 13 : 4.923925e-10 / 4.039423e-01
PCG: 14 : 3.265541e-10 / 2.678940e-01
PCG: 15 : 2.995312e-10 / 2.457254e-01
PCG: 16 : 2.223255e-10 / 1.823884e-01
PCG: 17 : 2.148725e-10 / 1.762742e-01
PCG: 18 : 2.535143e-10 / 2.079747e-01
PCG: 19 : 4.159562e-10 / 3.412365e-01
PCG:  0 : 4.159569e-10
PCG:  1 : 2.399478e-10 / 5.768572e-01
PCG:  2 : 1.960314e-10 / 4.712781e-01
PCG:  3 : 1.951744e-10 / 4.692177e-01
PCG:  4 : 2.492812e-10 / 5.992957e-01
PCG:  5 : 2.495536e-10 / 5.999506e-01
PCG:  6 : 3.426238e-10 / 8.237001e-01
PCG:  7 : 2.848972e-10 / 6.849200e-01
PCG:  8 : 2.927440e-10 / 7.037844e-01
PCG:  9 : 3.471369e-10 / 8.345501e-01
PCG: 10 : 2.734137e-10 / 6.573124e-01
PCG: 11 : 1.978702e-10 / 4.756988e-01
PCG: 12 : 2.544983e-10 / 6.118381e-01
PCG: 13 : 3.162445e-10 / 7.602819e-01
PCG: 14 : 2.270642e-10 / 5.458838e-01
PCG: 15 : 2.010637e-10 / 4.833763e-01
PCG: 16 : 1.759498e-10 / 4.230000e-01
PCG: 17 : 1.375726e-10 / 3.307377e-01
PCG: 18 : 1.334306e-10 / 3.207797e-01
PCG: 19 : 1.400895e-10 / 3.367884e-01

PCG ( VCycle ( S: Scale / C: Scale )  )

Complete solver TOE: 21.6585
2.23571 GFlop/s [2.23571 GFlops/s]

Total time: 21.6585s
Accumulated op time: 20.9807

Reductions: 6.52232%
Blas-1: 6.77644%
Blas-2: 83.5719%
Precon Kernels: 0%
MPI Execution: 0%
MPI Wait: 0%
Not covered: 3.12935%

Domain size: 192.237 MByte
LA size: 482.108 MByte
MPI size: 10.6866 MByte

H0-Error: 4.291511e-07
H1-Error: 2.017209e-03

Writing DATA to output.data...
Run-Time: 0:23.948 [0:23.948]
0x31d198e880 Error: MemoryPool<CPU> still contains memory chunks on deconstructor call
