NUM-PROCS: 1
Preparing domain...
LVL-MIN: 1 [1]
LVL-MAX: 7 [7]
Creating gates...
Assembling system matrices...
Assembling system filters...
Assembling transfer matrices...
Converting assembled linear system from SparseMatrixCSR, Mem:main to SparseMatrixCSR, Mem:mainand to SparseMatrixCSR, Mem:main...
PCG: 0 : 7.572460e-02
PCG: 1 : 2.422548e-02 / 3.199156e-01
PCG: 2 : 7.698185e-03 / 1.016603e-01
PCG: 3 : 1.678588e-03 / 2.216701e-02
PCG: 4 : 1.626361e-04 / 2.147732e-03
PCG: 5 : 1.508632e-05 / 1.992262e-04
PCG: 6 : 2.383219e-06 / 3.147219e-05
PCG: 7 : 1.883336e-07 / 2.487087e-06
PCG: 8 : 2.232336e-08 / 2.947966e-07
PCG: 0 : 4.379289e-03
PCG: 1 : 3.165610e-04 / 7.228594e-02
PCG: 2 : 4.759051e-05 / 1.086718e-02
PCG: 3 : 6.218523e-06 / 1.419985e-03
PCG: 4 : 7.837895e-07 / 1.789764e-04
PCG: 5 : 8.534851e-08 / 1.948912e-05
PCG: 6 : 9.674207e-09 / 2.209082e-06
PCG: 7 : 9.246415e-10 / 2.111396e-07
PCG: 8 : 1.628925e-10 / 3.719611e-08
PCG: 0 : 1.091069e-08
PCG: 1 : 2.020070e-09 / 1.851459e-01
PCG: 2 : 2.747451e-10 / 2.518128e-02
PCG: 3 : 2.602893e-11 / 2.385635e-03
PCG: 4 : 3.448878e-12 / 3.161008e-04
PCG: 5 : 3.745724e-13 / 3.433077e-05
PCG: 6 : 4.227829e-14 / 3.874942e-06
PCG: 7 : 5.499263e-15 / 5.040253e-07
PCG: 8 : 5.403558e-16 / 4.952536e-08
PCG: 0 : 5.025266e-14
PCG: 1 : 1.152210e-14 / 2.292835e-01
PCG: 2 : 9.773553e-16 / 1.944883e-02
PCG: 3 : 9.028134e-17 / 1.796549e-03
PCG: 4 : 1.218548e-17 / 2.424843e-04
PCG: 5 : 1.349875e-18 / 2.686176e-05
PCG: 6 : 1.532691e-19 / 3.049970e-06
PCG: 7 : 2.156376e-20 / 4.291068e-07
PCG: 8 : 1.996320e-21 / 3.972566e-08

PCG ( VCycle ( S: Scale / C: Scale )  )

Complete solver TOE: 0.033301
2.33076 GFlop/s [2.33076 GFlops/s]

Total time: 0.033301s
Accumulated op time: 0.031949

Reductions: 18.7382%
Blas-1: 2.60353%
Blas-2: 74.5984%
Precon Kernels: 0%
MPI Execution: 0%
MPI Wait: 0%
Not covered: 4.05994%

Domain size: 3.05461 MByte
LA size: 7.66532 MByte
MPI size: 0.170692 MByte

H0-Error: 2.746078e-05
H1-Error: 1.613732e-02

Writing DATA to output.data...
Run-Time: 0:00.069 [0:00.069]
0x31d198e880 Error: MemoryPool<CPU> still contains memory chunks on deconstructor call
