NUM-PROCS: 1
Preparing domain...
LVL-MIN: 6 [6]
LVL-MAX: 10 [10]
Creating gates...
Assembling system matrices...
Assembling system filters...
Assembling transfer matrices...
Converting assembled linear system from SparseMatrixCSR, Mem:main to SparseMatrixELL, Mem:cudaand to SparseMatrixELL, Mem:cuda...
PCG:  0 : 9.473710e-03
PCG:  1 : 8.278748e-02 / 8.738654e+00
PCG:  2 : 8.474121e-02 / 8.944881e+00
PCG:  3 : 1.927502e-01 / 2.034580e+01
PCG:  4 : 2.336367e-01 / 2.466158e+01
PCG:  5 : 1.561383e-01 / 1.648122e+01
PCG:  6 : 1.647641e-01 / 1.739172e+01
PCG:  7 : 1.532130e-01 / 1.617244e+01
PCG:  8 : 1.763706e-01 / 1.861685e+01
PCG:  9 : 2.031487e-01 / 2.144341e+01
PCG: 10 : 1.283497e-01 / 1.354799e+01
PCG: 11 : 9.879246e-02 / 1.042806e+01
PCG: 12 : 9.599512e-02 / 1.013279e+01
PCG:  0 : 9.603427e-02
PCG:  1 : 8.122439e-02 / 8.457854e-01
PCG:  2 : 7.991915e-02 / 8.321940e-01
PCG:  3 : 8.452758e-02 / 8.801814e-01
PCG:  4 : 5.939626e-02 / 6.184903e-01
PCG:  5 : 5.557714e-02 / 5.787219e-01
PCG:  6 : 6.075115e-02 / 6.325986e-01
PCG:  7 : 4.574520e-02 / 4.763424e-01
PCG:  8 : 3.304895e-02 / 3.441371e-01
PCG:  9 : 2.432615e-02 / 2.533069e-01
PCG: 10 : 3.416368e-02 / 3.557447e-01
PCG: 11 : 4.355463e-02 / 4.535322e-01
PCG: 12 : 2.775907e-02 / 2.890538e-01
PCG:  0 : 2.775907e-02
PCG:  1 : 1.877395e-02 / 6.763176e-01
PCG:  2 : 1.518550e-02 / 5.470464e-01
PCG:  3 : 8.651999e-03 / 3.116818e-01
PCG:  4 : 9.541052e-03 / 3.437093e-01
PCG:  5 : 1.370185e-02 / 4.935988e-01
PCG:  6 : 1.688841e-02 / 6.083924e-01
PCG:  7 : 1.207204e-02 / 4.348864e-01
PCG:  8 : 8.943474e-03 / 3.221820e-01
PCG:  9 : 1.177114e-02 / 4.240465e-01
PCG: 10 : 1.045111e-02 / 3.764933e-01
PCG: 11 : 1.139620e-02 / 4.105397e-01
PCG: 12 : 1.687468e-02 / 6.078977e-01
PCG:  0 : 1.687467e-02
PCG:  1 : 9.325842e-03 / 5.526533e-01
PCG:  2 : 8.455571e-03 / 5.010806e-01
PCG:  3 : 8.816248e-03 / 5.224544e-01
PCG:  4 : 6.520294e-03 / 3.863953e-01
PCG:  5 : 7.456881e-03 / 4.418978e-01
PCG:  6 : 9.950616e-03 / 5.896776e-01
PCG:  7 : 8.043977e-03 / 4.766894e-01
PCG:  8 : 5.601413e-03 / 3.319420e-01
PCG:  9 : 4.878356e-03 / 2.890933e-01
PCG: 10 : 7.168385e-03 / 4.248014e-01
PCG: 11 : 8.690885e-03 / 5.150254e-01
PCG: 12 : 1.044352e-02 / 6.188871e-01
PCG:  0 : 1.044352e-02
PCG:  1 : 7.295423e-03 / 6.985599e-01
PCG:  2 : 5.847998e-03 / 5.599644e-01
PCG:  3 : 3.561617e-03 / 3.410361e-01
PCG:  4 : 3.983612e-03 / 3.814435e-01
PCG:  5 : 5.224281e-03 / 5.002415e-01
PCG:  6 : 5.848371e-03 / 5.600001e-01
PCG:  7 : 3.993809e-03 / 3.824198e-01
PCG:  8 : 3.459194e-03 / 3.312288e-01
PCG:  9 : 4.442654e-03 / 4.253981e-01
PCG: 10 : 3.990960e-03 / 3.821471e-01
PCG: 11 : 4.478169e-03 / 4.287988e-01
PCG: 12 : 6.219942e-03 / 5.955791e-01
PCG:  0 : 6.219942e-03
PCG:  1 : 3.862576e-03 / 6.209988e-01
PCG:  2 : 3.377695e-03 / 5.430428e-01
PCG:  3 : 3.559984e-03 / 5.723500e-01
PCG:  4 : 2.710572e-03 / 4.357874e-01
PCG:  5 : 2.919330e-03 / 4.693500e-01
PCG:  6 : 3.737565e-03 / 6.009003e-01
PCG:  7 : 3.021766e-03 / 4.858190e-01
PCG:  8 : 2.506880e-03 / 4.030391e-01
PCG:  9 : 2.112597e-03 / 3.396490e-01
PCG: 10 : 3.078565e-03 / 4.949508e-01
PCG: 11 : 3.495621e-03 / 5.620022e-01
PCG: 12 : 3.631942e-03 / 5.839189e-01
PCG:  0 : 3.631942e-03
PCG:  1 : 2.833785e-03 / 7.802396e-01
PCG:  2 : 2.482084e-03 / 6.834041e-01
PCG:  3 : 1.646661e-03 / 4.533832e-01
PCG:  4 : 1.894889e-03 / 5.217290e-01
PCG:  5 : 2.122949e-03 / 5.845218e-01
PCG:  6 : 2.159536e-03 / 5.945954e-01
PCG:  7 : 1.536764e-03 / 4.231245e-01
PCG:  8 : 1.482602e-03 / 4.082119e-01
PCG:  9 : 1.795812e-03 / 4.944494e-01
PCG: 10 : 1.659626e-03 / 4.569530e-01
PCG: 11 : 1.810288e-03 / 4.984353e-01
PCG: 12 : 2.347484e-03 / 6.463439e-01
PCG:  0 : 2.347484e-03
PCG:  1 : 1.599733e-03 / 6.814672e-01
PCG:  2 : 1.432852e-03 / 6.103781e-01
PCG:  3 : 1.480907e-03 / 6.308486e-01
PCG:  4 : 1.155347e-03 / 4.921642e-01
PCG:  5 : 1.164804e-03 / 4.961926e-01
PCG:  6 : 1.413840e-03 / 6.022788e-01
PCG:  7 : 1.295356e-03 / 5.518061e-01
PCG:  8 : 1.221751e-03 / 5.204514e-01
PCG:  9 : 9.308038e-04 / 3.965113e-01
PCG: 10 : 1.266731e-03 / 5.396123e-01
PCG: 11 : 1.339352e-03 / 5.705478e-01
PCG: 12 : 1.406060e-03 / 5.989648e-01
PCG:  0 : 1.406060e-03
PCG:  1 : 1.179365e-03 / 8.387727e-01
PCG:  2 : 1.072133e-03 / 7.625087e-01
PCG:  3 : 7.123570e-04 / 5.066335e-01
PCG:  4 : 8.535184e-04 / 6.070285e-01
PCG:  5 : 8.813730e-04 / 6.268389e-01
PCG:  6 : 8.452927e-04 / 6.011783e-01
PCG:  7 : 6.579303e-04 / 4.679248e-01
PCG:  8 : 6.412470e-04 / 4.560595e-01
PCG:  9 : 7.441795e-04 / 5.292659e-01
PCG: 10 : 6.990421e-04 / 4.971638e-01
PCG: 11 : 7.385740e-04 / 5.252792e-01
PCG: 12 : 9.594635e-04 / 6.823775e-01
PCG:  0 : 9.594636e-04
PCG:  1 : 6.837977e-04 / 7.126875e-01
PCG:  2 : 6.145248e-04 / 6.404879e-01
PCG:  3 : 6.081045e-04 / 6.337963e-01
PCG:  4 : 4.913190e-04 / 5.120768e-01
PCG:  5 : 4.931247e-04 / 5.139587e-01
PCG:  6 : 5.765748e-04 / 6.009346e-01
PCG:  7 : 5.661398e-04 / 5.900586e-01
PCG:  8 : 5.361912e-04 / 5.588448e-01
PCG:  9 : 3.945224e-04 / 4.111905e-01
PCG: 10 : 5.366316e-04 / 5.593037e-01
PCG: 11 : 5.491887e-04 / 5.723914e-01
PCG: 12 : 5.862565e-04 / 6.110253e-01
PCG:  0 : 5.862565e-04
PCG:  1 : 5.056018e-04 / 8.624243e-01
PCG:  2 : 4.552738e-04 / 7.765778e-01
PCG:  3 : 3.020556e-04 / 5.152277e-01
PCG:  4 : 3.709285e-04 / 6.327069e-01
PCG:  5 : 3.752554e-04 / 6.400874e-01
PCG:  6 : 3.516292e-04 / 5.997872e-01
PCG:  7 : 2.848217e-04 / 4.858312e-01
PCG:  8 : 2.681231e-04 / 4.573478e-01
PCG:  9 : 3.091117e-04 / 5.272636e-01
PCG: 10 : 2.992084e-04 / 5.103711e-01
PCG: 11 : 3.134065e-04 / 5.345894e-01
PCG: 12 : 4.024472e-04 / 6.864694e-01
PCG:  0 : 4.024471e-04
PCG:  1 : 2.930722e-04 / 7.282255e-01
PCG:  2 : 2.609413e-04 / 6.483866e-01
PCG:  3 : 2.543144e-04 / 6.319200e-01
PCG:  4 : 2.071064e-04 / 5.146177e-01
PCG:  5 : 2.106564e-04 / 5.234387e-01
PCG:  6 : 2.429262e-04 / 6.036229e-01
PCG:  7 : 2.433373e-04 / 6.046442e-01
PCG:  8 : 2.286107e-04 / 5.680516e-01
PCG:  9 : 1.678695e-04 / 4.171219e-01
PCG: 10 : 2.279001e-04 / 5.662858e-01
PCG: 11 : 2.330616e-04 / 5.791112e-01
PCG: 12 : 2.481233e-04 / 6.165364e-01
PCG:  0 : 2.481233e-04
PCG:  1 : 2.164198e-04 / 8.722268e-01
PCG:  2 : 1.922290e-04 / 7.747318e-01
PCG:  3 : 1.293998e-04 / 5.215142e-01
PCG:  4 : 1.589353e-04 / 6.405498e-01
PCG:  5 : 1.596942e-04 / 6.436083e-01
PCG:  6 : 1.485693e-04 / 5.987723e-01
PCG:  7 : 1.223246e-04 / 4.929992e-01
PCG:  8 : 1.123781e-04 / 4.529125e-01
PCG:  9 : 1.304427e-04 / 5.257173e-01
PCG: 10 : 1.268382e-04 / 5.111901e-01
PCG: 11 : 1.335991e-04 / 5.384384e-01
PCG: 12 : 1.698546e-04 / 6.845573e-01
PCG:  0 : 1.698546e-04
PCG:  1 : 1.253648e-04 / 7.380713e-01
PCG:  2 : 1.103495e-04 / 6.496704e-01
PCG:  3 : 1.076431e-04 / 6.337368e-01
PCG:  4 : 8.711111e-05 / 5.128570e-01
PCG:  5 : 9.014595e-05 / 5.307243e-01
PCG:  6 : 1.029879e-04 / 6.063298e-01
PCG:  7 : 1.038268e-04 / 6.112688e-01
PCG:  8 : 9.743314e-05 / 5.736268e-01
PCG:  9 : 7.200325e-05 / 4.239112e-01
PCG: 10 : 9.619858e-05 / 5.663584e-01
PCG: 11 : 9.953680e-05 / 5.860119e-01
PCG: 12 : 1.053301e-04 / 6.201192e-01
PCG:  0 : 1.053301e-04
PCG:  1 : 9.264801e-05 / 8.795968e-01
PCG:  2 : 8.108575e-05 / 7.698251e-01
PCG:  3 : 5.569591e-05 / 5.287749e-01
PCG:  4 : 6.788914e-05 / 6.445370e-01
PCG:  5 : 6.808328e-05 / 6.463802e-01
PCG:  6 : 6.296740e-05 / 5.978101e-01
PCG:  7 : 5.242749e-05 / 4.977446e-01
PCG:  8 : 4.720073e-05 / 4.481220e-01
PCG:  9 : 5.534115e-05 / 5.254069e-01
PCG: 10 : 5.358387e-05 / 5.087233e-01
PCG: 11 : 5.709002e-05 / 5.420105e-01
PCG: 12 : 7.179743e-05 / 6.816422e-01
PCG:  0 : 7.179743e-05
PCG:  1 : 5.367566e-05 / 7.475987e-01
PCG:  2 : 4.658397e-05 / 6.488251e-01
PCG:  3 : 4.572079e-05 / 6.368026e-01
PCG:  4 : 3.668378e-05 / 5.109345e-01
PCG:  5 : 3.866907e-05 / 5.385857e-01
PCG:  6 : 4.368258e-05 / 6.084143e-01
PCG:  7 : 4.426966e-05 / 6.165912e-01
PCG:  8 : 4.162975e-05 / 5.798224e-01
PCG:  9 : 3.107411e-05 / 4.328026e-01
PCG: 10 : 4.055328e-05 / 5.648291e-01
PCG: 11 : 4.257694e-05 / 5.930148e-01
PCG: 12 : 4.475757e-05 / 6.233869e-01
PCG:  0 : 4.475757e-05
PCG:  1 : 3.972246e-05 / 8.875027e-01
PCG:  2 : 3.417823e-05 / 7.636303e-01
PCG:  3 : 2.402438e-05 / 5.367669e-01
PCG:  4 : 2.909105e-05 / 6.499694e-01
PCG:  5 : 2.910788e-05 / 6.503456e-01
PCG:  6 : 2.666353e-05 / 5.957323e-01
PCG:  7 : 2.247925e-05 / 5.022447e-01
PCG:  8 : 1.990067e-05 / 4.446326e-01
PCG:  9 : 2.358011e-05 / 5.268406e-01
PCG: 10 : 2.259781e-05 / 5.048935e-01
PCG: 11 : 2.443476e-05 / 5.459359e-01
PCG: 12 : 3.041831e-05 / 6.796240e-01
PCG:  0 : 3.041831e-05
PCG:  1 : 2.304337e-05 / 7.575494e-01
PCG:  2 : 1.964293e-05 / 6.457599e-01
PCG:  3 : 1.946250e-05 / 6.398285e-01
PCG:  4 : 1.553247e-05 / 5.106289e-01
PCG:  5 : 1.668106e-05 / 5.483888e-01
PCG:  6 : 1.851483e-05 / 6.086739e-01
PCG:  7 : 1.889076e-05 / 6.210325e-01
PCG:  8 : 1.795512e-05 / 5.902734e-01
PCG:  9 : 1.357867e-05 / 4.463980e-01
PCG: 10 : 1.711219e-05 / 5.625620e-01
PCG: 11 : 1.821401e-05 / 5.987844e-01
PCG: 12 : 1.910671e-05 / 6.281317e-01
PCG:  0 : 1.910670e-05
PCG:  1 : 1.709625e-05 / 8.947775e-01
PCG:  2 : 1.438020e-05 / 7.526261e-01
PCG:  3 : 1.041052e-05 / 5.448621e-01
PCG:  4 : 1.263218e-05 / 6.611385e-01
PCG:  5 : 1.251707e-05 / 6.551142e-01
PCG:  6 : 1.125704e-05 / 5.891669e-01
PCG:  7 : 9.651297e-06 / 5.051262e-01
PCG:  8 : 8.479502e-06 / 4.437972e-01
PCG:  9 : 1.011884e-05 / 5.295964e-01
PCG: 10 : 9.503956e-06 / 4.974147e-01
PCG: 11 : 1.048143e-05 / 5.485734e-01
PCG: 12 : 1.297493e-05 / 6.790773e-01
PCG:  0 : 1.297493e-05
PCG:  1 : 9.956420e-06 / 7.673584e-01
PCG:  2 : 8.262910e-06 / 6.368367e-01
PCG:  3 : 8.306428e-06 / 6.401907e-01
PCG:  4 : 6.683816e-06 / 5.151332e-01
PCG:  5 : 7.293191e-06 / 5.620987e-01
PCG:  6 : 7.834370e-06 / 6.038084e-01
PCG:  7 : 8.068563e-06 / 6.218581e-01
PCG:  8 : 7.950241e-06 / 6.127387e-01
PCG:  9 : 6.096384e-06 / 4.698588e-01
PCG: 10 : 7.226736e-06 / 5.569770e-01
PCG: 11 : 7.787378e-06 / 6.001866e-01
PCG: 12 : 8.267374e-06 / 6.371807e-01
PCG:  0 : 8.267373e-06
PCG:  1 : 7.422545e-06 / 8.978118e-01
PCG:  2 : 6.018589e-06 / 7.279929e-01
PCG:  3 : 4.563425e-06 / 5.519801e-01
PCG:  4 : 5.672746e-06 / 6.861606e-01
PCG:  5 : 5.444122e-06 / 6.585068e-01
PCG:  6 : 4.718720e-06 / 5.707642e-01
PCG:  7 : 4.161885e-06 / 5.034108e-01
PCG:  8 : 3.708975e-06 / 4.486279e-01
PCG:  9 : 4.399312e-06 / 5.321293e-01
PCG: 10 : 3.968383e-06 / 4.800053e-01
PCG: 11 : 4.518632e-06 / 5.465620e-01
PCG: 12 : 5.622316e-06 / 6.800607e-01
PCG:  0 : 5.622316e-06
PCG:  1 : 4.358190e-06 / 7.751593e-01
PCG:  2 : 3.456130e-06 / 6.147164e-01
PCG:  3 : 3.564509e-06 / 6.339931e-01
PCG:  4 : 2.976950e-06 / 5.294883e-01
PCG:  5 : 3.261136e-06 / 5.800343e-01
PCG:  6 : 3.296563e-06 / 5.863354e-01
PCG:  7 : 3.460837e-06 / 6.155537e-01
PCG:  8 : 3.689020e-06 / 6.561389e-01
PCG:  9 : 2.824476e-06 / 5.023688e-01
PCG: 10 : 3.032795e-06 / 5.394210e-01
PCG: 11 : 3.341040e-06 / 5.942462e-01
PCG: 12 : 3.662165e-06 / 6.513624e-01
PCG:  0 : 3.662165e-06
PCG:  1 : 3.265724e-06 / 8.917469e-01
PCG:  2 : 2.493751e-06 / 6.809499e-01
PCG:  3 : 2.048094e-06 / 5.592578e-01
PCG:  4 : 2.677771e-06 / 7.311990e-01
PCG:  5 : 2.397147e-06 / 6.545712e-01
PCG:  6 : 1.954759e-06 / 5.337715e-01
PCG:  7 : 1.823765e-06 / 4.980019e-01
PCG:  8 : 1.687055e-06 / 4.606715e-01
PCG:  9 : 1.926562e-06 / 5.260719e-01
PCG: 10 : 1.633173e-06 / 4.459583e-01
PCG: 11 : 1.973573e-06 / 5.389088e-01
PCG: 12 : 2.480687e-06 / 6.773828e-01
PCG:  0 : 2.480687e-06
PCG:  1 : 1.932030e-06 / 7.788286e-01
PCG:  2 : 1.432410e-06 / 5.774246e-01
PCG:  3 : 1.543974e-06 / 6.223977e-01
PCG:  4 : 1.370549e-06 / 5.524876e-01
PCG:  5 : 1.470386e-06 / 5.927334e-01
PCG:  6 : 1.371046e-06 / 5.526878e-01
PCG:  7 : 1.508396e-06 / 6.080556e-01
PCG:  8 : 1.759976e-06 / 7.094713e-01
PCG:  9 : 1.291408e-06 / 5.205846e-01
PCG: 10 : 1.250275e-06 / 5.040033e-01
PCG: 11 : 1.463342e-06 / 5.898938e-01
PCG: 12 : 1.640361e-06 / 6.612526e-01
PCG:  0 : 1.640361e-06
PCG:  1 : 1.442777e-06 / 8.795483e-01
PCG:  2 : 1.027802e-06 / 6.265704e-01
PCG:  3 : 9.381328e-07 / 5.719063e-01
PCG:  4 : 1.283180e-06 / 7.822548e-01
PCG:  5 : 1.050164e-06 / 6.402032e-01
PCG:  6 : 8.086113e-07 / 4.929472e-01
PCG:  7 : 8.225006e-07 / 5.014144e-01
PCG:  8 : 7.765395e-07 / 4.733955e-01
PCG:  9 : 8.270985e-07 / 5.042174e-01
PCG: 10 : 6.699417e-07 / 4.084112e-01
PCG: 11 : 8.770432e-07 / 5.346648e-01
PCG: 12 : 1.090284e-06 / 6.646612e-01
PCG:  0 : 1.090284e-06
PCG:  1 : 8.513140e-07 / 7.808183e-01
PCG:  2 : 5.930154e-07 / 5.439090e-01
PCG:  3 : 6.698065e-07 / 6.143411e-01
PCG:  4 : 6.222713e-07 / 5.707422e-01
PCG:  5 : 6.484396e-07 / 5.947436e-01
PCG:  6 : 5.689706e-07 / 5.218553e-01
PCG:  7 : 6.657804e-07 / 6.106485e-01
PCG:  8 : 8.133049e-07 / 7.459567e-01
PCG:  9 : 5.631845e-07 / 5.165483e-01
PCG: 10 : 5.155695e-07 / 4.728762e-01
PCG: 11 : 6.530587e-07 / 5.989802e-01
PCG: 12 : 7.214938e-07 / 6.617483e-01
PCG:  0 : 7.214937e-07
PCG:  1 : 6.295672e-07 / 8.725886e-01
PCG:  2 : 4.284838e-07 / 5.938843e-01
PCG:  3 : 4.235704e-07 / 5.870743e-01
PCG:  4 : 5.882852e-07 / 8.153712e-01
PCG:  5 : 4.532068e-07 / 6.281506e-01
PCG:  6 : 3.405806e-07 / 4.720493e-01
PCG:  7 : 3.709289e-07 / 5.141125e-01
PCG:  8 : 3.459816e-07 / 4.795351e-01
PCG:  9 : 3.494888e-07 / 4.843962e-01
PCG: 10 : 2.815584e-07 / 3.902436e-01
PCG: 11 : 3.880722e-07 / 5.378733e-01
PCG: 12 : 4.701382e-07 / 6.516179e-01
PCG:  0 : 4.701383e-07
PCG:  1 : 3.689021e-07 / 7.846671e-01
PCG:  2 : 2.482828e-07 / 5.281058e-01
PCG:  3 : 2.874090e-07 / 6.113287e-01
PCG:  4 : 2.715946e-07 / 5.776908e-01
PCG:  5 : 2.804848e-07 / 5.966005e-01
PCG:  6 : 2.390560e-07 / 5.084801e-01
PCG:  7 : 2.901376e-07 / 6.171325e-01
PCG:  8 : 3.583900e-07 / 7.623076e-01
PCG:  9 : 2.410967e-07 / 5.128208e-01
PCG: 10 : 2.158079e-07 / 4.590307e-01
PCG: 11 : 2.871518e-07 / 6.107816e-01
PCG: 12 : 3.110135e-07 / 6.615362e-01
PCG:  0 : 3.110135e-07
PCG:  1 : 2.713785e-07 / 8.725616e-01
PCG:  2 : 1.809753e-07 / 5.818890e-01
PCG:  3 : 1.859532e-07 / 5.978941e-01
PCG:  4 : 2.576718e-07 / 8.284908e-01
PCG:  5 : 1.943203e-07 / 6.247970e-01
PCG:  6 : 1.451372e-07 / 4.666587e-01
PCG:  7 : 1.628293e-07 / 5.235442e-01
PCG:  8 : 1.493056e-07 / 4.800614e-01
PCG:  9 : 1.483771e-07 / 4.770760e-01
PCG: 10 : 1.199238e-07 / 3.855902e-01
PCG: 11 : 1.685234e-07 / 5.418522e-01
PCG: 12 : 2.008233e-07 / 6.457060e-01
PCG:  0 : 2.008233e-07
PCG:  1 : 1.584638e-07 / 7.890705e-01
PCG:  2 : 1.048700e-07 / 5.222004e-01
PCG:  3 : 1.226231e-07 / 6.106018e-01
PCG:  4 : 1.161345e-07 / 5.782921e-01
PCG:  5 : 1.205082e-07 / 6.000707e-01
PCG:  6 : 1.013846e-07 / 5.048446e-01
PCG:  7 : 1.248770e-07 / 6.218254e-01
PCG:  8 : 1.541628e-07 / 7.676538e-01
PCG:  9 : 1.031574e-07 / 5.136722e-01
PCG: 10 : 9.110952e-08 / 4.536800e-01
PCG: 11 : 1.241131e-07 / 6.180213e-01
PCG: 12 : 1.329753e-07 / 6.621510e-01
PCG:  0 : 1.329754e-07
PCG:  1 : 1.163860e-07 / 8.752450e-01
PCG:  2 : 7.683341e-08 / 5.778019e-01
PCG:  3 : 8.039821e-08 / 6.046098e-01
PCG:  4 : 1.106763e-07 / 8.323072e-01
PCG:  5 : 8.319934e-08 / 6.256748e-01
PCG:  6 : 6.197026e-08 / 4.660282e-01
PCG:  7 : 7.032015e-08 / 5.288209e-01
PCG:  8 : 6.366914e-08 / 4.788041e-01
PCG:  9 : 6.327197e-08 / 4.758172e-01
PCG: 10 : 5.108463e-08 / 3.841662e-01
PCG: 11 : 7.248637e-08 / 5.451113e-01
PCG: 12 : 8.565144e-08 / 6.441151e-01
PCG:  0 : 8.565144e-08
PCG:  1 : 6.790952e-08 / 7.928590e-01
PCG:  2 : 4.445434e-08 / 5.190145e-01
PCG:  3 : 5.231087e-08 / 6.107413e-01
PCG:  4 : 4.940537e-08 / 5.768189e-01
PCG:  5 : 5.166324e-08 / 6.031800e-01
PCG:  6 : 4.315970e-08 / 5.038993e-01
PCG:  7 : 5.353442e-08 / 6.250265e-01
PCG:  8 : 6.579648e-08 / 7.681888e-01
PCG:  9 : 4.414535e-08 / 5.154069e-01
PCG: 10 : 3.862394e-08 / 4.509433e-01
PCG: 11 : 5.329985e-08 / 6.222878e-01
PCG: 12 : 5.672666e-08 / 6.622965e-01
PCG:  0 : 5.672667e-08
PCG:  1 : 4.983251e-08 / 8.784671e-01
PCG:  2 : 3.267093e-08 / 5.759360e-01
PCG:  3 : 3.454834e-08 / 6.090317e-01
PCG:  4 : 4.725026e-08 / 8.329462e-01
PCG:  5 : 3.561095e-08 / 6.277639e-01
PCG:  6 : 2.645747e-08 / 4.664028e-01
PCG:  7 : 3.019248e-08 / 5.322450e-01
PCG:  8 : 2.708183e-08 / 4.774091e-01
PCG:  9 : 2.701484e-08 / 4.762282e-01
PCG: 10 : 2.173653e-08 / 3.831801e-01
PCG: 11 : 3.109692e-08 / 5.481887e-01
PCG: 12 : 3.654745e-08 / 6.442729e-01
PCG:  0 : 3.654745e-08
PCG:  1 : 2.908702e-08 / 7.958699e-01
PCG:  2 : 1.887214e-08 / 5.163737e-01
PCG:  3 : 2.233148e-08 / 6.110271e-01
PCG:  4 : 2.100442e-08 / 5.747163e-01
PCG:  5 : 2.212970e-08 / 6.055059e-01
PCG:  6 : 1.840172e-08 / 5.035022e-01
PCG:  7 : 2.292889e-08 / 6.273731e-01
PCG:  8 : 2.801982e-08 / 7.666698e-01
PCG:  9 : 1.888407e-08 / 5.167000e-01
PCG: 10 : 1.640928e-08 / 4.489857e-01
PCG: 11 : 2.284521e-08 / 6.250837e-01
PCG: 12 : 2.418902e-08 / 6.618526e-01
PCG:  0 : 2.418902e-08
PCG:  1 : 2.132342e-08 / 8.815328e-01
PCG:  2 : 1.390155e-08 / 5.747049e-01
PCG:  3 : 1.480727e-08 / 6.121484e-01
PCG:  4 : 2.013654e-08 / 8.324661e-01
PCG:  5 : 1.524040e-08 / 6.300542e-01
PCG:  6 : 1.129585e-08 / 4.669824e-01
PCG:  7 : 1.293731e-08 / 5.348421e-01
PCG:  8 : 1.151732e-08 / 4.761381e-01
PCG:  9 : 1.153650e-08 / 4.769312e-01
PCG: 10 : 9.245590e-09 / 3.822226e-01
