NUM-PROCS: 1
Preparing domain...
LVL-MIN: 4 [4]
LVL-MAX: 9 [9]
Creating gates...
Assembling system matrices...
Assembling system filters...
Assembling transfer matrices...
Converting assembled linear system from SparseMatrixCSR, Mem:main to SparseMatrixELL, Mem:cudaand to SparseMatrixELL, Mem:cuda...
PCG:  0 : 1.894534e-02
PCG:  1 : 3.774795e-02 / 1.992466e+00
PCG:  2 : 4.953643e-02 / 2.614703e+00
PCG:  3 : 1.147339e-01 / 6.056050e+00
PCG:  4 : 1.196938e-01 / 6.317850e+00
PCG:  5 : 5.469363e-02 / 2.886918e+00
PCG:  6 : 2.265511e-02 / 1.195814e+00
PCG:  7 : 4.092026e-03 / 2.159912e-01
PCG:  8 : 1.388743e-03 / 7.330263e-02
PCG:  9 : 1.175825e-03 / 6.206408e-02
PCG: 10 : 3.275515e-04 / 1.728929e-02
PCG: 11 : 3.820651e-05 / 2.016671e-03
PCG: 12 : 2.307703e-05 / 1.218085e-03
PCG:  0 : 5.535100e-04
PCG:  1 : 5.823316e-05 / 1.052071e-01
PCG:  2 : 7.365063e-05 / 1.330611e-01
PCG:  3 : 3.279708e-05 / 5.925293e-02
PCG:  4 : 5.263091e-05 / 9.508575e-02
PCG:  5 : 3.646865e-05 / 6.588617e-02
PCG:  6 : 2.579919e-05 / 4.661017e-02
PCG:  7 : 1.624588e-05 / 2.935065e-02
PCG:  8 : 8.945851e-06 / 1.616204e-02
PCG:  9 : 1.716944e-06 / 3.101921e-03
PCG: 10 : 7.729474e-07 / 1.396447e-03
PCG: 11 : 9.450639e-07 / 1.707402e-03
PCG: 12 : 3.759780e-07 / 6.792615e-04
PCG:  0 : 3.760758e-07
PCG:  1 : 4.356475e-07 / 1.158403e+00
PCG:  2 : 1.728706e-07 / 4.596696e-01
PCG:  3 : 1.365714e-07 / 3.631487e-01
PCG:  4 : 1.104205e-07 / 2.936124e-01
PCG:  5 : 5.966026e-08 / 1.586389e-01
PCG:  6 : 2.881192e-08 / 7.661200e-02
PCG:  7 : 9.552122e-09 / 2.539946e-02
PCG:  8 : 9.164080e-09 / 2.436764e-02
PCG:  9 : 6.107521e-09 / 1.624013e-02
PCG: 10 : 5.158455e-09 / 1.371653e-02
PCG: 11 : 8.235714e-09 / 2.189908e-02
PCG: 12 : 3.715791e-09 / 9.880432e-03

PCG ( VCycle ( S: Scale / C: Scale )  )

Complete solver TOE: 2.94893
0.463819 GFlop/s [0.463819 GFlops/s]

Total time: 2.94893s
Accumulated op time: 0.826271

Reductions: 25.9987%
Blas-1: 1.08056%
Blas-2: 0.940103%
Precon Kernels: 0%
MPI Execution: 0%
MPI Wait: 0%
Not covered: 71.9807%

Domain size: 26.799 MByte
LA size: 89.2379 MByte
MPI size: 2.68149 MByte

H0-Error: 1.716702e-06
H1-Error: 4.034414e-03

Writing DATA to output.data...
Run-Time: 0:05.898 [0:05.898]
0xb32de9f8 Error: MemoryPool<CUDA> still contains memory chunks on deconstructor call
