NUM-PROCS: 1
Preparing domain...
LVL-MIN: 4 [4]
LVL-MAX: 10 [10]
Creating gates...
Assembling system matrices...
Assembling system filters...
Assembling transfer matrices...
Converting assembled linear system from SparseMatrixCSR, Mem:main to SparseMatrixELL, Mem:cudaand to SparseMatrixELL, Mem:cuda...
PCG:  0 : 9.473711e-03
PCG:  1 : 1.921966e-02 / 2.028736e+00
PCG:  2 : 2.717672e-02 / 2.868645e+00
PCG:  3 : 6.675999e-02 / 7.046867e+00
PCG:  4 : 8.080535e-02 / 8.529429e+00
PCG:  5 : 4.831672e-02 / 5.100083e+00
PCG:  6 : 2.380592e-02 / 2.512840e+00
PCG:  7 : 3.978516e-03 / 4.199532e-01
PCG:  8 : 1.063537e-03 / 1.122619e-01
PCG:  9 : 9.354266e-04 / 9.873919e-02
PCG: 10 : 3.652442e-04 / 3.855344e-02
PCG: 11 : 4.136345e-05 / 4.366129e-03
PCG: 12 : 1.758292e-05 / 1.855970e-03
PCG: 13 : 5.405468e-06 / 5.705755e-04
PCG: 14 : 1.034472e-06 / 1.091939e-04
PCG: 15 : 2.277931e-07 / 2.404476e-05
PCG: 16 : 7.810578e-08 / 8.244475e-06
PCG:  0 : 2.241573e-04
PCG:  1 : 3.126531e-04 / 1.394793e+00
PCG:  2 : 6.738615e-04 / 3.006199e+00
PCG:  3 : 1.363075e-04 / 6.080888e-01
PCG:  4 : 1.479979e-04 / 6.602411e-01
PCG:  5 : 4.972873e-05 / 2.218475e-01
PCG:  6 : 5.133047e-05 / 2.289931e-01
PCG:  7 : 1.823581e-05 / 8.135276e-02
PCG:  8 : 7.747932e-06 / 3.456471e-02
PCG:  9 : 2.476348e-06 / 1.104737e-02
PCG: 10 : 1.491864e-06 / 6.655436e-03
PCG: 11 : 6.522238e-07 / 2.909670e-03
PCG: 12 : 4.359822e-07 / 1.944983e-03
PCG: 13 : 2.982148e-07 / 1.330382e-03
PCG: 14 : 3.057408e-07 / 1.363957e-03
PCG: 15 : 1.412372e-07 / 6.300809e-04
PCG: 16 : 3.011558e-08 / 1.343502e-04
PCG:  0 : 9.098838e-08
PCG:  1 : 2.660185e-07 / 2.923653e+00
PCG:  2 : 2.118254e-07 / 2.328049e+00
PCG:  3 : 7.544468e-08 / 8.291683e-01
PCG:  4 : 6.198050e-08 / 6.811914e-01
PCG:  5 : 3.427993e-08 / 3.767506e-01
PCG:  6 : 1.798551e-08 / 1.976682e-01
PCG:  7 : 9.570880e-09 / 1.051879e-01
PCG:  8 : 5.400894e-09 / 5.935806e-02
PCG:  9 : 3.074094e-09 / 3.378557e-02
PCG: 10 : 1.767987e-09 / 1.943091e-02
PCG: 11 : 1.218443e-09 / 1.339120e-02
PCG: 12 : 6.575979e-10 / 7.227274e-03
PCG: 13 : 4.897224e-10 / 5.382252e-03
PCG: 14 : 3.238726e-10 / 3.559494e-03
PCG: 15 : 2.001826e-10 / 2.200090e-03
PCG: 16 : 1.414599e-10 / 1.554702e-03

PCG ( VCycle ( S: Scale / C: Scale )  )

Complete solver TOE: 8.98223
0.327852 GFlop/s [0.327852 GFlops/s]

Total time: 8.98223s
Accumulated op time: 4.21863

Reductions: 44.585%
Blas-1: 1.23968%
Blas-2: 1.14169%
Precon Kernels: 0%
MPI Execution: 0%
MPI Wait: 0%
Not covered: 53.0336%

Domain size: 106.94 MByte
LA size: 356.502 MByte
MPI size: 10.6971 MByte

H0-Error: 4.291447e-07
H1-Error: 2.017209e-03

Writing DATA to output.data...
Run-Time: 0:20.570 [0:20.570]
0xb33c99f8 Error: MemoryPool<CUDA> still contains memory chunks on deconstructor call
