NUM-PROCS: 1
Preparing domain...
LVL-MIN: 3 [3]
LVL-MAX: 8 [8]
Creating gates...
Assembling system matrices...
Assembling system filters...
Assembling transfer matrices...
Converting assembled linear system from SparseMatrixCSR, Mem:main to SparseMatrixCSR, Mem:mainand to SparseMatrixCSR, Mem:main...
PCG: 0 : 3.788183e-02
PCG: 1 : 3.863721e-02 / 1.019940e+00
PCG: 0 : 3.887142e-02
PCG: 1 : 3.590376e-02 / 9.236546e-01
PCG: 0 : 3.590377e-02
PCG: 1 : 4.649090e-02 / 1.294875e+00
PCG: 0 : 4.649092e-02
PCG: 1 : 6.760556e-02 / 1.454167e+00
PCG: 0 : 6.760555e-02
PCG: 1 : 5.661698e-02 / 8.374606e-01
PCG: 0 : 5.661698e-02
PCG: 1 : 6.051992e-02 / 1.068936e+00
PCG: 0 : 6.051992e-02
PCG: 1 : 4.429214e-02 / 7.318605e-01
PCG: 0 : 4.429214e-02
PCG: 1 : 4.439821e-02 / 1.002395e+00
PCG: 0 : 4.439822e-02
PCG: 1 : 3.124104e-02 / 7.036552e-01
PCG: 0 : 3.124104e-02
PCG: 1 : 3.072935e-02 / 9.836214e-01
PCG: 0 : 3.072935e-02
PCG: 1 : 2.135510e-02 / 6.949413e-01
PCG: 0 : 2.135510e-02
PCG: 1 : 2.088003e-02 / 9.777541e-01
PCG: 0 : 2.088003e-02
PCG: 1 : 1.445267e-02 / 6.921767e-01
PCG: 0 : 1.445267e-02
PCG: 1 : 1.410443e-02 / 9.759049e-01
PCG: 0 : 1.410443e-02
PCG: 1 : 9.751723e-03 / 6.913944e-01
PCG: 0 : 9.751722e-03
PCG: 1 : 9.512056e-03 / 9.754232e-01
PCG: 0 : 9.512055e-03
PCG: 1 : 6.575860e-03 / 6.913186e-01
PCG: 0 : 6.575860e-03
PCG: 1 : 6.414152e-03 / 9.754088e-01
PCG: 0 : 6.414152e-03
PCG: 1 : 4.435224e-03 / 6.914747e-01
PCG: 0 : 4.435224e-03
PCG: 1 : 4.326568e-03 / 9.755018e-01
PCG: 0 : 4.326568e-03
PCG: 1 : 2.992652e-03 / 6.916919e-01
PCG: 0 : 2.992651e-03
PCG: 1 : 2.919790e-03 / 9.756534e-01
PCG: 0 : 2.919790e-03
PCG: 1 : 2.020137e-03 / 6.918777e-01
PCG: 0 : 2.020137e-03
PCG: 1 : 1.971325e-03 / 9.758369e-01
PCG: 0 : 1.971325e-03
PCG: 1 : 1.364219e-03 / 6.920314e-01
PCG: 0 : 1.364219e-03
PCG: 1 : 1.331384e-03 / 9.759319e-01
PCG: 0 : 1.331384e-03
PCG: 1 : 9.215532e-04 / 6.921767e-01
PCG: 0 : 9.215534e-04
PCG: 1 : 8.994536e-04 / 9.760191e-01
PCG: 0 : 8.994536e-04
PCG: 1 : 6.226873e-04 / 6.922951e-01
PCG: 0 : 6.226872e-04
PCG: 1 : 6.078068e-04 / 9.761029e-01
PCG: 0 : 6.078068e-04
PCG: 1 : 4.208290e-04 / 6.923730e-01
PCG: 0 : 4.208290e-04
PCG: 1 : 4.107949e-04 / 9.761562e-01
PCG: 0 : 4.107948e-04
PCG: 1 : 2.844571e-04 / 6.924554e-01
PCG: 0 : 2.844571e-04
PCG: 1 : 2.776831e-04 / 9.761862e-01
PCG: 0 : 2.776831e-04
PCG: 1 : 1.923000e-04 / 6.925161e-01
PCG: 0 : 1.923000e-04
PCG: 1 : 1.877305e-04 / 9.762379e-01
PCG: 0 : 1.877305e-04
PCG: 1 : 1.300136e-04 / 6.925546e-01
PCG: 0 : 1.300136e-04
PCG: 1 : 1.269267e-04 / 9.762569e-01
PCG: 0 : 1.269267e-04
PCG: 1 : 8.791070e-05 / 6.926101e-01
PCG: 0 : 8.791070e-05
PCG: 1 : 8.582473e-05 / 9.762717e-01
PCG: 0 : 8.582472e-05
PCG: 1 : 5.944460e-05 / 6.926279e-01
PCG: 0 : 5.944460e-05
PCG: 1 : 5.803721e-05 / 9.763244e-01
PCG: 0 : 5.803720e-05
PCG: 1 : 4.019935e-05 / 6.926481e-01
PCG: 0 : 4.019935e-05
PCG: 1 : 3.924794e-05 / 9.763328e-01
PCG: 0 : 3.924795e-05
PCG: 1 : 2.718632e-05 / 6.926813e-01
PCG: 0 : 2.718631e-05
PCG: 1 : 2.654302e-05 / 9.763377e-01
PCG: 0 : 2.654302e-05
PCG: 1 : 1.838641e-05 / 6.927024e-01
PCG: 0 : 1.838641e-05
PCG: 1 : 1.795146e-05 / 9.763436e-01
PCG: 0 : 1.795145e-05
PCG: 1 : 1.243535e-05 / 6.927209e-01
PCG: 0 : 1.243535e-05
PCG: 1 : 1.214155e-05 / 9.763742e-01
PCG: 0 : 1.214155e-05
PCG: 1 : 8.410889e-06 / 6.927357e-01
PCG: 0 : 8.410889e-06
PCG: 1 : 8.212041e-06 / 9.763584e-01
PCG: 0 : 8.212042e-06
PCG: 1 : 5.688910e-06 / 6.927521e-01
PCG: 0 : 5.688909e-06
PCG: 1 : 5.554622e-06 / 9.763948e-01
PCG: 0 : 5.554622e-06
PCG: 1 : 3.847982e-06 / 6.927531e-01
PCG: 0 : 3.847982e-06
PCG: 1 : 3.757195e-06 / 9.764065e-01
PCG: 0 : 3.757194e-06
PCG: 1 : 2.602852e-06 / 6.927649e-01
PCG: 0 : 2.602852e-06
PCG: 1 : 2.541442e-06 / 9.764066e-01
PCG: 0 : 2.541442e-06
PCG: 1 : 1.760720e-06 / 6.928036e-01
PCG: 0 : 1.760720e-06
PCG: 1 : 1.719071e-06 / 9.763451e-01
PCG: 0 : 1.719070e-06
PCG: 1 : 1.191055e-06 / 6.928485e-01
PCG: 0 : 1.191055e-06
PCG: 1 : 1.162887e-06 / 9.763505e-01
PCG: 0 : 1.162887e-06
PCG: 1 : 8.057189e-07 / 6.928607e-01
PCG: 0 : 8.057188e-07
PCG: 1 : 7.866519e-07 / 9.763356e-01
PCG: 0 : 7.866518e-07
PCG: 1 : 5.450634e-07 / 6.928902e-01
PCG: 0 : 5.450634e-07
PCG: 1 : 5.321538e-07 / 9.763154e-01
PCG: 0 : 5.321538e-07
PCG: 1 : 3.687262e-07 / 6.928941e-01
PCG: 0 : 3.687263e-07
PCG: 1 : 3.600028e-07 / 9.763417e-01

PCG ( VCycle ( S: Scale / C: Scale )  )

Complete solver TOE: 1.69447
0.500541 GFlop/s [0.500541 GFlops/s]

Total time: 1.69447s
Accumulated op time: 1.59864

Reductions: 2.07522%
Blas-1: 5.98884%
Blas-2: 86.2803%
Precon Kernels: 0%
MPI Execution: 0%
MPI Wait: 0%
Not covered: 5.65564%

Domain size: 6.73462 MByte
LA size: 22.3983 MByte
MPI size: 0.674286 MByte

H0-Error: 7.005159e-06
H1-Error: 8.068795e-03

Writing DATA to output.data...
Run-Time: 0:02.305 [0:02.305]
0xb333b9f8 Error: MemoryPool<CPU> still contains memory chunks on deconstructor call
