NUM-PROCS: 1
Preparing domain...
LVL-MIN: 6 [6]
LVL-MAX: 9 [9]
Creating gates...
Assembling system matrices...
Assembling system filters...
Assembling transfer matrices...
Converting assembled linear system from SparseMatrixCSR, Mem:main to SparseMatrixCSR, Mem:mainand to SparseMatrixCSR, Mem:main...
PCG: 0 : 1.894412e-02
PCG: 1 : 1.595567e-01 / 8.422489e+00
PCG: 2 : 1.432495e-01 / 7.561683e+00
PCG: 3 : 2.806424e-01 / 1.481422e+01
PCG: 4 : 2.511967e-01 / 1.325988e+01
PCG: 5 : 1.381127e-01 / 7.290530e+00
PCG: 6 : 1.653884e-01 / 8.730325e+00
PCG: 7 : 1.901827e-01 / 1.003914e+01
PCG: 8 : 2.009951e-01 / 1.060989e+01
PCG: 0 : 2.009103e-01
PCG: 1 : 1.533754e-01 / 7.634026e-01
PCG: 2 : 9.303987e-02 / 4.630916e-01
PCG: 3 : 9.340063e-02 / 4.648873e-01
PCG: 4 : 1.316911e-01 / 6.554721e-01
PCG: 5 : 1.364122e-01 / 6.789706e-01
PCG: 6 : 8.993018e-02 / 4.476136e-01
PCG: 7 : 8.283550e-02 / 4.123009e-01
PCG: 8 : 1.265746e-01 / 6.300058e-01
PCG: 0 : 1.265747e-01
PCG: 1 : 6.293197e-02 / 4.971925e-01
PCG: 2 : 5.064715e-02 / 4.001366e-01
PCG: 3 : 4.641847e-02 / 3.667280e-01
PCG: 4 : 3.524584e-02 / 2.784589e-01
PCG: 5 : 3.959248e-02 / 3.127994e-01
PCG: 6 : 3.010074e-02 / 2.378102e-01
PCG: 7 : 2.173577e-02 / 1.717229e-01
PCG: 8 : 4.132780e-02 / 3.265093e-01
PCG: 0 : 4.132780e-02
PCG: 1 : 3.127424e-02 / 7.567361e-01
PCG: 2 : 2.735865e-02 / 6.619915e-01
PCG: 3 : 1.976859e-02 / 4.783363e-01
PCG: 4 : 2.376059e-02 / 5.749298e-01
PCG: 5 : 3.933669e-02 / 9.518213e-01
PCG: 6 : 3.005754e-02 / 7.272958e-01
PCG: 7 : 2.546067e-02 / 6.160665e-01
PCG: 8 : 4.647016e-02 / 1.124429e+00
PCG: 0 : 4.647015e-02
PCG: 1 : 2.795693e-02 / 6.016105e-01
PCG: 2 : 2.837920e-02 / 6.106973e-01
PCG: 3 : 2.633336e-02 / 5.666726e-01
PCG: 4 : 1.456352e-02 / 3.133952e-01
PCG: 5 : 1.872785e-02 / 4.030081e-01
PCG: 6 : 2.278126e-02 / 4.902343e-01
PCG: 7 : 1.614447e-02 / 3.474159e-01
PCG: 8 : 2.137871e-02 / 4.600525e-01
PCG: 0 : 2.137870e-02
PCG: 1 : 1.701010e-02 / 7.956566e-01
PCG: 2 : 1.967707e-02 / 9.204053e-01
PCG: 3 : 1.587515e-02 / 7.425684e-01
PCG: 4 : 1.198742e-02 / 5.607178e-01
PCG: 5 : 1.901339e-02 / 8.893614e-01
PCG: 6 : 2.110124e-02 / 9.870215e-01
PCG: 7 : 1.974788e-02 / 9.237177e-01
PCG: 8 : 2.621081e-02 / 1.226024e+00
PCG: 0 : 2.621082e-02
PCG: 1 : 1.822572e-02 / 6.953511e-01
PCG: 2 : 1.777899e-02 / 6.783074e-01
PCG: 3 : 1.646722e-02 / 6.282605e-01
PCG: 4 : 9.211291e-03 / 3.514309e-01
PCG: 5 : 1.158690e-02 / 4.420656e-01
PCG: 6 : 1.417602e-02 / 5.408462e-01
PCG: 7 : 1.153022e-02 / 4.399033e-01
PCG: 8 : 1.439341e-02 / 5.491399e-01
PCG: 0 : 1.439340e-02
PCG: 1 : 1.116541e-02 / 7.757310e-01
PCG: 2 : 1.280385e-02 / 8.895637e-01
PCG: 3 : 1.094517e-02 / 7.604297e-01
PCG: 4 : 8.002638e-03 / 5.559934e-01
PCG: 5 : 1.262537e-02 / 8.771638e-01
PCG: 6 : 1.344114e-02 / 9.338405e-01
PCG: 7 : 1.298878e-02 / 9.024121e-01
PCG: 8 : 1.705343e-02 / 1.184808e+00
PCG: 0 : 1.705342e-02
PCG: 1 : 1.207643e-02 / 7.081530e-01
PCG: 2 : 1.152711e-02 / 6.759411e-01
PCG: 3 : 1.068151e-02 / 6.263556e-01
PCG: 4 : 6.146792e-03 / 3.604434e-01
PCG: 5 : 7.995909e-03 / 4.688742e-01
PCG: 6 : 9.093437e-03 / 5.332325e-01
PCG: 7 : 7.603681e-03 / 4.458743e-01
PCG: 8 : 9.653043e-03 / 5.660474e-01
PCG: 0 : 9.653042e-03
PCG: 1 : 7.450195e-03 / 7.717977e-01
PCG: 2 : 8.336030e-03 / 8.635651e-01
PCG: 3 : 7.337729e-03 / 7.601469e-01
PCG: 4 : 5.534054e-03 / 5.732964e-01
PCG: 5 : 8.767396e-03 / 9.082521e-01
PCG: 6 : 8.616610e-03 / 8.926316e-01
PCG: 7 : 8.604569e-03 / 8.913842e-01
PCG: 8 : 1.163499e-02 / 1.205318e+00
PCG: 0 : 1.163499e-02
PCG: 1 : 8.248919e-03 / 7.089751e-01
PCG: 2 : 7.405145e-03 / 6.364547e-01
PCG: 3 : 7.073035e-03 / 6.079106e-01
PCG: 4 : 4.445929e-03 / 3.821171e-01
PCG: 5 : 5.651554e-03 / 4.857377e-01
PCG: 6 : 5.774886e-03 / 4.963378e-01
PCG: 7 : 5.005793e-03 / 4.302361e-01
PCG: 8 : 6.751150e-03 / 5.802454e-01
PCG: 0 : 6.751148e-03
PCG: 1 : 5.209875e-03 / 7.717022e-01
PCG: 2 : 5.276091e-03 / 7.815103e-01
PCG: 3 : 4.941150e-03 / 7.318978e-01
PCG: 4 : 4.571411e-03 / 6.771310e-01
PCG: 5 : 6.547625e-03 / 9.698536e-01
PCG: 6 : 5.241961e-03 / 7.764549e-01
PCG: 7 : 5.959914e-03 / 8.828002e-01
PCG: 8 : 8.635657e-03 / 1.279139e+00
PCG: 0 : 8.635654e-03
PCG: 1 : 6.021255e-03 / 6.972552e-01
PCG: 2 : 4.484099e-03 / 5.192541e-01
PCG: 3 : 5.014402e-03 / 5.806627e-01
PCG: 4 : 3.812033e-03 / 4.414295e-01
PCG: 5 : 3.991361e-03 / 4.621955e-01
PCG: 6 : 3.467868e-03 / 4.015756e-01
PCG: 7 : 3.466675e-03 / 4.014375e-01
PCG: 8 : 4.880895e-03 / 5.652027e-01
PCG: 0 : 4.880896e-03
PCG: 1 : 3.682215e-03 / 7.544137e-01
PCG: 2 : 3.220339e-03 / 6.597844e-01
PCG: 3 : 3.482569e-03 / 7.135102e-01
PCG: 4 : 3.741649e-03 / 7.665905e-01
PCG: 5 : 4.422871e-03 / 9.061597e-01
PCG: 6 : 3.198264e-03 / 6.552616e-01
PCG: 7 : 4.425884e-03 / 9.067770e-01
PCG: 8 : 5.958029e-03 / 1.220683e+00
PCG: 0 : 5.958034e-03
PCG: 1 : 4.203726e-03 / 7.055559e-01
PCG: 2 : 2.788339e-03 / 4.679964e-01
PCG: 3 : 3.619589e-03 / 6.075140e-01
PCG: 4 : 2.939137e-03 / 4.933065e-01
PCG: 5 : 2.599060e-03 / 4.362277e-01
PCG: 6 : 2.255134e-03 / 3.785031e-01
PCG: 7 : 2.506785e-03 / 4.207403e-01
PCG: 8 : 3.265000e-03 / 5.479996e-01
PCG: 0 : 3.264999e-03
PCG: 1 : 2.450382e-03 / 7.505000e-01
PCG: 2 : 2.095679e-03 / 6.418620e-01
PCG: 3 : 2.331669e-03 / 7.141409e-01
PCG: 4 : 2.521397e-03 / 7.722504e-01
PCG: 5 : 2.921251e-03 / 8.947171e-01
PCG: 6 : 2.088184e-03 / 6.395664e-01
PCG: 7 : 2.972118e-03 / 9.102967e-01
PCG: 8 : 3.946923e-03 / 1.208859e+00
PCG: 0 : 3.946923e-03
PCG: 1 : 2.785850e-03 / 7.058283e-01
PCG: 2 : 1.827449e-03 / 4.630059e-01
PCG: 3 : 2.413542e-03 / 6.114995e-01
PCG: 4 : 1.959761e-03 / 4.965288e-01
PCG: 5 : 1.718540e-03 / 4.354126e-01
PCG: 6 : 1.486157e-03 / 3.765355e-01
PCG: 7 : 1.671064e-03 / 4.233839e-01
PCG: 8 : 2.160293e-03 / 5.473359e-01
PCG: 0 : 2.160293e-03
PCG: 1 : 1.619298e-03 / 7.495736e-01
PCG: 2 : 1.377828e-03 / 6.377971e-01
PCG: 3 : 1.543698e-03 / 7.145783e-01
PCG: 4 : 1.662700e-03 / 7.696643e-01
PCG: 5 : 1.934117e-03 / 8.953030e-01
PCG: 6 : 1.372353e-03 / 6.352627e-01
PCG: 7 : 1.962721e-03 / 9.085438e-01
PCG: 8 : 2.610273e-03 / 1.208296e+00
PCG: 0 : 2.610272e-03
PCG: 1 : 1.840272e-03 / 7.050117e-01
PCG: 2 : 1.201875e-03 / 4.604405e-01
PCG: 3 : 1.597458e-03 / 6.119891e-01
PCG: 4 : 1.292013e-03 / 4.949727e-01
PCG: 5 : 1.137512e-03 / 4.357829e-01
PCG: 6 : 9.776065e-04 / 3.745229e-01
PCG: 7 : 1.104138e-03 / 4.229974e-01
PCG: 8 : 1.428274e-03 / 5.471743e-01
PCG: 0 : 1.428274e-03
PCG: 1 : 1.069944e-03 / 7.491165e-01
PCG: 2 : 9.066968e-04 / 6.348200e-01
PCG: 3 : 1.021748e-03 / 7.153724e-01
PCG: 4 : 1.096152e-03 / 7.674662e-01
PCG: 5 : 1.280245e-03 / 8.963583e-01
PCG: 6 : 9.031279e-04 / 6.323212e-01
PCG: 7 : 1.296310e-03 / 9.076061e-01
PCG: 8 : 1.725688e-03 / 1.208233e+00
PCG: 0 : 1.725689e-03
PCG: 1 : 1.215863e-03 / 7.045670e-01
PCG: 2 : 7.911006e-04 / 4.584261e-01
PCG: 3 : 1.057030e-03 / 6.125263e-01
PCG: 4 : 8.516762e-04 / 4.935283e-01
PCG: 5 : 7.528043e-04 / 4.362341e-01
PCG: 6 : 6.434753e-04 / 3.728803e-01
PCG: 7 : 7.295636e-04 / 4.227667e-01
PCG: 8 : 9.440755e-04 / 5.470718e-01
PCG: 0 : 9.440755e-04
PCG: 1 : 7.070248e-04 / 7.489070e-01
PCG: 2 : 5.970553e-04 / 6.324232e-01
PCG: 3 : 6.762507e-04 / 7.163099e-01
PCG: 4 : 7.226819e-04 / 7.654916e-01
PCG: 5 : 8.472560e-04 / 8.974451e-01
PCG: 6 : 5.947609e-04 / 6.299930e-01
PCG: 7 : 8.563328e-04 / 9.070597e-01
PCG: 8 : 1.140472e-03 / 1.208031e+00
PCG: 0 : 1.140472e-03
PCG: 1 : 8.033359e-04 / 7.043889e-01
PCG: 2 : 5.210147e-04 / 4.568412e-01
PCG: 3 : 6.994074e-04 / 6.132612e-01
PCG: 4 : 5.614260e-04 / 4.922751e-01
PCG: 5 : 4.981956e-04 / 4.368327e-01
PCG: 6 : 4.238315e-04 / 3.716281e-01
PCG: 7 : 4.821792e-04 / 4.227890e-01
PCG: 8 : 6.239734e-04 / 5.471184e-01
PCG: 0 : 6.239736e-04
PCG: 1 : 4.672422e-04 / 7.488173e-01
PCG: 2 : 3.933870e-04 / 6.304547e-01
PCG: 3 : 4.475451e-04 / 7.172501e-01
PCG: 4 : 4.764775e-04 / 7.636181e-01
PCG: 5 : 5.606417e-04 / 8.985023e-01
PCG: 6 : 3.919046e-04 / 6.280789e-01
PCG: 7 : 5.657997e-04 / 9.067686e-01
PCG: 8 : 7.536145e-04 / 1.207767e+00
PCG: 0 : 7.536143e-04
PCG: 1 : 5.308053e-04 / 7.043461e-01
PCG: 2 : 3.433504e-04 / 4.556049e-01
PCG: 3 : 4.627885e-04 / 6.140920e-01
PCG: 4 : 3.701524e-04 / 4.911696e-01
PCG: 5 : 3.296889e-04 / 4.374770e-01
PCG: 6 : 2.793076e-04 / 3.706240e-01
PCG: 7 : 3.187049e-04 / 4.229018e-01
PCG: 8 : 4.123574e-04 / 5.471730e-01
PCG: 0 : 4.123572e-04
PCG: 1 : 3.087991e-04 / 7.488630e-01
PCG: 2 : 2.593115e-04 / 6.288516e-01
PCG: 3 : 2.962005e-04 / 7.183103e-01
PCG: 4 : 3.141850e-04 / 7.619243e-01
PCG: 5 : 3.709588e-04 / 8.996053e-01
PCG: 6 : 2.583532e-04 / 6.265276e-01
PCG: 7 : 3.738865e-04 / 9.067053e-01
PCG: 8 : 4.979344e-04 / 1.207531e+00
PCG: 0 : 4.979345e-04
PCG: 1 : 3.507507e-04 / 7.044114e-01
PCG: 2 : 2.263603e-04 / 4.545985e-01
PCG: 3 : 3.062230e-04 / 6.149865e-01
PCG: 4 : 2.440724e-04 / 4.901697e-01
PCG: 5 : 2.181855e-04 / 4.381810e-01
PCG: 6 : 1.841399e-04 / 3.698074e-01
PCG: 7 : 2.106962e-04 / 4.231404e-01
PCG: 8 : 2.724920e-04 / 5.472447e-01
PCG: 0 : 2.724922e-04
PCG: 1 : 2.041018e-04 / 7.490189e-01
PCG: 2 : 1.709972e-04 / 6.275306e-01
PCG: 3 : 1.960378e-04 / 7.194254e-01
PCG: 4 : 2.071878e-04 / 7.603440e-01
PCG: 5 : 2.454515e-04 / 9.007654e-01
PCG: 6 : 1.703791e-04 / 6.252624e-01
PCG: 7 : 2.470918e-04 / 9.067851e-01
PCG: 8 : 3.289669e-04 / 1.207253e+00
PCG: 0 : 3.289671e-04
PCG: 1 : 2.317761e-04 / 7.045569e-01
PCG: 2 : 1.492871e-04 / 4.538055e-01
PCG: 3 : 2.026177e-04 / 6.159207e-01
PCG: 4 : 1.609500e-04 / 4.892585e-01
PCG: 5 : 1.443836e-04 / 4.388998e-01
PCG: 6 : 1.214262e-04 / 3.691135e-01
PCG: 7 : 1.392870e-04 / 4.234069e-01
PCG: 8 : 1.800517e-04 / 5.473243e-01
PCG: 0 : 1.800517e-04
PCG: 1 : 1.349013e-04 / 7.492362e-01
PCG: 2 : 1.127939e-04 / 6.264529e-01
PCG: 3 : 1.297446e-04 / 7.205964e-01
PCG: 4 : 1.366538e-04 / 7.589695e-01
PCG: 5 : 1.624077e-04 / 9.020060e-01
PCG: 6 : 1.123952e-04 / 6.242382e-01
PCG: 7 : 1.633230e-04 / 9.070896e-01
PCG: 8 : 2.173378e-04 / 1.207085e+00
PCG: 0 : 2.173378e-04
PCG: 1 : 1.531610e-04 / 7.047139e-01
PCG: 2 : 9.848364e-05 / 4.531363e-01
PCG: 3 : 1.340615e-04 / 6.168347e-01
PCG: 4 : 1.061491e-04 / 4.884062e-01
PCG: 5 : 9.554595e-05 / 4.396196e-01
PCG: 6 : 8.010096e-05 / 3.685551e-01
PCG: 7 : 9.208875e-05 / 4.237126e-01
PCG: 8 : 1.189702e-04 / 5.473977e-01
PCG: 0 : 1.189702e-04
PCG: 1 : 8.916427e-05 / 7.494673e-01
PCG: 2 : 7.442103e-05 / 6.255435e-01
PCG: 3 : 8.586661e-05 / 7.217489e-01
PCG: 4 : 9.013643e-05 / 7.576387e-01
PCG: 5 : 1.074431e-04 / 9.031091e-01
PCG: 6 : 7.415069e-05 / 6.232711e-01
PCG: 7 : 1.079444e-04 / 9.073234e-01
PCG: 8 : 1.435760e-04 / 1.206823e+00
PCG: 0 : 1.435762e-04
PCG: 1 : 1.012088e-04 / 7.049138e-01
PCG: 2 : 6.497931e-05 / 4.525774e-01
PCG: 3 : 8.869374e-05 / 6.177470e-01
PCG: 4 : 7.001553e-05 / 4.876543e-01
PCG: 5 : 6.322627e-05 / 4.403675e-01
PCG: 6 : 5.284967e-05 / 3.680950e-01
PCG: 7 : 6.088500e-05 / 4.240607e-01
PCG: 8 : 7.860880e-05 / 5.475060e-01
PCG: 0 : 7.860883e-05
PCG: 1 : 5.893528e-05 / 7.497285e-01
PCG: 2 : 4.911203e-05 / 6.247648e-01
PCG: 3 : 5.682340e-05 / 7.228629e-01
PCG: 4 : 5.945972e-05 / 7.564000e-01
PCG: 5 : 7.108047e-05 / 9.042302e-01
PCG: 6 : 4.893213e-05 / 6.224763e-01
PCG: 7 : 7.134821e-05 / 9.076362e-01
PCG: 8 : 9.484901e-05 / 1.206595e+00
PCG: 0 : 9.484901e-05
PCG: 1 : 6.688532e-05 / 7.051767e-01
PCG: 2 : 4.288783e-05 / 4.521695e-01
PCG: 3 : 5.868301e-05 / 6.186992e-01
PCG: 4 : 4.618983e-05 / 4.869828e-01
PCG: 5 : 4.184011e-05 / 4.411233e-01
PCG: 6 : 3.487731e-05 / 3.677140e-01
PCG: 7 : 4.025540e-05 / 4.244156e-01
PCG: 8 : 5.194054e-05 / 5.476128e-01
PCG: 0 : 5.194056e-05
PCG: 1 : 3.895510e-05 / 7.499937e-01
PCG: 2 : 3.241691e-05 / 6.241155e-01
PCG: 3 : 3.760408e-05 / 7.239830e-01
PCG: 4 : 3.923136e-05 / 7.553127e-01
PCG: 5 : 4.702557e-05 / 9.053727e-01
PCG: 6 : 3.229834e-05 / 6.218327e-01
PCG: 7 : 4.716593e-05 / 9.080750e-01
PCG: 8 : 6.266490e-05 / 1.206473e+00
PCG: 0 : 6.266487e-05
PCG: 1 : 4.420580e-05 / 7.054319e-01
PCG: 2 : 2.831060e-05 / 4.517779e-01
PCG: 3 : 3.882398e-05 / 6.195493e-01
PCG: 4 : 3.047569e-05 / 4.863281e-01
PCG: 5 : 2.768483e-05 / 4.417918e-01
PCG: 6 : 2.301868e-05 / 3.673298e-01
PCG: 7 : 2.661214e-05 / 4.246740e-01
PCG: 8 : 3.431497e-05 / 5.475950e-01
PCG: 0 : 3.431496e-05
PCG: 1 : 2.574535e-05 / 7.502659e-01
PCG: 2 : 2.139918e-05 / 6.236109e-01
PCG: 3 : 2.488300e-05 / 7.251356e-01
PCG: 4 : 2.588724e-05 / 7.544008e-01
PCG: 5 : 3.110928e-05 / 9.065806e-01
PCG: 6 : 2.132197e-05 / 6.213608e-01
PCG: 7 : 3.117755e-05 / 9.085703e-01
PCG: 8 : 4.139684e-05 / 1.206379e+00
PCG: 0 : 4.139685e-05
PCG: 1 : 2.921418e-05 / 7.057102e-01
PCG: 2 : 1.869011e-05 / 4.514863e-01
PCG: 3 : 2.568383e-05 / 6.204296e-01
PCG: 4 : 2.010845e-05 / 4.857482e-01
PCG: 5 : 1.831696e-05 / 4.424723e-01
PCG: 6 : 1.519375e-05 / 3.670267e-01
PCG: 7 : 1.759299e-05 / 4.249837e-01
PCG: 8 : 2.267062e-05 / 5.476413e-01
PCG: 0 : 2.267062e-05
PCG: 1 : 1.701559e-05 / 7.505568e-01
PCG: 2 : 1.412688e-05 / 6.231361e-01
PCG: 3 : 1.646405e-05 / 7.262284e-01
PCG: 4 : 1.708372e-05 / 7.535620e-01
PCG: 5 : 2.058056e-05 / 9.078076e-01
PCG: 6 : 1.407705e-05 / 6.209381e-01
PCG: 7 : 2.061084e-05 / 9.091433e-01
PCG: 8 : 2.734943e-05 / 1.206382e+00
PCG: 0 : 2.734942e-05
PCG: 1 : 1.930733e-05 / 7.059503e-01
PCG: 2 : 1.234117e-05 / 4.512406e-01
PCG: 3 : 1.699171e-05 / 6.212823e-01
PCG: 4 : 1.326952e-05 / 4.851848e-01
PCG: 5 : 1.211892e-05 / 4.431143e-01
PCG: 6 : 1.002989e-05 / 3.667313e-01
PCG: 7 : 1.163042e-05 / 4.252530e-01
PCG: 8 : 1.497712e-05 / 5.476213e-01
PCG: 0 : 1.497711e-05
PCG: 1 : 1.124516e-05 / 7.508230e-01
PCG: 2 : 9.326744e-06 / 6.227332e-01
PCG: 3 : 1.089198e-05 / 7.272415e-01
PCG: 4 : 1.127368e-05 / 7.527274e-01
PCG: 5 : 1.361230e-05 / 9.088737e-01
PCG: 6 : 9.294348e-06 / 6.205702e-01
PCG: 7 : 1.362264e-05 / 9.095639e-01
PCG: 8 : 1.806752e-05 / 1.206342e+00
PCG: 0 : 1.806753e-05
PCG: 1 : 1.275946e-05 / 7.062095e-01
PCG: 2 : 8.149315e-06 / 4.510476e-01
PCG: 3 : 1.123946e-05 / 6.220807e-01
PCG: 4 : 8.756887e-06 / 4.846755e-01
PCG: 5 : 8.017616e-06 / 4.437583e-01
PCG: 6 : 6.621651e-06 / 3.664946e-01
PCG: 7 : 7.688378e-06 / 4.255357e-01
PCG: 8 : 9.895137e-06 / 5.476752e-01
PCG: 0 : 9.895131e-06
PCG: 1 : 7.431902e-06 / 7.510665e-01
PCG: 2 : 6.158867e-06 / 6.224139e-01
PCG: 3 : 7.206419e-06 / 7.282793e-01
PCG: 4 : 7.440962e-06 / 7.519822e-01
PCG: 5 : 9.003795e-06 / 9.099217e-01
PCG: 6 : 6.137515e-06 / 6.202560e-01
PCG: 7 : 9.004381e-06 / 9.099810e-01
PCG: 8 : 1.193526e-05 / 1.206175e+00
PCG: 0 : 1.193526e-05
PCG: 1 : 8.431778e-06 / 7.064593e-01
PCG: 2 : 5.381644e-06 / 4.509028e-01
PCG: 3 : 7.434057e-06 / 6.228650e-01
PCG: 4 : 5.779746e-06 / 4.842579e-01
PCG: 5 : 5.304330e-06 / 4.444250e-01
PCG: 6 : 4.372203e-06 / 3.663265e-01
PCG: 7 : 5.082548e-06 / 4.258430e-01
PCG: 8 : 6.537792e-06 / 5.477710e-01
PCG: 0 : 6.537796e-06
PCG: 1 : 4.911906e-06 / 7.513091e-01
PCG: 2 : 4.067174e-06 / 6.221017e-01
PCG: 3 : 4.767173e-06 / 7.291713e-01
PCG: 4 : 4.911327e-06 / 7.512205e-01
PCG: 5 : 5.954639e-06 / 9.108022e-01
PCG: 6 : 4.052854e-06 / 6.199114e-01
PCG: 7 : 5.951460e-06 / 9.103160e-01
PCG: 8 : 7.884285e-06 / 1.205955e+00
PCG: 0 : 7.884298e-06
PCG: 1 : 5.571857e-06 / 7.067031e-01
PCG: 2 : 3.553978e-06 / 4.507666e-01
PCG: 3 : 4.916492e-06 / 6.235802e-01
PCG: 4 : 3.814755e-06 / 4.838421e-01
PCG: 5 : 3.508817e-06 / 4.450386e-01
PCG: 6 : 2.887052e-06 / 3.661775e-01
PCG: 7 : 3.359756e-06 / 4.261326e-01
PCG: 8 : 4.319353e-06 / 5.478424e-01
PCG: 0 : 4.319350e-06
PCG: 1 : 3.246135e-06 / 7.515333e-01
PCG: 2 : 2.685912e-06 / 6.218326e-01
PCG: 3 : 3.153430e-06 / 7.300705e-01
PCG: 4 : 3.241700e-06 / 7.505065e-01
PCG: 5 : 3.937909e-06 / 9.116902e-01
PCG: 6 : 2.676320e-06 / 6.196118e-01
PCG: 7 : 3.933591e-06 / 9.106905e-01
PCG: 8 : 5.208019e-06 / 1.205741e+00
PCG: 0 : 5.208021e-06
PCG: 1 : 3.682166e-06 / 7.070182e-01
PCG: 2 : 2.347201e-06 / 4.506897e-01
PCG: 3 : 3.251612e-06 / 6.243470e-01
PCG: 4 : 2.518072e-06 / 4.834988e-01
PCG: 5 : 2.321127e-06 / 4.456832e-01
PCG: 6 : 1.906636e-06 / 3.660961e-01
PCG: 7 : 2.220921e-06 / 4.264425e-01
PCG: 8 : 2.854262e-06 / 5.480511e-01
PCG: 0 : 2.854262e-06
PCG: 1 : 2.145325e-06 / 7.516216e-01
PCG: 2 : 1.773998e-06 / 6.215259e-01
PCG: 3 : 2.085873e-06 / 7.307924e-01
PCG: 4 : 2.139921e-06 / 7.497284e-01
PCG: 5 : 2.604169e-06 / 9.123793e-01
PCG: 6 : 1.767555e-06 / 6.192686e-01
PCG: 7 : 2.599983e-06 / 9.109125e-01
PCG: 8 : 3.440319e-06 / 1.205327e+00
PCG: 0 : 3.440318e-06
PCG: 1 : 2.433225e-06 / 7.072674e-01
PCG: 2 : 1.550346e-06 / 4.506404e-01
PCG: 3 : 2.150354e-06 / 6.250451e-01
PCG: 4 : 1.662340e-06 / 4.831938e-01
PCG: 5 : 1.535372e-06 / 4.462877e-01
PCG: 6 : 1.259248e-06 / 3.660268e-01
PCG: 7 : 1.468087e-06 / 4.267302e-01
PCG: 8 : 1.885861e-06 / 5.481649e-01
PCG: 0 : 1.885862e-06
PCG: 1 : 1.417843e-06 / 7.518277e-01
PCG: 2 : 1.171776e-06 / 6.213474e-01
PCG: 3 : 1.379754e-06 / 7.316303e-01
PCG: 4 : 1.412789e-06 / 7.491475e-01
PCG: 5 : 1.722106e-06 / 9.131665e-01
PCG: 6 : 1.167384e-06 / 6.190189e-01
PCG: 7 : 1.718337e-06 / 9.111677e-01
PCG: 8 : 2.272728e-06 / 1.205140e+00
PCG: 0 : 2.272729e-06
PCG: 1 : 1.607903e-06 / 7.074767e-01
PCG: 2 : 1.024074e-06 / 4.505921e-01
PCG: 3 : 1.422014e-06 / 6.256860e-01
PCG: 4 : 1.097423e-06 / 4.828658e-01
PCG: 5 : 1.015615e-06 / 4.468705e-01
PCG: 6 : 8.317210e-07 / 3.659570e-01
PCG: 7 : 9.704582e-07 / 4.270014e-01
PCG: 8 : 1.246156e-06 / 5.483082e-01
PCG: 0 : 1.246156e-06
PCG: 1 : 9.370446e-07 / 7.519482e-01
PCG: 2 : 7.740017e-07 / 6.211115e-01
PCG: 3 : 9.125319e-07 / 7.322776e-01
PCG: 4 : 9.327355e-07 / 7.484903e-01
PCG: 5 : 1.138735e-06 / 9.137980e-01
PCG: 6 : 7.710807e-07 / 6.187675e-01
PCG: 7 : 1.135674e-06 / 9.113422e-01
PCG: 8 : 1.501279e-06 / 1.204729e+00
PCG: 0 : 1.501279e-06
PCG: 1 : 1.062502e-06 / 7.077311e-01
PCG: 2 : 6.764447e-07 / 4.505788e-01
PCG: 3 : 9.403505e-07 / 6.263661e-01
PCG: 4 : 7.245451e-07 / 4.826184e-01
PCG: 5 : 6.717170e-07 / 4.474297e-01
PCG: 6 : 5.493602e-07 / 3.659280e-01
PCG: 7 : 6.414786e-07 / 4.272879e-01
PCG: 8 : 8.234115e-07 / 5.484731e-01
PCG: 0 : 8.234114e-07
PCG: 1 : 6.192996e-07 / 7.521145e-01
PCG: 2 : 5.113365e-07 / 6.209976e-01
PCG: 3 : 6.035725e-07 / 7.330145e-01
PCG: 4 : 6.158955e-07 / 7.479803e-01
PCG: 5 : 7.530599e-07 / 9.145610e-01
PCG: 6 : 5.093935e-07 / 6.186379e-01
PCG: 7 : 7.506732e-07 / 9.116624e-01
PCG: 8 : 9.918638e-07 / 1.204579e+00
PCG: 0 : 9.918638e-07
PCG: 1 : 7.022054e-07 / 7.079656e-01
PCG: 2 : 4.469098e-07 / 4.505757e-01
PCG: 3 : 6.218652e-07 / 6.269663e-01
PCG: 4 : 4.784253e-07 / 4.823498e-01
PCG: 5 : 4.442812e-07 / 4.479256e-01
PCG: 6 : 3.628922e-07 / 3.658690e-01
PCG: 7 : 4.240057e-07 / 4.274838e-01
PCG: 8 : 5.440602e-07 / 5.485231e-01
PCG: 0 : 5.440605e-07
PCG: 1 : 4.092710e-07 / 7.522528e-01
PCG: 2 : 3.378000e-07 / 6.208869e-01
PCG: 3 : 3.991799e-07 / 7.337050e-01
PCG: 4 : 4.066760e-07 / 7.474831e-01
PCG: 5 : 4.979621e-07 / 9.152698e-01
PCG: 6 : 3.365104e-07 / 6.185165e-01
PCG: 7 : 4.961269e-07 / 9.118965e-01
PCG: 8 : 6.552768e-07 / 1.204419e+00
PCG: 0 : 6.552773e-07
PCG: 1 : 4.640362e-07 / 7.081523e-01
PCG: 2 : 2.952748e-07 / 4.506104e-01
PCG: 3 : 4.112135e-07 / 6.275412e-01
PCG: 4 : 3.159308e-07 / 4.821330e-01
PCG: 5 : 2.938647e-07 / 4.484585e-01
PCG: 6 : 2.397391e-07 / 3.658590e-01
PCG: 7 : 2.802999e-07 / 4.277577e-01
PCG: 8 : 3.595222e-07 / 5.486565e-01
PCG: 0 : 3.595222e-07
PCG: 1 : 2.704988e-07 / 7.523840e-01
PCG: 2 : 2.231590e-07 / 6.207098e-01
PCG: 3 : 2.640058e-07 / 7.343239e-01
PCG: 4 : 2.685486e-07 / 7.469596e-01
PCG: 5 : 3.292566e-07 / 9.158170e-01
PCG: 6 : 2.223162e-07 / 6.183657e-01
PCG: 7 : 3.278975e-07 / 9.120370e-01
PCG: 8 : 4.328739e-07 / 1.204026e+00
PCG: 0 : 4.328740e-07
PCG: 1 : 3.066400e-07 / 7.083815e-01
PCG: 2 : 1.950851e-07 / 4.506742e-01
PCG: 3 : 2.719044e-07 / 6.281376e-01
PCG: 4 : 2.086149e-07 / 4.819298e-01
PCG: 5 : 1.943538e-07 / 4.489846e-01
PCG: 6 : 1.583692e-07 / 3.658553e-01
PCG: 7 : 1.852794e-07 / 4.280215e-01
PCG: 8 : 2.375786e-07 / 5.488400e-01
PCG: 0 : 2.375786e-07
PCG: 1 : 1.787789e-07 / 7.525042e-01
PCG: 2 : 1.474402e-07 / 6.205956e-01
PCG: 3 : 1.746020e-07 / 7.349232e-01
PCG: 4 : 1.773445e-07 / 7.464668e-01
PCG: 5 : 2.177142e-07 / 9.163882e-01
PCG: 6 : 1.468798e-07 / 6.182366e-01
PCG: 7 : 2.167202e-07 / 9.122044e-01
PCG: 8 : 2.859922e-07 / 1.203780e+00
PCG: 0 : 2.859922e-07
PCG: 1 : 2.026376e-07 / 7.085423e-01
PCG: 2 : 1.288993e-07 / 4.507091e-01
PCG: 3 : 1.797922e-07 / 6.286610e-01
PCG: 4 : 1.377592e-07 / 4.816888e-01
PCG: 5 : 1.285301e-07 / 4.494183e-01
PCG: 6 : 1.046327e-07 / 3.658585e-01
PCG: 7 : 1.224677e-07 / 4.282205e-01
PCG: 8 : 1.569859e-07 / 5.489166e-01
PCG: 0 : 1.569860e-07
PCG: 1 : 1.181556e-07 / 7.526508e-01
PCG: 2 : 9.742467e-08 / 6.205947e-01
PCG: 3 : 1.154638e-07 / 7.355038e-01
PCG: 4 : 1.171145e-07 / 7.460187e-01
PCG: 5 : 1.439577e-07 / 9.170098e-01
PCG: 6 : 9.704666e-08 / 6.181868e-01
PCG: 7 : 1.432399e-07 / 9.124379e-01
PCG: 8 : 1.889586e-07 / 1.203665e+00
PCG: 0 : 1.889586e-07
PCG: 1 : 1.339172e-07 / 7.087116e-01
PCG: 2 : 8.517269e-08 / 4.507478e-01
PCG: 3 : 1.188819e-07 / 6.291426e-01
PCG: 4 : 9.098091e-08 / 4.814859e-01
PCG: 5 : 8.500017e-08 / 4.498348e-01
PCG: 6 : 6.913200e-08 / 3.658578e-01
PCG: 7 : 8.094862e-08 / 4.283933e-01
PCG: 8 : 1.037366e-07 / 5.489913e-01
PCG: 0 : 1.037367e-07
PCG: 1 : 7.808661e-08 / 7.527387e-01
PCG: 2 : 6.437693e-08 / 6.205801e-01
PCG: 3 : 7.635767e-08 / 7.360721e-01
PCG: 4 : 7.735165e-08 / 7.456538e-01
PCG: 5 : 9.519021e-08 / 9.176138e-01
PCG: 6 : 6.412821e-08 / 6.181826e-01
PCG: 7 : 9.467734e-08 / 9.126698e-01
PCG: 8 : 1.248463e-07 / 1.203492e+00
PCG: 0 : 1.248463e-07
PCG: 1 : 8.850559e-08 / 7.089163e-01
PCG: 2 : 5.628500e-08 / 4.508342e-01
PCG: 3 : 7.861247e-08 / 6.296739e-01
PCG: 4 : 6.009118e-08 / 4.813212e-01
PCG: 5 : 5.621763e-08 / 4.502946e-01
PCG: 6 : 4.568199e-08 / 3.659057e-01
PCG: 7 : 5.350692e-08 / 4.285823e-01
PCG: 8 : 6.855176e-08 / 5.490892e-01
PCG: 0 : 6.855178e-08
PCG: 1 : 5.160799e-08 / 7.528323e-01
PCG: 2 : 4.254012e-08 / 6.205546e-01
PCG: 3 : 5.049527e-08 / 7.366005e-01
PCG: 4 : 5.108664e-08 / 7.452271e-01
PCG: 5 : 6.293394e-08 / 9.180496e-01
PCG: 6 : 4.237275e-08 / 6.181130e-01
PCG: 7 : 6.257366e-08 / 9.127942e-01
PCG: 8 : 8.248398e-08 / 1.203236e+00
PCG: 0 : 8.248396e-08
PCG: 1 : 5.848820e-08 / 7.090858e-01
PCG: 2 : 3.719346e-08 / 4.509175e-01
PCG: 3 : 5.197639e-08 / 6.301394e-01
PCG: 4 : 3.969065e-08 / 4.811924e-01
PCG: 5 : 3.717775e-08 / 4.507270e-01
PCG: 6 : 3.018558e-08 / 3.659570e-01
PCG: 7 : 3.536929e-08 / 4.288020e-01
PCG: 8 : 4.529902e-08 / 5.491858e-01
PCG: 0 : 4.529903e-08
PCG: 1 : 3.410997e-08 / 7.529957e-01
PCG: 2 : 2.811326e-08 / 6.206150e-01
PCG: 3 : 3.339293e-08 / 7.371666e-01
PCG: 4 : 3.374171e-08 / 7.448660e-01
PCG: 5 : 4.161305e-08 / 9.186301e-01
PCG: 6 : 2.800166e-08 / 6.181515e-01
PCG: 7 : 4.135983e-08 / 9.130401e-01
PCG: 8 : 5.449877e-08 / 1.203089e+00
PCG: 0 : 5.449877e-08
PCG: 1 : 3.865204e-08 / 7.092277e-01
PCG: 2 : 2.457854e-08 / 4.509926e-01
PCG: 3 : 3.436576e-08 / 6.305787e-01
PCG: 4 : 2.621495e-08 / 4.810190e-01
PCG: 5 : 2.458683e-08 / 4.511448e-01
PCG: 6 : 1.994919e-08 / 3.660484e-01
PCG: 7 : 2.338060e-08 / 4.290116e-01
PCG: 8 : 2.993565e-08 / 5.492903e-01
PCG: 0 : 2.993566e-08
PCG: 1 : 2.254437e-08 / 7.530944e-01
PCG: 2 : 1.858034e-08 / 6.206758e-01
PCG: 3 : 2.208243e-08 / 7.376630e-01
PCG: 4 : 2.228735e-08 / 7.445083e-01
PCG: 5 : 2.750960e-08 / 9.189577e-01
PCG: 6 : 1.850203e-08 / 6.180600e-01
PCG: 7 : 2.733284e-08 / 9.130530e-01
PCG: 8 : 3.600378e-08 / 1.202706e+00
PCG: 0 : 3.600378e-08
PCG: 1 : 2.554105e-08 / 7.093990e-01
PCG: 2 : 1.624194e-08 / 4.511177e-01
PCG: 3 : 2.271966e-08 / 6.310356e-01
PCG: 4 : 1.731483e-08 / 4.809170e-01
PCG: 5 : 1.625821e-08 / 4.515696e-01
PCG: 6 : 1.318307e-08 / 3.661578e-01
PCG: 7 : 1.545412e-08 / 4.292361e-01
PCG: 8 : 1.978072e-08 / 5.494066e-01
PCG: 0 : 1.978072e-08
PCG: 1 : 1.490045e-08 / 7.532813e-01
PCG: 2 : 1.228020e-08 / 6.208166e-01
PCG: 3 : 1.460316e-08 / 7.382521e-01
PCG: 4 : 1.472315e-08 / 7.443182e-01
PCG: 5 : 1.819049e-08 / 9.196070e-01
PCG: 6 : 1.222901e-08 / 6.182288e-01
PCG: 7 : 1.806829e-08 / 9.134293e-01
PCG: 8 : 2.379284e-08 / 1.202830e+00
PCG: 0 : 2.379284e-08
PCG: 1 : 1.688185e-08 / 7.095351e-01
PCG: 2 : 1.073576e-08 / 4.512182e-01
PCG: 3 : 1.502294e-08 / 6.314061e-01
PCG: 4 : 1.143808e-08 / 4.807363e-01
PCG: 5 : 1.075178e-08 / 4.518914e-01
PCG: 6 : 8.712857e-09 / 3.661966e-01
PCG: 7 : 1.021521e-08 / 4.293397e-01
PCG: 8 : 1.306969e-08 / 5.493121e-01
PCG: 0 : 1.306968e-08
PCG: 1 : 9.847782e-09 / 7.534828e-01
PCG: 2 : 8.116380e-09 / 6.210082e-01
PCG: 3 : 9.656165e-09 / 7.388216e-01
PCG: 4 : 9.725036e-09 / 7.440912e-01
PCG: 5 : 1.202603e-08 / 9.201472e-01
PCG: 6 : 8.081967e-09 / 6.183751e-01
PCG: 7 : 1.194156e-08 / 9.136835e-01
PCG: 8 : 1.571955e-08 / 1.202749e+00
PCG: 0 : 1.571955e-08
PCG: 1 : 1.115542e-08 / 7.096526e-01
PCG: 2 : 7.095374e-09 / 4.513725e-01
PCG: 3 : 9.932561e-09 / 6.318602e-01
PCG: 4 : 7.555167e-09 / 4.806222e-01
PCG: 5 : 7.110030e-09 / 4.523048e-01
PCG: 6 : 5.758813e-09 / 3.663471e-01
PCG: 7 : 6.753087e-09 / 4.295979e-01
PCG: 8 : 8.636874e-09 / 5.494351e-01
PCG: 0 : 8.636869e-09
PCG: 1 : 6.509241e-09 / 7.536575e-01
PCG: 2 : 5.364864e-09 / 6.211584e-01
PCG: 3 : 6.384933e-09 / 7.392648e-01
PCG: 4 : 6.423641e-09 / 7.437465e-01
PCG: 5 : 7.950661e-09 / 9.205490e-01
PCG: 6 : 5.341173e-09 / 6.184154e-01
PCG: 7 : 7.892110e-09 / 9.137698e-01
PCG: 8 : 1.038561e-08 / 1.202474e+00
PCG: 0 : 1.038562e-08
PCG: 1 : 7.372337e-09 / 7.098604e-01
PCG: 2 : 4.690010e-09 / 4.515871e-01
PCG: 3 : 6.566864e-09 / 6.323038e-01
PCG: 4 : 4.990688e-09 / 4.805385e-01
PCG: 5 : 4.701282e-09 / 4.526724e-01
PCG: 6 : 3.806360e-09 / 3.665031e-01
PCG: 7 : 4.464082e-09 / 4.298332e-01
PCG: 8 : 5.707354e-09 / 5.495442e-01
PCG: 0 : 5.707356e-09
PCG: 1 : 4.302303e-09 / 7.538171e-01
PCG: 2 : 3.546041e-09 / 6.213106e-01
PCG: 3 : 4.221783e-09 / 7.397091e-01
PCG: 4 : 4.243196e-09 / 7.434610e-01
PCG: 5 : 5.256453e-09 / 9.209962e-01
PCG: 6 : 3.530354e-09 / 6.185620e-01
PCG: 7 : 5.216618e-09 / 9.140166e-01
PCG: 8 : 6.861419e-09 / 1.202206e+00
PCG: 0 : 6.861420e-09
PCG: 1 : 4.872567e-09 / 7.101398e-01
PCG: 2 : 3.100362e-09 / 4.518542e-01
PCG: 3 : 4.341697e-09 / 6.327695e-01
PCG: 4 : 3.296753e-09 / 4.804767e-01
PCG: 5 : 3.108553e-09 / 4.530480e-01
PCG: 6 : 2.516006e-09 / 3.666888e-01
PCG: 7 : 2.950861e-09 / 4.300656e-01
PCG: 8 : 3.771406e-09 / 5.496538e-01
PCG: 0 : 3.771405e-09
PCG: 1 : 2.843588e-09 / 7.539862e-01
PCG: 2 : 2.344083e-09 / 6.215411e-01
PCG: 3 : 2.791659e-09 / 7.402171e-01
PCG: 4 : 2.803143e-09 / 7.432621e-01
PCG: 5 : 3.475318e-09 / 9.214916e-01
PCG: 6 : 2.333863e-09 / 6.188311e-01
PCG: 7 : 3.448294e-09 / 9.143260e-01
PCG: 8 : 4.533062e-09 / 1.201956e+00
PCG: 0 : 4.533058e-09
PCG: 1 : 3.220298e-09 / 7.104031e-01
PCG: 2 : 2.049583e-09 / 4.521414e-01
PCG: 3 : 2.870532e-09 / 6.332442e-01
PCG: 4 : 2.177823e-09 / 4.804313e-01
PCG: 5 : 2.055526e-09 / 4.534523e-01
PCG: 6 : 1.663110e-09 / 3.668849e-01
PCG: 7 : 1.950800e-09 / 4.303498e-01
PCG: 8 : 2.492175e-09 / 5.497779e-01
PCG: 0 : 2.492176e-09
PCG: 1 : 1.879574e-09 / 7.541899e-01
PCG: 2 : 1.549608e-09 / 6.217890e-01
PCG: 3 : 1.845840e-09 / 7.406538e-01
PCG: 4 : 1.851744e-09 / 7.430229e-01
PCG: 5 : 2.297562e-09 / 9.219100e-01
PCG: 6 : 1.542838e-09 / 6.190724e-01
PCG: 7 : 2.279359e-09 / 9.146057e-01
PCG: 8 : 2.994719e-09 / 1.201648e+00
PCG: 0 : 2.994717e-09
PCG: 1 : 2.128478e-09 / 7.107443e-01
PCG: 2 : 1.355066e-09 / 4.524855e-01
PCG: 3 : 1.897993e-09 / 6.337803e-01
PCG: 4 : 1.438788e-09 / 4.804420e-01
PCG: 5 : 1.359157e-09 / 4.538516e-01
PCG: 6 : 1.099466e-09 / 3.671352e-01
PCG: 7 : 1.289701e-09 / 4.306586e-01
PCG: 8 : 1.646716e-09 / 5.498738e-01
PCG: 0 : 1.646718e-09
PCG: 1 : 1.242434e-09 / 7.544908e-01
PCG: 2 : 1.024480e-09 / 6.221344e-01
PCG: 3 : 1.220480e-09 / 7.411590e-01
PCG: 4 : 1.223266e-09 / 7.428510e-01
PCG: 5 : 1.519008e-09 / 9.224454e-01
PCG: 6 : 1.020053e-09 / 6.194460e-01
PCG: 7 : 1.506770e-09 / 9.150141e-01
PCG: 8 : 1.978419e-09 / 1.201432e+00

PCG ( VCycle ( S: Scale / C: Scale )  )

Complete solver TOE: 10.3273
2.53883 GFlop/s [2.53883 GFlops/s]

Total time: 10.3273s
Accumulated op time: 9.9453

Reductions: 7.37932%
Blas-1: 5.86452%
Blas-2: 83.0571%
Precon Kernels: 0%
MPI Execution: 0%
MPI Wait: 0%
Not covered: 3.69905%

Domain size: 48.0179 MByte
LA size: 119.742 MByte
MPI size: 2.67099 MByte

H0-Error: 1.717819e-06
H1-Error: 4.034414e-03

Writing DATA to output.data...
Run-Time: 0:10.886 [0:10.886]
0x31d198e880 Error: MemoryPool<CPU> still contains memory chunks on deconstructor call
