NUM-PROCS: 1
Preparing domain...
LVL-MIN: 2 [2]
LVL-MAX: 3 [3]
Creating gates...
Assembling system matrices...
Assembling system filters...
Assembling transfer matrices...
Converting assembled linear system from SparseMatrixCSR, Mem:main to SparseMatrixCSR, Mem:mainand to SparseMatrixCSR, Mem:main...
PCG: 0 : 1.157947e+00
PCG: 1 : 4.440348e-01 / 3.834674e-01
PCG: 2 : 1.021440e-01 / 8.821128e-02
PCG: 3 : 3.438989e-03 / 2.969903e-03
PCG: 4 : 1.243020e-04 / 1.073469e-04
PCG: 5 : 8.811333e-06 / 7.609446e-06
PCG: 6 : 2.635622e-07 / 2.276117e-07
PCG: 7 : 6.603806e-08 / 5.703031e-08
PCG: 0 : 6.039954e-01
PCG: 1 : 2.391104e-01 / 3.958811e-01
PCG: 2 : 1.035867e-01 / 1.715025e-01
PCG: 3 : 3.334734e-03 / 5.521124e-03
PCG: 4 : 2.364708e-04 / 3.915108e-04
PCG: 5 : 7.576301e-06 / 1.254364e-05
PCG: 6 : 1.773421e-07 / 2.936150e-07
PCG: 7 : 3.829869e-09 / 6.340891e-09
PCG: 0 : 1.454419e-07
PCG: 1 : 1.941756e-08 / 1.335074e-01
PCG: 2 : 1.257716e-08 / 8.647551e-02
PCG: 3 : 2.117668e-09 / 1.456024e-02
PCG: 4 : 2.920787e-10 / 2.008216e-03
PCG: 5 : 5.692854e-11 / 3.914179e-04
PCG: 6 : 7.523887e-12 / 5.173123e-05
PCG: 7 : 7.755511e-13 / 5.332379e-06
PCG: 8 : 4.027225e-14 / 2.768959e-07
PCG: 9 : 4.691221e-15 / 3.225496e-08
PCG: 0 : 1.623465e-14
PCG: 1 : 2.028583e-15 / 1.249540e-01
PCG: 2 : 3.024192e-16 / 1.862801e-02
PCG: 3 : 1.303261e-16 / 8.027652e-03
PCG: 4 : 4.029972e-17 / 2.482328e-03
PCG: 5 : 7.445236e-18 / 4.586017e-04
PCG: 6 : 8.087908e-19 / 4.981881e-05
PCG: 7 : 6.789723e-20 / 4.182242e-06
PCG: 8 : 6.698580e-21 / 4.126102e-07
PCG: 9 : 6.218990e-22 / 3.830690e-08

PCG ( VCycle ( S: Scale / C: Scale )  )

Complete solver TOE: 0.000326
0.83569 GFlop/s [0.83569 GFlops/s]

Total time: 0.000326s
Accumulated op time: 0.000118

Reductions: 8.28221%
Blas-1: 4.29448%
Blas-2: 23.6196%
Precon Kernels: 0%
MPI Execution: 0%
MPI Wait: 0%
Not covered: 63.8037%

Domain size: 0.0137024 MByte
LA size: 0.0290833 MByte
MPI size: 0.000839233 MByte

H0-Error: 6.962289e-03
H1-Error: 2.567055e-01

Writing DATA to output.data...
Run-Time: 0:00.003 [0:00.003]
0x31d198e880 Error: MemoryPool<CPU> still contains memory chunks on deconstructor call
