NUM-PROCS: 1
Preparing domain...
LVL-MIN: 1 [1]
LVL-MAX: 5 [5]
Creating gates...
Assembling system matrices...
Assembling system filters...
Assembling transfer matrices...
Converting assembled linear system from SparseMatrixCSR, Mem:main to SparseMatrixCSR, Mem:mainand to SparseMatrixCSR, Mem:main...
PCG:  0 : 3.015411e-01
PCG:  1 : 8.240046e-02 / 2.732644e-01
PCG:  2 : 1.934824e-02 / 6.416451e-02
PCG:  3 : 1.859630e-03 / 6.167088e-03
PCG:  4 : 1.552143e-04 / 5.147367e-04
PCG:  5 : 2.531039e-05 / 8.393679e-05
PCG:  6 : 1.177431e-06 / 3.904712e-06
PCG:  7 : 1.130259e-07 / 3.748274e-07
PCG:  8 : 1.613713e-08 / 5.351554e-08
PCG:  0 : 3.763039e-02
PCG:  1 : 3.899551e-03 / 1.036277e-01
PCG:  2 : 8.537724e-04 / 2.268838e-02
PCG:  3 : 9.516927e-05 / 2.529054e-03
PCG:  4 : 7.860708e-06 / 2.088926e-04
PCG:  5 : 1.027497e-06 / 2.730499e-05
PCG:  6 : 6.035444e-08 / 1.603875e-06
PCG:  7 : 6.480947e-09 / 1.722264e-07
PCG:  8 : 6.557411e-10 / 1.742584e-08
PCG:  0 : 4.619933e-08
PCG:  1 : 1.073487e-08 / 2.323600e-01
PCG:  2 : 1.822486e-09 / 3.944832e-02
PCG:  3 : 1.385816e-10 / 2.999645e-03
PCG:  4 : 1.756316e-11 / 3.801605e-04
PCG:  5 : 1.596953e-12 / 3.456659e-05
PCG:  6 : 2.315580e-13 / 5.012150e-06
PCG:  7 : 1.972189e-14 / 4.268869e-07
PCG:  8 : 1.880277e-15 / 4.069922e-08

PCG ( VCycle ( S: Scale / C: Scale )  )

Complete solver TOE: 0.001357
2.74224 GFlop/s [2.74224 GFlops/s]

Total time: 0.001357s
Accumulated op time: 0.001063

Reductions: 8.10612%
Blas-1: 4.05306%
Blas-2: 66.1754%
Precon Kernels: 0%
MPI Execution: 0%
MPI Wait: 0%
Not covered: 21.6654%

Domain size: 0.200943 MByte
LA size: 0.509789 MByte
MPI size: 0.011467 MByte

H0-Error: 4.391240e-04
H1-Error: 6.452751e-02

Writing DATA to output.data...
Run-Time: 0:00.006 [0:00.006]
0x31d198e880 Error: MemoryPool<CPU> still contains memory chunks on deconstructor call
