NUM-PROCS: 1
Preparing domain...
LVL-MIN: 4 [4]
LVL-MAX: 5 [5]
Creating gates...
Assembling system matrices...
Assembling system filters...
Assembling transfer matrices...
Converting assembled linear system from SparseMatrixCSR, Mem:main to SparseMatrixCSR, Mem:mainand to SparseMatrixCSR, Mem:main...
PCG: 0 : 3.015411e-01
PCG: 1 : 5.013767e-01 / 1.662714e+00
PCG: 2 : 3.742907e-01 / 1.241259e+00
PCG: 3 : 3.594192e-01 / 1.191941e+00
PCG: 0 : 3.500995e-01
PCG: 1 : 1.949950e-01 / 5.569701e-01
PCG: 2 : 1.184364e-01 / 3.382936e-01
PCG: 3 : 7.532421e-02 / 2.151509e-01
PCG: 0 : 7.532424e-02
PCG: 1 : 3.748321e-02 / 4.976248e-01
PCG: 2 : 3.065950e-02 / 4.070337e-01
PCG: 3 : 2.344210e-02 / 3.112159e-01
PCG: 0 : 2.344210e-02
PCG: 1 : 2.341214e-02 / 9.987217e-01
PCG: 2 : 2.291571e-02 / 9.775451e-01
PCG: 3 : 2.589214e-02 / 1.104514e+00
PCG: 0 : 2.589213e-02
PCG: 1 : 1.614903e-02 / 6.237042e-01
PCG: 2 : 1.340580e-02 / 5.177557e-01
PCG: 3 : 9.843471e-03 / 3.801722e-01
PCG: 0 : 9.843471e-03
PCG: 1 : 1.070079e-02 / 1.087095e+00
PCG: 2 : 9.948825e-03 / 1.010703e+00
PCG: 3 : 1.118794e-02 / 1.136585e+00
PCG: 0 : 1.118794e-02
PCG: 1 : 7.007889e-03 / 6.263786e-01
PCG: 2 : 5.832739e-03 / 5.213414e-01
PCG: 3 : 4.271892e-03 / 3.818299e-01
PCG: 0 : 4.271891e-03
PCG: 1 : 4.646320e-03 / 1.087649e+00
PCG: 2 : 4.319395e-03 / 1.011120e+00
PCG: 3 : 4.860788e-03 / 1.137854e+00
PCG: 0 : 4.860789e-03
PCG: 1 : 3.042123e-03 / 6.258497e-01
PCG: 2 : 2.534259e-03 / 5.213679e-01
PCG: 3 : 1.856591e-03 / 3.819526e-01
PCG: 0 : 1.856591e-03
PCG: 1 : 2.018588e-03 / 1.087255e+00
PCG: 2 : 1.874894e-03 / 1.009858e+00
PCG: 3 : 2.112163e-03 / 1.137657e+00
PCG: 0 : 2.112163e-03
PCG: 1 : 1.320798e-03 / 6.253298e-01
PCG: 2 : 1.101153e-03 / 5.213389e-01
PCG: 3 : 8.069206e-04 / 3.820352e-01
PCG: 0 : 8.069206e-04
PCG: 1 : 8.769418e-04 / 1.086776e+00
PCG: 2 : 8.140514e-04 / 1.008837e+00
PCG: 3 : 9.178942e-04 / 1.137527e+00
PCG: 0 : 9.178942e-04
PCG: 1 : 5.735670e-04 / 6.248727e-01
PCG: 2 : 4.784499e-04 / 5.212473e-01
PCG: 3 : 3.507130e-04 / 3.820844e-01
PCG: 0 : 3.507130e-04
PCG: 1 : 3.809854e-04 / 1.086317e+00
PCG: 2 : 3.535183e-04 / 1.007999e+00
PCG: 3 : 3.989128e-04 / 1.137434e+00
PCG: 0 : 3.989128e-04
PCG: 1 : 2.491199e-04 / 6.244971e-01
PCG: 2 : 2.078847e-04 / 5.211282e-01
PCG: 3 : 1.524343e-04 / 3.821244e-01
PCG: 0 : 1.524343e-04
PCG: 1 : 1.655251e-04 / 1.085878e+00
PCG: 2 : 1.535469e-04 / 1.007298e+00
PCG: 3 : 1.733711e-04 / 1.137349e+00
PCG: 0 : 1.733711e-04
PCG: 1 : 1.082186e-04 / 6.242024e-01
PCG: 2 : 9.032539e-05 / 5.209946e-01
PCG: 3 : 6.625721e-05 / 3.821700e-01
PCG: 0 : 6.625720e-05
PCG: 1 : 7.191903e-05 / 1.085452e+00
PCG: 2 : 6.669934e-05 / 1.006673e+00
PCG: 3 : 7.535284e-05 / 1.137278e+00
PCG: 0 : 7.535282e-05
PCG: 1 : 4.701696e-05 / 6.239575e-01
PCG: 2 : 3.924625e-05 / 5.208333e-01
PCG: 3 : 2.880195e-05 / 3.822278e-01
PCG: 0 : 2.880194e-05
PCG: 1 : 3.125034e-05 / 1.085008e+00
PCG: 2 : 2.897569e-05 / 1.006033e+00
PCG: 3 : 3.275473e-05 / 1.137240e+00
PCG: 0 : 3.275474e-05
PCG: 1 : 2.042964e-05 / 6.237156e-01
PCG: 2 : 1.705245e-05 / 5.206102e-01
PCG: 3 : 1.252235e-05 / 3.823065e-01
PCG: 0 : 1.252235e-05
PCG: 1 : 1.358013e-05 / 1.084471e+00
PCG: 2 : 1.258771e-05 / 1.005220e+00
PCG: 3 : 1.424085e-05 / 1.137235e+00
PCG: 0 : 1.424085e-05
PCG: 1 : 8.877946e-06 / 6.234141e-01
PCG: 2 : 7.409277e-06 / 5.202833e-01
PCG: 3 : 5.446148e-06 / 3.824314e-01
PCG: 0 : 5.446147e-06
PCG: 1 : 5.902130e-06 / 1.083726e+00
PCG: 2 : 5.468087e-06 / 1.004029e+00
PCG: 3 : 6.193761e-06 / 1.137274e+00

PCG ( VCycle ( S: Scale / C: Scale )  )

Complete solver TOE: 0.003437
2.85628 GFlop/s [2.85628 GFlops/s]

Total time: 0.003437s
Accumulated op time: 0.00277

Reductions: 10.7652%
Blas-1: 2.9968%
Blas-2: 66.8315%
Precon Kernels: 0%
MPI Execution: 0%
MPI Wait: 0%
Not covered: 19.4065%

Domain size: 0.186188 MByte
LA size: 0.421402 MByte
MPI size: 0.0105438 MByte

H0-Error: 4.407611e-04
H1-Error: 6.452751e-02

Writing DATA to output.data...
Run-Time: 0:00.008 [0:00.008]
0x31d198e880 Error: MemoryPool<CPU> still contains memory chunks on deconstructor call
