NUM-PROCS: 1
Preparing domain...
LVL-MIN: 5 [5]
LVL-MAX: 9 [9]
Creating gates...
Assembling system matrices...
Assembling system filters...
Assembling transfer matrices...
Converting assembled linear system from SparseMatrixCSR, Mem:main to SparseMatrixCSR, Mem:mainand to SparseMatrixCSR, Mem:main...
PCG:  0 : 1.894513e-02
PCG:  1 : 7.936680e-02 / 4.189298e+00
PCG:  2 : 8.004709e-02 / 4.225207e+00
PCG:  3 : 1.997482e-01 / 1.054351e+01
PCG:  4 : 2.650188e-01 / 1.398876e+01
PCG:  5 : 1.697481e-01 / 8.959987e+00
PCG:  6 : 1.549356e-01 / 8.178124e+00
PCG:  7 : 1.151493e-01 / 6.078040e+00
PCG:  8 : 9.995347e-02 / 5.275945e+00
PCG:  9 : 8.459257e-02 / 4.465136e+00
PCG: 10 : 3.798695e-02 / 2.005104e+00
PCG: 11 : 2.064710e-02 / 1.089837e+00
PCG: 12 : 1.273181e-02 / 6.720362e-01
PCG: 13 : 8.356193e-03 / 4.410734e-01
PCG:  0 : 8.116685e-03
PCG:  1 : 3.398660e-03 / 4.187251e-01
PCG:  2 : 1.092365e-03 / 1.345827e-01
PCG:  3 : 1.355622e-03 / 1.670167e-01
PCG:  4 : 1.227975e-03 / 1.512902e-01
PCG:  5 : 7.457489e-04 / 9.187850e-02
PCG:  6 : 3.862667e-04 / 4.758922e-02
PCG:  7 : 1.744437e-04 / 2.149199e-02
PCG:  8 : 1.052313e-04 / 1.296482e-02
PCG:  9 : 8.575473e-05 / 1.056524e-02
PCG: 10 : 4.646177e-05 / 5.724230e-03
PCG: 11 : 2.816791e-05 / 3.470371e-03
PCG: 12 : 4.785342e-05 / 5.895685e-03
PCG: 13 : 6.480976e-05 / 7.984757e-03
PCG:  0 : 6.480986e-05
PCG:  1 : 3.431125e-05 / 5.294140e-01
PCG:  2 : 2.537445e-05 / 3.915214e-01
PCG:  3 : 2.006979e-05 / 3.096718e-01
PCG:  4 : 2.319442e-05 / 3.578840e-01
PCG:  5 : 4.981244e-05 / 7.685934e-01
PCG:  6 : 5.144999e-05 / 7.938604e-01
PCG:  7 : 2.753522e-05 / 4.248616e-01
PCG:  8 : 1.861044e-05 / 2.871544e-01
PCG:  9 : 1.649567e-05 / 2.545241e-01
PCG: 10 : 6.961482e-06 / 1.074139e-01
PCG: 11 : 2.672885e-06 / 4.124195e-02
PCG: 12 : 3.375466e-06 / 5.208259e-02
PCG: 13 : 2.731137e-06 / 4.214077e-02
PCG:  0 : 2.731148e-06
PCG:  1 : 1.452558e-06 / 5.318490e-01
PCG:  2 : 6.834819e-07 / 2.502545e-01
PCG:  3 : 7.917925e-07 / 2.899120e-01
PCG:  4 : 5.285401e-07 / 1.935231e-01
PCG:  5 : 3.673246e-07 / 1.344946e-01
PCG:  6 : 2.628774e-07 / 9.625161e-02
PCG:  7 : 1.245756e-07 / 4.561292e-02
PCG:  8 : 7.976335e-08 / 2.920507e-02
PCG:  9 : 1.160058e-07 / 4.247509e-02
PCG: 10 : 1.225700e-07 / 4.487856e-02
PCG: 11 : 6.121244e-08 / 2.241272e-02
PCG: 12 : 5.414299e-08 / 1.982426e-02
PCG: 13 : 5.221898e-08 / 1.911979e-02
PCG:  0 : 5.221900e-08
PCG:  1 : 3.396506e-08 / 6.504349e-01
PCG:  2 : 3.165383e-08 / 6.061745e-01
PCG:  3 : 2.463411e-08 / 4.717461e-01
PCG:  4 : 2.453646e-08 / 4.698760e-01
PCG:  5 : 2.726082e-08 / 5.220479e-01
PCG:  6 : 2.220606e-08 / 4.252487e-01
PCG:  7 : 1.831565e-08 / 3.507469e-01
PCG:  8 : 1.110454e-08 / 2.126533e-01
PCG:  9 : 1.415962e-08 / 2.711584e-01
PCG: 10 : 1.608256e-08 / 3.079828e-01
PCG: 11 : 1.092586e-08 / 2.092316e-01
PCG: 12 : 1.168042e-08 / 2.236815e-01
PCG: 13 : 9.651677e-09 / 1.848307e-01
PCG:  0 : 9.651677e-09
PCG:  1 : 5.657067e-09 / 5.861227e-01
PCG:  2 : 4.326477e-09 / 4.482617e-01
PCG:  3 : 5.454265e-09 / 5.651106e-01
PCG:  4 : 5.703492e-09 / 5.909328e-01
PCG:  5 : 5.640522e-09 / 5.844085e-01
PCG:  6 : 4.289719e-09 / 4.444532e-01
PCG:  7 : 3.813717e-09 / 3.951352e-01
PCG:  8 : 3.114397e-09 / 3.226794e-01
PCG:  9 : 2.193404e-09 / 2.272563e-01
PCG: 10 : 1.753955e-09 / 1.817254e-01
PCG: 11 : 1.401161e-09 / 1.451728e-01
PCG: 12 : 1.896797e-09 / 1.965251e-01
PCG: 13 : 2.438156e-09 / 2.526147e-01
PCG:  0 : 2.438155e-09
PCG:  1 : 1.314636e-09 / 5.391929e-01
PCG:  2 : 9.274521e-10 / 3.803909e-01
PCG:  3 : 7.984692e-10 / 3.274890e-01
PCG:  4 : 1.111970e-09 / 4.560702e-01
PCG:  5 : 1.160563e-09 / 4.760004e-01
PCG:  6 : 1.000876e-09 / 4.105056e-01
PCG:  7 : 9.340912e-10 / 3.831139e-01
PCG:  8 : 6.544569e-10 / 2.684230e-01
PCG:  9 : 6.655916e-10 / 2.729898e-01
PCG: 10 : 4.150814e-10 / 1.702440e-01
PCG: 11 : 3.114544e-10 / 1.277418e-01
PCG: 12 : 3.479536e-10 / 1.427118e-01
PCG: 13 : 3.743324e-10 / 1.535310e-01
PCG:  0 : 3.743321e-10
PCG:  1 : 2.784987e-10 / 7.439882e-01
PCG:  2 : 2.203897e-10 / 5.887545e-01
PCG:  3 : 2.322598e-10 / 6.204646e-01
PCG:  4 : 3.147210e-10 / 8.407534e-01
PCG:  5 : 2.334560e-10 / 6.236601e-01
PCG:  6 : 2.246464e-10 / 6.001258e-01
PCG:  7 : 1.720288e-10 / 4.595620e-01
PCG:  8 : 1.388308e-10 / 3.708760e-01
PCG:  9 : 1.147266e-10 / 3.064835e-01
PCG: 10 : 6.832401e-11 / 1.825224e-01
PCG: 11 : 7.179766e-11 / 1.918020e-01
PCG: 12 : 8.248234e-11 / 2.203454e-01
PCG: 13 : 1.030834e-10 / 2.753795e-01

PCG ( VCycle ( S: Scale / C: Scale )  )

Complete solver TOE: 8.9024
0.441936 GFlop/s [0.441936 GFlops/s]

Total time: 8.9024s
Accumulated op time: 8.69239

Reductions: 1.7956%
Blas-1: 5.43966%
Blas-2: 90.4058%
Precon Kernels: 0%
MPI Execution: 0%
MPI Wait: 0%
Not covered: 2.35896%

Domain size: 26.7772 MByte
LA size: 89.0505 MByte
MPI size: 2.67928 MByte

H0-Error: 1.716400e-06
H1-Error: 4.034414e-03

Writing DATA to output.data...
Run-Time: 0:11.326 [0:11.326]
0xb33309f8 Error: MemoryPool<CPU> still contains memory chunks on deconstructor call
