NUM-PROCS: 1
Preparing domain...
LVL-MIN: 3 [3]
LVL-MAX: 4 [4]
Creating gates...
Assembling system matrices...
Assembling system filters...
Assembling transfer matrices...
Converting assembled linear system from SparseMatrixCSR, Mem:main to SparseMatrixCSR, Mem:mainand to SparseMatrixCSR, Mem:main...
PCG: 0 : 5.972903e-01
PCG: 1 : 5.273274e-01 / 8.828663e-01
PCG: 0 : 6.283780e-01
PCG: 1 : 2.464610e-01 / 3.922177e-01
PCG: 0 : 2.464610e-01
PCG: 1 : 1.205804e-01 / 4.892475e-01
PCG: 0 : 1.205804e-01
PCG: 1 : 1.117863e-01 / 9.270687e-01
PCG: 0 : 1.117863e-01
PCG: 1 : 8.009373e-02 / 7.164897e-01
PCG: 0 : 8.009373e-02
PCG: 1 : 7.729357e-02 / 9.650390e-01
PCG: 0 : 7.729356e-02
PCG: 1 : 5.563730e-02 / 7.198180e-01
PCG: 0 : 5.563730e-02
PCG: 1 : 5.365892e-02 / 9.644416e-01
PCG: 0 : 5.365892e-02
PCG: 1 : 3.863870e-02 / 7.200797e-01
PCG: 0 : 3.863870e-02
PCG: 1 : 3.725699e-02 / 9.642401e-01
PCG: 0 : 3.725699e-02
PCG: 1 : 2.682447e-02 / 7.199849e-01
PCG: 0 : 2.682447e-02
PCG: 1 : 2.585721e-02 / 9.639411e-01
PCG: 0 : 2.585721e-02
PCG: 1 : 1.860926e-02 / 7.196935e-01
PCG: 0 : 1.860926e-02
PCG: 1 : 1.793117e-02 / 9.635618e-01
PCG: 0 : 1.793117e-02
PCG: 1 : 1.289892e-02 / 7.193572e-01
PCG: 0 : 1.289892e-02
PCG: 1 : 1.242407e-02 / 9.631875e-01
PCG: 0 : 1.242407e-02
PCG: 1 : 8.933581e-03 / 7.190542e-01
PCG: 0 : 8.933580e-03
PCG: 1 : 8.601842e-03 / 9.628662e-01
PCG: 0 : 8.601842e-03
PCG: 1 : 6.183110e-03 / 7.188124e-01
PCG: 0 : 6.183109e-03
PCG: 1 : 5.951927e-03 / 9.626107e-01
PCG: 0 : 5.951927e-03
PCG: 1 : 4.277258e-03 / 7.186341e-01
PCG: 0 : 4.277258e-03
PCG: 1 : 4.116496e-03 / 9.624148e-01
PCG: 0 : 4.116496e-03
PCG: 1 : 2.957744e-03 / 7.185100e-01
PCG: 0 : 2.957744e-03
PCG: 1 : 2.846143e-03 / 9.622684e-01
PCG: 0 : 2.846143e-03
PCG: 1 : 2.044746e-03 / 7.184271e-01
PCG: 0 : 2.044746e-03
PCG: 1 : 1.967376e-03 / 9.621617e-01
PCG: 0 : 1.967376e-03
PCG: 1 : 1.413312e-03 / 7.183741e-01
PCG: 0 : 1.413312e-03
PCG: 1 : 1.359723e-03 / 9.620824e-01
PCG: 0 : 1.359723e-03
PCG: 1 : 9.767457e-04 / 7.183419e-01
PCG: 0 : 9.767456e-04
PCG: 1 : 9.396551e-04 / 9.620264e-01
PCG: 0 : 9.396551e-04
PCG: 1 : 6.749764e-04 / 7.183236e-01
PCG: 0 : 6.749763e-04
PCG: 1 : 6.493168e-04 / 9.619845e-01
PCG: 0 : 6.493167e-04
PCG: 1 : 4.664137e-04 / 7.183147e-01
PCG: 0 : 4.664137e-04
PCG: 1 : 4.486682e-04 / 9.619533e-01
PCG: 0 : 4.486682e-04
PCG: 1 : 3.222834e-04 / 7.183114e-01
PCG: 0 : 3.222834e-04
PCG: 1 : 3.100146e-04 / 9.619316e-01
PCG: 0 : 3.100146e-04
PCG: 1 : 2.226869e-04 / 7.183108e-01
PCG: 0 : 2.226869e-04
PCG: 1 : 2.142060e-04 / 9.619160e-01
PCG: 0 : 2.142060e-04
PCG: 1 : 1.538668e-04 / 7.183124e-01
PCG: 0 : 1.538668e-04
PCG: 1 : 1.480051e-04 / 9.619037e-01
PCG: 0 : 1.480051e-04
PCG: 1 : 1.063144e-04 / 7.183157e-01
PCG: 0 : 1.063143e-04
PCG: 1 : 1.022631e-04 / 9.618937e-01
PCG: 0 : 1.022631e-04
PCG: 1 : 7.345751e-05 / 7.183188e-01
PCG: 0 : 7.345751e-05
PCG: 1 : 7.065784e-05 / 9.618873e-01
PCG: 0 : 7.065784e-05
PCG: 1 : 5.075513e-05 / 7.183227e-01
PCG: 0 : 5.075513e-05
PCG: 1 : 4.882038e-05 / 9.618807e-01
PCG: 0 : 4.882037e-05
PCG: 1 : 3.506897e-05 / 7.183266e-01
PCG: 0 : 3.506897e-05
PCG: 1 : 3.373205e-05 / 9.618774e-01
PCG: 0 : 3.373205e-05
PCG: 1 : 2.423072e-05 / 7.183294e-01
PCG: 0 : 2.423072e-05
PCG: 1 : 2.330689e-05 / 9.618737e-01
PCG: 0 : 2.330689e-05
PCG: 1 : 1.674208e-05 / 7.183320e-01
PCG: 0 : 1.674208e-05
PCG: 1 : 1.610373e-05 / 9.618715e-01
PCG: 0 : 1.610373e-05
PCG: 1 : 1.156786e-05 / 7.183339e-01
PCG: 0 : 1.156785e-05
PCG: 1 : 1.112679e-05 / 9.618715e-01
PCG: 0 : 1.112679e-05
PCG: 1 : 7.992768e-06 / 7.183354e-01
PCG: 0 : 7.992768e-06
PCG: 1 : 7.687994e-06 / 9.618688e-01
PCG: 0 : 7.687993e-06
PCG: 1 : 5.522579e-06 / 7.183382e-01
PCG: 0 : 5.522579e-06
PCG: 1 : 5.311985e-06 / 9.618667e-01
PCG: 0 : 5.311984e-06
PCG: 1 : 3.815816e-06 / 7.183410e-01

PCG ( VCycle ( S: Scale / C: Scale )  )

Complete solver TOE: 0.006329
0.408247 GFlop/s [0.408247 GFlops/s]

Total time: 0.006329s
Accumulated op time: 0.002951

Reductions: 2.52805%
Blas-1: 4.94549%
Blas-2: 39.1531%
Precon Kernels: 0%
MPI Execution: 0%
MPI Wait: 0%
Not covered: 53.3734%

Domain size: 0.027832 MByte
LA size: 0.0803223 MByte
MPI size: 0.00283813 MByte

H0-Error: 1.754492e-03
H1-Error: 1.289155e-01

Writing DATA to output.data...
Run-Time: 0:00.030 [0:00.030]
0xb32e49f8 Error: MemoryPool<CPU> still contains memory chunks on deconstructor call
