NUM-PROCS: 1
Preparing domain...
LVL-MIN: 6 [6]
LVL-MAX: 10 [10]
Creating gates...
Assembling system matrices...
Assembling system filters...
Assembling transfer matrices...
Converting assembled linear system from SparseMatrixCSR, Mem:main to SparseMatrixCSR, Mem:mainand to SparseMatrixCSR, Mem:main...
PCG: 0 : 9.466280e-03
PCG: 1 : 8.252742e-02 / 8.718041e+00
PCG: 2 : 8.387963e-02 / 8.860887e+00
PCG: 0 : 8.387195e-02
PCG: 1 : 1.371695e-01 / 1.635464e+00
PCG: 2 : 2.186373e-01 / 2.606800e+00
PCG: 0 : 2.186373e-01
PCG: 1 : 1.179771e-01 / 5.396017e-01
PCG: 2 : 9.488029e-02 / 4.339621e-01
PCG: 0 : 9.488028e-02
PCG: 1 : 9.356137e-02 / 9.860992e-01
PCG: 2 : 1.510962e-01 / 1.592493e+00
PCG: 0 : 1.510962e-01
PCG: 1 : 7.928619e-02 / 5.247397e-01
PCG: 2 : 6.462635e-02 / 4.277165e-01
PCG: 0 : 6.462635e-02
PCG: 1 : 6.555302e-02 / 1.014339e+00
PCG: 2 : 1.195594e-01 / 1.850011e+00
PCG: 0 : 1.195594e-01
PCG: 1 : 6.466479e-02 / 5.408589e-01
PCG: 2 : 5.885974e-02 / 4.923052e-01
PCG: 0 : 5.885974e-02
PCG: 1 : 5.972114e-02 / 1.014635e+00
PCG: 2 : 1.055627e-01 / 1.793462e+00
PCG: 0 : 1.055627e-01
PCG: 1 : 5.814641e-02 / 5.508235e-01
PCG: 2 : 5.215412e-02 / 4.940583e-01
PCG: 0 : 5.215413e-02
PCG: 1 : 5.463199e-02 / 1.047510e+00
PCG: 2 : 9.520411e-02 / 1.825437e+00
PCG: 0 : 9.520410e-02
PCG: 1 : 5.370677e-02 / 5.641225e-01
PCG: 2 : 4.759492e-02 / 4.999251e-01
PCG: 0 : 4.759490e-02
PCG: 1 : 5.124111e-02 / 1.076609e+00
PCG: 2 : 8.757702e-02 / 1.840050e+00
PCG: 0 : 8.757700e-02
PCG: 1 : 5.040457e-02 / 5.755457e-01
PCG: 2 : 4.400054e-02 / 5.024212e-01
PCG: 0 : 4.400053e-02
PCG: 1 : 4.850665e-02 / 1.102411e+00
PCG: 2 : 8.152770e-02 / 1.852880e+00
PCG: 0 : 8.152770e-02
PCG: 1 : 4.775075e-02 / 5.856997e-01
PCG: 2 : 4.114540e-02 / 5.046799e-01
PCG: 0 : 4.114539e-02
PCG: 1 : 4.617615e-02 / 1.122268e+00
PCG: 2 : 7.650149e-02 / 1.859297e+00
PCG: 0 : 7.650150e-02
PCG: 1 : 4.550510e-02 / 5.948262e-01
PCG: 2 : 3.882774e-02 / 5.075423e-01
PCG: 0 : 3.882774e-02
PCG: 1 : 4.415649e-02 / 1.137241e+00
PCG: 2 : 7.227815e-02 / 1.861508e+00
PCG: 0 : 7.227813e-02
PCG: 1 : 4.353620e-02 / 6.023426e-01
PCG: 2 : 3.685357e-02 / 5.098855e-01
PCG: 0 : 3.685358e-02
PCG: 1 : 4.234282e-02 / 1.148947e+00
PCG: 2 : 6.860611e-02 / 1.861586e+00
PCG: 0 : 6.860612e-02
PCG: 1 : 4.176664e-02 / 6.087888e-01
PCG: 2 : 3.510601e-02 / 5.117037e-01
PCG: 0 : 3.510600e-02
PCG: 1 : 4.071930e-02 / 1.159896e+00
PCG: 2 : 6.554275e-02 / 1.866996e+00
PCG: 0 : 6.554275e-02
PCG: 1 : 4.017692e-02 / 6.129881e-01
PCG: 2 : 3.357453e-02 / 5.122539e-01
PCG: 0 : 3.357451e-02
PCG: 1 : 3.926690e-02 / 1.169545e+00
PCG: 2 : 6.280477e-02 / 1.870609e+00
PCG: 0 : 6.280479e-02
PCG: 1 : 3.876353e-02 / 6.172066e-01
PCG: 2 : 3.224675e-02 / 5.134441e-01
PCG: 0 : 3.224675e-02
PCG: 1 : 3.792408e-02 / 1.176059e+00
PCG: 2 : 6.019406e-02 / 1.866670e+00
PCG: 0 : 6.019406e-02
PCG: 1 : 3.746723e-02 / 6.224406e-01
PCG: 2 : 3.104427e-02 / 5.157364e-01
PCG: 0 : 3.104426e-02
PCG: 1 : 3.672773e-02 / 1.183077e+00
PCG: 2 : 5.786165e-02 / 1.863844e+00
PCG: 0 : 5.786166e-02
PCG: 1 : 3.626231e-02 / 6.267070e-01
PCG: 2 : 2.990623e-02 / 5.168574e-01
PCG: 0 : 2.990623e-02
PCG: 1 : 3.556839e-02 / 1.189330e+00
PCG: 2 : 5.570190e-02 / 1.862551e+00
PCG: 0 : 5.570190e-02
PCG: 1 : 3.514685e-02 / 6.309812e-01
PCG: 2 : 2.885551e-02 / 5.180345e-01
PCG: 0 : 2.885551e-02
PCG: 1 : 3.450646e-02 / 1.195836e+00
PCG: 2 : 5.376264e-02 / 1.863167e+00
PCG: 0 : 5.376263e-02
PCG: 1 : 3.411866e-02 / 6.346166e-01
PCG: 2 : 2.789682e-02 / 5.188887e-01
PCG: 0 : 2.789682e-02
PCG: 1 : 3.352182e-02 / 1.201636e+00
PCG: 2 : 5.191264e-02 / 1.860880e+00
PCG: 0 : 5.191263e-02
PCG: 1 : 3.313592e-02 / 6.383017e-01
PCG: 2 : 2.700314e-02 / 5.201651e-01
PCG: 0 : 2.700314e-02
PCG: 1 : 3.257997e-02 / 1.206525e+00
PCG: 2 : 5.017186e-02 / 1.858001e+00
PCG: 0 : 5.017187e-02
PCG: 1 : 3.221945e-02 / 6.421816e-01
PCG: 2 : 2.615712e-02 / 5.213503e-01
PCG: 0 : 2.615713e-02
PCG: 1 : 3.168400e-02 / 1.211295e+00
PCG: 2 : 4.852960e-02 / 1.855310e+00
PCG: 0 : 4.852960e-02
PCG: 1 : 3.132800e-02 / 6.455442e-01
PCG: 2 : 2.534094e-02 / 5.221750e-01
PCG: 0 : 2.534095e-02
PCG: 1 : 3.081446e-02 / 1.215994e+00
PCG: 2 : 4.703161e-02 / 1.855953e+00
PCG: 0 : 4.703162e-02
PCG: 1 : 3.046624e-02 / 6.477820e-01
PCG: 2 : 2.458041e-02 / 5.226358e-01
PCG: 0 : 2.458040e-02
PCG: 1 : 2.997516e-02 / 1.219474e+00
PCG: 2 : 4.556818e-02 / 1.853842e+00
PCG: 0 : 4.556818e-02
PCG: 1 : 2.964568e-02 / 6.505786e-01
PCG: 2 : 2.385839e-02 / 5.235757e-01
PCG: 0 : 2.385839e-02
PCG: 1 : 2.917736e-02 / 1.222939e+00
PCG: 2 : 4.418558e-02 / 1.851994e+00
PCG: 0 : 4.418558e-02
PCG: 1 : 2.883888e-02 / 6.526765e-01
PCG: 2 : 2.313289e-02 / 5.235395e-01
PCG: 0 : 2.313290e-02
PCG: 1 : 2.838528e-02 / 1.227053e+00
PCG: 2 : 4.291701e-02 / 1.855237e+00
PCG: 0 : 4.291701e-02
PCG: 1 : 2.805809e-02 / 6.537755e-01
PCG: 2 : 2.244621e-02 / 5.230143e-01
PCG: 0 : 2.244621e-02
PCG: 1 : 2.761729e-02 / 1.230376e+00
PCG: 2 : 4.165950e-02 / 1.855970e+00
PCG: 0 : 4.165949e-02
PCG: 1 : 2.732421e-02 / 6.558939e-01
PCG: 2 : 2.180628e-02 / 5.234407e-01
PCG: 0 : 2.180627e-02
PCG: 1 : 2.689191e-02 / 1.233219e+00
PCG: 2 : 4.043042e-02 / 1.854073e+00
PCG: 0 : 4.043043e-02
PCG: 1 : 2.659767e-02 / 6.578628e-01
PCG: 2 : 2.118688e-02 / 5.240331e-01
PCG: 0 : 2.118688e-02
PCG: 1 : 2.619011e-02 / 1.236148e+00
PCG: 2 : 3.922184e-02 / 1.851232e+00
PCG: 0 : 3.922184e-02
PCG: 1 : 2.589885e-02 / 6.603169e-01
PCG: 2 : 2.058091e-02 / 5.247309e-01
PCG: 0 : 2.058091e-02
PCG: 1 : 2.550095e-02 / 1.239059e+00
PCG: 2 : 3.807791e-02 / 1.850157e+00
PCG: 0 : 3.807791e-02
PCG: 1 : 2.522509e-02 / 6.624599e-01
PCG: 2 : 2.001561e-02 / 5.256488e-01
PCG: 0 : 2.001562e-02
PCG: 1 : 2.484140e-02 / 1.241101e+00
PCG: 2 : 3.694525e-02 / 1.845821e+00
PCG: 0 : 3.694525e-02
PCG: 1 : 2.456513e-02 / 6.649064e-01
PCG: 2 : 1.945207e-02 / 5.265107e-01
PCG: 0 : 1.945207e-02
PCG: 1 : 2.419959e-02 / 1.244063e+00
PCG: 2 : 3.589468e-02 / 1.845289e+00
PCG: 0 : 3.589468e-02
PCG: 1 : 2.393159e-02 / 6.667171e-01
PCG: 2 : 1.891216e-02 / 5.268791e-01
PCG: 0 : 1.891216e-02
PCG: 1 : 2.357622e-02 / 1.246617e+00
PCG: 2 : 3.486995e-02 / 1.843785e+00
PCG: 0 : 3.486994e-02
PCG: 1 : 2.332176e-02 / 6.688214e-01
PCG: 2 : 1.839846e-02 / 5.276308e-01
PCG: 0 : 1.839845e-02
PCG: 1 : 2.298046e-02 / 1.249043e+00
PCG: 2 : 3.386233e-02 / 1.840499e+00
PCG: 0 : 3.386234e-02
PCG: 1 : 2.273704e-02 / 6.714550e-01
PCG: 2 : 1.790832e-02 / 5.288565e-01
PCG: 0 : 1.790831e-02
PCG: 1 : 2.240323e-02 / 1.250996e+00
PCG: 2 : 3.287817e-02 / 1.835917e+00
PCG: 0 : 3.287818e-02
PCG: 1 : 2.216218e-02 / 6.740695e-01
PCG: 2 : 1.743165e-02 / 5.301892e-01
PCG: 0 : 1.743165e-02
PCG: 1 : 2.183830e-02 / 1.252796e+00
PCG: 2 : 3.193154e-02 / 1.831814e+00
PCG: 0 : 3.193153e-02
PCG: 1 : 2.159890e-02 / 6.764128e-01
PCG: 2 : 1.696749e-02 / 5.313711e-01
PCG: 0 : 1.696749e-02
PCG: 1 : 2.128592e-02 / 1.254512e+00
PCG: 2 : 3.101377e-02 / 1.827835e+00
PCG: 0 : 3.101376e-02
PCG: 1 : 2.104496e-02 / 6.785683e-01
PCG: 2 : 1.650783e-02 / 5.322742e-01
PCG: 0 : 1.650783e-02
PCG: 1 : 2.073235e-02 / 1.255910e+00
PCG: 2 : 3.012584e-02 / 1.824943e+00
PCG: 0 : 3.012584e-02
PCG: 1 : 2.049765e-02 / 6.804008e-01
PCG: 2 : 1.606404e-02 / 5.332314e-01
PCG: 0 : 1.606404e-02
PCG: 1 : 2.019595e-02 / 1.257215e+00
PCG: 2 : 2.927310e-02 / 1.822275e+00
PCG: 0 : 2.927309e-02
PCG: 1 : 1.996990e-02 / 6.821930e-01
PCG: 2 : 1.562945e-02 / 5.339187e-01
PCG: 0 : 1.562945e-02
PCG: 1 : 1.967567e-02 / 1.258884e+00
PCG: 2 : 2.844732e-02 / 1.820110e+00
PCG: 0 : 2.844732e-02
PCG: 1 : 1.945337e-02 / 6.838382e-01
PCG: 2 : 1.520352e-02 / 5.344445e-01
PCG: 0 : 1.520352e-02
PCG: 1 : 1.916129e-02 / 1.260320e+00
PCG: 2 : 2.764101e-02 / 1.818067e+00
PCG: 0 : 2.764102e-02
PCG: 1 : 1.894695e-02 / 6.854652e-01
PCG: 2 : 1.478889e-02 / 5.350341e-01
PCG: 0 : 1.478889e-02
PCG: 1 : 1.866706e-02 / 1.262235e+00
PCG: 2 : 2.687181e-02 / 1.817027e+00
PCG: 0 : 2.687181e-02
PCG: 1 : 1.845063e-02 / 6.866165e-01
PCG: 2 : 1.437224e-02 / 5.348446e-01
PCG: 0 : 1.437224e-02
PCG: 1 : 1.817713e-02 / 1.264738e+00
PCG: 2 : 2.614728e-02 / 1.819290e+00
PCG: 0 : 2.614727e-02
PCG: 1 : 1.796494e-02 / 6.870675e-01
PCG: 2 : 1.397075e-02 / 5.343099e-01
PCG: 0 : 1.397075e-02
PCG: 1 : 1.769698e-02 / 1.266717e+00
PCG: 2 : 2.543133e-02 / 1.820327e+00
PCG: 0 : 2.543133e-02
PCG: 1 : 1.749714e-02 / 6.880153e-01
PCG: 2 : 1.359291e-02 / 5.344948e-01
PCG: 0 : 1.359291e-02
PCG: 1 : 1.723862e-02 / 1.268207e+00
PCG: 2 : 2.471813e-02 / 1.818457e+00
PCG: 0 : 2.471813e-02
PCG: 1 : 1.704490e-02 / 6.895707e-01
PCG: 2 : 1.322400e-02 / 5.349917e-01
PCG: 0 : 1.322400e-02
PCG: 1 : 1.679284e-02 / 1.269876e+00
PCG: 2 : 2.403799e-02 / 1.817755e+00
PCG: 0 : 2.403798e-02
PCG: 1 : 1.660117e-02 / 6.906225e-01
PCG: 2 : 1.285718e-02 / 5.348693e-01
PCG: 0 : 1.285718e-02
PCG: 1 : 1.635985e-02 / 1.272430e+00
PCG: 2 : 2.338573e-02 / 1.818886e+00
PCG: 0 : 2.338572e-02
PCG: 1 : 1.616791e-02 / 6.913579e-01
PCG: 2 : 1.249989e-02 / 5.345094e-01
PCG: 0 : 1.249989e-02
PCG: 1 : 1.593658e-02 / 1.274937e+00
PCG: 2 : 2.276723e-02 / 1.821394e+00
PCG: 0 : 2.276723e-02
PCG: 1 : 1.574231e-02 / 6.914461e-01
PCG: 2 : 1.214961e-02 / 5.336446e-01
PCG: 0 : 1.214961e-02
PCG: 1 : 1.551439e-02 / 1.276946e+00
PCG: 2 : 2.216141e-02 / 1.824044e+00
PCG: 0 : 2.216142e-02
PCG: 1 : 1.533374e-02 / 6.919113e-01
PCG: 2 : 1.182230e-02 / 5.334630e-01
PCG: 0 : 1.182230e-02
PCG: 1 : 1.510730e-02 / 1.277865e+00
PCG: 2 : 2.154523e-02 / 1.822423e+00
PCG: 0 : 2.154522e-02
PCG: 1 : 1.493371e-02 / 6.931333e-01
PCG: 2 : 1.150326e-02 / 5.339122e-01
PCG: 0 : 1.150326e-02
PCG: 1 : 1.471547e-02 / 1.279244e+00
PCG: 2 : 2.095476e-02 / 1.821637e+00
PCG: 0 : 2.095476e-02
PCG: 1 : 1.454260e-02 / 6.939999e-01
PCG: 2 : 1.118949e-02 / 5.339832e-01
PCG: 0 : 1.118949e-02
PCG: 1 : 1.432707e-02 / 1.280404e+00
PCG: 2 : 2.038251e-02 / 1.821577e+00
PCG: 0 : 2.038251e-02
PCG: 1 : 1.416343e-02 / 6.948814e-01
PCG: 2 : 1.088775e-02 / 5.341711e-01
PCG: 0 : 1.088775e-02
PCG: 1 : 1.395619e-02 / 1.281825e+00
PCG: 2 : 1.982239e-02 / 1.820614e+00
PCG: 0 : 1.982239e-02
PCG: 1 : 1.379867e-02 / 6.961156e-01
PCG: 2 : 1.059880e-02 / 5.346884e-01
PCG: 0 : 1.059880e-02
PCG: 1 : 1.359105e-02 / 1.282320e+00
PCG: 2 : 1.926006e-02 / 1.817193e+00
PCG: 0 : 1.926006e-02
PCG: 1 : 1.343882e-02 / 6.977559e-01
PCG: 2 : 1.031763e-02 / 5.357009e-01
PCG: 0 : 1.031763e-02
PCG: 1 : 1.323816e-02 / 1.283062e+00
PCG: 2 : 1.872231e-02 / 1.814594e+00
PCG: 0 : 1.872231e-02
PCG: 1 : 1.308572e-02 / 6.989372e-01
PCG: 2 : 1.003807e-02 / 5.361552e-01
PCG: 0 : 1.003806e-02
PCG: 1 : 1.289148e-02 / 1.284260e+00
PCG: 2 : 1.820740e-02 / 1.813836e+00
PCG: 0 : 1.820740e-02
PCG: 1 : 1.274346e-02 / 6.999055e-01
PCG: 2 : 9.769178e-03 / 5.365499e-01
PCG: 0 : 9.769179e-03
PCG: 1 : 1.255906e-02 / 1.285579e+00
PCG: 2 : 1.770375e-02 / 1.812204e+00
PCG: 0 : 1.770374e-02
PCG: 1 : 1.240546e-02 / 7.007253e-01
PCG: 2 : 9.495856e-03 / 5.363756e-01
PCG: 0 : 9.495855e-03
PCG: 1 : 1.222391e-02 / 1.287289e+00
PCG: 2 : 1.723900e-02 / 1.815424e+00
PCG: 0 : 1.723900e-02
PCG: 1 : 1.207744e-02 / 7.005882e-01
PCG: 2 : 9.235190e-03 / 5.357150e-01
PCG: 0 : 9.235195e-03
PCG: 1 : 1.190640e-02 / 1.289242e+00
PCG: 2 : 1.677778e-02 / 1.816722e+00
PCG: 0 : 1.677778e-02
PCG: 1 : 1.176097e-02 / 7.009848e-01
PCG: 2 : 8.978694e-03 / 5.351539e-01
PCG: 0 : 8.978697e-03
PCG: 1 : 1.159152e-02 / 1.291003e+00
PCG: 2 : 1.633721e-02 / 1.819553e+00
PCG: 0 : 1.633721e-02
PCG: 1 : 1.145629e-02 / 7.012389e-01
PCG: 2 : 8.738339e-03 / 5.348733e-01
PCG: 0 : 8.738340e-03
PCG: 1 : 1.129247e-02 / 1.292290e+00
PCG: 2 : 1.589477e-02 / 1.818970e+00
PCG: 0 : 1.589477e-02
PCG: 1 : 1.115815e-02 / 7.020012e-01
PCG: 2 : 8.502459e-03 / 5.349217e-01
PCG: 0 : 8.502456e-03
PCG: 1 : 1.099730e-02 / 1.293426e+00
PCG: 2 : 1.546438e-02 / 1.818813e+00
PCG: 0 : 1.546438e-02
PCG: 1 : 1.086606e-02 / 7.026510e-01
PCG: 2 : 8.273851e-03 / 5.350265e-01
PCG: 0 : 8.273850e-03
PCG: 1 : 1.070824e-02 / 1.294227e+00
PCG: 2 : 1.505145e-02 / 1.819159e+00
PCG: 0 : 1.505145e-02
PCG: 1 : 1.058233e-02 / 7.030767e-01
PCG: 2 : 8.054465e-03 / 5.351287e-01
PCG: 0 : 8.054466e-03
PCG: 1 : 1.042655e-02 / 1.294505e+00
PCG: 2 : 1.463826e-02 / 1.817410e+00
PCG: 0 : 1.463826e-02
PCG: 1 : 1.030269e-02 / 7.038195e-01
PCG: 2 : 7.841337e-03 / 5.356742e-01
PCG: 0 : 7.841335e-03
PCG: 1 : 1.015623e-02 / 1.295218e+00
PCG: 2 : 1.424321e-02 / 1.816426e+00
PCG: 0 : 1.424320e-02
PCG: 1 : 1.003275e-02 / 7.043890e-01
PCG: 2 : 7.632725e-03 / 5.358855e-01
PCG: 0 : 7.632727e-03
PCG: 1 : 9.888117e-03 / 1.295489e+00
PCG: 2 : 1.384939e-02 / 1.814474e+00
PCG: 0 : 1.384939e-02
PCG: 1 : 9.772841e-03 / 7.056513e-01
PCG: 2 : 7.432344e-03 / 5.366549e-01
PCG: 0 : 7.432344e-03
PCG: 1 : 9.632450e-03 / 1.296018e+00
PCG: 2 : 1.347036e-02 / 1.812397e+00
PCG: 0 : 1.347035e-02
PCG: 1 : 9.520671e-03 / 7.067871e-01
PCG: 2 : 7.241497e-03 / 5.375878e-01
PCG: 0 : 7.241495e-03
PCG: 1 : 9.383706e-03 / 1.295824e+00
PCG: 2 : 1.309035e-02 / 1.807686e+00
PCG: 0 : 1.309035e-02
PCG: 1 : 9.273148e-03 / 7.083956e-01
PCG: 2 : 7.054941e-03 / 5.389420e-01
PCG: 0 : 7.054940e-03
PCG: 1 : 9.140148e-03 / 1.295567e+00
PCG: 2 : 1.272280e-02 / 1.803389e+00
PCG: 0 : 1.272280e-02
PCG: 1 : 9.032276e-03 / 7.099283e-01
PCG: 2 : 6.869172e-03 / 5.399104e-01
PCG: 0 : 6.869175e-03
PCG: 1 : 8.902966e-03 / 1.296075e+00
PCG: 2 : 1.237574e-02 / 1.801634e+00
PCG: 0 : 1.237574e-02
PCG: 1 : 8.798392e-03 / 7.109387e-01
PCG: 2 : 6.689643e-03 / 5.405449e-01
PCG: 0 : 6.689643e-03
PCG: 1 : 8.673615e-03 / 1.296574e+00
PCG: 2 : 1.204068e-02 / 1.799899e+00
PCG: 0 : 1.204068e-02
PCG: 1 : 8.570810e-03 / 7.118211e-01
PCG: 2 : 6.513253e-03 / 5.409373e-01
PCG: 0 : 6.513248e-03
PCG: 1 : 8.450050e-03 / 1.297363e+00
PCG: 2 : 1.171715e-02 / 1.798971e+00
PCG: 0 : 1.171714e-02
PCG: 1 : 8.349076e-03 / 7.125524e-01
PCG: 2 : 6.341259e-03 / 5.411952e-01
PCG: 0 : 6.341262e-03
PCG: 1 : 8.232721e-03 / 1.298278e+00
PCG: 2 : 1.140266e-02 / 1.798169e+00
PCG: 0 : 1.140266e-02
PCG: 1 : 8.132794e-03 / 7.132363e-01
PCG: 2 : 6.172533e-03 / 5.413238e-01
PCG: 0 : 6.172530e-03
PCG: 1 : 8.018932e-03 / 1.299132e+00
PCG: 2 : 1.109750e-02 / 1.797885e+00
PCG: 0 : 1.109750e-02
PCG: 1 : 7.924872e-03 / 7.141132e-01
PCG: 2 : 6.010744e-03 / 5.416304e-01
PCG: 0 : 6.010743e-03
PCG: 1 : 7.812520e-03 / 1.299760e+00
PCG: 2 : 1.080225e-02 / 1.797157e+00
PCG: 0 : 1.080225e-02
PCG: 1 : 7.717559e-03 / 7.144399e-01
PCG: 2 : 5.852181e-03 / 5.417558e-01
PCG: 0 : 5.852180e-03
PCG: 1 : 7.607360e-03 / 1.299919e+00
PCG: 2 : 1.051192e-02 / 1.796241e+00
PCG: 0 : 1.051193e-02
PCG: 1 : 7.517334e-03 / 7.151244e-01
PCG: 2 : 5.700793e-03 / 5.423167e-01
PCG: 0 : 5.700791e-03
PCG: 1 : 7.412380e-03 / 1.300237e+00
PCG: 2 : 1.023314e-02 / 1.795038e+00
PCG: 0 : 1.023313e-02
PCG: 1 : 7.321985e-03 / 7.155173e-01
PCG: 2 : 5.550377e-03 / 5.423927e-01
PCG: 0 : 5.550375e-03
PCG: 1 : 7.218110e-03 / 1.300472e+00
PCG: 2 : 9.959349e-03 / 1.794356e+00
PCG: 0 : 9.959344e-03
PCG: 1 : 7.131408e-03 / 7.160521e-01
PCG: 2 : 5.406143e-03 / 5.428212e-01
PCG: 0 : 5.406142e-03
PCG: 1 : 7.029817e-03 / 1.300339e+00
PCG: 2 : 9.689537e-03 / 1.792320e+00
PCG: 0 : 9.689536e-03
PCG: 1 : 6.943238e-03 / 7.165707e-01
PCG: 2 : 5.261864e-03 / 5.430461e-01
PCG: 0 : 5.261864e-03
PCG: 1 : 6.846228e-03 / 1.301103e+00
PCG: 2 : 9.434893e-03 / 1.793070e+00
PCG: 0 : 9.434893e-03
PCG: 1 : 6.765821e-03 / 7.171063e-01
PCG: 2 : 5.126828e-03 / 5.433902e-01
PCG: 0 : 5.126826e-03
PCG: 1 : 6.669435e-03 / 1.300890e+00
PCG: 2 : 9.178180e-03 / 1.790227e+00
PCG: 0 : 9.178183e-03
PCG: 1 : 6.587376e-03 / 7.177212e-01
PCG: 2 : 4.989068e-03 / 5.435790e-01
PCG: 0 : 4.989066e-03
PCG: 1 : 6.493124e-03 / 1.301471e+00
PCG: 2 : 8.935243e-03 / 1.790965e+00
PCG: 0 : 8.935242e-03
PCG: 1 : 6.417773e-03 / 7.182540e-01
PCG: 2 : 4.861574e-03 / 5.440897e-01
PCG: 0 : 4.861573e-03
PCG: 1 : 6.326877e-03 / 1.301405e+00
PCG: 2 : 8.693885e-03 / 1.788287e+00
PCG: 0 : 8.693883e-03
PCG: 1 : 6.252119e-03 / 7.191400e-01
PCG: 2 : 4.738078e-03 / 5.449898e-01
PCG: 0 : 4.738076e-03
PCG: 1 : 6.163219e-03 / 1.300785e+00
PCG: 2 : 8.455069e-03 / 1.784494e+00
PCG: 0 : 8.455064e-03
PCG: 1 : 6.088760e-03 / 7.201317e-01
PCG: 2 : 4.615466e-03 / 5.458818e-01
PCG: 0 : 4.615465e-03
PCG: 1 : 6.003883e-03 / 1.300819e+00
PCG: 2 : 8.231584e-03 / 1.783479e+00
PCG: 0 : 8.231582e-03
PCG: 1 : 5.930725e-03 / 7.204843e-01
PCG: 2 : 4.491491e-03 / 5.456412e-01
PCG: 0 : 4.491491e-03
PCG: 1 : 5.848838e-03 / 1.302204e+00
PCG: 2 : 8.020549e-03 / 1.785721e+00
PCG: 0 : 8.020548e-03
PCG: 1 : 5.779677e-03 / 7.206087e-01
PCG: 2 : 4.375199e-03 / 5.454987e-01
PCG: 0 : 4.375198e-03
PCG: 1 : 5.698474e-03 / 1.302449e+00
PCG: 2 : 7.805932e-03 / 1.784132e+00
PCG: 0 : 7.805930e-03
PCG: 1 : 5.630714e-03 / 7.213380e-01
PCG: 2 : 4.259810e-03 / 5.457146e-01
PCG: 0 : 4.259813e-03
PCG: 1 : 5.550339e-03 / 1.302954e+00
PCG: 2 : 7.600376e-03 / 1.784204e+00
PCG: 0 : 7.600375e-03
PCG: 1 : 5.485636e-03 / 7.217585e-01
PCG: 2 : 4.151647e-03 / 5.462424e-01
PCG: 0 : 4.151646e-03
PCG: 1 : 5.408057e-03 / 1.302630e+00
PCG: 2 : 7.397589e-03 / 1.781845e+00
PCG: 0 : 7.397589e-03
PCG: 1 : 5.341344e-03 / 7.220385e-01
PCG: 2 : 4.041977e-03 / 5.463911e-01
PCG: 0 : 4.041976e-03
PCG: 1 : 5.266964e-03 / 1.303067e+00
PCG: 2 : 7.204299e-03 / 1.782371e+00
PCG: 0 : 7.204298e-03
PCG: 1 : 5.200537e-03 / 7.218659e-01
PCG: 2 : 3.934174e-03 / 5.460871e-01
PCG: 0 : 3.934176e-03
PCG: 1 : 5.127019e-03 / 1.303200e+00
PCG: 2 : 7.018138e-03 / 1.783890e+00
PCG: 0 : 7.018137e-03
PCG: 1 : 5.064174e-03 / 7.215838e-01
PCG: 2 : 3.830947e-03 / 5.458637e-01
PCG: 0 : 3.830947e-03
PCG: 1 : 4.993522e-03 / 1.303469e+00
PCG: 2 : 6.833068e-03 / 1.783650e+00
PCG: 0 : 6.833070e-03
PCG: 1 : 4.934522e-03 / 7.221531e-01
PCG: 2 : 3.731851e-03 / 5.461455e-01
PCG: 0 : 3.731850e-03
PCG: 1 : 4.864719e-03 / 1.303568e+00
PCG: 2 : 6.652464e-03 / 1.782618e+00
PCG: 0 : 6.652464e-03
PCG: 1 : 4.805274e-03 / 7.223300e-01
PCG: 2 : 3.634299e-03 / 5.463088e-01
PCG: 0 : 3.634300e-03
PCG: 1 : 4.737406e-03 / 1.303526e+00
PCG: 2 : 6.476897e-03 / 1.782158e+00
PCG: 0 : 6.476900e-03
PCG: 1 : 4.680325e-03 / 7.226180e-01
PCG: 2 : 3.539578e-03 / 5.464926e-01
PCG: 0 : 3.539579e-03
PCG: 1 : 4.613989e-03 / 1.303542e+00
PCG: 2 : 6.303693e-03 / 1.780916e+00
PCG: 0 : 6.303693e-03
PCG: 1 : 4.558963e-03 / 7.232209e-01
PCG: 2 : 3.447908e-03 / 5.469663e-01
PCG: 0 : 3.447909e-03
PCG: 1 : 4.494374e-03 / 1.303507e+00
PCG: 2 : 6.134440e-03 / 1.779177e+00
PCG: 0 : 6.134440e-03
PCG: 1 : 4.440650e-03 / 7.238885e-01
PCG: 2 : 3.358322e-03 / 5.474538e-01
PCG: 0 : 3.358322e-03
PCG: 1 : 4.377953e-03 / 1.303613e+00
PCG: 2 : 5.974459e-03 / 1.779001e+00
PCG: 0 : 5.974461e-03
PCG: 1 : 4.326006e-03 / 7.240831e-01
PCG: 2 : 3.272477e-03 / 5.477443e-01
PCG: 0 : 3.272477e-03
PCG: 1 : 4.264799e-03 / 1.303233e+00
PCG: 2 : 5.815228e-03 / 1.777011e+00
PCG: 0 : 5.815225e-03
PCG: 1 : 4.213874e-03 / 7.246278e-01
PCG: 2 : 3.188076e-03 / 5.482291e-01
PCG: 0 : 3.188075e-03
PCG: 1 : 4.155814e-03 / 1.303550e+00
PCG: 2 : 5.661447e-03 / 1.775820e+00
PCG: 0 : 5.661448e-03
PCG: 1 : 4.105423e-03 / 7.251543e-01
PCG: 2 : 3.103486e-03 / 5.481789e-01
PCG: 0 : 3.103485e-03
PCG: 1 : 4.047778e-03 / 1.304268e+00
PCG: 2 : 5.516531e-03 / 1.777528e+00
PCG: 0 : 5.516529e-03
PCG: 1 : 4.001099e-03 / 7.252929e-01
PCG: 2 : 3.024203e-03 / 5.482075e-01
PCG: 0 : 3.024204e-03
PCG: 1 : 3.945320e-03 / 1.304581e+00
PCG: 2 : 5.369923e-03 / 1.775648e+00
PCG: 0 : 5.369922e-03
PCG: 1 : 3.898048e-03 / 7.259040e-01
PCG: 2 : 2.945742e-03 / 5.485633e-01
PCG: 0 : 2.945743e-03
PCG: 1 : 3.843191e-03 / 1.304659e+00
PCG: 2 : 5.229091e-03 / 1.775135e+00
PCG: 0 : 5.229089e-03
PCG: 1 : 3.795815e-03 / 7.259036e-01
PCG: 2 : 2.867423e-03 / 5.483600e-01
PCG: 0 : 2.867424e-03
PCG: 1 : 3.743161e-03 / 1.305409e+00
PCG: 2 : 5.095033e-03 / 1.776867e+00
PCG: 0 : 5.095032e-03
PCG: 1 : 3.696772e-03 / 7.255641e-01
PCG: 2 : 2.792239e-03 / 5.480317e-01
PCG: 0 : 2.792239e-03
PCG: 1 : 3.644776e-03 / 1.305324e+00
PCG: 2 : 4.962810e-03 / 1.777359e+00
PCG: 0 : 4.962812e-03
PCG: 1 : 3.600685e-03 / 7.255332e-01
PCG: 2 : 2.720389e-03 / 5.481548e-01
PCG: 0 : 2.720390e-03
PCG: 1 : 3.549572e-03 / 1.304803e+00
PCG: 2 : 4.829805e-03 / 1.775409e+00
PCG: 0 : 4.829803e-03
PCG: 1 : 3.508053e-03 / 7.263347e-01
PCG: 2 : 2.652237e-03 / 5.491398e-01
PCG: 0 : 2.652237e-03
PCG: 1 : 3.458356e-03 / 1.303939e+00
PCG: 2 : 4.698780e-03 / 1.771629e+00
PCG: 0 : 4.698780e-03
PCG: 1 : 3.416579e-03 / 7.271206e-01
PCG: 2 : 2.583490e-03 / 5.498214e-01
PCG: 0 : 2.583491e-03
PCG: 1 : 3.368573e-03 / 1.303884e+00
PCG: 2 : 4.574981e-03 / 1.770853e+00
PCG: 0 : 4.574982e-03
PCG: 1 : 3.327045e-03 / 7.272260e-01
PCG: 2 : 2.515385e-03 / 5.498132e-01
PCG: 0 : 2.515385e-03
PCG: 1 : 3.280788e-03 / 1.304289e+00
PCG: 2 : 4.456005e-03 / 1.771500e+00
PCG: 0 : 4.456005e-03
PCG: 1 : 3.241536e-03 / 7.274534e-01
PCG: 2 : 2.450651e-03 / 5.499660e-01
PCG: 0 : 2.450651e-03
PCG: 1 : 3.195931e-03 / 1.304115e+00
PCG: 2 : 4.337930e-03 / 1.770113e+00
PCG: 0 : 4.337930e-03
PCG: 1 : 3.156508e-03 / 7.276531e-01
PCG: 2 : 2.386306e-03 / 5.501026e-01
PCG: 0 : 2.386305e-03
PCG: 1 : 3.112993e-03 / 1.304524e+00
PCG: 2 : 4.226808e-03 / 1.771278e+00
PCG: 0 : 4.226809e-03
PCG: 1 : 3.074056e-03 / 7.272758e-01
PCG: 2 : 2.322979e-03 / 5.495821e-01
PCG: 0 : 2.322978e-03
PCG: 1 : 3.030679e-03 / 1.304652e+00
PCG: 2 : 4.117648e-03 / 1.772573e+00
PCG: 0 : 4.117646e-03
PCG: 1 : 2.993636e-03 / 7.270260e-01
PCG: 2 : 2.261538e-03 / 5.492307e-01
PCG: 0 : 2.261537e-03
PCG: 1 : 2.952632e-03 / 1.305586e+00
PCG: 2 : 4.012974e-03 / 1.774445e+00
PCG: 0 : 4.012974e-03
PCG: 1 : 2.916852e-03 / 7.268556e-01
PCG: 2 : 2.202225e-03 / 5.487762e-01
PCG: 0 : 2.202225e-03
PCG: 1 : 2.875822e-03 / 1.305871e+00
PCG: 2 : 3.909964e-03 / 1.775461e+00
PCG: 0 : 3.909964e-03
PCG: 1 : 2.841312e-03 / 7.266848e-01
PCG: 2 : 2.144354e-03 / 5.484331e-01
PCG: 0 : 2.144354e-03
PCG: 1 : 2.801777e-03 / 1.306583e+00
PCG: 2 : 3.808344e-03 / 1.775987e+00
PCG: 0 : 3.808343e-03
PCG: 1 : 2.768743e-03 / 7.270204e-01
PCG: 2 : 2.089226e-03 / 5.485917e-01
PCG: 0 : 2.089226e-03
PCG: 1 : 2.729279e-03 / 1.306359e+00
PCG: 2 : 3.708200e-03 / 1.774916e+00
PCG: 0 : 3.708200e-03
PCG: 1 : 2.696519e-03 / 7.271775e-01
PCG: 2 : 2.034409e-03 / 5.486243e-01
PCG: 0 : 2.034409e-03
PCG: 1 : 2.658005e-03 / 1.306524e+00
PCG: 2 : 3.611930e-03 / 1.775420e+00
PCG: 0 : 3.611929e-03
PCG: 1 : 2.626003e-03 / 7.270360e-01
PCG: 2 : 1.981988e-03 / 5.487338e-01
PCG: 0 : 1.981988e-03
PCG: 1 : 2.588768e-03 / 1.306148e+00
PCG: 2 : 3.516126e-03 / 1.774040e+00
PCG: 0 : 3.516127e-03
PCG: 1 : 2.557614e-03 / 7.273952e-01
PCG: 2 : 1.930218e-03 / 5.489614e-01
PCG: 0 : 1.930218e-03
PCG: 1 : 2.521611e-03 / 1.306387e+00
PCG: 2 : 3.426112e-03 / 1.774987e+00
PCG: 0 : 3.426112e-03
PCG: 1 : 2.490888e-03 / 7.270306e-01
PCG: 2 : 1.879365e-03 / 5.485417e-01
PCG: 0 : 1.879364e-03
PCG: 1 : 2.455778e-03 / 1.306707e+00
PCG: 2 : 3.337126e-03 / 1.775668e+00
PCG: 0 : 3.337126e-03
PCG: 1 : 2.425832e-03 / 7.269228e-01
PCG: 2 : 1.830052e-03 / 5.483916e-01
PCG: 0 : 1.830053e-03
PCG: 1 : 2.391479e-03 / 1.306782e+00
PCG: 2 : 3.250447e-03 / 1.776149e+00
PCG: 0 : 3.250447e-03
PCG: 1 : 2.363003e-03 / 7.269778e-01
PCG: 2 : 1.782881e-03 / 5.485033e-01
PCG: 0 : 1.782881e-03
PCG: 1 : 2.329222e-03 / 1.306437e+00
PCG: 2 : 3.164891e-03 / 1.775155e+00
PCG: 0 : 3.164891e-03
PCG: 1 : 2.301038e-03 / 7.270512e-01
PCG: 2 : 1.736021e-03 / 5.485249e-01
PCG: 0 : 1.736021e-03
PCG: 1 : 2.268739e-03 / 1.306861e+00
PCG: 2 : 3.083209e-03 / 1.776020e+00
PCG: 0 : 3.083209e-03
PCG: 1 : 2.240634e-03 / 7.267215e-01
PCG: 2 : 1.689839e-03 / 5.480782e-01
PCG: 0 : 1.689840e-03
PCG: 1 : 2.209296e-03 / 1.307400e+00
PCG: 2 : 3.003800e-03 / 1.777565e+00
PCG: 0 : 3.003800e-03
PCG: 1 : 2.181875e-03 / 7.263715e-01
PCG: 2 : 1.645469e-03 / 5.477957e-01
PCG: 0 : 1.645469e-03
PCG: 1 : 2.151589e-03 / 1.307584e+00
PCG: 2 : 2.926254e-03 / 1.778371e+00
PCG: 0 : 2.926255e-03
PCG: 1 : 2.125349e-03 / 7.263034e-01
PCG: 2 : 1.602511e-03 / 5.476320e-01
PCG: 0 : 1.602512e-03
PCG: 1 : 2.095833e-03 / 1.307843e+00
PCG: 2 : 2.850447e-03 / 1.778737e+00
PCG: 0 : 2.850447e-03
PCG: 1 : 2.070128e-03 / 7.262467e-01
PCG: 2 : 1.560303e-03 / 5.473889e-01
PCG: 0 : 1.560303e-03
PCG: 1 : 2.041881e-03 / 1.308644e+00
PCG: 2 : 2.778145e-03 / 1.780517e+00
PCG: 0 : 2.778146e-03
PCG: 1 : 2.017085e-03 / 7.260542e-01
PCG: 2 : 1.519376e-03 / 5.469029e-01
PCG: 0 : 1.519376e-03
PCG: 1 : 1.989020e-03 / 1.309103e+00
PCG: 2 : 2.705968e-03 / 1.780973e+00
PCG: 0 : 2.705968e-03
PCG: 1 : 1.964859e-03 / 7.261205e-01
PCG: 2 : 1.479410e-03 / 5.467210e-01
PCG: 0 : 1.479410e-03
PCG: 1 : 1.937920e-03 / 1.309928e+00
PCG: 2 : 2.637408e-03 / 1.782744e+00
PCG: 0 : 2.637408e-03
PCG: 1 : 1.913580e-03 / 7.255533e-01
PCG: 2 : 1.439473e-03 / 5.457908e-01
PCG: 0 : 1.439474e-03
PCG: 1 : 1.886697e-03 / 1.310685e+00
PCG: 2 : 2.571631e-03 / 1.786507e+00
PCG: 0 : 2.571630e-03
PCG: 1 : 1.863441e-03 / 7.246148e-01
PCG: 2 : 1.401396e-03 / 5.449445e-01
PCG: 0 : 1.401396e-03
PCG: 1 : 1.836783e-03 / 1.310681e+00
PCG: 2 : 2.504750e-03 / 1.787325e+00
PCG: 0 : 2.504750e-03
PCG: 1 : 1.814035e-03 / 7.242380e-01
PCG: 2 : 1.363965e-03 / 5.445513e-01
PCG: 0 : 1.363964e-03
PCG: 1 : 1.788747e-03 / 1.311432e+00
PCG: 2 : 2.441984e-03 / 1.790358e+00
PCG: 0 : 2.441984e-03
PCG: 1 : 1.766891e-03 / 7.235474e-01
PCG: 2 : 1.328408e-03 / 5.439872e-01
PCG: 0 : 1.328408e-03
PCG: 1 : 1.742136e-03 / 1.311447e+00
PCG: 2 : 2.377556e-03 / 1.789778e+00
PCG: 0 : 2.377555e-03
PCG: 1 : 1.720662e-03 / 7.237107e-01
PCG: 2 : 1.293928e-03 / 5.442261e-01
PCG: 0 : 1.293928e-03
PCG: 1 : 1.696932e-03 / 1.311458e+00
PCG: 2 : 2.315950e-03 / 1.789860e+00
PCG: 0 : 2.315951e-03
PCG: 1 : 1.676513e-03 / 7.238984e-01
PCG: 2 : 1.260560e-03 / 5.442947e-01
PCG: 0 : 1.260559e-03
PCG: 1 : 1.652739e-03 / 1.311116e+00
PCG: 2 : 2.253246e-03 / 1.787498e+00
PCG: 0 : 2.253245e-03
PCG: 1 : 1.632605e-03 / 7.245573e-01
PCG: 2 : 1.227933e-03 / 5.449618e-01
PCG: 0 : 1.227933e-03
PCG: 1 : 1.610315e-03 / 1.311403e+00
PCG: 2 : 2.195355e-03 / 1.787846e+00
PCG: 0 : 2.195355e-03
PCG: 1 : 1.589976e-03 / 7.242453e-01
PCG: 2 : 1.195865e-03 / 5.447248e-01
PCG: 0 : 1.195864e-03
PCG: 1 : 1.567770e-03 / 1.310993e+00
PCG: 2 : 2.137744e-03 / 1.787614e+00
PCG: 0 : 2.137744e-03
PCG: 1 : 1.548671e-03 / 7.244416e-01
PCG: 2 : 1.164835e-03 / 5.448900e-01
PCG: 0 : 1.164835e-03
PCG: 1 : 1.526912e-03 / 1.310839e+00
PCG: 2 : 2.082367e-03 / 1.787693e+00
PCG: 0 : 2.082367e-03
PCG: 1 : 1.508314e-03 / 7.243264e-01
PCG: 2 : 1.134148e-03 / 5.446435e-01
PCG: 0 : 1.134148e-03
PCG: 1 : 1.487262e-03 / 1.311347e+00
PCG: 2 : 2.028519e-03 / 1.788584e+00
PCG: 0 : 2.028520e-03
PCG: 1 : 1.469613e-03 / 7.244758e-01
PCG: 2 : 1.104592e-03 / 5.445310e-01
PCG: 0 : 1.104592e-03
PCG: 1 : 1.448618e-03 / 1.311450e+00
PCG: 2 : 1.976639e-03 / 1.789474e+00
PCG: 0 : 1.976639e-03
PCG: 1 : 1.431761e-03 / 7.243415e-01
PCG: 2 : 1.076302e-03 / 5.445114e-01
PCG: 0 : 1.076302e-03
PCG: 1 : 1.411746e-03 / 1.311664e+00
PCG: 2 : 1.924713e-03 / 1.788264e+00
PCG: 0 : 1.924712e-03
PCG: 1 : 1.394750e-03 / 7.246539e-01
PCG: 2 : 1.048184e-03 / 5.445925e-01
PCG: 0 : 1.048184e-03
PCG: 1 : 1.375106e-03 / 1.311894e+00
PCG: 2 : 1.875026e-03 / 1.788833e+00
PCG: 0 : 1.875025e-03
PCG: 1 : 1.358022e-03 / 7.242684e-01
PCG: 2 : 1.020135e-03 / 5.440647e-01
PCG: 0 : 1.020135e-03
PCG: 1 : 1.339077e-03 / 1.312647e+00
PCG: 2 : 1.827357e-03 / 1.791289e+00
PCG: 0 : 1.827357e-03
PCG: 1 : 1.322493e-03 / 7.237192e-01
PCG: 2 : 9.935584e-04 / 5.437134e-01
PCG: 0 : 9.935575e-04
PCG: 1 : 1.303976e-03 / 1.312431e+00
PCG: 2 : 1.780188e-03 / 1.791731e+00
PCG: 0 : 1.780188e-03
PCG: 1 : 1.287760e-03 / 7.233846e-01
PCG: 2 : 9.672188e-04 / 5.433241e-01
PCG: 0 : 9.672188e-04
PCG: 1 : 1.269732e-03 / 1.312767e+00
PCG: 2 : 1.734500e-03 / 1.793286e+00
PCG: 0 : 1.734500e-03
PCG: 1 : 1.254185e-03 / 7.230819e-01
PCG: 2 : 9.418887e-04 / 5.430319e-01
PCG: 0 : 9.418886e-04
PCG: 1 : 1.236814e-03 / 1.313121e+00
PCG: 2 : 1.689711e-03 / 1.793961e+00
PCG: 0 : 1.689711e-03
PCG: 1 : 1.221485e-03 / 7.228958e-01
PCG: 2 : 9.171343e-04 / 5.427759e-01
PCG: 0 : 9.171336e-04
PCG: 1 : 1.204356e-03 / 1.313174e+00
PCG: 2 : 1.645589e-03 / 1.794274e+00
PCG: 0 : 1.645588e-03
PCG: 1 : 1.190190e-03 / 7.232609e-01
PCG: 2 : 8.940580e-04 / 5.433060e-01
PCG: 0 : 8.940581e-04
PCG: 1 : 1.173764e-03 / 1.312850e+00
PCG: 2 : 1.601345e-03 / 1.791098e+00
PCG: 0 : 1.601345e-03
PCG: 1 : 1.158972e-03 / 7.237492e-01
PCG: 2 : 8.708831e-04 / 5.438447e-01
PCG: 0 : 8.708830e-04
PCG: 1 : 1.143069e-03 / 1.312541e+00
PCG: 2 : 1.559239e-03 / 1.790411e+00
PCG: 0 : 1.559239e-03
PCG: 1 : 1.128898e-03 / 7.240058e-01
PCG: 2 : 8.483225e-04 / 5.440618e-01
PCG: 0 : 8.483222e-04
PCG: 1 : 1.113437e-03 / 1.312516e+00
PCG: 2 : 1.518794e-03 / 1.790351e+00
PCG: 0 : 1.518794e-03
PCG: 1 : 1.099392e-03 / 7.238582e-01
PCG: 2 : 8.260512e-04 / 5.438862e-01
PCG: 0 : 8.260511e-04
PCG: 1 : 1.084025e-03 / 1.312298e+00
PCG: 2 : 1.479411e-03 / 1.790943e+00
PCG: 0 : 1.479410e-03
PCG: 1 : 1.070672e-03 / 7.237157e-01
PCG: 2 : 8.045402e-04 / 5.438250e-01
PCG: 0 : 8.045404e-04
PCG: 1 : 1.055756e-03 / 1.312247e+00
PCG: 2 : 1.441073e-03 / 1.791175e+00
PCG: 0 : 1.441072e-03
PCG: 1 : 1.042995e-03 / 7.237634e-01
PCG: 2 : 7.832356e-04 / 5.435090e-01
PCG: 0 : 7.832354e-04
PCG: 1 : 1.028469e-03 / 1.313103e+00
PCG: 2 : 1.404501e-03 / 1.793204e+00
PCG: 0 : 1.404501e-03
PCG: 1 : 1.015950e-03 / 7.233530e-01
PCG: 2 : 7.628619e-04 / 5.431552e-01
PCG: 0 : 7.628617e-04
PCG: 1 : 1.001851e-03 / 1.313280e+00
PCG: 2 : 1.367775e-03 / 1.792952e+00
PCG: 0 : 1.367774e-03
PCG: 1 : 9.894979e-04 / 7.234364e-01
PCG: 2 : 7.427623e-04 / 5.430444e-01
PCG: 0 : 7.427630e-04
PCG: 1 : 9.757224e-04 / 1.313639e+00
PCG: 2 : 1.333087e-03 / 1.794768e+00
PCG: 0 : 1.333087e-03
PCG: 1 : 9.638735e-04 / 7.230387e-01
PCG: 2 : 7.232452e-04 / 5.425342e-01
PCG: 0 : 7.232450e-04
PCG: 1 : 9.506168e-04 / 1.314377e+00
PCG: 2 : 1.298731e-03 / 1.795700e+00
PCG: 0 : 1.298731e-03
PCG: 1 : 9.381816e-04 / 7.223833e-01
PCG: 2 : 7.036058e-04 / 5.417640e-01
PCG: 0 : 7.036061e-04
PCG: 1 : 9.253839e-04 / 1.315202e+00
PCG: 2 : 1.266512e-03 / 1.800029e+00
PCG: 0 : 1.266511e-03
PCG: 1 : 9.139227e-04 / 7.216064e-01
PCG: 2 : 6.855223e-04 / 5.412682e-01
PCG: 0 : 6.855225e-04
PCG: 1 : 9.011782e-04 / 1.314586e+00
PCG: 2 : 1.233148e-03 / 1.798844e+00
PCG: 0 : 1.233148e-03
PCG: 1 : 8.901011e-04 / 7.218123e-01
PCG: 2 : 6.675506e-04 / 5.413388e-01
PCG: 0 : 6.675503e-04
PCG: 1 : 8.777035e-04 / 1.314813e+00
PCG: 2 : 1.201096e-03 / 1.799259e+00
PCG: 0 : 1.201096e-03
PCG: 1 : 8.672113e-04 / 7.220166e-01
PCG: 2 : 6.503917e-04 / 5.414985e-01
PCG: 0 : 6.503915e-04
PCG: 1 : 8.548112e-04 / 1.314303e+00
PCG: 2 : 1.169045e-03 / 1.797448e+00
PCG: 0 : 1.169045e-03
PCG: 1 : 8.447234e-04 / 7.225758e-01
PCG: 2 : 6.337299e-04 / 5.420920e-01
PCG: 0 : 6.337299e-04
PCG: 1 : 8.328848e-04 / 1.314258e+00
PCG: 2 : 1.138459e-03 / 1.796442e+00
PCG: 0 : 1.138459e-03
PCG: 1 : 8.224893e-04 / 7.224585e-01
PCG: 2 : 6.171761e-04 / 5.421154e-01
PCG: 0 : 6.171763e-04
PCG: 1 : 8.111583e-04 / 1.314306e+00
PCG: 2 : 1.108795e-03 / 1.796561e+00
PCG: 0 : 1.108795e-03
PCG: 1 : 8.011342e-04 / 7.225270e-01
PCG: 2 : 6.010866e-04 / 5.421081e-01
PCG: 0 : 6.010865e-04
PCG: 1 : 7.901049e-04 / 1.314461e+00
PCG: 2 : 1.079802e-03 / 1.796417e+00
PCG: 0 : 1.079801e-03
PCG: 1 : 7.801630e-04 / 7.225059e-01
PCG: 2 : 5.853318e-04 / 5.420735e-01
PCG: 0 : 5.853318e-04
PCG: 1 : 7.694900e-04 / 1.314622e+00
PCG: 2 : 1.052148e-03 / 1.797523e+00
PCG: 0 : 1.052147e-03
PCG: 1 : 7.600451e-04 / 7.223751e-01
PCG: 2 : 5.700669e-04 / 5.418128e-01
PCG: 0 : 5.700667e-04
PCG: 1 : 7.494049e-04 / 1.314592e+00
PCG: 2 : 1.024653e-03 / 1.797427e+00
PCG: 0 : 1.024654e-03
PCG: 1 : 7.401655e-04 / 7.223567e-01
PCG: 2 : 5.547461e-04 / 5.413986e-01
PCG: 0 : 5.547463e-04
PCG: 1 : 7.297156e-04 / 1.315404e+00
PCG: 2 : 9.989814e-04 / 1.800790e+00
PCG: 0 : 9.989818e-04
PCG: 1 : 7.207235e-04 / 7.214581e-01
PCG: 2 : 5.400224e-04 / 5.405729e-01
PCG: 0 : 5.400227e-04
PCG: 1 : 7.107813e-04 / 1.316206e+00
PCG: 2 : 9.736186e-04 / 1.802921e+00
PCG: 0 : 9.736186e-04
PCG: 1 : 7.021996e-04 / 7.212266e-01
PCG: 2 : 5.260921e-04 / 5.403473e-01
PCG: 0 : 5.260920e-04
PCG: 1 : 6.924084e-04 / 1.316136e+00
PCG: 2 : 9.479556e-04 / 1.801882e+00
PCG: 0 : 9.479556e-04
PCG: 1 : 6.841985e-04 / 7.217621e-01
PCG: 2 : 5.126489e-04 / 5.407942e-01
PCG: 0 : 5.126487e-04
PCG: 1 : 6.746569e-04 / 1.316022e+00
PCG: 2 : 9.231666e-04 / 1.800778e+00
PCG: 0 : 9.231663e-04
PCG: 1 : 6.663160e-04 / 7.217724e-01
PCG: 2 : 4.992310e-04 / 5.407812e-01
PCG: 0 : 4.992309e-04
PCG: 1 : 6.571166e-04 / 1.316258e+00
PCG: 2 : 8.993731e-04 / 1.801517e+00
PCG: 0 : 8.993733e-04
PCG: 1 : 6.489673e-04 / 7.215773e-01
PCG: 2 : 4.864027e-04 / 5.408241e-01
PCG: 0 : 4.864026e-04
PCG: 1 : 6.399410e-04 / 1.315661e+00
PCG: 2 : 8.756506e-04 / 1.800259e+00
PCG: 0 : 8.756505e-04
PCG: 1 : 6.321140e-04 / 7.218793e-01
PCG: 2 : 4.737302e-04 / 5.410037e-01
PCG: 0 : 4.737302e-04
PCG: 1 : 6.233420e-04 / 1.315816e+00
PCG: 2 : 8.528992e-04 / 1.800390e+00
PCG: 0 : 8.528988e-04
PCG: 1 : 6.156742e-04 / 7.218608e-01
PCG: 2 : 4.613744e-04 / 5.409486e-01
PCG: 0 : 4.613745e-04
PCG: 1 : 6.071133e-04 / 1.315880e+00
PCG: 2 : 8.306738e-04 / 1.800433e+00
PCG: 0 : 8.306738e-04
PCG: 1 : 5.994621e-04 / 7.216577e-01
PCG: 2 : 4.492866e-04 / 5.408701e-01
PCG: 0 : 4.492866e-04
PCG: 1 : 5.912358e-04 / 1.315944e+00
PCG: 2 : 8.092129e-04 / 1.801106e+00
PCG: 0 : 8.092130e-04
PCG: 1 : 5.840057e-04 / 7.216959e-01
PCG: 2 : 4.377495e-04 / 5.409571e-01
PCG: 0 : 4.377495e-04
PCG: 1 : 5.758899e-04 / 1.315570e+00
PCG: 2 : 7.876128e-04 / 1.799232e+00
PCG: 0 : 7.876126e-04
PCG: 1 : 5.687680e-04 / 7.221418e-01
PCG: 2 : 4.263927e-04 / 5.413737e-01
PCG: 0 : 4.263929e-04
PCG: 1 : 5.610723e-04 / 1.315857e+00
PCG: 2 : 7.673756e-04 / 1.799691e+00
PCG: 0 : 7.673755e-04
PCG: 1 : 5.538427e-04 / 7.217362e-01
PCG: 2 : 4.148509e-04 / 5.406100e-01
PCG: 0 : 4.148505e-04
PCG: 1 : 5.462242e-04 / 1.316677e+00
PCG: 2 : 7.480755e-04 / 1.803241e+00
PCG: 0 : 7.480752e-04
PCG: 1 : 5.392408e-04 / 7.208377e-01
PCG: 2 : 4.037315e-04 / 5.396937e-01
PCG: 0 : 4.037315e-04
PCG: 1 : 5.316139e-04 / 1.316751e+00
PCG: 2 : 7.290146e-04 / 1.805692e+00
PCG: 0 : 7.290148e-04
PCG: 1 : 5.251737e-04 / 7.203882e-01
PCG: 2 : 3.932554e-04 / 5.394340e-01
PCG: 0 : 3.932554e-04
PCG: 1 : 5.178382e-04 / 1.316799e+00
PCG: 2 : 7.099012e-04 / 1.805191e+00
PCG: 0 : 7.099013e-04
PCG: 1 : 5.117185e-04 / 7.208304e-01
PCG: 2 : 3.831548e-04 / 5.397296e-01
PCG: 0 : 3.831548e-04
PCG: 1 : 5.045568e-04 / 1.316849e+00
PCG: 2 : 6.915456e-04 / 1.804873e+00
PCG: 0 : 6.915454e-04
PCG: 1 : 4.985437e-04 / 7.209124e-01
PCG: 2 : 3.733736e-04 / 5.399119e-01
PCG: 0 : 3.733735e-04
PCG: 1 : 4.916938e-04 / 1.316895e+00
PCG: 2 : 6.732928e-04 / 1.803269e+00
PCG: 0 : 6.732927e-04
PCG: 1 : 4.855276e-04 / 7.211242e-01
PCG: 2 : 3.634527e-04 / 5.398138e-01
PCG: 0 : 3.634525e-04
PCG: 1 : 4.787634e-04 / 1.317265e+00
PCG: 2 : 6.560987e-04 / 1.805184e+00
PCG: 0 : 6.560987e-04
PCG: 1 : 4.729026e-04 / 7.207797e-01
PCG: 2 : 3.540718e-04 / 5.396625e-01
PCG: 0 : 3.540718e-04
PCG: 1 : 4.663363e-04 / 1.317067e+00
PCG: 2 : 6.389138e-04 / 1.804475e+00
PCG: 0 : 6.389139e-04
PCG: 1 : 4.606083e-04 / 7.209238e-01
PCG: 2 : 3.449674e-04 / 5.399277e-01
PCG: 0 : 3.449672e-04
PCG: 1 : 4.542142e-04 / 1.316688e+00
PCG: 2 : 6.222634e-04 / 1.803833e+00
PCG: 0 : 6.222634e-04
PCG: 1 : 4.486498e-04 / 7.209967e-01
PCG: 2 : 3.360609e-04 / 5.400622e-01
PCG: 0 : 3.360608e-04
PCG: 1 : 4.424221e-04 / 1.316494e+00
PCG: 2 : 6.058995e-04 / 1.802946e+00
PCG: 0 : 6.058994e-04
PCG: 1 : 4.370366e-04 / 7.213023e-01
PCG: 2 : 3.273955e-04 / 5.403463e-01
PCG: 0 : 3.273954e-04
PCG: 1 : 4.309259e-04 / 1.316225e+00
PCG: 2 : 5.898618e-04 / 1.801680e+00
PCG: 0 : 5.898618e-04
PCG: 1 : 4.256988e-04 / 7.216925e-01
PCG: 2 : 3.190944e-04 / 5.409646e-01
PCG: 0 : 3.190942e-04
PCG: 1 : 4.198790e-04 / 1.315847e+00
PCG: 2 : 5.741324e-04 / 1.799257e+00
PCG: 0 : 5.741324e-04
PCG: 1 : 4.145309e-04 / 7.220128e-01
PCG: 2 : 3.107293e-04 / 5.412155e-01
PCG: 0 : 3.107293e-04
PCG: 1 : 4.089178e-04 / 1.315994e+00
PCG: 2 : 5.592667e-04 / 1.799851e+00
PCG: 0 : 5.592664e-04
PCG: 1 : 4.037702e-04 / 7.219641e-01
PCG: 2 : 3.025328e-04 / 5.409459e-01
PCG: 0 : 3.025327e-04
PCG: 1 : 3.980998e-04 / 1.315890e+00
PCG: 2 : 5.446490e-04 / 1.800298e+00
PCG: 0 : 5.446491e-04
PCG: 1 : 3.933284e-04 / 7.221686e-01
PCG: 2 : 2.947320e-04 / 5.411412e-01
PCG: 0 : 2.947322e-04
PCG: 1 : 3.878753e-04 / 1.316026e+00
PCG: 2 : 5.305238e-04 / 1.800020e+00
PCG: 0 : 5.305238e-04
PCG: 1 : 3.830012e-04 / 7.219303e-01
PCG: 2 : 2.868338e-04 / 5.406616e-01
PCG: 0 : 2.868339e-04
PCG: 1 : 3.776083e-04 / 1.316470e+00
PCG: 2 : 5.170044e-04 / 1.802452e+00
PCG: 0 : 5.170045e-04
PCG: 1 : 3.729911e-04 / 7.214466e-01
PCG: 2 : 2.793375e-04 / 5.403000e-01
PCG: 0 : 2.793375e-04
PCG: 1 : 3.679167e-04 / 1.317105e+00
PCG: 2 : 5.038631e-04 / 1.803779e+00
PCG: 0 : 5.038630e-04
PCG: 1 : 3.633827e-04 / 7.211935e-01
PCG: 2 : 2.719740e-04 / 5.397776e-01
PCG: 0 : 2.719739e-04
PCG: 1 : 3.582601e-04 / 1.317259e+00
PCG: 2 : 4.908883e-04 / 1.804910e+00
PCG: 0 : 4.908882e-04
PCG: 1 : 3.539714e-04 / 7.210836e-01
PCG: 2 : 2.650063e-04 / 5.398507e-01
PCG: 0 : 2.650063e-04
PCG: 1 : 3.490149e-04 / 1.317006e+00
PCG: 2 : 4.779459e-04 / 1.803526e+00
PCG: 0 : 4.779460e-04
PCG: 1 : 3.448546e-04 / 7.215347e-01
PCG: 2 : 2.580833e-04 / 5.399843e-01
PCG: 0 : 2.580833e-04
PCG: 1 : 3.399660e-04 / 1.317272e+00
PCG: 2 : 4.655589e-04 / 1.803909e+00
PCG: 0 : 4.655589e-04
PCG: 1 : 3.359040e-04 / 7.215070e-01
PCG: 2 : 2.515362e-04 / 5.402887e-01
PCG: 0 : 2.515361e-04
PCG: 1 : 3.312241e-04 / 1.316805e+00
PCG: 2 : 4.533038e-04 / 1.802142e+00
PCG: 0 : 4.533041e-04
PCG: 1 : 3.271476e-04 / 7.216957e-01
PCG: 2 : 2.450028e-04 / 5.404822e-01
PCG: 0 : 2.450027e-04
PCG: 1 : 3.225837e-04 / 1.316654e+00
PCG: 2 : 4.415789e-04 / 1.802343e+00
PCG: 0 : 4.415789e-04
PCG: 1 : 3.186290e-04 / 7.215675e-01
PCG: 2 : 2.386627e-04 / 5.404758e-01
PCG: 0 : 2.386627e-04
PCG: 1 : 3.142320e-04 / 1.316636e+00
PCG: 2 : 4.299618e-04 / 1.801546e+00
PCG: 0 : 4.299620e-04
PCG: 1 : 3.103795e-04 / 7.218766e-01
PCG: 2 : 2.324967e-04 / 5.407377e-01
PCG: 0 : 2.324967e-04
PCG: 1 : 3.060256e-04 / 1.316258e+00
PCG: 2 : 4.186692e-04 / 1.800753e+00
PCG: 0 : 4.186693e-04
PCG: 1 : 3.022028e-04 / 7.218174e-01
PCG: 2 : 2.264020e-04 / 5.407658e-01
PCG: 0 : 2.264021e-04
PCG: 1 : 2.980795e-04 / 1.316593e+00
PCG: 2 : 4.078171e-04 / 1.801295e+00
PCG: 0 : 4.078169e-04
PCG: 1 : 2.943065e-04 / 7.216633e-01
PCG: 2 : 2.205130e-04 / 5.407156e-01
PCG: 0 : 2.205129e-04
PCG: 1 : 2.903063e-04 / 1.316504e+00
PCG: 2 : 3.971542e-04 / 1.801047e+00
PCG: 0 : 3.971542e-04
PCG: 1 : 2.866530e-04 / 7.217675e-01
PCG: 2 : 2.146862e-04 / 5.405612e-01
PCG: 0 : 2.146861e-04
PCG: 1 : 2.827054e-04 / 1.316831e+00
PCG: 2 : 3.869724e-04 / 1.802504e+00
PCG: 0 : 3.869724e-04
PCG: 1 : 2.791105e-04 / 7.212673e-01
PCG: 2 : 2.089930e-04 / 5.400720e-01
PCG: 0 : 2.089929e-04
PCG: 1 : 2.752743e-04 / 1.317147e+00
PCG: 2 : 3.771170e-04 / 1.804449e+00
PCG: 0 : 3.771170e-04
PCG: 1 : 2.717545e-04 / 7.206106e-01
PCG: 2 : 2.033424e-04 / 5.392025e-01
PCG: 0 : 2.033425e-04
PCG: 1 : 2.679570e-04 / 1.317762e+00
PCG: 2 : 3.676071e-04 / 1.807823e+00
PCG: 0 : 3.676072e-04
PCG: 1 : 2.645962e-04 / 7.197797e-01
PCG: 2 : 1.979165e-04 / 5.383912e-01
PCG: 0 : 1.979165e-04
PCG: 1 : 2.610111e-04 / 1.318794e+00
PCG: 2 : 3.583460e-04 / 1.810592e+00
PCG: 0 : 3.583459e-04
PCG: 1 : 2.577256e-04 / 7.192091e-01
PCG: 2 : 1.926597e-04 / 5.376362e-01
PCG: 0 : 1.926596e-04
PCG: 1 : 2.541593e-04 / 1.319215e+00
PCG: 2 : 3.492480e-04 / 1.812773e+00
PCG: 0 : 3.492480e-04
PCG: 1 : 2.510920e-04 / 7.189506e-01
PCG: 2 : 1.876308e-04 / 5.372424e-01
PCG: 0 : 1.876308e-04
PCG: 1 : 2.475862e-04 / 1.319540e+00
PCG: 2 : 3.402904e-04 / 1.813617e+00
PCG: 0 : 3.402904e-04
PCG: 1 : 2.445877e-04 / 7.187618e-01
PCG: 2 : 1.827430e-04 / 5.370207e-01
PCG: 0 : 1.827429e-04
PCG: 1 : 2.411510e-04 / 1.319619e+00
PCG: 2 : 3.315326e-04 / 1.814203e+00
PCG: 0 : 3.315326e-04
PCG: 1 : 2.380923e-04 / 7.181567e-01
PCG: 2 : 1.778337e-04 / 5.363990e-01
PCG: 0 : 1.778337e-04
PCG: 1 : 2.347914e-04 / 1.320286e+00
PCG: 2 : 3.232530e-04 / 1.817726e+00
PCG: 0 : 3.232530e-04
PCG: 1 : 2.318127e-04 / 7.171245e-01
PCG: 2 : 1.730874e-04 / 5.354549e-01
PCG: 0 : 1.730875e-04
PCG: 1 : 2.286338e-04 / 1.320915e+00
PCG: 2 : 3.150070e-04 / 1.819930e+00
PCG: 0 : 3.150070e-04
PCG: 1 : 2.257231e-04 / 7.165653e-01
PCG: 2 : 1.684794e-04 / 5.348432e-01
PCG: 0 : 1.684794e-04
PCG: 1 : 2.226222e-04 / 1.321362e+00
PCG: 2 : 3.070259e-04 / 1.822336e+00
PCG: 0 : 3.070258e-04
PCG: 1 : 2.198171e-04 / 7.159562e-01
PCG: 2 : 1.640111e-04 / 5.341933e-01
PCG: 0 : 1.640110e-04
PCG: 1 : 2.167822e-04 / 1.321754e+00
PCG: 2 : 2.991743e-04 / 1.824111e+00
PCG: 0 : 2.991743e-04
PCG: 1 : 2.140640e-04 / 7.155161e-01
PCG: 2 : 1.597227e-04 / 5.338786e-01
PCG: 0 : 1.597227e-04
PCG: 1 : 2.110864e-04 / 1.321581e+00
PCG: 2 : 2.913510e-04 / 1.824106e+00
PCG: 0 : 2.913509e-04
PCG: 1 : 2.084717e-04 / 7.155346e-01
PCG: 2 : 1.555694e-04 / 5.339589e-01
PCG: 0 : 1.555694e-04
PCG: 1 : 2.055815e-04 / 1.321478e+00
PCG: 2 : 2.837076e-04 / 1.823673e+00
PCG: 0 : 2.837076e-04
PCG: 1 : 2.030149e-04 / 7.155780e-01
PCG: 2 : 1.514598e-04 / 5.338589e-01
PCG: 0 : 1.514599e-04
PCG: 1 : 2.002033e-04 / 1.321824e+00
PCG: 2 : 2.764547e-04 / 1.825267e+00
PCG: 0 : 2.764547e-04
PCG: 1 : 1.976366e-04 / 7.148969e-01
PCG: 2 : 1.473338e-04 / 5.329400e-01
PCG: 0 : 1.473338e-04
PCG: 1 : 1.948728e-04 / 1.322662e+00
PCG: 2 : 2.695075e-04 / 1.829230e+00
PCG: 0 : 2.695075e-04
PCG: 1 : 1.924153e-04 / 7.139516e-01
PCG: 2 : 1.433909e-04 / 5.320478e-01
PCG: 0 : 1.433909e-04
PCG: 1 : 1.897310e-04 / 1.323174e+00
PCG: 2 : 2.626705e-04 / 1.831849e+00
PCG: 0 : 2.626704e-04
PCG: 1 : 1.873779e-04 / 7.133575e-01
PCG: 2 : 1.396071e-04 / 5.314915e-01
PCG: 0 : 1.396071e-04
PCG: 1 : 1.848030e-04 / 1.323736e+00
PCG: 2 : 2.559660e-04 / 1.833474e+00
PCG: 0 : 2.559660e-04
PCG: 1 : 1.825115e-04 / 7.130303e-01
PCG: 2 : 1.359316e-04 / 5.310535e-01
PCG: 0 : 1.359316e-04
PCG: 1 : 1.800337e-04 / 1.324444e+00
PCG: 2 : 2.494619e-04 / 1.835202e+00
PCG: 0 : 2.494620e-04
PCG: 1 : 1.777494e-04 / 7.125312e-01
PCG: 2 : 1.322793e-04 / 5.302585e-01
PCG: 0 : 1.322793e-04
PCG: 1 : 1.753174e-04 / 1.325358e+00
PCG: 2 : 2.432977e-04 / 1.839272e+00
PCG: 0 : 2.432977e-04
PCG: 1 : 1.730821e-04 / 7.114005e-01
PCG: 2 : 1.286785e-04 / 5.288932e-01
PCG: 0 : 1.286784e-04
PCG: 1 : 1.706831e-04 / 1.326431e+00
PCG: 2 : 2.372390e-04 / 1.843658e+00
PCG: 0 : 2.372389e-04
PCG: 1 : 1.685205e-04 / 7.103409e-01
PCG: 2 : 1.252499e-04 / 5.279485e-01
PCG: 0 : 1.252499e-04
PCG: 1 : 1.661508e-04 / 1.326554e+00
PCG: 2 : 2.311534e-04 / 1.845538e+00
PCG: 0 : 2.311535e-04
PCG: 1 : 1.641013e-04 / 7.099236e-01
PCG: 2 : 1.219390e-04 / 5.275242e-01
PCG: 0 : 1.219390e-04
PCG: 1 : 1.618323e-04 / 1.327158e+00
PCG: 2 : 2.252895e-04 / 1.847559e+00
PCG: 0 : 2.252894e-04
PCG: 1 : 1.597997e-04 / 7.093087e-01
PCG: 2 : 1.187228e-04 / 5.269789e-01
PCG: 0 : 1.187227e-04
PCG: 1 : 1.575303e-04 / 1.326876e+00
PCG: 2 : 2.194016e-04 / 1.848017e+00
PCG: 0 : 2.194016e-04
PCG: 1 : 1.556611e-04 / 7.094802e-01
PCG: 2 : 1.157301e-04 / 5.274808e-01
PCG: 0 : 1.157301e-04
PCG: 1 : 1.534823e-04 / 1.326210e+00
PCG: 2 : 2.135254e-04 / 1.845030e+00
PCG: 0 : 2.135253e-04
PCG: 1 : 1.515677e-04 / 7.098346e-01
PCG: 2 : 1.127116e-04 / 5.278606e-01
PCG: 0 : 1.127115e-04
PCG: 1 : 1.494600e-04 / 1.326040e+00
PCG: 2 : 2.079437e-04 / 1.844919e+00
PCG: 0 : 2.079437e-04
PCG: 1 : 1.475702e-04 / 7.096641e-01
PCG: 2 : 1.096577e-04 / 5.273433e-01
PCG: 0 : 1.096577e-04
PCG: 1 : 1.454838e-04 / 1.326709e+00
PCG: 2 : 2.026891e-04 / 1.848380e+00
PCG: 0 : 2.026890e-04
PCG: 1 : 1.436989e-04 / 7.089623e-01
PCG: 2 : 1.068045e-04 / 5.269375e-01
PCG: 0 : 1.068044e-04
PCG: 1 : 1.417037e-04 / 1.326759e+00
PCG: 2 : 1.974185e-04 / 1.848411e+00
PCG: 0 : 1.974185e-04
PCG: 1 : 1.399058e-04 / 7.086759e-01
PCG: 2 : 1.039486e-04 / 5.265394e-01
PCG: 0 : 1.039487e-04
PCG: 1 : 1.379699e-04 / 1.327289e+00
PCG: 2 : 1.923436e-04 / 1.850371e+00
PCG: 0 : 1.923437e-04
PCG: 1 : 1.362102e-04 / 7.081606e-01
PCG: 2 : 1.011413e-04 / 5.258361e-01
PCG: 0 : 1.011413e-04
PCG: 1 : 1.343107e-04 / 1.327952e+00
PCG: 2 : 1.875293e-04 / 1.854132e+00
PCG: 0 : 1.875293e-04
PCG: 1 : 1.326238e-04 / 7.072163e-01
PCG: 2 : 9.842758e-05 / 5.248650e-01
PCG: 0 : 9.842762e-05
PCG: 1 : 1.307949e-04 / 1.328843e+00
PCG: 2 : 1.828099e-04 / 1.857303e+00
PCG: 0 : 1.828100e-04
PCG: 1 : 1.291721e-04 / 7.065924e-01
PCG: 2 : 9.581423e-05 / 5.241193e-01
PCG: 0 : 9.581426e-05
PCG: 1 : 1.273853e-04 / 1.329503e+00
PCG: 2 : 1.781746e-04 / 1.859583e+00
PCG: 0 : 1.781746e-04
PCG: 1 : 1.257700e-04 / 7.058809e-01
PCG: 2 : 9.320786e-05 / 5.231266e-01
PCG: 0 : 9.320790e-05
PCG: 1 : 1.240229e-04 / 1.330605e+00
PCG: 2 : 1.737559e-04 / 1.864175e+00
PCG: 0 : 1.737558e-04
PCG: 1 : 1.224745e-04 / 7.048658e-01
PCG: 2 : 9.069589e-05 / 5.219733e-01
PCG: 0 : 9.069600e-05
PCG: 1 : 1.207551e-04 / 1.331427e+00
PCG: 2 : 1.693743e-04 / 1.867495e+00
PCG: 0 : 1.693743e-04
PCG: 1 : 1.192589e-04 / 7.041144e-01
PCG: 2 : 8.831936e-05 / 5.214448e-01
PCG: 0 : 8.831942e-05
PCG: 1 : 1.175759e-04 / 1.331258e+00
PCG: 2 : 1.650013e-04 / 1.868233e+00
PCG: 0 : 1.650013e-04
PCG: 1 : 1.161465e-04 / 7.039129e-01
PCG: 2 : 8.606015e-05 / 5.215727e-01
PCG: 0 : 8.606017e-05
PCG: 1 : 1.145203e-04 / 1.330700e+00
PCG: 2 : 1.606842e-04 / 1.867115e+00
PCG: 0 : 1.606843e-04
PCG: 1 : 1.130813e-04 / 7.037482e-01
PCG: 2 : 8.375116e-05 / 5.212156e-01
PCG: 0 : 8.375115e-05
PCG: 1 : 1.114922e-04 / 1.331232e+00
PCG: 2 : 1.565601e-04 / 1.869348e+00
PCG: 0 : 1.565601e-04
PCG: 1 : 1.101010e-04 / 7.032508e-01
PCG: 2 : 8.152422e-05 / 5.207217e-01
PCG: 0 : 8.152426e-05
PCG: 1 : 1.085600e-04 / 1.331628e+00
PCG: 2 : 1.525460e-04 / 1.871173e+00
PCG: 0 : 1.525460e-04
PCG: 1 : 1.072094e-04 / 7.028002e-01
PCG: 2 : 7.936056e-05 / 5.202402e-01
PCG: 0 : 7.936051e-05
PCG: 1 : 1.057342e-04 / 1.332327e+00
PCG: 2 : 1.486709e-04 / 1.873361e+00
PCG: 0 : 1.486709e-04
PCG: 1 : 1.043687e-04 / 7.020112e-01
PCG: 2 : 7.722057e-05 / 5.194060e-01
PCG: 0 : 7.722055e-05
PCG: 1 : 1.029292e-04 / 1.332925e+00
PCG: 2 : 1.448770e-04 / 1.876145e+00
PCG: 0 : 1.448770e-04
PCG: 1 : 1.016548e-04 / 7.016628e-01
PCG: 2 : 7.519529e-05 / 5.190284e-01
PCG: 0 : 7.519525e-05
PCG: 1 : 1.002283e-04 / 1.332907e+00
PCG: 2 : 1.411027e-04 / 1.876484e+00
PCG: 0 : 1.411027e-04
PCG: 1 : 9.896149e-05 / 7.013438e-01
PCG: 2 : 7.319406e-05 / 5.187290e-01
PCG: 0 : 7.319405e-05
PCG: 1 : 9.761796e-05 / 1.333687e+00
PCG: 2 : 1.375358e-04 / 1.879057e+00
PCG: 0 : 1.375359e-04
PCG: 1 : 9.632645e-05 / 7.003732e-01
PCG: 2 : 7.118885e-05 / 5.176020e-01
PCG: 0 : 7.118884e-05
PCG: 1 : 9.498227e-05 / 1.334230e+00
PCG: 2 : 1.340492e-04 / 1.883008e+00
PCG: 0 : 1.340492e-04
PCG: 1 : 9.378212e-05 / 6.996098e-01
PCG: 2 : 6.926373e-05 / 5.167038e-01
PCG: 0 : 6.926378e-05
PCG: 1 : 9.250666e-05 / 1.335570e+00
PCG: 2 : 1.306921e-04 / 1.886874e+00
PCG: 0 : 1.306921e-04
PCG: 1 : 9.136023e-05 / 6.990494e-01
PCG: 2 : 6.742588e-05 / 5.159140e-01
PCG: 0 : 6.742588e-05
PCG: 1 : 9.008562e-05 / 1.336069e+00
PCG: 2 : 1.273332e-04 / 1.888491e+00
PCG: 0 : 1.273332e-04
PCG: 1 : 8.898124e-05 / 6.988062e-01
PCG: 2 : 6.562856e-05 / 5.154079e-01
PCG: 0 : 6.562860e-05
PCG: 1 : 8.773343e-05 / 1.336817e+00
PCG: 2 : 1.241461e-04 / 1.891647e+00
PCG: 0 : 1.241461e-04
PCG: 1 : 8.658923e-05 / 6.974784e-01
PCG: 2 : 6.378889e-05 / 5.138211e-01
PCG: 0 : 6.378887e-05
PCG: 1 : 8.538472e-05 / 1.338552e+00
PCG: 2 : 1.211592e-04 / 1.899379e+00
PCG: 0 : 1.211592e-04
PCG: 1 : 8.434501e-05 / 6.961505e-01
PCG: 2 : 6.215907e-05 / 5.130364e-01
PCG: 0 : 6.215905e-05
PCG: 1 : 8.317352e-05 / 1.338076e+00
PCG: 2 : 1.179709e-04 / 1.897888e+00
PCG: 0 : 1.179709e-04
PCG: 1 : 8.213253e-05 / 6.962101e-01
PCG: 2 : 6.052832e-05 / 5.130785e-01
PCG: 0 : 6.052828e-05
PCG: 1 : 8.097356e-05 / 1.337781e+00
PCG: 2 : 1.149082e-04 / 1.898422e+00
PCG: 0 : 1.149082e-04
PCG: 1 : 7.997438e-05 / 6.959848e-01
PCG: 2 : 5.894336e-05 / 5.129604e-01
PCG: 0 : 5.894334e-05
PCG: 1 : 7.884148e-05 / 1.337581e+00
PCG: 2 : 1.119004e-04 / 1.898441e+00
PCG: 0 : 1.119004e-04
PCG: 1 : 7.787259e-05 / 6.959096e-01
PCG: 2 : 5.738092e-05 / 5.127855e-01
PCG: 0 : 5.738093e-05
PCG: 1 : 7.675683e-05 / 1.337671e+00
PCG: 2 : 1.089853e-04 / 1.899330e+00
PCG: 0 : 1.089853e-04
PCG: 1 : 7.583153e-05 / 6.957963e-01
PCG: 2 : 5.588945e-05 / 5.128167e-01
PCG: 0 : 5.588942e-05
PCG: 1 : 7.476188e-05 / 1.337675e+00
PCG: 2 : 1.061249e-04 / 1.898837e+00
PCG: 0 : 1.061249e-04
PCG: 1 : 7.382059e-05 / 6.956010e-01
PCG: 2 : 5.437980e-05 / 5.124132e-01
PCG: 0 : 5.437981e-05
PCG: 1 : 7.277035e-05 / 1.338187e+00
PCG: 2 : 1.034322e-04 / 1.902034e+00
PCG: 0 : 1.034322e-04
PCG: 1 : 7.188098e-05 / 6.949577e-01
PCG: 2 : 5.295346e-05 / 5.119632e-01
PCG: 0 : 5.295344e-05
PCG: 1 : 7.088373e-05 / 1.338605e+00
PCG: 2 : 1.007833e-04 / 1.903244e+00
PCG: 0 : 1.007833e-04
PCG: 1 : 6.999861e-05 / 6.945456e-01
PCG: 2 : 5.156395e-05 / 5.116317e-01
PCG: 0 : 5.156397e-05
PCG: 1 : 6.902840e-05 / 1.338695e+00
PCG: 2 : 9.814043e-05 / 1.903275e+00
PCG: 0 : 9.814042e-05
PCG: 1 : 6.815080e-05 / 6.944214e-01
PCG: 2 : 5.018419e-05 / 5.113509e-01
PCG: 0 : 5.018422e-05
PCG: 1 : 6.719089e-05 / 1.338885e+00
PCG: 2 : 9.556986e-05 / 1.904381e+00
PCG: 0 : 9.556986e-05
PCG: 1 : 6.636761e-05 / 6.944408e-01
PCG: 2 : 4.885828e-05 / 5.112311e-01
PCG: 0 : 4.885831e-05
PCG: 1 : 6.545035e-05 / 1.339595e+00
PCG: 2 : 9.313278e-05 / 1.906181e+00
PCG: 0 : 9.313276e-05
PCG: 1 : 6.461369e-05 / 6.937805e-01
PCG: 2 : 4.752205e-05 / 5.102614e-01
PCG: 0 : 4.752203e-05
PCG: 1 : 6.370588e-05 / 1.340555e+00
PCG: 2 : 9.080786e-05 / 1.910858e+00
PCG: 0 : 9.080784e-05
PCG: 1 : 6.290594e-05 / 6.927369e-01
PCG: 2 : 4.624136e-05 / 5.092221e-01
PCG: 0 : 4.624135e-05
PCG: 1 : 6.203429e-05 / 1.341533e+00
PCG: 2 : 8.855507e-05 / 1.915062e+00
PCG: 0 : 8.855505e-05
PCG: 1 : 6.126426e-05 / 6.918212e-01
PCG: 2 : 4.501684e-05 / 5.083486e-01
PCG: 0 : 4.501682e-05
PCG: 1 : 6.041627e-05 / 1.342082e+00
PCG: 2 : 8.629286e-05 / 1.916903e+00
PCG: 0 : 8.629290e-05
PCG: 1 : 5.967019e-05 / 6.914843e-01
PCG: 2 : 4.385638e-05 / 5.082269e-01
PCG: 0 : 4.385638e-05
PCG: 1 : 5.882540e-05 / 1.341319e+00
PCG: 2 : 8.401940e-05 / 1.915785e+00
PCG: 0 : 8.401943e-05
PCG: 1 : 5.810364e-05 / 6.915500e-01
PCG: 2 : 4.270301e-05 / 5.082515e-01
PCG: 0 : 4.270304e-05
PCG: 1 : 5.728426e-05 / 1.341456e+00
PCG: 2 : 8.183776e-05 / 1.916439e+00
PCG: 0 : 8.183774e-05
PCG: 1 : 5.658492e-05 / 6.914281e-01
PCG: 2 : 4.159008e-05 / 5.082017e-01
PCG: 0 : 4.159008e-05
PCG: 1 : 5.578495e-05 / 1.341304e+00
PCG: 2 : 7.969894e-05 / 1.916297e+00
PCG: 0 : 7.969895e-05
PCG: 1 : 5.508700e-05 / 6.911885e-01
PCG: 2 : 4.047875e-05 / 5.078956e-01
PCG: 0 : 4.047875e-05
PCG: 1 : 5.431403e-05 / 1.341791e+00
PCG: 2 : 7.765921e-05 / 1.918518e+00
PCG: 0 : 7.765921e-05
PCG: 1 : 5.366024e-05 / 6.909708e-01
PCG: 2 : 3.943466e-05 / 5.077912e-01
PCG: 0 : 3.943463e-05
PCG: 1 : 5.290008e-05 / 1.341462e+00
PCG: 2 : 7.560178e-05 / 1.917142e+00
PCG: 0 : 7.560179e-05
PCG: 1 : 5.223603e-05 / 6.909364e-01
PCG: 2 : 3.837566e-05 / 5.076026e-01
PCG: 0 : 3.837567e-05
PCG: 1 : 5.150937e-05 / 1.342240e+00
PCG: 2 : 7.368043e-05 / 1.919978e+00
PCG: 0 : 7.368041e-05
PCG: 1 : 5.083934e-05 / 6.899980e-01
PCG: 2 : 3.733172e-05 / 5.066708e-01
PCG: 0 : 3.733170e-05
PCG: 1 : 5.013018e-05 / 1.342831e+00
PCG: 2 : 7.179949e-05 / 1.923285e+00
PCG: 0 : 7.179949e-05
PCG: 1 : 4.951043e-05 / 6.895652e-01
PCG: 2 : 3.634638e-05 / 5.062205e-01
PCG: 0 : 3.634640e-05
PCG: 1 : 4.881538e-05 / 1.343060e+00
PCG: 2 : 6.993478e-05 / 1.924119e+00
PCG: 0 : 6.993479e-05
PCG: 1 : 4.821439e-05 / 6.894192e-01
PCG: 2 : 3.540748e-05 / 5.062927e-01
PCG: 0 : 3.540748e-05
PCG: 1 : 4.754273e-05 / 1.342731e+00
PCG: 2 : 6.807701e-05 / 1.922673e+00
PCG: 0 : 6.807702e-05
PCG: 1 : 4.694914e-05 / 6.896474e-01
PCG: 2 : 3.445575e-05 / 5.061289e-01
PCG: 0 : 3.445574e-05
PCG: 1 : 4.629222e-05 / 1.343527e+00
PCG: 2 : 6.632270e-05 / 1.924866e+00
PCG: 0 : 6.632269e-05
PCG: 1 : 4.571565e-05 / 6.892912e-01
PCG: 2 : 3.353152e-05 / 5.055814e-01
PCG: 0 : 3.353152e-05
PCG: 1 : 4.507184e-05 / 1.344163e+00
PCG: 2 : 6.464540e-05 / 1.927899e+00
PCG: 0 : 6.464541e-05
PCG: 1 : 4.452142e-05 / 6.887020e-01
PCG: 2 : 3.264328e-05 / 5.049590e-01
PCG: 0 : 3.264327e-05
PCG: 1 : 4.390571e-05 / 1.345016e+00
PCG: 2 : 6.301875e-05 / 1.930528e+00
PCG: 0 : 6.301878e-05
PCG: 1 : 4.335964e-05 / 6.880431e-01
PCG: 2 : 3.178799e-05 / 5.044209e-01
PCG: 0 : 3.178800e-05
PCG: 1 : 4.276470e-05 / 1.345309e+00
PCG: 2 : 6.139262e-05 / 1.931314e+00
PCG: 0 : 6.139262e-05
PCG: 1 : 4.220865e-05 / 6.875200e-01
PCG: 2 : 3.091726e-05 / 5.035990e-01
PCG: 0 : 3.091727e-05
PCG: 1 : 4.161674e-05 / 1.346068e+00
PCG: 2 : 5.987362e-05 / 1.936575e+00
PCG: 0 : 5.987362e-05
PCG: 1 : 4.109264e-05 / 6.863231e-01
PCG: 2 : 3.009391e-05 / 5.026239e-01
PCG: 0 : 3.009390e-05
PCG: 1 : 4.051538e-05 / 1.346299e+00
PCG: 2 : 5.834897e-05 / 1.938897e+00
PCG: 0 : 5.834896e-05
PCG: 1 : 3.999528e-05 / 6.854498e-01
PCG: 2 : 2.928103e-05 / 5.018260e-01
PCG: 0 : 2.928103e-05
PCG: 1 : 3.943627e-05 / 1.346820e+00
PCG: 2 : 5.685829e-05 / 1.941813e+00
PCG: 0 : 5.685829e-05
PCG: 1 : 3.895222e-05 / 6.850755e-01
PCG: 2 : 2.850989e-05 / 5.014200e-01
PCG: 0 : 2.850989e-05
PCG: 1 : 3.840156e-05 / 1.346956e+00
PCG: 2 : 5.538706e-05 / 1.942731e+00
PCG: 0 : 5.538707e-05
PCG: 1 : 3.795009e-05 / 6.851795e-01
PCG: 2 : 2.779662e-05 / 5.018612e-01
PCG: 0 : 2.779662e-05
PCG: 1 : 3.742191e-05 / 1.346276e+00
PCG: 2 : 5.387028e-05 / 1.938016e+00
PCG: 0 : 5.387028e-05
PCG: 1 : 3.695823e-05 / 6.860597e-01
PCG: 2 : 2.707100e-05 / 5.025221e-01
PCG: 0 : 2.707100e-05
PCG: 1 : 3.643995e-05 / 1.346088e+00
PCG: 2 : 5.244600e-05 / 1.937350e+00
PCG: 0 : 5.244600e-05
PCG: 1 : 3.598262e-05 / 6.860889e-01
PCG: 2 : 2.635298e-05 / 5.024784e-01
PCG: 0 : 2.635299e-05
PCG: 1 : 3.547638e-05 / 1.346200e+00
PCG: 2 : 5.108794e-05 / 1.938601e+00
PCG: 0 : 5.108793e-05
PCG: 1 : 3.503251e-05 / 6.857296e-01
PCG: 2 : 2.565470e-05 / 5.021676e-01
PCG: 0 : 2.565472e-05
PCG: 1 : 3.454241e-05 / 1.346435e+00
PCG: 2 : 4.975804e-05 / 1.939527e+00
PCG: 0 : 4.975803e-05
PCG: 1 : 3.410980e-05 / 6.855134e-01
PCG: 2 : 2.496397e-05 / 5.017073e-01
PCG: 0 : 2.496398e-05
PCG: 1 : 3.362877e-05 / 1.347091e+00
PCG: 2 : 4.848343e-05 / 1.942135e+00
PCG: 0 : 4.848342e-05
PCG: 1 : 3.320451e-05 / 6.848631e-01
PCG: 2 : 2.429143e-05 / 5.010256e-01
PCG: 0 : 2.429143e-05
PCG: 1 : 3.274010e-05 / 1.347804e+00
PCG: 2 : 4.724541e-05 / 1.944942e+00
PCG: 0 : 4.724542e-05
PCG: 1 : 3.233274e-05 / 6.843570e-01
PCG: 2 : 2.363806e-05 / 5.003250e-01
PCG: 0 : 2.363805e-05
PCG: 1 : 3.188067e-05 / 1.348701e+00
PCG: 2 : 4.605646e-05 / 1.948403e+00
PCG: 0 : 4.605645e-05
PCG: 1 : 3.148407e-05 / 6.835975e-01
PCG: 2 : 2.301748e-05 / 4.997668e-01
PCG: 0 : 2.301748e-05
PCG: 1 : 3.104918e-05 / 1.348939e+00
PCG: 2 : 4.487109e-05 / 1.949435e+00
PCG: 0 : 4.487109e-05
PCG: 1 : 3.066057e-05 / 6.833034e-01
PCG: 2 : 2.240683e-05 / 4.993601e-01
PCG: 0 : 2.240682e-05
PCG: 1 : 3.023579e-05 / 1.349401e+00
PCG: 2 : 4.373038e-05 / 1.951655e+00
PCG: 0 : 4.373038e-05
PCG: 1 : 2.983122e-05 / 6.821624e-01
PCG: 2 : 2.177206e-05 / 4.978705e-01
PCG: 0 : 2.177207e-05
PCG: 1 : 2.941508e-05 / 1.351046e+00
PCG: 2 : 4.270038e-05 / 1.961246e+00
PCG: 0 : 4.270038e-05
PCG: 1 : 2.903239e-05 / 6.799094e-01
PCG: 2 : 2.117362e-05 / 4.958647e-01
PCG: 0 : 2.117362e-05
PCG: 1 : 2.862573e-05 / 1.351953e+00
PCG: 2 : 4.163796e-05 / 1.966502e+00
PCG: 0 : 4.163794e-05
PCG: 1 : 2.826089e-05 / 6.787292e-01
PCG: 2 : 2.060294e-05 / 4.948116e-01
PCG: 0 : 2.060295e-05
PCG: 1 : 2.786150e-05 / 1.352307e+00
PCG: 2 : 4.056882e-05 / 1.969079e+00
PCG: 0 : 4.056883e-05
PCG: 1 : 2.752325e-05 / 6.784333e-01
PCG: 2 : 2.007946e-05 / 4.949480e-01
PCG: 0 : 2.007947e-05
PCG: 1 : 2.713905e-05 / 1.351582e+00
PCG: 2 : 3.947283e-05 / 1.965830e+00
PCG: 0 : 3.947282e-05
PCG: 1 : 2.680963e-05 / 6.791922e-01
PCG: 2 : 1.956415e-05 / 4.956359e-01
PCG: 0 : 1.956415e-05
PCG: 1 : 2.643196e-05 / 1.351040e+00
PCG: 2 : 3.841587e-05 / 1.963585e+00
PCG: 0 : 3.841586e-05
PCG: 1 : 2.611698e-05 / 6.798489e-01
PCG: 2 : 1.907044e-05 / 4.964209e-01
PCG: 0 : 1.907044e-05
PCG: 1 : 2.575125e-05 / 1.350323e+00
PCG: 2 : 3.736150e-05 / 1.959131e+00
PCG: 0 : 3.736151e-05
PCG: 1 : 2.542769e-05 / 6.805851e-01
PCG: 2 : 1.856131e-05 / 4.968031e-01
PCG: 0 : 1.856131e-05
PCG: 1 : 2.506706e-05 / 1.350500e+00
PCG: 2 : 3.639419e-05 / 1.960755e+00
PCG: 0 : 3.639419e-05
PCG: 1 : 2.475869e-05 / 6.802925e-01
PCG: 2 : 1.806806e-05 / 4.964547e-01
PCG: 0 : 1.806806e-05
PCG: 1 : 2.440512e-05 / 1.350733e+00
PCG: 2 : 3.545560e-05 / 1.962336e+00
PCG: 0 : 3.545561e-05
PCG: 1 : 2.410130e-05 / 6.797600e-01
PCG: 2 : 1.758053e-05 / 4.958463e-01
PCG: 0 : 1.758054e-05
PCG: 1 : 2.375574e-05 / 1.351252e+00
PCG: 2 : 3.455044e-05 / 1.965266e+00
PCG: 0 : 3.455045e-05
PCG: 1 : 2.346211e-05 / 6.790681e-01
PCG: 2 : 1.710653e-05 / 4.951173e-01
PCG: 0 : 1.710653e-05
PCG: 1 : 2.313805e-05 / 1.352586e+00
PCG: 2 : 3.367304e-05 / 1.968432e+00
PCG: 0 : 3.367305e-05
PCG: 1 : 2.284228e-05 / 6.783549e-01
PCG: 2 : 1.664396e-05 / 4.942815e-01
PCG: 0 : 1.664396e-05
PCG: 1 : 2.252459e-05 / 1.353319e+00
PCG: 2 : 3.282751e-05 / 1.972337e+00
PCG: 0 : 3.282750e-05
PCG: 1 : 2.223619e-05 / 6.773646e-01
PCG: 2 : 1.619222e-05 / 4.932518e-01
PCG: 0 : 1.619222e-05
PCG: 1 : 2.192574e-05 / 1.354091e+00
PCG: 2 : 3.200128e-05 / 1.976337e+00
PCG: 0 : 3.200128e-05
PCG: 1 : 2.164852e-05 / 6.764892e-01
PCG: 2 : 1.575952e-05 / 4.924652e-01
PCG: 0 : 1.575952e-05
PCG: 1 : 2.134842e-05 / 1.354637e+00
PCG: 2 : 3.119817e-05 / 1.979640e+00
PCG: 0 : 3.119815e-05
PCG: 1 : 2.107358e-05 / 6.754753e-01
PCG: 2 : 1.532799e-05 / 4.913108e-01
PCG: 0 : 1.532798e-05
PCG: 1 : 2.077772e-05 / 1.355542e+00
PCG: 2 : 3.042456e-05 / 1.984903e+00
PCG: 0 : 3.042456e-05
PCG: 1 : 2.050702e-05 / 6.740283e-01
PCG: 2 : 1.490283e-05 / 4.898289e-01
PCG: 0 : 1.490283e-05
PCG: 1 : 2.021894e-05 / 1.356718e+00
PCG: 2 : 2.968019e-05 / 1.991581e+00
PCG: 0 : 2.968018e-05
PCG: 1 : 1.995896e-05 / 6.724675e-01
PCG: 2 : 1.449784e-05 / 4.884688e-01
PCG: 0 : 1.449785e-05
PCG: 1 : 1.968101e-05 / 1.357513e+00
PCG: 2 : 2.892716e-05 / 1.995273e+00
PCG: 0 : 2.892716e-05
PCG: 1 : 1.943234e-05 / 6.717680e-01
PCG: 2 : 1.412016e-05 / 4.881282e-01
PCG: 0 : 1.412017e-05
PCG: 1 : 1.916482e-05 / 1.357266e+00
PCG: 2 : 2.816357e-05 / 1.994564e+00
PCG: 0 : 2.816357e-05
PCG: 1 : 1.891999e-05 / 6.717895e-01
PCG: 2 : 1.374256e-05 / 4.879554e-01
PCG: 0 : 1.374256e-05
PCG: 1 : 1.864961e-05 / 1.357069e+00
PCG: 2 : 2.742051e-05 / 1.995298e+00
PCG: 0 : 2.742051e-05
PCG: 1 : 1.842873e-05 / 6.720783e-01
PCG: 2 : 1.339277e-05 / 4.884217e-01
PCG: 0 : 1.339277e-05
PCG: 1 : 1.817014e-05 / 1.356712e+00
PCG: 2 : 2.668584e-05 / 1.992555e+00
PCG: 0 : 2.668584e-05
PCG: 1 : 1.793597e-05 / 6.721158e-01
PCG: 2 : 1.302409e-05 / 4.880526e-01
PCG: 0 : 1.302409e-05
PCG: 1 : 1.767933e-05 / 1.357433e+00
PCG: 2 : 2.601568e-05 / 1.997504e+00
PCG: 0 : 2.601569e-05
PCG: 1 : 1.745997e-05 / 6.711323e-01
PCG: 2 : 1.267190e-05 / 4.870867e-01
PCG: 0 : 1.267190e-05
PCG: 1 : 1.721014e-05 / 1.358134e+00
PCG: 2 : 2.535824e-05 / 2.001140e+00
PCG: 0 : 2.535825e-05
PCG: 1 : 1.699042e-05 / 6.700154e-01
PCG: 2 : 1.232568e-05 / 4.860620e-01
PCG: 0 : 1.232568e-05
PCG: 1 : 1.675062e-05 / 1.359002e+00
PCG: 2 : 2.471457e-05 / 2.005129e+00
PCG: 0 : 2.471457e-05
PCG: 1 : 1.653590e-05 / 6.690750e-01
PCG: 2 : 1.198899e-05 / 4.850982e-01
PCG: 0 : 1.198899e-05
PCG: 1 : 1.630500e-05 / 1.359998e+00
PCG: 2 : 2.408885e-05 / 2.009247e+00
PCG: 0 : 2.408885e-05
PCG: 1 : 1.609700e-05 / 6.682346e-01
PCG: 2 : 1.166485e-05 / 4.842427e-01
PCG: 0 : 1.166485e-05
PCG: 1 : 1.587151e-05 / 1.360627e+00
PCG: 2 : 2.348024e-05 / 2.012906e+00
PCG: 0 : 2.348024e-05
PCG: 1 : 1.566480e-05 / 6.671480e-01
PCG: 2 : 1.133491e-05 / 4.827424e-01
PCG: 0 : 1.133492e-05
PCG: 1 : 1.544713e-05 / 1.362792e+00
PCG: 2 : 2.291992e-05 / 2.022063e+00
PCG: 0 : 2.291992e-05
PCG: 1 : 1.524730e-05 / 6.652426e-01
PCG: 2 : 1.102066e-05 / 4.808333e-01
PCG: 0 : 1.102067e-05
PCG: 1 : 1.503300e-05 / 1.364074e+00
PCG: 2 : 2.236393e-05 / 2.029272e+00
PCG: 0 : 2.236394e-05
PCG: 1 : 1.484037e-05 / 6.635848e-01
PCG: 2 : 1.072108e-05 / 4.793915e-01
PCG: 0 : 1.072109e-05
PCG: 1 : 1.462937e-05 / 1.364541e+00
PCG: 2 : 2.180826e-05 / 2.034145e+00
PCG: 0 : 2.180825e-05
PCG: 1 : 1.444362e-05 / 6.623006e-01
PCG: 2 : 1.042992e-05 / 4.782558e-01
PCG: 0 : 1.042993e-05
PCG: 1 : 1.424027e-05 / 1.365328e+00
PCG: 2 : 2.125397e-05 / 2.037787e+00
PCG: 0 : 2.125397e-05
PCG: 1 : 1.405755e-05 / 6.614083e-01
PCG: 2 : 1.014676e-05 / 4.774053e-01
PCG: 0 : 1.014676e-05
PCG: 1 : 1.386125e-05 / 1.366076e+00
PCG: 2 : 2.071307e-05 / 2.041347e+00
PCG: 0 : 2.071307e-05
PCG: 1 : 1.368643e-05 / 6.607630e-01
PCG: 2 : 9.881831e-06 / 4.770819e-01
PCG: 0 : 9.881827e-06
PCG: 1 : 1.349557e-05 / 1.365696e+00
PCG: 2 : 2.016226e-05 / 2.040338e+00
PCG: 0 : 2.016226e-05
PCG: 1 : 1.332258e-05 / 6.607684e-01
PCG: 2 : 9.615518e-06 / 4.769067e-01
PCG: 0 : 9.615515e-06
PCG: 1 : 1.313769e-05 / 1.366302e+00
PCG: 2 : 1.964405e-05 / 2.042953e+00
PCG: 0 : 1.964405e-05
PCG: 1 : 1.297084e-05 / 6.602935e-01
PCG: 2 : 9.357414e-06 / 4.763486e-01
PCG: 0 : 9.357410e-06
PCG: 1 : 1.278948e-05 / 1.366775e+00
PCG: 2 : 1.913406e-05 / 2.044803e+00
PCG: 0 : 1.913406e-05
PCG: 1 : 1.262671e-05 / 6.599079e-01
PCG: 2 : 9.103122e-06 / 4.757550e-01
PCG: 0 : 9.103120e-06
PCG: 1 : 1.244465e-05 / 1.367076e+00
PCG: 2 : 1.864627e-05 / 2.048338e+00
PCG: 0 : 1.864627e-05
PCG: 1 : 1.229218e-05 / 6.592301e-01
PCG: 2 : 8.861582e-06 / 4.752468e-01
PCG: 0 : 8.861583e-06
PCG: 1 : 1.211605e-05 / 1.367256e+00
PCG: 2 : 1.815641e-05 / 2.048891e+00
PCG: 0 : 1.815641e-05
PCG: 1 : 1.196575e-05 / 6.590371e-01
PCG: 2 : 8.627050e-06 / 4.751517e-01
PCG: 0 : 8.627054e-06
PCG: 1 : 1.179471e-05 / 1.367177e+00
PCG: 2 : 1.767969e-05 / 2.049331e+00
PCG: 0 : 1.767969e-05
PCG: 1 : 1.164884e-05 / 6.588825e-01
PCG: 2 : 8.396038e-06 / 4.748974e-01
PCG: 0 : 8.396035e-06
PCG: 1 : 1.148607e-05 / 1.368035e+00
PCG: 2 : 1.722399e-05 / 2.051443e+00
PCG: 0 : 1.722399e-05
PCG: 1 : 1.133933e-05 / 6.583455e-01
PCG: 2 : 8.166793e-06 / 4.741523e-01
PCG: 0 : 8.166791e-06
PCG: 1 : 1.118111e-05 / 1.369094e+00
PCG: 2 : 1.679199e-05 / 2.056131e+00
PCG: 0 : 1.679200e-05
PCG: 1 : 1.104015e-05 / 6.574650e-01
PCG: 2 : 7.949044e-06 / 4.733829e-01
PCG: 0 : 7.949045e-06
PCG: 1 : 1.088596e-05 / 1.369467e+00
PCG: 2 : 1.635495e-05 / 2.057474e+00
PCG: 0 : 1.635496e-05
PCG: 1 : 1.075100e-05 / 6.573546e-01
PCG: 2 : 7.738536e-06 / 4.731615e-01
PCG: 0 : 7.738532e-06
PCG: 1 : 1.059972e-05 / 1.369733e+00
PCG: 2 : 1.593978e-05 / 2.059794e+00
PCG: 0 : 1.593978e-05
PCG: 1 : 1.046251e-05 / 6.563775e-01
PCG: 2 : 7.527809e-06 / 4.722656e-01
PCG: 0 : 7.527809e-06
PCG: 1 : 1.031575e-05 / 1.370352e+00
PCG: 2 : 1.553780e-05 / 2.064054e+00
PCG: 0 : 1.553779e-05
PCG: 1 : 1.018462e-05 / 6.554742e-01
PCG: 2 : 7.323478e-06 / 4.713332e-01
PCG: 0 : 7.323477e-06
PCG: 1 : 1.004041e-05 / 1.370990e+00
PCG: 2 : 1.514384e-05 / 2.067849e+00
PCG: 0 : 1.514384e-05
PCG: 1 : 9.911623e-06 / 6.544985e-01
PCG: 2 : 7.123984e-06 / 4.704211e-01
PCG: 0 : 7.123984e-06
PCG: 1 : 9.772065e-06 / 1.371713e+00
PCG: 2 : 1.475953e-05 / 2.071809e+00
PCG: 0 : 1.475953e-05
PCG: 1 : 9.646416e-06 / 6.535721e-01
PCG: 2 : 6.931061e-06 / 4.695991e-01
PCG: 0 : 6.931062e-06
PCG: 1 : 9.511305e-06 / 1.372272e+00
PCG: 2 : 1.438287e-05 / 2.075132e+00
PCG: 0 : 1.438286e-05
PCG: 1 : 9.387448e-06 / 6.526830e-01
PCG: 2 : 6.740525e-06 / 4.686498e-01
PCG: 0 : 6.740527e-06
PCG: 1 : 9.254836e-06 / 1.373014e+00
PCG: 2 : 1.401681e-05 / 2.079483e+00
PCG: 0 : 1.401681e-05
PCG: 1 : 9.141721e-06 / 6.521971e-01
PCG: 2 : 6.562449e-06 / 4.681843e-01
PCG: 0 : 6.562445e-06
PCG: 1 : 9.011016e-06 / 1.373119e+00
PCG: 2 : 1.364711e-05 / 2.079577e+00
PCG: 0 : 1.364711e-05
PCG: 1 : 8.898628e-06 / 6.520522e-01
PCG: 2 : 6.387951e-06 / 4.680808e-01
PCG: 0 : 6.387949e-06
PCG: 1 : 8.772178e-06 / 1.373239e+00
PCG: 2 : 1.328864e-05 / 2.080267e+00
PCG: 0 : 1.328865e-05
PCG: 1 : 8.663684e-06 / 6.519613e-01
PCG: 2 : 6.216845e-06 / 4.678313e-01
PCG: 0 : 6.216843e-06
PCG: 1 : 8.541482e-06 / 1.373926e+00
PCG: 2 : 1.294691e-05 / 2.082554e+00
PCG: 0 : 1.294691e-05
PCG: 1 : 8.431164e-06 / 6.512107e-01
PCG: 2 : 6.048946e-06 / 4.672117e-01
PCG: 0 : 6.048948e-06
PCG: 1 : 8.311865e-06 / 1.374101e+00
PCG: 2 : 1.260841e-05 / 2.084398e+00
PCG: 0 : 1.260842e-05
PCG: 1 : 8.205324e-06 / 6.507816e-01
PCG: 2 : 5.881878e-06 / 4.665042e-01
PCG: 0 : 5.881880e-06
PCG: 1 : 8.089255e-06 / 1.375284e+00
PCG: 2 : 1.229514e-05 / 2.090341e+00
PCG: 0 : 1.229514e-05
PCG: 1 : 7.984686e-06 / 6.494179e-01
PCG: 2 : 5.719038e-06 / 4.651462e-01
PCG: 0 : 5.719039e-06
PCG: 1 : 7.870864e-06 / 1.376256e+00
PCG: 2 : 1.199086e-05 / 2.096657e+00
PCG: 0 : 1.199086e-05
PCG: 1 : 7.774962e-06 / 6.484074e-01
PCG: 2 : 5.569726e-06 / 4.644977e-01
PCG: 0 : 5.569725e-06
PCG: 1 : 7.668029e-06 / 1.376734e+00
PCG: 2 : 1.167132e-05 / 2.095493e+00
PCG: 0 : 1.167132e-05
PCG: 1 : 7.568781e-06 / 6.484939e-01
PCG: 2 : 5.418724e-06 / 4.642769e-01
PCG: 0 : 5.418723e-06
PCG: 1 : 7.460666e-06 / 1.376831e+00
PCG: 2 : 1.137929e-05 / 2.099995e+00
PCG: 0 : 1.137929e-05
PCG: 1 : 7.365750e-06 / 6.472941e-01
PCG: 2 : 5.269899e-06 / 4.631130e-01
PCG: 0 : 5.269898e-06
PCG: 1 : 7.260632e-06 / 1.377756e+00
PCG: 2 : 1.109573e-05 / 2.105491e+00
PCG: 0 : 1.109573e-05
PCG: 1 : 7.166983e-06 / 6.459229e-01
PCG: 2 : 5.123717e-06 / 4.617739e-01
PCG: 0 : 5.123715e-06
PCG: 1 : 7.063907e-06 / 1.378669e+00
PCG: 2 : 1.081921e-05 / 2.111595e+00
PCG: 0 : 1.081921e-05
PCG: 1 : 6.974939e-06 / 6.446807e-01
PCG: 2 : 4.984112e-06 / 4.606723e-01
PCG: 0 : 4.984112e-06
PCG: 1 : 6.874896e-06 / 1.379362e+00
PCG: 2 : 1.054400e-05 / 2.115522e+00
PCG: 0 : 1.054400e-05
PCG: 1 : 6.787819e-06 / 6.437616e-01
PCG: 2 : 4.849579e-06 / 4.599375e-01
PCG: 0 : 4.849577e-06
PCG: 1 : 6.691107e-06 / 1.379730e+00
PCG: 2 : 1.027301e-05 / 2.118331e+00
PCG: 0 : 1.027301e-05
PCG: 1 : 6.607168e-06 / 6.431581e-01
PCG: 2 : 4.719231e-06 / 4.593817e-01
PCG: 0 : 4.719229e-06
PCG: 1 : 6.512135e-06 / 1.379915e+00
PCG: 2 : 1.000295e-05 / 2.119614e+00
PCG: 0 : 1.000294e-05
PCG: 1 : 6.431561e-06 / 6.429669e-01
PCG: 2 : 4.591714e-06 / 4.590363e-01
PCG: 0 : 4.591716e-06
PCG: 1 : 6.338596e-06 / 1.380441e+00
PCG: 2 : 9.746394e-06 / 2.122604e+00
PCG: 0 : 9.746392e-06
PCG: 1 : 6.260513e-06 / 6.423416e-01
PCG: 2 : 4.469281e-06 / 4.585575e-01
PCG: 0 : 4.469282e-06
PCG: 1 : 6.169201e-06 / 1.380356e+00
PCG: 2 : 9.488423e-06 / 2.123030e+00
PCG: 0 : 9.488424e-06
PCG: 1 : 6.092620e-06 / 6.421108e-01
PCG: 2 : 4.350073e-06 / 4.584611e-01
PCG: 0 : 4.350074e-06
PCG: 1 : 6.006534e-06 / 1.380789e+00
PCG: 2 : 9.240971e-06 / 2.124325e+00
PCG: 0 : 9.240975e-06
PCG: 1 : 5.932320e-06 / 6.419582e-01
PCG: 2 : 4.236337e-06 / 4.584296e-01
PCG: 0 : 4.236337e-06
PCG: 1 : 5.847099e-06 / 1.380225e+00
PCG: 2 : 8.992644e-06 / 2.122741e+00
PCG: 0 : 8.992647e-06
PCG: 1 : 5.774131e-06 / 6.420947e-01
PCG: 2 : 4.121202e-06 / 4.582857e-01
PCG: 0 : 4.121200e-06
PCG: 1 : 5.692971e-06 / 1.381387e+00
PCG: 2 : 8.766095e-06 / 2.127073e+00
PCG: 0 : 8.766096e-06
PCG: 1 : 5.619484e-06 / 6.410476e-01
PCG: 2 : 4.007073e-06 / 4.571103e-01
PCG: 0 : 4.007070e-06
PCG: 1 : 5.540923e-06 / 1.382787e+00
PCG: 2 : 8.544334e-06 / 2.132314e+00
PCG: 0 : 8.544334e-06
PCG: 1 : 5.471240e-06 / 6.403354e-01
PCG: 2 : 3.901780e-06 / 4.566511e-01
PCG: 0 : 3.901780e-06
PCG: 1 : 5.395653e-06 / 1.382870e+00
PCG: 2 : 8.318631e-06 / 2.132009e+00
PCG: 0 : 8.318631e-06
PCG: 1 : 5.326669e-06 / 6.403300e-01
PCG: 2 : 3.797966e-06 / 4.565615e-01
PCG: 0 : 3.797965e-06
PCG: 1 : 5.251030e-06 / 1.382590e+00
PCG: 2 : 8.106545e-06 / 2.134444e+00
PCG: 0 : 8.106544e-06
PCG: 1 : 5.184119e-06 / 6.394981e-01
PCG: 2 : 3.694037e-06 / 4.556858e-01
PCG: 0 : 3.694037e-06
PCG: 1 : 5.110358e-06 / 1.383407e+00
PCG: 2 : 7.901748e-06 / 2.139055e+00
PCG: 0 : 7.901747e-06
PCG: 1 : 5.044100e-06 / 6.383525e-01
PCG: 2 : 3.590568e-06 / 4.544018e-01
PCG: 0 : 3.590568e-06
PCG: 1 : 4.971547e-06 / 1.384613e+00
PCG: 2 : 7.707397e-06 / 2.146568e+00
PCG: 0 : 7.707396e-06
PCG: 1 : 4.907395e-06 / 6.367124e-01
PCG: 2 : 3.491311e-06 / 4.529819e-01
PCG: 0 : 3.491310e-06
PCG: 1 : 4.836890e-06 / 1.385408e+00
PCG: 2 : 7.514064e-06 / 2.152219e+00
PCG: 0 : 7.514063e-06
PCG: 1 : 4.775899e-06 / 6.355948e-01
PCG: 2 : 3.397371e-06 / 4.521350e-01
PCG: 0 : 3.397370e-06
PCG: 1 : 4.707631e-06 / 1.385669e+00
PCG: 2 : 7.317974e-06 / 2.154011e+00
PCG: 0 : 7.317973e-06
PCG: 1 : 4.648925e-06 / 6.352751e-01
PCG: 2 : 3.306672e-06 / 4.518563e-01
PCG: 0 : 3.306672e-06
PCG: 1 : 4.583023e-06 / 1.385993e+00
PCG: 2 : 7.125805e-06 / 2.154978e+00
PCG: 0 : 7.125804e-06
PCG: 1 : 4.524878e-06 / 6.349989e-01
PCG: 2 : 3.217207e-06 / 4.514868e-01
PCG: 0 : 3.217206e-06
PCG: 1 : 4.459900e-06 / 1.386265e+00
PCG: 2 : 6.940430e-06 / 2.157285e+00
PCG: 0 : 6.940430e-06
PCG: 1 : 4.403370e-06 / 6.344521e-01
PCG: 2 : 3.130232e-06 / 4.510141e-01
PCG: 0 : 3.130231e-06
PCG: 1 : 4.340327e-06 / 1.386584e+00
PCG: 2 : 6.760588e-06 / 2.159773e+00
PCG: 0 : 6.760587e-06
PCG: 1 : 4.285642e-06 / 6.339157e-01
PCG: 2 : 3.045619e-06 / 4.504963e-01
PCG: 0 : 3.045620e-06
PCG: 1 : 4.224891e-06 / 1.387202e+00
PCG: 2 : 6.586440e-06 / 2.162594e+00
PCG: 0 : 6.586439e-06
PCG: 1 : 4.171713e-06 / 6.333792e-01
PCG: 2 : 2.964725e-06 / 4.501256e-01
PCG: 0 : 2.964724e-06
PCG: 1 : 4.112252e-06 / 1.387061e+00
PCG: 2 : 6.411389e-06 / 2.162559e+00
PCG: 0 : 6.411389e-06
PCG: 1 : 4.059790e-06 / 6.332153e-01
PCG: 2 : 2.884337e-06 / 4.498771e-01
PCG: 0 : 2.884337e-06
PCG: 1 : 4.002464e-06 / 1.387655e+00
PCG: 2 : 6.246249e-06 / 2.165575e+00
PCG: 0 : 6.246251e-06
PCG: 1 : 3.952461e-06 / 6.327733e-01
PCG: 2 : 2.808669e-06 / 4.496568e-01
PCG: 0 : 2.808669e-06
PCG: 1 : 3.897653e-06 / 1.387722e+00
PCG: 2 : 6.078831e-06 / 2.164310e+00
PCG: 0 : 6.078832e-06
PCG: 1 : 3.848565e-06 / 6.331093e-01
PCG: 2 : 2.733428e-06 / 4.496634e-01
PCG: 0 : 2.733429e-06
PCG: 1 : 3.794343e-06 / 1.388125e+00
PCG: 2 : 5.921809e-06 / 2.166439e+00
PCG: 0 : 5.921809e-06
PCG: 1 : 3.746158e-06 / 6.326037e-01
PCG: 2 : 2.660949e-06 / 4.493473e-01
PCG: 0 : 2.660949e-06
PCG: 1 : 3.693395e-06 / 1.387999e+00
PCG: 2 : 5.769697e-06 / 2.168286e+00
PCG: 0 : 5.769697e-06
PCG: 1 : 3.645941e-06 / 6.319121e-01
PCG: 2 : 2.587897e-06 / 4.485326e-01
PCG: 0 : 2.587899e-06
PCG: 1 : 3.593895e-06 / 1.388731e+00
PCG: 2 : 5.623438e-06 / 2.172975e+00
PCG: 0 : 5.623438e-06
PCG: 1 : 3.547795e-06 / 6.308943e-01
PCG: 2 : 2.516327e-06 / 4.474713e-01
PCG: 0 : 2.516328e-06
PCG: 1 : 3.496561e-06 / 1.389549e+00
PCG: 2 : 5.482537e-06 / 2.178785e+00
PCG: 0 : 5.482536e-06
PCG: 1 : 3.452070e-06 / 6.296484e-01
PCG: 2 : 2.447127e-06 / 4.463495e-01
PCG: 0 : 2.447126e-06
PCG: 1 : 3.402738e-06 / 1.390504e+00
PCG: 2 : 5.344447e-06 / 2.183969e+00
PCG: 0 : 5.344449e-06
PCG: 1 : 3.358891e-06 / 6.284822e-01
PCG: 2 : 2.381767e-06 / 4.456525e-01
PCG: 0 : 2.381767e-06
PCG: 1 : 3.310926e-06 / 1.390113e+00
PCG: 2 : 5.201863e-06 / 2.184035e+00
PCG: 0 : 5.201863e-06
PCG: 1 : 3.271396e-06 / 6.288893e-01
PCG: 2 : 2.320597e-06 / 4.461088e-01
PCG: 0 : 2.320596e-06
PCG: 1 : 3.223871e-06 / 1.389242e+00
PCG: 2 : 5.059480e-06 / 2.180250e+00
PCG: 0 : 5.059480e-06
PCG: 1 : 3.184839e-06 / 6.294795e-01
PCG: 2 : 2.259267e-06 / 4.465412e-01
PCG: 0 : 2.259266e-06
PCG: 1 : 3.139408e-06 / 1.389570e+00
PCG: 2 : 4.926565e-06 / 2.180605e+00
PCG: 0 : 4.926565e-06
PCG: 1 : 3.098915e-06 / 6.290213e-01
PCG: 2 : 2.196838e-06 / 4.459167e-01
PCG: 0 : 2.196836e-06
PCG: 1 : 3.054503e-06 / 1.390410e+00
PCG: 2 : 4.801067e-06 / 2.185446e+00
PCG: 0 : 4.801067e-06
PCG: 1 : 3.017006e-06 / 6.284034e-01
PCG: 2 : 2.139419e-06 / 4.456133e-01
PCG: 0 : 2.139420e-06
PCG: 1 : 2.973744e-06 / 1.389977e+00
PCG: 2 : 4.670472e-06 / 2.183055e+00
PCG: 0 : 4.670474e-06
PCG: 1 : 2.936712e-06 / 6.287825e-01
PCG: 2 : 2.083259e-06 / 4.460488e-01
PCG: 0 : 2.083259e-06
PCG: 1 : 2.895415e-06 / 1.389849e+00
PCG: 2 : 4.547710e-06 / 2.182978e+00
PCG: 0 : 4.547709e-06
PCG: 1 : 2.857609e-06 / 6.283624e-01
PCG: 2 : 2.026128e-06 / 4.455273e-01
PCG: 0 : 2.026129e-06
PCG: 1 : 2.817121e-06 / 1.390396e+00
PCG: 2 : 4.429571e-06 / 2.186224e+00
PCG: 0 : 4.429573e-06
PCG: 1 : 2.782107e-06 / 6.280758e-01
PCG: 2 : 1.973110e-06 / 4.454404e-01
PCG: 0 : 1.973111e-06
PCG: 1 : 2.744064e-06 / 1.390730e+00
PCG: 2 : 4.313280e-06 / 2.186031e+00
PCG: 0 : 4.313281e-06
PCG: 1 : 2.708573e-06 / 6.279612e-01
PCG: 2 : 1.919080e-06 / 4.449236e-01
PCG: 0 : 1.919081e-06
PCG: 1 : 2.670567e-06 / 1.391586e+00
PCG: 2 : 4.202947e-06 / 2.190083e+00
PCG: 0 : 4.202946e-06
PCG: 1 : 2.636101e-06 / 6.272033e-01
PCG: 2 : 1.867157e-06 / 4.442495e-01
PCG: 0 : 1.867158e-06
PCG: 1 : 2.598634e-06 / 1.391759e+00
PCG: 2 : 4.096074e-06 / 2.193748e+00
PCG: 0 : 4.096074e-06
PCG: 1 : 2.564905e-06 / 6.261863e-01
PCG: 2 : 1.815508e-06 / 4.432311e-01
PCG: 0 : 1.815508e-06
PCG: 1 : 2.527786e-06 / 1.392330e+00
PCG: 2 : 3.991706e-06 / 2.198672e+00
PCG: 0 : 3.991705e-06
PCG: 1 : 2.496345e-06 / 6.253832e-01
PCG: 2 : 1.766950e-06 / 4.426555e-01
PCG: 0 : 1.766950e-06
PCG: 1 : 2.460490e-06 / 1.392507e+00
PCG: 2 : 3.887839e-06 / 2.200311e+00
PCG: 0 : 3.887838e-06
PCG: 1 : 2.429565e-06 / 6.249143e-01
PCG: 2 : 1.719601e-06 / 4.423026e-01
PCG: 0 : 1.719600e-06
PCG: 1 : 2.394750e-06 / 1.392620e+00
PCG: 2 : 3.785909e-06 / 2.201622e+00
PCG: 0 : 3.785909e-06
PCG: 1 : 2.365323e-06 / 6.247701e-01
PCG: 2 : 1.674546e-06 / 4.423102e-01
PCG: 0 : 1.674546e-06
PCG: 1 : 2.331326e-06 / 1.392214e+00
PCG: 2 : 3.684674e-06 / 2.200402e+00
PCG: 0 : 3.684673e-06
PCG: 1 : 2.301862e-06 / 6.247125e-01
PCG: 2 : 1.629263e-06 / 4.421729e-01
PCG: 0 : 1.629263e-06
PCG: 1 : 2.268755e-06 / 1.392504e+00
PCG: 2 : 3.588998e-06 / 2.202835e+00
PCG: 0 : 3.588997e-06
PCG: 1 : 2.240925e-06 / 6.243876e-01
PCG: 2 : 1.586225e-06 / 4.419688e-01
PCG: 0 : 1.586226e-06
PCG: 1 : 2.209166e-06 / 1.392719e+00
PCG: 2 : 3.493982e-06 / 2.202702e+00
PCG: 0 : 3.493982e-06
PCG: 1 : 2.181574e-06 / 6.243804e-01
PCG: 2 : 1.543851e-06 / 4.418599e-01
PCG: 0 : 1.543850e-06
PCG: 1 : 2.150401e-06 / 1.392882e+00
PCG: 2 : 3.400990e-06 / 2.202928e+00
PCG: 0 : 3.400991e-06
PCG: 1 : 2.123193e-06 / 6.242867e-01
PCG: 2 : 1.502326e-06 / 4.417318e-01
PCG: 0 : 1.502326e-06
PCG: 1 : 2.092667e-06 / 1.392951e+00
PCG: 2 : 3.312008e-06 / 2.204586e+00
PCG: 0 : 3.312007e-06
PCG: 1 : 2.066174e-06 / 6.238437e-01
PCG: 2 : 1.462449e-06 / 4.415598e-01
PCG: 0 : 1.462448e-06
PCG: 1 : 2.037098e-06 / 1.392937e+00
PCG: 2 : 3.223796e-06 / 2.204383e+00
PCG: 0 : 3.223798e-06
PCG: 1 : 2.010559e-06 / 6.236615e-01
PCG: 2 : 1.422433e-06 / 4.412291e-01
PCG: 0 : 1.422433e-06
PCG: 1 : 1.982207e-06 / 1.393533e+00
PCG: 2 : 3.141741e-06 / 2.208709e+00
PCG: 0 : 3.141741e-06
PCG: 1 : 1.957416e-06 / 6.230355e-01
PCG: 2 : 1.385268e-06 / 4.409238e-01
PCG: 0 : 1.385268e-06
PCG: 1 : 1.930511e-06 / 1.393601e+00
PCG: 2 : 3.057876e-06 / 2.207425e+00
PCG: 0 : 3.057876e-06
PCG: 1 : 1.906085e-06 / 6.233361e-01
PCG: 2 : 1.348671e-06 / 4.410481e-01
PCG: 0 : 1.348670e-06
PCG: 1 : 1.879317e-06 / 1.393459e+00
PCG: 2 : 2.976900e-06 / 2.207285e+00
PCG: 0 : 2.976899e-06
PCG: 1 : 1.855338e-06 / 6.232451e-01
PCG: 2 : 1.312852e-06 / 4.410132e-01
PCG: 0 : 1.312853e-06
PCG: 1 : 1.829114e-06 / 1.393236e+00
PCG: 2 : 2.898753e-06 / 2.207981e+00
PCG: 0 : 2.898754e-06
PCG: 1 : 1.805446e-06 / 6.228353e-01
PCG: 2 : 1.276191e-06 / 4.402549e-01
PCG: 0 : 1.276191e-06
PCG: 1 : 1.778895e-06 / 1.393910e+00
PCG: 2 : 2.825791e-06 / 2.214239e+00
PCG: 0 : 2.825790e-06
PCG: 1 : 1.756820e-06 / 6.217094e-01
PCG: 2 : 1.241795e-06 / 4.394504e-01
PCG: 0 : 1.241795e-06
PCG: 1 : 1.731793e-06 / 1.394589e+00
PCG: 2 : 2.753241e-06 / 2.217147e+00
PCG: 0 : 2.753240e-06
PCG: 1 : 1.710102e-06 / 6.211234e-01
PCG: 2 : 1.208963e-06 / 4.391055e-01
PCG: 0 : 1.208962e-06
PCG: 1 : 1.685648e-06 / 1.394294e+00
PCG: 2 : 2.680324e-06 / 2.217045e+00
PCG: 0 : 2.680324e-06
PCG: 1 : 1.664877e-06 / 6.211478e-01
PCG: 2 : 1.176913e-06 / 4.390937e-01
PCG: 0 : 1.176914e-06
PCG: 1 : 1.640862e-06 / 1.394207e+00
PCG: 2 : 2.608651e-06 / 2.216517e+00
PCG: 0 : 2.608650e-06
PCG: 1 : 1.620394e-06 / 6.211619e-01
PCG: 2 : 1.145112e-06 / 4.389673e-01
PCG: 0 : 1.145112e-06
PCG: 1 : 1.596854e-06 / 1.394496e+00
PCG: 2 : 2.540753e-06 / 2.218781e+00
PCG: 0 : 2.540752e-06
PCG: 1 : 1.576954e-06 / 6.206644e-01
PCG: 2 : 1.114570e-06 / 4.386773e-01
PCG: 0 : 1.114570e-06
PCG: 1 : 1.554265e-06 / 1.394498e+00
PCG: 2 : 2.473515e-06 / 2.219255e+00
PCG: 0 : 2.473515e-06
PCG: 1 : 1.535178e-06 / 6.206462e-01
PCG: 2 : 1.085348e-06 / 4.387875e-01
PCG: 0 : 1.085348e-06
PCG: 1 : 1.513243e-06 / 1.394247e+00
PCG: 2 : 2.406734e-06 / 2.217477e+00
PCG: 0 : 2.406734e-06
PCG: 1 : 1.494579e-06 / 6.209989e-01
PCG: 2 : 1.057214e-06 / 4.392735e-01
PCG: 0 : 1.057214e-06
PCG: 1 : 1.473584e-06 / 1.393837e+00
PCG: 2 : 2.341203e-06 / 2.214502e+00
PCG: 0 : 2.341202e-06
PCG: 1 : 1.454898e-06 / 6.214322e-01
PCG: 2 : 1.029520e-06 / 4.397398e-01
PCG: 0 : 1.029519e-06
PCG: 1 : 1.434723e-06 / 1.393585e+00
PCG: 2 : 2.278435e-06 / 2.213105e+00
PCG: 0 : 2.278434e-06
PCG: 1 : 1.415896e-06 / 6.214339e-01
PCG: 2 : 1.000816e-06 / 4.392560e-01
PCG: 0 : 1.000816e-06
PCG: 1 : 1.395665e-06 / 1.394527e+00
PCG: 2 : 2.220803e-06 / 2.218993e+00
PCG: 0 : 2.220803e-06
PCG: 1 : 1.378912e-06 / 6.209067e-01
PCG: 2 : 9.753061e-07 / 4.391682e-01
PCG: 0 : 9.753061e-07
PCG: 1 : 1.359801e-06 / 1.394230e+00
PCG: 2 : 2.160366e-06 / 2.215064e+00
PCG: 0 : 2.160366e-06
PCG: 1 : 1.342522e-06 / 6.214325e-01
PCG: 2 : 9.493318e-07 / 4.394310e-01
PCG: 0 : 9.493317e-07
PCG: 1 : 1.323538e-06 / 1.394179e+00
PCG: 2 : 2.103012e-06 / 2.215255e+00
PCG: 0 : 2.103012e-06
PCG: 1 : 1.306767e-06 / 6.213789e-01
PCG: 2 : 9.239069e-07 / 4.393255e-01
PCG: 0 : 9.239064e-07
PCG: 1 : 1.288207e-06 / 1.394305e+00
PCG: 2 : 2.048384e-06 / 2.217091e+00
PCG: 0 : 2.048384e-06
PCG: 1 : 1.271644e-06 / 6.208037e-01
PCG: 2 : 8.987457e-07 / 4.387584e-01
PCG: 0 : 8.987464e-07
PCG: 1 : 1.253425e-06 / 1.394637e+00
PCG: 2 : 1.996221e-06 / 2.221118e+00
PCG: 0 : 1.996221e-06
PCG: 1 : 1.238053e-06 / 6.201984e-01
PCG: 2 : 8.753101e-07 / 4.384835e-01
PCG: 0 : 8.753102e-07
PCG: 1 : 1.220707e-06 / 1.394599e+00
PCG: 2 : 1.943004e-06 / 2.219789e+00
PCG: 0 : 1.943004e-06
PCG: 1 : 1.205189e-06 / 6.202711e-01
PCG: 2 : 8.518538e-07 / 4.384211e-01
PCG: 0 : 8.518538e-07
PCG: 1 : 1.187785e-06 / 1.394353e+00
PCG: 2 : 1.891735e-06 / 2.220727e+00
PCG: 0 : 1.891735e-06
PCG: 1 : 1.173413e-06 / 6.202841e-01
PCG: 2 : 8.296880e-07 / 4.385858e-01
PCG: 0 : 8.296879e-07
PCG: 1 : 1.156508e-06 / 1.393908e+00
PCG: 2 : 1.840168e-06 / 2.217904e+00
PCG: 0 : 1.840168e-06
PCG: 1 : 1.142349e-06 / 6.207851e-01
PCG: 2 : 8.077627e-07 / 4.389614e-01
PCG: 0 : 8.077625e-07
PCG: 1 : 1.125849e-06 / 1.393787e+00
PCG: 2 : 1.790920e-06 / 2.217137e+00
PCG: 0 : 1.790919e-06
PCG: 1 : 1.112292e-06 / 6.210732e-01
PCG: 2 : 7.866750e-07 / 4.392576e-01
PCG: 0 : 7.866746e-07
PCG: 1 : 1.095984e-06 / 1.393186e+00
PCG: 2 : 1.742154e-06 / 2.214581e+00
PCG: 0 : 1.742154e-06
PCG: 1 : 1.082894e-06 / 6.215833e-01
PCG: 2 : 7.666363e-07 / 4.400508e-01
PCG: 0 : 7.666359e-07
PCG: 1 : 1.067479e-06 / 1.392420e+00
PCG: 2 : 1.693930e-06 / 2.209563e+00
PCG: 0 : 1.693930e-06
PCG: 1 : 1.054190e-06 / 6.223340e-01
PCG: 2 : 7.464401e-07 / 4.406558e-01
PCG: 0 : 7.464398e-07
PCG: 1 : 1.039174e-06 / 1.392173e+00
PCG: 2 : 1.648758e-06 / 2.208829e+00
PCG: 0 : 1.648757e-06
PCG: 1 : 1.026385e-06 / 6.225202e-01
PCG: 2 : 7.269980e-07 / 4.409370e-01
PCG: 0 : 7.269977e-07
PCG: 1 : 1.011784e-06 / 1.391729e+00
PCG: 2 : 1.604287e-06 / 2.206730e+00
PCG: 0 : 1.604287e-06
PCG: 1 : 9.989780e-07 / 6.226926e-01
PCG: 2 : 7.077236e-07 / 4.411452e-01
PCG: 0 : 7.077234e-07
PCG: 1 : 9.851058e-07 / 1.391936e+00
PCG: 2 : 1.561902e-06 / 2.206938e+00
PCG: 0 : 1.561902e-06
PCG: 1 : 9.731583e-07 / 6.230600e-01
PCG: 2 : 6.896756e-07 / 4.415615e-01
PCG: 0 : 6.896757e-07
PCG: 1 : 9.595640e-07 / 1.391326e+00
PCG: 2 : 1.518762e-06 / 2.202139e+00
PCG: 0 : 1.518762e-06
PCG: 1 : 9.475154e-07 / 6.238735e-01
PCG: 2 : 6.711149e-07 / 4.418829e-01
PCG: 0 : 6.711149e-07
PCG: 1 : 9.339385e-07 / 1.391622e+00
PCG: 2 : 1.479361e-06 / 2.204333e+00
PCG: 0 : 1.479361e-06
PCG: 1 : 9.224569e-07 / 6.235510e-01
PCG: 2 : 6.534477e-07 / 4.417095e-01
PCG: 0 : 6.534478e-07
PCG: 1 : 9.092827e-07 / 1.391515e+00
PCG: 2 : 1.440126e-06 / 2.203889e+00
PCG: 0 : 1.440126e-06
PCG: 1 : 8.981091e-07 / 6.236324e-01
PCG: 2 : 6.364481e-07 / 4.419392e-01
PCG: 0 : 6.364480e-07
PCG: 1 : 8.852529e-07 / 1.390927e+00
PCG: 2 : 1.401498e-06 / 2.202063e+00
PCG: 0 : 1.401498e-06
PCG: 1 : 8.745086e-07 / 6.239814e-01
PCG: 2 : 6.199976e-07 / 4.423822e-01
PCG: 0 : 6.199976e-07
PCG: 1 : 8.619922e-07 / 1.390316e+00
PCG: 2 : 1.363970e-06 / 2.199960e+00
PCG: 0 : 1.363971e-06
PCG: 1 : 8.511267e-07 / 6.240066e-01
PCG: 2 : 6.032404e-07 / 4.422679e-01
PCG: 0 : 6.032402e-07
PCG: 1 : 8.389345e-07 / 1.390714e+00
PCG: 2 : 1.328376e-06 / 2.202068e+00
PCG: 0 : 1.328376e-06
PCG: 1 : 8.286087e-07 / 6.237758e-01
PCG: 2 : 5.875423e-07 / 4.423012e-01
PCG: 0 : 5.875420e-07
PCG: 1 : 8.166624e-07 / 1.389964e+00
PCG: 2 : 1.292346e-06 / 2.199580e+00
PCG: 0 : 1.292346e-06
PCG: 1 : 8.066592e-07 / 6.241821e-01
PCG: 2 : 5.718612e-07 / 4.424986e-01
PCG: 0 : 5.718614e-07
PCG: 1 : 7.947268e-07 / 1.389719e+00
PCG: 2 : 1.257729e-06 / 2.199359e+00
PCG: 0 : 1.257728e-06
PCG: 1 : 7.854314e-07 / 6.244841e-01
PCG: 2 : 5.574271e-07 / 4.432015e-01
PCG: 0 : 5.574271e-07
PCG: 1 : 7.742885e-07 / 1.389040e+00
PCG: 2 : 1.222928e-06 / 2.193880e+00
PCG: 0 : 1.222928e-06
PCG: 1 : 7.646846e-07 / 6.252898e-01
PCG: 2 : 5.429941e-07 / 4.440114e-01
PCG: 0 : 5.429940e-07
PCG: 1 : 7.537895e-07 / 1.388210e+00
PCG: 2 : 1.189460e-06 / 2.190559e+00
PCG: 0 : 1.189460e-06
PCG: 1 : 7.446182e-07 / 6.260137e-01
PCG: 2 : 5.290615e-07 / 4.447914e-01
PCG: 0 : 5.290617e-07
PCG: 1 : 7.341763e-07 / 1.387695e+00
PCG: 2 : 1.156988e-06 / 2.186868e+00
PCG: 0 : 1.156988e-06
PCG: 1 : 7.249328e-07 / 6.265691e-01
PCG: 2 : 5.149523e-07 / 4.450801e-01
PCG: 0 : 5.149520e-07
PCG: 1 : 7.147169e-07 / 1.387929e+00
PCG: 2 : 1.126363e-06 / 2.187316e+00
PCG: 0 : 1.126362e-06
PCG: 1 : 7.059523e-07 / 6.267541e-01
PCG: 2 : 5.017175e-07 / 4.454317e-01
PCG: 0 : 5.017174e-07
PCG: 1 : 6.961300e-07 / 1.387494e+00
PCG: 2 : 1.095846e-06 / 2.184189e+00
PCG: 0 : 1.095845e-06
PCG: 1 : 6.873141e-07 / 6.271998e-01
PCG: 2 : 4.881596e-07 / 4.454640e-01
PCG: 0 : 4.881594e-07
PCG: 1 : 6.775730e-07 / 1.388016e+00
PCG: 2 : 1.067443e-06 / 2.186669e+00
PCG: 0 : 1.067443e-06
PCG: 1 : 6.693165e-07 / 6.270280e-01
PCG: 2 : 4.756365e-07 / 4.455850e-01
PCG: 0 : 4.756365e-07
PCG: 1 : 6.597982e-07 / 1.387190e+00
PCG: 2 : 1.038333e-06 / 2.183039e+00
PCG: 0 : 1.038332e-06
PCG: 1 : 6.519654e-07 / 6.278966e-01
PCG: 2 : 4.634392e-07 / 4.463302e-01
PCG: 0 : 4.634392e-07
PCG: 1 : 6.425925e-07 / 1.386573e+00
PCG: 2 : 1.010235e-06 / 2.179864e+00
PCG: 0 : 1.010235e-06
PCG: 1 : 6.345904e-07 / 6.281614e-01
PCG: 2 : 4.511020e-07 / 4.465319e-01
PCG: 0 : 4.511019e-07
PCG: 1 : 6.253162e-07 / 1.386197e+00
PCG: 2 : 9.838640e-07 / 2.181024e+00
PCG: 0 : 9.838641e-07
PCG: 1 : 6.178096e-07 / 6.279420e-01
PCG: 2 : 4.393451e-07 / 4.465506e-01
PCG: 0 : 4.393451e-07
PCG: 1 : 6.089402e-07 / 1.386018e+00
PCG: 2 : 9.575433e-07 / 2.179479e+00
PCG: 0 : 9.575426e-07
PCG: 1 : 6.014582e-07 / 6.281268e-01
PCG: 2 : 4.276412e-07 / 4.466028e-01
PCG: 0 : 4.276411e-07
PCG: 1 : 5.927769e-07 / 1.386155e+00
PCG: 2 : 9.323648e-07 / 2.180250e+00
PCG: 0 : 9.323649e-07
PCG: 1 : 5.856330e-07 / 6.281157e-01
PCG: 2 : 4.165550e-07 / 4.467725e-01
PCG: 0 : 4.165549e-07
PCG: 1 : 5.770555e-07 / 1.385305e+00
PCG: 2 : 9.066158e-07 / 2.176462e+00
PCG: 0 : 9.066159e-07
PCG: 1 : 5.700263e-07 / 6.287407e-01
PCG: 2 : 4.056080e-07 / 4.473868e-01
PCG: 0 : 4.056082e-07
PCG: 1 : 5.617950e-07 / 1.385068e+00
PCG: 2 : 8.821622e-07 / 2.174912e+00
PCG: 0 : 8.821626e-07
PCG: 1 : 5.550339e-07 / 6.291742e-01
PCG: 2 : 3.953005e-07 / 4.481039e-01
PCG: 0 : 3.953006e-07
PCG: 1 : 5.472053e-07 / 1.384276e+00
PCG: 2 : 8.579587e-07 / 2.170396e+00
PCG: 0 : 8.579586e-07
PCG: 1 : 5.406080e-07 / 6.301096e-01
PCG: 2 : 3.854780e-07 / 4.492967e-01
PCG: 0 : 3.854779e-07
PCG: 1 : 5.330977e-07 / 1.382953e+00
PCG: 2 : 8.337879e-07 / 2.162998e+00
PCG: 0 : 8.337880e-07
PCG: 1 : 5.265154e-07 / 6.314740e-01
PCG: 2 : 3.753831e-07 / 4.502141e-01
PCG: 0 : 3.753829e-07
PCG: 1 : 5.190219e-07 / 1.382647e+00
PCG: 2 : 8.112382e-07 / 2.161095e+00
PCG: 0 : 8.112380e-07
PCG: 1 : 5.127539e-07 / 6.320634e-01
PCG: 2 : 3.656810e-07 / 4.507691e-01
PCG: 0 : 3.656812e-07
PCG: 1 : 5.055664e-07 / 1.382533e+00
PCG: 2 : 7.895116e-07 / 2.159016e+00
PCG: 0 : 7.895115e-07
PCG: 1 : 4.993692e-07 / 6.325040e-01
PCG: 2 : 3.562626e-07 / 4.512444e-01
PCG: 0 : 3.562626e-07
PCG: 1 : 4.923492e-07 / 1.381984e+00
PCG: 2 : 7.676102e-07 / 2.154619e+00
PCG: 0 : 7.676103e-07
PCG: 1 : 4.864232e-07 / 6.336851e-01
PCG: 2 : 3.472025e-07 / 4.523161e-01
PCG: 0 : 3.472027e-07
PCG: 1 : 4.796289e-07 / 1.381409e+00
PCG: 2 : 7.468150e-07 / 2.150948e+00
PCG: 0 : 7.468150e-07
PCG: 1 : 4.737381e-07 / 6.343446e-01
PCG: 2 : 3.380316e-07 / 4.526309e-01
PCG: 0 : 3.380316e-07
PCG: 1 : 4.669376e-07 / 1.381343e+00
PCG: 2 : 7.271761e-07 / 2.151208e+00
PCG: 0 : 7.271762e-07
PCG: 1 : 4.612750e-07 / 6.343374e-01
PCG: 2 : 3.293291e-07 / 4.528876e-01
PCG: 0 : 3.293292e-07
PCG: 1 : 4.546557e-07 / 1.380551e+00
PCG: 2 : 7.078337e-07 / 2.149320e+00
PCG: 0 : 7.078337e-07
PCG: 1 : 4.489414e-07 / 6.342470e-01
PCG: 2 : 3.204328e-07 / 4.526950e-01
PCG: 0 : 3.204328e-07
PCG: 1 : 4.424835e-07 / 1.380893e+00
PCG: 2 : 6.896404e-07 / 2.152215e+00
PCG: 0 : 6.896402e-07
PCG: 1 : 4.370692e-07 / 6.337641e-01
PCG: 2 : 3.118525e-07 / 4.521959e-01
PCG: 0 : 3.118524e-07
PCG: 1 : 4.306973e-07 / 1.381093e+00
PCG: 2 : 6.715439e-07 / 2.153403e+00
PCG: 0 : 6.715438e-07
PCG: 1 : 4.253813e-07 / 6.334379e-01
PCG: 2 : 3.035604e-07 / 4.520336e-01
PCG: 0 : 3.035605e-07
PCG: 1 : 4.192532e-07 / 1.381119e+00
PCG: 2 : 6.539011e-07 / 2.154105e+00
PCG: 0 : 6.539008e-07
PCG: 1 : 4.140458e-07 / 6.331936e-01
PCG: 2 : 2.955121e-07 / 4.519219e-01
PCG: 0 : 2.955121e-07
PCG: 1 : 4.081832e-07 / 1.381274e+00
PCG: 2 : 6.365134e-07 / 2.153934e+00
PCG: 0 : 6.365137e-07
PCG: 1 : 4.030784e-07 / 6.332596e-01
PCG: 2 : 2.877561e-07 / 4.520815e-01
PCG: 0 : 2.877560e-07
PCG: 1 : 3.973336e-07 / 1.380800e+00
PCG: 2 : 6.192898e-07 / 2.152136e+00
PCG: 0 : 6.192899e-07
PCG: 1 : 3.926516e-07 / 6.340353e-01
PCG: 2 : 2.805965e-07 / 4.530939e-01
PCG: 0 : 2.805967e-07
PCG: 1 : 3.871055e-07 / 1.379580e+00
PCG: 2 : 6.018170e-07 / 2.144776e+00
PCG: 0 : 6.018170e-07
PCG: 1 : 3.823024e-07 / 6.352470e-01
PCG: 2 : 2.732729e-07 / 4.540797e-01
PCG: 0 : 2.732729e-07
PCG: 1 : 3.768716e-07 / 1.379103e+00
PCG: 2 : 5.856620e-07 / 2.143140e+00
PCG: 0 : 5.856620e-07
PCG: 1 : 3.721105e-07 / 6.353673e-01
PCG: 2 : 2.658394e-07 / 4.539126e-01
PCG: 0 : 2.658394e-07
PCG: 1 : 3.667705e-07 / 1.379670e+00
PCG: 2 : 5.705681e-07 / 2.146289e+00
PCG: 0 : 5.705682e-07
PCG: 1 : 3.623323e-07 / 6.350377e-01
PCG: 2 : 2.590100e-07 / 4.539509e-01
PCG: 0 : 2.590099e-07
PCG: 1 : 3.572100e-07 / 1.379137e+00
PCG: 2 : 5.550264e-07 / 2.142877e+00
PCG: 0 : 5.550261e-07
PCG: 1 : 3.528007e-07 / 6.356470e-01
PCG: 2 : 2.522056e-07 / 4.544031e-01
PCG: 0 : 2.522056e-07
PCG: 1 : 3.478515e-07 / 1.379238e+00
PCG: 2 : 5.402047e-07 / 2.141922e+00
PCG: 0 : 5.402047e-07
PCG: 1 : 3.436123e-07 / 6.360780e-01
PCG: 2 : 2.457036e-07 / 4.548343e-01
PCG: 0 : 2.457036e-07
PCG: 1 : 3.388550e-07 / 1.379121e+00
PCG: 2 : 5.257078e-07 / 2.139602e+00
PCG: 0 : 5.257079e-07
PCG: 1 : 3.347276e-07 / 6.367179e-01
PCG: 2 : 2.394062e-07 / 4.553978e-01
PCG: 0 : 2.394063e-07
PCG: 1 : 3.300109e-07 / 1.378456e+00
PCG: 2 : 5.115571e-07 / 2.136774e+00
PCG: 0 : 5.115574e-07
PCG: 1 : 3.258621e-07 / 6.370000e-01
PCG: 2 : 2.330065e-07 / 4.554845e-01
PCG: 0 : 2.330065e-07
PCG: 1 : 3.211198e-07 / 1.378158e+00
PCG: 2 : 4.982838e-07 / 2.138497e+00
PCG: 0 : 4.982836e-07
PCG: 1 : 3.172176e-07 / 6.366207e-01
PCG: 2 : 2.267629e-07 / 4.550882e-01
PCG: 0 : 2.267629e-07
PCG: 1 : 3.126116e-07 / 1.378584e+00
PCG: 2 : 4.853821e-07 / 2.140484e+00
PCG: 0 : 4.853821e-07
PCG: 1 : 3.087881e-07 / 6.361753e-01
PCG: 2 : 2.207939e-07 / 4.548867e-01
PCG: 0 : 2.207939e-07
PCG: 1 : 3.043258e-07 / 1.378325e+00
PCG: 2 : 4.724046e-07 / 2.139572e+00
PCG: 0 : 4.724046e-07
PCG: 1 : 3.007205e-07 / 6.365741e-01
PCG: 2 : 2.151628e-07 / 4.554628e-01
PCG: 0 : 2.151628e-07
PCG: 1 : 2.963932e-07 / 1.377530e+00
PCG: 2 : 4.595579e-07 / 2.135862e+00
PCG: 0 : 4.595580e-07
PCG: 1 : 2.927981e-07 / 6.371297e-01
PCG: 2 : 2.096100e-07 / 4.561123e-01
PCG: 0 : 2.096102e-07
PCG: 1 : 2.886307e-07 / 1.376988e+00
PCG: 2 : 4.469671e-07 / 2.132373e+00
PCG: 0 : 4.469671e-07
PCG: 1 : 2.850557e-07 / 6.377555e-01
PCG: 2 : 2.041238e-07 / 4.566863e-01
PCG: 0 : 2.041237e-07
PCG: 1 : 2.810152e-07 / 1.376691e+00
PCG: 2 : 4.350148e-07 / 2.131133e+00
PCG: 0 : 4.350149e-07
PCG: 1 : 2.775282e-07 / 6.379740e-01
PCG: 2 : 1.986697e-07 / 4.566963e-01
PCG: 0 : 1.986698e-07
PCG: 1 : 2.735455e-07 / 1.376885e+00
PCG: 2 : 4.236037e-07 / 2.132200e+00
PCG: 0 : 4.236039e-07
PCG: 1 : 2.701115e-07 / 6.376512e-01
PCG: 2 : 1.934458e-07 / 4.566666e-01
PCG: 0 : 1.934459e-07
PCG: 1 : 2.663191e-07 / 1.376711e+00
PCG: 2 : 4.122357e-07 / 2.131013e+00
PCG: 0 : 4.122356e-07
PCG: 1 : 2.630621e-07 / 6.381354e-01
PCG: 2 : 1.884127e-07 / 4.570511e-01
PCG: 0 : 1.884128e-07
PCG: 1 : 2.593178e-07 / 1.376328e+00
PCG: 2 : 4.010203e-07 / 2.128413e+00
PCG: 0 : 4.010202e-07
PCG: 1 : 2.560606e-07 / 6.385229e-01
PCG: 2 : 1.833706e-07 / 4.572602e-01
PCG: 0 : 1.833707e-07
PCG: 1 : 2.524149e-07 / 1.376529e+00
PCG: 2 : 3.906322e-07 / 2.130287e+00
PCG: 0 : 3.906321e-07
PCG: 1 : 2.492076e-07 / 6.379598e-01
PCG: 2 : 1.783739e-07 / 4.566289e-01
PCG: 0 : 1.783739e-07
PCG: 1 : 2.457342e-07 / 1.377635e+00
PCG: 2 : 3.807046e-07 / 2.134307e+00
PCG: 0 : 3.807045e-07
PCG: 1 : 2.426253e-07 / 6.373060e-01
PCG: 2 : 1.735459e-07 / 4.558545e-01
PCG: 0 : 1.735459e-07
PCG: 1 : 2.392147e-07 / 1.378394e+00
PCG: 2 : 3.709935e-07 / 2.137725e+00
PCG: 0 : 3.709936e-07
PCG: 1 : 2.362194e-07 / 6.367210e-01
PCG: 2 : 1.688966e-07 / 4.552547e-01
PCG: 0 : 1.688966e-07
PCG: 1 : 2.328230e-07 / 1.378495e+00
PCG: 2 : 3.614387e-07 / 2.140000e+00
PCG: 0 : 3.614387e-07
PCG: 1 : 2.298782e-07 / 6.360087e-01
PCG: 2 : 1.643458e-07 / 4.546990e-01
PCG: 0 : 1.643458e-07
PCG: 1 : 2.265395e-07 / 1.378432e+00
PCG: 2 : 3.520609e-07 / 2.142195e+00
PCG: 0 : 3.520610e-07
PCG: 1 : 2.237827e-07 / 6.356362e-01
PCG: 2 : 1.599885e-07 / 4.544342e-01
PCG: 0 : 1.599886e-07
PCG: 1 : 2.205489e-07 / 1.378529e+00
PCG: 2 : 3.428819e-07 / 2.143164e+00
PCG: 0 : 3.428819e-07
PCG: 1 : 2.179071e-07 / 6.355164e-01
PCG: 2 : 1.558192e-07 / 4.544398e-01
PCG: 0 : 1.558193e-07
PCG: 1 : 2.147515e-07 / 1.378209e+00
PCG: 2 : 3.337468e-07 / 2.141884e+00
PCG: 0 : 3.337467e-07
PCG: 1 : 2.121821e-07 / 6.357580e-01
PCG: 2 : 1.518980e-07 / 4.551297e-01
PCG: 0 : 1.518980e-07
PCG: 1 : 2.091387e-07 / 1.376836e+00
PCG: 2 : 3.243272e-07 / 2.135164e+00
PCG: 0 : 3.243271e-07
PCG: 1 : 2.066748e-07 / 6.372418e-01
PCG: 2 : 1.480445e-07 / 4.564665e-01
PCG: 0 : 1.480445e-07
PCG: 1 : 2.037135e-07 / 1.376029e+00
PCG: 2 : 3.154491e-07 / 2.130772e+00
PCG: 0 : 3.154491e-07
PCG: 1 : 2.011999e-07 / 6.378202e-01
PCG: 2 : 1.441724e-07 / 4.570386e-01
PCG: 0 : 1.441724e-07
PCG: 1 : 1.983546e-07 / 1.375815e+00
PCG: 2 : 3.069798e-07 / 2.129255e+00
PCG: 0 : 3.069798e-07
PCG: 1 : 1.959290e-07 / 6.382474e-01
PCG: 2 : 1.403816e-07 / 4.572991e-01
PCG: 0 : 1.403816e-07
PCG: 1 : 1.931104e-07 / 1.375611e+00
PCG: 2 : 2.987256e-07 / 2.127954e+00
PCG: 0 : 2.987255e-07
PCG: 1 : 1.907169e-07 / 6.384353e-01
PCG: 2 : 1.366417e-07 / 4.574155e-01
PCG: 0 : 1.366416e-07
PCG: 1 : 1.879563e-07 / 1.375543e+00
PCG: 2 : 2.908120e-07 / 2.128284e+00
PCG: 0 : 2.908120e-07
PCG: 1 : 1.856695e-07 / 6.384521e-01
PCG: 2 : 1.330622e-07 / 4.575540e-01
PCG: 0 : 1.330623e-07
PCG: 1 : 1.830049e-07 / 1.375333e+00
PCG: 2 : 2.830231e-07 / 2.126997e+00
PCG: 0 : 2.830232e-07
PCG: 1 : 1.807112e-07 / 6.385030e-01
PCG: 2 : 1.294707e-07 / 4.574561e-01
PCG: 0 : 1.294708e-07
PCG: 1 : 1.781283e-07 / 1.375818e+00
PCG: 2 : 2.757804e-07 / 2.130059e+00
PCG: 0 : 2.757804e-07
PCG: 1 : 1.759300e-07 / 6.379351e-01
PCG: 2 : 1.260024e-07 / 4.568941e-01
PCG: 0 : 1.260023e-07
PCG: 1 : 1.734628e-07 / 1.376663e+00
PCG: 2 : 2.685329e-07 / 2.131174e+00
PCG: 0 : 2.685328e-07
PCG: 1 : 1.713600e-07 / 6.381341e-01
PCG: 2 : 1.228127e-07 / 4.573469e-01
PCG: 0 : 1.228126e-07
PCG: 1 : 1.690146e-07 / 1.376199e+00
PCG: 2 : 2.612287e-07 / 2.127050e+00
PCG: 0 : 2.612288e-07
PCG: 1 : 1.669019e-07 / 6.389107e-01
PCG: 2 : 1.195567e-07 / 4.576705e-01
PCG: 0 : 1.195567e-07
PCG: 1 : 1.644997e-07 / 1.375913e+00
PCG: 2 : 2.544371e-07 / 2.128171e+00
PCG: 0 : 2.544371e-07
PCG: 1 : 1.625151e-07 / 6.387241e-01
PCG: 2 : 1.164561e-07 / 4.577009e-01
PCG: 0 : 1.164560e-07
PCG: 1 : 1.601803e-07 / 1.375457e+00
PCG: 2 : 2.476451e-07 / 2.126512e+00
PCG: 0 : 2.476452e-07
PCG: 1 : 1.582072e-07 / 6.388465e-01
PCG: 2 : 1.133433e-07 / 4.576843e-01
PCG: 0 : 1.133433e-07
PCG: 1 : 1.559036e-07 / 1.375499e+00
PCG: 2 : 2.411752e-07 / 2.127829e+00
PCG: 0 : 2.411752e-07
PCG: 1 : 1.540463e-07 / 6.387321e-01
PCG: 2 : 1.103879e-07 / 4.577083e-01
PCG: 0 : 1.103879e-07
PCG: 1 : 1.518215e-07 / 1.375345e+00
PCG: 2 : 2.348047e-07 / 2.127087e+00
PCG: 0 : 2.348046e-07
PCG: 1 : 1.499770e-07 / 6.387312e-01
PCG: 2 : 1.075703e-07 / 4.581267e-01
PCG: 0 : 1.075703e-07
PCG: 1 : 1.478441e-07 / 1.374396e+00
PCG: 2 : 2.282675e-07 / 2.122032e+00
PCG: 0 : 2.282675e-07
PCG: 1 : 1.460722e-07 / 6.399167e-01
PCG: 2 : 1.048041e-07 / 4.591286e-01
PCG: 0 : 1.048042e-07
PCG: 1 : 1.439500e-07 / 1.373513e+00
PCG: 2 : 2.220124e-07 / 2.118354e+00
PCG: 0 : 2.220123e-07
PCG: 1 : 1.422240e-07 / 6.406132e-01
PCG: 2 : 1.020980e-07 / 4.598755e-01
PCG: 0 : 1.020980e-07
PCG: 1 : 1.402254e-07 / 1.373439e+00
PCG: 2 : 2.159968e-07 / 2.115583e+00
PCG: 0 : 2.159968e-07
PCG: 1 : 1.384799e-07 / 6.411200e-01
PCG: 2 : 9.942710e-08 / 4.603174e-01
PCG: 0 : 9.942713e-08
PCG: 1 : 1.364945e-07 / 1.372810e+00
PCG: 2 : 2.102448e-07 / 2.114562e+00
PCG: 0 : 2.102448e-07
PCG: 1 : 1.348471e-07 / 6.413811e-01
PCG: 2 : 9.686341e-08 / 4.607172e-01
PCG: 0 : 9.686337e-08
PCG: 1 : 1.329156e-07 / 1.372196e+00
PCG: 2 : 2.044862e-07 / 2.111079e+00
PCG: 0 : 2.044863e-07
PCG: 1 : 1.311892e-07 / 6.415548e-01
PCG: 2 : 9.420555e-08 / 4.606937e-01
PCG: 0 : 9.420561e-08
PCG: 1 : 1.293288e-07 / 1.372835e+00
PCG: 2 : 1.992542e-07 / 2.115099e+00
PCG: 0 : 1.992543e-07
PCG: 1 : 1.276988e-07 / 6.408838e-01
PCG: 2 : 9.164449e-08 / 4.599374e-01
PCG: 0 : 9.164450e-08
PCG: 1 : 1.258742e-07 / 1.373505e+00
PCG: 2 : 1.941869e-07 / 2.118915e+00

PCG ( VCycle ( S: Scale / C: Scale )  )

Complete solver TOE: 153.87
2.18466 GFlop/s [2.18466 GFlops/s]

Total time: 153.87s
Accumulated op time: 147.558

Reductions: 6.89304%
Blas-1: 6.85146%
Blas-2: 82.1533%
Precon Kernels: 0%
MPI Execution: 0%
MPI Wait: 0%
Not covered: 4.10217%

Domain size: 192.237 MByte
LA size: 482.108 MByte
MPI size: 10.6866 MByte

H0-Error: 9.232326e-07
H1-Error: 2.017211e-03

Writing DATA to output.data...
Run-Time: 2:36.126 [2:36.126]
0x31d198e880 Error: MemoryPool<CPU> still contains memory chunks on deconstructor call
