NUM-PROCS: 1
Preparing domain...
LVL-MIN: 6 [6]
LVL-MAX: 9 [9]
Creating gates...
Assembling system matrices...
Assembling system filters...
Assembling transfer matrices...
Converting assembled linear system from SparseMatrixCSR, Mem:main to SparseMatrixELL, Mem:cuda...
PCG:    0 : 1.894534e-02
PCG:    1 : 1.596423e-01 / 8.426468e+00
PCG:    2 : 1.434668e-01 / 7.572669e+00
PCG:    3 : 2.809498e-01 / 1.482949e+01
PCG:    4 : 2.514794e-01 / 1.327395e+01
PCG:    5 : 1.383016e-01 / 7.300030e+00
PCG:    6 : 1.655822e-01 / 8.739999e+00
PCG:    7 : 1.904455e-01 / 1.005237e+01
PCG:    8 : 2.012839e-01 / 1.062445e+01
PCG:    9 : 1.579896e-01 / 8.339233e+00
PCG:   10 : 1.003507e-01 / 5.296852e+00
PCG:   11 : 1.137296e-01 / 6.003040e+00
PCG:   12 : 1.395225e-01 / 7.364477e+00
PCG:   13 : 1.432117e-01 / 7.559203e+00
PCG:   14 : 9.920081e-02 / 5.236159e+00
PCG:   15 : 7.348208e-02 / 3.878636e+00
PCG:   16 : 8.712887e-02 / 4.598961e+00
PCG:   17 : 6.014871e-02 / 3.174855e+00
PCG:   18 : 3.893764e-02 / 2.055262e+00
PCG:   19 : 3.331566e-02 / 1.758515e+00
PCG:   20 : 2.396459e-02 / 1.264933e+00
PCG:   21 : 3.075782e-02 / 1.623503e+00
PCG:   22 : 2.408439e-02 / 1.271257e+00
PCG:   23 : 1.090849e-02 / 5.757875e-01
PCG:   24 : 1.127026e-02 / 5.948832e-01
PCG:   25 : 1.024002e-02 / 5.405036e-01
PCG:   26 : 4.258792e-03 / 2.247936e-01
PCG:   27 : 1.990445e-03 / 1.050625e-01
PCG:   28 : 9.350318e-04 / 4.935418e-02
PCG:   29 : 9.071446e-04 / 4.788220e-02
PCG:   30 : 1.673559e-03 / 8.833619e-02
PCG:   31 : 1.336597e-03 / 7.055018e-02
PCG:   32 : 4.274706e-04 / 2.256336e-02
PCG:   33 : 2.701071e-04 / 1.425718e-02
PCG:   34 : 3.907264e-04 / 2.062388e-02
PCG:   35 : 1.224023e-04 / 6.460815e-03
PCG:   36 : 1.005259e-04 / 5.306101e-03
PCG:   37 : 1.703174e-04 / 8.989935e-03
PCG:   38 : 5.044131e-05 / 2.662465e-03
PCG:   39 : 5.936971e-05 / 3.133737e-03
PCG:   40 : 3.040240e-05 / 1.604743e-03
PCG:   41 : 3.799652e-05 / 2.005587e-03
PCG:   42 : 2.767758e-05 / 1.460918e-03
PCG:   43 : 1.016683e-05 / 5.366400e-04
PCG:   44 : 8.172741e-06 / 4.313853e-04
PCG:   45 : 7.962221e-06 / 4.202734e-04
PCG:   46 : 5.276900e-06 / 2.785329e-04
PCG:   47 : 1.842270e-06 / 9.724135e-05
PCG:   48 : 1.802306e-06 / 9.513188e-05
PCG:   49 : 1.039355e-06 / 5.486071e-05
PCG:   50 : 7.649148e-07 / 4.037483e-05
PCG:   51 : 2.604509e-07 / 1.374749e-05
PCG:   52 : 1.481566e-07 / 7.820216e-06
PCG:   53 : 9.497827e-08 / 5.013279e-06
PCG:   54 : 6.691159e-08 / 3.531823e-06
PCG:   55 : 3.005589e-08 / 1.586453e-06
PCG:   56 : 3.129224e-08 / 1.651712e-06
PCG:   57 : 2.273710e-08 / 1.200142e-06
PCG:   58 : 8.096596e-09 / 4.273661e-07
PCG:   59 : 5.510660e-09 / 2.908716e-07
PCG:   60 : 3.872628e-09 / 2.044106e-07
PCG:   61 : 2.731097e-09 / 1.441567e-07
PCG:   62 : 1.045468e-09 / 5.518338e-08
PCG:   63 : 6.684661e-10 / 3.528393e-08
PCG:   64 : 5.089660e-10 / 2.686497e-08
PCG:   65 : 2.734769e-10 / 1.443505e-08
PCG:   66 : 7.634584e-11 / 4.029795e-09

PCG ( VCycle ( S: Scale / C: Scale )  )

Complete solver TOE: 0.204229
11.8308 GFlop/s [11.8308 GFlops/s]

Total time: 0.204229s
Accumulated op time: 0.096002

Reductions: 44.9412%
Blas-1: 1.07282%
Blas-2: 0.993003%
Precon Kernels: 0%
MPI Execution: 0%
MPI Wait: 0%
Not covered: 52.993%

Domain size: 48.0179 MByte
LA size: 119.742 MByte
MPI size: 2.67099 MByte

H0-Error: 1.716361e-06
H1-Error: 4.034414e-03

Run-Time: 0:00.857 [0:00.857]
