NUM-PROCS: 1
Preparing domain...
LVL-MIN: 5 [5]
LVL-MAX: 10 [10]
Creating gates...
Assembling system matrices...
Assembling system filters...
Assembling transfer matrices...
Converting assembled linear system from SparseMatrixCSR, Mem:main to SparseMatrixCSR, Mem:mainand to SparseMatrixCSR, Mem:main...
PCG:  0 : 9.466280e-03
PCG:  1 : 4.043862e-02 / 4.271860e+00
PCG:  2 : 4.478078e-02 / 4.730557e+00
PCG:  3 : 1.224985e-01 / 1.294051e+01
PCG:  4 : 2.085453e-01 / 2.203033e+01
PCG:  5 : 1.773998e-01 / 1.874018e+01
PCG:  6 : 1.608406e-01 / 1.699090e+01
PCG:  7 : 9.577692e-02 / 1.011769e+01
PCG:  8 : 7.004766e-02 / 7.399703e+00
PCG:  9 : 7.124367e-02 / 7.526047e+00
PCG: 10 : 4.837934e-02 / 5.110702e+00
PCG: 11 : 2.525395e-02 / 2.667780e+00
PCG: 12 : 1.057774e-02 / 1.117413e+00
PCG: 13 : 5.551098e-03 / 5.864075e-01
PCG: 14 : 2.897389e-03 / 3.060747e-01
PCG: 15 : 1.426073e-03 / 1.506477e-01
PCG: 16 : 1.881862e-03 / 1.987964e-01
PCG: 17 : 9.073835e-04 / 9.585427e-02
PCG:  0 : 9.184861e-04
PCG:  1 : 5.830860e-04 / 6.348338e-01
PCG:  2 : 1.289573e-03 / 1.404020e+00
PCG:  3 : 1.553054e-03 / 1.690885e+00
PCG:  4 : 9.037815e-04 / 9.839904e-01
PCG:  5 : 1.200681e-03 / 1.307239e+00
PCG:  6 : 9.861777e-04 / 1.073699e+00
PCG:  7 : 6.782013e-04 / 7.383903e-01
PCG:  8 : 3.809550e-04 / 4.147640e-01
PCG:  9 : 2.073521e-04 / 2.257543e-01
PCG: 10 : 1.482274e-04 / 1.613823e-01
PCG: 11 : 1.252273e-04 / 1.363410e-01
PCG: 12 : 8.502460e-05 / 9.257037e-02
PCG: 13 : 5.276205e-05 / 5.744458e-02
PCG: 14 : 3.107927e-05 / 3.383750e-02
PCG: 15 : 2.009010e-05 / 2.187306e-02
PCG: 16 : 2.548278e-05 / 2.774433e-02
PCG: 17 : 2.387248e-05 / 2.599112e-02
PCG:  0 : 2.387554e-05
PCG:  1 : 1.206244e-05 / 5.052218e-01
PCG:  2 : 5.804947e-06 / 2.431337e-01
PCG:  3 : 5.436295e-06 / 2.276931e-01
PCG:  4 : 4.552736e-06 / 1.906862e-01
PCG:  5 : 2.724953e-06 / 1.141316e-01
PCG:  6 : 3.025217e-06 / 1.267078e-01
PCG:  7 : 1.571210e-06 / 6.580835e-02
PCG:  8 : 1.560697e-06 / 6.536804e-02
PCG:  9 : 1.144396e-06 / 4.793175e-02
PCG: 10 : 1.032305e-06 / 4.323694e-02
PCG: 11 : 6.575640e-07 / 2.754133e-02
PCG: 12 : 5.608085e-07 / 2.348883e-02
PCG: 13 : 3.576883e-07 / 1.498137e-02
PCG: 14 : 1.068834e-06 / 4.476693e-02
PCG: 15 : 8.166287e-07 / 3.420357e-02
PCG: 16 : 7.252674e-07 / 3.037701e-02
PCG: 17 : 7.009627e-07 / 2.935903e-02
PCG:  0 : 7.009598e-07
PCG:  1 : 2.771860e-07 / 3.954378e-01
PCG:  2 : 2.336270e-07 / 3.332959e-01
PCG:  3 : 1.600384e-07 / 2.283132e-01
PCG:  4 : 6.781593e-08 / 9.674724e-02
PCG:  5 : 7.543546e-08 / 1.076174e-01
PCG:  6 : 1.032659e-07 / 1.473207e-01
PCG:  7 : 1.114319e-07 / 1.589704e-01
PCG:  8 : 9.993590e-08 / 1.425701e-01
PCG:  9 : 9.173731e-08 / 1.308738e-01
PCG: 10 : 7.210098e-08 / 1.028604e-01
PCG: 11 : 6.373844e-08 / 9.093024e-02
PCG: 12 : 5.985264e-08 / 8.538669e-02
PCG: 13 : 3.420232e-08 / 4.879355e-02
PCG: 14 : 3.368066e-08 / 4.804935e-02
PCG: 15 : 3.175431e-08 / 4.530118e-02
PCG: 16 : 3.624442e-08 / 5.170684e-02
PCG: 17 : 4.156168e-08 / 5.929253e-02

PCG ( VCycle ( S: Scale / C: Scale )  )

Complete solver TOE: 4.54558
2.25232 GFlop/s [2.25232 GFlops/s]

Total time: 4.54558s
Accumulated op time: 4.40222

Reductions: 6.39297%
Blas-1: 6.57647%
Blas-2: 83.8766%
Precon Kernels: 0%
MPI Execution: 0%
MPI Wait: 0%
Not covered: 3.15394%

Domain size: 192.384 MByte
LA size: 483.107 MByte
MPI size: 10.695 MByte

H0-Error: 4.385132e-07
H1-Error: 2.017209e-03

Writing DATA to output.data...
Run-Time: 0:06.825 [0:06.825]
0x31d198e880 Error: MemoryPool<CPU> still contains memory chunks on deconstructor call
