NUM-PROCS: 1
Preparing domain...
LVL-MIN: 2 [2]
LVL-MAX: 8 [8]
Creating gates...
Assembling system matrices...
Assembling system filters...
Assembling transfer matrices...
Converting assembled linear system from SparseMatrixCSR, Mem:main to SparseMatrixELL, Mem:cudaand to SparseMatrixELL, Mem:cuda...
PCG: 0 : 3.788187e-02
PCG: 1 : 1.876157e-02 / 4.952652e-01
PCG: 2 : 1.023251e-02 / 2.701164e-01
PCG: 0 : 1.040687e-02
PCG: 1 : 3.286979e-03 / 3.158470e-01
PCG: 2 : 8.087819e-04 / 7.771615e-02
PCG: 0 : 8.087819e-04
PCG: 1 : 1.669316e-04 / 2.063987e-01
PCG: 2 : 5.132834e-05 / 6.346375e-02
PCG: 0 : 5.132837e-05
PCG: 1 : 2.078045e-05 / 4.048530e-01
PCG: 2 : 9.988894e-06 / 1.946076e-01
PCG: 0 : 9.988889e-06
PCG: 1 : 3.891859e-06 / 3.896188e-01
PCG: 2 : 1.228106e-06 / 1.229472e-01
PCG: 0 : 1.228106e-06
PCG: 1 : 5.973025e-07 / 4.863606e-01
PCG: 2 : 1.968120e-07 / 1.602565e-01
PCG: 0 : 1.968118e-07
PCG: 1 : 8.836277e-08 / 4.489709e-01
PCG: 2 : 2.625442e-08 / 1.333986e-01
PCG: 0 : 2.625442e-08
PCG: 1 : 1.406284e-08 / 5.356368e-01
PCG: 2 : 4.412917e-09 / 1.680828e-01
PCG: 0 : 4.412915e-09
PCG: 1 : 2.047618e-09 / 4.640057e-01
PCG: 2 : 5.735565e-10 / 1.299722e-01

PCG ( VCycle ( S: Scale / C: Scale )  )

Complete solver TOE: 0.078219
2.50038 GFlop/s [2.50038 GFlops/s]

Total time: 0.078219s
Accumulated op time: 0.015184

Reductions: 16.6942%
Blas-1: 1.31682%
Blas-2: 1.40119%
Precon Kernels: 0%
MPI Execution: 0%
MPI Wait: 0%
Not covered: 80.5878%

Domain size: 12.1083 MByte
LA size: 30.3883 MByte
MPI size: 0.674538 MByte

H0-Error: 6.865565e-06
H1-Error: 8.068795e-03

Writing DATA to output.data...
Run-Time: 0:00.285 [0:00.285]
0x31d198e880 Error: MemoryPool<CUDA> still contains memory chunks on deconstructor call
