NUM-PROCS: 1
Preparing domain...
LVL-MIN: 5 [5]
LVL-MAX: 8 [8]
Creating gates...
Assembling system matrices...
Assembling system filters...
Assembling transfer matrices...
Converting assembled linear system from SparseMatrixCSR, Mem:main to SparseMatrixCSR, Mem:mainand to SparseMatrixCSR, Mem:main...
PCG: 0 : 3.788143e-02
PCG: 1 : 1.531238e-01 / 4.042186e+00
PCG: 2 : 1.362830e-01 / 3.597619e+00
PCG: 3 : 2.921143e-01 / 7.711280e+00
PCG: 4 : 2.872710e-01 / 7.583425e+00
PCG: 5 : 1.502731e-01 / 3.966934e+00
PCG: 0 : 1.503830e-01
PCG: 1 : 1.631882e-01 / 1.085151e+00
PCG: 2 : 1.263497e-01 / 8.401862e-01
PCG: 3 : 6.034517e-02 / 4.012767e-01
PCG: 4 : 4.999913e-02 / 3.324787e-01
PCG: 5 : 5.334936e-02 / 3.547567e-01
PCG: 0 : 5.334937e-02
PCG: 1 : 3.321388e-02 / 6.225731e-01
PCG: 2 : 3.821230e-02 / 7.162652e-01
PCG: 3 : 3.093136e-02 / 5.797886e-01
PCG: 4 : 2.432322e-02 / 4.559232e-01
PCG: 5 : 3.864664e-02 / 7.244066e-01
PCG: 0 : 3.864667e-02
PCG: 1 : 2.596841e-02 / 6.719443e-01
PCG: 2 : 2.124545e-02 / 5.497355e-01
PCG: 3 : 1.216602e-02 / 3.148012e-01
PCG: 4 : 1.057211e-02 / 2.735581e-01
PCG: 5 : 2.504801e-02 / 6.481285e-01
PCG: 0 : 2.504800e-02
PCG: 1 : 1.614509e-02 / 6.445661e-01
PCG: 2 : 1.824654e-02 / 7.284632e-01
PCG: 3 : 1.398456e-02 / 5.583106e-01
PCG: 4 : 1.180097e-02 / 4.711344e-01
PCG: 5 : 1.990325e-02 / 7.946042e-01
PCG: 0 : 1.990324e-02
PCG: 1 : 1.325157e-02 / 6.657997e-01
PCG: 2 : 9.871029e-03 / 4.959509e-01
PCG: 3 : 6.132840e-03 / 3.081328e-01
PCG: 4 : 7.056731e-03 / 3.545519e-01
PCG: 5 : 1.511479e-02 / 7.594137e-01
PCG: 0 : 1.511478e-02
PCG: 1 : 9.979849e-03 / 6.602708e-01
PCG: 2 : 8.632764e-03 / 5.711471e-01
PCG: 3 : 6.388036e-03 / 4.226350e-01
PCG: 4 : 6.902295e-03 / 4.566586e-01
PCG: 5 : 1.084279e-02 / 7.173635e-01
PCG: 0 : 1.084280e-02
PCG: 1 : 6.919740e-03 / 6.381878e-01
PCG: 2 : 4.251173e-03 / 3.920735e-01
PCG: 3 : 4.172122e-03 / 3.847828e-01
PCG: 4 : 6.319616e-03 / 5.828400e-01
PCG: 5 : 8.912296e-03 / 8.219555e-01
PCG: 0 : 8.912290e-03
PCG: 1 : 5.778323e-03 / 6.483544e-01
PCG: 2 : 3.668136e-03 / 4.115817e-01
PCG: 3 : 3.171341e-03 / 3.558391e-01
PCG: 4 : 4.471166e-03 / 5.016854e-01
PCG: 5 : 5.139864e-03 / 5.767164e-01
PCG: 0 : 5.139865e-03
PCG: 1 : 3.594358e-03 / 6.993099e-01
PCG: 2 : 2.423785e-03 / 4.715659e-01
PCG: 3 : 2.609999e-03 / 5.077954e-01
PCG: 4 : 3.761250e-03 / 7.317799e-01
PCG: 5 : 4.486354e-03 / 8.728545e-01
PCG: 0 : 4.486354e-03
PCG: 1 : 3.044069e-03 / 6.785174e-01
PCG: 2 : 2.012362e-03 / 4.485517e-01
PCG: 3 : 1.730897e-03 / 3.858138e-01
PCG: 4 : 2.302308e-03 / 5.131803e-01
PCG: 5 : 2.582139e-03 / 5.755541e-01
PCG: 0 : 2.582139e-03
PCG: 1 : 1.896489e-03 / 7.344642e-01
PCG: 2 : 1.384143e-03 / 5.360450e-01
PCG: 3 : 1.443819e-03 / 5.591563e-01
PCG: 4 : 1.942563e-03 / 7.523077e-01
PCG: 5 : 2.315185e-03 / 8.966150e-01
PCG: 0 : 2.315184e-03
PCG: 1 : 1.612494e-03 / 6.964864e-01
PCG: 2 : 1.115495e-03 / 4.818171e-01
PCG: 3 : 9.542516e-04 / 4.121710e-01
PCG: 4 : 1.189588e-03 / 5.138200e-01
PCG: 5 : 1.339705e-03 / 5.786605e-01
PCG: 0 : 1.339706e-03
PCG: 1 : 1.011312e-03 / 7.548760e-01
PCG: 2 : 7.747909e-04 / 5.783293e-01
PCG: 3 : 7.910450e-04 / 5.904619e-01
PCG: 4 : 1.013584e-03 / 7.565720e-01
PCG: 5 : 1.223088e-03 / 9.129528e-01
PCG: 0 : 1.223088e-03
PCG: 1 : 8.623553e-04 / 7.050637e-01
PCG: 2 : 6.134784e-04 / 5.015814e-01
PCG: 3 : 5.213192e-04 / 4.262318e-01
PCG: 4 : 6.228176e-04 / 5.092171e-01
PCG: 5 : 7.122866e-04 / 5.823672e-01
PCG: 0 : 7.122867e-04
PCG: 1 : 5.434977e-04 / 7.630321e-01
PCG: 2 : 4.265365e-04 / 5.988270e-01
PCG: 3 : 4.303182e-04 / 6.041362e-01
PCG: 4 : 5.371440e-04 / 7.541120e-01
PCG: 5 : 6.577430e-04 / 9.234244e-01
PCG: 0 : 6.577427e-04
PCG: 1 : 4.641326e-04 / 7.056445e-01
PCG: 2 : 3.341332e-04 / 5.079998e-01
PCG: 3 : 2.831299e-04 / 4.304569e-01
PCG: 4 : 3.315283e-04 / 5.040395e-01
PCG: 5 : 3.848605e-04 / 5.851232e-01
PCG: 0 : 3.848603e-04
PCG: 1 : 2.935464e-04 / 7.627349e-01
PCG: 2 : 2.322128e-04 / 6.033689e-01
PCG: 3 : 2.331940e-04 / 6.059185e-01
PCG: 4 : 2.883796e-04 / 7.493097e-01
PCG: 5 : 3.576452e-04 / 9.292857e-01
PCG: 0 : 3.576453e-04
PCG: 1 : 2.508167e-04 / 7.013002e-01
PCG: 2 : 1.808759e-04 / 5.057411e-01
PCG: 3 : 1.533253e-04 / 4.287078e-01
PCG: 4 : 1.785983e-04 / 4.993727e-01
PCG: 5 : 2.098345e-04 / 5.867112e-01
PCG: 0 : 2.098346e-04
PCG: 1 : 1.590338e-04 / 7.579007e-01
PCG: 2 : 1.257097e-04 / 5.990896e-01
PCG: 3 : 1.261682e-04 / 6.012747e-01
PCG: 4 : 1.560088e-04 / 7.434849e-01
PCG: 5 : 1.956154e-04 / 9.322362e-01
PCG: 0 : 1.956155e-04
PCG: 1 : 1.359030e-04 / 6.947455e-01
PCG: 2 : 9.766932e-05 / 4.992924e-01
PCG: 3 : 8.294087e-05 / 4.239996e-01
PCG: 4 : 9.682809e-05 / 4.949920e-01
PCG: 5 : 1.149478e-04 / 5.876215e-01
PCG: 0 : 1.149479e-04
PCG: 1 : 8.634506e-05 / 7.511668e-01
PCG: 2 : 6.792216e-05 / 5.908951e-01
PCG: 3 : 6.825483e-05 / 5.937892e-01
PCG: 4 : 8.472996e-05 / 7.371160e-01
PCG: 5 : 1.073218e-04 / 9.336560e-01
PCG: 0 : 1.073218e-04
PCG: 1 : 7.378073e-05 / 6.874720e-01
PCG: 2 : 5.272829e-05 / 4.913102e-01
PCG: 3 : 4.486745e-05 / 4.180647e-01
PCG: 4 : 5.265339e-05 / 4.906123e-01
PCG: 5 : 6.312122e-05 / 5.881491e-01
PCG: 0 : 6.312120e-05
PCG: 1 : 4.695942e-05 / 7.439563e-01
PCG: 2 : 3.670568e-05 / 5.815111e-01
PCG: 3 : 3.695221e-05 / 5.854167e-01
PCG: 4 : 4.610636e-05 / 7.304417e-01
PCG: 5 : 5.897252e-05 / 9.342743e-01
PCG: 0 : 5.897251e-05
PCG: 1 : 4.011797e-05 / 6.802825e-01
PCG: 2 : 2.849466e-05 / 4.831854e-01
PCG: 3 : 2.429185e-05 / 4.119182e-01
PCG: 4 : 2.867446e-05 / 4.862343e-01
PCG: 5 : 3.470230e-05 / 5.884487e-01
PCG: 0 : 3.470229e-05
PCG: 1 : 2.557588e-05 / 7.370085e-01
PCG: 2 : 1.985894e-05 / 5.722660e-01
PCG: 3 : 2.002894e-05 / 5.771648e-01
PCG: 4 : 2.511803e-05 / 7.238148e-01
PCG: 5 : 3.242580e-05 / 9.343994e-01
PCG: 0 : 3.242580e-05
PCG: 1 : 2.184286e-05 / 6.736258e-01
PCG: 2 : 1.542342e-05 / 4.756527e-01
PCG: 3 : 1.316785e-05 / 4.060917e-01
PCG: 4 : 1.562854e-05 / 4.819784e-01
PCG: 5 : 1.908749e-05 / 5.886512e-01
PCG: 0 : 1.908749e-05
PCG: 1 : 1.394608e-05 / 7.306398e-01
PCG: 2 : 1.076158e-05 / 5.638028e-01
PCG: 3 : 1.087205e-05 / 5.695906e-01
PCG: 4 : 1.369464e-05 / 7.174670e-01
PCG: 5 : 1.783090e-05 / 9.341669e-01
PCG: 0 : 1.783090e-05
PCG: 1 : 1.190717e-05 / 6.677828e-01
PCG: 2 : 8.365055e-06 / 4.691324e-01
PCG: 3 : 7.148646e-06 / 4.009133e-01
PCG: 4 : 8.523667e-06 / 4.780278e-01
PCG: 5 : 1.049960e-05 / 5.888426e-01
PCG: 0 : 1.049960e-05
PCG: 1 : 7.612165e-06 / 7.249959e-01
PCG: 2 : 5.842222e-06 / 5.564235e-01
PCG: 3 : 5.911861e-06 / 5.630559e-01
PCG: 4 : 7.472277e-06 / 7.116727e-01
PCG: 5 : 9.803372e-06 / 9.336902e-01
PCG: 0 : 9.803369e-06
PCG: 1 : 6.497497e-06 / 6.627821e-01
PCG: 2 : 4.545777e-06 / 4.636954e-01
PCG: 3 : 3.886990e-06 / 3.964954e-01
PCG: 4 : 4.651436e-06 / 4.744732e-01
PCG: 5 : 5.773533e-06 / 5.889336e-01
PCG: 0 : 5.773534e-06
PCG: 1 : 4.158584e-06 / 7.202839e-01
PCG: 2 : 3.177669e-06 / 5.503855e-01
PCG: 3 : 3.220311e-06 / 5.577712e-01
PCG: 4 : 4.079981e-06 / 7.066697e-01
PCG: 5 : 5.387659e-06 / 9.331648e-01
PCG: 0 : 5.387660e-06
PCG: 1 : 3.548979e-06 / 6.587237e-01
PCG: 2 : 2.475123e-06 / 4.594060e-01
PCG: 3 : 2.116992e-06 / 3.929336e-01
PCG: 4 : 2.540010e-06 / 4.714497e-01
PCG: 5 : 3.173409e-06 / 5.890143e-01
PCG: 0 : 3.173409e-06
PCG: 1 : 2.273512e-06 / 7.164257e-01
PCG: 2 : 1.731366e-06 / 5.455855e-01
PCG: 3 : 1.756999e-06 / 5.536631e-01
PCG: 4 : 2.229220e-06 / 7.024685e-01
PCG: 5 : 2.958955e-06 / 9.324216e-01
PCG: 0 : 2.958955e-06
PCG: 1 : 1.940065e-06 / 6.556590e-01
PCG: 2 : 1.350157e-06 / 4.562953e-01
PCG: 3 : 1.154776e-06 / 3.902649e-01
PCG: 4 : 1.387905e-06 / 4.690523e-01
PCG: 5 : 1.743305e-06 / 5.891626e-01
PCG: 0 : 1.743305e-06
PCG: 1 : 1.243825e-06 / 7.134867e-01
PCG: 2 : 9.448889e-07 / 5.420101e-01
PCG: 3 : 9.601424e-07 / 5.507598e-01
PCG: 4 : 1.218953e-06 / 6.992198e-01
PCG: 5 : 1.623994e-06 / 9.315605e-01
PCG: 0 : 1.623994e-06
PCG: 1 : 1.061304e-06 / 6.535144e-01
PCG: 2 : 7.376418e-07 / 4.542146e-01
PCG: 3 : 6.308142e-07 / 3.884338e-01
PCG: 4 : 7.590214e-07 / 4.673794e-01
PCG: 5 : 9.570323e-07 / 5.893077e-01
PCG: 0 : 9.570325e-07
PCG: 1 : 6.809647e-07 / 7.115377e-01
PCG: 2 : 5.163868e-07 / 5.395708e-01
PCG: 3 : 5.253709e-07 / 5.489583e-01
PCG: 4 : 6.670320e-07 / 6.969795e-01
PCG: 5 : 8.906853e-07 / 9.306740e-01
PCG: 0 : 8.906853e-07
PCG: 1 : 5.810563e-07 / 6.523699e-01
PCG: 2 : 4.035810e-07 / 4.531129e-01
PCG: 3 : 3.450262e-07 / 3.873716e-01
PCG: 4 : 4.154408e-07 / 4.664283e-01
PCG: 5 : 5.250020e-07 / 5.894360e-01
PCG: 0 : 5.250019e-07
PCG: 1 : 3.730491e-07 / 7.105672e-01
PCG: 2 : 2.825392e-07 / 5.381681e-01
PCG: 3 : 2.877999e-07 / 5.481883e-01
PCG: 4 : 3.653448e-07 / 6.958923e-01
PCG: 5 : 4.880919e-07 / 9.296955e-01
PCG: 0 : 4.880922e-07
PCG: 1 : 3.183979e-07 / 6.523315e-01
PCG: 2 : 2.210588e-07 / 4.529039e-01
PCG: 3 : 1.889038e-07 / 3.870248e-01
PCG: 4 : 2.275921e-07 / 4.662892e-01
PCG: 5 : 2.877832e-07 / 5.896083e-01
PCG: 0 : 2.877833e-07
PCG: 1 : 2.045311e-07 / 7.107124e-01
PCG: 2 : 1.547500e-07 / 5.377311e-01
PCG: 3 : 1.578259e-07 / 5.484192e-01
PCG: 4 : 2.003119e-07 / 6.960511e-01
PCG: 5 : 2.672201e-07 / 9.285462e-01
PCG: 0 : 2.672202e-07
PCG: 1 : 1.746412e-07 / 6.535478e-01
PCG: 2 : 1.212126e-07 / 4.536055e-01
PCG: 3 : 1.035269e-07 / 3.874217e-01
PCG: 4 : 1.248228e-07 / 4.671159e-01
PCG: 5 : 1.576036e-07 / 5.897894e-01
PCG: 0 : 1.576037e-07
PCG: 1 : 1.122518e-07 / 7.122414e-01
PCG: 2 : 8.484437e-08 / 5.383401e-01
PCG: 3 : 8.663215e-08 / 5.496836e-01
PCG: 4 : 1.099570e-07 / 6.976806e-01
PCG: 5 : 1.461450e-07 / 9.272948e-01
PCG: 0 : 1.461450e-07
PCG: 1 : 9.590347e-08 / 6.562212e-01
PCG: 2 : 6.652508e-08 / 4.551990e-01
PCG: 3 : 5.679388e-08 / 3.886131e-01
PCG: 4 : 6.854933e-08 / 4.690500e-01
PCG: 5 : 8.622435e-08 / 5.899916e-01
PCG: 0 : 8.622432e-08
PCG: 1 : 6.167772e-08 / 7.153170e-01
PCG: 2 : 4.655743e-08 / 5.399571e-01
PCG: 3 : 4.759515e-08 / 5.519922e-01
PCG: 4 : 6.044160e-08 / 7.009809e-01
PCG: 5 : 7.983203e-08 / 9.258644e-01
PCG: 0 : 7.983203e-08
PCG: 1 : 5.274184e-08 / 6.606602e-01
PCG: 2 : 3.654427e-08 / 4.577645e-01
PCG: 3 : 3.118802e-08 / 3.906705e-01
PCG: 4 : 3.770242e-08 / 4.722718e-01
PCG: 5 : 4.712289e-08 / 5.902755e-01
PCG: 0 : 4.712291e-08
PCG: 1 : 3.393861e-08 / 7.202147e-01
PCG: 2 : 2.557175e-08 / 5.426607e-01
PCG: 3 : 2.617770e-08 / 5.555196e-01
PCG: 4 : 3.327792e-08 / 7.061942e-01
PCG: 5 : 4.355480e-08 / 9.242809e-01
PCG: 0 : 4.355480e-08
PCG: 1 : 2.905271e-08 / 6.670380e-01
PCG: 2 : 2.009147e-08 / 4.612917e-01
PCG: 3 : 1.714573e-08 / 3.936588e-01
PCG: 4 : 2.077031e-08 / 4.768776e-01
PCG: 5 : 2.572441e-08 / 5.906216e-01
PCG: 0 : 2.572442e-08
PCG: 1 : 1.870566e-08 / 7.271559e-01
PCG: 2 : 1.405832e-08 / 5.464969e-01
PCG: 3 : 1.441673e-08 / 5.604298e-01
PCG: 4 : 1.835342e-08 / 7.134628e-01
PCG: 5 : 2.373469e-08 / 9.226520e-01
PCG: 0 : 2.373468e-08
PCG: 1 : 1.603210e-08 / 6.754717e-01
PCG: 2 : 1.105635e-08 / 4.658312e-01
PCG: 3 : 9.439541e-09 / 3.977109e-01
PCG: 4 : 1.146145e-08 / 4.828988e-01
PCG: 5 : 1.402985e-08 / 5.911119e-01
PCG: 0 : 1.402984e-08
PCG: 1 : 1.032718e-08 / 7.360867e-01
PCG: 2 : 7.736624e-09 / 5.514404e-01
PCG: 3 : 7.952870e-09 / 5.668538e-01
PCG: 4 : 1.013823e-08 / 7.226188e-01
PCG: 5 : 1.292284e-08 / 9.210961e-01
PCG: 0 : 1.292283e-08
PCG: 1 : 8.862530e-09 / 6.858039e-01
PCG: 2 : 6.091105e-09 / 4.713444e-01
PCG: 3 : 5.205907e-09 / 4.028456e-01
PCG: 4 : 6.334666e-09 / 4.901917e-01
PCG: 5 : 7.648180e-09 / 5.918345e-01
PCG: 0 : 7.648183e-09
PCG: 1 : 5.710633e-09 / 7.466653e-01
PCG: 2 : 4.262401e-09 / 5.573090e-01
PCG: 3 : 4.396027e-09 / 5.747805e-01
PCG: 4 : 5.607613e-09 / 7.331954e-01
PCG: 5 : 7.032660e-09 / 9.195203e-01
PCG: 0 : 7.032661e-09
PCG: 1 : 4.906427e-09 / 6.976629e-01
PCG: 2 : 3.360065e-09 / 4.777800e-01
PCG: 3 : 2.876650e-09 / 4.090416e-01
PCG: 4 : 3.505337e-09 / 4.984368e-01
PCG: 5 : 4.169945e-09 / 5.929399e-01
PCG: 0 : 4.169943e-09
PCG: 1 : 3.161783e-09 / 7.582317e-01
PCG: 2 : 2.351489e-09 / 5.639140e-01
PCG: 3 : 2.435431e-09 / 5.840441e-01
PCG: 4 : 3.104580e-09 / 7.445138e-01
PCG: 5 : 3.827855e-09 / 9.179634e-01
PCG: 0 : 3.827854e-09
PCG: 1 : 2.718955e-09 / 7.103080e-01
PCG: 2 : 1.856334e-09 / 4.849543e-01
PCG: 3 : 1.592679e-09 / 4.160763e-01
PCG: 4 : 1.941180e-09 / 5.071197e-01
PCG: 5 : 2.275267e-09 / 5.943977e-01
PCG: 0 : 2.275265e-09
PCG: 1 : 1.751985e-09 / 7.700136e-01
PCG: 2 : 1.299307e-09 / 5.710575e-01
PCG: 3 : 1.352211e-09 / 5.943092e-01
PCG: 4 : 1.719474e-09 / 7.557248e-01
PCG: 5 : 2.085013e-09 / 9.163826e-01
PCG: 0 : 2.085014e-09
PCG: 1 : 1.507451e-09 / 7.229930e-01
PCG: 2 : 1.027368e-09 / 4.927392e-01
PCG: 3 : 8.834156e-10 / 4.236976e-01
PCG: 4 : 1.075443e-09 / 5.157965e-01
PCG: 5 : 1.243125e-09 / 5.962189e-01

PCG ( VCycle ( S: Scale / C: Scale )  )

Complete solver TOE: 1.08175
2.66936 GFlop/s [2.66936 GFlops/s]

Total time: 1.08175s
Accumulated op time: 1.02953

Reductions: 7.94148%
Blas-1: 4.94255%
Blas-2: 82.2883%
Precon Kernels: 0%
MPI Execution: 0%
MPI Wait: 0%
Not covered: 4.82764%

Domain size: 12.056 MByte
LA size: 30.0508 MByte
MPI size: 0.671478 MByte

H0-Error: 6.866329e-06
H1-Error: 8.068795e-03

Writing DATA to output.data...
Run-Time: 0:01.219 [0:01.219]
0x31d198e880 Error: MemoryPool<CPU> still contains memory chunks on deconstructor call
