NUM-PROCS: 1
Preparing domain...
LVL-MIN: 2 [2]
LVL-MAX: 5 [5]
Creating gates...
Assembling system matrices...
Assembling system filters...
Assembling transfer matrices...
Converting assembled linear system from SparseMatrixCSR, Mem:main to SparseMatrixELL, Mem:cudaand to SparseMatrixELL, Mem:cuda...
PCG: 0 : 3.015408e-01
PCG: 1 : 1.296712e-01 / 4.300287e-01
PCG: 0 : 1.450736e-01
PCG: 1 : 5.246324e-02 / 3.616318e-01
PCG: 0 : 5.246320e-02
PCG: 1 : 1.595768e-02 / 3.041689e-01
PCG: 0 : 1.595768e-02
PCG: 1 : 1.164919e-02 / 7.300053e-01
PCG: 0 : 1.164919e-02
PCG: 1 : 3.937227e-03 / 3.379829e-01
PCG: 0 : 3.937227e-03
PCG: 1 : 2.850469e-03 / 7.239788e-01
PCG: 0 : 2.850469e-03
PCG: 1 : 9.616655e-04 / 3.373711e-01
PCG: 0 : 9.616653e-04
PCG: 1 : 6.971227e-04 / 7.249119e-01
PCG: 0 : 6.971227e-04
PCG: 1 : 2.359545e-04 / 3.384691e-01
PCG: 0 : 2.359545e-04
PCG: 1 : 1.712930e-04 / 7.259578e-01
PCG: 0 : 1.712930e-04
PCG: 1 : 5.814309e-05 / 3.394364e-01
PCG: 0 : 5.814308e-05
PCG: 1 : 4.226434e-05 / 7.269024e-01
PCG: 0 : 4.226434e-05
PCG: 1 : 1.437708e-05 / 3.401705e-01
PCG: 0 : 1.437708e-05
PCG: 1 : 1.046211e-05 / 7.276937e-01
PCG: 0 : 1.046211e-05
PCG: 1 : 3.564475e-06 / 3.407032e-01
PCG: 0 : 3.564474e-06
PCG: 1 : 2.596178e-06 / 7.283481e-01
PCG: 0 : 2.596178e-06
PCG: 1 : 8.855163e-07 / 3.410845e-01
PCG: 0 : 8.855163e-07
PCG: 1 : 6.454419e-07 / 7.288877e-01
PCG: 0 : 6.454420e-07
PCG: 1 : 2.203250e-07 / 3.413552e-01
PCG: 0 : 2.203249e-07
PCG: 1 : 1.606907e-07 / 7.293349e-01

PCG ( VCycle ( S: Scale / C: Scale )  )

Complete solver TOE: 0.020511
0.193492 GFlop/s [0.193492 GFlops/s]

Total time: 0.020511s
Accumulated op time: 0.007833

Reductions: 31.0273%
Blas-1: 3.47131%
Blas-2: 3.6907%
Precon Kernels: 0%
MPI Execution: 0%
MPI Wait: 0%
Not covered: 61.8107%

Domain size: 0.19989 MByte
LA size: 0.5047 MByte
MPI size: 0.0113831 MByte

H0-Error: 4.391521e-04
H1-Error: 6.452751e-02

Writing DATA to output.data...
Run-Time: 0:00.066 [0:00.066]
0x31d198e880 Error: MemoryPool<CUDA> still contains memory chunks on deconstructor call
