NUM-PROCS: 1
Preparing domain...
LVL-MIN: 6 [6]
LVL-MAX: 10 [10]
Creating gates...
Assembling system matrices...
Assembling system filters...
Assembling transfer matrices...
Converting assembled linear system from SparseMatrixCSR, Mem:main to SparseMatrixELL, Mem:cudaand to SparseMatrixELL, Mem:cuda...
PCG: 0 : 9.473710e-03
PCG: 1 : 8.278748e-02 / 8.738654e+00
PCG: 2 : 8.474121e-02 / 8.944881e+00
PCG: 3 : 1.927502e-01 / 2.034580e+01
PCG: 4 : 2.336367e-01 / 2.466158e+01
PCG: 5 : 1.561383e-01 / 1.648122e+01
PCG: 6 : 1.647641e-01 / 1.739172e+01
PCG: 7 : 1.532130e-01 / 1.617244e+01
PCG: 0 : 1.532271e-01
PCG: 1 : 1.483533e-01 / 9.681922e-01
PCG: 2 : 1.198605e-01 / 7.822409e-01
PCG: 3 : 9.188009e-02 / 5.996334e-01
PCG: 4 : 5.942603e-02 / 3.878298e-01
PCG: 5 : 7.240944e-02 / 4.725628e-01
PCG: 6 : 1.646282e-01 / 1.074407e+00
PCG: 7 : 1.848298e-01 / 1.206248e+00
PCG: 0 : 1.848298e-01
PCG: 1 : 8.385473e-02 / 4.536861e-01
PCG: 2 : 3.698783e-02 / 2.001183e-01
PCG: 3 : 2.625031e-02 / 1.420242e-01
PCG: 4 : 3.730320e-02 / 2.018246e-01
PCG: 5 : 4.282629e-02 / 2.317066e-01
PCG: 6 : 5.057631e-02 / 2.736371e-01
PCG: 7 : 6.392837e-02 / 3.458769e-01
PCG: 0 : 6.392837e-02
PCG: 1 : 4.069956e-02 / 6.366432e-01
PCG: 2 : 3.186997e-02 / 4.985263e-01
PCG: 3 : 2.234284e-02 / 3.494981e-01
PCG: 4 : 1.439229e-02 / 2.251315e-01
PCG: 5 : 2.141018e-02 / 3.349090e-01
PCG: 6 : 4.732396e-02 / 7.402655e-01
PCG: 7 : 9.139919e-02 / 1.429713e+00
PCG: 0 : 9.139919e-02
PCG: 1 : 4.282415e-02 / 4.685397e-01
PCG: 2 : 2.009258e-02 / 2.198333e-01
PCG: 3 : 1.375821e-02 / 1.505288e-01
PCG: 4 : 1.737744e-02 / 1.901269e-01
PCG: 5 : 2.258578e-02 / 2.471114e-01
PCG: 6 : 2.814516e-02 / 3.079366e-01
PCG: 7 : 4.154519e-02 / 4.545466e-01
PCG: 0 : 4.154520e-02
PCG: 1 : 2.714273e-02 / 6.533301e-01
PCG: 2 : 2.184293e-02 / 5.257630e-01
PCG: 3 : 1.575104e-02 / 3.791302e-01
PCG: 4 : 1.087366e-02 / 2.617309e-01
PCG: 5 : 1.516404e-02 / 3.650010e-01
PCG: 6 : 3.158269e-02 / 7.602007e-01
PCG: 7 : 6.257797e-02 / 1.506262e+00
PCG: 0 : 6.257797e-02
PCG: 1 : 3.051834e-02 / 4.876850e-01
PCG: 2 : 1.545811e-02 / 2.470216e-01
PCG: 3 : 1.136935e-02 / 1.816830e-01
PCG: 4 : 1.345338e-02 / 2.149858e-01
PCG: 5 : 1.676166e-02 / 2.678525e-01
PCG: 6 : 1.988442e-02 / 3.177544e-01
PCG: 7 : 2.869323e-02 / 4.585197e-01
PCG: 0 : 2.869323e-02
PCG: 1 : 1.927313e-02 / 6.716959e-01
PCG: 2 : 1.607497e-02 / 5.602356e-01
PCG: 3 : 1.239156e-02 / 4.318636e-01
PCG: 4 : 9.128788e-03 / 3.181513e-01
PCG: 5 : 1.172153e-02 / 4.085121e-01
PCG: 6 : 2.266733e-02 / 7.899886e-01
PCG: 7 : 4.374675e-02 / 1.524637e+00
PCG: 0 : 4.374675e-02
PCG: 1 : 2.192432e-02 / 5.011645e-01
PCG: 2 : 1.170206e-02 / 2.674955e-01
PCG: 3 : 9.124314e-03 / 2.085713e-01
PCG: 4 : 1.057121e-02 / 2.416457e-01
PCG: 5 : 1.242038e-02 / 2.839154e-01
PCG: 6 : 1.405565e-02 / 3.212959e-01
PCG: 7 : 1.983736e-02 / 4.534591e-01
PCG: 0 : 1.983736e-02
PCG: 1 : 1.359874e-02 / 6.855115e-01
PCG: 2 : 1.174065e-02 / 5.918452e-01
PCG: 3 : 9.689745e-03 / 4.884593e-01
PCG: 4 : 7.476758e-03 / 3.769028e-01
PCG: 5 : 9.040207e-03 / 4.557162e-01
PCG: 6 : 1.637626e-02 / 8.255263e-01
PCG: 7 : 3.066407e-02 / 1.545774e+00
PCG: 0 : 3.066407e-02
PCG: 1 : 1.576640e-02 / 5.141653e-01
PCG: 2 : 8.724942e-03 / 2.845331e-01
PCG: 3 : 7.104549e-03 / 2.316897e-01
PCG: 4 : 8.184352e-03 / 2.669036e-01
PCG: 5 : 9.142045e-03 / 2.981354e-01
PCG: 6 : 9.932504e-03 / 3.239134e-01
PCG: 7 : 1.373812e-02 / 4.480200e-01
PCG: 0 : 1.373812e-02
PCG: 1 : 9.583812e-03 / 6.976074e-01
PCG: 2 : 8.524857e-03 / 6.205259e-01
PCG: 3 : 7.440506e-03 / 5.415958e-01
PCG: 4 : 5.909764e-03 / 4.301728e-01
PCG: 5 : 6.875072e-03 / 5.004377e-01
PCG: 6 : 1.187096e-02 / 8.640891e-01
PCG: 7 : 2.159233e-02 / 1.571710e+00
PCG: 0 : 2.159233e-02
PCG: 1 : 1.135755e-02 / 5.259994e-01
PCG: 2 : 6.429240e-03 / 2.977557e-01
PCG: 3 : 5.389440e-03 / 2.495997e-01
PCG: 4 : 6.197670e-03 / 2.870311e-01
PCG: 5 : 6.675306e-03 / 3.091517e-01
PCG: 6 : 7.054131e-03 / 3.266962e-01
PCG: 7 : 9.600844e-03 / 4.446414e-01
PCG: 0 : 9.600845e-03
PCG: 1 : 6.796281e-03 / 7.078836e-01
PCG: 2 : 6.166706e-03 / 6.423087e-01
PCG: 3 : 5.592677e-03 / 5.825192e-01
PCG: 4 : 4.517207e-03 / 4.705010e-01
PCG: 5 : 5.133715e-03 / 5.347149e-01
PCG: 6 : 8.615674e-03 / 8.973871e-01
PCG: 7 : 1.530512e-02 / 1.594143e+00
PCG: 0 : 1.530512e-02
PCG: 1 : 8.197824e-03 / 5.356262e-01
PCG: 2 : 4.692415e-03 / 3.065912e-01
PCG: 3 : 4.004406e-03 / 2.616383e-01
PCG: 4 : 4.602039e-03 / 3.006862e-01
PCG: 5 : 4.842538e-03 / 3.163998e-01
PCG: 6 : 5.046396e-03 / 3.297194e-01
PCG: 7 : 6.782591e-03 / 4.431582e-01
PCG: 0 : 6.782591e-03
PCG: 1 : 4.860810e-03 / 7.166598e-01
PCG: 2 : 4.452377e-03 / 6.564419e-01
PCG: 3 : 4.132015e-03 / 6.092089e-01
PCG: 4 : 3.369929e-03 / 4.968498e-01
PCG: 5 : 3.777588e-03 / 5.569535e-01
PCG: 6 : 6.254131e-03 / 9.220858e-01
PCG: 7 : 1.090544e-02 / 1.607857e+00
PCG: 0 : 1.090544e-02
PCG: 1 : 5.925776e-03 / 5.433782e-01
PCG: 2 : 3.402708e-03 / 3.120194e-01
PCG: 3 : 2.935632e-03 / 2.691898e-01
PCG: 4 : 3.374516e-03 / 3.094344e-01
PCG: 5 : 3.499288e-03 / 3.208756e-01
PCG: 6 : 3.630464e-03 / 3.329041e-01
PCG: 7 : 4.828726e-03 / 4.427816e-01
PCG: 0 : 4.828726e-03
PCG: 1 : 3.498005e-03 / 7.244157e-01
PCG: 2 : 3.211891e-03 / 6.651632e-01
PCG: 3 : 3.021061e-03 / 6.256435e-01
PCG: 4 : 2.478215e-03 / 5.132233e-01
PCG: 5 : 2.754271e-03 / 5.703928e-01
PCG: 6 : 4.538791e-03 / 9.399562e-01
PCG: 7 : 7.795988e-03 / 1.614502e+00
PCG: 0 : 7.795988e-03
PCG: 1 : 4.286455e-03 / 5.498284e-01
PCG: 2 : 2.458400e-03 / 3.153417e-01
PCG: 3 : 2.136061e-03 / 2.739950e-01
PCG: 4 : 2.457830e-03 / 3.152686e-01
PCG: 5 : 2.523763e-03 / 3.237259e-01
PCG: 6 : 2.620228e-03 / 3.360996e-01
PCG: 7 : 3.453034e-03 / 4.429244e-01
PCG: 0 : 3.453034e-03
PCG: 1 : 2.525453e-03 / 7.313722e-01
PCG: 2 : 2.316207e-03 / 6.707746e-01
PCG: 3 : 2.196688e-03 / 6.361616e-01
PCG: 4 : 1.808455e-03 / 5.237294e-01
PCG: 5 : 1.997725e-03 / 5.785421e-01
PCG: 6 : 3.292440e-03 / 9.534922e-01
PCG: 7 : 5.583765e-03 / 1.617061e+00
PCG: 0 : 5.583765e-03
PCG: 1 : 3.101295e-03 / 5.554129e-01
PCG: 2 : 1.772907e-03 / 3.175111e-01
PCG: 3 : 1.548168e-03 / 2.772624e-01
PCG: 4 : 1.784159e-03 / 3.195262e-01
PCG: 5 : 1.818647e-03 / 3.257025e-01
PCG: 6 : 1.894027e-03 / 3.392025e-01
PCG: 7 : 2.475362e-03 / 4.433140e-01
PCG: 0 : 2.475362e-03
PCG: 1 : 1.825850e-03 / 7.376094e-01
PCG: 2 : 1.670063e-03 / 6.746745e-01
PCG: 3 : 1.592867e-03 / 6.434886e-01
PCG: 4 : 1.314312e-03 / 5.309576e-01
PCG: 5 : 1.444797e-03 / 5.836713e-01
PCG: 6 : 2.387121e-03 / 9.643526e-01
PCG: 7 : 4.004372e-03 / 1.617692e+00
PCG: 0 : 4.004372e-03
PCG: 1 : 2.243670e-03 / 5.603052e-01
PCG: 2 : 1.277476e-03 / 3.190204e-01
PCG: 3 : 1.119800e-03 / 2.796443e-01
PCG: 4 : 1.292977e-03 / 3.228915e-01
PCG: 5 : 1.310180e-03 / 3.271873e-01
PCG: 6 : 1.369990e-03 / 3.421235e-01
PCG: 7 : 1.777083e-03 / 4.437858e-01
PCG: 0 : 1.777083e-03
PCG: 1 : 1.320660e-03 / 7.431614e-01
PCG: 2 : 1.204161e-03 / 6.776056e-01
PCG: 3 : 1.153420e-03 / 6.490522e-01
PCG: 4 : 9.530658e-04 / 5.363091e-01
PCG: 5 : 1.043261e-03 / 5.870636e-01
PCG: 6 : 1.729812e-03 / 9.733999e-01
PCG: 7 : 2.874198e-03 / 1.617368e+00
PCG: 0 : 2.874198e-03
PCG: 1 : 1.622934e-03 / 5.646563e-01
PCG: 2 : 9.202708e-04 / 3.201835e-01
PCG: 3 : 8.091283e-04 / 2.815145e-01
PCG: 4 : 9.362258e-04 / 3.257346e-01
PCG: 5 : 9.438612e-04 / 3.283912e-01
PCG: 6 : 9.911510e-04 / 3.448444e-01
PCG: 7 : 1.277001e-03 / 4.442982e-01
PCG: 0 : 1.277001e-03
PCG: 1 : 9.553083e-04 / 7.480873e-01
PCG: 2 : 8.682673e-04 / 6.799269e-01
PCG: 3 : 8.346048e-04 / 6.535663e-01
PCG: 4 : 6.902421e-04 / 5.405180e-01
PCG: 5 : 7.526840e-04 / 5.894154e-01
PCG: 6 : 1.252884e-03 / 9.811143e-01
PCG: 7 : 2.064318e-03 / 1.616536e+00
PCG: 0 : 2.064318e-03
PCG: 1 : 1.173680e-03 / 5.685561e-01
PCG: 2 : 6.629655e-04 / 3.211548e-01
PCG: 3 : 5.843670e-04 / 2.830800e-01
PCG: 4 : 6.776010e-04 / 3.282445e-01
PCG: 5 : 6.800542e-04 / 3.294329e-01
PCG: 6 : 7.170949e-04 / 3.473762e-01
PCG: 7 : 9.182803e-04 / 4.448348e-01
PCG: 0 : 9.182803e-04
PCG: 1 : 6.909675e-04 / 7.524581e-01
PCG: 2 : 6.261223e-04 / 6.818423e-01
PCG: 3 : 6.036744e-04 / 6.573967e-01
PCG: 4 : 4.995517e-04 / 5.440078e-01
PCG: 5 : 5.428515e-04 / 5.911610e-01
PCG: 6 : 9.070514e-04 / 9.877717e-01
PCG: 7 : 1.483325e-03 / 1.615329e+00
PCG: 0 : 1.483325e-03
PCG: 1 : 8.486229e-04 / 5.721087e-01
PCG: 2 : 4.777275e-04 / 3.220654e-01
PCG: 3 : 4.219765e-04 / 2.844802e-01
PCG: 4 : 4.903006e-04 / 3.305417e-01
PCG: 5 : 4.900652e-04 / 3.303830e-01
PCG: 6 : 5.187986e-04 / 3.497539e-01
PCG: 7 : 6.606810e-04 / 4.454056e-01
PCG: 0 : 6.606810e-04
PCG: 1 : 4.997218e-04 / 7.563738e-01
PCG: 2 : 4.515416e-04 / 6.834488e-01
PCG: 3 : 4.365401e-04 / 6.607426e-01
PCG: 4 : 3.614124e-04 / 5.470302e-01
PCG: 5 : 3.915013e-04 / 5.925724e-01
PCG: 6 : 6.564488e-04 / 9.935942e-01
PCG: 7 : 1.066132e-03 / 1.613687e+00
PCG: 0 : 1.066132e-03
PCG: 1 : 6.134948e-04 / 5.754396e-01
PCG: 2 : 3.443715e-04 / 3.230101e-01
PCG: 3 : 3.047318e-04 / 2.858292e-01
PCG: 4 : 3.547274e-04 / 3.327236e-01
PCG: 5 : 3.532237e-04 / 3.313131e-01
PCG: 6 : 3.753289e-04 / 3.520472e-01
PCG: 7 : 4.755491e-04 / 4.460507e-01
PCG: 0 : 4.755491e-04
PCG: 1 : 3.613857e-04 / 7.599335e-01
PCG: 2 : 3.256678e-04 / 6.848247e-01
PCG: 3 : 3.156323e-04 / 6.637217e-01
PCG: 4 : 2.614461e-04 / 5.497773e-01
PCG: 5 : 2.824168e-04 / 5.938751e-01
PCG: 6 : 4.749526e-04 / 9.987456e-01
PCG: 7 : 7.663534e-04 / 1.611513e+00
PCG: 0 : 7.663534e-04
PCG: 1 : 4.434648e-04 / 5.786688e-01
PCG: 2 : 2.483736e-04 / 3.240981e-01
PCG: 3 : 2.201124e-04 / 2.872204e-01
PCG: 4 : 2.566266e-04 / 3.348671e-01
PCG: 5 : 2.546396e-04 / 3.322743e-01
PCG: 6 : 2.715444e-04 / 3.543332e-01
PCG: 7 : 3.424227e-04 / 4.468209e-01
PCG: 0 : 3.424227e-04
PCG: 1 : 2.613530e-04 / 7.632467e-01
PCG: 2 : 2.348955e-04 / 6.859809e-01
PCG: 3 : 2.281852e-04 / 6.663846e-01
PCG: 4 : 1.891453e-04 / 5.523738e-01
PCG: 5 : 2.038258e-04 / 5.952463e-01
PCG: 6 : 3.435744e-04 / 1.003363e+00
PCG: 7 : 5.507643e-04 / 1.608434e+00
PCG: 0 : 5.507643e-04
PCG: 1 : 3.205437e-04 / 5.819980e-01
PCG: 2 : 1.792573e-04 / 3.254702e-01
PCG: 3 : 1.590493e-04 / 2.887793e-01
PCG: 4 : 1.856507e-04 / 3.370783e-01
PCG: 5 : 1.835998e-04 / 3.333547e-01
PCG: 6 : 1.964826e-04 / 3.567454e-01
PCG: 7 : 2.466448e-04 / 4.478228e-01
PCG: 0 : 2.466448e-04
PCG: 1 : 1.890357e-04 / 7.664288e-01
PCG: 2 : 1.694307e-04 / 6.869420e-01
PCG: 3 : 1.649467e-04 / 6.687619e-01
PCG: 4 : 1.368771e-04 / 5.549565e-01
PCG: 5 : 1.472206e-04 / 5.968934e-01
PCG: 6 : 2.485144e-04 / 1.007580e+00
PCG: 7 : 3.956651e-04 / 1.604190e+00
PCG: 0 : 3.956651e-04
PCG: 1 : 2.316959e-04 / 5.855860e-01
PCG: 2 : 1.294917e-04 / 3.272760e-01
PCG: 3 : 1.149858e-04 / 2.906140e-01
PCG: 4 : 1.343041e-04 / 3.394389e-01
PCG: 5 : 1.323984e-04 / 3.346224e-01
PCG: 6 : 1.422066e-04 / 3.594114e-01
PCG: 7 : 1.777153e-04 / 4.491559e-01
PCG: 0 : 1.777153e-04
PCG: 1 : 1.367681e-04 / 7.695912e-01
PCG: 2 : 1.222107e-04 / 6.876770e-01
PCG: 3 : 1.192180e-04 / 6.708369e-01
PCG: 4 : 9.909653e-05 / 5.576138e-01
PCG: 5 : 1.064509e-04 / 5.989969e-01
PCG: 6 : 1.797562e-04 / 1.011484e+00
PCG: 7 : 2.840202e-04 / 1.598175e+00
PCG: 0 : 2.840202e-04
PCG: 1 : 1.674906e-04 / 5.897135e-01
PCG: 2 : 9.365158e-05 / 3.297356e-01
PCG: 3 : 8.318565e-05 / 2.928863e-01
PCG: 4 : 9.715687e-05 / 3.420773e-01
PCG: 5 : 9.548640e-05 / 3.361958e-01
PCG: 6 : 1.029634e-04 / 3.625212e-01
PCG: 7 : 1.280903e-04 / 4.509902e-01
PCG: 0 : 1.280903e-04
PCG: 1 : 9.899339e-05 / 7.728404e-01
PCG: 2 : 8.814866e-05 / 6.881757e-01
PCG: 3 : 8.615317e-05 / 6.725970e-01
PCG: 4 : 7.178957e-05 / 5.604604e-01
PCG: 5 : 7.707873e-05 / 6.017529e-01
PCG: 6 : 1.300335e-04 / 1.015170e+00
PCG: 7 : 2.036761e-04 / 1.590098e+00
PCG: 0 : 2.036761e-04
PCG: 1 : 1.210931e-04 / 5.945375e-01
PCG: 2 : 6.782728e-05 / 3.330153e-01
PCG: 3 : 6.022786e-05 / 2.957040e-01
PCG: 4 : 7.028220e-05 / 3.450684e-01
PCG: 5 : 6.887334e-05 / 3.381512e-01
PCG: 6 : 7.458954e-05 / 3.662164e-01
PCG: 7 : 9.235319e-05 / 4.534315e-01
PCG: 0 : 9.235319e-05
PCG: 1 : 7.168871e-05 / 7.762451e-01
PCG: 2 : 6.357779e-05 / 6.884201e-01
PCG: 3 : 6.225015e-05 / 6.740444e-01
PCG: 4 : 5.204583e-05 / 5.635521e-01
PCG: 5 : 5.589693e-05 / 6.052517e-01
PCG: 6 : 9.407836e-05 / 1.018680e+00
PCG: 7 : 1.458832e-04 / 1.579623e+00
PCG: 0 : 1.458832e-04
PCG: 1 : 8.756366e-05 / 6.002312e-01
PCG: 2 : 4.920039e-05 / 3.372588e-01
PCG: 3 : 4.364304e-05 / 2.991643e-01
PCG: 4 : 5.083982e-05 / 3.484967e-01
PCG: 5 : 4.968395e-05 / 3.405735e-01
PCG: 6 : 5.406638e-05 / 3.706141e-01
PCG: 7 : 6.660490e-05 / 4.565632e-01
PCG: 0 : 6.660490e-05
PCG: 1 : 5.194004e-05 / 7.798231e-01
PCG: 2 : 4.585579e-05 / 6.884747e-01
PCG: 3 : 4.497714e-05 / 6.752827e-01
PCG: 4 : 3.776170e-05 / 5.669508e-01
PCG: 5 : 4.059174e-05 / 6.094407e-01
PCG: 6 : 6.807579e-05 / 1.022084e+00
PCG: 7 : 1.043918e-04 / 1.567330e+00
PCG: 0 : 1.043918e-04
PCG: 1 : 6.332452e-05 / 6.066041e-01
PCG: 2 : 3.573630e-05 / 3.423285e-01
PCG: 3 : 3.164971e-05 / 3.031818e-01
PCG: 4 : 3.677816e-05 / 3.523088e-01
PCG: 5 : 3.584968e-05 / 3.434145e-01
PCG: 6 : 3.921089e-05 / 3.756126e-01
PCG: 7 : 4.804278e-05 / 4.602158e-01
PCG: 0 : 4.804278e-05
PCG: 1 : 3.764232e-05 / 7.835168e-01
PCG: 2 : 3.307775e-05 / 6.885062e-01
PCG: 3 : 3.250358e-05 / 6.765549e-01
PCG: 4 : 2.741647e-05 / 5.706679e-01
PCG: 5 : 2.950184e-05 / 6.140743e-01
PCG: 6 : 4.926510e-05 / 1.025442e+00
PCG: 7 : 7.466834e-05 / 1.554205e+00
PCG: 0 : 7.466834e-05
PCG: 1 : 4.579646e-05 / 6.133317e-01
PCG: 2 : 2.597789e-05 / 3.479103e-01
PCG: 3 : 2.296631e-05 / 3.075776e-01
PCG: 4 : 2.661341e-05 / 3.564216e-01
PCG: 5 : 2.587686e-05 / 3.465573e-01
PCG: 6 : 2.844458e-05 / 3.809456e-01
PCG: 7 : 3.465288e-05 / 4.640906e-01
PCG: 0 : 3.465288e-05
PCG: 1 : 2.727845e-05 / 7.871916e-01
PCG: 2 : 2.386727e-05 / 6.887527e-01
PCG: 3 : 2.350207e-05 / 6.782141e-01
PCG: 4 : 1.991565e-05 / 5.747185e-01
PCG: 5 : 2.144339e-05 / 6.188054e-01
PCG: 6 : 3.565268e-05 / 1.028852e+00
PCG: 7 : 5.343042e-05 / 1.541875e+00
PCG: 0 : 5.343042e-05
PCG: 1 : 3.311559e-05 / 6.197890e-01
PCG: 2 : 1.888422e-05 / 3.534358e-01
PCG: 3 : 1.667271e-05 / 3.120452e-01
PCG: 4 : 1.927042e-05 / 3.606637e-01
PCG: 5 : 1.868899e-05 / 3.497818e-01
PCG: 6 : 2.063302e-05 / 3.861662e-01
PCG: 7 : 2.498943e-05 / 4.677005e-01
PCG: 0 : 2.498943e-05
PCG: 1 : 1.976034e-05 / 7.907481e-01
PCG: 2 : 1.722997e-05 / 6.894903e-01
PCG: 3 : 1.700846e-05 / 6.806260e-01
PCG: 4 : 1.447244e-05 / 5.791426e-01
PCG: 5 : 1.557801e-05 / 6.233839e-01
PCG: 6 : 2.579861e-05 / 1.032381e+00
PCG: 7 : 3.826961e-05 / 1.531432e+00
PCG: 0 : 3.826960e-05
PCG: 1 : 2.394115e-05 / 6.255918e-01
PCG: 2 : 1.372016e-05 / 3.585133e-01
PCG: 3 : 1.210827e-05 / 3.163940e-01
PCG: 4 : 1.396730e-05 / 3.649711e-01
PCG: 5 : 1.350680e-05 / 3.529380e-01
PCG: 6 : 1.496089e-05 / 3.909340e-01
PCG: 7 : 1.801494e-05 / 4.707376e-01
PCG: 0 : 1.801494e-05
PCG: 1 : 1.430577e-05 / 7.941056e-01
PCG: 2 : 1.244560e-05 / 6.908485e-01
PCG: 3 : 1.232249e-05 / 6.840147e-01
PCG: 4 : 1.052058e-05 / 5.839918e-01
PCG: 5 : 1.130844e-05 / 6.277257e-01
PCG: 6 : 1.866499e-05 / 1.036084e+00
PCG: 7 : 2.744414e-05 / 1.523410e+00
PCG: 0 : 2.744414e-05
PCG: 1 : 1.730388e-05 / 6.305126e-01
PCG: 2 : 9.959743e-06 / 3.629096e-01
PCG: 3 : 8.796972e-06 / 3.205410e-01
PCG: 4 : 1.013586e-05 / 3.693269e-01
PCG: 5 : 9.769040e-06 / 3.559608e-01
PCG: 6 : 1.084229e-05 / 3.950675e-01
PCG: 7 : 1.298169e-05 / 4.730222e-01
PCG: 0 : 1.298169e-05
PCG: 1 : 1.035050e-05 / 7.973154e-01
PCG: 2 : 8.995376e-06 / 6.929281e-01
PCG: 3 : 8.937898e-06 / 6.885005e-01
PCG: 4 : 7.651024e-06 / 5.893705e-01
PCG: 5 : 8.203550e-06 / 6.319325e-01
PCG: 6 : 1.350077e-05 / 1.039986e+00
PCG: 7 : 1.970078e-05 / 1.517582e+00
PCG: 0 : 1.970078e-05
PCG: 1 : 1.250372e-05 / 6.346818e-01
PCG: 2 : 7.224862e-06 / 3.667298e-01
PCG: 3 : 6.394370e-06 / 3.245745e-01
PCG: 4 : 7.364692e-06 / 3.738275e-01
PCG: 5 : 7.070558e-06 / 3.588974e-01
PCG: 6 : 7.853291e-06 / 3.986285e-01
PCG: 7 : 9.350840e-06 / 4.746432e-01
PCG: 0 : 9.350840e-06
PCG: 1 : 7.484785e-06 / 8.004398e-01
PCG: 2 : 6.505184e-06 / 6.956791e-01
PCG: 3 : 6.490119e-06 / 6.940680e-01
PCG: 4 : 5.566978e-06 / 5.953453e-01
PCG: 5 : 5.948639e-06 / 6.361609e-01
PCG: 6 : 9.763312e-06 / 1.044111e+00
PCG: 7 : 1.415223e-05 / 1.513472e+00
PCG: 0 : 1.415223e-05
PCG: 1 : 9.033100e-06 / 6.382809e-01
PCG: 2 : 5.238195e-06 / 3.701320e-01
PCG: 3 : 4.650727e-06 / 3.286214e-01
PCG: 4 : 5.357540e-06 / 3.785650e-01
PCG: 5 : 5.120892e-06 / 3.618434e-01
PCG: 6 : 5.685727e-06 / 4.017547e-01
PCG: 7 : 6.732462e-06 / 4.757173e-01
PCG: 0 : 6.732462e-06
PCG: 1 : 5.410209e-06 / 8.036004e-01
PCG: 2 : 4.706857e-06 / 6.991287e-01
PCG: 3 : 4.717607e-06 / 7.007254e-01
PCG: 4 : 4.053137e-06 / 6.020289e-01
PCG: 5 : 4.312671e-06 / 6.405786e-01
PCG: 6 : 7.058933e-06 / 1.048492e+00
PCG: 7 : 1.016989e-05 / 1.510576e+00
PCG: 0 : 1.016989e-05
PCG: 1 : 6.524609e-06 / 6.415613e-01
PCG: 2 : 3.797018e-06 / 3.733587e-01
PCG: 3 : 3.384895e-06 / 3.328348e-01
PCG: 4 : 3.901663e-06 / 3.836484e-01
PCG: 5 : 3.710842e-06 / 3.648851e-01
PCG: 6 : 4.114977e-06 / 4.046235e-01
PCG: 7 : 4.845256e-06 / 4.764314e-01
PCG: 0 : 4.845256e-06
PCG: 1 : 3.909483e-06 / 8.068683e-01
PCG: 2 : 3.407210e-06 / 7.032054e-01
PCG: 3 : 3.432497e-06 / 7.084242e-01
PCG: 4 : 2.952956e-06 / 6.094531e-01
PCG: 5 : 3.126663e-06 / 6.453040e-01
PCG: 6 : 5.102707e-06 / 1.053135e+00
PCG: 7 : 7.308888e-06 / 1.508463e+00
PCG: 0 : 7.308887e-06
PCG: 1 : 4.712071e-06 / 6.447043e-01
PCG: 2 : 2.752314e-06 / 3.765709e-01
PCG: 3 : 2.465474e-06 / 3.373255e-01
PCG: 4 : 2.844218e-06 / 3.891452e-01
PCG: 5 : 2.690365e-06 / 3.680950e-01
PCG: 6 : 2.977305e-06 / 4.073541e-01
PCG: 7 : 3.485543e-06 / 4.768911e-01
PCG: 0 : 3.485543e-06
PCG: 1 : 2.824431e-06 / 8.103274e-01
PCG: 2 : 2.467569e-06 / 7.079439e-01
PCG: 3 : 2.499789e-06 / 7.171878e-01
PCG: 4 : 2.153002e-06 / 6.176947e-01
PCG: 5 : 2.267047e-06 / 6.504142e-01
PCG: 6 : 3.687934e-06 / 1.058066e+00
PCG: 7 : 5.252451e-06 / 1.506925e+00
PCG: 0 : 5.252450e-06
PCG: 1 : 3.402732e-06 / 6.478370e-01
PCG: 2 : 1.995381e-06 / 3.798952e-01
PCG: 3 : 1.797228e-06 / 3.421694e-01
PCG: 4 : 2.075222e-06 / 3.950961e-01
PCG: 5 : 1.951267e-06 / 3.714965e-01
PCG: 6 : 2.153669e-06 / 4.100313e-01
PCG: 7 : 2.506490e-06 / 4.772039e-01
PCG: 0 : 2.506490e-06
PCG: 1 : 2.040298e-06 / 8.140061e-01
PCG: 2 : 1.787839e-06 / 7.132841e-01
PCG: 3 : 1.822138e-06 / 7.269682e-01
PCG: 4 : 1.570900e-06 / 6.267330e-01
PCG: 5 : 1.644083e-06 / 6.559304e-01
PCG: 6 : 2.665008e-06 / 1.063243e+00
PCG: 7 : 3.774109e-06 / 1.505735e+00
PCG: 0 : 3.774109e-06
PCG: 1 : 2.457162e-06 / 6.510576e-01
PCG: 2 : 1.447020e-06 / 3.834069e-01
PCG: 3 : 1.311173e-06 / 3.474125e-01
PCG: 4 : 1.515353e-06 / 4.015127e-01
PCG: 5 : 1.415672e-06 / 3.751010e-01
PCG: 6 : 1.557583e-06 / 4.127021e-01
PCG: 7 : 1.801856e-06 / 4.774254e-01
PCG: 0 : 1.801856e-06
PCG: 1 : 1.473818e-06 / 8.179444e-01
PCG: 2 : 1.295949e-06 / 7.192302e-01
PCG: 3 : 1.329327e-06 / 7.377543e-01
PCG: 4 : 1.146997e-06 / 6.365646e-01
PCG: 5 : 1.192508e-06 / 6.618222e-01
PCG: 6 : 1.925518e-06 / 1.068630e+00
PCG: 7 : 2.711499e-06 / 1.504837e+00
PCG: 0 : 2.711499e-06
PCG: 1 : 1.774395e-06 / 6.543962e-01
PCG: 2 : 1.049710e-06 / 3.871328e-01
PCG: 3 : 9.573196e-07 / 3.530592e-01
PCG: 4 : 1.107283e-06 / 4.083655e-01
PCG: 5 : 1.027327e-06 / 3.788780e-01
PCG: 6 : 1.126299e-06 / 4.153787e-01
PCG: 7 : 1.295037e-06 / 4.776092e-01
PCG: 0 : 1.295037e-06
PCG: 1 : 1.064695e-06 / 8.221344e-01
PCG: 2 : 9.398166e-07 / 7.257064e-01
PCG: 3 : 9.705612e-07 / 7.494467e-01
PCG: 4 : 8.380312e-07 / 6.471098e-01
PCG: 5 : 8.651415e-07 / 6.680439e-01
PCG: 6 : 1.391091e-06 / 1.074171e+00
PCG: 7 : 1.947926e-06 / 1.504147e+00
PCG: 0 : 1.947926e-06
PCG: 1 : 1.281534e-06 / 6.578968e-01
PCG: 2 : 7.617976e-07 / 3.910814e-01
PCG: 3 : 6.994778e-07 / 3.590885e-01
PCG: 4 : 8.095585e-07 / 4.156003e-01
PCG: 5 : 7.456283e-07 / 3.827806e-01
PCG: 6 : 8.143364e-07 / 4.180531e-01
PCG: 7 : 9.306680e-07 / 4.777739e-01
PCG: 0 : 9.306681e-07
PCG: 1 : 7.692668e-07 / 8.265748e-01
PCG: 2 : 6.818602e-07 / 7.326567e-01
PCG: 3 : 7.091327e-07 / 7.619609e-01
PCG: 4 : 6.126278e-07 / 6.582667e-01
PCG: 5 : 6.277280e-07 / 6.744918e-01
PCG: 6 : 1.004923e-06 / 1.079787e+00
PCG: 7 : 1.399405e-06 / 1.503657e+00
PCG: 0 : 1.399405e-06
PCG: 1 : 9.257573e-07 / 6.615363e-01
PCG: 2 : 5.530651e-07 / 3.952144e-01
PCG: 3 : 5.114029e-07 / 3.654431e-01
PCG: 4 : 5.921337e-07 / 4.231324e-01
PCG: 5 : 5.412198e-07 / 3.867499e-01
PCG: 6 : 5.887464e-07 / 4.207119e-01
PCG: 7 : 6.688479e-07 / 4.779516e-01
PCG: 0 : 6.688479e-07
PCG: 1 : 5.559685e-07 / 8.312330e-01
PCG: 2 : 4.949262e-07 / 7.399681e-01
PCG: 3 : 5.184353e-07 / 7.751169e-01
PCG: 4 : 4.480482e-07 / 6.698805e-01
PCG: 5 : 4.555212e-07 / 6.810535e-01
PCG: 6 : 7.259670e-07 / 1.085399e+00
PCG: 7 : 1.005489e-06 / 1.503315e+00
PCG: 0 : 1.005489e-06
PCG: 1 : 6.689800e-07 / 6.653278e-01
PCG: 2 : 4.016892e-07 / 3.994963e-01
PCG: 3 : 3.740913e-07 / 3.720490e-01
PCG: 4 : 4.332173e-07 / 4.308523e-01
PCG: 5 : 3.928515e-07 / 3.907068e-01
PCG: 6 : 4.256520e-07 / 4.233282e-01
PCG: 7 : 4.807713e-07 / 4.781467e-01
PCG: 0 : 4.807713e-07
PCG: 1 : 4.019616e-07 / 8.360764e-01
PCG: 2 : 3.593869e-07 / 7.475215e-01
PCG: 3 : 3.792018e-07 / 7.887363e-01
PCG: 4 : 3.277765e-07 / 6.817722e-01
PCG: 5 : 3.305823e-07 / 6.876081e-01
PCG: 6 : 5.244951e-07 / 1.090945e+00
PCG: 7 : 7.226747e-07 / 1.503157e+00
PCG: 0 : 7.226747e-07
PCG: 1 : 4.836218e-07 / 6.692109e-01
PCG: 2 : 2.918451e-07 / 4.038402e-01
PCG: 3 : 2.737468e-07 / 3.787968e-01
PCG: 4 : 3.169860e-07 / 4.386289e-01
PCG: 5 : 2.851521e-07 / 3.945788e-01
PCG: 6 : 3.077703e-07 / 4.258766e-01
PCG: 7 : 3.457006e-07 / 4.783626e-01
PCG: 0 : 3.457006e-07
PCG: 1 : 2.907533e-07 / 8.410554e-01
PCG: 2 : 2.610656e-07 / 7.551785e-01
PCG: 3 : 2.774538e-07 / 8.025842e-01
PCG: 4 : 2.398280e-07 / 6.937448e-01
PCG: 5 : 2.399204e-07 / 6.940120e-01
PCG: 6 : 3.790105e-07 / 1.096355e+00
PCG: 7 : 5.196269e-07 / 1.503113e+00
PCG: 0 : 5.196268e-07
PCG: 1 : 3.498067e-07 / 6.731883e-01
PCG: 2 : 2.121080e-07 / 4.081929e-01
PCG: 3 : 2.003614e-07 / 3.855870e-01
PCG: 4 : 2.319287e-07 / 4.463371e-01
PCG: 5 : 2.069658e-07 / 3.982970e-01
PCG: 6 : 2.225800e-07 / 4.283458e-01
PCG: 7 : 2.486988e-07 / 4.786103e-01
PCG: 0 : 2.486988e-07
PCG: 1 : 2.104287e-07 / 8.461189e-01
PCG: 2 : 1.897029e-07 / 7.627819e-01
PCG: 3 : 2.030415e-07 / 8.164154e-01
PCG: 4 : 1.754766e-07 / 7.055787e-01
PCG: 5 : 1.741313e-07 / 7.001697e-01
PCG: 6 : 2.739640e-07 / 1.101590e+00
PCG: 7 : 3.738477e-07 / 1.503215e+00
PCG: 0 : 3.738477e-07
PCG: 1 : 2.531625e-07 / 6.771808e-01
PCG: 2 : 1.541935e-07 / 4.124500e-01
PCG: 3 : 1.466570e-07 / 3.922907e-01
PCG: 4 : 1.696669e-07 / 4.538396e-01
PCG: 5 : 1.502111e-07 / 4.017975e-01
PCG: 6 : 1.610225e-07 / 4.307168e-01
PCG: 7 : 1.790249e-07 / 4.788711e-01
PCG: 0 : 1.790249e-07
PCG: 1 : 1.523896e-07 / 8.512203e-01
PCG: 2 : 1.378841e-07 / 7.701953e-01
PCG: 3 : 1.485907e-07 / 8.300003e-01
PCG: 4 : 1.283772e-07 / 7.170916e-01
PCG: 5 : 1.263834e-07 / 7.059544e-01
PCG: 6 : 1.981134e-07 / 1.106625e+00
PCG: 7 : 2.691432e-07 / 1.503384e+00
PCG: 0 : 2.691432e-07
PCG: 1 : 1.833384e-07 / 6.811929e-01
PCG: 2 : 1.121148e-07 / 4.165621e-01
PCG: 3 : 1.073380e-07 / 3.988137e-01
PCG: 4 : 1.240848e-07 / 4.610363e-01
PCG: 5 : 1.090160e-07 / 4.050484e-01
PCG: 6 : 1.165388e-07 / 4.329992e-01
PCG: 7 : 1.289645e-07 / 4.791667e-01
PCG: 0 : 1.289645e-07
PCG: 1 : 1.104314e-07 / 8.562931e-01
PCG: 2 : 1.002399e-07 / 7.772676e-01
PCG: 3 : 1.087296e-07 / 8.430972e-01
PCG: 4 : 9.389650e-08 / 7.280803e-01
PCG: 5 : 9.173391e-08 / 7.113115e-01
PCG: 6 : 1.433361e-07 / 1.111439e+00
PCG: 7 : 1.939141e-07 / 1.503624e+00

PCG ( VCycle ( S: Scale / C: Scale )  )

Complete solver TOE: 2.63409
33.6792 GFlop/s [33.6792 GFlops/s]

Total time: 2.63409s
Accumulated op time: 2.32189

Reductions: 86.3096%
Blas-1: 0.920394%
Blas-2: 0.917585%
Precon Kernels: 0%
MPI Execution: 0%
MPI Wait: 0%
Not covered: 11.8524%

Domain size: 192.237 MByte
LA size: 482.108 MByte
MPI size: 10.6866 MByte

H0-Error: 6.050345e-07
H1-Error: 2.017210e-03

Writing DATA to output.data...
Run-Time: 0:05.369 [0:05.369]
0x31d198e880 Error: MemoryPool<CUDA> still contains memory chunks on deconstructor call
