NUM-PROCS: 1
Preparing domain...
LVL-MIN: 1 [1]
LVL-MAX: 11 [11]
Creating gates...
Assembling system matrices...
Assembling system filters...
Assembling transfer matrices...
Converting assembled linear system from SparseMatrixCSR, Mem:main to SparseMatrixELL, Mem:cudaand to SparseMatrixELL, Mem:cuda...
PCG: 0 : 4.737108e-03
PCG: 1 : 1.911304e-03 / 4.034749e-01
PCG: 0 : 1.911987e-03
PCG: 1 : 7.879821e-04 / 4.121273e-01
PCG: 0 : 7.879803e-04
PCG: 1 : 3.446852e-04 / 4.374287e-01
PCG: 0 : 3.446855e-04
PCG: 1 : 1.012565e-04 / 2.937650e-01
PCG: 0 : 1.012565e-04
PCG: 1 : 3.290454e-05 / 3.249622e-01
PCG: 0 : 3.290455e-05
PCG: 1 : 6.520142e-06 / 1.981532e-01
PCG: 0 : 6.520139e-06
PCG: 1 : 1.685003e-06 / 2.584305e-01
PCG: 0 : 1.685003e-06
PCG: 1 : 2.892591e-07 / 1.716668e-01
PCG: 0 : 2.892590e-07
PCG: 1 : 7.272173e-08 / 2.514069e-01
PCG: 0 : 7.272174e-08
PCG: 1 : 1.248386e-08 / 1.716661e-01
PCG: 0 : 1.248385e-08
PCG: 1 : 3.168265e-09 / 2.537891e-01
PCG: 0 : 3.168265e-09
PCG: 1 : 5.550165e-10 / 1.751800e-01

PCG ( VCycle ( S: Scale / C: Scale )  )

Complete solver TOE: 0.730069
13.0768 GFlop/s [13.0768 GFlops/s]

Total time: 0.730069s
Accumulated op time: 0.271333

Reductions: 36.8521%
Blas-1: 0.148205%
Blas-2: 0.165053%
Precon Kernels: 0%
MPI Execution: 0%
MPI Wait: 0%
Not covered: 62.8346%

Domain size: 768.875 MByte
LA size: 1932.17 MByte
MPI size: 42.7294 MByte

H0-Error: 1.073425e-07
H1-Error: 1.008605e-03

Writing DATA to output.data...
Run-Time: 0:11.551 [0:11.551]
0x31d198e880 Error: MemoryPool<CUDA> still contains memory chunks on deconstructor call
