NUM-PROCS: 1
Preparing domain...
LVL-MIN: 2 [2]
LVL-MAX: 9 [9]
Creating gates...
Assembling system matrices...
Assembling system filters...
Assembling transfer matrices...
Converting assembled linear system from SparseMatrixCSR, Mem:main to SparseMatrixCSR, Mem:mainand to SparseMatrixCSR, Mem:main...
PCG: 0 : 1.894412e-02
PCG: 1 : 9.764511e-03 / 5.154375e-01
PCG: 0 : 9.796322e-03
PCG: 1 : 5.508815e-03 / 5.623351e-01
PCG: 0 : 5.508811e-03
PCG: 1 : 5.264833e-03 / 9.557114e-01
PCG: 0 : 5.264841e-03
PCG: 1 : 3.408171e-03 / 6.473454e-01
PCG: 0 : 3.408170e-03
PCG: 1 : 2.757111e-03 / 8.089710e-01
PCG: 0 : 2.757111e-03
PCG: 1 : 1.461209e-03 / 5.299781e-01
PCG: 0 : 1.461209e-03
PCG: 1 : 1.007018e-03 / 6.891677e-01
PCG: 0 : 1.007018e-03
PCG: 1 : 4.648748e-04 / 4.616351e-01
PCG: 0 : 4.648748e-04
PCG: 1 : 2.964503e-04 / 6.376992e-01
PCG: 0 : 2.964501e-04
PCG: 1 : 1.295721e-04 / 4.370788e-01
PCG: 0 : 1.295720e-04
PCG: 1 : 8.059845e-05 / 6.220357e-01
PCG: 0 : 8.059845e-05
PCG: 1 : 3.462004e-05 / 4.295373e-01
PCG: 0 : 3.462002e-05
PCG: 1 : 2.136824e-05 / 6.172221e-01
PCG: 0 : 2.136826e-05
PCG: 1 : 9.127536e-06 / 4.271540e-01
PCG: 0 : 9.127532e-06
PCG: 1 : 5.617860e-06 / 6.154851e-01
PCG: 0 : 5.617861e-06
PCG: 1 : 2.396832e-06 / 4.266450e-01
PCG: 0 : 2.396831e-06
PCG: 1 : 1.473628e-06 / 6.148236e-01
PCG: 0 : 1.473627e-06
PCG: 1 : 6.286180e-07 / 4.265788e-01
PCG: 0 : 6.286181e-07
PCG: 1 : 3.862542e-07 / 6.144498e-01
PCG: 0 : 3.862540e-07
PCG: 1 : 1.649112e-07 / 4.269501e-01
PCG: 0 : 1.649111e-07
PCG: 1 : 1.012869e-07 / 6.141906e-01
PCG: 0 : 1.012868e-07
PCG: 1 : 4.326063e-08 / 4.271101e-01
PCG: 0 : 4.326063e-08
PCG: 1 : 2.657247e-08 / 6.142414e-01

PCG ( VCycle ( S: Scale / C: Scale )  )

Complete solver TOE: 0.494128
2.31848 GFlop/s [2.31848 GFlops/s]

Total time: 0.494128s
Accumulated op time: 0.469245

Reductions: 7.95037%
Blas-1: 6.13869%
Blas-2: 80.8752%
Precon Kernels: 0%
MPI Execution: 0%
MPI Wait: 0%
Not covered: 5.03574%

Domain size: 48.2178 MByte
LA size: 121.079 MByte
MPI size: 2.68237 MByte

H0-Error: 1.721924e-06
H1-Error: 4.034414e-03

Writing DATA to output.data...
Run-Time: 0:01.056 [0:01.056]
0x31d198e880 Error: MemoryPool<CPU> still contains memory chunks on deconstructor call
