NUM-PROCS: 1
Preparing domain...
LVL-MIN: 4 [4]
LVL-MAX: 9 [9]
Creating gates...
Assembling system matrices...
Assembling system filters...
Assembling transfer matrices...
Converting assembled linear system from SparseMatrixCSR, Mem:main to SparseMatrixELL, Mem:cudaand to SparseMatrixELL, Mem:cuda...
PCG: 0 : 1.894534e-02
PCG: 1 : 3.774795e-02 / 1.992466e+00
PCG: 2 : 4.953643e-02 / 2.614702e+00
PCG: 3 : 1.147340e-01 / 6.056056e+00
PCG: 4 : 1.196938e-01 / 6.317850e+00
PCG: 5 : 5.469351e-02 / 2.886911e+00
PCG: 6 : 2.265499e-02 / 1.195808e+00
PCG: 7 : 4.092006e-03 / 2.159901e-01
PCG: 8 : 1.388742e-03 / 7.330257e-02
PCG: 0 : 1.446290e-03
PCG: 1 : 1.279488e-03 / 8.846691e-01
PCG: 2 : 5.153086e-04 / 3.562969e-01
PCG: 3 : 6.532922e-05 / 4.517021e-02
PCG: 4 : 4.141453e-05 / 2.863501e-02
PCG: 5 : 3.318160e-05 / 2.294257e-02
PCG: 6 : 5.943093e-05 / 4.109199e-02
PCG: 7 : 3.250392e-05 / 2.247400e-02
PCG: 8 : 1.805556e-05 / 1.248405e-02
PCG: 0 : 1.805554e-05
PCG: 1 : 1.261291e-05 / 6.985618e-01
PCG: 2 : 1.223083e-05 / 6.774002e-01
PCG: 3 : 5.712164e-06 / 3.163662e-01
PCG: 4 : 2.429645e-06 / 1.345650e-01
PCG: 5 : 2.180156e-06 / 1.207472e-01
PCG: 6 : 4.693996e-06 / 2.599753e-01
PCG: 7 : 3.352993e-06 / 1.857043e-01
PCG: 8 : 1.351034e-06 / 7.482655e-02
PCG: 0 : 1.351032e-06
PCG: 1 : 6.212076e-07 / 4.598022e-01
PCG: 2 : 2.955689e-07 / 2.187726e-01
PCG: 3 : 1.161207e-07 / 8.594963e-02
PCG: 4 : 1.498636e-07 / 1.109253e-01
PCG: 5 : 7.631831e-08 / 5.648888e-02
PCG: 6 : 7.242907e-08 / 5.361017e-02
PCG: 7 : 2.617624e-08 / 1.937499e-02
PCG: 8 : 3.080015e-08 / 2.279750e-02

PCG ( VCycle ( S: Scale / C: Scale )  )

Complete solver TOE: 0.154468
7.98171 GFlop/s [7.98171 GFlops/s]

Total time: 0.154468s
Accumulated op time: 0.03949

Reductions: 23.5414%
Blas-1: 1.01704%
Blas-2: 1.00668%
Precon Kernels: 0%
MPI Execution: 0%
MPI Wait: 0%
Not covered: 74.4348%

Domain size: 48.2041 MByte
LA size: 120.996 MByte
MPI size: 2.68153 MByte

H0-Error: 1.735452e-06
H1-Error: 4.034414e-03

Writing DATA to output.data...
Run-Time: 0:00.866 [0:00.866]
0x31d198e880 Error: MemoryPool<CUDA> still contains memory chunks on deconstructor call
