NUM-PROCS: 1
Preparing domain...
LVL-MIN: 1 [1]
LVL-MAX: 7 [7]
Creating gates...
Assembling system matrices...
Assembling system filters...
Assembling transfer matrices...
Converting assembled linear system from SparseMatrixCSR, Mem:main to SparseMatrixCSR, Mem:mainand to SparseMatrixCSR, Mem:main...
PCG: 0 : 7.572480e-02
PCG: 1 : 2.422580e-02 / 3.199190e-01
PCG: 0 : 2.446302e-02
PCG: 1 : 7.703267e-03 / 3.148943e-01
PCG: 0 : 7.703267e-03
PCG: 1 : 2.205818e-03 / 2.863484e-01
PCG: 0 : 2.205819e-03
PCG: 1 : 3.742781e-04 / 1.696776e-01
PCG: 0 : 3.742780e-04
PCG: 1 : 9.023555e-05 / 2.410923e-01
PCG: 0 : 9.023551e-05
PCG: 1 : 1.521293e-05 / 1.685914e-01
PCG: 0 : 1.521293e-05
PCG: 1 : 3.715492e-06 / 2.442325e-01
PCG: 0 : 3.715492e-06
PCG: 1 : 6.484459e-07 / 1.745249e-01
PCG: 0 : 6.484457e-07
PCG: 1 : 1.606629e-07 / 2.477662e-01

PCG ( VCycle ( S: Scale / C: Scale )  )

Complete solver TOE: 0.044847
0.628321 GFlop/s [0.628321 GFlops/s]

Total time: 0.044847s
Accumulated op time: 0.041131

Reductions: 2.45724%
Blas-1: 6.38839%
Blas-2: 82.8684%
Precon Kernels: 0%
MPI Execution: 0%
MPI Wait: 0%
Not covered: 8.28595%

Domain size: 1.70187 MByte
LA size: 5.65261 MByte
MPI size: 0.170639 MByte

H0-Error: 2.746985e-05
H1-Error: 1.613732e-02

Writing DATA to output.data...
Run-Time: 0:00.197 [0:00.197]
0xb33a39f8 Error: MemoryPool<CPU> still contains memory chunks on deconstructor call
