NUM-PROCS: 1
Preparing domain...
LVL-MIN: 1 [1]
LVL-MAX: 6 [6]
Creating gates...
Assembling system matrices...
Assembling system filters...
Assembling transfer matrices...
Converting assembled linear system from SparseMatrixCSR, Mem:main to SparseMatrixELL, Mem:cudaand to SparseMatrixELL, Mem:cuda...
PCG: 0 : 1.512630e-01
PCG: 1 : 4.492689e-02 / 2.970118e-01
PCG: 2 : 1.275274e-02 / 8.430842e-02
PCG: 3 : 1.881610e-03 / 1.243933e-02
PCG: 4 : 1.632482e-04 / 1.079235e-03
PCG: 0 : 1.256242e-02
PCG: 1 : 9.817159e-04 / 7.814702e-02
PCG: 2 : 1.833780e-04 / 1.459734e-02
PCG: 3 : 2.782818e-05 / 2.215192e-03
PCG: 4 : 2.848164e-06 / 2.267209e-04
PCG: 0 : 2.849201e-06
PCG: 1 : 3.880411e-07 / 1.361929e-01
PCG: 2 : 3.598504e-08 / 1.262987e-02
PCG: 3 : 6.245881e-09 / 2.192151e-03
PCG: 4 : 4.720407e-10 / 1.656747e-04
PCG: 0 : 4.720507e-10
PCG: 1 : 9.006774e-11 / 1.908010e-01
PCG: 2 : 6.806490e-12 / 1.441898e-02
PCG: 3 : 7.275251e-13 / 1.541201e-03
PCG: 4 : 1.500591e-13 / 3.178878e-04

PCG ( VCycle ( S: Scale / C: Scale )  )

Complete solver TOE: 0.365352
0.0278781 GFlop/s [0.0278781 GFlops/s]

Total time: 0.365352s
Accumulated op time: 0.050853

Reductions: 4.02324%
Blas-1: 5.14271%
Blas-2: 4.75295%
Precon Kernels: 0%
MPI Execution: 0%
MPI Wait: 0%
Not covered: 86.0811%

Domain size: 0.434235 MByte
LA size: 1.44326 MByte
MPI size: 0.0436707 MByte

H0-Error: 1.098307e-04
H1-Error: 3.227246e-02

Writing DATA to output.data...
Run-Time: 0:00.459 [0:00.459]
0xb33559f8 Error: MemoryPool<CUDA> still contains memory chunks on deconstructor call
