NUM-PROCS: 1
Preparing domain...
LVL-MIN: 5 [5]
LVL-MAX: 10 [10]
Creating gates...
Assembling system matrices...
Assembling system filters...
Assembling transfer matrices...
Converting assembled linear system from SparseMatrixCSR, Mem:main to SparseMatrixCSR, Mem:mainand to SparseMatrixCSR, Mem:main...
PCG:  0 : 9.466280e-03
PCG:  1 : 4.043862e-02 / 4.271860e+00
PCG:  2 : 4.478078e-02 / 4.730557e+00
PCG:  3 : 1.224985e-01 / 1.294051e+01
PCG:  4 : 2.085453e-01 / 2.203033e+01
PCG:  5 : 1.773998e-01 / 1.874018e+01
PCG:  6 : 1.608406e-01 / 1.699090e+01
PCG:  7 : 9.577692e-02 / 1.011769e+01
PCG:  8 : 7.004766e-02 / 7.399703e+00
PCG:  9 : 7.124367e-02 / 7.526047e+00
PCG: 10 : 4.837934e-02 / 5.110702e+00
PCG: 11 : 2.525395e-02 / 2.667780e+00
PCG: 12 : 1.057774e-02 / 1.117413e+00
PCG:  0 : 1.060826e-02
PCG:  1 : 7.175573e-03 / 6.764136e-01
PCG:  2 : 3.922388e-03 / 3.697484e-01
PCG:  3 : 2.700195e-03 / 2.545370e-01
PCG:  4 : 1.765661e-03 / 1.664421e-01
PCG:  5 : 1.025509e-03 / 9.667073e-02
PCG:  6 : 1.202979e-03 / 1.134002e-01
PCG:  7 : 1.133031e-03 / 1.068064e-01
PCG:  8 : 1.225330e-03 / 1.155071e-01
PCG:  9 : 8.316090e-04 / 7.839257e-02
PCG: 10 : 7.136418e-04 / 6.727226e-02
PCG: 11 : 1.448479e-03 / 1.365426e-01
PCG: 12 : 1.385017e-03 / 1.305602e-01
PCG:  0 : 1.385018e-03
PCG:  1 : 6.564864e-04 / 4.739913e-01
PCG:  2 : 3.626907e-04 / 2.618671e-01
PCG:  3 : 3.849222e-04 / 2.779186e-01
PCG:  4 : 2.500670e-04 / 1.805514e-01
PCG:  5 : 2.228470e-04 / 1.608983e-01
PCG:  6 : 2.887434e-04 / 2.084763e-01
PCG:  7 : 1.658071e-04 / 1.197147e-01
PCG:  8 : 1.931259e-04 / 1.394393e-01
PCG:  9 : 1.824740e-04 / 1.317485e-01
PCG: 10 : 1.819765e-04 / 1.313893e-01
PCG: 11 : 1.338166e-04 / 9.661721e-02
PCG: 12 : 1.419934e-04 / 1.025210e-01
PCG:  0 : 1.419936e-04
PCG:  1 : 1.011126e-04 / 7.120924e-01
PCG:  2 : 1.050046e-04 / 7.395021e-01
PCG:  3 : 8.860986e-05 / 6.240411e-01
PCG:  4 : 6.644225e-05 / 4.679241e-01
PCG:  5 : 4.781010e-05 / 3.367059e-01
PCG:  6 : 6.731887e-05 / 4.740978e-01
PCG:  7 : 4.488198e-05 / 3.160844e-01
PCG:  8 : 4.325947e-05 / 3.046578e-01
PCG:  9 : 3.248832e-05 / 2.288012e-01
PCG: 10 : 2.688872e-05 / 1.893657e-01
PCG: 11 : 5.051407e-05 / 3.557489e-01
PCG: 12 : 6.371570e-05 / 4.487222e-01
PCG:  0 : 6.371568e-05
PCG:  1 : 2.793602e-05 / 4.384482e-01
PCG:  2 : 1.351796e-05 / 2.121607e-01
PCG:  3 : 1.368666e-05 / 2.148083e-01
PCG:  4 : 1.340826e-05 / 2.104390e-01
PCG:  5 : 1.335353e-05 / 2.095800e-01
PCG:  6 : 1.065938e-05 / 1.672961e-01
PCG:  7 : 7.012105e-06 / 1.100531e-01
PCG:  8 : 1.131739e-05 / 1.776234e-01
PCG:  9 : 9.468455e-06 / 1.486048e-01
PCG: 10 : 8.902480e-06 / 1.397220e-01
PCG: 11 : 6.974559e-06 / 1.094638e-01
PCG: 12 : 6.689465e-06 / 1.049893e-01
PCG:  0 : 6.689478e-06
PCG:  1 : 5.135164e-06 / 7.676480e-01
PCG:  2 : 5.614318e-06 / 8.392759e-01
PCG:  3 : 4.462296e-06 / 6.670619e-01
PCG:  4 : 3.662505e-06 / 5.475024e-01
PCG:  5 : 2.544059e-06 / 3.803075e-01
PCG:  6 : 3.211632e-06 / 4.801020e-01
PCG:  7 : 2.417846e-06 / 3.614402e-01
PCG:  8 : 2.533478e-06 / 3.787258e-01
PCG:  9 : 1.828604e-06 / 2.733552e-01
PCG: 10 : 1.629302e-06 / 2.435619e-01
PCG: 11 : 2.741230e-06 / 4.097824e-01
PCG: 12 : 2.824748e-06 / 4.222673e-01
PCG:  0 : 2.824750e-06
PCG:  1 : 1.706649e-06 / 6.041769e-01
PCG:  2 : 9.022025e-07 / 3.193920e-01
PCG:  3 : 6.895330e-07 / 2.441041e-01
PCG:  4 : 7.515641e-07 / 2.660640e-01
PCG:  5 : 7.746335e-07 / 2.742308e-01
PCG:  6 : 5.790379e-07 / 2.049873e-01
PCG:  7 : 4.824929e-07 / 1.708091e-01
PCG:  8 : 6.420111e-07 / 2.272807e-01
PCG:  9 : 4.712901e-07 / 1.668431e-01
PCG: 10 : 5.283234e-07 / 1.870337e-01
PCG: 11 : 4.117748e-07 / 1.457739e-01
PCG: 12 : 3.925059e-07 / 1.389524e-01
PCG:  0 : 3.925070e-07
PCG:  1 : 3.363242e-07 / 8.568618e-01
PCG:  2 : 3.282600e-07 / 8.363163e-01
PCG:  3 : 2.165379e-07 / 5.516792e-01
PCG:  4 : 2.319860e-07 / 5.910366e-01
PCG:  5 : 1.790374e-07 / 4.561382e-01
PCG:  6 : 1.821432e-07 / 4.640508e-01
PCG:  7 : 1.456429e-07 / 3.710581e-01
PCG:  8 : 1.282842e-07 / 3.268330e-01
PCG:  9 : 1.105239e-07 / 2.815845e-01
PCG: 10 : 1.151210e-07 / 2.932967e-01
PCG: 11 : 1.494354e-07 / 3.807204e-01
PCG: 12 : 1.432135e-07 / 3.648687e-01
PCG:  0 : 1.432136e-07
PCG:  1 : 1.014798e-07 / 7.085903e-01
PCG:  2 : 6.071410e-08 / 4.239408e-01
PCG:  3 : 3.889245e-08 / 2.715694e-01
PCG:  4 : 3.815605e-08 / 2.664275e-01
PCG:  5 : 4.373810e-08 / 3.054046e-01
PCG:  6 : 3.999141e-08 / 2.792431e-01
PCG:  7 : 3.321844e-08 / 2.319503e-01
PCG:  8 : 3.442663e-08 / 2.403865e-01
PCG:  9 : 2.617869e-08 / 1.827947e-01
PCG: 10 : 3.175163e-08 / 2.217081e-01
PCG: 11 : 2.627810e-08 / 1.834888e-01
PCG: 12 : 2.637321e-08 / 1.841529e-01
PCG:  0 : 2.637327e-08
PCG:  1 : 2.055917e-08 / 7.795457e-01
PCG:  2 : 2.031964e-08 / 7.704637e-01
PCG:  3 : 1.327374e-08 / 5.033028e-01
PCG:  4 : 1.330049e-08 / 5.043172e-01
PCG:  5 : 1.099430e-08 / 4.168729e-01
PCG:  6 : 1.209601e-08 / 4.586468e-01
PCG:  7 : 9.253672e-09 / 3.508732e-01
PCG:  8 : 7.302987e-09 / 2.769087e-01
PCG:  9 : 6.301490e-09 / 2.389347e-01
PCG: 10 : 6.920201e-09 / 2.623945e-01
PCG: 11 : 8.919076e-09 / 3.381863e-01
PCG: 12 : 9.345555e-09 / 3.543572e-01
PCG:  0 : 9.345582e-09
PCG:  1 : 6.123971e-09 / 6.552798e-01
PCG:  2 : 3.848967e-09 / 4.118489e-01
PCG:  3 : 2.633734e-09 / 2.818159e-01
PCG:  4 : 2.369175e-09 / 2.535075e-01
PCG:  5 : 2.728939e-09 / 2.920031e-01
PCG:  6 : 2.780548e-09 / 2.975253e-01
PCG:  7 : 2.078876e-09 / 2.224448e-01
PCG:  8 : 2.071588e-09 / 2.216649e-01
PCG:  9 : 1.666535e-09 / 1.783233e-01
PCG: 10 : 1.999011e-09 / 2.138991e-01
PCG: 11 : 1.685397e-09 / 1.803416e-01
PCG: 12 : 1.771289e-09 / 1.895322e-01

PCG ( VCycle ( S: Scale / C: Scale )  )

Complete solver TOE: 8.7981
2.27792 GFlop/s [2.27792 GFlops/s]

Total time: 8.7981s
Accumulated op time: 8.51472

Reductions: 6.52818%
Blas-1: 6.86576%
Blas-2: 83.3851%
Precon Kernels: 0%
MPI Execution: 0%
MPI Wait: 0%
Not covered: 3.22095%

Domain size: 192.384 MByte
LA size: 483.107 MByte
MPI size: 10.695 MByte

H0-Error: 4.298347e-07
H1-Error: 2.017209e-03

Writing DATA to output.data...
Run-Time: 0:11.079 [0:11.079]
0x31d198e880 Error: MemoryPool<CPU> still contains memory chunks on deconstructor call
