NUM-PROCS: 1
Preparing domain...
LVL-MIN: 4 [4]
LVL-MAX: 8 [8]
Creating gates...
Assembling system matrices...
Assembling system filters...
Assembling transfer matrices...
Converting assembled linear system from SparseMatrixCSR, Mem:main to SparseMatrixCSR, Mem:main...
PCG:    0 : 3.788187e-02
PCG:    1 : 7.372407e-02 / 1.946157e+00
PCG:    2 : 8.837570e-02 / 2.332928e+00
PCG:    3 : 1.869677e-01 / 4.935546e+00
PCG:    4 : 1.519606e-01 / 4.011433e+00
PCG:    5 : 5.172084e-02 / 1.365319e+00
PCG:    6 : 2.259897e-02 / 5.965641e-01
PCG:    7 : 5.483442e-03 / 1.447511e-01
PCG:    8 : 1.832171e-03 / 4.836536e-02
PCG:    9 : 1.007247e-03 / 2.658915e-02
PCG:   10 : 2.794865e-04 / 7.377843e-03
PCG:   11 : 5.024775e-05 / 1.326433e-03
PCG:   12 : 3.275071e-05 / 8.645483e-04
PCG:   13 : 7.529607e-06 / 1.987654e-04
PCG:   14 : 8.121508e-07 / 2.143904e-05
PCG:   15 : 2.428819e-07 / 6.411560e-06
PCG:   16 : 4.885416e-08 / 1.289645e-06
PCG:   17 : 3.653590e-09 / 9.644692e-08
PCG:   18 : 6.651906e-10 / 1.755960e-08
PCG:   19 : 6.432191e-11 / 1.697960e-09

PCG ( VCycle ( S: Scale / C: Scale )  )

Complete solver TOE: 0.481072
0.368255 GFlop/s [0.368255 GFlops/s]

Total time: 0.481072s
Accumulated op time: 0.463924

Reductions: 3.00454%
Blas-1: 8.64361%
Blas-2: 84.7873%
Precon Kernels: 0%
MPI Execution: 0%
MPI Wait: 0%
Not covered: 3.56454%

Domain size: 6.72858 MByte
LA size: 22.3499 MByte
MPI size: 0.67366 MByte

H0-Error: 6.865388e-06
H1-Error: 8.068795e-03

Run-Time: 0:01.041 [0:01.041]
