NUM-PROCS: 1
Preparing domain...
LVL-MIN: 4 [4]
LVL-MAX: 9 [9]
Creating gates...
Assembling system matrices...
Assembling system filters...
Assembling transfer matrices...
Converting assembled linear system from SparseMatrixCSR, Mem:main to SparseMatrixELL, Mem:cudaand to SparseMatrixELL, Mem:cuda...
PCG: 0 : 1.894534e-02
PCG: 1 : 3.774795e-02 / 1.992466e+00
PCG: 0 : 3.784681e-02
PCG: 1 : 4.071109e-02 / 1.075681e+00
PCG: 0 : 4.071105e-02
PCG: 1 : 6.836185e-02 / 1.679196e+00
PCG: 0 : 6.836185e-02
PCG: 1 : 9.943315e-02 / 1.454512e+00
PCG: 0 : 9.943315e-02
PCG: 1 : 1.176730e-01 / 1.183438e+00
PCG: 0 : 1.176730e-01
PCG: 1 : 1.189648e-01 / 1.010978e+00
PCG: 0 : 1.189648e-01
PCG: 1 : 1.191120e-01 / 1.001237e+00
PCG: 0 : 1.191120e-01
PCG: 1 : 1.126429e-01 / 9.456891e-01
PCG: 0 : 1.126429e-01
PCG: 1 : 1.096127e-01 / 9.730993e-01
PCG: 0 : 1.096127e-01
PCG: 1 : 1.022983e-01 / 9.332699e-01
PCG: 0 : 1.022983e-01
PCG: 1 : 9.897725e-02 / 9.675360e-01
PCG: 0 : 9.897723e-02
PCG: 1 : 9.212559e-02 / 9.307756e-01
PCG: 0 : 9.212559e-02
PCG: 1 : 8.904649e-02 / 9.665772e-01
PCG: 0 : 8.904649e-02
PCG: 1 : 8.285256e-02 / 9.304416e-01
PCG: 0 : 8.285256e-02
PCG: 1 : 8.008737e-02 / 9.666252e-01
PCG: 0 : 8.008737e-02
PCG: 1 : 7.453055e-02 / 9.306155e-01
PCG: 0 : 7.453054e-02
PCG: 1 : 7.206319e-02 / 9.668948e-01
PCG: 0 : 7.206319e-02
PCG: 1 : 6.708358e-02 / 9.308994e-01
PCG: 0 : 6.708358e-02
PCG: 1 : 6.488268e-02 / 9.671916e-01
PCG: 0 : 6.488267e-02
PCG: 1 : 6.041757e-02 / 9.311818e-01
PCG: 0 : 6.041756e-02
PCG: 1 : 5.845177e-02 / 9.674632e-01
PCG: 0 : 5.845176e-02
PCG: 1 : 5.444367e-02 / 9.314291e-01
PCG: 0 : 5.444367e-02
PCG: 1 : 5.268470e-02 / 9.676919e-01
PCG: 0 : 5.268470e-02
PCG: 1 : 4.908305e-02 / 9.316377e-01
PCG: 0 : 4.908305e-02
PCG: 1 : 4.750642e-02 / 9.678783e-01
PCG: 0 : 4.750641e-02
PCG: 1 : 4.426679e-02 / 9.318066e-01
PCG: 0 : 4.426679e-02
PCG: 1 : 4.285143e-02 / 9.680266e-01
PCG: 0 : 4.285143e-02
PCG: 1 : 3.993509e-02 / 9.319430e-01
PCG: 0 : 3.993509e-02
PCG: 1 : 3.866288e-02 / 9.681432e-01
PCG: 0 : 3.866288e-02
PCG: 1 : 3.603584e-02 / 9.320526e-01
PCG: 0 : 3.603584e-02
PCG: 1 : 3.489115e-02 / 9.682346e-01
PCG: 0 : 3.489115e-02
PCG: 1 : 3.252339e-02 / 9.321387e-01
PCG: 0 : 3.252339e-02
PCG: 1 : 3.149258e-02 / 9.683056e-01
PCG: 0 : 3.149258e-02
PCG: 1 : 2.935760e-02 / 9.322067e-01
PCG: 0 : 2.935759e-02
PCG: 1 : 2.842874e-02 / 9.683607e-01
PCG: 0 : 2.842874e-02
PCG: 1 : 2.650296e-02 / 9.322594e-01
PCG: 0 : 2.650296e-02
PCG: 1 : 2.566557e-02 / 9.684041e-01
PCG: 0 : 2.566557e-02
PCG: 1 : 2.392808e-02 / 9.323028e-01
PCG: 0 : 2.392808e-02
PCG: 1 : 2.317283e-02 / 9.684364e-01
PCG: 0 : 2.317282e-02
PCG: 1 : 2.160491e-02 / 9.323384e-01
PCG: 0 : 2.160491e-02
PCG: 1 : 2.092353e-02 / 9.684618e-01
PCG: 0 : 2.092353e-02
PCG: 1 : 1.950842e-02 / 9.323675e-01
PCG: 0 : 1.950842e-02
PCG: 1 : 1.889354e-02 / 9.684813e-01
PCG: 0 : 1.889354e-02
PCG: 1 : 1.761619e-02 / 9.323921e-01
PCG: 0 : 1.761619e-02
PCG: 1 : 1.706127e-02 / 9.684994e-01
PCG: 0 : 1.706126e-02
PCG: 1 : 1.590808e-02 / 9.324091e-01
PCG: 0 : 1.590808e-02
PCG: 1 : 1.540720e-02 / 9.685144e-01
PCG: 0 : 1.540720e-02
PCG: 1 : 1.436605e-02 / 9.324242e-01
PCG: 0 : 1.436605e-02
PCG: 1 : 1.391388e-02 / 9.685250e-01
PCG: 0 : 1.391388e-02
PCG: 1 : 1.297381e-02 / 9.324369e-01
PCG: 0 : 1.297381e-02
PCG: 1 : 1.256557e-02 / 9.685338e-01
PCG: 0 : 1.256557e-02
PCG: 1 : 1.171676e-02 / 9.324489e-01
PCG: 0 : 1.171675e-02
PCG: 1 : 1.134815e-02 / 9.685401e-01
PCG: 0 : 1.134815e-02
PCG: 1 : 1.058168e-02 / 9.324591e-01
PCG: 0 : 1.058168e-02
PCG: 1 : 1.024885e-02 / 9.685463e-01
PCG: 0 : 1.024885e-02
PCG: 1 : 9.556723e-03 / 9.324680e-01
PCG: 0 : 9.556722e-03
PCG: 1 : 9.256179e-03 / 9.685516e-01
PCG: 0 : 9.256179e-03
PCG: 1 : 8.631175e-03 / 9.324772e-01
PCG: 0 : 8.631174e-03
PCG: 1 : 8.359784e-03 / 9.685570e-01
PCG: 0 : 8.359783e-03
PCG: 1 : 7.795365e-03 / 9.324841e-01
PCG: 0 : 7.795364e-03
PCG: 1 : 7.550294e-03 / 9.685620e-01
PCG: 0 : 7.550293e-03
PCG: 1 : 7.040560e-03 / 9.324883e-01
PCG: 0 : 7.040560e-03
PCG: 1 : 6.819257e-03 / 9.685674e-01
PCG: 0 : 6.819256e-03
PCG: 1 : 6.358910e-03 / 9.324933e-01
PCG: 0 : 6.358910e-03
PCG: 1 : 6.159054e-03 / 9.685708e-01
PCG: 0 : 6.159054e-03
PCG: 1 : 5.743309e-03 / 9.324987e-01
PCG: 0 : 5.743309e-03
PCG: 1 : 5.562815e-03 / 9.685732e-01
PCG: 0 : 5.562815e-03
PCG: 1 : 5.187351e-03 / 9.325047e-01
PCG: 0 : 5.187351e-03
PCG: 1 : 5.024340e-03 / 9.685754e-01
PCG: 0 : 5.024340e-03
PCG: 1 : 4.685252e-03 / 9.325107e-01
PCG: 0 : 4.685252e-03
PCG: 1 : 4.538031e-03 / 9.685779e-01
PCG: 0 : 4.538031e-03
PCG: 1 : 4.231794e-03 / 9.325175e-01
PCG: 0 : 4.231793e-03
PCG: 1 : 4.098829e-03 / 9.685796e-01
PCG: 0 : 4.098828e-03
PCG: 1 : 3.822251e-03 / 9.325227e-01
PCG: 0 : 3.822251e-03
PCG: 1 : 3.702164e-03 / 9.685823e-01
PCG: 0 : 3.702164e-03
PCG: 1 : 3.452370e-03 / 9.325274e-01
PCG: 0 : 3.452369e-03
PCG: 1 : 3.343910e-03 / 9.685840e-01
PCG: 0 : 3.343909e-03
PCG: 1 : 3.118300e-03 / 9.325312e-01
PCG: 0 : 3.118300e-03
PCG: 1 : 3.020343e-03 / 9.685863e-01
PCG: 0 : 3.020343e-03
PCG: 1 : 2.816576e-03 / 9.325352e-01
PCG: 0 : 2.816576e-03
PCG: 1 : 2.728103e-03 / 9.685886e-01
PCG: 0 : 2.728103e-03
PCG: 1 : 2.544063e-03 / 9.325393e-01
PCG: 0 : 2.544063e-03
PCG: 1 : 2.464156e-03 / 9.685906e-01
PCG: 0 : 2.464156e-03
PCG: 1 : 2.297935e-03 / 9.325446e-01
PCG: 0 : 2.297935e-03
PCG: 1 : 2.225762e-03 / 9.685921e-01
PCG: 0 : 2.225762e-03
PCG: 1 : 2.075636e-03 / 9.325508e-01
PCG: 0 : 2.075636e-03
PCG: 1 : 2.010449e-03 / 9.685944e-01
PCG: 0 : 2.010449e-03
PCG: 1 : 1.874851e-03 / 9.325534e-01
PCG: 0 : 1.874851e-03
PCG: 1 : 1.815976e-03 / 9.685978e-01
PCG: 0 : 1.815976e-03
PCG: 1 : 1.693500e-03 / 9.325560e-01
PCG: 0 : 1.693500e-03
PCG: 1 : 1.640324e-03 / 9.686003e-01
PCG: 0 : 1.640324e-03
PCG: 1 : 1.529700e-03 / 9.325594e-01
PCG: 0 : 1.529700e-03
PCG: 1 : 1.481671e-03 / 9.686027e-01
PCG: 0 : 1.481671e-03
PCG: 1 : 1.381750e-03 / 9.325619e-01
PCG: 0 : 1.381750e-03
PCG: 1 : 1.338370e-03 / 9.686050e-01
PCG: 0 : 1.338370e-03
PCG: 1 : 1.248119e-03 / 9.325662e-01
PCG: 0 : 1.248119e-03
PCG: 1 : 1.208937e-03 / 9.686069e-01
PCG: 0 : 1.208936e-03
PCG: 1 : 1.127417e-03 / 9.325696e-01
PCG: 0 : 1.127417e-03
PCG: 1 : 1.092029e-03 / 9.686113e-01
PCG: 0 : 1.092029e-03
PCG: 1 : 1.018396e-03 / 9.325724e-01
PCG: 0 : 1.018396e-03
PCG: 1 : 9.864331e-04 / 9.686146e-01
PCG: 0 : 9.864331e-04
PCG: 1 : 9.199228e-04 / 9.325749e-01
PCG: 0 : 9.199226e-04
PCG: 1 : 8.910537e-04 / 9.686181e-01
PCG: 0 : 8.910536e-04
PCG: 1 : 8.309748e-04 / 9.325755e-01
PCG: 0 : 8.309748e-04
PCG: 1 : 8.049004e-04 / 9.686219e-01
PCG: 0 : 8.049004e-04
PCG: 1 : 7.506326e-04 / 9.325783e-01
PCG: 0 : 7.506325e-04
PCG: 1 : 7.270799e-04 / 9.686229e-01
PCG: 0 : 7.270799e-04
PCG: 1 : 6.780617e-04 / 9.325821e-01
PCG: 0 : 6.780617e-04
PCG: 1 : 6.567868e-04 / 9.686239e-01
PCG: 0 : 6.567867e-04
PCG: 1 : 6.125107e-04 / 9.325868e-01
PCG: 0 : 6.125107e-04
PCG: 1 : 5.932928e-04 / 9.686244e-01
PCG: 0 : 5.932928e-04
PCG: 1 : 5.533004e-04 / 9.325925e-01
PCG: 0 : 5.533004e-04
PCG: 1 : 5.359408e-04 / 9.686254e-01
PCG: 0 : 5.359408e-04
PCG: 1 : 4.998167e-04 / 9.325968e-01
PCG: 0 : 4.998167e-04
PCG: 1 : 4.841359e-04 / 9.686270e-01
PCG: 0 : 4.841359e-04
PCG: 1 : 4.515052e-04 / 9.326003e-01
PCG: 0 : 4.515052e-04
PCG: 1 : 4.373416e-04 / 9.686302e-01
PCG: 0 : 4.373415e-04
PCG: 1 : 4.078650e-04 / 9.326005e-01
PCG: 0 : 4.078650e-04
PCG: 1 : 3.950717e-04 / 9.686335e-01
PCG: 0 : 3.950716e-04
PCG: 1 : 3.684447e-04 / 9.326022e-01
PCG: 0 : 3.684447e-04
PCG: 1 : 3.568886e-04 / 9.686355e-01
PCG: 0 : 3.568886e-04
PCG: 1 : 3.328361e-04 / 9.326051e-01
PCG: 0 : 3.328361e-04
PCG: 1 : 3.223977e-04 / 9.686377e-01
PCG: 0 : 3.223977e-04
PCG: 1 : 3.006708e-04 / 9.326084e-01
PCG: 0 : 3.006707e-04
PCG: 1 : 2.912414e-04 / 9.686388e-01
PCG: 0 : 2.912414e-04
PCG: 1 : 2.716153e-04 / 9.326122e-01
PCG: 0 : 2.716153e-04
PCG: 1 : 2.630979e-04 / 9.686419e-01
PCG: 0 : 2.630979e-04
PCG: 1 : 2.453692e-04 / 9.326153e-01
PCG: 0 : 2.453692e-04
PCG: 1 : 2.376754e-04 / 9.686440e-01
PCG: 0 : 2.376753e-04
PCG: 1 : 2.216599e-04 / 9.326165e-01
PCG: 0 : 2.216599e-04
PCG: 1 : 2.147104e-04 / 9.686478e-01
PCG: 0 : 2.147104e-04
PCG: 1 : 2.002425e-04 / 9.326168e-01
PCG: 0 : 2.002425e-04
PCG: 1 : 1.939650e-04 / 9.686505e-01
PCG: 0 : 1.939650e-04
PCG: 1 : 1.808955e-04 / 9.326194e-01
PCG: 0 : 1.808955e-04
PCG: 1 : 1.752247e-04 / 9.686517e-01
PCG: 0 : 1.752247e-04
PCG: 1 : 1.634185e-04 / 9.326223e-01
PCG: 0 : 1.634185e-04
PCG: 1 : 1.582958e-04 / 9.686531e-01
PCG: 0 : 1.582958e-04
PCG: 1 : 1.476307e-04 / 9.326257e-01
PCG: 0 : 1.476307e-04
PCG: 1 : 1.430030e-04 / 9.686536e-01
PCG: 0 : 1.430030e-04
PCG: 1 : 1.333690e-04 / 9.326308e-01
PCG: 0 : 1.333690e-04
PCG: 1 : 1.291886e-04 / 9.686548e-01
PCG: 0 : 1.291886e-04
PCG: 1 : 1.204855e-04 / 9.326329e-01
PCG: 0 : 1.204855e-04
PCG: 1 : 1.167094e-04 / 9.686589e-01
PCG: 0 : 1.167093e-04
PCG: 1 : 1.088469e-04 / 9.326321e-01
PCG: 0 : 1.088469e-04
PCG: 1 : 1.054359e-04 / 9.686631e-01
PCG: 0 : 1.054359e-04
PCG: 1 : 9.833295e-05 / 9.326322e-01
PCG: 0 : 9.833295e-05
PCG: 1 : 9.525179e-05 / 9.686661e-01
PCG: 0 : 9.525179e-05
PCG: 1 : 8.883503e-05 / 9.326336e-01
PCG: 0 : 8.883503e-05
PCG: 1 : 8.605149e-05 / 9.686663e-01
PCG: 0 : 8.605148e-05
PCG: 1 : 8.025489e-05 / 9.326380e-01
PCG: 0 : 8.025489e-05
PCG: 1 : 7.774022e-05 / 9.686664e-01
PCG: 0 : 7.774022e-05
PCG: 1 : 7.250373e-05 / 9.326412e-01
PCG: 0 : 7.250372e-05
PCG: 1 : 7.023202e-05 / 9.686678e-01
PCG: 0 : 7.023202e-05
PCG: 1 : 6.550158e-05 / 9.326455e-01
PCG: 0 : 6.550158e-05
PCG: 1 : 6.344935e-05 / 9.686691e-01
PCG: 0 : 6.344935e-05
PCG: 1 : 5.917589e-05 / 9.326478e-01
PCG: 0 : 5.917589e-05
PCG: 1 : 5.732200e-05 / 9.686716e-01
PCG: 0 : 5.732200e-05
PCG: 1 : 5.346123e-05 / 9.326478e-01
PCG: 0 : 5.346123e-05
PCG: 1 : 5.178649e-05 / 9.686738e-01
PCG: 0 : 5.178649e-05
PCG: 1 : 4.829864e-05 / 9.326494e-01
PCG: 0 : 4.829864e-05
PCG: 1 : 4.678570e-05 / 9.686753e-01
PCG: 0 : 4.678570e-05
PCG: 1 : 4.363475e-05 / 9.326514e-01
PCG: 0 : 4.363474e-05
PCG: 1 : 4.226793e-05 / 9.686760e-01
PCG: 0 : 4.226793e-05
PCG: 1 : 3.942139e-05 / 9.326549e-01
PCG: 0 : 3.942139e-05
PCG: 1 : 3.818654e-05 / 9.686756e-01
PCG: 0 : 3.818654e-05
PCG: 1 : 3.561499e-05 / 9.326581e-01
PCG: 0 : 3.561498e-05
PCG: 1 : 3.449945e-05 / 9.686780e-01
PCG: 0 : 3.449945e-05
PCG: 1 : 3.217629e-05 / 9.326609e-01
PCG: 0 : 3.217629e-05
PCG: 1 : 3.116848e-05 / 9.686786e-01
PCG: 0 : 3.116847e-05
PCG: 1 : 2.906970e-05 / 9.326635e-01
PCG: 0 : 2.906970e-05
PCG: 1 : 2.815927e-05 / 9.686810e-01
PCG: 0 : 2.815926e-05
PCG: 1 : 2.626310e-05 / 9.326630e-01
PCG: 0 : 2.626310e-05
PCG: 1 : 2.544063e-05 / 9.686837e-01
PCG: 0 : 2.544063e-05
PCG: 1 : 2.372755e-05 / 9.326636e-01
PCG: 0 : 2.372755e-05
PCG: 1 : 2.298454e-05 / 9.686860e-01
PCG: 0 : 2.298454e-05
PCG: 1 : 2.143688e-05 / 9.326649e-01
PCG: 0 : 2.143688e-05
PCG: 1 : 2.076560e-05 / 9.686858e-01
PCG: 0 : 2.076560e-05
PCG: 1 : 1.936742e-05 / 9.326687e-01
PCG: 0 : 1.936742e-05
PCG: 1 : 1.876095e-05 / 9.686859e-01
PCG: 0 : 1.876095e-05
PCG: 1 : 1.749780e-05 / 9.326712e-01
PCG: 0 : 1.749780e-05
PCG: 1 : 1.694990e-05 / 9.686877e-01
PCG: 0 : 1.694990e-05
PCG: 1 : 1.580873e-05 / 9.326737e-01
PCG: 0 : 1.580873e-05
PCG: 1 : 1.531374e-05 / 9.686890e-01
PCG: 0 : 1.531374e-05
PCG: 1 : 1.428274e-05 / 9.326749e-01
PCG: 0 : 1.428274e-05
PCG: 1 : 1.383558e-05 / 9.686920e-01
PCG: 0 : 1.383558e-05
PCG: 1 : 1.290409e-05 / 9.326745e-01
PCG: 0 : 1.290409e-05
PCG: 1 : 1.250011e-05 / 9.686936e-01
PCG: 0 : 1.250011e-05
PCG: 1 : 1.165855e-05 / 9.326761e-01
PCG: 0 : 1.165855e-05
PCG: 1 : 1.129357e-05 / 9.686944e-01
PCG: 0 : 1.129357e-05
PCG: 1 : 1.053326e-05 / 9.326773e-01
PCG: 0 : 1.053326e-05
PCG: 1 : 1.020351e-05 / 9.686952e-01
PCG: 0 : 1.020351e-05
PCG: 1 : 9.516613e-06 / 9.326800e-01
PCG: 0 : 9.516613e-06
PCG: 1 : 9.218697e-06 / 9.686952e-01
PCG: 0 : 9.218697e-06
PCG: 1 : 8.598130e-06 / 9.326838e-01
PCG: 0 : 8.598130e-06
PCG: 1 : 8.328971e-06 / 9.686957e-01
PCG: 0 : 8.328971e-06
PCG: 1 : 7.768313e-06 / 9.326858e-01
PCG: 0 : 7.768312e-06
PCG: 1 : 7.525147e-06 / 9.686978e-01
PCG: 0 : 7.525146e-06
PCG: 1 : 7.018597e-06 / 9.326859e-01
PCG: 0 : 7.018597e-06
PCG: 1 : 6.798918e-06 / 9.687004e-01
PCG: 0 : 6.798917e-06
PCG: 1 : 6.341253e-06 / 9.326857e-01
PCG: 0 : 6.341253e-06
PCG: 1 : 6.142784e-06 / 9.687019e-01
PCG: 0 : 6.142783e-06
PCG: 1 : 5.729293e-06 / 9.326869e-01
PCG: 0 : 5.729293e-06
PCG: 1 : 5.549975e-06 / 9.687016e-01
PCG: 0 : 5.549975e-06
PCG: 1 : 5.176406e-06 / 9.326900e-01
PCG: 0 : 5.176406e-06
PCG: 1 : 5.014389e-06 / 9.687009e-01
PCG: 0 : 5.014389e-06
PCG: 1 : 4.676884e-06 / 9.326926e-01
PCG: 0 : 4.676883e-06
PCG: 1 : 4.530503e-06 / 9.687013e-01
PCG: 0 : 4.530503e-06
PCG: 1 : 4.225580e-06 / 9.326955e-01
PCG: 0 : 4.225579e-06
PCG: 1 : 4.093331e-06 / 9.687029e-01
PCG: 0 : 4.093331e-06
PCG: 1 : 3.817835e-06 / 9.326963e-01
PCG: 0 : 3.817835e-06
PCG: 1 : 3.698354e-06 / 9.687046e-01
PCG: 0 : 3.698354e-06
PCG: 1 : 3.449444e-06 / 9.326973e-01
PCG: 0 : 3.449444e-06
PCG: 1 : 3.341496e-06 / 9.687057e-01
PCG: 0 : 3.341496e-06
PCG: 1 : 3.116605e-06 / 9.326975e-01
PCG: 0 : 3.116605e-06
PCG: 1 : 3.019077e-06 / 9.687069e-01
PCG: 0 : 3.019077e-06
PCG: 1 : 2.815888e-06 / 9.326984e-01
PCG: 0 : 2.815888e-06
PCG: 1 : 2.727772e-06 / 9.687075e-01
PCG: 0 : 2.727772e-06
PCG: 1 : 2.544193e-06 / 9.327003e-01
PCG: 0 : 2.544193e-06
PCG: 1 : 2.464578e-06 / 9.687070e-01
PCG: 0 : 2.464578e-06
PCG: 1 : 2.298719e-06 / 9.327030e-01
PCG: 0 : 2.298719e-06
PCG: 1 : 2.226787e-06 / 9.687076e-01
PCG: 0 : 2.226787e-06
PCG: 1 : 2.076935e-06 / 9.327050e-01
PCG: 0 : 2.076935e-06
PCG: 1 : 2.011947e-06 / 9.687098e-01
PCG: 0 : 2.011947e-06
PCG: 1 : 1.876554e-06 / 9.327053e-01
PCG: 0 : 1.876553e-06
PCG: 1 : 1.817839e-06 / 9.687116e-01
PCG: 0 : 1.817839e-06
PCG: 1 : 1.695508e-06 / 9.327052e-01
PCG: 0 : 1.695508e-06
PCG: 1 : 1.642461e-06 / 9.687135e-01
PCG: 0 : 1.642461e-06
PCG: 1 : 1.531932e-06 / 9.327049e-01
PCG: 0 : 1.531932e-06
PCG: 1 : 1.484005e-06 / 9.687152e-01
PCG: 0 : 1.484005e-06
PCG: 1 : 1.384139e-06 / 9.327052e-01
PCG: 0 : 1.384139e-06
PCG: 1 : 1.340837e-06 / 9.687154e-01
PCG: 0 : 1.340837e-06
PCG: 1 : 1.250607e-06 / 9.327065e-01
PCG: 0 : 1.250607e-06
PCG: 1 : 1.211483e-06 / 9.687160e-01
PCG: 0 : 1.211483e-06
PCG: 1 : 1.129962e-06 / 9.327098e-01
PCG: 0 : 1.129962e-06
PCG: 1 : 1.094611e-06 / 9.687148e-01
PCG: 0 : 1.094611e-06
PCG: 1 : 1.020958e-06 / 9.327132e-01
PCG: 0 : 1.020958e-06
PCG: 1 : 9.890163e-07 / 9.687140e-01
PCG: 0 : 9.890163e-07
PCG: 1 : 9.224711e-07 / 9.327158e-01
PCG: 0 : 9.224710e-07
PCG: 1 : 8.936115e-07 / 9.687150e-01
PCG: 0 : 8.936114e-07
PCG: 1 : 8.334856e-07 / 9.327159e-01
PCG: 0 : 8.334855e-07
PCG: 1 : 8.074103e-07 / 9.687155e-01
PCG: 0 : 8.074103e-07
PCG: 1 : 7.530849e-07 / 9.327164e-01
PCG: 0 : 7.530849e-07
PCG: 1 : 7.295246e-07 / 9.687150e-01
PCG: 0 : 7.295246e-07
PCG: 1 : 6.804415e-07 / 9.327190e-01
PCG: 0 : 6.804414e-07
PCG: 1 : 6.591540e-07 / 9.687152e-01
PCG: 0 : 6.591540e-07
PCG: 1 : 6.148057e-07 / 9.327194e-01
PCG: 0 : 6.148056e-07
PCG: 1 : 5.955721e-07 / 9.687161e-01
PCG: 0 : 5.955721e-07
PCG: 1 : 5.555028e-07 / 9.327213e-01
PCG: 0 : 5.555028e-07
PCG: 1 : 5.381248e-07 / 9.687166e-01
PCG: 0 : 5.381248e-07
PCG: 1 : 5.019215e-07 / 9.327233e-01
PCG: 0 : 5.019215e-07
PCG: 1 : 4.862198e-07 / 9.687170e-01
PCG: 0 : 4.862198e-07
PCG: 1 : 4.535093e-07 / 9.327248e-01
PCG: 0 : 4.535093e-07
PCG: 1 : 4.393226e-07 / 9.687179e-01
PCG: 0 : 4.393226e-07
PCG: 1 : 4.097666e-07 / 9.327238e-01
PCG: 0 : 4.097666e-07
PCG: 1 : 3.969493e-07 / 9.687204e-01
PCG: 0 : 3.969492e-07
PCG: 1 : 3.702437e-07 / 9.327231e-01
PCG: 0 : 3.702437e-07
PCG: 1 : 3.586627e-07 / 9.687206e-01
PCG: 0 : 3.586627e-07
PCG: 1 : 3.345337e-07 / 9.327251e-01
PCG: 0 : 3.345336e-07
PCG: 1 : 3.240695e-07 / 9.687203e-01
PCG: 0 : 3.240695e-07
PCG: 1 : 3.022683e-07 / 9.327267e-01
PCG: 0 : 3.022683e-07
PCG: 1 : 2.928133e-07 / 9.687198e-01
PCG: 0 : 2.928133e-07
PCG: 1 : 2.731156e-07 / 9.327296e-01
PCG: 0 : 2.731156e-07
PCG: 1 : 2.645722e-07 / 9.687189e-01
PCG: 0 : 2.645722e-07
PCG: 1 : 2.467749e-07 / 9.327317e-01
PCG: 0 : 2.467749e-07
PCG: 1 : 2.390559e-07 / 9.687204e-01
PCG: 0 : 2.390559e-07
PCG: 1 : 2.229752e-07 / 9.327324e-01
PCG: 0 : 2.229751e-07
PCG: 1 : 2.160005e-07 / 9.687200e-01
PCG: 0 : 2.160005e-07
PCG: 1 : 2.014709e-07 / 9.327335e-01
PCG: 0 : 2.014709e-07
PCG: 1 : 1.951689e-07 / 9.687202e-01
PCG: 0 : 1.951689e-07
PCG: 1 : 1.820407e-07 / 9.327342e-01
PCG: 0 : 1.820407e-07
PCG: 1 : 1.763464e-07 / 9.687201e-01
PCG: 0 : 1.763464e-07
PCG: 1 : 1.644847e-07 / 9.327360e-01
PCG: 0 : 1.644847e-07
PCG: 1 : 1.593394e-07 / 9.687191e-01
PCG: 0 : 1.593394e-07
PCG: 1 : 1.486219e-07 / 9.327376e-01
PCG: 0 : 1.486219e-07
PCG: 1 : 1.439728e-07 / 9.687189e-01
PCG: 0 : 1.439728e-07
PCG: 1 : 1.342893e-07 / 9.327403e-01
PCG: 0 : 1.342893e-07
PCG: 1 : 1.300885e-07 / 9.687183e-01
PCG: 0 : 1.300885e-07
PCG: 1 : 1.213391e-07 / 9.327428e-01
PCG: 0 : 1.213391e-07
PCG: 1 : 1.175434e-07 / 9.687186e-01
PCG: 0 : 1.175434e-07
PCG: 1 : 1.096377e-07 / 9.327425e-01
PCG: 0 : 1.096377e-07
PCG: 1 : 1.062083e-07 / 9.687206e-01
PCG: 0 : 1.062083e-07
PCG: 1 : 9.906494e-08 / 9.327419e-01
PCG: 0 : 9.906493e-08
PCG: 1 : 9.596631e-08 / 9.687213e-01
PCG: 0 : 9.596631e-08
PCG: 1 : 8.951179e-08 / 9.327419e-01
PCG: 0 : 8.951179e-08
PCG: 1 : 8.671200e-08 / 9.687215e-01
PCG: 0 : 8.671199e-08
PCG: 1 : 8.088004e-08 / 9.327434e-01
PCG: 0 : 8.088004e-08
PCG: 1 : 7.835022e-08 / 9.687214e-01
PCG: 0 : 7.835021e-08
PCG: 1 : 7.308073e-08 / 9.327446e-01
PCG: 0 : 7.308073e-08
PCG: 1 : 7.079481e-08 / 9.687206e-01
PCG: 0 : 7.079481e-08
PCG: 1 : 6.603369e-08 / 9.327475e-01
PCG: 0 : 6.603368e-08
PCG: 1 : 6.396819e-08 / 9.687207e-01
PCG: 0 : 6.396819e-08
PCG: 1 : 5.966626e-08 / 9.327489e-01
PCG: 0 : 5.966626e-08
PCG: 1 : 5.779994e-08 / 9.687208e-01
PCG: 0 : 5.779994e-08
PCG: 1 : 5.391286e-08 / 9.327493e-01
PCG: 0 : 5.391285e-08
PCG: 1 : 5.222658e-08 / 9.687222e-01
PCG: 0 : 5.222657e-08
PCG: 1 : 4.871427e-08 / 9.327489e-01
PCG: 0 : 4.871427e-08
PCG: 1 : 4.719062e-08 / 9.687228e-01
PCG: 0 : 4.719062e-08
PCG: 1 : 4.401701e-08 / 9.327491e-01
PCG: 0 : 4.401701e-08
PCG: 1 : 4.264026e-08 / 9.687223e-01
PCG: 0 : 4.264026e-08
PCG: 1 : 3.977270e-08 / 9.327501e-01
PCG: 0 : 3.977270e-08
PCG: 1 : 3.852868e-08 / 9.687218e-01
PCG: 0 : 3.852868e-08
PCG: 1 : 3.593769e-08 / 9.327515e-01
PCG: 0 : 3.593769e-08
PCG: 1 : 3.481361e-08 / 9.687213e-01
PCG: 0 : 3.481361e-08
PCG: 1 : 3.247256e-08 / 9.327549e-01
PCG: 0 : 3.247256e-08
PCG: 1 : 3.145687e-08 / 9.687214e-01
PCG: 0 : 3.145687e-08
PCG: 1 : 2.934156e-08 / 9.327553e-01
PCG: 0 : 2.934156e-08
PCG: 1 : 2.842382e-08 / 9.687223e-01
PCG: 0 : 2.842382e-08
PCG: 1 : 2.651249e-08 / 9.327562e-01
PCG: 0 : 2.651249e-08
PCG: 1 : 2.568324e-08 / 9.687223e-01
PCG: 0 : 2.568324e-08
PCG: 1 : 2.395621e-08 / 9.327567e-01
PCG: 0 : 2.395621e-08
PCG: 1 : 2.320688e-08 / 9.687208e-01
PCG: 0 : 2.320688e-08
PCG: 1 : 2.164645e-08 / 9.327598e-01
PCG: 0 : 2.164645e-08
PCG: 1 : 2.096932e-08 / 9.687187e-01
PCG: 0 : 2.096932e-08
PCG: 1 : 1.955936e-08 / 9.327610e-01
PCG: 0 : 1.955936e-08
PCG: 1 : 1.894754e-08 / 9.687197e-01
PCG: 0 : 1.894754e-08
PCG: 1 : 1.767353e-08 / 9.327615e-01
PCG: 0 : 1.767353e-08
PCG: 1 : 1.712070e-08 / 9.687200e-01
PCG: 0 : 1.712070e-08
PCG: 1 : 1.596956e-08 / 9.327630e-01
PCG: 0 : 1.596955e-08
PCG: 1 : 1.547005e-08 / 9.687212e-01
PCG: 0 : 1.547004e-08
PCG: 1 : 1.442989e-08 / 9.327633e-01
PCG: 0 : 1.442989e-08
PCG: 1 : 1.397853e-08 / 9.687204e-01
PCG: 0 : 1.397853e-08
PCG: 1 : 1.303867e-08 / 9.327641e-01
PCG: 0 : 1.303867e-08
PCG: 1 : 1.263083e-08 / 9.687212e-01
PCG: 0 : 1.263083e-08
PCG: 1 : 1.178159e-08 / 9.327639e-01
PCG: 0 : 1.178159e-08
PCG: 1 : 1.141306e-08 / 9.687204e-01
PCG: 0 : 1.141306e-08
PCG: 1 : 1.064571e-08 / 9.327651e-01
PCG: 0 : 1.064571e-08
PCG: 1 : 1.031271e-08 / 9.687204e-01
PCG: 0 : 1.031271e-08
PCG: 1 : 9.619335e-09 / 9.327648e-01
PCG: 0 : 9.619335e-09
PCG: 1 : 9.318462e-09 / 9.687222e-01
PCG: 0 : 9.318462e-09
PCG: 1 : 8.691925e-09 / 9.327638e-01
PCG: 0 : 8.691924e-09
PCG: 1 : 8.420077e-09 / 9.687243e-01
PCG: 0 : 8.420076e-09
PCG: 1 : 7.853973e-09 / 9.327674e-01
PCG: 0 : 7.853972e-09
PCG: 1 : 7.608305e-09 / 9.687207e-01
PCG: 0 : 7.608305e-09
PCG: 1 : 7.096809e-09 / 9.327713e-01
PCG: 0 : 7.096808e-09
PCG: 1 : 6.874817e-09 / 9.687196e-01
PCG: 0 : 6.874817e-09
PCG: 1 : 6.412623e-09 / 9.327700e-01
PCG: 0 : 6.412623e-09
PCG: 1 : 6.212049e-09 / 9.687220e-01
PCG: 0 : 6.212048e-09
PCG: 1 : 5.794415e-09 / 9.327705e-01
PCG: 0 : 5.794415e-09
PCG: 1 : 5.613149e-09 / 9.687172e-01
PCG: 0 : 5.613149e-09
PCG: 1 : 5.235814e-09 / 9.327765e-01
PCG: 0 : 5.235813e-09
PCG: 1 : 5.072013e-09 / 9.687154e-01
PCG: 0 : 5.072013e-09
PCG: 1 : 4.731060e-09 / 9.327776e-01
PCG: 0 : 4.731059e-09
PCG: 1 : 4.583058e-09 / 9.687171e-01
PCG: 0 : 4.583058e-09
PCG: 1 : 4.274949e-09 / 9.327723e-01
PCG: 0 : 4.274949e-09
PCG: 1 : 4.141238e-09 / 9.687222e-01
PCG: 0 : 4.141238e-09
PCG: 1 : 3.862849e-09 / 9.327762e-01
PCG: 0 : 3.862849e-09
PCG: 1 : 3.742008e-09 / 9.687171e-01
PCG: 0 : 3.742008e-09
PCG: 1 : 3.490481e-09 / 9.327828e-01
PCG: 0 : 3.490480e-09
PCG: 1 : 3.381259e-09 / 9.687089e-01
PCG: 0 : 3.381259e-09
PCG: 1 : 3.154004e-09 / 9.327899e-01
PCG: 0 : 3.154004e-09
PCG: 1 : 3.055296e-09 / 9.687039e-01
PCG: 0 : 3.055296e-09
PCG: 1 : 2.849961e-09 / 9.327935e-01
PCG: 0 : 2.849961e-09
PCG: 1 : 2.760773e-09 / 9.687055e-01
PCG: 0 : 2.760772e-09
PCG: 1 : 2.575211e-09 / 9.327863e-01
PCG: 0 : 2.575210e-09
PCG: 1 : 2.494640e-09 / 9.687132e-01
PCG: 0 : 2.494640e-09
PCG: 1 : 2.326956e-09 / 9.327825e-01
PCG: 0 : 2.326956e-09
PCG: 1 : 2.254169e-09 / 9.687200e-01
PCG: 0 : 2.254169e-09
PCG: 1 : 2.102625e-09 / 9.327719e-01
PCG: 0 : 2.102625e-09
PCG: 1 : 2.036877e-09 / 9.687304e-01
PCG: 0 : 2.036877e-09
PCG: 1 : 1.899953e-09 / 9.327777e-01
PCG: 0 : 1.899953e-09
PCG: 1 : 1.840525e-09 / 9.687213e-01
PCG: 0 : 1.840525e-09
PCG: 1 : 1.716809e-09 / 9.327825e-01
PCG: 0 : 1.716809e-09
PCG: 1 : 1.663100e-09 / 9.687158e-01
PCG: 0 : 1.663100e-09
PCG: 1 : 1.551330e-09 / 9.327941e-01
PCG: 0 : 1.551330e-09
PCG: 1 : 1.502762e-09 / 9.686927e-01
PCG: 0 : 1.502761e-09
PCG: 1 : 1.401780e-09 / 9.328025e-01
PCG: 0 : 1.401779e-09
PCG: 1 : 1.357913e-09 / 9.687065e-01
PCG: 0 : 1.357913e-09
PCG: 1 : 1.266659e-09 / 9.327983e-01

PCG ( VCycle ( S: Scale / C: Scale )  )

Complete solver TOE: 0.86013
21.3034 GFlop/s [21.3034 GFlops/s]

Total time: 0.86013s
Accumulated op time: 0.604139

Reductions: 65.6731%
Blas-1: 2.13258%
Blas-2: 2.43242%
Precon Kernels: 0%
MPI Execution: 0%
MPI Wait: 0%
Not covered: 29.7619%

Domain size: 48.2041 MByte
LA size: 120.996 MByte
MPI size: 2.68153 MByte

H0-Error: 1.717432e-06
H1-Error: 4.034414e-03

Writing DATA to output.data...
Run-Time: 0:01.572 [0:01.572]
0x31d198e880 Error: MemoryPool<CUDA> still contains memory chunks on deconstructor call
