NUM-PROCS: 1
Preparing domain...
LVL-MIN: 4 [4]
LVL-MAX: 10 [10]
Creating gates...
Assembling system matrices...
Assembling system filters...
Assembling transfer matrices...
Converting assembled linear system from SparseMatrixCSR, Mem:main to SparseMatrixELL, Mem:cudaand to SparseMatrixELL, Mem:cuda...
PCG: 0 : 9.473711e-03
PCG: 1 : 1.921966e-02 / 2.028736e+00
PCG: 2 : 2.717672e-02 / 2.868645e+00
PCG: 3 : 6.675999e-02 / 7.046867e+00
PCG: 4 : 8.080535e-02 / 8.529429e+00
PCG: 0 : 8.081036e-02
PCG: 1 : 5.040114e-02 / 6.236966e-01
PCG: 2 : 2.835095e-02 / 3.508331e-01
PCG: 3 : 1.433410e-02 / 1.773795e-01
PCG: 4 : 1.038799e-02 / 1.285477e-01
PCG: 0 : 1.038798e-02
PCG: 1 : 6.048753e-03 / 5.822837e-01
PCG: 2 : 5.701206e-03 / 5.488271e-01
PCG: 3 : 3.483413e-03 / 3.353310e-01
PCG: 4 : 3.057750e-03 / 2.943545e-01
PCG: 0 : 3.057750e-03
PCG: 1 : 2.018659e-03 / 6.601781e-01
PCG: 2 : 2.724479e-03 / 8.910077e-01
PCG: 3 : 2.701184e-03 / 8.833893e-01
PCG: 4 : 1.970690e-03 / 6.444903e-01
PCG: 0 : 1.970690e-03
PCG: 1 : 1.493165e-03 / 7.576863e-01
PCG: 2 : 1.474973e-03 / 7.484552e-01
PCG: 3 : 6.737927e-04 / 3.419069e-01
PCG: 4 : 5.623936e-04 / 2.853790e-01
PCG: 0 : 5.623937e-04
PCG: 1 : 4.531278e-04 / 8.057128e-01
PCG: 2 : 7.197788e-04 / 1.279848e+00
PCG: 3 : 5.661028e-04 / 1.006595e+00
PCG: 4 : 4.158514e-04 / 7.394311e-01
PCG: 0 : 4.158514e-04
PCG: 1 : 3.655557e-04 / 8.790536e-01
PCG: 2 : 3.646115e-04 / 8.767831e-01
PCG: 3 : 1.392379e-04 / 3.348261e-01
PCG: 4 : 1.248521e-04 / 3.002324e-01
PCG: 0 : 1.248521e-04
PCG: 1 : 1.062180e-04 / 8.507507e-01
PCG: 2 : 1.794229e-04 / 1.437083e+00
PCG: 3 : 1.240333e-04 / 9.934413e-01
PCG: 4 : 9.851907e-05 / 7.890860e-01
PCG: 0 : 9.851907e-05
PCG: 1 : 8.810224e-05 / 8.942659e-01
PCG: 2 : 8.735740e-05 / 8.867055e-01
PCG: 3 : 3.211054e-05 / 3.259322e-01
PCG: 4 : 2.939139e-05 / 2.983320e-01
PCG: 0 : 2.939139e-05
PCG: 1 : 2.496700e-05 / 8.494662e-01
PCG: 2 : 4.271367e-05 / 1.453271e+00
PCG: 3 : 2.958744e-05 / 1.006670e+00
PCG: 4 : 2.392174e-05 / 8.139029e-01
PCG: 0 : 2.392174e-05
PCG: 1 : 2.101821e-05 / 8.786239e-01
PCG: 2 : 2.070869e-05 / 8.656847e-01
PCG: 3 : 7.708966e-06 / 3.222578e-01
PCG: 4 : 7.040873e-06 / 2.943295e-01
PCG: 0 : 7.040875e-06
PCG: 1 : 5.894278e-06 / 8.371514e-01
PCG: 2 : 1.006352e-05 / 1.429300e+00
PCG: 3 : 7.188542e-06 / 1.020973e+00
PCG: 4 : 5.851939e-06 / 8.311381e-01
PCG: 0 : 5.851939e-06
PCG: 1 : 5.010192e-06 / 8.561593e-01
PCG: 2 : 4.895297e-06 / 8.365256e-01
PCG: 3 : 1.869353e-06 / 3.194417e-01
PCG: 4 : 1.703930e-06 / 2.911736e-01
PCG: 0 : 1.703930e-06
PCG: 1 : 1.396966e-06 / 8.198490e-01
PCG: 2 : 2.364303e-06 / 1.387558e+00
PCG: 3 : 1.753750e-06 / 1.029238e+00
PCG: 4 : 1.440134e-06 / 8.451835e-01
PCG: 0 : 1.440134e-06
PCG: 1 : 1.195141e-06 / 8.298821e-01
PCG: 2 : 1.154402e-06 / 8.015935e-01
PCG: 3 : 4.558297e-07 / 3.165191e-01
PCG: 4 : 4.162224e-07 / 2.890165e-01
PCG: 0 : 4.162226e-07
PCG: 1 : 3.324992e-07 / 7.988494e-01
PCG: 2 : 5.546497e-07 / 1.332579e+00
PCG: 3 : 4.286092e-07 / 1.029760e+00
PCG: 4 : 3.565251e-07 / 8.565732e-01
PCG: 0 : 3.565251e-07
PCG: 1 : 2.856970e-07 / 8.013378e-01
PCG: 2 : 2.717414e-07 / 7.621945e-01
PCG: 3 : 1.115301e-07 / 3.128254e-01
PCG: 4 : 1.025177e-07 / 2.875470e-01
PCG: 0 : 1.025177e-07
PCG: 1 : 7.952307e-08 / 7.757008e-01
PCG: 2 : 1.301029e-07 / 1.269077e+00
PCG: 3 : 1.047675e-07 / 1.021945e+00
PCG: 4 : 8.871721e-08 / 8.653842e-01
PCG: 0 : 8.871719e-08
PCG: 1 : 6.852551e-08 / 7.724040e-01
PCG: 2 : 6.392781e-08 / 7.205797e-01
PCG: 3 : 2.733203e-08 / 3.080804e-01
PCG: 4 : 2.542589e-08 / 2.865948e-01
PCG: 0 : 2.542589e-08
PCG: 1 : 1.912420e-08 / 7.521544e-01
PCG: 2 : 3.057069e-08 / 1.202345e+00
PCG: 3 : 2.558459e-08 / 1.006242e+00
PCG: 4 : 2.216261e-08 / 8.716552e-01
PCG: 0 : 2.216261e-08
PCG: 1 : 1.651011e-08 / 7.449533e-01
PCG: 2 : 1.505610e-08 / 6.793470e-01
PCG: 3 : 6.699322e-09 / 3.022805e-01
PCG: 4 : 6.337740e-09 / 2.859655e-01
PCG: 0 : 6.337741e-09
PCG: 1 : 4.625588e-09 / 7.298481e-01
PCG: 2 : 7.210121e-09 / 1.137649e+00
PCG: 3 : 6.239107e-09 / 9.844371e-01
PCG: 4 : 5.548692e-09 / 8.755000e-01
PCG: 0 : 5.548691e-09
PCG: 1 : 3.997808e-09 / 7.204956e-01
PCG: 2 : 3.557386e-09 / 6.411217e-01
PCG: 3 : 1.641959e-09 / 2.959183e-01
PCG: 4 : 1.585344e-09 / 2.857149e-01
PCG: 0 : 1.585344e-09
PCG: 1 : 1.125384e-09 / 7.098677e-01
PCG: 2 : 1.709852e-09 / 1.078537e+00
PCG: 3 : 1.520044e-09 / 9.588102e-01
PCG: 4 : 1.390118e-09 / 8.768557e-01
PCG: 0 : 1.390118e-09
PCG: 1 : 9.729066e-10 / 6.998736e-01
PCG: 2 : 8.449100e-10 / 6.077974e-01
PCG: 3 : 4.026204e-10 / 2.896304e-01
PCG: 4 : 3.974139e-10 / 2.858851e-01
PCG: 0 : 3.974139e-10
PCG: 1 : 2.752925e-10 / 6.927097e-01
PCG: 2 : 4.081489e-10 / 1.027012e+00
PCG: 3 : 3.703337e-10 / 9.318588e-01
PCG: 4 : 3.480318e-10 / 8.757413e-01

PCG ( VCycle ( S: Scale / C: Scale )  )

Complete solver TOE: 15.2733
0.249145 GFlop/s [0.249145 GFlops/s]

Total time: 15.2733s
Accumulated op time: 9.95121

Reductions: 62.1975%
Blas-1: 1.5803%
Blas-2: 1.37664%
Precon Kernels: 0%
MPI Execution: 0%
MPI Wait: 0%
Not covered: 34.8455%

Domain size: 106.94 MByte
LA size: 356.502 MByte
MPI size: 10.6971 MByte

H0-Error: 4.292390e-07
H1-Error: 2.017209e-03

Writing DATA to output.data...
Run-Time: 0:26.860 [0:26.860]
0xb33329f8 Error: MemoryPool<CUDA> still contains memory chunks on deconstructor call
