NUM-PROCS: 1
Preparing domain...
LVL-MIN: 3 [3]
LVL-MAX: 10 [10]
Creating gates...
Assembling system matrices...
Assembling system filters...
Assembling transfer matrices...
Converting assembled linear system from SparseMatrixCSR, Mem:main to SparseMatrixCSR, Mem:mainand to SparseMatrixCSR, Mem:main...
PCG: 0 : 9.473041e-03
PCG: 1 : 1.006261e-02 / 1.062237e+00
PCG: 0 : 1.007561e-02
PCG: 1 : 1.081093e-02 / 1.072980e+00
PCG: 0 : 1.081097e-02
PCG: 1 : 1.541517e-02 / 1.425882e+00
PCG: 0 : 1.541515e-02
PCG: 1 : 2.591747e-02 / 1.681298e+00
PCG: 0 : 2.591746e-02
PCG: 1 : 2.660275e-02 / 1.026442e+00
PCG: 0 : 2.660275e-02
PCG: 1 : 3.337419e-02 / 1.254539e+00
PCG: 0 : 3.337419e-02
PCG: 1 : 2.868016e-02 / 8.593515e-01
PCG: 0 : 2.868015e-02
PCG: 1 : 3.158485e-02 / 1.101279e+00
PCG: 0 : 3.158485e-02
PCG: 1 : 2.433860e-02 / 7.705784e-01
PCG: 0 : 2.433860e-02
PCG: 1 : 2.487418e-02 / 1.022006e+00
PCG: 0 : 2.487418e-02
PCG: 1 : 1.813487e-02 / 7.290638e-01
PCG: 0 : 1.813486e-02
PCG: 1 : 1.793703e-02 / 9.890908e-01
PCG: 0 : 1.793703e-02
PCG: 1 : 1.277116e-02 / 7.119999e-01
PCG: 0 : 1.277116e-02
PCG: 1 : 1.246285e-02 / 9.758590e-01
PCG: 0 : 1.246285e-02
PCG: 1 : 8.787529e-03 / 7.050976e-01
PCG: 0 : 8.787530e-03
PCG: 1 : 8.527894e-03 / 9.704540e-01
PCG: 0 : 8.527894e-03
PCG: 1 : 5.988356e-03 / 7.022081e-01
PCG: 0 : 5.988355e-03
PCG: 1 : 5.797237e-03 / 9.680851e-01
PCG: 0 : 5.797236e-03
PCG: 1 : 4.063489e-03 / 7.009356e-01
PCG: 0 : 4.063489e-03
PCG: 1 : 3.929437e-03 / 9.670106e-01
PCG: 0 : 3.929436e-03
PCG: 1 : 2.752514e-03 / 7.004858e-01
PCG: 0 : 2.752514e-03
PCG: 1 : 2.660353e-03 / 9.665173e-01
PCG: 0 : 2.660353e-03
PCG: 1 : 1.862907e-03 / 7.002482e-01
PCG: 0 : 1.862907e-03
PCG: 1 : 1.800249e-03 / 9.663652e-01
PCG: 0 : 1.800248e-03
PCG: 1 : 1.260654e-03 / 7.002670e-01
PCG: 0 : 1.260654e-03
PCG: 1 : 1.218036e-03 / 9.661934e-01
PCG: 0 : 1.218036e-03
PCG: 1 : 8.531573e-04 / 7.004369e-01
PCG: 0 : 8.531573e-04
PCG: 1 : 8.241592e-04 / 9.660108e-01
PCG: 0 : 8.241588e-04
PCG: 1 : 5.773160e-04 / 7.004913e-01
PCG: 0 : 5.773161e-04
PCG: 1 : 5.577205e-04 / 9.660574e-01
PCG: 0 : 5.577205e-04
PCG: 1 : 3.908139e-04 / 7.007343e-01
PCG: 0 : 3.908140e-04
PCG: 1 : 3.774309e-04 / 9.657559e-01
PCG: 0 : 3.774308e-04
PCG: 1 : 2.645193e-04 / 7.008418e-01
PCG: 0 : 2.645194e-04
PCG: 1 : 2.555224e-04 / 9.659876e-01
PCG: 0 : 2.555224e-04
PCG: 1 : 1.790869e-04 / 7.008657e-01
PCG: 0 : 1.790869e-04
PCG: 1 : 1.730021e-04 / 9.660234e-01
PCG: 0 : 1.730021e-04
PCG: 1 : 1.212385e-04 / 7.007924e-01
PCG: 0 : 1.212385e-04
PCG: 1 : 1.171364e-04 / 9.661643e-01
PCG: 0 : 1.171363e-04
PCG: 1 : 8.208380e-05 / 7.007543e-01
PCG: 0 : 8.208379e-05
PCG: 1 : 7.930503e-05 / 9.661474e-01
PCG: 0 : 7.930503e-05
PCG: 1 : 5.557780e-05 / 7.008105e-01
PCG: 0 : 5.557780e-05
PCG: 1 : 5.369540e-05 / 9.661303e-01
PCG: 0 : 5.369539e-05
PCG: 1 : 3.763443e-05 / 7.008876e-01
PCG: 0 : 3.763443e-05
PCG: 1 : 3.635507e-05 / 9.660056e-01
PCG: 0 : 3.635507e-05
PCG: 1 : 2.548757e-05 / 7.010733e-01
PCG: 0 : 2.548757e-05
PCG: 1 : 2.461593e-05 / 9.658013e-01
PCG: 0 : 2.461593e-05
PCG: 1 : 1.726051e-05 / 7.011930e-01
PCG: 0 : 1.726052e-05
PCG: 1 : 1.666802e-05 / 9.656736e-01
PCG: 0 : 1.666802e-05
PCG: 1 : 1.169072e-05 / 7.013861e-01
PCG: 0 : 1.169072e-05
PCG: 1 : 1.128869e-05 / 9.656117e-01
PCG: 0 : 1.128869e-05
PCG: 1 : 7.917999e-06 / 7.014098e-01
PCG: 0 : 7.918001e-06
PCG: 1 : 7.645561e-06 / 9.655923e-01
PCG: 0 : 7.645563e-06
PCG: 1 : 5.363338e-06 / 7.014969e-01
PCG: 0 : 5.363338e-06
PCG: 1 : 5.177802e-06 / 9.654066e-01
PCG: 0 : 5.177801e-06
PCG: 1 : 3.632314e-06 / 7.015168e-01
PCG: 0 : 3.632314e-06
PCG: 1 : 3.506616e-06 / 9.653944e-01
PCG: 0 : 3.506616e-06
PCG: 1 : 2.460034e-06 / 7.015408e-01
PCG: 0 : 2.460034e-06
PCG: 1 : 2.374928e-06 / 9.654044e-01
PCG: 0 : 2.374928e-06
PCG: 1 : 1.666108e-06 / 7.015406e-01
PCG: 0 : 1.666108e-06
PCG: 1 : 1.608463e-06 / 9.654009e-01
PCG: 0 : 1.608463e-06
PCG: 1 : 1.128497e-06 / 7.016000e-01
PCG: 0 : 1.128497e-06
PCG: 1 : 1.089228e-06 / 9.652025e-01
PCG: 0 : 1.089228e-06
PCG: 1 : 7.644398e-07 / 7.018178e-01
PCG: 0 : 7.644400e-07
PCG: 1 : 7.377093e-07 / 9.650323e-01
PCG: 0 : 7.377093e-07
PCG: 1 : 5.177561e-07 / 7.018430e-01
PCG: 0 : 5.177561e-07
PCG: 1 : 4.997135e-07 / 9.651523e-01
PCG: 0 : 4.997133e-07
PCG: 1 : 3.507484e-07 / 7.018992e-01
PCG: 0 : 3.507483e-07
PCG: 1 : 3.384831e-07 / 9.650313e-01
PCG: 0 : 3.384830e-07
PCG: 1 : 2.375643e-07 / 7.018499e-01
PCG: 0 : 2.375643e-07
PCG: 1 : 2.292680e-07 / 9.650774e-01
PCG: 0 : 2.292679e-07
PCG: 1 : 1.609352e-07 / 7.019525e-01
PCG: 0 : 1.609352e-07
PCG: 1 : 1.552736e-07 / 9.648203e-01

PCG ( VCycle ( S: Scale / C: Scale )  )

Complete solver TOE: 38.512
0.0375916 GFlop/s [0.0375916 GFlops/s]

Total time: 38.512s
Accumulated op time: 36.8367

Reductions: 1.84193%
Blas-1: 5.43973%
Blas-2: 88.3683%
Precon Kernels: 0%
MPI Execution: 0%
MPI Wait: 0%
Not covered: 4.35004%

Domain size: 106.946 MByte
LA size: 356.551 MByte
MPI size: 10.6978 MByte

H0-Error: 4.921997e-07
H1-Error: 2.017209e-03

Writing DATA to output.data...
Run-Time: 0:48.334 [0:48.334]
0xb32e79f8 Error: MemoryPool<CPU> still contains memory chunks on deconstructor call
