NUM-PROCS: 1
Preparing domain...
LVL-MIN: 2 [2]
LVL-MAX: 10 [10]
Creating gates...
Assembling system matrices...
Assembling system filters...
Assembling transfer matrices...
Converting assembled linear system from SparseMatrixCSR, Mem:main to SparseMatrixELL, Mem:cudaand to SparseMatrixELL, Mem:cuda...
PCG: 0 : 9.473710e-03
PCG: 1 : 5.067391e-03 / 5.348898e-01
PCG: 2 : 3.096539e-03 / 3.268560e-01
PCG: 3 : 1.162282e-03 / 1.226850e-01
PCG: 0 : 1.181380e-03
PCG: 1 : 3.680813e-04 / 3.115690e-01
PCG: 2 : 1.389199e-04 / 1.175913e-01
PCG: 3 : 7.141906e-05 / 6.045394e-02
PCG: 0 : 7.141913e-05
PCG: 1 : 1.606411e-05 / 2.249273e-01
PCG: 2 : 4.296253e-06 / 6.015550e-02
PCG: 3 : 8.828151e-07 / 1.236104e-02
PCG: 0 : 8.828143e-07
PCG: 1 : 2.359047e-07 / 2.672189e-01
PCG: 2 : 1.245233e-07 / 1.410526e-01
PCG: 3 : 6.192977e-08 / 7.015039e-02

PCG ( VCycle ( S: Scale / C: Scale )  )

Complete solver TOE: 0.286866
6.89037 GFlop/s [6.89037 GFlops/s]

Total time: 0.286866s
Accumulated op time: 0.054453

Reductions: 18.3316%
Blas-1: 0.318616%
Blas-2: 0.331862%
Precon Kernels: 0%
MPI Execution: 0%
MPI Wait: 0%
Not covered: 81.018%

Domain size: 192.437 MByte
LA size: 483.444 MByte
MPI size: 10.698 MByte

H0-Error: 4.353745e-07
H1-Error: 2.017209e-03

Writing DATA to output.data...
Run-Time: 0:03.001 [0:03.001]
0x31d198e880 Error: MemoryPool<CUDA> still contains memory chunks on deconstructor call
