NUM-PROCS: 1
Preparing domain...
LVL-MIN: 6 [6]
LVL-MAX: 7 [7]
Creating gates...
Assembling system matrices...
Assembling system filters...
Assembling transfer matrices...
Converting assembled linear system from SparseMatrixCSR, Mem:main to SparseMatrixELL, Mem:cudaand to SparseMatrixELL, Mem:cuda...
PCG: 0 : 7.572471e-02
PCG: 1 : 5.481853e-01 / 7.239186e+00
PCG: 2 : 3.386469e-01 / 4.472080e+00
PCG: 3 : 3.418461e-01 / 4.514327e+00
PCG: 4 : 3.158089e-01 / 4.170486e+00
PCG: 5 : 2.220290e-01 / 2.932055e+00
PCG: 6 : 2.052111e-01 / 2.709962e+00
PCG: 0 : 2.060042e-01
PCG: 1 : 1.787365e-01 / 8.676350e-01
PCG: 2 : 1.899673e-01 / 9.221523e-01
PCG: 3 : 1.629195e-01 / 7.908552e-01
PCG: 4 : 1.800774e-01 / 8.741440e-01
PCG: 5 : 2.583869e-01 / 1.254280e+00
PCG: 6 : 2.252935e-01 / 1.093635e+00
PCG: 0 : 2.252935e-01
PCG: 1 : 1.231868e-01 / 5.467837e-01
PCG: 2 : 1.015670e-01 / 4.508208e-01
PCG: 3 : 8.248577e-02 / 3.661259e-01
PCG: 4 : 9.130102e-02 / 4.052537e-01
PCG: 5 : 8.464317e-02 / 3.757018e-01
PCG: 6 : 8.771976e-02 / 3.893577e-01
PCG: 0 : 8.771976e-02
PCG: 1 : 6.525245e-02 / 7.438740e-01
PCG: 2 : 6.793223e-02 / 7.744233e-01
PCG: 3 : 5.682811e-02 / 6.478370e-01
PCG: 4 : 6.430274e-02 / 7.330473e-01
PCG: 5 : 7.541032e-02 / 8.596731e-01
PCG: 6 : 1.066783e-01 / 1.216126e+00
PCG: 0 : 1.066783e-01
PCG: 1 : 6.228422e-02 / 5.838508e-01
PCG: 2 : 5.268410e-02 / 4.938595e-01
PCG: 3 : 4.454418e-02 / 4.175561e-01
PCG: 4 : 5.032423e-02 / 4.717382e-01
PCG: 5 : 4.738914e-02 / 4.442247e-01
PCG: 6 : 5.650480e-02 / 5.296747e-01
PCG: 0 : 5.650480e-02
PCG: 1 : 4.339004e-02 / 7.679000e-01
PCG: 2 : 4.422908e-02 / 7.827491e-01
PCG: 3 : 3.777551e-02 / 6.685364e-01
PCG: 4 : 4.303926e-02 / 7.616921e-01
PCG: 5 : 5.127132e-02 / 9.073799e-01
PCG: 6 : 7.705384e-02 / 1.363669e+00
PCG: 0 : 7.705384e-02
PCG: 1 : 4.632647e-02 / 6.012220e-01
PCG: 2 : 3.889539e-02 / 5.047819e-01
PCG: 3 : 3.367380e-02 / 4.370165e-01
PCG: 4 : 3.772657e-02 / 4.896131e-01
PCG: 5 : 3.604848e-02 / 4.678349e-01
PCG: 6 : 4.276624e-02 / 5.550175e-01
PCG: 0 : 4.276623e-02
PCG: 1 : 3.382826e-02 / 7.910041e-01
PCG: 2 : 3.424570e-02 / 8.007650e-01
PCG: 3 : 2.977017e-02 / 6.961139e-01
PCG: 4 : 3.345248e-02 / 7.822173e-01
PCG: 5 : 3.995524e-02 / 9.342707e-01
PCG: 6 : 5.912230e-02 / 1.382453e+00
PCG: 0 : 5.912230e-02
PCG: 1 : 3.653806e-02 / 6.180081e-01
PCG: 2 : 3.071862e-02 / 5.195776e-01
PCG: 3 : 2.706271e-02 / 4.577411e-01
PCG: 4 : 2.990978e-02 / 5.058967e-01
PCG: 5 : 2.868870e-02 / 4.852433e-01
PCG: 6 : 3.295809e-02 / 5.574561e-01
PCG: 0 : 3.295809e-02
PCG: 1 : 2.689876e-02 / 8.161507e-01
PCG: 2 : 2.728557e-02 / 8.278869e-01
PCG: 3 : 2.407525e-02 / 7.304809e-01
PCG: 4 : 2.667866e-02 / 8.094725e-01
PCG: 5 : 3.172471e-02 / 9.625773e-01
PCG: 6 : 4.556639e-02 / 1.382556e+00
PCG: 0 : 4.556639e-02
PCG: 1 : 2.896786e-02 / 6.357286e-01
PCG: 2 : 2.453811e-02 / 5.385135e-01
PCG: 3 : 2.192238e-02 / 4.811086e-01
PCG: 4 : 2.393776e-02 / 5.253381e-01
PCG: 5 : 2.294651e-02 / 5.035842e-01
PCG: 6 : 2.541691e-02 / 5.577996e-01
PCG: 0 : 2.541691e-02
PCG: 1 : 2.142477e-02 / 8.429335e-01
PCG: 2 : 2.186534e-02 / 8.602675e-01
PCG: 3 : 1.953349e-02 / 7.685232e-01
PCG: 4 : 2.139317e-02 / 8.416905e-01
PCG: 5 : 2.521443e-02 / 9.920337e-01
PCG: 6 : 3.512910e-02 / 1.382115e+00
PCG: 0 : 3.512910e-02
PCG: 1 : 2.297348e-02 / 6.539729e-01
PCG: 2 : 1.968806e-02 / 5.604486e-01
PCG: 3 : 1.778154e-02 / 5.061767e-01
PCG: 4 : 1.921810e-02 / 5.470707e-01
PCG: 5 : 1.834099e-02 / 5.221025e-01
PCG: 6 : 1.961121e-02 / 5.582611e-01
PCG: 0 : 1.961121e-02
PCG: 1 : 1.707344e-02 / 8.705957e-01
PCG: 2 : 1.757717e-02 / 8.962818e-01
PCG: 3 : 1.585352e-02 / 8.083908e-01
PCG: 4 : 1.719791e-02 / 8.769428e-01
PCG: 5 : 2.001177e-02 / 1.020425e+00
PCG: 6 : 2.711754e-02 / 1.382757e+00
PCG: 0 : 2.711754e-02
PCG: 1 : 1.822690e-02 / 6.721443e-01
PCG: 2 : 1.584557e-02 / 5.843291e-01
PCG: 3 : 1.441738e-02 / 5.316625e-01
PCG: 4 : 1.545267e-02 / 5.698402e-01
PCG: 5 : 1.463419e-02 / 5.396575e-01
PCG: 6 : 1.516060e-02 / 5.590698e-01
PCG: 0 : 1.516060e-02
PCG: 1 : 1.361810e-02 / 8.982560e-01
PCG: 2 : 1.416216e-02 / 9.341426e-01
PCG: 3 : 1.285741e-02 / 8.480806e-01
PCG: 4 : 1.384477e-02 / 9.132073e-01
PCG: 5 : 1.585613e-02 / 1.045877e+00
PCG: 6 : 2.099164e-02 / 1.384618e+00
PCG: 0 : 2.099164e-02
PCG: 1 : 1.447474e-02 / 6.895479e-01
PCG: 2 : 1.277885e-02 / 6.087592e-01
PCG: 3 : 1.167466e-02 / 5.561574e-01
PCG: 4 : 1.243208e-02 / 5.922397e-01
PCG: 5 : 1.165777e-02 / 5.553532e-01
PCG: 6 : 1.176046e-02 / 5.602452e-01
PCG: 0 : 1.176046e-02
PCG: 1 : 1.087737e-02 / 9.249095e-01
PCG: 2 : 1.142105e-02 / 9.711395e-01
PCG: 3 : 1.041659e-02 / 8.857296e-01
PCG: 4 : 1.115273e-02 / 9.483239e-01
PCG: 5 : 1.254103e-02 / 1.066372e+00
PCG: 6 : 1.632576e-02 / 1.388190e+00
PCG: 0 : 1.632576e-02
PCG: 1 : 1.150890e-02 / 7.049536e-01
PCG: 2 : 1.030970e-02 / 6.314985e-01
PCG: 3 : 9.443035e-03 / 5.784131e-01
PCG: 4 : 9.999746e-03 / 6.125133e-01
PCG: 5 : 9.276954e-03 / 5.682402e-01
PCG: 6 : 9.172047e-03 / 5.618143e-01
PCG: 0 : 9.172047e-03
PCG: 1 : 8.704482e-03 / 9.490228e-01
PCG: 2 : 9.192997e-03 / 1.002284e+00
PCG: 3 : 8.445268e-03 / 9.207615e-01
PCG: 4 : 8.985062e-03 / 9.796137e-01
PCG: 5 : 9.883376e-03 / 1.077554e+00
PCG: 6 : 1.280181e-02 / 1.395742e+00
PCG: 0 : 1.280181e-02
PCG: 1 : 9.155155e-03 / 7.151451e-01
PCG: 2 : 8.294550e-03 / 6.479198e-01
PCG: 3 : 7.652207e-03 / 5.977439e-01
PCG: 4 : 8.031938e-03 / 6.274062e-01
PCG: 5 : 7.377082e-03 / 5.762529e-01
PCG: 6 : 7.217767e-03 / 5.638081e-01
PCG: 0 : 7.217767e-03
PCG: 1 : 6.980621e-03 / 9.671441e-01
PCG: 2 : 7.341044e-03 / 1.017080e+00
PCG: 3 : 6.900546e-03 / 9.560499e-01
PCG: 4 : 7.224019e-03 / 1.000866e+00
PCG: 5 : 7.723763e-03 / 1.070104e+00
PCG: 6 : 1.019397e-02 / 1.412344e+00
PCG: 0 : 1.019397e-02
PCG: 1 : 7.264936e-03 / 7.126702e-01
PCG: 2 : 6.613657e-03 / 6.487815e-01
PCG: 3 : 6.262980e-03 / 6.143811e-01
PCG: 4 : 6.416091e-03 / 6.294008e-01
PCG: 5 : 5.865567e-03 / 5.753960e-01
PCG: 6 : 5.755329e-03 / 5.645819e-01
PCG: 0 : 5.755329e-03
PCG: 1 : 5.596856e-03 / 9.724650e-01
PCG: 2 : 5.791020e-03 / 1.006201e+00
PCG: 3 : 5.734230e-03 / 9.963340e-01
PCG: 4 : 5.735457e-03 / 9.965472e-01
PCG: 5 : 6.018759e-03 / 1.045771e+00
PCG: 6 : 8.253167e-03 / 1.434004e+00
PCG: 0 : 8.253167e-03
PCG: 1 : 5.738770e-03 / 6.953415e-01
PCG: 2 : 5.210600e-03 / 6.313455e-01
PCG: 3 : 5.194301e-03 / 6.293706e-01
PCG: 4 : 5.058121e-03 / 6.128703e-01
PCG: 5 : 4.679683e-03 / 5.670166e-01
PCG: 6 : 4.612491e-03 / 5.588752e-01
PCG: 0 : 4.612491e-03
PCG: 1 : 4.467104e-03 / 9.684798e-01
PCG: 2 : 4.586194e-03 / 9.942988e-01
PCG: 3 : 4.773118e-03 / 1.034824e+00
PCG: 4 : 4.493305e-03 / 9.741601e-01
PCG: 5 : 4.777232e-03 / 1.035716e+00
PCG: 6 : 6.666092e-03 / 1.445226e+00
PCG: 0 : 6.666092e-03
PCG: 1 : 4.557296e-03 / 6.836533e-01
PCG: 2 : 4.113691e-03 / 6.171069e-01
PCG: 3 : 4.280083e-03 / 6.420677e-01
PCG: 4 : 3.979919e-03 / 5.970393e-01
PCG: 5 : 3.740133e-03 / 5.610684e-01
PCG: 6 : 3.676669e-03 / 5.515479e-01
PCG: 0 : 3.676669e-03
PCG: 1 : 3.569152e-03 / 9.707568e-01
PCG: 2 : 3.681710e-03 / 1.001371e+00
PCG: 3 : 3.899069e-03 / 1.060489e+00
PCG: 4 : 3.566299e-03 / 9.699810e-01
PCG: 5 : 3.830691e-03 / 1.041892e+00
PCG: 6 : 5.341118e-03 / 1.452706e+00
PCG: 0 : 5.341118e-03
PCG: 1 : 3.648627e-03 / 6.831205e-01
PCG: 2 : 3.288188e-03 / 6.156367e-01
PCG: 3 : 3.469996e-03 / 6.496760e-01
PCG: 4 : 3.174934e-03 / 5.944326e-01
PCG: 5 : 2.987096e-03 / 5.592642e-01
PCG: 6 : 2.929340e-03 / 5.484508e-01
PCG: 0 : 2.929340e-03
PCG: 1 : 2.861039e-03 / 9.766838e-01
PCG: 2 : 2.967287e-03 / 1.012954e+00
PCG: 3 : 3.149379e-03 / 1.075115e+00
PCG: 4 : 2.860789e-03 / 9.765983e-01
PCG: 5 : 3.071783e-03 / 1.048626e+00
PCG: 6 : 4.269897e-03 / 1.457631e+00
PCG: 0 : 4.269897e-03
PCG: 1 : 2.928361e-03 / 6.858153e-01
PCG: 2 : 2.642469e-03 / 6.188601e-01
PCG: 3 : 2.794418e-03 / 6.544464e-01
PCG: 4 : 2.548801e-03 / 5.969233e-01
PCG: 5 : 2.389763e-03 / 5.596771e-01
PCG: 6 : 2.338030e-03 / 5.475612e-01
PCG: 0 : 2.338030e-03
PCG: 1 : 2.297311e-03 / 9.825844e-01
PCG: 2 : 2.390397e-03 / 1.022398e+00
PCG: 3 : 2.534755e-03 / 1.084141e+00
PCG: 4 : 2.300213e-03 / 9.838253e-01
PCG: 5 : 2.462485e-03 / 1.053231e+00
PCG: 6 : 3.414026e-03 / 1.460215e+00
PCG: 0 : 3.414026e-03
PCG: 1 : 2.351565e-03 / 6.887953e-01
PCG: 2 : 2.125509e-03 / 6.225814e-01
PCG: 3 : 2.246279e-03 / 6.579561e-01
PCG: 4 : 2.048651e-03 / 6.000690e-01
PCG: 5 : 1.914873e-03 / 5.608843e-01
PCG: 6 : 1.868938e-03 / 5.474294e-01
PCG: 0 : 1.868938e-03
PCG: 1 : 1.845961e-03 / 9.877058e-01
PCG: 2 : 1.924071e-03 / 1.029500e+00
PCG: 3 : 2.037508e-03 / 1.090195e+00
PCG: 4 : 1.849939e-03 / 9.898345e-01
PCG: 5 : 1.974406e-03 / 1.056432e+00
PCG: 6 : 2.731590e-03 / 1.461573e+00
PCG: 0 : 2.731590e-03
PCG: 1 : 1.888760e-03 / 6.914510e-01
PCG: 2 : 1.709528e-03 / 6.258363e-01
PCG: 3 : 1.804523e-03 / 6.606126e-01
PCG: 4 : 1.646833e-03 / 6.028844e-01
PCG: 5 : 1.535784e-03 / 5.622308e-01
PCG: 6 : 1.495645e-03 / 5.475364e-01
PCG: 0 : 1.495645e-03
PCG: 1 : 1.483686e-03 / 9.920043e-01
PCG: 2 : 1.547763e-03 / 1.034847e+00
PCG: 3 : 1.636872e-03 / 1.094426e+00
PCG: 4 : 1.487654e-03 / 9.946575e-01
PCG: 5 : 1.583593e-03 / 1.058803e+00
PCG: 6 : 2.187158e-03 / 1.462352e+00
PCG: 0 : 2.187158e-03
PCG: 1 : 1.517216e-03 / 6.936928e-01
PCG: 2 : 1.374602e-03 / 6.284877e-01
PCG: 3 : 1.449217e-03 / 6.626025e-01
PCG: 4 : 1.323716e-03 / 6.052218e-01
PCG: 5 : 1.232417e-03 / 5.634785e-01
PCG: 6 : 1.197916e-03 / 5.477043e-01
PCG: 0 : 1.197916e-03
PCG: 1 : 1.192601e-03 / 9.955628e-01
PCG: 2 : 1.244512e-03 / 1.038898e+00
PCG: 3 : 1.314630e-03 / 1.097430e+00
PCG: 4 : 1.196135e-03 / 9.985129e-01
PCG: 5 : 1.270549e-03 / 1.060633e+00
PCG: 6 : 1.752358e-03 / 1.462838e+00
PCG: 0 : 1.752358e-03
PCG: 1 : 1.218844e-03 / 6.955452e-01
PCG: 2 : 1.105015e-03 / 6.305875e-01
PCG: 3 : 1.163694e-03 / 6.640734e-01
PCG: 4 : 1.063873e-03 / 6.071094e-01
PCG: 5 : 9.893090e-04 / 5.645589e-01
PCG: 6 : 9.600721e-04 / 5.478745e-01
PCG: 0 : 9.600720e-04
PCG: 1 : 9.586154e-04 / 9.984828e-01
PCG: 2 : 1.000362e-03 / 1.041966e+00
PCG: 3 : 1.055665e-03 / 1.099568e+00
PCG: 4 : 9.615953e-04 / 1.001587e+00
PCG: 5 : 1.019665e-03 / 1.062072e+00
PCG: 6 : 1.404744e-03 / 1.463165e+00
PCG: 0 : 1.404744e-03
PCG: 1 : 9.791837e-04 / 6.970552e-01
PCG: 2 : 8.881115e-04 / 6.322232e-01
PCG: 3 : 9.343593e-04 / 6.651458e-01
PCG: 4 : 8.549385e-04 / 6.086082e-01
PCG: 5 : 7.943333e-04 / 5.654650e-01
PCG: 6 : 7.698401e-04 / 5.480289e-01
PCG: 0 : 7.698401e-04
PCG: 1 : 7.705016e-04 / 1.000859e+00
PCG: 2 : 8.039237e-04 / 1.044274e+00
PCG: 3 : 8.476531e-04 / 1.101077e+00
PCG: 4 : 7.729351e-04 / 1.004020e+00
PCG: 5 : 8.184965e-04 / 1.063203e+00
PCG: 6 : 1.126572e-03 / 1.463385e+00
PCG: 0 : 1.126572e-03
PCG: 1 : 7.866566e-04 / 6.982745e-01
PCG: 2 : 7.136628e-04 / 6.334816e-01
PCG: 3 : 7.502028e-04 / 6.659163e-01
PCG: 4 : 6.869641e-04 / 6.097826e-01
PCG: 5 : 6.378795e-04 / 5.662128e-01
PCG: 6 : 6.175476e-04 / 5.481651e-01
PCG: 0 : 6.175476e-04
PCG: 1 : 6.192637e-04 / 1.002779e+00
PCG: 2 : 6.459473e-04 / 1.045988e+00
PCG: 3 : 6.806129e-04 / 1.102122e+00
PCG: 4 : 6.212098e-04 / 1.005930e+00
PCG: 5 : 6.571244e-04 / 1.064087e+00
PCG: 6 : 9.038023e-04 / 1.463535e+00
PCG: 0 : 9.038023e-04
PCG: 1 : 6.319821e-04 / 6.992481e-01
PCG: 2 : 5.734044e-04 / 6.344356e-01
PCG: 3 : 6.023458e-04 / 6.664574e-01
PCG: 4 : 5.519405e-04 / 6.106871e-01
PCG: 5 : 5.122947e-04 / 5.668216e-01
PCG: 6 : 4.955398e-04 / 5.482834e-01
PCG: 0 : 4.955397e-04
PCG: 1 : 4.976786e-04 / 1.004316e+00
PCG: 2 : 5.189469e-04 / 1.047236e+00
PCG: 3 : 5.464923e-04 / 1.102822e+00
PCG: 4 : 4.992114e-04 / 1.007409e+00
PCG: 5 : 5.276341e-04 / 1.064766e+00
PCG: 6 : 7.252876e-04 / 1.463632e+00
PCG: 0 : 7.252876e-04
PCG: 1 : 5.077142e-04 / 7.000178e-01
PCG: 2 : 4.606640e-04 / 6.351467e-01
PCG: 3 : 4.836394e-04 / 6.668243e-01
PCG: 4 : 4.434194e-04 / 6.113704e-01
PCG: 5 : 4.114648e-04 / 5.673126e-01
PCG: 6 : 3.977382e-04 / 5.483869e-01
PCG: 0 : 3.977382e-04
PCG: 1 : 3.999395e-04 / 1.005535e+00
PCG: 2 : 4.168752e-04 / 1.048115e+00
PCG: 3 : 4.388098e-04 / 1.103263e+00
PCG: 4 : 4.011328e-04 / 1.008535e+00
PCG: 5 : 4.237017e-04 / 1.065278e+00
PCG: 6 : 5.821651e-04 / 1.463689e+00
PCG: 0 : 5.821651e-04
PCG: 1 : 4.078755e-04 / 7.006182e-01
PCG: 2 : 3.700611e-04 / 6.356634e-01
PCG: 3 : 3.883376e-04 / 6.670576e-01
PCG: 4 : 3.562103e-04 / 6.118717e-01
PCG: 5 : 3.304974e-04 / 5.677040e-01
PCG: 6 : 3.193046e-04 / 5.484778e-01
PCG: 0 : 3.193046e-04
PCG: 1 : 3.213764e-04 / 1.006488e+00
PCG: 2 : 3.348550e-04 / 1.048701e+00
PCG: 3 : 3.523541e-04 / 1.103505e+00
PCG: 4 : 3.222959e-04 / 1.009368e+00
PCG: 5 : 3.402667e-04 / 1.065649e+00
PCG: 6 : 4.673711e-04 / 1.463715e+00
PCG: 0 : 4.673711e-04
PCG: 1 : 3.276640e-04 / 7.010790e-01
PCG: 2 : 2.972596e-04 / 6.360248e-01
PCG: 3 : 3.118241e-04 / 6.671873e-01
PCG: 4 : 2.861357e-04 / 6.122238e-01
PCG: 5 : 2.654727e-04 / 5.680126e-01
PCG: 6 : 2.563807e-04 / 5.485592e-01
PCG: 0 : 2.563807e-04
PCG: 1 : 2.582327e-04 / 1.007223e+00
PCG: 2 : 2.689573e-04 / 1.049054e+00
PCG: 3 : 2.829399e-04 / 1.103593e+00
PCG: 4 : 2.589348e-04 / 1.009962e+00
PCG: 5 : 2.732775e-04 / 1.065905e+00
PCG: 6 : 3.752694e-04 / 1.463719e+00
PCG: 0 : 3.752694e-04
PCG: 1 : 2.632228e-04 / 7.014235e-01
PCG: 2 : 2.387690e-04 / 6.362603e-01
PCG: 3 : 2.503928e-04 / 6.672347e-01
PCG: 4 : 2.298349e-04 / 6.124530e-01
PCG: 5 : 2.132473e-04 / 5.682513e-01
PCG: 6 : 2.058850e-04 / 5.486326e-01
PCG: 0 : 2.058850e-04
PCG: 1 : 2.074861e-04 / 1.007777e+00
PCG: 2 : 2.160187e-04 / 1.049220e+00
PCG: 3 : 2.272062e-04 / 1.103559e+00
PCG: 4 : 2.080175e-04 / 1.010358e+00
PCG: 5 : 2.194870e-04 / 1.066066e+00
PCG: 6 : 3.013552e-04 / 1.463707e+00
PCG: 0 : 3.013552e-04
PCG: 1 : 2.114526e-04 / 7.016724e-01
PCG: 2 : 1.917807e-04 / 6.363941e-01
PCG: 3 : 2.010689e-04 / 6.672156e-01
PCG: 4 : 1.846043e-04 / 6.125804e-01
PCG: 5 : 1.712998e-04 / 5.684316e-01
PCG: 6 : 1.653532e-04 / 5.486987e-01
PCG: 0 : 1.653532e-04
PCG: 1 : 1.667058e-04 / 1.008180e+00
PCG: 2 : 1.734944e-04 / 1.049235e+00
PCG: 3 : 1.824552e-04 / 1.103427e+00
PCG: 4 : 1.671043e-04 / 1.010590e+00
PCG: 5 : 1.762910e-04 / 1.066148e+00
PCG: 6 : 2.420240e-04 / 1.463679e+00
PCG: 0 : 2.420240e-04
PCG: 1 : 1.698629e-04 / 7.018431e-01
PCG: 2 : 1.540350e-04 / 6.364451e-01
PCG: 3 : 1.614645e-04 / 6.671424e-01
PCG: 4 : 1.482698e-04 / 6.126246e-01
PCG: 5 : 1.376061e-04 / 5.685639e-01
PCG: 6 : 1.328132e-04 / 5.487604e-01
PCG: 0 : 1.328132e-04
PCG: 1 : 1.339366e-04 / 1.008459e+00
PCG: 2 : 1.393378e-04 / 1.049127e+00
PCG: 3 : 1.465212e-04 / 1.103212e+00
PCG: 4 : 1.342323e-04 / 1.010685e+00
PCG: 5 : 1.416007e-04 / 1.066164e+00
PCG: 6 : 1.943910e-04 / 1.463642e+00
PCG: 0 : 1.943910e-04
PCG: 1 : 1.364524e-04 / 7.019483e-01
PCG: 2 : 1.237157e-04 / 6.364271e-01
PCG: 3 : 1.296631e-04 / 6.670222e-01
PCG: 4 : 1.190837e-04 / 6.125987e-01
PCG: 5 : 1.105415e-04 / 5.686553e-01
PCG: 6 : 1.066853e-04 / 5.488179e-01
PCG: 0 : 1.066853e-04
PCG: 1 : 1.076063e-04 / 1.008633e+00
PCG: 2 : 1.119038e-04 / 1.048915e+00
PCG: 3 : 1.176660e-04 / 1.102926e+00
PCG: 4 : 1.078231e-04 / 1.010665e+00
PCG: 5 : 1.137400e-04 / 1.066126e+00
PCG: 6 : 1.561443e-04 / 1.463597e+00
PCG: 0 : 1.561442e-04
PCG: 1 : 1.096132e-04 / 7.019993e-01
PCG: 2 : 9.936261e-05 / 6.363514e-01
PCG: 3 : 1.041265e-04 / 6.668611e-01
PCG: 4 : 9.564052e-05 / 6.125139e-01
PCG: 5 : 8.880116e-05 / 5.687123e-01
PCG: 6 : 8.570321e-05 / 5.488720e-01
PCG: 0 : 8.570321e-05
PCG: 1 : 8.645061e-05 / 1.008721e+00
PCG: 2 : 8.986999e-05 / 1.048619e+00
PCG: 3 : 9.449448e-05 / 1.102578e+00
PCG: 4 : 8.660727e-05 / 1.010549e+00
PCG: 5 : 9.136330e-05 / 1.066043e+00
PCG: 6 : 1.254307e-04 / 1.463547e+00
PCG: 0 : 1.254307e-04
PCG: 1 : 8.805297e-05 / 7.020048e-01
PCG: 2 : 7.980232e-05 / 6.362263e-01
PCG: 3 : 8.362003e-05 / 6.666631e-01
PCG: 4 : 7.681115e-05 / 6.123791e-01
PCG: 5 : 7.133756e-05 / 5.687407e-01
PCG: 6 : 6.885191e-05 / 5.489237e-01
PCG: 0 : 6.885191e-05
PCG: 1 : 6.945339e-05 / 1.008736e+00
PCG: 2 : 7.217386e-05 / 1.048248e+00
PCG: 3 : 7.588662e-05 / 1.102172e+00
PCG: 4 : 6.956446e-05 / 1.010349e+00
PCG: 5 : 7.339069e-05 / 1.065921e+00
PCG: 6 : 1.007643e-04 / 1.463494e+00
PCG: 0 : 1.007643e-04
PCG: 1 : 7.073380e-05 / 7.019727e-01
PCG: 2 : 6.409208e-05 / 6.360593e-01
PCG: 3 : 6.715248e-05 / 6.664311e-01
PCG: 4 : 6.168800e-05 / 6.122008e-01
PCG: 5 : 5.730910e-05 / 5.687440e-01
PCG: 6 : 5.531693e-05 / 5.489734e-01
PCG: 0 : 5.531693e-05
PCG: 1 : 5.579756e-05 / 1.008689e+00
PCG: 2 : 5.796177e-05 / 1.047813e+00
PCG: 3 : 6.094328e-05 / 1.101711e+00
PCG: 4 : 5.587440e-05 / 1.010078e+00
PCG: 5 : 5.895499e-05 / 1.065768e+00
PCG: 6 : 8.095288e-05 / 1.463438e+00
PCG: 0 : 8.095287e-05
PCG: 1 : 5.682149e-05 / 7.019083e-01
PCG: 2 : 5.147426e-05 / 6.358546e-01
PCG: 3 : 5.392808e-05 / 6.661664e-01
PCG: 4 : 4.954187e-05 / 6.119841e-01
PCG: 5 : 4.603994e-05 / 5.687252e-01
PCG: 6 : 4.444482e-05 / 5.490209e-01
PCG: 0 : 4.444482e-05
PCG: 1 : 4.482652e-05 / 1.008588e+00
PCG: 2 : 4.654796e-05 / 1.047320e+00
PCG: 3 : 4.894261e-05 / 1.101199e+00
PCG: 4 : 4.487787e-05 / 1.009744e+00
PCG: 5 : 4.735980e-05 / 1.065586e+00
PCG: 6 : 6.503971e-05 / 1.463381e+00
PCG: 0 : 6.503971e-05
PCG: 1 : 4.564591e-05 / 7.018161e-01
PCG: 2 : 4.134028e-05 / 6.356161e-01
PCG: 3 : 4.330801e-05 / 6.658702e-01
PCG: 4 : 3.978699e-05 / 6.117339e-01
PCG: 5 : 3.698730e-05 / 5.686880e-01
PCG: 6 : 3.571118e-05 / 5.490674e-01
PCG: 0 : 3.571118e-05
PCG: 1 : 3.601267e-05 / 1.008443e+00
PCG: 2 : 3.738158e-05 / 1.046775e+00
PCG: 3 : 3.930501e-05 / 1.100636e+00
PCG: 4 : 3.604515e-05 / 1.009352e+00
PCG: 5 : 3.804599e-05 / 1.065380e+00
PCG: 6 : 5.225696e-05 / 1.463322e+00
PCG: 0 : 5.225696e-05
PCG: 1 : 3.666871e-05 / 7.017000e-01
PCG: 2 : 3.320129e-05 / 6.353468e-01
PCG: 3 : 3.477928e-05 / 6.655434e-01
PCG: 4 : 3.195268e-05 / 6.114531e-01
PCG: 5 : 2.971511e-05 / 5.686345e-01
PCG: 6 : 2.869498e-05 / 5.491131e-01
PCG: 0 : 2.869498e-05
PCG: 1 : 2.893191e-05 / 1.008257e+00
PCG: 2 : 3.002018e-05 / 1.046182e+00
PCG: 3 : 3.156512e-05 / 1.100022e+00
PCG: 4 : 2.895064e-05 / 1.008909e+00
PCG: 5 : 3.056456e-05 / 1.065153e+00
PCG: 6 : 4.198836e-05 / 1.463265e+00
PCG: 0 : 4.198836e-05
PCG: 1 : 2.945744e-05 / 7.015621e-01
PCG: 2 : 2.666462e-05 / 6.350479e-01
PCG: 3 : 2.793004e-05 / 6.651855e-01
PCG: 4 : 2.566091e-05 / 6.111435e-01
PCG: 5 : 2.387314e-05 / 5.685658e-01
PCG: 6 : 2.305823e-05 / 5.491578e-01
PCG: 0 : 2.305823e-05
PCG: 1 : 2.324351e-05 / 1.008035e+00
PCG: 2 : 2.410837e-05 / 1.045543e+00
PCG: 3 : 2.534924e-05 / 1.099357e+00
PCG: 4 : 2.325236e-05 / 1.008419e+00
PCG: 5 : 2.455487e-05 / 1.064907e+00
PCG: 6 : 3.373900e-05 / 1.463209e+00
PCG: 0 : 3.373900e-05
PCG: 1 : 2.366470e-05 / 7.014048e-01
PCG: 2 : 2.141485e-05 / 6.347209e-01
PCG: 3 : 2.242955e-05 / 6.647959e-01
PCG: 4 : 2.060802e-05 / 6.108071e-01
PCG: 5 : 1.918006e-05 / 5.684833e-01
PCG: 6 : 1.852951e-05 / 5.492014e-01
PCG: 0 : 1.852951e-05
PCG: 1 : 1.867372e-05 / 1.007783e+00
PCG: 2 : 1.936073e-05 / 1.044859e+00
PCG: 3 : 2.035729e-05 / 1.098641e+00
PCG: 4 : 1.867558e-05 / 1.007883e+00
PCG: 5 : 1.972729e-05 / 1.064642e+00
PCG: 6 : 2.711150e-05 / 1.463153e+00
PCG: 0 : 2.711150e-05
PCG: 1 : 1.901140e-05 / 7.012299e-01
PCG: 2 : 1.719864e-05 / 6.343669e-01
PCG: 3 : 1.801221e-05 / 6.643751e-01
PCG: 4 : 1.655008e-05 / 6.104451e-01
PCG: 5 : 1.540986e-05 / 5.683882e-01
PCG: 6 : 1.489085e-05 / 5.492446e-01
PCG: 0 : 1.489085e-05
PCG: 1 : 1.500255e-05 / 1.007501e+00
PCG: 2 : 1.554803e-05 / 1.044133e+00
PCG: 3 : 1.634827e-05 / 1.097874e+00
PCG: 4 : 1.499963e-05 / 1.007305e+00
PCG: 5 : 1.584923e-05 / 1.064361e+00
PCG: 6 : 2.178680e-05 / 1.463100e+00
PCG: 0 : 2.178680e-05
PCG: 1 : 1.527339e-05 / 7.010386e-01
PCG: 2 : 1.381253e-05 / 6.339861e-01
PCG: 3 : 1.446474e-05 / 6.639221e-01
PCG: 4 : 1.329121e-05 / 6.100580e-01
PCG: 5 : 1.238102e-05 / 5.682811e-01
PCG: 6 : 1.196720e-05 / 5.492870e-01
PCG: 0 : 1.196720e-05
PCG: 1 : 1.205328e-05 / 1.007193e+00
PCG: 2 : 1.248616e-05 / 1.043365e+00
PCG: 3 : 1.312866e-05 / 1.097053e+00
PCG: 4 : 1.204722e-05 / 1.006686e+00
PCG: 5 : 1.273388e-05 / 1.064065e+00
PCG: 6 : 1.750863e-05 / 1.463051e+00
PCG: 0 : 1.750863e-05
PCG: 1 : 1.227060e-05 / 7.008315e-01
PCG: 2 : 1.109309e-05 / 6.335785e-01
PCG: 3 : 1.161585e-05 / 6.634356e-01
PCG: 4 : 1.067406e-05 / 6.096457e-01
PCG: 5 : 9.947730e-06 / 5.681615e-01
PCG: 6 : 9.617981e-06 / 5.493280e-01
PCG: 0 : 9.617980e-06
PCG: 1 : 9.683950e-06 / 1.006859e+00
PCG: 2 : 1.002726e-05 / 1.042554e+00
PCG: 3 : 1.054303e-05 / 1.096179e+00
PCG: 4 : 9.675936e-06 / 1.006026e+00
PCG: 5 : 1.023117e-05 / 1.063754e+00
PCG: 6 : 1.407115e-05 / 1.463004e+00
PCG: 0 : 1.407115e-05
PCG: 1 : 9.858381e-06 / 7.006097e-01
PCG: 2 : 8.909067e-06 / 6.331444e-01
PCG: 3 : 9.327986e-06 / 6.629159e-01
PCG: 4 : 8.572271e-06 / 6.092092e-01
PCG: 5 : 7.992849e-06 / 5.680311e-01
PCG: 6 : 7.730248e-06 / 5.493688e-01
PCG: 0 : 7.730248e-06
PCG: 1 : 7.780509e-06 / 1.006502e+00
PCG: 2 : 8.052608e-06 / 1.041701e+00
PCG: 3 : 8.466561e-06 / 1.095251e+00
PCG: 4 : 7.771420e-06 / 1.005326e+00
PCG: 5 : 8.220570e-06 / 1.063429e+00
PCG: 6 : 1.130905e-05 / 1.462961e+00
PCG: 0 : 1.130905e-05
PCG: 1 : 7.920567e-06 / 7.003740e-01
PCG: 2 : 7.155058e-06 / 6.326841e-01
PCG: 3 : 7.490687e-06 / 6.623620e-01
PCG: 4 : 6.884365e-06 / 6.087481e-01
PCG: 5 : 6.422290e-06 / 5.678893e-01
PCG: 6 : 6.213289e-06 / 5.494084e-01
PCG: 0 : 6.213289e-06
PCG: 1 : 6.251321e-06 / 1.006121e+00
PCG: 2 : 6.466827e-06 / 1.040806e+00
PCG: 3 : 6.798992e-06 / 1.094266e+00
PCG: 4 : 6.241789e-06 / 1.004587e+00
PCG: 5 : 6.605285e-06 / 1.063090e+00
PCG: 6 : 9.089550e-06 / 1.462921e+00
PCG: 0 : 9.089550e-06
PCG: 1 : 6.363819e-06 / 7.001247e-01
PCG: 2 : 5.746387e-06 / 6.321970e-01
PCG: 3 : 6.015227e-06 / 6.617739e-01
PCG: 4 : 5.528837e-06 / 6.082630e-01
PCG: 5 : 5.160472e-06 / 5.677367e-01
PCG: 6 : 4.994235e-06 / 5.494480e-01
PCG: 0 : 4.994235e-06
PCG: 1 : 5.022794e-06 / 1.005718e+00
PCG: 2 : 5.193345e-06 / 1.039868e+00
PCG: 3 : 5.459823e-06 / 1.093225e+00
PCG: 4 : 5.013249e-06 / 1.003807e+00
PCG: 5 : 5.307555e-06 / 1.062736e+00
PCG: 6 : 7.305982e-06 / 1.462883e+00
PCG: 0 : 7.305982e-06
PCG: 1 : 5.113178e-06 / 6.998618e-01
PCG: 2 : 4.615064e-06 / 6.316830e-01
PCG: 3 : 4.830353e-06 / 6.611505e-01
PCG: 4 : 4.440236e-06 / 6.077535e-01
PCG: 5 : 4.146684e-06 / 5.675738e-01
PCG: 6 : 4.014546e-06 / 5.494876e-01
PCG: 0 : 4.014546e-06
PCG: 1 : 4.035797e-06 / 1.005293e+00
PCG: 2 : 4.170656e-06 / 1.038886e+00
PCG: 3 : 4.384387e-06 / 1.092125e+00
PCG: 4 : 4.026534e-06 / 1.002986e+00
PCG: 5 : 4.264919e-06 / 1.062366e+00
PCG: 6 : 5.872667e-06 / 1.462847e+00
PCG: 0 : 5.872667e-06
PCG: 1 : 4.108431e-06 / 6.995852e-01
PCG: 2 : 3.706486e-06 / 6.311418e-01
PCG: 3 : 3.878846e-06 / 6.604915e-01
PCG: 4 : 3.565997e-06 / 6.072194e-01
PCG: 5 : 3.332154e-06 / 5.674005e-01
PCG: 6 : 3.227188e-06 / 5.495269e-01
PCG: 0 : 3.227188e-06
PCG: 1 : 3.242832e-06 / 1.004847e+00
PCG: 2 : 3.349372e-06 / 1.037861e+00
PCG: 3 : 3.520757e-06 / 1.090968e+00
PCG: 4 : 3.234048e-06 / 1.002126e+00
PCG: 5 : 3.427218e-06 / 1.061983e+00
PCG: 6 : 4.720780e-06 / 1.462815e+00
PCG: 0 : 4.720779e-06
PCG: 1 : 3.301220e-06 / 6.992955e-01
PCG: 2 : 2.976797e-06 / 6.305733e-01
PCG: 3 : 3.114752e-06 / 6.597962e-01
PCG: 4 : 2.863905e-06 / 6.066595e-01
PCG: 5 : 2.677698e-06 / 5.672153e-01
PCG: 6 : 2.594374e-06 / 5.495648e-01
PCG: 0 : 2.594374e-06
PCG: 1 : 2.605737e-06 / 1.004380e+00
PCG: 2 : 2.689825e-06 / 1.036792e+00
PCG: 3 : 2.827223e-06 / 1.089751e+00
PCG: 4 : 2.597551e-06 / 1.001225e+00
PCG: 5 : 2.754148e-06 / 1.061585e+00
PCG: 6 : 3.795017e-06 / 1.462787e+00
PCG: 0 : 3.795017e-06
PCG: 1 : 2.652687e-06 / 6.989921e-01
PCG: 2 : 2.390773e-06 / 6.299768e-01
PCG: 3 : 2.501160e-06 / 6.590644e-01
PCG: 4 : 2.300063e-06 / 6.060744e-01
PCG: 5 : 2.151848e-06 / 5.670193e-01
PCG: 6 : 2.085751e-06 / 5.496025e-01
PCG: 0 : 2.085751e-06
PCG: 1 : 2.093868e-06 / 1.003892e+00
PCG: 2 : 2.160169e-06 / 1.035679e+00
PCG: 3 : 2.270292e-06 / 1.088477e+00
PCG: 4 : 2.086341e-06 / 1.000283e+00
PCG: 5 : 2.213341e-06 / 1.061172e+00
PCG: 6 : 3.050960e-06 / 1.462764e+00

PCG ( VCycle ( S: Scale / C: Scale )  )

Complete solver TOE: 1.25884
0.916517 GFlop/s [0.916517 GFlops/s]

Total time: 1.25884s
Accumulated op time: 0.693279

Reductions: 35.0742%
Blas-1: 11.5437%
Blas-2: 8.45502%
Precon Kernels: 0%
MPI Execution: 0%
MPI Wait: 0%
Not covered: 44.9271%

Domain size: 1.58899 MByte
LA size: 4.66325 MByte
MPI size: 0.15921 MByte

H0-Error: 3.024417e-05
H1-Error: 1.613732e-02

Writing DATA to output.data...
Run-Time: 0:01.453 [0:01.453]
0xb33449f8 Error: MemoryPool<CUDA> still contains memory chunks on deconstructor call
