NUM-PROCS: 1
Preparing domain...
LVL-MIN: 4 [4]
LVL-MAX: 11 [11]
Creating gates...
Assembling system matrices...
Assembling system filters...
Assembling transfer matrices...
Converting assembled linear system from SparseMatrixCSR, Mem:main to SparseMatrixCSR, Mem:mainand to SparseMatrixCSR, Mem:main...
PCG: 0 : 4.717541e-03
PCG: 1 : 9.589627e-03 / 2.032760e+00
PCG: 2 : 1.439332e-02 / 3.051021e+00
PCG: 3 : 3.675831e-02 / 7.791837e+00
PCG: 4 : 4.834791e-02 / 1.024854e+01
PCG: 5 : 3.465525e-02 / 7.346041e+00
PCG: 6 : 2.185117e-02 / 4.631899e+00
PCG: 7 : 4.477274e-03 / 9.490694e-01
PCG: 0 : 4.479146e-03
PCG: 1 : 3.866542e-03 / 8.632320e-01
PCG: 2 : 4.751322e-03 / 1.060765e+00
PCG: 3 : 2.075400e-03 / 4.633472e-01
PCG: 4 : 1.422653e-03 / 3.176171e-01
PCG: 5 : 5.846681e-04 / 1.305312e-01
PCG: 6 : 2.566394e-04 / 5.729651e-02
PCG: 7 : 1.169810e-04 / 2.611681e-02
PCG: 0 : 1.169882e-04
PCG: 1 : 7.946559e-05 / 6.792618e-01
PCG: 2 : 4.265375e-05 / 3.645989e-01
PCG: 3 : 3.152994e-05 / 2.695139e-01
PCG: 4 : 1.051571e-05 / 8.988692e-02
PCG: 5 : 3.756084e-06 / 3.210653e-02
PCG: 6 : 8.476989e-06 / 7.246023e-02
PCG: 7 : 1.159075e-05 / 9.907624e-02
PCG: 0 : 1.159081e-05
PCG: 1 : 5.107183e-06 / 4.406235e-01
PCG: 2 : 1.677768e-06 / 1.447498e-01
PCG: 3 : 1.728370e-06 / 1.491155e-01
PCG: 4 : 1.898037e-06 / 1.637536e-01
PCG: 5 : 1.924612e-06 / 1.660464e-01
PCG: 6 : 1.300379e-06 / 1.121905e-01
PCG: 7 : 6.624472e-07 / 5.715280e-02
PCG: 0 : 6.624470e-07
PCG: 1 : 7.372005e-07 / 1.112845e+00
PCG: 2 : 3.308270e-07 / 4.994015e-01
PCG: 3 : 1.524900e-07 / 2.301920e-01
PCG: 4 : 9.403762e-08 / 1.419549e-01
PCG: 5 : 9.599444e-08 / 1.449089e-01
PCG: 6 : 1.241050e-07 / 1.873433e-01
PCG: 7 : 6.648898e-08 / 1.003688e-01
PCG: 0 : 6.648921e-08
PCG: 1 : 4.598911e-08 / 6.916777e-01
PCG: 2 : 3.381451e-08 / 5.085714e-01
PCG: 3 : 3.578661e-08 / 5.382318e-01
PCG: 4 : 2.584425e-08 / 3.886984e-01
PCG: 5 : 1.910055e-08 / 2.872729e-01
PCG: 6 : 1.521899e-08 / 2.288942e-01
PCG: 7 : 1.570665e-08 / 2.362286e-01

PCG ( VCycle ( S: Scale / C: Scale )  )

Complete solver TOE: 12.6405
2.05864 GFlop/s [2.05864 GFlops/s]

Total time: 12.6405s
Accumulated op time: 12.2341

Reductions: 5.93343%
Blas-1: 6.64845%
Blas-2: 84.2035%
Precon Kernels: 0%
MPI Execution: 0%
MPI Wait: 0%
Not covered: 3.21465%

Domain size: 768.86 MByte
LA size: 1932.08 MByte
MPI size: 42.7285 MByte

H0-Error: 1.104155e-07
H1-Error: 1.008605e-03

Writing DATA to output.data...
Run-Time: 0:21.793 [0:21.793]
0x31d198e880 Error: MemoryPool<CPU> still contains memory chunks on deconstructor call
