NUM-PROCS: 1
Preparing domain...
LVL-MIN: 5 [5]
LVL-MAX: 9 [9]
Creating gates...
Assembling system matrices...
Assembling system filters...
Assembling transfer matrices...
Converting assembled linear system from SparseMatrixCSR, Mem:main to SparseMatrixCSR, Mem:mainand to SparseMatrixCSR, Mem:main...
PCG: 0 : 1.894513e-02
PCG: 1 : 7.936680e-02 / 4.189298e+00
PCG: 0 : 7.951881e-02
PCG: 1 : 6.371430e-02 / 8.012482e-01
PCG: 0 : 6.371430e-02
PCG: 1 : 1.135192e-01 / 1.781690e+00
PCG: 0 : 1.135192e-01
PCG: 1 : 1.347122e-01 / 1.186692e+00
PCG: 0 : 1.347122e-01
PCG: 1 : 1.593377e-01 / 1.182801e+00
PCG: 0 : 1.593377e-01
PCG: 1 : 1.413281e-01 / 8.869720e-01
PCG: 0 : 1.413281e-01
PCG: 1 : 1.529523e-01 / 1.082250e+00
PCG: 0 : 1.529523e-01
PCG: 1 : 1.321587e-01 / 8.640520e-01
PCG: 0 : 1.321587e-01
PCG: 1 : 1.422019e-01 / 1.075994e+00
PCG: 0 : 1.422019e-01
PCG: 1 : 1.227895e-01 / 8.634871e-01
PCG: 0 : 1.227895e-01
PCG: 1 : 1.324399e-01 / 1.078593e+00
PCG: 0 : 1.324399e-01
PCG: 1 : 1.147073e-01 / 8.661084e-01
PCG: 0 : 1.147073e-01
PCG: 1 : 1.241482e-01 / 1.082304e+00
PCG: 0 : 1.241482e-01
PCG: 1 : 1.079011e-01 / 8.691314e-01
PCG: 0 : 1.079011e-01
PCG: 1 : 1.171521e-01 / 1.085736e+00
PCG: 0 : 1.171521e-01
PCG: 1 : 1.021415e-01 / 8.718707e-01
PCG: 0 : 1.021415e-01
PCG: 1 : 1.112034e-01 / 1.088719e+00
PCG: 0 : 1.112034e-01
PCG: 1 : 9.720693e-02 / 8.741362e-01
PCG: 0 : 9.720693e-02
PCG: 1 : 1.060655e-01 / 1.091132e+00
PCG: 0 : 1.060655e-01
PCG: 1 : 9.292674e-02 / 8.761256e-01
PCG: 0 : 9.292673e-02
PCG: 1 : 1.015837e-01 / 1.093159e+00
PCG: 0 : 1.015837e-01
PCG: 1 : 8.915313e-02 / 8.776326e-01
PCG: 0 : 8.915313e-02
PCG: 1 : 9.761331e-02 / 1.094895e+00
PCG: 0 : 9.761332e-02
PCG: 1 : 8.578796e-02 / 8.788550e-01
PCG: 0 : 8.578796e-02
PCG: 1 : 9.404933e-02 / 1.096300e+00
PCG: 0 : 9.404933e-02
PCG: 1 : 8.274989e-02 / 8.798562e-01
PCG: 0 : 8.274989e-02
PCG: 1 : 9.080903e-02 / 1.097392e+00
PCG: 0 : 9.080903e-02
PCG: 1 : 7.998449e-02 / 8.807989e-01
PCG: 0 : 7.998449e-02
PCG: 1 : 8.783511e-02 / 1.098152e+00
PCG: 0 : 8.783510e-02
PCG: 1 : 7.742924e-02 / 8.815296e-01
PCG: 0 : 7.742924e-02
PCG: 1 : 8.508365e-02 / 1.098857e+00
PCG: 0 : 8.508365e-02
PCG: 1 : 7.505283e-02 / 8.821064e-01
PCG: 0 : 7.505282e-02
PCG: 1 : 8.251888e-02 / 1.099477e+00
PCG: 0 : 8.251888e-02
PCG: 1 : 7.282159e-02 / 8.824840e-01
PCG: 0 : 7.282159e-02
PCG: 1 : 8.010674e-02 / 1.100041e+00
PCG: 0 : 8.010674e-02
PCG: 1 : 7.071848e-02 / 8.828031e-01
PCG: 0 : 7.071848e-02
PCG: 1 : 7.782422e-02 / 1.100479e+00
PCG: 0 : 7.782421e-02
PCG: 1 : 6.872632e-02 / 8.830969e-01
PCG: 0 : 6.872632e-02
PCG: 1 : 7.564876e-02 / 1.100725e+00
PCG: 0 : 7.564876e-02
PCG: 1 : 6.682651e-02 / 8.833787e-01
PCG: 0 : 6.682651e-02
PCG: 1 : 7.357695e-02 / 1.101014e+00
PCG: 0 : 7.357694e-02
PCG: 1 : 6.500697e-02 / 8.835237e-01
PCG: 0 : 6.500697e-02
PCG: 1 : 7.158773e-02 / 1.101232e+00
PCG: 0 : 7.158773e-02
PCG: 1 : 6.326148e-02 / 8.836916e-01
PCG: 0 : 6.326148e-02
PCG: 1 : 6.967280e-02 / 1.101346e+00
PCG: 0 : 6.967280e-02
PCG: 1 : 6.157675e-02 / 8.837989e-01
PCG: 0 : 6.157675e-02
PCG: 1 : 6.782870e-02 / 1.101531e+00
PCG: 0 : 6.782870e-02
PCG: 1 : 5.995059e-02 / 8.838528e-01
PCG: 0 : 5.995059e-02
PCG: 1 : 6.604639e-02 / 1.101680e+00
PCG: 0 : 6.604638e-02
PCG: 1 : 5.837950e-02 / 8.839167e-01
PCG: 0 : 5.837950e-02
PCG: 1 : 6.432163e-02 / 1.101784e+00
PCG: 0 : 6.432162e-02
PCG: 1 : 5.685959e-02 / 8.839887e-01
PCG: 0 : 5.685958e-02
PCG: 1 : 6.264769e-02 / 1.101796e+00
PCG: 0 : 6.264768e-02
PCG: 1 : 5.538581e-02 / 8.840840e-01
PCG: 0 : 5.538581e-02
PCG: 1 : 6.102111e-02 / 1.101746e+00
PCG: 0 : 6.102110e-02
PCG: 1 : 5.395347e-02 / 8.841771e-01
PCG: 0 : 5.395346e-02
PCG: 1 : 5.944464e-02 / 1.101776e+00
PCG: 0 : 5.944463e-02
PCG: 1 : 5.256170e-02 / 8.842127e-01
PCG: 0 : 5.256169e-02
PCG: 1 : 5.791334e-02 / 1.101816e+00
PCG: 0 : 5.791333e-02
PCG: 1 : 5.120681e-02 / 8.841972e-01
PCG: 0 : 5.120680e-02
PCG: 1 : 5.642657e-02 / 1.101935e+00
PCG: 0 : 5.642656e-02
PCG: 1 : 4.988910e-02 / 8.841421e-01
PCG: 0 : 4.988910e-02
PCG: 1 : 5.497950e-02 / 1.102034e+00
PCG: 0 : 5.497950e-02
PCG: 1 : 4.860567e-02 / 8.840689e-01
PCG: 0 : 4.860567e-02
PCG: 1 : 5.357154e-02 / 1.102167e+00
PCG: 0 : 5.357154e-02
PCG: 1 : 4.735927e-02 / 8.840379e-01
PCG: 0 : 4.735927e-02
PCG: 1 : 5.219402e-02 / 1.102087e+00
PCG: 0 : 5.219402e-02
PCG: 1 : 4.614497e-02 / 8.841045e-01
PCG: 0 : 4.614497e-02
PCG: 1 : 5.085944e-02 / 1.102167e+00
PCG: 0 : 5.085944e-02
PCG: 1 : 4.496055e-02 / 8.840159e-01
PCG: 0 : 4.496055e-02
PCG: 1 : 4.955908e-02 / 1.102279e+00
PCG: 0 : 4.955908e-02
PCG: 1 : 4.380829e-02 / 8.839609e-01
PCG: 0 : 4.380829e-02
PCG: 1 : 4.829057e-02 / 1.102316e+00
PCG: 0 : 4.829057e-02
PCG: 1 : 4.268619e-02 / 8.839446e-01
PCG: 0 : 4.268619e-02
PCG: 1 : 4.705163e-02 / 1.102268e+00
PCG: 0 : 4.705163e-02
PCG: 1 : 4.159448e-02 / 8.840177e-01
PCG: 0 : 4.159448e-02
PCG: 1 : 4.584422e-02 / 1.102171e+00
PCG: 0 : 4.584422e-02
PCG: 1 : 4.053313e-02 / 8.841493e-01
PCG: 0 : 4.053313e-02
PCG: 1 : 4.466743e-02 / 1.101998e+00
PCG: 0 : 4.466743e-02
PCG: 1 : 3.949658e-02 / 8.842367e-01
PCG: 0 : 3.949658e-02
PCG: 1 : 4.352408e-02 / 1.101971e+00
PCG: 0 : 4.352408e-02
PCG: 1 : 3.848509e-02 / 8.842254e-01
PCG: 0 : 3.848510e-02
PCG: 1 : 4.240795e-02 / 1.101932e+00
PCG: 0 : 4.240795e-02
PCG: 1 : 3.749908e-02 / 8.842463e-01
PCG: 0 : 3.749908e-02
PCG: 1 : 4.132443e-02 / 1.102012e+00
PCG: 0 : 4.132443e-02
PCG: 1 : 3.653670e-02 / 8.841431e-01
PCG: 0 : 3.653670e-02
PCG: 1 : 4.026699e-02 / 1.102097e+00
PCG: 0 : 4.026699e-02
PCG: 1 : 3.560016e-02 / 8.841028e-01
PCG: 0 : 3.560016e-02
PCG: 1 : 3.923552e-02 / 1.102117e+00
PCG: 0 : 3.923552e-02
PCG: 1 : 3.468904e-02 / 8.841233e-01
PCG: 0 : 3.468904e-02
PCG: 1 : 3.822850e-02 / 1.102034e+00
PCG: 0 : 3.822850e-02
PCG: 1 : 3.380092e-02 / 8.841811e-01
PCG: 0 : 3.380092e-02
PCG: 1 : 3.725040e-02 / 1.102053e+00
PCG: 0 : 3.725040e-02
PCG: 1 : 3.293522e-02 / 8.841575e-01
PCG: 0 : 3.293522e-02
PCG: 1 : 3.629452e-02 / 1.101997e+00
PCG: 0 : 3.629452e-02
PCG: 1 : 3.209153e-02 / 8.841978e-01
PCG: 0 : 3.209153e-02
PCG: 1 : 3.536488e-02 / 1.102000e+00
PCG: 0 : 3.536488e-02
PCG: 1 : 3.126807e-02 / 8.841560e-01
PCG: 0 : 3.126807e-02
PCG: 1 : 3.445963e-02 / 1.102071e+00
PCG: 0 : 3.445963e-02
PCG: 1 : 3.046632e-02 / 8.841164e-01
PCG: 0 : 3.046632e-02
PCG: 1 : 3.357510e-02 / 1.102040e+00
PCG: 0 : 3.357510e-02
PCG: 1 : 2.968683e-02 / 8.841919e-01
PCG: 0 : 2.968682e-02
PCG: 1 : 3.271293e-02 / 1.101934e+00
PCG: 0 : 3.271293e-02
PCG: 1 : 2.892725e-02 / 8.842757e-01
PCG: 0 : 2.892725e-02
PCG: 1 : 3.187334e-02 / 1.101845e+00
PCG: 0 : 3.187334e-02
PCG: 1 : 2.818606e-02 / 8.843145e-01
PCG: 0 : 2.818606e-02
PCG: 1 : 3.105624e-02 / 1.101830e+00
PCG: 0 : 3.105624e-02
PCG: 1 : 2.746368e-02 / 8.843207e-01
PCG: 0 : 2.746368e-02
PCG: 1 : 3.025975e-02 / 1.101810e+00
PCG: 0 : 3.025976e-02
PCG: 1 : 2.676002e-02 / 8.843434e-01
PCG: 0 : 2.676001e-02
PCG: 1 : 2.948230e-02 / 1.101730e+00
PCG: 0 : 2.948230e-02
PCG: 1 : 2.607422e-02 / 8.844026e-01
PCG: 0 : 2.607422e-02
PCG: 1 : 2.872518e-02 / 1.101670e+00
PCG: 0 : 2.872518e-02
PCG: 1 : 2.540596e-02 / 8.844492e-01
PCG: 0 : 2.540596e-02
PCG: 1 : 2.798782e-02 / 1.101624e+00
PCG: 0 : 2.798782e-02
PCG: 1 : 2.475495e-02 / 8.844903e-01
PCG: 0 : 2.475495e-02
PCG: 1 : 2.726874e-02 / 1.101547e+00
PCG: 0 : 2.726874e-02
PCG: 1 : 2.412026e-02 / 8.845389e-01
PCG: 0 : 2.412026e-02
PCG: 1 : 2.656958e-02 / 1.101546e+00
PCG: 0 : 2.656958e-02
PCG: 1 : 2.350152e-02 / 8.845273e-01
PCG: 0 : 2.350152e-02
PCG: 1 : 2.588812e-02 / 1.101551e+00
PCG: 0 : 2.588812e-02
PCG: 1 : 2.289811e-02 / 8.845024e-01
PCG: 0 : 2.289810e-02
PCG: 1 : 2.522394e-02 / 1.101573e+00
PCG: 0 : 2.522394e-02
PCG: 1 : 2.231057e-02 / 8.844998e-01
PCG: 0 : 2.231057e-02
PCG: 1 : 2.457708e-02 / 1.101589e+00
PCG: 0 : 2.457708e-02
PCG: 1 : 2.173929e-02 / 8.845353e-01
PCG: 0 : 2.173929e-02
PCG: 1 : 2.394540e-02 / 1.101480e+00
PCG: 0 : 2.394540e-02
PCG: 1 : 2.118142e-02 / 8.845716e-01
PCG: 0 : 2.118142e-02
PCG: 1 : 2.333111e-02 / 1.101489e+00
PCG: 0 : 2.333111e-02
PCG: 1 : 2.063878e-02 / 8.846034e-01
PCG: 0 : 2.063877e-02
PCG: 1 : 2.273215e-02 / 1.101429e+00
PCG: 0 : 2.273215e-02
PCG: 1 : 2.010923e-02 / 8.846163e-01
PCG: 0 : 2.010923e-02
PCG: 1 : 2.214907e-02 / 1.101438e+00
PCG: 0 : 2.214907e-02
PCG: 1 : 1.959330e-02 / 8.846104e-01
PCG: 0 : 1.959329e-02
PCG: 1 : 2.158100e-02 / 1.101448e+00
PCG: 0 : 2.158100e-02
PCG: 1 : 1.909035e-02 / 8.845907e-01
PCG: 0 : 1.909035e-02
PCG: 1 : 2.102741e-02 / 1.101468e+00
PCG: 0 : 2.102741e-02
PCG: 1 : 1.860017e-02 / 8.845675e-01
PCG: 0 : 1.860017e-02
PCG: 1 : 2.048910e-02 / 1.101555e+00
PCG: 0 : 2.048910e-02
PCG: 1 : 1.812182e-02 / 8.844613e-01
PCG: 0 : 1.812182e-02
PCG: 1 : 1.996370e-02 / 1.101639e+00
PCG: 0 : 1.996370e-02
PCG: 1 : 1.765692e-02 / 8.844514e-01
PCG: 0 : 1.765692e-02
PCG: 1 : 1.945129e-02 / 1.101624e+00
PCG: 0 : 1.945129e-02
PCG: 1 : 1.720348e-02 / 8.844391e-01
PCG: 0 : 1.720348e-02
PCG: 1 : 1.895261e-02 / 1.101673e+00
PCG: 0 : 1.895261e-02
PCG: 1 : 1.676202e-02 / 8.844179e-01
PCG: 0 : 1.676202e-02
PCG: 1 : 1.846597e-02 / 1.101655e+00
PCG: 0 : 1.846597e-02
PCG: 1 : 1.633218e-02 / 8.844473e-01
PCG: 0 : 1.633218e-02
PCG: 1 : 1.799202e-02 / 1.101630e+00
PCG: 0 : 1.799201e-02
PCG: 1 : 1.591326e-02 / 8.844627e-01
PCG: 0 : 1.591326e-02
PCG: 1 : 1.753090e-02 / 1.101653e+00
PCG: 0 : 1.753090e-02
PCG: 1 : 1.550543e-02 / 8.844630e-01
PCG: 0 : 1.550543e-02
PCG: 1 : 1.708052e-02 / 1.101583e+00
PCG: 0 : 1.708052e-02
PCG: 1 : 1.510791e-02 / 8.845112e-01
PCG: 0 : 1.510791e-02
PCG: 1 : 1.664210e-02 / 1.101548e+00
PCG: 0 : 1.664210e-02
PCG: 1 : 1.472014e-02 / 8.845121e-01
PCG: 0 : 1.472014e-02
PCG: 1 : 1.621478e-02 / 1.101537e+00
PCG: 0 : 1.621478e-02
PCG: 1 : 1.434227e-02 / 8.845181e-01
PCG: 0 : 1.434227e-02
PCG: 1 : 1.579968e-02 / 1.101617e+00
PCG: 0 : 1.579968e-02
PCG: 1 : 1.397440e-02 / 8.844734e-01
PCG: 0 : 1.397440e-02
PCG: 1 : 1.539384e-02 / 1.101575e+00
PCG: 0 : 1.539384e-02
PCG: 1 : 1.361603e-02 / 8.845115e-01
PCG: 0 : 1.361603e-02
PCG: 1 : 1.499914e-02 / 1.101580e+00
PCG: 0 : 1.499914e-02
PCG: 1 : 1.326710e-02 / 8.845235e-01
PCG: 0 : 1.326710e-02
PCG: 1 : 1.461342e-02 / 1.101478e+00
PCG: 0 : 1.461342e-02
PCG: 1 : 1.292704e-02 / 8.846006e-01
PCG: 0 : 1.292704e-02
PCG: 1 : 1.423823e-02 / 1.101430e+00
PCG: 0 : 1.423823e-02
PCG: 1 : 1.259582e-02 / 8.846481e-01
PCG: 0 : 1.259582e-02
PCG: 1 : 1.387262e-02 / 1.101367e+00
PCG: 0 : 1.387262e-02
PCG: 1 : 1.227326e-02 / 8.847111e-01
PCG: 0 : 1.227326e-02
PCG: 1 : 1.351577e-02 / 1.101237e+00
PCG: 0 : 1.351577e-02
PCG: 1 : 1.195865e-02 / 8.847923e-01
PCG: 0 : 1.195865e-02
PCG: 1 : 1.316883e-02 / 1.101198e+00
PCG: 0 : 1.316883e-02
PCG: 1 : 1.165233e-02 / 8.848413e-01
PCG: 0 : 1.165232e-02
PCG: 1 : 1.283113e-02 / 1.101165e+00
PCG: 0 : 1.283113e-02
PCG: 1 : 1.135357e-02 / 8.848458e-01
PCG: 0 : 1.135357e-02
PCG: 1 : 1.250168e-02 / 1.101123e+00
PCG: 0 : 1.250168e-02
PCG: 1 : 1.106219e-02 / 8.848562e-01
PCG: 0 : 1.106219e-02
PCG: 1 : 1.218162e-02 / 1.101194e+00
PCG: 0 : 1.218162e-02
PCG: 1 : 1.077866e-02 / 8.848304e-01
PCG: 0 : 1.077866e-02
PCG: 1 : 1.186830e-02 / 1.101092e+00
PCG: 0 : 1.186830e-02
PCG: 1 : 1.050254e-02 / 8.849232e-01
PCG: 0 : 1.050254e-02
PCG: 1 : 1.156405e-02 / 1.101072e+00
PCG: 0 : 1.156405e-02
PCG: 1 : 1.023295e-02 / 8.848934e-01
PCG: 0 : 1.023295e-02
PCG: 1 : 1.126768e-02 / 1.101117e+00
PCG: 0 : 1.126768e-02
PCG: 1 : 9.970758e-03 / 8.848987e-01
PCG: 0 : 9.970757e-03
PCG: 1 : 1.097886e-02 / 1.101106e+00
PCG: 0 : 1.097886e-02
PCG: 1 : 9.714772e-03 / 8.848617e-01
PCG: 0 : 9.714771e-03
PCG: 1 : 1.069736e-02 / 1.101144e+00
PCG: 0 : 1.069736e-02
PCG: 1 : 9.465548e-03 / 8.848488e-01
PCG: 0 : 9.465548e-03
PCG: 1 : 1.042321e-02 / 1.101174e+00
PCG: 0 : 1.042321e-02
PCG: 1 : 9.222840e-03 / 8.848367e-01
PCG: 0 : 9.222840e-03
PCG: 1 : 1.015576e-02 / 1.101153e+00
PCG: 0 : 1.015576e-02
PCG: 1 : 8.986393e-03 / 8.848566e-01
PCG: 0 : 8.986392e-03
PCG: 1 : 9.895256e-03 / 1.101138e+00
PCG: 0 : 9.895256e-03
PCG: 1 : 8.756118e-03 / 8.848804e-01
PCG: 0 : 8.756118e-03
PCG: 1 : 9.641296e-03 / 1.101093e+00
PCG: 0 : 9.641296e-03
PCG: 1 : 8.531791e-03 / 8.849216e-01
PCG: 0 : 8.531790e-03
PCG: 1 : 9.393709e-03 / 1.101024e+00
PCG: 0 : 9.393708e-03
PCG: 1 : 8.313304e-03 / 8.849864e-01
PCG: 0 : 8.313304e-03
PCG: 1 : 9.152896e-03 / 1.100994e+00
PCG: 0 : 9.152895e-03
PCG: 1 : 8.099969e-03 / 8.849625e-01
PCG: 0 : 8.099969e-03
PCG: 1 : 8.918191e-03 / 1.101016e+00
PCG: 0 : 8.918190e-03
PCG: 1 : 7.892568e-03 / 8.849965e-01
PCG: 0 : 7.892568e-03
PCG: 1 : 8.689264e-03 / 1.100943e+00
PCG: 0 : 8.689264e-03
PCG: 1 : 7.690648e-03 / 8.850747e-01
PCG: 0 : 7.690648e-03
PCG: 1 : 8.466428e-03 / 1.100873e+00
PCG: 0 : 8.466428e-03
PCG: 1 : 7.493411e-03 / 8.850735e-01
PCG: 0 : 7.493411e-03
PCG: 1 : 8.249185e-03 / 1.100859e+00
PCG: 0 : 8.249185e-03
PCG: 1 : 7.301542e-03 / 8.851229e-01
PCG: 0 : 7.301543e-03
PCG: 1 : 8.037766e-03 / 1.100831e+00
PCG: 0 : 8.037766e-03
PCG: 1 : 7.114434e-03 / 8.851259e-01
PCG: 0 : 7.114434e-03
PCG: 1 : 7.831814e-03 / 1.100834e+00
PCG: 0 : 7.831814e-03
PCG: 1 : 6.931856e-03 / 8.850895e-01
PCG: 0 : 6.931855e-03
PCG: 1 : 7.631050e-03 / 1.100867e+00
PCG: 0 : 7.631049e-03
PCG: 1 : 6.754180e-03 / 8.850920e-01
PCG: 0 : 6.754180e-03
PCG: 1 : 7.435426e-03 / 1.100863e+00
PCG: 0 : 7.435426e-03
PCG: 1 : 6.581042e-03 / 8.850928e-01
PCG: 0 : 6.581041e-03
PCG: 1 : 7.244831e-03 / 1.100864e+00
PCG: 0 : 7.244830e-03
PCG: 1 : 6.412535e-03 / 8.851187e-01
PCG: 0 : 6.412535e-03
PCG: 1 : 7.059007e-03 / 1.100814e+00
PCG: 0 : 7.059007e-03
PCG: 1 : 6.248213e-03 / 8.851405e-01
PCG: 0 : 6.248213e-03
PCG: 1 : 6.877969e-03 / 1.100790e+00
PCG: 0 : 6.877969e-03
PCG: 1 : 6.088219e-03 / 8.851768e-01
PCG: 0 : 6.088219e-03
PCG: 1 : 6.701557e-03 / 1.100742e+00
PCG: 0 : 6.701557e-03
PCG: 1 : 5.932298e-03 / 8.852118e-01
PCG: 0 : 5.932297e-03
PCG: 1 : 6.529631e-03 / 1.100692e+00
PCG: 0 : 6.529631e-03
PCG: 1 : 5.780310e-03 / 8.852431e-01
PCG: 0 : 5.780310e-03
PCG: 1 : 6.362279e-03 / 1.100681e+00
PCG: 0 : 6.362278e-03
PCG: 1 : 5.632316e-03 / 8.852671e-01
PCG: 0 : 5.632315e-03
PCG: 1 : 6.199133e-03 / 1.100637e+00
PCG: 0 : 6.199133e-03
PCG: 1 : 5.487885e-03 / 8.852665e-01
PCG: 0 : 5.487885e-03
PCG: 1 : 6.040128e-03 / 1.100629e+00
PCG: 0 : 6.040128e-03
PCG: 1 : 5.347589e-03 / 8.853437e-01
PCG: 0 : 5.347589e-03
PCG: 1 : 5.885415e-03 / 1.100574e+00
PCG: 0 : 5.885415e-03
PCG: 1 : 5.210415e-03 / 8.853098e-01
PCG: 0 : 5.210415e-03
PCG: 1 : 5.734425e-03 / 1.100570e+00
PCG: 0 : 5.734425e-03
PCG: 1 : 5.076831e-03 / 8.853251e-01
PCG: 0 : 5.076831e-03
PCG: 1 : 5.587657e-03 / 1.100619e+00
PCG: 0 : 5.587657e-03
PCG: 1 : 4.946864e-03 / 8.853200e-01
PCG: 0 : 4.946864e-03
PCG: 1 : 5.444475e-03 / 1.100591e+00
PCG: 0 : 5.444475e-03
PCG: 1 : 4.820137e-03 / 8.853264e-01
PCG: 0 : 4.820137e-03
PCG: 1 : 5.304758e-03 / 1.100541e+00
PCG: 0 : 5.304758e-03
PCG: 1 : 4.696693e-03 / 8.853738e-01
PCG: 0 : 4.696693e-03
PCG: 1 : 5.168915e-03 / 1.100544e+00
PCG: 0 : 5.168915e-03
PCG: 1 : 4.576484e-03 / 8.853858e-01
PCG: 0 : 4.576484e-03
PCG: 1 : 5.036347e-03 / 1.100484e+00
PCG: 0 : 5.036347e-03
PCG: 1 : 4.459283e-03 / 8.854201e-01
PCG: 0 : 4.459283e-03
PCG: 1 : 4.907005e-03 / 1.100402e+00
PCG: 0 : 4.907005e-03
PCG: 1 : 4.345162e-03 / 8.855019e-01
PCG: 0 : 4.345162e-03
PCG: 1 : 4.781216e-03 / 1.100354e+00
PCG: 0 : 4.781216e-03
PCG: 1 : 4.233984e-03 / 8.855454e-01
PCG: 0 : 4.233984e-03
PCG: 1 : 4.658600e-03 / 1.100288e+00
PCG: 0 : 4.658600e-03
PCG: 1 : 4.125664e-03 / 8.856018e-01
PCG: 0 : 4.125664e-03
PCG: 1 : 4.539188e-03 / 1.100232e+00
PCG: 0 : 4.539188e-03
PCG: 1 : 4.019989e-03 / 8.856186e-01
PCG: 0 : 4.019989e-03
PCG: 1 : 4.422840e-03 / 1.100212e+00
PCG: 0 : 4.422839e-03
PCG: 1 : 3.917127e-03 / 8.856589e-01
PCG: 0 : 3.917127e-03
PCG: 1 : 4.309286e-03 / 1.100114e+00
PCG: 0 : 4.309286e-03
PCG: 1 : 3.817012e-03 / 8.857643e-01
PCG: 0 : 3.817012e-03
PCG: 1 : 4.198723e-03 / 1.100003e+00
PCG: 0 : 4.198723e-03
PCG: 1 : 3.719247e-03 / 8.858045e-01
PCG: 0 : 3.719247e-03
PCG: 1 : 4.091103e-03 / 1.099982e+00
PCG: 0 : 4.091103e-03
PCG: 1 : 3.624230e-03 / 8.858810e-01
PCG: 0 : 3.624230e-03
PCG: 1 : 3.986222e-03 / 1.099881e+00
PCG: 0 : 3.986222e-03
PCG: 1 : 3.531190e-03 / 8.858488e-01
PCG: 0 : 3.531189e-03
PCG: 1 : 3.884154e-03 / 1.099956e+00
PCG: 0 : 3.884154e-03
PCG: 1 : 3.440771e-03 / 8.858483e-01
PCG: 0 : 3.440771e-03
PCG: 1 : 3.784665e-03 / 1.099947e+00
PCG: 0 : 3.784664e-03
PCG: 1 : 3.352657e-03 / 8.858532e-01
PCG: 0 : 3.352657e-03
PCG: 1 : 3.687720e-03 / 1.099940e+00
PCG: 0 : 3.687720e-03
PCG: 1 : 3.266797e-03 / 8.858582e-01
PCG: 0 : 3.266797e-03
PCG: 1 : 3.593204e-03 / 1.099916e+00
PCG: 0 : 3.593203e-03
PCG: 1 : 3.183095e-03 / 8.858654e-01
PCG: 0 : 3.183095e-03
PCG: 1 : 3.501297e-03 / 1.099966e+00
PCG: 0 : 3.501297e-03
PCG: 1 : 3.101488e-03 / 8.858113e-01
PCG: 0 : 3.101488e-03
PCG: 1 : 3.411685e-03 / 1.100016e+00
PCG: 0 : 3.411684e-03
PCG: 1 : 3.022035e-03 / 8.857898e-01
PCG: 0 : 3.022035e-03
PCG: 1 : 3.324196e-03 / 1.099986e+00
PCG: 0 : 3.324196e-03
PCG: 1 : 2.944775e-03 / 8.858609e-01
PCG: 0 : 2.944775e-03
PCG: 1 : 3.238830e-03 / 1.099856e+00
PCG: 0 : 3.238829e-03
PCG: 1 : 2.869542e-03 / 8.859814e-01
PCG: 0 : 2.869542e-03
PCG: 1 : 3.155855e-03 / 1.099776e+00
PCG: 0 : 3.155854e-03
PCG: 1 : 2.796008e-03 / 8.859749e-01
PCG: 0 : 2.796007e-03
PCG: 1 : 3.075048e-03 / 1.099800e+00
PCG: 0 : 3.075048e-03
PCG: 1 : 2.724305e-03 / 8.859389e-01
PCG: 0 : 2.724305e-03
PCG: 1 : 2.996355e-03 / 1.099860e+00
PCG: 0 : 2.996355e-03
PCG: 1 : 2.654469e-03 / 8.858992e-01
PCG: 0 : 2.654469e-03
PCG: 1 : 2.919756e-03 / 1.099940e+00
PCG: 0 : 2.919756e-03
PCG: 1 : 2.586375e-03 / 8.858188e-01
PCG: 0 : 2.586375e-03
PCG: 1 : 2.844909e-03 / 1.099960e+00
PCG: 0 : 2.844909e-03
PCG: 1 : 2.520206e-03 / 8.858651e-01
PCG: 0 : 2.520206e-03
PCG: 1 : 2.772093e-03 / 1.099947e+00
PCG: 0 : 2.772093e-03
PCG: 1 : 2.455586e-03 / 8.858240e-01
PCG: 0 : 2.455586e-03
PCG: 1 : 2.701131e-03 / 1.099994e+00
PCG: 0 : 2.701131e-03
PCG: 1 : 2.392793e-03 / 8.858487e-01
PCG: 0 : 2.392793e-03
PCG: 1 : 2.631881e-03 / 1.099920e+00
PCG: 0 : 2.631881e-03
PCG: 1 : 2.331575e-03 / 8.858967e-01
PCG: 0 : 2.331574e-03
PCG: 1 : 2.564438e-03 / 1.099874e+00
PCG: 0 : 2.564438e-03
PCG: 1 : 2.271920e-03 / 8.859329e-01
PCG: 0 : 2.271920e-03
PCG: 1 : 2.498779e-03 / 1.099854e+00
PCG: 0 : 2.498779e-03
PCG: 1 : 2.213654e-03 / 8.858942e-01
PCG: 0 : 2.213654e-03
PCG: 1 : 2.434819e-03 / 1.099910e+00
PCG: 0 : 2.434819e-03
PCG: 1 : 2.156965e-03 / 8.858829e-01
PCG: 0 : 2.156965e-03
PCG: 1 : 2.372428e-03 / 1.099892e+00
PCG: 0 : 2.372428e-03
PCG: 1 : 2.101821e-03 / 8.859365e-01
PCG: 0 : 2.101821e-03
PCG: 1 : 2.311593e-03 / 1.099805e+00
PCG: 0 : 2.311593e-03
PCG: 1 : 2.047962e-03 / 8.859527e-01
PCG: 0 : 2.047962e-03
PCG: 1 : 2.252391e-03 / 1.099821e+00
PCG: 0 : 2.252391e-03
PCG: 1 : 1.995577e-03 / 8.859818e-01
PCG: 0 : 1.995577e-03
PCG: 1 : 2.194652e-03 / 1.099758e+00
PCG: 0 : 2.194652e-03
PCG: 1 : 1.944579e-03 / 8.860537e-01
PCG: 0 : 1.944579e-03
PCG: 1 : 2.138390e-03 / 1.099667e+00
PCG: 0 : 2.138390e-03
PCG: 1 : 1.894888e-03 / 8.861285e-01
PCG: 0 : 1.894888e-03
PCG: 1 : 2.083592e-03 / 1.099586e+00
PCG: 0 : 2.083592e-03
PCG: 1 : 1.846327e-03 / 8.861268e-01
PCG: 0 : 1.846327e-03
PCG: 1 : 2.030261e-03 / 1.099622e+00
PCG: 0 : 2.030261e-03
PCG: 1 : 1.799009e-03 / 8.860976e-01
PCG: 0 : 1.799009e-03
PCG: 1 : 1.978307e-03 / 1.099665e+00
PCG: 0 : 1.978307e-03
PCG: 1 : 1.752960e-03 / 8.860914e-01
PCG: 0 : 1.752960e-03
PCG: 1 : 1.927610e-03 / 1.099631e+00
PCG: 0 : 1.927610e-03
PCG: 1 : 1.708078e-03 / 8.861119e-01
PCG: 0 : 1.708078e-03
PCG: 1 : 1.878268e-03 / 1.099638e+00
PCG: 0 : 1.878269e-03
PCG: 1 : 1.664308e-03 / 8.860861e-01
PCG: 0 : 1.664308e-03
PCG: 1 : 1.830202e-03 / 1.099678e+00
PCG: 0 : 1.830202e-03
PCG: 1 : 1.621704e-03 / 8.860788e-01
PCG: 0 : 1.621704e-03
PCG: 1 : 1.783308e-03 / 1.099651e+00
PCG: 0 : 1.783308e-03
PCG: 1 : 1.580179e-03 / 8.860947e-01
PCG: 0 : 1.580179e-03
PCG: 1 : 1.737696e-03 / 1.099683e+00
PCG: 0 : 1.737696e-03
PCG: 1 : 1.539720e-03 / 8.860697e-01
PCG: 0 : 1.539720e-03
PCG: 1 : 1.693164e-03 / 1.099657e+00
PCG: 0 : 1.693164e-03
PCG: 1 : 1.500346e-03 / 8.861197e-01
PCG: 0 : 1.500346e-03
PCG: 1 : 1.649729e-03 / 1.099566e+00
PCG: 0 : 1.649730e-03
PCG: 1 : 1.461977e-03 / 8.861917e-01
PCG: 0 : 1.461977e-03
PCG: 1 : 1.607505e-03 / 1.099542e+00
PCG: 0 : 1.607505e-03
PCG: 1 : 1.424611e-03 / 8.862255e-01
PCG: 0 : 1.424611e-03
PCG: 1 : 1.566260e-03 / 1.099430e+00
PCG: 0 : 1.566260e-03
PCG: 1 : 1.388210e-03 / 8.863218e-01
PCG: 0 : 1.388210e-03
PCG: 1 : 1.526121e-03 / 1.099344e+00
PCG: 0 : 1.526121e-03
PCG: 1 : 1.352664e-03 / 8.863413e-01
PCG: 0 : 1.352664e-03
PCG: 1 : 1.487041e-03 / 1.099343e+00
PCG: 0 : 1.487041e-03
PCG: 1 : 1.318093e-03 / 8.863867e-01
PCG: 0 : 1.318093e-03
PCG: 1 : 1.448888e-03 / 1.099231e+00
PCG: 0 : 1.448888e-03
PCG: 1 : 1.284375e-03 / 8.864552e-01
PCG: 0 : 1.284375e-03
PCG: 1 : 1.411800e-03 / 1.099212e+00
PCG: 0 : 1.411800e-03
PCG: 1 : 1.251488e-03 / 8.864485e-01
PCG: 0 : 1.251488e-03
PCG: 1 : 1.375659e-03 / 1.099219e+00
PCG: 0 : 1.375659e-03
PCG: 1 : 1.219484e-03 / 8.864723e-01
PCG: 0 : 1.219484e-03
PCG: 1 : 1.340408e-03 / 1.099160e+00
PCG: 0 : 1.340408e-03
PCG: 1 : 1.188279e-03 / 8.865056e-01
PCG: 0 : 1.188279e-03
PCG: 1 : 1.306090e-03 / 1.099145e+00
PCG: 0 : 1.306090e-03
PCG: 1 : 1.157878e-03 / 8.865222e-01
PCG: 0 : 1.157878e-03
PCG: 1 : 1.272653e-03 / 1.099126e+00
PCG: 0 : 1.272653e-03
PCG: 1 : 1.128229e-03 / 8.865175e-01
PCG: 0 : 1.128229e-03
PCG: 1 : 1.240094e-03 / 1.099151e+00
PCG: 0 : 1.240094e-03
PCG: 1 : 1.099299e-03 / 8.864641e-01
PCG: 0 : 1.099299e-03
PCG: 1 : 1.208368e-03 / 1.099217e+00
PCG: 0 : 1.208368e-03
PCG: 1 : 1.071141e-03 / 8.864362e-01
PCG: 0 : 1.071141e-03
PCG: 1 : 1.177455e-03 / 1.099253e+00
PCG: 0 : 1.177455e-03
PCG: 1 : 1.043799e-03 / 8.864871e-01
PCG: 0 : 1.043799e-03
PCG: 1 : 1.147285e-03 / 1.099144e+00
PCG: 0 : 1.147285e-03
PCG: 1 : 1.017068e-03 / 8.864999e-01
PCG: 0 : 1.017068e-03
PCG: 1 : 1.117900e-03 / 1.099140e+00
PCG: 0 : 1.117900e-03
PCG: 1 : 9.910595e-04 / 8.865365e-01
PCG: 0 : 9.910594e-04
PCG: 1 : 1.089266e-03 / 1.099092e+00
PCG: 0 : 1.089266e-03
PCG: 1 : 9.657166e-04 / 8.865758e-01
PCG: 0 : 9.657165e-04
PCG: 1 : 1.061386e-03 / 1.099066e+00
PCG: 0 : 1.061386e-03
PCG: 1 : 9.410185e-04 / 8.865941e-01
PCG: 0 : 9.410186e-04
PCG: 1 : 1.034200e-03 / 1.099022e+00
PCG: 0 : 1.034200e-03
PCG: 1 : 9.169360e-04 / 8.866140e-01
PCG: 0 : 9.169360e-04
PCG: 1 : 1.007704e-03 / 1.098990e+00
PCG: 0 : 1.007704e-03
PCG: 1 : 8.935020e-04 / 8.866712e-01
PCG: 0 : 8.935019e-04
PCG: 1 : 9.819140e-04 / 1.098950e+00
PCG: 0 : 9.819139e-04
PCG: 1 : 8.706512e-04 / 8.866879e-01
PCG: 0 : 8.706512e-04
PCG: 1 : 9.567990e-04 / 1.098946e+00
PCG: 0 : 9.567990e-04
PCG: 1 : 8.483248e-04 / 8.866280e-01
PCG: 0 : 8.483247e-04
PCG: 1 : 9.323395e-04 / 1.099036e+00
PCG: 0 : 9.323396e-04
PCG: 1 : 8.266154e-04 / 8.866034e-01
PCG: 0 : 8.266153e-04
PCG: 1 : 9.084985e-04 / 1.099058e+00
PCG: 0 : 9.084984e-04
PCG: 1 : 8.054413e-04 / 8.865632e-01
PCG: 0 : 8.054413e-04
PCG: 1 : 8.852817e-04 / 1.099126e+00
PCG: 0 : 8.852817e-04
PCG: 1 : 7.848219e-04 / 8.865223e-01
PCG: 0 : 7.848219e-04
PCG: 1 : 8.626103e-04 / 1.099116e+00
PCG: 0 : 8.626102e-04
PCG: 1 : 7.647448e-04 / 8.865473e-01
PCG: 0 : 7.647447e-04
PCG: 1 : 8.405369e-04 / 1.099108e+00
PCG: 0 : 8.405368e-04
PCG: 1 : 7.451868e-04 / 8.865606e-01
PCG: 0 : 7.451866e-04
PCG: 1 : 8.190262e-04 / 1.099089e+00
PCG: 0 : 8.190261e-04
PCG: 1 : 7.261654e-04 / 8.866205e-01
PCG: 0 : 7.261653e-04
PCG: 1 : 7.980288e-04 / 1.098963e+00
PCG: 0 : 7.980287e-04
PCG: 1 : 7.075782e-04 / 8.866576e-01
PCG: 0 : 7.075782e-04
PCG: 1 : 7.776158e-04 / 1.098982e+00
PCG: 0 : 7.776157e-04
PCG: 1 : 6.895016e-04 / 8.866868e-01
PCG: 0 : 6.895015e-04
PCG: 1 : 7.577058e-04 / 1.098918e+00
PCG: 0 : 7.577059e-04
PCG: 1 : 6.718350e-04 / 8.866699e-01
PCG: 0 : 6.718349e-04
PCG: 1 : 7.383517e-04 / 1.099008e+00
PCG: 0 : 7.383517e-04
PCG: 1 : 6.546489e-04 / 8.866355e-01
PCG: 0 : 6.546489e-04
PCG: 1 : 7.194622e-04 / 1.099005e+00
PCG: 0 : 7.194623e-04
PCG: 1 : 6.379013e-04 / 8.866361e-01
PCG: 0 : 6.379012e-04
PCG: 1 : 7.010663e-04 / 1.099020e+00
PCG: 0 : 7.010663e-04
PCG: 1 : 6.215640e-04 / 8.865981e-01
PCG: 0 : 6.215640e-04
PCG: 1 : 6.831579e-04 / 1.099095e+00
PCG: 0 : 6.831579e-04
PCG: 1 : 6.056578e-04 / 8.865561e-01
PCG: 0 : 6.056578e-04
PCG: 1 : 6.656710e-04 / 1.099088e+00
PCG: 0 : 6.656710e-04
PCG: 1 : 5.901888e-04 / 8.866073e-01
PCG: 0 : 5.901888e-04
PCG: 1 : 6.486258e-04 / 1.099014e+00
PCG: 0 : 6.486259e-04
PCG: 1 : 5.750991e-04 / 8.866422e-01
PCG: 0 : 5.750990e-04
PCG: 1 : 6.320412e-04 / 1.099013e+00
PCG: 0 : 6.320412e-04
PCG: 1 : 5.603945e-04 / 8.866425e-01
PCG: 0 : 5.603944e-04
PCG: 1 : 6.158684e-04 / 1.098991e+00
PCG: 0 : 6.158683e-04
PCG: 1 : 5.460610e-04 / 8.866522e-01
PCG: 0 : 5.460610e-04
PCG: 1 : 6.001263e-04 / 1.099010e+00
PCG: 0 : 6.001262e-04
PCG: 1 : 5.320841e-04 / 8.866204e-01
PCG: 0 : 5.320842e-04
PCG: 1 : 5.847880e-04 / 1.099052e+00
PCG: 0 : 5.847879e-04
PCG: 1 : 5.184791e-04 / 8.866104e-01
PCG: 0 : 5.184790e-04
PCG: 1 : 5.698229e-04 / 1.099028e+00
PCG: 0 : 5.698229e-04
PCG: 1 : 5.052168e-04 / 8.866208e-01
PCG: 0 : 5.052167e-04
PCG: 1 : 5.552383e-04 / 1.099010e+00
PCG: 0 : 5.552383e-04
PCG: 1 : 4.923026e-04 / 8.866510e-01
PCG: 0 : 4.923026e-04
PCG: 1 : 5.410486e-04 / 1.099016e+00
PCG: 0 : 5.410487e-04
PCG: 1 : 4.797190e-04 / 8.866465e-01
PCG: 0 : 4.797190e-04
PCG: 1 : 5.272291e-04 / 1.099037e+00
PCG: 0 : 5.272290e-04
PCG: 1 : 4.674472e-04 / 8.866113e-01
PCG: 0 : 4.674472e-04
PCG: 1 : 5.137393e-04 / 1.099032e+00
PCG: 0 : 5.137393e-04
PCG: 1 : 4.554973e-04 / 8.866313e-01
PCG: 0 : 4.554974e-04
PCG: 1 : 5.006011e-04 / 1.099021e+00
PCG: 0 : 5.006010e-04
PCG: 1 : 4.438613e-04 / 8.866568e-01
PCG: 0 : 4.438612e-04
PCG: 1 : 4.878003e-04 / 1.098993e+00
PCG: 0 : 4.878002e-04
PCG: 1 : 4.325244e-04 / 8.866835e-01
PCG: 0 : 4.325243e-04
PCG: 1 : 4.753215e-04 / 1.098948e+00
PCG: 0 : 4.753215e-04
PCG: 1 : 4.214716e-04 / 8.867086e-01
PCG: 0 : 4.214716e-04
PCG: 1 : 4.631703e-04 / 1.098936e+00
PCG: 0 : 4.631703e-04
PCG: 1 : 4.106812e-04 / 8.866742e-01
PCG: 0 : 4.106812e-04
PCG: 1 : 4.513446e-04 / 1.099015e+00
PCG: 0 : 4.513445e-04
PCG: 1 : 4.001715e-04 / 8.866209e-01
PCG: 0 : 4.001715e-04
PCG: 1 : 4.398228e-04 / 1.099086e+00
PCG: 0 : 4.398228e-04
PCG: 1 : 3.899540e-04 / 8.866162e-01
PCG: 0 : 3.899540e-04
PCG: 1 : 4.285635e-04 / 1.099010e+00
PCG: 0 : 4.285635e-04
PCG: 1 : 3.799895e-04 / 8.866585e-01
PCG: 0 : 3.799895e-04
PCG: 1 : 4.176037e-04 / 1.098987e+00
PCG: 0 : 4.176036e-04
PCG: 1 : 3.702843e-04 / 8.866883e-01
PCG: 0 : 3.702842e-04
PCG: 1 : 4.069412e-04 / 1.098997e+00
PCG: 0 : 4.069412e-04
PCG: 1 : 3.608191e-04 / 8.866616e-01
PCG: 0 : 3.608191e-04
PCG: 1 : 3.965225e-04 / 1.098951e+00
PCG: 0 : 3.965225e-04
PCG: 1 : 3.516073e-04 / 8.867272e-01
PCG: 0 : 3.516073e-04
PCG: 1 : 3.863909e-04 / 1.098927e+00
PCG: 0 : 3.863908e-04
PCG: 1 : 3.426290e-04 / 8.867420e-01
PCG: 0 : 3.426290e-04
PCG: 1 : 3.765169e-04 / 1.098906e+00
PCG: 0 : 3.765169e-04
PCG: 1 : 3.338776e-04 / 8.867532e-01
PCG: 0 : 3.338775e-04
PCG: 1 : 3.668783e-04 / 1.098841e+00
PCG: 0 : 3.668783e-04
PCG: 1 : 3.253640e-04 / 8.868445e-01
PCG: 0 : 3.253639e-04
PCG: 1 : 3.574990e-04 / 1.098767e+00
PCG: 0 : 3.574990e-04
PCG: 1 : 3.170474e-04 / 8.868482e-01
PCG: 0 : 3.170474e-04
PCG: 1 : 3.483511e-04 / 1.098735e+00
PCG: 0 : 3.483511e-04
PCG: 1 : 3.089593e-04 / 8.869190e-01
PCG: 0 : 3.089593e-04
PCG: 1 : 3.394597e-04 / 1.098720e+00
PCG: 0 : 3.394597e-04
PCG: 1 : 3.010655e-04 / 8.868961e-01
PCG: 0 : 3.010655e-04
PCG: 1 : 3.307860e-04 / 1.098718e+00
PCG: 0 : 3.307860e-04
PCG: 1 : 2.933783e-04 / 8.869126e-01
PCG: 0 : 2.933783e-04
PCG: 1 : 3.223336e-04 / 1.098696e+00
PCG: 0 : 3.223336e-04
PCG: 1 : 2.858928e-04 / 8.869470e-01
PCG: 0 : 2.858928e-04
PCG: 1 : 3.140837e-04 / 1.098607e+00
PCG: 0 : 3.140837e-04
PCG: 1 : 2.785978e-04 / 8.870177e-01
PCG: 0 : 2.785979e-04
PCG: 1 : 3.060621e-04 / 1.098580e+00
PCG: 0 : 3.060620e-04
PCG: 1 : 2.714909e-04 / 8.870454e-01
PCG: 0 : 2.714909e-04
PCG: 1 : 2.982458e-04 / 1.098548e+00
PCG: 0 : 2.982458e-04
PCG: 1 : 2.645447e-04 / 8.870025e-01
PCG: 0 : 2.645447e-04
PCG: 1 : 2.906407e-04 / 1.098645e+00
PCG: 0 : 2.906407e-04
PCG: 1 : 2.577690e-04 / 8.868991e-01
PCG: 0 : 2.577690e-04
PCG: 1 : 2.832226e-04 / 1.098746e+00
PCG: 0 : 2.832226e-04
PCG: 1 : 2.511950e-04 / 8.869173e-01
PCG: 0 : 2.511950e-04
PCG: 1 : 2.759941e-04 / 1.098724e+00
PCG: 0 : 2.759941e-04
PCG: 1 : 2.447743e-04 / 8.868825e-01
PCG: 0 : 2.447743e-04
PCG: 1 : 2.689479e-04 / 1.098758e+00
PCG: 0 : 2.689478e-04
PCG: 1 : 2.385199e-04 / 8.868631e-01
PCG: 0 : 2.385199e-04
PCG: 1 : 2.620893e-04 / 1.098815e+00
PCG: 0 : 2.620893e-04
PCG: 1 : 2.324265e-04 / 8.868219e-01
PCG: 0 : 2.324265e-04
PCG: 1 : 2.554034e-04 / 1.098857e+00
PCG: 0 : 2.554034e-04
PCG: 1 : 2.264926e-04 / 8.868036e-01
PCG: 0 : 2.264926e-04
PCG: 1 : 2.488887e-04 / 1.098882e+00
PCG: 0 : 2.488887e-04
PCG: 1 : 2.207134e-04 / 8.867958e-01
PCG: 0 : 2.207134e-04
PCG: 1 : 2.425234e-04 / 1.098816e+00
PCG: 0 : 2.425234e-04
PCG: 1 : 2.150847e-04 / 8.868616e-01
PCG: 0 : 2.150846e-04
PCG: 1 : 2.363288e-04 / 1.098771e+00
PCG: 0 : 2.363288e-04
PCG: 1 : 2.096048e-04 / 8.869201e-01
PCG: 0 : 2.096048e-04
PCG: 1 : 2.302960e-04 / 1.098715e+00
PCG: 0 : 2.302960e-04
PCG: 1 : 2.042518e-04 / 8.869101e-01
PCG: 0 : 2.042518e-04
PCG: 1 : 2.244101e-04 / 1.098693e+00
PCG: 0 : 2.244101e-04
PCG: 1 : 1.990414e-04 / 8.869539e-01
PCG: 0 : 1.990414e-04
PCG: 1 : 2.186795e-04 / 1.098663e+00
PCG: 0 : 2.186795e-04
PCG: 1 : 1.939638e-04 / 8.869775e-01
PCG: 0 : 1.939638e-04
PCG: 1 : 2.130950e-04 / 1.098633e+00
PCG: 0 : 2.130950e-04
PCG: 1 : 1.890275e-04 / 8.870571e-01
PCG: 0 : 1.890275e-04
PCG: 1 : 2.076480e-04 / 1.098507e+00
PCG: 0 : 2.076480e-04
PCG: 1 : 1.842022e-04 / 8.870885e-01
PCG: 0 : 1.842022e-04
PCG: 1 : 2.023515e-04 / 1.098529e+00
PCG: 0 : 2.023515e-04
PCG: 1 : 1.794992e-04 / 8.870662e-01
PCG: 0 : 1.794992e-04
PCG: 1 : 1.971938e-04 / 1.098578e+00
PCG: 0 : 1.971939e-04
PCG: 1 : 1.749169e-04 / 8.870301e-01
PCG: 0 : 1.749169e-04
PCG: 1 : 1.921619e-04 / 1.098590e+00
PCG: 0 : 1.921620e-04
PCG: 1 : 1.704572e-04 / 8.870496e-01
PCG: 0 : 1.704572e-04
PCG: 1 : 1.872600e-04 / 1.098575e+00
PCG: 0 : 1.872600e-04
PCG: 1 : 1.661097e-04 / 8.870538e-01
PCG: 0 : 1.661097e-04
PCG: 1 : 1.824788e-04 / 1.098544e+00
PCG: 0 : 1.824788e-04
PCG: 1 : 1.618712e-04 / 8.870685e-01
PCG: 0 : 1.618712e-04
PCG: 1 : 1.778286e-04 / 1.098581e+00
PCG: 0 : 1.778286e-04
PCG: 1 : 1.577391e-04 / 8.870292e-01
PCG: 0 : 1.577391e-04
PCG: 1 : 1.732975e-04 / 1.098633e+00
PCG: 0 : 1.732975e-04
PCG: 1 : 1.537124e-04 / 8.869858e-01
PCG: 0 : 1.537124e-04
PCG: 1 : 1.688784e-04 / 1.098665e+00
PCG: 0 : 1.688784e-04
PCG: 1 : 1.497905e-04 / 8.869728e-01
PCG: 0 : 1.497905e-04
PCG: 1 : 1.645699e-04 / 1.098667e+00
PCG: 0 : 1.645699e-04
PCG: 1 : 1.459707e-04 / 8.869829e-01
PCG: 0 : 1.459707e-04
PCG: 1 : 1.603774e-04 / 1.098696e+00
PCG: 0 : 1.603774e-04
PCG: 1 : 1.422491e-04 / 8.869650e-01
PCG: 0 : 1.422491e-04
PCG: 1 : 1.562814e-04 / 1.098646e+00
PCG: 0 : 1.562815e-04
PCG: 1 : 1.386200e-04 / 8.869894e-01
PCG: 0 : 1.386200e-04
PCG: 1 : 1.523021e-04 / 1.098702e+00
PCG: 0 : 1.523021e-04
PCG: 1 : 1.350839e-04 / 8.869469e-01
PCG: 0 : 1.350839e-04
PCG: 1 : 1.484190e-04 / 1.098717e+00
PCG: 0 : 1.484190e-04
PCG: 1 : 1.316326e-04 / 8.868986e-01
PCG: 0 : 1.316326e-04
PCG: 1 : 1.446470e-04 / 1.098869e+00
PCG: 0 : 1.446470e-04
PCG: 1 : 1.282712e-04 / 8.867878e-01
PCG: 0 : 1.282712e-04
PCG: 1 : 1.409616e-04 / 1.098934e+00
PCG: 0 : 1.409616e-04
PCG: 1 : 1.250007e-04 / 8.867714e-01
PCG: 0 : 1.250007e-04
PCG: 1 : 1.373637e-04 / 1.098904e+00
PCG: 0 : 1.373637e-04
PCG: 1 : 1.218150e-04 / 8.868064e-01
PCG: 0 : 1.218151e-04
PCG: 1 : 1.338660e-04 / 1.098928e+00
PCG: 0 : 1.338660e-04
PCG: 1 : 1.187059e-04 / 8.867518e-01
PCG: 0 : 1.187059e-04
PCG: 1 : 1.304583e-04 / 1.099004e+00
PCG: 0 : 1.304583e-04
PCG: 1 : 1.156755e-04 / 8.866854e-01
PCG: 0 : 1.156754e-04
PCG: 1 : 1.271381e-04 / 1.099093e+00
PCG: 0 : 1.271381e-04
PCG: 1 : 1.127276e-04 / 8.866552e-01
PCG: 0 : 1.127276e-04
PCG: 1 : 1.238969e-04 / 1.099082e+00
PCG: 0 : 1.238969e-04
PCG: 1 : 1.098551e-04 / 8.866652e-01
PCG: 0 : 1.098551e-04
PCG: 1 : 1.207374e-04 / 1.099060e+00
PCG: 0 : 1.207374e-04
PCG: 1 : 1.070578e-04 / 8.866996e-01
PCG: 0 : 1.070578e-04
PCG: 1 : 1.176575e-04 / 1.099010e+00
PCG: 0 : 1.176575e-04
PCG: 1 : 1.043315e-04 / 8.867390e-01
PCG: 0 : 1.043315e-04
PCG: 1 : 1.146564e-04 / 1.098963e+00
PCG: 0 : 1.146564e-04
PCG: 1 : 1.016722e-04 / 8.867553e-01
PCG: 0 : 1.016722e-04
PCG: 1 : 1.117379e-04 / 1.099001e+00
PCG: 0 : 1.117379e-04
PCG: 1 : 9.907797e-05 / 8.866999e-01
PCG: 0 : 9.907795e-05
PCG: 1 : 1.088908e-04 / 1.099042e+00
PCG: 0 : 1.088908e-04
PCG: 1 : 9.655707e-05 / 8.867328e-01
PCG: 0 : 9.655706e-05
PCG: 1 : 1.061135e-04 / 1.098972e+00
PCG: 0 : 1.061135e-04
PCG: 1 : 9.409808e-05 / 8.867682e-01
PCG: 0 : 9.409807e-05
PCG: 1 : 1.034097e-04 / 1.098957e+00
PCG: 0 : 1.034097e-04
PCG: 1 : 9.170257e-05 / 8.867887e-01
PCG: 0 : 9.170257e-05
PCG: 1 : 1.007756e-04 / 1.098939e+00
PCG: 0 : 1.007756e-04
PCG: 1 : 8.936374e-05 / 8.867600e-01
PCG: 0 : 8.936373e-05
PCG: 1 : 9.821069e-05 / 1.098999e+00
PCG: 0 : 9.821069e-05
PCG: 1 : 8.708402e-05 / 8.867061e-01
PCG: 0 : 8.708401e-05
PCG: 1 : 9.570941e-05 / 1.099047e+00
PCG: 0 : 9.570941e-05
PCG: 1 : 8.486710e-05 / 8.867164e-01
PCG: 0 : 8.486710e-05
PCG: 1 : 9.327421e-05 / 1.099062e+00
PCG: 0 : 9.327421e-05
PCG: 1 : 8.270275e-05 / 8.866626e-01
PCG: 0 : 8.270275e-05
PCG: 1 : 9.090172e-05 / 1.099138e+00
PCG: 0 : 9.090173e-05
PCG: 1 : 8.059610e-05 / 8.866290e-01
PCG: 0 : 8.059610e-05
PCG: 1 : 8.858854e-05 / 1.099167e+00
PCG: 0 : 8.858853e-05
PCG: 1 : 7.853966e-05 / 8.865669e-01
PCG: 0 : 7.853966e-05
PCG: 1 : 8.633207e-05 / 1.099216e+00
PCG: 0 : 8.633207e-05
PCG: 1 : 7.654032e-05 / 8.865805e-01
PCG: 0 : 7.654032e-05
PCG: 1 : 8.413430e-05 / 1.099216e+00
PCG: 0 : 8.413431e-05
PCG: 1 : 7.459107e-05 / 8.865715e-01
PCG: 0 : 7.459107e-05
PCG: 1 : 8.199253e-05 / 1.099227e+00
PCG: 0 : 8.199255e-05
PCG: 1 : 7.268886e-05 / 8.865301e-01
PCG: 0 : 7.268886e-05
PCG: 1 : 7.990585e-05 / 1.099286e+00
PCG: 0 : 7.990585e-05
PCG: 1 : 7.083915e-05 / 8.865327e-01
PCG: 0 : 7.083915e-05
PCG: 1 : 7.786900e-05 / 1.099237e+00
PCG: 0 : 7.786899e-05
PCG: 1 : 6.903720e-05 / 8.865814e-01
PCG: 0 : 6.903719e-05
PCG: 1 : 7.588541e-05 / 1.099196e+00
PCG: 0 : 7.588540e-05
PCG: 1 : 6.728068e-05 / 8.866090e-01
PCG: 0 : 6.728068e-05
PCG: 1 : 7.395158e-05 / 1.099150e+00
PCG: 0 : 7.395158e-05
PCG: 1 : 6.556616e-05 / 8.866093e-01
PCG: 0 : 6.556616e-05
PCG: 1 : 7.207201e-05 / 1.099226e+00
PCG: 0 : 7.207201e-05
PCG: 1 : 6.389571e-05 / 8.865538e-01
PCG: 0 : 6.389571e-05
PCG: 1 : 7.023842e-05 / 1.099267e+00
PCG: 0 : 7.023842e-05
PCG: 1 : 6.226966e-05 / 8.865470e-01
PCG: 0 : 6.226965e-05
PCG: 1 : 6.844967e-05 / 1.099246e+00
PCG: 0 : 6.844967e-05
PCG: 1 : 6.068453e-05 / 8.865570e-01
PCG: 0 : 6.068453e-05
PCG: 1 : 6.670671e-05 / 1.099238e+00
PCG: 0 : 6.670671e-05
PCG: 1 : 5.914186e-05 / 8.865952e-01
PCG: 0 : 5.914186e-05
PCG: 1 : 6.500631e-05 / 1.099159e+00
PCG: 0 : 6.500631e-05
PCG: 1 : 5.763831e-05 / 8.866572e-01
PCG: 0 : 5.763831e-05
PCG: 1 : 6.334973e-05 / 1.099091e+00
PCG: 0 : 6.334973e-05
PCG: 1 : 5.617371e-05 / 8.867239e-01
PCG: 0 : 5.617371e-05
PCG: 1 : 6.173713e-05 / 1.099040e+00
PCG: 0 : 6.173713e-05
PCG: 1 : 5.474419e-05 / 8.867304e-01
PCG: 0 : 5.474419e-05
PCG: 1 : 6.016509e-05 / 1.099022e+00
PCG: 0 : 6.016509e-05
PCG: 1 : 5.335149e-05 / 8.867517e-01
PCG: 0 : 5.335148e-05
PCG: 1 : 5.863415e-05 / 1.099016e+00
PCG: 0 : 5.863415e-05
PCG: 1 : 5.199223e-05 / 8.867227e-01
PCG: 0 : 5.199223e-05
PCG: 1 : 5.714409e-05 / 1.099089e+00
PCG: 0 : 5.714409e-05
PCG: 1 : 5.066844e-05 / 8.866786e-01
PCG: 0 : 5.066844e-05
PCG: 1 : 5.569289e-05 / 1.099163e+00
PCG: 0 : 5.569288e-05
PCG: 1 : 4.937588e-05 / 8.865743e-01
PCG: 0 : 4.937588e-05
PCG: 1 : 5.427654e-05 / 1.099252e+00
PCG: 0 : 5.427653e-05
PCG: 1 : 4.812034e-05 / 8.865773e-01
PCG: 0 : 4.812034e-05
PCG: 1 : 5.289527e-05 / 1.099229e+00
PCG: 0 : 5.289527e-05
PCG: 1 : 4.689510e-05 / 8.865651e-01
PCG: 0 : 4.689510e-05
PCG: 1 : 5.155001e-05 / 1.099262e+00
PCG: 0 : 5.155000e-05
PCG: 1 : 4.570206e-05 / 8.865578e-01
PCG: 0 : 4.570205e-05
PCG: 1 : 5.023898e-05 / 1.099272e+00
PCG: 0 : 5.023898e-05
PCG: 1 : 4.453908e-05 / 8.865442e-01
PCG: 0 : 4.453907e-05
PCG: 1 : 4.896227e-05 / 1.099311e+00
PCG: 0 : 4.896227e-05
PCG: 1 : 4.340479e-05 / 8.864948e-01
PCG: 0 : 4.340479e-05
PCG: 1 : 4.771664e-05 / 1.099340e+00
PCG: 0 : 4.771664e-05
PCG: 1 : 4.229924e-05 / 8.864674e-01
PCG: 0 : 4.229925e-05
PCG: 1 : 4.650479e-05 / 1.099424e+00
PCG: 0 : 4.650479e-05
PCG: 1 : 4.122194e-05 / 8.864020e-01
PCG: 0 : 4.122194e-05
PCG: 1 : 4.532362e-05 / 1.099503e+00
PCG: 0 : 4.532362e-05
PCG: 1 : 4.017280e-05 / 8.863545e-01
PCG: 0 : 4.017279e-05
PCG: 1 : 4.417159e-05 / 1.099540e+00
PCG: 0 : 4.417159e-05
PCG: 1 : 3.915051e-05 / 8.863279e-01
PCG: 0 : 3.915051e-05
PCG: 1 : 4.304713e-05 / 1.099529e+00
PCG: 0 : 4.304713e-05
PCG: 1 : 3.815390e-05 / 8.863285e-01
PCG: 0 : 3.815390e-05
PCG: 1 : 4.195423e-05 / 1.099605e+00
PCG: 0 : 4.195422e-05
PCG: 1 : 3.718272e-05 / 8.862689e-01
PCG: 0 : 3.718272e-05
PCG: 1 : 4.088790e-05 / 1.099648e+00
PCG: 0 : 4.088790e-05
PCG: 1 : 3.623707e-05 / 8.862541e-01
PCG: 0 : 3.623707e-05
PCG: 1 : 3.984813e-05 / 1.099651e+00
PCG: 0 : 3.984813e-05
PCG: 1 : 3.531599e-05 / 8.862647e-01
PCG: 0 : 3.531599e-05
PCG: 1 : 3.883528e-05 / 1.099652e+00
PCG: 0 : 3.883527e-05
PCG: 1 : 3.441686e-05 / 8.862267e-01
PCG: 0 : 3.441685e-05
PCG: 1 : 3.784667e-05 / 1.099655e+00
PCG: 0 : 3.784667e-05
PCG: 1 : 3.354286e-05 / 8.862829e-01
PCG: 0 : 3.354285e-05
PCG: 1 : 3.688312e-05 / 1.099582e+00
PCG: 0 : 3.688311e-05
PCG: 1 : 3.268949e-05 / 8.862997e-01
PCG: 0 : 3.268949e-05
PCG: 1 : 3.594576e-05 / 1.099612e+00
PCG: 0 : 3.594575e-05
PCG: 1 : 3.185927e-05 / 8.863153e-01
PCG: 0 : 3.185926e-05
PCG: 1 : 3.503112e-05 / 1.099558e+00
PCG: 0 : 3.503112e-05
PCG: 1 : 3.104971e-05 / 8.863465e-01
PCG: 0 : 3.104971e-05
PCG: 1 : 3.413913e-05 / 1.099499e+00
PCG: 0 : 3.413913e-05
PCG: 1 : 3.025973e-05 / 8.863651e-01
PCG: 0 : 3.025973e-05
PCG: 1 : 3.327296e-05 / 1.099579e+00
PCG: 0 : 3.327295e-05
PCG: 1 : 2.948949e-05 / 8.862902e-01
PCG: 0 : 2.948949e-05
PCG: 1 : 3.242812e-05 / 1.099650e+00
PCG: 0 : 3.242812e-05
PCG: 1 : 2.873866e-05 / 8.862267e-01
PCG: 0 : 2.873866e-05
PCG: 1 : 3.160380e-05 / 1.099696e+00
PCG: 0 : 3.160380e-05
PCG: 1 : 2.800798e-05 / 8.862221e-01
PCG: 0 : 2.800798e-05
PCG: 1 : 3.080077e-05 / 1.099714e+00
PCG: 0 : 3.080077e-05
PCG: 1 : 2.729563e-05 / 8.861995e-01
PCG: 0 : 2.729562e-05
PCG: 1 : 3.001843e-05 / 1.099752e+00
PCG: 0 : 3.001843e-05
PCG: 1 : 2.660160e-05 / 8.861758e-01
PCG: 0 : 2.660160e-05
PCG: 1 : 2.925490e-05 / 1.099742e+00
PCG: 0 : 2.925490e-05
PCG: 1 : 2.592508e-05 / 8.861793e-01
PCG: 0 : 2.592508e-05
PCG: 1 : 2.851265e-05 / 1.099809e+00
PCG: 0 : 2.851265e-05
PCG: 1 : 2.526509e-05 / 8.861011e-01
PCG: 0 : 2.526508e-05
PCG: 1 : 2.778771e-05 / 1.099846e+00
PCG: 0 : 2.778771e-05
PCG: 1 : 2.462306e-05 / 8.861134e-01
PCG: 0 : 2.462306e-05
PCG: 1 : 2.708187e-05 / 1.099858e+00
PCG: 0 : 2.708187e-05
PCG: 1 : 2.399660e-05 / 8.860764e-01
PCG: 0 : 2.399660e-05
PCG: 1 : 2.639442e-05 / 1.099923e+00
PCG: 0 : 2.639442e-05
PCG: 1 : 2.338513e-05 / 8.859876e-01
PCG: 0 : 2.338513e-05
PCG: 1 : 2.572472e-05 / 1.100046e+00
PCG: 0 : 2.572471e-05
PCG: 1 : 2.279096e-05 / 8.859560e-01
PCG: 0 : 2.279096e-05
PCG: 1 : 2.507092e-05 / 1.100038e+00
PCG: 0 : 2.507092e-05
PCG: 1 : 2.221203e-05 / 8.859678e-01
PCG: 0 : 2.221202e-05
PCG: 1 : 2.443278e-05 / 1.099980e+00
PCG: 0 : 2.443278e-05
PCG: 1 : 2.164814e-05 / 8.860286e-01
PCG: 0 : 2.164814e-05
PCG: 1 : 2.381155e-05 / 1.099936e+00
PCG: 0 : 2.381155e-05
PCG: 1 : 2.109805e-05 / 8.860427e-01
PCG: 0 : 2.109805e-05
PCG: 1 : 2.320617e-05 / 1.099920e+00
PCG: 0 : 2.320617e-05
PCG: 1 : 2.056155e-05 / 8.860379e-01
PCG: 0 : 2.056155e-05
PCG: 1 : 2.261644e-05 / 1.099939e+00
PCG: 0 : 2.261644e-05
PCG: 1 : 2.003928e-05 / 8.860491e-01
PCG: 0 : 2.003928e-05
PCG: 1 : 2.204185e-05 / 1.099932e+00
PCG: 0 : 2.204185e-05
PCG: 1 : 1.953014e-05 / 8.860484e-01
PCG: 0 : 1.953014e-05
PCG: 1 : 2.148186e-05 / 1.099934e+00
PCG: 0 : 2.148186e-05
PCG: 1 : 1.903364e-05 / 8.860330e-01
PCG: 0 : 1.903364e-05
PCG: 1 : 2.093632e-05 / 1.099964e+00
PCG: 0 : 2.093632e-05
PCG: 1 : 1.854974e-05 / 8.860077e-01
PCG: 0 : 1.854974e-05
PCG: 1 : 2.040504e-05 / 1.100018e+00
PCG: 0 : 2.040504e-05
PCG: 1 : 1.807819e-05 / 8.859670e-01
PCG: 0 : 1.807820e-05
PCG: 1 : 1.988590e-05 / 1.099993e+00
PCG: 0 : 1.988590e-05
PCG: 1 : 1.761879e-05 / 8.859943e-01
PCG: 0 : 1.761879e-05
PCG: 1 : 1.938063e-05 / 1.099998e+00
PCG: 0 : 1.938063e-05
PCG: 1 : 1.717096e-05 / 8.859857e-01
PCG: 0 : 1.717096e-05
PCG: 1 : 1.888859e-05 / 1.100031e+00
PCG: 0 : 1.888859e-05
PCG: 1 : 1.673429e-05 / 8.859469e-01
PCG: 0 : 1.673428e-05
PCG: 1 : 1.840899e-05 / 1.100076e+00
PCG: 0 : 1.840898e-05
PCG: 1 : 1.630824e-05 / 8.858849e-01
PCG: 0 : 1.630824e-05
PCG: 1 : 1.794167e-05 / 1.100160e+00
PCG: 0 : 1.794167e-05
PCG: 1 : 1.589380e-05 / 8.858593e-01
PCG: 0 : 1.589380e-05
PCG: 1 : 1.748622e-05 / 1.100191e+00
PCG: 0 : 1.748622e-05
PCG: 1 : 1.548967e-05 / 8.858216e-01
PCG: 0 : 1.548967e-05
PCG: 1 : 1.704265e-05 / 1.100259e+00
PCG: 0 : 1.704265e-05
PCG: 1 : 1.509603e-05 / 8.857796e-01
PCG: 0 : 1.509603e-05
PCG: 1 : 1.661001e-05 / 1.100290e+00
PCG: 0 : 1.661001e-05
PCG: 1 : 1.471195e-05 / 8.857282e-01
PCG: 0 : 1.471195e-05
PCG: 1 : 1.618859e-05 / 1.100370e+00
PCG: 0 : 1.618859e-05
PCG: 1 : 1.433780e-05 / 8.856731e-01
PCG: 0 : 1.433780e-05
PCG: 1 : 1.577740e-05 / 1.100406e+00
PCG: 0 : 1.577740e-05
PCG: 1 : 1.397346e-05 / 8.856631e-01
PCG: 0 : 1.397346e-05
PCG: 1 : 1.537705e-05 / 1.100447e+00
PCG: 0 : 1.537705e-05
PCG: 1 : 1.361813e-05 / 8.856143e-01
PCG: 0 : 1.361813e-05
PCG: 1 : 1.498682e-05 / 1.100505e+00
PCG: 0 : 1.498682e-05
PCG: 1 : 1.327167e-05 / 8.855560e-01
PCG: 0 : 1.327167e-05
PCG: 1 : 1.460642e-05 / 1.100572e+00
PCG: 0 : 1.460642e-05
PCG: 1 : 1.293487e-05 / 8.855608e-01
PCG: 0 : 1.293487e-05
PCG: 1 : 1.423525e-05 / 1.100533e+00
PCG: 0 : 1.423525e-05
PCG: 1 : 1.260603e-05 / 8.855502e-01
PCG: 0 : 1.260603e-05
PCG: 1 : 1.387438e-05 / 1.100614e+00
PCG: 0 : 1.387438e-05
PCG: 1 : 1.228507e-05 / 8.854502e-01
PCG: 0 : 1.228507e-05
PCG: 1 : 1.352213e-05 / 1.100696e+00
PCG: 0 : 1.352212e-05
PCG: 1 : 1.197269e-05 / 8.854151e-01
PCG: 0 : 1.197269e-05
PCG: 1 : 1.317910e-05 / 1.100763e+00
PCG: 0 : 1.317910e-05
PCG: 1 : 1.166832e-05 / 8.853655e-01
PCG: 0 : 1.166832e-05
PCG: 1 : 1.284443e-05 / 1.100795e+00
PCG: 0 : 1.284443e-05
PCG: 1 : 1.137183e-05 / 8.853509e-01
PCG: 0 : 1.137183e-05
PCG: 1 : 1.251821e-05 / 1.100809e+00
PCG: 0 : 1.251821e-05
PCG: 1 : 1.108330e-05 / 8.853745e-01
PCG: 0 : 1.108331e-05
PCG: 1 : 1.219982e-05 / 1.100738e+00
PCG: 0 : 1.219982e-05
PCG: 1 : 1.080136e-05 / 8.853707e-01
PCG: 0 : 1.080136e-05
PCG: 1 : 1.189065e-05 / 1.100847e+00
PCG: 0 : 1.189065e-05
PCG: 1 : 1.052661e-05 / 8.852845e-01
PCG: 0 : 1.052661e-05
PCG: 1 : 1.158932e-05 / 1.100955e+00
PCG: 0 : 1.158932e-05
PCG: 1 : 1.025906e-05 / 8.852163e-01
PCG: 0 : 1.025906e-05
PCG: 1 : 1.129517e-05 / 1.100995e+00
PCG: 0 : 1.129517e-05
PCG: 1 : 9.998218e-06 / 8.851765e-01
PCG: 0 : 9.998218e-06
PCG: 1 : 1.100851e-05 / 1.101047e+00
PCG: 0 : 1.100851e-05
PCG: 1 : 9.744259e-06 / 8.851568e-01
PCG: 0 : 9.744257e-06
PCG: 1 : 1.072917e-05 / 1.101077e+00
PCG: 0 : 1.072917e-05
PCG: 1 : 9.496775e-06 / 8.851358e-01
PCG: 0 : 9.496775e-06
PCG: 1 : 1.045646e-05 / 1.101054e+00
PCG: 0 : 1.045646e-05
PCG: 1 : 9.255415e-06 / 8.851384e-01
PCG: 0 : 9.255415e-06
PCG: 1 : 1.019093e-05 / 1.101077e+00
PCG: 0 : 1.019093e-05
PCG: 1 : 9.020638e-06 / 8.851637e-01
PCG: 0 : 9.020636e-06
PCG: 1 : 9.931929e-06 / 1.101023e+00
PCG: 0 : 9.931928e-06
PCG: 1 : 8.791704e-06 / 8.851961e-01
PCG: 0 : 8.791703e-06
PCG: 1 : 9.679239e-06 / 1.100952e+00
PCG: 0 : 9.679238e-06
PCG: 1 : 8.568726e-06 / 8.852686e-01
PCG: 0 : 8.568724e-06
PCG: 1 : 9.433607e-06 / 1.100935e+00
PCG: 0 : 9.433607e-06
PCG: 1 : 8.350738e-06 / 8.852115e-01
PCG: 0 : 8.350738e-06
PCG: 1 : 9.194493e-06 / 1.101040e+00
PCG: 0 : 9.194492e-06
PCG: 1 : 8.138463e-06 / 8.851455e-01
PCG: 0 : 8.138464e-06
PCG: 1 : 8.961245e-06 / 1.101098e+00
PCG: 0 : 8.961246e-06
PCG: 1 : 7.931312e-06 / 8.850681e-01
PCG: 0 : 7.931312e-06
PCG: 1 : 8.733860e-06 / 1.101187e+00
PCG: 0 : 8.733859e-06
PCG: 1 : 7.730080e-06 / 8.850704e-01
PCG: 0 : 7.730079e-06
PCG: 1 : 8.511953e-06 / 1.101147e+00
PCG: 0 : 8.511952e-06
PCG: 1 : 7.533638e-06 / 8.850659e-01
PCG: 0 : 7.533637e-06
PCG: 1 : 8.296160e-06 / 1.101216e+00
PCG: 0 : 8.296160e-06
PCG: 1 : 7.342081e-06 / 8.849975e-01
PCG: 0 : 7.342080e-06
PCG: 1 : 8.085994e-06 / 1.101322e+00
PCG: 0 : 8.085993e-06
PCG: 1 : 7.155431e-06 / 8.849169e-01
PCG: 0 : 7.155432e-06
PCG: 1 : 7.880802e-06 / 1.101373e+00
PCG: 0 : 7.880802e-06
PCG: 1 : 6.973623e-06 / 8.848876e-01
PCG: 0 : 6.973623e-06
PCG: 1 : 7.680789e-06 / 1.101406e+00
PCG: 0 : 7.680789e-06
PCG: 1 : 6.796427e-06 / 8.848606e-01
PCG: 0 : 6.796427e-06
PCG: 1 : 7.485905e-06 / 1.101447e+00
PCG: 0 : 7.485904e-06
PCG: 1 : 6.623799e-06 / 8.848361e-01
PCG: 0 : 6.623798e-06
PCG: 1 : 7.296036e-06 / 1.101488e+00
PCG: 0 : 7.296035e-06
PCG: 1 : 6.455471e-06 / 8.847916e-01
PCG: 0 : 6.455471e-06
PCG: 1 : 7.110885e-06 / 1.101529e+00
PCG: 0 : 7.110885e-06
PCG: 1 : 6.291447e-06 / 8.847629e-01
PCG: 0 : 6.291447e-06
PCG: 1 : 6.930230e-06 / 1.101532e+00
PCG: 0 : 6.930230e-06
PCG: 1 : 6.131630e-06 / 8.847657e-01
PCG: 0 : 6.131630e-06
PCG: 1 : 6.754430e-06 / 1.101572e+00
PCG: 0 : 6.754430e-06
PCG: 1 : 5.975907e-06 / 8.847389e-01
PCG: 0 : 5.975908e-06
PCG: 1 : 6.582779e-06 / 1.101553e+00
PCG: 0 : 6.582780e-06
PCG: 1 : 5.824265e-06 / 8.847729e-01
PCG: 0 : 5.824265e-06
PCG: 1 : 6.415614e-06 / 1.101532e+00
PCG: 0 : 6.415613e-06
PCG: 1 : 5.676352e-06 / 8.847715e-01
PCG: 0 : 5.676351e-06
PCG: 1 : 6.252763e-06 / 1.101546e+00
PCG: 0 : 6.252763e-06
PCG: 1 : 5.532416e-06 / 8.847954e-01
PCG: 0 : 5.532414e-06
PCG: 1 : 6.094053e-06 / 1.101518e+00
PCG: 0 : 6.094054e-06
PCG: 1 : 5.391973e-06 / 8.847924e-01
PCG: 0 : 5.391973e-06
PCG: 1 : 5.939044e-06 / 1.101460e+00
PCG: 0 : 5.939042e-06
PCG: 1 : 5.255183e-06 / 8.848537e-01
PCG: 0 : 5.255183e-06
PCG: 1 : 5.788334e-06 / 1.101452e+00
PCG: 0 : 5.788334e-06
PCG: 1 : 5.121748e-06 / 8.848398e-01
PCG: 0 : 5.121748e-06
PCG: 1 : 5.641310e-06 / 1.101442e+00
PCG: 0 : 5.641311e-06
PCG: 1 : 4.991674e-06 / 8.848431e-01
PCG: 0 : 4.991673e-06
PCG: 1 : 5.498121e-06 / 1.101459e+00
PCG: 0 : 5.498122e-06
PCG: 1 : 4.864932e-06 / 8.848352e-01
PCG: 0 : 4.864933e-06
PCG: 1 : 5.358622e-06 / 1.101479e+00
PCG: 0 : 5.358622e-06
PCG: 1 : 4.741397e-06 / 8.848164e-01
PCG: 0 : 4.741397e-06
PCG: 1 : 5.222535e-06 / 1.101476e+00
PCG: 0 : 5.222535e-06
PCG: 1 : 4.621075e-06 / 8.848337e-01
PCG: 0 : 4.621075e-06
PCG: 1 : 5.090038e-06 / 1.101483e+00
PCG: 0 : 5.090037e-06
PCG: 1 : 4.503835e-06 / 8.848335e-01
PCG: 0 : 4.503835e-06
PCG: 1 : 4.960704e-06 / 1.101440e+00
PCG: 0 : 4.960704e-06
PCG: 1 : 4.389562e-06 / 8.848669e-01
PCG: 0 : 4.389562e-06
PCG: 1 : 4.834673e-06 / 1.101402e+00
PCG: 0 : 4.834673e-06
PCG: 1 : 4.278051e-06 / 8.848688e-01
PCG: 0 : 4.278052e-06
PCG: 1 : 4.712068e-06 / 1.101452e+00
PCG: 0 : 4.712068e-06
PCG: 1 : 4.169293e-06 / 8.848116e-01
PCG: 0 : 4.169293e-06
PCG: 1 : 4.592705e-06 / 1.101555e+00
PCG: 0 : 4.592705e-06
PCG: 1 : 4.063254e-06 / 8.847193e-01
PCG: 0 : 4.063254e-06
PCG: 1 : 4.476160e-06 / 1.101620e+00
PCG: 0 : 4.476159e-06
PCG: 1 : 3.960065e-06 / 8.847017e-01
PCG: 0 : 3.960065e-06
PCG: 1 : 4.362645e-06 / 1.101660e+00
PCG: 0 : 4.362644e-06
PCG: 1 : 3.859322e-06 / 8.846290e-01
PCG: 0 : 3.859321e-06
PCG: 1 : 4.252111e-06 / 1.101777e+00
PCG: 0 : 4.252111e-06
PCG: 1 : 3.761375e-06 / 8.845901e-01
PCG: 0 : 3.761375e-06
PCG: 1 : 4.144263e-06 / 1.101795e+00
PCG: 0 : 4.144263e-06
PCG: 1 : 3.665803e-06 / 8.845490e-01
PCG: 0 : 3.665803e-06
PCG: 1 : 4.039097e-06 / 1.101832e+00
PCG: 0 : 4.039097e-06
PCG: 1 : 3.572540e-06 / 8.844897e-01
PCG: 0 : 3.572539e-06
PCG: 1 : 3.936734e-06 / 1.101943e+00
PCG: 0 : 3.936734e-06
PCG: 1 : 3.481761e-06 / 8.844289e-01
PCG: 0 : 3.481762e-06
PCG: 1 : 3.836986e-06 / 1.102024e+00
PCG: 0 : 3.836985e-06
PCG: 1 : 3.393407e-06 / 8.843940e-01
PCG: 0 : 3.393406e-06
PCG: 1 : 3.739514e-06 / 1.101994e+00
PCG: 0 : 3.739514e-06
PCG: 1 : 3.307345e-06 / 8.844316e-01
PCG: 0 : 3.307345e-06
PCG: 1 : 3.644604e-06 / 1.101973e+00
PCG: 0 : 3.644604e-06
PCG: 1 : 3.223294e-06 / 8.844019e-01
PCG: 0 : 3.223294e-06
PCG: 1 : 3.552014e-06 / 1.101982e+00
PCG: 0 : 3.552014e-06
PCG: 1 : 3.141582e-06 / 8.844510e-01
PCG: 0 : 3.141582e-06
PCG: 1 : 3.461864e-06 / 1.101949e+00
PCG: 0 : 3.461864e-06
PCG: 1 : 3.061791e-06 / 8.844341e-01
PCG: 0 : 3.061791e-06
PCG: 1 : 3.374129e-06 / 1.102011e+00
PCG: 0 : 3.374129e-06
PCG: 1 : 2.983950e-06 / 8.843615e-01
PCG: 0 : 2.983949e-06
PCG: 1 : 3.288517e-06 / 1.102069e+00
PCG: 0 : 3.288518e-06
PCG: 1 : 2.908121e-06 / 8.843258e-01
PCG: 0 : 2.908120e-06
PCG: 1 : 3.205012e-06 / 1.102091e+00
PCG: 0 : 3.205012e-06
PCG: 1 : 2.834419e-06 / 8.843709e-01
PCG: 0 : 2.834419e-06
PCG: 1 : 3.123555e-06 / 1.102009e+00
PCG: 0 : 3.123555e-06
PCG: 1 : 2.762504e-06 / 8.844103e-01
PCG: 0 : 2.762504e-06
PCG: 1 : 3.044232e-06 / 1.101983e+00
PCG: 0 : 3.044232e-06
PCG: 1 : 2.692384e-06 / 8.844213e-01
PCG: 0 : 2.692384e-06
PCG: 1 : 2.967035e-06 / 1.102010e+00
PCG: 0 : 2.967035e-06
PCG: 1 : 2.623981e-06 / 8.843783e-01
PCG: 0 : 2.623981e-06
PCG: 1 : 2.891825e-06 / 1.102075e+00
PCG: 0 : 2.891825e-06
PCG: 1 : 2.557314e-06 / 8.843254e-01
PCG: 0 : 2.557314e-06
PCG: 1 : 2.818501e-06 / 1.102133e+00
PCG: 0 : 2.818501e-06
PCG: 1 : 2.492336e-06 / 8.842771e-01
PCG: 0 : 2.492336e-06
PCG: 1 : 2.747017e-06 / 1.102186e+00
PCG: 0 : 2.747017e-06
PCG: 1 : 2.429020e-06 / 8.842393e-01
PCG: 0 : 2.429021e-06
PCG: 1 : 2.677351e-06 / 1.102235e+00
PCG: 0 : 2.677351e-06
PCG: 1 : 2.367408e-06 / 8.842352e-01
PCG: 0 : 2.367408e-06
PCG: 1 : 2.609399e-06 / 1.102218e+00
PCG: 0 : 2.609399e-06
PCG: 1 : 2.307289e-06 / 8.842224e-01
PCG: 0 : 2.307289e-06
PCG: 1 : 2.543115e-06 / 1.102209e+00
PCG: 0 : 2.543114e-06
PCG: 1 : 2.248737e-06 / 8.842455e-01
PCG: 0 : 2.248737e-06
PCG: 1 : 2.478612e-06 / 1.102224e+00
PCG: 0 : 2.478612e-06
PCG: 1 : 2.191601e-06 / 8.842051e-01
PCG: 0 : 2.191601e-06
PCG: 1 : 2.415785e-06 / 1.102292e+00
PCG: 0 : 2.415785e-06
PCG: 1 : 2.135932e-06 / 8.841568e-01
PCG: 0 : 2.135932e-06
PCG: 1 : 2.354498e-06 / 1.102328e+00
PCG: 0 : 2.354497e-06
PCG: 1 : 2.081596e-06 / 8.840935e-01
PCG: 0 : 2.081596e-06
PCG: 1 : 2.294893e-06 / 1.102468e+00
PCG: 0 : 2.294893e-06
PCG: 1 : 2.028736e-06 / 8.840224e-01
PCG: 0 : 2.028736e-06
PCG: 1 : 2.236658e-06 / 1.102488e+00
PCG: 0 : 2.236658e-06
PCG: 1 : 1.977166e-06 / 8.839823e-01
PCG: 0 : 1.977166e-06
PCG: 1 : 2.179965e-06 / 1.102571e+00
PCG: 0 : 2.179965e-06
PCG: 1 : 1.926966e-06 / 8.839433e-01
PCG: 0 : 1.926965e-06
PCG: 1 : 2.124650e-06 / 1.102589e+00
PCG: 0 : 2.124650e-06
PCG: 1 : 1.878027e-06 / 8.839231e-01
PCG: 0 : 1.878027e-06
PCG: 1 : 2.070793e-06 / 1.102643e+00
PCG: 0 : 2.070793e-06
PCG: 1 : 1.830326e-06 / 8.838771e-01
PCG: 0 : 1.830327e-06
PCG: 1 : 2.018270e-06 / 1.102683e+00
PCG: 0 : 2.018270e-06
PCG: 1 : 1.783821e-06 / 8.838368e-01
PCG: 0 : 1.783821e-06
PCG: 1 : 1.967059e-06 / 1.102722e+00
PCG: 0 : 1.967059e-06
PCG: 1 : 1.738532e-06 / 8.838230e-01
PCG: 0 : 1.738532e-06
PCG: 1 : 1.917169e-06 / 1.102752e+00
PCG: 0 : 1.917169e-06
PCG: 1 : 1.694415e-06 / 8.838109e-01
PCG: 0 : 1.694414e-06
PCG: 1 : 1.868535e-06 / 1.102762e+00
PCG: 0 : 1.868535e-06
PCG: 1 : 1.651361e-06 / 8.837730e-01
PCG: 0 : 1.651361e-06
PCG: 1 : 1.821121e-06 / 1.102800e+00
PCG: 0 : 1.821121e-06
PCG: 1 : 1.609532e-06 / 8.838140e-01
PCG: 0 : 1.609532e-06
PCG: 1 : 1.774891e-06 / 1.102738e+00
PCG: 0 : 1.774891e-06
PCG: 1 : 1.568601e-06 / 8.837734e-01
PCG: 0 : 1.568601e-06
PCG: 1 : 1.729870e-06 / 1.102811e+00
PCG: 0 : 1.729870e-06
PCG: 1 : 1.528744e-06 / 8.837337e-01
PCG: 0 : 1.528744e-06
PCG: 1 : 1.685989e-06 / 1.102859e+00
PCG: 0 : 1.685988e-06
PCG: 1 : 1.489903e-06 / 8.836970e-01
PCG: 0 : 1.489903e-06
PCG: 1 : 1.643244e-06 / 1.102920e+00
PCG: 0 : 1.643244e-06
PCG: 1 : 1.452094e-06 / 8.836750e-01
PCG: 0 : 1.452094e-06
PCG: 1 : 1.601587e-06 / 1.102951e+00
PCG: 0 : 1.601587e-06
PCG: 1 : 1.415175e-06 / 8.836077e-01
PCG: 0 : 1.415175e-06
PCG: 1 : 1.561011e-06 / 1.103052e+00
PCG: 0 : 1.561011e-06
PCG: 1 : 1.379238e-06 / 8.835544e-01
PCG: 0 : 1.379238e-06
PCG: 1 : 1.521374e-06 / 1.103054e+00
PCG: 0 : 1.521374e-06
PCG: 1 : 1.344265e-06 / 8.835865e-01
PCG: 0 : 1.344265e-06
PCG: 1 : 1.482757e-06 / 1.103024e+00
PCG: 0 : 1.482757e-06
PCG: 1 : 1.310101e-06 / 8.835576e-01
PCG: 0 : 1.310101e-06
PCG: 1 : 1.445166e-06 / 1.103095e+00
PCG: 0 : 1.445166e-06
PCG: 1 : 1.276869e-06 / 8.835451e-01
PCG: 0 : 1.276869e-06
PCG: 1 : 1.408477e-06 / 1.103071e+00
PCG: 0 : 1.408477e-06
PCG: 1 : 1.244448e-06 / 8.835420e-01
PCG: 0 : 1.244448e-06
PCG: 1 : 1.372772e-06 / 1.103117e+00
PCG: 0 : 1.372772e-06
PCG: 1 : 1.212814e-06 / 8.834781e-01
PCG: 0 : 1.212813e-06
PCG: 1 : 1.337992e-06 / 1.103213e+00
PCG: 0 : 1.337992e-06
PCG: 1 : 1.182036e-06 / 8.834401e-01
PCG: 0 : 1.182035e-06
PCG: 1 : 1.304039e-06 / 1.103214e+00
PCG: 0 : 1.304038e-06
PCG: 1 : 1.152011e-06 / 8.834182e-01
PCG: 0 : 1.152011e-06
PCG: 1 : 1.270987e-06 / 1.103276e+00
PCG: 0 : 1.270986e-06
PCG: 1 : 1.122765e-06 / 8.833811e-01
PCG: 0 : 1.122765e-06
PCG: 1 : 1.238682e-06 / 1.103242e+00
PCG: 0 : 1.238682e-06
PCG: 1 : 1.094301e-06 / 8.834397e-01
PCG: 0 : 1.094301e-06
PCG: 1 : 1.207231e-06 / 1.103199e+00
PCG: 0 : 1.207231e-06
PCG: 1 : 1.066479e-06 / 8.834097e-01
PCG: 0 : 1.066479e-06
PCG: 1 : 1.176659e-06 / 1.103312e+00
PCG: 0 : 1.176659e-06
PCG: 1 : 1.039415e-06 / 8.833615e-01
PCG: 0 : 1.039416e-06
PCG: 1 : 1.146789e-06 / 1.103302e+00
PCG: 0 : 1.146789e-06
PCG: 1 : 1.013014e-06 / 8.833481e-01
PCG: 0 : 1.013014e-06
PCG: 1 : 1.117721e-06 / 1.103363e+00
PCG: 0 : 1.117721e-06
PCG: 1 : 9.873012e-07 / 8.833163e-01
PCG: 0 : 9.873011e-07
PCG: 1 : 1.089364e-06 / 1.103375e+00
PCG: 0 : 1.089364e-06
PCG: 1 : 9.622330e-07 / 8.832982e-01
PCG: 0 : 9.622330e-07
PCG: 1 : 1.061675e-06 / 1.103345e+00
PCG: 0 : 1.061675e-06
PCG: 1 : 9.378180e-07 / 8.833382e-01
PCG: 0 : 9.378181e-07
PCG: 1 : 1.034781e-06 / 1.103392e+00
PCG: 0 : 1.034781e-06
PCG: 1 : 9.139801e-07 / 8.832597e-01
PCG: 0 : 9.139801e-07
PCG: 1 : 1.008550e-06 / 1.103471e+00
PCG: 0 : 1.008550e-06
PCG: 1 : 8.907598e-07 / 8.832081e-01
PCG: 0 : 8.907597e-07
PCG: 1 : 9.830105e-07 / 1.103564e+00
PCG: 0 : 9.830105e-07
PCG: 1 : 8.681136e-07 / 8.831173e-01
PCG: 0 : 8.681135e-07
PCG: 1 : 9.580929e-07 / 1.103649e+00
PCG: 0 : 9.580929e-07
PCG: 1 : 8.460572e-07 / 8.830639e-01
PCG: 0 : 8.460571e-07
PCG: 1 : 9.337822e-07 / 1.103687e+00
PCG: 0 : 9.337822e-07
PCG: 1 : 8.246014e-07 / 8.830767e-01
PCG: 0 : 8.246013e-07
PCG: 1 : 9.100804e-07 / 1.103661e+00
PCG: 0 : 9.100804e-07
PCG: 1 : 8.036771e-07 / 8.830836e-01
PCG: 0 : 8.036771e-07
PCG: 1 : 8.870038e-07 / 1.103682e+00
PCG: 0 : 8.870037e-07
PCG: 1 : 7.832732e-07 / 8.830552e-01
PCG: 0 : 7.832732e-07
PCG: 1 : 8.644676e-07 / 1.103660e+00
PCG: 0 : 8.644676e-07
PCG: 1 : 7.633853e-07 / 8.830700e-01
PCG: 0 : 7.633852e-07
PCG: 1 : 8.425353e-07 / 1.103683e+00
PCG: 0 : 8.425354e-07
PCG: 1 : 7.439899e-07 / 8.830370e-01
PCG: 0 : 7.439899e-07
PCG: 1 : 8.211804e-07 / 1.103752e+00
PCG: 0 : 8.211804e-07
PCG: 1 : 7.251241e-07 / 8.830265e-01
PCG: 0 : 7.251240e-07
PCG: 1 : 8.003560e-07 / 1.103750e+00
PCG: 0 : 8.003558e-07
PCG: 1 : 7.066926e-07 / 8.829730e-01
PCG: 0 : 7.066924e-07
PCG: 1 : 7.800579e-07 / 1.103815e+00
PCG: 0 : 7.800577e-07
PCG: 1 : 6.887575e-07 / 8.829570e-01
PCG: 0 : 6.887574e-07
PCG: 1 : 7.602412e-07 / 1.103787e+00
PCG: 0 : 7.602412e-07
PCG: 1 : 6.713008e-07 / 8.830103e-01
PCG: 0 : 6.713007e-07
PCG: 1 : 7.409351e-07 / 1.103731e+00
PCG: 0 : 7.409350e-07
PCG: 1 : 6.542567e-07 / 8.830150e-01
PCG: 0 : 6.542567e-07
PCG: 1 : 7.221529e-07 / 1.103776e+00
PCG: 0 : 7.221529e-07
PCG: 1 : 6.376375e-07 / 8.829674e-01
PCG: 0 : 6.376374e-07
PCG: 1 : 7.038381e-07 / 1.103822e+00
PCG: 0 : 7.038379e-07
PCG: 1 : 6.214436e-07 / 8.829356e-01
PCG: 0 : 6.214435e-07
PCG: 1 : 6.859916e-07 / 1.103868e+00
PCG: 0 : 6.859917e-07
PCG: 1 : 6.056756e-07 / 8.829197e-01
PCG: 0 : 6.056754e-07
PCG: 1 : 6.685859e-07 / 1.103868e+00
PCG: 0 : 6.685859e-07
PCG: 1 : 5.902948e-07 / 8.829005e-01
PCG: 0 : 5.902948e-07
PCG: 1 : 6.516143e-07 / 1.103879e+00
PCG: 0 : 6.516142e-07
PCG: 1 : 5.753288e-07 / 8.829285e-01
PCG: 0 : 5.753288e-07
PCG: 1 : 6.350883e-07 / 1.103870e+00
PCG: 0 : 6.350883e-07
PCG: 1 : 5.607272e-07 / 8.829122e-01
PCG: 0 : 5.607272e-07
PCG: 1 : 6.189708e-07 / 1.103871e+00
PCG: 0 : 6.189708e-07
PCG: 1 : 5.464874e-07 / 8.828970e-01
PCG: 0 : 5.464873e-07
PCG: 1 : 6.032632e-07 / 1.103893e+00
PCG: 0 : 6.032631e-07
PCG: 1 : 5.326204e-07 / 8.828990e-01
PCG: 0 : 5.326204e-07
PCG: 1 : 5.879455e-07 / 1.103873e+00
PCG: 0 : 5.879454e-07
PCG: 1 : 5.191072e-07 / 8.829174e-01
PCG: 0 : 5.191071e-07
PCG: 1 : 5.730253e-07 / 1.103867e+00
PCG: 0 : 5.730254e-07
PCG: 1 : 5.059405e-07 / 8.829287e-01
PCG: 0 : 5.059405e-07
PCG: 1 : 5.584879e-07 / 1.103861e+00
PCG: 0 : 5.584879e-07
PCG: 1 : 4.930866e-07 / 8.828958e-01
PCG: 0 : 4.930866e-07
PCG: 1 : 5.443223e-07 / 1.103908e+00
PCG: 0 : 5.443224e-07
PCG: 1 : 4.805724e-07 / 8.828819e-01
PCG: 0 : 4.805723e-07
PCG: 1 : 5.304969e-07 / 1.103886e+00
PCG: 0 : 5.304969e-07
PCG: 1 : 4.683794e-07 / 8.829070e-01
PCG: 0 : 4.683794e-07
PCG: 1 : 5.170394e-07 / 1.103890e+00
PCG: 0 : 5.170394e-07
PCG: 1 : 4.564905e-07 / 8.828931e-01
PCG: 0 : 4.564905e-07
PCG: 1 : 5.039313e-07 / 1.103925e+00
PCG: 0 : 5.039314e-07
PCG: 1 : 4.448969e-07 / 8.828521e-01
PCG: 0 : 4.448969e-07
PCG: 1 : 4.911549e-07 / 1.103975e+00
PCG: 0 : 4.911549e-07
PCG: 1 : 4.335953e-07 / 8.828078e-01
PCG: 0 : 4.335953e-07
PCG: 1 : 4.787080e-07 / 1.104043e+00
PCG: 0 : 4.787080e-07
PCG: 1 : 4.225884e-07 / 8.827685e-01
PCG: 0 : 4.225884e-07
PCG: 1 : 4.665652e-07 / 1.104065e+00
PCG: 0 : 4.665652e-07
PCG: 1 : 4.118517e-07 / 8.827312e-01
PCG: 0 : 4.118517e-07
PCG: 1 : 4.547426e-07 / 1.104142e+00
PCG: 0 : 4.547426e-07
PCG: 1 : 4.013956e-07 / 8.826874e-01
PCG: 0 : 4.013955e-07
PCG: 1 : 4.431974e-07 / 1.104141e+00
PCG: 0 : 4.431974e-07
PCG: 1 : 3.912214e-07 / 8.827249e-01
PCG: 0 : 3.912214e-07
PCG: 1 : 4.319373e-07 / 1.104074e+00
PCG: 0 : 4.319373e-07
PCG: 1 : 3.812877e-07 / 8.827384e-01
PCG: 0 : 3.812876e-07
PCG: 1 : 4.209796e-07 / 1.104100e+00
PCG: 0 : 4.209797e-07
PCG: 1 : 3.716092e-07 / 8.827249e-01
PCG: 0 : 3.716092e-07
PCG: 1 : 4.102999e-07 / 1.104117e+00
PCG: 0 : 4.103000e-07
PCG: 1 : 3.621795e-07 / 8.827187e-01
PCG: 0 : 3.621795e-07
PCG: 1 : 3.998870e-07 / 1.104113e+00
PCG: 0 : 3.998870e-07
PCG: 1 : 3.529879e-07 / 8.827190e-01
PCG: 0 : 3.529878e-07
PCG: 1 : 3.897404e-07 / 1.104118e+00
PCG: 0 : 3.897404e-07
PCG: 1 : 3.440221e-07 / 8.826954e-01
PCG: 0 : 3.440221e-07
PCG: 1 : 3.798759e-07 / 1.104219e+00
PCG: 0 : 3.798759e-07
PCG: 1 : 3.352753e-07 / 8.825918e-01
PCG: 0 : 3.352753e-07
PCG: 1 : 3.702451e-07 / 1.104302e+00
PCG: 0 : 3.702452e-07
PCG: 1 : 3.267446e-07 / 8.825088e-01
PCG: 0 : 3.267446e-07
PCG: 1 : 3.608763e-07 / 1.104460e+00
PCG: 0 : 3.608763e-07
PCG: 1 : 3.184363e-07 / 8.823975e-01
PCG: 0 : 3.184363e-07
PCG: 1 : 3.517357e-07 / 1.104571e+00
PCG: 0 : 3.517357e-07
PCG: 1 : 3.103494e-07 / 8.823371e-01
PCG: 0 : 3.103494e-07
PCG: 1 : 3.428099e-07 / 1.104593e+00
PCG: 0 : 3.428099e-07
PCG: 1 : 3.024739e-07 / 8.823370e-01
PCG: 0 : 3.024739e-07
PCG: 1 : 3.341195e-07 / 1.104623e+00
PCG: 0 : 3.341195e-07
PCG: 1 : 2.947858e-07 / 8.822766e-01
PCG: 0 : 2.947858e-07
PCG: 1 : 3.256567e-07 / 1.104723e+00

PCG ( VCycle ( S: Scale / C: Scale )  )

Complete solver TOE: 121.236
0.0182596 GFlop/s [0.0182596 GFlops/s]

Total time: 121.236s
Accumulated op time: 115.328

Reductions: 1.92855%
Blas-1: 5.67288%
Blas-2: 87.5255%
Precon Kernels: 0%
MPI Execution: 0%
MPI Wait: 0%
Not covered: 4.87305%

Domain size: 26.7772 MByte
LA size: 89.0505 MByte
MPI size: 2.67928 MByte

H0-Error: 2.254182e-06
H1-Error: 4.034415e-03

Writing DATA to output.data...
Run-Time: 2:03.666 [2:03.666]
0xb33bc9f8 Error: MemoryPool<CPU> still contains memory chunks on deconstructor call
