NUM-PROCS: 1
Preparing domain...
LVL-MIN: 3 [3]
LVL-MAX: 10 [10]
Creating gates...
Assembling system matrices...
Assembling system filters...
Assembling transfer matrices...
Converting assembled linear system from SparseMatrixCSR, Mem:main to SparseMatrixELL, Mem:cudaand to SparseMatrixELL, Mem:cuda...
PCG: 0 : 9.473711e-03
PCG: 1 : 1.006421e-02 / 1.062330e+00
PCG: 2 : 1.259371e-02 / 1.329332e+00
PCG: 0 : 1.259461e-02
PCG: 1 : 9.715234e-03 / 7.713800e-01
PCG: 2 : 7.853968e-03 / 6.235973e-01
PCG: 0 : 7.853969e-03
PCG: 1 : 5.458899e-03 / 6.950498e-01
PCG: 2 : 6.272108e-03 / 7.985909e-01
PCG: 0 : 6.272109e-03
PCG: 1 : 4.198319e-03 / 6.693632e-01
PCG: 2 : 2.847968e-03 / 4.540687e-01
PCG: 0 : 2.847968e-03
PCG: 1 : 2.116078e-03 / 7.430131e-01
PCG: 2 : 1.602722e-03 / 5.627598e-01
PCG: 0 : 1.602722e-03
PCG: 1 : 9.725697e-04 / 6.068237e-01
PCG: 2 : 7.246651e-04 / 4.521465e-01
PCG: 0 : 7.246651e-04
PCG: 1 : 5.067067e-04 / 6.992288e-01
PCG: 2 : 4.108284e-04 / 5.669217e-01
PCG: 0 : 4.108284e-04
PCG: 1 : 2.387618e-04 / 5.811716e-01
PCG: 2 : 1.846501e-04 / 4.494581e-01
PCG: 0 : 1.846501e-04
PCG: 1 : 1.265960e-04 / 6.855996e-01
PCG: 2 : 1.049185e-04 / 5.682017e-01
PCG: 0 : 1.049185e-04
PCG: 1 : 6.025852e-05 / 5.743363e-01
PCG: 2 : 4.707164e-05 / 4.486495e-01
PCG: 0 : 4.707164e-05
PCG: 1 : 3.215771e-05 / 6.831652e-01
PCG: 2 : 2.676634e-05 / 5.686297e-01
PCG: 0 : 2.676634e-05
PCG: 1 : 1.536263e-05 / 5.739534e-01
PCG: 2 : 1.200910e-05 / 4.486644e-01
PCG: 0 : 1.200910e-05
PCG: 1 : 8.216229e-06 / 6.841668e-01
PCG: 2 : 6.830962e-06 / 5.688154e-01
PCG: 0 : 6.830962e-06
PCG: 1 : 3.930851e-06 / 5.754462e-01
PCG: 2 : 3.066659e-06 / 4.489351e-01
PCG: 0 : 3.066658e-06
PCG: 1 : 2.103816e-06 / 6.860288e-01
PCG: 2 : 1.744487e-06 / 5.688559e-01
PCG: 0 : 1.744487e-06
PCG: 1 : 1.007298e-06 / 5.774179e-01
PCG: 2 : 7.837806e-07 / 4.492901e-01
PCG: 0 : 7.837805e-07
PCG: 1 : 5.392438e-07 / 6.880036e-01
PCG: 2 : 4.458095e-07 / 5.687938e-01
PCG: 0 : 4.458096e-07
PCG: 1 : 2.583341e-07 / 5.794718e-01
PCG: 2 : 2.004678e-07 / 4.496714e-01
PCG: 0 : 2.004678e-07
PCG: 1 : 1.383104e-07 / 6.899381e-01
PCG: 2 : 1.139957e-07 / 5.686484e-01
PCG: 0 : 1.139957e-07
PCG: 1 : 6.629315e-08 / 5.815407e-01
PCG: 2 : 5.130464e-08 / 4.500576e-01
PCG: 0 : 5.130463e-08
PCG: 1 : 3.549482e-08 / 6.918445e-01
PCG: 2 : 2.916523e-08 / 5.684717e-01

PCG ( VCycle ( S: Scale / C: Scale )  )

Complete solver TOE: 9.29095
0.321333 GFlop/s [0.321333 GFlops/s]

Total time: 9.29095s
Accumulated op time: 4.34908

Reductions: 44.5094%
Blas-1: 1.19331%
Blas-2: 1.10716%
Precon Kernels: 0%
MPI Execution: 0%
MPI Wait: 0%
Not covered: 53.1901%

Domain size: 106.946 MByte
LA size: 356.551 MByte
MPI size: 10.6978 MByte

H0-Error: 4.395186e-07
H1-Error: 2.017209e-03

Writing DATA to output.data...
Run-Time: 0:20.953 [0:20.953]
0xb33349f8 Error: MemoryPool<CUDA> still contains memory chunks on deconstructor call
