NUM-PROCS: 1
Preparing domain...
LVL-MIN: 3 [3]
LVL-MAX: 5 [5]
Creating gates...
Assembling system matrices...
Assembling system filters...
Assembling transfer matrices...
Converting assembled linear system from SparseMatrixCSR, Mem:main to SparseMatrixELL, Mem:cudaand to SparseMatrixELL, Mem:cuda...
PCG: 0 : 3.015408e-01
PCG: 1 : 2.796061e-01 / 9.272582e-01
PCG: 0 : 3.002584e-01
PCG: 1 : 1.691521e-01 / 5.633550e-01
PCG: 0 : 1.691521e-01
PCG: 1 : 1.293250e-01 / 7.645491e-01
PCG: 0 : 1.293250e-01
PCG: 1 : 1.297000e-01 / 1.002899e+00
PCG: 0 : 1.297000e-01
PCG: 1 : 9.120490e-02 / 7.031990e-01
PCG: 0 : 9.120489e-02
PCG: 1 : 8.773489e-02 / 9.619538e-01
PCG: 0 : 8.773489e-02
PCG: 1 : 6.095460e-02 / 6.947590e-01
PCG: 0 : 6.095459e-02
PCG: 1 : 5.834055e-02 / 9.571148e-01
PCG: 0 : 5.834055e-02
PCG: 1 : 4.048528e-02 / 6.939476e-01
PCG: 0 : 4.048527e-02
PCG: 1 : 3.868709e-02 / 9.555843e-01
PCG: 0 : 3.868709e-02
PCG: 1 : 2.686337e-02 / 6.943756e-01
PCG: 0 : 2.686337e-02
PCG: 1 : 2.565006e-02 / 9.548338e-01
PCG: 0 : 2.565006e-02
PCG: 1 : 1.783217e-02 / 6.952099e-01
PCG: 0 : 1.783217e-02
PCG: 1 : 1.701923e-02 / 9.544117e-01
PCG: 0 : 1.701923e-02
PCG: 1 : 1.184917e-02 / 6.962226e-01
PCG: 0 : 1.184917e-02
PCG: 1 : 1.130635e-02 / 9.541889e-01
PCG: 0 : 1.130635e-02
PCG: 1 : 7.884167e-03 / 6.973221e-01
PCG: 0 : 7.884167e-03
PCG: 1 : 7.522353e-03 / 9.541088e-01
PCG: 0 : 7.522353e-03
PCG: 1 : 5.254034e-03 / 6.984562e-01
PCG: 0 : 5.254033e-03
PCG: 1 : 5.013064e-03 / 9.541365e-01
PCG: 0 : 5.013064e-03
PCG: 1 : 3.507068e-03 / 6.995858e-01
PCG: 0 : 3.507068e-03
PCG: 1 : 3.346592e-03 / 9.542421e-01
PCG: 0 : 3.346592e-03
PCG: 1 : 2.344898e-03 / 7.006824e-01
PCG: 0 : 2.344898e-03
PCG: 1 : 2.237973e-03 / 9.544007e-01
PCG: 0 : 2.237972e-03
PCG: 1 : 1.570437e-03 / 7.017230e-01
PCG: 0 : 1.570437e-03
PCG: 1 : 1.499125e-03 / 9.545912e-01
PCG: 0 : 1.499125e-03
PCG: 1 : 1.053422e-03 / 7.026916e-01
PCG: 0 : 1.053422e-03
PCG: 1 : 1.005804e-03 / 9.547965e-01
PCG: 0 : 1.005804e-03
PCG: 1 : 7.076623e-04 / 7.035787e-01
PCG: 0 : 7.076623e-04
PCG: 1 : 6.758206e-04 / 9.550043e-01
PCG: 0 : 6.758205e-04
PCG: 1 : 4.760342e-04 / 7.043796e-01
PCG: 0 : 4.760342e-04
PCG: 1 : 4.547104e-04 / 9.552054e-01
PCG: 0 : 4.547104e-04
PCG: 1 : 3.206140e-04 / 7.050949e-01
PCG: 0 : 3.206140e-04
PCG: 1 : 3.063126e-04 / 9.553937e-01
PCG: 0 : 3.063126e-04
PCG: 1 : 2.161733e-04 / 7.057278e-01
PCG: 0 : 2.161733e-04
PCG: 1 : 2.065678e-04 / 9.555657e-01
PCG: 0 : 2.065678e-04
PCG: 1 : 1.458954e-04 / 7.062836e-01
PCG: 0 : 1.458954e-04
PCG: 1 : 1.394352e-04 / 9.557203e-01
PCG: 0 : 1.394352e-04
PCG: 1 : 9.854852e-05 / 7.067692e-01
PCG: 0 : 9.854851e-05
PCG: 1 : 9.419824e-05 / 9.558566e-01
PCG: 0 : 9.419824e-05
PCG: 1 : 6.661628e-05 / 7.071924e-01
PCG: 0 : 6.661627e-05
PCG: 1 : 6.368356e-05 / 9.559760e-01
PCG: 0 : 6.368355e-05
PCG: 1 : 4.505991e-05 / 7.075596e-01
PCG: 0 : 4.505991e-05
PCG: 1 : 4.308086e-05 / 9.560798e-01
PCG: 0 : 4.308086e-05
PCG: 1 : 3.049600e-05 / 7.078781e-01
PCG: 0 : 3.049600e-05
PCG: 1 : 2.915931e-05 / 9.561684e-01
PCG: 0 : 2.915931e-05
PCG: 1 : 2.064932e-05 / 7.081555e-01
PCG: 0 : 2.064932e-05
PCG: 1 : 1.974578e-05 / 9.562436e-01
PCG: 0 : 1.974578e-05
PCG: 1 : 1.398784e-05 / 7.083964e-01
PCG: 0 : 1.398784e-05
PCG: 1 : 1.337668e-05 / 9.563078e-01
PCG: 0 : 1.337668e-05
PCG: 1 : 9.478791e-06 / 7.086057e-01
PCG: 0 : 9.478790e-06
PCG: 1 : 9.065164e-06 / 9.563630e-01
PCG: 0 : 9.065164e-06
PCG: 1 : 6.425276e-06 / 7.087876e-01
PCG: 0 : 6.425276e-06
PCG: 1 : 6.145200e-06 / 9.564102e-01
PCG: 0 : 6.145200e-06
PCG: 1 : 4.356617e-06 / 7.089464e-01
PCG: 0 : 4.356617e-06
PCG: 1 : 4.166886e-06 / 9.564498e-01
PCG: 0 : 4.166886e-06
PCG: 1 : 2.954680e-06 / 7.090858e-01
PCG: 0 : 2.954680e-06
PCG: 1 : 2.826102e-06 / 9.564832e-01
PCG: 0 : 2.826102e-06
PCG: 1 : 2.004295e-06 / 7.092084e-01
PCG: 0 : 2.004295e-06
PCG: 1 : 1.917133e-06 / 9.565123e-01
PCG: 0 : 1.917133e-06
PCG: 1 : 1.359852e-06 / 7.093154e-01
PCG: 0 : 1.359852e-06
PCG: 1 : 1.300748e-06 / 9.565371e-01
PCG: 0 : 1.300748e-06
PCG: 1 : 9.227638e-07 / 7.094100e-01
PCG: 0 : 9.227637e-07
PCG: 1 : 8.826767e-07 / 9.565576e-01
PCG: 0 : 8.826765e-07
PCG: 1 : 6.262542e-07 / 7.094946e-01
PCG: 0 : 6.262542e-07
PCG: 1 : 5.990586e-07 / 9.565743e-01
PCG: 0 : 5.990586e-07
PCG: 1 : 4.250736e-07 / 7.095694e-01
PCG: 0 : 4.250736e-07
PCG: 1 : 4.066204e-07 / 9.565881e-01
PCG: 0 : 4.066204e-07
PCG: 1 : 2.885526e-07 / 7.096364e-01
PCG: 0 : 2.885526e-07
PCG: 1 : 2.760293e-07 / 9.565997e-01

PCG ( VCycle ( S: Scale / C: Scale )  )

Complete solver TOE: 0.379318
0.0355598 GFlop/s [0.0355598 GFlops/s]

Total time: 0.379318s
Accumulated op time: 0.167259

Reductions: 23.0195%
Blas-1: 11.0701%
Blas-2: 10.0051%
Precon Kernels: 0%
MPI Execution: 0%
MPI Wait: 0%
Not covered: 55.9053%

Domain size: 0.110413 MByte
LA size: 0.359131 MByte
MPI size: 0.0111542 MByte

H0-Error: 4.392279e-04
H1-Error: 6.452751e-02

Writing DATA to output.data...
Run-Time: 0:00.438 [0:00.438]
0xb33649f8 Error: MemoryPool<CUDA> still contains memory chunks on deconstructor call
