NUM-PROCS: 1
Preparing domain...
LVL-MIN: 3 [3]
LVL-MAX: 4 [4]
Creating gates...
Assembling system matrices...
Assembling system filters...
Assembling transfer matrices...
Converting assembled linear system from SparseMatrixCSR, Mem:main to SparseMatrixELL, Mem:cudaand to SparseMatrixELL, Mem:cuda...
PCG: 0 : 5.972902e-01
PCG: 1 : 5.273273e-01 / 8.828661e-01
PCG: 2 : 2.764901e-01 / 4.629075e-01
PCG: 3 : 9.832021e-02 / 1.646104e-01
PCG: 4 : 6.052129e-03 / 1.013264e-02
PCG: 5 : 1.363251e-03 / 2.282394e-03
PCG: 6 : 1.705095e-04 / 2.854717e-04
PCG: 7 : 2.806958e-05 / 4.699488e-05
PCG: 8 : 6.514001e-07 / 1.090592e-06
PCG: 9 : 8.419130e-08 / 1.409554e-07
PCG: 0 : 1.332006e-01
PCG: 1 : 7.376549e-02 / 5.537926e-01
PCG: 2 : 6.012303e-02 / 4.513722e-01
PCG: 3 : 5.363451e-02 / 4.026597e-01
PCG: 4 : 6.603941e-03 / 4.957892e-02
PCG: 5 : 1.613974e-03 / 1.211687e-02
PCG: 6 : 1.236709e-04 / 9.284565e-04
PCG: 7 : 3.953302e-05 / 2.967932e-04
PCG: 8 : 9.528792e-07 / 7.153717e-06
PCG: 9 : 7.577542e-08 / 5.688821e-07
PCG: 0 : 9.836978e-08
PCG: 1 : 1.320120e-08 / 1.341998e-01
PCG: 2 : 5.007125e-09 / 5.090105e-02
PCG: 3 : 2.535546e-09 / 2.577565e-02
PCG: 4 : 2.136020e-09 / 2.171419e-02
PCG: 5 : 9.296426e-10 / 9.450490e-03
PCG: 6 : 5.518276e-10 / 5.609727e-03
PCG: 7 : 2.884400e-10 / 2.932202e-03
PCG: 8 : 8.738166e-11 / 8.882979e-04
PCG: 9 : 2.144778e-11 / 2.180322e-04
PCG: 0 : 2.144882e-11
PCG: 1 : 9.597855e-12 / 4.474771e-01
PCG: 2 : 2.776138e-12 / 1.294308e-01
PCG: 3 : 9.372205e-13 / 4.369567e-02
PCG: 4 : 3.317916e-13 / 1.546900e-02
PCG: 5 : 1.442481e-13 / 6.725222e-03
PCG: 6 : 1.018319e-13 / 4.747670e-03
PCG: 7 : 3.892850e-14 / 1.814949e-03
PCG: 8 : 4.050138e-14 / 1.888280e-03
PCG: 9 : 1.943715e-14 / 9.062107e-04

PCG ( VCycle ( S: Scale / C: Scale )  )

Complete solver TOE: 0.101686
0.0113613 GFlop/s [0.0113613 GFlops/s]

Total time: 0.101686s
Accumulated op time: 0.045479

Reductions: 22.0552%
Blas-1: 13.521%
Blas-2: 9.14875%
Precon Kernels: 0%
MPI Execution: 0%
MPI Wait: 0%
Not covered: 55.2751%

Domain size: 0.027832 MByte
LA size: 0.0803223 MByte
MPI size: 0.00283813 MByte

H0-Error: 1.753315e-03
H1-Error: 1.289155e-01

Writing DATA to output.data...
Run-Time: 0:00.800 [0:00.800]
0xb336e9f8 Error: MemoryPool<CUDA> still contains memory chunks on deconstructor call
