NUM-PROCS: 1
Preparing domain...
LVL-MIN: 5 [5]
LVL-MAX: 8 [8]
Creating gates...
Assembling system matrices...
Assembling system filters...
Assembling transfer matrices...
Converting assembled linear system from SparseMatrixCSR, Mem:main to SparseMatrixELL, Mem:cudaand to SparseMatrixELL, Mem:cuda...
PCG: 0 : 3.788187e-02
PCG: 1 : 1.531280e-01 / 4.042251e+00
PCG: 0 : 1.537493e-01
PCG: 1 : 1.085802e-01 / 7.062160e-01
PCG: 0 : 1.085802e-01
PCG: 1 : 1.698247e-01 / 1.564048e+00
PCG: 0 : 1.698247e-01
PCG: 1 : 1.721901e-01 / 1.013928e+00
PCG: 0 : 1.721901e-01
PCG: 1 : 1.870910e-01 / 1.086538e+00
PCG: 0 : 1.870910e-01
PCG: 1 : 1.596814e-01 / 8.534958e-01
PCG: 0 : 1.596814e-01
PCG: 1 : 1.685295e-01 / 1.055411e+00
PCG: 0 : 1.685294e-01
PCG: 1 : 1.437197e-01 / 8.527867e-01
PCG: 0 : 1.437197e-01
PCG: 1 : 1.526846e-01 / 1.062378e+00
PCG: 0 : 1.526846e-01
PCG: 1 : 1.311217e-01 / 8.587747e-01
PCG: 0 : 1.311217e-01
PCG: 1 : 1.402042e-01 / 1.069268e+00
PCG: 0 : 1.402042e-01
PCG: 1 : 1.211232e-01 / 8.639055e-01
PCG: 0 : 1.211232e-01
PCG: 1 : 1.301604e-01 / 1.074612e+00
PCG: 0 : 1.301604e-01
PCG: 1 : 1.129789e-01 / 8.679978e-01
PCG: 0 : 1.129789e-01
PCG: 1 : 1.218802e-01 / 1.078788e+00
PCG: 0 : 1.218802e-01
PCG: 1 : 1.061950e-01 / 8.713062e-01
PCG: 0 : 1.061950e-01
PCG: 1 : 1.149173e-01 / 1.082134e+00
PCG: 0 : 1.149173e-01
PCG: 1 : 1.004408e-01 / 8.740268e-01
PCG: 0 : 1.004408e-01
PCG: 1 : 1.089653e-01 / 1.084871e+00
PCG: 0 : 1.089653e-01
PCG: 1 : 9.548528e-02 / 8.762910e-01
PCG: 0 : 9.548528e-02
PCG: 1 : 1.038054e-01 / 1.087135e+00
PCG: 0 : 1.038054e-01
PCG: 1 : 9.116068e-02 / 8.781881e-01
PCG: 0 : 9.116068e-02
PCG: 1 : 9.927600e-02 / 1.089022e+00
PCG: 0 : 9.927600e-02
PCG: 1 : 8.734119e-02 / 8.797815e-01
PCG: 0 : 8.734119e-02
PCG: 1 : 9.525409e-02 / 1.090598e+00
PCG: 0 : 9.525409e-02
PCG: 1 : 8.393025e-02 / 8.811197e-01
PCG: 0 : 8.393025e-02
PCG: 1 : 9.164456e-02 / 1.091913e+00
PCG: 0 : 9.164456e-02
PCG: 1 : 8.085267e-02 / 8.822419e-01
PCG: 0 : 8.085266e-02
PCG: 1 : 8.837266e-02 / 1.093009e+00
PCG: 0 : 8.837265e-02
PCG: 1 : 7.804905e-02 / 8.831810e-01
PCG: 0 : 7.804905e-02
PCG: 1 : 8.537931e-02 / 1.093919e+00
PCG: 0 : 8.537931e-02
PCG: 1 : 7.547226e-02 / 8.839642e-01
PCG: 0 : 7.547225e-02
PCG: 1 : 8.261739e-02 / 1.094672e+00
PCG: 0 : 8.261739e-02
PCG: 1 : 7.308473e-02 / 8.846169e-01
PCG: 0 : 7.308473e-02
PCG: 1 : 8.004926e-02 / 1.095294e+00
PCG: 0 : 8.004925e-02
PCG: 1 : 7.085634e-02 / 8.851593e-01
PCG: 0 : 7.085633e-02
PCG: 1 : 7.764476e-02 / 1.095806e+00
PCG: 0 : 7.764476e-02
PCG: 1 : 6.876297e-02 / 8.856099e-01
PCG: 0 : 6.876297e-02
PCG: 1 : 7.537967e-02 / 1.096225e+00
PCG: 0 : 7.537966e-02
PCG: 1 : 6.678514e-02 / 8.859836e-01
PCG: 0 : 6.678514e-02
PCG: 1 : 7.323449e-02 / 1.096569e+00
PCG: 0 : 7.323449e-02
PCG: 1 : 6.490719e-02 / 8.862927e-01
PCG: 0 : 6.490719e-02
PCG: 1 : 7.119343e-02 / 1.096850e+00
PCG: 0 : 7.119343e-02
PCG: 1 : 6.311651e-02 / 8.865497e-01
PCG: 0 : 6.311651e-02
PCG: 1 : 6.924371e-02 / 1.097078e+00
PCG: 0 : 6.924371e-02
PCG: 1 : 6.140275e-02 / 8.867629e-01
PCG: 0 : 6.140275e-02
PCG: 1 : 6.737499e-02 / 1.097263e+00
PCG: 0 : 6.737499e-02
PCG: 1 : 5.975757e-02 / 8.869399e-01
PCG: 0 : 5.975756e-02
PCG: 1 : 6.557879e-02 / 1.097414e+00
PCG: 0 : 6.557879e-02
PCG: 1 : 5.817409e-02 / 8.870870e-01
PCG: 0 : 5.817409e-02
PCG: 1 : 6.384815e-02 / 1.097536e+00
PCG: 0 : 6.384814e-02
PCG: 1 : 5.664670e-02 / 8.872098e-01
PCG: 0 : 5.664670e-02
PCG: 1 : 6.217733e-02 / 1.097634e+00
PCG: 0 : 6.217732e-02
PCG: 1 : 5.517068e-02 / 8.873119e-01
PCG: 0 : 5.517067e-02
PCG: 1 : 6.056156e-02 / 1.097713e+00
PCG: 0 : 6.056156e-02
PCG: 1 : 5.374217e-02 / 8.873975e-01
PCG: 0 : 5.374217e-02
PCG: 1 : 5.899684e-02 / 1.097776e+00
PCG: 0 : 5.899684e-02
PCG: 1 : 5.235789e-02 / 8.874694e-01
PCG: 0 : 5.235789e-02
PCG: 1 : 5.747981e-02 / 1.097825e+00
PCG: 0 : 5.747981e-02
PCG: 1 : 5.101506e-02 / 8.875301e-01
PCG: 0 : 5.101506e-02
PCG: 1 : 5.600761e-02 / 1.097864e+00
PCG: 0 : 5.600761e-02
PCG: 1 : 4.971130e-02 / 8.875811e-01
PCG: 0 : 4.971130e-02
PCG: 1 : 5.457778e-02 / 1.097895e+00
PCG: 0 : 5.457778e-02
PCG: 1 : 4.844455e-02 / 8.876242e-01
PCG: 0 : 4.844455e-02
PCG: 1 : 5.318818e-02 / 1.097919e+00
PCG: 0 : 5.318818e-02
PCG: 1 : 4.721307e-02 / 8.876609e-01
PCG: 0 : 4.721306e-02
PCG: 1 : 5.183694e-02 / 1.097936e+00
PCG: 0 : 5.183694e-02
PCG: 1 : 4.601524e-02 / 8.876921e-01
PCG: 0 : 4.601524e-02
PCG: 1 : 5.052239e-02 / 1.097949e+00
PCG: 0 : 5.052239e-02
PCG: 1 : 4.484970e-02 / 8.877195e-01
PCG: 0 : 4.484970e-02
PCG: 1 : 4.924309e-02 / 1.097958e+00
PCG: 0 : 4.924309e-02
PCG: 1 : 4.371518e-02 / 8.877425e-01
PCG: 0 : 4.371518e-02
PCG: 1 : 4.799770e-02 / 1.097964e+00
PCG: 0 : 4.799770e-02
PCG: 1 : 4.261054e-02 / 8.877622e-01
PCG: 0 : 4.261054e-02
PCG: 1 : 4.678501e-02 / 1.097968e+00
PCG: 0 : 4.678500e-02
PCG: 1 : 4.153478e-02 / 8.877798e-01
PCG: 0 : 4.153478e-02
PCG: 1 : 4.560390e-02 / 1.097969e+00
PCG: 0 : 4.560390e-02
PCG: 1 : 4.048694e-02 / 8.877955e-01
PCG: 0 : 4.048694e-02
PCG: 1 : 4.445336e-02 / 1.097968e+00
PCG: 0 : 4.445336e-02
PCG: 1 : 3.946611e-02 / 8.878095e-01
PCG: 0 : 3.946611e-02
PCG: 1 : 4.333244e-02 / 1.097966e+00
PCG: 0 : 4.333243e-02
PCG: 1 : 3.847149e-02 / 8.878220e-01
PCG: 0 : 3.847148e-02
PCG: 1 : 4.224025e-02 / 1.097963e+00
PCG: 0 : 4.224025e-02
PCG: 1 : 3.750229e-02 / 8.878330e-01
PCG: 0 : 3.750229e-02
PCG: 1 : 4.117597e-02 / 1.097959e+00
PCG: 0 : 4.117597e-02
PCG: 1 : 3.655779e-02 / 8.878430e-01
PCG: 0 : 3.655779e-02
PCG: 1 : 4.013877e-02 / 1.097954e+00
PCG: 0 : 4.013877e-02
PCG: 1 : 3.563731e-02 / 8.878526e-01
PCG: 0 : 3.563731e-02
PCG: 1 : 3.912794e-02 / 1.097949e+00
PCG: 0 : 3.912794e-02
PCG: 1 : 3.474017e-02 / 8.878611e-01
PCG: 0 : 3.474017e-02
PCG: 1 : 3.814274e-02 / 1.097944e+00
PCG: 0 : 3.814274e-02
PCG: 1 : 3.386575e-02 / 8.878688e-01
PCG: 0 : 3.386575e-02
PCG: 1 : 3.718247e-02 / 1.097937e+00
PCG: 0 : 3.718246e-02
PCG: 1 : 3.301345e-02 / 8.878769e-01
PCG: 0 : 3.301345e-02
PCG: 1 : 3.624649e-02 / 1.097931e+00
PCG: 0 : 3.624649e-02
PCG: 1 : 3.218268e-02 / 8.878841e-01
PCG: 0 : 3.218268e-02
PCG: 1 : 3.533415e-02 / 1.097924e+00
PCG: 0 : 3.533414e-02
PCG: 1 : 3.137289e-02 / 8.878915e-01
PCG: 0 : 3.137289e-02
PCG: 1 : 3.444484e-02 / 1.097918e+00
PCG: 0 : 3.444484e-02
PCG: 1 : 3.058351e-02 / 8.878980e-01
PCG: 0 : 3.058351e-02
PCG: 1 : 3.357798e-02 / 1.097911e+00
PCG: 0 : 3.357798e-02
PCG: 1 : 2.981405e-02 / 8.879049e-01
PCG: 0 : 2.981405e-02
PCG: 1 : 3.273297e-02 / 1.097904e+00
PCG: 0 : 3.273297e-02
PCG: 1 : 2.906399e-02 / 8.879119e-01
PCG: 0 : 2.906399e-02
PCG: 1 : 3.190928e-02 / 1.097897e+00
PCG: 0 : 3.190928e-02
PCG: 1 : 2.833284e-02 / 8.879185e-01
PCG: 0 : 2.833284e-02
PCG: 1 : 3.110635e-02 / 1.097890e+00
PCG: 0 : 3.110635e-02
PCG: 1 : 2.762010e-02 / 8.879249e-01
PCG: 0 : 2.762010e-02
PCG: 1 : 3.032368e-02 / 1.097884e+00
PCG: 0 : 3.032368e-02
PCG: 1 : 2.692534e-02 / 8.879312e-01
PCG: 0 : 2.692534e-02
PCG: 1 : 2.956072e-02 / 1.097878e+00
PCG: 0 : 2.956072e-02
PCG: 1 : 2.624809e-02 / 8.879380e-01
PCG: 0 : 2.624809e-02
PCG: 1 : 2.881701e-02 / 1.097871e+00
PCG: 0 : 2.881701e-02
PCG: 1 : 2.558791e-02 / 8.879448e-01
PCG: 0 : 2.558791e-02
PCG: 1 : 2.809203e-02 / 1.097864e+00
PCG: 0 : 2.809203e-02
PCG: 1 : 2.494438e-02 / 8.879522e-01
PCG: 0 : 2.494438e-02
PCG: 1 : 2.738534e-02 / 1.097856e+00
PCG: 0 : 2.738534e-02
PCG: 1 : 2.431706e-02 / 8.879589e-01
PCG: 0 : 2.431706e-02
PCG: 1 : 2.669647e-02 / 1.097850e+00
PCG: 0 : 2.669647e-02
PCG: 1 : 2.370556e-02 / 8.879662e-01
PCG: 0 : 2.370556e-02
PCG: 1 : 2.602496e-02 / 1.097842e+00
PCG: 0 : 2.602496e-02
PCG: 1 : 2.310950e-02 / 8.879743e-01
PCG: 0 : 2.310949e-02
PCG: 1 : 2.537041e-02 / 1.097835e+00
PCG: 0 : 2.537040e-02
PCG: 1 : 2.252844e-02 / 8.879812e-01
PCG: 0 : 2.252844e-02
PCG: 1 : 2.473236e-02 / 1.097828e+00
PCG: 0 : 2.473236e-02
PCG: 1 : 2.196206e-02 / 8.879889e-01
PCG: 0 : 2.196206e-02
PCG: 1 : 2.411039e-02 / 1.097820e+00
PCG: 0 : 2.411039e-02
PCG: 1 : 2.140995e-02 / 8.879967e-01
PCG: 0 : 2.140995e-02
PCG: 1 : 2.350412e-02 / 1.097813e+00
PCG: 0 : 2.350412e-02
PCG: 1 : 2.087176e-02 / 8.880044e-01
PCG: 0 : 2.087176e-02
PCG: 1 : 2.291315e-02 / 1.097806e+00
PCG: 0 : 2.291315e-02
PCG: 1 : 2.034715e-02 / 8.880119e-01
PCG: 0 : 2.034715e-02
PCG: 1 : 2.233708e-02 / 1.097799e+00
PCG: 0 : 2.233708e-02
PCG: 1 : 1.983577e-02 / 8.880200e-01
PCG: 0 : 1.983577e-02
PCG: 1 : 2.177553e-02 / 1.097791e+00
PCG: 0 : 2.177553e-02
PCG: 1 : 1.933729e-02 / 8.880284e-01
PCG: 0 : 1.933729e-02
PCG: 1 : 2.122815e-02 / 1.097783e+00
PCG: 0 : 2.122815e-02
PCG: 1 : 1.885138e-02 / 8.880368e-01
PCG: 0 : 1.885138e-02
PCG: 1 : 2.069457e-02 / 1.097775e+00
PCG: 0 : 2.069457e-02
PCG: 1 : 1.837772e-02 / 8.880452e-01
PCG: 0 : 1.837772e-02
PCG: 1 : 2.017446e-02 / 1.097768e+00
PCG: 0 : 2.017446e-02
PCG: 1 : 1.791599e-02 / 8.880531e-01
PCG: 0 : 1.791599e-02
PCG: 1 : 1.966745e-02 / 1.097760e+00
PCG: 0 : 1.966745e-02
PCG: 1 : 1.746591e-02 / 8.880615e-01
PCG: 0 : 1.746591e-02
PCG: 1 : 1.917323e-02 / 1.097752e+00
PCG: 0 : 1.917323e-02
PCG: 1 : 1.702716e-02 / 8.880692e-01
PCG: 0 : 1.702715e-02
PCG: 1 : 1.869147e-02 / 1.097745e+00
PCG: 0 : 1.869147e-02
PCG: 1 : 1.659946e-02 / 8.880766e-01
PCG: 0 : 1.659946e-02
PCG: 1 : 1.822185e-02 / 1.097738e+00
PCG: 0 : 1.822185e-02
PCG: 1 : 1.618253e-02 / 8.880839e-01
PCG: 0 : 1.618253e-02
PCG: 1 : 1.776406e-02 / 1.097731e+00
PCG: 0 : 1.776406e-02
PCG: 1 : 1.577609e-02 / 8.880907e-01
PCG: 0 : 1.577609e-02
PCG: 1 : 1.731779e-02 / 1.097724e+00
PCG: 0 : 1.731779e-02
PCG: 1 : 1.537990e-02 / 8.880983e-01
PCG: 0 : 1.537990e-02
PCG: 1 : 1.688275e-02 / 1.097715e+00
PCG: 0 : 1.688275e-02
PCG: 1 : 1.499367e-02 / 8.881060e-01
PCG: 0 : 1.499367e-02
PCG: 1 : 1.645866e-02 / 1.097707e+00
PCG: 0 : 1.645866e-02
PCG: 1 : 1.461716e-02 / 8.881136e-01
PCG: 0 : 1.461716e-02
PCG: 1 : 1.604524e-02 / 1.097699e+00
PCG: 0 : 1.604524e-02
PCG: 1 : 1.425011e-02 / 8.881208e-01
PCG: 0 : 1.425011e-02
PCG: 1 : 1.564222e-02 / 1.097691e+00
PCG: 0 : 1.564222e-02
PCG: 1 : 1.389229e-02 / 8.881279e-01
PCG: 0 : 1.389229e-02
PCG: 1 : 1.524933e-02 / 1.097683e+00
PCG: 0 : 1.524933e-02
PCG: 1 : 1.354346e-02 / 8.881348e-01
PCG: 0 : 1.354346e-02
PCG: 1 : 1.486631e-02 / 1.097675e+00
PCG: 0 : 1.486631e-02
PCG: 1 : 1.320340e-02 / 8.881420e-01
PCG: 0 : 1.320340e-02
PCG: 1 : 1.449291e-02 / 1.097666e+00
PCG: 0 : 1.449291e-02
PCG: 1 : 1.287187e-02 / 8.881494e-01
PCG: 0 : 1.287187e-02
PCG: 1 : 1.412889e-02 / 1.097656e+00
PCG: 0 : 1.412889e-02
PCG: 1 : 1.254866e-02 / 8.881564e-01
PCG: 0 : 1.254866e-02
PCG: 1 : 1.377400e-02 / 1.097647e+00
PCG: 0 : 1.377400e-02
PCG: 1 : 1.223357e-02 / 8.881635e-01
PCG: 0 : 1.223356e-02
PCG: 1 : 1.342802e-02 / 1.097638e+00
PCG: 0 : 1.342802e-02
PCG: 1 : 1.192637e-02 / 8.881700e-01
PCG: 0 : 1.192637e-02
PCG: 1 : 1.309073e-02 / 1.097629e+00
PCG: 0 : 1.309073e-02
PCG: 1 : 1.162687e-02 / 8.881763e-01
PCG: 0 : 1.162687e-02
PCG: 1 : 1.276189e-02 / 1.097620e+00
PCG: 0 : 1.276188e-02
PCG: 1 : 1.133488e-02 / 8.881826e-01
PCG: 0 : 1.133488e-02
PCG: 1 : 1.244129e-02 / 1.097611e+00
PCG: 0 : 1.244129e-02
PCG: 1 : 1.105021e-02 / 8.881884e-01
PCG: 0 : 1.105021e-02
PCG: 1 : 1.212873e-02 / 1.097602e+00
PCG: 0 : 1.212873e-02
PCG: 1 : 1.077266e-02 / 8.881941e-01
PCG: 0 : 1.077266e-02
PCG: 1 : 1.182400e-02 / 1.097593e+00
PCG: 0 : 1.182400e-02
PCG: 1 : 1.050207e-02 / 8.881994e-01
PCG: 0 : 1.050207e-02
PCG: 1 : 1.152690e-02 / 1.097584e+00
PCG: 0 : 1.152690e-02
PCG: 1 : 1.023825e-02 / 8.882049e-01
PCG: 0 : 1.023825e-02
PCG: 1 : 1.123724e-02 / 1.097574e+00
PCG: 0 : 1.123724e-02
PCG: 1 : 9.981026e-03 / 8.882100e-01
PCG: 0 : 9.981025e-03
PCG: 1 : 1.095483e-02 / 1.097566e+00
PCG: 0 : 1.095483e-02
PCG: 1 : 9.730244e-03 / 8.882150e-01
PCG: 0 : 9.730243e-03
PCG: 1 : 1.067949e-02 / 1.097556e+00
PCG: 0 : 1.067949e-02
PCG: 1 : 9.485737e-03 / 8.882203e-01
PCG: 0 : 9.485736e-03
PCG: 1 : 1.041104e-02 / 1.097547e+00
PCG: 0 : 1.041104e-02
PCG: 1 : 9.247344e-03 / 8.882249e-01
PCG: 0 : 9.247343e-03
PCG: 1 : 1.014931e-02 / 1.097538e+00
PCG: 0 : 1.014931e-02
PCG: 1 : 9.014909e-03 / 8.882288e-01
PCG: 0 : 9.014909e-03
PCG: 1 : 9.894129e-03 / 1.097530e+00
PCG: 0 : 9.894129e-03
PCG: 1 : 8.788291e-03 / 8.882329e-01
PCG: 0 : 8.788290e-03
PCG: 1 : 9.645332e-03 / 1.097521e+00
PCG: 0 : 9.645332e-03
PCG: 1 : 8.567336e-03 / 8.882365e-01
PCG: 0 : 8.567335e-03
PCG: 1 : 9.402760e-03 / 1.097513e+00
PCG: 0 : 9.402760e-03
PCG: 1 : 8.351907e-03 / 8.882399e-01
PCG: 0 : 8.351906e-03
PCG: 1 : 9.166249e-03 / 1.097504e+00
PCG: 0 : 9.166249e-03
PCG: 1 : 8.141867e-03 / 8.882442e-01
PCG: 0 : 8.141866e-03
PCG: 1 : 8.935660e-03 / 1.097495e+00
PCG: 0 : 8.935659e-03
PCG: 1 : 7.937073e-03 / 8.882470e-01
PCG: 0 : 7.937073e-03
PCG: 1 : 8.710838e-03 / 1.097487e+00
PCG: 0 : 8.710838e-03
PCG: 1 : 7.737404e-03 / 8.882502e-01
PCG: 0 : 7.737403e-03
PCG: 1 : 8.491637e-03 / 1.097479e+00
PCG: 0 : 8.491636e-03
PCG: 1 : 7.542725e-03 / 8.882534e-01
PCG: 0 : 7.542724e-03
PCG: 1 : 8.277923e-03 / 1.097471e+00
PCG: 0 : 8.277922e-03
PCG: 1 : 7.352914e-03 / 8.882561e-01
PCG: 0 : 7.352914e-03
PCG: 1 : 8.069559e-03 / 1.097464e+00
PCG: 0 : 8.069558e-03
PCG: 1 : 7.167848e-03 / 8.882579e-01
PCG: 0 : 7.167848e-03
PCG: 1 : 7.866404e-03 / 1.097457e+00
PCG: 0 : 7.866403e-03
PCG: 1 : 6.987413e-03 / 8.882603e-01
PCG: 0 : 6.987413e-03
PCG: 1 : 7.668331e-03 / 1.097449e+00
PCG: 0 : 7.668330e-03
PCG: 1 : 6.811492e-03 / 8.882627e-01
PCG: 0 : 6.811491e-03
PCG: 1 : 7.475216e-03 / 1.097442e+00
PCG: 0 : 7.475216e-03
PCG: 1 : 6.639971e-03 / 8.882648e-01
PCG: 0 : 6.639971e-03
PCG: 1 : 7.286935e-03 / 1.097435e+00
PCG: 0 : 7.286935e-03
PCG: 1 : 6.472742e-03 / 8.882668e-01
PCG: 0 : 6.472742e-03
PCG: 1 : 7.103366e-03 / 1.097428e+00
PCG: 0 : 7.103366e-03
PCG: 1 : 6.309696e-03 / 8.882684e-01
PCG: 0 : 6.309696e-03
PCG: 1 : 6.924397e-03 / 1.097422e+00
PCG: 0 : 6.924397e-03
PCG: 1 : 6.150733e-03 / 8.882698e-01
PCG: 0 : 6.150732e-03
PCG: 1 : 6.749908e-03 / 1.097415e+00
PCG: 0 : 6.749908e-03
PCG: 1 : 5.995747e-03 / 8.882710e-01
PCG: 0 : 5.995747e-03
PCG: 1 : 6.579790e-03 / 1.097409e+00
PCG: 0 : 6.579789e-03
PCG: 1 : 5.844646e-03 / 8.882725e-01
PCG: 0 : 5.844645e-03
PCG: 1 : 6.413933e-03 / 1.097403e+00
PCG: 0 : 6.413933e-03
PCG: 1 : 5.697329e-03 / 8.882738e-01
PCG: 0 : 5.697329e-03
PCG: 1 : 6.252232e-03 / 1.097397e+00
PCG: 0 : 6.252232e-03
PCG: 1 : 5.553700e-03 / 8.882749e-01
PCG: 0 : 5.553700e-03
PCG: 1 : 6.094584e-03 / 1.097392e+00
PCG: 0 : 6.094583e-03
PCG: 1 : 5.413673e-03 / 8.882762e-01
PCG: 0 : 5.413673e-03
PCG: 1 : 5.940887e-03 / 1.097386e+00
PCG: 0 : 5.940886e-03
PCG: 1 : 5.277155e-03 / 8.882775e-01
PCG: 0 : 5.277155e-03
PCG: 1 : 5.791045e-03 / 1.097380e+00
PCG: 0 : 5.791045e-03
PCG: 1 : 5.144061e-03 / 8.882785e-01
PCG: 0 : 5.144060e-03
PCG: 1 : 5.644959e-03 / 1.097374e+00
PCG: 0 : 5.644959e-03
PCG: 1 : 5.014304e-03 / 8.882799e-01
PCG: 0 : 5.014304e-03
PCG: 1 : 5.502541e-03 / 1.097369e+00
PCG: 0 : 5.502540e-03
PCG: 1 : 4.887801e-03 / 8.882808e-01
PCG: 0 : 4.887800e-03
PCG: 1 : 5.363697e-03 / 1.097364e+00
PCG: 0 : 5.363696e-03
PCG: 1 : 4.764472e-03 / 8.882816e-01
PCG: 0 : 4.764472e-03
PCG: 1 : 5.228336e-03 / 1.097359e+00
PCG: 0 : 5.228336e-03
PCG: 1 : 4.644238e-03 / 8.882823e-01
PCG: 0 : 4.644237e-03
PCG: 1 : 5.096375e-03 / 1.097355e+00
PCG: 0 : 5.096375e-03
PCG: 1 : 4.527022e-03 / 8.882828e-01
PCG: 0 : 4.527022e-03
PCG: 1 : 4.967730e-03 / 1.097350e+00
PCG: 0 : 4.967729e-03
PCG: 1 : 4.412749e-03 / 8.882829e-01
PCG: 0 : 4.412748e-03
PCG: 1 : 4.842314e-03 / 1.097347e+00
PCG: 0 : 4.842314e-03
PCG: 1 : 4.301346e-03 / 8.882831e-01
PCG: 0 : 4.301345e-03
PCG: 1 : 4.720049e-03 / 1.097342e+00
PCG: 0 : 4.720049e-03
PCG: 1 : 4.192745e-03 / 8.882842e-01
PCG: 0 : 4.192744e-03
PCG: 1 : 4.600858e-03 / 1.097338e+00
PCG: 0 : 4.600858e-03
PCG: 1 : 4.086870e-03 / 8.882843e-01
PCG: 0 : 4.086870e-03
PCG: 1 : 4.484661e-03 / 1.097334e+00
PCG: 0 : 4.484661e-03
PCG: 1 : 3.983657e-03 / 8.882850e-01
PCG: 0 : 3.983657e-03
PCG: 1 : 4.371388e-03 / 1.097331e+00
PCG: 0 : 4.371388e-03
PCG: 1 : 3.883041e-03 / 8.882856e-01
PCG: 0 : 3.883041e-03
PCG: 1 : 4.260963e-03 / 1.097326e+00
PCG: 0 : 4.260963e-03
PCG: 1 : 3.784953e-03 / 8.882859e-01
PCG: 0 : 3.784953e-03
PCG: 1 : 4.153316e-03 / 1.097323e+00
PCG: 0 : 4.153316e-03
PCG: 1 : 3.689333e-03 / 8.882861e-01
PCG: 0 : 3.689333e-03
PCG: 1 : 4.048379e-03 / 1.097320e+00
PCG: 0 : 4.048379e-03
PCG: 1 : 3.596120e-03 / 8.882864e-01
PCG: 0 : 3.596119e-03
PCG: 1 : 3.946081e-03 / 1.097317e+00
PCG: 0 : 3.946081e-03
PCG: 1 : 3.505251e-03 / 8.882866e-01
PCG: 0 : 3.505251e-03
PCG: 1 : 3.846360e-03 / 1.097314e+00
PCG: 0 : 3.846360e-03
PCG: 1 : 3.416670e-03 / 8.882867e-01
PCG: 0 : 3.416670e-03
PCG: 1 : 3.749149e-03 / 1.097311e+00
PCG: 0 : 3.749148e-03
PCG: 1 : 3.330320e-03 / 8.882871e-01
PCG: 0 : 3.330320e-03
PCG: 1 : 3.654386e-03 / 1.097308e+00
PCG: 0 : 3.654386e-03
PCG: 1 : 3.246144e-03 / 8.882872e-01
PCG: 0 : 3.246144e-03
PCG: 1 : 3.562010e-03 / 1.097305e+00
PCG: 0 : 3.562010e-03
PCG: 1 : 3.164090e-03 / 8.882878e-01
PCG: 0 : 3.164090e-03
PCG: 1 : 3.471961e-03 / 1.097302e+00
PCG: 0 : 3.471961e-03
PCG: 1 : 3.084102e-03 / 8.882882e-01
PCG: 0 : 3.084101e-03
PCG: 1 : 3.384182e-03 / 1.097299e+00
PCG: 0 : 3.384182e-03
PCG: 1 : 3.006129e-03 / 8.882883e-01
PCG: 0 : 3.006129e-03
PCG: 1 : 3.298614e-03 / 1.097296e+00
PCG: 0 : 3.298614e-03
PCG: 1 : 2.930122e-03 / 8.882890e-01
PCG: 0 : 2.930122e-03
PCG: 1 : 3.215205e-03 / 1.097294e+00
PCG: 0 : 3.215205e-03
PCG: 1 : 2.856032e-03 / 8.882890e-01
PCG: 0 : 2.856031e-03
PCG: 1 : 3.133899e-03 / 1.097292e+00
PCG: 0 : 3.133899e-03
PCG: 1 : 2.783809e-03 / 8.882893e-01
PCG: 0 : 2.783808e-03
PCG: 1 : 3.054643e-03 / 1.097289e+00
PCG: 0 : 3.054643e-03
PCG: 1 : 2.713407e-03 / 8.882893e-01
PCG: 0 : 2.713406e-03
PCG: 1 : 2.977387e-03 / 1.097287e+00
PCG: 0 : 2.977386e-03
PCG: 1 : 2.644781e-03 / 8.882895e-01
PCG: 0 : 2.644781e-03
PCG: 1 : 2.902078e-03 / 1.097285e+00
PCG: 0 : 2.902078e-03
PCG: 1 : 2.577887e-03 / 8.882899e-01
PCG: 0 : 2.577886e-03
PCG: 1 : 2.828671e-03 / 1.097283e+00
PCG: 0 : 2.828670e-03
PCG: 1 : 2.512680e-03 / 8.882900e-01
PCG: 0 : 2.512679e-03
PCG: 1 : 2.757115e-03 / 1.097281e+00
PCG: 0 : 2.757115e-03
PCG: 1 : 2.449118e-03 / 8.882901e-01
PCG: 0 : 2.449118e-03
PCG: 1 : 2.687366e-03 / 1.097279e+00
PCG: 0 : 2.687366e-03
PCG: 1 : 2.387161e-03 / 8.882901e-01
PCG: 0 : 2.387161e-03
PCG: 1 : 2.619378e-03 / 1.097278e+00
PCG: 0 : 2.619378e-03
PCG: 1 : 2.326767e-03 / 8.882901e-01
PCG: 0 : 2.326767e-03
PCG: 1 : 2.553106e-03 / 1.097276e+00
PCG: 0 : 2.553106e-03
PCG: 1 : 2.267899e-03 / 8.882904e-01
PCG: 0 : 2.267899e-03
PCG: 1 : 2.488507e-03 / 1.097274e+00
PCG: 0 : 2.488507e-03
PCG: 1 : 2.210517e-03 / 8.882903e-01
PCG: 0 : 2.210517e-03
PCG: 1 : 2.425540e-03 / 1.097273e+00
PCG: 0 : 2.425540e-03
PCG: 1 : 2.154584e-03 / 8.882905e-01
PCG: 0 : 2.154584e-03
PCG: 1 : 2.364163e-03 / 1.097271e+00
PCG: 0 : 2.364163e-03
PCG: 1 : 2.100063e-03 / 8.882905e-01
PCG: 0 : 2.100063e-03
PCG: 1 : 2.304336e-03 / 1.097270e+00
PCG: 0 : 2.304336e-03
PCG: 1 : 2.046920e-03 / 8.882908e-01
PCG: 0 : 2.046920e-03
PCG: 1 : 2.246021e-03 / 1.097269e+00
PCG: 0 : 2.246021e-03
PCG: 1 : 1.995120e-03 / 8.882912e-01
PCG: 0 : 1.995120e-03
PCG: 1 : 2.189179e-03 / 1.097266e+00
PCG: 0 : 2.189179e-03
PCG: 1 : 1.944628e-03 / 8.882911e-01
PCG: 0 : 1.944628e-03
PCG: 1 : 2.133773e-03 / 1.097266e+00
PCG: 0 : 2.133773e-03
PCG: 1 : 1.895412e-03 / 8.882912e-01
PCG: 0 : 1.895412e-03
PCG: 1 : 2.079768e-03 / 1.097265e+00
PCG: 0 : 2.079768e-03
PCG: 1 : 1.847440e-03 / 8.882912e-01
PCG: 0 : 1.847440e-03
PCG: 1 : 2.027127e-03 / 1.097263e+00
PCG: 0 : 2.027127e-03
PCG: 1 : 1.800680e-03 / 8.882915e-01
PCG: 0 : 1.800680e-03
PCG: 1 : 1.975816e-03 / 1.097261e+00
PCG: 0 : 1.975816e-03
PCG: 1 : 1.755103e-03 / 8.882924e-01
PCG: 0 : 1.755103e-03
PCG: 1 : 1.925804e-03 / 1.097260e+00
PCG: 0 : 1.925803e-03
PCG: 1 : 1.710676e-03 / 8.882923e-01
PCG: 0 : 1.710676e-03
PCG: 1 : 1.877055e-03 / 1.097259e+00
PCG: 0 : 1.877055e-03
PCG: 1 : 1.667374e-03 / 8.882924e-01
PCG: 0 : 1.667374e-03
PCG: 1 : 1.829539e-03 / 1.097258e+00
PCG: 0 : 1.829539e-03
PCG: 1 : 1.625165e-03 / 8.882924e-01
PCG: 0 : 1.625165e-03
PCG: 1 : 1.783225e-03 / 1.097257e+00
PCG: 0 : 1.783224e-03
PCG: 1 : 1.584024e-03 / 8.882923e-01
PCG: 0 : 1.584024e-03
PCG: 1 : 1.738081e-03 / 1.097257e+00
PCG: 0 : 1.738081e-03
PCG: 1 : 1.543924e-03 / 8.882923e-01
PCG: 0 : 1.543924e-03
PCG: 1 : 1.694079e-03 / 1.097255e+00
PCG: 0 : 1.694079e-03
PCG: 1 : 1.504838e-03 / 8.882927e-01
PCG: 0 : 1.504838e-03
PCG: 1 : 1.651189e-03 / 1.097254e+00
PCG: 0 : 1.651189e-03
PCG: 1 : 1.466741e-03 / 8.882939e-01
PCG: 0 : 1.466741e-03
PCG: 1 : 1.609384e-03 / 1.097252e+00
PCG: 0 : 1.609384e-03
PCG: 1 : 1.429606e-03 / 8.882940e-01
PCG: 0 : 1.429606e-03
PCG: 1 : 1.568638e-03 / 1.097251e+00
PCG: 0 : 1.568637e-03
PCG: 1 : 1.393412e-03 / 8.882943e-01
PCG: 0 : 1.393412e-03
PCG: 1 : 1.528921e-03 / 1.097250e+00
PCG: 0 : 1.528921e-03
PCG: 1 : 1.358132e-03 / 8.882948e-01
PCG: 0 : 1.358132e-03
PCG: 1 : 1.490210e-03 / 1.097250e+00
PCG: 0 : 1.490210e-03
PCG: 1 : 1.323745e-03 / 8.882946e-01
PCG: 0 : 1.323745e-03
PCG: 1 : 1.452478e-03 / 1.097249e+00
PCG: 0 : 1.452478e-03
PCG: 1 : 1.290228e-03 / 8.882942e-01
PCG: 0 : 1.290228e-03
PCG: 1 : 1.415701e-03 / 1.097249e+00
PCG: 0 : 1.415700e-03
PCG: 1 : 1.257559e-03 / 8.882943e-01
PCG: 0 : 1.257559e-03
PCG: 1 : 1.379854e-03 / 1.097248e+00
PCG: 0 : 1.379854e-03
PCG: 1 : 1.225716e-03 / 8.882943e-01
PCG: 0 : 1.225716e-03
PCG: 1 : 1.344914e-03 / 1.097247e+00
PCG: 0 : 1.344914e-03
PCG: 1 : 1.194679e-03 / 8.882943e-01
PCG: 0 : 1.194679e-03
PCG: 1 : 1.310858e-03 / 1.097247e+00
PCG: 0 : 1.310858e-03
PCG: 1 : 1.164428e-03 / 8.882949e-01
PCG: 0 : 1.164428e-03
PCG: 1 : 1.277663e-03 / 1.097245e+00
PCG: 0 : 1.277663e-03
PCG: 1 : 1.134942e-03 / 8.882953e-01
PCG: 0 : 1.134942e-03
PCG: 1 : 1.245309e-03 / 1.097245e+00
PCG: 0 : 1.245309e-03
PCG: 1 : 1.106202e-03 / 8.882954e-01
PCG: 0 : 1.106202e-03
PCG: 1 : 1.213774e-03 / 1.097244e+00
PCG: 0 : 1.213774e-03
PCG: 1 : 1.078190e-03 / 8.882955e-01
PCG: 0 : 1.078190e-03
PCG: 1 : 1.183037e-03 / 1.097244e+00
PCG: 0 : 1.183037e-03
PCG: 1 : 1.050887e-03 / 8.882958e-01
PCG: 0 : 1.050887e-03
PCG: 1 : 1.153078e-03 / 1.097243e+00
PCG: 0 : 1.153078e-03
PCG: 1 : 1.024275e-03 / 8.882959e-01
PCG: 0 : 1.024275e-03
PCG: 1 : 1.123877e-03 / 1.097242e+00
PCG: 0 : 1.123877e-03
PCG: 1 : 9.983357e-04 / 8.882961e-01
PCG: 0 : 9.983355e-04
PCG: 1 : 1.095416e-03 / 1.097242e+00
PCG: 0 : 1.095416e-03
PCG: 1 : 9.730532e-04 / 8.882958e-01
PCG: 0 : 9.730531e-04
PCG: 1 : 1.067675e-03 / 1.097242e+00
PCG: 0 : 1.067675e-03
PCG: 1 : 9.484106e-04 / 8.882954e-01
PCG: 0 : 9.484105e-04
PCG: 1 : 1.040636e-03 / 1.097242e+00
PCG: 0 : 1.040636e-03
PCG: 1 : 9.243918e-04 / 8.882951e-01
PCG: 0 : 9.243917e-04
PCG: 1 : 1.014282e-03 / 1.097242e+00
PCG: 0 : 1.014282e-03
PCG: 1 : 9.009812e-04 / 8.882950e-01
PCG: 0 : 9.009811e-04
PCG: 1 : 9.885943e-04 / 1.097242e+00
PCG: 0 : 9.885941e-04
PCG: 1 : 8.781636e-04 / 8.882954e-01
PCG: 0 : 8.781635e-04
PCG: 1 : 9.635568e-04 / 1.097241e+00
PCG: 0 : 9.635568e-04
PCG: 1 : 8.559233e-04 / 8.882957e-01
PCG: 0 : 8.559233e-04
PCG: 1 : 9.391534e-04 / 1.097240e+00
PCG: 0 : 9.391533e-04
PCG: 1 : 8.342465e-04 / 8.882964e-01
PCG: 0 : 8.342464e-04
PCG: 1 : 9.153679e-04 / 1.097239e+00
PCG: 0 : 9.153679e-04
PCG: 1 : 8.131180e-04 / 8.882964e-01
PCG: 0 : 8.131180e-04
PCG: 1 : 8.921845e-04 / 1.097239e+00
PCG: 0 : 8.921845e-04
PCG: 1 : 7.925247e-04 / 8.882968e-01
PCG: 0 : 7.925246e-04
PCG: 1 : 8.695886e-04 / 1.097239e+00
PCG: 0 : 8.695885e-04
PCG: 1 : 7.724522e-04 / 8.882962e-01
PCG: 0 : 7.724522e-04
PCG: 1 : 8.475647e-04 / 1.097239e+00
PCG: 0 : 8.475647e-04
PCG: 1 : 7.528882e-04 / 8.882959e-01
PCG: 0 : 7.528881e-04
PCG: 1 : 8.260983e-04 / 1.097239e+00
PCG: 0 : 8.260983e-04
PCG: 1 : 7.338195e-04 / 8.882957e-01
PCG: 0 : 7.338194e-04
PCG: 1 : 8.051756e-04 / 1.097239e+00
PCG: 0 : 8.051756e-04
PCG: 1 : 7.152336e-04 / 8.882952e-01
PCG: 0 : 7.152336e-04
PCG: 1 : 7.847824e-04 / 1.097239e+00
PCG: 0 : 7.847824e-04
PCG: 1 : 6.971186e-04 / 8.882955e-01
PCG: 0 : 6.971186e-04
PCG: 1 : 7.649055e-04 / 1.097239e+00
PCG: 0 : 7.649055e-04
PCG: 1 : 6.794623e-04 / 8.882958e-01
PCG: 0 : 6.794622e-04
PCG: 1 : 7.455319e-04 / 1.097238e+00
PCG: 0 : 7.455319e-04
PCG: 1 : 6.622531e-04 / 8.882962e-01
PCG: 0 : 6.622531e-04
PCG: 1 : 7.266488e-04 / 1.097237e+00
PCG: 0 : 7.266488e-04
PCG: 1 : 6.454795e-04 / 8.882964e-01
PCG: 0 : 6.454795e-04
PCG: 1 : 7.082442e-04 / 1.097237e+00
PCG: 0 : 7.082441e-04
PCG: 1 : 6.291306e-04 / 8.882962e-01
PCG: 0 : 6.291306e-04
PCG: 1 : 6.903055e-04 / 1.097237e+00
PCG: 0 : 6.903055e-04
PCG: 1 : 6.131960e-04 / 8.882965e-01
PCG: 0 : 6.131960e-04
PCG: 1 : 6.728210e-04 / 1.097236e+00
PCG: 0 : 6.728209e-04
PCG: 1 : 5.976647e-04 / 8.882969e-01
PCG: 0 : 5.976647e-04
PCG: 1 : 6.557794e-04 / 1.097236e+00
PCG: 0 : 6.557793e-04
PCG: 1 : 5.825267e-04 / 8.882969e-01
PCG: 0 : 5.825267e-04
PCG: 1 : 6.391694e-04 / 1.097236e+00
PCG: 0 : 6.391694e-04
PCG: 1 : 5.677721e-04 / 8.882968e-01
PCG: 0 : 5.677720e-04
PCG: 1 : 6.229800e-04 / 1.097236e+00
PCG: 0 : 6.229800e-04
PCG: 1 : 5.533910e-04 / 8.882965e-01
PCG: 0 : 5.533909e-04
PCG: 1 : 6.072006e-04 / 1.097236e+00
PCG: 0 : 6.072006e-04
PCG: 1 : 5.393741e-04 / 8.882964e-01
PCG: 0 : 5.393741e-04
PCG: 1 : 5.918208e-04 / 1.097236e+00
PCG: 0 : 5.918207e-04
PCG: 1 : 5.257124e-04 / 8.882967e-01
PCG: 0 : 5.257123e-04
PCG: 1 : 5.768305e-04 / 1.097236e+00
PCG: 0 : 5.768305e-04
PCG: 1 : 5.123965e-04 / 8.882965e-01
PCG: 0 : 5.123965e-04
PCG: 1 : 5.622198e-04 / 1.097236e+00
PCG: 0 : 5.622198e-04
PCG: 1 : 4.994179e-04 / 8.882967e-01
PCG: 0 : 4.994179e-04
PCG: 1 : 5.479791e-04 / 1.097235e+00
PCG: 0 : 5.479791e-04
PCG: 1 : 4.867681e-04 / 8.882968e-01
PCG: 0 : 4.867680e-04
PCG: 1 : 5.340991e-04 / 1.097235e+00
PCG: 0 : 5.340990e-04
PCG: 1 : 4.744385e-04 / 8.882970e-01
PCG: 0 : 4.744385e-04
PCG: 1 : 5.205708e-04 / 1.097236e+00
PCG: 0 : 5.205707e-04
PCG: 1 : 4.624212e-04 / 8.882966e-01
PCG: 0 : 4.624212e-04
PCG: 1 : 5.073848e-04 / 1.097235e+00
PCG: 0 : 5.073848e-04
PCG: 1 : 4.507084e-04 / 8.882971e-01
PCG: 0 : 4.507084e-04
PCG: 1 : 4.945329e-04 / 1.097235e+00
PCG: 0 : 4.945329e-04
PCG: 1 : 4.392921e-04 / 8.882971e-01
PCG: 0 : 4.392921e-04
PCG: 1 : 4.820066e-04 / 1.097235e+00
PCG: 0 : 4.820066e-04
PCG: 1 : 4.281650e-04 / 8.882970e-01
PCG: 0 : 4.281649e-04
PCG: 1 : 4.697975e-04 / 1.097235e+00
PCG: 0 : 4.697975e-04
PCG: 1 : 4.173197e-04 / 8.882971e-01
PCG: 0 : 4.173197e-04
PCG: 1 : 4.578975e-04 / 1.097234e+00
PCG: 0 : 4.578975e-04
PCG: 1 : 4.067491e-04 / 8.882972e-01
PCG: 0 : 4.067490e-04
PCG: 1 : 4.462991e-04 / 1.097235e+00
PCG: 0 : 4.462991e-04
PCG: 1 : 3.964461e-04 / 8.882969e-01
PCG: 0 : 3.964461e-04
PCG: 1 : 4.349945e-04 / 1.097235e+00
PCG: 0 : 4.349945e-04
PCG: 1 : 3.864041e-04 / 8.882966e-01
PCG: 0 : 3.864041e-04
PCG: 1 : 4.239761e-04 / 1.097235e+00
PCG: 0 : 4.239760e-04
PCG: 1 : 3.766166e-04 / 8.882968e-01
PCG: 0 : 3.766165e-04
PCG: 1 : 4.132367e-04 / 1.097235e+00
PCG: 0 : 4.132367e-04
PCG: 1 : 3.670769e-04 / 8.882970e-01
PCG: 0 : 3.670769e-04
PCG: 1 : 4.027694e-04 / 1.097234e+00
PCG: 0 : 4.027694e-04
PCG: 1 : 3.577789e-04 / 8.882970e-01
PCG: 0 : 3.577788e-04
PCG: 1 : 3.925673e-04 / 1.097235e+00
PCG: 0 : 3.925673e-04
PCG: 1 : 3.487163e-04 / 8.882968e-01
PCG: 0 : 3.487162e-04
PCG: 1 : 3.826235e-04 / 1.097234e+00
PCG: 0 : 3.826234e-04
PCG: 1 : 3.398833e-04 / 8.882972e-01
PCG: 0 : 3.398833e-04
PCG: 1 : 3.729315e-04 / 1.097234e+00
PCG: 0 : 3.729314e-04
PCG: 1 : 3.312740e-04 / 8.882974e-01
PCG: 0 : 3.312740e-04
PCG: 1 : 3.634850e-04 / 1.097234e+00
PCG: 0 : 3.634850e-04
PCG: 1 : 3.228828e-04 / 8.882974e-01
PCG: 0 : 3.228828e-04
PCG: 1 : 3.542778e-04 / 1.097234e+00
PCG: 0 : 3.542778e-04
PCG: 1 : 3.147041e-04 / 8.882976e-01
PCG: 0 : 3.147041e-04
PCG: 1 : 3.453039e-04 / 1.097233e+00
PCG: 0 : 3.453039e-04
PCG: 1 : 3.067326e-04 / 8.882976e-01
PCG: 0 : 3.067325e-04
PCG: 1 : 3.365573e-04 / 1.097234e+00
PCG: 0 : 3.365573e-04
PCG: 1 : 2.989629e-04 / 8.882973e-01
PCG: 0 : 2.989629e-04
PCG: 1 : 3.280322e-04 / 1.097234e+00
PCG: 0 : 3.280322e-04
PCG: 1 : 2.913900e-04 / 8.882969e-01
PCG: 0 : 2.913900e-04
PCG: 1 : 3.197232e-04 / 1.097234e+00
PCG: 0 : 3.197232e-04
PCG: 1 : 2.840090e-04 / 8.882966e-01
PCG: 0 : 2.840090e-04
PCG: 1 : 3.116244e-04 / 1.097234e+00
PCG: 0 : 3.116243e-04
PCG: 1 : 2.768150e-04 / 8.882970e-01
PCG: 0 : 2.768149e-04
PCG: 1 : 3.037308e-04 / 1.097234e+00
PCG: 0 : 3.037308e-04
PCG: 1 : 2.698032e-04 / 8.882972e-01
PCG: 0 : 2.698032e-04
PCG: 1 : 2.960371e-04 / 1.097234e+00
PCG: 0 : 2.960371e-04
PCG: 1 : 2.629691e-04 / 8.882977e-01
PCG: 0 : 2.629690e-04
PCG: 1 : 2.885384e-04 / 1.097233e+00
PCG: 0 : 2.885384e-04
PCG: 1 : 2.563079e-04 / 8.882974e-01
PCG: 0 : 2.563079e-04
PCG: 1 : 2.812296e-04 / 1.097233e+00
PCG: 0 : 2.812296e-04
PCG: 1 : 2.498154e-04 / 8.882972e-01
PCG: 0 : 2.498154e-04
PCG: 1 : 2.741060e-04 / 1.097234e+00
PCG: 0 : 2.741059e-04
PCG: 1 : 2.434875e-04 / 8.882971e-01
PCG: 0 : 2.434875e-04
PCG: 1 : 2.671627e-04 / 1.097234e+00
PCG: 0 : 2.671627e-04
PCG: 1 : 2.373199e-04 / 8.882974e-01
PCG: 0 : 2.373199e-04
PCG: 1 : 2.603953e-04 / 1.097234e+00
PCG: 0 : 2.603953e-04
PCG: 1 : 2.313085e-04 / 8.882974e-01
PCG: 0 : 2.313085e-04
PCG: 1 : 2.537993e-04 / 1.097233e+00
PCG: 0 : 2.537993e-04
PCG: 1 : 2.254493e-04 / 8.882975e-01
PCG: 0 : 2.254493e-04
PCG: 1 : 2.473705e-04 / 1.097233e+00
PCG: 0 : 2.473705e-04
PCG: 1 : 2.197385e-04 / 8.882971e-01
PCG: 0 : 2.197385e-04
PCG: 1 : 2.411046e-04 / 1.097234e+00
PCG: 0 : 2.411046e-04
PCG: 1 : 2.141724e-04 / 8.882967e-01
PCG: 0 : 2.141724e-04
PCG: 1 : 2.349972e-04 / 1.097234e+00
PCG: 0 : 2.349972e-04
PCG: 1 : 2.087473e-04 / 8.882971e-01
PCG: 0 : 2.087473e-04
PCG: 1 : 2.290447e-04 / 1.097234e+00
PCG: 0 : 2.290446e-04
PCG: 1 : 2.034596e-04 / 8.882968e-01
PCG: 0 : 2.034596e-04
PCG: 1 : 2.232428e-04 / 1.097234e+00
PCG: 0 : 2.232428e-04
PCG: 1 : 1.983059e-04 / 8.882970e-01
PCG: 0 : 1.983059e-04
PCG: 1 : 2.175879e-04 / 1.097234e+00
PCG: 0 : 2.175879e-04
PCG: 1 : 1.932827e-04 / 8.882971e-01
PCG: 0 : 1.932827e-04
PCG: 1 : 2.120763e-04 / 1.097233e+00
PCG: 0 : 2.120763e-04
PCG: 1 : 1.883868e-04 / 8.882973e-01
PCG: 0 : 1.883868e-04
PCG: 1 : 2.067043e-04 / 1.097234e+00
PCG: 0 : 2.067043e-04
PCG: 1 : 1.836149e-04 / 8.882974e-01
PCG: 0 : 1.836148e-04
PCG: 1 : 2.014683e-04 / 1.097233e+00
PCG: 0 : 2.014683e-04
PCG: 1 : 1.789638e-04 / 8.882974e-01
PCG: 0 : 1.789638e-04
PCG: 1 : 1.963650e-04 / 1.097233e+00
PCG: 0 : 1.963650e-04
PCG: 1 : 1.744305e-04 / 8.882974e-01
PCG: 0 : 1.744305e-04
PCG: 1 : 1.913909e-04 / 1.097233e+00
PCG: 0 : 1.913909e-04
PCG: 1 : 1.700122e-04 / 8.882978e-01
PCG: 0 : 1.700121e-04
PCG: 1 : 1.865428e-04 / 1.097233e+00
PCG: 0 : 1.865428e-04
PCG: 1 : 1.657057e-04 / 8.882983e-01
PCG: 0 : 1.657057e-04
PCG: 1 : 1.818176e-04 / 1.097232e+00
PCG: 0 : 1.818176e-04
PCG: 1 : 1.615083e-04 / 8.882985e-01
PCG: 0 : 1.615083e-04
PCG: 1 : 1.772120e-04 / 1.097232e+00
PCG: 0 : 1.772120e-04
PCG: 1 : 1.574172e-04 / 8.882989e-01
PCG: 0 : 1.574172e-04
PCG: 1 : 1.727231e-04 / 1.097232e+00
PCG: 0 : 1.727231e-04
PCG: 1 : 1.534298e-04 / 8.882989e-01
PCG: 0 : 1.534297e-04
PCG: 1 : 1.683479e-04 / 1.097231e+00
PCG: 0 : 1.683479e-04
PCG: 1 : 1.495433e-04 / 8.882989e-01
PCG: 0 : 1.495433e-04
PCG: 1 : 1.640836e-04 / 1.097231e+00
PCG: 0 : 1.640836e-04
PCG: 1 : 1.457553e-04 / 8.882992e-01
PCG: 0 : 1.457553e-04
PCG: 1 : 1.599272e-04 / 1.097231e+00
PCG: 0 : 1.599272e-04
PCG: 1 : 1.420633e-04 / 8.882999e-01
PCG: 0 : 1.420633e-04
PCG: 1 : 1.558761e-04 / 1.097230e+00
PCG: 0 : 1.558761e-04
PCG: 1 : 1.384648e-04 / 8.883002e-01
PCG: 0 : 1.384648e-04
PCG: 1 : 1.519277e-04 / 1.097230e+00
PCG: 0 : 1.519277e-04
PCG: 1 : 1.349574e-04 / 8.883002e-01
PCG: 0 : 1.349574e-04
PCG: 1 : 1.480793e-04 / 1.097230e+00
PCG: 0 : 1.480793e-04
PCG: 1 : 1.315388e-04 / 8.883002e-01
PCG: 0 : 1.315388e-04
PCG: 1 : 1.443284e-04 / 1.097230e+00
PCG: 0 : 1.443284e-04
PCG: 1 : 1.282069e-04 / 8.883001e-01
PCG: 0 : 1.282069e-04
PCG: 1 : 1.406724e-04 / 1.097230e+00
PCG: 0 : 1.406724e-04
PCG: 1 : 1.249593e-04 / 8.882998e-01
PCG: 0 : 1.249593e-04
PCG: 1 : 1.371092e-04 / 1.097231e+00
PCG: 0 : 1.371092e-04
PCG: 1 : 1.217940e-04 / 8.882992e-01
PCG: 0 : 1.217940e-04
PCG: 1 : 1.336361e-04 / 1.097231e+00
PCG: 0 : 1.336361e-04
PCG: 1 : 1.187089e-04 / 8.882994e-01
PCG: 0 : 1.187089e-04
PCG: 1 : 1.302510e-04 / 1.097231e+00
PCG: 0 : 1.302510e-04
PCG: 1 : 1.157019e-04 / 8.882992e-01
PCG: 0 : 1.157019e-04
PCG: 1 : 1.269518e-04 / 1.097232e+00
PCG: 0 : 1.269517e-04
PCG: 1 : 1.127711e-04 / 8.882989e-01
PCG: 0 : 1.127711e-04
PCG: 1 : 1.237360e-04 / 1.097232e+00
PCG: 0 : 1.237360e-04
PCG: 1 : 1.099146e-04 / 8.882990e-01
PCG: 0 : 1.099145e-04
PCG: 1 : 1.206017e-04 / 1.097232e+00
PCG: 0 : 1.206017e-04
PCG: 1 : 1.071303e-04 / 8.882986e-01
PCG: 0 : 1.071303e-04
PCG: 1 : 1.175468e-04 / 1.097232e+00
PCG: 0 : 1.175468e-04
PCG: 1 : 1.044167e-04 / 8.882986e-01
PCG: 0 : 1.044167e-04
PCG: 1 : 1.145693e-04 / 1.097232e+00
PCG: 0 : 1.145693e-04
PCG: 1 : 1.017718e-04 / 8.882989e-01
PCG: 0 : 1.017718e-04
PCG: 1 : 1.116672e-04 / 1.097232e+00
PCG: 0 : 1.116672e-04
PCG: 1 : 9.919382e-05 / 8.882987e-01
PCG: 0 : 9.919381e-05
PCG: 1 : 1.088386e-04 / 1.097232e+00
PCG: 0 : 1.088386e-04
PCG: 1 : 9.668118e-05 / 8.882987e-01
PCG: 0 : 9.668117e-05
PCG: 1 : 1.060817e-04 / 1.097232e+00
PCG: 0 : 1.060817e-04
PCG: 1 : 9.423221e-05 / 8.882987e-01
PCG: 0 : 9.423221e-05
PCG: 1 : 1.033945e-04 / 1.097232e+00
PCG: 0 : 1.033945e-04
PCG: 1 : 9.184527e-05 / 8.882990e-01
PCG: 0 : 9.184526e-05
PCG: 1 : 1.007755e-04 / 1.097231e+00
PCG: 0 : 1.007755e-04
PCG: 1 : 8.951880e-05 / 8.882993e-01
PCG: 0 : 8.951880e-05
PCG: 1 : 9.822282e-05 / 1.097231e+00
PCG: 0 : 9.822282e-05
PCG: 1 : 8.725123e-05 / 8.882990e-01
PCG: 0 : 8.725122e-05
PCG: 1 : 9.573478e-05 / 1.097232e+00
PCG: 0 : 9.573477e-05
PCG: 1 : 8.504114e-05 / 8.882994e-01
PCG: 0 : 8.504113e-05
PCG: 1 : 9.330978e-05 / 1.097231e+00
PCG: 0 : 9.330977e-05
PCG: 1 : 8.288700e-05 / 8.882992e-01
PCG: 0 : 8.288699e-05
PCG: 1 : 9.094620e-05 / 1.097231e+00
PCG: 0 : 9.094619e-05
PCG: 1 : 8.078743e-05 / 8.882992e-01
PCG: 0 : 8.078742e-05
PCG: 1 : 8.864248e-05 / 1.097231e+00
PCG: 0 : 8.864248e-05
PCG: 1 : 7.874107e-05 / 8.882995e-01
PCG: 0 : 7.874106e-05
PCG: 1 : 8.639711e-05 / 1.097231e+00
PCG: 0 : 8.639711e-05
PCG: 1 : 7.674653e-05 / 8.882997e-01
PCG: 0 : 7.674652e-05
PCG: 1 : 8.420863e-05 / 1.097231e+00
PCG: 0 : 8.420863e-05
PCG: 1 : 7.480250e-05 / 8.882998e-01
PCG: 0 : 7.480250e-05
PCG: 1 : 8.207558e-05 / 1.097230e+00
PCG: 0 : 8.207557e-05
PCG: 1 : 7.290773e-05 / 8.882999e-01
PCG: 0 : 7.290773e-05
PCG: 1 : 7.999654e-05 / 1.097230e+00
PCG: 0 : 7.999654e-05
PCG: 1 : 7.106096e-05 / 8.883004e-01
PCG: 0 : 7.106095e-05
PCG: 1 : 7.797023e-05 / 1.097230e+00
PCG: 0 : 7.797022e-05
PCG: 1 : 6.926094e-05 / 8.882999e-01
PCG: 0 : 6.926094e-05
PCG: 1 : 7.599522e-05 / 1.097231e+00
PCG: 0 : 7.599522e-05
PCG: 1 : 6.750652e-05 / 8.882996e-01
PCG: 0 : 6.750652e-05
PCG: 1 : 7.407022e-05 / 1.097231e+00
PCG: 0 : 7.407022e-05
PCG: 1 : 6.579656e-05 / 8.882998e-01
PCG: 0 : 6.579656e-05
PCG: 1 : 7.219399e-05 / 1.097230e+00
PCG: 0 : 7.219399e-05
PCG: 1 : 6.412991e-05 / 8.882999e-01
PCG: 0 : 6.412991e-05
PCG: 1 : 7.036528e-05 / 1.097230e+00
PCG: 0 : 7.036528e-05
PCG: 1 : 6.250550e-05 / 8.883003e-01
PCG: 0 : 6.250549e-05
PCG: 1 : 6.858289e-05 / 1.097230e+00
PCG: 0 : 6.858289e-05
PCG: 1 : 6.092221e-05 / 8.883005e-01
PCG: 0 : 6.092221e-05
PCG: 1 : 6.684566e-05 / 1.097230e+00
PCG: 0 : 6.684566e-05
PCG: 1 : 5.937902e-05 / 8.883004e-01
PCG: 0 : 5.937902e-05
PCG: 1 : 6.515245e-05 / 1.097230e+00
PCG: 0 : 6.515244e-05
PCG: 1 : 5.787495e-05 / 8.883005e-01
PCG: 0 : 5.787494e-05
PCG: 1 : 6.350208e-05 / 1.097229e+00
PCG: 0 : 6.350208e-05
PCG: 1 : 5.640896e-05 / 8.883010e-01
PCG: 0 : 5.640895e-05
PCG: 1 : 6.189355e-05 / 1.097229e+00
PCG: 0 : 6.189354e-05
PCG: 1 : 5.498010e-05 / 8.883010e-01
PCG: 0 : 5.498010e-05
PCG: 1 : 6.032578e-05 / 1.097229e+00
PCG: 0 : 6.032577e-05
PCG: 1 : 5.358742e-05 / 8.883007e-01
PCG: 0 : 5.358742e-05
PCG: 1 : 5.879770e-05 / 1.097230e+00
PCG: 0 : 5.879770e-05
PCG: 1 : 5.223005e-05 / 8.883009e-01
PCG: 0 : 5.223004e-05
PCG: 1 : 5.730834e-05 / 1.097229e+00
PCG: 0 : 5.730834e-05
PCG: 1 : 5.090703e-05 / 8.883005e-01
PCG: 0 : 5.090703e-05
PCG: 1 : 5.585672e-05 / 1.097230e+00
PCG: 0 : 5.585672e-05
PCG: 1 : 4.961753e-05 / 8.883001e-01
PCG: 0 : 4.961752e-05
PCG: 1 : 5.444185e-05 / 1.097230e+00
PCG: 0 : 5.444185e-05
PCG: 1 : 4.836070e-05 / 8.883002e-01
PCG: 0 : 4.836070e-05
PCG: 1 : 5.306282e-05 / 1.097230e+00
PCG: 0 : 5.306282e-05
PCG: 1 : 4.713571e-05 / 8.883001e-01
PCG: 0 : 4.713570e-05
PCG: 1 : 5.171872e-05 / 1.097230e+00
PCG: 0 : 5.171872e-05
PCG: 1 : 4.594175e-05 / 8.883001e-01
PCG: 0 : 4.594175e-05
PCG: 1 : 5.040867e-05 / 1.097230e+00
PCG: 0 : 5.040866e-05
PCG: 1 : 4.477805e-05 / 8.883006e-01
PCG: 0 : 4.477804e-05
PCG: 1 : 4.913180e-05 / 1.097230e+00
PCG: 0 : 4.913180e-05
PCG: 1 : 4.364382e-05 / 8.883008e-01
PCG: 0 : 4.364381e-05
PCG: 1 : 4.788727e-05 / 1.097229e+00
PCG: 0 : 4.788727e-05
PCG: 1 : 4.253829e-05 / 8.883007e-01
PCG: 0 : 4.253829e-05
PCG: 1 : 4.667427e-05 / 1.097229e+00
PCG: 0 : 4.667427e-05
PCG: 1 : 4.146080e-05 / 8.883010e-01
PCG: 0 : 4.146079e-05
PCG: 1 : 4.549200e-05 / 1.097229e+00
PCG: 0 : 4.549200e-05
PCG: 1 : 4.041057e-05 / 8.883006e-01
PCG: 0 : 4.041057e-05
PCG: 1 : 4.433969e-05 / 1.097230e+00
PCG: 0 : 4.433968e-05
PCG: 1 : 3.938697e-05 / 8.883006e-01
PCG: 0 : 3.938696e-05
PCG: 1 : 4.321655e-05 / 1.097230e+00
PCG: 0 : 4.321654e-05
PCG: 1 : 3.838929e-05 / 8.883007e-01
PCG: 0 : 3.838928e-05
PCG: 1 : 4.212186e-05 / 1.097230e+00
PCG: 0 : 4.212186e-05
PCG: 1 : 3.741688e-05 / 8.883008e-01
PCG: 0 : 3.741687e-05
PCG: 1 : 4.105491e-05 / 1.097230e+00
PCG: 0 : 4.105491e-05
PCG: 1 : 3.646909e-05 / 8.883003e-01
PCG: 0 : 3.646909e-05
PCG: 1 : 4.001498e-05 / 1.097230e+00
PCG: 0 : 4.001498e-05
PCG: 1 : 3.554533e-05 / 8.883005e-01
PCG: 0 : 3.554532e-05
PCG: 1 : 3.900139e-05 / 1.097230e+00
PCG: 0 : 3.900139e-05
PCG: 1 : 3.464497e-05 / 8.883008e-01
PCG: 0 : 3.464496e-05
PCG: 1 : 3.801347e-05 / 1.097229e+00
PCG: 0 : 3.801346e-05
PCG: 1 : 3.376741e-05 / 8.883013e-01
PCG: 0 : 3.376741e-05
PCG: 1 : 3.705057e-05 / 1.097229e+00
PCG: 0 : 3.705057e-05
PCG: 1 : 3.291207e-05 / 8.883014e-01
PCG: 0 : 3.291207e-05
PCG: 1 : 3.611207e-05 / 1.097229e+00
PCG: 0 : 3.611207e-05
PCG: 1 : 3.207840e-05 / 8.883015e-01
PCG: 0 : 3.207840e-05
PCG: 1 : 3.519734e-05 / 1.097229e+00
PCG: 0 : 3.519734e-05
PCG: 1 : 3.126586e-05 / 8.883016e-01
PCG: 0 : 3.126586e-05
PCG: 1 : 3.430579e-05 / 1.097229e+00
PCG: 0 : 3.430579e-05
PCG: 1 : 3.047388e-05 / 8.883015e-01
PCG: 0 : 3.047388e-05
PCG: 1 : 3.343683e-05 / 1.097229e+00
PCG: 0 : 3.343683e-05
PCG: 1 : 2.970197e-05 / 8.883011e-01
PCG: 0 : 2.970197e-05
PCG: 1 : 3.258987e-05 / 1.097229e+00
PCG: 0 : 3.258987e-05
PCG: 1 : 2.894961e-05 / 8.883010e-01
PCG: 0 : 2.894961e-05
PCG: 1 : 3.176437e-05 / 1.097230e+00
PCG: 0 : 3.176437e-05
PCG: 1 : 2.821631e-05 / 8.883007e-01
PCG: 0 : 2.821631e-05
PCG: 1 : 3.095977e-05 / 1.097230e+00
PCG: 0 : 3.095977e-05
PCG: 1 : 2.750159e-05 / 8.883010e-01
PCG: 0 : 2.750159e-05
PCG: 1 : 3.017555e-05 / 1.097229e+00
PCG: 0 : 3.017555e-05
PCG: 1 : 2.680498e-05 / 8.883013e-01
PCG: 0 : 2.680498e-05
PCG: 1 : 2.941120e-05 / 1.097229e+00
PCG: 0 : 2.941120e-05
PCG: 1 : 2.612600e-05 / 8.883010e-01
PCG: 0 : 2.612600e-05
PCG: 1 : 2.866622e-05 / 1.097230e+00
PCG: 0 : 2.866622e-05
PCG: 1 : 2.546422e-05 / 8.883005e-01
PCG: 0 : 2.546422e-05
PCG: 1 : 2.794009e-05 / 1.097230e+00
PCG: 0 : 2.794009e-05
PCG: 1 : 2.481921e-05 / 8.883010e-01
PCG: 0 : 2.481921e-05
PCG: 1 : 2.723237e-05 / 1.097230e+00
PCG: 0 : 2.723237e-05
PCG: 1 : 2.419054e-05 / 8.883007e-01
PCG: 0 : 2.419053e-05
PCG: 1 : 2.654259e-05 / 1.097230e+00
PCG: 0 : 2.654259e-05
PCG: 1 : 2.357778e-05 / 8.883002e-01
PCG: 0 : 2.357778e-05
PCG: 1 : 2.587025e-05 / 1.097230e+00
PCG: 0 : 2.587025e-05
PCG: 1 : 2.298056e-05 / 8.883004e-01
PCG: 0 : 2.298055e-05
PCG: 1 : 2.521496e-05 / 1.097230e+00
PCG: 0 : 2.521495e-05
PCG: 1 : 2.239846e-05 / 8.883007e-01
PCG: 0 : 2.239846e-05
PCG: 1 : 2.457626e-05 / 1.097230e+00
PCG: 0 : 2.457626e-05
PCG: 1 : 2.183110e-05 / 8.883002e-01
PCG: 0 : 2.183110e-05
PCG: 1 : 2.395375e-05 / 1.097231e+00
PCG: 0 : 2.395375e-05
PCG: 1 : 2.127811e-05 / 8.882996e-01
PCG: 0 : 2.127811e-05
PCG: 1 : 2.334700e-05 / 1.097231e+00
PCG: 0 : 2.334700e-05
PCG: 1 : 2.073913e-05 / 8.882997e-01
PCG: 0 : 2.073913e-05
PCG: 1 : 2.275563e-05 / 1.097231e+00
PCG: 0 : 2.275562e-05
PCG: 1 : 2.021381e-05 / 8.882997e-01
PCG: 0 : 2.021381e-05
PCG: 1 : 2.217922e-05 / 1.097231e+00
PCG: 0 : 2.217922e-05
PCG: 1 : 1.970180e-05 / 8.882997e-01
PCG: 0 : 1.970179e-05
PCG: 1 : 2.161742e-05 / 1.097231e+00
PCG: 0 : 2.161742e-05
PCG: 1 : 1.920275e-05 / 8.882996e-01
PCG: 0 : 1.920275e-05
PCG: 1 : 2.106985e-05 / 1.097231e+00
PCG: 0 : 2.106985e-05
PCG: 1 : 1.871635e-05 / 8.883002e-01
PCG: 0 : 1.871635e-05
PCG: 1 : 2.053614e-05 / 1.097230e+00
PCG: 0 : 2.053614e-05
PCG: 1 : 1.824227e-05 / 8.883006e-01
PCG: 0 : 1.824227e-05
PCG: 1 : 2.001595e-05 / 1.097230e+00
PCG: 0 : 2.001595e-05
PCG: 1 : 1.778019e-05 / 8.883011e-01
PCG: 0 : 1.778019e-05
PCG: 1 : 1.950895e-05 / 1.097230e+00
PCG: 0 : 1.950895e-05
PCG: 1 : 1.732982e-05 / 8.883008e-01
PCG: 0 : 1.732981e-05
PCG: 1 : 1.901480e-05 / 1.097230e+00
PCG: 0 : 1.901480e-05
PCG: 1 : 1.689084e-05 / 8.882999e-01
PCG: 0 : 1.689084e-05
PCG: 1 : 1.853316e-05 / 1.097231e+00
PCG: 0 : 1.853316e-05
PCG: 1 : 1.646300e-05 / 8.882999e-01
PCG: 0 : 1.646300e-05
PCG: 1 : 1.806371e-05 / 1.097231e+00
PCG: 0 : 1.806371e-05
PCG: 1 : 1.604599e-05 / 8.882995e-01
PCG: 0 : 1.604599e-05
PCG: 1 : 1.760616e-05 / 1.097232e+00
PCG: 0 : 1.760616e-05
PCG: 1 : 1.563955e-05 / 8.882997e-01
PCG: 0 : 1.563955e-05
PCG: 1 : 1.716020e-05 / 1.097231e+00
PCG: 0 : 1.716020e-05
PCG: 1 : 1.524339e-05 / 8.882995e-01
PCG: 0 : 1.524339e-05
PCG: 1 : 1.672553e-05 / 1.097231e+00
PCG: 0 : 1.672553e-05
PCG: 1 : 1.485728e-05 / 8.882994e-01
PCG: 0 : 1.485728e-05
PCG: 1 : 1.630188e-05 / 1.097232e+00
PCG: 0 : 1.630188e-05
PCG: 1 : 1.448094e-05 / 8.882993e-01
PCG: 0 : 1.448094e-05
PCG: 1 : 1.588895e-05 / 1.097232e+00
PCG: 0 : 1.588895e-05
PCG: 1 : 1.411414e-05 / 8.882989e-01
PCG: 0 : 1.411414e-05
PCG: 1 : 1.548649e-05 / 1.097232e+00
PCG: 0 : 1.548649e-05
PCG: 1 : 1.375662e-05 / 8.882985e-01
PCG: 0 : 1.375662e-05
PCG: 1 : 1.509422e-05 / 1.097233e+00
PCG: 0 : 1.509422e-05
PCG: 1 : 1.340817e-05 / 8.882982e-01
PCG: 0 : 1.340817e-05
PCG: 1 : 1.471188e-05 / 1.097233e+00
PCG: 0 : 1.471188e-05
PCG: 1 : 1.306854e-05 / 8.882985e-01
PCG: 0 : 1.306854e-05
PCG: 1 : 1.433923e-05 / 1.097232e+00
PCG: 0 : 1.433923e-05
PCG: 1 : 1.273752e-05 / 8.882987e-01
PCG: 0 : 1.273752e-05
PCG: 1 : 1.397602e-05 / 1.097233e+00
PCG: 0 : 1.397602e-05
PCG: 1 : 1.241488e-05 / 8.882983e-01
PCG: 0 : 1.241488e-05
PCG: 1 : 1.362201e-05 / 1.097233e+00
PCG: 0 : 1.362201e-05
PCG: 1 : 1.210041e-05 / 8.882983e-01
PCG: 0 : 1.210041e-05
PCG: 1 : 1.327697e-05 / 1.097233e+00
PCG: 0 : 1.327697e-05
PCG: 1 : 1.179390e-05 / 8.882977e-01
PCG: 0 : 1.179390e-05
PCG: 1 : 1.294066e-05 / 1.097233e+00
PCG: 0 : 1.294066e-05
PCG: 1 : 1.149517e-05 / 8.882981e-01
PCG: 0 : 1.149517e-05
PCG: 1 : 1.261287e-05 / 1.097233e+00
PCG: 0 : 1.261287e-05
PCG: 1 : 1.120400e-05 / 8.882987e-01
PCG: 0 : 1.120400e-05
PCG: 1 : 1.229339e-05 / 1.097232e+00
PCG: 0 : 1.229339e-05
PCG: 1 : 1.092020e-05 / 8.882987e-01
PCG: 0 : 1.092020e-05
PCG: 1 : 1.198200e-05 / 1.097233e+00
PCG: 0 : 1.198200e-05
PCG: 1 : 1.064359e-05 / 8.882987e-01
PCG: 0 : 1.064359e-05
PCG: 1 : 1.167850e-05 / 1.097232e+00
PCG: 0 : 1.167849e-05
PCG: 1 : 1.037399e-05 / 8.882987e-01
PCG: 0 : 1.037399e-05
PCG: 1 : 1.138268e-05 / 1.097233e+00
PCG: 0 : 1.138268e-05
PCG: 1 : 1.011122e-05 / 8.882986e-01
PCG: 0 : 1.011122e-05
PCG: 1 : 1.109436e-05 / 1.097233e+00
PCG: 0 : 1.109436e-05
PCG: 1 : 9.855103e-06 / 8.882985e-01
PCG: 0 : 9.855102e-06
PCG: 1 : 1.081334e-05 / 1.097233e+00
PCG: 0 : 1.081334e-05
PCG: 1 : 9.605475e-06 / 8.882984e-01
PCG: 0 : 9.605474e-06
PCG: 1 : 1.053944e-05 / 1.097232e+00
PCG: 0 : 1.053944e-05
PCG: 1 : 9.362174e-06 / 8.882992e-01
PCG: 0 : 9.362174e-06
PCG: 1 : 1.027247e-05 / 1.097232e+00
PCG: 0 : 1.027247e-05
PCG: 1 : 9.125032e-06 / 8.882995e-01
PCG: 0 : 9.125031e-06
PCG: 1 : 1.001227e-05 / 1.097232e+00
PCG: 0 : 1.001227e-05
PCG: 1 : 8.893896e-06 / 8.882995e-01
PCG: 0 : 8.893894e-06
PCG: 1 : 9.758664e-06 / 1.097232e+00
PCG: 0 : 9.758664e-06
PCG: 1 : 8.668613e-06 / 8.882992e-01
PCG: 0 : 8.668612e-06
PCG: 1 : 9.511481e-06 / 1.097232e+00
PCG: 0 : 9.511480e-06
PCG: 1 : 8.449038e-06 / 8.882990e-01
PCG: 0 : 8.449038e-06
PCG: 1 : 9.270560e-06 / 1.097233e+00
PCG: 0 : 9.270560e-06
PCG: 1 : 8.235022e-06 / 8.882982e-01
PCG: 0 : 8.235022e-06
PCG: 1 : 9.035740e-06 / 1.097233e+00
PCG: 0 : 9.035740e-06
PCG: 1 : 8.026428e-06 / 8.882979e-01
PCG: 0 : 8.026427e-06
PCG: 1 : 8.806868e-06 / 1.097234e+00
PCG: 0 : 8.806868e-06
PCG: 1 : 7.823120e-06 / 8.882976e-01
PCG: 0 : 7.823120e-06
PCG: 1 : 8.583791e-06 / 1.097234e+00
PCG: 0 : 8.583791e-06
PCG: 1 : 7.624963e-06 / 8.882979e-01
PCG: 0 : 7.624963e-06
PCG: 1 : 8.366364e-06 / 1.097233e+00
PCG: 0 : 8.366364e-06
PCG: 1 : 7.431825e-06 / 8.882980e-01
PCG: 0 : 7.431824e-06
PCG: 1 : 8.154445e-06 / 1.097233e+00
PCG: 0 : 8.154444e-06
PCG: 1 : 7.243577e-06 / 8.882981e-01
PCG: 0 : 7.243576e-06
PCG: 1 : 7.947896e-06 / 1.097234e+00
PCG: 0 : 7.947895e-06
PCG: 1 : 7.060099e-06 / 8.882979e-01
PCG: 0 : 7.060098e-06
PCG: 1 : 7.746576e-06 / 1.097234e+00
PCG: 0 : 7.746576e-06
PCG: 1 : 6.881268e-06 / 8.882980e-01
PCG: 0 : 6.881267e-06
PCG: 1 : 7.550356e-06 / 1.097233e+00
PCG: 0 : 7.550355e-06
PCG: 1 : 6.706967e-06 / 8.882982e-01
PCG: 0 : 6.706966e-06
PCG: 1 : 7.359108e-06 / 1.097234e+00
PCG: 0 : 7.359108e-06
PCG: 1 : 6.537079e-06 / 8.882977e-01
PCG: 0 : 6.537079e-06
PCG: 1 : 7.172705e-06 / 1.097234e+00
PCG: 0 : 7.172704e-06
PCG: 1 : 6.371497e-06 / 8.882977e-01
PCG: 0 : 6.371496e-06
PCG: 1 : 6.991020e-06 / 1.097234e+00
PCG: 0 : 6.991020e-06
PCG: 1 : 6.210108e-06 / 8.882978e-01
PCG: 0 : 6.210107e-06
PCG: 1 : 6.813942e-06 / 1.097234e+00
PCG: 0 : 6.813942e-06
PCG: 1 : 6.052805e-06 / 8.882973e-01
PCG: 0 : 6.052805e-06
PCG: 1 : 6.641348e-06 / 1.097235e+00
PCG: 0 : 6.641348e-06
PCG: 1 : 5.899489e-06 / 8.882970e-01
PCG: 0 : 5.899489e-06
PCG: 1 : 6.473120e-06 / 1.097234e+00
PCG: 0 : 6.473120e-06
PCG: 1 : 5.750058e-06 / 8.882979e-01
PCG: 0 : 5.750058e-06
PCG: 1 : 6.309157e-06 / 1.097234e+00
PCG: 0 : 6.309157e-06
PCG: 1 : 5.604411e-06 / 8.882979e-01
PCG: 0 : 5.604410e-06
PCG: 1 : 6.149350e-06 / 1.097234e+00
PCG: 0 : 6.149349e-06
PCG: 1 : 5.462451e-06 / 8.882974e-01
PCG: 0 : 5.462451e-06
PCG: 1 : 5.993588e-06 / 1.097234e+00
PCG: 0 : 5.993588e-06
PCG: 1 : 5.324090e-06 / 8.882976e-01
PCG: 0 : 5.324089e-06
PCG: 1 : 5.841771e-06 / 1.097234e+00
PCG: 0 : 5.841771e-06
PCG: 1 : 5.189231e-06 / 8.882976e-01
PCG: 0 : 5.189230e-06
PCG: 1 : 5.693801e-06 / 1.097234e+00
PCG: 0 : 5.693801e-06
PCG: 1 : 5.057791e-06 / 8.882977e-01
PCG: 0 : 5.057790e-06
PCG: 1 : 5.549578e-06 / 1.097234e+00
PCG: 0 : 5.549577e-06
PCG: 1 : 4.929679e-06 / 8.882982e-01
PCG: 0 : 4.929678e-06
PCG: 1 : 5.409007e-06 / 1.097233e+00
PCG: 0 : 5.409006e-06
PCG: 1 : 4.804813e-06 / 8.882986e-01
PCG: 0 : 4.804813e-06
PCG: 1 : 5.271997e-06 / 1.097232e+00
PCG: 0 : 5.271996e-06
PCG: 1 : 4.683108e-06 / 8.882988e-01
PCG: 0 : 4.683108e-06
PCG: 1 : 5.138459e-06 / 1.097233e+00
PCG: 0 : 5.138459e-06
PCG: 1 : 4.564487e-06 / 8.882987e-01
PCG: 0 : 4.564487e-06
PCG: 1 : 5.008303e-06 / 1.097232e+00
PCG: 0 : 5.008302e-06
PCG: 1 : 4.448868e-06 / 8.882987e-01
PCG: 0 : 4.448868e-06
PCG: 1 : 4.881445e-06 / 1.097233e+00
PCG: 0 : 4.881445e-06
PCG: 1 : 4.336180e-06 / 8.882986e-01
PCG: 0 : 4.336180e-06
PCG: 1 : 4.757799e-06 / 1.097233e+00
PCG: 0 : 4.757798e-06
PCG: 1 : 4.226346e-06 / 8.882988e-01
PCG: 0 : 4.226346e-06
PCG: 1 : 4.637285e-06 / 1.097233e+00
PCG: 0 : 4.637285e-06
PCG: 1 : 4.119294e-06 / 8.882987e-01
PCG: 0 : 4.119294e-06
PCG: 1 : 4.519824e-06 / 1.097233e+00

PCG ( VCycle ( S: Scale / C: Scale )  )

Complete solver TOE: 8.8761
0.142546 GFlop/s [0.142546 GFlops/s]

Total time: 8.8761s
Accumulated op time: 5.18258

Reductions: 35.116%
Blas-1: 12.3213%
Blas-2: 10.9508%
Precon Kernels: 0%
MPI Execution: 0%
MPI Wait: 0%
Not covered: 41.612%

Domain size: 6.70679 MByte
LA size: 22.1625 MByte
MPI size: 0.671448 MByte

H0-Error: 1.419101e-05
H1-Error: 8.068872e-03

Writing DATA to output.data...
Run-Time: 0:09.640 [0:09.640]
0xb32f79f8 Error: MemoryPool<CUDA> still contains memory chunks on deconstructor call
