NUM-PROCS: 1
Preparing domain...
LVL-MIN: 1 [1]
LVL-MAX: 4 [4]
Creating gates...
Assembling system matrices...
Assembling system filters...
Assembling transfer matrices...
Converting assembled linear system from SparseMatrixCSR, Mem:main to SparseMatrixELL, Mem:cudaand to SparseMatrixELL, Mem:cuda...
PCG: 0 : 5.972902e-01
PCG: 1 : 1.487374e-01 / 2.490204e-01
PCG: 2 : 2.463507e-02 / 4.124472e-02
PCG: 0 : 1.404903e-01
PCG: 1 : 1.816045e-02 / 1.292648e-01
PCG: 2 : 3.744711e-03 / 2.665459e-02
PCG: 0 : 3.744720e-03
PCG: 1 : 3.107823e-04 / 8.299214e-02
PCG: 2 : 3.058685e-05 / 8.167994e-03
PCG: 0 : 3.058684e-05
PCG: 1 : 3.555065e-06 / 1.162286e-01
PCG: 2 : 6.608766e-07 / 2.160656e-02
PCG: 0 : 6.608765e-07
PCG: 1 : 6.850814e-08 / 1.036626e-01
PCG: 2 : 8.027945e-09 / 1.214742e-02
PCG: 0 : 8.027945e-09
PCG: 1 : 1.069252e-09 / 1.331912e-01
PCG: 2 : 2.137729e-10 / 2.662860e-02

PCG ( VCycle ( S: Scale / C: Scale )  )

Complete solver TOE: 0.008659
0.0617495 GFlop/s [0.0617495 GFlops/s]

Total time: 0.008659s
Accumulated op time: 0.004119

Reductions: 38.4109%
Blas-1: 4.60792%
Blas-2: 4.55018%
Precon Kernels: 0%
MPI Execution: 0%
MPI Wait: 0%
Not covered: 52.431%

Domain size: 0.0534058 MByte
LA size: 0.131729 MByte
MPI size: 0.00314331 MByte

H0-Error: 1.753315e-03
H1-Error: 1.289155e-01

Writing DATA to output.data...
Run-Time: 0:00.045 [0:00.045]
0x31d198e880 Error: MemoryPool<CUDA> still contains memory chunks on deconstructor call
