NUM-PROCS: 1
Preparing domain...
LVL-MIN: 5 [5]
LVL-MAX: 7 [7]
Creating gates...
Assembling system matrices...
Assembling system filters...
Assembling transfer matrices...
Converting assembled linear system from SparseMatrixCSR, Mem:main to SparseMatrixELL, Mem:cudaand to SparseMatrixELL, Mem:cuda...
PCG: 0 : 7.572471e-02
PCG: 1 : 2.892992e-01 / 3.820407e+00
PCG: 0 : 2.918432e-01
PCG: 1 : 1.735987e-01 / 5.948357e-01
PCG: 0 : 1.735987e-01
PCG: 1 : 2.214657e-01 / 1.275733e+00
PCG: 0 : 2.214657e-01
PCG: 1 : 2.018612e-01 / 9.114786e-01
PCG: 0 : 2.018612e-01
PCG: 1 : 2.174127e-01 / 1.077040e+00
PCG: 0 : 2.174127e-01
PCG: 1 : 1.825386e-01 / 8.395950e-01
PCG: 0 : 1.825386e-01
PCG: 1 : 1.952603e-01 / 1.069693e+00
PCG: 0 : 1.952602e-01
PCG: 1 : 1.646650e-01 / 8.433104e-01
PCG: 0 : 1.646650e-01
PCG: 1 : 1.775979e-01 / 1.078541e+00
PCG: 0 : 1.775979e-01
PCG: 1 : 1.508448e-01 / 8.493615e-01
PCG: 0 : 1.508448e-01
PCG: 1 : 1.636914e-01 / 1.085164e+00
PCG: 0 : 1.636914e-01
PCG: 1 : 1.397968e-01 / 8.540265e-01
PCG: 0 : 1.397968e-01
PCG: 1 : 1.523524e-01 / 1.089813e+00
PCG: 0 : 1.523524e-01
PCG: 1 : 1.306569e-01 / 8.575966e-01
PCG: 0 : 1.306569e-01
PCG: 1 : 1.428360e-01 / 1.093214e+00
PCG: 0 : 1.428360e-01
PCG: 1 : 1.229008e-01 / 8.604327e-01
PCG: 0 : 1.229008e-01
PCG: 1 : 1.346775e-01 / 1.095823e+00
PCG: 0 : 1.346775e-01
PCG: 1 : 1.161955e-01 / 8.627682e-01
PCG: 0 : 1.161955e-01
PCG: 1 : 1.275718e-01 / 1.097907e+00
PCG: 0 : 1.275718e-01
PCG: 1 : 1.103169e-01 / 8.647433e-01
PCG: 0 : 1.103169e-01
PCG: 1 : 1.213065e-01 / 1.099619e+00
PCG: 0 : 1.213065e-01
PCG: 1 : 1.051050e-01 / 8.664418e-01
PCG: 0 : 1.051050e-01
PCG: 1 : 1.157259e-01 / 1.101050e+00
PCG: 0 : 1.157259e-01
PCG: 1 : 1.004403e-01 / 8.679154e-01
PCG: 0 : 1.004403e-01
PCG: 1 : 1.107110e-01 / 1.102257e+00
PCG: 0 : 1.107110e-01
PCG: 1 : 9.622969e-02 / 8.691975e-01
PCG: 0 : 9.622969e-02
PCG: 1 : 1.061678e-01 / 1.103274e+00
PCG: 0 : 1.061678e-01
PCG: 1 : 9.239905e-02 / 8.703118e-01
PCG: 0 : 9.239905e-02
PCG: 1 : 1.020204e-01 / 1.104128e+00
PCG: 0 : 1.020204e-01
PCG: 1 : 8.888817e-02 / 8.712784e-01
PCG: 0 : 8.888816e-02
PCG: 1 : 9.820709e-02 / 1.104839e+00
PCG: 0 : 9.820709e-02
PCG: 1 : 8.564781e-02 / 8.721143e-01
PCG: 0 : 8.564780e-02
PCG: 1 : 9.467697e-02 / 1.105422e+00
PCG: 0 : 9.467696e-02
PCG: 1 : 8.263740e-02 / 8.728353e-01
PCG: 0 : 8.263739e-02
PCG: 1 : 9.138813e-02 / 1.105893e+00
PCG: 0 : 9.138813e-02
PCG: 1 : 7.982341e-02 / 8.734549e-01
PCG: 0 : 7.982341e-02
PCG: 1 : 8.830594e-02 / 1.106266e+00
PCG: 0 : 8.830594e-02
PCG: 1 : 7.717822e-02 / 8.739868e-01
PCG: 0 : 7.717822e-02
PCG: 1 : 8.540174e-02 / 1.106552e+00
PCG: 0 : 8.540174e-02
PCG: 1 : 7.467897e-02 / 8.744432e-01
PCG: 0 : 7.467897e-02
PCG: 1 : 8.265188e-02 / 1.106762e+00
PCG: 0 : 8.265188e-02
PCG: 1 : 7.230671e-02 / 8.748345e-01
PCG: 0 : 7.230671e-02
PCG: 1 : 8.003685e-02 / 1.106908e+00
PCG: 0 : 8.003684e-02
PCG: 1 : 7.004596e-02 / 8.751715e-01
PCG: 0 : 7.004596e-02
PCG: 1 : 7.754058e-02 / 1.106996e+00
PCG: 0 : 7.754058e-02
PCG: 1 : 6.788388e-02 / 8.754627e-01
PCG: 0 : 6.788388e-02
PCG: 1 : 7.514986e-02 / 1.107035e+00
PCG: 0 : 7.514986e-02
PCG: 1 : 6.580999e-02 / 8.757167e-01
PCG: 0 : 6.580999e-02
PCG: 1 : 7.285396e-02 / 1.107035e+00
PCG: 0 : 7.285395e-02
PCG: 1 : 6.381574e-02 / 8.759406e-01
PCG: 0 : 6.381574e-02
PCG: 1 : 7.064410e-02 / 1.107001e+00
PCG: 0 : 7.064410e-02
PCG: 1 : 6.189420e-02 / 8.761411e-01
PCG: 0 : 6.189419e-02
PCG: 1 : 6.851318e-02 / 1.106940e+00
PCG: 0 : 6.851318e-02
PCG: 1 : 6.003980e-02 / 8.763247e-01
PCG: 0 : 6.003979e-02
PCG: 1 : 6.645557e-02 / 1.106859e+00
PCG: 0 : 6.645557e-02
PCG: 1 : 5.824804e-02 / 8.764960e-01
PCG: 0 : 5.824804e-02
PCG: 1 : 6.446674e-02 / 1.106762e+00
PCG: 0 : 6.446673e-02
PCG: 1 : 5.651541e-02 / 8.766602e-01
PCG: 0 : 5.651541e-02
PCG: 1 : 6.254309e-02 / 1.106655e+00
PCG: 0 : 6.254308e-02
PCG: 1 : 5.483906e-02 / 8.768206e-01
PCG: 0 : 5.483906e-02
PCG: 1 : 6.068185e-02 / 1.106544e+00
PCG: 0 : 6.068185e-02
PCG: 1 : 5.321676e-02 / 8.769799e-01
PCG: 0 : 5.321676e-02
PCG: 1 : 5.888079e-02 / 1.106433e+00
PCG: 0 : 5.888078e-02
PCG: 1 : 5.164675e-02 / 8.771410e-01
PCG: 0 : 5.164675e-02
PCG: 1 : 5.713810e-02 / 1.106325e+00
PCG: 0 : 5.713810e-02
PCG: 1 : 5.012757e-02 / 8.773056e-01
PCG: 0 : 5.012757e-02
PCG: 1 : 5.545226e-02 / 1.106223e+00
PCG: 0 : 5.545226e-02
PCG: 1 : 4.865797e-02 / 8.774748e-01
PCG: 0 : 4.865797e-02
PCG: 1 : 5.382202e-02 / 1.106130e+00
PCG: 0 : 5.382202e-02
PCG: 1 : 4.723682e-02 / 8.776487e-01
PCG: 0 : 4.723682e-02
PCG: 1 : 5.224613e-02 / 1.106047e+00
PCG: 0 : 5.224613e-02
PCG: 1 : 4.586307e-02 / 8.778270e-01
PCG: 0 : 4.586307e-02
PCG: 1 : 5.072342e-02 / 1.105975e+00
PCG: 0 : 5.072342e-02
PCG: 1 : 4.453563e-02 / 8.780091e-01
PCG: 0 : 4.453563e-02
PCG: 1 : 4.925267e-02 / 1.105916e+00
PCG: 0 : 4.925267e-02
PCG: 1 : 4.325343e-02 / 8.781945e-01
PCG: 0 : 4.325343e-02
PCG: 1 : 4.783258e-02 / 1.105868e+00
PCG: 0 : 4.783258e-02
PCG: 1 : 4.201523e-02 / 8.783810e-01
PCG: 0 : 4.201523e-02
PCG: 1 : 4.646179e-02 / 1.105832e+00
PCG: 0 : 4.646179e-02
PCG: 1 : 4.081982e-02 / 8.785675e-01
PCG: 0 : 4.081981e-02
PCG: 1 : 4.513881e-02 / 1.105806e+00
PCG: 0 : 4.513880e-02
PCG: 1 : 3.966583e-02 / 8.787524e-01
PCG: 0 : 3.966583e-02
PCG: 1 : 4.386207e-02 / 1.105790e+00
PCG: 0 : 4.386207e-02
PCG: 1 : 3.855187e-02 / 8.789340e-01
PCG: 0 : 3.855187e-02
PCG: 1 : 4.262996e-02 / 1.105782e+00
PCG: 0 : 4.262996e-02
PCG: 1 : 3.747645e-02 / 8.791107e-01
PCG: 0 : 3.747645e-02
PCG: 1 : 4.144077e-02 / 1.105782e+00
PCG: 0 : 4.144077e-02
PCG: 1 : 3.643810e-02 / 8.792815e-01
PCG: 0 : 3.643810e-02
PCG: 1 : 4.029278e-02 / 1.105787e+00
PCG: 0 : 4.029278e-02
PCG: 1 : 3.543528e-02 / 8.794448e-01
PCG: 0 : 3.543528e-02
PCG: 1 : 3.918423e-02 / 1.105797e+00
PCG: 0 : 3.918423e-02
PCG: 1 : 3.446648e-02 / 8.796008e-01
PCG: 0 : 3.446648e-02
PCG: 1 : 3.811340e-02 / 1.105811e+00
PCG: 0 : 3.811340e-02
PCG: 1 : 3.353021e-02 / 8.797485e-01
PCG: 0 : 3.353021e-02
PCG: 1 : 3.707860e-02 / 1.105827e+00
PCG: 0 : 3.707860e-02
PCG: 1 : 3.262497e-02 / 8.798867e-01
PCG: 0 : 3.262496e-02
PCG: 1 : 3.607815e-02 / 1.105845e+00
PCG: 0 : 3.607815e-02
PCG: 1 : 3.174937e-02 / 8.800166e-01
PCG: 0 : 3.174936e-02
PCG: 1 : 3.511044e-02 / 1.105863e+00
PCG: 0 : 3.511044e-02
PCG: 1 : 3.090203e-02 / 8.801378e-01
PCG: 0 : 3.090203e-02
PCG: 1 : 3.417398e-02 / 1.105881e+00
PCG: 0 : 3.417397e-02
PCG: 1 : 3.008162e-02 / 8.802494e-01
PCG: 0 : 3.008162e-02
PCG: 1 : 3.326729e-02 / 1.105901e+00
PCG: 0 : 3.326729e-02
PCG: 1 : 2.928692e-02 / 8.803520e-01
PCG: 0 : 2.928692e-02
PCG: 1 : 3.238899e-02 / 1.105920e+00
PCG: 0 : 3.238899e-02
PCG: 1 : 2.851677e-02 / 8.804466e-01
PCG: 0 : 2.851677e-02
PCG: 1 : 3.153777e-02 / 1.105937e+00
PCG: 0 : 3.153777e-02
PCG: 1 : 2.777006e-02 / 8.805336e-01
PCG: 0 : 2.777006e-02
PCG: 1 : 3.071241e-02 / 1.105954e+00
PCG: 0 : 3.071241e-02
PCG: 1 : 2.704575e-02 / 8.806130e-01
PCG: 0 : 2.704575e-02
PCG: 1 : 2.991178e-02 / 1.105970e+00
PCG: 0 : 2.991178e-02
PCG: 1 : 2.634286e-02 / 8.806851e-01
PCG: 0 : 2.634286e-02
PCG: 1 : 2.913480e-02 / 1.105985e+00
PCG: 0 : 2.913480e-02
PCG: 1 : 2.566050e-02 / 8.807507e-01
PCG: 0 : 2.566049e-02
PCG: 1 : 2.838047e-02 / 1.105999e+00
PCG: 0 : 2.838047e-02
PCG: 1 : 2.499780e-02 / 8.808097e-01
PCG: 0 : 2.499780e-02
PCG: 1 : 2.764786e-02 / 1.106012e+00
PCG: 0 : 2.764785e-02
PCG: 1 : 2.435398e-02 / 8.808634e-01
PCG: 0 : 2.435398e-02
PCG: 1 : 2.693608e-02 / 1.106024e+00
PCG: 0 : 2.693608e-02
PCG: 1 : 2.372832e-02 / 8.809121e-01
PCG: 0 : 2.372832e-02
PCG: 1 : 2.624432e-02 / 1.106034e+00
PCG: 0 : 2.624432e-02
PCG: 1 : 2.312010e-02 / 8.809562e-01
PCG: 0 : 2.312009e-02
PCG: 1 : 2.557183e-02 / 1.106043e+00
PCG: 0 : 2.557183e-02
PCG: 1 : 2.252867e-02 / 8.809958e-01
PCG: 0 : 2.252867e-02
PCG: 1 : 2.491789e-02 / 1.106052e+00
PCG: 0 : 2.491789e-02
PCG: 1 : 2.195344e-02 / 8.810312e-01
PCG: 0 : 2.195344e-02
PCG: 1 : 2.428184e-02 / 1.106061e+00
PCG: 0 : 2.428184e-02
PCG: 1 : 2.139382e-02 / 8.810626e-01
PCG: 0 : 2.139382e-02
PCG: 1 : 2.366303e-02 / 1.106068e+00
PCG: 0 : 2.366303e-02
PCG: 1 : 2.084929e-02 / 8.810913e-01
PCG: 0 : 2.084929e-02
PCG: 1 : 2.306088e-02 / 1.106075e+00
PCG: 0 : 2.306088e-02
PCG: 1 : 2.031934e-02 / 8.811172e-01
PCG: 0 : 2.031934e-02
PCG: 1 : 2.247484e-02 / 1.106081e+00
PCG: 0 : 2.247484e-02
PCG: 1 : 1.980348e-02 / 8.811402e-01
PCG: 0 : 1.980348e-02
PCG: 1 : 2.190437e-02 / 1.106087e+00
PCG: 0 : 2.190437e-02
PCG: 1 : 1.930128e-02 / 8.811612e-01
PCG: 0 : 1.930128e-02
PCG: 1 : 2.134898e-02 / 1.106091e+00
PCG: 0 : 2.134898e-02
PCG: 1 : 1.881229e-02 / 8.811796e-01
PCG: 0 : 1.881229e-02
PCG: 1 : 2.080820e-02 / 1.106096e+00
PCG: 0 : 2.080820e-02
PCG: 1 : 1.833611e-02 / 8.811963e-01
PCG: 0 : 1.833611e-02
PCG: 1 : 2.028157e-02 / 1.106100e+00
PCG: 0 : 2.028157e-02
PCG: 1 : 1.787235e-02 / 8.812117e-01
PCG: 0 : 1.787235e-02
PCG: 1 : 1.976866e-02 / 1.106103e+00
PCG: 0 : 1.976866e-02
PCG: 1 : 1.742065e-02 / 8.812259e-01
PCG: 0 : 1.742065e-02
PCG: 1 : 1.926908e-02 / 1.106106e+00
PCG: 0 : 1.926908e-02
PCG: 1 : 1.698064e-02 / 8.812380e-01
PCG: 0 : 1.698064e-02
PCG: 1 : 1.878242e-02 / 1.106108e+00
PCG: 0 : 1.878242e-02
PCG: 1 : 1.655200e-02 / 8.812497e-01
PCG: 0 : 1.655200e-02
PCG: 1 : 1.830833e-02 / 1.106110e+00
PCG: 0 : 1.830833e-02
PCG: 1 : 1.613439e-02 / 8.812596e-01
PCG: 0 : 1.613439e-02
PCG: 1 : 1.784644e-02 / 1.106112e+00
PCG: 0 : 1.784644e-02
PCG: 1 : 1.572751e-02 / 8.812687e-01
PCG: 0 : 1.572751e-02
PCG: 1 : 1.739641e-02 / 1.106113e+00
PCG: 0 : 1.739641e-02
PCG: 1 : 1.533105e-02 / 8.812768e-01
PCG: 0 : 1.533105e-02
PCG: 1 : 1.695791e-02 / 1.106115e+00
PCG: 0 : 1.695790e-02
PCG: 1 : 1.494473e-02 / 8.812844e-01
PCG: 0 : 1.494473e-02
PCG: 1 : 1.653061e-02 / 1.106116e+00
PCG: 0 : 1.653061e-02
PCG: 1 : 1.456828e-02 / 8.812911e-01
PCG: 0 : 1.456828e-02
PCG: 1 : 1.611422e-02 / 1.106117e+00
PCG: 0 : 1.611422e-02
PCG: 1 : 1.420141e-02 / 8.812970e-01
PCG: 0 : 1.420141e-02
PCG: 1 : 1.570844e-02 / 1.106118e+00
PCG: 0 : 1.570844e-02
PCG: 1 : 1.384389e-02 / 8.813026e-01
PCG: 0 : 1.384389e-02
PCG: 1 : 1.531299e-02 / 1.106119e+00
PCG: 0 : 1.531299e-02
PCG: 1 : 1.349544e-02 / 8.813069e-01
PCG: 0 : 1.349544e-02
PCG: 1 : 1.492758e-02 / 1.106120e+00
PCG: 0 : 1.492758e-02
PCG: 1 : 1.315584e-02 / 8.813115e-01
PCG: 0 : 1.315584e-02
PCG: 1 : 1.455196e-02 / 1.106121e+00
PCG: 0 : 1.455196e-02
PCG: 1 : 1.282486e-02 / 8.813151e-01
PCG: 0 : 1.282486e-02
PCG: 1 : 1.418585e-02 / 1.106122e+00
PCG: 0 : 1.418585e-02
PCG: 1 : 1.250226e-02 / 8.813187e-01
PCG: 0 : 1.250226e-02
PCG: 1 : 1.382902e-02 / 1.106122e+00
PCG: 0 : 1.382902e-02
PCG: 1 : 1.218782e-02 / 8.813220e-01
PCG: 0 : 1.218782e-02
PCG: 1 : 1.348123e-02 / 1.106123e+00
PCG: 0 : 1.348123e-02
PCG: 1 : 1.188134e-02 / 8.813249e-01
PCG: 0 : 1.188134e-02
PCG: 1 : 1.314223e-02 / 1.106123e+00
PCG: 0 : 1.314223e-02
PCG: 1 : 1.158260e-02 / 8.813273e-01
PCG: 0 : 1.158260e-02
PCG: 1 : 1.281179e-02 / 1.106124e+00
PCG: 0 : 1.281179e-02
PCG: 1 : 1.129141e-02 / 8.813298e-01
PCG: 0 : 1.129141e-02
PCG: 1 : 1.248970e-02 / 1.106124e+00
PCG: 0 : 1.248970e-02
PCG: 1 : 1.100757e-02 / 8.813322e-01
PCG: 0 : 1.100757e-02
PCG: 1 : 1.217574e-02 / 1.106124e+00
PCG: 0 : 1.217574e-02
PCG: 1 : 1.073089e-02 / 8.813340e-01
PCG: 0 : 1.073089e-02
PCG: 1 : 1.186970e-02 / 1.106124e+00
PCG: 0 : 1.186970e-02
PCG: 1 : 1.046120e-02 / 8.813360e-01
PCG: 0 : 1.046120e-02
PCG: 1 : 1.157138e-02 / 1.106124e+00
PCG: 0 : 1.157138e-02
PCG: 1 : 1.019830e-02 / 8.813377e-01
PCG: 0 : 1.019830e-02
PCG: 1 : 1.128059e-02 / 1.106125e+00
PCG: 0 : 1.128059e-02
PCG: 1 : 9.942020e-03 / 8.813390e-01
PCG: 0 : 9.942020e-03
PCG: 1 : 1.099711e-02 / 1.106125e+00
PCG: 0 : 1.099711e-02
PCG: 1 : 9.692203e-03 / 8.813408e-01
PCG: 0 : 9.692202e-03
PCG: 1 : 1.072078e-02 / 1.106125e+00
PCG: 0 : 1.072078e-02
PCG: 1 : 9.448677e-03 / 8.813420e-01
PCG: 0 : 9.448676e-03
PCG: 1 : 1.045141e-02 / 1.106124e+00
PCG: 0 : 1.045141e-02
PCG: 1 : 9.211283e-03 / 8.813434e-01
PCG: 0 : 9.211282e-03
PCG: 1 : 1.018882e-02 / 1.106124e+00
PCG: 0 : 1.018882e-02
PCG: 1 : 8.979863e-03 / 8.813444e-01
PCG: 0 : 8.979863e-03
PCG: 1 : 9.932844e-03 / 1.106124e+00
PCG: 0 : 9.932844e-03
PCG: 1 : 8.754269e-03 / 8.813457e-01
PCG: 0 : 8.754269e-03
PCG: 1 : 9.683306e-03 / 1.106124e+00
PCG: 0 : 9.683305e-03
PCG: 1 : 8.534352e-03 / 8.813470e-01
PCG: 0 : 8.534352e-03
PCG: 1 : 9.440046e-03 / 1.106123e+00
PCG: 0 : 9.440045e-03
PCG: 1 : 8.319967e-03 / 8.813483e-01
PCG: 0 : 8.319966e-03
PCG: 1 : 9.202910e-03 / 1.106123e+00
PCG: 0 : 9.202910e-03
PCG: 1 : 8.110970e-03 / 8.813484e-01
PCG: 0 : 8.110970e-03
PCG: 1 : 8.971738e-03 / 1.106124e+00
PCG: 0 : 8.971738e-03
PCG: 1 : 7.907234e-03 / 8.813492e-01
PCG: 0 : 7.907233e-03
PCG: 1 : 8.746377e-03 / 1.106124e+00
PCG: 0 : 8.746377e-03
PCG: 1 : 7.708619e-03 / 8.813499e-01
PCG: 0 : 7.708619e-03
PCG: 1 : 8.526686e-03 / 1.106124e+00
PCG: 0 : 8.526685e-03
PCG: 1 : 7.514998e-03 / 8.813506e-01
PCG: 0 : 7.514998e-03
PCG: 1 : 8.312516e-03 / 1.106124e+00
PCG: 0 : 8.312515e-03
PCG: 1 : 7.326248e-03 / 8.813516e-01
PCG: 0 : 7.326248e-03
PCG: 1 : 8.103729e-03 / 1.106123e+00
PCG: 0 : 8.103729e-03
PCG: 1 : 7.142240e-03 / 8.813522e-01
PCG: 0 : 7.142240e-03
PCG: 1 : 7.900194e-03 / 1.106123e+00
PCG: 0 : 7.900194e-03
PCG: 1 : 6.962857e-03 / 8.813527e-01
PCG: 0 : 6.962857e-03
PCG: 1 : 7.701776e-03 / 1.106123e+00
PCG: 0 : 7.701776e-03
PCG: 1 : 6.787983e-03 / 8.813529e-01
PCG: 0 : 6.787983e-03
PCG: 1 : 7.508342e-03 / 1.106123e+00
PCG: 0 : 7.508342e-03
PCG: 1 : 6.617504e-03 / 8.813536e-01
PCG: 0 : 6.617504e-03
PCG: 1 : 7.319773e-03 / 1.106123e+00
PCG: 0 : 7.319773e-03
PCG: 1 : 6.451307e-03 / 8.813534e-01
PCG: 0 : 6.451307e-03
PCG: 1 : 7.135941e-03 / 1.106123e+00
PCG: 0 : 7.135941e-03
PCG: 1 : 6.289287e-03 / 8.813536e-01
PCG: 0 : 6.289287e-03
PCG: 1 : 6.956728e-03 / 1.106123e+00
PCG: 0 : 6.956728e-03
PCG: 1 : 6.131343e-03 / 8.813543e-01
PCG: 0 : 6.131342e-03
PCG: 1 : 6.782017e-03 / 1.106123e+00
PCG: 0 : 6.782017e-03
PCG: 1 : 5.977365e-03 / 8.813550e-01
PCG: 0 : 5.977364e-03
PCG: 1 : 6.611696e-03 / 1.106122e+00
PCG: 0 : 6.611695e-03
PCG: 1 : 5.827256e-03 / 8.813558e-01
PCG: 0 : 5.827256e-03
PCG: 1 : 6.445653e-03 / 1.106122e+00
PCG: 0 : 6.445652e-03
PCG: 1 : 5.680917e-03 / 8.813565e-01
PCG: 0 : 5.680917e-03
PCG: 1 : 6.283782e-03 / 1.106121e+00
PCG: 0 : 6.283782e-03
PCG: 1 : 5.538255e-03 / 8.813570e-01
PCG: 0 : 5.538255e-03
PCG: 1 : 6.125980e-03 / 1.106121e+00
PCG: 0 : 6.125980e-03
PCG: 1 : 5.399180e-03 / 8.813577e-01
PCG: 0 : 5.399179e-03
PCG: 1 : 5.972140e-03 / 1.106120e+00
PCG: 0 : 5.972140e-03
PCG: 1 : 5.263594e-03 / 8.813581e-01
PCG: 0 : 5.263594e-03
PCG: 1 : 5.822166e-03 / 1.106120e+00
PCG: 0 : 5.822166e-03
PCG: 1 : 5.131416e-03 / 8.813586e-01
PCG: 0 : 5.131416e-03
PCG: 1 : 5.675960e-03 / 1.106120e+00
PCG: 0 : 5.675960e-03
PCG: 1 : 5.002558e-03 / 8.813590e-01
PCG: 0 : 5.002558e-03
PCG: 1 : 5.533426e-03 / 1.106119e+00
PCG: 0 : 5.533425e-03
PCG: 1 : 4.876936e-03 / 8.813594e-01
PCG: 0 : 4.876936e-03
PCG: 1 : 5.394474e-03 / 1.106119e+00
PCG: 0 : 5.394474e-03
PCG: 1 : 4.754468e-03 / 8.813591e-01
PCG: 0 : 4.754468e-03
PCG: 1 : 5.259011e-03 / 1.106120e+00
PCG: 0 : 5.259011e-03
PCG: 1 : 4.635079e-03 / 8.813595e-01
PCG: 0 : 4.635079e-03
PCG: 1 : 5.126950e-03 / 1.106119e+00
PCG: 0 : 5.126950e-03
PCG: 1 : 4.518689e-03 / 8.813600e-01
PCG: 0 : 4.518689e-03
PCG: 1 : 4.998207e-03 / 1.106119e+00
PCG: 0 : 4.998207e-03
PCG: 1 : 4.405221e-03 / 8.813602e-01
PCG: 0 : 4.405221e-03
PCG: 1 : 4.872697e-03 / 1.106119e+00
PCG: 0 : 4.872697e-03
PCG: 1 : 4.294602e-03 / 8.813604e-01
PCG: 0 : 4.294602e-03
PCG: 1 : 4.750340e-03 / 1.106119e+00
PCG: 0 : 4.750340e-03
PCG: 1 : 4.186762e-03 / 8.813605e-01
PCG: 0 : 4.186762e-03
PCG: 1 : 4.631056e-03 / 1.106119e+00
PCG: 0 : 4.631056e-03
PCG: 1 : 4.081629e-03 / 8.813603e-01
PCG: 0 : 4.081629e-03
PCG: 1 : 4.514770e-03 / 1.106120e+00
PCG: 0 : 4.514770e-03
PCG: 1 : 3.979139e-03 / 8.813602e-01
PCG: 0 : 3.979138e-03
PCG: 1 : 4.401401e-03 / 1.106119e+00
PCG: 0 : 4.401400e-03
PCG: 1 : 3.879222e-03 / 8.813609e-01
PCG: 0 : 3.879222e-03
PCG: 1 : 4.290880e-03 / 1.106119e+00
PCG: 0 : 4.290880e-03
PCG: 1 : 3.781815e-03 / 8.813612e-01
PCG: 0 : 3.781815e-03
PCG: 1 : 4.183135e-03 / 1.106118e+00
PCG: 0 : 4.183135e-03
PCG: 1 : 3.686854e-03 / 8.813615e-01
PCG: 0 : 3.686854e-03
PCG: 1 : 4.078096e-03 / 1.106118e+00
PCG: 0 : 4.078096e-03
PCG: 1 : 3.594277e-03 / 8.813615e-01
PCG: 0 : 3.594277e-03
PCG: 1 : 3.975695e-03 / 1.106118e+00
PCG: 0 : 3.975695e-03
PCG: 1 : 3.504025e-03 / 8.813615e-01
PCG: 0 : 3.504025e-03
PCG: 1 : 3.875866e-03 / 1.106118e+00
PCG: 0 : 3.875866e-03
PCG: 1 : 3.416041e-03 / 8.813618e-01
PCG: 0 : 3.416040e-03
PCG: 1 : 3.778543e-03 / 1.106118e+00
PCG: 0 : 3.778543e-03
PCG: 1 : 3.330265e-03 / 8.813623e-01
PCG: 0 : 3.330265e-03
PCG: 1 : 3.683666e-03 / 1.106118e+00
PCG: 0 : 3.683665e-03
PCG: 1 : 3.246644e-03 / 8.813624e-01
PCG: 0 : 3.246644e-03
PCG: 1 : 3.591169e-03 / 1.106117e+00
PCG: 0 : 3.591169e-03
PCG: 1 : 3.165124e-03 / 8.813632e-01
PCG: 0 : 3.165124e-03
PCG: 1 : 3.500996e-03 / 1.106117e+00
PCG: 0 : 3.500996e-03
PCG: 1 : 3.085650e-03 / 8.813635e-01
PCG: 0 : 3.085650e-03
PCG: 1 : 3.413089e-03 / 1.106117e+00
PCG: 0 : 3.413088e-03
PCG: 1 : 3.008171e-03 / 8.813632e-01
PCG: 0 : 3.008171e-03
PCG: 1 : 3.327389e-03 / 1.106117e+00
PCG: 0 : 3.327389e-03
PCG: 1 : 2.932639e-03 / 8.813634e-01
PCG: 0 : 2.932639e-03
PCG: 1 : 3.243838e-03 / 1.106116e+00
PCG: 0 : 3.243838e-03
PCG: 1 : 2.859004e-03 / 8.813646e-01
PCG: 0 : 2.859004e-03
PCG: 1 : 3.162388e-03 / 1.106115e+00
PCG: 0 : 3.162387e-03
PCG: 1 : 2.787217e-03 / 8.813649e-01
PCG: 0 : 2.787217e-03
PCG: 1 : 3.082983e-03 / 1.106115e+00
PCG: 0 : 3.082983e-03
PCG: 1 : 2.717233e-03 / 8.813648e-01
PCG: 0 : 2.717232e-03
PCG: 1 : 3.005573e-03 / 1.106116e+00
PCG: 0 : 3.005573e-03
PCG: 1 : 2.649006e-03 / 8.813648e-01
PCG: 0 : 2.649006e-03
PCG: 1 : 2.930105e-03 / 1.106115e+00
PCG: 0 : 2.930105e-03
PCG: 1 : 2.582493e-03 / 8.813654e-01
PCG: 0 : 2.582493e-03
PCG: 1 : 2.856533e-03 / 1.106114e+00
PCG: 0 : 2.856532e-03
PCG: 1 : 2.517650e-03 / 8.813658e-01
PCG: 0 : 2.517650e-03
PCG: 1 : 2.784808e-03 / 1.106114e+00
PCG: 0 : 2.784808e-03
PCG: 1 : 2.454435e-03 / 8.813660e-01
PCG: 0 : 2.454435e-03
PCG: 1 : 2.714885e-03 / 1.106114e+00
PCG: 0 : 2.714885e-03
PCG: 1 : 2.392807e-03 / 8.813660e-01
PCG: 0 : 2.392807e-03
PCG: 1 : 2.646717e-03 / 1.106114e+00
PCG: 0 : 2.646717e-03
PCG: 1 : 2.332727e-03 / 8.813663e-01
PCG: 0 : 2.332727e-03
PCG: 1 : 2.580262e-03 / 1.106114e+00
PCG: 0 : 2.580262e-03
PCG: 1 : 2.274156e-03 / 8.813664e-01
PCG: 0 : 2.274156e-03
PCG: 1 : 2.515475e-03 / 1.106114e+00
PCG: 0 : 2.515475e-03
PCG: 1 : 2.217055e-03 / 8.813664e-01
PCG: 0 : 2.217055e-03
PCG: 1 : 2.452315e-03 / 1.106114e+00
PCG: 0 : 2.452315e-03
PCG: 1 : 2.161388e-03 / 8.813663e-01
PCG: 0 : 2.161388e-03
PCG: 1 : 2.390741e-03 / 1.106114e+00
PCG: 0 : 2.390741e-03
PCG: 1 : 2.107119e-03 / 8.813667e-01
PCG: 0 : 2.107119e-03
PCG: 1 : 2.330713e-03 / 1.106114e+00
PCG: 0 : 2.330713e-03
PCG: 1 : 2.054213e-03 / 8.813667e-01
PCG: 0 : 2.054213e-03
PCG: 1 : 2.272192e-03 / 1.106113e+00
PCG: 0 : 2.272192e-03
PCG: 1 : 2.002636e-03 / 8.813675e-01
PCG: 0 : 2.002636e-03
PCG: 1 : 2.215140e-03 / 1.106112e+00
PCG: 0 : 2.215140e-03
PCG: 1 : 1.952354e-03 / 8.813679e-01
PCG: 0 : 1.952353e-03
PCG: 1 : 2.159521e-03 / 1.106112e+00
PCG: 0 : 2.159521e-03
PCG: 1 : 1.903333e-03 / 8.813682e-01
PCG: 0 : 1.903333e-03
PCG: 1 : 2.105300e-03 / 1.106112e+00
PCG: 0 : 2.105300e-03
PCG: 1 : 1.855544e-03 / 8.813682e-01
PCG: 0 : 1.855544e-03
PCG: 1 : 2.052439e-03 / 1.106112e+00
PCG: 0 : 2.052439e-03
PCG: 1 : 1.808955e-03 / 8.813685e-01
PCG: 0 : 1.808955e-03
PCG: 1 : 2.000906e-03 / 1.106112e+00
PCG: 0 : 2.000906e-03
PCG: 1 : 1.763536e-03 / 8.813686e-01
PCG: 0 : 1.763536e-03
PCG: 1 : 1.950667e-03 / 1.106111e+00
PCG: 0 : 1.950667e-03
PCG: 1 : 1.719257e-03 / 8.813686e-01
PCG: 0 : 1.719257e-03
PCG: 1 : 1.901690e-03 / 1.106112e+00
PCG: 0 : 1.901690e-03
PCG: 1 : 1.676089e-03 / 8.813686e-01
PCG: 0 : 1.676089e-03
PCG: 1 : 1.853942e-03 / 1.106112e+00
PCG: 0 : 1.853942e-03
PCG: 1 : 1.634006e-03 / 8.813688e-01
PCG: 0 : 1.634006e-03
PCG: 1 : 1.807393e-03 / 1.106112e+00
PCG: 0 : 1.807393e-03
PCG: 1 : 1.592979e-03 / 8.813684e-01
PCG: 0 : 1.592979e-03
PCG: 1 : 1.762014e-03 / 1.106112e+00
PCG: 0 : 1.762014e-03
PCG: 1 : 1.552983e-03 / 8.813683e-01
PCG: 0 : 1.552983e-03
PCG: 1 : 1.717773e-03 / 1.106112e+00
PCG: 0 : 1.717773e-03
PCG: 1 : 1.513991e-03 / 8.813688e-01
PCG: 0 : 1.513991e-03
PCG: 1 : 1.674643e-03 / 1.106111e+00
PCG: 0 : 1.674643e-03
PCG: 1 : 1.475978e-03 / 8.813689e-01
PCG: 0 : 1.475978e-03
PCG: 1 : 1.632596e-03 / 1.106112e+00
PCG: 0 : 1.632596e-03
PCG: 1 : 1.438919e-03 / 8.813686e-01
PCG: 0 : 1.438919e-03
PCG: 1 : 1.591605e-03 / 1.106112e+00
PCG: 0 : 1.591605e-03
PCG: 1 : 1.402791e-03 / 8.813690e-01
PCG: 0 : 1.402791e-03
PCG: 1 : 1.551644e-03 / 1.106112e+00
PCG: 0 : 1.551644e-03
PCG: 1 : 1.367570e-03 / 8.813682e-01
PCG: 0 : 1.367570e-03
PCG: 1 : 1.512686e-03 / 1.106113e+00
PCG: 0 : 1.512686e-03
PCG: 1 : 1.333233e-03 / 8.813683e-01
PCG: 0 : 1.333233e-03
PCG: 1 : 1.474706e-03 / 1.106113e+00
PCG: 0 : 1.474706e-03
PCG: 1 : 1.299759e-03 / 8.813681e-01
PCG: 0 : 1.299759e-03
PCG: 1 : 1.437680e-03 / 1.106113e+00
PCG: 0 : 1.437680e-03
PCG: 1 : 1.267125e-03 / 8.813677e-01
PCG: 0 : 1.267125e-03
PCG: 1 : 1.401583e-03 / 1.106113e+00
PCG: 0 : 1.401583e-03
PCG: 1 : 1.235310e-03 / 8.813676e-01
PCG: 0 : 1.235310e-03
PCG: 1 : 1.366393e-03 / 1.106114e+00
PCG: 0 : 1.366393e-03
PCG: 1 : 1.204294e-03 / 8.813671e-01
PCG: 0 : 1.204294e-03
PCG: 1 : 1.332086e-03 / 1.106114e+00
PCG: 0 : 1.332086e-03
PCG: 1 : 1.174057e-03 / 8.813673e-01
PCG: 0 : 1.174057e-03
PCG: 1 : 1.298641e-03 / 1.106114e+00
PCG: 0 : 1.298641e-03
PCG: 1 : 1.144579e-03 / 8.813674e-01
PCG: 0 : 1.144579e-03
PCG: 1 : 1.266035e-03 / 1.106114e+00
PCG: 0 : 1.266035e-03
PCG: 1 : 1.115842e-03 / 8.813677e-01
PCG: 0 : 1.115842e-03
PCG: 1 : 1.234248e-03 / 1.106113e+00
PCG: 0 : 1.234248e-03
PCG: 1 : 1.087826e-03 / 8.813676e-01
PCG: 0 : 1.087826e-03
PCG: 1 : 1.203259e-03 / 1.106114e+00
PCG: 0 : 1.203259e-03
PCG: 1 : 1.060514e-03 / 8.813677e-01
PCG: 0 : 1.060514e-03
PCG: 1 : 1.173048e-03 / 1.106113e+00
PCG: 0 : 1.173048e-03
PCG: 1 : 1.033887e-03 / 8.813679e-01
PCG: 0 : 1.033887e-03
PCG: 1 : 1.143596e-03 / 1.106113e+00
PCG: 0 : 1.143596e-03
PCG: 1 : 1.007929e-03 / 8.813683e-01
PCG: 0 : 1.007929e-03
PCG: 1 : 1.114883e-03 / 1.106113e+00
PCG: 0 : 1.114883e-03
PCG: 1 : 9.826226e-04 / 8.813684e-01
PCG: 0 : 9.826226e-04
PCG: 1 : 1.086891e-03 / 1.106112e+00
PCG: 0 : 1.086891e-03
PCG: 1 : 9.579518e-04 / 8.813687e-01
PCG: 0 : 9.579518e-04
PCG: 1 : 1.059602e-03 / 1.106112e+00
PCG: 0 : 1.059602e-03
PCG: 1 : 9.339001e-04 / 8.813687e-01
PCG: 0 : 9.339001e-04
PCG: 1 : 1.032998e-03 / 1.106112e+00
PCG: 0 : 1.032998e-03
PCG: 1 : 9.104523e-04 / 8.813686e-01
PCG: 0 : 9.104522e-04
PCG: 1 : 1.007063e-03 / 1.106113e+00
PCG: 0 : 1.007063e-03
PCG: 1 : 8.875935e-04 / 8.813687e-01
PCG: 0 : 8.875935e-04
PCG: 1 : 9.817779e-04 / 1.106112e+00
PCG: 0 : 9.817779e-04
PCG: 1 : 8.653086e-04 / 8.813689e-01
PCG: 0 : 8.653086e-04
PCG: 1 : 9.571281e-04 / 1.106112e+00
PCG: 0 : 9.571281e-04
PCG: 1 : 8.435833e-04 / 8.813692e-01
PCG: 0 : 8.435833e-04
PCG: 1 : 9.330971e-04 / 1.106111e+00
PCG: 0 : 9.330971e-04
PCG: 1 : 8.224033e-04 / 8.813695e-01
PCG: 0 : 8.224033e-04
PCG: 1 : 9.096699e-04 / 1.106112e+00
PCG: 0 : 9.096699e-04
PCG: 1 : 8.017549e-04 / 8.813691e-01
PCG: 0 : 8.017548e-04
PCG: 1 : 8.868308e-04 / 1.106112e+00
PCG: 0 : 8.868308e-04
PCG: 1 : 7.816252e-04 / 8.813691e-01
PCG: 0 : 7.816252e-04
PCG: 1 : 8.645650e-04 / 1.106112e+00
PCG: 0 : 8.645650e-04
PCG: 1 : 7.620007e-04 / 8.813690e-01
PCG: 0 : 7.620007e-04
PCG: 1 : 8.428580e-04 / 1.106112e+00
PCG: 0 : 8.428579e-04
PCG: 1 : 7.428693e-04 / 8.813695e-01
PCG: 0 : 7.428692e-04
PCG: 1 : 8.216964e-04 / 1.106112e+00
PCG: 0 : 8.216964e-04
PCG: 1 : 7.242178e-04 / 8.813691e-01
PCG: 0 : 7.242178e-04
PCG: 1 : 8.010661e-04 / 1.106112e+00
PCG: 0 : 8.010661e-04
PCG: 1 : 7.060349e-04 / 8.813692e-01
PCG: 0 : 7.060349e-04
PCG: 1 : 7.809534e-04 / 1.106112e+00
PCG: 0 : 7.809534e-04
PCG: 1 : 6.883086e-04 / 8.813696e-01
PCG: 0 : 6.883086e-04
PCG: 1 : 7.613460e-04 / 1.106112e+00
PCG: 0 : 7.613460e-04
PCG: 1 : 6.710273e-04 / 8.813697e-01
PCG: 0 : 6.710272e-04
PCG: 1 : 7.422306e-04 / 1.106111e+00
PCG: 0 : 7.422306e-04
PCG: 1 : 6.541800e-04 / 8.813704e-01
PCG: 0 : 6.541800e-04
PCG: 1 : 7.235954e-04 / 1.106111e+00
PCG: 0 : 7.235953e-04
PCG: 1 : 6.377556e-04 / 8.813705e-01
PCG: 0 : 6.377556e-04
PCG: 1 : 7.054280e-04 / 1.106110e+00
PCG: 0 : 7.054280e-04
PCG: 1 : 6.217435e-04 / 8.813707e-01
PCG: 0 : 6.217435e-04
PCG: 1 : 6.877169e-04 / 1.106110e+00
PCG: 0 : 6.877168e-04
PCG: 1 : 6.061334e-04 / 8.813707e-01
PCG: 0 : 6.061334e-04
PCG: 1 : 6.704503e-04 / 1.106110e+00
PCG: 0 : 6.704503e-04
PCG: 1 : 5.909153e-04 / 8.813708e-01
PCG: 0 : 5.909153e-04
PCG: 1 : 6.536174e-04 / 1.106110e+00
PCG: 0 : 6.536173e-04
PCG: 1 : 5.760794e-04 / 8.813710e-01
PCG: 0 : 5.760794e-04
PCG: 1 : 6.372069e-04 / 1.106110e+00
PCG: 0 : 6.372068e-04
PCG: 1 : 5.616160e-04 / 8.813716e-01
PCG: 0 : 5.616160e-04
PCG: 1 : 6.212086e-04 / 1.106109e+00
PCG: 0 : 6.212085e-04
PCG: 1 : 5.475155e-04 / 8.813715e-01
PCG: 0 : 5.475155e-04
PCG: 1 : 6.056121e-04 / 1.106110e+00
PCG: 0 : 6.056121e-04
PCG: 1 : 5.337690e-04 / 8.813712e-01
PCG: 0 : 5.337690e-04
PCG: 1 : 5.904072e-04 / 1.106110e+00
PCG: 0 : 5.904072e-04
PCG: 1 : 5.203676e-04 / 8.813707e-01
PCG: 0 : 5.203676e-04
PCG: 1 : 5.755841e-04 / 1.106111e+00
PCG: 0 : 5.755841e-04
PCG: 1 : 5.073028e-04 / 8.813704e-01
PCG: 0 : 5.073027e-04
PCG: 1 : 5.611330e-04 / 1.106111e+00
PCG: 0 : 5.611330e-04
PCG: 1 : 4.945660e-04 / 8.813703e-01
PCG: 0 : 4.945660e-04
PCG: 1 : 5.470448e-04 / 1.106111e+00
PCG: 0 : 5.470448e-04
PCG: 1 : 4.821492e-04 / 8.813705e-01
PCG: 0 : 4.821491e-04
PCG: 1 : 5.333101e-04 / 1.106110e+00
PCG: 0 : 5.333100e-04
PCG: 1 : 4.700441e-04 / 8.813712e-01
PCG: 0 : 4.700440e-04
PCG: 1 : 5.199204e-04 / 1.106110e+00
PCG: 0 : 5.199204e-04
PCG: 1 : 4.582428e-04 / 8.813710e-01
PCG: 0 : 4.582427e-04
PCG: 1 : 5.068670e-04 / 1.106110e+00
PCG: 0 : 5.068670e-04
PCG: 1 : 4.467378e-04 / 8.813709e-01
PCG: 0 : 4.467377e-04
PCG: 1 : 4.941412e-04 / 1.106110e+00
PCG: 0 : 4.941412e-04
PCG: 1 : 4.355215e-04 / 8.813707e-01
PCG: 0 : 4.355215e-04
PCG: 1 : 4.817349e-04 / 1.106111e+00
PCG: 0 : 4.817349e-04
PCG: 1 : 4.245871e-04 / 8.813708e-01
PCG: 0 : 4.245871e-04
PCG: 1 : 4.696401e-04 / 1.106110e+00
PCG: 0 : 4.696401e-04
PCG: 1 : 4.139272e-04 / 8.813711e-01
PCG: 0 : 4.139272e-04
PCG: 1 : 4.578490e-04 / 1.106110e+00
PCG: 0 : 4.578489e-04
PCG: 1 : 4.035349e-04 / 8.813711e-01
PCG: 0 : 4.035348e-04
PCG: 1 : 4.463539e-04 / 1.106110e+00
PCG: 0 : 4.463539e-04
PCG: 1 : 3.934035e-04 / 8.813713e-01
PCG: 0 : 3.934034e-04
PCG: 1 : 4.351474e-04 / 1.106110e+00
PCG: 0 : 4.351474e-04
PCG: 1 : 3.835265e-04 / 8.813714e-01
PCG: 0 : 3.835265e-04
PCG: 1 : 4.242221e-04 / 1.106109e+00
PCG: 0 : 4.242221e-04
PCG: 1 : 3.738976e-04 / 8.813722e-01
PCG: 0 : 3.738976e-04
PCG: 1 : 4.135714e-04 / 1.106109e+00
PCG: 0 : 4.135714e-04
PCG: 1 : 3.645102e-04 / 8.813719e-01
PCG: 0 : 3.645102e-04
PCG: 1 : 4.031881e-04 / 1.106109e+00
PCG: 0 : 4.031881e-04
PCG: 1 : 3.553585e-04 / 8.813715e-01
PCG: 0 : 3.553585e-04
PCG: 1 : 3.930655e-04 / 1.106110e+00
PCG: 0 : 3.930655e-04
PCG: 1 : 3.464366e-04 / 8.813711e-01
PCG: 0 : 3.464366e-04
PCG: 1 : 3.831970e-04 / 1.106110e+00
PCG: 0 : 3.831970e-04
PCG: 1 : 3.377388e-04 / 8.813711e-01
PCG: 0 : 3.377387e-04
PCG: 1 : 3.735763e-04 / 1.106110e+00
PCG: 0 : 3.735763e-04
PCG: 1 : 3.292593e-04 / 8.813710e-01
PCG: 0 : 3.292593e-04
PCG: 1 : 3.641971e-04 / 1.106110e+00
PCG: 0 : 3.641970e-04
PCG: 1 : 3.209928e-04 / 8.813711e-01
PCG: 0 : 3.209927e-04
PCG: 1 : 3.550533e-04 / 1.106110e+00
PCG: 0 : 3.550533e-04
PCG: 1 : 3.129338e-04 / 8.813714e-01
PCG: 0 : 3.129338e-04
PCG: 1 : 3.461391e-04 / 1.106110e+00
PCG: 0 : 3.461391e-04
PCG: 1 : 3.050771e-04 / 8.813714e-01
PCG: 0 : 3.050771e-04
PCG: 1 : 3.374487e-04 / 1.106110e+00
PCG: 0 : 3.374487e-04
PCG: 1 : 2.974178e-04 / 8.813717e-01
PCG: 0 : 2.974177e-04
PCG: 1 : 3.289766e-04 / 1.106109e+00
PCG: 0 : 3.289765e-04
PCG: 1 : 2.899506e-04 / 8.813717e-01
PCG: 0 : 2.899506e-04
PCG: 1 : 3.207171e-04 / 1.106109e+00
PCG: 0 : 3.207171e-04
PCG: 1 : 2.826710e-04 / 8.813719e-01
PCG: 0 : 2.826710e-04
PCG: 1 : 3.126650e-04 / 1.106109e+00
PCG: 0 : 3.126650e-04
PCG: 1 : 2.755742e-04 / 8.813720e-01
PCG: 0 : 2.755741e-04
PCG: 1 : 3.048151e-04 / 1.106109e+00
PCG: 0 : 3.048151e-04
PCG: 1 : 2.686555e-04 / 8.813720e-01
PCG: 0 : 2.686555e-04
PCG: 1 : 2.971622e-04 / 1.106109e+00
PCG: 0 : 2.971622e-04
PCG: 1 : 2.619106e-04 / 8.813725e-01
PCG: 0 : 2.619105e-04
PCG: 1 : 2.897015e-04 / 1.106109e+00
PCG: 0 : 2.897015e-04
PCG: 1 : 2.553349e-04 / 8.813724e-01
PCG: 0 : 2.553349e-04
PCG: 1 : 2.824281e-04 / 1.106109e+00
PCG: 0 : 2.824281e-04
PCG: 1 : 2.489244e-04 / 8.813727e-01
PCG: 0 : 2.489244e-04
PCG: 1 : 2.753374e-04 / 1.106108e+00
PCG: 0 : 2.753374e-04
PCG: 1 : 2.426748e-04 / 8.813726e-01
PCG: 0 : 2.426748e-04
PCG: 1 : 2.684246e-04 / 1.106108e+00
PCG: 0 : 2.684246e-04
PCG: 1 : 2.365821e-04 / 8.813727e-01
PCG: 0 : 2.365821e-04
PCG: 1 : 2.616854e-04 / 1.106108e+00
PCG: 0 : 2.616854e-04
PCG: 1 : 2.306424e-04 / 8.813727e-01
PCG: 0 : 2.306424e-04
PCG: 1 : 2.551154e-04 / 1.106108e+00
PCG: 0 : 2.551154e-04
PCG: 1 : 2.248519e-04 / 8.813731e-01
PCG: 0 : 2.248519e-04
PCG: 1 : 2.487104e-04 / 1.106108e+00
PCG: 0 : 2.487104e-04
PCG: 1 : 2.192067e-04 / 8.813734e-01
PCG: 0 : 2.192067e-04
PCG: 1 : 2.424661e-04 / 1.106107e+00
PCG: 0 : 2.424661e-04
PCG: 1 : 2.137033e-04 / 8.813737e-01
PCG: 0 : 2.137032e-04
PCG: 1 : 2.363787e-04 / 1.106107e+00
PCG: 0 : 2.363787e-04
PCG: 1 : 2.083380e-04 / 8.813738e-01
PCG: 0 : 2.083380e-04
PCG: 1 : 2.304440e-04 / 1.106107e+00
PCG: 0 : 2.304440e-04
PCG: 1 : 2.031074e-04 / 8.813743e-01
PCG: 0 : 2.031074e-04
PCG: 1 : 2.246584e-04 / 1.106106e+00
PCG: 0 : 2.246584e-04
PCG: 1 : 1.980081e-04 / 8.813740e-01
PCG: 0 : 1.980081e-04
PCG: 1 : 2.190182e-04 / 1.106108e+00
PCG: 0 : 2.190182e-04
PCG: 1 : 1.930368e-04 / 8.813732e-01
PCG: 0 : 1.930367e-04
PCG: 1 : 2.135195e-04 / 1.106108e+00
PCG: 0 : 2.135195e-04
PCG: 1 : 1.881903e-04 / 8.813728e-01
PCG: 0 : 1.881903e-04
PCG: 1 : 2.081588e-04 / 1.106108e+00
PCG: 0 : 2.081588e-04
PCG: 1 : 1.834656e-04 / 8.813732e-01
PCG: 0 : 1.834656e-04
PCG: 1 : 2.029327e-04 / 1.106108e+00
PCG: 0 : 2.029327e-04
PCG: 1 : 1.788594e-04 / 8.813732e-01
PCG: 0 : 1.788594e-04
PCG: 1 : 1.978379e-04 / 1.106108e+00
PCG: 0 : 1.978379e-04
PCG: 1 : 1.743689e-04 / 8.813726e-01
PCG: 0 : 1.743689e-04
PCG: 1 : 1.928709e-04 / 1.106109e+00
PCG: 0 : 1.928709e-04
PCG: 1 : 1.699911e-04 / 8.813727e-01
PCG: 0 : 1.699911e-04
PCG: 1 : 1.880286e-04 / 1.106108e+00
PCG: 0 : 1.880286e-04
PCG: 1 : 1.657234e-04 / 8.813731e-01
PCG: 0 : 1.657234e-04
PCG: 1 : 1.833079e-04 / 1.106108e+00
PCG: 0 : 1.833079e-04
PCG: 1 : 1.615626e-04 / 8.813728e-01
PCG: 0 : 1.615626e-04
PCG: 1 : 1.787058e-04 / 1.106109e+00
PCG: 0 : 1.787058e-04
PCG: 1 : 1.575064e-04 / 8.813725e-01
PCG: 0 : 1.575064e-04
PCG: 1 : 1.742191e-04 / 1.106108e+00
PCG: 0 : 1.742191e-04
PCG: 1 : 1.535520e-04 / 8.813730e-01
PCG: 0 : 1.535520e-04
PCG: 1 : 1.698451e-04 / 1.106108e+00
PCG: 0 : 1.698451e-04
PCG: 1 : 1.496969e-04 / 8.813733e-01
PCG: 0 : 1.496969e-04
PCG: 1 : 1.655809e-04 / 1.106108e+00
PCG: 0 : 1.655809e-04
PCG: 1 : 1.459387e-04 / 8.813736e-01
PCG: 0 : 1.459387e-04
PCG: 1 : 1.614238e-04 / 1.106107e+00
PCG: 0 : 1.614238e-04
PCG: 1 : 1.422747e-04 / 8.813740e-01
PCG: 0 : 1.422747e-04
PCG: 1 : 1.573711e-04 / 1.106107e+00
PCG: 0 : 1.573710e-04
PCG: 1 : 1.387027e-04 / 8.813739e-01
PCG: 0 : 1.387027e-04
PCG: 1 : 1.534201e-04 / 1.106107e+00
PCG: 0 : 1.534201e-04
PCG: 1 : 1.352205e-04 / 8.813741e-01
PCG: 0 : 1.352205e-04
PCG: 1 : 1.495682e-04 / 1.106107e+00
PCG: 0 : 1.495682e-04
PCG: 1 : 1.318256e-04 / 8.813747e-01
PCG: 0 : 1.318256e-04
PCG: 1 : 1.458131e-04 / 1.106106e+00
PCG: 0 : 1.458131e-04
PCG: 1 : 1.285160e-04 / 8.813748e-01
PCG: 0 : 1.285160e-04
PCG: 1 : 1.421523e-04 / 1.106106e+00
PCG: 0 : 1.421523e-04
PCG: 1 : 1.252895e-04 / 8.813749e-01
PCG: 0 : 1.252895e-04
PCG: 1 : 1.385834e-04 / 1.106106e+00
PCG: 0 : 1.385834e-04
PCG: 1 : 1.221439e-04 / 8.813749e-01
PCG: 0 : 1.221439e-04
PCG: 1 : 1.351041e-04 / 1.106106e+00
PCG: 0 : 1.351041e-04
PCG: 1 : 1.190774e-04 / 8.813750e-01
PCG: 0 : 1.190774e-04
PCG: 1 : 1.317122e-04 / 1.106106e+00
PCG: 0 : 1.317122e-04
PCG: 1 : 1.160878e-04 / 8.813752e-01
PCG: 0 : 1.160878e-04
PCG: 1 : 1.284054e-04 / 1.106105e+00
PCG: 0 : 1.284054e-04
PCG: 1 : 1.131733e-04 / 8.813753e-01
PCG: 0 : 1.131733e-04
PCG: 1 : 1.251816e-04 / 1.106105e+00
PCG: 0 : 1.251816e-04
PCG: 1 : 1.103320e-04 / 8.813756e-01
PCG: 0 : 1.103320e-04
PCG: 1 : 1.220388e-04 / 1.106105e+00
PCG: 0 : 1.220388e-04
PCG: 1 : 1.075620e-04 / 8.813760e-01
PCG: 0 : 1.075620e-04
PCG: 1 : 1.189748e-04 / 1.106104e+00
PCG: 0 : 1.189748e-04
PCG: 1 : 1.048616e-04 / 8.813761e-01
PCG: 0 : 1.048616e-04
PCG: 1 : 1.159878e-04 / 1.106104e+00
PCG: 0 : 1.159878e-04
PCG: 1 : 1.022289e-04 / 8.813764e-01
PCG: 0 : 1.022289e-04
PCG: 1 : 1.130758e-04 / 1.106104e+00
PCG: 0 : 1.130758e-04
PCG: 1 : 9.966240e-05 / 8.813769e-01
PCG: 0 : 9.966239e-05
PCG: 1 : 1.102369e-04 / 1.106104e+00
PCG: 0 : 1.102369e-04
PCG: 1 : 9.716025e-05 / 8.813766e-01
PCG: 0 : 9.716025e-05
PCG: 1 : 1.074693e-04 / 1.106104e+00
PCG: 0 : 1.074693e-04
PCG: 1 : 9.472095e-05 / 8.813766e-01
PCG: 0 : 9.472094e-05
PCG: 1 : 1.047712e-04 / 1.106104e+00
PCG: 0 : 1.047712e-04
PCG: 1 : 9.234287e-05 / 8.813766e-01
PCG: 0 : 9.234287e-05
PCG: 1 : 1.021408e-04 / 1.106104e+00
PCG: 0 : 1.021408e-04
PCG: 1 : 9.002452e-05 / 8.813768e-01
PCG: 0 : 9.002452e-05
PCG: 1 : 9.957646e-05 / 1.106104e+00
PCG: 0 : 9.957646e-05
PCG: 1 : 8.776435e-05 / 8.813765e-01
PCG: 0 : 8.776435e-05
PCG: 1 : 9.707648e-05 / 1.106104e+00
PCG: 0 : 9.707648e-05
PCG: 1 : 8.556095e-05 / 8.813767e-01
PCG: 0 : 8.556095e-05
PCG: 1 : 9.463926e-05 / 1.106103e+00
PCG: 0 : 9.463925e-05
PCG: 1 : 8.341288e-05 / 8.813772e-01
PCG: 0 : 8.341287e-05
PCG: 1 : 9.226325e-05 / 1.106103e+00
PCG: 0 : 9.226324e-05
PCG: 1 : 8.131872e-05 / 8.813773e-01
PCG: 0 : 8.131871e-05
PCG: 1 : 8.994687e-05 / 1.106103e+00
PCG: 0 : 8.994686e-05
PCG: 1 : 7.927715e-05 / 8.813777e-01
PCG: 0 : 7.927715e-05
PCG: 1 : 8.768866e-05 / 1.106103e+00
PCG: 0 : 8.768866e-05
PCG: 1 : 7.728681e-05 / 8.813775e-01
PCG: 0 : 7.728681e-05
PCG: 1 : 8.548715e-05 / 1.106103e+00
PCG: 0 : 8.548715e-05
PCG: 1 : 7.534646e-05 / 8.813777e-01
PCG: 0 : 7.534646e-05
PCG: 1 : 8.334088e-05 / 1.106102e+00
PCG: 0 : 8.334088e-05
PCG: 1 : 7.345484e-05 / 8.813784e-01
PCG: 0 : 7.345484e-05
PCG: 1 : 8.124853e-05 / 1.106102e+00
PCG: 0 : 8.124852e-05
PCG: 1 : 7.161068e-05 / 8.813782e-01
PCG: 0 : 7.161068e-05
PCG: 1 : 7.920870e-05 / 1.106102e+00
PCG: 0 : 7.920869e-05
PCG: 1 : 6.981284e-05 / 8.813784e-01
PCG: 0 : 6.981284e-05
PCG: 1 : 7.722008e-05 / 1.106102e+00
PCG: 0 : 7.722008e-05
PCG: 1 : 6.806014e-05 / 8.813788e-01
PCG: 0 : 6.806014e-05
PCG: 1 : 7.528139e-05 / 1.106101e+00
PCG: 0 : 7.528139e-05
PCG: 1 : 6.635141e-05 / 8.813788e-01
PCG: 0 : 6.635141e-05
PCG: 1 : 7.339138e-05 / 1.106101e+00
PCG: 0 : 7.339138e-05
PCG: 1 : 6.468561e-05 / 8.813788e-01
PCG: 0 : 6.468561e-05
PCG: 1 : 7.154882e-05 / 1.106101e+00
PCG: 0 : 7.154882e-05
PCG: 1 : 6.306162e-05 / 8.813789e-01
PCG: 0 : 6.306162e-05
PCG: 1 : 6.975251e-05 / 1.106101e+00
PCG: 0 : 6.975251e-05
PCG: 1 : 6.147842e-05 / 8.813794e-01
PCG: 0 : 6.147842e-05
PCG: 1 : 6.800130e-05 / 1.106100e+00
PCG: 0 : 6.800130e-05
PCG: 1 : 5.993496e-05 / 8.813797e-01
PCG: 0 : 5.993496e-05
PCG: 1 : 6.629407e-05 / 1.106100e+00
PCG: 0 : 6.629407e-05
PCG: 1 : 5.843023e-05 / 8.813794e-01
PCG: 0 : 5.843023e-05
PCG: 1 : 6.462969e-05 / 1.106100e+00
PCG: 0 : 6.462969e-05
PCG: 1 : 5.696330e-05 / 8.813798e-01
PCG: 0 : 5.696330e-05
PCG: 1 : 6.300709e-05 / 1.106100e+00
PCG: 0 : 6.300709e-05
PCG: 1 : 5.553320e-05 / 8.813803e-01
PCG: 0 : 5.553320e-05
PCG: 1 : 6.142523e-05 / 1.106099e+00
PCG: 0 : 6.142523e-05
PCG: 1 : 5.413899e-05 / 8.813803e-01
PCG: 0 : 5.413899e-05
PCG: 1 : 5.988311e-05 / 1.106099e+00
PCG: 0 : 5.988311e-05
PCG: 1 : 5.277978e-05 / 8.813801e-01
PCG: 0 : 5.277977e-05
PCG: 1 : 5.837969e-05 / 1.106100e+00
PCG: 0 : 5.837969e-05
PCG: 1 : 5.145469e-05 / 8.813801e-01
PCG: 0 : 5.145469e-05
PCG: 1 : 5.691402e-05 / 1.106100e+00
PCG: 0 : 5.691402e-05
PCG: 1 : 5.016290e-05 / 8.813804e-01
PCG: 0 : 5.016290e-05
PCG: 1 : 5.548513e-05 / 1.106099e+00
PCG: 0 : 5.548513e-05
PCG: 1 : 4.890352e-05 / 8.813806e-01
PCG: 0 : 4.890351e-05
PCG: 1 : 5.409212e-05 / 1.106099e+00
PCG: 0 : 5.409212e-05
PCG: 1 : 4.767575e-05 / 8.813806e-01
PCG: 0 : 4.767574e-05
PCG: 1 : 5.273411e-05 / 1.106099e+00
PCG: 0 : 5.273411e-05
PCG: 1 : 4.647881e-05 / 8.813804e-01
PCG: 0 : 4.647880e-05
PCG: 1 : 5.141018e-05 / 1.106099e+00
PCG: 0 : 5.141018e-05
PCG: 1 : 4.531191e-05 / 8.813801e-01
PCG: 0 : 4.531190e-05
PCG: 1 : 5.011950e-05 / 1.106100e+00
PCG: 0 : 5.011950e-05
PCG: 1 : 4.417431e-05 / 8.813797e-01
PCG: 0 : 4.417431e-05
PCG: 1 : 4.886121e-05 / 1.106100e+00
PCG: 0 : 4.886121e-05
PCG: 1 : 4.306528e-05 / 8.813798e-01
PCG: 0 : 4.306528e-05
PCG: 1 : 4.763451e-05 / 1.106100e+00
PCG: 0 : 4.763451e-05
PCG: 1 : 4.198408e-05 / 8.813796e-01
PCG: 0 : 4.198408e-05
PCG: 1 : 4.643861e-05 / 1.106100e+00
PCG: 0 : 4.643861e-05
PCG: 1 : 4.093004e-05 / 8.813796e-01
PCG: 0 : 4.093004e-05
PCG: 1 : 4.527272e-05 / 1.106100e+00
PCG: 0 : 4.527271e-05
PCG: 1 : 3.990246e-05 / 8.813800e-01
PCG: 0 : 3.990246e-05
PCG: 1 : 4.413612e-05 / 1.106100e+00
PCG: 0 : 4.413612e-05
PCG: 1 : 3.890068e-05 / 8.813797e-01
PCG: 0 : 3.890067e-05
PCG: 1 : 4.302804e-05 / 1.106100e+00
PCG: 0 : 4.302803e-05
PCG: 1 : 3.792405e-05 / 8.813800e-01
PCG: 0 : 3.792405e-05
PCG: 1 : 4.194778e-05 / 1.106100e+00
PCG: 0 : 4.194778e-05
PCG: 1 : 3.697195e-05 / 8.813803e-01
PCG: 0 : 3.697195e-05
PCG: 1 : 4.089465e-05 / 1.106099e+00
PCG: 0 : 4.089464e-05
PCG: 1 : 3.604374e-05 / 8.813806e-01
PCG: 0 : 3.604374e-05
PCG: 1 : 3.986796e-05 / 1.106099e+00
PCG: 0 : 3.986796e-05
PCG: 1 : 3.513883e-05 / 8.813802e-01
PCG: 0 : 3.513883e-05
PCG: 1 : 3.886705e-05 / 1.106100e+00
PCG: 0 : 3.886704e-05
PCG: 1 : 3.425664e-05 / 8.813802e-01
PCG: 0 : 3.425664e-05
PCG: 1 : 3.789126e-05 / 1.106100e+00
PCG: 0 : 3.789126e-05
PCG: 1 : 3.339660e-05 / 8.813802e-01
PCG: 0 : 3.339660e-05
PCG: 1 : 3.693996e-05 / 1.106099e+00
PCG: 0 : 3.693996e-05
PCG: 1 : 3.255816e-05 / 8.813806e-01
PCG: 0 : 3.255816e-05
PCG: 1 : 3.601256e-05 / 1.106099e+00
PCG: 0 : 3.601256e-05
PCG: 1 : 3.174075e-05 / 8.813801e-01
PCG: 0 : 3.174075e-05
PCG: 1 : 3.510844e-05 / 1.106100e+00
PCG: 0 : 3.510844e-05
PCG: 1 : 3.094388e-05 / 8.813803e-01
PCG: 0 : 3.094388e-05
PCG: 1 : 3.422701e-05 / 1.106099e+00
PCG: 0 : 3.422701e-05
PCG: 1 : 3.016702e-05 / 8.813806e-01
PCG: 0 : 3.016702e-05
PCG: 1 : 3.336771e-05 / 1.106099e+00
PCG: 0 : 3.336771e-05
PCG: 1 : 2.940967e-05 / 8.813810e-01
PCG: 0 : 2.940966e-05
PCG: 1 : 3.252998e-05 / 1.106098e+00
PCG: 0 : 3.252998e-05
PCG: 1 : 2.867132e-05 / 8.813815e-01
PCG: 0 : 2.867132e-05
PCG: 1 : 3.171328e-05 / 1.106098e+00
PCG: 0 : 3.171328e-05
PCG: 1 : 2.795151e-05 / 8.813818e-01
PCG: 0 : 2.795151e-05
PCG: 1 : 3.091710e-05 / 1.106098e+00
PCG: 0 : 3.091710e-05
PCG: 1 : 2.724977e-05 / 8.813819e-01
PCG: 0 : 2.724977e-05
PCG: 1 : 3.014089e-05 / 1.106097e+00
PCG: 0 : 3.014089e-05
PCG: 1 : 2.656565e-05 / 8.813825e-01
PCG: 0 : 2.656565e-05
PCG: 1 : 2.938417e-05 / 1.106096e+00
PCG: 0 : 2.938417e-05
PCG: 1 : 2.589871e-05 / 8.813830e-01
PCG: 0 : 2.589871e-05
PCG: 1 : 2.864646e-05 / 1.106096e+00
PCG: 0 : 2.864646e-05
PCG: 1 : 2.524850e-05 / 8.813830e-01
PCG: 0 : 2.524850e-05
PCG: 1 : 2.792728e-05 / 1.106096e+00
PCG: 0 : 2.792728e-05
PCG: 1 : 2.461462e-05 / 8.813828e-01
PCG: 0 : 2.461462e-05
PCG: 1 : 2.722615e-05 / 1.106097e+00
PCG: 0 : 2.722615e-05
PCG: 1 : 2.399665e-05 / 8.813827e-01
PCG: 0 : 2.399665e-05
PCG: 1 : 2.654262e-05 / 1.106097e+00
PCG: 0 : 2.654262e-05
PCG: 1 : 2.339420e-05 / 8.813828e-01
PCG: 0 : 2.339420e-05
PCG: 1 : 2.587624e-05 / 1.106096e+00
PCG: 0 : 2.587624e-05
PCG: 1 : 2.280688e-05 / 8.813831e-01
PCG: 0 : 2.280688e-05
PCG: 1 : 2.522661e-05 / 1.106096e+00
PCG: 0 : 2.522661e-05
PCG: 1 : 2.223429e-05 / 8.813825e-01
PCG: 0 : 2.223429e-05
PCG: 1 : 2.459327e-05 / 1.106097e+00
PCG: 0 : 2.459327e-05
PCG: 1 : 2.167609e-05 / 8.813828e-01
PCG: 0 : 2.167609e-05
PCG: 1 : 2.397585e-05 / 1.106097e+00
PCG: 0 : 2.397585e-05
PCG: 1 : 2.113189e-05 / 8.813822e-01
PCG: 0 : 2.113189e-05
PCG: 1 : 2.337393e-05 / 1.106098e+00
PCG: 0 : 2.337393e-05
PCG: 1 : 2.060135e-05 / 8.813815e-01
PCG: 0 : 2.060135e-05
PCG: 1 : 2.278711e-05 / 1.106098e+00
PCG: 0 : 2.278711e-05
PCG: 1 : 2.008414e-05 / 8.813815e-01
PCG: 0 : 2.008414e-05
PCG: 1 : 2.221503e-05 / 1.106098e+00
PCG: 0 : 2.221503e-05
PCG: 1 : 1.957991e-05 / 8.813814e-01
PCG: 0 : 1.957991e-05
PCG: 1 : 2.165730e-05 / 1.106098e+00
PCG: 0 : 2.165730e-05
PCG: 1 : 1.908835e-05 / 8.813814e-01
PCG: 0 : 1.908834e-05
PCG: 1 : 2.111359e-05 / 1.106099e+00
PCG: 0 : 2.111359e-05
PCG: 1 : 1.860912e-05 / 8.813810e-01
PCG: 0 : 1.860912e-05
PCG: 1 : 2.058352e-05 / 1.106099e+00
PCG: 0 : 2.058352e-05
PCG: 1 : 1.814193e-05 / 8.813811e-01
PCG: 0 : 1.814193e-05
PCG: 1 : 2.006676e-05 / 1.106099e+00
PCG: 0 : 2.006676e-05
PCG: 1 : 1.768646e-05 / 8.813809e-01
PCG: 0 : 1.768646e-05
PCG: 1 : 1.956298e-05 / 1.106099e+00
PCG: 0 : 1.956298e-05
PCG: 1 : 1.724242e-05 / 8.813804e-01
PCG: 0 : 1.724242e-05
PCG: 1 : 1.907183e-05 / 1.106099e+00
PCG: 0 : 1.907183e-05
PCG: 1 : 1.680954e-05 / 8.813807e-01
PCG: 0 : 1.680954e-05
PCG: 1 : 1.859302e-05 / 1.106099e+00
PCG: 0 : 1.859302e-05
PCG: 1 : 1.638753e-05 / 8.813809e-01
PCG: 0 : 1.638753e-05
PCG: 1 : 1.812623e-05 / 1.106099e+00
PCG: 0 : 1.812623e-05
PCG: 1 : 1.597612e-05 / 8.813812e-01
PCG: 0 : 1.597612e-05
PCG: 1 : 1.767116e-05 / 1.106098e+00
PCG: 0 : 1.767116e-05
PCG: 1 : 1.557503e-05 / 8.813812e-01
PCG: 0 : 1.557503e-05
PCG: 1 : 1.722751e-05 / 1.106099e+00
PCG: 0 : 1.722751e-05
PCG: 1 : 1.518401e-05 / 8.813813e-01
PCG: 0 : 1.518401e-05
PCG: 1 : 1.679500e-05 / 1.106098e+00
PCG: 0 : 1.679500e-05
PCG: 1 : 1.480281e-05 / 8.813816e-01
PCG: 0 : 1.480281e-05
PCG: 1 : 1.637335e-05 / 1.106098e+00
PCG: 0 : 1.637335e-05
PCG: 1 : 1.443118e-05 / 8.813819e-01
PCG: 0 : 1.443118e-05
PCG: 1 : 1.596229e-05 / 1.106097e+00
PCG: 0 : 1.596229e-05
PCG: 1 : 1.406888e-05 / 8.813825e-01
PCG: 0 : 1.406888e-05
PCG: 1 : 1.556154e-05 / 1.106097e+00
PCG: 0 : 1.556154e-05
PCG: 1 : 1.371567e-05 / 8.813825e-01
PCG: 0 : 1.371567e-05
PCG: 1 : 1.517086e-05 / 1.106097e+00
PCG: 0 : 1.517086e-05
PCG: 1 : 1.337133e-05 / 8.813826e-01
PCG: 0 : 1.337133e-05
PCG: 1 : 1.478998e-05 / 1.106096e+00
PCG: 0 : 1.478998e-05
PCG: 1 : 1.303564e-05 / 8.813832e-01
PCG: 0 : 1.303564e-05
PCG: 1 : 1.441867e-05 / 1.106096e+00
PCG: 0 : 1.441867e-05
PCG: 1 : 1.270838e-05 / 8.813836e-01
PCG: 0 : 1.270838e-05
PCG: 1 : 1.405668e-05 / 1.106095e+00
PCG: 0 : 1.405668e-05
PCG: 1 : 1.238933e-05 / 8.813836e-01
PCG: 0 : 1.238933e-05
PCG: 1 : 1.370378e-05 / 1.106096e+00
PCG: 0 : 1.370378e-05
PCG: 1 : 1.207829e-05 / 8.813837e-01
PCG: 0 : 1.207829e-05
PCG: 1 : 1.335973e-05 / 1.106095e+00
PCG: 0 : 1.335973e-05
PCG: 1 : 1.177506e-05 / 8.813841e-01
PCG: 0 : 1.177506e-05
PCG: 1 : 1.302433e-05 / 1.106095e+00
PCG: 0 : 1.302433e-05
PCG: 1 : 1.147944e-05 / 8.813841e-01
PCG: 0 : 1.147944e-05
PCG: 1 : 1.269734e-05 / 1.106094e+00
PCG: 0 : 1.269734e-05
PCG: 1 : 1.119125e-05 / 8.813848e-01
PCG: 0 : 1.119124e-05
PCG: 1 : 1.237856e-05 / 1.106094e+00
PCG: 0 : 1.237856e-05
PCG: 1 : 1.091028e-05 / 8.813853e-01
PCG: 0 : 1.091028e-05
PCG: 1 : 1.206779e-05 / 1.106094e+00
PCG: 0 : 1.206779e-05
PCG: 1 : 1.063638e-05 / 8.813856e-01
PCG: 0 : 1.063638e-05
PCG: 1 : 1.176482e-05 / 1.106093e+00
PCG: 0 : 1.176482e-05
PCG: 1 : 1.036935e-05 / 8.813861e-01
PCG: 0 : 1.036935e-05
PCG: 1 : 1.146946e-05 / 1.106093e+00
PCG: 0 : 1.146946e-05
PCG: 1 : 1.010902e-05 / 8.813862e-01
PCG: 0 : 1.010902e-05
PCG: 1 : 1.118151e-05 / 1.106092e+00
PCG: 0 : 1.118151e-05
PCG: 1 : 9.855228e-06 / 8.813862e-01
PCG: 0 : 9.855227e-06
PCG: 1 : 1.090079e-05 / 1.106092e+00
PCG: 0 : 1.090079e-05
PCG: 1 : 9.607811e-06 / 8.813866e-01
PCG: 0 : 9.607810e-06
PCG: 1 : 1.062712e-05 / 1.106092e+00
PCG: 0 : 1.062712e-05
PCG: 1 : 9.366602e-06 / 8.813868e-01
PCG: 0 : 9.366602e-06
PCG: 1 : 1.036032e-05 / 1.106092e+00
PCG: 0 : 1.036032e-05
PCG: 1 : 9.131449e-06 / 8.813867e-01
PCG: 0 : 9.131449e-06
PCG: 1 : 1.010022e-05 / 1.106092e+00
PCG: 0 : 1.010022e-05
PCG: 1 : 8.902199e-06 / 8.813866e-01
PCG: 0 : 8.902199e-06
PCG: 1 : 9.846648e-06 / 1.106092e+00
PCG: 0 : 9.846648e-06
PCG: 1 : 8.678706e-06 / 8.813868e-01
PCG: 0 : 8.678706e-06
PCG: 1 : 9.599444e-06 / 1.106092e+00
PCG: 0 : 9.599443e-06
PCG: 1 : 8.460821e-06 / 8.813867e-01
PCG: 0 : 8.460821e-06
PCG: 1 : 9.358446e-06 / 1.106092e+00
PCG: 0 : 9.358446e-06
PCG: 1 : 8.248407e-06 / 8.813864e-01
PCG: 0 : 8.248407e-06
PCG: 1 : 9.123499e-06 / 1.106092e+00
PCG: 0 : 9.123498e-06
PCG: 1 : 8.041327e-06 / 8.813863e-01
PCG: 0 : 8.041327e-06
PCG: 1 : 8.894447e-06 / 1.106092e+00
PCG: 0 : 8.894447e-06
PCG: 1 : 7.839448e-06 / 8.813868e-01
PCG: 0 : 7.839448e-06
PCG: 1 : 8.671147e-06 / 1.106092e+00
PCG: 0 : 8.671147e-06
PCG: 1 : 7.642636e-06 / 8.813869e-01
PCG: 0 : 7.642636e-06
PCG: 1 : 8.453452e-06 / 1.106091e+00
PCG: 0 : 8.453451e-06
PCG: 1 : 7.450764e-06 / 8.813873e-01
PCG: 0 : 7.450764e-06
PCG: 1 : 8.241223e-06 / 1.106091e+00
PCG: 0 : 8.241223e-06
PCG: 1 : 7.263710e-06 / 8.813875e-01
PCG: 0 : 7.263710e-06
PCG: 1 : 8.034322e-06 / 1.106091e+00
PCG: 0 : 8.034322e-06
PCG: 1 : 7.081353e-06 / 8.813878e-01
PCG: 0 : 7.081353e-06
PCG: 1 : 7.832615e-06 / 1.106090e+00
PCG: 0 : 7.832615e-06
PCG: 1 : 6.903575e-06 / 8.813882e-01
PCG: 0 : 6.903574e-06
PCG: 1 : 7.635972e-06 / 1.106090e+00
PCG: 0 : 7.635972e-06
PCG: 1 : 6.730258e-06 / 8.813885e-01
PCG: 0 : 6.730257e-06
PCG: 1 : 7.444267e-06 / 1.106089e+00
PCG: 0 : 7.444267e-06
PCG: 1 : 6.561291e-06 / 8.813884e-01
PCG: 0 : 6.561291e-06
PCG: 1 : 7.257375e-06 / 1.106090e+00
PCG: 0 : 7.257375e-06
PCG: 1 : 6.396569e-06 / 8.813888e-01
PCG: 0 : 6.396569e-06
PCG: 1 : 7.075173e-06 / 1.106089e+00
PCG: 0 : 7.075173e-06
PCG: 1 : 6.235980e-06 / 8.813891e-01
PCG: 0 : 6.235980e-06
PCG: 1 : 6.897548e-06 / 1.106089e+00
PCG: 0 : 6.897548e-06
PCG: 1 : 6.079425e-06 / 8.813893e-01
PCG: 0 : 6.079425e-06
PCG: 1 : 6.724379e-06 / 1.106088e+00
PCG: 0 : 6.724379e-06
PCG: 1 : 5.926799e-06 / 8.813898e-01
PCG: 0 : 5.926799e-06
PCG: 1 : 6.555563e-06 / 1.106088e+00
PCG: 0 : 6.555562e-06
PCG: 1 : 5.778004e-06 / 8.813896e-01
PCG: 0 : 5.778004e-06
PCG: 1 : 6.390982e-06 / 1.106088e+00

PCG ( VCycle ( S: Scale / C: Scale )  )

Complete solver TOE: 2.91561
0.801966 GFlop/s [0.801966 GFlops/s]

Total time: 2.91561s
Accumulated op time: 1.62879

Reductions: 33.0281%
Blas-1: 12.0226%
Blas-2: 10.814%
Precon Kernels: 0%
MPI Execution: 0%
MPI Wait: 0%
Not covered: 44.1353%

Domain size: 1.67157 MByte
LA size: 5.40018 MByte
MPI size: 0.167526 MByte

H0-Error: 3.766715e-05
H1-Error: 1.613740e-02

Writing DATA to output.data...
Run-Time: 0:03.134 [0:03.134]
0xb32f09f8 Error: MemoryPool<CUDA> still contains memory chunks on deconstructor call
