NUM-PROCS: 1
Preparing domain...
LVL-MIN: 4 [4]
LVL-MAX: 8 [8]
Creating gates...
Assembling system matrices...
Assembling system filters...
Assembling transfer matrices...
Converting assembled linear system from SparseMatrixCSR, Mem:main to SparseMatrixCSR, Mem:mainand to SparseMatrixCSR, Mem:main...
PCG: 0 : 3.788143e-02
PCG: 1 : 7.372077e-02 / 1.946092e+00
PCG: 2 : 8.836834e-02 / 2.332762e+00
PCG: 3 : 1.869558e-01 / 4.935289e+00
PCG: 4 : 1.519497e-01 / 4.011192e+00
PCG: 5 : 5.171459e-02 / 1.365170e+00
PCG: 0 : 5.179806e-02
PCG: 1 : 3.502102e-02 / 6.761068e-01
PCG: 2 : 9.243269e-03 / 1.784482e-01
PCG: 3 : 2.376302e-03 / 4.587627e-02
PCG: 4 : 1.614705e-03 / 3.117308e-02
PCG: 5 : 1.669951e-03 / 3.223965e-02
PCG: 0 : 1.669952e-03
PCG: 1 : 9.538072e-04 / 5.711585e-01
PCG: 2 : 1.039638e-03 / 6.225556e-01
PCG: 3 : 1.371371e-03 / 8.212037e-01
PCG: 4 : 8.628872e-04 / 5.167138e-01
PCG: 5 : 6.358384e-04 / 3.807525e-01
PCG: 0 : 6.358390e-04
PCG: 1 : 4.580007e-04 / 7.203093e-01
PCG: 2 : 3.703485e-04 / 5.824564e-01
PCG: 3 : 1.137924e-04 / 1.789642e-01
PCG: 4 : 5.667488e-05 / 8.913402e-02
PCG: 5 : 1.085292e-04 / 1.706866e-01
PCG: 0 : 1.085291e-04
PCG: 1 : 7.197683e-05 / 6.632029e-01
PCG: 2 : 1.152013e-04 / 1.061478e+00
PCG: 3 : 1.172037e-04 / 1.079928e+00
PCG: 4 : 6.130741e-05 / 5.648936e-01
PCG: 5 : 6.823791e-05 / 6.287521e-01
PCG: 0 : 6.823791e-05
PCG: 1 : 4.187359e-05 / 6.136411e-01
PCG: 2 : 3.593400e-05 / 5.265988e-01
PCG: 3 : 1.260201e-05 / 1.846775e-01
PCG: 4 : 5.570415e-06 / 8.163227e-02
PCG: 5 : 1.115724e-05 / 1.635050e-01
PCG: 0 : 1.115724e-05
PCG: 1 : 7.355274e-06 / 6.592380e-01
PCG: 2 : 1.135959e-05 / 1.018137e+00
PCG: 3 : 1.125834e-05 / 1.009062e+00
PCG: 4 : 6.146415e-06 / 5.508904e-01
PCG: 5 : 7.081282e-06 / 6.346806e-01
PCG: 0 : 7.081282e-06
PCG: 1 : 4.333026e-06 / 6.118986e-01
PCG: 2 : 3.574939e-06 / 5.048435e-01
PCG: 3 : 1.261892e-06 / 1.782010e-01
PCG: 4 : 6.462698e-07 / 9.126452e-02
PCG: 5 : 1.337148e-06 / 1.888286e-01
PCG: 0 : 1.337149e-06
PCG: 1 : 8.725357e-07 / 6.525344e-01
PCG: 2 : 1.132490e-06 / 8.469437e-01
PCG: 3 : 1.054389e-06 / 7.885351e-01
PCG: 4 : 6.438675e-07 / 4.815226e-01
PCG: 5 : 7.785209e-07 / 5.822245e-01
PCG: 0 : 7.785211e-07
PCG: 1 : 4.649599e-07 / 5.972348e-01
PCG: 2 : 3.357245e-07 / 4.312336e-01
PCG: 3 : 1.270267e-07 / 1.631640e-01
PCG: 4 : 9.067163e-08 / 1.164665e-01
PCG: 5 : 1.754842e-07 / 2.254071e-01
PCG: 0 : 1.754842e-07
PCG: 1 : 1.084706e-07 / 6.181217e-01
PCG: 2 : 1.058908e-07 / 6.034204e-01
PCG: 3 : 9.940959e-08 / 5.664873e-01
PCG: 4 : 7.536259e-08 / 4.294550e-01
PCG: 5 : 8.668339e-08 / 4.939668e-01

PCG ( VCycle ( S: Scale / C: Scale )  )

Complete solver TOE: 0.204653
2.65353 GFlop/s [2.65353 GFlops/s]

Total time: 0.204653s
Accumulated op time: 0.194984

Reductions: 7.81029%
Blas-1: 4.82329%
Blas-2: 82.6418%
Precon Kernels: 0%
MPI Execution: 0%
MPI Wait: 0%
Not covered: 4.72458%

Domain size: 12.0946 MByte
LA size: 30.305 MByte
MPI size: 0.673698 MByte

H0-Error: 6.886821e-06
H1-Error: 8.068795e-03

Writing DATA to output.data...
Run-Time: 0:00.345 [0:00.345]
0x31d198e880 Error: MemoryPool<CPU> still contains memory chunks on deconstructor call
