NUM-PROCS: 1
Preparing domain...
LVL-MIN: 6 [6]
LVL-MAX: 10 [10]
Creating gates...
Assembling system matrices...
Assembling system filters...
Assembling transfer matrices...
Converting assembled linear system from SparseMatrixCSR, Mem:main to SparseMatrixCSR, Mem:mainand to SparseMatrixCSR, Mem:main...
PCG: 0 : 9.473041e-03
PCG: 1 : 8.274180e-02 / 8.734449e+00
PCG: 2 : 8.462326e-02 / 8.933063e+00
PCG: 3 : 1.925868e-01 / 2.032999e+01
PCG: 4 : 2.334201e-01 / 2.464046e+01
PCG: 5 : 1.559720e-01 / 1.646483e+01
PCG: 6 : 1.645904e-01 / 1.737461e+01
PCG: 7 : 1.530333e-01 / 1.615461e+01
PCG: 8 : 1.761573e-01 / 1.859564e+01
PCG: 9 : 2.028864e-01 / 2.141724e+01
PCG: 0 : 2.029111e-01
PCG: 1 : 1.365447e-01 / 6.729286e-01
PCG: 2 : 8.834738e-02 / 4.353995e-01
PCG: 3 : 9.353129e-02 / 4.609472e-01
PCG: 4 : 1.021461e-01 / 5.034034e-01
PCG: 5 : 1.241115e-01 / 6.116548e-01
PCG: 6 : 8.391196e-02 / 4.135406e-01
PCG: 7 : 5.969878e-02 / 2.942116e-01
PCG: 8 : 8.224069e-02 / 4.053041e-01
PCG: 9 : 8.904462e-02 / 4.388357e-01
PCG: 0 : 8.904464e-02
PCG: 1 : 4.866280e-02 / 5.464989e-01
PCG: 2 : 3.850370e-02 / 4.324089e-01
PCG: 3 : 3.560591e-02 / 3.998659e-01
PCG: 4 : 3.359562e-02 / 3.772897e-01
PCG: 5 : 2.871594e-02 / 3.224893e-01
PCG: 6 : 2.017040e-02 / 2.265201e-01
PCG: 7 : 1.307913e-02 / 1.468828e-01
PCG: 8 : 1.545289e-02 / 1.735410e-01
PCG: 9 : 3.472502e-02 / 3.899731e-01
PCG: 0 : 3.472501e-02
PCG: 1 : 2.297030e-02 / 6.614915e-01
PCG: 2 : 1.817566e-02 / 5.234171e-01
PCG: 3 : 1.330808e-02 / 3.832418e-01
PCG: 4 : 1.652589e-02 / 4.759075e-01
PCG: 5 : 2.676460e-02 / 7.707587e-01
PCG: 6 : 2.348777e-02 / 6.763934e-01
PCG: 7 : 1.483537e-02 / 4.272243e-01
PCG: 8 : 2.186952e-02 / 6.297917e-01
PCG: 9 : 3.946048e-02 / 1.136371e+00
PCG: 0 : 3.946048e-02
PCG: 1 : 2.457507e-02 / 6.227767e-01
PCG: 2 : 2.010792e-02 / 5.095710e-01
PCG: 3 : 1.903784e-02 / 4.824533e-01
PCG: 4 : 1.638423e-02 / 4.152060e-01
PCG: 5 : 1.413963e-02 / 3.583238e-01
PCG: 6 : 1.295948e-02 / 3.284165e-01
PCG: 7 : 8.336873e-03 / 2.112714e-01
PCG: 8 : 8.587616e-03 / 2.176257e-01
PCG: 9 : 1.775923e-02 / 4.500510e-01
PCG: 0 : 1.775923e-02
PCG: 1 : 1.258847e-02 / 7.088408e-01
PCG: 2 : 9.992062e-03 / 5.626404e-01
PCG: 3 : 7.771842e-03 / 4.376226e-01
PCG: 4 : 9.065860e-03 / 5.104871e-01
PCG: 5 : 1.459555e-02 / 8.218572e-01
PCG: 6 : 1.373832e-02 / 7.735877e-01
PCG: 7 : 8.622181e-03 / 4.855042e-01
PCG: 8 : 1.245303e-02 / 7.012143e-01
PCG: 9 : 2.117283e-02 / 1.192215e+00
PCG: 0 : 2.117283e-02
PCG: 1 : 1.382575e-02 / 6.529948e-01
PCG: 2 : 1.063697e-02 / 5.023879e-01
PCG: 3 : 1.027674e-02 / 4.853740e-01
PCG: 4 : 8.998989e-03 / 4.250254e-01
PCG: 5 : 8.104374e-03 / 3.827724e-01
PCG: 6 : 7.810217e-03 / 3.688793e-01
PCG: 7 : 5.194882e-03 / 2.453561e-01
PCG: 8 : 5.020746e-03 / 2.371316e-01
PCG: 9 : 9.365047e-03 / 4.423144e-01
PCG: 0 : 9.365042e-03
PCG: 1 : 7.128439e-03 / 7.611753e-01
PCG: 2 : 5.672505e-03 / 6.057106e-01
PCG: 3 : 4.578347e-03 / 4.888763e-01
PCG: 4 : 5.141645e-03 / 5.490254e-01
PCG: 5 : 8.117097e-03 / 8.667444e-01
PCG: 6 : 7.672117e-03 / 8.192294e-01
PCG: 7 : 5.238182e-03 / 5.593336e-01
PCG: 8 : 7.403400e-03 / 7.905357e-01
PCG: 9 : 1.162616e-02 / 1.241442e+00
PCG: 0 : 1.162616e-02
PCG: 1 : 8.119637e-03 / 6.983939e-01
PCG: 2 : 5.819303e-03 / 5.005354e-01
PCG: 3 : 5.497540e-03 / 4.728596e-01
PCG: 4 : 5.170610e-03 / 4.447394e-01
PCG: 5 : 4.753875e-03 / 4.088947e-01
PCG: 6 : 4.461636e-03 / 3.837584e-01
PCG: 7 : 3.317559e-03 / 2.853530e-01
PCG: 8 : 3.510369e-03 / 3.019372e-01
PCG: 9 : 5.433762e-03 / 4.673739e-01
PCG: 0 : 5.433762e-03
PCG: 1 : 4.341603e-03 / 7.990050e-01
PCG: 2 : 3.234496e-03 / 5.952591e-01
PCG: 3 : 3.046237e-03 / 5.606130e-01
PCG: 4 : 3.617252e-03 / 6.656994e-01
PCG: 5 : 4.673002e-03 / 8.599940e-01
PCG: 6 : 4.001528e-03 / 7.364195e-01
PCG: 7 : 3.545812e-03 / 6.525520e-01
PCG: 8 : 5.210566e-03 / 9.589244e-01
PCG: 9 : 6.345720e-03 / 1.167832e+00
PCG: 0 : 6.345721e-03
PCG: 1 : 5.084106e-03 / 8.011866e-01
PCG: 2 : 3.157803e-03 / 4.976271e-01
PCG: 3 : 3.065262e-03 / 4.830439e-01
PCG: 4 : 3.429651e-03 / 5.404667e-01
PCG: 5 : 2.829674e-03 / 4.459185e-01
PCG: 6 : 2.258091e-03 / 3.558447e-01
PCG: 7 : 2.165029e-03 / 3.411794e-01
PCG: 8 : 2.815873e-03 / 4.437436e-01
PCG: 9 : 3.215424e-03 / 5.067074e-01
PCG: 0 : 3.215424e-03
PCG: 1 : 2.725723e-03 / 8.477024e-01
PCG: 2 : 1.889718e-03 / 5.877041e-01
PCG: 3 : 1.934856e-03 / 6.017421e-01
PCG: 4 : 2.366964e-03 / 7.361283e-01
PCG: 5 : 2.750278e-03 / 8.553390e-01
PCG: 6 : 2.256723e-03 / 7.018431e-01
PCG: 7 : 2.268519e-03 / 7.055117e-01
PCG: 8 : 3.314146e-03 / 1.030702e+00
PCG: 9 : 3.628672e-03 / 1.128520e+00
PCG: 0 : 3.628673e-03
PCG: 1 : 2.999450e-03 / 8.265969e-01
PCG: 2 : 1.836768e-03 / 5.061819e-01
PCG: 3 : 1.739821e-03 / 4.794649e-01
PCG: 4 : 1.995983e-03 / 5.500586e-01
PCG: 5 : 1.670023e-03 / 4.602298e-01
PCG: 6 : 1.305752e-03 / 3.598429e-01
PCG: 7 : 1.247957e-03 / 3.439156e-01
PCG: 8 : 1.677257e-03 / 4.622234e-01
PCG: 9 : 1.881795e-03 / 5.185905e-01
PCG: 0 : 1.881795e-03
PCG: 1 : 1.602514e-03 / 8.515880e-01
PCG: 2 : 1.106759e-03 / 5.881400e-01
PCG: 3 : 1.137353e-03 / 6.043978e-01
PCG: 4 : 1.393486e-03 / 7.405093e-01
PCG: 5 : 1.609679e-03 / 8.553956e-01
PCG: 6 : 1.317485e-03 / 7.001218e-01
PCG: 7 : 1.324552e-03 / 7.038769e-01
PCG: 8 : 1.946736e-03 / 1.034510e+00
PCG: 9 : 2.131488e-03 / 1.132689e+00
PCG: 0 : 2.131489e-03
PCG: 1 : 1.765094e-03 / 8.281039e-01
PCG: 2 : 1.072870e-03 / 5.033430e-01
PCG: 3 : 1.018908e-03 / 4.780266e-01
PCG: 4 : 1.171323e-03 / 5.495329e-01
PCG: 5 : 9.797199e-04 / 4.596412e-01
PCG: 6 : 7.669476e-04 / 3.598178e-01
PCG: 7 : 7.295865e-04 / 3.422896e-01
PCG: 8 : 9.834238e-04 / 4.613788e-01
PCG: 9 : 1.104476e-03 / 5.181713e-01
PCG: 0 : 1.104476e-03
PCG: 1 : 9.410593e-04 / 8.520411e-01
PCG: 2 : 6.483768e-04 / 5.870445e-01
PCG: 3 : 6.696028e-04 / 6.062627e-01
PCG: 4 : 8.189523e-04 / 7.414846e-01
PCG: 5 : 9.431767e-04 / 8.539582e-01
PCG: 6 : 7.724150e-04 / 6.993495e-01
PCG: 7 : 7.733746e-04 / 7.002183e-01
PCG: 8 : 1.142825e-03 / 1.034721e+00
PCG: 9 : 1.253609e-03 / 1.135026e+00
PCG: 0 : 1.253609e-03
PCG: 1 : 1.037360e-03 / 8.274990e-01
PCG: 2 : 6.279640e-04 / 5.009248e-01
PCG: 3 : 5.987635e-04 / 4.776317e-01
PCG: 4 : 6.874626e-04 / 5.483867e-01
PCG: 5 : 5.748134e-04 / 4.585268e-01
PCG: 6 : 4.509422e-04 / 3.597151e-01
PCG: 7 : 4.265071e-04 / 3.402233e-01
PCG: 8 : 5.768002e-04 / 4.601116e-01
PCG: 9 : 6.492290e-04 / 5.178878e-01
PCG: 0 : 6.492289e-04
PCG: 1 : 5.524639e-04 / 8.509539e-01
PCG: 2 : 3.799925e-04 / 5.852981e-01
PCG: 3 : 3.943359e-04 / 6.073912e-01
PCG: 4 : 4.809535e-04 / 7.408072e-01
PCG: 5 : 5.530242e-04 / 8.518169e-01
PCG: 6 : 4.537416e-04 / 6.988931e-01
PCG: 7 : 4.520484e-04 / 6.962851e-01
PCG: 8 : 6.708830e-04 / 1.033354e+00
PCG: 9 : 7.377039e-04 / 1.136277e+00
PCG: 0 : 7.377038e-04
PCG: 1 : 6.093815e-04 / 8.260518e-01
PCG: 2 : 3.680309e-04 / 4.988872e-01
PCG: 3 : 3.523414e-04 / 4.776191e-01
PCG: 4 : 4.035689e-04 / 5.470610e-01
PCG: 5 : 3.374030e-04 / 4.573693e-01
PCG: 6 : 2.652830e-04 / 3.596064e-01
PCG: 7 : 2.495024e-04 / 3.382149e-01
PCG: 8 : 3.384338e-04 / 4.587665e-01
PCG: 9 : 3.818965e-04 / 5.176827e-01
PCG: 0 : 3.818963e-04
PCG: 1 : 3.243359e-04 / 8.492774e-01
PCG: 2 : 2.228239e-04 / 5.834669e-01
PCG: 3 : 2.322404e-04 / 6.081244e-01
PCG: 4 : 2.824190e-04 / 7.395175e-01
PCG: 5 : 3.244566e-04 / 8.495935e-01
PCG: 6 : 2.667606e-04 / 6.985159e-01
PCG: 7 : 2.644902e-04 / 6.925706e-01
PCG: 8 : 3.938151e-04 / 1.031210e+00
PCG: 9 : 4.342381e-04 / 1.137058e+00
PCG: 0 : 4.342381e-04
PCG: 1 : 3.578867e-04 / 8.241715e-01
PCG: 2 : 2.158532e-04 / 4.970849e-01
PCG: 3 : 2.074146e-04 / 4.776517e-01
PCG: 4 : 2.369654e-04 / 5.457039e-01
PCG: 5 : 1.980964e-04 / 4.561930e-01
PCG: 6 : 1.560827e-04 / 3.594403e-01
PCG: 7 : 1.460457e-04 / 3.363262e-01
PCG: 8 : 1.985966e-04 / 4.573449e-01
PCG: 9 : 2.247031e-04 / 5.174652e-01
PCG: 0 : 2.247032e-04
PCG: 1 : 1.904179e-04 / 8.474199e-01
PCG: 2 : 1.307408e-04 / 5.818377e-01
PCG: 3 : 1.367620e-04 / 6.086342e-01
PCG: 4 : 1.658621e-04 / 7.381387e-01
PCG: 5 : 1.904324e-04 / 8.474845e-01
PCG: 6 : 1.568920e-04 / 6.982189e-01
PCG: 7 : 1.548795e-04 / 6.892628e-01
PCG: 8 : 2.312012e-04 / 1.028918e+00
PCG: 9 : 2.556246e-04 / 1.137610e+00
PCG: 0 : 2.556246e-04
PCG: 1 : 2.102086e-04 / 8.223330e-01
PCG: 2 : 1.267012e-04 / 4.956532e-01
PCG: 3 : 1.221277e-04 / 4.777620e-01
PCG: 4 : 1.391808e-04 / 5.444734e-01
PCG: 5 : 1.163523e-04 / 4.551686e-01
PCG: 6 : 9.184611e-05 / 3.593007e-01
PCG: 7 : 8.556004e-05 / 3.347097e-01
PCG: 8 : 1.165715e-04 / 4.560262e-01
PCG: 9 : 1.322585e-04 / 5.173935e-01
PCG: 0 : 1.322585e-04
PCG: 1 : 1.118076e-04 / 8.453720e-01
PCG: 2 : 7.674389e-05 / 5.802569e-01
PCG: 3 : 8.053350e-05 / 6.089100e-01
PCG: 4 : 9.742488e-05 / 7.366249e-01
PCG: 5 : 1.118101e-04 / 8.453906e-01
PCG: 6 : 9.229155e-05 / 6.978120e-01
PCG: 7 : 9.076531e-05 / 6.862721e-01
PCG: 8 : 1.357491e-04 / 1.026393e+00
PCG: 9 : 1.504835e-04 / 1.137798e+00
PCG: 0 : 1.504834e-04
PCG: 1 : 1.234709e-04 / 8.204952e-01
PCG: 2 : 7.440089e-05 / 4.944126e-01
PCG: 3 : 7.190578e-05 / 4.778319e-01
PCG: 4 : 8.176935e-05 / 5.433778e-01
PCG: 5 : 6.835175e-05 / 4.542145e-01
PCG: 6 : 5.404474e-05 / 3.591408e-01
PCG: 7 : 5.014951e-05 / 3.332561e-01
PCG: 8 : 6.843128e-05 / 4.547430e-01
PCG: 9 : 7.785501e-05 / 5.173661e-01
PCG: 0 : 7.785501e-05
PCG: 1 : 6.565952e-05 / 8.433564e-01
PCG: 2 : 4.506849e-05 / 5.788772e-01
PCG: 3 : 4.741671e-05 / 6.090387e-01
PCG: 4 : 5.723769e-05 / 7.351831e-01
PCG: 5 : 6.566741e-05 / 8.434577e-01
PCG: 6 : 5.429706e-05 / 6.974126e-01
PCG: 7 : 5.322270e-05 / 6.836131e-01
PCG: 8 : 7.971312e-05 / 1.023866e+00
PCG: 9 : 8.859368e-05 / 1.137932e+00
PCG: 0 : 8.859362e-05
PCG: 1 : 7.252907e-05 / 8.186715e-01
PCG: 2 : 4.370808e-05 / 4.933547e-01
PCG: 3 : 4.233725e-05 / 4.778815e-01
PCG: 4 : 4.804746e-05 / 5.423355e-01
PCG: 5 : 4.016239e-05 / 4.533328e-01
PCG: 6 : 3.180174e-05 / 3.589620e-01
PCG: 7 : 2.941334e-05 / 3.320029e-01
PCG: 8 : 4.018156e-05 / 4.535491e-01
PCG: 9 : 4.583199e-05 / 5.173283e-01
PCG: 0 : 4.583200e-05
PCG: 1 : 3.856550e-05 / 8.414536e-01
PCG: 2 : 2.647491e-05 / 5.776512e-01
PCG: 3 : 2.791584e-05 / 6.090906e-01
PCG: 4 : 3.363261e-05 / 7.338238e-01
PCG: 5 : 3.857494e-05 / 8.416597e-01
PCG: 6 : 3.194487e-05 / 6.969993e-01
PCG: 7 : 3.122479e-05 / 6.812881e-01
PCG: 8 : 4.681522e-05 / 1.021453e+00
PCG: 9 : 5.216075e-05 / 1.138086e+00
PCG: 0 : 5.216072e-05
PCG: 1 : 4.261006e-05 / 8.168994e-01
PCG: 2 : 2.568143e-05 / 4.923520e-01
PCG: 3 : 2.492491e-05 / 4.778483e-01
PCG: 4 : 2.823778e-05 / 5.413610e-01
PCG: 5 : 2.360240e-05 / 4.524937e-01
PCG: 6 : 1.871373e-05 / 3.587705e-01
PCG: 7 : 1.726019e-05 / 3.309040e-01
PCG: 8 : 2.359864e-05 / 4.524217e-01
PCG: 9 : 2.698206e-05 / 5.172868e-01
PCG: 0 : 2.698206e-05
PCG: 1 : 2.265613e-05 / 8.396739e-01
PCG: 2 : 1.555870e-05 / 5.766312e-01
PCG: 3 : 1.643425e-05 / 6.090805e-01
PCG: 4 : 1.976599e-05 / 7.325606e-01
PCG: 5 : 2.266612e-05 / 8.400442e-01
PCG: 6 : 1.879643e-05 / 6.966271e-01
PCG: 7 : 1.832765e-05 / 6.792532e-01
PCG: 8 : 2.750076e-05 / 1.019224e+00
PCG: 9 : 3.071409e-05 / 1.138315e+00
PCG: 0 : 3.071409e-05
PCG: 1 : 2.503588e-05 / 8.151266e-01
PCG: 2 : 1.509523e-05 / 4.914755e-01
PCG: 3 : 1.467423e-05 / 4.777688e-01
PCG: 4 : 1.659835e-05 / 5.404149e-01
PCG: 5 : 1.387305e-05 / 4.516836e-01
PCG: 6 : 1.101233e-05 / 3.585431e-01
PCG: 7 : 1.013294e-05 / 3.299116e-01
PCG: 8 : 1.386187e-05 / 4.513195e-01
PCG: 9 : 1.588597e-05 / 5.172209e-01
PCG: 0 : 1.588598e-05
PCG: 1 : 1.331103e-05 / 8.379108e-01
PCG: 2 : 9.144890e-06 / 5.756580e-01
PCG: 3 : 9.674195e-06 / 6.089770e-01
PCG: 4 : 1.161826e-05 / 7.313535e-01
PCG: 5 : 1.332043e-05 / 8.385026e-01
PCG: 6 : 1.106015e-05 / 6.962208e-01
PCG: 7 : 1.076193e-05 / 6.774483e-01
PCG: 8 : 1.615571e-05 / 1.016979e+00
PCG: 9 : 1.808433e-05 / 1.138383e+00
PCG: 0 : 1.808434e-05
PCG: 1 : 1.471224e-05 / 8.135349e-01
PCG: 2 : 8.874191e-06 / 4.907113e-01
PCG: 3 : 8.638516e-06 / 4.776793e-01
PCG: 4 : 9.758034e-06 / 5.395847e-01
PCG: 5 : 8.155374e-06 / 4.509633e-01
PCG: 6 : 6.480649e-06 / 3.583569e-01
PCG: 7 : 5.950668e-06 / 3.290508e-01
PCG: 8 : 8.144110e-06 / 4.503404e-01
PCG: 9 : 9.354427e-06 / 5.172666e-01
PCG: 0 : 9.354431e-06
PCG: 1 : 7.821653e-06 / 8.361441e-01
PCG: 2 : 5.376260e-06 / 5.747287e-01
PCG: 3 : 5.694581e-06 / 6.087576e-01
PCG: 4 : 6.829791e-06 / 7.301129e-01
PCG: 5 : 7.828784e-06 / 8.369064e-01
PCG: 6 : 6.507560e-06 / 6.956660e-01
PCG: 7 : 6.320884e-06 / 6.757102e-01
PCG: 8 : 9.492351e-06 / 1.014744e+00
PCG: 9 : 1.064860e-05 / 1.138349e+00
PCG: 0 : 1.064860e-05
PCG: 1 : 8.645771e-06 / 8.119164e-01
PCG: 2 : 5.218090e-06 / 4.900260e-01
PCG: 3 : 5.085124e-06 / 4.775392e-01
PCG: 4 : 5.737153e-06 / 5.387707e-01
PCG: 5 : 4.794696e-06 / 4.502654e-01
PCG: 6 : 3.813665e-06 / 3.581377e-01
PCG: 7 : 3.495579e-06 / 3.282666e-01
PCG: 8 : 4.785377e-06 / 4.493903e-01
PCG: 9 : 5.508509e-06 / 5.172990e-01
PCG: 0 : 5.508508e-06
PCG: 1 : 4.596799e-06 / 8.344908e-01
PCG: 2 : 3.161283e-06 / 5.738910e-01
PCG: 3 : 3.352101e-06 / 6.085317e-01
PCG: 4 : 4.015689e-06 / 7.289976e-01
PCG: 5 : 4.602248e-06 / 8.354800e-01
PCG: 6 : 3.829631e-06 / 6.952211e-01
PCG: 7 : 3.714130e-06 / 6.742533e-01
PCG: 8 : 5.578344e-06 / 1.012678e+00
PCG: 9 : 6.270605e-06 / 1.138349e+00
PCG: 0 : 6.270603e-06
PCG: 1 : 5.081625e-06 / 8.103886e-01
PCG: 2 : 3.068623e-06 / 4.893666e-01
PCG: 3 : 2.993427e-06 / 4.773748e-01
PCG: 4 : 3.373577e-06 / 5.379989e-01
PCG: 5 : 2.819241e-06 / 4.495965e-01
PCG: 6 : 2.244433e-06 / 3.579294e-01
PCG: 7 : 2.054182e-06 / 3.275893e-01
PCG: 8 : 2.812468e-06 / 4.485163e-01
PCG: 9 : 3.243812e-06 / 5.173047e-01
PCG: 0 : 3.243812e-06
PCG: 1 : 2.701933e-06 / 8.329502e-01
PCG: 2 : 1.859271e-06 / 5.731749e-01
PCG: 3 : 1.973053e-06 / 6.082515e-01
PCG: 4 : 2.361090e-06 / 7.278752e-01
PCG: 5 : 2.705641e-06 / 8.340932e-01
PCG: 6 : 2.253521e-06 / 6.947139e-01
PCG: 7 : 2.182641e-06 / 6.728629e-01
PCG: 8 : 3.278341e-06 / 1.010645e+00
PCG: 9 : 3.692668e-06 / 1.138373e+00
PCG: 0 : 3.692667e-06
PCG: 1 : 2.986895e-06 / 8.088719e-01
PCG: 2 : 1.804937e-06 / 4.887894e-01
PCG: 3 : 1.762067e-06 / 4.771801e-01
PCG: 4 : 1.983949e-06 / 5.372671e-01
PCG: 5 : 1.657883e-06 / 4.489662e-01
PCG: 6 : 1.320958e-06 / 3.577246e-01
PCG: 7 : 1.207439e-06 / 3.269828e-01
PCG: 8 : 1.653154e-06 / 4.476856e-01
PCG: 9 : 1.910391e-06 / 5.173472e-01
PCG: 0 : 1.910391e-06
PCG: 1 : 1.588315e-06 / 8.314084e-01
PCG: 2 : 1.093638e-06 / 5.724680e-01
PCG: 3 : 1.161386e-06 / 6.079311e-01
PCG: 4 : 1.388500e-06 / 7.268144e-01
PCG: 5 : 1.590884e-06 / 8.327529e-01
PCG: 6 : 1.326154e-06 / 6.941795e-01
PCG: 7 : 1.283072e-06 / 6.716281e-01
PCG: 8 : 1.927007e-06 / 1.008698e+00
PCG: 9 : 2.174559e-06 / 1.138279e+00
PCG: 0 : 2.174560e-06
PCG: 1 : 1.755942e-06 / 8.074931e-01
PCG: 2 : 1.061739e-06 / 4.882547e-01
PCG: 3 : 1.037175e-06 / 4.769589e-01
PCG: 4 : 1.166819e-06 / 5.365771e-01
PCG: 5 : 9.749905e-07 / 4.483623e-01
PCG: 6 : 7.774319e-07 / 3.575124e-01
PCG: 7 : 7.098320e-07 / 3.264256e-01
PCG: 8 : 9.718131e-07 / 4.469011e-01
PCG: 9 : 1.125141e-06 / 5.174109e-01
PCG: 0 : 1.125141e-06
PCG: 1 : 9.337563e-07 / 8.299018e-01
PCG: 2 : 6.433451e-07 / 5.717908e-01
PCG: 3 : 6.836127e-07 / 6.075797e-01
PCG: 4 : 8.166065e-07 / 7.257816e-01
PCG: 5 : 9.355289e-07 / 8.314772e-01
PCG: 6 : 7.804649e-07 / 6.936597e-01
PCG: 7 : 7.543949e-07 / 6.704894e-01
PCG: 8 : 1.132853e-06 / 1.006855e+00
PCG: 9 : 1.280608e-06 / 1.138175e+00
PCG: 0 : 1.280608e-06
PCG: 1 : 1.032397e-06 / 8.061771e-01
PCG: 2 : 6.247078e-07 / 4.878214e-01
PCG: 3 : 6.105295e-07 / 4.767499e-01
PCG: 4 : 6.863365e-07 / 5.359460e-01
PCG: 5 : 5.734593e-07 / 4.478025e-01
PCG: 6 : 4.575830e-07 / 3.573171e-01
PCG: 7 : 4.173922e-07 / 3.259330e-01
PCG: 8 : 5.713524e-07 / 4.461573e-01
PCG: 9 : 6.627322e-07 / 5.175139e-01
PCG: 0 : 6.627321e-07
PCG: 1 : 5.489911e-07 / 8.283756e-01
PCG: 2 : 3.785073e-07 / 5.711316e-01
PCG: 3 : 4.023895e-07 / 6.071677e-01
PCG: 4 : 4.803176e-07 / 7.247539e-01
PCG: 5 : 5.501662e-07 / 8.301488e-01
PCG: 6 : 4.593085e-07 / 6.930531e-01
PCG: 7 : 4.436270e-07 / 6.693912e-01
PCG: 8 : 6.660334e-07 / 1.004981e+00
PCG: 9 : 7.541714e-07 / 1.137973e+00
PCG: 0 : 7.541713e-07
PCG: 1 : 6.069953e-07 / 8.048508e-01
PCG: 2 : 3.675352e-07 / 4.873365e-01
PCG: 3 : 3.593593e-07 / 4.764957e-01
PCG: 4 : 4.037100e-07 / 5.353028e-01
PCG: 5 : 3.373159e-07 / 4.472670e-01
PCG: 6 : 2.693333e-07 / 3.571248e-01
PCG: 7 : 2.454828e-07 / 3.255000e-01
PCG: 8 : 3.359752e-07 / 4.454893e-01
PCG: 9 : 3.903520e-07 / 5.175906e-01
PCG: 0 : 3.903522e-07
PCG: 1 : 3.228218e-07 / 8.270015e-01
PCG: 2 : 2.227206e-07 / 5.705632e-01
PCG: 3 : 2.368541e-07 / 6.067703e-01
PCG: 4 : 2.825252e-07 / 7.237701e-01
PCG: 5 : 3.235686e-07 / 8.289146e-01
PCG: 6 : 2.703086e-07 / 6.924737e-01
PCG: 7 : 2.609009e-07 / 6.683732e-01
PCG: 8 : 3.915851e-07 / 1.003158e+00
PCG: 9 : 4.441519e-07 / 1.137823e+00
PCG: 0 : 4.441520e-07
PCG: 1 : 3.569114e-07 / 8.035794e-01
PCG: 2 : 2.162619e-07 / 4.869097e-01
PCG: 3 : 2.115285e-07 / 4.762525e-01
PCG: 4 : 2.374996e-07 / 5.347258e-01
PCG: 5 : 1.984274e-07 / 4.467555e-01
PCG: 6 : 1.585377e-07 / 3.569446e-01
PCG: 7 : 1.443989e-07 / 3.251113e-01
PCG: 8 : 1.975862e-07 / 4.448617e-01
PCG: 9 : 2.299507e-07 / 5.177296e-01
PCG: 0 : 2.299508e-07
PCG: 1 : 1.898558e-07 / 8.256367e-01
PCG: 2 : 1.310720e-07 / 5.700005e-01
PCG: 3 : 1.394249e-07 / 6.063249e-01
PCG: 4 : 1.662099e-07 / 7.228065e-01
PCG: 5 : 1.903277e-07 / 8.276889e-01
PCG: 6 : 1.590987e-07 / 6.918818e-01
PCG: 7 : 1.534718e-07 / 6.674114e-01
PCG: 8 : 2.302823e-07 / 1.001442e+00
PCG: 9 : 2.615896e-07 / 1.137590e+00
PCG: 0 : 2.615896e-07
PCG: 1 : 2.098863e-07 / 8.023496e-01
PCG: 2 : 1.272630e-07 / 4.864988e-01
PCG: 3 : 1.245148e-07 / 4.759928e-01
PCG: 4 : 1.397275e-07 / 5.341479e-01
PCG: 5 : 1.167333e-07 / 4.462458e-01
PCG: 6 : 9.332071e-08 / 3.567447e-01
PCG: 7 : 8.495224e-08 / 3.247539e-01
PCG: 8 : 1.162134e-07 / 4.442585e-01
PCG: 9 : 1.354560e-07 / 5.178189e-01
PCG: 0 : 1.354560e-07
PCG: 1 : 1.116651e-07 / 8.243639e-01
PCG: 2 : 7.714229e-08 / 5.695006e-01
PCG: 3 : 8.207215e-08 / 6.058951e-01
PCG: 4 : 9.778444e-08 / 7.218906e-01
PCG: 5 : 1.119631e-07 / 8.265642e-01
PCG: 6 : 9.364407e-08 / 6.913245e-01
PCG: 7 : 9.028456e-08 / 6.665230e-01
PCG: 8 : 1.354204e-07 / 9.997370e-01
PCG: 9 : 1.540632e-07 / 1.137367e+00
PCG: 0 : 1.540632e-07
PCG: 1 : 1.234391e-07 / 8.012235e-01
PCG: 2 : 7.489996e-08 / 4.861638e-01
PCG: 3 : 7.329592e-08 / 4.757522e-01
PCG: 4 : 8.221235e-08 / 5.336273e-01
PCG: 5 : 6.867756e-08 / 4.457752e-01
PCG: 6 : 5.493458e-08 / 3.565717e-01
PCG: 7 : 4.998175e-08 / 3.244236e-01
PCG: 8 : 6.835528e-08 / 4.436833e-01
PCG: 9 : 7.980121e-08 / 5.179770e-01
PCG: 0 : 7.980120e-08
PCG: 1 : 6.567843e-08 / 8.230256e-01
PCG: 2 : 4.540422e-08 / 5.689667e-01
PCG: 3 : 4.831285e-08 / 6.054151e-01
PCG: 4 : 5.753516e-08 / 7.209812e-01
PCG: 5 : 6.586954e-08 / 8.254205e-01
PCG: 6 : 5.512269e-08 / 6.907501e-01
PCG: 7 : 5.312175e-08 / 6.656761e-01
PCG: 8 : 7.965323e-08 / 9.981458e-01
PCG: 9 : 9.074589e-08 / 1.137150e+00
PCG: 0 : 9.074590e-08
PCG: 1 : 7.260162e-08 / 8.000540e-01
PCG: 2 : 4.408335e-08 / 4.857889e-01
PCG: 3 : 4.314814e-08 / 4.754831e-01
PCG: 4 : 4.837552e-08 / 5.330876e-01
PCG: 5 : 4.041026e-08 / 4.453123e-01
PCG: 6 : 3.233941e-08 / 3.563733e-01
PCG: 7 : 2.941307e-08 / 3.241256e-01
PCG: 8 : 4.021279e-08 / 4.431361e-01
PCG: 9 : 4.701367e-08 / 5.180804e-01
PCG: 0 : 4.701367e-08
PCG: 1 : 3.863565e-08 / 8.217962e-01
PCG: 2 : 2.672665e-08 / 5.684869e-01
PCG: 3 : 2.844103e-08 / 6.049525e-01
PCG: 4 : 3.385452e-08 / 7.200995e-01
PCG: 5 : 3.875258e-08 / 8.242832e-01
PCG: 6 : 3.244620e-08 / 6.901439e-01
PCG: 7 : 3.125712e-08 / 6.648518e-01
PCG: 8 : 4.685035e-08 / 9.965262e-01
PCG: 9 : 5.344919e-08 / 1.136886e+00
PCG: 0 : 5.344918e-08
PCG: 1 : 4.270387e-08 / 7.989622e-01
PCG: 2 : 2.594649e-08 / 4.854422e-01
PCG: 3 : 2.539965e-08 / 4.752113e-01
PCG: 4 : 2.846723e-08 / 5.326037e-01
PCG: 5 : 2.377847e-08 / 4.448800e-01
PCG: 6 : 1.903887e-08 / 3.562051e-01
PCG: 7 : 1.731029e-08 / 3.238645e-01
PCG: 8 : 2.365861e-08 / 4.426376e-01
PCG: 9 : 2.769959e-08 / 5.182416e-01
PCG: 0 : 2.769958e-08
PCG: 1 : 2.272948e-08 / 8.205712e-01
PCG: 2 : 1.573402e-08 / 5.680239e-01
PCG: 3 : 1.674348e-08 / 6.044669e-01
PCG: 4 : 1.992243e-08 / 7.192323e-01
PCG: 5 : 2.280130e-08 / 8.231640e-01
PCG: 6 : 1.909999e-08 / 6.895406e-01
PCG: 7 : 1.839413e-08 / 6.640579e-01
PCG: 8 : 2.756034e-08 / 9.949730e-01
PCG: 9 : 3.148504e-08 / 1.136661e+00
PCG: 0 : 3.148504e-08
PCG: 1 : 2.512121e-08 / 7.978776e-01
PCG: 2 : 1.527459e-08 / 4.851378e-01
PCG: 3 : 1.495351e-08 / 4.749399e-01
PCG: 4 : 1.675305e-08 / 5.320954e-01
PCG: 5 : 1.399321e-08 / 4.444398e-01
PCG: 6 : 1.120920e-08 / 3.560165e-01
PCG: 7 : 1.018797e-08 / 3.235813e-01
PCG: 8 : 1.391985e-08 / 4.421099e-01
PCG: 9 : 1.631984e-08 / 5.183361e-01
PCG: 0 : 1.631983e-08
PCG: 1 : 1.337213e-08 / 8.193791e-01
PCG: 2 : 9.262332e-09 / 5.675509e-01
PCG: 3 : 9.857182e-09 / 6.040004e-01
PCG: 4 : 1.172406e-08 / 7.183938e-01
PCG: 5 : 1.341730e-08 / 8.221471e-01
PCG: 6 : 1.124409e-08 / 6.889833e-01
PCG: 7 : 1.082617e-08 / 6.633753e-01
PCG: 8 : 1.621385e-08 / 9.935062e-01
PCG: 9 : 1.854551e-08 / 1.136379e+00

PCG ( VCycle ( S: Scale / C: Scale )  )

Complete solver TOE: 206.79
0.0121655 GFlop/s [0.0121655 GFlops/s]

Total time: 206.79s
Accumulated op time: 201.765

Reductions: 1.63394%
Blas-1: 5.14124%
Blas-2: 90.7946%
Precon Kernels: 0%
MPI Execution: 0%
MPI Wait: 0%
Not covered: 2.43027%

Domain size: 106.835 MByte
LA size: 355.578 MByte
MPI size: 10.6866 MByte

H0-Error: 4.439061e-07
H1-Error: 2.017209e-03

Writing DATA to output.data...
Run-Time: 3:36.612 [3:36.612]
0xb32e89f8 Error: MemoryPool<CPU> still contains memory chunks on deconstructor call
