NUM-PROCS: 1
Preparing domain...
LVL-MIN: 3 [3]
LVL-MAX: 7 [7]
Creating gates...
Assembling system matrices...
Assembling system filters...
Assembling transfer matrices...
Converting assembled linear system from SparseMatrixCSR, Mem:main to SparseMatrixELL, Mem:cudaand to SparseMatrixELL, Mem:cuda...
PCG: 0 : 7.572471e-02
PCG: 1 : 7.534431e-02 / 9.949765e-01
PCG: 0 : 7.634474e-02
PCG: 1 : 6.355056e-02 / 8.324157e-01
PCG: 0 : 6.355055e-02
PCG: 1 : 7.477356e-02 / 1.176600e+00
PCG: 0 : 7.477356e-02
PCG: 1 : 9.371170e-02 / 1.253273e+00
PCG: 0 : 9.371170e-02
PCG: 1 : 7.013942e-02 / 7.484596e-01
PCG: 0 : 7.013942e-02
PCG: 1 : 7.119117e-02 / 1.014995e+00
PCG: 0 : 7.119116e-02
PCG: 1 : 4.972090e-02 / 6.984139e-01
PCG: 0 : 4.972089e-02
PCG: 1 : 4.916683e-02 / 9.888565e-01
PCG: 0 : 4.916682e-02
PCG: 1 : 3.381917e-02 / 6.878453e-01
PCG: 0 : 3.381917e-02
PCG: 1 : 3.322421e-02 / 9.824076e-01
PCG: 0 : 3.322421e-02
PCG: 1 : 2.276341e-02 / 6.851453e-01
PCG: 0 : 2.276341e-02
PCG: 1 : 2.232728e-02 / 9.808408e-01
PCG: 0 : 2.232728e-02
PCG: 1 : 1.528823e-02 / 6.847335e-01
PCG: 0 : 1.528823e-02
PCG: 1 : 1.499354e-02 / 9.807239e-01
PCG: 0 : 1.499354e-02
PCG: 1 : 1.027065e-02 / 6.850051e-01
PCG: 0 : 1.027065e-02
PCG: 1 : 1.007575e-02 / 9.810236e-01
PCG: 0 : 1.007575e-02
PCG: 1 : 6.906261e-03 / 6.854341e-01
PCG: 0 : 6.906261e-03
PCG: 1 : 6.777807e-03 / 9.814004e-01
PCG: 0 : 6.777807e-03
PCG: 1 : 4.648540e-03 / 6.858473e-01
PCG: 0 : 4.648540e-03
PCG: 1 : 4.563677e-03 / 9.817442e-01
PCG: 0 : 4.563677e-03
PCG: 1 : 3.131602e-03 / 6.862016e-01
PCG: 0 : 3.131602e-03
PCG: 1 : 3.075320e-03 / 9.820277e-01
PCG: 0 : 3.075320e-03
PCG: 1 : 2.111159e-03 / 6.864844e-01
PCG: 0 : 2.111159e-03
PCG: 1 : 2.073692e-03 / 9.822530e-01
PCG: 0 : 2.073692e-03
PCG: 1 : 1.424026e-03 / 6.867103e-01
PCG: 0 : 1.424026e-03
PCG: 1 : 1.398998e-03 / 9.824247e-01
PCG: 0 : 1.398998e-03
PCG: 1 : 9.609516e-04 / 6.868855e-01
PCG: 0 : 9.609515e-04
PCG: 1 : 9.441909e-04 / 9.825583e-01
PCG: 0 : 9.441909e-04
PCG: 1 : 6.486809e-04 / 6.870230e-01
PCG: 0 : 6.486809e-04
PCG: 1 : 6.374307e-04 / 9.826568e-01
PCG: 0 : 6.374307e-04
PCG: 1 : 4.379986e-04 / 6.871313e-01
PCG: 0 : 4.379986e-04
PCG: 1 : 4.304347e-04 / 9.827309e-01
PCG: 0 : 4.304347e-04
PCG: 1 : 2.958022e-04 / 6.872173e-01
PCG: 0 : 2.958021e-04
PCG: 1 : 2.907100e-04 / 9.827855e-01
PCG: 0 : 2.907100e-04
PCG: 1 : 1.998009e-04 / 6.872858e-01
PCG: 0 : 1.998009e-04
PCG: 1 : 1.963695e-04 / 9.828261e-01
PCG: 0 : 1.963695e-04
PCG: 1 : 1.349726e-04 / 6.873399e-01
PCG: 0 : 1.349726e-04
PCG: 1 : 1.326587e-04 / 9.828565e-01
PCG: 0 : 1.326587e-04
PCG: 1 : 9.118765e-05 / 6.873854e-01
PCG: 0 : 9.118764e-05
PCG: 1 : 8.962638e-05 / 9.828786e-01
PCG: 0 : 8.962637e-05
PCG: 1 : 6.161116e-05 / 6.874222e-01
PCG: 0 : 6.161115e-05
PCG: 1 : 6.055725e-05 / 9.828944e-01
PCG: 0 : 6.055725e-05
PCG: 1 : 4.163032e-05 / 6.874540e-01
PCG: 0 : 4.163032e-05
PCG: 1 : 4.091866e-05 / 9.829052e-01
PCG: 0 : 4.091866e-05
PCG: 1 : 2.813077e-05 / 6.874802e-01
PCG: 0 : 2.813077e-05
PCG: 1 : 2.765014e-05 / 9.829147e-01
PCG: 0 : 2.765014e-05
PCG: 1 : 1.900955e-05 / 6.875026e-01
PCG: 0 : 1.900954e-05
PCG: 1 : 1.868486e-05 / 9.829199e-01
PCG: 0 : 1.868486e-05
PCG: 1 : 1.284631e-05 / 6.875250e-01
PCG: 0 : 1.284631e-05
PCG: 1 : 1.262691e-05 / 9.829214e-01
PCG: 0 : 1.262691e-05
PCG: 1 : 8.681548e-06 / 6.875434e-01
PCG: 0 : 8.681548e-06
PCG: 1 : 8.533301e-06 / 9.829239e-01
PCG: 0 : 8.533301e-06
PCG: 1 : 5.867164e-06 / 6.875609e-01
PCG: 0 : 5.867164e-06
PCG: 1 : 5.766984e-06 / 9.829252e-01
PCG: 0 : 5.766983e-06
PCG: 1 : 3.965238e-06 / 6.875758e-01
PCG: 0 : 3.965238e-06
PCG: 1 : 3.897538e-06 / 9.829266e-01
PCG: 0 : 3.897538e-06
PCG: 1 : 2.679911e-06 / 6.875907e-01
PCG: 0 : 2.679910e-06
PCG: 1 : 2.634153e-06 / 9.829258e-01
PCG: 0 : 2.634153e-06
PCG: 1 : 1.811253e-06 / 6.876038e-01
PCG: 0 : 1.811253e-06
PCG: 1 : 1.780331e-06 / 9.829275e-01
PCG: 0 : 1.780331e-06
PCG: 1 : 1.224183e-06 / 6.876155e-01
PCG: 0 : 1.224183e-06
PCG: 1 : 1.203283e-06 / 9.829272e-01
PCG: 0 : 1.203283e-06
PCG: 1 : 8.274118e-07 / 6.876289e-01
PCG: 0 : 8.274118e-07
PCG: 1 : 8.132845e-07 / 9.829259e-01
PCG: 0 : 8.132845e-07
PCG: 1 : 5.592472e-07 / 6.876403e-01
PCG: 0 : 5.592472e-07
PCG: 1 : 5.496980e-07 / 9.829249e-01
PCG: 0 : 5.496980e-07
PCG: 1 : 3.780013e-07 / 6.876527e-01
PCG: 0 : 3.780013e-07
PCG: 1 : 3.715469e-07 / 9.829252e-01
PCG: 0 : 3.715469e-07
PCG: 1 : 2.554987e-07 / 6.876622e-01
PCG: 0 : 2.554987e-07
PCG: 1 : 2.511359e-07 / 9.829242e-01
PCG: 0 : 2.511359e-07
PCG: 1 : 1.727000e-07 / 6.876754e-01
PCG: 0 : 1.726999e-07
PCG: 1 : 1.697505e-07 / 9.829215e-01
PCG: 0 : 1.697505e-07
PCG: 1 : 1.167349e-07 / 6.876853e-01
PCG: 0 : 1.167349e-07
PCG: 1 : 1.147413e-07 / 9.829223e-01
PCG: 0 : 1.147413e-07
PCG: 1 : 7.890716e-08 / 6.876962e-01
PCG: 0 : 7.890716e-08
PCG: 1 : 7.755948e-08 / 9.829207e-01
PCG: 0 : 7.755948e-08
PCG: 1 : 5.333810e-08 / 6.877058e-01
PCG: 0 : 5.333809e-08
PCG: 1 : 5.242721e-08 / 9.829224e-01
PCG: 0 : 5.242720e-08
PCG: 1 : 3.605496e-08 / 6.877148e-01
PCG: 0 : 3.605496e-08
PCG: 1 : 3.543920e-08 / 9.829217e-01
PCG: 0 : 3.543920e-08
PCG: 1 : 2.437244e-08 / 6.877255e-01
PCG: 0 : 2.437244e-08
PCG: 1 : 2.395619e-08 / 9.829212e-01
PCG: 0 : 2.395619e-08
PCG: 1 : 1.647551e-08 / 6.877350e-01
PCG: 0 : 1.647551e-08
PCG: 1 : 1.619411e-08 / 9.829203e-01
PCG: 0 : 1.619411e-08
PCG: 1 : 1.113743e-08 / 6.877454e-01
PCG: 0 : 1.113743e-08
PCG: 1 : 1.094719e-08 / 9.829193e-01
PCG: 0 : 1.094719e-08
PCG: 1 : 7.528989e-09 / 6.877554e-01
PCG: 0 : 7.528989e-09
PCG: 1 : 7.400406e-09 / 9.829216e-01
PCG: 0 : 7.400406e-09
PCG: 1 : 5.089722e-09 / 6.877625e-01
PCG: 0 : 5.089721e-09
PCG: 1 : 5.002803e-09 / 9.829229e-01
PCG: 0 : 5.002803e-09
PCG: 1 : 3.440782e-09 / 6.877708e-01
PCG: 0 : 3.440781e-09
PCG: 1 : 3.382019e-09 / 9.829218e-01
PCG: 0 : 3.382019e-09
PCG: 1 : 2.326090e-09 / 6.877816e-01
PCG: 0 : 2.326090e-09
PCG: 1 : 2.286374e-09 / 9.829257e-01
PCG: 0 : 2.286374e-09
PCG: 1 : 1.572544e-09 / 6.877895e-01
PCG: 0 : 1.572544e-09
PCG: 1 : 1.545690e-09 / 9.829229e-01
PCG: 0 : 1.545689e-09
PCG: 1 : 1.063125e-09 / 6.878003e-01
PCG: 0 : 1.063125e-09
PCG: 1 : 1.044970e-09 / 9.829230e-01
PCG: 0 : 1.044970e-09
PCG: 1 : 7.187438e-10 / 6.878130e-01
PCG: 0 : 7.187437e-10
PCG: 1 : 7.064623e-10 / 9.829128e-01

PCG ( VCycle ( S: Scale / C: Scale )  )

Complete solver TOE: 0.977878
0.319594 GFlop/s [0.319594 GFlops/s]

Total time: 0.977878s
Accumulated op time: 0.261603

Reductions: 12.6946%
Blas-1: 7.03309%
Blas-2: 7.02439%
Precon Kernels: 0%
MPI Execution: 0%
MPI Wait: 0%
Not covered: 73.2479%

Domain size: 1.6994 MByte
LA size: 5.63599 MByte
MPI size: 0.170364 MByte

H0-Error: 2.746104e-05
H1-Error: 1.613732e-02

Writing DATA to output.data...
Run-Time: 0:01.191 [0:01.191]
0xb332f9f8 Error: MemoryPool<CUDA> still contains memory chunks on deconstructor call
