NUM-PROCS: 1
Preparing domain...
LVL-MIN: 3 [3]
LVL-MAX: 6 [6]
Creating gates...
Assembling system matrices...
Assembling system filters...
Assembling transfer matrices...
Converting assembled linear system from SparseMatrixCSR, Mem:main to SparseMatrixELL, Mem:cudaand to SparseMatrixELL, Mem:cuda...
PCG: 0 : 1.512630e-01
PCG: 1 : 1.459589e-01 / 9.649348e-01
PCG: 2 : 1.248541e-01 / 8.254109e-01
PCG: 0 : 1.251144e-01
PCG: 1 : 6.581847e-02 / 5.260662e-01
PCG: 2 : 1.904756e-02 / 1.522411e-01
PCG: 0 : 1.904756e-02
PCG: 1 : 1.009372e-02 / 5.299219e-01
PCG: 2 : 4.994625e-03 / 2.622186e-01
PCG: 0 : 4.994625e-03
PCG: 1 : 4.661000e-03 / 9.332031e-01
PCG: 2 : 3.830572e-03 / 7.669387e-01
PCG: 0 : 3.830571e-03
PCG: 1 : 1.717762e-03 / 4.484350e-01
PCG: 2 : 1.117998e-03 / 2.918620e-01
PCG: 0 : 1.117998e-03
PCG: 1 : 9.303910e-04 / 8.321936e-01
PCG: 2 : 8.072574e-04 / 7.220560e-01
PCG: 0 : 8.072574e-04
PCG: 1 : 3.490417e-04 / 4.323797e-01
PCG: 2 : 2.496752e-04 / 3.092883e-01
PCG: 0 : 2.496752e-04
PCG: 1 : 2.026748e-04 / 8.117538e-01
PCG: 2 : 1.744851e-04 / 6.988483e-01
PCG: 0 : 1.744851e-04
PCG: 1 : 7.657700e-05 / 4.388741e-01
PCG: 2 : 5.581797e-05 / 3.199010e-01
PCG: 0 : 5.581797e-05
PCG: 1 : 4.518132e-05 / 8.094406e-01
PCG: 2 : 3.839139e-05 / 6.877964e-01
PCG: 0 : 3.839139e-05
PCG: 1 : 1.710020e-05 / 4.454175e-01
PCG: 2 : 1.250130e-05 / 3.256276e-01
PCG: 0 : 1.250130e-05
PCG: 1 : 1.012766e-05 / 8.101286e-01
PCG: 2 : 8.530418e-06 / 6.823627e-01
PCG: 0 : 8.530417e-06
PCG: 1 : 3.835292e-06 / 4.496019e-01
PCG: 2 : 2.803149e-06 / 3.286063e-01
PCG: 0 : 2.803149e-06
PCG: 1 : 2.274330e-06 / 8.113485e-01
PCG: 2 : 1.905156e-06 / 6.796485e-01
PCG: 0 : 1.905156e-06
PCG: 1 : 8.616062e-07 / 4.522498e-01
PCG: 2 : 6.290378e-07 / 3.301766e-01
PCG: 0 : 6.290378e-07
PCG: 1 : 5.112099e-07 / 8.126854e-01
PCG: 2 : 4.266585e-07 / 6.782717e-01
PCG: 0 : 4.266585e-07
PCG: 1 : 1.937357e-07 / 4.540768e-01
PCG: 2 : 1.412423e-07 / 3.310429e-01
PCG: 0 : 1.412423e-07
PCG: 1 : 1.149772e-07 / 8.140421e-01
PCG: 2 : 9.569936e-08 / 6.775545e-01
PCG: 0 : 9.569935e-08
PCG: 1 : 4.358856e-08 / 4.554740e-01
PCG: 2 : 3.172986e-08 / 3.315577e-01
PCG: 0 : 3.172986e-08
PCG: 1 : 2.587181e-08 / 8.153774e-01
PCG: 2 : 2.148624e-08 / 6.771614e-01

PCG ( VCycle ( S: Scale / C: Scale )  )

Complete solver TOE: 0.418548
0.0650022 GFlop/s [0.0650022 GFlops/s]

Total time: 0.418548s
Accumulated op time: 0.099799

Reductions: 9.82564%
Blas-1: 7.47226%
Blas-2: 6.5462%
Precon Kernels: 0%
MPI Execution: 0%
MPI Wait: 0%
Not covered: 76.1559%

Domain size: 0.431763 MByte
LA size: 1.42664 MByte
MPI size: 0.043396 MByte

H0-Error: 1.098354e-04
H1-Error: 3.227246e-02

Writing DATA to output.data...
Run-Time: 0:00.500 [0:00.500]
0xb33079f8 Error: MemoryPool<CUDA> still contains memory chunks on deconstructor call
