NUM-PROCS: 1
Preparing domain...
LVL-MIN: 5 [5]
LVL-MAX: 7 [7]
Creating gates...
Assembling system matrices...
Assembling system filters...
Assembling transfer matrices...
Converting assembled linear system from SparseMatrixCSR, Mem:main to SparseMatrixELL, Mem:cudaand to SparseMatrixELL, Mem:cuda...
PCG: 0 : 7.572471e-02
PCG: 1 : 2.892992e-01 / 3.820407e+00
PCG: 2 : 2.174547e-01 / 2.871648e+00
PCG: 3 : 3.691247e-01 / 4.874560e+00
PCG: 4 : 3.153086e-01 / 4.163879e+00
PCG: 5 : 1.886789e-01 / 2.491642e+00
PCG: 6 : 2.114751e-01 / 2.792683e+00
PCG: 7 : 1.822090e-01 / 2.406203e+00
PCG: 0 : 1.841293e-01
PCG: 1 : 1.172484e-01 / 6.367719e-01
PCG: 2 : 5.728016e-02 / 3.110866e-01
PCG: 3 : 4.964195e-02 / 2.696037e-01
PCG: 4 : 3.922366e-02 / 2.130223e-01
PCG: 5 : 3.668485e-02 / 1.992342e-01
PCG: 6 : 3.003569e-02 / 1.631228e-01
PCG: 7 : 2.285464e-02 / 1.241227e-01
PCG: 0 : 2.285464e-02
PCG: 1 : 1.524067e-02 / 6.668527e-01
PCG: 2 : 1.394466e-02 / 6.101458e-01
PCG: 3 : 8.701909e-03 / 3.807503e-01
PCG: 4 : 8.951763e-03 / 3.916826e-01
PCG: 5 : 7.659902e-03 / 3.351575e-01
PCG: 6 : 1.158719e-02 / 5.069954e-01
PCG: 7 : 1.492574e-02 / 6.530727e-01
PCG: 0 : 1.492574e-02
PCG: 1 : 8.149513e-03 / 5.460041e-01
PCG: 2 : 5.289908e-03 / 3.544152e-01
PCG: 3 : 5.815816e-03 / 3.896502e-01
PCG: 4 : 5.523196e-03 / 3.700452e-01
PCG: 5 : 6.278939e-03 / 4.206786e-01
PCG: 6 : 5.753329e-03 / 3.854637e-01
PCG: 7 : 6.560011e-03 / 4.395101e-01
PCG: 0 : 6.560010e-03
PCG: 1 : 4.192908e-03 / 6.391618e-01
PCG: 2 : 3.688934e-03 / 5.623366e-01
PCG: 3 : 2.860611e-03 / 4.360680e-01
PCG: 4 : 2.625485e-03 / 4.002257e-01
PCG: 5 : 2.284480e-03 / 3.482433e-01
PCG: 6 : 3.229492e-03 / 4.922999e-01
PCG: 7 : 4.573750e-03 / 6.972169e-01
PCG: 0 : 4.573750e-03
PCG: 1 : 2.453196e-03 / 5.363642e-01
PCG: 2 : 1.478579e-03 / 3.232749e-01
PCG: 3 : 1.636885e-03 / 3.578868e-01
PCG: 4 : 1.574039e-03 / 3.441462e-01
PCG: 5 : 1.804102e-03 / 3.944471e-01
PCG: 6 : 1.735333e-03 / 3.794114e-01
PCG: 7 : 2.061059e-03 / 4.506277e-01
PCG: 0 : 2.061059e-03
PCG: 1 : 1.306101e-03 / 6.337040e-01
PCG: 2 : 1.089058e-03 / 5.283974e-01
PCG: 3 : 8.477878e-04 / 4.113361e-01
PCG: 4 : 7.662424e-04 / 3.717713e-01
PCG: 5 : 6.533847e-04 / 3.170142e-01
PCG: 6 : 9.582262e-04 / 4.649194e-01
PCG: 7 : 1.400433e-03 / 6.794727e-01
PCG: 0 : 1.400433e-03
PCG: 1 : 7.611094e-04 / 5.434815e-01
PCG: 2 : 4.407836e-04 / 3.147481e-01
PCG: 3 : 4.839789e-04 / 3.455923e-01
PCG: 4 : 4.686281e-04 / 3.346308e-01
PCG: 5 : 5.348109e-04 / 3.818896e-01
PCG: 6 : 5.327348e-04 / 3.804072e-01
PCG: 7 : 6.411319e-04 / 4.578097e-01
PCG: 0 : 6.411318e-04
PCG: 1 : 4.092472e-04 / 6.383199e-01
PCG: 2 : 3.327822e-04 / 5.190542e-01
PCG: 3 : 2.576142e-04 / 4.018117e-01
PCG: 4 : 2.294845e-04 / 3.579366e-01
PCG: 5 : 1.938658e-04 / 3.023805e-01
PCG: 6 : 2.905535e-04 / 4.531884e-01
PCG: 7 : 4.256827e-04 / 6.639550e-01
PCG: 0 : 4.256827e-04
PCG: 1 : 2.361811e-04 / 5.548291e-01
PCG: 2 : 1.348213e-04 / 3.167177e-01
PCG: 3 : 1.480565e-04 / 3.478096e-01
PCG: 4 : 1.439893e-04 / 3.382550e-01
PCG: 5 : 1.631835e-04 / 3.833453e-01
PCG: 6 : 1.647413e-04 / 3.870049e-01
PCG: 7 : 1.973907e-04 / 4.637038e-01
PCG: 0 : 1.973907e-04
PCG: 1 : 1.277112e-04 / 6.469969e-01
PCG: 2 : 1.034023e-04 / 5.238461e-01
PCG: 3 : 8.100617e-05 / 4.103850e-01
PCG: 4 : 7.154982e-05 / 3.624782e-01
PCG: 5 : 5.942651e-05 / 3.010603e-01
PCG: 6 : 8.926669e-05 / 4.522336e-01
PCG: 7 : 1.289953e-04 / 6.535026e-01
PCG: 0 : 1.289953e-04
PCG: 1 : 7.315485e-05 / 5.671124e-01
PCG: 2 : 4.203178e-05 / 3.258396e-01
PCG: 3 : 4.696754e-05 / 3.641027e-01
PCG: 4 : 4.585627e-05 / 3.554879e-01
PCG: 5 : 5.089508e-05 / 3.945498e-01
PCG: 6 : 5.100983e-05 / 3.954394e-01
PCG: 7 : 6.046383e-05 / 4.687289e-01
PCG: 0 : 6.046384e-05
PCG: 1 : 3.978759e-05 / 6.580394e-01
PCG: 2 : 3.276680e-05 / 5.419239e-01
PCG: 3 : 2.646784e-05 / 4.377466e-01
PCG: 4 : 2.326077e-05 / 3.847054e-01
PCG: 5 : 1.872119e-05 / 3.096262e-01
PCG: 6 : 2.764459e-05 / 4.572087e-01
PCG: 7 : 3.919320e-05 / 6.482089e-01
PCG: 0 : 3.919320e-05
PCG: 1 : 2.275087e-05 / 5.804800e-01
PCG: 2 : 1.342929e-05 / 3.426435e-01
PCG: 3 : 1.550209e-05 / 3.955301e-01
PCG: 4 : 1.511632e-05 / 3.856874e-01
PCG: 5 : 1.614883e-05 / 4.120315e-01
PCG: 6 : 1.582333e-05 / 4.037264e-01
PCG: 7 : 1.865002e-05 / 4.758483e-01
PCG: 0 : 1.865002e-05
PCG: 1 : 1.250129e-05 / 6.703098e-01
PCG: 2 : 1.064534e-05 / 5.707951e-01
PCG: 3 : 8.954361e-06 / 4.801262e-01
PCG: 4 : 7.804800e-06 / 4.184875e-01
PCG: 5 : 6.000038e-06 / 3.217175e-01
PCG: 6 : 8.624927e-06 / 4.624622e-01
PCG: 7 : 1.213634e-05 / 6.507416e-01
PCG: 0 : 1.213634e-05
PCG: 1 : 7.199586e-06 / 5.932255e-01
PCG: 2 : 4.402018e-06 / 3.627138e-01
PCG: 3 : 5.259422e-06 / 4.333615e-01
PCG: 4 : 5.086588e-06 / 4.191204e-01
PCG: 5 : 5.189443e-06 / 4.275954e-01
PCG: 6 : 4.968458e-06 / 4.093868e-01
PCG: 7 : 5.903242e-06 / 4.864104e-01
PCG: 0 : 5.903242e-06
PCG: 1 : 4.016015e-06 / 6.803067e-01
PCG: 2 : 3.528898e-06 / 5.977899e-01
PCG: 3 : 3.068557e-06 / 5.198088e-01
PCG: 4 : 2.643149e-06 / 4.477453e-01
PCG: 5 : 1.944212e-06 / 3.293464e-01
PCG: 6 : 2.738622e-06 / 4.639184e-01
PCG: 7 : 3.885739e-06 / 6.582381e-01
PCG: 0 : 3.885739e-06
PCG: 1 : 2.339193e-06 / 6.019945e-01
PCG: 2 : 1.464311e-06 / 3.768423e-01
PCG: 3 : 1.788874e-06 / 4.603690e-01
PCG: 4 : 1.716780e-06 / 4.418156e-01
PCG: 5 : 1.692952e-06 / 4.356834e-01
PCG: 6 : 1.601346e-06 / 4.121084e-01
PCG: 7 : 1.926591e-06 / 4.958109e-01
PCG: 0 : 1.926591e-06
PCG: 1 : 1.321506e-06 / 6.859299e-01
PCG: 2 : 1.179486e-06 / 6.122141e-01
PCG: 3 : 1.044176e-06 / 5.419810e-01
PCG: 4 : 8.915076e-07 / 4.627384e-01
PCG: 5 : 6.388397e-07 / 3.315907e-01
PCG: 6 : 8.927443e-07 / 4.633803e-01
PCG: 7 : 1.277817e-06 / 6.632527e-01

PCG ( VCycle ( S: Scale / C: Scale )  )

Complete solver TOE: 0.733617
0.421443 GFlop/s [0.421443 GFlops/s]

Total time: 0.733617s
Accumulated op time: 0.20658

Reductions: 14.2435%
Blas-1: 7.4239%
Blas-2: 6.49167%
Precon Kernels: 0%
MPI Execution: 0%
MPI Wait: 0%
Not covered: 71.8409%

Domain size: 1.67157 MByte
LA size: 5.40018 MByte
MPI size: 0.167526 MByte

H0-Error: 2.808506e-05
H1-Error: 1.613732e-02

Writing DATA to output.data...
Run-Time: 0:00.933 [0:00.933]
0xb33309f8 Error: MemoryPool<CUDA> still contains memory chunks on deconstructor call
