NUM-PROCS: 1
Preparing domain...
LVL-MIN: 6 [6]
LVL-MAX: 9 [9]
Creating gates...
Assembling system matrices...
Assembling system filters...
Assembling transfer matrices...
Converting assembled linear system from SparseMatrixCSR, Mem:main to SparseMatrixCSR, Mem:mainand to SparseMatrixCSR, Mem:main...
PCG:  0 : 1.894412e-02
PCG:  1 : 1.595567e-01 / 8.422489e+00
PCG:  2 : 1.432495e-01 / 7.561683e+00
PCG:  3 : 2.806424e-01 / 1.481422e+01
PCG:  4 : 2.511967e-01 / 1.325988e+01
PCG:  5 : 1.381127e-01 / 7.290530e+00
PCG:  6 : 1.653884e-01 / 8.730325e+00
PCG:  7 : 1.901827e-01 / 1.003914e+01
PCG:  8 : 2.009951e-01 / 1.060989e+01
PCG:  9 : 1.577904e-01 / 8.329252e+00
PCG: 10 : 1.002470e-01 / 5.291721e+00
PCG:  0 : 1.001012e-01
PCG:  1 : 9.819892e-02 / 9.809961e-01
PCG:  2 : 1.147614e-01 / 1.146453e+00
PCG:  3 : 1.160674e-01 / 1.159500e+00
PCG:  4 : 8.475506e-02 / 8.466935e-01
PCG:  5 : 6.838240e-02 / 6.831325e-01
PCG:  6 : 9.699641e-02 / 9.689831e-01
PCG:  7 : 8.475127e-02 / 8.466555e-01
PCG:  8 : 4.968168e-02 / 4.963143e-01
PCG:  9 : 4.799316e-02 / 4.794462e-01
PCG: 10 : 4.039052e-02 / 4.034967e-01
PCG:  0 : 4.039052e-02
PCG:  1 : 3.413054e-02 / 8.450136e-01
PCG:  2 : 3.167266e-02 / 7.841607e-01
PCG:  3 : 2.612874e-02 / 6.469029e-01
PCG:  4 : 1.919105e-02 / 4.751375e-01
PCG:  5 : 2.113754e-02 / 5.233292e-01
PCG:  6 : 2.238012e-02 / 5.540935e-01
PCG:  7 : 1.606910e-02 / 3.978435e-01
PCG:  8 : 1.529449e-02 / 3.786654e-01
PCG:  9 : 2.704736e-02 / 6.696463e-01
PCG: 10 : 4.026572e-02 / 9.969103e-01
PCG:  0 : 4.026572e-02
PCG:  1 : 2.272435e-02 / 5.643597e-01
PCG:  2 : 1.222611e-02 / 3.036357e-01
PCG:  3 : 1.519201e-02 / 3.772940e-01
PCG:  4 : 1.582415e-02 / 3.929932e-01
PCG:  5 : 1.478456e-02 / 3.671750e-01
PCG:  6 : 1.191296e-02 / 2.958586e-01
PCG:  7 : 1.107974e-02 / 2.751656e-01
PCG:  8 : 1.522862e-02 / 3.782032e-01
PCG:  9 : 2.068437e-02 / 5.136967e-01
PCG: 10 : 1.950058e-02 / 4.842973e-01
PCG:  0 : 1.950059e-02
PCG:  1 : 1.426016e-02 / 7.312683e-01
PCG:  2 : 1.207581e-02 / 6.192537e-01
PCG:  3 : 9.914748e-03 / 5.084333e-01
PCG:  4 : 9.532301e-03 / 4.888212e-01
PCG:  5 : 1.065550e-02 / 5.464196e-01
PCG:  6 : 1.126704e-02 / 5.777797e-01
PCG:  7 : 9.426438e-03 / 4.833925e-01
PCG:  8 : 7.325361e-03 / 3.756482e-01
PCG:  9 : 1.154803e-02 / 5.921888e-01
PCG: 10 : 1.826178e-02 / 9.364731e-01
PCG:  0 : 1.826176e-02
PCG:  1 : 9.498689e-03 / 5.201409e-01
PCG:  2 : 5.956691e-03 / 3.261838e-01
PCG:  3 : 7.584753e-03 / 4.153352e-01
PCG:  4 : 8.485775e-03 / 4.646745e-01
PCG:  5 : 7.883647e-03 / 4.317024e-01
PCG:  6 : 7.046574e-03 / 3.858650e-01
PCG:  7 : 6.317026e-03 / 3.459155e-01
PCG:  8 : 7.713726e-03 / 4.223977e-01
PCG:  9 : 8.160963e-03 / 4.468880e-01
PCG: 10 : 8.532011e-03 / 4.672063e-01
PCG:  0 : 8.532010e-03
PCG:  1 : 6.615701e-03 / 7.753977e-01
PCG:  2 : 6.401247e-03 / 7.502624e-01
PCG:  3 : 5.003333e-03 / 5.864190e-01
PCG:  4 : 5.235496e-03 / 6.136298e-01
PCG:  5 : 5.889004e-03 / 6.902247e-01
PCG:  6 : 6.260667e-03 / 7.337856e-01
PCG:  7 : 5.354459e-03 / 6.275730e-01
PCG:  8 : 3.962980e-03 / 4.644837e-01
PCG:  9 : 5.320421e-03 / 6.235836e-01
PCG: 10 : 8.345061e-03 / 9.780885e-01
PCG:  0 : 8.345057e-03
PCG:  1 : 4.674582e-03 / 5.601618e-01
PCG:  2 : 3.306794e-03 / 3.962577e-01
PCG:  3 : 4.151444e-03 / 4.974734e-01
PCG:  4 : 4.707443e-03 / 5.640995e-01
PCG:  5 : 4.503591e-03 / 5.396716e-01
PCG:  6 : 3.893516e-03 / 4.665655e-01
PCG:  7 : 3.452204e-03 / 4.136825e-01
PCG:  8 : 4.086415e-03 / 4.896809e-01
PCG:  9 : 3.804218e-03 / 4.558648e-01
PCG: 10 : 4.132607e-03 / 4.952161e-01
PCG:  0 : 4.132608e-03
PCG:  1 : 3.379276e-03 / 8.177104e-01
PCG:  2 : 3.453639e-03 / 8.357044e-01
PCG:  3 : 2.717081e-03 / 6.574738e-01
PCG:  4 : 2.955342e-03 / 7.151276e-01
PCG:  5 : 3.397413e-03 / 8.220989e-01
PCG:  6 : 3.402057e-03 / 8.232228e-01
PCG:  7 : 2.891375e-03 / 6.996490e-01
PCG:  8 : 2.124096e-03 / 5.139845e-01
PCG:  9 : 2.655080e-03 / 6.424707e-01
PCG: 10 : 4.133594e-03 / 1.000239e+00
PCG:  0 : 4.133597e-03
PCG:  1 : 2.451352e-03 / 5.930312e-01
PCG:  2 : 1.812500e-03 / 4.384801e-01
PCG:  3 : 2.304973e-03 / 5.576192e-01
PCG:  4 : 2.613213e-03 / 6.321887e-01
PCG:  5 : 2.581819e-03 / 6.245937e-01
PCG:  6 : 2.176427e-03 / 5.265213e-01
PCG:  7 : 1.887205e-03 / 4.565526e-01
PCG:  8 : 2.137093e-03 / 5.170056e-01
PCG:  9 : 1.934634e-03 / 4.680268e-01
PCG: 10 : 2.191218e-03 / 5.300996e-01
PCG:  0 : 2.191219e-03
PCG:  1 : 1.825387e-03 / 8.330462e-01
PCG:  2 : 1.809842e-03 / 8.259520e-01
PCG:  3 : 1.500090e-03 / 6.845918e-01
PCG:  4 : 1.717976e-03 / 7.840274e-01
PCG:  5 : 1.953111e-03 / 8.913356e-01
PCG:  6 : 1.807206e-03 / 8.247492e-01
PCG:  7 : 1.546477e-03 / 7.057610e-01
PCG:  8 : 1.185316e-03 / 5.409390e-01
PCG:  9 : 1.427039e-03 / 6.512536e-01
PCG: 10 : 2.056314e-03 / 9.384338e-01
PCG:  0 : 2.056313e-03
PCG:  1 : 1.346829e-03 / 6.549729e-01
PCG:  2 : 1.023346e-03 / 4.976608e-01
PCG:  3 : 1.254799e-03 / 6.102182e-01
PCG:  4 : 1.395288e-03 / 6.785390e-01
PCG:  5 : 1.473736e-03 / 7.166888e-01
PCG:  6 : 1.249728e-03 / 6.077520e-01
PCG:  7 : 1.034848e-03 / 5.032540e-01
PCG:  8 : 1.114006e-03 / 5.417492e-01
PCG:  9 : 1.048092e-03 / 5.096947e-01
PCG: 10 : 1.213940e-03 / 5.903482e-01
PCG:  0 : 1.213941e-03
PCG:  1 : 1.015348e-03 / 8.364064e-01
PCG:  2 : 9.358943e-04 / 7.709550e-01
PCG:  3 : 8.165571e-04 / 6.726494e-01
PCG:  4 : 9.932333e-04 / 8.181888e-01
PCG:  5 : 1.109717e-03 / 9.141438e-01
PCG:  6 : 9.394354e-04 / 7.738721e-01
PCG:  7 : 8.163520e-04 / 6.724805e-01
PCG:  8 : 6.512089e-04 / 5.364417e-01
PCG:  9 : 7.839286e-04 / 6.457713e-01
PCG: 10 : 1.050487e-03 / 8.653520e-01
PCG:  0 : 1.050487e-03
PCG:  1 : 7.462856e-04 / 7.104188e-01
PCG:  2 : 5.713885e-04 / 5.439273e-01
PCG:  3 : 6.652247e-04 / 6.332536e-01
PCG:  4 : 7.355914e-04 / 7.002385e-01
PCG:  5 : 8.288948e-04 / 7.890577e-01
PCG:  6 : 6.965088e-04 / 6.630343e-01
PCG:  7 : 5.408704e-04 / 5.148758e-01
PCG:  8 : 5.646960e-04 / 5.375565e-01
PCG:  9 : 5.911525e-04 / 5.627415e-01
PCG: 10 : 6.625322e-04 / 6.306905e-01
PCG:  0 : 6.625321e-04
PCG:  1 : 5.616780e-04 / 8.477748e-01
PCG:  2 : 5.009020e-04 / 7.560419e-01
PCG:  3 : 4.439301e-04 / 6.700508e-01
PCG:  4 : 5.471744e-04 / 8.258837e-01
PCG:  5 : 6.133614e-04 / 9.257837e-01
PCG:  6 : 5.026021e-04 / 7.586080e-01
PCG:  7 : 4.360424e-04 / 6.581454e-01
PCG:  8 : 3.459469e-04 / 5.221587e-01
PCG:  9 : 4.336119e-04 / 6.544769e-01
PCG: 10 : 5.641457e-04 / 8.514994e-01
PCG:  0 : 5.641458e-04
PCG:  1 : 4.126462e-04 / 7.314531e-01
PCG:  2 : 3.118186e-04 / 5.527269e-01
PCG:  3 : 3.613557e-04 / 6.405361e-01
PCG:  4 : 3.986383e-04 / 7.066227e-01
PCG:  5 : 4.547520e-04 / 8.060895e-01
PCG:  6 : 3.798581e-04 / 6.733333e-01
PCG:  7 : 2.929368e-04 / 5.192572e-01
PCG:  8 : 3.000620e-04 / 5.318874e-01
PCG:  9 : 3.294684e-04 / 5.840129e-01
PCG: 10 : 3.599219e-04 / 6.379945e-01
PCG:  0 : 3.599217e-04
PCG:  1 : 3.109769e-04 / 8.640128e-01
PCG:  2 : 2.723148e-04 / 7.565946e-01
PCG:  3 : 2.431839e-04 / 6.756577e-01
PCG:  4 : 2.983368e-04 / 8.288937e-01
PCG:  5 : 3.347589e-04 / 9.300883e-01
PCG:  6 : 2.734970e-04 / 7.598793e-01
PCG:  7 : 2.387812e-04 / 6.634254e-01
PCG:  8 : 1.875202e-04 / 5.210027e-01
PCG:  9 : 2.408519e-04 / 6.691787e-01
PCG: 10 : 3.061662e-04 / 8.506468e-01
PCG:  0 : 3.061662e-04
PCG:  1 : 2.288635e-04 / 7.475139e-01
PCG:  2 : 1.698972e-04 / 5.549182e-01
PCG:  3 : 1.977952e-04 / 6.460386e-01
PCG:  4 : 2.175596e-04 / 7.105932e-01
PCG:  5 : 2.477412e-04 / 8.091725e-01
PCG:  6 : 2.068421e-04 / 6.755877e-01
PCG:  7 : 1.613289e-04 / 5.269324e-01
PCG:  8 : 1.635071e-04 / 5.340467e-01
PCG:  9 : 1.834408e-04 / 5.991544e-01
PCG: 10 : 1.955226e-04 / 6.386160e-01
PCG:  0 : 1.955225e-04
PCG:  1 : 1.726949e-04 / 8.832486e-01
PCG:  2 : 1.485970e-04 / 7.599994e-01
PCG:  3 : 1.333781e-04 / 6.821623e-01
PCG:  4 : 1.626118e-04 / 8.316781e-01
PCG:  5 : 1.821253e-04 / 9.314801e-01
PCG:  6 : 1.493660e-04 / 7.639324e-01
PCG:  7 : 1.314338e-04 / 6.722184e-01
PCG:  8 : 1.025575e-04 / 5.245305e-01
PCG:  9 : 1.344249e-04 / 6.875162e-01
PCG: 10 : 1.662275e-04 / 8.501706e-01
PCG:  0 : 1.662275e-04
PCG:  1 : 1.274124e-04 / 7.664943e-01
PCG:  2 : 9.284056e-05 / 5.585152e-01
PCG:  3 : 1.085107e-04 / 6.527846e-01
PCG:  4 : 1.190015e-04 / 7.158957e-01
PCG:  5 : 1.346948e-04 / 8.103042e-01
PCG:  6 : 1.128124e-04 / 6.786627e-01
PCG:  7 : 8.926669e-05 / 5.370153e-01
PCG:  8 : 9.013551e-05 / 5.422420e-01
PCG:  9 : 1.023673e-04 / 6.158268e-01
PCG: 10 : 1.059646e-04 / 6.374676e-01
PCG:  0 : 1.059646e-04
PCG:  1 : 9.608291e-05 / 9.067458e-01
PCG:  2 : 8.148768e-05 / 7.690089e-01
PCG:  3 : 7.330409e-05 / 6.917794e-01
PCG:  4 : 8.878658e-05 / 8.378895e-01
PCG:  5 : 9.896429e-05 / 9.339377e-01
PCG:  6 : 8.182452e-05 / 7.721877e-01
PCG:  7 : 7.261166e-05 / 6.852449e-01
PCG:  8 : 5.672411e-05 / 5.353122e-01
PCG:  9 : 7.545479e-05 / 7.120758e-01
PCG: 10 : 8.998534e-05 / 8.492023e-01
PCG:  0 : 8.998531e-05
PCG:  1 : 7.124298e-05 / 7.917179e-01
PCG:  2 : 5.108987e-05 / 5.677579e-01
PCG:  3 : 5.981862e-05 / 6.647598e-01
PCG:  4 : 6.532040e-05 / 7.259007e-01
PCG:  5 : 7.318360e-05 / 8.132838e-01
PCG:  6 : 6.170529e-05 / 6.857262e-01
PCG:  7 : 4.973360e-05 / 5.526858e-01
PCG:  8 : 5.055722e-05 / 5.618386e-01
PCG:  9 : 5.713587e-05 / 6.349466e-01
PCG: 10 : 5.703361e-05 / 6.338102e-01
PCG:  0 : 5.703360e-05
PCG:  1 : 5.346739e-05 / 9.374717e-01
PCG:  2 : 4.510998e-05 / 7.909369e-01
PCG:  3 : 4.046879e-05 / 7.095606e-01
PCG:  4 : 4.860216e-05 / 8.521672e-01
PCG:  5 : 5.377891e-05 / 9.429339e-01
PCG:  6 : 4.501864e-05 / 7.893355e-01
PCG:  7 : 4.035250e-05 / 7.075215e-01
PCG:  8 : 3.185736e-05 / 5.585718e-01
PCG:  9 : 4.259316e-05 / 7.468082e-01
PCG: 10 : 4.840869e-05 / 8.487750e-01
PCG:  0 : 4.840862e-05
PCG:  1 : 4.004525e-05 / 8.272338e-01
PCG:  2 : 2.844377e-05 / 5.875765e-01
PCG:  3 : 3.320383e-05 / 6.859074e-01
PCG:  4 : 3.600805e-05 / 7.438354e-01
PCG:  5 : 3.979517e-05 / 8.220678e-01
PCG:  6 : 3.386022e-05 / 6.994668e-01
PCG:  7 : 2.784781e-05 / 5.752656e-01
PCG:  8 : 2.866576e-05 / 5.921623e-01
PCG:  9 : 3.176140e-05 / 6.561105e-01
PCG: 10 : 3.045468e-05 / 6.291168e-01
PCG:  0 : 3.045469e-05
PCG:  1 : 2.969097e-05 / 9.749227e-01
PCG:  2 : 2.524826e-05 / 8.290435e-01
PCG:  3 : 2.245387e-05 / 7.372876e-01
PCG:  4 : 2.664281e-05 / 8.748344e-01
PCG:  5 : 2.926098e-05 / 9.608039e-01
PCG:  6 : 2.488042e-05 / 8.169651e-01
PCG:  7 : 2.249353e-05 / 7.385899e-01
PCG:  8 : 1.795368e-05 / 5.895211e-01
PCG:  9 : 2.401340e-05 / 7.884959e-01
PCG: 10 : 2.599686e-05 / 8.536242e-01
PCG:  0 : 2.599685e-05
PCG:  1 : 2.254432e-05 / 8.671943e-01
PCG:  2 : 1.593756e-05 / 6.130573e-01
PCG:  3 : 1.845257e-05 / 7.097999e-01
PCG:  4 : 1.986157e-05 / 7.639991e-01
PCG:  5 : 2.168363e-05 / 8.340865e-01
PCG:  6 : 1.859713e-05 / 7.153609e-01
PCG:  7 : 1.544166e-05 / 5.939820e-01
PCG:  8 : 1.601366e-05 / 6.159846e-01
PCG:  9 : 1.759476e-05 / 6.768035e-01
PCG: 10 : 1.633573e-05 / 6.283734e-01
PCG:  0 : 1.633573e-05
PCG:  1 : 1.646585e-05 / 1.007965e+00
PCG:  2 : 1.413384e-05 / 8.652102e-01
PCG:  3 : 1.245942e-05 / 7.627094e-01
PCG:  4 : 1.459090e-05 / 8.931890e-01
PCG:  5 : 1.594984e-05 / 9.763776e-01
PCG:  6 : 1.375413e-05 / 8.419661e-01
PCG:  7 : 1.246059e-05 / 7.627813e-01
PCG:  8 : 9.986831e-06 / 6.113489e-01
PCG:  9 : 1.343636e-05 / 8.225134e-01
PCG: 10 : 1.410395e-05 / 8.633805e-01
PCG:  0 : 1.410395e-05
PCG:  1 : 1.264143e-05 / 8.963037e-01
PCG:  2 : 8.879593e-06 / 6.295818e-01
PCG:  3 : 1.020681e-05 / 7.236840e-01
PCG:  4 : 1.092403e-05 / 7.745366e-01
PCG:  5 : 1.183478e-05 / 8.391107e-01
PCG:  6 : 1.020618e-05 / 7.236396e-01
PCG:  7 : 8.470450e-06 / 6.005727e-01
PCG:  8 : 8.817723e-06 / 6.251951e-01
PCG:  9 : 9.769432e-06 / 6.926733e-01
PCG: 10 : 8.896869e-06 / 6.308067e-01
PCG:  0 : 8.896871e-06
PCG:  1 : 9.153426e-06 / 1.028836e+00
PCG:  2 : 7.848493e-06 / 8.821633e-01
PCG:  3 : 6.891597e-06 / 7.746091e-01
PCG:  4 : 7.985118e-06 / 8.975198e-01
PCG:  5 : 8.707630e-06 / 9.787294e-01
PCG:  6 : 7.584166e-06 / 8.524532e-01
PCG:  7 : 6.859147e-06 / 7.709617e-01
PCG:  8 : 5.518065e-06 / 6.202254e-01
PCG:  9 : 7.491390e-06 / 8.420252e-01
PCG: 10 : 7.742326e-06 / 8.702303e-01
PCG:  0 : 7.742331e-06
PCG:  1 : 7.065139e-06 / 9.125338e-01
PCG:  2 : 4.915290e-06 / 6.348591e-01
PCG:  3 : 5.630839e-06 / 7.272795e-01
PCG:  4 : 5.998048e-06 / 7.747083e-01
PCG:  5 : 6.465108e-06 / 8.350338e-01
PCG:  6 : 5.598986e-06 / 7.231655e-01
PCG:  7 : 4.644166e-06 / 5.998409e-01
PCG:  8 : 4.857177e-06 / 6.273534e-01
PCG:  9 : 5.439547e-06 / 7.025722e-01
PCG: 10 : 4.900044e-06 / 6.328900e-01
PCG:  0 : 4.900045e-06
PCG:  1 : 5.100922e-06 / 1.040995e+00
PCG:  2 : 4.337417e-06 / 8.851789e-01
PCG:  3 : 3.805777e-06 / 7.766820e-01
PCG:  4 : 4.370964e-06 / 8.920252e-01
PCG:  5 : 4.759336e-06 / 9.712842e-01
PCG:  6 : 4.174080e-06 / 8.518453e-01
PCG:  7 : 3.770728e-06 / 7.695292e-01
PCG:  8 : 3.051483e-06 / 6.227460e-01
PCG:  9 : 4.174510e-06 / 8.519330e-01
PCG: 10 : 4.278052e-06 / 8.730637e-01
PCG:  0 : 4.278056e-06
PCG:  1 : 3.943705e-06 / 9.218452e-01
PCG:  2 : 2.715946e-06 / 6.348550e-01
PCG:  3 : 3.107252e-06 / 7.263234e-01
PCG:  4 : 3.292406e-06 / 7.696033e-01
PCG:  5 : 3.535851e-06 / 8.265086e-01
PCG:  6 : 3.072542e-06 / 7.182099e-01
PCG:  7 : 2.552830e-06 / 5.967265e-01
PCG:  8 : 2.684317e-06 / 6.274617e-01
PCG:  9 : 3.030831e-06 / 7.084599e-01
PCG: 10 : 2.713690e-06 / 6.343279e-01
PCG:  0 : 2.713691e-06
PCG:  1 : 2.845080e-06 / 1.048417e+00
PCG:  2 : 2.395659e-06 / 8.828046e-01
PCG:  3 : 2.102755e-06 / 7.748691e-01
PCG:  4 : 2.394783e-06 / 8.824818e-01
PCG:  5 : 2.605266e-06 / 9.600452e-01
PCG:  6 : 2.296236e-06 / 8.461671e-01
PCG:  7 : 2.075096e-06 / 7.646766e-01
PCG:  8 : 1.690263e-06 / 6.228648e-01
PCG:  9 : 2.325291e-06 / 8.568738e-01
PCG: 10 : 2.371535e-06 / 8.739149e-01
PCG:  0 : 2.371535e-06
PCG:  1 : 2.199678e-06 / 9.275333e-01
PCG:  2 : 1.501092e-06 / 6.329619e-01
PCG:  3 : 1.716543e-06 / 7.238108e-01
PCG:  4 : 1.808147e-06 / 7.624373e-01
PCG:  5 : 1.937012e-06 / 8.167757e-01
PCG:  6 : 1.686983e-06 / 7.113464e-01
PCG:  7 : 1.406040e-06 / 5.928816e-01
PCG:  8 : 1.486045e-06 / 6.266173e-01
PCG:  9 : 1.688371e-06 / 7.119315e-01
PCG: 10 : 1.507107e-06 / 6.354985e-01
PCG:  0 : 1.507107e-06
PCG:  1 : 1.586929e-06 / 1.052964e+00
PCG:  2 : 1.324280e-06 / 8.786905e-01
PCG:  3 : 1.163175e-06 / 7.717937e-01
PCG:  4 : 1.313620e-06 / 8.716174e-01
PCG:  5 : 1.428991e-06 / 9.481682e-01
PCG:  6 : 1.263630e-06 / 8.384477e-01
PCG:  7 : 1.143941e-06 / 7.590311e-01
PCG:  8 : 9.375516e-07 / 6.220871e-01
PCG:  9 : 1.294574e-06 / 8.589797e-01
PCG: 10 : 1.317283e-06 / 8.740480e-01
PCG:  0 : 1.317283e-06
PCG:  1 : 1.226308e-06 / 9.309374e-01
PCG:  2 : 8.308803e-07 / 6.307532e-01
PCG:  3 : 9.498160e-07 / 7.210419e-01
PCG:  4 : 9.940668e-07 / 7.546343e-01
PCG:  5 : 1.063507e-06 / 8.073491e-01
PCG:  6 : 9.271610e-07 / 7.038435e-01
PCG:  7 : 7.759373e-07 / 5.890439e-01
PCG:  8 : 8.237610e-07 / 6.253486e-01
PCG:  9 : 9.401119e-07 / 7.136751e-01
PCG: 10 : 8.384095e-07 / 6.364689e-01
PCG:  0 : 8.384098e-07
PCG:  1 : 8.847322e-07 / 1.055250e+00
PCG:  2 : 7.328309e-07 / 8.740724e-01
PCG:  3 : 6.441759e-07 / 7.683306e-01
PCG:  4 : 7.215171e-07 / 8.605781e-01
PCG:  5 : 7.855531e-07 / 9.369560e-01
PCG:  6 : 6.957741e-07 / 8.298734e-01
PCG:  7 : 6.316311e-07 / 7.533679e-01
PCG:  8 : 5.204507e-07 / 6.207592e-01
PCG:  9 : 7.202952e-07 / 8.591206e-01
PCG: 10 : 7.326021e-07 / 8.737995e-01
PCG:  0 : 7.326019e-07
PCG:  1 : 6.832416e-07 / 9.326233e-01
PCG:  2 : 4.604227e-07 / 6.284760e-01
PCG:  3 : 5.261987e-07 / 7.182600e-01
PCG:  4 : 5.471043e-07 / 7.467961e-01
PCG:  5 : 5.852456e-07 / 7.988590e-01
PCG:  6 : 5.100467e-07 / 6.962126e-01
PCG:  7 : 4.288767e-07 / 5.854157e-01
PCG:  8 : 4.569812e-07 / 6.237784e-01
PCG:  9 : 5.232178e-07 / 7.141911e-01
PCG: 10 : 4.669496e-07 / 6.373852e-01
PCG:  0 : 4.669492e-07
PCG:  1 : 4.929877e-07 / 1.055763e+00
PCG:  2 : 4.059964e-07 / 8.694661e-01
PCG:  3 : 3.571160e-07 / 7.647855e-01
PCG:  4 : 3.967904e-07 / 8.497507e-01
PCG:  5 : 4.327688e-07 / 9.268007e-01
PCG:  6 : 3.833935e-07 / 8.210604e-01
PCG:  7 : 3.492986e-07 / 7.480443e-01
PCG:  8 : 2.890636e-07 / 6.190473e-01
PCG:  9 : 4.005803e-07 / 8.578669e-01
PCG: 10 : 4.077762e-07 / 8.732774e-01
PCG:  0 : 4.077762e-07
PCG:  1 : 3.804059e-07 / 9.328791e-01
PCG:  2 : 2.554306e-07 / 6.263992e-01
PCG:  3 : 2.918658e-07 / 7.157499e-01
PCG:  4 : 3.014611e-07 / 7.392807e-01
PCG:  5 : 3.227440e-07 / 7.914733e-01
PCG:  6 : 2.808544e-07 / 6.887464e-01
PCG:  7 : 2.373939e-07 / 5.821672e-01
PCG:  8 : 2.536545e-07 / 6.220435e-01
PCG:  9 : 2.910575e-07 / 7.137679e-01
PCG: 10 : 2.602356e-07 / 6.381824e-01
PCG:  0 : 2.602354e-07
PCG:  1 : 2.745207e-07 / 1.054894e+00
PCG:  2 : 2.251540e-07 / 8.651937e-01
PCG:  3 : 1.981622e-07 / 7.614729e-01
PCG:  4 : 2.185001e-07 / 8.396248e-01
PCG:  5 : 2.389158e-07 / 9.180758e-01
PCG:  6 : 2.114394e-07 / 8.124929e-01
PCG:  7 : 1.934631e-07 / 7.434157e-01
PCG:  8 : 1.606313e-07 / 6.172537e-01
PCG:  9 : 2.226969e-07 / 8.557518e-01
PCG: 10 : 2.271113e-07 / 8.727148e-01
PCG:  0 : 2.271108e-07
PCG:  1 : 2.116958e-07 / 9.321255e-01
PCG:  2 : 1.418290e-07 / 6.244925e-01
PCG:  3 : 1.620350e-07 / 7.134622e-01
PCG:  4 : 1.662866e-07 / 7.321827e-01
PCG:  5 : 1.783233e-07 / 7.851817e-01
PCG:  6 : 1.548016e-07 / 6.816126e-01
PCG:  7 : 1.315525e-07 / 5.792438e-01
PCG:  8 : 1.408431e-07 / 6.201515e-01
PCG:  9 : 1.618476e-07 / 7.126371e-01
PCG: 10 : 1.450975e-07 / 6.388844e-01
PCG:  0 : 1.450976e-07
PCG:  1 : 1.527818e-07 / 1.052959e+00
PCG:  2 : 1.249477e-07 / 8.611289e-01
PCG:  3 : 1.100365e-07 / 7.583618e-01
PCG:  4 : 1.204705e-07 / 8.302722e-01
PCG:  5 : 1.321298e-07 / 9.106274e-01
PCG:  6 : 1.167033e-07 / 8.043089e-01
PCG:  7 : 1.072768e-07 / 7.393425e-01
PCG:  8 : 8.928864e-08 / 6.153696e-01
PCG:  9 : 1.237624e-07 / 8.529596e-01
PCG: 10 : 1.265282e-07 / 8.720216e-01
PCG:  0 : 1.265282e-07
PCG:  1 : 1.177479e-07 / 9.306059e-01
PCG:  2 : 7.882061e-08 / 6.229488e-01
PCG:  3 : 9.002727e-08 / 7.115192e-01
PCG:  4 : 9.181662e-08 / 7.256612e-01
PCG:  5 : 9.869446e-08 / 7.800193e-01
PCG:  6 : 8.540061e-08 / 6.749530e-01
PCG:  7 : 7.298087e-08 / 5.767952e-01
PCG:  8 : 7.822347e-08 / 6.182293e-01
PCG:  9 : 8.996738e-08 / 7.110459e-01
PCG: 10 : 8.091951e-08 / 6.395372e-01

PCG ( VCycle ( S: Scale / C: Scale )  )

Complete solver TOE: 6.52138
2.54954 GFlop/s [2.54954 GFlops/s]

Total time: 6.52138s
Accumulated op time: 6.27855

Reductions: 7.35239%
Blas-1: 5.76952%
Blas-2: 83.1544%
Precon Kernels: 0%
MPI Execution: 0%
MPI Wait: 0%
Not covered: 3.72366%

Domain size: 48.0179 MByte
LA size: 119.742 MByte
MPI size: 2.67099 MByte

H0-Error: 1.824033e-06
H1-Error: 4.034414e-03

Writing DATA to output.data...
Run-Time: 0:07.081 [0:07.081]
0x31d198e880 Error: MemoryPool<CPU> still contains memory chunks on deconstructor call
