NUM-PROCS: 1
Preparing domain...
LVL-MIN: 4 [4]
LVL-MAX: 10 [10]
Creating gates...
Assembling system matrices...
Assembling system filters...
Assembling transfer matrices...
Converting assembled linear system from SparseMatrixCSR, Mem:main to SparseMatrixELL, Mem:cudaand to SparseMatrixELL, Mem:cuda...
PCG:  0 : 9.473711e-03
PCG:  1 : 1.921966e-02 / 2.028736e+00
PCG:  2 : 2.717672e-02 / 2.868645e+00
PCG:  3 : 6.675999e-02 / 7.046867e+00
PCG:  4 : 8.080535e-02 / 8.529429e+00
PCG:  5 : 4.831672e-02 / 5.100083e+00
PCG:  6 : 2.380592e-02 / 2.512840e+00
PCG:  7 : 3.978516e-03 / 4.199532e-01
PCG:  8 : 1.063537e-03 / 1.122619e-01
PCG:  9 : 9.354266e-04 / 9.873919e-02
PCG: 10 : 3.652442e-04 / 3.855344e-02
PCG: 11 : 4.136345e-05 / 4.366129e-03
PCG:  0 : 2.227176e-04
PCG:  1 : 3.133199e-04 / 1.406803e+00
PCG:  2 : 6.558075e-04 / 2.944569e+00
PCG:  3 : 1.494593e-04 / 6.710710e-01
PCG:  4 : 1.511374e-04 / 6.786052e-01
PCG:  5 : 5.085098e-05 / 2.283204e-01
PCG:  6 : 5.017811e-05 / 2.252992e-01
PCG:  7 : 2.003992e-05 / 8.997906e-02
PCG:  8 : 8.499952e-06 / 3.816470e-02
PCG:  9 : 3.068928e-06 / 1.377946e-02
PCG: 10 : 1.844917e-06 / 8.283659e-03
PCG: 11 : 6.955069e-07 / 3.122819e-03
PCG:  0 : 6.990164e-07
PCG:  1 : 5.699204e-07 / 8.153177e-01
PCG:  2 : 2.739517e-07 / 3.919103e-01
PCG:  3 : 3.334846e-07 / 4.770770e-01
PCG:  4 : 2.059584e-07 / 2.946404e-01
PCG:  5 : 1.013141e-07 / 1.449381e-01
PCG:  6 : 7.336802e-08 / 1.049589e-01
PCG:  7 : 7.573909e-08 / 1.083510e-01
PCG:  8 : 8.180562e-08 / 1.170296e-01
PCG:  9 : 5.682229e-08 / 8.128893e-02
PCG: 10 : 3.142198e-08 / 4.495171e-02
PCG: 11 : 1.561067e-08 / 2.233234e-02
PCG:  0 : 1.561073e-08
PCG:  1 : 1.030323e-08 / 6.600094e-01
PCG:  2 : 6.033246e-09 / 3.864808e-01
PCG:  3 : 4.011921e-09 / 2.569977e-01
PCG:  4 : 2.137030e-09 / 1.368950e-01
PCG:  5 : 1.251270e-09 / 8.015452e-02
PCG:  6 : 9.437385e-10 / 6.045449e-02
PCG:  7 : 9.218597e-10 / 5.905296e-02
PCG:  8 : 6.169540e-10 / 3.952116e-02
PCG:  9 : 5.937748e-10 / 3.803633e-02
PCG: 10 : 5.746477e-10 / 3.681108e-02
PCG: 11 : 2.754114e-10 / 1.764245e-02
PCG:  0 : 2.754121e-10
PCG:  1 : 1.901685e-10 / 6.904868e-01
PCG:  2 : 9.362959e-11 / 3.399617e-01
PCG:  3 : 1.100605e-10 / 3.996212e-01
PCG:  4 : 7.349497e-11 / 2.668545e-01
PCG:  5 : 3.847674e-11 / 1.397060e-01
PCG:  6 : 3.089347e-11 / 1.121718e-01
PCG:  7 : 2.450397e-11 / 8.897201e-02
PCG:  8 : 2.279608e-11 / 8.277078e-02
PCG:  9 : 1.754555e-11 / 6.370651e-02
PCG: 10 : 1.486593e-11 / 5.397702e-02
PCG: 11 : 1.237171e-11 / 4.492070e-02

PCG ( VCycle ( S: Scale / C: Scale )  )

Complete solver TOE: 9.74681
0.418716 GFlop/s [0.418716 GFlops/s]

Total time: 9.74681s
Accumulated op time: 4.90163

Reductions: 47.8825%
Blas-1: 1.31535%
Blas-2: 1.09176%
Precon Kernels: 0%
MPI Execution: 0%
MPI Wait: 0%
Not covered: 49.7104%

Domain size: 106.94 MByte
LA size: 356.502 MByte
MPI size: 10.6971 MByte

H0-Error: 4.290888e-07
H1-Error: 2.017209e-03

Writing DATA to output.data...
Run-Time: 0:21.312 [0:21.312]
0xb33c19f8 Error: MemoryPool<CUDA> still contains memory chunks on deconstructor call
