NUM-PROCS: 1
Preparing domain...
LVL-MIN: 8 [8]
LVL-MAX: 9 [9]
Creating gates...
Assembling system matrices...
Assembling system filters...
Assembling transfer matrices...
Converting assembled linear system from SparseMatrixCSR, Mem:main to SparseMatrixELL, Mem:cuda...
PCG:    0 : 1.894534e-02
PCG:    1 : 4.393214e-01 / 2.318889e+01
PCG:    2 : 3.358394e-01 / 1.772676e+01
PCG:    3 : 3.667137e-01 / 1.935641e+01
PCG:    4 : 3.379948e-01 / 1.784053e+01
PCG:    5 : 2.315244e-01 / 1.222065e+01
PCG:    6 : 2.047925e-01 / 1.080965e+01
PCG:    7 : 2.497624e-01 / 1.318332e+01
PCG:    8 : 2.137116e-01 / 1.128043e+01
PCG:    9 : 1.588939e-01 / 8.386967e+00
PCG:   10 : 1.777012e-01 / 9.379680e+00
PCG:   11 : 2.218178e-01 / 1.170830e+01
PCG:   12 : 1.491064e-01 / 7.870347e+00
PCG:   13 : 1.293577e-01 / 6.827944e+00
PCG:   14 : 1.536184e-01 / 8.108505e+00
PCG:   15 : 1.600820e-01 / 8.449675e+00
PCG:   16 : 1.171009e-01 / 6.180989e+00
PCG:   17 : 1.162663e-01 / 6.136932e+00
PCG:   18 : 1.545519e-01 / 8.157779e+00
PCG:   19 : 1.492354e-01 / 7.877158e+00
PCG:   20 : 1.094197e-01 / 5.775546e+00
PCG:   21 : 1.103486e-01 / 5.824578e+00
PCG:   22 : 1.442240e-01 / 7.612638e+00
PCG:   23 : 1.218719e-01 / 6.432815e+00
PCG:   24 : 1.008754e-01 / 5.324549e+00
PCG:   25 : 1.134322e-01 / 5.987342e+00
PCG:   26 : 1.519909e-01 / 8.022600e+00
PCG:   27 : 1.139248e-01 / 6.013343e+00
PCG:   28 : 9.825578e-02 / 5.186277e+00
PCG:   29 : 1.231447e-01 / 6.500000e+00
PCG:   30 : 1.296042e-01 / 6.840954e+00
PCG:   31 : 9.696518e-02 / 5.118155e+00
PCG:   32 : 9.860651e-02 / 5.204790e+00
PCG:   33 : 1.348244e-01 / 7.116493e+00
PCG:   34 : 1.161284e-01 / 6.129654e+00
PCG:   35 : 9.433430e-02 / 4.979288e+00
PCG:   36 : 1.140582e-01 / 6.020384e+00
PCG:   37 : 1.180972e-01 / 6.233577e+00
PCG:   38 : 9.291171e-02 / 4.904199e+00
PCG:   39 : 1.094953e-01 / 5.779537e+00
PCG:   40 : 1.076791e-01 / 5.683673e+00
PCG:   41 : 8.682156e-02 / 4.582740e+00
PCG:   42 : 1.030275e-01 / 5.438143e+00
PCG:   43 : 1.116679e-01 / 5.894213e+00
PCG:   44 : 8.444171e-02 / 4.457123e+00
PCG:   45 : 9.000721e-02 / 4.750889e+00
PCG:   46 : 1.010841e-01 / 5.335567e+00
PCG:   47 : 8.255264e-02 / 4.357412e+00
PCG:   48 : 8.899539e-02 / 4.697482e+00
PCG:   49 : 8.921780e-02 / 4.709221e+00
PCG:   50 : 7.146066e-02 / 3.771939e+00
PCG:   51 : 7.871166e-02 / 4.154672e+00
PCG:   52 : 8.767520e-02 / 4.627798e+00
PCG:   53 : 6.856135e-02 / 3.618903e+00
PCG:   54 : 7.051656e-02 / 3.722106e+00
PCG:   55 : 7.403099e-02 / 3.907609e+00
PCG:   56 : 6.387194e-02 / 3.371380e+00
PCG:   57 : 6.766748e-02 / 3.571722e+00
PCG:   58 : 6.593404e-02 / 3.480225e+00
PCG:   59 : 5.764653e-02 / 3.042781e+00
PCG:   60 : 6.000457e-02 / 3.167247e+00
PCG:   61 : 5.691105e-02 / 3.003960e+00
PCG:   62 : 5.480533e-02 / 2.892813e+00
PCG:   63 : 5.438249e-02 / 2.870494e+00
PCG:   64 : 4.684038e-02 / 2.472396e+00
PCG:   65 : 4.733481e-02 / 2.498494e+00
PCG:   66 : 4.889531e-02 / 2.580862e+00
PCG:   67 : 4.367775e-02 / 2.305461e+00
PCG:   68 : 4.536137e-02 / 2.394329e+00
PCG:   69 : 4.166448e-02 / 2.199194e+00
PCG:   70 : 3.685030e-02 / 1.945085e+00
PCG:   71 : 3.881249e-02 / 2.048657e+00
PCG:   72 : 3.589841e-02 / 1.894841e+00
PCG:   73 : 3.334559e-02 / 1.760095e+00
PCG:   74 : 3.335636e-02 / 1.760663e+00
PCG:   75 : 3.020543e-02 / 1.594346e+00
PCG:   76 : 3.069873e-02 / 1.620384e+00
PCG:   77 : 2.989452e-02 / 1.577935e+00
PCG:   78 : 2.685214e-02 / 1.417348e+00
PCG:   79 : 2.748331e-02 / 1.450663e+00
PCG:   80 : 2.430331e-02 / 1.282812e+00
PCG:   81 : 2.230833e-02 / 1.177510e+00
PCG:   82 : 2.322695e-02 / 1.225998e+00
PCG:   83 : 2.074700e-02 / 1.095098e+00
PCG:   84 : 2.002801e-02 / 1.057147e+00
PCG:   85 : 1.989525e-02 / 1.050140e+00
PCG:   86 : 1.785670e-02 / 9.425381e-01
PCG:   87 : 1.772354e-02 / 9.355090e-01
PCG:   88 : 1.632745e-02 / 8.618191e-01
PCG:   89 : 1.513989e-02 / 7.991356e-01
PCG:   90 : 1.496677e-02 / 7.899974e-01
PCG:   91 : 1.288247e-02 / 6.799811e-01
PCG:   92 : 1.240302e-02 / 6.546738e-01
PCG:   93 : 1.246328e-02 / 6.578547e-01
PCG:   94 : 1.108559e-02 / 5.851354e-01
PCG:   95 : 1.091056e-02 / 5.758970e-01
PCG:   96 : 9.932683e-03 / 5.242811e-01
PCG:   97 : 8.802453e-03 / 4.646237e-01
PCG:   98 : 8.545567e-03 / 4.510643e-01
PCG:   99 : 7.542536e-03 / 3.981209e-01
PCG:  100 : 7.052067e-03 / 3.722323e-01
PCG:  101 : 6.516059e-03 / 3.439399e-01
PCG:  102 : 5.579152e-03 / 2.944868e-01
PCG:  103 : 5.416308e-03 / 2.858913e-01
PCG:  104 : 4.877417e-03 / 2.574468e-01
PCG:  105 : 4.143381e-03 / 2.187019e-01
PCG:  106 : 3.758893e-03 / 1.984073e-01
PCG:  107 : 3.006242e-03 / 1.586798e-01
PCG:  108 : 2.494527e-03 / 1.316697e-01
PCG:  109 : 2.054396e-03 / 1.084381e-01
PCG:  110 : 1.512067e-03 / 7.981210e-02
PCG:  111 : 1.146410e-03 / 6.051146e-02
PCG:  112 : 7.649246e-04 / 4.037534e-02
PCG:  113 : 5.184134e-04 / 2.736364e-02
PCG:  114 : 4.335425e-04 / 2.288386e-02
PCG:  115 : 4.720764e-04 / 2.491781e-02
PCG:  116 : 8.276434e-04 / 4.368586e-02
PCG:  117 : 1.632175e-03 / 8.615181e-02
PCG:  118 : 2.367220e-03 / 1.249500e-01
PCG:  119 : 1.685965e-03 / 8.899103e-02
PCG:  120 : 6.606047e-04 / 3.486898e-02
PCG:  121 : 2.823196e-04 / 1.490179e-02
PCG:  122 : 2.407526e-04 / 1.270775e-02
PCG:  123 : 4.607419e-04 / 2.431954e-02
PCG:  124 : 5.268243e-04 / 2.780759e-02
PCG:  125 : 2.350323e-04 / 1.240581e-02
PCG:  126 : 2.355843e-04 / 1.243495e-02
PCG:  127 : 4.063966e-04 / 2.145101e-02
PCG:  128 : 2.490915e-04 / 1.314791e-02
PCG:  129 : 1.883266e-04 / 9.940523e-03
PCG:  130 : 3.103419e-04 / 1.638091e-02
PCG:  131 : 2.167554e-04 / 1.144109e-02
PCG:  132 : 1.670326e-04 / 8.816553e-03
PCG:  133 : 2.479784e-04 / 1.308915e-02
PCG:  134 : 1.570568e-04 / 8.289995e-03
PCG:  135 : 1.577249e-04 / 8.325262e-03
PCG:  136 : 1.887005e-04 / 9.960260e-03
PCG:  137 : 1.204076e-04 / 6.355528e-03
PCG:  138 : 1.658963e-04 / 8.756574e-03
PCG:  139 : 1.251449e-04 / 6.605577e-03
PCG:  140 : 1.155037e-04 / 6.096683e-03
PCG:  141 : 1.345620e-04 / 7.102645e-03
PCG:  142 : 8.868748e-05 / 4.681230e-03
PCG:  143 : 1.193709e-04 / 6.300807e-03
PCG:  144 : 8.246963e-05 / 4.353030e-03
PCG:  145 : 9.459057e-05 / 4.992815e-03
PCG:  146 : 7.945245e-05 / 4.193773e-03
PCG:  147 : 7.530376e-05 / 3.974791e-03
PCG:  148 : 8.162242e-05 / 4.308311e-03
PCG:  149 : 5.849057e-05 / 3.087333e-03
PCG:  150 : 7.490998e-05 / 3.954005e-03
PCG:  151 : 4.820238e-05 / 2.544287e-03
PCG:  152 : 6.468859e-05 / 3.414486e-03
PCG:  153 : 4.326209e-05 / 2.283521e-03
PCG:  154 : 5.371890e-05 / 2.835468e-03
PCG:  155 : 4.069305e-05 / 2.147919e-03
PCG:  156 : 4.306672e-05 / 2.273209e-03
PCG:  157 : 3.701112e-05 / 1.953574e-03
PCG:  158 : 3.660905e-05 / 1.932351e-03
PCG:  159 : 3.228564e-05 / 1.704147e-03
PCG:  160 : 3.025872e-05 / 1.597159e-03
PCG:  161 : 2.806142e-05 / 1.481178e-03
PCG:  162 : 2.541527e-05 / 1.341505e-03
PCG:  163 : 2.505164e-05 / 1.322311e-03
PCG:  164 : 2.141268e-05 / 1.130235e-03
PCG:  165 : 2.255446e-05 / 1.190502e-03
PCG:  166 : 1.786811e-05 / 9.431400e-04
PCG:  167 : 1.874099e-05 / 9.892138e-04
PCG:  168 : 1.554685e-05 / 8.206163e-04
PCG:  169 : 1.528159e-05 / 8.066146e-04
PCG:  170 : 1.334895e-05 / 7.046034e-04
PCG:  171 : 1.315641e-05 / 6.944406e-04
PCG:  172 : 1.128054e-05 / 5.954256e-04
PCG:  173 : 1.111857e-05 / 5.868761e-04
PCG:  174 : 9.594483e-06 / 5.064297e-04
PCG:  175 : 9.380594e-06 / 4.951399e-04
PCG:  176 : 8.192672e-06 / 4.324373e-04
PCG:  177 : 7.375526e-06 / 3.893055e-04
PCG:  178 : 7.093906e-06 / 3.744407e-04
PCG:  179 : 5.861110e-06 / 3.093695e-04
PCG:  180 : 6.057165e-06 / 3.197179e-04
PCG:  181 : 4.943258e-06 / 2.609221e-04
PCG:  182 : 5.088078e-06 / 2.685662e-04
PCG:  183 : 4.004022e-06 / 2.113460e-04
PCG:  184 : 4.188486e-06 / 2.210827e-04
PCG:  185 : 3.217095e-06 / 1.698093e-04
PCG:  186 : 3.488014e-06 / 1.841093e-04
PCG:  187 : 2.510416e-06 / 1.325083e-04
PCG:  188 : 2.853212e-06 / 1.506023e-04
PCG:  189 : 2.065972e-06 / 1.090491e-04
PCG:  190 : 2.215097e-06 / 1.169204e-04
PCG:  191 : 1.738227e-06 / 9.174960e-05
PCG:  192 : 1.712832e-06 / 9.040914e-05
PCG:  193 : 1.431019e-06 / 7.553408e-05
PCG:  194 : 1.281768e-06 / 6.765612e-05
PCG:  195 : 1.139821e-06 / 6.016368e-05
PCG:  196 : 9.716569e-07 / 5.128739e-05
PCG:  197 : 9.039801e-07 / 4.771517e-05
PCG:  198 : 7.304049e-07 / 3.855327e-05
PCG:  199 : 7.350817e-07 / 3.880014e-05
PCG:  200 : 5.322467e-07 / 2.809381e-05
PCG:  201 : 5.591042e-07 / 2.951144e-05
PCG:  202 : 4.018043e-07 / 2.120861e-05
PCG:  203 : 4.078882e-07 / 2.152974e-05
PCG:  204 : 3.050345e-07 / 1.610077e-05
PCG:  205 : 2.793955e-07 / 1.474745e-05
PCG:  206 : 2.356366e-07 / 1.243771e-05
PCG:  207 : 1.925439e-07 / 1.016312e-05
PCG:  208 : 1.759610e-07 / 9.287823e-06
PCG:  209 : 1.363210e-07 / 7.195491e-06
PCG:  210 : 1.276637e-07 / 6.738527e-06
PCG:  211 : 9.379522e-08 / 4.950834e-06
PCG:  212 : 9.168028e-08 / 4.839200e-06
PCG:  213 : 6.815564e-08 / 3.597489e-06
PCG:  214 : 6.717803e-08 / 3.545887e-06
PCG:  215 : 5.351522e-08 / 2.824717e-06
PCG:  216 : 5.215848e-08 / 2.753104e-06
PCG:  217 : 4.877195e-08 / 2.574351e-06
PCG:  218 : 4.373554e-08 / 2.308512e-06
PCG:  219 : 4.953543e-08 / 2.614650e-06
PCG:  220 : 4.270288e-08 / 2.254004e-06
PCG:  221 : 4.925052e-08 / 2.599612e-06
PCG:  222 : 4.118171e-08 / 2.173712e-06
PCG:  223 : 4.144260e-08 / 2.187482e-06
PCG:  224 : 3.370626e-08 / 1.779132e-06
PCG:  225 : 2.689285e-08 / 1.419497e-06
PCG:  226 : 2.122529e-08 / 1.120344e-06
PCG:  227 : 1.460736e-08 / 7.710268e-07
PCG:  228 : 1.196705e-08 / 6.316618e-07
PCG:  229 : 9.070402e-09 / 4.787669e-07
PCG:  230 : 1.030000e-08 / 5.436694e-07
PCG:  231 : 1.039815e-08 / 5.488499e-07
PCG:  232 : 1.266728e-08 / 6.686225e-07
PCG:  233 : 1.079358e-08 / 5.697220e-07
PCG:  234 : 7.935593e-09 / 4.188678e-07
PCG:  235 : 5.719031e-09 / 3.018701e-07
PCG:  236 : 4.343205e-09 / 2.292493e-07
PCG:  237 : 5.444169e-09 / 2.873619e-07
PCG:  238 : 5.132201e-09 / 2.708952e-07
PCG:  239 : 4.743098e-09 / 2.503570e-07
PCG:  240 : 3.040902e-09 / 1.605092e-07
PCG:  241 : 2.693030e-09 / 1.421474e-07
PCG:  242 : 3.082272e-09 / 1.626929e-07
PCG:  243 : 2.724151e-09 / 1.437901e-07
PCG:  244 : 2.168746e-09 / 1.144738e-07
PCG:  245 : 1.582183e-09 / 8.351305e-08
PCG:  246 : 1.905963e-09 / 1.006033e-07
PCG:  247 : 1.619065e-09 / 8.545982e-08
PCG:  248 : 1.221547e-09 / 6.447743e-08
PCG:  249 : 1.090863e-09 / 5.757949e-08
PCG:  250 : 1.138718e-09 / 6.010544e-08
PCG:  251 : 9.332385e-10 / 4.925953e-08
PCG:  252 : 6.712390e-10 / 3.543030e-08
PCG:  253 : 7.875880e-10 / 4.157160e-08
PCG:  254 : 6.080934e-10 / 3.209726e-08
PCG:  255 : 4.901247e-10 / 2.587046e-08
PCG:  256 : 4.675525e-10 / 2.467902e-08
PCG:  257 : 4.204366e-10 / 2.219208e-08
PCG:  258 : 3.310166e-10 / 1.747219e-08
PCG:  259 : 2.952983e-10 / 1.558686e-08
PCG:  260 : 3.012323e-10 / 1.590008e-08
PCG:  261 : 1.985481e-10 / 1.048005e-08
PCG:  262 : 2.141714e-10 / 1.130470e-08
PCG:  263 : 1.804338e-10 / 9.523916e-09

PCG ( VCycle ( S: Scale / C: Scale )  )

Complete solver TOE: 0.365674
21.4087 GFlop/s [21.4087 GFlops/s]

Total time: 0.365674s
Accumulated op time: 0.29707

Reductions: 78.955%
Blas-1: 1.38211%
Blas-2: 0.901896%
Precon Kernels: 0%
MPI Execution: 0%
MPI Wait: 0%
Not covered: 18.761%

Domain size: 45.1642 MByte
LA size: 100.249 MByte
MPI size: 2.51176 MByte

H0-Error: 1.716361e-06
H1-Error: 4.034414e-03

Run-Time: 0:00.951 [0:00.951]
