NUM-PROCS: 1
Preparing domain...
LVL-MIN: 2 [2]
LVL-MAX: 3 [3]
Creating gates...
Assembling system matrices...
Assembling system filters...
Assembling transfer matrices...
Converting assembled linear system from SparseMatrixCSR, Mem:main to SparseMatrixELL, Mem:cudaand to SparseMatrixELL, Mem:cuda...
PCG:  0 : 1.157947e+00
PCG:  1 : 4.440352e-01 / 3.834676e-01
PCG:  2 : 1.021441e-01 / 8.821135e-02
PCG:  3 : 3.438980e-03 / 2.969895e-03
PCG:  4 : 1.243042e-04 / 1.073488e-04
PCG:  5 : 8.809350e-06 / 7.607732e-06
PCG:  6 : 2.517444e-07 / 2.174059e-07
PCG:  7 : 8.048828e-09 / 6.950947e-09
PCG:  0 : 6.039956e-01
PCG:  1 : 2.391105e-01 / 3.958812e-01
PCG:  2 : 1.035868e-01 / 1.715027e-01
PCG:  3 : 3.334717e-03 / 5.521094e-03
PCG:  4 : 2.364679e-04 / 3.915061e-04
PCG:  5 : 7.576344e-06 / 1.254371e-05
PCG:  6 : 1.772773e-07 / 2.935077e-07
PCG:  7 : 2.893526e-09 / 4.790641e-09

PCG ( VCycle ( S: Scale / C: Scale )  )

Complete solver TOE: 0.047816
0.00250977 GFlop/s [0.00250977 GFlops/s]

Total time: 0.047816s
Accumulated op time: 0.019968

Reductions: 25.3032%
Blas-1: 9.46963%
Blas-2: 6.9872%
Precon Kernels: 0%
MPI Execution: 0%
MPI Wait: 0%
Not covered: 58.2399%

Domain size: 0.00787354 MByte
LA size: 0.0213623 MByte
MPI size: 0.000823975 MByte

H0-Error: 6.962300e-03
H1-Error: 2.567055e-01

Writing DATA to output.data...
Run-Time: 0:00.087 [0:00.087]
0xb33c59f8 Error: MemoryPool<CUDA> still contains memory chunks on deconstructor call
