NUM-PROCS: 1
Preparing domain...
LVL-MIN: 1 [1]
LVL-MAX: 6 [6]
Creating gates...
Assembling system matrices...
Assembling system filters...
Assembling transfer matrices...
Converting assembled linear system from SparseMatrixCSR, Mem:main to SparseMatrixCSR, Mem:mainand to SparseMatrixCSR, Mem:main...
PCG: 0 : 1.512630e-01
PCG: 1 : 4.492692e-02 / 2.970119e-01
PCG: 2 : 1.275278e-02 / 8.430867e-02
PCG: 3 : 1.881617e-03 / 1.243937e-02
PCG: 4 : 1.632495e-04 / 1.079242e-03
PCG: 5 : 1.919484e-05 / 1.268971e-04
PCG: 6 : 2.230538e-06 / 1.474609e-05
PCG: 0 : 1.254691e-02
PCG: 1 : 9.792049e-04 / 7.804348e-02
PCG: 2 : 1.838562e-04 / 1.465350e-02
PCG: 3 : 2.779730e-05 / 2.215469e-03
PCG: 4 : 2.872220e-06 / 2.289185e-04
PCG: 5 : 3.342329e-07 / 2.663865e-05
PCG: 6 : 2.899677e-08 / 2.311068e-06
PCG: 0 : 3.738693e-08
PCG: 1 : 6.467991e-09 / 1.730014e-01
PCG: 2 : 6.532002e-10 / 1.747135e-02
PCG: 3 : 6.714154e-11 / 1.795856e-03
PCG: 4 : 9.625651e-12 / 2.574603e-04
PCG: 5 : 9.991441e-13 / 2.672442e-05
PCG: 6 : 9.030958e-14 / 2.415539e-06

PCG ( VCycle ( S: Scale / C: Scale )  )

Complete solver TOE: 0.015257
0.731094 GFlop/s [0.731094 GFlops/s]

Total time: 0.015257s
Accumulated op time: 0.013006

Reductions: 1.82867%
Blas-1: 5.545%
Blas-2: 77.8725%
Precon Kernels: 0%
MPI Execution: 0%
MPI Wait: 0%
Not covered: 14.7539%

Domain size: 0.434235 MByte
LA size: 1.44326 MByte
MPI size: 0.0436707 MByte

H0-Error: 1.098307e-04
H1-Error: 3.227246e-02

Writing DATA to output.data...
Run-Time: 0:00.067 [0:00.067]
0xb33959f8 Error: MemoryPool<CPU> still contains memory chunks on deconstructor call
