NUM-PROCS: 1
Preparing domain...
LVL-MIN: 3 [3]
LVL-MAX: 10 [10]
Creating gates...
Assembling system matrices...
Assembling system filters...
Assembling transfer matrices...
Converting assembled linear system from SparseMatrixCSR, Mem:main to SparseMatrixCSR, Mem:mainand to SparseMatrixCSR, Mem:main...
PCG:  0 : 9.473041e-03
PCG:  1 : 1.006261e-02 / 1.062237e+00
PCG:  2 : 1.258877e-02 / 1.328905e+00
PCG:  3 : 1.013591e-02 / 1.069975e+00
PCG:  4 : 2.931926e-03 / 3.095022e-01
PCG:  5 : 5.951559e-04 / 6.282628e-02
PCG:  6 : 8.540110e-05 / 9.015173e-03
PCG:  7 : 1.482350e-05 / 1.564809e-03
PCG:  8 : 1.493456e-05 / 1.576533e-03
PCG:  9 : 1.586175e-05 / 1.674410e-03
PCG: 10 : 1.874286e-06 / 1.978548e-04
PCG: 11 : 2.207979e-07 / 2.330803e-05
PCG: 12 : 1.089735e-07 / 1.150354e-05
PCG: 13 : 3.387164e-08 / 3.575583e-06
PCG: 14 : 1.116443e-08 / 1.178548e-06
PCG: 15 : 5.604565e-09 / 5.916332e-07
PCG:  0 : 2.185348e-04
PCG:  1 : 4.767484e-04 / 2.181567e+00
PCG:  2 : 2.668643e-04 / 1.221152e+00
PCG:  3 : 4.197632e-05 / 1.920807e-01
PCG:  4 : 1.919108e-05 / 8.781704e-02
PCG:  5 : 3.243579e-06 / 1.484239e-02
PCG:  6 : 6.996129e-07 / 3.201379e-03
PCG:  7 : 3.361360e-07 / 1.538135e-03
PCG:  8 : 1.406104e-07 / 6.434234e-04
PCG:  9 : 3.720444e-08 / 1.702449e-04
PCG: 10 : 1.052855e-08 / 4.817790e-05
PCG: 11 : 7.735793e-09 / 3.539844e-05
PCG: 12 : 4.924596e-09 / 2.253460e-05
PCG: 13 : 4.210021e-09 / 1.926476e-05
PCG: 14 : 1.167746e-09 / 5.343525e-06
PCG: 15 : 3.883352e-10 / 1.776994e-06
PCG:  0 : 8.381002e-08
PCG:  1 : 4.999906e-07 / 5.965762e+00
PCG:  2 : 7.591380e-08 / 9.057842e-01
PCG:  3 : 1.275119e-08 / 1.521440e-01
PCG:  4 : 3.952043e-09 / 4.715478e-02
PCG:  5 : 1.593125e-09 / 1.900876e-02
PCG:  6 : 4.704663e-10 / 5.613485e-03
PCG:  7 : 2.635356e-10 / 3.144441e-03
PCG:  8 : 8.124860e-11 / 9.694378e-04
PCG:  9 : 2.853255e-11 / 3.404432e-04
PCG: 10 : 1.007787e-11 / 1.202466e-04
PCG: 11 : 3.238998e-12 / 3.864691e-05
PCG: 12 : 9.086643e-13 / 1.084195e-05
PCG: 13 : 7.456205e-13 / 8.896555e-06
PCG: 14 : 5.502304e-13 / 6.565210e-06
PCG: 15 : 2.035240e-13 / 2.428396e-06
PCG:  0 : 6.564741e-11
PCG:  1 : 3.384552e-10 / 5.155652e+00
PCG:  2 : 7.804259e-11 / 1.188814e+00
PCG:  3 : 2.151190e-11 / 3.276885e-01
PCG:  4 : 8.420585e-12 / 1.282699e-01
PCG:  5 : 2.181257e-12 / 3.322686e-02
PCG:  6 : 1.668425e-12 / 2.541494e-02
PCG:  7 : 4.671900e-13 / 7.116656e-03
PCG:  8 : 1.034880e-13 / 1.576422e-03
PCG:  9 : 2.484218e-14 / 3.784183e-04
PCG: 10 : 9.888224e-15 / 1.506262e-04
PCG: 11 : 4.992530e-15 / 7.605067e-05
PCG: 12 : 4.041686e-15 / 6.156658e-05
PCG: 13 : 2.809029e-15 / 4.278964e-05
PCG: 14 : 9.288282e-16 / 1.414874e-05
PCG: 15 : 2.369554e-16 / 3.609517e-06

PCG ( VCycle ( S: Scale / C: Scale )  )

Complete solver TOE: 23.2359
0.0204112 GFlop/s [0.0204112 GFlops/s]

Total time: 23.2359s
Accumulated op time: 22.7006

Reductions: 1.63569%
Blas-1: 5.18867%
Blas-2: 90.8716%
Precon Kernels: 0%
MPI Execution: 0%
MPI Wait: 0%
Not covered: 2.30403%

Domain size: 106.946 MByte
LA size: 356.551 MByte
MPI size: 10.6978 MByte

H0-Error: 4.290882e-07
H1-Error: 2.017209e-03

Writing DATA to output.data...
Run-Time: 0:33.032 [0:33.032]
0xb32ef9f8 Error: MemoryPool<CPU> still contains memory chunks on deconstructor call
