NUM-PROCS: 1
Preparing domain...
LVL-MIN: 5 [5]
LVL-MAX: 10 [10]
Creating gates...
Assembling system matrices...
Assembling system filters...
Assembling transfer matrices...
Converting assembled linear system from SparseMatrixCSR, Mem:main to SparseMatrixELL, Mem:cudaand to SparseMatrixELL, Mem:cuda...
PCG:  0 : 9.473711e-03
PCG:  1 : 4.064152e-02 / 4.289926e+00
PCG:  2 : 4.515586e-02 / 4.766439e+00
PCG:  3 : 1.234706e-01 / 1.303297e+01
PCG:  4 : 2.105793e-01 / 2.222775e+01
PCG:  5 : 1.790856e-01 / 1.890343e+01
PCG:  6 : 1.624106e-01 / 1.714329e+01
PCG:  7 : 9.675748e-02 / 1.021326e+01
PCG:  8 : 7.074948e-02 / 7.467980e+00
PCG:  9 : 7.190540e-02 / 7.589993e+00
PCG: 10 : 4.880281e-02 / 5.151393e+00
PCG: 11 : 2.547698e-02 / 2.689229e+00
PCG:  0 : 2.549036e-02
PCG:  1 : 1.782473e-02 / 6.992734e-01
PCG:  2 : 1.036603e-02 / 4.066646e-01
PCG:  3 : 5.388005e-03 / 2.113742e-01
PCG:  4 : 3.515220e-03 / 1.379039e-01
PCG:  5 : 3.025215e-03 / 1.186808e-01
PCG:  6 : 1.779418e-03 / 6.980748e-02
PCG:  7 : 1.426255e-03 / 5.595272e-02
PCG:  8 : 5.968880e-04 / 2.341622e-02
PCG:  9 : 3.466656e-04 / 1.359987e-02
PCG: 10 : 5.590954e-04 / 2.193360e-02
PCG: 11 : 7.199335e-04 / 2.824336e-02
PCG:  0 : 7.199337e-04
PCG:  1 : 3.428632e-04 / 4.762428e-01
PCG:  2 : 2.101998e-04 / 2.919711e-01
PCG:  3 : 2.605563e-04 / 3.619170e-01
PCG:  4 : 4.133506e-04 / 5.741509e-01
PCG:  5 : 3.893785e-04 / 5.408533e-01
PCG:  6 : 4.369432e-04 / 6.069214e-01
PCG:  7 : 3.787627e-04 / 5.261078e-01
PCG:  8 : 3.083782e-04 / 4.283425e-01
PCG:  9 : 2.591781e-04 / 3.600027e-01
PCG: 10 : 1.497983e-04 / 2.080723e-01
PCG: 11 : 7.463954e-05 / 1.036756e-01
PCG:  0 : 7.463957e-05
PCG:  1 : 6.757073e-05 / 9.052938e-01
PCG:  2 : 3.252138e-05 / 4.357124e-01
PCG:  3 : 2.147730e-05 / 2.877468e-01
PCG:  4 : 2.341839e-05 / 3.137531e-01
PCG:  5 : 2.027015e-05 / 2.715738e-01
PCG:  6 : 1.723674e-05 / 2.309330e-01
PCG:  7 : 1.093950e-05 / 1.465643e-01
PCG:  8 : 3.855822e-06 / 5.165923e-02
PCG:  9 : 3.233796e-06 / 4.332549e-02
PCG: 10 : 3.355546e-06 / 4.495667e-02
PCG: 11 : 2.939494e-06 / 3.938252e-02
PCG:  0 : 2.939494e-06
PCG:  1 : 2.035455e-06 / 6.924507e-01
PCG:  2 : 1.832364e-06 / 6.233605e-01
PCG:  3 : 2.499261e-06 / 8.502350e-01
PCG:  4 : 3.718915e-06 / 1.265155e+00
PCG:  5 : 2.857599e-06 / 9.721397e-01
PCG:  6 : 2.894570e-06 / 9.847170e-01
PCG:  7 : 1.999077e-06 / 6.800752e-01
PCG:  8 : 1.199135e-06 / 4.079394e-01
PCG:  9 : 9.726593e-07 / 3.308935e-01
PCG: 10 : 8.429016e-07 / 2.867506e-01
PCG: 11 : 5.955618e-07 / 2.026069e-01
PCG:  0 : 5.955625e-07
PCG:  1 : 4.734467e-07 / 7.949571e-01
PCG:  2 : 3.010765e-07 / 5.055329e-01
PCG:  3 : 2.536108e-07 / 4.258341e-01
PCG:  4 : 2.518606e-07 / 4.228953e-01
PCG:  5 : 1.777964e-07 / 2.985353e-01
PCG:  6 : 1.361527e-07 / 2.286120e-01
PCG:  7 : 1.119355e-07 / 1.879493e-01
PCG:  8 : 4.213910e-08 / 7.075512e-02
PCG:  9 : 2.537757e-08 / 4.261110e-02
PCG: 10 : 2.568515e-08 / 4.312754e-02
PCG: 11 : 3.251168e-08 / 5.458986e-02
PCG:  0 : 3.251169e-08
PCG:  1 : 2.235775e-08 / 6.876833e-01
PCG:  2 : 1.969220e-08 / 6.056961e-01
PCG:  3 : 2.773658e-08 / 8.531265e-01
PCG:  4 : 4.275659e-08 / 1.315114e+00
PCG:  5 : 3.047620e-08 / 9.373921e-01
PCG:  6 : 2.757650e-08 / 8.482027e-01
PCG:  7 : 1.858537e-08 / 5.716518e-01
PCG:  8 : 1.175784e-08 / 3.616497e-01
PCG:  9 : 1.021222e-08 / 3.141093e-01
PCG: 10 : 1.041713e-08 / 3.204118e-01
PCG: 11 : 8.567121e-09 / 2.635089e-01

PCG ( VCycle ( S: Scale / C: Scale )  )

Complete solver TOE: 11.7718
0.265924 GFlop/s [0.265924 GFlops/s]

Total time: 11.7718s
Accumulated op time: 6.93573

Reductions: 56.3695%
Blas-1: 1.35846%
Blas-2: 1.19017%
Precon Kernels: 0%
MPI Execution: 0%
MPI Wait: 0%
Not covered: 41.0819%

Domain size: 106.918 MByte
LA size: 356.315 MByte
MPI size: 10.6949 MByte

H0-Error: 4.312125e-07
H1-Error: 2.017209e-03

Writing DATA to output.data...
Run-Time: 0:23.343 [0:23.343]
0xb332a9f8 Error: MemoryPool<CUDA> still contains memory chunks on deconstructor call
