NUM-PROCS: 1
Preparing domain...
LVL-MIN: 3 [3]
LVL-MAX: 6 [6]
Creating gates...
Assembling system matrices...
Assembling system filters...
Assembling transfer matrices...
Converting assembled linear system from SparseMatrixCSR, Mem:main to SparseMatrixCSR, Mem:mainand to SparseMatrixCSR, Mem:main...
PCG: 0 : 1.512630e-01
PCG: 1 : 1.459590e-01 / 9.649351e-01
PCG: 2 : 1.248539e-01 / 8.254097e-01
PCG: 3 : 6.604210e-02 / 4.366045e-01
PCG: 4 : 4.788409e-03 / 3.165618e-02
PCG: 0 : 1.213816e-02
PCG: 1 : 3.072424e-03 / 2.531211e-01
PCG: 2 : 3.613174e-03 / 2.976707e-01
PCG: 3 : 1.896595e-03 / 1.562507e-01
PCG: 4 : 7.316880e-04 / 6.027998e-02
PCG: 0 : 7.316876e-04
PCG: 1 : 1.593101e-04 / 2.177297e-01
PCG: 2 : 1.055413e-04 / 1.442436e-01
PCG: 3 : 4.076768e-05 / 5.571732e-02
PCG: 4 : 3.504442e-05 / 4.789533e-02
PCG: 0 : 3.504442e-05
PCG: 1 : 1.559916e-05 / 4.451255e-01
PCG: 2 : 1.412466e-05 / 4.030502e-01
PCG: 3 : 6.942437e-06 / 1.981039e-01
PCG: 4 : 3.147960e-06 / 8.982771e-02
PCG: 0 : 3.147962e-06
PCG: 1 : 8.483577e-07 / 2.694943e-01
PCG: 2 : 5.127270e-07 / 1.628759e-01
PCG: 3 : 2.375396e-07 / 7.545824e-02
PCG: 4 : 1.738523e-07 / 5.522693e-02
PCG: 0 : 1.738522e-07
PCG: 1 : 9.993592e-08 / 5.748328e-01
PCG: 2 : 7.414816e-08 / 4.265012e-01
PCG: 3 : 3.532112e-08 / 2.031676e-01
PCG: 4 : 1.940706e-08 / 1.116296e-01

PCG ( VCycle ( S: Scale / C: Scale )  )

Complete solver TOE: 0.018016
0.838331 GFlop/s [0.838331 GFlops/s]

Total time: 0.018016s
Accumulated op time: 0.015926

Reductions: 1.8095%
Blas-1: 5.01221%
Blas-2: 81.5775%
Precon Kernels: 0%
MPI Execution: 0%
MPI Wait: 0%
Not covered: 11.6008%

Domain size: 0.431763 MByte
LA size: 1.42664 MByte
MPI size: 0.043396 MByte

H0-Error: 1.098299e-04
H1-Error: 3.227246e-02

Writing DATA to output.data...
Run-Time: 0:00.080 [0:00.080]
0xb33d49f8 Error: MemoryPool<CPU> still contains memory chunks on deconstructor call
