NUM-PROCS: 1
Preparing domain...
LVL-MIN: 5 [5]
LVL-MAX: 10 [10]
Creating gates...
Assembling system matrices...
Assembling system filters...
Assembling transfer matrices...
Converting assembled linear system from SparseMatrixCSR, Mem:main to SparseMatrixELL, Mem:cudaand to SparseMatrixELL, Mem:cuda...
PCG: 0 : 9.473711e-03
PCG: 1 : 4.064152e-02 / 4.289926e+00
PCG: 2 : 4.515586e-02 / 4.766439e+00
PCG: 3 : 1.234706e-01 / 1.303297e+01
PCG: 4 : 2.105793e-01 / 2.222775e+01
PCG: 5 : 1.790856e-01 / 1.890343e+01
PCG: 6 : 1.624106e-01 / 1.714329e+01
PCG: 7 : 9.675748e-02 / 1.021326e+01
PCG: 0 : 9.676081e-02
PCG: 1 : 9.099646e-02 / 9.404268e-01
PCG: 2 : 6.235445e-02 / 6.444184e-01
PCG: 3 : 3.750707e-02 / 3.876266e-01
PCG: 4 : 1.742439e-02 / 1.800769e-01
PCG: 5 : 1.145845e-02 / 1.184203e-01
PCG: 6 : 1.721349e-02 / 1.778973e-01
PCG: 7 : 2.714834e-02 / 2.805716e-01
PCG: 0 : 2.714833e-02
PCG: 1 : 1.634385e-02 / 6.020204e-01
PCG: 2 : 1.043463e-02 / 3.843563e-01
PCG: 3 : 9.472500e-03 / 3.489164e-01
PCG: 4 : 6.782940e-03 / 2.498474e-01
PCG: 5 : 7.239009e-03 / 2.666465e-01
PCG: 6 : 1.155149e-02 / 4.254955e-01
PCG: 7 : 8.424543e-03 / 3.103153e-01
PCG: 0 : 8.424544e-03
PCG: 1 : 8.044515e-03 / 9.548903e-01
PCG: 2 : 4.696881e-03 / 5.575235e-01
PCG: 3 : 3.464432e-03 / 4.112308e-01
PCG: 4 : 3.711405e-03 / 4.405467e-01
PCG: 5 : 4.158908e-03 / 4.936657e-01
PCG: 6 : 5.866314e-03 / 6.963361e-01
PCG: 7 : 8.391611e-03 / 9.960909e-01
PCG: 0 : 8.391611e-03
PCG: 1 : 4.286192e-03 / 5.107711e-01
PCG: 2 : 2.517927e-03 / 3.000529e-01
PCG: 3 : 2.203517e-03 / 2.625857e-01
PCG: 4 : 1.907894e-03 / 2.273573e-01
PCG: 5 : 2.295059e-03 / 2.734944e-01
PCG: 6 : 3.276140e-03 / 3.904066e-01
PCG: 7 : 2.875020e-03 / 3.426065e-01
PCG: 0 : 2.875020e-03
PCG: 1 : 2.334105e-03 / 8.118569e-01
PCG: 2 : 1.361154e-03 / 4.734415e-01
PCG: 3 : 1.108433e-03 / 3.855392e-01
PCG: 4 : 1.104704e-03 / 3.842420e-01
PCG: 5 : 1.158436e-03 / 4.029315e-01
PCG: 6 : 1.738996e-03 / 6.048637e-01
PCG: 7 : 2.683325e-03 / 9.333236e-01
PCG: 0 : 2.683325e-03
PCG: 1 : 1.305445e-03 / 4.865027e-01
PCG: 2 : 7.432748e-04 / 2.769977e-01
PCG: 3 : 6.694166e-04 / 2.494728e-01
PCG: 4 : 5.731221e-04 / 2.135866e-01
PCG: 5 : 6.530945e-04 / 2.433900e-01
PCG: 6 : 9.640522e-04 / 3.592753e-01
PCG: 7 : 8.916404e-04 / 3.322894e-01
PCG: 0 : 8.916404e-04
PCG: 1 : 7.196394e-04 / 8.070960e-01
PCG: 2 : 4.089657e-04 / 4.586666e-01
PCG: 3 : 3.233098e-04 / 3.626011e-01
PCG: 4 : 3.283150e-04 / 3.682146e-01
PCG: 5 : 3.437776e-04 / 3.855563e-01
PCG: 6 : 5.222404e-04 / 5.857074e-01
PCG: 7 : 8.363337e-04 / 9.379719e-01
PCG: 0 : 8.363337e-04
PCG: 1 : 4.055318e-04 / 4.848923e-01
PCG: 2 : 2.260577e-04 / 2.702961e-01
PCG: 3 : 2.018205e-04 / 2.413158e-01
PCG: 4 : 1.768961e-04 / 2.115137e-01
PCG: 5 : 1.975428e-04 / 2.362009e-01
PCG: 6 : 2.896788e-04 / 3.463675e-01
PCG: 7 : 2.759858e-04 / 3.299948e-01
PCG: 0 : 2.759858e-04
PCG: 1 : 2.232312e-04 / 8.088502e-01
PCG: 2 : 1.280546e-04 / 4.639899e-01
PCG: 3 : 1.027144e-04 / 3.721729e-01
PCG: 4 : 1.015549e-04 / 3.679717e-01
PCG: 5 : 1.043511e-04 / 3.781033e-01
PCG: 6 : 1.592834e-04 / 5.771436e-01
PCG: 7 : 2.575738e-04 / 9.332865e-01
PCG: 0 : 2.575738e-04
PCG: 1 : 1.259364e-04 / 4.889334e-01
PCG: 2 : 7.084177e-05 / 2.750348e-01
PCG: 3 : 6.431673e-05 / 2.497021e-01
PCG: 4 : 5.664394e-05 / 2.199134e-01
PCG: 5 : 6.138637e-05 / 2.383254e-01
PCG: 6 : 8.811092e-05 / 3.420802e-01
PCG: 7 : 8.409826e-05 / 3.265016e-01
PCG: 0 : 8.409826e-05
PCG: 1 : 6.903701e-05 / 8.209088e-01
PCG: 2 : 4.103391e-05 / 4.879281e-01
PCG: 3 : 3.376482e-05 / 4.014925e-01
PCG: 4 : 3.293219e-05 / 3.915918e-01
PCG: 5 : 3.276457e-05 / 3.895986e-01
PCG: 6 : 4.885743e-05 / 5.809565e-01
PCG: 7 : 7.894629e-05 / 9.387386e-01
PCG: 0 : 7.894629e-05
PCG: 1 : 3.922195e-05 / 4.968182e-01
PCG: 2 : 2.282033e-05 / 2.890615e-01
PCG: 3 : 2.146587e-05 / 2.719048e-01
PCG: 4 : 1.898810e-05 / 2.405193e-01
PCG: 5 : 1.961284e-05 / 2.484327e-01
PCG: 6 : 2.699749e-05 / 3.419729e-01
PCG: 7 : 2.578652e-05 / 3.266337e-01
PCG: 0 : 2.578652e-05
PCG: 1 : 2.157392e-05 / 8.366356e-01
PCG: 2 : 1.353114e-05 / 5.247369e-01
PCG: 3 : 1.162446e-05 / 4.507959e-01
PCG: 4 : 1.113404e-05 / 4.317776e-01
PCG: 5 : 1.052473e-05 / 4.081486e-01
PCG: 6 : 1.516466e-05 / 5.880849e-01
PCG: 7 : 2.461157e-05 / 9.544354e-01
PCG: 0 : 2.461157e-05
PCG: 1 : 1.244615e-05 / 5.057032e-01
PCG: 2 : 7.557935e-06 / 3.070887e-01
PCG: 3 : 7.394117e-06 / 3.004326e-01
PCG: 4 : 6.523095e-06 / 2.650419e-01
PCG: 5 : 6.381839e-06 / 2.593025e-01
PCG: 6 : 8.426236e-06 / 3.423689e-01
PCG: 7 : 8.127907e-06 / 3.302475e-01
PCG: 0 : 8.127908e-06
PCG: 1 : 6.922809e-06 / 8.517331e-01
PCG: 2 : 4.552920e-06 / 5.601589e-01
PCG: 3 : 4.056034e-06 / 4.990255e-01
PCG: 4 : 3.817048e-06 / 4.696225e-01
PCG: 5 : 3.437329e-06 / 4.229046e-01
PCG: 6 : 4.826614e-06 / 5.938323e-01
PCG: 7 : 7.930194e-06 / 9.756747e-01
PCG: 0 : 7.930194e-06
PCG: 1 : 4.062433e-06 / 5.122740e-01
PCG: 2 : 2.536270e-06 / 3.198245e-01
PCG: 3 : 2.547395e-06 / 3.212273e-01
PCG: 4 : 2.245194e-06 / 2.831196e-01
PCG: 5 : 2.113374e-06 / 2.664971e-01
PCG: 6 : 2.714502e-06 / 3.422995e-01
PCG: 7 : 2.643890e-06 / 3.333953e-01
PCG: 0 : 2.643890e-06
PCG: 1 : 2.281551e-06 / 8.629523e-01
PCG: 2 : 1.542511e-06 / 5.834249e-01
PCG: 3 : 1.404340e-06 / 5.311643e-01
PCG: 4 : 1.305810e-06 / 4.938973e-01
PCG: 5 : 1.141399e-06 / 4.317120e-01
PCG: 6 : 1.582755e-06 / 5.986465e-01
PCG: 7 : 2.617278e-06 / 9.899346e-01
PCG: 0 : 2.617278e-06
PCG: 1 : 1.352116e-06 / 5.166117e-01
PCG: 2 : 8.537226e-07 / 3.261872e-01
PCG: 3 : 8.697814e-07 / 3.323229e-01
PCG: 4 : 7.693112e-07 / 2.939356e-01
PCG: 5 : 7.097949e-07 / 2.711959e-01
PCG: 6 : 8.979706e-07 / 3.430934e-01
PCG: 7 : 8.748332e-07 / 3.342531e-01
PCG: 0 : 8.748333e-07
PCG: 1 : 7.625415e-07 / 8.716421e-01
PCG: 2 : 5.233260e-07 / 5.982009e-01
PCG: 3 : 4.822708e-07 / 5.512716e-01
PCG: 4 : 4.452396e-07 / 5.089422e-01
PCG: 5 : 3.829406e-07 / 4.377298e-01
PCG: 6 : 5.282346e-07 / 6.038117e-01
PCG: 7 : 8.727291e-07 / 9.975947e-01
PCG: 0 : 8.727291e-07
PCG: 1 : 4.537014e-07 / 5.198651e-01
PCG: 2 : 2.875877e-07 / 3.295269e-01
PCG: 3 : 2.955376e-07 / 3.386361e-01
PCG: 4 : 2.627521e-07 / 3.010695e-01
PCG: 5 : 2.399050e-07 / 2.748906e-01
PCG: 6 : 3.007857e-07 / 3.446496e-01
PCG: 7 : 2.915390e-07 / 3.340545e-01
PCG: 0 : 2.915391e-07
PCG: 1 : 2.562587e-07 / 8.789856e-01
PCG: 2 : 1.775721e-07 / 6.090850e-01
PCG: 3 : 1.649387e-07 / 5.657517e-01
PCG: 4 : 1.515775e-07 / 5.199219e-01
PCG: 5 : 1.290439e-07 / 4.426298e-01
PCG: 6 : 1.774783e-07 / 6.087632e-01
PCG: 7 : 2.921617e-07 / 1.002136e+00
PCG: 0 : 2.921617e-07
PCG: 1 : 1.526612e-07 / 5.225229e-01
PCG: 2 : 9.696291e-08 / 3.318810e-01
PCG: 3 : 1.002434e-07 / 3.431094e-01
PCG: 4 : 8.954264e-08 / 3.064832e-01
PCG: 5 : 8.124619e-08 / 2.780864e-01
PCG: 6 : 1.012281e-07 / 3.464797e-01
PCG: 7 : 9.748370e-08 / 3.336636e-01
PCG: 0 : 9.748370e-08
PCG: 1 : 8.631251e-08 / 8.854045e-01
PCG: 2 : 6.024570e-08 / 6.180080e-01
PCG: 3 : 5.627667e-08 / 5.772932e-01
PCG: 4 : 5.155353e-08 / 5.288426e-01
PCG: 5 : 4.356515e-08 / 4.468968e-01
PCG: 6 : 5.978261e-08 / 6.132575e-01
PCG: 7 : 9.799903e-08 / 1.005286e+00
PCG: 0 : 9.799903e-08
PCG: 1 : 5.143900e-08 / 5.248929e-01
PCG: 2 : 3.271850e-08 / 3.338656e-01
PCG: 3 : 3.397250e-08 / 3.466617e-01
PCG: 4 : 3.046259e-08 / 3.108459e-01
PCG: 5 : 2.752886e-08 / 2.809095e-01
PCG: 6 : 3.413769e-08 / 3.483472e-01
PCG: 7 : 3.266964e-08 / 3.333670e-01
PCG: 0 : 3.266965e-08
PCG: 1 : 2.910796e-08 / 8.909789e-01
PCG: 2 : 2.043557e-08 / 6.255217e-01
PCG: 3 : 1.916505e-08 / 5.866317e-01
PCG: 4 : 1.751827e-08 / 5.362247e-01
PCG: 5 : 1.472257e-08 / 4.506497e-01
PCG: 6 : 2.016072e-08 / 6.171087e-01
PCG: 7 : 3.291232e-08 / 1.007428e+00
PCG: 0 : 3.291232e-08
PCG: 1 : 1.734518e-08 / 5.270119e-01
PCG: 2 : 1.105041e-08 / 3.357529e-01
PCG: 3 : 1.150688e-08 / 3.496223e-01
PCG: 4 : 1.034703e-08 / 3.143818e-01
PCG: 5 : 9.329058e-09 / 2.834519e-01
PCG: 6 : 1.152654e-08 / 3.502196e-01
PCG: 7 : 1.096513e-08 / 3.331618e-01
PCG: 0 : 1.096513e-08
PCG: 1 : 9.825170e-09 / 8.960378e-01
PCG: 2 : 6.930931e-09 / 6.320884e-01
PCG: 3 : 6.516420e-09 / 5.942858e-01
PCG: 4 : 5.948218e-09 / 5.424668e-01
PCG: 5 : 4.980771e-09 / 4.542374e-01
PCG: 6 : 6.804922e-09 / 6.205966e-01
PCG: 7 : 1.106377e-08 / 1.008996e+00

PCG ( VCycle ( S: Scale / C: Scale )  )

Complete solver TOE: 23.8839
0.0123089 GFlop/s [0.0123089 GFlops/s]

Total time: 23.8839s
Accumulated op time: 18.0202

Reductions: 71.8116%
Blas-1: 1.94173%
Blas-2: 1.69574%
Precon Kernels: 0%
MPI Execution: 0%
MPI Wait: 0%
Not covered: 24.551%

Domain size: 106.918 MByte
LA size: 356.315 MByte
MPI size: 10.6949 MByte

H0-Error: 4.339057e-07
H1-Error: 2.017209e-03

Writing DATA to output.data...
Run-Time: 0:35.447 [0:35.447]
0xb33a79f8 Error: MemoryPool<CUDA> still contains memory chunks on deconstructor call
