NUM-PROCS: 1
Preparing domain...
LVL-MIN: 3 [3]
LVL-MAX: 7 [7]
Creating gates...
Assembling system matrices...
Assembling system filters...
Assembling transfer matrices...
Converting assembled linear system from SparseMatrixCSR, Mem:main to SparseMatrixELL, Mem:cudaand to SparseMatrixELL, Mem:cuda...
PCG: 0 : 7.572471e-02
PCG: 1 : 7.534431e-02 / 9.949765e-01
PCG: 2 : 7.357041e-02 / 9.715508e-01
PCG: 0 : 7.362413e-02
PCG: 1 : 4.551227e-02 / 6.181706e-01
PCG: 2 : 1.923375e-02 / 2.612424e-01
PCG: 0 : 1.923374e-02
PCG: 1 : 1.048568e-02 / 5.451712e-01
PCG: 2 : 4.772595e-03 / 2.481366e-01
PCG: 0 : 4.772596e-03
PCG: 1 : 4.734218e-03 / 9.919586e-01
PCG: 2 : 4.336451e-03 / 9.086146e-01
PCG: 0 : 4.336451e-03
PCG: 1 : 2.092722e-03 / 4.825886e-01
PCG: 2 : 1.204836e-03 / 2.778391e-01
PCG: 0 : 1.204836e-03
PCG: 1 : 1.054981e-03 / 8.756223e-01
PCG: 2 : 1.041615e-03 / 8.645285e-01
PCG: 0 : 1.041615e-03
PCG: 1 : 4.639462e-04 / 4.454105e-01
PCG: 2 : 2.962184e-04 / 2.843838e-01
PCG: 0 : 2.962184e-04
PCG: 1 : 2.464745e-04 / 8.320703e-01
PCG: 2 : 2.521457e-04 / 8.512155e-01
PCG: 0 : 2.521457e-04
PCG: 1 : 1.092557e-04 / 4.333038e-01
PCG: 2 : 7.222605e-05 / 2.864457e-01
PCG: 0 : 7.222606e-05
PCG: 1 : 5.922401e-05 / 8.199812e-01
PCG: 2 : 6.111486e-05 / 8.461608e-01
PCG: 0 : 6.111486e-05
PCG: 1 : 2.637803e-05 / 4.316140e-01
PCG: 2 : 1.758554e-05 / 2.877457e-01
PCG: 0 : 1.758554e-05
PCG: 1 : 1.438679e-05 / 8.181035e-01
PCG: 2 : 1.483646e-05 / 8.436738e-01
PCG: 0 : 1.483646e-05
PCG: 1 : 6.423244e-06 / 4.329365e-01
PCG: 2 : 4.284474e-06 / 2.887800e-01
PCG: 0 : 4.284474e-06
PCG: 1 : 3.508692e-06 / 8.189318e-01
PCG: 2 : 3.607799e-06 / 8.420636e-01
PCG: 0 : 3.607799e-06
PCG: 1 : 1.568661e-06 / 4.347972e-01
PCG: 2 : 1.044900e-06 / 2.896225e-01
PCG: 0 : 1.044900e-06
PCG: 1 : 8.571070e-07 / 8.202768e-01
PCG: 2 : 8.785764e-07 / 8.408237e-01

PCG ( VCycle ( S: Scale / C: Scale )  )

Complete solver TOE: 0.651861
0.133577 GFlop/s [0.133577 GFlops/s]

Total time: 0.651861s
Accumulated op time: 0.070535

Reductions: 4.64363%
Blas-1: 3.24287%
Blas-2: 2.93406%
Precon Kernels: 0%
MPI Execution: 0%
MPI Wait: 0%
Not covered: 89.1794%

Domain size: 1.6994 MByte
LA size: 5.63599 MByte
MPI size: 0.170364 MByte

H0-Error: 2.766646e-05
H1-Error: 1.613732e-02

Writing DATA to output.data...
Run-Time: 0:00.862 [0:00.862]
0xb33ae9f8 Error: MemoryPool<CUDA> still contains memory chunks on deconstructor call
