NUM-PROCS: 1
Preparing domain...
LVL-MIN: 1 [1]
LVL-MAX: 2 [2]
Creating gates...
Assembling system matrices...
Assembling system filters...
Assembling transfer matrices...
Converting assembled linear system from SparseMatrixCSR, Mem:main to SparseMatrixCSR, Mem:mainand to SparseMatrixCSR, Mem:main...
PCG: 0 : 2.089359e+00
PCG: 1 : 4.061820e-01 / 1.944051e-01
PCG: 2 : 2.397079e-03 / 1.147280e-03
PCG: 3 : 1.188836e-08 / 5.689955e-09
PCG: 0 : 2.547273e+00
PCG: 1 : 5.944772e-01 / 2.333779e-01
PCG: 2 : 2.367253e-03 / 9.293284e-04
PCG: 3 : 6.694286e-09 / 2.628020e-09

PCG ( VCycle ( S: Scale / C: Scale )  )

Complete solver TOE: 0.000336
0.0456399 GFlop/s [0.0456399 GFlops/s]

Total time: 0.000336s
Accumulated op time: 5.5e-05

Reductions: 4.7619%
Blas-1: 3.57143%
Blas-2: 8.03571%
Precon Kernels: 0%
MPI Execution: 0%
MPI Wait: 0%
Not covered: 83.631%

Domain size: 0.00247192 MByte
LA size: 0.006073 MByte
MPI size: 0.000274658 MByte

H0-Error: 2.702811e-02
H1-Error: 5.041381e-01

Writing DATA to output.data...
Run-Time: 0:00.014 [0:00.014]
0xb330d9f8 Error: MemoryPool<CPU> still contains memory chunks on deconstructor call
