NUM-PROCS: 1
Preparing domain...
LVL-MIN: 3 [3]
LVL-MAX: 9 [9]
Creating gates...
Assembling system matrices...
Assembling system filters...
Assembling transfer matrices...
Converting assembled linear system from SparseMatrixCSR, Mem:main to SparseMatrixCSR, Mem:mainand to SparseMatrixCSR, Mem:main...
PCG: 0 : 1.894412e-02
PCG: 1 : 1.973892e-02 / 1.041955e+00
PCG: 2 : 2.306060e-02 / 1.217296e+00
PCG: 3 : 1.762546e-02 / 9.303921e-01
PCG: 4 : 4.224617e-03 / 2.230041e-01
PCG: 0 : 4.255465e-03
PCG: 1 : 7.562746e-04 / 1.777185e-01
PCG: 2 : 6.761339e-05 / 1.588860e-02
PCG: 3 : 2.487986e-05 / 5.846568e-03
PCG: 4 : 4.779213e-05 / 1.123077e-02
PCG: 0 : 4.779211e-05
PCG: 1 : 2.507778e-05 / 5.247264e-01
PCG: 2 : 2.056842e-05 / 4.303727e-01
PCG: 3 : 1.340826e-05 / 2.805538e-01
PCG: 4 : 5.575493e-06 / 1.166614e-01
PCG: 0 : 5.575489e-06
PCG: 1 : 1.959115e-06 / 3.513799e-01
PCG: 2 : 4.957300e-07 / 8.891238e-02
PCG: 3 : 1.879526e-07 / 3.371051e-02
PCG: 4 : 1.037866e-07 / 1.861479e-02
PCG: 0 : 1.037865e-07
PCG: 1 : 6.889876e-08 / 6.638506e-01
PCG: 2 : 8.434597e-08 / 8.126870e-01
PCG: 3 : 9.645155e-08 / 9.293262e-01
PCG: 4 : 3.620854e-08 / 3.488751e-01

PCG ( VCycle ( S: Scale / C: Scale )  )

Complete solver TOE: 0.325089
2.47033 GFlop/s [2.47033 GFlops/s]

Total time: 0.325089s
Accumulated op time: 0.311333

Reductions: 7.33522%
Blas-1: 5.91253%
Blas-2: 82.5208%
Precon Kernels: 0%
MPI Execution: 0%
MPI Wait: 0%
Not covered: 4.23146%

Domain size: 48.2146 MByte
LA size: 121.061 MByte
MPI size: 2.68217 MByte

H0-Error: 1.717115e-06
H1-Error: 4.034414e-03

Writing DATA to output.data...
Run-Time: 0:00.887 [0:00.887]
0x31d198e880 Error: MemoryPool<CPU> still contains memory chunks on deconstructor call
