NUM-PROCS: 1
Preparing domain...
LVL-MIN: 6 [6]
LVL-MAX: 9 [9]
Creating gates...
Assembling system matrices...
Assembling system filters...
Assembling transfer matrices...
Converting assembled linear system from SparseMatrixCSR, Mem:main to SparseMatrixELL, Mem:cudaand to SparseMatrixELL, Mem:cuda...
PCG: 0 : 1.894534e-02
PCG: 1 : 1.596297e-01 / 8.425805e+00
PCG: 2 : 1.434520e-01 / 7.571887e+00
PCG: 3 : 2.809196e-01 / 1.482790e+01
PCG: 4 : 2.514510e-01 / 1.327244e+01
PCG: 5 : 1.382852e-01 / 7.299170e+00
PCG: 6 : 1.655620e-01 / 8.738929e+00
PCG: 7 : 1.904219e-01 / 1.005112e+01
PCG: 8 : 2.012583e-01 / 1.062310e+01
PCG: 9 : 1.579704e-01 / 8.338222e+00
PCG: 0 : 1.580427e-01
PCG: 1 : 1.246028e-01 / 7.884124e-01
PCG: 2 : 1.136683e-01 / 7.192253e-01
PCG: 3 : 1.101309e-01 / 6.968427e-01
PCG: 4 : 9.195162e-02 / 5.818151e-01
PCG: 5 : 1.156612e-01 / 7.318349e-01
PCG: 6 : 1.054993e-01 / 6.675371e-01
PCG: 7 : 6.839909e-02 / 4.327887e-01
PCG: 8 : 7.765344e-02 / 4.913447e-01
PCG: 9 : 9.299529e-02 / 5.884188e-01
PCG: 0 : 9.299528e-02
PCG: 1 : 5.408732e-02 / 5.816136e-01
PCG: 2 : 3.133919e-02 / 3.369977e-01
PCG: 3 : 3.271282e-02 / 3.517687e-01
PCG: 4 : 2.994021e-02 / 3.219540e-01
PCG: 5 : 3.009441e-02 / 3.236122e-01
PCG: 6 : 2.108660e-02 / 2.267491e-01
PCG: 7 : 1.696433e-02 / 1.824214e-01
PCG: 8 : 2.557043e-02 / 2.749648e-01
PCG: 9 : 4.188789e-02 / 4.504303e-01
PCG: 0 : 4.188790e-02
PCG: 1 : 2.892062e-02 / 6.904289e-01
PCG: 2 : 1.589057e-02 / 3.793594e-01
PCG: 3 : 1.748266e-02 / 4.173678e-01
PCG: 4 : 2.301610e-02 / 5.494691e-01
PCG: 5 : 2.385081e-02 / 5.693961e-01
PCG: 6 : 2.136538e-02 / 5.100610e-01
PCG: 7 : 1.945185e-02 / 4.643787e-01
PCG: 8 : 3.135304e-02 / 7.484987e-01
PCG: 9 : 4.602951e-02 / 1.098874e+00
PCG: 0 : 4.602951e-02
PCG: 1 : 3.001930e-02 / 6.521750e-01
PCG: 2 : 1.621393e-02 / 3.522508e-01
PCG: 3 : 1.641980e-02 / 3.567233e-01
PCG: 4 : 1.685513e-02 / 3.661810e-01
PCG: 5 : 1.631599e-02 / 3.544681e-01
PCG: 6 : 1.174188e-02 / 2.550946e-01
PCG: 7 : 1.063545e-02 / 2.310572e-01
PCG: 8 : 1.682542e-02 / 3.655354e-01
PCG: 9 : 2.349858e-02 / 5.105112e-01
PCG: 0 : 2.349858e-02
PCG: 1 : 1.659738e-02 / 7.063144e-01
PCG: 2 : 9.056208e-03 / 3.853938e-01
PCG: 3 : 9.702303e-03 / 4.128889e-01
PCG: 4 : 1.289713e-02 / 5.488473e-01
PCG: 5 : 1.340383e-02 / 5.704103e-01
PCG: 6 : 1.233068e-02 / 5.247414e-01
PCG: 7 : 1.105961e-02 / 4.706502e-01
PCG: 8 : 1.773601e-02 / 7.547693e-01
PCG: 9 : 2.631334e-02 / 1.119784e+00
PCG: 0 : 2.631334e-02
PCG: 1 : 1.679903e-02 / 6.384225e-01
PCG: 2 : 9.153260e-03 / 3.478562e-01
PCG: 3 : 9.317231e-03 / 3.540877e-01
PCG: 4 : 9.716293e-03 / 3.692535e-01
PCG: 5 : 9.320808e-03 / 3.542236e-01
PCG: 6 : 6.666270e-03 / 2.533418e-01
PCG: 7 : 6.116316e-03 / 2.324416e-01
PCG: 8 : 9.301025e-03 / 3.534718e-01
PCG: 9 : 1.326875e-02 / 5.042593e-01
PCG: 0 : 1.326875e-02
PCG: 1 : 9.305462e-03 / 7.013068e-01
PCG: 2 : 5.066580e-03 / 3.818431e-01
PCG: 3 : 5.529046e-03 / 4.166969e-01
PCG: 4 : 7.579320e-03 / 5.712159e-01
PCG: 5 : 7.756188e-03 / 5.845456e-01
PCG: 6 : 7.043979e-03 / 5.308699e-01
PCG: 7 : 6.575161e-03 / 4.955374e-01
PCG: 8 : 9.901016e-03 / 7.461907e-01
PCG: 9 : 1.472833e-02 / 1.110002e+00
PCG: 0 : 1.472833e-02
PCG: 1 : 9.468402e-03 / 6.428699e-01
PCG: 2 : 5.251012e-03 / 3.565246e-01
PCG: 3 : 5.288000e-03 / 3.590359e-01
PCG: 4 : 5.740113e-03 / 3.897327e-01
PCG: 5 : 5.402999e-03 / 3.668439e-01
PCG: 6 : 3.817469e-03 / 2.591922e-01
PCG: 7 : 3.819605e-03 / 2.593372e-01
PCG: 8 : 5.237205e-03 / 3.555872e-01
PCG: 9 : 7.083360e-03 / 4.809343e-01
PCG: 0 : 7.083360e-03
PCG: 1 : 5.325885e-03 / 7.518868e-01
PCG: 2 : 3.028515e-03 / 4.275535e-01
PCG: 3 : 3.338327e-03 / 4.712915e-01
PCG: 4 : 4.486494e-03 / 6.333851e-01
PCG: 5 : 4.450727e-03 / 6.283357e-01
PCG: 6 : 4.307236e-03 / 6.080781e-01
PCG: 7 : 4.449467e-03 / 6.281577e-01
PCG: 8 : 5.749494e-03 / 8.116902e-01
PCG: 9 : 7.331616e-03 / 1.035048e+00
PCG: 0 : 7.331615e-03
PCG: 1 : 5.491725e-03 / 7.490470e-01
PCG: 2 : 3.331986e-03 / 4.544682e-01
PCG: 3 : 3.223765e-03 / 4.397074e-01
PCG: 4 : 3.232128e-03 / 4.408479e-01
PCG: 5 : 3.090170e-03 / 4.214856e-01
PCG: 6 : 2.447426e-03 / 3.338181e-01
PCG: 7 : 2.557786e-03 / 3.488708e-01
PCG: 8 : 3.019217e-03 / 4.118080e-01
PCG: 9 : 3.697052e-03 / 5.042616e-01
PCG: 0 : 3.697052e-03
PCG: 1 : 3.056069e-03 / 8.266233e-01
PCG: 2 : 1.928573e-03 / 5.216517e-01
PCG: 3 : 2.178425e-03 / 5.892329e-01
PCG: 4 : 2.416648e-03 / 6.536690e-01
PCG: 5 : 2.432401e-03 / 6.579299e-01
PCG: 6 : 2.655216e-03 / 7.181981e-01
PCG: 7 : 2.560774e-03 / 6.926530e-01
PCG: 8 : 3.418261e-03 / 9.245911e-01
PCG: 9 : 4.175310e-03 / 1.129362e+00
PCG: 0 : 4.175309e-03
PCG: 1 : 3.144138e-03 / 7.530313e-01
PCG: 2 : 1.905830e-03 / 4.564524e-01
PCG: 3 : 2.020040e-03 / 4.838062e-01
PCG: 4 : 1.739890e-03 / 4.167093e-01
PCG: 5 : 1.705020e-03 / 4.083578e-01
PCG: 6 : 1.534416e-03 / 3.674975e-01
PCG: 7 : 1.381215e-03 / 3.308055e-01
PCG: 8 : 1.843928e-03 / 4.416268e-01
PCG: 9 : 2.263241e-03 / 5.420535e-01
PCG: 0 : 2.263241e-03
PCG: 1 : 1.759251e-03 / 7.773147e-01
PCG: 2 : 1.130067e-03 / 4.993135e-01
PCG: 3 : 1.331351e-03 / 5.882495e-01
PCG: 4 : 1.365867e-03 / 6.035004e-01
PCG: 5 : 1.404868e-03 / 6.207328e-01
PCG: 6 : 1.592269e-03 / 7.035350e-01
PCG: 7 : 1.420252e-03 / 6.275300e-01
PCG: 8 : 2.014530e-03 / 8.901085e-01
PCG: 9 : 2.483736e-03 / 1.097424e+00
PCG: 0 : 2.483736e-03
PCG: 1 : 1.837010e-03 / 7.396156e-01
PCG: 2 : 1.127937e-03 / 4.541293e-01
PCG: 3 : 1.213183e-03 / 4.884507e-01
PCG: 4 : 1.006884e-03 / 4.053908e-01
PCG: 5 : 9.843188e-04 / 3.963057e-01
PCG: 6 : 9.136974e-04 / 3.678721e-01
PCG: 7 : 7.764174e-04 / 3.126006e-01
PCG: 8 : 1.089999e-03 / 4.388547e-01
PCG: 9 : 1.346365e-03 / 5.420724e-01
PCG: 0 : 1.346365e-03
PCG: 1 : 1.034945e-03 / 7.686955e-01
PCG: 2 : 6.778076e-04 / 5.034354e-01
PCG: 3 : 7.869824e-04 / 5.845239e-01
PCG: 4 : 8.062948e-04 / 5.988680e-01
PCG: 5 : 8.270172e-04 / 6.142594e-01
PCG: 6 : 9.382064e-04 / 6.968442e-01
PCG: 7 : 8.361181e-04 / 6.210190e-01
PCG: 8 : 1.186474e-03 / 8.812426e-01
PCG: 9 : 1.473953e-03 / 1.094765e+00
PCG: 0 : 1.473953e-03
PCG: 1 : 1.083287e-03 / 7.349534e-01
PCG: 2 : 6.744682e-04 / 4.575914e-01
PCG: 3 : 7.178240e-04 / 4.870061e-01
PCG: 4 : 5.957800e-04 / 4.042056e-01
PCG: 5 : 5.789805e-04 / 3.928080e-01
PCG: 6 : 5.383128e-04 / 3.652171e-01
PCG: 7 : 4.586060e-04 / 3.111402e-01
PCG: 8 : 6.430231e-04 / 4.362576e-01
PCG: 9 : 7.985260e-04 / 5.417581e-01
PCG: 0 : 7.985260e-04
PCG: 1 : 6.119417e-04 / 7.663391e-01
PCG: 2 : 4.047064e-04 / 5.068168e-01
PCG: 3 : 4.643658e-04 / 5.815287e-01
PCG: 4 : 4.771240e-04 / 5.975059e-01
PCG: 5 : 4.875030e-04 / 6.105036e-01
PCG: 6 : 5.529308e-04 / 6.924393e-01
PCG: 7 : 4.949045e-04 / 6.197726e-01
PCG: 8 : 7.021319e-04 / 8.792850e-01
PCG: 9 : 8.732971e-04 / 1.093636e+00
PCG: 0 : 8.732970e-04
PCG: 1 : 6.408744e-04 / 7.338562e-01
PCG: 2 : 4.017096e-04 / 4.599919e-01
PCG: 3 : 4.246330e-04 / 4.862412e-01
PCG: 4 : 3.527003e-04 / 4.038721e-01
PCG: 5 : 3.411664e-04 / 3.906648e-01
PCG: 6 : 3.173741e-04 / 3.634206e-01
PCG: 7 : 2.714613e-04 / 3.108464e-01
PCG: 8 : 3.804798e-04 / 4.356820e-01
PCG: 9 : 4.728010e-04 / 5.413978e-01
PCG: 0 : 4.728010e-04
PCG: 1 : 3.624983e-04 / 7.667037e-01
PCG: 2 : 2.408306e-04 / 5.093699e-01
PCG: 3 : 2.743052e-04 / 5.801705e-01
PCG: 4 : 2.821545e-04 / 5.967722e-01
PCG: 5 : 2.874281e-04 / 6.079261e-01
PCG: 6 : 3.261797e-04 / 6.898879e-01
PCG: 7 : 2.927611e-04 / 6.192058e-01
PCG: 8 : 4.159407e-04 / 8.797374e-01
PCG: 9 : 5.166343e-04 / 1.092710e+00
PCG: 0 : 5.166342e-04
PCG: 1 : 3.796222e-04 / 7.347989e-01
PCG: 2 : 2.387303e-04 / 4.620876e-01
PCG: 3 : 2.513741e-04 / 4.865611e-01
PCG: 4 : 2.086756e-04 / 4.039136e-01
PCG: 5 : 2.011508e-04 / 3.893487e-01
PCG: 6 : 1.872238e-04 / 3.623914e-01
PCG: 7 : 1.605306e-04 / 3.107238e-01
PCG: 8 : 2.252919e-04 / 4.360762e-01
PCG: 9 : 2.796231e-04 / 5.412399e-01
PCG: 0 : 2.796230e-04
PCG: 1 : 2.148636e-04 / 7.684045e-01
PCG: 2 : 1.430260e-04 / 5.114959e-01
PCG: 3 : 1.621395e-04 / 5.798502e-01
PCG: 4 : 1.667905e-04 / 5.964835e-01
PCG: 5 : 1.695054e-04 / 6.061925e-01
PCG: 6 : 1.925040e-04 / 6.884412e-01
PCG: 7 : 1.730942e-04 / 6.190270e-01
PCG: 8 : 2.463720e-04 / 8.810861e-01
PCG: 9 : 3.053326e-04 / 1.091944e+00
PCG: 0 : 3.053325e-04
PCG: 1 : 2.249408e-04 / 7.367076e-01
PCG: 2 : 1.416968e-04 / 4.640737e-01
PCG: 3 : 1.488456e-04 / 4.874868e-01
PCG: 4 : 1.234185e-04 / 4.042102e-01
PCG: 5 : 1.186432e-04 / 3.885705e-01
PCG: 6 : 1.104717e-04 / 3.618079e-01
PCG: 7 : 9.486484e-05 / 3.106935e-01
PCG: 8 : 1.333916e-04 / 4.368731e-01
PCG: 9 : 1.652570e-04 / 5.412363e-01
PCG: 0 : 1.652570e-04
PCG: 1 : 1.273521e-04 / 7.706305e-01
PCG: 2 : 8.483019e-05 / 5.133227e-01
PCG: 3 : 9.585713e-05 / 5.800487e-01
PCG: 4 : 9.857911e-05 / 5.965199e-01
PCG: 5 : 9.998494e-05 / 6.050268e-01
PCG: 6 : 1.136338e-04 / 6.876184e-01
PCG: 7 : 1.023133e-04 / 6.191163e-01
PCG: 8 : 1.458777e-04 / 8.827320e-01
PCG: 9 : 1.803371e-04 / 1.091252e+00
PCG: 0 : 1.803371e-04
PCG: 1 : 1.332689e-04 / 7.389989e-01
PCG: 2 : 8.403281e-05 / 4.659763e-01
PCG: 3 : 8.812536e-05 / 4.886702e-01
PCG: 4 : 7.298093e-05 / 4.046917e-01
PCG: 5 : 6.999866e-05 / 3.881545e-01
PCG: 6 : 6.518929e-05 / 3.614857e-01
PCG: 7 : 5.603890e-05 / 3.107453e-01
PCG: 8 : 7.895585e-05 / 4.378237e-01
PCG: 9 : 9.761973e-05 / 5.413181e-01
PCG: 0 : 9.761973e-05
PCG: 1 : 7.546104e-05 / 7.730102e-01
PCG: 2 : 5.026716e-05 / 5.149283e-01
PCG: 3 : 5.666635e-05 / 5.804805e-01
PCG: 4 : 5.826155e-05 / 5.968215e-01
PCG: 5 : 5.898968e-05 / 6.042804e-01
PCG: 6 : 6.708090e-05 / 6.871654e-01
PCG: 7 : 6.046824e-05 / 6.194264e-01
PCG: 8 : 8.634107e-05 / 8.844633e-01
PCG: 9 : 1.064627e-04 / 1.090586e+00
PCG: 0 : 1.064627e-04
PCG: 1 : 7.893336e-05 / 7.414181e-01
PCG: 2 : 4.980364e-05 / 4.678037e-01
PCG: 3 : 5.215822e-05 / 4.899202e-01
PCG: 4 : 4.315262e-05 / 4.053310e-01
PCG: 5 : 4.130931e-05 / 3.880168e-01
PCG: 6 : 3.846845e-05 / 3.613327e-01
PCG: 7 : 3.309939e-05 / 3.109014e-01
PCG: 8 : 4.671905e-05 / 4.388303e-01
PCG: 9 : 5.764161e-05 / 5.414255e-01
PCG: 0 : 5.764161e-05
PCG: 1 : 4.469758e-05 / 7.754396e-01
PCG: 2 : 2.976652e-05 / 5.164069e-01
PCG: 3 : 3.349090e-05 / 5.810195e-01
PCG: 4 : 3.443526e-05 / 5.974029e-01
PCG: 5 : 3.481092e-05 / 6.039199e-01
PCG: 6 : 3.959869e-05 / 6.869810e-01
PCG: 7 : 3.573778e-05 / 6.199998e-01
PCG: 8 : 5.108589e-05 / 8.862675e-01
PCG: 9 : 6.282589e-05 / 1.089940e+00
PCG: 0 : 6.282589e-05
PCG: 1 : 4.673676e-05 / 7.439092e-01
PCG: 2 : 2.950306e-05 / 4.696004e-01
PCG: 3 : 3.085721e-05 / 4.911544e-01
PCG: 4 : 2.551630e-05 / 4.061432e-01
PCG: 5 : 2.438512e-05 / 3.881382e-01
PCG: 6 : 2.269901e-05 / 3.613003e-01
PCG: 7 : 1.955180e-05 / 3.112062e-01
PCG: 8 : 2.763519e-05 / 4.398694e-01
PCG: 9 : 3.402115e-05 / 5.415148e-01
PCG: 0 : 3.402115e-05
PCG: 1 : 2.646711e-05 / 7.779604e-01
PCG: 2 : 1.761856e-05 / 5.178707e-01
PCG: 3 : 1.978736e-05 / 5.816194e-01
PCG: 4 : 2.035591e-05 / 5.983311e-01
PCG: 5 : 2.054815e-05 / 6.039816e-01
PCG: 6 : 2.337334e-05 / 6.870238e-01
PCG: 7 : 2.112477e-05 / 6.209306e-01
PCG: 8 : 3.021825e-05 / 8.882194e-01
PCG: 9 : 3.705902e-05 / 1.089294e+00
PCG: 0 : 3.705902e-05
PCG: 1 : 2.766663e-05 / 7.465559e-01
PCG: 2 : 1.747183e-05 / 4.714595e-01
PCG: 3 : 1.824623e-05 / 4.923560e-01
PCG: 4 : 1.509029e-05 / 4.071960e-01
PCG: 5 : 1.439915e-05 / 3.885464e-01
PCG: 6 : 1.339202e-05 / 3.613701e-01
PCG: 7 : 1.155245e-05 / 3.117310e-01
PCG: 8 : 1.634178e-05 / 4.409662e-01
PCG: 9 : 2.006986e-05 / 5.415647e-01
PCG: 0 : 2.006986e-05
PCG: 1 : 1.566845e-05 / 7.806957e-01
PCG: 2 : 1.042541e-05 / 5.194559e-01
PCG: 3 : 1.168608e-05 / 5.822701e-01
PCG: 4 : 1.203632e-05 / 5.997214e-01
PCG: 5 : 1.213351e-05 / 6.045640e-01
PCG: 6 : 1.379367e-05 / 6.872829e-01
PCG: 7 : 1.249077e-05 / 6.223647e-01
PCG: 8 : 1.787134e-05 / 8.904567e-01
PCG: 9 : 2.184804e-05 / 1.088600e+00
PCG: 0 : 2.184804e-05
PCG: 1 : 1.637579e-05 / 7.495314e-01
PCG: 2 : 1.034550e-05 / 4.735206e-01
PCG: 3 : 1.078305e-05 / 4.935477e-01
PCG: 4 : 8.927346e-06 / 4.086109e-01
PCG: 5 : 8.505857e-06 / 3.893190e-01
PCG: 6 : 7.898946e-06 / 3.615403e-01
PCG: 7 : 6.829381e-06 / 3.125856e-01
PCG: 8 : 9.661007e-06 / 4.421910e-01
PCG: 9 : 1.183210e-05 / 5.415633e-01
PCG: 0 : 1.183210e-05
PCG: 1 : 9.274736e-06 / 7.838624e-01
PCG: 2 : 6.168643e-06 / 5.213482e-01
PCG: 3 : 6.897934e-06 / 5.829849e-01
PCG: 4 : 7.120050e-06 / 6.017572e-01
PCG: 5 : 7.168159e-06 / 6.058232e-01
PCG: 6 : 8.137697e-06 / 6.877646e-01
PCG: 7 : 7.389270e-06 / 6.245106e-01
PCG: 8 : 1.056818e-05 / 8.931787e-01
PCG: 9 : 1.287116e-05 / 1.087817e+00
PCG: 0 : 1.287116e-05
PCG: 1 : 9.693044e-06 / 7.530825e-01
PCG: 2 : 6.126286e-06 / 4.759700e-01
PCG: 3 : 6.368201e-06 / 4.947652e-01
PCG: 4 : 5.284305e-06 / 4.105539e-01
PCG: 5 : 5.027254e-06 / 3.905828e-01
PCG: 6 : 4.656978e-06 / 3.618150e-01
PCG: 7 : 4.040469e-06 / 3.139165e-01
PCG: 8 : 5.710268e-06 / 4.436483e-01
PCG: 9 : 6.969508e-06 / 5.414826e-01
PCG: 0 : 6.969508e-06
PCG: 1 : 5.490454e-06 / 7.877820e-01
PCG: 2 : 3.650670e-06 / 5.238059e-01
PCG: 3 : 4.068840e-06 / 5.838059e-01
PCG: 4 : 4.214605e-06 / 6.047205e-01
PCG: 5 : 4.237518e-06 / 6.080081e-01
PCG: 6 : 4.798577e-06 / 6.885102e-01
PCG: 7 : 4.374546e-06 / 6.276692e-01
PCG: 8 : 6.249531e-06 / 8.966962e-01
PCG: 9 : 7.575416e-06 / 1.086937e+00
PCG: 0 : 7.575416e-06
PCG: 1 : 5.738676e-06 / 7.575393e-01
PCG: 2 : 3.629036e-06 / 4.790544e-01
PCG: 3 : 3.757883e-06 / 4.960628e-01
PCG: 4 : 3.130509e-06 / 4.132458e-01
PCG: 5 : 2.973478e-06 / 3.925167e-01
PCG: 6 : 2.743849e-06 / 3.622044e-01
PCG: 7 : 2.393086e-06 / 3.159015e-01
PCG: 8 : 3.374723e-06 / 4.454835e-01
PCG: 9 : 4.100484e-06 / 5.412882e-01
PCG: 0 : 4.100484e-06
PCG: 1 : 3.251085e-06 / 7.928539e-01
PCG: 2 : 2.161588e-06 / 5.271544e-01
PCG: 3 : 2.397946e-06 / 5.847959e-01
PCG: 4 : 2.497092e-06 / 6.089749e-01
PCG: 5 : 2.507303e-06 / 6.114652e-01
PCG: 6 : 2.827677e-06 / 6.895959e-01
PCG: 7 : 2.592412e-06 / 6.322209e-01
PCG: 8 : 3.696265e-06 / 9.014216e-01
PCG: 9 : 4.452904e-06 / 1.085946e+00
PCG: 0 : 4.452904e-06
PCG: 1 : 3.398981e-06 / 7.633179e-01
PCG: 2 : 2.151156e-06 / 4.830905e-01
PCG: 3 : 2.215410e-06 / 4.975203e-01
PCG: 4 : 1.856682e-06 / 4.169599e-01
PCG: 5 : 1.760466e-06 / 3.953525e-01
PCG: 6 : 1.615223e-06 / 3.627347e-01
PCG: 7 : 1.419281e-06 / 3.187316e-01
PCG: 8 : 1.994457e-06 / 4.479002e-01
PCG: 9 : 2.408907e-06 / 5.409744e-01
PCG: 0 : 2.408907e-06
PCG: 1 : 1.925913e-06 / 7.994965e-01
PCG: 2 : 1.280923e-06 / 5.317445e-01
PCG: 3 : 1.411672e-06 / 5.860220e-01
PCG: 4 : 1.481264e-06 / 6.149111e-01
PCG: 5 : 1.485327e-06 / 6.165978e-01
PCG: 6 : 1.664822e-06 / 6.911108e-01
PCG: 7 : 1.538189e-06 / 6.385424e-01
PCG: 8 : 2.186933e-06 / 9.078528e-01
PCG: 9 : 2.613328e-06 / 1.084861e+00
PCG: 0 : 2.613328e-06
PCG: 1 : 2.014416e-06 / 7.708241e-01
PCG: 2 : 1.276350e-06 / 4.884001e-01
PCG: 3 : 1.304640e-06 / 4.992253e-01
PCG: 4 : 1.102713e-06 / 4.219572e-01
PCG: 5 : 1.043603e-06 / 3.993388e-01
PCG: 6 : 9.497955e-07 / 3.634429e-01
PCG: 7 : 8.429474e-07 / 3.225570e-01
PCG: 8 : 1.179032e-06 / 4.511610e-01
PCG: 9 : 1.412714e-06 / 5.405805e-01
PCG: 0 : 1.412714e-06
PCG: 1 : 1.141539e-06 / 8.080469e-01
PCG: 2 : 7.598793e-07 / 5.378861e-01
PCG: 3 : 8.300245e-07 / 5.875388e-01
PCG: 4 : 8.798724e-07 / 6.228240e-01
PCG: 5 : 8.811887e-07 / 6.237558e-01
PCG: 6 : 9.791967e-07 / 6.931314e-01
PCG: 7 : 9.138414e-07 / 6.468692e-01
PCG: 8 : 1.294703e-06 / 9.164647e-01
PCG: 9 : 1.531068e-06 / 1.083777e+00
PCG: 0 : 1.531068e-06
PCG: 1 : 1.194660e-06 / 7.802790e-01
PCG: 2 : 7.581779e-07 / 4.951955e-01
PCG: 3 : 7.674232e-07 / 5.012340e-01
PCG: 4 : 6.558382e-07 / 4.283535e-01
PCG: 5 : 6.195484e-07 / 4.046513e-01
PCG: 6 : 5.578628e-07 / 3.643620e-01
PCG: 7 : 5.012487e-07 / 3.273851e-01
PCG: 8 : 6.974438e-07 / 4.555278e-01
PCG: 9 : 8.270671e-07 / 5.401898e-01
PCG: 0 : 8.270672e-07
PCG: 1 : 6.770116e-07 / 8.185691e-01
PCG: 2 : 4.513311e-07 / 5.457007e-01
PCG: 3 : 4.874472e-07 / 5.893683e-01
PCG: 4 : 5.233156e-07 / 6.327364e-01
PCG: 5 : 5.235964e-07 / 6.330760e-01
PCG: 6 : 5.753890e-07 / 6.956980e-01
PCG: 7 : 5.434816e-07 / 6.571190e-01
PCG: 8 : 7.671554e-07 / 9.275611e-01
PCG: 9 : 8.956614e-07 / 1.082937e+00
PCG: 0 : 8.956614e-07
PCG: 1 : 7.089204e-07 / 7.915049e-01
PCG: 2 : 4.508895e-07 / 5.034151e-01
PCG: 3 : 4.509951e-07 / 5.035330e-01
PCG: 4 : 3.904833e-07 / 4.359720e-01
PCG: 5 : 3.683377e-07 / 4.112465e-01
PCG: 6 : 3.273539e-07 / 3.654885e-01
PCG: 7 : 2.982303e-07 / 3.329721e-01
PCG: 8 : 4.130139e-07 / 4.611273e-01
PCG: 9 : 4.835787e-07 / 5.399125e-01
PCG: 0 : 4.835787e-07
PCG: 1 : 4.016752e-07 / 8.306303e-01
PCG: 2 : 2.683571e-07 / 5.549397e-01
PCG: 3 : 2.860178e-07 / 5.914607e-01
PCG: 4 : 3.115174e-07 / 6.441916e-01
PCG: 5 : 3.115518e-07 / 6.442628e-01
PCG: 6 : 3.379032e-07 / 6.987553e-01
PCG: 7 : 3.233794e-07 / 6.687213e-01
PCG: 8 : 4.550378e-07 / 9.409797e-01
PCG: 9 : 5.235250e-07 / 1.082606e+00
PCG: 0 : 5.235250e-07
PCG: 1 : 4.208096e-07 / 8.038004e-01
PCG: 2 : 2.683628e-07 / 5.126074e-01
PCG: 3 : 2.649150e-07 / 5.060216e-01
PCG: 4 : 2.325896e-07 / 4.442760e-01
PCG: 5 : 2.192295e-07 / 4.187565e-01
PCG: 6 : 1.920142e-07 / 3.667718e-01
PCG: 7 : 1.773818e-07 / 3.388221e-01
PCG: 8 : 2.449121e-07 / 4.678137e-01
PCG: 9 : 2.826371e-07 / 5.398731e-01
PCG: 0 : 2.826371e-07
PCG: 1 : 2.383290e-07 / 8.432332e-01
PCG: 2 : 1.596556e-07 / 5.648783e-01
PCG: 3 : 1.677927e-07 / 5.936683e-01
PCG: 4 : 1.854674e-07 / 6.562035e-01
PCG: 5 : 1.855372e-07 / 6.564505e-01
PCG: 6 : 1.984351e-07 / 7.020846e-01
PCG: 7 : 1.923696e-07 / 6.806239e-01
PCG: 8 : 2.701589e-07 / 9.558510e-01
PCG: 9 : 3.060725e-07 / 1.082917e+00
PCG: 0 : 3.060725e-07
PCG: 1 : 2.497620e-07 / 8.160223e-01
PCG: 2 : 1.597541e-07 / 5.219485e-01
PCG: 3 : 1.556421e-07 / 5.085139e-01
PCG: 4 : 1.384855e-07 / 4.524598e-01
PCG: 5 : 1.305391e-07 / 4.264973e-01
PCG: 6 : 1.126679e-07 / 3.681084e-01
PCG: 7 : 1.053898e-07 / 3.443294e-01
PCG: 8 : 1.454096e-07 / 4.750820e-01
PCG: 9 : 1.653186e-07 / 5.401289e-01
PCG: 0 : 1.653186e-07
PCG: 1 : 1.413639e-07 / 8.550998e-01
PCG: 2 : 9.497438e-08 / 5.744929e-01
PCG: 3 : 9.849367e-08 / 5.957808e-01
PCG: 4 : 1.103539e-07 / 6.675228e-01
PCG: 5 : 1.104943e-07 / 6.683719e-01
PCG: 6 : 1.166078e-07 / 7.053517e-01
PCG: 7 : 1.143369e-07 / 6.916153e-01
PCG: 8 : 1.604765e-07 / 9.707103e-01
PCG: 9 : 1.791695e-07 / 1.083783e+00

PCG ( VCycle ( S: Scale / C: Scale )  )

Complete solver TOE: 13.2719
0.315239 GFlop/s [0.315239 GFlops/s]

Total time: 13.2719s
Accumulated op time: 7.83892

Reductions: 38.3523%
Blas-1: 11.8035%
Blas-2: 8.90827%
Precon Kernels: 0%
MPI Execution: 0%
MPI Wait: 0%
Not covered: 40.936%

Domain size: 26.6946 MByte
LA size: 88.3135 MByte
MPI size: 2.67096 MByte

H0-Error: 1.846720e-06
H1-Error: 4.034414e-03

Writing DATA to output.data...
Run-Time: 0:16.207 [0:16.207]
0xb33329f8 Error: MemoryPool<CUDA> still contains memory chunks on deconstructor call
