NUM-PROCS: 1
Preparing domain...
LVL-MIN: 5 [5]
LVL-MAX: 8 [8]
Creating gates...
Assembling system matrices...
Assembling system filters...
Assembling transfer matrices...
Converting assembled linear system from SparseMatrixCSR, Mem:main to SparseMatrixELL, Mem:cudaand to SparseMatrixELL, Mem:cuda...
PCG: 0 : 3.788187e-02
PCG: 1 : 1.531280e-01 / 4.042251e+00
PCG: 2 : 1.362876e-01 / 3.597700e+00
PCG: 3 : 2.921191e-01 / 7.711317e+00
PCG: 4 : 2.872779e-01 / 7.583520e+00
PCG: 5 : 1.502762e-01 / 3.966969e+00
PCG: 6 : 1.546998e-01 / 4.083743e+00
PCG: 7 : 1.430835e-01 / 3.777096e+00
PCG: 8 : 1.148348e-01 / 3.031392e+00
PCG: 0 : 1.146125e-01
PCG: 1 : 8.042981e-02 / 7.017540e-01
PCG: 2 : 4.126785e-02 / 3.600640e-01
PCG: 3 : 3.061952e-02 / 2.671568e-01
PCG: 4 : 2.928816e-02 / 2.555406e-01
PCG: 5 : 1.949324e-02 / 1.700795e-01
PCG: 6 : 9.270831e-03 / 8.088845e-02
PCG: 7 : 9.913054e-03 / 8.649188e-02
PCG: 8 : 1.500146e-02 / 1.308885e-01
PCG: 0 : 1.500146e-02
PCG: 1 : 4.071924e-03 / 2.714352e-01
PCG: 2 : 3.407157e-03 / 2.271217e-01
PCG: 3 : 4.424335e-03 / 2.949270e-01
PCG: 4 : 5.124668e-03 / 3.416114e-01
PCG: 5 : 6.779192e-03 / 4.519022e-01
PCG: 6 : 4.566522e-03 / 3.044052e-01
PCG: 7 : 3.258198e-03 / 2.171921e-01
PCG: 8 : 2.613876e-03 / 1.742415e-01
PCG: 0 : 2.613875e-03
PCG: 1 : 2.590257e-03 / 9.909644e-01
PCG: 2 : 1.777437e-03 / 6.800005e-01
PCG: 3 : 9.786726e-04 / 3.744144e-01
PCG: 4 : 7.176544e-04 / 2.745557e-01
PCG: 5 : 7.085349e-04 / 2.710668e-01
PCG: 6 : 3.591520e-04 / 1.374021e-01
PCG: 7 : 3.409454e-04 / 1.304367e-01
PCG: 8 : 4.948881e-04 / 1.893312e-01
PCG: 0 : 4.948881e-04
PCG: 1 : 2.898746e-04 / 5.857376e-01
PCG: 2 : 3.556428e-04 / 7.186329e-01
PCG: 3 : 2.874703e-04 / 5.808794e-01
PCG: 4 : 2.633893e-04 / 5.322201e-01
PCG: 5 : 4.032593e-04 / 8.148496e-01
PCG: 6 : 4.487078e-04 / 9.066854e-01
PCG: 7 : 2.196961e-04 / 4.439308e-01
PCG: 8 : 2.342173e-04 / 4.732734e-01
PCG: 0 : 2.342173e-04
PCG: 1 : 1.922584e-04 / 8.208549e-01
PCG: 2 : 2.216261e-04 / 9.462416e-01
PCG: 3 : 1.002041e-04 / 4.278254e-01
PCG: 4 : 5.898166e-05 / 2.518246e-01
PCG: 5 : 6.045858e-05 / 2.581303e-01
PCG: 6 : 6.165574e-05 / 2.632417e-01
PCG: 7 : 4.171659e-05 / 1.781106e-01
PCG: 8 : 5.737403e-05 / 2.449607e-01
PCG: 0 : 5.737402e-05
PCG: 1 : 3.845703e-05 / 6.702865e-01
PCG: 2 : 5.017728e-05 / 8.745644e-01
PCG: 3 : 4.252665e-05 / 7.412179e-01
PCG: 4 : 3.516005e-05 / 6.128218e-01
PCG: 5 : 4.511545e-05 / 7.863393e-01
PCG: 6 : 6.643787e-05 / 1.157978e+00
PCG: 7 : 3.840411e-05 / 6.693641e-01
PCG: 8 : 3.463256e-05 / 6.036279e-01
PCG: 0 : 3.463256e-05
PCG: 1 : 2.797464e-05 / 8.077555e-01
PCG: 2 : 3.138226e-05 / 9.061491e-01
PCG: 3 : 1.479341e-05 / 4.271533e-01
PCG: 4 : 8.473826e-06 / 2.446780e-01
PCG: 5 : 8.223531e-06 / 2.374509e-01
PCG: 6 : 8.778807e-06 / 2.534842e-01
PCG: 7 : 6.318170e-06 / 1.824344e-01
PCG: 8 : 8.185348e-06 / 2.363483e-01
PCG: 0 : 8.185346e-06
PCG: 1 : 5.853489e-06 / 7.151181e-01
PCG: 2 : 7.208710e-06 / 8.806849e-01
PCG: 3 : 5.962802e-06 / 7.284729e-01
PCG: 4 : 5.382863e-06 / 6.576219e-01
PCG: 5 : 7.018946e-06 / 8.575014e-01
PCG: 6 : 9.511162e-06 / 1.161974e+00
PCG: 7 : 5.685280e-06 / 6.945682e-01
PCG: 8 : 5.381793e-06 / 6.574913e-01
PCG: 0 : 5.381793e-06
PCG: 1 : 4.320376e-06 / 8.027765e-01
PCG: 2 : 4.485838e-06 / 8.335211e-01
PCG: 3 : 2.231780e-06 / 4.146908e-01
PCG: 4 : 1.485181e-06 / 2.759640e-01
PCG: 5 : 1.278852e-06 / 2.376257e-01
PCG: 6 : 1.222820e-06 / 2.272143e-01
PCG: 7 : 9.719438e-07 / 1.805985e-01
PCG: 8 : 1.307036e-06 / 2.428625e-01
PCG: 0 : 1.307035e-06
PCG: 1 : 9.617765e-07 / 7.358458e-01
PCG: 2 : 1.002908e-06 / 7.673153e-01
PCG: 3 : 8.687156e-07 / 6.646459e-01
PCG: 4 : 9.932563e-07 / 7.599307e-01
PCG: 5 : 1.158831e-06 / 8.866100e-01
PCG: 6 : 1.295746e-06 / 9.913626e-01
PCG: 7 : 8.595572e-07 / 6.576388e-01
PCG: 8 : 8.919569e-07 / 6.824275e-01
PCG: 0 : 8.919567e-07
PCG: 1 : 6.970996e-07 / 7.815397e-01
PCG: 2 : 6.158751e-07 / 6.904764e-01
PCG: 3 : 3.596203e-07 / 4.031814e-01
PCG: 4 : 2.934508e-07 / 3.289967e-01
PCG: 5 : 1.963377e-07 / 2.201202e-01
PCG: 6 : 1.663894e-07 / 1.865443e-01
PCG: 7 : 1.650158e-07 / 1.850043e-01
PCG: 8 : 2.113846e-07 / 2.369898e-01
PCG: 0 : 2.113846e-07
PCG: 1 : 1.575567e-07 / 7.453555e-01
PCG: 2 : 1.370673e-07 / 6.484262e-01
PCG: 3 : 1.396644e-07 / 6.607122e-01
PCG: 4 : 1.865919e-07 / 8.827130e-01
PCG: 5 : 1.717541e-07 / 8.125194e-01
PCG: 6 : 1.829596e-07 / 8.655296e-01
PCG: 7 : 1.412776e-07 / 6.683438e-01
PCG: 8 : 1.377917e-07 / 6.518534e-01
PCG: 0 : 1.377917e-07
PCG: 1 : 1.062327e-07 / 7.709656e-01
PCG: 2 : 8.904431e-08 / 6.462239e-01
PCG: 3 : 5.585083e-08 / 4.053279e-01
PCG: 4 : 4.685340e-08 / 3.400306e-01
PCG: 5 : 2.893522e-08 / 2.099924e-01
PCG: 6 : 2.458912e-08 / 1.784513e-01
PCG: 7 : 2.598239e-08 / 1.885627e-01
PCG: 8 : 3.189838e-08 / 2.314970e-01
PCG: 0 : 3.189837e-08
PCG: 1 : 2.381341e-08 / 7.465400e-01
PCG: 2 : 2.019484e-08 / 6.330996e-01
PCG: 3 : 2.123457e-08 / 6.656946e-01
PCG: 4 : 2.887665e-08 / 9.052703e-01
PCG: 5 : 2.551064e-08 / 7.997474e-01
PCG: 6 : 2.731598e-08 / 8.563441e-01
PCG: 7 : 2.162914e-08 / 6.780642e-01
PCG: 8 : 2.071761e-08 / 6.494880e-01
PCG: 0 : 2.071761e-08
PCG: 1 : 1.587531e-08 / 7.662713e-01
PCG: 2 : 1.324401e-08 / 6.392637e-01
PCG: 3 : 8.381633e-09 / 4.045657e-01
PCG: 4 : 7.041201e-09 / 3.398656e-01
PCG: 5 : 4.329275e-09 / 2.089660e-01
PCG: 6 : 3.656373e-09 / 1.764863e-01
PCG: 7 : 3.893925e-09 / 1.879525e-01
PCG: 8 : 4.794460e-09 / 2.314196e-01

PCG ( VCycle ( S: Scale / C: Scale )  )

Complete solver TOE: 1.7153
0.71239 GFlop/s [0.71239 GFlops/s]

Total time: 1.7153s
Accumulated op time: 0.540474

Reductions: 18.9324%
Blas-1: 6.98026%
Blas-2: 5.59641%
Precon Kernels: 0%
MPI Execution: 0%
MPI Wait: 0%
Not covered: 68.4909%

Domain size: 6.70679 MByte
LA size: 22.1625 MByte
MPI size: 0.671448 MByte

H0-Error: 6.868720e-06
H1-Error: 8.068795e-03

Writing DATA to output.data...
Run-Time: 0:02.456 [0:02.456]
0xb332e9f8 Error: MemoryPool<CUDA> still contains memory chunks on deconstructor call
