NUM-PROCS: 1
Preparing domain...
LVL-MIN: 2 [2]
LVL-MAX: 7 [7]
Creating gates...
Assembling system matrices...
Assembling system filters...
Assembling transfer matrices...
Converting assembled linear system from SparseMatrixCSR, Mem:main to SparseMatrixELL, Mem:cudaand to SparseMatrixELL, Mem:cuda...
PCG: 0 : 7.572471e-02
PCG: 1 : 3.593043e-02 / 4.744876e-01
PCG: 2 : 1.826598e-02 / 2.412156e-01
PCG: 3 : 4.764263e-03 / 6.291557e-02
PCG: 4 : 5.501914e-04 / 7.265679e-03
PCG: 5 : 5.267588e-05 / 6.956235e-04
PCG: 6 : 7.882220e-06 / 1.040905e-04
PCG: 7 : 8.623834e-07 / 1.138840e-05
PCG: 8 : 4.986176e-08 / 6.584610e-07
PCG: 0 : 4.379363e-03
PCG: 1 : 5.437904e-04 / 1.241711e-01
PCG: 2 : 4.930787e-04 / 1.125914e-01
PCG: 3 : 3.375860e-05 / 7.708563e-03
PCG: 4 : 4.539285e-06 / 1.036517e-03
PCG: 5 : 4.784082e-07 / 1.092415e-04
PCG: 6 : 4.616597e-08 / 1.054171e-05
PCG: 7 : 7.674937e-09 / 1.752524e-06
PCG: 8 : 1.075440e-09 / 2.455699e-07
PCG: 0 : 9.537945e-09
PCG: 1 : 2.210804e-09 / 2.317904e-01
PCG: 2 : 1.103823e-09 / 1.157296e-01
PCG: 3 : 3.177678e-10 / 3.331618e-02
PCG: 4 : 4.896180e-11 / 5.133370e-03
PCG: 5 : 9.316425e-12 / 9.767750e-04
PCG: 6 : 1.218476e-12 / 1.277504e-04
PCG: 7 : 1.606999e-13 / 1.684848e-05
PCG: 8 : 1.945116e-14 / 2.039345e-06

PCG ( VCycle ( S: Scale / C: Scale )  )

Complete solver TOE: 0.045244
1.28571 GFlop/s [1.28571 GFlops/s]

Total time: 0.045244s
Accumulated op time: 0.012893

Reductions: 23.3843%
Blas-1: 2.56167%
Blas-2: 2.55061%
Precon Kernels: 0%
MPI Execution: 0%
MPI Wait: 0%
Not covered: 71.5034%

Domain size: 3.05356 MByte
LA size: 7.66023 MByte
MPI size: 0.170609 MByte

H0-Error: 2.746078e-05
H1-Error: 1.613732e-02

Writing DATA to output.data...
Run-Time: 0:00.123 [0:00.123]
0x31d198e880 Error: MemoryPool<CUDA> still contains memory chunks on deconstructor call
