NUM-PROCS: 1
Preparing domain...
LVL-MIN: 1 [1]
LVL-MAX: 8 [8]
Creating gates...
Assembling system matrices...
Assembling system filters...
Assembling transfer matrices...
Converting assembled linear system from SparseMatrixCSR, Mem:main to SparseMatrixELL, Mem:cudaand to SparseMatrixELL, Mem:cuda...
PCG: 0 : 3.788187e-02
PCG: 1 : 1.295197e-02 / 3.419040e-01
PCG: 2 : 4.463459e-03 / 1.178257e-01
PCG: 0 : 4.695079e-03
PCG: 1 : 1.352159e-03 / 2.879950e-01
PCG: 2 : 1.900546e-04 / 4.047953e-02
PCG: 0 : 1.900545e-04
PCG: 1 : 3.194051e-05 / 1.680597e-01
PCG: 2 : 2.245916e-06 / 1.181722e-02
PCG: 0 : 2.245921e-06
PCG: 1 : 5.847650e-07 / 2.603676e-01
PCG: 2 : 1.083648e-07 / 4.824963e-02
PCG: 0 : 1.083648e-07
PCG: 1 : 1.682755e-08 / 1.552862e-01
PCG: 2 : 1.362976e-09 / 1.257767e-02
PCG: 0 : 1.362976e-09
PCG: 1 : 3.571895e-10 / 2.620659e-01
PCG: 2 : 6.588988e-11 / 4.834266e-02

PCG ( VCycle ( S: Scale / C: Scale )  )

Complete solver TOE: 1.09085
0.119523 GFlop/s [0.119523 GFlops/s]

Total time: 1.09085s
Accumulated op time: 0.06974

Reductions: 3.37553%
Blas-1: 1.58546%
Blas-2: 1.43218%
Precon Kernels: 0%
MPI Execution: 0%
MPI Wait: 0%
Not covered: 93.6068%

Domain size: 6.73709 MByte
LA size: 22.4149 MByte
MPI size: 0.674561 MByte

H0-Error: 6.865390e-06
H1-Error: 8.068795e-03

Writing DATA to output.data...
Run-Time: 0:01.852 [0:01.852]
0xb338a9f8 Error: MemoryPool<CUDA> still contains memory chunks on deconstructor call
