NUM-PROCS: 1
Preparing domain...
LVL-MIN: 3 [3]
LVL-MAX: 9 [9]
Creating gates...
Assembling system matrices...
Assembling system filters...
Assembling transfer matrices...
Converting assembled linear system from SparseMatrixCSR, Mem:main to SparseMatrixCSR, Mem:mainand to SparseMatrixCSR, Mem:main...
PCG: 0 : 1.894412e-02
PCG: 1 : 1.973892e-02 / 1.041955e+00
PCG: 2 : 2.306060e-02 / 1.217296e+00
PCG: 3 : 1.762546e-02 / 9.303921e-01
PCG: 4 : 4.224617e-03 / 2.230041e-01
PCG: 5 : 5.785504e-04 / 3.053984e-02
PCG: 0 : 7.858725e-04
PCG: 1 : 2.073678e-04 / 2.638695e-01
PCG: 2 : 4.503722e-05 / 5.730856e-02
PCG: 3 : 3.318570e-05 / 4.222785e-02
PCG: 4 : 1.832282e-05 / 2.331526e-02
PCG: 5 : 4.554545e-06 / 5.795527e-03
PCG: 0 : 4.554581e-06
PCG: 1 : 2.874032e-06 / 6.310201e-01
PCG: 2 : 8.298243e-07 / 1.821955e-01
PCG: 3 : 3.032226e-07 / 6.657530e-02
PCG: 4 : 3.450367e-07 / 7.575598e-02
PCG: 5 : 1.647253e-07 / 3.616695e-02
PCG: 0 : 1.647258e-07
PCG: 1 : 7.497243e-08 / 4.551346e-01
PCG: 2 : 4.772338e-08 / 2.897140e-01
PCG: 3 : 1.320449e-08 / 8.016040e-02
PCG: 4 : 1.082696e-08 / 6.572713e-02
PCG: 5 : 9.974790e-09 / 6.055389e-02

PCG ( VCycle ( S: Scale / C: Scale )  )

Complete solver TOE: 0.315015
2.5085 GFlop/s [2.5085 GFlops/s]

Total time: 0.315015s
Accumulated op time: 0.302107

Reductions: 7.35743%
Blas-1: 5.73243%
Blas-2: 82.8126%
Precon Kernels: 0%
MPI Execution: 0%
MPI Wait: 0%
Not covered: 4.09758%

Domain size: 48.2146 MByte
LA size: 121.061 MByte
MPI size: 2.68217 MByte

H0-Error: 1.717217e-06
H1-Error: 4.034414e-03

Writing DATA to output.data...
Run-Time: 0:00.877 [0:00.877]
0x31d198e880 Error: MemoryPool<CPU> still contains memory chunks on deconstructor call
