NUM-PROCS: 1
Preparing domain...
LVL-MIN: 2 [2]
LVL-MAX: 7 [7]
Creating gates...
Assembling system matrices...
Assembling system filters...
Assembling transfer matrices...
Converting assembled linear system from SparseMatrixCSR, Mem:main to SparseMatrixCSR, Mem:mainand to SparseMatrixCSR, Mem:main...
PCG: 0 : 7.572480e-02
PCG: 1 : 3.593035e-02 / 4.744859e-01
PCG: 2 : 1.826593e-02 / 2.412147e-01
PCG: 3 : 4.764253e-03 / 6.291537e-02
PCG: 0 : 6.631578e-03
PCG: 1 : 1.832366e-03 / 2.763092e-01
PCG: 2 : 3.081374e-04 / 4.646517e-02
PCG: 3 : 9.242832e-05 / 1.393761e-02
PCG: 0 : 9.242840e-05
PCG: 1 : 1.633702e-05 / 1.767532e-01
PCG: 2 : 5.931253e-06 / 6.417133e-02
PCG: 3 : 1.899556e-06 / 2.055165e-02
PCG: 0 : 1.899558e-06
PCG: 1 : 4.611111e-07 / 2.427465e-01
PCG: 2 : 1.304010e-07 / 6.864808e-02
PCG: 3 : 3.612044e-08 / 1.901518e-02

PCG ( VCycle ( S: Scale / C: Scale )  )

Complete solver TOE: 0.053197
0.584547 GFlop/s [0.584547 GFlops/s]

Total time: 0.053197s
Accumulated op time: 0.049248

Reductions: 2.16178%
Blas-1: 5.94206%
Blas-2: 84.4728%
Precon Kernels: 0%
MPI Execution: 0%
MPI Wait: 0%
Not covered: 7.42335%

Domain size: 1.70123 MByte
LA size: 5.64891 MByte
MPI size: 0.170563 MByte

H0-Error: 2.745874e-05
H1-Error: 1.613732e-02

Writing DATA to output.data...
Run-Time: 0:00.213 [0:00.213]
0xb336b9f8 Error: MemoryPool<CPU> still contains memory chunks on deconstructor call
