NUM-PROCS: 1
Preparing domain...
LVL-MIN: 3 [3]
LVL-MAX: 7 [7]
Creating gates...
Assembling system matrices...
Assembling system filters...
Assembling transfer matrices...
Converting assembled linear system from SparseMatrixCSR, Mem:main to SparseMatrixELL, Mem:cudaand to SparseMatrixELL, Mem:cuda...
PCG: 0 : 7.572471e-02
PCG: 1 : 7.534431e-02 / 9.949765e-01
PCG: 2 : 7.357041e-02 / 9.715508e-01
PCG: 3 : 4.669935e-02 / 6.166990e-01
PCG: 4 : 5.320007e-03 / 7.025456e-02
PCG: 0 : 6.570916e-03
PCG: 1 : 1.491113e-03 / 2.269262e-01
PCG: 2 : 6.766523e-04 / 1.029769e-01
PCG: 3 : 2.958624e-04 / 4.502606e-02
PCG: 4 : 2.423827e-04 / 3.688721e-02
PCG: 0 : 2.423826e-04
PCG: 1 : 8.395447e-05 / 3.463717e-01
PCG: 2 : 6.844241e-05 / 2.823735e-01
PCG: 3 : 7.065862e-05 / 2.915169e-01
PCG: 4 : 4.520197e-05 / 1.864902e-01
PCG: 0 : 4.520197e-05
PCG: 1 : 1.043788e-05 / 2.309164e-01
PCG: 2 : 4.650182e-06 / 1.028757e-01
PCG: 3 : 2.255672e-06 / 4.990207e-02
PCG: 4 : 1.707575e-06 / 3.777656e-02
PCG: 0 : 1.707576e-06
PCG: 1 : 5.835948e-07 / 3.417680e-01
PCG: 2 : 4.787820e-07 / 2.803870e-01
PCG: 3 : 5.058453e-07 / 2.962359e-01
PCG: 4 : 3.300908e-07 / 1.933096e-01
PCG: 0 : 3.300908e-07
PCG: 1 : 7.717723e-08 / 2.338060e-01
PCG: 2 : 3.540645e-08 / 1.072628e-01
PCG: 3 : 1.731929e-08 / 5.246824e-02
PCG: 4 : 1.285756e-08 / 3.895158e-02
PCG: 0 : 1.285756e-08
PCG: 1 : 4.343230e-09 / 3.377958e-01
PCG: 2 : 3.565358e-09 / 2.772966e-01
PCG: 3 : 3.768390e-09 / 2.930875e-01
PCG: 4 : 2.481332e-09 / 1.929862e-01
PCG: 0 : 2.481331e-09
PCG: 1 : 5.909178e-10 / 2.381454e-01
PCG: 2 : 2.855849e-10 / 1.150934e-01
PCG: 3 : 1.337010e-10 / 5.388277e-02
PCG: 4 : 9.779490e-11 / 3.941227e-02

PCG ( VCycle ( S: Scale / C: Scale )  )

Complete solver TOE: 0.619908
0.130038 GFlop/s [0.130038 GFlops/s]

Total time: 0.619908s
Accumulated op time: 0.065161

Reductions: 4.17239%
Blas-1: 3.26065%
Blas-2: 3.07836%
Precon Kernels: 0%
MPI Execution: 0%
MPI Wait: 0%
Not covered: 89.4886%

Domain size: 1.6994 MByte
LA size: 5.63599 MByte
MPI size: 0.170364 MByte

H0-Error: 2.746076e-05
H1-Error: 1.613732e-02

Writing DATA to output.data...
Run-Time: 0:00.858 [0:00.858]
0xb32fc9f8 Error: MemoryPool<CUDA> still contains memory chunks on deconstructor call
