NUM-PROCS: 1
Preparing domain...
LVL-MIN: 4 [4]
LVL-MAX: 8 [8]
Creating gates...
Assembling system matrices...
Assembling system filters...
Assembling transfer matrices...
Converting assembled linear system from SparseMatrixCSR, Mem:main to SparseMatrixCSR, Mem:mainand to SparseMatrixCSR, Mem:main...
PCG:  0 : 3.788183e-02
PCG:  1 : 7.372122e-02 / 1.946084e+00
PCG:  2 : 8.837140e-02 / 2.332818e+00
PCG:  3 : 1.869553e-01 / 4.935223e+00
PCG:  4 : 1.519496e-01 / 4.011148e+00
PCG:  5 : 5.171658e-02 / 1.365208e+00
PCG:  6 : 2.259739e-02 / 5.965232e-01
PCG:  7 : 5.483010e-03 / 1.447398e-01
PCG:  8 : 1.832048e-03 / 4.836219e-02
PCG:  9 : 1.007192e-03 / 2.658773e-02
PCG: 10 : 2.794641e-04 / 7.377261e-03
PCG: 11 : 5.024523e-05 / 1.326368e-03
PCG: 12 : 3.277216e-05 / 8.651155e-04
PCG: 13 : 7.556862e-06 / 1.994851e-04
PCG: 14 : 9.276651e-07 / 2.448839e-05
PCG: 15 : 1.311206e-06 / 3.461306e-05
PCG: 16 : 2.109589e-06 / 5.568867e-05
PCG:  0 : 1.544007e-03
PCG:  1 : 1.610916e-04 / 1.043334e-01
PCG:  2 : 3.082759e-04 / 1.996596e-01
PCG:  3 : 9.451078e-05 / 6.121136e-02
PCG:  4 : 7.760924e-05 / 5.026482e-02
PCG:  5 : 1.038291e-04 / 6.724654e-02
PCG:  6 : 1.169150e-04 / 7.572177e-02
PCG:  7 : 6.830122e-05 / 4.423633e-02
PCG:  8 : 1.937449e-05 / 1.254819e-02
PCG:  9 : 5.032024e-06 / 3.259067e-03
PCG: 10 : 2.156558e-06 / 1.396728e-03
PCG: 11 : 1.607674e-06 / 1.041235e-03
PCG: 12 : 1.990236e-07 / 1.289007e-04
PCG: 13 : 1.646362e-07 / 1.066292e-04
PCG: 14 : 1.518272e-07 / 9.833324e-05
PCG: 15 : 1.375181e-07 / 8.906570e-05
PCG: 16 : 4.370088e-08 / 2.830355e-05
PCG:  0 : 4.411222e-08
PCG:  1 : 1.079624e-08 / 2.447449e-01
PCG:  2 : 6.948898e-09 / 1.575277e-01
PCG:  3 : 5.800318e-09 / 1.314901e-01
PCG:  4 : 2.914376e-09 / 6.606732e-02
PCG:  5 : 2.089666e-09 / 4.737159e-02
PCG:  6 : 1.645080e-09 / 3.729306e-02
PCG:  7 : 1.475899e-09 / 3.345782e-02
PCG:  8 : 8.885929e-10 / 2.014392e-02
PCG:  9 : 1.183904e-09 / 2.683846e-02
PCG: 10 : 6.155231e-10 / 1.395357e-02
PCG: 11 : 3.630286e-10 / 8.229660e-03
PCG: 12 : 4.297557e-10 / 9.742328e-03
PCG: 13 : 1.895609e-10 / 4.297242e-03
PCG: 14 : 1.891574e-10 / 4.288095e-03
PCG: 15 : 7.201609e-11 / 1.632566e-03
PCG: 16 : 2.810153e-11 / 6.370465e-04

PCG ( VCycle ( S: Scale / C: Scale )  )

Complete solver TOE: 0.78385
0.577496 GFlop/s [0.577496 GFlops/s]

Total time: 0.78385s
Accumulated op time: 0.757835

Reductions: 1.87842%
Blas-1: 5.53448%
Blas-2: 89.2682%
Precon Kernels: 0%
MPI Execution: 0%
MPI Wait: 0%
Not covered: 3.31887%

Domain size: 6.72858 MByte
LA size: 22.3499 MByte
MPI size: 0.67366 MByte

H0-Error: 6.865388e-06
H1-Error: 8.068795e-03

Writing DATA to output.data...
Run-Time: 0:01.429 [0:01.429]
0xb33cb9f8 Error: MemoryPool<CPU> still contains memory chunks on deconstructor call
