NUM-PROCS: 1
Preparing domain...
LVL-MIN: 5 [5]
LVL-MAX: 7 [7]
Creating gates...
Assembling system matrices...
Assembling system filters...
Assembling transfer matrices...
Converting assembled linear system from SparseMatrixCSR, Mem:main to SparseMatrixELL, Mem:cudaand to SparseMatrixELL, Mem:cuda...
PCG: 0 : 7.572471e-02
PCG: 1 : 2.892992e-01 / 3.820407e+00
PCG: 2 : 2.174547e-01 / 2.871648e+00
PCG: 3 : 3.691246e-01 / 4.874559e+00
PCG: 4 : 3.153087e-01 / 4.163882e+00
PCG: 5 : 1.886790e-01 / 2.491644e+00
PCG: 6 : 2.114751e-01 / 2.792683e+00
PCG: 0 : 2.102941e-01
PCG: 1 : 1.525379e-01 / 7.253553e-01
PCG: 2 : 9.717455e-02 / 4.620888e-01
PCG: 3 : 6.176514e-02 / 2.937084e-01
PCG: 4 : 4.236456e-02 / 2.014539e-01
PCG: 5 : 5.685341e-02 / 2.703519e-01
PCG: 6 : 6.550588e-02 / 3.114966e-01
PCG: 0 : 6.550588e-02
PCG: 1 : 2.572807e-02 / 3.927597e-01
PCG: 2 : 1.650037e-02 / 2.518914e-01
PCG: 3 : 2.009325e-02 / 3.067396e-01
PCG: 4 : 1.878581e-02 / 2.867805e-01
PCG: 5 : 1.483346e-02 / 2.264448e-01
PCG: 6 : 2.471645e-02 / 3.773164e-01
PCG: 0 : 2.471645e-02
PCG: 1 : 1.223264e-02 / 4.949192e-01
PCG: 2 : 1.364947e-02 / 5.522425e-01
PCG: 3 : 1.325827e-02 / 5.364150e-01
PCG: 4 : 9.696460e-03 / 3.923080e-01
PCG: 5 : 1.230299e-02 / 4.977654e-01
PCG: 6 : 2.443447e-02 / 9.885915e-01
PCG: 0 : 2.443447e-02
PCG: 1 : 1.021437e-02 / 4.180311e-01
PCG: 2 : 6.914256e-03 / 2.829714e-01
PCG: 3 : 8.147566e-03 / 3.334456e-01
PCG: 4 : 7.363654e-03 / 3.013634e-01
PCG: 5 : 5.808504e-03 / 2.377177e-01
PCG: 6 : 9.882408e-03 / 4.044454e-01
PCG: 0 : 9.882408e-03
PCG: 1 : 5.071165e-03 / 5.131507e-01
PCG: 2 : 5.733586e-03 / 5.801811e-01
PCG: 3 : 5.565022e-03 / 5.631241e-01
PCG: 4 : 4.027980e-03 / 4.075910e-01
PCG: 5 : 5.147035e-03 / 5.208280e-01
PCG: 6 : 1.003887e-02 / 1.015833e+00
PCG: 0 : 1.003887e-02
PCG: 1 : 4.280154e-03 / 4.263580e-01
PCG: 2 : 2.881266e-03 / 2.870109e-01
PCG: 3 : 3.361909e-03 / 3.348891e-01
PCG: 4 : 3.040104e-03 / 3.028332e-01
PCG: 5 : 2.434216e-03 / 2.424791e-01
PCG: 6 : 4.042596e-03 / 4.026942e-01
PCG: 0 : 4.042596e-03
PCG: 1 : 2.124764e-03 / 5.255939e-01
PCG: 2 : 2.388424e-03 / 5.908146e-01
PCG: 3 : 2.301558e-03 / 5.693269e-01
PCG: 4 : 1.679256e-03 / 4.153906e-01
PCG: 5 : 2.163299e-03 / 5.351262e-01
PCG: 6 : 4.116219e-03 / 1.018212e+00
PCG: 0 : 4.116219e-03
PCG: 1 : 1.793941e-03 / 4.358226e-01
PCG: 2 : 1.206259e-03 / 2.930502e-01
PCG: 3 : 1.389389e-03 / 3.375400e-01
PCG: 4 : 1.262892e-03 / 3.068087e-01
PCG: 5 : 1.026193e-03 / 2.493047e-01
PCG: 6 : 1.650004e-03 / 4.008542e-01
PCG: 0 : 1.650003e-03
PCG: 1 : 8.934685e-04 / 5.414949e-01
PCG: 2 : 1.000853e-03 / 6.065764e-01
PCG: 3 : 9.482159e-04 / 5.746751e-01
PCG: 4 : 7.011537e-04 / 4.249407e-01
PCG: 5 : 9.151202e-04 / 5.546171e-01
PCG: 6 : 1.676662e-03 / 1.016157e+00
PCG: 0 : 1.676662e-03
PCG: 1 : 7.563473e-04 / 4.511030e-01
PCG: 2 : 5.092245e-04 / 3.037133e-01
PCG: 3 : 5.703188e-04 / 3.401513e-01
PCG: 4 : 5.267262e-04 / 3.141516e-01
PCG: 5 : 4.380553e-04 / 2.612663e-01
PCG: 6 : 6.663260e-04 / 3.974122e-01
PCG: 0 : 6.663260e-04
PCG: 1 : 3.792956e-04 / 5.692342e-01
PCG: 2 : 4.241247e-04 / 6.365123e-01
PCG: 3 : 3.869426e-04 / 5.807107e-01
PCG: 4 : 2.948432e-04 / 4.424908e-01
PCG: 5 : 3.916625e-04 / 5.877941e-01
PCG: 6 : 6.738864e-04 / 1.011346e+00
PCG: 0 : 6.738864e-04
PCG: 1 : 3.227383e-04 / 4.789210e-01
PCG: 2 : 2.180433e-04 / 3.235609e-01
PCG: 3 : 2.314420e-04 / 3.434437e-01
PCG: 4 : 2.221491e-04 / 3.296536e-01
PCG: 5 : 1.901025e-04 / 2.820988e-01
PCG: 6 : 2.650692e-04 / 3.933440e-01
PCG: 0 : 2.650692e-04
PCG: 1 : 1.637260e-04 / 6.176725e-01
PCG: 2 : 1.820955e-04 / 6.869735e-01
PCG: 3 : 1.561694e-04 / 5.891644e-01
PCG: 4 : 1.261451e-04 / 4.758947e-01
PCG: 5 : 1.691653e-04 / 6.381930e-01
PCG: 6 : 2.679378e-04 / 1.010822e+00
PCG: 0 : 2.679378e-04
PCG: 1 : 1.399367e-04 / 5.222731e-01
PCG: 2 : 9.430110e-05 / 3.519515e-01
PCG: 3 : 9.339103e-05 / 3.485550e-01
PCG: 4 : 9.558570e-05 / 3.567459e-01
PCG: 5 : 8.289325e-05 / 3.093750e-01
PCG: 6 : 1.052492e-04 / 3.928121e-01
PCG: 0 : 1.052492e-04
PCG: 1 : 7.182187e-05 / 6.823982e-01
PCG: 2 : 7.836621e-05 / 7.445777e-01
PCG: 3 : 6.329431e-05 / 6.013757e-01
PCG: 4 : 5.503975e-05 / 5.229470e-01
PCG: 5 : 7.288002e-05 / 6.924520e-01
PCG: 6 : 1.074321e-04 / 1.020741e+00
PCG: 0 : 1.074321e-04
PCG: 1 : 6.125379e-05 / 5.701627e-01
PCG: 2 : 4.063588e-05 / 3.782470e-01
PCG: 3 : 3.835193e-05 / 3.569875e-01
PCG: 4 : 4.157249e-05 / 3.869652e-01
PCG: 5 : 3.581043e-05 / 3.333307e-01
PCG: 6 : 4.275187e-05 / 3.979430e-01
PCG: 0 : 4.275187e-05
PCG: 1 : 3.162985e-05 / 7.398471e-01
PCG: 2 : 3.338100e-05 / 7.808079e-01
PCG: 3 : 2.637670e-05 / 6.169718e-01
PCG: 4 : 2.405586e-05 / 5.626855e-01
PCG: 5 : 3.142181e-05 / 7.349808e-01
PCG: 6 : 4.384357e-05 / 1.025536e+00
PCG: 0 : 4.384356e-05
PCG: 1 : 2.685691e-05 / 6.125622e-01
PCG: 2 : 1.743774e-05 / 3.977264e-01
PCG: 3 : 1.627788e-05 / 3.712718e-01
PCG: 4 : 1.783898e-05 / 4.068780e-01
PCG: 5 : 1.549200e-05 / 3.533472e-01
PCG: 6 : 1.784144e-05 / 4.069341e-01
PCG: 0 : 1.784144e-05
PCG: 1 : 1.393591e-05 / 7.810981e-01
PCG: 2 : 1.405730e-05 / 7.879015e-01
PCG: 3 : 1.130432e-05 / 6.335992e-01
PCG: 4 : 1.048028e-05 / 5.874122e-01
PCG: 5 : 1.374009e-05 / 7.701225e-01
PCG: 6 : 1.791044e-05 / 1.003868e+00
PCG: 0 : 1.791044e-05
PCG: 1 : 1.183616e-05 / 6.608527e-01
PCG: 2 : 7.553107e-06 / 4.217153e-01
PCG: 3 : 7.050819e-06 / 3.936708e-01
PCG: 4 : 7.529375e-06 / 4.203902e-01
PCG: 5 : 6.782695e-06 / 3.787006e-01
PCG: 6 : 7.577045e-06 / 4.230518e-01
PCG: 0 : 7.577045e-06
PCG: 1 : 6.164384e-06 / 8.135604e-01
PCG: 2 : 5.881757e-06 / 7.762600e-01
PCG: 3 : 4.898599e-06 / 6.465052e-01
PCG: 4 : 4.594836e-06 / 6.064153e-01
PCG: 5 : 6.065955e-06 / 8.005700e-01
PCG: 6 : 7.301583e-06 / 9.636451e-01
PCG: 0 : 7.301582e-06
PCG: 1 : 5.230777e-06 / 7.163895e-01
PCG: 2 : 3.305433e-06 / 4.527009e-01
PCG: 3 : 3.053865e-06 / 4.182471e-01
PCG: 4 : 3.160068e-06 / 4.327922e-01
PCG: 5 : 2.991557e-06 / 4.097136e-01
PCG: 6 : 3.243215e-06 / 4.441798e-01
PCG: 0 : 3.243215e-06
PCG: 1 : 2.714909e-06 / 8.371043e-01
PCG: 2 : 2.473917e-06 / 7.627978e-01
PCG: 3 : 2.125787e-06 / 6.554566e-01
PCG: 4 : 2.000016e-06 / 6.166769e-01
PCG: 5 : 2.666169e-06 / 8.220759e-01
PCG: 6 : 3.044055e-06 / 9.385917e-01
PCG: 0 : 3.044055e-06
PCG: 1 : 2.294739e-06 / 7.538428e-01
PCG: 2 : 1.436922e-06 / 4.720421e-01
PCG: 3 : 1.322141e-06 / 4.343356e-01
PCG: 4 : 1.335810e-06 / 4.388260e-01
PCG: 5 : 1.313811e-06 / 4.315988e-01
PCG: 6 : 1.392837e-06 / 4.575598e-01
PCG: 0 : 1.392837e-06
PCG: 1 : 1.185680e-06 / 8.512695e-01
PCG: 2 : 1.053558e-06 / 7.564115e-01
PCG: 3 : 9.251840e-07 / 6.642442e-01
PCG: 4 : 8.614479e-07 / 6.184843e-01
PCG: 5 : 1.164178e-06 / 8.358318e-01
PCG: 6 : 1.299025e-06 / 9.326466e-01
PCG: 0 : 1.299025e-06
PCG: 1 : 1.000525e-06 / 7.702122e-01
PCG: 2 : 6.191970e-07 / 4.766629e-01
PCG: 3 : 5.755628e-07 / 4.430729e-01
PCG: 4 : 5.709198e-07 / 4.394988e-01
PCG: 5 : 5.731254e-07 / 4.411966e-01
PCG: 6 : 5.996476e-07 / 4.616136e-01
PCG: 0 : 5.996475e-07
PCG: 1 : 5.159710e-07 / 8.604571e-01
PCG: 2 : 4.519291e-07 / 7.536579e-01
PCG: 3 : 4.038665e-07 / 6.735064e-01
PCG: 4 : 3.703122e-07 / 6.175497e-01
PCG: 5 : 5.069393e-07 / 8.453955e-01
PCG: 6 : 5.593518e-07 / 9.328009e-01
PCG: 0 : 5.593519e-07
PCG: 1 : 4.355002e-07 / 7.785801e-01
PCG: 2 : 2.661663e-07 / 4.758477e-01
PCG: 3 : 2.512438e-07 / 4.491694e-01
PCG: 4 : 2.453484e-07 / 4.386297e-01
PCG: 5 : 2.494394e-07 / 4.459436e-01
PCG: 6 : 2.584519e-07 / 4.620561e-01
PCG: 0 : 2.584519e-07
PCG: 1 : 2.244041e-07 / 8.682625e-01
PCG: 2 : 1.944106e-07 / 7.522120e-01
PCG: 3 : 1.764440e-07 / 6.826957e-01
PCG: 4 : 1.592949e-07 / 6.163426e-01
PCG: 5 : 2.206611e-07 / 8.537801e-01
PCG: 6 : 2.414494e-07 / 9.342141e-01
PCG: 0 : 2.414494e-07
PCG: 1 : 1.895411e-07 / 7.850135e-01
PCG: 2 : 1.144499e-07 / 4.740120e-01
PCG: 3 : 1.097258e-07 / 4.544464e-01
PCG: 4 : 1.056673e-07 / 4.376374e-01
PCG: 5 : 1.085403e-07 / 4.495363e-01
PCG: 6 : 1.114642e-07 / 4.616464e-01
PCG: 0 : 1.114642e-07
PCG: 1 : 9.761145e-08 / 8.757198e-01
PCG: 2 : 8.375324e-08 / 7.513911e-01
PCG: 3 : 7.707551e-08 / 6.914819e-01
PCG: 4 : 6.859642e-08 / 6.154119e-01
PCG: 5 : 9.606772e-08 / 8.618703e-01
PCG: 6 : 1.043087e-07 / 9.358039e-01
PCG: 0 : 1.043087e-07
PCG: 1 : 8.250512e-08 / 7.909709e-01
PCG: 2 : 4.926201e-08 / 4.722714e-01
PCG: 3 : 4.790950e-08 / 4.593050e-01
PCG: 4 : 4.556546e-08 / 4.368329e-01
PCG: 5 : 4.723954e-08 / 4.528822e-01
PCG: 6 : 4.809899e-08 / 4.611216e-01
PCG: 0 : 4.809899e-08
PCG: 1 : 4.246659e-08 / 8.828999e-01
PCG: 2 : 3.612064e-08 / 7.509646e-01
PCG: 3 : 3.365405e-08 / 6.996831e-01
PCG: 4 : 2.957163e-08 / 6.148077e-01
PCG: 5 : 4.183146e-08 / 8.696952e-01
PCG: 6 : 4.508495e-08 / 9.373367e-01
PCG: 0 : 4.508494e-08
PCG: 1 : 3.591601e-08 / 7.966298e-01
PCG: 2 : 2.122703e-08 / 4.708230e-01
PCG: 3 : 2.090928e-08 / 4.637753e-01
PCG: 4 : 1.966795e-08 / 4.362422e-01
PCG: 5 : 2.056297e-08 / 4.560939e-01
PCG: 6 : 2.076822e-08 / 4.606465e-01
PCG: 0 : 2.076822e-08
PCG: 1 : 1.847649e-08 / 8.896520e-01
PCG: 2 : 1.559302e-08 / 7.508116e-01
PCG: 3 : 1.468674e-08 / 7.071736e-01
PCG: 4 : 1.276157e-08 / 6.144758e-01
PCG: 5 : 1.821554e-08 / 8.770872e-01
PCG: 6 : 1.949642e-08 / 9.387621e-01

PCG ( VCycle ( S: Scale / C: Scale )  )

Complete solver TOE: 0.100238
5.05086 GFlop/s [5.05086 GFlops/s]

Total time: 0.100238s
Accumulated op time: 0.063722

Reductions: 53.1645%
Blas-1: 5.48993%
Blas-2: 4.9163%
Precon Kernels: 0%
MPI Execution: 0%
MPI Wait: 0%
Not covered: 36.4293%

Domain size: 3.00121 MByte
LA size: 7.32276 MByte
MPI size: 0.167549 MByte

H0-Error: 2.747039e-05
H1-Error: 1.613732e-02

Writing DATA to output.data...
Run-Time: 0:00.181 [0:00.181]
0x31d198e880 Error: MemoryPool<CUDA> still contains memory chunks on deconstructor call
