NUM-PROCS: 1
Preparing domain...
LVL-MIN: 5 [5]
LVL-MAX: 9 [9]
Creating gates...
Assembling system matrices...
Assembling system filters...
Assembling transfer matrices...
Converting assembled linear system from SparseMatrixCSR, Mem:main to SparseMatrixELL, Mem:cudaand to SparseMatrixELL, Mem:cuda...
PCG:  0 : 1.894534e-02
PCG:  1 : 7.936785e-02 / 4.189307e+00
PCG:  2 : 8.004833e-02 / 4.225225e+00
PCG:  3 : 1.997659e-01 / 1.054433e+01
PCG:  4 : 2.650327e-01 / 1.398934e+01
PCG:  5 : 1.697546e-01 / 8.960228e+00
PCG:  6 : 1.549428e-01 / 8.178410e+00
PCG:  7 : 1.151544e-01 / 6.078243e+00
PCG:  8 : 9.995857e-02 / 5.276156e+00
PCG:  9 : 8.459774e-02 / 4.465359e+00
PCG: 10 : 3.798953e-02 / 2.005218e+00
PCG: 11 : 2.064830e-02 / 1.089888e+00
PCG: 12 : 1.273249e-02 / 6.720647e-01
PCG: 13 : 8.356788e-03 / 4.410999e-01
PCG: 14 : 3.203387e-03 / 1.690857e-01
PCG: 15 : 1.070926e-03 / 5.652717e-02
PCG: 16 : 1.683156e-03 / 8.884272e-02
PCG: 17 : 1.089429e-03 / 5.750381e-02
PCG:  0 : 1.290928e-03
PCG:  1 : 3.212687e-04 / 2.488666e-01
PCG:  2 : 1.579246e-04 / 1.223342e-01
PCG:  3 : 1.626227e-04 / 1.259735e-01
PCG:  4 : 9.274270e-05 / 7.184190e-02
PCG:  5 : 6.618206e-05 / 5.126706e-02
PCG:  6 : 3.993833e-05 / 3.093770e-02
PCG:  7 : 2.641255e-05 / 2.046013e-02
PCG:  8 : 2.728178e-05 / 2.113347e-02
PCG:  9 : 3.370411e-05 / 2.610844e-02
PCG: 10 : 2.160428e-05 / 1.673547e-02
PCG: 11 : 2.594637e-05 / 2.009901e-02
PCG: 12 : 2.046753e-05 / 1.585490e-02
PCG: 13 : 3.409802e-05 / 2.641357e-02
PCG: 14 : 2.529350e-05 / 1.959327e-02
PCG: 15 : 9.137868e-06 / 7.078528e-03
PCG: 16 : 1.323556e-05 / 1.025275e-02
PCG: 17 : 1.377548e-05 / 1.067100e-02
PCG:  0 : 1.377549e-05
PCG:  1 : 8.757712e-06 / 6.357459e-01
PCG:  2 : 3.886333e-06 / 2.821194e-01
PCG:  3 : 4.699275e-06 / 3.411331e-01
PCG:  4 : 3.952602e-06 / 2.869301e-01
PCG:  5 : 2.844083e-06 / 2.064597e-01
PCG:  6 : 2.668496e-06 / 1.937133e-01
PCG:  7 : 9.668053e-07 / 7.018300e-02
PCG:  8 : 1.261634e-06 / 9.158541e-02
PCG:  9 : 1.005825e-06 / 7.301556e-02
PCG: 10 : 9.203636e-07 / 6.681167e-02
PCG: 11 : 9.330155e-07 / 6.773011e-02
PCG: 12 : 1.036833e-06 / 7.526649e-02
PCG: 13 : 1.027588e-06 / 7.459536e-02
PCG: 14 : 1.130847e-06 / 8.209126e-02
PCG: 15 : 8.277392e-07 / 6.008782e-02
PCG: 16 : 4.812347e-07 / 3.493413e-02
PCG: 17 : 4.730180e-07 / 3.433765e-02
PCG:  0 : 4.730192e-07
PCG:  1 : 2.701502e-07 / 5.711188e-01
PCG:  2 : 2.429421e-07 / 5.135988e-01
PCG:  3 : 1.606438e-07 / 3.396137e-01
PCG:  4 : 1.411826e-07 / 2.984711e-01
PCG:  5 : 1.248324e-07 / 2.639055e-01
PCG:  6 : 8.299163e-08 / 1.754509e-01
PCG:  7 : 1.177695e-07 / 2.489740e-01
PCG:  8 : 8.956426e-08 / 1.893459e-01
PCG:  9 : 8.803392e-08 / 1.861107e-01
PCG: 10 : 4.450249e-08 / 9.408179e-02
PCG: 11 : 5.202509e-08 / 1.099852e-01
PCG: 12 : 3.292322e-08 / 6.960229e-02
PCG: 13 : 2.692135e-08 / 5.691387e-02
PCG: 14 : 1.834438e-08 / 3.878148e-02
PCG: 15 : 2.293357e-08 / 4.848339e-02
PCG: 16 : 2.705359e-08 / 5.719343e-02
PCG: 17 : 3.577312e-08 / 7.562720e-02

PCG ( VCycle ( S: Scale / C: Scale )  )

Complete solver TOE: 0.191587
13.3438 GFlop/s [13.3438 GFlops/s]

Total time: 0.191587s
Accumulated op time: 0.077182

Reductions: 37.4759%
Blas-1: 1.45365%
Blas-2: 1.35604%
Precon Kernels: 0%
MPI Execution: 0%
MPI Wait: 0%
Not covered: 59.7144%

Domain size: 48.1654 MByte
LA size: 120.741 MByte
MPI size: 2.67931 MByte

H0-Error: 1.728202e-06
H1-Error: 4.034414e-03

Writing DATA to output.data...
Run-Time: 0:00.911 [0:00.911]
0x31d198e880 Error: MemoryPool<CUDA> still contains memory chunks on deconstructor call
