NUM-PROCS: 1
Preparing domain...
LVL-MIN: 3 [3]
LVL-MAX: 6 [6]
Creating gates...
Assembling system matrices...
Assembling system filters...
Assembling transfer matrices...
Converting assembled linear system from SparseMatrixCSR, Mem:main to SparseMatrixCSR, Mem:mainand to SparseMatrixCSR, Mem:main...
PCG: 0 : 1.512630e-01
PCG: 1 : 1.459590e-01 / 9.649351e-01
PCG: 2 : 1.248539e-01 / 8.254097e-01
PCG: 3 : 6.604210e-02 / 4.366045e-01
PCG: 4 : 4.788409e-03 / 3.165618e-02
PCG: 5 : 7.243928e-04 / 4.788963e-03
PCG: 6 : 1.507030e-04 / 9.962980e-04
PCG: 0 : 1.253217e-02
PCG: 1 : 2.726574e-03 / 2.175659e-01
PCG: 2 : 3.363186e-03 / 2.683642e-01
PCG: 3 : 2.723931e-03 / 2.173550e-01
PCG: 4 : 3.774709e-04 / 3.012015e-02
PCG: 5 : 9.165300e-05 / 7.313416e-03
PCG: 6 : 6.474168e-06 / 5.166038e-04
PCG: 0 : 6.474584e-06
PCG: 1 : 1.605714e-06 / 2.480026e-01
PCG: 2 : 3.346177e-07 / 5.168173e-02
PCG: 3 : 4.026332e-08 / 6.218673e-03
PCG: 4 : 1.094354e-08 / 1.690230e-03
PCG: 5 : 1.356053e-08 / 2.094424e-03
PCG: 6 : 3.721440e-09 / 5.747768e-04
PCG: 0 : 3.721366e-09
PCG: 1 : 4.569239e-09 / 1.227839e+00
PCG: 2 : 2.020076e-09 / 5.428317e-01
PCG: 3 : 1.428886e-09 / 3.839681e-01
PCG: 4 : 4.958629e-10 / 1.332475e-01
PCG: 5 : 4.065886e-10 / 1.092579e-01
PCG: 6 : 1.017825e-10 / 2.735084e-02

PCG ( VCycle ( S: Scale / C: Scale )  )

Complete solver TOE: 0.017159
0.856523 GFlop/s [0.856523 GFlops/s]

Total time: 0.017159s
Accumulated op time: 0.015221

Reductions: 1.70756%
Blas-1: 5.04691%
Blas-2: 81.9512%
Precon Kernels: 0%
MPI Execution: 0%
MPI Wait: 0%
Not covered: 11.2944%

Domain size: 0.431763 MByte
LA size: 1.42664 MByte
MPI size: 0.043396 MByte

H0-Error: 1.098307e-04
H1-Error: 3.227246e-02

Writing DATA to output.data...
Run-Time: 0:00.070 [0:00.070]
0xb32e79f8 Error: MemoryPool<CPU> still contains memory chunks on deconstructor call
