NUM-PROCS: 1
Preparing domain...
LVL-MIN: 6 [6]
LVL-MAX: 9 [9]
Creating gates...
Assembling system matrices...
Assembling system filters...
Assembling transfer matrices...
Converting assembled linear system from SparseMatrixCSR, Mem:main to SparseMatrixCSR, Mem:mainand to SparseMatrixCSR, Mem:main...
PCG: 0 : 1.894412e-02
PCG: 1 : 1.595567e-01 / 8.422489e+00
PCG: 2 : 1.432495e-01 / 7.561683e+00
PCG: 3 : 2.806424e-01 / 1.481422e+01
PCG: 4 : 2.511967e-01 / 1.325988e+01
PCG: 5 : 1.381127e-01 / 7.290530e+00
PCG: 6 : 1.653884e-01 / 8.730325e+00
PCG: 0 : 1.652087e-01
PCG: 1 : 1.361441e-01 / 8.240736e-01
PCG: 2 : 1.296135e-01 / 7.845441e-01
PCG: 3 : 1.018309e-01 / 6.163771e-01
PCG: 4 : 7.857239e-02 / 4.755948e-01
PCG: 5 : 1.322536e-01 / 8.005245e-01
PCG: 6 : 1.883625e-01 / 1.140149e+00
PCG: 0 : 1.883625e-01
PCG: 1 : 9.215344e-02 / 4.892344e-01
PCG: 2 : 6.112302e-02 / 3.244967e-01
PCG: 3 : 5.788984e-02 / 3.073320e-01
PCG: 4 : 6.517077e-02 / 3.459859e-01
PCG: 5 : 6.591375e-02 / 3.499303e-01
PCG: 6 : 6.228289e-02 / 3.306544e-01
PCG: 0 : 6.228289e-02
PCG: 1 : 4.959385e-02 / 7.962677e-01
PCG: 2 : 4.785547e-02 / 7.683565e-01
PCG: 3 : 3.698249e-02 / 5.937824e-01
PCG: 4 : 3.321240e-02 / 5.332508e-01
PCG: 5 : 4.794667e-02 / 7.698207e-01
PCG: 6 : 9.581344e-02 / 1.538359e+00
PCG: 0 : 9.581342e-02
PCG: 1 : 4.732630e-02 / 4.939422e-01
PCG: 2 : 3.279992e-02 / 3.423312e-01
PCG: 3 : 2.989520e-02 / 3.120147e-01
PCG: 4 : 3.574495e-02 / 3.730682e-01
PCG: 5 : 3.713414e-02 / 3.875673e-01
PCG: 6 : 3.934171e-02 / 4.106075e-01
PCG: 0 : 3.934171e-02
PCG: 1 : 3.396283e-02 / 8.632779e-01
PCG: 2 : 3.253822e-02 / 8.270667e-01
PCG: 3 : 2.564432e-02 / 6.518354e-01
PCG: 4 : 2.487763e-02 / 6.323474e-01
PCG: 5 : 3.622442e-02 / 9.207638e-01
PCG: 6 : 6.729800e-02 / 1.710601e+00
PCG: 0 : 6.729800e-02
PCG: 1 : 3.589132e-02 / 5.333193e-01
PCG: 2 : 2.571001e-02 / 3.820322e-01
PCG: 3 : 2.404818e-02 / 3.573387e-01
PCG: 4 : 2.801652e-02 / 4.163053e-01
PCG: 5 : 2.815886e-02 / 4.184205e-01
PCG: 6 : 2.828887e-02 / 4.203524e-01
PCG: 0 : 2.828888e-02
PCG: 1 : 2.584690e-02 / 9.136770e-01
PCG: 2 : 2.550930e-02 / 9.017429e-01
PCG: 3 : 2.145947e-02 / 7.585832e-01
PCG: 4 : 2.115629e-02 / 7.478659e-01
PCG: 5 : 2.916681e-02 / 1.031034e+00
PCG: 6 : 4.968017e-02 / 1.756173e+00
PCG: 0 : 4.968017e-02
PCG: 1 : 2.817558e-02 / 5.671395e-01
PCG: 2 : 2.060348e-02 / 4.147224e-01
PCG: 3 : 1.951800e-02 / 3.928730e-01
PCG: 4 : 2.229020e-02 / 4.486741e-01
PCG: 5 : 2.207662e-02 / 4.443749e-01
PCG: 6 : 2.114188e-02 / 4.255598e-01
PCG: 0 : 2.114189e-02
PCG: 1 : 2.043682e-02 / 9.666509e-01
PCG: 2 : 2.040926e-02 / 9.653472e-01
PCG: 3 : 1.749719e-02 / 8.276076e-01
PCG: 4 : 1.736692e-02 / 8.214459e-01
PCG: 5 : 2.317783e-02 / 1.096299e+00
PCG: 6 : 3.702295e-02 / 1.751166e+00
PCG: 0 : 3.702296e-02
PCG: 1 : 2.215102e-02 / 5.983050e-01
PCG: 2 : 1.656492e-02 / 4.474230e-01
PCG: 3 : 1.578183e-02 / 4.262716e-01
PCG: 4 : 1.776240e-02 / 4.797673e-01
PCG: 5 : 1.735453e-02 / 4.687507e-01
PCG: 6 : 1.596124e-02 / 4.311173e-01
PCG: 0 : 1.596122e-02
PCG: 1 : 1.629927e-02 / 1.021180e+00
PCG: 2 : 1.640255e-02 / 1.027650e+00
PCG: 3 : 1.414031e-02 / 8.859165e-01
PCG: 4 : 1.410551e-02 / 8.837362e-01
PCG: 5 : 1.835406e-02 / 1.149916e+00
PCG: 6 : 2.789654e-02 / 1.747770e+00
PCG: 0 : 2.789654e-02
PCG: 1 : 1.749447e-02 / 6.271195e-01
PCG: 2 : 1.328527e-02 / 4.762336e-01
PCG: 3 : 1.268462e-02 / 4.547023e-01
PCG: 4 : 1.414691e-02 / 5.071204e-01
PCG: 5 : 1.368206e-02 / 4.904571e-01
PCG: 6 : 1.217220e-02 / 4.363335e-01
PCG: 0 : 1.217219e-02
PCG: 1 : 1.303624e-02 / 1.070986e+00
PCG: 2 : 1.314816e-02 / 1.080180e+00
PCG: 3 : 1.135632e-02 / 9.329720e-01
PCG: 4 : 1.135406e-02 / 9.327863e-01
PCG: 5 : 1.453761e-02 / 1.194329e+00
PCG: 6 : 2.130751e-02 / 1.750507e+00
PCG: 0 : 2.130751e-02
PCG: 1 : 1.387191e-02 / 6.510336e-01
PCG: 2 : 1.059564e-02 / 4.972725e-01
PCG: 3 : 1.014823e-02 / 4.762748e-01
PCG: 4 : 1.124543e-02 / 5.277681e-01
PCG: 5 : 1.082970e-02 / 5.082573e-01
PCG: 6 : 9.386216e-03 / 4.405121e-01
PCG: 0 : 9.386217e-03
PCG: 1 : 1.043234e-02 / 1.111453e+00
PCG: 2 : 1.048837e-02 / 1.117422e+00
PCG: 3 : 9.084958e-03 / 9.679040e-01
PCG: 4 : 9.068243e-03 / 9.661233e-01
PCG: 5 : 1.152556e-02 / 1.227924e+00
PCG: 6 : 1.647293e-02 / 1.755013e+00
PCG: 0 : 1.647293e-02
PCG: 1 : 1.102146e-02 / 6.690651e-01
PCG: 2 : 8.410709e-03 / 5.105776e-01
PCG: 3 : 8.099206e-03 / 4.916675e-01
PCG: 4 : 8.920329e-03 / 5.415143e-01
PCG: 5 : 8.598609e-03 / 5.219841e-01
PCG: 6 : 7.305209e-03 / 4.434674e-01
PCG: 0 : 7.305211e-03
PCG: 1 : 8.338808e-03 / 1.141488e+00
PCG: 2 : 8.331924e-03 / 1.140545e+00
PCG: 3 : 7.252754e-03 / 9.928192e-01
PCG: 4 : 7.203267e-03 / 9.860451e-01
PCG: 5 : 9.145694e-03 / 1.251941e+00
PCG: 6 : 1.284645e-02 / 1.758532e+00
PCG: 0 : 1.284645e-02
PCG: 1 : 8.759744e-03 / 6.818805e-01
PCG: 2 : 6.655219e-03 / 5.180590e-01
PCG: 3 : 6.454169e-03 / 5.024087e-01
PCG: 4 : 7.065703e-03 / 5.500121e-01
PCG: 5 : 6.838176e-03 / 5.323008e-01
PCG: 6 : 5.722797e-03 / 4.454769e-01
PCG: 0 : 5.722797e-03
PCG: 1 : 6.655338e-03 / 1.162952e+00
PCG: 2 : 6.603552e-03 / 1.153903e+00
PCG: 3 : 5.781930e-03 / 1.010333e+00
PCG: 4 : 5.703795e-03 / 9.966795e-01
PCG: 5 : 7.261337e-03 / 1.268844e+00
PCG: 6 : 1.007461e-02 / 1.760434e+00
PCG: 0 : 1.007461e-02
PCG: 1 : 6.961568e-03 / 6.910014e-01
PCG: 2 : 5.259436e-03 / 5.220487e-01
PCG: 3 : 5.138212e-03 / 5.100161e-01
PCG: 4 : 5.592510e-03 / 5.551094e-01
PCG: 5 : 5.441226e-03 / 5.400930e-01
PCG: 6 : 4.502481e-03 / 4.469138e-01
PCG: 0 : 4.502481e-03
PCG: 1 : 5.303666e-03 / 1.177943e+00
PCG: 2 : 5.228268e-03 / 1.161197e+00
PCG: 3 : 4.604712e-03 / 1.022705e+00
PCG: 4 : 4.511079e-03 / 1.001909e+00
PCG: 5 : 5.765853e-03 / 1.280595e+00
PCG: 6 : 7.930431e-03 / 1.761347e+00
PCG: 0 : 7.930432e-03
PCG: 1 : 5.530073e-03 / 6.973231e-01
PCG: 2 : 4.155610e-03 / 5.240080e-01
PCG: 3 : 4.086297e-03 / 5.152679e-01
PCG: 4 : 4.425598e-03 / 5.580527e-01
PCG: 5 : 4.328782e-03 / 5.458444e-01
PCG: 6 : 3.551638e-03 / 4.478493e-01
PCG: 0 : 3.551636e-03
PCG: 1 : 4.221144e-03 / 1.188507e+00
PCG: 2 : 4.137767e-03 / 1.165031e+00
PCG: 3 : 3.663290e-03 / 1.031437e+00
PCG: 4 : 3.566755e-03 / 1.004257e+00
PCG: 5 : 4.577549e-03 / 1.288857e+00
PCG: 6 : 6.257101e-03 / 1.761752e+00
PCG: 0 : 6.257105e-03
PCG: 1 : 4.390380e-03 / 7.016633e-01
PCG: 2 : 3.283841e-03 / 5.248179e-01
PCG: 3 : 3.246876e-03 / 5.189103e-01
PCG: 4 : 3.502403e-03 / 5.597482e-01
PCG: 5 : 3.442169e-03 / 5.501217e-01
PCG: 6 : 2.806099e-03 / 4.484661e-01
PCG: 0 : 2.806099e-03
PCG: 1 : 3.355917e-03 / 1.195937e+00
PCG: 2 : 3.275136e-03 / 1.167149e+00
PCG: 3 : 2.911716e-03 / 1.037639e+00
PCG: 4 : 2.820606e-03 / 1.005170e+00
PCG: 5 : 3.633348e-03 / 1.294804e+00
PCG: 6 : 4.944453e-03 / 1.762038e+00
PCG: 0 : 4.944452e-03
PCG: 1 : 3.485121e-03 / 7.048549e-01
PCG: 2 : 2.596835e-03 / 5.252017e-01
PCG: 3 : 2.578398e-03 / 5.214729e-01
PCG: 4 : 2.772463e-03 / 5.607220e-01
PCG: 5 : 2.735678e-03 / 5.532824e-01
PCG: 6 : 2.219846e-03 / 4.489568e-01
PCG: 0 : 2.219846e-03
PCG: 1 : 2.666028e-03 / 1.200997e+00
PCG: 2 : 2.592576e-03 / 1.167908e+00
PCG: 3 : 2.312697e-03 / 1.041828e+00
PCG: 4 : 2.231510e-03 / 1.005255e+00
PCG: 5 : 2.883313e-03 / 1.298880e+00
PCG: 6 : 3.910272e-03 / 1.761506e+00
PCG: 0 : 3.910271e-03
PCG: 1 : 2.765371e-03 / 7.072068e-01
PCG: 2 : 2.054108e-03 / 5.253108e-01
PCG: 3 : 2.045973e-03 / 5.232306e-01
PCG: 4 : 2.194582e-03 / 5.612351e-01
PCG: 5 : 2.172983e-03 / 5.557117e-01
PCG: 6 : 1.757234e-03 / 4.493891e-01
PCG: 0 : 1.757233e-03
PCG: 1 : 2.116716e-03 / 1.204573e+00
PCG: 2 : 2.052576e-03 / 1.168073e+00
PCG: 3 : 1.835842e-03 / 1.044734e+00
PCG: 4 : 1.766165e-03 / 1.005083e+00
PCG: 5 : 2.287645e-03 / 1.301845e+00
PCG: 6 : 3.094071e-03 / 1.760763e+00
PCG: 0 : 3.094072e-03
PCG: 1 : 2.193838e-03 / 7.090457e-01
PCG: 2 : 1.625732e-03 / 5.254344e-01
PCG: 3 : 1.622872e-03 / 5.245103e-01
PCG: 4 : 1.737543e-03 / 5.615717e-01
PCG: 5 : 1.725304e-03 / 5.576160e-01
PCG: 6 : 1.391824e-03 / 4.498358e-01
PCG: 0 : 1.391824e-03
PCG: 1 : 1.680025e-03 / 1.207066e+00
PCG: 2 : 1.625073e-03 / 1.167585e+00
PCG: 3 : 1.456627e-03 / 1.046559e+00
PCG: 4 : 1.398497e-03 / 1.004794e+00
PCG: 5 : 1.814813e-03 / 1.303910e+00
PCG: 6 : 2.448678e-03 / 1.759330e+00
PCG: 0 : 2.448677e-03
PCG: 1 : 1.740284e-03 / 7.107036e-01
PCG: 2 : 1.287391e-03 / 5.257497e-01
PCG: 3 : 1.286838e-03 / 5.255239e-01
PCG: 4 : 1.375811e-03 / 5.618590e-01
PCG: 5 : 1.369598e-03 / 5.593216e-01
PCG: 6 : 1.102678e-03 / 4.503160e-01
PCG: 0 : 1.102679e-03
PCG: 1 : 1.333134e-03 / 1.208996e+00
PCG: 2 : 1.286626e-03 / 1.166818e+00
PCG: 3 : 1.155216e-03 / 1.047645e+00
PCG: 4 : 1.107825e-03 / 1.004667e+00
PCG: 5 : 1.439587e-03 / 1.305536e+00
PCG: 6 : 1.937625e-03 / 1.757198e+00
PCG: 0 : 1.937625e-03
PCG: 1 : 1.380506e-03 / 7.124729e-01
PCG: 2 : 1.019945e-03 / 5.263893e-01
PCG: 3 : 1.020006e-03 / 5.264208e-01
PCG: 4 : 1.088995e-03 / 5.620257e-01
PCG: 5 : 1.086981e-03 / 5.609860e-01
PCG: 6 : 8.739545e-04 / 4.510441e-01
PCG: 0 : 8.739546e-04
PCG: 1 : 1.057737e-03 / 1.210288e+00
PCG: 2 : 1.018218e-03 / 1.165069e+00
PCG: 3 : 9.156885e-04 / 1.047753e+00
PCG: 4 : 8.778246e-04 / 1.004428e+00
PCG: 5 : 1.141819e-03 / 1.306497e+00
PCG: 6 : 1.532159e-03 / 1.753134e+00
PCG: 0 : 1.532159e-03
PCG: 1 : 1.095167e-03 / 7.147868e-01
PCG: 2 : 8.084899e-04 / 5.276802e-01
PCG: 3 : 8.082030e-04 / 5.274930e-01
PCG: 4 : 8.616889e-04 / 5.624018e-01
PCG: 5 : 8.627842e-04 / 5.631167e-01
PCG: 6 : 6.930085e-04 / 4.523085e-01
PCG: 0 : 6.930088e-04
PCG: 1 : 8.392957e-04 / 1.211089e+00
PCG: 2 : 8.053397e-04 / 1.162091e+00
PCG: 3 : 7.253288e-04 / 1.046637e+00
PCG: 4 : 6.955818e-04 / 1.003713e+00
PCG: 5 : 9.056192e-04 / 1.306793e+00
PCG: 6 : 1.210411e-03 / 1.746603e+00
PCG: 0 : 1.210411e-03
PCG: 1 : 8.689252e-04 / 7.178761e-01
PCG: 2 : 6.410700e-04 / 5.296299e-01
PCG: 3 : 6.399809e-04 / 5.287303e-01
PCG: 4 : 6.813427e-04 / 5.629019e-01
PCG: 5 : 6.848501e-04 / 5.657996e-01
PCG: 6 : 5.496556e-04 / 4.541065e-01
PCG: 0 : 5.496560e-04
PCG: 1 : 6.660221e-04 / 1.211707e+00
PCG: 2 : 6.364371e-04 / 1.157883e+00
PCG: 3 : 5.740892e-04 / 1.044452e+00
PCG: 4 : 5.508444e-04 / 1.002162e+00
PCG: 5 : 7.182155e-04 / 1.306664e+00
PCG: 6 : 9.553793e-04 / 1.738140e+00
PCG: 0 : 9.553790e-04
PCG: 1 : 6.895077e-04 / 7.217112e-01
PCG: 2 : 5.083369e-04 / 5.320787e-01
PCG: 3 : 5.062753e-04 / 5.299209e-01
PCG: 4 : 5.380440e-04 / 5.631734e-01
PCG: 5 : 5.436734e-04 / 5.690657e-01
PCG: 6 : 4.359357e-04 / 4.562961e-01
PCG: 0 : 4.359354e-04
PCG: 1 : 5.282962e-04 / 1.211868e+00
PCG: 2 : 5.021860e-04 / 1.151973e+00
PCG: 3 : 4.535599e-04 / 1.040429e+00
PCG: 4 : 4.351762e-04 / 9.982585e-01
PCG: 5 : 5.692081e-04 / 1.305717e+00
PCG: 6 : 7.534429e-04 / 1.728336e+00
PCG: 0 : 7.534425e-04
PCG: 1 : 5.468859e-04 / 7.258496e-01
PCG: 2 : 4.025261e-04 / 5.342492e-01
PCG: 3 : 3.997434e-04 / 5.305559e-01
PCG: 4 : 4.240794e-04 / 5.628557e-01
PCG: 5 : 4.314973e-04 / 5.727011e-01
PCG: 6 : 3.454879e-04 / 4.585458e-01
PCG: 0 : 3.454879e-04
PCG: 1 : 4.185904e-04 / 1.211592e+00
PCG: 2 : 3.955029e-04 / 1.144766e+00
PCG: 3 : 3.572770e-04 / 1.034123e+00
PCG: 4 : 3.419199e-04 / 9.896726e-01
PCG: 5 : 4.504572e-04 / 1.303829e+00
PCG: 6 : 5.943392e-04 / 1.720289e+00
PCG: 0 : 5.943390e-04
PCG: 1 : 4.333167e-04 / 7.290733e-01
PCG: 2 : 3.175797e-04 / 5.343410e-01
PCG: 3 : 3.146027e-04 / 5.293321e-01
PCG: 4 : 3.332986e-04 / 5.607886e-01
PCG: 5 : 3.420937e-04 / 5.755867e-01
PCG: 6 : 2.733337e-04 / 4.598952e-01
PCG: 0 : 2.733339e-04
PCG: 1 : 3.308061e-04 / 1.210263e+00
PCG: 2 : 3.105606e-04 / 1.136195e+00
PCG: 3 : 2.799731e-04 / 1.024290e+00
PCG: 4 : 2.660611e-04 / 9.733921e-01
PCG: 5 : 3.557174e-04 / 1.301402e+00
PCG: 6 : 4.696373e-04 / 1.718181e+00
PCG: 0 : 4.696372e-04
PCG: 1 : 3.426707e-04 / 7.296498e-01
PCG: 2 : 2.486261e-04 / 5.294004e-01
PCG: 3 : 2.462391e-04 / 5.243176e-01
PCG: 4 : 2.609605e-04 / 5.556640e-01
PCG: 5 : 2.705516e-04 / 5.760863e-01
PCG: 6 : 2.156580e-04 / 4.592012e-01
PCG: 0 : 2.156578e-04
PCG: 1 : 2.604487e-04 / 1.207694e+00
PCG: 2 : 2.429757e-04 / 1.126672e+00
PCG: 3 : 2.178574e-04 / 1.010199e+00
PCG: 4 : 2.046123e-04 / 9.487819e-01
PCG: 5 : 2.802951e-04 / 1.299721e+00
PCG: 6 : 3.721500e-04 / 1.725650e+00
PCG: 0 : 3.721499e-04
PCG: 1 : 2.702180e-04 / 7.260999e-01
PCG: 2 : 1.923620e-04 / 5.168938e-01
PCG: 3 : 1.913165e-04 / 5.140845e-01
PCG: 4 : 2.035722e-04 / 5.470166e-01
PCG: 5 : 2.131343e-04 / 5.727110e-01
PCG: 6 : 1.696546e-04 / 4.558771e-01
PCG: 0 : 1.696547e-04
PCG: 1 : 2.042903e-04 / 1.204154e+00
PCG: 2 : 1.894286e-04 / 1.116554e+00
PCG: 3 : 1.683743e-04 / 9.924529e-01
PCG: 4 : 1.562366e-04 / 9.209094e-01
PCG: 5 : 2.206968e-04 / 1.300859e+00
PCG: 6 : 2.957237e-04 / 1.743092e+00
PCG: 0 : 2.957236e-04
PCG: 1 : 2.127080e-04 / 7.192796e-01
PCG: 2 : 1.470869e-04 / 4.973797e-01
PCG: 3 : 1.477182e-04 / 4.995145e-01
PCG: 4 : 1.586141e-04 / 5.363592e-01
PCG: 5 : 1.672525e-04 / 5.655702e-01
PCG: 6 : 1.333643e-04 / 4.509760e-01
PCG: 0 : 1.333643e-04
PCG: 1 : 1.601404e-04 / 1.200774e+00
PCG: 2 : 1.476090e-04 / 1.106810e+00
PCG: 3 : 1.299969e-04 / 9.747503e-01
PCG: 4 : 1.197865e-04 / 8.981897e-01
PCG: 5 : 1.739861e-04 / 1.304593e+00
PCG: 6 : 2.352729e-04 / 1.764137e+00
PCG: 0 : 2.352727e-04
PCG: 1 : 1.675238e-04 / 7.120411e-01
PCG: 2 : 1.121118e-04 / 4.765185e-01
PCG: 3 : 1.140647e-04 / 4.848190e-01
PCG: 4 : 1.239210e-04 / 5.267120e-01
PCG: 5 : 1.310452e-04 / 5.569927e-01
PCG: 6 : 1.050530e-04 / 4.465160e-01
PCG: 0 : 1.050530e-04
PCG: 1 : 1.259064e-04 / 1.198504e+00
PCG: 2 : 1.154707e-04 / 1.099166e+00
PCG: 3 : 1.010280e-04 / 9.616861e-01
PCG: 4 : 9.287390e-05 / 8.840669e-01
PCG: 5 : 1.374540e-04 / 1.308425e+00
PCG: 6 : 1.871486e-04 / 1.781468e+00
PCG: 0 : 1.871485e-04
PCG: 1 : 1.322848e-04 / 7.068442e-01
PCG: 2 : 8.619171e-05 / 4.605525e-01
PCG: 3 : 8.871857e-05 / 4.740544e-01
PCG: 4 : 9.731553e-05 / 5.199909e-01
PCG: 5 : 1.029197e-04 / 5.499358e-01
PCG: 6 : 8.303985e-05 / 4.437110e-01
PCG: 0 : 8.303989e-05
PCG: 1 : 9.939755e-05 / 1.196985e+00
PCG: 2 : 9.084895e-05 / 1.094040e+00
PCG: 3 : 7.923808e-05 / 9.542171e-01
PCG: 4 : 7.279128e-05 / 8.765821e-01
PCG: 5 : 1.088433e-04 / 1.310735e+00
PCG: 6 : 1.487855e-04 / 1.791736e+00
PCG: 0 : 1.487856e-04
PCG: 1 : 1.047263e-04 / 7.038739e-01
PCG: 2 : 6.712378e-05 / 4.511444e-01
PCG: 3 : 6.963873e-05 / 4.680476e-01
PCG: 4 : 7.680619e-05 / 5.162207e-01
PCG: 5 : 8.118191e-05 / 5.456303e-01
PCG: 6 : 6.581139e-05 / 4.423238e-01
PCG: 0 : 6.581139e-05
PCG: 1 : 7.870426e-05 / 1.195906e+00
PCG: 2 : 7.180534e-05 / 1.091078e+00
PCG: 3 : 6.256987e-05 / 9.507453e-01
PCG: 4 : 5.743562e-05 / 8.727308e-01
PCG: 5 : 8.630555e-05 / 1.311408e+00
PCG: 6 : 1.182430e-04 / 1.796695e+00
PCG: 0 : 1.182430e-04
PCG: 1 : 8.303691e-05 / 7.022561e-01
PCG: 2 : 5.277888e-05 / 4.463593e-01
PCG: 3 : 5.500991e-05 / 4.652274e-01
PCG: 4 : 6.080424e-05 / 5.142310e-01
PCG: 5 : 6.424791e-05 / 5.433546e-01
PCG: 6 : 5.222834e-05 / 4.417033e-01
PCG: 0 : 5.222832e-05
PCG: 1 : 6.241584e-05 / 1.195058e+00
PCG: 2 : 5.690172e-05 / 1.089480e+00
PCG: 3 : 4.959040e-05 / 9.494925e-01
PCG: 4 : 4.547480e-05 / 8.706926e-01
PCG: 5 : 6.849478e-05 / 1.311449e+00
PCG: 6 : 9.395563e-05 / 1.798940e+00
PCG: 0 : 9.395566e-05
PCG: 1 : 6.590007e-05 / 7.013954e-01
PCG: 2 : 4.172125e-05 / 4.440526e-01
PCG: 3 : 4.360646e-05 / 4.641174e-01
PCG: 4 : 4.822133e-05 / 5.132350e-01
PCG: 5 : 5.094212e-05 / 5.421932e-01
PCG: 6 : 4.147795e-05 / 4.414631e-01
PCG: 0 : 4.147794e-05
PCG: 1 : 4.953418e-05 / 1.194229e+00
PCG: 2 : 4.514881e-05 / 1.088502e+00
PCG: 3 : 3.937191e-05 / 9.492251e-01
PCG: 4 : 3.606158e-05 / 8.694158e-01
PCG: 5 : 5.438146e-05 / 1.311093e+00
PCG: 6 : 7.465410e-05 / 1.799851e+00
PCG: 0 : 7.465409e-05
PCG: 1 : 5.231659e-05 / 7.007867e-01
PCG: 2 : 3.306369e-05 / 4.428918e-01
PCG: 3 : 3.462380e-05 / 4.637898e-01
PCG: 4 : 3.827345e-05 / 5.126772e-01
PCG: 5 : 4.042874e-05 / 5.415476e-01
PCG: 6 : 3.295139e-05 / 4.413877e-01
PCG: 0 : 3.295139e-05
PCG: 1 : 3.932930e-05 / 1.193555e+00
PCG: 2 : 3.584367e-05 / 1.087774e+00
PCG: 3 : 3.128135e-05 / 9.493181e-01
PCG: 4 : 2.861788e-05 / 8.684879e-01
PCG: 5 : 4.318472e-05 / 1.310558e+00
PCG: 6 : 5.931712e-05 / 1.800140e+00
PCG: 0 : 5.931714e-05
PCG: 1 : 4.154336e-05 / 7.003601e-01
PCG: 2 : 2.623193e-05 / 4.422319e-01
PCG: 3 : 2.750740e-05 / 4.637344e-01
PCG: 4 : 3.038688e-05 / 5.122783e-01
PCG: 5 : 3.209727e-05 / 5.411130e-01
PCG: 6 : 2.617917e-05 / 4.413425e-01
PCG: 0 : 2.617918e-05
PCG: 1 : 3.122697e-05 / 1.192817e+00
PCG: 2 : 2.846069e-05 / 1.087150e+00
PCG: 3 : 2.485859e-05 / 9.495558e-01
PCG: 4 : 2.271719e-05 / 8.677578e-01
PCG: 5 : 3.429321e-05 / 1.309942e+00
PCG: 6 : 4.712763e-05 / 1.800195e+00
PCG: 0 : 4.712762e-05
PCG: 1 : 3.298725e-05 / 6.999559e-01
PCG: 2 : 2.082031e-05 / 4.417857e-01
PCG: 3 : 2.185919e-05 / 4.638298e-01
PCG: 4 : 2.412796e-05 / 5.119708e-01
PCG: 5 : 2.548863e-05 / 5.408427e-01
PCG: 6 : 2.080108e-05 / 4.413776e-01
PCG: 0 : 2.080107e-05
PCG: 1 : 2.479738e-05 / 1.192121e+00
PCG: 2 : 2.260014e-05 / 1.086490e+00
PCG: 3 : 1.975550e-05 / 9.497350e-01
PCG: 4 : 1.803485e-05 / 8.670154e-01
PCG: 5 : 2.723218e-05 / 1.309172e+00
PCG: 6 : 3.743970e-05 / 1.799893e+00
PCG: 0 : 3.743969e-05
PCG: 1 : 2.619521e-05 / 6.996642e-01
PCG: 2 : 1.652982e-05 / 4.415053e-01
PCG: 3 : 1.737172e-05 / 4.639921e-01
PCG: 4 : 1.915960e-05 / 5.117456e-01
PCG: 5 : 2.024172e-05 / 5.406488e-01
PCG: 6 : 1.652935e-05 / 4.414928e-01
PCG: 0 : 1.652935e-05
PCG: 1 : 1.969289e-05 / 1.191389e+00
PCG: 2 : 1.794694e-05 / 1.085762e+00
PCG: 3 : 1.570099e-05 / 9.498854e-01
PCG: 4 : 1.432023e-05 / 8.663514e-01
PCG: 5 : 2.162994e-05 / 1.308578e+00
PCG: 6 : 2.974591e-05 / 1.799581e+00
PCG: 0 : 2.974590e-05
PCG: 1 : 2.080302e-05 / 6.993576e-01
PCG: 2 : 1.312316e-05 / 4.411752e-01
PCG: 3 : 1.380577e-05 / 4.641232e-01
PCG: 4 : 1.521575e-05 / 5.115243e-01
PCG: 5 : 1.607547e-05 / 5.404263e-01
PCG: 6 : 1.313295e-05 / 4.415046e-01
PCG: 0 : 1.313295e-05
PCG: 1 : 1.563823e-05 / 1.190763e+00
PCG: 2 : 1.425357e-05 / 1.085329e+00
PCG: 3 : 1.247812e-05 / 9.501382e-01
PCG: 4 : 1.136902e-05 / 8.656865e-01
PCG: 5 : 1.717565e-05 / 1.307828e+00
PCG: 6 : 2.363115e-05 / 1.799378e+00
PCG: 0 : 2.363113e-05
PCG: 1 : 1.651913e-05 / 6.990411e-01
PCG: 2 : 1.041923e-05 / 4.409110e-01
PCG: 3 : 1.097165e-05 / 4.642878e-01
PCG: 4 : 1.208331e-05 / 5.113300e-01
PCG: 5 : 1.276762e-05 / 5.402882e-01
PCG: 6 : 1.043626e-05 / 4.416319e-01
PCG: 0 : 1.043626e-05
PCG: 1 : 1.242070e-05 / 1.190149e+00
PCG: 2 : 1.132049e-05 / 1.084727e+00
PCG: 3 : 9.916941e-06 / 9.502394e-01
PCG: 4 : 9.027706e-06 / 8.650331e-01
PCG: 5 : 1.364083e-05 / 1.307061e+00
PCG: 6 : 1.877527e-05 / 1.799043e+00
PCG: 0 : 1.877526e-05
PCG: 1 : 1.311788e-05 / 6.986789e-01
PCG: 2 : 8.272866e-06 / 4.406258e-01
PCG: 3 : 8.719523e-06 / 4.644155e-01
PCG: 4 : 9.596679e-06 / 5.111342e-01
PCG: 5 : 1.014009e-05 / 5.400772e-01
PCG: 6 : 8.291667e-06 / 4.416272e-01
PCG: 0 : 8.291664e-06
PCG: 1 : 9.864004e-06 / 1.189629e+00
PCG: 2 : 8.991180e-06 / 1.084364e+00
PCG: 3 : 7.881542e-06 / 9.505380e-01
PCG: 4 : 7.167693e-06 / 8.644456e-01
PCG: 5 : 1.083340e-05 / 1.306541e+00
PCG: 6 : 1.491701e-05 / 1.799037e+00
PCG: 0 : 1.491701e-05
PCG: 1 : 1.041725e-05 / 6.983472e-01
PCG: 2 : 6.568028e-06 / 4.403045e-01
PCG: 3 : 6.929473e-06 / 4.645349e-01
PCG: 4 : 7.621742e-06 / 5.109429e-01
PCG: 5 : 8.053301e-06 / 5.398735e-01
PCG: 6 : 6.587512e-06 / 4.416107e-01
PCG: 0 : 6.587514e-06
PCG: 1 : 7.834097e-06 / 1.189234e+00
PCG: 2 : 7.141537e-06 / 1.084102e+00
PCG: 3 : 6.263864e-06 / 9.508693e-01
PCG: 4 : 5.691672e-06 / 8.640091e-01
PCG: 5 : 8.603794e-06 / 1.306076e+00
PCG: 6 : 1.185179e-05 / 1.799129e+00
PCG: 0 : 1.185179e-05
PCG: 1 : 8.273079e-06 / 6.980448e-01
PCG: 2 : 5.215716e-06 / 4.400784e-01
PCG: 3 : 5.506740e-06 / 4.646337e-01
PCG: 4 : 6.053012e-06 / 5.107256e-01
PCG: 5 : 6.396072e-06 / 5.396715e-01
PCG: 6 : 5.233636e-06 / 4.415904e-01
PCG: 0 : 5.233636e-06
PCG: 1 : 6.221654e-06 / 1.188782e+00
PCG: 2 : 5.671627e-06 / 1.083688e+00
PCG: 3 : 4.977843e-06 / 9.511253e-01
PCG: 4 : 4.519547e-06 / 8.635577e-01
PCG: 5 : 6.833096e-06 / 1.305612e+00
PCG: 6 : 9.416102e-06 / 1.799151e+00
PCG: 0 : 9.416100e-06
PCG: 1 : 6.570069e-06 / 6.977485e-01
PCG: 2 : 4.141825e-06 / 4.398663e-01
PCG: 3 : 4.376128e-06 / 4.647496e-01
PCG: 4 : 4.807343e-06 / 5.105450e-01
PCG: 5 : 5.080060e-06 / 5.395078e-01
PCG: 6 : 4.158149e-06 / 4.415999e-01
PCG: 0 : 4.158150e-06
PCG: 1 : 4.941217e-06 / 1.188321e+00
PCG: 2 : 4.504581e-06 / 1.083314e+00
PCG: 3 : 3.955679e-06 / 9.513075e-01
PCG: 4 : 3.588845e-06 / 8.630871e-01
PCG: 5 : 5.426726e-06 / 1.305082e+00
PCG: 6 : 7.480681e-06 / 1.799041e+00
PCG: 0 : 7.480680e-06
PCG: 1 : 5.217732e-06 / 6.974943e-01
PCG: 2 : 3.288844e-06 / 4.396451e-01
PCG: 3 : 3.477647e-06 / 4.648837e-01
PCG: 4 : 3.818090e-06 / 5.103934e-01
PCG: 5 : 4.034728e-06 / 5.393530e-01
PCG: 6 : 3.304054e-06 / 4.416783e-01
PCG: 0 : 3.304054e-06
PCG: 1 : 3.924350e-06 / 1.187738e+00
PCG: 2 : 3.577727e-06 / 1.082829e+00
PCG: 3 : 3.143464e-06 / 9.513960e-01
PCG: 4 : 2.849890e-06 / 8.625433e-01
PCG: 5 : 4.309798e-06 / 1.304397e+00
PCG: 6 : 5.942853e-06 / 1.798655e+00
PCG: 0 : 5.942857e-06
PCG: 1 : 4.143775e-06 / 6.972699e-01
PCG: 2 : 2.611755e-06 / 4.394781e-01
PCG: 3 : 2.763464e-06 / 4.650060e-01
PCG: 4 : 3.032202e-06 / 5.102263e-01
PCG: 5 : 3.204667e-06 / 5.392470e-01
PCG: 6 : 2.625232e-06 / 4.417458e-01
PCG: 0 : 2.625231e-06
PCG: 1 : 3.116890e-06 / 1.187282e+00
PCG: 2 : 2.841523e-06 / 1.082390e+00
PCG: 3 : 2.498110e-06 / 9.515773e-01
PCG: 4 : 2.263308e-06 / 8.621370e-01
PCG: 5 : 3.423121e-06 / 1.303932e+00
PCG: 6 : 4.721450e-06 / 1.798490e+00
PCG: 0 : 4.721447e-06
PCG: 1 : 3.291099e-06 / 6.970530e-01
PCG: 2 : 2.074078e-06 / 4.392886e-01
PCG: 3 : 2.195982e-06 / 4.651079e-01
PCG: 4 : 2.408339e-06 / 5.100848e-01
PCG: 5 : 2.545362e-06 / 5.391062e-01
PCG: 6 : 2.085544e-06 / 4.417171e-01
PCG: 0 : 2.085543e-06
PCG: 1 : 2.475479e-06 / 1.186971e+00
PCG: 2 : 2.256871e-06 / 1.082150e+00
PCG: 3 : 1.985152e-06 / 9.518632e-01
PCG: 4 : 1.797283e-06 / 8.617819e-01
PCG: 5 : 2.718771e-06 / 1.303627e+00
PCG: 6 : 3.751145e-06 / 1.798642e+00
PCG: 0 : 3.751144e-06
PCG: 1 : 2.613736e-06 / 6.967837e-01
PCG: 2 : 1.647148e-06 / 4.391054e-01
PCG: 3 : 1.744971e-06 / 4.651836e-01
PCG: 4 : 1.912649e-06 / 5.098843e-01
PCG: 5 : 2.021579e-06 / 5.389232e-01
PCG: 6 : 1.656960e-06 / 4.417213e-01
PCG: 0 : 1.656961e-06
PCG: 1 : 1.966102e-06 / 1.186571e+00
PCG: 2 : 1.792460e-06 / 1.081775e+00
PCG: 3 : 1.577372e-06 / 9.519670e-01
PCG: 4 : 1.427381e-06 / 8.614448e-01
PCG: 5 : 2.159277e-06 / 1.303155e+00
PCG: 6 : 2.980127e-06 / 1.798550e+00

PCG ( VCycle ( S: Scale / C: Scale )  )

Complete solver TOE: 8.28609
2.51849 GFlop/s [2.51849 GFlops/s]

Total time: 8.28609s
Accumulated op time: 7.97383

Reductions: 7.39964%
Blas-1: 5.83737%
Blas-2: 82.9945%
Precon Kernels: 0%
MPI Execution: 0%
MPI Wait: 0%
Not covered: 3.76853%

Domain size: 48.0179 MByte
LA size: 119.742 MByte
MPI size: 2.67099 MByte

H0-Error: 5.207630e-06
H1-Error: 4.034451e-03

Writing DATA to output.data...
Run-Time: 0:08.846 [0:08.846]
0x31d198e880 Error: MemoryPool<CPU> still contains memory chunks on deconstructor call
