NUM-PROCS: 1
Preparing domain...
LVL-MIN: 2 [2]
LVL-MAX: 8 [8]
Creating gates...
Assembling system matrices...
Assembling system filters...
Assembling transfer matrices...
Converting assembled linear system from SparseMatrixCSR, Mem:main to SparseMatrixELL, Mem:cudaand to SparseMatrixELL, Mem:cuda...
PCG: 0 : 3.788187e-02
PCG: 1 : 1.876158e-02 / 4.952652e-01
PCG: 2 : 1.023250e-02 / 2.701160e-01
PCG: 0 : 1.040698e-02
PCG: 1 : 3.287000e-03 / 3.158458e-01
PCG: 2 : 8.087846e-04 / 7.771562e-02
PCG: 0 : 8.087838e-04
PCG: 1 : 1.669196e-04 / 2.063835e-01
PCG: 2 : 5.132637e-05 / 6.346118e-02
PCG: 0 : 5.132638e-05
PCG: 1 : 2.078094e-05 / 4.048782e-01
PCG: 2 : 9.989019e-06 / 1.946176e-01
PCG: 0 : 9.989013e-06
PCG: 1 : 3.891520e-06 / 3.895800e-01
PCG: 2 : 1.228013e-06 / 1.229364e-01
PCG: 0 : 1.228013e-06
PCG: 1 : 5.973170e-07 / 4.864092e-01
PCG: 2 : 1.968110e-07 / 1.602678e-01
PCG: 0 : 1.968110e-07
PCG: 1 : 8.835259e-08 / 4.489210e-01
PCG: 2 : 2.625166e-08 / 1.333851e-01
PCG: 0 : 2.625166e-08
PCG: 1 : 1.406282e-08 / 5.356928e-01
PCG: 2 : 4.412731e-09 / 1.680934e-01
PCG: 0 : 4.412730e-09
PCG: 1 : 2.047366e-09 / 4.639681e-01
PCG: 2 : 5.734906e-10 / 1.299628e-01

PCG ( VCycle ( S: Scale / C: Scale )  )

Complete solver TOE: 1.15799
0.168893 GFlop/s [0.168893 GFlops/s]

Total time: 1.15799s
Accumulated op time: 0.098927

Reductions: 4.91799%
Blas-1: 1.91089%
Blas-2: 1.71409%
Precon Kernels: 0%
MPI Execution: 0%
MPI Wait: 0%
Not covered: 91.457%

Domain size: 6.73645 MByte
LA size: 22.4112 MByte
MPI size: 0.674484 MByte

H0-Error: 6.865564e-06
H1-Error: 8.068795e-03

Writing DATA to output.data...
Run-Time: 0:01.912 [0:01.912]
0xb32f29f8 Error: MemoryPool<CUDA> still contains memory chunks on deconstructor call
