NUM-PROCS: 1
Preparing domain...
LVL-MIN: 5 [5]
LVL-MAX: 8 [8]
Creating gates...
Assembling system matrices...
Assembling system filters...
Assembling transfer matrices...
Converting assembled linear system from SparseMatrixCSR, Mem:main to SparseMatrixCSR, Mem:mainand to SparseMatrixCSR, Mem:main...
PCG: 0 : 3.788183e-02
PCG: 1 : 1.531274e-01 / 4.042240e+00
PCG: 2 : 1.362878e-01 / 3.597708e+00
PCG: 3 : 2.921180e-01 / 7.711296e+00
PCG: 4 : 2.872759e-01 / 7.583474e+00
PCG: 5 : 1.502754e-01 / 3.966953e+00
PCG: 6 : 1.546998e-01 / 4.083746e+00
PCG: 7 : 1.430841e-01 / 3.777116e+00
PCG: 0 : 1.435377e-01
PCG: 1 : 1.122870e-01 / 7.822826e-01
PCG: 2 : 5.986517e-02 / 4.170694e-01
PCG: 3 : 3.630422e-02 / 2.529247e-01
PCG: 4 : 2.463355e-02 / 1.716173e-01
PCG: 5 : 2.809677e-02 / 1.957449e-01
PCG: 6 : 3.220784e-02 / 2.243859e-01
PCG: 7 : 2.269392e-02 / 1.581043e-01
PCG: 0 : 2.269392e-02
PCG: 1 : 1.671865e-02 / 7.367017e-01
PCG: 2 : 1.323884e-02 / 5.833651e-01
PCG: 3 : 5.590672e-03 / 2.463511e-01
PCG: 4 : 5.781124e-03 / 2.547433e-01
PCG: 5 : 6.901203e-03 / 3.040992e-01
PCG: 6 : 1.072090e-02 / 4.724129e-01
PCG: 7 : 1.443305e-02 / 6.359875e-01
PCG: 0 : 1.443304e-02
PCG: 1 : 7.602100e-03 / 5.267149e-01
PCG: 2 : 4.541840e-03 / 3.146834e-01
PCG: 3 : 3.387572e-03 / 2.347094e-01
PCG: 4 : 3.376432e-03 / 2.339376e-01
PCG: 5 : 5.865133e-03 / 4.063684e-01
PCG: 6 : 7.043170e-03 / 4.879892e-01
PCG: 7 : 6.645810e-03 / 4.604580e-01
PCG: 0 : 6.645810e-03
PCG: 1 : 5.018207e-03 / 7.550933e-01
PCG: 2 : 3.534621e-03 / 5.318571e-01
PCG: 3 : 1.886823e-03 / 2.839117e-01
PCG: 4 : 1.848266e-03 / 2.781100e-01
PCG: 5 : 2.079463e-03 / 3.128983e-01
PCG: 6 : 3.029346e-03 / 4.558280e-01
PCG: 7 : 4.036713e-03 / 6.074073e-01
PCG: 0 : 4.036713e-03
PCG: 1 : 2.285327e-03 / 5.661355e-01
PCG: 2 : 1.366332e-03 / 3.384764e-01
PCG: 3 : 1.203234e-03 / 2.980727e-01
PCG: 4 : 1.117906e-03 / 2.769347e-01
PCG: 5 : 1.722594e-03 / 4.267319e-01
PCG: 6 : 2.012989e-03 / 4.986705e-01
PCG: 7 : 1.966074e-03 / 4.870483e-01
PCG: 0 : 1.966074e-03
PCG: 1 : 1.516473e-03 / 7.713205e-01
PCG: 2 : 1.046254e-03 / 5.321540e-01
PCG: 3 : 6.195595e-04 / 3.151253e-01
PCG: 4 : 6.107925e-04 / 3.106661e-01
PCG: 5 : 6.180568e-04 / 3.143610e-01
PCG: 6 : 8.782159e-04 / 4.466851e-01
PCG: 7 : 1.206218e-03 / 6.135164e-01
PCG: 0 : 1.206219e-03
PCG: 1 : 6.926298e-04 / 5.742158e-01
PCG: 2 : 4.227314e-04 / 3.504600e-01
PCG: 3 : 3.923098e-04 / 3.252394e-01
PCG: 4 : 3.473157e-04 / 2.879376e-01
PCG: 5 : 5.075835e-04 / 4.208055e-01
PCG: 6 : 6.009977e-04 / 4.982494e-01
PCG: 7 : 6.006152e-04 / 4.979323e-01
PCG: 0 : 6.006152e-04
PCG: 1 : 4.633129e-04 / 7.713972e-01
PCG: 2 : 3.164250e-04 / 5.268348e-01
PCG: 3 : 1.902821e-04 / 3.168119e-01
PCG: 4 : 1.878476e-04 / 3.127586e-01
PCG: 5 : 1.844761e-04 / 3.071453e-01
PCG: 6 : 2.629875e-04 / 4.378635e-01
PCG: 7 : 3.681102e-04 / 6.128886e-01
PCG: 0 : 3.681102e-04
PCG: 1 : 2.125746e-04 / 5.774755e-01
PCG: 2 : 1.297720e-04 / 3.525357e-01
PCG: 3 : 1.220161e-04 / 3.314663e-01
PCG: 4 : 1.064381e-04 / 2.891474e-01
PCG: 5 : 1.529134e-04 / 4.154013e-01
PCG: 6 : 1.824188e-04 / 4.955548e-01
PCG: 7 : 1.830005e-04 / 4.971350e-01
PCG: 0 : 1.830005e-04
PCG: 1 : 1.420746e-04 / 7.763621e-01
PCG: 2 : 9.720329e-05 / 5.311642e-01
PCG: 3 : 5.925407e-05 / 3.237919e-01
PCG: 4 : 5.856081e-05 / 3.200036e-01
PCG: 5 : 5.645732e-05 / 3.085092e-01
PCG: 6 : 8.010483e-05 / 4.377302e-01
PCG: 7 : 1.119449e-04 / 6.117191e-01
PCG: 0 : 1.119449e-04
PCG: 1 : 6.534492e-05 / 5.837241e-01
PCG: 2 : 4.036759e-05 / 3.606024e-01
PCG: 3 : 3.873866e-05 / 3.460513e-01
PCG: 4 : 3.353769e-05 / 2.995912e-01
PCG: 5 : 4.710532e-05 / 4.207903e-01
PCG: 6 : 5.560043e-05 / 4.966769e-01
PCG: 7 : 5.546225e-05 / 4.954425e-01
PCG: 0 : 5.546223e-05
PCG: 1 : 4.360365e-05 / 7.861863e-01
PCG: 2 : 3.047660e-05 / 5.495018e-01
PCG: 3 : 1.913158e-05 / 3.449478e-01
PCG: 4 : 1.893366e-05 / 3.413794e-01
PCG: 5 : 1.774566e-05 / 3.199593e-01
PCG: 6 : 2.461991e-05 / 4.439040e-01
PCG: 7 : 3.398870e-05 / 6.128260e-01
PCG: 0 : 3.398870e-05
PCG: 1 : 2.017739e-05 / 5.936498e-01
PCG: 2 : 1.285531e-05 / 3.782229e-01
PCG: 3 : 1.275377e-05 / 3.752356e-01
PCG: 4 : 1.094300e-05 / 3.219599e-01
PCG: 5 : 1.478574e-05 / 4.350193e-01
PCG: 6 : 1.699964e-05 / 5.001555e-01
PCG: 7 : 1.689462e-05 / 4.970658e-01
PCG: 0 : 1.689462e-05
PCG: 1 : 1.350637e-05 / 7.994476e-01
PCG: 2 : 9.805959e-06 / 5.804189e-01
PCG: 3 : 6.407110e-06 / 3.792396e-01
PCG: 4 : 6.320900e-06 / 3.741368e-01
PCG: 5 : 5.676509e-06 / 3.359950e-01
PCG: 6 : 7.623152e-06 / 4.512177e-01
PCG: 7 : 1.047650e-05 / 6.201087e-01
PCG: 0 : 1.047650e-05
PCG: 1 : 6.339702e-06 / 6.051354e-01
PCG: 2 : 4.200184e-06 / 4.009147e-01
PCG: 3 : 4.315082e-06 / 4.118820e-01
PCG: 4 : 3.654415e-06 / 3.488202e-01
PCG: 5 : 4.709080e-06 / 4.494897e-01
PCG: 6 : 5.267370e-06 / 5.027794e-01
PCG: 7 : 5.272930e-06 / 5.033101e-01
PCG: 0 : 5.272929e-06
PCG: 1 : 4.281848e-06 / 8.120435e-01
PCG: 2 : 3.224054e-06 / 6.114352e-01
PCG: 3 : 2.178112e-06 / 4.130745e-01
PCG: 4 : 2.132989e-06 / 4.045170e-01
PCG: 5 : 1.834194e-06 / 3.478510e-01
PCG: 6 : 2.400956e-06 / 4.553362e-01
PCG: 7 : 3.332380e-06 / 6.319790e-01
PCG: 0 : 3.332379e-06
PCG: 1 : 2.046334e-06 / 6.140759e-01
PCG: 2 : 1.392392e-06 / 4.178371e-01
PCG: 3 : 1.463492e-06 / 4.391731e-01
PCG: 4 : 1.226166e-06 / 3.679552e-01
PCG: 5 : 1.524912e-06 / 4.576044e-01
PCG: 6 : 1.677970e-06 / 5.035352e-01
PCG: 7 : 1.696340e-06 / 5.090478e-01
PCG: 0 : 1.696341e-06
PCG: 1 : 1.393161e-06 / 8.212741e-01
PCG: 2 : 1.070242e-06 / 6.309121e-01
PCG: 3 : 7.359466e-07 / 4.338436e-01
PCG: 4 : 7.169860e-07 / 4.226663e-01
PCG: 5 : 6.002716e-07 / 3.538626e-01
PCG: 6 : 7.768061e-07 / 4.579305e-01
PCG: 7 : 1.088108e-06 / 6.414446e-01

PCG ( VCycle ( S: Scale / C: Scale )  )

Complete solver TOE: 2.3301
0.548193 GFlop/s [0.548193 GFlops/s]

Total time: 2.3301s
Accumulated op time: 2.25115

Reductions: 1.88897%
Blas-1: 5.63538%
Blas-2: 89.0875%
Precon Kernels: 0%
MPI Execution: 0%
MPI Wait: 0%
Not covered: 3.38809%

Domain size: 6.70679 MByte
LA size: 22.1625 MByte
MPI size: 0.671448 MByte

H0-Error: 7.471179e-06
H1-Error: 8.068795e-03

Writing DATA to output.data...
Run-Time: 0:02.929 [0:02.929]
0xb331d9f8 Error: MemoryPool<CPU> still contains memory chunks on deconstructor call
