NUM-PROCS: 1
Preparing domain...
LVL-MIN: 6 [6]
LVL-MAX: 9 [9]
Creating gates...
Assembling system matrices...
Assembling system filters...
Assembling transfer matrices...
Converting assembled linear system from SparseMatrixCSR, Mem:main to SparseMatrixCSR, Mem:mainand to SparseMatrixCSR, Mem:main...
PCG: 0 : 1.894412e-02
PCG: 1 : 1.595567e-01 / 8.422489e+00
PCG: 2 : 1.432495e-01 / 7.561683e+00
PCG: 3 : 2.806424e-01 / 1.481422e+01
PCG: 4 : 2.511967e-01 / 1.325988e+01
PCG: 0 : 2.512931e-01
PCG: 1 : 1.924842e-01 / 7.659750e-01
PCG: 2 : 9.908877e-02 / 3.943155e-01
PCG: 3 : 1.115324e-01 / 4.438340e-01
PCG: 4 : 1.773603e-01 / 7.057907e-01
PCG: 0 : 1.773603e-01
PCG: 1 : 1.387495e-01 / 7.823030e-01
PCG: 2 : 6.039704e-02 / 3.405330e-01
PCG: 3 : 9.522391e-02 / 5.368952e-01
PCG: 4 : 1.065096e-01 / 6.005267e-01
PCG: 0 : 1.065096e-01
PCG: 1 : 8.584077e-02 / 8.059438e-01
PCG: 2 : 5.554866e-02 / 5.215366e-01
PCG: 3 : 1.017776e-01 / 9.555715e-01
PCG: 4 : 9.774219e-02 / 9.176842e-01
PCG: 0 : 9.774218e-02
PCG: 1 : 8.853210e-02 / 9.057717e-01
PCG: 2 : 3.673961e-02 / 3.758829e-01
PCG: 3 : 4.016225e-02 / 4.108999e-01
PCG: 4 : 5.390076e-02 / 5.514586e-01
PCG: 0 : 5.390076e-02
PCG: 1 : 5.406122e-02 / 1.002977e+00
PCG: 2 : 4.468487e-02 / 8.290212e-01
PCG: 3 : 6.339815e-02 / 1.176201e+00
PCG: 4 : 6.074525e-02 / 1.126983e+00
PCG: 0 : 6.074526e-02
PCG: 1 : 6.362132e-02 / 1.047346e+00
PCG: 2 : 3.700763e-02 / 6.092267e-01
PCG: 3 : 2.760340e-02 / 4.544124e-01
PCG: 4 : 3.102210e-02 / 5.106917e-01
PCG: 0 : 3.102210e-02
PCG: 1 : 3.318934e-02 / 1.069861e+00
PCG: 2 : 3.820527e-02 / 1.231550e+00
PCG: 3 : 5.169366e-02 / 1.666349e+00
PCG: 4 : 4.571952e-02 / 1.473773e+00
PCG: 0 : 4.571954e-02
PCG: 1 : 4.862022e-02 / 1.063445e+00
PCG: 2 : 3.364609e-02 / 7.359237e-01
PCG: 3 : 2.484373e-02 / 5.433941e-01
PCG: 4 : 2.393045e-02 / 5.234185e-01
PCG: 0 : 2.393045e-02
PCG: 1 : 2.468895e-02 / 1.031696e+00
PCG: 2 : 3.220071e-02 / 1.345596e+00
PCG: 3 : 4.370472e-02 / 1.826323e+00
PCG: 4 : 3.921267e-02 / 1.638610e+00
PCG: 0 : 3.921267e-02
PCG: 1 : 4.072048e-02 / 1.038452e+00
PCG: 2 : 2.971415e-02 / 7.577693e-01
PCG: 3 : 2.258536e-02 / 5.759711e-01
PCG: 4 : 2.178976e-02 / 5.556818e-01
PCG: 0 : 2.178976e-02
PCG: 1 : 2.190373e-02 / 1.005230e+00
PCG: 2 : 2.829190e-02 / 1.298403e+00
PCG: 3 : 3.733514e-02 / 1.713426e+00
PCG: 4 : 3.449389e-02 / 1.583032e+00
PCG: 0 : 3.449389e-02
PCG: 1 : 3.517802e-02 / 1.019833e+00
PCG: 2 : 2.651895e-02 / 7.688013e-01
PCG: 3 : 2.101470e-02 / 6.092294e-01
PCG: 4 : 2.072347e-02 / 6.007866e-01
PCG: 0 : 2.072347e-02
PCG: 1 : 2.051601e-02 / 9.899893e-01
PCG: 2 : 2.530386e-02 / 1.221025e+00
PCG: 3 : 3.223947e-02 / 1.555699e+00
PCG: 4 : 3.036769e-02 / 1.465377e+00
PCG: 0 : 3.036768e-02
PCG: 1 : 3.061285e-02 / 1.008073e+00
PCG: 2 : 2.383808e-02 / 7.849818e-01
PCG: 3 : 1.976896e-02 / 6.509866e-01
PCG: 4 : 1.977895e-02 / 6.513157e-01
PCG: 0 : 1.977894e-02
PCG: 1 : 1.935992e-02 / 9.788147e-01
PCG: 2 : 2.276520e-02 / 1.150982e+00
PCG: 3 : 2.803306e-02 / 1.417318e+00
PCG: 4 : 2.676613e-02 / 1.353264e+00
PCG: 0 : 2.676612e-02
PCG: 1 : 2.673432e-02 / 9.988118e-01
PCG: 2 : 2.148872e-02 / 8.028330e-01
PCG: 3 : 1.852495e-02 / 6.921045e-01
PCG: 4 : 1.871679e-02 / 6.992717e-01
PCG: 0 : 1.871679e-02
PCG: 1 : 1.813353e-02 / 9.688380e-01
PCG: 2 : 2.052517e-02 / 1.096619e+00
PCG: 3 : 2.450760e-02 / 1.309391e+00
PCG: 4 : 2.367840e-02 / 1.265089e+00
PCG: 0 : 2.367839e-02
PCG: 1 : 2.343971e-02 / 9.899198e-01
PCG: 2 : 1.939100e-02 / 8.189327e-01
PCG: 3 : 1.720078e-02 / 7.264340e-01
PCG: 4 : 1.753028e-02 / 7.403495e-01
PCG: 0 : 1.753029e-02
PCG: 1 : 1.681051e-02 / 9.589407e-01
PCG: 2 : 1.852172e-02 / 1.056556e+00
PCG: 3 : 2.153002e-02 / 1.228161e+00
PCG: 4 : 2.104400e-02 / 1.200437e+00
PCG: 0 : 2.104399e-02
PCG: 1 : 2.063614e-02 / 9.806191e-01
PCG: 2 : 1.750886e-02 / 8.320122e-01
PCG: 3 : 1.582719e-02 / 7.521001e-01
PCG: 4 : 1.627817e-02 / 7.735305e-01
PCG: 0 : 1.627816e-02
PCG: 1 : 1.544590e-02 / 9.488723e-01
PCG: 2 : 1.672562e-02 / 1.027488e+00
PCG: 3 : 1.899529e-02 / 1.166918e+00
PCG: 4 : 1.878336e-02 / 1.153899e+00
PCG: 0 : 1.878336e-02
PCG: 1 : 1.823723e-02 / 9.709251e-01
PCG: 2 : 1.581697e-02 / 8.420735e-01
PCG: 3 : 1.446298e-02 / 7.699892e-01
PCG: 4 : 1.502223e-02 / 7.997628e-01
PCG: 0 : 1.502223e-02
PCG: 1 : 1.409999e-02 / 9.386085e-01
PCG: 2 : 1.511008e-02 / 1.005848e+00
PCG: 3 : 1.681811e-02 / 1.119548e+00
PCG: 4 : 1.682560e-02 / 1.120047e+00
PCG: 0 : 1.682561e-02
PCG: 1 : 1.616926e-02 / 9.609914e-01
PCG: 2 : 1.429264e-02 / 8.494576e-01
PCG: 3 : 1.315151e-02 / 7.816366e-01
PCG: 4 : 1.380358e-02 / 8.203914e-01
PCG: 0 : 1.380358e-02
PCG: 1 : 1.281551e-02 / 9.284191e-01
PCG: 2 : 1.365547e-02 / 9.892702e-01
PCG: 3 : 1.493382e-02 / 1.081880e+00
PCG: 4 : 1.511573e-02 / 1.095059e+00
PCG: 0 : 1.511573e-02
PCG: 1 : 1.437558e-02 / 9.510342e-01
PCG: 2 : 1.291777e-02 / 8.545911e-01
PCG: 3 : 1.191997e-02 / 7.885805e-01
PCG: 4 : 1.264571e-02 / 8.365927e-01
PCG: 0 : 1.264571e-02
PCG: 1 : 1.161551e-02 / 9.185333e-01
PCG: 2 : 1.234054e-02 / 9.758677e-01
PCG: 3 : 1.329012e-02 / 1.050959e+00
PCG: 4 : 1.360922e-02 / 1.076193e+00
PCG: 0 : 1.360923e-02
PCG: 1 : 1.281108e-02 / 9.413524e-01
PCG: 2 : 1.167585e-02 / 8.579360e-01
PCG: 3 : 1.078216e-02 / 7.922686e-01
PCG: 4 : 1.156528e-02 / 8.498114e-01
PCG: 0 : 1.156527e-02
PCG: 1 : 1.051385e-02 / 9.090877e-01
PCG: 2 : 1.115417e-02 / 9.644539e-01
PCG: 3 : 1.185360e-02 / 1.024931e+00
PCG: 4 : 1.228065e-02 / 1.061856e+00
PCG: 0 : 1.228064e-02
PCG: 1 : 1.144580e-02 / 9.320193e-01
PCG: 2 : 1.055117e-02 / 8.591706e-01
PCG: 3 : 9.740151e-03 / 7.931303e-01
PCG: 4 : 1.056654e-02 / 8.604226e-01
PCG: 0 : 1.056655e-02
PCG: 1 : 9.510471e-03 / 9.000549e-01
PCG: 2 : 1.007723e-02 / 9.536921e-01
PCG: 3 : 1.059114e-02 / 1.002328e+00
PCG: 4 : 1.110410e-02 / 1.050873e+00
PCG: 0 : 1.110410e-02
PCG: 1 : 1.025124e-02 / 9.231941e-01
PCG: 2 : 9.532483e-03 / 8.584653e-01
PCG: 3 : 8.796751e-03 / 7.922075e-01
PCG: 4 : 9.660353e-03 / 8.699808e-01
PCG: 0 : 9.660352e-03
PCG: 1 : 8.610872e-03 / 8.913621e-01
PCG: 2 : 9.100009e-03 / 9.419956e-01
PCG: 3 : 9.479611e-03 / 9.812905e-01
PCG: 4 : 1.006701e-02 / 1.042095e+00
PCG: 0 : 1.006701e-02
PCG: 1 : 9.208772e-03 / 9.147478e-01
PCG: 2 : 8.606925e-03 / 8.549637e-01
PCG: 3 : 7.945927e-03 / 7.893038e-01
PCG: 4 : 8.847702e-03 / 8.788812e-01
PCG: 0 : 8.847699e-03
PCG: 1 : 7.811102e-03 / 8.828400e-01
PCG: 2 : 8.212603e-03 / 9.282191e-01
PCG: 3 : 8.502743e-03 / 9.610118e-01
PCG: 4 : 9.163389e-03 / 1.035681e+00
PCG: 0 : 9.163385e-03
PCG: 1 : 8.306682e-03 / 9.065080e-01
PCG: 2 : 7.766066e-03 / 8.475106e-01
PCG: 3 : 7.183552e-03 / 7.839409e-01
PCG: 4 : 8.135380e-03 / 8.878139e-01
PCG: 0 : 8.135382e-03
PCG: 1 : 7.109740e-03 / 8.739282e-01
PCG: 2 : 7.404435e-03 / 9.101521e-01
PCG: 3 : 7.646078e-03 / 9.398548e-01
PCG: 4 : 8.390915e-03 / 1.031410e+00
PCG: 0 : 8.390916e-03
PCG: 1 : 7.533330e-03 / 8.977959e-01
PCG: 2 : 6.999020e-03 / 8.341187e-01
PCG: 3 : 6.505196e-03 / 7.752665e-01
PCG: 4 : 7.529126e-03 / 8.972950e-01
PCG: 0 : 7.529129e-03
PCG: 1 : 6.505662e-03 / 8.640657e-01
PCG: 2 : 6.665310e-03 / 8.852698e-01
PCG: 3 : 6.897685e-03 / 9.161332e-01
PCG: 4 : 7.750791e-03 / 1.029441e+00
PCG: 0 : 7.750789e-03
PCG: 1 : 6.881481e-03 / 8.878427e-01
PCG: 2 : 6.296628e-03 / 8.123855e-01
PCG: 3 : 5.908522e-03 / 7.623124e-01
PCG: 4 : 7.034720e-03 / 9.076135e-01
PCG: 0 : 7.034724e-03
PCG: 1 : 5.996456e-03 / 8.524082e-01
PCG: 2 : 5.986495e-03 / 8.509922e-01
PCG: 3 : 6.252001e-03 / 8.887343e-01
PCG: 4 : 7.243596e-03 / 1.029692e+00
PCG: 0 : 7.243595e-03
PCG: 1 : 6.344337e-03 / 8.758548e-01
PCG: 2 : 5.651069e-03 / 7.801470e-01
PCG: 3 : 5.392470e-03 / 7.444468e-01
PCG: 4 : 6.653845e-03 / 9.185833e-01
PCG: 0 : 6.653847e-03
PCG: 1 : 5.575246e-03 / 8.378982e-01
PCG: 2 : 5.359774e-03 / 8.055151e-01
PCG: 3 : 5.706313e-03 / 8.575960e-01
PCG: 4 : 6.861014e-03 / 1.031135e+00
PCG: 0 : 6.861011e-03
PCG: 1 : 5.906803e-03 / 8.609231e-01
PCG: 2 : 5.051755e-03 / 7.362990e-01
PCG: 3 : 4.957197e-03 / 7.225171e-01
PCG: 4 : 6.373493e-03 / 9.289438e-01
PCG: 0 : 6.373491e-03
PCG: 1 : 5.226691e-03 / 8.200672e-01
PCG: 2 : 4.776559e-03 / 7.494416e-01
PCG: 3 : 5.257080e-03 / 8.248352e-01
PCG: 4 : 6.578706e-03 / 1.032198e+00
PCG: 0 : 6.578705e-03
PCG: 1 : 5.543133e-03 / 8.425872e-01
PCG: 2 : 4.492924e-03 / 6.829495e-01
PCG: 3 : 4.601648e-03 / 6.994762e-01
PCG: 4 : 6.160292e-03 / 9.363988e-01
PCG: 0 : 6.160290e-03
PCG: 1 : 4.923770e-03 / 7.992756e-01
PCG: 2 : 4.235431e-03 / 6.875376e-01
PCG: 3 : 4.896506e-03 / 7.948499e-01
PCG: 4 : 6.349016e-03 / 1.030636e+00
PCG: 0 : 6.349016e-03
PCG: 1 : 5.217370e-03 / 8.217604e-01
PCG: 2 : 3.975217e-03 / 6.261154e-01
PCG: 3 : 4.316096e-03 / 6.798055e-01
PCG: 4 : 5.964381e-03 / 9.394181e-01
PCG: 0 : 5.964383e-03
PCG: 1 : 4.634862e-03 / 7.770900e-01
PCG: 2 : 3.740276e-03 / 6.271020e-01
PCG: 3 : 4.604293e-03 / 7.719646e-01
PCG: 4 : 6.114580e-03 / 1.025182e+00
PCG: 0 : 6.114581e-03
PCG: 1 : 4.894088e-03 / 8.003963e-01
PCG: 2 : 3.505222e-03 / 5.732563e-01
PCG: 3 : 4.076412e-03 / 6.666707e-01
PCG: 4 : 5.735374e-03 / 9.379832e-01
PCG: 0 : 5.735374e-03
PCG: 1 : 4.336269e-03 / 7.560568e-01
PCG: 2 : 3.300267e-03 / 5.754232e-01
PCG: 3 : 4.346616e-03 / 7.578609e-01
PCG: 4 : 5.831323e-03 / 1.016729e+00
PCG: 0 : 5.831320e-03
PCG: 1 : 4.554673e-03 / 7.810706e-01
PCG: 2 : 3.093072e-03 / 5.304240e-01
PCG: 3 : 3.849397e-03 / 6.601245e-01
PCG: 4 : 5.443697e-03 / 9.335275e-01
PCG: 0 : 5.443697e-03
PCG: 1 : 4.020396e-03 / 7.385415e-01
PCG: 2 : 2.920192e-03 / 5.364353e-01
PCG: 3 : 4.088120e-03 / 7.509822e-01
PCG: 4 : 5.485096e-03 / 1.007605e+00
PCG: 0 : 5.485096e-03
PCG: 1 : 4.200303e-03 / 7.657667e-01
PCG: 2 : 2.741012e-03 / 4.997200e-01
PCG: 3 : 3.610302e-03 / 6.582022e-01
PCG: 4 : 5.093781e-03 / 9.286585e-01
PCG: 0 : 5.093783e-03
PCG: 1 : 3.695868e-03 / 7.255645e-01
PCG: 2 : 2.596511e-03 / 5.097412e-01
PCG: 3 : 3.811011e-03 / 7.481691e-01
PCG: 4 : 5.091106e-03 / 9.994745e-01
PCG: 0 : 5.091108e-03
PCG: 1 : 3.843688e-03 / 7.549807e-01
PCG: 2 : 2.442117e-03 / 4.796829e-01
PCG: 3 : 3.352094e-03 / 6.584212e-01
PCG: 4 : 4.707958e-03 / 9.247413e-01
PCG: 0 : 4.707961e-03
PCG: 1 : 3.374758e-03 / 7.168195e-01
PCG: 2 : 2.319492e-03 / 4.926745e-01
PCG: 3 : 3.517492e-03 / 7.471370e-01
PCG: 4 : 4.677117e-03 / 9.934486e-01
PCG: 0 : 4.677116e-03
PCG: 1 : 3.498296e-03 / 7.479600e-01
PCG: 2 : 2.185987e-03 / 4.673792e-01
PCG: 3 : 3.083540e-03 / 6.592824e-01
PCG: 4 : 4.313135e-03 / 9.221783e-01
PCG: 0 : 4.313135e-03
PCG: 1 : 3.068139e-03 / 7.113477e-01
PCG: 2 : 2.079970e-03 / 4.822408e-01
PCG: 3 : 3.220022e-03 / 7.465619e-01
PCG: 4 : 4.266831e-03 / 9.892644e-01
PCG: 0 : 4.266831e-03
PCG: 1 : 3.172888e-03 / 7.436170e-01
PCG: 2 : 1.963211e-03 / 4.601100e-01
PCG: 3 : 2.816658e-03 / 6.601288e-01
PCG: 4 : 3.928404e-03 / 9.206844e-01
PCG: 0 : 3.928404e-03
PCG: 1 : 2.781622e-03 / 7.080794e-01
PCG: 2 : 1.869544e-03 / 4.759042e-01
PCG: 3 : 2.931115e-03 / 7.461339e-01
PCG: 4 : 3.875821e-03 / 9.866147e-01
PCG: 0 : 3.875823e-03
PCG: 1 : 2.872280e-03 / 7.410761e-01
PCG: 2 : 1.766785e-03 / 4.558477e-01
PCG: 3 : 2.561091e-03 / 6.607863e-01
PCG: 4 : 3.565424e-03 / 9.199141e-01
PCG: 0 : 3.565425e-03
PCG: 1 : 2.517787e-03 / 7.061674e-01
PCG: 2 : 1.682863e-03 / 4.719952e-01
PCG: 3 : 2.658857e-03 / 7.457337e-01
PCG: 4 : 3.511352e-03 / 9.848341e-01
PCG: 0 : 3.511352e-03
PCG: 1 : 2.597386e-03 / 7.397112e-01
PCG: 2 : 1.591724e-03 / 4.533080e-01
PCG: 3 : 2.321807e-03 / 6.612290e-01
PCG: 4 : 3.229241e-03 / 9.196576e-01
PCG: 0 : 3.229242e-03
PCG: 1 : 2.276791e-03 / 7.050544e-01
PCG: 2 : 1.516350e-03 / 4.695685e-01
PCG: 3 : 2.407169e-03 / 7.454285e-01
PCG: 4 : 3.176500e-03 / 9.836674e-01
PCG: 0 : 3.176501e-03
PCG: 1 : 2.347234e-03 / 7.389370e-01
PCG: 2 : 1.435024e-03 / 4.517624e-01
PCG: 3 : 2.101640e-03 / 6.616210e-01
PCG: 4 : 2.920907e-03 / 9.195361e-01
PCG: 0 : 2.920907e-03
PCG: 1 : 2.058042e-03 / 7.045901e-01
PCG: 2 : 1.367151e-03 / 4.680571e-01
PCG: 3 : 2.176892e-03 / 7.452797e-01
PCG: 4 : 2.871642e-03 / 9.831340e-01
PCG: 0 : 2.871644e-03
PCG: 1 : 2.120681e-03 / 7.384903e-01
PCG: 2 : 1.294202e-03 / 4.506832e-01
PCG: 3 : 1.900691e-03 / 6.618827e-01
PCG: 4 : 2.640132e-03 / 9.193801e-01
PCG: 0 : 2.640132e-03
PCG: 1 : 1.859684e-03 / 7.043904e-01
PCG: 2 : 1.232811e-03 / 4.669505e-01
PCG: 3 : 1.967190e-03 / 7.451105e-01
PCG: 4 : 2.594664e-03 / 9.827782e-01
PCG: 0 : 2.594665e-03
PCG: 1 : 1.915701e-03 / 7.383233e-01
PCG: 2 : 1.167450e-03 / 4.499426e-01
PCG: 3 : 1.717898e-03 / 6.620886e-01
PCG: 4 : 2.385142e-03 / 9.192486e-01
PCG: 0 : 2.385140e-03
PCG: 1 : 1.680102e-03 / 7.044036e-01
PCG: 2 : 1.111936e-03 / 4.661932e-01
PCG: 3 : 1.777241e-03 / 7.451305e-01
PCG: 4 : 2.343579e-03 / 9.825748e-01
PCG: 0 : 2.343578e-03
PCG: 1 : 1.730334e-03 / 7.383298e-01
PCG: 2 : 1.053198e-03 / 4.493973e-01
PCG: 3 : 1.552258e-03 / 6.623452e-01
PCG: 4 : 2.154382e-03 / 9.192703e-01
PCG: 0 : 2.154381e-03
PCG: 1 : 1.517953e-03 / 7.045891e-01
PCG: 2 : 1.003203e-03 / 4.656571e-01
PCG: 3 : 1.605473e-03 / 7.452134e-01
PCG: 4 : 2.116735e-03 / 9.825261e-01
PCG: 0 : 2.116734e-03
PCG: 1 : 1.562924e-03 / 7.383658e-01
PCG: 2 : 9.502904e-04 / 4.489417e-01
PCG: 3 : 1.402434e-03 / 6.625462e-01
PCG: 4 : 1.945575e-03 / 9.191398e-01
PCG: 0 : 1.945575e-03
PCG: 1 : 1.371260e-03 / 7.048095e-01
PCG: 2 : 9.050057e-04 / 4.651611e-01
PCG: 3 : 1.450149e-03 / 7.453576e-01
PCG: 4 : 1.911537e-03 / 9.825050e-01
PCG: 0 : 1.911537e-03
PCG: 1 : 1.411820e-03 / 7.385782e-01
PCG: 2 : 8.573984e-04 / 4.485387e-01
PCG: 3 : 1.266823e-03 / 6.627246e-01
PCG: 4 : 1.756769e-03 / 9.190345e-01
PCG: 0 : 1.756768e-03
PCG: 1 : 1.238624e-03 / 7.050583e-01
PCG: 2 : 8.165006e-04 / 4.647742e-01
PCG: 3 : 1.309876e-03 / 7.456167e-01
PCG: 4 : 1.726116e-03 / 9.825519e-01
PCG: 0 : 1.726116e-03
PCG: 1 : 1.275346e-03 / 7.388526e-01
PCG: 2 : 7.736597e-04 / 4.482084e-01
PCG: 3 : 1.144358e-03 / 6.629668e-01
PCG: 4 : 1.586372e-03 / 9.190415e-01
PCG: 0 : 1.586372e-03
PCG: 1 : 1.118841e-03 / 7.052827e-01
PCG: 2 : 7.367579e-04 / 4.644294e-01
PCG: 3 : 1.183137e-03 / 7.458131e-01
PCG: 4 : 1.558475e-03 / 9.824142e-01
PCG: 0 : 1.558475e-03
PCG: 1 : 1.151967e-03 / 7.391629e-01
PCG: 2 : 6.981099e-04 / 4.479443e-01
PCG: 3 : 1.033641e-03 / 6.632389e-01
PCG: 4 : 1.432349e-03 / 9.190712e-01
PCG: 0 : 1.432349e-03
PCG: 1 : 1.010648e-03 / 7.055876e-01
PCG: 2 : 6.648097e-04 / 4.641395e-01
PCG: 3 : 1.068688e-03 / 7.461088e-01
PCG: 4 : 1.407158e-03 / 9.824129e-01
PCG: 0 : 1.407158e-03
PCG: 1 : 1.040660e-03 / 7.395475e-01
PCG: 2 : 6.299745e-04 / 4.476928e-01
PCG: 3 : 9.336675e-04 / 6.635128e-01
PCG: 4 : 1.293328e-03 / 9.191060e-01
PCG: 0 : 1.293328e-03
PCG: 1 : 9.128886e-04 / 7.058449e-01
PCG: 2 : 5.998688e-04 / 4.638181e-01
PCG: 3 : 9.653507e-04 / 7.464085e-01
PCG: 4 : 1.270406e-03 / 9.822774e-01
PCG: 0 : 1.270406e-03
PCG: 1 : 9.400141e-04 / 7.399318e-01
PCG: 2 : 5.684366e-04 / 4.474447e-01
PCG: 3 : 8.433148e-04 / 6.638150e-01
PCG: 4 : 1.167790e-03 / 9.192259e-01
PCG: 0 : 1.167791e-03
PCG: 1 : 8.246467e-04 / 7.061596e-01
PCG: 2 : 5.412876e-04 / 4.635141e-01
PCG: 3 : 8.719156e-04 / 7.466368e-01
PCG: 4 : 1.146935e-03 / 9.821408e-01
PCG: 0 : 1.146935e-03
PCG: 1 : 8.490771e-04 / 7.403009e-01
PCG: 2 : 5.129516e-04 / 4.472369e-01
PCG: 3 : 7.617630e-04 / 6.641728e-01
PCG: 4 : 1.054330e-03 / 9.192590e-01
PCG: 0 : 1.054330e-03
PCG: 1 : 7.449257e-04 / 7.065392e-01
PCG: 2 : 4.884774e-04 / 4.633058e-01
PCG: 3 : 7.875533e-04 / 7.469701e-01
PCG: 4 : 1.035527e-03 / 9.821652e-01
PCG: 0 : 1.035527e-03
PCG: 1 : 7.669662e-04 / 7.406534e-01
PCG: 2 : 4.628919e-04 / 4.470111e-01
PCG: 3 : 6.880941e-04 / 6.644872e-01
PCG: 4 : 9.518763e-04 / 9.192197e-01
PCG: 0 : 9.518764e-04
PCG: 1 : 6.729402e-04 / 7.069618e-01
PCG: 2 : 4.407988e-04 / 4.630841e-01
PCG: 3 : 7.113713e-04 / 7.473358e-01
PCG: 4 : 9.349330e-04 / 9.822000e-01
PCG: 0 : 9.349327e-04
PCG: 1 : 6.928033e-04 / 7.410194e-01
PCG: 2 : 4.177179e-04 / 4.467893e-01
PCG: 3 : 6.215733e-04 / 6.648322e-01
PCG: 4 : 8.593745e-04 / 9.191833e-01
PCG: 0 : 8.593741e-04
PCG: 1 : 6.078617e-04 / 7.073308e-01
PCG: 2 : 3.977526e-04 / 4.628399e-01
PCG: 3 : 6.425565e-04 / 7.477028e-01
PCG: 4 : 8.440130e-04 / 9.821252e-01
PCG: 0 : 8.440128e-04
PCG: 1 : 6.258401e-04 / 7.415054e-01
PCG: 2 : 3.769542e-04 / 4.466214e-01
PCG: 3 : 5.614083e-04 / 6.651656e-01
PCG: 4 : 7.758881e-04 / 9.192847e-01
PCG: 0 : 7.758883e-04
PCG: 1 : 5.490880e-04 / 7.076895e-01
PCG: 2 : 3.589874e-04 / 4.626792e-01
PCG: 3 : 5.804542e-04 / 7.481157e-01
PCG: 4 : 7.620205e-04 / 9.821265e-01
PCG: 0 : 7.620204e-04
PCG: 1 : 5.653432e-04 / 7.419004e-01
PCG: 2 : 3.402103e-04 / 4.464583e-01
PCG: 3 : 5.071114e-04 / 6.654828e-01
PCG: 4 : 7.004551e-04 / 9.192079e-01
PCG: 0 : 7.004552e-04
PCG: 1 : 4.959924e-04 / 7.081001e-01
PCG: 2 : 3.239627e-04 / 4.625031e-01
PCG: 3 : 5.243494e-04 / 7.485838e-01
PCG: 4 : 6.879726e-04 / 9.821793e-01
PCG: 0 : 6.879724e-04
PCG: 1 : 5.107091e-04 / 7.423395e-01
PCG: 2 : 3.069949e-04 / 4.462314e-01
PCG: 3 : 4.580508e-04 / 6.657982e-01
PCG: 4 : 6.323463e-04 / 9.191448e-01
PCG: 0 : 6.323464e-04
PCG: 1 : 4.480291e-04 / 7.085186e-01
PCG: 2 : 2.923544e-04 / 4.623326e-01
PCG: 3 : 4.736363e-04 / 7.490140e-01
PCG: 4 : 6.210815e-04 / 9.821856e-01
PCG: 0 : 6.210815e-04
PCG: 1 : 4.613338e-04 / 7.427910e-01
PCG: 2 : 2.770554e-04 / 4.460854e-01
PCG: 3 : 4.137519e-04 / 6.661797e-01
PCG: 4 : 5.708736e-04 / 9.191605e-01
PCG: 0 : 5.708737e-04
PCG: 1 : 4.047018e-04 / 7.089165e-01
PCG: 2 : 2.638393e-04 / 4.621676e-01
PCG: 3 : 4.278426e-04 / 7.494523e-01
PCG: 4 : 5.606814e-04 / 9.821462e-01
PCG: 0 : 5.606813e-04
PCG: 1 : 4.167610e-04 / 7.433118e-01
PCG: 2 : 2.500554e-04 / 4.459849e-01
PCG: 3 : 3.737479e-04 / 6.665959e-01
PCG: 4 : 5.154113e-04 / 9.192590e-01
PCG: 0 : 5.154116e-04
PCG: 1 : 3.655986e-04 / 7.093333e-01
PCG: 2 : 2.381480e-04 / 4.620541e-01
PCG: 3 : 3.864928e-04 / 7.498721e-01
PCG: 4 : 5.061919e-04 / 9.821119e-01
PCG: 0 : 5.061918e-04
PCG: 1 : 3.764550e-04 / 7.437004e-01
PCG: 2 : 2.256588e-04 / 4.457971e-01
PCG: 3 : 3.376112e-04 / 6.669630e-01
PCG: 4 : 4.652741e-04 / 9.191657e-01
PCG: 0 : 4.652744e-04
PCG: 1 : 3.302618e-04 / 7.098216e-01
PCG: 2 : 2.149154e-04 / 4.619111e-01
PCG: 3 : 3.491059e-04 / 7.503226e-01
PCG: 4 : 4.569920e-04 / 9.821991e-01
PCG: 0 : 4.569922e-04
PCG: 1 : 3.400712e-04 / 7.441511e-01
PCG: 2 : 2.036695e-04 / 4.456740e-01
PCG: 3 : 3.049826e-04 / 6.673695e-01
PCG: 4 : 4.200239e-04 / 9.191053e-01
PCG: 0 : 4.200239e-04
PCG: 1 : 2.983396e-04 / 7.102921e-01
PCG: 2 : 1.939526e-04 / 4.617658e-01
PCG: 3 : 3.153512e-04 / 7.507935e-01
PCG: 4 : 4.125486e-04 / 9.822028e-01
PCG: 0 : 4.125485e-04
PCG: 1 : 3.071820e-04 / 7.445961e-01
PCG: 2 : 1.838232e-04 / 4.455798e-01
PCG: 3 : 2.754955e-04 / 6.677896e-01
PCG: 4 : 3.791894e-04 / 9.191391e-01
PCG: 0 : 3.791893e-04
PCG: 1 : 2.695106e-04 / 7.107549e-01
PCG: 2 : 1.750602e-04 / 4.616696e-01
PCG: 3 : 2.848362e-04 / 7.511715e-01
PCG: 4 : 3.724233e-04 / 9.821568e-01
PCG: 0 : 3.724233e-04
PCG: 1 : 2.774725e-04 / 7.450461e-01
PCG: 2 : 1.659160e-04 / 4.455040e-01
PCG: 3 : 2.488857e-04 / 6.682871e-01
PCG: 4 : 3.423341e-04 / 9.192070e-01
PCG: 0 : 3.423341e-04
PCG: 1 : 2.434707e-04 / 7.112078e-01
PCG: 2 : 1.579884e-04 / 4.615035e-01
PCG: 3 : 2.572980e-04 / 7.515991e-01
PCG: 4 : 3.362267e-04 / 9.821597e-01
PCG: 0 : 3.362268e-04
PCG: 1 : 2.506534e-04 / 7.454890e-01
PCG: 2 : 1.497344e-04 / 4.453375e-01
PCG: 3 : 2.248329e-04 / 6.686941e-01
PCG: 4 : 3.090439e-04 / 9.191530e-01
PCG: 0 : 3.090438e-04
PCG: 1 : 2.199492e-04 / 7.117088e-01
PCG: 2 : 1.425989e-04 / 4.614198e-01
PCG: 3 : 2.324090e-04 / 7.520260e-01
PCG: 4 : 3.035053e-04 / 9.820786e-01
PCG: 0 : 3.035054e-04
PCG: 1 : 2.264083e-04 / 7.459777e-01
PCG: 2 : 1.351434e-04 / 4.452753e-01
PCG: 3 : 2.031035e-04 / 6.691924e-01
PCG: 4 : 2.789966e-04 / 9.192476e-01
PCG: 0 : 2.789966e-04
PCG: 1 : 1.986839e-04 / 7.121372e-01
PCG: 2 : 1.286952e-04 / 4.612789e-01
PCG: 3 : 2.099304e-04 / 7.524480e-01
PCG: 4 : 2.739813e-04 / 9.820237e-01
PCG: 0 : 2.739813e-04
PCG: 1 : 2.045138e-04 / 7.464516e-01
PCG: 2 : 1.219741e-04 / 4.451913e-01
PCG: 3 : 1.834671e-04 / 6.696338e-01
PCG: 4 : 2.518808e-04 / 9.193355e-01
PCG: 0 : 2.518808e-04
PCG: 1 : 1.794803e-04 / 7.125605e-01
PCG: 2 : 1.161600e-04 / 4.611706e-01
PCG: 3 : 1.896401e-04 / 7.528960e-01
PCG: 4 : 2.473279e-04 / 9.819241e-01
PCG: 0 : 2.473280e-04
PCG: 1 : 1.847632e-04 / 7.470372e-01
PCG: 2 : 1.100967e-04 / 4.451447e-01
PCG: 3 : 1.657350e-04 / 6.701022e-01
PCG: 4 : 2.274001e-04 / 9.194275e-01
PCG: 0 : 2.274000e-04
PCG: 1 : 1.621360e-04 / 7.129990e-01
PCG: 2 : 1.048475e-04 / 4.610706e-01
PCG: 3 : 1.713279e-04 / 7.534208e-01
PCG: 4 : 2.232777e-04 / 9.818722e-01
PCG: 0 : 2.232778e-04
PCG: 1 : 1.669045e-04 / 7.475196e-01
PCG: 2 : 9.936796e-05 / 4.450419e-01
PCG: 3 : 1.497118e-04 / 6.705183e-01
PCG: 4 : 2.052904e-04 / 9.194397e-01
PCG: 0 : 2.052905e-04
PCG: 1 : 1.464623e-04 / 7.134390e-01
PCG: 2 : 9.463078e-05 / 4.609602e-01
PCG: 3 : 1.547529e-04 / 7.538237e-01
PCG: 4 : 2.015515e-04 / 9.817867e-01
PCG: 0 : 2.015516e-04
PCG: 1 : 1.507671e-04 / 7.480322e-01
PCG: 2 : 8.968986e-05 / 4.449971e-01
PCG: 3 : 1.352477e-04 / 6.710325e-01
PCG: 4 : 1.853319e-04 / 9.195260e-01
PCG: 0 : 1.853320e-04
PCG: 1 : 1.323054e-04 / 7.138832e-01
PCG: 2 : 8.541184e-05 / 4.608586e-01
PCG: 3 : 1.397989e-04 / 7.543162e-01
PCG: 4 : 1.819459e-04 / 9.817294e-01
PCG: 0 : 1.819459e-04
PCG: 1 : 1.361954e-04 / 7.485490e-01
PCG: 2 : 8.094361e-05 / 4.448773e-01
PCG: 3 : 1.221611e-04 / 6.714144e-01
PCG: 4 : 1.673060e-04 / 9.195370e-01
PCG: 0 : 1.673061e-04
PCG: 1 : 1.195190e-04 / 7.143729e-01
PCG: 2 : 7.709232e-05 / 4.607861e-01
PCG: 3 : 1.262871e-04 / 7.548263e-01
PCG: 4 : 1.642544e-04 / 9.817594e-01
PCG: 0 : 1.642544e-04
PCG: 1 : 1.230299e-04 / 7.490206e-01
PCG: 2 : 7.306092e-05 / 4.448035e-01
PCG: 3 : 1.103557e-04 / 6.718588e-01
PCG: 4 : 1.510240e-04 / 9.194519e-01
PCG: 0 : 1.510240e-04
PCG: 1 : 1.079613e-04 / 7.148617e-01
PCG: 2 : 6.958102e-05 / 4.607283e-01
PCG: 3 : 1.140804e-04 / 7.553794e-01
PCG: 4 : 1.482772e-04 / 9.818121e-01
PCG: 0 : 1.482772e-04
PCG: 1 : 1.111451e-04 / 7.495767e-01
PCG: 2 : 6.595010e-05 / 4.447758e-01
PCG: 3 : 9.969102e-05 / 6.723288e-01
PCG: 4 : 1.363485e-04 / 9.195516e-01
PCG: 0 : 1.363485e-04
PCG: 1 : 9.752996e-05 / 7.152992e-01
PCG: 2 : 6.280888e-05 / 4.606497e-01
PCG: 3 : 1.030592e-04 / 7.558519e-01
PCG: 4 : 1.338603e-04 / 9.817518e-01
PCG: 0 : 1.338603e-04
PCG: 1 : 1.004030e-04 / 7.500582e-01
PCG: 2 : 5.952616e-05 / 4.446886e-01
PCG: 3 : 9.005349e-05 / 6.727422e-01
PCG: 4 : 1.230877e-04 / 9.195233e-01
PCG: 0 : 1.230877e-04
PCG: 1 : 8.809989e-05 / 7.157491e-01
PCG: 2 : 5.668944e-05 / 4.605615e-01
PCG: 3 : 9.309724e-05 / 7.563490e-01
PCG: 4 : 1.208375e-04 / 9.817188e-01
PCG: 0 : 1.208375e-04
PCG: 1 : 9.069802e-05 / 7.505783e-01
PCG: 2 : 5.372665e-05 / 4.446190e-01
PCG: 3 : 8.134750e-05 / 6.731974e-01
PCG: 4 : 1.111134e-04 / 9.195276e-01
PCG: 0 : 1.111134e-04
PCG: 1 : 7.958517e-05 / 7.162514e-01
PCG: 2 : 5.116986e-05 / 4.605191e-01
PCG: 3 : 8.410193e-05 / 7.569014e-01
PCG: 4 : 1.090876e-04 / 9.817675e-01
PCG: 0 : 1.090875e-04
PCG: 1 : 8.192709e-05 / 7.510215e-01
PCG: 2 : 4.849069e-05 / 4.445117e-01
PCG: 3 : 7.348279e-05 / 6.736130e-01
PCG: 4 : 1.002989e-04 / 9.194351e-01
PCG: 0 : 1.002989e-04
PCG: 1 : 7.189169e-05 / 7.167742e-01
PCG: 2 : 4.618432e-05 / 4.604667e-01
PCG: 3 : 7.596775e-05 / 7.574133e-01
PCG: 4 : 9.848054e-05 / 9.818702e-01
PCG: 0 : 9.848055e-05
PCG: 1 : 7.401247e-05 / 7.515440e-01
PCG: 2 : 4.377698e-05 / 4.445242e-01
PCG: 3 : 6.638713e-05 / 6.741142e-01
PCG: 4 : 9.055134e-05 / 9.194844e-01
PCG: 0 : 9.055138e-05
PCG: 1 : 6.494750e-05 / 7.172447e-01
PCG: 2 : 4.169111e-05 / 4.604138e-01
PCG: 3 : 6.862594e-05 / 7.578674e-01
PCG: 4 : 8.890041e-05 / 9.817675e-01
PCG: 0 : 8.890039e-05
PCG: 1 : 6.685788e-05 / 7.520539e-01
PCG: 2 : 3.951329e-05 / 4.444670e-01
PCG: 3 : 5.997072e-05 / 6.745834e-01
PCG: 4 : 8.174728e-05 / 9.195380e-01
PCG: 0 : 8.174727e-05
PCG: 1 : 5.866804e-05 / 7.176759e-01
PCG: 2 : 3.763056e-05 / 4.603281e-01
PCG: 3 : 6.199642e-05 / 7.583913e-01
PCG: 4 : 8.025410e-05 / 9.817344e-01
PCG: 0 : 8.025410e-05
PCG: 1 : 6.039601e-05 / 7.525598e-01
PCG: 2 : 3.566223e-05 / 4.443664e-01
PCG: 3 : 5.417208e-05 / 6.750071e-01
PCG: 4 : 7.379149e-05 / 9.194732e-01
PCG: 0 : 7.379151e-05
PCG: 1 : 5.300065e-05 / 7.182485e-01
PCG: 2 : 3.396681e-05 / 4.603078e-01
PCG: 3 : 5.600549e-05 / 7.589694e-01
PCG: 4 : 7.245249e-05 / 9.818541e-01
PCG: 0 : 7.245250e-05
PCG: 1 : 5.455845e-05 / 7.530237e-01
PCG: 2 : 3.219268e-05 / 4.443280e-01
PCG: 3 : 4.893645e-05 / 6.754280e-01
PCG: 4 : 6.661197e-05 / 9.193882e-01
PCG: 0 : 6.661197e-05
PCG: 1 : 4.787320e-05 / 7.186876e-01
PCG: 2 : 3.065985e-05 / 4.602753e-01
PCG: 3 : 5.058788e-05 / 7.594413e-01
PCG: 4 : 6.540238e-05 / 9.818412e-01
PCG: 0 : 6.540235e-05
PCG: 1 : 4.928415e-05 / 7.535532e-01
PCG: 2 : 2.905781e-05 / 4.442931e-01
PCG: 3 : 4.420896e-05 / 6.759537e-01
PCG: 4 : 6.013956e-05 / 9.195321e-01
PCG: 0 : 6.013957e-05
PCG: 1 : 4.324717e-05 / 7.191134e-01
PCG: 2 : 2.767341e-05 / 4.601532e-01
PCG: 3 : 4.569885e-05 / 7.598799e-01
PCG: 4 : 5.903828e-05 / 9.816878e-01
PCG: 0 : 5.903828e-05
PCG: 1 : 4.452143e-05 / 7.541112e-01
PCG: 2 : 2.622927e-05 / 4.442755e-01
PCG: 3 : 3.993378e-05 / 6.764048e-01
PCG: 4 : 5.429124e-05 / 9.195938e-01
PCG: 0 : 5.429123e-05
PCG: 1 : 3.906635e-05 / 7.195702e-01
PCG: 2 : 2.497900e-05 / 4.600927e-01
PCG: 3 : 4.128446e-05 / 7.604259e-01
PCG: 4 : 5.329392e-05 / 9.816304e-01
PCG: 0 : 5.329393e-05
PCG: 1 : 4.021571e-05 / 7.546020e-01
PCG: 2 : 2.367347e-05 / 4.442058e-01
PCG: 3 : 3.607266e-05 / 6.768624e-01
PCG: 4 : 4.901011e-05 / 9.196190e-01
PCG: 0 : 4.901012e-05
PCG: 1 : 3.529080e-05 / 7.200717e-01
PCG: 2 : 2.254897e-05 / 4.600880e-01
PCG: 3 : 3.729202e-05 / 7.609046e-01
PCG: 4 : 4.811252e-05 / 9.816855e-01
PCG: 0 : 4.811253e-05
PCG: 1 : 3.632890e-05 / 7.550819e-01
PCG: 2 : 2.137180e-05 / 4.442046e-01
PCG: 3 : 3.258905e-05 / 6.773507e-01
PCG: 4 : 4.424507e-05 / 9.196163e-01
PCG: 0 : 4.424505e-05
PCG: 1 : 3.188182e-05 / 7.205737e-01
PCG: 2 : 2.035437e-05 / 4.600371e-01
PCG: 3 : 3.368876e-05 / 7.614130e-01
PCG: 4 : 4.343335e-05 / 9.816543e-01
PCG: 0 : 4.343334e-05
PCG: 1 : 3.281818e-05 / 7.555988e-01
PCG: 2 : 1.929053e-05 / 4.441411e-01
PCG: 3 : 2.943886e-05 / 6.777940e-01
PCG: 4 : 3.993964e-05 / 9.195619e-01
PCG: 0 : 3.993964e-05
PCG: 1 : 2.879978e-05 / 7.210826e-01
PCG: 2 : 1.837258e-05 / 4.600086e-01
PCG: 3 : 3.043336e-05 / 7.619839e-01
PCG: 4 : 3.921032e-05 / 9.817395e-01
PCG: 0 : 3.921032e-05
PCG: 1 : 2.964548e-05 / 7.560632e-01
PCG: 2 : 1.741257e-05 / 4.440812e-01
PCG: 3 : 2.659440e-05 / 6.782500e-01
PCG: 4 : 3.605527e-05 / 9.195352e-01
PCG: 0 : 3.605527e-05
PCG: 1 : 2.601709e-05 / 7.215889e-01
PCG: 2 : 1.658410e-05 / 4.599632e-01
PCG: 3 : 2.748953e-05 / 7.624273e-01
PCG: 4 : 3.539525e-05 / 9.816940e-01
PCG: 0 : 3.539523e-05
PCG: 1 : 2.677819e-05 / 7.565479e-01
PCG: 2 : 1.571862e-05 / 4.440887e-01
PCG: 3 : 2.402633e-05 / 6.788014e-01
PCG: 4 : 3.255147e-05 / 9.196571e-01
PCG: 0 : 3.255148e-05
PCG: 1 : 2.350297e-05 / 7.220247e-01
PCG: 2 : 1.497058e-05 / 4.599047e-01
PCG: 3 : 2.483158e-05 / 7.628403e-01
PCG: 4 : 3.195116e-05 / 9.815579e-01
PCG: 0 : 3.195115e-05
PCG: 1 : 2.418980e-05 / 7.570869e-01
PCG: 2 : 1.418812e-05 / 4.440566e-01
PCG: 3 : 2.170263e-05 / 6.792439e-01
PCG: 4 : 2.938510e-05 / 9.196883e-01
PCG: 0 : 2.938511e-05
PCG: 1 : 2.123101e-05 / 7.225093e-01
PCG: 2 : 1.351374e-05 / 4.598840e-01
PCG: 3 : 2.243285e-05 / 7.634088e-01
PCG: 4 : 2.884556e-05 / 9.816387e-01
PCG: 0 : 2.884554e-05
PCG: 1 : 2.185068e-05 / 7.575062e-01
PCG: 2 : 1.280669e-05 / 4.439746e-01
PCG: 3 : 1.960539e-05 / 6.796680e-01
PCG: 4 : 2.652523e-05 / 9.195608e-01
PCG: 0 : 2.652523e-05
PCG: 1 : 1.917881e-05 / 7.230404e-01
PCG: 2 : 1.219726e-05 / 4.598363e-01
PCG: 3 : 2.026378e-05 / 7.639435e-01
PCG: 4 : 2.604070e-05 / 9.817333e-01
PCG: 0 : 2.604069e-05
PCG: 1 : 1.973867e-05 / 7.579933e-01
PCG: 2 : 1.156076e-05 / 4.439498e-01
PCG: 3 : 1.771099e-05 / 6.801273e-01
PCG: 4 : 2.394523e-05 / 9.195312e-01
PCG: 0 : 2.394523e-05
PCG: 1 : 1.732611e-05 / 7.235722e-01
PCG: 2 : 1.101165e-05 / 4.598682e-01
PCG: 3 : 1.830543e-05 / 7.644707e-01
PCG: 4 : 2.350979e-05 / 9.818150e-01
PCG: 0 : 2.350979e-05
PCG: 1 : 1.783018e-05 / 7.584151e-01
PCG: 2 : 1.043621e-05 / 4.439090e-01
PCG: 3 : 1.599921e-05 / 6.805339e-01
PCG: 4 : 2.161550e-05 / 9.194257e-01
PCG: 0 : 2.161551e-05
PCG: 1 : 1.565136e-05 / 7.240803e-01
PCG: 2 : 9.940013e-06 / 4.598557e-01
PCG: 3 : 1.653620e-05 / 7.650156e-01
PCG: 4 : 2.122495e-05 / 9.819316e-01
PCG: 0 : 2.122495e-05
PCG: 1 : 1.610649e-05 / 7.588471e-01
PCG: 2 : 9.420223e-06 / 4.438277e-01
PCG: 3 : 1.445384e-05 / 6.809834e-01
PCG: 4 : 1.951316e-05 / 9.193497e-01
PCG: 0 : 1.951315e-05
PCG: 1 : 1.413896e-05 / 7.245862e-01
PCG: 2 : 8.972394e-06 / 4.598128e-01
PCG: 3 : 1.493692e-05 / 7.654797e-01
PCG: 4 : 1.916084e-05 / 9.819452e-01
PCG: 0 : 1.916084e-05
PCG: 1 : 1.454893e-05 / 7.593055e-01
PCG: 2 : 8.503511e-06 / 4.437963e-01
PCG: 3 : 1.305711e-05 / 6.814476e-01
PCG: 4 : 1.761489e-05 / 9.193169e-01
PCG: 0 : 1.761489e-05
PCG: 1 : 1.277281e-05 / 7.251141e-01
PCG: 2 : 8.099818e-06 / 4.598278e-01
PCG: 3 : 1.349282e-05 / 7.659892e-01
PCG: 4 : 1.729885e-05 / 9.820582e-01
PCG: 0 : 1.729885e-05
PCG: 1 : 1.314187e-05 / 7.596957e-01
PCG: 2 : 7.676456e-06 / 4.437552e-01
PCG: 3 : 1.179545e-05 / 6.818632e-01
PCG: 4 : 1.590035e-05 / 9.191561e-01
PCG: 0 : 1.590035e-05
PCG: 1 : 1.153824e-05 / 7.256594e-01
PCG: 2 : 7.311535e-06 / 4.598349e-01
PCG: 3 : 1.218842e-05 / 7.665505e-01
PCG: 4 : 1.561759e-05 / 9.822166e-01
PCG: 0 : 1.561759e-05
PCG: 1 : 1.187200e-05 / 7.601686e-01
PCG: 2 : 6.929698e-06 / 4.437112e-01
PCG: 3 : 1.065568e-05 / 6.822874e-01
PCG: 4 : 1.435351e-05 / 9.190605e-01
PCG: 0 : 1.435350e-05
PCG: 1 : 1.042205e-05 / 7.260978e-01
PCG: 2 : 6.599420e-06 / 4.597776e-01
PCG: 3 : 1.101076e-05 / 7.671131e-01
PCG: 4 : 1.409928e-05 / 9.822882e-01
PCG: 0 : 1.409928e-05
PCG: 1 : 1.072509e-05 / 7.606834e-01
PCG: 2 : 6.255356e-06 / 4.436649e-01
PCG: 3 : 9.625343e-06 / 6.826833e-01
PCG: 4 : 1.295769e-05 / 9.190317e-01
PCG: 0 : 1.295768e-05
PCG: 1 : 9.414631e-06 / 7.265675e-01
PCG: 2 : 5.957717e-06 / 4.597827e-01
PCG: 3 : 9.946302e-06 / 7.675989e-01
PCG: 4 : 1.272752e-05 / 9.822371e-01
PCG: 0 : 1.272751e-05
PCG: 1 : 9.687661e-06 / 7.611591e-01
PCG: 2 : 5.646586e-06 / 4.436520e-01
PCG: 3 : 8.695203e-06 / 6.831817e-01
PCG: 4 : 1.169840e-05 / 9.191430e-01
PCG: 0 : 1.169840e-05
PCG: 1 : 8.505040e-06 / 7.270256e-01
PCG: 2 : 5.378496e-06 / 4.597632e-01
PCG: 3 : 8.984851e-06 / 7.680408e-01
PCG: 4 : 1.149062e-05 / 9.822384e-01
PCG: 0 : 1.149062e-05
PCG: 1 : 8.750837e-06 / 7.615637e-01
PCG: 2 : 5.097387e-06 / 4.436130e-01
PCG: 3 : 7.854767e-06 / 6.835810e-01
PCG: 4 : 1.056052e-05 / 9.190561e-01
PCG: 0 : 1.056052e-05
PCG: 1 : 7.682761e-06 / 7.274986e-01
PCG: 2 : 4.854895e-06 / 4.597214e-01
PCG: 3 : 8.116167e-06 / 7.685388e-01
PCG: 4 : 1.037307e-05 / 9.822500e-01
PCG: 0 : 1.037307e-05
PCG: 1 : 7.904290e-06 / 7.620010e-01
PCG: 2 : 4.600714e-06 / 4.435247e-01
PCG: 3 : 7.095477e-06 / 6.840286e-01
PCG: 4 : 9.533364e-06 / 9.190494e-01
PCG: 0 : 9.533365e-06
PCG: 1 : 6.939913e-06 / 7.279605e-01
PCG: 2 : 4.382023e-06 / 4.596512e-01
PCG: 3 : 7.331356e-06 / 7.690207e-01
PCG: 4 : 9.363873e-06 / 9.822211e-01
PCG: 0 : 9.363872e-06
PCG: 1 : 7.140672e-06 / 7.625769e-01
PCG: 2 : 4.153531e-06 / 4.435699e-01
PCG: 3 : 6.409478e-06 / 6.844901e-01
PCG: 4 : 8.606922e-06 / 9.191628e-01
PCG: 0 : 8.606921e-06
PCG: 1 : 6.268497e-06 / 7.283089e-01
PCG: 2 : 3.956055e-06 / 4.596365e-01
PCG: 3 : 6.622830e-06 / 7.694773e-01
PCG: 4 : 8.453125e-06 / 9.821311e-01
PCG: 0 : 8.453119e-06
PCG: 1 : 6.450358e-06 / 7.630743e-01
PCG: 2 : 3.749743e-06 / 4.435928e-01
PCG: 3 : 5.789649e-06 / 6.849127e-01
PCG: 4 : 7.770142e-06 / 9.192041e-01
PCG: 0 : 7.770142e-06
PCG: 1 : 5.662637e-06 / 7.287687e-01
PCG: 2 : 3.571496e-06 / 4.596436e-01
PCG: 3 : 5.982913e-06 / 7.699875e-01
PCG: 4 : 7.631301e-06 / 9.821314e-01
PCG: 0 : 7.631302e-06
PCG: 1 : 5.826812e-06 / 7.635411e-01
PCG: 2 : 3.384664e-06 / 4.435238e-01
PCG: 3 : 5.230311e-06 / 6.853760e-01
PCG: 4 : 7.014948e-06 / 9.192335e-01
PCG: 0 : 7.014947e-06
PCG: 1 : 5.115404e-06 / 7.292150e-01
PCG: 2 : 3.223736e-06 / 4.595524e-01
PCG: 3 : 5.404536e-06 / 7.704315e-01
PCG: 4 : 6.889257e-06 / 9.820826e-01
PCG: 0 : 6.889256e-06
PCG: 1 : 5.263374e-06 / 7.639974e-01
PCG: 2 : 3.055555e-06 / 4.435247e-01
PCG: 3 : 4.724716e-06 / 6.858094e-01
PCG: 4 : 6.332852e-06 / 9.192359e-01
PCG: 0 : 6.332852e-06
PCG: 1 : 4.620964e-06 / 7.296813e-01
PCG: 2 : 2.910371e-06 / 4.595672e-01
PCG: 3 : 4.881985e-06 / 7.708983e-01
PCG: 4 : 6.219437e-06 / 9.820910e-01
PCG: 0 : 6.219439e-06
PCG: 1 : 4.754051e-06 / 7.643858e-01
PCG: 2 : 2.758241e-06 / 4.434871e-01
PCG: 3 : 4.267801e-06 / 6.862035e-01
PCG: 4 : 5.716408e-06 / 9.191196e-01
PCG: 0 : 5.716406e-06
PCG: 1 : 4.174187e-06 / 7.302118e-01
PCG: 2 : 2.627334e-06 / 4.596129e-01
PCG: 3 : 4.409792e-06 / 7.714273e-01
PCG: 4 : 5.615319e-06 / 9.823163e-01
PCG: 0 : 5.615318e-06
PCG: 1 : 4.294553e-06 / 7.647926e-01
PCG: 2 : 2.490113e-06 / 4.434500e-01
PCG: 3 : 3.855759e-06 / 6.866501e-01
PCG: 4 : 5.160863e-06 / 9.190687e-01
PCG: 0 : 5.160862e-06
PCG: 1 : 3.770694e-06 / 7.306326e-01
PCG: 2 : 2.371630e-06 / 4.595414e-01
PCG: 3 : 3.983592e-06 / 7.718850e-01
PCG: 4 : 5.069300e-06 / 9.822583e-01
PCG: 0 : 5.069300e-06
PCG: 1 : 3.879259e-06 / 7.652456e-01
PCG: 2 : 2.247592e-06 / 4.433733e-01
PCG: 3 : 3.482694e-06 / 6.870168e-01
PCG: 4 : 4.658783e-06 / 9.190190e-01
PCG: 0 : 4.658782e-06
PCG: 1 : 3.406099e-06 / 7.311136e-01
PCG: 2 : 2.140990e-06 / 4.595599e-01
PCG: 3 : 3.598502e-06 / 7.724127e-01
PCG: 4 : 4.576636e-06 / 9.823675e-01
PCG: 0 : 4.576636e-06
PCG: 1 : 3.504171e-06 / 7.656651e-01
PCG: 2 : 2.029142e-06 / 4.433696e-01
PCG: 3 : 3.146207e-06 / 6.874497e-01
PCG: 4 : 4.205777e-06 / 9.189669e-01
PCG: 0 : 4.205776e-06
PCG: 1 : 3.076870e-06 / 7.315819e-01
PCG: 2 : 1.932877e-06 / 4.595767e-01
PCG: 3 : 3.250541e-06 / 7.728754e-01
PCG: 4 : 4.131596e-06 / 9.823623e-01
PCG: 0 : 4.131596e-06
PCG: 1 : 3.165146e-06 / 7.660831e-01
PCG: 2 : 1.831849e-06 / 4.433756e-01
PCG: 3 : 2.842275e-06 / 6.879363e-01
PCG: 4 : 3.797073e-06 / 9.190331e-01
PCG: 0 : 3.797075e-06
PCG: 1 : 2.779349e-06 / 7.319710e-01
PCG: 2 : 1.744696e-06 / 4.594842e-01
PCG: 3 : 2.936050e-06 / 7.732401e-01
PCG: 4 : 3.729852e-06 / 9.822962e-01
PCG: 0 : 3.729851e-06
PCG: 1 : 2.859171e-06 / 7.665646e-01
PCG: 2 : 1.653629e-06 / 4.433499e-01
PCG: 3 : 2.567509e-06 / 6.883678e-01
PCG: 4 : 3.428084e-06 / 9.190942e-01
PCG: 0 : 3.428084e-06
PCG: 1 : 2.510735e-06 / 7.324019e-01
PCG: 2 : 1.575041e-06 / 4.594523e-01
PCG: 3 : 2.652157e-06 / 7.736556e-01
PCG: 4 : 3.366937e-06 / 9.821630e-01
PCG: 0 : 3.366938e-06
PCG: 1 : 2.582582e-06 / 7.670416e-01
PCG: 2 : 1.492750e-06 / 4.433554e-01
PCG: 3 : 2.319337e-06 / 6.888563e-01
PCG: 4 : 3.094908e-06 / 9.192055e-01
PCG: 0 : 3.094908e-06
PCG: 1 : 2.267989e-06 / 7.328131e-01
PCG: 2 : 1.421876e-06 / 4.594242e-01
PCG: 3 : 2.395726e-06 / 7.740862e-01
PCG: 4 : 3.039595e-06 / 9.821277e-01
PCG: 0 : 3.039596e-06
PCG: 1 : 2.332888e-06 / 7.674994e-01
PCG: 2 : 1.347779e-06 / 4.434072e-01
PCG: 3 : 2.095206e-06 / 6.893041e-01
PCG: 4 : 2.794267e-06 / 9.192889e-01
PCG: 0 : 2.794265e-06
PCG: 1 : 2.048718e-06 / 7.331866e-01
PCG: 2 : 1.283667e-06 / 4.593934e-01
PCG: 3 : 2.164009e-06 / 7.744465e-01
PCG: 4 : 2.743923e-06 / 9.819835e-01
PCG: 0 : 2.743922e-06
PCG: 1 : 2.107258e-06 / 7.679728e-01
PCG: 2 : 1.216709e-06 / 4.434195e-01
PCG: 3 : 1.892731e-06 / 6.897904e-01
PCG: 4 : 2.522924e-06 / 9.194590e-01
PCG: 0 : 2.522924e-06
PCG: 1 : 1.850750e-06 / 7.335737e-01
PCG: 2 : 1.158800e-06 / 4.593086e-01
PCG: 3 : 1.954878e-06 / 7.748463e-01
PCG: 4 : 2.477096e-06 / 9.818355e-01
PCG: 0 : 2.477097e-06
PCG: 1 : 1.903566e-06 / 7.684664e-01
PCG: 2 : 1.098352e-06 / 4.434027e-01
PCG: 3 : 1.709723e-06 / 6.902123e-01
PCG: 4 : 2.277725e-06 / 9.195137e-01
PCG: 0 : 2.277724e-06
PCG: 1 : 1.671728e-06 / 7.339468e-01
PCG: 2 : 1.046160e-06 / 4.593008e-01
PCG: 3 : 1.765789e-06 / 7.752429e-01
PCG: 4 : 2.236056e-06 / 9.817065e-01
PCG: 0 : 2.236056e-06
PCG: 1 : 1.719347e-06 / 7.689195e-01
PCG: 2 : 9.915445e-07 / 4.434345e-01
PCG: 3 : 1.544444e-06 / 6.906998e-01
PCG: 4 : 2.056391e-06 / 9.196509e-01
PCG: 0 : 2.056391e-06
PCG: 1 : 1.510104e-06 / 7.343467e-01
PCG: 2 : 9.444637e-07 / 4.592822e-01
PCG: 3 : 1.595045e-06 / 7.756524e-01
PCG: 4 : 2.018739e-06 / 9.816905e-01
PCG: 0 : 2.018740e-06
PCG: 1 : 1.553165e-06 / 7.693737e-01
PCG: 2 : 8.952413e-07 / 4.434654e-01
PCG: 3 : 1.395227e-06 / 6.911375e-01
PCG: 4 : 1.856727e-06 / 9.197456e-01
PCG: 0 : 1.856727e-06
PCG: 1 : 1.364153e-06 / 7.347082e-01
PCG: 2 : 8.526620e-07 / 4.592284e-01
PCG: 3 : 1.440891e-06 / 7.760382e-01
PCG: 4 : 1.822451e-06 / 9.815394e-01
PCG: 0 : 1.822452e-06
PCG: 1 : 1.402908e-06 / 7.697915e-01
PCG: 2 : 8.081019e-07 / 4.434147e-01
PCG: 3 : 1.260275e-06 / 6.915275e-01
PCG: 4 : 1.676231e-06 / 9.197671e-01
PCG: 0 : 1.676231e-06
PCG: 1 : 1.232126e-06 / 7.350571e-01
PCG: 2 : 7.696401e-07 / 4.591491e-01
PCG: 3 : 1.301556e-06 / 7.764778e-01
PCG: 4 : 1.645138e-06 / 9.814507e-01
PCG: 0 : 1.645139e-06
PCG: 1 : 1.267246e-06 / 7.702975e-01
PCG: 2 : 7.295255e-07 / 4.434431e-01
PCG: 3 : 1.138390e-06 / 6.919718e-01
PCG: 4 : 1.513461e-06 / 9.199597e-01
PCG: 0 : 1.513461e-06
PCG: 1 : 1.113042e-06 / 7.354279e-01
PCG: 2 : 6.949574e-07 / 4.591841e-01
PCG: 3 : 1.175692e-06 / 7.768234e-01
PCG: 4 : 1.485222e-06 / 9.813411e-01
PCG: 0 : 1.485222e-06
PCG: 1 : 1.144671e-06 / 7.707070e-01
PCG: 2 : 6.586630e-07 / 4.434779e-01
PCG: 3 : 1.028418e-06 / 6.924343e-01
PCG: 4 : 1.366404e-06 / 9.200004e-01
PCG: 0 : 1.366404e-06
PCG: 1 : 1.005432e-06 / 7.358235e-01
PCG: 2 : 6.273456e-07 / 4.591215e-01
PCG: 3 : 1.061988e-06 / 7.772133e-01
PCG: 4 : 1.340796e-06 / 9.812589e-01
PCG: 0 : 1.340796e-06
PCG: 1 : 1.033950e-06 / 7.711466e-01
PCG: 2 : 5.946012e-07 / 4.434689e-01
PCG: 3 : 9.289869e-07 / 6.928623e-01
PCG: 4 : 1.233692e-06 / 9.201190e-01
PCG: 0 : 1.233692e-06
PCG: 1 : 9.082154e-07 / 7.361768e-01
PCG: 2 : 5.663384e-07 / 4.590598e-01
PCG: 3 : 9.593049e-07 / 7.775887e-01
PCG: 4 : 1.210453e-06 / 9.811631e-01
PCG: 0 : 1.210452e-06
PCG: 1 : 9.340053e-07 / 7.716169e-01
PCG: 2 : 5.367919e-07 / 4.434640e-01
PCG: 3 : 8.391579e-07 / 6.932598e-01
PCG: 4 : 1.113804e-06 / 9.201552e-01
PCG: 0 : 1.113804e-06
PCG: 1 : 8.203693e-07 / 7.365474e-01
PCG: 2 : 5.112879e-07 / 4.590465e-01
PCG: 3 : 8.665745e-07 / 7.780315e-01
PCG: 4 : 1.092737e-06 / 9.810856e-01
PCG: 0 : 1.092736e-06
PCG: 1 : 8.436519e-07 / 7.720545e-01
PCG: 2 : 4.846364e-07 / 4.435072e-01
PCG: 3 : 7.579904e-07 / 6.936628e-01
PCG: 4 : 1.005622e-06 / 9.202792e-01
PCG: 0 : 1.005622e-06
PCG: 1 : 7.410434e-07 / 7.369002e-01
PCG: 2 : 4.616265e-07 / 4.590455e-01
PCG: 3 : 7.827357e-07 / 7.783594e-01
PCG: 4 : 9.864723e-07 / 9.809569e-01
PCG: 0 : 9.864722e-07
PCG: 1 : 7.619883e-07 / 7.724377e-01
PCG: 2 : 4.375008e-07 / 4.435004e-01
PCG: 3 : 6.847113e-07 / 6.941010e-01
PCG: 4 : 9.079276e-07 / 9.203783e-01
PCG: 0 : 9.079278e-07
PCG: 1 : 6.693957e-07 / 7.372786e-01
PCG: 2 : 4.167209e-07 / 4.589802e-01
PCG: 3 : 7.070569e-07 / 7.787589e-01
PCG: 4 : 8.906076e-07 / 9.809235e-01
PCG: 0 : 8.906075e-07
PCG: 1 : 6.883336e-07 / 7.728810e-01
PCG: 2 : 3.949745e-07 / 4.434889e-01
PCG: 3 : 6.185338e-07 / 6.945077e-01
PCG: 4 : 8.196997e-07 / 9.203827e-01
PCG: 0 : 8.196997e-07
PCG: 1 : 6.046690e-07 / 7.376714e-01
PCG: 2 : 3.762050e-07 / 4.589546e-01
PCG: 3 : 6.386618e-07 / 7.791412e-01
PCG: 4 : 8.040556e-07 / 9.809148e-01
PCG: 0 : 8.040549e-07
PCG: 1 : 6.217250e-07 / 7.732370e-01
PCG: 2 : 3.566109e-07 / 4.435156e-01
PCG: 3 : 5.587723e-07 / 6.949430e-01
PCG: 4 : 7.400598e-07 / 9.204096e-01
PCG: 0 : 7.400599e-07
PCG: 1 : 5.462055e-07 / 7.380557e-01
PCG: 2 : 3.396626e-07 / 4.589663e-01
PCG: 3 : 5.768764e-07 / 7.794996e-01
PCG: 4 : 7.259201e-07 / 9.808936e-01
PCG: 0 : 7.259202e-07
PCG: 1 : 5.615776e-07 / 7.736079e-01
PCG: 2 : 3.219509e-07 / 4.435073e-01
PCG: 3 : 5.047487e-07 / 6.953226e-01
PCG: 4 : 6.681573e-07 / 9.204280e-01
PCG: 0 : 6.681571e-07
PCG: 1 : 4.933863e-07 / 7.384285e-01
PCG: 2 : 3.066473e-07 / 4.589449e-01
PCG: 3 : 5.210941e-07 / 7.798976e-01
PCG: 4 : 6.553871e-07 / 9.808877e-01
PCG: 0 : 6.553872e-07
PCG: 1 : 5.072578e-07 / 7.739818e-01
PCG: 2 : 2.906375e-07 / 4.434592e-01
PCG: 3 : 4.559504e-07 / 6.956961e-01
PCG: 4 : 6.032219e-07 / 9.204053e-01
PCG: 0 : 6.032217e-07
PCG: 1 : 4.456957e-07 / 7.388589e-01
PCG: 2 : 2.768277e-07 / 4.589153e-01
PCG: 3 : 4.707126e-07 / 7.803310e-01
PCG: 4 : 5.917122e-07 / 9.809199e-01
PCG: 0 : 5.917123e-07
PCG: 1 : 4.581818e-07 / 7.743321e-01
PCG: 2 : 2.623791e-07 / 4.434235e-01
PCG: 3 : 4.118411e-07 / 6.960158e-01
PCG: 4 : 5.445686e-07 / 9.203268e-01
PCG: 0 : 5.445685e-07
PCG: 1 : 4.025820e-07 / 7.392679e-01
PCG: 2 : 2.499417e-07 / 4.589720e-01
PCG: 3 : 4.251751e-07 / 7.807559e-01
PCG: 4 : 5.342292e-07 / 9.810138e-01
PCG: 0 : 5.342291e-07
PCG: 1 : 4.138815e-07 / 7.747267e-01
PCG: 2 : 2.369215e-07 / 4.434830e-01
PCG: 3 : 3.720534e-07 / 6.964306e-01
PCG: 4 : 4.916905e-07 / 9.203740e-01
PCG: 0 : 4.916907e-07
PCG: 1 : 3.636488e-07 / 7.395884e-01
PCG: 2 : 2.256581e-07 / 4.589431e-01
PCG: 3 : 3.840499e-07 / 7.810802e-01
PCG: 4 : 4.823238e-07 / 9.809495e-01
PCG: 0 : 4.823240e-07
PCG: 1 : 3.738470e-07 / 7.750950e-01
PCG: 2 : 2.138775e-07 / 4.434311e-01
PCG: 3 : 3.360730e-07 / 6.967784e-01
PCG: 4 : 4.439048e-07 / 9.203456e-01
PCG: 0 : 4.439048e-07
PCG: 1 : 3.284762e-07 / 7.399698e-01
PCG: 2 : 2.037184e-07 / 4.589236e-01
PCG: 3 : 3.469220e-07 / 7.815233e-01
PCG: 4 : 4.354604e-07 / 9.809769e-01
PCG: 0 : 4.354604e-07
PCG: 1 : 3.376784e-07 / 7.754513e-01
PCG: 2 : 1.930756e-07 / 4.433826e-01
PCG: 3 : 3.035518e-07 / 6.970823e-01
PCG: 4 : 4.007575e-07 / 9.203075e-01
PCG: 0 : 4.007574e-07
PCG: 1 : 2.966893e-07 / 7.403213e-01
PCG: 2 : 1.839056e-07 / 4.588950e-01
PCG: 3 : 3.133710e-07 / 7.819467e-01
PCG: 4 : 3.931492e-07 / 9.810154e-01
PCG: 0 : 3.931491e-07
PCG: 1 : 3.050181e-07 / 7.758331e-01
PCG: 2 : 1.743283e-07 / 4.434151e-01
PCG: 3 : 2.741820e-07 / 6.973996e-01
PCG: 4 : 3.618037e-07 / 9.202709e-01
PCG: 0 : 3.618036e-07
PCG: 1 : 2.679797e-07 / 7.406772e-01
PCG: 2 : 1.660593e-07 / 4.589765e-01
PCG: 3 : 2.830667e-07 / 7.823768e-01
PCG: 4 : 3.549681e-07 / 9.811072e-01
PCG: 0 : 3.549679e-07
PCG: 1 : 2.755164e-07 / 7.761725e-01
PCG: 2 : 1.573959e-07 / 4.434089e-01
PCG: 3 : 2.476798e-07 / 6.977525e-01
PCG: 4 : 3.266678e-07 / 9.202741e-01
PCG: 0 : 3.266677e-07
PCG: 1 : 2.420745e-07 / 7.410420e-01
PCG: 2 : 1.499135e-07 / 4.589173e-01
PCG: 3 : 2.556864e-07 / 7.827109e-01
PCG: 4 : 3.204905e-07 / 9.810902e-01
PCG: 0 : 3.204903e-07
PCG: 1 : 2.488688e-07 / 7.765252e-01
PCG: 2 : 1.421000e-07 / 4.433831e-01
PCG: 3 : 2.237451e-07 / 6.981336e-01
PCG: 4 : 2.949353e-07 / 9.202629e-01
PCG: 0 : 2.949354e-07
PCG: 1 : 2.186612e-07 / 7.413866e-01
PCG: 2 : 1.353486e-07 / 4.589092e-01
PCG: 3 : 2.309575e-07 / 7.830781e-01
PCG: 4 : 2.893334e-07 / 9.810061e-01
PCG: 0 : 2.893333e-07
PCG: 1 : 2.247905e-07 / 7.769257e-01
PCG: 2 : 1.282929e-07 / 4.434085e-01
PCG: 3 : 2.020917e-07 / 6.984738e-01
PCG: 4 : 2.662932e-07 / 9.203683e-01
PCG: 0 : 2.662933e-07
PCG: 1 : 1.975096e-07 / 7.416998e-01
PCG: 2 : 1.222095e-07 / 4.589282e-01
PCG: 3 : 2.086185e-07 / 7.834165e-01
PCG: 4 : 2.612284e-07 / 9.809802e-01
PCG: 0 : 2.612283e-07
PCG: 1 : 2.030305e-07 / 7.772145e-01
PCG: 2 : 1.158318e-07 / 4.434119e-01
PCG: 3 : 1.825577e-07 / 6.988434e-01
PCG: 4 : 2.404104e-07 / 9.203074e-01
PCG: 0 : 2.404104e-07
PCG: 1 : 1.784063e-07 / 7.420907e-01
PCG: 2 : 1.103246e-07 / 4.589014e-01
PCG: 3 : 1.884315e-07 / 7.837909e-01
PCG: 4 : 2.358486e-07 / 9.810249e-01
PCG: 0 : 2.358485e-07
PCG: 1 : 1.833844e-07 / 7.775519e-01
PCG: 2 : 1.045681e-07 / 4.433697e-01
PCG: 3 : 1.649072e-07 / 6.992082e-01
PCG: 4 : 2.170617e-07 / 9.203438e-01
PCG: 0 : 2.170616e-07
PCG: 1 : 1.611559e-07 / 7.424430e-01
PCG: 2 : 9.960120e-08 / 4.588614e-01
PCG: 3 : 1.702032e-07 / 7.841240e-01
PCG: 4 : 2.129288e-07 / 9.809601e-01
PCG: 0 : 2.129287e-07
PCG: 1 : 1.656446e-07 / 7.779343e-01
PCG: 2 : 9.440692e-08 / 4.433733e-01
PCG: 3 : 1.489562e-07 / 6.995587e-01
PCG: 4 : 1.959849e-07 / 9.204247e-01
PCG: 0 : 1.959848e-07
PCG: 1 : 1.455682e-07 / 7.427524e-01
PCG: 2 : 8.993103e-08 / 4.588673e-01
PCG: 3 : 1.537351e-07 / 7.844234e-01
PCG: 4 : 1.922413e-07 / 9.808990e-01
PCG: 0 : 1.922413e-07
PCG: 1 : 1.496174e-07 / 7.782794e-01
PCG: 2 : 8.524682e-08 / 4.434366e-01
PCG: 3 : 1.345546e-07 / 6.999257e-01
PCG: 4 : 1.769468e-07 / 9.204412e-01
PCG: 0 : 1.769468e-07
PCG: 1 : 1.314853e-07 / 7.430785e-01
PCG: 2 : 8.119514e-08 / 4.588676e-01
PCG: 3 : 1.388610e-07 / 7.847615e-01
PCG: 4 : 1.735673e-07 / 9.809012e-01
PCG: 0 : 1.735672e-07
PCG: 1 : 1.351334e-07 / 7.785649e-01
PCG: 2 : 7.695765e-08 / 4.433881e-01
PCG: 3 : 1.215388e-07 / 7.002407e-01
PCG: 4 : 1.597581e-07 / 9.204393e-01
PCG: 0 : 1.597581e-07
PCG: 1 : 1.187683e-07 / 7.434260e-01
PCG: 2 : 7.330513e-08 / 4.588509e-01
PCG: 3 : 1.254356e-07 / 7.851599e-01
PCG: 4 : 1.567111e-07 / 9.809275e-01
PCG: 0 : 1.567110e-07
PCG: 1 : 1.220658e-07 / 7.789233e-01
PCG: 2 : 6.948198e-08 / 4.433766e-01
PCG: 3 : 1.097826e-07 / 7.005420e-01
PCG: 4 : 1.442363e-07 / 9.203967e-01
PCG: 0 : 1.442363e-07
PCG: 1 : 1.072783e-07 / 7.437676e-01
PCG: 2 : 6.618217e-08 / 4.588454e-01
PCG: 3 : 1.132947e-07 / 7.854794e-01
PCG: 4 : 1.414798e-07 / 9.808891e-01
PCG: 0 : 1.414798e-07
PCG: 1 : 1.102545e-07 / 7.792950e-01
PCG: 2 : 6.273884e-08 / 4.434474e-01
PCG: 3 : 9.916990e-08 / 7.009475e-01
PCG: 4 : 1.302383e-07 / 9.205433e-01
PCG: 0 : 1.302382e-07
PCG: 1 : 9.690121e-08 / 7.440304e-01
PCG: 2 : 5.975765e-08 / 4.588334e-01
PCG: 3 : 1.023313e-07 / 7.857237e-01
PCG: 4 : 1.277311e-07 / 9.807495e-01
PCG: 0 : 1.277311e-07
PCG: 1 : 9.957983e-08 / 7.796054e-01
PCG: 2 : 5.664217e-08 / 4.434486e-01
PCG: 3 : 8.958062e-08 / 7.013221e-01
PCG: 4 : 1.175927e-07 / 9.206271e-01
PCG: 0 : 1.175927e-07
PCG: 1 : 8.753074e-08 / 7.443552e-01
PCG: 2 : 5.395299e-08 / 4.588124e-01
PCG: 3 : 9.243493e-08 / 7.860601e-01
PCG: 4 : 1.153254e-07 / 9.807191e-01
PCG: 0 : 1.153254e-07
PCG: 1 : 8.994527e-08 / 7.799262e-01
PCG: 2 : 5.113633e-08 / 4.434093e-01
PCG: 3 : 8.091662e-08 / 7.016377e-01
PCG: 4 : 1.061670e-07 / 9.205872e-01
PCG: 0 : 1.061670e-07
PCG: 1 : 7.905956e-08 / 7.446715e-01
PCG: 2 : 4.870908e-08 / 4.587967e-01
PCG: 3 : 8.349210e-08 / 7.864221e-01
PCG: 4 : 1.041267e-07 / 9.807816e-01
PCG: 0 : 1.041266e-07
PCG: 1 : 8.124465e-08 / 7.802485e-01
PCG: 2 : 4.617040e-08 / 4.434063e-01
PCG: 3 : 7.308459e-08 / 7.018818e-01
PCG: 4 : 9.585001e-08 / 9.205139e-01
PCG: 0 : 9.585001e-08
PCG: 1 : 7.140908e-08 / 7.450086e-01
PCG: 2 : 4.398164e-08 / 4.588591e-01
PCG: 3 : 7.541929e-08 / 7.868470e-01
PCG: 4 : 9.401840e-08 / 9.808909e-01
PCG: 0 : 9.401838e-08
PCG: 1 : 7.338812e-08 / 7.805721e-01
PCG: 2 : 4.168971e-08 / 4.434209e-01
PCG: 3 : 6.601609e-08 / 7.021615e-01
PCG: 4 : 8.654428e-08 / 9.205038e-01
PCG: 0 : 8.654427e-08
PCG: 1 : 6.449672e-08 / 7.452454e-01
PCG: 2 : 3.970863e-08 / 4.588245e-01
PCG: 3 : 6.811995e-08 / 7.871111e-01
PCG: 4 : 8.488276e-08 / 9.808017e-01
PCG: 0 : 8.488275e-08
PCG: 1 : 6.628561e-08 / 7.809079e-01
PCG: 2 : 3.763619e-08 / 4.433904e-01
PCG: 3 : 5.962782e-08 / 7.024728e-01
PCG: 4 : 7.814165e-08 / 9.205834e-01
PCG: 0 : 7.814164e-08
PCG: 1 : 5.825855e-08 / 7.455507e-01
PCG: 2 : 3.585155e-08 / 4.588021e-01
PCG: 3 : 6.153379e-08 / 7.874648e-01
PCG: 4 : 7.663944e-08 / 9.807759e-01
PCG: 0 : 7.663945e-08
PCG: 1 : 5.987341e-08 / 7.812349e-01
PCG: 2 : 3.397929e-08 / 4.433656e-01
PCG: 3 : 5.385889e-08 / 7.027567e-01
PCG: 4 : 7.054698e-08 / 9.205047e-01
PCG: 0 : 7.054699e-08
PCG: 1 : 5.262104e-08 / 7.459006e-01
PCG: 2 : 3.237020e-08 / 4.588460e-01
PCG: 3 : 5.558456e-08 / 7.879084e-01
PCG: 4 : 6.919917e-08 / 9.808948e-01
PCG: 0 : 6.919917e-08
PCG: 1 : 5.408106e-08 / 7.815276e-01
PCG: 2 : 3.068249e-08 / 4.433939e-01
PCG: 3 : 4.864608e-08 / 7.029865e-01
PCG: 4 : 6.369425e-08 / 9.204481e-01
PCG: 0 : 6.369425e-08
PCG: 1 : 4.752577e-08 / 7.461548e-01
PCG: 2 : 2.922822e-08 / 4.588831e-01
PCG: 3 : 5.020595e-08 / 7.882336e-01
PCG: 4 : 6.247742e-08 / 9.808957e-01
PCG: 0 : 6.247742e-08
PCG: 1 : 4.884819e-08 / 7.818536e-01
PCG: 2 : 2.770248e-08 / 4.433998e-01
PCG: 3 : 4.393990e-08 / 7.032925e-01
PCG: 4 : 5.750941e-08 / 9.204831e-01
PCG: 0 : 5.750940e-08
PCG: 1 : 4.292860e-08 / 7.464622e-01
PCG: 2 : 2.638728e-08 / 4.588341e-01
PCG: 3 : 4.534932e-08 / 7.885548e-01
PCG: 4 : 5.641131e-08 / 9.809058e-01
PCG: 0 : 5.641131e-08
PCG: 1 : 4.412140e-08 / 7.821376e-01
PCG: 2 : 2.501075e-08 / 4.433642e-01
PCG: 3 : 3.968739e-08 / 7.035361e-01
PCG: 4 : 5.192127e-08 / 9.204054e-01
PCG: 0 : 5.192127e-08
PCG: 1 : 3.877313e-08 / 7.467678e-01
PCG: 2 : 2.382529e-08 / 4.588734e-01
PCG: 3 : 4.096255e-08 / 7.889358e-01
PCG: 4 : 5.093522e-08 / 9.810089e-01
PCG: 0 : 5.093525e-08
PCG: 1 : 3.985319e-08 / 7.824286e-01
PCG: 2 : 2.258263e-08 / 4.433597e-01
PCG: 3 : 3.584896e-08 / 7.038144e-01
PCG: 4 : 4.687757e-08 / 9.203367e-01
PCG: 0 : 4.687757e-08
PCG: 1 : 3.502000e-08 / 7.470524e-01
PCG: 2 : 2.151197e-08 / 4.588970e-01
PCG: 3 : 3.700013e-08 / 7.892929e-01
PCG: 4 : 4.598905e-08 / 9.810460e-01
PCG: 0 : 4.598905e-08
PCG: 1 : 3.599759e-08 / 7.827426e-01
PCG: 2 : 2.039078e-08 / 4.433834e-01
PCG: 3 : 3.237826e-08 / 7.040428e-01
PCG: 4 : 4.232689e-08 / 9.203690e-01
PCG: 0 : 4.232689e-08
PCG: 1 : 3.162970e-08 / 7.472722e-01
PCG: 2 : 1.942343e-08 / 4.588910e-01
PCG: 3 : 3.342178e-08 / 7.896111e-01
PCG: 4 : 4.152202e-08 / 9.809846e-01
PCG: 0 : 4.152203e-08
PCG: 1 : 3.251548e-08 / 7.830899e-01
PCG: 2 : 1.840941e-08 / 4.433649e-01
PCG: 3 : 2.924675e-08 / 7.043670e-01
PCG: 4 : 3.821872e-08 / 9.204443e-01
PCG: 0 : 3.821872e-08
PCG: 1 : 2.857088e-08 / 7.475626e-01
PCG: 2 : 1.753691e-08 / 4.588566e-01
PCG: 3 : 3.018824e-08 / 7.898811e-01
PCG: 4 : 3.748906e-08 / 9.809084e-01
PCG: 0 : 3.748904e-08
PCG: 1 : 2.936777e-08 / 7.833695e-01
PCG: 2 : 1.662132e-08 / 4.433648e-01
PCG: 3 : 2.641538e-08 / 7.046160e-01
PCG: 4 : 3.450466e-08 / 9.203932e-01
PCG: 0 : 3.450466e-08
PCG: 1 : 2.580508e-08 / 7.478723e-01
PCG: 2 : 1.583409e-08 / 4.588973e-01
PCG: 3 : 2.726620e-08 / 7.902181e-01
PCG: 4 : 3.384837e-08 / 9.809796e-01
PCG: 0 : 3.384838e-08
PCG: 1 : 2.652528e-08 / 7.836499e-01
PCG: 2 : 1.500923e-08 / 4.434255e-01
PCG: 3 : 2.386140e-08 / 7.049497e-01
PCG: 4 : 3.115686e-08 / 9.204831e-01
PCG: 0 : 3.115685e-08
PCG: 1 : 2.330858e-08 / 7.481044e-01
PCG: 2 : 1.429747e-08 / 4.588870e-01
PCG: 3 : 2.462753e-08 / 7.904370e-01
PCG: 4 : 3.056239e-08 / 9.809205e-01
PCG: 0 : 3.056240e-08
PCG: 1 : 2.395739e-08 / 7.838842e-01
PCG: 2 : 1.355206e-08 / 4.434226e-01
PCG: 3 : 2.155257e-08 / 7.051986e-01
PCG: 4 : 2.812994e-08 / 9.204100e-01
PCG: 0 : 2.812994e-08
PCG: 1 : 2.105300e-08 / 7.484198e-01
PCG: 2 : 1.290866e-08 / 4.588940e-01
PCG: 3 : 2.224502e-08 / 7.907954e-01
PCG: 4 : 2.759537e-08 / 9.809966e-01
PCG: 0 : 2.759537e-08
PCG: 1 : 2.163918e-08 / 7.841599e-01
PCG: 2 : 1.223452e-08 / 4.433541e-01
PCG: 3 : 1.946629e-08 / 7.054188e-01
PCG: 4 : 2.539721e-08 / 9.203432e-01
PCG: 0 : 2.539721e-08
PCG: 1 : 1.901473e-08 / 7.486936e-01
PCG: 2 : 1.165441e-08 / 4.588853e-01
PCG: 3 : 2.009256e-08 / 7.911326e-01
PCG: 4 : 2.491582e-08 / 9.810456e-01

PCG ( VCycle ( S: Scale / C: Scale )  )

Complete solver TOE: 18.7408
2.50926 GFlop/s [2.50926 GFlops/s]

Total time: 18.7408s
Accumulated op time: 17.9987

Reductions: 7.53878%
Blas-1: 5.81115%
Blas-2: 82.6902%
Precon Kernels: 0%
MPI Execution: 0%
MPI Wait: 0%
Not covered: 3.95985%

Domain size: 48.0179 MByte
LA size: 119.742 MByte
MPI size: 2.67099 MByte

H0-Error: 1.752303e-06
H1-Error: 4.034414e-03

Writing DATA to output.data...
Run-Time: 0:19.298 [0:19.298]
0x31d198e880 Error: MemoryPool<CPU> still contains memory chunks on deconstructor call
