NUM-PROCS: 1
Preparing domain...
LVL-MIN: 1 [1]
LVL-MAX: 8 [8]
Creating gates...
Assembling system matrices...
Assembling system filters...
Assembling transfer matrices...
Converting assembled linear system from SparseMatrixCSR, Mem:main to SparseMatrixELL, Mem:cudaand to SparseMatrixELL, Mem:cuda...
PCG: 0 : 3.788187e-02
PCG: 1 : 1.295197e-02 / 3.419040e-01
PCG: 2 : 4.463459e-03 / 1.178257e-01
PCG: 3 : 1.247573e-03 / 3.293325e-02
PCG: 4 : 1.678836e-04 / 4.431766e-03
PCG: 5 : 1.364521e-05 / 3.602041e-04
PCG: 6 : 1.887917e-06 / 4.983695e-05
PCG: 7 : 2.377236e-07 / 6.275392e-06
PCG: 8 : 1.805093e-08 / 4.765058e-07
PCG: 0 : 1.544151e-03
PCG: 1 : 1.150419e-04 / 7.450169e-02
PCG: 2 : 1.402542e-05 / 9.082935e-03
PCG: 3 : 1.444517e-06 / 9.354762e-04
PCG: 4 : 1.990136e-07 / 1.288822e-04
PCG: 5 : 2.219357e-08 / 1.437267e-05
PCG: 6 : 2.484176e-09 / 1.608765e-06
PCG: 7 : 2.813868e-10 / 1.822275e-07
PCG: 8 : 3.929858e-11 / 2.544996e-08
PCG: 0 : 5.358646e-09
PCG: 1 : 8.816399e-10 / 1.645266e-01
PCG: 2 : 1.392914e-10 / 2.599376e-02
PCG: 3 : 1.424360e-11 / 2.658059e-03
PCG: 4 : 1.719848e-12 / 3.209482e-04
PCG: 5 : 2.045645e-13 / 3.817467e-05
PCG: 6 : 2.110830e-14 / 3.939112e-06
PCG: 7 : 2.794479e-15 / 5.214897e-07
PCG: 8 : 3.297258e-16 / 6.153155e-08
PCG: 0 : 4.138065e-14
PCG: 1 : 8.640286e-15 / 2.088002e-01
PCG: 2 : 9.183613e-16 / 2.219301e-02
PCG: 3 : 8.567782e-17 / 2.070480e-03
PCG: 4 : 1.175992e-17 / 2.841888e-04
PCG: 5 : 1.323941e-18 / 3.199420e-05
PCG: 6 : 1.509297e-19 / 3.647350e-06
PCG: 7 : 1.918447e-20 / 4.636098e-07
PCG: 8 : 1.528386e-21 / 3.693481e-08

PCG ( VCycle ( S: Scale / C: Scale )  )

Complete solver TOE: 1.23301
0.250721 GFlop/s [0.250721 GFlops/s]

Total time: 1.23301s
Accumulated op time: 0.169483

Reductions: 6.37747%
Blas-1: 3.83159%
Blas-2: 3.53638%
Precon Kernels: 0%
MPI Execution: 0%
MPI Wait: 0%
Not covered: 86.2546%

Domain size: 6.73709 MByte
LA size: 22.4149 MByte
MPI size: 0.674561 MByte

H0-Error: 6.865388e-06
H1-Error: 8.068795e-03

Writing DATA to output.data...
Run-Time: 0:02.020 [0:02.020]
0xb33929f8 Error: MemoryPool<CUDA> still contains memory chunks on deconstructor call
