NUM-PROCS: 1
Preparing domain...
LVL-MIN: 2 [2]
LVL-MAX: 9 [9]
Creating gates...
Assembling system matrices...
Assembling system filters...
Assembling transfer matrices...
Converting assembled linear system from SparseMatrixCSR, Mem:main to SparseMatrixELL, Mem:cudaand to SparseMatrixELL, Mem:cuda...
PCG: 0 : 1.894534e-02
PCG: 1 : 9.764041e-03 / 5.153795e-01
PCG: 2 : 5.655357e-03 / 2.985091e-01
PCG: 3 : 1.963570e-03 / 1.036439e-01
PCG: 4 : 4.557527e-04 / 2.405619e-02
PCG: 0 : 7.189945e-04
PCG: 1 : 1.759044e-04 / 2.446533e-01
PCG: 2 : 9.818722e-06 / 1.365619e-02
PCG: 3 : 5.525470e-06 / 7.684996e-03
PCG: 4 : 1.332144e-06 / 1.852787e-03
PCG: 0 : 1.332137e-06
PCG: 1 : 2.183533e-07 / 1.639120e-01
PCG: 2 : 3.766958e-08 / 2.827756e-02
PCG: 3 : 2.600239e-08 / 1.951931e-02
PCG: 4 : 3.578233e-09 / 2.686085e-03
PCG: 0 : 3.578212e-09
PCG: 1 : 8.315307e-10 / 2.323872e-01
PCG: 2 : 1.036958e-10 / 2.897979e-02
PCG: 3 : 4.615448e-11 / 1.289876e-02
PCG: 4 : 1.431149e-11 / 3.999621e-03
PCG: 0 : 1.431172e-11
PCG: 1 : 3.229873e-12 / 2.256804e-01
PCG: 2 : 7.353268e-13 / 5.137936e-02
PCG: 3 : 3.861108e-13 / 2.697865e-02
PCG: 4 : 1.064151e-13 / 7.435527e-03

PCG ( VCycle ( S: Scale / C: Scale )  )

Complete solver TOE: 0.147686
5.43853 GFlop/s [5.43853 GFlops/s]

Total time: 0.147686s
Accumulated op time: 0.030092

Reductions: 18.4797%
Blas-1: 0.912747%
Blas-2: 0.983167%
Precon Kernels: 0%
MPI Execution: 0%
MPI Wait: 0%
Not covered: 79.6243%

Domain size: 48.2178 MByte
LA size: 121.079 MByte
MPI size: 2.68237 MByte

H0-Error: 1.716361e-06
H1-Error: 4.034414e-03

Writing DATA to output.data...
Run-Time: 0:00.857 [0:00.857]
0x31d198e880 Error: MemoryPool<CUDA> still contains memory chunks on deconstructor call
