NUM-PROCS: 1
Preparing domain...
LVL-MIN: 4 [4]
LVL-MAX: 10 [10]
Creating gates...
Assembling system matrices...
Assembling system filters...
Assembling transfer matrices...
Converting assembled linear system from SparseMatrixCSR, Mem:main to SparseMatrixELL, Mem:cudaand to SparseMatrixELL, Mem:cuda...
PCG: 0 : 9.473711e-03
PCG: 1 : 1.921966e-02 / 2.028736e+00
PCG: 2 : 2.717672e-02 / 2.868645e+00
PCG: 3 : 6.675999e-02 / 7.046867e+00
PCG: 0 : 6.675395e-02
PCG: 1 : 6.687671e-02 / 1.001839e+00
PCG: 2 : 5.858684e-02 / 8.776537e-01
PCG: 3 : 5.320970e-02 / 7.971019e-01
PCG: 0 : 5.320970e-02
PCG: 1 : 2.859025e-02 / 5.373126e-01
PCG: 2 : 1.570951e-02 / 2.952377e-01
PCG: 3 : 8.045441e-03 / 1.512025e-01
PCG: 0 : 8.045434e-03
PCG: 1 : 8.609163e-03 / 1.070068e+00
PCG: 2 : 1.157101e-02 / 1.438208e+00
PCG: 3 : 1.713097e-02 / 2.129278e+00
PCG: 0 : 1.713097e-02
PCG: 1 : 1.029210e-02 / 6.007890e-01
PCG: 2 : 6.103761e-03 / 3.562998e-01
PCG: 3 : 4.220859e-03 / 2.463876e-01
PCG: 0 : 4.220858e-03
PCG: 1 : 4.566050e-03 / 1.081783e+00
PCG: 2 : 5.068645e-03 / 1.200857e+00
PCG: 3 : 6.571497e-03 / 1.556910e+00
PCG: 0 : 6.571496e-03
PCG: 1 : 4.153841e-03 / 6.320997e-01
PCG: 2 : 2.796076e-03 / 4.254855e-01
PCG: 3 : 2.075462e-03 / 3.158279e-01
PCG: 0 : 2.075461e-03
PCG: 1 : 2.203511e-03 / 1.061697e+00
PCG: 2 : 2.179418e-03 / 1.050088e+00
PCG: 3 : 2.615795e-03 / 1.260344e+00
PCG: 0 : 2.615795e-03
PCG: 1 : 1.688094e-03 / 6.453466e-01
PCG: 2 : 1.238327e-03 / 4.734038e-01
PCG: 3 : 9.545543e-04 / 3.649194e-01
PCG: 0 : 9.545544e-04
PCG: 1 : 1.000619e-03 / 1.048258e+00
PCG: 2 : 9.276679e-04 / 9.718334e-01
PCG: 3 : 1.061774e-03 / 1.112324e+00
PCG: 0 : 1.061774e-03
PCG: 1 : 6.936553e-04 / 6.532984e-01
PCG: 2 : 5.395003e-04 / 5.081121e-01
PCG: 3 : 4.244877e-04 / 3.997909e-01
PCG: 0 : 4.244877e-04
PCG: 1 : 4.410586e-04 / 1.039037e+00
PCG: 2 : 3.931425e-04 / 9.261577e-01
PCG: 3 : 4.365892e-04 / 1.028509e+00
PCG: 0 : 4.365892e-04
PCG: 1 : 2.873885e-04 / 6.582584e-01
PCG: 2 : 2.330604e-04 / 5.338207e-01
PCG: 3 : 1.854977e-04 / 4.248794e-01
PCG: 0 : 1.854978e-04
PCG: 1 : 1.915429e-04 / 1.032589e+00
PCG: 2 : 1.663631e-04 / 8.968471e-01
PCG: 3 : 1.811252e-04 / 9.764282e-01
PCG: 0 : 1.811252e-04
PCG: 1 : 1.197418e-04 / 6.610997e-01
PCG: 2 : 1.001772e-04 / 5.530825e-01
PCG: 3 : 8.029258e-05 / 4.432987e-01
PCG: 0 : 8.029259e-05
PCG: 1 : 8.251162e-05 / 1.027637e+00
PCG: 2 : 7.036953e-05 / 8.764138e-01
PCG: 3 : 7.560252e-05 / 9.415878e-01
PCG: 0 : 7.560253e-05
PCG: 1 : 5.008525e-05 / 6.624812e-01
PCG: 2 : 4.292096e-05 / 5.677186e-01
PCG: 3 : 3.456913e-05 / 4.572483e-01
PCG: 0 : 3.456913e-05
PCG: 1 : 3.537675e-05 / 1.023363e+00
PCG: 2 : 2.976558e-05 / 8.610450e-01
PCG: 3 : 3.169367e-05 / 9.168202e-01
PCG: 0 : 3.169367e-05
PCG: 1 : 2.100958e-05 / 6.628952e-01
PCG: 2 : 1.834938e-05 / 5.789605e-01
PCG: 3 : 1.483515e-05 / 4.680794e-01
PCG: 0 : 1.483516e-05
PCG: 1 : 1.512466e-05 / 1.019515e+00
PCG: 2 : 1.259322e-05 / 8.488771e-01
PCG: 3 : 1.333334e-05 / 8.987668e-01
PCG: 0 : 1.333334e-05
PCG: 1 : 8.831818e-06 / 6.623859e-01
PCG: 2 : 7.832667e-06 / 5.874496e-01
PCG: 3 : 6.350540e-06 / 4.762902e-01
PCG: 0 : 6.350540e-06
PCG: 1 : 6.454687e-06 / 1.016400e+00
PCG: 2 : 5.328954e-06 / 8.391339e-01
PCG: 3 : 5.624185e-06 / 8.856230e-01
PCG: 0 : 5.624185e-06
PCG: 1 : 3.718304e-06 / 6.611277e-01
PCG: 2 : 3.339374e-06 / 5.937526e-01
PCG: 3 : 2.713732e-06 / 4.825111e-01
PCG: 0 : 2.713732e-06
PCG: 1 : 2.750900e-06 / 1.013696e+00
PCG: 2 : 2.255319e-06 / 8.310767e-01
PCG: 3 : 2.376673e-06 / 8.757953e-01
PCG: 0 : 2.376673e-06
PCG: 1 : 1.567184e-06 / 6.594024e-01
PCG: 2 : 1.422302e-06 / 5.984423e-01
PCG: 3 : 1.158404e-06 / 4.874057e-01
PCG: 0 : 1.158404e-06
PCG: 1 : 1.171209e-06 / 1.011054e+00
PCG: 2 : 9.546156e-07 / 8.240782e-01
PCG: 3 : 1.005607e-06 / 8.680968e-01
PCG: 0 : 1.005607e-06
PCG: 1 : 6.611749e-07 / 6.574885e-01
PCG: 2 : 6.053266e-07 / 6.019515e-01
PCG: 3 : 4.941714e-07 / 4.914162e-01
PCG: 0 : 4.941714e-07
PCG: 1 : 4.982989e-07 / 1.008352e+00
PCG: 2 : 4.041453e-07 / 8.178239e-01
PCG: 3 : 4.260403e-07 / 8.621306e-01
PCG: 0 : 4.260403e-07
PCG: 1 : 2.791838e-07 / 6.552991e-01
PCG: 2 : 2.574823e-07 / 6.043614e-01
PCG: 3 : 2.106310e-07 / 4.943922e-01
PCG: 0 : 2.106310e-07
PCG: 1 : 2.119056e-07 / 1.006051e+00
PCG: 2 : 1.711251e-07 / 8.124403e-01
PCG: 3 : 1.807091e-07 / 8.579414e-01
PCG: 0 : 1.807091e-07
PCG: 1 : 1.179600e-07 / 6.527619e-01
PCG: 2 : 1.094672e-07 / 6.057650e-01
PCG: 3 : 8.970710e-08 / 4.964173e-01
PCG: 0 : 8.970710e-08
PCG: 1 : 9.007132e-08 / 1.004060e+00
PCG: 2 : 7.246638e-08 / 8.078110e-01
PCG: 3 : 7.670307e-08 / 8.550390e-01
PCG: 0 : 7.670306e-08
PCG: 1 : 4.986293e-08 / 6.500775e-01
PCG: 2 : 4.651727e-08 / 6.064591e-01
PCG: 3 : 3.819130e-08 / 4.979111e-01
PCG: 0 : 3.819130e-08
PCG: 1 : 3.826744e-08 / 1.001994e+00
PCG: 2 : 3.068999e-08 / 8.035858e-01
PCG: 3 : 3.256874e-08 / 8.527790e-01
PCG: 0 : 3.256874e-08
PCG: 1 : 2.108776e-08 / 6.474849e-01
PCG: 2 : 1.975925e-08 / 6.066937e-01
PCG: 3 : 1.625700e-08 / 4.991596e-01
PCG: 0 : 1.625700e-08
PCG: 1 : 1.625264e-08 / 9.997321e-01
PCG: 2 : 1.299950e-08 / 7.996249e-01
PCG: 3 : 1.383773e-08 / 8.511862e-01
PCG: 0 : 1.383773e-08
PCG: 1 : 8.922775e-09 / 6.448150e-01
PCG: 2 : 8.391153e-09 / 6.063967e-01
PCG: 3 : 6.916685e-09 / 4.998425e-01
PCG: 0 : 6.916684e-09
PCG: 1 : 6.901486e-09 / 9.978026e-01
PCG: 2 : 5.506986e-09 / 7.961888e-01
PCG: 3 : 5.883268e-09 / 8.505908e-01
PCG: 0 : 5.883268e-09
PCG: 1 : 3.776748e-09 / 6.419474e-01
PCG: 2 : 3.562473e-09 / 6.055261e-01
PCG: 3 : 2.941036e-09 / 4.998983e-01
PCG: 0 : 2.941036e-09
PCG: 1 : 2.929813e-09 / 9.961841e-01
PCG: 2 : 2.333061e-09 / 7.932788e-01
PCG: 3 : 2.502090e-09 / 8.507512e-01
PCG: 0 : 2.502089e-09
PCG: 1 : 1.599056e-09 / 6.390885e-01
PCG: 2 : 1.512078e-09 / 6.043263e-01
PCG: 3 : 1.250451e-09 / 4.997625e-01
PCG: 0 : 1.250451e-09
PCG: 1 : 1.243388e-09 / 9.943517e-01
PCG: 2 : 9.885331e-10 / 7.905415e-01
PCG: 3 : 1.064123e-09 / 8.509918e-01
PCG: 0 : 1.064123e-09
PCG: 1 : 6.771781e-10 / 6.363722e-01
PCG: 2 : 6.415862e-10 / 6.029249e-01
PCG: 3 : 5.315846e-10 / 4.995519e-01

PCG ( VCycle ( S: Scale / C: Scale )  )

Complete solver TOE: 18.6403
0.218631 GFlop/s [0.218631 GFlops/s]

Total time: 18.6403s
Accumulated op time: 12.9366

Reductions: 66.5949%
Blas-1: 1.54279%
Blas-2: 1.26367%
Precon Kernels: 0%
MPI Execution: 0%
MPI Wait: 0%
Not covered: 30.5987%

Domain size: 106.94 MByte
LA size: 356.502 MByte
MPI size: 10.6971 MByte

H0-Error: 4.294940e-07
H1-Error: 2.017209e-03

Writing DATA to output.data...
Run-Time: 0:30.224 [0:30.224]
0xb330a9f8 Error: MemoryPool<CUDA> still contains memory chunks on deconstructor call
