NUM-PROCS: 1
Preparing domain...
LVL-MIN: 3 [3]
LVL-MAX: 11 [11]
Creating gates...
Assembling system matrices...
Assembling system filters...
Assembling transfer matrices...
Converting assembled linear system from SparseMatrixCSR, Mem:main to SparseMatrixCSR, Mem:mainand to SparseMatrixCSR, Mem:main...
PCG:  0 : 4.717541e-03
PCG:  1 : 5.088399e-03 / 1.078612e+00
PCG:  2 : 6.735180e-03 / 1.427689e+00
PCG:  3 : 5.651245e-03 / 1.197922e+00
PCG:  4 : 1.861318e-03 / 3.945525e-01
PCG:  5 : 1.016340e-03 / 2.154384e-01
PCG:  6 : 1.639427e-03 / 3.475173e-01
PCG:  7 : 4.782187e-04 / 1.013703e-01
PCG:  8 : 6.918925e-05 / 1.466638e-02
PCG:  9 : 1.595361e-05 / 3.381764e-03
PCG: 10 : 7.258661e-06 / 1.538653e-03
PCG: 11 : 3.313963e-06 / 7.024767e-04
PCG: 12 : 2.861824e-06 / 6.066347e-04
PCG: 13 : 1.105612e-06 / 2.343618e-04
PCG: 14 : 1.894065e-07 / 4.014940e-05
PCG: 15 : 2.740972e-08 / 5.810171e-06
PCG: 16 : 1.808882e-08 / 3.834375e-06
PCG: 17 : 3.973684e-09 / 8.423210e-07
PCG: 18 : 6.151668e-10 / 1.303999e-07
PCG: 19 : 7.075900e-10 / 1.499913e-07
PCG: 20 : 4.803161e-10 / 1.018149e-07
PCG:  0 : 2.201535e-04
PCG:  1 : 1.008117e-03 / 4.579153e+00
PCG:  2 : 5.085164e-04 / 2.309826e+00
PCG:  3 : 1.679382e-04 / 7.628231e-01
PCG:  4 : 5.378590e-05 / 2.443109e-01
PCG:  5 : 8.040191e-06 / 3.652084e-02
PCG:  6 : 1.395575e-06 / 6.339098e-03
PCG:  7 : 4.136301e-07 / 1.878826e-03
PCG:  8 : 4.199390e-07 / 1.907482e-03
PCG:  9 : 2.082421e-07 / 9.458949e-04
PCG: 10 : 8.117672e-08 / 3.687277e-04
PCG: 11 : 6.387621e-08 / 2.901439e-04
PCG: 12 : 1.366872e-08 / 6.208724e-05
PCG: 13 : 2.302052e-09 / 1.045657e-05
PCG: 14 : 9.262179e-10 / 4.207145e-06
PCG: 15 : 2.209895e-10 / 1.003797e-06
PCG: 16 : 8.899625e-11 / 4.042463e-07
PCG: 17 : 4.106593e-11 / 1.865331e-07
PCG: 18 : 5.051840e-11 / 2.294690e-07
PCG: 19 : 1.643983e-11 / 7.467438e-08
PCG:  0 : 6.740883e-07
PCG:  1 : 4.005701e-06 / 5.942398e+00
PCG:  2 : 7.662405e-07 / 1.136706e+00
PCG:  3 : 1.654617e-07 / 2.454600e-01
PCG:  4 : 4.393789e-08 / 6.518122e-02
PCG:  5 : 1.885404e-08 / 2.796970e-02
PCG:  6 : 8.139091e-09 / 1.207422e-02
PCG:  7 : 3.664755e-09 / 5.436610e-03
PCG:  8 : 1.357728e-09 / 2.014170e-03
PCG:  9 : 2.895603e-10 / 4.295584e-04
PCG: 10 : 2.011718e-10 / 2.984354e-04
PCG: 11 : 1.240391e-10 / 1.840102e-04
PCG: 12 : 1.164040e-10 / 1.726837e-04
PCG: 13 : 3.883689e-11 / 5.761396e-05
PCG: 14 : 8.653972e-12 / 1.283804e-05
PCG: 15 : 2.047935e-12 / 3.038081e-06
PCG: 16 : 3.690487e-13 / 5.474784e-07
PCG: 17 : 6.247287e-14 / 9.267759e-08

PCG ( VCycle ( S: Scale / C: Scale )  )

Complete solver TOE: 17.0385
1.97616 GFlop/s [1.97616 GFlops/s]

Total time: 17.0385s
Accumulated op time: 16.5356

Reductions: 5.7469%
Blas-1: 6.58859%
Blas-2: 84.7129%
Precon Kernels: 0%
MPI Execution: 0%
MPI Wait: 0%
Not covered: 2.95164%

Domain size: 768.871 MByte
LA size: 1932.14 MByte
MPI size: 42.7291 MByte

H0-Error: 1.134790e-07
H1-Error: 1.008605e-03

Writing DATA to output.data...
Run-Time: 0:26.286 [0:26.286]
0x31d198e880 Error: MemoryPool<CPU> still contains memory chunks on deconstructor call
