NUM-PROCS: 1
Preparing domain...
LVL-MIN: 4 [4]
LVL-MAX: 10 [10]
Creating gates...
Assembling system matrices...
Assembling system filters...
Assembling transfer matrices...
Converting assembled linear system from SparseMatrixCSR, Mem:main to SparseMatrixELL, Mem:cudaand to SparseMatrixELL, Mem:cuda...
PCG: 0 : 9.473710e-03
PCG: 1 : 1.921966e-02 / 2.028736e+00
PCG: 0 : 1.924379e-02
PCG: 1 : 2.231689e-02 / 1.159693e+00
PCG: 0 : 2.231683e-02
PCG: 1 : 3.942915e-02 / 1.766790e+00
PCG: 0 : 3.942914e-02
PCG: 1 : 6.170935e-02 / 1.565070e+00
PCG: 0 : 6.170935e-02
PCG: 1 : 8.243687e-02 / 1.335889e+00
PCG: 0 : 8.243687e-02
PCG: 1 : 9.215505e-02 / 1.117886e+00
PCG: 0 : 9.215505e-02
PCG: 1 : 9.976949e-02 / 1.082626e+00
PCG: 0 : 9.976948e-02
PCG: 1 : 9.905102e-02 / 9.927988e-01
PCG: 0 : 9.905102e-02
PCG: 1 : 9.995052e-02 / 1.009081e+00
PCG: 0 : 9.995052e-02
PCG: 1 : 9.510050e-02 / 9.514757e-01
PCG: 0 : 9.510050e-02
PCG: 1 : 9.362589e-02 / 9.844941e-01
PCG: 0 : 9.362588e-02
PCG: 1 : 8.776841e-02 / 9.374375e-01
PCG: 0 : 8.776841e-02
PCG: 1 : 8.565720e-02 / 9.759457e-01
PCG: 0 : 8.565719e-02
PCG: 1 : 7.985973e-02 / 9.323178e-01
PCG: 0 : 7.985972e-02
PCG: 1 : 7.768015e-02 / 9.727075e-01
PCG: 0 : 7.768015e-02
PCG: 1 : 7.226777e-02 / 9.303249e-01
PCG: 0 : 7.226777e-02
PCG: 1 : 7.020268e-02 / 9.714245e-01
PCG: 0 : 7.020268e-02
PCG: 1 : 6.525715e-02 / 9.295535e-01
PCG: 0 : 6.525715e-02
PCG: 1 : 6.336114e-02 / 9.709456e-01
PCG: 0 : 6.336113e-02
PCG: 1 : 5.888112e-02 / 9.292940e-01
PCG: 0 : 5.888112e-02
PCG: 1 : 5.716259e-02 / 9.708136e-01
PCG: 0 : 5.716259e-02
PCG: 1 : 5.311849e-02 / 9.292527e-01
PCG: 0 : 5.311849e-02
PCG: 1 : 5.156893e-02 / 9.708281e-01
PCG: 0 : 5.156892e-02
PCG: 1 : 4.792331e-02 / 9.293060e-01
PCG: 0 : 4.792331e-02
PCG: 1 : 4.652854e-02 / 9.708958e-01
PCG: 0 : 4.652853e-02
PCG: 1 : 4.324325e-02 / 9.293921e-01
PCG: 0 : 4.324325e-02
PCG: 1 : 4.198819e-02 / 9.709767e-01
PCG: 0 : 4.198819e-02
PCG: 1 : 3.902737e-02 / 9.294845e-01
PCG: 0 : 3.902737e-02
PCG: 1 : 3.789761e-02 / 9.710523e-01
PCG: 0 : 3.789761e-02
PCG: 1 : 3.522864e-02 / 9.295743e-01
PCG: 0 : 3.522864e-02
PCG: 1 : 3.421126e-02 / 9.711205e-01
PCG: 0 : 3.421126e-02
PCG: 1 : 3.180441e-02 / 9.296474e-01
PCG: 0 : 3.180441e-02
PCG: 1 : 3.088777e-02 / 9.711788e-01
PCG: 0 : 3.088777e-02
PCG: 1 : 2.871652e-02 / 9.297051e-01
PCG: 0 : 2.871652e-02
PCG: 1 : 2.789035e-02 / 9.712304e-01
PCG: 0 : 2.789035e-02
PCG: 1 : 2.593101e-02 / 9.297484e-01
PCG: 0 : 2.593101e-02
PCG: 1 : 2.518600e-02 / 9.712695e-01
PCG: 0 : 2.518599e-02
PCG: 1 : 2.341764e-02 / 9.297884e-01
PCG: 0 : 2.341764e-02
PCG: 1 : 2.274548e-02 / 9.712965e-01
PCG: 0 : 2.274547e-02
PCG: 1 : 2.114931e-02 / 9.298251e-01
PCG: 0 : 2.114931e-02
PCG: 1 : 2.054274e-02 / 9.713195e-01
PCG: 0 : 2.054274e-02
PCG: 1 : 1.910177e-02 / 9.298549e-01
PCG: 0 : 1.910176e-02
PCG: 1 : 1.855426e-02 / 9.713374e-01
PCG: 0 : 1.855426e-02
PCG: 1 : 1.725332e-02 / 9.298847e-01
PCG: 0 : 1.725332e-02
PCG: 1 : 1.675908e-02 / 9.713544e-01
PCG: 0 : 1.675908e-02
PCG: 1 : 1.558435e-02 / 9.299048e-01
PCG: 0 : 1.558435e-02
PCG: 1 : 1.513814e-02 / 9.713679e-01
PCG: 0 : 1.513814e-02
PCG: 1 : 1.407728e-02 / 9.299212e-01
PCG: 0 : 1.407728e-02
PCG: 1 : 1.367436e-02 / 9.713780e-01
PCG: 0 : 1.367436e-02
PCG: 1 : 1.271621e-02 / 9.299312e-01
PCG: 0 : 1.271621e-02
PCG: 1 : 1.235238e-02 / 9.713885e-01
PCG: 0 : 1.235238e-02
PCG: 1 : 1.148697e-02 / 9.299401e-01
PCG: 0 : 1.148697e-02
PCG: 1 : 1.115841e-02 / 9.713972e-01
PCG: 0 : 1.115841e-02
PCG: 1 : 1.037677e-02 / 9.299507e-01
PCG: 0 : 1.037677e-02
PCG: 1 : 1.008001e-02 / 9.714015e-01
PCG: 0 : 1.008001e-02
PCG: 1 : 9.374013e-03 / 9.299605e-01
PCG: 0 : 9.374012e-03
PCG: 1 : 9.106010e-03 / 9.714101e-01
PCG: 0 : 9.106009e-03
PCG: 1 : 8.468345e-03 / 9.299732e-01
PCG: 0 : 8.468345e-03
PCG: 1 : 8.226265e-03 / 9.714136e-01
PCG: 0 : 8.226264e-03
PCG: 1 : 7.650283e-03 / 9.299826e-01
PCG: 0 : 7.650282e-03
PCG: 1 : 7.431618e-03 / 9.714175e-01
PCG: 0 : 7.431618e-03
PCG: 1 : 6.911319e-03 / 9.299885e-01
PCG: 0 : 6.911319e-03
PCG: 1 : 6.713796e-03 / 9.714205e-01
PCG: 0 : 6.713796e-03
PCG: 1 : 6.243774e-03 / 9.299916e-01
PCG: 0 : 6.243773e-03
PCG: 1 : 6.065341e-03 / 9.714224e-01
PCG: 0 : 6.065341e-03
PCG: 1 : 5.640747e-03 / 9.299968e-01
PCG: 0 : 5.640747e-03
PCG: 1 : 5.479550e-03 / 9.714227e-01
PCG: 0 : 5.479550e-03
PCG: 1 : 5.096014e-03 / 9.300060e-01
PCG: 0 : 5.096014e-03
PCG: 1 : 4.950376e-03 / 9.714212e-01
PCG: 0 : 4.950375e-03
PCG: 1 : 4.603914e-03 / 9.300130e-01
PCG: 0 : 4.603913e-03
PCG: 1 : 4.472362e-03 / 9.714263e-01
PCG: 0 : 4.472362e-03
PCG: 1 : 4.159397e-03 / 9.300224e-01
PCG: 0 : 4.159397e-03
PCG: 1 : 4.040546e-03 / 9.714260e-01
PCG: 0 : 4.040545e-03
PCG: 1 : 3.757823e-03 / 9.300286e-01
PCG: 0 : 3.757823e-03
PCG: 1 : 3.650456e-03 / 9.714284e-01
PCG: 0 : 3.650456e-03
PCG: 1 : 3.395039e-03 / 9.300317e-01
PCG: 0 : 3.395039e-03
PCG: 1 : 3.298033e-03 / 9.714273e-01
PCG: 0 : 3.298033e-03
PCG: 1 : 3.067281e-03 / 9.300333e-01
PCG: 0 : 3.067281e-03
PCG: 1 : 2.979652e-03 / 9.714310e-01
PCG: 0 : 2.979652e-03
PCG: 1 : 2.771177e-03 / 9.300337e-01
PCG: 0 : 2.771176e-03
PCG: 1 : 2.692010e-03 / 9.714321e-01
PCG: 0 : 2.692010e-03
PCG: 1 : 2.503677e-03 / 9.300400e-01
PCG: 0 : 2.503677e-03
PCG: 1 : 2.432148e-03 / 9.714304e-01
PCG: 0 : 2.432148e-03
PCG: 1 : 2.262010e-03 / 9.300465e-01
PCG: 0 : 2.262010e-03
PCG: 1 : 2.197395e-03 / 9.714344e-01
PCG: 0 : 2.197394e-03
PCG: 1 : 2.043691e-03 / 9.300521e-01
PCG: 0 : 2.043691e-03
PCG: 1 : 1.985317e-03 / 9.714367e-01
PCG: 0 : 1.985317e-03
PCG: 1 : 1.846455e-03 / 9.300558e-01
PCG: 0 : 1.846455e-03
PCG: 1 : 1.793717e-03 / 9.714384e-01
PCG: 0 : 1.793717e-03
PCG: 1 : 1.668257e-03 / 9.300557e-01
PCG: 0 : 1.668257e-03
PCG: 1 : 1.620611e-03 / 9.714394e-01
PCG: 0 : 1.620610e-03
PCG: 1 : 1.507258e-03 / 9.300554e-01
PCG: 0 : 1.507257e-03
PCG: 1 : 1.464214e-03 / 9.714423e-01
PCG: 0 : 1.464214e-03
PCG: 1 : 1.361799e-03 / 9.300550e-01
PCG: 0 : 1.361799e-03
PCG: 1 : 1.322913e-03 / 9.714453e-01
PCG: 0 : 1.322913e-03
PCG: 1 : 1.230387e-03 / 9.300588e-01
PCG: 0 : 1.230387e-03
PCG: 1 : 1.195251e-03 / 9.714434e-01
PCG: 0 : 1.195251e-03
PCG: 1 : 1.111662e-03 / 9.300655e-01
PCG: 0 : 1.111662e-03
PCG: 1 : 1.079922e-03 / 9.714480e-01
PCG: 0 : 1.079921e-03
PCG: 1 : 1.004403e-03 / 9.300706e-01
PCG: 0 : 1.004403e-03
PCG: 1 : 9.757240e-04 / 9.714466e-01
PCG: 0 : 9.757240e-04
PCG: 1 : 9.074964e-04 / 9.300750e-01
PCG: 0 : 9.074964e-04
PCG: 1 : 8.815870e-04 / 9.714496e-01
PCG: 0 : 8.815870e-04
PCG: 1 : 8.199381e-04 / 9.300705e-01
PCG: 0 : 8.199381e-04
PCG: 1 : 7.965305e-04 / 9.714520e-01
PCG: 0 : 7.965305e-04
PCG: 1 : 7.408303e-04 / 9.300715e-01
PCG: 0 : 7.408303e-04
PCG: 1 : 7.196811e-04 / 9.714521e-01
PCG: 0 : 7.196810e-04
PCG: 1 : 6.693566e-04 / 9.300739e-01
PCG: 0 : 6.693565e-04
PCG: 1 : 6.502476e-04 / 9.714519e-01
PCG: 0 : 6.502476e-04
PCG: 1 : 6.047818e-04 / 9.300793e-01
PCG: 0 : 6.047818e-04
PCG: 1 : 5.875143e-04 / 9.714482e-01
PCG: 0 : 5.875142e-04
PCG: 1 : 5.464400e-04 / 9.300881e-01
PCG: 0 : 5.464399e-04
PCG: 1 : 5.308390e-04 / 9.714500e-01
PCG: 0 : 5.308390e-04
PCG: 1 : 4.937293e-04 / 9.300923e-01
PCG: 0 : 4.937292e-04
PCG: 1 : 4.796339e-04 / 9.714513e-01
PCG: 0 : 4.796339e-04
PCG: 1 : 4.461042e-04 / 9.300932e-01
PCG: 0 : 4.461042e-04
PCG: 1 : 4.333703e-04 / 9.714553e-01
PCG: 0 : 4.333703e-04
PCG: 1 : 4.030720e-04 / 9.300869e-01
PCG: 0 : 4.030720e-04
PCG: 1 : 3.915676e-04 / 9.714583e-01
PCG: 0 : 3.915676e-04
PCG: 1 : 3.641933e-04 / 9.300906e-01
PCG: 0 : 3.641933e-04
PCG: 1 : 3.537971e-04 / 9.714541e-01
PCG: 0 : 3.537971e-04
PCG: 1 : 3.290649e-04 / 9.300950e-01
PCG: 0 : 3.290649e-04
PCG: 1 : 3.196707e-04 / 9.714519e-01
PCG: 0 : 3.196707e-04
PCG: 1 : 2.973255e-04 / 9.300996e-01
PCG: 0 : 2.973255e-04
PCG: 1 : 2.888370e-04 / 9.714503e-01
PCG: 0 : 2.888370e-04
PCG: 1 : 2.686500e-04 / 9.301094e-01
PCG: 0 : 2.686500e-04
PCG: 1 : 2.609801e-04 / 9.714502e-01
PCG: 0 : 2.609801e-04
PCG: 1 : 2.427411e-04 / 9.301135e-01
PCG: 0 : 2.427411e-04
PCG: 1 : 2.358107e-04 / 9.714496e-01
PCG: 0 : 2.358107e-04
PCG: 1 : 2.193311e-04 / 9.301151e-01
PCG: 0 : 2.193311e-04
PCG: 1 : 2.130696e-04 / 9.714521e-01
PCG: 0 : 2.130696e-04
PCG: 1 : 1.981783e-04 / 9.301106e-01
PCG: 0 : 1.981783e-04
PCG: 1 : 1.925213e-04 / 9.714549e-01
PCG: 0 : 1.925213e-04
PCG: 1 : 1.790660e-04 / 9.301099e-01
PCG: 0 : 1.790660e-04
PCG: 1 : 1.739544e-04 / 9.714542e-01
PCG: 0 : 1.739544e-04
PCG: 1 : 1.617973e-04 / 9.301133e-01
PCG: 0 : 1.617973e-04
PCG: 1 : 1.571784e-04 / 9.714525e-01
PCG: 0 : 1.571784e-04
PCG: 1 : 1.461942e-04 / 9.301162e-01
PCG: 0 : 1.461941e-04
PCG: 1 : 1.420210e-04 / 9.714551e-01
PCG: 0 : 1.420210e-04
PCG: 1 : 1.320971e-04 / 9.301234e-01
PCG: 0 : 1.320971e-04
PCG: 1 : 1.283262e-04 / 9.714536e-01
PCG: 0 : 1.283262e-04
PCG: 1 : 1.193597e-04 / 9.301270e-01
PCG: 0 : 1.193596e-04
PCG: 1 : 1.159525e-04 / 9.714552e-01
PCG: 0 : 1.159525e-04
PCG: 1 : 1.078505e-04 / 9.301264e-01
PCG: 0 : 1.078505e-04
PCG: 1 : 1.047719e-04 / 9.714546e-01
PCG: 0 : 1.047719e-04
PCG: 1 : 9.745116e-05 / 9.301273e-01
PCG: 0 : 9.745116e-05
PCG: 1 : 9.466925e-05 / 9.714532e-01
PCG: 0 : 9.466925e-05
PCG: 1 : 8.805451e-05 / 9.301279e-01
PCG: 0 : 8.805451e-05
PCG: 1 : 8.554073e-05 / 9.714519e-01
PCG: 0 : 8.554073e-05
PCG: 1 : 7.956411e-05 / 9.301313e-01
PCG: 0 : 7.956410e-05
PCG: 1 : 7.729254e-05 / 9.714499e-01
PCG: 0 : 7.729253e-05
PCG: 1 : 7.189246e-05 / 9.301345e-01
PCG: 0 : 7.189246e-05
PCG: 1 : 6.984013e-05 / 9.714528e-01
PCG: 0 : 6.984013e-05
PCG: 1 : 6.496118e-05 / 9.301412e-01
PCG: 0 : 6.496117e-05
PCG: 1 : 6.310666e-05 / 9.714520e-01
PCG: 0 : 6.310665e-05
PCG: 1 : 5.869822e-05 / 9.301432e-01
PCG: 0 : 5.869822e-05
PCG: 1 : 5.702257e-05 / 9.714532e-01
PCG: 0 : 5.702257e-05
PCG: 1 : 5.303912e-05 / 9.301426e-01
PCG: 0 : 5.303912e-05
PCG: 1 : 5.152498e-05 / 9.714524e-01
PCG: 0 : 5.152498e-05
PCG: 1 : 4.792555e-05 / 9.301420e-01
PCG: 0 : 4.792555e-05
PCG: 1 : 4.655735e-05 / 9.714516e-01
PCG: 0 : 4.655734e-05
PCG: 1 : 4.330494e-05 / 9.301420e-01
PCG: 0 : 4.330494e-05
PCG: 1 : 4.206868e-05 / 9.714524e-01
PCG: 0 : 4.206868e-05
PCG: 1 : 3.912997e-05 / 9.301449e-01
PCG: 0 : 3.912997e-05
PCG: 1 : 3.801277e-05 / 9.714491e-01
PCG: 0 : 3.801277e-05
PCG: 1 : 3.535758e-05 / 9.301500e-01
PCG: 0 : 3.535758e-05
PCG: 1 : 3.434816e-05 / 9.714511e-01
PCG: 0 : 3.434816e-05
PCG: 1 : 3.194908e-05 / 9.301543e-01
PCG: 0 : 3.194908e-05
PCG: 1 : 3.103706e-05 / 9.714538e-01
PCG: 0 : 3.103705e-05
PCG: 1 : 2.886920e-05 / 9.301527e-01
PCG: 0 : 2.886920e-05
PCG: 1 : 2.804515e-05 / 9.714558e-01
PCG: 0 : 2.804515e-05
PCG: 1 : 2.608621e-05 / 9.301504e-01
PCG: 0 : 2.608621e-05
PCG: 1 : 2.534166e-05 / 9.714582e-01
PCG: 0 : 2.534166e-05
PCG: 1 : 2.357144e-05 / 9.301459e-01
PCG: 0 : 2.357144e-05
PCG: 1 : 2.289874e-05 / 9.714614e-01
PCG: 0 : 2.289874e-05
PCG: 1 : 2.129912e-05 / 9.301437e-01
PCG: 0 : 2.129911e-05
PCG: 1 : 2.069127e-05 / 9.714617e-01
PCG: 0 : 2.069127e-05
PCG: 1 : 1.924595e-05 / 9.301482e-01
PCG: 0 : 1.924595e-05
PCG: 1 : 1.869663e-05 / 9.714578e-01
PCG: 0 : 1.869663e-05
PCG: 1 : 1.739070e-05 / 9.301518e-01
PCG: 0 : 1.739070e-05
PCG: 1 : 1.689440e-05 / 9.714617e-01
PCG: 0 : 1.689440e-05
PCG: 1 : 1.571446e-05 / 9.301577e-01
PCG: 0 : 1.571446e-05
PCG: 1 : 1.526595e-05 / 9.714591e-01
PCG: 0 : 1.526595e-05
PCG: 1 : 1.419974e-05 / 9.301573e-01
PCG: 0 : 1.419973e-05
PCG: 1 : 1.379453e-05 / 9.714639e-01
PCG: 0 : 1.379453e-05
PCG: 1 : 1.283099e-05 / 9.301509e-01
PCG: 0 : 1.283099e-05
PCG: 1 : 1.246487e-05 / 9.714661e-01
PCG: 0 : 1.246487e-05
PCG: 1 : 1.159421e-05 / 9.301503e-01
PCG: 0 : 1.159421e-05
PCG: 1 : 1.126336e-05 / 9.714643e-01
PCG: 0 : 1.126336e-05
PCG: 1 : 1.047663e-05 / 9.301515e-01
PCG: 0 : 1.047663e-05
PCG: 1 : 1.017767e-05 / 9.714640e-01
PCG: 0 : 1.017767e-05
PCG: 1 : 9.466810e-06 / 9.301552e-01
PCG: 0 : 9.466810e-06
PCG: 1 : 9.196614e-06 / 9.714586e-01
PCG: 0 : 9.196614e-06
PCG: 1 : 8.554359e-06 / 9.301640e-01
PCG: 0 : 8.554359e-06
PCG: 1 : 8.310197e-06 / 9.714576e-01
PCG: 0 : 8.310197e-06
PCG: 1 : 7.729897e-06 / 9.301702e-01
PCG: 0 : 7.729896e-06
PCG: 1 : 7.509250e-06 / 9.714555e-01
PCG: 0 : 7.509249e-06
PCG: 1 : 6.984884e-06 / 9.301707e-01
PCG: 0 : 6.984883e-06
PCG: 1 : 6.785515e-06 / 9.714572e-01
PCG: 0 : 6.785515e-06
PCG: 1 : 6.311654e-06 / 9.301658e-01
PCG: 0 : 6.311654e-06
PCG: 1 : 6.131515e-06 / 9.714594e-01
PCG: 0 : 6.131515e-06
PCG: 1 : 5.703323e-06 / 9.301652e-01
PCG: 0 : 5.703323e-06
PCG: 1 : 5.540524e-06 / 9.714556e-01
PCG: 0 : 5.540524e-06
PCG: 1 : 5.153632e-06 / 9.301705e-01
PCG: 0 : 5.153632e-06
PCG: 1 : 5.006501e-06 / 9.714510e-01
PCG: 0 : 5.006500e-06
PCG: 1 : 4.656922e-06 / 9.301750e-01
PCG: 0 : 4.656922e-06
PCG: 1 : 4.523952e-06 / 9.714469e-01
PCG: 0 : 4.523952e-06
PCG: 1 : 4.208108e-06 / 9.301841e-01
PCG: 0 : 4.208108e-06
PCG: 1 : 4.087952e-06 / 9.714465e-01
PCG: 0 : 4.087952e-06
PCG: 1 : 3.802562e-06 / 9.301876e-01
PCG: 0 : 3.802562e-06
PCG: 1 : 3.693977e-06 / 9.714444e-01
PCG: 0 : 3.693977e-06
PCG: 1 : 3.436097e-06 / 9.301890e-01
PCG: 0 : 3.436097e-06
PCG: 1 : 3.337980e-06 / 9.714454e-01
PCG: 0 : 3.337980e-06
PCG: 1 : 3.104936e-06 / 9.301839e-01
PCG: 0 : 3.104936e-06
PCG: 1 : 3.016283e-06 / 9.714477e-01
PCG: 0 : 3.016283e-06
PCG: 1 : 2.805695e-06 / 9.301830e-01
PCG: 0 : 2.805695e-06
PCG: 1 : 2.725574e-06 / 9.714437e-01
PCG: 0 : 2.725574e-06
PCG: 1 : 2.535295e-06 / 9.301875e-01
PCG: 0 : 2.535295e-06
PCG: 1 : 2.462890e-06 / 9.714410e-01
PCG: 0 : 2.462890e-06
PCG: 1 : 2.290957e-06 / 9.301907e-01
PCG: 0 : 2.290957e-06
PCG: 1 : 2.225525e-06 / 9.714391e-01
PCG: 0 : 2.225525e-06
PCG: 1 : 2.070180e-06 / 9.301986e-01
PCG: 0 : 2.070180e-06
PCG: 1 : 2.011055e-06 / 9.714395e-01
PCG: 0 : 2.011055e-06
PCG: 1 : 1.870679e-06 / 9.301978e-01
PCG: 0 : 1.870679e-06
PCG: 1 : 1.817258e-06 / 9.714431e-01
PCG: 0 : 1.817258e-06
PCG: 1 : 1.690406e-06 / 9.301962e-01
PCG: 0 : 1.690406e-06
PCG: 1 : 1.642133e-06 / 9.714429e-01
PCG: 0 : 1.642133e-06
PCG: 1 : 1.527497e-06 / 9.301910e-01
PCG: 0 : 1.527497e-06
PCG: 1 : 1.483880e-06 / 9.714454e-01
PCG: 0 : 1.483880e-06
PCG: 1 : 1.380291e-06 / 9.301906e-01
PCG: 0 : 1.380291e-06
PCG: 1 : 1.340875e-06 / 9.714438e-01
PCG: 0 : 1.340875e-06
PCG: 1 : 1.247273e-06 / 9.301932e-01
PCG: 0 : 1.247273e-06
PCG: 1 : 1.211652e-06 / 9.714406e-01
PCG: 0 : 1.211652e-06
PCG: 1 : 1.127074e-06 / 9.301964e-01
PCG: 0 : 1.127074e-06
PCG: 1 : 1.094886e-06 / 9.714413e-01
PCG: 0 : 1.094886e-06
PCG: 1 : 1.018466e-06 / 9.302024e-01
PCG: 0 : 1.018466e-06
PCG: 1 : 9.893782e-07 / 9.714399e-01
PCG: 0 : 9.893781e-07
PCG: 1 : 9.203243e-07 / 9.302048e-01
PCG: 0 : 9.203242e-07
PCG: 1 : 8.940397e-07 / 9.714400e-01
PCG: 0 : 8.940396e-07
PCG: 1 : 8.316395e-07 / 9.302043e-01
PCG: 0 : 8.316395e-07
PCG: 1 : 8.078865e-07 / 9.714384e-01
PCG: 0 : 8.078864e-07
PCG: 1 : 7.514969e-07 / 9.302012e-01
PCG: 0 : 7.514969e-07
PCG: 1 : 7.300349e-07 / 9.714409e-01
PCG: 0 : 7.300347e-07
PCG: 1 : 6.790776e-07 / 9.301991e-01
PCG: 0 : 6.790776e-07
PCG: 1 : 6.596831e-07 / 9.714399e-01
PCG: 0 : 6.596831e-07
PCG: 1 : 6.136385e-07 / 9.302019e-01
PCG: 0 : 6.136385e-07
PCG: 1 : 5.961098e-07 / 9.714348e-01
PCG: 0 : 5.961097e-07
PCG: 1 : 5.545068e-07 / 9.302092e-01
PCG: 0 : 5.545068e-07
PCG: 1 : 5.386660e-07 / 9.714327e-01
PCG: 0 : 5.386660e-07
PCG: 1 : 5.010766e-07 / 9.302176e-01
PCG: 0 : 5.010766e-07
PCG: 1 : 4.867600e-07 / 9.714285e-01
PCG: 0 : 4.867600e-07
PCG: 1 : 4.527937e-07 / 9.302195e-01
PCG: 0 : 4.527936e-07
PCG: 1 : 4.398573e-07 / 9.714299e-01
PCG: 0 : 4.398573e-07
PCG: 1 : 4.091626e-07 / 9.302166e-01
PCG: 0 : 4.091626e-07
PCG: 1 : 3.974726e-07 / 9.714295e-01
PCG: 0 : 3.974726e-07
PCG: 1 : 3.697347e-07 / 9.302143e-01
PCG: 0 : 3.697347e-07
PCG: 1 : 3.591715e-07 / 9.714302e-01
PCG: 0 : 3.591714e-07
PCG: 1 : 3.341062e-07 / 9.302137e-01
PCG: 0 : 3.341061e-07
PCG: 1 : 3.245607e-07 / 9.714299e-01
PCG: 0 : 3.245607e-07
PCG: 1 : 3.019112e-07 / 9.302150e-01
PCG: 0 : 3.019112e-07
PCG: 1 : 2.932846e-07 / 9.714265e-01
PCG: 0 : 2.932845e-07
PCG: 1 : 2.728193e-07 / 9.302205e-01
PCG: 0 : 2.728193e-07
PCG: 1 : 2.650243e-07 / 9.714282e-01
PCG: 0 : 2.650243e-07
PCG: 1 : 2.465320e-07 / 9.302240e-01
PCG: 0 : 2.465320e-07
PCG: 1 : 2.394881e-07 / 9.714281e-01
PCG: 0 : 2.394880e-07
PCG: 1 : 2.227773e-07 / 9.302233e-01
PCG: 0 : 2.227773e-07
PCG: 1 : 2.164126e-07 / 9.714301e-01
PCG: 0 : 2.164126e-07
PCG: 1 : 2.013114e-07 / 9.302204e-01
PCG: 0 : 2.013114e-07
PCG: 1 : 1.955597e-07 / 9.714286e-01
PCG: 0 : 1.955596e-07
PCG: 1 : 1.819134e-07 / 9.302198e-01
PCG: 0 : 1.819134e-07
PCG: 1 : 1.767156e-07 / 9.714270e-01
PCG: 0 : 1.767156e-07
PCG: 1 : 1.643845e-07 / 9.302205e-01
PCG: 0 : 1.643845e-07
PCG: 1 : 1.596871e-07 / 9.714243e-01
PCG: 0 : 1.596871e-07
PCG: 1 : 1.485451e-07 / 9.302263e-01
PCG: 0 : 1.485451e-07
PCG: 1 : 1.442993e-07 / 9.714178e-01
PCG: 0 : 1.442993e-07
PCG: 1 : 1.342320e-07 / 9.302328e-01
PCG: 0 : 1.342320e-07
PCG: 1 : 1.303956e-07 / 9.714196e-01
PCG: 0 : 1.303955e-07
PCG: 1 : 1.212987e-07 / 9.302367e-01
PCG: 0 : 1.212987e-07
PCG: 1 : 1.178317e-07 / 9.714178e-01
PCG: 0 : 1.178317e-07
PCG: 1 : 1.096114e-07 / 9.302366e-01
PCG: 0 : 1.096114e-07
PCG: 1 : 1.064787e-07 / 9.714202e-01
PCG: 0 : 1.064787e-07
PCG: 1 : 9.904979e-08 / 9.302310e-01
PCG: 0 : 9.904979e-08
PCG: 1 : 9.621895e-08 / 9.714200e-01
PCG: 0 : 9.621893e-08
PCG: 1 : 8.950595e-08 / 9.302322e-01
PCG: 0 : 8.950595e-08
PCG: 1 : 8.694762e-08 / 9.714172e-01
PCG: 0 : 8.694762e-08
PCG: 1 : 8.088159e-08 / 9.302336e-01
PCG: 0 : 8.088158e-08
PCG: 1 : 7.856947e-08 / 9.714136e-01
PCG: 0 : 7.856946e-08
PCG: 1 : 7.308830e-08 / 9.302380e-01
PCG: 0 : 7.308830e-08
PCG: 1 : 7.099875e-08 / 9.714106e-01
PCG: 0 : 7.099875e-08
PCG: 1 : 6.604618e-08 / 9.302443e-01
PCG: 0 : 6.604618e-08
PCG: 1 : 6.415796e-08 / 9.714106e-01
PCG: 0 : 6.415796e-08
PCG: 1 : 5.968279e-08 / 9.302477e-01
PCG: 0 : 5.968278e-08
PCG: 1 : 5.797653e-08 / 9.714113e-01
PCG: 0 : 5.797652e-08
PCG: 1 : 5.393241e-08 / 9.302457e-01
PCG: 0 : 5.393241e-08
PCG: 1 : 5.239054e-08 / 9.714110e-01
PCG: 0 : 5.239053e-08
PCG: 1 : 4.873592e-08 / 9.302429e-01
PCG: 0 : 4.873592e-08
PCG: 1 : 4.734262e-08 / 9.714113e-01
PCG: 0 : 4.734262e-08
PCG: 1 : 4.404015e-08 / 9.302431e-01
PCG: 0 : 4.404015e-08
PCG: 1 : 4.278092e-08 / 9.714073e-01
PCG: 0 : 4.278091e-08
PCG: 1 : 3.979677e-08 / 9.302458e-01
PCG: 0 : 3.979676e-08
PCG: 1 : 3.865877e-08 / 9.714047e-01
PCG: 0 : 3.865877e-08
PCG: 1 : 3.596215e-08 / 9.302456e-01
PCG: 0 : 3.596214e-08
PCG: 1 : 3.493370e-08 / 9.714022e-01
PCG: 0 : 3.493370e-08
PCG: 1 : 3.249727e-08 / 9.302555e-01
PCG: 0 : 3.249727e-08
PCG: 1 : 3.156789e-08 / 9.714015e-01
PCG: 0 : 3.156789e-08
PCG: 1 : 2.936629e-08 / 9.302580e-01
PCG: 0 : 2.936629e-08
PCG: 1 : 2.852647e-08 / 9.714019e-01
PCG: 0 : 2.852646e-08
PCG: 1 : 2.653698e-08 / 9.302583e-01
PCG: 0 : 2.653698e-08
PCG: 1 : 2.577805e-08 / 9.714010e-01
PCG: 0 : 2.577805e-08
PCG: 1 : 2.398016e-08 / 9.302552e-01
PCG: 0 : 2.398016e-08
PCG: 1 : 2.329439e-08 / 9.714026e-01
PCG: 0 : 2.329439e-08
PCG: 1 : 2.166970e-08 / 9.302540e-01
PCG: 0 : 2.166970e-08
PCG: 1 : 2.104992e-08 / 9.713989e-01
PCG: 0 : 2.104992e-08
PCG: 1 : 1.958184e-08 / 9.302570e-01
PCG: 0 : 1.958183e-08
PCG: 1 : 1.902170e-08 / 9.713951e-01
PCG: 0 : 1.902170e-08
PCG: 1 : 1.769517e-08 / 9.302624e-01
PCG: 0 : 1.769517e-08
PCG: 1 : 1.718898e-08 / 9.713944e-01
PCG: 0 : 1.718898e-08
PCG: 1 : 1.599039e-08 / 9.302695e-01
PCG: 0 : 1.599039e-08
PCG: 1 : 1.553290e-08 / 9.713902e-01
PCG: 0 : 1.553290e-08
PCG: 1 : 1.444980e-08 / 9.302707e-01
PCG: 0 : 1.444980e-08
PCG: 1 : 1.403638e-08 / 9.713892e-01
PCG: 0 : 1.403638e-08
PCG: 1 : 1.305770e-08 / 9.302754e-01
PCG: 0 : 1.305770e-08
PCG: 1 : 1.268399e-08 / 9.713801e-01
PCG: 0 : 1.268399e-08
PCG: 1 : 1.179966e-08 / 9.302801e-01
PCG: 0 : 1.179966e-08
PCG: 1 : 1.146188e-08 / 9.713732e-01
PCG: 0 : 1.146188e-08
PCG: 1 : 1.066279e-08 / 9.302831e-01
PCG: 0 : 1.066279e-08
PCG: 1 : 1.035745e-08 / 9.713643e-01
PCG: 0 : 1.035745e-08
PCG: 1 : 9.635506e-09 / 9.302970e-01
PCG: 0 : 9.635506e-09
PCG: 1 : 9.359455e-09 / 9.713506e-01

PCG ( VCycle ( S: Scale / C: Scale )  )

Complete solver TOE: 2.27987
28.7247 GFlop/s [28.7247 GFlops/s]

Total time: 2.27987s
Accumulated op time: 1.90166

Reductions: 81.6607%
Blas-1: 0.823467%
Blas-2: 0.926542%
Precon Kernels: 0%
MPI Execution: 0%
MPI Wait: 0%
Not covered: 16.5893%

Domain size: 192.423 MByte
LA size: 483.361 MByte
MPI size: 10.6972 MByte

H0-Error: 4.369033e-07
H1-Error: 2.017209e-03

Writing DATA to output.data...
Run-Time: 0:05.002 [0:05.002]
0x31d198e880 Error: MemoryPool<CUDA> still contains memory chunks on deconstructor call
