NUM-PROCS: 1
Preparing domain...
LVL-MIN: 5 [5]
LVL-MAX: 9 [9]
Creating gates...
Assembling system matrices...
Assembling system filters...
Assembling transfer matrices...
Converting assembled linear system from SparseMatrixCSR, Mem:main to SparseMatrixCSR, Mem:mainand to SparseMatrixCSR, Mem:main...
PCG:  0 : 1.894412e-02
PCG:  1 : 7.935902e-02 / 4.189110e+00
PCG:  2 : 8.003376e-02 / 4.224727e+00
PCG:  3 : 1.997077e-01 / 1.054193e+01
PCG:  4 : 2.650079e-01 / 1.398893e+01
PCG:  5 : 1.697526e-01 / 8.960698e+00
PCG:  6 : 1.549417e-01 / 8.178878e+00
PCG:  7 : 1.151660e-01 / 6.079247e+00
PCG:  8 : 9.996875e-02 / 5.277032e+00
PCG:  9 : 8.459570e-02 / 4.465538e+00
PCG: 10 : 3.799222e-02 / 2.005489e+00
PCG: 11 : 2.065104e-02 / 1.090103e+00
PCG: 12 : 1.273373e-02 / 6.721733e-01
PCG: 13 : 8.356670e-03 / 4.411220e-01
PCG: 14 : 3.203706e-03 / 1.691134e-01
PCG: 15 : 1.071197e-03 / 5.654510e-02
PCG: 16 : 1.683536e-03 / 8.886849e-02
PCG:  0 : 1.545080e-03
PCG:  1 : 8.411873e-04 / 5.444296e-01
PCG:  2 : 8.082626e-04 / 5.231202e-01
PCG:  3 : 6.876098e-04 / 4.450318e-01
PCG:  4 : 1.878389e-04 / 1.215723e-01
PCG:  5 : 1.260405e-04 / 8.157536e-02
PCG:  6 : 8.088560e-05 / 5.235042e-02
PCG:  7 : 4.367036e-05 / 2.826414e-02
PCG:  8 : 2.681064e-05 / 1.735227e-02
PCG:  9 : 2.981935e-05 / 1.929955e-02
PCG: 10 : 2.296615e-05 / 1.486405e-02
PCG: 11 : 2.130649e-05 / 1.378989e-02
PCG: 12 : 2.097946e-05 / 1.357824e-02
PCG: 13 : 1.645404e-05 / 1.064931e-02
PCG: 14 : 2.426268e-05 / 1.570319e-02
PCG: 15 : 2.168010e-05 / 1.403170e-02
PCG: 16 : 1.978953e-05 / 1.280809e-02
PCG:  0 : 1.978952e-05
PCG:  1 : 1.106779e-05 / 5.592751e-01
PCG:  2 : 1.811307e-05 / 9.152861e-01
PCG:  3 : 7.660654e-06 / 3.871066e-01
PCG:  4 : 5.985272e-06 / 3.024465e-01
PCG:  5 : 7.990518e-06 / 4.037752e-01
PCG:  6 : 5.774110e-06 / 2.917761e-01
PCG:  7 : 4.522422e-06 / 2.285261e-01
PCG:  8 : 4.844459e-06 / 2.447992e-01
PCG:  9 : 5.322355e-06 / 2.689481e-01
PCG: 10 : 6.137263e-06 / 3.101269e-01
PCG: 11 : 6.387244e-06 / 3.227589e-01
PCG: 12 : 3.458217e-06 / 1.747499e-01
PCG: 13 : 2.450208e-06 / 1.238134e-01
PCG: 14 : 1.319316e-06 / 6.666741e-02
PCG: 15 : 1.102474e-06 / 5.571000e-02
PCG: 16 : 6.917874e-07 / 3.495725e-02
PCG:  0 : 6.917883e-07
PCG:  1 : 4.878395e-07 / 7.051861e-01
PCG:  2 : 3.604948e-07 / 5.211056e-01
PCG:  3 : 2.212780e-07 / 3.198637e-01
PCG:  4 : 1.228843e-07 / 1.776327e-01
PCG:  5 : 1.020960e-07 / 1.475827e-01
PCG:  6 : 7.188141e-08 / 1.039067e-01
PCG:  7 : 5.962455e-08 / 8.618900e-02
PCG:  8 : 3.406268e-08 / 4.923858e-02
PCG:  9 : 3.071681e-08 / 4.440203e-02
PCG: 10 : 4.151648e-08 / 6.001328e-02
PCG: 11 : 3.241485e-08 / 4.685660e-02
PCG: 12 : 2.312105e-08 / 3.342215e-02
PCG: 13 : 1.840391e-08 / 2.660339e-02
PCG: 14 : 1.930295e-08 / 2.790298e-02
PCG: 15 : 1.149006e-08 / 1.660922e-02
PCG: 16 : 1.024413e-08 / 1.480819e-02
PCG:  0 : 1.024415e-08
PCG:  1 : 8.404533e-09 / 8.204227e-01
PCG:  2 : 1.077237e-08 / 1.051563e+00
PCG:  3 : 6.823157e-09 / 6.660540e-01
PCG:  4 : 7.799734e-09 / 7.613842e-01
PCG:  5 : 7.982768e-09 / 7.792515e-01
PCG:  6 : 9.133636e-09 / 8.915954e-01
PCG:  7 : 4.740586e-09 / 4.627603e-01
PCG:  8 : 5.371104e-09 / 5.243094e-01
PCG:  9 : 5.776057e-09 / 5.638396e-01
PCG: 10 : 5.139184e-09 / 5.016701e-01
PCG: 11 : 4.835944e-09 / 4.720689e-01
PCG: 12 : 2.575271e-09 / 2.513894e-01
PCG: 13 : 2.192820e-09 / 2.140558e-01
PCG: 14 : 1.268571e-09 / 1.238337e-01
PCG: 15 : 1.160333e-09 / 1.132679e-01
PCG: 16 : 1.067710e-09 / 1.042263e-01
PCG:  0 : 1.067713e-09
PCG:  1 : 8.105279e-10 / 7.591254e-01
PCG:  2 : 5.520819e-10 / 5.170697e-01
PCG:  3 : 5.383965e-10 / 5.042523e-01
PCG:  4 : 4.218597e-10 / 3.951060e-01
PCG:  5 : 4.102825e-10 / 3.842630e-01
PCG:  6 : 3.637076e-10 / 3.406418e-01
PCG:  7 : 2.422744e-10 / 2.269097e-01
PCG:  8 : 2.047119e-10 / 1.917294e-01
PCG:  9 : 1.475512e-10 / 1.381937e-01
PCG: 10 : 1.884759e-10 / 1.765230e-01
PCG: 11 : 9.703289e-11 / 9.087921e-02
PCG: 12 : 8.973225e-11 / 8.404157e-02
PCG: 13 : 6.236061e-11 / 5.840579e-02
PCG: 14 : 6.358528e-11 / 5.955280e-02
PCG: 15 : 5.497651e-11 / 5.148998e-02
PCG: 16 : 5.411753e-11 / 5.068548e-02

PCG ( VCycle ( S: Scale / C: Scale )  )

Complete solver TOE: 1.4069
2.56864 GFlop/s [2.56864 GFlops/s]

Total time: 1.4069s
Accumulated op time: 1.35539

Reductions: 7.26463%
Blas-1: 5.64028%
Blas-2: 83.434%
Precon Kernels: 0%
MPI Execution: 0%
MPI Wait: 0%
Not covered: 3.6611%

Domain size: 48.1654 MByte
LA size: 120.741 MByte
MPI size: 2.67931 MByte

H0-Error: 1.716392e-06
H1-Error: 4.034414e-03

Writing DATA to output.data...
Run-Time: 0:01.965 [0:01.965]
0x31d198e880 Error: MemoryPool<CPU> still contains memory chunks on deconstructor call
