NUM-PROCS: 1
Preparing domain...
LVL-MIN: 4 [4]
LVL-MAX: 9 [9]
Creating gates...
Assembling system matrices...
Assembling system filters...
Assembling transfer matrices...
Converting assembled linear system from SparseMatrixCSR, Mem:main to SparseMatrixCSR, Mem:mainand to SparseMatrixCSR, Mem:main...
PCG:  0 : 1.894412e-02
PCG:  1 : 3.774227e-02 / 1.992294e+00
PCG:  2 : 4.952538e-02 / 2.614287e+00
PCG:  3 : 1.147043e-01 / 6.054875e+00
PCG:  4 : 1.196453e-01 / 6.315695e+00
PCG:  5 : 5.466951e-02 / 2.885829e+00
PCG:  6 : 2.264845e-02 / 1.195540e+00
PCG:  7 : 4.091199e-03 / 2.159614e-01
PCG:  8 : 1.388400e-03 / 7.328922e-02
PCG:  9 : 1.175699e-03 / 6.206141e-02
PCG: 10 : 3.276351e-04 / 1.729481e-02
PCG: 11 : 3.853679e-05 / 2.034234e-03
PCG: 12 : 2.613092e-05 / 1.379368e-03
PCG: 13 : 1.371453e-05 / 7.239463e-04
PCG: 14 : 3.021707e-05 / 1.595063e-03
PCG: 15 : 1.792592e-05 / 9.462524e-04
PCG: 16 : 3.126558e-06 / 1.650410e-04
PCG: 17 : 1.278109e-06 / 6.746731e-05
PCG: 18 : 8.170470e-07 / 4.312931e-05
PCG:  0 : 5.487968e-04
PCG:  1 : 5.754217e-05 / 1.048515e-01
PCG:  2 : 9.631818e-05 / 1.755079e-01
PCG:  3 : 4.142824e-05 / 7.548921e-02
PCG:  4 : 6.077932e-05 / 1.107501e-01
PCG:  5 : 4.050635e-05 / 7.380939e-02
PCG:  6 : 3.219764e-05 / 5.866951e-02
PCG:  7 : 1.986065e-05 / 3.618944e-02
PCG:  8 : 9.472896e-06 / 1.726121e-02
PCG:  9 : 1.731006e-06 / 3.154184e-03
PCG: 10 : 6.503118e-07 / 1.184977e-03
PCG: 11 : 4.739681e-07 / 8.636495e-04
PCG: 12 : 3.280054e-07 / 5.976809e-04
PCG: 13 : 3.411300e-07 / 6.215962e-04
PCG: 14 : 8.985833e-08 / 1.637370e-04
PCG: 15 : 7.160943e-08 / 1.304844e-04
PCG: 16 : 3.197378e-08 / 5.826159e-05
PCG: 17 : 6.715237e-09 / 1.223629e-05
PCG: 18 : 7.926571e-09 / 1.444355e-05
PCG:  0 : 1.531943e-08
PCG:  1 : 2.018842e-08 / 1.317831e+00
PCG:  2 : 2.566783e-08 / 1.675508e+00
PCG:  3 : 1.032725e-08 / 6.741272e-01
PCG:  4 : 7.631665e-09 / 4.981690e-01
PCG:  5 : 4.657064e-09 / 3.039972e-01
PCG:  6 : 1.940486e-09 / 1.266682e-01
PCG:  7 : 1.443240e-09 / 9.420978e-02
PCG:  8 : 8.352804e-10 / 5.452424e-02
PCG:  9 : 3.096549e-10 / 2.021321e-02
PCG: 10 : 2.285872e-10 / 1.492139e-02
PCG: 11 : 1.084567e-10 / 7.079682e-03
PCG: 12 : 5.053328e-11 / 3.298639e-03
PCG: 13 : 2.326308e-11 / 1.518534e-03
PCG: 14 : 1.265729e-11 / 8.262248e-04
PCG: 15 : 1.117622e-11 / 7.295457e-04
PCG: 16 : 8.986295e-12 / 5.865946e-04
PCG: 17 : 5.103775e-12 / 3.331570e-04
PCG: 18 : 2.525603e-12 / 1.648627e-04
PCG:  0 : 3.236970e-12
PCG:  1 : 5.075470e-12 / 1.567969e+00
PCG:  2 : 4.371968e-12 / 1.350636e+00
PCG:  3 : 4.091039e-12 / 1.263848e+00
PCG:  4 : 2.555239e-12 / 7.893921e-01
PCG:  5 : 1.374075e-12 / 4.244943e-01
PCG:  6 : 7.512862e-13 / 2.320955e-01
PCG:  7 : 3.875147e-13 / 1.197153e-01
PCG:  8 : 2.388076e-13 / 7.377505e-02
PCG:  9 : 1.247846e-13 / 3.854982e-02
PCG: 10 : 6.288291e-14 / 1.942647e-02
PCG: 11 : 2.754982e-14 / 8.510989e-03
PCG: 12 : 2.358138e-14 / 7.285016e-03
PCG: 13 : 1.523378e-14 / 4.706185e-03
PCG: 14 : 1.146569e-14 / 3.542107e-03
PCG: 15 : 5.540766e-15 / 1.711714e-03
PCG: 16 : 3.482716e-15 / 1.075918e-03
PCG: 17 : 1.970867e-15 / 6.088615e-04
PCG: 18 : 1.559153e-15 / 4.816704e-04

PCG ( VCycle ( S: Scale / C: Scale )  )

Complete solver TOE: 1.05655
2.56502 GFlop/s [2.56502 GFlops/s]

Total time: 1.05655s
Accumulated op time: 1.01771

Reductions: 7.21905%
Blas-1: 5.64979%
Blas-2: 83.4546%
Precon Kernels: 0%
MPI Execution: 0%
MPI Wait: 0%
Not covered: 3.67658%

Domain size: 48.2041 MByte
LA size: 120.996 MByte
MPI size: 2.68153 MByte

H0-Error: 1.716361e-06
H1-Error: 4.034414e-03

Writing DATA to output.data...
Run-Time: 0:01.620 [0:01.620]
0x31d198e880 Error: MemoryPool<CPU> still contains memory chunks on deconstructor call
