NUM-PROCS: 1
Preparing domain...
LVL-MIN: 3 [3]
LVL-MAX: 5 [5]
Creating gates...
Assembling system matrices...
Assembling system filters...
Assembling transfer matrices...
Converting assembled linear system from SparseMatrixCSR, Mem:main to SparseMatrixCSR, Mem:mainand to SparseMatrixCSR, Mem:main...
PCG: 0 : 3.015408e-01
PCG: 1 : 2.796062e-01 / 9.272584e-01
PCG: 0 : 3.002584e-01
PCG: 1 : 1.691520e-01 / 5.633548e-01
PCG: 0 : 1.691520e-01
PCG: 1 : 1.293251e-01 / 7.645495e-01
PCG: 0 : 1.293251e-01
PCG: 1 : 1.296999e-01 / 1.002898e+00
PCG: 0 : 1.296999e-01
PCG: 1 : 9.120490e-02 / 7.031993e-01
PCG: 0 : 9.120488e-02
PCG: 1 : 8.773495e-02 / 9.619546e-01
PCG: 0 : 8.773495e-02
PCG: 1 : 6.095449e-02 / 6.947572e-01
PCG: 0 : 6.095449e-02
PCG: 1 : 5.834068e-02 / 9.571187e-01
PCG: 0 : 5.834067e-02
PCG: 1 : 4.048528e-02 / 6.939460e-01
PCG: 0 : 4.048527e-02
PCG: 1 : 3.868709e-02 / 9.555843e-01
PCG: 0 : 3.868709e-02
PCG: 1 : 2.686340e-02 / 6.943765e-01
PCG: 0 : 2.686340e-02
PCG: 1 : 2.565003e-02 / 9.548317e-01
PCG: 0 : 2.565003e-02
PCG: 1 : 1.783220e-02 / 6.952119e-01
PCG: 0 : 1.783220e-02
PCG: 1 : 1.701921e-02 / 9.544089e-01
PCG: 0 : 1.701921e-02
PCG: 1 : 1.184918e-02 / 6.962236e-01
PCG: 0 : 1.184918e-02
PCG: 1 : 1.130635e-02 / 9.541882e-01
PCG: 0 : 1.130635e-02
PCG: 1 : 7.884162e-03 / 6.973218e-01
PCG: 0 : 7.884161e-03
PCG: 1 : 7.522353e-03 / 9.541095e-01
PCG: 0 : 7.522353e-03
PCG: 1 : 5.254025e-03 / 6.984550e-01
PCG: 0 : 5.254025e-03
PCG: 1 : 5.013074e-03 / 9.541396e-01
PCG: 0 : 5.013074e-03
PCG: 1 : 3.507062e-03 / 6.995831e-01
PCG: 0 : 3.507061e-03
PCG: 1 : 3.346601e-03 / 9.542465e-01
PCG: 0 : 3.346601e-03
PCG: 1 : 2.344895e-03 / 7.006796e-01
PCG: 0 : 2.344894e-03
PCG: 1 : 2.237977e-03 / 9.544039e-01
PCG: 0 : 2.237976e-03
PCG: 1 : 1.570434e-03 / 7.017205e-01
PCG: 0 : 1.570434e-03
PCG: 1 : 1.499127e-03 / 9.545940e-01
PCG: 0 : 1.499127e-03
PCG: 1 : 1.053420e-03 / 7.026894e-01
PCG: 0 : 1.053420e-03
PCG: 1 : 1.005806e-03 / 9.548000e-01
PCG: 0 : 1.005806e-03
PCG: 1 : 7.076613e-04 / 7.035766e-01
PCG: 0 : 7.076613e-04
PCG: 1 : 6.758209e-04 / 9.550062e-01
PCG: 0 : 6.758209e-04
PCG: 1 : 4.760340e-04 / 7.043789e-01
PCG: 0 : 4.760340e-04
PCG: 1 : 4.547104e-04 / 9.552058e-01
PCG: 0 : 4.547104e-04
PCG: 1 : 3.206131e-04 / 7.050930e-01
PCG: 0 : 3.206131e-04
PCG: 1 : 3.063129e-04 / 9.553972e-01
PCG: 0 : 3.063128e-04
PCG: 1 : 2.161726e-04 / 7.057250e-01
PCG: 0 : 2.161726e-04
PCG: 1 : 2.065679e-04 / 9.555694e-01
PCG: 0 : 2.065679e-04
PCG: 1 : 1.458948e-04 / 7.062802e-01
PCG: 0 : 1.458948e-04
PCG: 1 : 1.394354e-04 / 9.557257e-01
PCG: 0 : 1.394354e-04
PCG: 1 : 9.854804e-05 / 7.067646e-01
PCG: 0 : 9.854804e-05
PCG: 1 : 9.419843e-05 / 9.558631e-01
PCG: 0 : 9.419842e-05
PCG: 1 : 6.661598e-05 / 7.071879e-01
PCG: 0 : 6.661598e-05
PCG: 1 : 6.368367e-05 / 9.559820e-01
PCG: 0 : 6.368367e-05
PCG: 1 : 4.505967e-05 / 7.075546e-01
PCG: 0 : 4.505967e-05
PCG: 1 : 4.308093e-05 / 9.560863e-01
PCG: 0 : 4.308093e-05
PCG: 1 : 3.049581e-05 / 7.078726e-01
PCG: 0 : 3.049581e-05
PCG: 1 : 2.915940e-05 / 9.561772e-01
PCG: 0 : 2.915940e-05
PCG: 1 : 2.064915e-05 / 7.081476e-01
PCG: 0 : 2.064915e-05
PCG: 1 : 1.974585e-05 / 9.562547e-01
PCG: 0 : 1.974585e-05
PCG: 1 : 1.398772e-05 / 7.083881e-01
PCG: 0 : 1.398772e-05
PCG: 1 : 1.337672e-05 / 9.563184e-01
PCG: 0 : 1.337672e-05
PCG: 1 : 9.478704e-06 / 7.085972e-01
PCG: 0 : 9.478704e-06
PCG: 1 : 9.065185e-06 / 9.563739e-01
PCG: 0 : 9.065184e-06
PCG: 1 : 6.425225e-06 / 7.087805e-01
PCG: 0 : 6.425225e-06
PCG: 1 : 6.145201e-06 / 9.564180e-01
PCG: 0 : 6.145200e-06
PCG: 1 : 4.356580e-06 / 7.089403e-01
PCG: 0 : 4.356580e-06
PCG: 1 : 4.166889e-06 / 9.564586e-01
PCG: 0 : 4.166889e-06
PCG: 1 : 2.954655e-06 / 7.090794e-01
PCG: 0 : 2.954655e-06
PCG: 1 : 2.826102e-06 / 9.564915e-01
PCG: 0 : 2.826102e-06
PCG: 1 : 2.004276e-06 / 7.092014e-01
PCG: 0 : 2.004276e-06
PCG: 1 : 1.917133e-06 / 9.565218e-01
PCG: 0 : 1.917133e-06
PCG: 1 : 1.359839e-06 / 7.093084e-01
PCG: 0 : 1.359839e-06
PCG: 1 : 1.300747e-06 / 9.565454e-01
PCG: 0 : 1.300747e-06
PCG: 1 : 9.227556e-07 / 7.094041e-01
PCG: 0 : 9.227556e-07
PCG: 1 : 8.826760e-07 / 9.565654e-01
PCG: 0 : 8.826759e-07
PCG: 1 : 6.262471e-07 / 7.094870e-01
PCG: 0 : 6.262471e-07
PCG: 1 : 5.990585e-07 / 9.565848e-01
PCG: 0 : 5.990584e-07
PCG: 1 : 4.250684e-07 / 7.095608e-01
PCG: 0 : 4.250684e-07
PCG: 1 : 4.066205e-07 / 9.566004e-01
PCG: 0 : 4.066205e-07
PCG: 1 : 2.885486e-07 / 7.096264e-01
PCG: 0 : 2.885486e-07
PCG: 1 : 2.760296e-07 / 9.566138e-01
PCG: 0 : 2.760296e-07
PCG: 1 : 1.958941e-07 / 7.096852e-01
PCG: 0 : 1.958941e-07
PCG: 1 : 1.873970e-07 / 9.566239e-01
PCG: 0 : 1.873969e-07
PCG: 1 : 1.330027e-07 / 7.097378e-01
PCG: 0 : 1.330027e-07
PCG: 1 : 1.272348e-07 / 9.566330e-01
PCG: 0 : 1.272348e-07
PCG: 1 : 9.030943e-08 / 7.097858e-01
PCG: 0 : 9.030942e-08
PCG: 1 : 8.639346e-08 / 9.566385e-01
PCG: 0 : 8.639348e-08
PCG: 1 : 6.132471e-08 / 7.098303e-01
PCG: 0 : 6.132471e-08
PCG: 1 : 5.866575e-08 / 9.566413e-01
PCG: 0 : 5.866575e-08
PCG: 1 : 4.164509e-08 / 7.098706e-01
PCG: 0 : 4.164509e-08
PCG: 1 : 3.983950e-08 / 9.566433e-01
PCG: 0 : 3.983950e-08
PCG: 1 : 2.828228e-08 / 7.099056e-01
PCG: 0 : 2.828228e-08
PCG: 1 : 2.705624e-08 / 9.566500e-01
PCG: 0 : 2.705624e-08
PCG: 1 : 1.920818e-08 / 7.099354e-01
PCG: 0 : 1.920818e-08
PCG: 1 : 1.837557e-08 / 9.566532e-01
PCG: 0 : 1.837557e-08
PCG: 1 : 1.304597e-08 / 7.099626e-01
PCG: 0 : 1.304597e-08
PCG: 1 : 1.248053e-08 / 9.566584e-01
PCG: 0 : 1.248053e-08
PCG: 1 : 8.861014e-09 / 7.099869e-01
PCG: 0 : 8.861013e-09
PCG: 1 : 8.476983e-09 / 9.566606e-01
PCG: 0 : 8.476982e-09
PCG: 1 : 6.018751e-09 / 7.100111e-01
PCG: 0 : 6.018750e-09
PCG: 1 : 5.757893e-09 / 9.566593e-01
PCG: 0 : 5.757893e-09
PCG: 1 : 4.088297e-09 / 7.100335e-01
PCG: 0 : 4.088296e-09
PCG: 1 : 3.911106e-09 / 9.566591e-01
PCG: 0 : 3.911106e-09
PCG: 1 : 2.777092e-09 / 7.100527e-01
PCG: 0 : 2.777091e-09
PCG: 1 : 2.656735e-09 / 9.566608e-01

PCG ( VCycle ( S: Scale / C: Scale )  )

Complete solver TOE: 0.025801
0.702045 GFlop/s [0.702045 GFlops/s]

Total time: 0.025801s
Accumulated op time: 0.019

Reductions: 2.08907%
Blas-1: 4.97268%
Blas-2: 66.5788%
Precon Kernels: 0%
MPI Execution: 0%
MPI Wait: 0%
Not covered: 26.3594%

Domain size: 0.110413 MByte
LA size: 0.359131 MByte
MPI size: 0.0111542 MByte

H0-Error: 4.391250e-04
H1-Error: 6.452751e-02

Writing DATA to output.data...
Run-Time: 0:00.052 [0:00.052]
0xb332a9f8 Error: MemoryPool<CPU> still contains memory chunks on deconstructor call
