NUM-PROCS: 1
Preparing domain...
LVL-MIN: 4 [4]
LVL-MAX: 11 [11]
Creating gates...
Assembling system matrices...
Assembling system filters...
Assembling transfer matrices...
Converting assembled linear system from SparseMatrixCSR, Mem:main to SparseMatrixELL, Mem:cudaand to SparseMatrixELL, Mem:cuda...
PCG: 0 : 4.737108e-03
PCG: 1 : 9.747381e-03 / 2.057665e+00
PCG: 2 : 1.470385e-02 / 3.103972e+00
PCG: 3 : 3.771738e-02 / 7.962111e+00
PCG: 0 : 3.771577e-02
PCG: 1 : 4.062862e-02 / 1.077232e+00
PCG: 2 : 4.189327e-02 / 1.110762e+00
PCG: 3 : 4.784770e-02 / 1.268639e+00
PCG: 0 : 4.784770e-02
PCG: 1 : 2.633733e-02 / 5.504409e-01
PCG: 2 : 1.590846e-02 / 3.324812e-01
PCG: 3 : 9.384328e-03 / 1.961291e-01
PCG: 0 : 9.384325e-03
PCG: 1 : 1.080331e-02 / 1.151208e+00
PCG: 2 : 1.175546e-02 / 1.252670e+00
PCG: 3 : 1.570152e-02 / 1.673164e+00
PCG: 0 : 1.570151e-02
PCG: 1 : 9.373213e-03 / 5.969624e-01
PCG: 2 : 6.122958e-03 / 3.899597e-01
PCG: 3 : 4.468868e-03 / 2.846138e-01
PCG: 0 : 4.468868e-03
PCG: 1 : 5.218640e-03 / 1.167777e+00
PCG: 2 : 5.269667e-03 / 1.179195e+00
PCG: 3 : 6.397963e-03 / 1.431674e+00
PCG: 0 : 6.397964e-03
PCG: 1 : 3.873482e-03 / 6.054242e-01
PCG: 2 : 2.663270e-03 / 4.162684e-01
PCG: 3 : 1.954170e-03 / 3.054362e-01
PCG: 0 : 1.954170e-03
PCG: 1 : 2.269100e-03 / 1.161158e+00
PCG: 2 : 2.263677e-03 / 1.158383e+00
PCG: 3 : 2.661037e-03 / 1.361723e+00
PCG: 0 : 2.661037e-03
PCG: 1 : 1.614910e-03 / 6.068723e-01
PCG: 2 : 1.141442e-03 / 4.289464e-01
PCG: 3 : 8.400166e-04 / 3.156727e-01
PCG: 0 : 8.400166e-04
PCG: 1 : 9.706055e-04 / 1.155460e+00
PCG: 2 : 9.680065e-04 / 1.152366e+00
PCG: 3 : 1.125274e-03 / 1.339586e+00
PCG: 0 : 1.125274e-03
PCG: 1 : 6.804799e-04 / 6.047236e-01
PCG: 2 : 4.870614e-04 / 4.328379e-01
PCG: 3 : 3.589995e-04 / 3.190328e-01
PCG: 0 : 3.589995e-04
PCG: 1 : 4.123459e-04 / 1.148597e+00
PCG: 2 : 4.121629e-04 / 1.148088e+00
PCG: 3 : 4.795925e-04 / 1.335914e+00
PCG: 0 : 4.795924e-04
PCG: 1 : 2.877742e-04 / 6.000391e-01
PCG: 2 : 2.072432e-04 / 4.321237e-01
PCG: 3 : 1.531187e-04 / 3.192685e-01
PCG: 0 : 1.531188e-04
PCG: 1 : 1.748070e-04 / 1.141643e+00
PCG: 2 : 1.751863e-04 / 1.144120e+00
PCG: 3 : 2.053146e-04 / 1.340884e+00
PCG: 0 : 2.053145e-04
PCG: 1 : 1.219668e-04 / 5.940483e-01
PCG: 2 : 8.802184e-05 / 4.287170e-01
PCG: 3 : 6.525593e-05 / 3.178340e-01
PCG: 0 : 6.525592e-05
PCG: 1 : 7.396759e-05 / 1.133500e+00
PCG: 2 : 7.435693e-05 / 1.139466e+00
PCG: 3 : 8.801887e-05 / 1.348826e+00
PCG: 0 : 8.801887e-05
PCG: 1 : 5.174181e-05 / 5.878491e-01
PCG: 2 : 3.733685e-05 / 4.241915e-01
PCG: 3 : 2.781946e-05 / 3.160625e-01
PCG: 0 : 2.781946e-05
PCG: 1 : 3.126451e-05 / 1.123836e+00
PCG: 2 : 3.153612e-05 / 1.133599e+00
PCG: 3 : 3.773903e-05 / 1.356569e+00
PCG: 0 : 3.773903e-05
PCG: 1 : 2.196730e-05 / 5.820845e-01
PCG: 2 : 1.582987e-05 / 4.194561e-01
PCG: 3 : 1.186162e-05 / 3.143063e-01
PCG: 0 : 1.186162e-05
PCG: 1 : 1.321260e-05 / 1.113896e+00
PCG: 2 : 1.337060e-05 / 1.127216e+00
PCG: 3 : 1.619027e-05 / 1.364929e+00
PCG: 0 : 1.619027e-05
PCG: 1 : 9.330647e-06 / 5.763121e-01
PCG: 2 : 6.710214e-06 / 4.144598e-01
PCG: 3 : 5.050820e-06 / 3.119664e-01
PCG: 0 : 5.050820e-06
PCG: 1 : 5.584316e-06 / 1.105626e+00
PCG: 2 : 5.667569e-06 / 1.122109e+00
PCG: 3 : 6.944098e-06 / 1.374846e+00
PCG: 0 : 6.944097e-06
PCG: 1 : 3.963307e-06 / 5.707448e-01
PCG: 2 : 2.843206e-06 / 4.094421e-01
PCG: 3 : 2.148661e-06 / 3.094227e-01
PCG: 0 : 2.148661e-06
PCG: 1 : 2.359247e-06 / 1.098008e+00
PCG: 2 : 2.402116e-06 / 1.117959e+00
PCG: 3 : 2.975272e-06 / 1.384710e+00
PCG: 0 : 2.975272e-06
PCG: 1 : 1.683202e-06 / 5.657304e-01
PCG: 2 : 1.204232e-06 / 4.047469e-01
PCG: 3 : 9.141579e-07 / 3.072519e-01
PCG: 0 : 9.141579e-07
PCG: 1 : 9.963470e-07 / 1.089907e+00
PCG: 2 : 1.018125e-06 / 1.113730e+00
PCG: 3 : 1.273121e-06 / 1.392671e+00
PCG: 0 : 1.273121e-06
PCG: 1 : 7.149751e-07 / 5.615925e-01
PCG: 2 : 5.100619e-07 / 4.006390e-01
PCG: 3 : 3.890873e-07 / 3.056169e-01
PCG: 0 : 3.890873e-07
PCG: 1 : 4.208686e-07 / 1.081682e+00
PCG: 2 : 4.316337e-07 / 1.109349e+00
PCG: 3 : 5.447100e-07 / 1.399969e+00
PCG: 0 : 5.447099e-07
PCG: 1 : 3.037790e-07 / 5.576895e-01
PCG: 2 : 2.161064e-07 / 3.967367e-01
PCG: 3 : 1.654312e-07 / 3.037052e-01
PCG: 0 : 1.654312e-07
PCG: 1 : 1.778789e-07 / 1.075244e+00
PCG: 2 : 1.830228e-07 / 1.106338e+00
PCG: 3 : 2.330137e-07 / 1.408523e+00
PCG: 0 : 2.330137e-07
PCG: 1 : 1.290667e-07 / 5.539020e-01
PCG: 2 : 9.155806e-08 / 3.929299e-01
PCG: 3 : 7.027803e-08 / 3.016047e-01
PCG: 0 : 7.027803e-08
PCG: 1 : 7.517843e-08 / 1.069729e+00
PCG: 2 : 7.761497e-08 / 1.104399e+00
PCG: 3 : 9.960265e-08 / 1.417266e+00
PCG: 0 : 9.960265e-08
PCG: 1 : 5.482607e-08 / 5.504479e-01
PCG: 2 : 3.878438e-08 / 3.893910e-01
PCG: 3 : 2.985951e-08 / 2.997863e-01
PCG: 0 : 2.985951e-08
PCG: 1 : 3.176739e-08 / 1.063895e+00
PCG: 2 : 3.291979e-08 / 1.102489e+00
PCG: 3 : 4.252228e-08 / 1.424078e+00
PCG: 0 : 4.252228e-08
PCG: 1 : 2.329337e-08 / 5.477922e-01
PCG: 2 : 1.643033e-08 / 3.863935e-01
PCG: 3 : 1.269661e-08 / 2.985872e-01
PCG: 0 : 1.269661e-08
PCG: 1 : 1.342666e-08 / 1.057500e+00
PCG: 2 : 1.396808e-08 / 1.100143e+00
PCG: 3 : 1.815174e-08 / 1.429653e+00
PCG: 0 : 1.815174e-08
PCG: 1 : 9.899759e-09 / 5.453891e-01
PCG: 2 : 6.963767e-09 / 3.836419e-01
PCG: 3 : 5.395618e-09 / 2.972508e-01
PCG: 0 : 5.395617e-09
PCG: 1 : 5.679046e-09 / 1.052529e+00
PCG: 2 : 5.927871e-09 / 1.098645e+00
PCG: 3 : 7.750587e-09 / 1.436460e+00

PCG ( VCycle ( S: Scale / C: Scale )  )

Complete solver TOE: 2.55365
29.4101 GFlop/s [29.4101 GFlops/s]

Total time: 2.55365s
Accumulated op time: 2.05042

Reductions: 79.6907%
Blas-1: 0.294049%
Blas-2: 0.30893%
Precon Kernels: 0%
MPI Execution: 0%
MPI Wait: 0%
Not covered: 19.7063%

Domain size: 768.86 MByte
LA size: 1932.08 MByte
MPI size: 42.7285 MByte

H0-Error: 1.104380e-07
H1-Error: 1.008605e-03

Writing DATA to output.data...
Run-Time: 0:13.384 [0:13.384]
0x31d198e880 Error: MemoryPool<CUDA> still contains memory chunks on deconstructor call
