NUM-PROCS: 1
Preparing domain...
LVL-MIN: 5 [5]
LVL-MAX: 10 [10]
Creating gates...
Assembling system matrices...
Assembling system filters...
Assembling transfer matrices...
Converting assembled linear system from SparseMatrixCSR, Mem:main to SparseMatrixCSR, Mem:mainand to SparseMatrixCSR, Mem:main...
PCG:  0 : 9.466280e-03
PCG:  1 : 4.043862e-02 / 4.271860e+00
PCG:  2 : 4.478078e-02 / 4.730557e+00
PCG:  3 : 1.224985e-01 / 1.294051e+01
PCG:  4 : 2.085453e-01 / 2.203033e+01
PCG:  5 : 1.773998e-01 / 1.874018e+01
PCG:  6 : 1.608406e-01 / 1.699090e+01
PCG:  7 : 9.577692e-02 / 1.011769e+01
PCG:  8 : 7.004766e-02 / 7.399703e+00
PCG:  9 : 7.124367e-02 / 7.526047e+00
PCG: 10 : 4.837934e-02 / 5.110702e+00
PCG: 11 : 2.525395e-02 / 2.667780e+00
PCG: 12 : 1.057774e-02 / 1.117413e+00
PCG: 13 : 5.551098e-03 / 5.864075e-01
PCG: 14 : 2.897389e-03 / 3.060747e-01
PCG: 15 : 1.426073e-03 / 1.506477e-01
PCG: 16 : 1.881862e-03 / 1.987964e-01
PCG: 17 : 9.073835e-04 / 9.585427e-02
PCG: 18 : 3.622694e-04 / 3.826945e-02
PCG: 19 : 1.275585e-03 / 1.347504e-01
PCG:  0 : 1.367690e-03
PCG:  1 : 6.160156e-04 / 4.504060e-01
PCG:  2 : 1.053980e-03 / 7.706282e-01
PCG:  3 : 1.626716e-03 / 1.189389e+00
PCG:  4 : 1.094659e-03 / 8.003711e-01
PCG:  5 : 1.236456e-03 / 9.040473e-01
PCG:  6 : 7.204599e-04 / 5.267714e-01
PCG:  7 : 6.941758e-04 / 5.075536e-01
PCG:  8 : 5.491420e-04 / 4.015107e-01
PCG:  9 : 3.217635e-04 / 2.352606e-01
PCG: 10 : 1.986263e-04 / 1.452276e-01
PCG: 11 : 6.233588e-05 / 4.557750e-02
PCG: 12 : 4.470798e-05 / 3.268868e-02
PCG: 13 : 3.439549e-05 / 2.514861e-02
PCG: 14 : 2.718665e-05 / 1.987779e-02
PCG: 15 : 1.991484e-05 / 1.456094e-02
PCG: 16 : 1.000880e-05 / 7.318036e-03
PCG: 17 : 1.145230e-05 / 8.373464e-03
PCG: 18 : 1.200509e-05 / 8.777640e-03
PCG: 19 : 6.182294e-06 / 4.520246e-03
PCG:  0 : 6.195100e-06
PCG:  1 : 3.649952e-06 / 5.891675e-01
PCG:  2 : 1.867967e-06 / 3.015233e-01
PCG:  3 : 7.350860e-07 / 1.186560e-01
PCG:  4 : 1.142390e-06 / 1.844021e-01
PCG:  5 : 8.235190e-07 / 1.329307e-01
PCG:  6 : 7.887756e-07 / 1.273225e-01
PCG:  7 : 7.397543e-07 / 1.194096e-01
PCG:  8 : 5.537474e-07 / 8.938473e-02
PCG:  9 : 7.125711e-07 / 1.150217e-01
PCG: 10 : 6.706265e-07 / 1.082511e-01
PCG: 11 : 5.145257e-07 / 8.305365e-02
PCG: 12 : 3.778588e-07 / 6.099317e-02
PCG: 13 : 4.252620e-07 / 6.864488e-02
PCG: 14 : 5.886787e-07 / 9.502327e-02
PCG: 15 : 4.481722e-07 / 7.234301e-02
PCG: 16 : 2.340131e-07 / 3.777391e-02
PCG: 17 : 1.029574e-07 / 1.661917e-02
PCG: 18 : 1.165607e-07 / 1.881498e-02
PCG: 19 : 8.960743e-08 / 1.446424e-02
PCG:  0 : 8.960834e-08
PCG:  1 : 6.383493e-08 / 7.123771e-01
PCG:  2 : 4.798641e-08 / 5.355128e-01
PCG:  3 : 8.337032e-08 / 9.303858e-01
PCG:  4 : 7.269544e-08 / 8.112575e-01
PCG:  5 : 5.072978e-08 / 5.661279e-01
PCG:  6 : 2.127968e-08 / 2.374744e-01
PCG:  7 : 1.857389e-08 / 2.072785e-01
PCG:  8 : 2.019473e-08 / 2.253666e-01
PCG:  9 : 1.316121e-08 / 1.468748e-01
PCG: 10 : 8.614634e-09 / 9.613653e-02
PCG: 11 : 5.972894e-09 / 6.665555e-02
PCG: 12 : 6.042919e-09 / 6.743701e-02
PCG: 13 : 6.348880e-09 / 7.085144e-02
PCG: 14 : 5.540902e-09 / 6.183467e-02
PCG: 15 : 5.599093e-09 / 6.248406e-02
PCG: 16 : 4.090196e-09 / 4.564526e-02
PCG: 17 : 4.927798e-09 / 5.499263e-02
PCG: 18 : 4.016625e-09 / 4.482423e-02
PCG: 19 : 4.353600e-09 / 4.858476e-02
PCG:  0 : 4.353587e-09
PCG:  1 : 2.735096e-09 / 6.282397e-01
PCG:  2 : 2.801727e-09 / 6.435446e-01
PCG:  3 : 1.727370e-09 / 3.967693e-01
PCG:  4 : 1.991386e-09 / 4.574128e-01
PCG:  5 : 1.475790e-09 / 3.389825e-01
PCG:  6 : 1.479302e-09 / 3.397893e-01
PCG:  7 : 1.278616e-09 / 2.936924e-01
PCG:  8 : 8.974903e-10 / 2.061496e-01
PCG:  9 : 1.035347e-09 / 2.378147e-01
PCG: 10 : 1.222883e-09 / 2.808910e-01
PCG: 11 : 1.269832e-09 / 2.916749e-01
PCG: 12 : 7.978489e-10 / 1.832624e-01
PCG: 13 : 6.826709e-10 / 1.568065e-01
PCG: 14 : 7.225789e-10 / 1.659732e-01
PCG: 15 : 5.537624e-10 / 1.271968e-01
PCG: 16 : 3.930140e-10 / 9.027360e-02
PCG: 17 : 2.742875e-10 / 6.300265e-02
PCG: 18 : 1.857011e-10 / 4.265472e-02
PCG: 19 : 1.687343e-10 / 3.875754e-02
PCG:  0 : 1.687340e-10
PCG:  1 : 1.241535e-10 / 7.357944e-01
PCG:  2 : 1.231280e-10 / 7.297162e-01
PCG:  3 : 1.411187e-10 / 8.363383e-01
PCG:  4 : 1.122512e-10 / 6.652552e-01
PCG:  5 : 9.217170e-11 / 5.462544e-01
PCG:  6 : 5.810707e-11 / 3.443708e-01
PCG:  7 : 4.995414e-11 / 2.960526e-01
PCG:  8 : 4.400484e-11 / 2.607941e-01
PCG:  9 : 3.213226e-11 / 1.904314e-01
PCG: 10 : 2.401061e-11 / 1.422985e-01
PCG: 11 : 1.861132e-11 / 1.102997e-01
PCG: 12 : 1.608149e-11 / 9.530671e-02
PCG: 13 : 1.848150e-11 / 1.095304e-01
PCG: 14 : 1.176368e-11 / 6.971732e-02
PCG: 15 : 1.110190e-11 / 6.579529e-02
PCG: 16 : 8.081461e-12 / 4.789467e-02
PCG: 17 : 9.118152e-12 / 5.403861e-02
PCG: 18 : 8.026592e-12 / 4.756949e-02
PCG: 19 : 9.903452e-12 / 5.869268e-02

PCG ( VCycle ( S: Scale / C: Scale )  )

Complete solver TOE: 7.42356
2.30729 GFlop/s [2.30729 GFlops/s]

Total time: 7.42356s
Accumulated op time: 7.18927

Reductions: 6.51018%
Blas-1: 6.83943%
Blas-2: 83.4944%
Precon Kernels: 0%
MPI Execution: 0%
MPI Wait: 0%
Not covered: 3.15595%

Domain size: 192.384 MByte
LA size: 483.107 MByte
MPI size: 10.695 MByte

H0-Error: 4.291021e-07
H1-Error: 2.017209e-03

Writing DATA to output.data...
Run-Time: 0:09.687 [0:09.687]
0x31d198e880 Error: MemoryPool<CPU> still contains memory chunks on deconstructor call
