NUM-PROCS: 1
Preparing domain...
LVL-MIN: 1 [1]
LVL-MAX: 11 [11]
Creating gates...
Assembling system matrices...
Assembling system filters...
Assembling transfer matrices...
Converting assembled linear system from SparseMatrixCSR, Mem:main to SparseMatrixCSR, Mem:mainand to SparseMatrixCSR, Mem:main...
PCG: 0 : 4.717541e-03
PCG: 1 : 1.899671e-03 / 4.026825e-01
PCG: 2 : 7.721215e-04 / 1.636703e-01
PCG: 3 : 2.879059e-04 / 6.102880e-02
PCG: 4 : 8.597670e-05 / 1.822490e-02
PCG: 5 : 1.397779e-05 / 2.962939e-03
PCG: 0 : 1.795762e-04
PCG: 1 : 5.144978e-05 / 2.865067e-01
PCG: 2 : 6.177158e-06 / 3.439854e-02
PCG: 3 : 1.369167e-06 / 7.624433e-03
PCG: 4 : 2.139129e-07 / 1.191210e-03
PCG: 5 : 2.251909e-08 / 1.254013e-04
PCG: 0 : 3.170873e-07
PCG: 1 : 9.436294e-08 / 2.975930e-01
PCG: 2 : 1.295140e-08 / 4.084491e-02
PCG: 3 : 2.843684e-09 / 8.968144e-03
PCG: 4 : 6.461716e-10 / 2.037835e-03
PCG: 5 : 9.475533e-11 / 2.988304e-04
PCG: 0 : 1.147738e-09
PCG: 1 : 3.579805e-10 / 3.119009e-01
PCG: 2 : 5.027539e-11 / 4.380389e-02
PCG: 3 : 9.660115e-12 / 8.416654e-03
PCG: 4 : 1.452409e-12 / 1.265453e-03
PCG: 5 : 1.619928e-13 / 1.411409e-04

PCG ( VCycle ( S: Scale / C: Scale )  )

Complete solver TOE: 6.20863
2.03344 GFlop/s [2.03344 GFlops/s]

Total time: 6.20863s
Accumulated op time: 6.00279

Reductions: 5.94877%
Blas-1: 6.53744%
Blas-2: 84.1984%
Precon Kernels: 0%
MPI Execution: 0%
MPI Wait: 0%
Not covered: 3.31539%

Domain size: 768.875 MByte
LA size: 1932.17 MByte
MPI size: 42.7294 MByte

H0-Error: 1.073103e-07
H1-Error: 1.008605e-03

Writing DATA to output.data...
Run-Time: 0:15.375 [0:15.375]
0x31d198e880 Error: MemoryPool<CPU> still contains memory chunks on deconstructor call
