NUM-PROCS: 1
Preparing domain...
LVL-MIN: 1 [1]
LVL-MAX: 11 [11]
Creating gates...
Assembling system matrices...
Assembling system filters...
Assembling transfer matrices...
Converting assembled linear system from SparseMatrixCSR, Mem:main to SparseMatrixCSR, Mem:mainand to SparseMatrixCSR, Mem:main...
PCG: 0 : 4.717541e-03
PCG: 1 : 1.899671e-03 / 4.026825e-01
PCG: 2 : 7.721215e-04 / 1.636703e-01
PCG: 3 : 2.879059e-04 / 6.102880e-02
PCG: 4 : 8.597670e-05 / 1.822490e-02
PCG: 0 : 1.886590e-04
PCG: 1 : 6.260415e-05 / 3.318375e-01
PCG: 2 : 9.074126e-06 / 4.809802e-02
PCG: 3 : 1.849874e-06 / 9.805385e-03
PCG: 4 : 2.117103e-07 / 1.122185e-03
PCG: 0 : 3.611421e-07
PCG: 1 : 1.257105e-07 / 3.480915e-01
PCG: 2 : 2.161732e-08 / 5.985823e-02
PCG: 3 : 4.882967e-09 / 1.352090e-02
PCG: 4 : 8.586575e-10 / 2.377617e-03
PCG: 0 : 1.364515e-09
PCG: 1 : 5.208873e-10 / 3.817381e-01
PCG: 2 : 9.231318e-11 / 6.765275e-02
PCG: 3 : 1.422528e-11 / 1.042516e-02
PCG: 4 : 1.402152e-12 / 1.027582e-03

PCG ( VCycle ( S: Scale / C: Scale )  )

Complete solver TOE: 5.1208
2.00428 GFlop/s [2.00428 GFlops/s]

Total time: 5.1208s
Accumulated op time: 4.94426

Reductions: 5.94022%
Blas-1: 6.49035%
Blas-2: 84.1219%
Precon Kernels: 0%
MPI Execution: 0%
MPI Wait: 0%
Not covered: 3.44749%

Domain size: 768.875 MByte
LA size: 1932.17 MByte
MPI size: 42.7294 MByte

H0-Error: 1.073105e-07
H1-Error: 1.008605e-03

Writing DATA to output.data...
Run-Time: 0:14.299 [0:14.299]
0x31d198e880 Error: MemoryPool<CPU> still contains memory chunks on deconstructor call
