NUM-PROCS: 1
Preparing domain...
LVL-MIN: 4 [4]
LVL-MAX: 9 [9]
Creating gates...
Assembling system matrices...
Assembling system filters...
Assembling transfer matrices...
Converting assembled linear system from SparseMatrixCSR, Mem:main to SparseMatrixELL, Mem:cudaand to SparseMatrixELL, Mem:cuda...
PCG:  0 : 1.894534e-02
PCG:  1 : 3.774795e-02 / 1.992466e+00
PCG:  2 : 4.953643e-02 / 2.614703e+00
PCG:  3 : 1.147339e-01 / 6.056050e+00
PCG:  4 : 1.196938e-01 / 6.317850e+00
PCG:  5 : 5.469363e-02 / 2.886918e+00
PCG:  6 : 2.265511e-02 / 1.195814e+00
PCG:  7 : 4.092026e-03 / 2.159912e-01
PCG:  8 : 1.388743e-03 / 7.330263e-02
PCG:  9 : 1.175825e-03 / 6.206408e-02
PCG: 10 : 3.275515e-04 / 1.728929e-02
PCG: 11 : 3.820651e-05 / 2.016671e-03
PCG: 12 : 2.307703e-05 / 1.218085e-03
PCG: 13 : 7.475274e-06 / 3.945706e-04
PCG: 14 : 9.067863e-07 / 4.786330e-05
PCG: 15 : 3.478196e-07 / 1.835911e-05
PCG: 16 : 5.030201e-07 / 2.655113e-05
PCG:  0 : 5.485337e-04
PCG:  1 : 5.542313e-05 / 1.010387e-01
PCG:  2 : 7.493606e-05 / 1.366116e-01
PCG:  3 : 3.412792e-05 / 6.221663e-02
PCG:  4 : 5.261045e-05 / 9.591106e-02
PCG:  5 : 3.536098e-05 / 6.446455e-02
PCG:  6 : 2.636864e-05 / 4.807113e-02
PCG:  7 : 1.709084e-05 / 3.115733e-02
PCG:  8 : 8.994492e-06 / 1.639733e-02
PCG:  9 : 1.767236e-06 / 3.221746e-03
PCG: 10 : 8.590448e-07 / 1.566075e-03
PCG: 11 : 8.803698e-07 / 1.604951e-03
PCG: 12 : 5.185151e-07 / 9.452747e-04
PCG: 13 : 4.191479e-07 / 7.641242e-04
PCG: 14 : 1.371166e-07 / 2.499692e-04
PCG: 15 : 1.197839e-07 / 2.183710e-04
PCG: 16 : 3.257291e-08 / 5.938177e-05
PCG:  0 : 3.442217e-08
PCG:  1 : 1.907993e-08 / 5.542920e-01
PCG:  2 : 1.901854e-08 / 5.525087e-01
PCG:  3 : 9.179669e-09 / 2.666790e-01
PCG:  4 : 1.144157e-08 / 3.323895e-01
PCG:  5 : 1.067305e-08 / 3.100632e-01
PCG:  6 : 6.365611e-09 / 1.849277e-01
PCG:  7 : 7.079914e-09 / 2.056789e-01
PCG:  8 : 2.794685e-09 / 8.118851e-02
PCG:  9 : 1.847938e-09 / 5.368453e-02
PCG: 10 : 1.016104e-09 / 2.951887e-02
PCG: 11 : 5.054450e-10 / 1.468370e-02
PCG: 12 : 2.496500e-10 / 7.252593e-03
PCG: 13 : 1.829924e-10 / 5.316120e-03
PCG: 14 : 1.580730e-10 / 4.592186e-03
PCG: 15 : 9.820181e-11 / 2.852865e-03
PCG: 16 : 4.096913e-11 / 1.190196e-03
PCG:  0 : 4.099631e-11
PCG:  1 : 2.262358e-11 / 5.518442e-01
PCG:  2 : 9.555215e-12 / 2.330750e-01
PCG:  3 : 4.629064e-12 / 1.129142e-01
PCG:  4 : 3.013111e-12 / 7.349714e-02
PCG:  5 : 2.796706e-12 / 6.821850e-02
PCG:  6 : 2.025795e-12 / 4.941409e-02
PCG:  7 : 1.128715e-12 / 2.753212e-02
PCG:  8 : 1.118037e-12 / 2.727165e-02
PCG:  9 : 8.650886e-13 / 2.110162e-02
PCG: 10 : 6.915083e-13 / 1.686757e-02
PCG: 11 : 5.094815e-13 / 1.242750e-02
PCG: 12 : 4.191615e-13 / 1.022437e-02
PCG: 13 : 3.343119e-13 / 8.154684e-03
PCG: 14 : 1.799559e-13 / 4.389564e-03
PCG: 15 : 8.100574e-14 / 1.975928e-03
PCG: 16 : 6.030134e-14 / 1.470897e-03

PCG ( VCycle ( S: Scale / C: Scale )  )

Complete solver TOE: 3.5889
0.672808 GFlop/s [0.672808 GFlops/s]

Total time: 3.5889s
Accumulated op time: 1.05521

Reductions: 19.0919%
Blas-1: 5.6466%
Blas-2: 4.66363%
Precon Kernels: 0%
MPI Execution: 0%
MPI Wait: 0%
Not covered: 70.5979%

Domain size: 26.799 MByte
LA size: 89.2379 MByte
MPI size: 2.68149 MByte

H0-Error: 1.716359e-06
H1-Error: 4.034414e-03

Writing DATA to output.data...
Run-Time: 0:06.537 [0:06.537]
0xb33ac9f8 Error: MemoryPool<CUDA> still contains memory chunks on deconstructor call
