NUM-PROCS: 1
Preparing domain...
LVL-MIN: 1 [1]
LVL-MAX: 4 [4]
Creating gates...
Assembling system matrices...
Assembling system filters...
Assembling transfer matrices...
Converting assembled linear system from SparseMatrixCSR, Mem:main to SparseMatrixELL, Mem:cudaand to SparseMatrixELL, Mem:cuda...
PCG:  0 : 5.972902e-01
PCG:  1 : 1.487374e-01 / 2.490204e-01
PCG:  2 : 2.463507e-02 / 4.124472e-02
PCG:  3 : 1.799225e-03 / 3.012313e-03
PCG:  4 : 2.092334e-04 / 3.503045e-04
PCG:  5 : 6.109352e-06 / 1.022845e-05
PCG:  6 : 9.105834e-07 / 1.524524e-06
PCG:  7 : 6.712745e-08 / 1.123867e-07
PCG:  8 : 5.893338e-09 / 9.866791e-09
PCG:  0 : 1.332009e-01
PCG:  1 : 2.122481e-02 / 1.593444e-01
PCG:  2 : 3.559233e-03 / 2.672079e-02
PCG:  3 : 1.066812e-04 / 8.009044e-04
PCG:  4 : 2.020609e-05 / 1.516963e-04
PCG:  5 : 5.906098e-07 / 4.433977e-06
PCG:  6 : 5.386381e-08 / 4.043802e-07
PCG:  7 : 4.451389e-09 / 3.341862e-08
PCG:  0 : 8.478936e-08
PCG:  1 : 1.446316e-08 / 1.705775e-01
PCG:  2 : 1.605083e-09 / 1.893024e-02
PCG:  3 : 1.325108e-10 / 1.562823e-03
PCG:  4 : 1.785579e-11 / 2.105900e-04
PCG:  5 : 1.915592e-12 / 2.259236e-05
PCG:  6 : 1.586979e-13 / 1.871672e-06
PCG:  7 : 1.964218e-14 / 2.316585e-07
PCG:  8 : 1.700023e-15 / 2.004995e-08
PCG:  0 : 4.941170e-14
PCG:  1 : 4.426188e-15 / 8.957773e-02
PCG:  2 : 5.598869e-16 / 1.133106e-02
PCG:  3 : 5.680756e-17 / 1.149678e-03
PCG:  4 : 6.770111e-18 / 1.370143e-04
PCG:  5 : 7.375390e-19 / 1.492640e-05
PCG:  6 : 7.591095e-20 / 1.536295e-06
PCG:  7 : 8.787489e-21 / 1.778423e-07
PCG:  8 : 8.682734e-22 / 1.757222e-08

PCG ( VCycle ( S: Scale / C: Scale )  )

Complete solver TOE: 0.015646
0.078639 GFlop/s [0.078639 GFlops/s]

Total time: 0.015646s
Accumulated op time: 0.009973

Reductions: 51.1632%
Blas-1: 6.62789%
Blas-2: 5.9504%
Precon Kernels: 0%
MPI Execution: 0%
MPI Wait: 0%
Not covered: 36.2585%

Domain size: 0.0534058 MByte
LA size: 0.131729 MByte
MPI size: 0.00314331 MByte

H0-Error: 1.753315e-03
H1-Error: 1.289155e-01

Writing DATA to output.data...
Run-Time: 0:00.053 [0:00.053]
0x31d198e880 Error: MemoryPool<CUDA> still contains memory chunks on deconstructor call
