NUM-PROCS: 1
Preparing domain...
LVL-MIN: 3 [3]
LVL-MAX: 8 [8]
Creating gates...
Assembling system matrices...
Assembling system filters...
Assembling transfer matrices...
Converting assembled linear system from SparseMatrixCSR, Mem:main to SparseMatrixCSR, Mem:mainand to SparseMatrixCSR, Mem:main...
PCG:  0 : 3.788183e-02
PCG:  1 : 3.863721e-02 / 1.019940e+00
PCG:  2 : 4.165912e-02 / 1.099712e+00
PCG:  3 : 2.963630e-02 / 7.823356e-01
PCG:  4 : 5.199913e-03 / 1.372667e-01
PCG:  5 : 5.305641e-04 / 1.400577e-02
PCG:  6 : 9.290630e-05 / 2.452530e-03
PCG:  7 : 2.192175e-05 / 5.786878e-04
PCG:  8 : 2.802434e-06 / 7.397832e-05
PCG:  9 : 3.383425e-07 / 8.931525e-06
PCG: 10 : 8.315101e-07 / 2.195010e-05
PCG: 11 : 3.161741e-07 / 8.346326e-06
PCG:  0 : 1.544111e-03
PCG:  1 : 1.678013e-04 / 1.086718e-01
PCG:  2 : 2.455523e-04 / 1.590250e-01
PCG:  3 : 9.717136e-05 / 6.293029e-02
PCG:  4 : 4.258189e-05 / 2.757696e-02
PCG:  5 : 8.142642e-06 / 5.273353e-03
PCG:  6 : 7.880275e-07 / 5.103438e-04
PCG:  7 : 1.170818e-07 / 7.582474e-05
PCG:  8 : 3.178534e-08 / 2.058488e-05
PCG:  9 : 2.194402e-08 / 1.421142e-05
PCG: 10 : 7.350787e-09 / 4.760530e-06
PCG: 11 : 1.170337e-09 / 7.579359e-07
PCG:  0 : 5.497081e-09
PCG:  1 : 1.582408e-09 / 2.878633e-01
PCG:  2 : 2.795872e-09 / 5.086102e-01
PCG:  3 : 8.498017e-10 / 1.545914e-01
PCG:  4 : 2.608279e-10 / 4.744843e-02
PCG:  5 : 1.146664e-10 / 2.085951e-02
PCG:  6 : 4.446948e-11 / 8.089653e-03
PCG:  7 : 1.631533e-11 / 2.967998e-03
PCG:  8 : 6.466597e-12 / 1.176369e-03
PCG:  9 : 2.025317e-12 / 3.684350e-04
PCG: 10 : 7.707377e-13 / 1.402085e-04
PCG: 11 : 2.037521e-13 / 3.706550e-05

PCG ( VCycle ( S: Scale / C: Scale )  )

Complete solver TOE: 0.557639
0.564771 GFlop/s [0.564771 GFlops/s]

Total time: 0.557639s
Accumulated op time: 0.538287

Reductions: 1.87003%
Blas-1: 5.53028%
Blas-2: 89.1293%
Precon Kernels: 0%
MPI Execution: 0%
MPI Wait: 0%
Not covered: 3.47035%

Domain size: 6.73462 MByte
LA size: 22.3983 MByte
MPI size: 0.674286 MByte

H0-Error: 6.865388e-06
H1-Error: 8.068795e-03

Writing DATA to output.data...
Run-Time: 0:01.176 [0:01.176]
0xb33749f8 Error: MemoryPool<CPU> still contains memory chunks on deconstructor call
