NUM-PROCS: 1
Preparing domain...
LVL-MIN: 3 [3]
LVL-MAX: 10 [10]
Creating gates...
Assembling system matrices...
Assembling system filters...
Assembling transfer matrices...
Converting assembled linear system from SparseMatrixCSR, Mem:main to SparseMatrixELL, Mem:cudaand to SparseMatrixELL, Mem:cuda...
PCG: 0 : 9.473710e-03
PCG: 1 : 1.006421e-02 / 1.062330e+00
PCG: 2 : 1.259371e-02 / 1.329332e+00
PCG: 3 : 1.014107e-02 / 1.070444e+00
PCG: 4 : 2.933750e-03 / 3.096728e-01
PCG: 5 : 5.955104e-04 / 6.285925e-02
PCG: 6 : 8.480622e-05 / 8.951743e-03
PCG: 7 : 1.264189e-05 / 1.334418e-03
PCG: 0 : 2.131634e-04
PCG: 1 : 3.944217e-04 / 1.850325e+00
PCG: 2 : 2.506401e-04 / 1.175812e+00
PCG: 3 : 5.607757e-05 / 2.630731e-01
PCG: 4 : 2.097391e-05 / 9.839354e-02
PCG: 5 : 3.391735e-06 / 1.591143e-02
PCG: 6 : 7.881221e-07 / 3.697267e-03
PCG: 7 : 4.066198e-07 / 1.907550e-03
PCG: 0 : 4.102494e-07
PCG: 1 : 3.912581e-07 / 9.537079e-01
PCG: 2 : 1.520980e-07 / 3.707451e-01
PCG: 3 : 7.499722e-08 / 1.828088e-01
PCG: 4 : 8.118947e-08 / 1.979027e-01
PCG: 5 : 3.025417e-08 / 7.374579e-02
PCG: 6 : 6.118767e-09 / 1.491475e-02
PCG: 7 : 1.359059e-09 / 3.312761e-03
PCG: 0 : 1.359377e-09
PCG: 1 : 1.026633e-09 / 7.552229e-01
PCG: 2 : 2.541361e-10 / 1.869505e-01
PCG: 3 : 6.914706e-11 / 5.086674e-02
PCG: 4 : 9.379261e-11 / 6.899677e-02
PCG: 5 : 4.037637e-11 / 2.970212e-02
PCG: 6 : 1.288030e-11 / 9.475151e-03
PCG: 7 : 1.489549e-12 / 1.095759e-03

PCG ( VCycle ( S: Scale / C: Scale )  )

Complete solver TOE: 0.349201
12.4258 GFlop/s [12.4258 GFlops/s]

Total time: 0.349201s
Accumulated op time: 0.117684

Reductions: 32.6285%
Blas-1: 0.529781%
Blas-2: 0.542667%
Precon Kernels: 0%
MPI Execution: 0%
MPI Wait: 0%
Not covered: 66.2991%

Domain size: 192.433 MByte
LA size: 483.427 MByte
MPI size: 10.6978 MByte

H0-Error: 4.290974e-07
H1-Error: 2.017209e-03

Writing DATA to output.data...
Run-Time: 0:03.082 [0:03.082]
0x31d198e880 Error: MemoryPool<CUDA> still contains memory chunks on deconstructor call
