NUM-PROCS: 1
Preparing domain...
LVL-MIN: 6 [6]
LVL-MAX: 8 [8]
Creating gates...
Assembling system matrices...
Assembling system filters...
Assembling transfer matrices...
Converting assembled linear system from SparseMatrixCSR, Mem:main to SparseMatrixELL, Mem:cudaand to SparseMatrixELL, Mem:cuda...
PCG:  0 : 3.788187e-02
PCG:  1 : 3.009894e-01 / 7.945473e+00
PCG:  2 : 2.267264e-01 / 5.985088e+00
PCG:  3 : 3.539455e-01 / 9.343399e+00
PCG:  4 : 2.763226e-01 / 7.294322e+00
PCG:  5 : 1.737602e-01 / 4.586895e+00
PCG:  6 : 2.259943e-01 / 5.965763e+00
PCG:  7 : 2.413993e-01 / 6.372423e+00
PCG:  8 : 1.811462e-01 / 4.781871e+00
PCG:  9 : 1.391867e-01 / 3.674228e+00
PCG: 10 : 1.140189e-01 / 3.009855e+00
PCG:  0 : 1.144471e-01
PCG:  1 : 1.020538e-01 / 8.917113e-01
PCG:  2 : 1.178477e-01 / 1.029713e+00
PCG:  3 : 1.227992e-01 / 1.072978e+00
PCG:  4 : 1.007424e-01 / 8.802528e-01
PCG:  5 : 7.846670e-02 / 6.856155e-01
PCG:  6 : 9.948412e-02 / 8.692586e-01
PCG:  7 : 9.588592e-02 / 8.378188e-01
PCG:  8 : 5.783935e-02 / 5.053807e-01
PCG:  9 : 6.237163e-02 / 5.449823e-01
PCG: 10 : 6.645110e-02 / 5.806273e-01
PCG:  0 : 6.645111e-02
PCG:  1 : 3.749865e-02 / 5.643044e-01
PCG:  2 : 2.799849e-02 / 4.213398e-01
PCG:  3 : 2.610350e-02 / 3.928227e-01
PCG:  4 : 2.142812e-02 / 3.224644e-01
PCG:  5 : 2.671191e-02 / 4.019784e-01
PCG:  6 : 2.049662e-02 / 3.084466e-01
PCG:  7 : 1.380430e-02 / 2.077361e-01
PCG:  8 : 1.946570e-02 / 2.929326e-01
PCG:  9 : 3.298458e-02 / 4.963736e-01
PCG: 10 : 3.605521e-02 / 5.425826e-01
PCG:  0 : 3.605521e-02
PCG:  1 : 2.466626e-02 / 6.841248e-01
PCG:  2 : 1.690057e-02 / 4.687414e-01
PCG:  3 : 1.437366e-02 / 3.986569e-01
PCG:  4 : 1.434220e-02 / 3.977842e-01
PCG:  5 : 1.730006e-02 / 4.798212e-01
PCG:  6 : 1.522361e-02 / 4.222305e-01
PCG:  7 : 1.392651e-02 / 3.862551e-01
PCG:  8 : 1.390493e-02 / 3.856566e-01
PCG:  9 : 2.023839e-02 / 5.613167e-01
PCG: 10 : 3.108437e-02 / 8.621324e-01
PCG:  0 : 3.108437e-02
PCG:  1 : 1.560469e-02 / 5.020109e-01
PCG:  2 : 1.037431e-02 / 3.337467e-01
PCG:  3 : 1.203251e-02 / 3.870921e-01
PCG:  4 : 1.151515e-02 / 3.704484e-01
PCG:  5 : 1.233358e-02 / 3.967776e-01
PCG:  6 : 1.056325e-02 / 3.398250e-01
PCG:  7 : 9.067699e-03 / 2.917125e-01
PCG:  8 : 1.017005e-02 / 3.271756e-01
PCG:  9 : 1.331742e-02 / 4.284281e-01
PCG: 10 : 1.670173e-02 / 5.373033e-01
PCG:  0 : 1.670173e-02
PCG:  1 : 1.086126e-02 / 6.503074e-01
PCG:  2 : 8.074360e-03 / 4.834444e-01
PCG:  3 : 7.490098e-03 / 4.484623e-01
PCG:  4 : 7.815598e-03 / 4.679513e-01
PCG:  5 : 8.968607e-03 / 5.369866e-01
PCG:  6 : 8.675925e-03 / 5.194625e-01
PCG:  7 : 8.334697e-03 / 4.990319e-01
PCG:  8 : 7.011179e-03 / 4.197875e-01
PCG:  9 : 8.784143e-03 / 5.259420e-01
PCG: 10 : 1.358380e-02 / 8.133166e-01
PCG:  0 : 1.358380e-02
PCG:  1 : 7.370447e-03 / 5.425910e-01
PCG:  2 : 5.567158e-03 / 4.098381e-01
PCG:  3 : 6.514050e-03 / 4.795456e-01
PCG:  4 : 6.305240e-03 / 4.641736e-01
PCG:  5 : 6.607296e-03 / 4.864101e-01
PCG:  6 : 5.857438e-03 / 4.312077e-01
PCG:  7 : 5.268408e-03 / 3.878450e-01
PCG:  8 : 5.367009e-03 / 3.951037e-01
PCG:  9 : 6.189164e-03 / 4.556284e-01
PCG: 10 : 7.597932e-03 / 5.593379e-01
PCG:  0 : 7.597931e-03
PCG:  1 : 5.380958e-03 / 7.082136e-01
PCG:  2 : 4.441240e-03 / 5.845328e-01
PCG:  3 : 4.134646e-03 / 5.441805e-01
PCG:  4 : 4.338603e-03 / 5.710243e-01
PCG:  5 : 5.037099e-03 / 6.629567e-01
PCG:  6 : 4.755158e-03 / 6.258491e-01
PCG:  7 : 4.664829e-03 / 6.139605e-01
PCG:  8 : 3.720476e-03 / 4.896696e-01
PCG:  9 : 4.206118e-03 / 5.535873e-01
PCG: 10 : 6.443347e-03 / 8.480396e-01
PCG:  0 : 6.443347e-03
PCG:  1 : 3.753255e-03 / 5.825008e-01
PCG:  2 : 3.042085e-03 / 4.721281e-01
PCG:  3 : 3.618140e-03 / 5.615312e-01
PCG:  4 : 3.515278e-03 / 5.455672e-01
PCG:  5 : 3.762075e-03 / 5.838697e-01
PCG:  6 : 3.222041e-03 / 5.000570e-01
PCG:  7 : 2.936803e-03 / 4.557884e-01
PCG:  8 : 2.904399e-03 / 4.507594e-01
PCG:  9 : 3.050642e-03 / 4.734561e-01
PCG: 10 : 3.715783e-03 / 5.766853e-01
PCG:  0 : 3.715783e-03
PCG:  1 : 2.793319e-03 / 7.517444e-01
PCG:  2 : 2.426444e-03 / 6.530100e-01
PCG:  3 : 2.321186e-03 / 6.246827e-01
PCG:  4 : 2.447566e-03 / 6.586946e-01
PCG:  5 : 2.870145e-03 / 7.724200e-01
PCG:  6 : 2.608066e-03 / 7.018886e-01
PCG:  7 : 2.573858e-03 / 6.926826e-01
PCG:  8 : 2.023977e-03 / 5.446974e-01
PCG:  9 : 2.186721e-03 / 5.884954e-01
PCG: 10 : 3.199298e-03 / 8.610024e-01
PCG:  0 : 3.199298e-03
PCG:  1 : 2.016313e-03 / 6.302359e-01
PCG:  2 : 1.685587e-03 / 5.268614e-01
PCG:  3 : 2.064186e-03 / 6.451998e-01
PCG:  4 : 1.972829e-03 / 6.166441e-01
PCG:  5 : 2.120863e-03 / 6.629150e-01
PCG:  6 : 1.784909e-03 / 5.579063e-01
PCG:  7 : 1.692084e-03 / 5.288922e-01
PCG:  8 : 1.711604e-03 / 5.349936e-01
PCG:  9 : 1.575502e-03 / 4.924525e-01
PCG: 10 : 1.807058e-03 / 5.648296e-01
PCG:  0 : 1.807058e-03
PCG:  1 : 1.491789e-03 / 8.255346e-01
PCG:  2 : 1.393824e-03 / 7.713222e-01
PCG:  3 : 1.327431e-03 / 7.345814e-01
PCG:  4 : 1.374856e-03 / 7.608252e-01
PCG:  5 : 1.610046e-03 / 8.909761e-01
PCG:  6 : 1.429635e-03 / 7.911391e-01
PCG:  7 : 1.452022e-03 / 8.035279e-01
PCG:  8 : 1.161765e-03 / 6.429042e-01
PCG:  9 : 1.201613e-03 / 6.649551e-01
PCG: 10 : 1.572902e-03 / 8.704215e-01
PCG:  0 : 1.572902e-03
PCG:  1 : 1.124978e-03 / 7.152241e-01
PCG:  2 : 9.683312e-04 / 6.156334e-01
PCG:  3 : 1.168263e-03 / 7.427436e-01
PCG:  4 : 1.096605e-03 / 6.971855e-01
PCG:  5 : 1.191909e-03 / 7.577769e-01
PCG:  6 : 9.723797e-04 / 6.182073e-01
PCG:  7 : 9.310477e-04 / 5.919297e-01
PCG:  8 : 9.436094e-04 / 5.999160e-01
PCG:  9 : 8.342810e-04 / 5.304086e-01
PCG: 10 : 9.074428e-04 / 5.769225e-01
PCG:  0 : 9.074427e-04
PCG:  1 : 7.991287e-04 / 8.806382e-01
PCG:  2 : 8.014287e-04 / 8.831728e-01
PCG:  3 : 7.480079e-04 / 8.243032e-01
PCG:  4 : 7.625672e-04 / 8.403475e-01
PCG:  5 : 9.067818e-04 / 9.992716e-01
PCG:  6 : 7.781916e-04 / 8.575656e-01
PCG:  7 : 7.874758e-04 / 8.677968e-01
PCG:  8 : 6.182889e-04 / 6.813532e-01
PCG:  9 : 6.520227e-04 / 7.185276e-01
PCG: 10 : 8.354170e-04 / 9.206278e-01
PCG:  0 : 8.354170e-04
PCG:  1 : 6.188008e-04 / 7.407089e-01
PCG:  2 : 5.380985e-04 / 6.441077e-01
PCG:  3 : 6.450598e-04 / 7.721411e-01
PCG:  4 : 6.052700e-04 / 7.245125e-01
PCG:  5 : 6.696660e-04 / 8.015949e-01
PCG:  6 : 5.309369e-04 / 6.355351e-01
PCG:  7 : 4.954607e-04 / 5.930699e-01
PCG:  8 : 4.993278e-04 / 5.976989e-01
PCG:  9 : 4.593601e-04 / 5.498573e-01
PCG: 10 : 4.934284e-04 / 5.906372e-01
PCG:  0 : 4.934284e-04
PCG:  1 : 4.390462e-04 / 8.897870e-01
PCG:  2 : 4.419011e-04 / 8.955728e-01
PCG:  3 : 4.129796e-04 / 8.369595e-01
PCG:  4 : 4.190345e-04 / 8.492307e-01
PCG:  5 : 5.045141e-04 / 1.022467e+00
PCG:  6 : 4.262213e-04 / 8.637956e-01
PCG:  7 : 4.281402e-04 / 8.676845e-01
PCG:  8 : 3.341555e-04 / 6.772116e-01
PCG:  9 : 3.599551e-04 / 7.294981e-01
PCG: 10 : 4.593021e-04 / 9.308384e-01
PCG:  0 : 4.593022e-04
PCG:  1 : 3.421214e-04 / 7.448722e-01
PCG:  2 : 2.954663e-04 / 6.432939e-01
PCG:  3 : 3.549293e-04 / 7.727578e-01
PCG:  4 : 3.317937e-04 / 7.223866e-01
PCG:  5 : 3.702933e-04 / 8.062084e-01
PCG:  6 : 2.903618e-04 / 6.321803e-01
PCG:  7 : 2.711513e-04 / 5.903550e-01
PCG:  8 : 2.728830e-04 / 5.941252e-01
PCG:  9 : 2.549042e-04 / 5.549814e-01
PCG: 10 : 2.725474e-04 / 5.933946e-01
PCG:  0 : 2.725475e-04
PCG:  1 : 2.433063e-04 / 8.927118e-01
PCG:  2 : 2.427888e-04 / 8.908129e-01
PCG:  3 : 2.273569e-04 / 8.341920e-01
PCG:  4 : 2.292974e-04 / 8.413116e-01
PCG:  5 : 2.779134e-04 / 1.019688e+00
PCG:  6 : 2.331690e-04 / 8.555169e-01
PCG:  7 : 2.352815e-04 / 8.632681e-01
PCG:  8 : 1.833688e-04 / 6.727958e-01
PCG:  9 : 1.999566e-04 / 7.336580e-01
PCG: 10 : 2.541561e-04 / 9.325203e-01
PCG:  0 : 2.541561e-04
PCG:  1 : 1.898551e-04 / 7.470020e-01
PCG:  2 : 1.624029e-04 / 6.389887e-01
PCG:  3 : 1.952053e-04 / 7.680528e-01
PCG:  4 : 1.814397e-04 / 7.138907e-01
PCG:  5 : 2.036827e-04 / 8.014078e-01
PCG:  6 : 1.587685e-04 / 6.246888e-01
PCG:  7 : 1.493295e-04 / 5.875505e-01
PCG:  8 : 1.501807e-04 / 5.908993e-01
PCG:  9 : 1.419181e-04 / 5.583897e-01
PCG: 10 : 1.512198e-04 / 5.949880e-01
PCG:  0 : 1.512198e-04
PCG:  1 : 1.352294e-04 / 8.942569e-01
PCG:  2 : 1.335898e-04 / 8.834147e-01
PCG:  3 : 1.251515e-04 / 8.276128e-01
PCG:  4 : 1.253241e-04 / 8.287546e-01
PCG:  5 : 1.526569e-04 / 1.009503e+00
PCG:  6 : 1.275702e-04 / 8.436072e-01
PCG:  7 : 1.296601e-04 / 8.574278e-01
PCG:  8 : 1.010681e-04 / 6.683524e-01
PCG:  9 : 1.113689e-04 / 7.364699e-01
PCG: 10 : 1.410779e-04 / 9.329324e-01
PCG:  0 : 1.410779e-04
PCG:  1 : 1.055732e-04 / 7.483330e-01
PCG:  2 : 8.942639e-05 / 6.338797e-01
PCG:  3 : 1.073849e-04 / 7.611745e-01
PCG:  4 : 9.918266e-05 / 7.030348e-01
PCG:  5 : 1.118533e-04 / 7.928476e-01
PCG:  6 : 8.685213e-05 / 6.156325e-01
PCG:  7 : 8.239468e-05 / 5.840369e-01
PCG:  8 : 8.288025e-05 / 5.874787e-01
PCG:  9 : 7.916169e-05 / 5.611205e-01
PCG: 10 : 8.412453e-05 / 5.962986e-01
PCG:  0 : 8.412453e-05
PCG:  1 : 7.529202e-05 / 8.950067e-01
PCG:  2 : 7.363271e-05 / 8.752822e-01
PCG:  3 : 6.892874e-05 / 8.193655e-01
PCG:  4 : 6.850702e-05 / 8.143525e-01
PCG:  5 : 8.378002e-05 / 9.959047e-01
PCG:  6 : 6.983458e-05 / 8.301334e-01
PCG:  7 : 7.152855e-05 / 8.502698e-01
PCG:  8 : 5.583015e-05 / 6.636607e-01
PCG:  9 : 6.212333e-05 / 7.384687e-01
PCG: 10 : 7.848214e-05 / 9.329281e-01
PCG:  0 : 7.848215e-05
PCG:  1 : 5.879219e-05 / 7.491155e-01
PCG:  2 : 4.932781e-05 / 6.285227e-01
PCG:  3 : 5.911204e-05 / 7.531908e-01
PCG:  4 : 5.424689e-05 / 6.912004e-01
PCG:  5 : 6.139522e-05 / 7.822826e-01
PCG:  6 : 4.754358e-05 / 6.057885e-01
PCG:  7 : 4.550378e-05 / 5.797979e-01
PCG:  8 : 4.581571e-05 / 5.837723e-01
PCG:  9 : 4.420766e-05 / 5.632830e-01
PCG: 10 : 4.688961e-05 / 5.974557e-01
PCG:  0 : 4.688961e-05
PCG:  1 : 4.197601e-05 / 8.952091e-01
PCG:  2 : 4.065308e-05 / 8.669953e-01
PCG:  3 : 3.799651e-05 / 8.103396e-01
PCG:  4 : 3.748033e-05 / 7.993312e-01
PCG:  5 : 4.597651e-05 / 9.805264e-01
PCG:  6 : 3.825998e-05 / 8.159586e-01
PCG:  7 : 3.948509e-05 / 8.420860e-01
PCG:  8 : 3.088677e-05 / 6.587124e-01
PCG:  9 : 3.468787e-05 / 7.397771e-01
PCG: 10 : 4.373311e-05 / 9.326822e-01
PCG:  0 : 4.373311e-05
PCG:  1 : 3.277892e-05 / 7.495217e-01
PCG:  2 : 2.725402e-05 / 6.231896e-01
PCG:  3 : 3.256954e-05 / 7.447340e-01
PCG:  4 : 2.970224e-05 / 6.791705e-01
PCG:  5 : 3.370516e-05 / 7.707011e-01
PCG:  6 : 2.604965e-05 / 5.956506e-01
PCG:  7 : 2.514663e-05 / 5.750021e-01
PCG:  8 : 2.535754e-05 / 5.798246e-01
PCG:  9 : 2.470643e-05 / 5.649364e-01
PCG: 10 : 2.617334e-05 / 5.984787e-01
PCG:  0 : 2.617334e-05
PCG:  1 : 2.342681e-05 / 8.950638e-01
PCG:  2 : 2.248043e-05 / 8.589054e-01
PCG:  3 : 2.096810e-05 / 8.011243e-01
PCG:  4 : 2.053259e-05 / 7.844849e-01
PCG:  5 : 2.524314e-05 / 9.644599e-01
PCG:  6 : 2.098388e-05 / 8.017271e-01
PCG:  7 : 2.180944e-05 / 8.332692e-01
PCG:  8 : 1.710681e-05 / 6.535968e-01
PCG:  9 : 1.938135e-05 / 7.404997e-01
PCG: 10 : 2.439968e-05 / 9.322339e-01
PCG:  0 : 2.439968e-05
PCG:  1 : 1.829260e-05 / 7.497067e-01
PCG:  2 : 1.508117e-05 / 6.180890e-01
PCG:  3 : 1.796531e-05 / 7.362930e-01
PCG:  4 : 1.628754e-05 / 6.675310e-01
PCG:  5 : 1.851619e-05 / 7.588703e-01
PCG:  6 : 1.428988e-05 / 5.856586e-01
PCG:  7 : 1.390555e-05 / 5.699070e-01
PCG:  8 : 1.404816e-05 / 5.757517e-01
PCG:  9 : 1.381435e-05 / 5.661693e-01
PCG: 10 : 1.462429e-05 / 5.993639e-01
PCG:  0 : 1.462429e-05
PCG:  1 : 1.308527e-05 / 8.947627e-01
PCG:  2 : 1.244959e-05 / 8.512958e-01
PCG:  3 : 1.158525e-05 / 7.921922e-01
PCG:  4 : 1.126708e-05 / 7.704359e-01
PCG:  5 : 1.387246e-05 / 9.485902e-01
PCG:  6 : 1.152419e-05 / 7.880171e-01
PCG:  7 : 1.205433e-05 / 8.242680e-01
PCG:  8 : 9.483327e-06 / 6.484641e-01
PCG:  9 : 1.083336e-05 / 7.407786e-01
PCG: 10 : 1.362396e-05 / 9.315979e-01
PCG:  0 : 1.362396e-05
PCG:  1 : 1.021560e-05 / 7.498261e-01
PCG:  2 : 8.356931e-06 / 6.133996e-01
PCG:  3 : 9.921911e-06 / 7.282693e-01
PCG:  4 : 8.947595e-06 / 6.567544e-01
PCG:  5 : 1.018289e-05 / 7.474254e-01
PCG:  6 : 7.850379e-06 / 5.762187e-01
PCG:  7 : 7.694946e-06 / 5.648099e-01
PCG:  8 : 7.788951e-06 / 5.717098e-01
PCG:  9 : 7.726261e-06 / 5.671084e-01
PCG: 10 : 8.175933e-06 / 6.001143e-01
PCG:  0 : 8.175933e-06
PCG:  1 : 7.313253e-06 / 8.944855e-01
PCG:  2 : 6.903672e-06 / 8.443895e-01
PCG:  3 : 6.409245e-06 / 7.839161e-01
PCG:  4 : 6.194634e-06 / 7.576669e-01
PCG:  5 : 7.633204e-06 / 9.336188e-01
PCG:  6 : 6.339077e-06 / 7.753338e-01
PCG:  7 : 6.667699e-06 / 8.155277e-01
PCG:  8 : 5.261163e-06 / 6.434940e-01
PCG:  9 : 6.056718e-06 / 7.407984e-01
PCG: 10 : 7.610119e-06 / 9.307953e-01
PCG:  0 : 7.610119e-06
PCG:  1 : 5.707805e-06 / 7.500284e-01
PCG:  2 : 4.636558e-06 / 6.092622e-01
PCG:  3 : 5.486614e-06 / 7.209629e-01
PCG:  4 : 4.925273e-06 / 6.472005e-01
PCG:  5 : 5.607506e-06 / 7.368487e-01
PCG:  6 : 4.320035e-06 / 5.676698e-01
PCG:  7 : 4.261636e-06 / 5.599960e-01
PCG:  8 : 4.321499e-06 / 5.678622e-01
PCG:  9 : 4.321870e-06 / 5.679110e-01
PCG: 10 : 4.571709e-06 / 6.007408e-01
PCG:  0 : 4.571709e-06
PCG:  1 : 4.088979e-06 / 8.944094e-01
PCG:  2 : 3.832695e-06 / 8.383506e-01
PCG:  3 : 3.550203e-06 / 7.765592e-01
PCG:  4 : 3.412883e-06 / 7.465224e-01
PCG:  5 : 4.206145e-06 / 9.200379e-01
PCG:  6 : 3.493129e-06 / 7.640752e-01
PCG:  7 : 3.691359e-06 / 8.074353e-01
PCG:  8 : 2.920686e-06 / 6.388608e-01
PCG:  9 : 3.386597e-06 / 7.407726e-01
PCG: 10 : 4.251044e-06 / 9.298588e-01
PCG:  0 : 4.251044e-06
PCG:  1 : 3.190213e-06 / 7.504541e-01
PCG:  2 : 2.575167e-06 / 6.057729e-01
PCG:  3 : 3.037653e-06 / 7.145663e-01
PCG:  4 : 2.716887e-06 / 6.391107e-01
PCG:  5 : 3.092415e-06 / 7.274484e-01
PCG:  6 : 2.381711e-06 / 5.602650e-01
PCG:  7 : 2.362311e-06 / 5.557014e-01
PCG:  8 : 2.399083e-06 / 5.643516e-01
PCG:  9 : 2.417793e-06 / 5.687528e-01
PCG: 10 : 2.555962e-06 / 6.012552e-01
PCG:  0 : 2.555962e-06
PCG:  1 : 2.286843e-06 / 8.947095e-01
PCG:  2 : 2.129838e-06 / 8.332823e-01
PCG:  3 : 1.968782e-06 / 7.702705e-01
PCG:  4 : 1.884302e-06 / 7.372182e-01
PCG:  5 : 2.321125e-06 / 9.081219e-01
PCG:  6 : 1.928511e-06 / 7.545149e-01
PCG:  7 : 2.045500e-06 / 8.002858e-01
PCG:  8 : 1.622292e-06 / 6.347088e-01
PCG:  9 : 1.893791e-06 / 7.409306e-01
PCG: 10 : 2.374026e-06 / 9.288191e-01
PCG:  0 : 2.374026e-06
PCG:  1 : 1.783499e-06 / 7.512549e-01
PCG:  2 : 1.431526e-06 / 6.029951e-01
PCG:  3 : 1.683603e-06 / 7.091761e-01
PCG:  4 : 1.501886e-06 / 6.326326e-01
PCG:  5 : 1.707812e-06 / 7.193735e-01
PCG:  6 : 1.315626e-06 / 5.541751e-01
PCG:  7 : 1.310701e-06 / 5.521007e-01
PCG:  8 : 1.332525e-06 / 5.612932e-01
PCG:  9 : 1.352787e-06 / 5.698282e-01
PCG: 10 : 1.428396e-06 / 6.016766e-01
PCG:  0 : 1.428396e-06
PCG:  1 : 1.279242e-06 / 8.955793e-01
PCG:  2 : 1.184490e-06 / 8.292446e-01
PCG:  3 : 1.092877e-06 / 7.651079e-01
PCG:  4 : 1.042547e-06 / 7.298725e-01
PCG:  5 : 1.282628e-06 / 8.979495e-01
PCG:  6 : 1.066759e-06 / 7.468229e-01
PCG:  7 : 1.134530e-06 / 7.942684e-01
PCG:  8 : 9.015237e-07 / 6.311440e-01
PCG:  9 : 1.059179e-06 / 7.415162e-01
PCG: 10 : 1.325122e-06 / 9.276992e-01
PCG:  0 : 1.325122e-06
PCG:  1 : 9.972891e-07 / 7.526017e-01
PCG:  2 : 7.963581e-07 / 6.009696e-01
PCG:  3 : 9.339645e-07 / 7.048139e-01
PCG:  4 : 8.319779e-07 / 6.278500e-01
PCG:  5 : 9.443253e-07 / 7.126327e-01
PCG:  6 : 7.281625e-07 / 5.495060e-01
PCG:  7 : 7.278940e-07 / 5.493034e-01
PCG:  8 : 7.404294e-07 / 5.587631e-01
PCG:  9 : 7.570978e-07 / 5.713419e-01
PCG: 10 : 7.977439e-07 / 6.020154e-01
PCG:  0 : 7.977439e-07
PCG:  1 : 7.157719e-07 / 8.972453e-01
PCG:  2 : 6.591549e-07 / 8.262738e-01
PCG:  3 : 6.071387e-07 / 7.610697e-01
PCG:  4 : 5.780099e-07 / 7.245557e-01
PCG:  5 : 7.095567e-07 / 8.894543e-01
PCG:  6 : 5.912131e-07 / 7.411063e-01
PCG:  7 : 6.298098e-07 / 7.894887e-01
PCG:  8 : 5.011773e-07 / 6.282434e-01
PCG:  9 : 5.925565e-07 / 7.427905e-01
PCG: 10 : 7.391214e-07 / 9.265147e-01
PCG:  0 : 7.391214e-07
PCG:  1 : 5.578140e-07 / 7.546986e-01
PCG:  2 : 4.432730e-07 / 5.997295e-01
PCG:  3 : 5.184631e-07 / 7.014586e-01
PCG:  4 : 4.618205e-07 / 6.248235e-01
PCG:  5 : 5.226622e-07 / 7.071398e-01
PCG:  6 : 4.038054e-07 / 5.463316e-01
PCG:  7 : 4.045705e-07 / 5.473668e-01
PCG:  8 : 4.115564e-07 / 5.568184e-01
PCG:  9 : 4.238977e-07 / 5.735156e-01
PCG: 10 : 4.451562e-07 / 6.022775e-01
PCG:  0 : 4.451563e-07
PCG:  1 : 4.006335e-07 / 8.999839e-01
PCG:  2 : 3.669904e-07 / 8.244080e-01
PCG:  3 : 3.374848e-07 / 7.581265e-01
PCG:  4 : 3.211054e-07 / 7.213319e-01
PCG:  5 : 3.928418e-07 / 8.824806e-01
PCG:  6 : 3.282820e-07 / 7.374534e-01
PCG:  7 : 3.498894e-07 / 7.859923e-01
PCG:  8 : 2.787002e-07 / 6.260727e-01
PCG:  9 : 3.316556e-07 / 7.450317e-01
PCG: 10 : 4.118953e-07 / 9.252825e-01
PCG:  0 : 4.118954e-07
PCG:  1 : 3.121283e-07 / 7.577853e-01
PCG:  2 : 2.468529e-07 / 5.993097e-01
PCG:  3 : 2.879455e-07 / 6.990744e-01
PCG:  4 : 2.568629e-07 / 6.236121e-01
PCG:  5 : 2.894591e-07 / 7.027492e-01
PCG:  6 : 2.243672e-07 / 5.447189e-01
PCG:  7 : 2.250201e-07 / 5.463041e-01
PCG:  8 : 2.288109e-07 / 5.555074e-01
PCG:  9 : 2.374870e-07 / 5.765711e-01
PCG: 10 : 2.481522e-07 / 6.024641e-01
PCG:  0 : 2.481522e-07
PCG:  1 : 2.243572e-07 / 9.041112e-01
PCG:  2 : 2.043996e-07 / 8.236866e-01
PCG:  3 : 1.876637e-07 / 7.562447e-01
PCG:  4 : 1.787372e-07 / 7.202726e-01
PCG:  5 : 2.175869e-07 / 8.768287e-01
PCG:  6 : 1.826303e-07 / 7.359608e-01
PCG:  7 : 1.944948e-07 / 7.837723e-01
PCG:  8 : 1.550220e-07 / 6.247053e-01
PCG:  9 : 1.857451e-07 / 7.485130e-01
PCG: 10 : 2.292991e-07 / 9.240264e-01
PCG:  0 : 2.292992e-07
PCG:  1 : 1.747519e-07 / 7.621133e-01
PCG:  2 : 1.375199e-07 / 5.997403e-01
PCG:  3 : 1.599657e-07 / 6.976287e-01
PCG:  4 : 1.431463e-07 / 6.242773e-01
PCG:  5 : 1.603474e-07 / 6.992936e-01
PCG:  6 : 1.249076e-07 / 5.447363e-01
PCG:  7 : 1.252184e-07 / 5.460920e-01
PCG:  8 : 1.272368e-07 / 5.548943e-01
PCG:  9 : 1.331561e-07 / 5.807090e-01
PCG: 10 : 1.381730e-07 / 6.025884e-01
PCG:  0 : 1.381730e-07
PCG:  1 : 1.257275e-07 / 9.099277e-01
PCG:  2 : 1.138723e-07 / 8.241280e-01
PCG:  3 : 1.043755e-07 / 7.553968e-01
PCG:  4 : 9.968159e-08 / 7.214259e-01
PCG:  5 : 1.205269e-07 / 8.722894e-01
PCG:  6 : 1.017942e-07 / 7.367156e-01
PCG:  7 : 1.081555e-07 / 7.827544e-01
PCG:  8 : 8.625245e-08 / 6.242351e-01
PCG:  9 : 1.041053e-07 / 7.534419e-01
PCG: 10 : 1.275049e-07 / 9.227916e-01
PCG:  0 : 1.275049e-07
PCG:  1 : 9.790901e-08 / 7.678842e-01
PCG:  2 : 7.663358e-08 / 6.010245e-01
PCG:  3 : 8.888254e-08 / 6.970911e-01
PCG:  4 : 7.992335e-08 / 6.268256e-01
PCG:  5 : 8.882050e-08 / 6.966045e-01
PCG:  6 : 6.967156e-08 / 5.464225e-01
PCG:  7 : 6.970054e-08 / 5.466498e-01
PCG:  8 : 7.077305e-08 / 5.550614e-01
PCG:  9 : 7.472163e-08 / 5.860294e-01
PCG: 10 : 7.684515e-08 / 6.026838e-01
PCG:  0 : 7.684515e-08
PCG:  1 : 7.051369e-08 / 9.176076e-01
PCG:  2 : 6.345002e-08 / 8.256868e-01
PCG:  3 : 5.805992e-08 / 7.555444e-01
PCG:  4 : 5.569241e-08 / 7.247356e-01
PCG:  5 : 6.675315e-08 / 8.686710e-01
PCG:  6 : 5.684426e-08 / 7.397248e-01
PCG:  7 : 6.015210e-08 / 7.827703e-01
PCG:  8 : 4.800976e-08 / 6.247598e-01
PCG:  9 : 5.839095e-08 / 7.598521e-01
PCG: 10 : 7.082545e-08 / 9.216646e-01
PCG:  0 : 7.082546e-08
PCG:  1 : 5.489863e-08 / 7.751257e-01
PCG:  2 : 4.271394e-08 / 6.030873e-01
PCG:  3 : 4.939448e-08 / 6.974114e-01
PCG:  4 : 4.469910e-08 / 6.311163e-01
PCG:  5 : 4.919044e-08 / 6.945305e-01
PCG:  6 : 3.893357e-08 / 5.497115e-01
PCG:  7 : 3.879933e-08 / 5.478162e-01
PCG:  8 : 3.938505e-08 / 5.560861e-01
PCG:  9 : 4.195950e-08 / 5.924352e-01
PCG: 10 : 4.269469e-08 / 6.028156e-01
PCG:  0 : 4.269469e-08
PCG:  1 : 3.957905e-08 / 9.270250e-01
PCG:  2 : 3.535898e-08 / 8.281822e-01
PCG:  3 : 3.230259e-08 / 7.565949e-01
PCG:  4 : 3.116313e-08 / 7.299064e-01
PCG:  5 : 3.696507e-08 / 8.658001e-01
PCG:  6 : 3.179821e-08 / 7.447814e-01
PCG:  7 : 3.345188e-08 / 7.835137e-01
PCG:  8 : 2.674040e-08 / 6.263166e-01
PCG:  9 : 3.276703e-08 / 7.674731e-01
PCG: 10 : 3.931161e-08 / 9.207610e-01
PCG:  0 : 3.931161e-08
PCG:  1 : 3.080288e-08 / 7.835568e-01
PCG:  2 : 2.381220e-08 / 6.057294e-01
PCG:  3 : 2.745794e-08 / 6.984689e-01
PCG:  4 : 2.503175e-08 / 6.367521e-01
PCG:  5 : 2.724036e-08 / 6.929343e-01
PCG:  6 : 2.179153e-08 / 5.543281e-01
PCG:  7 : 2.159542e-08 / 5.493396e-01
PCG:  8 : 2.193480e-08 / 5.579727e-01
PCG:  9 : 2.356928e-08 / 5.995501e-01
PCG: 10 : 2.370743e-08 / 6.030643e-01
PCG:  0 : 2.370743e-08
PCG:  1 : 2.222848e-08 / 9.376166e-01
PCG:  2 : 1.970713e-08 / 8.312641e-01
PCG:  3 : 1.797855e-08 / 7.583510e-01
PCG:  4 : 1.745620e-08 / 7.363178e-01
PCG:  5 : 2.047191e-08 / 8.635228e-01
PCG:  6 : 1.781244e-08 / 7.513444e-01
PCG:  7 : 1.860015e-08 / 7.845706e-01
PCG:  8 : 1.490717e-08 / 6.287972e-01
PCG:  9 : 1.838946e-08 / 7.756835e-01
PCG: 10 : 2.181510e-08 / 9.201799e-01
PCG:  0 : 2.181510e-08
PCG:  1 : 1.728928e-08 / 7.925371e-01
PCG:  2 : 1.327732e-08 / 6.086298e-01
PCG:  3 : 1.527147e-08 / 7.000415e-01
PCG:  4 : 1.402844e-08 / 6.430612e-01
PCG:  5 : 1.508956e-08 / 6.917027e-01
PCG:  6 : 1.221080e-08 / 5.597406e-01
PCG:  7 : 1.201839e-08 / 5.509209e-01
PCG:  8 : 1.222891e-08 / 5.605709e-01
PCG:  9 : 1.323629e-08 / 6.067492e-01
PCG: 10 : 1.316514e-08 / 6.034876e-01
PCG:  0 : 1.316514e-08
PCG:  1 : 1.248602e-08 / 9.484148e-01
PCG:  2 : 1.098588e-08 / 8.344676e-01
PCG:  3 : 1.001208e-08 / 7.604989e-01
PCG:  4 : 9.782769e-09 / 7.430812e-01
PCG:  5 : 1.134447e-08 / 8.617050e-01
PCG:  6 : 9.986386e-09 / 7.585475e-01
PCG:  7 : 1.034152e-08 / 7.855228e-01
PCG:  8 : 8.318895e-09 / 6.318880e-01
PCG:  9 : 1.031664e-08 / 7.836334e-01
PCG: 10 : 1.211123e-08 / 9.199466e-01

PCG ( VCycle ( S: Scale / C: Scale )  )

Complete solver TOE: 3.77821
0.119178 GFlop/s [0.119178 GFlops/s]

Total time: 3.77821s
Accumulated op time: 2.02

Reductions: 28.0132%
Blas-1: 14.1528%
Blas-2: 11.2985%
Precon Kernels: 0%
MPI Execution: 0%
MPI Wait: 0%
Not covered: 46.5355%

Domain size: 6.62421 MByte
LA size: 21.4255 MByte
MPI size: 0.663132 MByte

H0-Error: 6.876919e-06
H1-Error: 8.068795e-03

Writing DATA to output.data...
Run-Time: 0:04.545 [0:04.545]
0xb33529f8 Error: MemoryPool<CUDA> still contains memory chunks on deconstructor call
