NUM-PROCS: 1
Preparing domain...
LVL-MIN: 1 [1]
LVL-MAX: 7 [7]
Creating gates...
Assembling system matrices...
Assembling system filters...
Assembling transfer matrices...
Converting assembled linear system from SparseMatrixCSR, Mem:main to SparseMatrixELL, Mem:cudaand to SparseMatrixELL, Mem:cuda...
PCG:  0 : 7.572471e-02
PCG:  1 : 2.422583e-02 / 3.199198e-01
PCG:  2 : 7.698110e-03 / 1.016592e-01
PCG:  3 : 1.678563e-03 / 2.216665e-02
PCG:  4 : 1.626272e-04 / 2.147611e-03
PCG:  5 : 1.508615e-05 / 1.992237e-04
PCG:  6 : 2.383266e-06 / 3.147277e-05
PCG:  7 : 1.883441e-07 / 2.487221e-06
PCG:  8 : 2.232612e-08 / 2.948326e-07
PCG:  9 : 2.737815e-09 / 3.615484e-08
PCG:  0 : 4.379360e-03
PCG:  1 : 3.165394e-04 / 7.227984e-02
PCG:  2 : 4.757928e-05 / 1.086444e-02
PCG:  3 : 6.217427e-06 / 1.419712e-03
PCG:  4 : 7.840490e-07 / 1.790328e-04
PCG:  5 : 8.536036e-08 / 1.949152e-05
PCG:  6 : 9.673339e-09 / 2.208848e-06
PCG:  7 : 9.242233e-10 / 2.110407e-07
PCG:  8 : 1.628198e-10 / 3.717890e-08
PCG:  0 : 1.103361e-08
PCG:  1 : 1.839360e-09 / 1.667051e-01
PCG:  2 : 2.661770e-10 / 2.412419e-02
PCG:  3 : 2.578161e-11 / 2.336642e-03
PCG:  4 : 3.409622e-12 / 3.090214e-04
PCG:  5 : 3.863741e-13 / 3.501792e-05
PCG:  6 : 3.891938e-14 / 3.527347e-06
PCG:  7 : 5.324939e-15 / 4.826106e-07
PCG:  8 : 5.223120e-16 / 4.733826e-08

PCG ( VCycle ( S: Scale / C: Scale )  )

Complete solver TOE: 0.693148
0.0873313 GFlop/s [0.0873313 GFlops/s]

Total time: 0.693148s
Accumulated op time: 0.068357

Reductions: 2.84167%
Blas-1: 3.57442%
Blas-2: 3.44573%
Precon Kernels: 0%
MPI Execution: 0%
MPI Wait: 0%
Not covered: 90.1382%

Domain size: 1.70187 MByte
LA size: 5.65261 MByte
MPI size: 0.170639 MByte

H0-Error: 2.746078e-05
H1-Error: 1.613732e-02

Writing DATA to output.data...
Run-Time: 0:00.948 [0:00.948]
0xb33639f8 Error: MemoryPool<CUDA> still contains memory chunks on deconstructor call
