NUM-PROCS: 1
Preparing domain...
LVL-MIN: 4 [4]
LVL-MAX: 9 [9]
Creating gates...
Assembling system matrices...
Assembling system filters...
Assembling transfer matrices...
Converting assembled linear system from SparseMatrixCSR, Mem:main to SparseMatrixELL, Mem:cudaand to SparseMatrixELL, Mem:cuda...
PCG: 0 : 1.894534e-02
PCG: 1 : 3.774795e-02 / 1.992466e+00
PCG: 2 : 4.953643e-02 / 2.614703e+00
PCG: 0 : 4.951472e-02
PCG: 1 : 7.690550e-02 / 1.553185e+00
PCG: 2 : 1.519749e-01 / 3.069286e+00
PCG: 0 : 1.519749e-01
PCG: 1 : 5.714368e-02 / 3.760075e-01
PCG: 2 : 5.534949e-02 / 3.642016e-01
PCG: 0 : 5.534950e-02
PCG: 1 : 5.421120e-02 / 9.794344e-01
PCG: 2 : 7.803915e-02 / 1.409934e+00
PCG: 0 : 7.803914e-02
PCG: 1 : 3.885172e-02 / 4.978491e-01
PCG: 2 : 2.833571e-02 / 3.630961e-01
PCG: 0 : 2.833571e-02
PCG: 1 : 3.179859e-02 / 1.122209e+00
PCG: 2 : 4.856052e-02 / 1.713757e+00
PCG: 0 : 4.856052e-02
PCG: 1 : 2.499821e-02 / 5.147846e-01
PCG: 2 : 1.840788e-02 / 3.790709e-01
PCG: 0 : 1.840788e-02
PCG: 1 : 2.097993e-02 / 1.139725e+00
PCG: 2 : 3.124064e-02 / 1.697134e+00
PCG: 0 : 3.124064e-02
PCG: 1 : 1.637320e-02 / 5.240993e-01
PCG: 2 : 1.193967e-02 / 3.821840e-01
PCG: 0 : 1.193967e-02
PCG: 1 : 1.375944e-02 / 1.152414e+00
PCG: 2 : 2.023018e-02 / 1.694366e+00
PCG: 0 : 2.023018e-02
PCG: 1 : 1.071577e-02 / 5.296922e-01
PCG: 2 : 7.771083e-03 / 3.841332e-01
PCG: 0 : 7.771084e-03
PCG: 1 : 9.013033e-03 / 1.159817e+00
PCG: 2 : 1.315684e-02 / 1.693051e+00
PCG: 0 : 1.315684e-02
PCG: 1 : 7.006811e-03 / 5.325605e-01
PCG: 2 : 5.068501e-03 / 3.852370e-01
PCG: 0 : 5.068501e-03
PCG: 1 : 5.896714e-03 / 1.163404e+00
PCG: 2 : 8.579076e-03 / 1.692626e+00
PCG: 0 : 8.579075e-03
PCG: 1 : 4.578321e-03 / 5.336614e-01
PCG: 2 : 3.310950e-03 / 3.859332e-01
PCG: 0 : 3.310950e-03
PCG: 1 : 3.855079e-03 / 1.164343e+00
PCG: 2 : 5.603381e-03 / 1.692379e+00
PCG: 0 : 5.603381e-03
PCG: 1 : 2.990413e-03 / 5.336800e-01
PCG: 2 : 2.165174e-03 / 3.864050e-01
PCG: 0 : 2.165175e-03
PCG: 1 : 2.519420e-03 / 1.163610e+00
PCG: 2 : 3.663914e-03 / 1.692202e+00
PCG: 0 : 3.663914e-03
PCG: 1 : 1.953015e-03 / 5.330407e-01
PCG: 2 : 1.416988e-03 / 3.867417e-01
PCG: 0 : 1.416988e-03
PCG: 1 : 1.646354e-03 / 1.161869e+00
PCG: 2 : 2.397494e-03 / 1.691964e+00
PCG: 0 : 2.397494e-03
PCG: 1 : 1.275598e-03 / 5.320547e-01
PCG: 2 : 9.278082e-04 / 3.869909e-01
PCG: 0 : 9.278082e-04
PCG: 1 : 1.075904e-03 / 1.159618e+00
PCG: 2 : 1.569576e-03 / 1.691703e+00
PCG: 0 : 1.569576e-03
PCG: 1 : 8.333006e-04 / 5.309080e-01
PCG: 2 : 6.077135e-04 / 3.871831e-01
PCG: 0 : 6.077135e-04
PCG: 1 : 7.032256e-04 / 1.157166e+00
PCG: 2 : 1.027908e-03 / 1.691435e+00
PCG: 0 : 1.027908e-03
PCG: 1 : 5.445003e-04 / 5.297169e-01
PCG: 2 : 3.981510e-04 / 3.873411e-01
PCG: 0 : 3.981510e-04
PCG: 1 : 4.597367e-04 / 1.154679e+00
PCG: 2 : 6.733119e-04 / 1.691097e+00
PCG: 0 : 6.733119e-04
PCG: 1 : 3.558910e-04 / 5.285677e-01
PCG: 2 : 2.608913e-04 / 3.874747e-01
PCG: 0 : 2.608913e-04
PCG: 1 : 3.006274e-04 / 1.152309e+00
PCG: 2 : 4.411143e-04 / 1.690797e+00
PCG: 0 : 4.411143e-04
PCG: 1 : 2.326802e-04 / 5.274827e-01
PCG: 2 : 1.709720e-04 / 3.875911e-01
PCG: 0 : 1.709720e-04
PCG: 1 : 1.966334e-04 / 1.150091e+00
PCG: 2 : 2.890246e-04 / 1.690479e+00
PCG: 0 : 2.890246e-04
PCG: 1 : 1.521695e-04 / 5.264934e-01
PCG: 2 : 1.120519e-04 / 3.876900e-01
PCG: 0 : 1.120519e-04
PCG: 1 : 1.286444e-04 / 1.148078e+00
PCG: 2 : 1.893885e-04 / 1.690185e+00
PCG: 0 : 1.893885e-04
PCG: 1 : 9.954347e-05 / 5.256046e-01
PCG: 2 : 7.344055e-05 / 3.877772e-01
PCG: 0 : 7.344055e-05
PCG: 1 : 8.418349e-05 / 1.146281e+00
PCG: 2 : 1.241085e-04 / 1.689918e+00
PCG: 0 : 1.241085e-04
PCG: 1 : 6.513429e-05 / 5.248173e-01
PCG: 2 : 4.813696e-05 / 3.878619e-01
PCG: 0 : 4.813696e-05
PCG: 1 : 5.510078e-05 / 1.144667e+00
PCG: 2 : 8.133360e-05 / 1.689629e+00
PCG: 0 : 8.133360e-05
PCG: 1 : 4.262951e-05 / 5.241316e-01
PCG: 2 : 3.155220e-05 / 3.879356e-01
PCG: 0 : 3.155220e-05
PCG: 1 : 3.607254e-05 / 1.143266e+00
PCG: 2 : 5.330413e-05 / 1.689395e+00
PCG: 0 : 5.330413e-05
PCG: 1 : 2.790641e-05 / 5.235318e-01
PCG: 2 : 2.068234e-05 / 3.880064e-01
PCG: 0 : 2.068234e-05
PCG: 1 : 2.361989e-05 / 1.142032e+00
PCG: 2 : 3.493561e-05 / 1.689151e+00
PCG: 0 : 3.493561e-05
PCG: 1 : 1.827205e-05 / 5.230207e-01
PCG: 2 : 1.355745e-05 / 3.880698e-01
PCG: 0 : 1.355745e-05
PCG: 1 : 1.546861e-05 / 1.140967e+00
PCG: 2 : 2.289779e-05 / 1.688945e+00
PCG: 0 : 2.289779e-05
PCG: 1 : 1.196593e-05 / 5.225801e-01
PCG: 2 : 8.887223e-06 / 3.881258e-01
PCG: 0 : 8.887223e-06
PCG: 1 : 1.013195e-05 / 1.140058e+00
PCG: 2 : 1.500842e-05 / 1.688764e+00
PCG: 0 : 1.500842e-05
PCG: 1 : 7.837493e-06 / 5.222063e-01
PCG: 2 : 5.826007e-06 / 3.881825e-01
PCG: 0 : 5.826007e-06
PCG: 1 : 6.637390e-06 / 1.139269e+00
PCG: 2 : 9.837595e-06 / 1.688566e+00
PCG: 0 : 9.837595e-06
PCG: 1 : 5.134229e-06 / 5.218989e-01
PCG: 2 : 3.819257e-06 / 3.882308e-01
PCG: 0 : 3.819257e-06
PCG: 1 : 4.348664e-06 / 1.138615e+00
PCG: 2 : 6.448502e-06 / 1.688418e+00
PCG: 0 : 6.448502e-06
PCG: 1 : 3.363788e-06 / 5.216388e-01
PCG: 2 : 2.503816e-06 / 3.882788e-01
PCG: 0 : 2.503817e-06
PCG: 1 : 2.849484e-06 / 1.138056e+00
PCG: 2 : 4.227103e-06 / 1.688264e+00
PCG: 0 : 4.227103e-06
PCG: 1 : 2.204132e-06 / 5.214285e-01
PCG: 2 : 1.641485e-06 / 3.883238e-01
PCG: 0 : 1.641485e-06
PCG: 1 : 1.867330e-06 / 1.137586e+00
PCG: 2 : 2.770999e-06 / 1.688105e+00
PCG: 0 : 2.770999e-06
PCG: 1 : 1.444419e-06 / 5.212630e-01
PCG: 2 : 1.076169e-06 / 3.883685e-01
PCG: 0 : 1.076169e-06
PCG: 1 : 1.223822e-06 / 1.137203e+00
PCG: 2 : 1.816544e-06 / 1.687973e+00
PCG: 0 : 1.816544e-06
PCG: 1 : 9.466559e-07 / 5.211303e-01
PCG: 2 : 7.055698e-07 / 3.884134e-01
PCG: 0 : 7.055699e-07
PCG: 1 : 8.021480e-07 / 1.136879e+00
PCG: 2 : 1.190879e-06 / 1.687826e+00
PCG: 0 : 1.190879e-06
PCG: 1 : 6.204878e-07 / 5.210335e-01
PCG: 2 : 4.625977e-07 / 3.884506e-01
PCG: 0 : 4.625977e-07
PCG: 1 : 5.258044e-07 / 1.136634e+00
PCG: 2 : 7.807326e-07 / 1.687714e+00
PCG: 0 : 7.807325e-07
PCG: 1 : 4.067308e-07 / 5.209606e-01
PCG: 2 : 3.033059e-07 / 3.884889e-01
PCG: 0 : 3.033059e-07
PCG: 1 : 3.446888e-07 / 1.136439e+00
PCG: 2 : 5.118592e-07 / 1.687600e+00
PCG: 0 : 5.118592e-07
PCG: 1 : 2.666350e-07 / 5.209147e-01
PCG: 2 : 1.988689e-07 / 3.885227e-01
PCG: 0 : 1.988689e-07
PCG: 1 : 2.259735e-07 / 1.136294e+00
PCG: 2 : 3.355881e-07 / 1.687484e+00
PCG: 0 : 3.355881e-07
PCG: 1 : 1.748054e-07 / 5.208927e-01
PCG: 2 : 1.303953e-07 / 3.885576e-01
PCG: 0 : 1.303953e-07
PCG: 1 : 1.481544e-07 / 1.136194e+00
PCG: 2 : 2.200271e-07 / 1.687385e+00
PCG: 0 : 2.200270e-07
PCG: 1 : 1.146094e-07 / 5.208878e-01
PCG: 2 : 8.550110e-08 / 3.885936e-01
PCG: 0 : 8.550109e-08
PCG: 1 : 9.713984e-08 / 1.136124e+00
PCG: 2 : 1.442632e-07 / 1.687267e+00
PCG: 0 : 1.442632e-07
PCG: 1 : 7.514732e-08 / 5.209043e-01
PCG: 2 : 5.606437e-08 / 3.886256e-01
PCG: 0 : 5.606437e-08
PCG: 1 : 6.369454e-08 / 1.136096e+00
PCG: 2 : 9.459054e-08 / 1.687177e+00
PCG: 0 : 9.459053e-08
PCG: 1 : 4.927510e-08 / 5.209306e-01
PCG: 2 : 3.676315e-08 / 3.886557e-01
PCG: 0 : 3.676315e-08
PCG: 1 : 4.176663e-08 / 1.136100e+00
PCG: 2 : 6.202258e-08 / 1.687085e+00
PCG: 0 : 6.202258e-08
PCG: 1 : 3.231209e-08 / 5.209730e-01
PCG: 2 : 2.410726e-08 / 3.886853e-01
PCG: 0 : 2.410726e-08
PCG: 1 : 2.738896e-08 / 1.136129e+00
PCG: 2 : 4.066867e-08 / 1.686988e+00
PCG: 0 : 4.066867e-08
PCG: 1 : 2.118959e-08 / 5.210298e-01
PCG: 2 : 1.580847e-08 / 3.887136e-01
PCG: 0 : 1.580847e-08
PCG: 1 : 1.796140e-08 / 1.136189e+00
PCG: 2 : 2.666743e-08 / 1.686908e+00
PCG: 0 : 2.666743e-08
PCG: 1 : 1.389627e-08 / 5.210950e-01
PCG: 2 : 1.036676e-08 / 3.887425e-01
PCG: 0 : 1.036676e-08
PCG: 1 : 1.177938e-08 / 1.136264e+00
PCG: 2 : 1.748682e-08 / 1.686815e+00
PCG: 0 : 1.748682e-08
PCG: 1 : 9.113664e-09 / 5.211734e-01
PCG: 2 : 6.798325e-09 / 3.887686e-01
PCG: 0 : 6.798326e-09
PCG: 1 : 7.725362e-09 / 1.136362e+00
PCG: 2 : 1.146698e-08 / 1.686736e+00
PCG: 0 : 1.146698e-08
PCG: 1 : 5.977248e-09 / 5.212575e-01
PCG: 2 : 4.458286e-09 / 3.887934e-01
PCG: 0 : 4.458286e-09
PCG: 1 : 5.066783e-09 / 1.136487e+00
PCG: 2 : 7.519660e-09 / 1.686671e+00
PCG: 0 : 7.519660e-09
PCG: 1 : 3.920384e-09 / 5.213512e-01
PCG: 2 : 2.923808e-09 / 3.888218e-01
PCG: 0 : 2.923808e-09
PCG: 1 : 3.323246e-09 / 1.136616e+00
PCG: 2 : 4.931202e-09 / 1.686568e+00
PCG: 0 : 4.931202e-09
PCG: 1 : 2.571412e-09 / 5.214575e-01
PCG: 2 : 1.917484e-09 / 3.888472e-01
PCG: 0 : 1.917484e-09
PCG: 1 : 2.179732e-09 / 1.136766e+00
PCG: 2 : 3.233826e-09 / 1.686494e+00
PCG: 0 : 3.233826e-09
PCG: 1 : 1.686650e-09 / 5.215649e-01
PCG: 2 : 1.257550e-09 / 3.888738e-01
PCG: 0 : 1.257550e-09
PCG: 1 : 1.429740e-09 / 1.136925e+00
PCG: 2 : 2.120736e-09 / 1.686403e+00

PCG ( VCycle ( S: Scale / C: Scale )  )

Complete solver TOE: 6.97086
0.45373 GFlop/s [0.45373 GFlops/s]

Total time: 6.97086s
Accumulated op time: 3.43456

Reductions: 33.498%
Blas-1: 8.41801%
Blas-2: 7.35415%
Precon Kernels: 0%
MPI Execution: 0%
MPI Wait: 0%
Not covered: 50.7298%

Domain size: 26.799 MByte
LA size: 89.2379 MByte
MPI size: 2.68149 MByte

H0-Error: 1.717418e-06
H1-Error: 4.034414e-03

Writing DATA to output.data...
Run-Time: 0:09.938 [0:09.938]
0xb32ee9f8 Error: MemoryPool<CUDA> still contains memory chunks on deconstructor call
