NUM-PROCS: 1
Preparing domain...
LVL-MIN: 5 [5]
LVL-MAX: 10 [10]
Creating gates...
Assembling system matrices...
Assembling system filters...
Assembling transfer matrices...
Converting assembled linear system from SparseMatrixCSR, Mem:main to SparseMatrixCSR, Mem:mainand to SparseMatrixCSR, Mem:main...
PCG:  0 : 9.466280e-03
PCG:  1 : 4.043862e-02 / 4.271860e+00
PCG:  2 : 4.478078e-02 / 4.730557e+00
PCG:  3 : 1.224985e-01 / 1.294051e+01
PCG:  4 : 2.085453e-01 / 2.203033e+01
PCG:  5 : 1.773998e-01 / 1.874018e+01
PCG:  6 : 1.608406e-01 / 1.699090e+01
PCG:  7 : 9.577692e-02 / 1.011769e+01
PCG:  8 : 7.004766e-02 / 7.399703e+00
PCG:  9 : 7.124367e-02 / 7.526047e+00
PCG: 10 : 4.837934e-02 / 5.110702e+00
PCG: 11 : 2.525395e-02 / 2.667780e+00
PCG: 12 : 1.057774e-02 / 1.117413e+00
PCG: 13 : 5.551098e-03 / 5.864075e-01
PCG: 14 : 2.897389e-03 / 3.060747e-01
PCG: 15 : 1.426073e-03 / 1.506477e-01
PCG: 16 : 1.881862e-03 / 1.987964e-01
PCG: 17 : 9.073835e-04 / 9.585427e-02
PCG: 18 : 3.622694e-04 / 3.826945e-02
PCG:  0 : 4.045117e-04
PCG:  1 : 1.004855e-03 / 2.484118e+00
PCG:  2 : 1.826937e-03 / 4.516402e+00
PCG:  3 : 9.842321e-04 / 2.433136e+00
PCG:  4 : 1.454539e-03 / 3.595790e+00
PCG:  5 : 1.020871e-03 / 2.523712e+00
PCG:  6 : 1.000214e-03 / 2.472646e+00
PCG:  7 : 6.432892e-04 / 1.590286e+00
PCG:  8 : 4.045029e-04 / 9.999784e-01
PCG:  9 : 3.800471e-04 / 9.395208e-01
PCG: 10 : 2.031132e-04 / 5.021195e-01
PCG: 11 : 2.027717e-04 / 5.012752e-01
PCG: 12 : 6.493368e-05 / 1.605236e-01
PCG: 13 : 3.437473e-05 / 8.497834e-02
PCG: 14 : 2.297131e-05 / 5.678776e-02
PCG: 15 : 2.128758e-05 / 5.262538e-02
PCG: 16 : 2.501412e-05 / 6.183783e-02
PCG: 17 : 1.880611e-05 / 4.649091e-02
PCG: 18 : 6.502107e-06 / 1.607397e-02
PCG:  0 : 6.515519e-06
PCG:  1 : 3.524370e-06 / 5.409193e-01
PCG:  2 : 1.879140e-06 / 2.884099e-01
PCG:  3 : 9.336693e-07 / 1.432993e-01
PCG:  4 : 5.608522e-07 / 8.607944e-02
PCG:  5 : 7.477485e-07 / 1.147642e-01
PCG:  6 : 9.466945e-07 / 1.452984e-01
PCG:  7 : 1.210795e-06 / 1.858325e-01
PCG:  8 : 8.432830e-07 / 1.294268e-01
PCG:  9 : 5.388663e-07 / 8.270504e-02
PCG: 10 : 6.737241e-07 / 1.034030e-01
PCG: 11 : 6.930223e-07 / 1.063649e-01
PCG: 12 : 6.186038e-07 / 9.494314e-02
PCG: 13 : 3.523375e-07 / 5.407666e-02
PCG: 14 : 3.674163e-07 / 5.639094e-02
PCG: 15 : 3.293120e-07 / 5.054271e-02
PCG: 16 : 1.861060e-07 / 2.856350e-02
PCG: 17 : 7.908123e-08 / 1.213736e-02
PCG: 18 : 1.207991e-07 / 1.854022e-02
PCG:  0 : 1.207997e-07
PCG:  1 : 5.432881e-08 / 4.497428e-01
PCG:  2 : 8.523710e-08 / 7.056066e-01
PCG:  3 : 6.247756e-08 / 5.171995e-01
PCG:  4 : 6.646364e-08 / 5.501969e-01
PCG:  5 : 5.199819e-08 / 4.304495e-01
PCG:  6 : 4.760414e-08 / 3.940749e-01
PCG:  7 : 2.905925e-08 / 2.405573e-01
PCG:  8 : 2.036222e-08 / 1.685618e-01
PCG:  9 : 1.576547e-08 / 1.305091e-01
PCG: 10 : 1.252706e-08 / 1.037010e-01
PCG: 11 : 1.078573e-08 / 8.928607e-02
PCG: 12 : 5.579487e-09 / 4.618791e-02
PCG: 13 : 5.302900e-09 / 4.389827e-02
PCG: 14 : 5.128036e-09 / 4.245072e-02
PCG: 15 : 5.572236e-09 / 4.612788e-02
PCG: 16 : 5.080209e-09 / 4.205480e-02
PCG: 17 : 5.159273e-09 / 4.270931e-02
PCG: 18 : 4.661141e-09 / 3.858569e-02

PCG ( VCycle ( S: Scale / C: Scale )  )

Complete solver TOE: 4.68453
2.31151 GFlop/s [2.31151 GFlops/s]

Total time: 4.68453s
Accumulated op time: 4.53508

Reductions: 6.52574%
Blas-1: 6.76864%
Blas-2: 83.5155%
Precon Kernels: 0%
MPI Execution: 0%
MPI Wait: 0%
Not covered: 3.19016%

Domain size: 192.384 MByte
LA size: 483.107 MByte
MPI size: 10.695 MByte

H0-Error: 4.311835e-07
H1-Error: 2.017209e-03

Writing DATA to output.data...
Run-Time: 0:06.958 [0:06.958]
0x31d198e880 Error: MemoryPool<CPU> still contains memory chunks on deconstructor call
