NUM-PROCS: 1
Preparing domain...
LVL-MIN: 4 [4]
LVL-MAX: 9 [9]
Creating gates...
Assembling system matrices...
Assembling system filters...
Assembling transfer matrices...
Converting assembled linear system from SparseMatrixCSR, Mem:main to SparseMatrixCSR, Mem:mainand to SparseMatrixCSR, Mem:main...
PCG: 0 : 1.894513e-02
PCG: 1 : 3.774730e-02 / 1.992454e+00
PCG: 2 : 4.953502e-02 / 2.614657e+00
PCG: 3 : 1.147277e-01 / 6.055789e+00
PCG: 4 : 1.196864e-01 / 6.317527e+00
PCG: 0 : 1.197108e-01
PCG: 1 : 6.535184e-02 / 5.459141e-01
PCG: 2 : 2.572229e-02 / 2.148702e-01
PCG: 3 : 1.392574e-02 / 1.163281e-01
PCG: 4 : 1.319320e-02 / 1.102089e-01
PCG: 0 : 1.319320e-02
PCG: 1 : 6.223792e-03 / 4.717423e-01
PCG: 2 : 5.954787e-03 / 4.513526e-01
PCG: 3 : 4.554474e-03 / 3.452136e-01
PCG: 4 : 2.978093e-03 / 2.257293e-01
PCG: 0 : 2.978093e-03
PCG: 1 : 2.337771e-03 / 7.849894e-01
PCG: 2 : 2.629949e-03 / 8.830985e-01
PCG: 3 : 2.546167e-03 / 8.549656e-01
PCG: 4 : 2.290519e-03 / 7.691229e-01
PCG: 0 : 2.290520e-03
PCG: 1 : 1.429016e-03 / 6.238827e-01
PCG: 2 : 1.439854e-03 / 6.286146e-01
PCG: 3 : 7.531793e-04 / 3.288246e-01
PCG: 4 : 4.997056e-04 / 2.181625e-01
PCG: 0 : 4.997062e-04
PCG: 1 : 4.848552e-04 / 9.702806e-01
PCG: 2 : 6.759816e-04 / 1.352758e+00
PCG: 3 : 5.419668e-04 / 1.084571e+00
PCG: 4 : 4.671112e-04 / 9.347718e-01
PCG: 0 : 4.671113e-04
PCG: 1 : 3.451150e-04 / 7.388282e-01
PCG: 2 : 3.531399e-04 / 7.560082e-01
PCG: 3 : 1.559857e-04 / 3.339370e-01
PCG: 4 : 1.117861e-04 / 2.393136e-01
PCG: 0 : 1.117861e-04
PCG: 1 : 1.141729e-04 / 1.021352e+00
PCG: 2 : 1.673350e-04 / 1.496922e+00
PCG: 3 : 1.171757e-04 / 1.048214e+00
PCG: 4 : 1.098480e-04 / 9.826628e-01
PCG: 0 : 1.098480e-04
PCG: 1 : 8.242566e-05 / 7.503609e-01
PCG: 2 : 8.355016e-05 / 7.605978e-01
PCG: 3 : 3.637731e-05 / 3.311604e-01
PCG: 4 : 2.685964e-05 / 2.445164e-01
PCG: 0 : 2.685962e-05
PCG: 1 : 2.695590e-05 / 1.003585e+00
PCG: 2 : 3.933628e-05 / 1.464514e+00
PCG: 3 : 2.785604e-05 / 1.037097e+00
PCG: 4 : 2.679997e-05 / 9.977792e-01
PCG: 0 : 2.679997e-05
PCG: 1 : 1.952469e-05 / 7.285341e-01
PCG: 2 : 1.958524e-05 / 7.307932e-01
PCG: 3 : 8.831347e-06 / 3.295283e-01
PCG: 4 : 6.575993e-06 / 2.453731e-01
PCG: 0 : 6.575992e-06
PCG: 1 : 6.394803e-06 / 9.724469e-01
PCG: 2 : 9.154829e-06 / 1.392159e+00
PCG: 3 : 6.764131e-06 / 1.028610e+00
PCG: 4 : 6.612897e-06 / 1.005612e+00
PCG: 0 : 6.612898e-06
PCG: 1 : 4.633591e-06 / 7.006900e-01
PCG: 2 : 4.583485e-06 / 6.931129e-01
PCG: 3 : 2.162046e-06 / 3.269438e-01
PCG: 4 : 1.627454e-06 / 2.461030e-01
PCG: 0 : 1.627453e-06
PCG: 1 : 1.525801e-06 / 9.375396e-01
PCG: 2 : 2.130172e-06 / 1.308899e+00
PCG: 3 : 1.646930e-06 / 1.011968e+00
PCG: 4 : 1.644632e-06 / 1.010556e+00
PCG: 0 : 1.644633e-06
PCG: 1 : 1.104340e-06 / 6.714814e-01
PCG: 2 : 1.072590e-06 / 6.521762e-01
PCG: 3 : 5.310359e-07 / 3.228902e-01
PCG: 4 : 4.061741e-07 / 2.469694e-01
PCG: 0 : 4.061740e-07
PCG: 1 : 3.665103e-07 / 9.023479e-01
PCG: 2 : 4.968945e-07 / 1.223354e+00
PCG: 3 : 4.007036e-07 / 9.865319e-01
PCG: 4 : 4.114069e-07 / 1.012883e+00
PCG: 0 : 4.114070e-07
PCG: 1 : 2.647512e-07 / 6.435264e-01
PCG: 2 : 2.515364e-07 / 6.114052e-01
PCG: 3 : 1.305957e-07 / 3.174368e-01
PCG: 4 : 1.019839e-07 / 2.478906e-01
PCG: 0 : 1.019839e-07
PCG: 1 : 8.869001e-08 / 8.696470e-01
PCG: 2 : 1.164982e-07 / 1.142319e+00
PCG: 3 : 9.733859e-08 / 9.544504e-01
PCG: 4 : 1.032639e-07 / 1.012551e+00

PCG ( VCycle ( S: Scale / C: Scale )  )

Complete solver TOE: 6.57202
0.43977 GFlop/s [0.43977 GFlops/s]

Total time: 6.57202s
Accumulated op time: 6.37263

Reductions: 1.83846%
Blas-1: 5.51258%
Blas-2: 89.615%
Precon Kernels: 0%
MPI Execution: 0%
MPI Wait: 0%
Not covered: 3.034%

Domain size: 26.799 MByte
LA size: 89.2379 MByte
MPI size: 2.68149 MByte

H0-Error: 1.760656e-06
H1-Error: 4.034414e-03

Writing DATA to output.data...
Run-Time: 0:09.000 [0:09.000]
0xb33749f8 Error: MemoryPool<CPU> still contains memory chunks on deconstructor call
