NUM-PROCS: 1
Preparing domain...
LVL-MIN: 4 [4]
LVL-MAX: 9 [9]
Creating gates...
Assembling system matrices...
Assembling system filters...
Assembling transfer matrices...
Converting assembled linear system from SparseMatrixCSR, Mem:main to SparseMatrixCSR, Mem:mainand to SparseMatrixCSR, Mem:main...
PCG:  0 : 1.894412e-02
PCG:  1 : 3.774227e-02 / 1.992294e+00
PCG:  2 : 4.952538e-02 / 2.614287e+00
PCG:  3 : 1.147043e-01 / 6.054875e+00
PCG:  4 : 1.196453e-01 / 6.315695e+00
PCG:  5 : 5.466951e-02 / 2.885829e+00
PCG:  6 : 2.264845e-02 / 1.195540e+00
PCG:  7 : 4.091199e-03 / 2.159614e-01
PCG:  8 : 1.388400e-03 / 7.328922e-02
PCG:  9 : 1.175699e-03 / 6.206141e-02
PCG: 10 : 3.276351e-04 / 1.729481e-02
PCG: 11 : 3.853679e-05 / 2.034234e-03
PCG: 12 : 2.613092e-05 / 1.379368e-03
PCG: 13 : 1.371453e-05 / 7.239463e-04
PCG: 14 : 3.021707e-05 / 1.595063e-03
PCG: 15 : 1.792592e-05 / 9.462524e-04
PCG: 16 : 3.126558e-06 / 1.650410e-04
PCG: 17 : 1.278109e-06 / 6.746731e-05
PCG: 18 : 8.170470e-07 / 4.312931e-05
PCG: 19 : 6.733230e-07 / 3.554258e-05
PCG:  0 : 5.491127e-04
PCG:  1 : 5.791018e-05 / 1.054614e-01
PCG:  2 : 9.637461e-05 / 1.755097e-01
PCG:  3 : 4.112110e-05 / 7.488645e-02
PCG:  4 : 6.051348e-05 / 1.102023e-01
PCG:  5 : 4.068936e-05 / 7.410020e-02
PCG:  6 : 3.261233e-05 / 5.939095e-02
PCG:  7 : 2.008300e-05 / 3.657355e-02
PCG:  8 : 9.513872e-06 / 1.732590e-02
PCG:  9 : 1.738262e-06 / 3.165584e-03
PCG: 10 : 6.488959e-07 / 1.181717e-03
PCG: 11 : 4.617887e-07 / 8.409726e-04
PCG: 12 : 3.185096e-07 / 5.800442e-04
PCG: 13 : 3.378277e-07 / 6.152248e-04
PCG: 14 : 8.986230e-08 / 1.636500e-04
PCG: 15 : 7.183333e-08 / 1.308171e-04
PCG: 16 : 3.212217e-08 / 5.849832e-05
PCG: 17 : 6.833106e-09 / 1.244390e-05
PCG: 18 : 8.077354e-09 / 1.470983e-05
PCG: 19 : 2.438020e-09 / 4.439926e-06
PCG:  0 : 1.375801e-08
PCG:  1 : 2.349021e-08 / 1.707385e+00
PCG:  2 : 2.746101e-08 / 1.996002e+00
PCG:  3 : 7.917077e-09 / 5.754522e-01
PCG:  4 : 3.599814e-09 / 2.616522e-01
PCG:  5 : 2.906734e-09 / 2.112758e-01
PCG:  6 : 1.705085e-09 / 1.239340e-01
PCG:  7 : 8.743519e-10 / 6.355222e-02
PCG:  8 : 4.839771e-10 / 3.517784e-02
PCG:  9 : 2.283630e-10 / 1.659855e-02
PCG: 10 : 1.120701e-10 / 8.145808e-03
PCG: 11 : 5.913390e-11 / 4.298144e-03
PCG: 12 : 3.942249e-11 / 2.865421e-03
PCG: 13 : 2.412497e-11 / 1.753522e-03
PCG: 14 : 1.408455e-11 / 1.023735e-03
PCG: 15 : 1.020547e-11 / 7.417837e-04
PCG: 16 : 8.014777e-12 / 5.825536e-04
PCG: 17 : 4.201847e-12 / 3.054110e-04
PCG: 18 : 2.480452e-12 / 1.802915e-04
PCG: 19 : 1.233962e-12 / 8.969045e-05

PCG ( VCycle ( S: Scale / C: Scale )  )

Complete solver TOE: 0.837135
2.56025 GFlop/s [2.56025 GFlops/s]

Total time: 0.837135s
Accumulated op time: 0.806211

Reductions: 7.19621%
Blas-1: 5.56911%
Blas-2: 83.5406%
Precon Kernels: 0%
MPI Execution: 0%
MPI Wait: 0%
Not covered: 3.69403%

Domain size: 48.2041 MByte
LA size: 120.996 MByte
MPI size: 2.68153 MByte

H0-Error: 1.716364e-06
H1-Error: 4.034414e-03

Writing DATA to output.data...
Run-Time: 0:01.401 [0:01.401]
0x31d198e880 Error: MemoryPool<CPU> still contains memory chunks on deconstructor call
