NUM-PROCS: 1
Preparing domain...
LVL-MIN: 3 [3]
LVL-MAX: 8 [8]
Creating gates...
Assembling system matrices...
Assembling system filters...
Assembling transfer matrices...
Converting assembled linear system from SparseMatrixCSR, Mem:main to SparseMatrixCSR, Mem:mainand to SparseMatrixCSR, Mem:main...
PCG:  0 : 3.788183e-02
PCG:  1 : 3.863721e-02 / 1.019940e+00
PCG:  2 : 4.165912e-02 / 1.099712e+00
PCG:  3 : 2.963630e-02 / 7.823356e-01
PCG:  4 : 5.199913e-03 / 1.372667e-01
PCG:  5 : 5.305641e-04 / 1.400577e-02
PCG:  6 : 9.290630e-05 / 2.452530e-03
PCG:  7 : 2.192175e-05 / 5.786878e-04
PCG:  8 : 2.802434e-06 / 7.397832e-05
PCG:  9 : 3.383425e-07 / 8.931525e-06
PCG: 10 : 8.315101e-07 / 2.195010e-05
PCG: 11 : 3.161741e-07 / 8.346326e-06
PCG: 12 : 2.981626e-08 / 7.870861e-07
PCG:  0 : 1.544162e-03
PCG:  1 : 1.678496e-04 / 1.086995e-01
PCG:  2 : 2.455705e-04 / 1.590316e-01
PCG:  3 : 9.714960e-05 / 6.291414e-02
PCG:  4 : 4.259411e-05 / 2.758397e-02
PCG:  5 : 8.147141e-06 / 5.276093e-03
PCG:  6 : 7.878988e-07 / 5.102438e-04
PCG:  7 : 1.170015e-07 / 7.577027e-05
PCG:  8 : 3.173295e-08 / 2.055027e-05
PCG:  9 : 2.189454e-08 / 1.417892e-05
PCG: 10 : 7.348564e-09 / 4.758934e-06
PCG: 11 : 1.171861e-09 / 7.588980e-07
PCG: 12 : 1.798639e-10 / 1.164800e-07
PCG:  0 : 5.361013e-09
PCG:  1 : 1.737932e-09 / 3.241799e-01
PCG:  2 : 3.005614e-09 / 5.606430e-01
PCG:  3 : 9.186514e-10 / 1.713578e-01
PCG:  4 : 2.483262e-10 / 4.632076e-02
PCG:  5 : 1.222460e-10 / 2.280279e-02
PCG:  6 : 6.253566e-11 / 1.166490e-02
PCG:  7 : 1.373856e-11 / 2.562679e-03
PCG:  8 : 5.817256e-12 / 1.085104e-03
PCG:  9 : 1.443586e-12 / 2.692749e-04
PCG: 10 : 5.574691e-13 / 1.039858e-04
PCG: 11 : 1.560554e-13 / 2.910932e-05
PCG: 12 : 3.648710e-14 / 6.806009e-06
PCG:  0 : 1.087296e-13
PCG:  1 : 2.652533e-13 / 2.439569e+00
PCG:  2 : 7.637603e-14 / 7.024404e-01
PCG:  3 : 1.780765e-14 / 1.637793e-01
PCG:  4 : 6.509741e-15 / 5.987095e-02
PCG:  5 : 1.876107e-15 / 1.725481e-02
PCG:  6 : 1.031711e-15 / 9.488778e-03
PCG:  7 : 2.907882e-16 / 2.674417e-03
PCG:  8 : 1.625106e-16 / 1.494632e-03
PCG:  9 : 4.409625e-17 / 4.055591e-04
PCG: 10 : 1.417536e-17 / 1.303727e-04
PCG: 11 : 2.228712e-18 / 2.049776e-05
PCG: 12 : 0.000000e+00 / 0.000000e+00

PCG ( VCycle ( S: Scale / C: Scale )  )

Complete solver TOE: 0.813643
0.561611 GFlop/s [0.561611 GFlops/s]

Total time: 0.813643s
Accumulated op time: 0.786326

Reductions: 1.82967%
Blas-1: 5.40667%
Blas-2: 89.4063%
Precon Kernels: 0%
MPI Execution: 0%
MPI Wait: 0%
Not covered: 3.35737%

Domain size: 6.73462 MByte
LA size: 22.3983 MByte
MPI size: 0.674286 MByte

H0-Error: 6.865388e-06
H1-Error: 8.068795e-03

Writing DATA to output.data...
Run-Time: 0:01.403 [0:01.403]
0xb334d9f8 Error: MemoryPool<CPU> still contains memory chunks on deconstructor call
