NUM-PROCS: 1
Preparing domain...
LVL-MIN: 7 [7]
LVL-MAX: 8 [8]
Creating gates...
Assembling system matrices...
Assembling system filters...
Assembling transfer matrices...
Converting assembled linear system from SparseMatrixCSR, Mem:main to SparseMatrixELL, Mem:cudaand to SparseMatrixELL, Mem:cuda...
PCG: 0 : 3.788187e-02
PCG: 1 : 5.160514e-01 / 1.362265e+01
PCG: 2 : 3.523134e-01 / 9.300317e+00
PCG: 3 : 3.628755e-01 / 9.579132e+00
PCG: 4 : 3.260939e-01 / 8.608179e+00
PCG: 5 : 2.197480e-01 / 5.800874e+00
PCG: 6 : 1.936671e-01 / 5.112394e+00
PCG: 7 : 2.377910e-01 / 6.277170e+00
PCG: 8 : 2.075002e-01 / 5.477561e+00
PCG: 9 : 1.569058e-01 / 4.141976e+00
PCG: 0 : 1.572682e-01
PCG: 1 : 1.432784e-01 / 9.110451e-01
PCG: 2 : 1.677293e-01 / 1.066518e+00
PCG: 3 : 1.280551e-01 / 8.142469e-01
PCG: 4 : 1.309369e-01 / 8.325710e-01
PCG: 5 : 1.796196e-01 / 1.142123e+00
PCG: 6 : 1.571177e-01 / 9.990433e-01
PCG: 7 : 1.435321e-01 / 9.126584e-01
PCG: 8 : 1.795515e-01 / 1.141690e+00
PCG: 9 : 1.867378e-01 / 1.187384e+00
PCG: 0 : 1.867378e-01
PCG: 1 : 8.911242e-02 / 4.772061e-01
PCG: 2 : 7.820251e-02 / 4.187825e-01
PCG: 3 : 9.397876e-02 / 5.032659e-01
PCG: 4 : 1.030449e-01 / 5.518161e-01
PCG: 5 : 7.835969e-02 / 4.196242e-01
PCG: 6 : 7.546188e-02 / 4.041061e-01
PCG: 7 : 9.414499e-02 / 5.041561e-01
PCG: 8 : 9.147514e-02 / 4.898588e-01
PCG: 9 : 8.951550e-02 / 4.793647e-01
PCG: 0 : 8.951549e-02
PCG: 1 : 6.614174e-02 / 7.388859e-01
PCG: 2 : 7.461208e-02 / 8.335103e-01
PCG: 3 : 5.715144e-02 / 6.384531e-01
PCG: 4 : 5.694532e-02 / 6.361505e-01
PCG: 5 : 7.358585e-02 / 8.220459e-01
PCG: 6 : 6.433176e-02 / 7.186663e-01
PCG: 7 : 5.557864e-02 / 6.208829e-01
PCG: 8 : 6.611849e-02 / 7.386262e-01
PCG: 9 : 1.222528e-01 / 1.365717e+00
PCG: 0 : 1.222528e-01
PCG: 1 : 5.489413e-02 / 4.490214e-01
PCG: 2 : 4.718106e-02 / 3.859302e-01
PCG: 3 : 5.653025e-02 / 4.624045e-01
PCG: 4 : 5.883103e-02 / 4.812243e-01
PCG: 5 : 4.558723e-02 / 3.728931e-01
PCG: 6 : 4.689462e-02 / 3.835873e-01
PCG: 7 : 5.622067e-02 / 4.598722e-01
PCG: 8 : 5.144103e-02 / 4.207758e-01
PCG: 9 : 6.764309e-02 / 5.533050e-01
PCG: 0 : 6.764309e-02
PCG: 1 : 4.955284e-02 / 7.325631e-01
PCG: 2 : 4.592938e-02 / 6.789959e-01
PCG: 3 : 4.153208e-02 / 6.139885e-01
PCG: 4 : 4.636252e-02 / 6.853992e-01
PCG: 5 : 4.562047e-02 / 6.744291e-01
PCG: 6 : 4.339887e-02 / 6.415862e-01
PCG: 7 : 4.978236e-02 / 7.359564e-01
PCG: 8 : 4.763021e-02 / 7.041401e-01
PCG: 9 : 5.961630e-02 / 8.813362e-01
PCG: 0 : 5.961630e-02
PCG: 1 : 4.997402e-02 / 8.382610e-01
PCG: 2 : 4.318145e-02 / 7.243230e-01
PCG: 3 : 3.735842e-02 / 6.266478e-01
PCG: 4 : 4.156603e-02 / 6.972259e-01
PCG: 5 : 4.029972e-02 / 6.759849e-01
PCG: 6 : 3.646361e-02 / 6.116382e-01
PCG: 7 : 4.011935e-02 / 6.729594e-01
PCG: 8 : 3.875658e-02 / 6.501004e-01
PCG: 9 : 5.224752e-02 / 8.763965e-01
PCG: 0 : 5.224751e-02
PCG: 1 : 3.937325e-02 / 7.535909e-01
PCG: 2 : 3.724651e-02 / 7.128858e-01
PCG: 3 : 3.325362e-02 / 6.364632e-01
PCG: 4 : 3.724375e-02 / 7.128330e-01
PCG: 5 : 3.694882e-02 / 7.071881e-01
PCG: 6 : 3.430190e-02 / 6.565270e-01
PCG: 7 : 3.958413e-02 / 7.576271e-01
PCG: 8 : 3.930610e-02 / 7.523056e-01
PCG: 9 : 4.888809e-02 / 9.357017e-01
PCG: 0 : 4.888809e-02
PCG: 1 : 4.087533e-02 / 8.361001e-01
PCG: 2 : 3.610837e-02 / 7.385925e-01
PCG: 3 : 3.295882e-02 / 6.741688e-01
PCG: 4 : 3.501467e-02 / 7.162209e-01
PCG: 5 : 3.230067e-02 / 6.607063e-01
PCG: 6 : 3.114899e-02 / 6.371489e-01
PCG: 7 : 3.306787e-02 / 6.763994e-01
PCG: 8 : 3.219458e-02 / 6.585364e-01
PCG: 9 : 4.481485e-02 / 9.166825e-01
PCG: 0 : 4.481485e-02
PCG: 1 : 3.313622e-02 / 7.394025e-01
PCG: 2 : 3.058807e-02 / 6.825430e-01
PCG: 3 : 3.089526e-02 / 6.893976e-01
PCG: 4 : 3.126818e-02 / 6.977190e-01
PCG: 5 : 3.037806e-02 / 6.778570e-01
PCG: 6 : 3.103523e-02 / 6.925210e-01
PCG: 7 : 3.209351e-02 / 7.161356e-01
PCG: 8 : 3.411035e-02 / 7.611393e-01
PCG: 9 : 4.446159e-02 / 9.921172e-01
PCG: 0 : 4.446159e-02
PCG: 1 : 3.490678e-02 / 7.850998e-01
PCG: 2 : 2.931213e-02 / 6.592686e-01
PCG: 3 : 3.164607e-02 / 7.117620e-01
PCG: 4 : 2.825154e-02 / 6.354146e-01
PCG: 5 : 2.774545e-02 / 6.240320e-01
PCG: 6 : 2.872326e-02 / 6.460242e-01
PCG: 7 : 2.579656e-02 / 5.801988e-01
PCG: 8 : 2.929083e-02 / 6.587895e-01
PCG: 9 : 3.836775e-02 / 8.629416e-01
PCG: 0 : 3.836775e-02
PCG: 1 : 2.894767e-02 / 7.544792e-01
PCG: 2 : 2.521944e-02 / 6.573082e-01
PCG: 3 : 2.812086e-02 / 7.329297e-01
PCG: 4 : 2.662742e-02 / 6.940051e-01
PCG: 5 : 2.635434e-02 / 6.868879e-01
PCG: 6 : 2.840925e-02 / 7.404462e-01
PCG: 7 : 2.591587e-02 / 6.754597e-01
PCG: 8 : 3.080040e-02 / 8.027679e-01
PCG: 9 : 3.859197e-02 / 1.005844e+00
PCG: 0 : 3.859197e-02
PCG: 1 : 3.035261e-02 / 7.865008e-01
PCG: 2 : 2.544503e-02 / 6.593349e-01
PCG: 3 : 2.764020e-02 / 7.162164e-01
PCG: 4 : 2.516778e-02 / 6.521506e-01
PCG: 5 : 2.469801e-02 / 6.399781e-01
PCG: 6 : 2.516532e-02 / 6.520870e-01
PCG: 7 : 2.230361e-02 / 5.779340e-01
PCG: 8 : 2.552777e-02 / 6.614788e-01
PCG: 9 : 3.352403e-02 / 8.686788e-01
PCG: 0 : 3.352403e-02
PCG: 1 : 2.524307e-02 / 7.529843e-01
PCG: 2 : 2.209322e-02 / 6.590264e-01
PCG: 3 : 2.459096e-02 / 7.335324e-01
PCG: 4 : 2.378263e-02 / 7.094205e-01
PCG: 5 : 2.354790e-02 / 7.024185e-01
PCG: 6 : 2.485694e-02 / 7.414666e-01
PCG: 7 : 2.270825e-02 / 6.773725e-01
PCG: 8 : 2.686557e-02 / 8.013827e-01
PCG: 9 : 3.384475e-02 / 1.009567e+00
PCG: 0 : 3.384475e-02
PCG: 1 : 2.655417e-02 / 7.845875e-01
PCG: 2 : 2.237750e-02 / 6.611810e-01
PCG: 3 : 2.422897e-02 / 7.158855e-01
PCG: 4 : 2.245447e-02 / 6.634551e-01
PCG: 5 : 2.204046e-02 / 6.512223e-01
PCG: 6 : 2.208064e-02 / 6.524096e-01
PCG: 7 : 1.960888e-02 / 5.793772e-01
PCG: 8 : 2.233389e-02 / 6.598924e-01
PCG: 9 : 2.947301e-02 / 8.708296e-01
PCG: 0 : 2.947301e-02
PCG: 1 : 2.212887e-02 / 7.508180e-01
PCG: 2 : 1.946519e-02 / 6.604413e-01
PCG: 3 : 2.160375e-02 / 7.330012e-01
PCG: 4 : 2.120064e-02 / 7.193238e-01
PCG: 5 : 2.099730e-02 / 7.124246e-01
PCG: 6 : 2.183895e-02 / 7.409815e-01
PCG: 7 : 2.003162e-02 / 6.796598e-01
PCG: 8 : 2.357809e-02 / 7.999891e-01
PCG: 9 : 2.980106e-02 / 1.011130e+00
PCG: 0 : 2.980106e-02
PCG: 1 : 2.332634e-02 / 7.827355e-01
PCG: 2 : 1.975891e-02 / 6.630272e-01
PCG: 3 : 2.129996e-02 / 7.147383e-01
PCG: 4 : 1.999784e-02 / 6.710448e-01
PCG: 5 : 1.963033e-02 / 6.587126e-01
PCG: 6 : 1.943023e-02 / 6.519981e-01
PCG: 7 : 1.732035e-02 / 5.811993e-01
PCG: 8 : 1.962638e-02 / 6.585799e-01
PCG: 9 : 2.599156e-02 / 8.721691e-01
PCG: 0 : 2.599156e-02
PCG: 1 : 1.945435e-02 / 7.484873e-01
PCG: 2 : 1.719703e-02 / 6.616389e-01
PCG: 3 : 1.902111e-02 / 7.318186e-01
PCG: 4 : 1.886564e-02 / 7.258370e-01
PCG: 5 : 1.868861e-02 / 7.190260e-01
PCG: 6 : 1.922913e-02 / 7.398221e-01
PCG: 7 : 1.772810e-02 / 6.820714e-01
PCG: 8 : 2.076191e-02 / 7.987943e-01
PCG: 9 : 2.629570e-02 / 1.011701e+00
PCG: 0 : 2.629570e-02
PCG: 1 : 2.053800e-02 / 7.810401e-01
PCG: 2 : 1.748177e-02 / 6.648149e-01
PCG: 3 : 1.875426e-02 / 7.132063e-01
PCG: 4 : 1.778510e-02 / 6.763502e-01
PCG: 5 : 1.745798e-02 / 6.639101e-01
PCG: 6 : 1.712605e-02 / 6.512872e-01
PCG: 7 : 1.533529e-02 / 5.831863e-01
PCG: 8 : 1.729024e-02 / 6.575310e-01
PCG: 9 : 2.295824e-02 / 8.730795e-01
PCG: 0 : 2.295824e-02
PCG: 1 : 1.713308e-02 / 7.462717e-01
PCG: 2 : 1.521520e-02 / 6.627340e-01
PCG: 3 : 1.676898e-02 / 7.304124e-01
PCG: 4 : 1.676703e-02 / 7.303275e-01
PCG: 5 : 1.661200e-02 / 7.235746e-01
PCG: 6 : 1.695468e-02 / 7.385008e-01
PCG: 7 : 1.571460e-02 / 6.844865e-01
PCG: 8 : 1.831717e-02 / 7.978473e-01
PCG: 9 : 2.322903e-02 / 1.011795e+00
PCG: 0 : 2.322903e-02
PCG: 1 : 1.810925e-02 / 7.795955e-01
PCG: 2 : 1.548321e-02 / 6.665455e-01
PCG: 3 : 1.653090e-02 / 7.116480e-01
PCG: 4 : 1.580184e-02 / 6.802624e-01
PCG: 5 : 1.551012e-02 / 6.677041e-01
PCG: 6 : 1.511201e-02 / 6.505653e-01
PCG: 7 : 1.359404e-02 / 5.852177e-01
PCG: 8 : 1.525565e-02 / 6.567494e-01
PCG: 9 : 2.029572e-02 / 8.737220e-01
PCG: 0 : 2.029572e-02
PCG: 1 : 1.510728e-02 / 7.443579e-01
PCG: 2 : 1.347256e-02 / 6.638129e-01
PCG: 3 : 1.479737e-02 / 7.290882e-01
PCG: 4 : 1.488951e-02 / 7.336281e-01
PCG: 5 : 1.475277e-02 / 7.268910e-01
PCG: 6 : 1.496449e-02 / 7.373226e-01
PCG: 7 : 1.394028e-02 / 6.868582e-01
PCG: 8 : 1.617973e-02 / 7.971993e-01
PCG: 9 : 2.053255e-02 / 1.011669e+00
PCG: 0 : 2.053255e-02
PCG: 1 : 1.598416e-02 / 7.784793e-01
PCG: 2 : 1.372060e-02 / 6.682366e-01
PCG: 3 : 1.458419e-02 / 7.102963e-01
PCG: 4 : 1.403026e-02 / 6.833181e-01
PCG: 5 : 1.376973e-02 / 6.706294e-01
PCG: 6 : 1.334618e-02 / 6.500012e-01
PCG: 7 : 1.205756e-02 / 5.872414e-01
PCG: 8 : 1.347451e-02 / 6.562514e-01
PCG: 9 : 1.794927e-02 / 8.741861e-01
PCG: 0 : 1.794927e-02
PCG: 1 : 1.333361e-02 / 7.428498e-01
PCG: 2 : 1.193497e-02 / 6.649282e-01
PCG: 3 : 1.306751e-02 / 7.280245e-01
PCG: 4 : 1.321473e-02 / 7.362264e-01
PCG: 5 : 1.309333e-02 / 7.294634e-01
PCG: 6 : 1.321858e-02 / 7.364411e-01
PCG: 7 : 1.237026e-02 / 6.891789e-01
PCG: 8 : 1.430342e-02 / 7.968803e-01
PCG: 9 : 1.815488e-02 / 1.011455e+00
PCG: 0 : 1.815488e-02
PCG: 1 : 1.411959e-02 / 7.777294e-01
PCG: 2 : 1.216205e-02 / 6.699053e-01
PCG: 3 : 1.287672e-02 / 7.092702e-01
PCG: 4 : 1.245119e-02 / 6.858315e-01
PCG: 5 : 1.221832e-02 / 6.730043e-01
PCG: 6 : 1.179473e-02 / 6.496726e-01
PCG: 7 : 1.069757e-02 / 5.892394e-01
PCG: 8 : 1.191032e-02 / 6.560393e-01
PCG: 9 : 1.587695e-02 / 8.745277e-01
PCG: 0 : 1.587695e-02
PCG: 1 : 1.177719e-02 / 7.417794e-01
PCG: 2 : 1.057572e-02 / 6.661056e-01
PCG: 3 : 1.154727e-02 / 7.272977e-01
PCG: 4 : 1.172352e-02 / 7.383988e-01
PCG: 5 : 1.161521e-02 / 7.315772e-01
PCG: 6 : 1.168401e-02 / 7.359104e-01
PCG: 7 : 1.097822e-02 / 6.914565e-01
PCG: 8 : 1.265217e-02 / 7.968892e-01
PCG: 9 : 1.605522e-02 / 1.011229e+00
PCG: 0 : 1.605522e-02
PCG: 1 : 1.248038e-02 / 7.773409e-01
PCG: 2 : 1.078210e-02 / 6.715635e-01
PCG: 3 : 1.137683e-02 / 7.086062e-01
PCG: 4 : 1.104572e-02 / 6.879829e-01
PCG: 5 : 1.083750e-02 / 6.750143e-01
PCG: 6 : 1.042942e-02 / 6.495966e-01
PCG: 7 : 9.491968e-03 / 5.912075e-01
PCG: 8 : 1.053373e-02 / 6.560937e-01
PCG: 9 : 1.404485e-02 / 8.747838e-01
PCG: 0 : 1.404485e-02
PCG: 1 : 1.040899e-02 / 7.411251e-01
PCG: 2 : 9.372865e-03 / 6.673525e-01
PCG: 3 : 1.020943e-02 / 7.269166e-01
PCG: 4 : 1.039733e-02 / 7.402951e-01
PCG: 5 : 1.030040e-02 / 7.333933e-01
PCG: 6 : 1.033311e-02 / 7.357227e-01
PCG: 7 : 9.742888e-03 / 6.936983e-01
PCG: 8 : 1.119647e-02 / 7.971940e-01
PCG: 9 : 1.419966e-02 / 1.011023e+00
PCG: 0 : 1.419966e-02
PCG: 1 : 1.103707e-02 / 7.772767e-01
PCG: 2 : 9.559458e-03 / 6.732173e-01
PCG: 3 : 1.005747e-02 / 7.082896e-01
PCG: 4 : 9.795964e-03 / 6.898730e-01
PCG: 5 : 9.609854e-03 / 6.767664e-01
PCG: 6 : 9.226335e-03 / 6.497574e-01
PCG: 7 : 8.422470e-03 / 5.931458e-01
PCG: 8 : 9.320356e-03 / 6.563787e-01
PCG: 9 : 1.242442e-02 / 8.749803e-01
PCG: 0 : 1.242442e-02
PCG: 1 : 9.204479e-03 / 7.408375e-01
PCG: 2 : 8.307828e-03 / 6.686690e-01
PCG: 3 : 9.030751e-03 / 7.268547e-01
PCG: 4 : 9.218878e-03 / 7.419965e-01
PCG: 5 : 9.131972e-03 / 7.350017e-01
PCG: 6 : 9.142397e-03 / 7.358407e-01
PCG: 7 : 8.646296e-03 / 6.959113e-01
PCG: 8 : 9.911566e-03 / 7.977486e-01
PCG: 9 : 1.255931e-02 / 1.010856e+00
PCG: 0 : 1.255931e-02
PCG: 1 : 9.764669e-03 / 7.774848e-01
PCG: 2 : 8.475901e-03 / 6.748701e-01
PCG: 3 : 8.895488e-03 / 7.082786e-01
PCG: 4 : 8.685499e-03 / 6.915588e-01
PCG: 5 : 8.519231e-03 / 6.783202e-01
PCG: 6 : 8.165074e-03 / 6.501213e-01
PCG: 7 : 7.473477e-03 / 5.950549e-01
PCG: 8 : 8.249586e-03 / 6.568504e-01
PCG: 9 : 1.099105e-02 / 8.751320e-01
PCG: 0 : 1.099105e-02
PCG: 1 : 8.142754e-03 / 7.408531e-01
PCG: 2 : 7.364538e-03 / 6.700485e-01
PCG: 3 : 7.991219e-03 / 7.270659e-01
PCG: 4 : 8.172327e-03 / 7.435436e-01
PCG: 5 : 8.094360e-03 / 7.364500e-01
PCG: 6 : 8.091781e-03 / 7.362154e-01
PCG: 7 : 7.672832e-03 / 6.980981e-01
PCG: 8 : 8.776345e-03 / 7.984991e-01
PCG: 9 : 1.110899e-02 / 1.010730e+00
PCG: 0 : 1.110899e-02
PCG: 1 : 8.641795e-03 / 7.779102e-01
PCG: 2 : 7.515513e-03 / 6.765254e-01
PCG: 3 : 7.871004e-03 / 7.085257e-01
PCG: 4 : 7.699352e-03 / 6.930740e-01
PCG: 5 : 7.550917e-03 / 6.797123e-01
PCG: 6 : 7.228099e-03 / 6.506532e-01
PCG: 7 : 6.631359e-03 / 5.969363e-01
PCG: 8 : 7.303783e-03 / 6.574661e-01
PCG: 9 : 9.723174e-03 / 8.752528e-01
PCG: 0 : 9.723174e-03
PCG: 1 : 7.205924e-03 / 7.411082e-01
PCG: 2 : 6.528947e-03 / 6.714831e-01
PCG: 3 : 7.073621e-03 / 7.275012e-01
PCG: 4 : 7.243354e-03 / 7.449577e-01
PCG: 5 : 7.173400e-03 / 7.377632e-01
PCG: 6 : 7.163997e-03 / 7.367961e-01
PCG: 7 : 6.808740e-03 / 7.002590e-01
PCG: 8 : 7.772658e-03 / 7.993951e-01
PCG: 9 : 9.826637e-03 / 1.010641e+00
PCG: 0 : 9.826637e-03
PCG: 1 : 7.650044e-03 / 7.785007e-01
PCG: 2 : 6.664263e-03 / 6.781834e-01
PCG: 3 : 6.966895e-03 / 7.089806e-01
PCG: 4 : 6.824002e-03 / 6.944392e-01
PCG: 5 : 6.691585e-03 / 6.809639e-01
PCG: 6 : 6.400268e-03 / 6.513182e-01
PCG: 7 : 5.884096e-03 / 5.987905e-01
PCG: 8 : 6.467766e-03 / 6.581871e-01
PCG: 9 : 8.601747e-03 / 8.753500e-01
PCG: 0 : 8.601746e-03
PCG: 1 : 6.378599e-03 / 7.415471e-01
PCG: 2 : 5.788675e-03 / 6.729652e-01
PCG: 3 : 6.263061e-03 / 7.281151e-01
PCG: 4 : 6.419052e-03 / 7.462499e-01
PCG: 5 : 6.356317e-03 / 7.389566e-01
PCG: 6 : 6.344121e-03 / 7.375388e-01
PCG: 7 : 6.041820e-03 / 7.023947e-01
PCG: 8 : 6.884775e-03 / 8.003927e-01
PCG: 9 : 8.692770e-03 / 1.010582e+00
PCG: 0 : 8.692770e-03
PCG: 1 : 6.773517e-03 / 7.792127e-01
PCG: 2 : 5.909746e-03 / 6.798460e-01
PCG: 3 : 6.168396e-03 / 7.096007e-01
PCG: 4 : 6.047287e-03 / 6.956686e-01
PCG: 5 : 5.929253e-03 / 6.820901e-01
PCG: 6 : 5.668443e-03 / 6.520870e-01
PCG: 7 : 5.221039e-03 / 6.006185e-01
PCG: 8 : 5.728371e-03 / 6.589811e-01
PCG: 9 : 7.609899e-03 / 8.754286e-01
PCG: 0 : 7.609898e-03
PCG: 1 : 5.647481e-03 / 7.421231e-01
PCG: 2 : 5.132784e-03 / 6.744879e-01
PCG: 3 : 5.546622e-03 / 7.288693e-01
PCG: 4 : 5.687858e-03 / 7.474289e-01
PCG: 5 : 5.631629e-03 / 7.400400e-01
PCG: 6 : 5.619205e-03 / 7.384073e-01
PCG: 7 : 5.361219e-03 / 7.045060e-01
PCG: 8 : 6.099011e-03 / 8.014576e-01
PCG: 9 : 7.690181e-03 / 1.010550e+00
PCG: 0 : 7.690181e-03
PCG: 1 : 5.998421e-03 / 7.800103e-01
PCG: 2 : 5.240964e-03 / 6.815137e-01
PCG: 3 : 5.462709e-03 / 7.103486e-01
PCG: 4 : 5.358307e-03 / 6.967726e-01
PCG: 5 : 5.253176e-03 / 6.831017e-01
PCG: 6 : 5.021185e-03 / 6.529346e-01
PCG: 7 : 4.632728e-03 / 6.024212e-01
PCG: 8 : 5.074146e-03 / 6.598214e-01
PCG: 9 : 6.732687e-03 / 8.754913e-01
PCG: 0 : 6.732686e-03
PCG: 1 : 5.001032e-03 / 7.427990e-01
PCG: 2 : 4.551601e-03 / 6.760454e-01
PCG: 3 : 4.913055e-03 / 7.297318e-01
PCG: 4 : 5.039417e-03 / 7.485002e-01
PCG: 5 : 4.989062e-03 / 7.410211e-01
PCG: 6 : 4.977961e-03 / 7.393722e-01
PCG: 7 : 4.757273e-03 / 7.065936e-01
PCG: 8 : 5.403399e-03 / 8.025621e-01
PCG: 9 : 6.803632e-03 / 1.010538e+00
PCG: 0 : 6.803632e-03
PCG: 1 : 5.312731e-03 / 7.808669e-01
PCG: 2 : 4.648157e-03 / 6.831876e-01
PCG: 3 : 4.838714e-03 / 7.111958e-01
PCG: 4 : 4.747312e-03 / 6.977615e-01
PCG: 5 : 4.653746e-03 / 6.840091e-01
PCG: 6 : 4.448504e-03 / 6.538426e-01
PCG: 7 : 4.110757e-03 / 6.042004e-01
PCG: 8 : 4.495086e-03 / 6.606892e-01
PCG: 9 : 5.956868e-03 / 8.755424e-01
PCG: 0 : 5.956868e-03
PCG: 1 : 4.429201e-03 / 7.435454e-01
PCG: 2 : 4.036567e-03 / 6.776325e-01
PCG: 3 : 4.352544e-03 / 7.306767e-01
PCG: 4 : 4.464490e-03 / 7.494693e-01
PCG: 5 : 4.419442e-03 / 7.419070e-01
PCG: 6 : 4.410521e-03 / 7.404094e-01
PCG: 7 : 4.221386e-03 / 7.086586e-01
PCG: 8 : 4.787447e-03 / 8.036853e-01
PCG: 9 : 6.019656e-03 / 1.010540e+00
PCG: 0 : 6.019656e-03
PCG: 1 : 4.705939e-03 / 7.817622e-01
PCG: 2 : 4.122670e-03 / 6.848682e-01
PCG: 3 : 4.286709e-03 / 7.121186e-01
PCG: 4 : 4.205595e-03 / 6.986438e-01
PCG: 5 : 4.122388e-03 / 6.848212e-01
PCG: 6 : 3.941649e-03 / 6.547964e-01
PCG: 7 : 3.647654e-03 / 6.059573e-01
PCG: 8 : 3.982416e-03 / 6.615687e-01
PCG: 9 : 5.270711e-03 / 8.755835e-01
PCG: 0 : 5.270711e-03
PCG: 1 : 3.923204e-03 / 7.443406e-01
PCG: 2 : 3.580105e-03 / 6.792452e-01
PCG: 3 : 3.856496e-03 / 7.316842e-01
PCG: 4 : 3.954835e-03 / 7.503419e-01
PCG: 5 : 3.914581e-03 / 7.427045e-01
PCG: 6 : 3.908242e-03 / 7.415017e-01
PCG: 7 : 3.745902e-03 / 7.107015e-01
PCG: 8 : 4.241932e-03 / 8.048121e-01
PCG: 9 : 5.326340e-03 / 1.010554e+00
PCG: 0 : 5.326340e-03
PCG: 1 : 4.168826e-03 / 7.826810e-01
PCG: 2 : 3.656826e-03 / 6.865550e-01
PCG: 3 : 3.798203e-03 / 7.130981e-01
PCG: 4 : 3.725390e-03 / 6.994277e-01
PCG: 5 : 3.651452e-03 / 6.855462e-01
PCG: 6 : 3.492930e-03 / 6.557842e-01
PCG: 7 : 3.236784e-03 / 6.076938e-01
PCG: 8 : 3.528433e-03 / 6.624498e-01
PCG: 9 : 4.663837e-03 / 8.756174e-01
PCG: 0 : 4.663836e-03
PCG: 1 : 3.475344e-03 / 7.451684e-01
PCG: 2 : 3.175513e-03 / 6.808801e-01
PCG: 3 : 3.417372e-03 / 7.327384e-01
PCG: 4 : 3.503117e-03 / 7.511234e-01
PCG: 5 : 3.467190e-03 / 7.434201e-01
PCG: 6 : 3.463528e-03 / 7.426350e-01
PCG: 7 : 3.324025e-03 / 7.127234e-01
PCG: 8 : 3.758732e-03 / 8.059314e-01
PCG: 9 : 4.713166e-03 / 1.010577e+00
PCG: 0 : 4.713166e-03
PCG: 1 : 3.693296e-03 / 7.836126e-01
PCG: 2 : 3.243828e-03 / 6.882483e-01
PCG: 3 : 3.365763e-03 / 7.141194e-01
PCG: 4 : 3.299782e-03 / 7.001202e-01
PCG: 5 : 3.234135e-03 / 6.861917e-01
PCG: 6 : 3.095594e-03 / 6.567971e-01
PCG: 7 : 2.872254e-03 / 6.094107e-01
PCG: 8 : 3.126354e-03 / 6.633236e-01
PCG: 9 : 4.127059e-03 / 8.756447e-01
PCG: 0 : 4.127058e-03
PCG: 1 : 3.078854e-03 / 7.460166e-01
PCG: 2 : 2.816852e-03 / 6.825328e-01
PCG: 3 : 3.028543e-03 / 7.338262e-01
PCG: 4 : 3.102800e-03 / 7.518189e-01
PCG: 5 : 3.070778e-03 / 7.440598e-01
PCG: 6 : 3.069696e-03 / 7.437975e-01
PCG: 7 : 2.949710e-03 / 7.147245e-01
PCG: 8 : 3.330680e-03 / 8.070350e-01
PCG: 9 : 4.170826e-03 / 1.010605e+00
PCG: 0 : 4.170826e-03
PCG: 1 : 3.272220e-03 / 7.845498e-01
PCG: 2 : 2.877655e-03 / 6.899484e-01
PCG: 3 : 2.982855e-03 / 7.151712e-01
PCG: 4 : 2.922619e-03 / 7.007290e-01
PCG: 5 : 2.864379e-03 / 6.867656e-01
PCG: 6 : 2.743689e-03 / 6.578287e-01
PCG: 7 : 2.548830e-03 / 6.111093e-01
PCG: 8 : 2.770201e-03 / 6.641852e-01
PCG: 9 : 3.652257e-03 / 8.756677e-01
PCG: 0 : 3.652257e-03
PCG: 1 : 2.727782e-03 / 7.468758e-01
PCG: 2 : 2.498876e-03 / 6.842004e-01
PCG: 3 : 2.684181e-03 / 7.349375e-01
PCG: 4 : 2.748081e-03 / 7.524337e-01
PCG: 5 : 2.719580e-03 / 7.446300e-01
PCG: 6 : 2.720861e-03 / 7.449808e-01
PCG: 7 : 2.617594e-03 / 7.167059e-01
PCG: 8 : 2.951450e-03 / 8.081168e-01
PCG: 9 : 3.691105e-03 / 1.010637e+00
PCG: 0 : 3.691105e-03
PCG: 1 : 2.899313e-03 / 7.854864e-01
PCG: 2 : 2.552969e-03 / 6.916543e-01
PCG: 3 : 2.643730e-03 / 7.162436e-01
PCG: 4 : 2.588426e-03 / 7.012606e-01
PCG: 5 : 2.536801e-03 / 6.872743e-01
PCG: 6 : 2.431971e-03 / 6.588734e-01
PCG: 7 : 2.261874e-03 / 6.127906e-01
PCG: 8 : 2.454697e-03 / 6.650303e-01
PCG: 9 : 3.232256e-03 / 8.756878e-01
PCG: 0 : 3.232256e-03
PCG: 1 : 2.416885e-03 / 7.477396e-01
PCG: 2 : 2.216939e-03 / 6.858798e-01
PCG: 3 : 2.379146e-03 / 7.360638e-01
PCG: 4 : 2.433801e-03 / 7.529730e-01
PCG: 5 : 2.408469e-03 / 7.451357e-01
PCG: 6 : 2.411836e-03 / 7.461773e-01
PCG: 7 : 2.322913e-03 / 7.186663e-01
PCG: 8 : 2.615451e-03 / 8.091722e-01
PCG: 9 : 3.266741e-03 / 1.010669e+00
PCG: 0 : 3.266741e-03
PCG: 1 : 2.569028e-03 / 7.864193e-01
PCG: 2 : 2.265042e-03 / 6.933645e-01
PCG: 3 : 2.343328e-03 / 7.173292e-01
PCG: 4 : 2.292341e-03 / 7.017213e-01
PCG: 5 : 2.246619e-03 / 6.877248e-01
PCG: 6 : 2.155811e-03 / 6.599271e-01
PCG: 7 : 2.007266e-03 / 6.144552e-01
PCG: 8 : 2.175180e-03 / 6.658564e-01
PCG: 9 : 2.860707e-03 / 8.757067e-01
PCG: 0 : 2.860707e-03
PCG: 1 : 2.141533e-03 / 7.486029e-01
PCG: 2 : 1.966931e-03 / 6.875681e-01
PCG: 3 : 2.108907e-03 / 7.371980e-01
PCG: 4 : 2.155378e-03 / 7.534425e-01
PCG: 5 : 2.132895e-03 / 7.455832e-01
PCG: 6 : 2.138041e-03 / 7.473822e-01
PCG: 7 : 2.061446e-03 / 7.206072e-01
PCG: 8 : 2.317744e-03 / 8.101997e-01
PCG: 9 : 2.891325e-03 / 1.010703e+00
PCG: 0 : 2.891324e-03
PCG: 1 : 2.276469e-03 / 7.873449e-01
PCG: 2 : 2.009694e-03 / 6.950775e-01
PCG: 3 : 2.077187e-03 / 7.184205e-01
PCG: 4 : 2.030043e-03 / 7.021152e-01
PCG: 5 : 1.989581e-03 / 6.881210e-01
PCG: 6 : 1.911120e-03 / 6.609843e-01
PCG: 7 : 1.781350e-03 / 6.161016e-01
PCG: 8 : 1.927529e-03 / 6.666595e-01
PCG: 9 : 2.531997e-03 / 8.757222e-01
PCG: 0 : 2.531997e-03
PCG: 1 : 1.897637e-03 / 7.494625e-01
PCG: 2 : 1.745212e-03 / 6.892630e-01
PCG: 3 : 1.869461e-03 / 7.383347e-01
PCG: 4 : 1.908739e-03 / 7.538472e-01
PCG: 5 : 1.888815e-03 / 7.459783e-01
PCG: 6 : 1.895432e-03 / 7.485917e-01
PCG: 7 : 1.829440e-03 / 7.225286e-01
PCG: 8 : 2.053951e-03 / 8.111979e-01
PCG: 9 : 2.559188e-03 / 1.010739e+00
PCG: 0 : 2.559188e-03
PCG: 1 : 2.017308e-03 / 7.882609e-01
PCG: 2 : 1.783220e-03 / 6.967913e-01
PCG: 3 : 1.841367e-03 / 7.195122e-01
PCG: 4 : 1.797699e-03 / 7.024488e-01
PCG: 5 : 1.761922e-03 / 6.884692e-01
PCG: 6 : 1.694291e-03 / 6.620423e-01
PCG: 7 : 1.580889e-03 / 6.177306e-01
PCG: 8 : 1.708102e-03 / 6.674389e-01
PCG: 9 : 2.241175e-03 / 8.757367e-01
PCG: 0 : 2.241175e-03
PCG: 1 : 1.681587e-03 / 7.503149e-01
PCG: 2 : 1.548564e-03 / 6.909606e-01
PCG: 3 : 1.657277e-03 / 7.394681e-01
PCG: 4 : 1.690273e-03 / 7.541906e-01
PCG: 5 : 1.672644e-03 / 7.463244e-01
PCG: 6 : 1.680433e-03 / 7.498000e-01
PCG: 7 : 1.623571e-03 / 7.244284e-01
PCG: 8 : 1.820201e-03 / 8.121636e-01
PCG: 9 : 2.265322e-03 / 1.010774e+00
PCG: 0 : 2.265322e-03
PCG: 1 : 1.787715e-03 / 7.891663e-01
PCG: 2 : 1.582338e-03 / 6.985046e-01
PCG: 3 : 1.632391e-03 / 7.205999e-01
PCG: 4 : 1.591902e-03 / 7.027267e-01
PCG: 5 : 1.560295e-03 / 6.887741e-01
PCG: 6 : 1.502132e-03 / 6.630988e-01
PCG: 7 : 1.403009e-03 / 6.193420e-01
PCG: 8 : 1.513675e-03 / 6.681944e-01
PCG: 9 : 1.983860e-03 / 8.757522e-01
PCG: 0 : 1.983860e-03
PCG: 1 : 1.490191e-03 / 7.511574e-01
PCG: 2 : 1.374136e-03 / 6.926575e-01
PCG: 3 : 1.469233e-03 / 7.405929e-01
PCG: 4 : 1.496776e-03 / 7.544767e-01
PCG: 5 : 1.481200e-03 / 7.466254e-01
PCG: 6 : 1.489885e-03 / 7.510030e-01
PCG: 7 : 1.440889e-03 / 7.263055e-01
PCG: 8 : 1.613068e-03 / 8.130955e-01
PCG: 9 : 2.005301e-03 / 1.010808e+00
PCG: 0 : 2.005301e-03
PCG: 1 : 1.584305e-03 / 7.900585e-01
PCG: 2 : 1.404140e-03 / 7.002140e-01
PCG: 3 : 1.447182e-03 / 7.216782e-01
PCG: 4 : 1.409631e-03 / 7.029521e-01
PCG: 5 : 1.381730e-03 / 6.890388e-01
PCG: 6 : 1.331820e-03 / 6.641498e-01
PCG: 7 : 1.245159e-03 / 6.209337e-01
PCG: 8 : 1.341393e-03 / 6.689236e-01
PCG: 9 : 1.756176e-03 / 8.757668e-01
PCG: 0 : 1.756176e-03
PCG: 1 : 1.320624e-03 / 7.519884e-01
PCG: 2 : 1.219403e-03 / 6.943512e-01
PCG: 3 : 1.302566e-03 / 7.417056e-01
PCG: 4 : 1.325404e-03 / 7.547103e-01
PCG: 5 : 1.311663e-03 / 7.468860e-01
PCG: 6 : 1.320993e-03 / 7.521983e-01
PCG: 7 : 1.278777e-03 / 7.281598e-01
PCG: 8 : 1.429517e-03 / 8.139939e-01
PCG: 9 : 1.775215e-03 / 1.010841e+00
PCG: 0 : 1.775215e-03
PCG: 1 : 1.404083e-03 / 7.909368e-01
PCG: 2 : 1.246055e-03 / 7.019175e-01
PCG: 3 : 1.283024e-03 / 7.227431e-01
PCG: 4 : 1.248206e-03 / 7.031296e-01
PCG: 5 : 1.223598e-03 / 6.892676e-01
PCG: 6 : 1.180861e-03 / 6.651933e-01
PCG: 7 : 1.105081e-03 / 6.225057e-01
PCG: 8 : 1.188731e-03 / 6.696266e-01
PCG: 9 : 1.554702e-03 / 8.757823e-01
PCG: 0 : 1.554702e-03
PCG: 1 : 1.170390e-03 / 7.528065e-01
PCG: 2 : 1.082133e-03 / 6.960387e-01
PCG: 3 : 1.154837e-03 / 7.428027e-01
PCG: 4 : 1.173636e-03 / 7.548947e-01
PCG: 5 : 1.161532e-03 / 7.471095e-01
PCG: 6 : 1.171285e-03 / 7.533824e-01
PCG: 7 : 1.134917e-03 / 7.299898e-01
PCG: 8 : 1.266862e-03 / 8.148582e-01
PCG: 9 : 1.571608e-03 / 1.010874e+00
PCG: 0 : 1.571608e-03
PCG: 1 : 1.244399e-03 / 7.917996e-01
PCG: 2 : 1.105802e-03 / 7.036120e-01
PCG: 3 : 1.137516e-03 / 7.237909e-01
PCG: 4 : 1.105253e-03 / 7.032623e-01
PCG: 5 : 1.083566e-03 / 6.894631e-01
PCG: 6 : 1.047046e-03 / 6.662257e-01
PCG: 7 : 9.807709e-04 / 6.240556e-01
PCG: 8 : 1.053452e-03 / 6.703018e-01
PCG: 9 : 1.376409e-03 / 8.757968e-01
PCG: 0 : 1.376409e-03
PCG: 1 : 1.037275e-03 / 7.536098e-01
PCG: 2 : 9.603432e-04 / 6.977164e-01
PCG: 3 : 1.023883e-03 / 7.438798e-01
PCG: 4 : 1.039235e-03 / 7.550333e-01
PCG: 5 : 1.028589e-03 / 7.472988e-01
PCG: 6 : 1.038573e-03 / 7.545525e-01
PCG: 7 : 1.007247e-03 / 7.317935e-01
PCG: 8 : 1.122720e-03 / 8.156878e-01
PCG: 9 : 1.391421e-03 / 1.010907e+00
PCG: 0 : 1.391421e-03
PCG: 1 : 1.102904e-03 / 7.926456e-01
PCG: 2 : 9.813622e-04 / 7.052947e-01
PCG: 3 : 1.008528e-03 / 7.248187e-01
PCG: 4 : 9.786616e-04 / 7.033538e-01
PCG: 5 : 9.595637e-04 / 6.896284e-01
PCG: 6 : 9.284195e-04 / 6.672453e-01
PCG: 7 : 8.704500e-04 / 6.255833e-01
PCG: 8 : 9.335742e-04 / 6.709500e-01
PCG: 9 : 1.218624e-03 / 8.758124e-01
PCG: 0 : 1.218624e-03
PCG: 1 : 9.193261e-04 / 7.543967e-01
PCG: 2 : 8.522831e-04 / 6.993814e-01
PCG: 3 : 9.077950e-04 / 7.449344e-01
PCG: 4 : 9.202182e-04 / 7.551288e-01
PCG: 5 : 9.108688e-04 / 7.474567e-01
PCG: 6 : 9.209207e-04 / 7.557053e-01
PCG: 7 : 8.939455e-04 / 7.335694e-01
PCG: 8 : 9.949846e-04 / 8.164819e-01
PCG: 9 : 1.231954e-03 / 1.010938e+00
PCG: 0 : 1.231954e-03
PCG: 1 : 9.775228e-04 / 7.934735e-01
PCG: 2 : 8.709455e-04 / 7.069626e-01
PCG: 3 : 8.941796e-04 / 7.258223e-01
PCG: 4 : 8.665643e-04 / 7.034064e-01
PCG: 5 : 8.497595e-04 / 6.897656e-01
PCG: 6 : 8.232525e-04 / 6.682494e-01
PCG: 7 : 7.725416e-04 / 6.270865e-01
PCG: 8 : 8.273431e-04 / 6.715698e-01
PCG: 9 : 1.078981e-03 / 8.758289e-01
PCG: 0 : 1.078981e-03
PCG: 1 : 8.148096e-04 / 7.551661e-01
PCG: 2 : 7.563983e-04 / 7.010304e-01
PCG: 3 : 8.048795e-04 / 7.459629e-01
PCG: 4 : 8.148293e-04 / 7.551843e-01
PCG: 5 : 8.066302e-04 / 7.475854e-01
PCG: 6 : 8.166134e-04 / 7.568378e-01
PCG: 7 : 7.933914e-04 / 7.353157e-01
PCG: 8 : 8.817870e-04 / 8.172407e-01
PCG: 9 : 1.090816e-03 / 1.010969e+00
PCG: 0 : 1.090816e-03
PCG: 1 : 8.664159e-04 / 7.942823e-01
PCG: 2 : 7.729664e-04 / 7.086130e-01
PCG: 3 : 7.928046e-04 / 7.267996e-01
PCG: 4 : 7.673054e-04 / 7.034233e-01
PCG: 5 : 7.525295e-04 / 6.898776e-01
PCG: 6 : 7.300133e-04 / 6.692359e-01
PCG: 7 : 6.856484e-04 / 6.285647e-01
PCG: 8 : 7.332053e-04 / 6.721622e-01
PCG: 9 : 9.553883e-04 / 8.758473e-01
PCG: 0 : 9.553882e-04
PCG: 1 : 7.221932e-04 / 7.559159e-01
PCG: 2 : 6.713129e-04 / 7.026598e-01
PCG: 3 : 7.136385e-04 / 7.469618e-01
PCG: 4 : 7.215102e-04 / 7.552010e-01
PCG: 5 : 7.143303e-04 / 7.476858e-01
PCG: 6 : 7.241330e-04 / 7.579463e-01
PCG: 7 : 7.041492e-04 / 7.370294e-01
PCG: 8 : 7.814714e-04 / 8.179622e-01
PCG: 9 : 9.658942e-04 / 1.010997e+00
PCG: 0 : 9.658941e-04
PCG: 1 : 7.679542e-04 / 7.950708e-01
PCG: 2 : 6.860197e-04 / 7.102431e-01
PCG: 3 : 7.029275e-04 / 7.277480e-01
PCG: 4 : 6.794167e-04 / 7.034070e-01
PCG: 5 : 6.664338e-04 / 6.899657e-01
PCG: 6 : 6.473449e-04 / 6.702027e-01
PCG: 7 : 6.085290e-04 / 6.300162e-01
PCG: 8 : 6.497828e-04 / 6.727267e-01
PCG: 9 : 8.459949e-04 / 8.758671e-01
PCG: 0 : 8.459949e-04
PCG: 1 : 6.401184e-04 / 7.566457e-01
PCG: 2 : 5.958065e-04 / 7.042673e-01
PCG: 3 : 6.327445e-04 / 7.479294e-01
PCG: 4 : 6.388807e-04 / 7.551827e-01
PCG: 5 : 6.326019e-04 / 7.477609e-01
PCG: 6 : 6.421350e-04 / 7.590294e-01
PCG: 7 : 6.249449e-04 / 7.387099e-01
PCG: 8 : 6.925717e-04 / 8.186476e-01
PCG: 9 : 8.553202e-04 / 1.011023e+00
PCG: 0 : 8.553202e-04
PCG: 1 : 6.806963e-04 / 7.958379e-01
PCG: 2 : 6.088598e-04 / 7.118501e-01
PCG: 3 : 6.232420e-04 / 7.286651e-01
PCG: 4 : 6.015978e-04 / 7.033597e-01
PCG: 5 : 5.901984e-04 / 6.900322e-01
PCG: 6 : 5.740458e-04 / 6.711472e-01
PCG: 7 : 5.400828e-04 / 6.314393e-01
PCG: 8 : 5.758552e-04 / 6.732627e-01
PCG: 9 : 7.491651e-04 / 8.758885e-01
PCG: 0 : 7.491651e-04
PCG: 1 : 5.673829e-04 / 7.573537e-01
PCG: 2 : 5.287977e-04 / 7.058493e-01
PCG: 3 : 5.610217e-04 / 7.488626e-01
PCG: 4 : 5.657178e-04 / 7.551311e-01
PCG: 5 : 5.602347e-04 / 7.478120e-01
PCG: 6 : 5.694286e-04 / 7.600843e-01
PCG: 7 : 5.546488e-04 / 7.403559e-01
PCG: 8 : 6.137891e-04 / 8.192976e-01
PCG: 9 : 7.574423e-04 / 1.011049e+00
PCG: 0 : 7.574422e-04
PCG: 1 : 6.033651e-04 / 7.965824e-01
PCG: 2 : 5.403828e-04 / 7.134310e-01
PCG: 3 : 5.525906e-04 / 7.295482e-01
PCG: 4 : 5.326963e-04 / 7.032830e-01
PCG: 5 : 5.226937e-04 / 6.900773e-01
PCG: 6 : 5.090518e-04 / 6.720668e-01
PCG: 7 : 4.793339e-04 / 6.328322e-01
PCG: 8 : 5.103420e-04 / 6.737702e-01
PCG: 9 : 6.634516e-04 / 8.759105e-01
PCG: 0 : 6.634516e-04
PCG: 1 : 5.029224e-04 / 7.580394e-01
PCG: 2 : 4.693284e-04 / 7.074042e-01
PCG: 3 : 4.974296e-04 / 7.497603e-01
PCG: 4 : 5.009383e-04 / 7.550489e-01
PCG: 5 : 4.961562e-04 / 7.478408e-01
PCG: 6 : 5.049591e-04 / 7.611092e-01
PCG: 7 : 4.922583e-04 / 7.419658e-01
PCG: 8 : 5.439718e-04 / 8.199119e-01
PCG: 9 : 6.707984e-04 / 1.011074e+00
PCG: 0 : 6.707984e-04
PCG: 1 : 5.348291e-04 / 7.973022e-01
PCG: 2 : 4.796093e-04 / 7.149827e-01
PCG: 3 : 4.899477e-04 / 7.303948e-01
PCG: 4 : 4.716908e-04 / 7.031782e-01
PCG: 5 : 4.629195e-04 / 6.901022e-01
PCG: 6 : 4.514199e-04 / 6.729591e-01
PCG: 7 : 4.254160e-04 / 6.341935e-01
PCG: 8 : 4.522849e-04 / 6.742486e-01
PCG: 9 : 5.875741e-04 / 8.759325e-01
PCG: 0 : 5.875741e-04
PCG: 1 : 4.457934e-04 / 7.587014e-01
PCG: 2 : 4.165483e-04 / 7.089290e-01
PCG: 3 : 4.410447e-04 / 7.506196e-01
PCG: 4 : 4.435816e-04 / 7.549373e-01
PCG: 5 : 4.394162e-04 / 7.478482e-01
PCG: 6 : 4.477910e-04 / 7.621013e-01
PCG: 7 : 4.368834e-04 / 7.435375e-01
PCG: 8 : 4.820990e-04 / 8.204905e-01
PCG: 9 : 5.940951e-04 / 1.011098e+00
PCG: 0 : 5.940950e-04
PCG: 1 : 4.740861e-04 / 7.979971e-01
PCG: 2 : 4.256708e-04 / 7.165028e-01
PCG: 3 : 4.344043e-04 / 7.312033e-01
PCG: 4 : 4.176770e-04 / 7.030475e-01
PCG: 5 : 4.099898e-04 / 6.901081e-01
PCG: 6 : 4.003149e-04 / 6.738229e-01
PCG: 7 : 3.775607e-04 / 6.355224e-01
PCG: 8 : 4.008354e-04 / 6.746992e-01
PCG: 9 : 5.204013e-04 / 8.759563e-01
PCG: 0 : 5.204013e-04
PCG: 1 : 3.951611e-04 / 7.593392e-01
PCG: 2 : 3.697041e-04 / 7.104213e-01
PCG: 3 : 3.910501e-04 / 7.514396e-01
PCG: 4 : 3.927980e-04 / 7.547982e-01
PCG: 5 : 3.891742e-04 / 7.478348e-01
PCG: 6 : 3.970965e-04 / 7.630583e-01
PCG: 7 : 3.877353e-04 / 7.450697e-01
PCG: 8 : 4.272670e-04 / 8.210337e-01
PCG: 9 : 5.261887e-04 / 1.011121e+00
PCG: 0 : 5.261887e-04
PCG: 1 : 4.202491e-04 / 7.986662e-01
PCG: 2 : 3.777981e-04 / 7.179898e-01
PCG: 3 : 3.851558e-04 / 7.319728e-01
PCG: 4 : 3.698542e-04 / 7.028926e-01
PCG: 5 : 3.631209e-04 / 6.900963e-01
PCG: 6 : 3.549965e-04 / 6.746563e-01
PCG: 7 : 3.350863e-04 / 6.368178e-01
PCG: 8 : 3.552412e-04 / 6.751212e-01
PCG: 9 : 4.609312e-04 / 8.759809e-01
PCG: 0 : 4.609312e-04
PCG: 1 : 3.502851e-04 / 7.599509e-01
PCG: 2 : 3.281271e-04 / 7.118788e-01
PCG: 3 : 3.467208e-04 / 7.522181e-01
PCG: 4 : 3.478341e-04 / 7.546333e-01
PCG: 5 : 3.446852e-04 / 7.478018e-01
PCG: 6 : 3.521417e-04 / 7.639788e-01
PCG: 7 : 3.441136e-04 / 7.465616e-01
PCG: 8 : 3.786744e-04 / 8.215420e-01
PCG: 9 : 4.660677e-04 / 1.011144e+00
PCG: 0 : 4.660677e-04
PCG: 1 : 3.725318e-04 / 7.993084e-01
PCG: 2 : 3.353083e-04 / 7.194412e-01
PCG: 3 : 3.414885e-04 / 7.327015e-01
PCG: 4 : 3.275127e-04 / 7.027149e-01
PCG: 5 : 3.216180e-04 / 6.900670e-01
PCG: 6 : 3.148089e-04 / 6.754575e-01
PCG: 7 : 2.973877e-04 / 6.380783e-01
PCG: 8 : 3.148360e-04 / 6.755156e-01
PCG: 9 : 4.082781e-04 / 8.760059e-01
PCG: 0 : 4.082781e-04
PCG: 1 : 3.105104e-04 / 7.605366e-01
PCG: 2 : 2.912245e-04 / 7.132993e-01
PCG: 3 : 3.074145e-04 / 7.529538e-01
PCG: 4 : 3.080227e-04 / 7.544435e-01
PCG: 5 : 3.052898e-04 / 7.477497e-01
PCG: 6 : 3.122758e-04 / 7.648605e-01
PCG: 7 : 3.053969e-04 / 7.480119e-01
PCG: 8 : 3.356109e-04 / 8.220154e-01
PCG: 9 : 4.128366e-04 / 1.011165e+00
PCG: 0 : 4.128366e-04
PCG: 1 : 3.302374e-04 / 7.999228e-01
PCG: 2 : 2.975955e-04 / 7.208555e-01
PCG: 3 : 3.027695e-04 / 7.333882e-01
PCG: 4 : 2.900242e-04 / 7.025158e-01
PCG: 5 : 2.848659e-04 / 6.900210e-01
PCG: 6 : 2.791704e-04 / 6.762249e-01
PCG: 7 : 2.639277e-04 / 6.393031e-01
PCG: 8 : 2.790290e-04 / 6.758825e-01
PCG: 9 : 3.616580e-04 / 8.760318e-01
PCG: 0 : 3.616580e-04
PCG: 1 : 2.752563e-04 / 7.610955e-01
PCG: 2 : 2.584703e-04 / 7.146816e-01
PCG: 3 : 2.725622e-04 / 7.536462e-01
PCG: 4 : 2.727738e-04 / 7.542313e-01
PCG: 5 : 2.704042e-04 / 7.476794e-01
PCG: 6 : 2.769223e-04 / 7.657022e-01
PCG: 7 : 2.710338e-04 / 7.494202e-01
PCG: 8 : 2.974473e-04 / 8.224546e-01
PCG: 9 : 3.657035e-04 / 1.011186e+00
PCG: 0 : 3.657035e-04
PCG: 1 : 2.927487e-04 / 8.005085e-01
PCG: 2 : 2.641222e-04 / 7.222304e-01
PCG: 3 : 2.684380e-04 / 7.340318e-01
PCG: 4 : 2.568321e-04 / 7.022960e-01
PCG: 5 : 2.523202e-04 / 6.899584e-01
PCG: 6 : 2.475656e-04 / 6.769571e-01
PCG: 7 : 2.342300e-04 / 6.404915e-01
PCG: 8 : 2.472968e-04 / 6.762221e-01
PCG: 9 : 3.203775e-04 / 8.760580e-01
PCG: 0 : 3.203774e-04
PCG: 1 : 2.440081e-04 / 7.616268e-01
PCG: 2 : 2.293978e-04 / 7.160237e-01
PCG: 3 : 2.416588e-04 / 7.542940e-01
PCG: 4 : 2.415637e-04 / 7.539973e-01
PCG: 5 : 2.395114e-04 / 7.475913e-01
PCG: 6 : 2.455701e-04 / 7.665026e-01
PCG: 7 : 2.405346e-04 / 7.507851e-01
PCG: 8 : 2.636260e-04 / 8.228608e-01
PCG: 9 : 3.239676e-04 / 1.011206e+00
PCG: 0 : 3.239676e-04
PCG: 1 : 2.595194e-04 / 8.010659e-01
PCG: 2 : 2.344118e-04 / 7.235656e-01
PCG: 3 : 2.379971e-04 / 7.346323e-01
PCG: 4 : 2.274439e-04 / 7.020577e-01
PCG: 5 : 2.234990e-04 / 6.898805e-01
PCG: 6 : 2.195377e-04 / 6.776533e-01
PCG: 7 : 2.078716e-04 / 6.416432e-01
PCG: 8 : 2.191754e-04 / 6.765349e-01
PCG: 9 : 2.838232e-04 / 8.760850e-01
PCG: 0 : 2.838232e-04
PCG: 1 : 2.163101e-04 / 7.621298e-01
PCG: 2 : 2.035934e-04 / 7.173247e-01
PCG: 3 : 2.142572e-04 / 7.548968e-01
PCG: 4 : 2.139297e-04 / 7.537428e-01
PCG: 5 : 2.121539e-04 / 7.474861e-01
PCG: 6 : 2.177663e-04 / 7.672606e-01
PCG: 7 : 2.134653e-04 / 7.521068e-01
PCG: 8 : 2.336531e-04 / 8.232347e-01
PCG: 9 : 2.870092e-04 / 1.011225e+00
PCG: 0 : 2.870092e-04
PCG: 1 : 2.300648e-04 / 8.015936e-01
PCG: 2 : 2.080412e-04 / 7.248588e-01
PCG: 3 : 2.110059e-04 / 7.351885e-01
PCG: 4 : 2.014234e-04 / 7.018010e-01
PCG: 5 : 1.979751e-04 / 6.897867e-01
PCG: 6 : 1.946818e-04 / 6.783118e-01
PCG: 7 : 1.844772e-04 / 6.427572e-01
PCG: 8 : 1.942540e-04 / 6.768214e-01
PCG: 9 : 2.514524e-04 / 8.761125e-01
PCG: 0 : 2.514524e-04
PCG: 1 : 1.917586e-04 / 7.626041e-01
PCG: 2 : 1.806895e-04 / 7.185833e-01
PCG: 3 : 1.899606e-04 / 7.554535e-01
PCG: 4 : 1.894615e-04 / 7.534686e-01
PCG: 5 : 1.879263e-04 / 7.473636e-01
PCG: 6 : 1.931091e-04 / 7.679747e-01
PCG: 7 : 1.894402e-04 / 7.533839e-01
PCG: 8 : 2.070901e-04 / 8.235756e-01
PCG: 9 : 2.542795e-04 / 1.011243e+00
PCG: 0 : 2.542795e-04
PCG: 1 : 2.039555e-04 / 8.020920e-01
PCG: 2 : 1.846347e-04 / 7.261095e-01
PCG: 3 : 1.870736e-04 / 7.357008e-01
PCG: 4 : 1.783841e-04 / 7.015279e-01
PCG: 5 : 1.753710e-04 / 6.896783e-01
PCG: 6 : 1.726387e-04 / 6.789331e-01
PCG: 7 : 1.637139e-04 / 6.438346e-01
PCG: 8 : 1.721683e-04 / 6.770831e-01
PCG: 9 : 2.227848e-04 / 8.761415e-01
PCG: 0 : 2.227848e-04
PCG: 1 : 1.699958e-04 / 7.630496e-01
PCG: 2 : 1.603602e-04 / 7.197987e-01
PCG: 3 : 1.684173e-04 / 7.559643e-01
PCG: 4 : 1.677961e-04 / 7.531759e-01
PCG: 5 : 1.664701e-04 / 7.472240e-01
PCG: 6 : 1.712421e-04 / 7.686438e-01
PCG: 7 : 1.681169e-04 / 7.546160e-01
PCG: 8 : 1.835490e-04 / 8.238848e-01
PCG: 9 : 2.252931e-04 / 1.011259e+00
PCG: 0 : 2.252931e-04
PCG: 1 : 1.808113e-04 / 8.025603e-01
PCG: 2 : 1.638596e-04 / 7.273176e-01
PCG: 3 : 1.658538e-04 / 7.361689e-01
PCG: 4 : 1.579843e-04 / 7.012391e-01
PCG: 5 : 1.553521e-04 / 6.895556e-01
PCG: 6 : 1.530902e-04 / 6.795160e-01
PCG: 7 : 1.452857e-04 / 6.448742e-01
PCG: 8 : 1.525955e-04 / 6.773202e-01
PCG: 9 : 1.973952e-04 / 8.761708e-01
PCG: 0 : 1.973952e-04
PCG: 1 : 1.507046e-04 / 7.634664e-01
PCG: 2 : 1.423161e-04 / 7.209703e-01
PCG: 3 : 1.493155e-04 / 7.564293e-01
PCG: 4 : 1.486121e-04 / 7.528660e-01
PCG: 5 : 1.474677e-04 / 7.470683e-01
PCG: 6 : 1.518499e-04 / 7.692683e-01
PCG: 7 : 1.491922e-04 / 7.558045e-01
PCG: 8 : 1.626860e-04 / 8.241638e-01
PCG: 9 : 1.996207e-04 / 1.011274e+00
PCG: 0 : 1.996207e-04
PCG: 1 : 1.602951e-04 / 8.029982e-01
PCG: 2 : 1.454200e-04 / 7.284814e-01
PCG: 3 : 1.470390e-04 / 7.365919e-01
PCG: 4 : 1.399211e-04 / 7.009348e-01
PCG: 5 : 1.376221e-04 / 6.894179e-01
PCG: 6 : 1.357540e-04 / 6.800596e-01
PCG: 7 : 1.289303e-04 / 6.458762e-01
PCG: 8 : 1.352496e-04 / 6.775330e-01
PCG: 9 : 1.749076e-04 / 8.761998e-01
PCG: 0 : 1.749076e-04
PCG: 1 : 1.336040e-04 / 7.638545e-01
PCG: 2 : 1.263005e-04 / 7.220982e-01
PCG: 3 : 1.323786e-04 / 7.568489e-01
PCG: 4 : 1.316250e-04 / 7.525400e-01
PCG: 5 : 1.306379e-04 / 7.468966e-01
PCG: 6 : 1.346521e-04 / 7.698470e-01
PCG: 7 : 1.323960e-04 / 7.569482e-01
PCG: 8 : 1.441961e-04 / 8.244129e-01
PCG: 9 : 1.768822e-04 / 1.011289e+00
PCG: 0 : 1.768822e-04
PCG: 1 : 1.421082e-04 / 8.034058e-01
PCG: 2 : 1.290534e-04 / 7.296013e-01
PCG: 3 : 1.303570e-04 / 7.369709e-01
PCG: 4 : 1.239266e-04 / 7.006167e-01
PCG: 5 : 1.219190e-04 / 6.892666e-01
PCG: 6 : 1.203797e-04 / 6.805643e-01
PCG: 7 : 1.144146e-04 / 6.468410e-01
PCG: 8 : 1.198771e-04 / 6.777228e-01
PCG: 9 : 1.549893e-04 / 8.762293e-01
PCG: 0 : 1.549893e-04
PCG: 1 : 1.184450e-04 / 7.642139e-01
PCG: 2 : 1.120855e-04 / 7.231818e-01
PCG: 3 : 1.173615e-04 / 7.572232e-01
PCG: 4 : 1.165828e-04 / 7.521988e-01
PCG: 5 : 1.157320e-04 / 7.467094e-01
PCG: 6 : 1.194008e-04 / 7.703808e-01
PCG: 7 : 1.174894e-04 / 7.580483e-01
PCG: 8 : 1.278094e-04 / 8.246336e-01
PCG: 9 : 1.567411e-04 / 1.011302e+00
PCG: 0 : 1.567411e-04
PCG: 1 : 1.259859e-04 / 8.037836e-01
PCG: 2 : 1.145271e-04 / 7.306771e-01
PCG: 3 : 1.155662e-04 / 7.373062e-01
PCG: 4 : 1.097634e-04 / 7.002850e-01
PCG: 5 : 1.080105e-04 / 6.891012e-01
PCG: 6 : 1.067453e-04 / 6.810296e-01
PCG: 7 : 1.015320e-04 / 6.477687e-01
PCG: 8 : 1.062532e-04 / 6.778897e-01
PCG: 9 : 1.373458e-04 / 8.762589e-01
PCG: 0 : 1.373458e-04
PCG: 1 : 1.050070e-04 / 7.645446e-01
PCG: 2 : 9.946871e-05 / 7.242212e-01
PCG: 3 : 1.040466e-04 / 7.575523e-01
PCG: 4 : 1.032625e-04 / 7.518431e-01
PCG: 5 : 1.025295e-04 / 7.465067e-01
PCG: 6 : 1.058756e-04 / 7.708690e-01
PCG: 7 : 1.042598e-04 / 7.591044e-01
PCG: 8 : 1.132864e-04 / 8.248261e-01
PCG: 9 : 1.388997e-04 / 1.011314e+00
PCG: 0 : 1.388997e-04
PCG: 1 : 1.116937e-04 / 8.041318e-01
PCG: 2 : 1.016342e-04 / 7.317089e-01
PCG: 3 : 1.024522e-04 / 7.375987e-01
PCG: 4 : 9.722167e-05 / 6.999415e-01
PCG: 5 : 9.569121e-05 / 6.889230e-01
PCG: 6 : 9.465411e-05 / 6.814564e-01
PCG: 7 : 9.009872e-05 / 6.486602e-01
PCG: 8 : 9.417899e-05 / 6.780359e-01
PCG: 9 : 1.217165e-04 / 8.762903e-01
PCG: 0 : 1.217165e-04
PCG: 1 : 9.309443e-05 / 7.648466e-01
PCG: 2 : 8.827078e-05 / 7.252164e-01
PCG: 3 : 9.224124e-05 / 7.578369e-01
PCG: 4 : 9.146669e-05 / 7.514734e-01
PCG: 5 : 9.083564e-05 / 7.462888e-01
PCG: 6 : 9.388132e-05 / 7.713115e-01
PCG: 7 : 9.251882e-05 / 7.601175e-01
PCG: 8 : 1.004151e-04 / 8.249919e-01
PCG: 9 : 1.230949e-04 / 1.011325e+00
PCG: 0 : 1.230948e-04
PCG: 1 : 9.902372e-05 / 8.044506e-01
PCG: 2 : 9.019125e-05 / 7.326972e-01
PCG: 3 : 9.082536e-05 / 7.378487e-01
PCG: 4 : 8.611545e-05 / 6.995862e-01
PCG: 5 : 8.477926e-05 / 6.887313e-01
PCG: 6 : 8.393143e-05 / 6.818436e-01
PCG: 7 : 7.995195e-05 / 6.495151e-01
PCG: 8 : 8.347799e-05 / 6.781600e-01
PCG: 9 : 1.078705e-04 / 8.763202e-01
PCG: 0 : 1.078705e-04
PCG: 1 : 8.253392e-05 / 7.651205e-01
PCG: 2 : 7.833210e-05 / 7.261680e-01
PCG: 3 : 8.177425e-05 / 7.580781e-01
PCG: 4 : 8.102060e-05 / 7.510914e-01
PCG: 5 : 8.047750e-05 / 7.460567e-01
PCG: 6 : 8.324475e-05 / 7.717102e-01
PCG: 7 : 8.209904e-05 / 7.610890e-01
PCG: 8 : 8.900748e-05 / 8.251328e-01
PCG: 9 : 1.090932e-04 / 1.011335e+00
PCG: 0 : 1.090932e-04
PCG: 1 : 8.779167e-05 / 8.047402e-01
PCG: 2 : 8.003532e-05 / 7.336418e-01
PCG: 3 : 8.051692e-05 / 7.380564e-01
PCG: 4 : 7.628006e-05 / 6.992193e-01
PCG: 5 : 7.511355e-05 / 6.885265e-01
PCG: 6 : 7.442254e-05 / 6.821924e-01
PCG: 7 : 7.094703e-05 / 6.503342e-01
PCG: 8 : 7.399400e-05 / 6.782642e-01
PCG: 9 : 9.560379e-05 / 8.763498e-01
PCG: 0 : 9.560378e-05
PCG: 1 : 7.317199e-05 / 7.653671e-01
PCG: 2 : 6.951128e-05 / 7.270766e-01
PCG: 3 : 7.249415e-05 / 7.582770e-01
PCG: 4 : 7.176952e-05 / 7.506975e-01
PCG: 5 : 7.130227e-05 / 7.458101e-01
PCG: 6 : 7.381228e-05 / 7.720644e-01
PCG: 7 : 7.285189e-05 / 7.620189e-01
PCG: 8 : 7.889694e-05 / 8.252491e-01
PCG: 9 : 9.668833e-05 / 1.011344e+00
PCG: 0 : 9.668833e-05
PCG: 1 : 7.783421e-05 / 8.050010e-01
PCG: 2 : 7.102182e-05 / 7.345439e-01
PCG: 3 : 7.137760e-05 / 7.382235e-01
PCG: 4 : 6.756992e-05 / 6.988425e-01
PCG: 5 : 6.655149e-05 / 6.883094e-01
PCG: 6 : 6.599012e-05 / 6.825035e-01
PCG: 7 : 6.295557e-05 / 6.511185e-01
PCG: 8 : 6.558845e-05 / 6.783492e-01
PCG: 9 : 8.473567e-05 / 8.763795e-01
PCG: 0 : 8.473567e-05
PCG: 1 : 6.487250e-05 / 7.655866e-01
PCG: 2 : 6.168271e-05 / 7.279426e-01
PCG: 3 : 6.426645e-05 / 7.584344e-01
PCG: 4 : 6.357654e-05 / 7.502925e-01
PCG: 5 : 6.317469e-05 / 7.455501e-01
PCG: 6 : 6.544771e-05 / 7.723750e-01
PCG: 7 : 6.464554e-05 / 7.629082e-01
PCG: 8 : 6.993591e-05 / 8.253420e-01
PCG: 9 : 8.569764e-05 / 1.011353e+00
PCG: 0 : 8.569765e-05
PCG: 1 : 6.900664e-05 / 8.052337e-01
PCG: 2 : 6.302235e-05 / 7.354035e-01
PCG: 3 : 6.327488e-05 / 7.383502e-01
PCG: 4 : 5.985604e-05 / 6.984561e-01
PCG: 5 : 5.896682e-05 / 6.880798e-01
PCG: 6 : 5.851238e-05 / 6.827770e-01
PCG: 7 : 5.586360e-05 / 6.518685e-01
PCG: 8 : 5.813860e-05 / 6.784154e-01
PCG: 9 : 7.510613e-05 / 8.764083e-01
PCG: 0 : 7.510613e-05
PCG: 1 : 5.751475e-05 / 7.657796e-01
PCG: 2 : 5.473489e-05 / 7.287672e-01
PCG: 3 : 5.697185e-05 / 7.585512e-01
PCG: 4 : 5.632040e-05 / 7.498776e-01
PCG: 5 : 5.597487e-05 / 7.452770e-01
PCG: 6 : 5.803029e-05 / 7.726438e-01
PCG: 7 : 5.736294e-05 / 7.637584e-01
PCG: 8 : 6.199359e-05 / 8.254132e-01
PCG: 9 : 7.595937e-05 / 1.011360e+00
PCG: 0 : 7.595937e-05
PCG: 1 : 6.118065e-05 / 8.054392e-01
PCG: 2 : 5.592294e-05 / 7.362218e-01
PCG: 3 : 5.609132e-05 / 7.384385e-01
PCG: 4 : 5.302425e-05 / 6.980607e-01
PCG: 5 : 5.224776e-05 / 6.878383e-01
PCG: 6 : 5.188130e-05 / 6.830139e-01
PCG: 7 : 4.956994e-05 / 6.525849e-01
PCG: 8 : 5.153568e-05 / 6.784638e-01
PCG: 9 : 6.657360e-05 / 8.764370e-01
PCG: 0 : 6.657360e-05
PCG: 1 : 5.099185e-05 / 7.659470e-01
PCG: 2 : 4.856883e-05 / 7.295509e-01
PCG: 3 : 5.050465e-05 / 7.586288e-01
PCG: 4 : 4.989378e-05 / 7.494530e-01
PCG: 5 : 4.959672e-05 / 7.449908e-01
PCG: 6 : 5.145280e-05 / 7.728710e-01
PCG: 7 : 5.090015e-05 / 7.645696e-01
PCG: 8 : 5.495403e-05 / 8.254628e-01
PCG: 9 : 6.733036e-05 / 1.011367e+00
PCG: 0 : 6.733036e-05
PCG: 1 : 5.424255e-05 / 8.056180e-01
PCG: 2 : 4.962245e-05 / 7.369996e-01
PCG: 3 : 4.972274e-05 / 7.384892e-01
PCG: 4 : 4.697352e-05 / 6.976573e-01
PCG: 5 : 4.629539e-05 / 6.875857e-01
PCG: 6 : 4.600114e-05 / 6.832155e-01
PCG: 7 : 4.398488e-05 / 6.532696e-01
PCG: 8 : 4.568340e-05 / 6.784964e-01
PCG: 9 : 5.901278e-05 / 8.764661e-01
PCG: 0 : 5.901278e-05
PCG: 1 : 4.520903e-05 / 7.660888e-01
PCG: 2 : 4.309669e-05 / 7.302942e-01
PCG: 3 : 4.477107e-05 / 7.586675e-01
PCG: 4 : 4.420167e-05 / 7.490187e-01
PCG: 5 : 4.394629e-05 / 7.446911e-01
PCG: 6 : 4.562024e-05 / 7.730569e-01
PCG: 7 : 4.516496e-05 / 7.653421e-01
PCG: 8 : 4.871453e-05 / 8.254912e-01
PCG: 9 : 5.968387e-05 / 1.011372e+00
PCG: 0 : 5.968387e-05
PCG: 1 : 4.809152e-05 / 8.057709e-01
PCG: 2 : 4.403106e-05 / 7.377381e-01
PCG: 3 : 4.407676e-05 / 7.385038e-01
PCG: 4 : 4.161437e-05 / 6.972465e-01
PCG: 5 : 4.102204e-05 / 6.873221e-01
PCG: 6 : 4.078691e-05 / 6.833825e-01
PCG: 7 : 3.902863e-05 / 6.539225e-01
PCG: 8 : 4.049629e-05 / 6.785131e-01
PCG: 9 : 5.231261e-05 / 8.764949e-01
PCG: 0 : 5.231261e-05
PCG: 1 : 4.008228e-05 / 7.662068e-01
PCG: 2 : 3.824045e-05 / 7.309988e-01
PCG: 3 : 3.968799e-05 / 7.586697e-01
PCG: 4 : 3.915999e-05 / 7.485765e-01
PCG: 5 : 3.894047e-05 / 7.443802e-01
PCG: 6 : 4.044833e-05 / 7.732043e-01
PCG: 7 : 4.007558e-05 / 7.660788e-01
PCG: 8 : 4.318410e-05 / 8.255009e-01
PCG: 9 : 5.290772e-05 / 1.011376e+00
PCG: 0 : 5.290771e-05
PCG: 1 : 4.263825e-05 / 8.058987e-01
PCG: 2 : 3.906907e-05 / 7.384381e-01
PCG: 3 : 3.907146e-05 / 7.384834e-01
PCG: 4 : 3.686762e-05 / 6.968288e-01
PCG: 5 : 3.635012e-05 / 6.870478e-01
PCG: 6 : 3.616326e-05 / 6.835159e-01
PCG: 7 : 3.463045e-05 / 6.545445e-01
PCG: 8 : 3.589867e-05 / 6.785148e-01
PCG: 9 : 4.637484e-05 / 8.765233e-01
PCG: 0 : 4.637484e-05
PCG: 1 : 3.553709e-05 / 7.663012e-01
PCG: 2 : 3.393085e-05 / 7.316652e-01
PCG: 3 : 3.518163e-05 / 7.586363e-01
PCG: 4 : 3.469427e-05 / 7.481271e-01
PCG: 5 : 3.450555e-05 / 7.440576e-01
PCG: 6 : 3.586229e-05 / 7.733136e-01
PCG: 7 : 3.555931e-05 / 7.667802e-01
PCG: 8 : 3.828208e-05 / 8.254926e-01
PCG: 9 : 4.690254e-05 / 1.011379e+00
PCG: 0 : 4.690254e-05
PCG: 1 : 3.780355e-05 / 8.060021e-01
PCG: 2 : 3.466571e-05 / 7.391008e-01
PCG: 3 : 3.463421e-05 / 7.384292e-01
PCG: 4 : 3.266314e-05 / 6.964045e-01
PCG: 5 : 3.221094e-05 / 6.867632e-01
PCG: 6 : 3.206336e-05 / 6.836167e-01
PCG: 7 : 3.072758e-05 / 6.551368e-01
PCG: 8 : 3.182349e-05 / 6.785025e-01
PCG: 9 : 4.111247e-05 / 8.765509e-01
PCG: 0 : 4.111247e-05
PCG: 1 : 3.150748e-05 / 7.663729e-01
PCG: 2 : 3.010644e-05 / 7.322946e-01
PCG: 3 : 3.118663e-05 / 7.585687e-01
PCG: 4 : 3.073858e-05 / 7.476705e-01
PCG: 5 : 3.057632e-05 / 7.437237e-01
PCG: 6 : 3.179582e-05 / 7.733863e-01
PCG: 7 : 3.155165e-05 / 7.674472e-01
PCG: 8 : 3.393699e-05 / 8.254672e-01
PCG: 9 : 4.158039e-05 / 1.011382e+00
PCG: 0 : 4.158039e-05
PCG: 1 : 3.351721e-05 / 8.060821e-01
PCG: 2 : 3.075815e-05 / 7.397274e-01
PCG: 3 : 3.070058e-05 / 7.383428e-01
PCG: 4 : 2.893891e-05 / 6.959750e-01
PCG: 5 : 2.854366e-05 / 6.864693e-01
PCG: 6 : 2.842795e-05 / 6.836866e-01
PCG: 7 : 2.726427e-05 / 6.557002e-01
PCG: 8 : 2.821133e-05 / 6.784767e-01
PCG: 9 : 3.644846e-05 / 8.765780e-01
PCG: 0 : 3.644846e-05
PCG: 1 : 2.793494e-05 / 7.664229e-01
PCG: 2 : 2.671266e-05 / 7.328886e-01
PCG: 3 : 2.764502e-05 / 7.584687e-01
PCG: 4 : 2.723458e-05 / 7.472081e-01
PCG: 5 : 2.709504e-05 / 7.433796e-01
PCG: 6 : 2.819011e-05 / 7.734239e-01
PCG: 7 : 2.799537e-05 / 7.680809e-01
PCG: 8 : 3.008550e-05 / 8.254258e-01
PCG: 9 : 3.686333e-05 / 1.011382e+00
PCG: 0 : 3.686333e-05
PCG: 1 : 2.971701e-05 / 8.061402e-01
PCG: 2 : 2.729062e-05 / 7.403190e-01
PCG: 3 : 2.721346e-05 / 7.382258e-01
PCG: 4 : 2.563994e-05 / 6.955407e-01
PCG: 5 : 2.529438e-05 / 6.861666e-01
PCG: 6 : 2.520446e-05 / 6.837271e-01
PCG: 7 : 2.419106e-05 / 6.562365e-01
PCG: 8 : 2.500954e-05 / 6.784396e-01
PCG: 9 : 3.231462e-05 / 8.766063e-01
PCG: 0 : 3.231462e-05
PCG: 1 : 2.476759e-05 / 7.664515e-01
PCG: 2 : 2.370108e-05 / 7.334475e-01
PCG: 3 : 2.450536e-05 / 7.583366e-01
PCG: 4 : 2.413058e-05 / 7.467389e-01
PCG: 5 : 2.401055e-05 / 7.430242e-01
PCG: 6 : 2.499298e-05 / 7.734263e-01
PCG: 7 : 2.483963e-05 / 7.686809e-01
PCG: 8 : 2.667144e-05 / 8.253676e-01
PCG: 9 : 3.268237e-05 / 1.011380e+00
PCG: 0 : 3.268237e-05
PCG: 1 : 2.634778e-05 / 8.061770e-01
PCG: 2 : 2.421360e-05 / 7.408765e-01
PCG: 3 : 2.412218e-05 / 7.380793e-01
PCG: 4 : 2.271758e-05 / 6.951020e-01
PCG: 5 : 2.241539e-05 / 6.858557e-01
PCG: 6 : 2.234623e-05 / 6.837395e-01
PCG: 7 : 2.146403e-05 / 6.567465e-01
PCG: 8 : 2.217144e-05 / 6.783915e-01
PCG: 9 : 2.865052e-05 / 8.766351e-01
PCG: 0 : 2.865052e-05
PCG: 1 : 2.195947e-05 / 7.664599e-01
PCG: 2 : 2.102870e-05 / 7.339728e-01
PCG: 3 : 2.172210e-05 / 7.581748e-01
PCG: 4 : 2.138088e-05 / 7.462651e-01
PCG: 5 : 2.127758e-05 / 7.426594e-01
PCG: 6 : 2.215821e-05 / 7.733965e-01
PCG: 7 : 2.203941e-05 / 7.692501e-01
PCG: 8 : 2.364515e-05 / 8.252958e-01
PCG: 9 : 2.897647e-05 / 1.011377e+00
PCG: 0 : 2.897647e-05
PCG: 1 : 2.336064e-05 / 8.061937e-01
PCG: 2 : 2.148321e-05 / 7.414019e-01
PCG: 3 : 2.138189e-05 / 7.379054e-01
PCG: 4 : 2.012879e-05 / 6.946598e-01
PCG: 5 : 1.986443e-05 / 6.855366e-01
PCG: 6 : 1.981191e-05 / 6.837240e-01
PCG: 7 : 1.904421e-05 / 6.572301e-01
PCG: 8 : 1.965567e-05 / 6.783321e-01
PCG: 9 : 2.540261e-05 / 8.766634e-01
PCG: 0 : 2.540261e-05
PCG: 1 : 1.946982e-05 / 7.664495e-01
PCG: 2 : 1.865735e-05 / 7.344659e-01
PCG: 3 : 1.925479e-05 / 7.579846e-01
PCG: 4 : 1.894494e-05 / 7.457873e-01
PCG: 5 : 1.885600e-05 / 7.422862e-01
PCG: 6 : 1.964477e-05 / 7.733367e-01
PCG: 7 : 1.955467e-05 / 7.697901e-01
PCG: 8 : 2.096252e-05 / 8.252113e-01
PCG: 9 : 2.569151e-05 / 1.011373e+00
PCG: 0 : 2.569151e-05
PCG: 1 : 2.071225e-05 / 8.061904e-01
PCG: 2 : 1.906041e-05 / 7.418952e-01
PCG: 3 : 1.895274e-05 / 7.377042e-01
PCG: 4 : 1.783539e-05 / 6.942134e-01
PCG: 5 : 1.760406e-05 / 6.852092e-01
PCG: 6 : 1.756482e-05 / 6.836818e-01
PCG: 7 : 1.689700e-05 / 6.576882e-01
PCG: 8 : 1.742559e-05 / 6.782624e-01
PCG: 9 : 2.252349e-05 / 8.766900e-01
PCG: 0 : 2.252349e-05
PCG: 1 : 1.726249e-05 / 7.664214e-01
PCG: 2 : 1.655316e-05 / 7.349285e-01
PCG: 3 : 1.706758e-05 / 7.577682e-01
PCG: 4 : 1.678690e-05 / 7.453061e-01
PCG: 5 : 1.671029e-05 / 7.419049e-01
PCG: 6 : 1.741624e-05 / 7.732477e-01
PCG: 7 : 1.734987e-05 / 7.703012e-01
PCG: 8 : 1.858447e-05 / 8.251151e-01
PCG: 9 : 2.277958e-05 / 1.011370e+00
PCG: 0 : 2.277957e-05
PCG: 1 : 1.836417e-05 / 8.061683e-01
PCG: 2 : 1.691059e-05 / 7.423576e-01
PCG: 3 : 1.679943e-05 / 7.374776e-01
PCG: 4 : 1.580366e-05 / 6.937644e-01
PCG: 5 : 1.560115e-05 / 6.848747e-01
PCG: 6 : 1.557246e-05 / 6.836150e-01
PCG: 7 : 1.499173e-05 / 6.581217e-01
PCG: 8 : 1.544872e-05 / 6.781831e-01
PCG: 9 : 1.997119e-05 / 8.767150e-01
PCG: 0 : 1.997119e-05
PCG: 1 : 1.530546e-05 / 7.663767e-01
PCG: 2 : 1.468604e-05 / 7.353612e-01
PCG: 3 : 1.512871e-05 / 7.575264e-01
PCG: 4 : 1.487499e-05 / 7.448223e-01
PCG: 5 : 1.480896e-05 / 7.415162e-01
PCG: 6 : 1.544036e-05 / 7.731314e-01
PCG: 7 : 1.539349e-05 / 7.707848e-01
PCG: 8 : 1.647640e-05 / 8.250080e-01
PCG: 9 : 2.019818e-05 / 1.011366e+00
PCG: 0 : 2.019818e-05
PCG: 1 : 1.628233e-05 / 8.061287e-01
PCG: 2 : 1.500301e-05 / 7.427905e-01
PCG: 3 : 1.489065e-05 / 7.372276e-01
PCG: 4 : 1.400366e-05 / 6.933132e-01
PCG: 5 : 1.382633e-05 / 6.845337e-01
PCG: 6 : 1.380596e-05 / 6.835250e-01
PCG: 7 : 1.330115e-05 / 6.585324e-01
PCG: 8 : 1.369630e-05 / 6.780958e-01
PCG: 9 : 1.770856e-05 / 8.767408e-01
PCG: 0 : 1.770856e-05
PCG: 1 : 1.357034e-05 / 7.663153e-01
PCG: 2 : 1.302934e-05 / 7.357648e-01
PCG: 3 : 1.341000e-05 / 7.572605e-01
PCG: 4 : 1.318111e-05 / 7.443356e-01
PCG: 5 : 1.312418e-05 / 7.411204e-01
PCG: 6 : 1.368852e-05 / 7.729887e-01
PCG: 7 : 1.365757e-05 / 7.712411e-01
PCG: 8 : 1.460762e-05 / 8.248903e-01
PCG: 9 : 1.790973e-05 / 1.011360e+00
PCG: 0 : 1.790973e-05
PCG: 1 : 1.443654e-05 / 8.060727e-01
PCG: 2 : 1.331043e-05 / 7.431955e-01
PCG: 3 : 1.319866e-05 / 7.369550e-01
PCG: 4 : 1.240894e-05 / 6.928605e-01
PCG: 5 : 1.225359e-05 / 6.841866e-01
PCG: 6 : 1.223973e-05 / 6.834126e-01
PCG: 7 : 1.180108e-05 / 6.589204e-01
PCG: 8 : 1.214281e-05 / 6.780007e-01
PCG: 9 : 1.570264e-05 / 8.767660e-01
PCG: 0 : 1.570264e-05
PCG: 1 : 1.203197e-05 / 7.662388e-01
PCG: 2 : 1.155935e-05 / 7.361407e-01
PCG: 3 : 1.188646e-05 / 7.569721e-01
PCG: 4 : 1.168036e-05 / 7.438469e-01
PCG: 5 : 1.163123e-05 / 7.407181e-01
PCG: 6 : 1.213533e-05 / 7.728210e-01
PCG: 7 : 1.211728e-05 / 7.716713e-01
PCG: 8 : 1.295095e-05 / 8.247627e-01
PCG: 9 : 1.588091e-05 / 1.011353e+00
PCG: 0 : 1.588091e-05
PCG: 1 : 1.280004e-05 / 8.060017e-01
PCG: 2 : 1.180862e-05 / 7.435734e-01
PCG: 3 : 1.169886e-05 / 7.366620e-01
PCG: 4 : 1.099605e-05 / 6.924068e-01
PCG: 5 : 1.085991e-05 / 6.838342e-01
PCG: 6 : 1.085109e-05 / 6.832792e-01
PCG: 7 : 1.047007e-05 / 6.592865e-01
PCG: 8 : 1.076564e-05 / 6.778983e-01
PCG: 9 : 1.392423e-05 / 8.767905e-01
PCG: 0 : 1.392423e-05
PCG: 1 : 1.066802e-05 / 7.661480e-01
PCG: 2 : 1.025505e-05 / 7.364900e-01
PCG: 3 : 1.053595e-05 / 7.566630e-01
PCG: 4 : 1.035068e-05 / 7.433574e-01
PCG: 5 : 1.030825e-05 / 7.403103e-01
PCG: 6 : 1.075828e-05 / 7.726307e-01
PCG: 7 : 1.075058e-05 / 7.720770e-01
PCG: 8 : 1.148230e-05 / 8.246272e-01
PCG: 9 : 1.408221e-05 / 1.011346e+00
PCG: 0 : 1.408221e-05
PCG: 1 : 1.134907e-05 / 8.059155e-01
PCG: 2 : 1.047610e-05 / 7.439249e-01
PCG: 3 : 1.036942e-05 / 7.363493e-01
PCG: 4 : 9.744219e-06 / 6.919526e-01
PCG: 5 : 9.624864e-06 / 6.834770e-01
PCG: 6 : 9.619928e-06 / 6.831265e-01
PCG: 7 : 9.289073e-06 / 6.596320e-01
PCG: 8 : 9.544778e-06 / 6.777899e-01
PCG: 9 : 1.234749e-05 / 8.768148e-01
PCG: 0 : 1.234749e-05
PCG: 1 : 9.458717e-06 / 7.660440e-01
PCG: 2 : 9.097792e-06 / 7.368133e-01
PCG: 3 : 9.338821e-06 / 7.563338e-01
PCG: 4 : 9.172539e-06 / 7.428669e-01
PCG: 5 : 9.135862e-06 / 7.398965e-01
PCG: 6 : 9.537416e-06 / 7.724177e-01
PCG: 7 : 9.537913e-06 / 7.724579e-01
PCG: 8 : 1.018029e-05 / 8.244827e-01
PCG: 9 : 1.248746e-05 / 1.011336e+00
PCG: 0 : 1.248746e-05
PCG: 1 : 1.006260e-05 / 8.058160e-01
PCG: 2 : 9.293811e-06 / 7.442514e-01
PCG: 3 : 9.191000e-06 / 7.360182e-01
PCG: 4 : 8.635057e-06 / 6.914982e-01
PCG: 5 : 8.530378e-06 / 6.831154e-01
PCG: 6 : 8.528381e-06 / 6.829555e-01
PCG: 7 : 8.241186e-06 / 6.599568e-01
PCG: 8 : 8.462449e-06 / 6.776756e-01
PCG: 9 : 1.094949e-05 / 8.768389e-01
PCG: 0 : 1.094949e-05
PCG: 1 : 8.386517e-06 / 7.659275e-01
PCG: 2 : 8.071002e-06 / 7.371119e-01
PCG: 3 : 8.277667e-06 / 7.559864e-01
PCG: 4 : 8.128643e-06 / 7.423763e-01
PCG: 5 : 8.096914e-06 / 7.394785e-01
PCG: 6 : 8.455030e-06 / 7.721847e-01
PCG: 7 : 8.461939e-06 / 7.728156e-01
PCG: 8 : 9.026015e-06 / 8.243318e-01
PCG: 9 : 1.107352e-05 / 1.011327e+00
PCG: 0 : 1.107352e-05
PCG: 1 : 8.921973e-06 / 8.057033e-01
PCG: 2 : 8.244827e-06 / 7.445533e-01
PCG: 3 : 8.146459e-06 / 7.356701e-01
PCG: 4 : 7.652291e-06 / 6.910440e-01
PCG: 5 : 7.560447e-06 / 6.827500e-01
PCG: 6 : 7.560634e-06 / 6.827669e-01
PCG: 7 : 7.311425e-06 / 6.602619e-01
PCG: 8 : 7.502930e-06 / 6.775559e-01
PCG: 9 : 9.709941e-06 / 8.768612e-01
PCG: 0 : 9.709940e-06
PCG: 1 : 7.435874e-06 / 7.658002e-01
PCG: 2 : 7.159989e-06 / 7.373875e-01
PCG: 3 : 7.337050e-06 / 7.556226e-01
PCG: 4 : 7.203681e-06 / 7.418872e-01
PCG: 5 : 7.176200e-06 / 7.390571e-01
PCG: 6 : 7.495425e-06 / 7.719332e-01
PCG: 7 : 7.507251e-06 / 7.731512e-01
PCG: 8 : 8.002688e-06 / 8.241749e-01
PCG: 9 : 9.819839e-06 / 1.011318e+00
PCG: 0 : 9.819839e-06
PCG: 1 : 7.910656e-06 / 8.055790e-01
PCG: 2 : 7.314126e-06 / 7.448316e-01
PCG: 3 : 7.220589e-06 / 7.353063e-01
PCG: 4 : 6.781490e-06 / 6.905908e-01
PCG: 5 : 6.700875e-06 / 6.823813e-01
PCG: 6 : 6.702653e-06 / 6.825624e-01
PCG: 7 : 6.486478e-06 / 6.605483e-01
PCG: 8 : 6.652269e-06 / 6.774316e-01
PCG: 9 : 8.610858e-06 / 8.768838e-01
PCG: 0 : 8.610857e-06
PCG: 1 : 6.593001e-06 / 7.656615e-01
PCG: 2 : 6.351712e-06 / 7.376400e-01
PCG: 3 : 6.503289e-06 / 7.552430e-01
PCG: 4 : 6.384076e-06 / 7.413985e-01
PCG: 5 : 6.360255e-06 / 7.386320e-01
PCG: 6 : 6.644688e-06 / 7.716640e-01
PCG: 7 : 6.660192e-06 / 7.734646e-01
PCG: 8 : 7.095451e-06 / 8.240122e-01
PCG: 9 : 8.708226e-06 / 1.011308e+00
PCG: 0 : 8.708226e-06
PCG: 1 : 7.013990e-06 / 8.054442e-01
PCG: 2 : 6.488391e-06 / 7.450875e-01
PCG: 3 : 6.399921e-06 / 7.349282e-01
PCG: 4 : 6.009886e-06 / 6.901390e-01
PCG: 5 : 5.939098e-06 / 6.820101e-01
PCG: 6 : 5.941996e-06 / 6.823428e-01
PCG: 7 : 5.754534e-06 / 6.608159e-01
PCG: 8 : 5.898108e-06 / 6.773030e-01
PCG: 9 : 7.636294e-06 / 8.769058e-01
PCG: 0 : 7.636294e-06
PCG: 1 : 5.845679e-06 / 7.655125e-01
PCG: 2 : 5.634589e-06 / 7.378696e-01
PCG: 3 : 5.764244e-06 / 7.548483e-01
PCG: 4 : 5.657816e-06 / 7.409112e-01
PCG: 5 : 5.637142e-06 / 7.382039e-01
PCG: 6 : 5.890468e-06 / 7.713779e-01
PCG: 7 : 5.908632e-06 / 7.737565e-01
PCG: 8 : 6.291116e-06 / 8.238441e-01
PCG: 9 : 7.722554e-06 / 1.011296e+00
PCG: 0 : 7.722554e-06
PCG: 1 : 6.218967e-06 / 8.052993e-01
PCG: 2 : 5.755792e-06 / 7.453223e-01
PCG: 3 : 5.672504e-06 / 7.345374e-01
PCG: 4 : 5.326164e-06 / 6.896895e-01
PCG: 5 : 5.263979e-06 / 6.816370e-01
PCG: 6 : 5.267630e-06 / 6.821098e-01
PCG: 7 : 5.105116e-06 / 6.610658e-01
PCG: 8 : 5.229489e-06 / 6.771710e-01
PCG: 9 : 6.772123e-06 / 8.769280e-01
PCG: 0 : 6.772123e-06
PCG: 1 : 5.183075e-06 / 7.653545e-01
PCG: 2 : 4.998355e-06 / 7.380779e-01
PCG: 3 : 5.109164e-06 / 7.544404e-01
PCG: 4 : 5.014254e-06 / 7.404256e-01
PCG: 5 : 4.996292e-06 / 7.377734e-01
PCG: 6 : 5.221823e-06 / 7.710761e-01
PCG: 7 : 5.241807e-06 / 7.740271e-01
PCG: 8 : 5.578004e-06 / 8.236713e-01
PCG: 9 : 6.848533e-06 / 1.011283e+00
PCG: 0 : 6.848534e-06
PCG: 1 : 5.514063e-06 / 8.051451e-01
PCG: 2 : 5.105824e-06 / 7.455354e-01
PCG: 3 : 5.027740e-06 / 7.341338e-01
PCG: 4 : 4.720297e-06 / 6.892419e-01
PCG: 5 : 4.665647e-06 / 6.812622e-01
PCG: 6 : 4.669766e-06 / 6.818637e-01
PCG: 7 : 4.528924e-06 / 6.612984e-01
PCG: 8 : 4.636703e-06 / 6.770359e-01
PCG: 9 : 6.005820e-06 / 8.769497e-01
PCG: 0 : 6.005819e-06
PCG: 1 : 4.595582e-06 / 7.651882e-01
PCG: 2 : 4.433891e-06 / 7.382659e-01
PCG: 3 : 4.528512e-06 / 7.540208e-01
PCG: 4 : 4.443965e-06 / 7.399433e-01
PCG: 5 : 4.428342e-06 / 7.373419e-01
PCG: 6 : 4.629052e-06 / 7.707612e-01
PCG: 7 : 4.650177e-06 / 7.742786e-01
PCG: 8 : 4.945765e-06 / 8.234954e-01
PCG: 9 : 6.073507e-06 / 1.011270e+00
PCG: 0 : 6.073507e-06
PCG: 1 : 4.889067e-06 / 8.049824e-01
PCG: 2 : 4.529188e-06 / 7.457285e-01
PCG: 3 : 4.456253e-06 / 7.337198e-01
PCG: 4 : 4.183416e-06 / 6.887974e-01
PCG: 5 : 4.135368e-06 / 6.808863e-01
PCG: 6 : 4.139737e-06 / 6.816056e-01
PCG: 7 : 4.017708e-06 / 6.615136e-01
PCG: 8 : 4.111146e-06 / 6.768981e-01
PCG: 9 : 5.326287e-06 / 8.769705e-01
PCG: 0 : 5.326287e-06
PCG: 1 : 4.074687e-06 / 7.650146e-01
PCG: 2 : 3.933109e-06 / 7.384336e-01
PCG: 3 : 4.013834e-06 / 7.535895e-01
PCG: 4 : 3.938596e-06 / 7.394637e-01
PCG: 5 : 3.924992e-06 / 7.369096e-01
PCG: 6 : 4.103546e-06 / 7.704328e-01
PCG: 7 : 4.125264e-06 / 7.745103e-01
PCG: 8 : 4.385216e-06 / 8.233157e-01
PCG: 9 : 5.386246e-06 / 1.011257e+00
PCG: 0 : 5.386245e-06
PCG: 1 : 4.334912e-06 / 8.048114e-01
PCG: 2 : 4.017609e-06 / 7.459015e-01
PCG: 3 : 3.949708e-06 / 7.332951e-01
PCG: 4 : 3.707655e-06 / 6.883560e-01
PCG: 5 : 3.665393e-06 / 6.805097e-01
PCG: 6 : 3.669845e-06 / 6.813364e-01
PCG: 7 : 3.564146e-06 / 6.617124e-01
PCG: 8 : 3.645185e-06 / 6.767581e-01
PCG: 9 : 4.723689e-06 / 8.769910e-01
PCG: 0 : 4.723688e-06
PCG: 1 : 3.612836e-06 / 7.648337e-01
PCG: 2 : 3.488831e-06 / 7.385821e-01
PCG: 3 : 3.557640e-06 / 7.531487e-01
PCG: 4 : 3.490746e-06 / 7.389874e-01
PCG: 5 : 3.478887e-06 / 7.364768e-01
PCG: 6 : 3.637676e-06 / 7.700924e-01
PCG: 7 : 3.659546e-06 / 7.747223e-01
PCG: 8 : 3.888224e-06 / 8.231330e-01
PCG: 9 : 4.776796e-06 / 1.011243e+00
PCG: 0 : 4.776796e-06
PCG: 1 : 3.843570e-06 / 8.046334e-01
PCG: 2 : 3.563753e-06 / 7.460551e-01
PCG: 3 : 3.500730e-06 / 7.328615e-01
PCG: 4 : 3.286046e-06 / 6.879184e-01
PCG: 5 : 3.248857e-06 / 6.801330e-01
PCG: 6 : 3.253272e-06 / 6.810573e-01
PCG: 7 : 3.161738e-06 / 6.618950e-01
PCG: 8 : 3.232057e-06 / 6.766160e-01
PCG: 9 : 4.189305e-06 / 8.770115e-01
PCG: 0 : 4.189305e-06
PCG: 1 : 3.203337e-06 / 7.646463e-01
PCG: 2 : 3.094688e-06 / 7.387115e-01
PCG: 3 : 3.153284e-06 / 7.526986e-01
PCG: 4 : 3.093863e-06 / 7.385147e-01
PCG: 5 : 3.083512e-06 / 7.360438e-01
PCG: 6 : 3.224678e-06 / 7.697405e-01
PCG: 7 : 3.246356e-06 / 7.749153e-01
PCG: 8 : 3.447579e-06 / 8.229476e-01
PCG: 9 : 4.236343e-06 / 1.011228e+00
PCG: 0 : 4.236343e-06
PCG: 1 : 3.407922e-06 / 8.044491e-01
PCG: 2 : 3.161117e-06 / 7.461901e-01
PCG: 3 : 3.102781e-06 / 7.324196e-01
PCG: 4 : 2.912420e-06 / 6.874846e-01
PCG: 5 : 2.879683e-06 / 6.797569e-01
PCG: 6 : 2.883970e-06 / 6.807689e-01
PCG: 7 : 2.804720e-06 / 6.620617e-01
PCG: 8 : 2.865768e-06 / 6.764721e-01
PCG: 9 : 3.715406e-06 / 8.770316e-01
PCG: 0 : 3.715406e-06
PCG: 1 : 2.840254e-06 / 7.644530e-01
PCG: 2 : 2.745025e-06 / 7.388223e-01
PCG: 3 : 2.794878e-06 / 7.522402e-01
PCG: 4 : 2.742142e-06 / 7.380464e-01
PCG: 5 : 2.733095e-06 / 7.356114e-01
PCG: 6 : 2.858553e-06 / 7.693782e-01
PCG: 7 : 2.879772e-06 / 7.750894e-01
PCG: 8 : 3.056887e-06 / 8.227599e-01
PCG: 9 : 3.757064e-06 / 1.011212e+00
PCG: 0 : 3.757064e-06
PCG: 1 : 3.021652e-06 / 8.042589e-01
PCG: 2 : 2.803923e-06 / 7.463069e-01
PCG: 3 : 2.750061e-06 / 7.319705e-01
PCG: 4 : 2.581311e-06 / 6.870552e-01
PCG: 5 : 2.552480e-06 / 6.793815e-01
PCG: 6 : 2.556576e-06 / 6.804715e-01
PCG: 7 : 2.487975e-06 / 6.622124e-01
PCG: 8 : 2.541004e-06 / 6.763269e-01
PCG: 9 : 3.295139e-06 / 8.770515e-01
PCG: 0 : 3.295139e-06
PCG: 1 : 2.518325e-06 / 7.642546e-01
PCG: 2 : 2.434828e-06 / 7.389152e-01
PCG: 3 : 2.477202e-06 / 7.517747e-01
PCG: 4 : 2.430439e-06 / 7.375832e-01
PCG: 5 : 2.422523e-06 / 7.351809e-01
PCG: 6 : 2.533986e-06 / 7.690074e-01
PCG: 7 : 2.554544e-06 / 7.752463e-01
PCG: 8 : 2.710487e-06 / 8.225713e-01
PCG: 9 : 3.332035e-06 / 1.011197e+00
PCG: 0 : 3.332035e-06
PCG: 1 : 2.679166e-06 / 8.040629e-01
PCG: 2 : 2.487049e-06 / 7.464055e-01
PCG: 3 : 2.437433e-06 / 7.315147e-01
PCG: 4 : 2.287876e-06 / 6.866303e-01
PCG: 5 : 2.262476e-06 / 6.790074e-01
PCG: 6 : 2.266336e-06 / 6.801658e-01
PCG: 7 : 2.206964e-06 / 6.623473e-01
PCG: 8 : 2.253057e-06 / 6.761804e-01
PCG: 9 : 2.922429e-06 / 8.770703e-01
PCG: 0 : 2.922429e-06
PCG: 1 : 2.232885e-06 / 7.640510e-01
PCG: 2 : 2.159646e-06 / 7.389899e-01
PCG: 3 : 2.195627e-06 / 7.513020e-01
PCG: 4 : 2.154194e-06 / 7.371244e-01
PCG: 5 : 2.147258e-06 / 7.347512e-01
PCG: 6 : 2.246257e-06 / 7.686268e-01
PCG: 7 : 2.266005e-06 / 7.753841e-01
PCG: 8 : 2.403348e-06 / 8.223802e-01
PCG: 9 : 2.955104e-06 / 1.011181e+00
PCG: 0 : 2.955104e-06
PCG: 1 : 2.375495e-06 / 8.038617e-01
PCG: 2 : 2.205945e-06 / 7.464863e-01
PCG: 3 : 2.160338e-06 / 7.310531e-01
PCG: 4 : 2.027824e-06 / 6.862107e-01
PCG: 5 : 2.005437e-06 / 6.786351e-01
PCG: 6 : 2.009037e-06 / 6.798531e-01
PCG: 7 : 1.957660e-06 / 6.624674e-01
PCG: 8 : 1.997750e-06 / 6.760337e-01
PCG: 9 : 2.591891e-06 / 8.770897e-01
PCG: 0 : 2.591891e-06
PCG: 1 : 1.979799e-06 / 7.638436e-01
PCG: 2 : 1.915531e-06 / 7.390476e-01
PCG: 3 : 1.946053e-06 / 7.508236e-01
PCG: 4 : 1.909372e-06 / 7.366712e-01
PCG: 5 : 1.903288e-06 / 7.343239e-01
PCG: 6 : 1.991190e-06 / 7.682384e-01
PCG: 7 : 2.010022e-06 / 7.755039e-01
PCG: 8 : 2.131020e-06 / 8.221875e-01
PCG: 9 : 2.620827e-06 / 1.011164e+00
PCG: 0 : 2.620827e-06
PCG: 1 : 2.106243e-06 / 8.036557e-01
PCG: 2 : 1.956577e-06 / 7.465495e-01
PCG: 3 : 1.914740e-06 / 7.305861e-01
PCG: 4 : 1.797354e-06 / 6.857963e-01
PCG: 5 : 1.777615e-06 / 6.782649e-01
PCG: 6 : 1.780940e-06 / 6.795333e-01
PCG: 7 : 1.736487e-06 / 6.625720e-01
PCG: 8 : 1.771381e-06 / 6.758861e-01
PCG: 9 : 2.298750e-06 / 8.771086e-01
PCG: 0 : 2.298750e-06
PCG: 1 : 1.755399e-06 / 7.636321e-01
PCG: 2 : 1.698979e-06 / 7.390881e-01
PCG: 3 : 1.724844e-06 / 7.503399e-01
PCG: 4 : 1.692395e-06 / 7.362238e-01
PCG: 5 : 1.687051e-06 / 7.338991e-01
PCG: 6 : 1.765078e-06 / 7.678425e-01
PCG: 7 : 1.782924e-06 / 7.756059e-01
PCG: 8 : 1.889558e-06 / 8.219938e-01
PCG: 9 : 2.324375e-06 / 1.011147e+00
PCG: 0 : 2.324375e-06
PCG: 1 : 1.867509e-06 / 8.034457e-01
PCG: 2 : 1.735368e-06 / 7.465955e-01
PCG: 3 : 1.697059e-06 / 7.301142e-01
PCG: 4 : 1.593096e-06 / 6.853871e-01
PCG: 5 : 1.575686e-06 / 6.778969e-01
PCG: 6 : 1.578730e-06 / 6.792064e-01
PCG: 7 : 1.540272e-06 / 6.626608e-01
PCG: 8 : 1.570666e-06 / 6.757370e-01
PCG: 9 : 2.038772e-06 / 8.771268e-01
PCG: 0 : 2.038771e-06
PCG: 1 : 1.556432e-06 / 7.634165e-01
PCG: 2 : 1.506879e-06 / 7.391114e-01
PCG: 3 : 1.528776e-06 / 7.498517e-01
PCG: 4 : 1.500093e-06 / 7.357827e-01
PCG: 5 : 1.495393e-06 / 7.334777e-01
PCG: 6 : 1.564635e-06 / 7.674400e-01
PCG: 7 : 1.581456e-06 / 7.756910e-01
PCG: 8 : 1.675462e-06 / 8.218001e-01
PCG: 9 : 2.061464e-06 / 1.011131e+00
PCG: 0 : 2.061464e-06
PCG: 1 : 1.655834e-06 / 8.032319e-01
PCG: 2 : 1.539140e-06 / 7.466244e-01
PCG: 3 : 1.504123e-06 / 7.296382e-01
PCG: 4 : 1.412069e-06 / 6.849837e-01
PCG: 5 : 1.396707e-06 / 6.775315e-01
PCG: 6 : 1.399473e-06 / 6.788731e-01
PCG: 7 : 1.366203e-06 / 6.627344e-01
PCG: 8 : 1.392699e-06 / 6.755874e-01
PCG: 9 : 1.808203e-06 / 8.771448e-01
PCG: 0 : 1.808203e-06
PCG: 1 : 1.380016e-06 / 7.631974e-01
PCG: 2 : 1.336474e-06 / 7.391174e-01
PCG: 3 : 1.354992e-06 / 7.493587e-01
PCG: 4 : 1.329657e-06 / 7.353472e-01
PCG: 5 : 1.325520e-06 / 7.330592e-01
PCG: 6 : 1.386946e-06 / 7.670304e-01
PCG: 7 : 1.402726e-06 / 7.757573e-01
PCG: 8 : 1.485628e-06 / 8.216047e-01
PCG: 9 : 1.828298e-06 / 1.011114e+00
PCG: 0 : 1.828298e-06
PCG: 1 : 1.468149e-06 / 8.030143e-01
PCG: 2 : 1.365073e-06 / 7.466361e-01
PCG: 3 : 1.333119e-06 / 7.291585e-01
PCG: 4 : 1.251629e-06 / 6.845868e-01
PCG: 5 : 1.238068e-06 / 6.771698e-01
PCG: 6 : 1.240564e-06 / 6.785347e-01
PCG: 7 : 1.211784e-06 / 6.627935e-01
PCG: 8 : 1.234902e-06 / 6.754379e-01
PCG: 9 : 1.603716e-06 / 8.771633e-01
PCG: 0 : 1.603716e-06
PCG: 1 : 1.223595e-06 / 7.629752e-01
PCG: 2 : 1.185317e-06 / 7.391067e-01
PCG: 3 : 1.200961e-06 / 7.488617e-01
PCG: 4 : 1.178600e-06 / 7.349181e-01
PCG: 5 : 1.174952e-06 / 7.326437e-01
PCG: 6 : 1.229431e-06 / 7.666139e-01
PCG: 7 : 1.244172e-06 / 7.758055e-01
PCG: 8 : 1.317305e-06 / 8.214077e-01
PCG: 9 : 1.621510e-06 / 1.011096e+00
PCG: 0 : 1.621510e-06
PCG: 1 : 1.301737e-06 / 8.027932e-01
PCG: 2 : 1.210669e-06 / 7.466308e-01
PCG: 3 : 1.181554e-06 / 7.286752e-01
PCG: 4 : 1.109430e-06 / 6.841956e-01
PCG: 5 : 1.097456e-06 / 6.768112e-01
PCG: 6 : 1.099692e-06 / 6.781901e-01
PCG: 7 : 1.074796e-06 / 6.628367e-01
PCG: 8 : 1.094986e-06 / 6.752876e-01
PCG: 9 : 1.422358e-06 / 8.771809e-01
PCG: 0 : 1.422358e-06
PCG: 1 : 1.084903e-06 / 7.627499e-01
PCG: 2 : 1.051235e-06 / 7.390790e-01
PCG: 3 : 1.064438e-06 / 7.483616e-01
PCG: 4 : 1.044716e-06 / 7.344962e-01
PCG: 5 : 1.041497e-06 / 7.322330e-01
PCG: 6 : 1.089799e-06 / 7.661921e-01
PCG: 7 : 1.103517e-06 / 7.758368e-01
PCG: 8 : 1.168056e-06 / 8.212112e-01
PCG: 9 : 1.438116e-06 / 1.011079e+00
PCG: 0 : 1.438116e-06
PCG: 1 : 1.154186e-06 / 8.025683e-01
PCG: 2 : 1.073709e-06 / 7.466080e-01
PCG: 3 : 1.047219e-06 / 7.281886e-01
PCG: 4 : 9.833984e-07 / 6.838105e-01
PCG: 5 : 9.728213e-07 / 6.764556e-01
PCG: 6 : 9.748115e-07 / 6.778395e-01
PCG: 7 : 9.532743e-07 / 6.628635e-01
PCG: 8 : 9.709231e-07 / 6.751357e-01
PCG: 9 : 1.261510e-06 / 8.771968e-01
PCG: 0 : 1.261510e-06
PCG: 1 : 9.619300e-07 / 7.625225e-01
PCG: 2 : 9.323002e-07 / 7.390349e-01
PCG: 3 : 9.434315e-07 / 7.478588e-01
PCG: 4 : 9.260518e-07 / 7.340818e-01
PCG: 5 : 9.232079e-07 / 7.318274e-01
PCG: 6 : 9.660208e-07 / 7.657653e-01
PCG: 7 : 9.787439e-07 / 7.758508e-01
PCG: 8 : 1.035719e-06 / 8.210148e-01
PCG: 9 : 1.275467e-06 / 1.011064e+00
PCG: 0 : 1.275467e-06
PCG: 1 : 1.023358e-06 / 8.023399e-01
PCG: 2 : 9.522226e-07 / 7.465676e-01
PCG: 3 : 9.281555e-07 / 7.276984e-01
PCG: 4 : 8.716947e-07 / 6.834316e-01
PCG: 5 : 8.623483e-07 / 6.761038e-01
PCG: 6 : 8.641076e-07 / 6.774831e-01
PCG: 7 : 8.454749e-07 / 6.628745e-01
PCG: 8 : 8.609185e-07 / 6.749827e-01
PCG: 9 : 1.118855e-06 / 8.772121e-01
PCG: 0 : 1.118855e-06
PCG: 1 : 8.528941e-07 / 7.622916e-01
PCG: 2 : 8.268045e-07 / 7.389734e-01
PCG: 3 : 8.361794e-07 / 7.473524e-01
PCG: 4 : 8.208752e-07 / 7.336740e-01
PCG: 5 : 8.183599e-07 / 7.314259e-01
PCG: 6 : 8.562964e-07 / 7.653325e-01
PCG: 7 : 8.680595e-07 / 7.758459e-01
PCG: 8 : 9.183755e-07 / 8.208169e-01
PCG: 9 : 1.131217e-06 / 1.011048e+00
PCG: 0 : 1.131217e-06
PCG: 1 : 9.073588e-07 / 8.021088e-01
PCG: 2 : 8.444646e-07 / 7.465101e-01
PCG: 3 : 8.226275e-07 / 7.272061e-01
PCG: 4 : 7.726885e-07 / 6.830597e-01
PCG: 5 : 7.644269e-07 / 6.757565e-01
PCG: 6 : 7.659715e-07 / 6.771219e-01
PCG: 7 : 7.498499e-07 / 6.628703e-01
PCG: 8 : 7.633784e-07 / 6.748296e-01
PCG: 9 : 9.923355e-07 / 8.772286e-01
PCG: 0 : 9.923355e-07
PCG: 1 : 7.562167e-07 / 7.620575e-01
PCG: 2 : 7.332312e-07 / 7.388945e-01
PCG: 3 : 7.411186e-07 / 7.468428e-01
PCG: 4 : 7.276528e-07 / 7.332730e-01
PCG: 5 : 7.254255e-07 / 7.310286e-01
PCG: 6 : 7.590305e-07 / 7.648931e-01
PCG: 7 : 7.698753e-07 / 7.758216e-01
PCG: 8 : 8.143274e-07 / 8.206170e-01
PCG: 9 : 1.003282e-06 / 1.011032e+00
PCG: 0 : 1.003282e-06
PCG: 1 : 8.045060e-07 / 8.018739e-01
PCG: 2 : 7.488848e-07 / 7.464347e-01
PCG: 3 : 7.290960e-07 / 7.267106e-01
PCG: 4 : 6.849352e-07 / 6.826943e-01
PCG: 5 : 6.776303e-07 / 6.754133e-01
PCG: 6 : 6.789766e-07 / 6.767552e-01
PCG: 7 : 6.650260e-07 / 6.628503e-01
PCG: 8 : 6.768903e-07 / 6.746758e-01
PCG: 9 : 8.801241e-07 / 8.772447e-01
PCG: 0 : 8.801241e-07
PCG: 1 : 6.704969e-07 / 7.618209e-01
PCG: 2 : 6.502342e-07 / 7.387983e-01
PCG: 3 : 6.568637e-07 / 7.463307e-01
PCG: 4 : 6.450248e-07 / 7.328793e-01
PCG: 5 : 6.430508e-07 / 7.306365e-01
PCG: 6 : 6.728093e-07 / 7.644482e-01
PCG: 7 : 6.827817e-07 / 7.757788e-01
PCG: 8 : 7.220681e-07 / 8.204162e-01
PCG: 9 : 8.898190e-07 / 1.011015e+00
PCG: 0 : 8.898190e-07
PCG: 1 : 7.133109e-07 / 8.016359e-01
PCG: 2 : 6.641088e-07 / 7.463415e-01
PCG: 3 : 6.461979e-07 / 7.262127e-01
PCG: 4 : 6.071554e-07 / 6.823358e-01
PCG: 5 : 6.006940e-07 / 6.750743e-01
PCG: 6 : 6.018585e-07 / 6.763831e-01
PCG: 7 : 5.897842e-07 / 6.628137e-01
PCG: 8 : 6.002011e-07 / 6.745204e-01
PCG: 9 : 7.806029e-07 / 8.772603e-01
PCG: 0 : 7.806029e-07
PCG: 1 : 5.944926e-07 / 7.615814e-01
PCG: 2 : 5.766193e-07 / 7.386846e-01
PCG: 3 : 5.821858e-07 / 7.458156e-01
PCG: 4 : 5.717862e-07 / 7.324932e-01
PCG: 5 : 5.700352e-07 / 7.302499e-01
PCG: 6 : 5.963791e-07 / 7.639981e-01
PCG: 7 : 6.055271e-07 / 7.757173e-01
PCG: 8 : 6.402618e-07 / 8.202145e-01
PCG: 9 : 7.891895e-07 / 1.011000e+00
PCG: 0 : 7.891895e-07
PCG: 1 : 6.324521e-07 / 8.013945e-01
PCG: 2 : 5.889169e-07 / 7.462300e-01
PCG: 3 : 5.727243e-07 / 7.257120e-01
PCG: 4 : 5.382146e-07 / 6.819840e-01
PCG: 5 : 5.324974e-07 / 6.747397e-01
PCG: 6 : 5.334962e-07 / 6.760052e-01
PCG: 7 : 5.230433e-07 / 6.627601e-01
PCG: 8 : 5.322006e-07 / 6.743636e-01
PCG: 9 : 6.923363e-07 / 8.772751e-01
PCG: 0 : 6.923363e-07
PCG: 1 : 5.271025e-07 / 7.613388e-01
PCG: 2 : 5.113268e-07 / 7.385526e-01
PCG: 3 : 5.159966e-07 / 7.452977e-01
PCG: 4 : 5.068692e-07 / 7.321142e-01
PCG: 5 : 5.053145e-07 / 7.298686e-01
PCG: 6 : 5.286278e-07 / 7.635420e-01
PCG: 7 : 5.370011e-07 / 7.756363e-01
PCG: 8 : 5.677233e-07 / 8.200109e-01
PCG: 9 : 6.999418e-07 / 1.010985e+00
PCG: 0 : 6.999418e-07
PCG: 1 : 5.607580e-07 / 8.011495e-01
PCG: 2 : 5.222267e-07 / 7.461002e-01
PCG: 3 : 5.076037e-07 / 7.252084e-01
PCG: 4 : 4.771077e-07 / 6.816392e-01
PCG: 5 : 4.720476e-07 / 6.744099e-01
PCG: 6 : 4.728957e-07 / 6.756216e-01
PCG: 7 : 4.638441e-07 / 6.626896e-01
PCG: 8 : 4.719042e-07 / 6.742049e-01
PCG: 9 : 6.140520e-07 / 8.772901e-01
PCG: 0 : 6.140519e-07
PCG: 1 : 4.673506e-07 / 7.610929e-01
PCG: 2 : 4.534174e-07 / 7.384024e-01
PCG: 3 : 4.573316e-07 / 7.447767e-01
PCG: 4 : 4.493281e-07 / 7.317429e-01
PCG: 5 : 4.479463e-07 / 7.294925e-01
PCG: 6 : 4.685704e-07 / 7.630795e-01
PCG: 7 : 4.762189e-07 / 7.755352e-01
PCG: 8 : 5.034029e-07 / 8.198051e-01
PCG: 9 : 6.207882e-07 / 1.010970e+00
PCG: 0 : 6.207882e-07
PCG: 1 : 4.971897e-07 / 8.009006e-01
PCG: 2 : 4.630777e-07 / 7.459512e-01
PCG: 3 : 4.498863e-07 / 7.247017e-01
PCG: 4 : 4.229438e-07 / 6.813012e-01
PCG: 5 : 4.184639e-07 / 6.740848e-01
PCG: 6 : 4.191763e-07 / 6.752324e-01
PCG: 7 : 4.113357e-07 / 6.626022e-01
PCG: 8 : 4.184394e-07 / 6.740453e-01
PCG: 9 : 5.446208e-07 / 8.773053e-01
PCG: 0 : 5.446208e-07
PCG: 1 : 4.143713e-07 / 7.608438e-01
PCG: 2 : 4.020572e-07 / 7.382334e-01
PCG: 3 : 4.053354e-07 / 7.442524e-01
PCG: 4 : 3.983240e-07 / 7.313786e-01
PCG: 5 : 3.970948e-07 / 7.291217e-01
PCG: 6 : 4.153336e-07 / 7.626107e-01
PCG: 7 : 4.223064e-07 / 7.754136e-01
PCG: 8 : 4.463694e-07 / 8.195968e-01
PCG: 9 : 5.505873e-07 / 1.010955e+00
PCG: 0 : 5.505873e-07
PCG: 1 : 4.408266e-07 / 8.006480e-01
PCG: 2 : 4.106189e-07 / 7.457834e-01
PCG: 3 : 3.987309e-07 / 7.241921e-01
PCG: 4 : 3.749334e-07 / 6.809700e-01
PCG: 5 : 3.709661e-07 / 6.737645e-01
PCG: 6 : 3.715567e-07 / 6.748371e-01
PCG: 7 : 3.647624e-07 / 6.624969e-01
PCG: 8 : 3.710315e-07 / 6.738831e-01
PCG: 9 : 4.830416e-07 / 8.773206e-01
PCG: 0 : 4.830415e-07
PCG: 1 : 3.673969e-07 / 7.605908e-01
PCG: 2 : 3.565063e-07 / 7.380450e-01
PCG: 3 : 3.592498e-07 / 7.437245e-01
PCG: 4 : 3.531137e-07 / 7.310214e-01
PCG: 5 : 3.520196e-07 / 7.287565e-01
PCG: 6 : 3.681429e-07 / 7.621351e-01
PCG: 7 : 3.744883e-07 / 7.752714e-01
PCG: 8 : 3.957975e-07 / 8.193861e-01
PCG: 9 : 4.883265e-07 / 1.010941e+00
PCG: 0 : 4.883265e-07
PCG: 1 : 3.908523e-07 / 8.003913e-01
PCG: 2 : 3.640944e-07 / 7.455962e-01
PCG: 3 : 3.533918e-07 / 7.236794e-01
PCG: 4 : 3.323775e-07 / 6.806460e-01
PCG: 5 : 3.288630e-07 / 6.734490e-01
PCG: 6 : 3.293446e-07 / 6.744352e-01
PCG: 7 : 3.234546e-07 / 6.623736e-01
PCG: 8 : 3.289948e-07 / 6.737188e-01
PCG: 9 : 4.284262e-07 / 8.773356e-01
PCG: 0 : 4.284262e-07
PCG: 1 : 3.257470e-07 / 7.603339e-01
PCG: 2 : 3.161088e-07 / 7.378371e-01
PCG: 3 : 3.184032e-07 / 7.431927e-01
PCG: 4 : 3.130388e-07 / 7.306713e-01
PCG: 5 : 3.120643e-07 / 7.283967e-01
PCG: 6 : 3.263119e-07 / 7.616525e-01
PCG: 7 : 3.320766e-07 / 7.751080e-01
PCG: 8 : 3.509548e-07 / 8.191720e-01
PCG: 9 : 4.331075e-07 / 1.010927e+00
PCG: 0 : 4.331075e-07
PCG: 1 : 3.465422e-07 / 8.001299e-01
PCG: 2 : 3.228334e-07 / 7.453886e-01
PCG: 3 : 3.132071e-07 / 7.231626e-01
PCG: 4 : 2.946553e-07 / 6.803285e-01
PCG: 5 : 2.915413e-07 / 6.731384e-01
PCG: 6 : 2.919261e-07 / 6.740269e-01
PCG: 7 : 2.868177e-07 / 6.622322e-01
PCG: 8 : 2.917203e-07 / 6.735517e-01
PCG: 9 : 3.799870e-07 / 8.773504e-01
PCG: 0 : 3.799870e-07
PCG: 1 : 2.888179e-07 / 7.600731e-01
PCG: 2 : 2.802821e-07 / 7.376097e-01
PCG: 3 : 2.822003e-07 / 7.426577e-01
PCG: 4 : 2.775155e-07 / 7.303290e-01
PCG: 5 : 2.766468e-07 / 7.280428e-01
PCG: 6 : 2.892319e-07 / 7.611627e-01
PCG: 7 : 2.944606e-07 / 7.749228e-01
PCG: 8 : 3.111922e-07 / 8.189548e-01
PCG: 9 : 3.841338e-07 / 1.010913e+00
PCG: 0 : 3.841338e-07
PCG: 1 : 3.072547e-07 / 7.998637e-01
PCG: 2 : 2.862413e-07 / 7.451604e-01
PCG: 3 : 2.775911e-07 / 7.226418e-01
PCG: 4 : 2.612178e-07 / 6.800178e-01
PCG: 5 : 2.584577e-07 / 6.728325e-01
PCG: 6 : 2.587570e-07 / 6.736117e-01
PCG: 7 : 2.543242e-07 / 6.620718e-01
PCG: 8 : 2.586688e-07 / 6.733819e-01
PCG: 9 : 3.370256e-07 / 8.773652e-01
PCG: 0 : 3.370256e-07
PCG: 1 : 2.560749e-07 / 7.598084e-01
PCG: 2 : 2.485099e-07 / 7.373620e-01
PCG: 3 : 2.501129e-07 / 7.421182e-01
PCG: 4 : 2.460266e-07 / 7.299939e-01
PCG: 5 : 2.452517e-07 / 7.276946e-01
PCG: 6 : 2.563638e-07 / 7.606655e-01
PCG: 7 : 2.610991e-07 / 7.747159e-01
PCG: 8 : 2.759342e-07 / 8.187336e-01
PCG: 9 : 3.406993e-07 / 1.010900e+00
PCG: 0 : 3.406993e-07
PCG: 1 : 2.724205e-07 / 7.995923e-01
PCG: 2 : 2.537907e-07 / 7.449113e-01
PCG: 3 : 2.460246e-07 / 7.221165e-01
PCG: 4 : 2.315779e-07 / 6.797133e-01
PCG: 5 : 2.291310e-07 / 6.725314e-01
PCG: 6 : 2.293550e-07 / 6.731889e-01
PCG: 7 : 2.255061e-07 / 6.618918e-01
PCG: 8 : 2.293616e-07 / 6.732083e-01
PCG: 9 : 2.989226e-07 / 8.773795e-01
PCG: 0 : 2.989225e-07
PCG: 1 : 2.270432e-07 / 7.595386e-01
PCG: 2 : 2.203338e-07 / 7.370934e-01
PCG: 3 : 2.216732e-07 / 7.415740e-01
PCG: 4 : 2.181136e-07 / 7.296658e-01
PCG: 5 : 2.174218e-07 / 7.273518e-01
PCG: 6 : 2.272290e-07 / 7.601601e-01
PCG: 7 : 2.315114e-07 / 7.744861e-01
PCG: 8 : 2.446706e-07 / 8.185084e-01
PCG: 9 : 3.021771e-07 / 1.010888e+00
PCG: 0 : 3.021772e-07
PCG: 1 : 2.415350e-07 / 7.993157e-01
PCG: 2 : 2.250135e-07 / 7.446409e-01
PCG: 3 : 2.180470e-07 / 7.215868e-01
PCG: 4 : 2.053039e-07 / 6.794157e-01
PCG: 5 : 2.031341e-07 / 6.722353e-01
PCG: 6 : 2.032924e-07 / 6.727590e-01
PCG: 7 : 1.999484e-07 / 6.616927e-01
PCG: 8 : 2.033748e-07 / 6.730315e-01
PCG: 9 : 2.651286e-07 / 8.773945e-01
PCG: 0 : 2.651286e-07
PCG: 1 : 2.013025e-07 / 7.592636e-01
PCG: 2 : 1.953476e-07 / 7.368031e-01
PCG: 3 : 1.964668e-07 / 7.410244e-01
PCG: 4 : 1.933699e-07 / 7.293439e-01
PCG: 5 : 1.927522e-07 / 7.270139e-01
PCG: 6 : 2.014037e-07 / 7.596455e-01
PCG: 7 : 2.052712e-07 / 7.742324e-01
PCG: 8 : 2.169488e-07 / 8.182778e-01
PCG: 9 : 2.680118e-07 / 1.010875e+00
PCG: 0 : 2.680118e-07
PCG: 1 : 2.141503e-07 / 7.990333e-01
PCG: 2 : 1.994942e-07 / 7.443486e-01
PCG: 3 : 1.932504e-07 / 7.210519e-01
PCG: 4 : 1.820134e-07 / 6.791246e-01
PCG: 5 : 1.800889e-07 / 6.719441e-01
PCG: 6 : 1.801900e-07 / 6.723213e-01
PCG: 7 : 1.772828e-07 / 6.614739e-01
PCG: 8 : 1.803320e-07 / 6.728508e-01
PCG: 9 : 2.351562e-07 / 8.774101e-01
PCG: 0 : 2.351562e-07
PCG: 1 : 1.784797e-07 / 7.589836e-01
PCG: 2 : 1.731906e-07 / 7.364916e-01
PCG: 3 : 1.741260e-07 / 7.404695e-01
PCG: 4 : 1.714357e-07 / 7.290291e-01
PCG: 5 : 1.708837e-07 / 7.266817e-01
PCG: 6 : 1.785124e-07 / 7.591224e-01
PCG: 7 : 1.820003e-07 / 7.739550e-01
PCG: 8 : 1.923676e-07 / 8.180418e-01
PCG: 9 : 2.377104e-07 / 1.010862e+00
PCG: 0 : 2.377104e-07
PCG: 1 : 1.898700e-07 / 7.987450e-01
PCG: 2 : 1.768646e-07 / 7.440340e-01
PCG: 3 : 1.712732e-07 / 7.205118e-01
PCG: 4 : 1.613673e-07 / 6.788397e-01
PCG: 5 : 1.596600e-07 / 6.716576e-01
PCG: 6 : 1.597117e-07 / 6.718752e-01
PCG: 7 : 1.571824e-07 / 6.612349e-01
PCG: 8 : 1.598998e-07 / 6.726661e-01
PCG: 9 : 2.085733e-07 / 8.774258e-01
PCG: 0 : 2.085732e-07
PCG: 1 : 1.582441e-07 / 7.586978e-01
PCG: 2 : 1.535428e-07 / 7.361579e-01
PCG: 3 : 1.543252e-07 / 7.399089e-01
PCG: 4 : 1.519917e-07 / 7.287208e-01
PCG: 5 : 1.514982e-07 / 7.263549e-01
PCG: 6 : 1.582216e-07 / 7.585902e-01
PCG: 7 : 1.613636e-07 / 7.736542e-01
PCG: 8 : 1.705714e-07 / 8.178008e-01
PCG: 9 : 2.108363e-07 / 1.010850e+00
PCG: 0 : 2.108363e-07
PCG: 1 : 1.683423e-07 / 7.984502e-01
PCG: 2 : 1.567983e-07 / 7.436970e-01
PCG: 3 : 1.517949e-07 / 7.199656e-01
PCG: 4 : 1.430652e-07 / 6.785607e-01
PCG: 5 : 1.415503e-07 / 6.713756e-01
PCG: 6 : 1.415597e-07 / 6.714200e-01
PCG: 7 : 1.393573e-07 / 6.609741e-01
PCG: 8 : 1.417823e-07 / 6.724759e-01
PCG: 9 : 1.849963e-07 / 8.774405e-01
PCG: 0 : 1.849963e-07
PCG: 1 : 1.403023e-07 / 7.584060e-01
PCG: 2 : 1.361205e-07 / 7.358014e-01
PCG: 3 : 1.367755e-07 / 7.393417e-01
PCG: 4 : 1.347548e-07 / 7.284191e-01
PCG: 5 : 1.343135e-07 / 7.260332e-01
PCG: 6 : 1.402361e-07 / 7.580483e-01
PCG: 7 : 1.430630e-07 / 7.733290e-01
PCG: 8 : 1.512444e-07 / 8.175538e-01
PCG: 9 : 1.870014e-07 / 1.010839e+00
PCG: 0 : 1.870014e-07
PCG: 1 : 1.492550e-07 / 7.981488e-01
PCG: 2 : 1.390051e-07 / 7.433372e-01
PCG: 3 : 1.345313e-07 / 7.194135e-01
PCG: 4 : 1.268408e-07 / 6.782877e-01
PCG: 5 : 1.254963e-07 / 6.710982e-01
PCG: 6 : 1.254697e-07 / 6.709558e-01
PCG: 7 : 1.235505e-07 / 6.606926e-01
PCG: 8 : 1.257175e-07 / 6.722807e-01
PCG: 9 : 1.640854e-07 / 8.774552e-01
PCG: 0 : 1.640854e-07
PCG: 1 : 1.243945e-07 / 7.581085e-01
PCG: 2 : 1.206721e-07 / 7.354226e-01
PCG: 3 : 1.212210e-07 / 7.387678e-01
PCG: 4 : 1.194745e-07 / 7.281240e-01
PCG: 5 : 1.190796e-07 / 7.257172e-01
PCG: 6 : 1.242942e-07 / 7.574969e-01
PCG: 7 : 1.268346e-07 / 7.729793e-01
PCG: 8 : 1.341071e-07 / 8.173004e-01
PCG: 9 : 1.658621e-07 / 1.010828e+00
PCG: 0 : 1.658621e-07
PCG: 1 : 1.323315e-07 / 7.978401e-01
PCG: 2 : 1.232278e-07 / 7.429535e-01
PCG: 3 : 1.192307e-07 / 7.188543e-01
PCG: 4 : 1.124579e-07 / 6.780204e-01
PCG: 5 : 1.112645e-07 / 6.708250e-01
PCG: 6 : 1.112077e-07 / 6.704825e-01
PCG: 7 : 1.095337e-07 / 6.603898e-01
PCG: 8 : 1.114726e-07 / 6.720801e-01
PCG: 9 : 1.455390e-07 / 8.774700e-01
PCG: 0 : 1.455390e-07
PCG: 1 : 1.102901e-07 / 7.578046e-01
PCG: 2 : 1.069743e-07 / 7.350211e-01
PCG: 3 : 1.074351e-07 / 7.381876e-01
PCG: 4 : 1.059284e-07 / 7.278352e-01
PCG: 5 : 1.055750e-07 / 7.254069e-01
PCG: 6 : 1.101637e-07 / 7.569357e-01
PCG: 7 : 1.124441e-07 / 7.726046e-01
PCG: 8 : 1.189113e-07 / 8.170409e-01
PCG: 9 : 1.471136e-07 / 1.010819e+00
PCG: 0 : 1.471136e-07
PCG: 1 : 1.173266e-07 / 7.975239e-01
PCG: 2 : 1.092386e-07 / 7.425458e-01
PCG: 3 : 1.056699e-07 / 7.182879e-01
PCG: 4 : 9.970746e-08 / 6.777583e-01
PCG: 5 : 9.864792e-08 / 6.705561e-01
PCG: 6 : 9.856596e-08 / 6.699990e-01
PCG: 7 : 9.710453e-08 / 6.600649e-01
PCG: 8 : 9.884170e-08 / 6.718733e-01
PCG: 9 : 1.290898e-07 / 8.774839e-01
PCG: 0 : 1.290898e-07
PCG: 1 : 9.778473e-08 / 7.574938e-01
PCG: 2 : 9.482891e-08 / 7.345964e-01
PCG: 3 : 9.521661e-08 / 7.375997e-01
PCG: 4 : 9.391959e-08 / 7.275523e-01
PCG: 5 : 9.360318e-08 / 7.251012e-01
PCG: 6 : 9.763889e-08 / 7.563640e-01
PCG: 7 : 9.968374e-08 / 7.722045e-01
PCG: 8 : 1.054372e-07 / 8.167741e-01
PCG: 9 : 1.304852e-07 / 1.010810e+00
PCG: 0 : 1.304852e-07
PCG: 1 : 1.040229e-07 / 7.972006e-01
PCG: 2 : 9.683504e-08 / 7.421148e-01
PCG: 3 : 9.365116e-08 / 7.177145e-01
PCG: 4 : 8.840401e-08 / 6.775019e-01
PCG: 5 : 8.746317e-08 / 6.702917e-01
PCG: 6 : 8.736069e-08 / 6.695063e-01
PCG: 7 : 8.608356e-08 / 6.597187e-01
PCG: 8 : 8.764179e-08 / 6.716605e-01
PCG: 9 : 1.145006e-07 / 8.774987e-01
PCG: 0 : 1.145006e-07
PCG: 1 : 8.669709e-08 / 7.571757e-01
PCG: 2 : 8.406040e-08 / 7.341480e-01
PCG: 3 : 8.438742e-08 / 7.370040e-01
PCG: 4 : 8.327341e-08 / 7.272748e-01
PCG: 5 : 8.299010e-08 / 7.248004e-01
PCG: 6 : 8.653738e-08 / 7.557809e-01
PCG: 7 : 8.836909e-08 / 7.717783e-01
PCG: 8 : 9.348967e-08 / 8.164993e-01
PCG: 9 : 1.157373e-07 / 1.010801e+00
PCG: 0 : 1.157373e-07
PCG: 1 : 9.222752e-08 / 7.968694e-01
PCG: 2 : 8.583768e-08 / 7.416596e-01
PCG: 3 : 8.299907e-08 / 7.171333e-01
PCG: 4 : 7.838319e-08 / 6.772509e-01
PCG: 5 : 7.754763e-08 / 6.700315e-01
PCG: 6 : 7.742864e-08 / 6.690034e-01
PCG: 7 : 7.631145e-08 / 6.593505e-01
PCG: 8 : 7.771082e-08 / 6.714414e-01
PCG: 9 : 1.015610e-07 / 8.775130e-01
PCG: 0 : 1.015610e-07
PCG: 1 : 7.686650e-08 / 7.568507e-01
PCG: 2 : 7.451288e-08 / 7.336763e-01
PCG: 3 : 7.478955e-08 / 7.364004e-01
PCG: 4 : 7.383512e-08 / 7.270029e-01
PCG: 5 : 7.358138e-08 / 7.245044e-01
PCG: 6 : 7.669755e-08 / 7.551872e-01
PCG: 7 : 7.833670e-08 / 7.713267e-01
PCG: 8 : 8.289577e-08 / 8.162166e-01
PCG: 9 : 1.026570e-07 / 1.010792e+00
PCG: 0 : 1.026570e-07
PCG: 1 : 8.176945e-08 / 7.965306e-01
PCG: 2 : 7.608742e-08 / 7.411809e-01
PCG: 3 : 7.355831e-08 / 7.165444e-01
PCG: 4 : 6.949931e-08 / 6.770050e-01
PCG: 5 : 6.875715e-08 / 6.697754e-01
PCG: 6 : 6.862525e-08 / 6.684906e-01
PCG: 7 : 6.764690e-08 / 6.589603e-01
PCG: 8 : 6.890501e-08 / 6.712158e-01
PCG: 9 : 9.008433e-08 / 8.775273e-01
PCG: 0 : 9.008433e-08
PCG: 1 : 6.815047e-08 / 7.565186e-01
PCG: 2 : 6.604812e-08 / 7.331811e-01
PCG: 3 : 6.628301e-08 / 7.357885e-01
PCG: 4 : 6.546758e-08 / 7.267367e-01
PCG: 5 : 6.524029e-08 / 7.242136e-01
PCG: 6 : 6.797610e-08 / 7.545829e-01
PCG: 7 : 6.944151e-08 / 7.708501e-01
PCG: 8 : 7.350218e-08 / 8.159264e-01
PCG: 9 : 9.105582e-08 / 1.010784e+00
PCG: 0 : 9.105582e-08
PCG: 1 : 7.249714e-08 / 7.961835e-01
PCG: 2 : 6.744305e-08 / 7.406781e-01
PCG: 3 : 6.519119e-08 / 7.159475e-01
PCG: 4 : 6.162329e-08 / 6.767639e-01
PCG: 5 : 6.096401e-08 / 6.695235e-01
PCG: 6 : 6.082234e-08 / 6.679677e-01
PCG: 7 : 5.996463e-08 / 6.585481e-01
PCG: 8 : 6.109691e-08 / 6.709830e-01
PCG: 9 : 7.990524e-08 / 8.775413e-01
PCG: 0 : 7.990523e-08
PCG: 1 : 6.042265e-08 / 7.561789e-01
PCG: 2 : 5.854356e-08 / 7.326624e-01
PCG: 3 : 5.874381e-08 / 7.351685e-01
PCG: 4 : 5.804918e-08 / 7.264753e-01
PCG: 5 : 5.784559e-08 / 7.239274e-01
PCG: 6 : 6.024593e-08 / 7.539673e-01
PCG: 7 : 6.155479e-08 / 7.703474e-01
PCG: 8 : 6.517288e-08 / 8.156272e-01
PCG: 9 : 8.076632e-08 / 1.010776e+00
PCG: 0 : 8.076632e-08
PCG: 1 : 6.427614e-08 / 7.958285e-01
PCG: 2 : 5.977934e-08 / 7.401518e-01
PCG: 3 : 5.777556e-08 / 7.153423e-01
PCG: 4 : 5.464064e-08 / 6.765275e-01
PCG: 5 : 5.405493e-08 / 6.692756e-01
PCG: 6 : 5.390626e-08 / 6.674349e-01
PCG: 7 : 5.315342e-08 / 6.581137e-01
PCG: 8 : 5.417344e-08 / 6.707430e-01
PCG: 9 : 7.087691e-08 / 8.775553e-01
PCG: 0 : 7.087690e-08
PCG: 1 : 5.357102e-08 / 7.558320e-01
PCG: 2 : 5.189044e-08 / 7.321205e-01
PCG: 3 : 5.206194e-08 / 7.345403e-01
PCG: 4 : 5.147219e-08 / 7.262195e-01
PCG: 5 : 5.128981e-08 / 7.236463e-01
PCG: 6 : 5.339449e-08 / 7.533413e-01
PCG: 7 : 5.456250e-08 / 7.698206e-01
PCG: 8 : 5.778739e-08 / 8.153204e-01
PCG: 9 : 7.164023e-08 / 1.010770e+00
PCG: 0 : 7.164022e-08
PCG: 1 : 5.698732e-08 / 7.954655e-01
PCG: 2 : 5.298525e-08 / 7.396019e-01
PCG: 3 : 5.120330e-08 / 7.147284e-01
PCG: 4 : 4.844995e-08 / 6.762954e-01
PCG: 5 : 4.792956e-08 / 6.690314e-01
PCG: 6 : 4.777629e-08 / 6.668919e-01
PCG: 7 : 4.711474e-08 / 6.576576e-01
PCG: 8 : 4.803443e-08 / 6.704953e-01
PCG: 9 : 6.286919e-08 / 8.775683e-01
PCG: 0 : 6.286919e-08
PCG: 1 : 4.749626e-08 / 7.554775e-01
PCG: 2 : 4.599235e-08 / 7.315563e-01
PCG: 3 : 4.613994e-08 / 7.339039e-01
PCG: 4 : 4.564104e-08 / 7.259682e-01
PCG: 5 : 4.547766e-08 / 7.233696e-01
PCG: 6 : 4.732189e-08 / 7.527039e-01
PCG: 7 : 4.836324e-08 / 7.692677e-01
PCG: 8 : 5.123867e-08 / 8.150044e-01
PCG: 9 : 6.354585e-08 / 1.010763e+00
PCG: 0 : 6.354585e-08
PCG: 1 : 5.052494e-08 / 7.950942e-01
PCG: 2 : 4.696221e-08 / 7.390288e-01
PCG: 3 : 4.537850e-08 / 7.141065e-01
PCG: 4 : 4.296130e-08 / 6.760678e-01
PCG: 5 : 4.249891e-08 / 6.687914e-01
PCG: 6 : 4.234312e-08 / 6.663396e-01
PCG: 7 : 4.176112e-08 / 6.571809e-01
PCG: 8 : 4.259103e-08 / 6.702409e-01
PCG: 9 : 5.576670e-08 / 8.775821e-01
PCG: 0 : 5.576669e-08
PCG: 1 : 4.211029e-08 / 7.551154e-01
PCG: 2 : 4.076373e-08 / 7.309691e-01
PCG: 3 : 4.089140e-08 / 7.332584e-01
PCG: 4 : 4.047106e-08 / 7.257211e-01
PCG: 5 : 4.032474e-08 / 7.230971e-01
PCG: 6 : 4.193967e-08 / 7.520559e-01
PCG: 7 : 4.286731e-08 / 7.686902e-01
PCG: 8 : 4.543194e-08 / 8.146787e-01
PCG: 9 : 5.636648e-08 / 1.010755e+00
PCG: 0 : 5.636648e-08
PCG: 1 : 4.479529e-08 / 7.947150e-01
PCG: 2 : 4.162290e-08 / 7.384335e-01
PCG: 3 : 4.021616e-08 / 7.134765e-01
PCG: 4 : 3.809498e-08 / 6.758446e-01
PCG: 5 : 3.768411e-08 / 6.685553e-01
PCG: 6 : 3.752756e-08 / 6.657779e-01
PCG: 7 : 3.701493e-08 / 6.566833e-01
PCG: 8 : 3.776439e-08 / 6.699795e-01
PCG: 9 : 4.946703e-08 / 8.775964e-01
PCG: 0 : 4.946703e-08
PCG: 1 : 3.733506e-08 / 7.547464e-01
PCG: 2 : 3.612875e-08 / 7.303602e-01
PCG: 3 : 3.623977e-08 / 7.326046e-01
PCG: 4 : 3.588725e-08 / 7.254782e-01
PCG: 5 : 3.575620e-08 / 7.228289e-01
PCG: 6 : 3.716941e-08 / 7.513977e-01
PCG: 7 : 3.799506e-08 / 7.680886e-01
PCG: 8 : 4.028318e-08 / 8.143440e-01
PCG: 9 : 4.999872e-08 / 1.010748e+00
PCG: 0 : 4.999872e-08
PCG: 1 : 3.971537e-08 / 7.943277e-01
PCG: 2 : 3.688986e-08 / 7.378162e-01
PCG: 3 : 3.564101e-08 / 7.128385e-01
PCG: 4 : 3.378039e-08 / 6.756251e-01
PCG: 5 : 3.341529e-08 / 6.683229e-01
PCG: 6 : 3.325949e-08 / 6.652068e-01
PCG: 7 : 3.280741e-08 / 6.561650e-01
PCG: 8 : 3.348464e-08 / 6.697100e-01
PCG: 9 : 4.387932e-08 / 8.776088e-01
PCG: 0 : 4.387932e-08
PCG: 1 : 3.310129e-08 / 7.543710e-01
PCG: 2 : 3.202010e-08 / 7.297310e-01
PCG: 3 : 3.211719e-08 / 7.319437e-01
PCG: 4 : 3.182307e-08 / 7.252408e-01
PCG: 5 : 3.170572e-08 / 7.225664e-01
PCG: 6 : 3.294156e-08 / 7.507310e-01
PCG: 7 : 3.367584e-08 / 7.674649e-01
PCG: 8 : 3.571784e-08 / 8.140016e-01
PCG: 9 : 4.435072e-08 / 1.010743e+00
PCG: 0 : 4.435072e-08
PCG: 1 : 3.521150e-08 / 7.939329e-01
PCG: 2 : 3.269435e-08 / 7.371774e-01
PCG: 3 : 3.158625e-08 / 7.121926e-01
PCG: 4 : 2.995488e-08 / 6.754091e-01
PCG: 5 : 2.963044e-08 / 6.680939e-01
PCG: 6 : 2.947666e-08 / 6.646265e-01
PCG: 7 : 2.907751e-08 / 6.556267e-01
PCG: 8 : 2.968983e-08 / 6.694328e-01
PCG: 9 : 3.892310e-08 / 8.776205e-01
PCG: 0 : 3.892310e-08
PCG: 1 : 2.934758e-08 / 7.539888e-01
PCG: 2 : 2.837810e-08 / 7.290812e-01
PCG: 3 : 2.846348e-08 / 7.312748e-01
PCG: 4 : 2.821953e-08 / 7.250074e-01
PCG: 5 : 2.811448e-08 / 7.223084e-01
PCG: 6 : 2.919447e-08 / 7.500552e-01
PCG: 7 : 2.984697e-08 / 7.668189e-01
PCG: 8 : 3.166980e-08 / 8.136504e-01
PCG: 9 : 3.934103e-08 / 1.010737e+00
PCG: 0 : 3.934103e-08
PCG: 1 : 3.121835e-08 / 7.935317e-01
PCG: 2 : 2.897543e-08 / 7.365194e-01
PCG: 3 : 2.799271e-08 / 7.115399e-01
PCG: 4 : 2.656298e-08 / 6.751978e-01
PCG: 5 : 2.627467e-08 / 6.678694e-01
PCG: 6 : 2.612398e-08 / 6.640391e-01
PCG: 7 : 2.577114e-08 / 6.550703e-01
PCG: 8 : 2.632501e-08 / 6.691491e-01
PCG: 9 : 3.452699e-08 / 8.776333e-01
PCG: 0 : 3.452699e-08
PCG: 1 : 2.601953e-08 / 7.535998e-01
PCG: 2 : 2.514988e-08 / 7.284119e-01
PCG: 3 : 2.522536e-08 / 7.305982e-01
PCG: 4 : 2.502437e-08 / 7.247769e-01
PCG: 5 : 2.493035e-08 / 7.220540e-01
PCG: 6 : 2.587350e-08 / 7.493703e-01
PCG: 7 : 2.645287e-08 / 7.661503e-01
PCG: 8 : 2.808045e-08 / 8.132896e-01
PCG: 9 : 3.489748e-08 / 1.010730e+00
PCG: 0 : 3.489748e-08
PCG: 1 : 2.767801e-08 / 7.931236e-01
PCG: 2 : 2.567903e-08 / 7.358420e-01
PCG: 3 : 2.480793e-08 / 7.108803e-01
PCG: 4 : 2.355545e-08 / 6.749899e-01
PCG: 5 : 2.329926e-08 / 6.676489e-01
PCG: 6 : 2.315253e-08 / 6.634442e-01
PCG: 7 : 2.284027e-08 / 6.544963e-01
PCG: 8 : 2.334147e-08 / 6.688582e-01
PCG: 9 : 3.062762e-08 / 8.776458e-01
PCG: 0 : 3.062762e-08
PCG: 1 : 2.306887e-08 / 7.532047e-01
PCG: 2 : 2.228848e-08 / 7.277249e-01
PCG: 3 : 2.235557e-08 / 7.299152e-01
PCG: 4 : 2.219126e-08 / 7.245505e-01
PCG: 5 : 2.210715e-08 / 7.218044e-01
PCG: 6 : 2.293022e-08 / 7.486777e-01
PCG: 7 : 2.344428e-08 / 7.654619e-01
PCG: 8 : 2.489784e-08 / 8.129210e-01
PCG: 9 : 3.095606e-08 / 1.010724e+00
PCG: 0 : 3.095606e-08
PCG: 1 : 2.453915e-08 / 7.927092e-01
PCG: 2 : 2.275724e-08 / 7.351465e-01
PCG: 3 : 2.198544e-08 / 7.102143e-01
PCG: 4 : 2.088870e-08 / 6.747854e-01
PCG: 5 : 2.066106e-08 / 6.674320e-01
PCG: 6 : 2.051899e-08 / 6.628425e-01
PCG: 7 : 2.024233e-08 / 6.539052e-01
PCG: 8 : 2.069600e-08 / 6.685607e-01
PCG: 9 : 2.716883e-08 / 8.776581e-01
PCG: 0 : 2.716883e-08
PCG: 1 : 2.045281e-08 / 7.528043e-01
PCG: 2 : 1.975231e-08 / 7.270207e-01
PCG: 3 : 1.981222e-08 / 7.292261e-01
PCG: 4 : 1.967914e-08 / 7.243278e-01
PCG: 5 : 1.960392e-08 / 7.215590e-01
PCG: 6 : 2.032169e-08 / 7.479779e-01
PCG: 7 : 2.077747e-08 / 7.647538e-01
PCG: 8 : 2.207586e-08 / 8.125437e-01
PCG: 9 : 2.745998e-08 / 1.010716e+00
PCG: 0 : 2.745998e-08
PCG: 1 : 2.175624e-08 / 7.922890e-01
PCG: 2 : 2.016756e-08 / 7.344347e-01
PCG: 3 : 1.948404e-08 / 7.095429e-01
PCG: 4 : 1.852408e-08 / 6.745845e-01
PCG: 5 : 1.832183e-08 / 6.672192e-01
PCG: 6 : 1.818497e-08 / 6.622353e-01
PCG: 7 : 1.793957e-08 / 6.532989e-01
PCG: 8 : 1.835032e-08 / 6.682567e-01
PCG: 9 : 2.410080e-08 / 8.776698e-01
PCG: 0 : 2.410079e-08
PCG: 1 : 1.813342e-08 / 7.523992e-01
PCG: 2 : 1.750445e-08 / 7.263017e-01
PCG: 3 : 1.755821e-08 / 7.285323e-01
PCG: 4 : 1.745161e-08 / 7.241095e-01
PCG: 5 : 1.738436e-08 / 7.213189e-01
PCG: 6 : 1.800989e-08 / 7.472735e-01
PCG: 7 : 1.841372e-08 / 7.640294e-01
PCG: 8 : 1.957370e-08 / 8.121601e-01
PCG: 9 : 2.435892e-08 / 1.010710e+00
PCG: 0 : 2.435892e-08
PCG: 1 : 1.928894e-08 / 7.918636e-01
PCG: 2 : 1.787232e-08 / 7.337074e-01
PCG: 3 : 1.726721e-08 / 7.088660e-01
PCG: 4 : 1.642731e-08 / 6.743857e-01
PCG: 5 : 1.624763e-08 / 6.670094e-01
PCG: 6 : 1.611639e-08 / 6.616219e-01
PCG: 7 : 1.589849e-08 / 6.526764e-01
PCG: 8 : 1.627042e-08 / 6.679451e-01
PCG: 9 : 2.137930e-08 / 8.776788e-01
PCG: 0 : 2.137930e-08
PCG: 1 : 1.607702e-08 / 7.519899e-01
PCG: 2 : 1.551215e-08 / 7.255684e-01
PCG: 3 : 1.556058e-08 / 7.278338e-01
PCG: 4 : 1.547637e-08 / 7.238951e-01
PCG: 5 : 1.541627e-08 / 7.210836e-01
PCG: 6 : 1.596104e-08 / 7.465649e-01
PCG: 7 : 1.631861e-08 / 7.632898e-01
PCG: 8 : 1.735508e-08 / 8.117699e-01
PCG: 9 : 2.160817e-08 / 1.010705e+00
PCG: 0 : 2.160817e-08
PCG: 1 : 1.710144e-08 / 7.914339e-01
PCG: 2 : 1.583808e-08 / 7.329671e-01
PCG: 3 : 1.530260e-08 / 7.081856e-01
PCG: 4 : 1.456803e-08 / 6.741909e-01
PCG: 5 : 1.440842e-08 / 6.668044e-01
PCG: 6 : 1.428311e-08 / 6.610053e-01
PCG: 7 : 1.408943e-08 / 6.520416e-01
PCG: 8 : 1.442624e-08 / 6.676288e-01
PCG: 9 : 1.896524e-08 / 8.776884e-01
PCG: 0 : 1.896524e-08
PCG: 1 : 1.425384e-08 / 7.515771e-01
PCG: 2 : 1.374644e-08 / 7.248226e-01
PCG: 3 : 1.379023e-08 / 7.271315e-01
PCG: 4 : 1.372483e-08 / 7.236833e-01
PCG: 5 : 1.367114e-08 / 7.208525e-01
PCG: 6 : 1.414526e-08 / 7.458518e-01
PCG: 7 : 1.446165e-08 / 7.625347e-01
PCG: 8 : 1.538787e-08 / 8.113719e-01
PCG: 9 : 1.916813e-08 / 1.010698e+00
PCG: 0 : 1.916813e-08
PCG: 1 : 1.516200e-08 / 7.910005e-01
PCG: 2 : 1.403519e-08 / 7.322147e-01
PCG: 3 : 1.356150e-08 / 7.075022e-01
PCG: 4 : 1.291931e-08 / 6.739996e-01
PCG: 5 : 1.277755e-08 / 6.666039e-01
PCG: 6 : 1.265837e-08 / 6.603863e-01
PCG: 7 : 1.248605e-08 / 6.513961e-01
PCG: 8 : 1.279104e-08 / 6.673077e-01
PCG: 9 : 1.682384e-08 / 8.776985e-01
PCG: 0 : 1.682384e-08
PCG: 1 : 1.263742e-08 / 7.511613e-01
PCG: 2 : 1.218158e-08 / 7.240666e-01
PCG: 3 : 1.222130e-08 / 7.264274e-01
PCG: 4 : 1.217164e-08 / 7.234756e-01
PCG: 5 : 1.212370e-08 / 7.206261e-01
PCG: 6 : 1.253606e-08 / 7.451366e-01
PCG: 7 : 1.281584e-08 / 7.617670e-01
PCG: 8 : 1.364361e-08 / 8.109686e-01
PCG: 9 : 1.700370e-08 / 1.010691e+00
PCG: 0 : 1.700370e-08
PCG: 1 : 1.344252e-08 / 7.905647e-01
PCG: 2 : 1.243739e-08 / 7.314522e-01
PCG: 3 : 1.201849e-08 / 7.068164e-01
PCG: 4 : 1.145728e-08 / 6.738109e-01
PCG: 5 : 1.133138e-08 / 6.664070e-01
PCG: 6 : 1.121844e-08 / 6.597650e-01
PCG: 7 : 1.106498e-08 / 6.507398e-01
PCG: 8 : 1.134114e-08 / 6.669810e-01
PCG: 9 : 1.492426e-08 / 8.777066e-01
PCG: 0 : 1.492426e-08
PCG: 1 : 1.120429e-08 / 7.507434e-01
PCG: 2 : 1.079474e-08 / 7.233019e-01
PCG: 3 : 1.083086e-08 / 7.257218e-01
PCG: 4 : 1.079429e-08 / 7.232718e-01
PCG: 5 : 1.075152e-08 / 7.204055e-01
PCG: 6 : 1.110993e-08 / 7.444210e-01
PCG: 7 : 1.135721e-08 / 7.609897e-01
PCG: 8 : 1.209703e-08 / 8.105614e-01
PCG: 9 : 1.508372e-08 / 1.010684e+00

PCG ( VCycle ( S: Scale / C: Scale )  )

Complete solver TOE: 12.8559
0.0625748 GFlop/s [0.0625748 GFlops/s]

Total time: 12.8559s
Accumulated op time: 9.19263

Reductions: 49.1597%
Blas-1: 13.5371%
Blas-2: 8.80816%
Precon Kernels: 0%
MPI Execution: 0%
MPI Wait: 0%
Not covered: 28.495%

Domain size: 6.30286 MByte
LA size: 18.5336 MByte
MPI size: 0.63089 MByte

H0-Error: 6.889623e-06
H1-Error: 8.068795e-03

Writing DATA to output.data...
Run-Time: 0:13.568 [0:13.568]
0xb33849f8 Error: MemoryPool<CUDA> still contains memory chunks on deconstructor call
