NUM-PROCS: 1
Preparing domain...
LVL-MIN: 1 [1]
LVL-MAX: 11 [11]
Creating gates...
Assembling system matrices...
Assembling system filters...
Assembling transfer matrices...
Converting assembled linear system from SparseMatrixCSR, Mem:main to SparseMatrixELL, Mem:cudaand to SparseMatrixELL, Mem:cuda...
PCG: 0 : 4.737108e-03
PCG: 1 : 1.911304e-03 / 4.034749e-01
PCG: 2 : 7.853808e-04 / 1.657933e-01
PCG: 3 : 2.932708e-04 / 6.190925e-02
PCG: 4 : 8.757182e-05 / 1.848635e-02
PCG: 5 : 1.430845e-05 / 3.020502e-03
PCG: 6 : 1.243105e-06 / 2.624185e-04
PCG: 7 : 1.438129e-07 / 3.035879e-05
PCG: 8 : 2.257503e-08 / 4.765571e-06
PCG: 0 : 1.835972e-04
PCG: 1 : 5.268052e-05 / 2.869353e-01
PCG: 2 : 6.278309e-06 / 3.419610e-02
PCG: 3 : 1.378573e-06 / 7.508680e-03
PCG: 4 : 2.141764e-07 / 1.166556e-03
PCG: 5 : 2.253321e-08 / 1.227318e-04
PCG: 6 : 2.685684e-09 / 1.462813e-05
PCG: 7 : 3.685500e-10 / 2.007383e-06
PCG: 8 : 3.390946e-11 / 1.846949e-07
PCG: 0 : 3.258701e-07
PCG: 1 : 9.710052e-08 / 2.979731e-01
PCG: 2 : 1.335582e-08 / 4.098511e-02
PCG: 3 : 2.892083e-09 / 8.874956e-03
PCG: 4 : 6.453940e-10 / 1.980526e-03
PCG: 5 : 9.403362e-11 / 2.885617e-04
PCG: 6 : 9.097965e-12 / 2.791899e-05
PCG: 7 : 1.138548e-12 / 3.493872e-06
PCG: 8 : 1.578763e-13 / 4.844762e-07
PCG: 0 : 1.173306e-09
PCG: 1 : 3.659560e-10 / 3.119017e-01
PCG: 2 : 5.156145e-11 / 4.394546e-02
PCG: 3 : 9.905916e-12 / 8.442742e-03
PCG: 4 : 1.475516e-12 / 1.257572e-03
PCG: 5 : 1.660960e-13 / 1.415624e-04
PCG: 6 : 1.939308e-14 / 1.652858e-05
PCG: 7 : 2.598061e-15 / 2.214309e-06
PCG: 8 : 2.851968e-16 / 2.430712e-07

PCG ( VCycle ( S: Scale / C: Scale )  )

Complete solver TOE: 1.00368
19.6367 GFlop/s [19.6367 GFlops/s]

Total time: 1.00368s
Accumulated op time: 0.527279

Reductions: 51.9291%
Blas-1: 0.295414%
Blas-2: 0.310359%
Precon Kernels: 0%
MPI Execution: 0%
MPI Wait: 0%
Not covered: 47.4652%

Domain size: 768.875 MByte
LA size: 1932.17 MByte
MPI size: 42.7294 MByte

H0-Error: 1.073101e-07
H1-Error: 1.008605e-03

Writing DATA to output.data...
Run-Time: 0:11.855 [0:11.855]
0x31d198e880 Error: MemoryPool<CUDA> still contains memory chunks on deconstructor call
