NUM-PROCS: 1
Preparing domain...
LVL-MIN: 4 [4]
LVL-MAX: 9 [9]
Creating gates...
Assembling system matrices...
Assembling system filters...
Assembling transfer matrices...
Converting assembled linear system from SparseMatrixCSR, Mem:main to SparseMatrixELL, Mem:cudaand to SparseMatrixELL, Mem:cuda...
PCG: 0 : 1.894534e-02
PCG: 1 : 3.774795e-02 / 1.992466e+00
PCG: 2 : 4.953643e-02 / 2.614702e+00
PCG: 3 : 1.147340e-01 / 6.056056e+00
PCG: 4 : 1.196938e-01 / 6.317850e+00
PCG: 5 : 5.469351e-02 / 2.886911e+00
PCG: 6 : 2.265499e-02 / 1.195808e+00
PCG: 7 : 4.092006e-03 / 2.159901e-01
PCG: 8 : 1.388742e-03 / 7.330257e-02
PCG: 9 : 1.175829e-03 / 6.206426e-02
PCG: 0 : 1.356324e-03
PCG: 1 : 5.602255e-04 / 4.130469e-01
PCG: 2 : 2.940974e-04 / 2.168342e-01
PCG: 3 : 6.898319e-05 / 5.086040e-02
PCG: 4 : 3.496201e-05 / 2.577704e-02
PCG: 5 : 5.185178e-05 / 3.822964e-02
PCG: 6 : 4.409669e-05 / 3.251191e-02
PCG: 7 : 2.908694e-05 / 2.144543e-02
PCG: 8 : 1.240538e-05 / 9.146325e-03
PCG: 9 : 1.182673e-05 / 8.719694e-03
PCG: 0 : 1.182675e-05
PCG: 1 : 8.320438e-06 / 7.035271e-01
PCG: 2 : 4.589928e-06 / 3.880972e-01
PCG: 3 : 1.714774e-06 / 1.449912e-01
PCG: 4 : 1.323380e-06 / 1.118972e-01
PCG: 5 : 6.915778e-07 / 5.847574e-02
PCG: 6 : 9.499180e-07 / 8.031946e-02
PCG: 7 : 7.384159e-07 / 6.243609e-02
PCG: 8 : 4.549590e-07 / 3.846864e-02
PCG: 9 : 2.859007e-07 / 2.417408e-02
PCG: 0 : 2.859005e-07
PCG: 1 : 2.934528e-07 / 1.026416e+00
PCG: 2 : 1.748968e-07 / 6.117401e-01
PCG: 3 : 1.155504e-07 / 4.041629e-01
PCG: 4 : 7.609292e-08 / 2.661518e-01
PCG: 5 : 6.756932e-08 / 2.363386e-01
PCG: 6 : 3.312017e-08 / 1.158451e-01
PCG: 7 : 6.056676e-08 / 2.118456e-01
PCG: 8 : 3.333412e-08 / 1.165934e-01
PCG: 9 : 2.866156e-08 / 1.002501e-01

PCG ( VCycle ( S: Scale / C: Scale )  )

Complete solver TOE: 0.15985
8.63706 GFlop/s [8.63706 GFlops/s]

Total time: 0.15985s
Accumulated op time: 0.043639

Reductions: 25.1261%
Blas-1: 1.0954%
Blas-2: 1.07851%
Precon Kernels: 0%
MPI Execution: 0%
MPI Wait: 0%
Not covered: 72.7%

Domain size: 48.2041 MByte
LA size: 120.996 MByte
MPI size: 2.68153 MByte

H0-Error: 1.719911e-06
H1-Error: 4.034414e-03

Writing DATA to output.data...
Run-Time: 0:00.865 [0:00.865]
0x31d198e880 Error: MemoryPool<CUDA> still contains memory chunks on deconstructor call
