NUM-PROCS: 1
Preparing domain...
LVL-MIN: 4 [4]
LVL-MAX: 10 [10]
Creating gates...
Assembling system matrices...
Assembling system filters...
Assembling transfer matrices...
Converting assembled linear system from SparseMatrixCSR, Mem:main to SparseMatrixCSR, Mem:mainand to SparseMatrixCSR, Mem:main...
PCG:  0 : 9.466280e-03
PCG:  1 : 1.917819e-02 / 2.025947e+00
PCG:  2 : 2.708376e-02 / 2.861077e+00
PCG:  3 : 6.636087e-02 / 7.010237e+00
PCG:  4 : 8.043257e-02 / 8.496745e+00
PCG:  5 : 4.807047e-02 / 5.078074e+00
PCG:  6 : 2.369675e-02 / 2.503280e+00
PCG:  7 : 3.969319e-03 / 4.193113e-01
PCG:  8 : 1.082502e-03 / 1.143535e-01
PCG:  9 : 1.050543e-03 / 1.109774e-01
PCG: 10 : 5.079269e-04 / 5.365644e-02
PCG: 11 : 4.903019e-04 / 5.179457e-02
PCG: 12 : 5.563101e-04 / 5.876755e-02
PCG: 13 : 2.101128e-04 / 2.219592e-02
PCG: 14 : 1.438285e-04 / 1.519377e-02
PCG: 15 : 2.656065e-05 / 2.805817e-03
PCG: 16 : 7.148892e-06 / 7.551954e-04
PCG: 17 : 4.928713e-06 / 5.206599e-04
PCG: 18 : 2.722163e-06 / 2.875642e-04
PCG: 19 : 7.203214e-07 / 7.609339e-05
PCG:  0 : 2.330582e-04
PCG:  1 : 3.898564e-04 / 1.672786e+00
PCG:  2 : 7.755912e-04 / 3.327887e+00
PCG:  3 : 1.501775e-04 / 6.443776e-01
PCG:  4 : 1.361098e-04 / 5.840166e-01
PCG:  5 : 2.739570e-05 / 1.175488e-01
PCG:  6 : 2.681487e-05 / 1.150565e-01
PCG:  7 : 1.379217e-05 / 5.917907e-02
PCG:  8 : 7.025636e-06 / 3.014542e-02
PCG:  9 : 2.421272e-06 / 1.038913e-02
PCG: 10 : 1.200463e-06 / 5.150915e-03
PCG: 11 : 6.661656e-07 / 2.858366e-03
PCG: 12 : 4.916729e-07 / 2.109658e-03
PCG: 13 : 3.273668e-07 / 1.404657e-03
PCG: 14 : 2.941947e-07 / 1.262323e-03
PCG: 15 : 1.528122e-07 / 6.556826e-04
PCG: 16 : 3.297334e-08 / 1.414811e-04
PCG: 17 : 1.650560e-08 / 7.082180e-05
PCG: 18 : 1.597589e-08 / 6.854894e-05
PCG: 19 : 6.566145e-09 / 2.817385e-05
PCG:  0 : 1.063249e-07
PCG:  1 : 5.414266e-07 / 5.092192e+00
PCG:  2 : 3.364011e-07 / 3.163899e+00
PCG:  3 : 8.331488e-08 / 7.835880e-01
PCG:  4 : 2.403150e-08 / 2.260196e-01
PCG:  5 : 1.577413e-08 / 1.483579e-01
PCG:  6 : 7.243628e-09 / 6.812733e-02
PCG:  7 : 3.791382e-09 / 3.565847e-02
PCG:  8 : 2.362882e-09 / 2.222323e-02
PCG:  9 : 1.545558e-09 / 1.453619e-02
PCG: 10 : 8.020891e-10 / 7.543759e-03
PCG: 11 : 3.802675e-10 / 3.576469e-03
PCG: 12 : 1.688330e-10 / 1.587898e-03
PCG: 13 : 1.335495e-10 / 1.256052e-03
PCG: 14 : 8.939415e-11 / 8.407644e-04
PCG: 15 : 6.492479e-11 / 6.106267e-04
PCG: 16 : 3.239453e-11 / 3.046750e-04
PCG: 17 : 2.465304e-11 / 2.318652e-04
PCG: 18 : 1.512383e-11 / 1.422417e-04
PCG: 19 : 7.305230e-12 / 6.870670e-05
PCG:  0 : 7.544033e-11
PCG:  1 : 4.383977e-10 / 5.811184e+00
PCG:  2 : 2.862778e-10 / 3.794757e+00
PCG:  3 : 8.991460e-11 / 1.191864e+00
PCG:  4 : 6.322788e-11 / 8.381177e-01
PCG:  5 : 3.992669e-11 / 5.292487e-01
PCG:  6 : 1.923032e-11 / 2.549077e-01
PCG:  7 : 8.501666e-12 / 1.126939e-01
PCG:  8 : 4.396900e-12 / 5.828315e-02
PCG:  9 : 1.510209e-12 / 2.001858e-02
PCG: 10 : 8.716848e-13 / 1.155462e-02
PCG: 11 : 4.839715e-13 / 6.415288e-03
PCG: 12 : 3.811578e-13 / 5.052440e-03
PCG: 13 : 3.365382e-13 / 4.460984e-03
PCG: 14 : 1.691556e-13 / 2.242243e-03
PCG: 15 : 7.709026e-14 / 1.021871e-03
PCG: 16 : 4.421192e-14 / 5.860515e-04
PCG: 17 : 2.337426e-14 / 3.098377e-04
PCG: 18 : 1.121163e-14 / 1.486159e-04
PCG: 19 : 3.811938e-15 / 5.052918e-05

PCG ( VCycle ( S: Scale / C: Scale )  )

Complete solver TOE: 5.01607
2.2777 GFlop/s [2.2777 GFlops/s]

Total time: 5.01607s
Accumulated op time: 4.85533

Reductions: 6.49098%
Blas-1: 6.7852%
Blas-2: 83.5194%
Precon Kernels: 0%
MPI Execution: 0%
MPI Wait: 0%
Not covered: 3.20444%

Domain size: 192.423 MByte
LA size: 483.361 MByte
MPI size: 10.6972 MByte

H0-Error: 4.290975e-07
H1-Error: 2.017209e-03

Writing DATA to output.data...
Run-Time: 0:07.294 [0:07.294]
0x31d198e880 Error: MemoryPool<CPU> still contains memory chunks on deconstructor call
