NUM-PROCS: 1
Preparing domain...
LVL-MIN: 3 [3]
LVL-MAX: 4 [4]
Creating gates...
Assembling system matrices...
Assembling system filters...
Assembling transfer matrices...
Converting assembled linear system from SparseMatrixCSR, Mem:main to SparseMatrixELL, Mem:cudaand to SparseMatrixELL, Mem:cuda...
PCG: 0 : 5.972902e-01
PCG: 1 : 5.273273e-01 / 8.828661e-01
PCG: 0 : 6.283779e-01
PCG: 1 : 2.464612e-01 / 3.922181e-01
PCG: 0 : 2.464612e-01
PCG: 1 : 1.205805e-01 / 4.892475e-01
PCG: 0 : 1.205805e-01
PCG: 1 : 1.117865e-01 / 9.270693e-01
PCG: 0 : 1.117865e-01
PCG: 1 : 8.009385e-02 / 7.164897e-01
PCG: 0 : 8.009385e-02
PCG: 1 : 7.729365e-02 / 9.650385e-01
PCG: 0 : 7.729364e-02
PCG: 1 : 5.563740e-02 / 7.198186e-01
PCG: 0 : 5.563740e-02
PCG: 1 : 5.365895e-02 / 9.644403e-01
PCG: 0 : 5.365895e-02
PCG: 1 : 3.863877e-02 / 7.200806e-01
PCG: 0 : 3.863876e-02
PCG: 1 : 3.725705e-02 / 9.642403e-01
PCG: 0 : 3.725705e-02
PCG: 1 : 2.682450e-02 / 7.199845e-01
PCG: 0 : 2.682450e-02
PCG: 1 : 2.585724e-02 / 9.639413e-01
PCG: 0 : 2.585724e-02
PCG: 1 : 1.860929e-02 / 7.196934e-01
PCG: 0 : 1.860929e-02
PCG: 1 : 1.793120e-02 / 9.635620e-01
PCG: 0 : 1.793120e-02
PCG: 1 : 1.289892e-02 / 7.193565e-01
PCG: 0 : 1.289892e-02
PCG: 1 : 1.242409e-02 / 9.631885e-01
PCG: 0 : 1.242409e-02
PCG: 1 : 8.933587e-03 / 7.190534e-01
PCG: 0 : 8.933586e-03
PCG: 1 : 8.601852e-03 / 9.628666e-01
PCG: 0 : 8.601852e-03
PCG: 1 : 6.183120e-03 / 7.188127e-01
PCG: 0 : 6.183120e-03
PCG: 1 : 5.951931e-03 / 9.626096e-01
PCG: 0 : 5.951931e-03
PCG: 1 : 4.277266e-03 / 7.186349e-01
PCG: 0 : 4.277265e-03
PCG: 1 : 4.116498e-03 / 9.624135e-01
PCG: 0 : 4.116498e-03
PCG: 1 : 2.957750e-03 / 7.185112e-01
PCG: 0 : 2.957750e-03
PCG: 1 : 2.846145e-03 / 9.622670e-01
PCG: 0 : 2.846145e-03
PCG: 1 : 2.044750e-03 / 7.184281e-01
PCG: 0 : 2.044750e-03
PCG: 1 : 1.967377e-03 / 9.621601e-01
PCG: 0 : 1.967377e-03
PCG: 1 : 1.413314e-03 / 7.183747e-01
PCG: 0 : 1.413314e-03
PCG: 1 : 1.359725e-03 / 9.620826e-01
PCG: 0 : 1.359725e-03
PCG: 1 : 9.767470e-04 / 7.183417e-01
PCG: 0 : 9.767470e-04
PCG: 1 : 9.396567e-04 / 9.620267e-01
PCG: 0 : 9.396567e-04
PCG: 1 : 6.749770e-04 / 7.183230e-01
PCG: 0 : 6.749769e-04
PCG: 1 : 6.493180e-04 / 9.619855e-01
PCG: 0 : 6.493180e-04
PCG: 1 : 4.664138e-04 / 7.183135e-01
PCG: 0 : 4.664138e-04
PCG: 1 : 4.486693e-04 / 9.619555e-01
PCG: 0 : 4.486693e-04
PCG: 1 : 3.222836e-04 / 7.183100e-01
PCG: 0 : 3.222836e-04
PCG: 1 : 3.100153e-04 / 9.619332e-01
PCG: 0 : 3.100152e-04
PCG: 1 : 2.226870e-04 / 7.183100e-01
PCG: 0 : 2.226870e-04
PCG: 1 : 2.142063e-04 / 9.619165e-01
PCG: 0 : 2.142063e-04
PCG: 1 : 1.538670e-04 / 7.183121e-01
PCG: 0 : 1.538669e-04
PCG: 1 : 1.480052e-04 / 9.619041e-01
PCG: 0 : 1.480052e-04
PCG: 1 : 1.063144e-04 / 7.183153e-01
PCG: 0 : 1.063144e-04
PCG: 1 : 1.022632e-04 / 9.618943e-01
PCG: 0 : 1.022632e-04
PCG: 1 : 7.345762e-05 / 7.183190e-01
PCG: 0 : 7.345760e-05
PCG: 1 : 7.065792e-05 / 9.618871e-01
PCG: 0 : 7.065792e-05
PCG: 1 : 5.075518e-05 / 7.183227e-01
PCG: 0 : 5.075518e-05
PCG: 1 : 4.882045e-05 / 9.618811e-01
PCG: 0 : 4.882045e-05
PCG: 1 : 3.506902e-05 / 7.183266e-01
PCG: 0 : 3.506902e-05
PCG: 1 : 3.373206e-05 / 9.618762e-01
PCG: 0 : 3.373206e-05
PCG: 1 : 2.423075e-05 / 7.183300e-01
PCG: 0 : 2.423075e-05
PCG: 1 : 2.330691e-05 / 9.618735e-01
PCG: 0 : 2.330691e-05
PCG: 1 : 1.674211e-05 / 7.183324e-01
PCG: 0 : 1.674211e-05
PCG: 1 : 1.610375e-05 / 9.618708e-01
PCG: 0 : 1.610374e-05
PCG: 1 : 1.156789e-05 / 7.183352e-01
PCG: 0 : 1.156789e-05
PCG: 1 : 1.112679e-05 / 9.618685e-01
PCG: 0 : 1.112679e-05
PCG: 1 : 7.992787e-06 / 7.183375e-01
PCG: 0 : 7.992787e-06
PCG: 1 : 7.687996e-06 / 9.618668e-01
PCG: 0 : 7.687997e-06
PCG: 1 : 5.522592e-06 / 7.183396e-01
PCG: 0 : 5.522592e-06
PCG: 1 : 5.311989e-06 / 9.618652e-01
PCG: 0 : 5.311989e-06
PCG: 1 : 3.815824e-06 / 7.183419e-01
PCG: 0 : 3.815824e-06
PCG: 1 : 3.670301e-06 / 9.618633e-01
PCG: 0 : 3.670301e-06
PCG: 1 : 2.636538e-06 / 7.183437e-01
PCG: 0 : 2.636538e-06
PCG: 1 : 2.535986e-06 / 9.618622e-01
PCG: 0 : 2.535986e-06
PCG: 1 : 1.821714e-06 / 7.183453e-01
PCG: 0 : 1.821714e-06
PCG: 1 : 1.752236e-06 / 9.618612e-01
PCG: 0 : 1.752235e-06
PCG: 1 : 1.258712e-06 / 7.183465e-01
PCG: 0 : 1.258712e-06
PCG: 1 : 1.210706e-06 / 9.618606e-01
PCG: 0 : 1.210706e-06
PCG: 1 : 8.697080e-07 / 7.183480e-01
PCG: 0 : 8.697079e-07
PCG: 1 : 8.365365e-07 / 9.618591e-01
PCG: 0 : 8.365365e-07
PCG: 1 : 6.009257e-07 / 7.183497e-01
PCG: 0 : 6.009257e-07
PCG: 1 : 5.780050e-07 / 9.618576e-01
PCG: 0 : 5.780049e-07
PCG: 1 : 4.152106e-07 / 7.183514e-01
PCG: 0 : 4.152106e-07
PCG: 1 : 3.993729e-07 / 9.618561e-01

PCG ( VCycle ( S: Scale / C: Scale )  )

Complete solver TOE: 0.0309
0.102044 GFlop/s [0.102044 GFlops/s]

Total time: 0.0309s
Accumulated op time: 0.017965

Reductions: 46.9838%
Blas-1: 5.94822%
Blas-2: 5.20712%
Precon Kernels: 0%
MPI Execution: 0%
MPI Wait: 0%
Not covered: 41.8608%

Domain size: 0.0492249 MByte
LA size: 0.109039 MByte
MPI size: 0.00285339 MByte

H0-Error: 1.753420e-03
H1-Error: 1.289155e-01

Writing DATA to output.data...
Run-Time: 0:00.079 [0:00.079]
0x31d198e880 Error: MemoryPool<CUDA> still contains memory chunks on deconstructor call
