NUM-PROCS: 1
Preparing domain...
LVL-MIN: 6 [6]
LVL-MAX: 10 [10]
Creating gates...
Assembling system matrices...
Assembling system filters...
Assembling transfer matrices...
Converting assembled linear system from SparseMatrixCSR, Mem:main to SparseMatrixCSR, Mem:mainand to SparseMatrixCSR, Mem:main...
PCG: 0 : 9.466280e-03
PCG: 1 : 8.252742e-02 / 8.718041e+00
PCG: 2 : 8.387963e-02 / 8.860887e+00
PCG: 3 : 1.899085e-01 / 2.006157e+01
PCG: 4 : 2.283872e-01 / 2.412639e+01
PCG: 5 : 1.515828e-01 / 1.601292e+01
PCG: 0 : 1.515884e-01
PCG: 1 : 1.683098e-01 / 1.110308e+00
PCG: 2 : 1.196649e-01 / 7.894070e-01
PCG: 3 : 5.940755e-02 / 3.919004e-01
PCG: 4 : 7.653861e-02 / 5.049107e-01
PCG: 5 : 1.057534e-01 / 6.976354e-01
PCG: 0 : 1.057535e-01
PCG: 1 : 8.057243e-02 / 7.618890e-01
PCG: 2 : 9.435647e-02 / 8.922302e-01
PCG: 3 : 8.934683e-02 / 8.448592e-01
PCG: 4 : 7.882717e-02 / 7.453859e-01
PCG: 5 : 7.675719e-02 / 7.258123e-01
PCG: 0 : 7.675721e-02
PCG: 1 : 6.705646e-02 / 8.736177e-01
PCG: 2 : 5.755217e-02 / 7.497949e-01
PCG: 3 : 3.291902e-02 / 4.288720e-01
PCG: 4 : 2.849680e-02 / 3.712589e-01
PCG: 5 : 5.413021e-02 / 7.052133e-01
PCG: 0 : 5.413020e-02
PCG: 1 : 3.922032e-02 / 7.245553e-01
PCG: 2 : 4.809230e-02 / 8.884559e-01
PCG: 3 : 4.741006e-02 / 8.758522e-01
PCG: 4 : 4.288875e-02 / 7.923256e-01
PCG: 5 : 5.220813e-02 / 9.644918e-01
PCG: 0 : 5.220813e-02
PCG: 1 : 4.483204e-02 / 8.587177e-01
PCG: 2 : 3.864467e-02 / 7.402042e-01
PCG: 3 : 2.313067e-02 / 4.430473e-01
PCG: 4 : 2.086979e-02 / 3.997422e-01
PCG: 5 : 4.329237e-02 / 8.292267e-01
PCG: 0 : 4.329239e-02
PCG: 1 : 3.152014e-02 / 7.280757e-01
PCG: 2 : 3.478319e-02 / 8.034482e-01
PCG: 3 : 3.409271e-02 / 7.874990e-01
PCG: 4 : 3.362694e-02 / 7.767403e-01
PCG: 5 : 4.427543e-02 / 1.022707e+00
PCG: 0 : 4.427543e-02
PCG: 1 : 3.705430e-02 / 8.369045e-01
PCG: 2 : 2.773915e-02 / 6.265135e-01
PCG: 3 : 1.697683e-02 / 3.834368e-01
PCG: 4 : 2.161016e-02 / 4.880848e-01
PCG: 5 : 4.567494e-02 / 1.031609e+00
PCG: 0 : 4.567495e-02
PCG: 1 : 3.201086e-02 / 7.008408e-01
PCG: 2 : 2.680310e-02 / 5.868227e-01
PCG: 3 : 2.533521e-02 / 5.546850e-01
PCG: 4 : 3.004176e-02 / 6.577295e-01
PCG: 5 : 4.033545e-02 / 8.830980e-01
PCG: 0 : 4.033545e-02
PCG: 1 : 3.142031e-02 / 7.789751e-01
PCG: 2 : 1.931517e-02 / 4.788635e-01
PCG: 3 : 1.548293e-02 / 3.838543e-01
PCG: 4 : 2.607739e-02 / 6.465129e-01
PCG: 5 : 4.607593e-02 / 1.142318e+00
PCG: 0 : 4.607593e-02
PCG: 1 : 3.034037e-02 / 6.584864e-01
PCG: 2 : 1.945859e-02 / 4.223158e-01
PCG: 3 : 1.924490e-02 / 4.176780e-01
PCG: 4 : 2.769040e-02 / 6.009733e-01
PCG: 5 : 3.412579e-02 / 7.406424e-01
PCG: 0 : 3.412578e-02
PCG: 1 : 2.587270e-02 / 7.581569e-01
PCG: 2 : 1.540404e-02 / 4.513901e-01
PCG: 3 : 1.574133e-02 / 4.612738e-01
PCG: 4 : 2.674323e-02 / 7.836665e-01
PCG: 5 : 4.059123e-02 / 1.189459e+00
PCG: 0 : 4.059124e-02
PCG: 1 : 2.647127e-02 / 6.521425e-01
PCG: 2 : 1.562374e-02 / 3.849043e-01
PCG: 3 : 1.513856e-02 / 3.729514e-01
PCG: 4 : 2.316674e-02 / 5.707326e-01
PCG: 5 : 2.818794e-02 / 6.944342e-01
PCG: 0 : 2.818792e-02
PCG: 1 : 2.154128e-02 / 7.642025e-01
PCG: 2 : 1.330254e-02 / 4.719235e-01
PCG: 3 : 1.434201e-02 / 5.087997e-01
PCG: 4 : 2.341486e-02 / 8.306698e-01
PCG: 5 : 3.425001e-02 / 1.215060e+00
PCG: 0 : 3.425002e-02
PCG: 1 : 2.250799e-02 / 6.571673e-01
PCG: 2 : 1.332345e-02 / 3.890057e-01
PCG: 3 : 1.263248e-02 / 3.688314e-01
PCG: 4 : 1.916894e-02 / 5.596769e-01
PCG: 5 : 2.349924e-02 / 6.861088e-01
PCG: 0 : 2.349923e-02
PCG: 1 : 1.814306e-02 / 7.720705e-01
PCG: 2 : 1.152502e-02 / 4.904426e-01
PCG: 3 : 1.254137e-02 / 5.336929e-01
PCG: 4 : 1.984512e-02 / 8.445011e-01
PCG: 5 : 2.873099e-02 / 1.222636e+00
PCG: 0 : 2.873099e-02
PCG: 1 : 1.904147e-02 / 6.627502e-01
PCG: 2 : 1.147057e-02 / 3.992403e-01
PCG: 3 : 1.080043e-02 / 3.759158e-01
PCG: 4 : 1.606326e-02 / 5.590919e-01
PCG: 5 : 1.971386e-02 / 6.861531e-01
PCG: 0 : 1.971386e-02
PCG: 1 : 1.536798e-02 / 7.795520e-01
PCG: 2 : 9.954863e-03 / 5.049677e-01
PCG: 3 : 1.084042e-02 / 5.498881e-01
PCG: 4 : 1.674554e-02 / 8.494300e-01
PCG: 5 : 2.412784e-02 / 1.223902e+00
PCG: 0 : 2.412784e-02
PCG: 1 : 1.612102e-02 / 6.681502e-01
PCG: 2 : 9.879226e-03 / 4.094534e-01
PCG: 3 : 9.280092e-03 / 3.846217e-01
PCG: 4 : 1.354751e-02 / 5.614887e-01
PCG: 5 : 1.660930e-02 / 6.883873e-01
PCG: 0 : 1.660929e-02
PCG: 1 : 1.304609e-02 / 7.854693e-01
PCG: 2 : 8.583018e-03 / 5.167600e-01
PCG: 3 : 9.331773e-03 / 5.618405e-01
PCG: 4 : 1.414834e-02 / 8.518330e-01
PCG: 5 : 2.033148e-02 / 1.224103e+00
PCG: 0 : 2.033149e-02
PCG: 1 : 1.366069e-02 / 6.718984e-01
PCG: 2 : 8.493569e-03 / 4.177544e-01
PCG: 3 : 7.977456e-03 / 3.923695e-01
PCG: 4 : 1.146475e-02 / 5.638912e-01
PCG: 5 : 1.404411e-02 / 6.907564e-01
PCG: 0 : 1.404411e-02
PCG: 1 : 1.109380e-02 / 7.899252e-01
PCG: 2 : 7.385269e-03 / 5.258625e-01
PCG: 3 : 8.015336e-03 / 5.707259e-01
PCG: 4 : 1.197049e-02 / 8.523499e-01
PCG: 5 : 1.717971e-02 / 1.223268e+00
PCG: 0 : 1.717971e-02
PCG: 1 : 1.159065e-02 / 6.746712e-01
PCG: 2 : 7.294427e-03 / 4.245955e-01
PCG: 3 : 6.848989e-03 / 3.986674e-01
PCG: 4 : 9.724050e-03 / 5.660195e-01
PCG: 5 : 1.190939e-02 / 6.932241e-01
PCG: 0 : 1.190939e-02
PCG: 1 : 9.439991e-03 / 7.926509e-01
PCG: 2 : 6.345668e-03 / 5.328289e-01
PCG: 3 : 6.876722e-03 / 5.774201e-01
PCG: 4 : 1.015019e-02 / 8.522844e-01
PCG: 5 : 1.456400e-02 / 1.222901e+00
PCG: 0 : 1.456400e-02
PCG: 1 : 9.846615e-03 / 6.760928e-01
PCG: 2 : 6.256649e-03 / 4.295969e-01
PCG: 3 : 5.878135e-03 / 4.036072e-01
PCG: 4 : 8.258171e-03 / 5.670264e-01
PCG: 5 : 1.012042e-02 / 6.948929e-01
PCG: 0 : 1.012042e-02
PCG: 1 : 8.037273e-03 / 7.941644e-01
PCG: 2 : 5.447263e-03 / 5.382450e-01
PCG: 3 : 5.896956e-03 / 5.826792e-01
PCG: 4 : 8.617107e-03 / 8.514578e-01
PCG: 5 : 1.236538e-02 / 1.221825e+00
PCG: 0 : 1.236537e-02
PCG: 1 : 8.370273e-03 / 6.769123e-01
PCG: 2 : 5.364638e-03 / 4.338436e-01
PCG: 3 : 5.040062e-03 / 4.075948e-01
PCG: 4 : 7.023212e-03 / 5.679741e-01
PCG: 5 : 8.612352e-03 / 6.964895e-01
PCG: 0 : 8.612352e-03
PCG: 1 : 6.845573e-03 / 7.948552e-01
PCG: 2 : 4.671315e-03 / 5.423971e-01
PCG: 3 : 5.055485e-03 / 5.870039e-01
PCG: 4 : 7.326681e-03 / 8.507178e-01
PCG: 5 : 1.051854e-02 / 1.221332e+00
PCG: 0 : 1.051854e-02
PCG: 1 : 7.123225e-03 / 6.772064e-01
PCG: 2 : 4.598989e-03 / 4.372268e-01
PCG: 3 : 4.320880e-03 / 4.107869e-01
PCG: 4 : 5.975826e-03 / 5.681229e-01
PCG: 5 : 7.340076e-03 / 6.978224e-01
PCG: 0 : 7.340078e-03
PCG: 1 : 5.831339e-03 / 7.944520e-01
PCG: 2 : 4.004149e-03 / 5.455186e-01
PCG: 3 : 4.333197e-03 / 5.903476e-01
PCG: 4 : 6.231579e-03 / 8.489799e-01
PCG: 5 : 8.952134e-03 / 1.219624e+00
PCG: 0 : 8.952134e-03
PCG: 1 : 6.060212e-03 / 6.769572e-01
PCG: 2 : 3.941198e-03 / 4.402523e-01
PCG: 3 : 3.702658e-03 / 4.136062e-01
PCG: 4 : 5.088665e-03 / 5.684303e-01
PCG: 5 : 6.257733e-03 / 6.990213e-01
PCG: 0 : 6.257731e-03
PCG: 1 : 4.968642e-03 / 7.940005e-01
PCG: 2 : 3.430176e-03 / 5.481500e-01
PCG: 3 : 3.713579e-03 / 5.934385e-01
PCG: 4 : 5.304906e-03 / 8.477363e-01
PCG: 5 : 7.627329e-03 / 1.218865e+00
PCG: 0 : 7.627331e-03
PCG: 1 : 5.161508e-03 / 6.767122e-01
PCG: 2 : 3.377887e-03 / 4.428661e-01
PCG: 3 : 3.173144e-03 / 4.160228e-01
PCG: 4 : 4.332826e-03 / 5.680658e-01
PCG: 5 : 5.339220e-03 / 7.000116e-01
PCG: 0 : 5.339220e-03
PCG: 1 : 4.233068e-03 / 7.928252e-01
PCG: 2 : 2.939981e-03 / 5.506387e-01
PCG: 3 : 3.183030e-03 / 5.961601e-01
PCG: 4 : 4.517274e-03 / 8.460550e-01
PCG: 5 : 6.499815e-03 / 1.217372e+00
PCG: 0 : 6.499814e-03
PCG: 1 : 4.395377e-03 / 6.762312e-01
PCG: 2 : 2.894536e-03 / 4.453260e-01
PCG: 3 : 2.720042e-03 / 4.184800e-01
PCG: 4 : 3.691718e-03 / 5.679730e-01
PCG: 5 : 4.553068e-03 / 7.004920e-01
PCG: 0 : 4.553067e-03
PCG: 1 : 3.607464e-03 / 7.923149e-01
PCG: 2 : 2.518765e-03 / 5.532017e-01
PCG: 3 : 2.728024e-03 / 5.991617e-01
PCG: 4 : 3.849125e-03 / 8.453916e-01
PCG: 5 : 5.542048e-03 / 1.217212e+00
PCG: 0 : 5.542050e-03
PCG: 1 : 3.745274e-03 / 6.757922e-01
PCG: 2 : 2.481055e-03 / 4.476781e-01
PCG: 3 : 2.331094e-03 / 4.206195e-01
PCG: 4 : 3.144824e-03 / 5.674479e-01
PCG: 5 : 3.885642e-03 / 7.011201e-01
PCG: 0 : 3.885642e-03
PCG: 1 : 3.073486e-03 / 7.909853e-01
PCG: 2 : 2.158314e-03 / 5.554588e-01
PCG: 3 : 2.338078e-03 / 6.017223e-01
PCG: 4 : 3.279042e-03 / 8.438867e-01
PCG: 5 : 4.723868e-03 / 1.215724e+00
PCG: 0 : 4.723870e-03
PCG: 1 : 3.190481e-03 / 6.753955e-01
PCG: 2 : 2.127046e-03 / 4.502762e-01
PCG: 3 : 1.998673e-03 / 4.231008e-01
PCG: 4 : 2.680863e-03 / 5.675142e-01
PCG: 5 : 3.314711e-03 / 7.016938e-01
PCG: 0 : 3.314711e-03
PCG: 1 : 2.619857e-03 / 7.903727e-01
PCG: 2 : 1.849985e-03 / 5.581133e-01
PCG: 3 : 2.005194e-03 / 6.049376e-01
PCG: 4 : 2.795818e-03 / 8.434575e-01
PCG: 5 : 4.028379e-03 / 1.215303e+00
PCG: 0 : 4.028378e-03
PCG: 1 : 2.720135e-03 / 6.752434e-01
PCG: 2 : 1.824965e-03 / 4.530271e-01
PCG: 3 : 1.714060e-03 / 4.254963e-01
PCG: 4 : 2.285028e-03 / 5.672328e-01
PCG: 5 : 2.828249e-03 / 7.020814e-01
PCG: 0 : 2.828250e-03
PCG: 1 : 2.232851e-03 / 7.894816e-01
PCG: 2 : 1.585820e-03 / 5.607072e-01
PCG: 3 : 1.720052e-03 / 6.081681e-01
PCG: 4 : 2.383664e-03 / 8.428051e-01
PCG: 5 : 3.433495e-03 / 1.214000e+00
PCG: 0 : 3.433494e-03
PCG: 1 : 2.318339e-03 / 6.752127e-01
PCG: 2 : 1.565521e-03 / 4.559556e-01
PCG: 3 : 1.470811e-03 / 4.283715e-01
PCG: 4 : 1.948649e-03 / 5.675411e-01
PCG: 5 : 2.412213e-03 / 7.025534e-01
PCG: 0 : 2.412212e-03
PCG: 1 : 1.903721e-03 / 7.892013e-01
PCG: 2 : 1.360257e-03 / 5.639046e-01
PCG: 3 : 1.476006e-03 / 6.118889e-01
PCG: 4 : 2.033022e-03 / 8.428041e-01
PCG: 5 : 2.926821e-03 / 1.213335e+00
PCG: 0 : 2.926821e-03
PCG: 1 : 1.976944e-03 / 6.754576e-01
PCG: 2 : 1.343794e-03 / 4.591308e-01
PCG: 3 : 1.262731e-03 / 4.314342e-01
PCG: 4 : 1.661833e-03 / 5.677944e-01
PCG: 5 : 2.056786e-03 / 7.027372e-01
PCG: 0 : 2.056785e-03
PCG: 1 : 1.623304e-03 / 7.892432e-01
PCG: 2 : 1.167470e-03 / 5.676187e-01
PCG: 3 : 1.267320e-03 / 6.161653e-01
PCG: 4 : 1.734536e-03 / 8.433235e-01
PCG: 5 : 2.494308e-03 / 1.212722e+00
PCG: 0 : 2.494308e-03
PCG: 1 : 1.685953e-03 / 6.759201e-01
PCG: 2 : 1.153862e-03 / 4.625982e-01
PCG: 3 : 1.085386e-03 / 4.351452e-01
PCG: 4 : 1.418304e-03 / 5.686162e-01
PCG: 5 : 1.753545e-03 / 7.030186e-01
PCG: 0 : 1.753543e-03
PCG: 1 : 1.384996e-03 / 7.898270e-01
PCG: 2 : 1.002940e-03 / 5.719504e-01
PCG: 3 : 1.088456e-03 / 6.207178e-01
PCG: 4 : 1.480198e-03 / 8.441181e-01
PCG: 5 : 2.124583e-03 / 1.211594e+00
PCG: 0 : 2.124585e-03
PCG: 1 : 1.438093e-03 / 6.768820e-01
PCG: 2 : 9.915846e-04 / 4.667192e-01
PCG: 3 : 9.338172e-04 / 4.395292e-01
PCG: 4 : 1.210853e-03 / 5.699244e-01
PCG: 5 : 1.494059e-03 / 7.032237e-01
PCG: 0 : 1.494058e-03
PCG: 1 : 1.181791e-03 / 7.909936e-01
PCG: 2 : 8.620699e-04 / 5.769988e-01
PCG: 3 : 9.356111e-04 / 6.262212e-01
PCG: 4 : 1.263791e-03 / 8.458780e-01
PCG: 5 : 1.809613e-03 / 1.211206e+00
PCG: 0 : 1.809613e-03
PCG: 1 : 1.227428e-03 / 6.782820e-01
PCG: 2 : 8.527311e-04 / 4.712229e-01
PCG: 3 : 8.038573e-04 / 4.442150e-01
PCG: 4 : 1.033972e-03 / 5.713776e-01
PCG: 5 : 1.272837e-03 / 7.033749e-01
PCG: 0 : 1.272838e-03
PCG: 1 : 1.008826e-03 / 7.925807e-01
PCG: 2 : 7.416147e-04 / 5.826468e-01
PCG: 3 : 8.047117e-04 / 6.322187e-01
PCG: 4 : 1.079469e-03 / 8.480804e-01
PCG: 5 : 1.540762e-03 / 1.210494e+00
PCG: 0 : 1.540762e-03
PCG: 1 : 1.047977e-03 / 6.801679e-01
PCG: 2 : 7.340204e-04 / 4.764009e-01
PCG: 3 : 6.926504e-04 / 4.495506e-01
PCG: 4 : 8.832851e-04 / 5.732781e-01
PCG: 5 : 1.083461e-03 / 7.031984e-01
PCG: 0 : 1.083461e-03
PCG: 1 : 8.611864e-04 / 7.948474e-01
PCG: 2 : 6.382905e-04 / 5.891217e-01
PCG: 3 : 6.924819e-04 / 6.391386e-01
PCG: 4 : 9.224687e-04 / 8.514090e-01
PCG: 5 : 1.311645e-03 / 1.210607e+00
PCG: 0 : 1.311646e-03
PCG: 1 : 8.950069e-04 / 6.823538e-01
PCG: 2 : 6.320558e-04 / 4.818797e-01
PCG: 3 : 5.969363e-04 / 4.551046e-01
PCG: 4 : 7.546555e-04 / 5.753497e-01
PCG: 5 : 9.223898e-04 / 7.032305e-01
PCG: 0 : 9.223893e-04
PCG: 1 : 7.355931e-04 / 7.974866e-01
PCG: 2 : 5.498893e-04 / 5.961575e-01
PCG: 3 : 5.959776e-04 / 6.461238e-01
PCG: 4 : 7.880691e-04 / 8.543780e-01
PCG: 5 : 1.116018e-03 / 1.209921e+00
PCG: 0 : 1.116018e-03
PCG: 1 : 7.644838e-04 / 6.850105e-01
PCG: 2 : 5.445369e-04 / 4.879285e-01
PCG: 3 : 5.145741e-04 / 4.610806e-01
PCG: 4 : 6.451144e-04 / 5.780503e-01
PCG: 5 : 7.848401e-04 / 7.032506e-01
PCG: 0 : 7.848399e-04
PCG: 1 : 6.284695e-04 / 8.007614e-01
PCG: 2 : 4.738748e-04 / 6.037854e-01
PCG: 3 : 5.129940e-04 / 6.536289e-01
PCG: 4 : 6.736565e-04 / 8.583363e-01
PCG: 5 : 9.497170e-04 / 1.210077e+00
PCG: 0 : 9.497176e-04
PCG: 1 : 6.534326e-04 / 6.880283e-01
PCG: 2 : 4.693901e-04 / 4.942418e-01
PCG: 3 : 4.433211e-04 / 4.667925e-01
PCG: 4 : 5.511097e-04 / 5.802880e-01
PCG: 5 : 6.680706e-04 / 7.034413e-01
PCG: 0 : 6.680703e-04
PCG: 1 : 5.368633e-04 / 8.036031e-01
PCG: 2 : 4.084439e-04 / 6.113786e-01
PCG: 3 : 4.415783e-04 / 6.609758e-01
PCG: 4 : 5.759033e-04 / 8.620400e-01
PCG: 5 : 8.080483e-04 / 1.209526e+00
PCG: 0 : 8.080482e-04
PCG: 1 : 5.583747e-04 / 6.910166e-01
PCG: 2 : 4.043716e-04 / 5.004300e-01
PCG: 3 : 3.817091e-04 / 4.723841e-01
PCG: 4 : 4.709875e-04 / 5.828706e-01
PCG: 5 : 5.684313e-04 / 7.034622e-01
PCG: 0 : 5.684309e-04
PCG: 1 : 4.587896e-04 / 8.071159e-01
PCG: 2 : 3.520157e-04 / 6.192763e-01
PCG: 3 : 3.797219e-04 / 6.680177e-01
PCG: 4 : 4.922521e-04 / 8.659841e-01
PCG: 5 : 6.877325e-04 / 1.209879e+00
PCG: 0 : 6.877325e-04
PCG: 1 : 4.772540e-04 / 6.939529e-01
PCG: 2 : 3.482660e-04 / 5.063975e-01
PCG: 3 : 3.282915e-04 / 4.773535e-01
PCG: 4 : 4.022950e-04 / 5.849586e-01
PCG: 5 : 4.839363e-04 / 7.036694e-01
PCG: 0 : 4.839363e-04
PCG: 1 : 3.919760e-04 / 8.099744e-01
PCG: 2 : 3.032129e-04 / 6.265554e-01
PCG: 3 : 3.263337e-04 / 6.743320e-01
PCG: 4 : 4.206636e-04 / 8.692541e-01
PCG: 5 : 5.853807e-04 / 1.209623e+00
PCG: 0 : 5.853810e-04
PCG: 1 : 4.078367e-04 / 6.967030e-01
PCG: 2 : 2.997345e-04 / 5.120332e-01
PCG: 3 : 2.820574e-04 / 4.818357e-01
PCG: 4 : 3.436856e-04 / 5.871144e-01
PCG: 5 : 4.120090e-04 / 7.038305e-01
PCG: 0 : 4.120091e-04
PCG: 1 : 3.349710e-04 / 8.130184e-01
PCG: 2 : 2.610476e-04 / 6.335967e-01
PCG: 3 : 2.802085e-04 / 6.801027e-01
PCG: 4 : 3.594833e-04 / 8.725131e-01
PCG: 5 : 4.986157e-04 / 1.210205e+00
PCG: 0 : 4.986160e-04
PCG: 1 : 3.484848e-04 / 6.989042e-01
PCG: 2 : 2.576745e-04 / 5.167794e-01
PCG: 3 : 2.420783e-04 / 4.855006e-01
PCG: 4 : 2.934345e-04 / 5.884981e-01
PCG: 5 : 3.509142e-04 / 7.037765e-01
PCG: 0 : 3.509144e-04
PCG: 1 : 2.860749e-04 / 8.152269e-01
PCG: 2 : 2.245379e-04 / 6.398653e-01
PCG: 3 : 2.403566e-04 / 6.849436e-01
PCG: 4 : 3.070761e-04 / 8.750743e-01
PCG: 5 : 4.248128e-04 / 1.210588e+00
PCG: 0 : 4.248126e-04
PCG: 1 : 2.976992e-04 / 7.007778e-01
PCG: 2 : 2.214037e-04 / 5.211797e-01
PCG: 3 : 2.075108e-04 / 4.884762e-01
PCG: 4 : 2.505130e-04 / 5.897025e-01
PCG: 5 : 2.990323e-04 / 7.039157e-01
PCG: 0 : 2.990325e-04
PCG: 1 : 2.443967e-04 / 8.172913e-01
PCG: 2 : 1.929781e-04 / 6.453415e-01
PCG: 3 : 2.060314e-04 / 6.889932e-01
PCG: 4 : 2.622980e-04 / 8.771554e-01
PCG: 5 : 3.621383e-04 / 1.211033e+00
PCG: 0 : 3.621382e-04
PCG: 1 : 2.542809e-04 / 7.021654e-01
PCG: 2 : 1.900299e-04 / 5.247442e-01
PCG: 3 : 1.777748e-04 / 4.909033e-01
PCG: 4 : 2.138584e-04 / 5.905436e-01
PCG: 5 : 2.549396e-04 / 7.039843e-01
PCG: 0 : 2.549397e-04
PCG: 1 : 2.086724e-04 / 8.185168e-01
PCG: 2 : 1.657386e-04 / 6.501090e-01
PCG: 3 : 1.764887e-04 / 6.922763e-01
PCG: 4 : 2.240055e-04 / 8.786609e-01
PCG: 5 : 3.088049e-04 / 1.211286e+00
PCG: 0 : 3.088050e-04
PCG: 1 : 2.171507e-04 / 7.031969e-01
PCG: 2 : 1.630188e-04 / 5.279022e-01
PCG: 3 : 1.522124e-04 / 4.929079e-01
PCG: 4 : 1.825596e-04 / 5.911809e-01
PCG: 5 : 2.174404e-04 / 7.041349e-01
PCG: 0 : 2.174403e-04
PCG: 1 : 1.781909e-04 / 8.194935e-01
PCG: 2 : 1.422144e-04 / 6.540388e-01
PCG: 3 : 1.510906e-04 / 6.948600e-01
PCG: 4 : 1.912287e-04 / 8.794538e-01
PCG: 5 : 2.633985e-04 / 1.211360e+00
PCG: 0 : 2.633985e-04
PCG: 1 : 1.853970e-04 / 7.038652e-01
PCG: 2 : 1.397063e-04 / 5.303989e-01
PCG: 3 : 1.302354e-04 / 4.944425e-01
PCG: 4 : 1.558264e-04 / 5.915996e-01
PCG: 5 : 1.854898e-04 / 7.042174e-01
PCG: 0 : 1.854897e-04
PCG: 1 : 1.521134e-04 / 8.200640e-01
PCG: 2 : 1.219502e-04 / 6.574500e-01
PCG: 3 : 1.292810e-04 / 6.969712e-01
PCG: 4 : 1.632925e-04 / 8.803321e-01
PCG: 5 : 2.247109e-04 / 1.211447e+00
PCG: 0 : 2.247108e-04
PCG: 1 : 1.582695e-04 / 7.043251e-01
PCG: 2 : 1.196830e-04 / 5.326090e-01
PCG: 3 : 1.113959e-04 / 4.957298e-01
PCG: 4 : 1.329806e-04 / 5.917853e-01
PCG: 5 : 1.582858e-04 / 7.043978e-01
PCG: 0 : 1.582858e-04
PCG: 1 : 1.298433e-04 / 8.203092e-01
PCG: 2 : 1.044782e-04 / 6.600607e-01
PCG: 3 : 1.105818e-04 / 6.986209e-01
PCG: 4 : 1.393783e-04 / 8.805488e-01
PCG: 5 : 1.917035e-04 / 1.211123e+00
PCG: 0 : 1.917035e-04
PCG: 1 : 1.350876e-04 / 7.046697e-01
PCG: 2 : 1.025029e-04 / 5.346951e-01
PCG: 3 : 9.527043e-05 / 4.969676e-01
PCG: 4 : 1.135450e-04 / 5.922948e-01
PCG: 5 : 1.351137e-04 / 7.048059e-01
PCG: 0 : 1.351137e-04
PCG: 1 : 1.108278e-04 / 8.202557e-01
PCG: 2 : 8.948724e-05 / 6.623108e-01
PCG: 3 : 9.455750e-05 / 6.998367e-01
PCG: 4 : 1.189887e-04 / 8.806565e-01
PCG: 5 : 1.635488e-04 / 1.210453e+00
PCG: 0 : 1.635489e-04
PCG: 1 : 1.153179e-04 / 7.050977e-01
PCG: 2 : 8.773814e-05 / 5.364644e-01
PCG: 3 : 8.144503e-05 / 4.979859e-01
PCG: 4 : 9.689985e-05 / 5.924826e-01
PCG: 5 : 1.153526e-04 / 7.053097e-01
PCG: 0 : 1.153526e-04
PCG: 1 : 9.458326e-05 / 8.199493e-01
PCG: 2 : 7.661315e-05 / 6.641651e-01
PCG: 3 : 8.085106e-05 / 7.009039e-01
PCG: 4 : 1.015644e-04 / 8.804694e-01
PCG: 5 : 1.395266e-04 / 1.209566e+00
PCG: 0 : 1.395265e-04
PCG: 1 : 9.840709e-05 / 7.052930e-01
PCG: 2 : 7.507948e-05 / 5.381018e-01
PCG: 3 : 6.961590e-05 / 4.989437e-01
PCG: 4 : 8.272596e-05 / 5.929048e-01
PCG: 5 : 9.845333e-05 / 7.056243e-01
PCG: 0 : 9.845337e-05
PCG: 1 : 8.074239e-05 / 8.201080e-01
PCG: 2 : 6.557503e-05 / 6.660517e-01
PCG: 3 : 6.910838e-05 / 7.019402e-01
PCG: 4 : 8.671216e-05 / 8.807434e-01
PCG: 5 : 1.190890e-04 / 1.209598e+00
PCG: 0 : 1.190889e-04
PCG: 1 : 8.400510e-05 / 7.053983e-01
PCG: 2 : 6.422339e-05 / 5.392895e-01
PCG: 3 : 5.950345e-05 / 4.996557e-01
PCG: 4 : 7.059925e-05 / 5.928282e-01
PCG: 5 : 8.403359e-05 / 7.056375e-01
PCG: 0 : 8.403347e-05
PCG: 1 : 6.889953e-05 / 8.199058e-01
PCG: 2 : 5.611331e-05 / 6.677495e-01
PCG: 3 : 5.906774e-05 / 7.029074e-01
PCG: 4 : 7.402396e-05 / 8.808867e-01
PCG: 5 : 1.016116e-04 / 1.209180e+00
PCG: 0 : 1.016117e-04
PCG: 1 : 7.169035e-05 / 7.055326e-01
PCG: 2 : 5.493873e-05 / 5.406734e-01
PCG: 3 : 5.085119e-05 / 5.004464e-01
PCG: 4 : 6.027688e-05 / 5.932083e-01
PCG: 5 : 7.170935e-05 / 7.057196e-01
PCG: 0 : 7.170934e-05
PCG: 1 : 5.881379e-05 / 8.201692e-01
PCG: 2 : 4.800037e-05 / 6.693739e-01
PCG: 3 : 5.046214e-05 / 7.037038e-01
PCG: 4 : 6.318954e-05 / 8.811898e-01
PCG: 5 : 8.670824e-05 / 1.209162e+00
PCG: 0 : 8.670827e-05
PCG: 1 : 6.118829e-05 / 7.056800e-01
PCG: 2 : 4.696453e-05 / 5.416385e-01
PCG: 3 : 4.345320e-05 / 5.011426e-01
PCG: 4 : 5.144670e-05 / 5.933309e-01
PCG: 5 : 6.119469e-05 / 7.057537e-01
PCG: 0 : 6.119468e-05
PCG: 1 : 5.018594e-05 / 8.201029e-01
PCG: 2 : 4.105211e-05 / 6.708444e-01
PCG: 3 : 4.311360e-05 / 7.045317e-01
PCG: 4 : 5.393875e-05 / 8.814288e-01
PCG: 5 : 7.397135e-05 / 1.208787e+00
PCG: 0 : 7.397134e-05
PCG: 1 : 5.221592e-05 / 7.058939e-01
PCG: 2 : 4.015211e-05 / 5.428063e-01
PCG: 3 : 3.712409e-05 / 5.018713e-01
PCG: 4 : 4.392334e-05 / 5.937887e-01
PCG: 5 : 5.221333e-05 / 7.058589e-01
PCG: 0 : 5.221336e-05
PCG: 1 : 4.284322e-05 / 8.205413e-01
PCG: 2 : 3.510280e-05 / 6.722953e-01
PCG: 3 : 3.682461e-05 / 7.052717e-01
PCG: 4 : 4.603892e-05 / 8.817459e-01
PCG: 5 : 6.310722e-05 / 1.208641e+00
PCG: 0 : 6.310726e-05
PCG: 1 : 4.456803e-05 / 7.062266e-01
PCG: 2 : 3.432538e-05 / 5.439212e-01
PCG: 3 : 3.172095e-05 / 5.026513e-01
PCG: 4 : 3.749950e-05 / 5.942185e-01
PCG: 5 : 4.456654e-05 / 7.062030e-01
PCG: 0 : 4.456655e-05
PCG: 1 : 3.656384e-05 / 8.204324e-01
PCG: 2 : 3.001113e-05 / 6.734004e-01
PCG: 3 : 3.145168e-05 / 7.057238e-01
PCG: 4 : 3.930000e-05 / 8.818272e-01
PCG: 5 : 5.382028e-05 / 1.207639e+00
PCG: 0 : 5.382032e-05
PCG: 1 : 3.802841e-05 / 7.065810e-01
PCG: 2 : 2.933219e-05 / 5.450022e-01
PCG: 3 : 2.709133e-05 / 5.033662e-01
PCG: 4 : 3.200982e-05 / 5.947534e-01
PCG: 5 : 3.801920e-05 / 7.064098e-01
PCG: 0 : 3.801920e-05
PCG: 1 : 3.121153e-05 / 8.209413e-01
PCG: 2 : 2.565659e-05 / 6.748324e-01
PCG: 3 : 2.686275e-05 / 7.065575e-01
PCG: 4 : 3.354212e-05 / 8.822415e-01
PCG: 5 : 4.591469e-05 / 1.207671e+00
PCG: 0 : 4.591469e-05
PCG: 1 : 3.245758e-05 / 7.069105e-01
PCG: 2 : 2.506416e-05 / 5.458853e-01
PCG: 3 : 2.314543e-05 / 5.040963e-01
PCG: 4 : 2.733464e-05 / 5.953354e-01
PCG: 5 : 3.243355e-05 / 7.063870e-01
PCG: 0 : 3.243352e-05
PCG: 1 : 2.664138e-05 / 8.214148e-01
PCG: 2 : 2.192796e-05 / 6.760894e-01
PCG: 3 : 2.293416e-05 / 7.071129e-01
PCG: 4 : 2.863699e-05 / 8.829442e-01
PCG: 5 : 3.915812e-05 / 1.207335e+00
PCG: 0 : 3.915811e-05
PCG: 1 : 2.770520e-05 / 7.075214e-01
PCG: 2 : 2.141911e-05 / 5.469903e-01
PCG: 3 : 1.976673e-05 / 5.047928e-01
PCG: 4 : 2.332976e-05 / 5.957836e-01
PCG: 5 : 2.767176e-05 / 7.066673e-01
PCG: 0 : 2.767175e-05
PCG: 1 : 2.273535e-05 / 8.216087e-01
PCG: 2 : 1.873619e-05 / 6.770875e-01
PCG: 3 : 1.958479e-05 / 7.077539e-01
PCG: 4 : 2.444566e-05 / 8.834159e-01
PCG: 5 : 3.339290e-05 / 1.206751e+00
PCG: 0 : 3.339288e-05
PCG: 1 : 2.364500e-05 / 7.080851e-01
PCG: 2 : 1.829689e-05 / 5.479279e-01
PCG: 3 : 1.688002e-05 / 5.054978e-01
PCG: 4 : 1.991756e-05 / 5.964612e-01
PCG: 5 : 2.360300e-05 / 7.068273e-01
PCG: 0 : 2.360299e-05
PCG: 1 : 1.940506e-05 / 8.221440e-01
PCG: 2 : 1.600697e-05 / 6.781753e-01
PCG: 3 : 1.672130e-05 / 7.084399e-01
PCG: 4 : 2.087354e-05 / 8.843600e-01
PCG: 5 : 2.848054e-05 / 1.206649e+00
PCG: 0 : 2.848054e-05
PCG: 1 : 2.018962e-05 / 7.088917e-01
PCG: 2 : 1.563527e-05 / 5.489808e-01
PCG: 3 : 1.441357e-05 / 5.060849e-01
PCG: 4 : 1.700089e-05 / 5.969300e-01
PCG: 5 : 2.013583e-05 / 7.070029e-01
PCG: 0 : 2.013583e-05
PCG: 1 : 1.655933e-05 / 8.223811e-01
PCG: 2 : 1.367415e-05 / 6.790953e-01
PCG: 3 : 1.427893e-05 / 7.091303e-01
PCG: 4 : 1.781883e-05 / 8.849313e-01
PCG: 5 : 2.428455e-05 / 1.206037e+00
PCG: 0 : 2.428457e-05
PCG: 1 : 1.722992e-05 / 7.095007e-01
PCG: 2 : 1.335429e-05 / 5.499085e-01
PCG: 3 : 1.230470e-05 / 5.066880e-01
PCG: 4 : 1.451466e-05 / 5.976906e-01
PCG: 5 : 1.717154e-05 / 7.070967e-01
PCG: 0 : 1.717152e-05
PCG: 1 : 1.413696e-05 / 8.232796e-01
PCG: 2 : 1.168048e-05 / 6.802242e-01
PCG: 3 : 1.219007e-05 / 7.099007e-01
PCG: 4 : 1.521538e-05 / 8.860825e-01
PCG: 5 : 2.070833e-05 / 1.205969e+00
PCG: 0 : 2.070833e-05
PCG: 1 : 1.470871e-05 / 7.102798e-01
PCG: 2 : 1.140479e-05 / 5.507342e-01
PCG: 3 : 1.050601e-05 / 5.073327e-01
PCG: 4 : 1.238964e-05 / 5.982925e-01
PCG: 5 : 1.464521e-05 / 7.072133e-01
PCG: 0 : 1.464520e-05
PCG: 1 : 1.206536e-05 / 8.238438e-01
PCG: 2 : 9.976530e-06 / 6.812149e-01
PCG: 3 : 1.040531e-05 / 7.104926e-01
PCG: 4 : 1.298616e-05 / 8.867179e-01
PCG: 5 : 1.765290e-05 / 1.205371e+00
PCG: 0 : 1.765290e-05
PCG: 1 : 1.255161e-05 / 7.110224e-01
PCG: 2 : 9.737943e-06 / 5.516341e-01
PCG: 3 : 8.968912e-06 / 5.080701e-01
PCG: 4 : 1.057889e-05 / 5.992722e-01
PCG: 5 : 1.248482e-05 / 7.072389e-01
PCG: 0 : 1.248482e-05
PCG: 1 : 1.030100e-05 / 8.250816e-01
PCG: 2 : 8.520974e-06 / 6.825065e-01
PCG: 3 : 8.880728e-06 / 7.113218e-01
PCG: 4 : 1.108673e-05 / 8.880168e-01
PCG: 5 : 1.505469e-05 / 1.205839e+00
PCG: 0 : 1.505469e-05
PCG: 1 : 1.071721e-05 / 7.118849e-01
PCG: 2 : 8.315521e-06 / 5.523541e-01
PCG: 3 : 7.658767e-06 / 5.087295e-01
PCG: 4 : 9.031628e-06 / 5.999211e-01
PCG: 5 : 1.064744e-05 / 7.072503e-01
PCG: 0 : 1.064744e-05
PCG: 1 : 8.792636e-06 / 8.257983e-01
PCG: 2 : 7.277488e-06 / 6.834966e-01
PCG: 3 : 7.579903e-06 / 7.118992e-01
PCG: 4 : 9.464170e-06 / 8.888683e-01
PCG: 5 : 1.283254e-05 / 1.205223e+00
PCG: 0 : 1.283254e-05
PCG: 1 : 9.145493e-06 / 7.126799e-01
PCG: 2 : 7.099591e-06 / 5.532491e-01
PCG: 3 : 6.537206e-06 / 5.094242e-01
PCG: 4 : 7.711257e-06 / 6.009144e-01
PCG: 5 : 9.077498e-06 / 7.073813e-01
PCG: 0 : 9.077499e-06
PCG: 1 : 7.507752e-06 / 8.270727e-01
PCG: 2 : 6.214286e-06 / 6.845813e-01
PCG: 3 : 6.468753e-06 / 7.126140e-01
PCG: 4 : 8.078830e-06 / 8.899841e-01
PCG: 5 : 1.093975e-05 / 1.205150e+00
PCG: 0 : 1.093975e-05
PCG: 1 : 7.806201e-06 / 7.135631e-01
PCG: 2 : 6.059942e-06 / 5.539380e-01
PCG: 3 : 5.580852e-06 / 5.101445e-01
PCG: 4 : 6.583581e-06 / 6.018037e-01
PCG: 5 : 7.739322e-06 / 7.074497e-01
PCG: 0 : 7.739320e-06
PCG: 1 : 6.407604e-06 / 8.279286e-01
PCG: 2 : 5.306737e-06 / 6.856853e-01
PCG: 3 : 5.519873e-06 / 7.132246e-01
PCG: 4 : 6.896419e-06 / 8.910885e-01
PCG: 5 : 9.325270e-06 / 1.204921e+00
PCG: 0 : 9.325264e-06
PCG: 1 : 6.664746e-06 / 7.146979e-01
PCG: 2 : 5.174436e-06 / 5.548836e-01
PCG: 3 : 4.763681e-06 / 5.108361e-01
PCG: 4 : 5.620431e-06 / 6.027101e-01
PCG: 5 : 6.598182e-06 / 7.075598e-01
PCG: 0 : 6.598178e-06
PCG: 1 : 5.469717e-06 / 8.289739e-01
PCG: 2 : 4.529360e-06 / 6.864561e-01
PCG: 3 : 4.710699e-06 / 7.139394e-01
PCG: 4 : 5.887603e-06 / 8.923075e-01
PCG: 5 : 7.948342e-06 / 1.204627e+00
PCG: 0 : 7.948347e-06
PCG: 1 : 5.688743e-06 / 7.157140e-01
PCG: 2 : 4.416433e-06 / 5.556417e-01
PCG: 3 : 4.065738e-06 / 5.115200e-01
PCG: 4 : 4.798167e-06 / 6.036686e-01
PCG: 5 : 5.625337e-06 / 7.077367e-01
PCG: 0 : 5.625341e-06
PCG: 1 : 4.669441e-06 / 8.300725e-01
PCG: 2 : 3.867855e-06 / 6.875770e-01
PCG: 3 : 4.019682e-06 / 7.145669e-01
PCG: 4 : 5.026248e-06 / 8.935010e-01
PCG: 5 : 6.775183e-06 / 1.204404e+00
PCG: 0 : 6.775184e-06
PCG: 1 : 4.855108e-06 / 7.166017e-01
PCG: 2 : 3.769070e-06 / 5.563052e-01
PCG: 3 : 3.470347e-06 / 5.122144e-01
PCG: 4 : 4.096769e-06 / 6.046728e-01
PCG: 5 : 4.795271e-06 / 7.077698e-01
PCG: 0 : 4.795269e-06
PCG: 1 : 3.986565e-06 / 8.313537e-01
PCG: 2 : 3.301928e-06 / 6.885802e-01
PCG: 3 : 3.429789e-06 / 7.152442e-01
PCG: 4 : 4.289323e-06 / 8.944905e-01
PCG: 5 : 5.774831e-06 / 1.204277e+00
PCG: 0 : 5.774833e-06
PCG: 1 : 4.144309e-06 / 7.176500e-01
PCG: 2 : 3.216654e-06 / 5.570125e-01
PCG: 3 : 2.961751e-06 / 5.128721e-01
PCG: 4 : 3.497831e-06 / 6.057026e-01
PCG: 5 : 4.087478e-06 / 7.078088e-01
PCG: 0 : 4.087474e-06
PCG: 1 : 3.403228e-06 / 8.325992e-01
PCG: 2 : 2.818264e-06 / 6.894880e-01
PCG: 3 : 2.926432e-06 / 7.159511e-01
PCG: 4 : 3.662530e-06 / 8.960376e-01
PCG: 5 : 4.922438e-06 / 1.204274e+00
PCG: 0 : 4.922437e-06
PCG: 1 : 3.538172e-06 / 7.187847e-01
PCG: 2 : 2.745684e-06 / 5.577896e-01
PCG: 3 : 2.527742e-06 / 5.135142e-01
PCG: 4 : 2.985678e-06 / 6.065446e-01
PCG: 5 : 3.484867e-06 / 7.079556e-01
PCG: 0 : 3.484867e-06
PCG: 1 : 2.905047e-06 / 8.336176e-01
PCG: 2 : 2.405731e-06 / 6.903367e-01
PCG: 3 : 2.497518e-06 / 7.166752e-01
PCG: 4 : 3.126514e-06 / 8.971688e-01
PCG: 5 : 4.195030e-06 / 1.203785e+00
PCG: 0 : 4.195031e-06
PCG: 1 : 3.019971e-06 / 7.198926e-01
PCG: 2 : 2.342929e-06 / 5.585009e-01
PCG: 3 : 2.157263e-06 / 5.142424e-01
PCG: 4 : 2.549275e-06 / 6.076893e-01
PCG: 5 : 2.970106e-06 / 7.080058e-01
PCG: 0 : 2.970106e-06
PCG: 1 : 2.479659e-06 / 8.348721e-01
PCG: 2 : 2.053099e-06 / 6.912544e-01
PCG: 3 : 2.130476e-06 / 7.173064e-01
PCG: 4 : 2.669290e-06 / 8.987188e-01
PCG: 5 : 3.575146e-06 / 1.203710e+00
PCG: 0 : 3.575147e-06
PCG: 1 : 2.578415e-06 / 7.212055e-01
PCG: 2 : 1.999405e-06 / 5.592512e-01
PCG: 3 : 1.840883e-06 / 5.149112e-01
PCG: 4 : 2.175723e-06 / 6.085690e-01
PCG: 5 : 2.532268e-06 / 7.082977e-01
PCG: 0 : 2.532269e-06
PCG: 1 : 2.116392e-06 / 8.357689e-01
PCG: 2 : 1.752234e-06 / 6.919619e-01
PCG: 3 : 1.817941e-06 / 7.179099e-01
PCG: 4 : 2.278599e-06 / 8.998248e-01
PCG: 5 : 3.046592e-06 / 1.203107e+00
PCG: 0 : 3.046590e-06
PCG: 1 : 2.201009e-06 / 7.224501e-01
PCG: 2 : 1.706195e-06 / 5.600342e-01
PCG: 3 : 1.570833e-06 / 5.156036e-01
PCG: 4 : 1.857536e-06 / 6.097099e-01
PCG: 5 : 2.158284e-06 / 7.084261e-01
PCG: 0 : 2.158283e-06
PCG: 1 : 1.806851e-06 / 8.371704e-01
PCG: 2 : 1.495338e-06 / 6.928368e-01
PCG: 3 : 1.551179e-06 / 7.187098e-01
PCG: 4 : 1.945503e-06 / 9.014123e-01
PCG: 5 : 2.596459e-06 / 1.203020e+00
PCG: 0 : 2.596460e-06
PCG: 1 : 1.879004e-06 / 7.236793e-01
PCG: 2 : 1.455758e-06 / 5.606702e-01
PCG: 3 : 1.340274e-06 / 5.161929e-01
PCG: 4 : 1.585423e-06 / 6.106094e-01
PCG: 5 : 1.839700e-06 / 7.085416e-01
PCG: 0 : 1.839701e-06
PCG: 1 : 1.542174e-06 / 8.382739e-01
PCG: 2 : 1.276021e-06 / 6.936024e-01
PCG: 3 : 1.323486e-06 / 7.194029e-01
PCG: 4 : 1.660689e-06 / 9.026950e-01
PCG: 5 : 2.212607e-06 / 1.202699e+00
PCG: 0 : 2.212608e-06
PCG: 1 : 1.603935e-06 / 7.249070e-01
PCG: 2 : 1.242257e-06 / 5.614448e-01
PCG: 3 : 1.143730e-06 / 5.169151e-01
PCG: 4 : 1.353768e-06 / 6.118428e-01
PCG: 5 : 1.567853e-06 / 7.085997e-01
PCG: 0 : 1.567854e-06
PCG: 1 : 1.316943e-06 / 8.399653e-01
PCG: 2 : 1.088994e-06 / 6.945763e-01
PCG: 3 : 1.129189e-06 / 7.202132e-01
PCG: 4 : 1.417782e-06 / 9.042820e-01
PCG: 5 : 1.886171e-06 / 1.203027e+00
PCG: 0 : 1.886172e-06
PCG: 1 : 1.369190e-06 / 7.259096e-01
PCG: 2 : 1.059846e-06 / 5.619032e-01
PCG: 3 : 9.758767e-07 / 5.173849e-01
PCG: 4 : 1.155412e-06 / 6.125699e-01
PCG: 5 : 1.336156e-06 / 7.083959e-01
PCG: 0 : 1.336155e-06
PCG: 1 : 1.123906e-06 / 8.411489e-01
PCG: 2 : 9.291396e-07 / 6.953829e-01
PCG: 3 : 9.634600e-07 / 7.210689e-01
PCG: 4 : 1.210291e-06 / 9.058012e-01
PCG: 5 : 1.607337e-06 / 1.202957e+00
PCG: 0 : 1.607338e-06
PCG: 1 : 1.168726e-06 / 7.271190e-01
PCG: 2 : 9.043866e-07 / 5.626612e-01
PCG: 3 : 8.326948e-07 / 5.180584e-01
PCG: 4 : 9.864660e-07 / 6.137266e-01
PCG: 5 : 1.138753e-06 / 7.084716e-01
PCG: 0 : 1.138753e-06
PCG: 1 : 9.595675e-07 / 8.426475e-01
PCG: 2 : 7.927907e-07 / 6.961919e-01
PCG: 3 : 8.219227e-07 / 7.217742e-01
PCG: 4 : 1.033050e-06 / 9.071765e-01
PCG: 5 : 1.369806e-06 / 1.202900e+00
PCG: 0 : 1.369806e-06
PCG: 1 : 9.976765e-07 / 7.283341e-01
PCG: 2 : 7.715425e-07 / 5.632495e-01
PCG: 3 : 7.105249e-07 / 5.187048e-01
PCG: 4 : 8.420952e-07 / 6.147551e-01
PCG: 5 : 9.706470e-07 / 7.086018e-01
PCG: 0 : 9.706463e-07
PCG: 1 : 8.190546e-07 / 8.438240e-01
PCG: 2 : 6.765245e-07 / 6.969836e-01
PCG: 3 : 7.012178e-07 / 7.224236e-01
PCG: 4 : 8.818664e-07 / 9.085352e-01
PCG: 5 : 1.167303e-06 / 1.202604e+00
PCG: 0 : 1.167304e-06
PCG: 1 : 8.515551e-07 / 7.295060e-01
PCG: 2 : 6.581781e-07 / 5.638447e-01
PCG: 3 : 6.062277e-07 / 5.193402e-01
PCG: 4 : 7.187689e-07 / 6.157513e-01
PCG: 5 : 8.270837e-07 / 7.085419e-01
PCG: 0 : 8.270840e-07
PCG: 1 : 6.992408e-07 / 8.454290e-01
PCG: 2 : 5.771801e-07 / 6.978495e-01
PCG: 3 : 5.981785e-07 / 7.232379e-01
PCG: 4 : 7.526033e-07 / 9.099479e-01
PCG: 5 : 9.949241e-07 / 1.202930e+00
PCG: 0 : 9.949240e-07
PCG: 1 : 7.268838e-07 / 7.305923e-01
PCG: 2 : 5.614843e-07 / 5.643490e-01
PCG: 3 : 5.172696e-07 / 5.199087e-01
PCG: 4 : 6.137098e-07 / 6.168409e-01
PCG: 5 : 7.049703e-07 / 7.085670e-01
PCG: 0 : 7.049711e-07
PCG: 1 : 5.969524e-07 / 8.467757e-01
PCG: 2 : 4.924524e-07 / 6.985427e-01
PCG: 3 : 5.103402e-07 / 7.239164e-01
PCG: 4 : 6.425098e-07 / 9.113988e-01
PCG: 5 : 8.479045e-07 / 1.202751e+00
PCG: 0 : 8.479042e-07
PCG: 1 : 6.204442e-07 / 7.317385e-01
PCG: 2 : 4.790271e-07 / 5.649543e-01
PCG: 3 : 4.412833e-07 / 5.204400e-01
PCG: 4 : 5.237076e-07 / 6.176496e-01
PCG: 5 : 6.006781e-07 / 7.084269e-01
PCG: 0 : 6.006782e-07
PCG: 1 : 5.094465e-07 / 8.481188e-01
PCG: 2 : 4.200301e-07 / 6.992598e-01
PCG: 3 : 4.353688e-07 / 7.247954e-01
PCG: 4 : 5.482867e-07 / 9.127793e-01
PCG: 5 : 7.226477e-07 / 1.203053e+00
PCG: 0 : 7.226473e-07
PCG: 1 : 5.294561e-07 / 7.326618e-01
PCG: 2 : 4.085983e-07 / 5.654188e-01
PCG: 3 : 3.764453e-07 / 5.209255e-01
PCG: 4 : 4.471293e-07 / 6.187379e-01
PCG: 5 : 5.119348e-07 / 7.084159e-01
PCG: 0 : 5.119352e-07
PCG: 1 : 4.349158e-07 / 8.495525e-01
PCG: 2 : 3.583091e-07 / 6.999111e-01
PCG: 3 : 3.714542e-07 / 7.255883e-01
PCG: 4 : 4.681362e-07 / 9.144443e-01
PCG: 5 : 6.159280e-07 / 1.203137e+00
PCG: 0 : 6.159283e-07
PCG: 1 : 4.520651e-07 / 7.339573e-01
PCG: 2 : 3.486352e-07 / 5.660321e-01
PCG: 3 : 3.211784e-07 / 5.214542e-01
PCG: 4 : 3.815384e-07 / 6.194526e-01
PCG: 5 : 4.363047e-07 / 7.083692e-01
PCG: 0 : 4.363048e-07
PCG: 1 : 3.711646e-07 / 8.507003e-01
PCG: 2 : 3.057229e-07 / 7.007093e-01
PCG: 3 : 3.169238e-07 / 7.263815e-01
PCG: 4 : 3.995347e-07 / 9.157238e-01
PCG: 5 : 5.249543e-07 / 1.203182e+00
PCG: 0 : 5.249537e-07
PCG: 1 : 3.858219e-07 / 7.349637e-01
PCG: 2 : 2.973973e-07 / 5.665209e-01
PCG: 3 : 2.740122e-07 / 5.219740e-01
PCG: 4 : 3.257265e-07 / 6.204861e-01
PCG: 5 : 3.717753e-07 / 7.082059e-01
PCG: 0 : 3.717755e-07
PCG: 1 : 3.168205e-07 / 8.521824e-01
PCG: 2 : 2.607453e-07 / 7.013515e-01
PCG: 3 : 2.703374e-07 / 7.271525e-01
PCG: 4 : 3.410584e-07 / 9.173774e-01
PCG: 5 : 4.474305e-07 / 1.203497e+00
PCG: 0 : 4.474304e-07
PCG: 1 : 3.294089e-07 / 7.362236e-01
PCG: 2 : 2.537239e-07 / 5.670689e-01
PCG: 3 : 2.337860e-07 / 5.225080e-01
PCG: 4 : 2.779587e-07 / 6.212332e-01
PCG: 5 : 3.168832e-07 / 7.082289e-01
PCG: 0 : 3.168830e-07
PCG: 1 : 2.704135e-07 / 8.533543e-01
PCG: 2 : 2.224832e-07 / 7.020989e-01
PCG: 3 : 2.306738e-07 / 7.279463e-01
PCG: 4 : 2.910988e-07 / 9.186320e-01
PCG: 5 : 3.813425e-07 / 1.203418e+00
PCG: 0 : 3.813425e-07
PCG: 1 : 2.810831e-07 / 7.370883e-01
PCG: 2 : 2.163916e-07 / 5.674468e-01
PCG: 3 : 1.994588e-07 / 5.230438e-01
PCG: 4 : 2.373094e-07 / 6.223000e-01
PCG: 5 : 2.700226e-07 / 7.080843e-01
PCG: 0 : 2.700229e-07
PCG: 1 : 2.308381e-07 / 8.548834e-01
PCG: 2 : 1.897769e-07 / 7.028177e-01
PCG: 3 : 1.967240e-07 / 7.285457e-01
PCG: 4 : 2.484238e-07 / 9.200103e-01
PCG: 5 : 3.250140e-07 / 1.203654e+00
PCG: 0 : 3.250139e-07
PCG: 1 : 2.399373e-07 / 7.382369e-01
PCG: 2 : 1.845638e-07 / 5.678644e-01
PCG: 3 : 1.701749e-07 / 5.235925e-01
PCG: 4 : 2.024962e-07 / 6.230387e-01
PCG: 5 : 2.301706e-07 / 7.081868e-01
PCG: 0 : 2.301708e-07
PCG: 1 : 1.969848e-07 / 8.558201e-01
PCG: 2 : 1.618963e-07 / 7.033744e-01
PCG: 3 : 1.678098e-07 / 7.290666e-01
PCG: 4 : 2.120240e-07 / 9.211596e-01
PCG: 5 : 2.769540e-07 / 1.203254e+00
PCG: 0 : 2.769539e-07
PCG: 1 : 2.047679e-07 / 7.393574e-01
PCG: 2 : 1.574163e-07 / 5.683846e-01
PCG: 3 : 1.451893e-07 / 5.242362e-01
PCG: 4 : 1.728326e-07 / 6.240481e-01
PCG: 5 : 1.961752e-07 / 7.083314e-01
PCG: 0 : 1.961751e-07
PCG: 1 : 1.681714e-07 / 8.572516e-01
PCG: 2 : 1.381208e-07 / 7.040691e-01
PCG: 3 : 1.431272e-07 / 7.295889e-01
PCG: 4 : 1.809443e-07 / 9.223613e-01
PCG: 5 : 2.360758e-07 / 1.203393e+00
PCG: 0 : 2.360757e-07
PCG: 1 : 1.747553e-07 / 7.402509e-01
PCG: 2 : 1.342466e-07 / 5.686592e-01
PCG: 3 : 1.238912e-07 / 5.247945e-01
PCG: 4 : 1.475166e-07 / 6.248701e-01
PCG: 5 : 1.672316e-07 / 7.083811e-01
PCG: 0 : 1.672316e-07
PCG: 1 : 1.435171e-07 / 8.581938e-01
PCG: 2 : 1.178359e-07 / 7.046272e-01
PCG: 3 : 1.221013e-07 / 7.301326e-01
PCG: 4 : 1.544399e-07 / 9.235092e-01
PCG: 5 : 2.011777e-07 / 1.202988e+00
PCG: 0 : 2.011777e-07
PCG: 1 : 1.491485e-07 / 7.413771e-01
PCG: 2 : 1.145048e-07 / 5.691726e-01
PCG: 3 : 1.056825e-07 / 5.253193e-01
PCG: 4 : 1.258899e-07 / 6.257649e-01
PCG: 5 : 1.425228e-07 / 7.084426e-01
PCG: 0 : 1.425229e-07
PCG: 1 : 1.224956e-07 / 8.594801e-01
PCG: 2 : 1.005176e-07 / 7.052737e-01
PCG: 3 : 1.041536e-07 / 7.307856e-01
PCG: 4 : 1.317672e-07 / 9.245337e-01
PCG: 5 : 1.714587e-07 / 1.203026e+00
PCG: 0 : 1.714587e-07
PCG: 1 : 1.272676e-07 / 7.422640e-01
PCG: 2 : 9.766114e-08 / 5.695899e-01
PCG: 3 : 9.016512e-08 / 5.258707e-01
PCG: 4 : 1.074441e-07 / 6.266469e-01
PCG: 5 : 1.214711e-07 / 7.084570e-01
PCG: 0 : 1.214711e-07
PCG: 1 : 1.045451e-07 / 8.606582e-01
PCG: 2 : 8.573873e-08 / 7.058367e-01
PCG: 3 : 8.885061e-08 / 7.314550e-01
PCG: 4 : 1.124835e-07 / 9.260109e-01
PCG: 5 : 1.461445e-07 / 1.203122e+00
PCG: 0 : 1.461445e-07
PCG: 1 : 1.086309e-07 / 7.433114e-01
PCG: 2 : 8.330922e-08 / 5.700470e-01
PCG: 3 : 7.692210e-08 / 5.263428e-01
PCG: 4 : 9.168198e-08 / 6.273379e-01
PCG: 5 : 1.035460e-07 / 7.085178e-01
PCG: 0 : 1.035460e-07
PCG: 1 : 8.922063e-08 / 8.616523e-01
PCG: 2 : 7.312789e-08 / 7.062359e-01
PCG: 3 : 7.580061e-08 / 7.320478e-01
PCG: 4 : 9.597586e-08 / 9.268912e-01
PCG: 5 : 1.245540e-07 / 1.202886e+00
PCG: 0 : 1.245540e-07
PCG: 1 : 9.268945e-08 / 7.441708e-01
PCG: 2 : 7.105496e-08 / 5.704752e-01
PCG: 3 : 6.561730e-08 / 5.268181e-01
PCG: 4 : 7.824954e-08 / 6.282379e-01
PCG: 5 : 8.827032e-08 / 7.086912e-01
PCG: 0 : 8.827031e-08
PCG: 1 : 7.614900e-08 / 8.626796e-01
PCG: 2 : 6.237982e-08 / 7.066908e-01
PCG: 3 : 6.466465e-08 / 7.325754e-01
PCG: 4 : 8.191967e-08 / 9.280546e-01
PCG: 5 : 1.061797e-07 / 1.202893e+00
PCG: 0 : 1.061798e-07
PCG: 1 : 7.911908e-08 / 7.451426e-01
PCG: 2 : 6.061059e-08 / 5.708298e-01
PCG: 3 : 5.598520e-08 / 5.272679e-01
PCG: 4 : 6.676748e-08 / 6.288153e-01
PCG: 5 : 7.524291e-08 / 7.086368e-01
PCG: 0 : 7.524299e-08
PCG: 1 : 6.496841e-08 / 8.634481e-01
PCG: 2 : 5.320963e-08 / 7.071705e-01
PCG: 3 : 5.516214e-08 / 7.331200e-01
PCG: 4 : 6.988867e-08 / 9.288397e-01
PCG: 5 : 9.049168e-08 / 1.202659e+00
PCG: 0 : 9.049170e-08
PCG: 1 : 6.750648e-08 / 7.459963e-01
PCG: 2 : 5.169622e-08 / 5.712814e-01
PCG: 3 : 4.775726e-08 / 5.277530e-01
PCG: 4 : 5.698446e-08 / 6.297203e-01
PCG: 5 : 6.414452e-08 / 7.088442e-01
PCG: 0 : 6.414448e-08
PCG: 1 : 5.545341e-08 / 8.645079e-01
PCG: 2 : 4.538319e-08 / 7.075152e-01
PCG: 3 : 4.705624e-08 / 7.335977e-01
PCG: 4 : 5.964748e-08 / 9.298927e-01
PCG: 5 : 7.714121e-08 / 1.202616e+00
PCG: 0 : 7.714119e-08
PCG: 1 : 5.761310e-08 / 7.468525e-01
PCG: 2 : 4.409777e-08 / 5.716500e-01
PCG: 3 : 4.074887e-08 / 5.282375e-01
PCG: 4 : 4.862264e-08 / 6.303070e-01
PCG: 5 : 5.468867e-08 / 7.089424e-01
PCG: 0 : 5.468866e-08
PCG: 1 : 4.731400e-08 / 8.651521e-01
PCG: 2 : 3.871084e-08 / 7.078404e-01
PCG: 3 : 4.014367e-08 / 7.340401e-01
PCG: 4 : 5.088682e-08 / 9.304822e-01
PCG: 5 : 6.575286e-08 / 1.202313e+00
PCG: 0 : 6.575281e-08
PCG: 1 : 4.915375e-08 / 7.475537e-01
PCG: 2 : 3.760744e-08 / 5.719518e-01
PCG: 3 : 3.475568e-08 / 5.285810e-01
PCG: 4 : 4.149416e-08 / 6.310629e-01
PCG: 5 : 4.662207e-08 / 7.090507e-01
PCG: 0 : 4.662205e-08
PCG: 1 : 4.038203e-08 / 8.661574e-01
PCG: 2 : 3.301947e-08 / 7.082372e-01
PCG: 3 : 3.424678e-08 / 7.345618e-01
PCG: 4 : 4.342675e-08 / 9.314637e-01
PCG: 5 : 5.605674e-08 / 1.202365e+00
PCG: 0 : 5.605676e-08
PCG: 1 : 4.195080e-08 / 7.483629e-01
PCG: 2 : 3.207798e-08 / 5.722411e-01
PCG: 3 : 2.965229e-08 / 5.289690e-01
PCG: 4 : 3.539782e-08 / 6.314638e-01
PCG: 5 : 3.974723e-08 / 7.090532e-01
PCG: 0 : 3.974720e-08
PCG: 1 : 3.445319e-08 / 8.668079e-01
PCG: 2 : 2.816716e-08 / 7.086578e-01
PCG: 3 : 2.921536e-08 / 7.350295e-01
PCG: 4 : 3.705697e-08 / 9.323164e-01
PCG: 5 : 4.778769e-08 / 1.202291e+00
PCG: 0 : 4.778773e-08
PCG: 1 : 3.579326e-08 / 7.490052e-01
PCG: 2 : 2.736086e-08 / 5.725499e-01
PCG: 3 : 2.529263e-08 / 5.292704e-01
PCG: 4 : 3.020155e-08 / 6.319938e-01
PCG: 5 : 3.387700e-08 / 7.089059e-01
PCG: 0 : 3.387704e-08
PCG: 1 : 2.940092e-08 / 8.678715e-01
PCG: 2 : 2.402517e-08 / 7.091875e-01
PCG: 3 : 2.492160e-08 / 7.356486e-01
PCG: 4 : 3.162101e-08 / 9.334053e-01
PCG: 5 : 4.074835e-08 / 1.202831e+00
PCG: 0 : 4.074833e-08
PCG: 1 : 3.054524e-08 / 7.496071e-01
PCG: 2 : 2.333545e-08 / 5.726725e-01
PCG: 3 : 2.158178e-08 / 5.296358e-01
PCG: 4 : 2.576949e-08 / 6.324061e-01
PCG: 5 : 2.888971e-08 / 7.089790e-01
PCG: 0 : 2.888972e-08
PCG: 1 : 2.508378e-08 / 8.682595e-01
PCG: 2 : 2.049674e-08 / 7.094822e-01
PCG: 3 : 2.126154e-08 / 7.359552e-01
PCG: 4 : 2.698160e-08 / 9.339515e-01
PCG: 5 : 3.473403e-08 / 1.202297e+00
PCG: 0 : 3.473403e-08
PCG: 1 : 2.606313e-08 / 7.503628e-01
PCG: 2 : 1.990475e-08 / 5.730618e-01
PCG: 3 : 1.841367e-08 / 5.301334e-01
PCG: 4 : 2.198827e-08 / 6.330470e-01
PCG: 5 : 2.462597e-08 / 7.089868e-01
PCG: 0 : 2.462597e-08
PCG: 1 : 2.140414e-08 / 8.691697e-01
PCG: 2 : 1.748161e-08 / 7.098852e-01
PCG: 3 : 1.813527e-08 / 7.364287e-01
PCG: 4 : 2.301892e-08 / 9.347418e-01
PCG: 5 : 2.961636e-08 / 1.202648e+00
PCG: 0 : 2.961635e-08
PCG: 1 : 2.223695e-08 / 7.508335e-01
PCG: 2 : 1.697955e-08 / 5.733168e-01
PCG: 3 : 1.570723e-08 / 5.303568e-01
PCG: 4 : 1.875801e-08 / 6.333668e-01
PCG: 5 : 2.100039e-08 / 7.090809e-01
PCG: 0 : 2.100041e-08
PCG: 1 : 1.826082e-08 / 8.695459e-01
PCG: 2 : 1.491298e-08 / 7.101279e-01
PCG: 3 : 1.547280e-08 / 7.367858e-01
PCG: 4 : 1.964173e-08 / 9.353023e-01
PCG: 5 : 2.525019e-08 / 1.202366e+00
PCG: 0 : 2.525020e-08
PCG: 1 : 1.897365e-08 / 7.514260e-01
PCG: 2 : 1.448324e-08 / 5.735891e-01
PCG: 3 : 1.340064e-08 / 5.307141e-01
PCG: 4 : 1.600408e-08 / 6.338201e-01
PCG: 5 : 1.790445e-08 / 7.090814e-01
PCG: 0 : 1.790442e-08
PCG: 1 : 1.557992e-08 / 8.701712e-01
PCG: 2 : 1.271886e-08 / 7.103752e-01
PCG: 3 : 1.319906e-08 / 7.371956e-01
PCG: 4 : 1.675398e-08 / 9.357450e-01
PCG: 5 : 2.152849e-08 / 1.202412e+00
PCG: 0 : 2.152849e-08
PCG: 1 : 1.618547e-08 / 7.518163e-01
PCG: 2 : 1.235183e-08 / 5.737435e-01
PCG: 3 : 1.143137e-08 / 5.309881e-01
PCG: 4 : 1.365506e-08 / 6.342788e-01
PCG: 5 : 1.526792e-08 / 7.091964e-01
PCG: 0 : 1.526792e-08
PCG: 1 : 1.329422e-08 / 8.707290e-01
PCG: 2 : 1.084934e-08 / 7.105975e-01
PCG: 3 : 1.125978e-08 / 7.374794e-01
PCG: 4 : 1.429331e-08 / 9.361665e-01
PCG: 5 : 1.835432e-08 / 1.202149e+00
PCG: 0 : 1.835431e-08
PCG: 1 : 1.380729e-08 / 7.522641e-01
PCG: 2 : 1.053676e-08 / 5.740752e-01
PCG: 3 : 9.751196e-09 / 5.312755e-01
PCG: 4 : 1.164820e-08 / 6.346299e-01
PCG: 5 : 1.301782e-08 / 7.092512e-01
PCG: 0 : 1.301782e-08
PCG: 1 : 1.134221e-08 / 8.712831e-01
PCG: 2 : 9.254741e-09 / 7.109286e-01
PCG: 3 : 9.607259e-09 / 7.380083e-01
PCG: 4 : 1.219217e-08 / 9.365752e-01
PCG: 5 : 1.565360e-08 / 1.202475e+00

PCG ( VCycle ( S: Scale / C: Scale )  )

Complete solver TOE: 68.1606
2.26441 GFlop/s [2.26441 GFlops/s]

Total time: 68.1606s
Accumulated op time: 65.7967

Reductions: 6.67219%
Blas-1: 6.9559%
Blas-2: 82.9037%
Precon Kernels: 0%
MPI Execution: 0%
MPI Wait: 0%
Not covered: 3.46816%

Domain size: 192.237 MByte
LA size: 482.108 MByte
MPI size: 10.6866 MByte

H0-Error: 4.484258e-07
H1-Error: 2.017209e-03

Writing DATA to output.data...
Run-Time: 1:10.415 [1:10.415]
0x31d198e880 Error: MemoryPool<CPU> still contains memory chunks on deconstructor call
