NUM-PROCS: 1
Preparing domain...
LVL-MIN: 5 [5]
LVL-MAX: 10 [10]
Creating gates...
Assembling system matrices...
Assembling system filters...
Assembling transfer matrices...
Converting assembled linear system from SparseMatrixCSR, Mem:main to SparseMatrixCSR, Mem:mainand to SparseMatrixCSR, Mem:main...
PCG:  0 : 9.466280e-03
PCG:  1 : 4.043862e-02 / 4.271860e+00
PCG:  2 : 4.478078e-02 / 4.730557e+00
PCG:  3 : 1.224985e-01 / 1.294051e+01
PCG:  4 : 2.085453e-01 / 2.203033e+01
PCG:  5 : 1.773998e-01 / 1.874018e+01
PCG:  6 : 1.608406e-01 / 1.699090e+01
PCG:  7 : 9.577692e-02 / 1.011769e+01
PCG:  8 : 7.004766e-02 / 7.399703e+00
PCG:  9 : 7.124367e-02 / 7.526047e+00
PCG: 10 : 4.837934e-02 / 5.110702e+00
PCG: 11 : 2.525395e-02 / 2.667780e+00
PCG: 12 : 1.057774e-02 / 1.117413e+00
PCG: 13 : 5.551098e-03 / 5.864075e-01
PCG: 14 : 2.897389e-03 / 3.060747e-01
PCG:  0 : 2.931967e-03
PCG:  1 : 1.728634e-03 / 5.895817e-01
PCG:  2 : 1.327296e-03 / 4.526982e-01
PCG:  3 : 1.217820e-03 / 4.153596e-01
PCG:  4 : 6.239585e-04 / 2.128122e-01
PCG:  5 : 1.085928e-03 / 3.703753e-01
PCG:  6 : 1.738296e-03 / 5.928771e-01
PCG:  7 : 1.328611e-03 / 4.531468e-01
PCG:  8 : 8.409552e-04 / 2.868229e-01
PCG:  9 : 9.574142e-04 / 3.265433e-01
PCG: 10 : 7.315872e-04 / 2.495210e-01
PCG: 11 : 3.122941e-04 / 1.065135e-01
PCG: 12 : 1.640022e-04 / 5.593589e-02
PCG: 13 : 1.380441e-04 / 4.708242e-02
PCG: 14 : 6.720320e-05 / 2.292086e-02
PCG:  0 : 6.720443e-05
PCG:  1 : 4.079712e-05 / 6.070601e-01
PCG:  2 : 2.523359e-05 / 3.754751e-01
PCG:  3 : 1.404925e-05 / 2.090525e-01
PCG:  4 : 1.658629e-05 / 2.468035e-01
PCG:  5 : 1.084942e-05 / 1.614391e-01
PCG:  6 : 7.112769e-06 / 1.058378e-01
PCG:  7 : 8.522313e-06 / 1.268118e-01
PCG:  8 : 4.922983e-06 / 7.325385e-02
PCG:  9 : 3.152504e-06 / 4.690917e-02
PCG: 10 : 1.750092e-06 / 2.604132e-02
PCG: 11 : 7.775938e-07 / 1.157057e-02
PCG: 12 : 4.015568e-07 / 5.975155e-03
PCG: 13 : 7.974411e-07 / 1.186590e-02
PCG: 14 : 1.402268e-06 / 2.086572e-02
PCG:  0 : 1.402267e-06
PCG:  1 : 7.657476e-07 / 5.460781e-01
PCG:  2 : 4.636898e-07 / 3.306715e-01
PCG:  3 : 5.299875e-07 / 3.779503e-01
PCG:  4 : 8.415817e-07 / 6.001578e-01
PCG:  5 : 9.201891e-07 / 6.562151e-01
PCG:  6 : 1.104782e-06 / 7.878542e-01
PCG:  7 : 7.606491e-07 / 5.424423e-01
PCG:  8 : 3.644415e-07 / 2.598944e-01
PCG:  9 : 3.453283e-07 / 2.462642e-01
PCG: 10 : 1.905497e-07 / 1.358868e-01
PCG: 11 : 1.418096e-07 / 1.011288e-01
PCG: 12 : 1.094772e-07 / 7.807154e-02
PCG: 13 : 1.405253e-07 / 1.002129e-01
PCG: 14 : 1.131780e-07 / 8.071068e-02
PCG:  0 : 1.131781e-07
PCG:  1 : 6.972992e-08 / 6.161081e-01
PCG:  2 : 4.333462e-08 / 3.828888e-01
PCG:  3 : 3.092974e-08 / 2.732838e-01
PCG:  4 : 4.039000e-08 / 3.568712e-01
PCG:  5 : 2.958699e-08 / 2.614198e-01
PCG:  6 : 2.395883e-08 / 2.116914e-01
PCG:  7 : 2.118045e-08 / 1.871427e-01
PCG:  8 : 1.847927e-08 / 1.632761e-01
PCG:  9 : 1.429347e-08 / 1.262918e-01
PCG: 10 : 9.324551e-09 / 8.238832e-02
PCG: 11 : 6.948022e-09 / 6.139018e-02
PCG: 12 : 6.139111e-09 / 5.424294e-02
PCG: 13 : 7.021543e-09 / 6.203979e-02
PCG: 14 : 6.742641e-09 / 5.957551e-02
PCG:  0 : 6.742649e-09
PCG:  1 : 3.612069e-09 / 5.357047e-01
PCG:  2 : 2.023312e-09 / 3.000767e-01
PCG:  3 : 1.539435e-09 / 2.283131e-01
PCG:  4 : 1.980634e-09 / 2.937471e-01
PCG:  5 : 2.214370e-09 / 3.284125e-01
PCG:  6 : 2.336576e-09 / 3.465369e-01
PCG:  7 : 1.973086e-09 / 2.926277e-01
PCG:  8 : 1.650447e-09 / 2.447772e-01
PCG:  9 : 1.700780e-09 / 2.522421e-01
PCG: 10 : 1.574405e-09 / 2.334995e-01
PCG: 11 : 8.862981e-10 / 1.314466e-01
PCG: 12 : 9.586270e-10 / 1.421736e-01
PCG: 13 : 9.138842e-10 / 1.355379e-01
PCG: 14 : 7.871508e-10 / 1.167421e-01

PCG ( VCycle ( S: Scale / C: Scale )  )

Complete solver TOE: 5.53678
2.29407 GFlop/s [2.29407 GFlops/s]

Total time: 5.53678s
Accumulated op time: 5.36046

Reductions: 6.506%
Blas-1: 6.87468%
Blas-2: 83.4347%
Precon Kernels: 0%
MPI Execution: 0%
MPI Wait: 0%
Not covered: 3.18458%

Domain size: 192.384 MByte
LA size: 483.107 MByte
MPI size: 10.695 MByte

H0-Error: 4.291348e-07
H1-Error: 2.017209e-03

Writing DATA to output.data...
Run-Time: 0:07.802 [0:07.802]
0x31d198e880 Error: MemoryPool<CPU> still contains memory chunks on deconstructor call
