NUM-PROCS: 1
Preparing domain...
LVL-MIN: 2 [2]
LVL-MAX: 8 [8]
Creating gates...
Assembling system matrices...
Assembling system filters...
Assembling transfer matrices...
Converting assembled linear system from SparseMatrixCSR, Mem:main to SparseMatrixELL, Mem:cudaand to SparseMatrixELL, Mem:cuda...
PCG: 0 : 3.788187e-02
PCG: 1 : 1.876157e-02 / 4.952652e-01
PCG: 2 : 1.023251e-02 / 2.701164e-01
PCG: 3 : 3.184915e-03 / 8.407491e-02
PCG: 4 : 5.391914e-04 / 1.423349e-02
PCG: 5 : 4.779093e-05 / 1.261578e-03
PCG: 6 : 5.752612e-06 / 1.518566e-04
PCG: 0 : 1.545372e-03
PCG: 1 : 1.556365e-04 / 1.007113e-01
PCG: 2 : 1.404035e-04 / 9.085418e-02
PCG: 3 : 1.039264e-05 / 6.725009e-03
PCG: 4 : 1.301783e-06 / 8.423749e-04
PCG: 5 : 1.547090e-07 / 1.001111e-04
PCG: 6 : 1.387907e-08 / 8.981052e-06
PCG: 0 : 1.468015e-08
PCG: 1 : 3.174044e-09 / 2.162133e-01
PCG: 2 : 1.159067e-09 / 7.895470e-02
PCG: 3 : 4.331039e-10 / 2.950268e-02
PCG: 4 : 4.924669e-11 / 3.354644e-03
PCG: 5 : 8.177239e-12 / 5.570268e-04
PCG: 6 : 1.271131e-12 / 8.658842e-05
PCG: 0 : 1.273062e-12
PCG: 1 : 2.883231e-13 / 2.264800e-01
PCG: 2 : 4.426748e-14 / 3.477244e-02
PCG: 3 : 1.228242e-14 / 9.647934e-03
PCG: 4 : 6.456655e-15 / 5.071753e-03
PCG: 5 : 1.090315e-15 / 8.564509e-04
PCG: 6 : 1.288290e-16 / 1.011961e-04

PCG ( VCycle ( S: Scale / C: Scale )  )

Complete solver TOE: 0.082002
2.86607 GFlop/s [2.86607 GFlops/s]

Total time: 0.082002s
Accumulated op time: 0.018906

Reductions: 19.6446%
Blas-1: 1.67191%
Blas-2: 1.73898%
Precon Kernels: 0%
MPI Execution: 0%
MPI Wait: 0%
Not covered: 76.9445%

Domain size: 12.1083 MByte
LA size: 30.3883 MByte
MPI size: 0.674538 MByte

H0-Error: 6.865389e-06
H1-Error: 8.068795e-03

Writing DATA to output.data...
Run-Time: 0:00.290 [0:00.290]
0x31d198e880 Error: MemoryPool<CUDA> still contains memory chunks on deconstructor call
