NUM-PROCS: 1
Preparing domain...
LVL-MIN: 3 [3]
LVL-MAX: 6 [6]
Creating gates...
Assembling system matrices...
Assembling system filters...
Assembling transfer matrices...
Converting assembled linear system from SparseMatrixCSR, Mem:main to SparseMatrixELL, Mem:cudaand to SparseMatrixELL, Mem:cuda...
PCG: 0 : 1.512630e-01
PCG: 1 : 1.459589e-01 / 9.649348e-01
PCG: 2 : 1.248541e-01 / 8.254109e-01
PCG: 3 : 6.604234e-02 / 4.366062e-01
PCG: 4 : 4.788425e-03 / 3.165630e-02
PCG: 5 : 7.243953e-04 / 4.788980e-03
PCG: 6 : 1.507042e-04 / 9.963062e-04
PCG: 7 : 2.013217e-05 / 1.330939e-04
PCG: 0 : 1.255464e-02
PCG: 1 : 2.765195e-03 / 2.202529e-01
PCG: 2 : 3.456420e-03 / 2.753102e-01
PCG: 3 : 2.697639e-03 / 2.148719e-01
PCG: 4 : 3.855088e-04 / 3.070649e-02
PCG: 5 : 9.226293e-05 / 7.348913e-03
PCG: 6 : 6.719180e-06 / 5.351952e-04
PCG: 7 : 1.291818e-06 / 1.028957e-04
PCG: 0 : 1.291325e-06
PCG: 1 : 3.147475e-07 / 2.437399e-01
PCG: 2 : 6.378877e-08 / 4.939790e-02
PCG: 3 : 8.525505e-09 / 6.602135e-03
PCG: 4 : 1.060739e-08 / 8.214341e-03
PCG: 5 : 2.311375e-09 / 1.789925e-03
PCG: 6 : 9.069265e-10 / 7.023222e-04
PCG: 7 : 1.222813e-09 / 9.469438e-04

PCG ( VCycle ( S: Scale / C: Scale )  )

Complete solver TOE: 0.021773
0.585948 GFlop/s [0.585948 GFlops/s]

Total time: 0.021773s
Accumulated op time: 0.006828

Reductions: 25.3433%
Blas-1: 3.17366%
Blas-2: 2.84297%
Precon Kernels: 0%
MPI Execution: 0%
MPI Wait: 0%
Not covered: 68.6401%

Domain size: 0.77301 MByte
LA size: 1.93474 MByte
MPI size: 0.0434265 MByte

H0-Error: 1.098306e-04
H1-Error: 3.227246e-02

Writing DATA to output.data...
Run-Time: 0:00.090 [0:00.090]
0x31d198e880 Error: MemoryPool<CUDA> still contains memory chunks on deconstructor call
