NUM-PROCS: 1
Preparing domain...
LVL-MIN: 4 [4]
LVL-MAX: 7 [7]
Creating gates...
Assembling system matrices...
Assembling system filters...
Assembling transfer matrices...
Converting assembled linear system from SparseMatrixCSR, Mem:main to SparseMatrixELL, Mem:cudaand to SparseMatrixELL, Mem:cuda...
PCG: 0 : 7.572471e-02
PCG: 1 : 1.425167e-01 / 1.882037e+00
PCG: 2 : 1.519177e-01 / 2.006183e+00
PCG: 3 : 2.774419e-01 / 3.663823e+00
PCG: 4 : 1.659770e-01 / 2.191848e+00
PCG: 5 : 4.541475e-02 / 5.997350e-01
PCG: 6 : 2.374841e-02 / 3.136151e-01
PCG: 7 : 7.070752e-03 / 9.337444e-02
PCG: 8 : 1.626907e-03 / 2.148449e-02
PCG: 9 : 7.442223e-04 / 9.827998e-03
PCG: 0 : 4.610728e-03
PCG: 1 : 8.529770e-04 / 1.849983e-01
PCG: 2 : 1.340890e-03 / 2.908196e-01
PCG: 3 : 4.581035e-04 / 9.935600e-02
PCG: 4 : 5.445280e-04 / 1.181002e-01
PCG: 5 : 4.974179e-04 / 1.078827e-01
PCG: 6 : 4.625397e-04 / 1.003181e-01
PCG: 7 : 2.901434e-04 / 6.292789e-02
PCG: 8 : 9.638446e-05 / 2.090439e-02
PCG: 9 : 6.403995e-05 / 1.388934e-02
PCG: 0 : 6.403996e-05
PCG: 1 : 4.999875e-05 / 7.807429e-01
PCG: 2 : 1.925408e-05 / 3.006573e-01
PCG: 3 : 6.718131e-06 / 1.049053e-01
PCG: 4 : 3.946233e-06 / 6.162142e-02
PCG: 5 : 3.606986e-06 / 5.632399e-02
PCG: 6 : 1.471732e-06 / 2.298146e-02
PCG: 7 : 1.706312e-06 / 2.664449e-02
PCG: 8 : 1.302584e-06 / 2.034018e-02
PCG: 9 : 2.720923e-06 / 4.248789e-02
PCG: 0 : 2.720924e-06
PCG: 1 : 9.196328e-07 / 3.379855e-01
PCG: 2 : 7.178705e-07 / 2.638334e-01
PCG: 3 : 3.267039e-07 / 1.200709e-01
PCG: 4 : 5.856041e-07 / 2.152225e-01
PCG: 5 : 3.084805e-07 / 1.133735e-01
PCG: 6 : 2.877785e-07 / 1.057650e-01
PCG: 7 : 2.329321e-07 / 8.560774e-02
PCG: 8 : 1.328177e-07 / 4.881345e-02
PCG: 9 : 5.971941e-08 / 2.194821e-02
PCG: 0 : 5.971937e-08
PCG: 1 : 4.418844e-08 / 7.399347e-01
PCG: 2 : 1.275985e-08 / 2.136635e-01
PCG: 3 : 5.875326e-09 / 9.838226e-02
PCG: 4 : 3.117910e-09 / 5.220935e-02
PCG: 5 : 3.586667e-09 / 6.005869e-02
PCG: 6 : 1.860349e-09 / 3.115151e-02
PCG: 7 : 1.645139e-09 / 2.754783e-02
PCG: 8 : 1.144400e-09 / 1.916296e-02
PCG: 9 : 2.195635e-09 / 3.676588e-02
PCG: 0 : 2.195637e-09
PCG: 1 : 7.642771e-10 / 3.480891e-01
PCG: 2 : 5.712980e-10 / 2.601970e-01
PCG: 3 : 5.007537e-10 / 2.280677e-01
PCG: 4 : 6.816715e-10 / 3.104665e-01
PCG: 5 : 3.154624e-10 / 1.436770e-01
PCG: 6 : 2.695084e-10 / 1.227473e-01
PCG: 7 : 2.149124e-10 / 9.788159e-02
PCG: 8 : 1.309832e-10 / 5.965615e-02
PCG: 9 : 1.284185e-10 / 5.848806e-02

PCG ( VCycle ( S: Scale / C: Scale )  )

Complete solver TOE: 0.050254
2.56286 GFlop/s [2.56286 GFlops/s]

Total time: 0.050254s
Accumulated op time: 0.019475

Reductions: 31.3965%
Blas-1: 3.85243%
Blas-2: 3.5042%
Precon Kernels: 0%
MPI Execution: 0%
MPI Wait: 0%
Not covered: 61.2469%

Domain size: 3.03986 MByte
LA size: 7.57693 MByte
MPI size: 0.169769 MByte

H0-Error: 2.746076e-05
H1-Error: 1.613732e-02

Writing DATA to output.data...
Run-Time: 0:00.127 [0:00.127]
0x31d198e880 Error: MemoryPool<CUDA> still contains memory chunks on deconstructor call
