NUM-PROCS: 1
Preparing domain...
LVL-MIN: 6 [6]
LVL-MAX: 7 [7]
Creating gates...
Assembling system matrices...
Assembling system filters...
Assembling transfer matrices...
Converting assembled linear system from SparseMatrixCSR, Mem:main to SparseMatrixCSR, Mem:mainand to SparseMatrixCSR, Mem:main...
PCG: 0 : 7.572460e-02
PCG: 1 : 5.481830e-01 / 7.239166e+00
PCG: 2 : 3.386437e-01 / 4.472043e+00
PCG: 3 : 3.418416e-01 / 4.514275e+00
PCG: 4 : 3.158057e-01 / 4.170451e+00
PCG: 5 : 2.220267e-01 / 2.932029e+00
PCG: 6 : 2.052092e-01 / 2.709941e+00
PCG: 0 : 2.060018e-01
PCG: 1 : 1.787333e-01 / 8.676299e-01
PCG: 2 : 1.899661e-01 / 9.221575e-01
PCG: 3 : 1.629209e-01 / 7.908713e-01
PCG: 4 : 1.800764e-01 / 8.741499e-01
PCG: 5 : 2.583845e-01 / 1.254283e+00
PCG: 6 : 2.252933e-01 / 1.093647e+00
PCG: 0 : 2.252932e-01
PCG: 1 : 1.231867e-01 / 5.467840e-01
PCG: 2 : 1.015656e-01 / 4.508153e-01
PCG: 3 : 8.248614e-02 / 3.661280e-01
PCG: 4 : 9.130220e-02 / 4.052595e-01
PCG: 5 : 8.464307e-02 / 3.757019e-01
PCG: 6 : 8.772032e-02 / 3.893607e-01
PCG: 0 : 8.772033e-02
PCG: 1 : 6.525284e-02 / 7.438736e-01
PCG: 2 : 6.793440e-02 / 7.744430e-01
PCG: 3 : 5.682826e-02 / 6.478345e-01
PCG: 4 : 6.430165e-02 / 7.330302e-01
PCG: 5 : 7.540991e-02 / 8.596628e-01
PCG: 6 : 1.066783e-01 / 1.216118e+00
PCG: 0 : 1.066783e-01
PCG: 1 : 6.228416e-02 / 5.838501e-01
PCG: 2 : 5.268342e-02 / 4.938532e-01
PCG: 3 : 4.454507e-02 / 4.175644e-01
PCG: 4 : 5.032629e-02 / 4.717574e-01
PCG: 5 : 4.739007e-02 / 4.442334e-01
PCG: 6 : 5.650601e-02 / 5.296860e-01
PCG: 0 : 5.650602e-02
PCG: 1 : 4.339143e-02 / 7.679081e-01
PCG: 2 : 4.423136e-02 / 7.827725e-01
PCG: 3 : 3.777653e-02 / 6.685400e-01
PCG: 4 : 4.303953e-02 / 7.616804e-01
PCG: 5 : 5.127271e-02 / 9.073850e-01
PCG: 6 : 7.705620e-02 / 1.363681e+00
PCG: 0 : 7.705620e-02
PCG: 1 : 4.632756e-02 / 6.012178e-01
PCG: 2 : 3.889627e-02 / 5.047780e-01
PCG: 3 : 3.367541e-02 / 4.370240e-01
PCG: 4 : 3.772894e-02 / 4.896288e-01
PCG: 5 : 3.605012e-02 / 4.678420e-01
PCG: 6 : 4.276716e-02 / 5.550126e-01
PCG: 0 : 4.276717e-02
PCG: 1 : 3.382935e-02 / 7.910121e-01
PCG: 2 : 3.424729e-02 / 8.007845e-01
PCG: 3 : 2.977077e-02 / 6.961126e-01
PCG: 4 : 3.345277e-02 / 7.822068e-01
PCG: 5 : 3.995541e-02 / 9.342543e-01
PCG: 6 : 5.912059e-02 / 1.382383e+00
PCG: 0 : 5.912059e-02
PCG: 1 : 3.653809e-02 / 6.180266e-01
PCG: 2 : 3.071887e-02 / 5.195968e-01
PCG: 3 : 2.706335e-02 / 4.577651e-01
PCG: 4 : 2.991106e-02 / 5.059330e-01
PCG: 5 : 2.868997e-02 / 4.852788e-01
PCG: 6 : 3.295902e-02 / 5.574880e-01
PCG: 0 : 3.295902e-02
PCG: 1 : 2.689987e-02 / 8.161611e-01
PCG: 2 : 2.728652e-02 / 8.278922e-01
PCG: 3 : 2.407565e-02 / 7.304723e-01
PCG: 4 : 2.667858e-02 / 8.094470e-01
PCG: 5 : 3.172445e-02 / 9.625422e-01
PCG: 6 : 4.556542e-02 / 1.382487e+00
PCG: 0 : 4.556542e-02
PCG: 1 : 2.896772e-02 / 6.357391e-01
PCG: 2 : 2.453814e-02 / 5.385254e-01
PCG: 3 : 2.192280e-02 / 4.811279e-01
PCG: 4 : 2.393872e-02 / 5.253704e-01
PCG: 5 : 2.294751e-02 / 5.036168e-01
PCG: 6 : 2.541812e-02 / 5.578378e-01
PCG: 0 : 2.541812e-02
PCG: 1 : 2.142564e-02 / 8.429277e-01
PCG: 2 : 2.186594e-02 / 8.602501e-01
PCG: 3 : 1.953344e-02 / 7.684849e-01
PCG: 4 : 2.139261e-02 / 8.416284e-01
PCG: 5 : 2.521398e-02 / 9.919686e-01
PCG: 6 : 3.512836e-02 / 1.382020e+00
PCG: 0 : 3.512836e-02
PCG: 1 : 2.297335e-02 / 6.539829e-01
PCG: 2 : 1.968789e-02 / 5.604556e-01
PCG: 3 : 1.778201e-02 / 5.062009e-01
PCG: 4 : 1.921920e-02 / 5.471134e-01
PCG: 5 : 1.834211e-02 / 5.221453e-01
PCG: 6 : 1.961228e-02 / 5.583034e-01
PCG: 0 : 1.961229e-02
PCG: 1 : 1.707445e-02 / 8.705994e-01
PCG: 2 : 1.757810e-02 / 8.962798e-01
PCG: 3 : 1.585410e-02 / 8.083758e-01
PCG: 4 : 1.719784e-02 / 8.768911e-01
PCG: 5 : 2.001235e-02 / 1.020398e+00
PCG: 6 : 2.711738e-02 / 1.382673e+00
PCG: 0 : 2.711738e-02
PCG: 1 : 1.822716e-02 / 6.721580e-01
PCG: 2 : 1.584541e-02 / 5.843269e-01
PCG: 3 : 1.441766e-02 / 5.316762e-01
PCG: 4 : 1.545333e-02 / 5.698682e-01
PCG: 5 : 1.463451e-02 / 5.396729e-01
PCG: 6 : 1.516104e-02 / 5.590894e-01
PCG: 0 : 1.516104e-02
PCG: 1 : 1.361850e-02 / 8.982562e-01
PCG: 2 : 1.416297e-02 / 9.341688e-01
PCG: 3 : 1.285787e-02 / 8.480864e-01
PCG: 4 : 1.384477e-02 / 9.131811e-01
PCG: 5 : 1.585694e-02 / 1.045901e+00
PCG: 6 : 2.099249e-02 / 1.384634e+00
PCG: 0 : 2.099250e-02
PCG: 1 : 1.447548e-02 / 6.895550e-01
PCG: 2 : 1.277881e-02 / 6.087325e-01
PCG: 3 : 1.167498e-02 / 5.561502e-01
PCG: 4 : 1.243271e-02 / 5.922453e-01
PCG: 5 : 1.165809e-02 / 5.553456e-01
PCG: 6 : 1.176086e-02 / 5.602410e-01
PCG: 0 : 1.176086e-02
PCG: 1 : 1.087764e-02 / 9.249023e-01
PCG: 2 : 1.142166e-02 / 9.711585e-01
PCG: 3 : 1.041688e-02 / 8.857248e-01
PCG: 4 : 1.115259e-02 / 9.482801e-01
PCG: 5 : 1.254152e-02 / 1.066378e+00
PCG: 6 : 1.632620e-02 / 1.388181e+00
PCG: 0 : 1.632620e-02
PCG: 1 : 1.150937e-02 / 7.049633e-01
PCG: 2 : 1.030952e-02 / 6.314707e-01
PCG: 3 : 9.443321e-03 / 5.784152e-01
PCG: 4 : 1.000022e-02 / 6.125262e-01
PCG: 5 : 9.277198e-03 / 5.682400e-01
PCG: 6 : 9.172447e-03 / 5.618238e-01
PCG: 0 : 9.172446e-03
PCG: 1 : 8.704755e-03 / 9.490113e-01
PCG: 2 : 9.193571e-03 / 1.002303e+00
PCG: 3 : 8.445580e-03 / 9.207554e-01
PCG: 4 : 8.984859e-03 / 9.795489e-01
PCG: 5 : 9.883913e-03 / 1.077566e+00
PCG: 6 : 1.280246e-02 / 1.395752e+00
PCG: 0 : 1.280246e-02
PCG: 1 : 9.155598e-03 / 7.151434e-01
PCG: 2 : 8.294364e-03 / 6.478726e-01
PCG: 3 : 7.652530e-03 / 5.977389e-01
PCG: 4 : 8.032488e-03 / 6.274174e-01
PCG: 5 : 7.377278e-03 / 5.762390e-01
PCG: 6 : 7.218010e-03 / 5.637985e-01
PCG: 0 : 7.218009e-03
PCG: 1 : 6.980798e-03 / 9.671362e-01
PCG: 2 : 7.341626e-03 / 1.017126e+00
PCG: 3 : 6.900681e-03 / 9.560366e-01
PCG: 4 : 7.223825e-03 / 1.000806e+00
PCG: 5 : 7.724172e-03 / 1.070125e+00
PCG: 6 : 1.019429e-02 / 1.412341e+00
PCG: 0 : 1.019429e-02
PCG: 1 : 7.265321e-03 / 7.126852e-01
PCG: 2 : 6.613578e-03 / 6.487531e-01
PCG: 3 : 6.263180e-03 / 6.143811e-01
PCG: 4 : 6.416619e-03 / 6.294326e-01
PCG: 5 : 5.865734e-03 / 5.753940e-01
PCG: 6 : 5.755514e-03 / 5.645821e-01
PCG: 0 : 5.755513e-03
PCG: 1 : 5.597007e-03 / 9.724603e-01
PCG: 2 : 5.791563e-03 / 1.006264e+00
PCG: 3 : 5.734343e-03 / 9.963218e-01
PCG: 4 : 5.735428e-03 / 9.965103e-01
PCG: 5 : 6.019040e-03 / 1.045787e+00
PCG: 6 : 8.253374e-03 / 1.433995e+00
PCG: 0 : 8.253375e-03
PCG: 1 : 5.739077e-03 / 6.953612e-01
PCG: 2 : 5.210551e-03 / 6.313237e-01
PCG: 3 : 5.194440e-03 / 6.293716e-01
PCG: 4 : 5.058578e-03 / 6.129102e-01
PCG: 5 : 4.679819e-03 / 5.670188e-01
PCG: 6 : 4.612695e-03 / 5.588859e-01
PCG: 0 : 4.612694e-03
PCG: 1 : 4.467306e-03 / 9.684807e-01
PCG: 2 : 4.586589e-03 / 9.943404e-01
PCG: 3 : 4.773280e-03 / 1.034814e+00
PCG: 4 : 4.493350e-03 / 9.741270e-01
PCG: 5 : 4.777460e-03 / 1.035720e+00
PCG: 6 : 6.666420e-03 / 1.445233e+00
PCG: 0 : 6.666420e-03
PCG: 1 : 4.557575e-03 / 6.836615e-01
PCG: 2 : 4.113738e-03 / 6.170835e-01
PCG: 3 : 4.280350e-03 / 6.420763e-01
PCG: 4 : 3.980328e-03 / 5.970713e-01
PCG: 5 : 3.740317e-03 / 5.610684e-01
PCG: 6 : 3.676886e-03 / 5.515533e-01
PCG: 0 : 3.676885e-03
PCG: 1 : 3.569357e-03 / 9.707558e-01
PCG: 2 : 3.682062e-03 / 1.001408e+00
PCG: 3 : 3.899291e-03 / 1.060488e+00
PCG: 4 : 3.566305e-03 / 9.699256e-01
PCG: 5 : 3.830937e-03 / 1.041897e+00
PCG: 6 : 5.341220e-03 / 1.452648e+00
PCG: 0 : 5.341220e-03
PCG: 1 : 3.648909e-03 / 6.831602e-01
PCG: 2 : 3.288206e-03 / 6.156282e-01
PCG: 3 : 3.470193e-03 / 6.497004e-01
PCG: 4 : 3.175213e-03 / 5.944732e-01
PCG: 5 : 2.987214e-03 / 5.592756e-01
PCG: 6 : 2.929450e-03 / 5.484607e-01
PCG: 0 : 2.929450e-03
PCG: 1 : 2.861142e-03 / 9.766823e-01
PCG: 2 : 2.967523e-03 / 1.012997e+00
PCG: 3 : 3.149527e-03 / 1.075126e+00
PCG: 4 : 2.860786e-03 / 9.765609e-01
PCG: 5 : 3.072023e-03 / 1.048669e+00
PCG: 6 : 4.270015e-03 / 1.457617e+00
PCG: 0 : 4.270016e-03
PCG: 1 : 2.928605e-03 / 6.858534e-01
PCG: 2 : 2.642470e-03 / 6.188431e-01
PCG: 3 : 2.794559e-03 / 6.544609e-01
PCG: 4 : 2.549023e-03 / 5.969585e-01
PCG: 5 : 2.389851e-03 / 5.596818e-01
PCG: 6 : 2.338109e-03 / 5.475644e-01
PCG: 0 : 2.338110e-03
PCG: 1 : 2.297397e-03 / 9.825874e-01
PCG: 2 : 2.390603e-03 / 1.022451e+00
PCG: 3 : 2.534877e-03 / 1.084157e+00
PCG: 4 : 2.300219e-03 / 9.837942e-01
PCG: 5 : 2.462731e-03 / 1.053300e+00
PCG: 6 : 3.414102e-03 / 1.460198e+00
PCG: 0 : 3.414103e-03
PCG: 1 : 2.351805e-03 / 6.888502e-01
PCG: 2 : 2.125527e-03 / 6.225727e-01
PCG: 3 : 2.246393e-03 / 6.579748e-01
PCG: 4 : 2.048836e-03 / 6.001097e-01
PCG: 5 : 1.914923e-03 / 5.608861e-01
PCG: 6 : 1.868986e-03 / 5.474311e-01
PCG: 0 : 1.868986e-03
PCG: 1 : 1.846008e-03 / 9.877059e-01
PCG: 2 : 1.924247e-03 / 1.029567e+00
PCG: 3 : 2.037623e-03 / 1.090229e+00
PCG: 4 : 1.849949e-03 / 9.898143e-01
PCG: 5 : 1.974622e-03 / 1.056521e+00
PCG: 6 : 2.731623e-03 / 1.461553e+00
PCG: 0 : 2.731623e-03
PCG: 1 : 1.888948e-03 / 6.915113e-01
PCG: 2 : 1.709523e-03 / 6.258269e-01
PCG: 3 : 1.804597e-03 / 6.606318e-01
PCG: 4 : 1.646954e-03 / 6.029215e-01
PCG: 5 : 1.535809e-03 / 5.622330e-01
PCG: 6 : 1.495669e-03 / 5.475385e-01
PCG: 0 : 1.495669e-03
PCG: 1 : 1.483720e-03 / 9.920114e-01
PCG: 2 : 1.547892e-03 / 1.034916e+00
PCG: 3 : 1.636958e-03 / 1.094465e+00
PCG: 4 : 1.487670e-03 / 9.946523e-01
PCG: 5 : 1.583764e-03 / 1.058900e+00
PCG: 6 : 2.187272e-03 / 1.462404e+00
PCG: 0 : 2.187272e-03
PCG: 1 : 1.517373e-03 / 6.937286e-01
PCG: 2 : 1.374617e-03 / 6.284619e-01
PCG: 3 : 1.449309e-03 / 6.626104e-01
PCG: 4 : 1.323837e-03 / 6.052456e-01
PCG: 5 : 1.232469e-03 / 5.634733e-01
PCG: 6 : 1.197953e-03 / 5.476929e-01
PCG: 0 : 1.197953e-03
PCG: 1 : 1.192644e-03 / 9.955685e-01
PCG: 2 : 1.244626e-03 / 1.038960e+00
PCG: 3 : 1.314682e-03 / 1.097440e+00
PCG: 4 : 1.196123e-03 / 9.984723e-01
PCG: 5 : 1.270679e-03 / 1.060709e+00
PCG: 6 : 1.752412e-03 / 1.462838e+00
PCG: 0 : 1.752412e-03
PCG: 1 : 1.218966e-03 / 6.955935e-01
PCG: 2 : 1.105003e-03 / 6.305614e-01
PCG: 3 : 1.163758e-03 / 6.640896e-01
PCG: 4 : 1.063976e-03 / 6.071498e-01
PCG: 5 : 9.893436e-04 / 5.645612e-01
PCG: 6 : 9.601071e-04 / 5.478777e-01
PCG: 0 : 9.601069e-04
PCG: 1 : 9.586458e-04 / 9.984782e-01
PCG: 2 : 1.000465e-03 / 1.042035e+00
PCG: 3 : 1.055720e-03 / 1.099586e+00
PCG: 4 : 9.615837e-04 / 1.001538e+00
PCG: 5 : 1.019760e-03 / 1.062132e+00
PCG: 6 : 1.404739e-03 / 1.463107e+00
PCG: 0 : 1.404739e-03
PCG: 1 : 9.792717e-04 / 6.971203e-01
PCG: 2 : 8.880989e-04 / 6.322165e-01
PCG: 3 : 9.344036e-04 / 6.651797e-01
PCG: 4 : 8.550195e-04 / 6.086681e-01
PCG: 5 : 7.943649e-04 / 5.654895e-01
PCG: 6 : 7.698733e-04 / 5.480545e-01
PCG: 0 : 7.698733e-04
PCG: 1 : 7.705369e-04 / 1.000862e+00
PCG: 2 : 8.040110e-04 / 1.044342e+00
PCG: 3 : 8.476918e-04 / 1.101080e+00
PCG: 4 : 7.729284e-04 / 1.003968e+00
PCG: 5 : 8.185779e-04 / 1.063263e+00
PCG: 6 : 1.126554e-03 / 1.463298e+00
PCG: 0 : 1.126554e-03
PCG: 1 : 7.867267e-04 / 6.983482e-01
PCG: 2 : 7.136512e-04 / 6.334817e-01
PCG: 3 : 7.502324e-04 / 6.659535e-01
PCG: 4 : 6.870290e-04 / 6.098502e-01
PCG: 5 : 6.379019e-04 / 5.662419e-01
PCG: 6 : 6.175747e-04 / 5.481982e-01
PCG: 0 : 6.175748e-04
PCG: 1 : 6.192853e-04 / 1.002770e+00
PCG: 2 : 6.460078e-04 / 1.046040e+00
PCG: 3 : 6.806416e-04 / 1.102120e+00
PCG: 4 : 6.212016e-04 / 1.005873e+00
PCG: 5 : 6.571810e-04 / 1.064132e+00
PCG: 6 : 9.037993e-04 / 1.463465e+00
PCG: 0 : 9.037995e-04
PCG: 1 : 6.320392e-04 / 6.993135e-01
PCG: 2 : 5.734001e-04 / 6.344329e-01
PCG: 3 : 6.023733e-04 / 6.664900e-01
PCG: 4 : 5.519901e-04 / 6.107440e-01
PCG: 5 : 5.123162e-04 / 5.668472e-01
PCG: 6 : 4.955603e-04 / 5.483078e-01
PCG: 0 : 4.955603e-04
PCG: 1 : 4.976993e-04 / 1.004316e+00
PCG: 2 : 5.189940e-04 / 1.047287e+00
PCG: 3 : 5.465159e-04 / 1.102824e+00
PCG: 4 : 4.992072e-04 / 1.007359e+00
PCG: 5 : 5.276836e-04 / 1.064822e+00
PCG: 6 : 7.252853e-04 / 1.463566e+00
PCG: 0 : 7.252852e-04
PCG: 1 : 5.077618e-04 / 7.000857e-01
PCG: 2 : 4.606623e-04 / 6.351464e-01
PCG: 3 : 4.836645e-04 / 6.668612e-01
PCG: 4 : 4.434588e-04 / 6.114268e-01
PCG: 5 : 4.114886e-04 / 5.673473e-01
PCG: 6 : 3.977610e-04 / 5.484201e-01
PCG: 0 : 3.977610e-04
PCG: 1 : 3.999583e-04 / 1.005524e+00
PCG: 2 : 4.169118e-04 / 1.048146e+00
PCG: 3 : 4.388248e-04 / 1.103237e+00
PCG: 4 : 4.011285e-04 / 1.008466e+00
PCG: 5 : 4.237403e-04 / 1.065314e+00
PCG: 6 : 5.821420e-04 / 1.463547e+00
PCG: 0 : 5.821418e-04
PCG: 1 : 4.079142e-04 / 7.007127e-01
PCG: 2 : 3.700583e-04 / 6.356842e-01
PCG: 3 : 3.883547e-04 / 6.671136e-01
PCG: 4 : 3.562426e-04 / 6.119516e-01
PCG: 5 : 3.305127e-04 / 5.677530e-01
PCG: 6 : 3.193258e-04 / 5.485362e-01
PCG: 0 : 3.193258e-04
PCG: 1 : 3.213887e-04 / 1.006460e+00
PCG: 2 : 3.348836e-04 / 1.048721e+00
PCG: 3 : 3.523690e-04 / 1.103478e+00
PCG: 4 : 3.222923e-04 / 1.009290e+00
PCG: 5 : 3.403003e-04 / 1.065684e+00
PCG: 6 : 4.673539e-04 / 1.463565e+00
PCG: 0 : 4.673539e-04
PCG: 1 : 3.276975e-04 / 7.011763e-01
PCG: 2 : 2.972600e-04 / 6.360491e-01
PCG: 3 : 3.118396e-04 / 6.672450e-01
PCG: 4 : 2.861608e-04 / 6.123000e-01
PCG: 5 : 2.654842e-04 / 5.680581e-01
PCG: 6 : 2.563988e-04 / 5.486181e-01
PCG: 0 : 2.563988e-04
PCG: 1 : 2.582441e-04 / 1.007197e+00
PCG: 2 : 2.689825e-04 / 1.049079e+00
PCG: 3 : 2.829532e-04 / 1.103567e+00
PCG: 4 : 2.589328e-04 / 1.009883e+00
PCG: 5 : 2.733048e-04 / 1.065936e+00
PCG: 6 : 3.752568e-04 / 1.463567e+00
PCG: 0 : 3.752569e-04
PCG: 1 : 2.632481e-04 / 7.015143e-01
PCG: 2 : 2.387683e-04 / 6.362797e-01
PCG: 3 : 2.504048e-04 / 6.672891e-01
PCG: 4 : 2.298559e-04 / 6.125295e-01
PCG: 5 : 2.132600e-04 / 5.683041e-01
PCG: 6 : 2.059012e-04 / 5.486940e-01
PCG: 0 : 2.059012e-04
PCG: 1 : 2.074971e-04 / 1.007751e+00
PCG: 2 : 2.160391e-04 / 1.049237e+00
PCG: 3 : 2.272169e-04 / 1.103524e+00
PCG: 4 : 2.080160e-04 / 1.010271e+00
PCG: 5 : 2.195088e-04 / 1.066088e+00
PCG: 6 : 3.013415e-04 / 1.463525e+00
PCG: 0 : 3.013415e-04
PCG: 1 : 2.114742e-04 / 7.017758e-01
PCG: 2 : 1.917814e-04 / 6.364255e-01
PCG: 3 : 2.010806e-04 / 6.672847e-01
PCG: 4 : 1.846229e-04 / 6.126700e-01
PCG: 5 : 1.713106e-04 / 5.684933e-01
PCG: 6 : 1.653677e-04 / 5.487718e-01
PCG: 0 : 1.653677e-04
PCG: 1 : 1.667147e-04 / 1.008146e+00
PCG: 2 : 1.735095e-04 / 1.049234e+00
PCG: 3 : 1.824622e-04 / 1.103373e+00
PCG: 4 : 1.671016e-04 / 1.010485e+00
PCG: 5 : 1.763056e-04 / 1.066143e+00
PCG: 6 : 2.420068e-04 / 1.463447e+00
PCG: 0 : 2.420067e-04
PCG: 1 : 1.698789e-04 / 7.019596e-01
PCG: 2 : 1.540356e-04 / 6.364930e-01
PCG: 3 : 1.614730e-04 / 6.672250e-01
PCG: 4 : 1.482849e-04 / 6.127303e-01
PCG: 5 : 1.376186e-04 / 5.686561e-01
PCG: 6 : 1.328291e-04 / 5.488651e-01
PCG: 0 : 1.328290e-04
PCG: 1 : 1.339485e-04 / 1.008428e+00
PCG: 2 : 1.393512e-04 / 1.049102e+00
PCG: 3 : 1.465273e-04 / 1.103127e+00
PCG: 4 : 1.342318e-04 / 1.010561e+00
PCG: 5 : 1.416125e-04 / 1.066126e+00
PCG: 6 : 1.943708e-04 / 1.463315e+00
PCG: 0 : 1.943708e-04
PCG: 1 : 1.364643e-04 / 7.020821e-01
PCG: 2 : 1.237158e-04 / 6.364939e-01
PCG: 3 : 1.296710e-04 / 6.671320e-01
PCG: 4 : 1.190967e-04 / 6.127294e-01
PCG: 5 : 1.105534e-04 / 5.687760e-01
PCG: 6 : 1.067006e-04 / 5.489540e-01
PCG: 0 : 1.067006e-04
PCG: 1 : 1.076171e-04 / 1.008589e+00
PCG: 2 : 1.119152e-04 / 1.048871e+00
PCG: 3 : 1.176711e-04 / 1.102815e+00
PCG: 4 : 1.078217e-04 / 1.010507e+00
PCG: 5 : 1.137485e-04 / 1.066053e+00
PCG: 6 : 1.561268e-04 / 1.463222e+00
PCG: 0 : 1.561267e-04
PCG: 1 : 1.096216e-04 / 7.021324e-01
PCG: 2 : 9.936291e-05 / 6.364247e-01
PCG: 3 : 1.041339e-04 / 6.669829e-01
PCG: 4 : 9.565245e-05 / 6.126590e-01
PCG: 5 : 8.881265e-05 / 5.688497e-01
PCG: 6 : 8.571710e-05 / 5.490226e-01
PCG: 0 : 8.571711e-05
PCG: 1 : 8.646183e-05 / 1.008688e+00
PCG: 2 : 8.988078e-05 / 1.048575e+00
PCG: 3 : 9.450000e-05 / 1.102464e+00
PCG: 4 : 8.660658e-05 / 1.010377e+00
PCG: 5 : 9.137111e-05 / 1.065961e+00
PCG: 6 : 1.254183e-04 / 1.463166e+00
PCG: 0 : 1.254183e-04
PCG: 1 : 8.805995e-05 / 7.021298e-01
PCG: 2 : 7.980215e-05 / 6.362877e-01
PCG: 3 : 8.362506e-05 / 6.667691e-01
PCG: 4 : 7.682083e-05 / 6.125168e-01
PCG: 5 : 7.134646e-05 / 5.688679e-01
PCG: 6 : 6.886316e-05 / 5.490678e-01
PCG: 0 : 6.886316e-05
PCG: 1 : 6.946221e-05 / 1.008699e+00
PCG: 2 : 7.218251e-05 / 1.048202e+00
PCG: 3 : 7.589085e-05 / 1.102053e+00
PCG: 4 : 6.956424e-05 / 1.010181e+00
PCG: 5 : 7.339600e-05 / 1.065824e+00
PCG: 6 : 1.007549e-04 / 1.463117e+00
PCG: 0 : 1.007549e-04
PCG: 1 : 7.073887e-05 / 7.020889e-01
PCG: 2 : 6.409268e-05 / 6.361249e-01
PCG: 3 : 6.715731e-05 / 6.665416e-01
PCG: 4 : 6.169628e-05 / 6.123405e-01
PCG: 5 : 5.731725e-05 / 5.688782e-01
PCG: 6 : 5.532653e-05 / 5.491202e-01
PCG: 0 : 5.532655e-05
PCG: 1 : 5.580505e-05 / 1.008649e+00
PCG: 2 : 5.796891e-05 / 1.047759e+00
PCG: 3 : 6.094760e-05 / 1.101598e+00
PCG: 4 : 5.587460e-05 / 1.009906e+00
PCG: 5 : 5.895918e-05 / 1.065658e+00
PCG: 6 : 8.094753e-05 / 1.463087e+00
PCG: 0 : 8.094756e-05
PCG: 1 : 5.682605e-05 / 7.020106e-01
PCG: 2 : 5.147537e-05 / 6.359101e-01
PCG: 3 : 5.393297e-05 / 6.662706e-01
PCG: 4 : 4.954862e-05 / 6.121076e-01
PCG: 5 : 4.604741e-05 / 5.688549e-01
PCG: 6 : 4.445315e-05 / 5.491599e-01
PCG: 0 : 4.445314e-05
PCG: 1 : 4.483358e-05 / 1.008558e+00
PCG: 2 : 4.655414e-05 / 1.047263e+00
PCG: 3 : 4.894672e-05 / 1.101086e+00
PCG: 4 : 4.487900e-05 / 1.009580e+00
PCG: 5 : 4.736394e-05 / 1.065480e+00
PCG: 6 : 6.503626e-05 / 1.463029e+00
PCG: 0 : 6.503627e-05
PCG: 1 : 4.565010e-05 / 7.019175e-01
PCG: 2 : 4.134205e-05 / 6.356767e-01
PCG: 3 : 4.331265e-05 / 6.659768e-01
PCG: 4 : 3.979303e-05 / 6.118591e-01
PCG: 5 : 3.699373e-05 / 5.688169e-01
PCG: 6 : 3.571803e-05 / 5.492017e-01
PCG: 0 : 3.571803e-05
PCG: 1 : 3.601857e-05 / 1.008414e+00
PCG: 2 : 3.738676e-05 / 1.046719e+00
PCG: 3 : 3.930834e-05 / 1.100518e+00
PCG: 4 : 3.604580e-05 / 1.009176e+00
PCG: 5 : 3.804943e-05 / 1.065272e+00
PCG: 6 : 5.225285e-05 / 1.462926e+00
PCG: 0 : 5.225285e-05
PCG: 1 : 3.667188e-05 / 7.018158e-01
PCG: 2 : 3.320204e-05 / 6.354110e-01
PCG: 3 : 3.478264e-05 / 6.656600e-01
PCG: 4 : 3.195751e-05 / 6.115936e-01
PCG: 5 : 2.972002e-05 / 5.687732e-01
PCG: 6 : 2.870062e-05 / 5.492641e-01
PCG: 0 : 2.870063e-05
PCG: 1 : 2.893678e-05 / 1.008228e+00
PCG: 2 : 3.002480e-05 / 1.046138e+00
PCG: 3 : 3.156800e-05 / 1.099906e+00
PCG: 4 : 2.895114e-05 / 1.008729e+00
PCG: 5 : 3.056691e-05 / 1.065026e+00
PCG: 6 : 4.198622e-05 / 1.462903e+00
PCG: 0 : 4.198622e-05
PCG: 1 : 2.945963e-05 / 7.016499e-01
PCG: 2 : 2.666515e-05 / 6.350929e-01
PCG: 3 : 2.793288e-05 / 6.652869e-01
PCG: 4 : 2.566503e-05 / 6.112726e-01
PCG: 5 : 2.387744e-05 / 5.686971e-01
PCG: 6 : 2.306311e-05 / 5.493019e-01
PCG: 0 : 2.306311e-05
PCG: 1 : 2.324770e-05 / 1.008004e+00
PCG: 2 : 2.411214e-05 / 1.045485e+00
PCG: 3 : 2.535201e-05 / 1.099245e+00
PCG: 4 : 2.325328e-05 / 1.008246e+00
PCG: 5 : 2.455706e-05 / 1.064777e+00
PCG: 6 : 3.373812e-05 / 1.462861e+00
PCG: 0 : 3.373812e-05
PCG: 1 : 2.366694e-05 / 7.014894e-01
PCG: 2 : 2.141590e-05 / 6.347685e-01
PCG: 3 : 2.243215e-05 / 6.648902e-01
PCG: 4 : 2.061114e-05 / 6.109154e-01
PCG: 5 : 1.918365e-05 / 5.686045e-01
PCG: 6 : 1.853350e-05 / 5.493341e-01
PCG: 0 : 1.853351e-05
PCG: 1 : 1.867718e-05 / 1.007752e+00
PCG: 2 : 1.936360e-05 / 1.044788e+00
PCG: 3 : 2.035964e-05 / 1.098531e+00
PCG: 4 : 1.867668e-05 / 1.007725e+00
PCG: 5 : 1.972940e-05 / 1.064526e+00
PCG: 6 : 2.711136e-05 / 1.462830e+00
PCG: 0 : 2.711137e-05
PCG: 1 : 1.901344e-05 / 7.013086e-01
PCG: 2 : 1.719976e-05 / 6.344113e-01
PCG: 3 : 1.801433e-05 / 6.644567e-01
PCG: 4 : 1.655249e-05 / 6.105370e-01
PCG: 5 : 1.541266e-05 / 5.684944e-01
PCG: 6 : 1.489405e-05 / 5.493653e-01
PCG: 0 : 1.489404e-05
PCG: 1 : 1.500538e-05 / 1.007475e+00
PCG: 2 : 1.555040e-05 / 1.044068e+00
PCG: 3 : 1.635028e-05 / 1.097773e+00
PCG: 4 : 1.500074e-05 / 1.007164e+00
PCG: 5 : 1.585105e-05 / 1.064254e+00
PCG: 6 : 2.178732e-05 / 1.462821e+00
PCG: 0 : 2.178732e-05
PCG: 1 : 1.527519e-05 / 7.011043e-01
PCG: 2 : 1.381367e-05 / 6.340234e-01
PCG: 3 : 1.446680e-05 / 6.640006e-01
PCG: 4 : 1.329346e-05 / 6.101465e-01
PCG: 5 : 1.238354e-05 / 5.683828e-01
PCG: 6 : 1.197005e-05 / 5.494044e-01
PCG: 0 : 1.197005e-05
PCG: 1 : 1.205561e-05 / 1.007148e+00
PCG: 2 : 1.248809e-05 / 1.043278e+00
PCG: 3 : 1.313031e-05 / 1.096930e+00
PCG: 4 : 1.204804e-05 / 1.006516e+00
PCG: 5 : 1.273523e-05 / 1.063924e+00
PCG: 6 : 1.750825e-05 / 1.462671e+00
PCG: 0 : 1.750825e-05
PCG: 1 : 1.227202e-05 / 7.009280e-01
PCG: 2 : 1.109405e-05 / 6.336472e-01
PCG: 3 : 1.161766e-05 / 6.635534e-01
PCG: 4 : 1.067602e-05 / 6.097707e-01
PCG: 5 : 9.950017e-06 / 5.683045e-01
PCG: 6 : 9.620516e-06 / 5.494848e-01
PCG: 0 : 9.620517e-06
PCG: 1 : 9.686095e-06 / 1.006817e+00
PCG: 2 : 1.002902e-05 / 1.042462e+00
PCG: 3 : 1.054449e-05 / 1.096042e+00
PCG: 4 : 9.676662e-06 / 1.005836e+00
PCG: 5 : 1.023229e-05 / 1.063591e+00
PCG: 6 : 1.407086e-05 / 1.462589e+00
PCG: 0 : 1.407086e-05
PCG: 1 : 9.859517e-06 / 7.007046e-01
PCG: 2 : 8.909890e-06 / 6.332157e-01
PCG: 3 : 9.329434e-06 / 6.630322e-01
PCG: 4 : 8.573910e-06 / 6.093380e-01
PCG: 5 : 7.994659e-06 / 5.681713e-01
PCG: 6 : 7.732356e-06 / 5.495297e-01
PCG: 0 : 7.732357e-06
PCG: 1 : 7.782289e-06 / 1.006458e+00
PCG: 2 : 8.054103e-06 / 1.041610e+00
PCG: 3 : 8.467858e-06 / 1.095120e+00
PCG: 4 : 7.772072e-06 / 1.005136e+00
PCG: 5 : 8.221580e-06 / 1.063270e+00
PCG: 6 : 1.130921e-05 / 1.462582e+00
PCG: 0 : 1.130921e-05
PCG: 1 : 7.921569e-06 / 7.004528e-01
PCG: 2 : 7.155719e-06 / 6.327337e-01
PCG: 3 : 7.491881e-06 / 6.624583e-01
PCG: 4 : 6.885683e-06 / 6.088561e-01
PCG: 5 : 6.423698e-06 / 5.680059e-01
PCG: 6 : 6.214922e-06 / 5.495451e-01
PCG: 0 : 6.214922e-06
PCG: 1 : 6.252711e-06 / 1.006080e+00
PCG: 2 : 6.468042e-06 / 1.040728e+00
PCG: 3 : 6.800063e-06 / 1.094151e+00
PCG: 4 : 6.242389e-06 / 1.004420e+00
PCG: 5 : 6.606132e-06 / 1.062947e+00
PCG: 6 : 9.089915e-06 / 1.462595e+00
PCG: 0 : 9.089915e-06
PCG: 1 : 6.364658e-06 / 7.001889e-01
PCG: 2 : 5.746982e-06 / 6.322372e-01
PCG: 3 : 6.016337e-06 / 6.618694e-01
PCG: 4 : 5.529985e-06 / 6.083649e-01
PCG: 5 : 5.161750e-06 / 5.678546e-01
PCG: 6 : 4.995678e-06 / 5.495846e-01
PCG: 0 : 4.995679e-06
PCG: 1 : 5.023975e-06 / 1.005664e+00
PCG: 2 : 5.194321e-06 / 1.039763e+00
PCG: 3 : 5.460754e-06 / 1.093095e+00
PCG: 4 : 5.013661e-06 / 1.003600e+00
PCG: 5 : 5.308163e-06 / 1.062551e+00
PCG: 6 : 7.306219e-06 / 1.462508e+00
PCG: 0 : 7.306220e-06
PCG: 1 : 5.113912e-06 / 6.999395e-01
PCG: 2 : 4.615630e-06 / 6.317398e-01
PCG: 3 : 4.831289e-06 / 6.612570e-01
PCG: 4 : 4.441192e-06 / 6.078646e-01
PCG: 5 : 4.147812e-06 / 5.677097e-01
PCG: 6 : 4.015874e-06 / 5.496514e-01
PCG: 0 : 4.015875e-06
PCG: 1 : 4.036830e-06 / 1.005218e+00
PCG: 2 : 4.171462e-06 / 1.038743e+00
PCG: 3 : 4.385102e-06 / 1.091942e+00
PCG: 4 : 4.026919e-06 / 1.002750e+00
PCG: 5 : 4.265433e-06 / 1.062143e+00
PCG: 6 : 5.872552e-06 / 1.462334e+00
PCG: 0 : 5.872550e-06
PCG: 1 : 4.108994e-06 / 6.996949e-01
PCG: 2 : 3.706959e-06 / 6.312349e-01
PCG: 3 : 3.879659e-06 / 6.606430e-01
PCG: 4 : 3.566840e-06 / 6.073750e-01
PCG: 5 : 3.333118e-06 / 5.675759e-01
PCG: 6 : 3.228358e-06 / 5.497369e-01
PCG: 0 : 3.228357e-06
PCG: 1 : 3.243754e-06 / 1.004769e+00
PCG: 2 : 3.350126e-06 / 1.037718e+00
PCG: 3 : 3.521440e-06 / 1.090784e+00
PCG: 4 : 3.234419e-06 / 1.001878e+00
PCG: 5 : 3.427613e-06 / 1.061720e+00
PCG: 6 : 4.720595e-06 / 1.462228e+00
PCG: 0 : 4.720594e-06
PCG: 1 : 3.301649e-06 / 6.994139e-01
PCG: 2 : 2.977199e-06 / 6.306832e-01
PCG: 3 : 3.115386e-06 / 6.599565e-01
PCG: 4 : 2.864582e-06 / 6.068267e-01
PCG: 5 : 2.678538e-06 / 5.674155e-01
PCG: 6 : 2.595374e-06 / 5.497983e-01
PCG: 0 : 2.595374e-06
PCG: 1 : 2.606523e-06 / 1.004296e+00
PCG: 2 : 2.690424e-06 / 1.036623e+00
PCG: 3 : 2.827754e-06 / 1.089536e+00
PCG: 4 : 2.597865e-06 / 1.000960e+00
PCG: 5 : 2.754498e-06 / 1.061311e+00
PCG: 6 : 3.794875e-06 / 1.462169e+00
PCG: 0 : 3.794875e-06
PCG: 1 : 2.653061e-06 / 6.991169e-01
PCG: 2 : 2.391118e-06 / 6.300914e-01
PCG: 3 : 2.501718e-06 / 6.592360e-01
PCG: 4 : 2.300642e-06 / 6.062499e-01
PCG: 5 : 2.152532e-06 / 5.672210e-01
PCG: 6 : 2.086598e-06 / 5.498463e-01
PCG: 0 : 2.086598e-06
PCG: 1 : 2.094526e-06 / 1.003800e+00
PCG: 2 : 2.160708e-06 / 1.035517e+00
PCG: 3 : 2.270783e-06 / 1.088271e+00
PCG: 4 : 2.086629e-06 / 1.000015e+00
PCG: 5 : 2.213648e-06 / 1.060889e+00
PCG: 6 : 3.050918e-06 / 1.462149e+00
PCG: 0 : 3.050918e-06
PCG: 1 : 2.131946e-06 / 6.987882e-01
PCG: 2 : 1.920432e-06 / 6.294605e-01
PCG: 3 : 2.008926e-06 / 6.584659e-01
PCG: 4 : 1.847740e-06 / 6.056340e-01
PCG: 5 : 1.729912e-06 / 5.670137e-01
PCG: 6 : 1.677650e-06 / 5.498836e-01
PCG: 0 : 1.677649e-06
PCG: 1 : 1.683171e-06 / 1.003291e+00
PCG: 2 : 1.735278e-06 / 1.034351e+00
PCG: 3 : 1.823509e-06 / 1.086943e+00
PCG: 4 : 1.676021e-06 / 9.990293e-01
PCG: 5 : 1.779053e-06 / 1.060444e+00
PCG: 6 : 2.452937e-06 / 1.462127e+00
PCG: 0 : 2.452937e-06
PCG: 1 : 1.713234e-06 / 6.984417e-01
PCG: 2 : 1.542418e-06 / 6.288047e-01
PCG: 3 : 1.613167e-06 / 6.576471e-01
PCG: 4 : 1.483983e-06 / 6.049821e-01
PCG: 5 : 1.390311e-06 / 5.667942e-01
PCG: 6 : 1.348907e-06 / 5.499148e-01
PCG: 0 : 1.348907e-06
PCG: 1 : 1.352639e-06 / 1.002767e+00
PCG: 2 : 1.393591e-06 / 1.033126e+00
PCG: 3 : 1.464277e-06 / 1.085529e+00
PCG: 4 : 1.346213e-06 / 9.980035e-01
PCG: 5 : 1.429810e-06 / 1.059977e+00
PCG: 6 : 1.972242e-06 / 1.462104e+00
PCG: 0 : 1.972242e-06
PCG: 1 : 1.376816e-06 / 6.980966e-01
PCG: 2 : 1.238824e-06 / 6.281300e-01
PCG: 3 : 1.295413e-06 / 6.568225e-01
PCG: 4 : 1.191891e-06 / 6.043331e-01
PCG: 5 : 1.117408e-06 / 5.665676e-01
PCG: 6 : 1.084657e-06 / 5.499613e-01
PCG: 0 : 1.084657e-06
PCG: 1 : 1.087046e-06 / 1.002203e+00
PCG: 2 : 1.119241e-06 / 1.031885e+00
PCG: 3 : 1.175833e-06 / 1.084060e+00
PCG: 4 : 1.081291e-06 / 9.968966e-01
PCG: 5 : 1.149191e-06 / 1.059498e+00
PCG: 6 : 1.585823e-06 / 1.462050e+00
PCG: 0 : 1.585823e-06
PCG: 1 : 1.106494e-06 / 6.977414e-01
PCG: 2 : 9.949632e-07 / 6.274114e-01
PCG: 3 : 1.040212e-06 / 6.559445e-01
PCG: 4 : 9.572838e-07 / 6.036512e-01
PCG: 5 : 8.981019e-07 / 5.663318e-01
PCG: 6 : 8.722005e-07 / 5.499987e-01
PCG: 0 : 8.722006e-07
PCG: 1 : 8.736333e-07 / 1.001643e+00
PCG: 2 : 8.988919e-07 / 1.030602e+00
PCG: 3 : 9.442186e-07 / 1.082570e+00
PCG: 4 : 8.685375e-07 / 9.958001e-01
PCG: 5 : 9.236845e-07 / 1.059028e+00
PCG: 6 : 1.275202e-06 / 1.462051e+00
PCG: 0 : 1.275202e-06
PCG: 1 : 8.892915e-07 / 6.973730e-01
PCG: 2 : 7.991428e-07 / 6.266794e-01
PCG: 3 : 8.353002e-07 / 6.550336e-01
PCG: 4 : 7.688619e-07 / 6.029334e-01
PCG: 5 : 7.218665e-07 / 5.660801e-01
PCG: 6 : 7.014004e-07 / 5.500308e-01
PCG: 0 : 7.014002e-07
PCG: 1 : 7.021363e-07 / 1.001050e+00
PCG: 2 : 7.219294e-07 / 1.029269e+00
PCG: 3 : 7.582125e-07 / 1.080998e+00
PCG: 4 : 6.976455e-07 / 9.946468e-01
PCG: 5 : 7.424420e-07 / 1.058514e+00
PCG: 6 : 1.025486e-06 / 1.462055e+00
PCG: 0 : 1.025486e-06
PCG: 1 : 7.147356e-07 / 6.969724e-01
PCG: 2 : 6.418624e-07 / 6.259103e-01
PCG: 3 : 6.707499e-07 / 6.540799e-01
PCG: 4 : 6.175416e-07 / 6.021940e-01
PCG: 5 : 5.802382e-07 / 5.658177e-01
PCG: 6 : 5.640872e-07 / 5.500681e-01
PCG: 0 : 5.640873e-07
PCG: 1 : 5.643363e-07 / 1.000441e+00
PCG: 2 : 5.798158e-07 / 1.027883e+00
PCG: 3 : 6.088561e-07 / 1.079365e+00
PCG: 4 : 5.603886e-07 / 9.934431e-01
PCG: 5 : 5.968014e-07 / 1.057995e+00
PCG: 6 : 8.246777e-07 / 1.461968e+00
PCG: 0 : 8.246777e-07
PCG: 1 : 5.744762e-07 / 6.966069e-01
PCG: 2 : 5.155422e-07 / 6.251439e-01
PCG: 3 : 5.386248e-07 / 6.531337e-01
PCG: 4 : 4.960135e-07 / 6.014635e-01
PCG: 5 : 4.664040e-07 / 5.655592e-01
PCG: 6 : 4.536747e-07 / 5.501237e-01
PCG: 0 : 4.536748e-07
PCG: 1 : 4.535864e-07 / 9.998053e-01
PCG: 2 : 4.656943e-07 / 1.026494e+00
PCG: 3 : 4.889339e-07 / 1.077719e+00
PCG: 4 : 4.501424e-07 / 9.922138e-01
PCG: 5 : 4.797421e-07 / 1.057458e+00
PCG: 6 : 6.632609e-07 / 1.461974e+00
PCG: 0 : 6.632609e-07
PCG: 1 : 4.617613e-07 / 6.961986e-01
PCG: 2 : 4.140958e-07 / 6.243331e-01
PCG: 3 : 4.325258e-07 / 6.521201e-01
PCG: 4 : 3.983986e-07 / 6.006665e-01
PCG: 5 : 3.749178e-07 / 5.652644e-01
PCG: 6 : 3.648916e-07 / 5.501480e-01
PCG: 0 : 3.648915e-07
PCG: 1 : 3.645840e-07 / 9.991571e-01
PCG: 2 : 3.740314e-07 / 1.025048e+00
PCG: 3 : 3.926290e-07 / 1.076016e+00
PCG: 4 : 3.615976e-07 / 9.909729e-01
PCG: 5 : 3.856717e-07 / 1.056949e+00
PCG: 6 : 5.334667e-07 / 1.461987e+00
PCG: 0 : 5.334667e-07
PCG: 1 : 3.711809e-07 / 6.957902e-01
PCG: 2 : 3.326187e-07 / 6.235042e-01
PCG: 3 : 3.473287e-07 / 6.510785e-01
PCG: 4 : 3.200011e-07 / 5.998520e-01
PCG: 5 : 3.013872e-07 / 5.649598e-01
PCG: 6 : 2.934982e-07 / 5.501715e-01
PCG: 0 : 2.934981e-07
PCG: 1 : 2.930570e-07 / 9.984971e-01
PCG: 2 : 3.004148e-07 / 1.023566e+00
PCG: 3 : 3.152937e-07 / 1.074261e+00
PCG: 4 : 2.904721e-07 / 9.896896e-01
PCG: 5 : 3.100548e-07 / 1.056412e+00
PCG: 6 : 4.290891e-07 / 1.461982e+00
PCG: 0 : 4.290891e-07
PCG: 1 : 2.983764e-07 / 6.953716e-01
PCG: 2 : 2.671741e-07 / 6.226541e-01
PCG: 3 : 2.789170e-07 / 6.500211e-01
PCG: 4 : 2.570347e-07 / 5.990239e-01
PCG: 5 : 2.422832e-07 / 5.646454e-01
PCG: 6 : 2.360882e-07 / 5.502079e-01
PCG: 0 : 2.360883e-07
PCG: 1 : 2.355705e-07 / 9.978070e-01
PCG: 2 : 2.412968e-07 / 1.022062e+00
PCG: 3 : 2.532006e-07 / 1.072483e+00
PCG: 4 : 2.333455e-07 / 9.883825e-01
PCG: 5 : 2.492765e-07 / 1.055861e+00
PCG: 6 : 3.451613e-07 / 1.462001e+00
PCG: 0 : 3.451613e-07
PCG: 1 : 2.398622e-07 / 6.949280e-01
PCG: 2 : 2.146119e-07 / 6.217728e-01
PCG: 3 : 2.239816e-07 / 6.489186e-01
PCG: 4 : 2.064600e-07 / 5.981551e-01
PCG: 5 : 1.947759e-07 / 5.643039e-01
PCG: 6 : 1.899140e-07 / 5.502180e-01
PCG: 0 : 1.899139e-07
PCG: 1 : 1.893649e-07 / 9.971092e-01
PCG: 2 : 1.938111e-07 / 1.020521e+00
PCG: 3 : 2.033332e-07 / 1.070660e+00
PCG: 4 : 1.874519e-07 / 9.870362e-01
PCG: 5 : 2.004129e-07 / 1.055283e+00
PCG: 6 : 2.776610e-07 / 1.462036e+00

PCG ( VCycle ( S: Scale / C: Scale )  )

Complete solver TOE: 0.436934
3.24568 GFlop/s [3.24568 GFlops/s]

Total time: 0.436934s
Accumulated op time: 0.415896

Reductions: 11.5706%
Blas-1: 3.98458%
Blas-2: 79.6299%
Precon Kernels: 0%
MPI Execution: 0%
MPI Wait: 0%
Not covered: 4.81491%

Domain size: 2.85367 MByte
LA size: 6.32385 MByte
MPI size: 0.159225 MByte

H0-Error: 2.770774e-05
H1-Error: 1.613732e-02

Writing DATA to output.data...
Run-Time: 0:00.469 [0:00.469]
0x31d198e880 Error: MemoryPool<CPU> still contains memory chunks on deconstructor call
