NUM-PROCS: 1
Preparing domain...
LVL-MIN: 5 [5]
LVL-MAX: 10 [10]
Creating gates...
Assembling system matrices...
Assembling system filters...
Assembling transfer matrices...
Converting assembled linear system from SparseMatrixCSR, Mem:main to SparseMatrixELL, Mem:cudaand to SparseMatrixELL, Mem:cuda...
PCG: 0 : 9.473711e-03
PCG: 1 : 4.064152e-02 / 4.289926e+00
PCG: 2 : 4.515586e-02 / 4.766439e+00
PCG: 3 : 1.234706e-01 / 1.303297e+01
PCG: 4 : 2.105793e-01 / 2.222775e+01
PCG: 0 : 2.105886e-01
PCG: 1 : 1.461718e-01 / 6.941106e-01
PCG: 2 : 1.157044e-01 / 5.494334e-01
PCG: 3 : 1.294016e-01 / 6.144756e-01
PCG: 4 : 1.127906e-01 / 5.355970e-01
PCG: 0 : 1.127906e-01
PCG: 1 : 6.518727e-02 / 5.779494e-01
PCG: 2 : 5.074416e-02 / 4.498971e-01
PCG: 3 : 3.130935e-02 / 2.775882e-01
PCG: 4 : 2.881291e-02 / 2.554548e-01
PCG: 0 : 2.881291e-02
PCG: 1 : 2.306050e-02 / 8.003528e-01
PCG: 2 : 3.515437e-02 / 1.220091e+00
PCG: 3 : 4.363319e-02 / 1.514362e+00
PCG: 4 : 5.394259e-02 / 1.872167e+00
PCG: 0 : 5.394258e-02
PCG: 1 : 3.412972e-02 / 6.327046e-01
PCG: 2 : 2.505095e-02 / 4.644004e-01
PCG: 3 : 1.447789e-02 / 2.683944e-01
PCG: 4 : 1.487180e-02 / 2.756968e-01
PCG: 0 : 1.487180e-02
PCG: 1 : 1.317296e-02 / 8.857681e-01
PCG: 2 : 2.175865e-02 / 1.463081e+00
PCG: 3 : 2.717897e-02 / 1.827552e+00
PCG: 4 : 3.198441e-02 / 2.150676e+00
PCG: 0 : 3.198441e-02
PCG: 1 : 2.237070e-02 / 6.994249e-01
PCG: 2 : 1.659123e-02 / 5.187285e-01
PCG: 3 : 9.089755e-03 / 2.841932e-01
PCG: 4 : 8.995480e-03 / 2.812457e-01
PCG: 0 : 8.995481e-03
PCG: 1 : 8.534169e-03 / 9.487174e-01
PCG: 2 : 1.458902e-02 / 1.621817e+00
PCG: 3 : 1.755243e-02 / 1.951250e+00
PCG: 4 : 2.005056e-02 / 2.228959e+00
PCG: 0 : 2.005056e-02
PCG: 1 : 1.481419e-02 / 7.388418e-01
PCG: 2 : 1.101013e-02 / 5.491182e-01
PCG: 3 : 5.798177e-03 / 2.891779e-01
PCG: 4 : 5.652589e-03 / 2.819168e-01
PCG: 0 : 5.652589e-03
PCG: 1 : 5.551274e-03 / 9.820764e-01
PCG: 2 : 9.659328e-03 / 1.708832e+00
PCG: 3 : 1.140091e-02 / 2.016935e+00
PCG: 4 : 1.291723e-02 / 2.285188e+00
PCG: 0 : 1.291723e-02
PCG: 1 : 9.764508e-03 / 7.559289e-01
PCG: 2 : 7.240940e-03 / 5.605645e-01
PCG: 3 : 3.751257e-03 / 2.904072e-01
PCG: 4 : 3.625584e-03 / 2.806781e-01
PCG: 0 : 3.625584e-03
PCG: 1 : 3.615006e-03 / 9.970825e-01
PCG: 2 : 6.335485e-03 / 1.747439e+00
PCG: 3 : 7.449893e-03 / 2.054812e+00
PCG: 4 : 8.422119e-03 / 2.322969e+00
PCG: 0 : 8.422119e-03
PCG: 1 : 6.420041e-03 / 7.622834e-01
PCG: 2 : 4.748833e-03 / 5.638525e-01
PCG: 3 : 2.445331e-03 / 2.903464e-01
PCG: 4 : 2.347057e-03 / 2.786777e-01
PCG: 0 : 2.347056e-03
PCG: 1 : 2.356428e-03 / 1.003993e+00
PCG: 2 : 4.143799e-03 / 1.765530e+00
PCG: 3 : 4.879730e-03 / 2.079085e+00
PCG: 4 : 5.514939e-03 / 2.349726e+00
PCG: 0 : 5.514939e-03
PCG: 1 : 4.215919e-03 / 7.644544e-01
PCG: 2 : 3.113351e-03 / 5.645305e-01
PCG: 3 : 1.599312e-03 / 2.899964e-01
PCG: 4 : 1.526274e-03 / 2.767527e-01
PCG: 0 : 1.526274e-03
PCG: 1 : 1.537769e-03 / 1.007531e+00
PCG: 2 : 2.709640e-03 / 1.775330e+00
PCG: 3 : 3.198531e-03 / 2.095647e+00
PCG: 4 : 3.616633e-03 / 2.369583e+00
PCG: 0 : 3.616633e-03
PCG: 1 : 2.767172e-03 / 7.651237e-01
PCG: 2 : 2.041754e-03 / 5.645456e-01
PCG: 3 : 1.047655e-03 / 2.896769e-01
PCG: 4 : 9.950676e-04 / 2.751365e-01
PCG: 0 : 9.950678e-04
PCG: 1 : 1.004587e-03 / 1.009566e+00
PCG: 2 : 1.772591e-03 / 1.781377e+00
PCG: 3 : 2.096886e-03 / 2.107279e+00
PCG: 4 : 2.372911e-03 / 2.384673e+00
PCG: 0 : 2.372911e-03
PCG: 1 : 1.815836e-03 / 7.652356e-01
PCG: 2 : 1.339377e-03 / 5.644445e-01
PCG: 3 : 6.869363e-04 / 2.894909e-01
PCG: 4 : 6.499241e-04 / 2.738931e-01
PCG: 0 : 6.499242e-04
PCG: 1 : 6.568866e-04 / 1.010713e+00
PCG: 2 : 1.160151e-03 / 1.785056e+00
PCG: 3 : 1.374819e-03 / 2.115353e+00
PCG: 4 : 1.557156e-03 / 2.395904e+00
PCG: 0 : 1.557156e-03
PCG: 1 : 1.191482e-03 / 7.651654e-01
PCG: 2 : 8.788544e-04 / 5.643972e-01
PCG: 3 : 4.507635e-04 / 2.894787e-01
PCG: 4 : 4.251096e-04 / 2.730039e-01
PCG: 0 : 4.251096e-04
PCG: 1 : 4.299198e-04 / 1.011315e+00
PCG: 2 : 7.596139e-04 / 1.786866e+00
PCG: 3 : 9.014003e-04 / 2.120395e+00
PCG: 4 : 1.021831e-03 / 2.403688e+00
PCG: 0 : 1.021831e-03
PCG: 1 : 7.817288e-04 / 7.650275e-01
PCG: 2 : 5.767713e-04 / 5.644488e-01
PCG: 3 : 2.959782e-04 / 2.896548e-01
PCG: 4 : 2.784208e-04 / 2.724725e-01
PCG: 0 : 2.784209e-04
PCG: 1 : 2.816035e-04 / 1.011431e+00
PCG: 2 : 4.975338e-04 / 1.786985e+00
PCG: 3 : 5.909897e-04 / 2.122649e+00
PCG: 4 : 6.705053e-04 / 2.408244e+00
PCG: 0 : 6.705053e-04
PCG: 1 : 5.128395e-04 / 7.648552e-01
PCG: 2 : 3.785516e-04 / 5.645766e-01
PCG: 3 : 1.944749e-04 / 2.900423e-01
PCG: 4 : 1.825926e-04 / 2.723208e-01
PCG: 0 : 1.825926e-04
PCG: 1 : 1.846124e-04 / 1.011062e+00
PCG: 2 : 3.259556e-04 / 1.785153e+00
PCG: 3 : 3.874692e-04 / 2.122043e+00
PCG: 4 : 4.399189e-04 / 2.409292e+00
PCG: 0 : 4.399188e-04
PCG: 1 : 3.364120e-04 / 7.647139e-01
PCG: 2 : 2.484798e-04 / 5.648310e-01
PCG: 3 : 1.278694e-04 / 2.906658e-01
PCG: 4 : 1.199053e-04 / 2.725622e-01
PCG: 0 : 1.199053e-04
PCG: 1 : 1.211328e-04 / 1.010237e+00
PCG: 2 : 2.135927e-04 / 1.781345e+00
PCG: 3 : 2.540070e-04 / 2.118397e+00
PCG: 4 : 2.885872e-04 / 2.406793e+00
PCG: 0 : 2.885872e-04
PCG: 1 : 2.206419e-04 / 7.645590e-01
PCG: 2 : 1.630996e-04 / 5.651659e-01
PCG: 3 : 8.413424e-05 / 2.915384e-01
PCG: 4 : 7.885013e-05 / 2.732281e-01
PCG: 0 : 7.885013e-05
PCG: 1 : 7.954981e-05 / 1.008873e+00
PCG: 2 : 1.399851e-04 / 1.775331e+00
PCG: 3 : 1.665005e-04 / 2.111607e+00
PCG: 4 : 1.892818e-04 / 2.400526e+00
PCG: 0 : 1.892818e-04
PCG: 1 : 1.446897e-04 / 7.644144e-01
PCG: 2 : 1.070577e-04 / 5.655994e-01
PCG: 3 : 5.540344e-05 / 2.927035e-01
PCG: 4 : 5.193093e-05 / 2.743578e-01
PCG: 0 : 5.193092e-05
PCG: 1 : 5.229369e-05 / 1.006986e+00
PCG: 2 : 9.175277e-05 / 1.766824e+00
PCG: 3 : 1.091234e-04 / 2.101318e+00
PCG: 4 : 1.241210e-04 / 2.390118e+00
PCG: 0 : 1.241211e-04
PCG: 1 : 9.486416e-05 / 7.642874e-01
PCG: 2 : 7.027053e-05 / 5.661451e-01
PCG: 3 : 3.651332e-05 / 2.941750e-01
PCG: 4 : 3.425400e-05 / 2.759725e-01
PCG: 0 : 3.425400e-05
PCG: 1 : 3.440954e-05 / 1.004541e+00
PCG: 2 : 6.014438e-05 / 1.755835e+00
PCG: 3 : 7.150390e-05 / 2.087461e+00
PCG: 4 : 8.137206e-05 / 2.375549e+00
PCG: 0 : 8.137207e-05
PCG: 1 : 6.218021e-05 / 7.641469e-01
PCG: 2 : 4.612007e-05 / 5.667801e-01
PCG: 3 : 2.408622e-05 / 2.960010e-01
PCG: 4 : 2.263261e-05 / 2.781374e-01
PCG: 0 : 2.263261e-05
PCG: 1 : 2.266609e-05 / 1.001479e+00
PCG: 2 : 3.942593e-05 / 1.741996e+00
PCG: 3 : 4.684456e-05 / 2.069782e+00
PCG: 4 : 5.333157e-05 / 2.356403e+00
PCG: 0 : 5.333157e-05
PCG: 1 : 4.074758e-05 / 7.640425e-01
PCG: 2 : 3.026846e-05 / 5.675525e-01
PCG: 3 : 1.590385e-05 / 2.982071e-01
PCG: 4 : 1.497894e-05 / 2.808644e-01
PCG: 0 : 1.497894e-05
PCG: 1 : 1.494705e-05 / 9.978709e-01
PCG: 2 : 2.584497e-05 / 1.725420e+00
PCG: 3 : 3.068056e-05 / 2.048246e+00
PCG: 4 : 3.494262e-05 / 2.332783e+00
PCG: 0 : 3.494262e-05
PCG: 1 : 2.669388e-05 / 7.639349e-01
PCG: 2 : 1.986294e-05 / 5.684445e-01
PCG: 3 : 1.051123e-05 / 3.008141e-01
PCG: 4 : 9.930605e-06 / 2.841975e-01
PCG: 0 : 9.930605e-06
PCG: 1 : 9.867571e-06 / 9.936525e-01
PCG: 2 : 1.694208e-05 / 1.706047e+00
PCG: 3 : 2.008864e-05 / 2.022902e+00
PCG: 4 : 2.288707e-05 / 2.304700e+00
PCG: 0 : 2.288707e-05
PCG: 1 : 1.748178e-05 / 7.638278e-01
PCG: 2 : 1.303322e-05 / 5.694577e-01
PCG: 3 : 6.954443e-06 / 3.038591e-01
PCG: 4 : 6.595105e-06 / 2.881586e-01
PCG: 0 : 6.595104e-06
PCG: 1 : 6.522003e-06 / 9.889159e-01
PCG: 2 : 1.110550e-05 / 1.683901e+00
PCG: 3 : 1.314922e-05 / 1.993785e+00
PCG: 4 : 1.498545e-05 / 2.272208e+00
PCG: 0 : 1.498545e-05
PCG: 1 : 1.144489e-05 / 7.637334e-01
PCG: 2 : 8.551066e-06 / 5.706246e-01
PCG: 3 : 4.605756e-06 / 3.073485e-01
PCG: 4 : 4.386929e-06 / 2.927459e-01
PCG: 0 : 4.386928e-06
PCG: 1 : 4.315549e-06 / 9.837292e-01
PCG: 2 : 7.279387e-06 / 1.659336e+00
PCG: 3 : 8.603841e-06 / 1.961245e+00
PCG: 4 : 9.808150e-06 / 2.235767e+00
PCG: 0 : 9.808150e-06
PCG: 1 : 7.489746e-06 / 7.636247e-01
PCG: 2 : 5.609437e-06 / 5.719159e-01
PCG: 3 : 3.053327e-06 / 3.113050e-01
PCG: 4 : 2.922788e-06 / 2.979958e-01
PCG: 0 : 2.922788e-06
PCG: 1 : 2.858733e-06 / 9.780843e-01
PCG: 2 : 4.771171e-06 / 1.632404e+00
PCG: 3 : 5.628019e-06 / 1.925565e+00
PCG: 4 : 6.417246e-06 / 2.195591e+00
PCG: 0 : 6.417246e-06
PCG: 1 : 4.899890e-06 / 7.635503e-01
PCG: 2 : 3.679458e-06 / 5.733703e-01
PCG: 3 : 2.026039e-06 / 3.157178e-01
PCG: 4 : 1.949939e-06 / 3.038592e-01
PCG: 0 : 1.949939e-06
PCG: 1 : 1.895670e-06 / 9.721687e-01
PCG: 2 : 3.126989e-06 / 1.603634e+00
PCG: 3 : 3.680024e-06 / 1.887251e+00
PCG: 4 : 4.196985e-06 / 2.152367e+00
PCG: 0 : 4.196985e-06
PCG: 1 : 3.204259e-06 / 7.634670e-01
PCG: 2 : 2.413159e-06 / 5.749744e-01
PCG: 3 : 1.345503e-06 / 3.205881e-01
PCG: 4 : 1.302510e-06 / 3.103443e-01
PCG: 0 : 1.302510e-06
PCG: 1 : 1.258214e-06 / 9.659914e-01
PCG: 2 : 2.049277e-06 / 1.573329e+00
PCG: 3 : 2.405422e-06 / 1.846759e+00
PCG: 4 : 2.743895e-06 / 2.106621e+00
PCG: 0 : 2.743895e-06
PCG: 1 : 2.094625e-06 / 7.633767e-01
PCG: 2 : 1.582452e-06 / 5.767174e-01
PCG: 3 : 8.942747e-07 / 3.259143e-01
PCG: 4 : 8.709735e-07 / 3.174223e-01
PCG: 0 : 8.709735e-07
PCG: 1 : 8.358613e-07 / 9.596862e-01
PCG: 2 : 1.342896e-06 / 1.541833e+00
PCG: 3 : 1.571740e-06 / 1.804579e+00
PCG: 4 : 1.793249e-06 / 2.058902e+00
PCG: 0 : 1.793249e-06
PCG: 1 : 1.368781e-06 / 7.632967e-01
PCG: 2 : 1.037618e-06 / 5.786245e-01
PCG: 3 : 5.947406e-07 / 3.316554e-01
PCG: 4 : 5.828486e-07 / 3.250238e-01
PCG: 0 : 5.828485e-07
PCG: 1 : 5.556752e-07 / 9.533783e-01
PCG: 2 : 8.799545e-07 / 1.509748e+00
PCG: 3 : 1.026636e-06 / 1.761411e+00
PCG: 4 : 1.171544e-06 / 2.010032e+00
PCG: 0 : 1.171544e-06
PCG: 1 : 8.941309e-07 / 7.632070e-01
PCG: 2 : 6.802711e-07 / 5.806618e-01
PCG: 3 : 3.957332e-07 / 3.377876e-01
PCG: 4 : 3.902785e-07 / 3.331316e-01
PCG: 0 : 3.902785e-07
PCG: 1 : 3.696173e-07 / 9.470605e-01
PCG: 2 : 5.765713e-07 / 1.477333e+00
PCG: 3 : 6.704033e-07 / 1.717756e+00
PCG: 4 : 7.651437e-07 / 1.960507e+00
PCG: 0 : 7.651437e-07
PCG: 1 : 5.839171e-07 / 7.631471e-01
PCG: 2 : 4.459645e-07 / 5.828506e-01
PCG: 3 : 2.634157e-07 / 3.442696e-01
PCG: 4 : 2.614134e-07 / 3.416527e-01
PCG: 0 : 2.614134e-07
PCG: 1 : 2.459676e-07 / 9.409143e-01
PCG: 2 : 3.777678e-07 / 1.445097e+00
PCG: 3 : 4.376416e-07 / 1.674136e+00
PCG: 4 : 4.995672e-07 / 1.911024e+00
PCG: 0 : 4.995672e-07
PCG: 1 : 3.812101e-07 / 7.630807e-01
PCG: 2 : 2.923313e-07 / 5.851690e-01
PCG: 3 : 1.753753e-07 / 3.510544e-01
PCG: 4 : 1.751194e-07 / 3.505422e-01
PCG: 0 : 1.751194e-07
PCG: 1 : 1.637237e-07 / 9.349263e-01
PCG: 2 : 2.475081e-07 / 1.413368e+00
PCG: 3 : 2.856262e-07 / 1.631037e+00
PCG: 4 : 3.260962e-07 / 1.862136e+00

PCG ( VCycle ( S: Scale / C: Scale )  )

Complete solver TOE: 29.3324
0.141028 GFlop/s [0.141028 GFlops/s]

Total time: 29.3324s
Accumulated op time: 22.7766

Reductions: 73.3751%
Blas-1: 2.25481%
Blas-2: 2.01994%
Precon Kernels: 0%
MPI Execution: 0%
MPI Wait: 0%
Not covered: 22.3502%

Domain size: 106.918 MByte
LA size: 356.315 MByte
MPI size: 10.6949 MByte

H0-Error: 7.224957e-07
H1-Error: 2.017210e-03

Writing DATA to output.data...
Run-Time: 0:40.968 [0:40.968]
0xb33129f8 Error: MemoryPool<CUDA> still contains memory chunks on deconstructor call
