NUM-PROCS: 1
Preparing domain...
LVL-MIN: 2 [2]
LVL-MAX: 7 [7]
Creating gates...
Assembling system matrices...
Assembling system filters...
Assembling transfer matrices...
Converting assembled linear system from SparseMatrixCSR, Mem:main to SparseMatrixELL, Mem:cudaand to SparseMatrixELL, Mem:cuda...
PCG: 0 : 7.572471e-02
PCG: 1 : 3.593043e-02 / 4.744875e-01
PCG: 2 : 1.826597e-02 / 2.412154e-01
PCG: 3 : 4.764262e-03 / 6.291555e-02
PCG: 4 : 5.501912e-04 / 7.265675e-03
PCG: 5 : 5.267594e-05 / 6.956242e-04
PCG: 0 : 4.397986e-03
PCG: 1 : 5.442647e-04 / 1.237532e-01
PCG: 2 : 4.948245e-04 / 1.125116e-01
PCG: 3 : 3.370603e-05 / 7.663969e-03
PCG: 4 : 4.688348e-06 / 1.066022e-03
PCG: 5 : 4.911823e-07 / 1.116835e-04
PCG: 0 : 4.912228e-07
PCG: 1 : 8.398361e-08 / 1.709685e-01
PCG: 2 : 8.757791e-09 / 1.782855e-02
PCG: 3 : 1.368178e-09 / 2.785249e-03
PCG: 4 : 4.279118e-10 / 8.711154e-04
PCG: 5 : 1.289695e-10 / 2.625479e-04

PCG ( VCycle ( S: Scale / C: Scale )  )

Complete solver TOE: 0.501206
0.0743386 GFlop/s [0.0743386 GFlops/s]

Total time: 0.501206s
Accumulated op time: 0.034288

Reductions: 2.43892%
Blas-1: 2.26394%
Blas-2: 2.13824%
Precon Kernels: 0%
MPI Execution: 0%
MPI Wait: 0%
Not covered: 93.1589%

Domain size: 1.70123 MByte
LA size: 5.64891 MByte
MPI size: 0.170563 MByte

H0-Error: 2.746078e-05
H1-Error: 1.613732e-02

Writing DATA to output.data...
Run-Time: 0:00.734 [0:00.734]
0xb33cc9f8 Error: MemoryPool<CUDA> still contains memory chunks on deconstructor call
