NUM-PROCS: 1
Preparing domain...
LVL-MIN: 5 [5]
LVL-MAX: 9 [9]
Creating gates...
Assembling system matrices...
Assembling system filters...
Assembling transfer matrices...
Converting assembled linear system from SparseMatrixCSR, Mem:main to SparseMatrixELL, Mem:cudaand to SparseMatrixELL, Mem:cuda...
PCG:  0 : 1.894534e-02
PCG:  1 : 7.936785e-02 / 4.189307e+00
PCG:  2 : 8.004833e-02 / 4.225225e+00
PCG:  3 : 1.997659e-01 / 1.054433e+01
PCG:  4 : 2.650327e-01 / 1.398934e+01
PCG:  5 : 1.697546e-01 / 8.960228e+00
PCG:  6 : 1.549428e-01 / 8.178410e+00
PCG:  7 : 1.151544e-01 / 6.078243e+00
PCG:  8 : 9.995857e-02 / 5.276156e+00
PCG:  9 : 8.459774e-02 / 4.465359e+00
PCG: 10 : 3.798953e-02 / 2.005218e+00
PCG: 11 : 2.064830e-02 / 1.089888e+00
PCG: 12 : 1.273249e-02 / 6.720647e-01
PCG: 13 : 8.356788e-03 / 4.410999e-01
PCG: 14 : 3.203387e-03 / 1.690857e-01
PCG: 15 : 1.070926e-03 / 5.652717e-02
PCG: 16 : 1.683156e-03 / 8.884272e-02
PCG: 17 : 1.089429e-03 / 5.750381e-02
PCG: 18 : 2.190204e-04 / 1.156065e-02
PCG: 19 : 1.453466e-04 / 7.671889e-03
PCG: 20 : 1.033910e-04 / 5.457333e-03
PCG:  0 : 5.163670e-04
PCG:  1 : 6.553682e-05 / 1.269191e-01
PCG:  2 : 7.120235e-05 / 1.378910e-01
PCG:  3 : 2.799897e-05 / 5.422300e-02
PCG:  4 : 3.759870e-05 / 7.281391e-02
PCG:  5 : 3.202972e-05 / 6.202899e-02
PCG:  6 : 3.246246e-05 / 6.286703e-02
PCG:  7 : 3.400346e-05 / 6.585134e-02
PCG:  8 : 2.691690e-05 / 5.212746e-02
PCG:  9 : 2.270102e-05 / 4.396297e-02
PCG: 10 : 2.585688e-05 / 5.007462e-02
PCG: 11 : 2.311890e-05 / 4.477223e-02
PCG: 12 : 2.133787e-05 / 4.132308e-02
PCG: 13 : 1.923233e-05 / 3.724547e-02
PCG: 14 : 1.738613e-05 / 3.367010e-02
PCG: 15 : 9.821613e-06 / 1.902061e-02
PCG: 16 : 5.724167e-06 / 1.108546e-02
PCG: 17 : 4.389214e-06 / 8.500183e-03
PCG: 18 : 3.343681e-06 / 6.475397e-03
PCG: 19 : 1.348778e-06 / 2.612053e-03
PCG: 20 : 1.146154e-06 / 2.219650e-03
PCG:  0 : 1.146196e-06
PCG:  1 : 6.719655e-07 / 5.862573e-01
PCG:  2 : 5.286244e-07 / 4.611991e-01
PCG:  3 : 3.707343e-07 / 3.234477e-01
PCG:  4 : 2.986967e-07 / 2.605984e-01
PCG:  5 : 2.894764e-07 / 2.525541e-01
PCG:  6 : 1.906800e-07 / 1.663591e-01
PCG:  7 : 2.130064e-07 / 1.858377e-01
PCG:  8 : 2.222406e-07 / 1.938941e-01
PCG:  9 : 1.829678e-07 / 1.596305e-01
PCG: 10 : 1.079004e-07 / 9.413782e-02
PCG: 11 : 5.415104e-08 / 4.724415e-02
PCG: 12 : 4.758082e-08 / 4.151195e-02
PCG: 13 : 3.301682e-08 / 2.880557e-02
PCG: 14 : 2.307451e-08 / 2.013139e-02
PCG: 15 : 1.408454e-08 / 1.228807e-02
PCG: 16 : 1.265757e-08 / 1.104312e-02
PCG: 17 : 9.605777e-09 / 8.380574e-03
PCG: 18 : 1.272156e-08 / 1.109894e-02
PCG: 19 : 7.199981e-09 / 6.281633e-03
PCG: 20 : 1.001508e-08 / 8.737667e-03

PCG ( VCycle ( S: Scale / C: Scale )  )

Complete solver TOE: 0.180695
12.4458 GFlop/s [12.4458 GFlops/s]

Total time: 0.180695s
Accumulated op time: 0.067155

Reductions: 34.4149%
Blas-1: 1.41011%
Blas-2: 1.33983%
Precon Kernels: 0%
MPI Execution: 0%
MPI Wait: 0%
Not covered: 62.8352%

Domain size: 48.1654 MByte
LA size: 120.741 MByte
MPI size: 2.67931 MByte

H0-Error: 1.722226e-06
H1-Error: 4.034414e-03

Writing DATA to output.data...
Run-Time: 0:00.898 [0:00.898]
0x31d198e880 Error: MemoryPool<CUDA> still contains memory chunks on deconstructor call
