NUM-PROCS: 1
Preparing domain...
LVL-MIN: 2 [2]
LVL-MAX: 5 [5]
Creating gates...
Assembling system matrices...
Assembling system filters...
Assembling transfer matrices...
Converting assembled linear system from SparseMatrixCSR, Mem:main to SparseMatrixCSR, Mem:mainand to SparseMatrixCSR, Mem:main...
PCG: 0 : 3.015411e-01
PCG: 1 : 1.296714e-01 / 4.300289e-01
PCG: 2 : 5.319667e-02 / 1.764160e-01
PCG: 0 : 7.131003e-02
PCG: 1 : 2.072615e-02 / 2.906485e-01
PCG: 2 : 6.308287e-03 / 8.846283e-02
PCG: 0 : 6.308283e-03
PCG: 1 : 3.996540e-03 / 6.335385e-01
PCG: 2 : 1.062616e-03 / 1.684477e-01
PCG: 0 : 1.062616e-03
PCG: 1 : 3.236255e-04 / 3.045555e-01
PCG: 2 : 1.002350e-04 / 9.432858e-02
PCG: 0 : 1.002350e-04
PCG: 1 : 6.337507e-05 / 6.322647e-01
PCG: 2 : 1.712757e-05 / 1.708741e-01
PCG: 0 : 1.712756e-05
PCG: 1 : 5.320103e-06 / 3.106164e-01
PCG: 2 : 1.639868e-06 / 9.574436e-02
PCG: 0 : 1.639868e-06
PCG: 1 : 1.040483e-06 / 6.344920e-01
PCG: 2 : 2.819586e-07 / 1.719398e-01
PCG: 0 : 2.819586e-07
PCG: 1 : 8.856574e-08 / 3.141091e-01
PCG: 2 : 2.705726e-08 / 9.596183e-02
PCG: 0 : 2.705726e-08
PCG: 1 : 1.725372e-08 / 6.376743e-01
PCG: 2 : 4.668407e-09 / 1.725381e-01

PCG ( VCycle ( S: Scale / C: Scale )  )

Complete solver TOE: 0.00112
2.776 GFlop/s [2.776 GFlops/s]

Total time: 0.00112s
Accumulated op time: 0.000901

Reductions: 9.28571%
Blas-1: 3.39286%
Blas-2: 67.7679%
Precon Kernels: 0%
MPI Execution: 0%
MPI Wait: 0%
Not covered: 19.5536%

Domain size: 0.19989 MByte
LA size: 0.5047 MByte
MPI size: 0.0113831 MByte

H0-Error: 4.391233e-04
H1-Error: 6.452751e-02

Writing DATA to output.data...
Run-Time: 0:00.006 [0:00.006]
0x31d198e880 Error: MemoryPool<CPU> still contains memory chunks on deconstructor call
