NUM-PROCS: 1
Preparing domain...
LVL-MIN: 6 [6]
LVL-MAX: 9 [9]
Creating gates...
Assembling system matrices...
Assembling system filters...
Assembling transfer matrices...
Converting assembled linear system from SparseMatrixCSR, Mem:main to SparseMatrixELL, Mem:cudaand to SparseMatrixELL, Mem:cuda...
PCG: 0 : 1.894534e-02
PCG: 1 : 1.596297e-01 / 8.425804e+00
PCG: 2 : 1.434520e-01 / 7.571886e+00
PCG: 3 : 2.809195e-01 / 1.482789e+01
PCG: 4 : 2.514510e-01 / 1.327244e+01
PCG: 5 : 1.382854e-01 / 7.299178e+00
PCG: 6 : 1.655621e-01 / 8.738936e+00
PCG: 0 : 1.653830e-01
PCG: 1 : 1.362053e-01 / 8.235748e-01
PCG: 2 : 1.297739e-01 / 7.846872e-01
PCG: 3 : 1.019284e-01 / 6.163175e-01
PCG: 4 : 7.864247e-02 / 4.755172e-01
PCG: 5 : 1.324369e-01 / 8.007892e-01
PCG: 6 : 1.884584e-01 / 1.139527e+00
PCG: 0 : 1.884584e-01
PCG: 1 : 9.220045e-02 / 4.892350e-01
PCG: 2 : 6.113105e-02 / 3.243742e-01
PCG: 3 : 5.788587e-02 / 3.071546e-01
PCG: 4 : 6.519884e-02 / 3.459588e-01
PCG: 5 : 6.588062e-02 / 3.495764e-01
PCG: 6 : 6.227277e-02 / 3.304324e-01
PCG: 0 : 6.227277e-02
PCG: 1 : 4.955925e-02 / 7.958413e-01
PCG: 2 : 4.784689e-02 / 7.683436e-01
PCG: 3 : 3.696596e-02 / 5.936135e-01
PCG: 4 : 3.319616e-02 / 5.330766e-01
PCG: 5 : 4.792688e-02 / 7.696282e-01
PCG: 6 : 9.571305e-02 / 1.536997e+00
PCG: 0 : 9.571304e-02
PCG: 1 : 4.729885e-02 / 4.941735e-01
PCG: 2 : 3.276695e-02 / 3.423457e-01
PCG: 3 : 2.986053e-02 / 3.119797e-01
PCG: 4 : 3.571169e-02 / 3.731121e-01
PCG: 5 : 3.709698e-02 / 3.875854e-01
PCG: 6 : 3.931215e-02 / 4.107293e-01
PCG: 0 : 3.931215e-02
PCG: 1 : 3.392350e-02 / 8.629267e-01
PCG: 2 : 3.250615e-02 / 8.268729e-01
PCG: 3 : 2.561528e-02 / 6.515868e-01
PCG: 4 : 2.485112e-02 / 6.321486e-01
PCG: 5 : 3.619909e-02 / 9.208118e-01
PCG: 6 : 6.721005e-02 / 1.709651e+00
PCG: 0 : 6.721005e-02
PCG: 1 : 3.585929e-02 / 5.335406e-01
PCG: 2 : 2.567571e-02 / 3.820219e-01
PCG: 3 : 2.401807e-02 / 3.573583e-01
PCG: 4 : 2.798499e-02 / 4.163811e-01
PCG: 5 : 2.812534e-02 / 4.184693e-01
PCG: 6 : 2.826509e-02 / 4.205485e-01
PCG: 0 : 2.826509e-02
PCG: 1 : 2.581645e-02 / 9.133688e-01
PCG: 2 : 2.548491e-02 / 9.016394e-01
PCG: 3 : 2.143591e-02 / 7.583885e-01
PCG: 4 : 2.113106e-02 / 7.476029e-01
PCG: 5 : 2.914522e-02 / 1.031139e+00
PCG: 6 : 4.961926e-02 / 1.755497e+00
PCG: 0 : 4.961926e-02
PCG: 1 : 2.815214e-02 / 5.673632e-01
PCG: 2 : 2.057814e-02 / 4.147208e-01
PCG: 3 : 1.949674e-02 / 3.929269e-01
PCG: 4 : 2.226402e-02 / 4.486972e-01
PCG: 5 : 2.205051e-02 / 4.443942e-01
PCG: 6 : 2.112588e-02 / 4.257596e-01
PCG: 0 : 2.112587e-02
PCG: 1 : 2.041326e-02 / 9.662680e-01
PCG: 2 : 2.038546e-02 / 9.649525e-01
PCG: 3 : 1.747636e-02 / 8.272492e-01
PCG: 4 : 1.734708e-02 / 8.211294e-01
PCG: 5 : 2.316323e-02 / 1.096439e+00
PCG: 6 : 3.696990e-02 / 1.749982e+00
PCG: 0 : 3.696989e-02
PCG: 1 : 2.212944e-02 / 5.985802e-01
PCG: 2 : 1.654121e-02 / 4.474239e-01
PCG: 3 : 1.576234e-02 / 4.263562e-01
PCG: 4 : 1.774123e-02 / 4.798831e-01
PCG: 5 : 1.733462e-02 / 4.688848e-01
PCG: 6 : 1.594876e-02 / 4.313986e-01
PCG: 0 : 1.594876e-02
PCG: 1 : 1.627931e-02 / 1.020726e+00
PCG: 2 : 1.638373e-02 / 1.027273e+00
PCG: 3 : 1.412295e-02 / 8.855202e-01
PCG: 4 : 1.408641e-02 / 8.832291e-01
PCG: 5 : 1.833984e-02 / 1.149923e+00
PCG: 6 : 2.785496e-02 / 1.746528e+00
PCG: 0 : 2.785496e-02
PCG: 1 : 1.747689e-02 / 6.274249e-01
PCG: 2 : 1.326464e-02 / 4.762040e-01
PCG: 3 : 1.266926e-02 / 4.548295e-01
PCG: 4 : 1.413054e-02 / 5.072899e-01
PCG: 5 : 1.366678e-02 / 4.906408e-01
PCG: 6 : 1.216288e-02 / 4.366505e-01
PCG: 0 : 1.216288e-02
PCG: 1 : 1.302050e-02 / 1.070511e+00
PCG: 2 : 1.313357e-02 / 1.079807e+00
PCG: 3 : 1.134282e-02 / 9.325764e-01
PCG: 4 : 1.133723e-02 / 9.321167e-01
PCG: 5 : 1.452406e-02 / 1.194130e+00
PCG: 6 : 2.127614e-02 / 1.749268e+00
PCG: 0 : 2.127614e-02
PCG: 1 : 1.385848e-02 / 6.513625e-01
PCG: 2 : 1.058040e-02 / 4.972895e-01
PCG: 3 : 1.013654e-02 / 4.764275e-01
PCG: 4 : 1.123261e-02 / 5.279442e-01
PCG: 5 : 1.081681e-02 / 5.084009e-01
PCG: 6 : 9.379564e-03 / 4.408490e-01
PCG: 0 : 9.379564e-03
PCG: 1 : 1.041901e-02 / 1.110820e+00
PCG: 2 : 1.047611e-02 / 1.116908e+00
PCG: 3 : 9.074358e-03 / 9.674606e-01
PCG: 4 : 9.054947e-03 / 9.653910e-01
PCG: 5 : 1.151493e-02 / 1.227662e+00
PCG: 6 : 1.644723e-02 / 1.753517e+00
PCG: 0 : 1.644723e-02
PCG: 1 : 1.101062e-02 / 6.694514e-01
PCG: 2 : 8.398247e-03 / 5.106178e-01
PCG: 3 : 8.089430e-03 / 4.918416e-01
PCG: 4 : 8.909999e-03 / 5.417326e-01
PCG: 5 : 8.587737e-03 / 5.221388e-01
PCG: 6 : 7.300077e-03 / 4.438485e-01
PCG: 0 : 7.300076e-03
PCG: 1 : 8.328608e-03 / 1.140893e+00
PCG: 2 : 8.322484e-03 / 1.140054e+00
PCG: 3 : 7.244046e-03 / 9.923248e-01
PCG: 4 : 7.192826e-03 / 9.853084e-01
PCG: 5 : 9.137900e-03 / 1.251754e+00
PCG: 6 : 1.282565e-02 / 1.756920e+00
PCG: 0 : 1.282565e-02
PCG: 1 : 8.752027e-03 / 6.823845e-01
PCG: 2 : 6.646053e-03 / 5.181844e-01
PCG: 3 : 6.446534e-03 / 5.026281e-01
PCG: 4 : 7.057182e-03 / 5.502396e-01
PCG: 5 : 6.829641e-03 / 5.324985e-01
PCG: 6 : 5.718526e-03 / 4.458663e-01
PCG: 0 : 5.718525e-03
PCG: 1 : 6.647195e-03 / 1.162397e+00
PCG: 2 : 6.595880e-03 / 1.153423e+00
PCG: 3 : 5.775151e-03 / 1.009902e+00
PCG: 4 : 5.696138e-03 / 9.960852e-01
PCG: 5 : 7.255075e-03 / 1.268697e+00
PCG: 6 : 1.005920e-02 / 1.759055e+00
PCG: 0 : 1.005920e-02
PCG: 1 : 6.955186e-03 / 6.914253e-01
PCG: 2 : 5.252416e-03 / 5.221505e-01
PCG: 3 : 5.131775e-03 / 5.101573e-01
PCG: 4 : 5.585659e-03 / 5.552786e-01
PCG: 5 : 5.434345e-03 / 5.402363e-01
PCG: 6 : 4.498605e-03 / 4.472130e-01
PCG: 0 : 4.498605e-03
PCG: 1 : 5.297117e-03 / 1.177502e+00
PCG: 2 : 5.221942e-03 / 1.160791e+00
PCG: 3 : 4.599018e-03 / 1.022321e+00
PCG: 4 : 4.504920e-03 / 1.001404e+00
PCG: 5 : 5.760685e-03 / 1.280549e+00
PCG: 6 : 7.918412e-03 / 1.760193e+00
PCG: 0 : 7.918411e-03
PCG: 1 : 5.524810e-03 / 6.977171e-01
PCG: 2 : 4.149846e-03 / 5.240756e-01
PCG: 3 : 4.081238e-03 / 5.154113e-01
PCG: 4 : 4.420187e-03 / 5.582164e-01
PCG: 5 : 4.323374e-03 / 5.459901e-01
PCG: 6 : 3.548467e-03 / 4.481286e-01
PCG: 0 : 3.548466e-03
PCG: 1 : 4.215782e-03 / 1.188057e+00
PCG: 2 : 4.132963e-03 / 1.164718e+00
PCG: 3 : 3.658749e-03 / 1.031079e+00
PCG: 4 : 3.561727e-03 / 1.003737e+00
PCG: 5 : 4.573396e-03 / 1.288837e+00
PCG: 6 : 6.247695e-03 / 1.760675e+00
PCG: 0 : 6.247695e-03
PCG: 1 : 4.386606e-03 / 7.021160e-01
PCG: 2 : 3.279525e-03 / 5.249177e-01
PCG: 3 : 3.243002e-03 / 5.190718e-01
PCG: 4 : 3.498232e-03 / 5.599237e-01
PCG: 5 : 3.437889e-03 / 5.502652e-01
PCG: 6 : 2.803839e-03 / 4.487798e-01
PCG: 0 : 2.803839e-03
PCG: 1 : 3.351762e-03 / 1.195419e+00
PCG: 2 : 3.271253e-03 / 1.166705e+00
PCG: 3 : 2.908183e-03 / 1.037215e+00
PCG: 4 : 2.816539e-03 / 1.004530e+00
PCG: 5 : 3.629920e-03 / 1.294625e+00
PCG: 6 : 4.936672e-03 / 1.760683e+00
PCG: 0 : 4.936672e-03
PCG: 1 : 3.481555e-03 / 7.052433e-01
PCG: 2 : 2.592905e-03 / 5.252335e-01
PCG: 3 : 2.575090e-03 / 5.216248e-01
PCG: 4 : 2.769089e-03 / 5.609223e-01
PCG: 5 : 2.732269e-03 / 5.534638e-01
PCG: 6 : 2.217967e-03 / 4.492838e-01
PCG: 0 : 2.217967e-03
PCG: 1 : 2.662774e-03 / 1.200547e+00
PCG: 2 : 2.589633e-03 / 1.167571e+00
PCG: 3 : 2.309913e-03 / 1.041455e+00
PCG: 4 : 2.228106e-03 / 1.004571e+00
PCG: 5 : 2.880379e-03 / 1.298657e+00
PCG: 6 : 3.904236e-03 / 1.760277e+00
PCG: 0 : 3.904236e-03
PCG: 1 : 2.762445e-03 / 7.075508e-01
PCG: 2 : 2.051076e-03 / 5.253462e-01
PCG: 3 : 2.043564e-03 / 5.234224e-01
PCG: 4 : 2.192303e-03 / 5.615191e-01
PCG: 5 : 2.170405e-03 / 5.559103e-01
PCG: 6 : 1.755833e-03 / 4.497251e-01
PCG: 0 : 1.755833e-03
PCG: 1 : 2.114247e-03 / 1.204128e+00
PCG: 2 : 2.050341e-03 / 1.167732e+00
PCG: 3 : 1.833632e-03 / 1.044309e+00
PCG: 4 : 1.763380e-03 / 1.004298e+00
PCG: 5 : 2.285163e-03 / 1.301470e+00
PCG: 6 : 3.089229e-03 / 1.759409e+00
PCG: 0 : 3.089229e-03
PCG: 1 : 2.191461e-03 / 7.093877e-01
PCG: 2 : 1.623284e-03 / 5.254657e-01
PCG: 3 : 1.621015e-03 / 5.247313e-01
PCG: 4 : 1.735829e-03 / 5.618973e-01
PCG: 5 : 1.723406e-03 / 5.578760e-01
PCG: 6 : 1.390729e-03 / 4.501864e-01
PCG: 0 : 1.390728e-03
PCG: 1 : 1.678099e-03 / 1.206633e+00
PCG: 2 : 1.623443e-03 / 1.167333e+00
PCG: 3 : 1.454844e-03 / 1.046102e+00
PCG: 4 : 1.396190e-03 / 1.003927e+00
PCG: 5 : 1.812708e-03 / 1.303424e+00
PCG: 6 : 2.444712e-03 / 1.757865e+00
PCG: 0 : 2.444712e-03
PCG: 1 : 1.738341e-03 / 7.110617e-01
PCG: 2 : 1.285348e-03 / 5.257666e-01
PCG: 3 : 1.285360e-03 / 5.257716e-01
PCG: 4 : 1.374385e-03 / 5.621871e-01
PCG: 5 : 1.368102e-03 / 5.596169e-01
PCG: 6 : 1.102002e-03 / 4.507696e-01
PCG: 0 : 1.102002e-03
PCG: 1 : 1.331648e-03 / 1.208390e+00
PCG: 2 : 1.285314e-03 / 1.166345e+00
PCG: 3 : 1.153796e-03 / 1.047000e+00
PCG: 4 : 1.105899e-03 / 1.003537e+00
PCG: 5 : 1.437836e-03 / 1.304749e+00
PCG: 6 : 1.934330e-03 / 1.755287e+00
PCG: 0 : 1.934330e-03
PCG: 1 : 1.378912e-03 / 7.128630e-01
PCG: 2 : 1.018266e-03 / 5.264180e-01
PCG: 3 : 1.018855e-03 / 5.267224e-01
PCG: 4 : 1.088019e-03 / 5.624784e-01
PCG: 5 : 1.085897e-03 / 5.613813e-01
PCG: 6 : 8.735186e-04 / 4.515873e-01
PCG: 0 : 8.735186e-04
PCG: 1 : 1.056642e-03 / 1.209638e+00
PCG: 2 : 1.017312e-03 / 1.164614e+00
PCG: 3 : 9.146172e-04 / 1.047049e+00
PCG: 4 : 8.762401e-04 / 1.003116e+00
PCG: 5 : 1.140462e-03 / 1.305595e+00
PCG: 6 : 1.529740e-03 / 1.751240e+00
PCG: 0 : 1.529740e-03
PCG: 1 : 1.093893e-03 / 7.150843e-01
PCG: 2 : 8.070748e-04 / 5.275894e-01
PCG: 3 : 8.072866e-04 / 5.277280e-01
PCG: 4 : 8.609738e-04 / 5.628236e-01
PCG: 5 : 8.618857e-04 / 5.634196e-01
PCG: 6 : 6.926170e-04 / 4.527678e-01
PCG: 0 : 6.926170e-04
PCG: 1 : 8.384286e-04 / 1.210523e+00
PCG: 2 : 8.047299e-04 / 1.161868e+00
PCG: 3 : 7.245744e-04 / 1.046140e+00
PCG: 4 : 6.943041e-04 / 1.002436e+00
PCG: 5 : 9.045571e-04 / 1.305999e+00
PCG: 6 : 1.208800e-03 / 1.745264e+00
PCG: 0 : 1.208800e-03
PCG: 1 : 8.678918e-04 / 7.179782e-01
PCG: 2 : 6.399279e-04 / 5.293913e-01
PCG: 3 : 6.392811e-04 / 5.288562e-01
PCG: 4 : 6.808089e-04 / 5.632108e-01
PCG: 5 : 6.841312e-04 / 5.659592e-01
PCG: 6 : 5.492956e-04 / 4.544142e-01
PCG: 0 : 5.492956e-04
PCG: 1 : 6.652529e-04 / 1.211102e+00
PCG: 2 : 6.359732e-04 / 1.157798e+00
PCG: 3 : 5.734645e-04 / 1.044000e+00
PCG: 4 : 5.497733e-04 / 1.000870e+00
PCG: 5 : 7.173112e-04 / 1.305875e+00
PCG: 6 : 9.542666e-04 / 1.737255e+00
PCG: 0 : 9.542666e-04
PCG: 1 : 6.886092e-04 / 7.216110e-01
PCG: 2 : 5.073661e-04 / 5.316818e-01
PCG: 3 : 5.057324e-04 / 5.299697e-01
PCG: 4 : 5.376884e-04 / 5.634572e-01
PCG: 5 : 5.430543e-04 / 5.690802e-01
PCG: 6 : 4.355995e-04 / 4.564757e-01
PCG: 0 : 4.355995e-04
PCG: 1 : 5.276553e-04 / 1.211331e+00
PCG: 2 : 5.019009e-04 / 1.152207e+00
PCG: 3 : 4.531057e-04 / 1.040189e+00
PCG: 4 : 4.343177e-04 / 9.970573e-01
PCG: 5 : 5.684812e-04 / 1.305055e+00
PCG: 6 : 7.527813e-04 / 1.728150e+00
PCG: 0 : 7.527813e-04
PCG: 1 : 5.462033e-04 / 7.255804e-01
PCG: 2 : 4.017662e-04 / 5.337090e-01
PCG: 3 : 3.993534e-04 / 5.305039e-01
PCG: 4 : 4.238435e-04 / 5.630367e-01
PCG: 5 : 4.309502e-04 / 5.724773e-01
PCG: 6 : 3.451966e-04 / 4.585616e-01
PCG: 0 : 3.451965e-04
PCG: 1 : 4.180350e-04 / 1.211006e+00
PCG: 2 : 3.952981e-04 / 1.145139e+00
PCG: 3 : 3.569382e-04 / 1.034014e+00
PCG: 4 : 3.412683e-04 / 9.886202e-01
PCG: 5 : 4.499271e-04 / 1.303394e+00
PCG: 6 : 5.939227e-04 / 1.720535e+00
PCG: 0 : 5.939226e-04
PCG: 1 : 4.328140e-04 / 7.287380e-01
PCG: 2 : 3.169736e-04 / 5.336952e-01
PCG: 3 : 3.143173e-04 / 5.292227e-01
PCG: 4 : 3.331559e-04 / 5.609416e-01
PCG: 5 : 3.416275e-04 / 5.752054e-01
PCG: 6 : 2.730869e-04 / 4.598021e-01
PCG: 0 : 2.730869e-04
PCG: 1 : 3.303696e-04 / 1.209760e+00
PCG: 2 : 3.104584e-04 / 1.136848e+00
PCG: 3 : 2.797679e-04 / 1.024465e+00
PCG: 4 : 2.656177e-04 / 9.726490e-01
PCG: 5 : 3.553297e-04 / 1.301160e+00
PCG: 6 : 4.693157e-04 / 1.718558e+00
PCG: 0 : 4.693157e-04
PCG: 1 : 3.422750e-04 / 7.293065e-01
PCG: 2 : 2.481839e-04 / 5.288208e-01
PCG: 3 : 2.460506e-04 / 5.242753e-01
PCG: 4 : 2.608933e-04 / 5.559016e-01
PCG: 5 : 2.701797e-04 / 5.756887e-01
PCG: 6 : 2.154419e-04 / 4.590555e-01
PCG: 0 : 2.154419e-04
PCG: 1 : 2.601033e-04 / 1.207301e+00
PCG: 2 : 2.429251e-04 / 1.127567e+00
PCG: 3 : 2.177217e-04 / 1.010582e+00
PCG: 4 : 2.043247e-04 / 9.483982e-01
PCG: 5 : 2.800023e-04 / 1.299665e+00
PCG: 6 : 3.718747e-04 / 1.726102e+00
PCG: 0 : 3.718747e-04
PCG: 1 : 2.699465e-04 / 7.259071e-01
PCG: 2 : 1.920766e-04 / 5.165090e-01
PCG: 3 : 1.912038e-04 / 5.141618e-01
PCG: 4 : 2.035542e-04 / 5.473730e-01
PCG: 5 : 2.128766e-04 / 5.724416e-01
PCG: 6 : 1.694861e-04 / 4.557613e-01
PCG: 0 : 1.694861e-04
PCG: 1 : 2.040491e-04 / 1.203928e+00
PCG: 2 : 1.894150e-04 / 1.117584e+00
PCG: 3 : 1.682939e-04 / 9.929660e-01
PCG: 4 : 1.560662e-04 / 9.208198e-01
PCG: 5 : 2.204727e-04 / 1.300830e+00
PCG: 6 : 2.954511e-04 / 1.743217e+00
PCG: 0 : 2.954511e-04
PCG: 1 : 2.124972e-04 / 7.192298e-01
PCG: 2 : 1.469339e-04 / 4.973206e-01
PCG: 3 : 1.476527e-04 / 4.997534e-01
PCG: 4 : 1.586062e-04 / 5.368273e-01
PCG: 5 : 1.670655e-04 / 5.654591e-01
PCG: 6 : 1.332224e-04 / 4.509120e-01
PCG: 0 : 1.332224e-04
PCG: 1 : 1.599597e-04 / 1.200696e+00
PCG: 2 : 1.475947e-04 / 1.107882e+00
PCG: 3 : 1.299300e-04 / 9.752859e-01
PCG: 4 : 1.196551e-04 / 8.981599e-01
PCG: 5 : 1.738032e-04 / 1.304609e+00
PCG: 6 : 2.350185e-04 / 1.764106e+00
PCG: 0 : 2.350185e-04
PCG: 1 : 1.673627e-04 / 7.121255e-01
PCG: 2 : 1.120142e-04 / 4.766185e-01
PCG: 3 : 1.140022e-04 / 4.850776e-01
PCG: 4 : 1.238998e-04 / 5.271915e-01
PCG: 5 : 1.309040e-04 / 5.569944e-01
PCG: 6 : 1.049368e-04 / 4.465045e-01
PCG: 0 : 1.049368e-04
PCG: 1 : 1.257593e-04 / 1.198429e+00
PCG: 2 : 1.154381e-04 / 1.100073e+00
PCG: 3 : 1.009526e-04 / 9.620326e-01
PCG: 4 : 9.276677e-05 / 8.840250e-01
PCG: 5 : 1.373138e-04 / 1.308538e+00
PCG: 6 : 1.869219e-04 / 1.781281e+00
PCG: 0 : 1.869219e-04
PCG: 1 : 1.321503e-04 / 7.069814e-01
PCG: 2 : 8.610149e-05 / 4.606281e-01
PCG: 3 : 8.864991e-05 / 4.742617e-01
PCG: 4 : 9.728749e-05 / 5.204713e-01
PCG: 5 : 1.028063e-04 / 5.499958e-01
PCG: 6 : 8.293770e-05 / 4.437024e-01
PCG: 0 : 8.293769e-05
PCG: 1 : 9.927501e-05 / 1.196983e+00
PCG: 2 : 9.081099e-05 / 1.094930e+00
PCG: 3 : 7.916099e-05 / 9.544635e-01
PCG: 4 : 7.269638e-05 / 8.765180e-01
PCG: 5 : 1.087217e-04 / 1.310885e+00
PCG: 6 : 1.485955e-04 / 1.791652e+00
PCG: 0 : 1.485954e-04
PCG: 1 : 1.046178e-04 / 7.040444e-01
PCG: 2 : 6.703943e-05 / 4.511540e-01
PCG: 3 : 6.956855e-05 / 4.681742e-01
PCG: 4 : 7.676947e-05 / 5.166341e-01
PCG: 5 : 8.108231e-05 / 5.456581e-01
PCG: 6 : 6.572645e-05 / 4.423181e-01
PCG: 0 : 6.572644e-05
PCG: 1 : 7.860409e-05 / 1.195928e+00
PCG: 2 : 7.176845e-05 / 1.091927e+00
PCG: 3 : 6.250314e-05 / 9.509588e-01
PCG: 4 : 5.735882e-05 / 8.726902e-01
PCG: 5 : 8.621551e-05 / 1.311733e+00
PCG: 6 : 1.180889e-04 / 1.796673e+00
PCG: 0 : 1.180889e-04
PCG: 1 : 8.295716e-05 / 7.024975e-01
PCG: 2 : 5.271058e-05 / 4.463636e-01
PCG: 3 : 5.495311e-05 / 4.653537e-01
PCG: 4 : 6.077480e-05 / 5.146530e-01
PCG: 5 : 6.416781e-05 / 5.433857e-01
PCG: 6 : 5.216459e-05 / 4.417400e-01
PCG: 0 : 5.216459e-05
PCG: 1 : 6.233862e-05 / 1.195037e+00
PCG: 2 : 5.686814e-05 / 1.090168e+00
PCG: 3 : 4.953625e-05 / 9.496146e-01
PCG: 4 : 4.541564e-05 / 8.706220e-01
PCG: 5 : 6.842484e-05 / 1.311711e+00
PCG: 6 : 9.383174e-05 / 1.798763e+00
PCG: 0 : 9.383172e-05
PCG: 1 : 6.583481e-05 / 7.016264e-01
PCG: 2 : 4.166701e-05 / 4.440610e-01
PCG: 3 : 4.355942e-05 / 4.642291e-01
PCG: 4 : 4.819370e-05 / 5.136184e-01
PCG: 5 : 5.087961e-05 / 5.422432e-01
PCG: 6 : 4.142987e-05 / 4.415337e-01
PCG: 0 : 4.142986e-05
PCG: 1 : 4.947658e-05 / 1.194225e+00
PCG: 2 : 4.511820e-05 / 1.089026e+00
PCG: 3 : 3.932714e-05 / 9.492462e-01
PCG: 4 : 3.601657e-05 / 8.693383e-01
PCG: 5 : 5.432584e-05 / 1.311272e+00
PCG: 6 : 7.455308e-05 / 1.799501e+00
PCG: 0 : 7.455307e-05
PCG: 1 : 5.226560e-05 / 7.010523e-01
PCG: 2 : 3.302001e-05 / 4.429061e-01
PCG: 3 : 3.458312e-05 / 4.638725e-01
PCG: 4 : 3.824736e-05 / 5.130219e-01
PCG: 5 : 4.037984e-05 / 5.416254e-01
PCG: 6 : 3.291400e-05 / 4.414842e-01
PCG: 0 : 3.291400e-05
PCG: 1 : 3.928146e-05 / 1.193458e+00
PCG: 2 : 3.581610e-05 / 1.088172e+00
PCG: 3 : 3.124468e-05 / 9.492824e-01
PCG: 4 : 2.858244e-05 / 8.683978e-01
PCG: 5 : 4.313877e-05 / 1.310651e+00
PCG: 6 : 5.923411e-05 / 1.799663e+00
PCG: 0 : 5.923410e-05
PCG: 1 : 4.149967e-05 / 7.006043e-01
PCG: 2 : 2.619629e-05 / 4.422502e-01
PCG: 3 : 2.747497e-05 / 4.638370e-01
PCG: 4 : 3.036466e-05 / 5.126213e-01
PCG: 5 : 3.205972e-05 / 5.412375e-01
PCG: 6 : 2.615157e-05 / 4.414951e-01
PCG: 0 : 2.615157e-05
PCG: 1 : 3.119178e-05 / 1.192731e+00
PCG: 2 : 2.843880e-05 / 1.087461e+00
PCG: 3 : 2.483035e-05 / 9.494786e-01
PCG: 4 : 2.268962e-05 / 8.676201e-01
PCG: 5 : 3.425771e-05 / 1.309968e+00
PCG: 6 : 4.706257e-05 / 1.799608e+00
PCG: 0 : 4.706256e-05
PCG: 1 : 3.295375e-05 / 7.002115e-01
PCG: 2 : 2.079269e-05 / 4.418096e-01
PCG: 3 : 2.183367e-05 / 4.639287e-01
PCG: 4 : 2.411050e-05 / 5.123075e-01
PCG: 5 : 2.545836e-05 / 5.409473e-01
PCG: 6 : 2.077936e-05 / 4.415264e-01
PCG: 0 : 2.077936e-05
PCG: 1 : 2.476986e-05 / 1.192041e+00
PCG: 2 : 2.258353e-05 / 1.086825e+00
PCG: 3 : 1.973478e-05 / 9.497299e-01
PCG: 4 : 1.801427e-05 / 8.669307e-01
PCG: 5 : 2.720590e-05 / 1.309275e+00
PCG: 6 : 3.739180e-05 / 1.799469e+00
PCG: 0 : 3.739180e-05
PCG: 1 : 2.616866e-05 / 6.998503e-01
PCG: 2 : 1.650726e-05 / 4.414674e-01
PCG: 3 : 1.735234e-05 / 4.640681e-01
PCG: 4 : 1.914599e-05 / 5.120370e-01
PCG: 5 : 2.021786e-05 / 5.407031e-01
PCG: 6 : 1.651101e-05 / 4.415676e-01
PCG: 0 : 1.651101e-05
PCG: 1 : 1.967080e-05 / 1.191375e+00
PCG: 2 : 1.793472e-05 / 1.086228e+00
PCG: 3 : 1.568523e-05 / 9.499865e-01
PCG: 4 : 1.430327e-05 / 8.662871e-01
PCG: 5 : 2.160605e-05 / 1.308584e+00
PCG: 6 : 2.970800e-05 / 1.799284e+00
PCG: 0 : 2.970799e-05
PCG: 1 : 2.078108e-05 / 6.995113e-01
PCG: 2 : 1.310641e-05 / 4.411744e-01
PCG: 3 : 1.379114e-05 / 4.642231e-01
PCG: 4 : 1.520431e-05 / 5.117919e-01
PCG: 5 : 1.605671e-05 / 5.404847e-01
PCG: 6 : 1.311936e-05 / 4.416106e-01
PCG: 0 : 1.311936e-05
PCG: 1 : 1.562177e-05 / 1.190742e+00
PCG: 2 : 1.424324e-05 / 1.085666e+00
PCG: 3 : 1.246659e-05 / 9.502435e-01
PCG: 4 : 1.135722e-05 / 8.656839e-01
PCG: 5 : 1.715904e-05 / 1.307917e+00
PCG: 6 : 2.360310e-05 / 1.799104e+00
PCG: 0 : 2.360310e-05
PCG: 1 : 1.650297e-05 / 6.991867e-01
PCG: 2 : 1.040677e-05 / 4.409071e-01
PCG: 3 : 1.096075e-05 / 4.643774e-01
PCG: 4 : 1.207442e-05 / 5.115609e-01
PCG: 5 : 1.275225e-05 / 5.402788e-01
PCG: 6 : 1.042434e-05 / 4.416513e-01
PCG: 0 : 1.042434e-05
PCG: 1 : 1.240639e-05 / 1.190137e+00
PCG: 2 : 1.131178e-05 / 1.085132e+00
PCG: 3 : 9.908228e-06 / 9.504900e-01
PCG: 4 : 9.018231e-06 / 8.651131e-01
PCG: 5 : 1.362748e-05 / 1.307275e+00
PCG: 6 : 1.875260e-05 / 1.798925e+00
PCG: 0 : 1.875260e-05
PCG: 1 : 1.310576e-05 / 6.988773e-01
PCG: 2 : 8.263514e-06 / 4.406597e-01
PCG: 3 : 8.711126e-06 / 4.645290e-01
PCG: 4 : 9.588993e-06 / 5.113421e-01
PCG: 5 : 1.012801e-05 / 5.400859e-01
PCG: 6 : 8.282904e-06 / 4.416937e-01
PCG: 0 : 8.282903e-06
PCG: 1 : 9.852953e-06 / 1.189553e+00
PCG: 2 : 8.983749e-06 / 1.084614e+00
PCG: 3 : 7.874713e-06 / 9.507189e-01
PCG: 4 : 7.161117e-06 / 8.645661e-01
PCG: 5 : 1.082287e-05 / 1.306652e+00
PCG: 6 : 1.489873e-05 / 1.798733e+00
PCG: 0 : 1.489873e-05
PCG: 1 : 1.040802e-05 / 6.985843e-01
PCG: 2 : 6.561814e-06 / 4.404278e-01
PCG: 3 : 6.923082e-06 / 4.646760e-01
PCG: 4 : 7.615267e-06 / 5.111353e-01
PCG: 5 : 8.043893e-06 / 5.399046e-01
PCG: 6 : 6.581305e-06 / 4.417360e-01
PCG: 0 : 6.581304e-06
PCG: 1 : 7.825142e-06 / 1.188996e+00
PCG: 2 : 7.134902e-06 / 1.084117e+00
PCG: 3 : 6.258407e-06 / 9.509372e-01
PCG: 4 : 5.686535e-06 / 8.640438e-01
PCG: 5 : 8.595536e-06 / 1.306054e+00
PCG: 6 : 1.183684e-05 / 1.798555e+00
PCG: 0 : 1.183684e-05
PCG: 1 : 8.265670e-06 / 6.983004e-01
PCG: 2 : 5.210653e-06 / 4.402065e-01
PCG: 3 : 5.501947e-06 / 4.648155e-01
PCG: 4 : 6.047868e-06 / 5.109360e-01
PCG: 5 : 6.388702e-06 / 5.397304e-01
PCG: 6 : 5.229229e-06 / 4.417758e-01
PCG: 0 : 5.229229e-06
PCG: 1 : 6.214738e-06 / 1.188462e+00
PCG: 2 : 5.666600e-06 / 1.083640e+00
PCG: 3 : 4.973744e-06 / 9.511428e-01
PCG: 4 : 4.515668e-06 / 8.635437e-01
PCG: 5 : 6.826643e-06 / 1.305478e+00
PCG: 6 : 9.404144e-06 / 1.798381e+00
PCG: 0 : 9.404144e-06
PCG: 1 : 6.564371e-06 / 6.980296e-01
PCG: 2 : 4.137788e-06 / 4.399962e-01
PCG: 3 : 4.372450e-06 / 4.649493e-01
PCG: 4 : 4.803119e-06 / 5.107449e-01
PCG: 5 : 5.074146e-06 / 5.395649e-01
PCG: 6 : 4.154909e-06 / 4.418168e-01
PCG: 0 : 4.154908e-06
PCG: 1 : 4.935799e-06 / 1.187944e+00
PCG: 2 : 4.500491e-06 / 1.083174e+00
PCG: 3 : 3.952699e-06 / 9.513325e-01
PCG: 4 : 3.585942e-06 / 8.630615e-01
PCG: 5 : 5.421827e-06 / 1.304921e+00
PCG: 6 : 7.471357e-06 / 1.798200e+00
PCG: 0 : 7.471356e-06
PCG: 1 : 5.213305e-06 / 6.977722e-01
PCG: 2 : 3.285875e-06 / 4.397963e-01
PCG: 3 : 3.474760e-06 / 4.650775e-01
PCG: 4 : 3.814593e-06 / 5.105624e-01
PCG: 5 : 4.030100e-06 / 5.394068e-01
PCG: 6 : 3.301265e-06 / 4.418563e-01
PCG: 0 : 3.301265e-06
PCG: 1 : 3.920084e-06 / 1.187449e+00
PCG: 2 : 3.574375e-06 / 1.082729e+00
PCG: 3 : 3.141205e-06 / 9.515156e-01
PCG: 4 : 2.847675e-06 / 8.626012e-01
PCG: 5 : 4.306133e-06 / 1.304389e+00
PCG: 6 : 5.935788e-06 / 1.798034e+00
PCG: 0 : 5.935787e-06
PCG: 1 : 4.140348e-06 / 6.975230e-01
PCG: 2 : 2.609395e-06 / 4.396039e-01
PCG: 3 : 2.761321e-06 / 4.651988e-01
PCG: 4 : 3.029538e-06 / 5.103853e-01
PCG: 5 : 3.200900e-06 / 5.392545e-01
PCG: 6 : 2.622981e-06 / 4.418927e-01
PCG: 0 : 2.622981e-06
PCG: 1 : 3.113414e-06 / 1.186976e+00
PCG: 2 : 2.838854e-06 / 1.082301e+00
PCG: 3 : 2.496263e-06 / 9.516895e-01
PCG: 4 : 2.261432e-06 / 8.621609e-01
PCG: 5 : 3.420048e-06 / 1.303878e+00
PCG: 6 : 4.715797e-06 / 1.797877e+00
PCG: 0 : 4.715797e-06
PCG: 1 : 3.288247e-06 / 6.972834e-01
PCG: 2 : 2.072216e-06 / 4.394202e-01
PCG: 3 : 2.194331e-06 / 4.653149e-01
PCG: 4 : 2.406067e-06 / 5.102143e-01
PCG: 5 : 2.542328e-06 / 5.391089e-01
PCG: 6 : 2.084055e-06 / 4.419306e-01
PCG: 0 : 2.084055e-06
PCG: 1 : 2.472761e-06 / 1.186514e+00
PCG: 2 : 2.254698e-06 / 1.081880e+00
PCG: 3 : 1.983702e-06 / 9.518473e-01
PCG: 4 : 1.795899e-06 / 8.617328e-01
PCG: 5 : 2.716314e-06 / 1.303379e+00
PCG: 6 : 3.746520e-06 / 1.797707e+00
PCG: 0 : 3.746520e-06
PCG: 1 : 2.611533e-06 / 6.970556e-01
PCG: 2 : 1.645644e-06 / 4.392461e-01
PCG: 3 : 1.743732e-06 / 4.654273e-01
PCG: 4 : 1.910918e-06 / 5.100515e-01
PCG: 5 : 2.019266e-06 / 5.389711e-01
PCG: 6 : 1.655842e-06 / 4.419679e-01
PCG: 0 : 1.655841e-06
PCG: 1 : 1.963949e-06 / 1.186073e+00
PCG: 2 : 1.790754e-06 / 1.081477e+00
PCG: 3 : 1.576363e-06 / 9.520013e-01
PCG: 4 : 1.426216e-06 / 8.613239e-01
PCG: 5 : 2.157399e-06 / 1.302902e+00
PCG: 6 : 2.976466e-06 / 1.797555e+00

PCG ( VCycle ( S: Scale / C: Scale )  )

Complete solver TOE: 0.76843
27.1573 GFlop/s [27.1573 GFlops/s]

Total time: 0.76843s
Accumulated op time: 0.600841

Reductions: 73.7357%
Blas-1: 2.32982%
Blas-2: 2.12524%
Precon Kernels: 0%
MPI Execution: 0%
MPI Wait: 0%
Not covered: 21.8093%

Domain size: 48.0179 MByte
LA size: 119.742 MByte
MPI size: 2.67099 MByte

H0-Error: 5.203304e-06
H1-Error: 4.034451e-03

Writing DATA to output.data...
Run-Time: 0:01.494 [0:01.494]
0x31d198e880 Error: MemoryPool<CUDA> still contains memory chunks on deconstructor call
