NUM-PROCS: 1
Preparing domain...
LVL-MIN: 4 [4]
LVL-MAX: 6 [6]
Creating gates...
Assembling system matrices...
Assembling system filters...
Assembling transfer matrices...
Converting assembled linear system from SparseMatrixCSR, Mem:main to SparseMatrixCSR, Mem:mainand to SparseMatrixCSR, Mem:main...
PCG: 0 : 1.512630e-01
PCG: 1 : 2.707138e-01 / 1.789689e+00
PCG: 2 : 2.456829e-01 / 1.624210e+00
PCG: 3 : 3.589467e-01 / 2.372998e+00
PCG: 4 : 1.869210e-01 / 1.235735e+00
PCG: 0 : 1.922710e-01
PCG: 1 : 1.177495e-01 / 6.124142e-01
PCG: 2 : 4.152435e-02 / 2.159678e-01
PCG: 3 : 1.621500e-02 / 8.433411e-02
PCG: 4 : 1.709229e-02 / 8.889691e-02
PCG: 0 : 1.709229e-02
PCG: 1 : 7.640229e-03 / 4.469985e-01
PCG: 2 : 4.894301e-03 / 2.863455e-01
PCG: 3 : 8.500555e-03 / 4.973327e-01
PCG: 4 : 7.162021e-03 / 4.190205e-01
PCG: 0 : 7.162021e-03
PCG: 1 : 4.714249e-03 / 6.582289e-01
PCG: 2 : 1.738419e-03 / 2.427275e-01
PCG: 3 : 1.843702e-03 / 2.574276e-01
PCG: 4 : 2.301026e-03 / 3.212817e-01
PCG: 0 : 2.301026e-03
PCG: 1 : 1.348820e-03 / 5.861819e-01
PCG: 2 : 1.111581e-03 / 4.830806e-01
PCG: 3 : 1.260239e-03 / 5.476857e-01
PCG: 4 : 1.034708e-03 / 4.496726e-01
PCG: 0 : 1.034708e-03
PCG: 1 : 8.353296e-04 / 8.073094e-01
PCG: 2 : 4.752965e-04 / 4.593532e-01
PCG: 3 : 3.477529e-04 / 3.360880e-01
PCG: 4 : 4.001429e-04 / 3.867205e-01
PCG: 0 : 4.001429e-04
PCG: 1 : 2.814063e-04 / 7.032646e-01
PCG: 2 : 2.712365e-04 / 6.778490e-01
PCG: 3 : 2.257367e-04 / 5.641401e-01
PCG: 4 : 1.962626e-04 / 4.904813e-01
PCG: 0 : 1.962626e-04
PCG: 1 : 1.690369e-04 / 8.612793e-01
PCG: 2 : 1.142526e-04 / 5.821415e-01
PCG: 3 : 6.926814e-05 / 3.529361e-01
PCG: 4 : 8.000090e-05 / 4.076218e-01
PCG: 0 : 8.000089e-05
PCG: 1 : 5.873021e-05 / 7.341195e-01
PCG: 2 : 6.096366e-05 / 7.620372e-01
PCG: 3 : 4.887074e-05 / 6.108775e-01
PCG: 4 : 3.986659e-05 / 4.983268e-01
PCG: 0 : 3.986658e-05
PCG: 1 : 3.481551e-05 / 8.733006e-01
PCG: 2 : 2.536466e-05 / 6.362385e-01
PCG: 3 : 1.522909e-05 / 3.820015e-01
PCG: 4 : 1.655993e-05 / 4.153838e-01
PCG: 0 : 1.655993e-05
PCG: 1 : 1.199649e-05 / 7.244290e-01
PCG: 2 : 1.334991e-05 / 8.061572e-01
PCG: 3 : 1.084241e-05 / 6.547379e-01
PCG: 4 : 8.440717e-06 / 5.097073e-01
PCG: 0 : 8.440719e-06
PCG: 1 : 7.128929e-06 / 8.445878e-01
PCG: 2 : 5.452919e-06 / 6.460254e-01
PCG: 3 : 3.381001e-06 / 4.005584e-01
PCG: 4 : 3.583047e-06 / 4.244955e-01
PCG: 0 : 3.583047e-06
PCG: 1 : 2.462843e-06 / 6.873599e-01
PCG: 2 : 2.849439e-06 / 7.952557e-01
PCG: 3 : 2.409751e-06 / 6.725425e-01
PCG: 4 : 1.873944e-06 / 5.230030e-01

PCG ( VCycle ( S: Scale / C: Scale )  )

Complete solver TOE: 0.036456
0.866273 GFlop/s [0.866273 GFlops/s]

Total time: 0.036456s
Accumulated op time: 0.032618

Reductions: 1.76377%
Blas-1: 5.56561%
Blas-2: 82.1429%
Precon Kernels: 0%
MPI Execution: 0%
MPI Wait: 0%
Not covered: 10.5278%

Domain size: 0.42572 MByte
LA size: 1.37825 MByte
MPI size: 0.0427704 MByte

H0-Error: 1.106556e-04
H1-Error: 3.227246e-02

Writing DATA to output.data...
Run-Time: 0:00.081 [0:00.081]
0xb32e39f8 Error: MemoryPool<CPU> still contains memory chunks on deconstructor call
