NUM-PROCS: 1
Preparing domain...
LVL-MIN: 3 [3]
LVL-MAX: 8 [8]
Creating gates...
Assembling system matrices...
Assembling system filters...
Assembling transfer matrices...
Converting assembled linear system from SparseMatrixCSR, Mem:main to SparseMatrixELL, Mem:cudaand to SparseMatrixELL, Mem:cuda...
PCG: 0 : 3.788187e-02
PCG: 1 : 3.863712e-02 / 1.019937e+00
PCG: 2 : 4.165917e-02 / 1.099712e+00
PCG: 3 : 2.963624e-02 / 7.823329e-01
PCG: 4 : 5.199960e-03 / 1.372678e-01
PCG: 5 : 5.305740e-04 / 1.400601e-02
PCG: 6 : 9.290680e-05 / 2.452540e-03
PCG: 7 : 2.191696e-05 / 5.785606e-04
PCG: 8 : 2.786974e-06 / 7.357011e-05
PCG: 0 : 1.544512e-03
PCG: 1 : 1.678698e-04 / 1.086879e-01
PCG: 2 : 2.477277e-04 / 1.603922e-01
PCG: 3 : 9.794648e-05 / 6.341581e-02
PCG: 4 : 4.251749e-05 / 2.752811e-02
PCG: 5 : 8.130225e-06 / 5.263944e-03
PCG: 6 : 7.828551e-07 / 5.068624e-04
PCG: 7 : 1.136495e-07 / 7.358276e-05
PCG: 8 : 2.486133e-08 / 1.609656e-05
PCG: 0 : 2.543810e-08
PCG: 1 : 1.454114e-08 / 5.716284e-01
PCG: 2 : 6.069712e-09 / 2.386072e-01
PCG: 3 : 2.023786e-09 / 7.955731e-02
PCG: 4 : 7.067177e-10 / 2.778186e-02
PCG: 5 : 3.440305e-10 / 1.352422e-02
PCG: 6 : 1.152346e-10 / 4.530003e-03
PCG: 7 : 1.585733e-10 / 6.233693e-03
PCG: 8 : 4.719164e-11 / 1.855156e-03

PCG ( VCycle ( S: Scale / C: Scale )  )

Complete solver TOE: 1.12648
0.205652 GFlop/s [0.205652 GFlops/s]

Total time: 1.12648s
Accumulated op time: 0.109898

Reductions: 5.15153%
Blas-1: 2.44052%
Blas-2: 2.16382%
Precon Kernels: 0%
MPI Execution: 0%
MPI Wait: 0%
Not covered: 90.2441%

Domain size: 6.73462 MByte
LA size: 22.3983 MByte
MPI size: 0.674286 MByte

H0-Error: 6.865389e-06
H1-Error: 8.068795e-03

Writing DATA to output.data...
Run-Time: 0:01.922 [0:01.922]
0xb33c49f8 Error: MemoryPool<CUDA> still contains memory chunks on deconstructor call
