NUM-PROCS: 1
Preparing domain...
LVL-MIN: 2 [2]
LVL-MAX: 6 [6]
Creating gates...
Assembling system matrices...
Assembling system filters...
Assembling transfer matrices...
Converting assembled linear system from SparseMatrixCSR, Mem:main to SparseMatrixELL, Mem:cudaand to SparseMatrixELL, Mem:cuda...
PCG: 0 : 1.512630e-01
PCG: 1 : 6.849798e-02 / 4.528404e-01
PCG: 2 : 3.186519e-02 / 2.106609e-01
PCG: 3 : 6.157415e-03 / 4.070669e-02
PCG: 4 : 5.726345e-04 / 3.785689e-03
PCG: 5 : 6.737493e-05 / 4.454159e-04
PCG: 6 : 9.678928e-06 / 6.398743e-05
PCG: 0 : 1.254819e-02
PCG: 1 : 1.974057e-03 / 1.573180e-01
PCG: 2 : 1.505164e-03 / 1.199506e-01
PCG: 3 : 1.270261e-04 / 1.012306e-02
PCG: 4 : 1.613901e-05 / 1.286162e-03
PCG: 5 : 1.405288e-06 / 1.119913e-04
PCG: 6 : 1.659584e-07 / 1.322568e-05
PCG: 0 : 1.655682e-07
PCG: 1 : 2.715168e-08 / 1.639909e-01
PCG: 2 : 4.276505e-09 / 2.582927e-02
PCG: 3 : 4.627279e-10 / 2.794788e-03
PCG: 4 : 3.345765e-10 / 2.020778e-03
PCG: 5 : 6.335122e-11 / 3.826292e-04
PCG: 6 : 3.830626e-12 / 2.313625e-05

PCG ( VCycle ( S: Scale / C: Scale )  )

Complete solver TOE: 0.333681
0.0333427 GFlop/s [0.0333427 GFlops/s]

Total time: 0.333681s
Accumulated op time: 0.043968

Reductions: 3.34901%
Blas-1: 5.1762%
Blas-2: 4.65145%
Precon Kernels: 0%
MPI Execution: 0%
MPI Wait: 0%
Not covered: 86.8233%

Domain size: 0.433594 MByte
LA size: 1.43956 MByte
MPI size: 0.0435944 MByte

H0-Error: 1.098307e-04
H1-Error: 3.227246e-02

Writing DATA to output.data...
Run-Time: 0:00.428 [0:00.428]
0xb331a9f8 Error: MemoryPool<CUDA> still contains memory chunks on deconstructor call
