NUM-PROCS: 1
Preparing domain...
LVL-MIN: 5 [5]
LVL-MAX: 9 [9]
Creating gates...
Assembling system matrices...
Assembling system filters...
Assembling transfer matrices...
Converting assembled linear system from SparseMatrixCSR, Mem:main to SparseMatrixELL, Mem:cudaand to SparseMatrixELL, Mem:cuda...
PCG:  0 : 1.894534e-02
PCG:  1 : 7.936785e-02 / 4.189307e+00
PCG:  2 : 8.004833e-02 / 4.225225e+00
PCG:  3 : 1.997659e-01 / 1.054433e+01
PCG:  4 : 2.650327e-01 / 1.398934e+01
PCG:  5 : 1.697546e-01 / 8.960228e+00
PCG:  6 : 1.549428e-01 / 8.178410e+00
PCG:  7 : 1.151544e-01 / 6.078243e+00
PCG:  8 : 9.995857e-02 / 5.276156e+00
PCG:  9 : 8.459774e-02 / 4.465359e+00
PCG: 10 : 3.798953e-02 / 2.005218e+00
PCG:  0 : 3.785041e-02
PCG:  1 : 3.327339e-02 / 8.790761e-01
PCG:  2 : 2.159769e-02 / 5.706064e-01
PCG:  3 : 1.357335e-02 / 3.586052e-01
PCG:  4 : 7.802970e-03 / 2.061528e-01
PCG:  5 : 5.398944e-03 / 1.426390e-01
PCG:  6 : 5.044056e-03 / 1.332629e-01
PCG:  7 : 2.237720e-03 / 5.912010e-02
PCG:  8 : 1.352253e-03 / 3.572624e-02
PCG:  9 : 1.327595e-03 / 3.507477e-02
PCG: 10 : 2.011312e-03 / 5.313843e-02
PCG:  0 : 2.011312e-03
PCG:  1 : 8.888033e-04 / 4.419023e-01
PCG:  2 : 5.784861e-04 / 2.876163e-01
PCG:  3 : 5.277306e-04 / 2.623813e-01
PCG:  4 : 9.285592e-04 / 4.616685e-01
PCG:  5 : 1.251926e-03 / 6.224427e-01
PCG:  6 : 7.346340e-04 / 3.652512e-01
PCG:  7 : 6.645949e-04 / 3.304286e-01
PCG:  8 : 5.694951e-04 / 2.831461e-01
PCG:  9 : 4.479820e-04 / 2.227312e-01
PCG: 10 : 5.220751e-04 / 2.595695e-01
PCG:  0 : 5.220750e-04
PCG:  1 : 2.899228e-04 / 5.553279e-01
PCG:  2 : 1.688023e-04 / 3.233296e-01
PCG:  3 : 1.546744e-04 / 2.962685e-01
PCG:  4 : 1.241961e-04 / 2.378893e-01
PCG:  5 : 1.432948e-04 / 2.744717e-01
PCG:  6 : 8.682101e-05 / 1.662999e-01
PCG:  7 : 3.606249e-05 / 6.907529e-02
PCG:  8 : 4.597420e-05 / 8.806051e-02
PCG:  9 : 4.779357e-05 / 9.154540e-02
PCG: 10 : 5.098581e-05 / 9.765993e-02
PCG:  0 : 5.098580e-05
PCG:  1 : 3.136652e-05 / 6.152011e-01
PCG:  2 : 2.308467e-05 / 4.527666e-01
PCG:  3 : 2.350586e-05 / 4.610277e-01
PCG:  4 : 5.039334e-05 / 9.883799e-01
PCG:  5 : 4.550879e-05 / 8.925778e-01
PCG:  6 : 2.881877e-05 / 5.652313e-01
PCG:  7 : 2.639636e-05 / 5.177199e-01
PCG:  8 : 1.886480e-05 / 3.700010e-01
PCG:  9 : 1.781975e-05 / 3.495041e-01
PCG: 10 : 1.890547e-05 / 3.707988e-01
PCG:  0 : 1.890547e-05
PCG:  1 : 1.161229e-05 / 6.142290e-01
PCG:  2 : 8.116928e-06 / 4.293429e-01
PCG:  3 : 8.134429e-06 / 4.302686e-01
PCG:  4 : 6.870661e-06 / 3.634219e-01
PCG:  5 : 7.117781e-06 / 3.764933e-01
PCG:  6 : 3.931490e-06 / 2.079552e-01
PCG:  7 : 1.642132e-06 / 8.686016e-02
PCG:  8 : 1.867775e-06 / 9.879551e-02
PCG:  9 : 1.928678e-06 / 1.020169e-01
PCG: 10 : 2.114628e-06 / 1.118527e-01
PCG:  0 : 2.114627e-06
PCG:  1 : 1.398800e-06 / 6.614879e-01
PCG:  2 : 1.260316e-06 / 5.959992e-01
PCG:  3 : 1.313039e-06 / 6.209317e-01
PCG:  4 : 2.434037e-06 / 1.151048e+00
PCG:  5 : 1.999746e-06 / 9.456733e-01
PCG:  6 : 1.399795e-06 / 6.619585e-01
PCG:  7 : 1.475953e-06 / 6.979733e-01
PCG:  8 : 9.626028e-07 / 4.552116e-01
PCG:  9 : 8.012016e-07 / 3.788855e-01
PCG: 10 : 8.334850e-07 / 3.941523e-01
PCG:  0 : 8.334854e-07
PCG:  1 : 5.477808e-07 / 6.572170e-01
PCG:  2 : 4.549835e-07 / 5.458806e-01
PCG:  3 : 4.562470e-07 / 5.473965e-01
PCG:  4 : 3.195638e-07 / 3.834065e-01
PCG:  5 : 3.092466e-07 / 3.710282e-01
PCG:  6 : 1.866450e-07 / 2.239332e-01
PCG:  7 : 9.396602e-08 / 1.127386e-01
PCG:  8 : 1.050984e-07 / 1.260951e-01
PCG:  9 : 9.190399e-08 / 1.102647e-01
PCG: 10 : 9.545203e-08 / 1.145215e-01

PCG ( VCycle ( S: Scale / C: Scale )  )

Complete solver TOE: 0.209482
14.56 GFlop/s [14.56 GFlops/s]

Total time: 0.209482s
Accumulated op time: 0.092389

Reductions: 41.0331%
Blas-1: 1.54572%
Blas-2: 1.52471%
Precon Kernels: 0%
MPI Execution: 0%
MPI Wait: 0%
Not covered: 55.8964%

Domain size: 48.1654 MByte
LA size: 120.741 MByte
MPI size: 2.67931 MByte

H0-Error: 1.801384e-06
H1-Error: 4.034414e-03

Writing DATA to output.data...
Run-Time: 0:00.926 [0:00.926]
0x31d198e880 Error: MemoryPool<CUDA> still contains memory chunks on deconstructor call
