NUM-PROCS: 1
Preparing domain...
LVL-MIN: 6 [6]
LVL-MAX: 8 [8]
Creating gates...
Assembling system matrices...
Assembling system filters...
Assembling transfer matrices...
Converting assembled linear system from SparseMatrixCSR, Mem:main to SparseMatrixELL, Mem:cudaand to SparseMatrixELL, Mem:cuda...
PCG: 0 : 3.788187e-02
PCG: 1 : 3.009894e-01 / 7.945473e+00
PCG: 2 : 2.267264e-01 / 5.985090e+00
PCG: 3 : 3.539458e-01 / 9.343408e+00
PCG: 4 : 2.763226e-01 / 7.294322e+00
PCG: 5 : 1.737601e-01 / 4.586894e+00
PCG: 6 : 2.259943e-01 / 5.965764e+00
PCG: 7 : 2.413993e-01 / 6.372422e+00
PCG: 8 : 1.811462e-01 / 4.781871e+00
PCG: 0 : 1.806917e-01
PCG: 1 : 1.365797e-01 / 7.558712e-01
PCG: 2 : 1.179092e-01 / 6.525433e-01
PCG: 3 : 1.319931e-01 / 7.304876e-01
PCG: 4 : 1.420978e-01 / 7.864100e-01
PCG: 5 : 1.404559e-01 / 7.773234e-01
PCG: 6 : 1.193622e-01 / 6.605847e-01
PCG: 7 : 9.707879e-02 / 5.372620e-01
PCG: 8 : 8.682261e-02 / 4.805014e-01
PCG: 0 : 8.682261e-02
PCG: 1 : 6.119554e-02 / 7.048342e-01
PCG: 2 : 5.586332e-02 / 6.434191e-01
PCG: 3 : 4.356280e-02 / 5.017449e-01
PCG: 4 : 3.474525e-02 / 4.001867e-01
PCG: 5 : 3.900888e-02 / 4.492941e-01
PCG: 6 : 4.185250e-02 / 4.820461e-01
PCG: 7 : 3.373119e-02 / 3.885070e-01
PCG: 8 : 3.389762e-02 / 3.904239e-01
PCG: 0 : 3.389762e-02
PCG: 1 : 2.801904e-02 / 8.265784e-01
PCG: 2 : 3.012802e-02 / 8.887946e-01
PCG: 3 : 2.655466e-02 / 7.833784e-01
PCG: 4 : 2.454581e-02 / 7.241161e-01
PCG: 5 : 2.974503e-02 / 8.774962e-01
PCG: 6 : 3.800274e-02 / 1.121104e+00
PCG: 7 : 3.723371e-02 / 1.098417e+00
PCG: 8 : 4.645068e-02 / 1.370323e+00
PCG: 0 : 4.645068e-02
PCG: 1 : 2.973759e-02 / 6.401971e-01
PCG: 2 : 2.909323e-02 / 6.263251e-01
PCG: 3 : 2.491408e-02 / 5.363556e-01
PCG: 4 : 1.944325e-02 / 4.185783e-01
PCG: 5 : 2.097874e-02 / 4.516348e-01
PCG: 6 : 2.319909e-02 / 4.994348e-01
PCG: 7 : 1.863371e-02 / 4.011504e-01
PCG: 8 : 2.110405e-02 / 4.543325e-01
PCG: 0 : 2.110405e-02
PCG: 1 : 1.692923e-02 / 8.021789e-01
PCG: 2 : 1.910303e-02 / 9.051830e-01
PCG: 3 : 1.844468e-02 / 8.739877e-01
PCG: 4 : 1.653058e-02 / 7.832896e-01
PCG: 5 : 1.965450e-02 / 9.313142e-01
PCG: 6 : 2.337408e-02 / 1.107563e+00
PCG: 7 : 2.163326e-02 / 1.025076e+00
PCG: 8 : 2.978188e-02 / 1.411193e+00
PCG: 0 : 2.978188e-02
PCG: 1 : 1.912741e-02 / 6.422499e-01
PCG: 2 : 1.895143e-02 / 6.363410e-01
PCG: 3 : 1.662054e-02 / 5.580757e-01
PCG: 4 : 1.283666e-02 / 4.310225e-01
PCG: 5 : 1.405315e-02 / 4.718690e-01
PCG: 6 : 1.464914e-02 / 4.918810e-01
PCG: 7 : 1.181481e-02 / 3.967115e-01
PCG: 8 : 1.395192e-02 / 4.684701e-01
PCG: 0 : 1.395192e-02
PCG: 1 : 1.124562e-02 / 8.060265e-01
PCG: 2 : 1.264360e-02 / 9.062265e-01
PCG: 3 : 1.257756e-02 / 9.014929e-01
PCG: 4 : 1.094815e-02 / 7.847059e-01
PCG: 5 : 1.319414e-02 / 9.456862e-01
PCG: 6 : 1.512382e-02 / 1.083996e+00
PCG: 7 : 1.401571e-02 / 1.004572e+00
PCG: 8 : 1.970334e-02 / 1.412231e+00
PCG: 0 : 1.970334e-02
PCG: 1 : 1.272485e-02 / 6.458221e-01
PCG: 2 : 1.254900e-02 / 6.368969e-01
PCG: 3 : 1.109629e-02 / 5.631678e-01
PCG: 4 : 8.426303e-03 / 4.276586e-01
PCG: 5 : 9.500998e-03 / 4.822024e-01
PCG: 6 : 9.456057e-03 / 4.799215e-01
PCG: 7 : 7.858622e-03 / 3.988472e-01
PCG: 8 : 9.373858e-03 / 4.757496e-01
PCG: 0 : 9.373858e-03
PCG: 1 : 7.626499e-03 / 8.135924e-01
PCG: 2 : 8.375625e-03 / 8.935089e-01
PCG: 3 : 8.508713e-03 / 9.077067e-01
PCG: 4 : 7.262552e-03 / 7.747666e-01
PCG: 5 : 9.066450e-03 / 9.672059e-01
PCG: 6 : 9.825047e-03 / 1.048133e+00
PCG: 7 : 9.199092e-03 / 9.813561e-01
PCG: 8 : 1.332933e-02 / 1.421968e+00
PCG: 0 : 1.332933e-02
PCG: 1 : 8.654474e-03 / 6.492807e-01
PCG: 2 : 8.192446e-03 / 6.146182e-01
PCG: 3 : 7.483148e-03 / 5.614049e-01
PCG: 4 : 5.875865e-03 / 4.408224e-01
PCG: 5 : 6.649465e-03 / 4.988598e-01
PCG: 6 : 5.938252e-03 / 4.455028e-01
PCG: 7 : 5.342449e-03 / 4.008041e-01
PCG: 8 : 6.676973e-03 / 5.009236e-01
PCG: 0 : 6.676973e-03
PCG: 1 : 5.569979e-03 / 8.342072e-01
PCG: 2 : 5.324673e-03 / 7.974681e-01
PCG: 3 : 5.790050e-03 / 8.671669e-01
PCG: 4 : 5.586258e-03 / 8.366452e-01
PCG: 5 : 6.701335e-03 / 1.003649e+00
PCG: 6 : 5.881380e-03 / 8.808452e-01
PCG: 7 : 6.127510e-03 / 9.177078e-01
PCG: 8 : 9.548319e-03 / 1.430037e+00
PCG: 0 : 9.548319e-03
PCG: 1 : 6.098770e-03 / 6.387271e-01
PCG: 2 : 4.956548e-03 / 5.191017e-01
PCG: 3 : 5.416634e-03 / 5.672867e-01
PCG: 4 : 4.741096e-03 / 4.965373e-01
PCG: 5 : 4.509563e-03 / 4.722887e-01
PCG: 6 : 3.617126e-03 / 3.788234e-01
PCG: 7 : 4.001903e-03 / 4.191213e-01
PCG: 8 : 4.636399e-03 / 4.855723e-01
PCG: 0 : 4.636399e-03
PCG: 1 : 3.957005e-03 / 8.534651e-01
PCG: 2 : 3.323479e-03 / 7.168232e-01
PCG: 3 : 4.063787e-03 / 8.764963e-01
PCG: 4 : 4.125039e-03 / 8.897073e-01
PCG: 5 : 4.417961e-03 / 9.528861e-01
PCG: 6 : 3.737246e-03 / 8.060664e-01
PCG: 7 : 4.397412e-03 / 9.484540e-01
PCG: 8 : 6.377969e-03 / 1.375630e+00
PCG: 0 : 6.377969e-03
PCG: 1 : 4.087340e-03 / 6.408529e-01
PCG: 2 : 3.252548e-03 / 5.099661e-01
PCG: 3 : 3.670397e-03 / 5.754805e-01
PCG: 4 : 3.189834e-03 / 5.001332e-01
PCG: 5 : 3.018989e-03 / 4.733464e-01
PCG: 6 : 2.357776e-03 / 3.696751e-01
PCG: 7 : 2.729973e-03 / 4.280317e-01
PCG: 8 : 3.098408e-03 / 4.857985e-01
PCG: 0 : 3.098408e-03
PCG: 1 : 2.623566e-03 / 8.467466e-01
PCG: 2 : 2.195345e-03 / 7.085397e-01
PCG: 3 : 2.717839e-03 / 8.771728e-01
PCG: 4 : 2.705285e-03 / 8.731211e-01
PCG: 5 : 2.957957e-03 / 9.546701e-01
PCG: 6 : 2.451587e-03 / 7.912409e-01
PCG: 7 : 2.904030e-03 / 9.372653e-01
PCG: 8 : 4.252571e-03 / 1.372502e+00
PCG: 0 : 4.252571e-03
PCG: 1 : 2.703787e-03 / 6.358006e-01
PCG: 2 : 2.144889e-03 / 5.043748e-01
PCG: 3 : 2.446002e-03 / 5.751820e-01
PCG: 4 : 2.092549e-03 / 4.920669e-01
PCG: 5 : 2.012831e-03 / 4.733209e-01
PCG: 6 : 1.547219e-03 / 3.638316e-01
PCG: 7 : 1.804741e-03 / 4.243883e-01
PCG: 8 : 2.059862e-03 / 4.843805e-01
PCG: 0 : 2.059862e-03
PCG: 1 : 1.735865e-03 / 8.427092e-01
PCG: 2 : 1.445915e-03 / 7.019476e-01
PCG: 3 : 1.807409e-03 / 8.774418e-01
PCG: 4 : 1.777933e-03 / 8.631322e-01
PCG: 5 : 1.968925e-03 / 9.558528e-01
PCG: 6 : 1.610925e-03 / 7.820545e-01
PCG: 7 : 1.916306e-03 / 9.303080e-01
PCG: 8 : 2.824729e-03 / 1.371320e+00
PCG: 0 : 2.824729e-03
PCG: 1 : 1.787110e-03 / 6.326658e-01
PCG: 2 : 1.412067e-03 / 4.998948e-01
PCG: 3 : 1.624514e-03 / 5.751045e-01
PCG: 4 : 1.375723e-03 / 4.870282e-01
PCG: 5 : 1.337000e-03 / 4.733197e-01
PCG: 6 : 1.017418e-03 / 3.601825e-01
PCG: 7 : 1.192122e-03 / 4.220306e-01
PCG: 8 : 1.366081e-03 / 4.836150e-01
PCG: 0 : 1.366081e-03
PCG: 1 : 1.147849e-03 / 8.402494e-01
PCG: 2 : 9.519330e-04 / 6.968348e-01
PCG: 3 : 1.199307e-03 / 8.779175e-01
PCG: 4 : 1.170015e-03 / 8.564754e-01
PCG: 5 : 1.307194e-03 / 9.568935e-01
PCG: 6 : 1.060138e-03 / 7.760434e-01
PCG: 7 : 1.264874e-03 / 9.259140e-01
PCG: 8 : 1.872946e-03 / 1.371035e+00
PCG: 0 : 1.872946e-03
PCG: 1 : 1.181039e-03 / 6.305781e-01
PCG: 2 : 9.297635e-04 / 4.964177e-01
PCG: 3 : 1.077474e-03 / 5.752828e-01
PCG: 4 : 9.054965e-04 / 4.834611e-01
PCG: 5 : 8.866970e-04 / 4.734237e-01
PCG: 6 : 6.699397e-04 / 3.576930e-01
PCG: 7 : 7.875045e-04 / 4.204631e-01
PCG: 8 : 9.049070e-04 / 4.831464e-01
PCG: 0 : 9.049069e-04
PCG: 1 : 7.589405e-04 / 8.386946e-01
PCG: 2 : 6.269696e-04 / 6.928553e-01
PCG: 3 : 7.950900e-04 / 8.786429e-01
PCG: 4 : 7.705397e-04 / 8.515126e-01
PCG: 5 : 8.668671e-04 / 9.579628e-01
PCG: 6 : 6.984271e-04 / 7.718220e-01
PCG: 7 : 8.352788e-04 / 9.230549e-01
PCG: 8 : 1.240718e-03 / 1.371101e+00
PCG: 0 : 1.240718e-03
PCG: 1 : 7.805610e-04 / 6.291202e-01
PCG: 2 : 6.125744e-04 / 4.937256e-01
PCG: 3 : 7.142219e-04 / 5.756519e-01
PCG: 4 : 5.964168e-04 / 4.807028e-01
PCG: 5 : 5.876442e-04 / 4.736322e-01
PCG: 6 : 4.415250e-04 / 3.558623e-01
PCG: 7 : 5.203825e-04 / 4.194203e-01
PCG: 8 : 5.990488e-04 / 4.828241e-01
PCG: 0 : 5.990487e-04
PCG: 1 : 5.018279e-04 / 8.377079e-01
PCG: 2 : 4.131690e-04 / 6.897085e-01
PCG: 3 : 5.268820e-04 / 8.795310e-01
PCG: 4 : 5.077256e-04 / 8.475531e-01
PCG: 5 : 5.745262e-04 / 9.590642e-01
PCG: 6 : 4.604849e-04 / 7.686936e-01
PCG: 7 : 5.518367e-04 / 9.211883e-01
PCG: 8 : 8.214746e-04 / 1.371299e+00
PCG: 0 : 8.214747e-04
PCG: 1 : 5.159488e-04 / 6.280763e-01
PCG: 2 : 4.038523e-04 / 4.916187e-01
PCG: 3 : 4.732764e-04 / 5.761302e-01
PCG: 4 : 3.930437e-04 / 4.784611e-01
PCG: 5 : 3.893052e-04 / 4.739101e-01
PCG: 6 : 2.911651e-04 / 3.544419e-01
PCG: 7 : 3.439805e-04 / 4.187354e-01
PCG: 8 : 3.964292e-04 / 4.825824e-01
PCG: 0 : 3.964292e-04
PCG: 1 : 3.318520e-04 / 8.371027e-01
PCG: 2 : 2.724162e-04 / 6.871749e-01
PCG: 3 : 3.490527e-04 / 8.804920e-01
PCG: 4 : 3.346966e-04 / 8.442783e-01
PCG: 5 : 3.806363e-04 / 9.601622e-01
PCG: 6 : 3.037750e-04 / 7.662781e-01
PCG: 7 : 3.647093e-04 / 9.199860e-01
PCG: 8 : 5.437206e-04 / 1.371545e+00
PCG: 0 : 5.437206e-04
PCG: 1 : 3.410875e-04 / 6.273212e-01
PCG: 2 : 2.663928e-04 / 4.899443e-01
PCG: 3 : 3.135393e-04 / 5.766552e-01
PCG: 4 : 2.591322e-04 / 4.765906e-01
PCG: 5 : 2.578454e-04 / 4.742241e-01
PCG: 6 : 1.920952e-04 / 3.532977e-01
PCG: 7 : 2.274367e-04 / 4.182969e-01
PCG: 8 : 2.622883e-04 / 4.823954e-01
PCG: 0 : 2.622883e-04
PCG: 1 : 2.194707e-04 / 8.367540e-01
PCG: 2 : 1.796911e-04 / 6.850901e-01
PCG: 3 : 2.311945e-04 / 8.814521e-01
PCG: 4 : 2.207175e-04 / 8.415074e-01
PCG: 5 : 2.521153e-04 / 9.612145e-01
PCG: 6 : 2.004799e-04 / 7.643497e-01
PCG: 7 : 2.411031e-04 / 9.192293e-01
PCG: 8 : 3.598073e-04 / 1.371801e+00
PCG: 0 : 3.598073e-04
PCG: 1 : 2.255153e-04 / 6.267670e-01
PCG: 2 : 1.757977e-04 / 4.885884e-01
PCG: 3 : 2.076743e-04 / 5.771822e-01
PCG: 4 : 1.709088e-04 / 4.750009e-01
PCG: 5 : 1.707456e-04 / 4.745473e-01
PCG: 6 : 1.267767e-04 / 3.523461e-01
PCG: 7 : 1.504086e-04 / 4.180256e-01
PCG: 8 : 1.735153e-04 / 4.822451e-01
PCG: 0 : 1.735153e-04
PCG: 1 : 1.451591e-04 / 8.365782e-01
PCG: 2 : 1.185699e-04 / 6.833401e-01
PCG: 3 : 1.531046e-04 / 8.823696e-01
PCG: 4 : 1.456022e-04 / 8.391321e-01
PCG: 5 : 1.669572e-04 / 9.622046e-01
PCG: 6 : 1.323523e-04 / 7.627705e-01
PCG: 7 : 1.594218e-04 / 9.187769e-01
PCG: 8 : 2.380727e-04 / 1.372056e+00
PCG: 0 : 2.380727e-04
PCG: 1 : 1.491179e-04 / 6.263545e-01
PCG: 2 : 1.160534e-04 / 4.874705e-01
PCG: 3 : 1.375312e-04 / 5.776856e-01
PCG: 4 : 1.127592e-04 / 4.736334e-01
PCG: 5 : 1.130518e-04 / 4.748625e-01
PCG: 6 : 8.369093e-05 / 3.515352e-01
PCG: 7 : 9.948235e-05 / 4.178654e-01
PCG: 8 : 1.147800e-04 / 4.821216e-01
PCG: 0 : 1.147800e-04
PCG: 1 : 9.601524e-05 / 8.365154e-01
PCG: 2 : 7.826187e-05 / 6.818424e-01
PCG: 3 : 1.013759e-04 / 8.832190e-01
PCG: 4 : 9.607875e-05 / 8.370687e-01
PCG: 5 : 1.105460e-04 / 9.631117e-01
PCG: 6 : 8.739824e-05 / 7.614414e-01
PCG: 7 : 1.054279e-04 / 9.185218e-01
PCG: 8 : 1.575128e-04 / 1.372302e+00
PCG: 0 : 1.575128e-04
PCG: 1 : 9.860918e-05 / 6.260392e-01
PCG: 2 : 7.663482e-05 / 4.865308e-01
PCG: 3 : 9.106584e-05 / 5.781489e-01
PCG: 4 : 7.441569e-05 / 4.724422e-01
PCG: 5 : 7.484340e-05 / 4.751576e-01
PCG: 6 : 5.525993e-05 / 3.508282e-01
PCG: 7 : 6.580517e-05 / 4.177767e-01
PCG: 8 : 7.592393e-05 / 4.820176e-01
PCG: 0 : 7.592393e-05
PCG: 1 : 6.351196e-05 / 8.365210e-01
PCG: 2 : 5.166901e-05 / 6.805366e-01
PCG: 3 : 6.711569e-05 / 8.839860e-01
PCG: 4 : 6.341609e-05 / 8.352583e-01
PCG: 5 : 7.318566e-05 / 9.639341e-01
PCG: 6 : 5.772525e-05 / 7.603038e-01
PCG: 7 : 6.972838e-05 / 9.183980e-01
PCG: 8 : 1.042083e-04 / 1.372535e+00
PCG: 0 : 1.042083e-04
PCG: 1 : 6.521244e-05 / 6.257896e-01
PCG: 2 : 5.061685e-05 / 4.857278e-01
PCG: 3 : 6.029128e-05 / 5.785652e-01
PCG: 4 : 4.912324e-05 / 4.713949e-01
PCG: 5 : 4.954342e-05 / 4.754270e-01
PCG: 6 : 3.649396e-05 / 3.502021e-01
PCG: 7 : 4.353128e-05 / 4.177335e-01
PCG: 8 : 5.022103e-05 / 4.819295e-01
PCG: 0 : 5.022103e-05
PCG: 1 : 4.201325e-05 / 8.365668e-01
PCG: 2 : 3.411923e-05 / 6.793813e-01
PCG: 3 : 4.442890e-05 / 8.846673e-01
PCG: 4 : 4.186692e-05 / 8.336532e-01
PCG: 5 : 4.844655e-05 / 9.646667e-01
PCG: 6 : 3.813316e-05 / 7.593067e-01
PCG: 7 : 4.612054e-05 / 9.183512e-01
PCG: 8 : 6.894091e-05 / 1.372750e+00
PCG: 0 : 6.894091e-05
PCG: 1 : 4.312840e-05 / 6.255850e-01
PCG: 2 : 3.343848e-05 / 4.850310e-01
PCG: 3 : 3.991220e-05 / 5.789334e-01
PCG: 4 : 3.243438e-05 / 4.704663e-01
PCG: 5 : 3.279302e-05 / 4.756685e-01
PCG: 6 : 2.410456e-05 / 3.496408e-01
PCG: 7 : 2.879785e-05 / 4.177179e-01
PCG: 8 : 3.321963e-05 / 4.818565e-01
PCG: 0 : 3.321963e-05
PCG: 1 : 2.779248e-05 / 8.366281e-01
PCG: 2 : 2.253429e-05 / 6.783428e-01
PCG: 3 : 2.940799e-05 / 8.852595e-01
PCG: 4 : 2.764578e-05 / 8.322123e-01
PCG: 5 : 3.206710e-05 / 9.653059e-01
PCG: 6 : 2.519431e-05 / 7.584165e-01
PCG: 7 : 3.050706e-05 / 9.183443e-01
PCG: 8 : 4.560864e-05 / 1.372942e+00
PCG: 0 : 4.560863e-05
PCG: 1 : 2.852402e-05 / 6.254084e-01
PCG: 2 : 2.209364e-05 / 4.844179e-01
PCG: 3 : 2.641893e-05 / 5.792528e-01
PCG: 4 : 2.141942e-05 / 4.696351e-01
PCG: 5 : 2.170427e-05 / 4.758807e-01
PCG: 6 : 1.592338e-05 / 3.491308e-01
PCG: 7 : 1.905148e-05 / 4.177164e-01
PCG: 8 : 2.197400e-05 / 4.817947e-01
PCG: 0 : 2.197400e-05
PCG: 1 : 1.838544e-05 / 8.366909e-01
PCG: 2 : 1.488515e-05 / 6.773983e-01
PCG: 3 : 1.946387e-05 / 8.857685e-01
PCG: 4 : 1.825843e-05 / 8.309106e-01
PCG: 5 : 2.122385e-05 / 9.658620e-01
PCG: 6 : 1.664780e-05 / 7.576135e-01
PCG: 7 : 2.018001e-05 / 9.183588e-01
PCG: 8 : 3.017282e-05 / 1.373115e+00
PCG: 0 : 3.017282e-05
PCG: 1 : 1.886557e-05 / 6.252503e-01
PCG: 2 : 1.459979e-05 / 4.838721e-01
PCG: 3 : 1.748597e-05 / 5.795270e-01
PCG: 4 : 1.414762e-05 / 4.688861e-01
PCG: 5 : 1.436420e-05 / 4.760643e-01
PCG: 6 : 1.052020e-05 / 3.486646e-01
PCG: 7 : 1.260383e-05 / 4.177213e-01
PCG: 8 : 1.453555e-05 / 4.817431e-01
PCG: 0 : 1.453555e-05
PCG: 1 : 1.216259e-05 / 8.367482e-01
PCG: 2 : 9.833788e-06 / 6.765336e-01
PCG: 3 : 1.288140e-05 / 8.862001e-01
PCG: 4 : 1.206048e-05 / 8.297231e-01
PCG: 5 : 1.404620e-05 / 9.663345e-01
PCG: 6 : 1.100162e-05 / 7.568768e-01
PCG: 7 : 1.334909e-05 / 9.183751e-01
PCG: 8 : 1.996120e-05 / 1.373268e+00
PCG: 0 : 1.996120e-05
PCG: 1 : 1.247777e-05 / 6.251011e-01
PCG: 2 : 9.648842e-06 / 4.833798e-01
PCG: 3 : 1.157266e-05 / 5.797577e-01
PCG: 4 : 9.345931e-06 / 4.682049e-01
PCG: 5 : 9.505899e-06 / 4.762188e-01
PCG: 6 : 6.951176e-06 / 3.482344e-01
PCG: 7 : 8.338302e-06 / 4.177255e-01
PCG: 8 : 9.615293e-06 / 4.816991e-01
PCG: 0 : 9.615293e-06
PCG: 1 : 8.045995e-06 / 8.367915e-01
PCG: 2 : 6.497381e-06 / 6.757342e-01
PCG: 3 : 8.524533e-06 / 8.865599e-01
PCG: 4 : 7.967556e-06 / 8.286337e-01
PCG: 5 : 9.295452e-06 / 9.667363e-01
PCG: 6 : 7.271080e-06 / 7.561996e-01
PCG: 7 : 8.830569e-06 / 9.183879e-01
PCG: 8 : 1.320570e-05 / 1.373406e+00
PCG: 0 : 1.320570e-05
PCG: 1 : 8.252983e-06 / 6.249563e-01
PCG: 2 : 6.377460e-06 / 4.829325e-01
PCG: 3 : 7.658631e-06 / 5.799490e-01
PCG: 4 : 6.174740e-06 / 4.675815e-01
PCG: 5 : 6.290484e-06 / 4.763462e-01
PCG: 6 : 4.593403e-06 / 3.478350e-01
PCG: 7 : 5.516357e-06 / 4.177255e-01
PCG: 8 : 6.360665e-06 / 4.816607e-01
PCG: 0 : 6.360665e-06
PCG: 1 : 5.322733e-06 / 8.368202e-01
PCG: 2 : 4.293397e-06 / 6.749918e-01
PCG: 3 : 5.640989e-06 / 8.868552e-01
PCG: 4 : 5.264256e-06 / 8.276266e-01
PCG: 5 : 6.151207e-06 / 9.670698e-01
PCG: 6 : 4.805918e-06 / 7.555684e-01
PCG: 7 : 5.841564e-06 / 9.183889e-01
PCG: 8 : 8.736542e-06 / 1.373527e+00
PCG: 0 : 8.736542e-06
PCG: 1 : 5.458707e-06 / 6.248133e-01
PCG: 2 : 4.215574e-06 / 4.825220e-01
PCG: 3 : 5.068113e-06 / 5.801052e-01
PCG: 4 : 4.080036e-06 / 4.670081e-01
PCG: 5 : 4.162520e-06 / 4.764494e-01
PCG: 6 : 3.035632e-06 / 3.474638e-01
PCG: 7 : 3.649430e-06 / 4.177203e-01
PCG: 8 : 4.207774e-06 / 4.816292e-01
PCG: 0 : 4.207774e-06
PCG: 1 : 3.521191e-06 / 8.368299e-01
PCG: 2 : 2.837292e-06 / 6.742977e-01
PCG: 3 : 3.732679e-06 / 8.870912e-01
PCG: 4 : 3.478523e-06 / 8.266897e-01
PCG: 5 : 4.070343e-06 / 9.673390e-01
PCG: 6 : 3.176772e-06 / 7.549768e-01
PCG: 7 : 3.864310e-06 / 9.183739e-01
PCG: 8 : 5.779935e-06 / 1.373633e+00
PCG: 0 : 5.779935e-06
PCG: 1 : 3.610543e-06 / 6.246684e-01
PCG: 2 : 2.786752e-06 / 4.821425e-01
PCG: 3 : 3.353681e-06 / 5.802281e-01
PCG: 4 : 2.696204e-06 / 4.664765e-01
PCG: 5 : 2.754308e-06 / 4.765292e-01
PCG: 6 : 2.006308e-06 / 3.471161e-01
PCG: 7 : 2.414322e-06 / 4.177075e-01
PCG: 8 : 2.783626e-06 / 4.816017e-01
PCG: 0 : 2.783626e-06
PCG: 1 : 2.329399e-06 / 8.368219e-01
PCG: 2 : 1.875181e-06 / 6.736467e-01
PCG: 3 : 2.469844e-06 / 8.872756e-01
PCG: 4 : 2.298761e-06 / 8.258151e-01
PCG: 5 : 2.693312e-06 / 9.675550e-01
PCG: 6 : 2.100027e-06 / 7.544212e-01
PCG: 7 : 2.556325e-06 / 9.183435e-01
PCG: 8 : 3.823936e-06 / 1.373725e+00
PCG: 0 : 3.823936e-06
PCG: 1 : 2.388136e-06 / 6.245229e-01
PCG: 2 : 1.842336e-06 / 4.817906e-01
PCG: 3 : 2.219119e-06 / 5.803233e-01
PCG: 4 : 1.781889e-06 / 4.659829e-01
PCG: 5 : 1.822445e-06 / 4.765887e-01
PCG: 6 : 1.326105e-06 / 3.467905e-01
PCG: 7 : 1.597210e-06 / 4.176873e-01
PCG: 8 : 1.841527e-06 / 4.815788e-01
PCG: 0 : 1.841527e-06
PCG: 1 : 1.540982e-06 / 8.367959e-01
PCG: 2 : 1.239411e-06 / 6.730345e-01
PCG: 3 : 1.634196e-06 / 8.874140e-01
PCG: 4 : 1.519247e-06 / 8.249931e-01
PCG: 5 : 1.782079e-06 / 9.677186e-01
PCG: 6 : 1.388314e-06 / 7.538931e-01
PCG: 7 : 1.691063e-06 / 9.182943e-01
PCG: 8 : 2.529898e-06 / 1.373805e+00

PCG ( VCycle ( S: Scale / C: Scale )  )

Complete solver TOE: 0.235323
16.2741 GFlop/s [16.2741 GFlops/s]

Total time: 0.235323s
Accumulated op time: 0.16805

Reductions: 63.2828%
Blas-1: 4.35784%
Blas-2: 3.77184%
Precon Kernels: 0%
MPI Execution: 0%
MPI Wait: 0%
Not covered: 28.5875%

Domain size: 11.9084 MByte
LA size: 29.0519 MByte
MPI size: 0.663155 MByte

H0-Error: 8.656429e-06
H1-Error: 8.068801e-03

Writing DATA to output.data...
Run-Time: 0:00.441 [0:00.441]
0x31d198e880 Error: MemoryPool<CUDA> still contains memory chunks on deconstructor call
