NUM-PROCS: 1
Preparing domain...
LVL-MIN: 3 [3]
LVL-MAX: 8 [8]
Creating gates...
Assembling system matrices...
Assembling system filters...
Assembling transfer matrices...
Converting assembled linear system from SparseMatrixCSR, Mem:main to SparseMatrixCSR, Mem:mainand to SparseMatrixCSR, Mem:main...
PCG:  0 : 3.788183e-02
PCG:  1 : 3.863721e-02 / 1.019940e+00
PCG:  2 : 4.165912e-02 / 1.099712e+00
PCG:  3 : 2.963630e-02 / 7.823356e-01
PCG:  4 : 5.199913e-03 / 1.372667e-01
PCG:  5 : 5.305641e-04 / 1.400577e-02
PCG:  6 : 9.290630e-05 / 2.452530e-03
PCG:  7 : 2.192175e-05 / 5.786878e-04
PCG:  8 : 2.802434e-06 / 7.397832e-05
PCG:  9 : 3.383425e-07 / 8.931525e-06
PCG: 10 : 8.315101e-07 / 2.195010e-05
PCG: 11 : 3.161741e-07 / 8.346326e-06
PCG: 12 : 2.981626e-08 / 7.870861e-07
PCG: 13 : 6.090189e-09 / 1.607681e-07
PCG: 14 : 5.548944e-09 / 1.464804e-07
PCG: 15 : 1.191327e-09 / 3.144851e-08
PCG:  0 : 1.544158e-03
PCG:  1 : 1.678488e-04 / 1.086993e-01
PCG:  2 : 2.455702e-04 / 1.590318e-01
PCG:  3 : 9.715014e-05 / 6.291465e-02
PCG:  4 : 4.259368e-05 / 2.758376e-02
PCG:  5 : 8.147096e-06 / 5.276078e-03
PCG:  6 : 7.879171e-07 / 5.102569e-04
PCG:  7 : 1.170164e-07 / 7.578007e-05
PCG:  8 : 3.178931e-08 / 2.058683e-05
PCG:  9 : 2.195591e-08 / 1.421870e-05
PCG: 10 : 7.352032e-09 / 4.761193e-06
PCG: 11 : 1.172151e-09 / 7.590875e-07
PCG: 12 : 1.813851e-10 / 1.174654e-07
PCG: 13 : 1.721807e-10 / 1.115046e-07
PCG: 14 : 1.148267e-10 / 7.436202e-08
PCG:  0 : 5.370202e-09
PCG:  1 : 1.591925e-09 / 2.964368e-01
PCG:  2 : 2.760107e-09 / 5.139671e-01
PCG:  3 : 8.725881e-10 / 1.624870e-01
PCG:  4 : 2.317998e-10 / 4.316407e-02
PCG:  5 : 9.188799e-11 / 1.711071e-02
PCG:  6 : 3.688049e-11 / 6.867618e-03
PCG:  7 : 1.035613e-11 / 1.928443e-03
PCG:  8 : 5.710978e-12 / 1.063457e-03
PCG:  9 : 1.827978e-12 / 3.403929e-04
PCG: 10 : 7.261468e-13 / 1.352178e-04
PCG: 11 : 1.583628e-13 / 2.948916e-05
PCG: 12 : 3.587658e-14 / 6.680676e-06
PCG: 13 : 1.326505e-14 / 2.470121e-06
PCG: 14 : 2.030827e-15 / 3.781659e-07
PCG: 15 : 6.636558e-16 / 1.235812e-07
PCG: 16 : 1.051861e-15 / 1.958699e-07
PCG: 17 : 3.357802e-16 / 6.252655e-08
PCG:  0 : 1.035005e-13
PCG:  1 : 2.157438e-13 / 2.084471e+00
PCG:  2 : 6.944208e-14 / 6.709350e-01
PCG:  3 : 1.132898e-14 / 1.094583e-01
PCG:  4 : 3.916850e-15 / 3.784380e-02
PCG:  5 : 1.770962e-15 / 1.711067e-02
PCG:  6 : 8.585397e-16 / 8.295033e-03
PCG:  7 : 2.565295e-16 / 2.478536e-03
PCG:  8 : 7.270949e-17 / 7.025041e-04
PCG:  9 : 1.974944e-17 / 1.908150e-04
PCG: 10 : 2.619017e-18 / 2.530440e-05
PCG: 11 : 0.000000e+00 / 0.000000e+00

PCG ( VCycle ( S: Scale / C: Scale )  )

Complete solver TOE: 0.960192
0.562623 GFlop/s [0.562623 GFlops/s]

Total time: 0.960192s
Accumulated op time: 0.928477

Reductions: 1.82505%
Blas-1: 5.3607%
Blas-2: 89.5113%
Precon Kernels: 0%
MPI Execution: 0%
MPI Wait: 0%
Not covered: 3.30299%

Domain size: 6.73462 MByte
LA size: 22.3983 MByte
MPI size: 0.674286 MByte

H0-Error: 6.865388e-06
H1-Error: 8.068795e-03

Writing DATA to output.data...
Run-Time: 0:01.561 [0:01.561]
0xb33d89f8 Error: MemoryPool<CPU> still contains memory chunks on deconstructor call
