NUM-PROCS: 1
Preparing domain...
LVL-MIN: 3 [3]
LVL-MAX: 5 [5]
Creating gates...
Assembling system matrices...
Assembling system filters...
Assembling transfer matrices...
Converting assembled linear system from SparseMatrixCSR, Mem:main to SparseMatrixCSR, Mem:mainand to SparseMatrixCSR, Mem:main...
PCG: 0 : 3.015408e-01
PCG: 1 : 2.796062e-01 / 9.272584e-01
PCG: 2 : 1.970735e-01 / 6.535552e-01
PCG: 3 : 8.407201e-02 / 2.788081e-01
PCG: 4 : 5.429187e-03 / 1.800482e-02
PCG: 0 : 3.661224e-02
PCG: 1 : 1.280885e-02 / 3.498517e-01
PCG: 2 : 1.133142e-02 / 3.094980e-01
PCG: 3 : 1.281178e-02 / 3.499317e-01
PCG: 4 : 1.695322e-03 / 4.630480e-02
PCG: 0 : 1.695323e-03
PCG: 1 : 2.910302e-04 / 1.716665e-01
PCG: 2 : 5.666990e-05 / 3.342720e-02
PCG: 3 : 3.590820e-05 / 2.118075e-02
PCG: 4 : 2.247949e-05 / 1.325971e-02
PCG: 0 : 2.247949e-05
PCG: 1 : 1.947454e-05 / 8.663245e-01
PCG: 2 : 1.132836e-05 / 5.039418e-01
PCG: 3 : 1.071906e-05 / 4.768372e-01
PCG: 4 : 2.024058e-06 / 9.004018e-02
PCG: 0 : 2.024057e-06
PCG: 1 : 4.572460e-07 / 2.259057e-01
PCG: 2 : 7.561708e-08 / 3.735917e-02
PCG: 3 : 5.501614e-08 / 2.718112e-02
PCG: 4 : 3.964886e-08 / 1.958881e-02
PCG: 0 : 3.964886e-08
PCG: 1 : 3.313591e-08 / 8.357342e-01
PCG: 2 : 1.551110e-08 / 3.912118e-01
PCG: 3 : 1.504439e-08 / 3.794408e-01
PCG: 4 : 4.183535e-09 / 1.055146e-01

PCG ( VCycle ( S: Scale / C: Scale )  )

Complete solver TOE: 0.005069
0.729668 GFlop/s [0.729668 GFlops/s]

Total time: 0.005069s
Accumulated op time: 0.003826

Reductions: 1.85441%
Blas-1: 5.20813%
Blas-2: 68.4159%
Precon Kernels: 0%
MPI Execution: 0%
MPI Wait: 0%
Not covered: 24.5216%

Domain size: 0.110413 MByte
LA size: 0.359131 MByte
MPI size: 0.0111542 MByte

H0-Error: 4.391239e-04
H1-Error: 6.452751e-02

Writing DATA to output.data...
Run-Time: 0:00.026 [0:00.026]
0xb33939f8 Error: MemoryPool<CPU> still contains memory chunks on deconstructor call
