NUM-PROCS: 1
Preparing domain...
LVL-MIN: 4 [4]
LVL-MAX: 10 [10]
Creating gates...
Assembling system matrices...
Assembling system filters...
Assembling transfer matrices...
Converting assembled linear system from SparseMatrixCSR, Mem:main to SparseMatrixELL, Mem:cudaand to SparseMatrixELL, Mem:cuda...
PCG:  0 : 9.473710e-03
PCG:  1 : 1.921966e-02 / 2.028736e+00
PCG:  2 : 2.717674e-02 / 2.868648e+00
PCG:  3 : 6.676051e-02 / 7.046923e+00
PCG:  4 : 8.080562e-02 / 8.529459e+00
PCG:  5 : 4.831687e-02 / 5.100101e+00
PCG:  6 : 2.380595e-02 / 2.512843e+00
PCG:  7 : 3.978522e-03 / 4.199540e-01
PCG:  8 : 1.063552e-03 / 1.122635e-01
PCG:  9 : 9.354464e-04 / 9.874129e-02
PCG: 10 : 3.652446e-04 / 3.855349e-02
PCG: 11 : 4.136533e-05 / 4.366328e-03
PCG: 12 : 1.758494e-05 / 1.856183e-03
PCG: 13 : 5.406231e-06 / 5.706561e-04
PCG: 14 : 1.039666e-06 / 1.097422e-04
PCG: 15 : 2.565144e-07 / 2.707644e-05
PCG: 16 : 1.365605e-07 / 1.441468e-05
PCG:  0 : 2.242652e-04
PCG:  1 : 3.117329e-04 / 1.390019e+00
PCG:  2 : 6.710325e-04 / 2.992139e+00
PCG:  3 : 1.370660e-04 / 6.111781e-01
PCG:  4 : 1.483639e-04 / 6.615555e-01
PCG:  5 : 5.027810e-05 / 2.241904e-01
PCG:  6 : 5.167458e-05 / 2.304173e-01
PCG:  7 : 1.817150e-05 / 8.102684e-02
PCG:  8 : 7.913263e-06 / 3.528530e-02
PCG:  9 : 2.636168e-06 / 1.175469e-02
PCG: 10 : 1.627476e-06 / 7.256925e-03
PCG: 11 : 8.217079e-07 / 3.664002e-03
PCG: 12 : 6.466091e-07 / 2.883235e-03
PCG: 13 : 4.829130e-07 / 2.153313e-03
PCG: 14 : 3.899507e-07 / 1.738793e-03
PCG: 15 : 1.536622e-07 / 6.851808e-04
PCG: 16 : 3.999741e-08 / 1.783488e-04
PCG:  0 : 9.422249e-08
PCG:  1 : 2.657944e-07 / 2.820923e+00
PCG:  2 : 1.867298e-07 / 1.981796e+00
PCG:  3 : 9.670616e-08 / 1.026360e+00
PCG:  4 : 9.847197e-08 / 1.045100e+00
PCG:  5 : 3.758434e-08 / 3.988893e-01
PCG:  6 : 1.646205e-08 / 1.747146e-01
PCG:  7 : 8.378010e-09 / 8.891731e-02
PCG:  8 : 5.568645e-09 / 5.910101e-02
PCG:  9 : 3.962095e-09 / 4.205042e-02
PCG: 10 : 2.435066e-09 / 2.584379e-02
PCG: 11 : 1.357931e-09 / 1.441196e-02
PCG: 12 : 9.104494e-10 / 9.662760e-03
PCG: 13 : 6.891329e-10 / 7.313889e-03
PCG: 14 : 4.032747e-10 / 4.280026e-03
PCG: 15 : 2.170347e-10 / 2.303428e-03
PCG: 16 : 1.347684e-10 / 1.430321e-03

PCG ( VCycle ( S: Scale / C: Scale )  )

Complete solver TOE: 0.424537
17.0534 GFlop/s [17.0534 GFlops/s]

Total time: 0.424537s
Accumulated op time: 0.192515

Reductions: 44.0294%
Blas-1: 0.638578%
Blas-2: 0.679093%
Precon Kernels: 0%
MPI Execution: 0%
MPI Wait: 0%
Not covered: 54.653%

Domain size: 192.423 MByte
LA size: 483.361 MByte
MPI size: 10.6972 MByte

H0-Error: 4.291584e-07
H1-Error: 2.017209e-03

Writing DATA to output.data...
Run-Time: 0:03.150 [0:03.150]
0x31d198e880 Error: MemoryPool<CUDA> still contains memory chunks on deconstructor call
