NUM-PROCS: 1
Preparing domain...
LVL-MIN: 4 [4]
LVL-MAX: 8 [8]
Creating gates...
Assembling system matrices...
Assembling system filters...
Assembling transfer matrices...
Converting assembled linear system from SparseMatrixCSR, Mem:main to SparseMatrixELL, Mem:cudaand to SparseMatrixELL, Mem:cuda...
PCG: 0 : 3.788187e-02
PCG: 1 : 7.372158e-02 / 1.946091e+00
PCG: 2 : 8.837256e-02 / 2.332845e+00
PCG: 3 : 1.869595e-01 / 4.935330e+00
PCG: 4 : 1.519530e-01 / 4.011231e+00
PCG: 0 : 1.520817e-01
PCG: 1 : 8.017962e-02 / 5.272141e-01
PCG: 2 : 2.164117e-02 / 1.422996e-01
PCG: 3 : 1.352647e-02 / 8.894213e-02
PCG: 4 : 2.058803e-02 / 1.353748e-01
PCG: 0 : 2.058803e-02
PCG: 1 : 7.046090e-03 / 3.422420e-01
PCG: 2 : 4.963018e-03 / 2.410632e-01
PCG: 3 : 4.897124e-03 / 2.378626e-01
PCG: 4 : 3.068356e-03 / 1.490359e-01
PCG: 0 : 3.068355e-03
PCG: 1 : 2.841037e-03 / 9.259152e-01
PCG: 2 : 2.111202e-03 / 6.880566e-01
PCG: 3 : 1.801448e-03 / 5.871055e-01
PCG: 4 : 2.055533e-03 / 6.699136e-01
PCG: 0 : 2.055533e-03
PCG: 1 : 1.064299e-03 / 5.177727e-01
PCG: 2 : 1.185307e-03 / 5.766420e-01
PCG: 3 : 8.293330e-04 / 4.034638e-01
PCG: 4 : 4.109575e-04 / 1.999275e-01
PCG: 0 : 4.109576e-04
PCG: 1 : 4.408230e-04 / 1.072673e+00
PCG: 2 : 4.495129e-04 / 1.093818e+00
PCG: 3 : 3.231662e-04 / 7.863736e-01
PCG: 4 : 3.508091e-04 / 8.536382e-01
PCG: 0 : 3.508091e-04
PCG: 1 : 2.038974e-04 / 5.812204e-01
PCG: 2 : 2.446689e-04 / 6.974418e-01
PCG: 3 : 1.427023e-04 / 4.067804e-01
PCG: 4 : 7.837244e-05 / 2.234048e-01
PCG: 0 : 7.837240e-05
PCG: 1 : 8.307194e-05 / 1.059964e+00
PCG: 2 : 9.171349e-05 / 1.170227e+00
PCG: 3 : 5.923474e-05 / 7.558113e-01
PCG: 4 : 7.257466e-05 / 9.260233e-01
PCG: 0 : 7.257466e-05
PCG: 1 : 4.035787e-05 / 5.560877e-01
PCG: 2 : 4.785997e-05 / 6.594585e-01
PCG: 3 : 2.860042e-05 / 3.940827e-01
PCG: 4 : 1.672953e-05 / 2.305148e-01
PCG: 0 : 1.672953e-05
PCG: 1 : 1.657223e-05 / 9.905974e-01
PCG: 2 : 1.787592e-05 / 1.068525e+00
PCG: 3 : 1.187221e-05 / 7.096561e-01
PCG: 4 : 1.568054e-05 / 9.372969e-01
PCG: 0 : 1.568054e-05
PCG: 1 : 8.168143e-06 / 5.209095e-01
PCG: 2 : 9.437341e-06 / 6.018505e-01
PCG: 3 : 5.960488e-06 / 3.801201e-01
PCG: 4 : 3.650821e-06 / 2.328249e-01
PCG: 0 : 3.650820e-06
PCG: 1 : 3.425268e-06 / 9.382188e-01
PCG: 2 : 3.535892e-06 / 9.685199e-01
PCG: 3 : 2.403425e-06 / 6.583248e-01
PCG: 4 : 3.395099e-06 / 9.299552e-01
PCG: 0 : 3.395099e-06
PCG: 1 : 1.689229e-06 / 4.975492e-01
PCG: 2 : 1.908717e-06 / 5.621977e-01
PCG: 3 : 1.260532e-06 / 3.712798e-01
PCG: 4 : 8.031970e-07 / 2.365754e-01
PCG: 0 : 8.031969e-07
PCG: 1 : 7.259048e-07 / 9.037694e-01
PCG: 2 : 7.188402e-07 / 8.949738e-01
PCG: 3 : 4.916818e-07 / 6.121560e-01
PCG: 4 : 7.320454e-07 / 9.114146e-01

PCG ( VCycle ( S: Scale / C: Scale )  )

Complete solver TOE: 1.37071
0.409966 GFlop/s [0.409966 GFlops/s]

Total time: 1.37071s
Accumulated op time: 0.268217

Reductions: 10.1682%
Blas-1: 5.00615%
Blas-2: 4.39333%
Precon Kernels: 0%
MPI Execution: 0%
MPI Wait: 0%
Not covered: 80.4323%

Domain size: 6.72858 MByte
LA size: 22.3499 MByte
MPI size: 0.67366 MByte

H0-Error: 7.182001e-06
H1-Error: 8.068795e-03

Writing DATA to output.data...
Run-Time: 0:02.127 [0:02.127]
0xb339d9f8 Error: MemoryPool<CUDA> still contains memory chunks on deconstructor call
