NUM-PROCS: 1
Preparing domain...
LVL-MIN: 3 [3]
LVL-MAX: 5 [5]
Creating gates...
Assembling system matrices...
Assembling system filters...
Assembling transfer matrices...
Converting assembled linear system from SparseMatrixCSR, Mem:main to SparseMatrixCSR, Mem:mainand to SparseMatrixCSR, Mem:main...
PCG: 0 : 3.015411e-01
PCG: 1 : 2.796062e-01 / 9.272574e-01
PCG: 2 : 1.970729e-01 / 6.535525e-01
PCG: 3 : 8.407171e-02 / 2.788068e-01
PCG: 4 : 5.429191e-03 / 1.800481e-02
PCG: 5 : 8.713039e-04 / 2.889503e-03
PCG: 6 : 1.462355e-04 / 4.849604e-04
PCG: 7 : 2.215653e-05 / 7.347765e-05
PCG: 8 : 3.300856e-06 / 1.094662e-05
PCG: 9 : 4.633779e-07 / 1.536699e-06
PCG: 0 : 3.762990e-02
PCG: 1 : 1.342731e-02 / 3.568256e-01
PCG: 2 : 1.204768e-02 / 3.201623e-01
PCG: 3 : 1.256937e-02 / 3.340262e-01
PCG: 4 : 1.670685e-03 / 4.439780e-02
PCG: 5 : 2.588527e-04 / 6.878911e-03
PCG: 6 : 3.692901e-05 / 9.813741e-04
PCG: 7 : 4.434534e-06 / 1.178460e-04
PCG: 8 : 1.322864e-06 / 3.515460e-05
PCG: 9 : 8.311643e-08 / 2.208787e-06
PCG: 0 : 9.010171e-08
PCG: 1 : 2.401697e-08 / 2.665539e-01
PCG: 2 : 2.811366e-08 / 3.120214e-01
PCG: 3 : 1.076069e-08 / 1.194282e-01
PCG: 4 : 7.422873e-09 / 8.238327e-02
PCG: 5 : 2.198970e-09 / 2.440541e-02
PCG: 6 : 1.964709e-09 / 2.180546e-02
PCG: 7 : 2.959914e-10 / 3.285080e-03
PCG: 8 : 7.637014e-11 / 8.475992e-04
PCG: 9 : 1.629223e-11 / 1.808204e-04
PCG: 0 : 1.629330e-11
PCG: 1 : 5.553402e-12 / 3.408396e-01
PCG: 2 : 1.741493e-12 / 1.068840e-01
PCG: 3 : 4.367003e-13 / 2.680245e-02
PCG: 4 : 1.880551e-13 / 1.154187e-02
PCG: 5 : 3.060925e-14 / 1.878640e-03
PCG: 6 : 1.258746e-14 / 7.725543e-04
PCG: 7 : 1.323190e-14 / 8.121069e-04
PCG: 8 : 4.902114e-15 / 3.008669e-04
PCG: 9 : 4.542661e-15 / 2.788055e-04

PCG ( VCycle ( S: Scale / C: Scale )  )

Complete solver TOE: 0.001811
2.9219 GFlop/s [2.9219 GFlops/s]

Total time: 0.001811s
Accumulated op time: 0.001488

Reductions: 8.89012%
Blas-1: 3.3683%
Blas-2: 69.9061%
Precon Kernels: 0%
MPI Execution: 0%
MPI Wait: 0%
Not covered: 17.8355%

Domain size: 0.196762 MByte
LA size: 0.487099 MByte
MPI size: 0.0111771 MByte

H0-Error: 4.391240e-04
H1-Error: 6.452751e-02

Writing DATA to output.data...
Run-Time: 0:00.007 [0:00.007]
0x31d198e880 Error: MemoryPool<CPU> still contains memory chunks on deconstructor call
