NUM-PROCS: 1
Preparing domain...
LVL-MIN: 4 [4]
LVL-MAX: 9 [9]
Creating gates...
Assembling system matrices...
Assembling system filters...
Assembling transfer matrices...
Converting assembled linear system from SparseMatrixCSR, Mem:main to SparseMatrixELL, Mem:cudaand to SparseMatrixELL, Mem:cuda...
PCG: 0 : 1.894534e-02
PCG: 1 : 3.774795e-02 / 1.992466e+00
PCG: 2 : 4.953643e-02 / 2.614702e+00
PCG: 3 : 1.147340e-01 / 6.056056e+00
PCG: 4 : 1.196938e-01 / 6.317850e+00
PCG: 0 : 1.197183e-01
PCG: 1 : 6.535664e-02 / 5.459204e-01
PCG: 2 : 2.572166e-02 / 2.148516e-01
PCG: 3 : 1.392369e-02 / 1.163038e-01
PCG: 4 : 1.319118e-02 / 1.101852e-01
PCG: 0 : 1.319118e-02
PCG: 1 : 6.222343e-03 / 4.717048e-01
PCG: 2 : 5.950696e-03 / 4.511117e-01
PCG: 3 : 4.550100e-03 / 3.449350e-01
PCG: 4 : 2.975808e-03 / 2.255908e-01
PCG: 0 : 2.975808e-03
PCG: 1 : 2.336243e-03 / 7.850784e-01
PCG: 2 : 2.629434e-03 / 8.836032e-01
PCG: 3 : 2.546321e-03 / 8.556737e-01
PCG: 4 : 2.290469e-03 / 7.696964e-01
PCG: 0 : 2.290468e-03
PCG: 1 : 1.429021e-03 / 6.238989e-01
PCG: 2 : 1.439277e-03 / 6.283765e-01
PCG: 3 : 7.526298e-04 / 3.285921e-01
PCG: 4 : 4.994172e-04 / 2.180415e-01
PCG: 0 : 4.994174e-04
PCG: 1 : 4.846248e-04 / 9.703804e-01
PCG: 2 : 6.760093e-04 / 1.353596e+00
PCG: 3 : 5.420686e-04 / 1.085402e+00
PCG: 4 : 4.671931e-04 / 9.354762e-01
PCG: 0 : 4.671931e-04
PCG: 1 : 3.451818e-04 / 7.388418e-01
PCG: 2 : 3.530593e-04 / 7.557032e-01
PCG: 3 : 1.558928e-04 / 3.336797e-01
PCG: 4 : 1.117424e-04 / 2.391781e-01
PCG: 0 : 1.117424e-04
PCG: 1 : 1.141346e-04 / 1.021408e+00
PCG: 2 : 1.673680e-04 / 1.497802e+00
PCG: 3 : 1.172193e-04 / 1.049014e+00
PCG: 4 : 1.098819e-04 / 9.833505e-01
PCG: 0 : 1.098819e-04
PCG: 1 : 8.245267e-05 / 7.503753e-01
PCG: 2 : 8.354439e-05 / 7.603106e-01
PCG: 3 : 3.636099e-05 / 3.309097e-01
PCG: 4 : 2.685199e-05 / 2.443713e-01
PCG: 0 : 2.685200e-05
PCG: 1 : 2.695134e-05 / 1.003700e+00
PCG: 2 : 3.935072e-05 / 1.465467e+00
PCG: 3 : 2.787060e-05 / 1.037934e+00
PCG: 4 : 2.681135e-05 / 9.984860e-01
PCG: 0 : 2.681135e-05
PCG: 1 : 1.953454e-05 / 7.285924e-01
PCG: 2 : 1.958748e-05 / 7.305668e-01
PCG: 3 : 8.828471e-06 / 3.292812e-01
PCG: 4 : 6.574879e-06 / 2.452275e-01
PCG: 0 : 6.574881e-06
PCG: 1 : 6.394693e-06 / 9.725945e-01
PCG: 2 : 9.160130e-06 / 1.393201e+00
PCG: 3 : 6.768859e-06 / 1.029503e+00
PCG: 4 : 6.616514e-06 / 1.006332e+00
PCG: 0 : 6.616513e-06
PCG: 1 : 4.636673e-06 / 7.007729e-01
PCG: 2 : 4.584638e-06 / 6.929086e-01
PCG: 3 : 2.161451e-06 / 3.266752e-01
PCG: 4 : 1.627219e-06 / 2.459331e-01
PCG: 0 : 1.627219e-06
PCG: 1 : 1.525875e-06 / 9.377192e-01
PCG: 2 : 2.131750e-06 / 1.310057e+00
PCG: 3 : 1.648343e-06 / 1.012982e+00
PCG: 4 : 1.645709e-06 / 1.011363e+00
PCG: 0 : 1.645709e-06
PCG: 1 : 1.105267e-06 / 6.716050e-01
PCG: 2 : 1.073064e-06 / 6.520372e-01
PCG: 3 : 5.309476e-07 / 3.226254e-01
PCG: 4 : 4.061489e-07 / 2.467926e-01
PCG: 0 : 4.061490e-07
PCG: 1 : 3.665670e-07 / 9.025430e-01
PCG: 2 : 4.973386e-07 / 1.224522e+00
PCG: 3 : 4.011295e-07 / 9.876410e-01
PCG: 4 : 4.117214e-07 / 1.013720e+00
PCG: 0 : 4.117213e-07
PCG: 1 : 2.650119e-07 / 6.436682e-01
PCG: 2 : 2.516860e-07 / 6.113017e-01
PCG: 3 : 1.305902e-07 / 3.171811e-01
PCG: 4 : 1.019928e-07 / 2.477230e-01
PCG: 0 : 1.019928e-07
PCG: 1 : 8.871368e-08 / 8.698030e-01
PCG: 2 : 1.166220e-07 / 1.143434e+00
PCG: 3 : 9.746400e-08 / 9.555964e-01
PCG: 4 : 1.033571e-07 / 1.013376e+00

PCG ( VCycle ( S: Scale / C: Scale )  )

Complete solver TOE: 0.218953
13.2 GFlop/s [13.2 GFlops/s]

Total time: 0.218953s
Accumulated op time: 0.093465

Reductions: 39.3235%
Blas-1: 1.69899%
Blas-2: 1.66474%
Precon Kernels: 0%
MPI Execution: 0%
MPI Wait: 0%
Not covered: 57.3128%

Domain size: 48.2041 MByte
LA size: 120.996 MByte
MPI size: 2.68153 MByte

H0-Error: 1.760670e-06
H1-Error: 4.034414e-03

Writing DATA to output.data...
Run-Time: 0:00.936 [0:00.936]
0x31d198e880 Error: MemoryPool<CUDA> still contains memory chunks on deconstructor call
