NUM-PROCS: 1
Preparing domain...
LVL-MIN: 1 [1]
LVL-MAX: 8 [8]
Creating gates...
Assembling system matrices...
Assembling system filters...
Assembling transfer matrices...
Converting assembled linear system from SparseMatrixCSR, Mem:main to SparseMatrixCSR, Mem:mainand to SparseMatrixCSR, Mem:main...
PCG: 0 : 3.788143e-02
PCG: 1 : 1.295205e-02 / 3.419102e-01
PCG: 2 : 4.463637e-03 / 1.178318e-01
PCG: 3 : 1.247648e-03 / 3.293562e-02
PCG: 4 : 1.678889e-04 / 4.431956e-03
PCG: 0 : 1.548476e-03
PCG: 1 : 1.325297e-04 / 8.558721e-02
PCG: 2 : 1.366221e-05 / 8.823009e-03
PCG: 3 : 1.500251e-06 / 9.688563e-04
PCG: 4 : 1.285634e-07 / 8.302580e-05
PCG: 0 : 1.287186e-07
PCG: 1 : 2.816093e-08 / 2.187790e-01
PCG: 2 : 3.304305e-09 / 2.567076e-02
PCG: 3 : 3.728060e-10 / 2.896287e-03
PCG: 4 : 4.170684e-11 / 3.240157e-04

PCG ( VCycle ( S: Scale / C: Scale )  )

Complete solver TOE: 0.045617
2.64635 GFlop/s [2.64635 GFlops/s]

Total time: 0.045617s
Accumulated op time: 0.043119

Reductions: 7.86987%
Blas-1: 4.79207%
Blas-2: 81.862%
Precon Kernels: 0%
MPI Execution: 0%
MPI Wait: 0%
Not covered: 5.47603%

Domain size: 12.1094 MByte
LA size: 30.3934 MByte
MPI size: 0.674622 MByte

H0-Error: 6.865386e-06
H1-Error: 8.068795e-03

Writing DATA to output.data...
Run-Time: 0:00.185 [0:00.185]
0x31d198e880 Error: MemoryPool<CPU> still contains memory chunks on deconstructor call
