NUM-PROCS: 1
Preparing domain...
LVL-MIN: 7 [7]
LVL-MAX: 9 [9]
Creating gates...
Assembling system matrices...
Assembling system filters...
Assembling transfer matrices...
Converting assembled linear system from SparseMatrixCSR, Mem:main to SparseMatrixELL, Mem:cudaand to SparseMatrixELL, Mem:cuda...
PCG:  0 : 1.894534e-02
PCG:  1 : 2.842782e-01 / 1.500518e+01
PCG:  2 : 2.374290e-01 / 1.253232e+01
PCG:  3 : 3.764232e-01 / 1.986891e+01
PCG:  4 : 2.832302e-01 / 1.494986e+01
PCG:  5 : 1.720139e-01 / 9.079483e+00
PCG:  6 : 2.144526e-01 / 1.131954e+01
PCG:  7 : 2.182020e-01 / 1.151745e+01
PCG:  8 : 1.604805e-01 / 8.470711e+00
PCG:  9 : 1.237477e-01 / 6.531827e+00
PCG: 10 : 1.051032e-01 / 5.547710e+00
PCG:  0 : 1.052527e-01
PCG:  1 : 9.623869e-02 / 9.143587e-01
PCG:  2 : 1.155988e-01 / 1.098298e+00
PCG:  3 : 1.286570e-01 / 1.222363e+00
PCG:  4 : 1.168174e-01 / 1.109876e+00
PCG:  5 : 1.007271e-01 / 9.570029e-01
PCG:  6 : 1.428192e-01 / 1.356918e+00
PCG:  7 : 1.524273e-01 / 1.448204e+00
PCG:  8 : 9.979212e-02 / 9.481196e-01
PCG:  9 : 1.142611e-01 / 1.085589e+00
PCG: 10 : 1.242616e-01 / 1.180602e+00
PCG:  0 : 1.242615e-01
PCG:  1 : 7.784020e-02 / 6.264223e-01
PCG:  2 : 6.303017e-02 / 5.072379e-01
PCG:  3 : 6.452718e-02 / 5.192851e-01
PCG:  4 : 5.704916e-02 / 4.591055e-01
PCG:  5 : 7.774083e-02 / 6.256226e-01
PCG:  6 : 6.622442e-02 / 5.329438e-01
PCG:  7 : 4.422752e-02 / 3.559228e-01
PCG:  8 : 5.224231e-02 / 4.204222e-01
PCG:  9 : 6.935919e-02 / 5.581710e-01
PCG: 10 : 6.846458e-02 / 5.509716e-01
PCG:  0 : 6.846458e-02
PCG:  1 : 5.322615e-02 / 7.774261e-01
PCG:  2 : 3.868549e-02 / 5.650439e-01
PCG:  3 : 3.651739e-02 / 5.333764e-01
PCG:  4 : 4.289337e-02 / 6.265045e-01
PCG:  5 : 4.932399e-02 / 7.204307e-01
PCG:  6 : 4.578827e-02 / 6.687877e-01
PCG:  7 : 4.233705e-02 / 6.183788e-01
PCG:  8 : 4.124315e-02 / 6.024013e-01
PCG:  9 : 5.456989e-02 / 7.970529e-01
PCG: 10 : 7.637052e-02 / 1.115475e+00
PCG:  0 : 7.637052e-02
PCG:  1 : 4.548449e-02 / 5.955765e-01
PCG:  2 : 3.224450e-02 / 4.222113e-01
PCG:  3 : 3.564310e-02 / 4.667127e-01
PCG:  4 : 3.530904e-02 / 4.623385e-01
PCG:  5 : 3.781199e-02 / 4.951124e-01
PCG:  6 : 3.484892e-02 / 4.563138e-01
PCG:  7 : 2.822719e-02 / 3.696085e-01
PCG:  8 : 2.934128e-02 / 3.841964e-01
PCG:  9 : 3.965098e-02 / 5.191922e-01
PCG: 10 : 5.039208e-02 / 6.598368e-01
PCG:  0 : 5.039208e-02
PCG:  1 : 3.490626e-02 / 6.926934e-01
PCG:  2 : 2.558788e-02 / 5.077757e-01
PCG:  3 : 2.526326e-02 / 5.013339e-01
PCG:  4 : 2.940565e-02 / 5.835372e-01
PCG:  5 : 3.161687e-02 / 6.274173e-01
PCG:  6 : 3.070641e-02 / 6.093500e-01
PCG:  7 : 3.018045e-02 / 5.989126e-01
PCG:  8 : 2.703535e-02 / 5.365000e-01
PCG:  9 : 3.618040e-02 / 7.179779e-01
PCG: 10 : 5.722545e-02 / 1.135604e+00
PCG:  0 : 5.722545e-02
PCG:  1 : 3.298237e-02 / 5.763584e-01
PCG:  2 : 2.386351e-02 / 4.170088e-01
PCG:  3 : 2.684562e-02 / 4.691203e-01
PCG:  4 : 2.666362e-02 / 4.659398e-01
PCG:  5 : 2.756954e-02 / 4.817707e-01
PCG:  6 : 2.633020e-02 / 4.601134e-01
PCG:  7 : 2.212870e-02 / 3.866934e-01
PCG:  8 : 2.195186e-02 / 3.836031e-01
PCG:  9 : 2.925766e-02 / 5.112700e-01
PCG: 10 : 3.953538e-02 / 6.908706e-01
PCG:  0 : 3.953538e-02
PCG:  1 : 2.736197e-02 / 6.920881e-01
PCG:  2 : 2.035815e-02 / 5.149351e-01
PCG:  3 : 2.027231e-02 / 5.127638e-01
PCG:  4 : 2.366902e-02 / 5.986794e-01
PCG:  5 : 2.490231e-02 / 6.298740e-01
PCG:  6 : 2.436981e-02 / 6.164051e-01
PCG:  7 : 2.456995e-02 / 6.214673e-01
PCG:  8 : 2.163475e-02 / 5.472250e-01
PCG:  9 : 2.848835e-02 / 7.205786e-01
PCG: 10 : 4.571903e-02 / 1.156408e+00
PCG:  0 : 4.571903e-02
PCG:  1 : 2.682386e-02 / 5.867110e-01
PCG:  2 : 1.975924e-02 / 4.321884e-01
PCG:  3 : 2.237869e-02 / 4.894830e-01
PCG:  4 : 2.205822e-02 / 4.824734e-01
PCG:  5 : 2.264140e-02 / 4.952292e-01
PCG:  6 : 2.175860e-02 / 4.759199e-01
PCG:  7 : 1.870687e-02 / 4.091703e-01
PCG:  8 : 1.876398e-02 / 4.104195e-01
PCG:  9 : 2.386601e-02 / 5.220146e-01
PCG: 10 : 3.154194e-02 / 6.899083e-01
PCG:  0 : 3.154194e-02
PCG:  1 : 2.271198e-02 / 7.200566e-01
PCG:  2 : 1.732503e-02 / 5.492696e-01
PCG:  3 : 1.724079e-02 / 5.465989e-01
PCG:  4 : 2.012975e-02 / 6.381899e-01
PCG:  5 : 2.089685e-02 / 6.625100e-01
PCG:  6 : 2.045299e-02 / 6.484380e-01
PCG:  7 : 2.123458e-02 / 6.732175e-01
PCG:  8 : 1.910865e-02 / 6.058173e-01
PCG:  9 : 2.416074e-02 / 7.659880e-01
PCG: 10 : 3.575677e-02 / 1.133626e+00
PCG:  0 : 3.575677e-02
PCG:  1 : 2.289033e-02 / 6.401676e-01
PCG:  2 : 1.729384e-02 / 4.836523e-01
PCG:  3 : 1.937045e-02 / 5.417282e-01
PCG:  4 : 1.880222e-02 / 5.258366e-01
PCG:  5 : 1.925861e-02 / 5.386005e-01
PCG:  6 : 1.866756e-02 / 5.220706e-01
PCG:  7 : 1.682914e-02 / 4.706561e-01
PCG:  8 : 1.764518e-02 / 4.934781e-01
PCG:  9 : 1.973327e-02 / 5.518751e-01
PCG: 10 : 2.371996e-02 / 6.633699e-01
PCG:  0 : 2.371997e-02
PCG:  1 : 1.905625e-02 / 8.033842e-01
PCG:  2 : 1.574577e-02 / 6.638192e-01
PCG:  3 : 1.505536e-02 / 6.347128e-01
PCG:  4 : 1.740671e-02 / 7.338421e-01
PCG:  5 : 1.805224e-02 / 7.610569e-01
PCG:  6 : 1.749059e-02 / 7.373785e-01
PCG:  7 : 1.848211e-02 / 7.791796e-01
PCG:  8 : 1.687140e-02 / 7.112741e-01
PCG:  9 : 2.038279e-02 / 8.593096e-01
PCG: 10 : 2.764037e-02 / 1.165279e+00
PCG:  0 : 2.764037e-02
PCG:  1 : 1.953676e-02 / 7.068200e-01
PCG:  2 : 1.528049e-02 / 5.528325e-01
PCG:  3 : 1.666748e-02 / 6.030123e-01
PCG:  4 : 1.618030e-02 / 5.853866e-01
PCG:  5 : 1.686413e-02 / 6.101267e-01
PCG:  6 : 1.605093e-02 / 5.807059e-01
PCG:  7 : 1.407640e-02 / 5.092698e-01
PCG:  8 : 1.470246e-02 / 5.319197e-01
PCG:  9 : 1.638067e-02 / 5.926359e-01
PCG: 10 : 1.906725e-02 / 6.898333e-01
PCG:  0 : 1.906724e-02
PCG:  1 : 1.590333e-02 / 8.340654e-01
PCG:  2 : 1.371322e-02 / 7.192029e-01
PCG:  3 : 1.293365e-02 / 6.783178e-01
PCG:  4 : 1.499718e-02 / 7.865414e-01
PCG:  5 : 1.585757e-02 / 8.316653e-01
PCG:  6 : 1.504412e-02 / 7.890032e-01
PCG:  7 : 1.540999e-02 / 8.081916e-01
PCG:  8 : 1.386671e-02 / 7.272531e-01
PCG:  9 : 1.706801e-02 / 8.951484e-01
PCG: 10 : 2.306111e-02 / 1.209462e+00
PCG:  0 : 2.306111e-02
PCG:  1 : 1.649994e-02 / 7.154877e-01
PCG:  2 : 1.301294e-02 / 5.642809e-01
PCG:  3 : 1.423963e-02 / 6.174737e-01
PCG:  4 : 1.393871e-02 / 6.044250e-01
PCG:  5 : 1.470079e-02 / 6.374711e-01
PCG:  6 : 1.378208e-02 / 5.976331e-01
PCG:  7 : 1.181236e-02 / 5.122200e-01
PCG:  8 : 1.225426e-02 / 5.313820e-01
PCG:  9 : 1.382088e-02 / 5.993152e-01
PCG: 10 : 1.604008e-02 / 6.955469e-01
PCG:  0 : 1.604008e-02
PCG:  1 : 1.345295e-02 / 8.387085e-01
PCG:  2 : 1.165108e-02 / 7.263725e-01
PCG:  3 : 1.106235e-02 / 6.896691e-01
PCG:  4 : 1.291060e-02 / 8.048957e-01
PCG:  5 : 1.374202e-02 / 8.567300e-01
PCG:  6 : 1.291495e-02 / 8.051670e-01
PCG:  7 : 1.307596e-02 / 8.152053e-01
PCG:  8 : 1.165298e-02 / 7.264915e-01
PCG:  9 : 1.442273e-02 / 8.991680e-01
PCG: 10 : 1.947827e-02 / 1.214349e+00
PCG:  0 : 1.947827e-02
PCG:  1 : 1.399669e-02 / 7.185799e-01
PCG:  2 : 1.104309e-02 / 5.669440e-01
PCG:  3 : 1.217869e-02 / 6.252450e-01
PCG:  4 : 1.198983e-02 / 6.155490e-01
PCG:  5 : 1.269770e-02 / 6.518906e-01
PCG:  6 : 1.181243e-02 / 6.064414e-01
PCG:  7 : 1.004684e-02 / 5.157973e-01
PCG:  8 : 1.034595e-02 / 5.311537e-01
PCG:  9 : 1.170171e-02 / 6.007571e-01
PCG: 10 : 1.357207e-02 / 6.967802e-01
PCG:  0 : 1.357207e-02
PCG:  1 : 1.142759e-02 / 8.419935e-01
PCG:  2 : 9.899105e-03 / 7.293732e-01
PCG:  3 : 9.467367e-03 / 6.975625e-01
PCG:  4 : 1.109862e-02 / 8.177544e-01
PCG:  5 : 1.184659e-02 / 8.728650e-01
PCG:  6 : 1.107275e-02 / 8.158484e-01
PCG:  7 : 1.114455e-02 / 8.211383e-01
PCG:  8 : 9.852218e-03 / 7.259185e-01
PCG:  9 : 1.223205e-02 / 9.012665e-01
PCG: 10 : 1.650506e-02 / 1.216105e+00
PCG:  0 : 1.650506e-02
PCG:  1 : 1.190805e-02 / 7.214785e-01
PCG:  2 : 9.385801e-03 / 5.686620e-01
PCG:  3 : 1.041819e-02 / 6.312117e-01
PCG:  4 : 1.029894e-02 / 6.239871e-01
PCG:  5 : 1.092796e-02 / 6.620975e-01
PCG:  6 : 1.011754e-02 / 6.129960e-01
PCG:  7 : 8.569147e-03 / 5.191831e-01
PCG:  8 : 8.765518e-03 / 5.310807e-01
PCG:  9 : 9.940655e-03 / 6.022793e-01
PCG: 10 : 1.151777e-02 / 6.978324e-01
PCG:  0 : 1.151776e-02
PCG:  1 : 9.733470e-03 / 8.450833e-01
PCG:  2 : 8.423011e-03 / 7.313061e-01
PCG:  3 : 8.103244e-03 / 7.035431e-01
PCG:  4 : 9.526142e-03 / 8.270826e-01
PCG:  5 : 1.018249e-02 / 8.840680e-01
PCG:  6 : 9.485679e-03 / 8.235695e-01
PCG:  7 : 9.509994e-03 / 8.256806e-01
PCG:  8 : 8.355452e-03 / 7.254404e-01
PCG:  9 : 1.040629e-02 / 9.034992e-01
PCG: 10 : 1.401706e-02 / 1.216995e+00
PCG:  0 : 1.401706e-02
PCG:  1 : 1.015337e-02 / 7.243578e-01
PCG:  2 : 7.989182e-03 / 5.699614e-01
PCG:  3 : 8.910548e-03 / 6.356931e-01
PCG:  4 : 8.834369e-03 / 6.302584e-01
PCG:  5 : 9.381373e-03 / 6.692826e-01
PCG:  6 : 8.660287e-03 / 6.178391e-01
PCG:  7 : 7.317532e-03 / 5.220448e-01
PCG:  8 : 7.444627e-03 / 5.311119e-01
PCG:  9 : 8.467963e-03 / 6.041184e-01
PCG: 10 : 9.794933e-03 / 6.987866e-01
PCG:  0 : 9.794932e-03
PCG:  1 : 8.306685e-03 / 8.480595e-01
PCG:  2 : 7.175800e-03 / 7.326034e-01
PCG:  3 : 6.934767e-03 / 7.079954e-01
PCG:  4 : 8.165343e-03 / 8.336294e-01
PCG:  5 : 8.733050e-03 / 8.915886e-01
PCG:  6 : 8.120588e-03 / 8.290602e-01
PCG:  7 : 8.120169e-03 / 8.290174e-01
PCG:  8 : 7.102020e-03 / 7.250709e-01
PCG:  9 : 8.873632e-03 / 9.059412e-01
PCG: 10 : 1.192333e-02 / 1.217296e+00
PCG:  0 : 1.192333e-02
PCG:  1 : 8.670649e-03 / 7.272002e-01
PCG:  2 : 6.807862e-03 / 5.709698e-01
PCG:  3 : 7.619062e-03 / 6.390045e-01
PCG:  4 : 7.569667e-03 / 6.348618e-01
PCG:  5 : 8.038919e-03 / 6.742176e-01
PCG:  6 : 7.409121e-03 / 6.213969e-01
PCG:  7 : 6.253083e-03 / 5.244409e-01
PCG:  8 : 6.334415e-03 / 5.312622e-01
PCG:  9 : 7.227849e-03 / 6.061938e-01
PCG: 10 : 8.341908e-03 / 6.996289e-01
PCG:  0 : 8.341908e-03
PCG:  1 : 7.098461e-03 / 8.509398e-01
PCG:  2 : 6.118654e-03 / 7.334838e-01
PCG:  3 : 5.933700e-03 / 7.113121e-01
PCG:  4 : 6.991892e-03 / 8.381646e-01
PCG:  5 : 7.478249e-03 / 8.964675e-01
PCG:  6 : 6.948562e-03 / 8.329704e-01
PCG:  7 : 6.935943e-03 / 8.314577e-01
PCG:  8 : 6.046451e-03 / 7.248284e-01
PCG:  9 : 7.578742e-03 / 9.085143e-01
PCG: 10 : 1.015354e-02 / 1.217172e+00
PCG:  0 : 1.015354e-02
PCG:  1 : 7.411978e-03 / 7.299897e-01
PCG:  2 : 5.805661e-03 / 5.717871e-01
PCG:  3 : 6.513222e-03 / 6.414732e-01
PCG:  4 : 6.480963e-03 / 6.382960e-01
PCG:  5 : 6.879775e-03 / 6.775742e-01
PCG:  6 : 6.336527e-03 / 6.240709e-01
PCG:  7 : 5.345677e-03 / 5.264842e-01
PCG:  8 : 5.396908e-03 / 5.315298e-01
PCG:  9 : 6.177553e-03 / 6.084139e-01
PCG: 10 : 7.111271e-03 / 7.003738e-01
PCG:  0 : 7.111271e-03
PCG:  1 : 6.071136e-03 / 8.537343e-01
PCG:  2 : 5.220446e-03 / 7.341086e-01
PCG:  3 : 5.076324e-03 / 7.138419e-01
PCG:  4 : 5.983072e-03 / 8.413505e-01
PCG:  5 : 6.396945e-03 / 8.995501e-01
PCG:  6 : 5.943871e-03 / 8.358380e-01
PCG:  7 : 5.925582e-03 / 8.332662e-01
PCG:  8 : 5.153626e-03 / 7.247123e-01
PCG:  9 : 6.479399e-03 / 9.111450e-01
PCG: 10 : 8.652745e-03 / 1.216765e+00
PCG:  0 : 8.652745e-03
PCG:  1 : 6.340011e-03 / 7.327168e-01
PCG:  2 : 4.953610e-03 / 5.724900e-01
PCG:  3 : 5.566875e-03 / 6.433653e-01
PCG:  4 : 5.546050e-03 / 6.409585e-01
PCG:  5 : 5.882737e-03 / 6.798694e-01
PCG:  6 : 5.418120e-03 / 6.261736e-01
PCG:  7 : 4.570995e-03 / 5.282710e-01
PCG:  8 : 4.602421e-03 / 5.319030e-01
PCG:  9 : 5.284305e-03 / 6.107085e-01
PCG: 10 : 6.065990e-03 / 7.010480e-01
PCG:  0 : 6.065990e-03
PCG:  1 : 5.195197e-03 / 8.564467e-01
PCG:  2 : 4.455997e-03 / 7.345869e-01
PCG:  3 : 4.342284e-03 / 7.158410e-01
PCG:  4 : 5.117685e-03 / 8.436685e-01
PCG:  5 : 5.468154e-03 / 9.014446e-01
PCG:  6 : 5.083582e-03 / 8.380466e-01
PCG:  7 : 5.062873e-03 / 8.346326e-01
PCG:  8 : 4.396069e-03 / 7.247077e-01
PCG:  9 : 5.542945e-03 / 9.137741e-01
PCG: 10 : 7.377279e-03 / 1.216171e+00
PCG:  0 : 7.377279e-03
PCG:  1 : 5.425091e-03 / 7.353783e-01
PCG:  2 : 4.228157e-03 / 5.731323e-01
PCG:  3 : 4.757408e-03 / 6.448729e-01
PCG:  4 : 4.744556e-03 / 6.431309e-01
PCG:  5 : 5.027372e-03 / 6.814670e-01
PCG:  6 : 4.632368e-03 / 6.279236e-01
PCG:  7 : 3.909012e-03 / 5.298717e-01
PCG:  8 : 3.927418e-03 / 5.323666e-01
PCG:  9 : 4.522483e-03 / 6.130286e-01
PCG: 10 : 5.176474e-03 / 7.016780e-01
PCG:  0 : 5.176474e-03
PCG:  1 : 4.446988e-03 / 8.590766e-01
PCG:  2 : 3.804638e-03 / 7.349863e-01
PCG:  3 : 3.714044e-03 / 7.174853e-01
PCG:  4 : 4.376418e-03 / 8.454438e-01
PCG:  5 : 4.672095e-03 / 9.025632e-01
PCG:  6 : 4.347455e-03 / 8.398487e-01
PCG:  7 : 4.325893e-03 / 8.356832e-01
PCG:  8 : 3.751893e-03 / 7.247971e-01
PCG:  9 : 4.743512e-03 / 9.163595e-01
PCG: 10 : 6.291807e-03 / 1.215462e+00
PCG:  0 : 6.291807e-03
PCG:  1 : 4.643147e-03 / 7.379672e-01
PCG:  2 : 3.609891e-03 / 5.737448e-01
PCG:  3 : 4.065275e-03 / 6.461221e-01
PCG:  4 : 4.058177e-03 / 6.449939e-01
PCG:  5 : 4.294818e-03 / 6.826049e-01
PCG:  6 : 3.960434e-03 / 6.294590e-01
PCG:  7 : 3.343034e-03 / 5.313313e-01
PCG:  8 : 3.352930e-03 / 5.329041e-01
PCG:  9 : 3.871595e-03 / 6.153391e-01
PCG: 10 : 4.418597e-03 / 7.022779e-01
PCG:  0 : 4.418597e-03
PCG:  1 : 3.807174e-03 / 8.616252e-01
PCG:  2 : 3.249211e-03 / 7.353492e-01
PCG:  3 : 3.176480e-03 / 7.188889e-01
PCG:  4 : 3.742030e-03 / 8.468820e-01
PCG:  5 : 3.990762e-03 / 9.031741e-01
PCG:  6 : 3.717829e-03 / 8.414050e-01
PCG:  7 : 3.696175e-03 / 8.365043e-01
PCG:  8 : 3.203323e-03 / 7.249638e-01
PCG:  9 : 4.060135e-03 / 9.188744e-01
PCG: 10 : 5.367229e-03 / 1.214691e+00
PCG:  0 : 5.367229e-03
PCG:  1 : 3.974303e-03 / 7.404757e-01
PCG:  2 : 3.082619e-03 / 5.743408e-01
PCG:  3 : 3.473620e-03 / 6.471906e-01
PCG:  4 : 3.470763e-03 / 6.466583e-01
PCG:  5 : 3.668146e-03 / 6.834339e-01
PCG:  6 : 3.385980e-03 / 6.308619e-01
PCG:  7 : 2.859003e-03 / 5.326777e-01
PCG:  8 : 2.863412e-03 / 5.334992e-01
PCG:  9 : 3.314873e-03 / 6.176136e-01
PCG: 10 : 3.772379e-03 / 7.028542e-01
PCG:  0 : 3.772379e-03
PCG:  1 : 3.259680e-03 / 8.640911e-01
PCG:  2 : 2.775335e-03 / 7.356987e-01
PCG:  3 : 2.716587e-03 / 7.201256e-01
PCG:  4 : 3.199393e-03 / 8.481100e-01
PCG:  5 : 3.408152e-03 / 9.034490e-01
PCG:  6 : 3.179402e-03 / 8.428108e-01
PCG:  7 : 3.158052e-03 / 8.371511e-01
PCG:  8 : 2.735706e-03 / 7.251938e-01
PCG:  9 : 3.475499e-03 / 9.213015e-01
PCG: 10 : 4.579264e-03 / 1.213893e+00
PCG:  0 : 4.579264e-03
PCG:  1 : 3.401935e-03 / 7.429000e-01
PCG:  2 : 2.632748e-03 / 5.749281e-01
PCG:  3 : 2.967950e-03 / 6.481282e-01
PCG:  4 : 2.968231e-03 / 6.481896e-01
PCG:  5 : 3.132450e-03 / 6.840510e-01
PCG:  6 : 2.894918e-03 / 6.321797e-01
PCG:  7 : 2.445000e-03 / 5.339287e-01
PCG:  8 : 2.445958e-03 / 5.341378e-01
PCG:  9 : 2.838381e-03 / 6.198334e-01
PCG: 10 : 3.221111e-03 / 7.034123e-01
PCG:  0 : 3.221111e-03
PCG:  1 : 2.790994e-03 / 8.664694e-01
PCG:  2 : 2.370877e-03 / 7.360434e-01
PCG:  3 : 2.323188e-03 / 7.212381e-01
PCG:  4 : 2.735369e-03 / 8.492005e-01
PCG:  5 : 2.910258e-03 / 9.034951e-01
PCG:  6 : 2.719000e-03 / 8.441188e-01
PCG:  7 : 2.698192e-03 / 8.376590e-01
PCG:  8 : 2.336831e-03 / 7.254735e-01
PCG:  9 : 2.975111e-03 / 9.236290e-01
PCG: 10 : 3.907472e-03 / 1.213082e+00
PCG:  0 : 3.907473e-03
PCG:  1 : 2.911996e-03 / 7.452376e-01
PCG:  2 : 2.248790e-03 / 5.755100e-01
PCG:  3 : 2.535823e-03 / 6.489676e-01
PCG:  4 : 2.538400e-03 / 6.496270e-01
PCG:  5 : 2.674739e-03 / 6.845190e-01
PCG:  6 : 2.475149e-03 / 6.334400e-01
PCG:  7 : 2.090879e-03 / 5.350975e-01
PCG:  8 : 2.089757e-03 / 5.348102e-01
PCG:  9 : 2.430403e-03 / 6.219885e-01
PCG: 10 : 2.750698e-03 / 7.039582e-01
PCG:  0 : 2.750698e-03
PCG:  1 : 2.389689e-03 / 8.687574e-01
PCG:  2 : 2.025580e-03 / 7.363880e-01
PCG:  3 : 1.986703e-03 / 7.222542e-01
PCG:  4 : 2.338627e-03 / 8.501942e-01
PCG:  5 : 2.484933e-03 / 9.033827e-01
PCG:  6 : 2.325325e-03 / 8.453584e-01
PCG:  7 : 2.305228e-03 / 8.380520e-01
PCG:  8 : 1.996430e-03 / 7.257904e-01
PCG:  9 : 2.546727e-03 / 9.258476e-01
PCG: 10 : 3.334588e-03 / 1.212270e+00
PCG:  0 : 3.334588e-03
PCG:  1 : 2.492560e-03 / 7.474867e-01
PCG:  2 : 1.921010e-03 / 5.760861e-01
PCG:  3 : 2.166580e-03 / 6.497295e-01
PCG:  4 : 2.170789e-03 / 6.509917e-01
PCG:  5 : 2.283789e-03 / 6.848789e-01
PCG:  6 : 2.116316e-03 / 6.346560e-01
PCG:  7 : 1.787983e-03 / 5.361931e-01
PCG:  8 : 1.785699e-03 / 5.355080e-01
PCG:  9 : 2.081023e-03 / 6.240718e-01
PCG: 10 : 2.349200e-03 / 7.044948e-01
PCG:  0 : 2.349200e-03
PCG:  1 : 2.046036e-03 / 8.709500e-01
PCG:  2 : 1.730728e-03 / 7.367309e-01
PCG:  3 : 1.698918e-03 / 7.231900e-01
PCG:  4 : 1.999432e-03 / 8.511117e-01
PCG:  5 : 2.121689e-03 / 9.031540e-01
PCG:  6 : 1.988690e-03 / 8.465391e-01
PCG:  7 : 1.969439e-03 / 8.383448e-01
PCG:  8 : 1.705829e-03 / 7.261320e-01
PCG:  9 : 2.179942e-03 / 9.279509e-01
PCG: 10 : 2.845973e-03 / 1.211465e+00
PCG:  0 : 2.845973e-03
PCG:  1 : 2.133459e-03 / 7.496414e-01
PCG:  2 : 1.641137e-03 / 5.766522e-01
PCG:  3 : 1.851089e-03 / 6.504238e-01
PCG:  4 : 1.856402e-03 / 6.522908e-01
PCG:  5 : 1.949930e-03 / 6.851541e-01
PCG:  6 : 1.809556e-03 / 6.358302e-01
PCG:  7 : 1.528912e-03 / 5.372196e-01
PCG:  8 : 1.526072e-03 / 5.362214e-01
PCG:  9 : 1.781795e-03 / 6.260758e-01
PCG: 10 : 2.006462e-03 / 7.050180e-01
PCG:  0 : 2.006462e-03
PCG:  1 : 1.751739e-03 / 8.730484e-01
PCG:  2 : 1.478913e-03 / 7.370749e-01
PCG:  3 : 1.452797e-03 / 7.240590e-01
PCG:  4 : 1.709437e-03 / 8.519660e-01
PCG:  5 : 1.811518e-03 / 9.028419e-01
PCG:  6 : 1.700818e-03 / 8.476702e-01
PCG:  7 : 1.682525e-03 / 8.385532e-01
PCG:  8 : 1.457683e-03 / 7.264941e-01
PCG:  9 : 1.865890e-03 / 9.299406e-01
PCG: 10 : 2.429180e-03 / 1.210678e+00
PCG:  0 : 2.429180e-03
PCG:  1 : 1.826017e-03 / 7.517010e-01
PCG:  2 : 1.402137e-03 / 5.772058e-01
PCG:  3 : 1.581537e-03 / 6.510579e-01
PCG:  4 : 1.587539e-03 / 6.535289e-01
PCG:  5 : 1.664867e-03 / 6.853617e-01
PCG:  6 : 1.547298e-03 / 6.369630e-01
PCG:  7 : 1.307341e-03 / 5.381820e-01
PCG:  8 : 1.304331e-03 / 5.369431e-01
PCG:  9 : 1.525515e-03 / 6.279958e-01
PCG: 10 : 1.713852e-03 / 7.055271e-01
PCG:  0 : 1.713852e-03
PCG:  1 : 1.499707e-03 / 8.750504e-01
PCG:  2 : 1.263824e-03 / 7.374170e-01
PCG:  3 : 1.242319e-03 / 7.248694e-01
PCG:  4 : 1.461509e-03 / 8.527625e-01
PCG:  5 : 1.546695e-03 / 9.024668e-01
PCG:  6 : 1.454635e-03 / 8.487518e-01
PCG:  7 : 1.437386e-03 / 8.386875e-01
PCG:  8 : 1.245746e-03 / 7.268687e-01
PCG:  9 : 1.596994e-03 / 9.318154e-01
PCG: 10 : 2.073605e-03 / 1.209909e+00
PCG:  0 : 2.073605e-03
PCG:  1 : 1.562803e-03 / 7.536646e-01
PCG:  2 : 1.198016e-03 / 5.777453e-01
PCG:  3 : 1.351241e-03 / 6.516387e-01
PCG:  4 : 1.357604e-03 / 6.547071e-01
PCG:  5 : 1.421488e-03 / 6.855153e-01
PCG:  6 : 1.323070e-03 / 6.380532e-01
PCG:  7 : 1.117851e-03 / 5.390856e-01
PCG:  8 : 1.114914e-03 / 5.376692e-01
PCG:  9 : 1.306023e-03 / 6.298319e-01
PCG: 10 : 1.464019e-03 / 7.060260e-01
PCG:  0 : 1.464019e-03
PCG:  1 : 1.283876e-03 / 8.769528e-01
PCG:  2 : 1.080085e-03 / 7.377536e-01
PCG:  3 : 1.062327e-03 / 7.256236e-01
PCG:  4 : 1.249539e-03 / 8.534988e-01
PCG:  5 : 1.320605e-03 / 9.020408e-01
PCG:  6 : 1.244093e-03 / 8.497790e-01
PCG:  7 : 1.227951e-03 / 8.387538e-01
PCG:  8 : 1.064705e-03 / 7.272480e-01
PCG:  9 : 1.366770e-03 / 9.335738e-01
PCG: 10 : 1.770227e-03 / 1.209156e+00
PCG:  0 : 1.770227e-03
PCG:  1 : 1.337466e-03 / 7.555334e-01
PCG:  2 : 1.023668e-03 / 5.782695e-01
PCG:  3 : 1.154491e-03 / 6.521710e-01
PCG:  4 : 1.160961e-03 / 6.558259e-01
PCG:  5 : 1.213711e-03 / 6.856245e-01
PCG:  6 : 1.131349e-03 / 6.390979e-01
PCG:  7 : 9.558051e-04 / 5.399336e-01
PCG:  8 : 9.530814e-04 / 5.383949e-01
PCG:  9 : 1.118045e-03 / 6.315827e-01
PCG: 10 : 1.250691e-03 / 7.065142e-01
PCG:  0 : 1.250691e-03
PCG:  1 : 1.099051e-03 / 8.787549e-01
PCG:  2 : 9.231142e-04 / 7.380834e-01
PCG:  3 : 9.084097e-04 / 7.263263e-01
PCG:  4 : 1.068308e-03 / 8.541745e-01
PCG:  5 : 1.127591e-03 / 9.015749e-01
PCG:  6 : 1.064022e-03 / 8.507475e-01
PCG:  7 : 1.049028e-03 / 8.387592e-01
PCG:  8 : 9.100352e-04 / 7.276260e-01
PCG:  9 : 1.169666e-03 / 9.352160e-01
PCG: 10 : 1.511359e-03 / 1.208419e+00
PCG:  0 : 1.511359e-03
PCG:  1 : 1.144562e-03 / 7.573063e-01
PCG:  2 : 8.747378e-04 / 5.787756e-01
PCG:  3 : 9.864009e-04 / 6.526582e-01
PCG:  4 : 9.927859e-04 / 6.568829e-01
PCG:  5 : 1.036333e-03 / 6.856961e-01
PCG:  6 : 9.674131e-04 / 6.400948e-01
PCG:  7 : 8.172368e-04 / 5.407298e-01
PCG:  8 : 8.147984e-04 / 5.391164e-01
PCG:  9 : 9.570665e-04 / 6.332490e-01
PCG: 10 : 1.068518e-03 / 7.069914e-01
PCG:  0 : 1.068518e-03
PCG:  1 : 9.407854e-04 / 8.804582e-01
PCG:  2 : 7.889995e-04 / 7.384055e-01
PCG:  3 : 7.767922e-04 / 7.269810e-01
PCG:  4 : 9.133571e-04 / 8.547887e-01
PCG:  5 : 9.628181e-04 / 9.010781e-01
PCG:  6 : 9.100083e-04 / 8.516546e-01
PCG:  7 : 8.961774e-04 / 8.387107e-01
PCG:  8 : 7.778806e-04 / 7.279996e-01
PCG:  9 : 1.000930e-03 / 9.367459e-01
PCG: 10 : 1.290454e-03 / 1.207705e+00
PCG:  0 : 1.290454e-03
PCG:  1 : 9.794319e-04 / 7.589823e-01
PCG:  2 : 7.475107e-04 / 5.792617e-01
PCG:  3 : 8.427964e-04 / 6.531006e-01
PCG:  4 : 8.489589e-04 / 6.578761e-01
PCG:  5 : 8.849077e-04 / 6.857336e-01
PCG:  6 : 8.272315e-04 / 6.410390e-01
PCG:  7 : 6.987511e-04 / 5.414768e-01
PCG:  8 : 6.966244e-04 / 5.398288e-01
PCG:  9 : 8.192190e-04 / 6.348300e-01
PCG: 10 : 9.129373e-04 / 7.074543e-01
PCG:  0 : 9.129373e-04
PCG:  1 : 8.052701e-04 / 8.820651e-01
PCG:  2 : 6.744047e-04 / 7.387197e-01
PCG:  3 : 6.642460e-04 / 7.275922e-01
PCG:  4 : 7.808732e-04 / 8.553416e-01
PCG:  5 : 8.221529e-04 / 9.005579e-01
PCG:  6 : 7.782784e-04 / 8.524993e-01
PCG:  7 : 7.656030e-04 / 8.386152e-01
PCG:  8 : 6.649528e-04 / 7.283664e-01
PCG:  9 : 8.564870e-04 / 9.381663e-01
PCG: 10 : 1.101927e-03 / 1.207013e+00
PCG:  0 : 1.101927e-03
PCG:  1 : 8.380849e-04 / 7.605630e-01
PCG:  2 : 6.388167e-04 / 5.797269e-01
PCG:  3 : 7.201103e-04 / 6.535009e-01
PCG:  4 : 7.259543e-04 / 6.588044e-01
PCG:  5 : 7.556371e-04 / 6.857415e-01
PCG:  6 : 7.073582e-04 / 6.419283e-01
PCG:  7 : 5.974405e-04 / 5.421779e-01
PCG:  8 : 5.956244e-04 / 5.405298e-01
PCG:  9 : 7.011855e-04 / 6.363267e-01
PCG: 10 : 7.800580e-04 / 7.079035e-01
PCG:  0 : 7.800579e-04
PCG:  1 : 6.892398e-04 / 8.835751e-01
PCG:  2 : 5.764819e-04 / 7.390245e-01
PCG:  3 : 5.680079e-04 / 7.281612e-01
PCG:  4 : 6.675983e-04 / 8.558317e-01
PCG:  5 : 7.020666e-04 / 9.000185e-01
PCG:  6 : 6.656065e-04 / 8.532783e-01
PCG:  7 : 6.540609e-04 / 8.384774e-01
PCG:  8 : 5.684464e-04 / 7.287233e-01
PCG:  9 : 7.328506e-04 / 9.394823e-01
PCG: 10 : 9.410171e-04 / 1.206343e+00
PCG:  0 : 9.410171e-04
PCG:  1 : 7.171040e-04 / 7.620521e-01
PCG:  2 : 5.459513e-04 / 5.801715e-01
PCG:  3 : 6.152950e-04 / 6.538616e-01
PCG:  4 : 6.207585e-04 / 6.596676e-01
PCG:  5 : 6.452780e-04 / 6.857240e-01
PCG:  6 : 6.048492e-04 / 6.427611e-01
PCG:  7 : 5.108183e-04 / 5.428363e-01
PCG:  8 : 5.092949e-04 / 5.412175e-01
PCG:  9 : 6.001251e-04 / 6.377409e-01
PCG: 10 : 6.665601e-04 / 7.083400e-01
PCG:  0 : 6.665601e-04
PCG:  1 : 5.898988e-04 / 8.849897e-01
PCG:  2 : 4.928003e-04 / 7.393186e-01
PCG:  3 : 4.857154e-04 / 7.286897e-01
PCG:  4 : 5.707468e-04 / 8.562571e-01
PCG:  5 : 5.995467e-04 / 8.994639e-01
PCG:  6 : 5.692343e-04 / 8.539880e-01
PCG:  7 : 5.587783e-04 / 8.383015e-01
PCG:  8 : 4.859668e-04 / 7.290668e-01
PCG:  9 : 6.270296e-04 / 9.406949e-01
PCG: 10 : 8.036635e-04 / 1.205688e+00
PCG:  0 : 8.036636e-04
PCG:  1 : 6.135587e-04 / 7.634521e-01
PCG:  2 : 4.666041e-04 / 5.805963e-01
PCG:  3 : 5.257460e-04 / 6.541867e-01
PCG:  4 : 5.307935e-04 / 6.604673e-01
PCG:  5 : 5.510612e-04 / 6.856864e-01
PCG:  6 : 5.171885e-04 / 6.435385e-01
PCG:  7 : 4.367563e-04 / 5.434566e-01
PCG:  8 : 4.354986e-04 / 5.418916e-01
PCG:  9 : 5.136041e-04 / 6.390785e-01
PCG: 10 : 5.696112e-04 / 7.087682e-01
PCG:  0 : 5.696112e-04
PCG:  1 : 5.048523e-04 / 8.863104e-01
PCG:  2 : 4.212846e-04 / 7.396003e-01
PCG:  3 : 4.153481e-04 / 7.291783e-01
PCG:  4 : 4.879383e-04 / 8.566165e-01
PCG:  5 : 5.120207e-04 / 8.988951e-01
PCG:  6 : 4.868038e-04 / 8.546246e-01
PCG:  7 : 4.773847e-04 / 8.380888e-01
PCG:  8 : 4.154703e-04 / 7.293928e-01
PCG:  9 : 5.364629e-04 / 9.418054e-01
PCG: 10 : 6.864089e-04 / 1.205048e+00
PCG:  0 : 6.864089e-04
PCG:  1 : 5.249415e-04 / 7.647651e-01
PCG:  2 : 3.988043e-04 / 5.810010e-01
PCG:  3 : 4.492390e-04 / 6.544772e-01
PCG:  4 : 4.538556e-04 / 6.612030e-01
PCG:  5 : 4.706228e-04 / 6.856303e-01
PCG:  6 : 4.422251e-04 / 6.442590e-01
PCG:  7 : 3.734346e-04 / 5.440410e-01
PCG:  8 : 3.724114e-04 / 5.425504e-01
PCG:  9 : 4.395354e-04 / 6.403404e-01
PCG: 10 : 4.867903e-04 / 7.091841e-01
PCG:  0 : 4.867903e-04
PCG:  1 : 4.320474e-04 / 8.875431e-01
PCG:  2 : 3.601630e-04 / 7.398731e-01
PCG:  3 : 3.551776e-04 / 7.296317e-01
PCG:  4 : 4.171371e-04 / 8.569132e-01
PCG:  5 : 4.372925e-04 / 8.983181e-01
PCG:  6 : 4.162991e-04 / 8.551918e-01
PCG:  7 : 4.078558e-04 / 8.378471e-01
PCG:  8 : 3.552124e-04 / 7.297031e-01
PCG:  9 : 4.589567e-04 / 9.428222e-01
PCG: 10 : 5.863045e-04 / 1.204429e+00
PCG:  0 : 5.863045e-04
PCG:  1 : 4.491045e-04 / 7.659919e-01
PCG:  2 : 3.408683e-04 / 5.813845e-01
PCG:  3 : 3.838731e-04 / 6.547334e-01
PCG:  4 : 3.880600e-04 / 6.618746e-01
PCG:  5 : 4.019449e-04 / 6.855565e-01
PCG:  6 : 3.781202e-04 / 6.449213e-01
PCG:  7 : 3.192963e-04 / 5.445912e-01
PCG:  8 : 3.184758e-04 / 5.431918e-01
PCG:  9 : 3.761312e-04 / 6.415288e-01
PCG: 10 : 4.160341e-04 / 7.095872e-01
PCG:  0 : 4.160341e-04
PCG:  1 : 3.697254e-04 / 8.886901e-01
PCG:  2 : 3.079217e-04 / 7.401357e-01
PCG:  3 : 3.037264e-04 / 7.300516e-01
PCG:  4 : 3.566030e-04 / 8.571483e-01
PCG:  5 : 3.734883e-04 / 8.977348e-01
PCG:  6 : 3.559963e-04 / 8.556901e-01
PCG:  7 : 3.484619e-04 / 8.375800e-01
PCG:  8 : 3.037038e-04 / 7.299972e-01
PCG:  9 : 3.926322e-04 / 9.437499e-01
PCG: 10 : 5.008344e-04 / 1.203830e+00
PCG:  0 : 5.008344e-04
PCG:  1 : 3.842086e-04 / 7.671370e-01
PCG:  2 : 2.913593e-04 / 5.817477e-01
PCG:  3 : 3.280251e-04 / 6.549571e-01
PCG:  4 : 3.317943e-04 / 6.624829e-01
PCG:  5 : 3.433051e-04 / 6.854663e-01
PCG:  6 : 3.233012e-04 / 6.455250e-01
PCG:  7 : 2.730096e-04 / 5.451094e-01
PCG:  8 : 2.723610e-04 / 5.438145e-01
PCG:  9 : 3.218586e-04 / 6.426448e-01
PCG: 10 : 3.555807e-04 / 7.099766e-01
PCG:  0 : 3.555807e-04
PCG:  1 : 3.163797e-04 / 8.897548e-01
PCG:  2 : 2.632684e-04 / 7.403898e-01
PCG:  3 : 2.597306e-04 / 7.304406e-01
PCG:  4 : 3.048480e-04 / 8.573242e-01
PCG:  5 : 3.190087e-04 / 8.971483e-01
PCG:  6 : 3.044201e-04 / 8.561209e-01
PCG:  7 : 2.977248e-04 / 8.372916e-01
PCG:  8 : 2.596718e-04 / 7.302752e-01
PCG:  9 : 3.358797e-04 / 9.445948e-01
PCG: 10 : 4.278516e-04 / 1.203248e+00
PCG:  0 : 4.278517e-04
PCG:  1 : 3.286786e-04 / 7.682070e-01
PCG:  2 : 2.490495e-04 / 5.820932e-01
PCG:  3 : 2.803082e-04 / 6.551527e-01
PCG:  4 : 2.836795e-04 / 6.630324e-01
PCG:  5 : 2.932345e-04 / 6.853650e-01
PCG:  6 : 2.764242e-04 / 6.460749e-01
PCG:  7 : 2.334361e-04 / 5.456005e-01
PCG:  8 : 2.329315e-04 / 5.444211e-01
PCG:  9 : 2.754062e-04 / 6.436955e-01
PCG: 10 : 3.039282e-04 / 7.103587e-01
PCG:  0 : 3.039282e-04
PCG:  1 : 2.707201e-04 / 8.907371e-01
PCG:  2 : 2.250989e-04 / 7.406319e-01
PCG:  3 : 2.221099e-04 / 7.307972e-01
PCG:  4 : 2.605996e-04 / 8.574380e-01
PCG:  5 : 2.724885e-04 / 8.965555e-01
PCG:  6 : 2.603082e-04 / 8.564793e-01
PCG:  7 : 2.543816e-04 / 8.369793e-01
PCG:  8 : 2.220288e-04 / 7.305304e-01
PCG:  9 : 2.873197e-04 / 9.453541e-01
PCG: 10 : 3.655267e-04 / 1.202675e+00
PCG:  0 : 3.655268e-04
PCG:  1 : 2.811641e-04 / 7.692026e-01
PCG:  2 : 2.128902e-04 / 5.824202e-01
PCG:  3 : 2.395374e-04 / 6.553211e-01
PCG:  4 : 2.425357e-04 / 6.635237e-01
PCG:  5 : 2.504782e-04 / 6.852527e-01
PCG:  6 : 2.363387e-04 / 6.465701e-01
PCG:  7 : 1.996014e-04 / 5.460652e-01
PCG:  8 : 1.992159e-04 / 5.450105e-01
PCG:  9 : 2.356491e-04 / 6.446837e-01
PCG: 10 : 2.597908e-04 / 7.107299e-01
PCG:  0 : 2.597908e-04
PCG:  1 : 2.316415e-04 / 8.916462e-01
PCG:  2 : 1.924703e-04 / 7.408664e-01
PCG:  3 : 1.899400e-04 / 7.311267e-01
PCG:  4 : 2.227698e-04 / 8.574969e-01
PCG:  5 : 2.327628e-04 / 8.959627e-01
PCG:  6 : 2.225819e-04 / 8.567737e-01
PCG:  7 : 2.173543e-04 / 8.366513e-01
PCG:  8 : 1.898473e-04 / 7.307699e-01
PCG:  9 : 2.457725e-04 / 9.460402e-01
PCG: 10 : 3.123000e-04 / 1.202121e+00
PCG:  0 : 3.123000e-04
PCG:  1 : 2.405106e-04 / 7.701269e-01
PCG:  2 : 1.819865e-04 / 5.827298e-01
PCG:  3 : 2.047010e-04 / 6.554628e-01
PCG:  4 : 2.073543e-04 / 6.639587e-01
PCG:  5 : 2.139659e-04 / 6.851295e-01
PCG:  6 : 2.020618e-04 / 6.470119e-01
PCG:  7 : 1.706736e-04 / 5.465055e-01
PCG:  8 : 1.703852e-04 / 5.455818e-01
PCG:  9 : 2.016244e-04 / 6.456112e-01
PCG: 10 : 2.220730e-04 / 7.110888e-01
PCG:  0 : 2.220730e-04
PCG:  1 : 1.981971e-04 / 8.924863e-01
PCG:  2 : 1.645771e-04 / 7.410945e-01
PCG:  3 : 1.624311e-04 / 7.314311e-01
PCG:  4 : 1.904281e-04 / 8.575022e-01
PCG:  5 : 1.988375e-04 / 8.953701e-01
PCG:  6 : 1.903180e-04 / 8.570065e-01
PCG:  7 : 1.857218e-04 / 8.363099e-01
PCG:  8 : 1.623337e-04 / 7.309924e-01
PCG:  9 : 2.102266e-04 / 9.466555e-01
PCG: 10 : 2.668396e-04 / 1.201585e+00
PCG:  0 : 2.668396e-04
PCG:  1 : 2.057291e-04 / 7.709840e-01
PCG:  2 : 1.555735e-04 / 5.830225e-01
PCG:  3 : 1.749347e-04 / 6.555800e-01
PCG:  4 : 1.772720e-04 / 6.643392e-01
PCG:  5 : 1.827841e-04 / 6.849961e-01
PCG:  6 : 1.727524e-04 / 6.474015e-01
PCG:  7 : 1.459406e-04 / 5.469226e-01
PCG:  8 : 1.457305e-04 / 5.461352e-01
PCG:  9 : 1.725067e-04 / 6.464809e-01
PCG: 10 : 1.898394e-04 / 7.114363e-01
PCG:  0 : 1.898394e-04
PCG:  1 : 1.695757e-04 / 8.932586e-01
PCG:  2 : 1.407308e-04 / 7.413151e-01
PCG:  3 : 1.389075e-04 / 7.317106e-01
PCG:  4 : 1.627790e-04 / 8.574563e-01
PCG:  5 : 1.698642e-04 / 8.947784e-01
PCG:  6 : 1.627263e-04 / 8.571787e-01
PCG:  7 : 1.586975e-04 / 8.359566e-01
PCG:  8 : 1.388103e-04 / 7.311988e-01
PCG:  9 : 1.798170e-04 / 9.472061e-01
PCG: 10 : 2.280091e-04 / 1.201063e+00
PCG:  0 : 2.280091e-04
PCG:  1 : 1.759728e-04 / 7.717797e-01
PCG:  2 : 1.329977e-04 / 5.833001e-01
PCG:  3 : 1.494998e-04 / 6.556746e-01
PCG:  4 : 1.515506e-04 / 6.646689e-01
PCG:  5 : 1.561532e-04 / 6.848550e-01
PCG:  6 : 1.476911e-04 / 6.477422e-01
PCG:  7 : 1.247937e-04 / 5.473189e-01
PCG:  8 : 1.246461e-04 / 5.466719e-01
PCG:  9 : 1.475896e-04 / 6.472968e-01
PCG: 10 : 1.622910e-04 / 7.117743e-01
PCG:  0 : 1.622910e-04
PCG:  1 : 1.450830e-04 / 8.939678e-01
PCG:  2 : 1.203435e-04 / 7.415292e-01
PCG:  3 : 1.187918e-04 / 7.319675e-01
PCG:  4 : 1.391421e-04 / 8.573617e-01
PCG:  5 : 1.451187e-04 / 8.941877e-01
PCG:  6 : 1.391309e-04 / 8.572924e-01
PCG:  7 : 1.356092e-04 / 8.355929e-01
PCG:  8 : 1.186977e-04 / 7.313879e-01
PCG:  9 : 1.538023e-04 / 9.476944e-01
PCG: 10 : 1.948389e-04 / 1.200552e+00
PCG:  0 : 1.948389e-04
PCG:  1 : 1.505165e-04 / 7.725177e-01
PCG:  2 : 1.137011e-04 / 5.835647e-01
PCG:  3 : 1.277656e-04 / 6.557501e-01
PCG:  4 : 1.295583e-04 / 6.649508e-01
PCG:  5 : 1.334079e-04 / 6.847085e-01
PCG:  6 : 1.262630e-04 / 6.480381e-01
PCG:  7 : 1.067128e-04 / 5.476977e-01
PCG:  8 : 1.066147e-04 / 5.471939e-01
PCG:  9 : 1.262681e-04 / 6.480643e-01
PCG: 10 : 1.387457e-04 / 7.121050e-01
PCG:  0 : 1.387457e-04
PCG:  1 : 1.241244e-04 / 8.946174e-01
PCG:  2 : 1.029129e-04 / 7.417372e-01
PCG:  3 : 1.015901e-04 / 7.322034e-01
PCG:  4 : 1.189358e-04 / 8.572213e-01
PCG:  5 : 1.239831e-04 / 8.935990e-01
PCG:  6 : 1.189536e-04 / 8.573493e-01
PCG:  7 : 1.158831e-04 / 8.352194e-01
PCG:  8 : 1.015010e-04 / 7.315612e-01
PCG:  9 : 1.315484e-04 / 9.481253e-01
PCG: 10 : 1.665025e-04 / 1.200055e+00
PCG:  0 : 1.665025e-04
PCG:  1 : 1.287397e-04 / 7.732002e-01
PCG:  2 : 9.720672e-05 / 5.838154e-01
PCG:  3 : 1.091932e-04 / 6.558052e-01
PCG:  4 : 1.107552e-04 / 6.651862e-01
PCG:  5 : 1.139801e-04 / 6.845549e-01
PCG:  6 : 1.079418e-04 / 6.482892e-01
PCG:  7 : 9.125313e-05 / 5.480587e-01
PCG:  8 : 9.119341e-05 / 5.477000e-01
PCG:  9 : 1.080242e-04 / 6.487844e-01
PCG: 10 : 1.186205e-04 / 7.124245e-01
PCG:  0 : 1.186205e-04
PCG:  1 : 1.061907e-04 / 8.952140e-01
PCG:  2 : 8.800944e-05 / 7.419415e-01
PCG:  3 : 8.688012e-05 / 7.324210e-01
PCG:  4 : 1.016624e-04 / 8.570390e-01
PCG:  5 : 1.059296e-04 / 8.930132e-01
PCG:  6 : 1.016998e-04 / 8.573550e-01
PCG:  7 : 9.902896e-05 / 8.348388e-01
PCG:  8 : 8.679700e-05 / 7.317203e-01
PCG:  9 : 1.125118e-04 / 9.485025e-01
PCG: 10 : 1.422937e-04 / 1.199571e+00
PCG:  0 : 1.422937e-04
PCG:  1 : 1.101112e-04 / 7.738304e-01
PCG:  2 : 8.310720e-05 / 5.840541e-01
PCG:  3 : 9.332222e-05 / 6.558424e-01
PCG:  4 : 9.467907e-05 / 6.653779e-01
PCG:  5 : 9.738513e-05 / 6.843953e-01
PCG:  6 : 9.227717e-05 / 6.484981e-01
PCG:  7 : 7.803443e-05 / 5.484040e-01
PCG:  8 : 7.800418e-05 / 5.481915e-01
PCG:  9 : 9.241424e-05 / 6.494613e-01
PCG: 10 : 1.014177e-04 / 7.127351e-01
PCG:  0 : 1.014177e-04
PCG:  1 : 9.084604e-05 / 8.957611e-01
PCG:  2 : 7.526638e-05 / 7.421424e-01
PCG:  3 : 7.430081e-05 / 7.326217e-01
PCG:  4 : 8.689648e-05 / 8.568177e-01
PCG:  5 : 9.050833e-05 / 8.924313e-01
PCG:  6 : 8.694674e-05 / 8.573132e-01
PCG:  7 : 8.462840e-05 / 8.344539e-01
PCG:  8 : 7.422429e-05 / 7.318672e-01
PCG:  9 : 9.622845e-05 / 9.488329e-01
PCG: 10 : 1.216101e-04 / 1.199101e+00
PCG:  0 : 1.216101e-04
PCG:  1 : 9.417643e-05 / 7.744130e-01
PCG:  2 : 7.105452e-05 / 5.842815e-01
PCG:  3 : 7.975958e-05 / 6.558632e-01
PCG:  4 : 8.093501e-05 / 6.655288e-01
PCG:  5 : 8.320936e-05 / 6.842308e-01
PCG:  6 : 7.888447e-05 / 6.486672e-01
PCG:  7 : 6.673162e-05 / 5.487342e-01
PCG:  8 : 6.672365e-05 / 5.486687e-01
PCG:  9 : 7.905830e-05 / 6.500966e-01
PCG: 10 : 8.671252e-05 / 7.130373e-01
PCG:  0 : 8.671252e-05
PCG:  1 : 7.771698e-05 / 8.962601e-01
PCG:  2 : 6.437015e-05 / 7.423397e-01
PCG:  3 : 6.354348e-05 / 7.328063e-01
PCG:  4 : 7.427437e-05 / 8.565588e-01
PCG:  5 : 7.733476e-05 / 8.918523e-01
PCG:  6 : 7.433210e-05 / 8.572245e-01
PCG:  7 : 7.232378e-05 / 8.340638e-01
PCG:  8 : 6.347361e-05 / 7.320005e-01
PCG:  9 : 8.230035e-05 / 9.491172e-01
PCG: 10 : 1.039370e-04 / 1.198639e+00
PCG:  0 : 1.039370e-04
PCG:  1 : 8.054629e-05 / 7.749531e-01
PCG:  2 : 6.075118e-05 / 5.845000e-01
PCG:  3 : 6.816923e-05 / 6.558707e-01
PCG:  4 : 6.918491e-05 / 6.656427e-01
PCG:  5 : 7.109949e-05 / 6.840633e-01
PCG:  6 : 6.743438e-05 / 6.488005e-01
PCG:  7 : 5.706685e-05 / 5.490523e-01
PCG:  8 : 5.707541e-05 / 5.491347e-01
PCG:  9 : 6.763134e-05 / 6.506955e-01
PCG: 10 : 7.414182e-05 / 7.133343e-01
PCG:  0 : 7.414182e-05
PCG:  1 : 6.648403e-05 / 8.967143e-01
PCG:  2 : 5.505274e-05 / 7.425330e-01
PCG:  3 : 5.434409e-05 / 7.329749e-01
PCG:  4 : 6.348495e-05 / 8.562637e-01
PCG:  5 : 6.608078e-05 / 8.912754e-01
PCG:  6 : 6.354625e-05 / 8.570905e-01
PCG:  7 : 6.180970e-05 / 8.336686e-01
PCG:  8 : 5.428074e-05 / 7.321205e-01
PCG:  9 : 7.038718e-05 / 9.493588e-01
PCG: 10 : 8.883564e-05 / 1.198185e+00
PCG:  0 : 8.883564e-05
PCG:  1 : 6.888776e-05 / 7.754518e-01
PCG:  2 : 5.194300e-05 / 5.847090e-01
PCG:  3 : 5.826414e-05 / 6.558645e-01
PCG:  4 : 5.913975e-05 / 6.657210e-01
PCG:  5 : 6.075401e-05 / 6.838924e-01
PCG:  6 : 5.764537e-05 / 6.488992e-01
PCG:  7 : 4.880256e-05 / 5.493580e-01
PCG:  8 : 4.882307e-05 / 5.495888e-01
PCG:  9 : 5.785509e-05 / 6.512599e-01
PCG: 10 : 6.339519e-05 / 7.136233e-01
PCG:  0 : 6.339519e-05
PCG:  1 : 5.687369e-05 / 8.971294e-01
PCG:  2 : 4.708523e-05 / 7.427256e-01
PCG:  3 : 4.647699e-05 / 7.331311e-01
PCG:  4 : 5.426232e-05 / 8.559375e-01
PCG:  5 : 5.646631e-05 / 8.907034e-01
PCG:  6 : 5.432440e-05 / 8.569166e-01
PCG:  7 : 5.282538e-05 / 8.332710e-01
PCG:  8 : 4.641991e-05 / 7.322307e-01
PCG:  9 : 6.019766e-05 / 9.495618e-01
PCG: 10 : 7.593127e-05 / 1.197745e+00
PCG:  0 : 7.593127e-05
PCG:  1 : 5.891587e-05 / 7.759105e-01
PCG:  2 : 4.441289e-05 / 5.849091e-01
PCG:  3 : 4.979915e-05 / 6.558450e-01
PCG:  4 : 5.055235e-05 / 6.657646e-01
PCG:  5 : 5.191549e-05 / 6.837169e-01
PCG:  6 : 4.927669e-05 / 6.489644e-01
PCG:  7 : 4.173575e-05 / 5.496517e-01
PCG:  8 : 4.176453e-05 / 5.500308e-01
PCG:  9 : 4.949127e-05 / 6.517904e-01
PCG: 10 : 5.420749e-05 / 7.139021e-01
PCG:  0 : 5.420749e-05
PCG:  1 : 4.865173e-05 / 8.975095e-01
PCG:  2 : 4.027173e-05 / 7.429181e-01
PCG:  3 : 3.974912e-05 / 7.332773e-01
PCG:  4 : 4.637905e-05 / 8.555837e-01
PCG:  5 : 4.825207e-05 / 8.901367e-01
PCG:  6 : 4.643992e-05 / 8.567068e-01
PCG:  7 : 4.514794e-05 / 8.328728e-01
PCG:  8 : 3.969791e-05 / 7.323325e-01
PCG:  9 : 5.148259e-05 / 9.497321e-01
PCG: 10 : 6.490356e-05 / 1.197317e+00
PCG:  0 : 6.490356e-05
PCG:  1 : 5.038689e-05 / 7.763348e-01
PCG:  2 : 3.797519e-05 / 5.851019e-01
PCG:  3 : 4.256467e-05 / 6.558142e-01
PCG:  4 : 4.321127e-05 / 6.657766e-01
PCG:  5 : 4.436405e-05 / 6.835380e-01
PCG:  6 : 4.212235e-05 / 6.489991e-01
PCG:  7 : 3.569274e-05 / 5.499351e-01
PCG:  8 : 3.572694e-05 / 5.504619e-01
PCG:  9 : 4.233595e-05 / 6.522901e-01
PCG: 10 : 4.635248e-05 / 7.141747e-01
PCG:  0 : 4.635247e-05
PCG:  1 : 4.161778e-05 / 8.978545e-01
PCG:  2 : 3.444497e-05 / 7.431097e-01
PCG:  3 : 3.399548e-05 / 7.334124e-01
PCG:  4 : 3.964074e-05 / 8.552023e-01
PCG:  5 : 4.123393e-05 / 8.895736e-01
PCG:  6 : 3.969914e-05 / 8.564622e-01
PCG:  7 : 3.858722e-05 / 8.324738e-01
PCG:  8 : 3.394975e-05 / 7.324258e-01
PCG:  9 : 4.402887e-05 / 9.498711e-01
PCG: 10 : 5.547914e-05 / 1.196897e+00
PCG:  0 : 5.547914e-05
PCG:  1 : 4.309215e-05 / 7.767270e-01
PCG:  2 : 3.247128e-05 / 5.852881e-01
PCG:  3 : 3.638176e-05 / 6.557737e-01
PCG:  4 : 3.693578e-05 / 6.657598e-01
PCG:  5 : 3.791205e-05 / 6.833569e-01
PCG:  6 : 3.600627e-05 / 6.490054e-01
PCG:  7 : 3.052512e-05 / 5.502089e-01
PCG:  8 : 3.056257e-05 / 5.508840e-01
PCG:  9 : 3.621466e-05 / 6.527616e-01
PCG: 10 : 3.963662e-05 / 7.144418e-01
PCG:  0 : 3.963662e-05
PCG:  1 : 3.560031e-05 / 8.981671e-01
PCG:  2 : 2.946191e-05 / 7.433002e-01
PCG:  3 : 2.907494e-05 / 7.335373e-01
PCG:  4 : 3.388120e-05 / 8.547955e-01
PCG:  5 : 3.523753e-05 / 8.890145e-01
PCG:  6 : 3.393623e-05 / 8.561839e-01
PCG:  7 : 3.298056e-05 / 8.320730e-01
PCG:  8 : 2.903422e-05 / 7.325099e-01
PCG:  9 : 3.765397e-05 / 9.499793e-01
PCG: 10 : 4.742453e-05 / 1.196483e+00
PCG:  0 : 4.742453e-05
PCG:  1 : 3.685317e-05 / 7.770910e-01
PCG:  2 : 2.776563e-05 / 5.854697e-01
PCG:  3 : 3.109749e-05 / 6.557259e-01
PCG:  4 : 3.157133e-05 / 6.657174e-01
PCG:  5 : 3.239926e-05 / 6.831753e-01
PCG:  6 : 3.077789e-05 / 6.489868e-01
PCG:  7 : 2.610603e-05 / 5.504752e-01
PCG:  8 : 2.614507e-05 / 5.512984e-01
PCG:  9 : 3.097815e-05 / 6.532094e-01
PCG: 10 : 3.389455e-05 / 7.147050e-01
PCG:  0 : 3.389455e-05
PCG:  1 : 3.045257e-05 / 8.984506e-01
PCG:  2 : 2.520025e-05 / 7.434899e-01
PCG:  3 : 2.486684e-05 / 7.336530e-01
PCG:  4 : 2.895828e-05 / 8.543640e-01
PCG:  5 : 3.011389e-05 / 8.884582e-01
PCG:  6 : 2.900946e-05 / 8.558739e-01
PCG:  7 : 2.818911e-05 / 8.316710e-01
PCG:  8 : 2.483068e-05 / 7.325863e-01
PCG:  9 : 3.220182e-05 / 9.500591e-01
PCG: 10 : 4.054045e-05 / 1.196076e+00
PCG:  0 : 4.054046e-05
PCG:  1 : 3.151721e-05 / 7.774261e-01
PCG:  2 : 2.374234e-05 / 5.856457e-01
PCG:  3 : 2.658112e-05 / 6.556690e-01
PCG:  4 : 2.698571e-05 / 6.656490e-01
PCG:  5 : 2.768878e-05 / 6.829914e-01
PCG:  6 : 2.630846e-05 / 6.489432e-01
PCG:  7 : 2.232698e-05 / 5.507333e-01
PCG:  8 : 2.236635e-05 / 5.517044e-01
PCG:  9 : 2.649855e-05 / 6.536323e-01
PCG: 10 : 2.898482e-05 / 7.149605e-01
PCG:  0 : 2.898482e-05
PCG:  1 : 2.604895e-05 / 8.987098e-01
PCG:  2 : 2.155550e-05 / 7.436822e-01
PCG:  3 : 2.126799e-05 / 7.337629e-01
PCG:  4 : 2.475052e-05 / 8.539131e-01
PCG:  5 : 2.573585e-05 / 8.879078e-01
PCG:  6 : 2.479758e-05 / 8.555366e-01
PCG:  7 : 2.409421e-05 / 8.312697e-01
PCG:  8 : 2.123593e-05 / 7.326568e-01
PCG:  9 : 2.753889e-05 / 9.501140e-01
PCG: 10 : 3.465658e-05 / 1.195680e+00
PCG:  0 : 3.465658e-05
PCG:  1 : 2.695360e-05 / 7.777340e-01
PCG:  2 : 2.030239e-05 / 5.858164e-01
PCG:  3 : 2.272101e-05 / 6.556043e-01
PCG:  4 : 2.306590e-05 / 6.655560e-01
PCG:  5 : 2.366367e-05 / 6.828045e-01
PCG:  6 : 2.248782e-05 / 6.488758e-01
PCG:  7 : 1.909519e-05 / 5.509830e-01
PCG:  8 : 1.913397e-05 / 5.521021e-01
PCG:  9 : 2.266652e-05 / 6.540323e-01
PCG: 10 : 2.478673e-05 / 7.152098e-01
PCG:  0 : 2.478672e-05
PCG:  1 : 2.228190e-05 / 8.989451e-01
PCG:  2 : 1.843824e-05 / 7.438754e-01
PCG:  3 : 1.819014e-05 / 7.338661e-01
PCG:  4 : 2.115406e-05 / 8.534433e-01
PCG:  5 : 2.199481e-05 / 8.873624e-01
PCG:  6 : 2.119700e-05 / 8.551756e-01
PCG:  7 : 2.059456e-05 / 8.308704e-01
PCG:  8 : 1.816181e-05 / 7.327234e-01
PCG:  9 : 2.355107e-05 / 9.501488e-01
PCG: 10 : 2.962742e-05 / 1.195294e+00
PCG:  0 : 2.962742e-05
PCG:  1 : 2.305070e-05 / 7.780191e-01
PCG:  2 : 1.736118e-05 / 5.859834e-01
PCG:  3 : 1.942177e-05 / 6.555334e-01
PCG:  4 : 1.971533e-05 / 6.654418e-01
PCG:  5 : 2.022417e-05 / 6.826166e-01
PCG:  6 : 1.922188e-05 / 6.487867e-01
PCG:  7 : 1.633140e-05 / 5.512258e-01
PCG:  8 : 1.636893e-05 / 5.524927e-01
PCG:  9 : 1.938850e-05 / 6.544108e-01
PCG: 10 : 2.119704e-05 / 7.154534e-01
PCG:  0 : 2.119704e-05
PCG:  1 : 1.905949e-05 / 8.991581e-01
PCG:  2 : 1.577208e-05 / 7.440699e-01
PCG:  3 : 1.555786e-05 / 7.339640e-01
PCG:  4 : 1.808014e-05 / 8.529557e-01
PCG:  5 : 1.879798e-05 / 8.868212e-01
PCG:  6 : 1.811902e-05 / 8.547900e-01
PCG:  7 : 1.760355e-05 / 8.304720e-01
PCG:  8 : 1.553287e-05 / 7.327850e-01
PCG:  9 : 2.014064e-05 / 9.501628e-01
PCG: 10 : 2.532860e-05 / 1.194912e+00
PCG:  0 : 2.532860e-05
PCG:  1 : 1.971287e-05 / 7.782850e-01
PCG:  2 : 1.484631e-05 / 5.861483e-01
PCG:  3 : 1.660183e-05 / 6.554581e-01
PCG:  4 : 1.685131e-05 / 6.653075e-01
PCG:  5 : 1.728495e-05 / 6.824281e-01
PCG:  6 : 1.643012e-05 / 6.486785e-01
PCG:  7 : 1.396777e-05 / 5.514624e-01
PCG:  8 : 1.400361e-05 / 5.528775e-01
PCG:  9 : 1.658442e-05 / 6.547704e-01
PCG: 10 : 1.812753e-05 / 7.156940e-01
PCG:  0 : 1.812753e-05
PCG:  1 : 1.630297e-05 / 8.993486e-01
PCG:  2 : 1.349168e-05 / 7.442646e-01
PCG:  3 : 1.330661e-05 / 7.340555e-01
PCG:  4 : 1.545282e-05 / 8.524507e-01
PCG:  5 : 1.606613e-05 / 8.862837e-01
PCG:  6 : 1.548780e-05 / 8.543804e-01
PCG:  7 : 1.504719e-05 / 8.300739e-01
PCG:  8 : 1.328461e-05 / 7.328417e-01
PCG:  9 : 1.722399e-05 / 9.501568e-01
PCG: 10 : 2.165398e-05 / 1.194536e+00
PCG:  0 : 2.165398e-05
PCG:  1 : 1.685828e-05 / 7.785302e-01
PCG:  2 : 1.269595e-05 / 5.863103e-01
PCG:  3 : 1.419155e-05 / 6.553780e-01
PCG:  4 : 1.440325e-05 / 6.651548e-01
PCG:  5 : 1.477320e-05 / 6.822395e-01
PCG:  6 : 1.404375e-05 / 6.485527e-01
PCG:  7 : 1.194636e-05 / 5.516936e-01
PCG:  8 : 1.198021e-05 / 5.532568e-01
PCG:  9 : 1.418581e-05 / 6.551132e-01
PCG: 10 : 1.550272e-05 / 7.159293e-01
PCG:  0 : 1.550272e-05
PCG:  1 : 1.394505e-05 / 8.995230e-01
PCG:  2 : 1.154119e-05 / 7.444625e-01
PCG:  3 : 1.138123e-05 / 7.341443e-01
PCG:  4 : 1.320726e-05 / 8.519317e-01
PCG:  5 : 1.373156e-05 / 8.857513e-01
PCG:  6 : 1.323856e-05 / 8.539506e-01
PCG:  7 : 1.286224e-05 / 8.296764e-01
PCG:  8 : 1.136187e-05 / 7.328950e-01
PCG:  9 : 1.472964e-05 / 9.501326e-01
PCG: 10 : 1.851287e-05 / 1.194169e+00
PCG:  0 : 1.851287e-05
PCG:  1 : 1.441699e-05 / 7.787548e-01
PCG:  2 : 1.085722e-05 / 5.864687e-01
PCG:  3 : 1.213133e-05 / 6.552917e-01
PCG:  4 : 1.231074e-05 / 6.649825e-01
PCG:  5 : 1.262668e-05 / 6.820484e-01
PCG:  6 : 1.200390e-05 / 6.484081e-01
PCG:  7 : 1.021761e-05 / 5.519191e-01
PCG:  8 : 1.024928e-05 / 5.536301e-01
PCG:  9 : 1.213404e-05 / 6.554382e-01
PCG: 10 : 1.325815e-05 / 7.161583e-01
PCG:  0 : 1.325815e-05
PCG:  1 : 1.192811e-05 / 8.996814e-01
PCG:  2 : 9.872854e-06 / 7.446632e-01
PCG:  3 : 9.734536e-06 / 7.342305e-01
PCG:  4 : 1.128798e-05 / 8.513994e-01
PCG:  5 : 1.173643e-05 / 8.852242e-01
PCG:  6 : 1.131588e-05 / 8.535036e-01
PCG:  7 : 1.099474e-05 / 8.292816e-01
PCG:  8 : 9.717510e-06 / 7.329463e-01
PCG:  9 : 1.259648e-05 / 9.500935e-01
PCG: 10 : 1.582772e-05 / 1.193811e+00
PCG:  0 : 1.582772e-05
PCG:  1 : 1.232920e-05 / 7.789629e-01
PCG:  2 : 9.284940e-06 / 5.866254e-01
PCG:  3 : 1.037035e-05 / 6.552022e-01
PCG:  4 : 1.052218e-05 / 6.647949e-01
PCG:  5 : 1.079224e-05 / 6.818573e-01
PCG:  6 : 1.026028e-05 / 6.482477e-01
PCG:  7 : 8.739113e-06 / 5.521398e-01
PCG:  8 : 8.768537e-06 / 5.539988e-01
PCG:  9 : 1.037898e-05 / 6.557474e-01
PCG: 10 : 1.133873e-05 / 7.163843e-01
PCG:  0 : 1.133873e-05
PCG:  1 : 1.020285e-05 / 8.998229e-01
PCG:  2 : 8.445830e-06 / 7.448658e-01
PCG:  3 : 8.326178e-06 / 7.343134e-01
PCG:  4 : 9.647601e-06 / 8.508541e-01
PCG:  5 : 1.003138e-05 / 8.847007e-01
PCG:  6 : 9.672366e-06 / 8.530382e-01
PCG:  7 : 9.398525e-06 / 8.288873e-01
PCG:  8 : 8.311215e-06 / 7.329937e-01
PCG:  9 : 1.077223e-05 / 9.500390e-01
PCG: 10 : 1.353225e-05 / 1.193454e+00
PCG:  0 : 1.353225e-05
PCG:  1 : 1.054374e-05 / 7.791569e-01
PCG:  2 : 7.940468e-06 / 5.867811e-01
PCG:  3 : 8.865116e-06 / 6.551104e-01
PCG:  4 : 8.993428e-06 / 6.645923e-01
PCG:  5 : 9.224479e-06 / 6.816664e-01
PCG:  6 : 8.769879e-06 / 6.480726e-01
PCG:  7 : 7.474617e-06 / 5.523559e-01
PCG:  8 : 7.501787e-06 / 5.543637e-01
PCG:  9 : 8.877731e-06 / 6.560426e-01
PCG: 10 : 9.697323e-06 / 7.166084e-01
PCG:  0 : 9.697324e-06
PCG:  1 : 8.727079e-06 / 8.999472e-01
PCG:  2 : 7.225172e-06 / 7.450687e-01
PCG:  3 : 7.121636e-06 / 7.343919e-01
PCG:  4 : 8.245584e-06 / 8.502949e-01
PCG:  5 : 8.574175e-06 / 8.841795e-01
PCG:  6 : 8.267487e-06 / 8.525535e-01
PCG:  7 : 8.034165e-06 / 8.284931e-01
PCG:  8 : 7.108497e-06 / 7.330370e-01
PCG:  9 : 9.212152e-06 / 9.499685e-01
PCG: 10 : 1.156987e-05 / 1.193099e+00
PCG:  0 : 1.156987e-05
PCG:  1 : 9.016831e-06 / 7.793373e-01
PCG:  2 : 6.790779e-06 / 5.869366e-01
PCG:  3 : 7.578461e-06 / 6.550171e-01
PCG:  4 : 7.686747e-06 / 6.643764e-01
PCG:  5 : 7.884600e-06 / 6.814770e-01
PCG:  6 : 7.495944e-06 / 6.478850e-01
PCG:  7 : 6.393149e-06 / 5.525689e-01
PCG:  8 : 6.418103e-06 / 5.547256e-01
PCG:  9 : 7.593600e-06 / 6.563255e-01
PCG: 10 : 8.293630e-06 / 7.168301e-01
PCG:  0 : 8.293630e-06
PCG:  1 : 7.464759e-06 / 9.000593e-01
PCG:  2 : 6.181035e-06 / 7.452749e-01
PCG:  3 : 6.091419e-06 / 7.344695e-01
PCG:  4 : 7.047312e-06 / 8.497258e-01
PCG:  5 : 7.328781e-06 / 8.836638e-01
PCG:  6 : 7.066618e-06 / 8.520536e-01
PCG:  7 : 6.867955e-06 / 8.281000e-01
PCG:  8 : 6.079885e-06 / 7.330788e-01
PCG:  9 : 7.877993e-06 / 9.498848e-01
PCG: 10 : 9.892236e-06 / 1.192751e+00
PCG:  0 : 9.892236e-06
PCG:  1 : 7.711022e-06 / 7.795024e-01
PCG:  2 : 5.807636e-06 / 5.870903e-01
PCG:  3 : 6.478626e-06 / 6.549202e-01
PCG:  4 : 6.569892e-06 / 6.641463e-01
PCG:  5 : 6.739450e-06 / 6.812868e-01
PCG:  6 : 6.407043e-06 / 6.476840e-01
PCG:  7 : 5.468206e-06 / 5.527775e-01
PCG:  8 : 5.491017e-06 / 5.550835e-01
PCG:  9 : 6.495198e-06 / 6.565955e-01
PCG: 10 : 7.093194e-06 / 7.170466e-01
PCG:  0 : 7.093194e-06
PCG:  1 : 6.385014e-06 / 9.001607e-01
PCG:  2 : 5.287866e-06 / 7.454845e-01
PCG:  3 : 5.210281e-06 / 7.345465e-01
PCG:  4 : 6.023169e-06 / 8.491476e-01
PCG:  5 : 6.264374e-06 / 8.831528e-01
PCG:  6 : 6.040139e-06 / 8.515401e-01
PCG:  7 : 5.871100e-06 / 8.277090e-01
PCG:  8 : 5.200162e-06 / 7.331200e-01
PCG:  9 : 6.737034e-06 / 9.497886e-01
PCG: 10 : 8.457990e-06 / 1.192409e+00
PCG:  0 : 8.457990e-06
PCG:  1 : 6.594310e-06 / 7.796545e-01
PCG:  2 : 4.966902e-06 / 5.872437e-01
PCG:  3 : 5.538474e-06 / 6.548216e-01
PCG:  4 : 5.615289e-06 / 6.639035e-01
PCG:  5 : 5.760708e-06 / 6.810966e-01
PCG:  6 : 5.476297e-06 / 6.474703e-01
PCG:  7 : 4.677123e-06 / 5.529828e-01
PCG:  8 : 4.697888e-06 / 5.554379e-01
PCG:  9 : 5.555659e-06 / 6.568534e-01
PCG: 10 : 6.066581e-06 / 7.172604e-01
PCG:  0 : 6.066580e-06
PCG:  1 : 5.461439e-06 / 9.002500e-01
PCG:  2 : 4.523826e-06 / 7.456962e-01
PCG:  3 : 4.456647e-06 / 7.346226e-01
PCG:  4 : 5.147858e-06 / 8.485602e-01
PCG:  5 : 5.354642e-06 / 8.826458e-01
PCG:  6 : 5.162741e-06 / 8.510134e-01
PCG:  7 : 5.018999e-06 / 8.273193e-01
PCG:  8 : 4.447772e-06 / 7.331597e-01
PCG:  9 : 5.761320e-06 / 9.496817e-01
PCG: 10 : 7.231794e-06 / 1.192071e+00
PCG:  0 : 7.231794e-06
PCG:  1 : 5.639323e-06 / 7.797959e-01
PCG:  2 : 4.247933e-06 / 5.873968e-01
PCG:  3 : 4.734811e-06 / 6.547216e-01
PCG:  4 : 4.799375e-06 / 6.636494e-01
PCG:  5 : 4.924179e-06 / 6.809070e-01
PCG:  6 : 4.680744e-06 / 6.472453e-01
PCG:  7 : 4.000519e-06 / 5.531849e-01
PCG:  8 : 4.019352e-06 / 5.557891e-01
PCG:  9 : 4.752009e-06 / 6.570997e-01
PCG: 10 : 5.188609e-06 / 7.174718e-01
PCG:  0 : 5.188609e-06
PCG:  1 : 4.671449e-06 / 9.003279e-01
PCG:  2 : 3.870236e-06 / 7.459102e-01
PCG:  3 : 3.812061e-06 / 7.346982e-01
PCG:  4 : 4.399751e-06 / 8.479636e-01
PCG:  5 : 4.577096e-06 / 8.821433e-01
PCG:  6 : 4.412776e-06 / 8.504739e-01
PCG:  7 : 4.290620e-06 / 8.269308e-01
PCG:  8 : 3.804276e-06 / 7.331977e-01
PCG:  9 : 4.926911e-06 / 9.495631e-01
PCG: 10 : 6.183438e-06 / 1.191733e+00
PCG:  0 : 6.183438e-06
PCG:  1 : 4.822635e-06 / 7.799278e-01
PCG:  2 : 3.633088e-06 / 5.875514e-01
PCG:  3 : 4.047814e-06 / 6.546220e-01
PCG:  4 : 4.102005e-06 / 6.633859e-01
PCG:  5 : 4.209190e-06 / 6.807200e-01
PCG:  6 : 4.000754e-06 / 6.470113e-01
PCG:  7 : 3.421822e-06 / 5.533851e-01
PCG:  8 : 3.438851e-06 / 5.561389e-01
PCG:  9 : 4.064605e-06 / 6.573375e-01
PCG: 10 : 4.437754e-06 / 7.176840e-01
PCG:  0 : 4.437754e-06
PCG:  1 : 3.995728e-06 / 9.003941e-01
PCG:  2 : 3.311118e-06 / 7.461247e-01
PCG:  3 : 3.260737e-06 / 7.347718e-01
PCG:  4 : 3.760363e-06 / 8.473571e-01
PCG:  5 : 3.912514e-06 / 8.816428e-01
PCG:  6 : 3.771735e-06 / 8.499198e-01
PCG:  7 : 3.667989e-06 / 8.265417e-01
PCG:  8 : 3.253909e-06 / 7.332332e-01
PCG:  9 : 4.213344e-06 / 9.494316e-01
PCG: 10 : 5.287131e-06 / 1.191398e+00
PCG:  0 : 5.287131e-06
PCG:  1 : 4.124220e-06 / 7.800487e-01
PCG:  2 : 3.107278e-06 / 5.877059e-01
PCG:  3 : 3.460539e-06 / 6.545212e-01
PCG:  4 : 3.505957e-06 / 6.631114e-01
PCG:  5 : 3.598068e-06 / 6.805332e-01
PCG:  6 : 3.419542e-06 / 6.467670e-01
PCG:  7 : 2.926862e-06 / 5.535823e-01
PCG:  8 : 2.942213e-06 / 5.564858e-01
PCG:  9 : 3.476630e-06 / 6.575645e-01
PCG: 10 : 3.795585e-06 / 7.178913e-01
PCG:  0 : 3.795585e-06
PCG:  1 : 3.417746e-06 / 9.004531e-01
PCG:  2 : 2.832812e-06 / 7.463439e-01
PCG:  3 : 2.789177e-06 / 7.348477e-01
PCG:  4 : 3.213894e-06 / 8.467454e-01
PCG:  5 : 3.344476e-06 / 8.811490e-01
PCG:  6 : 3.223805e-06 / 8.493566e-01
PCG:  7 : 3.135742e-06 / 8.261550e-01
PCG:  8 : 2.783187e-06 / 7.332696e-01
PCG:  9 : 3.603117e-06 / 9.492917e-01
PCG: 10 : 4.520809e-06 / 1.191070e+00
PCG:  0 : 4.520809e-06
PCG:  1 : 3.526947e-06 / 7.801583e-01
PCG:  2 : 2.657600e-06 / 5.878593e-01
PCG:  3 : 2.958502e-06 / 6.544186e-01
PCG:  4 : 2.996512e-06 / 6.628264e-01
PCG:  5 : 3.075715e-06 / 6.803461e-01
PCG:  6 : 2.922757e-06 / 6.465118e-01
PCG:  7 : 2.503519e-06 / 5.537767e-01
PCG:  8 : 2.517320e-06 / 5.568295e-01
PCG:  9 : 2.973704e-06 / 6.577813e-01
PCG: 10 : 3.246371e-06 / 7.180951e-01
PCG:  0 : 3.246371e-06
PCG:  1 : 2.923368e-06 / 9.005032e-01
PCG:  2 : 2.423629e-06 / 7.465657e-01
PCG:  3 : 2.385837e-06 / 7.349243e-01
PCG:  4 : 2.746842e-06 / 8.461267e-01
PCG:  5 : 2.858949e-06 / 8.806598e-01
PCG:  6 : 2.755468e-06 / 8.487840e-01
PCG:  7 : 2.680757e-06 / 8.257703e-01
PCG:  8 : 2.380584e-06 / 7.333062e-01
PCG:  9 : 3.081272e-06 / 9.491435e-01
PCG: 10 : 3.865605e-06 / 1.190747e+00
PCG:  0 : 3.865605e-06
PCG:  1 : 3.016176e-06 / 7.802598e-01
PCG:  2 : 2.273030e-06 / 5.880141e-01
PCG:  3 : 2.529329e-06 / 6.543164e-01
PCG:  4 : 2.561092e-06 / 6.625332e-01
PCG:  5 : 2.629233e-06 / 6.801607e-01
PCG:  6 : 2.498138e-06 / 6.462477e-01
PCG:  7 : 2.141425e-06 / 5.539688e-01
PCG:  8 : 2.153803e-06 / 5.571710e-01
PCG:  9 : 2.543525e-06 / 6.579887e-01
PCG: 10 : 2.776657e-06 / 7.182981e-01
PCG:  0 : 2.776657e-06
PCG:  1 : 2.500500e-06 / 9.005435e-01
PCG:  2 : 2.073577e-06 / 7.467890e-01
PCG:  3 : 2.040846e-06 / 7.350010e-01
PCG:  4 : 2.347665e-06 / 8.455004e-01
PCG:  5 : 2.443940e-06 / 8.801737e-01
PCG:  6 : 2.355163e-06 / 8.482009e-01
PCG:  7 : 2.291814e-06 / 8.253862e-01
PCG:  8 : 2.036236e-06 / 7.333409e-01
PCG:  9 : 2.635004e-06 / 9.489846e-01
PCG: 10 : 3.305388e-06 / 1.190420e+00
PCG:  0 : 3.305388e-06
PCG:  1 : 2.579377e-06 / 7.803555e-01
PCG:  2 : 1.944135e-06 / 5.881717e-01
PCG:  3 : 2.162439e-06 / 6.542166e-01
PCG:  4 : 2.188939e-06 / 6.622336e-01
PCG:  5 : 2.247594e-06 / 6.799791e-01
PCG:  6 : 2.135205e-06 / 6.459774e-01
PCG:  7 : 1.831714e-06 / 5.541602e-01
PCG:  8 : 1.842793e-06 / 5.575120e-01
PCG:  9 : 2.175570e-06 / 6.581891e-01
PCG: 10 : 2.374931e-06 / 7.185029e-01
PCG:  0 : 2.374931e-06
PCG:  1 : 2.138799e-06 / 9.005733e-01
PCG:  2 : 1.774103e-06 / 7.470126e-01
PCG:  3 : 1.745758e-06 / 7.350773e-01
PCG:  4 : 2.006499e-06 / 8.448664e-01
PCG:  5 : 2.089206e-06 / 8.796914e-01
PCG:  6 : 2.013006e-06 / 8.476065e-01
PCG:  7 : 1.959322e-06 / 8.250017e-01
PCG:  8 : 1.741713e-06 / 7.333742e-01
PCG:  9 : 2.253371e-06 / 9.488154e-01
PCG: 10 : 2.826393e-06 / 1.190095e+00
PCG:  0 : 2.826393e-06
PCG:  1 : 2.205835e-06 / 7.804418e-01
PCG:  2 : 1.662851e-06 / 5.883296e-01
PCG:  3 : 1.848791e-06 / 6.541166e-01
PCG:  4 : 1.870862e-06 / 6.619257e-01
PCG:  5 : 1.921377e-06 / 6.797983e-01
PCG:  6 : 1.824997e-06 / 6.456981e-01
PCG:  7 : 1.566810e-06 / 5.543495e-01
PCG:  8 : 1.576705e-06 / 5.578507e-01
PCG:  9 : 1.860843e-06 / 6.583808e-01
PCG: 10 : 2.031342e-06 / 7.187048e-01
PCG:  0 : 2.031342e-06
PCG:  1 : 1.829420e-06 / 9.005969e-01
PCG:  2 : 1.517899e-06 / 7.472397e-01
PCG:  3 : 1.493352e-06 / 7.351556e-01
PCG:  4 : 1.714914e-06 / 8.442270e-01
PCG:  5 : 1.785984e-06 / 8.792139e-01
PCG:  6 : 1.720553e-06 / 8.470032e-01
PCG:  7 : 1.675081e-06 / 8.246181e-01
PCG:  8 : 1.489801e-06 / 7.334071e-01
PCG:  9 : 1.927006e-06 / 9.486368e-01
PCG: 10 : 2.416838e-06 / 1.189774e+00
PCG:  0 : 2.416838e-06
PCG:  1 : 1.886388e-06 / 7.805192e-01
PCG:  2 : 1.422279e-06 / 5.884877e-01
PCG:  3 : 1.580651e-06 / 6.540164e-01
PCG:  4 : 1.599003e-06 / 6.616096e-01
PCG:  5 : 1.642529e-06 / 6.796191e-01
PCG:  6 : 1.559855e-06 / 6.454114e-01
PCG:  7 : 1.340227e-06 / 5.545374e-01
PCG:  8 : 1.349049e-06 / 5.581876e-01
PCG:  9 : 1.591644e-06 / 6.585647e-01
PCG: 10 : 1.737475e-06 / 7.189044e-01
PCG:  0 : 1.737475e-06
PCG:  1 : 1.564793e-06 / 9.006130e-01
PCG:  2 : 1.298709e-06 / 7.474691e-01
PCG:  3 : 1.277454e-06 / 7.352358e-01
PCG:  4 : 1.465703e-06 / 8.435822e-01
PCG:  5 : 1.526790e-06 / 8.787408e-01
PCG:  6 : 1.470585e-06 / 8.463919e-01
PCG:  7 : 1.432088e-06 / 8.242353e-01
PCG:  8 : 1.274335e-06 / 7.334405e-01
PCG:  9 : 1.647907e-06 / 9.484493e-01
PCG: 10 : 2.066648e-06 / 1.189455e+00
PCG:  0 : 2.066648e-06
PCG:  1 : 1.613204e-06 / 7.805896e-01
PCG:  2 : 1.216528e-06 / 5.886478e-01
PCG:  3 : 1.351416e-06 / 6.539169e-01
PCG:  4 : 1.366647e-06 / 6.612870e-01
PCG:  5 : 1.404168e-06 / 6.794419e-01
PCG:  6 : 1.333231e-06 / 6.451176e-01
PCG:  7 : 1.146421e-06 / 5.547246e-01
PCG:  8 : 1.154270e-06 / 5.585229e-01
PCG:  9 : 1.361386e-06 / 6.587411e-01
PCG: 10 : 1.486135e-06 / 7.191039e-01
PCG:  0 : 1.486135e-06
PCG:  1 : 1.338445e-06 / 9.006217e-01
PCG:  2 : 1.111183e-06 / 7.477002e-01
PCG:  3 : 1.092781e-06 / 7.353178e-01
PCG:  4 : 1.252710e-06 / 8.429317e-01
PCG:  5 : 1.305230e-06 / 8.782719e-01
PCG:  6 : 1.256932e-06 / 8.457727e-01
PCG:  7 : 1.224357e-06 / 8.238535e-01
PCG:  8 : 1.090041e-06 / 7.334735e-01
PCG:  9 : 1.409233e-06 / 9.482538e-01
PCG: 10 : 1.767216e-06 / 1.189136e+00
PCG:  0 : 1.767216e-06
PCG:  1 : 1.379584e-06 / 7.806538e-01
PCG:  2 : 1.040554e-06 / 5.888097e-01
PCG:  3 : 1.155440e-06 / 6.538190e-01
PCG:  4 : 1.168056e-06 / 6.609581e-01
PCG:  5 : 1.200412e-06 / 6.792672e-01
PCG:  6 : 1.139532e-06 / 6.448174e-01
PCG:  7 : 9.806465e-07 / 5.549103e-01
PCG:  8 : 9.876210e-07 / 5.588568e-01
PCG:  9 : 1.164436e-06 / 6.589097e-01
PCG: 10 : 1.271164e-06 / 7.193030e-01
PCG:  0 : 1.271164e-06
PCG:  1 : 1.144837e-06 / 9.006214e-01
PCG:  2 : 9.507443e-07 / 7.479321e-01
PCG:  3 : 9.348148e-07 / 7.354006e-01
PCG:  4 : 1.070670e-06 / 8.422756e-01
PCG:  5 : 1.115837e-06 / 8.778075e-01
PCG:  6 : 1.074318e-06 / 8.451450e-01
PCG:  7 : 1.046768e-06 / 8.234724e-01
PCG:  8 : 9.324061e-07 / 7.335057e-01
PCG:  9 : 1.205126e-06 / 9.480493e-01
PCG: 10 : 1.511180e-06 / 1.188816e+00
PCG:  0 : 1.511180e-06
PCG:  1 : 1.179797e-06 / 7.807126e-01
PCG:  2 : 8.900449e-07 / 5.889735e-01
PCG:  3 : 9.878941e-07 / 6.537236e-01
PCG:  4 : 9.983218e-07 / 6.606240e-01
PCG:  5 : 1.026237e-06 / 6.790962e-01
PCG:  6 : 9.739723e-07 / 6.445111e-01
PCG:  7 : 8.388494e-07 / 5.550956e-01
PCG:  8 : 8.450367e-07 / 5.591900e-01
PCG:  9 : 9.959765e-07 / 6.590720e-01
PCG: 10 : 1.087299e-06 / 7.195035e-01
PCG:  0 : 1.087299e-06
PCG:  1 : 9.792353e-07 / 9.006125e-01
PCG:  2 : 8.134785e-07 / 7.481644e-01
PCG:  3 : 7.996917e-07 / 7.354845e-01
PCG:  4 : 9.150850e-07 / 8.416128e-01
PCG:  5 : 9.539383e-07 / 8.773466e-01
PCG:  6 : 9.182332e-07 / 8.445083e-01
PCG:  7 : 8.949455e-07 / 8.230903e-01
PCG:  8 : 7.975734e-07 / 7.335362e-01
PCG:  9 : 1.030580e-06 / 9.478346e-01
PCG: 10 : 1.292251e-06 / 1.188496e+00
PCG:  0 : 1.292251e-06
PCG:  1 : 1.008942e-06 / 7.807633e-01
PCG:  2 : 7.613144e-07 / 5.891381e-01
PCG:  3 : 8.446522e-07 / 6.536285e-01
PCG:  4 : 8.532523e-07 / 6.602836e-01
PCG:  5 : 8.773445e-07 / 6.789272e-01
PCG:  6 : 8.324664e-07 / 6.441986e-01
PCG:  7 : 7.175618e-07 / 5.552804e-01
PCG:  8 : 7.230424e-07 / 5.595215e-01
PCG:  9 : 8.518880e-07 / 6.592279e-01
PCG: 10 : 9.300353e-07 / 7.197016e-01
PCG:  0 : 9.300353e-07
PCG:  1 : 8.375897e-07 / 9.005999e-01
PCG:  2 : 6.960393e-07 / 7.484009e-01
PCG:  3 : 6.841087e-07 / 7.355728e-01
PCG:  4 : 7.821101e-07 / 8.409467e-01
PCG:  5 : 8.155407e-07 / 8.768921e-01
PCG:  6 : 7.848251e-07 / 8.438659e-01
PCG:  7 : 7.651486e-07 / 8.227093e-01
PCG:  8 : 6.822436e-07 / 7.335674e-01
PCG:  9 : 8.813114e-07 / 9.476107e-01
PCG: 10 : 1.105049e-06 / 1.188180e+00
PCG:  0 : 1.105050e-06
PCG:  1 : 8.628293e-07 / 7.808060e-01
PCG:  2 : 6.512101e-07 / 5.893040e-01
PCG:  3 : 7.221877e-07 / 6.535342e-01
PCG:  4 : 7.292634e-07 / 6.599373e-01
PCG:  5 : 7.500640e-07 / 6.787605e-01
PCG:  6 : 7.115187e-07 / 6.438795e-01
PCG:  7 : 6.138162e-07 / 5.554648e-01
PCG:  8 : 6.186636e-07 / 5.598515e-01
PCG:  9 : 7.286436e-07 / 6.593764e-01
PCG: 10 : 7.955241e-07 / 7.198990e-01
PCG:  0 : 7.955242e-07
PCG:  1 : 7.164328e-07 / 9.005796e-01
PCG:  2 : 5.955593e-07 / 7.486376e-01
PCG:  3 : 5.852375e-07 / 7.356628e-01
PCG:  4 : 6.684592e-07 / 8.402752e-01
PCG:  5 : 6.972300e-07 / 8.764410e-01
PCG:  6 : 6.707994e-07 / 8.432168e-01
PCG:  7 : 6.541826e-07 / 8.223290e-01
PCG:  8 : 5.835957e-07 / 7.335989e-01
PCG:  9 : 7.536631e-07 / 9.473792e-01
PCG: 10 : 9.449748e-07 / 1.187864e+00
PCG:  0 : 9.449748e-07
PCG:  1 : 7.378769e-07 / 7.808430e-01
PCG:  2 : 5.570359e-07 / 5.894717e-01
PCG:  3 : 6.174858e-07 / 6.534415e-01
PCG:  4 : 6.232921e-07 / 6.595860e-01
PCG:  5 : 6.412568e-07 / 6.785967e-01
PCG:  6 : 6.081428e-07 / 6.435545e-01
PCG:  7 : 5.250736e-07 / 5.556482e-01
PCG:  8 : 5.293560e-07 / 5.601801e-01
PCG:  9 : 6.232278e-07 / 6.595179e-01
PCG: 10 : 6.804730e-07 / 7.200964e-01
PCG:  0 : 6.804729e-07
PCG:  1 : 6.128008e-07 / 9.005514e-01
PCG:  2 : 5.095898e-07 / 7.488759e-01
PCG:  3 : 5.006614e-07 / 7.357551e-01
PCG:  4 : 5.713246e-07 / 8.395993e-01
PCG:  5 : 5.960912e-07 / 8.759956e-01
PCG:  6 : 5.733399e-07 / 8.425609e-01
PCG:  7 : 5.593139e-07 / 8.219489e-01
PCG:  8 : 4.992148e-07 / 7.336292e-01
PCG:  9 : 6.445022e-07 / 9.471387e-01
PCG: 10 : 8.080929e-07 / 1.187546e+00
PCG:  0 : 8.080930e-07
PCG:  1 : 6.310205e-07 / 7.808760e-01
PCG:  2 : 4.764857e-07 / 5.896421e-01
PCG:  3 : 5.279694e-07 / 6.533523e-01
PCG:  4 : 5.327202e-07 / 6.592312e-01
PCG:  5 : 5.482406e-07 / 6.784374e-01
PCG:  6 : 5.197858e-07 / 6.432253e-01
PCG:  7 : 4.491645e-07 / 5.558326e-01
PCG:  8 : 4.529429e-07 / 5.605083e-01
PCG:  9 : 5.330613e-07 / 6.596534e-01
PCG: 10 : 5.820666e-07 / 7.202965e-01
PCG:  0 : 5.820666e-07
PCG:  1 : 5.241587e-07 / 9.005134e-01
PCG:  2 : 4.360334e-07 / 7.491125e-01
PCG:  3 : 4.283127e-07 / 7.358484e-01
PCG:  4 : 4.883051e-07 / 8.389162e-01
PCG:  5 : 5.096300e-07 / 8.755528e-01
PCG:  6 : 4.900399e-07 / 8.418966e-01
PCG:  7 : 4.782069e-07 / 8.215674e-01
PCG:  8 : 4.270373e-07 / 7.336571e-01
PCG:  9 : 5.511516e-07 / 9.468876e-01
PCG: 10 : 6.910438e-07 / 1.187225e+00
PCG:  0 : 6.910438e-07
PCG:  1 : 5.396382e-07 / 7.809031e-01
PCG:  2 : 4.075878e-07 / 5.898147e-01
PCG:  3 : 4.514350e-07 / 6.532654e-01
PCG:  4 : 4.553098e-07 / 6.588726e-01
PCG:  5 : 4.687226e-07 / 6.782821e-01
PCG:  6 : 4.442655e-07 / 6.428905e-01
PCG:  7 : 3.842319e-07 / 5.560167e-01
PCG:  8 : 3.875618e-07 / 5.608353e-01
PCG:  9 : 4.559392e-07 / 6.597833e-01
PCG: 10 : 4.978946e-07 / 7.204965e-01
PCG:  0 : 4.978946e-07
PCG:  1 : 4.483389e-07 / 9.004694e-01
PCG:  2 : 3.730978e-07 / 7.493510e-01
PCG:  3 : 3.664229e-07 / 7.359446e-01
PCG:  4 : 4.173498e-07 / 8.382293e-01
PCG:  5 : 4.357157e-07 / 8.751165e-01
PCG:  6 : 4.188422e-07 / 8.412267e-01
PCG:  7 : 4.088648e-07 / 8.211875e-01
PCG:  8 : 3.652984e-07 / 7.336863e-01
PCG:  9 : 4.713211e-07 / 9.466284e-01
PCG: 10 : 5.909546e-07 / 1.186907e+00
PCG:  0 : 5.909546e-07
PCG:  1 : 4.614895e-07 / 7.809221e-01
PCG:  2 : 3.486562e-07 / 5.899881e-01
PCG:  3 : 3.859991e-07 / 6.531790e-01
PCG:  4 : 3.891482e-07 / 6.585078e-01
PCG:  5 : 4.007433e-07 / 6.781288e-01
PCG:  6 : 3.797178e-07 / 6.425500e-01
PCG:  7 : 3.286891e-07 / 5.562003e-01
PCG:  8 : 3.316200e-07 / 5.611600e-01
PCG:  9 : 3.899741e-07 / 6.599054e-01
PCG: 10 : 4.258976e-07 / 7.206942e-01
PCG:  0 : 4.258976e-07
PCG:  1 : 3.834866e-07 / 9.004197e-01
PCG:  2 : 3.192490e-07 / 7.495911e-01
PCG:  3 : 3.134795e-07 / 7.360445e-01
PCG:  4 : 3.567058e-07 / 8.375388e-01
PCG:  5 : 3.725263e-07 / 8.746853e-01
PCG:  6 : 3.579890e-07 / 8.405520e-01
PCG:  7 : 3.495800e-07 / 8.208078e-01
PCG:  8 : 3.124874e-07 / 7.337150e-01
PCG:  9 : 4.030526e-07 / 9.463603e-01
PCG: 10 : 5.053658e-07 / 1.186590e+00
PCG:  0 : 5.053658e-07
PCG:  1 : 3.946577e-07 / 7.809348e-01
PCG:  2 : 2.982482e-07 / 5.901630e-01
PCG:  3 : 3.300516e-07 / 6.530945e-01
PCG:  4 : 3.326008e-07 / 6.581388e-01
PCG:  5 : 3.426274e-07 / 6.779790e-01
PCG:  6 : 3.245478e-07 / 6.422038e-01
PCG:  7 : 2.811775e-07 / 5.563841e-01
PCG:  8 : 2.837546e-07 / 5.614835e-01
PCG:  9 : 3.335519e-07 / 6.600208e-01
PCG: 10 : 3.643142e-07 / 7.208921e-01
PCG:  0 : 3.643142e-07
PCG:  1 : 3.280148e-07 / 9.003624e-01
PCG:  2 : 2.731745e-07 / 7.498320e-01
PCG:  3 : 2.681890e-07 / 7.361476e-01
PCG:  4 : 3.048743e-07 / 8.368444e-01
PCG:  5 : 3.185053e-07 / 8.742599e-01
PCG:  6 : 3.059771e-07 / 8.398714e-01
PCG:  7 : 2.988938e-07 / 8.204286e-01
PCG:  8 : 2.673133e-07 / 7.337439e-01
PCG:  9 : 3.446719e-07 / 9.460843e-01
PCG: 10 : 4.321755e-07 / 1.186271e+00
PCG:  0 : 4.321755e-07
PCG:  1 : 3.375045e-07 / 7.809433e-01
PCG:  2 : 2.551307e-07 / 5.903406e-01
PCG:  3 : 2.822163e-07 / 6.530132e-01
PCG:  4 : 2.842708e-07 / 6.577671e-01
PCG:  5 : 2.929433e-07 / 6.778341e-01
PCG:  6 : 2.773936e-07 / 6.418542e-01
PCG:  7 : 2.405355e-07 / 5.565690e-01
PCG:  8 : 2.427991e-07 / 5.618069e-01
PCG:  9 : 2.852924e-07 / 6.601310e-01
PCG: 10 : 3.116389e-07 / 7.210934e-01
PCG:  0 : 3.116389e-07
PCG:  1 : 2.805670e-07 / 9.002953e-01
PCG:  2 : 2.337513e-07 / 7.500711e-01
PCG:  3 : 2.294447e-07 / 7.362518e-01
PCG:  4 : 2.605747e-07 / 8.361431e-01
PCG:  5 : 2.723217e-07 / 8.738375e-01
PCG:  6 : 2.615218e-07 / 8.391823e-01
PCG:  7 : 2.555588e-07 / 8.200480e-01
PCG:  8 : 2.286712e-07 / 7.337697e-01
PCG:  9 : 2.947472e-07 / 9.457973e-01
PCG: 10 : 3.695871e-07 / 1.185947e+00
PCG:  0 : 3.695871e-07
PCG:  1 : 2.886281e-07 / 7.809476e-01
PCG:  2 : 2.182489e-07 / 5.905209e-01
PCG:  3 : 2.413165e-07 / 6.529354e-01
PCG:  4 : 2.429637e-07 / 6.573923e-01
PCG:  5 : 2.504671e-07 / 6.776944e-01
PCG:  6 : 2.370904e-07 / 6.415007e-01
PCG:  7 : 2.057694e-07 / 5.567547e-01
PCG:  8 : 2.077557e-07 / 5.621292e-01
PCG:  9 : 2.440144e-07 / 6.602351e-01
PCG: 10 : 2.665816e-07 / 7.212958e-01
PCG:  0 : 2.665816e-07
PCG:  1 : 2.399823e-07 / 9.002206e-01
PCG:  2 : 2.000189e-07 / 7.503102e-01
PCG:  3 : 1.962997e-07 / 7.363585e-01
PCG:  4 : 2.227124e-07 / 8.354378e-01
PCG:  5 : 2.328379e-07 / 8.734207e-01
PCG:  6 : 2.235254e-07 / 8.384877e-01
PCG:  7 : 2.185083e-07 / 8.196674e-01
PCG:  8 : 1.956164e-07 / 7.337953e-01
PCG:  9 : 2.520531e-07 / 9.455006e-01
PCG: 10 : 3.160654e-07 / 1.185623e+00
PCG:  0 : 3.160654e-07
PCG:  1 : 2.468293e-07 / 7.809439e-01
PCG:  2 : 1.867005e-07 / 5.907021e-01
PCG:  3 : 2.063460e-07 / 6.528586e-01
PCG:  4 : 2.076590e-07 / 6.570128e-01
PCG:  5 : 2.141526e-07 / 6.775578e-01
PCG:  6 : 2.026427e-07 / 6.411417e-01
PCG:  7 : 1.760296e-07 / 5.569404e-01
PCG:  8 : 1.777708e-07 / 5.624496e-01
PCG:  9 : 2.087082e-07 / 6.603325e-01
PCG: 10 : 2.280402e-07 / 7.214971e-01
PCG:  0 : 2.280402e-07
PCG:  1 : 2.052681e-07 / 9.001399e-01
PCG:  2 : 1.711557e-07 / 7.505506e-01
PCG:  3 : 1.679447e-07 / 7.364694e-01
PCG:  4 : 1.903517e-07 / 8.347288e-01
PCG:  5 : 1.990815e-07 / 8.730105e-01
PCG:  6 : 1.910496e-07 / 8.377888e-01
PCG:  7 : 1.868306e-07 / 8.192878e-01
PCG:  8 : 1.673408e-07 / 7.338213e-01
PCG:  9 : 2.155425e-07 / 9.451950e-01
PCG: 10 : 2.702965e-07 / 1.185302e+00
PCG:  0 : 2.702965e-07
PCG:  1 : 2.110835e-07 / 7.809333e-01
PCG:  2 : 1.597141e-07 / 5.908847e-01
PCG:  3 : 1.764452e-07 / 6.527837e-01
PCG:  4 : 1.774847e-07 / 6.566296e-01
PCG:  5 : 1.831056e-07 / 6.774250e-01
PCG:  6 : 1.732000e-07 / 6.407777e-01
PCG:  7 : 1.505895e-07 / 5.571270e-01
PCG:  8 : 1.521142e-07 / 5.627680e-01
PCG:  9 : 1.785100e-07 / 6.604230e-01
PCG: 10 : 1.950725e-07 / 7.216982e-01
PCG:  0 : 1.950725e-07
PCG:  1 : 1.755753e-07 / 9.000515e-01
PCG:  2 : 1.464585e-07 / 7.507903e-01
PCG:  3 : 1.436872e-07 / 7.365838e-01
PCG:  4 : 1.626935e-07 / 8.340157e-01
PCG:  5 : 1.702214e-07 / 8.726056e-01
PCG:  6 : 1.632922e-07 / 8.370849e-01
PCG:  7 : 1.597465e-07 / 8.189082e-01
PCG:  8 : 1.431534e-07 / 7.338471e-01
PCG:  9 : 1.843203e-07 / 9.448808e-01
PCG: 10 : 2.311565e-07 / 1.184977e+00
PCG:  0 : 2.311565e-07
PCG:  1 : 1.805143e-07 / 7.809184e-01
PCG:  2 : 1.366296e-07 / 5.910699e-01
PCG:  3 : 1.508785e-07 / 6.527116e-01
PCG:  4 : 1.516950e-07 / 6.562439e-01
PCG:  5 : 1.565617e-07 / 6.772972e-01
PCG:  6 : 1.480349e-07 / 6.404098e-01
PCG:  7 : 1.288270e-07 / 5.573150e-01
PCG:  8 : 1.301610e-07 / 5.630860e-01
PCG:  9 : 1.526807e-07 / 6.605080e-01
PCG: 10 : 1.668725e-07 / 7.219027e-01
PCG:  0 : 1.668725e-07
PCG:  1 : 1.501775e-07 / 8.999534e-01
PCG:  2 : 1.253260e-07 / 7.510286e-01
PCG:  3 : 1.229349e-07 / 7.366997e-01
PCG:  4 : 1.390543e-07 / 8.332965e-01
PCG:  5 : 1.455470e-07 / 8.722052e-01
PCG:  6 : 1.395679e-07 / 8.363748e-01
PCG:  7 : 1.365897e-07 / 8.185273e-01
PCG:  8 : 1.224626e-07 / 7.338696e-01
PCG:  9 : 1.576203e-07 / 9.445552e-01
PCG: 10 : 1.976850e-07 / 1.184647e+00
PCG:  0 : 1.976850e-07
PCG:  1 : 1.543721e-07 / 7.808992e-01
PCG:  2 : 1.168829e-07 / 5.912580e-01
PCG:  3 : 1.290180e-07 / 6.526444e-01
PCG:  4 : 1.296531e-07 / 6.558571e-01
PCG:  5 : 1.338676e-07 / 6.771762e-01
PCG:  6 : 1.265261e-07 / 6.400389e-01
PCG:  7 : 1.102103e-07 / 5.575046e-01
PCG:  8 : 1.113766e-07 / 5.634041e-01
PCG:  9 : 1.305884e-07 / 6.605883e-01
PCG: 10 : 1.427504e-07 / 7.221102e-01
PCG:  0 : 1.427504e-07
PCG:  1 : 1.284534e-07 / 8.998460e-01
PCG:  2 : 1.072434e-07 / 7.512650e-01
PCG:  3 : 1.051809e-07 / 7.368172e-01
PCG:  4 : 1.188499e-07 / 8.325714e-01
PCG:  5 : 1.244511e-07 / 8.718089e-01
PCG:  6 : 1.192904e-07 / 8.356571e-01
PCG:  7 : 1.167906e-07 / 8.181455e-01
PCG:  8 : 1.047631e-07 / 7.338901e-01
PCG:  9 : 1.347874e-07 / 9.442177e-01
PCG: 10 : 1.690612e-07 / 1.184313e+00
PCG:  0 : 1.690612e-07
PCG:  1 : 1.320154e-07 / 7.808733e-01
PCG:  2 : 9.999088e-08 / 5.914478e-01
PCG:  3 : 1.103258e-07 / 6.525794e-01
PCG:  4 : 1.108140e-07 / 6.554668e-01
PCG:  5 : 1.144646e-07 / 6.770599e-01
PCG:  6 : 1.081424e-07 / 6.396643e-01
PCG:  7 : 9.428468e-08 / 5.576956e-01
PCG:  8 : 9.530329e-08 / 5.637207e-01
PCG:  9 : 1.116924e-07 / 6.606628e-01
PCG: 10 : 1.221160e-07 / 7.223181e-01
PCG:  0 : 1.221160e-07
PCG:  1 : 1.098717e-07 / 8.997324e-01
PCG:  2 : 9.177042e-08 / 7.515022e-01
PCG:  3 : 8.999208e-08 / 7.369395e-01
PCG:  4 : 1.015814e-07 / 8.318437e-01
PCG:  5 : 1.064143e-07 / 8.714200e-01
PCG:  6 : 1.019589e-07 / 8.349351e-01
PCG:  7 : 9.986202e-08 / 8.177637e-01
PCG:  8 : 8.962227e-08 / 7.339111e-01
PCG:  9 : 1.152617e-07 / 9.438710e-01
PCG: 10 : 1.445831e-07 / 1.183982e+00
PCG:  0 : 1.445831e-07
PCG:  1 : 1.128962e-07 / 7.808397e-01
PCG:  2 : 8.554090e-08 / 5.916383e-01
PCG:  3 : 9.434269e-08 / 6.525153e-01
PCG:  4 : 9.471236e-08 / 6.550721e-01
PCG:  5 : 9.787511e-08 / 6.769471e-01
PCG:  6 : 9.242968e-08 / 6.392841e-01
PCG:  7 : 8.066107e-08 / 5.578872e-01
PCG:  8 : 8.154990e-08 / 5.640348e-01
PCG:  9 : 9.553033e-08 / 6.607295e-01
PCG: 10 : 1.044649e-07 / 7.225248e-01
PCG:  0 : 1.044649e-07
PCG:  1 : 9.397780e-08 / 8.996115e-01
PCG:  2 : 7.853033e-08 / 7.517391e-01
PCG:  3 : 7.699749e-08 / 7.370659e-01
PCG:  4 : 8.682202e-08 / 8.311121e-01
PCG:  5 : 9.099284e-08 / 8.710377e-01
PCG:  6 : 8.714564e-08 / 8.342099e-01
PCG:  7 : 8.538789e-08 / 8.173837e-01
PCG:  8 : 7.667016e-08 / 7.339324e-01
PCG:  9 : 9.856431e-08 / 9.435163e-01
PCG: 10 : 1.236500e-07 / 1.183651e+00
PCG:  0 : 1.236500e-07
PCG:  1 : 9.654592e-08 / 7.808000e-01
PCG:  2 : 7.317986e-08 / 5.918306e-01
PCG:  3 : 8.067587e-08 / 6.524535e-01
PCG:  4 : 8.095054e-08 / 6.546748e-01
PCG:  5 : 8.369115e-08 / 6.768391e-01
PCG:  6 : 7.899992e-08 / 6.388995e-01
PCG:  7 : 6.900659e-08 / 5.580800e-01
PCG:  8 : 6.978151e-08 / 5.643471e-01
PCG:  9 : 8.170660e-08 / 6.607893e-01
PCG: 10 : 8.936590e-08 / 7.227327e-01
PCG:  0 : 8.936589e-08
PCG:  1 : 8.038295e-08 / 8.994813e-01
PCG:  2 : 6.720082e-08 / 7.519739e-01
PCG:  3 : 6.588007e-08 / 7.371948e-01
PCG:  4 : 7.420725e-08 / 8.303756e-01
PCG:  5 : 7.780735e-08 / 8.706605e-01
PCG:  6 : 7.448460e-08 / 8.334791e-01
PCG:  7 : 7.301214e-08 / 8.170023e-01
PCG:  8 : 6.559024e-08 / 7.339516e-01
PCG:  9 : 8.428547e-08 / 9.431503e-01
PCG: 10 : 1.057479e-07 / 1.183314e+00
PCG:  0 : 1.057479e-07
PCG:  1 : 8.256335e-08 / 7.807563e-01
PCG:  2 : 6.260555e-08 / 5.920264e-01
PCG:  3 : 6.898958e-08 / 6.523966e-01
PCG:  4 : 6.918844e-08 / 6.542771e-01
PCG:  5 : 7.156368e-08 / 6.767385e-01
PCG:  6 : 6.752140e-08 / 6.385128e-01
PCG:  7 : 5.903645e-08 / 5.582753e-01
PCG:  8 : 5.971158e-08 / 5.646597e-01
PCG:  9 : 6.988297e-08 / 6.608449e-01
PCG: 10 : 7.644997e-08 / 7.229455e-01
PCG:  0 : 7.644996e-08
PCG:  1 : 6.875457e-08 / 8.993408e-01
PCG:  2 : 5.750612e-08 / 7.522060e-01
PCG:  3 : 5.636851e-08 / 7.373255e-01
PCG:  4 : 6.342542e-08 / 8.296332e-01
PCG:  5 : 6.653354e-08 / 8.702887e-01
PCG:  6 : 6.366311e-08 / 8.327422e-01
PCG:  7 : 6.243061e-08 / 8.166205e-01
PCG:  8 : 5.611186e-08 / 7.339684e-01
PCG:  9 : 7.207494e-08 / 9.427727e-01
PCG: 10 : 9.043818e-08 / 1.182972e+00
PCG:  0 : 9.043818e-08
PCG:  1 : 7.060569e-08 / 7.807066e-01
PCG:  2 : 5.355964e-08 / 5.922237e-01
PCG:  3 : 5.899670e-08 / 6.523428e-01
PCG:  4 : 5.913547e-08 / 6.538773e-01
PCG:  5 : 6.119443e-08 / 6.766437e-01
PCG:  6 : 5.771061e-08 / 6.381222e-01
PCG:  7 : 5.050722e-08 / 5.584723e-01
PCG:  8 : 5.109495e-08 / 5.649710e-01
PCG:  9 : 5.977013e-08 / 6.608949e-01
PCG: 10 : 6.540125e-08 / 7.231596e-01
PCG:  0 : 6.540125e-08
PCG:  1 : 5.880824e-08 / 8.991914e-01
PCG:  2 : 4.921028e-08 / 7.524364e-01
PCG:  3 : 4.823072e-08 / 7.374587e-01
PCG:  4 : 5.421012e-08 / 8.288851e-01
PCG:  5 : 5.689401e-08 / 8.699224e-01
PCG:  6 : 5.441383e-08 / 8.319999e-01
PCG:  7 : 5.338297e-08 / 8.162378e-01
PCG:  8 : 4.800344e-08 / 7.339836e-01
PCG:  9 : 6.163308e-08 / 9.423839e-01
PCG: 10 : 7.734545e-08 / 1.182630e+00
PCG:  0 : 7.734545e-08
PCG:  1 : 6.037972e-08 / 7.806498e-01
PCG:  2 : 4.582118e-08 / 5.924224e-01
PCG:  3 : 5.045175e-08 / 6.522911e-01
PCG:  4 : 5.054328e-08 / 6.534745e-01
PCG:  5 : 5.232836e-08 / 6.765537e-01
PCG:  6 : 4.932530e-08 / 6.377273e-01
PCG:  7 : 4.321062e-08 / 5.586705e-01
PCG:  8 : 4.372182e-08 / 5.652797e-01
PCG:  9 : 5.112049e-08 / 6.609372e-01
PCG: 10 : 5.594963e-08 / 7.233733e-01
PCG:  0 : 5.594963e-08
PCG:  1 : 5.030067e-08 / 8.990350e-01
PCG:  2 : 4.211141e-08 / 7.526664e-01
PCG:  3 : 4.126827e-08 / 7.375968e-01
PCG:  4 : 4.633382e-08 / 8.281345e-01
PCG:  5 : 4.865178e-08 / 8.695639e-01
PCG:  6 : 4.650840e-08 / 8.312548e-01
PCG:  7 : 4.564690e-08 / 8.158571e-01
PCG:  8 : 4.106701e-08 / 7.339997e-01
PCG:  9 : 5.270378e-08 / 9.419861e-01
PCG: 10 : 6.614854e-08 / 1.182287e+00
PCG:  0 : 6.614854e-08
PCG:  1 : 5.163463e-08 / 7.805861e-01
PCG:  2 : 3.920112e-08 / 5.926225e-01
PCG:  3 : 4.314484e-08 / 6.522416e-01
PCG:  4 : 4.319955e-08 / 6.530687e-01
PCG:  5 : 4.474742e-08 / 6.764687e-01
PCG:  6 : 4.215830e-08 / 6.373277e-01
PCG:  7 : 3.696843e-08 / 5.588699e-01
PCG:  8 : 3.741270e-08 / 5.655862e-01
PCG:  9 : 4.372237e-08 / 6.609725e-01
PCG: 10 : 4.786425e-08 / 7.235874e-01
PCG:  0 : 4.786425e-08
PCG:  1 : 4.302372e-08 / 8.988695e-01
PCG:  2 : 3.603675e-08 / 7.528947e-01
PCG:  3 : 3.531129e-08 / 7.377382e-01
PCG:  4 : 3.960195e-08 / 8.273805e-01
PCG:  5 : 4.160420e-08 / 8.692123e-01
PCG:  6 : 3.975153e-08 / 8.305055e-01
PCG:  7 : 3.903220e-08 / 8.154770e-01
PCG:  8 : 3.513307e-08 / 7.340147e-01
PCG:  9 : 4.506799e-08 / 9.415793e-01
PCG: 10 : 5.657283e-08 / 1.181943e+00
PCG:  0 : 5.657283e-08
PCG:  1 : 4.415604e-08 / 7.805167e-01
PCG:  2 : 3.353776e-08 / 5.928245e-01
PCG:  3 : 3.689654e-08 / 6.521955e-01
PCG:  4 : 3.692288e-08 / 6.526611e-01
PCG:  5 : 3.826530e-08 / 6.763901e-01
PCG:  6 : 3.603267e-08 / 6.369253e-01
PCG:  7 : 3.162828e-08 / 5.590718e-01
PCG:  8 : 3.201412e-08 / 5.658922e-01
PCG:  9 : 3.739475e-08 / 6.610019e-01
PCG: 10 : 4.094769e-08 / 7.238049e-01
PCG:  0 : 4.094769e-08
PCG:  1 : 3.679941e-08 / 8.986931e-01
PCG:  2 : 3.083853e-08 / 7.531201e-01
PCG:  3 : 3.021454e-08 / 7.378814e-01
PCG:  4 : 3.384819e-08 / 8.266202e-01
PCG:  5 : 3.557805e-08 / 8.688658e-01
PCG:  6 : 3.397634e-08 / 8.297499e-01
PCG:  7 : 3.337627e-08 / 8.150952e-01
PCG:  8 : 3.005668e-08 / 7.340263e-01
PCG:  9 : 3.853829e-08 / 9.411591e-01
PCG: 10 : 4.838344e-08 / 1.181592e+00
PCG:  0 : 4.838344e-08
PCG:  1 : 3.776051e-08 / 7.804428e-01
PCG:  2 : 2.869280e-08 / 5.930294e-01
PCG:  3 : 3.155346e-08 / 6.521541e-01
PCG:  4 : 3.155827e-08 / 6.522534e-01
PCG:  5 : 3.272266e-08 / 6.763193e-01
PCG:  6 : 3.079706e-08 / 6.365206e-01
PCG:  7 : 2.705972e-08 / 5.592764e-01
PCG:  8 : 2.739459e-08 / 5.661975e-01
PCG:  9 : 3.198274e-08 / 6.610265e-01
PCG: 10 : 3.503089e-08 / 7.240263e-01
PCG:  0 : 3.503089e-08
PCG:  1 : 3.147548e-08 / 8.985064e-01
PCG:  2 : 2.639023e-08 / 7.533418e-01
PCG:  3 : 2.585372e-08 / 7.380264e-01
PCG:  4 : 2.893041e-08 / 8.258542e-01
PCG:  5 : 3.042519e-08 / 8.685246e-01
PCG:  6 : 2.904021e-08 / 8.289887e-01
PCG:  7 : 2.854011e-08 / 8.147125e-01
PCG:  8 : 2.571393e-08 / 7.340359e-01
PCG:  9 : 3.295452e-08 / 9.407274e-01
PCG: 10 : 4.137976e-08 / 1.181236e+00
PCG:  0 : 4.137976e-08
PCG:  1 : 3.229118e-08 / 7.803618e-01
PCG:  2 : 2.454795e-08 / 5.932357e-01
PCG:  3 : 2.698435e-08 / 6.521148e-01
PCG:  4 : 2.697312e-08 / 6.518433e-01
PCG:  5 : 2.798324e-08 / 6.762542e-01
PCG:  6 : 2.632217e-08 / 6.361122e-01
PCG:  7 : 2.315128e-08 / 5.594832e-01
PCG:  8 : 2.344167e-08 / 5.665010e-01
PCG:  9 : 2.735388e-08 / 6.610449e-01
PCG: 10 : 2.996923e-08 / 7.242486e-01
PCG:  0 : 2.996923e-08
PCG:  1 : 2.692171e-08 / 8.983117e-01
PCG:  2 : 2.258368e-08 / 7.535622e-01
PCG:  3 : 2.212255e-08 / 7.381754e-01
PCG:  4 : 2.472713e-08 / 8.250840e-01
PCG:  5 : 2.601901e-08 / 8.681907e-01
PCG:  6 : 2.482124e-08 / 8.282239e-01
PCG:  7 : 2.440487e-08 / 8.143308e-01
PCG:  8 : 2.199877e-08 / 7.340451e-01
PCG:  9 : 2.817962e-08 / 9.402850e-01
PCG: 10 : 3.539008e-08 / 1.180880e+00
PCG:  0 : 3.539008e-08
PCG:  1 : 2.761394e-08 / 7.802735e-01
PCG:  2 : 2.100201e-08 / 5.934433e-01
PCG:  3 : 2.307711e-08 / 6.520784e-01
PCG:  4 : 2.305420e-08 / 6.514312e-01
PCG:  5 : 2.393059e-08 / 6.761948e-01
PCG:  6 : 2.249747e-08 / 6.356997e-01
PCG:  7 : 1.980753e-08 / 5.596917e-01
PCG:  8 : 2.005916e-08 / 5.668018e-01
PCG:  9 : 2.339483e-08 / 6.610560e-01
PCG: 10 : 2.563909e-08 / 7.244711e-01
PCG:  0 : 2.563909e-08
PCG:  1 : 2.302668e-08 / 8.981082e-01
PCG:  2 : 1.932625e-08 / 7.537805e-01
PCG:  3 : 1.893007e-08 / 7.383283e-01
PCG:  4 : 2.113458e-08 / 8.243108e-01
PCG:  5 : 2.225126e-08 / 8.678645e-01
PCG:  6 : 2.121522e-08 / 8.274559e-01
PCG:  7 : 2.086895e-08 / 8.139504e-01
PCG:  8 : 1.882047e-08 / 7.340537e-01
PCG:  9 : 2.409647e-08 / 9.398333e-01
PCG: 10 : 3.026756e-08 / 1.180524e+00
PCG:  0 : 3.026756e-08
PCG:  1 : 2.361409e-08 / 7.801782e-01
PCG:  2 : 1.796840e-08 / 5.936520e-01
PCG:  3 : 1.973578e-08 / 6.520441e-01
PCG:  4 : 1.970469e-08 / 6.510167e-01
PCG:  5 : 2.046515e-08 / 6.761413e-01
PCG:  6 : 1.922849e-08 / 6.352836e-01
PCG:  7 : 1.694689e-08 / 5.599026e-01
PCG:  8 : 1.716478e-08 / 5.671015e-01
PCG:  9 : 2.000870e-08 / 6.610609e-01
PCG: 10 : 2.193479e-08 / 7.246963e-01
PCG:  0 : 2.193479e-08
PCG:  1 : 1.969512e-08 / 8.978941e-01
PCG:  2 : 1.653873e-08 / 7.539955e-01
PCG:  3 : 1.619848e-08 / 7.384834e-01
PCG:  4 : 1.806401e-08 / 8.235322e-01
PCG:  5 : 1.902940e-08 / 8.675442e-01
PCG:  6 : 1.813313e-08 / 8.266835e-01
PCG:  7 : 1.784547e-08 / 8.135693e-01
PCG:  8 : 1.610145e-08 / 7.340599e-01
PCG:  9 : 2.060487e-08 / 9.393696e-01
PCG: 10 : 2.588656e-08 / 1.180160e+00
PCG:  0 : 2.588656e-08
PCG:  1 : 2.019355e-08 / 7.800786e-01
PCG:  2 : 1.537309e-08 / 5.938637e-01
PCG:  3 : 1.687842e-08 / 6.520147e-01
PCG:  4 : 1.684186e-08 / 6.506026e-01
PCG:  5 : 1.750180e-08 / 6.760960e-01
PCG:  6 : 1.643448e-08 / 6.348654e-01
PCG:  7 : 1.449949e-08 / 5.601165e-01
PCG:  8 : 1.468804e-08 / 5.674003e-01
PCG:  9 : 1.711259e-08 / 6.610606e-01
PCG: 10 : 1.876583e-08 / 7.249256e-01
PCG:  0 : 1.876583e-08
PCG:  1 : 1.684550e-08 / 8.976688e-01
PCG:  2 : 1.415331e-08 / 7.542063e-01
PCG:  3 : 1.386119e-08 / 7.386400e-01
PCG:  4 : 1.543953e-08 / 8.227471e-01
PCG:  5 : 1.627428e-08 / 8.672292e-01
PCG:  6 : 1.549879e-08 / 8.259047e-01
PCG:  7 : 1.526014e-08 / 8.131872e-01
PCG:  8 : 1.377530e-08 / 7.340627e-01
PCG:  9 : 1.761910e-08 / 9.388927e-01
PCG: 10 : 2.213977e-08 / 1.179792e+00
PCG:  0 : 2.213977e-08
PCG:  1 : 1.726841e-08 / 7.799721e-01
PCG:  2 : 1.315273e-08 / 5.940768e-01
PCG:  3 : 1.443487e-08 / 6.519884e-01
PCG:  4 : 1.439499e-08 / 6.501871e-01
PCG:  5 : 1.496776e-08 / 6.760576e-01
PCG:  6 : 1.404645e-08 / 6.344441e-01
PCG:  7 : 1.240564e-08 / 5.603329e-01
PCG:  8 : 1.256870e-08 / 5.676976e-01
PCG:  9 : 1.463559e-08 / 6.610544e-01
PCG: 10 : 1.605480e-08 / 7.251567e-01
PCG:  0 : 1.605481e-08
PCG:  1 : 1.440813e-08 / 8.974342e-01
PCG:  2 : 1.211198e-08 / 7.544149e-01
PCG:  3 : 1.186129e-08 / 7.388001e-01
PCG:  4 : 1.319638e-08 / 8.219580e-01
PCG:  5 : 1.391825e-08 / 8.669214e-01
PCG:  6 : 1.324716e-08 / 8.251213e-01
PCG:  7 : 1.304943e-08 / 8.128052e-01
PCG:  8 : 1.178525e-08 / 7.340638e-01
PCG:  9 : 1.506590e-08 / 9.384046e-01
PCG: 10 : 1.893538e-08 / 1.179421e+00
PCG:  0 : 1.893538e-08
PCG:  1 : 1.476690e-08 / 7.798574e-01
PCG:  2 : 1.125311e-08 / 5.942900e-01
PCG:  3 : 1.234518e-08 / 6.519637e-01
PCG:  4 : 1.230362e-08 / 6.497690e-01
PCG:  5 : 1.280079e-08 / 6.760250e-01
PCG:  6 : 1.200540e-08 / 6.340193e-01
PCG:  7 : 1.061427e-08 / 5.605519e-01
PCG:  8 : 1.075517e-08 / 5.679932e-01
PCG:  9 : 1.251707e-08 / 6.610414e-01
PCG: 10 : 1.373551e-08 / 7.253885e-01
PCG:  0 : 1.373551e-08
PCG:  1 : 1.232338e-08 / 8.971912e-01
PCG:  2 : 1.036512e-08 / 7.546219e-01
PCG:  3 : 1.015005e-08 / 7.389641e-01
PCG:  4 : 1.127913e-08 / 8.211660e-01
PCG:  5 : 1.190349e-08 / 8.666216e-01
PCG:  6 : 1.132267e-08 / 8.243359e-01
PCG:  7 : 1.115907e-08 / 8.124247e-01
PCG:  8 : 1.008274e-08 / 7.340638e-01
PCG:  9 : 1.288262e-08 / 9.379064e-01
PCG: 10 : 1.619486e-08 / 1.179051e+00
PCG:  0 : 1.619486e-08
PCG:  1 : 1.262772e-08 / 7.797359e-01
PCG:  2 : 9.627923e-09 / 5.945047e-01
PCG:  3 : 1.055812e-08 / 6.519423e-01
PCG:  4 : 1.051613e-08 / 6.493497e-01
PCG:  5 : 1.094771e-08 / 6.759992e-01
PCG:  6 : 1.026092e-08 / 6.335912e-01
PCG:  7 : 9.081650e-09 / 5.607735e-01
PCG:  8 : 9.203325e-09 / 5.682867e-01
PCG:  9 : 1.070516e-08 / 6.610221e-01
PCG: 10 : 1.175136e-08 / 7.256225e-01
PCG:  0 : 1.175136e-08
PCG:  1 : 1.054023e-08 / 8.969370e-01
PCG:  2 : 8.870210e-09 / 7.548244e-01
PCG:  3 : 8.685777e-09 / 7.391298e-01
PCG:  4 : 9.640440e-09 / 8.203683e-01
PCG:  5 : 1.018052e-08 / 8.663270e-01
PCG:  6 : 9.677767e-09 / 8.235447e-01
PCG:  7 : 9.542611e-09 / 8.120434e-01
PCG:  8 : 8.626216e-09 / 7.340613e-01
PCG:  9 : 1.101567e-08 / 9.373959e-01
PCG: 10 : 1.385100e-08 / 1.178672e+00
PCG:  0 : 1.385100e-08
PCG:  1 : 1.079837e-08 / 7.796096e-01
PCG:  2 : 8.237492e-09 / 5.947220e-01
PCG:  3 : 9.029811e-09 / 6.519250e-01
PCG:  4 : 8.988331e-09 / 6.489303e-01
PCG:  5 : 9.363013e-09 / 6.759812e-01
PCG:  6 : 8.769918e-09 / 6.331615e-01
PCG:  7 : 7.770390e-09 / 5.609986e-01
PCG:  8 : 7.875394e-09 / 5.685796e-01
PCG:  9 : 9.155471e-09 / 6.609973e-01
PCG: 10 : 1.005390e-08 / 7.258612e-01
PCG:  0 : 1.005390e-08
PCG:  1 : 9.015045e-09 / 8.966714e-01
PCG:  2 : 7.590925e-09 / 7.550229e-01
PCG:  3 : 7.432822e-09 / 7.392974e-01
PCG:  4 : 8.239832e-09 / 8.195657e-01
PCG:  5 : 8.707074e-09 / 8.660395e-01
PCG:  6 : 8.271843e-09 / 8.227497e-01
PCG:  7 : 8.160377e-09 / 8.116629e-01
PCG:  8 : 7.380125e-09 / 7.340559e-01
PCG:  9 : 9.419235e-09 / 9.368738e-01
PCG: 10 : 1.184641e-08 / 1.178290e+00
PCG:  0 : 1.184641e-08
PCG:  1 : 9.233996e-09 / 7.794763e-01
PCG:  2 : 7.047906e-09 / 5.949402e-01
PCG:  3 : 7.722810e-09 / 6.519114e-01
PCG:  4 : 7.682517e-09 / 6.485101e-01
PCG:  5 : 8.007824e-09 / 6.759705e-01
PCG:  6 : 7.495557e-09 / 6.327282e-01
PCG:  7 : 6.648512e-09 / 5.612260e-01
PCG:  8 : 6.739076e-09 / 5.688708e-01
PCG:  9 : 7.830085e-09 / 6.609669e-01
PCG: 10 : 8.601700e-09 / 7.261018e-01
PCG:  0 : 8.601700e-09
PCG:  1 : 7.710530e-09 / 8.963961e-01
PCG:  2 : 6.496159e-09 / 7.552181e-01
PCG:  3 : 6.360674e-09 / 7.394671e-01
PCG:  4 : 7.042707e-09 / 8.187577e-01
PCG:  5 : 7.446997e-09 / 8.657587e-01
PCG:  6 : 7.070169e-09 / 8.219503e-01
PCG:  7 : 6.978406e-09 / 8.112822e-01
PCG:  8 : 6.314064e-09 / 7.340484e-01
PCG:  9 : 8.054110e-09 / 9.363394e-01
PCG: 10 : 1.013199e-08 / 1.177905e+00
PCG:  0 : 1.013199e-08
PCG:  1 : 7.896212e-09 / 7.793348e-01
PCG:  2 : 6.030145e-09 / 5.951591e-01
PCG:  3 : 6.605042e-09 / 6.518998e-01
PCG:  4 : 6.566425e-09 / 6.480884e-01
PCG:  5 : 6.848883e-09 / 6.759663e-01
PCG:  6 : 6.406374e-09 / 6.322918e-01
PCG:  7 : 5.688664e-09 / 5.614558e-01
PCG:  8 : 5.766718e-09 / 5.691594e-01
PCG:  9 : 6.696532e-09 / 6.609296e-01
PCG: 10 : 7.359291e-09 / 7.263421e-01
PCG:  0 : 7.359291e-09
PCG:  1 : 6.594751e-09 / 8.961123e-01
PCG:  2 : 5.559290e-09 / 7.554111e-01
PCG:  3 : 5.443237e-09 / 7.396415e-01
PCG:  4 : 6.019513e-09 / 8.179475e-01
PCG:  5 : 6.369369e-09 / 8.654869e-01
PCG:  6 : 6.043076e-09 / 8.211493e-01
PCG:  7 : 5.967679e-09 / 8.109041e-01
PCG:  8 : 5.402025e-09 / 7.340416e-01
PCG:  9 : 6.886793e-09 / 9.357958e-01
PCG: 10 : 8.665729e-09 / 1.177522e+00
PCG:  0 : 8.665729e-09
PCG:  1 : 6.752217e-09 / 7.791862e-01
PCG:  2 : 5.159396e-09 / 5.953794e-01
PCG:  3 : 5.649106e-09 / 6.518905e-01
PCG:  4 : 5.612490e-09 / 6.476651e-01
PCG:  5 : 5.857757e-09 / 6.759682e-01
PCG:  6 : 5.475454e-09 / 6.318516e-01
PCG:  7 : 4.867439e-09 / 5.616884e-01
PCG:  8 : 4.934658e-09 / 5.694453e-01
PCG:  9 : 5.727050e-09 / 6.608849e-01
PCG: 10 : 6.296382e-09 / 7.265842e-01
PCG:  0 : 6.296382e-09
PCG:  1 : 5.640407e-09 / 8.958172e-01
PCG:  2 : 4.757541e-09 / 7.555991e-01
PCG:  3 : 4.658173e-09 / 7.398174e-01
PCG:  4 : 5.144974e-09 / 8.171318e-01
PCG:  5 : 5.447760e-09 / 8.652207e-01
PCG:  6 : 5.165201e-09 / 8.203443e-01
PCG:  7 : 5.103380e-09 / 8.105259e-01
PCG:  8 : 4.621743e-09 / 7.340316e-01
PCG:  9 : 5.888634e-09 / 9.352410e-01
PCG: 10 : 7.411672e-09 / 1.177132e+00
PCG:  0 : 7.411672e-09
PCG:  1 : 5.773928e-09 / 7.790317e-01
PCG:  2 : 4.414398e-09 / 5.956008e-01
PCG:  3 : 4.831558e-09 / 6.518850e-01
PCG:  4 : 4.797144e-09 / 6.472418e-01
PCG:  5 : 5.010125e-09 / 6.759777e-01
PCG:  6 : 4.679799e-09 / 6.314093e-01
PCG:  7 : 4.164797e-09 / 5.619240e-01
PCG:  8 : 4.222653e-09 / 5.697302e-01
PCG:  9 : 4.897891e-09 / 6.608348e-01
PCG: 10 : 5.387027e-09 / 7.268301e-01
PCG:  0 : 5.387027e-09
PCG:  1 : 4.824144e-09 / 8.955114e-01
PCG:  2 : 4.071427e-09 / 7.557836e-01
PCG:  3 : 3.986373e-09 / 7.399950e-01
PCG:  4 : 4.397495e-09 / 8.163120e-01
PCG:  5 : 4.659572e-09 / 8.649617e-01
PCG:  6 : 4.414861e-09 / 8.195358e-01
PCG:  7 : 4.364297e-09 / 8.101495e-01
PCG:  8 : 3.954184e-09 / 7.340198e-01
PCG:  9 : 5.035122e-09 / 9.346755e-01
PCG: 10 : 6.339112e-09 / 1.176737e+00
PCG:  0 : 6.339112e-09
PCG:  1 : 4.937362e-09 / 7.788728e-01
PCG:  2 : 3.777002e-09 / 5.958251e-01
PCG:  3 : 4.132369e-09 / 6.518845e-01
PCG:  4 : 4.100257e-09 / 6.468187e-01
PCG:  5 : 4.285214e-09 / 6.759959e-01
PCG:  6 : 3.999761e-09 / 6.309655e-01
PCG:  7 : 3.563615e-09 / 5.621631e-01
PCG:  8 : 3.613381e-09 / 5.700138e-01
PCG:  9 : 4.188753e-09 / 6.607791e-01
PCG: 10 : 4.609044e-09 / 7.270803e-01
PCG:  0 : 4.609043e-09
PCG:  1 : 4.125984e-09 / 8.951932e-01
PCG:  2 : 3.484265e-09 / 7.559628e-01
PCG:  3 : 3.411494e-09 / 7.401739e-01
PCG:  4 : 3.758613e-09 / 8.154866e-01
PCG:  5 : 3.985479e-09 / 8.647084e-01
PCG:  6 : 3.773522e-09 / 8.187214e-01
PCG:  7 : 3.732274e-09 / 8.097721e-01
PCG:  8 : 3.383056e-09 / 7.340040e-01
PCG:  9 : 4.305295e-09 / 9.340973e-01
PCG: 10 : 5.421791e-09 / 1.176337e+00
PCG:  0 : 5.421791e-09
PCG:  1 : 4.221977e-09 / 7.787052e-01
PCG:  2 : 3.231653e-09 / 5.960490e-01
PCG:  3 : 3.534384e-09 / 6.518849e-01
PCG:  4 : 3.504612e-09 / 6.463937e-01
PCG:  5 : 3.665239e-09 / 6.760200e-01
PCG:  6 : 3.418539e-09 / 6.305184e-01
PCG:  7 : 3.049243e-09 / 5.624050e-01
PCG:  8 : 3.092019e-09 / 5.702947e-01
PCG:  9 : 3.582270e-09 / 6.607171e-01
PCG: 10 : 3.943430e-09 / 7.273297e-01
PCG:  0 : 3.943430e-09
PCG:  1 : 3.528845e-09 / 8.948671e-01
PCG:  2 : 2.981780e-09 / 7.561389e-01
PCG:  3 : 2.919545e-09 / 7.403567e-01
PCG:  4 : 3.212549e-09 / 8.146586e-01
PCG:  5 : 3.408954e-09 / 8.644643e-01
PCG:  6 : 3.225355e-09 / 8.179060e-01
PCG:  7 : 3.191800e-09 / 8.093970e-01
PCG:  8 : 2.894432e-09 / 7.339885e-01
PCG:  9 : 3.681230e-09 / 9.335097e-01
PCG: 10 : 4.637235e-09 / 1.175939e+00
PCG:  0 : 4.637235e-09
PCG:  1 : 3.610224e-09 / 7.785295e-01
PCG:  2 : 2.765061e-09 / 5.962737e-01
PCG:  3 : 3.022957e-09 / 6.518880e-01
PCG:  4 : 2.995503e-09 / 6.459676e-01
PCG:  5 : 3.135004e-09 / 6.760504e-01
PCG:  6 : 2.921771e-09 / 6.300676e-01
PCG:  7 : 2.609134e-09 / 5.626488e-01
PCG:  8 : 2.645877e-09 / 5.705723e-01
PCG:  9 : 3.063579e-09 / 6.606477e-01
PCG: 10 : 3.373956e-09 / 7.275794e-01
PCG:  0 : 3.373956e-09
PCG:  1 : 3.018109e-09 / 8.945311e-01
PCG:  2 : 2.551761e-09 / 7.563111e-01
PCG:  3 : 2.498554e-09 / 7.405412e-01
PCG:  4 : 2.745816e-09 / 8.138266e-01
PCG:  5 : 2.915864e-09 / 8.642270e-01
PCG:  6 : 2.756819e-09 / 8.170878e-01
PCG:  7 : 2.729612e-09 / 8.090241e-01
PCG:  8 : 2.476388e-09 / 7.339717e-01
PCG:  9 : 3.147602e-09 / 9.329113e-01
PCG: 10 : 3.966213e-09 / 1.175538e+00
PCG:  0 : 3.966213e-09
PCG:  1 : 3.087091e-09 / 7.783474e-01
PCG:  2 : 2.365846e-09 / 5.964999e-01
PCG:  3 : 2.585552e-09 / 6.518943e-01
PCG:  4 : 2.560354e-09 / 6.455413e-01
PCG:  5 : 2.681510e-09 / 6.760882e-01
PCG:  6 : 2.497186e-09 / 6.296146e-01
PCG:  7 : 2.232567e-09 / 5.628963e-01
PCG:  8 : 2.264106e-09 / 5.708482e-01
PCG:  9 : 2.619974e-09 / 6.605731e-01
PCG: 10 : 2.886740e-09 / 7.278327e-01
PCG:  0 : 2.886739e-09
PCG:  1 : 2.581279e-09 / 8.941851e-01
PCG:  2 : 2.183759e-09 / 7.564796e-01
PCG:  3 : 2.138288e-09 / 7.407280e-01
PCG:  4 : 2.346891e-09 / 8.129902e-01
PCG:  5 : 2.494132e-09 / 8.639962e-01
PCG:  6 : 2.356350e-09 / 8.162668e-01
PCG:  7 : 2.334366e-09 / 8.086514e-01
PCG:  8 : 2.118726e-09 / 7.339514e-01
PCG:  9 : 2.691312e-09 / 9.323018e-01
PCG: 10 : 3.392298e-09 / 1.175131e+00
PCG:  0 : 3.392298e-09
PCG:  1 : 2.639748e-09 / 7.781590e-01
PCG:  2 : 2.024275e-09 / 5.967267e-01
PCG:  3 : 2.211454e-09 / 6.519043e-01
PCG:  4 : 2.188425e-09 / 6.451158e-01
PCG:  5 : 2.293650e-09 / 6.761346e-01
PCG:  6 : 2.134300e-09 / 6.291605e-01
PCG:  7 : 1.910366e-09 / 5.631480e-01
PCG:  8 : 1.937424e-09 / 5.711244e-01
PCG:  9 : 2.240593e-09 / 6.604941e-01
PCG: 10 : 2.469904e-09 / 7.280917e-01
PCG:  0 : 2.469904e-09
PCG:  1 : 2.207662e-09 / 8.938249e-01
PCG:  2 : 1.868832e-09 / 7.566414e-01
PCG:  3 : 1.829986e-09 / 7.409137e-01
PCG:  4 : 2.005926e-09 / 8.121473e-01
PCG:  5 : 2.133428e-09 / 8.637695e-01
PCG:  6 : 2.014054e-09 / 8.154383e-01
PCG:  7 : 1.996367e-09 / 8.082772e-01
PCG:  8 : 1.812724e-09 / 7.339250e-01
PCG:  9 : 2.301154e-09 / 9.316775e-01
PCG: 10 : 2.901430e-09 / 1.174713e+00
PCG:  0 : 2.901430e-09
PCG:  1 : 2.257213e-09 / 7.779658e-01
PCG:  2 : 1.732026e-09 / 5.969558e-01
PCG:  3 : 1.891496e-09 / 6.519186e-01
PCG:  4 : 1.870525e-09 / 6.446906e-01
PCG:  5 : 1.961916e-09 / 6.761892e-01
PCG:  6 : 1.824144e-09 / 6.287053e-01
PCG:  7 : 1.634674e-09 / 5.634030e-01
PCG:  8 : 1.657874e-09 / 5.713988e-01
PCG:  9 : 1.916135e-09 / 6.604104e-01
PCG: 10 : 2.113267e-09 / 7.283535e-01
PCG:  0 : 2.113266e-09
PCG:  1 : 1.888111e-09 / 8.934564e-01
PCG:  2 : 1.599318e-09 / 7.567992e-01
PCG:  3 : 1.566145e-09 / 7.411014e-01
PCG:  4 : 1.714495e-09 / 8.113009e-01
PCG:  5 : 1.824912e-09 / 8.635505e-01
PCG:  6 : 1.721483e-09 / 8.146077e-01
PCG:  7 : 1.707317e-09 / 8.079045e-01
PCG:  8 : 1.550920e-09 / 7.338971e-01
PCG:  9 : 1.967541e-09 / 9.310428e-01
PCG: 10 : 2.481599e-09 / 1.174295e+00
PCG:  0 : 2.481599e-09
PCG:  1 : 1.930099e-09 / 7.777642e-01
PCG:  2 : 1.481974e-09 / 5.971849e-01
PCG:  3 : 1.617842e-09 / 6.519352e-01
PCG:  4 : 1.598807e-09 / 6.442648e-01
PCG:  5 : 1.678182e-09 / 6.762500e-01
PCG:  6 : 1.559056e-09 / 6.282464e-01
PCG:  7 : 1.398779e-09 / 5.636602e-01
PCG:  8 : 1.418656e-09 / 5.716699e-01
PCG:  9 : 1.638649e-09 / 6.603199e-01
PCG: 10 : 1.808131e-09 / 7.286151e-01
PCG:  0 : 1.808131e-09
PCG:  1 : 1.614804e-09 / 8.930793e-01
PCG:  2 : 1.368673e-09 / 7.569547e-01
PCG:  3 : 1.340356e-09 / 7.412940e-01
PCG:  4 : 1.465408e-09 / 8.104548e-01
PCG:  5 : 1.561035e-09 / 8.633421e-01
PCG:  6 : 1.471418e-09 / 8.137785e-01
PCG:  7 : 1.460134e-09 / 8.075381e-01
PCG:  8 : 1.326938e-09 / 7.338728e-01
PCG:  9 : 1.682294e-09 / 9.304048e-01
PCG: 10 : 2.122535e-09 / 1.173884e+00
PCG:  0 : 2.122535e-09
PCG:  1 : 1.650389e-09 / 7.775552e-01
PCG:  2 : 1.268032e-09 / 5.974140e-01
PCG:  3 : 1.383791e-09 / 6.519518e-01
PCG:  4 : 1.366564e-09 / 6.438358e-01
PCG:  5 : 1.435501e-09 / 6.763145e-01
PCG:  6 : 1.332491e-09 / 6.277825e-01
PCG:  7 : 1.196936e-09 / 5.639179e-01
PCG:  8 : 1.213951e-09 / 5.719345e-01
PCG:  9 : 1.401336e-09 / 6.602180e-01
PCG: 10 : 1.547057e-09 / 7.288721e-01
PCG:  0 : 1.547057e-09
PCG:  1 : 1.381047e-09 / 8.926929e-01
PCG:  2 : 1.171286e-09 / 7.571061e-01
PCG:  3 : 1.147127e-09 / 7.414894e-01
PCG:  4 : 1.252505e-09 / 8.096051e-01
PCG:  5 : 1.335329e-09 / 8.631415e-01
PCG:  6 : 1.257678e-09 / 8.129488e-01
PCG:  7 : 1.248744e-09 / 8.071738e-01
PCG:  8 : 1.135304e-09 / 7.338473e-01
PCG:  9 : 1.438389e-09 / 9.297582e-01
PCG: 10 : 1.815426e-09 / 1.173471e+00
PCG:  0 : 1.815426e-09
PCG:  1 : 1.411203e-09 / 7.773398e-01
PCG:  2 : 1.084979e-09 / 5.976440e-01
PCG:  3 : 1.183606e-09 / 6.519713e-01
PCG:  4 : 1.168058e-09 / 6.434071e-01
PCG:  5 : 1.227929e-09 / 6.763861e-01
PCG:  6 : 1.138847e-09 / 6.273165e-01
PCG:  7 : 1.024224e-09 / 5.641785e-01
PCG:  8 : 1.038780e-09 / 5.721964e-01
PCG:  9 : 1.198382e-09 / 6.601104e-01
PCG: 10 : 1.323685e-09 / 7.291320e-01
PCG:  0 : 1.323685e-09
PCG:  1 : 1.181118e-09 / 8.922954e-01
PCG:  2 : 1.002364e-09 / 7.572525e-01
PCG:  3 : 9.817592e-10 / 7.416862e-01
PCG:  4 : 1.070535e-09 / 8.087536e-01
PCG:  5 : 1.142273e-09 / 8.629493e-01
PCG:  6 : 1.074988e-09 / 8.121175e-01
PCG:  7 : 1.067968e-09 / 8.068140e-01
PCG:  8 : 9.713493e-10 / 7.338219e-01
PCG:  9 : 1.229843e-09 / 9.291053e-01
PCG: 10 : 1.552757e-09 / 1.173056e+00
PCG:  0 : 1.552758e-09
PCG:  1 : 1.206680e-09 / 7.771206e-01
PCG:  2 : 9.283566e-10 / 5.978760e-01
PCG:  3 : 1.012391e-09 / 6.519957e-01
PCG:  4 : 9.983928e-10 / 6.429805e-01
PCG:  5 : 1.050388e-09 / 6.764664e-01
PCG:  6 : 9.733454e-10 / 6.268495e-01
PCG:  7 : 8.764431e-10 / 5.644429e-01
PCG:  8 : 8.888885e-10 / 5.724580e-01
PCG:  9 : 1.024818e-09 / 6.599986e-01
PCG: 10 : 1.132576e-09 / 7.293968e-01
PCG:  0 : 1.132576e-09
PCG:  1 : 1.010130e-09 / 8.918865e-01
PCG:  2 : 8.578053e-10 / 7.573929e-01
PCG:  3 : 8.402374e-10 / 7.418815e-01
PCG:  4 : 9.150011e-10 / 8.078935e-01
PCG:  5 : 9.771397e-10 / 8.627583e-01
PCG:  6 : 9.188338e-10 / 8.112776e-01
PCG:  7 : 9.133634e-10 / 8.064476e-01
PCG:  8 : 8.310682e-10 / 7.337855e-01
PCG:  9 : 1.051520e-09 / 9.284319e-01
PCG: 10 : 1.328090e-09 / 1.172627e+00
PCG:  0 : 1.328091e-09
PCG:  1 : 1.031783e-09 / 7.768922e-01
PCG:  2 : 7.943418e-10 / 5.981081e-01
PCG:  3 : 8.659456e-10 / 6.520229e-01
PCG:  4 : 8.533717e-10 / 6.425553e-01
PCG:  5 : 8.985273e-10 / 6.765556e-01
PCG:  6 : 8.318936e-10 / 6.263831e-01
PCG:  7 : 7.499915e-10 / 5.647140e-01
PCG:  8 : 7.606256e-10 / 5.727211e-01
PCG:  9 : 8.763907e-10 / 6.598877e-01
PCG: 10 : 9.690648e-10 / 7.296676e-01
PCG:  0 : 9.690649e-10
PCG:  1 : 8.638940e-10 / 8.914717e-01
PCG:  2 : 7.340967e-10 / 7.575310e-01
PCG:  3 : 7.191251e-10 / 7.420814e-01
PCG:  4 : 7.820681e-10 / 8.070338e-01
PCG:  5 : 8.358942e-10 / 8.625781e-01
PCG:  6 : 7.853686e-10 / 8.104396e-01
PCG:  7 : 7.811510e-10 / 8.060874e-01
PCG:  8 : 7.110534e-10 / 7.337521e-01
PCG:  9 : 8.990533e-10 / 9.277534e-01
PCG: 10 : 1.135945e-09 / 1.172207e+00

PCG ( VCycle ( S: Scale / C: Scale )  )

Complete solver TOE: 54.4859
0.0268218 GFlop/s [0.0268218 GFlops/s]

Total time: 54.4859s
Accumulated op time: 37.7546

Reductions: 49.7242%
Blas-1: 11.3977%
Blas-2: 8.17044%
Precon Kernels: 0%
MPI Execution: 0%
MPI Wait: 0%
Not covered: 30.7077%

Domain size: 26.3732 MByte
LA size: 85.4216 MByte
MPI size: 2.63872 MByte

H0-Error: 1.718297e-06
H1-Error: 4.034414e-03

Writing DATA to output.data...
Run-Time: 0:57.364 [0:57.364]
0xb32da9f8 Error: MemoryPool<CUDA> still contains memory chunks on deconstructor call
