NUM-PROCS: 1
Preparing domain...
LVL-MIN: 1 [1]
LVL-MAX: 8 [8]
Creating gates...
Assembling system matrices...
Assembling system filters...
Assembling transfer matrices...
Converting assembled linear system from SparseMatrixCSR, Mem:main to SparseMatrixELL, Mem:cudaand to SparseMatrixELL, Mem:cuda...
PCG: 0 : 3.788187e-02
PCG: 1 : 1.295197e-02 / 3.419041e-01
PCG: 0 : 1.300223e-02
PCG: 1 : 4.452368e-03 / 3.424310e-01
PCG: 0 : 4.452367e-03
PCG: 1 : 1.539402e-03 / 3.457491e-01
PCG: 0 : 1.539403e-03
PCG: 1 : 2.961719e-04 / 1.923940e-01
PCG: 0 : 2.961719e-04
PCG: 1 : 7.245705e-05 / 2.446453e-01
PCG: 0 : 7.245708e-05
PCG: 1 : 1.190835e-05 / 1.643504e-01
PCG: 0 : 1.190834e-05
PCG: 1 : 2.940741e-06 / 2.469480e-01
PCG: 0 : 2.940741e-06
PCG: 1 : 4.912089e-07 / 1.670358e-01
PCG: 0 : 4.912088e-07
PCG: 1 : 1.232971e-07 / 2.510075e-01
PCG: 0 : 1.232971e-07
PCG: 1 : 2.121418e-08 / 1.720574e-01

PCG ( VCycle ( S: Scale / C: Scale )  )

Complete solver TOE: 0.068062
1.83282 GFlop/s [1.83282 GFlops/s]

Total time: 0.068062s
Accumulated op time: 0.008713

Reductions: 10.7182%
Blas-1: 0.999089%
Blas-2: 1.08431%
Precon Kernels: 0%
MPI Execution: 0%
MPI Wait: 0%
Not covered: 87.1984%

Domain size: 12.1094 MByte
LA size: 30.3934 MByte
MPI size: 0.674622 MByte

H0-Error: 6.867365e-06
H1-Error: 8.068795e-03

Writing DATA to output.data...
Run-Time: 0:00.276 [0:00.276]
0x31d198e880 Error: MemoryPool<CUDA> still contains memory chunks on deconstructor call
