NUM-PROCS: 1
Preparing domain...
LVL-MIN: 5 [5]
LVL-MAX: 6 [6]
Creating gates...
Assembling system matrices...
Assembling system filters...
Assembling transfer matrices...
Converting assembled linear system from SparseMatrixCSR, Mem:main to SparseMatrixCSR, Mem:mainand to SparseMatrixCSR, Mem:main...
PCG: 0 : 1.512630e-01
PCG: 1 : 5.296447e-01 / 3.501482e+00
PCG: 2 : 3.286090e-01 / 2.172435e+00
PCG: 3 : 3.573479e-01 / 2.362428e+00
PCG: 4 : 3.568069e-01 / 2.358851e+00
PCG: 5 : 2.454738e-01 / 1.622828e+00
PCG: 0 : 2.404197e-01
PCG: 1 : 2.007733e-01 / 8.350950e-01
PCG: 2 : 1.893224e-01 / 7.874663e-01
PCG: 3 : 1.394111e-01 / 5.798656e-01
PCG: 4 : 1.386742e-01 / 5.768006e-01
PCG: 5 : 1.260735e-01 / 5.243890e-01
PCG: 0 : 1.260735e-01
PCG: 1 : 6.116665e-02 / 4.851667e-01
PCG: 2 : 3.491654e-02 / 2.769539e-01
PCG: 3 : 3.515770e-02 / 2.788668e-01
PCG: 4 : 4.034229e-02 / 3.199903e-01
PCG: 5 : 5.021634e-02 / 3.983101e-01
PCG: 0 : 5.021635e-02
PCG: 1 : 3.307443e-02 / 6.586387e-01
PCG: 2 : 2.855574e-02 / 5.686543e-01
PCG: 3 : 2.520226e-02 / 5.018736e-01
PCG: 4 : 3.290006e-02 / 6.551664e-01
PCG: 5 : 6.235968e-02 / 1.241820e+00
PCG: 0 : 6.235968e-02
PCG: 1 : 2.813345e-02 / 4.511480e-01
PCG: 2 : 1.710993e-02 / 2.743749e-01
PCG: 3 : 1.894122e-02 / 3.037415e-01
PCG: 4 : 1.907314e-02 / 3.058569e-01
PCG: 5 : 2.463628e-02 / 3.950675e-01
PCG: 0 : 2.463629e-02
PCG: 1 : 1.647907e-02 / 6.688943e-01
PCG: 2 : 1.508020e-02 / 6.121135e-01
PCG: 3 : 1.295152e-02 / 5.257092e-01
PCG: 4 : 1.661173e-02 / 6.742790e-01
PCG: 5 : 3.132406e-02 / 1.271460e+00
PCG: 0 : 3.132406e-02
PCG: 1 : 1.398260e-02 / 4.463854e-01
PCG: 2 : 9.030006e-03 / 2.882770e-01
PCG: 3 : 1.003344e-02 / 3.203110e-01
PCG: 4 : 9.897226e-03 / 3.159624e-01
PCG: 5 : 1.224365e-02 / 3.908704e-01
PCG: 0 : 1.224365e-02
PCG: 1 : 8.360251e-03 / 6.828235e-01
PCG: 2 : 8.071612e-03 / 6.592489e-01
PCG: 3 : 6.753893e-03 / 5.516242e-01
PCG: 4 : 8.641035e-03 / 7.057565e-01
PCG: 5 : 1.555714e-02 / 1.270629e+00
PCG: 0 : 1.555714e-02
PCG: 1 : 7.101093e-03 / 4.564523e-01
PCG: 2 : 4.901871e-03 / 3.150882e-01
PCG: 3 : 5.396750e-03 / 3.468986e-01
PCG: 4 : 5.235452e-03 / 3.365305e-01
PCG: 5 : 6.137663e-03 / 3.945239e-01
PCG: 0 : 6.137663e-03
PCG: 1 : 4.413917e-03 / 7.191527e-01
PCG: 2 : 4.255891e-03 / 6.934058e-01
PCG: 3 : 3.664058e-03 / 5.969794e-01
PCG: 4 : 4.789484e-03 / 7.803433e-01
PCG: 5 : 7.178706e-03 / 1.169616e+00
PCG: 0 : 7.178706e-03
PCG: 1 : 3.909641e-03 / 5.446164e-01
PCG: 2 : 2.811193e-03 / 3.916017e-01
PCG: 3 : 2.891856e-03 / 4.028381e-01
PCG: 4 : 2.813917e-03 / 3.919811e-01
PCG: 5 : 3.310844e-03 / 4.612035e-01
PCG: 0 : 3.310844e-03
PCG: 1 : 2.445637e-03 / 7.386749e-01
PCG: 2 : 2.145898e-03 / 6.481422e-01
PCG: 3 : 2.081182e-03 / 6.285957e-01
PCG: 4 : 2.713698e-03 / 8.196393e-01
PCG: 5 : 3.356617e-03 / 1.013825e+00
PCG: 0 : 3.356617e-03
PCG: 1 : 2.208948e-03 / 6.580874e-01
PCG: 2 : 1.560439e-03 / 4.648845e-01
PCG: 3 : 1.449153e-03 / 4.317302e-01
PCG: 4 : 1.585038e-03 / 4.722128e-01
PCG: 5 : 1.778073e-03 / 5.297217e-01
PCG: 0 : 1.778073e-03
PCG: 1 : 1.325919e-03 / 7.457057e-01
PCG: 2 : 1.166010e-03 / 6.557720e-01
PCG: 3 : 1.147441e-03 / 6.453286e-01
PCG: 4 : 1.463514e-03 / 8.230901e-01
PCG: 5 : 1.765485e-03 / 9.929206e-01
PCG: 0 : 1.765485e-03
PCG: 1 : 1.184273e-03 / 6.707920e-01
PCG: 2 : 8.767179e-04 / 4.965876e-01
PCG: 3 : 7.891982e-04 / 4.470150e-01
PCG: 4 : 8.481496e-04 / 4.804060e-01
PCG: 5 : 9.686326e-04 / 5.486496e-01
PCG: 0 : 9.686325e-04
PCG: 1 : 7.196855e-04 / 7.429913e-01
PCG: 2 : 6.532021e-04 / 6.743550e-01
PCG: 3 : 6.441323e-04 / 6.649914e-01
PCG: 4 : 7.737662e-04 / 7.988233e-01
PCG: 5 : 9.528512e-04 / 9.837077e-01
PCG: 0 : 9.528512e-04
PCG: 1 : 6.375666e-04 / 6.691145e-01
PCG: 2 : 4.959959e-04 / 5.205386e-01
PCG: 3 : 4.379796e-04 / 4.596516e-01
PCG: 4 : 4.527004e-04 / 4.751008e-01
PCG: 5 : 5.369913e-04 / 5.635626e-01
PCG: 0 : 5.369912e-04
PCG: 1 : 3.943894e-04 / 7.344429e-01
PCG: 2 : 3.654102e-04 / 6.804770e-01
PCG: 3 : 3.608501e-04 / 6.719850e-01
PCG: 4 : 4.128595e-04 / 7.688385e-01
PCG: 5 : 5.232038e-04 / 9.743247e-01
PCG: 0 : 5.232038e-04
PCG: 1 : 3.469141e-04 / 6.630574e-01
PCG: 2 : 2.796111e-04 / 5.344210e-01
PCG: 3 : 2.424982e-04 / 4.634872e-01
PCG: 4 : 2.449027e-04 / 4.680828e-01
PCG: 5 : 3.021282e-04 / 5.774581e-01
PCG: 0 : 3.021282e-04
PCG: 1 : 2.178725e-04 / 7.211260e-01
PCG: 2 : 2.034619e-04 / 6.734289e-01
PCG: 3 : 2.015620e-04 / 6.671407e-01
PCG: 4 : 2.234463e-04 / 7.395744e-01
PCG: 5 : 2.910008e-04 / 9.631699e-01
PCG: 0 : 2.910008e-04
PCG: 1 : 1.905153e-04 / 6.546900e-01
PCG: 2 : 1.569362e-04 / 5.392982e-01
PCG: 3 : 1.341997e-04 / 4.611661e-01
PCG: 4 : 1.344724e-04 / 4.621033e-01
PCG: 5 : 1.713878e-04 / 5.889600e-01
PCG: 0 : 1.713878e-04
PCG: 1 : 1.210171e-04 / 7.061008e-01
PCG: 2 : 1.129791e-04 / 6.592017e-01
PCG: 3 : 1.124636e-04 / 6.561937e-01
PCG: 4 : 1.224153e-04 / 7.142590e-01
PCG: 5 : 1.629799e-04 / 9.509423e-01
PCG: 0 : 1.629800e-04
PCG: 1 : 1.053335e-04 / 6.462975e-01
PCG: 2 : 8.787336e-05 / 5.391666e-01
PCG: 3 : 7.437618e-05 / 4.563517e-01
PCG: 4 : 7.461674e-05 / 4.578277e-01
PCG: 5 : 9.744927e-05 / 5.979218e-01
PCG: 0 : 9.744926e-05
PCG: 1 : 6.745175e-05 / 6.921731e-01
PCG: 2 : 6.272938e-05 / 6.437133e-01
PCG: 3 : 6.277423e-05 / 6.441736e-01
PCG: 4 : 6.761298e-05 / 6.938275e-01
PCG: 5 : 9.153140e-05 / 9.392724e-01
PCG: 0 : 9.153140e-05
PCG: 1 : 5.850699e-05 / 6.392013e-01
PCG: 2 : 4.917616e-05 / 5.372599e-01
PCG: 3 : 4.131739e-05 / 4.514013e-01
PCG: 4 : 4.164214e-05 / 4.549493e-01
PCG: 5 : 5.535959e-05 / 6.048153e-01
PCG: 0 : 5.535959e-05
PCG: 1 : 3.767991e-05 / 6.806393e-01
PCG: 2 : 3.487645e-05 / 6.299984e-01
PCG: 3 : 3.507800e-05 / 6.336391e-01
PCG: 4 : 3.753305e-05 / 6.779864e-01
PCG: 5 : 5.143870e-05 / 9.291741e-01
PCG: 0 : 5.143869e-05
PCG: 1 : 3.259943e-05 / 6.337532e-01
PCG: 2 : 2.752914e-05 / 5.351835e-01
PCG: 3 : 2.300822e-05 / 4.472940e-01
PCG: 4 : 2.330354e-05 / 4.530354e-01
PCG: 5 : 3.138615e-05 / 6.101662e-01
PCG: 0 : 3.138615e-05
PCG: 1 : 2.108026e-05 / 6.716423e-01
PCG: 2 : 1.942475e-05 / 6.188957e-01
PCG: 3 : 1.962608e-05 / 6.253104e-01
PCG: 4 : 2.090148e-05 / 6.659460e-01
PCG: 5 : 2.890428e-05 / 9.209247e-01
PCG: 0 : 2.890428e-05
PCG: 1 : 1.820293e-05 / 6.297659e-01
PCG: 2 : 1.541960e-05 / 5.334713e-01
PCG: 3 : 1.283960e-05 / 4.442111e-01
PCG: 4 : 1.305716e-05 / 4.517381e-01
PCG: 5 : 1.775738e-05 / 6.143514e-01
PCG: 0 : 1.775738e-05
PCG: 1 : 1.180565e-05 / 6.648307e-01
PCG: 2 : 1.083679e-05 / 6.102693e-01
PCG: 3 : 1.099298e-05 / 6.190653e-01
PCG: 4 : 1.166413e-05 / 6.568608e-01
PCG: 5 : 1.623709e-05 / 9.143852e-01
PCG: 0 : 1.623709e-05
PCG: 1 : 1.017930e-05 / 6.269165e-01
PCG: 2 : 8.641436e-06 / 5.322035e-01
PCG: 3 : 7.177134e-06 / 4.420210e-01
PCG: 4 : 7.320245e-06 / 4.508348e-01
PCG: 5 : 1.002855e-05 / 6.176324e-01
PCG: 0 : 1.002855e-05
PCG: 1 : 6.616383e-06 / 6.597546e-01
PCG: 2 : 6.054063e-06 / 6.036827e-01
PCG: 3 : 6.162727e-06 / 6.145181e-01
PCG: 4 : 6.518708e-06 / 6.500149e-01
PCG: 5 : 9.118450e-06 / 9.092489e-01
PCG: 0 : 9.118450e-06
PCG: 1 : 5.698414e-06 / 6.249322e-01
PCG: 2 : 4.844923e-06 / 5.313318e-01
PCG: 3 : 4.017017e-06 / 4.405373e-01
PCG: 4 : 4.105335e-06 / 4.502229e-01
PCG: 5 : 5.655325e-06 / 6.202068e-01
PCG: 0 : 5.655324e-06
PCG: 1 : 3.710189e-06 / 6.560524e-01
PCG: 2 : 3.385895e-06 / 5.987092e-01
PCG: 3 : 3.456995e-06 / 6.112816e-01
PCG: 4 : 3.647042e-06 / 6.448865e-01
PCG: 5 : 5.119392e-06 / 9.052341e-01
PCG: 0 : 5.119392e-06
PCG: 1 : 3.192572e-06 / 6.236232e-01
PCG: 2 : 2.717248e-06 / 5.307756e-01
PCG: 3 : 2.250414e-06 / 4.395861e-01
PCG: 4 : 2.303037e-06 / 4.498653e-01
PCG: 5 : 3.185307e-06 / 6.222042e-01
PCG: 0 : 3.185308e-06
PCG: 1 : 2.081534e-06 / 6.534799e-01
PCG: 2 : 1.895284e-06 / 5.950082e-01
PCG: 3 : 1.940024e-06 / 6.090538e-01
PCG: 4 : 2.042218e-06 / 6.411367e-01
PCG: 5 : 2.873334e-06 / 9.020586e-01
PCG: 0 : 2.873334e-06
PCG: 1 : 1.789879e-06 / 6.229275e-01
PCG: 2 : 1.524317e-06 / 5.305046e-01
PCG: 3 : 1.261570e-06 / 4.390616e-01
PCG: 4 : 1.292431e-06 / 4.498020e-01
PCG: 5 : 1.792213e-06 / 6.237399e-01
PCG: 0 : 1.792213e-06
PCG: 1 : 1.168397e-06 / 6.519296e-01
PCG: 2 : 1.061608e-06 / 5.923450e-01
PCG: 3 : 1.088994e-06 / 6.076251e-01
PCG: 4 : 1.144487e-06 / 6.385888e-01
PCG: 5 : 1.612175e-06 / 8.995446e-01
PCG: 0 : 1.612176e-06
PCG: 1 : 1.004131e-06 / 6.228423e-01
PCG: 2 : 8.552508e-07 / 5.304948e-01
PCG: 3 : 7.075678e-07 / 4.388901e-01
PCG: 4 : 7.256435e-07 / 4.501020e-01
PCG: 5 : 1.007392e-06 / 6.248649e-01
PCG: 0 : 1.007392e-06
PCG: 1 : 6.562231e-07 / 6.514080e-01
PCG: 2 : 5.949558e-07 / 5.905902e-01
PCG: 3 : 6.113717e-07 / 6.068857e-01
PCG: 4 : 6.419078e-07 / 6.371978e-01
PCG: 5 : 9.041626e-07 / 8.975282e-01
PCG: 0 : 9.041626e-07
PCG: 1 : 5.637175e-07 / 6.234692e-01
PCG: 2 : 4.799161e-07 / 5.307853e-01
PCG: 3 : 3.969843e-07 / 4.390630e-01
PCG: 4 : 4.076865e-07 / 4.508996e-01
PCG: 5 : 5.656814e-07 / 6.256413e-01
PCG: 0 : 5.656814e-07
PCG: 1 : 3.688372e-07 / 6.520228e-01
PCG: 2 : 3.335748e-07 / 5.896866e-01
PCG: 3 : 3.432487e-07 / 6.067879e-01
PCG: 4 : 3.603501e-07 / 6.370195e-01
PCG: 5 : 5.068083e-07 / 8.959253e-01
PCG: 0 : 5.068084e-07
PCG: 1 : 3.167266e-07 / 6.249434e-01
PCG: 2 : 2.693239e-07 / 5.314118e-01
PCG: 3 : 2.227883e-07 / 4.395909e-01
PCG: 4 : 2.292496e-07 / 4.523397e-01
PCG: 5 : 3.173084e-07 / 6.260914e-01
PCG: 0 : 3.173083e-07
PCG: 1 : 2.075028e-07 / 6.539469e-01
PCG: 2 : 1.870940e-07 / 5.896285e-01
PCG: 3 : 1.927150e-07 / 6.073432e-01
PCG: 4 : 2.024986e-07 / 6.381762e-01
PCG: 5 : 2.838826e-07 / 8.946586e-01
PCG: 0 : 2.838826e-07
PCG: 1 : 1.781255e-07 / 6.274619e-01
PCG: 2 : 1.511527e-07 / 5.324479e-01
PCG: 3 : 1.250584e-07 / 4.405288e-01
PCG: 4 : 1.290531e-07 / 4.546002e-01
PCG: 5 : 1.777829e-07 / 6.262550e-01
PCG: 0 : 1.777829e-07
PCG: 1 : 1.168735e-07 / 6.573947e-01
PCG: 2 : 1.049713e-07 / 5.904466e-01
PCG: 3 : 1.082003e-07 / 6.086094e-01
PCG: 4 : 1.139262e-07 / 6.408163e-01
PCG: 5 : 1.588887e-07 / 8.937234e-01
PCG: 0 : 1.588887e-07
PCG: 1 : 1.002904e-07 / 6.311990e-01
PCG: 2 : 8.483678e-08 / 5.339383e-01
PCG: 3 : 7.021889e-08 / 4.419375e-01
PCG: 4 : 7.274271e-08 / 4.578218e-01
PCG: 5 : 9.948939e-08 / 6.261576e-01
PCG: 0 : 9.948938e-08
PCG: 1 : 6.591669e-08 / 6.625500e-01
PCG: 2 : 5.891372e-08 / 5.921609e-01
PCG: 3 : 6.075360e-08 / 6.106541e-01
PCG: 4 : 6.417425e-08 / 6.450362e-01
PCG: 5 : 8.885958e-08 / 8.931564e-01
PCG: 0 : 8.885957e-08
PCG: 1 : 5.653813e-08 / 6.362638e-01
PCG: 2 : 4.761981e-08 / 5.358996e-01
PCG: 3 : 3.944371e-08 / 4.438881e-01
PCG: 4 : 4.105995e-08 / 4.620769e-01
PCG: 5 : 5.561312e-08 / 6.258541e-01
PCG: 0 : 5.561312e-08
PCG: 1 : 3.723144e-08 / 6.694722e-01
PCG: 2 : 3.307541e-08 / 5.947410e-01
PCG: 3 : 3.411996e-08 / 6.135236e-01
PCG: 4 : 3.619265e-08 / 6.507934e-01
PCG: 5 : 4.966187e-08 / 8.929883e-01
PCG: 0 : 4.966187e-08
PCG: 1 : 3.191461e-08 / 6.426382e-01
PCG: 2 : 2.673333e-08 / 5.383070e-01
PCG: 3 : 2.217167e-08 / 4.464525e-01
PCG: 4 : 2.320767e-08 / 4.673138e-01
PCG: 5 : 3.105954e-08 / 6.254203e-01
PCG: 0 : 3.105954e-08
PCG: 1 : 2.105903e-08 / 6.780215e-01
PCG: 2 : 1.857678e-08 / 5.981025e-01
PCG: 3 : 1.917030e-08 / 6.172116e-01
PCG: 4 : 2.043299e-08 / 6.578654e-01
PCG: 5 : 2.774546e-08 / 8.932991e-01
PCG: 0 : 2.774545e-08
PCG: 1 : 1.803698e-08 / 6.500878e-01
PCG: 2 : 1.501218e-08 / 5.410680e-01
PCG: 3 : 1.247648e-08 / 4.496765e-01
PCG: 4 : 1.313185e-08 / 4.732973e-01
PCG: 5 : 1.733814e-08 / 6.249001e-01
PCG: 0 : 1.733813e-08
PCG: 1 : 1.192546e-08 / 6.878166e-01
PCG: 2 : 1.043956e-08 / 6.021153e-01
PCG: 3 : 1.077777e-08 / 6.216220e-01
PCG: 4 : 1.154467e-08 / 6.658543e-01
PCG: 5 : 1.550295e-08 / 8.941532e-01
PCG: 0 : 1.550295e-08
PCG: 1 : 1.020402e-08 / 6.581986e-01
PCG: 2 : 8.435064e-09 / 5.440942e-01
PCG: 3 : 7.032665e-09 / 4.536341e-01
PCG: 4 : 7.436141e-09 / 4.796598e-01
PCG: 5 : 9.678026e-09 / 6.242701e-01
PCG: 0 : 9.678026e-09
PCG: 1 : 6.758558e-09 / 6.983405e-01
PCG: 2 : 5.871912e-09 / 6.067262e-01
PCG: 3 : 6.064348e-09 / 6.266100e-01
PCG: 4 : 6.526321e-09 / 6.743442e-01
PCG: 5 : 8.667595e-09 / 8.955953e-01
PCG: 0 : 8.667596e-09
PCG: 1 : 5.776921e-09 / 6.664964e-01
PCG: 2 : 4.744606e-09 / 5.473959e-01
PCG: 3 : 3.974363e-09 / 4.585312e-01
PCG: 4 : 4.212541e-09 / 4.860104e-01
PCG: 5 : 5.403249e-09 / 6.233850e-01
PCG: 0 : 5.403248e-09
PCG: 1 : 3.831807e-09 / 7.091674e-01
PCG: 2 : 3.307546e-09 / 6.121405e-01
PCG: 3 : 3.415337e-09 / 6.320896e-01
PCG: 4 : 3.691236e-09 / 6.831514e-01
PCG: 5 : 4.850569e-09 / 8.977136e-01
PCG: 0 : 4.850569e-09
PCG: 1 : 3.272477e-09 / 6.746583e-01
PCG: 2 : 2.673648e-09 / 5.512030e-01
PCG: 3 : 2.254831e-09 / 4.648591e-01
PCG: 4 : 2.386789e-09 / 4.920637e-01
PCG: 5 : 3.016640e-09 / 6.219146e-01
PCG: 0 : 3.016640e-09
PCG: 1 : 2.172745e-09 / 7.202532e-01
PCG: 2 : 1.867476e-09 / 6.190583e-01
PCG: 3 : 1.925309e-09 / 6.382295e-01
PCG: 4 : 2.089293e-09 / 6.925895e-01
PCG: 5 : 2.717225e-09 / 9.007456e-01

PCG ( VCycle ( S: Scale / C: Scale )  )

Complete solver TOE: 0.169863
0.902457 GFlop/s [0.902457 GFlops/s]

Total time: 0.169863s
Accumulated op time: 0.152559

Reductions: 2.06873%
Blas-1: 5.24128%
Blas-2: 82.503%
Precon Kernels: 0%
MPI Execution: 0%
MPI Wait: 0%
Not covered: 10.187%

Domain size: 0.403931 MByte
LA size: 1.19083 MByte
MPI size: 0.0405579 MByte

H0-Error: 1.098320e-04
H1-Error: 3.227246e-02

Writing DATA to output.data...
Run-Time: 0:00.220 [0:00.220]
0xb332a9f8 Error: MemoryPool<CPU> still contains memory chunks on deconstructor call
