NUM-PROCS: 1
Preparing domain...
LVL-MIN: 6 [6]
LVL-MAX: 10 [10]
Creating gates...
Assembling system matrices...
Assembling system filters...
Assembling transfer matrices...
Converting assembled linear system from SparseMatrixCSR, Mem:main to SparseMatrixCSR, Mem:mainand to SparseMatrixCSR, Mem:main...
PCG:  0 : 9.473041e-03
PCG:  1 : 8.274180e-02 / 8.734449e+00
PCG:  2 : 8.462326e-02 / 8.933063e+00
PCG:  3 : 1.925868e-01 / 2.032999e+01
PCG:  4 : 2.334201e-01 / 2.464046e+01
PCG:  5 : 1.559720e-01 / 1.646483e+01
PCG:  6 : 1.645904e-01 / 1.737461e+01
PCG:  7 : 1.530333e-01 / 1.615461e+01
PCG:  8 : 1.761573e-01 / 1.859564e+01
PCG:  9 : 2.028864e-01 / 2.141724e+01
PCG: 10 : 1.282082e-01 / 1.353401e+01
PCG: 11 : 9.867722e-02 / 1.041664e+01
PCG: 12 : 9.587803e-02 / 1.012115e+01
PCG:  0 : 9.591697e-02
PCG:  1 : 8.118354e-02 / 8.463939e-01
PCG:  2 : 7.980869e-02 / 8.320602e-01
PCG:  3 : 8.447913e-02 / 8.807527e-01
PCG:  4 : 5.937031e-02 / 6.189760e-01
PCG:  5 : 5.552779e-02 / 5.789151e-01
PCG:  6 : 6.073543e-02 / 6.332083e-01
PCG:  7 : 4.572231e-02 / 4.766864e-01
PCG:  8 : 3.304659e-02 / 3.445333e-01
PCG:  9 : 2.432561e-02 / 2.536111e-01
PCG: 10 : 3.416083e-02 / 3.561500e-01
PCG: 11 : 4.356299e-02 / 4.541740e-01
PCG: 12 : 2.777107e-02 / 2.895324e-01
PCG:  0 : 2.777108e-02
PCG:  1 : 1.878289e-02 / 6.763471e-01
PCG:  2 : 1.520442e-02 / 5.474910e-01
PCG:  3 : 8.667861e-03 / 3.121182e-01
PCG:  4 : 9.567460e-03 / 3.445116e-01
PCG:  5 : 1.374698e-02 / 4.950106e-01
PCG:  6 : 1.695282e-02 / 6.104487e-01
PCG:  7 : 1.212780e-02 / 4.367060e-01
PCG:  8 : 8.998063e-03 / 3.240084e-01
PCG:  9 : 1.186061e-02 / 4.270849e-01
PCG: 10 : 1.054012e-02 / 3.795360e-01
PCG: 11 : 1.150260e-02 / 4.141933e-01
PCG: 12 : 1.701831e-02 / 6.128067e-01
PCG:  0 : 1.701830e-02
PCG:  1 : 9.407618e-03 / 5.527942e-01
PCG:  2 : 8.521757e-03 / 5.007408e-01
PCG:  3 : 8.876350e-03 / 5.215767e-01
PCG:  4 : 6.555603e-03 / 3.852090e-01
PCG:  5 : 7.485693e-03 / 4.398614e-01
PCG:  6 : 9.980366e-03 / 5.864490e-01
PCG:  7 : 8.064304e-03 / 4.738607e-01
PCG:  8 : 5.615276e-03 / 3.299552e-01
PCG:  9 : 4.887360e-03 / 2.871826e-01
PCG: 10 : 7.178645e-03 / 4.218191e-01
PCG: 11 : 8.697454e-03 / 5.110648e-01
PCG: 12 : 1.045578e-02 / 6.143844e-01
PCG:  0 : 1.045577e-02
PCG:  1 : 7.305122e-03 / 6.986687e-01
PCG:  2 : 5.863162e-03 / 5.607583e-01
PCG:  3 : 3.574040e-03 / 3.418245e-01
PCG:  4 : 4.001427e-03 / 3.827002e-01
PCG:  5 : 5.250010e-03 / 5.021158e-01
PCG:  6 : 5.879872e-03 / 5.623565e-01
PCG:  7 : 4.019472e-03 / 3.844260e-01
PCG:  8 : 3.487470e-03 / 3.335449e-01
PCG:  9 : 4.484127e-03 / 4.288661e-01
PCG: 10 : 4.032112e-03 / 3.856349e-01
PCG: 11 : 4.526196e-03 / 4.328896e-01
PCG: 12 : 6.279312e-03 / 6.005593e-01
PCG:  0 : 6.279308e-03
PCG:  1 : 3.900442e-03 / 6.211579e-01
PCG:  2 : 3.407841e-03 / 5.427096e-01
PCG:  3 : 3.587626e-03 / 5.713410e-01
PCG:  4 : 2.728028e-03 / 4.344472e-01
PCG:  5 : 2.933408e-03 / 4.671547e-01
PCG:  6 : 3.751102e-03 / 5.973751e-01
PCG:  7 : 3.031492e-03 / 4.827748e-01
PCG:  8 : 2.515034e-03 / 4.005272e-01
PCG:  9 : 2.118329e-03 / 3.373507e-01
PCG: 10 : 3.086273e-03 / 4.914989e-01
PCG: 11 : 3.501697e-03 / 5.576566e-01
PCG: 12 : 3.639587e-03 / 5.796160e-01
PCG:  0 : 3.639588e-03
PCG:  1 : 2.840444e-03 / 7.804300e-01
PCG:  2 : 2.491253e-03 / 6.844876e-01
PCG:  3 : 1.653770e-03 / 4.543838e-01
PCG:  4 : 1.904878e-03 / 5.233774e-01
PCG:  5 : 2.135001e-03 / 5.866051e-01
PCG:  6 : 2.172932e-03 / 5.970268e-01
PCG:  7 : 1.548505e-03 / 4.254615e-01
PCG:  8 : 1.496057e-03 / 4.110512e-01
PCG:  9 : 1.813844e-03 / 4.983651e-01
PCG: 10 : 1.677834e-03 / 4.609956e-01
PCG: 11 : 1.831013e-03 / 5.030825e-01
PCG: 12 : 2.372814e-03 / 6.519458e-01
PCG:  0 : 2.372815e-03
PCG:  1 : 1.617146e-03 / 6.815308e-01
PCG:  2 : 1.446988e-03 / 6.098192e-01
PCG:  3 : 1.493584e-03 / 6.294564e-01
PCG:  4 : 1.163833e-03 / 4.904864e-01
PCG:  5 : 1.171707e-03 / 4.938044e-01
PCG:  6 : 1.420454e-03 / 5.986365e-01
PCG:  7 : 1.301032e-03 / 5.483074e-01
PCG:  8 : 1.226755e-03 / 5.170043e-01
PCG:  9 : 9.341625e-04 / 3.936937e-01
PCG: 10 : 1.271120e-03 / 5.357013e-01
PCG: 11 : 1.343030e-03 / 5.660071e-01
PCG: 12 : 1.410720e-03 / 5.945343e-01
PCG:  0 : 1.410720e-03
PCG:  1 : 1.183392e-03 / 8.388568e-01
PCG:  2 : 1.076948e-03 / 7.634034e-01
PCG:  3 : 7.159737e-04 / 5.075237e-01
PCG:  4 : 8.587426e-04 / 6.087265e-01
PCG:  5 : 8.872736e-04 / 6.289510e-01
PCG:  6 : 8.515090e-04 / 6.035990e-01
PCG:  7 : 6.636588e-04 / 4.704399e-01
PCG:  8 : 6.475409e-04 / 4.590145e-01
PCG:  9 : 7.523212e-04 / 5.332889e-01
PCG: 10 : 7.073754e-04 / 5.014287e-01
PCG: 11 : 7.477899e-04 / 5.300769e-01
PCG: 12 : 9.708830e-04 / 6.882182e-01
PCG:  0 : 9.708828e-04
PCG:  1 : 6.919170e-04 / 7.126679e-01
PCG:  2 : 6.211096e-04 / 6.397369e-01
PCG:  3 : 6.138592e-04 / 6.322690e-01
PCG:  4 : 4.953114e-04 / 5.101660e-01
PCG:  5 : 4.965141e-04 / 5.114048e-01
PCG:  6 : 5.798815e-04 / 5.972724e-01
PCG:  7 : 5.691064e-04 / 5.861741e-01
PCG:  8 : 5.388388e-04 / 5.549988e-01
PCG:  9 : 3.962872e-04 / 4.081720e-01
PCG: 10 : 5.389799e-04 / 5.551441e-01
PCG: 11 : 5.512621e-04 / 5.677947e-01
PCG: 12 : 5.888362e-04 / 6.064956e-01
PCG:  0 : 5.888359e-04
PCG:  1 : 5.078208e-04 / 8.624149e-01
PCG:  2 : 4.577390e-04 / 7.773626e-01
PCG:  3 : 3.038909e-04 / 5.160876e-01
PCG:  4 : 3.735450e-04 / 6.343788e-01
PCG:  5 : 3.781097e-04 / 6.421309e-01
PCG:  6 : 3.545882e-04 / 6.021852e-01
PCG:  7 : 2.875657e-04 / 4.883630e-01
PCG:  8 : 2.710061e-04 / 4.602404e-01
PCG:  9 : 3.128205e-04 / 5.312524e-01
PCG: 10 : 3.030387e-04 / 5.146404e-01
PCG: 11 : 3.176227e-04 / 5.394078e-01
PCG: 12 : 4.076381e-04 / 6.922780e-01
PCG:  0 : 4.076381e-04
PCG:  1 : 2.968222e-04 / 7.281511e-01
PCG:  2 : 2.639728e-04 / 6.475664e-01
PCG:  3 : 2.569849e-04 / 6.304241e-01
PCG:  4 : 2.089812e-04 / 5.126636e-01
PCG:  5 : 2.123063e-04 / 5.208204e-01
PCG:  6 : 2.445675e-04 / 5.999624e-01
PCG:  7 : 2.448327e-04 / 6.006127e-01
PCG:  8 : 2.299635e-04 / 5.641364e-01
PCG:  9 : 1.687874e-04 / 4.140617e-01
PCG: 10 : 2.291005e-04 / 5.620192e-01
PCG: 11 : 2.341698e-04 / 5.744551e-01
PCG: 12 : 2.494514e-04 / 6.119432e-01
PCG:  0 : 2.494514e-04
PCG:  1 : 2.175700e-04 / 8.721938e-01
PCG:  2 : 1.934401e-04 / 7.754619e-01
PCG:  3 : 1.303130e-04 / 5.223982e-01
PCG:  4 : 1.602077e-04 / 6.422401e-01
PCG:  5 : 1.610673e-04 / 6.456860e-01
PCG:  6 : 1.499714e-04 / 6.012050e-01
PCG:  7 : 1.236267e-04 / 4.955943e-01
PCG:  8 : 1.137005e-04 / 4.558021e-01
PCG:  9 : 1.321434e-04 / 5.297359e-01
PCG: 10 : 1.285828e-04 / 5.154625e-01
PCG: 11 : 1.355329e-04 / 5.433237e-01
PCG: 12 : 1.722191e-04 / 6.903914e-01
PCG:  0 : 1.722191e-04
PCG:  1 : 1.270939e-04 / 7.379781e-01
PCG:  2 : 1.117372e-04 / 6.488085e-01
PCG:  3 : 1.088761e-04 / 6.321956e-01
PCG:  4 : 8.798028e-05 / 5.108626e-01
PCG:  5 : 9.093946e-05 / 5.280452e-01
PCG:  6 : 1.037774e-04 / 6.025898e-01
PCG:  7 : 1.045523e-04 / 6.070891e-01
PCG:  8 : 9.809472e-05 / 5.695927e-01
PCG:  9 : 7.246235e-05 / 4.207569e-01
PCG: 10 : 9.678891e-05 / 5.620104e-01
PCG: 11 : 1.000930e-04 / 5.811957e-01
PCG: 12 : 1.059853e-04 / 6.154097e-01
PCG:  0 : 1.059853e-04
PCG:  1 : 9.322262e-05 / 8.795803e-01
PCG:  2 : 8.167723e-05 / 7.706465e-01
PCG:  3 : 5.614412e-05 / 5.297347e-01
PCG:  4 : 6.849402e-05 / 6.462593e-01
PCG:  5 : 6.872995e-05 / 6.484854e-01
PCG:  6 : 6.362298e-05 / 6.002998e-01
PCG:  7 : 5.303907e-05 / 5.004378e-01
PCG:  8 : 4.780230e-05 / 4.510274e-01
PCG:  9 : 5.611640e-05 / 5.294732e-01
PCG: 10 : 5.437311e-05 / 5.130247e-01
PCG: 11 : 5.797433e-05 / 5.470033e-01
PCG: 12 : 7.286917e-05 / 6.875401e-01
PCG:  0 : 7.286919e-05
PCG:  1 : 5.447038e-05 / 7.475090e-01
PCG:  2 : 4.721407e-05 / 6.479292e-01
PCG:  3 : 4.628853e-05 / 6.352277e-01
PCG:  4 : 3.708592e-05 / 5.089383e-01
PCG:  5 : 3.904879e-05 / 5.358753e-01
PCG:  6 : 4.405991e-05 / 6.046439e-01
PCG:  7 : 4.462000e-05 / 6.123301e-01
PCG:  8 : 4.195324e-05 / 5.757337e-01
PCG:  9 : 3.130439e-05 / 4.295970e-01
PCG: 10 : 4.084261e-05 / 5.604922e-01
PCG: 11 : 4.285718e-05 / 5.881386e-01
PCG: 12 : 4.507820e-05 / 6.186181e-01
PCG:  0 : 4.507820e-05
PCG:  1 : 4.000761e-05 / 8.875157e-01
PCG:  2 : 3.445871e-05 / 7.644207e-01
PCG:  3 : 2.424089e-05 / 5.377519e-01
PCG:  4 : 2.937945e-05 / 6.517440e-01
PCG:  5 : 2.941283e-05 / 6.524845e-01
PCG:  6 : 2.696566e-05 / 5.981972e-01
PCG:  7 : 2.276338e-05 / 5.049754e-01
PCG:  8 : 2.017360e-05 / 4.475245e-01
PCG:  9 : 2.393301e-05 / 5.309219e-01
PCG: 10 : 2.295173e-05 / 5.091537e-01
PCG: 11 : 2.483646e-05 / 5.509638e-01
PCG: 12 : 3.090376e-05 / 6.855587e-01
PCG:  0 : 3.090375e-05
PCG:  1 : 2.340717e-05 / 7.574217e-01
PCG:  2 : 1.992759e-05 / 6.448275e-01
PCG:  3 : 1.972231e-05 / 6.381849e-01
PCG:  4 : 1.571787e-05 / 5.086073e-01
PCG:  5 : 1.686158e-05 / 5.456159e-01
PCG:  6 : 1.869208e-05 / 6.048483e-01
PCG:  7 : 1.905802e-05 / 6.166896e-01
PCG:  8 : 1.811389e-05 / 5.861388e-01
PCG:  9 : 1.369390e-05 / 4.431147e-01
PCG: 10 : 1.725036e-05 / 5.581964e-01
PCG: 11 : 1.835069e-05 / 5.938014e-01
PCG: 12 : 1.926209e-05 / 6.232930e-01
PCG:  0 : 1.926209e-05
PCG:  1 : 1.723540e-05 / 8.947836e-01
PCG:  2 : 1.451231e-05 / 7.534131e-01
PCG:  3 : 1.051531e-05 / 5.459072e-01
PCG:  4 : 1.277111e-05 / 6.630179e-01
PCG:  5 : 1.266060e-05 / 6.572807e-01
PCG:  6 : 1.139507e-05 / 5.915801e-01
PCG:  7 : 9.782943e-06 / 5.078859e-01
PCG:  8 : 8.604537e-06 / 4.467084e-01
PCG:  9 : 1.028060e-05 / 5.337222e-01
PCG: 10 : 9.662088e-06 / 5.016116e-01
PCG: 11 : 1.066465e-05 / 5.536603e-01
PCG: 12 : 1.319578e-05 / 6.850649e-01
PCG:  0 : 1.319578e-05
PCG:  1 : 1.012438e-05 / 7.672438e-01
PCG:  2 : 8.390440e-06 / 6.358427e-01
PCG:  3 : 8.425418e-06 / 6.384934e-01
PCG:  4 : 6.771161e-06 / 5.131308e-01
PCG:  5 : 7.380326e-06 / 5.592945e-01
PCG:  6 : 7.916791e-06 / 5.999488e-01
PCG:  7 : 8.147493e-06 / 6.174318e-01
PCG:  8 : 8.030140e-06 / 6.085385e-01
PCG:  9 : 6.155770e-06 / 4.664954e-01
PCG: 10 : 7.292271e-06 / 5.526215e-01
PCG: 11 : 7.853177e-06 / 5.951279e-01
PCG: 12 : 8.343271e-06 / 6.322682e-01
PCG:  0 : 8.343275e-06
PCG:  1 : 7.491070e-06 / 8.978572e-01
PCG:  2 : 6.079342e-06 / 7.286518e-01
PCG:  3 : 4.614389e-06 / 5.530668e-01
PCG:  4 : 5.742427e-06 / 6.882701e-01
PCG:  5 : 5.512396e-06 / 6.606992e-01
PCG:  6 : 4.780795e-06 / 5.730118e-01
PCG:  7 : 4.222942e-06 / 5.061492e-01
PCG:  8 : 3.768205e-06 / 4.516457e-01
PCG:  9 : 4.474475e-06 / 5.362972e-01
PCG: 10 : 4.037971e-06 / 4.839792e-01
PCG: 11 : 4.602334e-06 / 5.516220e-01
PCG: 12 : 5.724657e-06 / 6.861402e-01
PCG:  0 : 5.724655e-06
PCG:  1 : 4.436463e-06 / 7.749747e-01
PCG:  2 : 3.512574e-06 / 6.135870e-01
PCG:  3 : 3.619249e-06 / 6.322212e-01
PCG:  4 : 3.019523e-06 / 5.274594e-01
PCG:  5 : 3.303729e-06 / 5.771053e-01
PCG:  6 : 3.334091e-06 / 5.824091e-01
PCG:  7 : 3.498312e-06 / 6.110957e-01
PCG:  8 : 3.731182e-06 / 6.517740e-01
PCG:  9 : 2.855180e-06 / 4.987515e-01
PCG: 10 : 3.062941e-06 / 5.350438e-01
PCG: 11 : 3.372601e-06 / 5.891361e-01
PCG: 12 : 3.699870e-06 / 6.463045e-01
PCG:  0 : 3.699873e-06
PCG:  1 : 3.299263e-06 / 8.917233e-01
PCG:  2 : 2.521213e-06 / 6.814323e-01
PCG:  3 : 2.073341e-06 / 5.603816e-01
PCG:  4 : 2.714334e-06 / 7.336290e-01
PCG:  5 : 2.429800e-06 / 6.567253e-01
PCG:  6 : 1.982124e-06 / 5.357276e-01
PCG:  7 : 1.852547e-06 / 5.007057e-01
PCG:  8 : 1.716133e-06 / 4.638357e-01
PCG:  9 : 1.961453e-06 / 5.301406e-01
PCG: 10 : 1.663149e-06 / 4.495153e-01
PCG: 11 : 2.012373e-06 / 5.439034e-01
PCG: 12 : 2.528752e-06 / 6.834699e-01
PCG:  0 : 2.528753e-06
PCG:  1 : 1.968897e-06 / 7.786041e-01
PCG:  2 : 1.457037e-06 / 5.761880e-01
PCG:  3 : 1.569337e-06 / 6.205972e-01
PCG:  4 : 1.391818e-06 / 5.503972e-01
PCG:  5 : 1.491033e-06 / 5.896317e-01
PCG:  6 : 1.387815e-06 / 5.488139e-01
PCG:  7 : 1.526483e-06 / 6.036507e-01
PCG:  8 : 1.781985e-06 / 7.046891e-01
PCG:  9 : 1.306459e-06 / 5.166417e-01
PCG: 10 : 1.263778e-06 / 4.997633e-01
PCG: 11 : 1.478937e-06 / 5.848483e-01
PCG: 12 : 1.658875e-06 / 6.560054e-01
PCG:  0 : 1.658874e-06
PCG:  1 : 1.458994e-06 / 8.795087e-01
PCG:  2 : 1.040064e-06 / 6.269698e-01
PCG:  3 : 9.507332e-07 / 5.731195e-01
PCG:  4 : 1.301994e-06 / 7.848659e-01
PCG:  5 : 1.065458e-06 / 6.422778e-01
PCG:  6 : 8.206808e-07 / 4.947215e-01
PCG:  7 : 8.364024e-07 / 5.041988e-01
PCG:  8 : 7.906519e-07 / 4.766195e-01
PCG:  9 : 8.426725e-07 / 5.079785e-01
PCG: 10 : 6.828604e-07 / 4.116408e-01
PCG: 11 : 8.952402e-07 / 5.396672e-01
PCG: 12 : 1.112367e-06 / 6.705553e-01
PCG:  0 : 1.112368e-06
PCG:  1 : 8.683114e-07 / 7.805975e-01
PCG:  2 : 6.037533e-07 / 5.427642e-01
PCG:  3 : 6.814417e-07 / 6.126047e-01
PCG:  4 : 6.324246e-07 / 5.685392e-01
PCG:  5 : 6.580459e-07 / 5.915723e-01
PCG:  6 : 5.764583e-07 / 5.182264e-01
PCG:  7 : 6.745257e-07 / 6.063874e-01
PCG:  8 : 8.241155e-07 / 7.408661e-01
PCG:  9 : 5.701502e-07 / 5.125556e-01
PCG: 10 : 5.216276e-07 / 4.689345e-01
PCG: 11 : 6.607191e-07 / 5.939755e-01
PCG: 12 : 7.302227e-07 / 6.564580e-01
PCG:  0 : 7.302228e-07
PCG:  1 : 6.371964e-07 / 8.726054e-01
PCG:  2 : 4.340223e-07 / 5.943697e-01
PCG:  3 : 4.296186e-07 / 5.883390e-01
PCG:  4 : 5.973151e-07 / 8.179902e-01
PCG:  5 : 4.602106e-07 / 6.302331e-01
PCG:  6 : 3.460108e-07 / 4.738428e-01
PCG:  7 : 3.775212e-07 / 5.169945e-01
PCG:  8 : 3.525220e-07 / 4.827595e-01
PCG:  9 : 3.563741e-07 / 4.880347e-01
PCG: 10 : 2.872928e-07 / 3.934317e-01
PCG: 11 : 3.965047e-07 / 5.429914e-01
PCG: 12 : 4.800856e-07 / 6.574508e-01
PCG:  0 : 4.800861e-07
PCG:  1 : 3.766068e-07 / 7.844567e-01
PCG:  2 : 2.530309e-07 / 5.270532e-01
PCG:  3 : 2.926557e-07 / 6.095901e-01
PCG:  4 : 2.762099e-07 / 5.753341e-01
PCG:  5 : 2.848694e-07 / 5.933716e-01
PCG:  6 : 2.424447e-07 / 5.050026e-01
PCG:  7 : 2.941981e-07 / 6.128028e-01
PCG:  8 : 3.634096e-07 / 7.569677e-01
PCG:  9 : 2.442912e-07 / 5.088488e-01
PCG: 10 : 2.185603e-07 / 4.552523e-01
PCG: 11 : 2.907606e-07 / 6.056427e-01
PCG: 12 : 3.150422e-07 / 6.562203e-01
PCG:  0 : 3.150421e-07
PCG:  1 : 2.749009e-07 / 8.725849e-01
PCG:  2 : 1.834911e-07 / 5.824336e-01
PCG:  3 : 1.887605e-07 / 5.991596e-01
PCG:  4 : 2.618143e-07 / 8.310455e-01
PCG:  5 : 1.975001e-07 / 6.269007e-01
PCG:  6 : 1.475972e-07 / 4.684999e-01
PCG:  7 : 1.658586e-07 / 5.264648e-01
PCG:  8 : 1.522460e-07 / 4.832561e-01
PCG:  9 : 1.514395e-07 / 4.806962e-01
PCG: 10 : 1.224839e-07 / 3.887858e-01
PCG: 11 : 1.723313e-07 / 5.470105e-01
PCG: 12 : 2.052484e-07 / 6.514952e-01
PCG:  0 : 2.052484e-07
PCG:  1 : 1.619146e-07 / 7.888714e-01
PCG:  2 : 1.069772e-07 / 5.212085e-01
PCG:  3 : 1.249705e-07 / 6.088745e-01
PCG:  4 : 1.182055e-07 / 5.759144e-01
PCG:  5 : 1.225036e-07 / 5.968553e-01
PCG:  6 : 1.029198e-07 / 5.014403e-01
PCG:  7 : 1.267349e-07 / 6.174709e-01
PCG:  8 : 1.564468e-07 / 7.622315e-01
PCG:  9 : 1.046186e-07 / 5.097170e-01
PCG: 10 : 9.236081e-08 / 4.499953e-01
PCG: 11 : 1.257826e-07 / 6.128312e-01
PCG: 12 : 1.348174e-07 / 6.568501e-01
PCG:  0 : 1.348175e-07
PCG:  1 : 1.180086e-07 / 8.753213e-01
PCG:  2 : 7.797773e-08 / 5.783949e-01
PCG:  3 : 8.168249e-08 / 6.058748e-01
PCG:  4 : 1.125508e-07 / 8.348384e-01
PCG:  5 : 8.464097e-08 / 6.278191e-01
PCG:  6 : 6.307985e-08 / 4.678908e-01
PCG:  7 : 7.169020e-08 / 5.317576e-01
PCG:  8 : 6.497621e-08 / 4.819570e-01
PCG:  9 : 6.463672e-08 / 4.794388e-01
PCG: 10 : 5.222337e-08 / 3.873636e-01
PCG: 11 : 7.419030e-08 / 5.503018e-01
PCG: 12 : 8.762100e-08 / 6.499233e-01

PCG ( VCycle ( S: Scale / C: Scale )  )

Complete solver TOE: 144.98
0.00359118 GFlop/s [0.00359118 GFlops/s]

Total time: 144.98s
Accumulated op time: 141.624

Reductions: 1.66288%
Blas-1: 5.20108%
Blas-2: 90.8209%
Precon Kernels: 0%
MPI Execution: 0%
MPI Wait: 0%
Not covered: 2.31511%

Domain size: 106.835 MByte
LA size: 355.578 MByte
MPI size: 10.6866 MByte

H0-Error: 5.146853e-07
H1-Error: 2.017209e-03

Writing DATA to output.data...
Run-Time: 2:34.828 [2:34.828]
0xb33469f8 Error: MemoryPool<CPU> still contains memory chunks on deconstructor call
