NUM-PROCS: 1
Preparing domain...
LVL-MIN: 4 [4]
LVL-MAX: 7 [7]
Creating gates...
Assembling system matrices...
Assembling system filters...
Assembling transfer matrices...
Converting assembled linear system from SparseMatrixCSR, Mem:main to SparseMatrixELL, Mem:cudaand to SparseMatrixELL, Mem:cuda...
PCG: 0 : 7.572471e-02
PCG: 1 : 1.425167e-01 / 1.882037e+00
PCG: 2 : 1.519178e-01 / 2.006185e+00
PCG: 0 : 1.514559e-01
PCG: 1 : 1.941955e-01 / 1.282191e+00
PCG: 2 : 2.516820e-01 / 1.661750e+00
PCG: 0 : 2.516820e-01
PCG: 1 : 7.682261e-02 / 3.052368e-01
PCG: 2 : 4.836907e-02 / 1.921833e-01
PCG: 0 : 4.836908e-02
PCG: 1 : 4.957525e-02 / 1.024937e+00
PCG: 2 : 1.070616e-01 / 2.213430e+00
PCG: 0 : 1.070616e-01
PCG: 1 : 3.604254e-02 / 3.366524e-01
PCG: 2 : 2.946878e-02 / 2.752507e-01
PCG: 0 : 2.946877e-02
PCG: 1 : 2.944316e-02 / 9.991308e-01
PCG: 2 : 6.249210e-02 / 2.120621e+00
PCG: 0 : 6.249210e-02
PCG: 1 : 2.329151e-02 / 3.727113e-01
PCG: 2 : 1.853998e-02 / 2.966771e-01
PCG: 0 : 1.853998e-02
PCG: 1 : 1.944566e-02 / 1.048850e+00
PCG: 2 : 3.846490e-02 / 2.074700e+00
PCG: 0 : 3.846490e-02
PCG: 1 : 1.526418e-02 / 3.968341e-01
PCG: 2 : 1.167509e-02 / 3.035258e-01
PCG: 0 : 1.167509e-02
PCG: 1 : 1.278094e-02 / 1.094719e+00
PCG: 2 : 2.423991e-02 / 2.076208e+00
PCG: 0 : 2.423991e-02
PCG: 1 : 1.001183e-02 / 4.130307e-01
PCG: 2 : 7.424476e-03 / 3.062914e-01
PCG: 0 : 7.424477e-03
PCG: 1 : 8.379194e-03 / 1.128591e+00
PCG: 2 : 1.546685e-02 / 2.083224e+00
PCG: 0 : 1.546685e-02
PCG: 1 : 6.557707e-03 / 4.239846e-01
PCG: 2 : 4.761390e-03 / 3.078448e-01
PCG: 0 : 4.761390e-03
PCG: 1 : 5.481102e-03 / 1.151156e+00
PCG: 2 : 9.936043e-03 / 2.086794e+00
PCG: 0 : 9.936043e-03
PCG: 1 : 4.289415e-03 / 4.317026e-01
PCG: 2 : 3.072534e-03 / 3.092312e-01
PCG: 0 : 3.072534e-03
PCG: 1 : 3.581080e-03 / 1.165513e+00
PCG: 2 : 6.408002e-03 / 2.085575e+00
PCG: 0 : 6.408002e-03
PCG: 1 : 2.803204e-03 / 4.374537e-01
PCG: 2 : 1.990526e-03 / 3.106312e-01
PCG: 0 : 1.990526e-03
PCG: 1 : 2.338189e-03 / 1.174659e+00
PCG: 2 : 4.142488e-03 / 2.081103e+00
PCG: 0 : 4.142489e-03
PCG: 1 : 1.830953e-03 / 4.419934e-01
PCG: 2 : 1.292586e-03 / 3.120311e-01
PCG: 0 : 1.292586e-03
PCG: 1 : 1.526134e-03 / 1.180683e+00
PCG: 2 : 2.682058e-03 / 2.074956e+00
PCG: 0 : 2.682058e-03
PCG: 1 : 1.195516e-03 / 4.457456e-01
PCG: 2 : 8.405111e-04 / 3.133829e-01
PCG: 0 : 8.405112e-04
PCG: 1 : 9.958886e-04 / 1.184861e+00
PCG: 2 : 1.738399e-03 / 2.068264e+00
PCG: 0 : 1.738399e-03
PCG: 1 : 7.804240e-04 / 4.489326e-01
PCG: 2 : 5.469705e-04 / 3.146403e-01
PCG: 0 : 5.469705e-04
PCG: 1 : 6.497634e-04 / 1.187931e+00
PCG: 2 : 1.127710e-03 / 2.061737e+00
PCG: 0 : 1.127710e-03
PCG: 1 : 5.093504e-04 / 4.516681e-01
PCG: 2 : 3.560991e-04 / 3.157720e-01
PCG: 0 : 3.560991e-04
PCG: 1 : 4.238679e-04 / 1.190309e+00
PCG: 2 : 7.320523e-04 / 2.055754e+00
PCG: 0 : 7.320523e-04
PCG: 1 : 3.323658e-04 / 4.540193e-01
PCG: 2 : 2.318865e-04 / 3.167622e-01
PCG: 0 : 2.318865e-04
PCG: 1 : 2.764635e-04 / 1.192236e+00
PCG: 2 : 4.754851e-04 / 2.050508e+00
PCG: 0 : 4.754851e-04
PCG: 1 : 2.168352e-04 / 4.560294e-01
PCG: 2 : 1.510162e-04 / 3.176045e-01
PCG: 0 : 1.510162e-04
PCG: 1 : 1.802926e-04 / 1.193863e+00
PCG: 2 : 3.089879e-04 / 2.046058e+00
PCG: 0 : 3.089879e-04
PCG: 1 : 1.414364e-04 / 4.577411e-01
PCG: 2 : 9.835236e-05 / 3.183049e-01
PCG: 0 : 9.835236e-05
PCG: 1 : 1.175594e-04 / 1.195288e+00
PCG: 2 : 2.008719e-04 / 2.042370e+00
PCG: 0 : 2.008719e-04
PCG: 1 : 9.224021e-05 / 4.591992e-01
PCG: 2 : 6.405326e-05 / 3.188762e-01
PCG: 0 : 6.405326e-05
PCG: 1 : 7.664540e-05 / 1.196589e+00
PCG: 2 : 1.306285e-04 / 2.039372e+00
PCG: 0 : 1.306285e-04
PCG: 1 : 6.014767e-05 / 4.604484e-01
PCG: 2 : 4.171399e-05 / 3.193331e-01
PCG: 0 : 4.171399e-05
PCG: 1 : 4.996618e-05 / 1.197828e+00
PCG: 2 : 8.497064e-05 / 2.036982e+00
PCG: 0 : 8.497064e-05
PCG: 1 : 3.921686e-05 / 4.615343e-01
PCG: 2 : 2.716443e-05 / 3.196919e-01
PCG: 0 : 2.716443e-05
PCG: 1 : 3.257179e-05 / 1.199060e+00
PCG: 2 : 5.528226e-05 / 2.035097e+00
PCG: 0 : 5.528226e-05
PCG: 1 : 2.556814e-05 / 4.625016e-01
PCG: 2 : 1.768862e-05 / 3.199692e-01
PCG: 0 : 1.768862e-05
PCG: 1 : 2.123225e-05 / 1.200334e+00
PCG: 2 : 3.597207e-05 / 2.033628e+00
PCG: 0 : 3.597207e-05
PCG: 1 : 1.666914e-05 / 4.633913e-01
PCG: 2 : 1.151758e-05 / 3.201811e-01
PCG: 0 : 1.151758e-05
PCG: 1 : 1.384056e-05 / 1.201690e+00
PCG: 2 : 2.340933e-05 / 2.032487e+00
PCG: 0 : 2.340933e-05
PCG: 1 : 1.086756e-05 / 4.642404e-01
PCG: 2 : 7.498930e-06 / 3.203393e-01
PCG: 0 : 7.498930e-06
PCG: 1 : 9.022512e-06 / 1.203173e+00
PCG: 2 : 1.523497e-05 / 2.031619e+00
PCG: 0 : 1.523497e-05
PCG: 1 : 7.085499e-06 / 4.650813e-01
PCG: 2 : 4.882103e-06 / 3.204538e-01
PCG: 0 : 4.882103e-06
PCG: 1 : 5.882078e-06 / 1.204825e+00
PCG: 2 : 9.915356e-06 / 2.030960e+00
PCG: 0 : 9.915356e-06
PCG: 1 : 4.620013e-06 / 4.659452e-01
PCG: 2 : 3.178211e-06 / 3.205342e-01
PCG: 0 : 3.178211e-06
PCG: 1 : 3.835090e-06 / 1.206682e+00
PCG: 2 : 6.453254e-06 / 2.030468e+00
PCG: 0 : 6.453254e-06
PCG: 1 : 3.012758e-06 / 4.668588e-01
PCG: 2 : 2.068820e-06 / 3.205856e-01
PCG: 0 : 2.068820e-06
PCG: 1 : 2.500772e-06 / 1.208791e+00
PCG: 2 : 4.199941e-06 / 2.030114e+00
PCG: 0 : 4.199941e-06
PCG: 1 : 1.964929e-06 / 4.678469e-01
PCG: 2 : 1.346558e-06 / 3.206137e-01
PCG: 0 : 1.346559e-06
PCG: 1 : 1.630943e-06 / 1.211194e+00
PCG: 2 : 2.733336e-06 / 2.029868e+00
PCG: 0 : 2.733336e-06
PCG: 1 : 1.281756e-06 / 4.689346e-01
PCG: 2 : 8.763693e-07 / 3.206226e-01
PCG: 0 : 8.763694e-07
PCG: 1 : 1.063855e-06 / 1.213934e+00
PCG: 2 : 1.778778e-06 / 2.029712e+00
PCG: 0 : 1.778778e-06
PCG: 1 : 8.362820e-07 / 4.701442e-01
PCG: 2 : 5.703003e-07 / 3.206136e-01
PCG: 0 : 5.703003e-07
PCG: 1 : 6.940914e-07 / 1.217063e+00
PCG: 2 : 1.157504e-06 / 2.029639e+00
PCG: 0 : 1.157504e-06
PCG: 1 : 5.457612e-07 / 4.714985e-01
PCG: 2 : 3.710841e-07 / 3.205900e-01
PCG: 0 : 3.710841e-07
PCG: 1 : 4.529554e-07 / 1.220627e+00
PCG: 2 : 7.531622e-07 / 2.029627e+00
PCG: 0 : 7.531622e-07
PCG: 1 : 3.562620e-07 / 4.730216e-01
PCG: 2 : 2.414284e-07 / 3.205529e-01
PCG: 0 : 2.414284e-07
PCG: 1 : 2.956727e-07 / 1.224681e+00
PCG: 2 : 4.900229e-07 / 2.029682e+00

PCG ( VCycle ( S: Scale / C: Scale )  )

Complete solver TOE: 0.917652
0.35299 GFlop/s [0.35299 GFlops/s]

Total time: 0.917652s
Accumulated op time: 0.246613

Reductions: 12.8794%
Blas-1: 7.24098%
Blas-2: 6.75398%
Precon Kernels: 0%
MPI Execution: 0%
MPI Wait: 0%
Not covered: 73.1257%

Domain size: 1.69336 MByte
LA size: 5.5876 MByte
MPI size: 0.169739 MByte

H0-Error: 2.766799e-05
H1-Error: 1.613732e-02

Writing DATA to output.data...
Run-Time: 0:01.124 [0:01.124]
0xb33099f8 Error: MemoryPool<CUDA> still contains memory chunks on deconstructor call
