NUM-PROCS: 1
Preparing domain...
LVL-MIN: 5 [5]
LVL-MAX: 9 [9]
Creating gates...
Assembling system matrices...
Assembling system filters...
Assembling transfer matrices...
Converting assembled linear system from SparseMatrixCSR, Mem:main to SparseMatrixELL, Mem:cudaand to SparseMatrixELL, Mem:cuda...
PCG: 0 : 1.894534e-02
PCG: 1 : 7.936785e-02 / 4.189307e+00
PCG: 2 : 8.004833e-02 / 4.225225e+00
PCG: 3 : 1.997659e-01 / 1.054433e+01
PCG: 0 : 1.997152e-01
PCG: 1 : 1.861496e-01 / 9.320753e-01
PCG: 2 : 1.637890e-01 / 8.201128e-01
PCG: 3 : 1.857474e-01 / 9.300612e-01
PCG: 0 : 1.857474e-01
PCG: 1 : 9.827673e-02 / 5.290881e-01
PCG: 2 : 7.400524e-02 / 3.984187e-01
PCG: 3 : 6.395543e-02 / 3.443140e-01
PCG: 0 : 6.395543e-02
PCG: 1 : 5.299720e-02 / 8.286583e-01
PCG: 2 : 5.648744e-02 / 8.832315e-01
PCG: 3 : 9.361450e-02 / 1.463746e+00
PCG: 0 : 9.361449e-02
PCG: 1 : 5.129696e-02 / 5.479596e-01
PCG: 2 : 4.151116e-02 / 4.434266e-01
PCG: 3 : 4.139367e-02 / 4.421717e-01
PCG: 0 : 4.139367e-02
PCG: 1 : 3.376750e-02 / 8.157648e-01
PCG: 2 : 3.762916e-02 / 9.090559e-01
PCG: 3 : 6.705154e-02 / 1.619850e+00
PCG: 0 : 6.705154e-02
PCG: 1 : 3.815995e-02 / 5.691137e-01
PCG: 2 : 3.280301e-02 / 4.892209e-01
PCG: 3 : 3.355912e-02 / 5.004974e-01
PCG: 0 : 3.355912e-02
PCG: 1 : 2.681553e-02 / 7.990535e-01
PCG: 2 : 2.916178e-02 / 8.689675e-01
PCG: 3 : 5.099164e-02 / 1.519457e+00
PCG: 0 : 5.099164e-02
PCG: 1 : 2.965344e-02 / 5.815353e-01
PCG: 2 : 2.698197e-02 / 5.291450e-01
PCG: 3 : 2.810482e-02 / 5.511651e-01
PCG: 0 : 2.810481e-02
PCG: 1 : 2.205326e-02 / 7.846790e-01
PCG: 2 : 2.284693e-02 / 8.129186e-01
PCG: 3 : 3.895946e-02 / 1.386220e+00
PCG: 0 : 3.895946e-02
PCG: 1 : 2.294965e-02 / 5.890648e-01
PCG: 2 : 2.201643e-02 / 5.651114e-01
PCG: 3 : 2.339163e-02 / 6.004096e-01
PCG: 0 : 2.339163e-02
PCG: 1 : 1.818090e-02 / 7.772393e-01
PCG: 2 : 1.783965e-02 / 7.626508e-01
PCG: 3 : 2.975167e-02 / 1.271894e+00
PCG: 0 : 2.975167e-02
PCG: 1 : 1.768935e-02 / 5.945668e-01
PCG: 2 : 1.779997e-02 / 5.982847e-01
PCG: 3 : 1.921487e-02 / 6.458418e-01
PCG: 0 : 1.921487e-02
PCG: 1 : 1.492112e-02 / 7.765405e-01
PCG: 2 : 1.390471e-02 / 7.236435e-01
PCG: 3 : 2.270805e-02 / 1.181796e+00
PCG: 0 : 2.270805e-02
PCG: 1 : 1.361958e-02 / 5.997688e-01
PCG: 2 : 1.430130e-02 / 6.297899e-01
PCG: 3 : 1.559005e-02 / 6.865429e-01
PCG: 0 : 1.559005e-02
PCG: 1 : 1.217451e-02 / 7.809156e-01
PCG: 2 : 1.083698e-02 / 6.951218e-01
PCG: 3 : 1.733297e-02 / 1.111797e+00
PCG: 0 : 1.733297e-02
PCG: 1 : 1.049555e-02 / 6.055252e-01
PCG: 2 : 1.144402e-02 / 6.602458e-01
PCG: 3 : 1.252332e-02 / 7.225143e-01
PCG: 0 : 1.252332e-02
PCG: 1 : 9.879644e-03 / 7.888997e-01
PCG: 2 : 8.454197e-03 / 6.750762e-01
PCG: 3 : 1.323984e-02 / 1.057215e+00
PCG: 0 : 1.323984e-02
PCG: 1 : 8.105021e-03 / 6.121692e-01
PCG: 2 : 9.132610e-03 / 6.897826e-01
PCG: 3 : 9.983482e-03 / 7.540486e-01
PCG: 0 : 9.983482e-03
PCG: 1 : 7.980563e-03 / 7.993767e-01
PCG: 2 : 6.605223e-03 / 6.616152e-01
PCG: 3 : 1.012678e-02 / 1.014354e+00
PCG: 0 : 1.012678e-02
PCG: 1 : 6.275834e-03 / 6.197262e-01
PCG: 2 : 7.273447e-03 / 7.182387e-01
PCG: 3 : 7.913850e-03 / 7.814772e-01
PCG: 0 : 7.913850e-03
PCG: 1 : 6.422277e-03 / 8.115237e-01
PCG: 2 : 5.169607e-03 / 6.532354e-01
PCG: 3 : 7.760330e-03 / 9.806011e-01
PCG: 0 : 7.760330e-03
PCG: 1 : 4.873763e-03 / 6.280355e-01
PCG: 2 : 5.783561e-03 / 7.452726e-01
PCG: 3 : 6.247307e-03 / 8.050312e-01
PCG: 0 : 6.247307e-03
PCG: 1 : 5.152358e-03 / 8.247327e-01
PCG: 2 : 4.053334e-03 / 6.488131e-01
PCG: 3 : 5.960729e-03 / 9.541278e-01
PCG: 0 : 5.960729e-03
PCG: 1 : 3.796253e-03 / 6.368773e-01
PCG: 2 : 4.592577e-03 / 7.704725e-01
PCG: 3 : 4.916994e-03 / 8.248981e-01
PCG: 0 : 4.916993e-03
PCG: 1 : 4.122921e-03 / 8.385046e-01
PCG: 2 : 3.183788e-03 / 6.475070e-01
PCG: 3 : 4.590543e-03 / 9.336078e-01
PCG: 0 : 4.590543e-03
PCG: 1 : 2.965566e-03 / 6.460164e-01
PCG: 2 : 3.642333e-03 / 7.934427e-01
PCG: 3 : 3.861779e-03 / 8.412465e-01
PCG: 0 : 3.861779e-03
PCG: 1 : 3.291892e-03 / 8.524289e-01
PCG: 2 : 2.505093e-03 / 6.486889e-01
PCG: 3 : 3.545498e-03 / 9.180998e-01
PCG: 0 : 3.545498e-03
PCG: 1 : 2.322995e-03 / 6.551956e-01
PCG: 2 : 2.885415e-03 / 8.138249e-01
PCG: 3 : 3.028566e-03 / 8.542006e-01
PCG: 0 : 3.028566e-03
PCG: 1 : 2.623297e-03 / 8.661845e-01
PCG: 2 : 1.974304e-03 / 6.518938e-01
PCG: 3 : 2.746623e-03 / 9.069055e-01
PCG: 0 : 2.746623e-03
PCG: 1 : 1.824311e-03 / 6.642014e-01
PCG: 2 : 2.283343e-03 / 8.313275e-01
PCG: 3 : 2.372743e-03 / 8.638765e-01
PCG: 0 : 2.372743e-03
PCG: 1 : 2.086869e-03 / 8.795173e-01
PCG: 2 : 1.558392e-03 / 6.567891e-01
PCG: 3 : 2.134231e-03 / 8.994782e-01
PCG: 0 : 2.134231e-03
PCG: 1 : 1.436043e-03 / 6.728619e-01
PCG: 2 : 1.805081e-03 / 8.457761e-01
PCG: 3 : 1.857738e-03 / 8.704486e-01
PCG: 0 : 1.857738e-03
PCG: 1 : 1.657505e-03 / 8.922165e-01
PCG: 2 : 1.231879e-03 / 6.631067e-01
PCG: 3 : 1.663357e-03 / 8.953669e-01
PCG: 0 : 1.663357e-03
PCG: 1 : 1.132793e-03 / 6.810282e-01
PCG: 2 : 1.425665e-03 / 8.571010e-01
PCG: 3 : 1.453943e-03 / 8.741015e-01
PCG: 0 : 1.453943e-03
PCG: 1 : 1.314575e-03 / 9.041447e-01
PCG: 2 : 9.750790e-04 / 6.706445e-01
PCG: 3 : 1.300126e-03 / 8.942071e-01
PCG: 0 : 1.300126e-03
PCG: 1 : 8.952684e-04 / 6.886011e-01
PCG: 2 : 1.125043e-03 / 8.653336e-01
PCG: 3 : 1.137669e-03 / 8.750451e-01
PCG: 0 : 1.137669e-03
PCG: 1 : 1.041218e-03 / 9.152205e-01
PCG: 2 : 7.727507e-04 / 6.792404e-01
PCG: 3 : 1.018952e-03 / 8.956485e-01
PCG: 0 : 1.018951e-03
PCG: 1 : 7.087135e-04 / 6.955321e-01
PCG: 2 : 8.871363e-04 / 8.706365e-01
PCG: 3 : 8.901331e-04 / 8.735775e-01
PCG: 0 : 8.901330e-04
PCG: 1 : 8.237204e-04 / 9.253902e-01
PCG: 2 : 6.130608e-04 / 6.887295e-01
PCG: 3 : 8.005475e-04 / 8.993571e-01
PCG: 0 : 8.005474e-04
PCG: 1 : 5.618160e-04 / 7.017898e-01
PCG: 2 : 6.990791e-04 / 8.732514e-01
PCG: 3 : 6.964882e-04 / 8.700150e-01
PCG: 0 : 6.964882e-04
PCG: 1 : 6.509664e-04 / 9.346408e-01
PCG: 2 : 4.868113e-04 / 6.989512e-01
PCG: 3 : 6.303297e-04 / 9.050112e-01
PCG: 0 : 6.303297e-04
PCG: 1 : 4.458775e-04 / 7.073720e-01
PCG: 2 : 5.505871e-04 / 8.734907e-01
PCG: 3 : 5.450429e-04 / 8.646950e-01
PCG: 0 : 5.450429e-04
PCG: 1 : 5.139738e-04 / 9.429970e-01
PCG: 2 : 3.868436e-04 / 7.097488e-01
PCG: 3 : 4.972345e-04 / 9.122851e-01
PCG: 0 : 4.972346e-04
PCG: 1 : 3.541840e-04 / 7.123076e-01
PCG: 2 : 4.334498e-04 / 8.717210e-01
PCG: 3 : 4.266243e-04 / 8.579940e-01
PCG: 0 : 4.266243e-04
PCG: 1 : 4.055007e-04 / 9.504867e-01
PCG: 2 : 3.075717e-04 / 7.209429e-01
PCG: 3 : 3.928553e-04 / 9.208461e-01
PCG: 0 : 3.928553e-04
PCG: 1 : 2.815314e-04 / 7.166288e-01
PCG: 2 : 3.411250e-04 / 8.683224e-01
PCG: 3 : 3.340351e-04 / 8.502751e-01
PCG: 0 : 3.340351e-04
PCG: 1 : 3.197225e-04 / 9.571524e-01
PCG: 2 : 2.446339e-04 / 7.323599e-01
PCG: 3 : 3.107839e-04 / 9.303931e-01
PCG: 0 : 3.107839e-04
PCG: 1 : 2.238803e-04 / 7.203729e-01
PCG: 2 : 2.684104e-04 / 8.636560e-01
PCG: 3 : 2.616340e-04 / 8.418518e-01
PCG: 0 : 2.616340e-04
PCG: 1 : 2.519690e-04 / 9.630589e-01
PCG: 2 : 1.946130e-04 / 7.438367e-01
PCG: 3 : 2.461002e-04 / 9.406276e-01
PCG: 0 : 2.461002e-04
PCG: 1 : 1.780770e-04 / 7.235957e-01
PCG: 2 : 2.111735e-04 / 8.580795e-01
PCG: 3 : 2.050139e-04 / 8.330505e-01
PCG: 0 : 2.050139e-04
PCG: 1 : 1.985049e-04 / 9.682512e-01
PCG: 2 : 1.548258e-04 / 7.551965e-01
PCG: 3 : 1.950232e-04 / 9.512680e-01
PCG: 0 : 1.950231e-04
PCG: 1 : 1.416526e-04 / 7.263376e-01
PCG: 2 : 1.661394e-04 / 8.518961e-01
PCG: 3 : 1.607228e-04 / 8.241217e-01
PCG: 0 : 1.607228e-04
PCG: 1 : 1.563496e-04 / 9.727906e-01
PCG: 2 : 1.231620e-04 / 7.663010e-01
PCG: 3 : 1.546299e-04 / 9.620907e-01
PCG: 0 : 1.546299e-04
PCG: 1 : 1.126707e-04 / 7.286473e-01
PCG: 2 : 1.307167e-04 / 8.453519e-01
PCG: 3 : 1.260626e-04 / 8.152539e-01
PCG: 0 : 1.260626e-04
PCG: 1 : 1.231305e-04 / 9.767404e-01
PCG: 2 : 9.795559e-05 / 7.770391e-01
PCG: 3 : 1.226451e-04 / 9.728900e-01
PCG: 0 : 1.226451e-04
PCG: 1 : 8.960149e-05 / 7.305756e-01
PCG: 2 : 1.028586e-04 / 8.386685e-01
PCG: 3 : 9.892949e-05 / 8.066325e-01
PCG: 0 : 9.892949e-05
PCG: 1 : 9.696514e-05 / 9.801439e-01
PCG: 2 : 7.788670e-05 / 7.872951e-01
PCG: 3 : 9.729640e-05 / 9.834923e-01
PCG: 0 : 9.729640e-05
PCG: 1 : 7.123625e-05 / 7.321572e-01
PCG: 2 : 8.095078e-05 / 8.320019e-01
PCG: 3 : 7.767793e-05 / 7.983639e-01
PCG: 0 : 7.767793e-05
PCG: 1 : 7.636183e-05 / 9.830569e-01
PCG: 2 : 6.190944e-05 / 7.970017e-01
PCG: 3 : 7.719494e-05 / 9.937821e-01
PCG: 0 : 7.719494e-05
PCG: 1 : 5.661713e-05 / 7.334305e-01
PCG: 2 : 6.372168e-05 / 8.254644e-01
PCG: 3 : 6.102340e-05 / 7.905103e-01
PCG: 0 : 6.102339e-05
PCG: 1 : 6.014090e-05 / 9.855384e-01
PCG: 2 : 4.919201e-05 / 8.061172e-01
PCG: 3 : 6.124676e-05 / 1.003660e+00
PCG: 0 : 6.124675e-05
PCG: 1 : 4.498184e-05 / 7.344365e-01
PCG: 2 : 5.017026e-05 / 8.191497e-01
PCG: 3 : 4.796516e-05 / 7.831463e-01
PCG: 0 : 4.796516e-05
PCG: 1 : 4.737095e-05 / 9.876116e-01
PCG: 2 : 3.907224e-05 / 8.145962e-01
PCG: 3 : 4.859100e-05 / 1.013048e+00
PCG: 0 : 4.859100e-05
PCG: 1 : 3.572417e-05 / 7.352013e-01
PCG: 2 : 3.950981e-05 / 8.131096e-01
PCG: 3 : 3.772044e-05 / 7.762846e-01
PCG: 0 : 3.772044e-05
PCG: 1 : 3.731779e-05 / 9.893253e-01
PCG: 2 : 3.102239e-05 / 8.224292e-01
PCG: 3 : 3.854706e-05 / 1.021914e+00
PCG: 0 : 3.854706e-05
PCG: 1 : 2.836104e-05 / 7.357511e-01
PCG: 2 : 3.112177e-05 / 8.073710e-01
PCG: 3 : 2.967807e-05 / 7.699178e-01
PCG: 0 : 2.967807e-05
PCG: 1 : 2.940270e-05 / 9.907215e-01
PCG: 2 : 2.462183e-05 / 8.296306e-01
PCG: 3 : 3.057545e-05 / 1.030237e+00
PCG: 0 : 3.057545e-05
PCG: 1 : 2.250708e-05 / 7.361158e-01
PCG: 2 : 2.452018e-05 / 8.019562e-01
PCG: 3 : 2.336135e-05 / 7.640556e-01
PCG: 0 : 2.336135e-05
PCG: 1 : 2.317032e-05 / 9.918228e-01
PCG: 2 : 1.953462e-05 / 8.361942e-01
PCG: 3 : 2.424910e-05 / 1.038001e+00
PCG: 0 : 2.424910e-05
PCG: 1 : 1.785486e-05 / 7.363103e-01
PCG: 2 : 1.932328e-05 / 7.968658e-01
PCG: 3 : 1.839719e-05 / 7.586754e-01
PCG: 0 : 1.839719e-05
PCG: 1 : 1.826212e-05 / 9.926580e-01
PCG: 2 : 1.549316e-05 / 8.421479e-01
PCG: 3 : 1.922917e-05 / 1.045223e+00
PCG: 0 : 1.922917e-05
PCG: 1 : 1.415945e-05 / 7.363524e-01
PCG: 2 : 1.523109e-05 / 7.920825e-01
PCG: 3 : 1.449365e-05 / 7.537326e-01
PCG: 0 : 1.449365e-05
PCG: 1 : 1.439606e-05 / 9.932666e-01
PCG: 2 : 1.228383e-05 / 8.475317e-01
PCG: 3 : 1.524613e-05 / 1.051918e+00
PCG: 0 : 1.524613e-05
PCG: 1 : 1.122520e-05 / 7.362658e-01
PCG: 2 : 1.200797e-05 / 7.876077e-01
PCG: 3 : 1.142287e-05 / 7.492308e-01
PCG: 0 : 1.142287e-05
PCG: 1 : 1.135035e-05 / 9.936510e-01
PCG: 2 : 9.736301e-06 / 8.523515e-01
PCG: 3 : 1.208650e-05 / 1.058096e+00
PCG: 0 : 1.208650e-05
PCG: 1 : 8.896288e-06 / 7.360519e-01
PCG: 2 : 9.468762e-06 / 7.834166e-01
PCG: 3 : 9.005921e-06 / 7.451226e-01
PCG: 0 : 9.005921e-06
PCG: 1 : 8.950458e-06 / 9.938415e-01
PCG: 2 : 7.714912e-06 / 8.566488e-01
PCG: 3 : 9.580443e-06 / 1.063794e+00
PCG: 0 : 9.580443e-06
PCG: 1 : 7.048601e-06 / 7.357281e-01
PCG: 2 : 7.467837e-06 / 7.794877e-01
PCG: 3 : 7.102685e-06 / 7.413734e-01
PCG: 0 : 7.102686e-06
PCG: 1 : 7.059084e-06 / 9.938612e-01
PCG: 2 : 6.111608e-06 / 8.604644e-01
PCG: 3 : 7.593027e-06 / 1.069036e+00
PCG: 0 : 7.593027e-06
PCG: 1 : 5.583206e-06 / 7.353070e-01
PCG: 2 : 5.890734e-06 / 7.758085e-01
PCG: 3 : 5.603455e-06 / 7.379738e-01
PCG: 0 : 5.603455e-06
PCG: 1 : 5.568208e-06 / 9.937099e-01
PCG: 2 : 4.840330e-06 / 8.638117e-01
PCG: 3 : 6.017254e-06 / 1.073847e+00
PCG: 0 : 6.017255e-06
PCG: 1 : 4.421398e-06 / 7.347866e-01
PCG: 2 : 4.647429e-06 / 7.723504e-01
PCG: 3 : 4.421956e-06 / 7.348793e-01
PCG: 0 : 4.421956e-06
PCG: 1 : 4.392820e-06 / 9.934111e-01
PCG: 2 : 3.832649e-06 / 8.667317e-01
PCG: 3 : 4.768041e-06 / 1.078265e+00
PCG: 0 : 4.768041e-06
PCG: 1 : 3.500597e-06 / 7.341794e-01
PCG: 2 : 3.667067e-06 / 7.690932e-01
PCG: 3 : 3.490496e-06 / 7.320610e-01
PCG: 0 : 3.490496e-06
PCG: 1 : 3.465989e-06 / 9.929789e-01
PCG: 2 : 3.034155e-06 / 8.692619e-01
PCG: 3 : 3.777806e-06 / 1.082312e+00
PCG: 0 : 3.777806e-06
PCG: 1 : 2.771008e-06 / 7.334967e-01
PCG: 2 : 2.893889e-06 / 7.660239e-01
PCG: 3 : 2.755975e-06 / 7.295174e-01
PCG: 0 : 2.755975e-06
PCG: 1 : 2.735035e-06 / 9.924021e-01
PCG: 2 : 2.401582e-06 / 8.714093e-01
PCG: 3 : 2.993015e-06 / 1.086010e+00
PCG: 0 : 2.993015e-06
PCG: 1 : 2.193083e-06 / 7.327337e-01
PCG: 2 : 2.284023e-06 / 7.631179e-01
PCG: 3 : 2.176526e-06 / 7.272018e-01
PCG: 0 : 2.176526e-06
PCG: 1 : 2.158489e-06 / 9.917129e-01
PCG: 2 : 1.900580e-06 / 8.732172e-01
PCG: 3 : 2.371105e-06 / 1.089399e+00
PCG: 0 : 2.371105e-06
PCG: 1 : 1.735412e-06 / 7.319002e-01
PCG: 2 : 1.802886e-06 / 7.603569e-01
PCG: 3 : 1.719275e-06 / 7.250944e-01
PCG: 0 : 1.719275e-06
PCG: 1 : 1.703658e-06 / 9.909164e-01
PCG: 2 : 1.503875e-06 / 8.747142e-01
PCG: 3 : 1.878311e-06 / 1.092502e+00
PCG: 0 : 1.878311e-06
PCG: 1 : 1.373047e-06 / 7.310005e-01
PCG: 2 : 1.423251e-06 / 7.577292e-01
PCG: 3 : 1.358380e-06 / 7.231920e-01
PCG: 0 : 1.358380e-06
PCG: 1 : 1.344801e-06 / 9.900036e-01
PCG: 2 : 1.189813e-06 / 8.759060e-01
PCG: 3 : 1.487880e-06 / 1.095335e+00
PCG: 0 : 1.487880e-06
PCG: 1 : 1.086201e-06 / 7.300326e-01
PCG: 2 : 1.123671e-06 / 7.552164e-01
PCG: 3 : 1.073443e-06 / 7.214578e-01
PCG: 0 : 1.073443e-06
PCG: 1 : 1.061636e-06 / 9.890007e-01
PCG: 2 : 9.412261e-07 / 8.768293e-01
PCG: 3 : 1.178568e-06 / 1.097933e+00
PCG: 0 : 1.178568e-06
PCG: 1 : 8.591802e-07 / 7.290034e-01
PCG: 2 : 8.872302e-07 / 7.528034e-01
PCG: 3 : 8.484303e-07 / 7.198822e-01
PCG: 0 : 8.484303e-07
PCG: 1 : 8.381665e-07 / 9.879026e-01
PCG: 2 : 7.444975e-07 / 8.774998e-01
PCG: 3 : 9.335287e-07 / 1.100301e+00
PCG: 0 : 9.335287e-07
PCG: 1 : 6.795335e-07 / 7.279193e-01
PCG: 2 : 7.005995e-07 / 7.504852e-01
PCG: 3 : 6.707060e-07 / 7.184632e-01
PCG: 0 : 6.707060e-07
PCG: 1 : 6.617922e-07 / 9.867098e-01
PCG: 2 : 5.888322e-07 / 8.779289e-01
PCG: 3 : 7.394289e-07 / 1.102463e+00
PCG: 0 : 7.394289e-07
PCG: 1 : 5.373998e-07 / 7.267768e-01
PCG: 2 : 5.532732e-07 / 7.482439e-01
PCG: 3 : 5.302949e-07 / 7.171682e-01
PCG: 0 : 5.302949e-07
PCG: 1 : 5.225739e-07 / 9.854402e-01
PCG: 2 : 4.656758e-07 / 8.781449e-01
PCG: 3 : 5.856821e-07 / 1.104446e+00
PCG: 0 : 5.856821e-07
PCG: 1 : 4.249607e-07 / 7.255825e-01
PCG: 2 : 4.369593e-07 / 7.460691e-01
PCG: 3 : 4.193410e-07 / 7.159875e-01
PCG: 0 : 4.193411e-07
PCG: 1 : 4.126722e-07 / 9.840968e-01
PCG: 2 : 3.682524e-07 / 8.781691e-01
PCG: 3 : 4.638999e-07 / 1.106259e+00
PCG: 0 : 4.638998e-07
PCG: 1 : 3.360224e-07 / 7.243426e-01
PCG: 2 : 3.451227e-07 / 7.439596e-01
PCG: 3 : 3.316541e-07 / 7.149262e-01
PCG: 0 : 3.316541e-07
PCG: 1 : 3.259077e-07 / 9.826736e-01
PCG: 2 : 2.911923e-07 / 8.780000e-01
PCG: 3 : 3.674439e-07 / 1.107913e+00
PCG: 0 : 3.674439e-07
PCG: 1 : 2.656819e-07 / 7.230544e-01
PCG: 2 : 2.726070e-07 / 7.419011e-01
PCG: 3 : 2.623373e-07 / 7.139520e-01
PCG: 0 : 2.623373e-07
PCG: 1 : 2.574040e-07 / 9.811946e-01
PCG: 2 : 2.302450e-07 / 8.776677e-01
PCG: 3 : 2.910458e-07 / 1.109433e+00
PCG: 0 : 2.910458e-07
PCG: 1 : 2.100546e-07 / 7.217237e-01
PCG: 2 : 2.153416e-07 / 7.398890e-01
PCG: 3 : 2.075349e-07 / 7.130663e-01
PCG: 0 : 2.075349e-07
PCG: 1 : 2.033124e-07 / 9.796539e-01
PCG: 2 : 1.820466e-07 / 8.771855e-01
PCG: 3 : 2.305334e-07 / 1.110818e+00
PCG: 0 : 2.305334e-07
PCG: 1 : 1.660672e-07 / 7.203608e-01
PCG: 2 : 1.701163e-07 / 7.379245e-01
PCG: 3 : 1.642027e-07 / 7.122729e-01
PCG: 0 : 1.642027e-07
PCG: 1 : 1.605984e-07 / 9.780499e-01
PCG: 2 : 1.439327e-07 / 8.765546e-01
PCG: 3 : 1.826070e-07 / 1.112083e+00
PCG: 0 : 1.826070e-07
PCG: 1 : 1.312871e-07 / 7.189595e-01
PCG: 2 : 1.343978e-07 / 7.359946e-01
PCG: 3 : 1.299317e-07 / 7.115371e-01
PCG: 0 : 1.299317e-07
PCG: 1 : 1.268670e-07 / 9.764129e-01
PCG: 2 : 1.137948e-07 / 8.758052e-01
PCG: 3 : 1.446468e-07 / 1.113253e+00
PCG: 0 : 1.446467e-07
PCG: 1 : 1.037879e-07 / 7.175269e-01
PCG: 2 : 1.061852e-07 / 7.341005e-01
PCG: 3 : 1.028250e-07 / 7.108696e-01
PCG: 0 : 1.028250e-07
PCG: 1 : 1.002266e-07 / 9.747303e-01
PCG: 2 : 8.996582e-08 / 8.749414e-01
PCG: 3 : 1.145793e-07 / 1.114314e+00
PCG: 0 : 1.145793e-07
PCG: 1 : 8.204734e-08 / 7.160749e-01
PCG: 2 : 8.389992e-08 / 7.322434e-01
PCG: 3 : 8.138241e-08 / 7.102717e-01
PCG: 0 : 8.138241e-08
PCG: 1 : 7.918531e-08 / 9.730027e-01
PCG: 2 : 7.112572e-08 / 8.739692e-01
PCG: 3 : 9.076453e-08 / 1.115284e+00
PCG: 0 : 9.076452e-08
PCG: 1 : 6.486015e-08 / 7.145981e-01
PCG: 2 : 6.629566e-08 / 7.304137e-01
PCG: 3 : 6.441678e-08 / 7.097132e-01
PCG: 0 : 6.441678e-08
PCG: 1 : 6.256558e-08 / 9.712622e-01
PCG: 2 : 5.623050e-08 / 8.729169e-01
PCG: 3 : 7.190099e-08 / 1.116184e+00
PCG: 0 : 7.190098e-08
PCG: 1 : 5.127292e-08 / 7.131045e-01
PCG: 2 : 5.238819e-08 / 7.286157e-01
PCG: 3 : 5.099282e-08 / 7.092089e-01
PCG: 0 : 5.099282e-08
PCG: 1 : 4.943709e-08 / 9.694914e-01
PCG: 2 : 4.445472e-08 / 8.717839e-01
PCG: 3 : 5.695876e-08 / 1.116996e+00
PCG: 0 : 5.695876e-08
PCG: 1 : 4.053227e-08 / 7.116073e-01
PCG: 2 : 4.140064e-08 / 7.268528e-01
PCG: 3 : 4.036987e-08 / 7.087561e-01
PCG: 0 : 4.036987e-08
PCG: 1 : 3.906596e-08 / 9.677008e-01
PCG: 2 : 3.514526e-08 / 8.705813e-01
PCG: 3 : 4.512322e-08 / 1.117745e+00
PCG: 0 : 4.512322e-08
PCG: 1 : 3.204192e-08 / 7.100983e-01
PCG: 2 : 3.271958e-08 / 7.251163e-01
PCG: 3 : 3.196200e-08 / 7.083271e-01
PCG: 0 : 3.196200e-08
PCG: 1 : 3.087266e-08 / 9.659175e-01
PCG: 2 : 2.778553e-08 / 8.693303e-01
PCG: 3 : 3.574751e-08 / 1.118438e+00
PCG: 0 : 3.574750e-08
PCG: 1 : 2.533031e-08 / 7.085897e-01
PCG: 2 : 2.586029e-08 / 7.234151e-01
PCG: 3 : 2.530723e-08 / 7.079439e-01
PCG: 0 : 2.530722e-08
PCG: 1 : 2.439930e-08 / 9.641237e-01
PCG: 2 : 2.196739e-08 / 8.680283e-01
PCG: 3 : 2.832036e-08 / 1.119062e+00
PCG: 0 : 2.832036e-08
PCG: 1 : 2.002500e-08 / 7.070885e-01
PCG: 2 : 2.044017e-08 / 7.217481e-01
PCG: 3 : 2.003936e-08 / 7.075955e-01
PCG: 0 : 2.003936e-08
PCG: 1 : 1.928452e-08 / 9.623320e-01
PCG: 2 : 1.736796e-08 / 8.666924e-01
PCG: 3 : 2.243692e-08 / 1.119642e+00

PCG ( VCycle ( S: Scale / C: Scale )  )

Complete solver TOE: 0.676292
23.7187 GFlop/s [23.7187 GFlops/s]

Total time: 0.676292s
Accumulated op time: 0.491539

Reductions: 67.3975%
Blas-1: 2.65462%
Blas-2: 2.62934%
Precon Kernels: 0%
MPI Execution: 0%
MPI Wait: 0%
Not covered: 27.3185%

Domain size: 48.1654 MByte
LA size: 120.741 MByte
MPI size: 2.67931 MByte

H0-Error: 1.739586e-06
H1-Error: 4.034414e-03

Writing DATA to output.data...
Run-Time: 0:01.395 [0:01.395]
0x31d198e880 Error: MemoryPool<CUDA> still contains memory chunks on deconstructor call
