NUM-PROCS: 1
Preparing domain...
LVL-MIN: 4 [4]
LVL-MAX: 9 [9]
Creating gates...
Assembling system matrices...
Assembling system filters...
Assembling transfer matrices...
Converting assembled linear system from SparseMatrixCSR, Mem:main to SparseMatrixELL, Mem:cudaand to SparseMatrixELL, Mem:cuda...
PCG: 0 : 1.894534e-02
PCG: 1 : 3.774795e-02 / 1.992466e+00
PCG: 2 : 4.953643e-02 / 2.614703e+00
PCG: 3 : 1.147339e-01 / 6.056050e+00
PCG: 0 : 1.147062e-01
PCG: 1 : 1.007240e-01 / 8.781037e-01
PCG: 2 : 6.872325e-02 / 5.991239e-01
PCG: 3 : 5.167408e-02 / 4.504905e-01
PCG: 0 : 5.167407e-02
PCG: 1 : 2.903932e-02 / 5.619709e-01
PCG: 2 : 1.832193e-02 / 3.545672e-01
PCG: 3 : 1.085991e-02 / 2.101618e-01
PCG: 0 : 1.085991e-02
PCG: 1 : 1.055433e-02 / 9.718611e-01
PCG: 2 : 1.334527e-02 / 1.228856e+00
PCG: 3 : 1.846012e-02 / 1.699841e+00
PCG: 0 : 1.846012e-02
PCG: 1 : 1.104973e-02 / 5.985731e-01
PCG: 2 : 6.437343e-03 / 3.487162e-01
PCG: 3 : 4.613082e-03 / 2.498945e-01
PCG: 0 : 4.613082e-03
PCG: 1 : 4.682211e-03 / 1.014985e+00
PCG: 2 : 5.671670e-03 / 1.229475e+00
PCG: 3 : 7.345031e-03 / 1.592218e+00
PCG: 0 : 7.345031e-03
PCG: 1 : 4.619817e-03 / 6.289718e-01
PCG: 2 : 2.905416e-03 / 3.955622e-01
PCG: 3 : 2.152311e-03 / 2.930296e-01
PCG: 0 : 2.152311e-03
PCG: 1 : 2.123735e-03 / 9.867231e-01
PCG: 2 : 2.374050e-03 / 1.103024e+00
PCG: 3 : 2.965801e-03 / 1.377961e+00
PCG: 0 : 2.965801e-03
PCG: 1 : 1.906000e-03 / 6.426593e-01
PCG: 2 : 1.295960e-03 / 4.369678e-01
PCG: 3 : 1.000535e-03 / 3.373575e-01
PCG: 0 : 1.000535e-03
PCG: 1 : 9.641017e-04 / 9.635857e-01
PCG: 2 : 9.908195e-04 / 9.902893e-01
PCG: 3 : 1.205368e-03 / 1.204723e+00
PCG: 0 : 1.205368e-03
PCG: 1 : 7.828373e-04 / 6.494594e-01
PCG: 2 : 5.693910e-04 / 4.723795e-01
PCG: 3 : 4.562425e-04 / 3.785090e-01
PCG: 0 : 4.562426e-04
PCG: 1 : 4.326937e-04 / 9.483851e-01
PCG: 2 : 4.133942e-04 / 9.060844e-01
PCG: 3 : 4.925718e-04 / 1.079627e+00
PCG: 0 : 4.925717e-04
PCG: 1 : 3.214056e-04 / 6.525052e-01
PCG: 2 : 2.476681e-04 / 5.028061e-01
PCG: 3 : 2.043368e-04 / 4.148366e-01
PCG: 0 : 2.043368e-04
PCG: 1 : 1.917271e-04 / 9.382901e-01
PCG: 2 : 1.726232e-04 / 8.447977e-01
PCG: 3 : 2.022326e-04 / 9.897024e-01
PCG: 0 : 2.022326e-04
PCG: 1 : 1.322075e-04 / 6.537400e-01
PCG: 2 : 1.070432e-04 / 5.293072e-01
PCG: 3 : 9.026334e-05 / 4.463343e-01
PCG: 0 : 9.026334e-05
PCG: 1 : 8.405741e-05 / 9.312465e-01
PCG: 2 : 7.218515e-05 / 7.997172e-01
PCG: 3 : 8.337005e-05 / 9.236314e-01
PCG: 0 : 8.337005e-05
PCG: 1 : 5.454394e-05 / 6.542390e-01
PCG: 2 : 4.607056e-05 / 5.526032e-01
PCG: 3 : 3.947596e-05 / 4.735028e-01
PCG: 0 : 3.947596e-05
PCG: 1 : 3.655764e-05 / 9.260736e-01
PCG: 2 : 3.023496e-05 / 7.659084e-01
PCG: 3 : 3.449572e-05 / 8.738413e-01
PCG: 0 : 3.449572e-05
PCG: 1 : 2.257822e-05 / 6.545222e-01
PCG: 2 : 1.977039e-05 / 5.731260e-01
PCG: 3 : 1.714078e-05 / 4.968958e-01
PCG: 0 : 1.714078e-05
PCG: 1 : 1.580558e-05 / 9.221039e-01
PCG: 2 : 1.268506e-05 / 7.400513e-01
PCG: 3 : 1.432213e-05 / 8.355587e-01
PCG: 0 : 1.432212e-05
PCG: 1 : 9.377033e-06 / 6.547236e-01
PCG: 2 : 8.466160e-06 / 5.911246e-01
PCG: 3 : 7.402903e-06 / 5.168858e-01
PCG: 0 : 7.402902e-06
PCG: 1 : 6.804103e-06 / 9.191129e-01
PCG: 2 : 5.330148e-06 / 7.200079e-01
PCG: 3 : 5.964692e-06 / 8.057234e-01
PCG: 0 : 5.964692e-06
PCG: 1 : 3.906231e-06 / 6.548924e-01
PCG: 2 : 3.619502e-06 / 6.068212e-01
PCG: 3 : 3.184462e-06 / 5.338854e-01
PCG: 0 : 3.184462e-06
PCG: 1 : 2.919724e-06 / 9.168656e-01
PCG: 2 : 2.242772e-06 / 7.042859e-01
PCG: 3 : 2.490690e-06 / 7.821384e-01
PCG: 0 : 2.490690e-06
PCG: 1 : 1.631643e-06 / 6.550969e-01
PCG: 2 : 1.545397e-06 / 6.204696e-01
PCG: 3 : 1.365836e-06 / 5.483767e-01
PCG: 0 : 1.365836e-06
PCG: 1 : 1.249850e-06 / 9.150808e-01
PCG: 2 : 9.448374e-07 / 6.917648e-01
PCG: 3 : 1.042402e-06 / 7.631973e-01
PCG: 0 : 1.042402e-06
PCG: 1 : 6.831625e-07 / 6.553731e-01
PCG: 2 : 6.591275e-07 / 6.323158e-01
PCG: 3 : 5.845490e-07 / 5.607709e-01
PCG: 0 : 5.845490e-07
PCG: 1 : 5.340419e-07 / 9.135965e-01
PCG: 2 : 3.984606e-07 / 6.816548e-01
PCG: 3 : 4.371581e-07 / 7.478553e-01
PCG: 0 : 4.371580e-07
PCG: 1 : 2.866225e-07 / 6.556497e-01
PCG: 2 : 2.808901e-07 / 6.425368e-01
PCG: 3 : 2.497355e-07 / 5.712705e-01
PCG: 0 : 2.497354e-07
PCG: 1 : 2.278748e-07 / 9.124647e-01
PCG: 2 : 1.681915e-07 / 6.734789e-01
PCG: 3 : 1.836638e-07 / 7.354333e-01
PCG: 0 : 1.836638e-07
PCG: 1 : 1.204641e-07 / 6.558947e-01
PCG: 2 : 1.196184e-07 / 6.512902e-01
PCG: 3 : 1.065424e-07 / 5.800946e-01
PCG: 0 : 1.065424e-07
PCG: 1 : 9.712848e-08 / 9.116420e-01
PCG: 2 : 7.104953e-08 / 6.668665e-01
PCG: 3 : 7.727824e-08 / 7.253287e-01
PCG: 0 : 7.727824e-08
PCG: 1 : 5.070434e-08 / 6.561270e-01
PCG: 2 : 5.090896e-08 / 6.587748e-01
PCG: 3 : 4.540471e-08 / 5.875485e-01
PCG: 0 : 4.540471e-08
PCG: 1 : 4.136284e-08 / 9.109814e-01
PCG: 2 : 3.003404e-08 / 6.614742e-01
PCG: 3 : 3.255625e-08 / 7.170236e-01
PCG: 0 : 3.255624e-08
PCG: 1 : 2.136911e-08 / 6.563753e-01
PCG: 2 : 2.165523e-08 / 6.651636e-01
PCG: 3 : 1.933436e-08 / 5.938758e-01
PCG: 0 : 1.933436e-08
PCG: 1 : 1.760210e-08 / 9.104048e-01
PCG: 2 : 1.270362e-08 / 6.570490e-01
PCG: 3 : 1.373128e-08 / 7.102009e-01
PCG: 0 : 1.373128e-08
PCG: 1 : 9.015904e-09 / 6.565961e-01
PCG: 2 : 9.207573e-09 / 6.705546e-01
PCG: 3 : 8.227125e-09 / 5.991521e-01
PCG: 0 : 8.227124e-09
PCG: 1 : 7.486514e-09 / 9.099795e-01
PCG: 2 : 5.376207e-09 / 6.534734e-01
PCG: 3 : 5.797676e-09 / 7.047027e-01
PCG: 0 : 5.797676e-09
PCG: 1 : 3.807562e-09 / 6.567393e-01
PCG: 2 : 3.913518e-09 / 6.750149e-01
PCG: 3 : 3.498427e-09 / 6.034189e-01
PCG: 0 : 3.498427e-09
PCG: 1 : 3.182686e-09 / 9.097475e-01
PCG: 2 : 2.276319e-09 / 6.506692e-01
PCG: 3 : 2.450087e-09 / 7.003396e-01
PCG: 0 : 2.450087e-09
PCG: 1 : 1.609339e-09 / 6.568499e-01
PCG: 2 : 1.662816e-09 / 6.786761e-01
PCG: 3 : 1.486939e-09 / 6.068923e-01
PCG: 0 : 1.486939e-09
PCG: 1 : 1.352461e-09 / 9.095603e-01
PCG: 2 : 9.642455e-10 / 6.484766e-01
PCG: 3 : 1.036178e-09 / 6.968526e-01

PCG ( VCycle ( S: Scale / C: Scale )  )

Complete solver TOE: 5.41047
0.165996 GFlop/s [0.165996 GFlops/s]

Total time: 5.41047s
Accumulated op time: 2.42336

Reductions: 31.3035%
Blas-1: 7.29812%
Blas-2: 6.1885%
Precon Kernels: 0%
MPI Execution: 0%
MPI Wait: 0%
Not covered: 55.2099%

Domain size: 26.799 MByte
LA size: 89.2379 MByte
MPI size: 2.68149 MByte

H0-Error: 1.716923e-06
H1-Error: 4.034414e-03

Writing DATA to output.data...
Run-Time: 0:08.368 [0:08.368]
0xb32df9f8 Error: MemoryPool<CUDA> still contains memory chunks on deconstructor call
