NUM-PROCS: 1
Preparing domain...
LVL-MIN: 1 [1]
LVL-MAX: 7 [7]
Creating gates...
Assembling system matrices...
Assembling system filters...
Assembling transfer matrices...
Converting assembled linear system from SparseMatrixCSR, Mem:main to SparseMatrixELL, Mem:cuda...
PCG:    0 : 7.572471e-02
PCG:    1 : 2.422593e-02 / 3.199211e-01
PCG:    2 : 7.698296e-03 / 1.016616e-01
PCG:    3 : 1.678656e-03 / 2.216787e-02
PCG:    4 : 1.626391e-04 / 2.147768e-03
PCG:    5 : 1.508688e-05 / 1.992332e-04
PCG:    6 : 2.383409e-06 / 3.147465e-05
PCG:    7 : 1.883563e-07 / 2.487382e-06
PCG:    8 : 2.232714e-08 / 2.948461e-07
PCG:    9 : 2.737880e-09 / 3.615570e-08
PCG:   10 : 1.206059e-10 / 1.592689e-09

PCG ( VCycle ( S: Scale / C: Scale )  )

Complete solver TOE: 0.03796
0.624223 GFlop/s [0.624223 GFlops/s]

Total time: 0.03796s
Accumulated op time: 0.006391

Reductions: 13.5985%
Blas-1: 1.60169%
Blas-2: 1.63593%
Precon Kernels: 0%
MPI Execution: 0%
MPI Wait: 0%
Not covered: 83.1639%

Domain size: 3.05461 MByte
LA size: 7.66532 MByte
MPI size: 0.170692 MByte

H0-Error: 2.746078e-05
H1-Error: 1.613732e-02

Run-Time: 0:00.111 [0:00.111]
