NUM-PROCS: 1
Preparing domain...
LVL-MIN: 5 [5]
LVL-MAX: 6 [6]
Creating gates...
Assembling system matrices...
Assembling system filters...
Assembling transfer matrices...
Converting assembled linear system from SparseMatrixCSR, Mem:main to SparseMatrixCSR, Mem:mainand to SparseMatrixCSR, Mem:main...
PCG: 0 : 1.512630e-01
PCG: 1 : 5.296447e-01 / 3.501482e+00
PCG: 2 : 3.286090e-01 / 2.172435e+00
PCG: 3 : 3.573479e-01 / 2.362428e+00
PCG: 4 : 3.568069e-01 / 2.358851e+00
PCG: 5 : 2.454738e-01 / 1.622828e+00
PCG: 6 : 1.993826e-01 / 1.318119e+00
PCG: 0 : 2.018971e-01
PCG: 1 : 1.666657e-01 / 8.254983e-01
PCG: 2 : 1.471892e-01 / 7.290310e-01
PCG: 3 : 1.003104e-01 / 4.968391e-01
PCG: 4 : 8.364608e-02 / 4.143006e-01
PCG: 5 : 8.828977e-02 / 4.373009e-01
PCG: 6 : 6.217355e-02 / 3.079467e-01
PCG: 0 : 6.217354e-02
PCG: 1 : 3.480893e-02 / 5.598673e-01
PCG: 2 : 3.007660e-02 / 4.837525e-01
PCG: 3 : 2.609799e-02 / 4.197604e-01
PCG: 4 : 2.545739e-02 / 4.094570e-01
PCG: 5 : 2.002145e-02 / 3.220253e-01
PCG: 6 : 2.397961e-02 / 3.856883e-01
PCG: 0 : 2.397961e-02
PCG: 1 : 1.644425e-02 / 6.857596e-01
PCG: 2 : 1.870305e-02 / 7.799565e-01
PCG: 3 : 1.639646e-02 / 6.837670e-01
PCG: 4 : 1.648393e-02 / 6.874143e-01
PCG: 5 : 1.731809e-02 / 7.222008e-01
PCG: 6 : 2.466500e-02 / 1.028582e+00
PCG: 0 : 2.466500e-02
PCG: 1 : 1.357947e-02 / 5.505561e-01
PCG: 2 : 1.161627e-02 / 4.709617e-01
PCG: 3 : 1.007131e-02 / 4.083239e-01
PCG: 4 : 9.729995e-03 / 3.944860e-01
PCG: 5 : 7.627786e-03 / 3.092555e-01
PCG: 6 : 9.931218e-03 / 4.026442e-01
PCG: 0 : 9.931218e-03
PCG: 1 : 6.940471e-03 / 6.988540e-01
PCG: 2 : 7.849738e-03 / 7.904104e-01
PCG: 3 : 7.059185e-03 / 7.108076e-01
PCG: 4 : 6.927318e-03 / 6.975296e-01
PCG: 5 : 7.273722e-03 / 7.324098e-01
PCG: 6 : 1.017752e-02 / 1.024801e+00
PCG: 0 : 1.017753e-02
PCG: 1 : 5.761717e-03 / 5.661215e-01
PCG: 2 : 4.879544e-03 / 4.794430e-01
PCG: 3 : 4.316022e-03 / 4.240738e-01
PCG: 4 : 4.079300e-03 / 4.008146e-01
PCG: 5 : 3.247640e-03 / 3.190992e-01
PCG: 6 : 4.110822e-03 / 4.039117e-01
PCG: 0 : 4.110822e-03
PCG: 1 : 2.959179e-03 / 7.198510e-01
PCG: 2 : 3.295930e-03 / 8.017691e-01
PCG: 3 : 3.026543e-03 / 7.362381e-01
PCG: 4 : 2.894722e-03 / 7.041712e-01
PCG: 5 : 3.095739e-03 / 7.530707e-01
PCG: 6 : 4.207065e-03 / 1.023412e+00
PCG: 0 : 4.207064e-03
PCG: 1 : 2.455949e-03 / 5.837678e-01
PCG: 2 : 2.043884e-03 / 4.858219e-01
PCG: 3 : 1.852126e-03 / 4.402418e-01
PCG: 4 : 1.705969e-03 / 4.055009e-01
PCG: 5 : 1.389405e-03 / 3.302551e-01
PCG: 6 : 1.702789e-03 / 4.047452e-01
PCG: 0 : 1.702789e-03
PCG: 1 : 1.265947e-03 / 7.434551e-01
PCG: 2 : 1.380190e-03 / 8.105465e-01
PCG: 3 : 1.300288e-03 / 7.636222e-01
PCG: 4 : 1.208891e-03 / 7.099475e-01
PCG: 5 : 1.321368e-03 / 7.760020e-01
PCG: 6 : 1.742909e-03 / 1.023561e+00
PCG: 0 : 1.742909e-03
PCG: 1 : 1.050203e-03 / 6.025578e-01
PCG: 2 : 8.546588e-04 / 4.903635e-01
PCG: 3 : 7.968302e-04 / 4.571842e-01
PCG: 4 : 7.135700e-04 / 4.094133e-01
PCG: 5 : 5.959244e-04 / 3.419137e-01
PCG: 6 : 7.072962e-04 / 4.058137e-01
PCG: 0 : 7.072963e-04
PCG: 1 : 5.430030e-04 / 7.677164e-01
PCG: 2 : 5.766283e-04 / 8.152570e-01
PCG: 3 : 5.612426e-04 / 7.935042e-01
PCG: 4 : 5.061214e-04 / 7.155719e-01
PCG: 5 : 5.627488e-04 / 7.956337e-01
PCG: 6 : 7.283071e-04 / 1.029706e+00
PCG: 0 : 7.283070e-04
PCG: 1 : 4.505782e-04 / 6.186652e-01
PCG: 2 : 3.564193e-04 / 4.893805e-01
PCG: 3 : 3.457411e-04 / 4.747189e-01
PCG: 4 : 3.002422e-04 / 4.122468e-01
PCG: 5 : 2.552384e-04 / 3.504544e-01
PCG: 6 : 2.977387e-04 / 4.088093e-01
PCG: 0 : 2.977387e-04
PCG: 1 : 2.335683e-04 / 7.844741e-01
PCG: 2 : 2.390920e-04 / 8.030262e-01
PCG: 3 : 2.471941e-04 / 8.302386e-01
PCG: 4 : 2.129680e-04 / 7.152850e-01
PCG: 5 : 2.361157e-04 / 7.930301e-01
PCG: 6 : 3.139071e-04 / 1.054304e+00
PCG: 0 : 3.139072e-04
PCG: 1 : 1.938267e-04 / 6.174651e-01
PCG: 2 : 1.473986e-04 / 4.695610e-01
PCG: 3 : 1.543698e-04 / 4.917688e-01
PCG: 4 : 1.268104e-04 / 4.039742e-01
PCG: 5 : 1.092573e-04 / 3.480561e-01
PCG: 6 : 1.287646e-04 / 4.101996e-01
PCG: 0 : 1.287646e-04
PCG: 1 : 1.001246e-04 / 7.775792e-01
PCG: 2 : 9.937861e-05 / 7.717853e-01
PCG: 3 : 1.123340e-04 / 8.723986e-01
PCG: 4 : 8.830955e-05 / 6.858218e-01
PCG: 5 : 1.005603e-04 / 7.809627e-01
PCG: 6 : 1.382714e-04 / 1.073831e+00
PCG: 0 : 1.382714e-04
PCG: 1 : 8.317867e-05 / 6.015608e-01
PCG: 2 : 6.161162e-05 / 4.455846e-01
PCG: 3 : 6.938858e-05 / 5.018288e-01
PCG: 4 : 5.288584e-05 / 3.824785e-01
PCG: 5 : 4.756829e-05 / 3.440211e-01
PCG: 6 : 5.558536e-05 / 4.020018e-01
PCG: 0 : 5.558536e-05
PCG: 1 : 4.300680e-05 / 7.737074e-01
PCG: 2 : 4.296042e-05 / 7.728730e-01
PCG: 3 : 4.954158e-05 / 8.912703e-01
PCG: 4 : 3.753123e-05 / 6.751999e-01
PCG: 5 : 4.392471e-05 / 7.902209e-01
PCG: 6 : 6.019379e-05 / 1.082907e+00
PCG: 0 : 6.019380e-05
PCG: 1 : 3.593080e-05 / 5.969186e-01
PCG: 2 : 2.668412e-05 / 4.433035e-01
PCG: 3 : 3.008299e-05 / 4.997689e-01
PCG: 4 : 2.282714e-05 / 3.792274e-01
PCG: 5 : 2.064820e-05 / 3.430286e-01
PCG: 6 : 2.402205e-05 / 3.990785e-01
PCG: 0 : 2.402205e-05
PCG: 1 : 1.858641e-05 / 7.737229e-01
PCG: 2 : 1.884409e-05 / 7.844495e-01
PCG: 3 : 2.133421e-05 / 8.881092e-01
PCG: 4 : 1.637435e-05 / 6.816381e-01
PCG: 5 : 1.907613e-05 / 7.941089e-01
PCG: 6 : 2.607343e-05 / 1.085396e+00
PCG: 0 : 2.607343e-05
PCG: 1 : 1.555009e-05 / 5.963958e-01
PCG: 2 : 1.171503e-05 / 4.493090e-01
PCG: 3 : 1.290750e-05 / 4.950441e-01
PCG: 4 : 9.982700e-06 / 3.828687e-01
PCG: 5 : 8.996864e-06 / 3.450587e-01
PCG: 6 : 1.037863e-05 / 3.980540e-01
PCG: 0 : 1.037863e-05
PCG: 1 : 8.063208e-06 / 7.769046e-01
PCG: 2 : 8.288553e-06 / 7.986169e-01
PCG: 3 : 9.140472e-06 / 8.807009e-01
PCG: 4 : 7.181246e-06 / 6.919259e-01
PCG: 5 : 8.287433e-06 / 7.985091e-01
PCG: 6 : 1.126236e-05 / 1.085149e+00
PCG: 0 : 1.126236e-05
PCG: 1 : 6.747468e-06 / 5.991166e-01
PCG: 2 : 5.166214e-06 / 4.587150e-01
PCG: 3 : 5.523846e-06 / 4.904696e-01
PCG: 4 : 4.383267e-06 / 3.891961e-01
PCG: 5 : 3.934639e-06 / 3.493618e-01
PCG: 6 : 4.477753e-06 / 3.975856e-01
PCG: 0 : 4.477753e-06
PCG: 1 : 3.510757e-06 / 7.840444e-01
PCG: 2 : 3.654425e-06 / 8.161291e-01
PCG: 3 : 3.908172e-06 / 8.727975e-01
PCG: 4 : 3.161110e-06 / 7.059591e-01
PCG: 5 : 3.607584e-06 / 8.056683e-01
PCG: 6 : 4.857586e-06 / 1.084827e+00
PCG: 0 : 4.857585e-06
PCG: 1 : 2.937757e-06 / 6.047773e-01
PCG: 2 : 2.284108e-06 / 4.702147e-01
PCG: 3 : 2.362200e-06 / 4.862909e-01
PCG: 4 : 1.931886e-06 / 3.977050e-01
PCG: 5 : 1.723607e-06 / 3.548279e-01
PCG: 6 : 1.930960e-06 / 3.975145e-01
PCG: 0 : 1.930960e-06
PCG: 1 : 1.534151e-06 / 7.945015e-01
PCG: 2 : 1.613898e-06 / 8.358006e-01
PCG: 3 : 1.671187e-06 / 8.654691e-01
PCG: 4 : 1.396439e-06 / 7.231836e-01
PCG: 5 : 1.572727e-06 / 8.144794e-01
PCG: 6 : 2.096080e-06 / 1.085512e+00
PCG: 0 : 2.096080e-06
PCG: 1 : 1.283243e-06 / 6.122106e-01
PCG: 2 : 1.010691e-06 / 4.821813e-01
PCG: 3 : 1.011866e-06 / 4.827422e-01
PCG: 4 : 8.542512e-07 / 4.075470e-01
PCG: 5 : 7.547520e-07 / 3.600778e-01
PCG: 6 : 8.341024e-07 / 3.979343e-01
PCG: 0 : 8.341024e-07
PCG: 1 : 6.723394e-07 / 8.060633e-01
PCG: 2 : 7.129526e-07 / 8.547542e-01
PCG: 3 : 7.166763e-07 / 8.592186e-01
PCG: 4 : 6.183948e-07 / 7.413896e-01
PCG: 5 : 6.860392e-07 / 8.224880e-01
PCG: 6 : 9.070960e-07 / 1.087512e+00
PCG: 0 : 9.070960e-07
PCG: 1 : 5.618333e-07 / 6.193758e-01
PCG: 2 : 4.468319e-07 / 4.925961e-01
PCG: 3 : 4.353568e-07 / 4.799457e-01
PCG: 4 : 3.783460e-07 / 4.170959e-01
PCG: 5 : 3.300314e-07 / 3.638329e-01
PCG: 6 : 3.617392e-07 / 3.987882e-01
PCG: 0 : 3.617391e-07
PCG: 1 : 2.951004e-07 / 8.157823e-01
PCG: 2 : 3.146559e-07 / 8.698422e-01
PCG: 3 : 3.090127e-07 / 8.542420e-01
PCG: 4 : 2.739585e-07 / 7.573374e-01
PCG: 5 : 2.993462e-07 / 8.275195e-01
PCG: 6 : 3.944167e-07 / 1.090335e+00
PCG: 0 : 3.944167e-07
PCG: 1 : 2.462456e-07 / 6.243286e-01
PCG: 2 : 1.971893e-07 / 4.999516e-01
PCG: 3 : 1.884768e-07 / 4.778621e-01
PCG: 4 : 1.674729e-07 / 4.246089e-01
PCG: 5 : 1.441762e-07 / 3.655428e-01
PCG: 6 : 1.576854e-07 / 3.997939e-01
PCG: 0 : 1.576854e-07
PCG: 1 : 1.295579e-07 / 8.216229e-01
PCG: 2 : 1.386620e-07 / 8.793586e-01
PCG: 3 : 1.341116e-07 / 8.505014e-01
PCG: 4 : 1.211856e-07 / 7.685280e-01
PCG: 5 : 1.307065e-07 / 8.289071e-01
PCG: 6 : 1.723641e-07 / 1.093089e+00
PCG: 0 : 1.723641e-07
PCG: 1 : 1.079513e-07 / 6.262981e-01
PCG: 2 : 8.686022e-08 / 5.039345e-01
PCG: 3 : 8.210811e-08 / 4.763643e-01
PCG: 4 : 7.398413e-08 / 4.292316e-01
PCG: 5 : 6.299643e-08 / 3.654846e-01
PCG: 6 : 6.905777e-08 / 4.006505e-01
PCG: 0 : 6.905777e-08
PCG: 1 : 5.686313e-08 / 8.234139e-01
PCG: 2 : 6.102057e-08 / 8.836163e-01
PCG: 3 : 5.854840e-08 / 8.478177e-01
PCG: 4 : 5.348521e-08 / 7.744995e-01
PCG: 5 : 5.713641e-08 / 8.273713e-01
PCG: 6 : 7.562720e-08 / 1.095129e+00
PCG: 0 : 7.562720e-08
PCG: 1 : 4.732525e-08 / 6.257703e-01
PCG: 2 : 3.820855e-08 / 5.052223e-01
PCG: 3 : 3.594739e-08 / 4.753236e-01
PCG: 4 : 3.261386e-08 / 4.312451e-01
PCG: 5 : 2.755204e-08 / 3.643139e-01
PCG: 6 : 3.034366e-08 / 4.012268e-01
PCG: 0 : 3.034366e-08
PCG: 1 : 2.495211e-08 / 8.223171e-01
PCG: 2 : 2.682748e-08 / 8.841215e-01
PCG: 3 : 2.567034e-08 / 8.459868e-01
PCG: 4 : 2.355974e-08 / 7.764302e-01
PCG: 5 : 2.500805e-08 / 8.241607e-01
PCG: 6 : 3.326748e-08 / 1.096357e+00

PCG ( VCycle ( S: Scale / C: Scale )  )

Complete solver TOE: 0.120021
0.907406 GFlop/s [0.907406 GFlops/s]

Total time: 0.120021s
Accumulated op time: 0.108134

Reductions: 2.0688%
Blas-1: 5.23158%
Blas-2: 82.7955%
Precon Kernels: 0%
MPI Execution: 0%
MPI Wait: 0%
Not covered: 9.9041%

Domain size: 0.403931 MByte
LA size: 1.19083 MByte
MPI size: 0.0405579 MByte

H0-Error: 1.098423e-04
H1-Error: 3.227246e-02

Writing DATA to output.data...
Run-Time: 0:00.165 [0:00.165]
0xb332f9f8 Error: MemoryPool<CPU> still contains memory chunks on deconstructor call
