NUM-PROCS: 1
Preparing domain...
LVL-MIN: 1 [1]
LVL-MAX: 3 [3]
Creating gates...
Assembling system matrices...
Assembling system filters...
Assembling transfer matrices...
Converting assembled linear system from SparseMatrixCSR, Mem:main to SparseMatrixCSR, Mem:mainand to SparseMatrixCSR, Mem:main...
PCG:  0 : 1.157947e+00
PCG:  1 : 2.599998e-01 / 2.245352e-01
PCG:  2 : 2.182372e-02 / 1.884691e-02
PCG:  3 : 1.033916e-03 / 8.928873e-04
PCG:  4 : 4.233040e-05 / 3.655643e-05
PCG:  5 : 3.378852e-06 / 2.917968e-06
PCG:  6 : 2.156003e-07 / 1.861919e-07
PCG:  7 : 5.108730e-09 / 4.411887e-09
PCG:  0 : 6.039956e-01
PCG:  1 : 1.287165e-01 / 2.131084e-01
PCG:  2 : 6.452811e-03 / 1.068354e-02
PCG:  3 : 4.655005e-04 / 7.707019e-04
PCG:  4 : 2.317197e-05 / 3.836447e-05
PCG:  5 : 1.679418e-06 / 2.780514e-06
PCG:  6 : 7.714022e-08 / 1.277165e-07
PCG:  7 : 1.275270e-09 / 2.111389e-09

PCG ( VCycle ( S: Scale / C: Scale )  )

Complete solver TOE: 0.000198
0.717955 GFlop/s [0.717955 GFlops/s]

Total time: 0.000198s
Accumulated op time: 5.7e-05

Reductions: 3.0303%
Blas-1: 5.05051%
Blas-2: 20.7071%
Precon Kernels: 0%
MPI Execution: 0%
MPI Wait: 0%
Not covered: 71.2121%

Domain size: 0.0147552 MByte
LA size: 0.0341721 MByte
MPI size: 0.000923157 MByte

H0-Error: 6.962318e-03
H1-Error: 2.567055e-01

Writing DATA to output.data...
Run-Time: 0:00.003 [0:00.003]
0x31d198e880 Error: MemoryPool<CPU> still contains memory chunks on deconstructor call
