NUM-PROCS: 1
Preparing domain...
LVL-MIN: 4 [4]
LVL-MAX: 9 [9]
Creating gates...
Assembling system matrices...
Assembling system filters...
Assembling transfer matrices...
Converting assembled linear system from SparseMatrixCSR, Mem:main to SparseMatrixCSR, Mem:mainand to SparseMatrixCSR, Mem:main...
PCG: 0 : 1.894513e-02
PCG: 1 : 3.774730e-02 / 1.992454e+00
PCG: 2 : 4.953502e-02 / 2.614657e+00
PCG: 3 : 1.147277e-01 / 6.055789e+00
PCG: 0 : 1.147000e-01
PCG: 1 : 1.007197e-01 / 8.781144e-01
PCG: 2 : 6.871985e-02 / 5.991269e-01
PCG: 3 : 5.167242e-02 / 4.505006e-01
PCG: 0 : 5.167240e-02
PCG: 1 : 2.903910e-02 / 5.619847e-01
PCG: 2 : 1.832482e-02 / 3.546346e-01
PCG: 3 : 1.086246e-02 / 2.102178e-01
PCG: 0 : 1.086245e-02
PCG: 1 : 1.055643e-02 / 9.718277e-01
PCG: 2 : 1.334635e-02 / 1.228668e+00
PCG: 3 : 1.846109e-02 / 1.699532e+00
PCG: 0 : 1.846109e-02
PCG: 1 : 1.105105e-02 / 5.986133e-01
PCG: 2 : 6.439133e-03 / 3.487948e-01
PCG: 3 : 4.614727e-03 / 2.499705e-01
PCG: 0 : 4.614729e-03
PCG: 1 : 4.683418e-03 / 1.014885e+00
PCG: 2 : 5.672301e-03 / 1.229173e+00
PCG: 3 : 7.345506e-03 / 1.591752e+00
PCG: 0 : 7.345506e-03
PCG: 1 : 4.620380e-03 / 6.290077e-01
PCG: 2 : 2.906423e-03 / 3.956736e-01
PCG: 3 : 2.153279e-03 / 2.931424e-01
PCG: 0 : 2.153278e-03
PCG: 1 : 2.124375e-03 / 9.865772e-01
PCG: 2 : 2.374298e-03 / 1.102644e+00
PCG: 3 : 2.966049e-03 / 1.377457e+00
PCG: 0 : 2.966049e-03
PCG: 1 : 1.906343e-03 / 6.427214e-01
PCG: 2 : 1.296537e-03 / 4.371261e-01
PCG: 3 : 1.001101e-03 / 3.375199e-01
PCG: 0 : 1.001101e-03
PCG: 1 : 9.644810e-04 / 9.634206e-01
PCG: 2 : 9.909665e-04 / 9.898769e-01
PCG: 3 : 1.205538e-03 / 1.204213e+00
PCG: 0 : 1.205538e-03
PCG: 1 : 7.830075e-04 / 6.495088e-01
PCG: 2 : 5.696979e-04 / 4.725673e-01
PCG: 3 : 4.565436e-04 / 3.787052e-01
PCG: 0 : 4.565435e-04
PCG: 1 : 4.329028e-04 / 9.482181e-01
PCG: 2 : 4.134843e-04 / 9.056842e-01
PCG: 3 : 4.926882e-04 / 1.079170e+00
PCG: 0 : 4.926882e-04
PCG: 1 : 3.215026e-04 / 6.525478e-01
PCG: 2 : 2.478201e-04 / 5.029957e-01
PCG: 3 : 2.044873e-04 / 4.150440e-01
PCG: 0 : 2.044871e-04
PCG: 1 : 1.918339e-04 / 9.381220e-01
PCG: 2 : 1.726677e-04 / 8.443940e-01
PCG: 3 : 2.022931e-04 / 9.892709e-01
PCG: 0 : 2.022931e-04
PCG: 1 : 1.322525e-04 / 6.537667e-01
PCG: 2 : 1.071237e-04 / 5.295467e-01
PCG: 3 : 9.034428e-05 / 4.466008e-01
PCG: 0 : 9.034431e-05
PCG: 1 : 8.411513e-05 / 9.310507e-01
PCG: 2 : 7.220767e-05 / 7.992498e-01
PCG: 3 : 8.340253e-05 / 9.231631e-01
PCG: 0 : 8.340255e-05
PCG: 1 : 5.456760e-05 / 6.542678e-01
PCG: 2 : 4.611201e-05 / 5.528849e-01
PCG: 3 : 3.951711e-05 / 4.738117e-01
PCG: 0 : 3.951713e-05
PCG: 1 : 3.658806e-05 / 9.258784e-01
PCG: 2 : 3.024734e-05 / 7.654236e-01
PCG: 3 : 3.451344e-05 / 8.733793e-01
PCG: 0 : 3.451343e-05
PCG: 1 : 2.259003e-05 / 6.545287e-01
PCG: 2 : 1.979081e-05 / 5.734234e-01
PCG: 3 : 1.716107e-05 / 4.972287e-01
PCG: 0 : 1.716107e-05
PCG: 1 : 1.582063e-05 / 9.218909e-01
PCG: 2 : 1.269130e-05 / 7.395403e-01
PCG: 3 : 1.433091e-05 / 8.350825e-01
PCG: 0 : 1.433091e-05
PCG: 1 : 9.382861e-06 / 6.547289e-01
PCG: 2 : 8.476296e-06 / 5.914695e-01
PCG: 3 : 7.413237e-06 / 5.172901e-01
PCG: 0 : 7.413238e-06
PCG: 1 : 6.811623e-06 / 9.188459e-01
PCG: 2 : 5.333339e-06 / 7.194345e-01
PCG: 3 : 5.969046e-06 / 8.051874e-01
PCG: 0 : 5.969045e-06
PCG: 1 : 3.909203e-06 / 6.549126e-01
PCG: 2 : 3.624476e-06 / 6.072121e-01
PCG: 3 : 3.189552e-06 / 5.343488e-01
PCG: 0 : 3.189552e-06
PCG: 1 : 2.923496e-06 / 9.165851e-01
PCG: 2 : 2.244393e-06 / 7.036703e-01
PCG: 3 : 2.492949e-06 / 7.815985e-01
PCG: 0 : 2.492949e-06
PCG: 1 : 1.633116e-06 / 6.550941e-01
PCG: 2 : 1.547856e-06 / 6.208936e-01
PCG: 3 : 1.368310e-06 / 5.488719e-01
PCG: 0 : 1.368310e-06
PCG: 1 : 1.251709e-06 / 9.147849e-01
PCG: 2 : 9.456533e-07 / 6.911106e-01
PCG: 3 : 1.043513e-06 / 7.626296e-01

PCG ( VCycle ( S: Scale / C: Scale )  )

Complete solver TOE: 7.411
0.43377 GFlop/s [0.43377 GFlops/s]

Total time: 7.411s
Accumulated op time: 7.16304

Reductions: 1.87253%
Blas-1: 5.45071%
Blas-2: 89.3309%
Precon Kernels: 0%
MPI Execution: 0%
MPI Wait: 0%
Not covered: 3.34592%

Domain size: 26.799 MByte
LA size: 89.2379 MByte
MPI size: 2.68149 MByte

H0-Error: 2.293014e-06
H1-Error: 4.034416e-03

Writing DATA to output.data...
Run-Time: 0:09.831 [0:09.831]
0xb33959f8 Error: MemoryPool<CPU> still contains memory chunks on deconstructor call
