NUM-PROCS: 1
Preparing domain...
LVL-MIN: 5 [5]
LVL-MAX: 10 [10]
Creating gates...
Assembling system matrices...
Assembling system filters...
Assembling transfer matrices...
Converting assembled linear system from SparseMatrixCSR, Mem:main to SparseMatrixCSR, Mem:mainand to SparseMatrixCSR, Mem:main...
PCG: 0 : 9.466280e-03
PCG: 1 : 4.043862e-02 / 4.271860e+00
PCG: 0 : 4.047601e-02
PCG: 1 : 3.574368e-02 / 8.830830e-01
PCG: 0 : 3.574366e-02
PCG: 1 : 6.892060e-02 / 1.928191e+00
PCG: 0 : 6.892063e-02
PCG: 1 : 9.265132e-02 / 1.344319e+00
PCG: 0 : 9.265129e-02
PCG: 1 : 1.266003e-01 / 1.366417e+00
PCG: 0 : 1.266003e-01
PCG: 1 : 1.199022e-01 / 9.470919e-01
PCG: 0 : 1.199021e-01
PCG: 1 : 1.374268e-01 / 1.146158e+00
PCG: 0 : 1.374268e-01
PCG: 1 : 1.206345e-01 / 8.778089e-01
PCG: 0 : 1.206345e-01
PCG: 1 : 1.339934e-01 / 1.110739e+00
PCG: 0 : 1.339934e-01
PCG: 1 : 1.154531e-01 / 8.616325e-01
PCG: 0 : 1.154531e-01
PCG: 1 : 1.271716e-01 / 1.101500e+00
PCG: 0 : 1.271715e-01
PCG: 1 : 1.092525e-01 / 8.590952e-01
PCG: 0 : 1.092525e-01
PCG: 1 : 1.204105e-01 / 1.102131e+00
PCG: 0 : 1.204105e-01
PCG: 1 : 1.034882e-01 / 8.594612e-01
PCG: 0 : 1.034882e-01
PCG: 1 : 1.142033e-01 / 1.103540e+00
PCG: 0 : 1.142033e-01
PCG: 1 : 9.829843e-02 / 8.607318e-01
PCG: 0 : 9.829842e-02
PCG: 1 : 1.087330e-01 / 1.106152e+00
PCG: 0 : 1.087330e-01
PCG: 1 : 9.376591e-02 / 8.623502e-01
PCG: 0 : 9.376591e-02
PCG: 1 : 1.039121e-01 / 1.108208e+00
PCG: 0 : 1.039121e-01
PCG: 1 : 8.979850e-02 / 8.641773e-01
PCG: 0 : 8.979849e-02
PCG: 1 : 9.964418e-02 / 1.109642e+00
PCG: 0 : 9.964417e-02
PCG: 1 : 8.622146e-02 / 8.652936e-01
PCG: 0 : 8.622146e-02
PCG: 1 : 9.583029e-02 / 1.111444e+00
PCG: 0 : 9.583028e-02
PCG: 1 : 8.308526e-02 / 8.670043e-01
PCG: 0 : 8.308526e-02
PCG: 1 : 9.229306e-02 / 1.110824e+00
PCG: 0 : 9.229306e-02
PCG: 1 : 8.019123e-02 / 8.688760e-01
PCG: 0 : 8.019122e-02
PCG: 1 : 8.912232e-02 / 1.111372e+00
PCG: 0 : 8.912230e-02
PCG: 1 : 7.751857e-02 / 8.698000e-01
PCG: 0 : 7.751857e-02
PCG: 1 : 8.619149e-02 / 1.111882e+00
PCG: 0 : 8.619148e-02
PCG: 1 : 7.507593e-02 / 8.710365e-01
PCG: 0 : 7.507594e-02
PCG: 1 : 8.348388e-02 / 1.111992e+00
PCG: 0 : 8.348387e-02
PCG: 1 : 7.275039e-02 / 8.714305e-01
PCG: 0 : 7.275040e-02
PCG: 1 : 8.094147e-02 / 1.112591e+00
PCG: 0 : 8.094148e-02
PCG: 1 : 7.057846e-02 / 8.719690e-01
PCG: 0 : 7.057845e-02
PCG: 1 : 7.856039e-02 / 1.113093e+00
PCG: 0 : 7.856037e-02
PCG: 1 : 6.855290e-02 / 8.726141e-01
PCG: 0 : 6.855290e-02
PCG: 1 : 7.627329e-02 / 1.112620e+00
PCG: 0 : 7.627328e-02
PCG: 1 : 6.658766e-02 / 8.730143e-01
PCG: 0 : 6.658767e-02
PCG: 1 : 7.412790e-02 / 1.113238e+00
PCG: 0 : 7.412789e-02
PCG: 1 : 6.471564e-02 / 8.730268e-01
PCG: 0 : 6.471563e-02
PCG: 1 : 7.208332e-02 / 1.113847e+00
PCG: 0 : 7.208331e-02
PCG: 1 : 6.291331e-02 / 8.727860e-01
PCG: 0 : 6.291330e-02
PCG: 1 : 7.016039e-02 / 1.115192e+00
PCG: 0 : 7.016038e-02
PCG: 1 : 6.116447e-02 / 8.717808e-01
PCG: 0 : 6.116445e-02
PCG: 1 : 6.830315e-02 / 1.116713e+00
PCG: 0 : 6.830313e-02
PCG: 1 : 5.951572e-02 / 8.713469e-01
PCG: 0 : 5.951572e-02
PCG: 1 : 6.648368e-02 / 1.117078e+00
PCG: 0 : 6.648368e-02
PCG: 1 : 5.790474e-02 / 8.709617e-01
PCG: 0 : 5.790473e-02
PCG: 1 : 6.472997e-02 / 1.117870e+00
PCG: 0 : 6.472997e-02
PCG: 1 : 5.635459e-02 / 8.706104e-01
PCG: 0 : 5.635458e-02
PCG: 1 : 6.302939e-02 / 1.118443e+00
PCG: 0 : 6.302939e-02
PCG: 1 : 5.485563e-02 / 8.703182e-01
PCG: 0 : 5.485561e-02
PCG: 1 : 6.139788e-02 / 1.119263e+00
PCG: 0 : 6.139789e-02
PCG: 1 : 5.340378e-02 / 8.697982e-01
PCG: 0 : 5.340378e-02
PCG: 1 : 5.978266e-02 / 1.119446e+00
PCG: 0 : 5.978265e-02
PCG: 1 : 5.198860e-02 / 8.696269e-01
PCG: 0 : 5.198860e-02
PCG: 1 : 5.821113e-02 / 1.119690e+00
PCG: 0 : 5.821113e-02
PCG: 1 : 5.067577e-02 / 8.705513e-01
PCG: 0 : 5.067577e-02
PCG: 1 : 5.668674e-02 / 1.118616e+00
PCG: 0 : 5.668674e-02
PCG: 1 : 4.932693e-02 / 8.701670e-01
PCG: 0 : 4.932693e-02
PCG: 1 : 5.522902e-02 / 1.119653e+00
PCG: 0 : 5.522902e-02
PCG: 1 : 4.803732e-02 / 8.697841e-01
PCG: 0 : 4.803732e-02
PCG: 1 : 5.380139e-02 / 1.119992e+00
PCG: 0 : 5.380139e-02
PCG: 1 : 4.678247e-02 / 8.695401e-01
PCG: 0 : 4.678247e-02
PCG: 1 : 5.242782e-02 / 1.120672e+00
PCG: 0 : 5.242782e-02
PCG: 1 : 4.555033e-02 / 8.688198e-01
PCG: 0 : 4.555033e-02
PCG: 1 : 5.109051e-02 / 1.121628e+00
PCG: 0 : 5.109051e-02
PCG: 1 : 4.436617e-02 / 8.683837e-01
PCG: 0 : 4.436616e-02
PCG: 1 : 4.978282e-02 / 1.122090e+00
PCG: 0 : 4.978282e-02
PCG: 1 : 4.320889e-02 / 8.679478e-01
PCG: 0 : 4.320889e-02
PCG: 1 : 4.851023e-02 / 1.122691e+00
PCG: 0 : 4.851023e-02
PCG: 1 : 4.210006e-02 / 8.678594e-01
PCG: 0 : 4.210005e-02
PCG: 1 : 4.725866e-02 / 1.122532e+00
PCG: 0 : 4.725866e-02
PCG: 1 : 4.100487e-02 / 8.676689e-01
PCG: 0 : 4.100487e-02
PCG: 1 : 4.604555e-02 / 1.122929e+00
PCG: 0 : 4.604555e-02
PCG: 1 : 3.994278e-02 / 8.674623e-01
PCG: 0 : 3.994277e-02
PCG: 1 : 4.485139e-02 / 1.122891e+00
PCG: 0 : 4.485139e-02
PCG: 1 : 3.891096e-02 / 8.675529e-01
PCG: 0 : 3.891096e-02
PCG: 1 : 4.372006e-02 / 1.123593e+00
PCG: 0 : 4.372006e-02
PCG: 1 : 3.788942e-02 / 8.666370e-01
PCG: 0 : 3.788942e-02
PCG: 1 : 4.260548e-02 / 1.124469e+00
PCG: 0 : 4.260548e-02
PCG: 1 : 3.689041e-02 / 8.658606e-01
PCG: 0 : 3.689041e-02
PCG: 1 : 4.152038e-02 / 1.125506e+00
PCG: 0 : 4.152038e-02
PCG: 1 : 3.595031e-02 / 8.658473e-01
PCG: 0 : 3.595030e-02
PCG: 1 : 4.044780e-02 / 1.125103e+00
PCG: 0 : 4.044781e-02
PCG: 1 : 3.500512e-02 / 8.654394e-01
PCG: 0 : 3.500512e-02
PCG: 1 : 3.940714e-02 / 1.125754e+00
PCG: 0 : 3.940715e-02
PCG: 1 : 3.411293e-02 / 8.656535e-01
PCG: 0 : 3.411293e-02
PCG: 1 : 3.839288e-02 / 1.125464e+00
PCG: 0 : 3.839288e-02
PCG: 1 : 3.322954e-02 / 8.655132e-01
PCG: 0 : 3.322954e-02
PCG: 1 : 3.740296e-02 / 1.125594e+00
PCG: 0 : 3.740296e-02
PCG: 1 : 3.238703e-02 / 8.658949e-01
PCG: 0 : 3.238702e-02
PCG: 1 : 3.643683e-02 / 1.125044e+00
PCG: 0 : 3.643683e-02
PCG: 1 : 3.157123e-02 / 8.664647e-01
PCG: 0 : 3.157122e-02
PCG: 1 : 3.546833e-02 / 1.123439e+00
PCG: 0 : 3.546833e-02
PCG: 1 : 3.078104e-02 / 8.678458e-01
PCG: 0 : 3.078104e-02
PCG: 1 : 3.454279e-02 / 1.122210e+00
PCG: 0 : 3.454278e-02
PCG: 1 : 2.999703e-02 / 8.684022e-01
PCG: 0 : 2.999703e-02
PCG: 1 : 3.364274e-02 / 1.121536e+00
PCG: 0 : 3.364274e-02
PCG: 1 : 2.925211e-02 / 8.694926e-01
PCG: 0 : 2.925211e-02
PCG: 1 : 3.276732e-02 / 1.120170e+00
PCG: 0 : 3.276732e-02
PCG: 1 : 2.850723e-02 / 8.699897e-01
PCG: 0 : 2.850722e-02
PCG: 1 : 3.192335e-02 / 1.119834e+00
PCG: 0 : 3.192335e-02
PCG: 1 : 2.777442e-02 / 8.700345e-01
PCG: 0 : 2.777442e-02
PCG: 1 : 3.110502e-02 / 1.119916e+00
PCG: 0 : 3.110502e-02
PCG: 1 : 2.705237e-02 / 8.697107e-01
PCG: 0 : 2.705237e-02
PCG: 1 : 3.031496e-02 / 1.120602e+00
PCG: 0 : 3.031495e-02
PCG: 1 : 2.635991e-02 / 8.695351e-01
PCG: 0 : 2.635991e-02
PCG: 1 : 2.952272e-02 / 1.119986e+00
PCG: 0 : 2.952272e-02
PCG: 1 : 2.569084e-02 / 8.702058e-01
PCG: 0 : 2.569084e-02
PCG: 1 : 2.876667e-02 / 1.119725e+00
PCG: 0 : 2.876668e-02
PCG: 1 : 2.502783e-02 / 8.700285e-01
PCG: 0 : 2.502783e-02
PCG: 1 : 2.802921e-02 / 1.119922e+00
PCG: 0 : 2.802921e-02
PCG: 1 : 2.438142e-02 / 8.698575e-01
PCG: 0 : 2.438142e-02
PCG: 1 : 2.729949e-02 / 1.119684e+00
PCG: 0 : 2.729948e-02
PCG: 1 : 2.375862e-02 / 8.702957e-01
PCG: 0 : 2.375863e-02
PCG: 1 : 2.659952e-02 / 1.119573e+00
PCG: 0 : 2.659952e-02
PCG: 1 : 2.315445e-02 / 8.704840e-01
PCG: 0 : 2.315445e-02
PCG: 1 : 2.591581e-02 / 1.119258e+00
PCG: 0 : 2.591581e-02
PCG: 1 : 2.256168e-02 / 8.705759e-01
PCG: 0 : 2.256168e-02
PCG: 1 : 2.524250e-02 / 1.118822e+00
PCG: 0 : 2.524250e-02
PCG: 1 : 2.198938e-02 / 8.711253e-01
PCG: 0 : 2.198938e-02
PCG: 1 : 2.460125e-02 / 1.118778e+00
PCG: 0 : 2.460125e-02
PCG: 1 : 2.141835e-02 / 8.706203e-01
PCG: 0 : 2.141834e-02
PCG: 1 : 2.397616e-02 / 1.119422e+00
PCG: 0 : 2.397616e-02
PCG: 1 : 2.086172e-02 / 8.701029e-01
PCG: 0 : 2.086172e-02
PCG: 1 : 2.337966e-02 / 1.120697e+00
PCG: 0 : 2.337966e-02
PCG: 1 : 2.031873e-02 / 8.690770e-01
PCG: 0 : 2.031873e-02
PCG: 1 : 2.279322e-02 / 1.121784e+00
PCG: 0 : 2.279322e-02
PCG: 1 : 1.977979e-02 / 8.677926e-01
PCG: 0 : 1.977979e-02
PCG: 1 : 2.222260e-02 / 1.123501e+00
PCG: 0 : 2.222260e-02
PCG: 1 : 1.927552e-02 / 8.673835e-01
PCG: 0 : 1.927552e-02
PCG: 1 : 2.165150e-02 / 1.123264e+00
PCG: 0 : 2.165150e-02
PCG: 1 : 1.877762e-02 / 8.672668e-01
PCG: 0 : 1.877762e-02
PCG: 1 : 2.109753e-02 / 1.123546e+00
PCG: 0 : 2.109753e-02
PCG: 1 : 1.829839e-02 / 8.673236e-01
PCG: 0 : 1.829839e-02
PCG: 1 : 2.053998e-02 / 1.122502e+00
PCG: 0 : 2.053998e-02
PCG: 1 : 1.783770e-02 / 8.684384e-01
PCG: 0 : 1.783771e-02
PCG: 1 : 2.001347e-02 / 1.121975e+00
PCG: 0 : 2.001346e-02
PCG: 1 : 1.737922e-02 / 8.683764e-01
PCG: 0 : 1.737922e-02
PCG: 1 : 1.950008e-02 / 1.122034e+00
PCG: 0 : 1.950008e-02
PCG: 1 : 1.693374e-02 / 8.683933e-01
PCG: 0 : 1.693374e-02
PCG: 1 : 1.900173e-02 / 1.122123e+00
PCG: 0 : 1.900173e-02
PCG: 1 : 1.650337e-02 / 8.685191e-01
PCG: 0 : 1.650337e-02
PCG: 1 : 1.851797e-02 / 1.122072e+00
PCG: 0 : 1.851797e-02
PCG: 1 : 1.607522e-02 / 8.680876e-01
PCG: 0 : 1.607522e-02
PCG: 1 : 1.805412e-02 / 1.123102e+00
PCG: 0 : 1.805412e-02
PCG: 1 : 1.565967e-02 / 8.673737e-01
PCG: 0 : 1.565967e-02
PCG: 1 : 1.760013e-02 / 1.123915e+00
PCG: 0 : 1.760013e-02
PCG: 1 : 1.525039e-02 / 8.664930e-01
PCG: 0 : 1.525039e-02
PCG: 1 : 1.715226e-02 / 1.124710e+00
PCG: 0 : 1.715226e-02
PCG: 1 : 1.486470e-02 / 8.666320e-01
PCG: 0 : 1.486470e-02
PCG: 1 : 1.671425e-02 / 1.124426e+00
PCG: 0 : 1.671424e-02
PCG: 1 : 1.448349e-02 / 8.665360e-01
PCG: 0 : 1.448349e-02
PCG: 1 : 1.628689e-02 / 1.124514e+00
PCG: 0 : 1.628689e-02
PCG: 1 : 1.410652e-02 / 8.661278e-01
PCG: 0 : 1.410652e-02
PCG: 1 : 1.587330e-02 / 1.125245e+00
PCG: 0 : 1.587330e-02
PCG: 1 : 1.374857e-02 / 8.661444e-01
PCG: 0 : 1.374857e-02
PCG: 1 : 1.546629e-02 / 1.124938e+00
PCG: 0 : 1.546629e-02
PCG: 1 : 1.339381e-02 / 8.660004e-01
PCG: 0 : 1.339381e-02
PCG: 1 : 1.506934e-02 / 1.125097e+00
PCG: 0 : 1.506933e-02
PCG: 1 : 1.304975e-02 / 8.659808e-01
PCG: 0 : 1.304975e-02
PCG: 1 : 1.468636e-02 / 1.125413e+00
PCG: 0 : 1.468636e-02
PCG: 1 : 1.271700e-02 / 8.659058e-01
PCG: 0 : 1.271700e-02
PCG: 1 : 1.430398e-02 / 1.124792e+00
PCG: 0 : 1.430397e-02
PCG: 1 : 1.239407e-02 / 8.664774e-01
PCG: 0 : 1.239407e-02
PCG: 1 : 1.393923e-02 / 1.124669e+00
PCG: 0 : 1.393923e-02
PCG: 1 : 1.207358e-02 / 8.661589e-01
PCG: 0 : 1.207358e-02
PCG: 1 : 1.358550e-02 / 1.125225e+00
PCG: 0 : 1.358550e-02
PCG: 1 : 1.176372e-02 / 8.659031e-01
PCG: 0 : 1.176372e-02
PCG: 1 : 1.324317e-02 / 1.125763e+00
PCG: 0 : 1.324317e-02
PCG: 1 : 1.146078e-02 / 8.654110e-01
PCG: 0 : 1.146078e-02
PCG: 1 : 1.290749e-02 / 1.126231e+00
PCG: 0 : 1.290748e-02
PCG: 1 : 1.116155e-02 / 8.647345e-01
PCG: 0 : 1.116155e-02
PCG: 1 : 1.258518e-02 / 1.127548e+00
PCG: 0 : 1.258519e-02
PCG: 1 : 1.087330e-02 / 8.639761e-01
PCG: 0 : 1.087330e-02
PCG: 1 : 1.226715e-02 / 1.128190e+00
PCG: 0 : 1.226715e-02
PCG: 1 : 1.058663e-02 / 8.630065e-01
PCG: 0 : 1.058663e-02
PCG: 1 : 1.196480e-02 / 1.130180e+00
PCG: 0 : 1.196480e-02
PCG: 1 : 1.031268e-02 / 8.619187e-01
PCG: 0 : 1.031268e-02
PCG: 1 : 1.166526e-02 / 1.131157e+00
PCG: 0 : 1.166526e-02
PCG: 1 : 1.004542e-02 / 8.611401e-01
PCG: 0 : 1.004542e-02
PCG: 1 : 1.137184e-02 / 1.132042e+00
PCG: 0 : 1.137184e-02
PCG: 1 : 9.785359e-03 / 8.604903e-01
PCG: 0 : 9.785359e-03
PCG: 1 : 1.108309e-02 / 1.132619e+00
PCG: 0 : 1.108309e-02
PCG: 1 : 9.532686e-03 / 8.601112e-01
PCG: 0 : 9.532686e-03
PCG: 1 : 1.080135e-02 / 1.133086e+00
PCG: 0 : 1.080135e-02
PCG: 1 : 9.287832e-03 / 8.598771e-01
PCG: 0 : 9.287834e-03
PCG: 1 : 1.052755e-02 / 1.133478e+00
PCG: 0 : 1.052755e-02
PCG: 1 : 9.042009e-03 / 8.588899e-01
PCG: 0 : 9.042011e-03
PCG: 1 : 1.026476e-02 / 1.135229e+00
PCG: 0 : 1.026476e-02
PCG: 1 : 8.805140e-03 / 8.578032e-01
PCG: 0 : 8.805139e-03
PCG: 1 : 1.000641e-02 / 1.136429e+00
PCG: 0 : 1.000641e-02
PCG: 1 : 8.578517e-03 / 8.573018e-01
PCG: 0 : 8.578518e-03
PCG: 1 : 9.753746e-03 / 1.136997e+00
PCG: 0 : 9.753745e-03
PCG: 1 : 8.355225e-03 / 8.566172e-01
PCG: 0 : 8.355224e-03
PCG: 1 : 9.512168e-03 / 1.138470e+00
PCG: 0 : 9.512169e-03
PCG: 1 : 8.137793e-03 / 8.555139e-01
PCG: 0 : 8.137792e-03
PCG: 1 : 9.271691e-03 / 1.139337e+00
PCG: 0 : 9.271689e-03
PCG: 1 : 7.927193e-03 / 8.549892e-01
PCG: 0 : 7.927193e-03
PCG: 1 : 9.038814e-03 / 1.140229e+00
PCG: 0 : 9.038812e-03
PCG: 1 : 7.724019e-03 / 8.545392e-01
PCG: 0 : 7.724020e-03
PCG: 1 : 8.809364e-03 / 1.140516e+00
PCG: 0 : 8.809363e-03
PCG: 1 : 7.527333e-03 / 8.544695e-01
PCG: 0 : 7.527333e-03
PCG: 1 : 8.584127e-03 / 1.140394e+00
PCG: 0 : 8.584128e-03
PCG: 1 : 7.331992e-03 / 8.541335e-01
PCG: 0 : 7.331990e-03
PCG: 1 : 8.369523e-03 / 1.141508e+00
PCG: 0 : 8.369520e-03
PCG: 1 : 7.143186e-03 / 8.534762e-01
PCG: 0 : 7.143185e-03
PCG: 1 : 8.154828e-03 / 1.141623e+00
PCG: 0 : 8.154826e-03
PCG: 1 : 6.962580e-03 / 8.537987e-01
PCG: 0 : 6.962580e-03
PCG: 1 : 7.946071e-03 / 1.141254e+00
PCG: 0 : 7.946071e-03
PCG: 1 : 6.782712e-03 / 8.535932e-01
PCG: 0 : 6.782711e-03
PCG: 1 : 7.747164e-03 / 1.142193e+00
PCG: 0 : 7.747164e-03
PCG: 1 : 6.608694e-03 / 8.530469e-01
PCG: 0 : 6.608693e-03
PCG: 1 : 7.548443e-03 / 1.142199e+00
PCG: 0 : 7.548443e-03
PCG: 1 : 6.438349e-03 / 8.529373e-01
PCG: 0 : 6.438348e-03
PCG: 1 : 7.356957e-03 / 1.142678e+00
PCG: 0 : 7.356956e-03
PCG: 1 : 6.272322e-03 / 8.525703e-01
PCG: 0 : 6.272321e-03
PCG: 1 : 7.167529e-03 / 1.142724e+00
PCG: 0 : 7.167529e-03
PCG: 1 : 6.111823e-03 / 8.527100e-01
PCG: 0 : 6.111823e-03
PCG: 1 : 6.986167e-03 / 1.143058e+00
PCG: 0 : 6.986167e-03
PCG: 1 : 5.955241e-03 / 8.524332e-01
PCG: 0 : 5.955240e-03
PCG: 1 : 6.805983e-03 / 1.142856e+00
PCG: 0 : 6.805984e-03
PCG: 1 : 5.804792e-03 / 8.528953e-01
PCG: 0 : 5.804792e-03
PCG: 1 : 6.630553e-03 / 1.142255e+00
PCG: 0 : 6.630553e-03
PCG: 1 : 5.658959e-03 / 8.534670e-01
PCG: 0 : 5.658958e-03
PCG: 1 : 6.458789e-03 / 1.141339e+00
PCG: 0 : 6.458788e-03
PCG: 1 : 5.517822e-03 / 8.543122e-01
PCG: 0 : 5.517821e-03
PCG: 1 : 6.292662e-03 / 1.140425e+00
PCG: 0 : 6.292661e-03
PCG: 1 : 5.375145e-03 / 8.541927e-01
PCG: 0 : 5.375145e-03
PCG: 1 : 6.134402e-03 / 1.141253e+00
PCG: 0 : 6.134402e-03
PCG: 1 : 5.237695e-03 / 8.538231e-01
PCG: 0 : 5.237695e-03
PCG: 1 : 5.976490e-03 / 1.141054e+00
PCG: 0 : 5.976492e-03
PCG: 1 : 5.103842e-03 / 8.539863e-01
PCG: 0 : 5.103841e-03
PCG: 1 : 5.826493e-03 / 1.141590e+00
PCG: 0 : 5.826493e-03
PCG: 1 : 4.972516e-03 / 8.534321e-01
PCG: 0 : 4.972515e-03
PCG: 1 : 5.678703e-03 / 1.142018e+00
PCG: 0 : 5.678702e-03
PCG: 1 : 4.845851e-03 / 8.533378e-01
PCG: 0 : 4.845849e-03
PCG: 1 : 5.534733e-03 / 1.142160e+00
PCG: 0 : 5.534734e-03
PCG: 1 : 4.721614e-03 / 8.530878e-01
PCG: 0 : 4.721615e-03
PCG: 1 : 5.392868e-03 / 1.142166e+00
PCG: 0 : 5.392868e-03
PCG: 1 : 4.601362e-03 / 8.532310e-01
PCG: 0 : 4.601362e-03
PCG: 1 : 5.255312e-03 / 1.142121e+00
PCG: 0 : 5.255311e-03
PCG: 1 : 4.483337e-03 / 8.531059e-01
PCG: 0 : 4.483337e-03
PCG: 1 : 5.121969e-03 / 1.142446e+00
PCG: 0 : 5.121970e-03
PCG: 1 : 4.366721e-03 / 8.525472e-01
PCG: 0 : 4.366720e-03
PCG: 1 : 4.992179e-03 / 1.143233e+00
PCG: 0 : 4.992179e-03
PCG: 1 : 4.254502e-03 / 8.522335e-01
PCG: 0 : 4.254502e-03
PCG: 1 : 4.864422e-03 / 1.143359e+00
PCG: 0 : 4.864422e-03
PCG: 1 : 4.147123e-03 / 8.525419e-01
PCG: 0 : 4.147124e-03
PCG: 1 : 4.740114e-03 / 1.142988e+00
PCG: 0 : 4.740114e-03
PCG: 1 : 4.042089e-03 / 8.527409e-01
PCG: 0 : 4.042089e-03
PCG: 1 : 4.618139e-03 / 1.142513e+00
PCG: 0 : 4.618139e-03
PCG: 1 : 3.939355e-03 / 8.530178e-01
PCG: 0 : 3.939355e-03
PCG: 1 : 4.500717e-03 / 1.142501e+00
PCG: 0 : 4.500716e-03
PCG: 1 : 3.838673e-03 / 8.529027e-01
PCG: 0 : 3.838673e-03
PCG: 1 : 4.386118e-03 / 1.142613e+00
PCG: 0 : 4.386118e-03
PCG: 1 : 3.740332e-03 / 8.527659e-01
PCG: 0 : 3.740332e-03
PCG: 1 : 4.274018e-03 / 1.142684e+00
PCG: 0 : 4.274018e-03
PCG: 1 : 3.645642e-03 / 8.529777e-01
PCG: 0 : 3.645642e-03
PCG: 1 : 4.165104e-03 / 1.142488e+00
PCG: 0 : 4.165104e-03
PCG: 1 : 3.550821e-03 / 8.525168e-01
PCG: 0 : 3.550821e-03
PCG: 1 : 4.061067e-03 / 1.143698e+00
PCG: 0 : 4.061067e-03
PCG: 1 : 3.461140e-03 / 8.522735e-01
PCG: 0 : 3.461140e-03
PCG: 1 : 3.958112e-03 / 1.143586e+00
PCG: 0 : 3.958113e-03
PCG: 1 : 3.371579e-03 / 8.518149e-01
PCG: 0 : 3.371579e-03
PCG: 1 : 3.857796e-03 / 1.144211e+00
PCG: 0 : 3.857797e-03
PCG: 1 : 3.285752e-03 / 8.517172e-01
PCG: 0 : 3.285752e-03
PCG: 1 : 3.758134e-03 / 1.143767e+00
PCG: 0 : 3.758134e-03
PCG: 1 : 3.201837e-03 / 8.519752e-01
PCG: 0 : 3.201837e-03
PCG: 1 : 3.662719e-03 / 1.143943e+00
PCG: 0 : 3.662719e-03
PCG: 1 : 3.119750e-03 / 8.517579e-01
PCG: 0 : 3.119749e-03
PCG: 1 : 3.568738e-03 / 1.143918e+00
PCG: 0 : 3.568738e-03
PCG: 1 : 3.040672e-03 / 8.520299e-01
PCG: 0 : 3.040671e-03
PCG: 1 : 3.476742e-03 / 1.143413e+00
PCG: 0 : 3.476743e-03
PCG: 1 : 2.963745e-03 / 8.524486e-01
PCG: 0 : 2.963745e-03
PCG: 1 : 3.387959e-03 / 1.143134e+00
PCG: 0 : 3.387959e-03
PCG: 1 : 2.888571e-03 / 8.525991e-01
PCG: 0 : 2.888571e-03
PCG: 1 : 3.300901e-03 / 1.142745e+00
PCG: 0 : 3.300901e-03
PCG: 1 : 2.816160e-03 / 8.531489e-01
PCG: 0 : 2.816160e-03
PCG: 1 : 3.216194e-03 / 1.142050e+00
PCG: 0 : 3.216194e-03
PCG: 1 : 2.744451e-03 / 8.533226e-01
PCG: 0 : 2.744451e-03
PCG: 1 : 3.134032e-03 / 1.141952e+00
PCG: 0 : 3.134032e-03
PCG: 1 : 2.675780e-03 / 8.537821e-01
PCG: 0 : 2.675780e-03
PCG: 1 : 3.052528e-03 / 1.140799e+00
PCG: 0 : 3.052528e-03
PCG: 1 : 2.607158e-03 / 8.540980e-01
PCG: 0 : 2.607158e-03
PCG: 1 : 2.976600e-03 / 1.141703e+00
PCG: 0 : 2.976601e-03
PCG: 1 : 2.539466e-03 / 8.531429e-01
PCG: 0 : 2.539466e-03
PCG: 1 : 2.901461e-03 / 1.142548e+00
PCG: 0 : 2.901461e-03
PCG: 1 : 2.475074e-03 / 8.530440e-01
PCG: 0 : 2.475073e-03
PCG: 1 : 2.827526e-03 / 1.142401e+00
PCG: 0 : 2.827526e-03
PCG: 1 : 2.411520e-03 / 8.528728e-01
PCG: 0 : 2.411520e-03
PCG: 1 : 2.756358e-03 / 1.142996e+00
PCG: 0 : 2.756358e-03
PCG: 1 : 2.349235e-03 / 8.522969e-01
PCG: 0 : 2.349236e-03
PCG: 1 : 2.686209e-03 / 1.143440e+00
PCG: 0 : 2.686209e-03
PCG: 1 : 2.288508e-03 / 8.519472e-01
PCG: 0 : 2.288508e-03
PCG: 1 : 2.618538e-03 / 1.144212e+00
PCG: 0 : 2.618538e-03
PCG: 1 : 2.229503e-03 / 8.514304e-01
PCG: 0 : 2.229503e-03
PCG: 1 : 2.552561e-03 / 1.144901e+00
PCG: 0 : 2.552561e-03
PCG: 1 : 2.171901e-03 / 8.508713e-01
PCG: 0 : 2.171901e-03
PCG: 1 : 2.487309e-03 / 1.145222e+00
PCG: 0 : 2.487309e-03
PCG: 1 : 2.117201e-03 / 8.512017e-01
PCG: 0 : 2.117201e-03
PCG: 1 : 2.422857e-03 / 1.144368e+00
PCG: 0 : 2.422856e-03
PCG: 1 : 2.064566e-03 / 8.521208e-01
PCG: 0 : 2.064566e-03
PCG: 1 : 2.360940e-03 / 1.143553e+00
PCG: 0 : 2.360941e-03
PCG: 1 : 2.011803e-03 / 8.521191e-01
PCG: 0 : 2.011803e-03
PCG: 1 : 2.301168e-03 / 1.143834e+00
PCG: 0 : 2.301168e-03
PCG: 1 : 1.961223e-03 / 8.522729e-01
PCG: 0 : 1.961223e-03
PCG: 1 : 2.243340e-03 / 1.143848e+00
PCG: 0 : 2.243340e-03
PCG: 1 : 1.909659e-03 / 8.512568e-01
PCG: 0 : 1.909659e-03
PCG: 1 : 2.186403e-03 / 1.144918e+00
PCG: 0 : 2.186403e-03
PCG: 1 : 1.860540e-03 / 8.509594e-01
PCG: 0 : 1.860540e-03
PCG: 1 : 2.131131e-03 / 1.145437e+00
PCG: 0 : 2.131131e-03
PCG: 1 : 1.812589e-03 / 8.505291e-01
PCG: 0 : 1.812589e-03
PCG: 1 : 2.077166e-03 / 1.145967e+00
PCG: 0 : 2.077166e-03
PCG: 1 : 1.766426e-03 / 8.504018e-01
PCG: 0 : 1.766425e-03
PCG: 1 : 2.024394e-03 / 1.146040e+00
PCG: 0 : 2.024393e-03
PCG: 1 : 1.721458e-03 / 8.503577e-01
PCG: 0 : 1.721458e-03
PCG: 1 : 1.973411e-03 / 1.146360e+00
PCG: 0 : 1.973411e-03
PCG: 1 : 1.677788e-03 / 8.501968e-01
PCG: 0 : 1.677788e-03
PCG: 1 : 1.922962e-03 / 1.146129e+00
PCG: 0 : 1.922962e-03
PCG: 1 : 1.633884e-03 / 8.496704e-01
PCG: 0 : 1.633884e-03
PCG: 1 : 1.874691e-03 / 1.147383e+00
PCG: 0 : 1.874691e-03
PCG: 1 : 1.591816e-03 / 8.491089e-01
PCG: 0 : 1.591817e-03
PCG: 1 : 1.827389e-03 / 1.147990e+00
PCG: 0 : 1.827389e-03
PCG: 1 : 1.550984e-03 / 8.487433e-01
PCG: 0 : 1.550984e-03
PCG: 1 : 1.780496e-03 / 1.147979e+00
PCG: 0 : 1.780496e-03
PCG: 1 : 1.511631e-03 / 8.489943e-01
PCG: 0 : 1.511631e-03
PCG: 1 : 1.734450e-03 / 1.147403e+00
PCG: 0 : 1.734451e-03
PCG: 1 : 1.473760e-03 / 8.496981e-01
PCG: 0 : 1.473759e-03
PCG: 1 : 1.690375e-03 / 1.146981e+00
PCG: 0 : 1.690375e-03
PCG: 1 : 1.435824e-03 / 8.494114e-01
PCG: 0 : 1.435824e-03
PCG: 1 : 1.647795e-03 / 1.147630e+00
PCG: 0 : 1.647795e-03
PCG: 1 : 1.399382e-03 / 8.492457e-01
PCG: 0 : 1.399382e-03
PCG: 1 : 1.605863e-03 / 1.147551e+00
PCG: 0 : 1.605863e-03
PCG: 1 : 1.363664e-03 / 8.491786e-01
PCG: 0 : 1.363664e-03
PCG: 1 : 1.564869e-03 / 1.147547e+00
PCG: 0 : 1.564868e-03
PCG: 1 : 1.329264e-03 / 8.494413e-01
PCG: 0 : 1.329264e-03
PCG: 1 : 1.524086e-03 / 1.146564e+00
PCG: 0 : 1.524087e-03
PCG: 1 : 1.295472e-03 / 8.499988e-01
PCG: 0 : 1.295471e-03
PCG: 1 : 1.485651e-03 / 1.146803e+00
PCG: 0 : 1.485651e-03
PCG: 1 : 1.262534e-03 / 8.498189e-01
PCG: 0 : 1.262534e-03
PCG: 1 : 1.447954e-03 / 1.146863e+00
PCG: 0 : 1.447953e-03
PCG: 1 : 1.229990e-03 / 8.494683e-01
PCG: 0 : 1.229990e-03
PCG: 1 : 1.411419e-03 / 1.147504e+00
PCG: 0 : 1.411419e-03
PCG: 1 : 1.198479e-03 / 8.491306e-01
PCG: 0 : 1.198479e-03
PCG: 1 : 1.375808e-03 / 1.147961e+00
PCG: 0 : 1.375808e-03
PCG: 1 : 1.167565e-03 / 8.486400e-01
PCG: 0 : 1.167565e-03
PCG: 1 : 1.341076e-03 / 1.148609e+00
PCG: 0 : 1.341076e-03
PCG: 1 : 1.137855e-03 / 8.484645e-01
PCG: 0 : 1.137855e-03
PCG: 1 : 1.306337e-03 / 1.148070e+00
PCG: 0 : 1.306337e-03
PCG: 1 : 1.109298e-03 / 8.491670e-01
PCG: 0 : 1.109298e-03
PCG: 1 : 1.272597e-03 / 1.147209e+00
PCG: 0 : 1.272597e-03
PCG: 1 : 1.080787e-03 / 8.492773e-01
PCG: 0 : 1.080788e-03
PCG: 1 : 1.239923e-03 / 1.147240e+00
PCG: 0 : 1.239922e-03
PCG: 1 : 1.053735e-03 / 8.498396e-01
PCG: 0 : 1.053735e-03
PCG: 1 : 1.208027e-03 / 1.146423e+00
PCG: 0 : 1.208027e-03
PCG: 1 : 1.027144e-03 / 8.502661e-01
PCG: 0 : 1.027144e-03
PCG: 1 : 1.177398e-03 / 1.146283e+00
PCG: 0 : 1.177398e-03
PCG: 1 : 1.000987e-03 / 8.501691e-01
PCG: 0 : 1.000987e-03
PCG: 1 : 1.147617e-03 / 1.146486e+00
PCG: 0 : 1.147618e-03
PCG: 1 : 9.755947e-04 / 8.501043e-01
PCG: 0 : 9.755947e-04
PCG: 1 : 1.118096e-03 / 1.146066e+00
PCG: 0 : 1.118096e-03
PCG: 1 : 9.508595e-04 / 8.504273e-01
PCG: 0 : 9.508593e-04
PCG: 1 : 1.089506e-03 / 1.145811e+00
PCG: 0 : 1.089506e-03
PCG: 1 : 9.265627e-04 / 8.504432e-01
PCG: 0 : 9.265626e-04
PCG: 1 : 1.061819e-03 / 1.145976e+00
PCG: 0 : 1.061819e-03
PCG: 1 : 9.029012e-04 / 8.503346e-01
PCG: 0 : 9.029013e-04
PCG: 1 : 1.034763e-03 / 1.146042e+00
PCG: 0 : 1.034763e-03
PCG: 1 : 8.799111e-04 / 8.503501e-01
PCG: 0 : 8.799112e-04
PCG: 1 : 1.008629e-03 / 1.146285e+00
PCG: 0 : 1.008629e-03
PCG: 1 : 8.573743e-04 / 8.500396e-01
PCG: 0 : 8.573744e-04
PCG: 1 : 9.832862e-04 / 1.146857e+00
PCG: 0 : 9.832862e-04
PCG: 1 : 8.352032e-04 / 8.493999e-01
PCG: 0 : 8.352031e-04
PCG: 1 : 9.581951e-04 / 1.147260e+00
PCG: 0 : 9.581952e-04
PCG: 1 : 8.139997e-04 / 8.495135e-01
PCG: 0 : 8.139994e-04
PCG: 1 : 9.337728e-04 / 1.147142e+00
PCG: 0 : 9.337728e-04
PCG: 1 : 7.929018e-04 / 8.491379e-01
PCG: 0 : 7.929020e-04
PCG: 1 : 9.101201e-04 / 1.147834e+00
PCG: 0 : 9.101201e-04
PCG: 1 : 7.726568e-04 / 8.489614e-01
PCG: 0 : 7.726566e-04
PCG: 1 : 8.870143e-04 / 1.148006e+00
PCG: 0 : 8.870143e-04
PCG: 1 : 7.526780e-04 / 8.485523e-01
PCG: 0 : 7.526779e-04
PCG: 1 : 8.644347e-04 / 1.148479e+00
PCG: 0 : 8.644346e-04
PCG: 1 : 7.337233e-04 / 8.487899e-01
PCG: 0 : 7.337235e-04
PCG: 1 : 8.426212e-04 / 1.148418e+00
PCG: 0 : 8.426212e-04
PCG: 1 : 7.147135e-04 / 8.482026e-01
PCG: 0 : 7.147135e-04
PCG: 1 : 8.216680e-04 / 1.149647e+00
PCG: 0 : 8.216677e-04
PCG: 1 : 6.963210e-04 / 8.474483e-01
PCG: 0 : 6.963210e-04
PCG: 1 : 8.009755e-04 / 1.150296e+00
PCG: 0 : 8.009752e-04
PCG: 1 : 6.783011e-04 / 8.468440e-01
PCG: 0 : 6.783010e-04
PCG: 1 : 7.807746e-04 / 1.151074e+00
PCG: 0 : 7.807747e-04
PCG: 1 : 6.609848e-04 / 8.465756e-01
PCG: 0 : 6.609848e-04
PCG: 1 : 7.608330e-04 / 1.151060e+00
PCG: 0 : 7.608330e-04
PCG: 1 : 6.439835e-04 / 8.464191e-01
PCG: 0 : 6.439835e-04
PCG: 1 : 7.417664e-04 / 1.151841e+00
PCG: 0 : 7.417665e-04
PCG: 1 : 6.272537e-04 / 8.456215e-01
PCG: 0 : 6.272537e-04
PCG: 1 : 7.233126e-04 / 1.153142e+00
PCG: 0 : 7.233125e-04
PCG: 1 : 6.110392e-04 / 8.447790e-01
PCG: 0 : 6.110392e-04
PCG: 1 : 7.050155e-04 / 1.153798e+00
PCG: 0 : 7.050156e-04
PCG: 1 : 5.955238e-04 / 8.446959e-01
PCG: 0 : 5.955237e-04
PCG: 1 : 6.871996e-04 / 1.153942e+00
PCG: 0 : 6.871996e-04
PCG: 1 : 5.802239e-04 / 8.443308e-01
PCG: 0 : 5.802239e-04
PCG: 1 : 6.694084e-04 / 1.153707e+00
PCG: 0 : 6.694084e-04
PCG: 1 : 5.655834e-04 / 8.449004e-01
PCG: 0 : 5.655833e-04
PCG: 1 : 6.522913e-04 / 1.153307e+00
PCG: 0 : 6.522913e-04
PCG: 1 : 5.510019e-04 / 8.447175e-01
PCG: 0 : 5.510018e-04
PCG: 1 : 6.358225e-04 / 1.153939e+00
PCG: 0 : 6.358225e-04
PCG: 1 : 5.368401e-04 / 8.443239e-01
PCG: 0 : 5.368401e-04
PCG: 1 : 6.197536e-04 / 1.154447e+00
PCG: 0 : 6.197534e-04
PCG: 1 : 5.230195e-04 / 8.439155e-01
PCG: 0 : 5.230196e-04
PCG: 1 : 6.040023e-04 / 1.154837e+00
PCG: 0 : 6.040024e-04
PCG: 1 : 5.100401e-04 / 8.444339e-01
PCG: 0 : 5.100401e-04
PCG: 1 : 5.883093e-04 / 1.153457e+00
PCG: 0 : 5.883093e-04
PCG: 1 : 4.971490e-04 / 8.450470e-01
PCG: 0 : 4.971489e-04
PCG: 1 : 5.734346e-04 / 1.153446e+00
PCG: 0 : 5.734347e-04
PCG: 1 : 4.844584e-04 / 8.448362e-01
PCG: 0 : 4.844584e-04
PCG: 1 : 5.589374e-04 / 1.153737e+00
PCG: 0 : 5.589376e-04
PCG: 1 : 4.720695e-04 / 8.445836e-01
PCG: 0 : 4.720695e-04
PCG: 1 : 5.446439e-04 / 1.153737e+00
PCG: 0 : 5.446439e-04
PCG: 1 : 4.599446e-04 / 8.444868e-01
PCG: 0 : 4.599446e-04
PCG: 1 : 5.309079e-04 / 1.154287e+00
PCG: 0 : 5.309079e-04
PCG: 1 : 4.481368e-04 / 8.440952e-01
PCG: 0 : 4.481369e-04
PCG: 1 : 5.174715e-04 / 1.154718e+00
PCG: 0 : 5.174715e-04
PCG: 1 : 4.365405e-04 / 8.436030e-01
PCG: 0 : 4.365405e-04
PCG: 1 : 5.045691e-04 / 1.155836e+00
PCG: 0 : 5.045691e-04
PCG: 1 : 4.251148e-04 / 8.425303e-01
PCG: 0 : 4.251148e-04
PCG: 1 : 4.920265e-04 / 1.157397e+00
PCG: 0 : 4.920264e-04
PCG: 1 : 4.142545e-04 / 8.419355e-01
PCG: 0 : 4.142543e-04
PCG: 1 : 4.795009e-04 / 1.157504e+00
PCG: 0 : 4.795010e-04
PCG: 1 : 4.036890e-04 / 8.418940e-01
PCG: 0 : 4.036891e-04
PCG: 1 : 4.671711e-04 / 1.157255e+00
PCG: 0 : 4.671710e-04
PCG: 1 : 3.933969e-04 / 8.420833e-01
PCG: 0 : 3.933968e-04
PCG: 1 : 4.553082e-04 / 1.157376e+00
PCG: 0 : 4.553083e-04
PCG: 1 : 3.832221e-04 / 8.416762e-01
PCG: 0 : 3.832221e-04
PCG: 1 : 4.437276e-04 / 1.157886e+00
PCG: 0 : 4.437277e-04
PCG: 1 : 3.735600e-04 / 8.418677e-01
PCG: 0 : 3.735601e-04
PCG: 1 : 4.323070e-04 / 1.157262e+00
PCG: 0 : 4.323070e-04
PCG: 1 : 3.641766e-04 / 8.424028e-01
PCG: 0 : 3.641766e-04
PCG: 1 : 4.212943e-04 / 1.156841e+00
PCG: 0 : 4.212942e-04
PCG: 1 : 3.549078e-04 / 8.424225e-01
PCG: 0 : 3.549078e-04
PCG: 1 : 4.104162e-04 / 1.156402e+00
PCG: 0 : 4.104162e-04
PCG: 1 : 3.459723e-04 / 8.429791e-01
PCG: 0 : 3.459722e-04
PCG: 1 : 3.998832e-04 / 1.155825e+00
PCG: 0 : 3.998832e-04
PCG: 1 : 3.372109e-04 / 8.432735e-01
PCG: 0 : 3.372109e-04
PCG: 1 : 3.895814e-04 / 1.155305e+00
PCG: 0 : 3.895815e-04
PCG: 1 : 3.287289e-04 / 8.438001e-01
PCG: 0 : 3.287289e-04
PCG: 1 : 3.796955e-04 / 1.155041e+00
PCG: 0 : 3.796954e-04
PCG: 1 : 3.202944e-04 / 8.435562e-01
PCG: 0 : 3.202944e-04
PCG: 1 : 3.701217e-04 / 1.155567e+00
PCG: 0 : 3.701216e-04
PCG: 1 : 3.120345e-04 / 8.430593e-01
PCG: 0 : 3.120346e-04
PCG: 1 : 3.607739e-04 / 1.156199e+00
PCG: 0 : 3.607739e-04
PCG: 1 : 3.040147e-04 / 8.426738e-01
PCG: 0 : 3.040147e-04
PCG: 1 : 3.516988e-04 / 1.156848e+00
PCG: 0 : 3.516987e-04
PCG: 1 : 2.962376e-04 / 8.423050e-01
PCG: 0 : 2.962376e-04
PCG: 1 : 3.427249e-04 / 1.156926e+00
PCG: 0 : 3.427250e-04
PCG: 1 : 2.886924e-04 / 8.423443e-01
PCG: 0 : 2.886925e-04
PCG: 1 : 3.339177e-04 / 1.156655e+00
PCG: 0 : 3.339177e-04
PCG: 1 : 2.812481e-04 / 8.422677e-01
PCG: 0 : 2.812481e-04
PCG: 1 : 3.253971e-04 / 1.156976e+00
PCG: 0 : 3.253971e-04
PCG: 1 : 2.742046e-04 / 8.426768e-01
PCG: 0 : 2.742046e-04
PCG: 1 : 3.169531e-04 / 1.155900e+00
PCG: 0 : 3.169531e-04
PCG: 1 : 2.671889e-04 / 8.429918e-01
PCG: 0 : 2.671888e-04
PCG: 1 : 3.089323e-04 / 1.156232e+00
PCG: 0 : 3.089323e-04
PCG: 1 : 2.604445e-04 / 8.430473e-01
PCG: 0 : 2.604445e-04
PCG: 1 : 3.010421e-04 / 1.155878e+00
PCG: 0 : 3.010421e-04
PCG: 1 : 2.539393e-04 / 8.435343e-01
PCG: 0 : 2.539393e-04
PCG: 1 : 2.932055e-04 / 1.154628e+00
PCG: 0 : 2.932055e-04
PCG: 1 : 2.475748e-04 / 8.443732e-01
PCG: 0 : 2.475749e-04
PCG: 1 : 2.856940e-04 / 1.153970e+00
PCG: 0 : 2.856940e-04
PCG: 1 : 2.413346e-04 / 8.447310e-01
PCG: 0 : 2.413346e-04
PCG: 1 : 2.784176e-04 / 1.153658e+00
PCG: 0 : 2.784175e-04
PCG: 1 : 2.350569e-04 / 8.442603e-01
PCG: 0 : 2.350568e-04
PCG: 1 : 2.714292e-04 / 1.154739e+00
PCG: 0 : 2.714292e-04
PCG: 1 : 2.290397e-04 / 8.438283e-01
PCG: 0 : 2.290397e-04
PCG: 1 : 2.645387e-04 / 1.154990e+00
PCG: 0 : 2.645386e-04
PCG: 1 : 2.231800e-04 / 8.436576e-01
PCG: 0 : 2.231800e-04
PCG: 1 : 2.579255e-04 / 1.155684e+00
PCG: 0 : 2.579255e-04
PCG: 1 : 2.173662e-04 / 8.427480e-01
PCG: 0 : 2.173661e-04
PCG: 1 : 2.514143e-04 / 1.156640e+00
PCG: 0 : 2.514143e-04
PCG: 1 : 2.118176e-04 / 8.425042e-01
PCG: 0 : 2.118176e-04
PCG: 1 : 2.450182e-04 / 1.156741e+00
PCG: 0 : 2.450181e-04
PCG: 1 : 2.064650e-04 / 8.426519e-01
PCG: 0 : 2.064649e-04
PCG: 1 : 2.387133e-04 / 1.156193e+00
PCG: 0 : 2.387133e-04
PCG: 1 : 2.011692e-04 / 8.427230e-01
PCG: 0 : 2.011692e-04
PCG: 1 : 2.325440e-04 / 1.155962e+00
PCG: 0 : 2.325439e-04
PCG: 1 : 1.961043e-04 / 8.433002e-01
PCG: 0 : 1.961043e-04
PCG: 1 : 2.266021e-04 / 1.155518e+00
PCG: 0 : 2.266021e-04
PCG: 1 : 1.911323e-04 / 8.434711e-01
PCG: 0 : 1.911323e-04
PCG: 1 : 2.208058e-04 / 1.155251e+00
PCG: 0 : 2.208058e-04
PCG: 1 : 1.862762e-04 / 8.436200e-01
PCG: 0 : 1.862762e-04
PCG: 1 : 2.151574e-04 / 1.155045e+00
PCG: 0 : 2.151574e-04
PCG: 1 : 1.815967e-04 / 8.440180e-01
PCG: 0 : 1.815967e-04
PCG: 1 : 2.096193e-04 / 1.154313e+00
PCG: 0 : 2.096193e-04
PCG: 1 : 1.770128e-04 / 8.444487e-01
PCG: 0 : 1.770127e-04
PCG: 1 : 2.042494e-04 / 1.153869e+00
PCG: 0 : 2.042494e-04
PCG: 1 : 1.725778e-04 / 8.449364e-01
PCG: 0 : 1.725778e-04
PCG: 1 : 1.989465e-04 / 1.152793e+00
PCG: 0 : 1.989465e-04
PCG: 1 : 1.682279e-04 / 8.455936e-01
PCG: 0 : 1.682279e-04
PCG: 1 : 1.938257e-04 / 1.152161e+00
PCG: 0 : 1.938257e-04
PCG: 1 : 1.639708e-04 / 8.459705e-01
PCG: 0 : 1.639708e-04
PCG: 1 : 1.888938e-04 / 1.151997e+00
PCG: 0 : 1.888938e-04
PCG: 1 : 1.597978e-04 / 8.459663e-01
PCG: 0 : 1.597977e-04
PCG: 1 : 1.840660e-04 / 1.151868e+00
PCG: 0 : 1.840660e-04
PCG: 1 : 1.557337e-04 / 8.460751e-01
PCG: 0 : 1.557336e-04
PCG: 1 : 1.794157e-04 / 1.152068e+00
PCG: 0 : 1.794157e-04
PCG: 1 : 1.517409e-04 / 8.457504e-01
PCG: 0 : 1.517409e-04
PCG: 1 : 1.748607e-04 / 1.152363e+00
PCG: 0 : 1.748607e-04
PCG: 1 : 1.478450e-04 / 8.455015e-01
PCG: 0 : 1.478449e-04
PCG: 1 : 1.704467e-04 / 1.152875e+00
PCG: 0 : 1.704467e-04
PCG: 1 : 1.440517e-04 / 8.451419e-01
PCG: 0 : 1.440516e-04
PCG: 1 : 1.660951e-04 / 1.153025e+00
PCG: 0 : 1.660951e-04
PCG: 1 : 1.404112e-04 / 8.453660e-01
PCG: 0 : 1.404112e-04
PCG: 1 : 1.618269e-04 / 1.152521e+00
PCG: 0 : 1.618269e-04
PCG: 1 : 1.367951e-04 / 8.453177e-01
PCG: 0 : 1.367951e-04
PCG: 1 : 1.577308e-04 / 1.153044e+00
PCG: 0 : 1.577308e-04
PCG: 1 : 1.333463e-04 / 8.454040e-01
PCG: 0 : 1.333463e-04
PCG: 1 : 1.536639e-04 / 1.152368e+00
PCG: 0 : 1.536639e-04
PCG: 1 : 1.299382e-04 / 8.455999e-01
PCG: 0 : 1.299382e-04
PCG: 1 : 1.497969e-04 / 1.152832e+00
PCG: 0 : 1.497969e-04
PCG: 1 : 1.266796e-04 / 8.456759e-01
PCG: 0 : 1.266796e-04
PCG: 1 : 1.459173e-04 / 1.151860e+00
PCG: 0 : 1.459172e-04
PCG: 1 : 1.235263e-04 / 8.465507e-01
PCG: 0 : 1.235263e-04
PCG: 1 : 1.421600e-04 / 1.150847e+00
PCG: 0 : 1.421599e-04
PCG: 1 : 1.203995e-04 / 8.469302e-01
PCG: 0 : 1.203995e-04
PCG: 1 : 1.385264e-04 / 1.150556e+00
PCG: 0 : 1.385264e-04
PCG: 1 : 1.173102e-04 / 8.468436e-01
PCG: 0 : 1.173102e-04
PCG: 1 : 1.349847e-04 / 1.150665e+00
PCG: 0 : 1.349847e-04
PCG: 1 : 1.143614e-04 / 8.472179e-01
PCG: 0 : 1.143614e-04
PCG: 1 : 1.315166e-04 / 1.150008e+00
PCG: 0 : 1.315165e-04
PCG: 1 : 1.114295e-04 / 8.472657e-01
PCG: 0 : 1.114294e-04
PCG: 1 : 1.281929e-04 / 1.150440e+00
PCG: 0 : 1.281929e-04
PCG: 1 : 1.086042e-04 / 8.471932e-01
PCG: 0 : 1.086042e-04
PCG: 1 : 1.249013e-04 / 1.150060e+00
PCG: 0 : 1.249013e-04
PCG: 1 : 1.058551e-04 / 8.475096e-01
PCG: 0 : 1.058550e-04
PCG: 1 : 1.217345e-04 / 1.150011e+00
PCG: 0 : 1.217345e-04
PCG: 1 : 1.031606e-04 / 8.474228e-01
PCG: 0 : 1.031606e-04
PCG: 1 : 1.186496e-04 / 1.150144e+00
PCG: 0 : 1.186496e-04
PCG: 1 : 1.004890e-04 / 8.469393e-01
PCG: 0 : 1.004890e-04
PCG: 1 : 1.156126e-04 / 1.150500e+00
PCG: 0 : 1.156126e-04
PCG: 1 : 9.792171e-05 / 8.469816e-01
PCG: 0 : 9.792174e-05
PCG: 1 : 1.126484e-04 / 1.150392e+00
PCG: 0 : 1.126484e-04
PCG: 1 : 9.545382e-05 / 8.473603e-01
PCG: 0 : 9.545383e-05
PCG: 1 : 1.097808e-04 / 1.150093e+00
PCG: 0 : 1.097808e-04
PCG: 1 : 9.305167e-05 / 8.476132e-01
PCG: 0 : 9.305166e-05
PCG: 1 : 1.069100e-04 / 1.148932e+00
PCG: 0 : 1.069101e-04
PCG: 1 : 9.072833e-05 / 8.486416e-01
PCG: 0 : 9.072832e-05
PCG: 1 : 1.041661e-04 / 1.148110e+00
PCG: 0 : 1.041661e-04
PCG: 1 : 8.846444e-05 / 8.492632e-01
PCG: 0 : 8.846444e-05
PCG: 1 : 1.014742e-04 / 1.147062e+00
PCG: 0 : 1.014742e-04
PCG: 1 : 8.624590e-05 / 8.499297e-01
PCG: 0 : 8.624589e-05
PCG: 1 : 9.892832e-05 / 1.147050e+00
PCG: 0 : 9.892829e-05
PCG: 1 : 8.400655e-05 / 8.491662e-01
PCG: 0 : 8.400656e-05
PCG: 1 : 9.641118e-05 / 1.147662e+00
PCG: 0 : 9.641117e-05
PCG: 1 : 8.188386e-05 / 8.493192e-01
PCG: 0 : 8.188386e-05
PCG: 1 : 9.391721e-05 / 1.146956e+00
PCG: 0 : 9.391721e-05
PCG: 1 : 7.979652e-05 / 8.496475e-01
PCG: 0 : 7.979652e-05
PCG: 1 : 9.154890e-05 / 1.147279e+00
PCG: 0 : 9.154888e-05
PCG: 1 : 7.776495e-05 / 8.494364e-01
PCG: 0 : 7.776496e-05
PCG: 1 : 8.922280e-05 / 1.147339e+00
PCG: 0 : 8.922278e-05
PCG: 1 : 7.579331e-05 / 8.494838e-01
PCG: 0 : 7.579330e-05
PCG: 1 : 8.692822e-05 / 1.146912e+00
PCG: 0 : 8.692822e-05
PCG: 1 : 7.389457e-05 / 8.500643e-01
PCG: 0 : 7.389455e-05
PCG: 1 : 8.471785e-05 / 1.146469e+00
PCG: 0 : 8.471785e-05
PCG: 1 : 7.198947e-05 / 8.497556e-01
PCG: 0 : 7.198945e-05
PCG: 1 : 8.254194e-05 / 1.146584e+00
PCG: 0 : 8.254195e-05
PCG: 1 : 7.016274e-05 / 8.500253e-01
PCG: 0 : 7.016275e-05
PCG: 1 : 8.043334e-05 / 1.146382e+00
PCG: 0 : 8.043334e-05
PCG: 1 : 6.839550e-05 / 8.503377e-01
PCG: 0 : 6.839549e-05
PCG: 1 : 7.834138e-05 / 1.145417e+00
PCG: 0 : 7.834136e-05
PCG: 1 : 6.669239e-05 / 8.513049e-01
PCG: 0 : 6.669238e-05
PCG: 1 : 7.632903e-05 / 1.144494e+00
PCG: 0 : 7.632902e-05
PCG: 1 : 6.499130e-05 / 8.514625e-01
PCG: 0 : 6.499130e-05
PCG: 1 : 7.438804e-05 / 1.144585e+00
PCG: 0 : 7.438804e-05
PCG: 1 : 6.336282e-05 / 8.517877e-01
PCG: 0 : 6.336282e-05
PCG: 1 : 7.251445e-05 / 1.144432e+00
PCG: 0 : 7.251445e-05
PCG: 1 : 6.173400e-05 / 8.513339e-01
PCG: 0 : 6.173401e-05
PCG: 1 : 7.069120e-05 / 1.145093e+00
PCG: 0 : 7.069121e-05
PCG: 1 : 6.011656e-05 / 8.504106e-01
PCG: 0 : 6.011657e-05
PCG: 1 : 6.891382e-05 / 1.146336e+00
PCG: 0 : 6.891380e-05
PCG: 1 : 5.860181e-05 / 8.503639e-01
PCG: 0 : 5.860181e-05
PCG: 1 : 6.712894e-05 / 1.145510e+00
PCG: 0 : 6.712895e-05
PCG: 1 : 5.712012e-05 / 8.509014e-01
PCG: 0 : 5.712011e-05
PCG: 1 : 6.541851e-05 / 1.145280e+00
PCG: 0 : 6.541851e-05
PCG: 1 : 5.567903e-05 / 8.511205e-01
PCG: 0 : 5.567903e-05
PCG: 1 : 6.374442e-05 / 1.144855e+00
PCG: 0 : 6.374441e-05
PCG: 1 : 5.427578e-05 / 8.514594e-01
PCG: 0 : 5.427580e-05
PCG: 1 : 6.210073e-05 / 1.144170e+00
PCG: 0 : 6.210074e-05
PCG: 1 : 5.291039e-05 / 8.520089e-01
PCG: 0 : 5.291039e-05
PCG: 1 : 6.050242e-05 / 1.143488e+00
PCG: 0 : 6.050241e-05
PCG: 1 : 5.157914e-05 / 8.525138e-01
PCG: 0 : 5.157914e-05
PCG: 1 : 5.895035e-05 / 1.142911e+00
PCG: 0 : 5.895035e-05
PCG: 1 : 5.027534e-05 / 8.528420e-01
PCG: 0 : 5.027533e-05
PCG: 1 : 5.742168e-05 / 1.142144e+00
PCG: 0 : 5.742168e-05
PCG: 1 : 4.897529e-05 / 8.529059e-01
PCG: 0 : 4.897529e-05
PCG: 1 : 5.599299e-05 / 1.143291e+00
PCG: 0 : 5.599299e-05
PCG: 1 : 4.771991e-05 / 8.522480e-01
PCG: 0 : 4.771991e-05
PCG: 1 : 5.457371e-05 / 1.143626e+00
PCG: 0 : 5.457370e-05
PCG: 1 : 4.651652e-05 / 8.523616e-01
PCG: 0 : 4.651654e-05
PCG: 1 : 5.316022e-05 / 1.142824e+00
PCG: 0 : 5.316021e-05
PCG: 1 : 4.535325e-05 / 8.531427e-01
PCG: 0 : 4.535325e-05
PCG: 1 : 5.179996e-05 / 1.142144e+00
PCG: 0 : 5.179995e-05
PCG: 1 : 4.419732e-05 / 8.532310e-01
PCG: 0 : 4.419732e-05
PCG: 1 : 5.049535e-05 / 1.142498e+00
PCG: 0 : 5.049535e-05
PCG: 1 : 4.306829e-05 / 8.529161e-01
PCG: 0 : 4.306829e-05
PCG: 1 : 4.920596e-05 / 1.142510e+00
PCG: 0 : 4.920597e-05
PCG: 1 : 4.197141e-05 / 8.529738e-01
PCG: 0 : 4.197140e-05
PCG: 1 : 4.796349e-05 / 1.142766e+00
PCG: 0 : 4.796348e-05
PCG: 1 : 4.087744e-05 / 8.522617e-01
PCG: 0 : 4.087744e-05
PCG: 1 : 4.676148e-05 / 1.143943e+00
PCG: 0 : 4.676150e-05
PCG: 1 : 3.983387e-05 / 8.518520e-01
PCG: 0 : 3.983387e-05
PCG: 1 : 4.557540e-05 / 1.144137e+00
PCG: 0 : 4.557540e-05
PCG: 1 : 3.881666e-05 / 8.517020e-01
PCG: 0 : 3.881666e-05
PCG: 1 : 4.441421e-05 / 1.144205e+00
PCG: 0 : 4.441421e-05
PCG: 1 : 3.782818e-05 / 8.517135e-01
PCG: 0 : 3.782818e-05
PCG: 1 : 4.329327e-05 / 1.144471e+00
PCG: 0 : 4.329327e-05
PCG: 1 : 3.687371e-05 / 8.517191e-01
PCG: 0 : 3.687370e-05
PCG: 1 : 4.219675e-05 / 1.144359e+00
PCG: 0 : 4.219674e-05
PCG: 1 : 3.592028e-05 / 8.512573e-01
PCG: 0 : 3.592028e-05
PCG: 1 : 4.113090e-05 / 1.145061e+00
PCG: 0 : 4.113090e-05
PCG: 1 : 3.499627e-05 / 8.508511e-01
PCG: 0 : 3.499627e-05
PCG: 1 : 4.008157e-05 / 1.145310e+00
PCG: 0 : 4.008156e-05
PCG: 1 : 3.410834e-05 / 8.509735e-01
PCG: 0 : 3.410834e-05
PCG: 1 : 3.905781e-05 / 1.145110e+00
PCG: 0 : 3.905780e-05
PCG: 1 : 3.324205e-05 / 8.510989e-01
PCG: 0 : 3.324206e-05
PCG: 1 : 3.807035e-05 / 1.145247e+00
PCG: 0 : 3.807036e-05
PCG: 1 : 3.238639e-05 / 8.506982e-01
PCG: 0 : 3.238639e-05
PCG: 1 : 3.710729e-05 / 1.145768e+00
PCG: 0 : 3.710730e-05
PCG: 1 : 3.155645e-05 / 8.504109e-01
PCG: 0 : 3.155645e-05
PCG: 1 : 3.616486e-05 / 1.146037e+00
PCG: 0 : 3.616486e-05
PCG: 1 : 3.075810e-05 / 8.504968e-01
PCG: 0 : 3.075810e-05
PCG: 1 : 3.524953e-05 / 1.146024e+00
PCG: 0 : 3.524952e-05
PCG: 1 : 2.996513e-05 / 8.500862e-01
PCG: 0 : 2.996512e-05
PCG: 1 : 3.436874e-05 / 1.146958e+00
PCG: 0 : 3.436874e-05
PCG: 1 : 2.919090e-05 / 8.493446e-01
PCG: 0 : 2.919090e-05
PCG: 1 : 3.349286e-05 / 1.147373e+00
PCG: 0 : 3.349287e-05
PCG: 1 : 2.845094e-05 / 8.494627e-01
PCG: 0 : 2.845095e-05
PCG: 1 : 3.264534e-05 / 1.147425e+00
PCG: 0 : 3.264534e-05
PCG: 1 : 2.771260e-05 / 8.488989e-01
PCG: 0 : 2.771259e-05
PCG: 1 : 3.182675e-05 / 1.148458e+00
PCG: 0 : 3.182675e-05
PCG: 1 : 2.700876e-05 / 8.486181e-01
PCG: 0 : 2.700875e-05
PCG: 1 : 3.101760e-05 / 1.148427e+00
PCG: 0 : 3.101760e-05
PCG: 1 : 2.631956e-05 / 8.485364e-01
PCG: 0 : 2.631955e-05
PCG: 1 : 3.022821e-05 / 1.148508e+00
PCG: 0 : 3.022820e-05
PCG: 1 : 2.565429e-05 / 8.486874e-01
PCG: 0 : 2.565429e-05
PCG: 1 : 2.945109e-05 / 1.147998e+00
PCG: 0 : 2.945109e-05
PCG: 1 : 2.500671e-05 / 8.490928e-01
PCG: 0 : 2.500671e-05
PCG: 1 : 2.869472e-05 / 1.147481e+00
PCG: 0 : 2.869471e-05
PCG: 1 : 2.437450e-05 / 8.494422e-01
PCG: 0 : 2.437449e-05
PCG: 1 : 2.795673e-05 / 1.146967e+00
PCG: 0 : 2.795673e-05
PCG: 1 : 2.375447e-05 / 8.496869e-01
PCG: 0 : 2.375447e-05
PCG: 1 : 2.724335e-05 / 1.146873e+00
PCG: 0 : 2.724335e-05
PCG: 1 : 2.315090e-05 / 8.497816e-01
PCG: 0 : 2.315090e-05
PCG: 1 : 2.655270e-05 / 1.146940e+00
PCG: 0 : 2.655270e-05
PCG: 1 : 2.255821e-05 / 8.495637e-01
PCG: 0 : 2.255822e-05
PCG: 1 : 2.587488e-05 / 1.147027e+00
PCG: 0 : 2.587487e-05
PCG: 1 : 2.198776e-05 / 8.497726e-01
PCG: 0 : 2.198776e-05
PCG: 1 : 2.522560e-05 / 1.147257e+00
PCG: 0 : 2.522560e-05
PCG: 1 : 2.142395e-05 / 8.492938e-01
PCG: 0 : 2.142394e-05
PCG: 1 : 2.458805e-05 / 1.147690e+00
PCG: 0 : 2.458805e-05
PCG: 1 : 2.086654e-05 / 8.486456e-01
PCG: 0 : 2.086653e-05
PCG: 1 : 2.397406e-05 / 1.148924e+00
PCG: 0 : 2.397407e-05
PCG: 1 : 2.033122e-05 / 8.480505e-01
PCG: 0 : 2.033122e-05
PCG: 1 : 2.336176e-05 / 1.149059e+00
PCG: 0 : 2.336176e-05
PCG: 1 : 1.980377e-05 / 8.477002e-01
PCG: 0 : 1.980377e-05
PCG: 1 : 2.278171e-05 / 1.150372e+00
PCG: 0 : 2.278171e-05
PCG: 1 : 1.929288e-05 / 8.468584e-01
PCG: 0 : 1.929288e-05
PCG: 1 : 2.221266e-05 / 1.151340e+00
PCG: 0 : 2.221266e-05
PCG: 1 : 1.879301e-05 / 8.460494e-01
PCG: 0 : 1.879301e-05
PCG: 1 : 2.165723e-05 / 1.152409e+00
PCG: 0 : 2.165723e-05
PCG: 1 : 1.831403e-05 / 8.456313e-01
PCG: 0 : 1.831403e-05
PCG: 1 : 2.110697e-05 / 1.152503e+00
PCG: 0 : 2.110697e-05
PCG: 1 : 1.784880e-05 / 8.456352e-01
PCG: 0 : 1.784880e-05
PCG: 1 : 2.056531e-05 / 1.152195e+00
PCG: 0 : 2.056530e-05
PCG: 1 : 1.739911e-05 / 8.460421e-01
PCG: 0 : 1.739911e-05
PCG: 1 : 2.003560e-05 / 1.151531e+00
PCG: 0 : 2.003560e-05
PCG: 1 : 1.695340e-05 / 8.461635e-01
PCG: 0 : 1.695339e-05
PCG: 1 : 1.952054e-05 / 1.151424e+00
PCG: 0 : 1.952054e-05
PCG: 1 : 1.652834e-05 / 8.467153e-01
PCG: 0 : 1.652834e-05
PCG: 1 : 1.902237e-05 / 1.150895e+00
PCG: 0 : 1.902238e-05
PCG: 1 : 1.611255e-05 / 8.470314e-01
PCG: 0 : 1.611255e-05
PCG: 1 : 1.853319e-05 / 1.150233e+00
PCG: 0 : 1.853319e-05
PCG: 1 : 1.570563e-05 / 8.474323e-01
PCG: 0 : 1.570563e-05
PCG: 1 : 1.805858e-05 / 1.149816e+00
PCG: 0 : 1.805858e-05
PCG: 1 : 1.531140e-05 / 8.478737e-01
PCG: 0 : 1.531140e-05
PCG: 1 : 1.759840e-05 / 1.149366e+00
PCG: 0 : 1.759840e-05
PCG: 1 : 1.491882e-05 / 8.477372e-01
PCG: 0 : 1.491882e-05
PCG: 1 : 1.715385e-05 / 1.149813e+00
PCG: 0 : 1.715386e-05
PCG: 1 : 1.452703e-05 / 8.468663e-01
PCG: 0 : 1.452702e-05
PCG: 1 : 1.672387e-05 / 1.151225e+00
PCG: 0 : 1.672388e-05
PCG: 1 : 1.414926e-05 / 8.460512e-01
PCG: 0 : 1.414926e-05
PCG: 1 : 1.630386e-05 / 1.152277e+00
PCG: 0 : 1.630386e-05
PCG: 1 : 1.379226e-05 / 8.459503e-01
PCG: 0 : 1.379226e-05
PCG: 1 : 1.589218e-05 / 1.152254e+00
PCG: 0 : 1.589218e-05
PCG: 1 : 1.343710e-05 / 8.455165e-01
PCG: 0 : 1.343710e-05
PCG: 1 : 1.549091e-05 / 1.152846e+00
PCG: 0 : 1.549091e-05
PCG: 1 : 1.309712e-05 / 8.454715e-01
PCG: 0 : 1.309712e-05
PCG: 1 : 1.509191e-05 / 1.152308e+00
PCG: 0 : 1.509192e-05
PCG: 1 : 1.276181e-05 / 8.456054e-01
PCG: 0 : 1.276181e-05
PCG: 1 : 1.471476e-05 / 1.153032e+00
PCG: 0 : 1.471476e-05
PCG: 1 : 1.243386e-05 / 8.449919e-01
PCG: 0 : 1.243386e-05
PCG: 1 : 1.433639e-05 / 1.153012e+00
PCG: 0 : 1.433639e-05
PCG: 1 : 1.212163e-05 / 8.455148e-01
PCG: 0 : 1.212163e-05
PCG: 1 : 1.396862e-05 / 1.152371e+00
PCG: 0 : 1.396861e-05
PCG: 1 : 1.180868e-05 / 8.453722e-01
PCG: 0 : 1.180868e-05
PCG: 1 : 1.361651e-05 / 1.153093e+00
PCG: 0 : 1.361651e-05
PCG: 1 : 1.150826e-05 / 8.451697e-01
PCG: 0 : 1.150826e-05
PCG: 1 : 1.327049e-05 / 1.153128e+00
PCG: 0 : 1.327049e-05
PCG: 1 : 1.122023e-05 / 8.455023e-01
PCG: 0 : 1.122023e-05
PCG: 1 : 1.292749e-05 / 1.152159e+00
PCG: 0 : 1.292749e-05
PCG: 1 : 1.093895e-05 / 8.461776e-01
PCG: 0 : 1.093895e-05
PCG: 1 : 1.259630e-05 / 1.151509e+00
PCG: 0 : 1.259630e-05
PCG: 1 : 1.066052e-05 / 8.463215e-01
PCG: 0 : 1.066052e-05
PCG: 1 : 1.227557e-05 / 1.151498e+00
PCG: 0 : 1.227557e-05
PCG: 1 : 1.038676e-05 / 8.461328e-01
PCG: 0 : 1.038677e-05
PCG: 1 : 1.196596e-05 / 1.152039e+00
PCG: 0 : 1.196596e-05
PCG: 1 : 1.011820e-05 / 8.455818e-01
PCG: 0 : 1.011819e-05
PCG: 1 : 1.165790e-05 / 1.152172e+00
PCG: 0 : 1.165790e-05
PCG: 1 : 9.862111e-06 / 8.459594e-01
PCG: 0 : 9.862112e-06
PCG: 1 : 1.136209e-05 / 1.152095e+00
PCG: 0 : 1.136209e-05
PCG: 1 : 9.612249e-06 / 8.459930e-01
PCG: 0 : 9.612247e-06
PCG: 1 : 1.107656e-05 / 1.152338e+00
PCG: 0 : 1.107656e-05
PCG: 1 : 9.363890e-06 / 8.453789e-01
PCG: 0 : 9.363888e-06
PCG: 1 : 1.079965e-05 / 1.153330e+00
PCG: 0 : 1.079965e-05
PCG: 1 : 9.122996e-06 / 8.447489e-01
PCG: 0 : 9.122997e-06
PCG: 1 : 1.052611e-05 / 1.153800e+00
PCG: 0 : 1.052611e-05
PCG: 1 : 8.889308e-06 / 8.445007e-01
PCG: 0 : 8.889308e-06
PCG: 1 : 1.026197e-05 / 1.154417e+00
PCG: 0 : 1.026197e-05
PCG: 1 : 8.660644e-06 / 8.439553e-01
PCG: 0 : 8.660643e-06
PCG: 1 : 9.999610e-06 / 1.154604e+00
PCG: 0 : 9.999609e-06
PCG: 1 : 8.437147e-06 / 8.437477e-01
PCG: 0 : 8.437150e-06
PCG: 1 : 9.744939e-06 / 1.155004e+00
PCG: 0 : 9.744941e-06
PCG: 1 : 8.225221e-06 / 8.440503e-01
PCG: 0 : 8.225220e-06
PCG: 1 : 9.495193e-06 / 1.154400e+00
PCG: 0 : 9.495192e-06
PCG: 1 : 8.015918e-06 / 8.442081e-01
PCG: 0 : 8.015918e-06
PCG: 1 : 9.251567e-06 / 1.154149e+00
PCG: 0 : 9.251567e-06
PCG: 1 : 7.813991e-06 / 8.446127e-01
PCG: 0 : 7.813991e-06
PCG: 1 : 9.016546e-06 / 1.153898e+00
PCG: 0 : 9.016547e-06
PCG: 1 : 7.617833e-06 / 8.448726e-01
PCG: 0 : 7.617835e-06
PCG: 1 : 8.782002e-06 / 1.152821e+00
PCG: 0 : 8.782000e-06
PCG: 1 : 7.423950e-06 / 8.453598e-01
PCG: 0 : 7.423949e-06
PCG: 1 : 8.560971e-06 / 1.153156e+00
PCG: 0 : 8.560972e-06
PCG: 1 : 7.232280e-06 / 8.447966e-01
PCG: 0 : 7.232279e-06
PCG: 1 : 8.346131e-06 / 1.154011e+00
PCG: 0 : 8.346132e-06
PCG: 1 : 7.043376e-06 / 8.439090e-01
PCG: 0 : 7.043375e-06
PCG: 1 : 8.140512e-06 / 1.155769e+00
PCG: 0 : 8.140508e-06
PCG: 1 : 6.859011e-06 / 8.425778e-01
PCG: 0 : 6.859010e-06
PCG: 1 : 7.935831e-06 / 1.156994e+00
PCG: 0 : 7.935832e-06
PCG: 1 : 6.684350e-06 / 8.422998e-01
PCG: 0 : 6.684351e-06
PCG: 1 : 7.736294e-06 / 1.157374e+00
PCG: 0 : 7.736295e-06
PCG: 1 : 6.511708e-06 / 8.417089e-01
PCG: 0 : 6.511708e-06
PCG: 1 : 7.541164e-06 / 1.158093e+00
PCG: 0 : 7.541164e-06
PCG: 1 : 6.344265e-06 / 8.412846e-01
PCG: 0 : 6.344263e-06
PCG: 1 : 7.351103e-06 / 1.158701e+00
PCG: 0 : 7.351102e-06
PCG: 1 : 6.183934e-06 / 8.412254e-01
PCG: 0 : 6.183933e-06
PCG: 1 : 7.159541e-06 / 1.157765e+00
PCG: 0 : 7.159543e-06
PCG: 1 : 6.025951e-06 / 8.416670e-01
PCG: 0 : 6.025950e-06
PCG: 1 : 6.979082e-06 / 1.158171e+00
PCG: 0 : 6.979082e-06
PCG: 1 : 5.871676e-06 / 8.413249e-01
PCG: 0 : 5.871675e-06
PCG: 1 : 6.801677e-06 / 1.158388e+00
PCG: 0 : 6.801677e-06
PCG: 1 : 5.722143e-06 / 8.412842e-01
PCG: 0 : 5.722144e-06
PCG: 1 : 6.627897e-06 / 1.158289e+00
PCG: 0 : 6.627897e-06
PCG: 1 : 5.578635e-06 / 8.416901e-01
PCG: 0 : 5.578636e-06
PCG: 1 : 6.456441e-06 / 1.157351e+00
PCG: 0 : 6.456441e-06
PCG: 1 : 5.438415e-06 / 8.423241e-01
PCG: 0 : 5.438415e-06
PCG: 1 : 6.291035e-06 / 1.156777e+00
PCG: 0 : 6.291037e-06
PCG: 1 : 5.298399e-06 / 8.422139e-01
PCG: 0 : 5.298400e-06
PCG: 1 : 6.133801e-06 / 1.157670e+00
PCG: 0 : 6.133801e-06
PCG: 1 : 5.161631e-06 / 8.415061e-01
PCG: 0 : 5.161631e-06
PCG: 1 : 5.978487e-06 / 1.158255e+00
PCG: 0 : 5.978487e-06
PCG: 1 : 5.027184e-06 / 8.408790e-01
PCG: 0 : 5.027184e-06
PCG: 1 : 5.829426e-06 / 1.159581e+00
PCG: 0 : 5.829427e-06
PCG: 1 : 4.898356e-06 / 8.402810e-01
PCG: 0 : 4.898356e-06
PCG: 1 : 5.682096e-06 / 1.160001e+00
PCG: 0 : 5.682096e-06
PCG: 1 : 4.773470e-06 / 8.400897e-01
PCG: 0 : 4.773470e-06
PCG: 1 : 5.538517e-06 / 1.160271e+00
PCG: 0 : 5.538516e-06
PCG: 1 : 4.650791e-06 / 8.397179e-01
PCG: 0 : 4.650788e-06
PCG: 1 : 5.400418e-06 / 1.161183e+00
PCG: 0 : 5.400417e-06
PCG: 1 : 4.528608e-06 / 8.385664e-01
PCG: 0 : 4.528608e-06
PCG: 1 : 5.264611e-06 / 1.162523e+00
PCG: 0 : 5.264611e-06
PCG: 1 : 4.413807e-06 / 8.383918e-01
PCG: 0 : 4.413806e-06
PCG: 1 : 5.130845e-06 / 1.162454e+00
PCG: 0 : 5.130845e-06
PCG: 1 : 4.299776e-06 / 8.380249e-01
PCG: 0 : 4.299776e-06
PCG: 1 : 4.999059e-06 / 1.162632e+00
PCG: 0 : 4.999059e-06
PCG: 1 : 4.191878e-06 / 8.385335e-01
PCG: 0 : 4.191877e-06
PCG: 1 : 4.869968e-06 / 1.161763e+00
PCG: 0 : 4.869967e-06
PCG: 1 : 4.085381e-06 / 8.388929e-01
PCG: 0 : 4.085381e-06
PCG: 1 : 4.745500e-06 / 1.161581e+00
PCG: 0 : 4.745499e-06
PCG: 1 : 3.982083e-06 / 8.391284e-01
PCG: 0 : 3.982083e-06
PCG: 1 : 4.625708e-06 / 1.161630e+00
PCG: 0 : 4.625708e-06
PCG: 1 : 3.880135e-06 / 8.388197e-01
PCG: 0 : 3.880135e-06
PCG: 1 : 4.508147e-06 / 1.161853e+00
PCG: 0 : 4.508146e-06
PCG: 1 : 3.780922e-06 / 8.386867e-01
PCG: 0 : 3.780921e-06
PCG: 1 : 4.391952e-06 / 1.161609e+00
PCG: 0 : 4.391952e-06
PCG: 1 : 3.685145e-06 / 8.390678e-01
PCG: 0 : 3.685145e-06
PCG: 1 : 4.281545e-06 / 1.161839e+00
PCG: 0 : 4.281546e-06
PCG: 1 : 3.590425e-06 / 8.385815e-01
PCG: 0 : 3.590425e-06
PCG: 1 : 4.171852e-06 / 1.161938e+00
PCG: 0 : 4.171853e-06
PCG: 1 : 3.498696e-06 / 8.386433e-01
PCG: 0 : 3.498696e-06
PCG: 1 : 4.065829e-06 / 1.162098e+00
PCG: 0 : 4.065829e-06
PCG: 1 : 3.408662e-06 / 8.383682e-01
PCG: 0 : 3.408661e-06
PCG: 1 : 3.965110e-06 / 1.163246e+00
PCG: 0 : 3.965108e-06
PCG: 1 : 3.319316e-06 / 8.371313e-01
PCG: 0 : 3.319316e-06
PCG: 1 : 3.867744e-06 / 1.165223e+00
PCG: 0 : 3.867744e-06
PCG: 1 : 3.232672e-06 / 8.358032e-01
PCG: 0 : 3.232672e-06
PCG: 1 : 3.771114e-06 / 1.166562e+00
PCG: 0 : 3.771112e-06
PCG: 1 : 3.149531e-06 / 8.351730e-01
PCG: 0 : 3.149531e-06
PCG: 1 : 3.674925e-06 / 1.166817e+00
PCG: 0 : 3.674925e-06
PCG: 1 : 3.068800e-06 / 8.350646e-01
PCG: 0 : 3.068801e-06
PCG: 1 : 3.581634e-06 / 1.167112e+00
PCG: 0 : 3.581634e-06
PCG: 1 : 2.990635e-06 / 8.349919e-01
PCG: 0 : 2.990635e-06
PCG: 1 : 3.490021e-06 / 1.166983e+00
PCG: 0 : 3.490022e-06
PCG: 1 : 2.915364e-06 / 8.353425e-01
PCG: 0 : 2.915363e-06
PCG: 1 : 3.400040e-06 / 1.166250e+00
PCG: 0 : 3.400040e-06
PCG: 1 : 2.841239e-06 / 8.356487e-01
PCG: 0 : 2.841239e-06
PCG: 1 : 3.312701e-06 / 1.165936e+00
PCG: 0 : 3.312702e-06
PCG: 1 : 2.769135e-06 / 8.359143e-01
PCG: 0 : 2.769135e-06
PCG: 1 : 3.228186e-06 / 1.165774e+00
PCG: 0 : 3.228186e-06
PCG: 1 : 2.699495e-06 / 8.362268e-01
PCG: 0 : 2.699495e-06
PCG: 1 : 3.144854e-06 / 1.164979e+00
PCG: 0 : 3.144853e-06
PCG: 1 : 2.629866e-06 / 8.362445e-01
PCG: 0 : 2.629866e-06
PCG: 1 : 3.066399e-06 / 1.165991e+00
PCG: 0 : 3.066399e-06
PCG: 1 : 2.562215e-06 / 8.355778e-01
PCG: 0 : 2.562216e-06
PCG: 1 : 2.988966e-06 / 1.166555e+00
PCG: 0 : 2.988967e-06
PCG: 1 : 2.496140e-06 / 8.351182e-01
PCG: 0 : 2.496141e-06
PCG: 1 : 2.913834e-06 / 1.167335e+00
PCG: 0 : 2.913834e-06
PCG: 1 : 2.431398e-06 / 8.344327e-01
PCG: 0 : 2.431397e-06
PCG: 1 : 2.840886e-06 / 1.168417e+00
PCG: 0 : 2.840886e-06
PCG: 1 : 2.368700e-06 / 8.337889e-01
PCG: 0 : 2.368699e-06
PCG: 1 : 2.769752e-06 / 1.169314e+00
PCG: 0 : 2.769752e-06
PCG: 1 : 2.308002e-06 / 8.332884e-01
PCG: 0 : 2.308002e-06
PCG: 1 : 2.699433e-06 / 1.169597e+00
PCG: 0 : 2.699433e-06
PCG: 1 : 2.247368e-06 / 8.325333e-01
PCG: 0 : 2.247368e-06
PCG: 1 : 2.631715e-06 / 1.171021e+00
PCG: 0 : 2.631715e-06
PCG: 1 : 2.189886e-06 / 8.321136e-01
PCG: 0 : 2.189886e-06
PCG: 1 : 2.565128e-06 / 1.171352e+00
PCG: 0 : 2.565128e-06
PCG: 1 : 2.134160e-06 / 8.319898e-01
PCG: 0 : 2.134160e-06
PCG: 1 : 2.499025e-06 / 1.170964e+00
PCG: 0 : 2.499024e-06
PCG: 1 : 2.080048e-06 / 8.323441e-01
PCG: 0 : 2.080048e-06
PCG: 1 : 2.435667e-06 / 1.170967e+00

PCG ( VCycle ( S: Scale / C: Scale )  )

Complete solver TOE: 79.8149
2.09153 GFlop/s [2.09153 GFlops/s]

Total time: 79.8149s
Accumulated op time: 75.9577

Reductions: 7.16975%
Blas-1: 6.78306%
Blas-2: 81.2145%
Precon Kernels: 0%
MPI Execution: 0%
MPI Wait: 0%
Not covered: 4.83269%

Domain size: 192.384 MByte
LA size: 483.107 MByte
MPI size: 10.695 MByte

H0-Error: 4.802041e-06
H1-Error: 2.017306e-03

Writing DATA to output.data...
Run-Time: 1:22.066 [1:22.066]
0x31d198e880 Error: MemoryPool<CPU> still contains memory chunks on deconstructor call
