NUM-PROCS: 1
Preparing domain...
LVL-MIN: 6 [6]
LVL-MAX: 10 [10]
Creating gates...
Assembling system matrices...
Assembling system filters...
Assembling transfer matrices...
Converting assembled linear system from SparseMatrixCSR, Mem:main to SparseMatrixELL, Mem:cudaand to SparseMatrixELL, Mem:cuda...
PCG:  0 : 9.473711e-03
PCG:  1 : 8.278747e-02 / 8.738652e+00
PCG:  2 : 8.474121e-02 / 8.944880e+00
PCG:  3 : 1.927502e-01 / 2.034580e+01
PCG:  4 : 2.336363e-01 / 2.466154e+01
PCG:  5 : 1.561379e-01 / 1.648118e+01
PCG:  6 : 1.647634e-01 / 1.739164e+01
PCG:  7 : 1.532123e-01 / 1.617236e+01
PCG:  8 : 1.763701e-01 / 1.861679e+01
PCG:  9 : 2.031486e-01 / 2.144340e+01
PCG: 10 : 1.283499e-01 / 1.354800e+01
PCG: 11 : 9.879246e-02 / 1.042806e+01
PCG: 12 : 9.599490e-02 / 1.013277e+01
PCG: 13 : 1.149585e-01 / 1.213448e+01
PCG:  0 : 1.148700e-01
PCG:  1 : 8.810267e-02 / 7.669772e-01
PCG:  2 : 5.723289e-02 / 4.982406e-01
PCG:  3 : 6.416789e-02 / 5.586131e-01
PCG:  4 : 6.328805e-02 / 5.509537e-01
PCG:  5 : 5.755844e-02 / 5.010746e-01
PCG:  6 : 5.179501e-02 / 4.509011e-01
PCG:  7 : 3.490107e-02 / 3.038310e-01
PCG:  8 : 2.652686e-02 / 2.309294e-01
PCG:  9 : 3.310897e-02 / 2.882299e-01
PCG: 10 : 2.876970e-02 / 2.504545e-01
PCG: 11 : 1.879307e-02 / 1.636029e-01
PCG: 12 : 1.774179e-02 / 1.544510e-01
PCG: 13 : 2.263278e-02 / 1.970295e-01
PCG:  0 : 2.263278e-02
PCG:  1 : 1.334521e-02 / 5.896406e-01
PCG:  2 : 1.220718e-02 / 5.393583e-01
PCG:  3 : 9.568216e-03 / 4.227592e-01
PCG:  4 : 8.518248e-03 / 3.763677e-01
PCG:  5 : 8.368389e-03 / 3.697464e-01
PCG:  6 : 1.077690e-02 / 4.761632e-01
PCG:  7 : 1.137555e-02 / 5.026139e-01
PCG:  8 : 7.414061e-03 / 3.275807e-01
PCG:  9 : 8.072888e-03 / 3.566900e-01
PCG: 10 : 9.702246e-03 / 4.286811e-01
PCG: 11 : 8.632785e-03 / 3.814284e-01
PCG: 12 : 9.458984e-03 / 4.179330e-01
PCG: 13 : 1.135671e-02 / 5.017813e-01
PCG:  0 : 1.135670e-02
PCG:  1 : 8.338882e-03 / 7.342695e-01
PCG:  2 : 6.532222e-03 / 5.751864e-01
PCG:  3 : 6.143761e-03 / 5.409811e-01
PCG:  4 : 4.593728e-03 / 4.044949e-01
PCG:  5 : 4.682377e-03 / 4.123007e-01
PCG:  6 : 7.289698e-03 / 6.418850e-01
PCG:  7 : 6.153995e-03 / 5.418822e-01
PCG:  8 : 3.873490e-03 / 3.410752e-01
PCG:  9 : 4.028841e-03 / 3.547544e-01
PCG: 10 : 5.814536e-03 / 5.119916e-01
PCG: 11 : 5.868606e-03 / 5.167525e-01
PCG: 12 : 4.356362e-03 / 3.835939e-01
PCG: 13 : 6.248196e-03 / 5.501769e-01
PCG:  0 : 6.248197e-03
PCG:  1 : 4.093560e-03 / 6.551586e-01
PCG:  2 : 4.537888e-03 / 7.262717e-01
PCG:  3 : 3.793657e-03 / 6.071603e-01
PCG:  4 : 2.600658e-03 / 4.162254e-01
PCG:  5 : 2.486285e-03 / 3.979203e-01
PCG:  6 : 3.672082e-03 / 5.877028e-01
PCG:  7 : 4.175732e-03 / 6.683100e-01
PCG:  8 : 2.443640e-03 / 3.910952e-01
PCG:  9 : 2.255484e-03 / 3.609816e-01
PCG: 10 : 2.753176e-03 / 4.406354e-01
PCG: 11 : 2.726326e-03 / 4.363381e-01
PCG: 12 : 3.291636e-03 / 5.268139e-01
PCG: 13 : 4.165819e-03 / 6.667235e-01
PCG:  0 : 4.165819e-03
PCG:  1 : 2.953479e-03 / 7.089790e-01
PCG:  2 : 2.185955e-03 / 5.247359e-01
PCG:  3 : 2.126592e-03 / 5.104859e-01
PCG:  4 : 1.528405e-03 / 3.668919e-01
PCG:  5 : 1.536137e-03 / 3.687479e-01
PCG:  6 : 2.508014e-03 / 6.020458e-01
PCG:  7 : 2.261424e-03 / 5.428522e-01
PCG:  8 : 1.416830e-03 / 3.401084e-01
PCG:  9 : 1.461575e-03 / 3.508494e-01
PCG: 10 : 2.043094e-03 / 4.904424e-01
PCG: 11 : 1.977616e-03 / 4.747244e-01
PCG: 12 : 1.556410e-03 / 3.736145e-01
PCG: 13 : 2.377812e-03 / 5.707908e-01
PCG:  0 : 2.377812e-03
PCG:  1 : 1.569973e-03 / 6.602595e-01
PCG:  2 : 1.578977e-03 / 6.640464e-01
PCG:  3 : 1.388946e-03 / 5.841276e-01
PCG:  4 : 1.079795e-03 / 4.541128e-01
PCG:  5 : 1.021657e-03 / 4.296628e-01
PCG:  6 : 1.321395e-03 / 5.557188e-01
PCG:  7 : 1.368780e-03 / 5.756468e-01
PCG:  8 : 8.723363e-04 / 3.668652e-01
PCG:  9 : 9.155735e-04 / 3.850488e-01
PCG: 10 : 1.045432e-03 / 4.396612e-01
PCG: 11 : 8.925758e-04 / 3.753770e-01
PCG: 12 : 1.198645e-03 / 5.040957e-01
PCG: 13 : 1.624888e-03 / 6.833543e-01
PCG:  0 : 1.624888e-03
PCG:  1 : 1.179759e-03 / 7.260557e-01
PCG:  2 : 7.232496e-04 / 4.451073e-01
PCG:  3 : 7.728605e-04 / 4.756392e-01
PCG:  4 : 6.912707e-04 / 4.254267e-01
PCG:  5 : 7.171076e-04 / 4.413274e-01
PCG:  6 : 8.896497e-04 / 5.475144e-01
PCG:  7 : 7.258787e-04 / 4.467254e-01
PCG:  8 : 6.509172e-04 / 4.005920e-01
PCG:  9 : 8.123431e-04 / 4.999379e-01
PCG: 10 : 7.313096e-04 / 4.500677e-01
PCG: 11 : 6.313404e-04 / 3.885440e-01
PCG: 12 : 7.164539e-04 / 4.409251e-01
PCG: 13 : 9.554482e-04 / 5.880086e-01
PCG:  0 : 9.554481e-04
PCG:  1 : 6.838272e-04 / 7.157136e-01
PCG:  2 : 5.194822e-04 / 5.437053e-01
PCG:  3 : 5.323938e-04 / 5.572189e-01
PCG:  4 : 5.530476e-04 / 5.788359e-01
PCG:  5 : 4.374039e-04 / 4.577998e-01
PCG:  6 : 4.391061e-04 / 4.595813e-01
PCG:  7 : 4.945231e-04 / 5.175824e-01
PCG:  8 : 3.790041e-04 / 3.966769e-01
PCG:  9 : 3.634286e-04 / 3.803750e-01
PCG: 10 : 3.510057e-04 / 3.673729e-01
PCG: 11 : 3.095351e-04 / 3.239685e-01
PCG: 12 : 4.900470e-04 / 5.128976e-01
PCG: 13 : 5.889997e-04 / 6.164643e-01
PCG:  0 : 5.889997e-04
PCG:  1 : 4.402080e-04 / 7.473823e-01
PCG:  2 : 2.595543e-04 / 4.406697e-01
PCG:  3 : 2.798029e-04 / 4.750477e-01
PCG:  4 : 2.591083e-04 / 4.399124e-01
PCG:  5 : 2.661172e-04 / 4.518121e-01
PCG:  6 : 3.216376e-04 / 5.460743e-01
PCG:  7 : 2.654808e-04 / 4.507317e-01
PCG:  8 : 2.462925e-04 / 4.181538e-01
PCG:  9 : 3.051024e-04 / 5.180010e-01
PCG: 10 : 2.613516e-04 / 4.437211e-01
PCG: 11 : 2.312588e-04 / 3.926298e-01
PCG: 12 : 2.773573e-04 / 4.708954e-01
PCG: 13 : 3.436837e-04 / 5.835041e-01
PCG:  0 : 3.436838e-04
PCG:  1 : 2.503221e-04 / 7.283502e-01
PCG:  2 : 1.918915e-04 / 5.583374e-01
PCG:  3 : 1.955735e-04 / 5.690508e-01
PCG:  4 : 2.025609e-04 / 5.893815e-01
PCG:  5 : 1.616255e-04 / 4.702740e-01
PCG:  6 : 1.602088e-04 / 4.661517e-01
PCG:  7 : 1.786035e-04 / 5.196739e-01
PCG:  8 : 1.398887e-04 / 4.070275e-01
PCG:  9 : 1.338611e-04 / 3.894892e-01
PCG: 10 : 1.270449e-04 / 3.696564e-01
PCG: 11 : 1.135848e-04 / 3.304921e-01
PCG: 12 : 1.818988e-04 / 5.292622e-01
PCG: 13 : 2.129357e-04 / 6.195687e-01
PCG:  0 : 2.129357e-04
PCG:  1 : 1.619415e-04 / 7.605181e-01
PCG:  2 : 9.572435e-05 / 4.495457e-01
PCG:  3 : 1.017929e-04 / 4.780452e-01
PCG:  4 : 9.461201e-05 / 4.443219e-01
PCG:  5 : 9.817952e-05 / 4.610758e-01
PCG:  6 : 1.170880e-04 / 5.498747e-01
PCG:  7 : 9.640310e-05 / 4.527333e-01
PCG:  8 : 9.088022e-05 / 4.267964e-01
PCG:  9 : 1.119589e-04 / 5.257872e-01
PCG: 10 : 9.496726e-05 / 4.459902e-01
PCG: 11 : 8.486293e-05 / 3.985377e-01
PCG: 12 : 1.024852e-04 / 4.812966e-01
PCG: 13 : 1.236821e-04 / 5.808423e-01
PCG:  0 : 1.236821e-04
PCG:  1 : 9.182982e-05 / 7.424666e-01
PCG:  2 : 7.105783e-05 / 5.745200e-01
PCG:  3 : 7.124489e-05 / 5.760324e-01
PCG:  4 : 7.402078e-05 / 5.984762e-01
PCG:  5 : 5.995157e-05 / 4.847232e-01
PCG:  6 : 5.839726e-05 / 4.721562e-01
PCG:  7 : 6.466946e-05 / 5.228685e-01
PCG:  8 : 5.191004e-05 / 4.197054e-01
PCG:  9 : 4.923565e-05 / 3.980823e-01
PCG: 10 : 4.597990e-05 / 3.717588e-01
PCG: 11 : 4.186973e-05 / 3.385271e-01
PCG: 12 : 6.729456e-05 / 5.440931e-01
PCG: 13 : 7.689578e-05 / 6.217212e-01
PCG:  0 : 7.689578e-05
PCG:  1 : 5.963448e-05 / 7.755235e-01
PCG:  2 : 3.545071e-05 / 4.610228e-01
PCG:  3 : 3.700471e-05 / 4.812320e-01
PCG:  4 : 3.457320e-05 / 4.496112e-01
PCG:  5 : 3.642442e-05 / 4.736856e-01
PCG:  6 : 4.269600e-05 / 5.552451e-01
PCG:  7 : 3.504273e-05 / 4.557172e-01
PCG:  8 : 3.371651e-05 / 4.384703e-01
PCG:  9 : 4.109447e-05 / 5.344178e-01
PCG: 10 : 3.445253e-05 / 4.480419e-01
PCG: 11 : 3.129704e-05 / 4.070060e-01
PCG: 12 : 3.785169e-05 / 4.922467e-01
PCG: 13 : 4.451218e-05 / 5.788637e-01
PCG:  0 : 4.451218e-05
PCG:  1 : 3.375024e-05 / 7.582248e-01
PCG:  2 : 2.634802e-05 / 5.919283e-01
PCG:  3 : 2.589862e-05 / 5.818322e-01
PCG:  4 : 2.708455e-05 / 6.084750e-01
PCG:  5 : 2.231880e-05 / 5.014089e-01
PCG:  6 : 2.130457e-05 / 4.786233e-01
PCG:  7 : 2.348797e-05 / 5.276752e-01
PCG:  8 : 1.934524e-05 / 4.346055e-01
PCG:  9 : 1.810891e-05 / 4.068306e-01
PCG: 10 : 1.666635e-05 / 3.744222e-01
PCG: 11 : 1.549529e-05 / 3.481134e-01
PCG: 12 : 2.486792e-05 / 5.586768e-01
PCG: 13 : 2.773715e-05 / 6.231363e-01
PCG:  0 : 2.773715e-05
PCG:  1 : 2.197455e-05 / 7.922423e-01
PCG:  2 : 1.315471e-05 / 4.742632e-01
PCG:  3 : 1.344371e-05 / 4.846824e-01
PCG:  4 : 1.266258e-05 / 4.565205e-01
PCG:  5 : 1.357722e-05 / 4.894956e-01
PCG:  6 : 1.559100e-05 / 5.620979e-01
PCG:  7 : 1.277158e-05 / 4.604502e-01
PCG:  8 : 1.256624e-05 / 4.530471e-01
PCG:  9 : 1.508891e-05 / 5.439962e-01
PCG: 10 : 1.250169e-05 / 4.507198e-01
PCG: 11 : 1.157964e-05 / 4.174777e-01
PCG: 12 : 1.396314e-05 / 5.034093e-01
PCG: 13 : 1.602111e-05 / 5.776045e-01
PCG:  0 : 1.602110e-05
PCG:  1 : 1.241913e-05 / 7.751735e-01
PCG:  2 : 9.775690e-06 / 6.101758e-01
PCG:  3 : 9.408735e-06 / 5.872713e-01
PCG:  4 : 9.933582e-06 / 6.200311e-01
PCG:  5 : 8.335772e-06 / 5.202995e-01
PCG:  6 : 7.784653e-06 / 4.859000e-01
PCG:  7 : 8.571812e-06 / 5.350326e-01
PCG:  8 : 7.238571e-06 / 4.518148e-01
PCG:  9 : 6.657450e-06 / 4.155425e-01
PCG: 10 : 6.059223e-06 / 3.782026e-01
PCG: 11 : 5.756305e-06 / 3.592951e-01
PCG: 12 : 9.170416e-06 / 5.723960e-01
PCG: 13 : 9.999625e-06 / 6.241533e-01
PCG:  0 : 9.999627e-06
PCG:  1 : 8.099802e-06 / 8.100104e-01
PCG:  2 : 4.884444e-06 / 4.884626e-01
PCG:  3 : 4.883920e-06 / 4.884102e-01
PCG:  4 : 4.653046e-06 / 4.653220e-01
PCG:  5 : 5.081926e-06 / 5.082116e-01
PCG:  6 : 5.704151e-06 / 5.704364e-01
PCG:  7 : 4.675636e-06 / 4.675810e-01
PCG:  8 : 4.704044e-06 / 4.704219e-01
PCG:  9 : 5.540985e-06 / 5.541192e-01
PCG: 10 : 4.545672e-06 / 4.545842e-01
PCG: 11 : 4.296286e-06 / 4.296446e-01
PCG: 12 : 5.135822e-06 / 5.136013e-01
PCG: 13 : 5.771644e-06 / 5.771859e-01
PCG:  0 : 5.771643e-06
PCG:  1 : 4.571755e-06 / 7.921063e-01
PCG:  2 : 3.625748e-06 / 6.282003e-01
PCG:  3 : 3.420924e-06 / 5.927124e-01
PCG:  4 : 3.654513e-06 / 6.331841e-01
PCG:  5 : 3.121163e-06 / 5.407754e-01
PCG:  6 : 2.852257e-06 / 4.941845e-01
PCG:  7 : 3.149060e-06 / 5.456089e-01
PCG:  8 : 2.717886e-06 / 4.709034e-01
PCG:  9 : 2.447196e-06 / 4.240033e-01
PCG: 10 : 2.213327e-06 / 3.834830e-01
PCG: 11 : 2.144746e-06 / 3.716006e-01
PCG: 12 : 3.371553e-06 / 5.841583e-01
PCG: 13 : 3.607629e-06 / 6.250610e-01
PCG:  0 : 3.607629e-06
PCG:  1 : 2.984103e-06 / 8.271646e-01
PCG:  2 : 1.812497e-06 / 5.024068e-01
PCG:  3 : 1.776739e-06 / 4.924949e-01
PCG:  4 : 1.716960e-06 / 4.759248e-01
PCG:  5 : 1.908715e-06 / 5.290774e-01
PCG:  6 : 2.093983e-06 / 5.804320e-01
PCG:  7 : 1.722761e-06 / 4.775327e-01
PCG:  8 : 1.767623e-06 / 4.899682e-01
PCG:  9 : 2.035959e-06 / 5.643483e-01
PCG: 10 : 1.659001e-06 / 4.598590e-01
PCG: 11 : 1.596934e-06 / 4.426548e-01
PCG: 12 : 1.881542e-06 / 5.215453e-01
PCG: 13 : 2.083288e-06 / 5.774676e-01
PCG:  0 : 2.083288e-06
PCG:  1 : 1.682108e-06 / 8.074295e-01
PCG:  2 : 1.343136e-06 / 6.447194e-01
PCG:  3 : 1.247240e-06 / 5.986879e-01
PCG:  4 : 1.349612e-06 / 6.478279e-01
PCG:  5 : 1.170958e-06 / 5.620721e-01
PCG:  6 : 1.050070e-06 / 5.040447e-01
PCG:  7 : 1.166374e-06 / 5.598716e-01
PCG:  8 : 1.023171e-06 / 4.911329e-01
PCG:  9 : 9.006024e-07 / 4.322985e-01
PCG: 10 : 8.134846e-07 / 3.904811e-01
PCG: 11 : 8.001809e-07 / 3.840952e-01
PCG: 12 : 1.235475e-06 / 5.930409e-01
PCG: 13 : 1.304464e-06 / 6.261562e-01
PCG:  0 : 1.304464e-06
PCG:  1 : 1.098003e-06 / 8.417271e-01
PCG:  2 : 6.715057e-07 / 5.147753e-01
PCG:  3 : 6.487239e-07 / 4.973108e-01
PCG:  4 : 6.365998e-07 / 4.880165e-01
PCG:  5 : 7.187959e-07 / 5.510278e-01
PCG:  6 : 7.731146e-07 / 5.926685e-01
PCG:  7 : 6.398566e-07 / 4.905131e-01
PCG:  8 : 6.660545e-07 / 5.105964e-01
PCG:  9 : 7.493608e-07 / 5.744588e-01
PCG: 10 : 6.086520e-07 / 4.665917e-01
PCG: 11 : 5.936030e-07 / 4.550552e-01
PCG: 12 : 6.865573e-07 / 5.263138e-01
PCG: 13 : 7.547031e-07 / 5.785543e-01
PCG:  0 : 7.547031e-07
PCG:  1 : 6.180142e-07 / 8.188838e-01
PCG:  2 : 4.966112e-07 / 6.580219e-01
PCG:  3 : 4.570260e-07 / 6.055706e-01
PCG:  4 : 5.004959e-07 / 6.631692e-01
PCG:  5 : 4.400474e-07 / 5.830736e-01
PCG:  6 : 3.895020e-07 / 5.160996e-01
PCG:  7 : 4.359286e-07 / 5.776160e-01
PCG:  8 : 3.859180e-07 / 5.113507e-01
PCG:  9 : 3.325441e-07 / 4.406290e-01
PCG: 10 : 3.009643e-07 / 3.987851e-01
PCG: 11 : 2.982226e-07 / 3.951522e-01
PCG: 12 : 4.514900e-07 / 5.982352e-01
PCG: 13 : 4.735379e-07 / 6.274493e-01
PCG:  0 : 4.735380e-07
PCG:  1 : 4.031825e-07 / 8.514260e-01
PCG:  2 : 2.482211e-07 / 5.241842e-01
PCG:  3 : 2.383057e-07 / 5.032451e-01
PCG:  4 : 2.372349e-07 / 5.009840e-01
PCG:  5 : 2.712488e-07 / 5.728132e-01
PCG:  6 : 2.879213e-07 / 6.080216e-01
PCG:  7 : 2.398012e-07 / 5.064033e-01
PCG:  8 : 2.513449e-07 / 5.307810e-01
PCG:  9 : 2.767524e-07 / 5.844354e-01
PCG: 10 : 2.246732e-07 / 4.744566e-01
PCG: 11 : 2.201883e-07 / 4.649855e-01
PCG: 12 : 2.498674e-07 / 5.276607e-01
PCG: 13 : 2.747531e-07 / 5.802135e-01
PCG:  0 : 2.747531e-07
PCG:  1 : 2.266271e-07 / 8.248389e-01
PCG:  2 : 1.832558e-07 / 6.669835e-01
PCG:  3 : 1.686721e-07 / 6.139041e-01
PCG:  4 : 1.864278e-07 / 6.785283e-01
PCG:  5 : 1.656696e-07 / 6.029762e-01
PCG:  6 : 1.459436e-07 / 5.311810e-01
PCG:  7 : 1.644054e-07 / 5.983748e-01
PCG:  8 : 1.457499e-07 / 5.304759e-01
PCG:  9 : 1.234767e-07 / 4.494096e-01
PCG: 10 : 1.120379e-07 / 4.077765e-01
PCG: 11 : 1.107907e-07 / 4.032373e-01
PCG: 12 : 1.647740e-07 / 5.997165e-01
PCG: 13 : 1.728132e-07 / 6.289762e-01
PCG:  0 : 1.728132e-07
PCG:  1 : 1.477690e-07 / 8.550794e-01
PCG:  2 : 9.157819e-08 / 5.299259e-01
PCG:  3 : 8.825136e-08 / 5.106750e-01
PCG:  4 : 8.886636e-08 / 5.142337e-01
PCG:  5 : 1.025478e-07 / 5.934024e-01
PCG:  6 : 1.083867e-07 / 6.271898e-01
PCG:  7 : 9.068789e-08 / 5.247741e-01
PCG:  8 : 9.490184e-08 / 5.491585e-01
PCG:  9 : 1.027174e-07 / 5.943841e-01
PCG: 10 : 8.344154e-08 / 4.828424e-01
PCG: 11 : 8.138360e-08 / 4.709340e-01
PCG: 12 : 9.091126e-08 / 5.260667e-01
PCG: 13 : 1.006229e-07 / 5.822638e-01
PCG:  0 : 1.006228e-07
PCG:  1 : 8.299399e-08 / 8.248028e-01
PCG:  2 : 6.754777e-08 / 6.712968e-01
PCG:  3 : 6.277807e-08 / 6.238950e-01
PCG:  4 : 6.977864e-08 / 6.934674e-01
PCG:  5 : 6.253046e-08 / 6.214342e-01
PCG:  6 : 5.529547e-08 / 5.495321e-01
PCG:  7 : 6.251729e-08 / 6.213033e-01
PCG:  8 : 5.511274e-08 / 5.477161e-01
PCG:  9 : 4.614153e-08 / 4.585593e-01
PCG: 10 : 4.190195e-08 / 4.164259e-01
PCG: 11 : 4.099089e-08 / 4.073718e-01
PCG: 12 : 6.016446e-08 / 5.979207e-01
PCG: 13 : 6.342555e-08 / 6.303296e-01
PCG:  0 : 6.342555e-08
PCG:  1 : 5.412882e-08 / 8.534228e-01
PCG:  2 : 3.376617e-08 / 5.323749e-01
PCG:  3 : 3.296089e-08 / 5.196784e-01
PCG:  4 : 3.346733e-08 / 5.276632e-01
PCG:  5 : 3.886702e-08 / 6.127975e-01
PCG:  6 : 4.123704e-08 / 6.501644e-01
PCG:  7 : 3.456976e-08 / 5.450446e-01
PCG:  8 : 3.585594e-08 / 5.653232e-01
PCG:  9 : 3.831665e-08 / 6.041201e-01
PCG: 10 : 3.114654e-08 / 4.910725e-01
PCG: 11 : 2.999635e-08 / 4.729379e-01
PCG: 12 : 3.314315e-08 / 5.225521e-01
PCG: 13 : 3.706022e-08 / 5.843106e-01
PCG:  0 : 3.706022e-08
PCG:  1 : 3.041375e-08 / 8.206576e-01
PCG:  2 : 2.491648e-08 / 6.723242e-01
PCG:  3 : 2.355043e-08 / 6.354639e-01
PCG:  4 : 2.625240e-08 / 7.083713e-01
PCG:  5 : 2.368665e-08 / 6.391394e-01
PCG:  6 : 2.115407e-08 / 5.708027e-01
PCG:  7 : 2.393351e-08 / 6.458006e-01
PCG:  8 : 2.087448e-08 / 5.632584e-01
PCG:  9 : 1.733202e-08 / 4.676718e-01
PCG: 10 : 1.571831e-08 / 4.241289e-01
PCG: 11 : 1.512849e-08 / 4.082138e-01
PCG: 12 : 2.201128e-08 / 5.939327e-01
PCG: 13 : 2.340086e-08 / 6.314280e-01
PCG:  0 : 2.340086e-08
PCG:  1 : 1.986889e-08 / 8.490664e-01
PCG:  2 : 1.247328e-08 / 5.330265e-01
PCG:  3 : 1.239951e-08 / 5.298740e-01
PCG:  4 : 1.267026e-08 / 5.414442e-01
PCG:  5 : 1.478433e-08 / 6.317857e-01
PCG:  6 : 1.581584e-08 / 6.758658e-01
PCG:  7 : 1.325542e-08 / 5.664499e-01
PCG:  8 : 1.356997e-08 / 5.798919e-01
PCG:  9 : 1.435188e-08 / 6.133057e-01
PCG: 10 : 1.166733e-08 / 4.985856e-01
PCG: 11 : 1.105519e-08 / 4.724267e-01
PCG: 12 : 1.212800e-08 / 5.182716e-01
PCG: 13 : 1.372027e-08 / 5.863147e-01
PCG:  0 : 1.372027e-08
PCG:  1 : 1.118285e-08 / 8.150603e-01
PCG:  2 : 9.219850e-09 / 6.719874e-01
PCG:  3 : 8.890815e-09 / 6.480058e-01
PCG:  4 : 9.928765e-09 / 7.236567e-01
PCG:  5 : 9.012630e-09 / 6.568843e-01
PCG:  6 : 8.144525e-09 / 5.936126e-01
PCG:  7 : 9.202884e-09 / 6.707509e-01
PCG:  8 : 7.923462e-09 / 5.775004e-01
PCG:  9 : 6.529797e-09 / 4.759233e-01
PCG: 10 : 5.904288e-09 / 4.303332e-01
PCG: 11 : 5.584382e-09 / 4.070169e-01
PCG: 12 : 8.080236e-09 / 5.889269e-01
PCG: 13 : 8.674535e-09 / 6.322423e-01
PCG:  0 : 8.674536e-09
PCG:  1 : 7.327700e-09 / 8.447368e-01
PCG:  2 : 4.627227e-09 / 5.334265e-01
PCG:  3 : 4.688943e-09 / 5.405411e-01
PCG:  4 : 4.818338e-09 / 5.554578e-01
PCG:  5 : 5.646526e-09 / 6.509312e-01
PCG:  6 : 6.092388e-09 / 7.023301e-01
PCG:  7 : 5.098196e-09 / 5.877197e-01
PCG:  8 : 5.148323e-09 / 5.934984e-01
PCG:  9 : 5.390953e-09 / 6.214687e-01
PCG: 10 : 4.380817e-09 / 5.050203e-01
PCG: 11 : 4.086626e-09 / 4.711060e-01
PCG: 12 : 4.461247e-09 / 5.142924e-01
PCG: 13 : 5.103414e-09 / 5.883213e-01
PCG:  0 : 5.103415e-09
PCG:  1 : 4.135177e-09 / 8.102765e-01
PCG:  2 : 3.428868e-09 / 6.718772e-01
PCG:  3 : 3.371395e-09 / 6.606155e-01
PCG:  4 : 3.771539e-09 / 7.390226e-01
PCG:  5 : 3.443747e-09 / 6.747926e-01
PCG:  6 : 3.144566e-09 / 6.161690e-01
PCG:  7 : 3.544990e-09 / 6.946309e-01
PCG:  8 : 3.014784e-09 / 5.907385e-01
PCG:  9 : 2.464181e-09 / 4.828495e-01
PCG: 10 : 2.219396e-09 / 4.348846e-01
PCG: 11 : 2.066993e-09 / 4.050217e-01
PCG: 12 : 2.980748e-09 / 5.840694e-01
PCG: 13 : 3.230925e-09 / 6.330908e-01
PCG:  0 : 3.230925e-09
PCG:  1 : 2.719960e-09 / 8.418518e-01
PCG:  2 : 1.726438e-09 / 5.343478e-01
PCG:  3 : 1.779516e-09 / 5.507759e-01
PCG:  4 : 1.838057e-09 / 5.688949e-01
PCG:  5 : 2.163778e-09 / 6.697086e-01
PCG:  6 : 2.349783e-09 / 7.272787e-01
PCG:  7 : 1.961957e-09 / 6.072432e-01
PCG:  8 : 1.958009e-09 / 6.060212e-01
PCG:  9 : 2.029686e-09 / 6.282057e-01
PCG: 10 : 1.648286e-09 / 5.101592e-01
PCG: 11 : 1.518125e-09 / 4.698730e-01
PCG: 12 : 1.651897e-09 / 5.112767e-01
PCG: 13 : 1.907660e-09 / 5.904377e-01
PCG:  0 : 1.907660e-09
PCG:  1 : 1.539472e-09 / 8.069951e-01
PCG:  2 : 1.282612e-09 / 6.723485e-01
PCG:  3 : 1.282452e-09 / 6.722646e-01
PCG:  4 : 1.436922e-09 / 7.532381e-01
PCG:  5 : 1.319730e-09 / 6.918057e-01
PCG:  6 : 1.214205e-09 / 6.364893e-01
PCG:  7 : 1.364887e-09 / 7.154772e-01
PCG:  8 : 1.149348e-09 / 6.024911e-01
PCG:  9 : 9.312163e-10 / 4.881459e-01
PCG: 10 : 8.351837e-10 / 4.378054e-01
PCG: 11 : 7.685498e-10 / 4.028758e-01
PCG: 12 : 1.106428e-09 / 5.799922e-01
PCG: 13 : 1.209403e-09 / 6.339723e-01
PCG:  0 : 1.209404e-09
PCG:  1 : 1.016630e-09 / 8.406046e-01
PCG:  2 : 6.480075e-10 / 5.358075e-01
PCG:  3 : 6.771047e-10 / 5.598666e-01
PCG:  4 : 7.023692e-10 / 5.807567e-01
PCG:  5 : 8.307616e-10 / 6.869184e-01
PCG:  6 : 9.057496e-10 / 7.489226e-01
PCG:  7 : 7.544534e-10 / 6.238227e-01
PCG:  8 : 7.463862e-10 / 6.171523e-01
PCG:  9 : 7.662174e-10 / 6.335497e-01
PCG: 10 : 6.219611e-10 / 5.142710e-01
PCG: 11 : 5.674419e-10 / 4.691915e-01
PCG: 12 : 6.161790e-10 / 5.094900e-01
PCG: 13 : 7.168615e-10 / 5.927397e-01

PCG ( VCycle ( S: Scale / C: Scale )  )

Complete solver TOE: 49.2051
0.0411552 GFlop/s [0.0411552 GFlops/s]

Total time: 49.2051s
Accumulated op time: 41.9494

Reductions: 81.6118%
Blas-1: 2.07063%
Blas-2: 1.57184%
Precon Kernels: 0%
MPI Execution: 0%
MPI Wait: 0%
Not covered: 14.7457%

Domain size: 106.835 MByte
LA size: 355.578 MByte
MPI size: 10.6866 MByte

H0-Error: 4.297262e-07
H1-Error: 2.017209e-03

Writing DATA to output.data...
Run-Time: 1:00.815 [1:00.815]
0xb331f9f8 Error: MemoryPool<CUDA> still contains memory chunks on deconstructor call
