NUM-PROCS: 1
Preparing domain...
LVL-MIN: 3 [3]
LVL-MAX: 8 [8]
Creating gates...
Assembling system matrices...
Assembling system filters...
Assembling transfer matrices...
Converting assembled linear system from SparseMatrixCSR, Mem:main to SparseMatrixCSR, Mem:mainand to SparseMatrixCSR, Mem:main...
PCG:  0 : 3.788183e-02
PCG:  1 : 3.863721e-02 / 1.019940e+00
PCG:  2 : 4.165912e-02 / 1.099712e+00
PCG:  3 : 2.963630e-02 / 7.823356e-01
PCG:  4 : 5.199913e-03 / 1.372667e-01
PCG:  5 : 5.305641e-04 / 1.400577e-02
PCG:  6 : 9.290630e-05 / 2.452530e-03
PCG:  7 : 2.192175e-05 / 5.786878e-04
PCG:  8 : 2.802434e-06 / 7.397832e-05
PCG:  9 : 3.383425e-07 / 8.931525e-06
PCG: 10 : 8.315101e-07 / 2.195010e-05
PCG:  0 : 1.544121e-03
PCG:  1 : 1.679585e-04 / 1.087729e-01
PCG:  2 : 2.460284e-04 / 1.593323e-01
PCG:  3 : 9.727875e-05 / 6.299944e-02
PCG:  4 : 4.254873e-05 / 2.755531e-02
PCG:  5 : 8.138179e-06 / 5.270428e-03
PCG:  6 : 7.865191e-07 / 5.093637e-04
PCG:  7 : 1.165561e-07 / 7.548379e-05
PCG:  8 : 3.154847e-08 / 2.043135e-05
PCG:  9 : 2.169395e-08 / 1.404939e-05
PCG: 10 : 7.345986e-09 / 4.757390e-06
PCG:  0 : 9.069736e-09
PCG:  1 : 2.328575e-09 / 2.567412e-01
PCG:  2 : 1.877356e-09 / 2.069912e-01
PCG:  3 : 1.199741e-09 / 1.322796e-01
PCG:  4 : 4.088596e-10 / 4.507954e-02
PCG:  5 : 3.531443e-10 / 3.893656e-02
PCG:  6 : 1.475183e-10 / 1.626489e-02
PCG:  7 : 3.375406e-11 / 3.721614e-03
PCG:  8 : 9.941553e-12 / 1.096124e-03
PCG:  9 : 2.602005e-12 / 2.868887e-04
PCG: 10 : 8.232350e-13 / 9.076725e-05
PCG:  0 : 8.272791e-13
PCG:  1 : 3.950247e-13 / 4.774987e-01
PCG:  2 : 9.917571e-14 / 1.198818e-01
PCG:  3 : 6.569840e-14 / 7.941504e-02
PCG:  4 : 6.439169e-14 / 7.783552e-02
PCG:  5 : 3.406856e-14 / 4.118146e-02
PCG:  6 : 7.778466e-15 / 9.402470e-03
PCG:  7 : 1.840136e-15 / 2.224323e-03
PCG:  8 : 7.302499e-16 / 8.827129e-04
PCG:  9 : 3.905910e-16 / 4.721393e-04
PCG: 10 : 1.423421e-16 / 1.720606e-04

PCG ( VCycle ( S: Scale / C: Scale )  )

Complete solver TOE: 0.70896
0.540128 GFlop/s [0.540128 GFlops/s]

Total time: 0.70896s
Accumulated op time: 0.684991

Reductions: 1.95596%
Blas-1: 5.53854%
Blas-2: 89.1246%
Precon Kernels: 0%
MPI Execution: 0%
MPI Wait: 0%
Not covered: 3.38087%

Domain size: 6.73462 MByte
LA size: 22.3983 MByte
MPI size: 0.674286 MByte

H0-Error: 6.865388e-06
H1-Error: 8.068795e-03

Writing DATA to output.data...
Run-Time: 0:01.305 [0:01.305]
0xb33bb9f8 Error: MemoryPool<CPU> still contains memory chunks on deconstructor call
