NUM-PROCS: 1
Preparing domain...
LVL-MIN: 5 [5]
LVL-MAX: 9 [9]
Creating gates...
Assembling system matrices...
Assembling system filters...
Assembling transfer matrices...
Converting assembled linear system from SparseMatrixCSR, Mem:main to SparseMatrixELL, Mem:cudaand to SparseMatrixELL, Mem:cuda...
PCG:  0 : 1.894534e-02
PCG:  1 : 7.936785e-02 / 4.189307e+00
PCG:  2 : 8.004833e-02 / 4.225225e+00
PCG:  3 : 1.997659e-01 / 1.054433e+01
PCG:  4 : 2.650327e-01 / 1.398934e+01
PCG:  5 : 1.697546e-01 / 8.960228e+00
PCG:  6 : 1.549428e-01 / 8.178410e+00
PCG:  7 : 1.151544e-01 / 6.078243e+00
PCG:  8 : 9.995857e-02 / 5.276156e+00
PCG:  9 : 8.459774e-02 / 4.465359e+00
PCG: 10 : 3.798953e-02 / 2.005218e+00
PCG: 11 : 2.064830e-02 / 1.089888e+00
PCG: 12 : 1.273249e-02 / 6.720647e-01
PCG: 13 : 8.356788e-03 / 4.410999e-01
PCG:  0 : 8.117131e-03
PCG:  1 : 3.398824e-03 / 4.187223e-01
PCG:  2 : 1.092227e-03 / 1.345583e-01
PCG:  3 : 1.354967e-03 / 1.669269e-01
PCG:  4 : 1.227298e-03 / 1.511986e-01
PCG:  5 : 7.452280e-04 / 9.180928e-02
PCG:  6 : 3.857882e-04 / 4.752766e-02
PCG:  7 : 1.738017e-04 / 2.141171e-02
PCG:  8 : 1.043567e-04 / 1.285635e-02
PCG:  9 : 8.391547e-05 / 1.033807e-02
PCG: 10 : 4.429079e-05 / 5.456459e-03
PCG: 11 : 2.602980e-05 / 3.206773e-03
PCG: 12 : 4.341942e-05 / 5.349109e-03
PCG: 13 : 5.899565e-05 / 7.268042e-03
PCG:  0 : 5.899568e-05
PCG:  1 : 3.111121e-05 / 5.273472e-01
PCG:  2 : 2.302924e-05 / 3.903547e-01
PCG:  3 : 1.858806e-05 / 3.150750e-01
PCG:  4 : 2.126446e-05 / 3.604409e-01
PCG:  5 : 4.504963e-05 / 7.636089e-01
PCG:  6 : 4.695951e-05 / 7.959821e-01
PCG:  7 : 2.508302e-05 / 4.251670e-01
PCG:  8 : 1.666387e-05 / 2.824592e-01
PCG:  9 : 1.522534e-05 / 2.580756e-01
PCG: 10 : 6.808676e-06 / 1.154097e-01
PCG: 11 : 2.919131e-06 / 4.948041e-02
PCG: 12 : 3.855006e-06 / 6.534386e-02
PCG: 13 : 3.315377e-06 / 5.619695e-02
PCG:  0 : 3.315381e-06
PCG:  1 : 1.778723e-06 / 5.365062e-01
PCG:  2 : 1.023969e-06 / 3.088541e-01
PCG:  3 : 1.328953e-06 / 4.008446e-01
PCG:  4 : 9.768636e-07 / 2.946460e-01
PCG:  5 : 7.935647e-07 / 2.393585e-01
PCG:  6 : 5.649331e-07 / 1.703977e-01
PCG:  7 : 2.511912e-07 / 7.576540e-02
PCG:  8 : 1.518104e-07 / 4.578972e-02
PCG:  9 : 1.711043e-07 / 5.160925e-02
PCG: 10 : 1.292725e-07 / 3.899175e-02
PCG: 11 : 6.058944e-08 / 1.827526e-02
PCG: 12 : 5.807036e-08 / 1.751544e-02
PCG: 13 : 6.882242e-08 / 2.075852e-02
PCG:  0 : 6.882241e-08
PCG:  1 : 5.051153e-08 / 7.339402e-01
PCG:  2 : 5.113258e-08 / 7.429641e-01
PCG:  3 : 4.165193e-08 / 6.052088e-01
PCG:  4 : 5.231873e-08 / 7.601990e-01
PCG:  5 : 4.857159e-08 / 7.057526e-01
PCG:  6 : 4.534643e-08 / 6.588905e-01
PCG:  7 : 4.398994e-08 / 6.391804e-01
PCG:  8 : 2.216126e-08 / 3.220065e-01
PCG:  9 : 2.389713e-08 / 3.472289e-01
PCG: 10 : 2.077400e-08 / 3.018494e-01
PCG: 11 : 1.422255e-08 / 2.066559e-01
PCG: 12 : 2.338667e-08 / 3.398119e-01
PCG: 13 : 2.323709e-08 / 3.376383e-01

PCG ( VCycle ( S: Scale / C: Scale )  )

Complete solver TOE: 0.188604
13.037 GFlop/s [13.037 GFlops/s]

Total time: 0.188604s
Accumulated op time: 0.07429

Reductions: 36.5931%
Blas-1: 1.42256%
Blas-2: 1.37378%
Precon Kernels: 0%
MPI Execution: 0%
MPI Wait: 0%
Not covered: 60.6106%

Domain size: 48.1654 MByte
LA size: 120.741 MByte
MPI size: 2.67931 MByte

H0-Error: 1.721496e-06
H1-Error: 4.034414e-03

Writing DATA to output.data...
Run-Time: 0:00.905 [0:00.905]
0x31d198e880 Error: MemoryPool<CUDA> still contains memory chunks on deconstructor call
