NUM-PROCS: 1
Preparing domain...
LVL-MIN: 2 [2]
LVL-MAX: 6 [6]
Creating gates...
Assembling system matrices...
Assembling system filters...
Assembling transfer matrices...
Converting assembled linear system from SparseMatrixCSR, Mem:main to SparseMatrixELL, Mem:cudaand to SparseMatrixELL, Mem:cuda...
PCG: 0 : 1.512630e-01
PCG: 1 : 6.849798e-02 / 4.528404e-01
PCG: 2 : 3.186519e-02 / 2.106609e-01
PCG: 3 : 6.157415e-03 / 4.070669e-02
PCG: 4 : 5.726345e-04 / 3.785689e-03
PCG: 5 : 6.737493e-05 / 4.454159e-04
PCG: 6 : 9.678928e-06 / 6.398743e-05
PCG: 7 : 2.858566e-07 / 1.889799e-06
PCG: 0 : 1.254565e-02
PCG: 1 : 1.974210e-03 / 1.573621e-01
PCG: 2 : 1.505296e-03 / 1.199855e-01
PCG: 3 : 1.270630e-04 / 1.012805e-02
PCG: 4 : 1.615953e-05 / 1.288058e-03
PCG: 5 : 1.406848e-06 / 1.121383e-04
PCG: 6 : 1.660761e-07 / 1.323774e-05
PCG: 7 : 2.305183e-08 / 1.837436e-06
PCG: 0 : 3.018920e-08
PCG: 1 : 4.810664e-09 / 1.593505e-01
PCG: 2 : 1.892341e-09 / 6.268272e-02
PCG: 3 : 6.930638e-10 / 2.295734e-02
PCG: 4 : 1.034830e-10 / 3.427817e-03
PCG: 5 : 1.748815e-11 / 5.792849e-04
PCG: 6 : 2.505163e-12 / 8.298208e-05
PCG: 7 : 3.474563e-13 / 1.150929e-05

PCG ( VCycle ( S: Scale / C: Scale )  )

Complete solver TOE: 0.362251
0.0355534 GFlop/s [0.0355534 GFlops/s]

Total time: 0.362251s
Accumulated op time: 0.051513

Reductions: 3.92877%
Blas-1: 5.33774%
Blas-2: 4.95375%
Precon Kernels: 0%
MPI Execution: 0%
MPI Wait: 0%
Not covered: 85.7797%

Domain size: 0.433594 MByte
LA size: 1.43956 MByte
MPI size: 0.0435944 MByte

H0-Error: 1.098307e-04
H1-Error: 3.227246e-02

Writing DATA to output.data...
Run-Time: 0:00.457 [0:00.457]
0xb33899f8 Error: MemoryPool<CUDA> still contains memory chunks on deconstructor call
