NUM-PROCS: 1
Preparing domain...
LVL-MIN: 6 [6]
LVL-MAX: 10 [10]
Creating gates...
Assembling system matrices...
Assembling system filters...
Assembling transfer matrices...
Converting assembled linear system from SparseMatrixCSR, Mem:main to SparseMatrixCSR, Mem:mainand to SparseMatrixCSR, Mem:main...
PCG:  0 : 9.473041e-03
PCG:  1 : 8.274180e-02 / 8.734449e+00
PCG:  2 : 8.462326e-02 / 8.933063e+00
PCG:  3 : 1.925868e-01 / 2.032999e+01
PCG:  4 : 2.334201e-01 / 2.464046e+01
PCG:  5 : 1.559720e-01 / 1.646483e+01
PCG:  6 : 1.645904e-01 / 1.737461e+01
PCG:  7 : 1.530333e-01 / 1.615461e+01
PCG:  8 : 1.761573e-01 / 1.859564e+01
PCG:  9 : 2.028864e-01 / 2.141724e+01
PCG: 10 : 1.282082e-01 / 1.353401e+01
PCG: 11 : 9.867722e-02 / 1.041664e+01
PCG: 12 : 9.587803e-02 / 1.012115e+01
PCG: 13 : 1.148227e-01 / 1.212100e+01
PCG: 14 : 1.197572e-01 / 1.264190e+01
PCG: 15 : 8.068565e-02 / 8.517397e+00
PCG: 16 : 6.597887e-02 / 6.964910e+00
PCG: 17 : 6.123283e-02 / 6.463904e+00
PCG: 18 : 5.366613e-02 / 5.665143e+00
PCG:  0 : 5.364396e-02
PCG:  1 : 3.989454e-02 / 7.436911e-01
PCG:  2 : 2.867552e-02 / 5.345526e-01
PCG:  3 : 2.947992e-02 / 5.495479e-01
PCG:  4 : 2.930930e-02 / 5.463670e-01
PCG:  5 : 2.306244e-02 / 4.299168e-01
PCG:  6 : 1.296271e-02 / 2.416434e-01
PCG:  7 : 8.557734e-03 / 1.595284e-01
PCG:  8 : 8.770995e-03 / 1.635039e-01
PCG:  9 : 8.743540e-03 / 1.629921e-01
PCG: 10 : 6.801205e-03 / 1.267842e-01
PCG: 11 : 5.174766e-03 / 9.646502e-02
PCG: 12 : 4.473738e-03 / 8.339685e-02
PCG: 13 : 3.996362e-03 / 7.449789e-02
PCG: 14 : 4.558113e-03 / 8.496974e-02
PCG: 15 : 3.796465e-03 / 7.077152e-02
PCG: 16 : 2.247186e-03 / 4.189076e-02
PCG: 17 : 3.997405e-03 / 7.451733e-02
PCG: 18 : 5.400347e-03 / 1.006702e-01
PCG:  0 : 5.400349e-03
PCG:  1 : 1.784173e-03 / 3.303810e-01
PCG:  2 : 1.035434e-03 / 1.917347e-01
PCG:  3 : 1.047090e-03 / 1.938930e-01
PCG:  4 : 1.215307e-03 / 2.250422e-01
PCG:  5 : 1.325504e-03 / 2.454478e-01
PCG:  6 : 1.386962e-03 / 2.568281e-01
PCG:  7 : 1.065717e-03 / 1.973423e-01
PCG:  8 : 1.642022e-03 / 3.040585e-01
PCG:  9 : 2.650930e-03 / 4.908813e-01
PCG: 10 : 1.912288e-03 / 3.541045e-01
PCG: 11 : 1.302570e-03 / 2.412010e-01
PCG: 12 : 1.678131e-03 / 3.107449e-01
PCG: 13 : 1.554296e-03 / 2.878140e-01
PCG: 14 : 1.657635e-03 / 3.069496e-01
PCG: 15 : 1.524705e-03 / 2.823345e-01
PCG: 16 : 8.796566e-04 / 1.628888e-01
PCG: 17 : 8.704148e-04 / 1.611775e-01
PCG: 18 : 7.950950e-04 / 1.472303e-01
PCG:  0 : 7.950948e-04
PCG:  1 : 7.125609e-04 / 8.961962e-01
PCG:  2 : 5.145888e-04 / 6.472043e-01
PCG:  3 : 5.801538e-04 / 7.296662e-01
PCG:  4 : 5.556349e-04 / 6.988285e-01
PCG:  5 : 4.210628e-04 / 5.295756e-01
PCG:  6 : 3.398735e-04 / 4.274629e-01
PCG:  7 : 2.118081e-04 / 2.663935e-01
PCG:  8 : 2.355385e-04 / 2.962396e-01
PCG:  9 : 2.941622e-04 / 3.699713e-01
PCG: 10 : 1.791579e-04 / 2.253290e-01
PCG: 11 : 1.110441e-04 / 1.396614e-01
PCG: 12 : 1.336475e-04 / 1.680901e-01
PCG: 13 : 1.128616e-04 / 1.419473e-01
PCG: 14 : 9.685376e-05 / 1.218141e-01
PCG: 15 : 9.944542e-05 / 1.250737e-01
PCG: 16 : 9.747403e-05 / 1.225942e-01
PCG: 17 : 1.156611e-04 / 1.454684e-01
PCG: 18 : 1.312001e-04 / 1.650119e-01
PCG:  0 : 1.311998e-04
PCG:  1 : 8.578300e-05 / 6.538348e-01
PCG:  2 : 6.285343e-05 / 4.790665e-01
PCG:  3 : 5.711703e-05 / 4.353439e-01
PCG:  4 : 6.277885e-05 / 4.784981e-01
PCG:  5 : 6.558547e-05 / 4.998900e-01
PCG:  6 : 7.496281e-05 / 5.713637e-01
PCG:  7 : 6.424618e-05 / 4.896820e-01
PCG:  8 : 9.951926e-05 / 7.585320e-01
PCG:  9 : 1.188858e-04 / 9.061430e-01
PCG: 10 : 8.244820e-05 / 6.284171e-01
PCG: 11 : 6.684192e-05 / 5.094666e-01
PCG: 12 : 8.720196e-05 / 6.646501e-01
PCG: 13 : 8.430542e-05 / 6.425728e-01
PCG: 14 : 8.562930e-05 / 6.526634e-01
PCG: 15 : 6.668318e-05 / 5.082567e-01
PCG: 16 : 6.370827e-05 / 4.855821e-01
PCG: 17 : 5.320057e-05 / 4.054928e-01
PCG: 18 : 3.244675e-05 / 2.473079e-01
PCG:  0 : 3.244671e-05
PCG:  1 : 4.223608e-05 / 1.301706e+00
PCG:  2 : 3.665524e-05 / 1.129706e+00
PCG:  3 : 2.798325e-05 / 8.624372e-01
PCG:  4 : 2.600904e-05 / 8.015925e-01
PCG:  5 : 2.204770e-05 / 6.795050e-01
PCG:  6 : 1.799381e-05 / 5.545649e-01
PCG:  7 : 1.104119e-05 / 3.402868e-01
PCG:  8 : 1.291327e-05 / 3.979841e-01
PCG:  9 : 1.491268e-05 / 4.596054e-01
PCG: 10 : 1.011559e-05 / 3.117600e-01
PCG: 11 : 6.229962e-06 / 1.920060e-01
PCG: 12 : 6.395797e-06 / 1.971170e-01
PCG: 13 : 5.705323e-06 / 1.758367e-01
PCG: 14 : 5.475541e-06 / 1.687549e-01
PCG: 15 : 4.201881e-06 / 1.295010e-01
PCG: 16 : 4.775176e-06 / 1.471698e-01
PCG: 17 : 6.165012e-06 / 1.900042e-01
PCG: 18 : 7.034539e-06 / 2.168028e-01
PCG:  0 : 7.034532e-06
PCG:  1 : 5.502299e-06 / 7.821841e-01
PCG:  2 : 4.132887e-06 / 5.875141e-01
PCG:  3 : 3.206842e-06 / 4.558714e-01
PCG:  4 : 3.943811e-06 / 5.606359e-01
PCG:  5 : 4.215584e-06 / 5.992700e-01
PCG:  6 : 4.266355e-06 / 6.064873e-01
PCG:  7 : 3.995796e-06 / 5.680258e-01
PCG:  8 : 6.018571e-06 / 8.555751e-01
PCG:  9 : 6.797615e-06 / 9.663209e-01
PCG: 10 : 5.429575e-06 / 7.718459e-01
PCG: 11 : 3.917296e-06 / 5.568666e-01
PCG: 12 : 4.991242e-06 / 7.095343e-01
PCG: 13 : 5.566284e-06 / 7.912799e-01
PCG: 14 : 5.098495e-06 / 7.247809e-01
PCG: 15 : 3.685793e-06 / 5.239571e-01
PCG: 16 : 4.128979e-06 / 5.869586e-01
PCG: 17 : 3.122843e-06 / 4.439304e-01
PCG: 18 : 2.097179e-06 / 2.981263e-01
PCG:  0 : 2.097179e-06
PCG:  1 : 2.594548e-06 / 1.237161e+00
PCG:  2 : 2.474271e-06 / 1.179809e+00
PCG:  3 : 1.616235e-06 / 7.706709e-01
PCG:  4 : 1.635575e-06 / 7.798931e-01
PCG:  5 : 1.418876e-06 / 6.765639e-01
PCG:  6 : 1.050414e-06 / 5.008699e-01
PCG:  7 : 6.935755e-07 / 3.307184e-01
PCG:  8 : 8.175157e-07 / 3.898169e-01
PCG:  9 : 8.611589e-07 / 4.106273e-01
PCG: 10 : 6.350544e-07 / 3.028137e-01
PCG: 11 : 3.785325e-07 / 1.804961e-01
PCG: 12 : 3.905267e-07 / 1.862152e-01
PCG: 13 : 3.594450e-07 / 1.713945e-01
PCG: 14 : 3.173298e-07 / 1.513127e-01
PCG: 15 : 2.520155e-07 / 1.201688e-01
PCG: 16 : 3.130085e-07 / 1.492522e-01
PCG: 17 : 3.753503e-07 / 1.789787e-01
PCG: 18 : 4.560434e-07 / 2.174556e-01
PCG:  0 : 4.560441e-07
PCG:  1 : 3.536204e-07 / 7.754082e-01
PCG:  2 : 2.662007e-07 / 5.837171e-01
PCG:  3 : 2.086423e-07 / 4.575046e-01
PCG:  4 : 2.535619e-07 / 5.560029e-01
PCG:  5 : 2.738762e-07 / 6.005476e-01
PCG:  6 : 2.821749e-07 / 6.187446e-01
PCG:  7 : 2.572071e-07 / 5.639961e-01
PCG:  8 : 3.804769e-07 / 8.342984e-01
PCG:  9 : 4.376306e-07 / 9.596234e-01
PCG: 10 : 3.475486e-07 / 7.620943e-01
PCG: 11 : 2.512676e-07 / 5.509722e-01
PCG: 12 : 3.257241e-07 / 7.142382e-01
PCG: 13 : 3.593059e-07 / 7.878754e-01
PCG: 14 : 3.237831e-07 / 7.099820e-01
PCG: 15 : 2.349970e-07 / 5.152944e-01
PCG: 16 : 2.645031e-07 / 5.799945e-01
PCG: 17 : 2.025350e-07 / 4.441127e-01
PCG: 18 : 1.370968e-07 / 3.006217e-01
PCG:  0 : 1.370966e-07
PCG:  1 : 1.668723e-07 / 1.217188e+00
PCG:  2 : 1.591746e-07 / 1.161040e+00
PCG:  3 : 1.043546e-07 / 7.611755e-01
PCG:  4 : 1.055367e-07 / 7.697982e-01
PCG:  5 : 9.298385e-08 / 6.782360e-01
PCG:  6 : 6.966555e-08 / 5.081493e-01
PCG:  7 : 4.515243e-08 / 3.293475e-01
PCG:  8 : 5.262571e-08 / 3.838586e-01
PCG:  9 : 5.574404e-08 / 4.066041e-01
PCG: 10 : 4.096390e-08 / 2.987958e-01
PCG: 11 : 2.521870e-08 / 1.839484e-01
PCG: 12 : 2.672535e-08 / 1.949381e-01
PCG: 13 : 2.390989e-08 / 1.744018e-01
PCG: 14 : 2.062892e-08 / 1.504700e-01
PCG: 15 : 1.647279e-08 / 1.201546e-01
PCG: 16 : 2.005995e-08 / 1.463198e-01
PCG: 17 : 2.439807e-08 / 1.779626e-01
PCG: 18 : 3.059564e-08 / 2.231684e-01
PCG:  0 : 3.059564e-08
PCG:  1 : 2.297622e-08 / 7.509639e-01
PCG:  2 : 1.720492e-08 / 5.623323e-01
PCG:  3 : 1.372322e-08 / 4.485351e-01
PCG:  4 : 1.659897e-08 / 5.425274e-01
PCG:  5 : 1.825956e-08 / 5.968026e-01
PCG:  6 : 1.923165e-08 / 6.285749e-01
PCG:  7 : 1.700773e-08 / 5.558874e-01
PCG:  8 : 2.447426e-08 / 7.999265e-01
PCG:  9 : 2.839790e-08 / 9.281681e-01
PCG: 10 : 2.259076e-08 / 7.383654e-01
PCG: 11 : 1.658210e-08 / 5.419758e-01
PCG: 12 : 2.178223e-08 / 7.119390e-01
PCG: 13 : 2.358152e-08 / 7.707476e-01
PCG: 14 : 2.086149e-08 / 6.818452e-01
PCG: 15 : 1.514900e-08 / 4.951358e-01
PCG: 16 : 1.714570e-08 / 5.603967e-01
PCG: 17 : 1.341012e-08 / 4.383018e-01
PCG: 18 : 9.254702e-09 / 3.024843e-01
PCG:  0 : 9.254675e-09
PCG:  1 : 1.097481e-08 / 1.185867e+00
PCG:  2 : 1.035240e-08 / 1.118613e+00
PCG:  3 : 6.802447e-09 / 7.350281e-01
PCG:  4 : 6.920708e-09 / 7.478067e-01
PCG:  5 : 6.235175e-09 / 6.737324e-01
PCG:  6 : 4.747912e-09 / 5.130284e-01
PCG:  7 : 3.023461e-09 / 3.266956e-01
PCG:  8 : 3.456504e-09 / 3.734874e-01
PCG:  9 : 3.658840e-09 / 3.953504e-01
PCG: 10 : 2.703989e-09 / 2.921755e-01
PCG: 11 : 1.729766e-09 / 1.869073e-01
PCG: 12 : 1.881357e-09 / 2.032872e-01
PCG: 13 : 1.631653e-09 / 1.763058e-01
PCG: 14 : 1.371866e-09 / 1.482349e-01
PCG: 15 : 1.095917e-09 / 1.184177e-01
PCG: 16 : 1.311124e-09 / 1.416715e-01
PCG: 17 : 1.617101e-09 / 1.747334e-01
PCG: 18 : 2.111185e-09 / 2.281210e-01
PCG:  0 : 2.111185e-09
PCG:  1 : 1.519392e-09 / 7.196865e-01
PCG:  2 : 1.124950e-09 / 5.328525e-01
PCG:  3 : 9.154355e-10 / 4.336121e-01
PCG:  4 : 1.109927e-09 / 5.257362e-01
PCG:  5 : 1.248289e-09 / 5.912742e-01
PCG:  6 : 1.349107e-09 / 6.390283e-01
PCG:  7 : 1.158265e-09 / 5.486323e-01
PCG:  8 : 1.607824e-09 / 7.615742e-01
PCG:  9 : 1.865735e-09 / 8.837380e-01
PCG: 10 : 1.498042e-09 / 7.095739e-01
PCG: 11 : 1.120963e-09 / 5.309637e-01
PCG: 12 : 1.487171e-09 / 7.044245e-01
PCG: 13 : 1.582732e-09 / 7.496888e-01
PCG: 14 : 1.380545e-09 / 6.539193e-01
PCG: 15 : 9.998519e-10 / 4.735974e-01
PCG: 16 : 1.129372e-09 / 5.349470e-01
PCG: 17 : 9.015612e-10 / 4.270403e-01
PCG: 18 : 6.377179e-10 / 3.020663e-01
PCG:  0 : 6.377189e-10
PCG:  1 : 7.366497e-10 / 1.155132e+00
PCG:  2 : 6.902106e-10 / 1.082312e+00
PCG:  3 : 4.573708e-10 / 7.171982e-01
PCG:  4 : 4.650567e-10 / 7.292504e-01
PCG:  5 : 4.236618e-10 / 6.643394e-01
PCG:  6 : 3.283364e-10 / 5.148608e-01
PCG:  7 : 2.075767e-10 / 3.254988e-01
PCG:  8 : 2.335861e-10 / 3.662837e-01
PCG:  9 : 2.463618e-10 / 3.863173e-01
PCG: 10 : 1.833661e-10 / 2.875344e-01
PCG: 11 : 1.208113e-10 / 1.894429e-01
PCG: 12 : 1.331581e-10 / 2.088037e-01
PCG: 13 : 1.131843e-10 / 1.774831e-01
PCG: 14 : 9.495722e-11 / 1.489014e-01
PCG: 15 : 7.613877e-11 / 1.193924e-01
PCG: 16 : 8.856754e-11 / 1.388818e-01
PCG: 17 : 1.104678e-10 / 1.732233e-01
PCG: 18 : 1.499180e-10 / 2.350847e-01

PCG ( VCycle ( S: Scale / C: Scale )  )

Complete solver TOE: 95.4961
0.0361911 GFlop/s [0.0361911 GFlops/s]

Total time: 95.4961s
Accumulated op time: 93.3253

Reductions: 1.67524%
Blas-1: 5.25818%
Blas-2: 90.7933%
Precon Kernels: 0%
MPI Execution: 0%
MPI Wait: 0%
Not covered: 2.27323%

Domain size: 106.835 MByte
LA size: 355.578 MByte
MPI size: 10.6866 MByte

H0-Error: 4.292286e-07
H1-Error: 2.017209e-03

Writing DATA to output.data...
Run-Time: 1:45.304 [1:45.304]
0xb32f99f8 Error: MemoryPool<CPU> still contains memory chunks on deconstructor call
