NUM-PROCS: 1
Preparing domain...
LVL-MIN: 2 [2]
LVL-MAX: 10 [10]
Creating gates...
Assembling system matrices...
Assembling system filters...
Assembling transfer matrices...
Converting assembled linear system from SparseMatrixCSR, Mem:main to SparseMatrixELL, Mem:cudaand to SparseMatrixELL, Mem:cuda...
PCG: 0 : 9.473711e-03
PCG: 1 : 5.067392e-03 / 5.348898e-01
PCG: 2 : 3.096539e-03 / 3.268559e-01
PCG: 3 : 1.162282e-03 / 1.226850e-01
PCG: 0 : 1.181380e-03
PCG: 1 : 3.680813e-04 / 3.115690e-01
PCG: 2 : 1.389204e-04 / 1.175916e-01
PCG: 3 : 7.141898e-05 / 6.045388e-02
PCG: 0 : 7.141894e-05
PCG: 1 : 1.606456e-05 / 2.249341e-01
PCG: 2 : 4.296132e-06 / 6.015396e-02
PCG: 3 : 8.827394e-07 / 1.236002e-02
PCG: 0 : 8.827413e-07
PCG: 1 : 2.358762e-07 / 2.672088e-01
PCG: 2 : 1.245056e-07 / 1.410443e-01
PCG: 3 : 6.192560e-08 / 7.015148e-02

PCG ( VCycle ( S: Scale / C: Scale )  )

Complete solver TOE: 5.81781
0.339752 GFlop/s [0.339752 GFlops/s]

Total time: 5.81781s
Accumulated op time: 1.12052

Reductions: 18.1566%
Blas-1: 0.536869%
Blas-2: 0.566743%
Precon Kernels: 0%
MPI Execution: 0%
MPI Wait: 0%
Not covered: 80.7398%

Domain size: 106.948 MByte
LA size: 356.564 MByte
MPI size: 10.698 MByte

H0-Error: 4.353666e-07
H1-Error: 2.017209e-03

Writing DATA to output.data...
Run-Time: 0:17.437 [0:17.437]
0xb32ec9f8 Error: MemoryPool<CUDA> still contains memory chunks on deconstructor call
