NUM-PROCS: 1
Preparing domain...
LVL-MIN: 2 [2]
LVL-MAX: 3 [3]
Creating gates...
Assembling system matrices...
Assembling system filters...
Assembling transfer matrices...
Converting assembled linear system from SparseMatrixCSR, Mem:main to SparseMatrixELL, Mem:cudaand to SparseMatrixELL, Mem:cuda...
PCG: 0 : 1.157947e+00
PCG: 1 : 4.440352e-01 / 3.834676e-01
PCG: 2 : 1.021441e-01 / 8.821135e-02
PCG: 0 : 6.495304e-01
PCG: 1 : 2.281229e-01 / 3.512121e-01
PCG: 2 : 5.928218e-02 / 9.126929e-02
PCG: 0 : 5.928219e-02
PCG: 1 : 3.717950e-03 / 6.271614e-02
PCG: 2 : 1.580604e-03 / 2.666237e-02
PCG: 0 : 1.580604e-03
PCG: 1 : 7.907128e-04 / 5.002598e-01
PCG: 2 : 2.393255e-04 / 1.514139e-01
PCG: 0 : 2.393255e-04
PCG: 1 : 5.478008e-05 / 2.288936e-01
PCG: 2 : 2.015615e-05 / 8.422068e-02
PCG: 0 : 2.015615e-05
PCG: 1 : 1.178013e-05 / 5.844437e-01
PCG: 2 : 3.530807e-06 / 1.751727e-01
PCG: 0 : 3.530806e-06
PCG: 1 : 7.937678e-07 / 2.248121e-01
PCG: 2 : 2.838769e-07 / 8.040004e-02

PCG ( VCycle ( S: Scale / C: Scale )  )

Complete solver TOE: 0.010853
0.0126465 GFlop/s [0.0126465 GFlops/s]

Total time: 0.010853s
Accumulated op time: 0.004584

Reductions: 24.6568%
Blas-1: 9.68396%
Blas-2: 7.89643%
Precon Kernels: 0%
MPI Execution: 0%
MPI Wait: 0%
Not covered: 57.7628%

Domain size: 0.0137024 MByte
LA size: 0.0290833 MByte
MPI size: 0.000839233 MByte

H0-Error: 6.962233e-03
H1-Error: 2.567055e-01

Writing DATA to output.data...
Run-Time: 0:00.054 [0:00.054]
0x31d198e880 Error: MemoryPool<CUDA> still contains memory chunks on deconstructor call
