NUM-PROCS: 1
Preparing domain...
LVL-MIN: 4 [4]
LVL-MAX: 7 [7]
Creating gates...
Assembling system matrices...
Assembling system filters...
Assembling transfer matrices...
Converting assembled linear system from SparseMatrixCSR, Mem:main to SparseMatrixELL, Mem:cudaand to SparseMatrixELL, Mem:cuda...
PCG: 0 : 7.572471e-02
PCG: 1 : 1.425167e-01 / 1.882037e+00
PCG: 2 : 1.519178e-01 / 2.006185e+00
PCG: 3 : 2.774420e-01 / 3.663823e+00
PCG: 4 : 1.659770e-01 / 2.191847e+00
PCG: 5 : 4.541478e-02 / 5.997353e-01
PCG: 6 : 2.374844e-02 / 3.136154e-01
PCG: 7 : 7.070755e-03 / 9.337447e-02
PCG: 8 : 1.626911e-03 / 2.148455e-02
PCG: 0 : 4.458424e-03
PCG: 1 : 9.132057e-04 / 2.048270e-01
PCG: 2 : 1.474286e-03 / 3.306743e-01
PCG: 3 : 3.378826e-04 / 7.578520e-02
PCG: 4 : 5.312043e-04 / 1.191462e-01
PCG: 5 : 4.752219e-04 / 1.065897e-01
PCG: 6 : 4.995980e-04 / 1.120571e-01
PCG: 7 : 3.699540e-04 / 8.297865e-02
PCG: 8 : 1.578698e-04 / 3.540934e-02
PCG: 0 : 1.578699e-04
PCG: 1 : 1.106321e-04 / 7.007805e-01
PCG: 2 : 7.073914e-05 / 4.480851e-01
PCG: 3 : 3.159789e-05 / 2.001515e-01
PCG: 4 : 2.182476e-05 / 1.382453e-01
PCG: 5 : 1.208051e-05 / 7.652195e-02
PCG: 6 : 2.303263e-05 / 1.458963e-01
PCG: 7 : 1.463058e-05 / 9.267493e-02
PCG: 8 : 1.200792e-05 / 7.606215e-02
PCG: 0 : 1.200791e-05
PCG: 1 : 6.899283e-06 / 5.745615e-01
PCG: 2 : 6.573026e-06 / 5.473914e-01
PCG: 3 : 2.460149e-06 / 2.048774e-01
PCG: 4 : 2.563562e-06 / 2.134895e-01
PCG: 5 : 2.553379e-06 / 2.126414e-01
PCG: 6 : 3.023137e-06 / 2.517622e-01
PCG: 7 : 1.769124e-06 / 1.473299e-01
PCG: 8 : 1.180843e-06 / 9.833873e-02
PCG: 0 : 1.180843e-06
PCG: 1 : 6.439989e-07 / 5.453723e-01
PCG: 2 : 4.551451e-07 / 3.854409e-01
PCG: 3 : 2.088877e-07 / 1.768971e-01
PCG: 4 : 1.208577e-07 / 1.023487e-01
PCG: 5 : 8.729727e-08 / 7.392793e-02
PCG: 6 : 1.543010e-07 / 1.306703e-01
PCG: 7 : 9.273741e-08 / 7.853493e-02
PCG: 8 : 8.978966e-08 / 7.603862e-02
PCG: 0 : 8.978962e-08
PCG: 1 : 4.613172e-08 / 5.137756e-01
PCG: 2 : 4.515974e-08 / 5.029506e-01
PCG: 3 : 1.791382e-08 / 1.995088e-01
PCG: 4 : 1.712281e-08 / 1.906992e-01
PCG: 5 : 1.848628e-08 / 2.058844e-01
PCG: 6 : 2.060179e-08 / 2.294451e-01
PCG: 7 : 1.199131e-08 / 1.335490e-01
PCG: 8 : 8.726664e-09 / 9.719013e-02
PCG: 0 : 8.726663e-09
PCG: 1 : 4.715404e-09 / 5.403445e-01
PCG: 2 : 3.252663e-09 / 3.727270e-01
PCG: 3 : 1.503260e-09 / 1.722606e-01
PCG: 4 : 8.965733e-10 / 1.027395e-01
PCG: 5 : 6.770499e-10 / 7.758406e-02
PCG: 6 : 1.101670e-09 / 1.262418e-01
PCG: 7 : 6.652897e-10 / 7.623644e-02
PCG: 8 : 6.919088e-10 / 7.928675e-02
PCG: 0 : 6.919086e-10
PCG: 1 : 3.662765e-10 / 5.293713e-01
PCG: 2 : 3.294738e-10 / 4.761811e-01
PCG: 3 : 1.402477e-10 / 2.026969e-01
PCG: 4 : 1.563268e-10 / 2.259356e-01
PCG: 5 : 1.521386e-10 / 2.198825e-01
PCG: 6 : 1.402093e-10 / 2.026414e-01
PCG: 7 : 9.046452e-11 / 1.307463e-01
PCG: 8 : 7.593529e-11 / 1.097476e-01

PCG ( VCycle ( S: Scale / C: Scale )  )

Complete solver TOE: 0.675815
0.226935 GFlop/s [0.226935 GFlops/s]

Total time: 0.675815s
Accumulated op time: 0.110986

Reductions: 7.09573%
Blas-1: 4.96186%
Blas-2: 4.36495%
Precon Kernels: 0%
MPI Execution: 0%
MPI Wait: 0%
Not covered: 83.5775%

Domain size: 1.69336 MByte
LA size: 5.5876 MByte
MPI size: 0.169739 MByte

H0-Error: 2.746077e-05
H1-Error: 1.613732e-02

Writing DATA to output.data...
Run-Time: 0:00.888 [0:00.888]
0xb338a9f8 Error: MemoryPool<CUDA> still contains memory chunks on deconstructor call
