NUM-PROCS: 1
Preparing domain...
LVL-MIN: 1 [1]
LVL-MAX: 11 [11]
Creating gates...
Assembling system matrices...
Assembling system filters...
Assembling transfer matrices...
Converting assembled linear system from SparseMatrixCSR, Mem:main to SparseMatrixCSR, Mem:mainand to SparseMatrixCSR, Mem:main...
PCG:  0 : 4.717541e-03
PCG:  1 : 1.899671e-03 / 4.026825e-01
PCG:  2 : 7.721215e-04 / 1.636703e-01
PCG:  3 : 2.879059e-04 / 6.102880e-02
PCG:  4 : 8.597670e-05 / 1.822490e-02
PCG:  5 : 1.397779e-05 / 2.962939e-03
PCG:  6 : 1.206359e-06 / 2.557176e-04
PCG:  7 : 1.398312e-07 / 2.964070e-05
PCG:  8 : 2.196303e-08 / 4.655610e-06
PCG:  9 : 1.991425e-09 / 4.221319e-07
PCG: 10 : 2.120527e-10 / 4.494983e-08
PCG:  0 : 1.830946e-04
PCG:  1 : 5.246176e-05 / 2.865281e-01
PCG:  2 : 6.232899e-06 / 3.404195e-02
PCG:  3 : 1.370758e-06 / 7.486609e-03
PCG:  4 : 2.132393e-07 / 1.164640e-03
PCG:  5 : 2.246518e-08 / 1.226971e-04
PCG:  6 : 2.673873e-09 / 1.460377e-05
PCG:  7 : 3.667024e-10 / 2.002802e-06
PCG:  8 : 3.390263e-11 / 1.851645e-07
PCG:  9 : 4.353616e-12 / 2.377795e-08
PCG:  0 : 3.256766e-07
PCG:  1 : 9.714455e-08 / 2.982853e-01
PCG:  2 : 1.336871e-08 / 4.104903e-02
PCG:  3 : 2.896146e-09 / 8.892707e-03
PCG:  4 : 6.431014e-10 / 1.974663e-03
PCG:  5 : 9.254128e-11 / 2.841509e-04
PCG:  6 : 8.940409e-12 / 2.745180e-05
PCG:  7 : 1.126511e-12 / 3.458988e-06
PCG:  8 : 1.563215e-13 / 4.799901e-07
PCG:  9 : 1.365105e-14 / 4.191599e-08

PCG ( VCycle ( S: Scale / C: Scale )  )

Complete solver TOE: 8.41588
2.03686 GFlop/s [2.03686 GFlops/s]

Total time: 8.41588s
Accumulated op time: 8.15252

Reductions: 5.84148%
Blas-1: 6.58204%
Blas-2: 84.4471%
Precon Kernels: 0%
MPI Execution: 0%
MPI Wait: 0%
Not covered: 3.12943%

Domain size: 768.875 MByte
LA size: 1932.17 MByte
MPI size: 42.7294 MByte

H0-Error: 1.132453e-07
H1-Error: 1.008605e-03

Writing DATA to output.data...
Run-Time: 0:17.660 [0:17.660]
0x31d198e880 Error: MemoryPool<CPU> still contains memory chunks on deconstructor call
