NUM-PROCS: 1
Preparing domain...
LVL-MIN: 3 [3]
LVL-MAX: 10 [10]
Creating gates...
Assembling system matrices...
Assembling system filters...
Assembling transfer matrices...
Converting assembled linear system from SparseMatrixCSR, Mem:main to SparseMatrixELL, Mem:cudaand to SparseMatrixELL, Mem:cuda...
PCG:  0 : 9.473711e-03
PCG:  1 : 1.006421e-02 / 1.062330e+00
PCG:  2 : 1.259371e-02 / 1.329332e+00
PCG:  3 : 1.014107e-02 / 1.070444e+00
PCG:  4 : 2.933751e-03 / 3.096729e-01
PCG:  5 : 5.955103e-04 / 6.285924e-02
PCG:  6 : 8.480658e-05 / 8.951780e-03
PCG:  7 : 1.264178e-05 / 1.334406e-03
PCG:  8 : 3.061686e-06 / 3.231770e-04
PCG:  9 : 4.788749e-06 / 5.054777e-04
PCG: 10 : 1.740541e-06 / 1.837232e-04
PCG: 11 : 1.896874e-07 / 2.002250e-05
PCG: 12 : 5.354221e-08 / 5.651661e-06
PCG: 13 : 4.858838e-08 / 5.128758e-06
PCG: 14 : 9.752129e-09 / 1.029388e-06
PCG: 15 : 3.633907e-09 / 3.835779e-07
PCG:  0 : 2.163057e-04
PCG:  1 : 4.038493e-04 / 1.867031e+00
PCG:  2 : 2.598923e-04 / 1.201505e+00
PCG:  3 : 5.599163e-05 / 2.588542e-01
PCG:  4 : 2.149605e-05 / 9.937813e-02
PCG:  5 : 3.377429e-06 / 1.561415e-02
PCG:  6 : 7.910326e-07 / 3.657013e-03
PCG:  7 : 4.360573e-07 / 2.015931e-03
PCG:  8 : 1.666106e-07 / 7.702555e-04
PCG:  9 : 3.835406e-08 / 1.773142e-04
PCG: 10 : 8.262553e-09 / 3.819850e-05
PCG: 11 : 5.334627e-09 / 2.466244e-05
PCG: 12 : 2.795566e-09 / 1.292415e-05
PCG: 13 : 2.775919e-09 / 1.283332e-05
PCG: 14 : 9.970814e-10 / 4.609594e-06
PCG: 15 : 3.627446e-10 / 1.677000e-06
PCG:  0 : 7.403074e-08
PCG:  1 : 2.843014e-07 / 3.840316e+00
PCG:  2 : 7.997541e-08 / 1.080300e+00
PCG:  3 : 2.916192e-08 / 3.939163e-01
PCG:  4 : 7.686101e-09 / 1.038231e-01
PCG:  5 : 1.945656e-09 / 2.628173e-02
PCG:  6 : 6.461131e-10 / 8.727632e-03
PCG:  7 : 4.697709e-10 / 6.345619e-03
PCG:  8 : 1.008384e-10 / 1.362115e-03
PCG:  9 : 1.854608e-11 / 2.505186e-04
PCG: 10 : 7.345733e-12 / 9.922544e-05
PCG: 11 : 2.785871e-12 / 3.763127e-05
PCG: 12 : 1.534657e-12 / 2.073000e-05
PCG: 13 : 1.172587e-12 / 1.583919e-05
PCG: 14 : 7.950033e-13 / 1.073883e-05
PCG: 15 : 1.997743e-13 / 2.698531e-06
PCG:  0 : 3.119699e-11
PCG:  1 : 1.281525e-10 / 4.107848e+00
PCG:  2 : 3.427476e-11 / 1.098656e+00
PCG:  3 : 1.218194e-11 / 3.904845e-01
PCG:  4 : 3.699106e-12 / 1.185725e-01
PCG:  5 : 7.841231e-13 / 2.513458e-02
PCG:  6 : 6.794289e-13 / 2.177867e-02
PCG:  7 : 1.741140e-13 / 5.581115e-03
PCG:  8 : 4.129843e-14 / 1.323795e-03
PCG:  9 : 1.032943e-14 / 3.311034e-04
PCG: 10 : 4.491165e-15 / 1.439615e-04
PCG: 11 : 1.326156e-15 / 4.250912e-05
PCG: 12 : 2.691566e-16 / 8.627647e-06
PCG: 13 : 7.055352e-17 / 2.261549e-06
PCG: 14 : 1.466114e-17 / 4.699539e-07
PCG: 15 : 5.833937e-18 / 1.870032e-07

PCG ( VCycle ( S: Scale / C: Scale )  )

Complete solver TOE: 10.1464
0.046743 GFlop/s [0.046743 GFlops/s]

Total time: 10.1464s
Accumulated op time: 5.32983

Reductions: 50.3525%
Blas-1: 1.19092%
Blas-2: 0.985707%
Precon Kernels: 0%
MPI Execution: 0%
MPI Wait: 0%
Not covered: 47.4708%

Domain size: 106.946 MByte
LA size: 356.551 MByte
MPI size: 10.6978 MByte

H0-Error: 4.290881e-07
H1-Error: 2.017209e-03

Writing DATA to output.data...
Run-Time: 0:21.749 [0:21.749]
0xb33b09f8 Error: MemoryPool<CUDA> still contains memory chunks on deconstructor call
