NUM-PROCS: 1
Preparing domain...
LVL-MIN: 2 [2]
LVL-MAX: 3 [3]
Creating gates...
Assembling system matrices...
Assembling system filters...
Assembling transfer matrices...
Converting assembled linear system from SparseMatrixCSR, Mem:main to SparseMatrixCSR, Mem:mainand to SparseMatrixCSR, Mem:main...
PCG: 0 : 1.157947e+00
PCG: 1 : 4.440348e-01 / 3.834674e-01
PCG: 2 : 1.021440e-01 / 8.821128e-02
PCG: 3 : 3.438989e-03 / 2.969903e-03
PCG: 4 : 1.243020e-04 / 1.073469e-04
PCG: 5 : 8.811333e-06 / 7.609446e-06
PCG: 0 : 6.039954e-01
PCG: 1 : 2.391106e-01 / 3.958815e-01
PCG: 2 : 1.035869e-01 / 1.715028e-01
PCG: 3 : 3.334735e-03 / 5.521126e-03
PCG: 4 : 2.364570e-04 / 3.914881e-04
PCG: 5 : 7.575511e-06 / 1.254233e-05

PCG ( VCycle ( S: Scale / C: Scale )  )

Complete solver TOE: 0.000121
0.724521 GFlop/s [0.724521 GFlops/s]

Total time: 0.000121s
Accumulated op time: 3.4e-05

Reductions: 4.13223%
Blas-1: 7.43802%
Blas-2: 16.5289%
Precon Kernels: 0%
MPI Execution: 0%
MPI Wait: 0%
Not covered: 71.9008%

Domain size: 0.0137024 MByte
LA size: 0.0290833 MByte
MPI size: 0.000839233 MByte

H0-Error: 6.962303e-03
H1-Error: 2.567055e-01

Writing DATA to output.data...
Run-Time: 0:00.003 [0:00.003]
0x31d198e880 Error: MemoryPool<CPU> still contains memory chunks on deconstructor call
