NUM-PROCS: 1
Preparing domain...
LVL-MIN: 3 [3]
LVL-MAX: 9 [9]
Creating gates...
Assembling system matrices...
Assembling system filters...
Assembling transfer matrices...
Converting assembled linear system from SparseMatrixCSR, Mem:main to SparseMatrixELL, Mem:cudaand to SparseMatrixELL, Mem:cuda...
PCG: 0 : 1.894534e-02
PCG: 1 : 1.974151e-02 / 1.042024e+00
PCG: 2 : 2.306545e-02 / 1.217474e+00
PCG: 3 : 1.763149e-02 / 9.306508e-01
PCG: 4 : 4.225967e-03 / 2.230611e-01
PCG: 5 : 5.786758e-04 / 3.054450e-02
PCG: 6 : 8.212485e-05 / 4.334832e-03
PCG: 7 : 1.612172e-05 / 8.509597e-04
PCG: 8 : 3.031693e-06 / 1.600232e-04
PCG: 9 : 2.554854e-07 / 1.348539e-05
PCG: 0 : 5.476485e-04
PCG: 1 : 5.352768e-05 / 9.774095e-02
PCG: 2 : 6.319222e-05 / 1.153883e-01
PCG: 3 : 2.075345e-05 / 3.789556e-02
PCG: 4 : 1.394672e-05 / 2.546655e-02
PCG: 5 : 3.445728e-06 / 6.291860e-03
PCG: 6 : 3.978802e-07 / 7.265247e-04
PCG: 7 : 2.542917e-07 / 4.643338e-04
PCG: 8 : 9.350190e-08 / 1.707334e-04
PCG: 9 : 1.902212e-08 / 3.473418e-05
PCG: 0 : 2.029755e-08
PCG: 1 : 1.638737e-08 / 8.073567e-01
PCG: 2 : 8.776753e-09 / 4.324045e-01
PCG: 3 : 6.383775e-09 / 3.145096e-01
PCG: 4 : 2.436347e-09 / 1.200316e-01
PCG: 5 : 7.691017e-10 / 3.789135e-02
PCG: 6 : 2.052084e-10 / 1.011000e-02
PCG: 7 : 7.287650e-11 / 3.590408e-03
PCG: 8 : 4.597820e-11 / 2.265209e-03
PCG: 9 : 1.224762e-11 / 6.034038e-04
PCG: 0 : 1.227972e-11
PCG: 1 : 4.400238e-12 / 3.583337e-01
PCG: 2 : 1.301392e-12 / 1.059790e-01
PCG: 3 : 1.328378e-12 / 1.081765e-01
PCG: 4 : 7.350658e-13 / 5.986013e-02
PCG: 5 : 4.334713e-13 / 3.529976e-02
PCG: 6 : 1.581379e-13 / 1.287797e-02
PCG: 7 : 8.789098e-14 / 7.157408e-03
PCG: 8 : 2.194789e-14 / 1.787328e-03
PCG: 9 : 9.155910e-15 / 7.456121e-04

PCG ( VCycle ( S: Scale / C: Scale )  )

Complete solver TOE: 3.0355
0.455091 GFlop/s [0.455091 GFlops/s]

Total time: 3.0355s
Accumulated op time: 0.612356

Reductions: 11.4907%
Blas-1: 4.69814%
Blas-2: 3.98435%
Precon Kernels: 0%
MPI Execution: 0%
MPI Wait: 0%
Not covered: 79.8268%

Domain size: 26.805 MByte
LA size: 89.2863 MByte
MPI size: 2.68211 MByte

H0-Error: 1.716359e-06
H1-Error: 4.034414e-03

Writing DATA to output.data...
Run-Time: 0:05.987 [0:05.987]
0xb33ae9f8 Error: MemoryPool<CUDA> still contains memory chunks on deconstructor call
