NUM-PROCS: 1
Preparing domain...
LVL-MIN: 4 [4]
LVL-MAX: 7 [7]
Creating gates...
Assembling system matrices...
Assembling system filters...
Assembling transfer matrices...
Converting assembled linear system from SparseMatrixCSR, Mem:main to SparseMatrixCSR, Mem:mainand to SparseMatrixCSR, Mem:main...
PCG: 0 : 7.572460e-02
PCG: 1 : 1.425177e-01 / 1.882052e+00
PCG: 2 : 1.519187e-01 / 2.006201e+00
PCG: 3 : 2.774352e-01 / 3.663739e+00
PCG: 0 : 2.767760e-01
PCG: 1 : 1.512844e-01 / 5.465951e-01
PCG: 2 : 5.808081e-02 / 2.098477e-01
PCG: 3 : 4.918998e-02 / 1.777249e-01
PCG: 0 : 4.918999e-02
PCG: 1 : 2.589272e-02 / 5.263819e-01
PCG: 2 : 2.324375e-02 / 4.725300e-01
PCG: 3 : 1.723210e-02 / 3.503173e-01
PCG: 0 : 1.723210e-02
PCG: 1 : 1.542477e-02 / 8.951184e-01
PCG: 2 : 1.379579e-02 / 8.005866e-01
PCG: 3 : 1.956361e-02 / 1.135301e+00
PCG: 0 : 1.956361e-02
PCG: 1 : 1.085292e-02 / 5.547504e-01
PCG: 2 : 8.145927e-03 / 4.163817e-01
PCG: 3 : 6.570721e-03 / 3.358645e-01
PCG: 0 : 6.570724e-03
PCG: 1 : 6.218884e-03 / 9.464534e-01
PCG: 2 : 6.126440e-03 / 9.323843e-01
PCG: 3 : 8.523424e-03 / 1.297182e+00
PCG: 0 : 8.523424e-03
PCG: 1 : 4.680439e-03 / 5.491266e-01
PCG: 2 : 3.512142e-03 / 4.120576e-01
PCG: 3 : 2.824583e-03 / 3.313906e-01
PCG: 0 : 2.824581e-03
PCG: 1 : 2.661124e-03 / 9.421304e-01
PCG: 2 : 2.642160e-03 / 9.354164e-01
PCG: 3 : 3.672477e-03 / 1.300184e+00
PCG: 0 : 3.672478e-03
PCG: 1 : 1.997632e-03 / 5.439466e-01
PCG: 2 : 1.515541e-03 / 4.126754e-01
PCG: 3 : 1.240403e-03 / 3.377565e-01
PCG: 0 : 1.240404e-03
PCG: 1 : 1.155814e-03 / 9.318045e-01
PCG: 2 : 1.129745e-03 / 9.107879e-01
PCG: 3 : 1.569275e-03 / 1.265133e+00
PCG: 0 : 1.569275e-03
PCG: 1 : 8.467312e-04 / 5.395685e-01
PCG: 2 : 6.564422e-04 / 4.183093e-01
PCG: 3 : 5.529755e-04 / 3.523764e-01
PCG: 0 : 5.529756e-04
PCG: 1 : 5.074952e-04 / 9.177534e-01
PCG: 2 : 4.804746e-04 / 8.688892e-01
PCG: 3 : 6.670295e-04 / 1.206255e+00
PCG: 0 : 6.670295e-04
PCG: 1 : 3.572147e-04 / 5.355307e-01
PCG: 2 : 2.855154e-04 / 4.280401e-01
PCG: 3 : 2.481241e-04 / 3.719837e-01
PCG: 0 : 2.481240e-04
PCG: 1 : 2.238916e-04 / 9.023376e-01
PCG: 2 : 2.037146e-04 / 8.210193e-01
PCG: 3 : 2.829852e-04 / 1.140499e+00
PCG: 0 : 2.829852e-04
PCG: 1 : 1.504424e-04 / 5.316264e-01
PCG: 2 : 1.245027e-04 / 4.399619e-01
PCG: 3 : 1.112023e-04 / 3.929617e-01
PCG: 0 : 1.112024e-04
PCG: 1 : 9.872327e-05 / 8.877803e-01
PCG: 2 : 8.631479e-05 / 7.761956e-01
PCG: 3 : 1.201466e-04 / 1.080432e+00
PCG: 0 : 1.201466e-04
PCG: 1 : 6.341373e-05 / 5.278030e-01
PCG: 2 : 5.430690e-05 / 4.520053e-01
PCG: 3 : 4.957029e-05 / 4.125817e-01
PCG: 0 : 4.957030e-05
PCG: 1 : 4.338476e-05 / 8.752169e-01
PCG: 2 : 3.662314e-05 / 7.388122e-01
PCG: 3 : 5.113075e-05 / 1.031480e+00
PCG: 0 : 5.113073e-05
PCG: 1 : 2.680193e-05 / 5.241844e-01
PCG: 2 : 2.366154e-05 / 4.627656e-01
PCG: 3 : 2.195025e-05 / 4.292966e-01
PCG: 0 : 2.195024e-05
PCG: 1 : 1.898539e-05 / 8.649283e-01
PCG: 2 : 1.557526e-05 / 7.095714e-01
PCG: 3 : 2.181847e-05 / 9.939968e-01
PCG: 0 : 2.181847e-05
PCG: 1 : 1.136359e-05 / 5.208241e-01
PCG: 2 : 1.029057e-05 / 4.716449e-01
PCG: 3 : 9.659600e-06 / 4.427258e-01
PCG: 0 : 9.659601e-06
PCG: 1 : 8.276351e-06 / 8.568004e-01
PCG: 2 : 6.641047e-06 / 6.875073e-01
PCG: 3 : 9.334137e-06 / 9.663066e-01
PCG: 0 : 9.334135e-06
PCG: 1 : 4.832995e-06 / 5.177764e-01
PCG: 2 : 4.466705e-06 / 4.785344e-01
PCG: 3 : 4.228422e-06 / 4.530063e-01
PCG: 0 : 4.228420e-06
PCG: 1 : 3.596460e-06 / 8.505447e-01
PCG: 2 : 2.838261e-06 / 6.712343e-01
PCG: 3 : 4.001255e-06 / 9.462765e-01
PCG: 0 : 4.001256e-06
PCG: 1 : 2.061123e-06 / 5.151190e-01
PCG: 2 : 1.935515e-06 / 4.837270e-01
PCG: 3 : 1.843335e-06 / 4.606892e-01
PCG: 0 : 1.843336e-06
PCG: 1 : 1.558987e-06 / 8.457422e-01
PCG: 2 : 1.215290e-06 / 6.592886e-01
PCG: 3 : 1.717650e-06 / 9.318162e-01

PCG ( VCycle ( S: Scale / C: Scale )  )

Complete solver TOE: 0.063595
3.14558 GFlop/s [3.14558 GFlops/s]

Total time: 0.063595s
Accumulated op time: 0.059927

Reductions: 9.68787%
Blas-1: 3.7786%
Blas-2: 80.7658%
Precon Kernels: 0%
MPI Execution: 0%
MPI Wait: 0%
Not covered: 5.76775%

Domain size: 3.03986 MByte
LA size: 7.57693 MByte
MPI size: 0.169769 MByte

H0-Error: 2.813630e-05
H1-Error: 1.613732e-02

Writing DATA to output.data...
Run-Time: 0:00.100 [0:00.100]
0x31d198e880 Error: MemoryPool<CPU> still contains memory chunks on deconstructor call
