NUM-PROCS: 1
Preparing domain...
LVL-MIN: 5 [5]
LVL-MAX: 8 [8]
Creating gates...
Assembling system matrices...
Assembling system filters...
Assembling transfer matrices...
Converting assembled linear system from SparseMatrixCSR, Mem:main to SparseMatrixELL, Mem:cudaand to SparseMatrixELL, Mem:cuda...
PCG: 0 : 3.788187e-02
PCG: 1 : 1.531280e-01 / 4.042251e+00
PCG: 2 : 1.362876e-01 / 3.597700e+00
PCG: 3 : 2.921191e-01 / 7.711317e+00
PCG: 4 : 2.872779e-01 / 7.583520e+00
PCG: 5 : 1.502762e-01 / 3.966969e+00
PCG: 6 : 1.546998e-01 / 4.083743e+00
PCG: 7 : 1.430835e-01 / 3.777096e+00
PCG: 0 : 1.435372e-01
PCG: 1 : 1.122866e-01 / 7.822822e-01
PCG: 2 : 5.986337e-02 / 4.170583e-01
PCG: 3 : 3.630386e-02 / 2.529231e-01
PCG: 4 : 2.463376e-02 / 1.716194e-01
PCG: 5 : 2.809651e-02 / 1.957438e-01
PCG: 6 : 3.220744e-02 / 2.243840e-01
PCG: 7 : 2.269359e-02 / 1.581026e-01
PCG: 0 : 2.269359e-02
PCG: 1 : 1.671859e-02 / 7.367099e-01
PCG: 2 : 1.323898e-02 / 5.833796e-01
PCG: 3 : 5.590727e-03 / 2.463571e-01
PCG: 4 : 5.780864e-03 / 2.547355e-01
PCG: 5 : 6.900658e-03 / 3.040796e-01
PCG: 6 : 1.072029e-02 / 4.723929e-01
PCG: 7 : 1.443249e-02 / 6.359720e-01
PCG: 0 : 1.443249e-02
PCG: 1 : 7.601712e-03 / 5.267083e-01
PCG: 2 : 4.541532e-03 / 3.146742e-01
PCG: 3 : 3.387398e-03 / 2.347064e-01
PCG: 4 : 3.376410e-03 / 2.339451e-01
PCG: 5 : 5.865153e-03 / 4.063854e-01
PCG: 6 : 7.043074e-03 / 4.880013e-01
PCG: 7 : 6.645647e-03 / 4.604643e-01
PCG: 0 : 6.645646e-03
PCG: 1 : 5.018095e-03 / 7.550951e-01
PCG: 2 : 3.534592e-03 / 5.318658e-01
PCG: 3 : 1.886789e-03 / 2.839136e-01
PCG: 4 : 1.848191e-03 / 2.781056e-01
PCG: 5 : 2.079328e-03 / 3.128857e-01
PCG: 6 : 3.029144e-03 / 4.558088e-01
PCG: 7 : 4.036485e-03 / 6.073879e-01
PCG: 0 : 4.036485e-03
PCG: 1 : 2.285201e-03 / 5.661364e-01
PCG: 2 : 1.366256e-03 / 3.384767e-01
PCG: 3 : 1.203189e-03 / 2.980785e-01
PCG: 4 : 1.117864e-03 / 2.769401e-01
PCG: 5 : 1.722556e-03 / 4.267465e-01
PCG: 6 : 2.012919e-03 / 4.986812e-01
PCG: 7 : 1.966029e-03 / 4.870647e-01
PCG: 0 : 1.966029e-03
PCG: 1 : 1.516406e-03 / 7.713042e-01
PCG: 2 : 1.046221e-03 / 5.321491e-01
PCG: 3 : 6.195263e-04 / 3.151156e-01
PCG: 4 : 6.107642e-04 / 3.106588e-01
PCG: 5 : 6.180112e-04 / 3.143449e-01
PCG: 6 : 8.781566e-04 / 4.466651e-01
PCG: 7 : 1.206132e-03 / 6.134866e-01
PCG: 0 : 1.206132e-03
PCG: 1 : 6.925932e-04 / 5.742266e-01
PCG: 2 : 4.227031e-04 / 3.504617e-01
PCG: 3 : 3.922913e-04 / 3.252473e-01
PCG: 4 : 3.472947e-04 / 2.879408e-01
PCG: 5 : 5.075653e-04 / 4.208206e-01
PCG: 6 : 6.009710e-04 / 4.982629e-01
PCG: 7 : 6.006024e-04 / 4.979573e-01
PCG: 0 : 6.006024e-04
PCG: 1 : 4.632938e-04 / 7.713819e-01
PCG: 2 : 3.164156e-04 / 5.268304e-01
PCG: 3 : 1.902703e-04 / 3.167991e-01
PCG: 4 : 1.878382e-04 / 3.127497e-01
PCG: 5 : 1.844629e-04 / 3.071299e-01
PCG: 6 : 2.629680e-04 / 4.378405e-01
PCG: 7 : 3.680838e-04 / 6.128578e-01
PCG: 0 : 3.680839e-04
PCG: 1 : 2.125631e-04 / 5.774854e-01
PCG: 2 : 1.297656e-04 / 3.525435e-01
PCG: 3 : 1.220117e-04 / 3.314781e-01
PCG: 4 : 1.064314e-04 / 2.891498e-01
PCG: 5 : 1.529076e-04 / 4.154152e-01
PCG: 6 : 1.824109e-04 / 4.955688e-01
PCG: 7 : 1.829966e-04 / 4.971602e-01
PCG: 0 : 1.829966e-04
PCG: 1 : 1.420678e-04 / 7.763411e-01
PCG: 2 : 9.719827e-05 / 5.311478e-01
PCG: 3 : 5.924900e-05 / 3.237710e-01
PCG: 4 : 5.855777e-05 / 3.199936e-01
PCG: 5 : 5.645330e-05 / 3.084936e-01
PCG: 6 : 8.009865e-05 / 4.377056e-01
PCG: 7 : 1.119361e-04 / 6.116838e-01
PCG: 0 : 1.119361e-04
PCG: 1 : 6.534086e-05 / 5.837336e-01
PCG: 2 : 4.036516e-05 / 3.606090e-01
PCG: 3 : 3.873654e-05 / 3.460594e-01
PCG: 4 : 3.353452e-05 / 2.995863e-01
PCG: 5 : 4.710247e-05 / 4.207979e-01
PCG: 6 : 5.559751e-05 / 4.966897e-01
PCG: 7 : 5.546017e-05 / 4.954628e-01
PCG: 0 : 5.546017e-05
PCG: 1 : 4.360148e-05 / 7.861764e-01
PCG: 2 : 3.047502e-05 / 5.494937e-01
PCG: 3 : 1.913005e-05 / 3.449331e-01
PCG: 4 : 1.893294e-05 / 3.413790e-01
PCG: 5 : 1.774459e-05 / 3.199520e-01
PCG: 6 : 2.461817e-05 / 4.438892e-01
PCG: 7 : 3.398603e-05 / 6.128007e-01
PCG: 0 : 3.398603e-05
PCG: 1 : 2.017601e-05 / 5.936561e-01
PCG: 2 : 1.285442e-05 / 3.782265e-01
PCG: 3 : 1.275301e-05 / 3.752428e-01
PCG: 4 : 1.094189e-05 / 3.219526e-01
PCG: 5 : 1.478483e-05 / 4.350266e-01
PCG: 6 : 1.699876e-05 / 5.001692e-01
PCG: 7 : 1.689402e-05 / 4.970871e-01
PCG: 0 : 1.689401e-05
PCG: 1 : 1.350566e-05 / 7.994347e-01
PCG: 2 : 9.805444e-06 / 5.804094e-01
PCG: 3 : 6.406553e-06 / 3.792203e-01
PCG: 4 : 6.320625e-06 / 3.741340e-01
PCG: 5 : 5.676155e-06 / 3.359862e-01
PCG: 6 : 7.622586e-06 / 4.512004e-01
PCG: 7 : 1.047562e-05 / 6.200789e-01
PCG: 0 : 1.047562e-05
PCG: 1 : 6.339221e-06 / 6.051403e-01
PCG: 2 : 4.199877e-06 / 4.009191e-01
PCG: 3 : 4.314836e-06 / 4.118930e-01
PCG: 4 : 3.654066e-06 / 3.488161e-01
PCG: 5 : 4.708839e-06 / 4.495044e-01
PCG: 6 : 5.267160e-06 / 5.028017e-01
PCG: 7 : 5.272762e-06 / 5.033364e-01
PCG: 0 : 5.272762e-06
PCG: 1 : 4.281645e-06 / 8.120308e-01
PCG: 2 : 3.223859e-06 / 6.114176e-01
PCG: 3 : 2.177900e-06 / 4.130473e-01
PCG: 4 : 2.132870e-06 / 4.045071e-01
PCG: 5 : 1.834054e-06 / 3.478355e-01
PCG: 6 : 2.400741e-06 / 4.553099e-01
PCG: 7 : 3.332027e-06 / 6.319320e-01
PCG: 0 : 3.332027e-06
PCG: 1 : 2.046180e-06 / 6.140946e-01
PCG: 2 : 1.392302e-06 / 4.178543e-01
PCG: 3 : 1.463422e-06 / 4.391987e-01
PCG: 4 : 1.226052e-06 / 3.679597e-01
PCG: 5 : 1.524814e-06 / 4.576235e-01
PCG: 6 : 1.677905e-06 / 5.035688e-01
PCG: 7 : 1.696309e-06 / 5.090921e-01
PCG: 0 : 1.696309e-06
PCG: 1 : 1.393089e-06 / 8.212474e-01
PCG: 2 : 1.070161e-06 / 6.308765e-01
PCG: 3 : 7.358718e-07 / 4.338077e-01
PCG: 4 : 7.169494e-07 / 4.226526e-01
PCG: 5 : 6.002248e-07 / 3.538417e-01
PCG: 6 : 7.767214e-07 / 4.578891e-01
PCG: 7 : 1.087953e-06 / 6.413651e-01

PCG ( VCycle ( S: Scale / C: Scale )  )

Complete solver TOE: 1.78748
0.714607 GFlop/s [0.714607 GFlops/s]

Total time: 1.78748s
Accumulated op time: 0.554261

Reductions: 16.6936%
Blas-1: 8.04967%
Blas-2: 6.26469%
Precon Kernels: 0%
MPI Execution: 0%
MPI Wait: 0%
Not covered: 68.992%

Domain size: 6.70679 MByte
LA size: 22.1625 MByte
MPI size: 0.671448 MByte

H0-Error: 7.471135e-06
H1-Error: 8.068795e-03

Writing DATA to output.data...
Run-Time: 0:02.524 [0:02.524]
0xb33d09f8 Error: MemoryPool<CUDA> still contains memory chunks on deconstructor call
