NUM-PROCS: 1
Preparing domain...
LVL-MIN: 1 [1]
LVL-MAX: 6 [6]
Creating gates...
Assembling system matrices...
Assembling system filters...
Assembling transfer matrices...
Converting assembled linear system from SparseMatrixCSR, Mem:main to SparseMatrixELL, Mem:cudaand to SparseMatrixELL, Mem:cuda...
PCG: 0 : 1.512630e-01
PCG: 1 : 4.492688e-02 / 2.970118e-01
PCG: 2 : 1.275273e-02 / 8.430836e-02
PCG: 3 : 1.881609e-03 / 1.243933e-02
PCG: 4 : 1.632482e-04 / 1.079234e-03
PCG: 0 : 1.256241e-02
PCG: 1 : 9.817177e-04 / 7.814722e-02
PCG: 2 : 1.833772e-04 / 1.459729e-02
PCG: 3 : 2.782770e-05 / 2.215155e-03
PCG: 4 : 2.848144e-06 / 2.267195e-04
PCG: 0 : 2.849201e-06
PCG: 1 : 3.901521e-07 / 1.369338e-01
PCG: 2 : 3.602352e-08 / 1.264337e-02
PCG: 3 : 6.223849e-09 / 2.184419e-03
PCG: 4 : 4.794503e-10 / 1.682753e-04
PCG: 0 : 4.794813e-10
PCG: 1 : 9.148209e-11 / 1.907939e-01
PCG: 2 : 6.837120e-12 / 1.425941e-02
PCG: 3 : 7.431402e-13 / 1.549884e-03
PCG: 4 : 1.523456e-13 / 3.177300e-04

PCG ( VCycle ( S: Scale / C: Scale )  )

Complete solver TOE: 0.024486
0.415965 GFlop/s [0.415965 GFlops/s]

Total time: 0.024486s
Accumulated op time: 0.007727

Reductions: 25.2144%
Blas-1: 3.1324%
Blas-2: 3.21%
Precon Kernels: 0%
MPI Execution: 0%
MPI Wait: 0%
Not covered: 68.4432%

Domain size: 0.777191 MByte
LA size: 1.95743 MByte
MPI size: 0.0437164 MByte

H0-Error: 1.098307e-04
H1-Error: 3.227246e-02

Writing DATA to output.data...
Run-Time: 0:00.073 [0:00.073]
0x31d198e880 Error: MemoryPool<CUDA> still contains memory chunks on deconstructor call
