NUM-PROCS: 1
Preparing domain...
LVL-MIN: 6 [6]
LVL-MAX: 8 [8]
Creating gates...
Assembling system matrices...
Assembling system filters...
Assembling transfer matrices...
Converting assembled linear system from SparseMatrixCSR, Mem:main to SparseMatrixELL, Mem:cudaand to SparseMatrixELL, Mem:cuda...
PCG: 0 : 3.788187e-02
PCG: 1 : 3.009894e-01 / 7.945473e+00
PCG: 2 : 2.267264e-01 / 5.985090e+00
PCG: 3 : 3.539458e-01 / 9.343408e+00
PCG: 4 : 2.763226e-01 / 7.294322e+00
PCG: 5 : 1.737601e-01 / 4.586894e+00
PCG: 6 : 2.259943e-01 / 5.965764e+00
PCG: 7 : 2.413993e-01 / 6.372422e+00
PCG: 8 : 1.811462e-01 / 4.781871e+00
PCG: 9 : 1.391866e-01 / 3.674228e+00
PCG: 0 : 1.390436e-01
PCG: 1 : 1.055219e-01 / 7.589123e-01
PCG: 2 : 1.431689e-01 / 1.029669e+00
PCG: 3 : 1.437296e-01 / 1.033701e+00
PCG: 4 : 9.651762e-02 / 6.941536e-01
PCG: 5 : 1.242053e-01 / 8.932828e-01
PCG: 6 : 1.294359e-01 / 9.309016e-01
PCG: 7 : 7.384975e-02 / 5.311265e-01
PCG: 8 : 7.811829e-02 / 5.618258e-01
PCG: 9 : 6.931667e-02 / 4.985247e-01
PCG: 0 : 6.931666e-02
PCG: 1 : 4.805228e-02 / 6.932284e-01
PCG: 2 : 4.194219e-02 / 6.050810e-01
PCG: 3 : 3.593291e-02 / 5.183877e-01
PCG: 4 : 2.579449e-02 / 3.721253e-01
PCG: 5 : 3.363788e-02 / 4.852784e-01
PCG: 6 : 2.995391e-02 / 4.321314e-01
PCG: 7 : 1.917955e-02 / 2.766947e-01
PCG: 8 : 2.334496e-02 / 3.367872e-01
PCG: 9 : 3.465600e-02 / 4.999664e-01
PCG: 0 : 3.465599e-02
PCG: 1 : 2.608727e-02 / 7.527493e-01
PCG: 2 : 2.370127e-02 / 6.839010e-01
PCG: 3 : 2.308948e-02 / 6.662478e-01
PCG: 4 : 1.889947e-02 / 5.453449e-01
PCG: 5 : 2.692066e-02 / 7.767967e-01
PCG: 6 : 2.710404e-02 / 7.820883e-01
PCG: 7 : 1.880591e-02 / 5.426452e-01
PCG: 8 : 2.711837e-02 / 7.825015e-01
PCG: 9 : 3.807113e-02 / 1.098544e+00
PCG: 0 : 3.807114e-02
PCG: 1 : 2.649032e-02 / 6.958112e-01
PCG: 2 : 1.860196e-02 / 4.886105e-01
PCG: 3 : 1.899312e-02 / 4.988850e-01
PCG: 4 : 1.704602e-02 / 4.477414e-01
PCG: 5 : 1.774248e-02 / 4.660349e-01
PCG: 6 : 1.481507e-02 / 3.891418e-01
PCG: 7 : 1.080477e-02 / 2.838047e-01
PCG: 8 : 1.499570e-02 / 3.938864e-01
PCG: 9 : 2.152259e-02 / 5.653255e-01
PCG: 0 : 2.152258e-02
PCG: 1 : 1.442330e-02 / 6.701471e-01
PCG: 2 : 1.123866e-02 / 5.221798e-01
PCG: 3 : 1.278909e-02 / 5.942170e-01
PCG: 4 : 1.341843e-02 / 6.234581e-01
PCG: 5 : 1.490007e-02 / 6.922992e-01
PCG: 6 : 1.378916e-02 / 6.406835e-01
PCG: 7 : 1.142564e-02 / 5.308673e-01
PCG: 8 : 1.745156e-02 / 8.108490e-01
PCG: 9 : 2.292615e-02 / 1.065214e+00
PCG: 0 : 2.292615e-02
PCG: 1 : 1.467329e-02 / 6.400241e-01
PCG: 2 : 1.000263e-02 / 4.362977e-01
PCG: 3 : 1.083294e-02 / 4.725147e-01
PCG: 4 : 1.033323e-02 / 4.507179e-01
PCG: 5 : 9.955467e-03 / 4.342407e-01
PCG: 6 : 8.400778e-03 / 3.664278e-01
PCG: 7 : 6.800964e-03 / 2.966466e-01
PCG: 8 : 9.182413e-03 / 4.005214e-01
PCG: 9 : 1.226237e-02 / 5.348638e-01
PCG: 0 : 1.226237e-02
PCG: 1 : 8.114333e-03 / 6.617266e-01
PCG: 2 : 6.588383e-03 / 5.372849e-01
PCG: 3 : 7.679186e-03 / 6.262401e-01
PCG: 4 : 7.782948e-03 / 6.347020e-01
PCG: 5 : 8.381737e-03 / 6.835335e-01
PCG: 6 : 8.358175e-03 / 6.816120e-01
PCG: 7 : 7.634589e-03 / 6.226032e-01
PCG: 8 : 1.006298e-02 / 8.206394e-01
PCG: 9 : 1.141724e-02 / 9.310801e-01
PCG: 0 : 1.141725e-02
PCG: 1 : 8.524801e-03 / 7.466600e-01
PCG: 2 : 6.571805e-03 / 5.756034e-01
PCG: 3 : 6.828134e-03 / 5.980544e-01
PCG: 4 : 5.929170e-03 / 5.193170e-01
PCG: 5 : 5.596306e-03 / 4.901626e-01
PCG: 6 : 5.211920e-03 / 4.564954e-01
PCG: 7 : 4.621912e-03 / 4.048185e-01
PCG: 8 : 5.111381e-03 / 4.476895e-01
PCG: 9 : 5.657354e-03 / 4.955096e-01
PCG: 0 : 5.657355e-03
PCG: 1 : 4.659628e-03 / 8.236407e-01
PCG: 2 : 4.268095e-03 / 7.544330e-01
PCG: 3 : 4.645534e-03 / 8.211495e-01
PCG: 4 : 4.529325e-03 / 8.006082e-01
PCG: 5 : 4.844151e-03 / 8.562572e-01
PCG: 6 : 4.966594e-03 / 8.779004e-01
PCG: 7 : 4.620373e-03 / 8.167019e-01
PCG: 8 : 5.477514e-03 / 9.682111e-01
PCG: 9 : 6.513107e-03 / 1.151264e+00
PCG: 0 : 6.513106e-03
PCG: 1 : 4.880270e-03 / 7.492999e-01
PCG: 2 : 3.905897e-03 / 5.996979e-01
PCG: 3 : 3.903039e-03 / 5.992593e-01
PCG: 4 : 3.481063e-03 / 5.344704e-01
PCG: 5 : 3.329796e-03 / 5.112455e-01
PCG: 6 : 3.043121e-03 / 4.672304e-01
PCG: 7 : 2.731214e-03 / 4.193412e-01
PCG: 8 : 2.920507e-03 / 4.484046e-01
PCG: 9 : 3.330771e-03 / 5.113952e-01
PCG: 0 : 3.330771e-03
PCG: 1 : 2.758509e-03 / 8.281894e-01
PCG: 2 : 2.530740e-03 / 7.598063e-01
PCG: 3 : 2.661842e-03 / 7.991669e-01
PCG: 4 : 2.720216e-03 / 8.166927e-01
PCG: 5 : 2.881614e-03 / 8.651493e-01
PCG: 6 : 2.855881e-03 / 8.574235e-01
PCG: 7 : 2.751105e-03 / 8.259665e-01
PCG: 8 : 3.215024e-03 / 9.652492e-01
PCG: 9 : 3.841007e-03 / 1.153189e+00
PCG: 0 : 3.841007e-03
PCG: 1 : 2.901024e-03 / 7.552769e-01
PCG: 2 : 2.330192e-03 / 6.066617e-01
PCG: 3 : 2.251312e-03 / 5.861256e-01
PCG: 4 : 2.084648e-03 / 5.427346e-01
PCG: 5 : 1.982034e-03 / 5.160194e-01
PCG: 6 : 1.756444e-03 / 4.572873e-01
PCG: 7 : 1.626555e-03 / 4.234709e-01
PCG: 8 : 1.736166e-03 / 4.520079e-01
PCG: 9 : 1.963507e-03 / 5.111960e-01
PCG: 0 : 1.963507e-03
PCG: 1 : 1.650903e-03 / 8.407928e-01
PCG: 2 : 1.503210e-03 / 7.655737e-01
PCG: 3 : 1.540126e-03 / 7.843748e-01
PCG: 4 : 1.628563e-03 / 8.294154e-01
PCG: 5 : 1.706756e-03 / 8.692384e-01
PCG: 6 : 1.658663e-03 / 8.447452e-01
PCG: 7 : 1.639071e-03 / 8.347668e-01
PCG: 8 : 1.910743e-03 / 9.731273e-01
PCG: 9 : 2.276305e-03 / 1.159306e+00
PCG: 0 : 2.276305e-03
PCG: 1 : 1.735655e-03 / 7.624878e-01
PCG: 2 : 1.384815e-03 / 6.083610e-01
PCG: 3 : 1.311827e-03 / 5.762967e-01
PCG: 4 : 1.245836e-03 / 5.473060e-01
PCG: 5 : 1.173758e-03 / 5.156419e-01
PCG: 6 : 1.023063e-03 / 4.494403e-01
PCG: 7 : 9.688401e-04 / 4.256196e-01
PCG: 8 : 1.038301e-03 / 4.561342e-01
PCG: 9 : 1.166348e-03 / 5.123863e-01
PCG: 0 : 1.166348e-03
PCG: 1 : 9.914403e-04 / 8.500385e-01
PCG: 2 : 8.903801e-04 / 7.633918e-01
PCG: 3 : 8.993326e-04 / 7.710674e-01
PCG: 4 : 9.706198e-04 / 8.321875e-01
PCG: 5 : 1.009195e-03 / 8.652613e-01
PCG: 6 : 9.716112e-04 / 8.330375e-01
PCG: 7 : 9.732788e-04 / 8.344672e-01
PCG: 8 : 1.142769e-03 / 9.797846e-01
PCG: 9 : 1.358103e-03 / 1.164407e+00
PCG: 0 : 1.358103e-03
PCG: 1 : 1.041380e-03 / 7.667899e-01
PCG: 2 : 8.193656e-04 / 6.033160e-01
PCG: 3 : 7.703512e-04 / 5.672257e-01
PCG: 4 : 7.421249e-04 / 5.464421e-01
PCG: 5 : 6.940399e-04 / 5.110361e-01
PCG: 6 : 6.001092e-04 / 4.418729e-01
PCG: 7 : 5.759131e-04 / 4.240568e-01
PCG: 8 : 6.238134e-04 / 4.593268e-01
PCG: 9 : 6.971714e-04 / 5.133418e-01
PCG: 0 : 6.971713e-04
PCG: 1 : 5.965875e-04 / 8.557258e-01
PCG: 2 : 5.264803e-04 / 7.551663e-01
PCG: 3 : 5.282609e-04 / 7.577204e-01
PCG: 4 : 5.763650e-04 / 8.267194e-01
PCG: 5 : 5.968089e-04 / 8.560433e-01
PCG: 6 : 5.721989e-04 / 8.207436e-01
PCG: 7 : 5.763029e-04 / 8.266303e-01
PCG: 8 : 6.868785e-04 / 9.852363e-01
PCG: 9 : 8.142454e-04 / 1.167927e+00
PCG: 0 : 8.142454e-04
PCG: 1 : 6.262081e-04 / 7.690656e-01
PCG: 2 : 4.836997e-04 / 5.940465e-01
PCG: 3 : 4.544182e-04 / 5.580851e-01
PCG: 4 : 4.410331e-04 / 5.416464e-01
PCG: 5 : 4.104163e-04 / 5.040450e-01
PCG: 6 : 3.535285e-04 / 4.341793e-01
PCG: 7 : 3.420767e-04 / 4.201150e-01
PCG: 8 : 3.762603e-04 / 4.620969e-01
PCG: 9 : 4.183385e-04 / 5.137745e-01
PCG: 0 : 4.183385e-04
PCG: 1 : 3.596538e-04 / 8.597196e-01
PCG: 2 : 3.113388e-04 / 7.442270e-01
PCG: 3 : 3.112826e-04 / 7.440926e-01
PCG: 4 : 3.415499e-04 / 8.164439e-01
PCG: 5 : 3.531130e-04 / 8.440844e-01
PCG: 6 : 3.379483e-04 / 8.078345e-01
PCG: 7 : 3.409690e-04 / 8.150553e-01
PCG: 8 : 4.143780e-04 / 9.905328e-01
PCG: 9 : 4.896318e-04 / 1.170420e+00
PCG: 0 : 4.896318e-04
PCG: 1 : 3.773396e-04 / 7.706599e-01
PCG: 2 : 2.854364e-04 / 5.829613e-01
PCG: 3 : 2.686437e-04 / 5.486648e-01
PCG: 4 : 2.617721e-04 / 5.346305e-01
PCG: 5 : 2.427995e-04 / 4.958819e-01
PCG: 6 : 2.087744e-04 / 4.263907e-01
PCG: 7 : 2.033433e-04 / 4.152984e-01
PCG: 8 : 2.275436e-04 / 4.647239e-01
PCG: 9 : 2.515456e-04 / 5.137444e-01
PCG: 0 : 2.515455e-04
PCG: 1 : 2.171855e-04 / 8.634043e-01
PCG: 2 : 1.843766e-04 / 7.329751e-01
PCG: 3 : 1.837371e-04 / 7.304326e-01
PCG: 4 : 2.022286e-04 / 8.039442e-01
PCG: 5 : 2.090213e-04 / 8.309481e-01
PCG: 6 : 1.998983e-04 / 7.946805e-01
PCG: 7 : 2.018443e-04 / 8.024166e-01
PCG: 8 : 2.505372e-04 / 9.959912e-01
PCG: 9 : 2.948934e-04 / 1.172326e+00
PCG: 0 : 2.948934e-04
PCG: 1 : 2.277693e-04 / 7.723785e-01
PCG: 2 : 1.685714e-04 / 5.716349e-01
PCG: 3 : 1.589749e-04 / 5.390929e-01
PCG: 4 : 1.552759e-04 / 5.265492e-01
PCG: 5 : 1.436922e-04 / 4.872684e-01
PCG: 6 : 1.234676e-04 / 4.186856e-01
PCG: 7 : 1.210370e-04 / 4.104433e-01
PCG: 8 : 1.377613e-04 / 4.671564e-01
PCG: 9 : 1.513793e-04 / 5.133358e-01
PCG: 0 : 1.513793e-04
PCG: 1 : 1.313059e-04 / 8.673967e-01
PCG: 2 : 1.094196e-04 / 7.228172e-01
PCG: 3 : 1.085729e-04 / 7.172241e-01
PCG: 4 : 1.197174e-04 / 7.908437e-01
PCG: 5 : 1.237772e-04 / 8.176628e-01
PCG: 6 : 1.183437e-04 / 7.817690e-01
PCG: 7 : 1.195969e-04 / 7.900479e-01
PCG: 8 : 1.515755e-04 / 1.001296e+00
PCG: 9 : 1.776869e-04 / 1.173786e+00
PCG: 0 : 1.776869e-04
PCG: 1 : 1.376209e-04 / 7.745136e-01
PCG: 2 : 9.968744e-05 / 5.610287e-01
PCG: 3 : 9.412129e-05 / 5.297030e-01
PCG: 4 : 9.207083e-05 / 5.181633e-01
PCG: 5 : 8.506109e-05 / 4.787134e-01
PCG: 6 : 7.308348e-05 / 4.113049e-01
PCG: 7 : 7.211750e-05 / 4.058684e-01
PCG: 8 : 8.337248e-05 / 4.692101e-01
PCG: 9 : 9.108616e-05 / 5.126218e-01
PCG: 0 : 9.108616e-05
PCG: 1 : 7.940696e-05 / 8.717785e-01
PCG: 2 : 6.507703e-05 / 7.144557e-01
PCG: 3 : 6.421890e-05 / 7.050346e-01
PCG: 4 : 7.088596e-05 / 7.782297e-01
PCG: 5 : 7.332847e-05 / 8.050451e-01
PCG: 6 : 7.010410e-05 / 7.696460e-01
PCG: 7 : 7.091159e-05 / 7.785111e-01
PCG: 8 : 9.162472e-05 / 1.005913e+00
PCG: 9 : 1.070085e-04 / 1.174805e+00
PCG: 0 : 1.070085e-04
PCG: 1 : 8.314673e-05 / 7.770104e-01
PCG: 2 : 5.903596e-05 / 5.516940e-01
PCG: 3 : 5.574218e-05 / 5.209135e-01
PCG: 4 : 5.457956e-05 / 5.100488e-01
PCG: 5 : 5.036276e-05 / 4.706425e-01
PCG: 6 : 4.328555e-05 / 4.045057e-01
PCG: 7 : 4.298070e-05 / 4.016568e-01
PCG: 8 : 5.037331e-05 / 4.707411e-01
PCG: 9 : 5.475507e-05 / 5.116889e-01
PCG: 0 : 5.475506e-05
PCG: 1 : 4.798327e-05 / 8.763258e-01
PCG: 2 : 3.877027e-05 / 7.080674e-01
PCG: 3 : 3.801954e-05 / 6.943566e-01
PCG: 4 : 4.198966e-05 / 7.668636e-01
PCG: 5 : 4.346251e-05 / 7.937626e-01
PCG: 6 : 4.155017e-05 / 7.588371e-01
PCG: 7 : 4.205483e-05 / 7.680537e-01
PCG: 8 : 5.527232e-05 / 1.009447e+00
PCG: 9 : 6.435865e-05 / 1.175392e+00
PCG: 0 : 6.435865e-05
PCG: 1 : 5.017668e-05 / 7.796416e-01
PCG: 2 : 3.500274e-05 / 5.438699e-01
PCG: 3 : 3.302303e-05 / 5.131094e-01
PCG: 4 : 3.235063e-05 / 5.026616e-01
PCG: 5 : 2.982468e-05 / 4.634136e-01
PCG: 6 : 2.564837e-05 / 3.985224e-01
PCG: 7 : 2.560488e-05 / 3.978467e-01
PCG: 8 : 3.036059e-05 / 4.717406e-01
PCG: 9 : 3.286507e-05 / 5.106551e-01
PCG: 0 : 3.286507e-05
PCG: 1 : 2.894432e-05 / 8.807015e-01
PCG: 2 : 2.311866e-05 / 7.034417e-01
PCG: 3 : 2.252802e-05 / 6.854700e-01
PCG: 4 : 2.488525e-05 / 7.571945e-01
PCG: 5 : 2.577440e-05 / 7.842489e-01
PCG: 6 : 2.463970e-05 / 7.497229e-01
PCG: 7 : 2.493876e-05 / 7.588228e-01
PCG: 8 : 3.325336e-05 / 1.011814e+00
PCG: 9 : 3.863632e-05 / 1.175604e+00
PCG: 0 : 3.863633e-05
PCG: 1 : 3.021943e-05 / 7.821507e-01
PCG: 2 : 2.076882e-05 / 5.375465e-01
PCG: 3 : 1.957071e-05 / 5.065365e-01
PCG: 4 : 1.917553e-05 / 4.963083e-01
PCG: 5 : 1.766690e-05 / 4.572614e-01
PCG: 6 : 1.520380e-05 / 3.935105e-01
PCG: 7 : 1.524156e-05 / 3.944877e-01
PCG: 8 : 1.824852e-05 / 4.723150e-01
PCG: 9 : 1.969053e-05 / 5.096378e-01
PCG: 0 : 1.969053e-05
PCG: 1 : 1.741855e-05 / 8.846157e-01
PCG: 2 : 1.378674e-05 / 7.001712e-01
PCG: 3 : 1.335819e-05 / 6.784067e-01
PCG: 4 : 1.475538e-05 / 7.493641e-01
PCG: 5 : 1.529255e-05 / 7.766448e-01
PCG: 6 : 1.461960e-05 / 7.424684e-01
PCG: 7 : 1.478613e-05 / 7.509261e-01
PCG: 8 : 1.995066e-05 / 1.013211e+00
PCG: 9 : 2.314736e-05 / 1.175558e+00
PCG: 0 : 2.314735e-05
PCG: 1 : 1.815567e-05 / 7.843519e-01
PCG: 2 : 1.232731e-05 / 5.325581e-01
PCG: 3 : 1.160297e-05 / 5.012656e-01
PCG: 4 : 1.136802e-05 / 4.911154e-01
PCG: 5 : 1.046882e-05 / 4.522687e-01
PCG: 6 : 9.016216e-06 / 3.895139e-01
PCG: 7 : 9.065076e-06 / 3.916247e-01
PCG: 8 : 1.093991e-05 / 4.726204e-01
PCG: 9 : 1.177568e-05 / 5.087267e-01
PCG: 0 : 1.177568e-05
PCG: 1 : 1.045578e-05 / 8.879130e-01
PCG: 2 : 8.217442e-06 / 6.978318e-01
PCG: 3 : 7.925010e-06 / 6.729982e-01
PCG: 4 : 8.752432e-06 / 7.432636e-01
PCG: 5 : 9.076990e-06 / 7.708253e-01
PCG: 6 : 8.678691e-06 / 7.370015e-01
PCG: 7 : 8.765727e-06 / 7.443926e-01
PCG: 8 : 1.194002e-05 / 1.013957e+00
PCG: 9 : 1.384080e-05 / 1.175372e+00
PCG: 0 : 1.384080e-05
PCG: 1 : 1.088112e-05 / 7.861628e-01
PCG: 2 : 7.317252e-06 / 5.286728e-01
PCG: 3 : 6.881865e-06 / 4.972160e-01
PCG: 4 : 6.741126e-06 / 4.870475e-01
PCG: 5 : 6.205868e-06 / 4.483750e-01
PCG: 6 : 5.349042e-06 / 3.864692e-01
PCG: 7 : 5.387792e-06 / 3.892689e-01
PCG: 8 : 6.543833e-06 / 4.727930e-01
PCG: 9 : 7.030644e-06 / 5.079652e-01
PCG: 0 : 7.030644e-06
PCG: 1 : 6.261304e-06 / 8.905734e-01
PCG: 2 : 4.894013e-06 / 6.960975e-01
PCG: 3 : 4.703367e-06 / 6.689810e-01
PCG: 4 : 5.193144e-06 / 7.386441e-01
PCG: 5 : 5.389069e-06 / 7.665115e-01
PCG: 6 : 5.154104e-06 / 7.330914e-01
PCG: 7 : 5.196760e-06 / 7.391585e-01
PCG: 8 : 7.131599e-06 / 1.014359e+00
PCG: 9 : 8.262056e-06 / 1.175149e+00
PCG: 0 : 8.262055e-06
PCG: 1 : 6.507161e-06 / 7.875959e-01
PCG: 2 : 4.343095e-06 / 5.256675e-01
PCG: 3 : 4.083271e-06 / 4.942197e-01
PCG: 4 : 3.998564e-06 / 4.839673e-01
PCG: 5 : 3.680176e-06 / 4.454311e-01
PCG: 6 : 3.174644e-06 / 3.842438e-01
PCG: 7 : 3.200615e-06 / 3.873872e-01
PCG: 8 : 3.907325e-06 / 4.729241e-01
PCG: 9 : 4.191849e-06 / 5.073615e-01
PCG: 0 : 4.191849e-06
PCG: 1 : 3.741914e-06 / 8.926644e-01
PCG: 2 : 2.912304e-06 / 6.947539e-01
PCG: 3 : 2.792076e-06 / 6.660726e-01
PCG: 4 : 3.081901e-06 / 7.352128e-01
PCG: 5 : 3.199948e-06 / 7.633737e-01
PCG: 6 : 3.061842e-06 / 7.304274e-01
PCG: 7 : 3.081304e-06 / 7.350703e-01
PCG: 8 : 4.253182e-06 / 1.014631e+00
PCG: 9 : 4.925175e-06 / 1.174941e+00
PCG: 0 : 4.925174e-06
PCG: 1 : 3.884548e-06 / 7.887129e-01
PCG: 2 : 2.577598e-06 / 5.233517e-01
PCG: 3 : 2.423570e-06 / 4.920780e-01
PCG: 4 : 2.372430e-06 / 4.816946e-01
PCG: 5 : 2.183101e-06 / 4.432535e-01
PCG: 6 : 1.884758e-06 / 3.826785e-01
PCG: 7 : 1.900716e-06 / 3.859185e-01
PCG: 8 : 2.329914e-06 / 4.730621e-01
PCG: 9 : 2.496578e-06 / 5.069015e-01
PCG: 0 : 2.496578e-06
PCG: 1 : 2.232670e-06 / 8.942921e-01
PCG: 2 : 1.731825e-06 / 6.936793e-01
PCG: 3 : 1.657776e-06 / 6.640191e-01
PCG: 4 : 1.829240e-06 / 7.326989e-01
PCG: 5 : 1.900181e-06 / 7.611141e-01
PCG: 6 : 1.819279e-06 / 7.287089e-01
PCG: 7 : 1.827334e-06 / 7.319355e-01
PCG: 8 : 2.533765e-06 / 1.014895e+00
PCG: 9 : 2.932915e-06 / 1.174774e+00
PCG: 0 : 2.932915e-06
PCG: 1 : 2.315789e-06 / 7.895862e-01
PCG: 2 : 1.529719e-06 / 5.215697e-01
PCG: 3 : 1.438885e-06 / 4.905990e-01
PCG: 4 : 1.407945e-06 / 4.800498e-01
PCG: 5 : 1.295367e-06 / 4.416655e-01
PCG: 6 : 1.119259e-06 / 3.816201e-01
PCG: 7 : 1.128559e-06 / 3.847909e-01
PCG: 8 : 1.387940e-06 / 4.732289e-01
PCG: 9 : 1.485703e-06 / 5.065621e-01
PCG: 0 : 1.485703e-06
PCG: 1 : 1.330551e-06 / 8.955699e-01
PCG: 2 : 1.029306e-06 / 6.928070e-01
PCG: 3 : 9.844420e-07 / 6.626101e-01
PCG: 4 : 1.085860e-06 / 7.308727e-01
PCG: 5 : 1.128371e-06 / 7.594863e-01
PCG: 6 : 1.081104e-06 / 7.276712e-01
PCG: 7 : 1.083896e-06 / 7.295508e-01
PCG: 8 : 1.508282e-06 / 1.015197e+00
PCG: 9 : 1.745187e-06 / 1.174654e+00
PCG: 0 : 1.745187e-06
PCG: 1 : 1.379185e-06 / 7.902792e-01
PCG: 2 : 9.078384e-07 / 5.201955e-01
PCG: 3 : 8.544687e-07 / 4.896145e-01
PCG: 4 : 8.357241e-07 / 4.788737e-01
PCG: 5 : 7.687793e-07 / 4.405140e-01
PCG: 6 : 6.648025e-07 / 3.809349e-01
PCG: 7 : 6.700332e-07 / 3.839321e-01
PCG: 8 : 8.262128e-07 / 4.734237e-01
PCG: 9 : 8.836117e-07 / 5.063135e-01
PCG: 0 : 8.836116e-07
PCG: 1 : 7.922393e-07 / 8.965923e-01
PCG: 2 : 6.115450e-07 / 6.920971e-01
PCG: 3 : 5.846675e-07 / 6.616794e-01
PCG: 4 : 6.446440e-07 / 7.295559e-01
PCG: 5 : 6.700515e-07 / 7.583100e-01
PCG: 6 : 6.424869e-07 / 7.271146e-01
PCG: 7 : 6.430428e-07 / 7.277437e-01
PCG: 8 : 8.973544e-07 / 1.015553e+00
PCG: 9 : 1.037874e-06 / 1.174581e+00
PCG: 0 : 1.037874e-06
PCG: 1 : 8.207966e-07 / 7.908444e-01
PCG: 2 : 5.387949e-07 / 5.191334e-01
PCG: 3 : 5.075112e-07 / 4.889913e-01
PCG: 4 : 4.961440e-07 / 4.780388e-01
PCG: 5 : 4.563303e-07 / 4.396780e-01
PCG: 6 : 3.949289e-07 / 3.805173e-01
PCG: 7 : 3.977946e-07 / 3.832784e-01
PCG: 8 : 4.915779e-07 / 4.736394e-01
PCG: 9 : 5.253020e-07 / 5.061328e-01
PCG: 0 : 5.253019e-07
PCG: 1 : 4.714210e-07 / 8.974288e-01
PCG: 2 : 3.632567e-07 / 6.915199e-01
PCG: 3 : 3.472757e-07 / 6.610973e-01
PCG: 4 : 3.827408e-07 / 7.286110e-01
PCG: 5 : 3.978904e-07 / 7.574509e-01
PCG: 6 : 3.818355e-07 / 7.268877e-01
PCG: 7 : 3.815630e-07 / 7.263688e-01
PCG: 8 : 5.336821e-07 / 1.015953e+00
PCG: 9 : 6.169899e-07 / 1.174543e+00
PCG: 0 : 6.169899e-07
PCG: 1 : 4.882372e-07 / 7.913213e-01
PCG: 2 : 3.197918e-07 / 5.183097e-01
PCG: 3 : 3.014784e-07 / 4.886278e-01
PCG: 4 : 2.945816e-07 / 4.774497e-01
PCG: 5 : 2.709000e-07 / 4.390672e-01
PCG: 6 : 2.346344e-07 / 3.802890e-01
PCG: 7 : 2.361710e-07 / 3.827794e-01
PCG: 8 : 2.923722e-07 / 4.738687e-01
PCG: 9 : 3.121993e-07 / 5.060040e-01
PCG: 0 : 3.121993e-07
PCG: 1 : 2.803947e-07 / 8.981271e-01
PCG: 2 : 2.157449e-07 / 6.910485e-01
PCG: 3 : 2.062907e-07 / 6.607658e-01
PCG: 4 : 2.272599e-07 / 7.279320e-01
PCG: 5 : 2.362761e-07 / 7.568117e-01
PCG: 6 : 2.269320e-07 / 7.268817e-01
PCG: 7 : 2.264416e-07 / 7.253110e-01
PCG: 8 : 3.173126e-07 / 1.016378e+00
PCG: 9 : 3.666872e-07 / 1.174529e+00
PCG: 0 : 3.666873e-07
PCG: 1 : 2.903181e-07 / 7.917321e-01
PCG: 2 : 1.898213e-07 / 5.176655e-01
PCG: 3 : 1.791072e-07 / 4.884468e-01
PCG: 4 : 1.749222e-07 / 4.770336e-01
PCG: 5 : 1.608346e-07 / 4.386151e-01
PCG: 6 : 1.394113e-07 / 3.801914e-01
PCG: 7 : 1.402193e-07 / 3.823947e-01
PCG: 8 : 1.738479e-07 / 4.741039e-01
PCG: 9 : 1.855120e-07 / 5.059134e-01
PCG: 0 : 1.855120e-07
PCG: 1 : 1.667239e-07 / 8.987229e-01
PCG: 2 : 1.281258e-07 / 6.906606e-01
PCG: 3 : 1.225511e-07 / 6.606103e-01
PCG: 4 : 1.349489e-07 / 7.274404e-01
PCG: 5 : 1.403068e-07 / 7.563219e-01
PCG: 6 : 1.348706e-07 / 7.270184e-01
PCG: 7 : 1.344002e-07 / 7.244823e-01
PCG: 8 : 1.886309e-07 / 1.016813e+00
PCG: 9 : 2.178899e-07 / 1.174533e+00
PCG: 0 : 2.178899e-07
PCG: 1 : 1.725884e-07 / 7.920900e-01
PCG: 2 : 1.126824e-07 / 5.171530e-01
PCG: 3 : 1.064154e-07 / 4.883908e-01
PCG: 4 : 1.038759e-07 / 4.767360e-01
PCG: 5 : 9.549497e-08 / 4.382717e-01
PCG: 6 : 8.283772e-08 / 3.801816e-01
PCG: 7 : 8.325436e-08 / 3.820937e-01
PCG: 8 : 1.033533e-07 / 4.743371e-01
PCG: 9 : 1.102193e-07 / 5.058485e-01
PCG: 0 : 1.102193e-07
PCG: 1 : 9.911366e-08 / 8.992407e-01
PCG: 2 : 7.608885e-08 / 6.903408e-01
PCG: 3 : 7.280840e-08 / 6.605778e-01
PCG: 4 : 8.013829e-08 / 7.270805e-01
PCG: 5 : 8.331865e-08 / 7.559354e-01
PCG: 6 : 8.015667e-08 / 7.272473e-01
PCG: 7 : 7.977905e-08 / 7.238213e-01
PCG: 8 : 1.121199e-07 / 1.017244e+00
PCG: 9 : 1.294584e-07 / 1.174554e+00
PCG: 0 : 1.294584e-07
PCG: 1 : 1.025834e-07 / 7.924041e-01
PCG: 2 : 6.689606e-08 / 5.167378e-01
PCG: 3 : 6.322995e-08 / 4.884189e-01
PCG: 4 : 6.168929e-08 / 4.765181e-01
PCG: 5 : 5.670299e-08 / 4.380015e-01
PCG: 6 : 4.922393e-08 / 3.802296e-01
PCG: 7 : 4.943399e-08 / 3.818522e-01
PCG: 8 : 6.143597e-08 / 4.745613e-01
PCG: 9 : 6.548027e-08 / 5.058015e-01
PCG: 0 : 6.548026e-08
PCG: 1 : 5.891209e-08 / 8.996924e-01
PCG: 2 : 4.518601e-08 / 6.900707e-01
PCG: 3 : 4.325818e-08 / 6.606292e-01
PCG: 4 : 4.759164e-08 / 7.268090e-01
PCG: 5 : 4.947801e-08 / 7.556171e-01
PCG: 6 : 4.763903e-08 / 7.275326e-01
PCG: 7 : 4.736056e-08 / 7.232800e-01
PCG: 8 : 6.663658e-08 / 1.017659e+00
PCG: 9 : 7.691204e-08 / 1.174584e+00
PCG: 0 : 7.691204e-08
PCG: 1 : 6.096661e-08 / 7.926797e-01
PCG: 2 : 3.971693e-08 / 5.163943e-01
PCG: 3 : 3.757179e-08 / 4.885034e-01
PCG: 4 : 3.663733e-08 / 4.763536e-01
PCG: 5 : 3.367057e-08 / 4.377802e-01
PCG: 6 : 2.925080e-08 / 3.803149e-01
PCG: 7 : 2.935370e-08 / 3.816528e-01
PCG: 8 : 3.651572e-08 / 4.747725e-01
PCG: 9 : 3.889969e-08 / 5.057685e-01
PCG: 0 : 3.889969e-08
PCG: 1 : 3.501304e-08 / 9.000856e-01
PCG: 2 : 2.683434e-08 / 6.898342e-01
PCG: 3 : 2.570235e-08 / 6.607342e-01
PCG: 4 : 2.826425e-08 / 7.265932e-01
PCG: 5 : 2.938251e-08 / 7.553405e-01
PCG: 6 : 2.831301e-08 / 7.278468e-01
PCG: 7 : 2.811751e-08 / 7.228210e-01
PCG: 8 : 3.960161e-08 / 1.018045e+00
PCG: 9 : 4.569210e-08 / 1.174614e+00
PCG: 0 : 4.569210e-08
PCG: 1 : 3.623022e-08 / 7.929210e-01
PCG: 2 : 2.358186e-08 / 5.161037e-01
PCG: 3 : 2.232630e-08 / 4.886249e-01
PCG: 4 : 2.175966e-08 / 4.762237e-01
PCG: 5 : 1.999446e-08 / 4.375912e-01
PCG: 6 : 1.738239e-08 / 3.804244e-01
PCG: 7 : 1.743080e-08 / 3.814839e-01
PCG: 8 : 2.170237e-08 / 4.749698e-01
PCG: 9 : 2.310871e-08 / 5.057485e-01
PCG: 0 : 2.310871e-08
PCG: 1 : 2.080766e-08 / 9.004253e-01
PCG: 2 : 1.593623e-08 / 6.896200e-01
PCG: 3 : 1.527191e-08 / 6.608723e-01
PCG: 4 : 1.678637e-08 / 7.264087e-01
PCG: 5 : 1.744903e-08 / 7.550846e-01
PCG: 6 : 1.682710e-08 / 7.281715e-01
PCG: 7 : 1.669411e-08 / 7.224164e-01
PCG: 8 : 2.353375e-08 / 1.018393e+00
PCG: 9 : 2.714454e-08 / 1.174645e+00
PCG: 0 : 2.714454e-08
PCG: 1 : 2.152901e-08 / 7.931250e-01
PCG: 2 : 1.400243e-08 / 5.158471e-01
PCG: 3 : 1.326733e-08 / 4.887662e-01
PCG: 4 : 1.292383e-08 / 4.761116e-01
PCG: 5 : 1.187357e-08 / 4.374201e-01
PCG: 6 : 1.032975e-08 / 3.805463e-01
PCG: 7 : 1.035115e-08 / 3.813346e-01
PCG: 8 : 1.289769e-08 / 4.751485e-01
PCG: 9 : 1.372796e-08 / 5.057356e-01
PCG: 0 : 1.372796e-08
PCG: 1 : 1.236499e-08 / 9.007160e-01
PCG: 2 : 9.464324e-09 / 6.894197e-01
PCG: 3 : 9.074580e-09 / 6.610292e-01
PCG: 4 : 9.969787e-09 / 7.262396e-01
PCG: 5 : 1.036239e-08 / 7.548388e-01
PCG: 6 : 1.000079e-08 / 7.284977e-01
PCG: 7 : 9.912278e-09 / 7.220505e-01
PCG: 8 : 1.398470e-08 / 1.018702e+00
PCG: 9 : 1.612596e-08 / 1.174680e+00
PCG: 0 : 1.612596e-08
PCG: 1 : 1.279261e-08 / 7.932926e-01
PCG: 2 : 8.314760e-09 / 5.156133e-01
PCG: 3 : 7.884271e-09 / 4.889179e-01
PCG: 4 : 7.676069e-09 / 4.760069e-01
PCG: 5 : 7.051201e-09 / 4.372577e-01
PCG: 6 : 6.138727e-09 / 3.806736e-01
PCG: 7 : 6.147164e-09 / 3.811968e-01
PCG: 8 : 7.664766e-09 / 4.753060e-01
PCG: 9 : 8.155324e-09 / 5.057263e-01
PCG: 0 : 8.155324e-09
PCG: 1 : 7.347628e-09 / 9.009610e-01
PCG: 2 : 5.620866e-09 / 6.892267e-01
PCG: 3 : 5.392270e-09 / 6.611964e-01
PCG: 4 : 5.921390e-09 / 7.260766e-01
PCG: 5 : 6.153980e-09 / 7.545966e-01
PCG: 6 : 5.943763e-09 / 7.288200e-01
PCG: 7 : 5.885788e-09 / 7.217112e-01
PCG: 8 : 8.310024e-09 / 1.018969e+00
PCG: 9 : 9.580195e-09 / 1.174717e+00
PCG: 0 : 9.580194e-09
PCG: 1 : 7.601177e-09 / 7.934262e-01
PCG: 2 : 4.937592e-09 / 5.153958e-01
PCG: 3 : 4.685430e-09 / 4.890746e-01
PCG: 4 : 4.559255e-09 / 4.759042e-01
PCG: 5 : 4.187480e-09 / 4.370976e-01
PCG: 6 : 3.648155e-09 / 3.808018e-01
PCG: 7 : 3.650679e-09 / 3.810652e-01
PCG: 8 : 4.554823e-09 / 4.754416e-01
PCG: 9 : 4.844925e-09 / 5.057231e-01
PCG: 0 : 4.844925e-09
PCG: 1 : 4.366036e-09 / 9.011566e-01
PCG: 2 : 3.338307e-09 / 6.890315e-01
PCG: 3 : 3.204256e-09 / 6.613633e-01
PCG: 4 : 3.516955e-09 / 7.259049e-01
PCG: 5 : 3.654744e-09 / 7.543446e-01
PCG: 6 : 3.532570e-09 / 7.291279e-01
PCG: 7 : 3.495038e-09 / 7.213812e-01
PCG: 8 : 4.937870e-09 / 1.019184e+00
PCG: 9 : 5.691558e-09 / 1.174746e+00
PCG: 0 : 5.691558e-09
PCG: 1 : 4.516381e-09 / 7.935228e-01
PCG: 2 : 2.932210e-09 / 5.151859e-01
PCG: 3 : 2.784488e-09 / 4.892312e-01
PCG: 4 : 2.708032e-09 / 4.757980e-01
PCG: 5 : 2.486849e-09 / 4.369364e-01
PCG: 6 : 2.168081e-09 / 3.809293e-01
PCG: 7 : 2.168127e-09 / 3.809374e-01
PCG: 8 : 2.706660e-09 / 4.755569e-01
PCG: 9 : 2.878368e-09 / 5.057258e-01
PCG: 0 : 2.878368e-09
PCG: 1 : 2.594288e-09 / 9.013053e-01
PCG: 2 : 1.982706e-09 / 6.888301e-01
PCG: 3 : 1.904118e-09 / 6.615271e-01
PCG: 4 : 2.088890e-09 / 7.257202e-01
PCG: 5 : 2.170523e-09 / 7.540811e-01
PCG: 6 : 2.099543e-09 / 7.294215e-01
PCG: 7 : 2.075462e-09 / 7.210552e-01
PCG: 8 : 2.934056e-09 / 1.019347e+00
PCG: 9 : 3.381428e-09 / 1.174773e+00
PCG: 0 : 3.381428e-09
PCG: 1 : 2.683443e-09 / 7.935827e-01
PCG: 2 : 1.741363e-09 / 5.149786e-01
PCG: 3 : 1.654816e-09 / 4.893836e-01
PCG: 4 : 1.608489e-09 / 4.756833e-01
PCG: 5 : 1.476905e-09 / 4.367696e-01
PCG: 6 : 1.288502e-09 / 3.810526e-01
PCG: 7 : 1.287676e-09 / 3.808084e-01
PCG: 8 : 1.608373e-09 / 4.756491e-01
PCG: 9 : 1.710093e-09 / 5.057309e-01
PCG: 0 : 1.710093e-09
PCG: 1 : 1.541492e-09 / 9.014086e-01
PCG: 2 : 1.177602e-09 / 6.886188e-01
PCG: 3 : 1.131541e-09 / 6.616842e-01
PCG: 4 : 1.240702e-09 / 7.255176e-01
PCG: 5 : 1.289069e-09 / 7.538009e-01
PCG: 6 : 1.247849e-09 / 7.296968e-01
PCG: 7 : 1.232510e-09 / 7.207272e-01
PCG: 8 : 1.743370e-09 / 1.019460e+00
PCG: 9 : 2.009015e-09 / 1.174799e+00

PCG ( VCycle ( S: Scale / C: Scale )  )

Complete solver TOE: 0.323261
17.3442 GFlop/s [17.3442 GFlops/s]

Total time: 0.323261s
Accumulated op time: 0.245147

Reductions: 67.1659%
Blas-1: 4.68352%
Blas-2: 3.98625%
Precon Kernels: 0%
MPI Execution: 0%
MPI Wait: 0%
Not covered: 24.1644%

Domain size: 11.9084 MByte
LA size: 29.0519 MByte
MPI size: 0.663155 MByte

H0-Error: 6.866769e-06
H1-Error: 8.068795e-03

Writing DATA to output.data...
Run-Time: 0:00.524 [0:00.524]
0x31d198e880 Error: MemoryPool<CUDA> still contains memory chunks on deconstructor call
