NUM-PROCS: 1
Preparing domain...
LVL-MIN: 1 [1]
LVL-MAX: 10 [10]
Creating gates...
Assembling system matrices...
Assembling system filters...
Assembling transfer matrices...
Converting assembled linear system from SparseMatrixCSR, Mem:main to SparseMatrixELL, Mem:cudaand to SparseMatrixELL, Mem:cuda...
PCG: 0 : 9.473710e-03
PCG: 1 : 3.632814e-03 / 3.834626e-01
PCG: 2 : 1.419615e-03 / 1.498479e-01
PCG: 3 : 4.982906e-04 / 5.259719e-02
PCG: 4 : 1.272001e-04 / 1.342664e-02
PCG: 5 : 1.428272e-05 / 1.507617e-03
PCG: 0 : 2.102927e-04
PCG: 1 : 3.002013e-05 / 1.427540e-01
PCG: 2 : 3.977726e-06 / 1.891519e-02
PCG: 3 : 6.922638e-07 / 3.291906e-03
PCG: 4 : 8.068750e-08 / 3.836914e-04
PCG: 5 : 8.933531e-09 / 4.248142e-05
PCG: 0 : 3.977864e-08
PCG: 1 : 1.186716e-08 / 2.983298e-01
PCG: 2 : 1.562283e-09 / 3.927443e-02
PCG: 3 : 3.079297e-10 / 7.741080e-03
PCG: 4 : 5.291111e-11 / 1.330139e-03
PCG: 5 : 5.672330e-12 / 1.425974e-04
PCG: 0 : 3.374888e-11
PCG: 1 : 1.027469e-11 / 3.044453e-01
PCG: 2 : 1.335411e-12 / 3.956905e-02
PCG: 3 : 2.346704e-13 / 6.953428e-03
PCG: 4 : 3.212438e-14 / 9.518650e-04
PCG: 5 : 3.174142e-15 / 9.405176e-05

PCG ( VCycle ( S: Scale / C: Scale )  )

Complete solver TOE: 0.318554
9.91344 GFlop/s [9.91344 GFlops/s]

Total time: 0.318554s
Accumulated op time: 0.088336

Reductions: 26.6912%
Blas-1: 0.504781%
Blas-2: 0.534289%
Precon Kernels: 0%
MPI Execution: 0%
MPI Wait: 0%
Not covered: 72.2697%

Domain size: 192.438 MByte
LA size: 483.45 MByte
MPI size: 10.6981 MByte

H0-Error: 4.290974e-07
H1-Error: 2.017209e-03

Writing DATA to output.data...
Run-Time: 0:03.052 [0:03.052]
0x31d198e880 Error: MemoryPool<CUDA> still contains memory chunks on deconstructor call
