NUM-PROCS: 1
Preparing domain...
LVL-MIN: 6 [6]
LVL-MAX: 11 [11]
Creating gates...
Assembling system matrices...
Assembling system filters...
Assembling transfer matrices...
Converting assembled linear system from SparseMatrixCSR, Mem:main to SparseMatrixCSR, Mem:mainand to SparseMatrixCSR, Mem:main...
PCG:  0 : 4.717541e-03
PCG:  1 : 4.205080e-02 / 8.913712e+00
PCG:  2 : 4.710787e-02 / 9.985682e+00
PCG:  3 : 1.160510e-01 / 2.459989e+01
PCG:  4 : 1.784998e-01 / 3.783746e+01
PCG:  5 : 1.558436e-01 / 3.303492e+01
PCG:  6 : 1.603725e-01 / 3.399493e+01
PCG:  7 : 1.179059e-01 / 2.499309e+01
PCG:  8 : 1.145218e-01 / 2.427574e+01
PCG:  9 : 1.609731e-01 / 3.412223e+01
PCG: 10 : 1.548388e-01 / 3.282193e+01
PCG: 11 : 1.180857e-01 / 2.503120e+01
PCG: 12 : 7.776166e-02 / 1.648351e+01
PCG: 13 : 7.020310e-02 / 1.488129e+01
PCG: 14 : 8.786841e-02 / 1.862589e+01
PCG: 15 : 8.641239e-02 / 1.831725e+01
PCG: 16 : 6.579258e-02 / 1.394637e+01
PCG:  0 : 6.579470e-02
PCG:  1 : 5.684944e-02 / 8.640429e-01
PCG:  2 : 4.105867e-02 / 6.240422e-01
PCG:  3 : 3.251899e-02 / 4.942493e-01
PCG:  4 : 2.319462e-02 / 3.525303e-01
PCG:  5 : 2.369047e-02 / 3.600665e-01
PCG:  6 : 2.892615e-02 / 4.396426e-01
PCG:  7 : 2.732369e-02 / 4.152871e-01
PCG:  8 : 1.620455e-02 / 2.462896e-01
PCG:  9 : 1.003276e-02 / 1.524859e-01
PCG: 10 : 9.763768e-03 / 1.483975e-01
PCG: 11 : 1.128587e-02 / 1.715316e-01
PCG: 12 : 1.296974e-02 / 1.971244e-01
PCG: 13 : 1.167033e-02 / 1.773749e-01
PCG: 14 : 1.233448e-02 / 1.874692e-01
PCG: 15 : 1.328989e-02 / 2.019903e-01
PCG: 16 : 1.661452e-02 / 2.525206e-01
PCG:  0 : 1.661452e-02
PCG:  1 : 8.703154e-03 / 5.238283e-01
PCG:  2 : 5.258393e-03 / 3.164938e-01
PCG:  3 : 5.108862e-03 / 3.074938e-01
PCG:  4 : 5.906125e-03 / 3.554797e-01
PCG:  5 : 7.496261e-03 / 4.511874e-01
PCG:  6 : 7.866672e-03 / 4.734818e-01
PCG:  7 : 6.537357e-03 / 3.934726e-01
PCG:  8 : 9.364021e-03 / 5.636048e-01
PCG:  9 : 9.948702e-03 / 5.987957e-01
PCG: 10 : 8.732880e-03 / 5.256175e-01
PCG: 11 : 6.614187e-03 / 3.980969e-01
PCG: 12 : 5.858788e-03 / 3.526307e-01
PCG: 13 : 5.148197e-03 / 3.098614e-01
PCG: 14 : 5.066467e-03 / 3.049422e-01
PCG: 15 : 4.525339e-03 / 2.723726e-01
PCG: 16 : 6.193691e-03 / 3.727879e-01
PCG:  0 : 6.193698e-03
PCG:  1 : 3.985608e-03 / 6.434941e-01
PCG:  2 : 4.008683e-03 / 6.472196e-01
PCG:  3 : 3.445748e-03 / 5.563313e-01
PCG:  4 : 3.402489e-03 / 5.493469e-01
PCG:  5 : 3.491378e-03 / 5.636984e-01
PCG:  6 : 3.869870e-03 / 6.248076e-01
PCG:  7 : 3.685183e-03 / 5.949891e-01
PCG:  8 : 3.301201e-03 / 5.329936e-01
PCG:  9 : 2.131006e-03 / 3.440603e-01
PCG: 10 : 2.167104e-03 / 3.498885e-01
PCG: 11 : 1.919721e-03 / 3.099474e-01
PCG: 12 : 1.568751e-03 / 2.532818e-01
PCG: 13 : 1.221731e-03 / 1.972539e-01
PCG: 14 : 1.003204e-03 / 1.619717e-01
PCG: 15 : 1.460513e-03 / 2.358062e-01
PCG: 16 : 2.558281e-03 / 4.130458e-01
PCG:  0 : 2.558284e-03
PCG:  1 : 1.392685e-03 / 5.443824e-01
PCG:  2 : 9.323672e-04 / 3.644503e-01
PCG:  3 : 9.891920e-04 / 3.866624e-01
PCG:  4 : 1.162806e-03 / 4.545257e-01
PCG:  5 : 1.468005e-03 / 5.738242e-01
PCG:  6 : 1.467109e-03 / 5.734739e-01
PCG:  7 : 1.227496e-03 / 4.798124e-01
PCG:  8 : 1.758700e-03 / 6.874530e-01
PCG:  9 : 1.784399e-03 / 6.974986e-01
PCG: 10 : 1.568910e-03 / 6.132665e-01
PCG: 11 : 1.213739e-03 / 4.744350e-01
PCG: 12 : 1.035330e-03 / 4.046970e-01
PCG: 13 : 8.411549e-04 / 3.287966e-01
PCG: 14 : 8.305000e-04 / 3.246317e-01
PCG: 15 : 8.132294e-04 / 3.178808e-01
PCG: 16 : 1.156150e-03 / 4.519239e-01
PCG:  0 : 1.156150e-03
PCG:  1 : 7.179320e-04 / 6.209679e-01
PCG:  2 : 6.981196e-04 / 6.038314e-01
PCG:  3 : 6.213762e-04 / 5.374530e-01
PCG:  4 : 6.250344e-04 / 5.406171e-01
PCG:  5 : 6.508746e-04 / 5.629674e-01
PCG:  6 : 6.901766e-04 / 5.969611e-01
PCG:  7 : 6.479133e-04 / 5.604060e-01
PCG:  8 : 5.874108e-04 / 5.080749e-01
PCG:  9 : 3.841801e-04 / 3.322926e-01
PCG: 10 : 4.240990e-04 / 3.668200e-01
PCG: 11 : 3.741738e-04 / 3.236378e-01
PCG: 12 : 2.927358e-04 / 2.531988e-01
PCG: 13 : 2.336741e-04 / 2.021140e-01
PCG: 14 : 1.977516e-04 / 1.710432e-01
PCG: 15 : 2.802683e-04 / 2.424152e-01
PCG: 16 : 4.639513e-04 / 4.012899e-01
PCG:  0 : 4.639506e-04
PCG:  1 : 2.610778e-04 / 5.627275e-01
PCG:  2 : 1.746693e-04 / 3.764826e-01
PCG:  3 : 1.864371e-04 / 4.018468e-01
PCG:  4 : 2.093163e-04 / 4.511608e-01
PCG:  5 : 2.683399e-04 / 5.783802e-01
PCG:  6 : 2.848913e-04 / 6.140551e-01
PCG:  7 : 2.325581e-04 / 5.012562e-01
PCG:  8 : 3.146613e-04 / 6.782215e-01
PCG:  9 : 3.012053e-04 / 6.492186e-01
PCG: 10 : 2.850741e-04 / 6.144493e-01
PCG: 11 : 2.541935e-04 / 5.478891e-01
PCG: 12 : 2.316155e-04 / 4.992245e-01
PCG: 13 : 1.733315e-04 / 3.735991e-01
PCG: 14 : 1.528649e-04 / 3.294854e-01
PCG: 15 : 1.489328e-04 / 3.210100e-01
PCG: 16 : 2.281534e-04 / 4.917623e-01
PCG:  0 : 2.281534e-04
PCG:  1 : 1.425970e-04 / 6.250051e-01
PCG:  2 : 1.251085e-04 / 5.483524e-01
PCG:  3 : 1.145527e-04 / 5.020866e-01
PCG:  4 : 1.343396e-04 / 5.888128e-01
PCG:  5 : 1.393938e-04 / 6.109654e-01
PCG:  6 : 1.274847e-04 / 5.587673e-01
PCG:  7 : 1.042973e-04 / 4.571367e-01
PCG:  8 : 1.004488e-04 / 4.402687e-01
PCG:  9 : 8.138995e-05 / 3.567335e-01
PCG: 10 : 9.220456e-05 / 4.041341e-01
PCG: 11 : 6.806323e-05 / 2.983223e-01
PCG: 12 : 5.057458e-05 / 2.216692e-01
PCG: 13 : 4.972523e-05 / 2.179465e-01
PCG: 14 : 4.390611e-05 / 1.924412e-01
PCG: 15 : 5.274991e-05 / 2.312037e-01
PCG: 16 : 7.779866e-05 / 3.409928e-01
PCG:  0 : 7.779862e-05
PCG:  1 : 5.008564e-05 / 6.437858e-01
PCG:  2 : 3.688667e-05 / 4.741301e-01
PCG:  3 : 3.506747e-05 / 4.507467e-01
PCG:  4 : 3.276901e-05 / 4.212030e-01
PCG:  5 : 4.632734e-05 / 5.954776e-01
PCG:  6 : 5.875093e-05 / 7.551668e-01
PCG:  7 : 4.438444e-05 / 5.705042e-01
PCG:  8 : 4.918229e-05 / 6.321743e-01
PCG:  9 : 4.815387e-05 / 6.189554e-01
PCG: 10 : 5.557241e-05 / 7.143111e-01
PCG: 11 : 5.420703e-05 / 6.967608e-01
PCG: 12 : 4.441149e-05 / 5.708519e-01
PCG: 13 : 3.126586e-05 / 4.018819e-01
PCG: 14 : 2.966889e-05 / 3.813550e-01
PCG: 15 : 3.142285e-05 / 4.038999e-01
PCG: 16 : 4.547061e-05 / 5.844654e-01
PCG:  0 : 4.547068e-05
PCG:  1 : 2.839497e-05 / 6.244677e-01
PCG:  2 : 2.340775e-05 / 5.147879e-01
PCG:  3 : 2.096476e-05 / 4.610611e-01
PCG:  4 : 2.435811e-05 / 5.356882e-01
PCG:  5 : 2.566035e-05 / 5.643274e-01
PCG:  6 : 2.319362e-05 / 5.100785e-01
PCG:  7 : 1.765196e-05 / 3.882053e-01
PCG:  8 : 1.639797e-05 / 3.606273e-01
PCG:  9 : 1.420383e-05 / 3.123733e-01
PCG: 10 : 1.792891e-05 / 3.942961e-01
PCG: 11 : 1.303911e-05 / 2.867587e-01
PCG: 12 : 8.866829e-06 / 1.950010e-01
PCG: 13 : 9.016558e-06 / 1.982939e-01
PCG: 14 : 8.756962e-06 / 1.925848e-01
PCG: 15 : 1.111971e-05 / 2.445468e-01
PCG: 16 : 1.560837e-05 / 3.432623e-01
PCG:  0 : 1.560837e-05
PCG:  1 : 1.002394e-05 / 6.422160e-01
PCG:  2 : 7.187556e-06 / 4.604937e-01
PCG:  3 : 6.709903e-06 / 4.298913e-01
PCG:  4 : 5.999262e-06 / 3.843619e-01
PCG:  5 : 8.420298e-06 / 5.394733e-01
PCG:  6 : 1.092228e-05 / 6.997707e-01
PCG:  7 : 8.031958e-06 / 5.145930e-01
PCG:  8 : 8.513831e-06 / 5.454657e-01
PCG:  9 : 8.533801e-06 / 5.467452e-01
PCG: 10 : 1.044934e-05 / 6.694702e-01
PCG: 11 : 1.042568e-05 / 6.679545e-01
PCG: 12 : 8.400863e-06 / 5.382281e-01
PCG: 13 : 5.900308e-06 / 3.780221e-01
PCG: 14 : 5.797687e-06 / 3.714473e-01
PCG: 15 : 6.502650e-06 / 4.166130e-01
PCG: 16 : 9.208498e-06 / 5.899718e-01
PCG:  0 : 9.208495e-06
PCG:  1 : 5.707527e-06 / 6.198111e-01
PCG:  2 : 4.580410e-06 / 4.974114e-01
PCG:  3 : 4.016270e-06 / 4.361484e-01
PCG:  4 : 4.561703e-06 / 4.953799e-01
PCG:  5 : 4.727381e-06 / 5.133717e-01
PCG:  6 : 4.248784e-06 / 4.613983e-01
PCG:  7 : 3.202319e-06 / 3.477571e-01
PCG:  8 : 2.950241e-06 / 3.203826e-01
PCG:  9 : 2.594215e-06 / 2.817197e-01
PCG: 10 : 3.366890e-06 / 3.656287e-01
PCG: 11 : 2.461835e-06 / 2.673439e-01
PCG: 12 : 1.697997e-06 / 1.843946e-01
PCG: 13 : 1.778907e-06 / 1.931811e-01
PCG: 14 : 1.742359e-06 / 1.892121e-01
PCG: 15 : 2.268880e-06 / 2.463899e-01
PCG: 16 : 3.219225e-06 / 3.495930e-01
PCG:  0 : 3.219217e-06
PCG:  1 : 2.045699e-06 / 6.354648e-01
PCG:  2 : 1.427030e-06 / 4.432847e-01
PCG:  3 : 1.326685e-06 / 4.121142e-01
PCG:  4 : 1.158562e-06 / 3.598895e-01
PCG:  5 : 1.587948e-06 / 4.932716e-01
PCG:  6 : 2.055417e-06 / 6.384836e-01
PCG:  7 : 1.496260e-06 / 4.647900e-01
PCG:  8 : 1.571351e-06 / 4.881160e-01
PCG:  9 : 1.588701e-06 / 4.935055e-01
PCG: 10 : 1.982951e-06 / 6.159731e-01
PCG: 11 : 1.998621e-06 / 6.208407e-01
PCG: 12 : 1.628807e-06 / 5.059636e-01
PCG: 13 : 1.167171e-06 / 3.625638e-01
PCG: 14 : 1.165060e-06 / 3.619080e-01
PCG: 15 : 1.334507e-06 / 4.145439e-01
PCG: 16 : 1.891474e-06 / 5.875572e-01
PCG:  0 : 1.891475e-06
PCG:  1 : 1.164453e-06 / 6.156324e-01
PCG:  2 : 9.133414e-07 / 4.828726e-01
PCG:  3 : 7.845502e-07 / 4.147823e-01
PCG:  4 : 8.782730e-07 / 4.643324e-01
PCG:  5 : 9.022687e-07 / 4.770186e-01
PCG:  6 : 8.048726e-07 / 4.255265e-01
PCG:  7 : 5.993067e-07 / 3.168463e-01
PCG:  8 : 5.468930e-07 / 2.891358e-01
PCG:  9 : 4.842013e-07 / 2.559914e-01
PCG: 10 : 6.361965e-07 / 3.363494e-01
PCG: 11 : 4.661553e-07 / 2.464507e-01
PCG: 12 : 3.263448e-07 / 1.725346e-01
PCG: 13 : 3.502370e-07 / 1.851661e-01
PCG: 14 : 3.452303e-07 / 1.825191e-01
PCG: 15 : 4.615622e-07 / 2.440224e-01
PCG: 16 : 6.667198e-07 / 3.524867e-01
PCG:  0 : 6.667205e-07
PCG:  1 : 4.204804e-07 / 6.306697e-01
PCG:  2 : 2.875114e-07 / 4.312323e-01
PCG:  3 : 2.666720e-07 / 3.999757e-01
PCG:  4 : 2.296198e-07 / 3.444019e-01
PCG:  5 : 3.089436e-07 / 4.633780e-01
PCG:  6 : 3.995679e-07 / 5.993034e-01
PCG:  7 : 2.887176e-07 / 4.330414e-01
PCG:  8 : 3.005645e-07 / 4.508104e-01
PCG:  9 : 3.052918e-07 / 4.579008e-01
PCG: 10 : 3.847699e-07 / 5.771083e-01
PCG: 11 : 3.900716e-07 / 5.850602e-01
PCG: 12 : 3.195763e-07 / 4.793257e-01
PCG: 13 : 2.323969e-07 / 3.485672e-01
PCG: 14 : 2.350703e-07 / 3.525770e-01
PCG: 15 : 2.737137e-07 / 4.105373e-01
PCG: 16 : 3.892374e-07 / 5.838090e-01
PCG:  0 : 3.892371e-07
PCG:  1 : 2.388562e-07 / 6.136523e-01
PCG:  2 : 1.837164e-07 / 4.719910e-01
PCG:  3 : 1.556861e-07 / 3.999775e-01
PCG:  4 : 1.728671e-07 / 4.441176e-01
PCG:  5 : 1.771091e-07 / 4.550159e-01
PCG:  6 : 1.573393e-07 / 4.042247e-01
PCG:  7 : 1.159704e-07 / 2.979427e-01
PCG:  8 : 1.047682e-07 / 2.691630e-01
PCG:  9 : 9.306309e-08 / 2.390910e-01
PCG: 10 : 1.229366e-07 / 3.158399e-01
PCG: 11 : 8.970080e-08 / 2.304528e-01
PCG: 12 : 6.346452e-08 / 1.630485e-01
PCG: 13 : 6.921324e-08 / 1.778177e-01
PCG: 14 : 6.852169e-08 / 1.760410e-01
PCG: 15 : 9.374766e-08 / 2.408497e-01
PCG: 16 : 1.377587e-07 / 3.539199e-01
PCG:  0 : 1.377588e-07
PCG:  1 : 8.646938e-08 / 6.276870e-01
PCG:  2 : 5.822627e-08 / 4.226684e-01
PCG:  3 : 5.406178e-08 / 3.924380e-01
PCG:  4 : 4.610471e-08 / 3.346771e-01
PCG:  5 : 6.129593e-08 / 4.449512e-01
PCG:  6 : 7.947440e-08 / 5.769099e-01
PCG:  7 : 5.713173e-08 / 4.147230e-01
PCG:  8 : 5.905097e-08 / 4.286549e-01
PCG:  9 : 6.007667e-08 / 4.361006e-01
PCG: 10 : 7.620462e-08 / 5.531744e-01
PCG: 11 : 7.735945e-08 / 5.615574e-01
PCG: 12 : 6.328150e-08 / 4.593647e-01
PCG: 13 : 4.639557e-08 / 3.367885e-01
PCG: 14 : 4.734300e-08 / 3.436660e-01
PCG: 15 : 5.602528e-08 / 4.066912e-01
PCG: 16 : 7.999515e-08 / 5.806901e-01
PCG:  0 : 7.999532e-08
PCG:  1 : 4.891287e-08 / 6.114467e-01
PCG:  2 : 3.713019e-08 / 4.641545e-01
PCG:  3 : 3.115935e-08 / 3.895147e-01
PCG:  4 : 3.445540e-08 / 4.307177e-01
PCG:  5 : 3.537982e-08 / 4.422736e-01
PCG:  6 : 3.139421e-08 / 3.924506e-01
PCG:  7 : 2.297612e-08 / 2.872183e-01
PCG:  8 : 2.066199e-08 / 2.582900e-01
PCG:  9 : 1.839387e-08 / 2.299368e-01
PCG: 10 : 2.431396e-08 / 3.039422e-01
PCG: 11 : 1.765854e-08 / 2.207446e-01
PCG: 12 : 1.258574e-08 / 1.573309e-01
PCG: 13 : 1.385006e-08 / 1.731359e-01
PCG: 14 : 1.371561e-08 / 1.714552e-01
PCG: 15 : 1.911565e-08 / 2.389596e-01
PCG: 16 : 2.847711e-08 / 3.559846e-01
PCG:  0 : 2.847708e-08
PCG:  1 : 1.778748e-08 / 6.246245e-01
PCG:  2 : 1.180466e-08 / 4.145320e-01
PCG:  3 : 1.102754e-08 / 3.872426e-01
PCG:  4 : 9.369083e-09 / 3.290044e-01
PCG:  5 : 1.234126e-08 / 4.333752e-01
PCG:  6 : 1.605665e-08 / 5.638448e-01
PCG:  7 : 1.151314e-08 / 4.042948e-01
PCG:  8 : 1.182307e-08 / 4.151784e-01
PCG:  9 : 1.204475e-08 / 4.229629e-01
PCG: 10 : 1.533638e-08 / 5.385517e-01
PCG: 11 : 1.553192e-08 / 5.454183e-01
PCG: 12 : 1.263975e-08 / 4.438570e-01
PCG: 13 : 9.323657e-09 / 3.274092e-01
PCG: 14 : 9.583230e-09 / 3.365244e-01
PCG: 15 : 1.146472e-08 / 4.025948e-01
PCG: 16 : 1.641136e-08 / 5.763006e-01
PCG:  0 : 1.641135e-08
PCG:  1 : 1.002927e-08 / 6.111177e-01
PCG:  2 : 7.540617e-09 / 4.594758e-01
PCG:  3 : 6.274352e-09 / 3.823179e-01
PCG:  4 : 6.936426e-09 / 4.226604e-01
PCG:  5 : 7.155693e-09 / 4.360211e-01
PCG:  6 : 6.354524e-09 / 3.872031e-01
PCG:  7 : 4.641209e-09 / 2.828049e-01
PCG:  8 : 4.157856e-09 / 2.533525e-01
PCG:  9 : 3.714290e-09 / 2.263245e-01
PCG: 10 : 4.904920e-09 / 2.988737e-01
PCG: 11 : 3.545473e-09 / 2.160379e-01
PCG: 12 : 2.539771e-09 / 1.547570e-01
PCG: 13 : 2.804551e-09 / 1.708910e-01
PCG: 14 : 2.765402e-09 / 1.685055e-01
PCG: 15 : 3.913858e-09 / 2.384849e-01
PCG: 16 : 5.880723e-09 / 3.583327e-01
PCG:  0 : 5.880727e-09
PCG:  1 : 3.658743e-09 / 6.221583e-01
PCG:  2 : 2.402229e-09 / 4.084919e-01
PCG:  3 : 2.256895e-09 / 3.837782e-01
PCG:  4 : 1.915104e-09 / 3.256577e-01
PCG:  5 : 2.510203e-09 / 4.268526e-01
PCG:  6 : 3.276806e-09 / 5.572111e-01
PCG:  7 : 2.347081e-09 / 3.991142e-01
PCG:  8 : 2.400723e-09 / 4.082358e-01
PCG:  9 : 2.447300e-09 / 4.161560e-01
PCG: 10 : 3.114462e-09 / 5.296050e-01
PCG: 11 : 3.146902e-09 / 5.351212e-01
PCG: 12 : 2.545836e-09 / 4.329117e-01
PCG: 13 : 1.881870e-09 / 3.200063e-01
PCG: 14 : 1.947501e-09 / 3.311668e-01
PCG: 15 : 2.349343e-09 / 3.994988e-01
PCG: 16 : 3.371144e-09 / 5.732529e-01
PCG:  0 : 3.371143e-09
PCG:  1 : 2.055752e-09 / 6.098087e-01
PCG:  2 : 1.532970e-09 / 4.547329e-01
PCG:  3 : 1.268971e-09 / 3.764217e-01
PCG:  4 : 1.403688e-09 / 4.163833e-01
PCG:  5 : 1.456856e-09 / 4.321549e-01
PCG:  6 : 1.297425e-09 / 3.848622e-01
PCG:  7 : 9.469391e-10 / 2.808955e-01
PCG:  8 : 8.470838e-10 / 2.512749e-01
PCG:  9 : 7.576967e-10 / 2.247596e-01
PCG: 10 : 9.998302e-10 / 2.965849e-01
PCG: 11 : 7.186907e-10 / 2.131890e-01
PCG: 12 : 5.169016e-10 / 1.533312e-01
PCG: 13 : 5.721387e-10 / 1.697165e-01
PCG: 14 : 5.609352e-10 / 1.663932e-01
PCG: 15 : 8.033708e-10 / 2.383081e-01
PCG: 16 : 1.214530e-09 / 3.602725e-01
PCG:  0 : 1.214528e-09
PCG:  1 : 7.520214e-10 / 6.191880e-01
PCG:  2 : 4.894570e-10 / 4.030016e-01
PCG:  3 : 4.628864e-10 / 3.811244e-01
PCG:  4 : 3.925124e-10 / 3.231809e-01
PCG:  5 : 5.123141e-10 / 4.218214e-01
PCG:  6 : 6.715449e-10 / 5.529264e-01
PCG:  7 : 4.806843e-10 / 3.957785e-01
PCG:  8 : 4.898483e-10 / 4.033239e-01
PCG:  9 : 4.991907e-10 / 4.110160e-01
PCG: 10 : 6.360364e-10 / 5.236900e-01
PCG: 11 : 6.413605e-10 / 5.280736e-01
PCG: 12 : 5.134360e-10 / 4.227451e-01
PCG: 13 : 3.801292e-10 / 3.129850e-01
PCG: 14 : 3.957630e-10 / 3.258573e-01
PCG: 15 : 4.819697e-10 / 3.968369e-01
PCG: 16 : 6.918983e-10 / 5.696847e-01
PCG:  0 : 6.918974e-10
PCG:  1 : 4.218686e-10 / 6.097271e-01
PCG:  2 : 3.122334e-10 / 4.512712e-01
PCG:  3 : 2.566808e-10 / 3.709810e-01
PCG:  4 : 2.847917e-10 / 4.116098e-01
PCG:  5 : 2.981773e-10 / 4.309559e-01
PCG:  6 : 2.654966e-10 / 3.837225e-01
PCG:  7 : 1.936169e-10 / 2.798347e-01
PCG:  8 : 1.736995e-10 / 2.510481e-01
PCG:  9 : 1.557141e-10 / 2.250538e-01
PCG: 10 : 2.050005e-10 / 2.962874e-01
PCG: 11 : 1.471108e-10 / 2.126194e-01
PCG: 12 : 1.062297e-10 / 1.535339e-01
PCG: 13 : 1.174442e-10 / 1.697422e-01
PCG: 14 : 1.146276e-10 / 1.656715e-01
PCG: 15 : 1.660081e-10 / 2.399317e-01
PCG: 16 : 2.513039e-10 / 3.632099e-01

PCG ( VCycle ( S: Scale / C: Scale )  )

Complete solver TOE: 114.344
2.02409 GFlop/s [2.02409 GFlops/s]

Total time: 114.344s
Accumulated op time: 110.925

Reductions: 5.84574%
Blas-1: 6.68007%
Blas-2: 84.4837%
Precon Kernels: 0%
MPI Execution: 0%
MPI Wait: 0%
Not covered: 2.99047%

Domain size: 768.674 MByte
LA size: 1930.82 MByte
MPI size: 42.7179 MByte

H0-Error: 1.074770e-07
H1-Error: 1.008605e-03

Writing DATA to output.data...
Run-Time: 2:03.504 [2:03.504]
0x31d198e880 Error: MemoryPool<CPU> still contains memory chunks on deconstructor call
