NUM-PROCS: 1
Preparing domain...
LVL-MIN: 5 [5]
LVL-MAX: 8 [8]
Creating gates...
Assembling system matrices...
Assembling system filters...
Assembling transfer matrices...
Converting assembled linear system from SparseMatrixCSR, Mem:main to SparseMatrixCSR, Mem:mainand to SparseMatrixCSR, Mem:main...
PCG: 0 : 3.788183e-02
PCG: 1 : 1.531274e-01 / 4.042240e+00
PCG: 2 : 1.362878e-01 / 3.597708e+00
PCG: 3 : 2.921180e-01 / 7.711296e+00
PCG: 4 : 2.872759e-01 / 7.583474e+00
PCG: 5 : 1.502754e-01 / 3.966953e+00
PCG: 6 : 1.546998e-01 / 4.083746e+00
PCG: 0 : 1.541997e-01
PCG: 1 : 1.183944e-01 / 7.677994e-01
PCG: 2 : 9.392953e-02 / 6.091421e-01
PCG: 3 : 5.710204e-02 / 3.703123e-01
PCG: 4 : 3.410900e-02 / 2.212002e-01
PCG: 5 : 4.406331e-02 / 2.857548e-01
PCG: 6 : 5.551252e-02 / 3.600040e-01
PCG: 0 : 5.551251e-02
PCG: 1 : 2.457294e-02 / 4.426558e-01
PCG: 2 : 1.658935e-02 / 2.988399e-01
PCG: 3 : 1.869333e-02 / 3.367409e-01
PCG: 4 : 1.728868e-02 / 3.114375e-01
PCG: 5 : 1.447649e-02 / 2.607789e-01
PCG: 6 : 2.259006e-02 / 4.069363e-01
PCG: 0 : 2.259006e-02
PCG: 1 : 1.260377e-02 / 5.579342e-01
PCG: 2 : 1.210052e-02 / 5.356568e-01
PCG: 3 : 1.066771e-02 / 4.722301e-01
PCG: 4 : 8.645905e-03 / 3.827305e-01
PCG: 5 : 1.015505e-02 / 4.495362e-01
PCG: 6 : 2.170946e-02 / 9.610182e-01
PCG: 0 : 2.170946e-02
PCG: 1 : 9.802388e-03 / 4.515262e-01
PCG: 2 : 7.204591e-03 / 3.318642e-01
PCG: 3 : 6.781536e-03 / 3.123770e-01
PCG: 4 : 6.764285e-03 / 3.115824e-01
PCG: 5 : 5.819863e-03 / 2.680796e-01
PCG: 6 : 8.659663e-03 / 3.988889e-01
PCG: 0 : 8.659665e-03
PCG: 1 : 5.145821e-03 / 5.942286e-01
PCG: 2 : 5.125010e-03 / 5.918254e-01
PCG: 3 : 4.470695e-03 / 5.162665e-01
PCG: 4 : 3.850060e-03 / 4.445968e-01
PCG: 5 : 4.470575e-03 / 5.162526e-01
PCG: 6 : 8.547397e-03 / 9.870355e-01
PCG: 0 : 8.547396e-03
PCG: 1 : 4.118118e-03 / 4.817980e-01
PCG: 2 : 3.091606e-03 / 3.617015e-01
PCG: 3 : 2.881732e-03 / 3.371474e-01
PCG: 4 : 2.867201e-03 / 3.354473e-01
PCG: 5 : 2.443951e-03 / 2.859293e-01
PCG: 6 : 3.454073e-03 / 4.041083e-01
PCG: 0 : 3.454073e-03
PCG: 1 : 2.112165e-03 / 6.114999e-01
PCG: 2 : 2.152789e-03 / 6.232609e-01
PCG: 3 : 1.906980e-03 / 5.520961e-01
PCG: 4 : 1.680975e-03 / 4.866646e-01
PCG: 5 : 1.926812e-03 / 5.578375e-01
PCG: 6 : 3.414401e-03 / 9.885144e-01
PCG: 0 : 3.414401e-03
PCG: 1 : 1.734266e-03 / 5.079270e-01
PCG: 2 : 1.311881e-03 / 3.842199e-01
PCG: 3 : 1.179266e-03 / 3.453800e-01
PCG: 4 : 1.188796e-03 / 3.481712e-01
PCG: 5 : 1.051037e-03 / 3.078246e-01
PCG: 6 : 1.392275e-03 / 4.077656e-01
PCG: 0 : 1.392275e-03
PCG: 1 : 8.986393e-04 / 6.454466e-01
PCG: 2 : 9.136824e-04 / 6.562513e-01
PCG: 3 : 7.742925e-04 / 5.561346e-01
PCG: 4 : 7.111442e-04 / 5.107784e-01
PCG: 5 : 8.352541e-04 / 5.999203e-01
PCG: 6 : 1.344644e-03 / 9.657890e-01
PCG: 0 : 1.344644e-03
PCG: 1 : 7.393924e-04 / 5.498796e-01
PCG: 2 : 5.644857e-04 / 4.198031e-01
PCG: 3 : 4.744368e-04 / 3.528344e-01
PCG: 4 : 4.974739e-04 / 3.699670e-01
PCG: 5 : 4.593416e-04 / 3.416083e-01
PCG: 6 : 5.502406e-04 / 4.092091e-01
PCG: 0 : 5.502405e-04
PCG: 1 : 3.901953e-04 / 7.091360e-01
PCG: 2 : 3.941490e-04 / 7.163213e-01
PCG: 3 : 3.093290e-04 / 5.621705e-01
PCG: 4 : 3.061106e-04 / 5.563214e-01
PCG: 5 : 3.653770e-04 / 6.640314e-01
PCG: 6 : 5.241515e-04 / 9.525862e-01
PCG: 0 : 5.241515e-04
PCG: 1 : 3.209890e-04 / 6.123974e-01
PCG: 2 : 2.451111e-04 / 4.676341e-01
PCG: 3 : 1.894167e-04 / 3.613777e-01
PCG: 4 : 2.131042e-04 / 4.065699e-01
PCG: 5 : 2.011180e-04 / 3.837021e-01
PCG: 6 : 2.165964e-04 / 4.132324e-01
PCG: 0 : 2.165963e-04
PCG: 1 : 1.720560e-04 / 7.943624e-01
PCG: 2 : 1.698270e-04 / 7.840718e-01
PCG: 3 : 1.245633e-04 / 5.750943e-01
PCG: 4 : 1.347222e-04 / 6.219967e-01
PCG: 5 : 1.584595e-04 / 7.315891e-01
PCG: 6 : 2.073564e-04 / 9.573405e-01
PCG: 0 : 2.073564e-04
PCG: 1 : 1.404615e-04 / 6.773916e-01
PCG: 2 : 1.054471e-04 / 5.085307e-01
PCG: 3 : 7.718589e-05 / 3.722378e-01
PCG: 4 : 9.230959e-05 / 4.451736e-01
PCG: 5 : 8.699314e-05 / 4.195344e-01
PCG: 6 : 8.713664e-05 / 4.202264e-01
PCG: 0 : 8.713662e-05
PCG: 1 : 7.582179e-05 / 8.701484e-01
PCG: 2 : 7.217642e-05 / 8.283132e-01
PCG: 3 : 5.189115e-05 / 5.955148e-01
PCG: 4 : 5.884356e-05 / 6.753023e-01
PCG: 5 : 6.838117e-05 / 7.847582e-01
PCG: 6 : 8.429148e-05 / 9.673485e-01
PCG: 0 : 8.429148e-05
PCG: 1 : 6.123249e-05 / 7.264374e-01
PCG: 2 : 4.464922e-05 / 5.297002e-01
PCG: 3 : 3.265589e-05 / 3.874163e-01
PCG: 4 : 3.935300e-05 / 4.668680e-01
PCG: 5 : 3.759438e-05 / 4.460045e-01
PCG: 6 : 3.578662e-05 / 4.245579e-01
PCG: 0 : 3.578662e-05
PCG: 1 : 3.317870e-05 / 9.271257e-01
PCG: 2 : 3.035736e-05 / 8.482879e-01
PCG: 3 : 2.230427e-05 / 6.232572e-01
PCG: 4 : 2.511459e-05 / 7.017870e-01
PCG: 5 : 2.972460e-05 / 8.306063e-01
PCG: 6 : 3.482185e-05 / 9.730409e-01
PCG: 0 : 3.482184e-05
PCG: 1 : 2.661247e-05 / 7.642463e-01
PCG: 2 : 1.871585e-05 / 5.374745e-01
PCG: 3 : 1.416071e-05 / 4.066617e-01
PCG: 4 : 1.651914e-05 / 4.743903e-01
PCG: 5 : 1.633816e-05 / 4.691929e-01
PCG: 6 : 1.482576e-05 / 4.257603e-01
PCG: 0 : 1.482576e-05
PCG: 1 : 1.446524e-05 / 9.756825e-01
PCG: 2 : 1.271635e-05 / 8.577202e-01
PCG: 3 : 9.727602e-06 / 6.561283e-01
PCG: 4 : 1.058804e-05 / 7.141651e-01
PCG: 5 : 1.298512e-05 / 8.758483e-01
PCG: 6 : 1.449594e-05 / 9.777535e-01
PCG: 0 : 1.449594e-05
PCG: 1 : 1.155095e-05 / 7.968406e-01
PCG: 2 : 7.819910e-06 / 5.394552e-01
PCG: 3 : 6.192492e-06 / 4.271880e-01
PCG: 4 : 6.908984e-06 / 4.766151e-01
PCG: 5 : 7.112867e-06 / 4.906799e-01
PCG: 6 : 6.173510e-06 / 4.258786e-01
PCG: 0 : 6.173511e-06
PCG: 1 : 6.288587e-06 / 1.018640e+00
PCG: 2 : 5.328251e-06 / 8.630828e-01
PCG: 3 : 4.258080e-06 / 6.897340e-01
PCG: 4 : 4.452621e-06 / 7.212462e-01
PCG: 5 : 5.669342e-06 / 9.183335e-01
PCG: 6 : 6.072137e-06 / 9.835791e-01
PCG: 0 : 6.072136e-06
PCG: 1 : 5.002642e-06 / 8.238686e-01
PCG: 2 : 3.271453e-06 / 5.387648e-01
PCG: 3 : 2.707560e-06 / 4.458990e-01
PCG: 4 : 2.897192e-06 / 4.771290e-01
PCG: 5 : 3.090422e-06 / 5.089513e-01
PCG: 6 : 2.585602e-06 / 4.258143e-01
PCG: 0 : 2.585601e-06
PCG: 1 : 2.723307e-06 / 1.053259e+00
PCG: 2 : 2.238929e-06 / 8.659222e-01
PCG: 3 : 1.860019e-06 / 7.193758e-01
PCG: 4 : 1.874928e-06 / 7.251421e-01
PCG: 5 : 2.465493e-06 / 9.535475e-01
PCG: 6 : 2.559706e-06 / 9.899849e-01
PCG: 0 : 2.559705e-06
PCG: 1 : 2.159687e-06 / 8.437250e-01
PCG: 2 : 1.373491e-06 / 5.365818e-01
PCG: 3 : 1.178955e-06 / 4.605824e-01
PCG: 4 : 1.220200e-06 / 4.766956e-01
PCG: 5 : 1.337545e-06 / 5.225388e-01
PCG: 6 : 1.089649e-06 / 4.256931e-01
PCG: 0 : 1.089649e-06
PCG: 1 : 1.174076e-06 / 1.077481e+00
PCG: 2 : 9.442686e-07 / 8.665804e-01
PCG: 3 : 8.083607e-07 / 7.418541e-01
PCG: 4 : 7.905731e-07 / 7.255300e-01
PCG: 5 : 1.066619e-06 / 9.788650e-01
PCG: 6 : 1.085276e-06 / 9.959864e-01
PCG: 0 : 1.085275e-06
PCG: 1 : 9.293061e-07 / 8.562859e-01
PCG: 2 : 5.787792e-07 / 5.333017e-01
PCG: 3 : 5.104540e-07 / 4.703451e-01
PCG: 4 : 5.158437e-07 / 4.753113e-01
PCG: 5 : 5.764582e-07 / 5.311630e-01
PCG: 6 : 4.615855e-07 / 4.253164e-01
PCG: 0 : 4.615854e-07
PCG: 1 : 5.040202e-07 / 1.091933e+00
PCG: 2 : 3.994169e-07 / 8.653154e-01
PCG: 3 : 3.490101e-07 / 7.561117e-01
PCG: 4 : 3.330696e-07 / 7.215773e-01
PCG: 5 : 4.591257e-07 / 9.946712e-01
PCG: 6 : 4.621658e-07 / 1.001257e+00
PCG: 0 : 4.621656e-07
PCG: 1 : 3.987804e-07 / 8.628517e-01
PCG: 2 : 2.443973e-07 / 5.288088e-01
PCG: 3 : 2.196417e-07 / 4.752446e-01
PCG: 4 : 2.184914e-07 / 4.727556e-01
PCG: 5 : 2.475330e-07 / 5.355936e-01
PCG: 6 : 1.961509e-07 / 4.244168e-01
PCG: 0 : 1.961509e-07
PCG: 1 : 2.155556e-07 / 1.098927e+00
PCG: 2 : 1.691313e-07 / 8.622506e-01
PCG: 3 : 1.495319e-07 / 7.623307e-01
PCG: 4 : 1.397157e-07 / 7.122867e-01
PCG: 5 : 1.968033e-07 / 1.003326e+00
PCG: 6 : 1.973833e-07 / 1.006283e+00
PCG: 0 : 1.973833e-07
PCG: 1 : 1.707662e-07 / 8.651503e-01
PCG: 2 : 1.031059e-07 / 5.223641e-01
PCG: 3 : 9.383945e-08 / 4.754174e-01
PCG: 4 : 9.250208e-08 / 4.686419e-01
PCG: 5 : 1.059724e-07 / 5.368866e-01
PCG: 6 : 8.342976e-08 / 4.226789e-01
PCG: 0 : 8.342975e-08
PCG: 1 : 9.186642e-08 / 1.101123e+00
PCG: 2 : 7.152862e-08 / 8.573516e-01
PCG: 3 : 6.347052e-08 / 7.607661e-01
PCG: 4 : 5.815631e-08 / 6.970693e-01
PCG: 5 : 8.411351e-08 / 1.008196e+00
PCG: 6 : 8.445067e-08 / 1.012237e+00
PCG: 0 : 8.445070e-08
PCG: 1 : 7.300423e-08 / 8.644597e-01
PCG: 2 : 4.328039e-08 / 5.124930e-01
PCG: 3 : 3.973004e-08 / 4.704524e-01
PCG: 4 : 3.905373e-08 / 4.624441e-01
PCG: 5 : 4.524026e-08 / 5.357003e-01
PCG: 6 : 3.545198e-08 / 4.197950e-01
PCG: 0 : 3.545197e-08
PCG: 1 : 3.902959e-08 / 1.100914e+00
PCG: 2 : 3.015262e-08 / 8.505204e-01
PCG: 3 : 2.664235e-08 / 7.515054e-01
PCG: 4 : 2.401896e-08 / 6.775069e-01
PCG: 5 : 3.591279e-08 / 1.012998e+00
PCG: 6 : 3.618151e-08 / 1.020578e+00
PCG: 0 : 3.618151e-08
PCG: 1 : 3.117304e-08 / 8.615738e-01
PCG: 2 : 1.800210e-08 / 4.975498e-01
PCG: 3 : 1.663236e-08 / 4.596923e-01
PCG: 4 : 1.642863e-08 / 4.540614e-01
PCG: 5 : 1.925432e-08 / 5.321590e-01
PCG: 6 : 1.504615e-08 / 4.158520e-01
PCG: 0 : 1.504615e-08
PCG: 1 : 1.655640e-08 / 1.100374e+00
PCG: 2 : 1.267013e-08 / 8.420848e-01
PCG: 3 : 1.107282e-08 / 7.359236e-01
PCG: 4 : 9.912567e-09 / 6.588109e-01
PCG: 5 : 1.534847e-08 / 1.020093e+00
PCG: 6 : 1.552289e-08 / 1.031685e+00

PCG ( VCycle ( S: Scale / C: Scale )  )

Complete solver TOE: 3.75738
0.556528 GFlop/s [0.556528 GFlops/s]

Total time: 3.75738s
Accumulated op time: 3.62428

Reductions: 1.95037%
Blas-1: 5.47605%
Blas-2: 89.0312%
Precon Kernels: 0%
MPI Execution: 0%
MPI Wait: 0%
Not covered: 3.54236%

Domain size: 6.70679 MByte
LA size: 22.1625 MByte
MPI size: 0.671448 MByte

H0-Error: 6.873776e-06
H1-Error: 8.068795e-03

Writing DATA to output.data...
Run-Time: 0:04.363 [0:04.363]
0xb33949f8 Error: MemoryPool<CPU> still contains memory chunks on deconstructor call
