NUM-PROCS: 1
Preparing domain...
LVL-MIN: 1 [1]
LVL-MAX: 10 [10]
Creating gates...
Assembling system matrices...
Assembling system filters...
Assembling transfer matrices...
Converting assembled linear system from SparseMatrixCSR, Mem:main to SparseMatrixCSR, Mem:mainand to SparseMatrixCSR, Mem:main...
PCG: 0 : 9.466280e-03
PCG: 1 : 3.628820e-03 / 3.833418e-01
PCG: 2 : 1.416733e-03 / 1.496610e-01
PCG: 3 : 4.969424e-04 / 5.249606e-02
PCG: 4 : 1.268586e-04 / 1.340110e-02
PCG: 5 : 1.423759e-05 / 1.504032e-03
PCG: 0 : 2.101038e-04
PCG: 1 : 2.997065e-05 / 1.426468e-01
PCG: 2 : 3.971394e-06 / 1.890206e-02
PCG: 3 : 6.917945e-07 / 3.292631e-03
PCG: 4 : 8.072030e-08 / 3.841924e-04
PCG: 5 : 8.943918e-09 / 4.256904e-05
PCG: 0 : 3.983397e-08
PCG: 1 : 1.188092e-08 / 2.982610e-01
PCG: 2 : 1.557179e-09 / 3.909173e-02
PCG: 3 : 3.077319e-10 / 7.725363e-03
PCG: 4 : 5.257543e-11 / 1.319864e-03
PCG: 5 : 5.611098e-12 / 1.408621e-04
PCG: 0 : 3.362164e-11
PCG: 1 : 1.023572e-11 / 3.044383e-01
PCG: 2 : 1.336076e-12 / 3.973856e-02
PCG: 3 : 2.344045e-13 / 6.971832e-03
PCG: 4 : 3.215442e-14 / 9.563609e-04
PCG: 5 : 3.169840e-15 / 9.427974e-05

PCG ( VCycle ( S: Scale / C: Scale )  )

Complete solver TOE: 1.39934
2.25676 GFlop/s [2.25676 GFlops/s]

Total time: 1.39934s
Accumulated op time: 1.34809

Reductions: 6.63206%
Blas-1: 6.85288%
Blas-2: 82.8528%
Precon Kernels: 0%
MPI Execution: 0%
MPI Wait: 0%
Not covered: 3.66223%

Domain size: 192.438 MByte
LA size: 483.45 MByte
MPI size: 10.6981 MByte

H0-Error: 4.290974e-07
H1-Error: 2.017209e-03

Writing DATA to output.data...
Run-Time: 0:03.680 [0:03.680]
0x31d198e880 Error: MemoryPool<CPU> still contains memory chunks on deconstructor call
