NUM-PROCS: 1
Preparing domain...
LVL-MIN: 3 [3]
LVL-MAX: 7 [7]
Creating gates...
Assembling system matrices...
Assembling system filters...
Assembling transfer matrices...
Converting assembled linear system from SparseMatrixCSR, Mem:main to SparseMatrixCSR, Mem:mainand to SparseMatrixCSR, Mem:main...
PCG:  0 : 7.572460e-02
PCG:  1 : 7.534376e-02 / 9.949707e-01
PCG:  2 : 7.356912e-02 / 9.715353e-01
PCG:  3 : 4.669812e-02 / 6.166835e-01
PCG:  4 : 5.319755e-03 / 7.025134e-02
PCG:  5 : 5.761977e-04 / 7.609122e-03
PCG:  6 : 1.277759e-04 / 1.687376e-03
PCG:  7 : 2.299357e-05 / 3.036473e-04
PCG:  8 : 2.603943e-06 / 3.438701e-05
PCG:  9 : 6.968182e-07 / 9.202006e-06
PCG: 10 : 1.678843e-06 / 2.217038e-05
PCG: 11 : 3.077188e-07 / 4.063657e-06
PCG: 12 : 2.938752e-08 / 3.880842e-07
PCG: 13 : 1.218042e-08 / 1.608516e-07
PCG: 14 : 4.701866e-09 / 6.209167e-08
PCG:  0 : 4.379292e-03
PCG:  1 : 6.466941e-04 / 1.476709e-01
PCG:  2 : 1.035219e-03 / 2.363897e-01
PCG:  3 : 5.617421e-04 / 1.282724e-01
PCG:  4 : 1.290110e-04 / 2.945934e-02
PCG:  5 : 2.542852e-05 / 5.806537e-03
PCG:  6 : 2.510194e-06 / 5.731964e-04
PCG:  7 : 3.378703e-07 / 7.715182e-05
PCG:  8 : 8.463518e-08 / 1.932623e-05
PCG:  9 : 1.717484e-08 / 3.921830e-06
PCG: 10 : 4.919934e-09 / 1.123454e-06
PCG: 11 : 2.671640e-09 / 6.100621e-07
PCG: 12 : 8.150257e-10 / 1.861090e-07
PCG: 13 : 1.245290e-09 / 2.843587e-07
PCG: 14 : 3.536983e-10 / 8.076609e-08
PCG:  0 : 9.986715e-09
PCG:  1 : 2.273965e-09 / 2.276990e-01
PCG:  2 : 2.278265e-09 / 2.281296e-01
PCG:  3 : 1.575855e-09 / 1.577951e-01
PCG:  4 : 4.228902e-10 / 4.234527e-02
PCG:  5 : 1.797979e-10 / 1.800371e-02
PCG:  6 : 5.187415e-11 / 5.194316e-03
PCG:  7 : 2.458638e-11 / 2.461908e-03
PCG:  8 : 9.635417e-12 / 9.648234e-04
PCG:  9 : 3.132762e-12 / 3.136930e-04
PCG: 10 : 1.094862e-12 / 1.096318e-04
PCG: 11 : 3.684463e-13 / 3.689365e-05
PCG: 12 : 6.414795e-14 / 6.423329e-06
PCG: 13 : 9.944307e-15 / 9.957536e-07
PCG: 14 : 1.985697e-15 / 1.988338e-07
PCG: 15 : 5.350859e-16 / 5.357976e-08

PCG ( VCycle ( S: Scale / C: Scale )  )

Complete solver TOE: 0.032252
3.16471 GFlop/s [3.16471 GFlops/s]

Total time: 0.032252s
Accumulated op time: 0.030627

Reductions: 9.0382%
Blas-1: 3.49126%
Blas-2: 82.4321%
Precon Kernels: 0%
MPI Execution: 0%
MPI Wait: 0%
Not covered: 5.03845%

Domain size: 3.05043 MByte
LA size: 7.64263 MByte
MPI size: 0.170403 MByte

H0-Error: 2.746078e-05
H1-Error: 1.613732e-02

Writing DATA to output.data...
Run-Time: 0:00.068 [0:00.068]
0x31d198e880 Error: MemoryPool<CPU> still contains memory chunks on deconstructor call
