NUM-PROCS: 1
Preparing domain...
LVL-MIN: 4 [4]
LVL-MAX: 6 [6]
Creating gates...
Assembling system matrices...
Assembling system filters...
Assembling transfer matrices...
Converting assembled linear system from SparseMatrixCSR, Mem:main to SparseMatrixCSR, Mem:mainand to SparseMatrixCSR, Mem:main...
PCG: 0 : 1.512630e-01
PCG: 1 : 2.707138e-01 / 1.789689e+00
PCG: 2 : 2.456829e-01 / 1.624210e+00
PCG: 3 : 3.589467e-01 / 2.372998e+00
PCG: 4 : 1.869210e-01 / 1.235735e+00
PCG: 5 : 5.873396e-02 / 3.882903e-01
PCG: 0 : 5.960615e-02
PCG: 1 : 3.900723e-02 / 6.544161e-01
PCG: 2 : 1.383823e-02 / 2.321611e-01
PCG: 3 : 5.629194e-03 / 9.443981e-02
PCG: 4 : 3.052621e-03 / 5.121318e-02
PCG: 5 : 2.258009e-03 / 3.788214e-02
PCG: 0 : 2.258007e-03
PCG: 1 : 1.007751e-03 / 4.463010e-01
PCG: 2 : 5.204084e-04 / 2.304724e-01
PCG: 3 : 4.497271e-04 / 1.991699e-01
PCG: 4 : 3.694923e-04 / 1.636365e-01
PCG: 5 : 4.008903e-04 / 1.775416e-01
PCG: 0 : 4.008903e-04
PCG: 1 : 2.957156e-04 / 7.376470e-01
PCG: 2 : 2.077746e-04 / 5.182828e-01
PCG: 3 : 1.465433e-04 / 3.655447e-01
PCG: 4 : 1.748564e-04 / 4.361703e-01
PCG: 5 : 2.151427e-04 / 5.366622e-01
PCG: 0 : 2.151427e-04
PCG: 1 : 9.577121e-05 / 4.451520e-01
PCG: 2 : 6.228119e-05 / 2.894878e-01
PCG: 3 : 5.066281e-05 / 2.354847e-01
PCG: 4 : 4.388757e-05 / 2.039928e-01
PCG: 5 : 4.926910e-05 / 2.290066e-01
PCG: 0 : 4.926910e-05
PCG: 1 : 3.334494e-05 / 6.767923e-01
PCG: 2 : 2.798866e-05 / 5.680775e-01
PCG: 3 : 1.987684e-05 / 4.034343e-01
PCG: 4 : 2.014348e-05 / 4.088461e-01
PCG: 5 : 2.812999e-05 / 5.709459e-01
PCG: 0 : 2.812999e-05
PCG: 1 : 1.227987e-05 / 4.365400e-01
PCG: 2 : 8.309342e-06 / 2.953909e-01
PCG: 3 : 6.663111e-06 / 2.368686e-01
PCG: 4 : 5.751798e-06 / 2.044721e-01
PCG: 5 : 6.422233e-06 / 2.283055e-01
PCG: 0 : 6.422232e-06
PCG: 1 : 4.339656e-06 / 6.757239e-01
PCG: 2 : 3.679715e-06 / 5.729651e-01
PCG: 3 : 2.625462e-06 / 4.088083e-01
PCG: 4 : 2.632661e-06 / 4.099292e-01
PCG: 5 : 3.678448e-06 / 5.727679e-01
PCG: 0 : 3.678448e-06
PCG: 1 : 1.604032e-06 / 4.360621e-01
PCG: 2 : 1.091892e-06 / 2.968349e-01
PCG: 3 : 8.744333e-07 / 2.377180e-01
PCG: 4 : 7.521409e-07 / 2.044724e-01
PCG: 5 : 8.403491e-07 / 2.284521e-01
PCG: 0 : 8.403490e-07
PCG: 1 : 5.676721e-07 / 6.755195e-01
PCG: 2 : 4.823164e-07 / 5.739477e-01
PCG: 3 : 3.454232e-07 / 4.110473e-01
PCG: 4 : 3.445842e-07 / 4.100489e-01
PCG: 5 : 4.808011e-07 / 5.721446e-01
PCG: 0 : 4.808011e-07
PCG: 1 : 2.099473e-07 / 4.366615e-01
PCG: 2 : 1.434541e-07 / 2.983648e-01
PCG: 3 : 1.145278e-07 / 2.382020e-01
PCG: 4 : 9.852080e-08 / 2.049097e-01
PCG: 5 : 1.100570e-07 / 2.289033e-01
PCG: 0 : 1.100570e-07
PCG: 1 : 7.436923e-08 / 6.757340e-01
PCG: 2 : 6.318249e-08 / 5.740890e-01
PCG: 3 : 4.537798e-08 / 4.123136e-01
PCG: 4 : 4.517053e-08 / 4.104287e-01
PCG: 5 : 6.278656e-08 / 5.704915e-01
PCG: 0 : 6.278657e-08
PCG: 1 : 2.752802e-08 / 4.384380e-01
PCG: 2 : 1.886273e-08 / 3.004262e-01
PCG: 3 : 1.498303e-08 / 2.386344e-01
PCG: 4 : 1.294573e-08 / 2.061862e-01
PCG: 5 : 1.440076e-08 / 2.293605e-01
PCG: 0 : 1.440076e-08
PCG: 1 : 9.765610e-09 / 6.781315e-01
PCG: 2 : 8.278822e-09 / 5.748878e-01
PCG: 3 : 5.955300e-09 / 4.135407e-01
PCG: 4 : 5.941859e-09 / 4.126073e-01
PCG: 5 : 8.178861e-09 / 5.679465e-01
PCG: 0 : 8.178859e-09
PCG: 1 : 3.624319e-09 / 4.431326e-01
PCG: 2 : 2.485158e-09 / 3.038515e-01
PCG: 3 : 1.957525e-09 / 2.393396e-01
PCG: 4 : 1.713470e-09 / 2.094999e-01
PCG: 5 : 1.877286e-09 / 2.295291e-01
PCG: 0 : 1.877286e-09
PCG: 1 : 1.289402e-09 / 6.868436e-01
PCG: 2 : 1.086292e-09 / 5.786505e-01
PCG: 3 : 7.807083e-10 / 4.158708e-01
PCG: 4 : 7.881444e-10 / 4.198318e-01
PCG: 5 : 1.058900e-09 / 5.640590e-01

PCG ( VCycle ( S: Scale / C: Scale )  )

Complete solver TOE: 0.054454
0.877357 GFlop/s [0.877357 GFlops/s]

Total time: 0.054454s
Accumulated op time: 0.048869

Reductions: 1.73357%
Blas-1: 5.33661%
Blas-2: 82.6734%
Precon Kernels: 0%
MPI Execution: 0%
MPI Wait: 0%
Not covered: 10.2564%

Domain size: 0.42572 MByte
LA size: 1.37825 MByte
MPI size: 0.0427704 MByte

H0-Error: 1.098304e-04
H1-Error: 3.227246e-02

Writing DATA to output.data...
Run-Time: 0:00.110 [0:00.110]
0xb33b79f8 Error: MemoryPool<CPU> still contains memory chunks on deconstructor call
