NUM-PROCS: 1
Preparing domain...
LVL-MIN: 6 [6]
LVL-MAX: 10 [10]
Creating gates...
Assembling system matrices...
Assembling system filters...
Assembling transfer matrices...
Converting assembled linear system from SparseMatrixCSR, Mem:main to SparseMatrixELL, Mem:cudaand to SparseMatrixELL, Mem:cuda...
PCG:  0 : 9.473711e-03
PCG:  1 : 8.278747e-02 / 8.738652e+00
PCG:  2 : 8.474121e-02 / 8.944880e+00
PCG:  3 : 1.927502e-01 / 2.034580e+01
PCG:  4 : 2.336363e-01 / 2.466154e+01
PCG:  5 : 1.561379e-01 / 1.648118e+01
PCG:  6 : 1.647634e-01 / 1.739164e+01
PCG:  7 : 1.532123e-01 / 1.617236e+01
PCG:  8 : 1.763701e-01 / 1.861679e+01
PCG:  9 : 2.031486e-01 / 2.144340e+01
PCG: 10 : 1.283499e-01 / 1.354800e+01
PCG: 11 : 9.879246e-02 / 1.042806e+01
PCG: 12 : 9.599490e-02 / 1.013277e+01
PCG:  0 : 9.603405e-02
PCG:  1 : 8.122411e-02 / 8.457844e-01
PCG:  2 : 7.991888e-02 / 8.321931e-01
PCG:  3 : 8.452753e-02 / 8.801829e-01
PCG:  4 : 5.939621e-02 / 6.184912e-01
PCG:  5 : 5.557705e-02 / 5.787223e-01
PCG:  6 : 6.075062e-02 / 6.325946e-01
PCG:  7 : 4.574506e-02 / 4.763421e-01
PCG:  8 : 3.304883e-02 / 3.441366e-01
PCG:  9 : 2.432614e-02 / 2.533075e-01
PCG: 10 : 3.416364e-02 / 3.557450e-01
PCG: 11 : 4.355458e-02 / 4.535327e-01
PCG: 12 : 2.775904e-02 / 2.890542e-01
PCG:  0 : 2.775904e-02
PCG:  1 : 1.877399e-02 / 6.763198e-01
PCG:  2 : 1.518564e-02 / 5.470520e-01
PCG:  3 : 8.652098e-03 / 3.116858e-01
PCG:  4 : 9.541131e-03 / 3.437126e-01
PCG:  5 : 1.370201e-02 / 4.936055e-01
PCG:  6 : 1.688861e-02 / 6.084006e-01
PCG:  7 : 1.207227e-02 / 4.348953e-01
PCG:  8 : 8.943675e-03 / 3.221897e-01
PCG:  9 : 1.177142e-02 / 4.240572e-01
PCG: 10 : 1.045141e-02 / 3.765046e-01
PCG: 11 : 1.139653e-02 / 4.105521e-01
PCG: 12 : 1.687509e-02 / 6.079135e-01
PCG:  0 : 1.687509e-02
PCG:  1 : 9.326054e-03 / 5.526519e-01
PCG:  2 : 8.455782e-03 / 5.010806e-01
PCG:  3 : 8.816469e-03 / 5.224545e-01
PCG:  4 : 6.520453e-03 / 3.863951e-01
PCG:  5 : 7.457036e-03 / 4.418960e-01
PCG:  6 : 9.950692e-03 / 5.896673e-01
PCG:  7 : 8.044023e-03 / 4.766802e-01
PCG:  8 : 5.601435e-03 / 3.319350e-01
PCG:  9 : 4.878411e-03 / 2.890894e-01
PCG: 10 : 7.168471e-03 / 4.247960e-01
PCG: 11 : 8.690989e-03 / 5.150187e-01
PCG: 12 : 1.044355e-02 / 6.188734e-01
PCG:  0 : 1.044355e-02
PCG:  1 : 7.295483e-03 / 6.985638e-01
PCG:  2 : 5.848083e-03 / 5.599710e-01
PCG:  3 : 3.561682e-03 / 3.410414e-01
PCG:  4 : 3.983675e-03 / 3.814485e-01
PCG:  5 : 5.224362e-03 / 5.002479e-01
PCG:  6 : 5.848420e-03 / 5.600033e-01
PCG:  7 : 3.993898e-03 / 3.824274e-01
PCG:  8 : 3.459299e-03 / 3.312380e-01
PCG:  9 : 4.442804e-03 / 4.254114e-01
PCG: 10 : 3.991094e-03 / 3.821589e-01
PCG: 11 : 4.478270e-03 / 4.288074e-01
PCG: 12 : 6.220038e-03 / 5.955868e-01
PCG:  0 : 6.220037e-03
PCG:  1 : 3.862651e-03 / 6.210012e-01
PCG:  2 : 3.377804e-03 / 5.430521e-01
PCG:  3 : 3.560104e-03 / 5.723606e-01
PCG:  4 : 2.710656e-03 / 4.357941e-01
PCG:  5 : 2.919388e-03 / 4.693522e-01
PCG:  6 : 3.737575e-03 / 6.008928e-01
PCG:  7 : 3.021816e-03 / 4.858195e-01
PCG:  8 : 2.506940e-03 / 4.030426e-01
PCG:  9 : 2.112656e-03 / 3.396533e-01
PCG: 10 : 3.078627e-03 / 4.949532e-01
PCG: 11 : 3.495666e-03 / 5.620008e-01
PCG: 12 : 3.631967e-03 / 5.839140e-01
PCG:  0 : 3.631967e-03
PCG:  1 : 2.833824e-03 / 7.802451e-01
PCG:  2 : 2.482141e-03 / 6.834152e-01
PCG:  3 : 1.646703e-03 / 4.533914e-01
PCG:  4 : 1.894932e-03 / 5.217371e-01
PCG:  5 : 2.122990e-03 / 5.845291e-01
PCG:  6 : 2.159558e-03 / 5.945975e-01
PCG:  7 : 1.536805e-03 / 4.231329e-01
PCG:  8 : 1.482661e-03 / 4.082253e-01
PCG:  9 : 1.795872e-03 / 4.944627e-01
PCG: 10 : 1.659677e-03 / 4.569636e-01
PCG: 11 : 1.810336e-03 / 4.984451e-01
PCG: 12 : 2.347540e-03 / 6.463550e-01
PCG:  0 : 2.347540e-03
PCG:  1 : 1.599783e-03 / 6.814722e-01
PCG:  2 : 1.432898e-03 / 6.103830e-01
PCG:  3 : 1.480947e-03 / 6.308505e-01
PCG:  4 : 1.155383e-03 / 4.921677e-01
PCG:  5 : 1.164826e-03 / 4.961901e-01
PCG:  6 : 1.413859e-03 / 6.022729e-01
PCG:  7 : 1.295392e-03 / 5.518083e-01
PCG:  8 : 1.221782e-03 / 5.204521e-01
PCG:  9 : 9.308298e-04 / 3.965129e-01
PCG: 10 : 1.266750e-03 / 5.396074e-01
PCG: 11 : 1.339373e-03 / 5.705435e-01
PCG: 12 : 1.406086e-03 / 5.989616e-01
PCG:  0 : 1.406086e-03
PCG:  1 : 1.179392e-03 / 8.387765e-01
PCG:  2 : 1.072150e-03 / 7.625071e-01
PCG:  3 : 7.123736e-04 / 5.066359e-01
PCG:  4 : 8.535389e-04 / 6.070319e-01
PCG:  5 : 8.813996e-04 / 6.268463e-01
PCG:  6 : 8.453124e-04 / 6.011812e-01
PCG:  7 : 6.579463e-04 / 4.679276e-01
PCG:  8 : 6.412692e-04 / 4.560669e-01
PCG:  9 : 7.442002e-04 / 5.292708e-01
PCG: 10 : 6.990676e-04 / 4.971728e-01
PCG: 11 : 7.385997e-04 / 5.252878e-01
PCG: 12 : 9.594880e-04 / 6.823823e-01
PCG:  0 : 9.594880e-04
PCG:  1 : 6.838232e-04 / 7.126959e-01
PCG:  2 : 6.145465e-04 / 6.404942e-01
PCG:  3 : 6.081208e-04 / 6.337972e-01
PCG:  4 : 4.913348e-04 / 5.120802e-01
PCG:  5 : 4.931338e-04 / 5.139552e-01
PCG:  6 : 5.765876e-04 / 6.009325e-01
PCG:  7 : 5.661564e-04 / 5.900609e-01
PCG:  8 : 5.362006e-04 / 5.588403e-01
PCG:  9 : 3.945309e-04 / 4.111890e-01
PCG: 10 : 5.366390e-04 / 5.592972e-01
PCG: 11 : 5.491995e-04 / 5.723881e-01
PCG: 12 : 5.862688e-04 / 6.110226e-01
PCG:  0 : 5.862688e-04
PCG:  1 : 5.056130e-04 / 8.624252e-01
PCG:  2 : 4.552793e-04 / 7.765709e-01
PCG:  3 : 3.020626e-04 / 5.152289e-01
PCG:  4 : 3.709369e-04 / 6.327080e-01
PCG:  5 : 3.752693e-04 / 6.400977e-01
PCG:  6 : 3.516389e-04 / 5.997912e-01
PCG:  7 : 2.848282e-04 / 4.858321e-01
PCG:  8 : 2.681325e-04 / 4.573542e-01
PCG:  9 : 3.091222e-04 / 5.272704e-01
PCG: 10 : 2.992201e-04 / 5.103804e-01
PCG: 11 : 3.134185e-04 / 5.345987e-01
PCG: 12 : 4.024584e-04 / 6.864743e-01
PCG:  0 : 4.024585e-04
PCG:  1 : 2.930834e-04 / 7.282327e-01
PCG:  2 : 2.609504e-04 / 6.483908e-01
PCG:  3 : 2.543223e-04 / 6.319219e-01
PCG:  4 : 2.071137e-04 / 5.146213e-01
PCG:  5 : 2.106609e-04 / 5.234351e-01
PCG:  6 : 2.429327e-04 / 6.036217e-01
PCG:  7 : 2.433453e-04 / 6.046470e-01
PCG:  8 : 2.286155e-04 / 5.680475e-01
PCG:  9 : 1.678744e-04 / 4.171222e-01
PCG: 10 : 2.279031e-04 / 5.662773e-01
PCG: 11 : 2.330675e-04 / 5.791095e-01
PCG: 12 : 2.481313e-04 / 6.165390e-01
PCG:  0 : 2.481313e-04
PCG:  1 : 2.164258e-04 / 8.722228e-01
PCG:  2 : 1.922315e-04 / 7.747167e-01
PCG:  3 : 1.294032e-04 / 5.215111e-01
PCG:  4 : 1.589403e-04 / 6.405492e-01
PCG:  5 : 1.597012e-04 / 6.436154e-01
PCG:  6 : 1.485740e-04 / 5.987717e-01
PCG:  7 : 1.223275e-04 / 4.929948e-01
PCG:  8 : 1.123829e-04 / 4.529170e-01
PCG:  9 : 1.304480e-04 / 5.257215e-01
PCG: 10 : 1.268437e-04 / 5.111958e-01
PCG: 11 : 1.336047e-04 / 5.384433e-01
PCG: 12 : 1.698599e-04 / 6.845563e-01
PCG:  0 : 1.698599e-04
PCG:  1 : 1.253702e-04 / 7.380803e-01
PCG:  2 : 1.103541e-04 / 6.496773e-01
PCG:  3 : 1.076471e-04 / 6.337403e-01
PCG:  4 : 8.711466e-05 / 5.128619e-01
PCG:  5 : 9.014826e-05 / 5.307214e-01
PCG:  6 : 1.029908e-04 / 6.063281e-01
PCG:  7 : 1.038304e-04 / 6.112711e-01
PCG:  8 : 9.743631e-05 / 5.736276e-01
PCG:  9 : 7.200587e-05 / 4.239134e-01
PCG: 10 : 9.619984e-05 / 5.663483e-01
PCG: 11 : 9.953929e-05 / 5.860083e-01
PCG: 12 : 1.053340e-04 / 6.201231e-01
PCG:  0 : 1.053340e-04
PCG:  1 : 9.265079e-05 / 8.795903e-01
PCG:  2 : 8.108634e-05 / 7.698020e-01
PCG:  3 : 5.569730e-05 / 5.287683e-01
PCG:  4 : 6.789244e-05 / 6.445442e-01
PCG:  5 : 6.808699e-05 / 6.463912e-01
PCG:  6 : 6.296944e-05 / 5.978072e-01
PCG:  7 : 5.242883e-05 / 4.977388e-01
PCG:  8 : 4.720362e-05 / 4.481327e-01
PCG:  9 : 5.534456e-05 / 5.254195e-01
PCG: 10 : 5.358671e-05 / 5.087312e-01
PCG: 11 : 5.709311e-05 / 5.420196e-01
PCG: 12 : 7.180095e-05 / 6.816501e-01
PCG:  0 : 7.180095e-05
PCG:  1 : 5.367898e-05 / 7.476082e-01
PCG:  2 : 4.658621e-05 / 6.488244e-01
PCG:  3 : 4.572289e-05 / 6.368006e-01
PCG:  4 : 3.668626e-05 / 5.109439e-01
PCG:  5 : 3.867088e-05 / 5.385845e-01
PCG:  6 : 4.368374e-05 / 6.084005e-01
PCG:  7 : 4.427103e-05 / 6.165799e-01
PCG:  8 : 4.163269e-05 / 5.798348e-01
PCG:  9 : 3.107674e-05 / 4.328179e-01
PCG: 10 : 4.055379e-05 / 5.648085e-01
PCG: 11 : 4.257766e-05 / 5.929958e-01
PCG: 12 : 4.476051e-05 / 6.233971e-01
PCG:  0 : 4.476051e-05
PCG:  1 : 3.972420e-05 / 8.874832e-01
PCG:  2 : 3.417827e-05 / 7.635809e-01
PCG:  3 : 2.402541e-05 / 5.367546e-01
PCG:  4 : 2.909412e-05 / 6.499952e-01
PCG:  5 : 2.911002e-05 / 6.503505e-01
PCG:  6 : 2.666419e-05 / 5.957079e-01
PCG:  7 : 2.247999e-05 / 5.022281e-01
PCG:  8 : 1.990279e-05 / 4.446506e-01
PCG:  9 : 2.358218e-05 / 5.268525e-01
PCG: 10 : 2.259884e-05 / 5.048835e-01
PCG: 11 : 2.443616e-05 / 5.459312e-01
PCG: 12 : 3.042069e-05 / 6.796324e-01
PCG:  0 : 3.042068e-05
PCG:  1 : 2.304543e-05 / 7.575579e-01
PCG:  2 : 1.964379e-05 / 6.457379e-01
PCG:  3 : 1.946357e-05 / 6.398137e-01
PCG:  4 : 1.553467e-05 / 5.106615e-01
PCG:  5 : 1.668300e-05 / 5.484098e-01
PCG:  6 : 1.851539e-05 / 6.086447e-01
PCG:  7 : 1.889133e-05 / 6.210030e-01
PCG:  8 : 1.795861e-05 / 5.903423e-01
PCG:  9 : 1.358190e-05 / 4.464693e-01
PCG: 10 : 1.711281e-05 / 5.625387e-01
PCG: 11 : 1.821422e-05 / 5.987447e-01
PCG: 12 : 1.910938e-05 / 6.281707e-01
PCG:  0 : 1.910937e-05
PCG:  1 : 1.709776e-05 / 8.947316e-01
PCG:  2 : 1.437996e-05 / 7.525080e-01
PCG:  3 : 1.041147e-05 / 5.448359e-01
PCG:  4 : 1.263556e-05 / 6.612231e-01
PCG:  5 : 1.251871e-05 / 6.551085e-01
PCG:  6 : 1.125705e-05 / 5.890852e-01
PCG:  7 : 9.651746e-06 / 5.050791e-01
PCG:  8 : 8.481467e-06 / 4.438380e-01
PCG:  9 : 1.012055e-05 / 5.296117e-01
PCG: 10 : 9.504130e-06 / 4.973543e-01
PCG: 11 : 1.048211e-05 / 5.485326e-01
PCG: 12 : 1.297708e-05 / 6.790951e-01
PCG:  0 : 1.297708e-05
PCG:  1 : 9.957957e-06 / 7.673494e-01
PCG:  2 : 8.263083e-06 / 6.367442e-01
PCG:  3 : 8.307073e-06 / 6.401340e-01
PCG:  4 : 6.686069e-06 / 5.152212e-01
PCG:  5 : 7.295213e-06 / 5.621612e-01
PCG:  6 : 7.834515e-06 / 6.037192e-01
PCG:  7 : 8.068782e-06 / 6.217716e-01
PCG:  8 : 7.954162e-06 / 6.129391e-01
PCG:  9 : 6.099619e-06 / 4.700300e-01
PCG: 10 : 7.227051e-06 / 5.569087e-01
PCG: 11 : 7.787364e-06 / 6.000858e-01
PCG: 12 : 8.269862e-06 / 6.372665e-01
PCG:  0 : 8.269862e-06
PCG:  1 : 7.423959e-06 / 8.977126e-01
PCG:  2 : 6.018119e-06 / 7.277170e-01
PCG:  3 : 4.564402e-06 / 5.519321e-01
PCG:  4 : 5.676281e-06 / 6.863817e-01
PCG:  5 : 5.445452e-06 / 6.584695e-01
PCG:  6 : 4.718327e-06 / 5.705448e-01
PCG:  7 : 4.162257e-06 / 5.033042e-01
PCG:  8 : 3.710839e-06 / 4.487184e-01
PCG:  9 : 4.400619e-06 / 5.321273e-01
PCG: 10 : 3.968109e-06 / 4.798278e-01
PCG: 11 : 4.519119e-06 / 5.464564e-01
PCG: 12 : 5.624214e-06 / 6.800857e-01
PCG:  0 : 5.624213e-06
PCG:  1 : 4.359420e-06 / 7.751164e-01
PCG:  2 : 3.455971e-06 / 6.144807e-01
PCG:  3 : 3.564985e-06 / 6.338638e-01
PCG:  4 : 2.978935e-06 / 5.296624e-01
PCG:  5 : 3.262689e-06 / 5.801148e-01
PCG:  6 : 3.296394e-06 / 5.861076e-01
PCG:  7 : 3.461089e-06 / 6.153908e-01
PCG:  8 : 3.692361e-06 / 6.565115e-01
PCG:  9 : 2.826580e-06 / 5.025734e-01
PCG: 10 : 3.032642e-06 / 5.392118e-01
PCG: 11 : 3.341191e-06 / 5.940725e-01
PCG: 12 : 3.664025e-06 / 6.514733e-01
PCG:  0 : 3.664025e-06
PCG:  1 : 3.266707e-06 / 8.915625e-01
PCG:  2 : 2.493317e-06 / 6.804860e-01
PCG:  3 : 2.048980e-06 / 5.592157e-01
PCG:  4 : 2.680466e-06 / 7.315633e-01
PCG:  5 : 2.397894e-06 / 6.544427e-01
PCG:  6 : 1.954357e-06 / 5.333908e-01
PCG:  7 : 1.824220e-06 / 4.978733e-01
PCG:  8 : 1.688386e-06 / 4.608009e-01
PCG:  9 : 1.927115e-06 / 5.259557e-01
PCG: 10 : 1.632804e-06 / 4.456311e-01
PCG: 11 : 1.974026e-06 / 5.387589e-01
PCG: 12 : 2.481823e-06 / 6.773489e-01
PCG:  0 : 2.481823e-06
PCG:  1 : 1.932704e-06 / 7.787436e-01
PCG:  2 : 1.432220e-06 / 5.770839e-01
PCG:  3 : 1.544294e-06 / 6.222419e-01
PCG:  4 : 1.371686e-06 / 5.526929e-01
PCG:  5 : 1.471021e-06 / 5.927179e-01
PCG:  6 : 1.370805e-06 / 5.523379e-01
PCG:  7 : 1.508724e-06 / 6.079096e-01
PCG:  8 : 1.761671e-06 / 7.098292e-01
PCG:  9 : 1.292007e-06 / 5.205877e-01
PCG: 10 : 1.250007e-06 / 5.036649e-01
PCG: 11 : 1.463709e-06 / 5.897718e-01
PCG: 12 : 1.641211e-06 / 6.612926e-01
PCG:  0 : 1.641211e-06
PCG:  1 : 1.443182e-06 / 8.793398e-01
PCG:  2 : 1.027594e-06 / 6.261192e-01
PCG:  3 : 9.386101e-07 / 5.719009e-01
PCG:  4 : 1.284383e-06 / 7.825823e-01
PCG:  5 : 1.050380e-06 / 6.400030e-01
PCG:  6 : 8.084596e-07 / 4.925994e-01
PCG:  7 : 8.228691e-07 / 5.013792e-01
PCG:  8 : 7.771181e-07 / 4.735028e-01
PCG:  9 : 8.271620e-07 / 5.039948e-01
PCG: 10 : 6.698078e-07 / 4.081180e-01
PCG: 11 : 8.773450e-07 / 5.345717e-01
PCG: 12 : 1.090703e-06 / 6.645721e-01
PCG:  0 : 1.090703e-06
PCG:  1 : 8.515303e-07 / 7.807167e-01
PCG:  2 : 5.929395e-07 / 5.436304e-01
PCG:  3 : 6.699250e-07 / 6.142138e-01
PCG:  4 : 6.226498e-07 / 5.708700e-01
PCG:  5 : 6.485849e-07 / 5.946484e-01
PCG:  6 : 5.688704e-07 / 5.215629e-01
PCG:  7 : 6.659382e-07 / 6.105585e-01
PCG:  8 : 8.138117e-07 / 7.461348e-01
PCG:  9 : 5.632597e-07 / 5.164188e-01
PCG: 10 : 5.154806e-07 / 4.726130e-01
PCG: 11 : 6.532674e-07 / 5.989414e-01
PCG: 12 : 7.217516e-07 / 6.617305e-01
PCG:  0 : 7.217516e-07
PCG:  1 : 6.296744e-07 / 8.724254e-01
PCG:  2 : 4.284302e-07 / 5.935978e-01
PCG:  3 : 4.237105e-07 / 5.870586e-01
PCG:  4 : 5.886158e-07 / 8.155380e-01
PCG:  5 : 4.532498e-07 / 6.279859e-01
PCG:  6 : 3.405527e-07 / 4.718420e-01
PCG:  7 : 3.710600e-07 / 5.141104e-01
PCG:  8 : 3.461513e-07 / 4.795989e-01
PCG:  9 : 3.494977e-07 / 4.842354e-01
PCG: 10 : 2.815458e-07 / 3.900868e-01
PCG: 11 : 3.881768e-07 / 5.378260e-01
PCG: 12 : 4.702669e-07 / 6.515633e-01
PCG:  0 : 4.702669e-07
PCG:  1 : 3.689604e-07 / 7.845767e-01
PCG:  2 : 2.482668e-07 / 5.279275e-01
PCG:  3 : 2.874409e-07 / 6.112293e-01
PCG:  4 : 2.716953e-07 / 5.777471e-01
PCG:  5 : 2.805179e-07 / 5.965078e-01
PCG:  6 : 2.390301e-07 / 5.082860e-01
PCG:  7 : 2.901767e-07 / 6.170468e-01
PCG:  8 : 3.585166e-07 / 7.623683e-01
PCG:  9 : 2.411112e-07 / 5.127114e-01
PCG: 10 : 2.157854e-07 / 4.588574e-01
PCG: 11 : 2.872108e-07 / 6.107399e-01
PCG: 12 : 3.110952e-07 / 6.615291e-01
PCG:  0 : 3.110952e-07
PCG:  1 : 2.714091e-07 / 8.724310e-01
PCG:  2 : 1.809631e-07 / 5.816967e-01
PCG:  3 : 1.859869e-07 / 5.978456e-01
PCG:  4 : 2.577555e-07 / 8.285421e-01
PCG:  5 : 1.943324e-07 / 6.246718e-01
PCG:  6 : 1.451312e-07 / 4.665171e-01
PCG:  7 : 1.628615e-07 / 5.235101e-01
PCG:  8 : 1.493542e-07 / 4.800918e-01
PCG:  9 : 1.483851e-07 / 4.769765e-01
PCG: 10 : 1.199235e-07 / 3.854880e-01
PCG: 11 : 1.685515e-07 / 5.418004e-01
PCG: 12 : 2.008690e-07 / 6.456833e-01
PCG:  0 : 2.008690e-07
PCG:  1 : 1.584820e-07 / 7.889819e-01
PCG:  2 : 1.048667e-07 / 5.220652e-01
PCG:  3 : 1.226338e-07 / 6.105163e-01
PCG:  4 : 1.161663e-07 / 5.783190e-01
PCG:  5 : 1.205176e-07 / 5.999811e-01
PCG:  6 : 1.013773e-07 / 5.046939e-01
PCG:  7 : 1.248880e-07 / 6.217387e-01
PCG:  8 : 1.542002e-07 / 7.676657e-01
PCG:  9 : 1.031628e-07 / 5.135828e-01
PCG: 10 : 9.110347e-08 / 4.535467e-01
PCG: 11 : 1.241303e-07 / 6.179667e-01
PCG: 12 : 1.330062e-07 / 6.621539e-01
PCG:  0 : 1.330062e-07
PCG:  1 : 1.163974e-07 / 8.751276e-01
PCG:  2 : 7.683005e-08 / 5.776427e-01
PCG:  3 : 8.040715e-08 / 6.045369e-01
PCG:  4 : 1.107022e-07 / 8.323084e-01
PCG:  5 : 8.320443e-08 / 6.255682e-01
PCG:  6 : 6.196787e-08 / 4.659022e-01
PCG:  7 : 7.032848e-08 / 5.287610e-01
PCG:  8 : 6.368575e-08 / 4.788179e-01
PCG:  9 : 6.327637e-08 / 4.757400e-01
PCG: 10 : 5.108416e-08 / 3.840736e-01
PCG: 11 : 7.249514e-08 / 5.450509e-01
PCG: 12 : 8.566953e-08 / 6.441019e-01

PCG ( VCycle ( S: Scale / C: Scale )  )

Complete solver TOE: 40.187
0.0129557 GFlop/s [0.0129557 GFlops/s]

Total time: 40.187s
Accumulated op time: 33.4772

Reductions: 79.767%
Blas-1: 1.99876%
Blas-2: 1.53769%
Precon Kernels: 0%
MPI Execution: 0%
MPI Wait: 0%
Not covered: 16.6966%

Domain size: 106.835 MByte
LA size: 355.578 MByte
MPI size: 10.6866 MByte

H0-Error: 5.132160e-07
H1-Error: 2.017209e-03

Writing DATA to output.data...
Run-Time: 0:51.825 [0:51.825]
0xb33769f8 Error: MemoryPool<CUDA> still contains memory chunks on deconstructor call
