NUM-PROCS: 1
Preparing domain...
LVL-MIN: 2 [2]
LVL-MAX: 4 [4]
Creating gates...
Assembling system matrices...
Assembling system filters...
Assembling transfer matrices...
Converting assembled linear system from SparseMatrixCSR, Mem:main to SparseMatrixELL, Mem:cudaand to SparseMatrixELL, Mem:cuda...
PCG: 0 : 5.972902e-01
PCG: 1 : 2.426059e-01 / 4.061775e-01
PCG: 0 : 3.304295e-01
PCG: 1 : 9.095936e-02 / 2.752762e-01
PCG: 0 : 9.095933e-02
PCG: 1 : 1.272304e-02 / 1.398761e-01
PCG: 0 : 1.272304e-02
PCG: 1 : 7.190340e-03 / 5.651433e-01
PCG: 0 : 7.190339e-03
PCG: 1 : 2.964035e-03 / 4.122247e-01
PCG: 0 : 2.964035e-03
PCG: 1 : 1.753690e-03 / 5.916563e-01
PCG: 0 : 1.753690e-03
PCG: 1 : 7.495445e-04 / 4.274099e-01
PCG: 0 : 7.495444e-04
PCG: 1 : 4.461563e-04 / 5.952366e-01
PCG: 0 : 4.461562e-04
PCG: 1 : 1.914354e-04 / 4.290770e-01
PCG: 0 : 1.914353e-04
PCG: 1 : 1.141146e-04 / 5.961000e-01
PCG: 0 : 1.141146e-04
PCG: 1 : 4.905514e-05 / 4.298761e-01
PCG: 0 : 4.905513e-05
PCG: 1 : 2.927033e-05 / 5.966824e-01
PCG: 0 : 2.927033e-05
PCG: 1 : 1.260275e-05 / 4.305639e-01
PCG: 0 : 1.260275e-05
PCG: 1 : 7.526190e-06 / 5.971865e-01
PCG: 0 : 7.526190e-06
PCG: 1 : 3.245377e-06 / 4.312112e-01
PCG: 0 : 3.245377e-06
PCG: 1 : 1.939569e-06 / 5.976407e-01
PCG: 0 : 1.939569e-06
PCG: 1 : 8.375607e-07 / 4.318282e-01
PCG: 0 : 8.375608e-07
PCG: 1 : 5.009075e-07 / 5.980551e-01
PCG: 0 : 5.009075e-07
PCG: 1 : 2.166011e-07 / 4.324174e-01
PCG: 0 : 2.166011e-07
PCG: 1 : 1.296219e-07 / 5.984358e-01
PCG: 0 : 1.296219e-07
PCG: 1 : 5.612346e-08 / 4.329784e-01
PCG: 0 : 5.612345e-08
PCG: 1 : 3.360588e-08 / 5.987849e-01
PCG: 0 : 3.360588e-08
PCG: 1 : 1.456847e-08 / 4.335097e-01
PCG: 0 : 1.456847e-08
PCG: 1 : 8.728018e-09 / 5.991032e-01
PCG: 0 : 8.728017e-09
PCG: 1 : 3.788037e-09 / 4.340089e-01
PCG: 0 : 3.788037e-09
PCG: 1 : 2.270514e-09 / 5.993907e-01

PCG ( VCycle ( S: Scale / C: Scale )  )

Complete solver TOE: 0.013576
0.0949316 GFlop/s [0.0949316 GFlops/s]

Total time: 0.013576s
Accumulated op time: 0.007994

Reductions: 48.4384%
Blas-1: 5.3845%
Blas-2: 5.0604%
Precon Kernels: 0%
MPI Execution: 0%
MPI Wait: 0%
Not covered: 41.1167%

Domain size: 0.0523529 MByte
LA size: 0.12664 MByte
MPI size: 0.00305939 MByte

H0-Error: 1.753315e-03
H1-Error: 1.289155e-01

Writing DATA to output.data...
Run-Time: 0:00.049 [0:00.049]
0x31d198e880 Error: MemoryPool<CUDA> still contains memory chunks on deconstructor call
