NUM-PROCS: 1
Preparing domain...
LVL-MIN: 5 [5]
LVL-MAX: 11 [11]
Creating gates...
Assembling system matrices...
Assembling system filters...
Assembling transfer matrices...
Converting assembled linear system from SparseMatrixCSR, Mem:main to SparseMatrixCSR, Mem:mainand to SparseMatrixCSR, Mem:main...
PCG:  0 : 4.717541e-03
PCG:  1 : 2.041025e-02 / 4.326459e+00
PCG:  2 : 2.394751e-02 / 5.076269e+00
PCG:  3 : 6.825845e-02 / 1.446907e+01
PCG:  4 : 1.343753e-01 / 2.848417e+01
PCG:  5 : 1.471276e-01 / 3.118735e+01
PCG:  6 : 1.586999e-01 / 3.364039e+01
PCG:  7 : 9.512258e-02 / 2.016359e+01
PCG:  8 : 5.675947e-02 / 1.203158e+01
PCG:  9 : 4.996630e-02 / 1.059160e+01
PCG: 10 : 3.928877e-02 / 8.328231e+00
PCG: 11 : 3.020007e-02 / 6.401654e+00
PCG: 12 : 1.352054e-02 / 2.866014e+00
PCG: 13 : 4.854314e-03 / 1.028992e+00
PCG: 14 : 3.156944e-03 / 6.691926e-01
PCG: 15 : 6.258878e-03 / 1.326725e+00
PCG: 16 : 1.518077e-02 / 3.217941e+00
PCG: 17 : 6.111179e-03 / 1.295416e+00
PCG:  0 : 6.109075e-03
PCG:  1 : 5.538321e-03 / 9.065728e-01
PCG:  2 : 6.682978e-03 / 1.093943e+00
PCG:  3 : 2.889825e-03 / 4.730380e-01
PCG:  4 : 1.749763e-03 / 2.864204e-01
PCG:  5 : 2.640952e-03 / 4.322999e-01
PCG:  6 : 3.307605e-03 / 5.414249e-01
PCG:  7 : 5.014240e-03 / 8.207855e-01
PCG:  8 : 3.876155e-03 / 6.344914e-01
PCG:  9 : 2.110380e-03 / 3.454500e-01
PCG: 10 : 1.631601e-03 / 2.670783e-01
PCG: 11 : 1.244344e-03 / 2.036878e-01
PCG: 12 : 6.809653e-04 / 1.114678e-01
PCG: 13 : 3.184883e-04 / 5.213365e-02
PCG: 14 : 9.702239e-05 / 1.588168e-02
PCG: 15 : 2.949103e-05 / 4.827414e-03
PCG: 16 : 1.683961e-05 / 2.756491e-03
PCG: 17 : 1.714030e-05 / 2.805711e-03
PCG:  0 : 1.732143e-05
PCG:  1 : 1.719277e-05 / 9.925722e-01
PCG:  2 : 1.303581e-05 / 7.525827e-01
PCG:  3 : 9.298759e-06 / 5.368357e-01
PCG:  4 : 1.096390e-05 / 6.329673e-01
PCG:  5 : 1.089486e-05 / 6.289815e-01
PCG:  6 : 1.475545e-05 / 8.518611e-01
PCG:  7 : 6.766717e-06 / 3.906559e-01
PCG:  8 : 6.706918e-06 / 3.872036e-01
PCG:  9 : 6.495956e-06 / 3.750243e-01
PCG: 10 : 9.163198e-06 / 5.290095e-01
PCG: 11 : 8.078528e-06 / 4.663893e-01
PCG: 12 : 5.675172e-06 / 3.276388e-01
PCG: 13 : 2.739403e-06 / 1.581511e-01
PCG: 14 : 2.014155e-06 / 1.162811e-01
PCG: 15 : 1.029846e-06 / 5.945506e-02
PCG: 16 : 1.134998e-06 / 6.552567e-02
PCG: 17 : 1.292394e-06 / 7.461245e-02
PCG:  0 : 1.292410e-06
PCG:  1 : 6.735683e-07 / 5.211723e-01
PCG:  2 : 5.947795e-07 / 4.602096e-01
PCG:  3 : 5.382639e-07 / 4.164807e-01
PCG:  4 : 4.877440e-07 / 3.773910e-01
PCG:  5 : 6.094365e-07 / 4.715505e-01
PCG:  6 : 4.574163e-07 / 3.539250e-01
PCG:  7 : 2.242685e-07 / 1.735274e-01
PCG:  8 : 9.724018e-08 / 7.523942e-02
PCG:  9 : 7.587867e-08 / 5.871098e-02
PCG: 10 : 7.898749e-08 / 6.111643e-02
PCG: 11 : 7.681923e-08 / 5.943875e-02
PCG: 12 : 6.264882e-08 / 4.847442e-02
PCG: 13 : 5.336972e-08 / 4.129472e-02
PCG: 14 : 4.874600e-08 / 3.771713e-02
PCG: 15 : 5.203356e-08 / 4.026087e-02
PCG: 16 : 5.471465e-08 / 4.233536e-02
PCG: 17 : 4.714683e-08 / 3.647977e-02
PCG:  0 : 4.714740e-08
PCG:  1 : 4.163009e-08 / 8.829775e-01
PCG:  2 : 2.932650e-08 / 6.220174e-01
PCG:  3 : 2.625199e-08 / 5.568068e-01
PCG:  4 : 2.419095e-08 / 5.130919e-01
PCG:  5 : 2.486948e-08 / 5.274837e-01
PCG:  6 : 2.257836e-08 / 4.788888e-01
PCG:  7 : 2.088276e-08 / 4.429249e-01
PCG:  8 : 1.446034e-08 / 3.067049e-01
PCG:  9 : 1.577848e-08 / 3.346628e-01
PCG: 10 : 2.003540e-08 / 4.249524e-01
PCG: 11 : 2.087958e-08 / 4.428576e-01
PCG: 12 : 1.365439e-08 / 2.896107e-01
PCG: 13 : 7.096454e-09 / 1.505163e-01
PCG: 14 : 5.555419e-09 / 1.178309e-01
PCG: 15 : 4.774099e-09 / 1.012590e-01
PCG: 16 : 4.074673e-09 / 8.642415e-02
PCG: 17 : 3.083088e-09 / 6.539253e-02
PCG:  0 : 3.083130e-09
PCG:  1 : 1.934518e-09 / 6.274529e-01
PCG:  2 : 1.982987e-09 / 6.431735e-01
PCG:  3 : 1.636153e-09 / 5.306793e-01
PCG:  4 : 1.343847e-09 / 4.358710e-01
PCG:  5 : 1.494543e-09 / 4.847488e-01
PCG:  6 : 1.101820e-09 / 3.573706e-01
PCG:  7 : 9.215373e-10 / 2.988967e-01
PCG:  8 : 6.632677e-10 / 2.151280e-01
PCG:  9 : 4.512319e-10 / 1.463552e-01
PCG: 10 : 2.789739e-10 / 9.048400e-02
PCG: 11 : 2.472371e-10 / 8.019029e-02
PCG: 12 : 2.042963e-10 / 6.626263e-02
PCG: 13 : 1.779529e-10 / 5.771827e-02
PCG: 14 : 1.587802e-10 / 5.149969e-02
PCG: 15 : 1.520456e-10 / 4.931536e-02
PCG: 16 : 1.864487e-10 / 6.047386e-02
PCG: 17 : 2.316005e-10 / 7.511864e-02
PCG:  0 : 2.316006e-10
PCG:  1 : 1.410999e-10 / 6.092382e-01
PCG:  2 : 8.887821e-11 / 3.837565e-01
PCG:  3 : 8.931932e-11 / 3.856611e-01
PCG:  4 : 8.148880e-11 / 3.518506e-01
PCG:  5 : 9.533517e-11 / 4.116362e-01
PCG:  6 : 8.874013e-11 / 3.831602e-01
PCG:  7 : 8.787193e-11 / 3.794115e-01
PCG:  8 : 7.819444e-11 / 3.376263e-01
PCG:  9 : 6.828813e-11 / 2.948530e-01
PCG: 10 : 5.738230e-11 / 2.477641e-01
PCG: 11 : 5.546613e-11 / 2.394905e-01
PCG: 12 : 4.857444e-11 / 2.097337e-01
PCG: 13 : 2.662220e-11 / 1.149488e-01
PCG: 14 : 2.182484e-11 / 9.423482e-02
PCG: 15 : 1.750976e-11 / 7.560327e-02
PCG: 16 : 1.406113e-11 / 6.071286e-02
PCG: 17 : 1.482112e-11 / 6.399433e-02

PCG ( VCycle ( S: Scale / C: Scale )  )

Complete solver TOE: 35.753
2.00461 GFlop/s [2.00461 GFlops/s]

Total time: 35.753s
Accumulated op time: 34.6819

Reductions: 5.80996%
Blas-1: 6.6603%
Blas-2: 84.534%
Precon Kernels: 0%
MPI Execution: 0%
MPI Wait: 0%
Not covered: 2.99574%

Domain size: 768.822 MByte
LA size: 1931.82 MByte
MPI size: 42.7262 MByte

H0-Error: 1.073022e-07
H1-Error: 1.008605e-03

Writing DATA to output.data...
Run-Time: 0:44.912 [0:44.912]
0x31d198e880 Error: MemoryPool<CPU> still contains memory chunks on deconstructor call
