NUM-PROCS: 1
Preparing domain...
LVL-MIN: 1 [1]
LVL-MAX: 6 [6]
Creating gates...
Assembling system matrices...
Assembling system filters...
Assembling transfer matrices...
Converting assembled linear system from SparseMatrixCSR, Mem:main to SparseMatrixCSR, Mem:mainand to SparseMatrixCSR, Mem:main...
PCG: 0 : 1.512630e-01
PCG: 1 : 4.492692e-02 / 2.970119e-01
PCG: 2 : 1.275278e-02 / 8.430867e-02
PCG: 3 : 1.881617e-03 / 1.243937e-02
PCG: 4 : 1.632495e-04 / 1.079242e-03
PCG: 0 : 1.256240e-02
PCG: 1 : 9.816985e-04 / 7.814576e-02
PCG: 2 : 1.833750e-04 / 1.459713e-02
PCG: 3 : 2.782777e-05 / 2.215163e-03
PCG: 4 : 2.848161e-06 / 2.267210e-04
PCG: 0 : 2.849014e-06
PCG: 1 : 3.898251e-07 / 1.368281e-01
PCG: 2 : 3.608562e-08 / 1.266600e-02
PCG: 3 : 6.243555e-09 / 2.191479e-03
PCG: 4 : 4.768211e-10 / 1.673636e-04

PCG ( VCycle ( S: Scale / C: Scale )  )

Complete solver TOE: 0.009705
0.787011 GFlop/s [0.787011 GFlops/s]

Total time: 0.009705s
Accumulated op time: 0.008382

Reductions: 1.67955%
Blas-1: 5.22411%
Blas-2: 79.4642%
Precon Kernels: 0%
MPI Execution: 0%
MPI Wait: 0%
Not covered: 13.6321%

Domain size: 0.434235 MByte
LA size: 1.44326 MByte
MPI size: 0.0436707 MByte

H0-Error: 1.098306e-04
H1-Error: 3.227246e-02

Writing DATA to output.data...
Run-Time: 0:00.062 [0:00.062]
0xb33d89f8 Error: MemoryPool<CPU> still contains memory chunks on deconstructor call
