NUM-PROCS: 1
Preparing domain...
LVL-MIN: 6 [6]
LVL-MAX: 8 [8]
Creating gates...
Assembling system matrices...
Assembling system filters...
Assembling transfer matrices...
Converting assembled linear system from SparseMatrixCSR, Mem:main to SparseMatrixCSR, Mem:mainand to SparseMatrixCSR, Mem:main...
PCG: 0 : 3.788143e-02
PCG: 1 : 3.009731e-01 / 7.945136e+00
PCG: 2 : 2.267144e-01 / 5.984843e+00
PCG: 3 : 3.539035e-01 / 9.342400e+00
PCG: 4 : 2.763123e-01 / 7.294136e+00
PCG: 5 : 1.737480e-01 / 4.586628e+00
PCG: 6 : 2.259797e-01 / 5.965448e+00
PCG: 0 : 2.255610e-01
PCG: 1 : 1.755029e-01 / 7.780730e-01
PCG: 2 : 1.336757e-01 / 5.926367e-01
PCG: 3 : 1.073489e-01 / 4.759195e-01
PCG: 4 : 9.740579e-02 / 4.318380e-01
PCG: 5 : 1.666304e-01 / 7.387377e-01
PCG: 6 : 2.254204e-01 / 9.993770e-01
PCG: 0 : 2.254204e-01
PCG: 1 : 9.350318e-02 / 4.147946e-01
PCG: 2 : 5.919255e-02 / 2.625873e-01
PCG: 3 : 6.116915e-02 / 2.713558e-01
PCG: 4 : 6.710065e-02 / 2.976689e-01
PCG: 5 : 6.922283e-02 / 3.070832e-01
PCG: 6 : 7.928061e-02 / 3.517011e-01
PCG: 0 : 7.928060e-02
PCG: 1 : 5.115730e-02 / 6.452688e-01
PCG: 2 : 4.955724e-02 / 6.250866e-01
PCG: 3 : 4.380427e-02 / 5.525219e-01
PCG: 4 : 3.837443e-02 / 4.840330e-01
PCG: 5 : 5.482278e-02 / 6.915032e-01
PCG: 6 : 1.034453e-01 / 1.304799e+00
PCG: 0 : 1.034453e-01
PCG: 1 : 4.641273e-02 / 4.486694e-01
PCG: 2 : 3.160419e-02 / 3.055161e-01
PCG: 3 : 3.545754e-02 / 3.427662e-01
PCG: 4 : 3.810681e-02 / 3.683766e-01
PCG: 5 : 3.747286e-02 / 3.622482e-01
PCG: 6 : 4.923245e-02 / 4.759275e-01
PCG: 0 : 4.923244e-02
PCG: 1 : 3.368086e-02 / 6.841192e-01
PCG: 2 : 3.354022e-02 / 6.812625e-01
PCG: 3 : 3.081953e-02 / 6.260005e-01
PCG: 4 : 2.612326e-02 / 5.306107e-01
PCG: 5 : 3.816705e-02 / 7.752419e-01
PCG: 6 : 7.461630e-02 / 1.515592e+00
PCG: 0 : 7.461631e-02
PCG: 1 : 3.486234e-02 / 4.672215e-01
PCG: 2 : 2.347299e-02 / 3.145826e-01
PCG: 3 : 2.697917e-02 / 3.615721e-01
PCG: 4 : 2.853766e-02 / 3.824587e-01
PCG: 5 : 2.842075e-02 / 3.808919e-01
PCG: 6 : 3.631479e-02 / 4.866870e-01
PCG: 0 : 3.631479e-02
PCG: 1 : 2.609825e-02 / 7.186671e-01
PCG: 2 : 2.595925e-02 / 7.148395e-01
PCG: 3 : 2.437410e-02 / 6.711892e-01
PCG: 4 : 2.035697e-02 / 5.605696e-01
PCG: 5 : 2.958585e-02 / 8.147051e-01
PCG: 6 : 5.579977e-02 / 1.536558e+00
PCG: 0 : 5.579977e-02
PCG: 1 : 2.727541e-02 / 4.888087e-01
PCG: 2 : 1.856051e-02 / 3.326270e-01
PCG: 3 : 2.168909e-02 / 3.886949e-01
PCG: 4 : 2.255511e-02 / 4.042152e-01
PCG: 5 : 2.218505e-02 / 3.975832e-01
PCG: 6 : 2.710505e-02 / 4.857557e-01
PCG: 0 : 2.710505e-02
PCG: 1 : 2.050442e-02 / 7.564797e-01
PCG: 2 : 2.066896e-02 / 7.625503e-01
PCG: 3 : 1.965623e-02 / 7.251872e-01
PCG: 4 : 1.624534e-02 / 5.993476e-01
PCG: 5 : 2.316744e-02 / 8.547278e-01
PCG: 6 : 4.186188e-02 / 1.544431e+00
PCG: 0 : 4.186188e-02
PCG: 1 : 2.145516e-02 / 5.125225e-01
PCG: 2 : 1.486706e-02 / 3.551455e-01
PCG: 3 : 1.749578e-02 / 4.179406e-01
PCG: 4 : 1.799782e-02 / 4.299335e-01
PCG: 5 : 1.738200e-02 / 4.152227e-01
PCG: 6 : 2.032398e-02 / 4.855009e-01
PCG: 0 : 2.032398e-02
PCG: 1 : 1.618887e-02 / 7.965402e-01
PCG: 2 : 1.658561e-02 / 8.160613e-01
PCG: 3 : 1.584270e-02 / 7.795078e-01
PCG: 4 : 1.300971e-02 / 6.401163e-01
PCG: 5 : 1.817441e-02 / 8.942350e-01
PCG: 6 : 3.159912e-02 / 1.554770e+00
PCG: 0 : 3.159911e-02
PCG: 1 : 1.696121e-02 / 5.367623e-01
PCG: 2 : 1.194529e-02 / 3.780262e-01
PCG: 3 : 1.406678e-02 / 4.451638e-01
PCG: 4 : 1.437651e-02 / 4.549656e-01
PCG: 5 : 1.365592e-02 / 4.321614e-01
PCG: 6 : 1.537386e-02 / 4.865282e-01
PCG: 0 : 1.537386e-02
PCG: 1 : 1.284995e-02 / 8.358312e-01
PCG: 2 : 1.332126e-02 / 8.664871e-01
PCG: 3 : 1.271680e-02 / 8.271703e-01
PCG: 4 : 1.040906e-02 / 6.770620e-01
PCG: 5 : 1.430156e-02 / 9.302515e-01
PCG: 6 : 2.408811e-02 / 1.566822e+00
PCG: 0 : 2.408811e-02
PCG: 1 : 1.347221e-02 / 5.592890e-01
PCG: 2 : 9.581318e-03 / 3.977613e-01
PCG: 3 : 1.126259e-02 / 4.675580e-01
PCG: 4 : 1.146800e-02 / 4.760854e-01
PCG: 5 : 1.076789e-02 / 4.470208e-01
PCG: 6 : 1.175776e-02 / 4.881146e-01
PCG: 0 : 1.175776e-02
PCG: 1 : 1.024045e-02 / 8.709529e-01
PCG: 2 : 1.067317e-02 / 9.077555e-01
PCG: 3 : 1.016961e-02 / 8.649278e-01
PCG: 4 : 8.312081e-03 / 7.069445e-01
PCG: 5 : 1.129949e-02 / 9.610245e-01
PCG: 6 : 1.855947e-02 / 1.578488e+00
PCG: 0 : 1.855948e-02
PCG: 1 : 1.073472e-02 / 5.783955e-01
PCG: 2 : 7.660700e-03 / 4.127648e-01
PCG: 3 : 8.993640e-03 / 4.845847e-01
PCG: 4 : 9.132653e-03 / 4.920748e-01
PCG: 5 : 8.524553e-03 / 4.593099e-01
PCG: 6 : 9.088554e-03 / 4.896988e-01
PCG: 0 : 9.088553e-03
PCG: 1 : 8.178115e-03 / 8.998259e-01
PCG: 2 : 8.521911e-03 / 9.376532e-01
PCG: 3 : 8.114325e-03 / 8.928072e-01
PCG: 4 : 6.626106e-03 / 7.290606e-01
PCG: 5 : 8.961931e-03 / 9.860680e-01
PCG: 6 : 1.442347e-02 / 1.586993e+00
PCG: 0 : 1.442347e-02
PCG: 1 : 8.565727e-03 / 5.938744e-01
PCG: 2 : 6.108162e-03 / 4.234878e-01
PCG: 3 : 7.172124e-03 / 4.972539e-01
PCG: 4 : 7.260174e-03 / 5.033585e-01
PCG: 5 : 6.769911e-03 / 4.693679e-01
PCG: 6 : 7.086547e-03 / 4.913207e-01
PCG: 0 : 7.086548e-03
PCG: 1 : 6.536127e-03 / 9.223287e-01
PCG: 2 : 6.783566e-03 / 9.572454e-01
PCG: 3 : 6.467675e-03 / 9.126692e-01
PCG: 4 : 5.279226e-03 / 7.449644e-01
PCG: 5 : 7.131325e-03 / 1.006319e+00
PCG: 6 : 1.126823e-02 / 1.590088e+00
PCG: 0 : 1.126823e-02
PCG: 1 : 6.841816e-03 / 6.071773e-01
PCG: 2 : 4.867077e-03 / 4.319290e-01
PCG: 3 : 5.717593e-03 / 5.074081e-01
PCG: 4 : 5.762353e-03 / 5.113803e-01
PCG: 5 : 5.390242e-03 / 4.783573e-01
PCG: 6 : 5.563195e-03 / 4.937060e-01
PCG: 0 : 5.563193e-03
PCG: 1 : 5.228763e-03 / 9.398853e-01
PCG: 2 : 5.384723e-03 / 9.679193e-01
PCG: 3 : 5.151210e-03 / 9.259449e-01
PCG: 4 : 4.215606e-03 / 7.577674e-01
PCG: 5 : 5.695629e-03 / 1.023806e+00
PCG: 6 : 8.800487e-03 / 1.581913e+00
PCG: 0 : 8.800487e-03
PCG: 1 : 5.476300e-03 / 6.222723e-01
PCG: 2 : 3.889655e-03 / 4.419818e-01
PCG: 3 : 4.558618e-03 / 5.179961e-01
PCG: 4 : 4.563474e-03 / 5.185478e-01
PCG: 5 : 4.304403e-03 / 4.891096e-01
PCG: 6 : 4.394000e-03 / 4.992905e-01
PCG: 0 : 4.394000e-03
PCG: 1 : 4.196154e-03 / 9.549736e-01
PCG: 2 : 4.258244e-03 / 9.691043e-01
PCG: 3 : 4.098041e-03 / 9.326448e-01
PCG: 4 : 3.392838e-03 / 7.721525e-01
PCG: 5 : 4.576410e-03 / 1.041513e+00
PCG: 6 : 6.810945e-03 / 1.550056e+00
PCG: 0 : 6.810944e-03
PCG: 1 : 4.405681e-03 / 6.468532e-01
PCG: 2 : 3.134757e-03 / 4.602529e-01
PCG: 3 : 3.633000e-03 / 5.334063e-01
PCG: 4 : 3.599531e-03 / 5.284922e-01
PCG: 5 : 3.454156e-03 / 5.071479e-01
PCG: 6 : 3.490650e-03 / 5.125060e-01
PCG: 0 : 3.490651e-03
PCG: 1 : 3.386310e-03 / 9.701086e-01
PCG: 2 : 3.346788e-03 / 9.587863e-01
PCG: 3 : 3.254355e-03 / 9.323060e-01
PCG: 4 : 2.762232e-03 / 7.913231e-01
PCG: 5 : 3.699155e-03 / 1.059732e+00
PCG: 6 : 5.199779e-03 / 1.489630e+00
PCG: 0 : 5.199781e-03
PCG: 1 : 3.564232e-03 / 6.854581e-01
PCG: 2 : 2.549987e-03 / 4.904027e-01
PCG: 3 : 2.882822e-03 / 5.544121e-01
PCG: 4 : 2.824011e-03 / 5.431019e-01
PCG: 5 : 2.787050e-03 / 5.359936e-01
PCG: 6 : 2.779119e-03 / 5.344685e-01
PCG: 0 : 2.779118e-03
PCG: 1 : 2.736145e-03 / 9.845370e-01
PCG: 2 : 2.620725e-03 / 9.430060e-01
PCG: 3 : 2.579174e-03 / 9.280546e-01
PCG: 4 : 2.247075e-03 / 8.085567e-01
PCG: 5 : 2.985103e-03 / 1.074119e+00
PCG: 6 : 3.984173e-03 / 1.433610e+00
PCG: 0 : 3.984174e-03
PCG: 1 : 2.876097e-03 / 7.218804e-01
PCG: 2 : 2.068232e-03 / 5.191119e-01
PCG: 3 : 2.277184e-03 / 5.715574e-01
PCG: 4 : 2.213970e-03 / 5.556912e-01
PCG: 5 : 2.247797e-03 / 5.641815e-01
PCG: 6 : 2.209253e-03 / 5.545072e-01
PCG: 0 : 2.209253e-03
PCG: 1 : 2.196881e-03 / 9.943997e-01
PCG: 2 : 2.063291e-03 / 9.339312e-01
PCG: 3 : 2.044957e-03 / 9.256328e-01
PCG: 4 : 1.803477e-03 / 8.163286e-01
PCG: 5 : 2.393747e-03 / 1.083510e+00
PCG: 6 : 3.113689e-03 / 1.409385e+00
PCG: 0 : 3.113689e-03
PCG: 1 : 2.304080e-03 / 7.399841e-01
PCG: 2 : 1.658976e-03 / 5.328007e-01
PCG: 3 : 1.804129e-03 / 5.794184e-01
PCG: 4 : 1.747108e-03 / 5.611054e-01
PCG: 5 : 1.801551e-03 / 5.785906e-01
PCG: 6 : 1.756229e-03 / 5.640347e-01
PCG: 0 : 1.756228e-03
PCG: 1 : 1.754482e-03 / 9.990056e-01
PCG: 2 : 1.635280e-03 / 9.311316e-01
PCG: 3 : 1.625991e-03 / 9.258427e-01
PCG: 4 : 1.436950e-03 / 8.182023e-01
PCG: 5 : 1.911214e-03 / 1.088249e+00
PCG: 6 : 2.464624e-03 / 1.403362e+00
PCG: 0 : 2.464624e-03
PCG: 1 : 1.838579e-03 / 7.459876e-01
PCG: 2 : 1.322352e-03 / 5.365328e-01
PCG: 3 : 1.434741e-03 / 5.821337e-01
PCG: 4 : 1.386212e-03 / 5.624437e-01
PCG: 5 : 1.437554e-03 / 5.832751e-01
PCG: 6 : 1.396928e-03 / 5.667915e-01
PCG: 0 : 1.396928e-03
PCG: 1 : 1.398217e-03 / 1.000923e+00
PCG: 2 : 1.299707e-03 / 9.304039e-01
PCG: 3 : 1.295030e-03 / 9.270555e-01
PCG: 4 : 1.143043e-03 / 8.182548e-01
PCG: 5 : 1.523467e-03 / 1.090584e+00
PCG: 6 : 1.959566e-03 / 1.402768e+00
PCG: 0 : 1.959566e-03
PCG: 1 : 1.465392e-03 / 7.478145e-01
PCG: 2 : 1.052039e-03 / 5.368731e-01
PCG: 3 : 1.142632e-03 / 5.831047e-01
PCG: 4 : 1.102129e-03 / 5.624350e-01
PCG: 5 : 1.145337e-03 / 5.844851e-01
PCG: 6 : 1.111562e-03 / 5.672489e-01
PCG: 0 : 1.111562e-03
PCG: 1 : 1.113601e-03 / 1.001834e+00
PCG: 2 : 1.033904e-03 / 9.301361e-01
PCG: 3 : 1.031923e-03 / 9.283538e-01
PCG: 4 : 9.090606e-04 / 8.178226e-01
PCG: 5 : 1.213904e-03 / 1.092070e+00
PCG: 6 : 1.560027e-03 / 1.403455e+00
PCG: 0 : 1.560028e-03
PCG: 1 : 1.167516e-03 / 7.483941e-01
PCG: 2 : 8.366094e-04 / 5.362785e-01
PCG: 3 : 9.103232e-04 / 5.835302e-01
PCG: 4 : 8.768421e-04 / 5.620683e-01
PCG: 5 : 9.121936e-04 / 5.847291e-01
PCG: 6 : 8.846585e-04 / 5.670787e-01
PCG: 0 : 8.846584e-04
PCG: 1 : 8.868000e-04 / 1.002421e+00
PCG: 2 : 8.227199e-04 / 9.299860e-01
PCG: 3 : 8.223274e-04 / 9.295422e-01
PCG: 4 : 7.229644e-04 / 8.172244e-01
PCG: 5 : 9.670209e-04 / 1.093101e+00
PCG: 6 : 1.242384e-03 / 1.404366e+00
PCG: 0 : 1.242385e-03
PCG: 1 : 9.300842e-04 / 7.486283e-01
PCG: 2 : 6.653470e-04 / 5.355403e-01
PCG: 3 : 7.253334e-04 / 5.838236e-01
PCG: 4 : 6.978011e-04 / 5.616627e-01
PCG: 5 : 7.264464e-04 / 5.847194e-01
PCG: 6 : 7.042367e-04 / 5.668427e-01
PCG: 0 : 7.042364e-04
PCG: 1 : 7.061552e-04 / 1.002725e+00
PCG: 2 : 6.547543e-04 / 9.297366e-01
PCG: 3 : 6.552849e-04 / 9.304899e-01
PCG: 4 : 5.750367e-04 / 8.165393e-01
PCG: 5 : 7.703261e-04 / 1.093846e+00
PCG: 6 : 9.895602e-04 / 1.405153e+00
PCG: 0 : 9.895599e-04
PCG: 1 : 7.408891e-04 / 7.487056e-01
PCG: 2 : 5.291837e-04 / 5.347667e-01
PCG: 3 : 5.778980e-04 / 5.839949e-01
PCG: 4 : 5.553649e-04 / 5.612242e-01
PCG: 5 : 5.784970e-04 / 5.846002e-01
PCG: 6 : 5.606746e-04 / 5.665898e-01
PCG: 0 : 5.606746e-04
PCG: 1 : 5.623480e-04 / 1.002985e+00
PCG: 2 : 5.211827e-04 / 9.295636e-01
PCG: 3 : 5.221916e-04 / 9.313631e-01
PCG: 4 : 4.574682e-04 / 8.159246e-01
PCG: 5 : 6.136526e-04 / 1.094490e+00
PCG: 6 : 7.882678e-04 / 1.405928e+00
PCG: 0 : 7.882682e-04
PCG: 1 : 5.901557e-04 / 7.486738e-01
PCG: 2 : 4.209414e-04 / 5.340079e-01
PCG: 3 : 4.604256e-04 / 5.840977e-01
PCG: 4 : 4.420401e-04 / 5.607737e-01
PCG: 5 : 4.606802e-04 / 5.844206e-01
PCG: 6 : 4.464076e-04 / 5.663145e-01
PCG: 0 : 4.464077e-04
PCG: 1 : 4.477828e-04 / 1.003080e+00
PCG: 2 : 4.148493e-04 / 9.293060e-01
PCG: 3 : 4.160889e-04 / 9.320828e-01
PCG: 4 : 3.639570e-04 / 8.153018e-01
PCG: 5 : 4.888169e-04 / 1.095001e+00
PCG: 6 : 6.279548e-04 / 1.406685e+00
PCG: 0 : 6.279546e-04
PCG: 1 : 4.701306e-04 / 7.486698e-01
PCG: 2 : 3.349113e-04 / 5.333368e-01
PCG: 3 : 3.668513e-04 / 5.842004e-01
PCG: 4 : 3.518905e-04 / 5.603757e-01
PCG: 5 : 3.668877e-04 / 5.842583e-01
PCG: 6 : 3.554894e-04 / 5.661069e-01
PCG: 0 : 3.554896e-04
PCG: 1 : 3.565811e-04 / 1.003070e+00
PCG: 2 : 3.302403e-04 / 9.289730e-01
PCG: 3 : 3.315253e-04 / 9.325877e-01
PCG: 4 : 2.896049e-04 / 8.146648e-01
PCG: 5 : 3.893951e-04 / 1.095377e+00
PCG: 6 : 5.002332e-04 / 1.407167e+00
PCG: 0 : 5.002331e-04
PCG: 1 : 3.744846e-04 / 7.486202e-01
PCG: 2 : 2.664818e-04 / 5.327151e-01
PCG: 3 : 2.922513e-04 / 5.842302e-01
PCG: 4 : 2.801009e-04 / 5.599407e-01
PCG: 5 : 2.921473e-04 / 5.840223e-01
PCG: 6 : 2.830820e-04 / 5.659001e-01
PCG: 0 : 2.830821e-04
PCG: 1 : 2.839429e-04 / 1.003041e+00
PCG: 2 : 2.628921e-04 / 9.286777e-01
PCG: 3 : 2.641454e-04 / 9.331053e-01
PCG: 4 : 2.304746e-04 / 8.141614e-01
PCG: 5 : 3.102061e-04 / 1.095817e+00
PCG: 6 : 3.985153e-04 / 1.407773e+00
PCG: 0 : 3.985155e-04
PCG: 1 : 2.983168e-04 / 7.485701e-01
PCG: 2 : 2.120606e-04 / 5.321264e-01
PCG: 3 : 2.328202e-04 / 5.842187e-01
PCG: 4 : 2.229827e-04 / 5.595334e-01
PCG: 5 : 2.326487e-04 / 5.837883e-01
PCG: 6 : 2.254473e-04 / 5.657178e-01
PCG: 0 : 2.254473e-04
PCG: 1 : 2.261144e-04 / 1.002959e+00
PCG: 2 : 2.093009e-04 / 9.283806e-01
PCG: 3 : 2.104659e-04 / 9.335480e-01
PCG: 4 : 1.834440e-04 / 8.136888e-01
PCG: 5 : 2.471206e-04 / 1.096135e+00
PCG: 6 : 3.174864e-04 / 1.408251e+00
PCG: 0 : 3.174864e-04
PCG: 1 : 2.376216e-04 / 7.484465e-01
PCG: 2 : 1.687589e-04 / 5.315468e-01
PCG: 3 : 1.854818e-04 / 5.842196e-01
PCG: 4 : 1.775364e-04 / 5.591938e-01
PCG: 5 : 1.852789e-04 / 5.835805e-01
PCG: 6 : 1.795432e-04 / 5.655145e-01
PCG: 0 : 1.795432e-04
PCG: 1 : 1.800712e-04 / 1.002941e+00
PCG: 2 : 1.666496e-04 / 9.281865e-01
PCG: 3 : 1.676818e-04 / 9.339355e-01
PCG: 4 : 1.459956e-04 / 8.131502e-01
PCG: 5 : 1.968333e-04 / 1.096300e+00
PCG: 6 : 2.529496e-04 / 1.408851e+00
PCG: 0 : 2.529495e-04
PCG: 1 : 1.892676e-04 / 7.482423e-01
PCG: 2 : 1.343128e-04 / 5.309865e-01
PCG: 3 : 1.477658e-04 / 5.841711e-01
PCG: 4 : 1.413560e-04 / 5.588310e-01
PCG: 5 : 1.475587e-04 / 5.833524e-01
PCG: 6 : 1.429947e-04 / 5.653092e-01
PCG: 0 : 1.429947e-04
PCG: 1 : 1.434052e-04 / 1.002871e+00
PCG: 2 : 1.326929e-04 / 9.279574e-01
PCG: 3 : 1.335904e-04 / 9.342332e-01
PCG: 4 : 1.162077e-04 / 8.126717e-01
PCG: 5 : 1.567743e-04 / 1.096365e+00
PCG: 6 : 2.015151e-04 / 1.409249e+00
PCG: 0 : 2.015151e-04
PCG: 1 : 1.507457e-04 / 7.480615e-01
PCG: 2 : 1.069042e-04 / 5.305020e-01
PCG: 3 : 1.177198e-04 / 5.841737e-01
PCG: 4 : 1.125548e-04 / 5.585425e-01
PCG: 5 : 1.175289e-04 / 5.832261e-01
PCG: 6 : 1.139004e-04 / 5.652203e-01
PCG: 0 : 1.139004e-04
PCG: 1 : 1.142129e-04 / 1.002743e+00
PCG: 2 : 1.056606e-04 / 9.276573e-01
PCG: 3 : 1.064318e-04 / 9.344288e-01
PCG: 4 : 9.250466e-05 / 8.121538e-01
PCG: 5 : 1.248678e-04 / 1.096289e+00
PCG: 6 : 1.605372e-04 / 1.409452e+00
PCG: 0 : 1.605372e-04
PCG: 1 : 1.200655e-04 / 7.478984e-01
PCG: 2 : 8.509594e-05 / 5.300699e-01
PCG: 3 : 9.377734e-05 / 5.841471e-01
PCG: 4 : 8.962643e-05 / 5.582907e-01
PCG: 5 : 9.359797e-05 / 5.830297e-01
PCG: 6 : 9.072211e-05 / 5.651158e-01
PCG: 0 : 9.072210e-05
PCG: 1 : 9.095827e-05 / 1.002603e+00
PCG: 2 : 8.413803e-05 / 9.274259e-01
PCG: 3 : 8.479357e-05 / 9.346517e-01
PCG: 4 : 7.363999e-05 / 8.117095e-01
PCG: 5 : 9.947029e-05 / 1.096428e+00
PCG: 6 : 1.279065e-04 / 1.409872e+00
PCG: 0 : 1.279065e-04
PCG: 1 : 9.563619e-05 / 7.477036e-01
PCG: 2 : 6.773965e-05 / 5.296027e-01
PCG: 3 : 7.470718e-05 / 5.840763e-01
PCG: 4 : 7.137513e-05 / 5.580256e-01
PCG: 5 : 7.454512e-05 / 5.828093e-01
PCG: 6 : 7.226258e-05 / 5.649639e-01
PCG: 0 : 7.226256e-05
PCG: 1 : 7.243906e-05 / 1.002442e+00
PCG: 2 : 6.700329e-05 / 9.272199e-01
PCG: 3 : 6.755133e-05 / 9.348040e-01
PCG: 4 : 5.862243e-05 / 8.112420e-01
PCG: 5 : 7.922396e-05 / 1.096335e+00
PCG: 6 : 1.019013e-04 / 1.410154e+00
PCG: 0 : 1.019013e-04
PCG: 1 : 7.617589e-05 / 7.475456e-01
PCG: 2 : 5.392700e-05 / 5.292079e-01
PCG: 3 : 5.951476e-05 / 5.840430e-01
PCG: 4 : 5.683929e-05 / 5.577874e-01
PCG: 5 : 5.937164e-05 / 5.826385e-01
PCG: 6 : 5.756172e-05 / 5.648770e-01
PCG: 0 : 5.756171e-05
PCG: 1 : 5.769336e-05 / 1.002287e+00
PCG: 2 : 5.336007e-05 / 9.270062e-01
PCG: 3 : 5.382105e-05 / 9.350148e-01
PCG: 4 : 4.667529e-05 / 8.108739e-01
PCG: 5 : 6.311097e-05 / 1.096405e+00
PCG: 6 : 8.119345e-05 / 1.410546e+00
PCG: 0 : 8.119345e-05
PCG: 1 : 6.067897e-05 / 7.473382e-01
PCG: 2 : 4.293364e-05 / 5.287821e-01
PCG: 3 : 4.741076e-05 / 5.839235e-01
PCG: 4 : 4.526356e-05 / 5.574780e-01
PCG: 5 : 4.728297e-05 / 5.823496e-01
PCG: 6 : 4.584523e-05 / 5.646420e-01
PCG: 0 : 4.584521e-05
PCG: 1 : 4.594715e-05 / 1.002224e+00
PCG: 2 : 4.249706e-05 / 9.269685e-01
PCG: 3 : 4.287625e-05 / 9.352395e-01
PCG: 4 : 3.716302e-05 / 8.106195e-01
PCG: 5 : 5.027169e-05 / 1.096553e+00
PCG: 6 : 6.469301e-05 / 1.411118e+00
PCG: 0 : 6.469304e-05
PCG: 1 : 4.833437e-05 / 7.471340e-01
PCG: 2 : 3.418259e-05 / 5.283812e-01
PCG: 3 : 3.776869e-05 / 5.838138e-01
PCG: 4 : 3.604890e-05 / 5.572299e-01
PCG: 5 : 3.765828e-05 / 5.821071e-01
PCG: 6 : 3.651724e-05 / 5.644693e-01
PCG: 0 : 3.651725e-05
PCG: 1 : 3.659271e-05 / 1.002067e+00
PCG: 2 : 3.384382e-05 / 9.267901e-01
PCG: 3 : 3.415787e-05 / 9.353900e-01
PCG: 4 : 2.959006e-05 / 8.103038e-01
PCG: 5 : 4.004388e-05 / 1.096575e+00
PCG: 6 : 5.154398e-05 / 1.411497e+00
PCG: 0 : 5.154399e-05
PCG: 1 : 3.849865e-05 / 7.469085e-01
PCG: 2 : 2.721619e-05 / 5.280188e-01
PCG: 3 : 3.008577e-05 / 5.836911e-01
PCG: 4 : 2.870880e-05 / 5.569766e-01
PCG: 5 : 2.999087e-05 / 5.818501e-01
PCG: 6 : 2.908681e-05 / 5.643104e-01
PCG: 0 : 2.908681e-05
PCG: 1 : 2.914326e-05 / 1.001941e+00
PCG: 2 : 2.695376e-05 / 9.266662e-01
PCG: 3 : 2.721036e-05 / 9.354880e-01
PCG: 4 : 2.355934e-05 / 8.099664e-01
PCG: 5 : 3.189638e-05 / 1.096592e+00
PCG: 6 : 4.106733e-05 / 1.411888e+00
PCG: 0 : 4.106732e-05
PCG: 1 : 3.066496e-05 / 7.466998e-01
PCG: 2 : 2.166915e-05 / 5.276495e-01
PCG: 3 : 2.396661e-05 / 5.835934e-01
PCG: 4 : 2.286443e-05 / 5.567549e-01
PCG: 5 : 2.388791e-05 / 5.816768e-01
PCG: 6 : 2.316938e-05 / 5.641804e-01
PCG: 0 : 2.316938e-05
PCG: 1 : 2.321281e-05 / 1.001874e+00
PCG: 2 : 2.146715e-05 / 9.265311e-01
PCG: 3 : 2.167716e-05 / 9.355952e-01
PCG: 4 : 1.876034e-05 / 8.097038e-01
PCG: 5 : 2.540745e-05 / 1.096596e+00
PCG: 6 : 3.272145e-05 / 1.412271e+00
PCG: 0 : 3.272147e-05
PCG: 1 : 2.442635e-05 / 7.464930e-01
PCG: 2 : 1.725478e-05 / 5.273228e-01
PCG: 3 : 1.909216e-05 / 5.834751e-01
PCG: 4 : 1.820916e-05 / 5.564897e-01
PCG: 5 : 1.902500e-05 / 5.814227e-01
PCG: 6 : 1.845545e-05 / 5.640166e-01
PCG: 0 : 1.845545e-05
PCG: 1 : 1.848720e-05 / 1.001720e+00
PCG: 2 : 1.709644e-05 / 9.263629e-01
PCG: 3 : 1.726866e-05 / 9.356947e-01
PCG: 4 : 1.493889e-05 / 8.094567e-01
PCG: 5 : 2.023842e-05 / 1.096610e+00
PCG: 6 : 2.607011e-05 / 1.412597e+00
PCG: 0 : 2.607012e-05
PCG: 1 : 1.945763e-05 / 7.463576e-01
PCG: 2 : 1.374027e-05 / 5.270507e-01
PCG: 3 : 1.520942e-05 / 5.834042e-01
PCG: 4 : 1.450282e-05 / 5.563005e-01
PCG: 5 : 1.515424e-05 / 5.812877e-01
PCG: 6 : 1.470245e-05 / 5.639581e-01
PCG: 0 : 1.470245e-05
PCG: 1 : 1.472395e-05 / 1.001462e+00
PCG: 2 : 1.361551e-05 / 9.260705e-01
PCG: 3 : 1.375597e-05 / 9.356239e-01
PCG: 4 : 1.189569e-05 / 8.090953e-01
PCG: 5 : 1.611995e-05 / 1.096412e+00
PCG: 6 : 2.076912e-05 / 1.412629e+00
PCG: 0 : 2.076910e-05
PCG: 1 : 1.549824e-05 / 7.462161e-01
PCG: 2 : 1.094118e-05 / 5.268008e-01
PCG: 3 : 1.211569e-05 / 5.833516e-01
PCG: 4 : 1.155089e-05 / 5.561575e-01
PCG: 5 : 1.206998e-05 / 5.811507e-01
PCG: 6 : 1.171245e-05 / 5.639361e-01
PCG: 0 : 1.171245e-05
PCG: 1 : 1.172798e-05 / 1.001327e+00
PCG: 2 : 1.084539e-05 / 9.259710e-01
PCG: 3 : 1.095888e-05 / 9.356614e-01
PCG: 4 : 9.473373e-06 / 8.088296e-01
PCG: 5 : 1.284098e-05 / 1.096353e+00
PCG: 6 : 1.654811e-05 / 1.412865e+00
PCG: 0 : 1.654810e-05
PCG: 1 : 1.234523e-05 / 7.460210e-01
PCG: 2 : 8.712236e-06 / 5.264794e-01
PCG: 3 : 9.651156e-06 / 5.832182e-01
PCG: 4 : 9.199945e-06 / 5.559517e-01
PCG: 5 : 9.614019e-06 / 5.809741e-01
PCG: 6 : 9.330614e-06 / 5.638480e-01
PCG: 0 : 9.330620e-06
PCG: 1 : 9.341213e-06 / 1.001135e+00
PCG: 2 : 8.637448e-06 / 9.257100e-01
PCG: 3 : 8.729601e-06 / 9.355864e-01
PCG: 4 : 7.543427e-06 / 8.084594e-01
PCG: 5 : 1.022812e-05 / 1.096189e+00
PCG: 6 : 1.318371e-05 / 1.412951e+00
PCG: 0 : 1.318370e-05
PCG: 1 : 9.833057e-06 / 7.458494e-01
PCG: 2 : 6.937832e-06 / 5.262430e-01
PCG: 3 : 7.687968e-06 / 5.831417e-01
PCG: 4 : 7.327383e-06 / 5.557910e-01
PCG: 5 : 7.657765e-06 / 5.808508e-01
PCG: 6 : 7.432962e-06 / 5.637993e-01
PCG: 0 : 7.432961e-06
PCG: 1 : 7.440518e-06 / 1.001017e+00
PCG: 2 : 6.879605e-06 / 9.255537e-01
PCG: 3 : 6.954153e-06 / 9.355831e-01
PCG: 4 : 6.007303e-06 / 8.081979e-01
PCG: 5 : 8.146812e-06 / 1.096038e+00
PCG: 6 : 1.050335e-05 / 1.413078e+00
PCG: 0 : 1.050336e-05
PCG: 1 : 7.832166e-06 / 7.456822e-01
PCG: 2 : 5.524804e-06 / 5.260037e-01
PCG: 3 : 6.124244e-06 / 5.830749e-01
PCG: 4 : 5.836356e-06 / 5.556658e-01
PCG: 5 : 6.099855e-06 / 5.807529e-01
PCG: 6 : 5.921846e-06 / 5.638051e-01
PCG: 0 : 5.921845e-06
PCG: 1 : 5.926937e-06 / 1.000860e+00
PCG: 2 : 5.479797e-06 / 9.253531e-01
PCG: 3 : 5.540002e-06 / 9.355197e-01
PCG: 4 : 4.784325e-06 / 8.079113e-01
PCG: 5 : 6.489944e-06 / 1.095933e+00
PCG: 6 : 8.368835e-06 / 1.413214e+00
PCG: 0 : 8.368833e-06
PCG: 1 : 6.239256e-06 / 7.455348e-01
PCG: 2 : 4.400016e-06 / 5.257622e-01
PCG: 3 : 4.878671e-06 / 5.829571e-01
PCG: 4 : 4.648640e-06 / 5.554705e-01
PCG: 5 : 4.858573e-06 / 5.805556e-01
PCG: 6 : 4.717244e-06 / 5.636681e-01
PCG: 0 : 4.717247e-06
PCG: 1 : 4.720626e-06 / 1.000716e+00
PCG: 2 : 4.364420e-06 / 9.252049e-01
PCG: 3 : 4.413043e-06 / 9.355125e-01
PCG: 4 : 3.810271e-06 / 8.077320e-01
PCG: 5 : 5.169804e-06 / 1.095937e+00
PCG: 6 : 6.667786e-06 / 1.413491e+00
PCG: 0 : 6.667788e-06
PCG: 1 : 4.970234e-06 / 7.454098e-01
PCG: 2 : 3.504210e-06 / 5.255431e-01
PCG: 3 : 3.886362e-06 / 5.828562e-01
PCG: 4 : 3.702487e-06 / 5.552796e-01
PCG: 5 : 3.870014e-06 / 5.804045e-01
PCG: 6 : 3.758154e-06 / 5.636282e-01
PCG: 0 : 3.758154e-06
PCG: 1 : 3.759956e-06 / 1.000480e+00
PCG: 2 : 3.476050e-06 / 9.249356e-01
PCG: 3 : 3.515376e-06 / 9.353997e-01
PCG: 4 : 3.034597e-06 / 8.074701e-01
PCG: 5 : 4.118227e-06 / 1.095811e+00
PCG: 6 : 5.312337e-06 / 1.413550e+00
PCG: 0 : 5.312337e-06
PCG: 1 : 3.959067e-06 / 7.452591e-01
PCG: 2 : 2.790797e-06 / 5.253426e-01
PCG: 3 : 3.095734e-06 / 5.827443e-01
PCG: 4 : 2.948768e-06 / 5.550792e-01
PCG: 5 : 3.082353e-06 / 5.802255e-01
PCG: 6 : 2.993909e-06 / 5.635768e-01
PCG: 0 : 2.993907e-06
PCG: 1 : 2.994891e-06 / 1.000329e+00
PCG: 2 : 2.768607e-06 / 9.247473e-01
PCG: 3 : 2.800436e-06 / 9.353784e-01
PCG: 4 : 2.416886e-06 / 8.072683e-01
PCG: 5 : 3.280531e-06 / 1.095736e+00
PCG: 6 : 4.232546e-06 / 1.413720e+00
PCG: 0 : 4.232546e-06
PCG: 1 : 3.153761e-06 / 7.451215e-01
PCG: 2 : 2.222700e-06 / 5.251450e-01
PCG: 3 : 2.466108e-06 / 5.826535e-01
PCG: 4 : 2.348805e-06 / 5.549390e-01
PCG: 5 : 2.455344e-06 / 5.801105e-01
PCG: 6 : 2.385361e-06 / 5.635760e-01
PCG: 0 : 2.385361e-06
PCG: 1 : 2.385510e-06 / 1.000062e+00
PCG: 2 : 2.205074e-06 / 9.244192e-01
PCG: 3 : 2.230801e-06 / 9.352047e-01
PCG: 4 : 1.924925e-06 / 8.069742e-01
PCG: 5 : 2.613232e-06 / 1.095529e+00
PCG: 6 : 3.372016e-06 / 1.413629e+00
PCG: 0 : 3.372018e-06
PCG: 1 : 2.512161e-06 / 7.450023e-01
PCG: 2 : 1.770107e-06 / 5.249400e-01
PCG: 3 : 1.964364e-06 / 5.825486e-01
PCG: 4 : 1.870718e-06 / 5.547770e-01
PCG: 5 : 1.955729e-06 / 5.799879e-01
PCG: 6 : 1.900374e-06 / 5.635718e-01
PCG: 0 : 1.900374e-06
PCG: 1 : 1.900158e-06 / 9.998860e-01
PCG: 2 : 1.756376e-06 / 9.242263e-01
PCG: 3 : 1.777048e-06 / 9.351044e-01
PCG: 4 : 1.533085e-06 / 8.067278e-01
PCG: 5 : 2.081688e-06 / 1.095410e+00
PCG: 6 : 2.686588e-06 / 1.413715e+00
PCG: 0 : 2.686588e-06
PCG: 1 : 2.001022e-06 / 7.448190e-01
PCG: 2 : 1.409688e-06 / 5.247130e-01
PCG: 3 : 1.564734e-06 / 5.824244e-01
PCG: 4 : 1.490015e-06 / 5.546122e-01
PCG: 5 : 1.557803e-06 / 5.798443e-01
PCG: 6 : 1.513925e-06 / 5.635122e-01
PCG: 0 : 1.513925e-06
PCG: 1 : 1.513542e-06 / 9.997468e-01
PCG: 2 : 1.398937e-06 / 9.240467e-01
PCG: 3 : 1.415581e-06 / 9.350402e-01
PCG: 4 : 1.220956e-06 / 8.064836e-01
PCG: 5 : 1.658168e-06 / 1.095278e+00
PCG: 6 : 2.140574e-06 / 1.413923e+00
PCG: 0 : 2.140574e-06
PCG: 1 : 1.594078e-06 / 7.446966e-01
PCG: 2 : 1.122823e-06 / 5.245429e-01
PCG: 3 : 1.246574e-06 / 5.823550e-01
PCG: 4 : 1.186928e-06 / 5.544903e-01
PCG: 5 : 1.240956e-06 / 5.797302e-01
PCG: 6 : 1.206202e-06 / 5.634946e-01
PCG: 0 : 1.206202e-06
PCG: 1 : 1.205627e-06 / 9.995231e-01
PCG: 2 : 1.114281e-06 / 9.237926e-01
PCG: 3 : 1.127658e-06 / 9.348828e-01
PCG: 4 : 9.724429e-07 / 8.062023e-01
PCG: 5 : 1.320886e-06 / 1.095079e+00
PCG: 6 : 1.705454e-06 / 1.413904e+00
PCG: 0 : 1.705454e-06
PCG: 1 : 1.269759e-06 / 7.445285e-01
PCG: 2 : 8.941923e-07 / 5.243133e-01
PCG: 3 : 9.929827e-07 / 5.822394e-01
PCG: 4 : 9.453742e-07 / 5.543240e-01
PCG: 5 : 9.884662e-07 / 5.795912e-01
PCG: 6 : 9.609785e-07 / 5.634736e-01
PCG: 0 : 9.609784e-07
PCG: 1 : 9.603510e-07 / 9.993472e-01
PCG: 2 : 8.875626e-07 / 9.236031e-01
PCG: 3 : 8.982894e-07 / 9.347655e-01
PCG: 4 : 7.744973e-07 / 8.059467e-01
PCG: 5 : 1.052209e-06 / 1.094936e+00
PCG: 6 : 1.358918e-06 / 1.414098e+00
PCG: 0 : 1.358918e-06
PCG: 1 : 1.011525e-06 / 7.443610e-01
PCG: 2 : 7.121945e-07 / 5.240896e-01
PCG: 3 : 7.910042e-07 / 5.820841e-01
PCG: 4 : 7.530290e-07 / 5.541389e-01
PCG: 5 : 7.873846e-07 / 5.794204e-01
PCG: 6 : 7.655812e-07 / 5.633758e-01
PCG: 0 : 7.655811e-07
PCG: 1 : 7.649300e-07 / 9.991496e-01
PCG: 2 : 7.069337e-07 / 9.233950e-01
PCG: 3 : 7.155822e-07 / 9.346915e-01
PCG: 4 : 6.168218e-07 / 8.056909e-01
PCG: 5 : 8.381809e-07 / 1.094830e+00
PCG: 6 : 1.082689e-06 / 1.414206e+00
PCG: 0 : 1.082689e-06
PCG: 1 : 8.057222e-07 / 7.441859e-01
PCG: 2 : 5.671777e-07 / 5.238600e-01
PCG: 3 : 6.300875e-07 / 5.819651e-01
PCG: 4 : 5.997901e-07 / 5.539817e-01
PCG: 5 : 6.271705e-07 / 5.792709e-01
PCG: 6 : 6.099289e-07 / 5.633461e-01
PCG: 0 : 6.099291e-07
PCG: 1 : 6.093423e-07 / 9.990379e-01
PCG: 2 : 5.631301e-07 / 9.232714e-01
PCG: 3 : 5.700691e-07 / 9.346481e-01
PCG: 4 : 4.913120e-07 / 8.055230e-01
PCG: 5 : 6.677500e-07 / 1.094799e+00
PCG: 6 : 8.627551e-07 / 1.414517e+00
PCG: 0 : 8.627555e-07
PCG: 1 : 6.418772e-07 / 7.439851e-01
PCG: 2 : 4.517414e-07 / 5.236031e-01
PCG: 3 : 5.019411e-07 / 5.817884e-01
PCG: 4 : 4.777744e-07 / 5.537773e-01
PCG: 5 : 4.996027e-07 / 5.790780e-01
PCG: 6 : 4.859215e-07 / 5.632204e-01
PCG: 0 : 4.859215e-07
PCG: 1 : 4.853462e-07 / 9.988160e-01
PCG: 2 : 4.485206e-07 / 9.230309e-01
PCG: 3 : 4.540796e-07 / 9.344711e-01
PCG: 4 : 3.912829e-07 / 8.052388e-01
PCG: 5 : 5.318898e-07 / 1.094600e+00
PCG: 6 : 6.873850e-07 / 1.414601e+00
PCG: 0 : 6.873848e-07
PCG: 1 : 5.113098e-07 / 7.438480e-01
PCG: 2 : 3.597788e-07 / 5.234023e-01
PCG: 3 : 3.998263e-07 / 5.816629e-01
PCG: 4 : 3.805479e-07 / 5.536170e-01
PCG: 5 : 3.979681e-07 / 5.789596e-01
PCG: 6 : 3.871478e-07 / 5.632185e-01
PCG: 0 : 3.871480e-07
PCG: 1 : 3.865994e-07 / 9.985831e-01
PCG: 2 : 3.572410e-07 / 9.227507e-01
PCG: 3 : 3.617129e-07 / 9.343015e-01
PCG: 4 : 3.116406e-07 / 8.049651e-01
PCG: 5 : 4.237100e-07 / 1.094440e+00
PCG: 6 : 5.476630e-07 / 1.414609e+00
PCG: 0 : 5.476632e-07
PCG: 1 : 4.073298e-07 / 7.437596e-01
PCG: 2 : 2.865710e-07 / 5.232613e-01
PCG: 3 : 3.185021e-07 / 5.815656e-01
PCG: 4 : 3.031134e-07 / 5.534668e-01
PCG: 5 : 3.170153e-07 / 5.788508e-01
PCG: 6 : 3.084720e-07 / 5.632513e-01
PCG: 0 : 3.084720e-07
PCG: 1 : 3.079574e-07 / 9.983317e-01
PCG: 2 : 2.845404e-07 / 9.224188e-01
PCG: 3 : 2.881305e-07 / 9.340573e-01
PCG: 4 : 2.482178e-07 / 8.046688e-01
PCG: 5 : 3.375322e-07 / 1.094207e+00
PCG: 6 : 4.363186e-07 / 1.414451e+00
PCG: 0 : 4.363185e-07
PCG: 1 : 3.244574e-07 / 7.436250e-01
PCG: 2 : 2.282228e-07 / 5.230646e-01
PCG: 3 : 2.536995e-07 / 5.814549e-01
PCG: 4 : 2.414368e-07 / 5.533498e-01
PCG: 5 : 2.525248e-07 / 5.787625e-01
PCG: 6 : 2.457747e-07 / 5.632918e-01
PCG: 0 : 2.457746e-07
PCG: 1 : 2.453172e-07 / 9.981390e-01
PCG: 2 : 2.266578e-07 / 9.222182e-01
PCG: 3 : 2.295337e-07 / 9.339194e-01
PCG: 4 : 1.976970e-07 / 8.043833e-01
PCG: 5 : 2.688777e-07 / 1.094001e+00
PCG: 6 : 3.476409e-07 / 1.414471e+00
PCG: 0 : 3.476409e-07
PCG: 1 : 2.584520e-07 / 7.434452e-01
PCG: 2 : 1.817672e-07 / 5.228590e-01
PCG: 3 : 2.020934e-07 / 5.813279e-01
PCG: 4 : 1.923103e-07 / 5.531865e-01
PCG: 5 : 2.011593e-07 / 5.786409e-01
PCG: 6 : 1.958218e-07 / 5.632876e-01
PCG: 0 : 1.958219e-07
PCG: 1 : 1.954172e-07 / 9.979337e-01
PCG: 2 : 1.805351e-07 / 9.219356e-01
PCG: 3 : 1.828429e-07 / 9.337204e-01
PCG: 4 : 1.574596e-07 / 8.040959e-01
PCG: 5 : 2.141942e-07 / 1.093822e+00
PCG: 6 : 2.769929e-07 / 1.414515e+00
PCG: 0 : 2.769929e-07
PCG: 1 : 2.058933e-07 / 7.433161e-01
PCG: 2 : 1.447733e-07 / 5.226609e-01
PCG: 3 : 1.609866e-07 / 5.811940e-01
PCG: 4 : 1.531798e-07 / 5.530099e-01
PCG: 5 : 1.602425e-07 / 5.785074e-01
PCG: 6 : 1.560186e-07 / 5.632586e-01
PCG: 0 : 1.560187e-07
PCG: 1 : 1.556661e-07 / 9.977403e-01
PCG: 2 : 1.437992e-07 / 9.216796e-01
PCG: 3 : 1.456586e-07 / 9.335970e-01
PCG: 4 : 1.254219e-07 / 8.038903e-01
PCG: 5 : 1.706400e-07 / 1.093715e+00
PCG: 6 : 2.207154e-07 / 1.414673e+00
PCG: 0 : 2.207153e-07
PCG: 1 : 1.640257e-07 / 7.431551e-01
PCG: 2 : 1.153135e-07 / 5.224534e-01
PCG: 3 : 1.282402e-07 / 5.810207e-01
PCG: 4 : 1.220124e-07 / 5.528043e-01
PCG: 5 : 1.276450e-07 / 5.783242e-01
PCG: 6 : 1.243029e-07 / 5.631821e-01
PCG: 0 : 1.243029e-07
PCG: 1 : 1.239951e-07 / 9.975242e-01
PCG: 2 : 1.145370e-07 / 9.214348e-01
PCG: 3 : 1.160216e-07 / 9.333780e-01
PCG: 4 : 9.989660e-08 / 8.036548e-01
PCG: 5 : 1.359432e-07 / 1.093645e+00
PCG: 6 : 1.758663e-07 / 1.414821e+00
PCG: 0 : 1.758664e-07
PCG: 1 : 1.306666e-07 / 7.429880e-01
PCG: 2 : 9.184334e-08 / 5.222337e-01
PCG: 3 : 1.021583e-07 / 5.808861e-01
PCG: 4 : 9.719519e-08 / 5.526650e-01
PCG: 5 : 1.016859e-07 / 5.781999e-01
PCG: 6 : 9.904423e-08 / 5.631789e-01
PCG: 0 : 9.904421e-08
PCG: 1 : 9.877507e-08 / 9.972826e-01
PCG: 2 : 9.123368e-08 / 9.211410e-01
PCG: 3 : 9.242066e-08 / 9.331253e-01
PCG: 4 : 7.955998e-08 / 8.032775e-01
PCG: 5 : 1.082862e-07 / 1.093312e+00
PCG: 6 : 1.401194e-07 / 1.414715e+00
PCG: 0 : 1.401193e-07
PCG: 1 : 1.040833e-07 / 7.428191e-01
PCG: 2 : 7.314104e-08 / 5.219910e-01
PCG: 3 : 8.137287e-08 / 5.807397e-01
PCG: 4 : 7.741816e-08 / 5.525159e-01
PCG: 5 : 8.100378e-08 / 5.781056e-01
PCG: 6 : 7.891268e-08 / 5.631819e-01
PCG: 0 : 7.891268e-08
PCG: 1 : 7.868466e-08 / 9.971104e-01
PCG: 2 : 7.267089e-08 / 9.209025e-01
PCG: 3 : 7.362284e-08 / 9.329658e-01
PCG: 4 : 6.336736e-08 / 8.030060e-01
PCG: 5 : 8.626230e-08 / 1.093136e+00
PCG: 6 : 1.116485e-07 / 1.414836e+00
PCG: 0 : 1.116484e-07
PCG: 1 : 8.291535e-08 / 7.426467e-01
PCG: 2 : 5.825796e-08 / 5.217983e-01
PCG: 3 : 6.482407e-08 / 5.806088e-01
PCG: 4 : 6.166803e-08 / 5.523411e-01
PCG: 5 : 6.452974e-08 / 5.779725e-01
PCG: 6 : 6.287723e-08 / 5.631715e-01
PCG: 0 : 6.287722e-08
PCG: 1 : 6.268197e-08 / 9.968947e-01
PCG: 2 : 5.788721e-08 / 9.206389e-01
PCG: 3 : 5.864853e-08 / 9.327469e-01
PCG: 4 : 5.047125e-08 / 8.026953e-01
PCG: 5 : 6.871813e-08 / 1.092894e+00
PCG: 6 : 8.896298e-08 / 1.414868e+00
PCG: 0 : 8.896296e-08
PCG: 1 : 6.604749e-08 / 7.424157e-01
PCG: 2 : 4.639649e-08 / 5.215259e-01
PCG: 3 : 5.163485e-08 / 5.804085e-01
PCG: 4 : 4.912030e-08 / 5.521433e-01
PCG: 5 : 5.140377e-08 / 5.778109e-01
PCG: 6 : 5.009549e-08 / 5.631050e-01
PCG: 0 : 5.009549e-08
PCG: 1 : 4.993143e-08 / 9.967250e-01
PCG: 2 : 4.610816e-08 / 9.204054e-01
PCG: 3 : 4.671737e-08 / 9.325663e-01
PCG: 4 : 4.019975e-08 / 8.024624e-01
PCG: 5 : 5.474451e-08 / 1.092803e+00
PCG: 6 : 7.088830e-08 / 1.415064e+00
PCG: 0 : 7.088828e-08
PCG: 1 : 5.261963e-08 / 7.422895e-01
PCG: 2 : 3.695693e-08 / 5.213404e-01
PCG: 3 : 4.113371e-08 / 5.802611e-01
PCG: 4 : 3.912689e-08 / 5.519514e-01
PCG: 5 : 4.094794e-08 / 5.776404e-01
PCG: 6 : 3.991422e-08 / 5.630581e-01
PCG: 0 : 3.991421e-08
PCG: 1 : 3.977297e-08 / 9.964616e-01
PCG: 2 : 3.672490e-08 / 9.200960e-01
PCG: 3 : 3.721416e-08 / 9.323539e-01
PCG: 4 : 3.201846e-08 / 8.021821e-01
PCG: 5 : 4.361197e-08 / 1.092643e+00
PCG: 6 : 5.648421e-08 / 1.415141e+00
PCG: 0 : 5.648420e-08
PCG: 1 : 4.191755e-08 / 7.421110e-01
PCG: 2 : 2.943412e-08 / 5.211037e-01
PCG: 3 : 3.276539e-08 / 5.800806e-01
PCG: 4 : 3.116673e-08 / 5.517778e-01
PCG: 5 : 3.262028e-08 / 5.775116e-01
PCG: 6 : 3.180423e-08 / 5.630643e-01
PCG: 0 : 3.180423e-08
PCG: 1 : 3.168476e-08 / 9.962437e-01
PCG: 2 : 2.925330e-08 / 9.197928e-01
PCG: 3 : 2.964454e-08 / 9.320943e-01
PCG: 4 : 2.550309e-08 / 8.018774e-01
PCG: 5 : 3.474365e-08 / 1.092422e+00
PCG: 6 : 4.500821e-08 / 1.415164e+00
PCG: 0 : 4.500821e-08
PCG: 1 : 3.339307e-08 / 7.419330e-01
PCG: 2 : 2.344354e-08 / 5.208726e-01
PCG: 3 : 2.610043e-08 / 5.799037e-01
PCG: 4 : 2.482576e-08 / 5.515829e-01
PCG: 5 : 2.598616e-08 / 5.773649e-01
PCG: 6 : 2.534186e-08 / 5.630497e-01
PCG: 0 : 2.534185e-08
PCG: 1 : 2.524023e-08 / 9.959901e-01
PCG: 2 : 2.330085e-08 / 9.194615e-01
PCG: 3 : 2.361391e-08 / 9.318150e-01
PCG: 4 : 2.031268e-08 / 8.015470e-01
PCG: 5 : 2.767779e-08 / 1.092177e+00
PCG: 6 : 3.586317e-08 / 1.415176e+00
PCG: 0 : 3.586318e-08
PCG: 1 : 2.660089e-08 / 7.417327e-01
PCG: 2 : 1.867159e-08 / 5.206341e-01
PCG: 3 : 2.078978e-08 / 5.796971e-01
PCG: 4 : 1.977345e-08 / 5.513580e-01
PCG: 5 : 2.070192e-08 / 5.772473e-01
PCG: 6 : 2.019281e-08 / 5.630512e-01
PCG: 0 : 2.019280e-08
PCG: 1 : 2.010797e-08 / 9.957990e-01
PCG: 2 : 1.855891e-08 / 9.190856e-01
PCG: 3 : 1.881073e-08 / 9.315564e-01
PCG: 4 : 1.617894e-08 / 8.012233e-01
PCG: 5 : 2.204972e-08 / 1.091959e+00
PCG: 6 : 2.857807e-08 / 1.415260e+00
PCG: 0 : 2.857808e-08
PCG: 1 : 2.119233e-08 / 7.415592e-01
PCG: 2 : 1.487255e-08 / 5.204182e-01
PCG: 3 : 1.656169e-08 / 5.795244e-01
PCG: 4 : 1.575099e-08 / 5.511563e-01
PCG: 5 : 1.649203e-08 / 5.770867e-01
PCG: 6 : 1.608915e-08 / 5.629893e-01
PCG: 0 : 1.608915e-08
PCG: 1 : 1.601688e-08 / 9.955080e-01
PCG: 2 : 1.478213e-08 / 9.187639e-01
PCG: 3 : 1.498330e-08 / 9.312676e-01
PCG: 4 : 1.288608e-08 / 8.009172e-01
PCG: 5 : 1.756596e-08 / 1.091789e+00
PCG: 6 : 2.277194e-08 / 1.415360e+00
PCG: 0 : 2.277194e-08
PCG: 1 : 1.688226e-08 / 7.413625e-01
PCG: 2 : 1.184468e-08 / 5.201436e-01
PCG: 3 : 1.319172e-08 / 5.792972e-01
PCG: 4 : 1.254574e-08 / 5.509300e-01
PCG: 5 : 1.313756e-08 / 5.769191e-01
PCG: 6 : 1.282015e-08 / 5.629803e-01
PCG: 0 : 1.282014e-08
PCG: 1 : 1.275940e-08 / 9.952622e-01
PCG: 2 : 1.177424e-08 / 9.184176e-01
PCG: 3 : 1.193515e-08 / 9.309686e-01
PCG: 4 : 1.026325e-08 / 8.005565e-01
PCG: 5 : 1.399370e-08 / 1.091541e+00
PCG: 6 : 1.814481e-08 / 1.415336e+00
PCG: 0 : 1.814482e-08
PCG: 1 : 1.344894e-08 / 7.411999e-01
PCG: 2 : 9.433771e-09 / 5.199153e-01
PCG: 3 : 1.050797e-08 / 5.791168e-01
PCG: 4 : 9.993194e-09 / 5.507463e-01
PCG: 5 : 1.046630e-08 / 5.768203e-01
PCG: 6 : 1.021565e-08 / 5.630066e-01
PCG: 0 : 1.021566e-08
PCG: 1 : 1.016516e-08 / 9.950573e-01
PCG: 2 : 9.378756e-09 / 9.180765e-01
PCG: 3 : 9.507446e-09 / 9.306740e-01
PCG: 4 : 8.175094e-09 / 8.002514e-01
PCG: 5 : 1.114832e-08 / 1.091298e+00
PCG: 6 : 1.445856e-08 / 1.415333e+00
PCG: 0 : 1.445857e-08
PCG: 1 : 1.071375e-08 / 7.409968e-01
PCG: 2 : 7.513679e-09 / 5.196697e-01
PCG: 3 : 8.370468e-09 / 5.789279e-01
PCG: 4 : 7.960194e-09 / 5.505521e-01
PCG: 5 : 8.337945e-09 / 5.766785e-01
PCG: 6 : 8.140031e-09 / 5.629901e-01
PCG: 0 : 8.140025e-09
PCG: 1 : 8.098069e-09 / 9.948457e-01
PCG: 2 : 7.470857e-09 / 9.177929e-01
PCG: 3 : 7.573570e-09 / 9.304112e-01
PCG: 4 : 6.511128e-09 / 7.998905e-01
PCG: 5 : 8.881773e-09 / 1.091124e+00
PCG: 6 : 1.152196e-08 / 1.415470e+00
PCG: 0 : 1.152196e-08
PCG: 1 : 8.535181e-09 / 7.407751e-01
PCG: 2 : 5.984291e-09 / 5.193813e-01
PCG: 3 : 6.667797e-09 / 5.787034e-01
PCG: 4 : 6.341095e-09 / 5.503486e-01
PCG: 5 : 6.642625e-09 / 5.765187e-01
PCG: 6 : 6.486184e-09 / 5.629410e-01
PCG: 0 : 6.486184e-09
PCG: 1 : 6.451052e-09 / 9.945837e-01
PCG: 2 : 5.950734e-09 / 9.174477e-01
PCG: 3 : 6.032682e-09 / 9.300819e-01
PCG: 4 : 5.185838e-09 / 7.995207e-01
PCG: 5 : 7.075241e-09 / 1.090817e+00
PCG: 6 : 9.181148e-09 / 1.415493e+00
PCG: 0 : 9.181153e-09
PCG: 1 : 6.799440e-09 / 7.405867e-01
PCG: 2 : 4.766270e-09 / 5.191364e-01
PCG: 3 : 5.311255e-09 / 5.784954e-01
PCG: 4 : 5.050854e-09 / 5.501329e-01
PCG: 5 : 5.291766e-09 / 5.763727e-01
PCG: 6 : 5.168258e-09 / 5.629204e-01
PCG: 0 : 5.168257e-09
PCG: 1 : 5.139208e-09 / 9.943793e-01
PCG: 2 : 4.739857e-09 / 9.171093e-01
PCG: 3 : 4.805501e-09 / 9.298107e-01
PCG: 4 : 4.130549e-09 / 7.992150e-01
PCG: 5 : 5.637060e-09 / 1.090708e+00
PCG: 6 : 7.316603e-09 / 1.415681e+00
PCG: 0 : 7.316605e-09
PCG: 1 : 5.417097e-09 / 7.403840e-01
PCG: 2 : 3.796294e-09 / 5.188600e-01
PCG: 3 : 4.230782e-09 / 5.782439e-01
PCG: 4 : 4.023097e-09 / 5.498584e-01
PCG: 5 : 4.215717e-09 / 5.761848e-01
PCG: 6 : 4.118142e-09 / 5.628488e-01
PCG: 0 : 4.118138e-09
PCG: 1 : 4.094066e-09 / 9.941546e-01
PCG: 2 : 3.775297e-09 / 9.167483e-01
PCG: 3 : 3.827882e-09 / 9.295175e-01
PCG: 4 : 3.289990e-09 / 7.989023e-01
PCG: 5 : 4.490943e-09 / 1.090527e+00
PCG: 6 : 5.830525e-09 / 1.415816e+00
PCG: 0 : 5.830524e-09
PCG: 1 : 4.315510e-09 / 7.401581e-01
PCG: 2 : 3.023580e-09 / 5.185777e-01
PCG: 3 : 3.370010e-09 / 5.779943e-01
PCG: 4 : 3.204568e-09 / 5.496192e-01
PCG: 5 : 3.358565e-09 / 5.760314e-01
PCG: 6 : 3.281459e-09 / 5.628069e-01
PCG: 0 : 3.281461e-09
PCG: 1 : 3.261514e-09 / 9.939213e-01
PCG: 2 : 3.007109e-09 / 9.163932e-01
PCG: 3 : 3.049176e-09 / 9.292129e-01
PCG: 4 : 2.620563e-09 / 7.985963e-01
PCG: 5 : 3.577940e-09 / 1.090350e+00
PCG: 6 : 4.646564e-09 / 1.416004e+00
PCG: 0 : 4.646563e-09
PCG: 1 : 3.438278e-09 / 7.399616e-01
PCG: 2 : 2.408426e-09 / 5.183241e-01
PCG: 3 : 2.684580e-09 / 5.777561e-01
PCG: 4 : 2.552615e-09 / 5.493556e-01
PCG: 5 : 2.675666e-09 / 5.758376e-01
PCG: 6 : 2.614931e-09 / 5.627668e-01
PCG: 0 : 2.614932e-09
PCG: 1 : 2.598249e-09 / 9.936198e-01
PCG: 2 : 2.395156e-09 / 9.159532e-01
PCG: 3 : 2.428852e-09 / 9.288394e-01
PCG: 4 : 2.087232e-09 / 7.981974e-01
PCG: 5 : 2.850580e-09 / 1.090116e+00
PCG: 6 : 3.702704e-09 / 1.415985e+00
PCG: 0 : 3.702704e-09
PCG: 1 : 2.739192e-09 / 7.397816e-01
PCG: 2 : 1.918258e-09 / 5.180694e-01
PCG: 3 : 2.138358e-09 / 5.775126e-01
PCG: 4 : 2.033225e-09 / 5.491189e-01
PCG: 5 : 2.131665e-09 / 5.757049e-01
PCG: 6 : 2.083832e-09 / 5.627867e-01
PCG: 0 : 2.083834e-09
PCG: 1 : 2.069857e-09 / 9.932929e-01
PCG: 2 : 1.907695e-09 / 9.154736e-01
PCG: 3 : 1.934573e-09 / 9.283722e-01
PCG: 4 : 1.662520e-09 / 7.978180e-01
PCG: 5 : 2.270975e-09 / 1.089806e+00
PCG: 6 : 2.950420e-09 / 1.415862e+00

PCG ( VCycle ( S: Scale / C: Scale )  )

Complete solver TOE: 3.18034
2.67843 GFlop/s [2.67843 GFlops/s]

Total time: 3.18034s
Accumulated op time: 3.03381

Reductions: 8.16897%
Blas-1: 4.99742%
Blas-2: 82.2262%
Precon Kernels: 0%
MPI Execution: 0%
MPI Wait: 0%
Not covered: 4.60737%

Domain size: 11.9084 MByte
LA size: 29.0519 MByte
MPI size: 0.663155 MByte

H0-Error: 6.868513e-06
H1-Error: 8.068795e-03

Writing DATA to output.data...
Run-Time: 0:03.316 [0:03.316]
0x31d198e880 Error: MemoryPool<CPU> still contains memory chunks on deconstructor call
