NUM-PROCS: 1
Preparing domain...
LVL-MIN: 4 [4]
LVL-MAX: 10 [10]
Creating gates...
Assembling system matrices...
Assembling system filters...
Assembling transfer matrices...
Converting assembled linear system from SparseMatrixCSR, Mem:main to SparseMatrixELL, Mem:cudaand to SparseMatrixELL, Mem:cuda...
PCG:  0 : 9.473711e-03
PCG:  1 : 1.921966e-02 / 2.028736e+00
PCG:  2 : 2.717672e-02 / 2.868645e+00
PCG:  3 : 6.675999e-02 / 7.046867e+00
PCG:  4 : 8.080535e-02 / 8.529429e+00
PCG:  5 : 4.831672e-02 / 5.100083e+00
PCG:  6 : 2.380592e-02 / 2.512840e+00
PCG:  7 : 3.978516e-03 / 4.199532e-01
PCG:  8 : 1.063537e-03 / 1.122619e-01
PCG:  9 : 9.354266e-04 / 9.873919e-02
PCG: 10 : 3.652442e-04 / 3.855344e-02
PCG: 11 : 4.136345e-05 / 4.366129e-03
PCG: 12 : 1.758292e-05 / 1.855970e-03
PCG:  0 : 2.226695e-04
PCG:  1 : 3.044828e-04 / 1.367420e+00
PCG:  2 : 6.738589e-04 / 3.026274e+00
PCG:  3 : 1.277283e-04 / 5.736227e-01
PCG:  4 : 1.506211e-04 / 6.764333e-01
PCG:  5 : 4.754655e-05 / 2.135297e-01
PCG:  6 : 4.926265e-05 / 2.212366e-01
PCG:  7 : 1.872268e-05 / 8.408282e-02
PCG:  8 : 6.983684e-06 / 3.136345e-02
PCG:  9 : 2.173791e-06 / 9.762409e-03
PCG: 10 : 1.643690e-06 / 7.381747e-03
PCG: 11 : 5.953956e-07 / 2.673898e-03
PCG: 12 : 3.582414e-07 / 1.608848e-03
PCG:  0 : 3.656848e-07
PCG:  1 : 4.285473e-07 / 1.171903e+00
PCG:  2 : 3.121250e-07 / 8.535356e-01
PCG:  3 : 1.550190e-07 / 4.239143e-01
PCG:  4 : 9.982884e-08 / 2.729915e-01
PCG:  5 : 8.027379e-08 / 2.195163e-01
PCG:  6 : 8.007740e-08 / 2.189793e-01
PCG:  7 : 8.257140e-08 / 2.257994e-01
PCG:  8 : 6.679476e-08 / 1.826566e-01
PCG:  9 : 2.827136e-08 / 7.731073e-02
PCG: 10 : 1.272616e-08 / 3.480090e-02
PCG: 11 : 6.952587e-09 / 1.901251e-02
PCG: 12 : 6.342306e-09 / 1.734364e-02
PCG:  0 : 6.342542e-09
PCG:  1 : 2.417007e-09 / 3.810786e-01
PCG:  2 : 1.867602e-09 / 2.944564e-01
PCG:  3 : 1.197206e-09 / 1.887581e-01
PCG:  4 : 5.987558e-10 / 9.440312e-02
PCG:  5 : 2.799053e-10 / 4.413141e-02
PCG:  6 : 1.505960e-10 / 2.374380e-02
PCG:  7 : 1.302911e-10 / 2.054241e-02
PCG:  8 : 1.185862e-10 / 1.869694e-02
PCG:  9 : 1.029748e-10 / 1.623557e-02
PCG: 10 : 7.925430e-11 / 1.249567e-02
PCG: 11 : 5.409088e-11 / 8.528265e-03
PCG: 12 : 3.100699e-11 / 4.888732e-03

PCG ( VCycle ( S: Scale / C: Scale )  )

Complete solver TOE: 9.02064
0.332157 GFlop/s [0.332157 GFlops/s]

Total time: 9.02064s
Accumulated op time: 4.27773

Reductions: 45.3435%
Blas-1: 1.12417%
Blas-2: 0.953923%
Precon Kernels: 0%
MPI Execution: 0%
MPI Wait: 0%
Not covered: 52.5784%

Domain size: 106.94 MByte
LA size: 356.502 MByte
MPI size: 10.6971 MByte

H0-Error: 4.290944e-07
H1-Error: 2.017209e-03

Writing DATA to output.data...
Run-Time: 0:20.612 [0:20.612]
0xb32e99f8 Error: MemoryPool<CUDA> still contains memory chunks on deconstructor call
