NUM-PROCS: 1
Preparing domain...
LVL-MIN: 3 [3]
LVL-MAX: 9 [9]
Creating gates...
Assembling system matrices...
Assembling system filters...
Assembling transfer matrices...
Converting assembled linear system from SparseMatrixCSR, Mem:main to SparseMatrixCSR, Mem:mainand to SparseMatrixCSR, Mem:main...
PCG:  0 : 1.894412e-02
PCG:  1 : 1.973892e-02 / 1.041955e+00
PCG:  2 : 2.306060e-02 / 1.217296e+00
PCG:  3 : 1.762546e-02 / 9.303921e-01
PCG:  4 : 4.224617e-03 / 2.230041e-01
PCG:  5 : 5.785504e-04 / 3.053984e-02
PCG:  6 : 8.248910e-05 / 4.354337e-03
PCG:  7 : 1.809330e-05 / 9.550875e-04
PCG:  8 : 1.582964e-05 / 8.355965e-04
PCG:  9 : 1.567391e-05 / 8.273760e-04
PCG: 10 : 1.631503e-06 / 8.612184e-05
PCG: 11 : 2.405213e-07 / 1.269635e-05
PCG: 12 : 1.023179e-07 / 5.401039e-06
PCG: 13 : 5.861434e-08 / 3.094064e-06
PCG:  0 : 5.479504e-04
PCG:  1 : 5.602882e-05 / 1.022516e-01
PCG:  2 : 8.300044e-05 / 1.514744e-01
PCG:  3 : 2.404399e-05 / 4.387987e-02
PCG:  4 : 1.538294e-05 / 2.807361e-02
PCG:  5 : 3.509195e-06 / 6.404221e-03
PCG:  6 : 4.260820e-07 / 7.775921e-04
PCG:  7 : 3.083163e-07 / 5.626718e-04
PCG:  8 : 9.813044e-08 / 1.790863e-04
PCG:  9 : 1.955986e-08 / 3.569640e-05
PCG: 10 : 4.478689e-09 / 8.173528e-06
PCG: 11 : 1.289083e-09 / 2.352554e-06
PCG: 12 : 3.989291e-10 / 7.280386e-07
PCG: 13 : 2.402511e-10 / 4.384540e-07
PCG:  0 : 9.190913e-09
PCG:  1 : 2.970447e-08 / 3.231939e+00
PCG:  2 : 6.707493e-09 / 7.297962e-01
PCG:  3 : 1.650411e-09 / 1.795698e-01
PCG:  4 : 7.564898e-10 / 8.230845e-02
PCG:  5 : 2.999885e-10 / 3.263968e-02
PCG:  6 : 1.522280e-10 / 1.656288e-02
PCG:  7 : 4.364880e-11 / 4.749125e-03
PCG:  8 : 1.013614e-11 / 1.102843e-03
PCG:  9 : 2.182075e-12 / 2.374165e-04
PCG: 10 : 5.877704e-13 / 6.395125e-05
PCG: 11 : 1.609190e-13 / 1.750849e-05
PCG: 12 : 5.035771e-14 / 5.479076e-06
PCG: 13 : 1.904052e-14 / 2.071668e-06

PCG ( VCycle ( S: Scale / C: Scale )  )

Complete solver TOE: 0.579071
2.55481 GFlop/s [2.55481 GFlops/s]

Total time: 0.579071s
Accumulated op time: 0.557095

Reductions: 7.23832%
Blas-1: 5.64231%
Blas-2: 83.3243%
Precon Kernels: 0%
MPI Execution: 0%
MPI Wait: 0%
Not covered: 3.79504%

Domain size: 48.2146 MByte
LA size: 121.061 MByte
MPI size: 2.68217 MByte

H0-Error: 1.716362e-06
H1-Error: 4.034414e-03

Writing DATA to output.data...
Run-Time: 0:01.143 [0:01.143]
0x31d198e880 Error: MemoryPool<CPU> still contains memory chunks on deconstructor call
