NUM-PROCS: 1
Preparing domain...
LVL-MIN: 4 [4]
LVL-MAX: 6 [6]
Creating gates...
Assembling system matrices...
Assembling system filters...
Assembling transfer matrices...
Converting assembled linear system from SparseMatrixCSR, Mem:main to SparseMatrixELL, Mem:cudaand to SparseMatrixELL, Mem:cuda...
PCG: 0 : 1.512630e-01
PCG: 1 : 2.707144e-01 / 1.789694e+00
PCG: 2 : 2.456834e-01 / 1.624214e+00
PCG: 0 : 2.434238e-01
PCG: 1 : 2.646266e-01 / 1.087102e+00
PCG: 2 : 2.844709e-01 / 1.168624e+00
PCG: 0 : 2.844709e-01
PCG: 1 : 9.657579e-02 / 3.394927e-01
PCG: 2 : 7.178286e-02 / 2.523381e-01
PCG: 0 : 7.178286e-02
PCG: 1 : 6.194235e-02 / 8.629128e-01
PCG: 2 : 1.219152e-01 / 1.698389e+00
PCG: 0 : 1.219152e-01
PCG: 1 : 4.449495e-02 / 3.649664e-01
PCG: 2 : 4.508793e-02 / 3.698303e-01
PCG: 0 : 4.508793e-02
PCG: 1 : 3.675383e-02 / 8.151590e-01
PCG: 2 : 7.026687e-02 / 1.558441e+00
PCG: 0 : 7.026687e-02
PCG: 1 : 2.841509e-02 / 4.043882e-01
PCG: 2 : 2.801305e-02 / 3.986665e-01
PCG: 0 : 2.801304e-02
PCG: 1 : 2.368331e-02 / 8.454387e-01
PCG: 2 : 4.199189e-02 / 1.499012e+00
PCG: 0 : 4.199189e-02
PCG: 1 : 1.827028e-02 / 4.350906e-01
PCG: 2 : 1.756033e-02 / 4.181839e-01
PCG: 0 : 1.756033e-02
PCG: 1 : 1.528934e-02 / 8.706747e-01
PCG: 2 : 2.583505e-02 / 1.471217e+00
PCG: 0 : 2.583505e-02
PCG: 1 : 1.181721e-02 / 4.574098e-01
PCG: 2 : 1.116092e-02 / 4.320070e-01
PCG: 0 : 1.116092e-02
PCG: 1 : 9.908830e-03 / 8.878145e-01
PCG: 2 : 1.625254e-02 / 1.456200e+00
PCG: 0 : 1.625254e-02
PCG: 1 : 7.683854e-03 / 4.727786e-01
PCG: 2 : 7.186702e-03 / 4.421894e-01
PCG: 0 : 7.186702e-03
PCG: 1 : 6.453363e-03 / 8.979589e-01
PCG: 2 : 1.040186e-02 / 1.447377e+00
PCG: 0 : 1.040186e-02
PCG: 1 : 5.020781e-03 / 4.826809e-01
PCG: 2 : 4.675342e-03 / 4.494715e-01
PCG: 0 : 4.675342e-03
PCG: 1 : 4.223209e-03 / 9.032941e-01
PCG: 2 : 6.742167e-03 / 1.442069e+00
PCG: 0 : 6.742167e-03
PCG: 1 : 3.294099e-03 / 4.885816e-01
PCG: 2 : 3.063319e-03 / 4.543522e-01
PCG: 0 : 3.063318e-03
PCG: 1 : 2.774320e-03 / 9.056585e-01
PCG: 2 : 4.407478e-03 / 1.438792e+00
PCG: 0 : 4.407478e-03
PCG: 1 : 2.167614e-03 / 4.918037e-01
PCG: 2 : 2.016208e-03 / 4.574517e-01
PCG: 0 : 2.016208e-03
PCG: 1 : 1.827275e-03 / 9.062929e-01
PCG: 2 : 2.896633e-03 / 1.436673e+00
PCG: 0 : 2.896633e-03
PCG: 1 : 1.429100e-03 / 4.933659e-01
PCG: 2 : 1.330616e-03 / 4.593664e-01
PCG: 0 : 1.330615e-03
PCG: 1 : 1.205495e-03 / 9.059678e-01
PCG: 2 : 1.909743e-03 / 1.435233e+00
PCG: 0 : 1.909743e-03
PCG: 1 : 9.433280e-04 / 4.939554e-01
PCG: 2 : 8.795231e-04 / 4.605452e-01
PCG: 0 : 8.795231e-04
PCG: 1 : 7.960945e-04 / 9.051433e-01
PCG: 2 : 1.261418e-03 / 1.434207e+00
PCG: 0 : 1.261418e-03
PCG: 1 : 6.231379e-04 / 4.939979e-01
PCG: 2 : 5.818648e-04 / 4.612783e-01
PCG: 0 : 5.818648e-04
PCG: 1 : 5.260584e-04 / 9.040904e-01
PCG: 2 : 8.340776e-04 / 1.433456e+00
PCG: 0 : 8.340776e-04
PCG: 1 : 4.118227e-04 / 4.937462e-01
PCG: 2 : 3.851291e-04 / 4.617425e-01
PCG: 0 : 3.851291e-04
PCG: 1 : 3.477574e-04 / 9.029632e-01
PCG: 2 : 5.518487e-04 / 1.432893e+00
PCG: 0 : 5.518487e-04
PCG: 1 : 2.722533e-04 / 4.933477e-01
PCG: 2 : 2.549776e-04 / 4.620425e-01
PCG: 0 : 2.549775e-04
PCG: 1 : 2.299510e-04 / 9.018481e-01
PCG: 2 : 3.652461e-04 / 1.432464e+00
PCG: 0 : 3.652461e-04
PCG: 1 : 1.800251e-04 / 4.928872e-01
PCG: 2 : 1.688315e-04 / 4.622405e-01
PCG: 0 : 1.688315e-04
PCG: 1 : 1.520819e-04 / 9.007910e-01
PCG: 2 : 2.417895e-04 / 1.432135e+00
PCG: 0 : 2.417895e-04
PCG: 1 : 1.190603e-04 / 4.924130e-01
PCG: 2 : 1.117970e-04 / 4.623732e-01
PCG: 0 : 1.117970e-04
PCG: 1 : 1.005966e-04 / 8.998147e-01
PCG: 2 : 1.600799e-04 / 1.431880e+00
PCG: 0 : 1.600799e-04
PCG: 1 : 7.875165e-05 / 4.919520e-01
PCG: 2 : 7.403122e-05 / 4.624641e-01
PCG: 0 : 7.403121e-05
PCG: 1 : 6.654873e-05 / 8.989280e-01
PCG: 2 : 1.059890e-04 / 1.431680e+00
PCG: 0 : 1.059890e-04
PCG: 1 : 5.209566e-05 / 4.915196e-01
PCG: 2 : 4.902284e-05 / 4.625278e-01
PCG: 0 : 4.902284e-05
PCG: 1 : 4.402900e-05 / 8.981323e-01
PCG: 2 : 7.017714e-05 / 1.431519e+00
PCG: 0 : 7.017714e-05
PCG: 1 : 3.446562e-05 / 4.911232e-01
PCG: 2 : 3.246205e-05 / 4.625731e-01
PCG: 0 : 3.246205e-05
PCG: 1 : 2.913230e-05 / 8.974262e-01
PCG: 2 : 4.646585e-05 / 1.431390e+00
PCG: 0 : 4.646585e-05
PCG: 1 : 2.280386e-05 / 4.907660e-01
PCG: 2 : 2.149537e-05 / 4.626058e-01
PCG: 0 : 2.149537e-05
PCG: 1 : 1.927716e-05 / 8.968054e-01
PCG: 2 : 3.076600e-05 / 1.431285e+00
PCG: 0 : 3.076600e-05
PCG: 1 : 1.508916e-05 / 4.904490e-01
PCG: 2 : 1.423328e-05 / 4.626302e-01
PCG: 0 : 1.423328e-05
PCG: 1 : 1.275678e-05 / 8.962639e-01
PCG: 2 : 2.037059e-05 / 1.431194e+00
PCG: 0 : 2.037059e-05
PCG: 1 : 9.985097e-06 / 4.901722e-01
PCG: 2 : 9.424429e-06 / 4.626488e-01
PCG: 0 : 9.424429e-06
PCG: 1 : 8.442393e-06 / 8.957989e-01
PCG: 2 : 1.348750e-05 / 1.431122e+00
PCG: 0 : 1.348751e-05
PCG: 1 : 6.607971e-06 / 4.899328e-01
PCG: 2 : 6.240156e-06 / 4.626620e-01
PCG: 0 : 6.240156e-06
PCG: 1 : 5.587463e-06 / 8.954043e-01
PCG: 2 : 8.930033e-06 / 1.431059e+00
PCG: 0 : 8.930034e-06
PCG: 1 : 4.373310e-06 / 4.897305e-01
PCG: 2 : 4.131682e-06 / 4.626726e-01
PCG: 0 : 4.131682e-06
PCG: 1 : 3.698166e-06 / 8.950753e-01
PCG: 2 : 5.912458e-06 / 1.431005e+00
PCG: 0 : 5.912458e-06
PCG: 1 : 2.894523e-06 / 4.895634e-01
PCG: 2 : 2.735581e-06 / 4.626808e-01
PCG: 0 : 2.735581e-06
PCG: 1 : 2.447820e-06 / 8.948084e-01
PCG: 2 : 3.914502e-06 / 1.430958e+00
PCG: 0 : 3.914502e-06
PCG: 1 : 1.915872e-06 / 4.894294e-01
PCG: 2 : 1.811190e-06 / 4.626872e-01
PCG: 0 : 1.811190e-06
PCG: 1 : 1.620290e-06 / 8.945996e-01
PCG: 2 : 2.591665e-06 / 1.430919e+00
PCG: 0 : 2.591665e-06
PCG: 1 : 1.268171e-06 / 4.893266e-01
PCG: 2 : 1.199140e-06 / 4.626910e-01
PCG: 0 : 1.199140e-06
PCG: 1 : 1.072566e-06 / 8.944463e-01
PCG: 2 : 1.715832e-06 / 1.430885e+00
PCG: 0 : 1.715832e-06
PCG: 1 : 8.394777e-07 / 4.892541e-01
PCG: 2 : 7.939054e-07 / 4.626942e-01
PCG: 0 : 7.939054e-07
PCG: 1 : 7.100250e-07 / 8.943446e-01
PCG: 2 : 1.135962e-06 / 1.430854e+00
PCG: 0 : 1.135962e-06
PCG: 1 : 5.557249e-07 / 4.892107e-01
PCG: 2 : 5.256058e-07 / 4.626965e-01
PCG: 0 : 5.256058e-07
PCG: 1 : 4.700453e-07 / 8.942924e-01
PCG: 2 : 7.520509e-07 / 1.430827e+00
PCG: 0 : 7.520509e-07
PCG: 1 : 3.678994e-07 / 4.891948e-01
PCG: 2 : 3.479723e-07 / 4.626979e-01
PCG: 0 : 3.479723e-07
PCG: 1 : 3.111875e-07 / 8.942881e-01
PCG: 2 : 4.978800e-07 / 1.430803e+00
PCG: 0 : 4.978799e-07
PCG: 1 : 2.435656e-07 / 4.892054e-01
PCG: 2 : 2.303681e-07 / 4.626982e-01
PCG: 0 : 2.303681e-07
PCG: 1 : 2.060251e-07 / 8.943299e-01
PCG: 2 : 3.296068e-07 / 1.430783e+00
PCG: 0 : 3.296068e-07
PCG: 1 : 1.612574e-07 / 4.892418e-01
PCG: 2 : 1.525082e-07 / 4.626973e-01
PCG: 0 : 1.525082e-07
PCG: 1 : 1.364059e-07 / 8.944171e-01
PCG: 2 : 2.182035e-07 / 1.430766e+00
PCG: 0 : 2.182035e-07
PCG: 1 : 1.067677e-07 / 4.893033e-01
PCG: 2 : 1.009618e-07 / 4.626956e-01
PCG: 0 : 1.009618e-07
PCG: 1 : 9.031518e-08 / 8.945478e-01
PCG: 2 : 1.444514e-07 / 1.430753e+00
PCG: 0 : 1.444514e-07
PCG: 1 : 7.069299e-08 / 4.893895e-01
PCG: 2 : 6.683666e-08 / 4.626931e-01
PCG: 0 : 6.683666e-08
PCG: 1 : 5.980023e-08 / 8.947220e-01
PCG: 2 : 9.562599e-08 / 1.430742e+00
PCG: 0 : 9.562598e-08
PCG: 1 : 4.680894e-08 / 4.895002e-01
PCG: 2 : 4.424514e-08 / 4.626895e-01
PCG: 0 : 4.424514e-08
PCG: 1 : 3.959672e-08 / 8.949394e-01
PCG: 2 : 6.330303e-08 / 1.430734e+00
PCG: 0 : 6.330303e-08
PCG: 1 : 3.099536e-08 / 4.896348e-01
PCG: 2 : 2.928934e-08 / 4.626846e-01
PCG: 0 : 2.928934e-08
PCG: 1 : 2.621982e-08 / 8.952003e-01
PCG: 2 : 4.190509e-08 / 1.430729e+00

PCG ( VCycle ( S: Scale / C: Scale )  )

Complete solver TOE: 0.717236
0.13581 GFlop/s [0.13581 GFlops/s]

Total time: 0.717236s
Accumulated op time: 0.300405

Reductions: 19.6797%
Blas-1: 11.8998%
Blas-2: 10.3041%
Precon Kernels: 0%
MPI Execution: 0%
MPI Wait: 0%
Not covered: 58.1163%

Domain size: 0.42572 MByte
LA size: 1.37825 MByte
MPI size: 0.0427704 MByte

H0-Error: 1.098495e-04
H1-Error: 3.227246e-02

Writing DATA to output.data...
Run-Time: 0:00.801 [0:00.801]
0xb334e9f8 Error: MemoryPool<CUDA> still contains memory chunks on deconstructor call
