NUM-PROCS: 1
Preparing domain...
LVL-MIN: 1 [1]
LVL-MAX: 11 [11]
Creating gates...
Assembling system matrices...
Assembling system filters...
Assembling transfer matrices...
Converting assembled linear system from SparseMatrixCSR, Mem:main to SparseMatrixELL, Mem:cudaand to SparseMatrixELL, Mem:cuda...
PCG: 0 : 4.737108e-03
PCG: 1 : 1.911304e-03 / 4.034749e-01
PCG: 2 : 7.853808e-04 / 1.657933e-01
PCG: 3 : 2.932708e-04 / 6.190925e-02
PCG: 4 : 8.757182e-05 / 1.848635e-02
PCG: 5 : 1.430845e-05 / 3.020502e-03
PCG: 6 : 1.243105e-06 / 2.624185e-04
PCG: 7 : 1.438129e-07 / 3.035879e-05
PCG: 8 : 2.257503e-08 / 4.765571e-06
PCG: 9 : 2.027636e-09 / 4.280324e-07
PCG: 0 : 1.835972e-04
PCG: 1 : 5.268052e-05 / 2.869353e-01
PCG: 2 : 6.278331e-06 / 3.419622e-02
PCG: 3 : 1.378594e-06 / 7.508797e-03
PCG: 4 : 2.141771e-07 / 1.166560e-03
PCG: 5 : 2.253332e-08 / 1.227324e-04
PCG: 6 : 2.685742e-09 / 1.462845e-05
PCG: 7 : 3.685563e-10 / 2.007418e-06
PCG: 8 : 3.390892e-11 / 1.846919e-07
PCG: 9 : 4.362477e-12 / 2.376112e-08
PCG: 0 : 3.259310e-07
PCG: 1 : 9.710433e-08 / 2.979290e-01
PCG: 2 : 1.335295e-08 / 4.096864e-02
PCG: 3 : 2.891560e-09 / 8.871693e-03
PCG: 4 : 6.453409e-10 / 1.979992e-03
PCG: 5 : 9.405376e-11 / 2.885695e-04
PCG: 6 : 9.098716e-12 / 2.791608e-05
PCG: 7 : 1.138758e-12 / 3.493863e-06
PCG: 8 : 1.579691e-13 / 4.846704e-07
PCG: 9 : 1.368896e-14 / 4.199957e-08

PCG ( VCycle ( S: Scale / C: Scale )  )

Complete solver TOE: 0.914446
18.1002 GFlop/s [18.1002 GFlops/s]

Total time: 0.914446s
Accumulated op time: 0.441328

Reductions: 47.7189%
Blas-1: 0.261579%
Blas-2: 0.281263%
Precon Kernels: 0%
MPI Execution: 0%
MPI Wait: 0%
Not covered: 51.7382%

Domain size: 768.875 MByte
LA size: 1932.17 MByte
MPI size: 42.7294 MByte

H0-Error: 1.133099e-07
H1-Error: 1.008605e-03

Writing DATA to output.data...
Run-Time: 0:11.737 [0:11.737]
0x31d198e880 Error: MemoryPool<CUDA> still contains memory chunks on deconstructor call
