NUM-PROCS: 1
Preparing domain...
LVL-MIN: 5 [5]
LVL-MAX: 9 [9]
Creating gates...
Assembling system matrices...
Assembling system filters...
Assembling transfer matrices...
Converting assembled linear system from SparseMatrixCSR, Mem:main to SparseMatrixCSR, Mem:mainand to SparseMatrixCSR, Mem:main...
PCG: 0 : 1.894412e-02
PCG: 1 : 7.935902e-02 / 4.189110e+00
PCG: 2 : 8.003376e-02 / 4.224727e+00
PCG: 3 : 1.997077e-01 / 1.054193e+01
PCG: 4 : 2.650079e-01 / 1.398893e+01
PCG: 5 : 1.697526e-01 / 8.960698e+00
PCG: 6 : 1.549417e-01 / 8.178878e+00
PCG: 7 : 1.151660e-01 / 6.079247e+00
PCG: 8 : 9.996875e-02 / 5.277032e+00
PCG: 0 : 9.994020e-02
PCG: 1 : 8.473270e-02 / 8.478340e-01
PCG: 2 : 4.415044e-02 / 4.417686e-01
PCG: 3 : 2.339071e-02 / 2.340471e-01
PCG: 4 : 1.885613e-02 / 1.886741e-01
PCG: 5 : 1.569342e-02 / 1.570281e-01
PCG: 6 : 1.396637e-02 / 1.397473e-01
PCG: 7 : 1.386561e-02 / 1.387391e-01
PCG: 8 : 1.023978e-02 / 1.024590e-01
PCG: 0 : 1.023978e-02
PCG: 1 : 4.430372e-03 / 4.326630e-01
PCG: 2 : 3.682850e-03 / 3.596612e-01
PCG: 3 : 3.268508e-03 / 3.191972e-01
PCG: 4 : 2.433898e-03 / 2.376905e-01
PCG: 5 : 3.160745e-03 / 3.086733e-01
PCG: 6 : 4.859505e-03 / 4.745714e-01
PCG: 7 : 5.676307e-03 / 5.543390e-01
PCG: 8 : 3.319501e-03 / 3.241771e-01
PCG: 0 : 3.319504e-03
PCG: 1 : 3.250767e-03 / 9.792929e-01
PCG: 2 : 2.110513e-03 / 6.357916e-01
PCG: 3 : 1.134880e-03 / 3.418824e-01
PCG: 4 : 7.283246e-04 / 2.194077e-01
PCG: 5 : 8.422614e-04 / 2.537311e-01
PCG: 6 : 1.028995e-03 / 3.099844e-01
PCG: 7 : 1.110769e-03 / 3.346189e-01
PCG: 8 : 8.201694e-04 / 2.470759e-01
PCG: 0 : 8.201700e-04
PCG: 1 : 5.499391e-04 / 6.705184e-01
PCG: 2 : 6.473692e-04 / 7.893109e-01
PCG: 3 : 4.525226e-04 / 5.517424e-01
PCG: 4 : 3.042372e-04 / 3.709440e-01
PCG: 5 : 4.315659e-04 / 5.261908e-01
PCG: 6 : 6.525681e-04 / 7.956498e-01
PCG: 7 : 5.708177e-04 / 6.959749e-01
PCG: 8 : 4.514638e-04 / 5.504515e-01
PCG: 0 : 4.514637e-04
PCG: 1 : 4.438743e-04 / 9.831893e-01
PCG: 2 : 3.599651e-04 / 7.973290e-01
PCG: 3 : 1.673858e-04 / 3.707625e-01
PCG: 4 : 1.074934e-04 / 2.380998e-01
PCG: 5 : 1.273092e-04 / 2.819920e-01
PCG: 6 : 1.766966e-04 / 3.913860e-01
PCG: 7 : 1.342080e-04 / 2.972730e-01
PCG: 8 : 1.492017e-04 / 3.304844e-01
PCG: 0 : 1.492016e-04
PCG: 1 : 1.043002e-04 / 6.990551e-01
PCG: 2 : 1.132324e-04 / 7.589219e-01
PCG: 3 : 7.768683e-05 / 5.206834e-01
PCG: 4 : 5.584350e-05 / 3.742821e-01
PCG: 5 : 7.475997e-05 / 5.010667e-01
PCG: 6 : 1.240010e-04 / 8.310965e-01
PCG: 7 : 1.021305e-04 / 6.845129e-01
PCG: 8 : 8.494640e-05 / 5.693396e-01
PCG: 0 : 8.494631e-05
PCG: 1 : 8.047500e-05 / 9.473631e-01
PCG: 2 : 6.626777e-05 / 7.801136e-01
PCG: 3 : 3.040399e-05 / 3.579201e-01
PCG: 4 : 1.935809e-05 / 2.278862e-01
PCG: 5 : 2.210156e-05 / 2.601827e-01
PCG: 6 : 3.021956e-05 / 3.557489e-01
PCG: 7 : 2.392587e-05 / 2.816587e-01
PCG: 8 : 2.875275e-05 / 3.384815e-01
PCG: 0 : 2.875278e-05
PCG: 1 : 1.952475e-05 / 6.790560e-01
PCG: 2 : 2.073307e-05 / 7.210804e-01
PCG: 3 : 1.454456e-05 / 5.058486e-01
PCG: 4 : 1.107485e-05 / 3.851750e-01
PCG: 5 : 1.460709e-05 / 5.080236e-01
PCG: 6 : 2.341746e-05 / 8.144416e-01
PCG: 7 : 1.918425e-05 / 6.672137e-01
PCG: 8 : 1.612232e-05 / 5.607220e-01
PCG: 0 : 1.612234e-05
PCG: 1 : 1.498347e-05 / 9.293603e-01
PCG: 2 : 1.254243e-05 / 7.779533e-01
PCG: 3 : 6.019965e-06 / 3.733927e-01
PCG: 4 : 3.762921e-06 / 2.333979e-01
PCG: 5 : 4.090140e-06 / 2.536939e-01
PCG: 6 : 5.333817e-06 / 3.308339e-01
PCG: 7 : 4.319561e-06 / 2.679240e-01
PCG: 8 : 5.515484e-06 / 3.421019e-01
PCG: 0 : 5.515482e-06
PCG: 1 : 3.666922e-06 / 6.648417e-01
PCG: 2 : 3.905153e-06 / 7.080348e-01
PCG: 3 : 2.832186e-06 / 5.134974e-01
PCG: 4 : 2.241416e-06 / 4.063861e-01
PCG: 5 : 2.917300e-06 / 5.289292e-01
PCG: 6 : 4.469620e-06 / 8.103769e-01
PCG: 7 : 3.628319e-06 / 6.578426e-01
PCG: 8 : 3.089640e-06 / 5.601758e-01
PCG: 0 : 3.089639e-06
PCG: 1 : 2.824717e-06 / 9.142547e-01
PCG: 2 : 2.404256e-06 / 7.781672e-01
PCG: 3 : 1.201047e-06 / 3.887338e-01
PCG: 4 : 7.402346e-07 / 2.395861e-01
PCG: 5 : 7.855227e-07 / 2.542441e-01
PCG: 6 : 9.845858e-07 / 3.186734e-01
PCG: 7 : 8.018580e-07 / 2.595313e-01
PCG: 8 : 1.060200e-06 / 3.431469e-01
PCG: 0 : 1.060199e-06
PCG: 1 : 6.939557e-07 / 6.545523e-01
PCG: 2 : 7.451503e-07 / 7.028400e-01
PCG: 3 : 5.537893e-07 / 5.223446e-01
PCG: 4 : 4.442612e-07 / 4.190357e-01
PCG: 5 : 5.806993e-07 / 5.477268e-01
PCG: 6 : 8.571227e-07 / 8.084546e-01
PCG: 7 : 6.915965e-07 / 6.523271e-01
PCG: 8 : 5.952733e-07 / 5.614731e-01
PCG: 0 : 5.952739e-07
PCG: 1 : 5.371861e-07 / 9.024183e-01
PCG: 2 : 4.628475e-07 / 7.775370e-01
PCG: 3 : 2.376078e-07 / 3.991570e-01
PCG: 4 : 1.441978e-07 / 2.422377e-01
PCG: 5 : 1.525144e-07 / 2.562087e-01
PCG: 6 : 1.860402e-07 / 3.125288e-01
PCG: 7 : 1.516627e-07 / 2.547781e-01
PCG: 8 : 2.041422e-07 / 3.429382e-01
PCG: 0 : 2.041421e-07
PCG: 1 : 1.320924e-07 / 6.470608e-01
PCG: 2 : 1.428504e-07 / 6.997595e-01
PCG: 3 : 1.077969e-07 / 5.280483e-01
PCG: 4 : 8.665818e-08 / 4.244992e-01
PCG: 5 : 1.145940e-07 / 5.613443e-01
PCG: 6 : 1.645513e-07 / 8.060623e-01
PCG: 7 : 1.324409e-07 / 6.487679e-01
PCG: 8 : 1.148327e-07 / 5.625135e-01
PCG: 0 : 1.148327e-07
PCG: 1 : 1.026180e-07 / 8.936303e-01
PCG: 2 : 8.916548e-08 / 7.764816e-01
PCG: 3 : 4.659481e-08 / 4.057626e-01
PCG: 4 : 2.787431e-08 / 2.427384e-01
PCG: 5 : 2.959766e-08 / 2.577459e-01
PCG: 6 : 3.545242e-08 / 3.087310e-01
PCG: 7 : 2.892928e-08 / 2.519254e-01
PCG: 8 : 3.931473e-08 / 3.423653e-01
PCG: 0 : 3.931472e-08
PCG: 1 : 2.523617e-08 / 6.419012e-01
PCG: 2 : 2.742426e-08 / 6.975571e-01
PCG: 3 : 2.088981e-08 / 5.313482e-01
PCG: 4 : 1.677314e-08 / 4.266376e-01
PCG: 5 : 2.243405e-08 / 5.706272e-01
PCG: 6 : 3.159935e-08 / 8.037536e-01
PCG: 7 : 2.541972e-08 / 6.465699e-01
PCG: 8 : 2.213936e-08 / 5.631317e-01
PCG: 0 : 2.213937e-08
PCG: 1 : 1.965319e-08 / 8.877031e-01
PCG: 2 : 1.716908e-08 / 7.755001e-01
PCG: 3 : 9.076274e-09 / 4.099608e-01
PCG: 4 : 5.369417e-09 / 2.425280e-01
PCG: 5 : 5.726525e-09 / 2.586580e-01
PCG: 6 : 6.775435e-09 / 3.060356e-01
PCG: 7 : 5.537086e-09 / 2.501014e-01
PCG: 8 : 7.568087e-09 / 3.418384e-01
PCG: 0 : 7.568086e-09
PCG: 1 : 4.830855e-09 / 6.383193e-01
PCG: 2 : 5.264643e-09 / 6.956374e-01
PCG: 3 : 4.034598e-09 / 5.331068e-01
PCG: 4 : 3.234851e-09 / 4.274332e-01
PCG: 5 : 4.363736e-09 / 5.765970e-01
PCG: 6 : 6.065231e-09 / 8.014221e-01
PCG: 7 : 4.882216e-09 / 6.451057e-01
PCG: 8 : 4.263516e-09 / 5.633546e-01

PCG ( VCycle ( S: Scale / C: Scale )  )

Complete solver TOE: 2.29263
2.54915 GFlop/s [2.54915 GFlops/s]

Total time: 2.29263s
Accumulated op time: 2.20448

Reductions: 7.34114%
Blas-1: 5.77303%
Blas-2: 83.0412%
Precon Kernels: 0%
MPI Execution: 0%
MPI Wait: 0%
Not covered: 3.84463%

Domain size: 48.1654 MByte
LA size: 120.741 MByte
MPI size: 2.67931 MByte

H0-Error: 1.717878e-06
H1-Error: 4.034414e-03

Writing DATA to output.data...
Run-Time: 0:02.854 [0:02.854]
0x31d198e880 Error: MemoryPool<CPU> still contains memory chunks on deconstructor call
