NUM-PROCS: 1
Preparing domain...
LVL-MIN: 5 [5]
LVL-MAX: 8 [8]
Creating gates...
Assembling system matrices...
Assembling system filters...
Assembling transfer matrices...
Converting assembled linear system from SparseMatrixCSR, Mem:main to SparseMatrixELL, Mem:cudaand to SparseMatrixELL, Mem:cuda...
PCG: 0 : 3.788187e-02
PCG: 1 : 1.531280e-01 / 4.042252e+00
PCG: 2 : 1.362876e-01 / 3.597701e+00
PCG: 3 : 2.921193e-01 / 7.711322e+00
PCG: 4 : 2.872778e-01 / 7.583518e+00
PCG: 5 : 1.502761e-01 / 3.966966e+00
PCG: 6 : 1.546996e-01 / 4.083736e+00
PCG: 7 : 1.430835e-01 / 3.777096e+00
PCG: 8 : 1.148350e-01 / 3.031397e+00
PCG: 9 : 6.612951e-02 / 1.745677e+00
PCG: 0 : 6.635269e-02
PCG: 1 : 4.942021e-02 / 7.448110e-01
PCG: 2 : 3.643852e-02 / 5.491642e-01
PCG: 3 : 2.515894e-02 / 3.791698e-01
PCG: 4 : 1.319437e-02 / 1.988520e-01
PCG: 5 : 1.127490e-02 / 1.699237e-01
PCG: 6 : 9.093134e-03 / 1.370424e-01
PCG: 7 : 4.956384e-03 / 7.469756e-02
PCG: 8 : 3.967162e-03 / 5.978902e-02
PCG: 9 : 6.737280e-03 / 1.015374e-01
PCG: 0 : 6.737280e-03
PCG: 1 : 2.586830e-03 / 3.839576e-01
PCG: 2 : 1.583805e-03 / 2.350808e-01
PCG: 3 : 1.529594e-03 / 2.270343e-01
PCG: 4 : 1.972803e-03 / 2.928190e-01
PCG: 5 : 2.938724e-03 / 4.361885e-01
PCG: 6 : 1.906132e-03 / 2.829230e-01
PCG: 7 : 1.540346e-03 / 2.286303e-01
PCG: 8 : 1.867386e-03 / 2.771720e-01
PCG: 9 : 1.664521e-03 / 2.470612e-01
PCG: 0 : 1.664521e-03
PCG: 1 : 1.365794e-03 / 8.205324e-01
PCG: 2 : 5.571696e-04 / 3.347326e-01
PCG: 3 : 5.417863e-04 / 3.254907e-01
PCG: 4 : 7.002392e-04 / 4.206851e-01
PCG: 5 : 4.456113e-04 / 2.677114e-01
PCG: 6 : 3.065218e-04 / 1.841502e-01
PCG: 7 : 2.520756e-04 / 1.514403e-01
PCG: 8 : 2.597976e-04 / 1.560795e-01
PCG: 9 : 3.925185e-04 / 2.358146e-01
PCG: 0 : 3.925185e-04
PCG: 1 : 2.072279e-04 / 5.279444e-01
PCG: 2 : 1.323589e-04 / 3.372042e-01
PCG: 3 : 1.792537e-04 / 4.566759e-01
PCG: 4 : 2.428094e-04 / 6.185936e-01
PCG: 5 : 2.769030e-04 / 7.054520e-01
PCG: 6 : 1.727047e-04 / 4.399913e-01
PCG: 7 : 1.140605e-04 / 2.905862e-01
PCG: 8 : 1.866611e-04 / 4.755473e-01
PCG: 9 : 1.625307e-04 / 4.140715e-01
PCG: 0 : 1.625307e-04
PCG: 1 : 1.331385e-04 / 8.191590e-01
PCG: 2 : 4.818578e-05 / 2.964718e-01
PCG: 3 : 5.850304e-05 / 3.599507e-01
PCG: 4 : 7.748747e-05 / 4.767559e-01
PCG: 5 : 4.945976e-05 / 3.043102e-01
PCG: 6 : 3.185006e-05 / 1.959633e-01
PCG: 7 : 2.038033e-05 / 1.253937e-01
PCG: 8 : 2.449166e-05 / 1.506895e-01
PCG: 9 : 3.793720e-05 / 2.334156e-01
PCG: 0 : 3.793720e-05
PCG: 1 : 2.148740e-05 / 5.663941e-01
PCG: 2 : 1.346773e-05 / 3.550006e-01
PCG: 3 : 2.016427e-05 / 5.315171e-01
PCG: 4 : 2.621244e-05 / 6.909431e-01
PCG: 5 : 3.012150e-05 / 7.939833e-01
PCG: 6 : 1.745731e-05 / 4.601634e-01
PCG: 7 : 1.094423e-05 / 2.884829e-01
PCG: 8 : 1.832946e-05 / 4.831526e-01
PCG: 9 : 1.607195e-05 / 4.236461e-01
PCG: 0 : 1.607194e-05
PCG: 1 : 1.365635e-05 / 8.497015e-01
PCG: 2 : 5.024414e-06 / 3.126202e-01
PCG: 3 : 6.620058e-06 / 4.119015e-01
PCG: 4 : 8.401176e-06 / 5.227231e-01
PCG: 5 : 5.248394e-06 / 3.265563e-01
PCG: 6 : 3.383150e-06 / 2.105004e-01
PCG: 7 : 2.019784e-06 / 1.256714e-01
PCG: 8 : 2.573000e-06 / 1.600927e-01
PCG: 9 : 3.778562e-06 / 2.351030e-01
PCG: 0 : 3.778562e-06
PCG: 1 : 2.222990e-06 / 5.883164e-01
PCG: 2 : 1.447264e-06 / 3.830198e-01
PCG: 3 : 2.232625e-06 / 5.908664e-01
PCG: 4 : 2.836954e-06 / 7.508025e-01
PCG: 5 : 3.224108e-06 / 8.532633e-01
PCG: 6 : 1.851160e-06 / 4.899112e-01
PCG: 7 : 1.150568e-06 / 3.044989e-01
PCG: 8 : 1.904940e-06 / 5.041443e-01
PCG: 9 : 1.542678e-06 / 4.082712e-01
PCG: 0 : 1.542678e-06
PCG: 1 : 1.437656e-06 / 9.319222e-01
PCG: 2 : 5.811750e-07 / 3.767312e-01
PCG: 3 : 7.702679e-07 / 4.993057e-01
PCG: 4 : 9.005703e-07 / 5.837708e-01
PCG: 5 : 5.591749e-07 / 3.624702e-01
PCG: 6 : 3.853339e-07 / 2.497825e-01
PCG: 7 : 2.333951e-07 / 1.512921e-01
PCG: 8 : 2.811898e-07 / 1.822738e-01
PCG: 9 : 3.323042e-07 / 2.154073e-01
PCG: 0 : 3.323042e-07
PCG: 1 : 2.478659e-07 / 7.459007e-01
PCG: 2 : 1.780690e-07 / 5.358614e-01
PCG: 3 : 2.553950e-07 / 7.685581e-01
PCG: 4 : 2.953152e-07 / 8.886894e-01
PCG: 5 : 3.422915e-07 / 1.030055e+00
PCG: 6 : 2.151107e-07 / 6.473307e-01
PCG: 7 : 1.389430e-07 / 4.181199e-01
PCG: 8 : 2.149730e-07 / 6.469164e-01
PCG: 9 : 1.364357e-07 / 4.105747e-01
PCG: 0 : 1.364357e-07
PCG: 1 : 1.627442e-07 / 1.192827e+00
PCG: 2 : 7.208099e-08 / 5.283147e-01
PCG: 3 : 8.886819e-08 / 6.513559e-01
PCG: 4 : 9.529330e-08 / 6.984484e-01
PCG: 5 : 5.772766e-08 / 4.231126e-01
PCG: 6 : 4.211694e-08 / 3.086944e-01
PCG: 7 : 2.668458e-08 / 1.955836e-01
PCG: 8 : 3.078531e-08 / 2.256397e-01
PCG: 9 : 3.243623e-08 / 2.377401e-01

PCG ( VCycle ( S: Scale / C: Scale )  )

Complete solver TOE: 0.108931
9.42051 GFlop/s [9.42051 GFlops/s]

Total time: 0.108931s
Accumulated op time: 0.051401

Reductions: 41.015%
Blas-1: 3.26812%
Blas-2: 2.90367%
Precon Kernels: 0%
MPI Execution: 0%
MPI Wait: 0%
Not covered: 52.8132%

Domain size: 12.056 MByte
LA size: 30.0508 MByte
MPI size: 0.671478 MByte

H0-Error: 6.891484e-06
H1-Error: 8.068795e-03

Writing DATA to output.data...
Run-Time: 0:00.324 [0:00.324]
0x31d198e880 Error: MemoryPool<CUDA> still contains memory chunks on deconstructor call
