NUM-PROCS: 1
Preparing domain...
LVL-MIN: 1 [1]
LVL-MAX: 5 [5]
Creating gates...
Assembling system matrices...
Assembling system filters...
Assembling transfer matrices...
Converting assembled linear system from SparseMatrixCSR, Mem:main to SparseMatrixCSR, Mem:mainand to SparseMatrixCSR, Mem:main...
PCG: 0 : 3.015411e-01
PCG: 1 : 8.240046e-02 / 2.732644e-01
PCG: 2 : 1.934824e-02 / 6.416451e-02
PCG: 0 : 4.269005e-02
PCG: 1 : 6.424532e-03 / 1.504925e-01
PCG: 2 : 7.380494e-04 / 1.728856e-02
PCG: 0 : 7.380509e-04
PCG: 1 : 1.145190e-04 / 1.551640e-01
PCG: 2 : 7.520796e-06 / 1.019008e-02
PCG: 0 : 7.520792e-06
PCG: 1 : 1.716098e-06 / 2.281805e-01
PCG: 2 : 1.092940e-07 / 1.453225e-02
PCG: 0 : 1.092941e-07
PCG: 1 : 2.410808e-08 / 2.205799e-01
PCG: 2 : 3.323954e-09 / 3.041293e-02

PCG ( VCycle ( S: Scale / C: Scale )  )

Complete solver TOE: 0.000652
2.67274 GFlop/s [2.67274 GFlops/s]

Total time: 0.000652s
Accumulated op time: 0.000502

Reductions: 9.66258%
Blas-1: 3.37423%
Blas-2: 63.9571%
Precon Kernels: 0%
MPI Execution: 0%
MPI Wait: 0%
Not covered: 23.0061%

Domain size: 0.200943 MByte
LA size: 0.509789 MByte
MPI size: 0.011467 MByte

H0-Error: 4.391239e-04
H1-Error: 6.452751e-02

Writing DATA to output.data...
Run-Time: 0:00.005 [0:00.005]
0x31d198e880 Error: MemoryPool<CPU> still contains memory chunks on deconstructor call
