NUM-PROCS: 1
Preparing domain...
LVL-MIN: 4 [4]
LVL-MAX: 11 [11]
Creating gates...
Assembling system matrices...
Assembling system filters...
Assembling transfer matrices...
Converting assembled linear system from SparseMatrixCSR, Mem:main to SparseMatrixCSR, Mem:mainand to SparseMatrixCSR, Mem:main...
PCG: 0 : 4.717541e-03
PCG: 1 : 9.589627e-03 / 2.032760e+00
PCG: 2 : 1.439332e-02 / 3.051021e+00
PCG: 3 : 3.675831e-02 / 7.791837e+00
PCG: 0 : 3.675713e-02
PCG: 1 : 4.037547e-02 / 1.098439e+00
PCG: 2 : 4.138922e-02 / 1.126019e+00
PCG: 3 : 4.843617e-02 / 1.317735e+00
PCG: 0 : 4.843616e-02
PCG: 1 : 2.713775e-02 / 5.602787e-01
PCG: 2 : 1.753753e-02 / 3.620751e-01
PCG: 3 : 1.079356e-02 / 2.228409e-01
PCG: 0 : 1.079355e-02
PCG: 1 : 1.207739e-02 / 1.118945e+00
PCG: 2 : 1.230544e-02 / 1.140074e+00
PCG: 3 : 1.655432e-02 / 1.533724e+00
PCG: 0 : 1.655433e-02
PCG: 1 : 1.012792e-02 / 6.117988e-01
PCG: 2 : 7.078748e-03 / 4.276070e-01
PCG: 3 : 5.280071e-03 / 3.189541e-01
PCG: 0 : 5.280072e-03
PCG: 1 : 5.912635e-03 / 1.119802e+00
PCG: 2 : 5.619639e-03 / 1.064311e+00
PCG: 3 : 6.896047e-03 / 1.306052e+00
PCG: 0 : 6.896044e-03
PCG: 1 : 4.263685e-03 / 6.182798e-01
PCG: 2 : 3.130280e-03 / 4.539241e-01
PCG: 3 : 2.349254e-03 / 3.406668e-01
PCG: 0 : 2.349253e-03
PCG: 1 : 2.616863e-03 / 1.113913e+00
PCG: 2 : 2.460143e-03 / 1.047202e+00
PCG: 3 : 2.932675e-03 / 1.248344e+00
PCG: 0 : 2.932674e-03
PCG: 1 : 1.813825e-03 / 6.184885e-01
PCG: 2 : 1.368277e-03 / 4.665629e-01
PCG: 3 : 1.028025e-03 / 3.505417e-01
PCG: 0 : 1.028025e-03
PCG: 1 : 1.140043e-03 / 1.108964e+00
PCG: 2 : 1.073125e-03 / 1.043871e+00
PCG: 3 : 1.269698e-03 / 1.235086e+00
PCG: 0 : 1.269699e-03
PCG: 1 : 7.773403e-04 / 6.122242e-01
PCG: 2 : 5.931800e-04 / 4.671817e-01
PCG: 3 : 4.471746e-04 / 3.521895e-01
PCG: 0 : 4.471744e-04
PCG: 1 : 4.932813e-04 / 1.103107e+00
PCG: 2 : 4.667683e-04 / 1.043817e+00
PCG: 3 : 5.514354e-04 / 1.233155e+00
PCG: 0 : 5.514357e-04
PCG: 1 : 3.360249e-04 / 6.093637e-01
PCG: 2 : 2.568201e-04 / 4.657300e-01
PCG: 3 : 1.941506e-04 / 3.520820e-01
PCG: 0 : 1.941505e-04
PCG: 1 : 2.122537e-04 / 1.093243e+00
PCG: 2 : 2.019042e-04 / 1.039937e+00
PCG: 3 : 2.420980e-04 / 1.246960e+00
PCG: 0 : 2.420980e-04
PCG: 1 : 1.448077e-04 / 5.981367e-01
PCG: 2 : 1.108180e-04 / 4.577403e-01
PCG: 3 : 8.412280e-05 / 3.474741e-01
PCG: 0 : 8.412262e-05
PCG: 1 : 9.137525e-05 / 1.086215e+00
PCG: 2 : 8.744061e-05 / 1.039442e+00
PCG: 3 : 1.060128e-04 / 1.260217e+00
PCG: 0 : 1.060128e-04
PCG: 1 : 6.267354e-05 / 5.911886e-01
PCG: 2 : 4.785655e-05 / 4.514225e-01
PCG: 3 : 3.647598e-05 / 3.440715e-01
PCG: 0 : 3.647594e-05
PCG: 1 : 3.930472e-05 / 1.077552e+00
PCG: 2 : 3.770183e-05 / 1.033608e+00
PCG: 3 : 4.636004e-05 / 1.270976e+00
PCG: 0 : 4.636003e-05
PCG: 1 : 2.711235e-05 / 5.848218e-01
PCG: 2 : 2.068117e-05 / 4.460993e-01
PCG: 3 : 1.585288e-05 / 3.419515e-01
PCG: 0 : 1.585289e-05
PCG: 1 : 1.692504e-05 / 1.067631e+00
PCG: 2 : 1.628366e-05 / 1.027173e+00
PCG: 3 : 2.020076e-05 / 1.274264e+00
PCG: 0 : 2.020074e-05
PCG: 1 : 1.171082e-05 / 5.797222e-01
PCG: 2 : 8.915845e-06 / 4.413622e-01
PCG: 3 : 6.879321e-06 / 3.405479e-01
PCG: 0 : 6.879326e-06
PCG: 1 : 7.279677e-06 / 1.058196e+00
PCG: 2 : 7.043582e-06 / 1.023877e+00
PCG: 3 : 8.821316e-06 / 1.282294e+00
PCG: 0 : 8.821316e-06
PCG: 1 : 5.080685e-06 / 5.759555e-01
PCG: 2 : 3.844788e-06 / 4.358521e-01
PCG: 3 : 2.973660e-06 / 3.370993e-01
PCG: 0 : 2.973656e-06
PCG: 1 : 3.125888e-06 / 1.051193e+00
PCG: 2 : 3.035082e-06 / 1.020657e+00
PCG: 3 : 3.867517e-06 / 1.300593e+00
PCG: 0 : 3.867516e-06
PCG: 1 : 2.192656e-06 / 5.669416e-01
PCG: 2 : 1.655828e-06 / 4.281374e-01
PCG: 3 : 1.287155e-06 / 3.328118e-01
PCG: 0 : 1.287156e-06
PCG: 1 : 1.345472e-06 / 1.045306e+00
PCG: 2 : 1.311887e-06 / 1.019214e+00
PCG: 3 : 1.683918e-06 / 1.308247e+00
PCG: 0 : 1.683917e-06
PCG: 1 : 9.500120e-07 / 5.641678e-01
PCG: 2 : 7.133739e-07 / 4.236395e-01
PCG: 3 : 5.552443e-07 / 3.297337e-01
PCG: 0 : 5.552441e-07
PCG: 1 : 5.773321e-07 / 1.039781e+00
PCG: 2 : 5.648866e-07 / 1.017366e+00
PCG: 3 : 7.349917e-07 / 1.323727e+00
PCG: 0 : 7.349913e-07
PCG: 1 : 4.104318e-07 / 5.584173e-01
PCG: 2 : 3.078307e-07 / 4.188223e-01
PCG: 3 : 2.408694e-07 / 3.277173e-01
PCG: 0 : 2.408691e-07
PCG: 1 : 2.487112e-07 / 1.032557e+00
PCG: 2 : 2.442417e-07 / 1.014002e+00
PCG: 3 : 3.181412e-07 / 1.320805e+00
PCG: 0 : 3.181414e-07
PCG: 1 : 1.773468e-07 / 5.574467e-01
PCG: 2 : 1.328067e-07 / 4.174457e-01
PCG: 3 : 1.041913e-07 / 3.274999e-01
PCG: 0 : 1.041914e-07
PCG: 1 : 1.068167e-07 / 1.025198e+00
PCG: 2 : 1.052740e-07 / 1.010391e+00
PCG: 3 : 1.383622e-07 / 1.327962e+00
PCG: 0 : 1.383621e-07
PCG: 1 : 7.673145e-08 / 5.545698e-01
PCG: 2 : 5.729591e-08 / 4.141011e-01
PCG: 3 : 4.511237e-08 / 3.260457e-01
PCG: 0 : 4.511228e-08
PCG: 1 : 4.601991e-08 / 1.020120e+00
PCG: 2 : 4.541572e-08 / 1.006726e+00
PCG: 3 : 6.022034e-08 / 1.334899e+00

PCG ( VCycle ( S: Scale / C: Scale )  )

Complete solver TOE: 33.289
2.0186 GFlop/s [2.0186 GFlops/s]

Total time: 33.289s
Accumulated op time: 32.0917

Reductions: 6.10493%
Blas-1: 6.65643%
Blas-2: 83.6419%
Precon Kernels: 0%
MPI Execution: 0%
MPI Wait: 0%
Not covered: 3.59678%

Domain size: 768.86 MByte
LA size: 1932.08 MByte
MPI size: 42.7285 MByte

H0-Error: 1.348254e-07
H1-Error: 1.008605e-03

Writing DATA to output.data...
Run-Time: 0:42.424 [0:42.424]
0x31d198e880 Error: MemoryPool<CPU> still contains memory chunks on deconstructor call
