NUM-PROCS: 1
Preparing domain...
LVL-MIN: 6 [6]
LVL-MAX: 9 [9]
Creating gates...
Assembling system matrices...
Assembling system filters...
Assembling transfer matrices...
Converting assembled linear system from SparseMatrixCSR, Mem:main to SparseMatrixCSR, Mem:mainand to SparseMatrixCSR, Mem:main...
PCG: 0 : 1.894513e-02
PCG: 1 : 1.596215e-01 / 8.425464e+00
PCG: 2 : 1.434441e-01 / 7.571554e+00
PCG: 3 : 2.808625e-01 / 1.482505e+01
PCG: 4 : 2.514145e-01 / 1.327067e+01
PCG: 5 : 1.382731e-01 / 7.298611e+00
PCG: 0 : 1.383143e-01
PCG: 1 : 1.597247e-01 / 1.154796e+00
PCG: 2 : 1.472545e-01 / 1.064637e+00
PCG: 3 : 8.752118e-02 / 6.327704e-01
PCG: 4 : 8.623439e-02 / 6.234670e-01
PCG: 5 : 1.006594e-01 / 7.277587e-01
PCG: 0 : 1.006594e-01
PCG: 1 : 7.176001e-02 / 7.128993e-01
PCG: 2 : 9.830752e-02 / 9.766353e-01
PCG: 3 : 9.557839e-02 / 9.495228e-01
PCG: 4 : 7.217808e-02 / 7.170526e-01
PCG: 5 : 7.456072e-02 / 7.407229e-01
PCG: 0 : 7.456071e-02
PCG: 1 : 6.432401e-02 / 8.627065e-01
PCG: 2 : 6.302179e-02 / 8.452414e-01
PCG: 3 : 3.334561e-02 / 4.472276e-01
PCG: 4 : 2.841079e-02 / 3.810424e-01
PCG: 5 : 5.782081e-02 / 7.754863e-01
PCG: 0 : 5.782080e-02
PCG: 1 : 4.307002e-02 / 7.448879e-01
PCG: 2 : 5.479224e-02 / 9.476215e-01
PCG: 3 : 4.675687e-02 / 8.086513e-01
PCG: 4 : 3.962331e-02 / 6.852777e-01
PCG: 5 : 5.465981e-02 / 9.453312e-01
PCG: 0 : 5.465981e-02
PCG: 1 : 4.511964e-02 / 8.254629e-01
PCG: 2 : 3.804461e-02 / 6.960253e-01
PCG: 3 : 2.075303e-02 / 3.796762e-01
PCG: 4 : 2.454984e-02 / 4.491387e-01
PCG: 5 : 5.375722e-02 / 9.834871e-01
PCG: 0 : 5.375721e-02
PCG: 1 : 3.999396e-02 / 7.439739e-01
PCG: 2 : 3.801131e-02 / 7.070922e-01
PCG: 3 : 3.098964e-02 / 5.764740e-01
PCG: 4 : 3.336377e-02 / 6.206380e-01
PCG: 5 : 4.911628e-02 / 9.136686e-01
PCG: 0 : 4.911628e-02
PCG: 1 : 3.705481e-02 / 7.544302e-01
PCG: 2 : 2.406515e-02 / 4.899628e-01
PCG: 3 : 1.977354e-02 / 4.025862e-01
PCG: 4 : 3.451705e-02 / 7.027618e-01
PCG: 5 : 5.650862e-02 / 1.150507e+00
PCG: 0 : 5.650861e-02
PCG: 1 : 3.835358e-02 / 6.787210e-01
PCG: 2 : 2.374980e-02 / 4.202864e-01
PCG: 3 : 2.289598e-02 / 4.051767e-01
PCG: 4 : 3.319665e-02 / 5.874618e-01
PCG: 5 : 3.958110e-02 / 7.004436e-01
PCG: 0 : 3.958110e-02
PCG: 1 : 3.040783e-02 / 7.682412e-01
PCG: 2 : 2.022569e-02 / 5.109937e-01
PCG: 3 : 2.048942e-02 / 5.176566e-01
PCG: 4 : 3.508265e-02 / 8.863486e-01
PCG: 5 : 4.800430e-02 / 1.212809e+00
PCG: 0 : 4.800430e-02
PCG: 1 : 3.254030e-02 / 6.778622e-01
PCG: 2 : 1.957789e-02 / 4.078363e-01
PCG: 3 : 1.885738e-02 / 3.928270e-01
PCG: 4 : 2.738883e-02 / 5.705496e-01
PCG: 5 : 3.295916e-02 / 6.865876e-01
PCG: 0 : 3.295916e-02
PCG: 1 : 2.555155e-02 / 7.752489e-01
PCG: 2 : 1.766450e-02 / 5.359511e-01
PCG: 3 : 1.776537e-02 / 5.390117e-01
PCG: 4 : 2.928005e-02 / 8.883737e-01
PCG: 5 : 4.043318e-02 / 1.226766e+00
PCG: 0 : 4.043318e-02
PCG: 1 : 2.738182e-02 / 6.772116e-01
PCG: 2 : 1.676579e-02 / 4.146543e-01
PCG: 3 : 1.628258e-02 / 4.027033e-01
PCG: 4 : 2.288717e-02 / 5.660493e-01
PCG: 5 : 2.763997e-02 / 6.835963e-01
PCG: 0 : 2.763997e-02
PCG: 1 : 2.158001e-02 / 7.807540e-01
PCG: 2 : 1.533614e-02 / 5.548539e-01
PCG: 3 : 1.535112e-02 / 5.553957e-01
PCG: 4 : 2.454925e-02 / 8.881794e-01
PCG: 5 : 3.403116e-02 / 1.231230e+00
PCG: 0 : 3.403115e-02
PCG: 1 : 2.312367e-02 / 6.794854e-01
PCG: 2 : 1.442894e-02 / 4.239922e-01
PCG: 3 : 1.406017e-02 / 4.131558e-01
PCG: 4 : 1.923161e-02 / 5.651178e-01
PCG: 5 : 2.323799e-02 / 6.828448e-01
PCG: 0 : 2.323800e-02
PCG: 1 : 1.827347e-02 / 7.863614e-01
PCG: 2 : 1.327941e-02 / 5.714522e-01
PCG: 3 : 1.324590e-02 / 5.700104e-01
PCG: 4 : 2.065934e-02 / 8.890325e-01
PCG: 5 : 2.866238e-02 / 1.233427e+00
PCG: 0 : 2.866239e-02
PCG: 1 : 1.957613e-02 / 6.829901e-01
PCG: 2 : 1.243014e-02 / 4.336744e-01
PCG: 3 : 1.212326e-02 / 4.229677e-01
PCG: 4 : 1.621792e-02 / 5.658259e-01
PCG: 5 : 1.959006e-02 / 6.834762e-01
PCG: 0 : 1.959006e-02
PCG: 1 : 1.550551e-02 / 7.914988e-01
PCG: 2 : 1.147106e-02 / 5.855553e-01
PCG: 3 : 1.140897e-02 / 5.823857e-01
PCG: 4 : 1.743557e-02 / 8.900217e-01
PCG: 5 : 2.418729e-02 / 1.234672e+00
PCG: 0 : 2.418729e-02
PCG: 1 : 1.660378e-02 / 6.864671e-01
PCG: 2 : 1.069831e-02 / 4.423110e-01
PCG: 3 : 1.043346e-02 / 4.313613e-01
PCG: 4 : 1.371505e-02 / 5.670353e-01
PCG: 5 : 1.656142e-02 / 6.847158e-01
PCG: 0 : 1.656142e-02
PCG: 1 : 1.317822e-02 / 7.957180e-01
PCG: 2 : 9.884995e-03 / 5.968687e-01
PCG: 3 : 9.808094e-03 / 5.922253e-01
PCG: 4 : 1.475001e-02 / 8.906244e-01
PCG: 5 : 2.045765e-02 / 1.235259e+00
PCG: 0 : 2.045765e-02
PCG: 1 : 1.410258e-02 / 6.893548e-01
PCG: 2 : 9.192779e-03 / 4.493566e-01
PCG: 3 : 8.963027e-03 / 4.381259e-01
PCG: 4 : 1.162594e-02 / 5.682932e-01
PCG: 5 : 1.403661e-02 / 6.861301e-01
PCG: 0 : 1.403661e-02
PCG: 1 : 1.121403e-02 / 7.989132e-01
PCG: 2 : 8.499369e-03 / 6.055143e-01
PCG: 3 : 8.417441e-03 / 5.996776e-01
PCG: 4 : 1.250311e-02 / 8.907503e-01
PCG: 5 : 1.733925e-02 / 1.235288e+00
PCG: 0 : 1.733925e-02
PCG: 1 : 1.199068e-02 / 6.915339e-01
PCG: 2 : 7.886114e-03 / 4.548129e-01
PCG: 3 : 7.688089e-03 / 4.433922e-01
PCG: 4 : 9.873550e-03 / 5.694335e-01
PCG: 5 : 1.192042e-02 / 6.874818e-01
PCG: 0 : 1.192042e-02
PCG: 1 : 9.550810e-03 / 8.012141e-01
PCG: 2 : 7.294413e-03 / 6.119258e-01
PCG: 3 : 7.214177e-03 / 6.051948e-01
PCG: 4 : 1.061561e-02 / 8.905397e-01
PCG: 5 : 1.472000e-02 / 1.234856e+00
PCG: 0 : 1.472001e-02
PCG: 1 : 1.020289e-02 / 6.931306e-01
PCG: 2 : 6.756198e-03 / 4.589806e-01
PCG: 3 : 6.586996e-03 / 4.474859e-01
PCG: 4 : 8.397499e-03 / 5.704820e-01
PCG: 5 : 1.013817e-02 / 6.887338e-01
PCG: 0 : 1.013817e-02
PCG: 1 : 8.139146e-03 / 8.028224e-01
PCG: 2 : 6.251435e-03 / 6.166239e-01
PCG: 3 : 6.176666e-03 / 6.092488e-01
PCG: 4 : 9.023959e-03 / 8.900977e-01
PCG: 5 : 1.251073e-02 / 1.234023e+00
PCG: 0 : 1.251073e-02
PCG: 1 : 8.685968e-03 / 6.942815e-01
PCG: 2 : 5.781856e-03 / 4.621518e-01
PCG: 3 : 5.638492e-03 / 4.506925e-01
PCG: 4 : 7.149444e-03 / 5.714650e-01
PCG: 5 : 8.630551e-03 / 6.898519e-01
PCG: 0 : 8.630552e-03
PCG: 1 : 6.938944e-03 / 8.039977e-01
PCG: 2 : 5.352042e-03 / 6.201274e-01
PCG: 3 : 5.284678e-03 / 6.123221e-01
PCG: 4 : 7.677700e-03 / 8.895955e-01
PCG: 5 : 1.064142e-02 / 1.232994e+00
PCG: 0 : 1.064142e-02
PCG: 1 : 7.397666e-03 / 6.951768e-01
PCG: 2 : 4.944888e-03 / 4.646833e-01
PCG: 3 : 4.823992e-03 / 4.533224e-01
PCG: 4 : 6.091601e-03 / 5.724428e-01
PCG: 5 : 7.351938e-03 / 6.908796e-01
PCG: 0 : 7.351938e-03
PCG: 1 : 5.917205e-03 / 8.048496e-01
PCG: 2 : 4.578643e-03 / 6.227803e-01
PCG: 3 : 4.519553e-03 / 6.147431e-01
PCG: 4 : 6.536433e-03 / 8.890762e-01
PCG: 5 : 9.055515e-03 / 1.231718e+00
PCG: 0 : 9.055516e-03
PCG: 1 : 6.302088e-03 / 6.959391e-01
PCG: 2 : 4.227048e-03 / 4.667926e-01
PCG: 3 : 4.125419e-03 / 4.555697e-01
PCG: 4 : 5.192857e-03 / 5.734469e-01
PCG: 5 : 6.264996e-03 / 6.918431e-01
PCG: 0 : 6.264996e-03
PCG: 1 : 5.046995e-03 / 8.055863e-01
PCG: 2 : 3.915265e-03 / 6.249430e-01
PCG: 3 : 3.864385e-03 / 6.168215e-01
PCG: 4 : 5.567470e-03 / 8.886629e-01
PCG: 5 : 7.707993e-03 / 1.230327e+00
PCG: 0 : 7.707993e-03
PCG: 1 : 5.369964e-03 / 6.966748e-01
PCG: 2 : 3.612502e-03 / 4.686696e-01
PCG: 3 : 3.527350e-03 / 4.576223e-01
PCG: 4 : 4.428459e-03 / 5.745282e-01
PCG: 5 : 5.339670e-03 / 6.927446e-01
PCG: 0 : 5.339670e-03
PCG: 1 : 4.305426e-03 / 8.063095e-01
PCG: 2 : 3.347195e-03 / 6.268544e-01
PCG: 3 : 3.304127e-03 / 6.187886e-01
PCG: 4 : 4.743805e-03 / 8.884079e-01
PCG: 5 : 6.561560e-03 / 1.228832e+00
PCG: 0 : 6.561560e-03
PCG: 1 : 4.576573e-03 / 6.974825e-01
PCG: 2 : 3.087204e-03 / 4.704986e-01
PCG: 3 : 3.015936e-03 / 4.596370e-01
PCG: 4 : 3.777791e-03 / 5.757459e-01
PCG: 5 : 4.551224e-03 / 6.936193e-01
PCG: 0 : 4.551224e-03
PCG: 1 : 3.673266e-03 / 8.070941e-01
PCG: 2 : 2.861222e-03 / 6.286709e-01
PCG: 3 : 2.825580e-03 / 6.208397e-01
PCG: 4 : 4.043275e-03 / 8.883929e-01
PCG: 5 : 5.585200e-03 / 1.227186e+00
PCG: 0 : 5.585198e-03
PCG: 1 : 3.901134e-03 / 6.984774e-01
PCG: 2 : 2.638468e-03 / 4.724036e-01
PCG: 3 : 2.578938e-03 / 4.617451e-01
PCG: 4 : 3.223612e-03 / 5.771706e-01
PCG: 5 : 3.878949e-03 / 6.945053e-01
PCG: 0 : 3.878948e-03
PCG: 1 : 3.134412e-03 / 8.080572e-01
PCG: 2 : 2.446099e-03 / 6.306089e-01
PCG: 3 : 2.417233e-03 / 6.231670e-01
PCG: 4 : 3.447155e-03 / 8.886828e-01
PCG: 5 : 4.753310e-03 / 1.225412e+00
PCG: 0 : 4.753309e-03
PCG: 1 : 3.326005e-03 / 6.997241e-01
PCG: 2 : 2.255599e-03 / 4.745323e-01
PCG: 3 : 2.206023e-03 / 4.641026e-01
PCG: 4 : 2.751546e-03 / 5.788696e-01
PCG: 5 : 3.305361e-03 / 6.953810e-01
PCG: 0 : 3.305361e-03
PCG: 1 : 2.675015e-03 / 8.092958e-01
PCG: 2 : 2.091665e-03 / 6.328099e-01
PCG: 3 : 2.069157e-03 / 6.260004e-01
PCG: 4 : 2.939808e-03 / 8.894060e-01
PCG: 5 : 4.044059e-03 / 1.223485e+00
PCG: 0 : 4.044060e-03
PCG: 1 : 2.836346e-03 / 7.013610e-01
PCG: 2 : 1.929201e-03 / 4.770457e-01
PCG: 3 : 1.887985e-03 / 4.668539e-01
PCG: 4 : 2.349386e-03 / 5.809475e-01
PCG: 5 : 2.815962e-03 / 6.963207e-01
PCG: 0 : 2.815962e-03
PCG: 1 : 2.283434e-03 / 8.108896e-01
PCG: 2 : 1.789362e-03 / 6.354356e-01
PCG: 3 : 1.772697e-03 / 6.295175e-01
PCG: 4 : 2.507930e-03 / 8.906124e-01
PCG: 5 : 3.439071e-03 / 1.221278e+00
PCG: 0 : 3.439071e-03
PCG: 1 : 2.419349e-03 / 7.034891e-01
PCG: 2 : 1.651084e-03 / 4.800960e-01
PCG: 3 : 1.616918e-03 / 4.701612e-01
PCG: 4 : 2.006786e-03 / 5.835255e-01
PCG: 5 : 2.398108e-03 / 6.973127e-01
PCG: 0 : 2.398108e-03
PCG: 1 : 1.949659e-03 / 8.129990e-01
PCG: 2 : 1.531653e-03 / 6.386923e-01
PCG: 3 : 1.520331e-03 / 6.339713e-01
PCG: 4 : 2.140189e-03 / 8.924491e-01
PCG: 5 : 2.922845e-03 / 1.218813e+00
PCG: 0 : 2.922845e-03
PCG: 1 : 2.064316e-03 / 7.062693e-01
PCG: 2 : 1.414330e-03 / 4.838880e-01
PCG: 3 : 1.386005e-03 / 4.741974e-01
PCG: 4 : 1.714905e-03 / 5.867248e-01
PCG: 5 : 2.041514e-03 / 6.984681e-01
PCG: 0 : 2.041514e-03
PCG: 1 : 1.665257e-03 / 8.156971e-01
PCG: 2 : 1.312153e-03 / 6.427353e-01
PCG: 3 : 1.305640e-03 / 6.395449e-01
PCG: 4 : 1.827095e-03 / 8.949704e-01
PCG: 5 : 2.482224e-03 / 1.215874e+00
PCG: 0 : 2.482223e-03
PCG: 1 : 1.761995e-03 / 7.098454e-01
PCG: 2 : 1.212831e-03 / 4.886066e-01
PCG: 3 : 1.189259e-03 / 4.791103e-01
PCG: 4 : 1.466168e-03 / 5.906673e-01
PCG: 5 : 1.737183e-03 / 6.998498e-01
PCG: 0 : 1.737183e-03
PCG: 1 : 1.422823e-03 / 8.190401e-01
PCG: 2 : 1.125110e-03 / 6.476633e-01
PCG: 3 : 1.122775e-03 / 6.463193e-01
PCG: 4 : 1.560312e-03 / 8.981849e-01
PCG: 5 : 2.106187e-03 / 1.212415e+00
PCG: 0 : 2.106186e-03
PCG: 1 : 1.504435e-03 / 7.142931e-01
PCG: 2 : 1.041252e-03 / 4.943779e-01
PCG: 3 : 1.021386e-03 / 4.849457e-01
PCG: 4 : 1.254029e-03 / 5.954025e-01
PCG: 5 : 1.477462e-03 / 7.014869e-01
PCG: 0 : 1.477462e-03
PCG: 1 : 1.216228e-03 / 8.231871e-01
PCG: 2 : 9.657826e-04 / 6.536766e-01
PCG: 3 : 9.667782e-04 / 6.543505e-01
PCG: 4 : 1.332938e-03 / 9.021809e-01
PCG: 5 : 1.785658e-03 / 1.208598e+00
PCG: 0 : 1.785658e-03
PCG: 1 : 1.284982e-03 / 7.196123e-01
PCG: 2 : 8.950508e-04 / 5.012442e-01
PCG: 3 : 8.778971e-04 / 4.916378e-01
PCG: 4 : 1.072978e-03 / 6.008865e-01
PCG: 5 : 1.256052e-03 / 7.034113e-01
PCG: 0 : 1.256052e-03
PCG: 1 : 1.040026e-03 / 8.280120e-01
PCG: 2 : 8.297095e-04 / 6.605693e-01
PCG: 3 : 8.331696e-04 / 6.633240e-01
PCG: 4 : 1.138866e-03 / 9.067026e-01
PCG: 5 : 1.512756e-03 / 1.204373e+00
PCG: 0 : 1.512756e-03
PCG: 1 : 1.097827e-03 / 7.257130e-01
PCG: 2 : 7.702097e-04 / 5.091435e-01
PCG: 3 : 7.547747e-04 / 4.989402e-01
PCG: 4 : 9.182348e-04 / 6.069947e-01
PCG: 5 : 1.067576e-03 / 7.057160e-01
PCG: 0 : 1.067576e-03
PCG: 1 : 8.896274e-04 / 8.333154e-01
PCG: 2 : 7.132208e-04 / 6.680750e-01
PCG: 3 : 7.182181e-04 / 6.727560e-01
PCG: 4 : 9.730211e-04 / 9.114304e-01
PCG: 5 : 1.280859e-03 / 1.199782e+00
PCG: 0 : 1.280859e-03
PCG: 1 : 9.380212e-04 / 7.323378e-01
PCG: 2 : 6.632271e-04 / 5.177988e-01
PCG: 3 : 6.487416e-04 / 5.064896e-01
PCG: 4 : 7.857819e-04 / 6.134806e-01
PCG: 5 : 9.074546e-04 / 7.084736e-01
PCG: 0 : 9.074545e-04
PCG: 1 : 7.611436e-04 / 8.387677e-01
PCG: 2 : 6.131587e-04 / 6.756909e-01
PCG: 3 : 6.188817e-04 / 6.819974e-01
PCG: 4 : 8.312043e-04 / 9.159735e-01
PCG: 5 : 1.084365e-03 / 1.194952e+00
PCG: 0 : 1.084365e-03
PCG: 1 : 8.014433e-04 / 7.390900e-01
PCG: 2 : 5.712195e-04 / 5.267779e-01
PCG: 3 : 5.571850e-04 / 5.138354e-01
PCG: 4 : 6.722962e-04 / 6.199906e-01
PCG: 5 : 7.716115e-04 / 7.115792e-01
PCG: 0 : 7.716112e-04
PCG: 1 : 6.512452e-04 / 8.440069e-01
PCG: 2 : 5.269392e-04 / 6.829076e-01
PCG: 3 : 5.327429e-04 / 6.904292e-01
PCG: 4 : 7.098751e-04 / 9.199907e-01
PCG: 5 : 9.182687e-04 / 1.190067e+00
PCG: 0 : 9.182687e-04
PCG: 1 : 6.846459e-04 / 7.455834e-01
PCG: 2 : 4.918205e-04 / 5.355954e-01
PCG: 3 : 4.780411e-04 / 5.205895e-01
PCG: 4 : 5.750014e-04 / 6.261799e-01
PCG: 5 : 6.564893e-04 / 7.149206e-01
PCG: 0 : 6.564893e-04
PCG: 1 : 5.571469e-04 / 8.486763e-01
PCG: 2 : 4.524817e-04 / 6.892445e-01
PCG: 3 : 4.579709e-04 / 6.976059e-01
PCG: 4 : 6.060788e-04 / 9.232120e-01
PCG: 5 : 7.780998e-04 / 1.185243e+00
PCG: 0 : 7.780999e-04
PCG: 1 : 5.847196e-04 / 7.514711e-01
PCG: 2 : 4.231350e-04 / 5.438055e-01
PCG: 3 : 4.096637e-04 / 5.264925e-01
PCG: 4 : 4.915902e-04 / 6.317829e-01
PCG: 5 : 5.589483e-04 / 7.183504e-01
PCG: 0 : 5.589482e-04
PCG: 1 : 4.765442e-04 / 8.525732e-01
PCG: 2 : 3.881496e-04 / 6.944285e-01
PCG: 3 : 3.931258e-04 / 7.033314e-01
PCG: 4 : 5.173116e-04 / 9.255090e-01
PCG: 5 : 6.599119e-04 / 1.180632e+00
PCG: 0 : 6.599118e-04
PCG: 1 : 4.992464e-04 / 7.565349e-01
PCG: 2 : 3.636853e-04 / 5.511120e-01
PCG: 3 : 3.507167e-04 / 5.314599e-01
PCG: 4 : 4.201273e-04 / 6.366415e-01
PCG: 5 : 4.762756e-04 / 7.217261e-01
PCG: 0 : 4.762756e-04
PCG: 1 : 4.075076e-04 / 8.556131e-01
PCG: 2 : 3.326126e-04 / 6.983616e-01
PCG: 3 : 3.370385e-04 / 7.076543e-01
PCG: 4 : 4.414681e-04 / 9.269173e-01
PCG: 5 : 5.602316e-04 / 1.176276e+00
PCG: 0 : 5.602317e-04
PCG: 1 : 4.261546e-04 / 7.606755e-01
PCG: 2 : 3.122368e-04 / 5.573350e-01
PCG: 3 : 3.000087e-04 / 5.355083e-01
PCG: 4 : 3.589433e-04 / 6.407051e-01
PCG: 5 : 4.060804e-04 / 7.248436e-01
PCG: 0 : 4.060803e-04
PCG: 1 : 3.483663e-04 / 8.578754e-01
PCG: 2 : 2.847314e-04 / 7.011701e-01
PCG: 3 : 2.886376e-04 / 7.107894e-01
PCG: 4 : 3.766927e-04 / 9.276311e-01
PCG: 5 : 4.760772e-04 / 1.172372e+00
PCG: 0 : 4.760771e-04
PCG: 1 : 3.637029e-04 / 7.639579e-01
PCG: 2 : 2.677930e-04 / 5.624992e-01
PCG: 3 : 2.564920e-04 / 5.387614e-01
PCG: 4 : 3.065945e-04 / 6.440017e-01
PCG: 5 : 3.464262e-04 / 7.276681e-01
PCG: 0 : 3.464262e-04
PCG: 1 : 2.977303e-04 / 8.594337e-01
PCG: 2 : 2.435619e-04 / 7.030700e-01
PCG: 3 : 2.470058e-04 / 7.130113e-01
PCG: 4 : 3.214046e-04 / 9.277723e-01
PCG: 5 : 4.049237e-04 / 1.168860e+00
PCG: 0 : 4.049237e-04
PCG: 1 : 3.103695e-04 / 7.664887e-01
PCG: 2 : 2.294704e-04 / 5.667002e-01
PCG: 3 : 2.192078e-04 / 5.413558e-01
PCG: 4 : 2.618389e-04 / 6.466376e-01
PCG: 5 : 2.956451e-04 / 7.301255e-01
PCG: 0 : 2.956451e-04
PCG: 1 : 2.543893e-04 / 8.604550e-01
PCG: 2 : 2.082087e-04 / 7.042521e-01
PCG: 3 : 2.112501e-04 / 7.145395e-01
PCG: 4 : 2.742233e-04 / 9.275422e-01
PCG: 5 : 3.446613e-04 / 1.165794e+00
PCG: 0 : 3.446612e-04
PCG: 1 : 2.648343e-04 / 7.683903e-01
PCG: 2 : 1.964855e-04 / 5.700831e-01
PCG: 3 : 1.872978e-04 / 5.434259e-01
PCG: 4 : 2.235805e-04 / 6.486963e-01
PCG: 5 : 2.523704e-04 / 7.322276e-01
PCG: 0 : 2.523704e-04
PCG: 1 : 2.173155e-04 / 8.610976e-01
PCG: 2 : 1.779181e-04 / 7.049879e-01
PCG: 3 : 1.806054e-04 / 7.156362e-01
PCG: 4 : 2.339684e-04 / 9.270835e-01
PCG: 5 : 2.935515e-04 / 1.163177e+00
PCG: 0 : 2.935514e-04
PCG: 1 : 2.259746e-04 / 7.697955e-01
PCG: 2 : 1.681447e-04 / 5.727946e-01
PCG: 3 : 1.600101e-04 / 5.450837e-01
PCG: 4 : 1.908951e-04 / 6.502953e-01
PCG: 5 : 2.154705e-04 / 7.340129e-01
PCG: 0 : 2.154704e-04
PCG: 1 : 1.856091e-04 / 8.614131e-01
PCG: 2 : 1.519904e-04 / 7.053887e-01
PCG: 3 : 1.543661e-04 / 7.164145e-01
PCG: 4 : 1.996296e-04 / 9.264824e-01
PCG: 5 : 2.501433e-04 / 1.160917e+00
PCG: 0 : 2.501432e-04
PCG: 1 : 1.928225e-04 / 7.708485e-01
PCG: 2 : 1.438332e-04 / 5.750034e-01
PCG: 3 : 1.366899e-04 / 5.464463e-01
PCG: 4 : 1.629747e-04 / 6.515253e-01
PCG: 5 : 1.839836e-04 / 7.355132e-01
PCG: 0 : 1.839836e-04
PCG: 1 : 1.585042e-04 / 8.615126e-01
PCG: 2 : 1.298183e-04 / 7.055969e-01
PCG: 3 : 1.319165e-04 / 7.170016e-01
PCG: 4 : 1.703338e-04 / 9.258098e-01
PCG: 5 : 2.132307e-04 / 1.158966e+00
PCG: 0 : 2.132307e-04
PCG: 1 : 1.645311e-04 / 7.716106e-01
PCG: 2 : 1.229917e-04 / 5.768009e-01
PCG: 3 : 1.167619e-04 / 5.475848e-01
PCG: 4 : 1.391304e-04 / 6.524877e-01
PCG: 5 : 1.571065e-04 / 7.367909e-01
PCG: 0 : 1.571065e-04
PCG: 1 : 1.353488e-04 / 8.615099e-01
PCG: 2 : 1.108762e-04 / 7.057388e-01
PCG: 3 : 1.127208e-04 / 7.174802e-01
PCG: 4 : 1.453383e-04 / 9.250942e-01
PCG: 5 : 1.818230e-04 / 1.157323e+00
PCG: 0 : 1.818230e-04
PCG: 1 : 1.403948e-04 / 7.721509e-01
PCG: 2 : 1.051487e-04 / 5.783024e-01
PCG: 3 : 9.974100e-05 / 5.485610e-01
PCG: 4 : 1.187729e-04 / 6.532338e-01
PCG: 5 : 1.341574e-04 / 7.378462e-01
PCG: 0 : 1.341574e-04
PCG: 1 : 1.155653e-04 / 8.614159e-01
PCG: 2 : 9.469235e-05 / 7.058304e-01
PCG: 3 : 9.631389e-05 / 7.179172e-01
PCG: 4 : 1.240196e-04 / 9.244334e-01
PCG: 5 : 1.550804e-04 / 1.155958e+00
PCG: 0 : 1.550804e-04
PCG: 1 : 1.198021e-04 / 7.725160e-01
PCG: 2 : 8.987676e-05 / 5.795496e-01
PCG: 3 : 8.519971e-05 / 5.493907e-01
PCG: 4 : 1.013876e-04 / 6.537748e-01
PCG: 5 : 1.145594e-04 / 7.387098e-01
PCG: 0 : 1.145594e-04
PCG: 1 : 9.866738e-05 / 8.612772e-01
PCG: 2 : 8.087300e-05 / 7.059484e-01
PCG: 3 : 8.229177e-05 / 7.183329e-01
PCG: 4 : 1.058301e-04 / 9.238016e-01
PCG: 5 : 1.322963e-04 / 1.154827e+00
PCG: 0 : 1.322963e-04
PCG: 1 : 1.022347e-04 / 7.727708e-01
PCG: 2 : 7.681493e-05 / 5.806281e-01
PCG: 3 : 7.278162e-05 / 5.501412e-01
PCG: 4 : 8.654762e-05 / 6.541955e-01
PCG: 5 : 9.782222e-05 / 7.394179e-01
PCG: 0 : 9.782219e-05
PCG: 1 : 8.423554e-05 / 8.611087e-01
PCG: 2 : 6.907272e-05 / 7.061048e-01
PCG: 3 : 7.030912e-05 / 7.187440e-01
PCG: 4 : 9.030699e-05 / 9.231749e-01
PCG: 5 : 1.128744e-04 / 1.153873e+00
PCG: 0 : 1.128744e-04
PCG: 1 : 8.724502e-05 / 7.729388e-01
PCG: 2 : 6.564654e-05 / 5.815892e-01
PCG: 3 : 6.217526e-05 / 5.508357e-01
PCG: 4 : 7.387817e-05 / 6.545165e-01
PCG: 5 : 8.353256e-05 / 7.400486e-01
PCG: 0 : 8.353253e-05
PCG: 1 : 7.191291e-05 / 8.608970e-01
PCG: 2 : 5.899708e-05 / 7.062767e-01
PCG: 3 : 6.007351e-05 / 7.191630e-01
PCG: 4 : 7.706767e-05 / 9.226066e-01
PCG: 5 : 9.631382e-05 / 1.153010e+00
PCG: 0 : 9.631384e-05
PCG: 1 : 7.445634e-05 / 7.730597e-01
PCG: 2 : 5.610050e-05 / 5.824760e-01
PCG: 3 : 5.311581e-05 / 5.514868e-01
PCG: 4 : 6.306328e-05 / 6.547686e-01
PCG: 5 : 7.132871e-05 / 7.405863e-01
PCG: 0 : 7.132872e-05
PCG: 1 : 6.139110e-05 / 8.606787e-01
PCG: 2 : 5.039217e-05 / 7.064781e-01
PCG: 3 : 5.132728e-05 / 7.195879e-01
PCG: 4 : 6.576833e-05 / 9.220457e-01
PCG: 5 : 8.218942e-05 / 1.152263e+00
PCG: 0 : 8.218941e-05
PCG: 1 : 6.354380e-05 / 7.731385e-01
PCG: 2 : 4.793963e-05 / 5.832822e-01
PCG: 3 : 4.537728e-05 / 5.521061e-01
PCG: 4 : 5.383105e-05 / 6.549633e-01
PCG: 5 : 6.090795e-05 / 7.410680e-01
PCG: 0 : 6.090795e-05
PCG: 1 : 5.240796e-05 / 8.604453e-01
PCG: 2 : 4.304557e-05 / 7.067316e-01
PCG: 3 : 4.385581e-05 / 7.200343e-01
PCG: 4 : 5.612875e-05 / 9.215339e-01
PCG: 5 : 7.014054e-05 / 1.151583e+00
PCG: 0 : 7.014056e-05
PCG: 1 : 5.423346e-05 / 7.732111e-01
PCG: 2 : 4.096581e-05 / 5.840530e-01
PCG: 3 : 3.876748e-05 / 5.527114e-01
PCG: 4 : 4.594898e-05 / 6.550986e-01
PCG: 5 : 5.200805e-05 / 7.414832e-01
PCG: 0 : 5.200805e-05
PCG: 1 : 4.473842e-05 / 8.602210e-01
PCG: 2 : 3.677204e-05 / 7.070451e-01
PCG: 3 : 3.747216e-05 / 7.205068e-01
PCG: 4 : 4.790313e-05 / 9.210715e-01
PCG: 5 : 5.986257e-05 / 1.151025e+00
PCG: 0 : 5.986255e-05
PCG: 1 : 4.628670e-05 / 7.732163e-01
PCG: 2 : 3.500502e-05 / 5.847566e-01
PCG: 3 : 3.312119e-05 / 5.532873e-01
PCG: 4 : 3.922173e-05 / 6.551964e-01
PCG: 5 : 4.440712e-05 / 7.418181e-01
PCG: 0 : 4.440713e-05
PCG: 1 : 3.819131e-05 / 8.600265e-01
PCG: 2 : 3.141401e-05 / 7.074091e-01
PCG: 3 : 3.201794e-05 / 7.210090e-01
PCG: 4 : 4.088360e-05 / 9.206540e-01
PCG: 5 : 5.109430e-05 / 1.150588e+00
PCG: 0 : 5.109431e-05
PCG: 1 : 3.950648e-05 / 7.732071e-01
PCG: 2 : 2.991232e-05 / 5.854335e-01
PCG: 3 : 2.829847e-05 / 5.538477e-01
PCG: 4 : 3.347980e-05 / 6.552550e-01
PCG: 5 : 3.791666e-05 / 7.420915e-01
PCG: 0 : 3.791665e-05
PCG: 1 : 3.260176e-05 / 8.598270e-01
PCG: 2 : 2.683775e-05 / 7.078090e-01
PCG: 3 : 2.735754e-05 / 7.215177e-01
PCG: 4 : 3.489327e-05 / 9.202625e-01
PCG: 5 : 4.361099e-05 / 1.150180e+00
PCG: 0 : 4.361100e-05
PCG: 1 : 3.371974e-05 / 7.731935e-01
PCG: 2 : 2.556004e-05 / 5.860916e-01
PCG: 3 : 2.417793e-05 / 5.543998e-01
PCG: 4 : 2.857777e-05 / 6.552880e-01
PCG: 5 : 3.237470e-05 / 7.423517e-01
PCG: 0 : 3.237470e-05
PCG: 1 : 2.783014e-05 / 8.596263e-01
PCG: 2 : 2.292903e-05 / 7.082391e-01
PCG: 3 : 2.337627e-05 / 7.220538e-01
PCG: 4 : 2.978165e-05 / 9.199049e-01
PCG: 5 : 3.722476e-05 / 1.149810e+00
PCG: 0 : 3.722476e-05
PCG: 1 : 2.878127e-05 / 7.731755e-01
PCG: 2 : 2.184167e-05 / 5.867510e-01
PCG: 3 : 2.065820e-05 / 5.549585e-01
PCG: 4 : 2.439438e-05 / 6.553267e-01
PCG: 5 : 2.764265e-05 / 7.425876e-01
PCG: 0 : 2.764265e-05
PCG: 1 : 2.375739e-05 / 8.594469e-01
PCG: 2 : 1.959024e-05 / 7.086962e-01
PCG: 3 : 1.997465e-05 / 7.226027e-01
PCG: 4 : 2.541888e-05 / 9.195532e-01
PCG: 5 : 3.177400e-05 / 1.149456e+00
PCG: 0 : 3.177400e-05
PCG: 1 : 2.456615e-05 / 7.731526e-01
PCG: 2 : 1.866377e-05 / 5.873914e-01
PCG: 3 : 1.765064e-05 / 5.555058e-01
PCG: 4 : 2.082344e-05 / 6.553611e-01
PCG: 5 : 2.360159e-05 / 7.427958e-01
PCG: 0 : 2.360159e-05
PCG: 1 : 2.028041e-05 / 8.592815e-01
PCG: 2 : 1.673757e-05 / 7.091711e-01
PCG: 3 : 1.706745e-05 / 7.231483e-01
PCG: 4 : 2.169556e-05 / 9.192412e-01
PCG: 5 : 2.712160e-05 / 1.149143e+00
PCG: 0 : 2.712160e-05
PCG: 1 : 2.096906e-05 / 7.731497e-01
PCG: 2 : 1.594848e-05 / 5.880362e-01
PCG: 3 : 1.508096e-05 / 5.560497e-01
PCG: 4 : 1.777513e-05 / 6.553866e-01
PCG: 5 : 2.015130e-05 / 7.429981e-01
PCG: 0 : 2.015130e-05
PCG: 1 : 1.731266e-05 / 8.591335e-01
PCG: 2 : 1.430093e-05 / 7.096781e-01
PCG: 3 : 1.458406e-05 / 7.237281e-01
PCG: 4 : 1.851796e-05 / 9.189460e-01
PCG: 5 : 2.315116e-05 / 1.148867e+00
PCG: 0 : 2.315116e-05
PCG: 1 : 1.789827e-05 / 7.731045e-01
PCG: 2 : 1.362821e-05 / 5.886620e-01
PCG: 3 : 1.288557e-05 / 5.565839e-01
PCG: 4 : 1.517330e-05 / 6.554012e-01
PCG: 5 : 1.720455e-05 / 7.431397e-01
PCG: 0 : 1.720456e-05
PCG: 1 : 1.477904e-05 / 8.590189e-01
PCG: 2 : 1.221909e-05 / 7.102240e-01
PCG: 3 : 1.246135e-05 / 7.243049e-01
PCG: 4 : 1.580573e-05 / 9.186945e-01
PCG: 5 : 1.976131e-05 / 1.148609e+00
PCG: 0 : 1.976131e-05
PCG: 1 : 1.527747e-05 / 7.730999e-01
PCG: 2 : 1.164517e-05 / 5.892914e-01
PCG: 3 : 1.100972e-05 / 5.571351e-01
PCG: 4 : 1.295242e-05 / 6.554433e-01
PCG: 5 : 1.468898e-05 / 7.433202e-01
PCG: 0 : 1.468898e-05
PCG: 1 : 1.261628e-05 / 8.588943e-01
PCG: 2 : 1.044046e-05 / 7.107682e-01
PCG: 3 : 1.064762e-05 / 7.248710e-01
PCG: 4 : 1.349114e-05 / 9.184530e-01
PCG: 5 : 1.686829e-05 / 1.148363e+00
PCG: 0 : 1.686829e-05
PCG: 1 : 1.304090e-05 / 7.731014e-01
PCG: 2 : 9.950748e-06 / 5.899085e-01
PCG: 3 : 9.407143e-06 / 5.576820e-01
PCG: 4 : 1.105674e-05 / 6.554746e-01
PCG: 5 : 1.254078e-05 / 7.434530e-01
PCG: 0 : 1.254078e-05
PCG: 1 : 1.077013e-05 / 8.588085e-01
PCG: 2 : 8.920680e-06 / 7.113337e-01
PCG: 3 : 9.097654e-06 / 7.254456e-01
PCG: 4 : 1.151564e-05 / 9.182557e-01
PCG: 5 : 1.439844e-05 / 1.148130e+00
PCG: 0 : 1.439844e-05
PCG: 1 : 1.113197e-05 / 7.731374e-01
PCG: 2 : 8.502961e-06 / 5.905474e-01
PCG: 3 : 8.037659e-06 / 5.582312e-01
PCG: 4 : 9.438560e-06 / 6.555265e-01
PCG: 5 : 1.070683e-05 / 7.436106e-01
PCG: 0 : 1.070684e-05
PCG: 1 : 9.194066e-06 / 8.587099e-01
PCG: 2 : 7.622222e-06 / 7.119024e-01
PCG: 3 : 7.773398e-06 / 7.260219e-01
PCG: 4 : 9.829705e-06 / 9.180775e-01
PCG: 5 : 1.229018e-05 / 1.147882e+00
PCG: 0 : 1.229018e-05
PCG: 1 : 9.502197e-06 / 7.731537e-01
PCG: 2 : 7.265344e-06 / 5.911504e-01
PCG: 3 : 6.867423e-06 / 5.587732e-01
PCG: 4 : 8.057228e-06 / 6.555827e-01
PCG: 5 : 9.140412e-06 / 7.437168e-01
PCG: 0 : 9.140413e-06
PCG: 1 : 7.848803e-06 / 8.586924e-01
PCG: 2 : 6.512781e-06 / 7.125259e-01
PCG: 3 : 6.641609e-06 / 7.266203e-01
PCG: 4 : 8.390287e-06 / 9.179330e-01
PCG: 5 : 1.049063e-05 / 1.147720e+00
PCG: 0 : 1.049063e-05
PCG: 1 : 8.111248e-06 / 7.731895e-01
PCG: 2 : 6.208074e-06 / 5.917730e-01
PCG: 3 : 5.867519e-06 / 5.593103e-01
PCG: 4 : 6.878309e-06 / 6.556619e-01
PCG: 5 : 7.803257e-06 / 7.438309e-01
PCG: 0 : 7.803258e-06
PCG: 1 : 6.700363e-06 / 8.586623e-01
PCG: 2 : 5.564597e-06 / 7.131120e-01
PCG: 3 : 5.674547e-06 / 7.272022e-01
PCG: 4 : 7.161977e-06 / 9.178188e-01
PCG: 5 : 8.954086e-06 / 1.147480e+00
PCG: 0 : 8.954087e-06
PCG: 1 : 6.923955e-06 / 7.732731e-01
PCG: 2 : 5.304445e-06 / 5.924050e-01
PCG: 3 : 5.012950e-06 / 5.598505e-01
PCG: 4 : 5.871709e-06 / 6.557574e-01
PCG: 5 : 6.661573e-06 / 7.439701e-01
PCG: 0 : 6.661573e-06
PCG: 1 : 5.719996e-06 / 8.586555e-01
PCG: 2 : 4.754382e-06 / 7.137026e-01
PCG: 3 : 4.848230e-06 / 7.277905e-01
PCG: 4 : 6.113575e-06 / 9.177374e-01
PCG: 5 : 7.642585e-06 / 1.147264e+00
PCG: 0 : 7.642584e-06
PCG: 1 : 5.910489e-06 / 7.733626e-01
PCG: 2 : 4.532254e-06 / 5.930265e-01
PCG: 3 : 4.282808e-06 / 5.603875e-01
PCG: 4 : 5.012554e-06 / 6.558716e-01
PCG: 5 : 5.686728e-06 / 7.440845e-01
PCG: 0 : 5.686727e-06
PCG: 1 : 4.883068e-06 / 8.586781e-01
PCG: 2 : 4.062136e-06 / 7.143187e-01
PCG: 3 : 4.142082e-06 / 7.283770e-01
PCG: 4 : 5.218723e-06 / 9.177023e-01
PCG: 5 : 6.522998e-06 / 1.147057e+00
PCG: 0 : 6.522999e-06
PCG: 1 : 5.045409e-06 / 7.734799e-01
PCG: 2 : 3.872352e-06 / 5.936459e-01
PCG: 3 : 3.658947e-06 / 5.609303e-01
PCG: 4 : 4.279038e-06 / 6.559924e-01
PCG: 5 : 4.854414e-06 / 7.441997e-01
PCG: 0 : 4.854413e-06
PCG: 1 : 4.168658e-06 / 8.587357e-01
PCG: 2 : 3.470637e-06 / 7.149448e-01
PCG: 3 : 3.538691e-06 / 7.289637e-01
PCG: 4 : 4.454857e-06 / 9.176923e-01
PCG: 5 : 5.567416e-06 / 1.146877e+00
PCG: 0 : 5.567416e-06
PCG: 1 : 4.306949e-06 / 7.735993e-01
PCG: 2 : 3.308409e-06 / 5.942450e-01
PCG: 3 : 3.125902e-06 / 5.614636e-01
PCG: 4 : 3.653026e-06 / 6.561438e-01
PCG: 5 : 4.143722e-06 / 7.442809e-01
PCG: 0 : 4.143722e-06
PCG: 1 : 3.558730e-06 / 8.588246e-01
PCG: 2 : 2.965149e-06 / 7.155762e-01
PCG: 3 : 3.023016e-06 / 7.295411e-01
PCG: 4 : 3.802807e-06 / 9.177275e-01
PCG: 5 : 4.751656e-06 / 1.146712e+00
PCG: 0 : 4.751656e-06
PCG: 1 : 3.676663e-06 / 7.737645e-01
PCG: 2 : 2.826519e-06 / 5.948492e-01
PCG: 3 : 2.670450e-06 / 5.620041e-01
PCG: 4 : 3.118549e-06 / 6.563079e-01
PCG: 5 : 3.536976e-06 / 7.443669e-01
PCG: 0 : 3.536975e-06
PCG: 1 : 3.038064e-06 / 8.589441e-01
PCG: 2 : 2.533215e-06 / 7.162094e-01
PCG: 3 : 2.582429e-06 / 7.301236e-01
PCG: 4 : 3.246210e-06 / 9.177926e-01
PCG: 5 : 4.055310e-06 / 1.146547e+00
PCG: 0 : 4.055310e-06
PCG: 1 : 3.138550e-06 / 7.739359e-01
PCG: 2 : 2.414700e-06 / 5.954416e-01
PCG: 3 : 2.281209e-06 / 5.625241e-01
PCG: 4 : 2.662300e-06 / 6.564974e-01
PCG: 5 : 3.018964e-06 / 7.444472e-01
PCG: 0 : 3.018964e-06
PCG: 1 : 2.593574e-06 / 8.590941e-01
PCG: 2 : 2.164071e-06 / 7.168258e-01
PCG: 3 : 2.205963e-06 / 7.307021e-01
PCG: 4 : 2.771149e-06 / 9.179139e-01
PCG: 5 : 3.460942e-06 / 1.146401e+00
PCG: 0 : 3.460942e-06
PCG: 1 : 2.679266e-06 / 7.741435e-01
PCG: 2 : 2.062866e-06 / 5.960417e-01
PCG: 3 : 1.948665e-06 / 5.630448e-01
PCG: 4 : 2.272751e-06 / 6.566857e-01
PCG: 5 : 2.576745e-06 / 7.445213e-01
PCG: 0 : 2.576745e-06
PCG: 1 : 2.214088e-06 / 8.592578e-01
PCG: 2 : 1.848669e-06 / 7.174435e-01
PCG: 3 : 1.884336e-06 / 7.312852e-01
PCG: 4 : 2.365601e-06 / 9.180577e-01
PCG: 5 : 2.953576e-06 / 1.146243e+00
PCG: 0 : 2.953575e-06
PCG: 1 : 2.287163e-06 / 7.743709e-01
PCG: 2 : 1.762180e-06 / 5.966260e-01
PCG: 3 : 1.664498e-06 / 5.635538e-01
PCG: 4 : 1.940265e-06 / 6.569207e-01
PCG: 5 : 2.199274e-06 / 7.446140e-01
PCG: 0 : 2.199273e-06
PCG: 1 : 1.890179e-06 / 8.594564e-01
PCG: 2 : 1.579182e-06 / 7.180471e-01
PCG: 3 : 1.609530e-06 / 7.318462e-01
PCG: 4 : 2.019415e-06 / 9.182194e-01
PCG: 5 : 2.520530e-06 / 1.146074e+00
PCG: 0 : 2.520530e-06
PCG: 1 : 1.952448e-06 / 7.746181e-01
PCG: 2 : 1.505275e-06 / 5.972055e-01
PCG: 3 : 1.421767e-06 / 5.640748e-01
PCG: 4 : 1.656415e-06 / 6.571695e-01
PCG: 5 : 1.877023e-06 / 7.446936e-01
PCG: 0 : 1.877022e-06
PCG: 1 : 1.613659e-06 / 8.596910e-01
PCG: 2 : 1.348942e-06 / 7.186604e-01
PCG: 3 : 1.374735e-06 / 7.324020e-01
PCG: 4 : 1.723887e-06 / 9.184160e-01
PCG: 5 : 2.150879e-06 / 1.145900e+00
PCG: 0 : 2.150879e-06
PCG: 1 : 1.666722e-06 / 7.749026e-01
PCG: 2 : 1.285767e-06 / 5.977866e-01
PCG: 3 : 1.214367e-06 / 5.645909e-01
PCG: 4 : 1.414082e-06 / 6.574435e-01
PCG: 5 : 1.601927e-06 / 7.447776e-01
PCG: 0 : 1.601926e-06
PCG: 1 : 1.377554e-06 / 8.599361e-01
PCG: 2 : 1.152184e-06 / 7.192488e-01
PCG: 3 : 1.174122e-06 / 7.329438e-01
PCG: 4 : 1.471608e-06 / 9.186492e-01
PCG: 5 : 1.835382e-06 / 1.145734e+00
PCG: 0 : 1.835381e-06
PCG: 1 : 1.422816e-06 / 7.752153e-01
PCG: 2 : 1.098207e-06 / 5.983534e-01
PCG: 3 : 1.037169e-06 / 5.650970e-01
PCG: 4 : 1.207215e-06 / 6.577460e-01
PCG: 5 : 1.367118e-06 / 7.448686e-01
PCG: 0 : 1.367118e-06
PCG: 1 : 1.176037e-06 / 8.602308e-01
PCG: 2 : 9.841025e-07 / 7.198372e-01
PCG: 3 : 1.002767e-06 / 7.334900e-01
PCG: 4 : 1.256227e-06 / 9.188873e-01
PCG: 5 : 1.566071e-06 / 1.145527e+00
PCG: 0 : 1.566071e-06
PCG: 1 : 1.214569e-06 / 7.755518e-01
PCG: 2 : 9.379800e-07 / 5.989384e-01
PCG: 3 : 8.857972e-07 / 5.656176e-01
PCG: 4 : 1.030618e-06 / 6.580916e-01
PCG: 5 : 1.166699e-06 / 7.449850e-01
PCG: 0 : 1.166699e-06
PCG: 1 : 1.003992e-06 / 8.605404e-01
PCG: 2 : 8.405028e-07 / 7.204108e-01
PCG: 3 : 8.563837e-07 / 7.340227e-01
PCG: 4 : 1.072396e-06 / 9.191705e-01
PCG: 5 : 1.336301e-06 / 1.145368e+00
PCG: 0 : 1.336300e-06
PCG: 1 : 1.036824e-06 / 7.758915e-01
PCG: 2 : 8.010709e-07 / 5.994692e-01
PCG: 3 : 7.564981e-07 / 5.661139e-01
PCG: 4 : 8.798457e-07 / 6.584192e-01
PCG: 5 : 9.956179e-07 / 7.450555e-01
PCG: 0 : 9.956177e-07
PCG: 1 : 8.571060e-07 / 8.608786e-01
PCG: 2 : 7.178327e-07 / 7.209923e-01
PCG: 3 : 7.313309e-07 / 7.345499e-01
PCG: 4 : 9.154646e-07 / 9.194941e-01
PCG: 5 : 1.140186e-06 / 1.145205e+00
PCG: 0 : 1.140186e-06
PCG: 1 : 8.850864e-07 / 7.762650e-01
PCG: 2 : 6.841138e-07 / 6.000019e-01
PCG: 3 : 6.460552e-07 / 5.666227e-01
PCG: 4 : 7.511244e-07 / 6.587735e-01
PCG: 5 : 8.495866e-07 / 7.451298e-01
PCG: 0 : 8.495865e-07
PCG: 1 : 7.317076e-07 / 8.612515e-01
PCG: 2 : 6.130431e-07 / 7.215782e-01
PCG: 3 : 6.245081e-07 / 7.350730e-01
PCG: 4 : 7.814958e-07 / 9.198544e-01
PCG: 5 : 9.728366e-07 / 1.145071e+00
PCG: 0 : 9.728363e-07
PCG: 1 : 7.555666e-07 / 7.766637e-01
PCG: 2 : 5.842114e-07 / 6.005238e-01
PCG: 3 : 5.517025e-07 / 5.671072e-01
PCG: 4 : 6.412312e-07 / 6.591357e-01
PCG: 5 : 7.249600e-07 / 7.452024e-01
PCG: 0 : 7.249601e-07
PCG: 1 : 6.246515e-07 / 8.616357e-01
PCG: 2 : 5.235200e-07 / 7.221364e-01
PCG: 3 : 5.332708e-07 / 7.355865e-01
PCG: 4 : 6.671353e-07 / 9.202372e-01
PCG: 5 : 8.300377e-07 / 1.144943e+00
PCG: 0 : 8.300376e-07
PCG: 1 : 6.449896e-07 / 7.770607e-01
PCG: 2 : 4.988748e-07 / 6.010268e-01
PCG: 3 : 4.711152e-07 / 5.675830e-01
PCG: 4 : 5.474083e-07 / 6.594982e-01
PCG: 5 : 6.185725e-07 / 7.452343e-01
PCG: 0 : 6.185725e-07
PCG: 1 : 5.332574e-07 / 8.620775e-01
PCG: 2 : 4.470467e-07 / 7.227070e-01
PCG: 3 : 4.553477e-07 / 7.361267e-01
PCG: 4 : 5.694949e-07 / 9.206598e-01
PCG: 5 : 7.081861e-07 / 1.144872e+00
PCG: 0 : 7.081861e-07
PCG: 1 : 5.505893e-07 / 7.774642e-01
PCG: 2 : 4.259863e-07 / 6.015174e-01
PCG: 3 : 4.022824e-07 / 5.680462e-01
PCG: 4 : 4.673273e-07 / 6.598933e-01
PCG: 5 : 5.278036e-07 / 7.452895e-01
PCG: 0 : 5.278036e-07
PCG: 1 : 4.552397e-07 / 8.625172e-01
PCG: 2 : 3.817296e-07 / 7.232417e-01
PCG: 3 : 3.888006e-07 / 7.366387e-01
PCG: 4 : 4.861604e-07 / 9.211010e-01
PCG: 5 : 6.042121e-07 / 1.144767e+00
PCG: 0 : 6.042121e-07
PCG: 1 : 4.700169e-07 / 7.779005e-01
PCG: 2 : 3.637290e-07 / 6.019890e-01
PCG: 3 : 3.434918e-07 / 5.684955e-01
PCG: 4 : 3.989407e-07 / 6.602661e-01
PCG: 5 : 4.503285e-07 / 7.453153e-01
PCG: 0 : 4.503285e-07
PCG: 1 : 3.886180e-07 / 8.629656e-01
PCG: 2 : 3.259393e-07 / 7.237811e-01
PCG: 3 : 3.319666e-07 / 7.371654e-01
PCG: 4 : 4.150176e-07 / 9.215885e-01
PCG: 5 : 5.154915e-07 / 1.144701e+00
PCG: 0 : 5.154915e-07
PCG: 1 : 4.012344e-07 / 7.783530e-01
PCG: 2 : 3.105553e-07 / 6.024450e-01
PCG: 3 : 2.932819e-07 / 5.689365e-01
PCG: 4 : 3.405580e-07 / 6.606472e-01
PCG: 5 : 3.842169e-07 / 7.453409e-01
PCG: 0 : 3.842169e-07
PCG: 1 : 3.317436e-07 / 8.634281e-01
PCG: 2 : 2.782886e-07 / 7.243010e-01
PCG: 3 : 2.834234e-07 / 7.376652e-01
PCG: 4 : 3.542767e-07 / 9.220747e-01
PCG: 5 : 4.397737e-07 / 1.144598e+00
PCG: 0 : 4.397738e-07
PCG: 1 : 3.425106e-07 / 7.788336e-01
PCG: 2 : 2.651455e-07 / 6.029134e-01
PCG: 3 : 2.504016e-07 / 5.693873e-01
PCG: 4 : 2.907222e-07 / 6.610721e-01
PCG: 5 : 3.278110e-07 / 7.454083e-01
PCG: 0 : 3.278110e-07
PCG: 1 : 2.831974e-07 / 8.639044e-01
PCG: 2 : 2.375945e-07 / 7.247911e-01
PCG: 3 : 2.419753e-07 / 7.381548e-01
PCG: 4 : 3.024286e-07 / 9.225699e-01
PCG: 5 : 3.751816e-07 / 1.144506e+00
PCG: 0 : 3.751816e-07
PCG: 1 : 2.923823e-07 / 7.793089e-01
PCG: 2 : 2.263682e-07 / 6.033565e-01
PCG: 3 : 2.137847e-07 / 5.698166e-01
PCG: 4 : 2.481743e-07 / 6.614777e-01
PCG: 5 : 2.796776e-07 / 7.454460e-01
PCG: 0 : 2.796776e-07
PCG: 1 : 2.417532e-07 / 8.643995e-01
PCG: 2 : 2.028431e-07 / 7.252747e-01
PCG: 3 : 2.065794e-07 / 7.386338e-01
PCG: 4 : 2.581641e-07 / 9.230772e-01
PCG: 5 : 3.200675e-07 / 1.144416e+00
PCG: 0 : 3.200676e-07
PCG: 1 : 2.495827e-07 / 7.797812e-01
PCG: 2 : 1.932481e-07 / 6.037728e-01
PCG: 3 : 1.825182e-07 / 5.702490e-01
PCG: 4 : 2.118524e-07 / 6.618989e-01
PCG: 5 : 2.386104e-07 / 7.455001e-01
PCG: 0 : 2.386104e-07
PCG: 1 : 2.063723e-07 / 8.648922e-01
PCG: 2 : 1.731733e-07 / 7.257577e-01
PCG: 3 : 1.763564e-07 / 7.390976e-01
PCG: 4 : 2.203764e-07 / 9.235826e-01
PCG: 5 : 2.730475e-07 / 1.144324e+00
PCG: 0 : 2.730475e-07
PCG: 1 : 2.130500e-07 / 7.802672e-01
PCG: 2 : 1.649682e-07 / 6.041739e-01
PCG: 3 : 1.558208e-07 / 5.706727e-01
PCG: 4 : 1.808429e-07 / 6.623129e-01
PCG: 5 : 2.035645e-07 / 7.455276e-01
PCG: 0 : 2.035645e-07
PCG: 1 : 1.761630e-07 / 8.653915e-01
PCG: 2 : 1.478317e-07 / 7.262156e-01
PCG: 3 : 1.505468e-07 / 7.395532e-01
PCG: 4 : 1.881130e-07 / 9.240955e-01
PCG: 5 : 2.329270e-07 / 1.144242e+00
PCG: 0 : 2.329270e-07
PCG: 1 : 1.818634e-07 / 7.807743e-01
PCG: 2 : 1.408236e-07 / 6.045825e-01
PCG: 3 : 1.330212e-07 / 5.710853e-01
PCG: 4 : 1.543718e-07 / 6.627477e-01
PCG: 5 : 1.736695e-07 / 7.455963e-01
PCG: 0 : 1.736695e-07
PCG: 1 : 1.503788e-07 / 8.658907e-01
PCG: 2 : 1.261966e-07 / 7.266478e-01
PCG: 3 : 1.285145e-07 / 7.399947e-01
PCG: 4 : 1.605765e-07 / 9.246097e-01
PCG: 5 : 1.987024e-07 / 1.144141e+00
PCG: 0 : 1.987024e-07
PCG: 1 : 1.552384e-07 / 7.812611e-01
PCG: 2 : 1.202074e-07 / 6.049622e-01
PCG: 3 : 1.135569e-07 / 5.714926e-01
PCG: 4 : 1.317745e-07 / 6.631752e-01
PCG: 5 : 1.481599e-07 / 7.456373e-01
PCG: 0 : 1.481599e-07
PCG: 1 : 1.283667e-07 / 8.664062e-01
PCG: 2 : 1.077230e-07 / 7.270726e-01
PCG: 3 : 1.097013e-07 / 7.404251e-01
PCG: 4 : 1.370633e-07 / 9.251038e-01
PCG: 5 : 1.695042e-07 / 1.144063e+00
PCG: 0 : 1.695042e-07
PCG: 1 : 1.325062e-07 / 7.817281e-01
PCG: 2 : 1.026030e-07 / 6.053124e-01
PCG: 3 : 9.693591e-08 / 5.718790e-01
PCG: 4 : 1.124835e-07 / 6.636029e-01
PCG: 5 : 1.263970e-07 / 7.456862e-01
PCG: 0 : 1.263970e-07
PCG: 1 : 1.095742e-07 / 8.669050e-01
PCG: 2 : 9.194990e-08 / 7.274691e-01
PCG: 3 : 9.363801e-08 / 7.408247e-01
PCG: 4 : 1.169934e-07 / 9.256026e-01
PCG: 5 : 1.445941e-07 / 1.143968e+00

PCG ( VCycle ( S: Scale / C: Scale )  )

Complete solver TOE: 73.8655
0.037333 GFlop/s [0.037333 GFlops/s]

Total time: 73.8655s
Accumulated op time: 71.7386

Reductions: 1.87634%
Blas-1: 5.54441%
Blas-2: 89.6997%
Precon Kernels: 0%
MPI Execution: 0%
MPI Wait: 0%
Not covered: 2.87954%

Domain size: 26.6946 MByte
LA size: 88.3135 MByte
MPI size: 2.67096 MByte

H0-Error: 1.899167e-06
H1-Error: 4.034414e-03

Writing DATA to output.data...
Run-Time: 1:16.287 [1:16.287]
0xb32fc9f8 Error: MemoryPool<CPU> still contains memory chunks on deconstructor call
