NUM-PROCS: 1
Preparing domain...
LVL-MIN: 2 [2]
LVL-MAX: 7 [7]
Creating gates...
Assembling system matrices...
Assembling system filters...
Assembling transfer matrices...
Converting assembled linear system from SparseMatrixCSR, Mem:main to SparseMatrixCSR, Mem:mainand to SparseMatrixCSR, Mem:main...
PCG: 0 : 7.572460e-02
PCG: 1 : 3.593113e-02 / 4.744975e-01
PCG: 0 : 3.655322e-02
PCG: 1 : 1.779798e-02 / 4.869060e-01
PCG: 0 : 1.779800e-02
PCG: 1 : 1.424422e-02 / 8.003274e-01
PCG: 0 : 1.424422e-02
PCG: 1 : 7.931390e-03 / 5.568144e-01
PCG: 0 : 7.931391e-03
PCG: 1 : 5.132430e-03 / 6.471034e-01
PCG: 0 : 5.132427e-03
PCG: 1 : 2.426195e-03 / 4.727190e-01
PCG: 0 : 2.426195e-03
PCG: 1 : 1.452139e-03 / 5.985250e-01
PCG: 0 : 1.452139e-03
PCG: 1 : 6.570950e-04 / 4.525015e-01
PCG: 0 : 6.570950e-04
PCG: 1 : 3.865996e-04 / 5.883467e-01
PCG: 0 : 3.865994e-04
PCG: 1 : 1.732109e-04 / 4.480371e-01
PCG: 0 : 1.732108e-04
PCG: 1 : 1.015306e-04 / 5.861675e-01
PCG: 0 : 1.015306e-04
PCG: 1 : 4.540808e-05 / 4.472356e-01
PCG: 0 : 4.540808e-05
PCG: 1 : 2.660433e-05 / 5.858941e-01
PCG: 0 : 2.660432e-05
PCG: 1 : 1.190022e-05 / 4.473039e-01
PCG: 0 : 1.190022e-05
PCG: 1 : 6.973529e-06 / 5.860002e-01
PCG: 0 : 6.973529e-06
PCG: 1 : 3.121435e-06 / 4.476120e-01
PCG: 0 : 3.121435e-06
PCG: 1 : 1.829590e-06 / 5.861374e-01
PCG: 0 : 1.829589e-06
PCG: 1 : 8.194250e-07 / 4.478737e-01

PCG ( VCycle ( S: Scale / C: Scale )  )

Complete solver TOE: 0.019033
2.96037 GFlop/s [2.96037 GFlops/s]

Total time: 0.019033s
Accumulated op time: 0.01775

Reductions: 10.156%
Blas-1: 4.20848%
Blas-2: 78.8946%
Precon Kernels: 0%
MPI Execution: 0%
MPI Wait: 0%
Not covered: 6.74092%

Domain size: 3.05356 MByte
LA size: 7.66023 MByte
MPI size: 0.170609 MByte

H0-Error: 2.767020e-05
H1-Error: 1.613732e-02

Writing DATA to output.data...
Run-Time: 0:00.054 [0:00.054]
0x31d198e880 Error: MemoryPool<CPU> still contains memory chunks on deconstructor call
