NUM-PROCS: 1
Preparing domain...
LVL-MIN: 5 [5]
LVL-MAX: 6 [6]
Creating gates...
Assembling system matrices...
Assembling system filters...
Assembling transfer matrices...
Converting assembled linear system from SparseMatrixCSR, Mem:main to SparseMatrixELL, Mem:cudaand to SparseMatrixELL, Mem:cuda...
PCG: 0 : 1.512630e-01
PCG: 1 : 5.296442e-01 / 3.501480e+00
PCG: 2 : 3.286088e-01 / 2.172434e+00
PCG: 3 : 3.573478e-01 / 2.362428e+00
PCG: 4 : 3.568065e-01 / 2.358849e+00
PCG: 5 : 2.454737e-01 / 1.622827e+00
PCG: 6 : 1.993825e-01 / 1.318118e+00
PCG: 7 : 2.148024e-01 / 1.420060e+00
PCG: 8 : 1.415627e-01 / 9.358717e-01
PCG: 0 : 1.392325e-01
PCG: 1 : 1.049624e-01 / 7.538646e-01
PCG: 2 : 7.130308e-02 / 5.121154e-01
PCG: 3 : 4.997680e-02 / 3.589450e-01
PCG: 4 : 4.918369e-02 / 3.532487e-01
PCG: 5 : 2.583501e-02 / 1.855531e-01
PCG: 6 : 1.650876e-02 / 1.185697e-01
PCG: 7 : 2.150655e-02 / 1.544651e-01
PCG: 8 : 1.937784e-02 / 1.391761e-01
PCG: 0 : 1.937784e-02
PCG: 1 : 4.378530e-03 / 2.259555e-01
PCG: 2 : 2.976527e-03 / 1.536047e-01
PCG: 3 : 6.006062e-03 / 3.099449e-01
PCG: 4 : 8.038087e-03 / 4.148083e-01
PCG: 5 : 6.191595e-03 / 3.195194e-01
PCG: 6 : 5.571224e-03 / 2.875049e-01
PCG: 7 : 5.043967e-03 / 2.602957e-01
PCG: 8 : 5.027514e-03 / 2.594466e-01
PCG: 0 : 5.027514e-03
PCG: 1 : 2.934279e-03 / 5.836442e-01
PCG: 2 : 2.131555e-03 / 4.239779e-01
PCG: 3 : 1.834087e-03 / 3.648100e-01
PCG: 4 : 1.782304e-03 / 3.545101e-01
PCG: 5 : 1.232118e-03 / 2.450750e-01
PCG: 6 : 6.151954e-04 / 1.223657e-01
PCG: 7 : 7.906055e-04 / 1.572558e-01
PCG: 8 : 1.148060e-03 / 2.283554e-01
PCG: 0 : 1.148060e-03
PCG: 1 : 3.936880e-04 / 3.429159e-01
PCG: 2 : 4.832732e-04 / 4.209476e-01
PCG: 3 : 5.503859e-04 / 4.794051e-01
PCG: 4 : 7.370113e-04 / 6.419623e-01
PCG: 5 : 7.621935e-04 / 6.638969e-01
PCG: 6 : 5.695334e-04 / 4.960833e-01
PCG: 7 : 4.857980e-04 / 4.231468e-01
PCG: 8 : 6.200531e-04 / 5.400876e-01
PCG: 0 : 6.200531e-04
PCG: 1 : 3.317322e-04 / 5.350062e-01
PCG: 2 : 3.080137e-04 / 4.967537e-01
PCG: 3 : 2.668099e-04 / 4.303018e-01
PCG: 4 : 2.050934e-04 / 3.307675e-01
PCG: 5 : 1.406374e-04 / 2.268151e-01
PCG: 6 : 1.117144e-04 / 1.801690e-01
PCG: 7 : 1.024620e-04 / 1.652472e-01
PCG: 8 : 1.253744e-04 / 2.021995e-01
PCG: 0 : 1.253744e-04
PCG: 1 : 8.455798e-05 / 6.744435e-01
PCG: 2 : 9.128072e-05 / 7.280648e-01
PCG: 3 : 8.604031e-05 / 6.862667e-01
PCG: 4 : 1.192666e-04 / 9.512834e-01
PCG: 5 : 1.089040e-04 / 8.686299e-01
PCG: 6 : 1.047960e-04 / 8.358642e-01
PCG: 7 : 8.785343e-05 / 7.007284e-01
PCG: 8 : 9.675441e-05 / 7.717236e-01
PCG: 0 : 9.675440e-05
PCG: 1 : 6.362014e-05 / 6.575425e-01
PCG: 2 : 5.879067e-05 / 6.076278e-01
PCG: 3 : 4.230031e-05 / 4.371926e-01
PCG: 4 : 3.679842e-05 / 3.803281e-01
PCG: 5 : 2.247982e-05 / 2.323390e-01
PCG: 6 : 2.051721e-05 / 2.120545e-01
PCG: 7 : 1.829046e-05 / 1.890401e-01
PCG: 8 : 2.263491e-05 / 2.339419e-01
PCG: 0 : 2.263491e-05
PCG: 1 : 1.643097e-05 / 7.259129e-01
PCG: 2 : 1.712659e-05 / 7.566451e-01
PCG: 3 : 1.606802e-05 / 7.098778e-01
PCG: 4 : 2.344514e-05 / 1.035796e+00
PCG: 5 : 1.971824e-05 / 8.711430e-01
PCG: 6 : 2.055555e-05 / 9.081350e-01
PCG: 7 : 1.617644e-05 / 7.146680e-01
PCG: 8 : 1.836875e-05 / 8.115231e-01
PCG: 0 : 1.836875e-05
PCG: 1 : 1.201683e-05 / 6.541994e-01
PCG: 2 : 1.123957e-05 / 6.118857e-01
PCG: 3 : 7.917764e-06 / 4.310454e-01
PCG: 4 : 7.096114e-06 / 3.863145e-01
PCG: 5 : 4.192786e-06 / 2.282565e-01
PCG: 6 : 3.948271e-06 / 2.149450e-01
PCG: 7 : 3.434569e-06 / 1.869789e-01
PCG: 8 : 4.319628e-06 / 2.351618e-01
PCG: 0 : 4.319627e-06
PCG: 1 : 3.121018e-06 / 7.225201e-01
PCG: 2 : 3.246146e-06 / 7.514876e-01
PCG: 3 : 3.061661e-06 / 7.087790e-01
PCG: 4 : 4.468429e-06 / 1.034448e+00
PCG: 5 : 3.751427e-06 / 8.684607e-01
PCG: 6 : 3.894347e-06 / 9.015470e-01
PCG: 7 : 3.074665e-06 / 7.117895e-01
PCG: 8 : 3.509630e-06 / 8.124843e-01
PCG: 0 : 3.509630e-06
PCG: 1 : 2.283863e-06 / 6.507419e-01
PCG: 2 : 2.131527e-06 / 6.073368e-01
PCG: 3 : 1.508642e-06 / 4.298578e-01
PCG: 4 : 1.352687e-06 / 3.854216e-01
PCG: 5 : 7.989461e-07 / 2.276440e-01
PCG: 6 : 7.486670e-07 / 2.133180e-01
PCG: 7 : 6.525381e-07 / 1.859279e-01
PCG: 8 : 8.251113e-07 / 2.350993e-01
PCG: 0 : 8.251112e-07
PCG: 1 : 5.932733e-07 / 7.190222e-01
PCG: 2 : 6.159268e-07 / 7.464772e-01
PCG: 3 : 5.836457e-07 / 7.073540e-01
PCG: 4 : 8.518915e-07 / 1.032457e+00
PCG: 5 : 7.144986e-07 / 8.659422e-01
PCG: 6 : 7.383129e-07 / 8.948041e-01
PCG: 7 : 5.848365e-07 / 7.087972e-01
PCG: 8 : 6.708826e-07 / 8.130814e-01
PCG: 0 : 6.708827e-07
PCG: 1 : 4.343732e-07 / 6.474652e-01
PCG: 2 : 4.045866e-07 / 6.030661e-01
PCG: 3 : 2.875983e-07 / 4.286865e-01
PCG: 4 : 2.579236e-07 / 3.844542e-01
PCG: 5 : 1.523423e-07 / 2.270774e-01
PCG: 6 : 1.420800e-07 / 2.117808e-01
PCG: 7 : 1.240793e-07 / 1.849494e-01
PCG: 8 : 1.576893e-07 / 2.350475e-01
PCG: 0 : 1.576893e-07
PCG: 1 : 1.128536e-07 / 7.156706e-01
PCG: 2 : 1.169777e-07 / 7.418239e-01
PCG: 3 : 1.113099e-07 / 7.058814e-01
PCG: 4 : 1.624515e-07 / 1.030200e+00
PCG: 5 : 1.361974e-07 / 8.637074e-01
PCG: 6 : 1.400943e-07 / 8.884194e-01
PCG: 7 : 1.112975e-07 / 7.058023e-01
PCG: 8 : 1.282778e-07 / 8.134847e-01
PCG: 0 : 1.282778e-07
PCG: 1 : 8.266615e-08 / 6.444305e-01
PCG: 2 : 7.686068e-08 / 5.991734e-01
PCG: 3 : 5.485090e-08 / 4.275945e-01
PCG: 4 : 4.918824e-08 / 3.834508e-01
PCG: 5 : 2.906470e-08 / 2.265761e-01
PCG: 6 : 2.698791e-08 / 2.103863e-01
PCG: 7 : 2.360962e-08 / 1.840506e-01
PCG: 8 : 3.014553e-08 / 2.350018e-01
PCG: 0 : 3.014553e-08
PCG: 1 : 2.148127e-08 / 7.125857e-01
PCG: 2 : 2.223616e-08 / 7.376271e-01
PCG: 3 : 2.123689e-08 / 7.044791e-01
PCG: 4 : 3.098401e-08 / 1.027815e+00
PCG: 5 : 2.597953e-08 / 8.618037e-01
PCG: 6 : 2.660551e-08 / 8.825691e-01
PCG: 7 : 2.119113e-08 / 7.029611e-01
PCG: 8 : 2.453092e-08 / 8.137500e-01
PCG: 0 : 2.453093e-08
PCG: 1 : 1.574143e-08 / 6.416974e-01
PCG: 2 : 1.461312e-08 / 5.957021e-01
PCG: 3 : 1.046574e-08 / 4.266345e-01
PCG: 4 : 9.381632e-09 / 3.824410e-01
PCG: 5 : 5.547717e-09 / 2.261519e-01
PCG: 6 : 5.130703e-09 / 2.091524e-01
PCG: 7 : 4.495306e-09 / 1.832505e-01
PCG: 8 : 5.763840e-09 / 2.349622e-01
PCG: 0 : 5.763839e-09
PCG: 1 : 4.091406e-09 / 7.098404e-01
PCG: 2 : 4.230184e-09 / 7.339177e-01
PCG: 3 : 4.053372e-09 / 7.032418e-01
PCG: 4 : 5.910096e-09 / 1.025375e+00
PCG: 5 : 4.958495e-09 / 8.602765e-01
PCG: 6 : 5.056734e-09 / 8.773205e-01
PCG: 7 : 4.036932e-09 / 7.003894e-01
PCG: 8 : 4.691270e-09 / 8.139141e-01
PCG: 0 : 4.691270e-09
PCG: 1 : 2.999190e-09 / 6.393129e-01
PCG: 2 : 2.780300e-09 / 5.926539e-01
PCG: 3 : 1.997801e-09 / 4.258551e-01
PCG: 4 : 1.789438e-09 / 3.814399e-01
PCG: 5 : 1.059379e-09 / 2.258193e-01
PCG: 6 : 9.761394e-10 / 2.080757e-01
PCG: 7 : 8.564510e-10 / 1.825627e-01
PCG: 8 : 1.102080e-09 / 2.349214e-01
PCG: 0 : 1.102080e-09
PCG: 1 : 7.797318e-10 / 7.075094e-01
PCG: 2 : 8.052780e-10 / 7.306893e-01
PCG: 3 : 7.739628e-10 / 7.022747e-01
PCG: 4 : 1.127355e-09 / 1.022934e+00
PCG: 5 : 9.469123e-10 / 8.592048e-01
PCG: 6 : 9.617508e-10 / 8.726689e-01
PCG: 7 : 7.694723e-10 / 6.982002e-01
PCG: 8 : 8.970849e-10 / 8.139926e-01

PCG ( VCycle ( S: Scale / C: Scale )  )

Complete solver TOE: 0.043835
1.89992 GFlop/s [1.89992 GFlops/s]

Total time: 0.043835s
Accumulated op time: 0.029292

Reductions: 55.5515%
Blas-1: 6.60203%
Blas-2: 4.66978%
Precon Kernels: 0%
MPI Execution: 0%
MPI Wait: 0%
Not covered: 33.1767%

Domain size: 0.723785 MByte
LA size: 1.61487 MByte
MPI size: 0.0405731 MByte

H0-Error: 1.098309e-04
H1-Error: 3.227246e-02

Writing DATA to output.data...
Run-Time: 0:00.104 [0:00.104]
0x31d198e880 Error: MemoryPool<CUDA> still contains memory chunks on deconstructor call
