NUM-PROCS: 1
Preparing domain...
LVL-MIN: 5 [5]
LVL-MAX: 9 [9]
Creating gates...
Assembling system matrices...
Assembling system filters...
Assembling transfer matrices...
Converting assembled linear system from SparseMatrixCSR, Mem:main to SparseMatrixELL, Mem:cudaand to SparseMatrixELL, Mem:cuda...
PCG: 0 : 1.894534e-02
PCG: 1 : 7.936785e-02 / 4.189307e+00
PCG: 0 : 7.951979e-02
PCG: 1 : 6.371575e-02 / 8.012565e-01
PCG: 0 : 6.371576e-02
PCG: 1 : 1.135215e-01 / 1.781687e+00
PCG: 0 : 1.135215e-01
PCG: 1 : 1.347168e-01 / 1.186708e+00
PCG: 0 : 1.347168e-01
PCG: 1 : 1.593502e-01 / 1.182853e+00
PCG: 0 : 1.593502e-01
PCG: 1 : 1.413285e-01 / 8.869051e-01
PCG: 0 : 1.413285e-01
PCG: 1 : 1.529630e-01 / 1.082322e+00
PCG: 0 : 1.529630e-01
PCG: 1 : 1.321607e-01 / 8.640041e-01
PCG: 0 : 1.321607e-01
PCG: 1 : 1.422069e-01 / 1.076015e+00
PCG: 0 : 1.422069e-01
PCG: 1 : 1.227917e-01 / 8.634723e-01
PCG: 0 : 1.227917e-01
PCG: 1 : 1.324394e-01 / 1.078570e+00
PCG: 0 : 1.324394e-01
PCG: 1 : 1.147104e-01 / 8.661348e-01
PCG: 0 : 1.147104e-01
PCG: 1 : 1.241477e-01 / 1.082271e+00
PCG: 0 : 1.241477e-01
PCG: 1 : 1.079023e-01 / 8.691444e-01
PCG: 0 : 1.079023e-01
PCG: 1 : 1.171533e-01 / 1.085735e+00
PCG: 0 : 1.171533e-01
PCG: 1 : 1.021424e-01 / 8.718694e-01
PCG: 0 : 1.021424e-01
PCG: 1 : 1.112015e-01 / 1.088691e+00
PCG: 0 : 1.112015e-01
PCG: 1 : 9.721049e-02 / 8.741835e-01
PCG: 0 : 9.721049e-02
PCG: 1 : 1.060702e-01 / 1.091139e+00
PCG: 0 : 1.060702e-01
PCG: 1 : 9.292833e-02 / 8.761022e-01
PCG: 0 : 9.292832e-02
PCG: 1 : 1.015843e-01 / 1.093147e+00
PCG: 0 : 1.015843e-01
PCG: 1 : 8.915836e-02 / 8.776786e-01
PCG: 0 : 8.915835e-02
PCG: 1 : 9.760926e-02 / 1.094785e+00
PCG: 0 : 9.760926e-02
PCG: 1 : 8.579546e-02 / 8.789685e-01
PCG: 0 : 8.579546e-02
PCG: 1 : 9.404215e-02 / 1.096120e+00
PCG: 0 : 9.404215e-02
PCG: 1 : 8.275919e-02 / 8.800223e-01
PCG: 0 : 8.275919e-02
PCG: 1 : 9.080392e-02 / 1.097207e+00
PCG: 0 : 9.080391e-02
PCG: 1 : 7.998747e-02 / 8.808814e-01
PCG: 0 : 7.998747e-02
PCG: 1 : 8.783335e-02 / 1.098089e+00
PCG: 0 : 8.783335e-02
PCG: 1 : 7.743221e-02 / 8.815809e-01
PCG: 0 : 7.743221e-02
PCG: 1 : 8.508279e-02 / 1.098804e+00
PCG: 0 : 8.508279e-02
PCG: 1 : 7.505588e-02 / 8.821511e-01
PCG: 0 : 7.505587e-02
PCG: 1 : 8.251494e-02 / 1.099380e+00
PCG: 0 : 8.251493e-02
PCG: 1 : 7.282890e-02 / 8.826147e-01
PCG: 0 : 7.282889e-02
PCG: 1 : 8.010052e-02 / 1.099845e+00
PCG: 0 : 8.010052e-02
PCG: 1 : 7.072798e-02 / 8.829903e-01
PCG: 0 : 7.072798e-02
PCG: 1 : 7.781631e-02 / 1.100220e+00
PCG: 0 : 7.781631e-02
PCG: 1 : 6.873474e-02 / 8.832948e-01
PCG: 0 : 6.873474e-02
PCG: 1 : 7.564388e-02 / 1.100519e+00
PCG: 0 : 7.564388e-02
PCG: 1 : 6.683454e-02 / 8.835419e-01
PCG: 0 : 6.683453e-02
PCG: 1 : 7.356862e-02 / 1.100758e+00
PCG: 0 : 7.356862e-02
PCG: 1 : 6.501566e-02 / 8.837417e-01
PCG: 0 : 6.501566e-02
PCG: 1 : 7.157883e-02 / 1.100947e+00
PCG: 0 : 7.157882e-02
PCG: 1 : 6.326876e-02 / 8.839033e-01
PCG: 0 : 6.326875e-02
PCG: 1 : 6.966507e-02 / 1.101098e+00
PCG: 0 : 6.966506e-02
PCG: 1 : 6.158628e-02 / 8.840340e-01
PCG: 0 : 6.158628e-02
PCG: 1 : 6.781980e-02 / 1.101216e+00
PCG: 0 : 6.781980e-02
PCG: 1 : 5.996212e-02 / 8.841388e-01
PCG: 0 : 5.996212e-02
PCG: 1 : 6.603683e-02 / 1.101309e+00
PCG: 0 : 6.603683e-02
PCG: 1 : 5.839134e-02 / 8.842239e-01
PCG: 0 : 5.839134e-02
PCG: 1 : 6.431109e-02 / 1.101381e+00
PCG: 0 : 6.431109e-02
PCG: 1 : 5.686985e-02 / 8.842931e-01
PCG: 0 : 5.686985e-02
PCG: 1 : 6.263845e-02 / 1.101435e+00
PCG: 0 : 6.263845e-02
PCG: 1 : 5.539425e-02 / 8.843490e-01
PCG: 0 : 5.539425e-02
PCG: 1 : 6.101548e-02 / 1.101477e+00
PCG: 0 : 6.101548e-02
PCG: 1 : 5.396172e-02 / 8.843940e-01
PCG: 0 : 5.396172e-02
PCG: 1 : 5.943923e-02 / 1.101507e+00
PCG: 0 : 5.943922e-02
PCG: 1 : 5.256989e-02 / 8.844309e-01
PCG: 0 : 5.256989e-02
PCG: 1 : 5.790728e-02 / 1.101529e+00
PCG: 0 : 5.790727e-02
PCG: 1 : 5.121670e-02 / 8.844606e-01
PCG: 0 : 5.121670e-02
PCG: 1 : 5.641748e-02 / 1.101545e+00
PCG: 0 : 5.641748e-02
PCG: 1 : 4.990040e-02 / 8.844848e-01
PCG: 0 : 4.990040e-02
PCG: 1 : 5.496803e-02 / 1.101555e+00
PCG: 0 : 5.496802e-02
PCG: 1 : 4.861945e-02 / 8.845043e-01
PCG: 0 : 4.861945e-02
PCG: 1 : 5.355728e-02 / 1.101561e+00
PCG: 0 : 5.355728e-02
PCG: 1 : 4.737250e-02 / 8.845202e-01
PCG: 0 : 4.737250e-02
PCG: 1 : 5.218380e-02 / 1.101563e+00
PCG: 0 : 5.218380e-02
PCG: 1 : 4.615832e-02 / 8.845334e-01
PCG: 0 : 4.615831e-02
PCG: 1 : 5.084631e-02 / 1.101563e+00
PCG: 0 : 5.084631e-02
PCG: 1 : 4.497582e-02 / 8.845443e-01
PCG: 0 : 4.497582e-02
PCG: 1 : 4.954360e-02 / 1.101561e+00
PCG: 0 : 4.954360e-02
PCG: 1 : 4.382398e-02 / 8.845539e-01
PCG: 0 : 4.382398e-02
PCG: 1 : 4.827460e-02 / 1.101557e+00
PCG: 0 : 4.827460e-02
PCG: 1 : 4.270187e-02 / 8.845619e-01
PCG: 0 : 4.270187e-02
PCG: 1 : 4.703829e-02 / 1.101551e+00
PCG: 0 : 4.703829e-02
PCG: 1 : 4.160862e-02 / 8.845690e-01
PCG: 0 : 4.160862e-02
PCG: 1 : 4.583374e-02 / 1.101544e+00
PCG: 0 : 4.583374e-02
PCG: 1 : 4.054339e-02 / 8.845752e-01
PCG: 0 : 4.054339e-02
PCG: 1 : 4.466008e-02 / 1.101538e+00
PCG: 0 : 4.466008e-02
PCG: 1 : 3.950542e-02 / 8.845802e-01
PCG: 0 : 3.950542e-02
PCG: 1 : 4.351646e-02 / 1.101531e+00
PCG: 0 : 4.351645e-02
PCG: 1 : 3.849396e-02 / 8.845841e-01
PCG: 0 : 3.849396e-02
PCG: 1 : 4.240204e-02 / 1.101524e+00
PCG: 0 : 4.240204e-02
PCG: 1 : 3.750833e-02 / 8.845880e-01
PCG: 0 : 3.750833e-02
PCG: 1 : 4.131607e-02 / 1.101517e+00
PCG: 0 : 4.131607e-02
PCG: 1 : 3.654785e-02 / 8.845918e-01
PCG: 0 : 3.654785e-02
PCG: 1 : 4.025781e-02 / 1.101509e+00
PCG: 0 : 4.025781e-02
PCG: 1 : 3.561185e-02 / 8.845949e-01
PCG: 0 : 3.561185e-02
PCG: 1 : 3.922654e-02 / 1.101502e+00
PCG: 0 : 3.922654e-02
PCG: 1 : 3.469971e-02 / 8.845977e-01
PCG: 0 : 3.469971e-02
PCG: 1 : 3.822158e-02 / 1.101496e+00
PCG: 0 : 3.822158e-02
PCG: 1 : 3.381082e-02 / 8.846002e-01
PCG: 0 : 3.381081e-02
PCG: 1 : 3.724223e-02 / 1.101489e+00
PCG: 0 : 3.724223e-02
PCG: 1 : 3.294459e-02 / 8.846030e-01
PCG: 0 : 3.294459e-02
PCG: 1 : 3.628786e-02 / 1.101482e+00
PCG: 0 : 3.628785e-02
PCG: 1 : 3.210045e-02 / 8.846059e-01
PCG: 0 : 3.210045e-02
PCG: 1 : 3.535784e-02 / 1.101475e+00
PCG: 0 : 3.535784e-02
PCG: 1 : 3.127784e-02 / 8.846082e-01
PCG: 0 : 3.127784e-02
PCG: 1 : 3.445155e-02 / 1.101468e+00
PCG: 0 : 3.445155e-02
PCG: 1 : 3.047620e-02 / 8.846105e-01
PCG: 0 : 3.047620e-02
PCG: 1 : 3.356839e-02 / 1.101462e+00
PCG: 0 : 3.356839e-02
PCG: 1 : 2.969502e-02 / 8.846127e-01
PCG: 0 : 2.969502e-02
PCG: 1 : 3.270778e-02 / 1.101457e+00
PCG: 0 : 3.270778e-02
PCG: 1 : 2.893379e-02 / 8.846149e-01
PCG: 0 : 2.893379e-02
PCG: 1 : 3.186916e-02 / 1.101451e+00
PCG: 0 : 3.186915e-02
PCG: 1 : 2.819198e-02 / 8.846166e-01
PCG: 0 : 2.819198e-02
PCG: 1 : 3.105194e-02 / 1.101446e+00
PCG: 0 : 3.105194e-02
PCG: 1 : 2.746914e-02 / 8.846191e-01
PCG: 0 : 2.746914e-02
PCG: 1 : 3.025563e-02 / 1.101441e+00
PCG: 0 : 3.025563e-02
PCG: 1 : 2.676477e-02 / 8.846211e-01
PCG: 0 : 2.676477e-02
PCG: 1 : 2.947967e-02 / 1.101436e+00
PCG: 0 : 2.947967e-02
PCG: 1 : 2.607840e-02 / 8.846235e-01
PCG: 0 : 2.607840e-02
PCG: 1 : 2.872355e-02 / 1.101431e+00
PCG: 0 : 2.872355e-02
PCG: 1 : 2.540958e-02 / 8.846253e-01
PCG: 0 : 2.540958e-02
PCG: 1 : 2.798678e-02 / 1.101426e+00
PCG: 0 : 2.798678e-02
PCG: 1 : 2.475788e-02 / 8.846275e-01
PCG: 0 : 2.475788e-02
PCG: 1 : 2.726888e-02 / 1.101422e+00
PCG: 0 : 2.726887e-02
PCG: 1 : 2.412285e-02 / 8.846293e-01
PCG: 0 : 2.412284e-02
PCG: 1 : 2.656933e-02 / 1.101418e+00
PCG: 0 : 2.656933e-02
PCG: 1 : 2.350407e-02 / 8.846315e-01
PCG: 0 : 2.350407e-02
PCG: 1 : 2.588771e-02 / 1.101414e+00
PCG: 0 : 2.588771e-02
PCG: 1 : 2.290114e-02 / 8.846337e-01
PCG: 0 : 2.290114e-02
PCG: 1 : 2.522356e-02 / 1.101411e+00
PCG: 0 : 2.522355e-02
PCG: 1 : 2.231365e-02 / 8.846353e-01
PCG: 0 : 2.231365e-02
PCG: 1 : 2.457641e-02 / 1.101407e+00
PCG: 0 : 2.457641e-02
PCG: 1 : 2.174121e-02 / 8.846372e-01
PCG: 0 : 2.174121e-02
PCG: 1 : 2.394584e-02 / 1.101404e+00
PCG: 0 : 2.394584e-02
PCG: 1 : 2.118345e-02 / 8.846399e-01
PCG: 0 : 2.118344e-02
PCG: 1 : 2.333144e-02 / 1.101400e+00
PCG: 0 : 2.333144e-02
PCG: 1 : 2.063997e-02 / 8.846421e-01
PCG: 0 : 2.063997e-02
PCG: 1 : 2.273279e-02 / 1.101397e+00
PCG: 0 : 2.273279e-02
PCG: 1 : 2.011043e-02 / 8.846443e-01
PCG: 0 : 2.011043e-02
PCG: 1 : 2.214949e-02 / 1.101393e+00
PCG: 0 : 2.214949e-02
PCG: 1 : 1.959447e-02 / 8.846465e-01
PCG: 0 : 1.959447e-02
PCG: 1 : 2.158115e-02 / 1.101390e+00
PCG: 0 : 2.158115e-02
PCG: 1 : 1.909174e-02 / 8.846489e-01
PCG: 0 : 1.909174e-02
PCG: 1 : 2.102739e-02 / 1.101386e+00
PCG: 0 : 2.102739e-02
PCG: 1 : 1.860191e-02 / 8.846516e-01
PCG: 0 : 1.860191e-02
PCG: 1 : 2.048783e-02 / 1.101383e+00
PCG: 0 : 2.048783e-02
PCG: 1 : 1.812464e-02 / 8.846540e-01
PCG: 0 : 1.812464e-02
PCG: 1 : 1.996213e-02 / 1.101380e+00
PCG: 0 : 1.996213e-02
PCG: 1 : 1.765962e-02 / 8.846561e-01
PCG: 0 : 1.765962e-02
PCG: 1 : 1.944991e-02 / 1.101378e+00
PCG: 0 : 1.944991e-02
PCG: 1 : 1.720653e-02 / 8.846588e-01
PCG: 0 : 1.720653e-02
PCG: 1 : 1.895084e-02 / 1.101375e+00
PCG: 0 : 1.895084e-02
PCG: 1 : 1.676507e-02 / 8.846610e-01
PCG: 0 : 1.676507e-02
PCG: 1 : 1.846458e-02 / 1.101372e+00
PCG: 0 : 1.846458e-02
PCG: 1 : 1.633494e-02 / 8.846636e-01
PCG: 0 : 1.633494e-02
PCG: 1 : 1.799080e-02 / 1.101369e+00
PCG: 0 : 1.799080e-02
PCG: 1 : 1.591585e-02 / 8.846661e-01
PCG: 0 : 1.591585e-02
PCG: 1 : 1.752918e-02 / 1.101367e+00
PCG: 0 : 1.752918e-02
PCG: 1 : 1.550751e-02 / 8.846684e-01
PCG: 0 : 1.550751e-02
PCG: 1 : 1.707942e-02 / 1.101364e+00
PCG: 0 : 1.707942e-02
PCG: 1 : 1.510966e-02 / 8.846709e-01
PCG: 0 : 1.510966e-02
PCG: 1 : 1.664120e-02 / 1.101362e+00
PCG: 0 : 1.664120e-02
PCG: 1 : 1.472203e-02 / 8.846734e-01
PCG: 0 : 1.472202e-02
PCG: 1 : 1.621424e-02 / 1.101359e+00
PCG: 0 : 1.621423e-02
PCG: 1 : 1.434434e-02 / 8.846754e-01
PCG: 0 : 1.434433e-02
PCG: 1 : 1.579824e-02 / 1.101357e+00
PCG: 0 : 1.579824e-02
PCG: 1 : 1.397634e-02 / 8.846776e-01
PCG: 0 : 1.397634e-02
PCG: 1 : 1.539292e-02 / 1.101355e+00
PCG: 0 : 1.539292e-02
PCG: 1 : 1.361780e-02 / 8.846796e-01
PCG: 0 : 1.361780e-02
PCG: 1 : 1.499801e-02 / 1.101353e+00
PCG: 0 : 1.499801e-02
PCG: 1 : 1.326847e-02 / 8.846819e-01
PCG: 0 : 1.326847e-02
PCG: 1 : 1.461324e-02 / 1.101351e+00
PCG: 0 : 1.461324e-02
PCG: 1 : 1.292810e-02 / 8.846843e-01
PCG: 0 : 1.292810e-02
PCG: 1 : 1.423835e-02 / 1.101349e+00
PCG: 0 : 1.423835e-02
PCG: 1 : 1.259647e-02 / 8.846864e-01
PCG: 0 : 1.259647e-02
PCG: 1 : 1.387309e-02 / 1.101347e+00
PCG: 0 : 1.387309e-02
PCG: 1 : 1.227336e-02 / 8.846888e-01
PCG: 0 : 1.227336e-02
PCG: 1 : 1.351721e-02 / 1.101345e+00
PCG: 0 : 1.351721e-02
PCG: 1 : 1.195855e-02 / 8.846911e-01
PCG: 0 : 1.195855e-02
PCG: 1 : 1.317046e-02 / 1.101342e+00
PCG: 0 : 1.317046e-02
PCG: 1 : 1.165183e-02 / 8.846939e-01
PCG: 0 : 1.165182e-02
PCG: 1 : 1.283262e-02 / 1.101340e+00
PCG: 0 : 1.283262e-02
PCG: 1 : 1.135297e-02 / 8.846959e-01
PCG: 0 : 1.135297e-02
PCG: 1 : 1.250346e-02 / 1.101339e+00
PCG: 0 : 1.250346e-02
PCG: 1 : 1.106179e-02 / 8.846980e-01
PCG: 0 : 1.106179e-02
PCG: 1 : 1.218276e-02 / 1.101337e+00
PCG: 0 : 1.218276e-02
PCG: 1 : 1.077809e-02 / 8.847002e-01
PCG: 0 : 1.077809e-02
PCG: 1 : 1.187028e-02 / 1.101335e+00
PCG: 0 : 1.187028e-02
PCG: 1 : 1.050167e-02 / 8.847025e-01
PCG: 0 : 1.050167e-02
PCG: 1 : 1.156584e-02 / 1.101333e+00
PCG: 0 : 1.156584e-02
PCG: 1 : 1.023235e-02 / 8.847046e-01
PCG: 0 : 1.023235e-02
PCG: 1 : 1.126920e-02 / 1.101331e+00
PCG: 0 : 1.126920e-02
PCG: 1 : 9.969945e-03 / 8.847071e-01
PCG: 0 : 9.969945e-03
PCG: 1 : 1.098019e-02 / 1.101329e+00
PCG: 0 : 1.098019e-02
PCG: 1 : 9.714279e-03 / 8.847098e-01
PCG: 0 : 9.714279e-03
PCG: 1 : 1.069859e-02 / 1.101326e+00
PCG: 0 : 1.069859e-02
PCG: 1 : 9.465178e-03 / 8.847125e-01
PCG: 0 : 9.465178e-03
PCG: 1 : 1.042423e-02 / 1.101325e+00
PCG: 0 : 1.042423e-02
PCG: 1 : 9.222470e-03 / 8.847145e-01
PCG: 0 : 9.222470e-03
PCG: 1 : 1.015692e-02 / 1.101323e+00
PCG: 0 : 1.015692e-02
PCG: 1 : 8.985997e-03 / 8.847168e-01
PCG: 0 : 8.985997e-03
PCG: 1 : 9.896465e-03 / 1.101321e+00
PCG: 0 : 9.896465e-03
PCG: 1 : 8.755591e-03 / 8.847191e-01
PCG: 0 : 8.755590e-03
PCG: 1 : 9.642703e-03 / 1.101320e+00
PCG: 0 : 9.642703e-03
PCG: 1 : 8.531103e-03 / 8.847212e-01
PCG: 0 : 8.531102e-03
PCG: 1 : 9.395448e-03 / 1.101317e+00
PCG: 0 : 9.395448e-03
PCG: 1 : 8.312376e-03 / 8.847237e-01
PCG: 0 : 8.312376e-03
PCG: 1 : 9.154545e-03 / 1.101315e+00
PCG: 0 : 9.154545e-03
PCG: 1 : 8.099266e-03 / 8.847262e-01
PCG: 0 : 8.099266e-03
PCG: 1 : 8.919825e-03 / 1.101313e+00
PCG: 0 : 8.919824e-03
PCG: 1 : 7.891626e-03 / 8.847289e-01
PCG: 0 : 7.891626e-03
PCG: 1 : 8.691136e-03 / 1.101311e+00
PCG: 0 : 8.691136e-03
PCG: 1 : 7.689314e-03 / 8.847306e-01
PCG: 0 : 7.689313e-03
PCG: 1 : 8.468314e-03 / 1.101310e+00
PCG: 0 : 8.468313e-03
PCG: 1 : 7.492193e-03 / 8.847327e-01
PCG: 0 : 7.492193e-03
PCG: 1 : 8.251211e-03 / 1.101308e+00
PCG: 0 : 8.251211e-03
PCG: 1 : 7.300135e-03 / 8.847350e-01
PCG: 0 : 7.300134e-03
PCG: 1 : 8.039678e-03 / 1.101306e+00
PCG: 0 : 8.039678e-03
PCG: 1 : 7.113006e-03 / 8.847376e-01
PCG: 0 : 7.113005e-03
PCG: 1 : 7.833580e-03 / 1.101304e+00
PCG: 0 : 7.833579e-03
PCG: 1 : 6.930677e-03 / 8.847395e-01
PCG: 0 : 6.930676e-03
PCG: 1 : 7.632770e-03 / 1.101302e+00
PCG: 0 : 7.632770e-03
PCG: 1 : 6.753026e-03 / 8.847412e-01
PCG: 0 : 6.753026e-03
PCG: 1 : 7.437111e-03 / 1.101301e+00
PCG: 0 : 7.437110e-03
PCG: 1 : 6.579934e-03 / 8.847434e-01
PCG: 0 : 6.579934e-03
PCG: 1 : 7.246478e-03 / 1.101299e+00
PCG: 0 : 7.246478e-03
PCG: 1 : 6.411282e-03 / 8.847446e-01
PCG: 0 : 6.411281e-03
PCG: 1 : 7.060735e-03 / 1.101299e+00
PCG: 0 : 7.060735e-03
PCG: 1 : 6.246957e-03 / 8.847458e-01
PCG: 0 : 6.246957e-03
PCG: 1 : 6.879760e-03 / 1.101298e+00
PCG: 0 : 6.879760e-03
PCG: 1 : 6.086849e-03 / 8.847473e-01
PCG: 0 : 6.086849e-03
PCG: 1 : 6.703428e-03 / 1.101297e+00
PCG: 0 : 6.703428e-03
PCG: 1 : 5.930852e-03 / 8.847492e-01
PCG: 0 : 5.930852e-03
PCG: 1 : 6.531617e-03 / 1.101295e+00
PCG: 0 : 6.531617e-03
PCG: 1 : 5.778856e-03 / 8.847513e-01
PCG: 0 : 5.778856e-03
PCG: 1 : 6.364213e-03 / 1.101293e+00
PCG: 0 : 6.364213e-03
PCG: 1 : 5.630762e-03 / 8.847539e-01
PCG: 0 : 5.630762e-03
PCG: 1 : 6.201103e-03 / 1.101290e+00
PCG: 0 : 6.201103e-03
PCG: 1 : 5.486466e-03 / 8.847564e-01
PCG: 0 : 5.486466e-03
PCG: 1 : 6.042180e-03 / 1.101288e+00
PCG: 0 : 6.042180e-03
PCG: 1 : 5.345871e-03 / 8.847586e-01
PCG: 0 : 5.345870e-03
PCG: 1 : 5.887335e-03 / 1.101287e+00
PCG: 0 : 5.887335e-03
PCG: 1 : 5.208882e-03 / 8.847606e-01
PCG: 0 : 5.208882e-03
PCG: 1 : 5.736460e-03 / 1.101284e+00
PCG: 0 : 5.736460e-03
PCG: 1 : 5.075407e-03 / 8.847629e-01
PCG: 0 : 5.075407e-03
PCG: 1 : 5.589455e-03 / 1.101282e+00
PCG: 0 : 5.589455e-03
PCG: 1 : 4.945356e-03 / 8.847654e-01
PCG: 0 : 4.945356e-03
PCG: 1 : 5.446221e-03 / 1.101280e+00
PCG: 0 : 5.446221e-03
PCG: 1 : 4.818642e-03 / 8.847679e-01
PCG: 0 : 4.818641e-03
PCG: 1 : 5.306662e-03 / 1.101278e+00
PCG: 0 : 5.306662e-03
PCG: 1 : 4.695175e-03 / 8.847700e-01
PCG: 0 : 4.695175e-03
PCG: 1 : 5.170682e-03 / 1.101276e+00
PCG: 0 : 5.170682e-03
PCG: 1 : 4.574875e-03 / 8.847721e-01
PCG: 0 : 4.574875e-03
PCG: 1 : 5.038189e-03 / 1.101274e+00
PCG: 0 : 5.038189e-03
PCG: 1 : 4.457660e-03 / 8.847742e-01
PCG: 0 : 4.457660e-03
PCG: 1 : 4.909094e-03 / 1.101272e+00
PCG: 0 : 4.909094e-03
PCG: 1 : 4.343451e-03 / 8.847766e-01
PCG: 0 : 4.343451e-03
PCG: 1 : 4.783310e-03 / 1.101269e+00
PCG: 0 : 4.783310e-03
PCG: 1 : 4.232172e-03 / 8.847790e-01
PCG: 0 : 4.232171e-03
PCG: 1 : 4.660753e-03 / 1.101267e+00
PCG: 0 : 4.660753e-03
PCG: 1 : 4.123745e-03 / 8.847809e-01
PCG: 0 : 4.123745e-03
PCG: 1 : 4.541338e-03 / 1.101265e+00
PCG: 0 : 4.541338e-03
PCG: 1 : 4.018098e-03 / 8.847829e-01
PCG: 0 : 4.018098e-03
PCG: 1 : 4.424985e-03 / 1.101264e+00
PCG: 0 : 4.424985e-03
PCG: 1 : 3.915158e-03 / 8.847846e-01
PCG: 0 : 3.915158e-03
PCG: 1 : 4.311617e-03 / 1.101262e+00
PCG: 0 : 4.311617e-03
PCG: 1 : 3.814858e-03 / 8.847860e-01
PCG: 0 : 3.814857e-03
PCG: 1 : 4.201154e-03 / 1.101261e+00
PCG: 0 : 4.201154e-03
PCG: 1 : 3.717130e-03 / 8.847879e-01
PCG: 0 : 3.717130e-03
PCG: 1 : 4.093525e-03 / 1.101260e+00
PCG: 0 : 4.093525e-03
PCG: 1 : 3.621906e-03 / 8.847891e-01
PCG: 0 : 3.621906e-03
PCG: 1 : 3.988654e-03 / 1.101259e+00
PCG: 0 : 3.988654e-03
PCG: 1 : 3.529123e-03 / 8.847905e-01
PCG: 0 : 3.529123e-03
PCG: 1 : 3.886473e-03 / 1.101257e+00
PCG: 0 : 3.886473e-03
PCG: 1 : 3.438720e-03 / 8.847919e-01
PCG: 0 : 3.438719e-03
PCG: 1 : 3.786910e-03 / 1.101256e+00
PCG: 0 : 3.786910e-03
PCG: 1 : 3.350634e-03 / 8.847938e-01
PCG: 0 : 3.350634e-03
PCG: 1 : 3.689900e-03 / 1.101254e+00
PCG: 0 : 3.689900e-03
PCG: 1 : 3.264806e-03 / 8.847952e-01
PCG: 0 : 3.264806e-03
PCG: 1 : 3.595376e-03 / 1.101253e+00
PCG: 0 : 3.595376e-03
PCG: 1 : 3.181178e-03 / 8.847970e-01
PCG: 0 : 3.181178e-03
PCG: 1 : 3.503275e-03 / 1.101251e+00
PCG: 0 : 3.503275e-03
PCG: 1 : 3.099693e-03 / 8.847988e-01
PCG: 0 : 3.099693e-03
PCG: 1 : 3.413535e-03 / 1.101249e+00
PCG: 0 : 3.413535e-03
PCG: 1 : 3.020297e-03 / 8.848003e-01
PCG: 0 : 3.020297e-03
PCG: 1 : 3.326094e-03 / 1.101247e+00
PCG: 0 : 3.326094e-03
PCG: 1 : 2.942936e-03 / 8.848025e-01
PCG: 0 : 2.942936e-03
PCG: 1 : 3.240895e-03 / 1.101246e+00
PCG: 0 : 3.240895e-03
PCG: 1 : 2.867559e-03 / 8.848047e-01
PCG: 0 : 2.867559e-03
PCG: 1 : 3.157880e-03 / 1.101243e+00
PCG: 0 : 3.157880e-03
PCG: 1 : 2.794113e-03 / 8.848065e-01
PCG: 0 : 2.794112e-03
PCG: 1 : 3.076992e-03 / 1.101241e+00
PCG: 0 : 3.076992e-03
PCG: 1 : 2.722549e-03 / 8.848086e-01
PCG: 0 : 2.722549e-03
PCG: 1 : 2.998177e-03 / 1.101239e+00
PCG: 0 : 2.998177e-03
PCG: 1 : 2.652818e-03 / 8.848103e-01
PCG: 0 : 2.652818e-03
PCG: 1 : 2.921383e-03 / 1.101238e+00
PCG: 0 : 2.921383e-03
PCG: 1 : 2.584875e-03 / 8.848121e-01
PCG: 0 : 2.584875e-03
PCG: 1 : 2.846557e-03 / 1.101236e+00
PCG: 0 : 2.846557e-03
PCG: 1 : 2.518673e-03 / 8.848139e-01
PCG: 0 : 2.518673e-03
PCG: 1 : 2.773648e-03 / 1.101234e+00
PCG: 0 : 2.773648e-03
PCG: 1 : 2.454167e-03 / 8.848159e-01
PCG: 0 : 2.454167e-03
PCG: 1 : 2.702608e-03 / 1.101232e+00
PCG: 0 : 2.702608e-03
PCG: 1 : 2.391316e-03 / 8.848179e-01
PCG: 0 : 2.391315e-03
PCG: 1 : 2.633387e-03 / 1.101230e+00
PCG: 0 : 2.633387e-03
PCG: 1 : 2.330074e-03 / 8.848200e-01
PCG: 0 : 2.330074e-03
PCG: 1 : 2.565941e-03 / 1.101227e+00
PCG: 0 : 2.565941e-03
PCG: 1 : 2.270402e-03 / 8.848225e-01
PCG: 0 : 2.270402e-03
PCG: 1 : 2.500223e-03 / 1.101225e+00
PCG: 0 : 2.500223e-03
PCG: 1 : 2.212259e-03 / 8.848246e-01
PCG: 0 : 2.212259e-03
PCG: 1 : 2.436189e-03 / 1.101223e+00
PCG: 0 : 2.436189e-03
PCG: 1 : 2.155605e-03 / 8.848266e-01
PCG: 0 : 2.155605e-03
PCG: 1 : 2.373798e-03 / 1.101221e+00
PCG: 0 : 2.373798e-03
PCG: 1 : 2.100403e-03 / 8.848283e-01
PCG: 0 : 2.100403e-03
PCG: 1 : 2.313004e-03 / 1.101219e+00
PCG: 0 : 2.313004e-03
PCG: 1 : 2.046615e-03 / 8.848299e-01
PCG: 0 : 2.046615e-03
PCG: 1 : 2.253768e-03 / 1.101217e+00
PCG: 0 : 2.253768e-03
PCG: 1 : 1.994206e-03 / 8.848319e-01
PCG: 0 : 1.994206e-03
PCG: 1 : 2.196050e-03 / 1.101215e+00
PCG: 0 : 2.196050e-03
PCG: 1 : 1.943139e-03 / 8.848340e-01
PCG: 0 : 1.943139e-03
PCG: 1 : 2.139811e-03 / 1.101213e+00
PCG: 0 : 2.139811e-03
PCG: 1 : 1.893381e-03 / 8.848357e-01
PCG: 0 : 1.893381e-03
PCG: 1 : 2.085013e-03 / 1.101212e+00
PCG: 0 : 2.085013e-03
PCG: 1 : 1.844897e-03 / 8.848371e-01
PCG: 0 : 1.844897e-03
PCG: 1 : 2.031620e-03 / 1.101211e+00
PCG: 0 : 2.031620e-03
PCG: 1 : 1.797655e-03 / 8.848382e-01
PCG: 0 : 1.797655e-03
PCG: 1 : 1.979595e-03 / 1.101209e+00
PCG: 0 : 1.979595e-03
PCG: 1 : 1.751625e-03 / 8.848402e-01
PCG: 0 : 1.751625e-03
PCG: 1 : 1.928902e-03 / 1.101207e+00
PCG: 0 : 1.928902e-03
PCG: 1 : 1.706773e-03 / 8.848417e-01
PCG: 0 : 1.706773e-03
PCG: 1 : 1.879509e-03 / 1.101206e+00
PCG: 0 : 1.879509e-03
PCG: 1 : 1.663071e-03 / 8.848432e-01
PCG: 0 : 1.663071e-03
PCG: 1 : 1.831380e-03 / 1.101204e+00
PCG: 0 : 1.831380e-03
PCG: 1 : 1.620489e-03 / 8.848458e-01
PCG: 0 : 1.620488e-03
PCG: 1 : 1.784484e-03 / 1.101201e+00
PCG: 0 : 1.784484e-03
PCG: 1 : 1.578997e-03 / 8.848479e-01
PCG: 0 : 1.578997e-03
PCG: 1 : 1.738791e-03 / 1.101199e+00
PCG: 0 : 1.738790e-03
PCG: 1 : 1.538568e-03 / 8.848498e-01
PCG: 0 : 1.538568e-03
PCG: 1 : 1.694268e-03 / 1.101197e+00
PCG: 0 : 1.694267e-03
PCG: 1 : 1.499175e-03 / 8.848514e-01
PCG: 0 : 1.499175e-03
PCG: 1 : 1.650886e-03 / 1.101196e+00
PCG: 0 : 1.650886e-03
PCG: 1 : 1.460791e-03 / 8.848528e-01
PCG: 0 : 1.460791e-03
PCG: 1 : 1.608616e-03 / 1.101195e+00
PCG: 0 : 1.608616e-03
PCG: 1 : 1.423390e-03 / 8.848543e-01
PCG: 0 : 1.423390e-03
PCG: 1 : 1.567428e-03 / 1.101193e+00
PCG: 0 : 1.567428e-03
PCG: 1 : 1.386949e-03 / 8.848563e-01
PCG: 0 : 1.386949e-03
PCG: 1 : 1.527295e-03 / 1.101191e+00
PCG: 0 : 1.527295e-03
PCG: 1 : 1.351440e-03 / 8.848584e-01
PCG: 0 : 1.351440e-03
PCG: 1 : 1.488191e-03 / 1.101189e+00
PCG: 0 : 1.488191e-03
PCG: 1 : 1.316841e-03 / 8.848604e-01
PCG: 0 : 1.316841e-03
PCG: 1 : 1.450089e-03 / 1.101187e+00
PCG: 0 : 1.450088e-03
PCG: 1 : 1.283129e-03 / 8.848628e-01
PCG: 0 : 1.283129e-03
PCG: 1 : 1.412962e-03 / 1.101185e+00
PCG: 0 : 1.412962e-03
PCG: 1 : 1.250281e-03 / 8.848648e-01
PCG: 0 : 1.250281e-03
PCG: 1 : 1.376787e-03 / 1.101183e+00
PCG: 0 : 1.376787e-03
PCG: 1 : 1.218274e-03 / 8.848673e-01
PCG: 0 : 1.218274e-03
PCG: 1 : 1.341539e-03 / 1.101180e+00
PCG: 0 : 1.341539e-03
PCG: 1 : 1.187087e-03 / 8.848695e-01
PCG: 0 : 1.187087e-03
PCG: 1 : 1.307194e-03 / 1.101177e+00
PCG: 0 : 1.307193e-03
PCG: 1 : 1.156699e-03 / 8.848724e-01
PCG: 0 : 1.156699e-03
PCG: 1 : 1.273729e-03 / 1.101175e+00
PCG: 0 : 1.273728e-03
PCG: 1 : 1.127090e-03 / 8.848746e-01
PCG: 0 : 1.127090e-03
PCG: 1 : 1.241121e-03 / 1.101173e+00
PCG: 0 : 1.241121e-03
PCG: 1 : 1.098240e-03 / 8.848773e-01
PCG: 0 : 1.098239e-03
PCG: 1 : 1.209348e-03 / 1.101170e+00
PCG: 0 : 1.209348e-03
PCG: 1 : 1.070128e-03 / 8.848799e-01
PCG: 0 : 1.070128e-03
PCG: 1 : 1.178390e-03 / 1.101168e+00
PCG: 0 : 1.178390e-03
PCG: 1 : 1.042736e-03 / 8.848822e-01
PCG: 0 : 1.042736e-03
PCG: 1 : 1.148226e-03 / 1.101166e+00
PCG: 0 : 1.148226e-03
PCG: 1 : 1.016047e-03 / 8.848841e-01
PCG: 0 : 1.016047e-03
PCG: 1 : 1.118834e-03 / 1.101164e+00
PCG: 0 : 1.118833e-03
PCG: 1 : 9.900401e-04 / 8.848861e-01
PCG: 0 : 9.900401e-04
PCG: 1 : 1.090195e-03 / 1.101162e+00
PCG: 0 : 1.090195e-03
PCG: 1 : 9.647008e-04 / 8.848886e-01
PCG: 0 : 9.647007e-04
PCG: 1 : 1.062290e-03 / 1.101160e+00
PCG: 0 : 1.062290e-03
PCG: 1 : 9.400098e-04 / 8.848903e-01
PCG: 0 : 9.400097e-04
PCG: 1 : 1.035099e-03 / 1.101158e+00
PCG: 0 : 1.035099e-03
PCG: 1 : 9.159521e-04 / 8.848928e-01
PCG: 0 : 9.159521e-04
PCG: 1 : 1.008606e-03 / 1.101155e+00
PCG: 0 : 1.008605e-03
PCG: 1 : 8.925103e-04 / 8.848954e-01
PCG: 0 : 8.925103e-04
PCG: 1 : 9.827908e-04 / 1.101153e+00
PCG: 0 : 9.827907e-04
PCG: 1 : 8.696695e-04 / 8.848979e-01
PCG: 0 : 8.696694e-04
PCG: 1 : 9.576373e-04 / 1.101151e+00
PCG: 0 : 9.576373e-04
PCG: 1 : 8.474136e-04 / 8.849003e-01
PCG: 0 : 8.474136e-04
PCG: 1 : 9.331285e-04 / 1.101149e+00
PCG: 0 : 9.331285e-04
PCG: 1 : 8.257276e-04 / 8.849023e-01
PCG: 0 : 8.257275e-04
PCG: 1 : 9.092476e-04 / 1.101147e+00
PCG: 0 : 9.092476e-04
PCG: 1 : 8.045973e-04 / 8.849045e-01
PCG: 0 : 8.045973e-04
PCG: 1 : 8.859789e-04 / 1.101146e+00
PCG: 0 : 8.859788e-04
PCG: 1 : 7.840079e-04 / 8.849059e-01
PCG: 0 : 7.840079e-04
PCG: 1 : 8.633063e-04 / 1.101145e+00
PCG: 0 : 8.633062e-04
PCG: 1 : 7.639461e-04 / 8.849074e-01
PCG: 0 : 7.639461e-04
PCG: 1 : 8.412143e-04 / 1.101144e+00
PCG: 0 : 8.412143e-04
PCG: 1 : 7.443988e-04 / 8.849099e-01
PCG: 0 : 7.443988e-04
PCG: 1 : 8.196881e-04 / 1.101141e+00
PCG: 0 : 8.196880e-04
PCG: 1 : 7.253522e-04 / 8.849126e-01
PCG: 0 : 7.253522e-04
PCG: 1 : 7.987136e-04 / 1.101139e+00
PCG: 0 : 7.987135e-04
PCG: 1 : 7.067934e-04 / 8.849148e-01
PCG: 0 : 7.067934e-04
PCG: 1 : 7.782766e-04 / 1.101137e+00
PCG: 0 : 7.782765e-04
PCG: 1 : 6.887099e-04 / 8.849167e-01
PCG: 0 : 6.887099e-04
PCG: 1 : 7.583633e-04 / 1.101136e+00
PCG: 0 : 7.583633e-04
PCG: 1 : 6.710896e-04 / 8.849183e-01
PCG: 0 : 6.710895e-04
PCG: 1 : 7.389602e-04 / 1.101135e+00
PCG: 0 : 7.389602e-04
PCG: 1 : 6.539205e-04 / 8.849198e-01
PCG: 0 : 6.539205e-04
PCG: 1 : 7.200543e-04 / 1.101134e+00
PCG: 0 : 7.200543e-04
PCG: 1 : 6.371916e-04 / 8.849217e-01
PCG: 0 : 6.371916e-04
PCG: 1 : 7.016324e-04 / 1.101133e+00
PCG: 0 : 7.016324e-04
PCG: 1 : 6.208914e-04 / 8.849241e-01
PCG: 0 : 6.208914e-04
PCG: 1 : 6.836824e-04 / 1.101130e+00
PCG: 0 : 6.836824e-04
PCG: 1 : 6.050090e-04 / 8.849270e-01
PCG: 0 : 6.050090e-04
PCG: 1 : 6.661923e-04 / 1.101128e+00
PCG: 0 : 6.661923e-04
PCG: 1 : 5.895332e-04 / 8.849295e-01
PCG: 0 : 5.895331e-04
PCG: 1 : 6.491502e-04 / 1.101126e+00
PCG: 0 : 6.491502e-04
PCG: 1 : 5.744540e-04 / 8.849322e-01
PCG: 0 : 5.744540e-04
PCG: 1 : 6.325449e-04 / 1.101124e+00
PCG: 0 : 6.325449e-04
PCG: 1 : 5.597610e-04 / 8.849349e-01
PCG: 0 : 5.597610e-04
PCG: 1 : 6.163651e-04 / 1.101122e+00
PCG: 0 : 6.163651e-04
PCG: 1 : 5.454444e-04 / 8.849373e-01
PCG: 0 : 5.454444e-04
PCG: 1 : 6.005994e-04 / 1.101119e+00
PCG: 0 : 6.005993e-04
PCG: 1 : 5.314946e-04 / 8.849404e-01
PCG: 0 : 5.314946e-04
PCG: 1 : 5.852381e-04 / 1.101118e+00
PCG: 0 : 5.852380e-04
PCG: 1 : 5.179020e-04 / 8.849424e-01
PCG: 0 : 5.179019e-04
PCG: 1 : 5.702703e-04 / 1.101116e+00
PCG: 0 : 5.702702e-04
PCG: 1 : 5.046578e-04 / 8.849450e-01
PCG: 0 : 5.046577e-04
PCG: 1 : 5.556856e-04 / 1.101114e+00
PCG: 0 : 5.556855e-04
PCG: 1 : 4.917527e-04 / 8.849478e-01
PCG: 0 : 4.917527e-04
PCG: 1 : 5.414749e-04 / 1.101112e+00
PCG: 0 : 5.414748e-04
PCG: 1 : 4.791780e-04 / 8.849496e-01
PCG: 0 : 4.791779e-04
PCG: 1 : 5.276283e-04 / 1.101111e+00
PCG: 0 : 5.276282e-04
PCG: 1 : 4.669255e-04 / 8.849517e-01
PCG: 0 : 4.669254e-04
PCG: 1 : 5.141360e-04 / 1.101110e+00
PCG: 0 : 5.141360e-04
PCG: 1 : 4.549870e-04 / 8.849545e-01
PCG: 0 : 4.549870e-04
PCG: 1 : 5.009895e-04 / 1.101107e+00
PCG: 0 : 5.009895e-04
PCG: 1 : 4.433542e-04 / 8.849572e-01
PCG: 0 : 4.433542e-04
PCG: 1 : 4.881798e-04 / 1.101106e+00
PCG: 0 : 4.881797e-04
PCG: 1 : 4.320194e-04 / 8.849596e-01
PCG: 0 : 4.320193e-04
PCG: 1 : 4.756982e-04 / 1.101104e+00
PCG: 0 : 4.756982e-04
PCG: 1 : 4.209746e-04 / 8.849616e-01
PCG: 0 : 4.209746e-04
PCG: 1 : 4.635366e-04 / 1.101103e+00
PCG: 0 : 4.635365e-04
PCG: 1 : 4.102129e-04 / 8.849635e-01
PCG: 0 : 4.102129e-04
PCG: 1 : 4.516862e-04 / 1.101102e+00
PCG: 0 : 4.516861e-04
PCG: 1 : 3.997269e-04 / 8.849660e-01
PCG: 0 : 3.997268e-04
PCG: 1 : 4.401394e-04 / 1.101100e+00
PCG: 0 : 4.401393e-04
PCG: 1 : 3.895092e-04 / 8.849679e-01
PCG: 0 : 3.895092e-04
PCG: 1 : 4.288884e-04 / 1.101099e+00
PCG: 0 : 4.288884e-04
PCG: 1 : 3.795532e-04 / 8.849697e-01
PCG: 0 : 3.795532e-04
PCG: 1 : 4.179254e-04 / 1.101098e+00
PCG: 0 : 4.179254e-04
PCG: 1 : 3.698524e-04 / 8.849724e-01
PCG: 0 : 3.698524e-04
PCG: 1 : 4.072433e-04 / 1.101097e+00
PCG: 0 : 4.072433e-04
PCG: 1 : 3.603998e-04 / 8.849743e-01
PCG: 0 : 3.603998e-04
PCG: 1 : 3.968348e-04 / 1.101096e+00
PCG: 0 : 3.968348e-04
PCG: 1 : 3.511893e-04 / 8.849761e-01
PCG: 0 : 3.511893e-04
PCG: 1 : 3.866929e-04 / 1.101095e+00
PCG: 0 : 3.866929e-04
PCG: 1 : 3.422148e-04 / 8.849782e-01
PCG: 0 : 3.422148e-04
PCG: 1 : 3.768106e-04 / 1.101094e+00
PCG: 0 : 3.768106e-04
PCG: 1 : 3.334699e-04 / 8.849803e-01
PCG: 0 : 3.334699e-04
PCG: 1 : 3.671814e-04 / 1.101093e+00
PCG: 0 : 3.671814e-04
PCG: 1 : 3.249492e-04 / 8.849826e-01
PCG: 0 : 3.249491e-04
PCG: 1 : 3.577988e-04 / 1.101092e+00
PCG: 0 : 3.577988e-04
PCG: 1 : 3.166464e-04 / 8.849846e-01
PCG: 0 : 3.166464e-04
PCG: 1 : 3.486564e-04 / 1.101091e+00
PCG: 0 : 3.486564e-04
PCG: 1 : 3.085564e-04 / 8.849869e-01
PCG: 0 : 3.085564e-04
PCG: 1 : 3.397481e-04 / 1.101089e+00
PCG: 0 : 3.397481e-04
PCG: 1 : 3.006736e-04 / 8.849897e-01
PCG: 0 : 3.006736e-04
PCG: 1 : 3.310678e-04 / 1.101087e+00
PCG: 0 : 3.310677e-04
PCG: 1 : 2.929925e-04 / 8.849926e-01
PCG: 0 : 2.929925e-04
PCG: 1 : 3.226098e-04 / 1.101086e+00
PCG: 0 : 3.226098e-04
PCG: 1 : 2.855081e-04 / 8.849949e-01
PCG: 0 : 2.855081e-04
PCG: 1 : 3.143683e-04 / 1.101084e+00
PCG: 0 : 3.143683e-04
PCG: 1 : 2.782152e-04 / 8.849975e-01
PCG: 0 : 2.782152e-04
PCG: 1 : 3.063380e-04 / 1.101083e+00
PCG: 0 : 3.063380e-04
PCG: 1 : 2.711090e-04 / 8.849995e-01
PCG: 0 : 2.711090e-04
PCG: 1 : 2.985132e-04 / 1.101082e+00
PCG: 0 : 2.985132e-04
PCG: 1 : 2.641848e-04 / 8.850020e-01
PCG: 0 : 2.641848e-04
PCG: 1 : 2.908888e-04 / 1.101081e+00
PCG: 0 : 2.908888e-04
PCG: 1 : 2.574377e-04 / 8.850038e-01
PCG: 0 : 2.574377e-04
PCG: 1 : 2.834595e-04 / 1.101080e+00
PCG: 0 : 2.834595e-04
PCG: 1 : 2.508633e-04 / 8.850059e-01
PCG: 0 : 2.508633e-04
PCG: 1 : 2.762204e-04 / 1.101079e+00
PCG: 0 : 2.762204e-04
PCG: 1 : 2.444573e-04 / 8.850082e-01
PCG: 0 : 2.444573e-04
PCG: 1 : 2.691665e-04 / 1.101078e+00
PCG: 0 : 2.691665e-04
PCG: 1 : 2.382151e-04 / 8.850104e-01
PCG: 0 : 2.382151e-04
PCG: 1 : 2.622931e-04 / 1.101077e+00
PCG: 0 : 2.622931e-04
PCG: 1 : 2.321329e-04 / 8.850130e-01
PCG: 0 : 2.321328e-04
PCG: 1 : 2.555957e-04 / 1.101076e+00
PCG: 0 : 2.555957e-04
PCG: 1 : 2.262062e-04 / 8.850155e-01
PCG: 0 : 2.262062e-04
PCG: 1 : 2.490697e-04 / 1.101074e+00
PCG: 0 : 2.490697e-04
PCG: 1 : 2.204310e-04 / 8.850174e-01
PCG: 0 : 2.204310e-04
PCG: 1 : 2.427107e-04 / 1.101073e+00
PCG: 0 : 2.427107e-04
PCG: 1 : 2.148038e-04 / 8.850197e-01
PCG: 0 : 2.148038e-04
PCG: 1 : 2.365145e-04 / 1.101073e+00
PCG: 0 : 2.365145e-04
PCG: 1 : 2.093205e-04 / 8.850217e-01
PCG: 0 : 2.093205e-04
PCG: 1 : 2.304768e-04 / 1.101071e+00
PCG: 0 : 2.304768e-04
PCG: 1 : 2.039774e-04 / 8.850239e-01
PCG: 0 : 2.039774e-04
PCG: 1 : 2.245936e-04 / 1.101071e+00
PCG: 0 : 2.245936e-04
PCG: 1 : 1.987711e-04 / 8.850257e-01
PCG: 0 : 1.987711e-04
PCG: 1 : 2.188609e-04 / 1.101070e+00
PCG: 0 : 2.188609e-04
PCG: 1 : 1.936980e-04 / 8.850278e-01
PCG: 0 : 1.936980e-04
PCG: 1 : 2.132748e-04 / 1.101069e+00
PCG: 0 : 2.132748e-04
PCG: 1 : 1.887547e-04 / 8.850307e-01
PCG: 0 : 1.887547e-04
PCG: 1 : 2.078317e-04 / 1.101067e+00
PCG: 0 : 2.078317e-04
PCG: 1 : 1.839378e-04 / 8.850326e-01
PCG: 0 : 1.839378e-04
PCG: 1 : 2.025278e-04 / 1.101067e+00
PCG: 0 : 2.025278e-04
PCG: 1 : 1.792441e-04 / 8.850347e-01
PCG: 0 : 1.792441e-04
PCG: 1 : 1.973596e-04 / 1.101066e+00
PCG: 0 : 1.973596e-04
PCG: 1 : 1.746705e-04 / 8.850365e-01
PCG: 0 : 1.746705e-04
PCG: 1 : 1.923235e-04 / 1.101065e+00
PCG: 0 : 1.923235e-04
PCG: 1 : 1.702139e-04 / 8.850392e-01
PCG: 0 : 1.702138e-04
PCG: 1 : 1.874163e-04 / 1.101064e+00
PCG: 0 : 1.874163e-04
PCG: 1 : 1.658711e-04 / 8.850411e-01
PCG: 0 : 1.658711e-04
PCG: 1 : 1.826346e-04 / 1.101063e+00
PCG: 0 : 1.826346e-04
PCG: 1 : 1.616395e-04 / 8.850434e-01
PCG: 0 : 1.616395e-04
PCG: 1 : 1.779751e-04 / 1.101062e+00
PCG: 0 : 1.779751e-04
PCG: 1 : 1.575162e-04 / 8.850464e-01
PCG: 0 : 1.575162e-04
PCG: 1 : 1.734347e-04 / 1.101060e+00
PCG: 0 : 1.734347e-04
PCG: 1 : 1.534982e-04 / 8.850489e-01
PCG: 0 : 1.534982e-04
PCG: 1 : 1.690105e-04 / 1.101058e+00
PCG: 0 : 1.690105e-04
PCG: 1 : 1.495830e-04 / 8.850515e-01
PCG: 0 : 1.495830e-04
PCG: 1 : 1.646994e-04 / 1.101057e+00
PCG: 0 : 1.646994e-04
PCG: 1 : 1.457679e-04 / 8.850539e-01
PCG: 0 : 1.457679e-04
PCG: 1 : 1.604986e-04 / 1.101056e+00
PCG: 0 : 1.604986e-04
PCG: 1 : 1.420503e-04 / 8.850563e-01
PCG: 0 : 1.420503e-04
PCG: 1 : 1.564051e-04 / 1.101055e+00
PCG: 0 : 1.564051e-04
PCG: 1 : 1.384277e-04 / 8.850588e-01
PCG: 0 : 1.384277e-04
PCG: 1 : 1.524163e-04 / 1.101053e+00
PCG: 0 : 1.524163e-04
PCG: 1 : 1.348977e-04 / 8.850608e-01
PCG: 0 : 1.348977e-04
PCG: 1 : 1.485294e-04 / 1.101053e+00
PCG: 0 : 1.485294e-04
PCG: 1 : 1.314579e-04 / 8.850632e-01
PCG: 0 : 1.314579e-04
PCG: 1 : 1.447419e-04 / 1.101051e+00
PCG: 0 : 1.447419e-04
PCG: 1 : 1.281061e-04 / 8.850657e-01
PCG: 0 : 1.281061e-04
PCG: 1 : 1.410513e-04 / 1.101050e+00
PCG: 0 : 1.410513e-04
PCG: 1 : 1.248399e-04 / 8.850673e-01
PCG: 0 : 1.248398e-04
PCG: 1 : 1.374549e-04 / 1.101050e+00
PCG: 0 : 1.374549e-04
PCG: 1 : 1.216571e-04 / 8.850694e-01
PCG: 0 : 1.216571e-04
PCG: 1 : 1.339505e-04 / 1.101049e+00
PCG: 0 : 1.339505e-04
PCG: 1 : 1.185557e-04 / 8.850710e-01
PCG: 0 : 1.185557e-04
PCG: 1 : 1.305356e-04 / 1.101049e+00
PCG: 0 : 1.305356e-04
PCG: 1 : 1.155335e-04 / 8.850729e-01
PCG: 0 : 1.155335e-04
PCG: 1 : 1.272080e-04 / 1.101048e+00
PCG: 0 : 1.272080e-04
PCG: 1 : 1.125886e-04 / 8.850750e-01
PCG: 0 : 1.125886e-04
PCG: 1 : 1.239653e-04 / 1.101047e+00
PCG: 0 : 1.239653e-04
PCG: 1 : 1.097189e-04 / 8.850777e-01
PCG: 0 : 1.097189e-04
PCG: 1 : 1.208055e-04 / 1.101046e+00
PCG: 0 : 1.208055e-04
PCG: 1 : 1.069225e-04 / 8.850799e-01
PCG: 0 : 1.069225e-04
PCG: 1 : 1.177264e-04 / 1.101044e+00
PCG: 0 : 1.177264e-04
PCG: 1 : 1.041975e-04 / 8.850820e-01
PCG: 0 : 1.041975e-04
PCG: 1 : 1.147261e-04 / 1.101044e+00
PCG: 0 : 1.147261e-04
PCG: 1 : 1.015421e-04 / 8.850832e-01
PCG: 0 : 1.015421e-04
PCG: 1 : 1.118023e-04 / 1.101044e+00
PCG: 0 : 1.118023e-04
PCG: 1 : 9.895453e-05 / 8.850848e-01
PCG: 0 : 9.895452e-05
PCG: 1 : 1.089532e-04 / 1.101044e+00
PCG: 0 : 1.089532e-04
PCG: 1 : 9.643305e-05 / 8.850865e-01
PCG: 0 : 9.643305e-05
PCG: 1 : 1.061769e-04 / 1.101043e+00
PCG: 0 : 1.061769e-04
PCG: 1 : 9.397594e-05 / 8.850883e-01
PCG: 0 : 9.397594e-05
PCG: 1 : 1.034715e-04 / 1.101043e+00
PCG: 0 : 1.034715e-04
PCG: 1 : 9.158155e-05 / 8.850895e-01
PCG: 0 : 9.158155e-05
PCG: 1 : 1.008352e-04 / 1.101043e+00
PCG: 0 : 1.008352e-04
PCG: 1 : 8.924834e-05 / 8.850908e-01
PCG: 0 : 8.924833e-05
PCG: 1 : 9.826621e-05 / 1.101043e+00
PCG: 0 : 9.826621e-05
PCG: 1 : 8.697467e-05 / 8.850923e-01
PCG: 0 : 8.697467e-05
PCG: 1 : 9.576281e-05 / 1.101043e+00
PCG: 0 : 9.576280e-05
PCG: 1 : 8.475905e-05 / 8.850937e-01
PCG: 0 : 8.475905e-05
PCG: 1 : 9.332328e-05 / 1.101042e+00
PCG: 0 : 9.332327e-05
PCG: 1 : 8.260006e-05 / 8.850961e-01
PCG: 0 : 8.260005e-05
PCG: 1 : 9.094601e-05 / 1.101040e+00
PCG: 0 : 9.094601e-05
PCG: 1 : 8.049613e-05 / 8.850980e-01
PCG: 0 : 8.049612e-05
PCG: 1 : 8.862944e-05 / 1.101040e+00
PCG: 0 : 8.862943e-05
PCG: 1 : 7.844593e-05 / 8.851002e-01
PCG: 0 : 7.844593e-05
PCG: 1 : 8.637200e-05 / 1.101039e+00
PCG: 0 : 8.637200e-05
PCG: 1 : 7.644802e-05 / 8.851019e-01
PCG: 0 : 7.644801e-05
PCG: 1 : 8.417215e-05 / 1.101038e+00
PCG: 0 : 8.417214e-05
PCG: 1 : 7.450113e-05 / 8.851044e-01
PCG: 0 : 7.450113e-05
PCG: 1 : 8.202851e-05 / 1.101037e+00
PCG: 0 : 8.202851e-05
PCG: 1 : 7.260388e-05 / 8.851054e-01
PCG: 0 : 7.260387e-05
PCG: 1 : 7.993956e-05 / 1.101037e+00
PCG: 0 : 7.993955e-05
PCG: 1 : 7.075504e-05 / 8.851067e-01
PCG: 0 : 7.075504e-05
PCG: 1 : 7.790393e-05 / 1.101037e+00
PCG: 0 : 7.790392e-05
PCG: 1 : 6.895340e-05 / 8.851082e-01
PCG: 0 : 6.895339e-05
PCG: 1 : 7.592022e-05 / 1.101037e+00
PCG: 0 : 7.592021e-05
PCG: 1 : 6.719772e-05 / 8.851098e-01
PCG: 0 : 6.719772e-05
PCG: 1 : 7.398707e-05 / 1.101035e+00
PCG: 0 : 7.398707e-05
PCG: 1 : 6.548686e-05 / 8.851122e-01
PCG: 0 : 6.548685e-05
PCG: 1 : 7.210328e-05 / 1.101035e+00
PCG: 0 : 7.210328e-05
PCG: 1 : 6.381962e-05 / 8.851140e-01
PCG: 0 : 6.381962e-05
PCG: 1 : 7.026754e-05 / 1.101033e+00
PCG: 0 : 7.026753e-05
PCG: 1 : 6.219492e-05 / 8.851161e-01
PCG: 0 : 6.219492e-05
PCG: 1 : 6.847867e-05 / 1.101033e+00
PCG: 0 : 6.847867e-05
PCG: 1 : 6.061162e-05 / 8.851168e-01
PCG: 0 : 6.061162e-05
PCG: 1 : 6.673540e-05 / 1.101033e+00
PCG: 0 : 6.673540e-05
PCG: 1 : 5.906875e-05 / 8.851188e-01
PCG: 0 : 5.906875e-05
PCG: 1 : 6.503660e-05 / 1.101032e+00
PCG: 0 : 6.503659e-05
PCG: 1 : 5.756519e-05 / 8.851201e-01
PCG: 0 : 5.756519e-05
PCG: 1 : 6.338113e-05 / 1.101032e+00
PCG: 0 : 6.338113e-05
PCG: 1 : 5.610001e-05 / 8.851217e-01
PCG: 0 : 5.610001e-05
PCG: 1 : 6.176785e-05 / 1.101031e+00
PCG: 0 : 6.176785e-05
PCG: 1 : 5.467216e-05 / 8.851234e-01
PCG: 0 : 5.467216e-05
PCG: 1 : 6.019574e-05 / 1.101031e+00
PCG: 0 : 6.019573e-05
PCG: 1 : 5.328073e-05 / 8.851247e-01
PCG: 0 : 5.328072e-05
PCG: 1 : 5.866370e-05 / 1.101030e+00
PCG: 0 : 5.866369e-05
PCG: 1 : 5.192477e-05 / 8.851261e-01
PCG: 0 : 5.192476e-05
PCG: 1 : 5.717074e-05 / 1.101030e+00
PCG: 0 : 5.717074e-05
PCG: 1 : 5.060338e-05 / 8.851273e-01
PCG: 0 : 5.060338e-05
PCG: 1 : 5.571583e-05 / 1.101030e+00
PCG: 0 : 5.571582e-05
PCG: 1 : 4.931568e-05 / 8.851289e-01
PCG: 0 : 4.931568e-05
PCG: 1 : 5.429800e-05 / 1.101029e+00
PCG: 0 : 5.429800e-05
PCG: 1 : 4.806082e-05 / 8.851306e-01
PCG: 0 : 4.806081e-05
PCG: 1 : 5.291631e-05 / 1.101028e+00
PCG: 0 : 5.291631e-05
PCG: 1 : 4.683793e-05 / 8.851323e-01
PCG: 0 : 4.683793e-05
PCG: 1 : 5.156986e-05 / 1.101028e+00
PCG: 0 : 5.156986e-05
PCG: 1 : 4.564619e-05 / 8.851330e-01
PCG: 0 : 4.564619e-05
PCG: 1 : 5.025775e-05 / 1.101028e+00
PCG: 0 : 5.025775e-05
PCG: 1 : 4.448483e-05 / 8.851339e-01
PCG: 0 : 4.448483e-05
PCG: 1 : 4.897905e-05 / 1.101028e+00
PCG: 0 : 4.897905e-05
PCG: 1 : 4.335307e-05 / 8.851350e-01
PCG: 0 : 4.335307e-05
PCG: 1 : 4.773294e-05 / 1.101028e+00
PCG: 0 : 4.773294e-05
PCG: 1 : 4.225016e-05 / 8.851363e-01
PCG: 0 : 4.225016e-05
PCG: 1 : 4.651859e-05 / 1.101028e+00
PCG: 0 : 4.651859e-05
PCG: 1 : 4.117535e-05 / 8.851375e-01
PCG: 0 : 4.117535e-05
PCG: 1 : 4.533517e-05 / 1.101027e+00
PCG: 0 : 4.533517e-05
PCG: 1 : 4.012795e-05 / 8.851396e-01
PCG: 0 : 4.012795e-05
PCG: 1 : 4.418191e-05 / 1.101026e+00
PCG: 0 : 4.418191e-05
PCG: 1 : 3.910722e-05 / 8.851410e-01
PCG: 0 : 3.910722e-05
PCG: 1 : 4.305804e-05 / 1.101025e+00
PCG: 0 : 4.305804e-05
PCG: 1 : 3.811249e-05 / 8.851422e-01
PCG: 0 : 3.811249e-05
PCG: 1 : 4.196279e-05 / 1.101025e+00
PCG: 0 : 4.196279e-05
PCG: 1 : 3.714312e-05 / 8.851441e-01
PCG: 0 : 3.714311e-05
PCG: 1 : 4.089545e-05 / 1.101024e+00
PCG: 0 : 4.089545e-05
PCG: 1 : 3.619842e-05 / 8.851455e-01
PCG: 0 : 3.619842e-05
PCG: 1 : 3.985529e-05 / 1.101023e+00
PCG: 0 : 3.985529e-05
PCG: 1 : 3.527780e-05 / 8.851472e-01
PCG: 0 : 3.527780e-05
PCG: 1 : 3.884163e-05 / 1.101022e+00
PCG: 0 : 3.884163e-05
PCG: 1 : 3.438063e-05 / 8.851489e-01
PCG: 0 : 3.438063e-05
PCG: 1 : 3.785380e-05 / 1.101021e+00
PCG: 0 : 3.785380e-05
PCG: 1 : 3.350630e-05 / 8.851503e-01
PCG: 0 : 3.350630e-05
PCG: 1 : 3.689113e-05 / 1.101021e+00
PCG: 0 : 3.689113e-05
PCG: 1 : 3.265424e-05 / 8.851514e-01
PCG: 0 : 3.265424e-05
PCG: 1 : 3.595299e-05 / 1.101021e+00
PCG: 0 : 3.595299e-05
PCG: 1 : 3.182387e-05 / 8.851525e-01
PCG: 0 : 3.182387e-05
PCG: 1 : 3.503873e-05 / 1.101020e+00
PCG: 0 : 3.503873e-05
PCG: 1 : 3.101465e-05 / 8.851534e-01
PCG: 0 : 3.101465e-05
PCG: 1 : 3.414776e-05 / 1.101020e+00
PCG: 0 : 3.414776e-05
PCG: 1 : 3.022604e-05 / 8.851545e-01
PCG: 0 : 3.022604e-05
PCG: 1 : 3.327947e-05 / 1.101020e+00
PCG: 0 : 3.327947e-05
PCG: 1 : 2.945751e-05 / 8.851556e-01
PCG: 0 : 2.945751e-05
PCG: 1 : 3.243329e-05 / 1.101020e+00
PCG: 0 : 3.243329e-05
PCG: 1 : 2.870854e-05 / 8.851565e-01
PCG: 0 : 2.870854e-05
PCG: 1 : 3.160867e-05 / 1.101020e+00
PCG: 0 : 3.160867e-05
PCG: 1 : 2.797863e-05 / 8.851569e-01
PCG: 0 : 2.797863e-05
PCG: 1 : 3.080503e-05 / 1.101020e+00
PCG: 0 : 3.080503e-05
PCG: 1 : 2.726732e-05 / 8.851581e-01
PCG: 0 : 2.726732e-05
PCG: 1 : 3.002186e-05 / 1.101020e+00
PCG: 0 : 3.002185e-05
PCG: 1 : 2.657410e-05 / 8.851585e-01
PCG: 0 : 2.657410e-05
PCG: 1 : 2.925862e-05 / 1.101020e+00
PCG: 0 : 2.925862e-05
PCG: 1 : 2.589853e-05 / 8.851592e-01
PCG: 0 : 2.589853e-05
PCG: 1 : 2.851481e-05 / 1.101020e+00
PCG: 0 : 2.851481e-05
PCG: 1 : 2.524016e-05 / 8.851597e-01
PCG: 0 : 2.524016e-05
PCG: 1 : 2.778994e-05 / 1.101021e+00
PCG: 0 : 2.778994e-05
PCG: 1 : 2.459855e-05 / 8.851604e-01
PCG: 0 : 2.459855e-05
PCG: 1 : 2.708350e-05 / 1.101020e+00
PCG: 0 : 2.708350e-05
PCG: 1 : 2.397328e-05 / 8.851617e-01
PCG: 0 : 2.397328e-05
PCG: 1 : 2.639506e-05 / 1.101020e+00
PCG: 0 : 2.639505e-05
PCG: 1 : 2.336391e-05 / 8.851627e-01
PCG: 0 : 2.336391e-05
PCG: 1 : 2.572412e-05 / 1.101019e+00
PCG: 0 : 2.572412e-05
PCG: 1 : 2.277006e-05 / 8.851637e-01
PCG: 0 : 2.277006e-05
PCG: 1 : 2.507027e-05 / 1.101019e+00
PCG: 0 : 2.507027e-05
PCG: 1 : 2.219130e-05 / 8.851640e-01
PCG: 0 : 2.219130e-05
PCG: 1 : 2.443306e-05 / 1.101020e+00
PCG: 0 : 2.443306e-05
PCG: 1 : 2.162729e-05 / 8.851648e-01
PCG: 0 : 2.162729e-05
PCG: 1 : 2.381206e-05 / 1.101019e+00
PCG: 0 : 2.381206e-05
PCG: 1 : 2.107762e-05 / 8.851657e-01
PCG: 0 : 2.107762e-05
PCG: 1 : 2.320687e-05 / 1.101020e+00
PCG: 0 : 2.320687e-05
PCG: 1 : 2.054193e-05 / 8.851662e-01
PCG: 0 : 2.054193e-05
PCG: 1 : 2.261707e-05 / 1.101020e+00
PCG: 0 : 2.261707e-05
PCG: 1 : 2.001988e-05 / 8.851669e-01
PCG: 0 : 2.001988e-05
PCG: 1 : 2.204228e-05 / 1.101019e+00
PCG: 0 : 2.204228e-05
PCG: 1 : 1.951112e-05 / 8.851678e-01
PCG: 0 : 1.951111e-05
PCG: 1 : 2.148211e-05 / 1.101019e+00
PCG: 0 : 2.148210e-05
PCG: 1 : 1.901530e-05 / 8.851693e-01
PCG: 0 : 1.901530e-05
PCG: 1 : 2.093618e-05 / 1.101018e+00
PCG: 0 : 2.093618e-05
PCG: 1 : 1.853209e-05 / 8.851704e-01
PCG: 0 : 1.853208e-05
PCG: 1 : 2.040415e-05 / 1.101018e+00
PCG: 0 : 2.040415e-05
PCG: 1 : 1.806117e-05 / 8.851712e-01
PCG: 0 : 1.806117e-05
PCG: 1 : 1.988566e-05 / 1.101017e+00
PCG: 0 : 1.988566e-05
PCG: 1 : 1.760222e-05 / 8.851717e-01
PCG: 0 : 1.760222e-05
PCG: 1 : 1.938036e-05 / 1.101018e+00
PCG: 0 : 1.938036e-05
PCG: 1 : 1.715495e-05 / 8.851720e-01
PCG: 0 : 1.715495e-05
PCG: 1 : 1.888791e-05 / 1.101018e+00
PCG: 0 : 1.888791e-05
PCG: 1 : 1.671906e-05 / 8.851727e-01
PCG: 0 : 1.671906e-05
PCG: 1 : 1.840798e-05 / 1.101018e+00
PCG: 0 : 1.840798e-05
PCG: 1 : 1.629427e-05 / 8.851741e-01
PCG: 0 : 1.629427e-05
PCG: 1 : 1.794025e-05 / 1.101016e+00
PCG: 0 : 1.794025e-05
PCG: 1 : 1.588027e-05 / 8.851753e-01
PCG: 0 : 1.588027e-05
PCG: 1 : 1.748443e-05 / 1.101016e+00
PCG: 0 : 1.748443e-05
PCG: 1 : 1.547680e-05 / 8.851758e-01
PCG: 0 : 1.547679e-05
PCG: 1 : 1.704021e-05 / 1.101017e+00
PCG: 0 : 1.704021e-05
PCG: 1 : 1.508358e-05 / 8.851758e-01
PCG: 0 : 1.508358e-05
PCG: 1 : 1.660728e-05 / 1.101017e+00
PCG: 0 : 1.660727e-05
PCG: 1 : 1.470037e-05 / 8.851767e-01
PCG: 0 : 1.470037e-05
PCG: 1 : 1.618535e-05 / 1.101017e+00
PCG: 0 : 1.618535e-05
PCG: 1 : 1.432691e-05 / 8.851776e-01
PCG: 0 : 1.432691e-05
PCG: 1 : 1.577415e-05 / 1.101016e+00
PCG: 0 : 1.577415e-05
PCG: 1 : 1.396294e-05 / 8.851787e-01
PCG: 0 : 1.396294e-05
PCG: 1 : 1.537342e-05 / 1.101016e+00
PCG: 0 : 1.537342e-05
PCG: 1 : 1.360822e-05 / 8.851788e-01
PCG: 0 : 1.360822e-05
PCG: 1 : 1.498287e-05 / 1.101016e+00
PCG: 0 : 1.498287e-05
PCG: 1 : 1.326253e-05 / 8.851793e-01
PCG: 0 : 1.326253e-05
PCG: 1 : 1.460226e-05 / 1.101016e+00
PCG: 0 : 1.460226e-05
PCG: 1 : 1.292562e-05 / 8.851798e-01
PCG: 0 : 1.292562e-05
PCG: 1 : 1.423132e-05 / 1.101016e+00
PCG: 0 : 1.423131e-05
PCG: 1 : 1.259728e-05 / 8.851802e-01
PCG: 0 : 1.259728e-05
PCG: 1 : 1.386981e-05 / 1.101016e+00
PCG: 0 : 1.386981e-05
PCG: 1 : 1.227728e-05 / 8.851804e-01
PCG: 0 : 1.227728e-05
PCG: 1 : 1.351749e-05 / 1.101017e+00
PCG: 0 : 1.351749e-05
PCG: 1 : 1.196543e-05 / 8.851810e-01
PCG: 0 : 1.196543e-05
PCG: 1 : 1.317413e-05 / 1.101016e+00
PCG: 0 : 1.317413e-05
PCG: 1 : 1.166149e-05 / 8.851813e-01
PCG: 0 : 1.166149e-05
PCG: 1 : 1.283950e-05 / 1.101017e+00
PCG: 0 : 1.283950e-05
PCG: 1 : 1.136529e-05 / 8.851818e-01
PCG: 0 : 1.136529e-05
PCG: 1 : 1.251337e-05 / 1.101017e+00
PCG: 0 : 1.251337e-05
PCG: 1 : 1.107662e-05 / 8.851821e-01
PCG: 0 : 1.107662e-05
PCG: 1 : 1.219554e-05 / 1.101017e+00
PCG: 0 : 1.219554e-05
PCG: 1 : 1.079528e-05 / 8.851824e-01
PCG: 0 : 1.079528e-05
PCG: 1 : 1.188578e-05 / 1.101017e+00
PCG: 0 : 1.188578e-05
PCG: 1 : 1.052109e-05 / 8.851831e-01
PCG: 0 : 1.052109e-05
PCG: 1 : 1.158389e-05 / 1.101016e+00
PCG: 0 : 1.158389e-05
PCG: 1 : 1.025388e-05 / 8.851843e-01
PCG: 0 : 1.025388e-05
PCG: 1 : 1.128968e-05 / 1.101016e+00
PCG: 0 : 1.128968e-05
PCG: 1 : 9.993457e-06 / 8.851848e-01
PCG: 0 : 9.993457e-06
PCG: 1 : 1.100295e-05 / 1.101015e+00
PCG: 0 : 1.100295e-05
PCG: 1 : 9.739654e-06 / 8.851858e-01
PCG: 0 : 9.739654e-06
PCG: 1 : 1.072350e-05 / 1.101015e+00
PCG: 0 : 1.072350e-05
PCG: 1 : 9.492303e-06 / 8.851869e-01
PCG: 0 : 9.492303e-06
PCG: 1 : 1.045116e-05 / 1.101014e+00
PCG: 0 : 1.045116e-05
PCG: 1 : 9.251235e-06 / 8.851878e-01
PCG: 0 : 9.251235e-06
PCG: 1 : 1.018573e-05 / 1.101014e+00
PCG: 0 : 1.018573e-05
PCG: 1 : 9.016293e-06 / 8.851883e-01
PCG: 0 : 9.016292e-06
PCG: 1 : 9.927059e-06 / 1.101014e+00
PCG: 0 : 9.927058e-06
PCG: 1 : 8.787323e-06 / 8.851891e-01
PCG: 0 : 8.787323e-06
PCG: 1 : 9.674954e-06 / 1.101013e+00
PCG: 0 : 9.674954e-06
PCG: 1 : 8.564172e-06 / 8.851900e-01
PCG: 0 : 8.564172e-06
PCG: 1 : 9.429260e-06 / 1.101012e+00
PCG: 0 : 9.429259e-06
PCG: 1 : 8.346692e-06 / 8.851907e-01
PCG: 0 : 8.346691e-06
PCG: 1 : 9.189804e-06 / 1.101012e+00
PCG: 0 : 9.189804e-06
PCG: 1 : 8.134738e-06 / 8.851917e-01
PCG: 0 : 8.134738e-06
PCG: 1 : 8.956436e-06 / 1.101011e+00
PCG: 0 : 8.956436e-06
PCG: 1 : 7.928171e-06 / 8.851926e-01
PCG: 0 : 7.928170e-06
PCG: 1 : 8.728998e-06 / 1.101010e+00
PCG: 0 : 8.728997e-06
PCG: 1 : 7.726851e-06 / 8.851935e-01
PCG: 0 : 7.726851e-06
PCG: 1 : 8.507342e-06 / 1.101010e+00
PCG: 0 : 8.507342e-06
PCG: 1 : 7.530642e-06 / 8.851933e-01
PCG: 0 : 7.530642e-06
PCG: 1 : 8.291317e-06 / 1.101011e+00
PCG: 0 : 8.291317e-06
PCG: 1 : 7.339420e-06 / 8.851935e-01
PCG: 0 : 7.339420e-06
PCG: 1 : 8.080784e-06 / 1.101011e+00
PCG: 0 : 8.080784e-06
PCG: 1 : 7.153058e-06 / 8.851936e-01
PCG: 0 : 7.153058e-06
PCG: 1 : 7.875597e-06 / 1.101011e+00
PCG: 0 : 7.875597e-06
PCG: 1 : 6.971431e-06 / 8.851939e-01
PCG: 0 : 6.971431e-06
PCG: 1 : 7.675625e-06 / 1.101012e+00
PCG: 0 : 7.675625e-06
PCG: 1 : 6.794417e-06 / 8.851939e-01
PCG: 0 : 6.794417e-06
PCG: 1 : 7.480730e-06 / 1.101011e+00
PCG: 0 : 7.480729e-06
PCG: 1 : 6.621902e-06 / 8.851947e-01
PCG: 0 : 6.621901e-06
PCG: 1 : 7.290783e-06 / 1.101010e+00
PCG: 0 : 7.290783e-06
PCG: 1 : 6.453772e-06 / 8.851960e-01
PCG: 0 : 6.453772e-06
PCG: 1 : 7.105666e-06 / 1.101010e+00
PCG: 0 : 7.105666e-06
PCG: 1 : 6.289912e-06 / 8.851967e-01
PCG: 0 : 6.289912e-06
PCG: 1 : 6.925249e-06 / 1.101009e+00
PCG: 0 : 6.925248e-06
PCG: 1 : 6.130215e-06 / 8.851980e-01
PCG: 0 : 6.130215e-06
PCG: 1 : 6.749418e-06 / 1.101008e+00
PCG: 0 : 6.749418e-06
PCG: 1 : 5.974572e-06 / 8.851981e-01
PCG: 0 : 5.974571e-06
PCG: 1 : 6.578052e-06 / 1.101008e+00
PCG: 0 : 6.578051e-06
PCG: 1 : 5.822884e-06 / 8.851990e-01
PCG: 0 : 5.822884e-06
PCG: 1 : 6.411040e-06 / 1.101008e+00
PCG: 0 : 6.411039e-06
PCG: 1 : 5.675050e-06 / 8.851998e-01
PCG: 0 : 5.675050e-06
PCG: 1 : 6.248270e-06 / 1.101007e+00
PCG: 0 : 6.248270e-06
PCG: 1 : 5.530971e-06 / 8.852003e-01
PCG: 0 : 5.530970e-06
PCG: 1 : 6.089637e-06 / 1.101007e+00
PCG: 0 : 6.089637e-06
PCG: 1 : 5.390551e-06 / 8.852007e-01
PCG: 0 : 5.390551e-06
PCG: 1 : 5.935032e-06 / 1.101007e+00
PCG: 0 : 5.935031e-06
PCG: 1 : 5.253697e-06 / 8.852012e-01
PCG: 0 : 5.253697e-06
PCG: 1 : 5.784354e-06 / 1.101007e+00
PCG: 0 : 5.784354e-06
PCG: 1 : 5.120319e-06 / 8.852016e-01
PCG: 0 : 5.120319e-06
PCG: 1 : 5.637503e-06 / 1.101006e+00
PCG: 0 : 5.637502e-06
PCG: 1 : 4.990331e-06 / 8.852024e-01
PCG: 0 : 4.990331e-06
PCG: 1 : 5.494382e-06 / 1.101006e+00
PCG: 0 : 5.494381e-06
PCG: 1 : 4.863643e-06 / 8.852031e-01
PCG: 0 : 4.863643e-06
PCG: 1 : 5.354895e-06 / 1.101005e+00
PCG: 0 : 5.354895e-06
PCG: 1 : 4.740173e-06 / 8.852038e-01
PCG: 0 : 4.740173e-06
PCG: 1 : 5.218952e-06 / 1.101005e+00
PCG: 0 : 5.218952e-06
PCG: 1 : 4.619838e-06 / 8.852041e-01
PCG: 0 : 4.619838e-06
PCG: 1 : 5.086462e-06 / 1.101004e+00
PCG: 0 : 5.086462e-06
PCG: 1 : 4.502560e-06 / 8.852046e-01
PCG: 0 : 4.502559e-06
PCG: 1 : 4.957338e-06 / 1.101004e+00
PCG: 0 : 4.957338e-06
PCG: 1 : 4.388258e-06 / 8.852046e-01
PCG: 0 : 4.388258e-06
PCG: 1 : 4.831492e-06 / 1.101005e+00
PCG: 0 : 4.831492e-06
PCG: 1 : 4.276862e-06 / 8.852053e-01
PCG: 0 : 4.276862e-06
PCG: 1 : 4.708842e-06 / 1.101004e+00
PCG: 0 : 4.708842e-06
PCG: 1 : 4.168293e-06 / 8.852055e-01
PCG: 0 : 4.168293e-06
PCG: 1 : 4.589308e-06 / 1.101004e+00
PCG: 0 : 4.589308e-06
PCG: 1 : 4.062483e-06 / 8.852059e-01
PCG: 0 : 4.062482e-06
PCG: 1 : 4.472809e-06 / 1.101004e+00
PCG: 0 : 4.472809e-06
PCG: 1 : 3.959357e-06 / 8.852059e-01
PCG: 0 : 3.959357e-06
PCG: 1 : 4.359269e-06 / 1.101004e+00
PCG: 0 : 4.359269e-06
PCG: 1 : 3.858853e-06 / 8.852065e-01
PCG: 0 : 3.858853e-06
PCG: 1 : 4.248613e-06 / 1.101004e+00
PCG: 0 : 4.248613e-06
PCG: 1 : 3.760899e-06 / 8.852064e-01
PCG: 0 : 3.760899e-06
PCG: 1 : 4.140767e-06 / 1.101004e+00
PCG: 0 : 4.140767e-06
PCG: 1 : 3.665433e-06 / 8.852065e-01
PCG: 0 : 3.665433e-06
PCG: 1 : 4.035658e-06 / 1.101004e+00
PCG: 0 : 4.035658e-06
PCG: 1 : 3.572393e-06 / 8.852071e-01
PCG: 0 : 3.572393e-06
PCG: 1 : 3.933219e-06 / 1.101004e+00
PCG: 0 : 3.933219e-06
PCG: 1 : 3.481713e-06 / 8.852071e-01
PCG: 0 : 3.481713e-06
PCG: 1 : 3.833381e-06 / 1.101004e+00
PCG: 0 : 3.833381e-06
PCG: 1 : 3.393336e-06 / 8.852071e-01
PCG: 0 : 3.393335e-06
PCG: 1 : 3.736080e-06 / 1.101005e+00
PCG: 0 : 3.736080e-06
PCG: 1 : 3.307202e-06 / 8.852065e-01
PCG: 0 : 3.307201e-06
PCG: 1 : 3.641247e-06 / 1.101006e+00
PCG: 0 : 3.641247e-06
PCG: 1 : 3.223258e-06 / 8.852072e-01
PCG: 0 : 3.223258e-06
PCG: 1 : 3.548821e-06 / 1.101004e+00
PCG: 0 : 3.548821e-06
PCG: 1 : 3.141444e-06 / 8.852078e-01
PCG: 0 : 3.141444e-06
PCG: 1 : 3.458744e-06 / 1.101004e+00
PCG: 0 : 3.458744e-06
PCG: 1 : 3.061707e-06 / 8.852077e-01
PCG: 0 : 3.061707e-06
PCG: 1 : 3.370955e-06 / 1.101005e+00
PCG: 0 : 3.370954e-06
PCG: 1 : 2.983995e-06 / 8.852078e-01
PCG: 0 : 2.983995e-06
PCG: 1 : 3.285393e-06 / 1.101005e+00
PCG: 0 : 3.285393e-06
PCG: 1 : 2.908256e-06 / 8.852080e-01
PCG: 0 : 2.908256e-06
PCG: 1 : 3.202004e-06 / 1.101005e+00
PCG: 0 : 3.202004e-06
PCG: 1 : 2.834441e-06 / 8.852086e-01
PCG: 0 : 2.834441e-06
PCG: 1 : 3.120731e-06 / 1.101004e+00
PCG: 0 : 3.120731e-06
PCG: 1 : 2.762500e-06 / 8.852093e-01
PCG: 0 : 2.762500e-06
PCG: 1 : 3.041522e-06 / 1.101004e+00
PCG: 0 : 3.041522e-06
PCG: 1 : 2.692385e-06 / 8.852098e-01
PCG: 0 : 2.692385e-06
PCG: 1 : 2.964324e-06 / 1.101003e+00
PCG: 0 : 2.964324e-06
PCG: 1 : 2.624051e-06 / 8.852106e-01
PCG: 0 : 2.624051e-06
PCG: 1 : 2.889087e-06 / 1.101002e+00
PCG: 0 : 2.889087e-06
PCG: 1 : 2.557451e-06 / 8.852109e-01
PCG: 0 : 2.557451e-06
PCG: 1 : 2.815760e-06 / 1.101003e+00
PCG: 0 : 2.815760e-06
PCG: 1 : 2.492542e-06 / 8.852113e-01
PCG: 0 : 2.492542e-06
PCG: 1 : 2.744293e-06 / 1.101002e+00
PCG: 0 : 2.744293e-06
PCG: 1 : 2.429281e-06 / 8.852120e-01
PCG: 0 : 2.429281e-06
PCG: 1 : 2.674642e-06 / 1.101002e+00
PCG: 0 : 2.674642e-06
PCG: 1 : 2.367626e-06 / 8.852124e-01
PCG: 0 : 2.367626e-06
PCG: 1 : 2.606759e-06 / 1.101001e+00
PCG: 0 : 2.606759e-06
PCG: 1 : 2.307537e-06 / 8.852130e-01
PCG: 0 : 2.307536e-06
PCG: 1 : 2.540600e-06 / 1.101001e+00
PCG: 0 : 2.540599e-06
PCG: 1 : 2.248972e-06 / 8.852132e-01
PCG: 0 : 2.248972e-06
PCG: 1 : 2.476120e-06 / 1.101001e+00
PCG: 0 : 2.476120e-06
PCG: 1 : 2.191894e-06 / 8.852133e-01
PCG: 0 : 2.191894e-06
PCG: 1 : 2.413276e-06 / 1.101000e+00
PCG: 0 : 2.413275e-06
PCG: 1 : 2.136266e-06 / 8.852144e-01
PCG: 0 : 2.136266e-06
PCG: 1 : 2.352028e-06 / 1.101000e+00
PCG: 0 : 2.352028e-06
PCG: 1 : 2.082049e-06 / 8.852145e-01
PCG: 0 : 2.082049e-06
PCG: 1 : 2.292336e-06 / 1.101000e+00
PCG: 0 : 2.292336e-06
PCG: 1 : 2.029209e-06 / 8.852146e-01
PCG: 0 : 2.029209e-06
PCG: 1 : 2.234157e-06 / 1.100999e+00
PCG: 0 : 2.234157e-06
PCG: 1 : 1.977711e-06 / 8.852159e-01
PCG: 0 : 1.977711e-06
PCG: 1 : 2.177457e-06 / 1.100998e+00
PCG: 0 : 2.177457e-06
PCG: 1 : 1.927520e-06 / 8.852162e-01
PCG: 0 : 1.927520e-06
PCG: 1 : 2.122196e-06 / 1.100998e+00
PCG: 0 : 2.122196e-06
PCG: 1 : 1.878603e-06 / 8.852165e-01
PCG: 0 : 1.878603e-06
PCG: 1 : 2.068337e-06 / 1.100998e+00
PCG: 0 : 2.068337e-06
PCG: 1 : 1.830927e-06 / 8.852168e-01
PCG: 0 : 1.830927e-06
PCG: 1 : 2.015846e-06 / 1.100998e+00
PCG: 0 : 2.015845e-06
PCG: 1 : 1.784462e-06 / 8.852175e-01
PCG: 0 : 1.784462e-06
PCG: 1 : 1.964686e-06 / 1.100997e+00
PCG: 0 : 1.964686e-06
PCG: 1 : 1.739176e-06 / 8.852184e-01
PCG: 0 : 1.739176e-06
PCG: 1 : 1.914826e-06 / 1.100996e+00
PCG: 0 : 1.914826e-06
PCG: 1 : 1.695040e-06 / 8.852189e-01
PCG: 0 : 1.695040e-06
PCG: 1 : 1.866232e-06 / 1.100996e+00
PCG: 0 : 1.866232e-06
PCG: 1 : 1.652023e-06 / 8.852187e-01
PCG: 0 : 1.652023e-06
PCG: 1 : 1.818871e-06 / 1.100996e+00
PCG: 0 : 1.818871e-06
PCG: 1 : 1.610099e-06 / 8.852192e-01
PCG: 0 : 1.610099e-06
PCG: 1 : 1.772713e-06 / 1.100996e+00
PCG: 0 : 1.772713e-06
PCG: 1 : 1.569238e-06 / 8.852184e-01
PCG: 0 : 1.569238e-06
PCG: 1 : 1.727726e-06 / 1.100997e+00
PCG: 0 : 1.727726e-06
PCG: 1 : 1.529414e-06 / 8.852179e-01
PCG: 0 : 1.529414e-06
PCG: 1 : 1.683882e-06 / 1.100998e+00
PCG: 0 : 1.683882e-06
PCG: 1 : 1.490602e-06 / 8.852177e-01
PCG: 0 : 1.490602e-06
PCG: 1 : 1.641149e-06 / 1.100998e+00
PCG: 0 : 1.641149e-06
PCG: 1 : 1.452775e-06 / 8.852180e-01
PCG: 0 : 1.452775e-06
PCG: 1 : 1.599502e-06 / 1.100998e+00
PCG: 0 : 1.599502e-06
PCG: 1 : 1.415908e-06 / 8.852180e-01
PCG: 0 : 1.415908e-06
PCG: 1 : 1.558911e-06 / 1.100998e+00
PCG: 0 : 1.558911e-06
PCG: 1 : 1.379977e-06 / 8.852184e-01
PCG: 0 : 1.379977e-06
PCG: 1 : 1.519351e-06 / 1.100997e+00
PCG: 0 : 1.519351e-06
PCG: 1 : 1.344958e-06 / 8.852191e-01
PCG: 0 : 1.344958e-06
PCG: 1 : 1.480794e-06 / 1.100997e+00
PCG: 0 : 1.480794e-06
PCG: 1 : 1.310828e-06 / 8.852197e-01
PCG: 0 : 1.310828e-06
PCG: 1 : 1.443216e-06 / 1.100995e+00
PCG: 0 : 1.443216e-06
PCG: 1 : 1.277565e-06 / 8.852209e-01
PCG: 0 : 1.277565e-06
PCG: 1 : 1.406592e-06 / 1.100994e+00
PCG: 0 : 1.406592e-06
PCG: 1 : 1.245145e-06 / 8.852218e-01
PCG: 0 : 1.245145e-06
PCG: 1 : 1.370897e-06 / 1.100994e+00
PCG: 0 : 1.370897e-06
PCG: 1 : 1.213549e-06 / 8.852221e-01
PCG: 0 : 1.213548e-06
PCG: 1 : 1.336110e-06 / 1.100994e+00
PCG: 0 : 1.336110e-06
PCG: 1 : 1.182753e-06 / 8.852214e-01
PCG: 0 : 1.182753e-06
PCG: 1 : 1.302204e-06 / 1.100995e+00
PCG: 0 : 1.302204e-06
PCG: 1 : 1.152739e-06 / 8.852215e-01
PCG: 0 : 1.152739e-06
PCG: 1 : 1.269159e-06 / 1.100994e+00
PCG: 0 : 1.269159e-06
PCG: 1 : 1.123488e-06 / 8.852223e-01
PCG: 0 : 1.123488e-06
PCG: 1 : 1.236953e-06 / 1.100993e+00
PCG: 0 : 1.236953e-06
PCG: 1 : 1.094979e-06 / 8.852229e-01
PCG: 0 : 1.094979e-06
PCG: 1 : 1.205564e-06 / 1.100993e+00
PCG: 0 : 1.205564e-06
PCG: 1 : 1.067193e-06 / 8.852229e-01
PCG: 0 : 1.067193e-06
PCG: 1 : 1.174973e-06 / 1.100994e+00
PCG: 0 : 1.174973e-06
PCG: 1 : 1.040112e-06 / 8.852228e-01
PCG: 0 : 1.040112e-06
PCG: 1 : 1.145157e-06 / 1.100994e+00
PCG: 0 : 1.145157e-06
PCG: 1 : 1.013719e-06 / 8.852223e-01
PCG: 0 : 1.013719e-06
PCG: 1 : 1.116098e-06 / 1.100994e+00
PCG: 0 : 1.116098e-06
PCG: 1 : 9.879957e-07 / 8.852227e-01
PCG: 0 : 9.879957e-07
PCG: 1 : 1.087777e-06 / 1.100994e+00
PCG: 0 : 1.087777e-06
PCG: 1 : 9.629249e-07 / 8.852224e-01
PCG: 0 : 9.629249e-07
PCG: 1 : 1.060175e-06 / 1.100994e+00
PCG: 0 : 1.060175e-06
PCG: 1 : 9.384908e-07 / 8.852227e-01
PCG: 0 : 9.384908e-07
PCG: 1 : 1.033273e-06 / 1.100994e+00
PCG: 0 : 1.033273e-06
PCG: 1 : 9.146767e-07 / 8.852230e-01
PCG: 0 : 9.146767e-07
PCG: 1 : 1.007053e-06 / 1.100994e+00
PCG: 0 : 1.007053e-06
PCG: 1 : 8.914670e-07 / 8.852232e-01
PCG: 0 : 8.914670e-07
PCG: 1 : 9.814997e-07 / 1.100994e+00
PCG: 0 : 9.814997e-07
PCG: 1 : 8.688460e-07 / 8.852229e-01
PCG: 0 : 8.688459e-07
PCG: 1 : 9.565946e-07 / 1.100994e+00
PCG: 0 : 9.565945e-07
PCG: 1 : 8.467993e-07 / 8.852229e-01
PCG: 0 : 8.467993e-07
PCG: 1 : 9.323213e-07 / 1.100994e+00
PCG: 0 : 9.323212e-07
PCG: 1 : 8.253122e-07 / 8.852230e-01
PCG: 0 : 8.253122e-07
PCG: 1 : 9.086639e-07 / 1.100994e+00
PCG: 0 : 9.086638e-07
PCG: 1 : 8.043702e-07 / 8.852232e-01
PCG: 0 : 8.043702e-07
PCG: 1 : 8.856069e-07 / 1.100994e+00
PCG: 0 : 8.856068e-07
PCG: 1 : 7.839602e-07 / 8.852237e-01
PCG: 0 : 7.839602e-07
PCG: 1 : 8.631346e-07 / 1.100993e+00
PCG: 0 : 8.631346e-07
PCG: 1 : 7.640680e-07 / 8.852246e-01
PCG: 0 : 7.640679e-07
PCG: 1 : 8.412330e-07 / 1.100992e+00
PCG: 0 : 8.412330e-07
PCG: 1 : 7.446803e-07 / 8.852248e-01
PCG: 0 : 7.446803e-07
PCG: 1 : 8.198872e-07 / 1.100992e+00
PCG: 0 : 8.198871e-07
PCG: 1 : 7.257847e-07 / 8.852252e-01
PCG: 0 : 7.257847e-07
PCG: 1 : 7.990835e-07 / 1.100993e+00
PCG: 0 : 7.990835e-07
PCG: 1 : 7.073685e-07 / 8.852248e-01
PCG: 0 : 7.073685e-07
PCG: 1 : 7.788075e-07 / 1.100993e+00
PCG: 0 : 7.788075e-07
PCG: 1 : 6.894197e-07 / 8.852248e-01
PCG: 0 : 6.894197e-07
PCG: 1 : 7.590460e-07 / 1.100993e+00
PCG: 0 : 7.590460e-07
PCG: 1 : 6.719264e-07 / 8.852249e-01
PCG: 0 : 6.719264e-07
PCG: 1 : 7.397860e-07 / 1.100993e+00
PCG: 0 : 7.397860e-07
PCG: 1 : 6.548775e-07 / 8.852255e-01
PCG: 0 : 6.548774e-07
PCG: 1 : 7.210143e-07 / 1.100991e+00
PCG: 0 : 7.210143e-07
PCG: 1 : 6.382608e-07 / 8.852262e-01
PCG: 0 : 6.382608e-07
PCG: 1 : 7.027193e-07 / 1.100991e+00
PCG: 0 : 7.027193e-07
PCG: 1 : 6.220661e-07 / 8.852271e-01
PCG: 0 : 6.220661e-07
PCG: 1 : 6.848884e-07 / 1.100990e+00
PCG: 0 : 6.848884e-07
PCG: 1 : 6.062821e-07 / 8.852276e-01
PCG: 0 : 6.062821e-07
PCG: 1 : 6.675103e-07 / 1.100990e+00
PCG: 0 : 6.675103e-07
PCG: 1 : 5.908987e-07 / 8.852278e-01
PCG: 0 : 5.908987e-07
PCG: 1 : 6.505730e-07 / 1.100989e+00
PCG: 0 : 6.505730e-07
PCG: 1 : 5.759056e-07 / 8.852282e-01
PCG: 0 : 5.759056e-07
PCG: 1 : 6.340657e-07 / 1.100989e+00
PCG: 0 : 6.340657e-07
PCG: 1 : 5.612933e-07 / 8.852290e-01
PCG: 0 : 5.612933e-07
PCG: 1 : 6.179769e-07 / 1.100987e+00
PCG: 0 : 6.179768e-07
PCG: 1 : 5.470515e-07 / 8.852298e-01
PCG: 0 : 5.470515e-07
PCG: 1 : 6.022970e-07 / 1.100988e+00
PCG: 0 : 6.022969e-07
PCG: 1 : 5.331709e-07 / 8.852293e-01
PCG: 0 : 5.331709e-07
PCG: 1 : 5.870147e-07 / 1.100988e+00
PCG: 0 : 5.870147e-07
PCG: 1 : 5.196426e-07 / 8.852292e-01
PCG: 0 : 5.196426e-07
PCG: 1 : 5.721204e-07 / 1.100988e+00
PCG: 0 : 5.721203e-07
PCG: 1 : 5.064579e-07 / 8.852296e-01
PCG: 0 : 5.064578e-07
PCG: 1 : 5.576038e-07 / 1.100988e+00
PCG: 0 : 5.576037e-07
PCG: 1 : 4.936075e-07 / 8.852299e-01
PCG: 0 : 4.936075e-07
PCG: 1 : 5.434555e-07 / 1.100987e+00
PCG: 0 : 5.434555e-07
PCG: 1 : 4.810832e-07 / 8.852301e-01
PCG: 0 : 4.810832e-07
PCG: 1 : 5.296664e-07 / 1.100987e+00
PCG: 0 : 5.296664e-07
PCG: 1 : 4.688769e-07 / 8.852306e-01
PCG: 0 : 4.688769e-07
PCG: 1 : 5.162271e-07 / 1.100987e+00
PCG: 0 : 5.162271e-07
PCG: 1 : 4.569802e-07 / 8.852308e-01
PCG: 0 : 4.569802e-07
PCG: 1 : 5.031289e-07 / 1.100986e+00
PCG: 0 : 5.031289e-07
PCG: 1 : 4.453856e-07 / 8.852316e-01
PCG: 0 : 4.453856e-07
PCG: 1 : 4.903630e-07 / 1.100986e+00
PCG: 0 : 4.903630e-07
PCG: 1 : 4.340850e-07 / 8.852319e-01
PCG: 0 : 4.340850e-07
PCG: 1 : 4.779210e-07 / 1.100985e+00
PCG: 0 : 4.779209e-07
PCG: 1 : 4.230713e-07 / 8.852328e-01
PCG: 0 : 4.230713e-07
PCG: 1 : 4.657949e-07 / 1.100985e+00
PCG: 0 : 4.657949e-07
PCG: 1 : 4.123369e-07 / 8.852328e-01
PCG: 0 : 4.123369e-07
PCG: 1 : 4.539764e-07 / 1.100984e+00
PCG: 0 : 4.539764e-07
PCG: 1 : 4.018750e-07 / 8.852333e-01
PCG: 0 : 4.018750e-07
PCG: 1 : 4.424577e-07 / 1.100984e+00
PCG: 0 : 4.424577e-07
PCG: 1 : 3.916785e-07 / 8.852338e-01
PCG: 0 : 3.916785e-07
PCG: 1 : 4.312314e-07 / 1.100983e+00
PCG: 0 : 4.312314e-07
PCG: 1 : 3.817407e-07 / 8.852339e-01
PCG: 0 : 3.817407e-07
PCG: 1 : 4.202901e-07 / 1.100983e+00
PCG: 0 : 4.202901e-07
PCG: 1 : 3.720551e-07 / 8.852341e-01
PCG: 0 : 3.720551e-07
PCG: 1 : 4.096263e-07 / 1.100983e+00
PCG: 0 : 4.096263e-07
PCG: 1 : 3.626151e-07 / 8.852339e-01
PCG: 0 : 3.626151e-07
PCG: 1 : 3.992331e-07 / 1.100983e+00
PCG: 0 : 3.992331e-07
PCG: 1 : 3.534147e-07 / 8.852340e-01
PCG: 0 : 3.534147e-07
PCG: 1 : 3.891036e-07 / 1.100983e+00
PCG: 0 : 3.891036e-07
PCG: 1 : 3.444479e-07 / 8.852345e-01
PCG: 0 : 3.444479e-07
PCG: 1 : 3.792311e-07 / 1.100982e+00
PCG: 0 : 3.792311e-07
PCG: 1 : 3.357084e-07 / 8.852345e-01
PCG: 0 : 3.357084e-07
PCG: 1 : 3.696093e-07 / 1.100983e+00
PCG: 0 : 3.696093e-07
PCG: 1 : 3.271907e-07 / 8.852341e-01
PCG: 0 : 3.271907e-07
PCG: 1 : 3.602315e-07 / 1.100983e+00
PCG: 0 : 3.602314e-07
PCG: 1 : 3.188894e-07 / 8.852348e-01
PCG: 0 : 3.188894e-07
PCG: 1 : 3.510916e-07 / 1.100982e+00
PCG: 0 : 3.510916e-07
PCG: 1 : 3.107987e-07 / 8.852355e-01
PCG: 0 : 3.107987e-07
PCG: 1 : 3.421834e-07 / 1.100981e+00
PCG: 0 : 3.421834e-07
PCG: 1 : 3.029132e-07 / 8.852365e-01
PCG: 0 : 3.029132e-07
PCG: 1 : 3.335015e-07 / 1.100980e+00
PCG: 0 : 3.335015e-07
PCG: 1 : 2.952276e-07 / 8.852363e-01
PCG: 0 : 2.952276e-07
PCG: 1 : 3.250400e-07 / 1.100981e+00
PCG: 0 : 3.250400e-07
PCG: 1 : 2.877373e-07 / 8.852365e-01
PCG: 0 : 2.877372e-07
PCG: 1 : 3.167930e-07 / 1.100980e+00
PCG: 0 : 3.167930e-07
PCG: 1 : 2.804369e-07 / 8.852370e-01
PCG: 0 : 2.804369e-07
PCG: 1 : 3.087554e-07 / 1.100980e+00
PCG: 0 : 3.087553e-07
PCG: 1 : 2.733217e-07 / 8.852370e-01
PCG: 0 : 2.733216e-07
PCG: 1 : 3.009217e-07 / 1.100980e+00
PCG: 0 : 3.009217e-07
PCG: 1 : 2.663871e-07 / 8.852372e-01
PCG: 0 : 2.663870e-07
PCG: 1 : 2.932868e-07 / 1.100980e+00
PCG: 0 : 2.932868e-07
PCG: 1 : 2.596284e-07 / 8.852374e-01
PCG: 0 : 2.596284e-07
PCG: 1 : 2.858455e-07 / 1.100979e+00
PCG: 0 : 2.858455e-07
PCG: 1 : 2.530413e-07 / 8.852381e-01
PCG: 0 : 2.530413e-07
PCG: 1 : 2.785930e-07 / 1.100978e+00
PCG: 0 : 2.785930e-07
PCG: 1 : 2.466213e-07 / 8.852387e-01
PCG: 0 : 2.466213e-07
PCG: 1 : 2.715246e-07 / 1.100978e+00
PCG: 0 : 2.715246e-07
PCG: 1 : 2.403642e-07 / 8.852391e-01
PCG: 0 : 2.403642e-07
PCG: 1 : 2.646356e-07 / 1.100978e+00
PCG: 0 : 2.646356e-07
PCG: 1 : 2.342658e-07 / 8.852393e-01
PCG: 0 : 2.342658e-07
PCG: 1 : 2.579214e-07 / 1.100978e+00
PCG: 0 : 2.579214e-07
PCG: 1 : 2.283222e-07 / 8.852394e-01
PCG: 0 : 2.283222e-07
PCG: 1 : 2.513776e-07 / 1.100978e+00
PCG: 0 : 2.513776e-07
PCG: 1 : 2.225293e-07 / 8.852393e-01
PCG: 0 : 2.225293e-07
PCG: 1 : 2.449998e-07 / 1.100978e+00
PCG: 0 : 2.449998e-07
PCG: 1 : 2.168835e-07 / 8.852396e-01
PCG: 0 : 2.168835e-07
PCG: 1 : 2.387837e-07 / 1.100977e+00
PCG: 0 : 2.387837e-07
PCG: 1 : 2.113809e-07 / 8.852399e-01
PCG: 0 : 2.113809e-07
PCG: 1 : 2.327254e-07 / 1.100977e+00
PCG: 0 : 2.327254e-07
PCG: 1 : 2.060179e-07 / 8.852400e-01
PCG: 0 : 2.060179e-07
PCG: 1 : 2.268210e-07 / 1.100977e+00
PCG: 0 : 2.268210e-07
PCG: 1 : 2.007910e-07 / 8.852398e-01
PCG: 0 : 2.007910e-07
PCG: 1 : 2.210662e-07 / 1.100977e+00
PCG: 0 : 2.210662e-07
PCG: 1 : 1.956966e-07 / 8.852399e-01
PCG: 0 : 1.956966e-07
PCG: 1 : 2.154575e-07 / 1.100977e+00
PCG: 0 : 2.154575e-07
PCG: 1 : 1.907316e-07 / 8.852399e-01
PCG: 0 : 1.907316e-07
PCG: 1 : 2.099910e-07 / 1.100977e+00
PCG: 0 : 2.099910e-07
PCG: 1 : 1.858926e-07 / 8.852407e-01
PCG: 0 : 1.858926e-07
PCG: 1 : 2.046633e-07 / 1.100976e+00
PCG: 0 : 2.046633e-07
PCG: 1 : 1.811762e-07 / 8.852407e-01
PCG: 0 : 1.811762e-07
PCG: 1 : 1.994708e-07 / 1.100977e+00
PCG: 0 : 1.994708e-07
PCG: 1 : 1.765796e-07 / 8.852405e-01
PCG: 0 : 1.765796e-07
PCG: 1 : 1.944099e-07 / 1.100976e+00
PCG: 0 : 1.944099e-07
PCG: 1 : 1.720996e-07 / 8.852412e-01
PCG: 0 : 1.720996e-07
PCG: 1 : 1.894774e-07 / 1.100975e+00
PCG: 0 : 1.894774e-07
PCG: 1 : 1.677333e-07 / 8.852417e-01
PCG: 0 : 1.677333e-07
PCG: 1 : 1.846702e-07 / 1.100975e+00
PCG: 0 : 1.846702e-07
PCG: 1 : 1.634778e-07 / 8.852419e-01
PCG: 0 : 1.634778e-07
PCG: 1 : 1.799849e-07 / 1.100975e+00
PCG: 0 : 1.799849e-07
PCG: 1 : 1.593302e-07 / 8.852419e-01
PCG: 0 : 1.593302e-07
PCG: 1 : 1.754185e-07 / 1.100975e+00
PCG: 0 : 1.754185e-07
PCG: 1 : 1.552879e-07 / 8.852420e-01
PCG: 0 : 1.552879e-07
PCG: 1 : 1.709680e-07 / 1.100975e+00
PCG: 0 : 1.709680e-07
PCG: 1 : 1.513481e-07 / 8.852424e-01
PCG: 0 : 1.513481e-07
PCG: 1 : 1.666304e-07 / 1.100975e+00
PCG: 0 : 1.666304e-07
PCG: 1 : 1.475082e-07 / 8.852422e-01
PCG: 0 : 1.475082e-07
PCG: 1 : 1.624028e-07 / 1.100974e+00
PCG: 0 : 1.624028e-07
PCG: 1 : 1.437659e-07 / 8.852428e-01
PCG: 0 : 1.437659e-07
PCG: 1 : 1.582824e-07 / 1.100974e+00
PCG: 0 : 1.582824e-07
PCG: 1 : 1.401184e-07 / 8.852431e-01
PCG: 0 : 1.401184e-07
PCG: 1 : 1.542667e-07 / 1.100973e+00
PCG: 0 : 1.542667e-07
PCG: 1 : 1.365635e-07 / 8.852434e-01
PCG: 0 : 1.365635e-07
PCG: 1 : 1.503528e-07 / 1.100973e+00
PCG: 0 : 1.503528e-07
PCG: 1 : 1.330988e-07 / 8.852437e-01
PCG: 0 : 1.330988e-07
PCG: 1 : 1.465382e-07 / 1.100973e+00
PCG: 0 : 1.465382e-07
PCG: 1 : 1.297221e-07 / 8.852443e-01
PCG: 0 : 1.297221e-07
PCG: 1 : 1.428203e-07 / 1.100972e+00
PCG: 0 : 1.428203e-07
PCG: 1 : 1.264310e-07 / 8.852449e-01
PCG: 0 : 1.264310e-07
PCG: 1 : 1.391969e-07 / 1.100972e+00
PCG: 0 : 1.391969e-07
PCG: 1 : 1.232234e-07 / 8.852452e-01
PCG: 0 : 1.232234e-07
PCG: 1 : 1.356653e-07 / 1.100971e+00
PCG: 0 : 1.356653e-07
PCG: 1 : 1.200971e-07 / 8.852456e-01
PCG: 0 : 1.200971e-07
PCG: 1 : 1.322234e-07 / 1.100971e+00
PCG: 0 : 1.322234e-07
PCG: 1 : 1.170502e-07 / 8.852456e-01
PCG: 0 : 1.170502e-07
PCG: 1 : 1.288688e-07 / 1.100970e+00
PCG: 0 : 1.288688e-07
PCG: 1 : 1.140806e-07 / 8.852463e-01
PCG: 0 : 1.140806e-07
PCG: 1 : 1.255993e-07 / 1.100970e+00
PCG: 0 : 1.255993e-07
PCG: 1 : 1.111863e-07 / 8.852459e-01
PCG: 0 : 1.111863e-07
PCG: 1 : 1.224128e-07 / 1.100970e+00
PCG: 0 : 1.224128e-07
PCG: 1 : 1.083655e-07 / 8.852464e-01
PCG: 0 : 1.083655e-07
PCG: 1 : 1.193071e-07 / 1.100970e+00
PCG: 0 : 1.193071e-07
PCG: 1 : 1.056162e-07 / 8.852460e-01
PCG: 0 : 1.056162e-07
PCG: 1 : 1.162803e-07 / 1.100970e+00
PCG: 0 : 1.162803e-07
PCG: 1 : 1.029366e-07 / 8.852459e-01
PCG: 0 : 1.029366e-07
PCG: 1 : 1.133302e-07 / 1.100970e+00
PCG: 0 : 1.133302e-07
PCG: 1 : 1.003251e-07 / 8.852461e-01
PCG: 0 : 1.003251e-07
PCG: 1 : 1.104549e-07 / 1.100970e+00
PCG: 0 : 1.104549e-07
PCG: 1 : 9.777979e-08 / 8.852460e-01
PCG: 0 : 9.777978e-08
PCG: 1 : 1.076527e-07 / 1.100971e+00
PCG: 0 : 1.076527e-07
PCG: 1 : 9.529909e-08 / 8.852460e-01
PCG: 0 : 9.529909e-08
PCG: 1 : 1.049215e-07 / 1.100970e+00
PCG: 0 : 1.049215e-07
PCG: 1 : 9.288129e-08 / 8.852458e-01
PCG: 0 : 9.288128e-08
PCG: 1 : 1.022596e-07 / 1.100971e+00
PCG: 0 : 1.022596e-07
PCG: 1 : 9.052490e-08 / 8.852461e-01
PCG: 0 : 9.052490e-08
PCG: 1 : 9.966517e-08 / 1.100970e+00
PCG: 0 : 9.966517e-08
PCG: 1 : 8.822830e-08 / 8.852471e-01
PCG: 0 : 8.822829e-08
PCG: 1 : 9.713662e-08 / 1.100969e+00
PCG: 0 : 9.713662e-08
PCG: 1 : 8.598992e-08 / 8.852472e-01
PCG: 0 : 8.598992e-08
PCG: 1 : 9.467222e-08 / 1.100969e+00
PCG: 0 : 9.467222e-08
PCG: 1 : 8.380830e-08 / 8.852471e-01
PCG: 0 : 8.380830e-08
PCG: 1 : 9.227033e-08 / 1.100969e+00
PCG: 0 : 9.227033e-08
PCG: 1 : 8.168209e-08 / 8.852476e-01
PCG: 0 : 8.168209e-08
PCG: 1 : 8.992939e-08 / 1.100968e+00
PCG: 0 : 8.992939e-08
PCG: 1 : 7.960982e-08 / 8.852481e-01
PCG: 0 : 7.960981e-08
PCG: 1 : 8.764788e-08 / 1.100968e+00
PCG: 0 : 8.764787e-08
PCG: 1 : 7.759008e-08 / 8.852478e-01
PCG: 0 : 7.759008e-08
PCG: 1 : 8.542421e-08 / 1.100968e+00
PCG: 0 : 8.542421e-08
PCG: 1 : 7.562161e-08 / 8.852479e-01
PCG: 0 : 7.562161e-08
PCG: 1 : 8.325697e-08 / 1.100968e+00
PCG: 0 : 8.325696e-08
PCG: 1 : 7.370310e-08 / 8.852485e-01
PCG: 0 : 7.370308e-08
PCG: 1 : 8.114470e-08 / 1.100967e+00
PCG: 0 : 8.114469e-08
PCG: 1 : 7.183325e-08 / 8.852489e-01
PCG: 0 : 7.183324e-08
PCG: 1 : 7.908604e-08 / 1.100967e+00
PCG: 0 : 7.908603e-08
PCG: 1 : 7.001084e-08 / 8.852492e-01
PCG: 0 : 7.001083e-08
PCG: 1 : 7.707959e-08 / 1.100967e+00
PCG: 0 : 7.707959e-08
PCG: 1 : 6.823466e-08 / 8.852494e-01
PCG: 0 : 6.823466e-08
PCG: 1 : 7.512406e-08 / 1.100966e+00
PCG: 0 : 7.512406e-08
PCG: 1 : 6.650352e-08 / 8.852494e-01
PCG: 0 : 6.650352e-08
PCG: 1 : 7.321816e-08 / 1.100967e+00
PCG: 0 : 7.321816e-08
PCG: 1 : 6.481636e-08 / 8.852498e-01
PCG: 0 : 6.481635e-08
PCG: 1 : 7.136056e-08 / 1.100965e+00
PCG: 0 : 7.136056e-08
PCG: 1 : 6.317202e-08 / 8.852512e-01
PCG: 0 : 6.317202e-08
PCG: 1 : 6.955012e-08 / 1.100964e+00
PCG: 0 : 6.955011e-08
PCG: 1 : 6.156933e-08 / 8.852513e-01
PCG: 0 : 6.156932e-08
PCG: 1 : 6.778565e-08 / 1.100965e+00
PCG: 0 : 6.778564e-08
PCG: 1 : 6.000732e-08 / 8.852512e-01
PCG: 0 : 6.000732e-08
PCG: 1 : 6.606592e-08 / 1.100964e+00
PCG: 0 : 6.606591e-08
PCG: 1 : 5.848495e-08 / 8.852516e-01
PCG: 0 : 5.848495e-08
PCG: 1 : 6.438981e-08 / 1.100964e+00
PCG: 0 : 6.438981e-08
PCG: 1 : 5.700120e-08 / 8.852519e-01
PCG: 0 : 5.700119e-08
PCG: 1 : 6.275624e-08 / 1.100963e+00
PCG: 0 : 6.275623e-08
PCG: 1 : 5.555508e-08 / 8.852521e-01
PCG: 0 : 5.555508e-08
PCG: 1 : 6.116413e-08 / 1.100964e+00
PCG: 0 : 6.116413e-08
PCG: 1 : 5.414567e-08 / 8.852520e-01
PCG: 0 : 5.414567e-08
PCG: 1 : 5.961238e-08 / 1.100963e+00
PCG: 0 : 5.961238e-08
PCG: 1 : 5.277200e-08 / 8.852524e-01
PCG: 0 : 5.277200e-08
PCG: 1 : 5.810000e-08 / 1.100963e+00
PCG: 0 : 5.810000e-08
PCG: 1 : 5.143319e-08 / 8.852530e-01
PCG: 0 : 5.143319e-08
PCG: 1 : 5.662601e-08 / 1.100962e+00
PCG: 0 : 5.662601e-08
PCG: 1 : 5.012834e-08 / 8.852529e-01
PCG: 0 : 5.012834e-08
PCG: 1 : 5.518942e-08 / 1.100963e+00
PCG: 0 : 5.518942e-08
PCG: 1 : 4.885658e-08 / 8.852527e-01
PCG: 0 : 4.885658e-08
PCG: 1 : 5.378929e-08 / 1.100963e+00
PCG: 0 : 5.378929e-08
PCG: 1 : 4.761710e-08 / 8.852525e-01
PCG: 0 : 4.761710e-08
PCG: 1 : 5.242464e-08 / 1.100963e+00
PCG: 0 : 5.242464e-08
PCG: 1 : 4.640908e-08 / 8.852532e-01
PCG: 0 : 4.640907e-08
PCG: 1 : 5.109462e-08 / 1.100962e+00
PCG: 0 : 5.109462e-08
PCG: 1 : 4.523170e-08 / 8.852537e-01
PCG: 0 : 4.523170e-08
PCG: 1 : 4.979833e-08 / 1.100961e+00
PCG: 0 : 4.979833e-08
PCG: 1 : 4.408419e-08 / 8.852543e-01
PCG: 0 : 4.408419e-08
PCG: 1 : 4.853497e-08 / 1.100961e+00
PCG: 0 : 4.853497e-08
PCG: 1 : 4.296577e-08 / 8.852538e-01
PCG: 0 : 4.296577e-08
PCG: 1 : 4.730365e-08 / 1.100961e+00
PCG: 0 : 4.730364e-08
PCG: 1 : 4.187576e-08 / 8.852544e-01
PCG: 0 : 4.187576e-08
PCG: 1 : 4.610356e-08 / 1.100961e+00
PCG: 0 : 4.610356e-08
PCG: 1 : 4.081337e-08 / 8.852541e-01
PCG: 0 : 4.081337e-08
PCG: 1 : 4.493394e-08 / 1.100961e+00
PCG: 0 : 4.493394e-08
PCG: 1 : 3.977795e-08 / 8.852540e-01
PCG: 0 : 3.977795e-08
PCG: 1 : 4.379396e-08 / 1.100961e+00
PCG: 0 : 4.379396e-08
PCG: 1 : 3.876880e-08 / 8.852546e-01
PCG: 0 : 3.876880e-08
PCG: 1 : 4.268291e-08 / 1.100960e+00
PCG: 0 : 4.268291e-08
PCG: 1 : 3.778526e-08 / 8.852550e-01
PCG: 0 : 3.778526e-08
PCG: 1 : 4.160005e-08 / 1.100960e+00
PCG: 0 : 4.160005e-08
PCG: 1 : 3.682666e-08 / 8.852552e-01
PCG: 0 : 3.682666e-08
PCG: 1 : 4.054467e-08 / 1.100960e+00
PCG: 0 : 4.054467e-08
PCG: 1 : 3.589238e-08 / 8.852554e-01
PCG: 0 : 3.589238e-08
PCG: 1 : 3.951605e-08 / 1.100959e+00
PCG: 0 : 3.951605e-08
PCG: 1 : 3.498180e-08 / 8.852556e-01
PCG: 0 : 3.498180e-08
PCG: 1 : 3.851354e-08 / 1.100960e+00
PCG: 0 : 3.851354e-08
PCG: 1 : 3.409432e-08 / 8.852552e-01
PCG: 0 : 3.409431e-08
PCG: 1 : 3.753648e-08 / 1.100960e+00
PCG: 0 : 3.753648e-08
PCG: 1 : 3.322935e-08 / 8.852549e-01
PCG: 0 : 3.322935e-08
PCG: 1 : 3.658419e-08 / 1.100960e+00
PCG: 0 : 3.658419e-08
PCG: 1 : 3.238634e-08 / 8.852550e-01
PCG: 0 : 3.238634e-08
PCG: 1 : 3.565606e-08 / 1.100960e+00
PCG: 0 : 3.565605e-08
PCG: 1 : 3.156473e-08 / 8.852559e-01
PCG: 0 : 3.156473e-08
PCG: 1 : 3.475147e-08 / 1.100959e+00
PCG: 0 : 3.475146e-08
PCG: 1 : 3.076396e-08 / 8.852565e-01
PCG: 0 : 3.076396e-08
PCG: 1 : 3.386982e-08 / 1.100958e+00
PCG: 0 : 3.386982e-08
PCG: 1 : 2.998349e-08 / 8.852567e-01
PCG: 0 : 2.998349e-08
PCG: 1 : 3.301056e-08 / 1.100958e+00
PCG: 0 : 3.301056e-08
PCG: 1 : 2.922281e-08 / 8.852565e-01
PCG: 0 : 2.922281e-08
PCG: 1 : 3.217310e-08 / 1.100958e+00

PCG ( VCycle ( S: Scale / C: Scale )  )

Complete solver TOE: 2.43434
23.9924 GFlop/s [23.9924 GFlops/s]

Total time: 2.43434s
Accumulated op time: 1.86205

Reductions: 72.0187%
Blas-1: 2.20117%
Blas-2: 2.27097%
Precon Kernels: 0%
MPI Execution: 0%
MPI Wait: 0%
Not covered: 23.5091%

Domain size: 48.1654 MByte
LA size: 120.741 MByte
MPI size: 2.67931 MByte

H0-Error: 1.767468e-06
H1-Error: 4.034414e-03

Writing DATA to output.data...
Run-Time: 0:03.158 [0:03.158]
0x31d198e880 Error: MemoryPool<CUDA> still contains memory chunks on deconstructor call
