NUM-PROCS: 1
Preparing domain...
LVL-MIN: 6 [6]
LVL-MAX: 7 [7]
Creating gates...
Assembling system matrices...
Assembling system filters...
Assembling transfer matrices...
Converting assembled linear system from SparseMatrixCSR, Mem:main to SparseMatrixELL, Mem:cudaand to SparseMatrixELL, Mem:cuda...
PCG: 0 : 7.572471e-02
PCG: 1 : 5.481853e-01 / 7.239188e+00
PCG: 2 : 3.386466e-01 / 4.472076e+00
PCG: 3 : 3.418458e-01 / 4.514323e+00
PCG: 0 : 3.406004e-01
PCG: 1 : 2.296506e-01 / 6.742522e-01
PCG: 2 : 2.126318e-01 / 6.242852e-01
PCG: 3 : 1.815572e-01 / 5.330504e-01
PCG: 0 : 1.815572e-01
PCG: 1 : 1.511688e-01 / 8.326238e-01
PCG: 2 : 1.674927e-01 / 9.225339e-01
PCG: 3 : 1.449678e-01 / 7.984692e-01
PCG: 0 : 1.449678e-01
PCG: 1 : 1.242245e-01 / 8.569108e-01
PCG: 2 : 1.342982e-01 / 9.263998e-01
PCG: 3 : 1.473601e-01 / 1.016502e+00
PCG: 0 : 1.473601e-01
PCG: 1 : 1.130105e-01 / 7.669001e-01
PCG: 2 : 1.210537e-01 / 8.214824e-01
PCG: 3 : 1.233749e-01 / 8.372344e-01
PCG: 0 : 1.233749e-01
PCG: 1 : 1.038693e-01 / 8.418996e-01
PCG: 2 : 1.050432e-01 / 8.514147e-01
PCG: 3 : 1.241454e-01 / 1.006245e+00
PCG: 0 : 1.241454e-01
PCG: 1 : 9.208311e-02 / 7.417359e-01
PCG: 2 : 9.769320e-02 / 7.869256e-01
PCG: 3 : 1.064568e-01 / 8.575169e-01
PCG: 0 : 1.064568e-01
PCG: 1 : 8.770191e-02 / 8.238263e-01
PCG: 2 : 8.651853e-02 / 8.127102e-01
PCG: 3 : 1.079927e-01 / 1.014427e+00
PCG: 0 : 1.079927e-01
PCG: 1 : 7.905488e-02 / 7.320394e-01
PCG: 2 : 8.287816e-02 / 7.674426e-01
PCG: 3 : 9.372563e-02 / 8.678889e-01
PCG: 0 : 9.372563e-02
PCG: 1 : 7.679508e-02 / 8.193605e-01
PCG: 2 : 7.501687e-02 / 8.003880e-01
PCG: 3 : 9.604302e-02 / 1.024725e+00
PCG: 0 : 9.604302e-02
PCG: 1 : 7.018479e-02 / 7.307641e-01
PCG: 2 : 7.309162e-02 / 7.610300e-01
PCG: 3 : 8.411877e-02 / 8.758447e-01
PCG: 0 : 8.411876e-02
PCG: 1 : 6.898893e-02 / 8.201372e-01
PCG: 2 : 6.707947e-02 / 7.974377e-01
PCG: 3 : 8.693234e-02 / 1.033448e+00
PCG: 0 : 8.693234e-02
PCG: 1 : 6.365639e-02 / 7.322521e-01
PCG: 2 : 6.605699e-02 / 7.598667e-01
PCG: 3 : 7.668941e-02 / 8.821735e-01
PCG: 0 : 7.668941e-02
PCG: 1 : 6.306319e-02 / 8.223194e-01
PCG: 2 : 6.116746e-02 / 7.975999e-01
PCG: 3 : 7.977501e-02 / 1.040235e+00
PCG: 0 : 7.977501e-02
PCG: 1 : 5.857315e-02 / 7.342292e-01
PCG: 2 : 6.065439e-02 / 7.603182e-01
PCG: 3 : 7.075655e-02 / 8.869513e-01
PCG: 0 : 7.075654e-02
PCG: 1 : 5.833241e-02 / 8.244101e-01
PCG: 2 : 5.649386e-02 / 7.984260e-01
PCG: 3 : 7.395370e-02 / 1.045185e+00
PCG: 0 : 7.395370e-02
PCG: 1 : 5.442097e-02 / 7.358791e-01
PCG: 2 : 5.627524e-02 / 7.609524e-01
PCG: 3 : 6.584461e-02 / 8.903491e-01
PCG: 0 : 6.584460e-02
PCG: 1 : 5.438628e-02 / 8.259794e-01
PCG: 2 : 5.261679e-02 / 7.991055e-01
PCG: 3 : 6.904498e-02 / 1.048605e+00
PCG: 0 : 6.904498e-02
PCG: 1 : 5.088969e-02 / 7.370512e-01
PCG: 2 : 5.256911e-02 / 7.613748e-01
PCG: 3 : 6.163291e-02 / 8.926486e-01
PCG: 0 : 6.163291e-02
PCG: 1 : 5.097349e-02 / 8.270499e-01
PCG: 2 : 4.927613e-02 / 7.995100e-01
PCG: 3 : 6.476790e-02 / 1.050865e+00
PCG: 0 : 6.476790e-02
PCG: 1 : 4.778887e-02 / 7.378482e-01
PCG: 2 : 4.932697e-02 / 7.615960e-01
PCG: 3 : 5.791210e-02 / 8.941483e-01
PCG: 0 : 5.791210e-02
PCG: 1 : 4.793889e-02 / 8.277870e-01
PCG: 2 : 4.631461e-02 / 7.997398e-01
PCG: 3 : 6.094128e-02 / 1.052306e+00
PCG: 0 : 6.094128e-02
PCG: 1 : 4.500076e-02 / 7.384282e-01
PCG: 2 : 4.642101e-02 / 7.617334e-01
PCG: 3 : 5.454832e-02 / 8.950965e-01
PCG: 0 : 5.454832e-02
PCG: 1 : 4.518574e-02 / 8.283617e-01
PCG: 2 : 4.363488e-02 / 7.999308e-01
PCG: 3 : 5.745007e-02 / 1.053196e+00
PCG: 0 : 5.745007e-02
PCG: 1 : 4.245149e-02 / 7.389285e-01
PCG: 2 : 4.377131e-02 / 7.619019e-01
PCG: 3 : 5.145685e-02 / 8.956796e-01
PCG: 0 : 5.145685e-02
PCG: 1 : 4.265285e-02 / 8.289052e-01
PCG: 2 : 4.117522e-02 / 8.001894e-01
PCG: 3 : 5.422137e-02 / 1.053725e+00
PCG: 0 : 5.422136e-02
PCG: 1 : 4.009380e-02 / 7.394466e-01
PCG: 2 : 4.132651e-02 / 7.621813e-01
PCG: 3 : 4.858392e-02 / 8.960292e-01
PCG: 0 : 4.858392e-02
PCG: 1 : 4.030053e-02 / 8.295035e-01
PCG: 2 : 3.889545e-02 / 8.005828e-01
PCG: 3 : 5.120857e-02 / 1.054023e+00
PCG: 0 : 5.120857e-02
PCG: 1 : 3.789657e-02 / 7.400435e-01
PCG: 2 : 3.905256e-02 / 7.626176e-01
PCG: 3 : 4.589479e-02 / 8.962325e-01
PCG: 0 : 4.589479e-02
PCG: 1 : 3.810223e-02 / 8.302081e-01
PCG: 2 : 3.676850e-02 / 8.011475e-01
PCG: 3 : 4.838125e-02 / 1.054178e+00
PCG: 0 : 4.838125e-02
PCG: 1 : 3.583852e-02 / 7.407522e-01
PCG: 2 : 3.692605e-02 / 7.632304e-01
PCG: 3 : 4.336632e-02 / 8.963454e-01
PCG: 0 : 4.336632e-02
PCG: 1 : 3.603936e-02 / 8.310451e-01
PCG: 2 : 3.477523e-02 / 8.018950e-01
PCG: 3 : 4.571863e-02 / 1.054243e+00
PCG: 0 : 4.571863e-02
PCG: 1 : 3.390440e-02 / 7.415884e-01
PCG: 2 : 3.493012e-02 / 7.640238e-01
PCG: 3 : 4.098241e-02 / 8.964052e-01
PCG: 0 : 4.098241e-02
PCG: 1 : 3.409838e-02 / 8.320248e-01
PCG: 2 : 3.290168e-02 / 8.028245e-01
PCG: 3 : 4.320587e-02 / 1.054254e+00
PCG: 0 : 4.320587e-02
PCG: 1 : 3.208276e-02 / 7.425556e-01
PCG: 2 : 3.305211e-02 / 7.649913e-01
PCG: 3 : 3.873121e-02 / 8.964340e-01
PCG: 0 : 3.873121e-02
PCG: 1 : 3.226881e-02 / 8.331476e-01
PCG: 2 : 3.113709e-02 / 8.039276e-01
PCG: 3 : 4.083173e-02 / 1.054233e+00
PCG: 0 : 4.083173e-02
PCG: 1 : 3.036457e-02 / 7.436514e-01
PCG: 2 : 3.128204e-02 / 7.661210e-01
PCG: 3 : 3.660340e-02 / 8.964452e-01
PCG: 0 : 3.660340e-02
PCG: 1 : 3.054219e-02 / 8.344085e-01
PCG: 2 : 2.947275e-02 / 8.051915e-01
PCG: 3 : 3.858713e-02 / 1.054195e+00
PCG: 0 : 3.858713e-02
PCG: 1 : 2.874236e-02 / 7.448691e-01
PCG: 2 : 2.961172e-02 / 7.673989e-01
PCG: 3 : 3.459134e-02 / 8.964475e-01
PCG: 0 : 3.459134e-02
PCG: 1 : 2.891142e-02 / 8.357994e-01
PCG: 2 : 2.790142e-02 / 8.066015e-01
PCG: 3 : 3.646440e-02 / 1.054148e+00
PCG: 0 : 3.646440e-02
PCG: 1 : 2.720977e-02 / 7.462009e-01
PCG: 2 : 2.803418e-02 / 7.688096e-01
PCG: 3 : 3.268838e-02 / 8.964463e-01
PCG: 0 : 3.268838e-02
PCG: 1 : 2.737031e-02 / 8.373100e-01
PCG: 2 : 2.641684e-02 / 8.081417e-01
PCG: 3 : 3.445674e-02 / 1.054097e+00
PCG: 0 : 3.445673e-02
PCG: 1 : 2.576116e-02 / 7.476378e-01
PCG: 2 : 2.654333e-02 / 7.703381e-01
PCG: 3 : 3.088865e-02 / 8.964475e-01
PCG: 0 : 3.088865e-02
PCG: 1 : 2.591337e-02 / 8.389285e-01
PCG: 2 : 2.501345e-02 / 8.097943e-01
PCG: 3 : 3.255805e-02 / 1.054046e+00
PCG: 0 : 3.255804e-02
PCG: 1 : 2.439145e-02 / 7.491683e-01
PCG: 2 : 2.513368e-02 / 7.719654e-01
PCG: 3 : 2.918674e-02 / 8.964525e-01
PCG: 0 : 2.918674e-02
PCG: 1 : 2.453559e-02 / 8.406418e-01
PCG: 2 : 2.368622e-02 / 8.115407e-01
PCG: 3 : 3.076272e-02 / 1.053997e+00
PCG: 0 : 3.076272e-02
PCG: 1 : 2.309603e-02 / 7.507797e-01
PCG: 2 : 2.380025e-02 / 7.736717e-01
PCG: 3 : 2.757770e-02 / 8.964650e-01
PCG: 0 : 2.757770e-02
PCG: 1 : 2.323236e-02 / 8.424326e-01
PCG: 2 : 2.243051e-02 / 8.133568e-01
PCG: 3 : 2.906564e-02 / 1.053954e+00
PCG: 0 : 2.906564e-02
PCG: 1 : 2.187061e-02 / 7.524558e-01
PCG: 2 : 2.253836e-02 / 7.754296e-01
PCG: 3 : 2.605701e-02 / 8.964884e-01
PCG: 0 : 2.605701e-02
PCG: 1 : 2.199936e-02 / 8.442782e-01
PCG: 2 : 2.124196e-02 / 8.152111e-01
PCG: 3 : 2.746204e-02 / 1.053921e+00
PCG: 0 : 2.746204e-02
PCG: 1 : 2.071119e-02 / 7.541754e-01
PCG: 2 : 2.134364e-02 / 7.772051e-01
PCG: 3 : 2.462058e-02 / 8.965314e-01
PCG: 0 : 2.462058e-02
PCG: 1 : 2.083257e-02 / 8.461445e-01
PCG: 2 : 2.011645e-02 / 8.170584e-01
PCG: 3 : 2.594766e-02 / 1.053901e+00
PCG: 0 : 2.594766e-02
PCG: 1 : 1.961401e-02 / 7.559067e-01
PCG: 2 : 2.021183e-02 / 7.789460e-01
PCG: 3 : 2.326477e-02 / 8.966035e-01
PCG: 0 : 2.326476e-02
PCG: 1 : 1.972814e-02 / 8.479838e-01
PCG: 2 : 1.904997e-02 / 8.188335e-01
PCG: 3 : 2.451879e-02 / 1.053903e+00
PCG: 0 : 2.451879e-02
PCG: 1 : 1.857552e-02 / 7.576032e-01
PCG: 2 : 1.913879e-02 / 7.805763e-01
PCG: 3 : 2.198651e-02 / 8.967206e-01
PCG: 0 : 2.198651e-02
PCG: 1 : 1.868240e-02 / 8.497211e-01
PCG: 2 : 1.803856e-02 / 8.204380e-01
PCG: 3 : 2.317237e-02 / 1.053936e+00
PCG: 0 : 2.317237e-02
PCG: 1 : 1.759229e-02 / 7.591927e-01
PCG: 2 : 1.812032e-02 / 7.819796e-01
PCG: 3 : 2.078344e-02 / 8.969062e-01
PCG: 0 : 2.078344e-02
PCG: 1 : 1.769176e-02 / 8.512428e-01
PCG: 2 : 1.707824e-02 / 8.217235e-01
PCG: 3 : 2.190611e-02 / 1.054017e+00
PCG: 0 : 2.190611e-02
PCG: 1 : 1.666104e-02 / 7.605659e-01
PCG: 2 : 1.715212e-02 / 7.829837e-01
PCG: 3 : 1.965406e-02 / 8.971955e-01
PCG: 0 : 1.965406e-02
PCG: 1 : 1.675264e-02 / 8.523754e-01
PCG: 2 : 1.616490e-02 / 8.224713e-01
PCG: 3 : 2.071869e-02 / 1.054168e+00
PCG: 0 : 2.071869e-02
PCG: 1 : 1.577846e-02 / 7.615570e-01
PCG: 2 : 1.622975e-02 / 7.833389e-01
PCG: 3 : 1.859786e-02 / 8.976368e-01
PCG: 0 : 1.859786e-02
PCG: 1 : 1.586138e-02 / 8.528604e-01
PCG: 2 : 1.529431e-02 / 8.223697e-01
PCG: 3 : 1.960980e-02 / 1.054412e+00
PCG: 0 : 1.960980e-02
PCG: 1 : 1.494115e-02 / 7.619226e-01
PCG: 2 : 1.534866e-02 / 7.827035e-01
PCG: 3 : 1.761528e-02 / 8.982897e-01
PCG: 0 : 1.761528e-02
PCG: 1 : 1.501409e-02 / 8.523332e-01
PCG: 2 : 1.446237e-02 / 8.210128e-01
PCG: 3 : 1.857997e-02 / 1.054765e+00
PCG: 0 : 1.857997e-02
PCG: 1 : 1.414538e-02 / 7.613241e-01
PCG: 2 : 1.450458e-02 / 7.806569e-01
PCG: 3 : 1.670722e-02 / 8.992060e-01
PCG: 0 : 1.670722e-02
PCG: 1 : 1.420650e-02 / 8.503208e-01
PCG: 2 : 1.366553e-02 / 8.179417e-01
PCG: 3 : 1.762973e-02 / 1.055216e+00
PCG: 0 : 1.762973e-02
PCG: 1 : 1.338701e-02 / 7.593427e-01
PCG: 2 : 1.369443e-02 / 7.767801e-01
PCG: 3 : 1.587381e-02 / 9.003998e-01
PCG: 0 : 1.587381e-02
PCG: 1 : 1.343406e-02 / 8.463033e-01
PCG: 2 : 1.290183e-02 / 8.127747e-01
PCG: 3 : 1.675773e-02 / 1.055685e+00
PCG: 0 : 1.675773e-02
PCG: 1 : 1.266153e-02 / 7.555633e-01
PCG: 2 : 1.291745e-02 / 7.708350e-01
PCG: 3 : 1.511202e-02 / 9.017941e-01
PCG: 0 : 1.511202e-02
PCG: 1 : 1.269257e-02 / 8.398989e-01
PCG: 2 : 1.217187e-02 / 8.054424e-01
PCG: 3 : 1.595818e-02 / 1.055992e+00
PCG: 0 : 1.595818e-02
PCG: 1 : 1.196501e-02 / 7.497731e-01
PCG: 2 : 1.217618e-02 / 7.630058e-01
PCG: 3 : 1.441315e-02 / 9.031827e-01
PCG: 0 : 1.441315e-02
PCG: 1 : 1.197977e-02 / 8.311692e-01
PCG: 2 : 1.147904e-02 / 7.964286e-01
PCG: 3 : 1.521883e-02 / 1.055899e+00
PCG: 0 : 1.521883e-02
PCG: 1 : 1.129594e-02 / 7.422344e-01
PCG: 2 : 1.147570e-02 / 7.540458e-01
PCG: 3 : 1.376212e-02 / 9.042820e-01
PCG: 0 : 1.376212e-02
PCG: 1 : 1.129700e-02 / 8.208764e-01
PCG: 2 : 1.082784e-02 / 7.867858e-01
PCG: 3 : 1.452232e-02 / 1.055239e+00
PCG: 0 : 1.452232e-02
PCG: 1 : 1.065664e-02 / 7.338108e-01
PCG: 2 : 1.082079e-02 / 7.451144e-01
PCG: 3 : 1.314100e-02 / 9.048828e-01
PCG: 0 : 1.314100e-02
PCG: 1 : 1.064924e-02 / 8.103830e-01
PCG: 2 : 1.022092e-02 / 7.777885e-01
PCG: 3 : 1.385153e-02 / 1.054070e+00
PCG: 0 : 1.385153e-02
PCG: 1 : 1.005216e-02 / 7.257074e-01
PCG: 2 : 1.021299e-02 / 7.373183e-01
PCG: 3 : 1.253541e-02 / 9.049838e-01
PCG: 0 : 1.253541e-02
PCG: 1 : 1.004202e-02 / 8.010926e-01
PCG: 2 : 9.657354e-03 / 7.704060e-01
PCG: 3 : 1.319560e-02 / 1.052666e+00
PCG: 0 : 1.319560e-02
PCG: 1 : 9.486747e-03 / 7.189324e-01
PCG: 2 : 9.649820e-03 / 7.312905e-01
PCG: 3 : 1.193891e-02 / 9.047641e-01
PCG: 0 : 1.193891e-02
PCG: 1 : 9.477751e-03 / 7.938542e-01
PCG: 2 : 9.133344e-03 / 7.650067e-01
PCG: 3 : 1.255187e-02 / 1.051341e+00
PCG: 0 : 1.255187e-02
PCG: 1 : 8.961083e-03 / 7.139244e-01
PCG: 2 : 9.126460e-03 / 7.270999e-01
PCG: 3 : 1.135230e-02 / 9.044316e-01
PCG: 0 : 1.135230e-02
PCG: 1 : 8.954697e-03 / 7.888000e-01
PCG: 2 : 8.644090e-03 / 7.614393e-01
PCG: 3 : 1.192312e-02 / 1.050282e+00
PCG: 0 : 1.192312e-02
PCG: 1 : 8.472502e-03 / 7.105945e-01
PCG: 2 : 8.637726e-03 / 7.244520e-01
PCG: 3 : 1.077992e-02 / 9.041196e-01
PCG: 0 : 1.077992e-02
PCG: 1 : 8.468598e-03 / 7.855898e-01
PCG: 2 : 8.185214e-03 / 7.593017e-01
PCG: 3 : 1.131381e-02 / 1.049526e+00
PCG: 0 : 1.131381e-02
PCG: 1 : 8.016831e-03 / 7.085883e-01
PCG: 2 : 8.179195e-03 / 7.229393e-01
PCG: 3 : 1.022631e-02 / 9.038785e-01
PCG: 0 : 1.022631e-02
PCG: 1 : 8.014718e-03 / 7.837355e-01
PCG: 2 : 7.753254e-03 / 7.581677e-01
PCG: 3 : 1.072765e-02 / 1.049025e+00
PCG: 0 : 1.072765e-02
PCG: 1 : 7.589986e-03 / 7.075164e-01
PCG: 2 : 7.747452e-03 / 7.221950e-01
PCG: 3 : 9.694674e-03 / 9.037094e-01
PCG: 0 : 9.694674e-03
PCG: 1 : 7.588966e-03 / 7.827974e-01
PCG: 2 : 7.345591e-03 / 7.576934e-01
PCG: 3 : 1.016688e-02 / 1.048708e+00
PCG: 0 : 1.016688e-02
PCG: 1 : 7.188602e-03 / 7.070606e-01
PCG: 2 : 7.339933e-03 / 7.219453e-01
PCG: 3 : 9.186763e-03 / 9.035968e-01
PCG: 0 : 9.186763e-03
PCG: 1 : 7.188171e-03 / 7.824487e-01
PCG: 2 : 6.960223e-03 / 7.576361e-01
PCG: 3 : 9.632456e-03 / 1.048515e+00
PCG: 0 : 9.632456e-03
PCG: 1 : 6.810096e-03 / 7.069947e-01
PCG: 2 : 6.954672e-03 / 7.220041e-01
PCG: 3 : 8.703136e-03 / 9.035220e-01
PCG: 0 : 8.703136e-03
PCG: 1 : 6.809925e-03 / 7.824680e-01
PCG: 2 : 6.595555e-03 / 7.578366e-01
PCG: 3 : 9.124361e-03 / 1.048399e+00
PCG: 0 : 9.124360e-03
PCG: 1 : 6.452491e-03 / 7.071719e-01
PCG: 2 : 6.590097e-03 / 7.222530e-01
PCG: 3 : 8.243612e-03 / 9.034729e-01
PCG: 0 : 8.243612e-03
PCG: 1 : 6.452390e-03 / 7.827139e-01
PCG: 2 : 6.250257e-03 / 7.581940e-01
PCG: 3 : 8.642033e-03 / 1.048331e+00
PCG: 0 : 8.642033e-03
PCG: 1 : 6.114222e-03 / 7.074981e-01
PCG: 2 : 6.244894e-03 / 7.226186e-01
PCG: 3 : 7.807560e-03 / 9.034402e-01
PCG: 0 : 7.807559e-03
PCG: 1 : 6.114094e-03 / 7.830992e-01
PCG: 2 : 5.923189e-03 / 7.586480e-01
PCG: 3 : 8.184599e-03 / 1.048292e+00
PCG: 0 : 8.184598e-03
PCG: 1 : 5.794014e-03 / 7.079167e-01
PCG: 2 : 5.917917e-03 / 7.230554e-01
PCG: 3 : 7.394105e-03 / 9.034170e-01
PCG: 0 : 7.394105e-03
PCG: 1 : 5.793803e-03 / 7.835706e-01
PCG: 2 : 5.613318e-03 / 7.591612e-01
PCG: 3 : 7.751015e-03 / 1.048270e+00
PCG: 0 : 7.751014e-03
PCG: 1 : 5.490761e-03 / 7.083927e-01
PCG: 2 : 5.608139e-03 / 7.235362e-01
PCG: 3 : 7.002266e-03 / 9.034000e-01
PCG: 0 : 7.002266e-03
PCG: 1 : 5.490450e-03 / 7.840962e-01
PCG: 2 : 5.319698e-03 / 7.597110e-01
PCG: 3 : 7.340181e-03 / 1.048258e+00
PCG: 0 : 7.340180e-03
PCG: 1 : 5.203490e-03 / 7.089050e-01
PCG: 2 : 5.314620e-03 / 7.240449e-01
PCG: 3 : 6.631024e-03 / 9.033871e-01
PCG: 0 : 6.631024e-03
PCG: 1 : 5.203072e-03 / 7.846560e-01
PCG: 2 : 5.041461e-03 / 7.602839e-01
PCG: 3 : 6.950990e-03 / 1.048253e+00
PCG: 0 : 6.950990e-03
PCG: 1 : 4.931316e-03 / 7.094409e-01
PCG: 2 : 5.036487e-03 / 7.245712e-01
PCG: 3 : 6.279362e-03 / 9.033766e-01
PCG: 0 : 6.279361e-03
PCG: 1 : 4.930793e-03 / 7.852380e-01
PCG: 2 : 4.777784e-03 / 7.608710e-01
PCG: 3 : 6.582344e-03 / 1.048251e+00
PCG: 0 : 6.582344e-03
PCG: 1 : 4.673413e-03 / 7.099923e-01
PCG: 2 : 4.772917e-03 / 7.251090e-01
PCG: 3 : 5.946280e-03 / 9.033681e-01
PCG: 0 : 5.946279e-03
PCG: 1 : 4.672795e-03 / 7.858351e-01
PCG: 2 : 4.527900e-03 / 7.614678e-01
PCG: 3 : 6.233195e-03 / 1.048251e+00
PCG: 0 : 6.233195e-03
PCG: 1 : 4.429025e-03 / 7.105545e-01
PCG: 2 : 4.523144e-03 / 7.256542e-01
PCG: 3 : 5.630822e-03 / 9.033605e-01
PCG: 0 : 5.630822e-03
PCG: 1 : 4.428321e-03 / 7.864431e-01
PCG: 2 : 4.291085e-03 / 7.620707e-01
PCG: 3 : 5.902527e-03 / 1.048253e+00
PCG: 0 : 5.902527e-03
PCG: 1 : 4.197429e-03 / 7.111241e-01
PCG: 2 : 4.286442e-03 / 7.262045e-01
PCG: 3 : 5.332072e-03 / 9.033540e-01
PCG: 0 : 5.332072e-03
PCG: 1 : 4.196651e-03 / 7.870583e-01
PCG: 2 : 4.066650e-03 / 7.626773e-01
PCG: 3 : 5.589376e-03 / 1.048256e+00
PCG: 0 : 5.589375e-03
PCG: 1 : 3.977954e-03 / 7.116992e-01
PCG: 2 : 4.062124e-03 / 7.267582e-01
PCG: 3 : 5.049153e-03 / 9.033484e-01
PCG: 0 : 5.049153e-03
PCG: 1 : 3.977112e-03 / 7.876790e-01
PCG: 2 : 3.853949e-03 / 7.632861e-01
PCG: 3 : 5.292820e-03 / 1.048259e+00
PCG: 0 : 5.292820e-03
PCG: 1 : 3.769958e-03 / 7.122778e-01
PCG: 2 : 3.849539e-03 / 7.273135e-01
PCG: 3 : 4.781233e-03 / 9.033431e-01
PCG: 0 : 4.781233e-03
PCG: 1 : 3.769064e-03 / 7.883037e-01
PCG: 2 : 3.652365e-03 / 7.638962e-01
PCG: 3 : 5.011989e-03 / 1.048263e+00
PCG: 0 : 5.011989e-03
PCG: 1 : 3.572843e-03 / 7.128593e-01
PCG: 2 : 3.648078e-03 / 7.278703e-01
PCG: 3 : 4.527523e-03 / 9.033386e-01
PCG: 0 : 4.527522e-03
PCG: 1 : 3.571904e-03 / 7.889313e-01
PCG: 2 : 3.461320e-03 / 7.645064e-01
PCG: 3 : 4.746052e-03 / 1.048267e+00
PCG: 0 : 4.746052e-03
PCG: 1 : 3.386035e-03 / 7.134424e-01
PCG: 2 : 3.457151e-03 / 7.284268e-01
PCG: 3 : 4.287269e-03 / 9.033338e-01
PCG: 0 : 4.287269e-03
PCG: 1 : 3.385060e-03 / 7.895609e-01
PCG: 2 : 3.280261e-03 / 7.651166e-01
PCG: 3 : 4.494223e-03 / 1.048272e+00
PCG: 0 : 4.494223e-03
PCG: 1 : 3.208996e-03 / 7.140268e-01
PCG: 2 : 3.276211e-03 / 7.289827e-01
PCG: 3 : 4.059763e-03 / 9.033293e-01
PCG: 0 : 4.059763e-03
PCG: 1 : 3.207989e-03 / 7.901914e-01
PCG: 2 : 3.108665e-03 / 7.657259e-01
PCG: 3 : 4.255756e-03 / 1.048277e+00
PCG: 0 : 4.255755e-03
PCG: 1 : 3.041213e-03 / 7.146119e-01
PCG: 2 : 3.104735e-03 / 7.295380e-01
PCG: 3 : 3.844332e-03 / 9.033255e-01
PCG: 0 : 3.844332e-03
PCG: 1 : 3.040182e-03 / 7.908220e-01
PCG: 2 : 2.946039e-03 / 7.663331e-01
PCG: 3 : 4.029941e-03 / 1.048281e+00
PCG: 0 : 4.029941e-03
PCG: 1 : 2.882200e-03 / 7.151966e-01
PCG: 2 : 2.942227e-03 / 7.300917e-01
PCG: 3 : 3.640336e-03 / 9.033225e-01
PCG: 0 : 3.640336e-03
PCG: 1 : 2.881153e-03 / 7.914523e-01
PCG: 2 : 2.791912e-03 / 7.669380e-01
PCG: 3 : 3.816111e-03 / 1.048285e+00
PCG: 0 : 3.816111e-03
PCG: 1 : 2.731500e-03 / 7.157811e-01
PCG: 2 : 2.788219e-03 / 7.306440e-01
PCG: 3 : 3.447171e-03 / 9.033203e-01
PCG: 0 : 3.447171e-03
PCG: 1 : 2.730442e-03 / 7.920820e-01
PCG: 2 : 2.645843e-03 / 7.675403e-01
PCG: 3 : 3.613635e-03 / 1.048290e+00
PCG: 0 : 3.613635e-03
PCG: 1 : 2.588677e-03 / 7.163638e-01
PCG: 2 : 2.642265e-03 / 7.311933e-01
PCG: 3 : 3.264258e-03 / 9.033173e-01
PCG: 0 : 3.264258e-03
PCG: 1 : 2.587613e-03 / 7.927108e-01
PCG: 2 : 2.507408e-03 / 7.681402e-01
PCG: 3 : 3.421908e-03 / 1.048296e+00
PCG: 0 : 3.421908e-03
PCG: 1 : 2.453322e-03 / 7.169456e-01
PCG: 2 : 2.503947e-03 / 7.317400e-01
PCG: 3 : 3.091060e-03 / 9.033148e-01
PCG: 0 : 3.091060e-03
PCG: 1 : 2.452254e-03 / 7.933375e-01
PCG: 2 : 2.376211e-03 / 7.687365e-01
PCG: 3 : 3.240359e-03 / 1.048301e+00
PCG: 0 : 3.240359e-03
PCG: 1 : 2.325038e-03 / 7.175248e-01
PCG: 2 : 2.372861e-03 / 7.322833e-01
PCG: 3 : 2.927057e-03 / 9.033125e-01
PCG: 0 : 2.927057e-03
PCG: 1 : 2.323972e-03 / 7.939620e-01
PCG: 2 : 2.251870e-03 / 7.693289e-01
PCG: 3 : 3.068451e-03 / 1.048306e+00
PCG: 0 : 3.068451e-03
PCG: 1 : 2.203460e-03 / 7.181017e-01
PCG: 2 : 2.248633e-03 / 7.328234e-01
PCG: 3 : 2.771765e-03 / 9.033107e-01
PCG: 0 : 2.771765e-03
PCG: 1 : 2.202400e-03 / 7.945841e-01
PCG: 2 : 2.134029e-03 / 7.699171e-01
PCG: 3 : 2.905671e-03 / 1.048311e+00
PCG: 0 : 2.905671e-03
PCG: 1 : 2.088236e-03 / 7.186759e-01
PCG: 2 : 2.130903e-03 / 7.333599e-01
PCG: 3 : 2.624719e-03 / 9.033090e-01
PCG: 0 : 2.624719e-03
PCG: 1 : 2.087184e-03 / 7.952030e-01
PCG: 2 : 2.022349e-03 / 7.705010e-01
PCG: 3 : 2.751536e-03 / 1.048317e+00
PCG: 0 : 2.751536e-03
PCG: 1 : 1.979034e-03 / 7.192468e-01
PCG: 2 : 2.019330e-03 / 7.338918e-01
PCG: 3 : 2.485482e-03 / 9.033072e-01
PCG: 0 : 2.485482e-03
PCG: 1 : 1.977992e-03 / 7.958183e-01
PCG: 2 : 1.916506e-03 / 7.710802e-01
PCG: 3 : 2.605586e-03 / 1.048322e+00
PCG: 0 : 2.605586e-03
PCG: 1 : 1.875539e-03 / 7.198147e-01
PCG: 2 : 1.913594e-03 / 7.344198e-01
PCG: 3 : 2.353643e-03 / 9.033066e-01
PCG: 0 : 2.353643e-03
PCG: 1 : 1.874511e-03 / 7.964296e-01
PCG: 2 : 1.816197e-03 / 7.716537e-01
PCG: 3 : 2.467386e-03 / 1.048326e+00
PCG: 0 : 2.467386e-03
PCG: 1 : 1.777452e-03 / 7.203785e-01
PCG: 2 : 1.813389e-03 / 7.349432e-01
PCG: 3 : 2.228806e-03 / 9.033064e-01
PCG: 0 : 2.228806e-03
PCG: 1 : 1.776440e-03 / 7.970366e-01
PCG: 2 : 1.721133e-03 / 7.722221e-01
PCG: 3 : 2.336527e-03 / 1.048331e+00
PCG: 0 : 2.336527e-03
PCG: 1 : 1.684492e-03 / 7.209383e-01
PCG: 2 : 1.718426e-03 / 7.354618e-01
PCG: 3 : 2.110599e-03 / 9.033064e-01
PCG: 0 : 2.110599e-03
PCG: 1 : 1.683497e-03 / 7.976391e-01
PCG: 2 : 1.631039e-03 / 7.727849e-01
PCG: 3 : 2.212617e-03 / 1.048336e+00
PCG: 0 : 2.212617e-03
PCG: 1 : 1.596389e-03 / 7.214937e-01
PCG: 2 : 1.628431e-03 / 7.359750e-01
PCG: 3 : 1.998671e-03 / 9.033064e-01
PCG: 0 : 1.998671e-03
PCG: 1 : 1.595413e-03 / 7.982373e-01
PCG: 2 : 1.545656e-03 / 7.733420e-01
PCG: 3 : 2.095289e-03 / 1.048341e+00
PCG: 0 : 2.095289e-03
PCG: 1 : 1.512891e-03 / 7.220441e-01
PCG: 2 : 1.543144e-03 / 7.364827e-01
PCG: 3 : 1.892687e-03 / 9.033062e-01
PCG: 0 : 1.892687e-03
PCG: 1 : 1.511935e-03 / 7.988295e-01
PCG: 2 : 1.464737e-03 / 7.738928e-01
PCG: 3 : 1.984191e-03 / 1.048346e+00
PCG: 0 : 1.984191e-03
PCG: 1 : 1.433756e-03 / 7.225900e-01
PCG: 2 : 1.462319e-03 / 7.369851e-01
PCG: 3 : 1.792333e-03 / 9.033071e-01
PCG: 0 : 1.792333e-03
PCG: 1 : 1.432821e-03 / 7.994167e-01
PCG: 2 : 1.388050e-03 / 7.744374e-01
PCG: 3 : 1.878993e-03 / 1.048350e+00
PCG: 0 : 1.878993e-03
PCG: 1 : 1.358757e-03 / 7.231305e-01
PCG: 2 : 1.385723e-03 / 7.374817e-01
PCG: 3 : 1.697309e-03 / 9.033076e-01
PCG: 0 : 1.697309e-03
PCG: 1 : 1.357844e-03 / 7.999982e-01
PCG: 2 : 1.315373e-03 / 7.749757e-01
PCG: 3 : 1.779383e-03 / 1.048355e+00
PCG: 0 : 1.779383e-03
PCG: 1 : 1.287678e-03 / 7.236654e-01
PCG: 2 : 1.313135e-03 / 7.379724e-01
PCG: 3 : 1.607331e-03 / 9.033082e-01
PCG: 0 : 1.607331e-03
PCG: 1 : 1.286787e-03 / 8.005739e-01
PCG: 2 : 1.246497e-03 / 7.755073e-01
PCG: 3 : 1.685062e-03 / 1.048360e+00
PCG: 0 : 1.685062e-03
PCG: 1 : 1.220313e-03 / 7.241947e-01
PCG: 2 : 1.244346e-03 / 7.384568e-01
PCG: 3 : 1.522131e-03 / 9.033089e-01
PCG: 0 : 1.522131e-03
PCG: 1 : 1.219446e-03 / 8.011436e-01
PCG: 2 : 1.181223e-03 / 7.760320e-01
PCG: 3 : 1.595750e-03 / 1.048365e+00
PCG: 0 : 1.595750e-03
PCG: 1 : 1.156469e-03 / 7.247183e-01
PCG: 2 : 1.179156e-03 / 7.389351e-01
PCG: 3 : 1.441456e-03 / 9.033098e-01
PCG: 0 : 1.441456e-03
PCG: 1 : 1.155625e-03 / 8.017067e-01
PCG: 2 : 1.119363e-03 / 7.765501e-01
PCG: 3 : 1.511180e-03 / 1.048371e+00
PCG: 0 : 1.511180e-03
PCG: 1 : 1.095962e-03 / 7.252358e-01
PCG: 2 : 1.117377e-03 / 7.394067e-01
PCG: 3 : 1.365065e-03 / 9.033104e-01
PCG: 0 : 1.365065e-03
PCG: 1 : 1.095142e-03 / 8.022634e-01
PCG: 2 : 1.060739e-03 / 7.770613e-01
PCG: 3 : 1.431101e-03 / 1.048376e+00
PCG: 0 : 1.431101e-03
PCG: 1 : 1.038618e-03 / 7.257473e-01
PCG: 2 : 1.058832e-03 / 7.398725e-01
PCG: 3 : 1.292731e-03 / 9.033120e-01
PCG: 0 : 1.292731e-03
PCG: 1 : 1.037821e-03 / 8.028132e-01
PCG: 2 : 1.005182e-03 / 7.775649e-01
PCG: 3 : 1.355273e-03 / 1.048380e+00
PCG: 0 : 1.355273e-03
PCG: 1 : 9.842700e-04 / 7.262523e-01
PCG: 2 : 1.003350e-03 / 7.403310e-01
PCG: 3 : 1.224235e-03 / 9.033129e-01
PCG: 0 : 1.224235e-03
PCG: 1 : 9.834972e-04 / 8.033563e-01
PCG: 2 : 9.525307e-04 / 7.780617e-01
PCG: 3 : 1.283471e-03 / 1.048386e+00
PCG: 0 : 1.283471e-03
PCG: 1 : 9.327640e-04 / 7.267512e-01
PCG: 2 : 9.507738e-04 / 7.407833e-01
PCG: 3 : 1.159378e-03 / 9.033148e-01
PCG: 0 : 1.159378e-03
PCG: 1 : 9.320150e-04 / 8.038923e-01
PCG: 2 : 9.026346e-04 / 7.785507e-01
PCG: 3 : 1.215480e-03 / 1.048390e+00
PCG: 0 : 1.215480e-03
PCG: 1 : 8.839495e-04 / 7.272430e-01
PCG: 2 : 9.009489e-04 / 7.412287e-01
PCG: 3 : 1.097963e-03 / 9.033161e-01
PCG: 0 : 1.097963e-03
PCG: 1 : 8.832245e-04 / 8.044211e-01
PCG: 2 : 8.553485e-04 / 7.790323e-01
PCG: 3 : 1.151099e-03 / 1.048395e+00
PCG: 0 : 1.151099e-03
PCG: 1 : 8.376869e-04 / 7.277280e-01
PCG: 2 : 8.537319e-04 / 7.416669e-01
PCG: 3 : 1.039808e-03 / 9.033176e-01
PCG: 0 : 1.039808e-03
PCG: 1 : 8.369857e-04 / 8.049427e-01
PCG: 2 : 8.105370e-04 / 7.795066e-01
PCG: 3 : 1.090135e-03 / 1.048400e+00
PCG: 0 : 1.090134e-03
PCG: 1 : 7.938428e-04 / 7.282063e-01
PCG: 2 : 8.089871e-04 / 7.420985e-01
PCG: 3 : 9.847390e-04 / 9.033189e-01
PCG: 0 : 9.847390e-04
PCG: 1 : 7.931651e-04 / 8.054571e-01
PCG: 2 : 7.680702e-04 / 7.799733e-01
PCG: 3 : 1.032406e-03 / 1.048406e+00
PCG: 0 : 1.032406e-03
PCG: 1 : 7.522909e-04 / 7.286774e-01
PCG: 2 : 7.665847e-04 / 7.425225e-01
PCG: 3 : 9.325926e-04 / 9.033197e-01
PCG: 0 : 9.325925e-04
PCG: 1 : 7.516360e-04 / 8.059641e-01
PCG: 2 : 7.278259e-04 / 7.804329e-01
PCG: 3 : 9.777410e-04 / 1.048412e+00
PCG: 0 : 9.777410e-04
PCG: 1 : 7.129116e-04 / 7.291416e-01
PCG: 2 : 7.264024e-04 / 7.429395e-01
PCG: 3 : 8.832136e-04 / 9.033206e-01
PCG: 0 : 8.832135e-04
PCG: 1 : 7.122791e-04 / 8.064631e-01
PCG: 2 : 6.896878e-04 / 7.808846e-01
PCG: 3 : 9.259764e-04 / 1.048417e+00
PCG: 0 : 9.259764e-04
PCG: 1 : 6.755913e-04 / 7.295988e-01
PCG: 2 : 6.883243e-04 / 7.433497e-01
PCG: 3 : 8.364549e-04 / 9.033220e-01
PCG: 0 : 8.364548e-04
PCG: 1 : 6.749808e-04 / 8.069543e-01
PCG: 2 : 6.535457e-04 / 7.813282e-01
PCG: 3 : 8.769577e-04 / 1.048422e+00
PCG: 0 : 8.769577e-04
PCG: 1 : 6.402223e-04 / 7.300493e-01
PCG: 2 : 6.522404e-04 / 7.437536e-01
PCG: 3 : 7.921774e-04 / 9.033245e-01
PCG: 0 : 7.921774e-04
PCG: 1 : 6.396339e-04 / 8.074377e-01
PCG: 2 : 6.192957e-04 / 7.817639e-01
PCG: 3 : 8.305396e-04 / 1.048426e+00
PCG: 0 : 8.305396e-04
PCG: 1 : 6.067025e-04 / 7.304919e-01
PCG: 2 : 6.180455e-04 / 7.441493e-01
PCG: 3 : 7.502480e-04 / 9.033260e-01
PCG: 0 : 7.502480e-04
PCG: 1 : 6.061355e-04 / 8.079136e-01
PCG: 2 : 5.868382e-04 / 7.821923e-01
PCG: 3 : 7.865838e-04 / 1.048432e+00
PCG: 0 : 7.865838e-04
PCG: 1 : 5.749358e-04 / 7.309276e-01
PCG: 2 : 5.856420e-04 / 7.445386e-01
PCG: 3 : 7.105432e-04 / 9.033280e-01
PCG: 0 : 7.105431e-04
PCG: 1 : 5.743898e-04 / 8.083814e-01
PCG: 2 : 5.560800e-04 / 7.826126e-01
PCG: 3 : 7.449592e-04 / 1.048436e+00
PCG: 0 : 7.449592e-04
PCG: 1 : 5.448304e-04 / 7.313561e-01
PCG: 2 : 5.549354e-04 / 7.449206e-01
PCG: 3 : 6.729440e-04 / 9.033301e-01
PCG: 0 : 6.729439e-04
PCG: 1 : 5.443048e-04 / 8.088412e-01
PCG: 2 : 5.269321e-04 / 7.830252e-01
PCG: 3 : 7.055419e-04 / 1.048441e+00
PCG: 0 : 7.055419e-04
PCG: 1 : 5.162995e-04 / 7.317773e-01
PCG: 2 : 5.258371e-04 / 7.452954e-01
PCG: 3 : 6.373389e-04 / 9.033325e-01
PCG: 0 : 6.373389e-04
PCG: 1 : 5.157939e-04 / 8.092929e-01
PCG: 2 : 4.993104e-04 / 7.834300e-01
PCG: 3 : 6.682149e-04 / 1.048445e+00
PCG: 0 : 6.682149e-04
PCG: 1 : 4.892608e-04 / 7.321908e-01
PCG: 2 : 4.982631e-04 / 7.456630e-01
PCG: 3 : 6.036213e-04 / 9.033341e-01
PCG: 0 : 6.036213e-04
PCG: 1 : 4.887746e-04 / 8.097371e-01
PCG: 2 : 4.731349e-04 / 7.838274e-01
PCG: 3 : 6.328670e-04 / 1.048450e+00
PCG: 0 : 6.328670e-04
PCG: 1 : 4.636365e-04 / 7.325970e-01
PCG: 2 : 4.721336e-04 / 7.460234e-01
PCG: 3 : 5.716915e-04 / 9.033359e-01
PCG: 0 : 5.716915e-04
PCG: 1 : 4.631691e-04 / 8.101731e-01
PCG: 2 : 4.483303e-04 / 7.842172e-01
PCG: 3 : 5.993929e-04 / 1.048455e+00
PCG: 0 : 5.993929e-04
PCG: 1 : 4.393525e-04 / 7.329958e-01
PCG: 2 : 4.473728e-04 / 7.463766e-01
PCG: 3 : 5.414542e-04 / 9.033377e-01
PCG: 0 : 5.414541e-04
PCG: 1 : 4.389035e-04 / 8.106015e-01
PCG: 2 : 4.248246e-04 / 7.845994e-01
PCG: 3 : 5.676933e-04 / 1.048460e+00
PCG: 0 : 5.676933e-04
PCG: 1 : 4.163391e-04 / 7.333875e-01
PCG: 2 : 4.239097e-04 / 7.467231e-01
PCG: 3 : 5.128199e-04 / 9.033398e-01
PCG: 0 : 5.128199e-04
PCG: 1 : 4.159078e-04 / 8.110211e-01
PCG: 2 : 4.025499e-04 / 7.849732e-01
PCG: 3 : 5.376733e-04 / 1.048464e+00
PCG: 0 : 5.376733e-04
PCG: 1 : 3.945295e-04 / 7.337718e-01
PCG: 2 : 4.016756e-04 / 7.470626e-01
PCG: 3 : 4.857030e-04 / 9.033422e-01
PCG: 0 : 4.857030e-04
PCG: 1 : 3.941155e-04 / 8.114330e-01
PCG: 2 : 3.814418e-04 / 7.853396e-01
PCG: 3 : 5.092443e-04 / 1.048468e+00
PCG: 0 : 5.092443e-04
PCG: 1 : 3.738610e-04 / 7.341487e-01
PCG: 2 : 3.806067e-04 / 7.473951e-01
PCG: 3 : 4.600230e-04 / 9.033445e-01
PCG: 0 : 4.600230e-04
PCG: 1 : 3.734638e-04 / 8.118373e-01
PCG: 2 : 3.614396e-04 / 7.856989e-01
PCG: 3 : 4.823217e-04 / 1.048473e+00
PCG: 0 : 4.823217e-04
PCG: 1 : 3.542741e-04 / 7.345182e-01
PCG: 2 : 3.606418e-04 / 7.477204e-01
PCG: 3 : 4.357037e-04 / 9.033465e-01
PCG: 0 : 4.357036e-04
PCG: 1 : 3.538931e-04 / 8.122335e-01
PCG: 2 : 3.424851e-04 / 7.860506e-01
PCG: 3 : 4.568256e-04 / 1.048478e+00
PCG: 0 : 4.568256e-04
PCG: 1 : 3.357121e-04 / 7.348803e-01
PCG: 2 : 3.417232e-04 / 7.480388e-01
PCG: 3 : 4.126726e-04 / 9.033482e-01
PCG: 0 : 4.126725e-04
PCG: 1 : 3.353467e-04 / 8.126218e-01
PCG: 2 : 3.245235e-04 / 7.863948e-01
PCG: 3 : 4.326799e-04 / 1.048482e+00
PCG: 0 : 4.326798e-04
PCG: 1 : 3.181215e-04 / 7.352353e-01
PCG: 2 : 3.237961e-04 / 7.483503e-01
PCG: 3 : 3.908615e-04 / 9.033505e-01
PCG: 0 : 3.908615e-04
PCG: 1 : 3.177713e-04 / 8.130022e-01
PCG: 2 : 3.075032e-04 / 7.867318e-01
PCG: 3 : 4.098131e-04 / 1.048487e+00
PCG: 0 : 4.098131e-04
PCG: 1 : 3.014515e-04 / 7.355828e-01
PCG: 2 : 3.068087e-04 / 7.486550e-01
PCG: 3 : 3.702055e-04 / 9.033519e-01
PCG: 0 : 3.702055e-04
PCG: 1 : 3.011159e-04 / 8.133751e-01
PCG: 2 : 2.913744e-04 / 7.870614e-01
PCG: 3 : 3.881573e-04 / 1.048491e+00
PCG: 0 : 3.881572e-04
PCG: 1 : 2.856541e-04 / 7.359236e-01
PCG: 2 : 2.907117e-04 / 7.489535e-01
PCG: 3 : 3.506435e-04 / 9.033543e-01
PCG: 0 : 3.506435e-04
PCG: 1 : 2.853326e-04 / 8.137398e-01
PCG: 2 : 2.760908e-04 / 7.873831e-01
PCG: 3 : 3.676481e-04 / 1.048495e+00
PCG: 0 : 3.676481e-04
PCG: 1 : 2.706834e-04 / 7.362570e-01
PCG: 2 : 2.754585e-04 / 7.492450e-01
PCG: 3 : 3.321172e-04 / 9.033564e-01
PCG: 0 : 3.321172e-04
PCG: 1 : 2.703757e-04 / 8.140972e-01
PCG: 2 : 2.616081e-04 / 7.876983e-01
PCG: 3 : 3.482247e-04 / 1.048499e+00
PCG: 0 : 3.482247e-04
PCG: 1 : 2.564966e-04 / 7.365835e-01
PCG: 2 : 2.610048e-04 / 7.495299e-01
PCG: 3 : 3.145718e-04 / 9.033586e-01
PCG: 0 : 3.145717e-04
PCG: 1 : 2.562019e-04 / 8.144465e-01
PCG: 2 : 2.478845e-04 / 7.880062e-01
PCG: 3 : 3.298296e-04 / 1.048504e+00
PCG: 0 : 3.298296e-04
PCG: 1 : 2.430523e-04 / 7.369027e-01
PCG: 2 : 2.473089e-04 / 7.498081e-01
PCG: 3 : 2.979550e-04 / 9.033605e-01
PCG: 0 : 2.979550e-04
PCG: 1 : 2.427703e-04 / 8.147885e-01
PCG: 2 : 2.348801e-04 / 7.883074e-01
PCG: 3 : 3.124083e-04 / 1.048508e+00
PCG: 0 : 3.124083e-04
PCG: 1 : 2.303120e-04 / 7.372147e-01
PCG: 2 : 2.343311e-04 / 7.500795e-01
PCG: 3 : 2.822177e-04 / 9.033614e-01
PCG: 0 : 2.822177e-04
PCG: 1 : 2.300422e-04 / 8.151233e-01
PCG: 2 : 2.225574e-04 / 7.886019e-01
PCG: 3 : 2.959090e-04 / 1.048513e+00
PCG: 0 : 2.959090e-04
PCG: 1 : 2.182388e-04 / 7.375200e-01
PCG: 2 : 2.220338e-04 / 7.503449e-01
PCG: 3 : 2.673132e-04 / 9.033630e-01
PCG: 0 : 2.673132e-04
PCG: 1 : 2.179807e-04 / 8.154505e-01
PCG: 2 : 2.108804e-04 / 7.888888e-01
PCG: 3 : 2.802827e-04 / 1.048518e+00
PCG: 0 : 2.802827e-04
PCG: 1 : 2.067977e-04 / 7.378182e-01
PCG: 2 : 2.103813e-04 / 7.506041e-01
PCG: 3 : 2.531974e-04 / 9.033645e-01
PCG: 0 : 2.531974e-04
PCG: 1 : 2.065509e-04 / 8.157703e-01
PCG: 2 : 1.998156e-04 / 7.891692e-01
PCG: 3 : 2.654830e-04 / 1.048522e+00
PCG: 0 : 2.654830e-04
PCG: 1 : 1.959557e-04 / 7.381099e-01
PCG: 2 : 1.993398e-04 / 7.508569e-01
PCG: 3 : 2.398284e-04 / 9.033661e-01
PCG: 0 : 2.398284e-04
PCG: 1 : 1.957198e-04 / 8.160827e-01
PCG: 2 : 1.893309e-04 / 7.894431e-01
PCG: 3 : 2.514665e-04 / 1.048527e+00
PCG: 0 : 2.514665e-04
PCG: 1 : 1.856816e-04 / 7.383948e-01
PCG: 2 : 1.888774e-04 / 7.511034e-01
PCG: 3 : 2.271667e-04 / 9.033676e-01
PCG: 0 : 2.271667e-04
PCG: 1 : 1.854561e-04 / 8.163878e-01
PCG: 2 : 1.793959e-04 / 7.897101e-01
PCG: 3 : 2.381914e-04 / 1.048531e+00
PCG: 0 : 2.381914e-04
PCG: 1 : 1.759455e-04 / 7.386730e-01
PCG: 2 : 1.789636e-04 / 7.513438e-01
PCG: 3 : 2.151746e-04 / 9.033688e-01
PCG: 0 : 2.151746e-04
PCG: 1 : 1.757301e-04 / 8.166861e-01
PCG: 2 : 1.699818e-04 / 7.899711e-01
PCG: 3 : 2.256183e-04 / 1.048536e+00
PCG: 0 : 2.256183e-04
PCG: 1 : 1.667194e-04 / 7.389445e-01
PCG: 2 : 1.695698e-04 / 7.515780e-01
PCG: 3 : 2.038167e-04 / 9.033695e-01
PCG: 0 : 2.038167e-04
PCG: 1 : 1.665137e-04 / 8.169773e-01
PCG: 2 : 1.610612e-04 / 7.902256e-01
PCG: 3 : 2.137102e-04 / 1.048541e+00
PCG: 0 : 2.137102e-04
PCG: 1 : 1.579767e-04 / 7.392099e-01
PCG: 2 : 1.606688e-04 / 7.518069e-01
PCG: 3 : 1.930595e-04 / 9.033710e-01
PCG: 0 : 1.930595e-04
PCG: 1 : 1.577801e-04 / 8.172612e-01
PCG: 2 : 1.526084e-04 / 7.904732e-01
PCG: 3 : 2.024316e-04 / 1.048545e+00
PCG: 0 : 2.024316e-04
PCG: 1 : 1.496918e-04 / 7.394686e-01
PCG: 2 : 1.522346e-04 / 7.520299e-01
PCG: 3 : 1.828711e-04 / 9.033726e-01
PCG: 0 : 1.828711e-04
PCG: 1 : 1.495042e-04 / 8.175386e-01
PCG: 2 : 1.445989e-04 / 7.907147e-01
PCG: 3 : 1.917494e-04 / 1.048549e+00
PCG: 0 : 1.917494e-04
PCG: 1 : 1.418410e-04 / 7.397209e-01
PCG: 2 : 1.442429e-04 / 7.522469e-01
PCG: 3 : 1.732212e-04 / 9.033732e-01
PCG: 0 : 1.732212e-04
PCG: 1 : 1.416619e-04 / 8.178091e-01
PCG: 2 : 1.370094e-04 / 7.909502e-01
PCG: 3 : 1.816318e-04 / 1.048554e+00
PCG: 0 : 1.816318e-04
PCG: 1 : 1.344016e-04 / 7.399673e-01
PCG: 2 : 1.366704e-04 / 7.524585e-01
PCG: 3 : 1.640816e-04 / 9.033747e-01
PCG: 0 : 1.640816e-04
PCG: 1 : 1.342306e-04 / 8.180724e-01
PCG: 2 : 1.298179e-04 / 7.911794e-01
PCG: 3 : 1.720489e-04 / 1.048557e+00
PCG: 0 : 1.720489e-04
PCG: 1 : 1.273519e-04 / 7.402077e-01
PCG: 2 : 1.294952e-04 / 7.526649e-01
PCG: 3 : 1.554250e-04 / 9.033769e-01
PCG: 0 : 1.554250e-04
PCG: 1 : 1.271888e-04 / 8.183290e-01
PCG: 2 : 1.230037e-04 / 7.914022e-01
PCG: 3 : 1.629724e-04 / 1.048560e+00
PCG: 0 : 1.629724e-04
PCG: 1 : 1.206716e-04 / 7.404420e-01
PCG: 2 : 1.226964e-04 / 7.528657e-01
PCG: 3 : 1.472258e-04 / 9.033787e-01
PCG: 0 : 1.472258e-04
PCG: 1 : 1.205160e-04 / 8.185797e-01
PCG: 2 : 1.165468e-04 / 7.916196e-01
PCG: 3 : 1.543756e-04 / 1.048564e+00
PCG: 0 : 1.543756e-04
PCG: 1 : 1.143414e-04 / 7.406703e-01
PCG: 2 : 1.162543e-04 / 7.530612e-01
PCG: 3 : 1.394599e-04 / 9.033805e-01
PCG: 0 : 1.394599e-04
PCG: 1 : 1.141931e-04 / 8.188235e-01
PCG: 2 : 1.104287e-04 / 7.918308e-01
PCG: 3 : 1.462331e-04 / 1.048567e+00
PCG: 0 : 1.462331e-04
PCG: 1 : 1.083430e-04 / 7.408924e-01
PCG: 2 : 1.101502e-04 / 7.532510e-01
PCG: 3 : 1.321043e-04 / 9.033815e-01
PCG: 0 : 1.321043e-04
PCG: 1 : 1.082015e-04 / 8.190614e-01
PCG: 2 : 1.046315e-04 / 7.920368e-01
PCG: 3 : 1.385207e-04 / 1.048571e+00
PCG: 0 : 1.385207e-04
PCG: 1 : 1.026589e-04 / 7.411088e-01
PCG: 2 : 1.043665e-04 / 7.534358e-01
PCG: 3 : 1.251372e-04 / 9.033827e-01
PCG: 0 : 1.251372e-04
PCG: 1 : 1.025241e-04 / 8.192930e-01
PCG: 2 : 9.913841e-05 / 7.922374e-01
PCG: 3 : 1.312158e-04 / 1.048575e+00
PCG: 0 : 1.312158e-04
PCG: 1 : 9.727287e-05 / 7.413198e-01
PCG: 2 : 9.888624e-05 / 7.536154e-01
PCG: 3 : 1.185382e-04 / 9.033840e-01
PCG: 0 : 1.185382e-04
PCG: 1 : 9.714423e-05 / 8.195181e-01
PCG: 2 : 9.393352e-05 / 7.924322e-01
PCG: 3 : 1.242967e-04 / 1.048579e+00
PCG: 0 : 1.242967e-04
PCG: 1 : 9.216906e-05 / 7.415249e-01
PCG: 2 : 9.369355e-05 / 7.537898e-01
PCG: 3 : 1.122878e-04 / 9.033852e-01
PCG: 0 : 1.122877e-04
PCG: 1 : 9.204644e-05 / 8.197373e-01
PCG: 2 : 8.900170e-05 / 7.926217e-01
PCG: 3 : 1.177429e-04 / 1.048582e+00
PCG: 0 : 1.177429e-04
PCG: 1 : 8.733282e-05 / 7.417248e-01
PCG: 2 : 8.877340e-05 / 7.539597e-01
PCG: 3 : 1.063674e-04 / 9.033867e-01
PCG: 0 : 1.063674e-04
PCG: 1 : 8.721597e-05 / 8.199506e-01
PCG: 2 : 8.432864e-05 / 7.928057e-01
PCG: 3 : 1.115352e-04 / 1.048585e+00
PCG: 0 : 1.115352e-04
PCG: 1 : 8.275012e-05 / 7.419192e-01
PCG: 2 : 8.411146e-05 / 7.541246e-01
PCG: 3 : 1.007596e-04 / 9.033881e-01
PCG: 0 : 1.007596e-04
PCG: 1 : 8.263878e-05 / 8.201578e-01
PCG: 2 : 7.990081e-05 / 7.929846e-01
PCG: 3 : 1.056553e-04 / 1.048588e+00
PCG: 0 : 1.056553e-04
PCG: 1 : 7.840771e-05 / 7.421084e-01
PCG: 2 : 7.969421e-05 / 7.542849e-01
PCG: 3 : 9.544794e-05 / 9.033898e-01
PCG: 0 : 9.544794e-05
PCG: 1 : 7.830159e-05 / 8.203591e-01
PCG: 2 : 7.570533e-05 / 7.931583e-01
PCG: 3 : 1.000858e-04 / 1.048591e+00
PCG: 0 : 1.000858e-04
PCG: 1 : 7.429294e-05 / 7.422922e-01
PCG: 2 : 7.550880e-05 / 7.544404e-01
PCG: 3 : 9.041666e-05 / 9.033911e-01
PCG: 0 : 9.041665e-05
PCG: 1 : 7.419186e-05 / 8.205553e-01
PCG: 2 : 7.172999e-05 / 7.933272e-01
PCG: 3 : 9.481041e-05 / 1.048594e+00
PCG: 0 : 9.481041e-05
PCG: 1 : 7.039394e-05 / 7.424706e-01
PCG: 2 : 7.154309e-05 / 7.545911e-01
PCG: 3 : 8.565096e-05 / 9.033920e-01
PCG: 0 : 8.565096e-05
PCG: 1 : 7.029768e-05 / 8.207459e-01
PCG: 2 : 6.796327e-05 / 7.934911e-01
PCG: 3 : 8.981341e-05 / 1.048598e+00
PCG: 0 : 8.981341e-05
PCG: 1 : 6.669940e-05 / 7.426441e-01
PCG: 2 : 6.778554e-05 / 7.547374e-01
PCG: 3 : 8.113682e-05 / 9.033932e-01
PCG: 0 : 8.113682e-05
PCG: 1 : 6.660772e-05 / 8.209309e-01
PCG: 2 : 6.439425e-05 / 7.936502e-01
PCG: 3 : 8.508014e-05 / 1.048601e+00
PCG: 0 : 8.508014e-05
PCG: 1 : 6.319861e-05 / 7.428128e-01
PCG: 2 : 6.422524e-05 / 7.548794e-01
PCG: 3 : 7.686090e-05 / 9.033942e-01
PCG: 0 : 7.686090e-05
PCG: 1 : 6.311129e-05 / 8.211105e-01
PCG: 2 : 6.101253e-05 / 7.938046e-01
PCG: 3 : 8.059666e-05 / 1.048604e+00
PCG: 0 : 8.059666e-05
PCG: 1 : 5.988142e-05 / 7.429765e-01
PCG: 2 : 6.085185e-05 / 7.550170e-01
PCG: 3 : 7.281065e-05 / 9.033954e-01
PCG: 0 : 7.281065e-05
PCG: 1 : 5.979829e-05 / 8.212851e-01
PCG: 2 : 5.780832e-05 / 7.939543e-01
PCG: 3 : 7.634973e-05 / 1.048607e+00
PCG: 0 : 7.634973e-05
PCG: 1 : 5.673819e-05 / 7.431355e-01
PCG: 2 : 5.765555e-05 / 7.551507e-01
PCG: 3 : 6.897411e-05 / 9.033968e-01
PCG: 0 : 6.897410e-05
PCG: 1 : 5.665906e-05 / 8.214542e-01
PCG: 2 : 5.477228e-05 / 7.940993e-01
PCG: 3 : 7.232690e-05 / 1.048609e+00
PCG: 0 : 7.232690e-05
PCG: 1 : 5.375984e-05 / 7.432898e-01
PCG: 2 : 5.462704e-05 / 7.552798e-01
PCG: 3 : 6.533997e-05 / 9.033979e-01
PCG: 0 : 6.533997e-05
PCG: 1 : 5.368451e-05 / 8.216183e-01
PCG: 2 : 5.189563e-05 / 7.942401e-01
PCG: 3 : 6.851632e-05 / 1.048613e+00
PCG: 0 : 6.851632e-05
PCG: 1 : 5.093772e-05 / 7.434393e-01
PCG: 2 : 5.175756e-05 / 7.554048e-01
PCG: 3 : 6.189755e-05 / 9.033986e-01
PCG: 0 : 6.189755e-05
PCG: 1 : 5.086602e-05 / 8.217775e-01
PCG: 2 : 4.916996e-05 / 7.943764e-01
PCG: 3 : 6.490673e-05 / 1.048615e+00
PCG: 0 : 6.490672e-05
PCG: 1 : 4.826363e-05 / 7.435845e-01
PCG: 2 : 4.903871e-05 / 7.555259e-01
PCG: 3 : 5.863672e-05 / 9.033999e-01
PCG: 0 : 5.863672e-05
PCG: 1 : 4.819539e-05 / 8.219318e-01
PCG: 2 : 4.658738e-05 / 7.945085e-01
PCG: 3 : 6.148756e-05 / 1.048619e+00
PCG: 0 : 6.148756e-05
PCG: 1 : 4.572983e-05 / 7.437248e-01
PCG: 2 : 4.646265e-05 / 7.556431e-01
PCG: 3 : 5.554788e-05 / 9.034003e-01
PCG: 0 : 5.554788e-05
PCG: 1 : 4.566488e-05 / 8.220814e-01
PCG: 2 : 4.414036e-05 / 7.946364e-01
PCG: 3 : 5.824869e-05 / 1.048621e+00
PCG: 0 : 5.824870e-05
PCG: 1 : 4.332893e-05 / 7.438610e-01
PCG: 2 : 4.402184e-05 / 7.557566e-01
PCG: 3 : 5.262196e-05 / 9.034015e-01
PCG: 0 : 5.262196e-05
PCG: 1 : 4.326715e-05 / 8.222261e-01
PCG: 2 : 4.182182e-05 / 7.947598e-01
PCG: 3 : 5.518064e-05 / 1.048624e+00
PCG: 0 : 5.518064e-05
PCG: 1 : 4.105403e-05 / 7.439933e-01
PCG: 2 : 4.170920e-05 / 7.558665e-01
PCG: 3 : 4.985034e-05 / 9.034027e-01
PCG: 0 : 4.985034e-05
PCG: 1 : 4.099524e-05 / 8.223662e-01
PCG: 2 : 3.962500e-05 / 7.948793e-01
PCG: 3 : 5.227437e-05 / 1.048626e+00
PCG: 0 : 5.227437e-05
PCG: 1 : 3.889846e-05 / 7.441210e-01
PCG: 2 : 3.951799e-05 / 7.559726e-01
PCG: 3 : 4.722487e-05 / 9.034040e-01
PCG: 0 : 4.722487e-05
PCG: 1 : 3.884255e-05 / 8.225021e-01
PCG: 2 : 3.754353e-05 / 7.949950e-01
PCG: 3 : 4.952135e-05 / 1.048629e+00
PCG: 0 : 4.952135e-05
PCG: 1 : 3.685600e-05 / 7.442445e-01
PCG: 2 : 3.744185e-05 / 7.560748e-01
PCG: 3 : 4.473780e-05 / 9.034043e-01
PCG: 0 : 4.473780e-05
PCG: 1 : 3.680282e-05 / 8.226337e-01
PCG: 2 : 3.557134e-05 / 7.951071e-01
PCG: 3 : 4.691350e-05 / 1.048632e+00
PCG: 0 : 4.691350e-05
PCG: 1 : 3.492071e-05 / 7.443638e-01
PCG: 2 : 3.547474e-05 / 7.561733e-01
PCG: 3 : 4.238187e-05 / 9.034046e-01
PCG: 0 : 4.238187e-05
PCG: 1 : 3.487014e-05 / 8.227608e-01
PCG: 2 : 3.370270e-05 / 7.952151e-01
PCG: 3 : 4.444312e-05 / 1.048635e+00
PCG: 0 : 4.444311e-05
PCG: 1 : 3.308698e-05 / 7.444794e-01
PCG: 2 : 3.361093e-05 / 7.562686e-01
PCG: 3 : 4.015014e-05 / 9.034052e-01
PCG: 0 : 4.015014e-05
PCG: 1 : 3.303889e-05 / 8.228836e-01
PCG: 2 : 3.193219e-05 / 7.953195e-01
PCG: 3 : 4.210296e-05 / 1.048638e+00
PCG: 0 : 4.210296e-05
PCG: 1 : 3.134949e-05 / 7.445912e-01
PCG: 2 : 3.184503e-05 / 7.563608e-01
PCG: 3 : 3.803607e-05 / 9.034062e-01
PCG: 0 : 3.803607e-05
PCG: 1 : 3.130376e-05 / 8.230020e-01
PCG: 2 : 3.025464e-05 / 7.954198e-01
PCG: 3 : 3.988614e-05 / 1.048640e+00
PCG: 0 : 3.988614e-05
PCG: 1 : 2.970318e-05 / 7.446994e-01
PCG: 2 : 3.017186e-05 / 7.564496e-01
PCG: 3 : 3.603342e-05 / 9.034072e-01
PCG: 0 : 3.603342e-05
PCG: 1 : 2.965971e-05 / 8.231167e-01
PCG: 2 : 2.866520e-05 / 7.955171e-01
PCG: 3 : 3.778618e-05 / 1.048643e+00
PCG: 0 : 3.778618e-05
PCG: 1 : 2.814327e-05 / 7.448033e-01
PCG: 2 : 2.858656e-05 / 7.565348e-01
PCG: 3 : 3.413631e-05 / 9.034074e-01
PCG: 0 : 3.413631e-05
PCG: 1 : 2.810194e-05 / 8.232272e-01
PCG: 2 : 2.715922e-05 / 7.956107e-01
PCG: 3 : 3.579688e-05 / 1.048645e+00
PCG: 0 : 3.579688e-05
PCG: 1 : 2.666523e-05 / 7.449037e-01
PCG: 2 : 2.708452e-05 / 7.566168e-01
PCG: 3 : 3.233918e-05 / 9.034078e-01
PCG: 0 : 3.233918e-05
PCG: 1 : 2.662594e-05 / 8.233338e-01
PCG: 2 : 2.573232e-05 / 7.957011e-01
PCG: 3 : 3.391242e-05 / 1.048648e+00
PCG: 0 : 3.391242e-05
PCG: 1 : 2.526478e-05 / 7.450006e-01
PCG: 2 : 2.566138e-05 / 7.566956e-01
PCG: 3 : 3.063675e-05 / 9.034079e-01
PCG: 0 : 3.063675e-05
PCG: 1 : 2.522743e-05 / 8.234369e-01
PCG: 2 : 2.438036e-05 / 7.957883e-01
PCG: 3 : 3.212726e-05 / 1.048651e+00
PCG: 0 : 3.212726e-05
PCG: 1 : 2.393784e-05 / 7.450943e-01
PCG: 2 : 2.431300e-05 / 7.567717e-01
PCG: 3 : 2.902404e-05 / 9.034086e-01
PCG: 0 : 2.902404e-05
PCG: 1 : 2.390233e-05 / 8.235355e-01
PCG: 2 : 2.309941e-05 / 7.958717e-01
PCG: 3 : 3.043615e-05 / 1.048653e+00
PCG: 0 : 3.043615e-05
PCG: 1 : 2.268055e-05 / 7.451845e-01
PCG: 2 : 2.303544e-05 / 7.568449e-01
PCG: 3 : 2.749630e-05 / 9.034094e-01
PCG: 0 : 2.749630e-05
PCG: 1 : 2.264680e-05 / 8.236307e-01
PCG: 2 : 2.188573e-05 / 7.959518e-01
PCG: 3 : 2.883413e-05 / 1.048655e+00
PCG: 0 : 2.883413e-05
PCG: 1 : 2.148925e-05 / 7.452714e-01
PCG: 2 : 2.182499e-05 / 7.569152e-01
PCG: 3 : 2.604905e-05 / 9.034105e-01
PCG: 0 : 2.604905e-05
PCG: 1 : 2.145719e-05 / 8.237224e-01
PCG: 2 : 2.073580e-05 / 7.960289e-01
PCG: 3 : 2.731653e-05 / 1.048657e+00
PCG: 0 : 2.731653e-05
PCG: 1 : 2.036050e-05 / 7.453547e-01
PCG: 2 : 2.067813e-05 / 7.569823e-01
PCG: 3 : 2.467804e-05 / 9.034104e-01
PCG: 0 : 2.467804e-05
PCG: 1 : 2.033003e-05 / 8.238107e-01
PCG: 2 : 1.964626e-05 / 7.961031e-01
PCG: 3 : 2.587887e-05 / 1.048660e+00
PCG: 0 : 2.587887e-05
PCG: 1 : 1.929101e-05 / 7.454348e-01
PCG: 2 : 1.959152e-05 / 7.570469e-01
PCG: 3 : 2.337925e-05 / 9.034111e-01
PCG: 0 : 2.337925e-05
PCG: 1 : 1.926205e-05 / 8.238950e-01
PCG: 2 : 1.861395e-05 / 7.961738e-01
PCG: 3 : 2.451693e-05 / 1.048662e+00
PCG: 0 : 2.451693e-05
PCG: 1 : 1.827766e-05 / 7.455119e-01
PCG: 2 : 1.856198e-05 / 7.571087e-01
PCG: 3 : 2.214889e-05 / 9.034119e-01
PCG: 0 : 2.214888e-05
PCG: 1 : 1.825016e-05 / 8.239766e-01
PCG: 2 : 1.763587e-05 / 7.962419e-01
PCG: 3 : 2.322673e-05 / 1.048663e+00
PCG: 0 : 2.322673e-05
PCG: 1 : 1.731752e-05 / 7.455859e-01
PCG: 2 : 1.758653e-05 / 7.571676e-01
PCG: 3 : 2.098332e-05 / 9.034125e-01
PCG: 0 : 2.098332e-05
PCG: 1 : 1.729139e-05 / 8.240541e-01
PCG: 2 : 1.670917e-05 / 7.963072e-01
PCG: 3 : 2.200448e-05 / 1.048666e+00
PCG: 0 : 2.200448e-05
PCG: 1 : 1.640780e-05 / 7.456570e-01
PCG: 2 : 1.666232e-05 / 7.572239e-01
PCG: 3 : 1.987913e-05 / 9.034130e-01
PCG: 0 : 1.987913e-05
PCG: 1 : 1.638297e-05 / 8.241289e-01
PCG: 2 : 1.583114e-05 / 7.963699e-01
PCG: 3 : 2.084662e-05 / 1.048668e+00
PCG: 0 : 2.084662e-05
PCG: 1 : 1.554584e-05 / 7.457249e-01
PCG: 2 : 1.578667e-05 / 7.572773e-01
PCG: 3 : 1.883310e-05 / 9.034129e-01
PCG: 0 : 1.883310e-05
PCG: 1 : 1.552225e-05 / 8.242002e-01
PCG: 2 : 1.499924e-05 / 7.964296e-01
PCG: 3 : 1.974972e-05 / 1.048671e+00
PCG: 0 : 1.974972e-05
PCG: 1 : 1.472914e-05 / 7.457899e-01
PCG: 2 : 1.495702e-05 / 7.573285e-01
PCG: 3 : 1.784216e-05 / 9.034132e-01
PCG: 0 : 1.784216e-05
PCG: 1 : 1.470673e-05 / 8.242685e-01
PCG: 2 : 1.421104e-05 / 7.964868e-01
PCG: 3 : 1.871059e-05 / 1.048673e+00
PCG: 0 : 1.871059e-05
PCG: 1 : 1.395533e-05 / 7.458520e-01
PCG: 2 : 1.417096e-05 / 7.573768e-01
PCG: 3 : 1.690339e-05 / 9.034132e-01
PCG: 0 : 1.690339e-05
PCG: 1 : 1.393404e-05 / 8.243340e-01
PCG: 2 : 1.346424e-05 / 7.965410e-01
PCG: 3 : 1.772617e-05 / 1.048675e+00
PCG: 0 : 1.772617e-05
PCG: 1 : 1.322215e-05 / 7.459111e-01
PCG: 2 : 1.342621e-05 / 7.574232e-01
PCG: 3 : 1.601406e-05 / 9.034132e-01
PCG: 0 : 1.601406e-05
PCG: 1 : 1.320193e-05 / 8.243962e-01
PCG: 2 : 1.275668e-05 / 7.965925e-01
PCG: 3 : 1.679358e-05 / 1.048677e+00
PCG: 0 : 1.679358e-05
PCG: 1 : 1.252747e-05 / 7.459677e-01
PCG: 2 : 1.272058e-05 / 7.574671e-01
PCG: 3 : 1.517155e-05 / 9.034136e-01
PCG: 0 : 1.517155e-05
PCG: 1 : 1.250827e-05 / 8.244556e-01
PCG: 2 : 1.208629e-05 / 7.966417e-01
PCG: 3 : 1.591009e-05 / 1.048680e+00
PCG: 0 : 1.591009e-05
PCG: 1 : 1.186927e-05 / 7.460214e-01
PCG: 2 : 1.205203e-05 / 7.575085e-01
PCG: 3 : 1.437340e-05 / 9.034138e-01
PCG: 0 : 1.437340e-05
PCG: 1 : 1.185104e-05 / 8.245122e-01
PCG: 2 : 1.145112e-05 / 7.966885e-01
PCG: 3 : 1.507313e-05 / 1.048682e+00
PCG: 0 : 1.507313e-05
PCG: 1 : 1.124565e-05 / 7.460726e-01
PCG: 2 : 1.141861e-05 / 7.575476e-01
PCG: 3 : 1.361726e-05 / 9.034134e-01
PCG: 0 : 1.361726e-05
PCG: 1 : 1.122833e-05 / 8.245658e-01
PCG: 2 : 1.084932e-05 / 7.967324e-01
PCG: 3 : 1.428021e-05 / 1.048684e+00
PCG: 0 : 1.428021e-05
PCG: 1 : 1.065477e-05 / 7.461212e-01
PCG: 2 : 1.081847e-05 / 7.575850e-01
PCG: 3 : 1.290095e-05 / 9.034142e-01
PCG: 0 : 1.290095e-05
PCG: 1 : 1.063834e-05 / 8.246167e-01
PCG: 2 : 1.027914e-05 / 7.967739e-01
PCG: 3 : 1.352904e-05 / 1.048686e+00
PCG: 0 : 1.352904e-05
PCG: 1 : 1.009493e-05 / 7.461674e-01
PCG: 2 : 1.024987e-05 / 7.576199e-01
PCG: 3 : 1.222233e-05 / 9.034147e-01
PCG: 0 : 1.222233e-05
PCG: 1 : 1.007932e-05 / 8.246645e-01
PCG: 2 : 9.738909e-06 / 7.968128e-01
PCG: 3 : 1.281741e-05 / 1.048688e+00
PCG: 0 : 1.281740e-05
PCG: 1 : 9.564485e-06 / 7.462108e-01
PCG: 2 : 9.711140e-06 / 7.576526e-01
PCG: 3 : 1.157943e-05 / 9.034147e-01
PCG: 0 : 1.157943e-05
PCG: 1 : 9.549675e-06 / 8.247102e-01
PCG: 2 : 9.227068e-06 / 7.968499e-01
PCG: 3 : 1.214323e-05 / 1.048690e+00
PCG: 0 : 1.214323e-05
PCG: 1 : 9.061911e-06 / 7.462519e-01
PCG: 2 : 9.200722e-06 / 7.576832e-01
PCG: 3 : 1.097038e-05 / 9.034147e-01
PCG: 0 : 1.097037e-05
PCG: 1 : 9.047852e-06 / 8.247532e-01
PCG: 2 : 8.742122e-06 / 7.968846e-01
PCG: 3 : 1.150454e-05 / 1.048692e+00
PCG: 0 : 1.150454e-05
PCG: 1 : 8.585733e-06 / 7.462906e-01
PCG: 2 : 8.717127e-06 / 7.577117e-01
PCG: 3 : 1.039337e-05 / 9.034147e-01
PCG: 0 : 1.039337e-05
PCG: 1 : 8.572388e-06 / 8.247935e-01
PCG: 2 : 8.282655e-06 / 7.969169e-01
PCG: 3 : 1.089947e-05 / 1.048694e+00
PCG: 0 : 1.089947e-05
PCG: 1 : 8.134568e-06 / 7.463270e-01
PCG: 2 : 8.258942e-06 / 7.577381e-01
PCG: 3 : 9.846741e-06 / 9.034148e-01
PCG: 0 : 9.846740e-06
PCG: 1 : 8.121900e-06 / 8.248313e-01
PCG: 2 : 7.847332e-06 / 7.969472e-01
PCG: 3 : 1.032624e-05 / 1.048696e+00
PCG: 0 : 1.032624e-05
PCG: 1 : 7.707102e-06 / 7.463610e-01
PCG: 2 : 7.824836e-06 / 7.577624e-01
PCG: 3 : 9.328875e-06 / 9.034146e-01
PCG: 0 : 9.328875e-06
PCG: 1 : 7.695077e-06 / 8.248665e-01
PCG: 2 : 7.434882e-06 / 7.969752e-01
PCG: 3 : 9.783173e-06 / 1.048698e+00
PCG: 0 : 9.783173e-06
PCG: 1 : 7.302091e-06 / 7.463929e-01
PCG: 2 : 7.413542e-06 / 7.577850e-01
PCG: 3 : 8.838265e-06 / 9.034149e-01
PCG: 0 : 8.838265e-06
PCG: 1 : 7.290677e-06 / 8.248991e-01
PCG: 2 : 7.044105e-06 / 7.970009e-01
PCG: 3 : 9.268684e-06 / 1.048699e+00
PCG: 0 : 9.268683e-06
PCG: 1 : 6.918354e-06 / 7.464225e-01
PCG: 2 : 7.023861e-06 / 7.578057e-01
PCG: 3 : 8.373471e-06 / 9.034154e-01
PCG: 0 : 8.373471e-06
PCG: 1 : 6.907524e-06 / 8.249296e-01
PCG: 2 : 6.673864e-06 / 7.970248e-01
PCG: 3 : 8.781271e-06 / 1.048701e+00
PCG: 0 : 8.781271e-06
PCG: 1 : 6.554780e-06 / 7.464499e-01
PCG: 2 : 6.654660e-06 / 7.578242e-01
PCG: 3 : 7.933134e-06 / 9.034152e-01
PCG: 0 : 7.933134e-06
PCG: 1 : 6.544499e-06 / 8.249576e-01
PCG: 2 : 6.323078e-06 / 7.970467e-01
PCG: 3 : 8.319504e-06 / 1.048703e+00
PCG: 0 : 8.319504e-06
PCG: 1 : 6.210304e-06 / 7.464753e-01
PCG: 2 : 6.304861e-06 / 7.578409e-01
PCG: 3 : 7.515970e-06 / 9.034157e-01
PCG: 0 : 7.515970e-06
PCG: 1 : 6.200547e-06 / 8.249830e-01
PCG: 2 : 5.990724e-06 / 7.970660e-01
PCG: 3 : 7.882031e-06 / 1.048705e+00
PCG: 0 : 7.882031e-06
PCG: 1 : 5.883924e-06 / 7.464985e-01
PCG: 2 : 5.973447e-06 / 7.578563e-01
PCG: 3 : 7.120753e-06 / 9.034160e-01
PCG: 0 : 7.120753e-06
PCG: 1 : 5.874669e-06 / 8.250066e-01
PCG: 2 : 5.675836e-06 / 7.970837e-01
PCG: 3 : 7.467578e-06 / 1.048706e+00
PCG: 0 : 7.467578e-06
PCG: 1 : 5.574692e-06 / 7.465195e-01
PCG: 2 : 5.659449e-06 / 7.578695e-01
PCG: 3 : 6.746330e-06 / 9.034162e-01
PCG: 0 : 6.746330e-06
PCG: 1 : 5.565910e-06 / 8.250278e-01
PCG: 2 : 5.377496e-06 / 7.970995e-01
PCG: 3 : 7.074931e-06 / 1.048708e+00
PCG: 0 : 7.074930e-06
PCG: 1 : 5.281707e-06 / 7.465384e-01
PCG: 2 : 5.361954e-06 / 7.578808e-01
PCG: 3 : 6.391606e-06 / 9.034161e-01
PCG: 0 : 6.391606e-06
PCG: 1 : 5.273374e-06 / 8.250468e-01
PCG: 2 : 5.094834e-06 / 7.971132e-01
PCG: 3 : 6.702940e-06 / 1.048710e+00
PCG: 0 : 6.702940e-06
PCG: 1 : 5.004115e-06 / 7.465553e-01
PCG: 2 : 5.080094e-06 / 7.578904e-01
PCG: 3 : 6.055544e-06 / 9.034162e-01
PCG: 0 : 6.055544e-06
PCG: 1 : 4.996210e-06 / 8.250638e-01
PCG: 2 : 4.827026e-06 / 7.971250e-01
PCG: 3 : 6.350519e-06 / 1.048712e+00
PCG: 0 : 6.350519e-06
PCG: 1 : 4.741109e-06 / 7.465703e-01
PCG: 2 : 4.813048e-06 / 7.578984e-01
PCG: 3 : 5.737162e-06 / 9.034163e-01
PCG: 0 : 5.737162e-06
PCG: 1 : 4.733608e-06 / 8.250784e-01
PCG: 2 : 4.573293e-06 / 7.971351e-01
PCG: 3 : 6.016637e-06 / 1.048713e+00
PCG: 0 : 6.016637e-06
PCG: 1 : 4.491922e-06 / 7.465835e-01
PCG: 2 : 4.560037e-06 / 7.579046e-01
PCG: 3 : 5.435528e-06 / 9.034164e-01
PCG: 0 : 5.435528e-06
PCG: 1 : 4.484806e-06 / 8.250911e-01
PCG: 2 : 4.332896e-06 / 7.971436e-01
PCG: 3 : 5.700319e-06 / 1.048715e+00
PCG: 0 : 5.700319e-06
PCG: 1 : 4.255828e-06 / 7.465947e-01
PCG: 2 : 4.320324e-06 / 7.579091e-01
PCG: 3 : 5.149762e-06 / 9.034163e-01
PCG: 0 : 5.149762e-06
PCG: 1 : 4.249076e-06 / 8.251015e-01
PCG: 2 : 4.105132e-06 / 7.971499e-01
PCG: 3 : 5.400639e-06 / 1.048716e+00
PCG: 0 : 5.400639e-06
PCG: 1 : 4.032138e-06 / 7.466040e-01
PCG: 2 : 4.093209e-06 / 7.579120e-01
PCG: 3 : 4.879028e-06 / 9.034169e-01
PCG: 0 : 4.879028e-06
PCG: 1 : 4.025733e-06 / 8.251097e-01
PCG: 2 : 3.889339e-06 / 7.971544e-01
PCG: 3 : 5.116722e-06 / 1.048717e+00
PCG: 0 : 5.116722e-06
PCG: 1 : 3.820205e-06 / 7.466119e-01
PCG: 2 : 3.878033e-06 / 7.579135e-01
PCG: 3 : 4.622535e-06 / 9.034174e-01
PCG: 0 : 4.622535e-06
PCG: 1 : 3.814127e-06 / 8.251159e-01
PCG: 2 : 3.684888e-06 / 7.971573e-01
PCG: 3 : 4.847739e-06 / 1.048719e+00
PCG: 0 : 4.847739e-06
PCG: 1 : 3.619407e-06 / 7.466176e-01
PCG: 2 : 3.674164e-06 / 7.579129e-01
PCG: 3 : 4.379532e-06 / 9.034175e-01
PCG: 0 : 4.379532e-06
PCG: 1 : 3.613639e-06 / 8.251200e-01
PCG: 2 : 3.491181e-06 / 7.971584e-01
PCG: 3 : 4.592901e-06 / 1.048720e+00
PCG: 0 : 4.592901e-06
PCG: 1 : 3.429159e-06 / 7.466215e-01
PCG: 2 : 3.481011e-06 / 7.579111e-01
PCG: 3 : 4.149309e-06 / 9.034180e-01
PCG: 0 : 4.149309e-06
PCG: 1 : 3.423690e-06 / 8.251229e-01
PCG: 2 : 3.307656e-06 / 7.971582e-01
PCG: 3 : 4.351472e-06 / 1.048722e+00
PCG: 0 : 4.351472e-06
PCG: 1 : 3.248910e-06 / 7.466232e-01
PCG: 2 : 3.298011e-06 / 7.579070e-01
PCG: 3 : 3.931194e-06 / 9.034172e-01
PCG: 0 : 3.931194e-06
PCG: 1 : 3.243721e-06 / 8.251237e-01
PCG: 2 : 3.133777e-06 / 7.971564e-01
PCG: 3 : 4.122739e-06 / 1.048724e+00
PCG: 0 : 4.122739e-06
PCG: 1 : 3.078133e-06 / 7.466233e-01
PCG: 2 : 3.124630e-06 / 7.579016e-01
PCG: 3 : 3.724551e-06 / 9.034167e-01
PCG: 0 : 3.724551e-06
PCG: 1 : 3.073209e-06 / 8.251221e-01
PCG: 2 : 2.969036e-06 / 7.971527e-01
PCG: 3 : 3.906033e-06 / 1.048726e+00
PCG: 0 : 3.906033e-06
PCG: 1 : 2.916331e-06 / 7.466221e-01
PCG: 2 : 2.960363e-06 / 7.578951e-01
PCG: 3 : 3.528777e-06 / 9.034171e-01
PCG: 0 : 3.528776e-06
PCG: 1 : 2.911660e-06 / 8.251189e-01
PCG: 2 : 2.812954e-06 / 7.971472e-01
PCG: 3 : 3.700725e-06 / 1.048727e+00
PCG: 0 : 3.700724e-06
PCG: 1 : 2.763030e-06 / 7.466186e-01
PCG: 2 : 2.804730e-06 / 7.578868e-01
PCG: 3 : 3.343297e-06 / 9.034168e-01
PCG: 0 : 3.343297e-06
PCG: 1 : 2.758600e-06 / 8.251139e-01
PCG: 2 : 2.665075e-06 / 7.971400e-01
PCG: 3 : 3.506213e-06 / 1.048729e+00
PCG: 0 : 3.506213e-06
PCG: 1 : 2.617787e-06 / 7.466136e-01
PCG: 2 : 2.657279e-06 / 7.578772e-01
PCG: 3 : 3.167572e-06 / 9.034167e-01
PCG: 0 : 3.167571e-06
PCG: 1 : 2.613585e-06 / 8.251070e-01
PCG: 2 : 2.524969e-06 / 7.971309e-01
PCG: 3 : 3.321930e-06 / 1.048731e+00
PCG: 0 : 3.321930e-06
PCG: 1 : 2.480175e-06 / 7.466068e-01
PCG: 2 : 2.517577e-06 / 7.578658e-01
PCG: 3 : 3.001086e-06 / 9.034165e-01
PCG: 0 : 3.001086e-06
PCG: 1 : 2.476191e-06 / 8.250985e-01
PCG: 2 : 2.392229e-06 / 7.971210e-01
PCG: 3 : 3.147338e-06 / 1.048733e+00
PCG: 0 : 3.147338e-06
PCG: 1 : 2.349797e-06 / 7.465983e-01
PCG: 2 : 2.385219e-06 / 7.578529e-01
PCG: 3 : 2.843355e-06 / 9.034158e-01
PCG: 0 : 2.843355e-06
PCG: 1 : 2.346018e-06 / 8.250879e-01
PCG: 2 : 2.266464e-06 / 7.971091e-01
PCG: 3 : 2.981925e-06 / 1.048735e+00
PCG: 0 : 2.981925e-06
PCG: 1 : 2.226271e-06 / 7.465886e-01
PCG: 2 : 2.259819e-06 / 7.578389e-01
PCG: 3 : 2.693920e-06 / 9.034162e-01
PCG: 0 : 2.693920e-06
PCG: 1 : 2.222686e-06 / 8.250752e-01
PCG: 2 : 2.147310e-06 / 7.970952e-01
PCG: 3 : 2.825210e-06 / 1.048736e+00
PCG: 0 : 2.825210e-06
PCG: 1 : 2.109237e-06 / 7.465771e-01
PCG: 2 : 2.141009e-06 / 7.578232e-01
PCG: 3 : 2.552341e-06 / 9.034163e-01
PCG: 0 : 2.552341e-06
PCG: 1 : 2.105837e-06 / 8.250611e-01
PCG: 2 : 2.034421e-06 / 7.970804e-01
PCG: 3 : 2.676736e-06 / 1.048738e+00
PCG: 0 : 2.676735e-06
PCG: 1 : 1.998353e-06 / 7.465636e-01
PCG: 2 : 2.028445e-06 / 7.578057e-01
PCG: 3 : 2.418206e-06 / 9.034160e-01
PCG: 0 : 2.418206e-06
PCG: 1 : 1.995128e-06 / 8.250449e-01
PCG: 2 : 1.927464e-06 / 7.970638e-01
PCG: 3 : 2.536068e-06 / 1.048739e+00
PCG: 0 : 2.536068e-06
PCG: 1 : 1.893299e-06 / 7.465490e-01
PCG: 2 : 1.921799e-06 / 7.577872e-01
PCG: 3 : 2.291124e-06 / 9.034159e-01
PCG: 0 : 2.291124e-06
PCG: 1 : 1.890240e-06 / 8.250276e-01
PCG: 2 : 1.826130e-06 / 7.970458e-01
PCG: 3 : 2.402797e-06 / 1.048742e+00
PCG: 0 : 2.402797e-06
PCG: 1 : 1.793764e-06 / 7.465319e-01
PCG: 2 : 1.820760e-06 / 7.577668e-01
PCG: 3 : 2.170722e-06 / 9.034150e-01
PCG: 0 : 2.170722e-06
PCG: 1 : 1.790864e-06 / 8.250083e-01
PCG: 2 : 1.730122e-06 / 7.970260e-01
PCG: 3 : 2.276530e-06 / 1.048743e+00
PCG: 0 : 2.276530e-06
PCG: 1 : 1.699462e-06 / 7.465141e-01
PCG: 2 : 1.725031e-06 / 7.577457e-01
PCG: 3 : 2.056652e-06 / 9.034153e-01
PCG: 0 : 2.056652e-06
PCG: 1 : 1.696712e-06 / 8.249871e-01
PCG: 2 : 1.639161e-06 / 7.970046e-01
PCG: 3 : 2.156904e-06 / 1.048745e+00
PCG: 0 : 2.156904e-06
PCG: 1 : 1.610116e-06 / 7.464941e-01
PCG: 2 : 1.634335e-06 / 7.577226e-01
PCG: 3 : 1.948578e-06 / 9.034144e-01
PCG: 0 : 1.948578e-06
PCG: 1 : 1.607508e-06 / 8.249647e-01
PCG: 2 : 1.552982e-06 / 7.969823e-01
PCG: 3 : 2.043567e-06 / 1.048748e+00
PCG: 0 : 2.043567e-06
PCG: 1 : 1.525467e-06 / 7.464725e-01
PCG: 2 : 1.548406e-06 / 7.576978e-01
PCG: 3 : 1.846186e-06 / 9.034135e-01
PCG: 0 : 1.846186e-06
PCG: 1 : 1.522993e-06 / 8.249400e-01
PCG: 2 : 1.471333e-06 / 7.969581e-01
PCG: 3 : 1.936186e-06 / 1.048749e+00
PCG: 0 : 1.936186e-06
PCG: 1 : 1.445266e-06 / 7.464501e-01
PCG: 2 : 1.466995e-06 / 7.576725e-01
PCG: 3 : 1.749178e-06 / 9.034143e-01
PCG: 0 : 1.749178e-06
PCG: 1 : 1.442921e-06 / 8.249135e-01
PCG: 2 : 1.393976e-06 / 7.969320e-01
PCG: 3 : 1.834451e-06 / 1.048750e+00
PCG: 0 : 1.834451e-06
PCG: 1 : 1.369281e-06 / 7.464254e-01
PCG: 2 : 1.389864e-06 / 7.576455e-01
PCG: 3 : 1.657269e-06 / 9.034142e-01
PCG: 0 : 1.657269e-06
PCG: 1 : 1.367057e-06 / 8.248855e-01
PCG: 2 : 1.320685e-06 / 7.969041e-01
PCG: 3 : 1.738064e-06 / 1.048752e+00
PCG: 0 : 1.738064e-06
PCG: 1 : 1.297290e-06 / 7.463995e-01
PCG: 2 : 1.316787e-06 / 7.576172e-01
PCG: 3 : 1.570192e-06 / 9.034142e-01
PCG: 0 : 1.570191e-06
PCG: 1 : 1.295182e-06 / 8.248562e-01
PCG: 2 : 1.251247e-06 / 7.968756e-01
PCG: 3 : 1.646745e-06 / 1.048754e+00
PCG: 0 : 1.646745e-06
PCG: 1 : 1.229084e-06 / 7.463717e-01
PCG: 2 : 1.247553e-06 / 7.575871e-01
PCG: 3 : 1.487691e-06 / 9.034134e-01
PCG: 0 : 1.487691e-06
PCG: 1 : 1.227085e-06 / 8.248248e-01
PCG: 2 : 1.185459e-06 / 7.968451e-01
PCG: 3 : 1.560225e-06 / 1.048756e+00
PCG: 0 : 1.560225e-06
PCG: 1 : 1.164462e-06 / 7.463428e-01
PCG: 2 : 1.181957e-06 / 7.575560e-01
PCG: 3 : 1.409528e-06 / 9.034136e-01
PCG: 0 : 1.409528e-06
PCG: 1 : 1.162567e-06 / 8.247917e-01
PCG: 2 : 1.123131e-06 / 7.968134e-01
PCG: 3 : 1.478253e-06 / 1.048757e+00
PCG: 0 : 1.478253e-06
PCG: 1 : 1.103238e-06 / 7.463122e-01
PCG: 2 : 1.119811e-06 / 7.575230e-01
PCG: 3 : 1.335473e-06 / 9.034132e-01
PCG: 0 : 1.335473e-06
PCG: 1 : 1.101440e-06 / 8.247566e-01
PCG: 2 : 1.064078e-06 / 7.967796e-01
PCG: 3 : 1.400589e-06 / 1.048759e+00
PCG: 0 : 1.400589e-06
PCG: 1 : 1.045232e-06 / 7.462803e-01
PCG: 2 : 1.060931e-06 / 7.574893e-01
PCG: 3 : 1.265311e-06 / 9.034139e-01
PCG: 0 : 1.265311e-06
PCG: 1 : 1.043528e-06 / 8.247200e-01
PCG: 2 : 1.008130e-06 / 7.967445e-01
PCG: 3 : 1.327007e-06 / 1.048760e+00
PCG: 0 : 1.327007e-06
PCG: 1 : 9.902745e-07 / 7.462465e-01
PCG: 2 : 1.005147e-06 / 7.574539e-01
PCG: 3 : 1.198837e-06 / 9.034138e-01
PCG: 0 : 1.198837e-06
PCG: 1 : 9.886592e-07 / 8.246821e-01
PCG: 2 : 9.551229e-07 / 7.967080e-01
PCG: 3 : 1.257294e-06 / 1.048761e+00
PCG: 0 : 1.257294e-06
PCG: 1 : 9.382069e-07 / 7.462114e-01
PCG: 2 : 9.522960e-07 / 7.574173e-01
PCG: 3 : 1.135857e-06 / 9.034139e-01
PCG: 0 : 1.135857e-06
PCG: 1 : 9.366750e-07 / 8.246420e-01
PCG: 2 : 9.049024e-07 / 7.966697e-01
PCG: 3 : 1.191244e-06 / 1.048762e+00
PCG: 0 : 1.191244e-06
PCG: 1 : 8.888758e-07 / 7.461747e-01
PCG: 2 : 9.022234e-07 / 7.573795e-01
PCG: 3 : 1.076187e-06 / 9.034148e-01
PCG: 0 : 1.076187e-06
PCG: 1 : 8.874242e-07 / 8.246004e-01
PCG: 2 : 8.573226e-07 / 7.966298e-01
PCG: 3 : 1.128665e-06 / 1.048763e+00
PCG: 0 : 1.128665e-06
PCG: 1 : 8.421381e-07 / 7.461362e-01
PCG: 2 : 8.547830e-07 / 7.573396e-01
PCG: 3 : 1.019652e-06 / 9.034143e-01
PCG: 0 : 1.019652e-06
PCG: 1 : 8.407622e-07 / 8.245576e-01
PCG: 2 : 8.122439e-07 / 7.965890e-01
PCG: 3 : 1.069376e-06 / 1.048765e+00
PCG: 0 : 1.069376e-06
PCG: 1 : 7.978573e-07 / 7.460961e-01
PCG: 2 : 8.098370e-07 / 7.572986e-01
PCG: 3 : 9.660896e-07 / 9.034143e-01
PCG: 0 : 9.660896e-07
PCG: 1 : 7.965531e-07 / 8.245127e-01
PCG: 2 : 7.695351e-07 / 7.965463e-01
PCG: 3 : 1.013202e-06 / 1.048766e+00
PCG: 0 : 1.013202e-06
PCG: 1 : 7.559049e-07 / 7.460552e-01
PCG: 2 : 7.672543e-07 / 7.572567e-01
PCG: 3 : 9.153422e-07 / 9.034150e-01
PCG: 0 : 9.153421e-07
PCG: 1 : 7.546682e-07 / 8.244658e-01
PCG: 2 : 7.290716e-07 / 7.965018e-01
PCG: 3 : 9.599808e-07 / 1.048767e+00
PCG: 0 : 9.599808e-07
PCG: 1 : 7.161576e-07 / 7.460124e-01
PCG: 2 : 7.269101e-07 / 7.572132e-01
PCG: 3 : 8.672617e-07 / 9.034157e-01
PCG: 0 : 8.672617e-07
PCG: 1 : 7.149855e-07 / 8.244172e-01
PCG: 2 : 6.907356e-07 / 7.964557e-01
PCG: 3 : 9.095563e-07 / 1.048768e+00
PCG: 0 : 9.095563e-07
PCG: 1 : 6.784998e-07 / 7.459679e-01
PCG: 2 : 6.886869e-07 / 7.571680e-01
PCG: 3 : 8.217075e-07 / 9.034158e-01
PCG: 0 : 8.217074e-07
PCG: 1 : 6.773892e-07 / 8.243678e-01
PCG: 2 : 6.544150e-07 / 7.964087e-01
PCG: 3 : 8.617822e-07 / 1.048770e+00
PCG: 0 : 8.617822e-07
PCG: 1 : 6.428216e-07 / 7.459213e-01
PCG: 2 : 6.524735e-07 / 7.571212e-01
PCG: 3 : 7.785470e-07 / 9.034151e-01
PCG: 0 : 7.785470e-07
PCG: 1 : 6.417692e-07 / 8.243166e-01
PCG: 2 : 6.200037e-07 / 7.963600e-01
PCG: 3 : 8.165186e-07 / 1.048772e+00
PCG: 0 : 8.165186e-07
PCG: 1 : 6.090194e-07 / 7.458733e-01
PCG: 2 : 6.181642e-07 / 7.570730e-01
PCG: 3 : 7.376548e-07 / 9.034146e-01
PCG: 0 : 7.376548e-07
PCG: 1 : 6.080218e-07 / 8.242634e-01
PCG: 2 : 5.874016e-07 / 7.963096e-01
PCG: 3 : 7.736332e-07 / 1.048774e+00
PCG: 0 : 7.736331e-07
PCG: 1 : 5.769941e-07 / 7.458240e-01
PCG: 2 : 5.856585e-07 / 7.570235e-01
PCG: 3 : 6.989116e-07 / 9.034148e-01
PCG: 0 : 6.989116e-07
PCG: 1 : 5.760488e-07 / 8.242084e-01
PCG: 2 : 5.565139e-07 / 7.962579e-01
PCG: 3 : 7.330013e-07 / 1.048775e+00
PCG: 0 : 7.330013e-07
PCG: 1 : 5.466527e-07 / 7.457732e-01
PCG: 2 : 5.548619e-07 / 7.569726e-01
PCG: 3 : 6.622043e-07 / 9.034150e-01
PCG: 0 : 6.622043e-07
PCG: 1 : 5.457567e-07 / 8.241515e-01
PCG: 2 : 5.272499e-07 / 7.962043e-01
PCG: 3 : 6.945046e-07 / 1.048777e+00
PCG: 0 : 6.945046e-07
PCG: 1 : 5.179065e-07 / 7.457207e-01
PCG: 2 : 5.256844e-07 / 7.569199e-01
PCG: 3 : 6.274258e-07 / 9.034148e-01
PCG: 0 : 6.274258e-07
PCG: 1 : 5.170573e-07 / 8.240932e-01
PCG: 2 : 4.995246e-07 / 7.961493e-01
PCG: 3 : 6.580307e-07 / 1.048779e+00
PCG: 0 : 6.580307e-07
PCG: 1 : 4.906717e-07 / 7.456669e-01
PCG: 2 : 4.980413e-07 / 7.568664e-01
PCG: 3 : 5.944749e-07 / 9.034151e-01
PCG: 0 : 5.944749e-07
PCG: 1 : 4.898669e-07 / 8.240329e-01
PCG: 2 : 4.732568e-07 / 7.960922e-01
PCG: 3 : 6.234731e-07 / 1.048779e+00
PCG: 0 : 6.234731e-07
PCG: 1 : 4.648685e-07 / 7.456113e-01
PCG: 2 : 4.718515e-07 / 7.568113e-01
PCG: 3 : 5.632554e-07 / 9.034157e-01
PCG: 0 : 5.632554e-07
PCG: 1 : 4.641060e-07 / 8.239707e-01
PCG: 2 : 4.483702e-07 / 7.960335e-01
PCG: 3 : 5.907312e-07 / 1.048780e+00
PCG: 0 : 5.907312e-07
PCG: 1 : 4.404219e-07 / 7.455539e-01
PCG: 2 : 4.470385e-07 / 7.567545e-01
PCG: 3 : 5.336760e-07 / 9.034160e-01
PCG: 0 : 5.336760e-07
PCG: 1 : 4.396995e-07 / 8.239072e-01
PCG: 2 : 4.247921e-07 / 7.959738e-01
PCG: 3 : 5.597100e-07 / 1.048782e+00
PCG: 0 : 5.597099e-07
PCG: 1 : 4.172609e-07 / 7.454949e-01
PCG: 2 : 4.235303e-07 / 7.566961e-01
PCG: 3 : 5.056509e-07 / 9.034159e-01
PCG: 0 : 5.056509e-07
PCG: 1 : 4.165763e-07 / 8.238418e-01
PCG: 2 : 4.024538e-07 / 7.959124e-01
PCG: 3 : 5.303185e-07 / 1.048784e+00
PCG: 0 : 5.303184e-07
PCG: 1 : 3.953176e-07 / 7.454344e-01
PCG: 2 : 4.012580e-07 / 7.566361e-01
PCG: 3 : 4.790981e-07 / 9.034160e-01
PCG: 0 : 4.790981e-07
PCG: 1 : 3.946689e-07 / 8.237748e-01
PCG: 2 : 3.812901e-07 / 7.958496e-01
PCG: 3 : 5.024715e-07 / 1.048786e+00
PCG: 0 : 5.024715e-07
PCG: 1 : 3.745281e-07 / 7.453719e-01
PCG: 2 : 3.801569e-07 / 7.565742e-01
PCG: 3 : 4.539402e-07 / 9.034149e-01
PCG: 0 : 4.539402e-07
PCG: 1 : 3.739132e-07 / 8.237059e-01
PCG: 2 : 3.612390e-07 / 7.957854e-01
PCG: 3 : 4.760873e-07 / 1.048789e+00
PCG: 0 : 4.760873e-07
PCG: 1 : 3.548317e-07 / 7.453081e-01
PCG: 2 : 3.601653e-07 / 7.565111e-01
PCG: 3 : 4.301044e-07 / 9.034149e-01
PCG: 0 : 4.301044e-07
PCG: 1 : 3.542490e-07 / 8.236349e-01
PCG: 2 : 3.422421e-07 / 7.957188e-01
PCG: 3 : 4.510892e-07 / 1.048790e+00
PCG: 0 : 4.510892e-07
PCG: 1 : 3.361709e-07 / 7.452427e-01
PCG: 2 : 3.412248e-07 / 7.564464e-01
PCG: 3 : 4.075206e-07 / 9.034148e-01
PCG: 0 : 4.075206e-07
PCG: 1 : 3.356186e-07 / 8.235621e-01
PCG: 2 : 3.242441e-07 / 7.956508e-01
PCG: 3 : 4.274042e-07 / 1.048792e+00
PCG: 0 : 4.274042e-07
PCG: 1 : 3.184913e-07 / 7.451758e-01
PCG: 2 : 3.232801e-07 / 7.563803e-01
PCG: 3 : 3.861236e-07 / 9.034154e-01
PCG: 0 : 3.861236e-07
PCG: 1 : 3.179678e-07 / 8.234872e-01
PCG: 2 : 3.071926e-07 / 7.955810e-01
PCG: 3 : 4.049636e-07 / 1.048793e+00
PCG: 0 : 4.049636e-07
PCG: 1 : 3.017412e-07 / 7.451071e-01
PCG: 2 : 3.062791e-07 / 7.563127e-01
PCG: 3 : 3.658505e-07 / 9.034159e-01
PCG: 0 : 3.658505e-07
PCG: 1 : 3.012453e-07 / 8.234108e-01
PCG: 2 : 2.910376e-07 / 7.955095e-01
PCG: 3 : 3.837020e-07 / 1.048795e+00
PCG: 0 : 3.837020e-07
PCG: 1 : 2.858720e-07 / 7.450365e-01
PCG: 2 : 2.901721e-07 / 7.562433e-01
PCG: 3 : 3.466424e-07 / 9.034156e-01
PCG: 0 : 3.466424e-07
PCG: 1 : 2.854020e-07 / 8.233327e-01
PCG: 2 : 2.757319e-07 / 7.954363e-01
PCG: 3 : 3.635572e-07 / 1.048796e+00
PCG: 0 : 3.635572e-07
PCG: 1 : 2.708370e-07 / 7.449639e-01
PCG: 2 : 2.749119e-07 / 7.561722e-01
PCG: 3 : 3.284432e-07 / 9.034155e-01
PCG: 0 : 3.284432e-07
PCG: 1 : 2.703918e-07 / 8.232527e-01
PCG: 2 : 2.612310e-07 / 7.953613e-01
PCG: 3 : 3.444706e-07 / 1.048798e+00
PCG: 0 : 3.444706e-07
PCG: 1 : 2.565927e-07 / 7.448898e-01
PCG: 2 : 2.604542e-07 / 7.560999e-01
PCG: 3 : 3.112003e-07 / 9.034160e-01
PCG: 0 : 3.112002e-07
PCG: 1 : 2.561709e-07 / 8.231705e-01
PCG: 2 : 2.474926e-07 / 7.952842e-01
PCG: 3 : 3.263866e-07 / 1.048799e+00
PCG: 0 : 3.263866e-07
PCG: 1 : 2.430974e-07 / 7.448142e-01
PCG: 2 : 2.467567e-07 / 7.560259e-01
PCG: 3 : 2.948630e-07 / 9.034164e-01
PCG: 0 : 2.948630e-07
PCG: 1 : 2.426977e-07 / 8.230863e-01
PCG: 2 : 2.344767e-07 / 7.952055e-01
PCG: 3 : 3.092525e-07 / 1.048801e+00
PCG: 0 : 3.092525e-07
PCG: 1 : 2.303116e-07 / 7.447365e-01
PCG: 2 : 2.337794e-07 / 7.559500e-01
PCG: 3 : 2.793838e-07 / 9.034164e-01
PCG: 0 : 2.793838e-07
PCG: 1 : 2.299331e-07 / 8.230007e-01
PCG: 2 : 2.221452e-07 / 7.951257e-01
PCG: 3 : 2.930186e-07 / 1.048803e+00
PCG: 0 : 2.930186e-07
PCG: 1 : 2.181983e-07 / 7.446570e-01
PCG: 2 : 2.214846e-07 / 7.558721e-01
PCG: 3 : 2.647177e-07 / 9.034162e-01
PCG: 0 : 2.647177e-07
PCG: 1 : 2.178396e-07 / 8.229127e-01
PCG: 2 : 2.104621e-07 / 7.950433e-01
PCG: 3 : 2.776372e-07 / 1.048805e+00
PCG: 0 : 2.776372e-07
PCG: 1 : 2.067219e-07 / 7.445756e-01
PCG: 2 : 2.098362e-07 / 7.557928e-01
PCG: 3 : 2.508219e-07 / 9.034160e-01
PCG: 0 : 2.508219e-07
PCG: 1 : 2.063821e-07 / 8.228234e-01
PCG: 2 : 1.993933e-07 / 7.949597e-01
PCG: 3 : 2.630638e-07 / 1.048807e+00
PCG: 0 : 2.630638e-07
PCG: 1 : 1.958490e-07 / 7.444923e-01
PCG: 2 : 1.988004e-07 / 7.557117e-01
PCG: 3 : 2.376560e-07 / 9.034158e-01
PCG: 0 : 2.376560e-07
PCG: 1 : 1.955270e-07 / 8.227313e-01
PCG: 2 : 1.889064e-07 / 7.948734e-01
PCG: 3 : 2.492557e-07 / 1.048809e+00
PCG: 0 : 2.492557e-07
PCG: 1 : 1.855478e-07 / 7.444075e-01
PCG: 2 : 1.883449e-07 / 7.556295e-01
PCG: 3 : 2.251817e-07 / 9.034166e-01
PCG: 0 : 2.251817e-07
PCG: 1 : 1.852430e-07 / 8.226377e-01
PCG: 2 : 1.789712e-07 / 7.947855e-01
PCG: 3 : 2.361729e-07 / 1.048810e+00
PCG: 0 : 2.361729e-07
PCG: 1 : 1.757883e-07 / 7.443205e-01
PCG: 2 : 1.784392e-07 / 7.555448e-01
PCG: 3 : 2.133624e-07 / 9.034163e-01
PCG: 0 : 2.133624e-07
PCG: 1 : 1.754996e-07 / 8.225421e-01
PCG: 2 : 1.695583e-07 / 7.946962e-01
PCG: 3 : 2.237772e-07 / 1.048813e+00
PCG: 0 : 2.237772e-07
PCG: 1 : 1.665421e-07 / 7.442316e-01
PCG: 2 : 1.690544e-07 / 7.554585e-01
PCG: 3 : 2.021640e-07 / 9.034160e-01
PCG: 0 : 2.021640e-07
PCG: 1 : 1.662686e-07 / 8.224442e-01
PCG: 2 : 1.606404e-07 / 7.946045e-01
PCG: 3 : 2.120325e-07 / 1.048814e+00
PCG: 0 : 2.120325e-07
PCG: 1 : 1.577821e-07 / 7.441412e-01
PCG: 2 : 1.601631e-07 / 7.553708e-01
PCG: 3 : 1.915537e-07 / 9.034167e-01
PCG: 0 : 1.915537e-07
PCG: 1 : 1.575230e-07 / 8.223441e-01
PCG: 2 : 1.521914e-07 / 7.945104e-01
PCG: 3 : 2.009045e-07 / 1.048816e+00
PCG: 0 : 2.009045e-07
PCG: 1 : 1.494827e-07 / 7.440487e-01
PCG: 2 : 1.517394e-07 / 7.552812e-01
PCG: 3 : 1.815006e-07 / 9.034173e-01
PCG: 0 : 1.815006e-07
PCG: 1 : 1.492374e-07 / 8.222420e-01
PCG: 2 : 1.441867e-07 / 7.944148e-01
PCG: 3 : 1.903609e-07 / 1.048817e+00
PCG: 0 : 1.903609e-07
PCG: 1 : 1.416198e-07 / 7.439542e-01
PCG: 2 : 1.437586e-07 / 7.551895e-01
PCG: 3 : 1.719754e-07 / 9.034175e-01
PCG: 0 : 1.719754e-07
PCG: 1 : 1.413875e-07 / 8.221382e-01
PCG: 2 : 1.366031e-07 / 7.943178e-01
PCG: 3 : 1.803711e-07 / 1.048820e+00
PCG: 0 : 1.803711e-07
PCG: 1 : 1.341705e-07 / 7.438577e-01
PCG: 2 : 1.361975e-07 / 7.550957e-01
PCG: 3 : 1.629503e-07 / 9.034169e-01
PCG: 0 : 1.629503e-07
PCG: 1 : 1.339504e-07 / 8.220321e-01
PCG: 2 : 1.294182e-07 / 7.942187e-01
PCG: 3 : 1.709059e-07 / 1.048822e+00
PCG: 0 : 1.709059e-07
PCG: 1 : 1.271128e-07 / 7.437590e-01
PCG: 2 : 1.290339e-07 / 7.549997e-01
PCG: 3 : 1.543992e-07 / 9.034161e-01
PCG: 0 : 1.543992e-07
PCG: 1 : 1.269044e-07 / 8.219241e-01
PCG: 2 : 1.226111e-07 / 7.941179e-01
PCG: 3 : 1.619378e-07 / 1.048825e+00
PCG: 0 : 1.619378e-07
PCG: 1 : 1.204264e-07 / 7.436588e-01
PCG: 2 : 1.222472e-07 / 7.549025e-01
PCG: 3 : 1.462972e-07 / 9.034162e-01
PCG: 0 : 1.462972e-07
PCG: 1 : 1.202290e-07 / 8.218132e-01
PCG: 2 : 1.161620e-07 / 7.940142e-01
PCG: 3 : 1.534404e-07 / 1.048827e+00
PCG: 0 : 1.534404e-07
PCG: 1 : 1.140916e-07 / 7.435564e-01
PCG: 2 : 1.158173e-07 / 7.548032e-01
PCG: 3 : 1.386206e-07 / 9.034164e-01
PCG: 0 : 1.386206e-07
PCG: 1 : 1.139046e-07 / 8.217003e-01
PCG: 2 : 1.100521e-07 / 7.939087e-01
PCG: 3 : 1.453893e-07 / 1.048829e+00
PCG: 0 : 1.453893e-07
PCG: 1 : 1.080900e-07 / 7.434522e-01
PCG: 2 : 1.097256e-07 / 7.547022e-01
PCG: 3 : 1.313471e-07 / 9.034168e-01
PCG: 0 : 1.313471e-07
PCG: 1 : 1.079129e-07 / 8.215854e-01
PCG: 2 : 1.042635e-07 / 7.938012e-01
PCG: 3 : 1.377608e-07 / 1.048831e+00
PCG: 0 : 1.377608e-07
PCG: 1 : 1.024040e-07 / 7.433458e-01
PCG: 2 : 1.039542e-07 / 7.545990e-01
PCG: 3 : 1.244555e-07 / 9.034170e-01
PCG: 0 : 1.244555e-07
PCG: 1 : 1.022362e-07 / 8.214679e-01
PCG: 2 : 9.877927e-08 / 7.936915e-01
PCG: 3 : 1.305330e-07 / 1.048833e+00
PCG: 0 : 1.305330e-07
PCG: 1 : 9.701700e-08 / 7.432374e-01
PCG: 2 : 9.848631e-08 / 7.544936e-01
PCG: 3 : 1.179257e-07 / 9.034169e-01
PCG: 0 : 1.179257e-07
PCG: 1 : 9.685812e-08 / 8.213486e-01
PCG: 2 : 9.358350e-08 / 7.935801e-01
PCG: 3 : 1.236847e-07 / 1.048835e+00
PCG: 0 : 1.236846e-07
PCG: 1 : 9.191336e-08 / 7.431267e-01
PCG: 2 : 9.330601e-08 / 7.543864e-01
PCG: 3 : 1.117388e-07 / 9.034167e-01
PCG: 0 : 1.117388e-07
PCG: 1 : 9.176289e-08 / 8.212270e-01
PCG: 2 : 8.866095e-08 / 7.934663e-01
PCG: 3 : 1.171959e-07 / 1.048838e+00
PCG: 0 : 1.171959e-07
PCG: 1 : 8.707813e-08 / 7.430138e-01
PCG: 2 : 8.839815e-08 / 7.542771e-01
PCG: 3 : 1.058767e-07 / 9.034165e-01
PCG: 0 : 1.058767e-07
PCG: 1 : 8.693566e-08 / 8.211032e-01
PCG: 2 : 8.399726e-08 / 7.933501e-01
PCG: 3 : 1.110477e-07 / 1.048840e+00
PCG: 0 : 1.110477e-07
PCG: 1 : 8.249719e-08 / 7.428989e-01
PCG: 2 : 8.374839e-08 / 7.541662e-01
PCG: 3 : 1.003224e-07 / 9.034171e-01
PCG: 0 : 1.003224e-07
PCG: 1 : 8.236231e-08 / 8.209767e-01
PCG: 2 : 7.957886e-08 / 7.932316e-01
PCG: 3 : 1.052223e-07 / 1.048842e+00
PCG: 0 : 1.052223e-07
PCG: 1 : 7.815719e-08 / 7.427819e-01
PCG: 2 : 7.934315e-08 / 7.540528e-01
PCG: 3 : 9.505957e-08 / 9.034169e-01
PCG: 0 : 9.505956e-08
PCG: 1 : 7.802947e-08 / 8.208482e-01
PCG: 2 : 7.539283e-08 / 7.931115e-01
PCG: 3 : 9.970272e-08 / 1.048845e+00
PCG: 0 : 9.970272e-08
PCG: 1 : 7.404548e-08 / 7.426625e-01
PCG: 2 : 7.516959e-08 / 7.539372e-01
PCG: 3 : 9.007307e-08 / 9.034163e-01
PCG: 0 : 9.007307e-08
PCG: 1 : 7.392454e-08 / 8.207175e-01
PCG: 2 : 7.142695e-08 / 7.929890e-01
PCG: 3 : 9.447290e-08 / 1.048847e+00
PCG: 0 : 9.447289e-08
PCG: 1 : 7.015004e-08 / 7.425415e-01
PCG: 2 : 7.121558e-08 / 7.538203e-01
PCG: 3 : 8.534839e-08 / 9.034168e-01
PCG: 0 : 8.534839e-08
PCG: 1 : 7.003553e-08 / 8.205841e-01
PCG: 2 : 6.766964e-08 / 7.928637e-01
PCG: 3 : 8.951756e-08 / 1.048849e+00
PCG: 0 : 8.951756e-08
PCG: 1 : 6.645943e-08 / 7.424178e-01
PCG: 2 : 6.746946e-08 / 7.537009e-01
PCG: 3 : 8.087169e-08 / 9.034171e-01
PCG: 0 : 8.087169e-08
PCG: 1 : 6.635105e-08 / 8.204484e-01
PCG: 2 : 6.410995e-08 / 7.927365e-01
PCG: 3 : 8.482238e-08 / 1.048851e+00
PCG: 0 : 8.482237e-08
PCG: 1 : 6.296298e-08 / 7.422920e-01
PCG: 2 : 6.392038e-08 / 7.535793e-01
PCG: 3 : 7.662998e-08 / 9.034171e-01
PCG: 0 : 7.662998e-08
PCG: 1 : 6.286036e-08 / 8.203102e-01
PCG: 2 : 6.073747e-08 / 7.926071e-01
PCG: 3 : 8.037363e-08 / 1.048854e+00
PCG: 0 : 8.037363e-08
PCG: 1 : 5.965043e-08 / 7.421641e-01
PCG: 2 : 6.055796e-08 / 7.534556e-01
PCG: 3 : 7.261092e-08 / 9.034172e-01
PCG: 0 : 7.261091e-08
PCG: 1 : 5.955328e-08 / 8.201699e-01
PCG: 2 : 5.754234e-08 / 7.924752e-01
PCG: 3 : 7.615841e-08 / 1.048856e+00
PCG: 0 : 7.615841e-08
PCG: 1 : 5.651211e-08 / 7.420338e-01
PCG: 2 : 5.737239e-08 / 7.533298e-01
PCG: 3 : 6.880283e-08 / 9.034173e-01
PCG: 0 : 6.880282e-08
PCG: 1 : 5.642014e-08 / 8.200266e-01
PCG: 2 : 5.451530e-08 / 7.923411e-01
PCG: 3 : 7.216442e-08 / 1.048858e+00
PCG: 0 : 7.216442e-08
PCG: 1 : 5.353890e-08 / 7.419016e-01
PCG: 2 : 5.435436e-08 / 7.532016e-01
PCG: 3 : 6.519459e-08 / 9.034174e-01
PCG: 0 : 6.519458e-08
PCG: 1 : 5.345181e-08 / 8.198811e-01
PCG: 2 : 5.164748e-08 / 7.922051e-01
PCG: 3 : 6.838007e-08 / 1.048861e+00
PCG: 0 : 6.838006e-08
PCG: 1 : 5.072205e-08 / 7.417666e-01
PCG: 2 : 5.149502e-08 / 7.530707e-01
PCG: 3 : 6.177569e-08 / 9.034167e-01
PCG: 0 : 6.177569e-08
PCG: 1 : 5.063961e-08 / 8.197336e-01
PCG: 2 : 4.893047e-08 / 7.920669e-01
PCG: 3 : 6.479431e-08 / 1.048864e+00
PCG: 0 : 6.479431e-08
PCG: 1 : 4.805338e-08 / 7.416297e-01
PCG: 2 : 4.878612e-08 / 7.529382e-01
PCG: 3 : 5.853628e-08 / 9.034169e-01
PCG: 0 : 5.853627e-08
PCG: 1 : 4.797533e-08 / 8.195830e-01
PCG: 2 : 4.635636e-08 / 7.919253e-01
PCG: 3 : 6.139672e-08 / 1.048866e+00
PCG: 0 : 6.139672e-08
PCG: 1 : 4.552508e-08 / 7.414904e-01
PCG: 2 : 4.621969e-08 / 7.528039e-01
PCG: 3 : 5.546685e-08 / 9.034172e-01
PCG: 0 : 5.546685e-08
PCG: 1 : 4.545122e-08 / 8.194303e-01
PCG: 2 : 4.391764e-08 / 7.917818e-01
PCG: 3 : 5.817745e-08 / 1.048869e+00
PCG: 0 : 5.817745e-08
PCG: 1 : 4.312977e-08 / 7.413485e-01
PCG: 2 : 4.378825e-08 / 7.526670e-01
PCG: 3 : 5.255849e-08 / 9.034169e-01
PCG: 0 : 5.255849e-08
PCG: 1 : 4.305987e-08 / 8.192752e-01
PCG: 2 : 4.160718e-08 / 7.916358e-01
PCG: 3 : 5.512710e-08 / 1.048872e+00
PCG: 0 : 5.512710e-08
PCG: 1 : 4.086046e-08 / 7.412046e-01
PCG: 2 : 4.148470e-08 / 7.525281e-01
PCG: 3 : 4.980280e-08 / 9.034177e-01
PCG: 0 : 4.980280e-08
PCG: 1 : 4.079431e-08 / 8.191168e-01
PCG: 2 : 3.941827e-08 / 7.914870e-01
PCG: 3 : 5.223681e-08 / 1.048873e+00
PCG: 0 : 5.223681e-08
PCG: 1 : 3.871053e-08 / 7.410585e-01
PCG: 2 : 3.930229e-08 / 7.523869e-01
PCG: 3 : 4.719168e-08 / 9.034182e-01
PCG: 0 : 4.719168e-08
PCG: 1 : 3.864793e-08 / 8.189564e-01
PCG: 2 : 3.734448e-08 / 7.913361e-01
PCG: 3 : 4.949819e-08 / 1.048875e+00
PCG: 0 : 4.949819e-08
PCG: 1 : 3.667369e-08 / 7.409097e-01
PCG: 2 : 3.723468e-08 / 7.522432e-01
PCG: 3 : 4.471757e-08 / 9.034183e-01
PCG: 0 : 4.471757e-08
PCG: 1 : 3.661445e-08 / 8.187934e-01
PCG: 2 : 3.537978e-08 / 7.911829e-01
PCG: 3 : 4.690327e-08 / 1.048878e+00
PCG: 0 : 4.690327e-08
PCG: 1 : 3.474402e-08 / 7.407590e-01
PCG: 2 : 3.527582e-08 / 7.520972e-01
PCG: 3 : 4.237328e-08 / 9.034184e-01
PCG: 0 : 4.237328e-08
PCG: 1 : 3.468794e-08 / 8.186277e-01
PCG: 2 : 3.351841e-08 / 7.910271e-01
PCG: 3 : 4.444449e-08 / 1.048880e+00
PCG: 0 : 4.444449e-08
PCG: 1 : 3.291584e-08 / 7.406058e-01
PCG: 2 : 3.341999e-08 / 7.519491e-01
PCG: 3 : 4.015200e-08 / 9.034191e-01
PCG: 0 : 4.015200e-08
PCG: 1 : 3.286278e-08 / 8.184595e-01
PCG: 2 : 3.175497e-08 / 7.908690e-01
PCG: 3 : 4.211472e-08 / 1.048882e+00
PCG: 0 : 4.211472e-08
PCG: 1 : 3.118384e-08 / 7.404500e-01
PCG: 2 : 3.166179e-08 / 7.517985e-01
PCG: 3 : 3.804724e-08 / 9.034190e-01
PCG: 0 : 3.804724e-08
PCG: 1 : 3.113363e-08 / 8.182887e-01
PCG: 2 : 3.008427e-08 / 7.907082e-01
PCG: 3 : 3.990718e-08 / 1.048885e+00
PCG: 0 : 3.990718e-08
PCG: 1 : 2.954295e-08 / 7.402918e-01
PCG: 2 : 2.999606e-08 / 7.516456e-01
PCG: 3 : 3.605292e-08 / 9.034194e-01
PCG: 0 : 3.605291e-08
PCG: 1 : 2.949545e-08 / 8.181156e-01
PCG: 2 : 2.850146e-08 / 7.905454e-01
PCG: 3 : 3.781545e-08 / 1.048888e+00
PCG: 0 : 3.781545e-08
PCG: 1 : 2.798841e-08 / 7.401315e-01
PCG: 2 : 2.841795e-08 / 7.514905e-01
PCG: 3 : 3.416321e-08 / 9.034194e-01
PCG: 0 : 3.416321e-08
PCG: 1 : 2.794345e-08 / 8.179398e-01
PCG: 2 : 2.700192e-08 / 7.903799e-01
PCG: 3 : 3.583347e-08 / 1.048890e+00
PCG: 0 : 3.583347e-08
PCG: 1 : 2.651564e-08 / 7.399685e-01
PCG: 2 : 2.692286e-08 / 7.513328e-01
PCG: 3 : 3.237265e-08 / 9.034196e-01
PCG: 0 : 3.237265e-08
PCG: 1 : 2.647309e-08 / 8.177610e-01
PCG: 2 : 2.558125e-08 / 7.902117e-01
PCG: 3 : 3.395543e-08 / 1.048892e+00
PCG: 0 : 3.395543e-08
PCG: 1 : 2.512035e-08 / 7.398037e-01
PCG: 2 : 2.550641e-08 / 7.511732e-01
PCG: 3 : 3.067602e-08 / 9.034202e-01
PCG: 0 : 3.067602e-08
PCG: 1 : 2.508009e-08 / 8.175799e-01
PCG: 2 : 2.423531e-08 / 7.900410e-01
PCG: 3 : 3.217591e-08 / 1.048895e+00
PCG: 0 : 3.217591e-08
PCG: 1 : 2.379847e-08 / 7.396361e-01
PCG: 2 : 2.416447e-08 / 7.510111e-01
PCG: 3 : 2.906838e-08 / 9.034204e-01
PCG: 0 : 2.906838e-08
PCG: 1 : 2.376038e-08 / 8.173963e-01
PCG: 2 : 2.296017e-08 / 7.898677e-01
PCG: 3 : 3.048973e-08 / 1.048897e+00
PCG: 0 : 3.048973e-08
PCG: 1 : 2.254612e-08 / 7.394661e-01
PCG: 2 : 2.289312e-08 / 7.508468e-01
PCG: 3 : 2.754507e-08 / 9.034212e-01
PCG: 0 : 2.754506e-08
PCG: 1 : 2.251010e-08 / 8.172098e-01
PCG: 2 : 2.175212e-08 / 7.896920e-01
PCG: 3 : 2.889200e-08 / 1.048899e+00
PCG: 0 : 2.889200e-08
PCG: 1 : 2.135968e-08 / 7.392939e-01
PCG: 2 : 2.168864e-08 / 7.506799e-01
PCG: 3 : 2.610165e-08 / 9.034215e-01
PCG: 0 : 2.610165e-08
PCG: 1 : 2.132559e-08 / 8.170209e-01
PCG: 2 : 2.060761e-08 / 7.895138e-01
PCG: 3 : 2.737806e-08 / 1.048902e+00
PCG: 0 : 2.737806e-08
PCG: 1 : 2.023565e-08 / 7.391191e-01
PCG: 2 : 2.054753e-08 / 7.505108e-01
PCG: 3 : 2.473393e-08 / 9.034216e-01
PCG: 0 : 2.473393e-08
PCG: 1 : 2.020341e-08 / 8.168295e-01
PCG: 2 : 1.952332e-08 / 7.893333e-01
PCG: 3 : 2.594353e-08 / 1.048904e+00
PCG: 0 : 2.594353e-08
PCG: 1 : 1.917077e-08 / 7.389421e-01
PCG: 2 : 1.946644e-08 / 7.503391e-01
PCG: 3 : 2.343795e-08 / 9.034219e-01
PCG: 0 : 2.343795e-08
PCG: 1 : 1.914026e-08 / 8.166355e-01
PCG: 2 : 1.849607e-08 / 7.891505e-01
PCG: 3 : 2.458423e-08 / 1.048907e+00
PCG: 0 : 2.458423e-08
PCG: 1 : 1.816191e-08 / 7.387624e-01
PCG: 2 : 1.844223e-08 / 7.501649e-01
PCG: 3 : 2.220992e-08 / 9.034216e-01
PCG: 0 : 2.220992e-08
PCG: 1 : 1.813305e-08 / 8.164392e-01
PCG: 2 : 1.752286e-08 / 7.889652e-01
PCG: 3 : 2.329622e-08 / 1.048910e+00
PCG: 0 : 2.329622e-08
PCG: 1 : 1.720613e-08 / 7.385803e-01
PCG: 2 : 1.747190e-08 / 7.499886e-01
PCG: 3 : 2.104630e-08 / 9.034213e-01
PCG: 0 : 2.104629e-08
PCG: 1 : 1.717883e-08 / 8.162404e-01
PCG: 2 : 1.660084e-08 / 7.887774e-01
PCG: 3 : 2.207574e-08 / 1.048914e+00
PCG: 0 : 2.207574e-08
PCG: 1 : 1.630064e-08 / 7.383960e-01
PCG: 2 : 1.655261e-08 / 7.498099e-01
PCG: 3 : 1.994369e-08 / 9.034210e-01
PCG: 0 : 1.994369e-08
PCG: 1 : 1.627482e-08 / 8.160387e-01
PCG: 2 : 1.572734e-08 / 7.885871e-01
PCG: 3 : 2.091926e-08 / 1.048916e+00
PCG: 0 : 2.091926e-08
PCG: 1 : 1.544280e-08 / 7.382097e-01
PCG: 2 : 1.568168e-08 / 7.496289e-01
PCG: 3 : 1.889891e-08 / 9.034213e-01
PCG: 0 : 1.889890e-08
PCG: 1 : 1.541837e-08 / 8.158342e-01
PCG: 2 : 1.489978e-08 / 7.883940e-01
PCG: 3 : 1.982341e-08 / 1.048919e+00
PCG: 0 : 1.982341e-08
PCG: 1 : 1.463009e-08 / 7.380207e-01
PCG: 2 : 1.485657e-08 / 7.494458e-01
PCG: 3 : 1.790890e-08 / 9.034215e-01
PCG: 0 : 1.790890e-08
PCG: 1 : 1.460699e-08 / 8.156277e-01
PCG: 2 : 1.411577e-08 / 7.881986e-01
PCG: 3 : 1.878503e-08 / 1.048921e+00
PCG: 0 : 1.878503e-08
PCG: 1 : 1.386015e-08 / 7.378296e-01
PCG: 2 : 1.407488e-08 / 7.492605e-01
PCG: 3 : 1.697080e-08 / 9.034219e-01
PCG: 0 : 1.697080e-08
PCG: 1 : 1.383830e-08 / 8.154182e-01
PCG: 2 : 1.337300e-08 / 7.880005e-01
PCG: 3 : 1.780107e-08 / 1.048924e+00
PCG: 0 : 1.780107e-08
PCG: 1 : 1.313072e-08 / 7.376361e-01
PCG: 2 : 1.333430e-08 / 7.490727e-01
PCG: 3 : 1.608188e-08 / 9.034221e-01
PCG: 0 : 1.608188e-08
PCG: 1 : 1.311006e-08 / 8.152065e-01
PCG: 2 : 1.266931e-08 / 7.878003e-01
PCG: 3 : 1.686872e-08 / 1.048927e+00
PCG: 0 : 1.686872e-08
PCG: 1 : 1.243967e-08 / 7.374403e-01
PCG: 2 : 1.263269e-08 / 7.488825e-01
PCG: 3 : 1.523957e-08 / 9.034220e-01
PCG: 0 : 1.523957e-08
PCG: 1 : 1.242013e-08 / 8.149924e-01
PCG: 2 : 1.200265e-08 / 7.875977e-01
PCG: 3 : 1.598523e-08 / 1.048929e+00
PCG: 0 : 1.598523e-08
PCG: 1 : 1.178499e-08 / 7.372423e-01
PCG: 2 : 1.196798e-08 / 7.486900e-01
PCG: 3 : 1.444141e-08 / 9.034221e-01
PCG: 0 : 1.444141e-08
PCG: 1 : 1.176651e-08 / 8.147758e-01
PCG: 2 : 1.137106e-08 / 7.873927e-01
PCG: 3 : 1.514806e-08 / 1.048932e+00
PCG: 0 : 1.514806e-08
PCG: 1 : 1.116475e-08 / 7.370419e-01
PCG: 2 : 1.133825e-08 / 7.484953e-01
PCG: 3 : 1.368509e-08 / 9.034221e-01
PCG: 0 : 1.368509e-08
PCG: 1 : 1.114728e-08 / 8.145564e-01
PCG: 2 : 1.077270e-08 / 7.871851e-01
PCG: 3 : 1.435476e-08 / 1.048935e+00
PCG: 0 : 1.435476e-08
PCG: 1 : 1.057716e-08 / 7.368397e-01
PCG: 2 : 1.074165e-08 / 7.482989e-01
PCG: 3 : 1.296842e-08 / 9.034228e-01
PCG: 0 : 1.296842e-08
PCG: 1 : 1.056064e-08 / 8.143349e-01
PCG: 2 : 1.020582e-08 / 7.869747e-01
PCG: 3 : 1.360305e-08 / 1.048937e+00
PCG: 0 : 1.360305e-08
PCG: 1 : 1.002048e-08 / 7.366346e-01
PCG: 2 : 1.017644e-08 / 7.481001e-01
PCG: 3 : 1.228931e-08 / 9.034231e-01
PCG: 0 : 1.228931e-08
PCG: 1 : 1.000486e-08 / 8.141114e-01
PCG: 2 : 9.668764e-09 / 7.867624e-01
PCG: 3 : 1.289074e-08 / 1.048940e+00
PCG: 0 : 1.289074e-08
PCG: 1 : 9.493095e-09 / 7.364274e-01
PCG: 2 : 9.640972e-09 / 7.478989e-01
PCG: 3 : 1.164579e-08 / 9.034225e-01
PCG: 0 : 1.164579e-08
PCG: 1 : 9.478337e-09 / 8.138855e-01
PCG: 2 : 9.159970e-09 / 7.865480e-01
PCG: 3 : 1.221576e-08 / 1.048943e+00
PCG: 0 : 1.221576e-08
PCG: 1 : 8.993467e-09 / 7.362182e-01
PCG: 2 : 9.133672e-09 / 7.476956e-01
PCG: 3 : 1.103600e-08 / 9.034227e-01
PCG: 0 : 1.103600e-08
PCG: 1 : 8.979517e-09 / 8.136571e-01
PCG: 2 : 8.677946e-09 / 7.863311e-01
PCG: 3 : 1.157616e-08 / 1.048945e+00
PCG: 0 : 1.157616e-08
PCG: 1 : 8.520132e-09 / 7.360070e-01
PCG: 2 : 8.653063e-09 / 7.474902e-01
PCG: 3 : 1.045816e-08 / 9.034227e-01
PCG: 0 : 1.045816e-08
PCG: 1 : 8.506944e-09 / 8.134264e-01
PCG: 2 : 8.221287e-09 / 7.861121e-01
PCG: 3 : 1.097007e-08 / 1.048948e+00
PCG: 0 : 1.097007e-08
PCG: 1 : 8.071709e-09 / 7.357937e-01
PCG: 2 : 8.197740e-09 / 7.472824e-01
PCG: 3 : 9.910606e-09 / 9.034223e-01
PCG: 0 : 9.910606e-09
PCG: 1 : 8.059238e-09 / 8.131933e-01
PCG: 2 : 7.788657e-09 / 7.858911e-01
PCG: 3 : 1.039574e-08 / 1.048951e+00
PCG: 0 : 1.039574e-08
PCG: 1 : 7.646886e-09 / 7.355786e-01
PCG: 2 : 7.766374e-09 / 7.470726e-01
PCG: 3 : 9.391745e-09 / 9.034222e-01
PCG: 0 : 9.391745e-09
PCG: 1 : 7.635095e-09 / 8.129581e-01
PCG: 2 : 7.378790e-09 / 7.856677e-01
PCG: 3 : 9.851507e-09 / 1.048954e+00
PCG: 0 : 9.851507e-09
PCG: 1 : 7.244414e-09 / 7.353609e-01
PCG: 2 : 7.357704e-09 / 7.468607e-01
PCG: 3 : 8.900069e-09 / 9.034221e-01
PCG: 0 : 8.900069e-09
PCG: 1 : 7.233272e-09 / 8.127209e-01
PCG: 2 : 6.990489e-09 / 7.854421e-01
PCG: 3 : 9.335788e-09 / 1.048957e+00
PCG: 0 : 9.335789e-09
PCG: 1 : 6.863127e-09 / 7.351416e-01
PCG: 2 : 6.970542e-09 / 7.466473e-01
PCG: 3 : 8.434158e-09 / 9.034221e-01
PCG: 0 : 8.434158e-09
PCG: 1 : 6.852598e-09 / 8.124816e-01
PCG: 2 : 6.622620e-09 / 7.852141e-01
PCG: 3 : 8.847090e-09 / 1.048959e+00
PCG: 0 : 8.847089e-09
PCG: 1 : 6.501905e-09 / 7.349203e-01
PCG: 2 : 6.603750e-09 / 7.464319e-01
PCG: 3 : 7.992655e-09 / 9.034221e-01
PCG: 0 : 7.992655e-09
PCG: 1 : 6.491958e-09 / 8.122404e-01
PCG: 2 : 6.274107e-09 / 7.849841e-01
PCG: 3 : 8.383994e-09 / 1.048962e+00
PCG: 0 : 8.383994e-09
PCG: 1 : 6.159695e-09 / 7.346970e-01
PCG: 2 : 6.256258e-09 / 7.462146e-01
PCG: 3 : 7.574284e-09 / 9.034220e-01
PCG: 0 : 7.574284e-09
PCG: 1 : 6.150295e-09 / 8.119968e-01
PCG: 2 : 5.943935e-09 / 7.847520e-01
PCG: 3 : 7.945157e-09 / 1.048965e+00
PCG: 0 : 7.945157e-09
PCG: 1 : 5.835496e-09 / 7.344721e-01
PCG: 2 : 5.927049e-09 / 7.459952e-01
PCG: 3 : 7.177829e-09 / 9.034219e-01
PCG: 0 : 7.177829e-09
PCG: 1 : 5.826613e-09 / 8.117515e-01
PCG: 2 : 5.631136e-09 / 7.845181e-01
PCG: 3 : 7.529307e-09 / 1.048967e+00
PCG: 0 : 7.529307e-09
PCG: 1 : 5.528358e-09 / 7.342453e-01
PCG: 2 : 5.615163e-09 / 7.457743e-01
PCG: 3 : 6.802144e-09 / 9.034224e-01
PCG: 0 : 6.802144e-09
PCG: 1 : 5.519967e-09 / 8.115040e-01
PCG: 2 : 5.334799e-09 / 7.842820e-01
PCG: 3 : 7.135241e-09 / 1.048969e+00
PCG: 0 : 7.135241e-09
PCG: 1 : 5.237385e-09 / 7.340166e-01
PCG: 2 : 5.319687e-09 / 7.455512e-01
PCG: 3 : 6.446135e-09 / 9.034222e-01
PCG: 0 : 6.446134e-09
PCG: 1 : 5.229458e-09 / 8.112549e-01
PCG: 2 : 5.054055e-09 / 7.840444e-01
PCG: 3 : 6.761818e-09 / 1.048972e+00
PCG: 0 : 6.761817e-09
PCG: 1 : 4.961727e-09 / 7.337860e-01
PCG: 2 : 5.039759e-09 / 7.453262e-01
PCG: 3 : 6.108771e-09 / 9.034215e-01
PCG: 0 : 6.108770e-09
PCG: 1 : 4.954239e-09 / 8.110043e-01
PCG: 2 : 4.788087e-09 / 7.838053e-01
PCG: 3 : 6.407956e-09 / 1.048976e+00
PCG: 0 : 6.407955e-09
PCG: 1 : 4.700581e-09 / 7.335539e-01
PCG: 2 : 4.774563e-09 / 7.450992e-01
PCG: 3 : 5.789078e-09 / 9.034204e-01
PCG: 0 : 5.789077e-09
PCG: 1 : 4.693503e-09 / 8.107516e-01
PCG: 2 : 4.536114e-09 / 7.835642e-01
PCG: 3 : 6.072622e-09 / 1.048979e+00
PCG: 0 : 6.072622e-09
PCG: 1 : 4.453178e-09 / 7.333205e-01
PCG: 2 : 4.523321e-09 / 7.448711e-01
PCG: 3 : 5.486130e-09 / 9.034203e-01
PCG: 0 : 5.486129e-09
PCG: 1 : 4.446490e-09 / 8.104968e-01
PCG: 2 : 4.297400e-09 / 7.833209e-01
PCG: 3 : 5.754847e-09 / 1.048981e+00
PCG: 0 : 5.754847e-09
PCG: 1 : 4.218796e-09 / 7.330856e-01
PCG: 2 : 4.285298e-09 / 7.446415e-01
PCG: 3 : 5.199048e-09 / 9.034206e-01
PCG: 0 : 5.199047e-09
PCG: 1 : 4.212480e-09 / 8.102407e-01
PCG: 2 : 4.071250e-09 / 7.830760e-01
PCG: 3 : 5.453716e-09 / 1.048984e+00
PCG: 0 : 5.453716e-09
PCG: 1 : 3.996749e-09 / 7.328488e-01
PCG: 2 : 4.059801e-09 / 7.444102e-01
PCG: 3 : 4.926997e-09 / 9.034202e-01
PCG: 0 : 4.926997e-09
PCG: 1 : 3.990785e-09 / 8.099833e-01
PCG: 2 : 3.856999e-09 / 7.828297e-01
PCG: 3 : 5.168354e-09 / 1.048987e+00
PCG: 0 : 5.168354e-09
PCG: 1 : 3.786392e-09 / 7.326108e-01
PCG: 2 : 3.846172e-09 / 7.441773e-01
PCG: 3 : 4.669192e-09 / 9.034194e-01
PCG: 0 : 4.669192e-09
PCG: 1 : 3.780758e-09 / 8.097242e-01
PCG: 2 : 3.654026e-09 / 7.825820e-01
PCG: 3 : 4.897935e-09 / 1.048990e+00
PCG: 0 : 4.897935e-09
PCG: 1 : 3.587108e-09 / 7.323714e-01
PCG: 2 : 3.643784e-09 / 7.439429e-01
PCG: 3 : 4.424887e-09 / 9.034189e-01
PCG: 0 : 4.424887e-09
PCG: 1 : 3.581784e-09 / 8.094634e-01
PCG: 2 : 3.461734e-09 / 7.823326e-01
PCG: 3 : 4.641672e-09 / 1.048992e+00
PCG: 0 : 4.641673e-09
PCG: 1 : 3.398311e-09 / 7.321306e-01
PCG: 2 : 3.452044e-09 / 7.437069e-01
PCG: 3 : 4.193371e-09 / 9.034181e-01
PCG: 0 : 4.193371e-09
PCG: 1 : 3.393283e-09 / 8.092015e-01
PCG: 2 : 3.279561e-09 / 7.820822e-01
PCG: 3 : 4.398828e-09 / 1.048996e+00
PCG: 0 : 4.398828e-09
PCG: 1 : 3.219454e-09 / 7.318890e-01
PCG: 2 : 3.270397e-09 / 7.434700e-01
PCG: 3 : 3.973981e-09 / 9.034180e-01
PCG: 0 : 3.973980e-09
PCG: 1 : 3.214704e-09 / 8.089380e-01
PCG: 2 : 3.106976e-09 / 7.818298e-01
PCG: 3 : 4.168696e-09 / 1.048998e+00
PCG: 0 : 4.168696e-09
PCG: 1 : 3.050009e-09 / 7.316458e-01
PCG: 2 : 3.098307e-09 / 7.432316e-01
PCG: 3 : 3.766073e-09 / 9.034175e-01
PCG: 0 : 3.766072e-09
PCG: 1 : 3.045523e-09 / 8.086736e-01
PCG: 2 : 2.943473e-09 / 7.815764e-01
PCG: 3 : 3.950612e-09 / 1.049001e+00
PCG: 0 : 3.950612e-09
PCG: 1 : 2.889484e-09 / 7.314016e-01
PCG: 2 : 2.935273e-09 / 7.429921e-01
PCG: 3 : 3.569048e-09 / 9.034165e-01
PCG: 0 : 3.569048e-09
PCG: 1 : 2.885248e-09 / 8.084082e-01
PCG: 2 : 2.788575e-09 / 7.813219e-01
PCG: 3 : 3.743945e-09 / 1.049004e+00

PCG ( VCycle ( S: Scale / C: Scale )  )

Complete solver TOE: 0.492033
8.28942 GFlop/s [8.28942 GFlops/s]

Total time: 0.492033s
Accumulated op time: 0.372262

Reductions: 62.937%
Blas-1: 7.31801%
Blas-2: 5.40289%
Precon Kernels: 0%
MPI Execution: 0%
MPI Wait: 0%
Not covered: 24.3421%

Domain size: 2.85367 MByte
LA size: 6.32385 MByte
MPI size: 0.159225 MByte

H0-Error: 2.746590e-05
H1-Error: 1.613732e-02

Writing DATA to output.data...
Run-Time: 0:00.564 [0:00.564]
0x31d198e880 Error: MemoryPool<CUDA> still contains memory chunks on deconstructor call
