NUM-PROCS: 1
Preparing domain...
LVL-MIN: 5 [5]
LVL-MAX: 10 [10]
Creating gates...
Assembling system matrices...
Assembling system filters...
Assembling transfer matrices...
Converting assembled linear system from SparseMatrixCSR, Mem:main to SparseMatrixCSR, Mem:mainand to SparseMatrixCSR, Mem:main...
PCG: 0 : 9.473041e-03
PCG: 1 : 4.063083e-02 / 4.289102e+00
PCG: 2 : 4.513056e-02 / 4.764105e+00
PCG: 3 : 1.234024e-01 / 1.302669e+01
PCG: 4 : 2.104577e-01 / 2.221649e+01
PCG: 5 : 1.789906e-01 / 1.889474e+01
PCG: 6 : 1.623307e-01 / 1.713607e+01
PCG: 7 : 9.671058e-02 / 1.020903e+01
PCG: 0 : 9.671407e-02
PCG: 1 : 9.095874e-02 / 9.404913e-01
PCG: 2 : 6.232227e-02 / 6.443971e-01
PCG: 3 : 3.749107e-02 / 3.876486e-01
PCG: 4 : 1.742025e-02 / 1.801212e-01
PCG: 5 : 1.145926e-02 / 1.184860e-01
PCG: 6 : 1.721932e-02 / 1.780435e-01
PCG: 7 : 2.715546e-02 / 2.807809e-01
PCG: 0 : 2.715546e-02
PCG: 1 : 1.635700e-02 / 6.023467e-01
PCG: 2 : 1.044531e-02 / 3.846484e-01
PCG: 3 : 9.494961e-03 / 3.496520e-01
PCG: 4 : 6.807213e-03 / 2.506756e-01
PCG: 5 : 7.267625e-03 / 2.676303e-01
PCG: 6 : 1.160530e-02 / 4.273654e-01
PCG: 7 : 8.458909e-03 / 3.114993e-01
PCG: 0 : 8.458912e-03
PCG: 1 : 8.076862e-03 / 9.548345e-01
PCG: 2 : 4.710714e-03 / 5.568936e-01
PCG: 3 : 3.471991e-03 / 4.104536e-01
PCG: 4 : 3.715246e-03 / 4.392108e-01
PCG: 5 : 4.158970e-03 / 4.916673e-01
PCG: 6 : 5.865681e-03 / 6.934320e-01
PCG: 7 : 8.393032e-03 / 9.922116e-01
PCG: 0 : 8.393032e-03
PCG: 1 : 4.287754e-03 / 5.108707e-01
PCG: 2 : 2.520653e-03 / 3.003269e-01
PCG: 3 : 2.208420e-03 / 2.631254e-01
PCG: 4 : 1.914238e-03 / 2.280747e-01
PCG: 5 : 2.304249e-03 / 2.745431e-01
PCG: 6 : 3.290357e-03 / 3.920344e-01
PCG: 7 : 2.886568e-03 / 3.439244e-01
PCG: 0 : 2.886568e-03
PCG: 1 : 2.342895e-03 / 8.116541e-01
PCG: 2 : 1.365271e-03 / 4.729736e-01
PCG: 3 : 1.110574e-03 / 3.847385e-01
PCG: 4 : 1.105491e-03 / 3.829777e-01
PCG: 5 : 1.158204e-03 / 4.012389e-01
PCG: 6 : 1.738504e-03 / 6.022735e-01
PCG: 7 : 2.683574e-03 / 9.296761e-01
PCG: 0 : 2.683573e-03
PCG: 1 : 1.305894e-03 / 4.866250e-01
PCG: 2 : 7.440513e-04 / 2.772614e-01
PCG: 3 : 6.709306e-04 / 2.500139e-01
PCG: 4 : 5.751225e-04 / 2.143122e-01
PCG: 5 : 6.558496e-04 / 2.443942e-01
PCG: 6 : 9.683001e-04 / 3.608250e-01
PCG: 7 : 8.952253e-04 / 3.335945e-01
PCG: 0 : 8.952254e-04
PCG: 1 : 7.222827e-04 / 8.068166e-01
PCG: 2 : 4.101693e-04 / 4.581743e-01
PCG: 3 : 3.239045e-04 / 3.618133e-01
PCG: 4 : 3.285098e-04 / 3.669577e-01
PCG: 5 : 3.436473e-04 / 3.838668e-01
PCG: 6 : 5.219816e-04 / 5.830728e-01
PCG: 7 : 8.362204e-04 / 9.340892e-01
PCG: 0 : 8.362204e-04
PCG: 1 : 4.056070e-04 / 4.850479e-01
PCG: 2 : 2.262829e-04 / 2.706020e-01
PCG: 3 : 2.022865e-04 / 2.419057e-01
PCG: 4 : 1.775273e-04 / 2.122973e-01
PCG: 5 : 1.983828e-04 / 2.372375e-01
PCG: 6 : 2.909486e-04 / 3.479329e-01
PCG: 7 : 2.770813e-04 / 3.313496e-01
PCG: 0 : 2.770814e-04
PCG: 1 : 2.240455e-04 / 8.085908e-01
PCG: 2 : 1.284357e-04 / 4.635304e-01
PCG: 3 : 1.029102e-04 / 3.714077e-01
PCG: 4 : 1.016220e-04 / 3.667586e-01
PCG: 5 : 1.043122e-04 / 3.764675e-01
PCG: 6 : 1.591947e-04 / 5.745410e-01
PCG: 7 : 2.575024e-04 / 9.293384e-01
PCG: 0 : 2.575024e-04
PCG: 1 : 1.259526e-04 / 4.891318e-01
PCG: 2 : 7.091335e-05 / 2.753890e-01
PCG: 3 : 6.446988e-05 / 2.503661e-01
PCG: 4 : 5.685119e-05 / 2.207792e-01
PCG: 5 : 6.165313e-05 / 2.394274e-01
PCG: 6 : 8.850014e-05 / 3.436866e-01
PCG: 7 : 8.442641e-05 / 3.278665e-01
PCG: 0 : 8.442644e-05
PCG: 1 : 6.928638e-05 / 8.206715e-01
PCG: 2 : 4.115689e-05 / 4.874882e-01
PCG: 3 : 3.383026e-05 / 4.007069e-01
PCG: 4 : 3.295600e-05 / 3.903517e-01
PCG: 5 : 3.275445e-05 / 3.879644e-01
PCG: 6 : 4.882758e-05 / 5.783446e-01
PCG: 7 : 7.891735e-05 / 9.347468e-01
PCG: 0 : 7.891736e-05
PCG: 1 : 3.922420e-05 / 4.970288e-01
PCG: 2 : 2.284487e-05 / 2.894784e-01
PCG: 3 : 2.151850e-05 / 2.726713e-01
PCG: 4 : 1.905815e-05 / 2.414950e-01
PCG: 5 : 1.969805e-05 / 2.496035e-01
PCG: 6 : 2.711706e-05 / 3.436134e-01
PCG: 7 : 2.588926e-05 / 3.280554e-01
PCG: 0 : 2.588927e-05
PCG: 1 : 2.165341e-05 / 8.363854e-01
PCG: 2 : 1.357153e-05 / 5.242144e-01
PCG: 3 : 1.164763e-05 / 4.499017e-01
PCG: 4 : 1.114232e-05 / 4.303837e-01
PCG: 5 : 1.052204e-05 / 4.064247e-01
PCG: 6 : 1.515515e-05 / 5.853832e-01
PCG: 7 : 2.460008e-05 / 9.502035e-01
PCG: 0 : 2.460008e-05
PCG: 1 : 1.244618e-05 / 5.059406e-01
PCG: 2 : 7.565794e-06 / 3.075516e-01
PCG: 3 : 7.411571e-06 / 3.012824e-01
PCG: 4 : 6.546460e-06 / 2.661154e-01
PCG: 5 : 6.408907e-06 / 2.605238e-01
PCG: 6 : 8.463096e-06 / 3.440272e-01
PCG: 7 : 8.160226e-06 / 3.317154e-01
PCG: 0 : 8.160225e-06
PCG: 1 : 6.948222e-06 / 8.514743e-01
PCG: 2 : 4.566482e-06 / 5.596025e-01
PCG: 3 : 4.063980e-06 / 4.980230e-01
PCG: 4 : 3.819908e-06 / 4.681131e-01
PCG: 5 : 3.436520e-06 / 4.211306e-01
PCG: 6 : 4.823450e-06 / 5.910928e-01
PCG: 7 : 7.926596e-06 / 9.713699e-01
PCG: 0 : 7.926596e-06
PCG: 1 : 4.062531e-06 / 5.125189e-01
PCG: 2 : 2.538833e-06 / 3.202929e-01
PCG: 3 : 2.553060e-06 / 3.220878e-01
PCG: 4 : 2.252900e-06 / 2.842203e-01
PCG: 5 : 2.122100e-06 / 2.677189e-01
PCG: 6 : 2.726430e-06 / 3.439597e-01
PCG: 7 : 2.654350e-06 / 3.348663e-01
PCG: 0 : 2.654351e-06
PCG: 1 : 2.289803e-06 / 8.626602e-01
PCG: 2 : 1.546965e-06 / 5.828032e-01
PCG: 3 : 1.406955e-06 / 5.300560e-01
PCG: 4 : 1.306679e-06 / 4.922782e-01
PCG: 5 : 1.141173e-06 / 4.299256e-01
PCG: 6 : 1.581852e-06 / 5.959467e-01
PCG: 7 : 2.616147e-06 / 9.856068e-01
PCG: 0 : 2.616147e-06
PCG: 1 : 1.352189e-06 / 5.168628e-01
PCG: 2 : 8.545361e-07 / 3.266392e-01
PCG: 3 : 8.716292e-07 / 3.331729e-01
PCG: 4 : 7.718444e-07 / 2.950310e-01
PCG: 5 : 7.126289e-07 / 2.723964e-01
PCG: 6 : 9.018354e-07 / 3.447190e-01
PCG: 7 : 8.782390e-07 / 3.356994e-01
PCG: 0 : 8.782394e-07
PCG: 1 : 7.652310e-07 / 8.713239e-01
PCG: 2 : 5.247740e-07 / 5.975296e-01
PCG: 3 : 4.831100e-07 / 5.500892e-01
PCG: 4 : 4.455068e-07 / 5.072727e-01
PCG: 5 : 3.828538e-07 / 4.359334e-01
PCG: 6 : 5.279085e-07 / 6.010986e-01
PCG: 7 : 8.722799e-07 / 9.932143e-01

PCG ( VCycle ( S: Scale / C: Scale )  )

Complete solver TOE: 56.803
0.00369151 GFlop/s [0.00369151 GFlops/s]

Total time: 56.803s
Accumulated op time: 55.4086

Reductions: 1.65059%
Blas-1: 5.14778%
Blas-2: 90.7468%
Precon Kernels: 0%
MPI Execution: 0%
MPI Wait: 0%
Not covered: 2.45486%

Domain size: 106.918 MByte
LA size: 356.315 MByte
MPI size: 10.6949 MByte

H0-Error: 8.382210e-07
H1-Error: 2.017211e-03

Writing DATA to output.data...
Run-Time: 1:06.599 [1:06.599]
0xb33a19f8 Error: MemoryPool<CPU> still contains memory chunks on deconstructor call
