NUM-PROCS: 1
Preparing domain...
LVL-MIN: 5 [5]
LVL-MAX: 7 [7]
Creating gates...
Assembling system matrices...
Assembling system filters...
Assembling transfer matrices...
Converting assembled linear system from SparseMatrixCSR, Mem:main to SparseMatrixCSR, Mem:mainand to SparseMatrixCSR, Mem:main...
PCG: 0 : 7.572480e-02
PCG: 1 : 2.892986e-01 / 3.820395e+00
PCG: 2 : 2.174550e-01 / 2.871649e+00
PCG: 3 : 3.691241e-01 / 4.874547e+00
PCG: 0 : 3.678347e-01
PCG: 1 : 2.379177e-01 / 6.468060e-01
PCG: 2 : 1.730513e-01 / 4.704594e-01
PCG: 3 : 2.222327e-01 / 6.041647e-01
PCG: 0 : 2.222327e-01
PCG: 1 : 1.220283e-01 / 5.491012e-01
PCG: 2 : 8.692145e-02 / 3.911280e-01
PCG: 3 : 7.024907e-02 / 3.161058e-01
PCG: 0 : 7.024905e-02
PCG: 1 : 5.352944e-02 / 7.619952e-01
PCG: 2 : 7.461943e-02 / 1.062213e+00
PCG: 3 : 1.260822e-01 / 1.794789e+00
PCG: 0 : 1.260822e-01
PCG: 1 : 6.229481e-02 / 4.940809e-01
PCG: 2 : 4.199463e-02 / 3.330734e-01
PCG: 3 : 4.890209e-02 / 3.878587e-01
PCG: 0 : 4.890209e-02
PCG: 1 : 3.633625e-02 / 7.430407e-01
PCG: 2 : 5.079409e-02 / 1.038689e+00
PCG: 3 : 9.297030e-02 / 1.901152e+00
PCG: 0 : 9.297031e-02
PCG: 1 : 4.557827e-02 / 4.902454e-01
PCG: 2 : 3.229593e-02 / 3.473790e-01
PCG: 3 : 4.027813e-02 / 4.332365e-01
PCG: 0 : 4.027813e-02
PCG: 1 : 2.927479e-02 / 7.268160e-01
PCG: 2 : 3.808343e-02 / 9.455115e-01
PCG: 3 : 6.934829e-02 / 1.721736e+00
PCG: 0 : 6.934829e-02
PCG: 1 : 3.420593e-02 / 4.932484e-01
PCG: 2 : 2.659767e-02 / 3.835375e-01
PCG: 3 : 3.401187e-02 / 4.904501e-01
PCG: 0 : 3.401187e-02
PCG: 1 : 2.441015e-02 / 7.176949e-01
PCG: 2 : 2.866794e-02 / 8.428803e-01
PCG: 3 : 5.163679e-02 / 1.518199e+00
PCG: 0 : 5.163679e-02
PCG: 1 : 2.569463e-02 / 4.976032e-01
PCG: 2 : 2.208956e-02 / 4.277872e-01
PCG: 3 : 2.840657e-02 / 5.501228e-01
PCG: 0 : 2.840657e-02
PCG: 1 : 2.033267e-02 / 7.157734e-01
PCG: 2 : 2.182655e-02 / 7.683628e-01
PCG: 3 : 3.908573e-02 / 1.375940e+00
PCG: 0 : 3.908573e-02
PCG: 1 : 1.960186e-02 / 5.015095e-01
PCG: 2 : 1.813368e-02 / 4.639463e-01
PCG: 3 : 2.324026e-02 / 5.945970e-01
PCG: 0 : 2.324025e-02
PCG: 1 : 1.668255e-02 / 7.178301e-01
PCG: 2 : 1.691151e-02 / 7.276818e-01
PCG: 3 : 3.011070e-02 / 1.295627e+00
PCG: 0 : 3.011070e-02
PCG: 1 : 1.521452e-02 / 5.052862e-01
PCG: 2 : 1.470099e-02 / 4.882316e-01
PCG: 3 : 1.871809e-02 / 6.216424e-01
PCG: 0 : 1.871808e-02
PCG: 1 : 1.351044e-02 / 7.217856e-01
PCG: 2 : 1.327209e-02 / 7.090518e-01
PCG: 3 : 2.345796e-02 / 1.253225e+00
PCG: 0 : 2.345796e-02
PCG: 1 : 1.194723e-02 / 5.093040e-01
PCG: 2 : 1.182395e-02 / 5.040486e-01
PCG: 3 : 1.493617e-02 / 6.367207e-01
PCG: 0 : 1.493617e-02
PCG: 1 : 1.085626e-02 / 7.268441e-01
PCG: 2 : 1.049254e-02 / 7.024921e-01
PCG: 3 : 1.838546e-02 / 1.230936e+00
PCG: 0 : 1.838546e-02
PCG: 1 : 9.444620e-03 / 5.137005e-01
PCG: 2 : 9.469454e-03 / 5.150512e-01
PCG: 3 : 1.185691e-02 / 6.449070e-01
PCG: 0 : 1.185691e-02
PCG: 1 : 8.687533e-03 / 7.326977e-01
PCG: 2 : 8.328361e-03 / 7.024055e-01
PCG: 3 : 1.445404e-02 / 1.219039e+00
PCG: 0 : 1.445404e-02
PCG: 1 : 7.494706e-03 / 5.185196e-01
PCG: 2 : 7.567661e-03 / 5.235670e-01
PCG: 3 : 9.385436e-03 / 6.493294e-01
PCG: 0 : 9.385435e-03
PCG: 1 : 6.937732e-03 / 7.392020e-01
PCG: 2 : 6.625207e-03 / 7.059031e-01
PCG: 3 : 1.138036e-02 / 1.212555e+00
PCG: 0 : 1.138036e-02
PCG: 1 : 5.960468e-03 / 5.237505e-01
PCG: 2 : 6.041746e-03 / 5.308925e-01
PCG: 3 : 7.417032e-03 / 6.517399e-01
PCG: 0 : 7.417032e-03
PCG: 1 : 5.535202e-03 / 7.462825e-01
PCG: 2 : 5.277109e-03 / 7.114853e-01
PCG: 3 : 8.966579e-03 / 1.208917e+00
PCG: 0 : 8.966578e-03
PCG: 1 : 4.746753e-03 / 5.293829e-01
PCG: 2 : 4.821386e-03 / 5.377064e-01
PCG: 3 : 5.855860e-03 / 6.530764e-01
PCG: 0 : 5.855860e-03
PCG: 1 : 4.414698e-03 / 7.538940e-01
PCG: 2 : 4.206696e-03 / 7.183738e-01
PCG: 3 : 7.067004e-03 / 1.206826e+00
PCG: 0 : 7.067004e-03
PCG: 1 : 3.783596e-03 / 5.353889e-01
PCG: 2 : 3.846920e-03 / 5.443495e-01
PCG: 3 : 4.620651e-03 / 6.538345e-01
PCG: 0 : 4.620651e-03
PCG: 1 : 3.520935e-03 / 7.619998e-01
PCG: 2 : 3.355162e-03 / 7.261232e-01
PCG: 3 : 5.570572e-03 / 1.205582e+00
PCG: 0 : 5.570572e-03
PCG: 1 : 3.017837e-03 / 5.417463e-01
PCG: 2 : 3.069357e-03 / 5.509949e-01
PCG: 3 : 3.644798e-03 / 6.542950e-01
PCG: 0 : 3.644797e-03
PCG: 1 : 2.808479e-03 / 7.705446e-01
PCG: 2 : 2.676958e-03 / 7.344601e-01
PCG: 3 : 4.391265e-03 / 1.204803e+00
PCG: 0 : 4.391265e-03
PCG: 1 : 2.408210e-03 / 5.484092e-01
PCG: 2 : 2.448984e-03 / 5.576945e-01
PCG: 3 : 2.874497e-03 / 6.545942e-01
PCG: 0 : 2.874496e-03
PCG: 1 : 2.240633e-03 / 7.794872e-01
PCG: 2 : 2.136384e-03 / 7.432204e-01
PCG: 3 : 3.461859e-03 / 1.204336e+00
PCG: 0 : 3.461859e-03
PCG: 1 : 1.922484e-03 / 5.553330e-01
PCG: 2 : 1.954042e-03 / 5.644487e-01
PCG: 3 : 2.266840e-03 / 6.548043e-01
PCG: 0 : 2.266840e-03
PCG: 1 : 1.787988e-03 / 7.887579e-01
PCG: 2 : 1.705241e-03 / 7.522547e-01
PCG: 3 : 2.729358e-03 / 1.204037e+00
PCG: 0 : 2.729358e-03
PCG: 1 : 1.535193e-03 / 5.624741e-01
PCG: 2 : 1.559144e-03 / 5.712493e-01
PCG: 3 : 1.787721e-03 / 6.549969e-01
PCG: 0 : 1.787721e-03
PCG: 1 : 1.427094e-03 / 7.982754e-01
PCG: 2 : 1.361244e-03 / 7.614408e-01
PCG: 3 : 2.152133e-03 / 1.203841e+00
PCG: 0 : 2.152133e-03
PCG: 1 : 1.226214e-03 / 5.697668e-01
PCG: 2 : 1.244011e-03 / 5.780363e-01
PCG: 3 : 1.410023e-03 / 6.551746e-01
PCG: 0 : 1.410023e-03
PCG: 1 : 1.139253e-03 / 8.079677e-01
PCG: 2 : 1.086691e-03 / 7.706907e-01
PCG: 3 : 1.697315e-03 / 1.203750e+00
PCG: 0 : 1.697315e-03
PCG: 1 : 9.795936e-04 / 5.771433e-01
PCG: 2 : 9.925124e-04 / 5.847546e-01
PCG: 3 : 1.112338e-03 / 6.553516e-01
PCG: 0 : 1.112338e-03
PCG: 1 : 9.096031e-04 / 8.177398e-01
PCG: 2 : 8.674982e-04 / 7.798872e-01
PCG: 3 : 1.338948e-03 / 1.203724e+00
PCG: 0 : 1.338948e-03
PCG: 1 : 7.826560e-04 / 5.845308e-01
PCG: 2 : 7.917927e-04 / 5.913545e-01
PCG: 3 : 8.777329e-04 / 6.555394e-01
PCG: 0 : 8.777326e-04
PCG: 1 : 7.263217e-04 / 8.274977e-01
PCG: 2 : 6.924803e-04 / 7.889422e-01
PCG: 3 : 1.056578e-03 / 1.203758e+00
PCG: 0 : 1.056578e-03
PCG: 1 : 6.253451e-04 / 5.918589e-01
PCG: 2 : 6.315915e-04 / 5.977708e-01
PCG: 3 : 6.928442e-04 / 6.557434e-01
PCG: 0 : 6.928443e-04
PCG: 1 : 5.800077e-04 / 8.371400e-01
PCG: 2 : 5.527220e-04 / 7.977579e-01
PCG: 3 : 8.340643e-04 / 1.203826e+00
PCG: 0 : 8.340641e-04
PCG: 1 : 4.996540e-04 / 5.990595e-01
PCG: 2 : 5.037354e-04 / 6.039528e-01
PCG: 3 : 5.471162e-04 / 6.559643e-01
PCG: 0 : 5.471162e-04
PCG: 1 : 4.631700e-04 / 8.465661e-01
PCG: 2 : 4.411178e-04 / 8.062599e-01
PCG: 3 : 6.586906e-04 / 1.203932e+00
PCG: 0 : 6.586905e-04
PCG: 1 : 3.992054e-04 / 6.060591e-01
PCG: 2 : 4.016993e-04 / 6.098453e-01
PCG: 3 : 4.322260e-04 / 6.561899e-01
PCG: 0 : 4.322261e-04
PCG: 1 : 3.698552e-04 / 8.556985e-01
PCG: 2 : 3.519946e-04 / 8.143762e-01
PCG: 3 : 5.204342e-04 / 1.204079e+00
PCG: 0 : 5.204342e-04
PCG: 1 : 3.189182e-04 / 6.127927e-01
PCG: 2 : 3.202824e-04 / 6.154139e-01
PCG: 3 : 3.416257e-04 / 6.564245e-01
PCG: 0 : 3.416257e-04
PCG: 1 : 2.953183e-04 / 8.644501e-01
PCG: 2 : 2.808297e-04 / 8.220392e-01
PCG: 3 : 4.114016e-04 / 1.204247e+00
PCG: 0 : 4.114016e-04
PCG: 1 : 2.547407e-04 / 6.192020e-01
PCG: 2 : 2.553257e-04 / 6.206240e-01
PCG: 3 : 2.701541e-04 / 6.566677e-01
PCG: 0 : 2.701541e-04
PCG: 1 : 2.357763e-04 / 8.727474e-01
PCG: 2 : 2.240139e-04 / 8.292078e-01
PCG: 3 : 3.253832e-04 / 1.204435e+00
PCG: 0 : 3.253831e-04
PCG: 1 : 2.034422e-04 / 6.252390e-01
PCG: 2 : 2.035090e-04 / 6.254443e-01
PCG: 3 : 2.137471e-04 / 6.569091e-01
PCG: 0 : 2.137471e-04
PCG: 1 : 1.882125e-04 / 8.805382e-01
PCG: 2 : 1.786605e-04 / 8.358498e-01
PCG: 3 : 2.574905e-04 / 1.204650e+00
PCG: 0 : 2.574905e-04
PCG: 1 : 1.624422e-04 / 6.308668e-01
PCG: 2 : 1.621833e-04 / 6.298611e-01
PCG: 3 : 1.692071e-04 / 6.571392e-01
PCG: 0 : 1.692071e-04
PCG: 1 : 1.502174e-04 / 8.877724e-01
PCG: 2 : 1.424623e-04 / 8.419404e-01
PCG: 3 : 2.038744e-04 / 1.204881e+00
PCG: 0 : 2.038744e-04
PCG: 1 : 1.296759e-04 / 6.360580e-01
PCG: 2 : 1.292300e-04 / 6.338709e-01
PCG: 3 : 1.340213e-04 / 6.573719e-01
PCG: 0 : 1.340213e-04
PCG: 1 : 1.198708e-04 / 8.944162e-01
PCG: 2 : 1.135776e-04 / 8.474593e-01
PCG: 3 : 1.615104e-04 / 1.205110e+00
PCG: 0 : 1.615104e-04
PCG: 1 : 1.034952e-04 / 6.407958e-01
PCG: 2 : 1.029581e-04 / 6.374704e-01
PCG: 3 : 1.062079e-04 / 6.575915e-01
PCG: 0 : 1.062079e-04
PCG: 1 : 9.563479e-05 / 9.004492e-01
PCG: 2 : 9.053306e-05 / 8.524139e-01
PCG: 3 : 1.280162e-04 / 1.205337e+00
PCG: 0 : 1.280162e-04
PCG: 1 : 8.258000e-05 / 6.450745e-01
PCG: 2 : 8.201666e-05 / 6.406739e-01
PCG: 3 : 8.421041e-05 / 6.578104e-01
PCG: 0 : 8.421040e-05
PCG: 1 : 7.628414e-05 / 9.058755e-01
PCG: 2 : 7.215198e-05 / 8.568061e-01
PCG: 3 : 1.015207e-04 / 1.205561e+00
PCG: 0 : 1.015208e-04
PCG: 1 : 6.587522e-05 / 6.488842e-01
PCG: 2 : 6.532726e-05 / 6.434867e-01
PCG: 3 : 6.680201e-05 / 6.580134e-01
PCG: 0 : 6.680200e-05
PCG: 1 : 6.083600e-05 / 9.106912e-01
PCG: 2 : 5.749358e-05 / 8.606566e-01
PCG: 3 : 8.054876e-05 / 1.205784e+00
PCG: 0 : 8.054875e-05
PCG: 1 : 5.253738e-05 / 6.522433e-01
PCG: 2 : 5.202841e-05 / 6.459245e-01
PCG: 3 : 5.301757e-05 / 6.582047e-01
PCG: 0 : 5.301757e-05
PCG: 1 : 4.850654e-05 / 9.149145e-01
PCG: 2 : 4.580634e-05 / 8.639841e-01
PCG: 3 : 6.393877e-05 / 1.205992e+00
PCG: 0 : 6.393878e-05
PCG: 1 : 4.189043e-05 / 6.551647e-01
PCG: 2 : 4.143316e-05 / 6.480131e-01
PCG: 3 : 4.209655e-05 / 6.583884e-01
PCG: 0 : 4.209654e-05
PCG: 1 : 3.866843e-05 / 9.185653e-01
PCG: 2 : 3.649011e-05 / 8.668196e-01
PCG: 3 : 5.077681e-05 / 1.206199e+00
PCG: 0 : 5.077680e-05
PCG: 1 : 3.339416e-05 / 6.576657e-01
PCG: 2 : 3.299295e-05 / 6.497643e-01
PCG: 3 : 3.343913e-05 / 6.585514e-01
PCG: 0 : 3.343913e-05
PCG: 1 : 3.081999e-05 / 9.216743e-01
PCG: 2 : 2.906501e-05 / 8.691915e-01
PCG: 3 : 4.034086e-05 / 1.206397e+00
PCG: 0 : 4.034086e-05
PCG: 1 : 2.661549e-05 / 6.597650e-01
PCG: 2 : 2.627011e-05 / 6.512036e-01
PCG: 3 : 2.657264e-05 / 6.587029e-01
PCG: 0 : 2.657264e-05
PCG: 1 : 2.456026e-05 / 9.242688e-01
PCG: 2 : 2.314819e-05 / 8.711289e-01
PCG: 3 : 3.206222e-05 / 1.206588e+00
PCG: 0 : 3.206222e-05
PCG: 1 : 2.120890e-05 / 6.614919e-01
PCG: 2 : 2.091590e-05 / 6.523536e-01
PCG: 3 : 2.112388e-05 / 6.588403e-01
PCG: 0 : 2.112388e-05
PCG: 1 : 1.956880e-05 / 9.263830e-01
PCG: 2 : 1.843410e-05 / 8.726667e-01
PCG: 3 : 2.549162e-05 / 1.206768e+00
PCG: 0 : 2.549162e-05
PCG: 1 : 1.689773e-05 / 6.628741e-01
PCG: 2 : 1.665219e-05 / 6.532419e-01
PCG: 3 : 1.679815e-05 / 6.589674e-01
PCG: 0 : 1.679814e-05
PCG: 1 : 1.558964e-05 / 9.280573e-01
PCG: 2 : 1.467876e-05 / 8.738323e-01
PCG: 3 : 2.027433e-05 / 1.206939e+00
PCG: 0 : 2.027432e-05
PCG: 1 : 1.346085e-05 / 6.639359e-01
PCG: 2 : 1.325705e-05 / 6.538836e-01
PCG: 3 : 1.336252e-05 / 6.590858e-01
PCG: 0 : 1.336252e-05
PCG: 1 : 1.241785e-05 / 9.293044e-01
PCG: 2 : 1.168756e-05 / 8.746525e-01
PCG: 3 : 1.612960e-05 / 1.207078e+00
PCG: 0 : 1.612960e-05
PCG: 1 : 1.072147e-05 / 6.647078e-01
PCG: 2 : 1.055365e-05 / 6.543031e-01
PCG: 3 : 1.063261e-05 / 6.591984e-01
PCG: 0 : 1.063261e-05
PCG: 1 : 9.890260e-06 / 9.301821e-01
PCG: 2 : 9.305282e-06 / 8.751647e-01
PCG: 3 : 1.283591e-05 / 1.207222e+00
PCG: 0 : 1.283591e-05
PCG: 1 : 8.538555e-06 / 6.652082e-01
PCG: 2 : 8.401335e-06 / 6.545179e-01
PCG: 3 : 8.462654e-06 / 6.592950e-01
PCG: 0 : 8.462653e-06
PCG: 1 : 7.876375e-06 / 9.307218e-01
PCG: 2 : 7.408190e-06 / 8.753981e-01
PCG: 3 : 1.021749e-05 / 1.207362e+00
PCG: 0 : 1.021749e-05
PCG: 1 : 6.799363e-06 / 6.654633e-01
PCG: 2 : 6.687814e-06 / 6.545459e-01
PCG: 3 : 6.737225e-06 / 6.593817e-01
PCG: 0 : 6.737224e-06
PCG: 1 : 6.271986e-06 / 9.309452e-01
PCG: 2 : 5.897589e-06 / 8.753737e-01
PCG: 3 : 8.135160e-06 / 1.207494e+00
PCG: 0 : 8.135160e-06
PCG: 1 : 5.413950e-06 / 6.655000e-01
PCG: 2 : 5.323701e-06 / 6.544064e-01
PCG: 3 : 5.364808e-06 / 6.594594e-01
PCG: 0 : 5.364807e-06
PCG: 1 : 4.994065e-06 / 9.308937e-01
PCG: 2 : 4.694852e-06 / 8.751203e-01
PCG: 3 : 6.478634e-06 / 1.207617e+00
PCG: 0 : 6.478633e-06
PCG: 1 : 4.310474e-06 / 6.653370e-01
PCG: 2 : 4.237749e-06 / 6.541116e-01
PCG: 3 : 4.272844e-06 / 6.595287e-01
PCG: 0 : 4.272844e-06
PCG: 1 : 3.976238e-06 / 9.305834e-01
PCG: 2 : 3.737273e-06 / 8.746570e-01
PCG: 3 : 5.160456e-06 / 1.207733e+00
PCG: 0 : 5.160455e-06
PCG: 1 : 3.431676e-06 / 6.649949e-01
PCG: 2 : 3.373299e-06 / 6.536825e-01
PCG: 3 : 3.403803e-06 / 6.595936e-01
PCG: 0 : 3.403803e-06
PCG: 1 : 3.165698e-06 / 9.300472e-01
PCG: 2 : 2.974934e-06 / 8.740029e-01
PCG: 3 : 4.111240e-06 / 1.207837e+00

PCG ( VCycle ( S: Scale / C: Scale )  )

Complete solver TOE: 0.956026
0.699991 GFlop/s [0.699991 GFlops/s]

Total time: 0.956026s
Accumulated op time: 0.892784

Reductions: 2.2514%
Blas-1: 6.10109%
Blas-2: 85.0324%
Precon Kernels: 0%
MPI Execution: 0%
MPI Wait: 0%
Not covered: 6.61509%

Domain size: 1.67157 MByte
LA size: 5.40018 MByte
MPI size: 0.167526 MByte

H0-Error: 3.105311e-05
H1-Error: 1.613733e-02

Writing DATA to output.data...
Run-Time: 0:01.108 [0:01.108]
0xb337d9f8 Error: MemoryPool<CPU> still contains memory chunks on deconstructor call
