NUM-PROCS: 1
Preparing domain...
LVL-MIN: 6 [6]
LVL-MAX: 11 [11]
Creating gates...
Assembling system matrices...
Assembling system filters...
Assembling transfer matrices...
Converting assembled linear system from SparseMatrixCSR, Mem:main to SparseMatrixCSR, Mem:mainand to SparseMatrixCSR, Mem:main...
PCG:  0 : 4.717541e-03
PCG:  1 : 4.205080e-02 / 8.913712e+00
PCG:  2 : 4.710787e-02 / 9.985682e+00
PCG:  3 : 1.160510e-01 / 2.459989e+01
PCG:  4 : 1.784998e-01 / 3.783746e+01
PCG:  5 : 1.558436e-01 / 3.303492e+01
PCG:  6 : 1.603725e-01 / 3.399493e+01
PCG:  7 : 1.179059e-01 / 2.499309e+01
PCG:  8 : 1.145218e-01 / 2.427574e+01
PCG:  9 : 1.609731e-01 / 3.412223e+01
PCG: 10 : 1.548388e-01 / 3.282193e+01
PCG: 11 : 1.180857e-01 / 2.503120e+01
PCG: 12 : 7.776166e-02 / 1.648351e+01
PCG: 13 : 7.020310e-02 / 1.488129e+01
PCG: 14 : 8.786841e-02 / 1.862589e+01
PCG: 15 : 8.641239e-02 / 1.831725e+01
PCG: 16 : 6.579258e-02 / 1.394637e+01
PCG: 17 : 4.469497e-02 / 9.474209e+00
PCG: 18 : 3.260164e-02 / 6.910727e+00
PCG: 19 : 3.134127e-02 / 6.643560e+00
PCG:  0 : 3.135771e-02
PCG:  1 : 2.825363e-02 / 9.010104e-01
PCG:  2 : 2.384630e-02 / 7.604605e-01
PCG:  3 : 1.912552e-02 / 6.099144e-01
PCG:  4 : 1.518206e-02 / 4.841570e-01
PCG:  5 : 1.703562e-02 / 5.432672e-01
PCG:  6 : 1.308516e-02 / 4.172868e-01
PCG:  7 : 8.601790e-03 / 2.743118e-01
PCG:  8 : 7.592998e-03 / 2.421413e-01
PCG:  9 : 7.904276e-03 / 2.520680e-01
PCG: 10 : 1.031878e-02 / 3.290668e-01
PCG: 11 : 9.736369e-03 / 3.104936e-01
PCG: 12 : 5.836496e-03 / 1.861263e-01
PCG: 13 : 5.174588e-03 / 1.650180e-01
PCG: 14 : 8.556755e-03 / 2.728756e-01
PCG: 15 : 1.058810e-02 / 3.376555e-01
PCG: 16 : 1.083938e-02 / 3.456686e-01
PCG: 17 : 9.226404e-03 / 2.942308e-01
PCG: 18 : 8.766274e-03 / 2.795572e-01
PCG: 19 : 9.238841e-03 / 2.946274e-01
PCG:  0 : 9.238856e-03
PCG:  1 : 4.214566e-03 / 4.561784e-01
PCG:  2 : 4.040751e-03 / 4.373649e-01
PCG:  3 : 3.399908e-03 / 3.680009e-01
PCG:  4 : 3.608495e-03 / 3.905781e-01
PCG:  5 : 4.729934e-03 / 5.119610e-01
PCG:  6 : 4.519984e-03 / 4.892363e-01
PCG:  7 : 4.650834e-03 / 5.033993e-01
PCG:  8 : 3.959837e-03 / 4.286068e-01
PCG:  9 : 3.151037e-03 / 3.410636e-01
PCG: 10 : 2.517852e-03 / 2.725286e-01
PCG: 11 : 1.565625e-03 / 1.694609e-01
PCG: 12 : 1.202943e-03 / 1.302047e-01
PCG: 13 : 2.111006e-03 / 2.284922e-01
PCG: 14 : 3.118655e-03 / 3.375586e-01
PCG: 15 : 2.943857e-03 / 3.186387e-01
PCG: 16 : 2.613419e-03 / 2.828726e-01
PCG: 17 : 1.662915e-03 / 1.799915e-01
PCG: 18 : 1.874784e-03 / 2.029238e-01
PCG: 19 : 2.009858e-03 / 2.175440e-01
PCG:  0 : 2.009862e-03
PCG:  1 : 1.819733e-03 / 9.054019e-01
PCG:  2 : 1.360132e-03 / 6.767293e-01
PCG:  3 : 1.224415e-03 / 6.092037e-01
PCG:  4 : 1.341920e-03 / 6.676676e-01
PCG:  5 : 1.981401e-03 / 9.858392e-01
PCG:  6 : 1.419413e-03 / 7.062239e-01
PCG:  7 : 7.287372e-04 / 3.625807e-01
PCG:  8 : 7.015778e-04 / 3.490676e-01
PCG:  9 : 9.415035e-04 / 4.684418e-01
PCG: 10 : 1.191516e-03 / 5.928347e-01
PCG: 11 : 9.068804e-04 / 4.512152e-01
PCG: 12 : 5.937943e-04 / 2.954403e-01
PCG: 13 : 6.647144e-04 / 3.307264e-01
PCG: 14 : 1.065625e-03 / 5.301981e-01
PCG: 15 : 9.734235e-04 / 4.843235e-01
PCG: 16 : 8.866049e-04 / 4.411272e-01
PCG: 17 : 7.306321e-04 / 3.635235e-01
PCG: 18 : 7.493991e-04 / 3.728610e-01
PCG: 19 : 9.482575e-04 / 4.718023e-01
PCG:  0 : 9.482545e-04
PCG:  1 : 4.917319e-04 / 5.185652e-01
PCG:  2 : 4.542082e-04 / 4.789939e-01
PCG:  3 : 4.174179e-04 / 4.401960e-01
PCG:  4 : 5.853119e-04 / 6.172519e-01
PCG:  5 : 6.384458e-04 / 6.732853e-01
PCG:  6 : 3.957833e-04 / 4.173808e-01
PCG:  7 : 3.590142e-04 / 3.786053e-01
PCG:  8 : 4.050892e-04 / 4.271946e-01
PCG:  9 : 4.214331e-04 / 4.444304e-01
PCG: 10 : 2.896070e-04 / 3.054107e-01
PCG: 11 : 2.266028e-04 / 2.389684e-01
PCG: 12 : 3.133586e-04 / 3.304583e-01
PCG: 13 : 4.503163e-04 / 4.748897e-01
PCG: 14 : 3.256599e-04 / 3.434309e-01
PCG: 15 : 2.060650e-04 / 2.173097e-01
PCG: 16 : 2.225776e-04 / 2.347235e-01
PCG: 17 : 2.180964e-04 / 2.299978e-01
PCG: 18 : 2.451008e-04 / 2.584758e-01
PCG: 19 : 2.230001e-04 / 2.351690e-01
PCG:  0 : 2.230003e-04
PCG:  1 : 2.115953e-04 / 9.488563e-01
PCG:  2 : 1.645624e-04 / 7.379468e-01
PCG:  3 : 1.396186e-04 / 6.260917e-01
PCG:  4 : 1.487599e-04 / 6.670836e-01
PCG:  5 : 2.391163e-04 / 1.072269e+00
PCG:  6 : 2.425006e-04 / 1.087445e+00
PCG:  7 : 1.472039e-04 / 6.601063e-01
PCG:  8 : 1.107635e-04 / 4.966968e-01
PCG:  9 : 1.237163e-04 / 5.547810e-01
PCG: 10 : 1.476295e-04 / 6.620149e-01
PCG: 11 : 1.206176e-04 / 5.408853e-01
PCG: 12 : 1.177290e-04 / 5.279321e-01
PCG: 13 : 1.500233e-04 / 6.727492e-01
PCG: 14 : 1.584336e-04 / 7.104636e-01
PCG: 15 : 9.650975e-05 / 4.327785e-01
PCG: 16 : 7.952229e-05 / 3.566017e-01
PCG: 17 : 8.463718e-05 / 3.795384e-01
PCG: 18 : 9.564662e-05 / 4.289080e-01
PCG: 19 : 1.166739e-04 / 5.232007e-01
PCG:  0 : 1.166739e-04
PCG:  1 : 7.108104e-05 / 6.092282e-01
PCG:  2 : 7.011191e-05 / 6.009218e-01
PCG:  3 : 5.611872e-05 / 4.809877e-01
PCG:  4 : 7.760118e-05 / 6.651116e-01
PCG:  5 : 8.383993e-05 / 7.185833e-01
PCG:  6 : 6.547364e-05 / 5.611678e-01
PCG:  7 : 5.881714e-05 / 5.041156e-01
PCG:  8 : 5.670805e-05 / 4.860387e-01
PCG:  9 : 6.111633e-05 / 5.238217e-01
PCG: 10 : 4.034441e-05 / 3.457877e-01
PCG: 11 : 3.252081e-05 / 2.787324e-01
PCG: 12 : 4.732795e-05 / 4.056430e-01
PCG: 13 : 6.156058e-05 / 5.276293e-01
PCG: 14 : 4.641213e-05 / 3.977935e-01
PCG: 15 : 3.020603e-05 / 2.588928e-01
PCG: 16 : 2.953797e-05 / 2.531669e-01
PCG: 17 : 2.994352e-05 / 2.566428e-01
PCG: 18 : 3.358127e-05 / 2.878216e-01
PCG: 19 : 3.080666e-05 / 2.640406e-01
PCG:  0 : 3.080670e-05
PCG:  1 : 2.936868e-05 / 9.533211e-01
PCG:  2 : 2.434430e-05 / 7.902272e-01
PCG:  3 : 2.158086e-05 / 7.005247e-01
PCG:  4 : 2.300628e-05 / 7.467946e-01
PCG:  5 : 3.186225e-05 / 1.034264e+00
PCG:  6 : 3.511112e-05 / 1.139723e+00
PCG:  7 : 2.430708e-05 / 7.890192e-01
PCG:  8 : 1.604273e-05 / 5.207545e-01
PCG:  9 : 1.746863e-05 / 5.670398e-01
PCG: 10 : 2.120394e-05 / 6.882898e-01
PCG: 11 : 1.780417e-05 / 5.779318e-01
PCG: 12 : 1.963694e-05 / 6.374242e-01
PCG: 13 : 2.182293e-05 / 7.083825e-01
PCG: 14 : 2.130006e-05 / 6.914099e-01
PCG: 15 : 1.489367e-05 / 4.834555e-01
PCG: 16 : 1.140947e-05 / 3.703568e-01
PCG: 17 : 1.217557e-05 / 3.952249e-01
PCG: 18 : 1.297718e-05 / 4.212452e-01
PCG: 19 : 1.621889e-05 / 5.264729e-01
PCG:  0 : 1.621891e-05
PCG:  1 : 1.081480e-05 / 6.668016e-01
PCG:  2 : 1.082923e-05 / 6.676916e-01
PCG:  3 : 8.490078e-06 / 5.234678e-01
PCG:  4 : 1.124130e-05 / 6.930984e-01
PCG:  5 : 1.122950e-05 / 6.923711e-01
PCG:  6 : 1.064479e-05 / 6.563194e-01
PCG:  7 : 9.406545e-06 / 5.799739e-01
PCG:  8 : 8.245771e-06 / 5.084047e-01
PCG:  9 : 8.692840e-06 / 5.359694e-01
PCG: 10 : 5.933525e-06 / 3.658399e-01
PCG: 11 : 5.309385e-06 / 3.273577e-01
PCG: 12 : 7.238692e-06 / 4.463119e-01
PCG: 13 : 8.348327e-06 / 5.147280e-01
PCG: 14 : 6.733970e-06 / 4.151925e-01
PCG: 15 : 5.021661e-06 / 3.096177e-01
PCG: 16 : 4.705124e-06 / 2.901011e-01
PCG: 17 : 4.210306e-06 / 2.595924e-01
PCG: 18 : 4.664414e-06 / 2.875911e-01
PCG: 19 : 4.727071e-06 / 2.914543e-01
PCG:  0 : 4.727066e-06
PCG:  1 : 4.259368e-06 / 9.010596e-01
PCG:  2 : 3.574094e-06 / 7.560915e-01
PCG:  3 : 3.484119e-06 / 7.370574e-01
PCG:  4 : 3.809227e-06 / 8.058333e-01
PCG:  5 : 4.445449e-06 / 9.404247e-01
PCG:  6 : 5.049718e-06 / 1.068256e+00
PCG:  7 : 3.815672e-06 / 8.071967e-01
PCG:  8 : 2.500004e-06 / 5.288702e-01
PCG:  9 : 2.669752e-06 / 5.647800e-01
PCG: 10 : 3.368756e-06 / 7.126527e-01
PCG: 11 : 2.968484e-06 / 6.279761e-01
PCG: 12 : 2.970272e-06 / 6.283543e-01
PCG: 13 : 3.048483e-06 / 6.448996e-01
PCG: 14 : 2.917125e-06 / 6.171111e-01
PCG: 15 : 2.450071e-06 / 5.183070e-01
PCG: 16 : 1.789687e-06 / 3.786041e-01
PCG: 17 : 1.819081e-06 / 3.848224e-01
PCG: 18 : 1.914070e-06 / 4.049172e-01
PCG: 19 : 2.557309e-06 / 5.409929e-01
PCG:  0 : 2.557304e-06
PCG:  1 : 1.778787e-06 / 6.955711e-01
PCG:  2 : 1.593838e-06 / 6.232493e-01
PCG:  3 : 1.289420e-06 / 5.042104e-01
PCG:  4 : 1.731311e-06 / 6.770062e-01
PCG:  5 : 1.629974e-06 / 6.373795e-01
PCG:  6 : 1.693160e-06 / 6.620879e-01
PCG:  7 : 1.369505e-06 / 5.355269e-01
PCG:  8 : 1.380556e-06 / 5.398480e-01
PCG:  9 : 1.375609e-06 / 5.379135e-01
PCG: 10 : 9.949586e-07 / 3.890654e-01
PCG: 11 : 8.462480e-07 / 3.309141e-01
PCG: 12 : 1.071677e-06 / 4.190652e-01
PCG: 13 : 1.317235e-06 / 5.150872e-01
PCG: 14 : 9.625953e-07 / 3.764101e-01
PCG: 15 : 7.954197e-07 / 3.110383e-01
PCG: 16 : 7.147054e-07 / 2.794761e-01
PCG: 17 : 6.580414e-07 / 2.573184e-01
PCG: 18 : 7.739224e-07 / 3.026321e-01
PCG: 19 : 7.672597e-07 / 3.000267e-01
PCG:  0 : 7.672629e-07
PCG:  1 : 7.070566e-07 / 9.215311e-01
PCG:  2 : 5.465550e-07 / 7.123439e-01
PCG:  3 : 5.323413e-07 / 6.938187e-01
PCG:  4 : 5.896936e-07 / 7.685679e-01
PCG:  5 : 6.426884e-07 / 8.376378e-01
PCG:  6 : 8.006313e-07 / 1.043490e+00
PCG:  7 : 5.737397e-07 / 7.477747e-01
PCG:  8 : 4.177224e-07 / 5.444320e-01
PCG:  9 : 4.533809e-07 / 5.909069e-01
PCG: 10 : 5.503239e-07 / 7.172561e-01
PCG: 11 : 4.937136e-07 / 6.434738e-01
PCG: 12 : 4.353612e-07 / 5.674211e-01
PCG: 13 : 4.865431e-07 / 6.341283e-01
PCG: 14 : 4.189099e-07 / 5.459796e-01
PCG: 15 : 3.847571e-07 / 5.014671e-01
PCG: 16 : 2.693075e-07 / 3.509977e-01
PCG: 17 : 2.889137e-07 / 3.765512e-01
PCG: 18 : 3.179057e-07 / 4.143373e-01
PCG: 19 : 4.283962e-07 / 5.583434e-01
PCG:  0 : 4.283951e-07
PCG:  1 : 2.931885e-07 / 6.843880e-01
PCG:  2 : 2.471069e-07 / 5.768201e-01
PCG:  3 : 2.016838e-07 / 4.707893e-01
PCG:  4 : 2.659816e-07 / 6.208792e-01
PCG:  5 : 2.492646e-07 / 5.818567e-01
PCG:  6 : 2.656462e-07 / 6.200963e-01
PCG:  7 : 2.109878e-07 / 4.925076e-01
PCG:  8 : 2.307908e-07 / 5.387335e-01
PCG:  9 : 2.276338e-07 / 5.313641e-01
PCG: 10 : 1.701721e-07 / 3.972316e-01
PCG: 11 : 1.382650e-07 / 3.227511e-01
PCG: 12 : 1.710203e-07 / 3.992117e-01
PCG: 13 : 2.077691e-07 / 4.849941e-01
PCG: 14 : 1.464436e-07 / 3.418424e-01
PCG: 15 : 1.248759e-07 / 2.914970e-01
PCG: 16 : 1.083932e-07 / 2.530217e-01
PCG: 17 : 1.050252e-07 / 2.451596e-01
PCG: 18 : 1.243267e-07 / 2.902151e-01
PCG: 19 : 1.305668e-07 / 3.047813e-01
PCG:  0 : 1.305671e-07
PCG:  1 : 1.149973e-07 / 8.807523e-01
PCG:  2 : 8.785354e-08 / 6.728610e-01
PCG:  3 : 8.430358e-08 / 6.456722e-01
PCG:  4 : 9.264303e-08 / 7.095432e-01
PCG:  5 : 1.008437e-07 / 7.723515e-01
PCG:  6 : 1.266881e-07 / 9.702908e-01
PCG:  7 : 9.207696e-08 / 7.052077e-01
PCG:  8 : 6.972027e-08 / 5.339802e-01
PCG:  9 : 7.581851e-08 / 5.806859e-01
PCG: 10 : 9.174692e-08 / 7.026800e-01
PCG: 11 : 8.235639e-08 / 6.307589e-01
PCG: 12 : 6.815698e-08 / 5.220071e-01
PCG: 13 : 7.817738e-08 / 5.987523e-01
PCG: 14 : 6.541122e-08 / 5.009776e-01
PCG: 15 : 6.070884e-08 / 4.649626e-01
PCG: 16 : 4.268227e-08 / 3.268990e-01
PCG: 17 : 4.623794e-08 / 3.541315e-01
PCG: 18 : 5.113765e-08 / 3.916579e-01
PCG: 19 : 7.222400e-08 / 5.531560e-01
PCG:  0 : 7.222407e-08
PCG:  1 : 4.731383e-08 / 6.550978e-01
PCG:  2 : 3.977569e-08 / 5.507263e-01
PCG:  3 : 3.285322e-08 / 4.548790e-01
PCG:  4 : 4.246570e-08 / 5.879716e-01
PCG:  5 : 4.054670e-08 / 5.614015e-01
PCG:  6 : 4.264726e-08 / 5.904854e-01
PCG:  7 : 3.373627e-08 / 4.671057e-01
PCG:  8 : 3.801935e-08 / 5.264083e-01
PCG:  9 : 3.763439e-08 / 5.210782e-01
PCG: 10 : 2.811838e-08 / 3.893214e-01
PCG: 11 : 2.293373e-08 / 3.175358e-01
PCG: 12 : 2.765552e-08 / 3.829127e-01
PCG: 13 : 3.357538e-08 / 4.648780e-01
PCG: 14 : 2.379747e-08 / 3.294951e-01
PCG: 15 : 1.992189e-08 / 2.758344e-01
PCG: 16 : 1.750435e-08 / 2.423618e-01
PCG: 17 : 1.673917e-08 / 2.317672e-01
PCG: 18 : 2.000383e-08 / 2.769690e-01
PCG: 19 : 2.200902e-08 / 3.047325e-01
PCG:  0 : 2.200901e-08
PCG:  1 : 1.860938e-08 / 8.455344e-01
PCG:  2 : 1.429995e-08 / 6.497316e-01
PCG:  3 : 1.380015e-08 / 6.270227e-01
PCG:  4 : 1.494189e-08 / 6.788989e-01
PCG:  5 : 1.654918e-08 / 7.519276e-01
PCG:  6 : 2.045798e-08 / 9.295273e-01
PCG:  7 : 1.494660e-08 / 6.791129e-01
PCG:  8 : 1.162808e-08 / 5.283327e-01
PCG:  9 : 1.238138e-08 / 5.625595e-01
PCG: 10 : 1.516605e-08 / 6.890838e-01
PCG: 11 : 1.366425e-08 / 6.208478e-01
PCG: 12 : 1.090158e-08 / 4.953235e-01
PCG: 13 : 1.259371e-08 / 5.722072e-01
PCG: 14 : 1.074290e-08 / 4.881135e-01
PCG: 15 : 9.781465e-09 / 4.444300e-01
PCG: 16 : 7.094743e-09 / 3.223563e-01
PCG: 17 : 7.517569e-09 / 3.415678e-01
PCG: 18 : 8.220305e-09 / 3.734972e-01
PCG: 19 : 1.209337e-08 / 5.494736e-01
PCG:  0 : 1.209340e-08
PCG:  1 : 7.637165e-09 / 6.315153e-01
PCG:  2 : 6.462640e-09 / 5.343941e-01
PCG:  3 : 5.455271e-09 / 4.510950e-01
PCG:  4 : 6.898552e-09 / 5.704396e-01
PCG:  5 : 6.736467e-09 / 5.570368e-01
PCG:  6 : 6.941439e-09 / 5.739859e-01
PCG:  7 : 5.433321e-09 / 4.492800e-01
PCG:  8 : 6.294452e-09 / 5.204867e-01
PCG:  9 : 6.160502e-09 / 5.094104e-01
PCG: 10 : 4.567653e-09 / 3.776981e-01
PCG: 11 : 3.816678e-09 / 3.156002e-01
PCG: 12 : 4.494820e-09 / 3.716756e-01
PCG: 13 : 5.466014e-09 / 4.519834e-01
PCG: 14 : 3.939260e-09 / 3.257365e-01
PCG: 15 : 3.241038e-09 / 2.680006e-01
PCG: 16 : 2.876976e-09 / 2.378965e-01
PCG: 17 : 2.708351e-09 / 2.239529e-01
PCG: 18 : 3.238821e-09 / 2.678173e-01
PCG: 19 : 3.688603e-09 / 3.050097e-01
PCG:  0 : 3.688589e-09
PCG:  1 : 3.028508e-09 / 8.210478e-01
PCG:  2 : 2.331618e-09 / 6.321164e-01
PCG:  3 : 2.279551e-09 / 6.180007e-01
PCG:  4 : 2.438992e-09 / 6.612262e-01
PCG:  5 : 2.737867e-09 / 7.422531e-01
PCG:  6 : 3.329328e-09 / 9.026020e-01
PCG:  7 : 2.433119e-09 / 6.596339e-01
PCG:  8 : 1.932875e-09 / 5.240147e-01
PCG:  9 : 2.023151e-09 / 5.484891e-01
PCG: 10 : 2.491639e-09 / 6.754991e-01
PCG: 11 : 2.265223e-09 / 6.141164e-01
PCG: 12 : 1.764789e-09 / 4.784454e-01
PCG: 13 : 2.030761e-09 / 5.505522e-01
PCG: 14 : 1.774068e-09 / 4.809610e-01
PCG: 15 : 1.606769e-09 / 4.356052e-01
PCG: 16 : 1.190611e-09 / 3.227822e-01
PCG: 17 : 1.230171e-09 / 3.335072e-01
PCG: 18 : 1.332472e-09 / 3.612415e-01
PCG: 19 : 2.013627e-09 / 5.459071e-01
PCG:  0 : 2.013616e-09
PCG:  1 : 1.242924e-09 / 6.172595e-01
PCG:  2 : 1.050854e-09 / 5.218742e-01
PCG:  3 : 9.095899e-10 / 4.517197e-01
PCG:  4 : 1.134056e-09 / 5.631939e-01
PCG:  5 : 1.119051e-09 / 5.557420e-01
PCG:  6 : 1.130606e-09 / 5.614803e-01
PCG:  7 : 8.827399e-10 / 4.383855e-01
PCG:  8 : 1.042732e-09 / 5.178407e-01
PCG:  9 : 1.007545e-09 / 5.003663e-01
PCG: 10 : 7.404066e-10 / 3.677000e-01
PCG: 11 : 6.334504e-10 / 3.145835e-01
PCG: 12 : 7.363572e-10 / 3.656890e-01
PCG: 13 : 8.858577e-10 / 4.399338e-01
PCG: 14 : 6.540897e-10 / 3.248334e-01
PCG: 15 : 5.310108e-10 / 2.637101e-01
PCG: 16 : 4.755523e-10 / 2.361683e-01
PCG: 17 : 4.374815e-10 / 2.172616e-01
PCG: 18 : 5.301986e-10 / 2.633067e-01
PCG: 19 : 6.125598e-10 / 3.042088e-01
PCG:  0 : 6.125617e-10
PCG:  1 : 4.988703e-10 / 8.144001e-01
PCG:  2 : 3.789608e-10 / 6.186493e-01
PCG:  3 : 3.774457e-10 / 6.161758e-01
PCG:  4 : 4.012470e-10 / 6.550311e-01
PCG:  5 : 4.524673e-10 / 7.386478e-01
PCG:  6 : 5.412163e-10 / 8.835295e-01
PCG:  7 : 3.983181e-10 / 6.502498e-01
PCG:  8 : 3.200262e-10 / 5.224392e-01
PCG:  9 : 3.305358e-10 / 5.395959e-01
PCG: 10 : 4.089243e-10 / 6.675643e-01
PCG: 11 : 3.740648e-10 / 6.106565e-01
PCG: 12 : 2.895884e-10 / 4.727498e-01
PCG: 13 : 3.266980e-10 / 5.333308e-01
PCG: 14 : 2.926441e-10 / 4.777382e-01
PCG: 15 : 2.662292e-10 / 4.346162e-01
PCG: 16 : 2.010789e-10 / 3.282591e-01
PCG: 17 : 2.002049e-10 / 3.268323e-01
PCG: 18 : 2.184808e-10 / 3.566674e-01
PCG: 19 : 3.327980e-10 / 5.432891e-01

PCG ( VCycle ( S: Scale / C: Scale )  )

Complete solver TOE: 117.479
1.943 GFlop/s [1.943 GFlops/s]

Total time: 117.479s
Accumulated op time: 114.129

Reductions: 5.59452%
Blas-1: 6.38467%
Blas-2: 85.1694%
Precon Kernels: 0%
MPI Execution: 0%
MPI Wait: 0%
Not covered: 2.85145%

Domain size: 768.674 MByte
LA size: 1930.82 MByte
MPI size: 42.7179 MByte

H0-Error: 1.075448e-07
H1-Error: 1.008605e-03

Writing DATA to output.data...
Run-Time: 2:06.637 [2:06.637]
0x31d198e880 Error: MemoryPool<CPU> still contains memory chunks on deconstructor call
