NUM-PROCS: 1
Preparing domain...
LVL-MIN: 1 [1]
LVL-MAX: 7 [7]
Creating gates...
Assembling system matrices...
Assembling system filters...
Assembling transfer matrices...
Converting assembled linear system from SparseMatrixCSR, Mem:main to SparseMatrixELL, Mem:cudaand to SparseMatrixELL, Mem:cuda...
PCG: 0 : 7.572471e-02
PCG: 1 : 2.422583e-02 / 3.199198e-01
PCG: 2 : 7.698110e-03 / 1.016592e-01
PCG: 3 : 1.678563e-03 / 2.216665e-02
PCG: 4 : 1.626272e-04 / 2.147611e-03
PCG: 5 : 1.508615e-05 / 1.992237e-04
PCG: 6 : 2.383266e-06 / 3.147277e-05
PCG: 0 : 4.379779e-03
PCG: 1 : 3.166121e-04 / 7.228950e-02
PCG: 2 : 4.760371e-05 / 1.086898e-02
PCG: 3 : 6.216897e-06 / 1.419454e-03
PCG: 4 : 7.838923e-07 / 1.789799e-04
PCG: 5 : 8.531600e-08 / 1.947952e-05
PCG: 6 : 9.671768e-09 / 2.208278e-06
PCG: 0 : 1.442657e-08
PCG: 1 : 2.637181e-09 / 1.828003e-01
PCG: 2 : 3.545055e-10 / 2.457310e-02
PCG: 3 : 3.590688e-11 / 2.488941e-03
PCG: 4 : 4.711571e-12 / 3.265899e-04
PCG: 5 : 4.689031e-13 / 3.250275e-05
PCG: 6 : 5.334763e-14 / 3.697873e-06
PCG: 0 : 7.120247e-14
PCG: 1 : 1.145428e-14 / 1.608691e-01
PCG: 2 : 1.405977e-15 / 1.974619e-02
PCG: 3 : 1.581723e-16 / 2.221444e-03
PCG: 4 : 2.228240e-17 / 3.129442e-04
PCG: 5 : 2.106224e-18 / 2.958077e-05
PCG: 6 : 2.552449e-19 / 3.584776e-06

PCG ( VCycle ( S: Scale / C: Scale )  )

Complete solver TOE: 0.561383
0.105126 GFlop/s [0.105126 GFlops/s]

Total time: 0.561383s
Accumulated op time: 0.059997

Reductions: 3.26568%
Blas-1: 3.75198%
Blas-2: 3.66969%
Precon Kernels: 0%
MPI Execution: 0%
MPI Wait: 0%
Not covered: 89.3126%

Domain size: 1.70187 MByte
LA size: 5.65261 MByte
MPI size: 0.170639 MByte

H0-Error: 2.746078e-05
H1-Error: 1.613732e-02

Writing DATA to output.data...
Run-Time: 0:00.795 [0:00.795]
0xb33ca9f8 Error: MemoryPool<CUDA> still contains memory chunks on deconstructor call
