NUM-PROCS: 1
Preparing domain...
LVL-MIN: 3 [3]
LVL-MAX: 10 [10]
Creating gates...
Assembling system matrices...
Assembling system filters...
Assembling transfer matrices...
Converting assembled linear system from SparseMatrixCSR, Mem:main to SparseMatrixCSR, Mem:mainand to SparseMatrixCSR, Mem:main...
PCG: 0 : 9.466280e-03
PCG: 1 : 1.006915e-02 / 1.063686e+00
PCG: 0 : 1.008236e-02
PCG: 1 : 1.080777e-02 / 1.071949e+00
PCG: 0 : 1.080776e-02
PCG: 1 : 1.537018e-02 / 1.422143e+00
PCG: 0 : 1.537016e-02
PCG: 1 : 2.586313e-02 / 1.682684e+00
PCG: 0 : 2.586314e-02
PCG: 1 : 2.645311e-02 / 1.022811e+00
PCG: 0 : 2.645312e-02
PCG: 1 : 3.331672e-02 / 1.259463e+00
PCG: 0 : 3.331671e-02
PCG: 1 : 2.852182e-02 / 8.560816e-01
PCG: 0 : 2.852182e-02
PCG: 1 : 3.154380e-02 / 1.105953e+00
PCG: 0 : 3.154380e-02
PCG: 1 : 2.418660e-02 / 7.667625e-01
PCG: 0 : 2.418659e-02
PCG: 1 : 2.480771e-02 / 1.025680e+00
PCG: 0 : 2.480772e-02
PCG: 1 : 1.803068e-02 / 7.268173e-01
PCG: 0 : 1.803068e-02
PCG: 1 : 1.790008e-02 / 9.927567e-01
PCG: 0 : 1.790008e-02
PCG: 1 : 1.269918e-02 / 7.094480e-01
PCG: 0 : 1.269917e-02
PCG: 1 : 1.243099e-02 / 9.788814e-01
PCG: 0 : 1.243099e-02
PCG: 1 : 8.736992e-03 / 7.028397e-01
PCG: 0 : 8.736991e-03
PCG: 1 : 8.501977e-03 / 9.731012e-01
PCG: 0 : 8.501978e-03
PCG: 1 : 5.954201e-03 / 7.003313e-01
PCG: 0 : 5.954200e-03
PCG: 1 : 5.780547e-03 / 9.708352e-01
PCG: 0 : 5.780547e-03
PCG: 1 : 4.040084e-03 / 6.989104e-01
PCG: 0 : 4.040085e-03
PCG: 1 : 3.918591e-03 / 9.699279e-01
PCG: 0 : 3.918591e-03
PCG: 1 : 2.737907e-03 / 6.986969e-01
PCG: 0 : 2.737906e-03
PCG: 1 : 2.651582e-03 / 9.684705e-01
PCG: 0 : 2.651581e-03
PCG: 1 : 1.853054e-03 / 6.988485e-01
PCG: 0 : 1.853054e-03
PCG: 1 : 1.793602e-03 / 9.679170e-01
PCG: 0 : 1.793602e-03
PCG: 1 : 1.254195e-03 / 6.992605e-01
PCG: 0 : 1.254195e-03
PCG: 1 : 1.213248e-03 / 9.673522e-01
PCG: 0 : 1.213248e-03
PCG: 1 : 8.486863e-04 / 6.995161e-01
PCG: 0 : 8.486864e-04
PCG: 1 : 8.206543e-04 / 9.669699e-01
PCG: 0 : 8.206546e-04
PCG: 1 : 5.743970e-04 / 6.999255e-01
PCG: 0 : 5.743969e-04
PCG: 1 : 5.551040e-04 / 9.664118e-01
PCG: 0 : 5.551041e-04
PCG: 1 : 3.887775e-04 / 7.003688e-01
PCG: 0 : 3.887775e-04
PCG: 1 : 3.757799e-04 / 9.665679e-01
PCG: 0 : 3.757800e-04
PCG: 1 : 2.631246e-04 / 7.002093e-01
PCG: 0 : 2.631246e-04
PCG: 1 : 2.544348e-04 / 9.669749e-01
PCG: 0 : 2.544348e-04
PCG: 1 : 1.781990e-04 / 7.003720e-01
PCG: 0 : 1.781990e-04
PCG: 1 : 1.722553e-04 / 9.666454e-01
PCG: 0 : 1.722552e-04
PCG: 1 : 1.206571e-04 / 7.004557e-01
PCG: 0 : 1.206571e-04
PCG: 1 : 1.166099e-04 / 9.664566e-01
PCG: 0 : 1.166099e-04
PCG: 1 : 8.168110e-05 / 7.004647e-01
PCG: 0 : 8.168104e-05
PCG: 1 : 7.892774e-05 / 9.662920e-01
PCG: 0 : 7.892776e-05
PCG: 1 : 5.531002e-05 / 7.007676e-01
PCG: 0 : 5.531004e-05
PCG: 1 : 5.342676e-05 / 9.659506e-01
PCG: 0 : 5.342673e-05
PCG: 1 : 3.744693e-05 / 7.009025e-01
PCG: 0 : 3.744693e-05
PCG: 1 : 3.618105e-05 / 9.661954e-01
PCG: 0 : 3.618104e-05
PCG: 1 : 2.535430e-05 / 7.007621e-01
PCG: 0 : 2.535430e-05
PCG: 1 : 2.449505e-05 / 9.661103e-01
PCG: 0 : 2.449504e-05
PCG: 1 : 1.716773e-05 / 7.008653e-01
PCG: 0 : 1.716773e-05
PCG: 1 : 1.658943e-05 / 9.663144e-01
PCG: 0 : 1.658943e-05
PCG: 1 : 1.162546e-05 / 7.007755e-01
PCG: 0 : 1.162546e-05
PCG: 1 : 1.124050e-05 / 9.668859e-01
PCG: 0 : 1.124050e-05
PCG: 1 : 7.875226e-06 / 7.006121e-01
PCG: 0 : 7.875225e-06
PCG: 1 : 7.614357e-06 / 9.668748e-01
PCG: 0 : 7.614358e-06
PCG: 1 : 5.333282e-06 / 7.004244e-01
PCG: 0 : 5.333281e-06
PCG: 1 : 5.156647e-06 / 9.668807e-01
PCG: 0 : 5.156647e-06
PCG: 1 : 3.611622e-06 / 7.003819e-01
PCG: 0 : 3.611623e-06
PCG: 1 : 3.491980e-06 / 9.668729e-01
PCG: 0 : 3.491981e-06
PCG: 1 : 2.445830e-06 / 7.004132e-01
PCG: 0 : 2.445829e-06
PCG: 1 : 2.364345e-06 / 9.666843e-01
PCG: 0 : 2.364344e-06
PCG: 1 : 1.656442e-06 / 7.005926e-01
PCG: 0 : 1.656442e-06
PCG: 1 : 1.601370e-06 / 9.667526e-01
PCG: 0 : 1.601369e-06
PCG: 1 : 1.121328e-06 / 7.002305e-01
PCG: 0 : 1.121328e-06
PCG: 1 : 1.084527e-06 / 9.671808e-01
PCG: 0 : 1.084527e-06
PCG: 1 : 7.593320e-07 / 7.001504e-01
PCG: 0 : 7.593316e-07
PCG: 1 : 7.347522e-07 / 9.676301e-01
PCG: 0 : 7.347522e-07
PCG: 1 : 5.140151e-07 / 6.995762e-01
PCG: 0 : 5.140151e-07
PCG: 1 : 4.979845e-07 / 9.688130e-01
PCG: 0 : 4.979846e-07
PCG: 1 : 3.481630e-07 / 6.991440e-01
PCG: 0 : 3.481630e-07
PCG: 1 : 3.373704e-07 / 9.690015e-01
PCG: 0 : 3.373703e-07
PCG: 1 : 2.358963e-07 / 6.992205e-01
PCG: 0 : 2.358962e-07
PCG: 1 : 2.283884e-07 / 9.681733e-01
PCG: 0 : 2.283883e-07
PCG: 1 : 1.597555e-07 / 6.994908e-01
PCG: 0 : 1.597554e-07
PCG: 1 : 1.546825e-07 / 9.682459e-01

PCG ( VCycle ( S: Scale / C: Scale )  )

Complete solver TOE: 6.88075
2.083 GFlop/s [2.083 GFlops/s]

Total time: 6.88075s
Accumulated op time: 6.54967

Reductions: 7.13438%
Blas-1: 6.85823%
Blas-2: 81.1958%
Precon Kernels: 0%
MPI Execution: 0%
MPI Wait: 0%
Not covered: 4.81163%

Domain size: 192.433 MByte
LA size: 483.427 MByte
MPI size: 10.6978 MByte

H0-Error: 4.919024e-07
H1-Error: 2.017209e-03

Writing DATA to output.data...
Run-Time: 0:09.147 [0:09.147]
0x31d198e880 Error: MemoryPool<CPU> still contains memory chunks on deconstructor call
