NUM-PROCS: 1
Preparing domain...
LVL-MIN: 6 [6]
LVL-MAX: 7 [7]
Creating gates...
Assembling system matrices...
Assembling system filters...
Assembling transfer matrices...
Converting assembled linear system from SparseMatrixCSR, Mem:main to SparseMatrixCSR, Mem:mainand to SparseMatrixCSR, Mem:main...
PCG: 0 : 7.572480e-02
PCG: 1 : 5.481846e-01 / 7.239169e+00
PCG: 2 : 3.386466e-01 / 4.472070e+00
PCG: 3 : 3.418458e-01 / 4.514318e+00
PCG: 4 : 3.158082e-01 / 4.170473e+00
PCG: 5 : 2.220284e-01 / 2.932044e+00
PCG: 6 : 2.052106e-01 / 2.709952e+00
PCG: 0 : 2.060039e-01
PCG: 1 : 1.787358e-01 / 8.676331e-01
PCG: 2 : 1.899667e-01 / 9.221511e-01
PCG: 3 : 1.629189e-01 / 7.908536e-01
PCG: 4 : 1.800756e-01 / 8.741367e-01
PCG: 5 : 2.583854e-01 / 1.254274e+00
PCG: 6 : 2.252930e-01 / 1.093635e+00
PCG: 0 : 2.252930e-01
PCG: 1 : 1.231866e-01 / 5.467839e-01
PCG: 2 : 1.015664e-01 / 4.508192e-01
PCG: 3 : 8.248587e-02 / 3.661271e-01
PCG: 4 : 9.130132e-02 / 4.052559e-01
PCG: 5 : 8.464277e-02 / 3.757009e-01
PCG: 6 : 8.772001e-02 / 3.893597e-01
PCG: 0 : 8.772001e-02
PCG: 1 : 6.525220e-02 / 7.438690e-01
PCG: 2 : 6.793267e-02 / 7.744260e-01
PCG: 3 : 5.682850e-02 / 6.478395e-01
PCG: 4 : 6.430260e-02 / 7.330437e-01
PCG: 5 : 7.541093e-02 / 8.596776e-01
PCG: 6 : 1.066803e-01 / 1.216145e+00
PCG: 0 : 1.066803e-01
PCG: 1 : 6.228495e-02 / 5.838467e-01
PCG: 2 : 5.268430e-02 / 4.938521e-01
PCG: 3 : 4.454478e-02 / 4.175538e-01
PCG: 4 : 5.032492e-02 / 4.717357e-01
PCG: 5 : 4.738918e-02 / 4.442167e-01
PCG: 6 : 5.650510e-02 / 5.296676e-01
PCG: 0 : 5.650510e-02
PCG: 1 : 4.339006e-02 / 7.678963e-01
PCG: 2 : 4.422971e-02 / 7.827561e-01
PCG: 3 : 3.777583e-02 / 6.685384e-01
PCG: 4 : 4.303926e-02 / 7.616880e-01
PCG: 5 : 5.127149e-02 / 9.073781e-01
PCG: 6 : 7.705405e-02 / 1.363665e+00
PCG: 0 : 7.705405e-02
PCG: 1 : 4.632677e-02 / 6.012244e-01
PCG: 2 : 3.889543e-02 / 5.047811e-01
PCG: 3 : 3.367415e-02 / 4.370199e-01
PCG: 4 : 3.772718e-02 / 4.896198e-01
PCG: 5 : 3.604876e-02 / 4.678374e-01
PCG: 6 : 4.276669e-02 / 5.550219e-01
PCG: 0 : 4.276668e-02
PCG: 1 : 3.382842e-02 / 7.909994e-01
PCG: 2 : 3.424622e-02 / 8.007688e-01
PCG: 3 : 2.977046e-02 / 6.961133e-01
PCG: 4 : 3.345244e-02 / 7.822080e-01
PCG: 5 : 3.995533e-02 / 9.342630e-01
PCG: 6 : 5.912185e-02 / 1.382428e+00
PCG: 0 : 5.912185e-02
PCG: 1 : 3.653814e-02 / 6.180141e-01
PCG: 2 : 3.071854e-02 / 5.195801e-01
PCG: 3 : 2.706290e-02 / 4.577479e-01
PCG: 4 : 2.991014e-02 / 5.059067e-01
PCG: 5 : 2.868883e-02 / 4.852491e-01
PCG: 6 : 3.295849e-02 / 5.574672e-01
PCG: 0 : 3.295849e-02
PCG: 1 : 2.689891e-02 / 8.161451e-01
PCG: 2 : 2.728605e-02 / 8.278913e-01
PCG: 3 : 2.407552e-02 / 7.304800e-01
PCG: 4 : 2.667865e-02 / 8.094620e-01
PCG: 5 : 3.172490e-02 / 9.625713e-01
PCG: 6 : 4.556630e-02 / 1.382536e+00
PCG: 0 : 4.556630e-02
PCG: 1 : 2.896792e-02 / 6.357311e-01
PCG: 2 : 2.453797e-02 / 5.385113e-01
PCG: 3 : 2.192255e-02 / 4.811133e-01
PCG: 4 : 2.393809e-02 / 5.253463e-01
PCG: 5 : 2.294654e-02 / 5.035857e-01
PCG: 6 : 2.541708e-02 / 5.578043e-01
PCG: 0 : 2.541708e-02
PCG: 1 : 2.142478e-02 / 8.429283e-01
PCG: 2 : 2.186573e-02 / 8.602769e-01
PCG: 3 : 1.953368e-02 / 7.685256e-01
PCG: 4 : 2.139304e-02 / 8.416795e-01
PCG: 5 : 2.521464e-02 / 9.920351e-01
PCG: 6 : 3.512958e-02 / 1.382125e+00
PCG: 0 : 3.512958e-02
PCG: 1 : 2.297369e-02 / 6.539699e-01
PCG: 2 : 1.968799e-02 / 5.604389e-01
PCG: 3 : 1.778176e-02 / 5.061763e-01
PCG: 4 : 1.921845e-02 / 5.470731e-01
PCG: 5 : 1.834103e-02 / 5.220966e-01
PCG: 6 : 1.961138e-02 / 5.582583e-01
PCG: 0 : 1.961138e-02
PCG: 1 : 1.707345e-02 / 8.705887e-01
PCG: 2 : 1.757746e-02 / 8.962888e-01
PCG: 3 : 1.585371e-02 / 8.083931e-01
PCG: 4 : 1.719783e-02 / 8.769310e-01
PCG: 5 : 2.001194e-02 / 1.020425e+00
PCG: 6 : 2.711788e-02 / 1.382762e+00
PCG: 0 : 2.711788e-02
PCG: 1 : 1.822709e-02 / 6.721428e-01
PCG: 2 : 1.584552e-02 / 5.843198e-01
PCG: 3 : 1.441758e-02 / 5.316634e-01
PCG: 4 : 1.545296e-02 / 5.698437e-01
PCG: 5 : 1.463422e-02 / 5.396519e-01
PCG: 6 : 1.516071e-02 / 5.590670e-01
PCG: 0 : 1.516071e-02
PCG: 1 : 1.361811e-02 / 8.982499e-01
PCG: 2 : 1.416241e-02 / 9.341522e-01
PCG: 3 : 1.285757e-02 / 8.480850e-01
PCG: 4 : 1.384469e-02 / 9.131949e-01
PCG: 5 : 1.585627e-02 / 1.045879e+00
PCG: 6 : 2.099191e-02 / 1.384626e+00
PCG: 0 : 2.099191e-02
PCG: 1 : 1.447489e-02 / 6.895461e-01
PCG: 2 : 1.277881e-02 / 6.087492e-01
PCG: 3 : 1.167479e-02 / 5.561566e-01
PCG: 4 : 1.243230e-02 / 5.922423e-01
PCG: 5 : 1.165777e-02 / 5.553458e-01
PCG: 6 : 1.176053e-02 / 5.602408e-01
PCG: 0 : 1.176053e-02
PCG: 1 : 1.087736e-02 / 9.249042e-01
PCG: 2 : 1.142127e-02 / 9.711528e-01
PCG: 3 : 1.041672e-02 / 8.857360e-01
PCG: 4 : 1.115270e-02 / 9.483162e-01
PCG: 5 : 1.254120e-02 / 1.066381e+00
PCG: 6 : 1.632603e-02 / 1.388206e+00
PCG: 0 : 1.632604e-02
PCG: 1 : 1.150906e-02 / 7.049510e-01
PCG: 2 : 1.030967e-02 / 6.314864e-01
PCG: 3 : 9.443146e-03 / 5.784102e-01
PCG: 4 : 9.999910e-03 / 6.125131e-01
PCG: 5 : 9.276908e-03 / 5.682278e-01
PCG: 6 : 9.172011e-03 / 5.618027e-01
PCG: 0 : 9.172011e-03
PCG: 1 : 8.704413e-03 / 9.490190e-01
PCG: 2 : 9.193189e-03 / 1.002309e+00
PCG: 3 : 8.445365e-03 / 9.207757e-01
PCG: 4 : 8.985034e-03 / 9.796144e-01
PCG: 5 : 9.883596e-03 / 1.077582e+00
PCG: 6 : 1.280206e-02 / 1.395774e+00
PCG: 0 : 1.280206e-02
PCG: 1 : 9.155341e-03 / 7.151461e-01
PCG: 2 : 8.294546e-03 / 6.479073e-01
PCG: 3 : 7.652249e-03 / 5.977358e-01
PCG: 4 : 8.032044e-03 / 6.274026e-01
PCG: 5 : 7.377005e-03 / 5.762359e-01
PCG: 6 : 7.217686e-03 / 5.637911e-01
PCG: 0 : 7.217687e-03
PCG: 1 : 6.980527e-03 / 9.671418e-01
PCG: 2 : 7.341229e-03 / 1.017117e+00
PCG: 3 : 6.900520e-03 / 9.560569e-01
PCG: 4 : 7.223973e-03 / 1.000871e+00
PCG: 5 : 7.723983e-03 / 1.070147e+00
PCG: 6 : 1.019406e-02 / 1.412372e+00
PCG: 0 : 1.019406e-02
PCG: 1 : 7.265067e-03 / 7.126763e-01
PCG: 2 : 6.613662e-03 / 6.487758e-01
PCG: 3 : 6.262915e-03 / 6.143689e-01
PCG: 4 : 6.416189e-03 / 6.294044e-01
PCG: 5 : 5.865513e-03 / 5.753852e-01
PCG: 6 : 5.755194e-03 / 5.645633e-01
PCG: 0 : 5.755195e-03
PCG: 1 : 5.596793e-03 / 9.724767e-01
PCG: 2 : 5.791202e-03 / 1.006256e+00
PCG: 3 : 5.734084e-03 / 9.963318e-01
PCG: 4 : 5.735452e-03 / 9.965696e-01
PCG: 5 : 6.018924e-03 / 1.045825e+00
PCG: 6 : 8.253183e-03 / 1.434041e+00
PCG: 0 : 8.253183e-03
PCG: 1 : 5.738887e-03 / 6.953544e-01
PCG: 2 : 5.210629e-03 / 6.313478e-01
PCG: 3 : 5.194166e-03 / 6.293530e-01
PCG: 4 : 5.058260e-03 / 6.128860e-01
PCG: 5 : 4.679617e-03 / 5.670075e-01
PCG: 6 : 4.612340e-03 / 5.588559e-01
PCG: 0 : 4.612340e-03
PCG: 1 : 4.467056e-03 / 9.685010e-01
PCG: 2 : 4.586337e-03 / 9.943622e-01
PCG: 3 : 4.772966e-03 / 1.034825e+00
PCG: 4 : 4.493338e-03 / 9.741991e-01
PCG: 5 : 4.777314e-03 / 1.035768e+00
PCG: 6 : 6.666167e-03 / 1.445289e+00
PCG: 0 : 6.666167e-03
PCG: 1 : 4.557367e-03 / 6.836564e-01
PCG: 2 : 4.113681e-03 / 6.170984e-01
PCG: 3 : 4.279935e-03 / 6.420383e-01
PCG: 4 : 3.980020e-03 / 5.970477e-01
PCG: 5 : 3.740052e-03 / 5.610498e-01
PCG: 6 : 3.676530e-03 / 5.515208e-01
PCG: 0 : 3.676529e-03
PCG: 1 : 3.569100e-03 / 9.707798e-01
PCG: 2 : 3.681788e-03 / 1.001430e+00
PCG: 3 : 3.898930e-03 / 1.060492e+00
PCG: 4 : 3.566293e-03 / 9.700163e-01
PCG: 5 : 3.830721e-03 / 1.041939e+00
PCG: 6 : 5.341190e-03 / 1.452781e+00
PCG: 0 : 5.341190e-03
PCG: 1 : 3.648671e-03 / 6.831195e-01
PCG: 2 : 3.288158e-03 / 6.156228e-01
PCG: 3 : 3.469878e-03 / 6.496452e-01
PCG: 4 : 3.175013e-03 / 5.944391e-01
PCG: 5 : 2.987040e-03 / 5.592462e-01
PCG: 6 : 2.929230e-03 / 5.484228e-01
PCG: 0 : 2.929230e-03
PCG: 1 : 2.861001e-03 / 9.767076e-01
PCG: 2 : 2.967346e-03 / 1.013012e+00
PCG: 3 : 3.149273e-03 / 1.075120e+00
PCG: 4 : 2.860782e-03 / 9.766327e-01
PCG: 5 : 3.071807e-03 / 1.048674e+00
PCG: 6 : 4.269969e-03 / 1.457711e+00
PCG: 0 : 4.269970e-03
PCG: 1 : 2.928387e-03 / 6.858098e-01
PCG: 2 : 2.642438e-03 / 6.188423e-01
PCG: 3 : 2.794311e-03 / 6.544100e-01
PCG: 4 : 2.548843e-03 / 5.969229e-01
PCG: 5 : 2.389701e-03 / 5.596529e-01
PCG: 6 : 2.337924e-03 / 5.475271e-01
PCG: 0 : 2.337924e-03
PCG: 1 : 2.297265e-03 / 9.826092e-01
PCG: 2 : 2.390434e-03 / 1.022460e+00
PCG: 3 : 2.534673e-03 / 1.084156e+00
PCG: 4 : 2.300208e-03 / 9.838675e-01
PCG: 5 : 2.462507e-03 / 1.053288e+00
PCG: 6 : 3.414124e-03 / 1.460323e+00
PCG: 0 : 3.414124e-03
PCG: 1 : 2.351597e-03 / 6.887849e-01
PCG: 2 : 2.125495e-03 / 6.225592e-01
PCG: 3 : 2.246201e-03 / 6.579142e-01
PCG: 4 : 2.048683e-03 / 6.000609e-01
PCG: 5 : 1.914828e-03 / 5.608547e-01
PCG: 6 : 1.868855e-03 / 5.473891e-01
PCG: 0 : 1.868854e-03
PCG: 1 : 1.845922e-03 / 9.877294e-01
PCG: 2 : 1.924095e-03 / 1.029558e+00
PCG: 3 : 2.037441e-03 / 1.090208e+00
PCG: 4 : 1.849940e-03 / 9.898793e-01
PCG: 5 : 1.974427e-03 / 1.056491e+00
PCG: 6 : 2.731663e-03 / 1.461678e+00
PCG: 0 : 2.731663e-03
PCG: 1 : 1.888789e-03 / 6.914429e-01
PCG: 2 : 1.709522e-03 / 6.258173e-01
PCG: 3 : 1.804459e-03 / 6.605714e-01
PCG: 4 : 1.646852e-03 / 6.028751e-01
PCG: 5 : 1.535739e-03 / 5.621993e-01
PCG: 6 : 1.495572e-03 / 5.474951e-01
PCG: 0 : 1.495572e-03
PCG: 1 : 1.483651e-03 / 9.920290e-01
PCG: 2 : 1.547778e-03 / 1.034907e+00
PCG: 3 : 1.636814e-03 / 1.094440e+00
PCG: 4 : 1.487656e-03 / 9.947069e-01
PCG: 5 : 1.583613e-03 / 1.058867e+00
PCG: 6 : 2.187209e-03 / 1.462456e+00
PCG: 0 : 2.187209e-03
PCG: 1 : 1.517244e-03 / 6.936899e-01
PCG: 2 : 1.374599e-03 / 6.284717e-01
PCG: 3 : 1.449164e-03 / 6.625634e-01
PCG: 4 : 1.323732e-03 / 6.052151e-01
PCG: 5 : 1.232382e-03 / 5.634497e-01
PCG: 6 : 1.197858e-03 / 5.476652e-01
PCG: 0 : 1.197858e-03
PCG: 1 : 1.192571e-03 / 9.955865e-01
PCG: 2 : 1.244522e-03 / 1.038956e+00
PCG: 3 : 1.314579e-03 / 1.097441e+00
PCG: 4 : 1.196133e-03 / 9.985599e-01
PCG: 5 : 1.270565e-03 / 1.060697e+00
PCG: 6 : 1.752390e-03 / 1.462936e+00
PCG: 0 : 1.752390e-03
PCG: 1 : 1.218860e-03 / 6.955413e-01
PCG: 2 : 1.105008e-03 / 6.305718e-01
PCG: 3 : 1.163646e-03 / 6.640337e-01
PCG: 4 : 1.063880e-03 / 6.071021e-01
PCG: 5 : 9.892802e-04 / 5.645320e-01
PCG: 6 : 9.600252e-04 / 5.478377e-01
PCG: 0 : 9.600252e-04
PCG: 1 : 9.585925e-04 / 9.985076e-01
PCG: 2 : 1.000368e-03 / 1.042023e+00
PCG: 3 : 1.055625e-03 / 1.099581e+00
PCG: 4 : 9.615962e-04 / 1.001636e+00
PCG: 5 : 1.019675e-03 / 1.062134e+00
PCG: 6 : 1.404773e-03 / 1.463267e+00
PCG: 0 : 1.404773e-03
PCG: 1 : 9.791942e-04 / 6.970478e-01
PCG: 2 : 8.881058e-04 / 6.322057e-01
PCG: 3 : 9.343189e-04 / 6.651030e-01
PCG: 4 : 8.549411e-04 / 6.085972e-01
PCG: 5 : 7.943063e-04 / 5.654338e-01
PCG: 6 : 7.697988e-04 / 5.479879e-01
PCG: 0 : 7.697987e-04
PCG: 1 : 7.704780e-04 / 1.000882e+00
PCG: 2 : 8.039242e-04 / 1.044330e+00
PCG: 3 : 8.476170e-04 / 1.101089e+00
PCG: 4 : 7.729321e-04 / 1.004070e+00
PCG: 5 : 8.185041e-04 / 1.063270e+00
PCG: 6 : 1.126602e-03 / 1.463502e+00
PCG: 0 : 1.126602e-03
PCG: 1 : 7.866682e-04 / 6.982665e-01
PCG: 2 : 7.136593e-04 / 6.334619e-01
PCG: 3 : 7.501718e-04 / 6.658714e-01
PCG: 4 : 6.869676e-04 / 6.097698e-01
PCG: 5 : 6.378577e-04 / 5.661785e-01
PCG: 6 : 6.175145e-04 / 5.481214e-01
PCG: 0 : 6.175145e-04
PCG: 1 : 6.192437e-04 / 1.002800e+00
PCG: 2 : 6.459486e-04 / 1.046046e+00
PCG: 3 : 6.805843e-04 / 1.102135e+00
PCG: 4 : 6.212084e-04 / 1.005982e+00
PCG: 5 : 6.571342e-04 / 1.064160e+00
PCG: 6 : 9.038214e-04 / 1.463644e+00
PCG: 0 : 9.038214e-04
PCG: 1 : 6.319921e-04 / 6.992444e-01
PCG: 2 : 5.733999e-04 / 6.344173e-01
PCG: 3 : 6.023190e-04 / 6.664137e-01
PCG: 4 : 5.519406e-04 / 6.106744e-01
PCG: 5 : 5.122735e-04 / 5.667862e-01
PCG: 6 : 4.955094e-04 / 5.482382e-01
PCG: 0 : 4.955094e-04
PCG: 1 : 4.976601e-04 / 1.004340e+00
PCG: 2 : 5.189475e-04 / 1.047301e+00
PCG: 3 : 5.464708e-04 / 1.102847e+00
PCG: 4 : 4.992113e-04 / 1.007471e+00
PCG: 5 : 5.276438e-04 / 1.064851e+00
PCG: 6 : 7.253028e-04 / 1.463752e+00
PCG: 0 : 7.253028e-04
PCG: 1 : 5.077231e-04 / 7.000153e-01
PCG: 2 : 4.606619e-04 / 6.351305e-01
PCG: 3 : 4.836189e-04 / 6.667820e-01
PCG: 4 : 4.434191e-04 / 6.113572e-01
PCG: 5 : 4.114463e-04 / 5.672751e-01
PCG: 6 : 3.977135e-04 / 5.483413e-01
PCG: 0 : 3.977135e-04
PCG: 1 : 3.999231e-04 / 1.005556e+00
PCG: 2 : 4.168752e-04 / 1.048180e+00
PCG: 3 : 4.387919e-04 / 1.103287e+00
PCG: 4 : 4.011321e-04 / 1.008596e+00
PCG: 5 : 4.237076e-04 / 1.065359e+00
PCG: 6 : 5.821789e-04 / 1.463815e+00
PCG: 0 : 5.821789e-04
PCG: 1 : 4.078798e-04 / 7.006090e-01
PCG: 2 : 3.700570e-04 / 6.356415e-01
PCG: 3 : 3.883188e-04 / 6.670094e-01
PCG: 4 : 3.562073e-04 / 6.118520e-01
PCG: 5 : 3.304812e-04 / 5.676626e-01
PCG: 6 : 3.192828e-04 / 5.484272e-01
PCG: 0 : 3.192828e-04
PCG: 1 : 3.213624e-04 / 1.006513e+00
PCG: 2 : 3.348534e-04 / 1.048768e+00
PCG: 3 : 3.523390e-04 / 1.103533e+00
PCG: 4 : 3.222949e-04 / 1.009434e+00
PCG: 5 : 3.402703e-04 / 1.065733e+00
PCG: 6 : 4.673863e-04 / 1.463863e+00
PCG: 0 : 4.673864e-04
PCG: 1 : 3.276679e-04 / 7.010643e-01
PCG: 2 : 2.972569e-04 / 6.359982e-01
PCG: 3 : 3.118097e-04 / 6.671349e-01
PCG: 4 : 2.861331e-04 / 6.121984e-01
PCG: 5 : 2.654597e-04 / 5.679663e-01
PCG: 6 : 2.563629e-04 / 5.485032e-01
PCG: 0 : 2.563629e-04
PCG: 1 : 2.582203e-04 / 1.007245e+00
PCG: 2 : 2.689546e-04 / 1.049117e+00
PCG: 3 : 2.829264e-04 / 1.103617e+00
PCG: 4 : 2.589325e-04 / 1.010023e+00
PCG: 5 : 2.732793e-04 / 1.065986e+00
PCG: 6 : 3.752786e-04 / 1.463857e+00
PCG: 0 : 3.752785e-04
PCG: 1 : 2.632237e-04 / 7.014088e-01
PCG: 2 : 2.387651e-04 / 6.362343e-01
PCG: 3 : 2.503791e-04 / 6.671820e-01
PCG: 4 : 2.298310e-04 / 6.124277e-01
PCG: 5 : 2.132358e-04 / 5.682067e-01
PCG: 6 : 2.058699e-04 / 5.485789e-01
PCG: 0 : 2.058698e-04
PCG: 1 : 2.074756e-04 / 1.007800e+00
PCG: 2 : 2.160158e-04 / 1.049283e+00
PCG: 3 : 2.271952e-04 / 1.103587e+00
PCG: 4 : 2.080156e-04 / 1.010423e+00
PCG: 5 : 2.194876e-04 / 1.066148e+00
PCG: 6 : 3.013660e-04 / 1.463867e+00
PCG: 0 : 3.013660e-04
PCG: 1 : 2.114530e-04 / 7.016484e-01
PCG: 2 : 1.917781e-04 / 6.363627e-01
PCG: 3 : 2.010581e-04 / 6.671558e-01
PCG: 4 : 1.846009e-04 / 6.125471e-01
PCG: 5 : 1.712901e-04 / 5.683790e-01
PCG: 6 : 1.653402e-04 / 5.486358e-01
PCG: 0 : 1.653402e-04
PCG: 1 : 1.666969e-04 / 1.008206e+00
PCG: 2 : 1.734915e-04 / 1.049301e+00
PCG: 3 : 1.824455e-04 / 1.103456e+00
PCG: 4 : 1.671023e-04 / 1.010657e+00
PCG: 5 : 1.762912e-04 / 1.066233e+00
PCG: 6 : 2.420320e-04 / 1.463842e+00
PCG: 0 : 2.420320e-04
PCG: 1 : 1.698627e-04 / 7.018191e-01
PCG: 2 : 1.540320e-04 / 6.364118e-01
PCG: 3 : 1.614553e-04 / 6.670825e-01
PCG: 4 : 1.482668e-04 / 6.125916e-01
PCG: 5 : 1.375983e-04 / 5.685128e-01
PCG: 6 : 1.328027e-04 / 5.486988e-01
PCG: 0 : 1.328026e-04
PCG: 1 : 1.339295e-04 / 1.008485e+00
PCG: 2 : 1.393353e-04 / 1.049191e+00
PCG: 3 : 1.465134e-04 / 1.103241e+00
PCG: 4 : 1.342303e-04 / 1.010750e+00
PCG: 5 : 1.415999e-04 / 1.066244e+00
PCG: 6 : 1.943982e-04 / 1.463813e+00
PCG: 0 : 1.943982e-04
PCG: 1 : 1.364512e-04 / 7.019161e-01
PCG: 2 : 1.237132e-04 / 6.363907e-01
PCG: 3 : 1.296558e-04 / 6.669598e-01
PCG: 4 : 1.190808e-04 / 6.125615e-01
PCG: 5 : 1.105355e-04 / 5.686034e-01
PCG: 6 : 1.066765e-04 / 5.487525e-01
PCG: 0 : 1.066765e-04
PCG: 1 : 1.076005e-04 / 1.008662e+00
PCG: 2 : 1.119014e-04 / 1.048979e+00
PCG: 3 : 1.176591e-04 / 1.102953e+00
PCG: 4 : 1.078208e-04 / 1.010727e+00
PCG: 5 : 1.137385e-04 / 1.066200e+00
PCG: 6 : 1.561486e-04 / 1.463758e+00
PCG: 0 : 1.561486e-04
PCG: 1 : 1.096115e-04 / 7.019695e-01
PCG: 2 : 9.936016e-05 / 6.363182e-01
PCG: 3 : 1.041201e-04 / 6.668017e-01
PCG: 4 : 9.563781e-05 / 6.124797e-01
PCG: 5 : 8.879595e-05 / 5.686632e-01
PCG: 6 : 8.569593e-05 / 5.488102e-01
PCG: 0 : 8.569592e-05
PCG: 1 : 8.644564e-05 / 1.008749e+00
PCG: 2 : 8.986767e-05 / 1.048681e+00
PCG: 3 : 9.448898e-05 / 1.102608e+00
PCG: 4 : 8.660563e-05 / 1.010615e+00
PCG: 5 : 9.136232e-05 / 1.066122e+00
PCG: 6 : 1.254362e-04 / 1.463736e+00
PCG: 0 : 1.254362e-04
PCG: 1 : 8.805211e-05 / 7.019674e-01
PCG: 2 : 7.980063e-05 / 6.361851e-01
PCG: 3 : 8.361495e-05 / 6.665936e-01
PCG: 4 : 7.680889e-05 / 6.123344e-01
PCG: 5 : 7.133303e-05 / 5.686799e-01
PCG: 6 : 6.884555e-05 / 5.488492e-01
PCG: 0 : 6.884554e-05
PCG: 1 : 6.944894e-05 / 1.008765e+00
PCG: 2 : 7.217175e-05 / 1.048314e+00
PCG: 3 : 7.588184e-05 / 1.102204e+00
PCG: 4 : 6.956286e-05 / 1.010419e+00
PCG: 5 : 7.338977e-05 / 1.066006e+00
PCG: 6 : 1.007686e-04 / 1.463692e+00
PCG: 0 : 1.007686e-04
PCG: 1 : 7.073287e-05 / 7.019334e-01
PCG: 2 : 6.409053e-05 / 6.360167e-01
PCG: 3 : 6.714837e-05 / 6.663619e-01
PCG: 4 : 6.168619e-05 / 6.121567e-01
PCG: 5 : 5.730557e-05 / 5.686846e-01
PCG: 6 : 5.531197e-05 / 5.489007e-01
PCG: 0 : 5.531196e-05
PCG: 1 : 5.579405e-05 / 1.008716e+00
PCG: 2 : 5.796003e-05 / 1.047875e+00
PCG: 3 : 6.093924e-05 / 1.101737e+00
PCG: 4 : 5.587280e-05 / 1.010139e+00
PCG: 5 : 5.895390e-05 / 1.065844e+00
PCG: 6 : 8.095570e-05 / 1.463620e+00
PCG: 0 : 8.095568e-05
PCG: 1 : 5.682026e-05 / 7.018688e-01
PCG: 2 : 5.147264e-05 / 6.358126e-01
PCG: 3 : 5.392448e-05 / 6.660988e-01
PCG: 4 : 4.954032e-05 / 6.119437e-01
PCG: 5 : 4.603697e-05 / 5.686688e-01
PCG: 6 : 4.444074e-05 / 5.489515e-01
PCG: 0 : 4.444074e-05
PCG: 1 : 4.482373e-05 / 1.008618e+00
PCG: 2 : 4.654664e-05 / 1.047387e+00
PCG: 3 : 4.893938e-05 / 1.101228e+00
PCG: 4 : 4.487652e-05 / 1.009806e+00
PCG: 5 : 4.735905e-05 / 1.065667e+00
PCG: 6 : 6.504206e-05 / 1.463568e+00
PCG: 0 : 6.504205e-05
PCG: 1 : 4.564518e-05 / 7.017795e-01
PCG: 2 : 4.133904e-05 / 6.355740e-01
PCG: 3 : 4.330509e-05 / 6.658014e-01
PCG: 4 : 3.978573e-05 / 6.116925e-01
PCG: 5 : 3.698479e-05 / 5.686290e-01
PCG: 6 : 3.570771e-05 / 5.489942e-01
PCG: 0 : 3.570771e-05
PCG: 1 : 3.601014e-05 / 1.008469e+00
PCG: 2 : 3.738037e-05 / 1.046843e+00
PCG: 3 : 3.930221e-05 / 1.100664e+00
PCG: 4 : 3.604396e-05 / 1.009417e+00
PCG: 5 : 3.804529e-05 / 1.065464e+00
PCG: 6 : 5.225853e-05 / 1.463508e+00
PCG: 0 : 5.225853e-05
PCG: 1 : 3.666788e-05 / 7.016630e-01
PCG: 2 : 3.320011e-05 / 6.353051e-01
PCG: 3 : 3.477667e-05 / 6.654736e-01
PCG: 4 : 3.195149e-05 / 6.114119e-01
PCG: 5 : 2.971294e-05 / 5.685759e-01
PCG: 6 : 2.869207e-05 / 5.490409e-01
PCG: 0 : 2.869207e-05
PCG: 1 : 2.892984e-05 / 1.008287e+00
PCG: 2 : 3.001911e-05 / 1.046251e+00
PCG: 3 : 3.156286e-05 / 1.100055e+00
PCG: 4 : 2.894973e-05 / 1.008980e+00
PCG: 5 : 3.056394e-05 / 1.065240e+00
PCG: 6 : 4.198998e-05 / 1.463470e+00
PCG: 0 : 4.198998e-05
PCG: 1 : 2.945673e-05 / 7.015181e-01
PCG: 2 : 2.666364e-05 / 6.350001e-01
PCG: 3 : 2.792791e-05 / 6.651088e-01
PCG: 4 : 2.565978e-05 / 6.110929e-01
PCG: 5 : 2.387136e-05 / 5.685013e-01
PCG: 6 : 2.305577e-05 / 5.490777e-01
PCG: 0 : 2.305577e-05
PCG: 1 : 2.324177e-05 / 1.008067e+00
PCG: 2 : 2.410737e-05 / 1.045612e+00
PCG: 3 : 2.534731e-05 / 1.099391e+00
PCG: 4 : 2.325151e-05 / 1.008490e+00
PCG: 5 : 2.455422e-05 / 1.064993e+00
PCG: 6 : 3.374025e-05 / 1.463419e+00
PCG: 0 : 3.374025e-05
PCG: 1 : 2.366400e-05 / 7.013580e-01
PCG: 2 : 2.141402e-05 / 6.346728e-01
PCG: 3 : 2.242776e-05 / 6.647181e-01
PCG: 4 : 2.060705e-05 / 6.107556e-01
PCG: 5 : 1.917855e-05 / 5.684177e-01
PCG: 6 : 1.852746e-05 / 5.491204e-01
PCG: 0 : 1.852746e-05
PCG: 1 : 1.867223e-05 / 1.007814e+00
PCG: 2 : 1.935984e-05 / 1.044927e+00
PCG: 3 : 2.035565e-05 / 1.098675e+00
PCG: 4 : 1.867486e-05 / 1.007955e+00
PCG: 5 : 1.972671e-05 / 1.064728e+00
PCG: 6 : 2.711255e-05 / 1.463371e+00
PCG: 0 : 2.711255e-05
PCG: 1 : 1.901079e-05 / 7.011805e-01
PCG: 2 : 1.719795e-05 / 6.343169e-01
PCG: 3 : 1.801075e-05 / 6.642956e-01
PCG: 4 : 1.654924e-05 / 6.103904e-01
PCG: 5 : 1.540861e-05 / 5.683203e-01
PCG: 6 : 1.488915e-05 / 5.491608e-01
PCG: 0 : 1.488915e-05
PCG: 1 : 1.500131e-05 / 1.007533e+00
PCG: 2 : 1.554726e-05 / 1.044201e+00
PCG: 3 : 1.634693e-05 / 1.097909e+00
PCG: 4 : 1.499903e-05 / 1.007380e+00
PCG: 5 : 1.584878e-05 / 1.064452e+00
PCG: 6 : 2.178772e-05 / 1.463329e+00
PCG: 0 : 2.178773e-05
PCG: 1 : 1.527289e-05 / 7.009860e-01
PCG: 2 : 1.381194e-05 / 6.339324e-01
PCG: 3 : 1.446354e-05 / 6.638388e-01
PCG: 4 : 1.329049e-05 / 6.099991e-01
PCG: 5 : 1.237994e-05 / 5.682070e-01
PCG: 6 : 1.196577e-05 / 5.491979e-01
PCG: 0 : 1.196577e-05
PCG: 1 : 1.205221e-05 / 1.007224e+00
PCG: 2 : 1.248551e-05 / 1.043435e+00
PCG: 3 : 1.312756e-05 / 1.097092e+00
PCG: 4 : 1.204669e-05 / 1.006762e+00
PCG: 5 : 1.273341e-05 / 1.064152e+00
PCG: 6 : 1.750938e-05 / 1.463288e+00
PCG: 0 : 1.750938e-05
PCG: 1 : 1.227012e-05 / 7.007744e-01
PCG: 2 : 1.109259e-05 / 6.335229e-01
PCG: 3 : 1.161482e-05 / 6.633484e-01
PCG: 4 : 1.067343e-05 / 6.095837e-01
PCG: 5 : 9.946808e-06 / 5.680847e-01
PCG: 6 : 9.616773e-06 / 5.492356e-01
PCG: 0 : 9.616772e-06
PCG: 1 : 9.683067e-06 / 1.006894e+00
PCG: 2 : 1.002669e-05 / 1.042625e+00
PCG: 3 : 1.054210e-05 / 1.096220e+00
PCG: 4 : 9.675503e-06 / 1.006107e+00
PCG: 5 : 1.023077e-05 / 1.063846e+00
PCG: 6 : 1.407177e-05 / 1.463253e+00
PCG: 0 : 1.407177e-05
PCG: 1 : 9.857971e-06 / 7.005493e-01
PCG: 2 : 8.908642e-06 / 6.330860e-01
PCG: 3 : 9.327129e-06 / 6.628254e-01
PCG: 4 : 8.571730e-06 / 6.091436e-01
PCG: 5 : 7.992060e-06 / 5.679497e-01
PCG: 6 : 7.729228e-06 / 5.492718e-01
PCG: 0 : 7.729227e-06
PCG: 1 : 7.779746e-06 / 1.006536e+00
PCG: 2 : 8.052122e-06 / 1.041776e+00
PCG: 3 : 8.465793e-06 / 1.095296e+00
PCG: 4 : 7.771049e-06 / 1.005411e+00
PCG: 5 : 8.220268e-06 / 1.063530e+00
PCG: 6 : 1.130960e-05 / 1.463225e+00
PCG: 0 : 1.130960e-05
PCG: 1 : 7.920260e-06 / 7.003130e-01
PCG: 2 : 7.154699e-06 / 6.326218e-01
PCG: 3 : 7.489984e-06 / 6.622678e-01
PCG: 4 : 6.883914e-06 / 6.086789e-01
PCG: 5 : 6.421639e-06 / 5.678043e-01
PCG: 6 : 6.212440e-06 / 5.493068e-01
PCG: 0 : 6.212438e-06
PCG: 1 : 6.250687e-06 / 1.006157e+00
PCG: 2 : 6.466415e-06 / 1.040882e+00
PCG: 3 : 6.798368e-06 / 1.094316e+00
PCG: 4 : 6.241483e-06 / 1.004675e+00
PCG: 5 : 6.605039e-06 / 1.063196e+00
PCG: 6 : 9.089942e-06 / 1.463184e+00
PCG: 0 : 9.089943e-06
PCG: 1 : 6.363566e-06 / 7.000667e-01
PCG: 2 : 5.746096e-06 / 6.321377e-01
PCG: 3 : 6.014640e-06 / 6.616807e-01
PCG: 4 : 5.528443e-06 / 6.081934e-01
PCG: 5 : 5.159926e-06 / 5.676522e-01
PCG: 6 : 4.993518e-06 / 5.493454e-01
PCG: 0 : 4.993518e-06
PCG: 1 : 5.022263e-06 / 1.005756e+00
PCG: 2 : 5.192990e-06 / 1.039946e+00
PCG: 3 : 5.459297e-06 / 1.093277e+00
PCG: 4 : 5.012997e-06 / 1.003901e+00
PCG: 5 : 5.307349e-06 / 1.062847e+00
PCG: 6 : 7.306297e-06 / 1.463156e+00
PCG: 0 : 7.306297e-06
PCG: 1 : 5.112956e-06 / 6.998013e-01
PCG: 2 : 4.614810e-06 / 6.316209e-01
PCG: 3 : 4.829866e-06 / 6.610552e-01
PCG: 4 : 4.439905e-06 / 6.076820e-01
PCG: 5 : 4.146223e-06 / 5.674862e-01
PCG: 6 : 4.013944e-06 / 5.493815e-01
PCG: 0 : 4.013944e-06
PCG: 1 : 4.035353e-06 / 1.005333e+00
PCG: 2 : 4.170365e-06 / 1.038969e+00
PCG: 3 : 4.383941e-06 / 1.092178e+00
PCG: 4 : 4.026301e-06 / 1.003078e+00
PCG: 5 : 4.264720e-06 / 1.062476e+00
PCG: 6 : 5.872897e-06 / 1.463124e+00
PCG: 0 : 5.872898e-06
PCG: 1 : 4.108216e-06 / 6.995211e-01
PCG: 2 : 3.706248e-06 / 6.310766e-01
PCG: 3 : 3.878428e-06 / 6.603943e-01
PCG: 4 : 3.565714e-06 / 6.071473e-01
PCG: 5 : 3.331766e-06 / 5.673120e-01
PCG: 6 : 3.226683e-06 / 5.494192e-01
PCG: 0 : 3.226682e-06
PCG: 1 : 3.242458e-06 / 1.004889e+00
PCG: 2 : 3.349116e-06 / 1.037944e+00
PCG: 3 : 3.520388e-06 / 1.091024e+00
PCG: 4 : 3.233844e-06 / 1.002220e+00
PCG: 5 : 3.427053e-06 / 1.062098e+00
PCG: 6 : 4.721015e-06 / 1.463117e+00
PCG: 0 : 4.721016e-06
PCG: 1 : 3.301041e-06 / 6.992227e-01
PCG: 2 : 2.976600e-06 / 6.304999e-01
PCG: 3 : 3.114405e-06 / 6.596896e-01
PCG: 4 : 2.863663e-06 / 6.065776e-01
PCG: 5 : 2.677368e-06 / 5.671170e-01
PCG: 6 : 2.593948e-06 / 5.494471e-01
PCG: 0 : 2.593948e-06
PCG: 1 : 2.605419e-06 / 1.004422e+00
PCG: 2 : 2.689609e-06 / 1.036879e+00
PCG: 3 : 2.826914e-06 / 1.089811e+00
PCG: 4 : 2.597377e-06 / 1.001322e+00
PCG: 5 : 2.754005e-06 / 1.061704e+00
PCG: 6 : 3.795214e-06 / 1.463103e+00
PCG: 0 : 3.795214e-06
PCG: 1 : 2.652538e-06 / 6.989166e-01
PCG: 2 : 2.390604e-06 / 6.298996e-01
PCG: 3 : 2.500885e-06 / 6.589576e-01
PCG: 4 : 2.299870e-06 / 6.059923e-01
PCG: 5 : 2.151579e-06 / 5.669190e-01
PCG: 6 : 2.085401e-06 / 5.494817e-01
PCG: 0 : 2.085401e-06
PCG: 1 : 2.093607e-06 / 1.003935e+00
PCG: 2 : 2.159994e-06 / 1.035769e+00
PCG: 3 : 2.270033e-06 / 1.088536e+00
PCG: 4 : 2.086183e-06 / 1.000375e+00
PCG: 5 : 2.213209e-06 / 1.061287e+00
PCG: 6 : 3.051092e-06 / 1.463072e+00
PCG: 0 : 3.051092e-06
PCG: 1 : 2.131491e-06 / 6.985995e-01
PCG: 2 : 1.919975e-06 / 6.292747e-01
PCG: 3 : 2.008186e-06 / 6.581859e-01
PCG: 4 : 1.847072e-06 / 6.053808e-01
PCG: 5 : 1.729086e-06 / 5.667106e-01
PCG: 6 : 1.676625e-06 / 5.495165e-01
PCG: 0 : 1.676625e-06
PCG: 1 : 1.682373e-06 / 1.003428e+00
PCG: 2 : 1.734663e-06 / 1.034616e+00
PCG: 3 : 1.822839e-06 / 1.087207e+00
PCG: 4 : 1.675620e-06 / 9.994003e-01
PCG: 5 : 1.778671e-06 / 1.060864e+00
PCG: 6 : 2.453032e-06 / 1.463077e+00
PCG: 0 : 2.453032e-06
PCG: 1 : 1.712860e-06 / 6.982621e-01
PCG: 2 : 1.542020e-06 / 6.286179e-01
PCG: 3 : 1.612565e-06 / 6.573762e-01
PCG: 4 : 1.483444e-06 / 6.047390e-01
PCG: 5 : 1.389615e-06 / 5.664886e-01
PCG: 6 : 1.348064e-06 / 5.495499e-01
PCG: 0 : 1.348064e-06
PCG: 1 : 1.351965e-06 / 1.002894e+00
PCG: 2 : 1.393100e-06 / 1.033408e+00
PCG: 3 : 1.463744e-06 / 1.085812e+00
PCG: 4 : 1.345870e-06 / 9.983726e-01
PCG: 5 : 1.429505e-06 / 1.060413e+00
PCG: 6 : 1.972293e-06 / 1.463056e+00
PCG: 0 : 1.972293e-06
PCG: 1 : 1.376498e-06 / 6.979177e-01
PCG: 2 : 1.238480e-06 / 6.279389e-01
PCG: 3 : 1.294877e-06 / 6.565338e-01
PCG: 4 : 1.191410e-06 / 6.040733e-01
PCG: 5 : 1.116821e-06 / 5.662552e-01
PCG: 6 : 1.083940e-06 / 5.495834e-01
PCG: 0 : 1.083940e-06
PCG: 1 : 1.086481e-06 / 1.002344e+00
PCG: 2 : 1.118801e-06 / 1.032162e+00
PCG: 3 : 1.175384e-06 / 1.084363e+00
PCG: 4 : 1.081027e-06 / 9.973129e-01
PCG: 5 : 1.148930e-06 / 1.059957e+00
PCG: 6 : 1.585845e-06 / 1.463038e+00
PCG: 0 : 1.585845e-06
PCG: 1 : 1.106231e-06 / 6.975660e-01
PCG: 2 : 9.947004e-07 / 6.272368e-01
PCG: 3 : 1.039778e-06 / 6.556621e-01
PCG: 4 : 9.568797e-07 / 6.033880e-01
PCG: 5 : 8.976135e-07 / 5.660159e-01
PCG: 6 : 8.716135e-07 / 5.496209e-01
PCG: 0 : 8.716134e-07
PCG: 1 : 8.731575e-07 / 1.001772e+00
PCG: 2 : 8.985224e-07 / 1.030873e+00
PCG: 3 : 9.438279e-07 / 1.082852e+00
PCG: 4 : 8.683040e-07 / 9.962032e-01
PCG: 5 : 9.234557e-07 / 1.059479e+00
PCG: 6 : 1.275187e-06 / 1.463019e+00
PCG: 0 : 1.275187e-06
PCG: 1 : 8.890579e-07 / 6.971980e-01
PCG: 2 : 7.989098e-07 / 6.265040e-01
PCG: 3 : 8.349314e-07 / 6.547521e-01
PCG: 4 : 7.685278e-07 / 6.026785e-01
PCG: 5 : 7.214588e-07 / 5.657670e-01
PCG: 6 : 7.009216e-07 / 5.496618e-01
PCG: 0 : 7.009216e-07
PCG: 1 : 7.017473e-07 / 1.001178e+00
PCG: 2 : 7.216245e-07 / 1.029537e+00
PCG: 3 : 7.578928e-07 / 1.081280e+00
PCG: 4 : 6.974502e-07 / 9.950473e-01
PCG: 5 : 7.422571e-07 / 1.058973e+00
PCG: 6 : 1.025429e-06 / 1.462973e+00
PCG: 0 : 1.025429e-06
PCG: 1 : 7.145431e-07 / 6.968234e-01
PCG: 2 : 6.416636e-07 / 6.257511e-01
PCG: 3 : 6.704415e-07 / 6.538154e-01
PCG: 4 : 6.172556e-07 / 6.019485e-01
PCG: 5 : 5.798917e-07 / 5.655111e-01
PCG: 6 : 5.636824e-07 / 5.497038e-01
PCG: 0 : 5.636823e-07
PCG: 1 : 5.640038e-07 / 1.000570e+00
PCG: 2 : 5.795598e-07 / 1.028167e+00
PCG: 3 : 6.085905e-07 / 1.079669e+00
PCG: 4 : 5.602228e-07 / 9.938626e-01
PCG: 5 : 5.966361e-07 / 1.058462e+00
PCG: 6 : 8.246497e-07 / 1.462969e+00
PCG: 0 : 8.246497e-07
PCG: 1 : 5.743083e-07 / 6.964270e-01
PCG: 2 : 5.153780e-07 / 6.249659e-01
PCG: 3 : 5.383623e-07 / 6.528375e-01
PCG: 4 : 4.957668e-07 / 6.011847e-01
PCG: 5 : 4.661211e-07 / 5.652353e-01
PCG: 6 : 4.533390e-07 / 5.497352e-01
PCG: 0 : 4.533390e-07
PCG: 1 : 4.533127e-07 / 9.999421e-01
PCG: 2 : 4.654682e-07 / 1.026755e+00
PCG: 3 : 4.886988e-07 / 1.077999e+00
PCG: 4 : 4.499992e-07 / 9.926329e-01
PCG: 5 : 4.796010e-07 / 1.057930e+00
PCG: 6 : 6.632171e-07 / 1.462961e+00
PCG: 0 : 6.632171e-07
PCG: 1 : 4.616112e-07 / 6.960182e-01
PCG: 2 : 4.139506e-07 / 6.241555e-01
PCG: 3 : 4.323047e-07 / 6.518298e-01
PCG: 4 : 3.981961e-07 / 6.004008e-01
PCG: 5 : 3.746840e-07 / 5.649493e-01
PCG: 6 : 3.646162e-07 / 5.497690e-01
PCG: 0 : 3.646163e-07
PCG: 1 : 3.643599e-07 / 9.992969e-01
PCG: 2 : 3.738453e-07 / 1.025312e+00
PCG: 3 : 3.924321e-07 / 1.076288e+00
PCG: 4 : 3.614704e-07 / 9.913720e-01
PCG: 5 : 3.855395e-07 / 1.057384e+00
PCG: 6 : 5.334170e-07 / 1.462955e+00
PCG: 0 : 5.334169e-07
PCG: 1 : 3.710447e-07 / 6.955999e-01
PCG: 2 : 3.324916e-07 / 6.233241e-01
PCG: 3 : 3.471448e-07 / 6.507944e-01
PCG: 4 : 3.198336e-07 / 5.995939e-01
PCG: 5 : 3.011949e-07 / 5.646520e-01
PCG: 6 : 2.932743e-07 / 5.498031e-01
PCG: 0 : 2.932743e-07
PCG: 1 : 2.928726e-07 / 9.986302e-01
PCG: 2 : 3.002622e-07 / 1.023827e+00
PCG: 3 : 3.151308e-07 / 1.074526e+00
PCG: 4 : 2.903625e-07 / 9.900713e-01
PCG: 5 : 3.099374e-07 / 1.056818e+00
PCG: 6 : 4.290458e-07 / 1.462951e+00
PCG: 0 : 4.290458e-07
PCG: 1 : 2.982581e-07 / 6.951662e-01
PCG: 2 : 2.670670e-07 / 6.224673e-01
PCG: 3 : 2.787633e-07 / 6.497286e-01
PCG: 4 : 2.568967e-07 / 5.987630e-01
PCG: 5 : 2.421285e-07 / 5.643420e-01
PCG: 6 : 2.359035e-07 / 5.498331e-01
PCG: 0 : 2.359035e-07
PCG: 1 : 2.354200e-07 / 9.979502e-01
PCG: 2 : 2.411675e-07 / 1.022314e+00
PCG: 3 : 2.530603e-07 / 1.072728e+00
PCG: 4 : 2.332471e-07 / 9.887393e-01
PCG: 5 : 2.491700e-07 / 1.056237e+00
PCG: 6 : 3.451169e-07 / 1.462958e+00
PCG: 0 : 3.451169e-07
PCG: 1 : 2.397596e-07 / 6.947199e-01
PCG: 2 : 2.145208e-07 / 6.215888e-01
PCG: 3 : 2.238558e-07 / 6.486377e-01
PCG: 4 : 2.063490e-07 / 5.979103e-01
PCG: 5 : 1.946526e-07 / 5.640192e-01
PCG: 6 : 1.897665e-07 / 5.498616e-01
PCG: 0 : 1.897665e-07
PCG: 1 : 1.892447e-07 / 9.972500e-01
PCG: 2 : 1.937072e-07 / 1.020766e+00
PCG: 3 : 2.032185e-07 / 1.070887e+00
PCG: 4 : 1.873702e-07 / 9.873720e-01
PCG: 5 : 2.003243e-07 / 1.055636e+00
PCG: 6 : 2.776176e-07 / 1.462943e+00
PCG: 0 : 2.776176e-07
PCG: 1 : 1.927415e-07 / 6.942697e-01
PCG: 2 : 1.723166e-07 / 6.206976e-01
PCG: 3 : 1.797657e-07 / 6.475300e-01
PCG: 4 : 1.657498e-07 / 5.970436e-01
PCG: 5 : 1.564906e-07 / 5.636912e-01
PCG: 6 : 1.526608e-07 / 5.498960e-01
PCG: 0 : 1.526608e-07
PCG: 1 : 1.521318e-07 / 9.965351e-01
PCG: 2 : 1.555907e-07 / 1.019192e+00
PCG: 3 : 1.631968e-07 / 1.069016e+00
PCG: 4 : 1.505203e-07 / 9.859787e-01
PCG: 5 : 1.610616e-07 / 1.055029e+00
PCG: 6 : 2.233352e-07 / 1.462951e+00
PCG: 0 : 2.233352e-07
PCG: 1 : 1.549511e-07 / 6.938052e-01
PCG: 2 : 1.384190e-07 / 6.197811e-01
PCG: 3 : 1.443626e-07 / 6.463944e-01
PCG: 4 : 1.331417e-07 / 5.961516e-01
PCG: 5 : 1.258143e-07 / 5.633429e-01
PCG: 6 : 1.228163e-07 / 5.499191e-01
PCG: 0 : 1.228163e-07
PCG: 1 : 1.223014e-07 / 9.958072e-01
PCG: 2 : 1.249780e-07 / 1.017601e+00
PCG: 3 : 1.310597e-07 / 1.067120e+00
PCG: 4 : 1.209196e-07 / 9.845568e-01
PCG: 5 : 1.294980e-07 / 1.054404e+00
PCG: 6 : 1.796746e-07 / 1.462954e+00
PCG: 0 : 1.796746e-07
PCG: 1 : 1.245747e-07 / 6.933349e-01
PCG: 2 : 1.111926e-07 / 6.188552e-01
PCG: 3 : 1.159349e-07 / 6.452493e-01
PCG: 4 : 1.069518e-07 / 5.952529e-01
PCG: 5 : 1.011557e-07 / 5.629938e-01
PCG: 6 : 9.881196e-08 / 5.499495e-01
PCG: 0 : 9.881197e-08
PCG: 1 : 9.832434e-08 / 9.950652e-01
PCG: 2 : 1.003915e-07 / 1.015985e+00
PCG: 3 : 1.052537e-07 / 1.065192e+00
PCG: 4 : 9.714237e-08 / 9.831033e-01
PCG: 5 : 1.041237e-07 / 1.053756e+00
PCG: 6 : 1.445555e-07 / 1.462935e+00
PCG: 0 : 1.445555e-07
PCG: 1 : 1.001563e-07 / 6.928569e-01
PCG: 2 : 8.932317e-08 / 6.179162e-01
PCG: 3 : 9.310678e-08 / 6.440902e-01
PCG: 4 : 8.591500e-08 / 5.943393e-01
PCG: 5 : 8.133193e-08 / 5.626347e-01
PCG: 6 : 7.950253e-08 / 5.499793e-01
PCG: 0 : 7.950254e-08
PCG: 1 : 7.905029e-08 / 9.943115e-01
PCG: 2 : 8.064367e-08 / 1.014353e+00
PCG: 3 : 8.453184e-08 / 1.063260e+00
PCG: 4 : 7.804246e-08 / 9.816348e-01
PCG: 5 : 8.372380e-08 / 1.053096e+00
PCG: 6 : 1.163077e-07 / 1.462943e+00
PCG: 0 : 1.163077e-07
PCG: 1 : 8.052767e-08 / 6.923676e-01
PCG: 2 : 7.175796e-08 / 6.169666e-01
PCG: 3 : 7.477696e-08 / 6.429236e-01
PCG: 4 : 6.901841e-08 / 5.934123e-01
PCG: 5 : 6.539584e-08 / 5.622658e-01
PCG: 6 : 6.396996e-08 / 5.500063e-01
PCG: 0 : 6.396996e-08
PCG: 1 : 6.355717e-08 / 9.935471e-01
PCG: 2 : 6.478296e-08 / 1.012709e+00
PCG: 3 : 6.789186e-08 / 1.061309e+00
PCG: 4 : 6.269981e-08 / 9.801447e-01
PCG: 5 : 6.732365e-08 / 1.052426e+00
PCG: 6 : 9.358349e-08 / 1.462929e+00
PCG: 0 : 9.358349e-08
PCG: 1 : 6.474828e-08 / 6.918772e-01
PCG: 2 : 5.764824e-08 / 6.160086e-01
PCG: 3 : 6.005697e-08 / 6.417475e-01
PCG: 4 : 5.544592e-08 / 5.924755e-01
PCG: 5 : 5.258328e-08 / 5.618863e-01
PCG: 6 : 5.147403e-08 / 5.500333e-01
PCG: 0 : 5.147404e-08
PCG: 1 : 5.110183e-08 / 9.927691e-01
PCG: 2 : 5.204312e-08 / 1.011056e+00
PCG: 3 : 5.452931e-08 / 1.059356e+00
PCG: 4 : 5.037493e-08 / 9.786473e-01
PCG: 5 : 5.413764e-08 / 1.051747e+00
PCG: 6 : 7.530338e-08 / 1.462939e+00
PCG: 0 : 7.530337e-08
PCG: 1 : 5.206282e-08 / 6.913743e-01
PCG: 2 : 4.631476e-08 / 6.150423e-01
PCG: 3 : 4.823693e-08 / 6.405680e-01
PCG: 4 : 4.454404e-08 / 5.915279e-01
PCG: 5 : 4.228253e-08 / 5.614958e-01
PCG: 6 : 4.142095e-08 / 5.500544e-01
PCG: 0 : 4.142094e-08
PCG: 1 : 4.108892e-08 / 9.919842e-01
PCG: 2 : 4.181023e-08 / 1.009398e+00
PCG: 3 : 4.379846e-08 / 1.057399e+00
PCG: 4 : 4.047383e-08 / 9.771344e-01
PCG: 5 : 4.353571e-08 / 1.051056e+00
PCG: 6 : 6.059643e-08 / 1.462942e+00
PCG: 0 : 6.059643e-08
PCG: 1 : 4.186416e-08 / 6.908684e-01
PCG: 2 : 3.721061e-08 / 6.140727e-01
PCG: 3 : 3.874471e-08 / 6.393894e-01
PCG: 4 : 3.578680e-08 / 5.905761e-01
PCG: 5 : 3.400069e-08 / 5.611005e-01
PCG: 6 : 3.333272e-08 / 5.500773e-01
PCG: 0 : 3.333273e-08
PCG: 1 : 3.303911e-08 / 9.911914e-01
PCG: 2 : 3.359061e-08 / 1.007737e+00
PCG: 3 : 3.518112e-08 / 1.055453e+00
PCG: 4 : 3.251989e-08 / 9.756145e-01
PCG: 5 : 3.501099e-08 / 1.050349e+00
PCG: 6 : 4.876350e-08 / 1.462932e+00
PCG: 0 : 4.876350e-08
PCG: 1 : 3.366437e-08 / 6.903600e-01
PCG: 2 : 2.989726e-08 / 6.131073e-01
PCG: 3 : 3.112177e-08 / 6.382185e-01
PCG: 4 : 2.875202e-08 / 5.896217e-01
PCG: 5 : 2.734175e-08 / 5.607011e-01
PCG: 6 : 2.682488e-08 / 5.501015e-01
PCG: 0 : 2.682488e-08
PCG: 1 : 2.656720e-08 / 9.903940e-01
PCG: 2 : 2.698782e-08 / 1.006074e+00
PCG: 3 : 2.826033e-08 / 1.053512e+00
PCG: 4 : 2.612975e-08 / 9.740865e-01
PCG: 5 : 2.815634e-08 / 1.049636e+00
PCG: 6 : 3.924285e-08 / 1.462928e+00
PCG: 0 : 3.924285e-08
PCG: 1 : 2.707150e-08 / 6.898453e-01
PCG: 2 : 2.402194e-08 / 6.121354e-01
PCG: 3 : 2.499971e-08 / 6.370512e-01
PCG: 4 : 2.310081e-08 / 5.886628e-01
PCG: 5 : 2.198740e-08 / 5.602906e-01
PCG: 6 : 2.158825e-08 / 5.501192e-01
PCG: 0 : 2.158825e-08
PCG: 1 : 2.136354e-08 / 9.895911e-01
PCG: 2 : 2.168379e-08 / 1.004426e+00
PCG: 3 : 2.270222e-08 / 1.051601e+00
PCG: 4 : 2.099601e-08 / 9.725668e-01
PCG: 5 : 2.264422e-08 / 1.048914e+00
PCG: 6 : 3.158255e-08 / 1.462951e+00

PCG ( VCycle ( S: Scale / C: Scale )  )

Complete solver TOE: 2.38051
0.696706 GFlop/s [0.696706 GFlops/s]

Total time: 2.38051s
Accumulated op time: 2.22871

Reductions: 2.53954%
Blas-1: 6.15683%
Blas-2: 84.9268%
Precon Kernels: 0%
MPI Execution: 0%
MPI Wait: 0%
Not covered: 6.37682%

Domain size: 1.58899 MByte
LA size: 4.66325 MByte
MPI size: 0.15921 MByte

H0-Error: 2.748855e-05
H1-Error: 1.613732e-02

Writing DATA to output.data...
Run-Time: 0:02.521 [0:02.521]
0xb32fd9f8 Error: MemoryPool<CPU> still contains memory chunks on deconstructor call
