NUM-PROCS: 1
Preparing domain...
LVL-MIN: 2 [2]
LVL-MAX: 9 [9]
Creating gates...
Assembling system matrices...
Assembling system filters...
Assembling transfer matrices...
Converting assembled linear system from SparseMatrixCSR, Mem:main to SparseMatrixELL, Mem:cudaand to SparseMatrixELL, Mem:cuda...
PCG: 0 : 1.894534e-02
PCG: 1 : 9.764041e-03 / 5.153795e-01
PCG: 2 : 5.655357e-03 / 2.985091e-01
PCG: 3 : 1.963570e-03 / 1.036439e-01
PCG: 4 : 4.557527e-04 / 2.405619e-02
PCG: 5 : 4.926830e-05 / 2.600550e-03
PCG: 6 : 4.678655e-06 / 2.469555e-04
PCG: 7 : 7.029554e-07 / 3.710440e-05
PCG: 0 : 5.475053e-04
PCG: 1 : 4.979545e-05 / 9.094971e-02
PCG: 2 : 1.986246e-05 / 3.627811e-02
PCG: 3 : 4.067976e-06 / 7.430021e-03
PCG: 4 : 6.264690e-07 / 1.144225e-03
PCG: 5 : 7.251732e-08 / 1.324504e-04
PCG: 6 : 6.933935e-09 / 1.266460e-05
PCG: 7 : 9.821229e-10 / 1.793815e-06
PCG: 0 : 5.540192e-09
PCG: 1 : 8.144643e-09 / 1.470101e+00
PCG: 2 : 1.204018e-09 / 2.173242e-01
PCG: 3 : 1.562400e-10 / 2.820119e-02
PCG: 4 : 1.714313e-11 / 3.094321e-03
PCG: 5 : 2.634520e-12 / 4.755286e-04
PCG: 6 : 4.500407e-13 / 8.123198e-05
PCG: 7 : 6.665919e-14 / 1.203193e-05

PCG ( VCycle ( S: Scale / C: Scale )  )

Complete solver TOE: 0.144086
5.65233 GFlop/s [5.65233 GFlops/s]

Total time: 0.144086s
Accumulated op time: 0.028615

Reductions: 17.915%
Blas-1: 0.955679%
Blas-2: 0.988993%
Precon Kernels: 0%
MPI Execution: 0%
MPI Wait: 0%
Not covered: 80.1403%

Domain size: 48.2178 MByte
LA size: 121.079 MByte
MPI size: 2.68237 MByte

H0-Error: 1.716362e-06
H1-Error: 4.034414e-03

Writing DATA to output.data...
Run-Time: 0:00.854 [0:00.854]
0x31d198e880 Error: MemoryPool<CUDA> still contains memory chunks on deconstructor call
