NUM-PROCS: 1
Preparing domain...
LVL-MIN: 4 [4]
LVL-MAX: 9 [9]
Creating gates...
Assembling system matrices...
Assembling system filters...
Assembling transfer matrices...
Converting assembled linear system from SparseMatrixCSR, Mem:main to SparseMatrixCSR, Mem:mainand to SparseMatrixCSR, Mem:main...
PCG:  0 : 1.894513e-02
PCG:  1 : 3.774730e-02 / 1.992454e+00
PCG:  2 : 4.953502e-02 / 2.614657e+00
PCG:  3 : 1.147277e-01 / 6.055789e+00
PCG:  4 : 1.196864e-01 / 6.317527e+00
PCG:  5 : 5.468968e-02 / 2.886741e+00
PCG:  6 : 2.265389e-02 / 1.195763e+00
PCG:  7 : 4.091762e-03 / 2.159797e-01
PCG:  8 : 1.388645e-03 / 7.329825e-02
PCG:  9 : 1.175736e-03 / 6.206005e-02
PCG: 10 : 3.275139e-04 / 1.728750e-02
PCG: 11 : 3.820419e-05 / 2.016571e-03
PCG: 12 : 2.308312e-05 / 1.218420e-03
PCG: 13 : 7.488807e-06 / 3.952893e-04
PCG:  0 : 5.485010e-04
PCG:  1 : 5.573784e-05 / 1.016185e-01
PCG:  2 : 9.501382e-05 / 1.732245e-01
PCG:  3 : 4.020767e-05 / 7.330465e-02
PCG:  4 : 5.760049e-05 / 1.050144e-01
PCG:  5 : 3.952119e-05 / 7.205308e-02
PCG:  6 : 3.243256e-05 / 5.912944e-02
PCG:  7 : 1.985771e-05 / 3.620360e-02
PCG:  8 : 9.351348e-06 / 1.704892e-02
PCG:  9 : 1.698619e-06 / 3.096838e-03
PCG: 10 : 7.037038e-07 / 1.282958e-03
PCG: 11 : 6.374128e-07 / 1.162100e-03
PCG: 12 : 4.213128e-07 / 7.681168e-04
PCG: 13 : 3.687504e-07 / 6.722877e-04
PCG:  0 : 3.689422e-07
PCG:  1 : 1.259889e-07 / 3.414867e-01
PCG:  2 : 8.878732e-08 / 2.406537e-01
PCG:  3 : 4.421589e-08 / 1.198450e-01
PCG:  4 : 3.885927e-08 / 1.053262e-01
PCG:  5 : 3.469289e-08 / 9.403340e-02
PCG:  6 : 1.910533e-08 / 5.178407e-02
PCG:  7 : 8.663664e-09 / 2.348244e-02
PCG:  8 : 6.741276e-09 / 1.827190e-02
PCG:  9 : 8.588404e-09 / 2.327845e-02
PCG: 10 : 5.261803e-09 / 1.426186e-02
PCG: 11 : 5.481076e-09 / 1.485619e-02
PCG: 12 : 3.896063e-09 / 1.056009e-02
PCG: 13 : 1.465134e-09 / 3.971174e-03
PCG:  0 : 1.465152e-09
PCG:  1 : 1.000354e-09 / 6.827645e-01
PCG:  2 : 6.563769e-10 / 4.479924e-01
PCG:  3 : 2.693602e-10 / 1.838445e-01
PCG:  4 : 2.383134e-10 / 1.626544e-01
PCG:  5 : 1.089855e-10 / 7.438515e-02
PCG:  6 : 6.336077e-11 / 4.324519e-02
PCG:  7 : 8.467822e-11 / 5.779484e-02
PCG:  8 : 8.117831e-11 / 5.540607e-02
PCG:  9 : 5.209674e-11 / 3.555723e-02
PCG: 10 : 2.885527e-11 / 1.969439e-02
PCG: 11 : 2.248800e-11 / 1.534858e-02
PCG: 12 : 1.376519e-11 / 9.395057e-03
PCG: 13 : 1.164210e-11 / 7.946001e-03

PCG ( VCycle ( S: Scale / C: Scale )  )

Complete solver TOE: 4.37442
0.450687 GFlop/s [0.450687 GFlops/s]

Total time: 4.37442s
Accumulated op time: 4.26531

Reductions: 1.82733%
Blas-1: 5.39715%
Blas-2: 90.2811%
Precon Kernels: 0%
MPI Execution: 0%
MPI Wait: 0%
Not covered: 2.49441%

Domain size: 26.799 MByte
LA size: 89.2379 MByte
MPI size: 2.68149 MByte

H0-Error: 1.716360e-06
H1-Error: 4.034414e-03

Writing DATA to output.data...
Run-Time: 0:06.839 [0:06.839]
0xb33cb9f8 Error: MemoryPool<CPU> still contains memory chunks on deconstructor call
