NUM-PROCS: 1
Preparing domain...
LVL-MIN: 4 [4]
LVL-MAX: 6 [6]
Creating gates...
Assembling system matrices...
Assembling system filters...
Assembling transfer matrices...
Converting assembled linear system from SparseMatrixCSR, Mem:main to SparseMatrixELL, Mem:cudaand to SparseMatrixELL, Mem:cuda...
PCG: 0 : 1.512630e-01
PCG: 1 : 2.707144e-01 / 1.789694e+00
PCG: 0 : 2.777960e-01
PCG: 1 : 2.029845e-01 / 7.306962e-01
PCG: 0 : 2.029845e-01
PCG: 1 : 2.279850e-01 / 1.123165e+00
PCG: 0 : 2.279850e-01
PCG: 1 : 2.214426e-01 / 9.713031e-01
PCG: 0 : 2.214426e-01
PCG: 1 : 2.056732e-01 / 9.287882e-01
PCG: 0 : 2.056732e-01
PCG: 1 : 1.834667e-01 / 8.920301e-01
PCG: 0 : 1.834667e-01
PCG: 1 : 1.702624e-01 / 9.280290e-01
PCG: 0 : 1.702624e-01
PCG: 1 : 1.541560e-01 / 9.054029e-01
PCG: 0 : 1.541560e-01
PCG: 1 : 1.454659e-01 / 9.436278e-01
PCG: 0 : 1.454659e-01
PCG: 1 : 1.333702e-01 / 9.168484e-01
PCG: 0 : 1.333702e-01
PCG: 1 : 1.270924e-01 / 9.529299e-01
PCG: 0 : 1.270924e-01
PCG: 1 : 1.172708e-01 / 9.227207e-01
PCG: 0 : 1.172708e-01
PCG: 1 : 1.122796e-01 / 9.574391e-01
PCG: 0 : 1.122796e-01
PCG: 1 : 1.039019e-01 / 9.253853e-01
PCG: 0 : 1.039019e-01
PCG: 1 : 9.969608e-02 / 9.595212e-01
PCG: 0 : 9.969608e-02
PCG: 1 : 9.237675e-02 / 9.265836e-01
PCG: 0 : 9.237675e-02
PCG: 1 : 8.873025e-02 / 9.605259e-01
PCG: 0 : 8.873024e-02
PCG: 1 : 8.226919e-02 / 9.271833e-01
PCG: 0 : 8.226919e-02
PCG: 1 : 7.906765e-02 / 9.610845e-01
PCG: 0 : 7.906764e-02
PCG: 1 : 7.334012e-02 / 9.275618e-01
PCG: 0 : 7.334012e-02
PCG: 1 : 7.051429e-02 / 9.614696e-01
PCG: 0 : 7.051428e-02
PCG: 1 : 6.542810e-02 / 9.278702e-01
PCG: 0 : 6.542810e-02
PCG: 1 : 6.292812e-02 / 9.617904e-01
PCG: 0 : 6.292812e-02
PCG: 1 : 5.840759e-02 / 9.281636e-01
PCG: 0 : 5.840759e-02
PCG: 1 : 5.619328e-02 / 9.620887e-01
PCG: 0 : 5.619328e-02
PCG: 1 : 5.217312e-02 / 9.284585e-01
PCG: 0 : 5.217312e-02
PCG: 1 : 5.021032e-02 / 9.623790e-01
PCG: 0 : 5.021031e-02
PCG: 1 : 4.663315e-02 / 9.287564e-01
PCG: 0 : 4.663314e-02
PCG: 1 : 4.489211e-02 / 9.626654e-01
PCG: 0 : 4.489211e-02
PCG: 1 : 4.170726e-02 / 9.290555e-01
PCG: 0 : 4.170726e-02
PCG: 1 : 4.016192e-02 / 9.629480e-01
PCG: 0 : 4.016192e-02
PCG: 1 : 3.732463e-02 / 9.293538e-01
PCG: 0 : 3.732463e-02
PCG: 1 : 3.595210e-02 / 9.632272e-01
PCG: 0 : 3.595210e-02
PCG: 1 : 3.342282e-02 / 9.296486e-01
PCG: 0 : 3.342282e-02
PCG: 1 : 3.220298e-02 / 9.635027e-01
PCG: 0 : 3.220297e-02
PCG: 1 : 2.994683e-02 / 9.299399e-01
PCG: 0 : 2.994683e-02
PCG: 1 : 2.886198e-02 / 9.637742e-01
PCG: 0 : 2.886198e-02
PCG: 1 : 2.684819e-02 / 9.302269e-01
PCG: 0 : 2.684819e-02
PCG: 1 : 2.588276e-02 / 9.640412e-01
PCG: 0 : 2.588276e-02
PCG: 1 : 2.408414e-02 / 9.305092e-01
PCG: 0 : 2.408414e-02
PCG: 1 : 2.322443e-02 / 9.643040e-01
PCG: 0 : 2.322443e-02
PCG: 1 : 2.161699e-02 / 9.307864e-01
PCG: 0 : 2.161699e-02
PCG: 1 : 2.085092e-02 / 9.645616e-01
PCG: 0 : 2.085092e-02
PCG: 1 : 1.941341e-02 / 9.310580e-01
PCG: 0 : 1.941341e-02
PCG: 1 : 1.873033e-02 / 9.648139e-01
PCG: 0 : 1.873033e-02
PCG: 1 : 1.744397e-02 / 9.313224e-01
PCG: 0 : 1.744397e-02
PCG: 1 : 1.683447e-02 / 9.650593e-01
PCG: 0 : 1.683447e-02
PCG: 1 : 1.568264e-02 / 9.315789e-01
PCG: 0 : 1.568264e-02
PCG: 1 : 1.513840e-02 / 9.652972e-01
PCG: 0 : 1.513840e-02
PCG: 1 : 1.410636e-02 / 9.318259e-01
PCG: 0 : 1.410636e-02
PCG: 1 : 1.362005e-02 / 9.655260e-01
PCG: 0 : 1.362005e-02
PCG: 1 : 1.269474e-02 / 9.320622e-01
PCG: 0 : 1.269474e-02
PCG: 1 : 1.225987e-02 / 9.657444e-01
PCG: 0 : 1.225987e-02
PCG: 1 : 1.142971e-02 / 9.322867e-01
PCG: 0 : 1.142971e-02
PCG: 1 : 1.104055e-02 / 9.659519e-01
PCG: 0 : 1.104055e-02
PCG: 1 : 1.029530e-02 / 9.324983e-01
PCG: 0 : 1.029530e-02
PCG: 1 : 9.946772e-03 / 9.661472e-01
PCG: 0 : 9.946771e-03
PCG: 1 : 9.277318e-03 / 9.326964e-01
PCG: 0 : 9.277318e-03
PCG: 1 : 8.964948e-03 / 9.663298e-01
PCG: 0 : 8.964947e-03
PCG: 1 : 8.363225e-03 / 9.328806e-01
PCG: 0 : 8.363225e-03
PCG: 1 : 8.083046e-03 / 9.664987e-01
PCG: 0 : 8.083046e-03
PCG: 1 : 7.541897e-03 / 9.330513e-01
PCG: 0 : 7.541897e-03
PCG: 1 : 7.290406e-03 / 9.666541e-01
PCG: 0 : 7.290406e-03
PCG: 1 : 6.803466e-03 / 9.332081e-01
PCG: 0 : 6.803465e-03
PCG: 1 : 6.577570e-03 / 9.667970e-01
PCG: 0 : 6.577570e-03
PCG: 1 : 6.139182e-03 / 9.333512e-01
PCG: 0 : 6.139182e-03
PCG: 1 : 5.936140e-03 / 9.669268e-01
PCG: 0 : 5.936140e-03
PCG: 1 : 5.541274e-03 / 9.334811e-01
PCG: 0 : 5.541274e-03
PCG: 1 : 5.358661e-03 / 9.670449e-01
PCG: 0 : 5.358661e-03
PCG: 1 : 5.002839e-03 / 9.335988e-01
PCG: 0 : 5.002839e-03
PCG: 1 : 4.838503e-03 / 9.671515e-01
PCG: 0 : 4.838503e-03
PCG: 1 : 4.517731e-03 / 9.337043e-01
PCG: 0 : 4.517730e-03
PCG: 1 : 4.369763e-03 / 9.672474e-01
PCG: 0 : 4.369763e-03
PCG: 1 : 4.080484e-03 / 9.337998e-01
PCG: 0 : 4.080483e-03
PCG: 1 : 3.947185e-03 / 9.673327e-01
PCG: 0 : 3.947185e-03
PCG: 1 : 3.686217e-03 / 9.338850e-01
PCG: 0 : 3.686217e-03
PCG: 1 : 3.566080e-03 / 9.674093e-01
PCG: 0 : 3.566080e-03
PCG: 1 : 3.330580e-03 / 9.339610e-01
PCG: 0 : 3.330580e-03
PCG: 1 : 3.222263e-03 / 9.674782e-01
PCG: 0 : 3.222263e-03
PCG: 1 : 3.009685e-03 / 9.340283e-01
PCG: 0 : 3.009685e-03
PCG: 1 : 2.911987e-03 / 9.675390e-01
PCG: 0 : 2.911987e-03
PCG: 1 : 2.720054e-03 / 9.340884e-01
PCG: 0 : 2.720054e-03
PCG: 1 : 2.631905e-03 / 9.675929e-01
PCG: 0 : 2.631905e-03
PCG: 1 : 2.458573e-03 / 9.341423e-01
PCG: 0 : 2.458573e-03
PCG: 1 : 2.379016e-03 / 9.676407e-01
PCG: 0 : 2.379016e-03
PCG: 1 : 2.222450e-03 / 9.341889e-01
PCG: 0 : 2.222450e-03
PCG: 1 : 2.150629e-03 / 9.676841e-01
PCG: 0 : 2.150629e-03
PCG: 1 : 2.009182e-03 / 9.342300e-01
PCG: 0 : 2.009182e-03
PCG: 1 : 1.944332e-03 / 9.677229e-01
PCG: 0 : 1.944332e-03
PCG: 1 : 1.816523e-03 / 9.342660e-01
PCG: 0 : 1.816523e-03
PCG: 1 : 1.757953e-03 / 9.677572e-01
PCG: 0 : 1.757953e-03
PCG: 1 : 1.642452e-03 / 9.342978e-01
PCG: 0 : 1.642452e-03
PCG: 1 : 1.589544e-03 / 9.677877e-01
PCG: 0 : 1.589544e-03
PCG: 1 : 1.485153e-03 / 9.343259e-01
PCG: 0 : 1.485153e-03
PCG: 1 : 1.437352e-03 / 9.678143e-01
PCG: 0 : 1.437352e-03
PCG: 1 : 1.342991e-03 / 9.343511e-01
PCG: 0 : 1.342991e-03
PCG: 1 : 1.299797e-03 / 9.678378e-01
PCG: 0 : 1.299797e-03
PCG: 1 : 1.214496e-03 / 9.343731e-01
PCG: 0 : 1.214496e-03
PCG: 1 : 1.175461e-03 / 9.678590e-01
PCG: 0 : 1.175460e-03
PCG: 1 : 1.098341e-03 / 9.343923e-01
PCG: 0 : 1.098341e-03
PCG: 1 : 1.063060e-03 / 9.678776e-01
PCG: 0 : 1.063060e-03
PCG: 1 : 9.933332e-04 / 9.344096e-01
PCG: 0 : 9.933332e-04
PCG: 1 : 9.614411e-04 / 9.678938e-01
PCG: 0 : 9.614411e-04
PCG: 1 : 8.983944e-04 / 9.344249e-01
PCG: 0 : 8.983944e-04
PCG: 1 : 8.695633e-04 / 9.679081e-01
PCG: 0 : 8.695633e-04
PCG: 1 : 8.125533e-04 / 9.344384e-01
PCG: 0 : 8.125533e-04
PCG: 1 : 7.864875e-04 / 9.679211e-01
PCG: 0 : 7.864874e-04
PCG: 1 : 7.349335e-04 / 9.344504e-01
PCG: 0 : 7.349335e-04
PCG: 1 : 7.113658e-04 / 9.679323e-01
PCG: 0 : 7.113658e-04
PCG: 1 : 6.647438e-04 / 9.344612e-01
PCG: 0 : 6.647437e-04
PCG: 1 : 6.434336e-04 / 9.679424e-01
PCG: 0 : 6.434335e-04
PCG: 1 : 6.012697e-04 / 9.344705e-01
PCG: 0 : 6.012696e-04
PCG: 1 : 5.819998e-04 / 9.679514e-01
PCG: 0 : 5.819997e-04
PCG: 1 : 5.438662e-04 / 9.344785e-01
PCG: 0 : 5.438662e-04
PCG: 1 : 5.264405e-04 / 9.679596e-01
PCG: 0 : 5.264405e-04
PCG: 1 : 4.919511e-04 / 9.344856e-01
PCG: 0 : 4.919511e-04
PCG: 1 : 4.761925e-04 / 9.679672e-01
PCG: 0 : 4.761925e-04
PCG: 1 : 4.449977e-04 / 9.344912e-01
PCG: 0 : 4.449977e-04
PCG: 1 : 4.307461e-04 / 9.679739e-01
PCG: 0 : 4.307461e-04
PCG: 1 : 4.025312e-04 / 9.344977e-01
PCG: 0 : 4.025312e-04
PCG: 1 : 3.896417e-04 / 9.679788e-01
PCG: 0 : 3.896417e-04
PCG: 1 : 3.641212e-04 / 9.345028e-01
PCG: 0 : 3.641212e-04
PCG: 1 : 3.524636e-04 / 9.679841e-01
PCG: 0 : 3.524636e-04
PCG: 1 : 3.293797e-04 / 9.345070e-01
PCG: 0 : 3.293796e-04
PCG: 1 : 3.188359e-04 / 9.679890e-01
PCG: 0 : 3.188359e-04
PCG: 1 : 2.979555e-04 / 9.345106e-01
PCG: 0 : 2.979555e-04
PCG: 1 : 2.884190e-04 / 9.679937e-01
PCG: 0 : 2.884190e-04
PCG: 1 : 2.695316e-04 / 9.345139e-01
PCG: 0 : 2.695316e-04
PCG: 1 : 2.609058e-04 / 9.679972e-01
PCG: 0 : 2.609058e-04
PCG: 1 : 2.438208e-04 / 9.345168e-01
PCG: 0 : 2.438208e-04
PCG: 1 : 2.360189e-04 / 9.680015e-01
PCG: 0 : 2.360189e-04
PCG: 1 : 2.205641e-04 / 9.345188e-01
PCG: 0 : 2.205641e-04
PCG: 1 : 2.135071e-04 / 9.680049e-01
PCG: 0 : 2.135071e-04
PCG: 1 : 1.995269e-04 / 9.345211e-01
PCG: 0 : 1.995269e-04
PCG: 1 : 1.931436e-04 / 9.680077e-01
PCG: 0 : 1.931435e-04
PCG: 1 : 1.804971e-04 / 9.345230e-01
PCG: 0 : 1.804971e-04
PCG: 1 : 1.747230e-04 / 9.680102e-01
PCG: 0 : 1.747230e-04
PCG: 1 : 1.632830e-04 / 9.345247e-01
PCG: 0 : 1.632830e-04
PCG: 1 : 1.580601e-04 / 9.680133e-01
PCG: 0 : 1.580601e-04
PCG: 1 : 1.477112e-04 / 9.345256e-01
PCG: 0 : 1.477112e-04
PCG: 1 : 1.429868e-04 / 9.680161e-01
PCG: 0 : 1.429868e-04
PCG: 1 : 1.336249e-04 / 9.345263e-01
PCG: 0 : 1.336249e-04
PCG: 1 : 1.293514e-04 / 9.680185e-01
PCG: 0 : 1.293514e-04
PCG: 1 : 1.208824e-04 / 9.345275e-01
PCG: 0 : 1.208824e-04
PCG: 1 : 1.170167e-04 / 9.680204e-01
PCG: 0 : 1.170167e-04
PCG: 1 : 1.093554e-04 / 9.345284e-01
PCG: 0 : 1.093554e-04
PCG: 1 : 1.058585e-04 / 9.680223e-01
PCG: 0 : 1.058585e-04
PCG: 1 : 9.892782e-05 / 9.345291e-01
PCG: 0 : 9.892781e-05
PCG: 1 : 9.576455e-05 / 9.680245e-01
PCG: 0 : 9.576455e-05
PCG: 1 : 8.949478e-05 / 9.345294e-01
PCG: 0 : 8.949478e-05
PCG: 1 : 8.663328e-05 / 9.680261e-01
PCG: 0 : 8.663328e-05
PCG: 1 : 8.096140e-05 / 9.345300e-01
PCG: 0 : 8.096139e-05
PCG: 1 : 7.837289e-05 / 9.680279e-01
PCG: 0 : 7.837288e-05
PCG: 1 : 7.324182e-05 / 9.345301e-01
PCG: 0 : 7.324182e-05
PCG: 1 : 7.090023e-05 / 9.680293e-01
PCG: 0 : 7.090023e-05
PCG: 1 : 6.625846e-05 / 9.345310e-01
PCG: 0 : 6.625846e-05
PCG: 1 : 6.414017e-05 / 9.680300e-01
PCG: 0 : 6.414017e-05
PCG: 1 : 5.994103e-05 / 9.345319e-01
PCG: 0 : 5.994103e-05
PCG: 1 : 5.802477e-05 / 9.680310e-01
PCG: 0 : 5.802477e-05
PCG: 1 : 5.422602e-05 / 9.345322e-01
PCG: 0 : 5.422601e-05
PCG: 1 : 5.249252e-05 / 9.680321e-01
PCG: 0 : 5.249252e-05
PCG: 1 : 4.905598e-05 / 9.345327e-01
PCG: 0 : 4.905597e-05
PCG: 1 : 4.748779e-05 / 9.680328e-01
PCG: 0 : 4.748779e-05
PCG: 1 : 4.437891e-05 / 9.345329e-01
PCG: 0 : 4.437891e-05
PCG: 1 : 4.296028e-05 / 9.680339e-01
PCG: 0 : 4.296028e-05
PCG: 1 : 4.014781e-05 / 9.345332e-01
PCG: 0 : 4.014781e-05
PCG: 1 : 3.886447e-05 / 9.680347e-01
PCG: 0 : 3.886447e-05
PCG: 1 : 3.632014e-05 / 9.345333e-01
PCG: 0 : 3.632014e-05
PCG: 1 : 3.515919e-05 / 9.680357e-01
PCG: 0 : 3.515919e-05
PCG: 1 : 3.285744e-05 / 9.345335e-01
PCG: 0 : 3.285744e-05
PCG: 1 : 3.180720e-05 / 9.680365e-01
PCG: 0 : 3.180720e-05
PCG: 1 : 2.972490e-05 / 9.345335e-01
PCG: 0 : 2.972490e-05
PCG: 1 : 2.877481e-05 / 9.680374e-01
PCG: 0 : 2.877481e-05
PCG: 1 : 2.689102e-05 / 9.345336e-01
PCG: 0 : 2.689102e-05
PCG: 1 : 2.603154e-05 / 9.680383e-01
PCG: 0 : 2.603154e-05
PCG: 1 : 2.432734e-05 / 9.345335e-01
PCG: 0 : 2.432734e-05
PCG: 1 : 2.354982e-05 / 9.680391e-01
PCG: 0 : 2.354982e-05
PCG: 1 : 2.200809e-05 / 9.345331e-01
PCG: 0 : 2.200809e-05
PCG: 1 : 2.130471e-05 / 9.680401e-01
PCG: 0 : 2.130471e-05
PCG: 1 : 1.990996e-05 / 9.345334e-01
PCG: 0 : 1.990996e-05
PCG: 1 : 1.927365e-05 / 9.680406e-01
PCG: 0 : 1.927365e-05
PCG: 1 : 1.801186e-05 / 9.345329e-01
PCG: 0 : 1.801186e-05
PCG: 1 : 1.743624e-05 / 9.680422e-01
PCG: 0 : 1.743624e-05
PCG: 1 : 1.629473e-05 / 9.345322e-01
PCG: 0 : 1.629473e-05
PCG: 1 : 1.577400e-05 / 9.680435e-01
PCG: 0 : 1.577400e-05
PCG: 1 : 1.474130e-05 / 9.345316e-01
PCG: 0 : 1.474130e-05
PCG: 1 : 1.427023e-05 / 9.680441e-01
PCG: 0 : 1.427023e-05
PCG: 1 : 1.333599e-05 / 9.345319e-01
PCG: 0 : 1.333598e-05
PCG: 1 : 1.290983e-05 / 9.680444e-01
PCG: 0 : 1.290982e-05
PCG: 1 : 1.206464e-05 / 9.345317e-01
PCG: 0 : 1.206464e-05
PCG: 1 : 1.167912e-05 / 9.680452e-01
PCG: 0 : 1.167912e-05
PCG: 1 : 1.091451e-05 / 9.345317e-01
PCG: 0 : 1.091451e-05
PCG: 1 : 1.056574e-05 / 9.680458e-01
PCG: 0 : 1.056574e-05
PCG: 1 : 9.874016e-06 / 9.345314e-01
PCG: 0 : 9.874016e-06
PCG: 1 : 9.558506e-06 / 9.680464e-01
PCG: 0 : 9.558506e-06
PCG: 1 : 8.932722e-06 / 9.345313e-01
PCG: 0 : 8.932722e-06
PCG: 1 : 8.647294e-06 / 9.680468e-01
PCG: 0 : 8.647294e-06
PCG: 1 : 8.081168e-06 / 9.345315e-01
PCG: 0 : 8.081167e-06
PCG: 1 : 7.822951e-06 / 9.680473e-01
PCG: 0 : 7.822951e-06
PCG: 1 : 7.310793e-06 / 9.345313e-01
PCG: 0 : 7.310792e-06
PCG: 1 : 7.077196e-06 / 9.680477e-01
PCG: 0 : 7.077195e-06
PCG: 1 : 6.613861e-06 / 9.345315e-01
PCG: 0 : 6.613861e-06
PCG: 1 : 6.402535e-06 / 9.680481e-01
PCG: 0 : 6.402535e-06
PCG: 1 : 5.983371e-06 / 9.345315e-01
PCG: 0 : 5.983371e-06
PCG: 1 : 5.792192e-06 / 9.680483e-01
PCG: 0 : 5.792192e-06
PCG: 1 : 5.412984e-06 / 9.345312e-01
PCG: 0 : 5.412983e-06
PCG: 1 : 5.240033e-06 / 9.680490e-01
PCG: 0 : 5.240033e-06
PCG: 1 : 4.896975e-06 / 9.345314e-01
PCG: 0 : 4.896975e-06
PCG: 1 : 4.740511e-06 / 9.680489e-01
PCG: 0 : 4.740511e-06
PCG: 1 : 4.430157e-06 / 9.345315e-01
PCG: 0 : 4.430156e-06
PCG: 1 : 4.288609e-06 / 9.680492e-01
PCG: 0 : 4.288609e-06
PCG: 1 : 4.007843e-06 / 9.345319e-01
PCG: 0 : 4.007842e-06
PCG: 1 : 3.879788e-06 / 9.680492e-01
PCG: 0 : 3.879788e-06
PCG: 1 : 3.625785e-06 / 9.345316e-01
PCG: 0 : 3.625785e-06
PCG: 1 : 3.509939e-06 / 9.680495e-01
PCG: 0 : 3.509939e-06
PCG: 1 : 3.280151e-06 / 9.345320e-01
PCG: 0 : 3.280150e-06
PCG: 1 : 3.175350e-06 / 9.680501e-01
PCG: 0 : 3.175350e-06
PCG: 1 : 2.967463e-06 / 9.345311e-01
PCG: 0 : 2.967463e-06
PCG: 1 : 2.872656e-06 / 9.680512e-01
PCG: 0 : 2.872656e-06
PCG: 1 : 2.684585e-06 / 9.345306e-01
PCG: 0 : 2.684584e-06
PCG: 1 : 2.598817e-06 / 9.680521e-01
PCG: 0 : 2.598817e-06
PCG: 1 : 2.428673e-06 / 9.345300e-01
PCG: 0 : 2.428673e-06
PCG: 1 : 2.351084e-06 / 9.680529e-01
PCG: 0 : 2.351083e-06
PCG: 1 : 2.197157e-06 / 9.345295e-01
PCG: 0 : 2.197157e-06
PCG: 1 : 2.126965e-06 / 9.680534e-01
PCG: 0 : 2.126965e-06
PCG: 1 : 1.987711e-06 / 9.345294e-01
PCG: 0 : 1.987711e-06
PCG: 1 : 1.924211e-06 / 9.680537e-01
PCG: 0 : 1.924211e-06
PCG: 1 : 1.798232e-06 / 9.345296e-01
PCG: 0 : 1.798232e-06
PCG: 1 : 1.740785e-06 / 9.680536e-01
PCG: 0 : 1.740785e-06
PCG: 1 : 1.626815e-06 / 9.345298e-01
PCG: 0 : 1.626815e-06
PCG: 1 : 1.574845e-06 / 9.680538e-01
PCG: 0 : 1.574845e-06
PCG: 1 : 1.471740e-06 / 9.345301e-01
PCG: 0 : 1.471739e-06
PCG: 1 : 1.424723e-06 / 9.680538e-01
PCG: 0 : 1.424723e-06
PCG: 1 : 1.331446e-06 / 9.345299e-01
PCG: 0 : 1.331446e-06
PCG: 1 : 1.288912e-06 / 9.680542e-01
PCG: 0 : 1.288912e-06
PCG: 1 : 1.204526e-06 / 9.345295e-01
PCG: 0 : 1.204526e-06
PCG: 1 : 1.166047e-06 / 9.680548e-01
PCG: 0 : 1.166047e-06
PCG: 1 : 1.089706e-06 / 9.345297e-01
PCG: 0 : 1.089706e-06
PCG: 1 : 1.054895e-06 / 9.680547e-01
PCG: 0 : 1.054895e-06
PCG: 1 : 9.858305e-07 / 9.345299e-01
PCG: 0 : 9.858305e-07
PCG: 1 : 9.543379e-07 / 9.680547e-01
PCG: 0 : 9.543379e-07
PCG: 1 : 8.918571e-07 / 9.345297e-01
PCG: 0 : 8.918570e-07
PCG: 1 : 8.633668e-07 / 9.680552e-01
PCG: 0 : 8.633668e-07
PCG: 1 : 8.068421e-07 / 9.345298e-01
PCG: 0 : 8.068420e-07
PCG: 1 : 7.810678e-07 / 9.680554e-01
PCG: 0 : 7.810677e-07
PCG: 1 : 7.299308e-07 / 9.345295e-01
PCG: 0 : 7.299308e-07
PCG: 1 : 7.066134e-07 / 9.680553e-01
PCG: 0 : 7.066134e-07
PCG: 1 : 6.603516e-07 / 9.345303e-01
PCG: 0 : 6.603516e-07
PCG: 1 : 6.392568e-07 / 9.680552e-01
PCG: 0 : 6.392568e-07
PCG: 1 : 5.974047e-07 / 9.345301e-01
PCG: 0 : 5.974047e-07
PCG: 1 : 5.783210e-07 / 9.680557e-01
PCG: 0 : 5.783209e-07
PCG: 1 : 5.404582e-07 / 9.345299e-01
PCG: 0 : 5.404581e-07
PCG: 1 : 5.231937e-07 / 9.680560e-01
PCG: 0 : 5.231937e-07
PCG: 1 : 4.889402e-07 / 9.345300e-01
PCG: 0 : 4.889402e-07
PCG: 1 : 4.733215e-07 / 9.680560e-01
PCG: 0 : 4.733215e-07
PCG: 1 : 4.423331e-07 / 9.345299e-01
PCG: 0 : 4.423331e-07
PCG: 1 : 4.282035e-07 / 9.680567e-01
PCG: 0 : 4.282035e-07
PCG: 1 : 4.001686e-07 / 9.345292e-01
PCG: 0 : 4.001686e-07
PCG: 1 : 3.873863e-07 / 9.680576e-01
PCG: 0 : 3.873863e-07
PCG: 1 : 3.620235e-07 / 9.345284e-01
PCG: 0 : 3.620235e-07
PCG: 1 : 3.504597e-07 / 9.680581e-01
PCG: 0 : 3.504597e-07
PCG: 1 : 3.275147e-07 / 9.345287e-01
PCG: 0 : 3.275146e-07
PCG: 1 : 3.170532e-07 / 9.680580e-01
PCG: 0 : 3.170532e-07
PCG: 1 : 2.962953e-07 / 9.345288e-01
PCG: 0 : 2.962953e-07
PCG: 1 : 2.868310e-07 / 9.680579e-01
PCG: 0 : 2.868310e-07
PCG: 1 : 2.680518e-07 / 9.345287e-01
PCG: 0 : 2.680518e-07
PCG: 1 : 2.594898e-07 / 9.680583e-01
PCG: 0 : 2.594898e-07
PCG: 1 : 2.425006e-07 / 9.345287e-01
PCG: 0 : 2.425006e-07
PCG: 1 : 2.347548e-07 / 9.680583e-01
PCG: 0 : 2.347548e-07
PCG: 1 : 2.193852e-07 / 9.345291e-01
PCG: 0 : 2.193852e-07
PCG: 1 : 2.123775e-07 / 9.680579e-01
PCG: 0 : 2.123775e-07
PCG: 1 : 1.984731e-07 / 9.345298e-01
PCG: 0 : 1.984731e-07
PCG: 1 : 1.921334e-07 / 9.680576e-01
PCG: 0 : 1.921334e-07
PCG: 1 : 1.795544e-07 / 9.345298e-01
PCG: 0 : 1.795544e-07
PCG: 1 : 1.738190e-07 / 9.680578e-01
PCG: 0 : 1.738190e-07
PCG: 1 : 1.624390e-07 / 9.345297e-01
PCG: 0 : 1.624390e-07
PCG: 1 : 1.572504e-07 / 9.680581e-01
PCG: 0 : 1.572504e-07
PCG: 1 : 1.469552e-07 / 9.345298e-01
PCG: 0 : 1.469552e-07
PCG: 1 : 1.422611e-07 / 9.680580e-01
PCG: 0 : 1.422611e-07
PCG: 1 : 1.329473e-07 / 9.345298e-01
PCG: 0 : 1.329473e-07
PCG: 1 : 1.287007e-07 / 9.680582e-01
PCG: 0 : 1.287007e-07
PCG: 1 : 1.202746e-07 / 9.345300e-01
PCG: 0 : 1.202746e-07
PCG: 1 : 1.164329e-07 / 9.680582e-01
PCG: 0 : 1.164329e-07
PCG: 1 : 1.088100e-07 / 9.345300e-01
PCG: 0 : 1.088100e-07
PCG: 1 : 1.053344e-07 / 9.680582e-01
PCG: 0 : 1.053344e-07
PCG: 1 : 9.843816e-08 / 9.345300e-01
PCG: 0 : 9.843816e-08
PCG: 1 : 9.529391e-08 / 9.680586e-01
PCG: 0 : 9.529391e-08
PCG: 1 : 8.905496e-08 / 9.345293e-01
PCG: 0 : 8.905495e-08
PCG: 1 : 8.621047e-08 / 9.680592e-01
PCG: 0 : 8.621046e-08
PCG: 1 : 8.056623e-08 / 9.345297e-01
PCG: 0 : 8.056623e-08
PCG: 1 : 7.799288e-08 / 9.680592e-01
PCG: 0 : 7.799288e-08
PCG: 1 : 7.288664e-08 / 9.345294e-01
PCG: 0 : 7.288664e-08
PCG: 1 : 7.055858e-08 / 9.680593e-01
PCG: 0 : 7.055858e-08
PCG: 1 : 6.593908e-08 / 9.345295e-01
PCG: 0 : 6.593908e-08
PCG: 1 : 6.383296e-08 / 9.680596e-01
PCG: 0 : 6.383296e-08
PCG: 1 : 5.965374e-08 / 9.345288e-01
PCG: 0 : 5.965374e-08
PCG: 1 : 5.774843e-08 / 9.680606e-01
PCG: 0 : 5.774843e-08
PCG: 1 : 5.396755e-08 / 9.345286e-01
PCG: 0 : 5.396755e-08
PCG: 1 : 5.224387e-08 / 9.680608e-01
PCG: 0 : 5.224387e-08
PCG: 1 : 4.882337e-08 / 9.345284e-01
PCG: 0 : 4.882337e-08
PCG: 1 : 4.726400e-08 / 9.680609e-01
PCG: 0 : 4.726399e-08
PCG: 1 : 4.416956e-08 / 9.345287e-01
PCG: 0 : 4.416956e-08
PCG: 1 : 4.275881e-08 / 9.680606e-01
PCG: 0 : 4.275880e-08
PCG: 1 : 3.995934e-08 / 9.345289e-01
PCG: 0 : 3.995934e-08
PCG: 1 : 3.868307e-08 / 9.680609e-01
PCG: 0 : 3.868307e-08
PCG: 1 : 3.615044e-08 / 9.345289e-01
PCG: 0 : 3.615044e-08
PCG: 1 : 3.499582e-08 / 9.680607e-01
PCG: 0 : 3.499582e-08
PCG: 1 : 3.270462e-08 / 9.345292e-01
PCG: 0 : 3.270461e-08
PCG: 1 : 3.166004e-08 / 9.680604e-01
PCG: 0 : 3.166004e-08
PCG: 1 : 2.958725e-08 / 9.345297e-01
PCG: 0 : 2.958724e-08
PCG: 1 : 2.864222e-08 / 9.680598e-01
PCG: 0 : 2.864222e-08
PCG: 1 : 2.676702e-08 / 9.345301e-01
PCG: 0 : 2.676702e-08
PCG: 1 : 2.591208e-08 / 9.680601e-01
PCG: 0 : 2.591208e-08
PCG: 1 : 2.421561e-08 / 9.345298e-01
PCG: 0 : 2.421561e-08
PCG: 1 : 2.344217e-08 / 9.680603e-01
PCG: 0 : 2.344217e-08
PCG: 1 : 2.190740e-08 / 9.345294e-01
PCG: 0 : 2.190740e-08
PCG: 1 : 2.120770e-08 / 9.680612e-01
PCG: 0 : 2.120770e-08
PCG: 1 : 1.981920e-08 / 9.345288e-01
PCG: 0 : 1.981920e-08
PCG: 1 : 1.918622e-08 / 9.680619e-01
PCG: 0 : 1.918622e-08
PCG: 1 : 1.793006e-08 / 9.345280e-01
PCG: 0 : 1.793006e-08
PCG: 1 : 1.735741e-08 / 9.680623e-01
PCG: 0 : 1.735741e-08
PCG: 1 : 1.622099e-08 / 9.345282e-01
PCG: 0 : 1.622099e-08
PCG: 1 : 1.570293e-08 / 9.680623e-01
PCG: 0 : 1.570293e-08
PCG: 1 : 1.467483e-08 / 9.345279e-01
PCG: 0 : 1.467483e-08
PCG: 1 : 1.420615e-08 / 9.680624e-01
PCG: 0 : 1.420615e-08
PCG: 1 : 1.327605e-08 / 9.345282e-01
PCG: 0 : 1.327605e-08
PCG: 1 : 1.285204e-08 / 9.680625e-01
PCG: 0 : 1.285204e-08
PCG: 1 : 1.201060e-08 / 9.345284e-01
PCG: 0 : 1.201060e-08
PCG: 1 : 1.162700e-08 / 9.680620e-01
PCG: 0 : 1.162700e-08
PCG: 1 : 1.086577e-08 / 9.345286e-01
PCG: 0 : 1.086577e-08
PCG: 1 : 1.051874e-08 / 9.680622e-01
PCG: 0 : 1.051874e-08
PCG: 1 : 9.830059e-09 / 9.345284e-01
PCG: 0 : 9.830059e-09
PCG: 1 : 9.516115e-09 / 9.680628e-01
PCG: 0 : 9.516114e-09
PCG: 1 : 8.893079e-09 / 9.345284e-01
PCG: 0 : 8.893078e-09
PCG: 1 : 8.609056e-09 / 9.680625e-01
PCG: 0 : 8.609055e-09
PCG: 1 : 8.045411e-09 / 9.345289e-01
PCG: 0 : 8.045410e-09
PCG: 1 : 7.788456e-09 / 9.680621e-01
PCG: 0 : 7.788455e-09
PCG: 1 : 7.278540e-09 / 9.345293e-01
PCG: 0 : 7.278539e-09
PCG: 1 : 7.046076e-09 / 9.680619e-01
PCG: 0 : 7.046076e-09
PCG: 1 : 6.584762e-09 / 9.345289e-01
PCG: 0 : 6.584762e-09
PCG: 1 : 6.374462e-09 / 9.680626e-01
PCG: 0 : 6.374462e-09
PCG: 1 : 5.957115e-09 / 9.345283e-01
PCG: 0 : 5.957115e-09
PCG: 1 : 5.766864e-09 / 9.680632e-01
PCG: 0 : 5.766863e-09
PCG: 1 : 5.389296e-09 / 9.345282e-01
PCG: 0 : 5.389297e-09
PCG: 1 : 5.217179e-09 / 9.680631e-01
PCG: 0 : 5.217179e-09
PCG: 1 : 4.875603e-09 / 9.345285e-01
PCG: 0 : 4.875603e-09
PCG: 1 : 4.719889e-09 / 9.680627e-01
PCG: 0 : 4.719889e-09
PCG: 1 : 4.410873e-09 / 9.345291e-01
PCG: 0 : 4.410873e-09
PCG: 1 : 4.270000e-09 / 9.680624e-01
PCG: 0 : 4.270001e-09
PCG: 1 : 3.990440e-09 / 9.345290e-01
PCG: 0 : 3.990440e-09
PCG: 1 : 3.862995e-09 / 9.680626e-01

PCG ( VCycle ( S: Scale / C: Scale )  )

Complete solver TOE: 1.16941
0.228041 GFlop/s [0.228041 GFlops/s]

Total time: 1.16941s
Accumulated op time: 0.625947

Reductions: 30.6394%
Blas-1: 12.2499%
Blas-2: 10.6375%
Precon Kernels: 0%
MPI Execution: 0%
MPI Wait: 0%
Not covered: 46.4732%

Domain size: 0.42572 MByte
LA size: 1.37825 MByte
MPI size: 0.0427704 MByte

H0-Error: 1.098338e-04
H1-Error: 3.227246e-02

Writing DATA to output.data...
Run-Time: 0:01.241 [0:01.241]
0xb33879f8 Error: MemoryPool<CUDA> still contains memory chunks on deconstructor call
