NUM-PROCS: 1
Preparing domain...
LVL-MIN: 7 [7]
LVL-MAX: 9 [9]
Creating gates...
Assembling system matrices...
Assembling system filters...
Assembling transfer matrices...
Converting assembled linear system from SparseMatrixCSR, Mem:main to SparseMatrixCSR, Mem:mainand to SparseMatrixCSR, Mem:main...
PCG:  0 : 1.894412e-02
PCG:  1 : 2.841811e-01 / 1.500102e+01
PCG:  2 : 2.372014e-01 / 1.252110e+01
PCG:  3 : 3.755354e-01 / 1.982332e+01
PCG:  4 : 2.819920e-01 / 1.488546e+01
PCG:  5 : 1.708823e-01 / 9.020330e+00
PCG:  6 : 2.132009e-01 / 1.125420e+01
PCG:  7 : 2.171715e-01 / 1.146379e+01
PCG:  8 : 1.600813e-01 / 8.450180e+00
PCG:  9 : 1.235519e-01 / 6.521912e+00
PCG: 10 : 1.047944e-01 / 5.531765e+00
PCG:  0 : 1.049414e-01
PCG:  1 : 9.626520e-02 / 9.173237e-01
PCG:  2 : 1.154191e-01 / 1.099843e+00
PCG:  3 : 1.283575e-01 / 1.223135e+00
PCG:  4 : 1.164154e-01 / 1.109337e+00
PCG:  5 : 1.001658e-01 / 9.544926e-01
PCG:  6 : 1.419275e-01 / 1.352446e+00
PCG:  7 : 1.518155e-01 / 1.446670e+00
PCG:  8 : 9.957730e-02 / 9.488851e-01
PCG:  9 : 1.139940e-01 / 1.086264e+00
PCG: 10 : 1.236373e-01 / 1.178156e+00
PCG:  0 : 1.236372e-01
PCG:  1 : 7.790401e-02 / 6.301015e-01
PCG:  2 : 6.304625e-02 / 5.099293e-01
PCG:  3 : 6.446289e-02 / 5.213873e-01
PCG:  4 : 5.685515e-02 / 4.598545e-01
PCG:  5 : 7.742932e-02 / 6.262622e-01
PCG:  6 : 6.604846e-02 / 5.342117e-01
PCG:  7 : 4.417677e-02 / 3.573096e-01
PCG:  8 : 5.231021e-02 / 4.230943e-01
PCG:  9 : 6.964533e-02 / 5.633038e-01
PCG: 10 : 6.861564e-02 / 5.549755e-01
PCG:  0 : 6.861563e-02
PCG:  1 : 5.345576e-02 / 7.790610e-01
PCG:  2 : 3.871513e-02 / 5.642319e-01
PCG:  3 : 3.661751e-02 / 5.336614e-01
PCG:  4 : 4.289525e-02 / 6.251528e-01
PCG:  5 : 4.923989e-02 / 7.176191e-01
PCG:  6 : 4.578726e-02 / 6.673007e-01
PCG:  7 : 4.240061e-02 / 6.179438e-01
PCG:  8 : 4.146349e-02 / 6.042864e-01
PCG:  9 : 5.476403e-02 / 7.981277e-01
PCG: 10 : 7.642061e-02 / 1.113749e+00
PCG:  0 : 7.642061e-02
PCG:  1 : 4.562996e-02 / 5.970896e-01
PCG:  2 : 3.237745e-02 / 4.236743e-01
PCG:  3 : 3.576544e-02 / 4.680077e-01
PCG:  4 : 3.536145e-02 / 4.627214e-01
PCG:  5 : 3.785533e-02 / 4.953549e-01
PCG:  6 : 3.494348e-02 / 4.572520e-01
PCG:  7 : 2.836155e-02 / 3.711243e-01
PCG:  8 : 2.948243e-02 / 3.857916e-01
PCG:  9 : 3.989042e-02 / 5.219851e-01
PCG: 10 : 5.069296e-02 / 6.633415e-01
PCG:  0 : 5.069295e-02
PCG:  1 : 3.510926e-02 / 6.925867e-01
PCG:  2 : 2.569146e-02 / 5.068054e-01
PCG:  3 : 2.540771e-02 / 5.012079e-01
PCG:  4 : 2.951830e-02 / 5.822958e-01
PCG:  5 : 3.171338e-02 / 6.255974e-01
PCG:  6 : 3.080442e-02 / 6.076667e-01
PCG:  7 : 3.031255e-02 / 5.979637e-01
PCG:  8 : 2.723359e-02 / 5.372264e-01
PCG:  9 : 3.637700e-02 / 7.175947e-01
PCG: 10 : 5.743920e-02 / 1.133081e+00
PCG:  0 : 5.743917e-02
PCG:  1 : 3.314705e-02 / 5.770808e-01
PCG:  2 : 2.401612e-02 / 4.181140e-01
PCG:  3 : 2.698543e-02 / 4.698088e-01
PCG:  4 : 2.677295e-02 / 4.661095e-01
PCG:  5 : 2.769728e-02 / 4.822019e-01
PCG:  6 : 2.647101e-02 / 4.608529e-01
PCG:  7 : 2.226892e-02 / 3.876956e-01
PCG:  8 : 2.208122e-02 / 3.844279e-01
PCG:  9 : 2.945288e-02 / 5.127665e-01
PCG: 10 : 3.979966e-02 / 6.929009e-01
PCG:  0 : 3.979966e-02
PCG:  1 : 2.753398e-02 / 6.918144e-01
PCG:  2 : 2.046017e-02 / 5.140790e-01
PCG:  3 : 2.041072e-02 / 5.128366e-01
PCG:  4 : 2.380547e-02 / 5.981326e-01
PCG:  5 : 2.502464e-02 / 6.287652e-01
PCG:  6 : 2.448548e-02 / 6.152184e-01
PCG:  7 : 2.470565e-02 / 6.207502e-01
PCG:  8 : 2.180952e-02 / 5.479826e-01
PCG:  9 : 2.865637e-02 / 7.200155e-01
PCG: 10 : 4.590038e-02 / 1.153286e+00
PCG:  0 : 4.590039e-02
PCG:  1 : 2.696826e-02 / 5.875390e-01
PCG:  2 : 1.989972e-02 / 4.335415e-01
PCG:  3 : 2.250737e-02 / 4.903525e-01
PCG:  4 : 2.217046e-02 / 4.830126e-01
PCG:  5 : 2.276658e-02 / 4.959997e-01
PCG:  6 : 2.189577e-02 / 4.770281e-01
PCG:  7 : 1.884710e-02 / 4.106088e-01
PCG:  8 : 1.890128e-02 / 4.117891e-01
PCG:  9 : 2.402975e-02 / 5.235196e-01
PCG: 10 : 3.171495e-02 / 6.909518e-01
PCG:  0 : 3.171497e-02
PCG:  1 : 2.285949e-02 / 7.207792e-01
PCG:  2 : 1.743249e-02 / 5.496613e-01
PCG:  3 : 1.737314e-02 / 5.477901e-01
PCG:  4 : 2.026660e-02 / 6.390232e-01
PCG:  5 : 2.101490e-02 / 6.626176e-01
PCG:  6 : 2.056460e-02 / 6.484192e-01
PCG:  7 : 2.137953e-02 / 6.741149e-01
PCG:  8 : 1.929794e-02 / 6.084806e-01
PCG:  9 : 2.431021e-02 / 7.665218e-01
PCG: 10 : 3.584071e-02 / 1.130088e+00
PCG:  0 : 3.584072e-02
PCG:  1 : 2.302552e-02 / 6.424401e-01
PCG:  2 : 1.743824e-02 / 4.865484e-01
PCG:  3 : 1.948368e-02 / 5.436185e-01
PCG:  4 : 1.890392e-02 / 5.274425e-01
PCG:  5 : 1.937978e-02 / 5.407197e-01
PCG:  6 : 1.879474e-02 / 5.243962e-01
PCG:  7 : 1.695226e-02 / 4.729889e-01
PCG:  8 : 1.776252e-02 / 4.955962e-01
PCG:  9 : 1.986131e-02 / 5.541550e-01
PCG: 10 : 2.382240e-02 / 6.646743e-01
PCG:  0 : 2.382240e-02
PCG:  1 : 1.917714e-02 / 8.050047e-01
PCG:  2 : 1.585445e-02 / 6.655269e-01
PCG:  3 : 1.516834e-02 / 6.367260e-01
PCG:  4 : 1.752510e-02 / 7.356562e-01
PCG:  5 : 1.817141e-02 / 7.627867e-01
PCG:  6 : 1.758756e-02 / 7.382784e-01
PCG:  7 : 1.857835e-02 / 7.798691e-01
PCG:  8 : 1.699174e-02 / 7.132672e-01
PCG:  9 : 2.048079e-02 / 8.597285e-01
PCG: 10 : 2.775523e-02 / 1.165089e+00
PCG:  0 : 2.775521e-02
PCG:  1 : 1.963247e-02 / 7.073435e-01
PCG:  2 : 1.539381e-02 / 5.546278e-01
PCG:  3 : 1.675641e-02 / 6.037211e-01
PCG:  4 : 1.626913e-02 / 5.861650e-01
PCG:  5 : 1.698055e-02 / 6.117970e-01
PCG:  6 : 1.616465e-02 / 5.824006e-01
PCG:  7 : 1.416646e-02 / 5.104073e-01
PCG:  8 : 1.478047e-02 / 5.325296e-01
PCG:  9 : 1.650121e-02 / 5.945265e-01
PCG: 10 : 1.919603e-02 / 6.916189e-01
PCG:  0 : 1.919602e-02
PCG:  1 : 1.601576e-02 / 8.343271e-01
PCG:  2 : 1.379157e-02 / 7.184601e-01
PCG:  3 : 1.302523e-02 / 6.785382e-01
PCG:  4 : 1.509852e-02 / 7.865444e-01
PCG:  5 : 1.596156e-02 / 8.315037e-01
PCG:  6 : 1.513155e-02 / 7.882648e-01
PCG:  7 : 1.549585e-02 / 8.072427e-01
PCG:  8 : 1.397328e-02 / 7.279259e-01
PCG:  9 : 1.716015e-02 / 8.939429e-01
PCG: 10 : 2.318260e-02 / 1.207677e+00
PCG:  0 : 2.318259e-02
PCG:  1 : 1.658485e-02 / 7.154012e-01
PCG:  2 : 1.310623e-02 / 5.653480e-01
PCG:  3 : 1.431629e-02 / 6.175451e-01
PCG:  4 : 1.401431e-02 / 6.045188e-01
PCG:  5 : 1.479664e-02 / 6.382654e-01
PCG:  6 : 1.387888e-02 / 5.986770e-01
PCG:  7 : 1.189930e-02 / 5.132864e-01
PCG:  8 : 1.233376e-02 / 5.320271e-01
PCG:  9 : 1.392547e-02 / 6.006866e-01
PCG: 10 : 1.615417e-02 / 6.968237e-01
PCG:  0 : 1.615417e-02
PCG:  1 : 1.355189e-02 / 8.389093e-01
PCG:  2 : 1.171873e-02 / 7.254305e-01
PCG:  3 : 1.114140e-02 / 6.896920e-01
PCG:  4 : 1.299730e-02 / 8.045787e-01
PCG:  5 : 1.382958e-02 / 8.560994e-01
PCG:  6 : 1.298860e-02 / 8.040396e-01
PCG:  7 : 1.315254e-02 / 8.141884e-01
PCG:  8 : 1.174771e-02 / 7.272246e-01
PCG:  9 : 1.450477e-02 / 8.978959e-01
PCG: 10 : 1.958811e-02 / 1.212573e+00
PCG:  0 : 1.958812e-02
PCG:  1 : 1.407254e-02 / 7.184222e-01
PCG:  2 : 1.112347e-02 / 5.678683e-01
PCG:  3 : 1.224499e-02 / 6.251236e-01
PCG:  4 : 1.205432e-02 / 6.153895e-01
PCG:  5 : 1.277914e-02 / 6.523926e-01
PCG:  6 : 1.189510e-02 / 6.072611e-01
PCG:  7 : 1.012373e-02 / 5.168299e-01
PCG:  8 : 1.041749e-02 / 5.318272e-01
PCG:  9 : 1.179369e-02 / 6.020840e-01
PCG: 10 : 1.367141e-02 / 6.979443e-01
PCG:  0 : 1.367142e-02
PCG:  1 : 1.151457e-02 / 8.422364e-01
PCG:  2 : 9.958348e-03 / 7.284064e-01
PCG:  3 : 9.534780e-03 / 6.974244e-01
PCG:  4 : 1.117206e-02 / 8.171840e-01
PCG:  5 : 1.192032e-02 / 8.719152e-01
PCG:  6 : 1.113551e-02 / 8.145100e-01
PCG:  7 : 1.121105e-02 / 8.200357e-01
PCG:  8 : 9.934098e-03 / 7.266326e-01
PCG:  9 : 1.230368e-02 / 8.999562e-01
PCG: 10 : 1.660105e-02 / 1.214289e+00
PCG:  0 : 1.660105e-02
PCG:  1 : 1.197416e-02 / 7.212894e-01
PCG:  2 : 9.455092e-03 / 5.695478e-01
PCG:  3 : 1.047523e-02 / 6.309979e-01
PCG:  4 : 1.035403e-02 / 6.236969e-01
PCG:  5 : 1.099781e-02 / 6.624765e-01
PCG:  6 : 1.018902e-02 / 6.137572e-01
PCG:  7 : 8.636674e-03 / 5.202486e-01
PCG:  8 : 8.829674e-03 / 5.318744e-01
PCG:  9 : 1.002318e-02 / 6.037679e-01
PCG: 10 : 1.160522e-02 / 6.990656e-01
PCG:  0 : 1.160523e-02
PCG:  1 : 9.811372e-03 / 8.454269e-01
PCG:  2 : 8.475936e-03 / 7.303550e-01
PCG:  3 : 8.161780e-03 / 7.032849e-01
PCG:  4 : 9.589238e-03 / 8.262861e-01
PCG:  5 : 1.024596e-02 / 8.828749e-01
PCG:  6 : 9.539397e-03 / 8.219913e-01
PCG:  7 : 9.567572e-03 / 8.244191e-01
PCG:  8 : 8.426198e-03 / 7.260692e-01
PCG:  9 : 1.046898e-02 / 9.020918e-01
PCG: 10 : 1.410177e-02 / 1.215122e+00
PCG:  0 : 1.410177e-02
PCG:  1 : 1.021116e-02 / 7.241046e-01
PCG:  2 : 8.049179e-03 / 5.707920e-01
PCG:  3 : 8.959046e-03 / 6.353135e-01
PCG:  4 : 8.881078e-03 / 6.297846e-01
PCG:  5 : 9.441448e-03 / 6.695222e-01
PCG:  6 : 8.721853e-03 / 6.184934e-01
PCG:  7 : 7.376833e-03 / 5.231139e-01
PCG:  8 : 7.502106e-03 / 5.319974e-01
PCG:  9 : 8.541268e-03 / 6.056876e-01
PCG: 10 : 9.871759e-03 / 7.000368e-01
PCG:  0 : 9.871751e-03
PCG:  1 : 8.375597e-03 / 8.484409e-01
PCG:  2 : 7.222532e-03 / 7.316364e-01
PCG:  3 : 6.985363e-03 / 7.076113e-01
PCG:  4 : 8.219213e-03 / 8.325993e-01
PCG:  5 : 8.786823e-03 / 8.900977e-01
PCG:  6 : 8.165848e-03 / 8.271934e-01
PCG:  7 : 8.169632e-03 / 8.275768e-01
PCG:  8 : 7.163751e-03 / 7.256820e-01
PCG:  9 : 8.929339e-03 / 9.045345e-01
PCG: 10 : 1.199660e-02 / 1.215245e+00
PCG:  0 : 1.199660e-02
PCG:  1 : 8.722409e-03 / 7.270733e-01
PCG:  2 : 6.860310e-03 / 5.718545e-01
PCG:  3 : 7.660937e-03 / 6.385923e-01
PCG:  4 : 7.609615e-03 / 6.343142e-01
PCG:  5 : 8.090493e-03 / 6.743988e-01
PCG:  6 : 7.462504e-03 / 6.220515e-01
PCG:  7 : 6.305024e-03 / 5.255675e-01
PCG:  8 : 6.384983e-03 / 5.322326e-01
PCG:  9 : 7.292393e-03 / 6.078716e-01
PCG: 10 : 8.408872e-03 / 7.009379e-01
PCG:  0 : 8.408869e-03
PCG:  1 : 7.159082e-03 / 8.513728e-01
PCG:  2 : 6.159998e-03 / 7.325597e-01
PCG:  3 : 5.977412e-03 / 7.108461e-01
PCG:  4 : 7.038150e-03 / 8.369913e-01
PCG:  5 : 7.524595e-03 / 8.948403e-01
PCG:  6 : 6.987944e-03 / 8.310207e-01
PCG:  7 : 6.979120e-03 / 8.299713e-01
PCG:  8 : 6.100672e-03 / 7.255045e-01
PCG:  9 : 7.629208e-03 / 9.072812e-01
PCG: 10 : 1.021743e-02 / 1.215078e+00
PCG:  0 : 1.021743e-02
PCG:  1 : 7.457984e-03 / 7.299277e-01
PCG:  2 : 5.851112e-03 / 5.726600e-01
PCG:  3 : 6.549065e-03 / 6.409699e-01
PCG:  4 : 6.515250e-03 / 6.376604e-01
PCG:  5 : 6.923461e-03 / 6.776129e-01
PCG:  6 : 6.381877e-03 / 6.246070e-01
PCG:  7 : 5.390459e-03 / 5.275750e-01
PCG:  8 : 5.441259e-03 / 5.325468e-01
PCG:  9 : 6.233745e-03 / 6.101090e-01
PCG: 10 : 7.168913e-03 / 7.016358e-01
PCG:  0 : 7.168917e-03
PCG:  1 : 6.124066e-03 / 8.542526e-01
PCG:  2 : 5.256965e-03 / 7.332998e-01
PCG:  3 : 5.114333e-03 / 7.134039e-01
PCG:  4 : 6.022711e-03 / 8.401145e-01
PCG:  5 : 6.436742e-03 / 8.978681e-01
PCG:  6 : 5.978100e-03 / 8.338916e-01
PCG:  7 : 5.963671e-03 / 8.318788e-01
PCG:  8 : 5.201424e-03 / 7.255523e-01
PCG:  9 : 6.524507e-03 / 9.101105e-01
PCG: 10 : 8.708974e-03 / 1.214824e+00
PCG:  0 : 8.708974e-03
PCG:  1 : 6.381058e-03 / 7.326992e-01
PCG:  2 : 4.993527e-03 / 5.733771e-01
PCG:  3 : 5.597962e-03 / 6.427808e-01
PCG:  4 : 5.575381e-03 / 6.401880e-01
PCG:  5 : 5.920253e-03 / 6.797876e-01
PCG:  6 : 5.457198e-03 / 6.266178e-01
PCG:  7 : 4.609894e-03 / 5.293268e-01
PCG:  8 : 4.641415e-03 / 5.329462e-01
PCG:  9 : 5.333909e-03 / 6.124613e-01
PCG: 10 : 6.115952e-03 / 7.022586e-01
PCG:  0 : 6.115946e-03
PCG:  1 : 5.241623e-03 / 8.570421e-01
PCG:  2 : 4.488234e-03 / 7.338578e-01
PCG:  3 : 4.375006e-03 / 7.153442e-01
PCG:  4 : 5.151795e-03 / 8.423547e-01
PCG:  5 : 5.502206e-03 / 8.996493e-01
PCG:  6 : 5.112663e-03 / 8.359563e-01
PCG:  7 : 5.095632e-03 / 8.331715e-01
PCG:  8 : 4.437634e-03 / 7.255843e-01
PCG:  9 : 5.582280e-03 / 9.127420e-01
PCG: 10 : 7.426129e-03 / 1.214224e+00
PCG:  0 : 7.426129e-03
PCG:  1 : 5.461103e-03 / 7.353902e-01
PCG:  2 : 4.262901e-03 / 5.740409e-01
PCG:  3 : 4.784073e-03 / 6.442216e-01
PCG:  4 : 4.769573e-03 / 6.422690e-01
PCG:  5 : 5.059673e-03 / 6.813339e-01
PCG:  6 : 4.665955e-03 / 6.283160e-01
PCG:  7 : 3.942698e-03 / 5.309224e-01
PCG:  8 : 3.961769e-03 / 5.334905e-01
PCG:  9 : 4.566174e-03 / 6.148794e-01
PCG: 10 : 5.219955e-03 / 7.029175e-01
PCG:  0 : 5.219955e-03
PCG:  1 : 4.487793e-03 / 8.597378e-01
PCG:  2 : 3.832943e-03 / 7.342865e-01
PCG:  3 : 3.742200e-03 / 7.169027e-01
PCG:  4 : 4.405564e-03 / 8.439850e-01
PCG:  5 : 4.700930e-03 / 9.005690e-01
PCG:  6 : 4.372041e-03 / 8.375629e-01
PCG:  7 : 4.354249e-03 / 8.341544e-01
PCG:  8 : 3.788055e-03 / 7.256871e-01
PCG:  9 : 4.778157e-03 / 9.153636e-01
PCG: 10 : 6.334200e-03 / 1.213459e+00
PCG:  0 : 6.334199e-03
PCG:  1 : 4.674647e-03 / 7.380013e-01
PCG:  2 : 3.640111e-03 / 5.746758e-01
PCG:  3 : 4.088276e-03 / 6.454290e-01
PCG:  4 : 4.079380e-03 / 6.440246e-01
PCG:  5 : 4.322271e-03 / 6.823706e-01
PCG:  6 : 3.989413e-03 / 6.298213e-01
PCG:  7 : 3.372303e-03 / 5.323960e-01
PCG:  8 : 3.383171e-03 / 5.341118e-01
PCG:  9 : 3.910194e-03 / 6.173147e-01
PCG: 10 : 4.456271e-03 / 7.035256e-01
PCG:  0 : 4.456272e-03
PCG:  1 : 3.842972e-03 / 8.623737e-01
PCG:  2 : 3.274051e-03 / 7.347063e-01
PCG:  3 : 3.200799e-03 / 7.182683e-01
PCG:  4 : 3.767065e-03 / 8.453400e-01
PCG:  5 : 4.015435e-03 / 9.010749e-01
PCG:  6 : 3.738869e-03 / 8.390127e-01
PCG:  7 : 3.720646e-03 / 8.349234e-01
PCG:  8 : 3.234860e-03 / 7.259116e-01
PCG:  9 : 4.090605e-03 / 9.179433e-01
PCG: 10 : 5.403952e-03 / 1.212662e+00
PCG:  0 : 5.403955e-03
PCG:  1 : 4.002150e-03 / 7.405965e-01
PCG:  2 : 3.108900e-03 / 5.753010e-01
PCG:  3 : 3.493255e-03 / 6.464256e-01
PCG:  4 : 3.488857e-03 / 6.456118e-01
PCG:  5 : 3.691684e-03 / 6.831449e-01
PCG:  6 : 3.410896e-03 / 6.311852e-01
PCG:  7 : 2.884434e-03 / 5.337636e-01
PCG:  8 : 2.890009e-03 / 5.347952e-01
PCG:  9 : 3.348551e-03 / 6.196483e-01
PCG: 10 : 3.804989e-03 / 7.041121e-01
PCG:  0 : 3.804991e-03
PCG:  1 : 3.291017e-03 / 8.649213e-01
PCG:  2 : 2.797339e-03 / 7.351764e-01
PCG:  3 : 2.737751e-03 / 7.195159e-01
PCG:  4 : 3.220937e-03 / 8.465031e-01
PCG:  5 : 3.429351e-03 / 9.012772e-01
PCG:  6 : 3.197468e-03 / 8.403354e-01
PCG:  7 : 3.179220e-03 / 8.355394e-01
PCG:  8 : 2.763247e-03 / 7.262166e-01
PCG:  9 : 3.502217e-03 / 9.204271e-01
PCG: 10 : 4.610907e-03 / 1.211805e+00
PCG:  0 : 4.610911e-03
PCG:  1 : 3.426315e-03 / 7.430885e-01
PCG:  2 : 2.655678e-03 / 5.759553e-01
PCG:  3 : 2.984947e-03 / 6.473660e-01
PCG:  4 : 2.983780e-03 / 6.471130e-01
PCG:  5 : 3.152672e-03 / 6.837417e-01
PCG:  6 : 2.916456e-03 / 6.325119e-01
PCG:  7 : 2.467168e-03 / 5.350716e-01
PCG:  8 : 2.469340e-03 / 5.355427e-01
PCG:  9 : 2.868125e-03 / 6.220300e-01
PCG: 10 : 3.249471e-03 / 7.047352e-01
PCG:  0 : 3.249471e-03
PCG:  1 : 2.818657e-03 / 8.674202e-01
PCG:  2 : 2.390234e-03 / 7.355765e-01
PCG:  3 : 2.341501e-03 / 7.205790e-01
PCG:  4 : 2.753933e-03 / 8.475020e-01
PCG:  5 : 2.928403e-03 / 9.011937e-01
PCG:  6 : 2.734489e-03 / 8.415181e-01
PCG:  7 : 2.716505e-03 / 8.359838e-01
PCG:  8 : 2.360776e-03 / 7.265108e-01
PCG:  9 : 2.998581e-03 / 9.227904e-01
PCG: 10 : 3.934965e-03 / 1.210956e+00
PCG:  0 : 3.934966e-03
PCG:  1 : 2.933325e-03 / 7.454512e-01
PCG:  2 : 2.268760e-03 / 5.765641e-01
PCG:  3 : 2.550553e-03 / 6.481766e-01
PCG:  4 : 2.551787e-03 / 6.484903e-01
PCG:  5 : 2.692070e-03 / 6.841405e-01
PCG:  6 : 2.493761e-03 / 6.337440e-01
PCG:  7 : 2.110129e-03 / 5.362507e-01
PCG:  8 : 2.110384e-03 / 5.363157e-01
PCG:  9 : 2.456600e-03 / 6.243000e-01
PCG: 10 : 2.775345e-03 / 7.053034e-01
PCG:  0 : 2.775345e-03
PCG:  1 : 2.413944e-03 / 8.697817e-01
PCG:  2 : 2.042648e-03 / 7.359979e-01
PCG:  3 : 2.002569e-03 / 7.215570e-01
PCG:  4 : 2.354531e-03 / 8.483744e-01
PCG:  5 : 2.500398e-03 / 9.009323e-01
PCG:  6 : 2.338452e-03 / 8.425806e-01
PCG:  7 : 2.321040e-03 / 8.363072e-01
PCG:  8 : 2.017282e-03 / 7.268581e-01
PCG:  9 : 2.567290e-03 / 9.250348e-01
PCG: 10 : 3.358260e-03 / 1.210033e+00
PCG:  0 : 3.358258e-03
PCG:  1 : 2.511268e-03 / 7.477890e-01
PCG:  2 : 1.938356e-03 / 5.771910e-01
PCG:  3 : 2.179233e-03 / 6.489178e-01
PCG:  4 : 2.182201e-03 / 6.498016e-01
PCG:  5 : 2.298577e-03 / 6.844553e-01
PCG:  6 : 2.132374e-03 / 6.349642e-01
PCG:  7 : 1.804707e-03 / 5.373939e-01
PCG:  8 : 1.803858e-03 / 5.371410e-01
PCG:  9 : 2.103967e-03 / 6.265054e-01
PCG: 10 : 2.370687e-03 / 7.059276e-01
PCG:  0 : 2.370687e-03
PCG:  1 : 2.067351e-03 / 8.720472e-01
PCG:  2 : 1.745792e-03 / 7.364077e-01
PCG:  3 : 1.712673e-03 / 7.224374e-01
PCG:  4 : 2.013143e-03 / 8.491813e-01
PCG:  5 : 2.134914e-03 / 9.005462e-01
PCG:  6 : 2.000075e-03 / 8.436689e-01
PCG:  7 : 1.983235e-03 / 8.365655e-01
PCG:  8 : 1.723935e-03 / 7.271879e-01
PCG:  9 : 2.197955e-03 / 9.271381e-01
PCG: 10 : 2.866541e-03 / 1.209160e+00
PCG:  0 : 2.866539e-03
PCG:  1 : 2.149758e-03 / 7.499490e-01
PCG:  2 : 1.656172e-03 / 5.777603e-01
PCG:  3 : 1.862034e-03 / 6.495758e-01
PCG:  4 : 1.866172e-03 / 6.510194e-01
PCG:  5 : 1.962642e-03 / 6.846732e-01
PCG:  6 : 1.823281e-03 / 6.360565e-01
PCG:  7 : 1.543400e-03 / 5.384194e-01
PCG:  8 : 1.541981e-03 / 5.379245e-01
PCG:  9 : 1.801908e-03 / 6.286006e-01
PCG: 10 : 2.024980e-03 / 7.064198e-01
PCG:  0 : 2.024979e-03
PCG:  1 : 1.770395e-03 / 8.742781e-01
PCG:  2 : 1.492117e-03 / 7.368553e-01
PCG:  3 : 1.464686e-03 / 7.233093e-01
PCG:  4 : 1.721087e-03 / 8.499283e-01
PCG:  5 : 1.822819e-03 / 9.001668e-01
PCG:  6 : 1.710586e-03 / 8.447424e-01
PCG:  7 : 1.694417e-03 / 8.367575e-01
PCG:  8 : 1.473477e-03 / 7.276503e-01
PCG:  9 : 1.881672e-03 / 9.292304e-01
PCG: 10 : 2.447196e-03 / 1.208504e+00
PCG:  0 : 2.447197e-03
PCG:  1 : 1.840364e-03 / 7.520294e-01
PCG:  2 : 1.415284e-03 / 5.783287e-01
PCG:  3 : 1.591063e-03 / 6.501574e-01
PCG:  4 : 1.595985e-03 / 6.521687e-01
PCG:  5 : 1.675756e-03 / 6.847656e-01
PCG:  6 : 1.559137e-03 / 6.371114e-01
PCG:  7 : 1.319962e-03 / 5.393774e-01
PCG:  8 : 1.318305e-03 / 5.387002e-01
PCG:  9 : 1.543107e-03 / 6.305613e-01
PCG: 10 : 1.729904e-03 / 7.068923e-01
PCG:  0 : 1.729902e-03
PCG:  1 : 1.516122e-03 / 8.764204e-01
PCG:  2 : 1.275585e-03 / 7.373740e-01
PCG:  3 : 1.252743e-03 / 7.241697e-01
PCG:  4 : 1.471655e-03 / 8.507156e-01
PCG:  5 : 1.556424e-03 / 8.997176e-01
PCG:  6 : 1.463099e-03 / 8.457699e-01
PCG:  7 : 1.447794e-03 / 8.369222e-01
PCG:  8 : 1.259544e-03 / 7.281013e-01
PCG:  9 : 1.610911e-03 / 9.312152e-01
PCG: 10 : 2.089292e-03 / 1.207751e+00
PCG:  0 : 2.089292e-03
PCG:  1 : 1.575322e-03 / 7.539980e-01
PCG:  2 : 1.209392e-03 / 5.788527e-01
PCG:  3 : 1.359497e-03 / 6.506974e-01
PCG:  4 : 1.364862e-03 / 6.532653e-01
PCG:  5 : 1.430781e-03 / 6.848161e-01
PCG:  6 : 1.333239e-03 / 6.381297e-01
PCG:  7 : 1.128807e-03 / 5.402821e-01
PCG:  8 : 1.127172e-03 / 5.394996e-01
PCG:  9 : 1.321409e-03 / 6.324671e-01
PCG: 10 : 1.477825e-03 / 7.073327e-01
PCG:  0 : 1.477826e-03
PCG:  1 : 1.298157e-03 / 8.784239e-01
PCG:  2 : 1.090334e-03 / 7.377964e-01
PCG:  3 : 1.071276e-03 / 7.249002e-01
PCG:  4 : 1.258153e-03 / 8.513543e-01
PCG:  5 : 1.328880e-03 / 8.992133e-01
PCG:  6 : 1.251316e-03 / 8.467277e-01
PCG:  7 : 1.236943e-03 / 8.370022e-01
PCG:  8 : 1.076644e-03 / 7.285328e-01
PCG:  9 : 1.378803e-03 / 9.329947e-01
PCG: 10 : 1.783932e-03 / 1.207133e+00
PCG:  0 : 1.783932e-03
PCG:  1 : 1.348415e-03 / 7.558666e-01
PCG:  2 : 1.033621e-03 / 5.794060e-01
PCG:  3 : 1.161691e-03 / 6.511971e-01
PCG:  4 : 1.167237e-03 / 6.543059e-01
PCG:  5 : 1.221669e-03 / 6.848182e-01
PCG:  6 : 1.140120e-03 / 6.391051e-01
PCG:  7 : 9.652855e-04 / 5.410998e-01
PCG:  8 : 9.638727e-04 / 5.403079e-01
PCG:  9 : 1.131565e-03 / 6.343094e-01
PCG: 10 : 1.262650e-03 / 7.077906e-01
PCG:  0 : 1.262651e-03
PCG:  1 : 1.111622e-03 / 8.803878e-01
PCG:  2 : 9.322035e-04 / 7.382907e-01
PCG:  3 : 9.162013e-04 / 7.256172e-01
PCG:  4 : 1.075712e-03 / 8.519469e-01
PCG:  5 : 1.134657e-03 / 8.986307e-01
PCG:  6 : 1.070246e-03 / 8.476183e-01
PCG:  7 : 1.056812e-03 / 8.369789e-01
PCG:  8 : 9.203710e-04 / 7.289196e-01
PCG:  9 : 1.180030e-03 / 9.345655e-01
PCG: 10 : 1.523181e-03 / 1.206336e+00
PCG:  0 : 1.523181e-03
PCG:  1 : 1.153985e-03 / 7.576150e-01
PCG:  2 : 8.833366e-04 / 5.799287e-01
PCG:  3 : 9.925548e-04 / 6.516327e-01
PCG:  4 : 9.981465e-04 / 6.553037e-01
PCG:  5 : 1.043170e-03 / 6.848626e-01
PCG:  6 : 9.749460e-04 / 6.400721e-01
PCG:  7 : 8.254920e-04 / 5.419525e-01
PCG:  8 : 8.242838e-04 / 5.411593e-01
PCG:  9 : 9.689387e-04 / 6.361282e-01
PCG: 10 : 1.078934e-03 / 7.083426e-01
PCG:  0 : 1.078935e-03
PCG:  1 : 9.517582e-04 / 8.821276e-01
PCG:  2 : 7.969523e-04 / 7.386474e-01
PCG:  3 : 7.835636e-04 / 7.262382e-01
PCG:  4 : 9.197082e-04 / 8.524225e-01
PCG:  5 : 9.688828e-04 / 8.979995e-01
PCG:  6 : 9.153609e-04 / 8.483932e-01
PCG:  7 : 9.029100e-04 / 8.368531e-01
PCG:  8 : 7.869228e-04 / 7.293516e-01
PCG:  9 : 1.010088e-03 / 9.361897e-01
PCG: 10 : 1.300720e-03 / 1.205560e+00
PCG:  0 : 1.300720e-03
PCG:  1 : 9.877682e-04 / 7.594010e-01
PCG:  2 : 7.550129e-04 / 5.804576e-01
PCG:  3 : 8.480937e-04 / 6.520185e-01
PCG:  4 : 8.535287e-04 / 6.561970e-01
PCG:  5 : 8.907139e-04 / 6.847852e-01
PCG:  6 : 8.336686e-04 / 6.409285e-01
PCG:  7 : 7.058823e-04 / 5.426857e-01
PCG:  8 : 7.048980e-04 / 5.419290e-01
PCG:  9 : 8.295506e-04 / 6.377625e-01
PCG: 10 : 9.219176e-04 / 7.087747e-01
PCG:  0 : 9.219177e-04
PCG:  1 : 8.148631e-04 / 8.838784e-01
PCG:  2 : 6.813850e-04 / 7.390953e-01
PCG:  3 : 6.701291e-04 / 7.268861e-01
PCG:  4 : 7.863289e-04 / 8.529274e-01
PCG:  5 : 8.273275e-04 / 8.973985e-01
PCG:  6 : 7.828576e-04 / 8.491622e-01
PCG:  7 : 7.714053e-04 / 8.367400e-01
PCG:  8 : 6.728067e-04 / 7.297904e-01
PCG:  9 : 8.644648e-04 / 9.376812e-01
PCG: 10 : 1.110847e-03 / 1.204931e+00
PCG:  0 : 1.110847e-03
PCG:  1 : 8.453755e-04 / 7.610188e-01
PCG:  2 : 6.453873e-04 / 5.809866e-01
PCG:  3 : 7.247080e-04 / 6.523921e-01
PCG:  4 : 7.298885e-04 / 6.570558e-01
PCG:  5 : 7.606355e-04 / 6.847346e-01
PCG:  6 : 7.129554e-04 / 6.418123e-01
PCG:  7 : 6.036718e-04 / 5.434337e-01
PCG:  8 : 6.028574e-04 / 5.427006e-01
PCG:  9 : 7.101942e-04 / 6.393267e-01
PCG: 10 : 7.878155e-04 / 7.092025e-01
PCG:  0 : 7.878152e-04
PCG:  1 : 6.976386e-04 / 8.855358e-01
PCG:  2 : 5.826082e-04 / 7.395239e-01
PCG:  3 : 5.731400e-04 / 7.275057e-01
PCG:  4 : 6.723247e-04 / 8.534041e-01
PCG:  5 : 7.065086e-04 / 8.967948e-01
PCG:  6 : 6.695771e-04 / 8.499165e-01
PCG:  7 : 6.591298e-04 / 8.366553e-01
PCG:  8 : 5.753298e-04 / 7.302852e-01
PCG:  9 : 7.398701e-04 / 9.391416e-01
PCG: 10 : 9.488286e-04 / 1.204380e+00
PCG:  0 : 9.488289e-04
PCG:  1 : 7.235169e-04 / 7.625366e-01
PCG:  2 : 5.516970e-04 / 5.814504e-01
PCG:  3 : 6.193095e-04 / 6.527094e-01
PCG:  4 : 6.241547e-04 / 6.578158e-01
PCG:  5 : 6.495479e-04 / 6.845785e-01
PCG:  6 : 6.096577e-04 / 6.425370e-01
PCG:  7 : 5.162091e-04 / 5.440486e-01
PCG:  8 : 5.156324e-04 / 5.434409e-01
PCG:  9 : 6.079988e-04 / 6.407886e-01
PCG: 10 : 6.732670e-04 / 7.095768e-01
PCG:  0 : 6.732671e-04
PCG:  1 : 5.971901e-04 / 8.870031e-01
PCG:  2 : 4.981278e-04 / 7.398666e-01
PCG:  3 : 4.901190e-04 / 7.279711e-01
PCG:  4 : 5.747823e-04 / 8.537211e-01
PCG:  5 : 6.033186e-04 / 8.961059e-01
PCG:  6 : 5.726043e-04 / 8.504860e-01
PCG:  7 : 5.631418e-04 / 8.364315e-01
PCG:  8 : 4.919586e-04 / 7.307035e-01
PCG:  9 : 6.332197e-04 / 9.405177e-01
PCG: 10 : 8.104401e-04 / 1.203742e+00
PCG:  0 : 8.104395e-04
PCG:  1 : 6.192122e-04 / 7.640449e-01
PCG:  2 : 4.716332e-04 / 5.819474e-01
PCG:  3 : 5.292213e-04 / 6.530052e-01
PCG:  4 : 5.336880e-04 / 6.585168e-01
PCG:  5 : 5.547174e-04 / 6.844649e-01
PCG:  6 : 5.213383e-04 / 6.432784e-01
PCG:  7 : 4.414362e-04 / 5.446874e-01
PCG:  8 : 4.410341e-04 / 5.441913e-01
PCG:  9 : 5.204658e-04 / 6.422019e-01
PCG: 10 : 5.754226e-04 / 7.100130e-01
PCG:  0 : 5.754223e-04
PCG:  1 : 5.112323e-04 / 8.884471e-01
PCG:  2 : 4.259653e-04 / 7.402655e-01
PCG:  3 : 4.191833e-04 / 7.284794e-01
PCG:  4 : 4.914401e-04 / 8.540512e-01
PCG:  5 : 5.152742e-04 / 8.954715e-01
PCG:  6 : 4.897040e-04 / 8.510341e-01
PCG:  7 : 4.811547e-04 / 8.361767e-01
PCG:  8 : 4.206684e-04 / 7.310602e-01
PCG:  9 : 5.418570e-04 / 9.416683e-01
PCG: 10 : 6.922570e-04 / 1.203042e+00
PCG:  0 : 6.922567e-04
PCG:  1 : 5.298491e-04 / 7.653939e-01
PCG:  2 : 4.031359e-04 / 5.823503e-01
PCG:  3 : 4.522144e-04 / 6.532467e-01
PCG:  4 : 4.563175e-04 / 6.591738e-01
PCG:  5 : 4.737519e-04 / 6.843588e-01
PCG:  6 : 4.458023e-04 / 6.439841e-01
PCG:  7 : 3.774866e-04 / 5.452985e-01
PCG:  8 : 3.772508e-04 / 5.449580e-01
PCG:  9 : 4.455051e-04 / 6.435548e-01
PCG: 10 : 4.918113e-04 / 7.104464e-01
PCG:  0 : 4.918113e-04
PCG:  1 : 4.375894e-04 / 8.897505e-01
PCG:  2 : 3.642602e-04 / 7.406503e-01
PCG:  3 : 3.584945e-04 / 7.289269e-01
PCG:  4 : 4.201227e-04 / 8.542355e-01
PCG:  5 : 4.400127e-04 / 8.946779e-01
PCG:  6 : 4.187078e-04 / 8.513587e-01
PCG:  7 : 4.110437e-04 / 8.357753e-01
PCG:  8 : 3.596816e-04 / 7.313406e-01
PCG:  9 : 4.636074e-04 / 9.426530e-01
PCG: 10 : 5.913224e-04 / 1.202336e+00
PCG:  0 : 5.913219e-04
PCG:  1 : 4.533872e-04 / 7.667350e-01
PCG:  2 : 3.446454e-04 / 5.828388e-01
PCG:  3 : 3.864282e-04 / 6.534988e-01
PCG:  4 : 3.901606e-04 / 6.598108e-01
PCG:  5 : 4.046195e-04 / 6.842626e-01
PCG:  6 : 3.812152e-04 / 6.446829e-01
PCG:  7 : 3.228331e-04 / 5.459515e-01
PCG:  8 : 3.227180e-04 / 5.457569e-01
PCG:  9 : 3.813629e-04 / 6.449329e-01
PCG: 10 : 4.204267e-04 / 7.109946e-01
PCG:  0 : 4.204267e-04
PCG:  1 : 3.745802e-04 / 8.909523e-01
PCG:  2 : 3.115131e-04 / 7.409451e-01
PCG:  3 : 3.066343e-04 / 7.293406e-01
PCG:  4 : 3.591854e-04 / 8.543352e-01
PCG:  5 : 3.758370e-04 / 8.939417e-01
PCG:  6 : 3.581038e-04 / 8.517627e-01
PCG:  7 : 3.512199e-04 / 8.353892e-01
PCG:  8 : 3.075984e-04 / 7.316337e-01
PCG:  9 : 3.967068e-04 / 9.435813e-01
PCG: 10 : 5.051495e-04 / 1.201516e+00
PCG:  0 : 5.051497e-04
PCG:  1 : 3.879733e-04 / 7.680364e-01
PCG:  2 : 2.946621e-04 / 5.833164e-01
PCG:  3 : 3.302437e-04 / 6.537542e-01
PCG:  4 : 3.336336e-04 / 6.604649e-01
PCG:  5 : 3.456033e-04 / 6.841602e-01
PCG:  6 : 3.259629e-04 / 6.452799e-01
PCG:  7 : 2.760932e-04 / 5.465572e-01
PCG:  8 : 2.760577e-04 / 5.464869e-01
PCG:  9 : 3.264090e-04 / 6.461630e-01
PCG: 10 : 3.593872e-04 / 7.114470e-01
PCG:  0 : 3.593874e-04
PCG:  1 : 3.206159e-04 / 8.921177e-01
PCG:  2 : 2.664168e-04 / 7.413082e-01
PCG:  3 : 2.622609e-04 / 7.297444e-01
PCG:  4 : 3.070601e-04 / 8.543987e-01
PCG:  5 : 3.210154e-04 / 8.932294e-01
PCG:  6 : 3.062464e-04 / 8.521345e-01
PCG:  7 : 3.001290e-04 / 8.351128e-01
PCG:  8 : 2.630761e-04 / 7.320126e-01
PCG:  9 : 3.394945e-04 / 9.446478e-01
PCG: 10 : 4.316129e-04 / 1.200969e+00
PCG:  0 : 4.316132e-04
PCG:  1 : 3.319831e-04 / 7.691681e-01
PCG:  2 : 2.519221e-04 / 5.836757e-01
PCG:  3 : 2.822288e-04 / 6.538929e-01
PCG:  4 : 2.852423e-04 / 6.608748e-01
PCG:  5 : 2.951834e-04 / 6.839071e-01
PCG:  6 : 2.787011e-04 / 6.457195e-01
PCG:  7 : 2.360898e-04 / 5.469939e-01
PCG:  8 : 2.361543e-04 / 5.471433e-01
PCG:  9 : 2.793485e-04 / 6.472194e-01
PCG: 10 : 3.072077e-04 / 7.117662e-01
PCG:  0 : 3.072078e-04
PCG:  1 : 2.743799e-04 / 8.931410e-01
PCG:  2 : 2.278319e-04 / 7.416214e-01
PCG:  3 : 2.242858e-04 / 7.300783e-01
PCG:  4 : 2.625015e-04 / 8.544753e-01
PCG:  5 : 2.742067e-04 / 8.925772e-01
PCG:  6 : 2.618661e-04 / 8.524069e-01
PCG:  7 : 2.564420e-04 / 8.347508e-01
PCG:  8 : 2.249642e-04 / 7.322866e-01
PCG:  9 : 2.904247e-04 / 9.453686e-01
PCG: 10 : 3.687334e-04 / 1.200273e+00
PCG:  0 : 3.687335e-04
PCG:  1 : 2.840291e-04 / 7.702831e-01
PCG:  2 : 2.153837e-04 / 5.841177e-01
PCG:  3 : 2.411893e-04 / 6.541019e-01
PCG:  4 : 2.438759e-04 / 6.613882e-01
PCG:  5 : 2.521414e-04 / 6.838040e-01
PCG:  6 : 2.382975e-04 / 6.462595e-01
PCG:  7 : 2.018930e-04 / 5.475310e-01
PCG:  8 : 2.020039e-04 / 5.478317e-01
PCG:  9 : 2.390727e-04 / 6.483619e-01
PCG: 10 : 2.626409e-04 / 7.122784e-01
PCG:  0 : 2.626409e-04
PCG:  1 : 2.348452e-04 / 8.941686e-01
PCG:  2 : 1.948638e-04 / 7.419398e-01
PCG:  3 : 1.918275e-04 / 7.303792e-01
PCG:  4 : 2.243997e-04 / 8.543973e-01
PCG:  5 : 2.342280e-04 / 8.918185e-01
PCG:  6 : 2.239168e-04 / 8.525588e-01
PCG:  7 : 2.191263e-04 / 8.343189e-01
PCG:  8 : 1.923940e-04 / 7.325361e-01
PCG:  9 : 2.484853e-04 / 9.461027e-01
PCG: 10 : 3.150829e-04 / 1.199672e+00
PCG:  0 : 3.150832e-04
PCG:  1 : 2.430104e-04 / 7.712579e-01
PCG:  2 : 1.841453e-04 / 5.844341e-01
PCG:  3 : 2.061232e-04 / 6.541867e-01
PCG:  4 : 2.085058e-04 / 6.617485e-01
PCG:  5 : 2.153832e-04 / 6.835759e-01
PCG:  6 : 2.037366e-04 / 6.466122e-01
PCG:  7 : 1.726536e-04 / 5.479621e-01
PCG:  8 : 1.728184e-04 / 5.484849e-01
PCG:  9 : 2.045950e-04 / 6.493366e-01
PCG: 10 : 2.245324e-04 / 7.126130e-01
PCG:  0 : 2.245325e-04
PCG:  1 : 2.009816e-04 / 8.951116e-01
PCG:  2 : 1.666798e-04 / 7.423415e-01
PCG:  3 : 1.640797e-04 / 7.307615e-01
PCG:  4 : 1.918364e-04 / 8.543815e-01
PCG:  5 : 2.000989e-04 / 8.911800e-01
PCG:  6 : 1.914803e-04 / 8.527955e-01
PCG:  7 : 1.872736e-04 / 8.340604e-01
PCG:  8 : 1.645564e-04 / 7.328846e-01
PCG:  9 : 2.126056e-04 / 9.468812e-01
PCG: 10 : 2.692862e-04 / 1.199320e+00
PCG:  0 : 2.692863e-04
PCG:  1 : 2.079240e-04 / 7.721300e-01
PCG:  2 : 1.574593e-04 / 5.847282e-01
PCG:  3 : 1.761801e-04 / 6.542482e-01
PCG:  4 : 1.782711e-04 / 6.620134e-01
PCG:  5 : 1.840010e-04 / 6.832912e-01
PCG:  6 : 1.741949e-04 / 6.468760e-01
PCG:  7 : 1.476499e-04 / 5.483007e-01
PCG:  8 : 1.478404e-04 / 5.490084e-01
PCG:  9 : 1.750797e-04 / 6.501620e-01
PCG: 10 : 1.919508e-04 / 7.128130e-01
PCG:  0 : 1.919508e-04
PCG:  1 : 1.719786e-04 / 8.959512e-01
PCG:  2 : 1.425473e-04 / 7.426243e-01
PCG:  3 : 1.403231e-04 / 7.310367e-01
PCG:  4 : 1.639801e-04 / 8.542817e-01
PCG:  5 : 1.709380e-04 / 8.905304e-01
PCG:  6 : 1.637219e-04 / 8.529367e-01
PCG:  7 : 1.600291e-04 / 8.336985e-01
PCG:  8 : 1.407314e-04 / 7.331637e-01
PCG:  9 : 1.818815e-04 / 9.475421e-01
PCG: 10 : 2.301117e-04 / 1.198805e+00
PCG:  0 : 2.301117e-04
PCG:  1 : 1.778808e-04 / 7.730194e-01
PCG:  2 : 1.346323e-04 / 5.850735e-01
PCG:  3 : 1.505693e-04 / 6.543314e-01
PCG:  4 : 1.524048e-04 / 6.623079e-01
PCG:  5 : 1.571945e-04 / 6.831227e-01
PCG:  6 : 1.489279e-04 / 6.471984e-01
PCG:  7 : 1.262733e-04 / 5.487478e-01
PCG:  8 : 1.264836e-04 / 5.496617e-01
PCG:  9 : 1.498269e-04 / 6.511050e-01
PCG: 10 : 1.641340e-04 / 7.132799e-01
PCG:  0 : 1.641340e-04
PCG:  1 : 1.471880e-04 / 8.967546e-01
PCG:  2 : 1.219395e-04 / 7.429262e-01
PCG:  3 : 1.200315e-04 / 7.313017e-01
PCG:  4 : 1.401832e-04 / 8.540776e-01
PCG:  5 : 1.460398e-04 / 8.897596e-01
PCG:  6 : 1.399891e-04 / 8.528948e-01
PCG:  7 : 1.367623e-04 / 8.332355e-01
PCG:  8 : 1.203710e-04 / 7.333704e-01
PCG:  9 : 1.556098e-04 / 9.480653e-01
PCG: 10 : 1.966696e-04 / 1.198225e+00
PCG:  0 : 1.966696e-04
PCG:  1 : 1.521817e-04 / 7.737936e-01
PCG:  2 : 1.151247e-04 / 5.853708e-01
PCG:  3 : 1.286921e-04 / 6.543570e-01
PCG:  4 : 1.302867e-04 / 6.624650e-01
PCG:  5 : 1.342917e-04 / 6.828288e-01
PCG:  6 : 1.273233e-04 / 6.473969e-01
PCG:  7 : 1.079873e-04 / 5.490796e-01
PCG:  8 : 1.082010e-04 / 5.501666e-01
PCG:  9 : 1.281876e-04 / 6.517918e-01
PCG: 10 : 1.403115e-04 / 7.134377e-01
PCG:  0 : 1.403114e-04
PCG:  1 : 1.259283e-04 / 8.974914e-01
PCG:  2 : 1.042953e-04 / 7.433130e-01
PCG:  3 : 1.026589e-04 / 7.316503e-01
PCG:  4 : 1.198295e-04 / 8.540249e-01
PCG:  5 : 1.247682e-04 / 8.892235e-01
PCG:  6 : 1.196884e-04 / 8.530200e-01
PCG:  7 : 1.168817e-04 / 8.330165e-01
PCG:  8 : 1.029495e-04 / 7.337211e-01
PCG:  9 : 1.331211e-04 / 9.487548e-01
PCG: 10 : 1.681014e-04 / 1.198059e+00
PCG:  0 : 1.681014e-04
PCG:  1 : 1.301965e-04 / 7.745117e-01
PCG:  2 : 9.844655e-05 / 5.856380e-01
PCG:  3 : 1.100010e-04 / 6.543730e-01
PCG:  4 : 1.113863e-04 / 6.626141e-01
PCG:  5 : 1.147466e-04 / 6.826037e-01
PCG:  6 : 1.088599e-04 / 6.475847e-01
PCG:  7 : 9.235615e-05 / 5.494075e-01
PCG:  8 : 9.257776e-05 / 5.507259e-01
PCG:  9 : 1.096987e-04 / 6.525747e-01
PCG: 10 : 1.199768e-04 / 7.137170e-01
PCG:  0 : 1.199768e-04
PCG:  1 : 1.077683e-04 / 8.982429e-01
PCG:  2 : 8.921822e-05 / 7.436289e-01
PCG:  3 : 8.780586e-05 / 7.318569e-01
PCG:  4 : 1.024310e-04 / 8.537562e-01
PCG:  5 : 1.066031e-04 / 8.885309e-01
PCG:  6 : 1.023251e-04 / 8.528742e-01
PCG:  7 : 9.988084e-05 / 8.325012e-01
PCG:  8 : 8.804352e-05 / 7.338378e-01
PCG:  9 : 1.138632e-04 / 9.490433e-01
PCG: 10 : 1.436697e-04 / 1.197479e+00
PCG:  0 : 1.436697e-04
PCG:  1 : 1.113652e-04 / 7.751469e-01
PCG:  2 : 8.417457e-05 / 5.858893e-01
PCG:  3 : 9.401143e-05 / 6.543579e-01
PCG:  4 : 9.521216e-05 / 6.627154e-01
PCG:  5 : 9.802861e-05 / 6.823190e-01
PCG:  6 : 9.305737e-05 / 6.477172e-01
PCG:  7 : 7.898328e-05 / 5.497558e-01
PCG:  8 : 7.920106e-05 / 5.512717e-01
PCG:  9 : 9.386477e-05 / 6.533371e-01
PCG: 10 : 1.025846e-04 / 7.140304e-01
PCG:  0 : 1.025845e-04
PCG:  1 : 9.221218e-05 / 8.988899e-01
PCG:  2 : 7.631373e-05 / 7.439108e-01
PCG:  3 : 7.509976e-05 / 7.320771e-01
PCG:  4 : 8.755166e-05 / 8.534589e-01
PCG:  5 : 9.108514e-05 / 8.879035e-01
PCG:  6 : 8.748412e-05 / 8.528005e-01
PCG:  7 : 8.536092e-05 / 8.321035e-01
PCG:  8 : 7.530081e-05 / 7.340369e-01
PCG:  9 : 9.740257e-05 / 9.494861e-01
PCG: 10 : 1.228119e-04 / 1.197178e+00
PCG:  0 : 1.228119e-04
PCG:  1 : 9.527087e-05 / 7.757463e-01
PCG:  2 : 7.198346e-05 / 5.861278e-01
PCG:  3 : 8.035767e-05 / 6.543151e-01
PCG:  4 : 8.140087e-05 / 6.628094e-01
PCG:  5 : 8.376710e-05 / 6.820764e-01
PCG:  6 : 7.955585e-05 / 6.477862e-01
PCG:  7 : 6.755441e-05 / 5.500640e-01
PCG:  8 : 6.776474e-05 / 5.517767e-01
PCG:  9 : 8.031119e-05 / 6.539366e-01
PCG: 10 : 8.771813e-05 / 7.142478e-01
PCG:  0 : 8.771814e-05
PCG:  1 : 7.889952e-05 / 8.994665e-01
PCG:  2 : 6.528541e-05 / 7.442635e-01
PCG:  3 : 6.423990e-05 / 7.323446e-01
PCG:  4 : 7.483993e-05 / 8.531864e-01
PCG:  5 : 7.782908e-05 / 8.872632e-01
PCG:  6 : 7.479791e-05 / 8.527075e-01
PCG:  7 : 7.295716e-05 / 8.317227e-01
PCG:  8 : 6.440681e-05 / 7.342473e-01
PCG:  9 : 8.332999e-05 / 9.499744e-01
PCG: 10 : 1.049832e-04 / 1.196824e+00
PCG:  0 : 1.049831e-04
PCG:  1 : 8.150503e-05 / 7.763634e-01
PCG:  2 : 6.155988e-05 / 5.863789e-01
PCG:  3 : 6.868991e-05 / 6.542950e-01
PCG:  4 : 6.958582e-05 / 6.628288e-01
PCG:  5 : 7.157207e-05 / 6.817485e-01
PCG:  6 : 6.800831e-05 / 6.478025e-01
PCG:  7 : 5.777645e-05 / 5.503405e-01
PCG:  8 : 5.797726e-05 / 5.522533e-01
PCG:  9 : 6.870912e-05 / 6.544780e-01
PCG: 10 : 7.500347e-05 / 7.144337e-01
PCG:  0 : 7.500349e-05
PCG:  1 : 6.750054e-05 / 8.999654e-01
PCG:  2 : 5.584393e-05 / 7.445511e-01
PCG:  3 : 5.494238e-05 / 7.325310e-01
PCG:  4 : 6.396724e-05 / 8.528569e-01
PCG:  5 : 6.650136e-05 / 8.866436e-01
PCG:  6 : 6.394787e-05 / 8.525985e-01
PCG:  7 : 6.235809e-05 / 8.314025e-01
PCG:  8 : 5.509027e-05 / 7.345027e-01
PCG:  9 : 7.128299e-05 / 9.503957e-01
PCG: 10 : 8.974327e-05 / 1.196521e+00
PCG:  0 : 8.974326e-05
PCG:  1 : 6.972589e-05 / 7.769485e-01
PCG:  2 : 5.264741e-05 / 5.866446e-01
PCG:  3 : 5.871582e-05 / 6.542644e-01
PCG:  4 : 5.948679e-05 / 6.628551e-01
PCG:  5 : 6.116220e-05 / 6.815242e-01
PCG:  6 : 5.813814e-05 / 6.478273e-01
PCG:  7 : 4.941383e-05 / 5.506132e-01
PCG:  8 : 4.960313e-05 / 5.527226e-01
PCG:  9 : 5.878831e-05 / 6.550722e-01
PCG: 10 : 6.414043e-05 / 7.147103e-01
PCG:  0 : 6.414046e-05
PCG:  1 : 5.775526e-05 / 9.004496e-01
PCG:  2 : 4.777261e-05 / 7.448124e-01
PCG:  3 : 4.699517e-05 / 7.326914e-01
PCG:  4 : 5.467861e-05 / 8.524823e-01
PCG:  5 : 5.682890e-05 / 8.860071e-01
PCG:  6 : 5.466942e-05 / 8.523391e-01
PCG:  7 : 5.329882e-05 / 8.309702e-01
PCG:  8 : 4.712175e-05 / 7.346650e-01
PCG:  9 : 6.097744e-05 / 9.506860e-01
PCG: 10 : 7.671343e-05 / 1.196023e+00
PCG:  0 : 7.671346e-05
PCG:  1 : 5.964608e-05 / 7.775178e-01
PCG:  2 : 4.502344e-05 / 5.869040e-01
PCG:  3 : 5.018943e-05 / 6.542455e-01
PCG:  4 : 5.084874e-05 / 6.628399e-01
PCG:  5 : 5.226344e-05 / 6.812812e-01
PCG:  6 : 4.969883e-05 / 6.478502e-01
PCG:  7 : 4.226112e-05 / 5.508958e-01
PCG:  8 : 4.243768e-05 / 5.531974e-01
PCG:  9 : 5.029410e-05 / 6.556099e-01
PCG: 10 : 5.484702e-05 / 7.149596e-01
PCG:  0 : 5.484704e-05
PCG:  1 : 4.941136e-05 / 9.008939e-01
PCG:  2 : 4.086689e-05 / 7.451065e-01
PCG:  3 : 4.019657e-05 / 7.328849e-01
PCG:  4 : 4.673496e-05 / 8.520963e-01
PCG:  5 : 4.856059e-05 / 8.853821e-01
PCG:  6 : 4.673471e-05 / 8.520918e-01
PCG:  7 : 4.555412e-05 / 8.305666e-01
PCG:  8 : 4.030420e-05 / 7.348474e-01
PCG:  9 : 5.215816e-05 / 9.509748e-01
PCG: 10 : 6.557896e-05 / 1.195670e+00
PCG:  0 : 6.557898e-05
PCG:  1 : 5.101964e-05 / 7.779877e-01
PCG:  2 : 3.850442e-05 / 5.871458e-01
PCG:  3 : 4.290032e-05 / 6.541778e-01
PCG:  4 : 4.346410e-05 / 6.627749e-01
PCG:  5 : 4.465924e-05 / 6.809993e-01
PCG:  6 : 4.248208e-05 / 6.478002e-01
PCG:  7 : 3.614524e-05 / 5.511711e-01
PCG:  8 : 3.630802e-05 / 5.536534e-01
PCG:  9 : 4.303028e-05 / 6.561597e-01
PCG: 10 : 4.690400e-05 / 7.152292e-01
PCG:  0 : 4.690404e-05
PCG:  1 : 4.227594e-05 / 9.013285e-01
PCG:  2 : 3.496120e-05 / 7.453773e-01
PCG:  3 : 3.438283e-05 / 7.330464e-01
PCG:  4 : 3.994626e-05 / 8.516592e-01
PCG:  5 : 4.149470e-05 / 8.846722e-01
PCG:  6 : 3.994920e-05 / 8.517221e-01
PCG:  7 : 3.893460e-05 / 8.300906e-01
PCG:  8 : 3.447370e-05 / 7.349837e-01
PCG:  9 : 4.461158e-05 / 9.511247e-01
PCG: 10 : 5.605888e-05 / 1.195182e+00
PCG:  0 : 5.605882e-05
PCG:  1 : 4.363797e-05 / 7.784317e-01
PCG:  2 : 3.292942e-05 / 5.874083e-01
PCG:  3 : 3.666873e-05 / 6.541117e-01
PCG:  4 : 3.714973e-05 / 6.626919e-01
PCG:  5 : 3.816470e-05 / 6.807973e-01
PCG:  6 : 3.631642e-05 / 6.478270e-01
PCG:  7 : 3.091553e-05 / 5.514838e-01
PCG:  8 : 3.106410e-05 / 5.541341e-01
PCG:  9 : 3.681641e-05 / 6.567461e-01
PCG: 10 : 4.011268e-05 / 7.155463e-01
PCG:  0 : 4.011266e-05
PCG:  1 : 3.617332e-05 / 9.017931e-01
PCG:  2 : 2.990935e-05 / 7.456337e-01
PCG:  3 : 2.941056e-05 / 7.331988e-01
PCG:  4 : 3.414477e-05 / 8.512217e-01
PCG:  5 : 3.546125e-05 / 8.840412e-01
PCG:  6 : 3.414823e-05 / 8.513079e-01
PCG:  7 : 3.327739e-05 / 8.295982e-01
PCG:  8 : 2.948546e-05 / 7.350662e-01
PCG:  9 : 3.815688e-05 / 9.512428e-01
PCG: 10 : 4.792660e-05 / 1.194800e+00
PCG:  0 : 4.792656e-05
PCG:  1 : 3.732657e-05 / 7.788286e-01
PCG:  2 : 2.816284e-05 / 5.876250e-01
PCG:  3 : 3.134680e-05 / 6.540591e-01
PCG:  4 : 3.175615e-05 / 6.626002e-01
PCG:  5 : 3.261630e-05 / 6.805476e-01
PCG:  6 : 3.104634e-05 / 6.477900e-01
PCG:  7 : 2.644429e-05 / 5.517669e-01
PCG:  8 : 2.658066e-05 / 5.546122e-01
PCG:  9 : 3.149932e-05 / 6.572414e-01
PCG: 10 : 3.430657e-05 / 7.158154e-01
PCG:  0 : 3.430656e-05
PCG:  1 : 3.094839e-05 / 9.021130e-01
PCG:  2 : 2.558926e-05 / 7.458999e-01
PCG:  3 : 2.515761e-05 / 7.333179e-01
PCG:  4 : 2.918566e-05 / 8.507314e-01
PCG:  5 : 3.030655e-05 / 8.834041e-01
PCG:  6 : 2.919181e-05 / 8.509105e-01
PCG:  7 : 2.844562e-05 / 8.291599e-01
PCG:  8 : 2.521937e-05 / 7.351182e-01
PCG:  9 : 3.263525e-05 / 9.512832e-01
PCG: 10 : 4.096961e-05 / 1.194221e+00
PCG:  0 : 4.096960e-05
PCG:  1 : 3.192500e-05 / 7.792363e-01
PCG:  2 : 2.408516e-05 / 5.878789e-01
PCG:  3 : 2.679539e-05 / 6.540310e-01
PCG:  4 : 2.714218e-05 / 6.624956e-01
PCG:  5 : 2.787257e-05 / 6.803233e-01
PCG:  6 : 2.653626e-05 / 6.477062e-01
PCG:  7 : 2.261633e-05 / 5.520272e-01
PCG:  8 : 2.274200e-05 / 5.550945e-01
PCG:  9 : 2.694805e-05 / 6.577573e-01
PCG: 10 : 2.934090e-05 / 7.161629e-01
PCG:  0 : 2.934087e-05
PCG:  1 : 2.647814e-05 / 9.024321e-01
PCG:  2 : 2.189351e-05 / 7.461779e-01
PCG:  3 : 2.151940e-05 / 7.334273e-01
PCG:  4 : 2.494658e-05 / 8.502330e-01
PCG:  5 : 2.590171e-05 / 8.827858e-01
PCG:  6 : 2.495493e-05 / 8.505177e-01
PCG:  7 : 2.431577e-05 / 8.287339e-01
PCG:  8 : 2.157218e-05 / 7.352264e-01
PCG:  9 : 2.791393e-05 / 9.513667e-01
PCG: 10 : 3.502887e-05 / 1.193859e+00
PCG:  0 : 3.502884e-05
PCG:  1 : 2.730750e-05 / 7.795718e-01
PCG:  2 : 2.059987e-05 / 5.880831e-01
PCG:  3 : 2.290735e-05 / 6.539569e-01
PCG:  4 : 2.320200e-05 / 6.623685e-01
PCG:  5 : 2.382210e-05 / 6.800711e-01
PCG:  6 : 2.268366e-05 / 6.475709e-01
PCG:  7 : 1.934434e-05 / 5.522403e-01
PCG:  8 : 1.945754e-05 / 5.554719e-01
PCG:  9 : 2.305420e-05 / 6.581492e-01
PCG: 10 : 2.509322e-05 / 7.163588e-01
PCG:  0 : 2.509322e-05
PCG:  1 : 2.265235e-05 / 9.027277e-01
PCG:  2 : 1.872972e-05 / 7.464053e-01
PCG:  3 : 1.840617e-05 / 7.335116e-01
PCG:  4 : 2.132089e-05 / 8.496671e-01
PCG:  5 : 2.213555e-05 / 8.821326e-01
PCG:  6 : 2.133115e-05 / 8.500760e-01
PCG:  7 : 2.078479e-05 / 8.283029e-01
PCG:  8 : 1.845090e-05 / 7.352940e-01
PCG:  9 : 2.387537e-05 / 9.514669e-01
PCG: 10 : 2.994897e-05 / 1.193508e+00
PCG:  0 : 2.994896e-05
PCG:  1 : 2.335715e-05 / 7.798986e-01
PCG:  2 : 1.761749e-05 / 5.882505e-01
PCG:  3 : 1.958188e-05 / 6.538415e-01
PCG:  4 : 1.983131e-05 / 6.621702e-01
PCG:  5 : 2.035918e-05 / 6.797957e-01
PCG:  6 : 1.938959e-05 / 6.474209e-01
PCG:  7 : 1.654552e-05 / 5.524573e-01
PCG:  8 : 1.664859e-05 / 5.558985e-01
PCG:  9 : 1.972278e-05 / 6.585464e-01
PCG: 10 : 2.146005e-05 / 7.165539e-01
PCG:  0 : 2.146006e-05
PCG:  1 : 1.937907e-05 / 9.030297e-01
PCG:  2 : 1.602562e-05 / 7.467651e-01
PCG:  3 : 1.574510e-05 / 7.336935e-01
PCG:  4 : 1.822434e-05 / 8.492215e-01
PCG:  5 : 1.891859e-05 / 8.815722e-01
PCG:  6 : 1.823293e-05 / 8.496217e-01
PCG:  7 : 1.776634e-05 / 8.278795e-01
PCG:  8 : 1.578189e-05 / 7.354077e-01
PCG:  9 : 2.041994e-05 / 9.515326e-01
PCG: 10 : 2.560525e-05 / 1.193159e+00
PCG:  0 : 2.560525e-05
PCG:  1 : 1.997800e-05 / 7.802305e-01
PCG:  2 : 1.506843e-05 / 5.884898e-01
PCG:  3 : 1.673991e-05 / 6.537685e-01
PCG:  4 : 1.695035e-05 / 6.619873e-01
PCG:  5 : 1.740016e-05 / 6.795542e-01
PCG:  6 : 1.657428e-05 / 6.473001e-01
PCG:  7 : 1.415262e-05 / 5.527235e-01
PCG:  8 : 1.424505e-05 / 5.563331e-01
PCG:  9 : 1.687229e-05 / 6.589387e-01
PCG: 10 : 1.835418e-05 / 7.168130e-01
PCG:  0 : 1.835418e-05
PCG:  1 : 1.657922e-05 / 9.032940e-01
PCG:  2 : 1.371103e-05 / 7.470248e-01
PCG:  3 : 1.346864e-05 / 7.338188e-01
PCG:  4 : 1.557736e-05 / 8.487093e-01
PCG:  5 : 1.616980e-05 / 8.809874e-01
PCG:  6 : 1.558591e-05 / 8.491750e-01
PCG:  7 : 1.518694e-05 / 8.274375e-01
PCG:  8 : 1.349976e-05 / 7.355145e-01
PCG:  9 : 1.746702e-05 / 9.516646e-01
PCG: 10 : 2.189380e-05 / 1.192851e+00
PCG:  0 : 2.189380e-05
PCG:  1 : 1.708801e-05 / 7.804955e-01
PCG:  2 : 1.288720e-05 / 5.886233e-01
PCG:  3 : 1.431007e-05 / 6.536129e-01
PCG:  4 : 1.448788e-05 / 6.617346e-01
PCG:  5 : 1.487140e-05 / 6.792515e-01
PCG:  6 : 1.416668e-05 / 6.470634e-01
PCG:  7 : 1.210412e-05 / 5.528562e-01
PCG:  8 : 1.218761e-05 / 5.566695e-01
PCG:  9 : 1.443282e-05 / 6.592196e-01
PCG: 10 : 1.569578e-05 / 7.169055e-01
PCG:  0 : 1.569580e-05
PCG:  1 : 1.418247e-05 / 9.035837e-01
PCG:  2 : 1.173095e-05 / 7.473945e-01
PCG:  3 : 1.152084e-05 / 7.340078e-01
PCG:  4 : 1.331398e-05 / 8.482511e-01
PCG:  5 : 1.382044e-05 / 8.805189e-01
PCG:  6 : 1.332246e-05 / 8.487914e-01
PCG:  7 : 1.298260e-05 / 8.271385e-01
PCG:  8 : 1.154653e-05 / 7.356447e-01
PCG:  9 : 1.493960e-05 / 9.518215e-01
PCG: 10 : 1.872177e-05 / 1.192789e+00
PCG:  0 : 1.872176e-05
PCG:  1 : 1.461608e-05 / 7.807002e-01
PCG:  2 : 1.102293e-05 / 5.887765e-01
PCG:  3 : 1.223455e-05 / 6.534934e-01
PCG:  4 : 1.238392e-05 / 6.614721e-01
PCG:  5 : 1.271163e-05 / 6.789764e-01
PCG:  6 : 1.210974e-05 / 6.468270e-01
PCG:  7 : 1.035383e-05 / 5.530371e-01
PCG:  8 : 1.042855e-05 / 5.570282e-01
PCG:  9 : 1.234634e-05 / 6.594648e-01
PCG: 10 : 1.342363e-05 / 7.170067e-01
PCG:  0 : 1.342363e-05
PCG:  1 : 1.213288e-05 / 9.038450e-01
PCG:  2 : 1.003678e-05 / 7.476946e-01
PCG:  3 : 9.854748e-06 / 7.341343e-01
PCG:  4 : 1.137900e-05 / 8.476838e-01
PCG:  5 : 1.181136e-05 / 8.798932e-01
PCG:  6 : 1.138700e-05 / 8.482799e-01
PCG:  7 : 1.109758e-05 / 8.267197e-01
PCG:  8 : 9.875977e-06 / 7.357157e-01
PCG:  9 : 1.277594e-05 / 9.517500e-01
PCG: 10 : 1.600638e-05 / 1.192403e+00
PCG:  0 : 1.600638e-05
PCG:  1 : 1.249954e-05 / 7.809102e-01
PCG:  2 : 9.427024e-06 / 5.889542e-01
PCG:  3 : 1.045874e-05 / 6.534110e-01
PCG:  4 : 1.058450e-05 / 6.612678e-01
PCG:  5 : 1.086422e-05 / 6.787428e-01
PCG:  6 : 1.035055e-05 / 6.466514e-01
PCG:  7 : 8.855715e-06 / 5.532616e-01
PCG:  8 : 8.922750e-06 / 5.574496e-01
PCG:  9 : 1.056259e-05 / 6.598991e-01
PCG: 10 : 1.148145e-05 / 7.173049e-01
PCG:  0 : 1.148145e-05
PCG:  1 : 1.038002e-05 / 9.040684e-01
PCG:  2 : 8.588170e-06 / 7.480039e-01
PCG:  3 : 8.430163e-06 / 7.342419e-01
PCG:  4 : 9.725996e-06 / 8.471051e-01
PCG:  5 : 1.009592e-05 / 8.793245e-01
PCG:  6 : 9.733491e-06 / 8.477579e-01
PCG:  7 : 9.485928e-06 / 8.261959e-01
PCG:  8 : 8.446748e-06 / 7.356865e-01
PCG:  9 : 1.092584e-05 / 9.516076e-01
PCG: 10 : 1.368680e-05 / 1.192079e+00
PCG:  0 : 1.368681e-05
PCG:  1 : 1.069022e-05 / 7.810604e-01
PCG:  2 : 8.062645e-06 / 5.890814e-01
PCG:  3 : 8.940873e-06 / 6.532474e-01
PCG:  4 : 9.047131e-06 / 6.610110e-01
PCG:  5 : 9.285927e-06 / 6.784582e-01
PCG:  6 : 8.846985e-06 / 6.463877e-01
PCG:  7 : 7.575671e-06 / 5.535016e-01
PCG:  8 : 7.635201e-06 / 5.578510e-01
PCG:  9 : 9.035978e-06 / 6.601961e-01
PCG: 10 : 9.820075e-06 / 7.174847e-01
PCG:  0 : 9.820073e-06
PCG:  1 : 8.879708e-06 / 9.042405e-01
PCG:  2 : 7.347874e-06 / 7.482504e-01
PCG:  3 : 7.211524e-06 / 7.343656e-01
PCG:  4 : 8.312310e-06 / 8.464611e-01
PCG:  5 : 8.629144e-06 / 8.787251e-01
PCG:  6 : 8.319715e-06 / 8.472152e-01
PCG:  7 : 8.108636e-06 / 8.257206e-01
PCG:  8 : 7.224466e-06 / 7.356835e-01
PCG:  9 : 9.344051e-06 / 9.515257e-01
PCG: 10 : 1.170196e-05 / 1.191637e+00
PCG:  0 : 1.170197e-05
PCG:  1 : 9.143332e-06 / 7.813500e-01
PCG:  2 : 6.895985e-06 / 5.893013e-01
PCG:  3 : 7.643664e-06 / 6.531947e-01
PCG:  4 : 7.733112e-06 / 6.608387e-01
PCG:  5 : 7.937283e-06 / 6.782862e-01
PCG:  6 : 7.561865e-06 / 6.462045e-01
PCG:  7 : 6.480050e-06 / 5.537573e-01
PCG:  8 : 6.532964e-06 / 5.582791e-01
PCG:  9 : 7.730103e-06 / 6.605815e-01
PCG: 10 : 8.399914e-06 / 7.178206e-01
PCG:  0 : 8.399911e-06
PCG:  1 : 7.596402e-06 / 9.043431e-01
PCG:  2 : 6.287104e-06 / 7.484726e-01
PCG:  3 : 6.169013e-06 / 7.344140e-01
PCG:  4 : 7.104479e-06 / 8.457803e-01
PCG:  5 : 7.375882e-06 / 8.780905e-01
PCG:  6 : 7.111434e-06 / 8.466083e-01
PCG:  7 : 6.932121e-06 / 8.252613e-01
PCG:  8 : 6.179643e-06 / 7.356796e-01
PCG:  9 : 7.991918e-06 / 9.514289e-01
PCG: 10 : 1.000578e-05 / 1.191177e+00
PCG:  0 : 1.000578e-05
PCG:  1 : 7.820364e-06 / 7.815843e-01
PCG:  2 : 5.898492e-06 / 5.895082e-01
PCG:  3 : 6.534724e-06 / 6.530946e-01
PCG:  4 : 6.609502e-06 / 6.605681e-01
PCG:  5 : 6.784449e-06 / 6.780527e-01
PCG:  6 : 6.463427e-06 / 6.459691e-01
PCG:  7 : 5.542886e-06 / 5.539682e-01
PCG:  8 : 5.589778e-06 / 5.586547e-01
PCG:  9 : 6.612490e-06 / 6.608668e-01
PCG: 10 : 7.184554e-06 / 7.180401e-01
PCG:  0 : 7.184558e-06
PCG:  1 : 6.498663e-06 / 9.045321e-01
PCG:  2 : 5.379835e-06 / 7.488053e-01
PCG:  3 : 5.277544e-06 / 7.345678e-01
PCG:  4 : 6.072547e-06 / 8.452221e-01
PCG:  5 : 6.304539e-06 / 8.775124e-01
PCG:  6 : 6.078288e-06 / 8.460212e-01
PCG:  7 : 5.925754e-06 / 8.247903e-01
PCG:  8 : 5.285783e-06 / 7.357144e-01
PCG:  9 : 6.835254e-06 / 9.513813e-01
PCG: 10 : 8.555659e-06 / 1.190840e+00
PCG:  0 : 8.555655e-06
PCG:  1 : 6.688551e-06 / 7.817696e-01
PCG:  2 : 5.045018e-06 / 5.896706e-01
PCG:  3 : 5.586583e-06 / 6.529697e-01
PCG:  4 : 5.648959e-06 / 6.602603e-01
PCG:  5 : 5.799014e-06 / 6.777989e-01
PCG:  6 : 5.524447e-06 / 6.457071e-01
PCG:  7 : 4.741119e-06 / 5.541503e-01
PCG:  8 : 4.782874e-06 / 5.590308e-01
PCG:  9 : 5.656238e-06 / 6.611111e-01
PCG: 10 : 6.145077e-06 / 7.182475e-01
PCG:  0 : 6.145079e-06
PCG:  1 : 5.559040e-06 / 9.046328e-01
PCG:  2 : 4.603195e-06 / 7.490864e-01
PCG:  3 : 4.514675e-06 / 7.346814e-01
PCG:  4 : 5.190517e-06 / 8.446624e-01
PCG:  5 : 5.389459e-06 / 8.770366e-01
PCG:  6 : 5.195710e-06 / 8.455074e-01
PCG:  7 : 5.066040e-06 / 8.244060e-01
PCG:  8 : 4.521338e-06 / 7.357657e-01
PCG:  9 : 5.846159e-06 / 9.513562e-01
PCG: 10 : 7.315574e-06 / 1.190477e+00
PCG:  0 : 7.315578e-06
PCG:  1 : 5.720656e-06 / 7.819827e-01
PCG:  2 : 4.315070e-06 / 5.898467e-01
PCG:  3 : 4.776159e-06 / 6.528751e-01
PCG:  4 : 4.828272e-06 / 6.599987e-01
PCG:  5 : 4.956536e-06 / 6.775317e-01
PCG:  6 : 4.721663e-06 / 6.454258e-01
PCG:  7 : 4.055007e-06 / 5.542975e-01
PCG:  8 : 4.092085e-06 / 5.593659e-01
PCG:  9 : 4.837842e-06 / 6.613069e-01
PCG: 10 : 5.255754e-06 / 7.184331e-01
PCG:  0 : 5.255751e-06
PCG:  1 : 4.755111e-06 / 9.047443e-01
PCG:  2 : 3.938575e-06 / 7.493837e-01
PCG:  3 : 3.861901e-06 / 7.347953e-01
PCG:  4 : 4.436085e-06 / 8.440440e-01
PCG:  5 : 4.606572e-06 / 8.764821e-01
PCG:  6 : 4.441006e-06 / 8.449803e-01
PCG:  7 : 4.330896e-06 / 8.240298e-01
PCG:  8 : 3.867264e-06 / 7.358156e-01
PCG:  9 : 4.999882e-06 / 9.513164e-01
PCG: 10 : 6.255831e-06 / 1.190283e+00
PCG:  0 : 6.255832e-06
PCG:  1 : 4.892821e-06 / 7.821217e-01
PCG:  2 : 3.690994e-06 / 5.900085e-01
PCG:  3 : 4.083560e-06 / 6.527605e-01
PCG:  4 : 4.127107e-06 / 6.597216e-01
PCG:  5 : 4.237185e-06 / 6.773177e-01
PCG:  6 : 4.035647e-06 / 6.451015e-01
PCG:  7 : 3.468752e-06 / 5.544829e-01
PCG:  8 : 3.501511e-06 / 5.597196e-01
PCG:  9 : 4.138315e-06 / 6.615133e-01
PCG: 10 : 4.495483e-06 / 7.186068e-01
PCG:  0 : 4.495481e-06
PCG:  1 : 4.067494e-06 / 9.047960e-01
PCG:  2 : 3.369898e-06 / 7.496189e-01
PCG:  3 : 3.303538e-06 / 7.348574e-01
PCG:  4 : 3.791332e-06 / 8.433651e-01
PCG:  5 : 3.937583e-06 / 8.758980e-01
PCG:  6 : 3.795762e-06 / 8.443505e-01
PCG:  7 : 3.702479e-06 / 8.236001e-01
PCG:  8 : 3.307904e-06 / 7.358287e-01
PCG:  9 : 4.276011e-06 / 9.511798e-01
PCG: 10 : 5.349405e-06 / 1.189951e+00
PCG:  0 : 5.349406e-06
PCG:  1 : 4.184916e-06 / 7.823141e-01
PCG:  2 : 3.157428e-06 / 5.902390e-01
PCG:  3 : 3.491592e-06 / 6.527065e-01
PCG:  4 : 3.527409e-06 / 6.594019e-01
PCG:  5 : 3.621964e-06 / 6.770778e-01
PCG:  6 : 3.449631e-06 / 6.448625e-01
PCG:  7 : 2.967080e-06 / 5.546560e-01
PCG:  8 : 2.996070e-06 / 5.600753e-01
PCG:  9 : 3.539944e-06 / 6.617453e-01
PCG: 10 : 3.845434e-06 / 7.188525e-01
PCG:  0 : 3.845434e-06
PCG:  1 : 3.479324e-06 / 9.047936e-01
PCG:  2 : 2.883460e-06 / 7.498399e-01
PCG:  3 : 2.826000e-06 / 7.348976e-01
PCG:  4 : 3.240671e-06 / 8.427321e-01
PCG:  5 : 3.365964e-06 / 8.753146e-01
PCG:  6 : 3.244218e-06 / 8.436546e-01
PCG:  7 : 3.165366e-06 / 8.231494e-01
PCG:  8 : 2.829591e-06 / 7.358315e-01
PCG:  9 : 3.657326e-06 / 9.510828e-01
PCG: 10 : 4.573886e-06 / 1.189433e+00
PCG:  0 : 4.573886e-06
PCG:  1 : 3.579296e-06 / 7.825505e-01
PCG:  2 : 2.700431e-06 / 5.904020e-01
PCG:  3 : 2.985000e-06 / 6.526180e-01
PCG:  4 : 3.014645e-06 / 6.590995e-01
PCG:  5 : 3.096010e-06 / 6.768885e-01
PCG:  6 : 2.948485e-06 / 6.446345e-01
PCG:  7 : 2.537889e-06 / 5.548650e-01
PCG:  8 : 2.563436e-06 / 5.604504e-01
PCG:  9 : 3.027725e-06 / 6.619591e-01
PCG: 10 : 3.289141e-06 / 7.191131e-01
PCG:  0 : 3.289141e-06
PCG:  1 : 2.976253e-06 / 9.048727e-01
PCG:  2 : 2.467358e-06 / 7.501529e-01
PCG:  3 : 2.417609e-06 / 7.350276e-01
PCG:  4 : 2.769867e-06 / 8.421249e-01
PCG:  5 : 2.877345e-06 / 8.748014e-01
PCG:  6 : 2.772884e-06 / 8.430422e-01
PCG:  7 : 2.706146e-06 / 8.227516e-01
PCG:  8 : 2.420332e-06 / 7.358555e-01
PCG:  9 : 3.127889e-06 / 9.509746e-01
PCG: 10 : 3.911593e-06 / 1.189245e+00
PCG:  0 : 3.911594e-06
PCG:  1 : 3.061367e-06 / 7.826393e-01
PCG:  2 : 2.310082e-06 / 5.905730e-01
PCG:  3 : 2.552198e-06 / 6.524700e-01
PCG:  4 : 2.576669e-06 / 6.587262e-01
PCG:  5 : 2.646603e-06 / 6.766047e-01
PCG:  6 : 2.520079e-06 / 6.442587e-01
PCG:  7 : 2.170788e-06 / 5.549625e-01
PCG:  8 : 2.193250e-06 / 5.607049e-01
PCG:  9 : 2.589819e-06 / 6.620879e-01
PCG: 10 : 2.813224e-06 / 7.192014e-01
PCG:  0 : 2.813223e-06
PCG:  1 : 2.545824e-06 / 9.049491e-01
PCG:  2 : 2.111118e-06 / 7.504267e-01
PCG:  3 : 2.068180e-06 / 7.351637e-01
PCG:  4 : 2.367505e-06 / 8.415633e-01
PCG:  5 : 2.459844e-06 / 8.743862e-01
PCG:  6 : 2.370121e-06 / 8.424931e-01
PCG:  7 : 2.313629e-06 / 8.224121e-01
PCG:  8 : 2.070511e-06 / 7.359924e-01
PCG:  9 : 2.675325e-06 / 9.509820e-01
PCG: 10 : 3.344988e-06 / 1.189023e+00
PCG:  0 : 3.344989e-06
PCG:  1 : 2.618394e-06 / 7.827809e-01
PCG:  2 : 1.975905e-06 / 5.907061e-01
PCG:  3 : 2.182053e-06 / 6.523349e-01
PCG:  4 : 2.202257e-06 / 6.583749e-01
PCG:  5 : 2.262352e-06 / 6.763408e-01
PCG:  6 : 2.153939e-06 / 6.439301e-01
PCG:  7 : 1.856812e-06 / 5.551025e-01
PCG:  8 : 1.876540e-06 / 5.610004e-01
PCG:  9 : 2.215000e-06 / 6.621845e-01
PCG: 10 : 2.405997e-06 / 7.192839e-01
PCG:  0 : 2.405996e-06
PCG:  1 : 2.177433e-06 / 9.050025e-01
PCG:  2 : 1.806353e-06 / 7.507712e-01
PCG:  3 : 1.769208e-06 / 7.353328e-01
PCG:  4 : 2.023449e-06 / 8.410027e-01
PCG:  5 : 2.102724e-06 / 8.739514e-01
PCG:  6 : 2.025724e-06 / 8.419479e-01
PCG:  7 : 1.977942e-06 / 8.220885e-01
PCG:  8 : 1.770983e-06 / 7.360703e-01
PCG:  9 : 2.288132e-06 / 9.510123e-01
PCG: 10 : 2.860952e-06 / 1.189092e+00
PCG:  0 : 2.860954e-06
PCG:  1 : 2.239646e-06 / 7.828320e-01
PCG:  2 : 1.690252e-06 / 5.908001e-01
PCG:  3 : 1.865789e-06 / 6.521564e-01
PCG:  4 : 1.882331e-06 / 6.579383e-01
PCG:  5 : 1.934116e-06 / 6.760391e-01
PCG:  6 : 1.841012e-06 / 6.434960e-01
PCG:  7 : 1.588309e-06 / 5.551677e-01
PCG:  8 : 1.605613e-06 / 5.612161e-01
PCG:  9 : 1.894403e-06 / 6.621580e-01
PCG: 10 : 2.057685e-06 / 7.192304e-01
PCG:  0 : 2.057685e-06
PCG:  1 : 1.862398e-06 / 9.050938e-01
PCG:  2 : 1.545666e-06 / 7.511674e-01
PCG:  3 : 1.513482e-06 / 7.355267e-01
PCG:  4 : 1.729417e-06 / 8.404672e-01
PCG:  5 : 1.797628e-06 / 8.736170e-01
PCG:  6 : 1.731474e-06 / 8.414670e-01
PCG:  7 : 1.690988e-06 / 8.217918e-01
PCG:  8 : 1.514876e-06 / 7.362042e-01
PCG:  9 : 1.956882e-06 / 9.510117e-01
PCG: 10 : 2.446557e-06 / 1.188985e+00
PCG:  0 : 2.446557e-06
PCG:  1 : 1.915487e-06 / 7.829316e-01
PCG:  2 : 1.445825e-06 / 5.909633e-01
PCG:  3 : 1.595265e-06 / 6.520451e-01
PCG:  4 : 1.608896e-06 / 6.576165e-01
PCG:  5 : 1.653367e-06 / 6.757934e-01
PCG:  6 : 1.573524e-06 / 6.431587e-01
PCG:  7 : 1.358674e-06 / 5.553412e-01
PCG:  8 : 1.373835e-06 / 5.615382e-01
PCG:  9 : 1.620372e-06 / 6.623073e-01
PCG: 10 : 1.760034e-06 / 7.193925e-01
PCG:  0 : 1.760035e-06
PCG:  1 : 1.593096e-06 / 9.051504e-01
PCG:  2 : 1.322586e-06 / 7.514544e-01
PCG:  3 : 1.294821e-06 / 7.356791e-01
PCG:  4 : 1.478099e-06 / 8.398120e-01
PCG:  5 : 1.536695e-06 / 8.731046e-01
PCG:  6 : 1.479942e-06 / 8.408591e-01
PCG:  7 : 1.445670e-06 / 8.213869e-01
PCG:  8 : 1.295785e-06 / 7.362266e-01
PCG:  9 : 1.673521e-06 / 9.508454e-01
PCG: 10 : 2.092150e-06 / 1.188698e+00
PCG:  0 : 2.092150e-06
PCG:  1 : 1.638173e-06 / 7.830092e-01
PCG:  2 : 1.236732e-06 / 5.911298e-01
PCG:  3 : 1.363948e-06 / 6.519359e-01
PCG:  4 : 1.375156e-06 / 6.572933e-01
PCG:  5 : 1.413441e-06 / 6.755925e-01
PCG:  6 : 1.344886e-06 / 6.428249e-01
PCG:  7 : 1.162227e-06 / 5.555180e-01
PCG:  8 : 1.175510e-06 / 5.618671e-01
PCG:  9 : 1.386079e-06 / 6.625142e-01
PCG: 10 : 1.505533e-06 / 7.196105e-01
PCG:  0 : 1.505533e-06
PCG:  1 : 1.362804e-06 / 9.051969e-01
PCG:  2 : 1.131701e-06 / 7.516944e-01
PCG:  3 : 1.107689e-06 / 7.357455e-01
PCG:  4 : 1.263351e-06 / 8.391387e-01
PCG:  5 : 1.313714e-06 / 8.725908e-01
PCG:  6 : 1.264931e-06 / 8.401879e-01
PCG:  7 : 1.235946e-06 / 8.209360e-01
PCG:  8 : 1.108363e-06 / 7.361933e-01
PCG:  9 : 1.431132e-06 / 9.505814e-01
PCG: 10 : 1.789044e-06 / 1.188312e+00
PCG:  0 : 1.789044e-06
PCG:  1 : 1.401051e-06 / 7.831282e-01
PCG:  2 : 1.057964e-06 / 5.913574e-01
PCG:  3 : 1.166256e-06 / 6.518880e-01
PCG:  4 : 1.175376e-06 / 6.569855e-01
PCG:  5 : 1.208338e-06 / 6.754100e-01
PCG:  6 : 1.149520e-06 / 6.425333e-01
PCG:  7 : 9.941687e-07 / 5.556983e-01
PCG:  8 : 1.005835e-06 / 5.622194e-01
PCG:  9 : 1.185592e-06 / 6.626958e-01
PCG: 10 : 1.287817e-06 / 7.198353e-01
PCG:  0 : 1.287818e-06
PCG:  1 : 1.165681e-06 / 9.051602e-01
PCG:  2 : 9.683298e-07 / 7.519153e-01
PCG:  3 : 9.475905e-07 / 7.358111e-01
PCG:  4 : 1.079771e-06 / 8.384504e-01
PCG:  5 : 1.123037e-06 / 8.720467e-01
PCG:  6 : 1.081100e-06 / 8.394819e-01
PCG:  7 : 1.056599e-06 / 8.204568e-01
PCG:  8 : 9.480639e-07 / 7.361786e-01
PCG:  9 : 1.223844e-06 / 9.503239e-01
PCG: 10 : 1.529656e-06 / 1.187789e+00
PCG:  0 : 1.529656e-06
PCG:  1 : 1.198159e-06 / 7.832864e-01
PCG:  2 : 9.049303e-07 / 5.915908e-01
PCG:  3 : 9.971056e-07 / 6.518496e-01
PCG:  4 : 1.004536e-06 / 6.567072e-01
PCG:  5 : 1.032978e-06 / 6.753011e-01
PCG:  6 : 9.824570e-07 / 6.422732e-01
PCG:  7 : 8.503873e-07 / 5.559337e-01
PCG:  8 : 8.606146e-07 / 5.626197e-01
PCG:  9 : 1.014082e-06 / 6.629480e-01
PCG: 10 : 1.101624e-06 / 7.201779e-01
PCG:  0 : 1.101624e-06
PCG:  1 : 9.970900e-07 / 9.051095e-01
PCG:  2 : 8.285660e-07 / 7.521317e-01
PCG:  3 : 8.106580e-07 / 7.358756e-01
PCG:  4 : 9.228662e-07 / 8.377327e-01
PCG:  5 : 9.600786e-07 / 8.715124e-01
PCG:  6 : 9.239803e-07 / 8.387440e-01
PCG:  7 : 9.033466e-07 / 8.200138e-01
PCG:  8 : 8.108956e-07 / 7.360913e-01
PCG:  9 : 1.046547e-06 / 9.500039e-01
PCG: 10 : 1.308053e-06 / 1.187387e+00
PCG:  0 : 1.308053e-06
PCG:  1 : 1.024664e-06 / 7.833505e-01
PCG:  2 : 7.741116e-07 / 5.918043e-01
PCG:  3 : 8.526147e-07 / 6.518195e-01
PCG:  4 : 8.585912e-07 / 6.563885e-01
PCG:  5 : 8.831393e-07 / 6.751553e-01
PCG:  6 : 8.397460e-07 / 6.419814e-01
PCG:  7 : 7.274569e-07 / 5.561370e-01
PCG:  8 : 7.363897e-07 / 5.629660e-01
PCG:  9 : 8.674731e-07 / 6.631786e-01
PCG: 10 : 9.424473e-07 / 7.204960e-01
PCG:  0 : 9.424472e-07
PCG:  1 : 8.530148e-07 / 9.051062e-01
PCG:  2 : 7.090258e-07 / 7.523242e-01
PCG:  3 : 6.935567e-07 / 7.359105e-01
PCG:  4 : 7.888074e-07 / 8.369778e-01
PCG:  5 : 8.208009e-07 / 8.709251e-01
PCG:  6 : 7.897600e-07 / 8.379886e-01
PCG:  7 : 7.723277e-07 / 8.194918e-01
PCG:  8 : 6.936683e-07 / 7.360289e-01
PCG:  9 : 8.949432e-07 / 9.495951e-01
PCG: 10 : 1.118465e-06 / 1.186767e+00

PCG ( VCycle ( S: Scale / C: Scale )  )

Complete solver TOE: 20.1053
2.53691 GFlop/s [2.53691 GFlops/s]

Total time: 20.1053s
Accumulated op time: 19.367

Reductions: 7.60817%
Blas-1: 5.97858%
Blas-2: 82.7415%
Precon Kernels: 0%
MPI Execution: 0%
MPI Wait: 0%
Not covered: 3.67171%

Domain size: 47.4416 MByte
LA size: 115.823 MByte
MPI size: 2.63874 MByte

H0-Error: 3.889405e-06
H1-Error: 4.034429e-03

Writing DATA to output.data...
Run-Time: 0:20.656 [0:20.656]
0x31d198e880 Error: MemoryPool<CPU> still contains memory chunks on deconstructor call
