NUM-PROCS: 1
Preparing domain...
LVL-MIN: 1 [1]
LVL-MAX: 7 [7]
Creating gates...
Assembling system matrices...
Assembling system filters...
Assembling transfer matrices...
Converting assembled linear system from SparseMatrixCSR, Mem:main to SparseMatrixELL, Mem:cudaand to SparseMatrixELL, Mem:cuda...
PCG: 0 : 7.572471e-02
PCG: 1 : 2.422583e-02 / 3.199198e-01
PCG: 2 : 7.698114e-03 / 1.016592e-01
PCG: 3 : 1.678566e-03 / 2.216668e-02
PCG: 4 : 1.626274e-04 / 2.147614e-03
PCG: 5 : 1.508617e-05 / 1.992238e-04
PCG: 6 : 2.383269e-06 / 3.147281e-05
PCG: 0 : 4.379776e-03
PCG: 1 : 3.166093e-04 / 7.228892e-02
PCG: 2 : 4.760326e-05 / 1.086888e-02
PCG: 3 : 6.217093e-06 / 1.419500e-03
PCG: 4 : 7.839565e-07 / 1.789947e-04
PCG: 5 : 8.531871e-08 / 1.948015e-05
PCG: 6 : 9.672043e-09 / 2.208342e-06
PCG: 0 : 1.450321e-08
PCG: 1 : 2.625888e-09 / 1.810556e-01
PCG: 2 : 3.463828e-10 / 2.388318e-02
PCG: 3 : 3.462529e-11 / 2.387422e-03
PCG: 4 : 4.497204e-12 / 3.100833e-04
PCG: 5 : 4.373441e-13 / 3.015498e-05
PCG: 6 : 5.137744e-14 / 3.542486e-06

PCG ( VCycle ( S: Scale / C: Scale )  )

Complete solver TOE: 0.043699
1.01279 GFlop/s [1.01279 GFlops/s]

Total time: 0.043699s
Accumulated op time: 0.011227

Reductions: 20.9067%
Blas-1: 2.38678%
Blas-2: 2.39822%
Precon Kernels: 0%
MPI Execution: 0%
MPI Wait: 0%
Not covered: 74.3083%

Domain size: 3.05461 MByte
LA size: 7.66532 MByte
MPI size: 0.170692 MByte

H0-Error: 2.746078e-05
H1-Error: 1.613732e-02

Writing DATA to output.data...
Run-Time: 0:00.134 [0:00.134]
0x31d198e880 Error: MemoryPool<CUDA> still contains memory chunks on deconstructor call
