NUM-PROCS: 1
Preparing domain...
LVL-MIN: 4 [4]
LVL-MAX: 9 [9]
Creating gates...
Assembling system matrices...
Assembling system filters...
Assembling transfer matrices...
Converting assembled linear system from SparseMatrixCSR, Mem:main to SparseMatrixCSR, Mem:mainand to SparseMatrixCSR, Mem:main...
PCG: 0 : 1.894513e-02
PCG: 1 : 3.774730e-02 / 1.992454e+00
PCG: 0 : 3.784627e-02
PCG: 1 : 4.071049e-02 / 1.075681e+00
PCG: 0 : 4.071045e-02
PCG: 1 : 6.835923e-02 / 1.679157e+00
PCG: 0 : 6.835923e-02
PCG: 1 : 9.942718e-02 / 1.454481e+00
PCG: 0 : 9.942719e-02
PCG: 1 : 1.176735e-01 / 1.183514e+00
PCG: 0 : 1.176734e-01
PCG: 1 : 1.189607e-01 / 1.010939e+00
PCG: 0 : 1.189607e-01
PCG: 1 : 1.191078e-01 / 1.001237e+00
PCG: 0 : 1.191078e-01
PCG: 1 : 1.126377e-01 / 9.456784e-01
PCG: 0 : 1.126377e-01
PCG: 1 : 1.096070e-01 / 9.730934e-01
PCG: 0 : 1.096070e-01
PCG: 1 : 1.022943e-01 / 9.332833e-01
PCG: 0 : 1.022943e-01
PCG: 1 : 9.896743e-02 / 9.674771e-01
PCG: 0 : 9.896743e-02
PCG: 1 : 9.212641e-02 / 9.308761e-01
PCG: 0 : 9.212641e-02
PCG: 1 : 8.904099e-02 / 9.665089e-01
PCG: 0 : 8.904099e-02
PCG: 1 : 8.285683e-02 / 9.305471e-01
PCG: 0 : 8.285683e-02
PCG: 1 : 8.008404e-02 / 9.665352e-01
PCG: 0 : 8.008404e-02
PCG: 1 : 7.452881e-02 / 9.306325e-01
PCG: 0 : 7.452881e-02
PCG: 1 : 7.205795e-02 / 9.668468e-01
PCG: 0 : 7.205795e-02
PCG: 1 : 6.708546e-02 / 9.309932e-01
PCG: 0 : 6.708546e-02
PCG: 1 : 6.487809e-02 / 9.670961e-01
PCG: 0 : 6.487808e-02
PCG: 1 : 6.042067e-02 / 9.312955e-01
PCG: 0 : 6.042067e-02
PCG: 1 : 5.844949e-02 / 9.673757e-01
PCG: 0 : 5.844949e-02
PCG: 1 : 5.444469e-02 / 9.314827e-01
PCG: 0 : 5.444470e-02
PCG: 1 : 5.268181e-02 / 9.676206e-01
PCG: 0 : 5.268181e-02
PCG: 1 : 4.908225e-02 / 9.316736e-01
PCG: 0 : 4.908225e-02
PCG: 1 : 4.750613e-02 / 9.678882e-01
PCG: 0 : 4.750613e-02
PCG: 1 : 4.426474e-02 / 9.317690e-01
PCG: 0 : 4.426474e-02
PCG: 1 : 4.285351e-02 / 9.681184e-01
PCG: 0 : 4.285350e-02
PCG: 1 : 3.993361e-02 / 9.318634e-01
PCG: 0 : 3.993361e-02
PCG: 1 : 3.866376e-02 / 9.682009e-01
PCG: 0 : 3.866375e-02
PCG: 1 : 3.603462e-02 / 9.320001e-01
PCG: 0 : 3.603462e-02
PCG: 1 : 3.489193e-02 / 9.682891e-01
PCG: 0 : 3.489193e-02
PCG: 1 : 3.252235e-02 / 9.320880e-01
PCG: 0 : 3.252235e-02
PCG: 1 : 3.149338e-02 / 9.683614e-01
PCG: 0 : 3.149338e-02
PCG: 1 : 2.935615e-02 / 9.321370e-01
PCG: 0 : 2.935615e-02
PCG: 1 : 2.843019e-02 / 9.684577e-01
PCG: 0 : 2.843019e-02
PCG: 1 : 2.650135e-02 / 9.321554e-01
PCG: 0 : 2.650135e-02
PCG: 1 : 2.566661e-02 / 9.685019e-01
PCG: 0 : 2.566661e-02
PCG: 1 : 2.392672e-02 / 9.322119e-01
PCG: 0 : 2.392672e-02
PCG: 1 : 2.317330e-02 / 9.685115e-01
PCG: 0 : 2.317330e-02
PCG: 1 : 2.160421e-02 / 9.322890e-01
PCG: 0 : 2.160421e-02
PCG: 1 : 2.092435e-02 / 9.685313e-01
PCG: 0 : 2.092435e-02
PCG: 1 : 1.950800e-02 / 9.323108e-01
PCG: 0 : 1.950799e-02
PCG: 1 : 1.889393e-02 / 9.685222e-01
PCG: 0 : 1.889393e-02
PCG: 1 : 1.761531e-02 / 9.323265e-01
PCG: 0 : 1.761531e-02
PCG: 1 : 1.706094e-02 / 9.685294e-01
PCG: 0 : 1.706094e-02
PCG: 1 : 1.590805e-02 / 9.324249e-01
PCG: 0 : 1.590805e-02
PCG: 1 : 1.540758e-02 / 9.685398e-01
PCG: 0 : 1.540757e-02
PCG: 1 : 1.436568e-02 / 9.323776e-01
PCG: 0 : 1.436568e-02
PCG: 1 : 1.391399e-02 / 9.685579e-01
PCG: 0 : 1.391399e-02
PCG: 1 : 1.297318e-02 / 9.323841e-01
PCG: 0 : 1.297318e-02
PCG: 1 : 1.256572e-02 / 9.685920e-01
PCG: 0 : 1.256572e-02
PCG: 1 : 1.171644e-02 / 9.324133e-01
PCG: 0 : 1.171645e-02
PCG: 1 : 1.134858e-02 / 9.686024e-01
PCG: 0 : 1.134858e-02
PCG: 1 : 1.058134e-02 / 9.323935e-01
PCG: 0 : 1.058134e-02
PCG: 1 : 1.024908e-02 / 9.685999e-01
PCG: 0 : 1.024908e-02
PCG: 1 : 9.556510e-03 / 9.324258e-01
PCG: 0 : 9.556511e-03
PCG: 1 : 9.256287e-03 / 9.685842e-01
PCG: 0 : 9.256287e-03
PCG: 1 : 8.630645e-03 / 9.324090e-01
PCG: 0 : 8.630646e-03
PCG: 1 : 8.360112e-03 / 9.686542e-01
PCG: 0 : 8.360112e-03
PCG: 1 : 7.795046e-03 / 9.324092e-01
PCG: 0 : 7.795045e-03
PCG: 1 : 7.550681e-03 / 9.686514e-01
PCG: 0 : 7.550681e-03
PCG: 1 : 7.040253e-03 / 9.323997e-01
PCG: 0 : 7.040253e-03
PCG: 1 : 6.819700e-03 / 9.686726e-01
PCG: 0 : 6.819700e-03
PCG: 1 : 6.358482e-03 / 9.323697e-01
PCG: 0 : 6.358482e-03
PCG: 1 : 6.159335e-03 / 9.686801e-01
PCG: 0 : 6.159335e-03
PCG: 1 : 5.743063e-03 / 9.324161e-01
PCG: 0 : 5.743062e-03
PCG: 1 : 5.562934e-03 / 9.686356e-01
PCG: 0 : 5.562933e-03
PCG: 1 : 5.187293e-03 / 9.324744e-01
PCG: 0 : 5.187292e-03
PCG: 1 : 5.024389e-03 / 9.685957e-01
PCG: 0 : 5.024388e-03
PCG: 1 : 4.685156e-03 / 9.324828e-01
PCG: 0 : 4.685155e-03
PCG: 1 : 4.537992e-03 / 9.685894e-01
PCG: 0 : 4.537992e-03
PCG: 1 : 4.231791e-03 / 9.325250e-01
PCG: 0 : 4.231791e-03
PCG: 1 : 4.098745e-03 / 9.685602e-01
PCG: 0 : 4.098745e-03
PCG: 1 : 3.822252e-03 / 9.325421e-01
PCG: 0 : 3.822251e-03
PCG: 1 : 3.702147e-03 / 9.685776e-01
PCG: 0 : 3.702146e-03
PCG: 1 : 3.452437e-03 / 9.325501e-01
PCG: 0 : 3.452437e-03
PCG: 1 : 3.343757e-03 / 9.685207e-01
PCG: 0 : 3.343757e-03
PCG: 1 : 3.118388e-03 / 9.326001e-01
PCG: 0 : 3.118388e-03
PCG: 1 : 3.020177e-03 / 9.685057e-01
PCG: 0 : 3.020177e-03
PCG: 1 : 2.816714e-03 / 9.326319e-01
PCG: 0 : 2.816714e-03
PCG: 1 : 2.727942e-03 / 9.684839e-01
PCG: 0 : 2.727942e-03
PCG: 1 : 2.544154e-03 / 9.326276e-01
PCG: 0 : 2.544154e-03
PCG: 1 : 2.464002e-03 / 9.684956e-01
PCG: 0 : 2.464002e-03
PCG: 1 : 2.298050e-03 / 9.326494e-01
PCG: 0 : 2.298049e-03
PCG: 1 : 2.225616e-03 / 9.684803e-01
PCG: 0 : 2.225615e-03
PCG: 1 : 2.075755e-03 / 9.326658e-01
PCG: 0 : 2.075755e-03
PCG: 1 : 2.010299e-03 / 9.684663e-01
PCG: 0 : 2.010299e-03
PCG: 1 : 1.875007e-03 / 9.327008e-01
PCG: 0 : 1.875007e-03
PCG: 1 : 1.815817e-03 / 9.684319e-01
PCG: 0 : 1.815817e-03
PCG: 1 : 1.693609e-03 / 9.326982e-01
PCG: 0 : 1.693609e-03
PCG: 1 : 1.640191e-03 / 9.684591e-01
PCG: 0 : 1.640191e-03
PCG: 1 : 1.529781e-03 / 9.326844e-01
PCG: 0 : 1.529780e-03
PCG: 1 : 1.481572e-03 / 9.684865e-01
PCG: 0 : 1.481572e-03
PCG: 1 : 1.381845e-03 / 9.326888e-01
PCG: 0 : 1.381845e-03
PCG: 1 : 1.338321e-03 / 9.685028e-01
PCG: 0 : 1.338321e-03
PCG: 1 : 1.248143e-03 / 9.326185e-01
PCG: 0 : 1.248143e-03
PCG: 1 : 1.208887e-03 / 9.685489e-01
PCG: 0 : 1.208887e-03
PCG: 1 : 1.127436e-03 / 9.326227e-01
PCG: 0 : 1.127436e-03
PCG: 1 : 1.091997e-03 / 9.685669e-01
PCG: 0 : 1.091997e-03
PCG: 1 : 1.018419e-03 / 9.326205e-01
PCG: 0 : 1.018419e-03
PCG: 1 : 9.864373e-04 / 9.685968e-01
PCG: 0 : 9.864372e-04
PCG: 1 : 9.199323e-04 / 9.325806e-01
PCG: 0 : 9.199322e-04
PCG: 1 : 8.910645e-04 / 9.686198e-01
PCG: 0 : 8.910644e-04
PCG: 1 : 8.309475e-04 / 9.325337e-01
PCG: 0 : 8.309475e-04
PCG: 1 : 8.049170e-04 / 9.686736e-01
PCG: 0 : 8.049170e-04
PCG: 1 : 7.506078e-04 / 9.325282e-01
PCG: 0 : 7.506078e-04
PCG: 1 : 7.270909e-04 / 9.686695e-01
PCG: 0 : 7.270908e-04
PCG: 1 : 6.780502e-04 / 9.325523e-01
PCG: 0 : 6.780501e-04
PCG: 1 : 6.567986e-04 / 9.686579e-01
PCG: 0 : 6.567986e-04
PCG: 1 : 6.125212e-04 / 9.325860e-01
PCG: 0 : 6.125213e-04
PCG: 1 : 5.932779e-04 / 9.685834e-01
PCG: 0 : 5.932779e-04
PCG: 1 : 5.533021e-04 / 9.326187e-01
PCG: 0 : 5.533021e-04
PCG: 1 : 5.359195e-04 / 9.685839e-01
PCG: 0 : 5.359194e-04
PCG: 1 : 4.998423e-04 / 9.326819e-01
PCG: 0 : 4.998423e-04
PCG: 1 : 4.841152e-04 / 9.685358e-01
PCG: 0 : 4.841151e-04
PCG: 1 : 4.515274e-04 / 9.326860e-01
PCG: 0 : 4.515273e-04
PCG: 1 : 4.373157e-04 / 9.685255e-01
PCG: 0 : 4.373156e-04
PCG: 1 : 4.078931e-04 / 9.327202e-01
PCG: 0 : 4.078931e-04
PCG: 1 : 3.950302e-04 / 9.684651e-01
PCG: 0 : 3.950302e-04
PCG: 1 : 3.684613e-04 / 9.327421e-01
PCG: 0 : 3.684614e-04
PCG: 1 : 3.568726e-04 / 9.685482e-01
PCG: 0 : 3.568726e-04
PCG: 1 : 3.328469e-04 / 9.326771e-01
PCG: 0 : 3.328468e-04
PCG: 1 : 3.223894e-04 / 9.685820e-01
PCG: 0 : 3.223894e-04
PCG: 1 : 3.006825e-04 / 9.326688e-01
PCG: 0 : 3.006825e-04
PCG: 1 : 2.912267e-04 / 9.685522e-01
PCG: 0 : 2.912267e-04
PCG: 1 : 2.716177e-04 / 9.326675e-01
PCG: 0 : 2.716177e-04
PCG: 1 : 2.630852e-04 / 9.685864e-01
PCG: 0 : 2.630852e-04
PCG: 1 : 2.453744e-04 / 9.326804e-01
PCG: 0 : 2.453744e-04
PCG: 1 : 2.376813e-04 / 9.686477e-01
PCG: 0 : 2.376813e-04
PCG: 1 : 2.216602e-04 / 9.325940e-01
PCG: 0 : 2.216602e-04
PCG: 1 : 2.147104e-04 / 9.686468e-01
PCG: 0 : 2.147104e-04
PCG: 1 : 2.002389e-04 / 9.326003e-01
PCG: 0 : 2.002389e-04
PCG: 1 : 1.939744e-04 / 9.687147e-01
PCG: 0 : 1.939744e-04
PCG: 1 : 1.808821e-04 / 9.325052e-01
PCG: 0 : 1.808821e-04
PCG: 1 : 1.752391e-04 / 9.688030e-01
PCG: 0 : 1.752391e-04
PCG: 1 : 1.634018e-04 / 9.324508e-01
PCG: 0 : 1.634018e-04
PCG: 1 : 1.583158e-04 / 9.688742e-01
PCG: 0 : 1.583158e-04
PCG: 1 : 1.476150e-04 / 9.324086e-01
PCG: 0 : 1.476150e-04
PCG: 1 : 1.430146e-04 / 9.688348e-01
PCG: 0 : 1.430146e-04
PCG: 1 : 1.333550e-04 / 9.324572e-01
PCG: 0 : 1.333550e-04
PCG: 1 : 1.292011e-04 / 9.688510e-01
PCG: 0 : 1.292011e-04
PCG: 1 : 1.204711e-04 / 9.324308e-01
PCG: 0 : 1.204711e-04
PCG: 1 : 1.167263e-04 / 9.689153e-01
PCG: 0 : 1.167263e-04
PCG: 1 : 1.088317e-04 / 9.323673e-01
PCG: 0 : 1.088317e-04
PCG: 1 : 1.054507e-04 / 9.689337e-01
PCG: 0 : 1.054507e-04
PCG: 1 : 9.831756e-05 / 9.323554e-01
PCG: 0 : 9.831756e-05
PCG: 1 : 9.526443e-05 / 9.689462e-01
PCG: 0 : 9.526442e-05
PCG: 1 : 8.882409e-05 / 9.323952e-01
PCG: 0 : 8.882408e-05
PCG: 1 : 8.606302e-05 / 9.689154e-01
PCG: 0 : 8.606300e-05
PCG: 1 : 8.024518e-05 / 9.324004e-01
PCG: 0 : 8.024517e-05
PCG: 1 : 7.775037e-05 / 9.689103e-01
PCG: 0 : 7.775036e-05
PCG: 1 : 7.249619e-05 / 9.324225e-01
PCG: 0 : 7.249617e-05
PCG: 1 : 7.023823e-05 / 9.688544e-01
PCG: 0 : 7.023823e-05
PCG: 1 : 6.549594e-05 / 9.324828e-01
PCG: 0 : 6.549594e-05
PCG: 1 : 6.345759e-05 / 9.688783e-01
PCG: 0 : 6.345759e-05
PCG: 1 : 5.916915e-05 / 9.324203e-01
PCG: 0 : 5.916915e-05
PCG: 1 : 5.732885e-05 / 9.688976e-01
PCG: 0 : 5.732885e-05
PCG: 1 : 5.345686e-05 / 9.324601e-01
PCG: 0 : 5.345685e-05
PCG: 1 : 5.179096e-05 / 9.688366e-01
PCG: 0 : 5.179094e-05
PCG: 1 : 4.829332e-05 / 9.324666e-01
PCG: 0 : 4.829332e-05
PCG: 1 : 4.679252e-05 / 9.689232e-01
PCG: 0 : 4.679252e-05
PCG: 1 : 4.362852e-05 / 9.323825e-01
PCG: 0 : 4.362852e-05
PCG: 1 : 4.227489e-05 / 9.689736e-01
PCG: 0 : 4.227489e-05
PCG: 1 : 3.941570e-05 / 9.323669e-01
PCG: 0 : 3.941570e-05
PCG: 1 : 3.819310e-05 / 9.689820e-01
PCG: 0 : 3.819310e-05
PCG: 1 : 3.560990e-05 / 9.323648e-01
PCG: 0 : 3.560990e-05
PCG: 1 : 3.450432e-05 / 9.689530e-01
PCG: 0 : 3.450432e-05
PCG: 1 : 3.217077e-05 / 9.323694e-01
PCG: 0 : 3.217076e-05
PCG: 1 : 3.117351e-05 / 9.690012e-01
PCG: 0 : 3.117351e-05
PCG: 1 : 2.906409e-05 / 9.323330e-01
PCG: 0 : 2.906408e-05
PCG: 1 : 2.816618e-05 / 9.691061e-01
PCG: 0 : 2.816617e-05
PCG: 1 : 2.625769e-05 / 9.322418e-01
PCG: 0 : 2.625768e-05
PCG: 1 : 2.544646e-05 / 9.691051e-01
PCG: 0 : 2.544645e-05
PCG: 1 : 2.372161e-05 / 9.322169e-01
PCG: 0 : 2.372161e-05
PCG: 1 : 2.299059e-05 / 9.691833e-01
PCG: 0 : 2.299059e-05
PCG: 1 : 2.143119e-05 / 9.321724e-01
PCG: 0 : 2.143119e-05
PCG: 1 : 2.077142e-05 / 9.692146e-01
PCG: 0 : 2.077142e-05
PCG: 1 : 1.936154e-05 / 9.321240e-01
PCG: 0 : 1.936154e-05
PCG: 1 : 1.876707e-05 / 9.692964e-01
PCG: 0 : 1.876707e-05
PCG: 1 : 1.749199e-05 / 9.320577e-01
PCG: 0 : 1.749199e-05
PCG: 1 : 1.695531e-05 / 9.693185e-01
PCG: 0 : 1.695531e-05
PCG: 1 : 1.580412e-05 / 9.321048e-01
PCG: 0 : 1.580412e-05
PCG: 1 : 1.531824e-05 / 9.692559e-01
PCG: 0 : 1.531824e-05
PCG: 1 : 1.427856e-05 / 9.321281e-01
PCG: 0 : 1.427856e-05
PCG: 1 : 1.383956e-05 / 9.692545e-01
PCG: 0 : 1.383956e-05
PCG: 1 : 1.290024e-05 / 9.321278e-01
PCG: 0 : 1.290024e-05
PCG: 1 : 1.250354e-05 / 9.692490e-01
PCG: 0 : 1.250354e-05
PCG: 1 : 1.165531e-05 / 9.321610e-01
PCG: 0 : 1.165531e-05
PCG: 1 : 1.129631e-05 / 9.691986e-01
PCG: 0 : 1.129631e-05
PCG: 1 : 1.053049e-05 / 9.322058e-01
PCG: 0 : 1.053049e-05
PCG: 1 : 1.020573e-05 / 9.691601e-01
PCG: 0 : 1.020573e-05
PCG: 1 : 9.514510e-06 / 9.322715e-01
PCG: 0 : 9.514508e-06
PCG: 1 : 9.220505e-06 / 9.690996e-01
PCG: 0 : 9.220505e-06
PCG: 1 : 8.596410e-06 / 9.323144e-01
PCG: 0 : 8.596409e-06
PCG: 1 : 8.330488e-06 / 9.690660e-01
PCG: 0 : 8.330487e-06
PCG: 1 : 7.766967e-06 / 9.323545e-01
PCG: 0 : 7.766967e-06
PCG: 1 : 7.526318e-06 / 9.690164e-01
PCG: 0 : 7.526319e-06
PCG: 1 : 7.017494e-06 / 9.323940e-01
PCG: 0 : 7.017494e-06
PCG: 1 : 6.799939e-06 / 9.689981e-01
PCG: 0 : 6.799938e-06
PCG: 1 : 6.340367e-06 / 9.324155e-01
PCG: 0 : 6.340366e-06
PCG: 1 : 6.143575e-06 / 9.689623e-01
PCG: 0 : 6.143575e-06
PCG: 1 : 5.728595e-06 / 9.324530e-01
PCG: 0 : 5.728595e-06
PCG: 1 : 5.550633e-06 / 9.689344e-01
PCG: 0 : 5.550632e-06
PCG: 1 : 5.175796e-06 / 9.324696e-01
PCG: 0 : 5.175795e-06
PCG: 1 : 5.014983e-06 / 9.689299e-01
PCG: 0 : 5.014982e-06
PCG: 1 : 4.676343e-06 / 9.324746e-01
PCG: 0 : 4.676343e-06
PCG: 1 : 4.531067e-06 / 9.689337e-01
PCG: 0 : 4.531067e-06
PCG: 1 : 4.224897e-06 / 9.324287e-01
PCG: 0 : 4.224897e-06
PCG: 1 : 4.093813e-06 / 9.689734e-01
PCG: 0 : 4.093812e-06
PCG: 1 : 3.817343e-06 / 9.324666e-01
PCG: 0 : 3.817343e-06
PCG: 1 : 3.698822e-06 / 9.689519e-01
PCG: 0 : 3.698822e-06
PCG: 1 : 3.449043e-06 / 9.324709e-01
PCG: 0 : 3.449044e-06
PCG: 1 : 3.341906e-06 / 9.689370e-01
PCG: 0 : 3.341906e-06
PCG: 1 : 3.116235e-06 / 9.324725e-01
PCG: 0 : 3.116235e-06
PCG: 1 : 3.019381e-06 / 9.689197e-01
PCG: 0 : 3.019382e-06
PCG: 1 : 2.815576e-06 / 9.325009e-01
PCG: 0 : 2.815576e-06
PCG: 1 : 2.728062e-06 / 9.689178e-01
PCG: 0 : 2.728062e-06
PCG: 1 : 2.543885e-06 / 9.324878e-01
PCG: 0 : 2.543884e-06
PCG: 1 : 2.464850e-06 / 9.689314e-01
PCG: 0 : 2.464849e-06
PCG: 1 : 2.298552e-06 / 9.325325e-01
PCG: 0 : 2.298552e-06
PCG: 1 : 2.226986e-06 / 9.688650e-01
PCG: 0 : 2.226986e-06
PCG: 1 : 2.076719e-06 / 9.325243e-01
PCG: 0 : 2.076719e-06
PCG: 1 : 2.012074e-06 / 9.688712e-01
PCG: 0 : 2.012074e-06
PCG: 1 : 1.876368e-06 / 9.325543e-01
PCG: 0 : 1.876368e-06
PCG: 1 : 1.818007e-06 / 9.688969e-01
PCG: 0 : 1.818007e-06
PCG: 1 : 1.695399e-06 / 9.325593e-01
PCG: 0 : 1.695399e-06
PCG: 1 : 1.642553e-06 / 9.688296e-01
PCG: 0 : 1.642553e-06
PCG: 1 : 1.531840e-06 / 9.325975e-01
PCG: 0 : 1.531840e-06
PCG: 1 : 1.484077e-06 / 9.688196e-01
PCG: 0 : 1.484077e-06
PCG: 1 : 1.384060e-06 / 9.326071e-01
PCG: 0 : 1.384060e-06
PCG: 1 : 1.340901e-06 / 9.688168e-01
PCG: 0 : 1.340901e-06
PCG: 1 : 1.250530e-06 / 9.326046e-01
PCG: 0 : 1.250530e-06
PCG: 1 : 1.211547e-06 / 9.688269e-01
PCG: 0 : 1.211548e-06
PCG: 1 : 1.129895e-06 / 9.326048e-01
PCG: 0 : 1.129895e-06
PCG: 1 : 1.094669e-06 / 9.688239e-01
PCG: 0 : 1.094669e-06
PCG: 1 : 1.020891e-06 / 9.326023e-01
PCG: 0 : 1.020891e-06
PCG: 1 : 9.890861e-07 / 9.688459e-01
PCG: 0 : 9.890861e-07
PCG: 1 : 9.223964e-07 / 9.325745e-01
PCG: 0 : 9.223963e-07
PCG: 1 : 8.936678e-07 / 9.688545e-01
PCG: 0 : 8.936677e-07
PCG: 1 : 8.334653e-07 / 9.326345e-01
PCG: 0 : 8.334653e-07
PCG: 1 : 8.074175e-07 / 9.687476e-01
PCG: 0 : 8.074173e-07
PCG: 1 : 7.530692e-07 / 9.326889e-01
PCG: 0 : 7.530692e-07
PCG: 1 : 7.295403e-07 / 9.687560e-01
PCG: 0 : 7.295403e-07
PCG: 1 : 6.804140e-07 / 9.326613e-01
PCG: 0 : 6.804140e-07
PCG: 1 : 6.591774e-07 / 9.687886e-01
PCG: 0 : 6.591773e-07
PCG: 1 : 6.147860e-07 / 9.326564e-01
PCG: 0 : 6.147858e-07
PCG: 1 : 5.955782e-07 / 9.687572e-01
PCG: 0 : 5.955782e-07
PCG: 1 : 5.554880e-07 / 9.326869e-01
PCG: 0 : 5.554879e-07
PCG: 1 : 5.381318e-07 / 9.687552e-01
PCG: 0 : 5.381318e-07
PCG: 1 : 5.019075e-07 / 9.326850e-01
PCG: 0 : 5.019075e-07
PCG: 1 : 4.862376e-07 / 9.687794e-01
PCG: 0 : 4.862376e-07
PCG: 1 : 4.534957e-07 / 9.326628e-01
PCG: 0 : 4.534957e-07
PCG: 1 : 4.393433e-07 / 9.687927e-01
PCG: 0 : 4.393433e-07
PCG: 1 : 4.097407e-07 / 9.326207e-01
PCG: 0 : 4.097407e-07
PCG: 1 : 3.969633e-07 / 9.688159e-01
PCG: 0 : 3.969633e-07
PCG: 1 : 3.702161e-07 / 9.326206e-01
PCG: 0 : 3.702161e-07
PCG: 1 : 3.586867e-07 / 9.688576e-01
PCG: 0 : 3.586866e-07
PCG: 1 : 3.345225e-07 / 9.326319e-01
PCG: 0 : 3.345226e-07
PCG: 1 : 3.240852e-07 / 9.687993e-01
PCG: 0 : 3.240853e-07
PCG: 1 : 3.022635e-07 / 9.326665e-01
PCG: 0 : 3.022635e-07
PCG: 1 : 2.928108e-07 / 9.687272e-01
PCG: 0 : 2.928109e-07
PCG: 1 : 2.731221e-07 / 9.327595e-01
PCG: 0 : 2.731221e-07
PCG: 1 : 2.645697e-07 / 9.686865e-01
PCG: 0 : 2.645697e-07
PCG: 1 : 2.467735e-07 / 9.327351e-01
PCG: 0 : 2.467734e-07
PCG: 1 : 2.390607e-07 / 9.687456e-01
PCG: 0 : 2.390607e-07
PCG: 1 : 2.229670e-07 / 9.326797e-01
PCG: 0 : 2.229670e-07
PCG: 1 : 2.160066e-07 / 9.687827e-01
PCG: 0 : 2.160066e-07
PCG: 1 : 2.014640e-07 / 9.326751e-01
PCG: 0 : 2.014640e-07
PCG: 1 : 1.951682e-07 / 9.687497e-01
PCG: 0 : 1.951682e-07
PCG: 1 : 1.820403e-07 / 9.327353e-01
PCG: 0 : 1.820403e-07
PCG: 1 : 1.763382e-07 / 9.686772e-01
PCG: 0 : 1.763382e-07
PCG: 1 : 1.644943e-07 / 9.328337e-01
PCG: 0 : 1.644943e-07
PCG: 1 : 1.593318e-07 / 9.686160e-01
PCG: 0 : 1.593318e-07
PCG: 1 : 1.486363e-07 / 9.328730e-01
PCG: 0 : 1.486363e-07
PCG: 1 : 1.439592e-07 / 9.685335e-01
PCG: 0 : 1.439592e-07
PCG: 1 : 1.342970e-07 / 9.328824e-01
PCG: 0 : 1.342971e-07
PCG: 1 : 1.300737e-07 / 9.685518e-01

PCG ( VCycle ( S: Scale / C: Scale )  )

Complete solver TOE: 33.9337
0.0267466 GFlop/s [0.0267466 GFlops/s]

Total time: 33.9337s
Accumulated op time: 32.2818

Reductions: 1.94759%
Blas-1: 5.58256%
Blas-2: 87.6018%
Precon Kernels: 0%
MPI Execution: 0%
MPI Wait: 0%
Not covered: 4.868%

Domain size: 26.799 MByte
LA size: 89.2379 MByte
MPI size: 2.68149 MByte

H0-Error: 1.825456e-06
H1-Error: 4.034414e-03

Writing DATA to output.data...
Run-Time: 0:36.347 [0:36.347]
0xb33069f8 Error: MemoryPool<CPU> still contains memory chunks on deconstructor call
