NUM-PROCS: 1
Preparing domain...
LVL-MIN: 5 [5]
LVL-MAX: 9 [9]
Creating gates...
Assembling system matrices...
Assembling system filters...
Assembling transfer matrices...
Converting assembled linear system from SparseMatrixCSR, Mem:main to SparseMatrixCSR, Mem:mainand to SparseMatrixCSR, Mem:main...
PCG:  0 : 1.894412e-02
PCG:  1 : 7.935902e-02 / 4.189110e+00
PCG:  2 : 8.003376e-02 / 4.224727e+00
PCG:  3 : 1.997077e-01 / 1.054193e+01
PCG:  4 : 2.650079e-01 / 1.398893e+01
PCG:  5 : 1.697526e-01 / 8.960698e+00
PCG:  6 : 1.549417e-01 / 8.178878e+00
PCG:  7 : 1.151660e-01 / 6.079247e+00
PCG:  8 : 9.996875e-02 / 5.277032e+00
PCG:  9 : 8.459570e-02 / 4.465538e+00
PCG: 10 : 3.799222e-02 / 2.005489e+00
PCG:  0 : 3.785310e-02
PCG:  1 : 3.326109e-02 / 8.786886e-01
PCG:  2 : 2.159291e-02 / 5.704396e-01
PCG:  3 : 1.357466e-02 / 3.586141e-01
PCG:  4 : 7.805238e-03 / 2.061981e-01
PCG:  5 : 5.402668e-03 / 1.427272e-01
PCG:  6 : 5.047998e-03 / 1.333576e-01
PCG:  7 : 2.240281e-03 / 5.918356e-02
PCG:  8 : 1.353801e-03 / 3.576459e-02
PCG:  9 : 1.327729e-03 / 3.507582e-02
PCG: 10 : 2.009335e-03 / 5.308243e-02
PCG:  0 : 2.009335e-03
PCG:  1 : 8.871207e-04 / 4.414997e-01
PCG:  2 : 5.765072e-04 / 2.869144e-01
PCG:  3 : 5.245492e-04 / 2.610561e-01
PCG:  4 : 9.213941e-04 / 4.585567e-01
PCG:  5 : 1.242506e-03 / 6.183667e-01
PCG:  6 : 7.300969e-04 / 3.633525e-01
PCG:  7 : 6.611851e-04 / 3.290567e-01
PCG:  8 : 5.672509e-04 / 2.823078e-01
PCG:  9 : 4.471794e-04 / 2.225509e-01
PCG: 10 : 5.222683e-04 / 2.599210e-01
PCG:  0 : 5.222682e-04
PCG:  1 : 2.898536e-04 / 5.549900e-01
PCG:  2 : 1.690669e-04 / 3.237166e-01
PCG:  3 : 1.555104e-04 / 2.977596e-01
PCG:  4 : 1.251114e-04 / 2.395540e-01
PCG:  5 : 1.442893e-04 / 2.762742e-01
PCG:  6 : 8.739431e-05 / 1.673361e-01
PCG:  7 : 3.634162e-05 / 6.958421e-02
PCG:  8 : 4.634999e-05 / 8.874748e-02
PCG:  9 : 4.822294e-05 / 9.233366e-02
PCG: 10 : 5.153342e-05 / 9.867232e-02
PCG:  0 : 5.153340e-05
PCG:  1 : 3.169659e-05 / 6.150689e-01
PCG:  2 : 2.338854e-05 / 4.538521e-01
PCG:  3 : 2.383272e-05 / 4.624713e-01
PCG:  4 : 5.094497e-05 / 9.885815e-01
PCG:  5 : 4.586560e-05 / 8.900169e-01
PCG:  6 : 2.905994e-05 / 5.639049e-01
PCG:  7 : 2.667896e-05 / 5.177023e-01
PCG:  8 : 1.909903e-05 / 3.706146e-01
PCG:  9 : 1.807814e-05 / 3.508042e-01
PCG: 10 : 1.925740e-05 / 3.736878e-01
PCG:  0 : 1.925741e-05
PCG:  1 : 1.181565e-05 / 6.135635e-01
PCG:  2 : 8.288044e-06 / 4.303820e-01
PCG:  3 : 8.325576e-06 / 4.323310e-01
PCG:  4 : 7.003721e-06 / 3.636896e-01
PCG:  5 : 7.236720e-06 / 3.757888e-01
PCG:  6 : 4.017551e-06 / 2.086236e-01
PCG:  7 : 1.694428e-06 / 8.798837e-02
PCG:  8 : 1.937357e-06 / 1.006032e-01
PCG:  9 : 1.990716e-06 / 1.033740e-01
PCG: 10 : 2.173132e-06 / 1.128465e-01
PCG:  0 : 2.173131e-06
PCG:  1 : 1.441261e-06 / 6.632187e-01
PCG:  2 : 1.307244e-06 / 6.015485e-01
PCG:  3 : 1.358733e-06 / 6.252418e-01
PCG:  4 : 2.491126e-06 / 1.146330e+00
PCG:  5 : 2.038986e-06 / 9.382711e-01
PCG:  6 : 1.447389e-06 / 6.660386e-01
PCG:  7 : 1.538735e-06 / 7.080729e-01
PCG:  8 : 9.964200e-07 / 4.585181e-01
PCG:  9 : 8.258145e-07 / 3.800113e-01
PCG: 10 : 8.635455e-07 / 3.973738e-01
PCG:  0 : 8.635465e-07
PCG:  1 : 5.677854e-07 / 6.575041e-01
PCG:  2 : 4.754660e-07 / 5.505968e-01
PCG:  3 : 4.771504e-07 / 5.525475e-01
PCG:  4 : 3.296976e-07 / 3.817948e-01
PCG:  5 : 3.176757e-07 / 3.678733e-01
PCG:  6 : 1.951051e-07 / 2.259347e-01
PCG:  7 : 9.927425e-08 / 1.149611e-01
PCG:  8 : 1.106774e-07 / 1.281661e-01
PCG:  9 : 9.608775e-08 / 1.112711e-01
PCG: 10 : 1.001508e-07 / 1.159762e-01
PCG:  0 : 1.001509e-07
PCG:  1 : 7.213291e-08 / 7.202425e-01
PCG:  2 : 7.731782e-08 / 7.720135e-01
PCG:  3 : 7.693880e-08 / 7.682289e-01
PCG:  4 : 1.174855e-07 / 1.173085e+00
PCG:  5 : 9.799256e-08 / 9.784494e-01
PCG:  6 : 8.271324e-08 / 8.258864e-01
PCG:  7 : 8.970758e-08 / 8.957245e-01
PCG:  8 : 4.823586e-08 / 4.816320e-01
PCG:  9 : 3.812552e-08 / 3.806808e-01
PCG: 10 : 4.575683e-08 / 4.568790e-01
PCG:  0 : 4.575692e-08
PCG:  1 : 2.872605e-08 / 6.277969e-01
PCG:  2 : 2.628734e-08 / 5.744998e-01
PCG:  3 : 2.711336e-08 / 5.925522e-01
PCG:  4 : 1.603478e-08 / 3.504340e-01
PCG:  5 : 1.481457e-08 / 3.237668e-01
PCG:  6 : 1.125529e-08 / 2.459800e-01
PCG:  7 : 5.680262e-09 / 1.241400e-01
PCG:  8 : 5.254208e-09 / 1.148287e-01
PCG:  9 : 4.463151e-09 / 9.754047e-02
PCG: 10 : 5.713175e-09 / 1.248593e-01
PCG:  0 : 5.713177e-09
PCG:  1 : 3.892081e-09 / 6.812463e-01
PCG:  2 : 4.108387e-09 / 7.191072e-01
PCG:  3 : 4.099947e-09 / 7.176299e-01
PCG:  4 : 6.464617e-09 / 1.131527e+00
PCG:  5 : 5.663927e-09 / 9.913795e-01
PCG:  6 : 4.571835e-09 / 8.002263e-01
PCG:  7 : 4.671980e-09 / 8.177550e-01
PCG:  8 : 2.473871e-09 / 4.330114e-01
PCG:  9 : 2.084509e-09 / 3.648599e-01
PCG: 10 : 2.747796e-09 / 4.809577e-01
PCG:  0 : 2.747791e-09
PCG:  1 : 1.565218e-09 / 5.696276e-01
PCG:  2 : 1.378308e-09 / 5.016059e-01
PCG:  3 : 1.498629e-09 / 5.453940e-01
PCG:  4 : 9.300942e-10 / 3.384880e-01
PCG:  5 : 8.767597e-10 / 3.190780e-01
PCG:  6 : 6.499596e-10 / 2.365389e-01
PCG:  7 : 3.147597e-10 / 1.145501e-01
PCG:  8 : 2.774208e-10 / 1.009614e-01
PCG:  9 : 2.403166e-10 / 8.745810e-02
PCG: 10 : 3.364882e-10 / 1.224577e-01
PCG:  0 : 3.364882e-10
PCG:  1 : 2.199113e-10 / 6.535482e-01
PCG:  2 : 2.272931e-10 / 6.754861e-01
PCG:  3 : 2.290125e-10 / 6.805958e-01
PCG:  4 : 3.725476e-10 / 1.107164e+00
PCG:  5 : 3.332565e-10 / 9.903955e-01
PCG:  6 : 2.567674e-10 / 7.630799e-01
PCG:  7 : 2.551153e-10 / 7.581700e-01
PCG:  8 : 1.356319e-10 / 4.030806e-01
PCG:  9 : 1.168979e-10 / 3.474057e-01
PCG: 10 : 1.601422e-10 / 4.759221e-01

PCG ( VCycle ( S: Scale / C: Scale )  )

Complete solver TOE: 1.93799
2.55755 GFlop/s [2.55755 GFlops/s]

Total time: 1.93799s
Accumulated op time: 1.86506

Reductions: 7.30487%
Blas-1: 5.74594%
Blas-2: 83.1857%
Precon Kernels: 0%
MPI Execution: 0%
MPI Wait: 0%
Not covered: 3.76353%

Domain size: 48.1654 MByte
LA size: 120.741 MByte
MPI size: 2.67931 MByte

H0-Error: 1.716403e-06
H1-Error: 4.034414e-03

Writing DATA to output.data...
Run-Time: 0:02.503 [0:02.503]
0x31d198e880 Error: MemoryPool<CPU> still contains memory chunks on deconstructor call
