NUM-PROCS: 1
Preparing domain...
LVL-MIN: 5 [5]
LVL-MAX: 10 [10]
Creating gates...
Assembling system matrices...
Assembling system filters...
Assembling transfer matrices...
Converting assembled linear system from SparseMatrixCSR, Mem:main to SparseMatrixCSR, Mem:mainand to SparseMatrixCSR, Mem:main...
PCG:  0 : 9.473041e-03
PCG:  1 : 4.063083e-02 / 4.289102e+00
PCG:  2 : 4.513056e-02 / 4.764105e+00
PCG:  3 : 1.234024e-01 / 1.302669e+01
PCG:  4 : 2.104577e-01 / 2.221649e+01
PCG:  5 : 1.789906e-01 / 1.889474e+01
PCG:  6 : 1.623307e-01 / 1.713607e+01
PCG:  7 : 9.671058e-02 / 1.020903e+01
PCG:  8 : 7.071462e-02 / 7.464828e+00
PCG:  9 : 7.186624e-02 / 7.586397e+00
PCG: 10 : 4.877474e-02 / 5.148794e+00
PCG: 11 : 2.546264e-02 / 2.687906e+00
PCG: 12 : 1.066932e-02 / 1.126282e+00
PCG:  0 : 1.069949e-02
PCG:  1 : 7.156952e-03 / 6.689058e-01
PCG:  2 : 3.906407e-03 / 3.651022e-01
PCG:  3 : 2.597054e-03 / 2.427269e-01
PCG:  4 : 1.590542e-03 / 1.486558e-01
PCG:  5 : 8.410533e-04 / 7.860685e-02
PCG:  6 : 8.327414e-04 / 7.783000e-02
PCG:  7 : 6.247106e-04 / 5.838695e-02
PCG:  8 : 4.449977e-04 / 4.159055e-02
PCG:  9 : 2.047308e-04 / 1.913463e-02
PCG: 10 : 1.425270e-04 / 1.332091e-02
PCG: 11 : 3.192043e-04 / 2.983359e-02
PCG: 12 : 4.097137e-04 / 3.829282e-02
PCG:  0 : 4.097141e-04
PCG:  1 : 1.954546e-04 / 4.770511e-01
PCG:  2 : 1.215075e-04 / 2.965666e-01
PCG:  3 : 1.781290e-04 / 4.347643e-01
PCG:  4 : 1.624235e-04 / 3.964314e-01
PCG:  5 : 2.002590e-04 / 4.887775e-01
PCG:  6 : 2.807734e-04 / 6.852910e-01
PCG:  7 : 1.706508e-04 / 4.165118e-01
PCG:  8 : 1.659207e-04 / 4.049671e-01
PCG:  9 : 1.119754e-04 / 2.733013e-01
PCG: 10 : 8.868788e-05 / 2.164629e-01
PCG: 11 : 5.236107e-05 / 1.277991e-01
PCG: 12 : 3.715046e-05 / 9.067412e-02
PCG:  0 : 3.715045e-05
PCG:  1 : 2.708809e-05 / 7.291458e-01
PCG:  2 : 2.236961e-05 / 6.021358e-01
PCG:  3 : 2.298810e-05 / 6.187839e-01
PCG:  4 : 1.660980e-05 / 4.470955e-01
PCG:  5 : 8.143538e-06 / 2.192043e-01
PCG:  6 : 1.024216e-05 / 2.756942e-01
PCG:  7 : 6.979515e-06 / 1.878716e-01
PCG:  8 : 3.961550e-06 / 1.066353e-01
PCG:  9 : 1.466406e-06 / 3.947210e-02
PCG: 10 : 1.142056e-06 / 3.074139e-02
PCG: 11 : 2.198052e-06 / 5.916623e-02
PCG: 12 : 2.546432e-06 / 6.854377e-02
PCG:  0 : 2.546436e-06
PCG:  1 : 1.578050e-06 / 6.197092e-01
PCG:  2 : 1.093874e-06 / 4.295708e-01
PCG:  3 : 1.118143e-06 / 4.391013e-01
PCG:  4 : 1.570340e-06 / 6.166816e-01
PCG:  5 : 2.778133e-06 / 1.090989e+00
PCG:  6 : 1.992946e-06 / 7.826414e-01
PCG:  7 : 9.728568e-07 / 3.820465e-01
PCG:  8 : 1.492565e-06 / 5.861388e-01
PCG:  9 : 9.096141e-07 / 3.572107e-01
PCG: 10 : 4.417770e-07 / 1.734884e-01
PCG: 11 : 3.321043e-07 / 1.304193e-01
PCG: 12 : 3.458894e-07 / 1.358328e-01
PCG:  0 : 3.458899e-07
PCG:  1 : 2.368881e-07 / 6.848655e-01
PCG:  2 : 2.276881e-07 / 6.582674e-01
PCG:  3 : 2.566707e-07 / 7.420590e-01
PCG:  4 : 1.583042e-07 / 4.576721e-01
PCG:  5 : 6.958464e-08 / 2.011757e-01
PCG:  6 : 9.660474e-08 / 2.792933e-01
PCG:  7 : 6.035488e-08 / 1.744916e-01
PCG:  8 : 2.970932e-08 / 8.589241e-02
PCG:  9 : 1.826864e-08 / 5.281635e-02
PCG: 10 : 1.524736e-08 / 4.408153e-02
PCG: 11 : 2.044399e-08 / 5.910548e-02
PCG: 12 : 2.437324e-08 / 7.046530e-02

PCG ( VCycle ( S: Scale / C: Scale )  )

Complete solver TOE: 29.3823
0.0796816 GFlop/s [0.0796816 GFlops/s]

Total time: 29.3823s
Accumulated op time: 28.7251

Reductions: 1.55293%
Blas-1: 4.90255%
Blas-2: 91.3077%
Precon Kernels: 0%
MPI Execution: 0%
MPI Wait: 0%
Not covered: 2.23683%

Domain size: 106.918 MByte
LA size: 356.315 MByte
MPI size: 10.6949 MByte

H0-Error: 4.510520e-07
H1-Error: 2.017209e-03

Writing DATA to output.data...
Run-Time: 0:39.187 [0:39.187]
0xb337b9f8 Error: MemoryPool<CPU> still contains memory chunks on deconstructor call
