NUM-PROCS: 1
Preparing domain...
LVL-MIN: 4 [4]
LVL-MAX: 9 [9]
Creating gates...
Assembling system matrices...
Assembling system filters...
Assembling transfer matrices...
Converting assembled linear system from SparseMatrixCSR, Mem:main to SparseMatrixCSR, Mem:mainand to SparseMatrixCSR, Mem:main...
PCG:  0 : 1.894412e-02
PCG:  1 : 3.774227e-02 / 1.992294e+00
PCG:  2 : 4.952538e-02 / 2.614287e+00
PCG:  3 : 1.147043e-01 / 6.054875e+00
PCG:  4 : 1.196453e-01 / 6.315695e+00
PCG:  5 : 5.466951e-02 / 2.885829e+00
PCG:  6 : 2.264845e-02 / 1.195540e+00
PCG:  7 : 4.091199e-03 / 2.159614e-01
PCG:  8 : 1.388400e-03 / 7.328922e-02
PCG:  9 : 1.175699e-03 / 6.206141e-02
PCG: 10 : 3.276351e-04 / 1.729481e-02
PCG: 11 : 3.853679e-05 / 2.034234e-03
PCG:  0 : 5.402659e-04
PCG:  1 : 5.890820e-05 / 1.090356e-01
PCG:  2 : 1.289239e-04 / 2.386304e-01
PCG:  3 : 6.094561e-05 / 1.128067e-01
PCG:  4 : 8.208415e-05 / 1.519329e-01
PCG:  5 : 4.498992e-05 / 8.327366e-02
PCG:  6 : 3.624957e-05 / 6.709580e-02
PCG:  7 : 2.081809e-05 / 3.853304e-02
PCG:  8 : 9.596663e-06 / 1.776285e-02
PCG:  9 : 2.400968e-06 / 4.444049e-03
PCG: 10 : 1.283476e-06 / 2.375637e-03
PCG: 11 : 4.962278e-07 / 9.184881e-04
PCG:  0 : 4.963690e-07
PCG:  1 : 4.020660e-07 / 8.100143e-01
PCG:  2 : 2.371184e-07 / 4.777060e-01
PCG:  3 : 1.402514e-07 / 2.825548e-01
PCG:  4 : 1.477261e-07 / 2.976135e-01
PCG:  5 : 6.558541e-08 / 1.321304e-01
PCG:  6 : 2.799311e-08 / 5.639578e-02
PCG:  7 : 1.439949e-08 / 2.900964e-02
PCG:  8 : 9.608554e-09 / 1.935768e-02
PCG:  9 : 1.252815e-08 / 2.523960e-02
PCG: 10 : 1.105116e-08 / 2.226400e-02
PCG: 11 : 5.422549e-09 / 1.092443e-02

PCG ( VCycle ( S: Scale / C: Scale )  )

Complete solver TOE: 0.493365
2.54778 GFlop/s [2.54778 GFlops/s]

Total time: 0.493365s
Accumulated op time: 0.474386

Reductions: 7.2421%
Blas-1: 5.6143%
Blas-2: 83.2967%
Precon Kernels: 0%
MPI Execution: 0%
MPI Wait: 0%
Not covered: 3.84685%

Domain size: 48.2041 MByte
LA size: 120.996 MByte
MPI size: 2.68153 MByte

H0-Error: 1.718187e-06
H1-Error: 4.034414e-03

Writing DATA to output.data...
Run-Time: 0:01.056 [0:01.056]
0x31d198e880 Error: MemoryPool<CPU> still contains memory chunks on deconstructor call
