NUM-PROCS: 1
Preparing domain...
LVL-MIN: 3 [3]
LVL-MAX: 10 [10]
Creating gates...
Assembling system matrices...
Assembling system filters...
Assembling transfer matrices...
Converting assembled linear system from SparseMatrixCSR, Mem:main to SparseMatrixCSR, Mem:mainand to SparseMatrixCSR, Mem:main...
PCG: 0 : 9.466280e-03
PCG: 1 : 1.006915e-02 / 1.063686e+00
PCG: 2 : 1.259252e-02 / 1.330250e+00
PCG: 0 : 1.259366e-02
PCG: 1 : 9.709239e-03 / 7.709627e-01
PCG: 2 : 7.806293e-03 / 6.198592e-01
PCG: 0 : 7.806309e-03
PCG: 1 : 5.337443e-03 / 6.837345e-01
PCG: 2 : 6.040812e-03 / 7.738371e-01
PCG: 0 : 6.040817e-03
PCG: 1 : 4.144641e-03 / 6.861060e-01
PCG: 2 : 2.843386e-03 / 4.706956e-01
PCG: 0 : 2.843386e-03
PCG: 1 : 2.067440e-03 / 7.271051e-01
PCG: 2 : 1.551175e-03 / 5.455382e-01
PCG: 0 : 1.551176e-03
PCG: 1 : 9.664951e-04 / 6.230726e-01
PCG: 2 : 7.286003e-04 / 4.697084e-01
PCG: 0 : 7.286005e-04
PCG: 1 : 4.966106e-04 / 6.815952e-01
PCG: 2 : 3.987255e-04 / 5.472485e-01
PCG: 0 : 3.987257e-04
PCG: 1 : 2.379035e-04 / 5.966597e-01
PCG: 2 : 1.864907e-04 / 4.677168e-01
PCG: 0 : 1.864908e-04
PCG: 1 : 1.245006e-04 / 6.675966e-01
PCG: 2 : 1.024079e-04 / 5.491313e-01
PCG: 0 : 1.024078e-04
PCG: 1 : 6.031965e-05 / 5.890142e-01
PCG: 2 : 4.779002e-05 / 4.666638e-01
PCG: 0 : 4.778997e-05
PCG: 1 : 3.174657e-05 / 6.642936e-01
PCG: 2 : 2.623706e-05 / 5.490077e-01
PCG: 0 : 2.623704e-05
PCG: 1 : 1.543545e-05 / 5.883075e-01
PCG: 2 : 1.223916e-05 / 4.664839e-01
PCG: 0 : 1.223916e-05
PCG: 1 : 8.141528e-06 / 6.652034e-01
PCG: 2 : 6.728536e-06 / 5.497549e-01
PCG: 0 : 6.728536e-06
PCG: 1 : 3.967142e-06 / 5.895995e-01
PCG: 2 : 3.140378e-06 / 4.667253e-01
PCG: 0 : 3.140374e-06
PCG: 1 : 2.093967e-06 / 6.667891e-01
PCG: 2 : 1.726308e-06 / 5.497140e-01
PCG: 0 : 1.726306e-06
PCG: 1 : 1.021358e-06 / 5.916434e-01
PCG: 2 : 8.066667e-07 / 4.672790e-01
PCG: 0 : 8.066668e-07
PCG: 1 : 5.393426e-07 / 6.686064e-01
PCG: 2 : 4.432361e-07 / 5.494662e-01
PCG: 0 : 4.432361e-07
PCG: 1 : 2.630934e-07 / 5.935738e-01
PCG: 2 : 2.072641e-07 / 4.676156e-01
PCG: 0 : 2.072643e-07
PCG: 1 : 1.389678e-07 / 6.704861e-01
PCG: 2 : 1.138873e-07 / 5.494787e-01
PCG: 0 : 1.138872e-07
PCG: 1 : 6.782680e-08 / 5.955611e-01
PCG: 2 : 5.328380e-08 / 4.678645e-01
PCG: 0 : 5.328376e-08
PCG: 1 : 3.583216e-08 / 6.724781e-01
PCG: 2 : 2.928235e-08 / 5.495549e-01
PCG: 0 : 2.928240e-08
PCG: 1 : 1.749248e-08 / 5.973717e-01
PCG: 2 : 1.370158e-08 / 4.679117e-01
PCG: 0 : 1.370158e-08
PCG: 1 : 9.245283e-09 / 6.747603e-01
PCG: 2 : 7.534647e-09 / 5.499108e-01
PCG: 0 : 7.534649e-09
PCG: 1 : 4.517115e-09 / 5.995123e-01
PCG: 2 : 3.526608e-09 / 4.680521e-01

PCG ( VCycle ( S: Scale / C: Scale )  )

Complete solver TOE: 3.80692
2.18567 GFlop/s [2.18567 GFlops/s]

Total time: 3.80692s
Accumulated op time: 3.64884

Reductions: 6.88271%
Blas-1: 6.89926%
Blas-2: 82.0658%
Precon Kernels: 0%
MPI Execution: 0%
MPI Wait: 0%
Not covered: 4.15223%

Domain size: 192.433 MByte
LA size: 483.427 MByte
MPI size: 10.6978 MByte

H0-Error: 4.304639e-07
H1-Error: 2.017209e-03

Writing DATA to output.data...
Run-Time: 0:06.075 [0:06.075]
0x31d198e880 Error: MemoryPool<CPU> still contains memory chunks on deconstructor call
