NUM-PROCS: 1
Preparing domain...
LVL-MIN: 5 [5]
LVL-MAX: 8 [8]
Creating gates...
Assembling system matrices...
Assembling system filters...
Assembling transfer matrices...
Converting assembled linear system from SparseMatrixCSR, Mem:main to SparseMatrixCSR, Mem:mainand to SparseMatrixCSR, Mem:main...
PCG: 0 : 3.788183e-02
PCG: 1 : 1.531274e-01 / 4.042240e+00
PCG: 2 : 1.362878e-01 / 3.597708e+00
PCG: 3 : 2.921180e-01 / 7.711296e+00
PCG: 4 : 2.872759e-01 / 7.583474e+00
PCG: 5 : 1.502754e-01 / 3.966953e+00
PCG: 0 : 1.503849e-01
PCG: 1 : 1.631962e-01 / 1.085190e+00
PCG: 2 : 1.263593e-01 / 8.402396e-01
PCG: 3 : 6.034736e-02 / 4.012861e-01
PCG: 4 : 5.000158e-02 / 3.324907e-01
PCG: 5 : 5.335085e-02 / 3.547620e-01
PCG: 0 : 5.335085e-02
PCG: 1 : 3.321314e-02 / 6.225419e-01
PCG: 2 : 3.821052e-02 / 7.162121e-01
PCG: 3 : 3.093051e-02 / 5.797567e-01
PCG: 4 : 2.432170e-02 / 4.558821e-01
PCG: 5 : 3.864338e-02 / 7.243254e-01
PCG: 0 : 3.864338e-02
PCG: 1 : 2.596775e-02 / 6.719846e-01
PCG: 2 : 2.124569e-02 / 5.497886e-01
PCG: 3 : 1.216494e-02 / 3.148000e-01
PCG: 4 : 1.057208e-02 / 2.735806e-01
PCG: 5 : 2.505031e-02 / 6.482433e-01
PCG: 0 : 2.505030e-02
PCG: 1 : 1.614577e-02 / 6.445339e-01
PCG: 2 : 1.824674e-02 / 7.284040e-01
PCG: 3 : 1.398526e-02 / 5.582870e-01
PCG: 4 : 1.180025e-02 / 4.710623e-01
PCG: 5 : 1.990147e-02 / 7.944600e-01
PCG: 0 : 1.990146e-02
PCG: 1 : 1.325045e-02 / 6.658028e-01
PCG: 2 : 9.870554e-03 / 4.959713e-01
PCG: 3 : 6.132509e-03 / 3.081436e-01
PCG: 4 : 7.057318e-03 / 3.546130e-01
PCG: 5 : 1.511580e-02 / 7.595322e-01
PCG: 0 : 1.511580e-02
PCG: 1 : 9.980234e-03 / 6.602517e-01
PCG: 2 : 8.632594e-03 / 5.710973e-01
PCG: 3 : 6.388060e-03 / 4.226081e-01
PCG: 4 : 6.901301e-03 / 4.565620e-01
PCG: 5 : 1.084146e-02 / 7.172267e-01
PCG: 0 : 1.084146e-02
PCG: 1 : 6.918873e-03 / 6.381866e-01
PCG: 2 : 4.250919e-03 / 3.920985e-01
PCG: 3 : 4.171717e-03 / 3.847930e-01
PCG: 4 : 6.319640e-03 / 5.829142e-01
PCG: 5 : 8.912680e-03 / 8.220924e-01
PCG: 0 : 8.912678e-03
PCG: 1 : 5.778337e-03 / 6.483279e-01
PCG: 2 : 3.667813e-03 / 4.115277e-01
PCG: 3 : 3.170970e-03 / 3.557820e-01
PCG: 4 : 4.470495e-03 / 5.015883e-01
PCG: 5 : 5.139253e-03 / 5.766228e-01
PCG: 0 : 5.139253e-03
PCG: 1 : 3.593800e-03 / 6.992846e-01
PCG: 2 : 2.423429e-03 / 4.715528e-01
PCG: 3 : 2.609815e-03 / 5.078199e-01
PCG: 4 : 3.761364e-03 / 7.318893e-01
PCG: 5 : 4.486587e-03 / 8.730038e-01
PCG: 0 : 4.486587e-03
PCG: 1 : 3.044128e-03 / 6.784953e-01
PCG: 2 : 2.012218e-03 / 4.484964e-01
PCG: 3 : 1.730643e-03 / 3.857370e-01
PCG: 4 : 2.301926e-03 / 5.130685e-01
PCG: 5 : 2.581723e-03 / 5.754314e-01
PCG: 0 : 2.581723e-03
PCG: 1 : 1.896157e-03 / 7.344542e-01
PCG: 2 : 1.383885e-03 / 5.360314e-01
PCG: 3 : 1.443728e-03 / 5.592110e-01
PCG: 4 : 1.942652e-03 / 7.524633e-01
PCG: 5 : 2.315367e-03 / 8.968300e-01
PCG: 0 : 2.315366e-03
PCG: 1 : 1.612554e-03 / 6.964572e-01
PCG: 2 : 1.115461e-03 / 4.817645e-01
PCG: 3 : 9.540915e-04 / 4.120693e-01
PCG: 4 : 1.189361e-03 / 5.136814e-01
PCG: 5 : 1.339511e-03 / 5.785307e-01
PCG: 0 : 1.339511e-03
PCG: 1 : 1.011078e-03 / 7.548115e-01
PCG: 2 : 7.745860e-04 / 5.782602e-01
PCG: 3 : 7.909762e-04 / 5.904962e-01
PCG: 4 : 1.013625e-03 / 7.567127e-01
PCG: 5 : 1.223094e-03 / 9.130900e-01
PCG: 0 : 1.223094e-03
PCG: 1 : 8.623722e-04 / 7.050742e-01
PCG: 2 : 6.134425e-04 / 5.015497e-01
PCG: 3 : 5.211702e-04 / 4.261079e-01
PCG: 4 : 6.226569e-04 / 5.090833e-01
PCG: 5 : 7.121849e-04 / 5.822813e-01
PCG: 0 : 7.121849e-04
PCG: 1 : 5.433645e-04 / 7.629542e-01
PCG: 2 : 4.264101e-04 / 5.987351e-01
PCG: 3 : 4.303045e-04 / 6.042033e-01
PCG: 4 : 5.371683e-04 / 7.542539e-01
PCG: 5 : 6.577531e-04 / 9.235706e-01
PCG: 0 : 6.577529e-04
PCG: 1 : 4.641303e-04 / 7.056302e-01
PCG: 2 : 3.341161e-04 / 5.079660e-01
PCG: 3 : 2.830402e-04 / 4.303139e-01
PCG: 4 : 3.314376e-04 / 5.038938e-01
PCG: 5 : 3.847989e-04 / 5.850205e-01
PCG: 0 : 3.847988e-04
PCG: 1 : 2.934691e-04 / 7.626561e-01
PCG: 2 : 2.321363e-04 / 6.032668e-01
PCG: 3 : 2.331781e-04 / 6.059741e-01
PCG: 4 : 2.883778e-04 / 7.494249e-01
PCG: 5 : 3.576400e-04 / 9.294208e-01
PCG: 0 : 3.576400e-04
PCG: 1 : 2.508068e-04 / 7.012829e-01
PCG: 2 : 1.808633e-04 / 5.057132e-01
PCG: 3 : 1.532729e-04 / 4.285674e-01
PCG: 4 : 1.785537e-04 / 4.992553e-01
PCG: 5 : 2.098004e-04 / 5.866244e-01
PCG: 0 : 2.098004e-04
PCG: 1 : 1.589981e-04 / 7.578540e-01
PCG: 2 : 1.256707e-04 / 5.990010e-01
PCG: 3 : 1.261616e-04 / 6.013411e-01
PCG: 4 : 1.560025e-04 / 7.435755e-01
PCG: 5 : 1.956095e-04 / 9.323597e-01
PCG: 0 : 1.956095e-04
PCG: 1 : 1.358886e-04 / 6.946934e-01
PCG: 2 : 9.765854e-05 / 4.992526e-01
PCG: 3 : 8.291313e-05 / 4.238707e-01
PCG: 4 : 9.680665e-05 / 4.948975e-01
PCG: 5 : 1.149264e-04 / 5.875300e-01
PCG: 0 : 1.149264e-04
PCG: 1 : 8.632965e-05 / 7.511733e-01
PCG: 2 : 6.790546e-05 / 5.908603e-01
PCG: 3 : 6.825078e-05 / 5.938650e-01
PCG: 4 : 8.472031e-05 / 7.371700e-01
PCG: 5 : 1.073165e-04 / 9.337848e-01
PCG: 0 : 1.073165e-04
PCG: 1 : 7.376941e-05 / 6.874003e-01
PCG: 2 : 5.272186e-05 / 4.912744e-01
PCG: 3 : 4.485495e-05 / 4.179688e-01
PCG: 4 : 5.264366e-05 / 4.905457e-01
PCG: 5 : 6.310818e-05 / 5.880565e-01
PCG: 0 : 6.310818e-05
PCG: 1 : 4.695193e-05 / 7.439913e-01
PCG: 2 : 3.669561e-05 / 5.814715e-01
PCG: 3 : 3.694762e-05 / 5.854648e-01
PCG: 4 : 4.609989e-05 / 7.304899e-01
PCG: 5 : 5.896774e-05 / 9.343914e-01
PCG: 0 : 5.896774e-05
PCG: 1 : 4.011075e-05 / 6.802152e-01
PCG: 2 : 2.849123e-05 / 4.831663e-01
PCG: 3 : 2.428437e-05 / 4.118246e-01
PCG: 4 : 2.866917e-05 / 4.861839e-01
PCG: 5 : 3.469602e-05 / 5.883899e-01
PCG: 0 : 3.469603e-05
PCG: 1 : 2.557136e-05 / 7.370113e-01
PCG: 2 : 1.985232e-05 / 5.721785e-01
PCG: 3 : 2.002608e-05 / 5.771866e-01
PCG: 4 : 2.511396e-05 / 7.238281e-01
PCG: 5 : 3.242299e-05 / 9.344870e-01
PCG: 0 : 3.242298e-05
PCG: 1 : 2.183920e-05 / 6.735715e-01
PCG: 2 : 1.542204e-05 / 4.756515e-01
PCG: 3 : 1.316325e-05 / 4.059852e-01
PCG: 4 : 1.562557e-05 / 4.819288e-01
PCG: 5 : 1.908418e-05 / 5.886004e-01
PCG: 0 : 1.908418e-05
PCG: 1 : 1.394344e-05 / 7.306284e-01
PCG: 2 : 1.075762e-05 / 5.636932e-01
PCG: 3 : 1.087099e-05 / 5.696336e-01
PCG: 4 : 1.369291e-05 / 7.175009e-01
PCG: 5 : 1.782995e-05 / 9.342790e-01
PCG: 0 : 1.782995e-05
PCG: 1 : 1.190521e-05 / 6.677088e-01
PCG: 2 : 8.364073e-06 / 4.691025e-01
PCG: 3 : 7.145799e-06 / 4.007752e-01
PCG: 4 : 8.521807e-06 / 4.779491e-01
PCG: 5 : 1.049735e-05 / 5.887480e-01
PCG: 0 : 1.049735e-05
PCG: 1 : 7.610687e-06 / 7.250106e-01
PCG: 2 : 5.840197e-06 / 5.563499e-01
PCG: 3 : 5.911313e-06 / 5.631245e-01
PCG: 4 : 7.471264e-06 / 7.117288e-01
PCG: 5 : 9.802726e-06 / 9.338289e-01
PCG: 0 : 9.802723e-06
PCG: 1 : 6.496642e-06 / 6.627384e-01
PCG: 2 : 4.545383e-06 / 4.636858e-01
PCG: 3 : 3.885476e-06 / 3.963670e-01
PCG: 4 : 4.650443e-06 / 4.744032e-01
PCG: 5 : 5.772508e-06 / 5.888678e-01
PCG: 0 : 5.772508e-06
PCG: 1 : 4.157730e-06 / 7.202640e-01
PCG: 2 : 3.176447e-06 / 5.502716e-01
PCG: 3 : 3.219949e-06 / 5.578076e-01
PCG: 4 : 4.079380e-06 / 7.066911e-01
PCG: 5 : 5.387046e-06 / 9.332245e-01
PCG: 0 : 5.387046e-06
PCG: 1 : 3.548459e-06 / 6.587022e-01
PCG: 2 : 2.474966e-06 / 4.594291e-01
PCG: 3 : 2.116122e-06 / 3.928168e-01
PCG: 4 : 2.539398e-06 / 4.713897e-01
PCG: 5 : 3.172828e-06 / 5.889735e-01
PCG: 0 : 3.172828e-06
PCG: 1 : 2.273068e-06 / 7.164171e-01
PCG: 2 : 1.730688e-06 / 5.454718e-01
PCG: 3 : 1.756860e-06 / 5.537205e-01
PCG: 4 : 2.228956e-06 / 7.025139e-01
PCG: 5 : 2.958679e-06 / 9.325053e-01
PCG: 0 : 2.958679e-06
PCG: 1 : 1.939729e-06 / 6.556064e-01
PCG: 2 : 1.350036e-06 / 4.562971e-01
PCG: 3 : 1.154293e-06 / 3.901380e-01
PCG: 4 : 1.387629e-06 / 4.690028e-01
PCG: 5 : 1.742930e-06 / 5.890906e-01
PCG: 0 : 1.742930e-06
PCG: 1 : 1.243563e-06 / 7.134898e-01
PCG: 2 : 9.444844e-07 / 5.418945e-01
PCG: 3 : 9.600244e-07 / 5.508105e-01
PCG: 4 : 1.218778e-06 / 6.992696e-01
PCG: 5 : 1.623854e-06 / 9.316804e-01

PCG ( VCycle ( S: Scale / C: Scale )  )

Complete solver TOE: 3.29868
0.53412 GFlop/s [0.53412 GFlops/s]

Total time: 3.29868s
Accumulated op time: 3.18095

Reductions: 1.93032%
Blas-1: 5.59513%
Blas-2: 88.9057%
Precon Kernels: 0%
MPI Execution: 0%
MPI Wait: 0%
Not covered: 3.56889%

Domain size: 6.70679 MByte
LA size: 22.1625 MByte
MPI size: 0.671448 MByte

H0-Error: 7.780738e-06
H1-Error: 8.068796e-03

Writing DATA to output.data...
Run-Time: 0:03.879 [0:03.879]
0xb32e89f8 Error: MemoryPool<CPU> still contains memory chunks on deconstructor call
