NUM-PROCS: 1
Preparing domain...
LVL-MIN: 5 [5]
LVL-MAX: 10 [10]
Creating gates...
Assembling system matrices...
Assembling system filters...
Assembling transfer matrices...
Converting assembled linear system from SparseMatrixCSR, Mem:main to SparseMatrixELL, Mem:cudaand to SparseMatrixELL, Mem:cuda...
PCG:  0 : 9.473711e-03
PCG:  1 : 4.064152e-02 / 4.289926e+00
PCG:  2 : 4.515586e-02 / 4.766439e+00
PCG:  3 : 1.234706e-01 / 1.303297e+01
PCG:  4 : 2.105793e-01 / 2.222775e+01
PCG:  5 : 1.790856e-01 / 1.890343e+01
PCG:  6 : 1.624106e-01 / 1.714329e+01
PCG:  7 : 9.675748e-02 / 1.021326e+01
PCG:  8 : 7.074948e-02 / 7.467980e+00
PCG:  9 : 7.190540e-02 / 7.589993e+00
PCG: 10 : 4.880281e-02 / 5.151393e+00
PCG: 11 : 2.547698e-02 / 2.689229e+00
PCG: 12 : 1.067524e-02 / 1.126827e+00
PCG: 13 : 5.592008e-03 / 5.902658e-01
PCG: 14 : 2.881952e-03 / 3.042052e-01
PCG: 15 : 1.303681e-03 / 1.376104e-01
PCG: 16 : 1.547432e-03 / 1.633395e-01
PCG: 17 : 7.073995e-04 / 7.466973e-02
PCG:  0 : 7.262227e-04
PCG:  1 : 2.490816e-04 / 3.429824e-01
PCG:  2 : 2.338049e-04 / 3.219466e-01
PCG:  3 : 2.544051e-04 / 3.503128e-01
PCG:  4 : 1.085511e-04 / 1.494736e-01
PCG:  5 : 1.717937e-04 / 2.365579e-01
PCG:  6 : 2.263359e-04 / 3.116619e-01
PCG:  7 : 2.433318e-04 / 3.350649e-01
PCG:  8 : 2.324090e-04 / 3.200244e-01
PCG:  9 : 1.920424e-04 / 2.644401e-01
PCG: 10 : 1.621714e-04 / 2.233081e-01
PCG: 11 : 1.325574e-04 / 1.825299e-01
PCG: 12 : 7.309744e-05 / 1.006543e-01
PCG: 13 : 3.720969e-05 / 5.123731e-02
PCG: 14 : 2.153230e-05 / 2.964973e-02
PCG: 15 : 1.157395e-05 / 1.593719e-02
PCG: 16 : 1.197988e-05 / 1.649615e-02
PCG: 17 : 1.230710e-05 / 1.694674e-02
PCG:  0 : 1.230736e-05
PCG:  1 : 7.206153e-06 / 5.855159e-01
PCG:  2 : 4.290052e-06 / 3.485762e-01
PCG:  3 : 4.876121e-06 / 3.961956e-01
PCG:  4 : 3.314712e-06 / 2.693277e-01
PCG:  5 : 1.856959e-06 / 1.508821e-01
PCG:  6 : 1.870969e-06 / 1.520204e-01
PCG:  7 : 7.529370e-07 / 6.117779e-02
PCG:  8 : 5.781697e-07 / 4.697757e-02
PCG:  9 : 3.482743e-07 / 2.829806e-02
PCG: 10 : 3.222843e-07 / 2.618631e-02
PCG: 11 : 2.168915e-07 / 1.762291e-02
PCG: 12 : 1.897202e-07 / 1.541519e-02
PCG: 13 : 1.181080e-07 / 9.596535e-03
PCG: 14 : 2.828994e-07 / 2.298621e-02
PCG: 15 : 2.087225e-07 / 1.695917e-02
PCG: 16 : 2.012644e-07 / 1.635318e-02
PCG: 17 : 2.480171e-07 / 2.015194e-02
PCG:  0 : 2.480181e-07
PCG:  1 : 1.093243e-07 / 4.407918e-01
PCG:  2 : 9.031104e-08 / 3.641309e-01
PCG:  3 : 8.045747e-08 / 3.244016e-01
PCG:  4 : 4.205923e-08 / 1.695813e-01
PCG:  5 : 5.229953e-08 / 2.108698e-01
PCG:  6 : 6.843828e-08 / 2.759407e-01
PCG:  7 : 7.655879e-08 / 3.086823e-01
PCG:  8 : 6.145982e-08 / 2.478038e-01
PCG:  9 : 6.531072e-08 / 2.633305e-01
PCG: 10 : 4.989581e-08 / 2.011781e-01
PCG: 11 : 4.572326e-08 / 1.843545e-01
PCG: 12 : 3.356586e-08 / 1.353364e-01
PCG: 13 : 1.622968e-08 / 6.543747e-02
PCG: 14 : 1.599701e-08 / 6.449937e-02
PCG: 15 : 1.487266e-08 / 5.996604e-02
PCG: 16 : 2.045375e-08 / 8.246876e-02
PCG: 17 : 2.633892e-08 / 1.061976e-01
PCG:  0 : 2.633894e-08
PCG:  1 : 1.179780e-08 / 4.479225e-01
PCG:  2 : 5.128564e-09 / 1.947141e-01
PCG:  3 : 5.240880e-09 / 1.989784e-01
PCG:  4 : 3.881072e-09 / 1.473511e-01
PCG:  5 : 7.104186e-09 / 2.697217e-01
PCG:  6 : 5.628437e-09 / 2.136926e-01
PCG:  7 : 4.245355e-09 / 1.611817e-01
PCG:  8 : 3.100387e-09 / 1.177111e-01
PCG:  9 : 2.267845e-09 / 8.610234e-02
PCG: 10 : 1.980282e-09 / 7.518457e-02
PCG: 11 : 1.569063e-09 / 5.957197e-02
PCG: 12 : 9.987208e-10 / 3.791803e-02
PCG: 13 : 7.945039e-10 / 3.016461e-02
PCG: 14 : 1.173690e-09 / 4.456102e-02
PCG: 15 : 1.027319e-09 / 3.900379e-02
PCG: 16 : 9.951623e-10 / 3.778293e-02
PCG: 17 : 1.243307e-09 / 4.720416e-02
PCG:  0 : 1.243307e-09
PCG:  1 : 7.201721e-10 / 5.792391e-01
PCG:  2 : 5.990170e-10 / 4.817933e-01
PCG:  3 : 5.629752e-10 / 4.528046e-01
PCG:  4 : 3.544764e-10 / 2.851077e-01
PCG:  5 : 4.771818e-10 / 3.838004e-01
PCG:  6 : 5.314262e-10 / 4.274295e-01
PCG:  7 : 4.721609e-10 / 3.797621e-01
PCG:  8 : 4.086776e-10 / 3.287020e-01
PCG:  9 : 4.145459e-10 / 3.334220e-01
PCG: 10 : 3.608013e-10 / 2.901948e-01
PCG: 11 : 3.083068e-10 / 2.479731e-01
PCG: 12 : 2.606659e-10 / 2.096553e-01
PCG: 13 : 1.462279e-10 / 1.176121e-01
PCG: 14 : 1.565348e-10 / 1.259020e-01
PCG: 15 : 1.114608e-10 / 8.964866e-02
PCG: 16 : 1.257435e-10 / 1.011363e-01
PCG: 17 : 1.575678e-10 / 1.267328e-01

PCG ( VCycle ( S: Scale / C: Scale )  )

Complete solver TOE: 14.0453
0.17606 GFlop/s [0.17606 GFlops/s]

Total time: 14.0453s
Accumulated op time: 9.04025

Reductions: 61.2477%
Blas-1: 1.62552%
Blas-2: 1.49189%
Precon Kernels: 0%
MPI Execution: 0%
MPI Wait: 0%
Not covered: 35.6349%

Domain size: 106.918 MByte
LA size: 356.315 MByte
MPI size: 10.6949 MByte

H0-Error: 4.291115e-07
H1-Error: 2.017209e-03

Writing DATA to output.data...
Run-Time: 0:25.630 [0:25.630]
0xb33d49f8 Error: MemoryPool<CUDA> still contains memory chunks on deconstructor call
