NUM-PROCS: 1
Preparing domain...
LVL-MIN: 4 [4]
LVL-MAX: 8 [8]
Creating gates...
Assembling system matrices...
Assembling system filters...
Assembling transfer matrices...
Converting assembled linear system from SparseMatrixCSR, Mem:main to SparseMatrixELL, Mem:cudaand to SparseMatrixELL, Mem:cuda...
PCG: 0 : 3.788187e-02
PCG: 1 : 7.372160e-02 / 1.946092e+00
PCG: 0 : 7.412796e-02
PCG: 1 : 7.271223e-02 / 9.809015e-01
PCG: 0 : 7.271221e-02
PCG: 1 : 1.129688e-01 / 1.553643e+00
PCG: 0 : 1.129688e-01
PCG: 1 : 1.454097e-01 / 1.287166e+00
PCG: 0 : 1.454097e-01
PCG: 1 : 1.485456e-01 / 1.021566e+00
PCG: 0 : 1.485456e-01
PCG: 1 : 1.410452e-01 / 9.495081e-01
PCG: 0 : 1.410452e-01
PCG: 1 : 1.326147e-01 / 9.402284e-01
PCG: 0 : 1.326147e-01
PCG: 1 : 1.238646e-01 / 9.340186e-01
PCG: 0 : 1.238646e-01
PCG: 1 : 1.164924e-01 / 9.404819e-01
PCG: 0 : 1.164924e-01
PCG: 1 : 1.092191e-01 / 9.375639e-01
PCG: 0 : 1.092191e-01
PCG: 1 : 1.031710e-01 / 9.446239e-01
PCG: 0 : 1.031710e-01
PCG: 1 : 9.707913e-02 / 9.409541e-01
PCG: 0 : 9.707913e-02
PCG: 1 : 9.197958e-02 / 9.474702e-01
PCG: 0 : 9.197958e-02
PCG: 1 : 8.674319e-02 / 9.430701e-01
PCG: 0 : 8.674319e-02
PCG: 1 : 8.233674e-02 / 9.492012e-01
PCG: 0 : 8.233673e-02
PCG: 1 : 7.775656e-02 / 9.443727e-01
PCG: 0 : 7.775656e-02
PCG: 1 : 7.389150e-02 / 9.502928e-01
PCG: 0 : 7.389150e-02
PCG: 1 : 6.984413e-02 / 9.452255e-01
PCG: 0 : 6.984413e-02
PCG: 1 : 6.642379e-02 / 9.510290e-01
PCG: 0 : 6.642379e-02
PCG: 1 : 6.282506e-02 / 9.458217e-01
PCG: 0 : 6.282506e-02
PCG: 1 : 5.978151e-02 / 9.515551e-01
PCG: 0 : 5.978150e-02
PCG: 1 : 5.656879e-02 / 9.462591e-01
PCG: 0 : 5.656879e-02
PCG: 1 : 5.385032e-02 / 9.519440e-01
PCG: 0 : 5.385031e-02
PCG: 1 : 5.097419e-02 / 9.465905e-01
PCG: 0 : 5.097419e-02
PCG: 1 : 4.853953e-02 / 9.522375e-01
PCG: 0 : 4.853953e-02
PCG: 1 : 4.595937e-02 / 9.468441e-01
PCG: 0 : 4.595936e-02
PCG: 1 : 4.377452e-02 / 9.524614e-01
PCG: 0 : 4.377452e-02
PCG: 1 : 4.145620e-02 / 9.470395e-01
PCG: 0 : 4.145620e-02
PCG: 1 : 3.949251e-02 / 9.526322e-01
PCG: 0 : 3.949251e-02
PCG: 1 : 3.740694e-02 / 9.471908e-01
PCG: 0 : 3.740694e-02
PCG: 1 : 3.563994e-02 / 9.527629e-01
PCG: 0 : 3.563994e-02
PCG: 1 : 3.376195e-02 / 9.473066e-01
PCG: 0 : 3.376195e-02
PCG: 1 : 3.217047e-02 / 9.528618e-01
PCG: 0 : 3.217047e-02
PCG: 1 : 3.047814e-02 / 9.473949e-01
PCG: 0 : 3.047814e-02
PCG: 1 : 2.904377e-02 / 9.529378e-01
PCG: 0 : 2.904377e-02
PCG: 1 : 2.751784e-02 / 9.474612e-01
PCG: 0 : 2.751784e-02
PCG: 1 : 2.622437e-02 / 9.529951e-01
PCG: 0 : 2.622437e-02
PCG: 1 : 2.484790e-02 / 9.475120e-01
PCG: 0 : 2.484790e-02
PCG: 1 : 2.368097e-02 / 9.530370e-01
PCG: 0 : 2.368097e-02
PCG: 1 : 2.243891e-02 / 9.475505e-01
PCG: 0 : 2.243891e-02
PCG: 1 : 2.138579e-02 / 9.530673e-01
PCG: 0 : 2.138579e-02
PCG: 1 : 2.026473e-02 / 9.475792e-01
PCG: 0 : 2.026473e-02
PCG: 1 : 1.931412e-02 / 9.530903e-01
PCG: 0 : 1.931412e-02
PCG: 1 : 1.830205e-02 / 9.475998e-01
PCG: 0 : 1.830205e-02
PCG: 1 : 1.744381e-02 / 9.531069e-01
PCG: 0 : 1.744381e-02
PCG: 1 : 1.653001e-02 / 9.476147e-01
PCG: 0 : 1.653001e-02
PCG: 1 : 1.575504e-02 / 9.531176e-01
PCG: 0 : 1.575504e-02
PCG: 1 : 1.492988e-02 / 9.476256e-01
PCG: 0 : 1.492988e-02
PCG: 1 : 1.423004e-02 / 9.531249e-01
PCG: 0 : 1.423004e-02
PCG: 1 : 1.348485e-02 / 9.476326e-01
PCG: 0 : 1.348485e-02
PCG: 1 : 1.285281e-02 / 9.531296e-01
PCG: 0 : 1.285281e-02
PCG: 1 : 1.217980e-02 / 9.476369e-01
PCG: 0 : 1.217980e-02
PCG: 1 : 1.160895e-02 / 9.531317e-01
PCG: 0 : 1.160895e-02
PCG: 1 : 1.100110e-02 / 9.476399e-01
PCG: 0 : 1.100110e-02
PCG: 1 : 1.048550e-02 / 9.531320e-01
PCG: 0 : 1.048550e-02
PCG: 1 : 9.936500e-03 / 9.476417e-01
PCG: 0 : 9.936500e-03
PCG: 1 : 9.470784e-03 / 9.531308e-01
PCG: 0 : 9.470784e-03
PCG: 1 : 8.974920e-03 / 9.476427e-01
PCG: 0 : 8.974920e-03
PCG: 1 : 8.554261e-03 / 9.531295e-01
PCG: 0 : 8.554261e-03
PCG: 1 : 8.106383e-03 / 9.476427e-01
PCG: 0 : 8.106383e-03
PCG: 1 : 7.726411e-03 / 9.531268e-01
PCG: 0 : 7.726410e-03
PCG: 1 : 7.321868e-03 / 9.476416e-01
PCG: 0 : 7.321868e-03
PCG: 1 : 6.978656e-03 / 9.531251e-01
PCG: 0 : 6.978656e-03
PCG: 1 : 6.613248e-03 / 9.476393e-01
PCG: 0 : 6.613248e-03
PCG: 1 : 6.303238e-03 / 9.531228e-01
PCG: 0 : 6.303237e-03
PCG: 1 : 5.973186e-03 / 9.476378e-01
PCG: 0 : 5.973186e-03
PCG: 1 : 5.693159e-03 / 9.531193e-01
PCG: 0 : 5.693159e-03
PCG: 1 : 5.395044e-03 / 9.476364e-01
PCG: 0 : 5.395044e-03
PCG: 1 : 5.142106e-03 / 9.531165e-01
PCG: 0 : 5.142106e-03
PCG: 1 : 4.872835e-03 / 9.476341e-01
PCG: 0 : 4.872834e-03
PCG: 1 : 4.644365e-03 / 9.531137e-01
PCG: 0 : 4.644365e-03
PCG: 1 : 4.401153e-03 / 9.476330e-01
PCG: 0 : 4.401153e-03
PCG: 1 : 4.194784e-03 / 9.531103e-01
PCG: 0 : 4.194784e-03
PCG: 1 : 3.975110e-03 / 9.476315e-01
PCG: 0 : 3.975110e-03
PCG: 1 : 3.788705e-03 / 9.531071e-01
PCG: 0 : 3.788705e-03
PCG: 1 : 3.590288e-03 / 9.476295e-01
PCG: 0 : 3.590288e-03
PCG: 1 : 3.421920e-03 / 9.531046e-01
PCG: 0 : 3.421920e-03
PCG: 1 : 3.242707e-03 / 9.476280e-01
PCG: 0 : 3.242707e-03
PCG: 1 : 3.090630e-03 / 9.531018e-01
PCG: 0 : 3.090629e-03
PCG: 1 : 2.928762e-03 / 9.476264e-01
PCG: 0 : 2.928762e-03
PCG: 1 : 2.791400e-03 / 9.530990e-01
PCG: 0 : 2.791400e-03
PCG: 1 : 2.645199e-03 / 9.476245e-01
PCG: 0 : 2.645199e-03
PCG: 1 : 2.521132e-03 / 9.530973e-01
PCG: 0 : 2.521132e-03
PCG: 1 : 2.389082e-03 / 9.476230e-01
PCG: 0 : 2.389082e-03
PCG: 1 : 2.277023e-03 / 9.530951e-01
PCG: 0 : 2.277023e-03
PCG: 1 : 2.157758e-03 / 9.476223e-01
PCG: 0 : 2.157758e-03
PCG: 1 : 2.056543e-03 / 9.530929e-01
PCG: 0 : 2.056543e-03
PCG: 1 : 1.948822e-03 / 9.476203e-01
PCG: 0 : 1.948822e-03
PCG: 1 : 1.857407e-03 / 9.530920e-01
PCG: 0 : 1.857407e-03
PCG: 1 : 1.760113e-03 / 9.476184e-01
PCG: 0 : 1.760113e-03
PCG: 1 : 1.677548e-03 / 9.530913e-01
PCG: 0 : 1.677548e-03
PCG: 1 : 1.589672e-03 / 9.476162e-01
PCG: 0 : 1.589672e-03
PCG: 1 : 1.515100e-03 / 9.530900e-01
PCG: 0 : 1.515100e-03
PCG: 1 : 1.435733e-03 / 9.476157e-01
PCG: 0 : 1.435733e-03
PCG: 1 : 1.368381e-03 / 9.530885e-01
PCG: 0 : 1.368381e-03
PCG: 1 : 1.296698e-03 / 9.476147e-01
PCG: 0 : 1.296698e-03
PCG: 1 : 1.235865e-03 / 9.530869e-01
PCG: 0 : 1.235865e-03
PCG: 1 : 1.171124e-03 / 9.476146e-01
PCG: 0 : 1.171124e-03
PCG: 1 : 1.116182e-03 / 9.530860e-01
PCG: 0 : 1.116182e-03
PCG: 1 : 1.057709e-03 / 9.476140e-01
PCG: 0 : 1.057709e-03
PCG: 1 : 1.008088e-03 / 9.530855e-01
PCG: 0 : 1.008088e-03
PCG: 1 : 9.552762e-04 / 9.476124e-01
PCG: 0 : 9.552761e-04
PCG: 1 : 9.104601e-04 / 9.530858e-01
PCG: 0 : 9.104601e-04
PCG: 1 : 8.627619e-04 / 9.476109e-01
PCG: 0 : 8.627619e-04
PCG: 1 : 8.222862e-04 / 9.530860e-01
PCG: 0 : 8.222862e-04
PCG: 1 : 7.792069e-04 / 9.476103e-01
PCG: 0 : 7.792068e-04
PCG: 1 : 7.426498e-04 / 9.530843e-01
PCG: 0 : 7.426498e-04
PCG: 1 : 7.037432e-04 / 9.476112e-01
PCG: 0 : 7.037431e-04
PCG: 1 : 6.707258e-04 / 9.530833e-01
PCG: 0 : 6.707258e-04
PCG: 1 : 6.355875e-04 / 9.476116e-01
PCG: 0 : 6.355874e-04
PCG: 1 : 6.057670e-04 / 9.530820e-01
PCG: 0 : 6.057670e-04
PCG: 1 : 5.740321e-04 / 9.476120e-01
PCG: 0 : 5.740321e-04
PCG: 1 : 5.470998e-04 / 9.530823e-01
PCG: 0 : 5.470997e-04
PCG: 1 : 5.184378e-04 / 9.476110e-01
PCG: 0 : 5.184378e-04
PCG: 1 : 4.941143e-04 / 9.530832e-01
PCG: 0 : 4.941143e-04
PCG: 1 : 4.682278e-04 / 9.476102e-01
PCG: 0 : 4.682277e-04
PCG: 1 : 4.462601e-04 / 9.530835e-01
PCG: 0 : 4.462601e-04
PCG: 1 : 4.228806e-04 / 9.476103e-01
PCG: 0 : 4.228806e-04
PCG: 1 : 4.030405e-04 / 9.530834e-01
PCG: 0 : 4.030405e-04
PCG: 1 : 3.819254e-04 / 9.476106e-01
PCG: 0 : 3.819254e-04
PCG: 1 : 3.640066e-04 / 9.530830e-01
PCG: 0 : 3.640066e-04
PCG: 1 : 3.449366e-04 / 9.476109e-01
PCG: 0 : 3.449366e-04
PCG: 1 : 3.287533e-04 / 9.530831e-01
PCG: 0 : 3.287533e-04
PCG: 1 : 3.115303e-04 / 9.476113e-01
PCG: 0 : 3.115303e-04
PCG: 1 : 2.969142e-04 / 9.530829e-01
PCG: 0 : 2.969142e-04
PCG: 1 : 2.813595e-04 / 9.476121e-01
PCG: 0 : 2.813595e-04
PCG: 1 : 2.681590e-04 / 9.530832e-01
PCG: 0 : 2.681590e-04
PCG: 1 : 2.541108e-04 / 9.476123e-01
PCG: 0 : 2.541108e-04
PCG: 1 : 2.421890e-04 / 9.530842e-01
PCG: 0 : 2.421890e-04
PCG: 1 : 2.295013e-04 / 9.476125e-01
PCG: 0 : 2.295013e-04
PCG: 1 : 2.187341e-04 / 9.530846e-01
PCG: 0 : 2.187341e-04
PCG: 1 : 2.072752e-04 / 9.476126e-01
PCG: 0 : 2.072752e-04
PCG: 1 : 1.975510e-04 / 9.530856e-01
PCG: 0 : 1.975510e-04
PCG: 1 : 1.872017e-04 / 9.476123e-01
PCG: 0 : 1.872017e-04
PCG: 1 : 1.784194e-04 / 9.530864e-01
PCG: 0 : 1.784194e-04
PCG: 1 : 1.690726e-04 / 9.476130e-01
PCG: 0 : 1.690725e-04
PCG: 1 : 1.611408e-04 / 9.530869e-01
PCG: 0 : 1.611408e-04
PCG: 1 : 1.526992e-04 / 9.476135e-01
PCG: 0 : 1.526992e-04
PCG: 1 : 1.455357e-04 / 9.530874e-01
PCG: 0 : 1.455357e-04
PCG: 1 : 1.379118e-04 / 9.476148e-01
PCG: 0 : 1.379118e-04
PCG: 1 : 1.314421e-04 / 9.530880e-01
PCG: 0 : 1.314421e-04
PCG: 1 : 1.245565e-04 / 9.476150e-01
PCG: 0 : 1.245565e-04
PCG: 1 : 1.187134e-04 / 9.530891e-01
PCG: 0 : 1.187134e-04
PCG: 1 : 1.124947e-04 / 9.476158e-01
PCG: 0 : 1.124947e-04
PCG: 1 : 1.072175e-04 / 9.530897e-01
PCG: 0 : 1.072175e-04
PCG: 1 : 1.016011e-04 / 9.476166e-01
PCG: 0 : 1.016011e-04
PCG: 1 : 9.683503e-05 / 9.530902e-01
PCG: 0 : 9.683502e-05
PCG: 1 : 9.176256e-05 / 9.476175e-01
PCG: 0 : 9.176254e-05
PCG: 1 : 8.745809e-05 / 9.530914e-01
PCG: 0 : 8.745808e-05
PCG: 1 : 8.287685e-05 / 9.476179e-01
PCG: 0 : 8.287685e-05
PCG: 1 : 7.898924e-05 / 9.530918e-01
PCG: 0 : 7.898924e-05
PCG: 1 : 7.485174e-05 / 9.476195e-01
PCG: 0 : 7.485174e-05
PCG: 1 : 7.134063e-05 / 9.530925e-01
PCG: 0 : 7.134063e-05
PCG: 1 : 6.760386e-05 / 9.476207e-01
PCG: 0 : 6.760385e-05
PCG: 1 : 6.443280e-05 / 9.530936e-01
PCG: 0 : 6.443280e-05
PCG: 1 : 6.105789e-05 / 9.476212e-01
PCG: 0 : 6.105788e-05
PCG: 1 : 5.819397e-05 / 9.530951e-01
PCG: 0 : 5.819396e-05
PCG: 1 : 5.514584e-05 / 9.476213e-01
PCG: 0 : 5.514584e-05
PCG: 1 : 5.255931e-05 / 9.530967e-01
PCG: 0 : 5.255931e-05
PCG: 1 : 4.980636e-05 / 9.476219e-01
PCG: 0 : 4.980635e-05
PCG: 1 : 4.747035e-05 / 9.530982e-01
PCG: 0 : 4.747034e-05
PCG: 1 : 4.498396e-05 / 9.476223e-01
PCG: 0 : 4.498396e-05
PCG: 1 : 4.287420e-05 / 9.530998e-01
PCG: 0 : 4.287420e-05
PCG: 1 : 4.062855e-05 / 9.476224e-01
PCG: 0 : 4.062855e-05
PCG: 1 : 3.872314e-05 / 9.531017e-01
PCG: 0 : 3.872314e-05
PCG: 1 : 3.669495e-05 / 9.476234e-01
PCG: 0 : 3.669495e-05
PCG: 1 : 3.497405e-05 / 9.531026e-01
PCG: 0 : 3.497405e-05
PCG: 1 : 3.314228e-05 / 9.476247e-01
PCG: 0 : 3.314228e-05
PCG: 1 : 3.158802e-05 / 9.531035e-01
PCG: 0 : 3.158802e-05
PCG: 1 : 2.993364e-05 / 9.476264e-01
PCG: 0 : 2.993364e-05
PCG: 1 : 2.852990e-05 / 9.531050e-01
PCG: 0 : 2.852990e-05
PCG: 1 : 2.703569e-05 / 9.476265e-01
PCG: 0 : 2.703569e-05
PCG: 1 : 2.576788e-05 / 9.531060e-01
PCG: 0 : 2.576788e-05
PCG: 1 : 2.441839e-05 / 9.476290e-01
PCG: 0 : 2.441839e-05
PCG: 1 : 2.327332e-05 / 9.531064e-01
PCG: 0 : 2.327332e-05
PCG: 1 : 2.205450e-05 / 9.476302e-01
PCG: 0 : 2.205450e-05
PCG: 1 : 2.102032e-05 / 9.531080e-01
PCG: 0 : 2.102032e-05
PCG: 1 : 1.991951e-05 / 9.476311e-01
PCG: 0 : 1.991950e-05
PCG: 1 : 1.898546e-05 / 9.531092e-01
PCG: 0 : 1.898546e-05
PCG: 1 : 1.799124e-05 / 9.476325e-01
PCG: 0 : 1.799124e-05
PCG: 1 : 1.714764e-05 / 9.531104e-01
PCG: 0 : 1.714764e-05
PCG: 1 : 1.624968e-05 / 9.476337e-01
PCG: 0 : 1.624968e-05
PCG: 1 : 1.548777e-05 / 9.531121e-01
PCG: 0 : 1.548777e-05
PCG: 1 : 1.467674e-05 / 9.476348e-01
PCG: 0 : 1.467674e-05
PCG: 1 : 1.398861e-05 / 9.531137e-01
PCG: 0 : 1.398861e-05
PCG: 1 : 1.325610e-05 / 9.476357e-01
PCG: 0 : 1.325610e-05
PCG: 1 : 1.263460e-05 / 9.531158e-01
PCG: 0 : 1.263460e-05
PCG: 1 : 1.197300e-05 / 9.476361e-01
PCG: 0 : 1.197300e-05
PCG: 1 : 1.141168e-05 / 9.531177e-01
PCG: 0 : 1.141168e-05
PCG: 1 : 1.081413e-05 / 9.476369e-01
PCG: 0 : 1.081413e-05
PCG: 1 : 1.030715e-05 / 9.531192e-01
PCG: 0 : 1.030715e-05
PCG: 1 : 9.767458e-06 / 9.476389e-01
PCG: 0 : 9.767458e-06
PCG: 1 : 9.309560e-06 / 9.531200e-01
PCG: 0 : 9.309559e-06
PCG: 1 : 8.822120e-06 / 9.476411e-01
PCG: 0 : 8.822120e-06
PCG: 1 : 8.408550e-06 / 9.531211e-01
PCG: 0 : 8.408550e-06
PCG: 1 : 7.968295e-06 / 9.476420e-01
PCG: 0 : 7.968295e-06
PCG: 1 : 7.594768e-06 / 9.531233e-01
PCG: 0 : 7.594768e-06
PCG: 1 : 7.197127e-06 / 9.476428e-01
PCG: 0 : 7.197127e-06
PCG: 1 : 6.859766e-06 / 9.531256e-01
PCG: 0 : 6.859765e-06
PCG: 1 : 6.500612e-06 / 9.476436e-01
PCG: 0 : 6.500612e-06
PCG: 1 : 6.195916e-06 / 9.531281e-01
PCG: 0 : 6.195915e-06
PCG: 1 : 5.871520e-06 / 9.476438e-01
PCG: 0 : 5.871520e-06
PCG: 1 : 5.596325e-06 / 9.531305e-01
PCG: 0 : 5.596325e-06
PCG: 1 : 5.303330e-06 / 9.476450e-01
PCG: 0 : 5.303330e-06
PCG: 1 : 5.054771e-06 / 9.531317e-01
PCG: 0 : 5.054771e-06
PCG: 1 : 4.790138e-06 / 9.476467e-01
PCG: 0 : 4.790137e-06
PCG: 1 : 4.565639e-06 / 9.531332e-01
PCG: 0 : 4.565639e-06
PCG: 1 : 4.326622e-06 / 9.476488e-01
PCG: 0 : 4.326622e-06
PCG: 1 : 4.123853e-06 / 9.531347e-01
PCG: 0 : 4.123853e-06
PCG: 1 : 3.907971e-06 / 9.476505e-01
PCG: 0 : 3.907971e-06
PCG: 1 : 3.724832e-06 / 9.531370e-01
PCG: 0 : 3.724831e-06
PCG: 1 : 3.529838e-06 / 9.476504e-01
PCG: 0 : 3.529838e-06
PCG: 1 : 3.364431e-06 / 9.531402e-01
PCG: 0 : 3.364430e-06
PCG: 1 : 3.188306e-06 / 9.476511e-01
PCG: 0 : 3.188306e-06
PCG: 1 : 3.038907e-06 / 9.531417e-01
PCG: 0 : 3.038907e-06
PCG: 1 : 2.879830e-06 / 9.476532e-01
PCG: 0 : 2.879830e-06
PCG: 1 : 2.744890e-06 / 9.531429e-01
PCG: 0 : 2.744890e-06
PCG: 1 : 2.601208e-06 / 9.476550e-01
PCG: 0 : 2.601208e-06
PCG: 1 : 2.479328e-06 / 9.531448e-01
PCG: 0 : 2.479328e-06
PCG: 1 : 2.349551e-06 / 9.476563e-01
PCG: 0 : 2.349551e-06
PCG: 1 : 2.239467e-06 / 9.531469e-01
PCG: 0 : 2.239467e-06
PCG: 1 : 2.122249e-06 / 9.476581e-01
PCG: 0 : 2.122249e-06
PCG: 1 : 2.022819e-06 / 9.531490e-01
PCG: 0 : 2.022819e-06
PCG: 1 : 1.916943e-06 / 9.476594e-01
PCG: 0 : 1.916943e-06
PCG: 1 : 1.827136e-06 / 9.531510e-01

PCG ( VCycle ( S: Scale / C: Scale )  )

Complete solver TOE: 0.26205
10.691 GFlop/s [10.691 GFlops/s]

Total time: 0.26205s
Accumulated op time: 0.174637

Reductions: 59.215%
Blas-1: 3.68594%
Blas-2: 3.74165%
Precon Kernels: 0%
MPI Execution: 0%
MPI Wait: 0%
Not covered: 33.3574%

Domain size: 12.0946 MByte
LA size: 30.305 MByte
MPI size: 0.673698 MByte

H0-Error: 8.416083e-06
H1-Error: 8.068799e-03

Writing DATA to output.data...
Run-Time: 0:00.484 [0:00.484]
0x31d198e880 Error: MemoryPool<CUDA> still contains memory chunks on deconstructor call
