NUM-PROCS: 1
Preparing domain...
LVL-MIN: 2 [2]
LVL-MAX: 6 [6]
Creating gates...
Assembling system matrices...
Assembling system filters...
Assembling transfer matrices...
Converting assembled linear system from SparseMatrixCSR, Mem:main to SparseMatrixCSR, Mem:mainand to SparseMatrixCSR, Mem:main...
PCG: 0 : 1.512628e-01
PCG: 1 : 6.849770e-02 / 4.528389e-01
PCG: 2 : 3.186493e-02 / 2.106593e-01
PCG: 3 : 6.157388e-03 / 4.070655e-02
PCG: 4 : 5.726322e-04 / 3.785677e-03
PCG: 5 : 6.737383e-05 / 4.454090e-04
PCG: 6 : 9.680294e-06 / 6.399651e-05
PCG: 0 : 1.254815e-02
PCG: 1 : 1.973886e-03 / 1.573049e-01
PCG: 2 : 1.505057e-03 / 1.199425e-01
PCG: 3 : 1.270249e-04 / 1.012300e-02
PCG: 4 : 1.613883e-05 / 1.286152e-03
PCG: 5 : 1.405338e-06 / 1.119957e-04
PCG: 6 : 1.659674e-07 / 1.322644e-05
PCG: 0 : 1.650654e-07
PCG: 1 : 2.727927e-08 / 1.652634e-01
PCG: 2 : 5.240325e-09 / 3.174696e-02
PCG: 3 : 2.382049e-09 / 1.443095e-02
PCG: 4 : 5.194633e-10 / 3.147016e-03
PCG: 5 : 6.792051e-11 / 4.114764e-04
PCG: 6 : 3.800928e-12 / 2.302681e-05

PCG ( VCycle ( S: Scale / C: Scale )  )

Complete solver TOE: 0.003401
3.27134 GFlop/s [3.27134 GFlops/s]

Total time: 0.003401s
Accumulated op time: 0.003089

Reductions: 9.64422%
Blas-1: 2.8227%
Blas-2: 78.3593%
Precon Kernels: 0%
MPI Execution: 0%
MPI Wait: 0%
Not covered: 9.17377%

Domain size: 0.776138 MByte
LA size: 1.95234 MByte
MPI size: 0.0436325 MByte

H0-Error: 1.098307e-04
H1-Error: 3.227246e-02

Writing DATA to output.data...
Run-Time: 0:00.014 [0:00.014]
0x31d198e880 Error: MemoryPool<CPU> still contains memory chunks on deconstructor call
