NUM-PROCS: 1
Preparing domain...
LVL-MIN: 1 [1]
LVL-MAX: 3 [3]
Creating gates...
Assembling system matrices...
Assembling system filters...
Assembling transfer matrices...
Converting assembled linear system from SparseMatrixCSR, Mem:main to SparseMatrixCSR, Mem:mainand to SparseMatrixCSR, Mem:main...
PCG: 0 : 1.157947e+00
PCG: 1 : 2.599996e-01 / 2.245350e-01
PCG: 2 : 2.182367e-02 / 1.884686e-02
PCG: 3 : 1.033922e-03 / 8.928928e-04
PCG: 0 : 6.039827e-01
PCG: 1 : 1.286792e-01 / 2.130511e-01
PCG: 2 : 6.449695e-03 / 1.067861e-02
PCG: 3 : 4.623732e-04 / 7.655405e-04
PCG: 0 : 4.623476e-04
PCG: 1 : 2.874458e-05 / 6.217093e-02
PCG: 2 : 2.358990e-06 / 5.102200e-03
PCG: 3 : 2.822600e-07 / 6.104931e-04
PCG: 0 : 2.822569e-07
PCG: 1 : 3.767978e-08 / 1.334946e-01
PCG: 2 : 3.754160e-09 / 1.330051e-02
PCG: 3 : 5.108867e-10 / 1.810006e-03
PCG: 0 : 5.108918e-10
PCG: 1 : 5.397952e-11 / 1.056574e-01
PCG: 2 : 4.143706e-12 / 8.110730e-03
PCG: 3 : 6.868560e-13 / 1.344425e-03

PCG ( VCycle ( S: Scale / C: Scale )  )

Complete solver TOE: 0.000996
0.16282 GFlop/s [0.16282 GFlops/s]

Total time: 0.000996s
Accumulated op time: 0.000274

Reductions: 2.30924%
Blas-1: 5.82329%
Blas-2: 19.3775%
Precon Kernels: 0%
MPI Execution: 0%
MPI Wait: 0%
Not covered: 72.49%

Domain size: 0.0085144 MByte
LA size: 0.0250664 MByte
MPI size: 0.000900269 MByte

H0-Error: 6.962289e-03
H1-Error: 2.567055e-01

Writing DATA to output.data...
Run-Time: 0:00.017 [0:00.017]
0xb338e9f8 Error: MemoryPool<CPU> still contains memory chunks on deconstructor call
