NUM-PROCS: 1
Preparing domain...
LVL-MIN: 1 [1]
LVL-MAX: 10 [10]
Creating gates...
Assembling system matrices...
Assembling system filters...
Assembling transfer matrices...
Converting assembled linear system from SparseMatrixCSR, Mem:main to SparseMatrixELL, Mem:cudaand to SparseMatrixELL, Mem:cuda...
PCG: 0 : 9.473711e-03
PCG: 1 : 3.632814e-03 / 3.834626e-01
PCG: 2 : 1.419615e-03 / 1.498479e-01
PCG: 3 : 4.982905e-04 / 5.259718e-02
PCG: 4 : 1.272001e-04 / 1.342664e-02
PCG: 5 : 1.428272e-05 / 1.507616e-03
PCG: 6 : 1.278890e-06 / 1.349936e-04
PCG: 0 : 2.115348e-04
PCG: 1 : 3.058434e-05 / 1.445830e-01
PCG: 2 : 3.989130e-06 / 1.885803e-02
PCG: 3 : 6.935874e-07 / 3.278833e-03
PCG: 4 : 8.176291e-08 / 3.865222e-04
PCG: 5 : 9.017492e-09 / 4.262888e-05
PCG: 6 : 1.120314e-09 / 5.296120e-06
PCG: 0 : 4.121718e-08
PCG: 1 : 1.223464e-08 / 2.968335e-01
PCG: 2 : 1.579820e-09 / 3.832917e-02
PCG: 3 : 3.045411e-10 / 7.388693e-03
PCG: 4 : 5.182108e-11 / 1.257269e-03
PCG: 5 : 5.502591e-12 / 1.335024e-04
PCG: 6 : 6.444549e-13 / 1.563559e-05
PCG: 0 : 3.463878e-11
PCG: 1 : 1.044801e-11 / 3.016276e-01
PCG: 2 : 1.358643e-12 / 3.922317e-02
PCG: 3 : 2.366567e-13 / 6.832130e-03
PCG: 4 : 3.279067e-14 / 9.466462e-04
PCG: 5 : 3.469208e-15 / 1.001539e-04
PCG: 6 : 4.446243e-16 / 1.283603e-05

PCG ( VCycle ( S: Scale / C: Scale )  )

Complete solver TOE: 6.86197
0.546292 GFlop/s [0.546292 GFlops/s]

Total time: 6.86197s
Accumulated op time: 2.14696

Reductions: 29.8098%
Blas-1: 0.741624%
Blas-2: 0.736392%
Precon Kernels: 0%
MPI Execution: 0%
MPI Wait: 0%
Not covered: 68.7122%

Domain size: 106.948 MByte
LA size: 356.567 MByte
MPI size: 10.698 MByte

H0-Error: 4.290881e-07
H1-Error: 2.017209e-03

Writing DATA to output.data...
Run-Time: 0:18.459 [0:18.459]
0xb33439f8 Error: MemoryPool<CUDA> still contains memory chunks on deconstructor call
