NUM-PROCS: 1
Preparing domain...
LVL-MIN: 1 [1]
LVL-MAX: 6 [6]
Creating gates...
Assembling system matrices...
Assembling system filters...
Assembling transfer matrices...
Converting assembled linear system from SparseMatrixCSR, Mem:main to SparseMatrixELL, Mem:cudaand to SparseMatrixELL, Mem:cuda...
PCG: 0 : 1.512630e-01
PCG: 1 : 4.492689e-02 / 2.970118e-01
PCG: 2 : 1.275274e-02 / 8.430842e-02
PCG: 3 : 1.881610e-03 / 1.243933e-02
PCG: 4 : 1.632482e-04 / 1.079235e-03
PCG: 5 : 1.919470e-05 / 1.268962e-04
PCG: 6 : 2.230521e-06 / 1.474599e-05
PCG: 7 : 1.484543e-07 / 9.814321e-07
PCG: 0 : 1.254563e-02
PCG: 1 : 9.791451e-04 / 7.804671e-02
PCG: 2 : 1.838445e-04 / 1.465407e-02
PCG: 3 : 2.779924e-05 / 2.215850e-03
PCG: 4 : 2.872064e-06 / 2.289294e-04
PCG: 5 : 3.342371e-07 / 2.664172e-05
PCG: 6 : 2.899265e-08 / 2.310976e-06
PCG: 7 : 3.400488e-09 / 2.710496e-07
PCG: 0 : 2.170473e-08
PCG: 1 : 3.868968e-09 / 1.782546e-01
PCG: 2 : 5.705165e-10 / 2.628536e-02
PCG: 3 : 4.540253e-11 / 2.091827e-03
PCG: 4 : 6.044521e-12 / 2.784887e-04
PCG: 5 : 6.453981e-13 / 2.973537e-05
PCG: 6 : 7.210090e-14 / 3.321899e-06
PCG: 7 : 8.599403e-15 / 3.961996e-07

PCG ( VCycle ( S: Scale / C: Scale )  )

Complete solver TOE: 0.335668
0.038468 GFlop/s [0.038468 GFlops/s]

Total time: 0.335668s
Accumulated op time: 0.04518

Reductions: 4.21845%
Blas-1: 4.59621%
Blas-2: 4.64507%
Precon Kernels: 0%
MPI Execution: 0%
MPI Wait: 0%
Not covered: 86.5403%

Domain size: 0.434235 MByte
LA size: 1.44326 MByte
MPI size: 0.0436707 MByte

H0-Error: 1.098307e-04
H1-Error: 3.227246e-02

Writing DATA to output.data...
Run-Time: 0:00.431 [0:00.431]
0xb33409f8 Error: MemoryPool<CUDA> still contains memory chunks on deconstructor call
