NUM-PROCS: 1
Preparing domain...
LVL-MIN: 2 [2]
LVL-MAX: 5 [5]
Creating gates...
Assembling system matrices...
Assembling system filters...
Assembling transfer matrices...
Converting assembled linear system from SparseMatrixCSR, Mem:main to SparseMatrixCSR, Mem:main...
PCG:    0 : 3.015407e-01
PCG:    1 : 1.296713e-01 / 4.300293e-01
PCG:    2 : 5.319672e-02 / 1.764164e-01
PCG:    3 : 6.768768e-03 / 2.244728e-02
PCG:    4 : 6.351036e-04 / 2.106195e-03
PCG:    5 : 8.173712e-05 / 2.710649e-04
PCG:    6 : 1.757962e-06 / 5.829932e-06
PCG:    7 : 2.571814e-07 / 8.528910e-07
PCG:    8 : 3.058717e-08 / 1.014363e-07
PCG:    9 : 3.078783e-09 / 1.021017e-08
PCG:   10 : 2.518435e-10 / 8.351889e-10

PCG ( VCycle ( S: Scale / C: Scale )  )

Complete solver TOE: 0.00259
0.57881 GFlop/s [0.57881 GFlops/s]

Total time: 0.00259s
Accumulated op time: 0.001954

Reductions: 3.20463%
Blas-1: 9.18919%
Blas-2: 63.0502%
Precon Kernels: 0%
MPI Execution: 0%
MPI Wait: 0%
Not covered: 24.556%

Domain size: 0.112244 MByte
LA size: 0.372051 MByte
MPI size: 0.0113525 MByte

H0-Error: 4.391240e-04
H1-Error: 6.452751e-02

Run-Time: 0:00.015 [0:00.015]
