NUM-PROCS: 1
Preparing domain...
LVL-MIN: 3 [3]
LVL-MAX: 9 [9]
Creating gates...
Assembling system matrices...
Assembling system filters...
Assembling transfer matrices...
Converting assembled linear system from SparseMatrixCSR, Mem:main to SparseMatrixCSR, Mem:mainand to SparseMatrixCSR, Mem:main...
PCG: 0 : 1.894513e-02
PCG: 1 : 1.974194e-02 / 1.042059e+00
PCG: 0 : 1.979781e-02
PCG: 1 : 1.983377e-02 / 1.001817e+00
PCG: 0 : 1.983378e-02
PCG: 1 : 2.716419e-02 / 1.369592e+00
PCG: 0 : 2.716419e-02
PCG: 1 : 4.334211e-02 / 1.595561e+00
PCG: 0 : 4.334214e-02
PCG: 1 : 4.091902e-02 / 9.440933e-01
PCG: 0 : 4.091902e-02
PCG: 1 : 4.737229e-02 / 1.157708e+00
PCG: 0 : 4.737228e-02
PCG: 1 : 3.734734e-02 / 7.883795e-01
PCG: 0 : 3.734733e-02
PCG: 1 : 3.870382e-02 / 1.036321e+00
PCG: 0 : 3.870382e-02
PCG: 1 : 2.825962e-02 / 7.301506e-01
PCG: 0 : 2.825962e-02
PCG: 1 : 2.805537e-02 / 9.927722e-01
PCG: 0 : 2.805536e-02
PCG: 1 : 1.990238e-02 / 7.093966e-01
PCG: 0 : 1.990238e-02
PCG: 1 : 1.945711e-02 / 9.776272e-01
PCG: 0 : 1.945711e-02
PCG: 1 : 1.365513e-02 / 7.018065e-01
PCG: 0 : 1.365512e-02
PCG: 1 : 1.327658e-02 / 9.722779e-01
PCG: 0 : 1.327658e-02
PCG: 1 : 9.279109e-03 / 6.989083e-01
PCG: 0 : 9.279108e-03
PCG: 1 : 9.001135e-03 / 9.700432e-01
PCG: 0 : 9.001132e-03
PCG: 1 : 6.282125e-03 / 6.979260e-01
PCG: 0 : 6.282125e-03
PCG: 1 : 6.088828e-03 / 9.692307e-01
PCG: 0 : 6.088829e-03
PCG: 1 : 4.247385e-03 / 6.975701e-01
PCG: 0 : 4.247385e-03
PCG: 1 : 4.115852e-03 / 9.690320e-01
PCG: 0 : 4.115851e-03
PCG: 1 : 2.871004e-03 / 6.975480e-01
PCG: 0 : 2.871004e-03
PCG: 1 : 2.781750e-03 / 9.689120e-01
PCG: 0 : 2.781750e-03
PCG: 1 : 1.940614e-03 / 6.976236e-01
PCG: 0 : 1.940615e-03
PCG: 1 : 1.880474e-03 / 9.690096e-01
PCG: 0 : 1.880474e-03
PCG: 1 : 1.311959e-03 / 6.976746e-01
PCG: 0 : 1.311959e-03
PCG: 1 : 1.271431e-03 / 9.691094e-01
PCG: 0 : 1.271431e-03
PCG: 1 : 8.871846e-04 / 6.977842e-01
PCG: 0 : 8.871846e-04
PCG: 1 : 8.598002e-04 / 9.691333e-01
PCG: 0 : 8.598002e-04
PCG: 1 : 6.000556e-04 / 6.979012e-01
PCG: 0 : 6.000556e-04
PCG: 1 : 5.815301e-04 / 9.691271e-01
PCG: 0 : 5.815300e-04
PCG: 1 : 4.059260e-04 / 6.980311e-01
PCG: 0 : 4.059260e-04
PCG: 1 : 3.934056e-04 / 9.691559e-01
PCG: 0 : 3.934056e-04
PCG: 1 : 2.746211e-04 / 6.980610e-01
PCG: 0 : 2.746211e-04
PCG: 1 : 2.661712e-04 / 9.692308e-01
PCG: 0 : 2.661713e-04
PCG: 1 : 1.858211e-04 / 6.981260e-01
PCG: 0 : 1.858211e-04
PCG: 1 : 1.801101e-04 / 9.692662e-01
PCG: 0 : 1.801101e-04
PCG: 1 : 1.257420e-04 / 6.981394e-01
PCG: 0 : 1.257420e-04
PCG: 1 : 1.218860e-04 / 9.693347e-01
PCG: 0 : 1.218860e-04
PCG: 1 : 8.509619e-05 / 6.981620e-01
PCG: 0 : 8.509618e-05
PCG: 1 : 8.248753e-05 / 9.693447e-01
PCG: 0 : 8.248754e-05
PCG: 1 : 5.759329e-05 / 6.982059e-01
PCG: 0 : 5.759328e-05
PCG: 1 : 5.582571e-05 / 9.693094e-01
PCG: 0 : 5.582571e-05
PCG: 1 : 3.898253e-05 / 6.982900e-01
PCG: 0 : 3.898253e-05
PCG: 1 : 3.778394e-05 / 9.692529e-01
PCG: 0 : 3.778393e-05
PCG: 1 : 2.638588e-05 / 6.983361e-01
PCG: 0 : 2.638588e-05
PCG: 1 : 2.557422e-05 / 9.692388e-01
PCG: 0 : 2.557421e-05
PCG: 1 : 1.786043e-05 / 6.983766e-01
PCG: 0 : 1.786043e-05
PCG: 1 : 1.731085e-05 / 9.692293e-01
PCG: 0 : 1.731085e-05
PCG: 1 : 1.208951e-05 / 6.983778e-01
PCG: 0 : 1.208951e-05
PCG: 1 : 1.171857e-05 / 9.693171e-01
PCG: 0 : 1.171857e-05
PCG: 1 : 8.183620e-06 / 6.983461e-01
PCG: 0 : 8.183620e-06
PCG: 1 : 7.932530e-06 / 9.693180e-01
PCG: 0 : 7.932530e-06
PCG: 1 : 5.539799e-06 / 6.983647e-01
PCG: 0 : 5.539798e-06
PCG: 1 : 5.370175e-06 / 9.693811e-01
PCG: 0 : 5.370174e-06
PCG: 1 : 3.750226e-06 / 6.983435e-01
PCG: 0 : 3.750226e-06
PCG: 1 : 3.635310e-06 / 9.693576e-01
PCG: 0 : 3.635310e-06
PCG: 1 : 2.538842e-06 / 6.983841e-01
PCG: 0 : 2.538842e-06
PCG: 1 : 2.461001e-06 / 9.693396e-01
PCG: 0 : 2.461000e-06
PCG: 1 : 1.718677e-06 / 6.983650e-01
PCG: 0 : 1.718676e-06
PCG: 1 : 1.666136e-06 / 9.694299e-01
PCG: 0 : 1.666136e-06
PCG: 1 : 1.163543e-06 / 6.983482e-01
PCG: 0 : 1.163543e-06
PCG: 1 : 1.127954e-06 / 9.694138e-01
PCG: 0 : 1.127954e-06
PCG: 1 : 7.877382e-07 / 6.983778e-01
PCG: 0 : 7.877383e-07
PCG: 1 : 7.636309e-07 / 9.693966e-01
PCG: 0 : 7.636308e-07
PCG: 1 : 5.333129e-07 / 6.983911e-01
PCG: 0 : 5.333129e-07
PCG: 1 : 5.169766e-07 / 9.693684e-01
PCG: 0 : 5.169765e-07
PCG: 1 : 3.610849e-07 / 6.984552e-01
PCG: 0 : 3.610850e-07
PCG: 1 : 3.500054e-07 / 9.693159e-01
PCG: 0 : 3.500053e-07
PCG: 1 : 2.444681e-07 / 6.984699e-01
PCG: 0 : 2.444682e-07
PCG: 1 : 2.369705e-07 / 9.693306e-01

PCG ( VCycle ( S: Scale / C: Scale )  )

Complete solver TOE: 8.54405
0.408099 GFlop/s [0.408099 GFlops/s]

Total time: 8.54405s
Accumulated op time: 8.12024

Reductions: 1.94924%
Blas-1: 5.65314%
Blas-2: 87.4374%
Precon Kernels: 0%
MPI Execution: 0%
MPI Wait: 0%
Not covered: 4.96025%

Domain size: 26.805 MByte
LA size: 89.2863 MByte
MPI size: 2.68211 MByte

H0-Error: 1.810282e-06
H1-Error: 4.034414e-03

Writing DATA to output.data...
Run-Time: 0:11.005 [0:11.005]
0xb33319f8 Error: MemoryPool<CPU> still contains memory chunks on deconstructor call
