NUM-PROCS: 1
Preparing domain...
LVL-MIN: 3 [3]
LVL-MAX: 11 [11]
Creating gates...
Assembling system matrices...
Assembling system filters...
Assembling transfer matrices...
Converting assembled linear system from SparseMatrixCSR, Mem:main to SparseMatrixELL, Mem:cudaand to SparseMatrixELL, Mem:cuda...
PCG: 0 : 4.737108e-03
PCG: 1 : 5.119708e-03 / 1.080767e+00
PCG: 2 : 6.805376e-03 / 1.436610e+00
PCG: 3 : 5.717037e-03 / 1.206862e+00
PCG: 0 : 5.717249e-03
PCG: 1 : 1.910221e-03 / 3.341155e-01
PCG: 2 : 1.162293e-03 / 2.032959e-01
PCG: 3 : 1.719002e-03 / 3.006695e-01
PCG: 0 : 1.719002e-03
PCG: 1 : 8.824669e-04 / 5.133600e-01
PCG: 2 : 6.017663e-04 / 3.500673e-01
PCG: 3 : 1.782216e-04 / 1.036774e-01
PCG: 0 : 1.782217e-04
PCG: 1 : 9.104995e-05 / 5.108803e-01
PCG: 2 : 4.087744e-05 / 2.293629e-01
PCG: 3 : 3.793752e-05 / 2.128670e-01
PCG: 0 : 3.793754e-05
PCG: 1 : 2.958054e-05 / 7.797168e-01
PCG: 2 : 2.058535e-05 / 5.426117e-01
PCG: 3 : 8.492565e-06 / 2.238565e-01
PCG: 0 : 8.492570e-06
PCG: 1 : 4.550102e-06 / 5.357744e-01
PCG: 2 : 1.662842e-06 / 1.957996e-01
PCG: 3 : 1.346994e-06 / 1.586085e-01
PCG: 0 : 1.346994e-06
PCG: 1 : 1.062913e-06 / 7.890998e-01
PCG: 2 : 8.225715e-07 / 6.106718e-01
PCG: 3 : 3.433621e-07 / 2.549099e-01
PCG: 0 : 3.433620e-07
PCG: 1 : 1.882896e-07 / 5.483706e-01
PCG: 2 : 6.562170e-08 / 1.911152e-01
PCG: 3 : 5.112797e-08 / 1.489040e-01
PCG: 0 : 5.112798e-08
PCG: 1 : 4.022781e-08 / 7.868062e-01
PCG: 2 : 3.295698e-08 / 6.445977e-01
PCG: 3 : 1.376587e-08 / 2.692434e-01
PCG: 0 : 1.376587e-08
PCG: 1 : 7.685585e-09 / 5.583071e-01
PCG: 2 : 2.648442e-09 / 1.923919e-01
PCG: 3 : 2.028217e-09 / 1.473366e-01
PCG: 0 : 2.028218e-09
PCG: 1 : 1.585086e-09 / 7.815162e-01
PCG: 2 : 1.339565e-09 / 6.604638e-01
PCG: 3 : 5.514051e-10 / 2.718667e-01

PCG ( VCycle ( S: Scale / C: Scale )  )

Complete solver TOE: 1.0721
20.2763 GFlop/s [20.2763 GFlops/s]

Total time: 1.0721s
Accumulated op time: 0.590622

Reductions: 54.6212%
Blas-1: 0.227964%
Blas-2: 0.241022%
Precon Kernels: 0%
MPI Execution: 0%
MPI Wait: 0%
Not covered: 44.9098%

Domain size: 768.871 MByte
LA size: 1932.14 MByte
MPI size: 42.7291 MByte

H0-Error: 1.073467e-07
H1-Error: 1.008605e-03

Writing DATA to output.data...
Run-Time: 0:11.930 [0:11.930]
0x31d198e880 Error: MemoryPool<CUDA> still contains memory chunks on deconstructor call
