NUM-PROCS: 1
Preparing domain...
LVL-MIN: 3 [3]
LVL-MAX: 7 [7]
Creating gates...
Assembling system matrices...
Assembling system filters...
Assembling transfer matrices...
Converting assembled linear system from SparseMatrixCSR, Mem:main to SparseMatrixCSR, Mem:mainand to SparseMatrixCSR, Mem:main...
PCG: 0 : 7.572480e-02
PCG: 1 : 7.534408e-02 / 9.949723e-01
PCG: 2 : 7.357013e-02 / 9.715461e-01
PCG: 3 : 4.669910e-02 / 6.166949e-01
PCG: 4 : 5.320003e-03 / 7.025444e-02
PCG: 5 : 5.762440e-04 / 7.609714e-03
PCG: 0 : 4.360730e-03
PCG: 1 : 7.285464e-04 / 1.670698e-01
PCG: 2 : 1.114708e-03 / 2.556243e-01
PCG: 3 : 4.883714e-04 / 1.119930e-01
PCG: 4 : 1.562490e-04 / 3.583094e-02
PCG: 5 : 2.942812e-05 / 6.748440e-03
PCG: 0 : 2.942803e-05
PCG: 1 : 6.898323e-06 / 2.344134e-01
PCG: 2 : 8.902996e-07 / 3.025346e-02
PCG: 3 : 3.432149e-07 / 1.166286e-02
PCG: 4 : 2.184625e-07 / 7.423622e-03
PCG: 5 : 1.304484e-07 / 4.432794e-03
PCG: 0 : 1.304486e-07
PCG: 1 : 9.450652e-08 / 7.244734e-01
PCG: 2 : 4.989220e-08 / 3.824664e-01
PCG: 3 : 4.654902e-08 / 3.568381e-01
PCG: 4 : 1.528456e-08 / 1.171692e-01
PCG: 5 : 2.922857e-09 / 2.240620e-02
PCG: 0 : 2.922855e-09
PCG: 1 : 9.590487e-10 / 3.281205e-01
PCG: 2 : 3.491620e-10 / 1.194592e-01
PCG: 3 : 2.077404e-10 / 7.107446e-02
PCG: 4 : 5.761996e-11 / 1.971359e-02
PCG: 5 : 1.614708e-11 / 5.524419e-03

PCG ( VCycle ( S: Scale / C: Scale )  )

Complete solver TOE: 0.089218
0.694532 GFlop/s [0.694532 GFlops/s]

Total time: 0.089218s
Accumulated op time: 0.083227

Reductions: 2.07581%
Blas-1: 5.67935%
Blas-2: 85.5298%
Precon Kernels: 0%
MPI Execution: 0%
MPI Wait: 0%
Not covered: 6.71501%

Domain size: 1.6994 MByte
LA size: 5.63599 MByte
MPI size: 0.170364 MByte

H0-Error: 2.746077e-05
H1-Error: 1.613732e-02

Writing DATA to output.data...
Run-Time: 0:00.244 [0:00.244]
0xb32e49f8 Error: MemoryPool<CPU> still contains memory chunks on deconstructor call
