NUM-PROCS: 1
Preparing domain...
LVL-MIN: 3 [3]
LVL-MAX: 9 [9]
Creating gates...
Assembling system matrices...
Assembling system filters...
Assembling transfer matrices...
Converting assembled linear system from SparseMatrixCSR, Mem:main to SparseMatrixELL, Mem:cudaand to SparseMatrixELL, Mem:cuda...
PCG: 0 : 1.894534e-02
PCG: 1 : 1.974151e-02 / 1.042024e+00
PCG: 0 : 1.979736e-02
PCG: 1 : 1.983380e-02 / 1.001841e+00
PCG: 0 : 1.983380e-02
PCG: 1 : 2.716678e-02 / 1.369721e+00
PCG: 0 : 2.716677e-02
PCG: 1 : 4.334323e-02 / 1.595450e+00
PCG: 0 : 4.334322e-02
PCG: 1 : 4.092630e-02 / 9.442376e-01
PCG: 0 : 4.092630e-02
PCG: 1 : 4.737304e-02 / 1.157521e+00
PCG: 0 : 4.737304e-02
PCG: 1 : 3.735706e-02 / 7.885721e-01
PCG: 0 : 3.735706e-02
PCG: 1 : 3.870365e-02 / 1.036047e+00
PCG: 0 : 3.870365e-02
PCG: 1 : 2.826757e-02 / 7.303592e-01
PCG: 0 : 2.826757e-02
PCG: 1 : 2.805554e-02 / 9.924994e-01
PCG: 0 : 2.805554e-02
PCG: 1 : 1.990770e-02 / 7.095817e-01
PCG: 0 : 1.990770e-02
PCG: 1 : 1.945800e-02 / 9.774106e-01
PCG: 0 : 1.945800e-02
PCG: 1 : 1.366004e-02 / 7.020273e-01
PCG: 0 : 1.366004e-02
PCG: 1 : 1.327613e-02 / 9.718953e-01
PCG: 0 : 1.327613e-02
PCG: 1 : 9.281999e-03 / 6.991493e-01
PCG: 0 : 9.281999e-03
PCG: 1 : 9.001580e-03 / 9.697890e-01
PCG: 0 : 9.001580e-03
PCG: 1 : 6.283998e-03 / 6.980994e-01
PCG: 0 : 6.283997e-03
PCG: 1 : 6.089244e-03 / 9.690081e-01
PCG: 0 : 6.089244e-03
PCG: 1 : 4.248732e-03 / 6.977438e-01
PCG: 0 : 4.248732e-03
PCG: 1 : 4.116043e-03 / 9.687698e-01
PCG: 0 : 4.116043e-03
PCG: 1 : 2.871816e-03 / 6.977128e-01
PCG: 0 : 2.871816e-03
PCG: 1 : 2.782003e-03 / 9.687259e-01
PCG: 0 : 2.782003e-03
PCG: 1 : 1.941173e-03 / 6.977609e-01
PCG: 0 : 1.941173e-03
PCG: 1 : 1.880606e-03 / 9.687992e-01
PCG: 0 : 1.880606e-03
PCG: 1 : 1.312391e-03 / 6.978555e-01
PCG: 0 : 1.312391e-03
PCG: 1 : 1.271518e-03 / 9.688557e-01
PCG: 0 : 1.271518e-03
PCG: 1 : 8.874584e-04 / 6.979520e-01
PCG: 0 : 8.874584e-04
PCG: 1 : 8.598939e-04 / 9.689398e-01
PCG: 0 : 8.598938e-04
PCG: 1 : 6.002312e-04 / 6.980295e-01
PCG: 0 : 6.002312e-04
PCG: 1 : 5.816189e-04 / 9.689913e-01
PCG: 0 : 5.816189e-04
PCG: 1 : 4.060375e-04 / 6.981161e-01
PCG: 0 : 4.060375e-04
PCG: 1 : 3.934681e-04 / 9.690439e-01
PCG: 0 : 3.934681e-04
PCG: 1 : 2.747049e-04 / 6.981631e-01
PCG: 0 : 2.747049e-04
PCG: 1 : 2.662122e-04 / 9.690843e-01
PCG: 0 : 2.662122e-04
PCG: 1 : 1.858787e-04 / 6.982352e-01
PCG: 0 : 1.858787e-04
PCG: 1 : 1.801345e-04 / 9.690969e-01
PCG: 0 : 1.801345e-04
PCG: 1 : 1.257823e-04 / 6.982688e-01
PCG: 0 : 1.257823e-04
PCG: 1 : 1.219002e-04 / 9.691368e-01
PCG: 0 : 1.219002e-04
PCG: 1 : 8.512471e-05 / 6.983148e-01
PCG: 0 : 8.512470e-05
PCG: 1 : 8.249711e-05 / 9.691324e-01
PCG: 0 : 8.249710e-05
PCG: 1 : 5.761175e-05 / 6.983488e-01
PCG: 0 : 5.761175e-05
PCG: 1 : 5.583493e-05 / 9.691587e-01
PCG: 0 : 5.583492e-05
PCG: 1 : 3.899358e-05 / 6.983725e-01
PCG: 0 : 3.899358e-05
PCG: 1 : 3.779083e-05 / 9.691553e-01
PCG: 0 : 3.779083e-05
PCG: 1 : 2.639344e-05 / 6.984085e-01
PCG: 0 : 2.639344e-05
PCG: 1 : 2.557975e-05 / 9.691706e-01
PCG: 0 : 2.557974e-05
PCG: 1 : 1.786531e-05 / 6.984163e-01
PCG: 0 : 1.786531e-05
PCG: 1 : 1.731447e-05 / 9.691669e-01
PCG: 0 : 1.731447e-05
PCG: 1 : 1.209349e-05 / 6.984617e-01
PCG: 0 : 1.209349e-05
PCG: 1 : 1.172046e-05 / 9.691547e-01
PCG: 0 : 1.172046e-05
PCG: 1 : 8.186380e-06 / 6.984690e-01
PCG: 0 : 8.186380e-06
PCG: 1 : 7.933898e-06 / 9.691583e-01
PCG: 0 : 7.933897e-06
PCG: 1 : 5.541886e-06 / 6.985075e-01
PCG: 0 : 5.541885e-06
PCG: 1 : 5.370849e-06 / 9.691375e-01
PCG: 0 : 5.370849e-06
PCG: 1 : 3.751616e-06 / 6.985146e-01
PCG: 0 : 3.751616e-06
PCG: 1 : 3.635905e-06 / 9.691571e-01
PCG: 0 : 3.635905e-06
PCG: 1 : 2.539794e-06 / 6.985314e-01
PCG: 0 : 2.539793e-06
PCG: 1 : 2.461410e-06 / 9.691380e-01
PCG: 0 : 2.461410e-06
PCG: 1 : 1.719410e-06 / 6.985465e-01
PCG: 0 : 1.719410e-06
PCG: 1 : 1.666374e-06 / 9.691550e-01
PCG: 0 : 1.666374e-06
PCG: 1 : 1.164045e-06 / 6.985496e-01
PCG: 0 : 1.164045e-06
PCG: 1 : 1.128124e-06 / 9.691415e-01
PCG: 0 : 1.128124e-06
PCG: 1 : 7.880824e-07 / 6.985776e-01
PCG: 0 : 7.880824e-07
PCG: 1 : 7.637624e-07 / 9.691404e-01
PCG: 0 : 7.637624e-07
PCG: 1 : 5.335465e-07 / 6.985766e-01
PCG: 0 : 5.335465e-07
PCG: 1 : 5.170779e-07 / 9.691337e-01
PCG: 0 : 5.170779e-07
PCG: 1 : 3.612362e-07 / 6.986108e-01
PCG: 0 : 3.612362e-07
PCG: 1 : 3.500795e-07 / 9.691154e-01
PCG: 0 : 3.500795e-07
PCG: 1 : 2.445697e-07 / 6.986119e-01
PCG: 0 : 2.445697e-07
PCG: 1 : 2.370177e-07 / 9.691213e-01
PCG: 0 : 2.370177e-07
PCG: 1 : 1.655888e-07 / 6.986347e-01
PCG: 0 : 1.655888e-07
PCG: 1 : 1.604714e-07 / 9.690962e-01
PCG: 0 : 1.604714e-07
PCG: 1 : 1.121125e-07 / 6.986447e-01
PCG: 0 : 1.121125e-07
PCG: 1 : 1.086494e-07 / 9.691102e-01
PCG: 0 : 1.086494e-07
PCG: 1 : 7.590809e-08 / 6.986520e-01
PCG: 0 : 7.590808e-08
PCG: 1 : 7.356164e-08 / 9.690884e-01
PCG: 0 : 7.356164e-08
PCG: 1 : 5.139544e-08 / 6.986717e-01
PCG: 0 : 5.139544e-08
PCG: 1 : 4.980714e-08 / 9.690966e-01
PCG: 0 : 4.980714e-08
PCG: 1 : 3.479857e-08 / 6.986664e-01
PCG: 0 : 3.479857e-08
PCG: 1 : 3.372292e-08 / 9.690892e-01
PCG: 0 : 3.372292e-08
PCG: 1 : 2.356201e-08 / 6.986942e-01
PCG: 0 : 2.356201e-08
PCG: 1 : 2.283341e-08 / 9.690773e-01

PCG ( VCycle ( S: Scale / C: Scale )  )

Complete solver TOE: 0.288042
14.1806 GFlop/s [14.1806 GFlops/s]

Total time: 0.288042s
Accumulated op time: 0.140985

Reductions: 45.4843%
Blas-1: 1.67857%
Blas-2: 1.78307%
Precon Kernels: 0%
MPI Execution: 0%
MPI Wait: 0%
Not covered: 51.054%

Domain size: 48.2146 MByte
LA size: 121.061 MByte
MPI size: 2.68217 MByte

H0-Error: 1.725333e-06
H1-Error: 4.034414e-03

Writing DATA to output.data...
Run-Time: 0:01.015 [0:01.015]
0x31d198e880 Error: MemoryPool<CUDA> still contains memory chunks on deconstructor call
