NUM-PROCS: 1
Preparing domain...
LVL-MIN: 5 [5]
LVL-MAX: 6 [6]
Creating gates...
Assembling system matrices...
Assembling system filters...
Assembling transfer matrices...
Converting assembled linear system from SparseMatrixCSR, Mem:main to SparseMatrixELL, Mem:cudaand to SparseMatrixELL, Mem:cuda...
PCG: 0 : 1.512630e-01
PCG: 1 : 5.296442e-01 / 3.501480e+00
PCG: 2 : 3.286088e-01 / 2.172434e+00
PCG: 3 : 3.573478e-01 / 2.362428e+00
PCG: 4 : 3.568065e-01 / 2.358849e+00
PCG: 5 : 2.454737e-01 / 1.622827e+00
PCG: 6 : 1.993825e-01 / 1.318118e+00
PCG: 7 : 2.148024e-01 / 1.420060e+00
PCG: 8 : 1.415627e-01 / 9.358717e-01
PCG: 9 : 8.050637e-02 / 5.322279e-01
PCG: 0 : 8.347409e-02
PCG: 1 : 6.968383e-02 / 8.347960e-01
PCG: 2 : 6.029836e-02 / 7.223603e-01
PCG: 3 : 3.084940e-02 / 3.695685e-01
PCG: 4 : 1.792946e-02 / 2.147907e-01
PCG: 5 : 1.508581e-02 / 1.807245e-01
PCG: 6 : 1.283770e-02 / 1.537927e-01
PCG: 7 : 7.625768e-03 / 9.135491e-02
PCG: 8 : 6.573708e-03 / 7.875148e-02
PCG: 9 : 6.983781e-03 / 8.366405e-02
PCG: 0 : 6.983783e-03
PCG: 1 : 2.759124e-03 / 3.950759e-01
PCG: 2 : 1.472207e-03 / 2.108036e-01
PCG: 3 : 1.201526e-03 / 1.720452e-01
PCG: 4 : 1.807288e-03 / 2.587835e-01
PCG: 5 : 1.044319e-03 / 1.495348e-01
PCG: 6 : 1.336600e-03 / 1.913862e-01
PCG: 7 : 1.689355e-03 / 2.418969e-01
PCG: 8 : 1.014858e-03 / 1.453163e-01
PCG: 9 : 1.298769e-03 / 1.859693e-01
PCG: 0 : 1.298769e-03
PCG: 1 : 8.735964e-04 / 6.726340e-01
PCG: 2 : 8.506259e-04 / 6.549477e-01
PCG: 3 : 6.959700e-04 / 5.358688e-01
PCG: 4 : 6.957952e-04 / 5.357343e-01
PCG: 5 : 5.911695e-04 / 4.551767e-01
PCG: 6 : 4.808913e-04 / 3.702669e-01
PCG: 7 : 4.402632e-04 / 3.389849e-01
PCG: 8 : 5.199289e-04 / 4.003243e-01
PCG: 9 : 4.212471e-04 / 3.243433e-01
PCG: 0 : 4.212470e-04
PCG: 1 : 4.226964e-04 / 1.003440e+00
PCG: 2 : 2.867365e-04 / 6.806850e-01
PCG: 3 : 2.703061e-04 / 6.416807e-01
PCG: 4 : 3.588353e-04 / 8.518406e-01
PCG: 5 : 2.625382e-04 / 6.232404e-01
PCG: 6 : 2.173089e-04 / 5.158704e-01
PCG: 7 : 2.025159e-04 / 4.807534e-01
PCG: 8 : 1.894202e-04 / 4.496654e-01
PCG: 9 : 1.995002e-04 / 4.735944e-01
PCG: 0 : 1.995002e-04
PCG: 1 : 1.616874e-04 / 8.104624e-01
PCG: 2 : 1.434788e-04 / 7.191913e-01
PCG: 3 : 1.329808e-04 / 6.665694e-01
PCG: 4 : 1.305543e-04 / 6.544070e-01
PCG: 5 : 1.394052e-04 / 6.987718e-01
PCG: 6 : 8.636968e-05 / 4.329302e-01
PCG: 7 : 6.896057e-05 / 3.456666e-01
PCG: 8 : 9.603634e-05 / 4.813846e-01
PCG: 9 : 7.492056e-05 / 3.755412e-01
PCG: 0 : 7.492057e-05
PCG: 1 : 8.272180e-05 / 1.104127e+00
PCG: 2 : 5.037078e-05 / 6.723225e-01
PCG: 3 : 5.663949e-05 / 7.559938e-01
PCG: 4 : 6.985603e-05 / 9.324011e-01
PCG: 5 : 4.958952e-05 / 6.618946e-01
PCG: 6 : 4.142229e-05 / 5.528827e-01
PCG: 7 : 3.727404e-05 / 4.975141e-01
PCG: 8 : 3.568970e-05 / 4.763671e-01
PCG: 9 : 3.806183e-05 / 5.080291e-01
PCG: 0 : 3.806183e-05
PCG: 1 : 3.143702e-05 / 8.259461e-01
PCG: 2 : 2.758046e-05 / 7.246225e-01
PCG: 3 : 2.624023e-05 / 6.894106e-01
PCG: 4 : 2.600256e-05 / 6.831663e-01
PCG: 5 : 2.734330e-05 / 7.183917e-01
PCG: 6 : 1.715230e-05 / 4.506431e-01
PCG: 7 : 1.325964e-05 / 3.483710e-01
PCG: 8 : 1.834716e-05 / 4.820356e-01
PCG: 9 : 1.455590e-05 / 3.824276e-01
PCG: 0 : 1.455589e-05
PCG: 1 : 1.597336e-05 / 1.097381e+00
PCG: 2 : 9.802311e-06 / 6.734257e-01
PCG: 3 : 1.120969e-05 / 7.701136e-01
PCG: 4 : 1.387848e-05 / 9.534611e-01
PCG: 5 : 9.904489e-06 / 6.804454e-01
PCG: 6 : 8.098816e-06 / 5.563943e-01
PCG: 7 : 7.276268e-06 / 4.998847e-01
PCG: 8 : 6.933257e-06 / 4.763196e-01
PCG: 9 : 7.462573e-06 / 5.126840e-01
PCG: 0 : 7.462571e-06
PCG: 1 : 6.118024e-06 / 8.198279e-01
PCG: 2 : 5.427393e-06 / 7.272819e-01
PCG: 3 : 5.142350e-06 / 6.890855e-01
PCG: 4 : 5.193778e-06 / 6.959770e-01
PCG: 5 : 5.404008e-06 / 7.241483e-01
PCG: 6 : 3.390278e-06 / 4.543043e-01
PCG: 7 : 2.593328e-06 / 3.475113e-01
PCG: 8 : 3.573491e-06 / 4.788552e-01
PCG: 9 : 2.885212e-06 / 3.866244e-01
PCG: 0 : 2.885212e-06
PCG: 1 : 3.098381e-06 / 1.073883e+00
PCG: 2 : 1.936589e-06 / 6.712120e-01
PCG: 3 : 2.201552e-06 / 7.630470e-01
PCG: 4 : 2.748325e-06 / 9.525558e-01
PCG: 5 : 1.985796e-06 / 6.882671e-01
PCG: 6 : 1.582290e-06 / 5.484139e-01
PCG: 7 : 1.453052e-06 / 5.036206e-01
PCG: 8 : 1.349779e-06 / 4.678268e-01
PCG: 9 : 1.488206e-06 / 5.158046e-01
PCG: 0 : 1.488205e-06
PCG: 1 : 1.188375e-06 / 7.985289e-01
PCG: 2 : 1.085943e-06 / 7.296999e-01
PCG: 3 : 1.000853e-06 / 6.725236e-01
PCG: 4 : 1.043235e-06 / 7.010019e-01
PCG: 5 : 1.063830e-06 / 7.148407e-01
PCG: 6 : 6.682746e-07 / 4.490473e-01
PCG: 7 : 5.155448e-07 / 3.464205e-01
PCG: 8 : 6.959553e-07 / 4.676474e-01
PCG: 9 : 5.803649e-07 / 3.899764e-01
PCG: 0 : 5.803649e-07
PCG: 1 : 6.006882e-07 / 1.035018e+00
PCG: 2 : 3.885892e-07 / 6.695601e-01
PCG: 3 : 4.310287e-07 / 7.426857e-01
PCG: 4 : 5.448494e-07 / 9.388049e-01
PCG: 5 : 4.008326e-07 / 6.906562e-01
PCG: 6 : 3.083791e-07 / 5.313538e-01
PCG: 7 : 2.933190e-07 / 5.054045e-01
PCG: 8 : 2.624253e-07 / 4.521729e-01
PCG: 9 : 2.997944e-07 / 5.165619e-01
PCG: 0 : 2.997944e-07
PCG: 1 : 2.308177e-07 / 7.699201e-01
PCG: 2 : 2.195474e-07 / 7.323264e-01
PCG: 3 : 1.948262e-07 / 6.498660e-01
PCG: 4 : 2.106766e-07 / 7.027369e-01
PCG: 5 : 2.095356e-07 / 6.989310e-01
PCG: 6 : 1.313230e-07 / 4.380434e-01
PCG: 7 : 1.037319e-07 / 3.460100e-01
PCG: 8 : 1.354641e-07 / 4.518568e-01
PCG: 9 : 1.173355e-07 / 3.913866e-01

PCG ( VCycle ( S: Scale / C: Scale )  )

Complete solver TOE: 0.034717
1.78892 GFlop/s [1.78892 GFlops/s]

Total time: 0.034717s
Accumulated op time: 0.021714

Reductions: 51.3236%
Blas-1: 6.59907%
Blas-2: 4.6231%
Precon Kernels: 0%
MPI Execution: 0%
MPI Wait: 0%
Not covered: 37.4543%

Domain size: 0.723785 MByte
LA size: 1.61487 MByte
MPI size: 0.0405731 MByte

H0-Error: 1.098815e-04
H1-Error: 3.227246e-02

Writing DATA to output.data...
Run-Time: 0:00.080 [0:00.080]
0x31d198e880 Error: MemoryPool<CUDA> still contains memory chunks on deconstructor call
