NUM-PROCS: 1
Preparing domain...
LVL-MIN: 6 [6]
LVL-MAX: 7 [7]
Creating gates...
Assembling system matrices...
Assembling system filters...
Assembling transfer matrices...
Converting assembled linear system from SparseMatrixCSR, Mem:main to SparseMatrixELL, Mem:cudaand to SparseMatrixELL, Mem:cuda...
PCG: 0 : 7.572471e-02
PCG: 1 : 5.481853e-01 / 7.239188e+00
PCG: 2 : 3.386466e-01 / 4.472076e+00
PCG: 3 : 3.418458e-01 / 4.514323e+00
PCG: 4 : 3.158086e-01 / 4.170483e+00
PCG: 5 : 2.220287e-01 / 2.932052e+00
PCG: 0 : 2.202387e-01
PCG: 1 : 1.937876e-01 / 8.798981e-01
PCG: 2 : 2.093113e-01 / 9.503838e-01
PCG: 3 : 1.844564e-01 / 8.375294e-01
PCG: 4 : 2.146622e-01 / 9.746796e-01
PCG: 5 : 1.910522e-01 / 8.674776e-01
PCG: 0 : 1.910521e-01
PCG: 1 : 1.444111e-01 / 7.558727e-01
PCG: 2 : 9.706192e-02 / 5.080389e-01
PCG: 3 : 1.041041e-01 / 5.448989e-01
PCG: 4 : 1.394494e-01 / 7.299021e-01
PCG: 5 : 9.349050e-02 / 4.893455e-01
PCG: 0 : 9.349050e-02
PCG: 1 : 8.884332e-02 / 9.502925e-01
PCG: 2 : 7.863797e-02 / 8.411332e-01
PCG: 3 : 7.329162e-02 / 7.839473e-01
PCG: 4 : 9.301253e-02 / 9.948876e-01
PCG: 5 : 1.271954e-01 / 1.360517e+00
PCG: 0 : 1.271954e-01
PCG: 1 : 7.576407e-02 / 5.956510e-01
PCG: 2 : 5.629474e-02 / 4.425847e-01
PCG: 3 : 6.306583e-02 / 4.958185e-01
PCG: 4 : 6.886120e-02 / 5.413812e-01
PCG: 5 : 7.144149e-02 / 5.616673e-01
PCG: 0 : 7.144149e-02
PCG: 1 : 5.871132e-02 / 8.218098e-01
PCG: 2 : 5.503737e-02 / 7.703838e-01
PCG: 3 : 5.162513e-02 / 7.226210e-01
PCG: 4 : 5.985428e-02 / 8.378083e-01
PCG: 5 : 1.016009e-01 / 1.422155e+00
PCG: 0 : 1.016009e-01
PCG: 1 : 5.439127e-02 / 5.353425e-01
PCG: 2 : 4.299325e-02 / 4.231582e-01
PCG: 3 : 4.810355e-02 / 4.734560e-01
PCG: 4 : 5.062693e-02 / 4.982922e-01
PCG: 5 : 6.073168e-02 / 5.977475e-01
PCG: 0 : 6.073168e-02
PCG: 1 : 4.630136e-02 / 7.623922e-01
PCG: 2 : 4.367300e-02 / 7.191141e-01
PCG: 3 : 4.095567e-02 / 6.743709e-01
PCG: 4 : 4.678661e-02 / 7.703823e-01
PCG: 5 : 8.601218e-02 / 1.416266e+00
PCG: 0 : 8.601218e-02
PCG: 1 : 4.397831e-02 / 5.113034e-01
PCG: 2 : 3.553023e-02 / 4.130837e-01
PCG: 3 : 3.936118e-02 / 4.576233e-01
PCG: 4 : 4.132560e-02 / 4.804621e-01
PCG: 5 : 5.264165e-02 / 6.120256e-01
PCG: 0 : 5.264165e-02
PCG: 1 : 3.879882e-02 / 7.370365e-01
PCG: 2 : 3.620387e-02 / 6.877420e-01
PCG: 3 : 3.404329e-02 / 6.466989e-01
PCG: 4 : 3.878535e-02 / 7.367808e-01
PCG: 5 : 7.315359e-02 / 1.389652e+00
PCG: 0 : 7.315359e-02
PCG: 1 : 3.692473e-02 / 5.047562e-01
PCG: 2 : 3.005281e-02 / 4.108179e-01
PCG: 3 : 3.292336e-02 / 4.500580e-01
PCG: 4 : 3.486012e-02 / 4.765332e-01
PCG: 5 : 4.532054e-02 / 6.195259e-01
PCG: 0 : 4.532054e-02
PCG: 1 : 3.309542e-02 / 7.302520e-01
PCG: 2 : 3.046495e-02 / 6.722106e-01
PCG: 3 : 2.873266e-02 / 6.339876e-01
PCG: 4 : 3.284181e-02 / 7.246561e-01
PCG: 5 : 6.190402e-02 / 1.365915e+00
PCG: 0 : 6.190402e-02
PCG: 1 : 3.137230e-02 / 5.067894e-01
PCG: 2 : 2.564506e-02 / 4.142713e-01
PCG: 3 : 2.779051e-02 / 4.489289e-01
PCG: 4 : 2.976132e-02 / 4.807656e-01
PCG: 5 : 3.870971e-02 / 6.253181e-01
PCG: 0 : 3.870971e-02
PCG: 1 : 2.835934e-02 / 7.326156e-01
PCG: 2 : 2.582595e-02 / 6.671699e-01
PCG: 3 : 2.441793e-02 / 6.307960e-01
PCG: 4 : 2.803727e-02 / 7.242956e-01
PCG: 5 : 5.220100e-02 / 1.348525e+00
PCG: 0 : 5.220100e-02
PCG: 1 : 2.675109e-02 / 5.124632e-01
PCG: 2 : 2.198735e-02 / 4.212056e-01
PCG: 3 : 2.360472e-02 / 4.521891e-01
PCG: 4 : 2.550794e-02 / 4.886486e-01
PCG: 5 : 3.289795e-02 / 6.302168e-01
PCG: 0 : 3.289795e-02
PCG: 1 : 2.431345e-02 / 7.390568e-01
PCG: 2 : 2.200607e-02 / 6.689194e-01
PCG: 3 : 2.085142e-02 / 6.338214e-01
PCG: 4 : 2.399878e-02 / 7.294919e-01
PCG: 5 : 4.396236e-02 / 1.336326e+00
PCG: 0 : 4.396236e-02
PCG: 1 : 2.283194e-02 / 5.193519e-01
PCG: 2 : 1.891000e-02 / 4.301408e-01
PCG: 3 : 2.015069e-02 / 4.583624e-01
PCG: 4 : 2.187317e-02 / 4.975430e-01
PCG: 5 : 2.788385e-02 / 6.342664e-01
PCG: 0 : 2.788385e-02
PCG: 1 : 2.083180e-02 / 7.470922e-01
PCG: 2 : 1.882811e-02 / 6.752337e-01
PCG: 3 : 1.787450e-02 / 6.410342e-01
PCG: 4 : 2.054594e-02 / 7.368403e-01
PCG: 5 : 3.702439e-02 / 1.327808e+00
PCG: 0 : 3.702439e-02
PCG: 1 : 1.948955e-02 / 5.263977e-01
PCG: 2 : 1.629971e-02 / 4.402424e-01
PCG: 3 : 1.726955e-02 / 4.664373e-01
PCG: 4 : 1.874130e-02 / 5.061880e-01
PCG: 5 : 2.360384e-02 / 6.375214e-01
PCG: 0 : 2.360384e-02
PCG: 1 : 1.783527e-02 / 7.556089e-01
PCG: 2 : 1.616180e-02 / 6.847106e-01
PCG: 3 : 1.536777e-02 / 6.510710e-01
PCG: 4 : 1.757655e-02 / 7.446480e-01
PCG: 5 : 3.120094e-02 / 1.321859e+00
PCG: 0 : 3.120093e-02
PCG: 1 : 1.663644e-02 / 5.332033e-01
PCG: 2 : 1.407227e-02 / 4.510209e-01
PCG: 3 : 1.484159e-02 / 4.756778e-01
PCG: 4 : 1.603969e-02 / 5.140773e-01
PCG: 5 : 1.997224e-02 / 6.401166e-01
PCG: 0 : 1.997223e-02
PCG: 1 : 1.526153e-02 / 7.641374e-01
PCG: 2 : 1.390728e-02 / 6.963308e-01
PCG: 3 : 1.323947e-02 / 6.628936e-01
PCG: 4 : 1.502167e-02 / 7.521279e-01
PCG: 5 : 2.631855e-02 / 1.317757e+00
PCG: 0 : 2.631855e-02
PCG: 1 : 1.420247e-02 / 5.396371e-01
PCG: 2 : 1.216204e-02 / 4.621089e-01
PCG: 3 : 1.277737e-02 / 4.854891e-01
PCG: 4 : 1.371307e-02 / 5.210422e-01
PCG: 5 : 1.690209e-02 / 6.422119e-01
PCG: 0 : 1.690209e-02
PCG: 1 : 1.305609e-02 / 7.724541e-01
PCG: 2 : 1.198755e-02 / 7.092350e-01
PCG: 3 : 1.141949e-02 / 6.756259e-01
PCG: 4 : 1.282737e-02 / 7.589221e-01
PCG: 5 : 2.222674e-02 / 1.315029e+00
PCG: 0 : 2.222674e-02
PCG: 1 : 1.212795e-02 / 5.456467e-01
PCG: 2 : 1.051681e-02 / 4.731602e-01
PCG: 3 : 1.101021e-02 / 4.953585e-01
PCG: 4 : 1.171457e-02 / 5.270486e-01
PCG: 5 : 1.431282e-02 / 6.439460e-01
PCG: 0 : 1.431282e-02
PCG: 1 : 1.116975e-02 / 7.804015e-01
PCG: 2 : 1.034309e-02 / 7.226451e-01
PCG: 3 : 9.854453e-03 / 6.885053e-01
PCG: 4 : 1.094756e-02 / 7.648779e-01
PCG: 5 : 1.879760e-02 / 1.313340e+00
PCG: 0 : 1.879760e-02
PCG: 1 : 1.036100e-02 / 5.511873e-01
PCG: 2 : 9.094801e-03 / 4.838279e-01
PCG: 3 : 9.489926e-03 / 5.048479e-01
PCG: 4 : 1.000259e-02 / 5.321206e-01
PCG: 5 : 1.213233e-02 / 6.454191e-01
PCG: 0 : 1.213233e-02
PCG: 1 : 9.558233e-03 / 7.878317e-01
PCG: 2 : 8.927722e-03 / 7.358623e-01
PCG: 3 : 8.503426e-03 / 7.008899e-01
PCG: 4 : 9.341300e-03 / 7.699512e-01
PCG: 5 : 1.592270e-02 / 1.312419e+00
PCG: 0 : 1.592270e-02
PCG: 1 : 8.856374e-03 / 5.562105e-01
PCG: 2 : 7.862488e-03 / 4.937911e-01
PCG: 3 : 8.178093e-03 / 5.136122e-01
PCG: 4 : 8.539672e-03 / 5.363206e-01
PCG: 5 : 1.029707e-02 / 6.466912e-01
PCG: 0 : 1.029707e-02
PCG: 1 : 8.182192e-03 / 7.946136e-01
PCG: 2 : 7.705383e-03 / 7.483082e-01
PCG: 3 : 7.334513e-03 / 7.122912e-01
PCG: 4 : 7.971726e-03 / 7.741742e-01
PCG: 5 : 1.351021e-02 / 1.312044e+00
PCG: 0 : 1.351021e-02
PCG: 1 : 7.574853e-03 / 5.606761e-01
PCG: 2 : 6.792852e-03 / 5.027938e-01
PCG: 3 : 7.044466e-03 / 5.214179e-01
PCG: 4 : 7.291995e-03 / 5.397394e-01
PCG: 5 : 8.751812e-03 / 6.477923e-01
PCG: 0 : 8.751812e-03
PCG: 1 : 7.007156e-03 / 8.006520e-01
PCG: 2 : 6.647560e-03 / 7.595639e-01
PCG: 3 : 6.322256e-03 / 7.223939e-01
PCG: 4 : 6.805681e-03 / 7.776310e-01
PCG: 5 : 1.148267e-02 / 1.312033e+00
PCG: 0 : 1.148267e-02
PCG: 1 : 6.482714e-03 / 5.645651e-01
PCG: 2 : 5.863916e-03 / 5.106754e-01
PCG: 3 : 6.064558e-03 / 5.281488e-01
PCG: 4 : 6.229202e-03 / 5.424873e-01
PCG: 5 : 7.449204e-03 / 6.487346e-01
PCG: 0 : 7.449204e-03
PCG: 1 : 6.003346e-03 / 8.059044e-01
PCG: 2 : 5.731339e-03 / 7.693895e-01
PCG: 3 : 5.445780e-03 / 7.310553e-01
PCG: 4 : 5.813637e-03 / 7.804374e-01
PCG: 5 : 9.775142e-03 / 1.312240e+00
PCG: 0 : 9.775142e-03
PCG: 1 : 5.551188e-03 / 5.678883e-01
PCG: 2 : 5.057452e-03 / 5.173789e-01
PCG: 3 : 5.217905e-03 / 5.337933e-01
PCG: 4 : 5.324325e-03 / 5.446801e-01
PCG: 5 : 6.349198e-03 / 6.495248e-01
PCG: 0 : 6.349198e-03
PCG: 1 : 5.145273e-03 / 8.103816e-01
PCG: 2 : 4.937846e-03 / 7.777117e-01
PCG: 3 : 4.687459e-03 / 7.382758e-01
PCG: 4 : 4.969621e-03 / 7.827164e-01
PCG: 5 : 8.333703e-03 / 1.312560e+00
PCG: 0 : 8.333703e-03
PCG: 1 : 4.755897e-03 / 5.706823e-01
PCG: 2 : 4.358009e-03 / 5.229378e-01
PCG: 3 : 4.487015e-03 / 5.384179e-01
PCG: 4 : 4.553770e-03 / 5.464282e-01
PCG: 5 : 5.418336e-03 / 6.501716e-01
PCG: 0 : 5.418336e-03
PCG: 1 : 4.411270e-03 / 8.141374e-01
PCG: 2 : 4.251158e-03 / 7.845874e-01
PCG: 3 : 4.032098e-03 / 7.441580e-01
PCG: 4 : 4.251134e-03 / 7.845829e-01
PCG: 5 : 7.113878e-03 / 1.312927e+00
PCG: 0 : 7.113878e-03
PCG: 1 : 4.076269e-03 / 5.730023e-01
PCG: 2 : 3.752216e-03 / 5.274501e-01
PCG: 3 : 3.856693e-03 / 5.421365e-01
PCG: 4 : 3.897168e-03 / 5.478261e-01
PCG: 5 : 4.628886e-03 / 6.506839e-01
PCG: 0 : 4.628886e-03
PCG: 1 : 3.782973e-03 / 8.172534e-01
PCG: 2 : 3.657560e-03 / 7.901599e-01
PCG: 3 : 3.466411e-03 / 7.488652e-01
PCG: 4 : 3.638932e-03 / 7.861355e-01
PCG: 5 : 6.079123e-03 / 1.313302e+00
PCG: 0 : 6.079123e-03
PCG: 1 : 3.494968e-03 / 5.749132e-01
PCG: 2 : 3.228317e-03 / 5.310497e-01
PCG: 3 : 3.313634e-03 / 5.450841e-01
PCG: 4 : 3.337148e-03 / 5.489522e-01
PCG: 5 : 3.957967e-03 / 6.510754e-01
PCG: 0 : 3.957967e-03
PCG: 1 : 3.244835e-03 / 8.198237e-01
PCG: 2 : 3.145061e-03 / 7.946153e-01
PCG: 3 : 2.978696e-03 / 7.525823e-01
PCG: 4 : 3.116712e-03 / 7.874528e-01
PCG: 5 : 5.199472e-03 / 1.313673e+00
PCG: 0 : 5.199472e-03
PCG: 1 : 2.997387e-03 / 5.764791e-01
PCG: 2 : 2.775899e-03 / 5.338810e-01
PCG: 3 : 2.846171e-03 / 5.473962e-01
PCG: 4 : 2.859015e-03 / 5.498664e-01
PCG: 5 : 3.386722e-03 / 6.513588e-01
PCG: 0 : 3.386722e-03
PCG: 1 : 2.783688e-03 / 8.219418e-01
PCG: 2 : 2.703104e-03 / 7.981476e-01
PCG: 3 : 2.558642e-03 / 7.554921e-01
PCG: 4 : 2.670750e-03 / 7.885945e-01
PCG: 5 : 4.450271e-03 / 1.314035e+00
PCG: 0 : 4.450271e-03
PCG: 1 : 2.571195e-03 / 5.777615e-01
PCG: 2 : 2.385721e-03 / 5.360845e-01
PCG: 3 : 2.444077e-03 / 5.491973e-01
PCG: 4 : 2.450387e-03 / 5.506152e-01
PCG: 5 : 2.899569e-03 / 6.515489e-01
PCG: 0 : 2.899569e-03
PCG: 1 : 2.388354e-03 / 8.236929e-01
PCG: 2 : 2.322380e-03 / 8.009397e-01
PCG: 3 : 2.197175e-03 / 7.577593e-01
PCG: 4 : 2.289516e-03 / 7.896056e-01
PCG: 5 : 3.811178e-03 / 1.314395e+00
PCG: 0 : 3.811178e-03
PCG: 1 : 2.205962e-03 / 5.788137e-01
PCG: 2 : 2.049595e-03 / 5.377851e-01
PCG: 3 : 2.098418e-03 / 5.505956e-01
PCG: 4 : 2.100850e-03 / 5.512339e-01
PCG: 5 : 2.483588e-03 / 6.516588e-01
PCG: 0 : 2.483588e-03
PCG: 1 : 2.049336e-03 / 8.251513e-01
PCG: 2 : 1.994699e-03 / 8.031523e-01
PCG: 3 : 1.886347e-03 / 7.595250e-01
PCG: 4 : 1.963320e-03 / 7.905179e-01
PCG: 5 : 3.265311e-03 / 1.314756e+00
PCG: 0 : 3.265311e-03
PCG: 1 : 1.892840e-03 / 5.796814e-01
PCG: 2 : 1.760296e-03 / 5.390899e-01
PCG: 3 : 1.801411e-03 / 5.516814e-01
PCG: 4 : 1.801633e-03 / 5.517492e-01
PCG: 5 : 2.128010e-03 / 6.517021e-01
PCG: 0 : 2.128010e-03
PCG: 1 : 1.758541e-03 / 8.263781e-01
PCG: 2 : 1.712875e-03 / 8.049185e-01
PCG: 3 : 1.619212e-03 / 7.609043e-01
PCG: 4 : 1.684009e-03 / 7.913541e-01
PCG: 5 : 2.798598e-03 / 1.315124e+00
PCG: 0 : 2.798598e-03
PCG: 1 : 1.624309e-03 / 5.804010e-01
PCG: 2 : 1.511482e-03 / 5.400855e-01
PCG: 3 : 1.546299e-03 / 5.525262e-01
PCG: 4 : 1.545332e-03 / 5.521807e-01
PCG: 5 : 1.823815e-03 / 6.516889e-01
PCG: 0 : 1.823815e-03
PCG: 1 : 1.509066e-03 / 8.274230e-01
PCG: 2 : 1.470626e-03 / 8.063462e-01
PCG: 3 : 1.389728e-03 / 7.619897e-01
PCG: 4 : 1.444702e-03 / 7.921319e-01
PCG: 5 : 2.399243e-03 / 1.315508e+00
PCG: 0 : 2.399243e-03
PCG: 1 : 1.393965e-03 / 5.810021e-01
PCG: 2 : 1.297610e-03 / 5.408415e-01
PCG: 3 : 1.327229e-03 / 5.531867e-01
PCG: 4 : 1.325685e-03 / 5.525429e-01
PCG: 5 : 1.563413e-03 / 6.516275e-01
PCG: 0 : 1.563412e-03
PCG: 1 : 1.295013e-03 / 8.283244e-01
PCG: 2 : 1.262487e-03 / 8.075200e-01
PCG: 3 : 1.192654e-03 / 7.628531e-01
PCG: 4 : 1.239572e-03 / 7.928630e-01
PCG: 5 : 2.057310e-03 / 1.315910e+00
PCG: 0 : 2.057310e-03
PCG: 1 : 1.196343e-03 / 5.815082e-01
PCG: 2 : 1.113853e-03 / 5.414124e-01
PCG: 3 : 1.139147e-03 / 5.537071e-01
PCG: 4 : 1.137379e-03 / 5.528474e-01
PCG: 5 : 1.340390e-03 / 6.515256e-01
PCG: 0 : 1.340390e-03
PCG: 1 : 1.111336e-03 / 8.291135e-01
PCG: 2 : 1.083713e-03 / 8.085052e-01
PCG: 3 : 1.023454e-03 / 7.635495e-01
PCG: 4 : 1.063674e-03 / 7.935558e-01
PCG: 5 : 1.764403e-03 / 1.316335e+00
PCG: 0 : 1.764403e-03
PCG: 1 : 1.026770e-03 / 5.819362e-01
PCG: 2 : 9.560248e-04 / 5.418405e-01
PCG: 3 : 9.776924e-04 / 5.541210e-01
PCG: 4 : 9.758962e-04 / 5.531029e-01
PCG: 5 : 1.149313e-03 / 6.513893e-01
PCG: 0 : 1.149313e-03
PCG: 1 : 9.537148e-04 / 8.298131e-01
PCG: 2 : 9.301985e-04 / 8.093519e-01
PCG: 3 : 8.782147e-04 / 7.641215e-01
PCG: 4 : 9.128031e-04 / 7.942164e-01
PCG: 5 : 1.513394e-03 / 1.316782e+00
PCG: 0 : 1.513394e-03
PCG: 1 : 8.812523e-04 / 5.823019e-01
PCG: 2 : 8.204997e-04 / 5.421585e-01
PCG: 3 : 8.391081e-04 / 5.544544e-01
PCG: 4 : 8.373861e-04 / 5.533165e-01
PCG: 5 : 9.855579e-04 / 6.512235e-01
PCG: 0 : 9.855579e-04
PCG: 1 : 8.184488e-04 / 8.304421e-01
PCG: 2 : 7.983987e-04 / 8.100982e-01
PCG: 3 : 7.535594e-04 / 7.646018e-01
PCG: 4 : 7.833717e-04 / 7.948510e-01
PCG: 5 : 1.298231e-03 / 1.317255e+00
PCG: 0 : 1.298231e-03
PCG: 1 : 7.563692e-04 / 5.826154e-01
PCG: 2 : 7.041488e-04 / 5.423911e-01
PCG: 3 : 7.201627e-04 / 5.547263e-01
PCG: 4 : 7.185621e-04 / 5.534934e-01
PCG: 5 : 8.451905e-04 / 6.510327e-01
PCG: 0 : 8.451904e-04
PCG: 1 : 7.023642e-04 / 8.310130e-01
PCG: 2 : 6.852556e-04 / 8.107706e-01
PCG: 3 : 6.465812e-04 / 7.650125e-01
PCG: 4 : 6.723158e-04 / 7.954608e-01
PCG: 5 : 1.113749e-03 / 1.317749e+00
PCG: 0 : 1.113749e-03
PCG: 1 : 6.491888e-04 / 5.828860e-01
PCG: 2 : 6.042733e-04 / 5.425579e-01
PCG: 3 : 6.180779e-04 / 5.549526e-01
PCG: 4 : 6.166151e-04 / 5.536392e-01
PCG: 5 : 7.248514e-04 / 6.508211e-01
PCG: 0 : 7.248513e-04
PCG: 1 : 6.027409e-04 / 8.315374e-01
PCG: 2 : 5.881378e-04 / 8.113910e-01
PCG: 3 : 5.547813e-04 / 7.653727e-01
PCG: 4 : 5.770177e-04 / 7.960498e-01
PCG: 5 : 9.555469e-04 / 1.318266e+00
PCG: 0 : 9.555468e-04
PCG: 1 : 5.571988e-04 / 5.831203e-01
PCG: 2 : 5.185494e-04 / 5.426729e-01
PCG: 3 : 5.304656e-04 / 5.551435e-01
PCG: 4 : 5.291405e-04 / 5.537568e-01
PCG: 5 : 6.216703e-04 / 6.505911e-01
PCG: 0 : 6.216702e-04
PCG: 1 : 5.172436e-04 / 8.320224e-01
PCG: 2 : 5.047797e-04 / 8.119734e-01
PCG: 3 : 4.760094e-04 / 7.656944e-01
PCG: 4 : 4.952343e-04 / 7.966189e-01
PCG: 5 : 8.198621e-04 / 1.318805e+00
PCG: 0 : 8.198621e-04
PCG: 1 : 4.782441e-04 / 5.833226e-01
PCG: 2 : 4.449770e-04 / 5.427462e-01
PCG: 3 : 4.552750e-04 / 5.553069e-01
PCG: 4 : 4.540798e-04 / 5.538490e-01
PCG: 5 : 5.331930e-04 / 6.503448e-01
PCG: 0 : 5.331930e-04
PCG: 1 : 4.438699e-04 / 8.324752e-01
PCG: 2 : 4.332353e-04 / 8.125300e-01
PCG: 3 : 4.084196e-04 / 7.659883e-01
PCG: 4 : 4.250460e-04 / 7.971711e-01
PCG: 5 : 7.034765e-04 / 1.319366e+00
PCG: 0 : 7.034764e-04
PCG: 1 : 4.104774e-04 / 5.834984e-01
PCG: 2 : 3.818379e-04 / 5.427870e-01
PCG: 3 : 3.907456e-04 / 5.554495e-01
PCG: 4 : 3.896686e-04 / 5.539185e-01
PCG: 5 : 4.573190e-04 / 6.500843e-01
PCG: 0 : 4.573190e-04
PCG: 1 : 3.809012e-04 / 8.329004e-01
PCG: 2 : 3.718317e-04 / 8.130686e-01
PCG: 3 : 3.504262e-04 / 7.662620e-01
PCG: 4 : 3.648067e-04 / 7.977074e-01
PCG: 5 : 6.036367e-04 / 1.319947e+00
PCG: 0 : 6.036367e-04
PCG: 1 : 3.523125e-04 / 5.836498e-01
PCG: 2 : 3.276546e-04 / 5.428010e-01
PCG: 3 : 3.353656e-04 / 5.555753e-01
PCG: 4 : 3.343948e-04 / 5.539669e-01
PCG: 5 : 3.922493e-04 / 6.498103e-01
PCG: 0 : 3.922493e-04
PCG: 1 : 3.268622e-04 / 8.333021e-01
PCG: 2 : 3.191323e-04 / 8.135955e-01
PCG: 3 : 3.006671e-04 / 7.665204e-01
PCG: 4 : 3.131047e-04 / 7.982287e-01
PCG: 5 : 5.179833e-04 / 1.320546e+00
PCG: 0 : 5.179833e-04
PCG: 1 : 3.023887e-04 / 5.837807e-01
PCG: 2 : 2.811583e-04 / 5.427940e-01
PCG: 3 : 2.878377e-04 / 5.556892e-01
PCG: 4 : 2.869614e-04 / 5.539975e-01
PCG: 5 : 3.364439e-04 / 6.495265e-01
PCG: 0 : 3.364439e-04
PCG: 1 : 2.804873e-04 / 8.336822e-01
PCG: 2 : 2.739034e-04 / 8.141133e-01
PCG: 3 : 2.579739e-04 / 7.667666e-01
PCG: 4 : 2.687297e-04 / 7.987356e-01
PCG: 5 : 4.444958e-04 / 1.321159e+00
PCG: 0 : 4.444959e-04
PCG: 1 : 2.595384e-04 / 5.838938e-01
PCG: 2 : 2.412591e-04 / 5.427701e-01
PCG: 3 : 2.470481e-04 / 5.557939e-01
PCG: 4 : 2.462559e-04 / 5.540116e-01
PCG: 5 : 2.885818e-04 / 6.492338e-01
PCG: 0 : 2.885817e-04
PCG: 1 : 2.406899e-04 / 8.340443e-01
PCG: 2 : 2.350863e-04 / 8.146263e-01
PCG: 3 : 2.213434e-04 / 7.670043e-01
PCG: 4 : 2.306430e-04 / 7.992295e-01
PCG: 5 : 3.814436e-04 / 1.321787e+00
PCG: 0 : 3.814436e-04
PCG: 1 : 2.227595e-04 / 5.839907e-01
PCG: 2 : 2.070217e-04 / 5.427322e-01
PCG: 3 : 2.120413e-04 / 5.558916e-01
PCG: 4 : 2.113238e-04 / 5.540107e-01
PCG: 5 : 2.475313e-04 / 6.489330e-01
PCG: 0 : 2.475313e-04
PCG: 1 : 2.065376e-04 / 8.343900e-01
PCG: 2 : 2.017716e-04 / 8.151360e-01
PCG: 3 : 1.899149e-04 / 7.672359e-01
PCG: 4 : 1.979537e-04 / 7.997117e-01
PCG: 5 : 3.273424e-04 / 1.322428e+00
PCG: 0 : 3.273424e-04
PCG: 1 : 1.911918e-04 / 5.840729e-01
PCG: 2 : 1.776429e-04 / 5.426823e-01
PCG: 3 : 1.819970e-04 / 5.559837e-01
PCG: 4 : 1.813464e-04 / 5.539961e-01
PCG: 5 : 2.123224e-04 / 6.486250e-01
PCG: 0 : 2.123224e-04
PCG: 1 : 1.772300e-04 / 8.347209e-01
PCG: 2 : 1.731795e-04 / 8.156440e-01
PCG: 3 : 1.629494e-04 / 7.674620e-01
PCG: 4 : 1.698966e-04 / 8.001821e-01
PCG: 5 : 2.809197e-04 / 1.323081e+00
PCG: 0 : 2.809197e-04
PCG: 1 : 1.640972e-04 / 5.841426e-01
PCG: 2 : 1.524336e-04 / 5.426235e-01
PCG: 3 : 1.562119e-04 / 5.560730e-01
PCG: 4 : 1.556209e-04 / 5.539691e-01
PCG: 5 : 1.821233e-04 / 6.483109e-01
PCG: 0 : 1.821233e-04
PCG: 1 : 1.520801e-04 / 8.350390e-01
PCG: 2 : 1.486403e-04 / 8.161521e-01
PCG: 3 : 1.398133e-04 / 7.676847e-01
PCG: 4 : 1.458156e-04 / 8.006424e-01
PCG: 5 : 2.410844e-04 / 1.323743e+00
PCG: 0 : 2.410844e-04
PCG: 1 : 1.408418e-04 / 5.842010e-01
PCG: 2 : 1.308021e-04 / 5.425571e-01
PCG: 3 : 1.340818e-04 / 5.561611e-01
PCG: 4 : 1.335443e-04 / 5.539315e-01
PCG: 5 : 1.562207e-04 / 6.479917e-01
PCG: 0 : 1.562207e-04
PCG: 1 : 1.304983e-04 / 8.353457e-01
PCG: 2 : 1.275795e-04 / 8.166620e-01
PCG: 3 : 1.199627e-04 / 7.679052e-01
PCG: 4 : 1.251475e-04 / 8.010939e-01
PCG: 5 : 2.069009e-04 / 1.324414e+00
PCG: 0 : 2.069009e-04
PCG: 1 : 1.208818e-04 / 5.842498e-01
PCG: 2 : 1.122407e-04 / 5.424852e-01
PCG: 3 : 1.150886e-04 / 5.562499e-01
PCG: 4 : 1.145990e-04 / 5.538836e-01
PCG: 5 : 1.340029e-04 / 6.476669e-01
PCG: 0 : 1.340029e-04
PCG: 1 : 1.119786e-04 / 8.356431e-01
PCG: 2 : 1.095039e-04 / 8.171757e-01
PCG: 3 : 1.029310e-04 / 7.681253e-01
PCG: 4 : 1.074086e-04 / 8.015394e-01
PCG: 5 : 1.775669e-04 / 1.325098e+00
PCG: 0 : 1.775669e-04
PCG: 1 : 1.037505e-04 / 5.842897e-01
PCG: 2 : 9.631386e-05 / 5.424089e-01
PCG: 3 : 9.878779e-05 / 5.563412e-01
PCG: 4 : 9.834117e-05 / 5.538260e-01
PCG: 5 : 1.149455e-04 / 6.473364e-01
PCG: 0 : 1.149455e-04
PCG: 1 : 9.608670e-05 / 8.359327e-01
PCG: 2 : 9.399033e-05 / 8.176947e-01
PCG: 3 : 8.831787e-05 / 7.683455e-01
PCG: 4 : 9.218392e-05 / 8.019793e-01
PCG: 5 : 1.523935e-04 / 1.325789e+00
PCG: 0 : 1.523935e-04
PCG: 1 : 8.904687e-05 / 5.843221e-01
PCG: 2 : 8.264755e-05 / 5.423300e-01
PCG: 3 : 8.479752e-05 / 5.564380e-01
PCG: 4 : 8.438943e-05 / 5.537601e-01
PCG: 5 : 9.859863e-05 / 6.470004e-01
PCG: 0 : 9.859863e-05
PCG: 1 : 8.244979e-05 / 8.362164e-01
PCG: 2 : 8.067563e-05 / 8.182226e-01
PCG: 3 : 7.577975e-05 / 7.685680e-01
PCG: 4 : 7.911721e-05 / 8.024169e-01
PCG: 5 : 1.307906e-04 / 1.326495e+00
PCG: 0 : 1.307906e-04
PCG: 1 : 7.642717e-05 / 5.843477e-01
PCG: 2 : 7.092109e-05 / 5.422492e-01
PCG: 3 : 7.279051e-05 / 5.565425e-01
PCG: 4 : 7.241682e-05 / 5.536853e-01
PCG: 5 : 8.457664e-05 / 6.466570e-01
PCG: 0 : 8.457663e-05
PCG: 1 : 7.074804e-05 / 8.364962e-01
PCG: 2 : 6.924813e-05 / 8.187619e-01
PCG: 3 : 6.502201e-05 / 7.687940e-01
PCG: 4 : 6.790271e-05 / 8.028543e-01
PCG: 5 : 1.122510e-04 / 1.327211e+00
PCG: 0 : 1.122510e-04
PCG: 1 : 6.559602e-05 / 5.843689e-01
PCG: 2 : 6.085915e-05 / 5.421701e-01
PCG: 3 : 6.248568e-05 / 5.566601e-01
PCG: 4 : 6.214264e-05 / 5.536041e-01
PCG: 5 : 7.254871e-05 / 6.463077e-01
PCG: 0 : 7.254870e-05
PCG: 1 : 6.070690e-05 / 8.367745e-01
PCG: 2 : 5.944040e-05 / 8.193172e-01
PCG: 3 : 5.579184e-05 / 7.690260e-01
PCG: 4 : 5.827802e-05 / 8.032951e-01
PCG: 5 : 9.634046e-05 / 1.327942e+00
PCG: 0 : 9.634046e-05
PCG: 1 : 5.630012e-05 / 5.843871e-01
PCG: 2 : 5.222560e-05 / 5.420942e-01
PCG: 3 : 5.364195e-05 / 5.567957e-01
PCG: 4 : 5.332597e-05 / 5.535159e-01
PCG: 5 : 6.223105e-05 / 6.459492e-01
PCG: 0 : 6.223105e-05
PCG: 1 : 5.209079e-05 / 8.370546e-01
PCG: 2 : 5.102295e-05 / 8.198954e-01
PCG: 3 : 4.787229e-05 / 7.692670e-01
PCG: 4 : 5.001785e-05 / 8.037444e-01
PCG: 5 : 8.268574e-05 / 1.328689e+00
PCG: 0 : 8.268574e-05
PCG: 1 : 4.832186e-05 / 5.844038e-01
PCG: 2 : 4.481767e-05 / 5.420241e-01
PCG: 3 : 4.605228e-05 / 5.569556e-01
PCG: 4 : 4.576002e-05 / 5.534210e-01
PCG: 5 : 5.338025e-05 / 6.455799e-01
PCG: 0 : 5.338025e-05
PCG: 1 : 4.469748e-05 / 8.373411e-01
PCG: 2 : 4.379879e-05 / 8.205056e-01
PCG: 3 : 4.107725e-05 / 7.695215e-01
PCG: 4 : 4.292885e-05 / 8.042085e-01
PCG: 5 : 7.096714e-05 / 1.329464e+00
PCG: 0 : 7.096714e-05
PCG: 1 : 4.147458e-05 / 5.844196e-01
PCG: 2 : 3.846148e-05 / 5.419618e-01
PCG: 3 : 3.953918e-05 / 5.571477e-01
PCG: 4 : 3.926742e-05 / 5.533184e-01
PCG: 5 : 4.578763e-05 / 6.451948e-01
PCG: 0 : 4.578763e-05
PCG: 1 : 3.835345e-05 / 8.376377e-01
PCG: 2 : 3.759886e-05 / 8.211575e-01
PCG: 3 : 3.524706e-05 / 7.697943e-01
PCG: 4 : 3.684504e-05 / 8.046942e-01
PCG: 5 : 6.090983e-05 / 1.330268e+00
PCG: 0 : 6.090983e-05
PCG: 1 : 3.559803e-05 / 5.844381e-01
PCG: 2 : 3.300780e-05 / 5.419124e-01
PCG: 3 : 3.395011e-05 / 5.573831e-01
PCG: 4 : 3.369586e-05 / 5.532089e-01
PCG: 5 : 3.927414e-05 / 6.447915e-01
PCG: 0 : 3.927414e-05
PCG: 1 : 3.290979e-05 / 8.379505e-01
PCG: 2 : 3.227806e-05 / 8.218655e-01
PCG: 3 : 3.024470e-05 / 7.700920e-01
PCG: 4 : 3.162397e-05 / 8.052111e-01
PCG: 5 : 5.227844e-05 / 1.331116e+00
PCG: 0 : 5.227844e-05
PCG: 1 : 3.055467e-05 / 5.844603e-01
PCG: 2 : 2.832862e-05 / 5.418795e-01
PCG: 3 : 2.915437e-05 / 5.576748e-01
PCG: 4 : 2.891473e-05 / 5.530909e-01
PCG: 5 : 3.368626e-05 / 6.443624e-01
PCG: 0 : 3.368626e-05
PCG: 1 : 2.823877e-05 / 8.382875e-01
PCG: 2 : 2.771195e-05 / 8.226484e-01
PCG: 3 : 2.595270e-05 / 7.704239e-01
PCG: 4 : 2.714343e-05 / 8.057717e-01
PCG: 5 : 4.487065e-05 / 1.332016e+00
PCG: 0 : 4.487065e-05
PCG: 1 : 2.622648e-05 / 5.844907e-01
PCG: 2 : 2.431405e-05 / 5.418699e-01
PCG: 3 : 2.503964e-05 / 5.580406e-01
PCG: 4 : 2.481182e-05 / 5.529633e-01
PCG: 5 : 2.889224e-05 / 6.439006e-01
PCG: 0 : 2.889224e-05
PCG: 1 : 2.423068e-05 / 8.386569e-01
PCG: 2 : 2.379362e-05 / 8.235298e-01
PCG: 3 : 2.227017e-05 / 7.708011e-01
PCG: 4 : 2.329847e-05 / 8.063920e-01
PCG: 5 : 3.851296e-05 / 1.332986e+00
PCG: 0 : 3.851296e-05
PCG: 1 : 2.251210e-05 / 5.845332e-01
PCG: 2 : 2.086983e-05 / 5.418911e-01
PCG: 3 : 2.150956e-05 / 5.585019e-01
PCG: 4 : 2.129091e-05 / 5.528246e-01
PCG: 5 : 2.477911e-05 / 6.433968e-01
PCG: 0 : 2.477911e-05
PCG: 1 : 2.079145e-05 / 8.390715e-01
PCG: 2 : 2.043140e-05 / 8.245412e-01
PCG: 3 : 1.911062e-05 / 7.712390e-01
PCG: 4 : 1.999903e-05 / 8.070924e-01
PCG: 5 : 3.305662e-05 / 1.334052e+00
PCG: 0 : 3.305662e-05
PCG: 1 : 1.932459e-05 / 5.845907e-01
PCG: 2 : 1.791506e-05 / 5.419508e-01
PCG: 3 : 1.848143e-05 / 5.590842e-01
PCG: 4 : 1.826943e-05 / 5.526707e-01
PCG: 5 : 2.124999e-05 / 6.428361e-01
PCG: 0 : 2.124999e-05
PCG: 1 : 1.784032e-05 / 8.395450e-01
PCG: 2 : 1.754656e-05 / 8.257210e-01
PCG: 3 : 1.639979e-05 / 7.717553e-01
PCG: 4 : 1.716779e-05 / 8.078965e-01
PCG: 5 : 2.837379e-05 / 1.335238e+00
PCG: 0 : 2.837379e-05
PCG: 1 : 1.658929e-05 / 5.846695e-01
PCG: 2 : 1.538031e-05 / 5.420605e-01
PCG: 3 : 1.588424e-05 / 5.598209e-01
PCG: 4 : 1.567650e-05 / 5.524992e-01
PCG: 5 : 1.822178e-05 / 6.422046e-01
PCG: 0 : 1.822178e-05
PCG: 1 : 1.530803e-05 / 8.400951e-01
PCG: 2 : 1.507157e-05 / 8.271185e-01
PCG: 3 : 1.407402e-05 / 7.723734e-01
PCG: 4 : 1.473841e-05 / 8.088350e-01
PCG: 5 : 2.435484e-05 / 1.336579e+00
PCG: 0 : 2.435484e-05
PCG: 1 : 1.424213e-05 / 5.847763e-01
PCG: 2 : 1.320600e-05 / 5.422331e-01
PCG: 3 : 1.365698e-05 / 5.607500e-01
PCG: 4 : 1.345128e-05 / 5.523043e-01
PCG: 5 : 1.562319e-05 / 6.414821e-01
PCG: 0 : 1.562319e-05
PCG: 1 : 1.313510e-05 / 8.407437e-01
PCG: 2 : 1.294843e-05 / 8.287957e-01
PCG: 3 : 1.207865e-05 / 7.731232e-01
PCG: 4 : 1.265395e-05 / 8.099465e-01
PCG: 5 : 2.090573e-05 / 1.338121e+00
PCG: 0 : 2.090572e-05
PCG: 1 : 1.222813e-05 / 5.849177e-01
PCG: 2 : 1.134097e-05 / 5.424817e-01
PCG: 3 : 1.174720e-05 / 5.619133e-01
PCG: 4 : 1.154157e-05 / 5.520772e-01
PCG: 5 : 1.339311e-05 / 6.406431e-01
PCG: 0 : 1.339311e-05
PCG: 1 : 1.127050e-05 / 8.415149e-01
PCG: 2 : 1.112734e-05 / 8.308263e-01
PCG: 3 : 1.036680e-05 / 7.740400e-01
PCG: 4 : 1.086550e-05 / 8.112757e-01
PCG: 5 : 1.794569e-05 / 1.339920e+00
PCG: 0 : 1.794569e-05
PCG: 1 : 1.050006e-05 / 5.851021e-01
PCG: 2 : 9.741322e-06 / 5.428225e-01
PCG: 3 : 1.010985e-05 / 5.633583e-01
PCG: 4 : 9.902578e-06 / 5.518082e-01
PCG: 5 : 1.147914e-05 / 6.396600e-01
PCG: 0 : 1.147914e-05
PCG: 1 : 9.670443e-06 / 8.424364e-01
PCG: 2 : 9.565541e-06 / 8.332979e-01
PCG: 3 : 8.898231e-06 / 7.751655e-01
PCG: 4 : 9.331072e-06 / 8.128722e-01
PCG: 5 : 1.540539e-05 / 1.342034e+00
PCG: 0 : 1.540539e-05
PCG: 1 : 9.017372e-06 / 5.853388e-01
PCG: 2 : 8.369300e-06 / 5.432709e-01
PCG: 3 : 8.706074e-06 / 5.651318e-01
PCG: 4 : 8.495854e-06 / 5.514858e-01
PCG: 5 : 9.836380e-06 / 6.385025e-01
PCG: 0 : 9.836380e-06
PCG: 1 : 8.297361e-06 / 8.435381e-01
PCG: 2 : 8.226270e-06 / 8.363108e-01
PCG: 3 : 7.638420e-06 / 7.765479e-01
PCG: 4 : 8.014608e-06 / 8.147925e-01
PCG: 5 : 1.322540e-05 / 1.344540e+00
PCG: 0 : 1.322540e-05
PCG: 1 : 7.745257e-06 / 5.856349e-01
PCG: 2 : 7.192488e-06 / 5.438389e-01
PCG: 3 : 7.502408e-06 / 5.672726e-01
PCG: 4 : 7.288411e-06 / 5.510918e-01
PCG: 5 : 8.426355e-06 / 6.371341e-01
PCG: 0 : 8.426354e-06
PCG: 1 : 7.118998e-06 / 8.448492e-01
PCG: 2 : 7.077923e-06 / 8.399746e-01
PCG: 3 : 6.557734e-06 / 7.782410e-01
PCG: 4 : 6.885134e-06 / 8.170952e-01
PCG: 5 : 1.135467e-05 / 1.347519e+00
PCG: 0 : 1.135467e-05
PCG: 1 : 6.653803e-06 / 5.859967e-01
PCG: 2 : 6.182998e-06 / 5.445333e-01
PCG: 3 : 6.469965e-06 / 5.698063e-01
PCG: 4 : 6.251953e-06 / 5.506061e-01
PCG: 5 : 7.216123e-06 / 6.355200e-01
PCG: 0 : 7.216123e-06
PCG: 1 : 6.107687e-06 / 8.463945e-01
PCG: 2 : 6.093299e-06 / 8.444006e-01
PCG: 3 : 5.630739e-06 / 7.802998e-01
PCG: 4 : 5.916027e-06 / 8.198346e-01
PCG: 5 : 9.749382e-06 / 1.351056e+00
PCG: 0 : 9.749382e-06
PCG: 1 : 5.717302e-06 / 5.864272e-01
PCG: 2 : 5.316837e-06 / 5.453512e-01
PCG: 3 : 5.583796e-06 / 5.727333e-01
PCG: 4 : 5.362218e-06 / 5.500059e-01
PCG: 5 : 6.177491e-06 / 6.336290e-01
PCG: 0 : 6.177491e-06
PCG: 1 : 5.239678e-06 / 8.481888e-01
PCG: 2 : 5.248948e-06 / 8.496892e-01
PCG: 3 : 4.835589e-06 / 7.827755e-01
PCG: 4 : 5.084400e-06 / 8.230526e-01
PCG: 5 : 8.371924e-06 / 1.355231e+00
PCG: 0 : 8.371924e-06
PCG: 1 : 4.913660e-06 / 5.869213e-01
PCG: 2 : 4.573371e-06 / 5.462748e-01
PCG: 3 : 4.822390e-06 / 5.760193e-01
PCG: 4 : 4.598417e-06 / 5.492664e-01
PCG: 5 : 5.286332e-06 / 6.314358e-01
PCG: 0 : 5.286332e-06
PCG: 1 : 4.494610e-06 / 8.502322e-01
PCG: 2 : 4.524660e-06 / 8.559167e-01
PCG: 3 : 4.153526e-06 / 7.857105e-01
PCG: 4 : 4.370590e-06 / 8.267719e-01
PCG: 5 : 7.189981e-06 / 1.360108e+00
PCG: 0 : 7.189981e-06
PCG: 1 : 4.223887e-06 / 5.874684e-01
PCG: 2 : 3.934862e-06 / 5.472702e-01
PCG: 3 : 4.167243e-06 / 5.795903e-01
PCG: 4 : 3.942749e-06 / 5.483671e-01
PCG: 5 : 4.521999e-06 / 6.289306e-01
PCG: 0 : 4.521999e-06
PCG: 1 : 3.855025e-06 / 8.525046e-01
PCG: 2 : 3.902993e-06 / 8.631123e-01
PCG: 3 : 3.568431e-06 / 7.891269e-01
PCG: 4 : 3.757707e-06 / 8.309837e-01
PCG: 5 : 6.175797e-06 / 1.365723e+00
PCG: 0 : 6.175797e-06
PCG: 1 : 3.631672e-06 / 5.880491e-01
PCG: 2 : 3.386111e-06 / 5.482872e-01
PCG: 3 : 3.602555e-06 / 5.833344e-01
PCG: 4 : 3.379978e-06 / 5.472943e-01
PCG: 5 : 3.866802e-06 / 6.261220e-01
PCG: 0 : 3.866802e-06
PCG: 1 : 3.305972e-06 / 8.549628e-01
PCG: 2 : 3.368925e-06 / 8.712432e-01
PCG: 3 : 3.066454e-06 / 7.930205e-01
PCG: 4 : 3.231268e-06 / 8.356435e-01
PCG: 5 : 5.305510e-06 / 1.372067e+00
PCG: 0 : 5.305510e-06
PCG: 1 : 3.123015e-06 / 5.886362e-01
PCG: 2 : 2.914119e-06 / 5.492628e-01
PCG: 3 : 3.114923e-06 / 5.871110e-01
PCG: 4 : 2.897061e-06 / 5.460475e-01
PCG: 5 : 3.305550e-06 / 6.230410e-01
PCG: 0 : 3.305550e-06
PCG: 1 : 2.834652e-06 / 8.575432e-01
PCG: 2 : 2.909547e-06 / 8.802006e-01
PCG: 3 : 2.635691e-06 / 7.973532e-01
PCG: 4 : 2.778865e-06 / 8.406665e-01
PCG: 5 : 4.558625e-06 / 1.379082e+00
PCG: 0 : 4.558625e-06
PCG: 1 : 2.685926e-06 / 5.891964e-01
PCG: 2 : 2.507831e-06 / 5.501289e-01
PCG: 3 : 2.693095e-06 / 5.907692e-01
PCG: 4 : 2.482809e-06 / 5.446399e-01
PCG: 5 : 2.825157e-06 / 6.197390e-01
PCG: 0 : 2.825157e-06
PCG: 1 : 2.430107e-06 / 8.601671e-01
PCG: 2 : 2.513824e-06 / 8.897997e-01
PCG: 3 : 2.265921e-06 / 8.020514e-01
PCG: 4 : 2.389905e-06 / 8.459371e-01
PCG: 5 : 3.917523e-06 / 1.386657e+00
PCG: 0 : 3.917523e-06
PCG: 1 : 2.310153e-06 / 5.896974e-01
PCG: 2 : 2.157870e-06 / 5.508250e-01
PCG: 3 : 2.327678e-06 / 5.941708e-01
PCG: 4 : 2.127607e-06 / 5.431001e-01
PCG: 5 : 2.414317e-06 / 6.162867e-01
PCG: 0 : 2.414317e-06
PCG: 1 : 2.082957e-06 / 8.627521e-01
PCG: 2 : 2.172388e-06 / 8.997940e-01
PCG: 3 : 1.948375e-06 / 8.070089e-01
PCG: 4 : 2.055352e-06 / 8.513180e-01
PCG: 5 : 3.367079e-06 / 1.394630e+00
PCG: 0 : 3.367079e-06
PCG: 1 : 1.986951e-06 / 5.901113e-01
PCG: 2 : 1.856294e-06 / 5.513070e-01
PCG: 3 : 2.010849e-06 / 5.972088e-01
PCG: 4 : 1.823169e-06 / 5.414690e-01
PCG: 5 : 2.063233e-06 / 6.127663e-01
PCG: 0 : 2.063233e-06
PCG: 1 : 1.785156e-06 / 8.652228e-01
PCG: 2 : 1.877341e-06 / 9.099028e-01
PCG: 3 : 1.675547e-06 / 8.120980e-01
PCG: 4 : 1.767506e-06 / 8.566685e-01
PCG: 5 : 2.894334e-06 / 1.402815e+00
PCG: 0 : 2.894334e-06
PCG: 1 : 1.708871e-06 / 5.904194e-01
PCG: 2 : 1.596379e-06 / 5.515532e-01
PCG: 3 : 1.736071e-06 / 5.998172e-01
PCG: 4 : 1.562337e-06 / 5.397915e-01
PCG: 5 : 1.763400e-06 / 6.092595e-01
PCG: 0 : 1.763400e-06
PCG: 1 : 1.529784e-06 / 8.675193e-01
PCG: 2 : 1.622053e-06 / 9.198439e-01
PCG: 3 : 1.441018e-06 / 8.171814e-01
PCG: 4 : 1.519802e-06 / 8.618588e-01
PCG: 5 : 2.488183e-06 / 1.411014e+00
PCG: 0 : 2.488183e-06
PCG: 1 : 1.469555e-06 / 5.906138e-01
PCG: 2 : 1.372398e-06 / 5.515662e-01
PCG: 3 : 1.497822e-06 / 6.019741e-01
PCG: 4 : 1.338927e-06 / 5.381142e-01
PCG: 5 : 1.507452e-06 / 6.058447e-01
PCG: 0 : 1.507452e-06
PCG: 1 : 1.310886e-06 / 8.696035e-01
PCG: 2 : 1.400974e-06 / 9.293650e-01
PCG: 3 : 1.239318e-06 / 8.221272e-01
PCG: 4 : 1.306631e-06 / 8.667812e-01
PCG: 5 : 2.139136e-06 / 1.419040e+00
PCG: 0 : 2.139136e-06
PCG: 1 : 1.263582e-06 / 5.906976e-01
PCG: 2 : 1.179453e-06 / 5.513690e-01
PCG: 3 : 1.291382e-06 / 6.036935e-01
PCG: 4 : 1.147601e-06 / 5.364786e-01
PCG: 5 : 1.289012e-06 / 6.025853e-01
PCG: 0 : 1.289012e-06
PCG: 1 : 1.123320e-06 / 8.714581e-01
PCG: 2 : 1.209440e-06 / 9.382697e-01
PCG: 3 : 1.065787e-06 / 8.268248e-01
PCG: 4 : 1.123193e-06 / 8.713597e-01
PCG: 5 : 1.839078e-06 / 1.426735e+00
PCG: 0 : 1.839078e-06
PCG: 1 : 1.086314e-06 / 5.906840e-01
PCG: 2 : 1.013329e-06 / 5.509983e-01
PCG: 3 : 1.112672e-06 / 6.050165e-01
PCG: 4 : 9.837577e-07 / 5.349190e-01
PCG: 5 : 1.102581e-06 / 5.995295e-01
PCG: 0 : 1.102581e-06
PCG: 1 : 9.626472e-07 / 8.730850e-01
PCG: 2 : 1.043514e-06 / 9.464279e-01
PCG: 3 : 9.164553e-07 / 8.311907e-01
PCG: 4 : 9.653648e-07 / 8.755498e-01
PCG: 5 : 1.581078e-06 / 1.433979e+00
PCG: 0 : 1.581078e-06
PCG: 1 : 9.337698e-07 / 5.905906e-01
PCG: 2 : 8.703767e-07 / 5.504957e-01
PCG: 3 : 9.581282e-07 / 6.059968e-01
PCG: 4 : 8.434415e-07 / 5.334598e-01
PCG: 5 : 9.434408e-07 / 5.967073e-01
PCG: 0 : 9.434408e-07
PCG: 1 : 8.250378e-07 / 8.744988e-01
PCG: 2 : 8.998281e-07 / 9.537728e-01
PCG: 3 : 7.879361e-07 / 8.351728e-01
PCG: 4 : 8.296012e-07 / 8.793358e-01
PCG: 5 : 1.359208e-06 / 1.440693e+00
PCG: 0 : 1.359208e-06
PCG: 1 : 8.025282e-07 / 5.904380e-01
PCG: 2 : 7.474330e-07 / 5.499032e-01
PCG: 3 : 8.246223e-07 / 6.066931e-01
PCG: 4 : 7.232581e-07 / 5.321172e-01
PCG: 5 : 8.075510e-07 / 5.941334e-01
PCG: 0 : 8.075509e-07
PCG: 1 : 7.071906e-07 / 8.757226e-01
PCG: 2 : 7.754850e-07 / 9.602925e-01
PCG: 3 : 6.773313e-07 / 8.387476e-01
PCG: 4 : 7.128436e-07 / 8.827229e-01
PCG: 5 : 1.168395e-06 / 1.446838e+00
PCG: 0 : 1.168395e-06
PCG: 1 : 6.896411e-07 / 5.902465e-01
PCG: 2 : 6.417504e-07 / 5.492581e-01
PCG: 3 : 7.094058e-07 / 6.071626e-01
PCG: 4 : 6.203010e-07 / 5.309000e-01
PCG: 5 : 6.914679e-07 / 5.918100e-01
PCG: 0 : 6.914679e-07
PCG: 1 : 6.062667e-07 / 8.767821e-01
PCG: 2 : 6.679671e-07 / 9.660132e-01
PCG: 3 : 5.821561e-07 / 8.419135e-01
PCG: 4 : 6.124557e-07 / 8.857326e-01
PCG: 5 : 1.004285e-06 / 1.452395e+00
PCG: 0 : 1.004285e-06
PCG: 1 : 5.925648e-07 / 5.900366e-01
PCG: 2 : 5.509435e-07 / 5.485928e-01
PCG: 3 : 6.100595e-07 / 6.074567e-01
PCG: 4 : 5.320830e-07 / 5.298128e-01
PCG: 5 : 5.922586e-07 / 5.897317e-01
PCG: 0 : 5.922586e-07
PCG: 1 : 5.198281e-07 / 8.777046e-01
PCG: 2 : 5.750779e-07 / 9.709913e-01
PCG: 3 : 5.002743e-07 / 8.446890e-01
PCG: 4 : 5.261605e-07 / 8.883967e-01
PCG: 5 : 8.631475e-07 / 1.457383e+00
PCG: 0 : 8.631475e-07
PCG: 1 : 5.091040e-07 / 5.898228e-01
PCG: 2 : 4.729445e-07 / 5.479301e-01
PCG: 3 : 5.244636e-07 / 6.076176e-01
PCG: 4 : 4.564783e-07 / 5.288532e-01
PCG: 5 : 5.074303e-07 / 5.878837e-01
PCG: 0 : 5.074303e-07
PCG: 1 : 4.457852e-07 / 8.785151e-01
PCG: 2 : 4.948940e-07 / 9.752946e-01
PCG: 3 : 4.298453e-07 / 8.471021e-01
PCG: 4 : 4.519945e-07 / 8.907518e-01
PCG: 5 : 7.417741e-07 / 1.461825e+00
PCG: 0 : 7.417740e-07
PCG: 1 : 4.373645e-07 / 5.896196e-01
PCG: 2 : 4.059646e-07 / 5.472888e-01
PCG: 3 : 4.507620e-07 / 6.076810e-01
PCG: 4 : 3.916700e-07 / 5.280179e-01
PCG: 5 : 4.348647e-07 / 5.862496e-01
PCG: 0 : 4.348647e-07
PCG: 1 : 3.823494e-07 / 8.792375e-01
PCG: 2 : 4.257321e-07 / 9.789990e-01
PCG: 3 : 3.692816e-07 / 8.491872e-01
PCG: 4 : 3.882631e-07 / 8.928365e-01
PCG: 5 : 6.374079e-07 / 1.465761e+00
PCG: 0 : 6.374079e-07
PCG: 1 : 3.757110e-07 / 5.894358e-01
PCG: 2 : 3.484579e-07 / 5.466797e-01
PCG: 3 : 3.873362e-07 / 6.076740e-01
PCG: 4 : 3.361052e-07 / 5.273001e-01
PCG: 5 : 3.727621e-07 / 5.848094e-01
PCG: 0 : 3.727620e-07
PCG: 1 : 3.279904e-07 / 8.798922e-01
PCG: 2 : 3.661187e-07 / 9.821782e-01
PCG: 3 : 3.172133e-07 / 8.509806e-01
PCG: 4 : 3.335055e-07 / 8.946875e-01
PCG: 5 : 5.476741e-07 / 1.469233e+00
PCG: 0 : 5.476741e-07
PCG: 1 : 3.227333e-07 / 5.892798e-01
PCG: 2 : 2.990910e-07 / 5.461113e-01
PCG: 3 : 3.327772e-07 / 6.076190e-01
PCG: 4 : 2.884568e-07 / 5.266943e-01
PCG: 5 : 3.195923e-07 / 5.835447e-01
PCG: 0 : 3.195923e-07
PCG: 1 : 2.813999e-07 / 8.804966e-01
PCG: 2 : 3.147674e-07 / 9.849029e-01
PCG: 3 : 2.724583e-07 / 8.525184e-01
PCG: 4 : 2.864633e-07 / 8.963397e-01
PCG: 5 : 4.705312e-07 / 1.472286e+00
PCG: 0 : 4.705312e-07
PCG: 1 : 2.772164e-07 / 5.891563e-01
PCG: 2 : 2.567157e-07 / 5.455870e-01
PCG: 3 : 2.858626e-07 / 6.075317e-01
PCG: 4 : 2.475898e-07 / 5.261921e-01
PCG: 5 : 2.740544e-07 / 5.824361e-01
PCG: 0 : 2.740544e-07
PCG: 1 : 2.414600e-07 / 8.810660e-01
PCG: 2 : 2.705565e-07 / 9.872367e-01
PCG: 3 : 2.339970e-07 / 8.538343e-01
PCG: 4 : 2.460529e-07 / 8.978252e-01
PCG: 5 : 4.042200e-07 / 1.474963e+00
PCG: 0 : 4.042200e-07
PCG: 1 : 2.381138e-07 / 5.890698e-01
PCG: 2 : 2.203440e-07 / 5.451091e-01
PCG: 3 : 2.455332e-07 / 6.074248e-01
PCG: 4 : 2.125336e-07 / 5.257869e-01
PCG: 5 : 2.350400e-07 / 5.814655e-01
PCG: 0 : 2.350400e-07
PCG: 1 : 2.072146e-07 / 8.816144e-01
PCG: 2 : 2.325103e-07 / 9.892373e-01
PCG: 3 : 2.009499e-07 / 8.549604e-01
PCG: 4 : 2.113419e-07 / 8.991741e-01
PCG: 5 : 3.472261e-07 / 1.477306e+00
PCG: 0 : 3.472260e-07
PCG: 1 : 2.045241e-07 / 5.890228e-01
PCG: 2 : 1.891262e-07 / 5.446776e-01
PCG: 3 : 2.108730e-07 / 6.073074e-01
PCG: 4 : 1.824577e-07 / 5.254723e-01
PCG: 5 : 2.016052e-07 / 5.806167e-01
PCG: 0 : 2.016052e-07
PCG: 1 : 1.778466e-07 / 8.821527e-01
PCG: 2 : 1.997816e-07 / 9.909543e-01
PCG: 3 : 1.725586e-07 / 8.559235e-01
PCG: 4 : 1.815276e-07 / 9.004114e-01
PCG: 5 : 2.982457e-07 / 1.479355e+00
PCG: 0 : 2.982457e-07
PCG: 1 : 1.756719e-07 / 5.890173e-01
PCG: 2 : 1.623324e-07 / 5.442910e-01
PCG: 3 : 1.810907e-07 / 6.071863e-01
PCG: 4 : 1.566512e-07 / 5.252421e-01
PCG: 5 : 1.729450e-07 / 5.798743e-01
PCG: 0 : 1.729450e-07
PCG: 1 : 1.526571e-07 / 8.826916e-01
PCG: 2 : 1.716362e-07 / 9.924320e-01
PCG: 3 : 1.481705e-07 / 8.567491e-01
PCG: 4 : 1.559205e-07 / 9.015611e-01
PCG: 5 : 2.561561e-07 / 1.481142e+00
PCG: 0 : 2.561561e-07
PCG: 1 : 1.508901e-07 / 5.890554e-01
PCG: 2 : 1.393358e-07 / 5.439488e-01
PCG: 3 : 1.555042e-07 / 6.070679e-01
PCG: 4 : 1.345056e-07 / 5.250922e-01
PCG: 5 : 1.483725e-07 / 5.792267e-01
PCG: 0 : 1.483725e-07
PCG: 1 : 1.310485e-07 / 8.832399e-01
PCG: 2 : 1.474389e-07 / 9.937078e-01
PCG: 3 : 1.272232e-07 / 8.574579e-01
PCG: 4 : 1.339273e-07 / 9.026424e-01
PCG: 5 : 2.199917e-07 / 1.482699e+00
PCG: 0 : 2.199917e-07
PCG: 1 : 1.296053e-07 / 5.891373e-01
PCG: 2 : 1.195981e-07 / 5.436484e-01
PCG: 3 : 1.335250e-07 / 6.069547e-01
PCG: 4 : 1.154994e-07 / 5.250170e-01
PCG: 5 : 1.273006e-07 / 5.786606e-01
PCG: 0 : 1.273006e-07
PCG: 1 : 1.125090e-07 / 8.838058e-01
PCG: 2 : 1.266404e-07 / 9.948139e-01
PCG: 3 : 1.092327e-07 / 8.580696e-01
PCG: 4 : 1.150383e-07 / 9.036748e-01
PCG: 5 : 1.889210e-07 / 1.484055e+00
PCG: 0 : 1.889210e-07
PCG: 1 : 1.113244e-07 / 5.892646e-01
PCG: 2 : 1.026573e-07 / 5.433876e-01
PCG: 3 : 1.146467e-07 / 6.068499e-01
PCG: 4 : 9.918600e-08 / 5.250131e-01
PCG: 5 : 1.092277e-07 / 5.781658e-01
PCG: 0 : 1.092276e-07
PCG: 1 : 9.660065e-08 / 8.843974e-01
PCG: 2 : 1.087667e-07 / 9.957796e-01
PCG: 3 : 9.378305e-08 / 8.586017e-01
PCG: 4 : 9.881557e-08 / 9.046754e-01
PCG: 5 : 1.622290e-07 / 1.485237e+00
PCG: 0 : 1.622290e-07
PCG: 1 : 9.562388e-08 / 5.894377e-01
PCG: 2 : 8.811701e-08 / 5.431644e-01
PCG: 3 : 9.843330e-08 / 6.067553e-01
PCG: 4 : 8.518271e-08 / 5.250770e-01
PCG: 5 : 9.372494e-08 / 5.777324e-01
PCG: 0 : 9.372494e-08
PCG: 1 : 8.294855e-08 / 8.850211e-01
PCG: 2 : 9.340890e-08 / 9.966280e-01
PCG: 3 : 8.051604e-08 / 8.590674e-01
PCG: 4 : 8.488269e-08 / 9.056575e-01
PCG: 5 : 1.393000e-07 / 1.486264e+00
PCG: 0 : 1.393000e-07
PCG: 1 : 8.213942e-08 / 5.896583e-01
PCG: 2 : 7.563674e-08 / 5.429772e-01
PCG: 3 : 8.450966e-08 / 6.066737e-01
PCG: 4 : 7.316135e-08 / 5.252070e-01
PCG: 5 : 8.042539e-08 / 5.773537e-01
PCG: 0 : 8.042539e-08
PCG: 1 : 7.123142e-08 / 8.856832e-01
PCG: 2 : 8.021473e-08 / 9.973807e-01
PCG: 3 : 6.912396e-08 / 8.594794e-01
PCG: 4 : 7.291643e-08 / 9.066344e-01
PCG: 5 : 1.196051e-07 / 1.487157e+00
PCG: 0 : 1.196051e-07
PCG: 1 : 7.055835e-08 / 5.899274e-01
PCG: 2 : 6.492453e-08 / 5.428239e-01
PCG: 3 : 7.255319e-08 / 6.066059e-01
PCG: 4 : 6.284061e-08 / 5.254005e-01
PCG: 5 : 6.901478e-08 / 5.770218e-01
PCG: 0 : 6.901477e-08
PCG: 1 : 6.117401e-08 / 8.863900e-01
PCG: 2 : 6.888055e-08 / 9.980552e-01
PCG: 3 : 5.934228e-08 / 8.598489e-01
PCG: 4 : 6.263912e-08 / 9.076189e-01
PCG: 5 : 1.026893e-07 / 1.487932e+00
PCG: 0 : 1.026893e-07
PCG: 1 : 6.061191e-08 / 5.902458e-01
PCG: 2 : 5.572979e-08 / 5.427031e-01
PCG: 3 : 6.228653e-08 / 6.065534e-01
PCG: 4 : 5.397932e-08 / 5.256569e-01
PCG: 5 : 5.922406e-08 / 5.767307e-01
PCG: 0 : 5.922406e-08
PCG: 1 : 5.254050e-08 / 8.871479e-01
PCG: 2 : 5.914513e-08 / 9.986672e-01
PCG: 3 : 5.094370e-08 / 8.601860e-01
PCG: 4 : 5.381223e-08 / 9.086211e-01
PCG: 5 : 8.816125e-08 / 1.488605e+00
PCG: 0 : 8.816124e-08
PCG: 1 : 5.206930e-08 / 5.906144e-01
PCG: 2 : 4.783745e-08 / 5.426131e-01
PCG: 3 : 5.347129e-08 / 6.065169e-01
PCG: 4 : 4.637059e-08 / 5.259748e-01
PCG: 5 : 5.082275e-08 / 5.764750e-01
PCG: 0 : 5.082275e-08
PCG: 1 : 4.512867e-08 / 8.879620e-01
PCG: 2 : 5.078364e-08 / 9.992305e-01
PCG: 3 : 4.373289e-08 / 8.604984e-01
PCG: 4 : 4.623091e-08 / 9.096500e-01
PCG: 5 : 7.568469e-08 / 1.489189e+00
PCG: 0 : 7.568469e-08
PCG: 1 : 4.473229e-08 / 5.910348e-01
PCG: 2 : 4.106291e-08 / 5.425524e-01
PCG: 3 : 4.590259e-08 / 6.064977e-01
PCG: 4 : 3.983690e-08 / 5.263535e-01
PCG: 5 : 4.361330e-08 / 5.762500e-01
PCG: 0 : 4.361330e-08
PCG: 1 : 3.876514e-08 / 8.888375e-01
PCG: 2 : 4.360268e-08 / 9.997563e-01
PCG: 3 : 3.754207e-08 / 8.607941e-01
PCG: 4 : 3.971929e-08 / 9.107150e-01
PCG: 5 : 6.497049e-08 / 1.489694e+00
PCG: 0 : 6.497049e-08
PCG: 1 : 3.843062e-08 / 5.915089e-01
PCG: 2 : 3.524784e-08 / 5.425207e-01
PCG: 3 : 3.940439e-08 / 6.064967e-01
PCG: 4 : 3.422599e-08 / 5.267928e-01
PCG: 5 : 3.742638e-08 / 5.760520e-01
PCG: 0 : 3.742638e-08
PCG: 1 : 3.330122e-08 / 8.897793e-01
PCG: 2 : 3.743593e-08 / 1.000255e+00
PCG: 3 : 3.222712e-08 / 8.610803e-01
PCG: 4 : 3.412628e-08 / 9.118242e-01
PCG: 5 : 5.577034e-08 / 1.490134e+00
PCG: 0 : 5.577034e-08
PCG: 1 : 3.301808e-08 / 5.920365e-01
PCG: 2 : 3.025630e-08 / 5.425159e-01
PCG: 3 : 3.382547e-08 / 6.065137e-01
PCG: 4 : 2.940724e-08 / 5.272918e-01
PCG: 5 : 3.211681e-08 / 5.758762e-01
PCG: 0 : 3.211681e-08
PCG: 1 : 2.860940e-08 / 8.907920e-01
PCG: 2 : 3.214043e-08 / 1.000736e+00
PCG: 3 : 2.766424e-08 / 8.613632e-01
PCG: 4 : 2.932215e-08 / 9.129846e-01
PCG: 5 : 4.787062e-08 / 1.490516e+00
PCG: 0 : 4.787062e-08
PCG: 1 : 2.836908e-08 / 5.926199e-01
PCG: 2 : 2.597161e-08 / 5.425377e-01
PCG: 3 : 2.903593e-08 / 6.065502e-01
PCG: 4 : 2.526852e-08 / 5.278503e-01
PCG: 5 : 2.756009e-08 / 5.757203e-01
PCG: 0 : 2.756009e-08
PCG: 1 : 2.458027e-08 / 8.918793e-01
PCG: 2 : 2.759329e-08 / 1.001205e+00
PCG: 3 : 2.374707e-08 / 8.616472e-01
PCG: 4 : 2.519548e-08 / 9.142019e-01
PCG: 5 : 4.108793e-08 / 1.490849e+00
PCG: 0 : 4.108793e-08
PCG: 1 : 2.437579e-08 / 5.932592e-01
PCG: 2 : 2.229368e-08 / 5.425846e-01
PCG: 3 : 2.492421e-08 / 6.066066e-01
PCG: 4 : 2.171366e-08 / 5.284681e-01
PCG: 5 : 2.364945e-08 / 5.755816e-01
PCG: 0 : 2.364945e-08
PCG: 1 : 2.112001e-08 / 8.930442e-01
PCG: 2 : 2.368893e-08 / 1.001669e+00
PCG: 3 : 2.038434e-08 / 8.619372e-01
PCG: 4 : 2.165062e-08 / 9.154807e-01
PCG: 5 : 3.526462e-08 / 1.491139e+00
PCG: 0 : 3.526462e-08
PCG: 1 : 2.094562e-08 / 5.939556e-01
PCG: 2 : 1.913656e-08 / 5.426561e-01
PCG: 3 : 2.139446e-08 / 6.066836e-01
PCG: 4 : 1.866007e-08 / 5.291443e-01
PCG: 5 : 2.029330e-08 / 5.754578e-01
PCG: 0 : 2.029330e-08
PCG: 1 : 1.814808e-08 / 8.942890e-01
PCG: 2 : 2.033659e-08 / 1.002133e+00
PCG: 3 : 1.749763e-08 / 8.622369e-01
PCG: 4 : 1.860539e-08 / 9.168243e-01
PCG: 5 : 3.026525e-08 / 1.491391e+00

PCG ( VCycle ( S: Scale / C: Scale )  )

Complete solver TOE: 0.246967
8.21958 GFlop/s [8.21958 GFlops/s]

Total time: 0.246967s
Accumulated op time: 0.185178

Reductions: 62.429%
Blas-1: 7.35321%
Blas-2: 5.19867%
Precon Kernels: 0%
MPI Execution: 0%
MPI Wait: 0%
Not covered: 25.0191%

Domain size: 2.85367 MByte
LA size: 6.32385 MByte
MPI size: 0.159225 MByte

H0-Error: 2.748757e-05
H1-Error: 1.613732e-02

Writing DATA to output.data...
Run-Time: 0:00.322 [0:00.322]
0x31d198e880 Error: MemoryPool<CUDA> still contains memory chunks on deconstructor call
