NUM-PROCS: 1
Preparing domain...
LVL-MIN: 7 [7]
LVL-MAX: 10 [10]
Creating gates...
Assembling system matrices...
Assembling system filters...
Assembling transfer matrices...
Converting assembled linear system from SparseMatrixCSR, Mem:main to SparseMatrixCSR, Mem:mainand to SparseMatrixCSR, Mem:main...
PCG: 0 : 9.466280e-03
PCG: 1 : 1.505653e-01 / 1.590544e+01
PCG: 2 : 1.499291e-01 / 1.583823e+01
PCG: 3 : 2.967333e-01 / 3.134635e+01
PCG: 4 : 2.533678e-01 / 2.676530e+01
PCG: 5 : 1.335199e-01 / 1.410480e+01
PCG: 6 : 1.534355e-01 / 1.620864e+01
PCG: 7 : 1.688237e-01 / 1.783422e+01
PCG: 8 : 1.750634e-01 / 1.849337e+01
PCG: 9 : 1.362797e-01 / 1.439633e+01
PCG: 0 : 1.363053e-01
PCG: 1 : 1.105199e-01 / 8.108258e-01
PCG: 2 : 1.049520e-01 / 7.699775e-01
PCG: 3 : 1.084606e-01 / 7.957181e-01
PCG: 4 : 9.730409e-02 / 7.138686e-01
PCG: 5 : 1.333050e-01 / 9.779882e-01
PCG: 6 : 1.351404e-01 / 9.914536e-01
PCG: 7 : 9.143835e-02 / 6.708348e-01
PCG: 8 : 1.075836e-01 / 7.892839e-01
PCG: 9 : 1.304584e-01 / 9.571046e-01
PCG: 0 : 1.304584e-01
PCG: 1 : 8.635493e-02 / 6.619346e-01
PCG: 2 : 5.482069e-02 / 4.202159e-01
PCG: 3 : 6.472643e-02 / 4.961462e-01
PCG: 4 : 6.542940e-02 / 5.015346e-01
PCG: 5 : 7.490823e-02 / 5.741925e-01
PCG: 6 : 5.868979e-02 / 4.498736e-01
PCG: 7 : 4.697368e-02 / 3.600663e-01
PCG: 8 : 6.871942e-02 / 5.267535e-01
PCG: 9 : 8.718354e-02 / 6.682861e-01
PCG: 0 : 8.718356e-02
PCG: 1 : 6.311399e-02 / 7.239208e-01
PCG: 2 : 3.331614e-02 / 3.821379e-01
PCG: 3 : 4.005519e-02 / 4.594351e-01
PCG: 4 : 5.615937e-02 / 6.441509e-01
PCG: 5 : 5.164904e-02 / 5.924172e-01
PCG: 6 : 4.534017e-02 / 5.200541e-01
PCG: 7 : 4.238694e-02 / 4.861805e-01
PCG: 8 : 6.060687e-02 / 6.951640e-01
PCG: 9 : 8.313747e-02 / 9.535912e-01
PCG: 0 : 8.313747e-02
PCG: 1 : 5.527770e-02 / 6.648951e-01
PCG: 2 : 3.280846e-02 / 3.946290e-01
PCG: 3 : 3.633682e-02 / 4.370691e-01
PCG: 4 : 4.195062e-02 / 5.045934e-01
PCG: 5 : 4.508882e-02 / 5.423405e-01
PCG: 6 : 3.387231e-02 / 4.074253e-01
PCG: 7 : 3.245201e-02 / 3.903415e-01
PCG: 8 : 4.745674e-02 / 5.708225e-01
PCG: 9 : 6.196681e-02 / 7.453535e-01
PCG: 0 : 6.196680e-02
PCG: 1 : 4.508087e-02 / 7.275005e-01
PCG: 2 : 2.415961e-02 / 3.898799e-01
PCG: 3 : 2.733997e-02 / 4.412035e-01
PCG: 4 : 3.851848e-02 / 6.215987e-01
PCG: 5 : 3.566488e-02 / 5.755482e-01
PCG: 6 : 3.191174e-02 / 5.149813e-01
PCG: 7 : 3.020961e-02 / 4.875128e-01
PCG: 8 : 4.263524e-02 / 6.880336e-01
PCG: 9 : 6.307825e-02 / 1.017936e+00
PCG: 0 : 6.307822e-02
PCG: 1 : 4.198951e-02 / 6.656736e-01
PCG: 2 : 2.561745e-02 / 4.061219e-01
PCG: 3 : 2.751244e-02 / 4.361638e-01
PCG: 4 : 3.195949e-02 / 5.066643e-01
PCG: 5 : 3.395927e-02 / 5.383676e-01
PCG: 6 : 2.515473e-02 / 3.987863e-01
PCG: 7 : 2.456420e-02 / 3.894244e-01
PCG: 8 : 3.575590e-02 / 5.668501e-01
PCG: 9 : 4.806498e-02 / 7.619901e-01
PCG: 0 : 4.806500e-02
PCG: 1 : 3.605611e-02 / 7.501531e-01
PCG: 2 : 1.975538e-02 / 4.110138e-01
PCG: 3 : 2.222198e-02 / 4.623318e-01
PCG: 4 : 3.127453e-02 / 6.506717e-01
PCG: 5 : 2.856491e-02 / 5.942974e-01
PCG: 6 : 2.579251e-02 / 5.366172e-01
PCG: 7 : 2.547948e-02 / 5.301046e-01
PCG: 8 : 3.482755e-02 / 7.245927e-01
PCG: 9 : 4.930676e-02 / 1.025835e+00
PCG: 0 : 4.930676e-02
PCG: 1 : 3.496786e-02 / 7.091901e-01
PCG: 2 : 2.236066e-02 / 4.535010e-01
PCG: 3 : 2.353004e-02 / 4.772173e-01
PCG: 4 : 2.674487e-02 / 5.424180e-01
PCG: 5 : 2.791184e-02 / 5.660854e-01
PCG: 6 : 2.181526e-02 / 4.424396e-01
PCG: 7 : 2.344619e-02 / 4.755168e-01
PCG: 8 : 2.998362e-02 / 6.081036e-01
PCG: 9 : 3.580212e-02 / 7.261099e-01
PCG: 0 : 3.580214e-02
PCG: 1 : 3.050805e-02 / 8.521291e-01
PCG: 2 : 1.889538e-02 / 5.277725e-01
PCG: 3 : 2.119808e-02 / 5.920898e-01
PCG: 4 : 2.561728e-02 / 7.155236e-01
PCG: 5 : 2.301430e-02 / 6.428190e-01
PCG: 6 : 2.433560e-02 / 6.797248e-01
PCG: 7 : 2.484404e-02 / 6.939262e-01
PCG: 8 : 2.982986e-02 / 8.331865e-01
PCG: 9 : 3.644880e-02 / 1.018062e+00
PCG: 0 : 3.644878e-02
PCG: 1 : 2.953982e-02 / 8.104474e-01
PCG: 2 : 2.095579e-02 / 5.749381e-01
PCG: 3 : 2.217809e-02 / 6.084727e-01
PCG: 4 : 2.128840e-02 / 5.840634e-01
PCG: 5 : 2.247714e-02 / 6.166776e-01
PCG: 6 : 2.086845e-02 / 5.725418e-01
PCG: 7 : 2.073205e-02 / 5.687996e-01
PCG: 8 : 2.583477e-02 / 7.087967e-01
PCG: 9 : 3.153824e-02 / 8.652756e-01
PCG: 0 : 3.153821e-02
PCG: 1 : 2.536226e-02 / 8.041757e-01
PCG: 2 : 1.676377e-02 / 5.315385e-01
PCG: 3 : 2.018652e-02 / 6.400655e-01
PCG: 4 : 2.035966e-02 / 6.455553e-01
PCG: 5 : 1.875844e-02 / 5.947844e-01
PCG: 6 : 2.191833e-02 / 6.949770e-01
PCG: 7 : 2.016070e-02 / 6.392466e-01
PCG: 8 : 2.605983e-02 / 8.262939e-01
PCG: 9 : 3.277881e-02 / 1.039336e+00
PCG: 0 : 3.277879e-02
PCG: 1 : 2.493653e-02 / 7.607520e-01
PCG: 2 : 1.785419e-02 / 5.446873e-01
PCG: 3 : 2.038154e-02 / 6.217906e-01
PCG: 4 : 1.739119e-02 / 5.305623e-01
PCG: 5 : 1.864229e-02 / 5.687302e-01
PCG: 6 : 1.890743e-02 / 5.768189e-01
PCG: 7 : 1.642948e-02 / 5.012227e-01
PCG: 8 : 2.280016e-02 / 6.955767e-01
PCG: 9 : 2.860742e-02 / 8.727416e-01
PCG: 0 : 2.860741e-02
PCG: 1 : 2.163852e-02 / 7.563956e-01
PCG: 2 : 1.487433e-02 / 5.199467e-01
PCG: 3 : 1.798212e-02 / 6.285826e-01
PCG: 4 : 1.743980e-02 / 6.096254e-01
PCG: 5 : 1.629925e-02 / 5.697561e-01
PCG: 6 : 1.927308e-02 / 6.737092e-01
PCG: 7 : 1.713912e-02 / 5.991147e-01
PCG: 8 : 2.243401e-02 / 7.842028e-01
PCG: 9 : 2.932181e-02 / 1.024972e+00
PCG: 0 : 2.932179e-02
PCG: 1 : 2.150904e-02 / 7.335515e-01
PCG: 2 : 1.587417e-02 / 5.413778e-01
PCG: 3 : 1.800829e-02 / 6.141608e-01
PCG: 4 : 1.512897e-02 / 5.159633e-01
PCG: 5 : 1.622319e-02 / 5.532809e-01
PCG: 6 : 1.655553e-02 / 5.646153e-01
PCG: 7 : 1.415421e-02 / 4.827199e-01
PCG: 8 : 1.968001e-02 / 6.711734e-01
PCG: 9 : 2.556367e-02 / 8.718320e-01
PCG: 0 : 2.556367e-02
PCG: 1 : 1.879877e-02 / 7.353704e-01
PCG: 2 : 1.326253e-02 / 5.188038e-01
PCG: 3 : 1.574451e-02 / 6.158940e-01
PCG: 4 : 1.529167e-02 / 5.981798e-01
PCG: 5 : 1.432208e-02 / 5.602512e-01
PCG: 6 : 1.683753e-02 / 6.586506e-01
PCG: 7 : 1.506546e-02 / 5.893310e-01
PCG: 8 : 1.943515e-02 / 7.602644e-01
PCG: 9 : 2.613362e-02 / 1.022295e+00
PCG: 0 : 2.613361e-02
PCG: 1 : 1.873168e-02 / 7.167659e-01
PCG: 2 : 1.410246e-02 / 5.396292e-01
PCG: 3 : 1.580927e-02 / 6.049401e-01
PCG: 4 : 1.329241e-02 / 5.086328e-01
PCG: 5 : 1.425349e-02 / 5.454086e-01
PCG: 6 : 1.448225e-02 / 5.541618e-01
PCG: 7 : 1.246935e-02 / 4.771386e-01
PCG: 8 : 1.708904e-02 / 6.539106e-01
PCG: 9 : 2.275324e-02 / 8.706508e-01
PCG: 0 : 2.275323e-02
PCG: 1 : 1.644073e-02 / 7.225668e-01
PCG: 2 : 1.177068e-02 / 5.173190e-01
PCG: 3 : 1.379729e-02 / 6.063879e-01
PCG: 4 : 1.342258e-02 / 5.899197e-01
PCG: 5 : 1.258809e-02 / 5.532442e-01
PCG: 6 : 1.476076e-02 / 6.487324e-01
PCG: 7 : 1.325627e-02 / 5.826105e-01
PCG: 8 : 1.693586e-02 / 7.443277e-01
PCG: 9 : 2.320872e-02 / 1.020019e+00
PCG: 0 : 2.320873e-02
PCG: 1 : 1.639428e-02 / 7.063841e-01
PCG: 2 : 1.248742e-02 / 5.380483e-01
PCG: 3 : 1.389239e-02 / 5.985847e-01
PCG: 4 : 1.168135e-02 / 5.033173e-01
PCG: 5 : 1.251934e-02 / 5.394239e-01
PCG: 6 : 1.270289e-02 / 5.473323e-01
PCG: 7 : 1.097771e-02 / 4.729993e-01
PCG: 8 : 1.490862e-02 / 6.423714e-01
PCG: 9 : 2.017993e-02 / 8.694973e-01
PCG: 0 : 2.017992e-02
PCG: 1 : 1.442540e-02 / 7.148393e-01
PCG: 2 : 1.041561e-02 / 5.161375e-01
PCG: 3 : 1.211177e-02 / 6.001894e-01
PCG: 4 : 1.177992e-02 / 5.837446e-01
PCG: 5 : 1.105748e-02 / 5.479447e-01
PCG: 6 : 1.296868e-02 / 6.426527e-01
PCG: 7 : 1.165855e-02 / 5.777301e-01
PCG: 8 : 1.480746e-02 / 7.337719e-01
PCG: 9 : 2.054812e-02 / 1.018246e+00
PCG: 0 : 2.054813e-02
PCG: 1 : 1.438838e-02 / 7.002282e-01
PCG: 2 : 1.104017e-02 / 5.372835e-01
PCG: 3 : 1.222436e-02 / 5.949137e-01
PCG: 4 : 1.026262e-02 / 4.994430e-01
PCG: 5 : 1.099459e-02 / 5.350651e-01
PCG: 6 : 1.116179e-02 / 5.432022e-01
PCG: 7 : 9.653262e-03 / 4.697879e-01
PCG: 8 : 1.304028e-02 / 6.346214e-01
PCG: 9 : 1.784701e-02 / 8.685469e-01
PCG: 0 : 1.784701e-02
PCG: 1 : 1.267839e-02 / 7.103931e-01
PCG: 2 : 9.202065e-03 / 5.156081e-01
PCG: 3 : 1.064797e-02 / 5.966247e-01
PCG: 4 : 1.034005e-02 / 5.793716e-01
PCG: 5 : 9.705056e-03 / 5.437917e-01
PCG: 6 : 1.140822e-02 / 6.392228e-01
PCG: 7 : 1.025041e-02 / 5.743486e-01
PCG: 8 : 1.296884e-02 / 7.266672e-01
PCG: 9 : 1.814757e-02 / 1.016841e+00
PCG: 0 : 1.814757e-02
PCG: 1 : 1.264120e-02 / 6.965778e-01
PCG: 2 : 9.747192e-03 / 5.371072e-01
PCG: 3 : 1.076482e-02 / 5.931825e-01
PCG: 4 : 9.012682e-03 / 4.966329e-01
PCG: 5 : 9.649880e-03 / 5.317449e-01
PCG: 6 : 9.813363e-03 / 5.407534e-01
PCG: 7 : 8.484253e-03 / 4.675144e-01
PCG: 8 : 1.142867e-02 / 6.297628e-01
PCG: 9 : 1.575186e-02 / 8.679872e-01
PCG: 0 : 1.575186e-02
PCG: 1 : 1.115521e-02 / 7.081837e-01
PCG: 2 : 8.120870e-03 / 5.155500e-01
PCG: 3 : 9.364479e-03 / 5.944999e-01
PCG: 4 : 9.074484e-03 / 5.760897e-01
PCG: 5 : 8.514862e-03 / 5.405623e-01
PCG: 6 : 1.003464e-02 / 6.370448e-01
PCG: 7 : 9.010012e-03 / 5.719967e-01
PCG: 8 : 1.137502e-02 / 7.221386e-01
PCG: 9 : 1.599910e-02 / 1.015696e+00
PCG: 0 : 1.599912e-02
PCG: 1 : 1.111912e-02 / 6.949833e-01
PCG: 2 : 8.601381e-03 / 5.376158e-01
PCG: 3 : 9.481557e-03 / 5.926298e-01
PCG: 4 : 7.918387e-03 / 4.949263e-01
PCG: 5 : 8.470766e-03 / 5.294520e-01
PCG: 6 : 8.632049e-03 / 5.395327e-01
PCG: 7 : 7.460052e-03 / 4.662789e-01
PCG: 8 : 1.003095e-02 / 6.269688e-01
PCG: 9 : 1.388422e-02 / 8.678112e-01
PCG: 0 : 1.388421e-02
PCG: 1 : 9.822226e-03 / 7.074387e-01
PCG: 2 : 7.165025e-03 / 5.160557e-01
PCG: 3 : 8.242826e-03 / 5.936835e-01
PCG: 4 : 7.971166e-03 / 5.741174e-01
PCG: 5 : 7.475673e-03 / 5.384299e-01
PCG: 6 : 8.830230e-03 / 6.359909e-01
PCG: 7 : 7.925484e-03 / 5.708272e-01
PCG: 8 : 9.992957e-03 / 7.197354e-01
PCG: 9 : 1.409276e-02 / 1.015021e+00
PCG: 0 : 1.409277e-02
PCG: 1 : 9.787156e-03 / 6.944808e-01
PCG: 2 : 7.589214e-03 / 5.385184e-01
PCG: 3 : 8.354226e-03 / 5.928024e-01
PCG: 4 : 6.959652e-03 / 4.938457e-01
PCG: 5 : 7.439524e-03 / 5.278966e-01
PCG: 6 : 7.592882e-03 / 5.387787e-01
PCG: 7 : 6.561523e-03 / 4.655951e-01
PCG: 8 : 8.813036e-03 / 6.253588e-01
PCG: 9 : 1.222106e-02 / 8.671870e-01
PCG: 0 : 1.222106e-02
PCG: 1 : 8.648464e-03 / 7.076687e-01
PCG: 2 : 6.317200e-03 / 5.169108e-01
PCG: 3 : 7.253881e-03 / 5.935556e-01
PCG: 4 : 7.004959e-03 / 5.731873e-01
PCG: 5 : 6.564665e-03 / 5.371599e-01
PCG: 6 : 7.771106e-03 / 6.358780e-01
PCG: 7 : 6.973153e-03 / 5.705847e-01
PCG: 8 : 8.787460e-03 / 7.190421e-01
PCG: 9 : 1.240337e-02 / 1.014917e+00
PCG: 0 : 1.240336e-02
PCG: 1 : 8.618499e-03 / 6.948519e-01
PCG: 2 : 6.693093e-03 / 5.396193e-01
PCG: 3 : 7.360700e-03 / 5.934440e-01
PCG: 4 : 6.119905e-03 / 4.934070e-01
PCG: 5 : 6.538328e-03 / 5.271416e-01
PCG: 6 : 6.677551e-03 / 5.383663e-01
PCG: 7 : 5.773266e-03 / 4.654598e-01
PCG: 8 : 7.749347e-03 / 6.247780e-01
PCG: 9 : 1.074852e-02 / 8.665810e-01
PCG: 0 : 1.074852e-02
PCG: 1 : 7.618604e-03 / 7.088051e-01
PCG: 2 : 5.570221e-03 / 5.182315e-01
PCG: 3 : 6.383472e-03 / 5.938932e-01
PCG: 4 : 6.158832e-03 / 5.729936e-01
PCG: 5 : 5.770027e-03 / 5.368207e-01
PCG: 6 : 6.837399e-03 / 6.361248e-01
PCG: 7 : 6.138176e-03 / 5.710719e-01
PCG: 8 : 7.732721e-03 / 7.194220e-01
PCG: 9 : 1.090578e-02 / 1.014631e+00
PCG: 0 : 1.090577e-02
PCG: 1 : 7.593129e-03 / 6.962488e-01
PCG: 2 : 5.905737e-03 / 5.415241e-01
PCG: 3 : 6.485239e-03 / 5.946612e-01
PCG: 4 : 5.387063e-03 / 4.939645e-01
PCG: 5 : 5.752207e-03 / 5.274463e-01
PCG: 6 : 5.872894e-03 / 5.385125e-01
PCG: 7 : 5.083959e-03 / 4.661715e-01
PCG: 8 : 6.818010e-03 / 6.251745e-01
PCG: 9 : 9.444442e-03 / 8.660041e-01
PCG: 0 : 9.444443e-03
PCG: 1 : 6.712824e-03 / 7.107698e-01
PCG: 2 : 4.912231e-03 / 5.201187e-01
PCG: 3 : 5.618477e-03 / 5.948977e-01
PCG: 4 : 5.421679e-03 / 5.740602e-01
PCG: 5 : 5.078595e-03 / 5.377337e-01
PCG: 6 : 6.018016e-03 / 6.372018e-01
PCG: 7 : 5.408768e-03 / 5.726932e-01
PCG: 8 : 6.811221e-03 / 7.211882e-01
PCG: 9 : 9.580894e-03 / 1.014448e+00
PCG: 0 : 9.580894e-03
PCG: 1 : 6.692747e-03 / 6.985514e-01
PCG: 2 : 5.213819e-03 / 5.441892e-01
PCG: 3 : 5.714825e-03 / 5.964814e-01
PCG: 4 : 4.745749e-03 / 4.953346e-01
PCG: 5 : 5.067085e-03 / 5.288739e-01
PCG: 6 : 5.165349e-03 / 5.391302e-01
PCG: 7 : 4.481329e-03 / 4.677360e-01
PCG: 8 : 6.003638e-03 / 6.266260e-01
PCG: 9 : 8.289944e-03 / 8.652579e-01
PCG: 0 : 8.289946e-03
PCG: 1 : 5.918095e-03 / 7.138883e-01
PCG: 2 : 4.335887e-03 / 5.230296e-01
PCG: 3 : 4.944880e-03 / 5.964912e-01
PCG: 4 : 4.777837e-03 / 5.763411e-01
PCG: 5 : 4.477017e-03 / 5.400538e-01
PCG: 6 : 5.299302e-03 / 6.392445e-01
PCG: 7 : 4.771182e-03 / 5.755384e-01
PCG: 8 : 6.006800e-03 / 7.245885e-01
PCG: 9 : 8.409521e-03 / 1.014424e+00
PCG: 0 : 8.409523e-03
PCG: 1 : 5.905159e-03 / 7.021990e-01
PCG: 2 : 4.608596e-03 / 5.480211e-01
PCG: 3 : 5.037643e-03 / 5.990402e-01
PCG: 4 : 4.189088e-03 / 4.981362e-01
PCG: 5 : 4.472484e-03 / 5.318357e-01
PCG: 6 : 4.544001e-03 / 5.403398e-01
PCG: 7 : 3.956551e-03 / 4.704845e-01
PCG: 8 : 5.290550e-03 / 6.291141e-01
PCG: 9 : 7.266580e-03 / 8.640894e-01
PCG: 0 : 7.266575e-03
PCG: 1 : 5.221794e-03 / 7.186046e-01
PCG: 2 : 3.831425e-03 / 5.272670e-01
PCG: 3 : 4.352851e-03 / 5.990238e-01
PCG: 4 : 4.218750e-03 / 5.805693e-01
PCG: 5 : 3.955863e-03 / 5.443917e-01
PCG: 6 : 4.668144e-03 / 6.424133e-01
PCG: 7 : 4.215796e-03 / 5.801627e-01
PCG: 8 : 5.304744e-03 / 7.300198e-01
PCG: 9 : 7.373370e-03 / 1.014697e+00
PCG: 0 : 7.373366e-03
PCG: 1 : 5.216707e-03 / 7.075068e-01
PCG: 2 : 4.081387e-03 / 5.535310e-01
PCG: 3 : 4.442736e-03 / 6.025384e-01
PCG: 4 : 3.704914e-03 / 5.024726e-01
PCG: 5 : 3.957539e-03 / 5.367344e-01
PCG: 6 : 3.999259e-03 / 5.423926e-01
PCG: 7 : 3.499617e-03 / 4.746296e-01
PCG: 8 : 4.666719e-03 / 6.329156e-01
PCG: 9 : 6.360406e-03 / 8.626190e-01
PCG: 0 : 6.360410e-03
PCG: 1 : 4.611643e-03 / 7.250544e-01
PCG: 2 : 3.390754e-03 / 5.331030e-01
PCG: 3 : 3.832413e-03 / 6.025418e-01
PCG: 4 : 3.732373e-03 / 5.868134e-01
PCG: 5 : 3.502036e-03 / 5.505992e-01
PCG: 6 : 4.114033e-03 / 6.468188e-01
PCG: 7 : 3.731680e-03 / 5.867044e-01
PCG: 8 : 4.689327e-03 / 7.372680e-01
PCG: 9 : 6.455121e-03 / 1.014891e+00
PCG: 0 : 6.455119e-03
PCG: 1 : 4.613202e-03 / 7.146579e-01
PCG: 2 : 3.619745e-03 / 5.607557e-01
PCG: 3 : 3.919177e-03 / 6.071426e-01
PCG: 4 : 3.282515e-03 / 5.085135e-01
PCG: 5 : 3.508268e-03 / 5.434862e-01
PCG: 6 : 3.519705e-03 / 5.452580e-01
PCG: 7 : 3.099193e-03 / 4.801140e-01
PCG: 8 : 4.119025e-03 / 6.381021e-01
PCG: 9 : 5.557803e-03 / 8.609915e-01
PCG: 0 : 5.557800e-03
PCG: 1 : 4.077584e-03 / 7.336688e-01
PCG: 2 : 3.007104e-03 / 5.410600e-01
PCG: 3 : 3.375650e-03 / 6.073716e-01
PCG: 4 : 3.310201e-03 / 5.955956e-01
PCG: 5 : 3.108401e-03 / 5.592862e-01
PCG: 6 : 3.629207e-03 / 6.529934e-01
PCG: 7 : 3.309766e-03 / 5.955172e-01
PCG: 8 : 4.151431e-03 / 7.469559e-01
PCG: 9 : 5.646548e-03 / 1.015968e+00
PCG: 0 : 5.646547e-03
PCG: 1 : 4.086058e-03 / 7.236384e-01
PCG: 2 : 3.216038e-03 / 5.695584e-01
PCG: 3 : 3.459625e-03 / 6.126975e-01
PCG: 4 : 2.915590e-03 / 5.163492e-01
PCG: 5 : 3.115974e-03 / 5.518371e-01
PCG: 6 : 3.099962e-03 / 5.490013e-01
PCG: 7 : 2.749628e-03 / 4.869574e-01
PCG: 8 : 3.639567e-03 / 6.445652e-01
PCG: 9 : 4.850282e-03 / 8.589820e-01
PCG: 0 : 4.850282e-03
PCG: 1 : 3.608507e-03 / 7.439787e-01
PCG: 2 : 2.671036e-03 / 5.506970e-01
PCG: 3 : 2.974413e-03 / 6.132453e-01
PCG: 4 : 2.941411e-03 / 6.064411e-01
PCG: 5 : 2.762591e-03 / 5.695733e-01
PCG: 6 : 3.202291e-03 / 6.602277e-01
PCG: 7 : 2.938767e-03 / 6.058961e-01
PCG: 8 : 3.676708e-03 / 7.580400e-01
PCG: 9 : 4.934625e-03 / 1.017389e+00
PCG: 0 : 4.934627e-03
PCG: 1 : 3.621702e-03 / 7.339363e-01
PCG: 2 : 2.859628e-03 / 5.795024e-01
PCG: 3 : 3.054895e-03 / 6.190731e-01
PCG: 4 : 2.592722e-03 / 5.254140e-01
PCG: 5 : 2.768942e-03 / 5.611249e-01
PCG: 6 : 2.730945e-03 / 5.534248e-01
PCG: 7 : 2.439777e-03 / 4.944198e-01
PCG: 8 : 3.217147e-03 / 6.519535e-01
PCG: 9 : 4.231026e-03 / 8.574156e-01
PCG: 0 : 4.231026e-03
PCG: 1 : 3.192915e-03 / 7.546430e-01
PCG: 2 : 2.371826e-03 / 5.605794e-01
PCG: 3 : 2.620530e-03 / 6.193603e-01
PCG: 4 : 2.615097e-03 / 6.180762e-01
PCG: 5 : 2.455470e-03 / 5.803486e-01
PCG: 6 : 2.826910e-03 / 6.681380e-01
PCG: 7 : 2.611002e-03 / 6.171085e-01
PCG: 8 : 3.256798e-03 / 7.697417e-01
PCG: 9 : 4.314136e-03 / 1.019643e+00
PCG: 0 : 4.314135e-03
PCG: 1 : 3.210080e-03 / 7.440841e-01
PCG: 2 : 2.541911e-03 / 5.892052e-01
PCG: 3 : 2.697972e-03 / 6.253795e-01
PCG: 4 : 2.305686e-03 / 5.344490e-01
PCG: 5 : 2.458936e-03 / 5.699719e-01
PCG: 6 : 2.405335e-03 / 5.575473e-01
PCG: 7 : 2.163298e-03 / 5.014441e-01
PCG: 8 : 2.844476e-03 / 6.593387e-01
PCG: 9 : 3.693114e-03 / 8.560497e-01
PCG: 0 : 3.693115e-03
PCG: 1 : 2.824620e-03 / 7.648338e-01
PCG: 2 : 2.105056e-03 / 5.699945e-01
PCG: 3 : 2.308840e-03 / 6.251742e-01
PCG: 4 : 2.323388e-03 / 6.291132e-01
PCG: 5 : 2.180123e-03 / 5.903209e-01
PCG: 6 : 2.494786e-03 / 6.755235e-01
PCG: 7 : 2.318264e-03 / 6.277258e-01
PCG: 8 : 2.882073e-03 / 7.803906e-01
PCG: 9 : 3.774245e-03 / 1.021968e+00
PCG: 0 : 3.774246e-03
PCG: 1 : 2.841391e-03 / 7.528366e-01
PCG: 2 : 2.254653e-03 / 5.973784e-01
PCG: 3 : 2.380265e-03 / 6.306597e-01
PCG: 4 : 2.046878e-03 / 5.423277e-01
PCG: 5 : 2.179569e-03 / 5.774845e-01
PCG: 6 : 2.118124e-03 / 5.612044e-01
PCG: 7 : 1.915766e-03 / 5.075889e-01
PCG: 8 : 2.514365e-03 / 6.661899e-01
PCG: 9 : 3.227327e-03 / 8.550919e-01
PCG: 0 : 3.227329e-03
PCG: 1 : 2.495505e-03 / 7.732416e-01
PCG: 2 : 1.864578e-03 / 5.777465e-01
PCG: 3 : 2.033237e-03 / 6.300063e-01
PCG: 4 : 2.060673e-03 / 6.385071e-01
PCG: 5 : 1.931254e-03 / 5.984064e-01
PCG: 6 : 2.199719e-03 / 6.815912e-01
PCG: 7 : 2.054737e-03 / 6.366680e-01
PCG: 8 : 2.547032e-03 / 7.892075e-01
PCG: 9 : 3.305434e-03 / 1.024201e+00
PCG: 0 : 3.305436e-03
PCG: 1 : 2.511239e-03 / 7.597302e-01
PCG: 2 : 1.996179e-03 / 6.039080e-01
PCG: 3 : 2.098872e-03 / 6.349759e-01
PCG: 4 : 1.813603e-03 / 5.486729e-01
PCG: 5 : 1.928374e-03 / 5.833949e-01
PCG: 6 : 1.864879e-03 / 5.641856e-01
PCG: 7 : 1.693781e-03 / 5.124230e-01
PCG: 8 : 2.220989e-03 / 6.719204e-01
PCG: 9 : 2.825452e-03 / 8.547897e-01
PCG: 0 : 2.825451e-03
PCG: 1 : 2.201583e-03 / 7.791969e-01
PCG: 2 : 1.647766e-03 / 5.831870e-01
PCG: 3 : 1.789946e-03 / 6.335081e-01
PCG: 4 : 1.823315e-03 / 6.453183e-01
PCG: 5 : 1.707105e-03 / 6.041883e-01
PCG: 6 : 1.938360e-03 / 6.860356e-01
PCG: 7 : 1.817516e-03 / 6.432659e-01
PCG: 8 : 2.248191e-03 / 7.956926e-01
PCG: 9 : 2.898644e-03 / 1.025905e+00
PCG: 0 : 2.898643e-03
PCG: 1 : 2.216134e-03 / 7.645419e-01
PCG: 2 : 1.763142e-03 / 6.082647e-01
PCG: 3 : 1.849072e-03 / 6.379097e-01
PCG: 4 : 1.602812e-03 / 5.529525e-01
PCG: 5 : 1.702166e-03 / 5.872286e-01
PCG: 6 : 1.641180e-03 / 5.661889e-01
PCG: 7 : 1.495019e-03 / 5.157653e-01
PCG: 8 : 1.959779e-03 / 6.761023e-01
PCG: 9 : 2.477184e-03 / 8.546012e-01
PCG: 0 : 2.477183e-03
PCG: 1 : 1.940613e-03 / 7.833950e-01
PCG: 2 : 1.453756e-03 / 5.868585e-01
PCG: 3 : 1.575492e-03 / 6.360011e-01
PCG: 4 : 1.609871e-03 / 6.498795e-01
PCG: 5 : 1.506341e-03 / 6.080862e-01
PCG: 6 : 1.707066e-03 / 6.891158e-01
PCG: 7 : 1.604689e-03 / 6.477877e-01
PCG: 8 : 1.982421e-03 / 8.002722e-01
PCG: 9 : 2.544414e-03 / 1.027140e+00
PCG: 0 : 2.544413e-03
PCG: 1 : 1.953668e-03 / 7.678267e-01
PCG: 2 : 1.555096e-03 / 6.111805e-01
PCG: 3 : 1.628218e-03 / 6.399189e-01
PCG: 4 : 1.414176e-03 / 5.557967e-01
PCG: 5 : 1.500529e-03 / 5.897347e-01
PCG: 6 : 1.444127e-03 / 5.675678e-01
PCG: 7 : 1.317724e-03 / 5.178890e-01
PCG: 8 : 1.727172e-03 / 6.788095e-01
PCG: 9 : 2.174469e-03 / 8.546054e-01
PCG: 0 : 2.174470e-03
PCG: 1 : 1.708512e-03 / 7.857144e-01
PCG: 2 : 1.280882e-03 / 5.890550e-01
PCG: 3 : 1.386208e-03 / 6.374925e-01
PCG: 4 : 1.419082e-03 / 6.526108e-01
PCG: 5 : 1.327058e-03 / 6.102905e-01
PCG: 6 : 1.502355e-03 / 6.909062e-01
PCG: 7 : 1.414699e-03 / 6.505948e-01
PCG: 8 : 1.746102e-03 / 8.030013e-01
PCG: 9 : 2.234861e-03 / 1.027773e+00
PCG: 0 : 2.234860e-03
PCG: 1 : 1.720384e-03 / 7.697949e-01
PCG: 2 : 1.370057e-03 / 6.130393e-01
PCG: 3 : 1.433252e-03 / 6.413162e-01
PCG: 4 : 1.246054e-03 / 5.575535e-01
PCG: 5 : 1.321529e-03 / 5.913251e-01
PCG: 6 : 1.270584e-03 / 5.685297e-01
PCG: 7 : 1.160111e-03 / 5.190977e-01
PCG: 8 : 1.520928e-03 / 6.805472e-01
PCG: 9 : 1.910177e-03 / 8.547189e-01
PCG: 0 : 1.910178e-03
PCG: 1 : 1.503547e-03 / 7.871242e-01
PCG: 2 : 1.127366e-03 / 5.901892e-01
PCG: 3 : 1.219459e-03 / 6.384008e-01
PCG: 4 : 1.249540e-03 / 6.541486e-01
PCG: 5 : 1.168011e-03 / 6.114670e-01
PCG: 6 : 1.322142e-03 / 6.921566e-01
PCG: 7 : 1.245938e-03 / 6.522630e-01
PCG: 8 : 1.537328e-03 / 8.048089e-01
PCG: 9 : 1.964225e-03 / 1.028294e+00
PCG: 0 : 1.964225e-03
PCG: 1 : 1.514255e-03 / 7.709173e-01
PCG: 2 : 1.205812e-03 / 6.138867e-01
PCG: 3 : 1.261048e-03 / 6.420079e-01
PCG: 4 : 1.096628e-03 / 5.583005e-01
PCG: 5 : 1.162583e-03 / 5.918791e-01
PCG: 6 : 1.117462e-03 / 5.689072e-01
PCG: 7 : 1.020630e-03 / 5.196095e-01
PCG: 8 : 1.338555e-03 / 6.814674e-01
PCG: 9 : 1.678170e-03 / 8.543674e-01
PCG: 0 : 1.678168e-03
PCG: 1 : 1.322625e-03 / 7.881359e-01
PCG: 2 : 9.917718e-04 / 5.909847e-01
PCG: 3 : 1.072588e-03 / 6.391420e-01
PCG: 4 : 1.099488e-03 / 6.551713e-01
PCG: 5 : 1.027632e-03 / 6.123534e-01
PCG: 6 : 1.163109e-03 / 6.930824e-01
PCG: 7 : 1.096521e-03 / 6.534036e-01
PCG: 8 : 1.352739e-03 / 8.060809e-01
PCG: 9 : 1.726374e-03 / 1.028725e+00
PCG: 0 : 1.726374e-03
PCG: 1 : 1.332345e-03 / 7.717588e-01
PCG: 2 : 1.061074e-03 / 6.146256e-01
PCG: 3 : 1.109482e-03 / 6.426658e-01
PCG: 4 : 9.649315e-04 / 5.589352e-01
PCG: 5 : 1.022718e-03 / 5.924078e-01
PCG: 6 : 9.829435e-04 / 5.693687e-01
PCG: 7 : 8.977746e-04 / 5.200347e-01
PCG: 8 : 1.177826e-03 / 6.822539e-01
PCG: 9 : 1.475494e-03 / 8.546779e-01
PCG: 0 : 1.475494e-03
PCG: 1 : 1.163485e-03 / 7.885392e-01
PCG: 2 : 8.723047e-04 / 5.911952e-01
PCG: 3 : 9.434519e-04 / 6.394144e-01
PCG: 4 : 9.671318e-04 / 6.554632e-01
PCG: 5 : 9.037307e-04 / 6.124938e-01
PCG: 6 : 1.022990e-03 / 6.933206e-01
PCG: 7 : 9.646519e-04 / 6.537825e-01
PCG: 8 : 1.189681e-03 / 8.062933e-01
PCG: 9 : 1.517443e-03 / 1.028431e+00
PCG: 0 : 1.517444e-03
PCG: 1 : 1.171537e-03 / 7.720462e-01
PCG: 2 : 9.331871e-04 / 6.149732e-01
PCG: 3 : 9.758240e-04 / 6.430711e-01
PCG: 4 : 8.484835e-04 / 5.591532e-01
PCG: 5 : 8.992697e-04 / 5.926215e-01
PCG: 6 : 8.644743e-04 / 5.696912e-01
PCG: 7 : 7.895102e-04 / 5.202897e-01
PCG: 8 : 1.036254e-03 / 6.828946e-01
PCG: 9 : 1.297456e-03 / 8.550273e-01
PCG: 0 : 1.297455e-03
PCG: 1 : 1.023397e-03 / 7.887727e-01
PCG: 2 : 7.670647e-04 / 5.912070e-01
PCG: 3 : 8.297450e-04 / 6.395172e-01
PCG: 4 : 8.504198e-04 / 6.554521e-01
PCG: 5 : 7.945301e-04 / 6.123757e-01
PCG: 6 : 8.997305e-04 / 6.934578e-01
PCG: 7 : 8.482533e-04 / 6.537823e-01
PCG: 8 : 1.046349e-03 / 8.064626e-01
PCG: 9 : 1.334185e-03 / 1.028309e+00
PCG: 0 : 1.334185e-03
PCG: 1 : 1.030345e-03 / 7.722651e-01
PCG: 2 : 8.204150e-04 / 6.149185e-01
PCG: 3 : 8.581583e-04 / 6.432079e-01
PCG: 4 : 7.459963e-04 / 5.591401e-01
PCG: 5 : 7.906057e-04 / 5.925757e-01
PCG: 6 : 7.601911e-04 / 5.697793e-01
PCG: 7 : 6.941598e-04 / 5.202875e-01
PCG: 8 : 9.113344e-04 / 6.830645e-01
PCG: 9 : 1.140705e-03 / 8.549826e-01
PCG: 0 : 1.140705e-03
PCG: 1 : 8.999946e-04 / 7.889809e-01
PCG: 2 : 6.745883e-04 / 5.913783e-01
PCG: 3 : 7.297225e-04 / 6.397117e-01
PCG: 4 : 7.477124e-04 / 6.554826e-01
PCG: 5 : 6.985644e-04 / 6.123970e-01
PCG: 6 : 7.912900e-04 / 6.936849e-01
PCG: 7 : 7.459321e-04 / 6.539219e-01
PCG: 8 : 9.202551e-04 / 8.067423e-01
PCG: 9 : 1.173050e-03 / 1.028355e+00
PCG: 0 : 1.173049e-03
PCG: 1 : 9.060867e-04 / 7.724200e-01
PCG: 2 : 7.214412e-04 / 6.150135e-01
PCG: 3 : 7.546489e-04 / 6.433225e-01
PCG: 4 : 6.558645e-04 / 5.591108e-01
PCG: 5 : 6.951084e-04 / 5.925654e-01
PCG: 6 : 6.685586e-04 / 5.699323e-01
PCG: 7 : 6.101638e-04 / 5.201519e-01
PCG: 8 : 8.013580e-04 / 6.831410e-01
PCG: 9 : 1.002768e-03 / 8.548386e-01
PCG: 0 : 1.002769e-03
PCG: 1 : 7.913507e-04 / 7.891656e-01
PCG: 2 : 5.929710e-04 / 5.913336e-01
PCG: 3 : 6.417718e-04 / 6.399996e-01
PCG: 4 : 6.574651e-04 / 6.556497e-01
PCG: 5 : 6.141101e-04 / 6.124144e-01
PCG: 6 : 6.959226e-04 / 6.940010e-01
PCG: 7 : 6.559369e-04 / 6.541256e-01
PCG: 8 : 8.091605e-04 / 8.069261e-01
PCG: 9 : 1.031460e-03 / 1.028611e+00
PCG: 0 : 1.031460e-03
PCG: 1 : 7.967520e-04 / 7.724509e-01
PCG: 2 : 6.343797e-04 / 6.150310e-01
PCG: 3 : 6.637525e-04 / 6.435080e-01
PCG: 4 : 5.765452e-04 / 5.589605e-01
PCG: 5 : 6.111415e-04 / 5.925016e-01
PCG: 6 : 5.879280e-04 / 5.699961e-01
PCG: 7 : 5.364192e-04 / 5.200583e-01
PCG: 8 : 7.048360e-04 / 6.833385e-01
PCG: 9 : 8.817749e-04 / 8.548806e-01
PCG: 0 : 8.817746e-04
PCG: 1 : 6.959387e-04 / 7.892479e-01
PCG: 2 : 5.213539e-04 / 5.912553e-01
PCG: 3 : 5.643084e-04 / 6.399690e-01
PCG: 4 : 5.779851e-04 / 6.554794e-01
PCG: 5 : 5.398171e-04 / 6.121941e-01
PCG: 6 : 6.120063e-04 / 6.940621e-01
PCG: 7 : 5.767429e-04 / 6.540707e-01
PCG: 8 : 7.116374e-04 / 8.070514e-01
PCG: 9 : 9.069297e-04 / 1.028528e+00
PCG: 0 : 9.069300e-04
PCG: 1 : 7.006723e-04 / 7.725760e-01
PCG: 2 : 5.578609e-04 / 6.151091e-01
PCG: 3 : 5.837492e-04 / 6.436541e-01
PCG: 4 : 5.068121e-04 / 5.588216e-01
PCG: 5 : 5.372950e-04 / 5.924327e-01
PCG: 6 : 5.169631e-04 / 5.700143e-01
PCG: 7 : 4.715517e-04 / 5.199428e-01
PCG: 8 : 6.197575e-04 / 6.833575e-01
PCG: 9 : 7.753741e-04 / 8.549436e-01
PCG: 0 : 7.753741e-04
PCG: 1 : 6.119477e-04 / 7.892290e-01
PCG: 2 : 4.583157e-04 / 5.910898e-01
PCG: 3 : 4.962083e-04 / 6.399598e-01
PCG: 4 : 5.081628e-04 / 6.553776e-01
PCG: 5 : 4.745594e-04 / 6.120393e-01
PCG: 6 : 5.382262e-04 / 6.941504e-01
PCG: 7 : 5.071465e-04 / 6.540669e-01
PCG: 8 : 6.257791e-04 / 8.070673e-01
PCG: 9 : 7.974443e-04 / 1.028464e+00
PCG: 0 : 7.974435e-04
PCG: 1 : 6.161166e-04 / 7.726147e-01
PCG: 2 : 4.905367e-04 / 6.151367e-01
PCG: 3 : 5.133649e-04 / 6.437633e-01
PCG: 4 : 4.455544e-04 / 5.587285e-01
PCG: 5 : 4.723881e-04 / 5.923781e-01
PCG: 6 : 4.545555e-04 / 5.700159e-01
PCG: 7 : 4.145311e-04 / 5.198250e-01
PCG: 8 : 5.449814e-04 / 6.834108e-01
PCG: 9 : 6.817503e-04 / 8.549199e-01
PCG: 0 : 6.817502e-04
PCG: 1 : 5.380400e-04 / 7.892041e-01
PCG: 2 : 4.028561e-04 / 5.909145e-01
PCG: 3 : 4.363132e-04 / 6.399899e-01
PCG: 4 : 4.467379e-04 / 6.552809e-01
PCG: 5 : 4.170727e-04 / 6.117676e-01
PCG: 6 : 4.732598e-04 / 6.941836e-01
PCG: 7 : 4.458415e-04 / 6.539661e-01
PCG: 8 : 5.501728e-04 / 8.070006e-01
PCG: 9 : 7.012090e-04 / 1.028542e+00
PCG: 0 : 7.012091e-04
PCG: 1 : 5.416997e-04 / 7.725223e-01
PCG: 2 : 4.312308e-04 / 6.149817e-01
PCG: 3 : 4.513822e-04 / 6.437198e-01
PCG: 4 : 3.916436e-04 / 5.585260e-01
PCG: 5 : 4.152373e-04 / 5.921733e-01
PCG: 6 : 3.997552e-04 / 5.700940e-01
PCG: 7 : 3.643976e-04 / 5.196704e-01
PCG: 8 : 4.793085e-04 / 6.835456e-01
PCG: 9 : 5.994593e-04 / 8.548938e-01
PCG: 0 : 5.994595e-04
PCG: 1 : 4.732391e-04 / 7.894430e-01
PCG: 2 : 3.542586e-04 / 5.909634e-01
PCG: 3 : 3.837493e-04 / 6.401588e-01
PCG: 4 : 3.928150e-04 / 6.552819e-01
PCG: 5 : 3.667357e-04 / 6.117773e-01
PCG: 6 : 4.162060e-04 / 6.943021e-01
PCG: 7 : 3.920295e-04 / 6.539717e-01
PCG: 8 : 4.838491e-04 / 8.071423e-01
PCG: 9 : 6.165404e-04 / 1.028494e+00
PCG: 0 : 6.165407e-04
PCG: 1 : 4.763356e-04 / 7.725940e-01
PCG: 2 : 3.790931e-04 / 6.148712e-01
PCG: 3 : 3.969087e-04 / 6.437672e-01
PCG: 4 : 3.443383e-04 / 5.585005e-01
PCG: 5 : 3.650670e-04 / 5.921215e-01
PCG: 6 : 3.515256e-04 / 5.701580e-01
PCG: 7 : 3.203770e-04 / 5.196364e-01
PCG: 8 : 4.214309e-04 / 6.835411e-01
PCG: 9 : 5.270456e-04 / 8.548431e-01
PCG: 0 : 5.270454e-04
PCG: 1 : 4.160771e-04 / 7.894522e-01
PCG: 2 : 3.114300e-04 / 5.908978e-01
PCG: 3 : 3.374658e-04 / 6.402973e-01
PCG: 4 : 3.453251e-04 / 6.552094e-01
PCG: 5 : 3.223804e-04 / 6.116748e-01
PCG: 6 : 3.659378e-04 / 6.943194e-01
PCG: 7 : 3.446400e-04 / 6.539094e-01
PCG: 8 : 4.254298e-04 / 8.071977e-01
PCG: 9 : 5.421659e-04 / 1.028689e+00
PCG: 0 : 5.421656e-04
PCG: 1 : 4.188052e-04 / 7.724673e-01
PCG: 2 : 3.333135e-04 / 6.147816e-01
PCG: 3 : 3.490204e-04 / 6.437523e-01
PCG: 4 : 3.026905e-04 / 5.582990e-01
PCG: 5 : 3.209630e-04 / 5.920017e-01
PCG: 6 : 3.091357e-04 / 5.701869e-01
PCG: 7 : 2.816824e-04 / 5.195505e-01
PCG: 8 : 3.706035e-04 / 6.835614e-01
PCG: 9 : 4.634120e-04 / 8.547425e-01
PCG: 0 : 4.634121e-04
PCG: 1 : 3.658616e-04 / 7.894952e-01
PCG: 2 : 2.738055e-04 / 5.908468e-01
PCG: 3 : 2.967181e-04 / 6.402900e-01
PCG: 4 : 3.035528e-04 / 6.550387e-01
PCG: 5 : 2.833728e-04 / 6.114920e-01
PCG: 6 : 3.217576e-04 / 6.943229e-01
PCG: 7 : 3.029652e-04 / 6.537707e-01
PCG: 8 : 3.740604e-04 / 8.071874e-01
PCG: 9 : 4.766939e-04 / 1.028661e+00
PCG: 0 : 4.766944e-04
PCG: 1 : 3.682792e-04 / 7.725686e-01
PCG: 2 : 2.930477e-04 / 6.147497e-01
PCG: 3 : 3.069143e-04 / 6.438386e-01
PCG: 4 : 2.661261e-04 / 5.582740e-01
PCG: 5 : 2.821365e-04 / 5.918603e-01
PCG: 6 : 2.718563e-04 / 5.702948e-01
PCG: 7 : 2.476697e-04 / 5.195565e-01
PCG: 8 : 3.259655e-04 / 6.838040e-01
PCG: 9 : 4.075535e-04 / 8.549575e-01
PCG: 0 : 4.075536e-04
PCG: 1 : 3.218006e-04 / 7.895910e-01
PCG: 2 : 2.407807e-04 / 5.907952e-01
PCG: 3 : 2.609526e-04 / 6.402903e-01
PCG: 4 : 2.669306e-04 / 6.549582e-01
PCG: 5 : 2.491765e-04 / 6.113958e-01
PCG: 6 : 2.829658e-04 / 6.943033e-01
PCG: 7 : 2.663820e-04 / 6.536122e-01
PCG: 8 : 3.289751e-04 / 8.071947e-01
PCG: 9 : 4.191398e-04 / 1.028429e+00
PCG: 0 : 4.191400e-04
PCG: 1 : 3.238226e-04 / 7.725881e-01
PCG: 2 : 2.576135e-04 / 6.146241e-01
PCG: 3 : 2.698705e-04 / 6.438672e-01
PCG: 4 : 2.339597e-04 / 5.581899e-01
PCG: 5 : 2.480551e-04 / 5.918193e-01
PCG: 6 : 2.390654e-04 / 5.703713e-01
PCG: 7 : 2.177370e-04 / 5.194851e-01
PCG: 8 : 2.865796e-04 / 6.837325e-01
PCG: 9 : 3.582829e-04 / 8.548049e-01
PCG: 0 : 3.582830e-04
PCG: 1 : 2.828948e-04 / 7.895846e-01
PCG: 2 : 2.116465e-04 / 5.907243e-01
PCG: 3 : 2.294575e-04 / 6.404363e-01
PCG: 4 : 2.346465e-04 / 6.549195e-01
PCG: 5 : 2.190414e-04 / 6.113641e-01
PCG: 6 : 2.488297e-04 / 6.945059e-01
PCG: 7 : 2.342232e-04 / 6.537381e-01
PCG: 8 : 2.893040e-04 / 8.074733e-01
PCG: 9 : 3.685789e-04 / 1.028737e+00
PCG: 0 : 3.685789e-04
PCG: 1 : 2.848057e-04 / 7.727130e-01
PCG: 2 : 2.265417e-04 / 6.146355e-01
PCG: 3 : 2.373458e-04 / 6.439484e-01
PCG: 4 : 2.056774e-04 / 5.580279e-01
PCG: 5 : 2.180541e-04 / 5.916076e-01
PCG: 6 : 2.101859e-04 / 5.702602e-01
PCG: 7 : 1.913716e-04 / 5.192146e-01
PCG: 8 : 2.519335e-04 / 6.835266e-01
PCG: 9 : 3.149783e-04 / 8.545748e-01
PCG: 0 : 3.149782e-04
PCG: 1 : 2.486768e-04 / 7.895048e-01
PCG: 2 : 1.860368e-04 / 5.906339e-01
PCG: 3 : 2.017416e-04 / 6.404937e-01
PCG: 4 : 2.062456e-04 / 6.547933e-01
PCG: 5 : 1.925669e-04 / 6.113658e-01
PCG: 6 : 2.188170e-04 / 6.947052e-01
PCG: 7 : 2.059337e-04 / 6.538029e-01
PCG: 8 : 2.544377e-04 / 8.077945e-01
PCG: 9 : 3.241087e-04 / 1.028988e+00
PCG: 0 : 3.241087e-04
PCG: 1 : 2.504887e-04 / 7.728540e-01
PCG: 2 : 1.991850e-04 / 6.145622e-01
PCG: 3 : 2.087189e-04 / 6.439781e-01
PCG: 4 : 1.808340e-04 / 5.579424e-01
PCG: 5 : 1.916969e-04 / 5.914588e-01
PCG: 6 : 1.848005e-04 / 5.701808e-01
PCG: 7 : 1.682314e-04 / 5.190585e-01
PCG: 8 : 2.215090e-04 / 6.834405e-01
PCG: 9 : 2.769385e-04 / 8.544618e-01
PCG: 0 : 2.769388e-04
PCG: 1 : 2.186508e-04 / 7.895275e-01
PCG: 2 : 1.635522e-04 / 5.905715e-01
PCG: 3 : 1.774078e-04 / 6.406029e-01
PCG: 4 : 1.813433e-04 / 6.548137e-01
PCG: 5 : 1.693122e-04 / 6.113704e-01
PCG: 6 : 1.924242e-04 / 6.948255e-01
PCG: 7 : 1.810727e-04 / 6.538363e-01
PCG: 8 : 2.237802e-04 / 8.080493e-01
PCG: 9 : 2.850043e-04 / 1.029124e+00
PCG: 0 : 2.850043e-04
PCG: 1 : 2.202665e-04 / 7.728534e-01
PCG: 2 : 1.751417e-04 / 6.145232e-01
PCG: 3 : 1.835271e-04 / 6.439452e-01
PCG: 4 : 1.589813e-04 / 5.578206e-01
PCG: 5 : 1.685366e-04 / 5.913478e-01
PCG: 6 : 1.625103e-04 / 5.702030e-01
PCG: 7 : 1.479055e-04 / 5.189590e-01
PCG: 8 : 1.947705e-04 / 6.833950e-01
PCG: 9 : 2.434993e-04 / 8.543708e-01
PCG: 0 : 2.434994e-04
PCG: 1 : 1.922555e-04 / 7.895525e-01
PCG: 2 : 1.437971e-04 / 5.905440e-01
PCG: 3 : 1.559898e-04 / 6.406167e-01
PCG: 4 : 1.594331e-04 / 6.547577e-01
PCG: 5 : 1.488577e-04 / 6.113267e-01
PCG: 6 : 1.692210e-04 / 6.949546e-01
PCG: 7 : 1.591987e-04 / 6.537950e-01
PCG: 8 : 1.967819e-04 / 8.081413e-01
PCG: 9 : 2.506124e-04 / 1.029212e+00
PCG: 0 : 2.506126e-04
PCG: 1 : 1.937099e-04 / 7.729455e-01
PCG: 2 : 1.539670e-04 / 6.143626e-01
PCG: 3 : 1.613838e-04 / 6.439570e-01
PCG: 4 : 1.397843e-04 / 5.577704e-01
PCG: 5 : 1.481570e-04 / 5.911793e-01
PCG: 6 : 1.429157e-04 / 5.702654e-01
PCG: 7 : 1.300595e-04 / 5.189661e-01
PCG: 8 : 1.712842e-04 / 6.834618e-01
PCG: 9 : 2.140966e-04 / 8.542928e-01
PCG: 0 : 2.140966e-04
PCG: 1 : 1.690437e-04 / 7.895675e-01
PCG: 2 : 1.264224e-04 / 5.904924e-01
PCG: 3 : 1.371703e-04 / 6.406936e-01
PCG: 4 : 1.401425e-04 / 6.545761e-01
PCG: 5 : 1.308779e-04 / 6.113033e-01
PCG: 6 : 1.488052e-04 / 6.950379e-01
PCG: 7 : 1.399483e-04 / 6.536690e-01
PCG: 8 : 1.730400e-04 / 8.082333e-01
PCG: 9 : 2.203161e-04 / 1.029050e+00
PCG: 0 : 2.203162e-04
PCG: 1 : 1.703382e-04 / 7.731534e-01
PCG: 2 : 1.353633e-04 / 6.144047e-01
PCG: 3 : 1.419113e-04 / 6.441258e-01
PCG: 4 : 1.229109e-04 / 5.578839e-01
PCG: 5 : 1.302383e-04 / 5.911428e-01
PCG: 6 : 1.256400e-04 / 5.702711e-01
PCG: 7 : 1.143173e-04 / 5.188785e-01
PCG: 8 : 1.505833e-04 / 6.834874e-01
PCG: 9 : 1.882674e-04 / 8.545326e-01
PCG: 0 : 1.882675e-04
PCG: 1 : 1.486351e-04 / 7.894889e-01
PCG: 2 : 1.111480e-04 / 5.903727e-01
PCG: 3 : 1.206187e-04 / 6.406775e-01
PCG: 4 : 1.232212e-04 / 6.545007e-01
PCG: 5 : 1.150810e-04 / 6.112632e-01
PCG: 6 : 1.308464e-04 / 6.950025e-01
PCG: 7 : 1.230707e-04 / 6.537015e-01
PCG: 8 : 1.521753e-04 / 8.082933e-01
PCG: 9 : 1.937489e-04 / 1.029115e+00
PCG: 0 : 1.937489e-04
PCG: 1 : 1.497809e-04 / 7.730668e-01
PCG: 2 : 1.190308e-04 / 6.143557e-01
PCG: 3 : 1.247846e-04 / 6.440530e-01
PCG: 4 : 1.080579e-04 / 5.577213e-01
PCG: 5 : 1.145172e-04 / 5.910598e-01
PCG: 6 : 1.104828e-04 / 5.702369e-01
PCG: 7 : 1.005021e-04 / 5.187233e-01
PCG: 8 : 1.324029e-04 / 6.833737e-01
PCG: 9 : 1.655247e-04 / 8.543260e-01
PCG: 0 : 1.655247e-04
PCG: 1 : 1.306775e-04 / 7.894743e-01
PCG: 2 : 9.770085e-05 / 5.902492e-01
PCG: 3 : 1.060459e-04 / 6.406648e-01
PCG: 4 : 1.083120e-04 / 6.543556e-01
PCG: 5 : 1.011411e-04 / 6.110332e-01
PCG: 6 : 1.150342e-04 / 6.949665e-01
PCG: 7 : 1.081861e-04 / 6.535944e-01
PCG: 8 : 1.338027e-04 / 8.083549e-01
PCG: 9 : 1.703393e-04 / 1.029087e+00
PCG: 0 : 1.703392e-04
PCG: 1 : 1.317015e-04 / 7.731721e-01
PCG: 2 : 1.046395e-04 / 6.143007e-01
PCG: 3 : 1.097115e-04 / 6.440763e-01
PCG: 4 : 9.499851e-05 / 5.577019e-01
PCG: 5 : 1.006587e-04 / 5.909309e-01
PCG: 6 : 9.715437e-05 / 5.703582e-01
PCG: 7 : 8.835947e-05 / 5.187265e-01
PCG: 8 : 1.164293e-04 / 6.835142e-01
PCG: 9 : 1.455403e-04 / 8.544144e-01
PCG: 0 : 1.455404e-04
PCG: 1 : 1.149364e-04 / 7.897212e-01
PCG: 2 : 8.593148e-05 / 5.904303e-01
PCG: 3 : 9.327028e-05 / 6.408548e-01
PCG: 4 : 9.524994e-05 / 6.544569e-01
PCG: 5 : 8.895050e-05 / 6.111738e-01
PCG: 6 : 1.011699e-04 / 6.951329e-01
PCG: 7 : 9.513087e-05 / 6.536388e-01
PCG: 8 : 1.176876e-04 / 8.086246e-01
PCG: 9 : 1.497989e-04 / 1.029260e+00
PCG: 0 : 1.497989e-04
PCG: 1 : 1.158237e-04 / 7.731946e-01
PCG: 2 : 9.199484e-05 / 6.141222e-01
PCG: 3 : 9.646940e-05 / 6.439926e-01
PCG: 4 : 8.352730e-05 / 5.575961e-01
PCG: 5 : 8.850512e-05 / 5.908261e-01
PCG: 6 : 8.543371e-05 / 5.703226e-01
PCG: 7 : 7.768792e-05 / 5.186147e-01
PCG: 8 : 1.023731e-04 / 6.834033e-01
PCG: 9 : 1.279472e-04 / 8.541265e-01
PCG: 0 : 1.279472e-04
PCG: 1 : 1.010398e-04 / 7.896991e-01
PCG: 2 : 7.553505e-05 / 5.903612e-01
PCG: 3 : 8.200880e-05 / 6.409583e-01
PCG: 4 : 8.374720e-05 / 6.545452e-01
PCG: 5 : 7.820510e-05 / 6.112297e-01
PCG: 6 : 8.894347e-05 / 6.951578e-01
PCG: 7 : 8.363725e-05 / 6.536859e-01
PCG: 8 : 1.034788e-04 / 8.087622e-01
PCG: 9 : 1.317103e-04 / 1.029412e+00
PCG: 0 : 1.317105e-04
PCG: 1 : 1.018449e-04 / 7.732483e-01
PCG: 2 : 8.088168e-05 / 6.140869e-01
PCG: 3 : 8.483036e-05 / 6.440669e-01
PCG: 4 : 7.343436e-05 / 5.575437e-01
PCG: 5 : 7.780676e-05 / 5.907407e-01
PCG: 6 : 7.512486e-05 / 5.703787e-01
PCG: 7 : 6.829940e-05 / 5.185570e-01
PCG: 8 : 9.000042e-05 / 6.833200e-01
PCG: 9 : 1.124955e-04 / 8.541121e-01
PCG: 0 : 1.124955e-04
PCG: 1 : 8.882900e-05 / 7.896227e-01
PCG: 2 : 6.641203e-05 / 5.903528e-01
PCG: 3 : 7.210729e-05 / 6.409793e-01
PCG: 4 : 7.360570e-05 / 6.542990e-01
PCG: 5 : 6.875076e-05 / 6.111423e-01
PCG: 6 : 7.820987e-05 / 6.952267e-01
PCG: 7 : 7.352769e-05 / 6.536056e-01
PCG: 8 : 9.099133e-05 / 8.088441e-01
PCG: 9 : 1.158020e-04 / 1.029392e+00
PCG: 0 : 1.158020e-04
PCG: 1 : 8.957033e-05 / 7.734784e-01
PCG: 2 : 7.112169e-05 / 6.141664e-01
PCG: 3 : 7.460040e-05 / 6.442066e-01
PCG: 4 : 6.457079e-05 / 5.575966e-01
PCG: 5 : 6.841096e-05 / 5.907581e-01
PCG: 6 : 6.606134e-05 / 5.704681e-01
PCG: 7 : 6.006119e-05 / 5.186543e-01
PCG: 8 : 7.915296e-05 / 6.835200e-01
PCG: 9 : 9.893862e-05 / 8.543777e-01
PCG: 0 : 9.893867e-05
PCG: 1 : 7.811585e-05 / 7.895381e-01
PCG: 2 : 5.838766e-05 / 5.901400e-01
PCG: 3 : 6.340747e-05 / 6.408765e-01
PCG: 4 : 6.472380e-05 / 6.541810e-01
PCG: 5 : 6.045069e-05 / 6.109915e-01
PCG: 6 : 6.877937e-05 / 6.951717e-01
PCG: 7 : 6.465138e-05 / 6.534491e-01
PCG: 8 : 8.002553e-05 / 8.088397e-01
PCG: 9 : 1.018164e-04 / 1.029086e+00
PCG: 0 : 1.018163e-04
PCG: 1 : 7.875759e-05 / 7.735264e-01
PCG: 2 : 6.251989e-05 / 6.140460e-01
PCG: 3 : 6.558385e-05 / 6.441391e-01
PCG: 4 : 5.676885e-05 / 5.575616e-01
PCG: 5 : 6.014179e-05 / 5.906893e-01
PCG: 6 : 5.808270e-05 / 5.704657e-01
PCG: 7 : 5.278866e-05 / 5.184696e-01
PCG: 8 : 6.958158e-05 / 6.834032e-01
PCG: 9 : 8.698570e-05 / 8.543397e-01
PCG: 0 : 8.698572e-05
PCG: 1 : 6.867720e-05 / 7.895227e-01
PCG: 2 : 5.133226e-05 / 5.901228e-01
PCG: 3 : 5.575792e-05 / 6.410007e-01
PCG: 4 : 5.690399e-05 / 6.541762e-01
PCG: 5 : 5.314939e-05 / 6.110128e-01
PCG: 6 : 6.048738e-05 / 6.953713e-01
PCG: 7 : 5.685138e-05 / 6.535713e-01
PCG: 8 : 7.038184e-05 / 8.091195e-01
PCG: 9 : 8.953878e-05 / 1.029350e+00
PCG: 0 : 8.953876e-05
PCG: 1 : 6.927244e-05 / 7.736587e-01
PCG: 2 : 5.498408e-05 / 6.140813e-01
PCG: 3 : 5.767652e-05 / 6.441513e-01
PCG: 4 : 4.990919e-05 / 5.574032e-01
PCG: 5 : 5.287287e-05 / 5.905026e-01
PCG: 6 : 5.107268e-05 / 5.703974e-01
PCG: 7 : 4.640434e-05 / 5.182598e-01
PCG: 8 : 6.117464e-05 / 6.832196e-01
PCG: 9 : 7.646708e-05 / 8.540109e-01
PCG: 0 : 7.646711e-05
PCG: 1 : 6.037411e-05 / 7.895435e-01
PCG: 2 : 4.511568e-05 / 5.900012e-01
PCG: 3 : 4.902257e-05 / 6.410936e-01
PCG: 4 : 5.002594e-05 / 6.542152e-01
PCG: 5 : 4.672641e-05 / 6.110656e-01
PCG: 6 : 5.318109e-05 / 6.954768e-01
PCG: 7 : 4.998826e-05 / 6.537223e-01
PCG: 8 : 6.189913e-05 / 8.094870e-01
PCG: 9 : 7.872804e-05 / 1.029567e+00
PCG: 0 : 7.872806e-05
PCG: 1 : 6.092709e-05 / 7.738930e-01
PCG: 2 : 4.834927e-05 / 6.141301e-01
PCG: 3 : 5.071712e-05 / 6.442064e-01
PCG: 4 : 4.388801e-05 / 5.574633e-01
PCG: 5 : 4.648559e-05 / 5.904577e-01
PCG: 6 : 4.491257e-05 / 5.704773e-01
PCG: 7 : 4.079967e-05 / 5.182354e-01
PCG: 8 : 5.378713e-05 / 6.832016e-01
PCG: 9 : 6.723857e-05 / 8.540611e-01
PCG: 0 : 6.723859e-05
PCG: 1 : 5.308342e-05 / 7.894784e-01
PCG: 2 : 3.966705e-05 / 5.899447e-01
PCG: 3 : 4.311200e-05 / 6.411793e-01
PCG: 4 : 4.398428e-05 / 6.541523e-01
PCG: 5 : 4.109002e-05 / 6.111077e-01
PCG: 6 : 4.677000e-05 / 6.955826e-01
PCG: 7 : 4.395946e-05 / 6.537831e-01
PCG: 8 : 5.444010e-05 / 8.096556e-01
PCG: 9 : 6.923056e-05 / 1.029625e+00
PCG: 0 : 6.923066e-05
PCG: 1 : 5.357340e-05 / 7.738392e-01
PCG: 2 : 4.251281e-05 / 6.140749e-01
PCG: 3 : 4.459458e-05 / 6.441450e-01
PCG: 4 : 3.858552e-05 / 5.573472e-01
PCG: 5 : 4.086769e-05 / 5.903120e-01
PCG: 6 : 3.948374e-05 / 5.703216e-01
PCG: 7 : 3.585886e-05 / 5.179622e-01
PCG: 8 : 4.728348e-05 / 6.829847e-01
PCG: 9 : 5.910719e-05 / 8.537719e-01
PCG: 0 : 5.910720e-05
PCG: 1 : 4.666827e-05 / 7.895531e-01
PCG: 2 : 3.487081e-05 / 5.899588e-01
PCG: 3 : 3.790350e-05 / 6.412671e-01
PCG: 4 : 3.867271e-05 / 6.542809e-01
PCG: 5 : 3.612541e-05 / 6.111847e-01
PCG: 6 : 4.112837e-05 / 6.958267e-01
PCG: 7 : 3.865115e-05 / 6.539161e-01
PCG: 8 : 4.787201e-05 / 8.099185e-01
PCG: 9 : 6.088187e-05 / 1.030025e+00
PCG: 0 : 6.088188e-05
PCG: 1 : 4.710961e-05 / 7.737870e-01
PCG: 2 : 3.737475e-05 / 6.138895e-01
PCG: 3 : 3.921433e-05 / 6.441050e-01
PCG: 4 : 3.392475e-05 / 5.572224e-01
PCG: 5 : 3.592681e-05 / 5.901067e-01
PCG: 6 : 3.471906e-05 / 5.702691e-01
PCG: 7 : 3.152929e-05 / 5.178764e-01
PCG: 8 : 4.157758e-05 / 6.829220e-01
PCG: 9 : 5.196105e-05 / 8.534731e-01
PCG: 0 : 5.196105e-05
PCG: 1 : 4.103229e-05 / 7.896740e-01
PCG: 2 : 3.065575e-05 / 5.899756e-01
PCG: 3 : 3.332543e-05 / 6.413541e-01
PCG: 4 : 3.399730e-05 / 6.542843e-01
PCG: 5 : 3.176127e-05 / 6.112515e-01
PCG: 6 : 3.616250e-05 / 6.959540e-01
PCG: 7 : 3.398185e-05 / 6.539869e-01
PCG: 8 : 4.209631e-05 / 8.101513e-01
PCG: 9 : 5.353184e-05 / 1.030230e+00
PCG: 0 : 5.353185e-05
PCG: 1 : 4.142937e-05 / 7.739201e-01
PCG: 2 : 3.286514e-05 / 6.139361e-01
PCG: 3 : 3.448204e-05 / 6.441405e-01
PCG: 4 : 2.983032e-05 / 5.572444e-01
PCG: 5 : 3.158777e-05 / 5.900744e-01
PCG: 6 : 3.052841e-05 / 5.702850e-01
PCG: 7 : 2.771757e-05 / 5.177772e-01
PCG: 8 : 3.655521e-05 / 6.828684e-01
PCG: 9 : 4.568473e-05 / 8.534122e-01
PCG: 0 : 4.568476e-05
PCG: 1 : 3.607510e-05 / 7.896529e-01
PCG: 2 : 2.695112e-05 / 5.899369e-01
PCG: 3 : 2.930180e-05 / 6.413911e-01
PCG: 4 : 2.989084e-05 / 6.542847e-01
PCG: 5 : 2.792502e-05 / 6.112547e-01
PCG: 6 : 3.179864e-05 / 6.960449e-01
PCG: 7 : 2.987596e-05 / 6.539591e-01
PCG: 8 : 3.701037e-05 / 8.101252e-01
PCG: 9 : 4.706279e-05 / 1.030164e+00
PCG: 0 : 4.706281e-05
PCG: 1 : 3.642176e-05 / 7.738969e-01
PCG: 2 : 2.888894e-05 / 6.138380e-01
PCG: 3 : 3.031979e-05 / 6.442410e-01
PCG: 4 : 2.622178e-05 / 5.571657e-01
PCG: 5 : 2.777068e-05 / 5.900770e-01
PCG: 6 : 2.683794e-05 / 5.702578e-01
PCG: 7 : 2.436858e-05 / 5.177885e-01
PCG: 8 : 3.214253e-05 / 6.829708e-01
PCG: 9 : 4.016926e-05 / 8.535245e-01
PCG: 0 : 4.016929e-05
PCG: 1 : 3.172144e-05 / 7.896937e-01
PCG: 2 : 2.369425e-05 / 5.898597e-01
PCG: 3 : 2.576391e-05 / 6.413833e-01
PCG: 4 : 2.628092e-05 / 6.542539e-01
PCG: 5 : 2.455168e-05 / 6.112051e-01
PCG: 6 : 2.796292e-05 / 6.961268e-01
PCG: 7 : 2.626432e-05 / 6.538407e-01
PCG: 8 : 3.254194e-05 / 8.101197e-01
PCG: 9 : 4.138143e-05 / 1.030176e+00
PCG: 0 : 4.138140e-05
PCG: 1 : 3.202277e-05 / 7.738445e-01
PCG: 2 : 2.539924e-05 / 6.137839e-01
PCG: 3 : 2.666050e-05 / 6.442629e-01
PCG: 4 : 2.305616e-05 / 5.571624e-01
PCG: 5 : 2.441729e-05 / 5.900546e-01
PCG: 6 : 2.359822e-05 / 5.702614e-01
PCG: 7 : 2.142495e-05 / 5.177435e-01
PCG: 8 : 2.826802e-05 / 6.831092e-01
PCG: 9 : 3.532108e-05 / 8.535497e-01
PCG: 0 : 3.532106e-05
PCG: 1 : 2.789700e-05 / 7.898120e-01
PCG: 2 : 2.083174e-05 / 5.897824e-01
PCG: 3 : 2.265295e-05 / 6.413441e-01
PCG: 4 : 2.310700e-05 / 6.541990e-01
PCG: 5 : 2.158841e-05 / 6.112049e-01
PCG: 6 : 2.458886e-05 / 6.961530e-01
PCG: 7 : 2.309528e-05 / 6.538671e-01
PCG: 8 : 2.861500e-05 / 8.101399e-01
PCG: 9 : 3.638600e-05 / 1.030150e+00
PCG: 0 : 3.638600e-05
PCG: 1 : 2.815740e-05 / 7.738525e-01
PCG: 2 : 2.233255e-05 / 6.137676e-01
PCG: 3 : 2.344157e-05 / 6.442470e-01
PCG: 4 : 2.027305e-05 / 5.571663e-01
PCG: 5 : 2.146967e-05 / 5.900530e-01
PCG: 6 : 2.075132e-05 / 5.703105e-01
PCG: 7 : 1.883322e-05 / 5.175953e-01
PCG: 8 : 2.485523e-05 / 6.830987e-01
PCG: 9 : 3.105656e-05 / 8.535305e-01
PCG: 0 : 3.105656e-05
PCG: 1 : 2.453033e-05 / 7.898601e-01
PCG: 2 : 1.831435e-05 / 5.897096e-01
PCG: 3 : 1.991929e-05 / 6.413878e-01
PCG: 4 : 2.031784e-05 / 6.542206e-01
PCG: 5 : 1.897947e-05 / 6.111261e-01
PCG: 6 : 2.161955e-05 / 6.961348e-01
PCG: 7 : 2.030562e-05 / 6.538273e-01
PCG: 8 : 2.516057e-05 / 8.101532e-01
PCG: 9 : 3.199342e-05 / 1.030166e+00
PCG: 0 : 3.199343e-05
PCG: 1 : 2.475962e-05 / 7.738970e-01
PCG: 2 : 1.963419e-05 / 6.136944e-01
PCG: 3 : 2.061177e-05 / 6.442500e-01
PCG: 4 : 1.782385e-05 / 5.571097e-01
PCG: 5 : 1.887397e-05 / 5.899328e-01
PCG: 6 : 1.824629e-05 / 5.703138e-01
PCG: 7 : 1.655931e-05 / 5.175847e-01
PCG: 8 : 2.185423e-05 / 6.830849e-01
PCG: 9 : 2.730133e-05 / 8.533419e-01
PCG: 0 : 2.730129e-05
PCG: 1 : 2.156462e-05 / 7.898754e-01
PCG: 2 : 1.609626e-05 / 5.895786e-01
PCG: 3 : 1.751139e-05 / 6.414125e-01
PCG: 4 : 1.785772e-05 / 6.540980e-01
PCG: 5 : 1.668529e-05 / 6.111539e-01
PCG: 6 : 1.900793e-05 / 6.962283e-01
PCG: 7 : 1.785013e-05 / 6.538198e-01
PCG: 8 : 2.212448e-05 / 8.103820e-01
PCG: 9 : 2.812949e-05 / 1.030335e+00
PCG: 0 : 2.812949e-05
PCG: 1 : 2.176972e-05 / 7.739110e-01
PCG: 2 : 1.726149e-05 / 6.136440e-01
PCG: 3 : 1.812268e-05 / 6.442593e-01
PCG: 4 : 1.567022e-05 / 5.570745e-01
PCG: 5 : 1.659408e-05 / 5.899176e-01
PCG: 6 : 1.604257e-05 / 5.703116e-01
PCG: 7 : 1.455556e-05 / 5.174483e-01
PCG: 8 : 1.921300e-05 / 6.830198e-01
PCG: 9 : 2.400402e-05 / 8.533401e-01
PCG: 0 : 2.400402e-05
PCG: 1 : 1.895906e-05 / 7.898286e-01
PCG: 2 : 1.415176e-05 / 5.895579e-01
PCG: 3 : 1.539750e-05 / 6.414553e-01
PCG: 4 : 1.570509e-05 / 6.542693e-01
PCG: 5 : 1.467184e-05 / 6.112245e-01
PCG: 6 : 1.671558e-05 / 6.963661e-01
PCG: 7 : 1.569706e-05 / 6.539348e-01
PCG: 8 : 1.945417e-05 / 8.104548e-01
PCG: 9 : 2.473206e-05 / 1.030330e+00
PCG: 0 : 2.473207e-05
PCG: 1 : 1.914343e-05 / 7.740326e-01
PCG: 2 : 1.518018e-05 / 6.137849e-01
PCG: 3 : 1.593725e-05 / 6.443960e-01
PCG: 4 : 1.377846e-05 / 5.571088e-01
PCG: 5 : 1.459232e-05 / 5.900162e-01
PCG: 6 : 1.410592e-05 / 5.703490e-01
PCG: 7 : 1.279630e-05 / 5.173970e-01
PCG: 8 : 1.689375e-05 / 6.830707e-01
PCG: 9 : 2.110980e-05 / 8.535394e-01
PCG: 0 : 2.110979e-05
PCG: 1 : 1.667214e-05 / 7.897826e-01
PCG: 2 : 1.244095e-05 / 5.893451e-01
PCG: 3 : 1.353853e-05 / 6.413391e-01
PCG: 4 : 1.380994e-05 / 6.541960e-01
PCG: 5 : 1.289939e-05 / 6.110622e-01
PCG: 6 : 1.469943e-05 / 6.963324e-01
PCG: 7 : 1.380218e-05 / 6.538285e-01
PCG: 8 : 1.710559e-05 / 8.103154e-01
PCG: 9 : 2.174412e-05 / 1.030049e+00
PCG: 0 : 2.174411e-05
PCG: 1 : 1.682866e-05 / 7.739407e-01
PCG: 2 : 1.334371e-05 / 6.136699e-01
PCG: 3 : 1.401252e-05 / 6.444282e-01
PCG: 4 : 1.211331e-05 / 5.570844e-01
PCG: 5 : 1.282812e-05 / 5.899584e-01
PCG: 6 : 1.240198e-05 / 5.703603e-01
PCG: 7 : 1.124967e-05 / 5.173661e-01
PCG: 8 : 1.485544e-05 / 6.831938e-01
PCG: 9 : 1.855698e-05 / 8.534254e-01
PCG: 0 : 1.855697e-05
PCG: 1 : 1.466034e-05 / 7.900183e-01
PCG: 2 : 1.093837e-05 / 5.894483e-01
PCG: 3 : 1.190341e-05 / 6.414524e-01
PCG: 4 : 1.214159e-05 / 6.542873e-01
PCG: 5 : 1.134093e-05 / 6.111416e-01
PCG: 6 : 1.292553e-05 / 6.965324e-01
PCG: 7 : 1.213344e-05 / 6.538484e-01
PCG: 8 : 1.504331e-05 / 8.106554e-01
PCG: 9 : 1.912133e-05 / 1.030413e+00
PCG: 0 : 1.912134e-05
PCG: 1 : 1.480032e-05 / 7.740212e-01
PCG: 2 : 1.172883e-05 / 6.133896e-01
PCG: 3 : 1.232081e-05 / 6.443486e-01
PCG: 4 : 1.065022e-05 / 5.569807e-01
PCG: 5 : 1.127797e-05 / 5.898106e-01
PCG: 6 : 1.090366e-05 / 5.702353e-01
PCG: 7 : 9.890372e-06 / 5.172427e-01
PCG: 8 : 1.305987e-05 / 6.829997e-01
PCG: 9 : 1.631226e-05 / 8.530922e-01
PCG: 0 : 1.631226e-05
PCG: 1 : 1.288715e-05 / 7.900284e-01
PCG: 2 : 9.616483e-06 / 5.895247e-01
PCG: 3 : 1.046506e-05 / 6.415454e-01
PCG: 4 : 1.067500e-05 / 6.544157e-01
PCG: 5 : 9.971780e-06 / 6.113057e-01
PCG: 6 : 1.136469e-05 / 6.966963e-01
PCG: 7 : 1.066673e-05 / 6.539089e-01
PCG: 8 : 1.322462e-05 / 8.107166e-01
PCG: 9 : 1.681122e-05 / 1.030588e+00
PCG: 0 : 1.681123e-05
PCG: 1 : 1.301065e-05 / 7.739261e-01
PCG: 2 : 1.031101e-05 / 6.133405e-01
PCG: 3 : 1.083204e-05 / 6.443336e-01
PCG: 4 : 9.363765e-06 / 5.569945e-01
PCG: 5 : 9.915998e-06 / 5.898435e-01
PCG: 6 : 9.586298e-06 / 5.702316e-01
PCG: 7 : 8.695308e-06 / 5.172319e-01
PCG: 8 : 1.148231e-05 / 6.830141e-01
PCG: 9 : 1.434007e-05 / 8.530052e-01
PCG: 0 : 1.434006e-05
PCG: 1 : 1.132960e-05 / 7.900660e-01
PCG: 2 : 8.453089e-06 / 5.894737e-01
PCG: 3 : 9.201633e-06 / 6.416731e-01
PCG: 4 : 9.384354e-06 / 6.544151e-01
PCG: 5 : 8.765799e-06 / 6.112804e-01
PCG: 6 : 9.991366e-06 / 6.967450e-01
PCG: 7 : 9.376367e-06 / 6.538581e-01
PCG: 8 : 1.162846e-05 / 8.109075e-01
PCG: 9 : 1.478313e-05 / 1.030897e+00
PCG: 0 : 1.478313e-05
PCG: 1 : 1.144063e-05 / 7.738972e-01
PCG: 2 : 9.063718e-06 / 6.131120e-01
PCG: 3 : 9.523057e-06 / 6.441839e-01
PCG: 4 : 8.231800e-06 / 5.568373e-01
PCG: 5 : 8.717181e-06 / 5.896707e-01
PCG: 6 : 8.429251e-06 / 5.701937e-01
PCG: 7 : 7.644549e-06 / 5.171129e-01
PCG: 8 : 1.009491e-05 / 6.828669e-01
PCG: 9 : 1.260559e-05 / 8.527009e-01
PCG: 0 : 1.260560e-05
PCG: 1 : 9.960977e-06 / 7.902028e-01
PCG: 2 : 7.432608e-06 / 5.896277e-01
PCG: 3 : 8.090543e-06 / 6.418216e-01
PCG: 4 : 8.251252e-06 / 6.545706e-01
PCG: 5 : 7.708237e-06 / 6.114933e-01
PCG: 6 : 8.785782e-06 / 6.969748e-01
PCG: 7 : 8.243353e-06 / 6.539440e-01
PCG: 8 : 1.022484e-05 / 8.111352e-01
PCG: 9 : 1.299817e-05 / 1.031143e+00
PCG: 0 : 1.299817e-05
PCG: 1 : 1.005919e-05 / 7.738924e-01
PCG: 2 : 7.969139e-06 / 6.130969e-01
PCG: 3 : 8.373677e-06 / 6.442195e-01
PCG: 4 : 7.239076e-06 / 5.569303e-01
PCG: 5 : 7.665858e-06 / 5.897643e-01
PCG: 6 : 7.412996e-06 / 5.703107e-01
PCG: 7 : 6.721426e-06 / 5.171054e-01
PCG: 8 : 8.876196e-06 / 6.828803e-01
PCG: 9 : 1.108227e-05 / 8.526018e-01
PCG: 0 : 1.108227e-05
PCG: 1 : 8.757810e-06 / 7.902544e-01
PCG: 2 : 6.532776e-06 / 5.894801e-01
PCG: 3 : 7.113693e-06 / 6.418988e-01
PCG: 4 : 7.255768e-06 / 6.547188e-01
PCG: 5 : 6.777259e-06 / 6.115409e-01
PCG: 6 : 7.725298e-06 / 6.970865e-01
PCG: 7 : 7.247795e-06 / 6.539993e-01
PCG: 8 : 8.989678e-06 / 8.111768e-01
PCG: 9 : 1.142901e-05 / 1.031288e+00
PCG: 0 : 1.142902e-05
PCG: 1 : 8.843438e-06 / 7.737706e-01
PCG: 2 : 7.005583e-06 / 6.129645e-01
PCG: 3 : 7.362769e-06 / 6.442171e-01
PCG: 4 : 6.363934e-06 / 5.568224e-01
PCG: 5 : 6.739177e-06 / 5.896550e-01
PCG: 6 : 6.517201e-06 / 5.702328e-01
PCG: 7 : 5.908360e-06 / 5.169613e-01
PCG: 8 : 7.804048e-06 / 6.828275e-01
PCG: 9 : 9.742644e-06 / 8.524480e-01
PCG: 0 : 9.742643e-06
PCG: 1 : 7.699811e-06 / 7.903206e-01
PCG: 2 : 5.742423e-06 / 5.894113e-01
PCG: 3 : 6.253694e-06 / 6.418889e-01
PCG: 4 : 6.378456e-06 / 6.546946e-01
PCG: 5 : 5.958671e-06 / 6.116073e-01
PCG: 6 : 6.792695e-06 / 6.972128e-01
PCG: 7 : 6.371490e-06 / 6.539796e-01
PCG: 8 : 7.903502e-06 / 8.112277e-01
PCG: 9 : 1.004660e-05 / 1.031199e+00
PCG: 0 : 1.004659e-05
PCG: 1 : 7.775273e-06 / 7.739212e-01
PCG: 2 : 6.158557e-06 / 6.129994e-01
PCG: 3 : 6.474116e-06 / 6.444089e-01
PCG: 4 : 5.595204e-06 / 5.569254e-01
PCG: 5 : 5.925833e-06 / 5.898350e-01
PCG: 6 : 5.729891e-06 / 5.703316e-01
PCG: 7 : 5.193376e-06 / 5.169290e-01
PCG: 8 : 6.861655e-06 / 6.829832e-01
PCG: 9 : 8.566958e-06 / 8.527225e-01
PCG: 0 : 8.566961e-06
PCG: 1 : 6.769583e-06 / 7.901966e-01
PCG: 2 : 5.047282e-06 / 5.891566e-01
PCG: 3 : 5.498269e-06 / 6.417992e-01
PCG: 4 : 5.608265e-06 / 6.546388e-01
PCG: 5 : 5.239247e-06 / 6.115642e-01
PCG: 6 : 5.972822e-06 / 6.971927e-01
PCG: 7 : 5.602261e-06 / 6.539380e-01
PCG: 8 : 6.949492e-06 / 8.111969e-01
PCG: 9 : 8.833338e-06 / 1.031094e+00
PCG: 0 : 8.833338e-06
PCG: 1 : 6.836026e-06 / 7.738893e-01
PCG: 2 : 5.414273e-06 / 6.129362e-01
PCG: 3 : 5.691817e-06 / 6.443563e-01
PCG: 4 : 4.919671e-06 / 5.569437e-01
PCG: 5 : 5.210572e-06 / 5.898757e-01
PCG: 6 : 5.038429e-06 / 5.703878e-01
PCG: 7 : 4.564940e-06 / 5.167854e-01
PCG: 8 : 6.032087e-06 / 6.828774e-01
PCG: 9 : 7.531433e-06 / 8.526146e-01
PCG: 0 : 7.531434e-06
PCG: 1 : 5.950680e-06 / 7.901125e-01
PCG: 2 : 4.436177e-06 / 5.890216e-01
PCG: 3 : 4.834226e-06 / 6.418733e-01
PCG: 4 : 4.930913e-06 / 6.547111e-01
PCG: 5 : 4.606117e-06 / 6.115857e-01
PCG: 6 : 5.251725e-06 / 6.973075e-01
PCG: 7 : 4.924648e-06 / 6.538792e-01
PCG: 8 : 6.109753e-06 / 8.112336e-01
PCG: 9 : 7.766253e-06 / 1.031179e+00
PCG: 0 : 7.766260e-06
PCG: 1 : 6.009688e-06 / 7.738200e-01
PCG: 2 : 4.758965e-06 / 6.127743e-01
PCG: 3 : 5.003600e-06 / 6.442741e-01
PCG: 4 : 4.325556e-06 / 5.569677e-01
PCG: 5 : 4.580517e-06 / 5.897971e-01
PCG: 6 : 4.430259e-06 / 5.704495e-01
PCG: 7 : 4.012935e-06 / 5.167140e-01
PCG: 8 : 5.303686e-06 / 6.829137e-01
PCG: 9 : 6.620729e-06 / 8.524990e-01
PCG: 0 : 6.620725e-06
PCG: 1 : 5.231933e-06 / 7.902356e-01
PCG: 2 : 3.899162e-06 / 5.889328e-01
PCG: 3 : 4.250387e-06 / 6.419821e-01
PCG: 4 : 4.334900e-06 / 6.547469e-01
PCG: 5 : 4.049890e-06 / 6.116988e-01
PCG: 6 : 4.616616e-06 / 6.972976e-01
PCG: 7 : 4.329231e-06 / 6.538907e-01
PCG: 8 : 5.372168e-06 / 8.114169e-01
PCG: 9 : 6.827454e-06 / 1.031224e+00
PCG: 0 : 6.827453e-06
PCG: 1 : 5.283679e-06 / 7.738873e-01
PCG: 2 : 4.182714e-06 / 6.126316e-01
PCG: 3 : 4.398530e-06 / 6.442417e-01
PCG: 4 : 3.803347e-06 / 5.570668e-01
PCG: 5 : 4.027086e-06 / 5.898371e-01
PCG: 6 : 3.895608e-06 / 5.705799e-01
PCG: 7 : 3.527476e-06 / 5.166606e-01
PCG: 8 : 4.661807e-06 / 6.828031e-01
PCG: 9 : 5.819994e-06 / 8.524400e-01
PCG: 0 : 5.819992e-06
PCG: 1 : 4.599372e-06 / 7.902713e-01
PCG: 2 : 3.428219e-06 / 5.890419e-01
PCG: 3 : 3.738169e-06 / 6.422980e-01
PCG: 4 : 3.811728e-06 / 6.549370e-01
PCG: 5 : 3.561270e-06 / 6.119028e-01
PCG: 6 : 4.058435e-06 / 6.973266e-01
PCG: 7 : 3.805096e-06 / 6.537975e-01
PCG: 8 : 4.722355e-06 / 8.114023e-01
PCG: 9 : 6.001500e-06 / 1.031187e+00
PCG: 0 : 6.001499e-06
PCG: 1 : 4.644244e-06 / 7.738473e-01
PCG: 2 : 3.675939e-06 / 6.125035e-01
PCG: 3 : 3.866539e-06 / 6.442623e-01
PCG: 4 : 3.343607e-06 / 5.571287e-01
PCG: 5 : 3.541250e-06 / 5.900610e-01
PCG: 6 : 3.426241e-06 / 5.708976e-01
PCG: 7 : 3.101970e-06 / 5.168659e-01
PCG: 8 : 4.099355e-06 / 6.830552e-01
PCG: 9 : 5.117271e-06 / 8.526655e-01
PCG: 0 : 5.117270e-06
PCG: 1 : 4.043645e-06 / 7.901958e-01
PCG: 2 : 3.013617e-06 / 5.889112e-01
PCG: 3 : 3.286810e-06 / 6.422977e-01
PCG: 4 : 3.351214e-06 / 6.548833e-01
PCG: 5 : 3.130584e-06 / 6.117684e-01
PCG: 6 : 3.568367e-06 / 6.973186e-01
PCG: 7 : 3.344189e-06 / 6.535103e-01
PCG: 8 : 4.150529e-06 / 8.110827e-01
PCG: 9 : 5.275822e-06 / 1.030984e+00
PCG: 0 : 5.275815e-06
PCG: 1 : 4.081744e-06 / 7.736709e-01
PCG: 2 : 3.230413e-06 / 6.123059e-01
PCG: 3 : 3.398993e-06 / 6.442593e-01
PCG: 4 : 2.939419e-06 / 5.571497e-01
PCG: 5 : 3.113371e-06 / 5.901213e-01
PCG: 6 : 3.012316e-06 / 5.709668e-01
PCG: 7 : 2.726503e-06 / 5.167928e-01
PCG: 8 : 3.604117e-06 / 6.831394e-01
PCG: 9 : 4.498317e-06 / 8.526298e-01
PCG: 0 : 4.498318e-06
PCG: 1 : 3.554777e-06 / 7.902458e-01
PCG: 2 : 2.648510e-06 / 5.887778e-01
PCG: 3 : 2.889510e-06 / 6.423535e-01
PCG: 4 : 2.946429e-06 / 6.550067e-01
PCG: 5 : 2.752392e-06 / 6.118714e-01
PCG: 6 : 3.136947e-06 / 6.973599e-01
PCG: 7 : 2.939636e-06 / 6.534967e-01
PCG: 8 : 3.648599e-06 / 8.111028e-01
PCG: 9 : 4.637285e-06 / 1.030893e+00
PCG: 0 : 4.637284e-06
PCG: 1 : 3.588397e-06 / 7.738142e-01
PCG: 2 : 2.839729e-06 / 6.123689e-01
PCG: 3 : 2.987987e-06 / 6.443399e-01
PCG: 4 : 2.584387e-06 / 5.573061e-01
PCG: 5 : 2.737328e-06 / 5.902869e-01
PCG: 6 : 2.648803e-06 / 5.711970e-01
PCG: 7 : 2.396098e-06 / 5.167029e-01
PCG: 8 : 3.167843e-06 / 6.831246e-01
PCG: 9 : 3.954331e-06 / 8.527255e-01
PCG: 0 : 3.954331e-06
PCG: 1 : 3.124384e-06 / 7.901170e-01
PCG: 2 : 2.327168e-06 / 5.885112e-01
PCG: 3 : 2.540429e-06 / 6.424422e-01
PCG: 4 : 2.590817e-06 / 6.551846e-01
PCG: 5 : 2.420370e-06 / 6.120808e-01
PCG: 6 : 2.758470e-06 / 6.975821e-01
PCG: 7 : 2.584874e-06 / 6.536818e-01
PCG: 8 : 3.207575e-06 / 8.111550e-01
PCG: 9 : 4.077066e-06 / 1.031038e+00
PCG: 0 : 4.077066e-06
PCG: 1 : 3.154109e-06 / 7.736222e-01
PCG: 2 : 2.496157e-06 / 6.122435e-01
PCG: 3 : 2.627198e-06 / 6.443846e-01
PCG: 4 : 2.272073e-06 / 5.572815e-01
PCG: 5 : 2.406800e-06 / 5.903266e-01
PCG: 6 : 2.328822e-06 / 5.712006e-01
PCG: 7 : 2.105815e-06 / 5.165026e-01
PCG: 8 : 2.784607e-06 / 6.829929e-01
PCG: 9 : 3.475772e-06 / 8.525181e-01
PCG: 0 : 3.475773e-06
PCG: 1 : 2.746231e-06 / 7.901066e-01
PCG: 2 : 2.044945e-06 / 5.883424e-01
PCG: 3 : 2.233384e-06 / 6.425574e-01
PCG: 4 : 2.277311e-06 / 6.551956e-01
PCG: 5 : 2.127901e-06 / 6.122096e-01
PCG: 6 : 2.425178e-06 / 6.977379e-01
PCG: 7 : 2.271743e-06 / 6.535935e-01
PCG: 8 : 2.819492e-06 / 8.111843e-01
PCG: 9 : 3.583883e-06 / 1.031104e+00
PCG: 0 : 3.583883e-06
PCG: 1 : 2.772248e-06 / 7.735321e-01
PCG: 2 : 2.193315e-06 / 6.119940e-01
PCG: 3 : 2.309139e-06 / 6.443122e-01
PCG: 4 : 1.997603e-06 / 5.573852e-01
PCG: 5 : 2.116041e-06 / 5.904324e-01
PCG: 6 : 2.047560e-06 / 5.713244e-01
PCG: 7 : 1.850769e-06 / 5.164144e-01
PCG: 8 : 2.448108e-06 / 6.830881e-01
PCG: 9 : 3.055522e-06 / 8.525732e-01
PCG: 0 : 3.055523e-06
PCG: 1 : 2.414332e-06 / 7.901533e-01
PCG: 2 : 1.797294e-06 / 5.882115e-01
PCG: 3 : 1.963965e-06 / 6.427590e-01
PCG: 4 : 2.002693e-06 / 6.554338e-01
PCG: 5 : 1.871356e-06 / 6.124502e-01
PCG: 6 : 2.131969e-06 / 6.977429e-01
PCG: 7 : 1.996656e-06 / 6.534580e-01
PCG: 8 : 2.477995e-06 / 8.109888e-01
PCG: 9 : 3.149919e-06 / 1.030894e+00
PCG: 0 : 3.149918e-06
PCG: 1 : 2.436278e-06 / 7.734419e-01
PCG: 2 : 1.927457e-06 / 6.119071e-01
PCG: 3 : 2.029577e-06 / 6.443270e-01
PCG: 4 : 1.756470e-06 / 5.576240e-01
PCG: 5 : 1.860862e-06 / 5.907651e-01
PCG: 6 : 1.800819e-06 / 5.717034e-01
PCG: 7 : 1.626866e-06 / 5.164788e-01
PCG: 8 : 2.152275e-06 / 6.832797e-01
PCG: 9 : 2.686151e-06 / 8.527685e-01
PCG: 0 : 2.686151e-06
PCG: 1 : 2.122409e-06 / 7.901301e-01
PCG: 2 : 1.579540e-06 / 5.880311e-01
PCG: 3 : 1.726811e-06 / 6.428571e-01
PCG: 4 : 1.760947e-06 / 6.555652e-01
PCG: 5 : 1.645026e-06 / 6.124103e-01
PCG: 6 : 1.874325e-06 / 6.977735e-01
PCG: 7 : 1.754840e-06 / 6.532916e-01
PCG: 8 : 2.178064e-06 / 8.108494e-01
PCG: 9 : 2.769193e-06 / 1.030915e+00
PCG: 0 : 2.769193e-06
PCG: 1 : 2.141198e-06 / 7.732208e-01
PCG: 2 : 1.693417e-06 / 6.115201e-01
PCG: 3 : 1.784032e-06 / 6.442426e-01
PCG: 4 : 1.544033e-06 / 5.575750e-01
PCG: 5 : 1.636093e-06 / 5.908194e-01
PCG: 6 : 1.583610e-06 / 5.718670e-01
PCG: 7 : 1.430127e-06 / 5.164419e-01
PCG: 8 : 1.892027e-06 / 6.832414e-01
PCG: 9 : 2.360574e-06 / 8.524410e-01
PCG: 0 : 2.360572e-06
PCG: 1 : 1.865229e-06 / 7.901598e-01
PCG: 2 : 1.387940e-06 / 5.879678e-01
PCG: 3 : 1.518054e-06 / 6.430874e-01
PCG: 4 : 1.547881e-06 / 6.557229e-01
PCG: 5 : 1.446391e-06 / 6.127293e-01
PCG: 6 : 1.647369e-06 / 6.978688e-01
PCG: 7 : 1.541816e-06 / 6.531537e-01
PCG: 8 : 1.914077e-06 / 8.108532e-01
PCG: 9 : 2.433383e-06 / 1.030845e+00
PCG: 0 : 2.433381e-06
PCG: 1 : 1.881694e-06 / 7.732838e-01
PCG: 2 : 1.487515e-06 / 6.112954e-01
PCG: 3 : 1.567650e-06 / 6.442271e-01
PCG: 4 : 1.357452e-06 / 5.578459e-01
PCG: 5 : 1.438192e-06 / 5.910261e-01
PCG: 6 : 1.392267e-06 / 5.721532e-01
PCG: 7 : 1.256683e-06 / 5.164350e-01
PCG: 8 : 1.662441e-06 / 6.831815e-01
PCG: 9 : 2.074694e-06 / 8.525973e-01
PCG: 0 : 2.074695e-06
PCG: 1 : 1.638978e-06 / 7.899848e-01
PCG: 2 : 1.219592e-06 / 5.878417e-01
PCG: 3 : 1.334876e-06 / 6.434081e-01
PCG: 4 : 1.361090e-06 / 6.560434e-01
PCG: 5 : 1.271962e-06 / 6.130837e-01
PCG: 6 : 1.448290e-06 / 6.980733e-01
PCG: 7 : 1.355012e-06 / 6.531135e-01
PCG: 8 : 1.682316e-06 / 8.108736e-01
PCG: 9 : 2.138897e-06 / 1.030945e+00
PCG: 0 : 2.138898e-06
PCG: 1 : 1.653590e-06 / 7.731037e-01
PCG: 2 : 1.307009e-06 / 6.110666e-01
PCG: 3 : 1.377959e-06 / 6.442377e-01
PCG: 4 : 1.193408e-06 / 5.579548e-01
PCG: 5 : 1.264745e-06 / 5.913067e-01
PCG: 6 : 1.224346e-06 / 5.724190e-01
PCG: 7 : 1.104445e-06 / 5.163617e-01
PCG: 8 : 1.461170e-06 / 6.831415e-01
PCG: 9 : 1.823547e-06 / 8.525639e-01
PCG: 0 : 1.823548e-06
PCG: 1 : 1.440287e-06 / 7.898269e-01
PCG: 2 : 1.071418e-06 / 5.875459e-01
PCG: 3 : 1.173413e-06 / 6.434781e-01
PCG: 4 : 1.196602e-06 / 6.561943e-01
PCG: 5 : 1.118270e-06 / 6.132389e-01
PCG: 6 : 1.273160e-06 / 6.981773e-01
PCG: 7 : 1.190684e-06 / 6.529490e-01
PCG: 8 : 1.478844e-06 / 8.109707e-01
PCG: 9 : 1.880158e-06 / 1.031044e+00
PCG: 0 : 1.880160e-06
PCG: 1 : 1.453306e-06 / 7.729691e-01
PCG: 2 : 1.148134e-06 / 6.106578e-01
PCG: 3 : 1.211211e-06 / 6.442065e-01
PCG: 4 : 1.049420e-06 / 5.581545e-01
PCG: 5 : 1.111958e-06 / 5.914168e-01
PCG: 6 : 1.076595e-06 / 5.726084e-01
PCG: 7 : 9.706067e-07 / 5.162362e-01
PCG: 8 : 1.284015e-06 / 6.829286e-01
PCG: 9 : 1.602208e-06 / 8.521659e-01
PCG: 0 : 1.602208e-06
PCG: 1 : 1.265500e-06 / 7.898473e-01
PCG: 2 : 9.412636e-07 / 5.874789e-01
PCG: 3 : 1.031543e-06 / 6.438258e-01
PCG: 4 : 1.051986e-06 / 6.565847e-01
PCG: 5 : 9.833676e-07 / 6.137576e-01
PCG: 6 : 1.119264e-06 / 6.985757e-01
PCG: 7 : 1.046178e-06 / 6.529599e-01
PCG: 8 : 1.299789e-06 / 8.112484e-01
PCG: 9 : 1.652283e-06 / 1.031253e+00
PCG: 0 : 1.652282e-06
PCG: 1 : 1.277208e-06 / 7.729967e-01
PCG: 2 : 1.008541e-06 / 6.103927e-01
PCG: 3 : 1.064453e-06 / 6.442322e-01
PCG: 4 : 9.226588e-07 / 5.584148e-01
PCG: 5 : 9.777076e-07 / 5.917317e-01
PCG: 6 : 9.465912e-07 / 5.728993e-01
PCG: 7 : 8.528981e-07 / 5.161940e-01
PCG: 8 : 1.128146e-06 / 6.827807e-01
PCG: 9 : 1.408062e-06 / 8.521925e-01
PCG: 0 : 1.408061e-06
PCG: 1 : 1.111741e-06 / 7.895544e-01
PCG: 2 : 8.267488e-07 / 5.871541e-01
PCG: 3 : 9.068249e-07 / 6.440238e-01
PCG: 4 : 9.249739e-07 / 6.569132e-01
PCG: 5 : 8.645782e-07 / 6.140204e-01
PCG: 6 : 9.839000e-07 / 6.987623e-01
PCG: 7 : 9.191000e-07 / 6.527416e-01
PCG: 8 : 1.141870e-06 / 8.109518e-01
PCG: 9 : 1.451775e-06 / 1.031046e+00
PCG: 0 : 1.451776e-06
PCG: 1 : 1.121844e-06 / 7.727391e-01
PCG: 2 : 8.857123e-07 / 6.100889e-01
PCG: 3 : 9.354425e-07 / 6.443437e-01
PCG: 4 : 8.109437e-07 / 5.585874e-01
PCG: 5 : 8.596590e-07 / 5.921431e-01
PCG: 6 : 8.322315e-07 / 5.732507e-01
PCG: 7 : 7.492905e-07 / 5.161200e-01
PCG: 8 : 9.913288e-07 / 6.828388e-01
PCG: 9 : 1.237421e-06 / 8.523503e-01
PCG: 0 : 1.237422e-06
PCG: 1 : 9.768364e-07 / 7.894122e-01
PCG: 2 : 7.262556e-07 / 5.869100e-01
PCG: 3 : 7.972051e-07 / 6.442465e-01
PCG: 4 : 8.132631e-07 / 6.572235e-01
PCG: 5 : 7.602077e-07 / 6.143478e-01
PCG: 6 : 8.649797e-07 / 6.990173e-01
PCG: 7 : 8.074852e-07 / 6.525542e-01
PCG: 8 : 1.003395e-06 / 8.108749e-01
PCG: 9 : 1.275925e-06 / 1.031115e+00
PCG: 0 : 1.275924e-06
PCG: 1 : 9.856692e-07 / 7.725138e-01
PCG: 2 : 7.777494e-07 / 6.095576e-01
PCG: 3 : 8.221076e-07 / 6.443231e-01
PCG: 4 : 7.129158e-07 / 5.587445e-01
PCG: 5 : 7.558930e-07 / 5.924277e-01
PCG: 6 : 7.316106e-07 / 5.733964e-01
PCG: 7 : 6.583294e-07 / 5.159627e-01
PCG: 8 : 8.709666e-07 / 6.826161e-01
PCG: 9 : 1.087098e-06 / 8.520083e-01
PCG: 0 : 1.087098e-06
PCG: 1 : 8.581105e-07 / 7.893589e-01
PCG: 2 : 6.378141e-07 / 5.867125e-01
PCG: 3 : 7.006585e-07 / 6.445218e-01
PCG: 4 : 7.150921e-07 / 6.577991e-01
PCG: 5 : 6.683695e-07 / 6.148198e-01
PCG: 6 : 7.604236e-07 / 6.994986e-01
PCG: 7 : 7.093840e-07 / 6.525483e-01
PCG: 8 : 8.814922e-07 / 8.108672e-01
PCG: 9 : 1.121212e-06 / 1.031380e+00
PCG: 0 : 1.121212e-06
PCG: 1 : 8.657728e-07 / 7.721762e-01
PCG: 2 : 6.830388e-07 / 6.091971e-01
PCG: 3 : 7.224201e-07 / 6.443210e-01
PCG: 4 : 6.266790e-07 / 5.589302e-01
PCG: 5 : 6.647261e-07 / 5.928642e-01
PCG: 6 : 6.431413e-07 / 5.736128e-01
PCG: 7 : 5.781800e-07 / 5.156743e-01
PCG: 8 : 7.651019e-07 / 6.823885e-01
PCG: 9 : 9.550821e-07 / 8.518304e-01
PCG: 0 : 9.550818e-07
PCG: 1 : 7.536948e-07 / 7.891417e-01
PCG: 2 : 5.599323e-07 / 5.862664e-01
PCG: 3 : 6.157939e-07 / 6.447552e-01
PCG: 4 : 6.288358e-07 / 6.584104e-01
PCG: 5 : 5.876478e-07 / 6.152854e-01
PCG: 6 : 6.684535e-07 / 6.998914e-01
PCG: 7 : 6.232613e-07 / 6.525737e-01
PCG: 8 : 7.745631e-07 / 8.109914e-01
PCG: 9 : 9.854155e-07 / 1.031760e+00
PCG: 0 : 9.854151e-07
PCG: 1 : 7.606203e-07 / 7.718781e-01
PCG: 2 : 5.997324e-07 / 6.086089e-01
PCG: 3 : 6.348702e-07 / 6.442668e-01
PCG: 4 : 5.509276e-07 / 5.590817e-01
PCG: 5 : 5.844606e-07 / 5.931110e-01
PCG: 6 : 5.655057e-07 / 5.738757e-01
PCG: 7 : 5.078819e-07 / 5.153989e-01
PCG: 8 : 6.721223e-07 / 6.820702e-01
PCG: 9 : 8.387862e-07 / 8.512009e-01
PCG: 0 : 8.387862e-07
PCG: 1 : 6.619346e-07 / 7.891577e-01
PCG: 2 : 4.916315e-07 / 5.861226e-01
PCG: 3 : 5.412641e-07 / 6.452945e-01
PCG: 4 : 5.527612e-07 / 6.590013e-01
PCG: 5 : 5.166448e-07 / 6.159433e-01
PCG: 6 : 5.875298e-07 / 7.004524e-01
PCG: 7 : 5.473395e-07 / 6.525375e-01
PCG: 8 : 6.803587e-07 / 8.111228e-01
PCG: 9 : 8.656601e-07 / 1.032039e+00
PCG: 0 : 8.656604e-07
PCG: 1 : 6.680009e-07 / 7.716663e-01
PCG: 2 : 5.265086e-07 / 6.082161e-01
PCG: 3 : 5.578075e-07 / 6.443722e-01
PCG: 4 : 4.843155e-07 / 5.594752e-01
PCG: 5 : 5.139654e-07 / 5.937264e-01
PCG: 6 : 4.971463e-07 / 5.742972e-01
PCG: 7 : 4.460772e-07 / 5.153028e-01
PCG: 8 : 5.903084e-07 / 6.819168e-01
PCG: 9 : 7.368305e-07 / 8.511774e-01
PCG: 0 : 7.368305e-07
PCG: 1 : 5.812601e-07 / 7.888654e-01
PCG: 2 : 4.315559e-07 / 5.856923e-01
PCG: 3 : 4.757308e-07 / 6.456448e-01
PCG: 4 : 4.861053e-07 / 6.597248e-01
PCG: 5 : 4.542963e-07 / 6.165547e-01
PCG: 6 : 5.163988e-07 / 7.008379e-01
PCG: 7 : 4.807695e-07 / 6.524832e-01
PCG: 8 : 5.975905e-07 / 8.110284e-01
PCG: 9 : 7.605055e-07 / 1.032131e+00
PCG: 0 : 7.605064e-07
PCG: 1 : 5.866032e-07 / 7.713324e-01
PCG: 2 : 4.622069e-07 / 6.077620e-01
PCG: 3 : 4.901283e-07 / 6.444763e-01
PCG: 4 : 4.257910e-07 / 5.598783e-01
PCG: 5 : 4.519581e-07 / 5.942858e-01
PCG: 6 : 4.370924e-07 / 5.747386e-01
PCG: 7 : 3.916902e-07 / 5.150387e-01
PCG: 8 : 5.184218e-07 / 6.816798e-01
PCG: 9 : 6.472576e-07 / 8.510876e-01
PCG: 0 : 6.472573e-07
PCG: 1 : 5.103412e-07 / 7.884672e-01
PCG: 2 : 3.787513e-07 / 5.851634e-01
PCG: 3 : 4.181597e-07 / 6.460486e-01
PCG: 4 : 4.273651e-07 / 6.602709e-01
PCG: 5 : 3.994347e-07 / 6.171188e-01
PCG: 6 : 4.539359e-07 / 7.013222e-01
PCG: 7 : 4.221466e-07 / 6.522083e-01
PCG: 8 : 5.249198e-07 / 8.109909e-01
PCG: 9 : 6.681665e-07 / 1.032304e+00
PCG: 0 : 6.681662e-07
PCG: 1 : 5.151567e-07 / 7.710009e-01
PCG: 2 : 4.056363e-07 / 6.070890e-01
PCG: 3 : 4.305832e-07 / 6.444254e-01
PCG: 4 : 3.742981e-07 / 5.601872e-01
PCG: 5 : 3.973844e-07 / 5.947388e-01
PCG: 6 : 3.842818e-07 / 5.751291e-01
PCG: 7 : 3.439531e-07 / 5.147718e-01
PCG: 8 : 4.552091e-07 / 6.812812e-01
PCG: 9 : 5.683633e-07 / 8.506317e-01
PCG: 0 : 5.683635e-07
PCG: 1 : 4.479915e-07 / 7.882129e-01
PCG: 2 : 3.323740e-07 / 5.847913e-01
PCG: 3 : 3.674600e-07 / 6.465229e-01
PCG: 4 : 3.757214e-07 / 6.610582e-01
PCG: 5 : 3.511600e-07 / 6.178440e-01
PCG: 6 : 3.988941e-07 / 7.018293e-01
PCG: 7 : 3.706072e-07 / 6.520602e-01
PCG: 8 : 4.608931e-07 / 8.109125e-01
PCG: 9 : 5.867375e-07 / 1.032328e+00
PCG: 0 : 5.867371e-07
PCG: 1 : 4.521959e-07 / 7.706959e-01
PCG: 2 : 3.558660e-07 / 6.065170e-01
PCG: 3 : 3.782087e-07 / 6.445965e-01
PCG: 4 : 3.289857e-07 / 5.607037e-01
PCG: 5 : 3.494288e-07 / 5.955458e-01
PCG: 6 : 3.378049e-07 / 5.757348e-01
PCG: 7 : 3.018970e-07 / 5.145353e-01
PCG: 8 : 3.996475e-07 / 6.811356e-01
PCG: 9 : 4.991945e-07 / 8.507977e-01
PCG: 0 : 4.991949e-07
PCG: 1 : 3.932454e-07 / 7.877592e-01
PCG: 2 : 2.916056e-07 / 5.841518e-01
PCG: 3 : 3.229599e-07 / 6.469616e-01
PCG: 4 : 3.303972e-07 / 6.618602e-01
PCG: 5 : 3.087092e-07 / 6.184141e-01
PCG: 6 : 3.504906e-07 / 7.021117e-01
PCG: 7 : 3.253072e-07 / 6.516637e-01
PCG: 8 : 4.045520e-07 / 8.104089e-01
PCG: 9 : 5.152039e-07 / 1.032069e+00
PCG: 0 : 5.152040e-07
PCG: 1 : 3.968347e-07 / 7.702476e-01
PCG: 2 : 3.121338e-07 / 6.058452e-01
PCG: 3 : 3.321651e-07 / 6.447254e-01
PCG: 4 : 2.890829e-07 / 5.611037e-01
PCG: 5 : 3.072399e-07 / 5.963462e-01
PCG: 6 : 2.969140e-07 / 5.763038e-01
PCG: 7 : 2.649390e-07 / 5.142411e-01
PCG: 8 : 3.507930e-07 / 6.808818e-01
PCG: 9 : 4.383008e-07 / 8.507327e-01
PCG: 0 : 4.383008e-07
PCG: 1 : 3.450816e-07 / 7.873169e-01
PCG: 2 : 2.557742e-07 / 5.835586e-01
PCG: 3 : 2.838013e-07 / 6.475036e-01
PCG: 4 : 2.904378e-07 / 6.626450e-01
PCG: 5 : 2.714008e-07 / 6.192113e-01
PCG: 6 : 3.080082e-07 / 7.027326e-01
PCG: 7 : 2.855299e-07 / 6.514474e-01
PCG: 8 : 3.552932e-07 / 8.106151e-01
PCG: 9 : 4.525357e-07 / 1.032478e+00
PCG: 0 : 4.525356e-07
PCG: 1 : 3.484538e-07 / 7.700030e-01
PCG: 2 : 2.738027e-07 / 6.050413e-01
PCG: 3 : 2.917929e-07 / 6.447955e-01
PCG: 4 : 2.541771e-07 / 5.616730e-01
PCG: 5 : 2.701860e-07 / 5.970492e-01
PCG: 6 : 2.610586e-07 / 5.768796e-01
PCG: 7 : 2.325745e-07 / 5.139363e-01
PCG: 8 : 3.078885e-07 / 6.803630e-01
PCG: 9 : 3.848330e-07 / 8.503928e-01
PCG: 0 : 3.848328e-07
PCG: 1 : 3.027724e-07 / 7.867635e-01
PCG: 2 : 2.243796e-07 / 5.830574e-01
PCG: 3 : 2.494366e-07 / 6.481687e-01
PCG: 4 : 2.554027e-07 / 6.636718e-01
PCG: 5 : 2.386945e-07 / 6.202551e-01
PCG: 6 : 2.706865e-07 / 7.033871e-01
PCG: 7 : 2.505847e-07 / 6.511520e-01
PCG: 8 : 3.119328e-07 / 8.105671e-01
PCG: 9 : 3.974257e-07 / 1.032723e+00
PCG: 0 : 3.974257e-07
PCG: 1 : 3.058225e-07 / 7.695085e-01
PCG: 2 : 2.401309e-07 / 6.042159e-01
PCG: 3 : 2.562839e-07 / 6.448598e-01
PCG: 4 : 2.234221e-07 / 5.621733e-01
PCG: 5 : 2.375807e-07 / 5.977989e-01
PCG: 6 : 2.294580e-07 / 5.773606e-01
PCG: 7 : 2.040354e-07 / 5.133924e-01
PCG: 8 : 2.701072e-07 / 6.796418e-01
PCG: 9 : 3.377491e-07 / 8.498421e-01
PCG: 0 : 3.377491e-07
PCG: 1 : 2.655715e-07 / 7.862982e-01
PCG: 2 : 1.967431e-07 / 5.825127e-01
PCG: 3 : 2.191626e-07 / 6.488916e-01
PCG: 4 : 2.245692e-07 / 6.648993e-01
PCG: 5 : 2.098291e-07 / 6.212574e-01
PCG: 6 : 2.378393e-07 / 7.041892e-01
PCG: 7 : 2.198735e-07 / 6.509964e-01
PCG: 8 : 2.737632e-07 / 8.105519e-01
PCG: 9 : 3.489598e-07 / 1.033192e+00
PCG: 0 : 3.489598e-07
PCG: 1 : 2.683550e-07 / 7.690139e-01
PCG: 2 : 2.105441e-07 / 6.033477e-01
PCG: 3 : 2.250617e-07 / 6.449500e-01
PCG: 4 : 1.963522e-07 / 5.626785e-01
PCG: 5 : 2.088896e-07 / 5.986065e-01
PCG: 6 : 2.017051e-07 / 5.780182e-01
PCG: 7 : 1.789979e-07 / 5.129471e-01
PCG: 8 : 2.369886e-07 / 6.791286e-01
PCG: 9 : 2.964058e-07 / 8.493981e-01
PCG: 0 : 2.964060e-07
PCG: 1 : 2.329612e-07 / 7.859533e-01
PCG: 2 : 1.724950e-07 / 5.819552e-01
PCG: 3 : 1.925941e-07 / 6.497646e-01
PCG: 4 : 1.974327e-07 / 6.660888e-01
PCG: 5 : 1.844847e-07 / 6.224056e-01
PCG: 6 : 2.089693e-07 / 7.050104e-01
PCG: 7 : 1.928976e-07 / 6.507887e-01
PCG: 8 : 2.403006e-07 / 8.107145e-01
PCG: 9 : 3.064302e-07 / 1.033819e+00
PCG: 0 : 3.064302e-07
PCG: 1 : 2.354656e-07 / 7.684150e-01
PCG: 2 : 1.845823e-07 / 6.023635e-01
PCG: 3 : 1.976554e-07 / 6.450257e-01
PCG: 4 : 1.726127e-07 / 5.633020e-01
PCG: 5 : 1.836840e-07 / 5.994318e-01
PCG: 6 : 1.772649e-07 / 5.784839e-01
PCG: 7 : 1.570009e-07 / 5.123546e-01
PCG: 8 : 2.078779e-07 / 6.783859e-01
PCG: 9 : 2.600954e-07 / 8.487915e-01
PCG: 0 : 2.600953e-07
PCG: 1 : 2.042896e-07 / 7.854414e-01
PCG: 2 : 1.512143e-07 / 5.813802e-01
PCG: 3 : 1.692217e-07 / 6.506141e-01
PCG: 4 : 1.736184e-07 / 6.675184e-01
PCG: 5 : 1.622063e-07 / 6.236417e-01
PCG: 6 : 1.835741e-07 / 7.057953e-01
PCG: 7 : 1.691965e-07 / 6.505175e-01
PCG: 8 : 2.108204e-07 / 8.105505e-01
PCG: 9 : 2.690241e-07 / 1.034329e+00
PCG: 0 : 2.690242e-07
PCG: 1 : 2.065229e-07 / 7.676740e-01
PCG: 2 : 1.617710e-07 / 6.013252e-01
PCG: 3 : 1.735597e-07 / 6.451454e-01
PCG: 4 : 1.517209e-07 / 5.639675e-01
PCG: 5 : 1.615305e-07 / 6.004312e-01
PCG: 6 : 1.558130e-07 / 5.791783e-01
PCG: 7 : 1.376974e-07 / 5.118404e-01
PCG: 8 : 1.823358e-07 / 6.777675e-01
PCG: 9 : 2.282329e-07 / 8.483732e-01
PCG: 0 : 2.282328e-07
PCG: 1 : 1.791466e-07 / 7.849292e-01
PCG: 2 : 1.325400e-07 / 5.807227e-01
PCG: 3 : 1.486846e-07 / 6.514603e-01
PCG: 4 : 1.526411e-07 / 6.687958e-01
PCG: 5 : 1.426044e-07 / 6.248201e-01
PCG: 6 : 1.612981e-07 / 7.067263e-01
PCG: 7 : 1.483736e-07 / 6.500977e-01
PCG: 8 : 1.849683e-07 / 8.104370e-01
PCG: 9 : 2.361839e-07 / 1.034838e+00
PCG: 0 : 2.361838e-07
PCG: 1 : 1.811596e-07 / 7.670281e-01
PCG: 2 : 1.417917e-07 / 6.003445e-01
PCG: 3 : 1.524135e-07 / 6.453174e-01
PCG: 4 : 1.333803e-07 / 5.647307e-01
PCG: 5 : 1.420368e-07 / 6.013825e-01
PCG: 6 : 1.369486e-07 / 5.798391e-01
PCG: 7 : 1.207380e-07 / 5.112035e-01
PCG: 8 : 1.599033e-07 / 6.770292e-01
PCG: 9 : 2.002268e-07 / 8.477582e-01
PCG: 0 : 2.002267e-07
PCG: 1 : 1.570575e-07 / 7.843980e-01
PCG: 2 : 1.161272e-07 / 5.799785e-01
PCG: 3 : 1.306290e-07 / 6.524053e-01
PCG: 4 : 1.341957e-07 / 6.702187e-01
PCG: 5 : 1.253666e-07 / 6.261230e-01
PCG: 6 : 1.416496e-07 / 7.074462e-01
PCG: 7 : 1.300891e-07 / 6.497087e-01
PCG: 8 : 1.622410e-07 / 8.102863e-01
PCG: 9 : 2.072916e-07 / 1.035284e+00
PCG: 0 : 2.072915e-07
PCG: 1 : 1.588591e-07 / 7.663561e-01
PCG: 2 : 1.242226e-07 / 5.992652e-01
PCG: 3 : 1.338072e-07 / 6.455023e-01
PCG: 4 : 1.172420e-07 / 5.655897e-01
PCG: 5 : 1.248694e-07 / 6.023853e-01
PCG: 6 : 1.203535e-07 / 5.806001e-01
PCG: 7 : 1.058379e-07 / 5.105751e-01
PCG: 8 : 1.402037e-07 / 6.763597e-01
PCG: 9 : 1.756564e-07 / 8.473881e-01
PCG: 0 : 1.756564e-07
PCG: 1 : 1.376810e-07 / 7.838085e-01
PCG: 2 : 1.017521e-07 / 5.792677e-01
PCG: 3 : 1.147959e-07 / 6.535256e-01
PCG: 4 : 1.179980e-07 / 6.717545e-01
PCG: 5 : 1.102426e-07 / 6.276035e-01
PCG: 6 : 1.244363e-07 / 7.084073e-01
PCG: 7 : 1.140311e-07 / 6.491714e-01
PCG: 8 : 1.423049e-07 / 8.101321e-01
PCG: 9 : 1.819716e-07 / 1.035952e+00
PCG: 0 : 1.819716e-07
PCG: 1 : 1.393053e-07 / 7.655334e-01
PCG: 2 : 1.088314e-07 / 5.980682e-01
PCG: 3 : 1.175026e-07 / 6.457196e-01
PCG: 4 : 1.030620e-07 / 5.663629e-01
PCG: 5 : 1.098036e-07 / 6.034106e-01
PCG: 6 : 1.057575e-07 / 5.811758e-01
PCG: 7 : 9.275798e-08 / 5.097389e-01
PCG: 8 : 1.229018e-07 / 6.753901e-01
PCG: 9 : 1.540655e-07 / 8.466461e-01
PCG: 0 : 1.540655e-07
PCG: 1 : 1.206617e-07 / 7.831845e-01
PCG: 2 : 8.913417e-08 / 5.785473e-01
PCG: 3 : 1.008465e-07 / 6.545693e-01
PCG: 4 : 1.037346e-07 / 6.733153e-01
PCG: 5 : 9.689894e-08 / 6.289465e-01
PCG: 6 : 1.092858e-07 / 7.093465e-01
PCG: 7 : 9.994175e-08 / 6.486966e-01
PCG: 8 : 1.248136e-07 / 8.101332e-01
PCG: 9 : 1.597124e-07 / 1.036653e+00
PCG: 0 : 1.597124e-07
PCG: 1 : 1.221681e-07 / 7.649257e-01
PCG: 2 : 9.534794e-08 / 5.969979e-01
PCG: 3 : 1.031745e-07 / 6.460020e-01
PCG: 4 : 9.059669e-08 / 5.672490e-01
PCG: 5 : 9.653751e-08 / 6.044460e-01
PCG: 6 : 9.293898e-08 / 5.819147e-01
PCG: 7 : 8.128899e-08 / 5.089712e-01
PCG: 8 : 1.077227e-07 / 6.744795e-01
PCG: 9 : 1.351448e-07 / 8.461761e-01
PCG: 0 : 1.351448e-07
PCG: 1 : 1.057389e-07 / 7.824116e-01
PCG: 2 : 7.807797e-08 / 5.777355e-01
PCG: 3 : 8.860961e-08 / 6.556640e-01
PCG: 4 : 9.121390e-08 / 6.749343e-01
PCG: 5 : 8.520158e-08 / 6.304464e-01
PCG: 6 : 9.597519e-08 / 7.101654e-01
PCG: 7 : 8.758830e-08 / 6.481068e-01
PCG: 8 : 1.094495e-07 / 8.098683e-01
PCG: 9 : 1.401532e-07 / 1.037059e+00
PCG: 0 : 1.401531e-07
PCG: 1 : 1.070958e-07 / 7.641341e-01
PCG: 2 : 8.350641e-08 / 5.958227e-01
PCG: 3 : 9.056053e-08 / 6.461541e-01
PCG: 4 : 7.962987e-08 / 5.681633e-01
PCG: 5 : 8.487847e-08 / 6.056124e-01
PCG: 6 : 8.167424e-08 / 5.827500e-01
PCG: 7 : 7.121447e-08 / 5.081190e-01
PCG: 8 : 9.439359e-08 / 6.735033e-01
PCG: 9 : 1.185214e-07 / 8.456566e-01
PCG: 0 : 1.185214e-07
PCG: 1 : 9.264295e-08 / 7.816561e-01
PCG: 2 : 6.838581e-08 / 5.769914e-01
PCG: 3 : 7.786283e-08 / 6.569518e-01
PCG: 4 : 8.020807e-08 / 6.767394e-01
PCG: 5 : 7.490215e-08 / 6.319718e-01
PCG: 6 : 8.428479e-08 / 7.111359e-01
PCG: 7 : 7.674647e-08 / 6.475328e-01
PCG: 8 : 9.598827e-08 / 8.098816e-01
PCG: 9 : 1.230177e-07 / 1.037937e+00
PCG: 0 : 1.230177e-07
PCG: 1 : 9.391754e-08 / 7.634475e-01
PCG: 2 : 7.314054e-08 / 5.945531e-01
PCG: 3 : 7.952460e-08 / 6.464486e-01
PCG: 4 : 7.000185e-08 / 5.690389e-01
PCG: 5 : 7.464810e-08 / 6.068079e-01
PCG: 6 : 7.177661e-08 / 5.834659e-01
PCG: 7 : 6.239961e-08 / 5.072410e-01
PCG: 8 : 8.271283e-08 / 6.723654e-01
PCG: 9 : 1.039261e-07 / 8.448064e-01
PCG: 0 : 1.039261e-07
PCG: 1 : 8.117176e-08 / 7.810526e-01
PCG: 2 : 5.990376e-08 / 5.764073e-01
PCG: 3 : 6.841274e-08 / 6.582825e-01
PCG: 4 : 7.051441e-08 / 6.785053e-01
PCG: 5 : 6.583572e-08 / 6.334859e-01
PCG: 6 : 7.400600e-08 / 7.121022e-01
PCG: 7 : 6.721832e-08 / 6.467896e-01
PCG: 8 : 8.415497e-08 / 8.097578e-01
PCG: 9 : 1.079326e-07 / 1.038552e+00
PCG: 0 : 1.079326e-07
PCG: 1 : 8.232151e-08 / 7.627124e-01
PCG: 2 : 6.404790e-08 / 5.934065e-01
PCG: 3 : 6.981637e-08 / 6.468517e-01
PCG: 4 : 6.153609e-08 / 5.701345e-01
PCG: 5 : 6.563960e-08 / 6.081537e-01
PCG: 6 : 6.306145e-08 / 5.842671e-01
PCG: 7 : 5.466310e-08 / 5.064560e-01
PCG: 8 : 7.247170e-08 / 6.714534e-01
PCG: 9 : 9.114920e-08 / 8.445013e-01
PCG: 0 : 9.114916e-08
PCG: 1 : 7.111672e-08 / 7.802235e-01
PCG: 2 : 5.246359e-08 / 5.755796e-01
PCG: 3 : 6.011542e-08 / 6.595280e-01
PCG: 4 : 6.201013e-08 / 6.803149e-01
PCG: 5 : 5.788164e-08 / 6.350212e-01
PCG: 6 : 6.498460e-08 / 7.129478e-01
PCG: 7 : 5.888505e-08 / 6.460296e-01
PCG: 8 : 7.376713e-08 / 8.093013e-01
PCG: 9 : 9.472289e-08 / 1.039207e+00
PCG: 0 : 9.472283e-08
PCG: 1 : 7.215407e-08 / 7.617390e-01
PCG: 2 : 5.609396e-08 / 5.921905e-01
PCG: 3 : 6.129444e-08 / 6.470925e-01
PCG: 4 : 5.408820e-08 / 5.710155e-01
PCG: 5 : 5.771448e-08 / 6.092986e-01
PCG: 6 : 5.540889e-08 / 5.849582e-01
PCG: 7 : 4.786732e-08 / 5.053409e-01
PCG: 8 : 6.348851e-08 / 6.702556e-01
PCG: 9 : 7.991648e-08 / 8.436877e-01
PCG: 0 : 7.991649e-08
PCG: 1 : 6.230171e-08 / 7.795852e-01
PCG: 2 : 4.593612e-08 / 5.748014e-01
PCG: 3 : 5.281187e-08 / 6.608382e-01
PCG: 4 : 5.452344e-08 / 6.822551e-01
PCG: 5 : 5.087020e-08 / 6.365419e-01
PCG: 6 : 5.705803e-08 / 7.139707e-01
PCG: 7 : 5.157482e-08 / 6.453590e-01
PCG: 8 : 6.467250e-08 / 8.092510e-01
PCG: 9 : 8.313400e-08 / 1.040261e+00
PCG: 0 : 8.313390e-08
PCG: 1 : 6.325591e-08 / 7.608919e-01
PCG: 2 : 4.913165e-08 / 5.909941e-01
PCG: 3 : 5.382697e-08 / 6.474732e-01
PCG: 4 : 4.754813e-08 / 5.719464e-01
PCG: 5 : 5.074194e-08 / 6.103640e-01
PCG: 6 : 4.868319e-08 / 5.855998e-01
PCG: 7 : 4.192627e-08 / 5.043222e-01
PCG: 8 : 5.562993e-08 / 6.691606e-01
PCG: 9 : 7.008052e-08 / 8.429837e-01
PCG: 0 : 7.008051e-08
PCG: 1 : 5.458633e-08 / 7.789089e-01
PCG: 2 : 4.023416e-08 / 5.741134e-01
PCG: 3 : 4.640340e-08 / 6.621442e-01
PCG: 4 : 4.794506e-08 / 6.841426e-01
PCG: 5 : 4.472201e-08 / 6.381519e-01
PCG: 6 : 5.009148e-08 / 7.147705e-01
PCG: 7 : 4.516585e-08 / 6.444852e-01
PCG: 8 : 5.668343e-08 / 8.088330e-01
PCG: 9 : 7.293956e-08 / 1.040797e+00
PCG: 0 : 7.293949e-08
PCG: 1 : 5.544947e-08 / 7.602119e-01
PCG: 2 : 4.303002e-08 / 5.899413e-01
PCG: 3 : 4.726333e-08 / 6.479800e-01
PCG: 4 : 4.180713e-08 / 5.731755e-01
PCG: 5 : 4.462130e-08 / 6.117577e-01
PCG: 6 : 4.277871e-08 / 5.864959e-01
PCG: 7 : 3.672095e-08 / 5.034440e-01
PCG: 8 : 4.874336e-08 / 6.682712e-01
PCG: 9 : 6.146737e-08 / 8.427172e-01
PCG: 0 : 6.146733e-08
PCG: 1 : 4.782681e-08 / 7.780851e-01
PCG: 2 : 3.523928e-08 / 5.733009e-01
PCG: 3 : 4.078019e-08 / 6.634449e-01
PCG: 4 : 4.215926e-08 / 6.858808e-01
PCG: 5 : 3.930788e-08 / 6.394923e-01
PCG: 6 : 4.397443e-08 / 7.154115e-01
PCG: 7 : 3.954853e-08 / 6.434073e-01
PCG: 8 : 4.968141e-08 / 8.082572e-01
PCG: 9 : 6.399962e-08 / 1.041197e+00
PCG: 0 : 6.399965e-08
PCG: 1 : 4.859888e-08 / 7.593617e-01
PCG: 2 : 3.768121e-08 / 5.887722e-01
PCG: 3 : 4.149785e-08 / 6.484075e-01
PCG: 4 : 3.674309e-08 / 5.741140e-01
PCG: 5 : 3.922604e-08 / 6.129102e-01
PCG: 6 : 3.757694e-08 / 5.871429e-01
PCG: 7 : 3.215444e-08 / 5.024158e-01
PCG: 8 : 4.270044e-08 / 6.671980e-01
PCG: 9 : 5.390492e-08 / 8.422690e-01
PCG: 0 : 5.390492e-08
PCG: 1 : 4.190684e-08 / 7.774215e-01
PCG: 2 : 3.086644e-08 / 5.726089e-01
PCG: 3 : 3.583088e-08 / 6.647052e-01
PCG: 4 : 3.706495e-08 / 6.875986e-01
PCG: 5 : 3.455190e-08 / 6.409785e-01
PCG: 6 : 3.861152e-08 / 7.162893e-01
PCG: 7 : 3.463543e-08 / 6.425282e-01
PCG: 8 : 4.356125e-08 / 8.081126e-01
PCG: 9 : 5.617332e-08 / 1.042081e+00
PCG: 0 : 5.617333e-08
PCG: 1 : 4.261900e-08 / 7.587053e-01
PCG: 2 : 3.301104e-08 / 5.876639e-01
PCG: 3 : 3.644590e-08 / 6.488115e-01
PCG: 4 : 3.230928e-08 / 5.751711e-01
PCG: 5 : 3.448596e-08 / 6.139206e-01
PCG: 6 : 3.301495e-08 / 5.877334e-01
PCG: 7 : 2.815929e-08 / 5.012928e-01
PCG: 8 : 3.740721e-08 / 6.659247e-01
PCG: 9 : 4.727439e-08 / 8.415806e-01
PCG: 0 : 4.727444e-08
PCG: 1 : 3.671125e-08 / 7.765561e-01
PCG: 2 : 2.703795e-08 / 5.719358e-01
PCG: 3 : 3.148383e-08 / 6.659799e-01
PCG: 4 : 3.259114e-08 / 6.894030e-01
PCG: 5 : 3.037507e-08 / 6.425262e-01
PCG: 6 : 3.390008e-08 / 7.170911e-01
PCG: 7 : 3.033269e-08 / 6.416298e-01
PCG: 8 : 3.818512e-08 / 8.077329e-01
PCG: 9 : 4.929415e-08 / 1.042723e+00
PCG: 0 : 4.929413e-08
PCG: 1 : 3.736348e-08 / 7.579703e-01
PCG: 2 : 2.891939e-08 / 5.866701e-01
PCG: 3 : 3.200685e-08 / 6.493036e-01
PCG: 4 : 2.840630e-08 / 5.762614e-01
PCG: 5 : 3.032294e-08 / 6.151430e-01
PCG: 6 : 2.900735e-08 / 5.884544e-01
PCG: 7 : 2.465720e-08 / 5.002056e-01
PCG: 8 : 3.277728e-08 / 6.649328e-01
PCG: 9 : 4.146911e-08 / 8.412586e-01
PCG: 0 : 4.146911e-08
PCG: 1 : 3.217263e-08 / 7.758215e-01
PCG: 2 : 2.368788e-08 / 5.712176e-01
PCG: 3 : 2.767156e-08 / 6.672813e-01
PCG: 4 : 2.866192e-08 / 6.911632e-01
PCG: 5 : 2.669973e-08 / 6.438464e-01
PCG: 6 : 2.976705e-08 / 7.178125e-01
PCG: 7 : 2.656681e-08 / 6.406410e-01
PCG: 8 : 3.347794e-08 / 8.072984e-01
PCG: 9 : 4.327029e-08 / 1.043434e+00
PCG: 0 : 4.327029e-08
PCG: 1 : 3.276417e-08 / 7.571980e-01
PCG: 2 : 2.534050e-08 / 5.856327e-01
PCG: 3 : 2.811448e-08 / 6.497410e-01
PCG: 4 : 2.497290e-08 / 5.771374e-01
PCG: 5 : 2.666561e-08 / 6.162568e-01
PCG: 6 : 2.549018e-08 / 5.890920e-01
PCG: 7 : 2.160432e-08 / 4.992877e-01
PCG: 8 : 2.872851e-08 / 6.639317e-01
PCG: 9 : 3.637644e-08 / 8.406795e-01
PCG: 0 : 3.637643e-08
PCG: 1 : 2.820044e-08 / 7.752394e-01
PCG: 2 : 2.076002e-08 / 5.706998e-01
PCG: 3 : 2.431740e-08 / 6.684934e-01
PCG: 4 : 2.519930e-08 / 6.927369e-01
PCG: 5 : 2.346573e-08 / 6.450805e-01
PCG: 6 : 2.612995e-08 / 7.183209e-01
PCG: 7 : 2.326665e-08 / 6.396078e-01
PCG: 8 : 2.935345e-08 / 8.069360e-01
PCG: 9 : 3.797228e-08 / 1.043871e+00
PCG: 0 : 3.797231e-08
PCG: 1 : 2.873372e-08 / 7.567020e-01
PCG: 2 : 2.220726e-08 / 5.848278e-01
PCG: 3 : 2.469241e-08 / 6.502741e-01
PCG: 4 : 2.195392e-08 / 5.781561e-01
PCG: 5 : 2.344459e-08 / 6.174129e-01
PCG: 6 : 2.239443e-08 / 5.897570e-01
PCG: 7 : 1.892158e-08 / 4.982994e-01
PCG: 8 : 2.517426e-08 / 6.629636e-01
PCG: 9 : 3.191747e-08 / 8.405461e-01
PCG: 0 : 3.191744e-08
PCG: 1 : 2.471678e-08 / 7.743973e-01
PCG: 2 : 1.818914e-08 / 5.698810e-01
PCG: 3 : 2.137200e-08 / 6.696026e-01
PCG: 4 : 2.215975e-08 / 6.942835e-01
PCG: 5 : 2.062562e-08 / 6.462179e-01
PCG: 6 : 2.294227e-08 / 7.188004e-01
PCG: 7 : 2.038250e-08 / 6.386009e-01
PCG: 8 : 2.573912e-08 / 8.064281e-01
PCG: 9 : 3.333469e-08 / 1.044404e+00
PCG: 0 : 3.333468e-08
PCG: 1 : 2.520163e-08 / 7.560185e-01
PCG: 2 : 1.946381e-08 / 5.838909e-01
PCG: 3 : 2.168988e-08 / 6.506702e-01
PCG: 4 : 1.930113e-08 / 5.790105e-01
PCG: 5 : 2.061575e-08 / 6.184476e-01
PCG: 6 : 1.967575e-08 / 5.902488e-01
PCG: 7 : 1.657309e-08 / 4.971727e-01
PCG: 8 : 2.206140e-08 / 6.618152e-01
PCG: 9 : 2.800283e-08 / 8.400511e-01
PCG: 0 : 2.800285e-08
PCG: 1 : 2.166782e-08 / 7.737719e-01
PCG: 2 : 1.594633e-08 / 5.694538e-01
PCG: 3 : 1.878393e-08 / 6.707864e-01
PCG: 4 : 1.948913e-08 / 6.959696e-01
PCG: 5 : 1.812978e-08 / 6.474260e-01
PCG: 6 : 2.015116e-08 / 7.196111e-01
PCG: 7 : 1.785849e-08 / 6.377383e-01
PCG: 8 : 2.258262e-08 / 8.064400e-01
PCG: 9 : 2.927127e-08 / 1.045296e+00
PCG: 0 : 2.927128e-08
PCG: 1 : 2.211319e-08 / 7.554569e-01
PCG: 2 : 1.706341e-08 / 5.829402e-01
PCG: 3 : 1.905858e-08 / 6.511015e-01
PCG: 4 : 1.696956e-08 / 5.797340e-01
PCG: 5 : 1.812432e-08 / 6.191843e-01
PCG: 6 : 1.728559e-08 / 5.905306e-01
PCG: 7 : 1.452382e-08 / 4.961799e-01
PCG: 8 : 1.933623e-08 / 6.605870e-01
PCG: 9 : 2.456696e-08 / 8.392853e-01
PCG: 0 : 2.456698e-08
PCG: 1 : 1.899572e-08 / 7.732218e-01
PCG: 2 : 1.398062e-08 / 5.690819e-01
PCG: 3 : 1.650688e-08 / 6.719131e-01
PCG: 4 : 1.713453e-08 / 6.974618e-01
PCG: 5 : 1.593739e-08 / 6.487321e-01
PCG: 6 : 1.769541e-08 / 7.202926e-01
PCG: 7 : 1.564782e-08 / 6.369451e-01
PCG: 8 : 1.980533e-08 / 8.061771e-01
PCG: 9 : 2.569687e-08 / 1.045992e+00
PCG: 0 : 2.569685e-08
PCG: 1 : 1.939892e-08 / 7.549142e-01
PCG: 2 : 1.496194e-08 / 5.822481e-01
PCG: 3 : 1.674459e-08 / 6.516202e-01
PCG: 4 : 1.492334e-08 / 5.807456e-01
PCG: 5 : 1.593594e-08 / 6.201515e-01
PCG: 6 : 1.518930e-08 / 5.910955e-01
PCG: 7 : 1.272632e-08 / 4.952481e-01
PCG: 8 : 1.695571e-08 / 6.598359e-01
PCG: 9 : 2.156160e-08 / 8.390753e-01
PCG: 0 : 2.156160e-08
PCG: 1 : 1.666044e-08 / 7.726903e-01
PCG: 2 : 1.225870e-08 / 5.685434e-01
PCG: 3 : 1.451131e-08 / 6.730165e-01
PCG: 4 : 1.506775e-08 / 6.988235e-01
PCG: 5 : 1.400916e-08 / 6.497275e-01
PCG: 6 : 1.553641e-08 / 7.205594e-01
PCG: 7 : 1.371114e-08 / 6.359057e-01
PCG: 8 : 1.736892e-08 / 8.055487e-01
PCG: 9 : 2.256330e-08 / 1.046458e+00
PCG: 0 : 2.256329e-08
PCG: 1 : 1.701706e-08 / 7.541924e-01
PCG: 2 : 1.311849e-08 / 5.814089e-01
PCG: 3 : 1.471015e-08 / 6.519508e-01
PCG: 4 : 1.312046e-08 / 5.814960e-01
PCG: 5 : 1.401190e-08 / 6.210045e-01
PCG: 6 : 1.334793e-08 / 5.915774e-01
PCG: 7 : 1.115717e-08 / 4.944833e-01
PCG: 8 : 1.487297e-08 / 6.591671e-01
PCG: 9 : 1.892367e-08 / 8.386931e-01
PCG: 0 : 1.892369e-08
PCG: 1 : 1.461743e-08 / 7.724406e-01
PCG: 2 : 1.075373e-08 / 5.682684e-01
PCG: 3 : 1.275494e-08 / 6.740198e-01
PCG: 4 : 1.324826e-08 / 7.000885e-01
PCG: 5 : 1.231377e-08 / 6.507065e-01
PCG: 6 : 1.364644e-08 / 7.211298e-01
PCG: 7 : 1.201649e-08 / 6.349974e-01
PCG: 8 : 1.523800e-08 / 8.052339e-01
PCG: 9 : 1.981564e-08 / 1.047134e+00
PCG: 0 : 1.981564e-08
PCG: 1 : 1.493392e-08 / 7.536430e-01
PCG: 2 : 1.150752e-08 / 5.807291e-01
PCG: 3 : 1.292510e-08 / 6.522674e-01
PCG: 4 : 1.153638e-08 / 5.821854e-01
PCG: 5 : 1.231775e-08 / 6.216175e-01
PCG: 6 : 1.172672e-08 / 5.917912e-01
PCG: 7 : 9.780344e-09 / 4.935669e-01
PCG: 8 : 1.304370e-08 / 6.582530e-01
PCG: 9 : 1.661182e-08 / 8.383184e-01
PCG: 0 : 1.661185e-08
PCG: 1 : 1.282390e-08 / 7.719730e-01
PCG: 2 : 9.432805e-09 / 5.678359e-01
PCG: 3 : 1.121105e-08 / 6.748828e-01
PCG: 4 : 1.165193e-08 / 7.014225e-01
PCG: 5 : 1.082667e-08 / 6.517439e-01
PCG: 6 : 1.198812e-08 / 7.216607e-01
PCG: 7 : 1.053833e-08 / 6.343866e-01
PCG: 8 : 1.337142e-08 / 8.049327e-01
PCG: 9 : 1.740497e-08 / 1.047744e+00
PCG: 0 : 1.740494e-08
PCG: 1 : 1.310560e-08 / 7.529814e-01
PCG: 2 : 1.009524e-08 / 5.800217e-01
PCG: 3 : 1.135917e-08 / 6.526402e-01
PCG: 4 : 1.014362e-08 / 5.828012e-01
PCG: 5 : 1.083169e-08 / 6.223340e-01
PCG: 6 : 1.030599e-08 / 5.921301e-01
PCG: 7 : 8.574024e-09 / 4.926201e-01
PCG: 8 : 1.144305e-08 / 6.574599e-01
PCG: 9 : 1.458228e-08 / 8.378240e-01
PCG: 0 : 1.458228e-08
PCG: 1 : 1.125179e-08 / 7.716070e-01
PCG: 2 : 8.274444e-09 / 5.674316e-01
PCG: 3 : 9.853228e-09 / 6.756989e-01
PCG: 4 : 1.024535e-08 / 7.025890e-01
PCG: 5 : 9.514038e-09 / 6.524385e-01
PCG: 6 : 1.052799e-08 / 7.219719e-01
PCG: 7 : 9.236750e-09 / 6.334231e-01
PCG: 8 : 1.172915e-08 / 8.043429e-01
PCG: 9 : 1.528615e-08 / 1.048269e+00
PCG: 0 : 1.528615e-08
PCG: 1 : 1.150315e-08 / 7.525210e-01
PCG: 2 : 8.859255e-09 / 5.795611e-01
PCG: 3 : 9.983331e-09 / 6.530967e-01
PCG: 4 : 8.918500e-09 / 5.834368e-01
PCG: 5 : 9.525683e-09 / 6.231580e-01
PCG: 6 : 9.057104e-09 / 5.925041e-01
PCG: 7 : 7.521810e-09 / 4.920671e-01
PCG: 8 : 1.004285e-08 / 6.569903e-01
PCG: 9 : 1.280562e-08 / 8.377269e-01
PCG: 0 : 1.280561e-08
PCG: 1 : 9.877371e-09 / 7.713313e-01
PCG: 2 : 7.263178e-09 / 5.671870e-01
PCG: 3 : 8.662306e-09 / 6.764459e-01
PCG: 4 : 9.009832e-09 / 7.035845e-01
PCG: 5 : 8.364323e-09 / 6.531762e-01
PCG: 6 : 9.248652e-09 / 7.222341e-01
PCG: 7 : 8.101964e-09 / 6.326885e-01
PCG: 8 : 1.029676e-08 / 8.040816e-01
PCG: 9 : 1.342631e-08 / 1.048470e+00
PCG: 0 : 1.342631e-08
PCG: 1 : 1.009824e-08 / 7.521233e-01
PCG: 2 : 7.774035e-09 / 5.790148e-01
PCG: 3 : 8.773458e-09 / 6.534525e-01
PCG: 4 : 7.841498e-09 / 5.840396e-01
PCG: 5 : 8.374935e-09 / 6.237702e-01
PCG: 6 : 7.958928e-09 / 5.927858e-01
PCG: 7 : 6.597184e-09 / 4.913623e-01
PCG: 8 : 8.812938e-09 / 6.563930e-01
PCG: 9 : 1.124413e-08 / 8.374696e-01
PCG: 0 : 1.124413e-08
PCG: 1 : 8.669297e-09 / 7.710062e-01
PCG: 2 : 6.373170e-09 / 5.667996e-01
PCG: 3 : 7.614250e-09 / 6.771753e-01
PCG: 4 : 7.922672e-09 / 7.046049e-01
PCG: 5 : 7.352462e-09 / 6.538931e-01
PCG: 6 : 8.124466e-09 / 7.225515e-01
PCG: 7 : 7.106034e-09 / 6.319770e-01
PCG: 8 : 9.036889e-09 / 8.036981e-01
PCG: 9 : 1.179526e-08 / 1.049014e+00
PCG: 0 : 1.179525e-08
PCG: 1 : 8.866219e-09 / 7.516769e-01
PCG: 2 : 6.824145e-09 / 5.785501e-01
PCG: 3 : 7.711709e-09 / 6.537976e-01
PCG: 4 : 6.895478e-09 / 5.845977e-01
PCG: 5 : 7.364916e-09 / 6.243966e-01
PCG: 6 : 6.995949e-09 / 5.931156e-01
PCG: 7 : 5.789161e-09 / 4.908043e-01
PCG: 8 : 7.736264e-09 / 6.558794e-01
PCG: 9 : 9.878062e-09 / 8.374608e-01
PCG: 0 : 9.878065e-09
PCG: 1 : 7.612819e-09 / 7.706792e-01
PCG: 2 : 5.596867e-09 / 5.665956e-01
PCG: 3 : 6.695063e-09 / 6.777707e-01
PCG: 4 : 6.967895e-09 / 7.053908e-01
PCG: 5 : 6.464193e-09 / 6.543987e-01
PCG: 6 : 7.139830e-09 / 7.227964e-01
PCG: 7 : 6.234897e-09 / 6.311861e-01
PCG: 8 : 7.935756e-09 / 8.033715e-01
PCG: 9 : 1.036463e-08 / 1.049257e+00
PCG: 0 : 1.036462e-08
PCG: 1 : 7.787027e-09 / 7.513087e-01
PCG: 2 : 5.990429e-09 / 5.779691e-01
PCG: 3 : 6.778686e-09 / 6.540219e-01
PCG: 4 : 6.062950e-09 / 5.849661e-01
PCG: 5 : 6.475080e-09 / 6.247294e-01
PCG: 6 : 6.148677e-09 / 5.932372e-01
PCG: 7 : 5.080418e-09 / 4.901694e-01
PCG: 8 : 6.791161e-09 / 6.552255e-01
PCG: 9 : 8.675791e-09 / 8.370585e-01
PCG: 0 : 8.675785e-09
PCG: 1 : 6.683317e-09 / 7.703414e-01
PCG: 2 : 4.913496e-09 / 5.663460e-01
PCG: 3 : 5.885394e-09 / 6.783702e-01
PCG: 4 : 6.126151e-09 / 7.061206e-01
PCG: 5 : 5.682613e-09 / 6.549969e-01
PCG: 6 : 6.272882e-09 / 7.230334e-01
PCG: 7 : 5.470940e-09 / 6.305988e-01
PCG: 8 : 6.968095e-09 / 8.031659e-01
PCG: 9 : 9.104641e-09 / 1.049431e+00
PCG: 0 : 9.104643e-09
PCG: 1 : 6.839175e-09 / 7.511744e-01
PCG: 2 : 5.260287e-09 / 5.777587e-01
PCG: 3 : 5.958297e-09 / 6.544240e-01
PCG: 4 : 5.331770e-09 / 5.856100e-01
PCG: 5 : 5.693869e-09 / 6.253808e-01
PCG: 6 : 5.404855e-09 / 5.936372e-01
PCG: 7 : 4.458526e-09 / 4.896981e-01
PCG: 8 : 5.962116e-09 / 6.548434e-01
PCG: 9 : 7.623501e-09 / 8.373201e-01
PCG: 0 : 7.623504e-09
PCG: 1 : 5.868932e-09 / 7.698470e-01
PCG: 2 : 4.314243e-09 / 5.659133e-01
PCG: 3 : 5.175323e-09 / 6.788641e-01
PCG: 4 : 5.387648e-09 / 7.067154e-01
PCG: 5 : 4.996459e-09 / 6.554018e-01
PCG: 6 : 5.511748e-09 / 7.229940e-01
PCG: 7 : 4.801200e-09 / 6.297891e-01
PCG: 8 : 6.119303e-09 / 8.026890e-01
PCG: 9 : 7.999706e-09 / 1.049348e+00
PCG: 0 : 7.999710e-09
PCG: 1 : 6.006612e-09 / 7.508537e-01
PCG: 2 : 4.617849e-09 / 5.772520e-01
PCG: 3 : 5.236715e-09 / 6.546130e-01
PCG: 4 : 4.687591e-09 / 5.859700e-01
PCG: 5 : 5.005720e-09 / 6.257377e-01
PCG: 6 : 4.750237e-09 / 5.938011e-01
PCG: 7 : 3.913407e-09 / 4.891936e-01
PCG: 8 : 5.235369e-09 / 6.544448e-01
PCG: 9 : 6.696338e-09 / 8.370726e-01
PCG: 0 : 6.696336e-09
PCG: 1 : 5.155137e-09 / 7.698444e-01
PCG: 2 : 3.789614e-09 / 5.659234e-01
PCG: 3 : 4.549987e-09 / 6.794741e-01
PCG: 4 : 4.737559e-09 / 7.074853e-01
PCG: 5 : 4.392694e-09 / 6.559847e-01
PCG: 6 : 4.843791e-09 / 7.233494e-01
PCG: 7 : 4.214732e-09 / 6.294087e-01
PCG: 8 : 5.376489e-09 / 8.029000e-01
PCG: 9 : 7.032149e-09 / 1.050149e+00
PCG: 0 : 7.032151e-09
PCG: 1 : 5.279064e-09 / 7.507040e-01
PCG: 2 : 4.056866e-09 / 5.769026e-01
PCG: 3 : 4.604033e-09 / 6.547119e-01
PCG: 4 : 4.122873e-09 / 5.862890e-01
PCG: 5 : 4.401381e-09 / 6.258940e-01
PCG: 6 : 4.175847e-09 / 5.938221e-01
PCG: 7 : 3.436070e-09 / 4.886228e-01
PCG: 8 : 4.596734e-09 / 6.536739e-01
PCG: 9 : 5.881988e-09 / 8.364422e-01
PCG: 0 : 5.881991e-09
PCG: 1 : 4.526479e-09 / 7.695488e-01
PCG: 2 : 3.328128e-09 / 5.658165e-01
PCG: 3 : 4.000085e-09 / 6.800563e-01
PCG: 4 : 4.165966e-09 / 7.082579e-01
PCG: 5 : 3.862368e-09 / 6.566429e-01
PCG: 6 : 4.257581e-09 / 7.238333e-01
PCG: 7 : 3.701472e-09 / 6.292889e-01
PCG: 8 : 4.723132e-09 / 8.029819e-01
PCG: 9 : 6.180501e-09 / 1.050750e+00
PCG: 0 : 6.180502e-09
PCG: 1 : 4.638252e-09 / 7.504652e-01
PCG: 2 : 3.563815e-09 / 5.766222e-01
PCG: 3 : 4.047821e-09 / 6.549340e-01
PCG: 4 : 3.625720e-09 / 5.866384e-01
PCG: 5 : 3.870331e-09 / 6.262163e-01
PCG: 6 : 3.670644e-09 / 5.939070e-01
PCG: 7 : 3.016647e-09 / 4.880909e-01
PCG: 8 : 4.037306e-09 / 6.532328e-01
PCG: 9 : 5.168545e-09 / 8.362661e-01
PCG: 0 : 5.168545e-09
PCG: 1 : 3.976276e-09 / 7.693222e-01
PCG: 2 : 2.923411e-09 / 5.656159e-01
PCG: 3 : 3.516903e-09 / 6.804436e-01
PCG: 4 : 3.663602e-09 / 7.088266e-01
PCG: 5 : 3.395971e-09 / 6.570460e-01
PCG: 6 : 3.741911e-09 / 7.239777e-01
PCG: 7 : 3.249736e-09 / 6.287525e-01
PCG: 8 : 4.149023e-09 / 8.027449e-01
PCG: 9 : 5.432356e-09 / 1.051042e+00
PCG: 0 : 5.432356e-09
PCG: 1 : 4.075487e-09 / 7.502245e-01
PCG: 2 : 3.130427e-09 / 5.762559e-01
PCG: 3 : 3.558718e-09 / 6.550967e-01
PCG: 4 : 3.187774e-09 / 5.868125e-01
PCG: 5 : 3.403289e-09 / 6.264849e-01
PCG: 6 : 3.226625e-09 / 5.939641e-01
PCG: 7 : 2.649893e-09 / 4.877980e-01
PCG: 8 : 3.546737e-09 / 6.528911e-01
PCG: 9 : 4.541009e-09 / 8.359188e-01
PCG: 0 : 4.541007e-09
PCG: 1 : 3.493596e-09 / 7.693439e-01
PCG: 2 : 2.568574e-09 / 5.656397e-01
PCG: 3 : 3.091796e-09 / 6.808612e-01
PCG: 4 : 3.220962e-09 / 7.093057e-01
PCG: 5 : 2.985388e-09 / 6.574287e-01
PCG: 6 : 3.288321e-09 / 7.241392e-01
PCG: 7 : 2.853537e-09 / 6.283930e-01
PCG: 8 : 3.645382e-09 / 8.027694e-01
PCG: 9 : 4.774121e-09 / 1.051335e+00
PCG: 0 : 4.774122e-09
PCG: 1 : 3.581226e-09 / 7.501330e-01
PCG: 2 : 2.750252e-09 / 5.760751e-01
PCG: 3 : 3.128692e-09 / 6.553440e-01
PCG: 4 : 2.803404e-09 / 5.872084e-01
PCG: 5 : 2.992646e-09 / 6.268474e-01
PCG: 6 : 2.836780e-09 / 5.941994e-01
PCG: 7 : 2.327504e-09 / 4.875251e-01
PCG: 8 : 3.116088e-09 / 6.527040e-01
PCG: 9 : 3.991745e-09 / 8.361213e-01
PCG: 0 : 3.991742e-09
PCG: 1 : 3.069713e-09 / 7.690160e-01
PCG: 2 : 2.256734e-09 / 5.653507e-01
PCG: 3 : 2.718924e-09 / 6.811372e-01
PCG: 4 : 2.832869e-09 / 7.096823e-01
PCG: 5 : 2.625536e-09 / 6.577420e-01
PCG: 6 : 2.890809e-09 / 7.241973e-01
PCG: 7 : 2.506582e-09 / 6.279419e-01
PCG: 8 : 3.203249e-09 / 8.024690e-01
PCG: 9 : 4.196590e-09 / 1.051318e+00
PCG: 0 : 4.196589e-09
PCG: 1 : 3.146928e-09 / 7.498778e-01
PCG: 2 : 2.416365e-09 / 5.757927e-01
PCG: 3 : 2.750554e-09 / 6.554261e-01
PCG: 4 : 2.465166e-09 / 5.874214e-01
PCG: 5 : 2.631482e-09 / 6.270527e-01
PCG: 6 : 2.493929e-09 / 5.942752e-01
PCG: 7 : 2.044393e-09 / 4.871559e-01
PCG: 8 : 2.737527e-09 / 6.523219e-01
PCG: 9 : 3.507816e-09 / 8.358731e-01
PCG: 0 : 3.507813e-09
PCG: 1 : 2.697311e-09 / 7.689440e-01
PCG: 2 : 1.983092e-09 / 5.653358e-01
PCG: 3 : 2.390424e-09 / 6.814570e-01
PCG: 4 : 2.491041e-09 / 7.101409e-01
PCG: 5 : 2.307997e-09 / 6.579591e-01
PCG: 6 : 2.540938e-09 / 7.243654e-01
PCG: 7 : 2.201356e-09 / 6.275581e-01
PCG: 8 : 2.814986e-09 / 8.024903e-01
PCG: 9 : 3.689065e-09 / 1.051671e+00
PCG: 0 : 3.689065e-09
PCG: 1 : 2.765743e-09 / 7.497137e-01
PCG: 2 : 2.122926e-09 / 5.754645e-01
PCG: 3 : 2.418257e-09 / 6.555203e-01
PCG: 4 : 2.167420e-09 / 5.875255e-01
PCG: 5 : 2.313615e-09 / 6.271546e-01
PCG: 6 : 2.192511e-09 / 5.943269e-01
PCG: 7 : 1.796372e-09 / 4.869451e-01
PCG: 8 : 2.405436e-09 / 6.520448e-01
PCG: 9 : 3.082741e-09 / 8.356427e-01
PCG: 0 : 3.082742e-09
PCG: 1 : 2.370411e-09 / 7.689294e-01
PCG: 2 : 1.742934e-09 / 5.653843e-01
PCG: 3 : 2.101783e-09 / 6.817903e-01
PCG: 4 : 2.190203e-09 / 7.104723e-01
PCG: 5 : 2.029196e-09 / 6.582440e-01
PCG: 6 : 2.233420e-09 / 7.244915e-01
PCG: 7 : 1.933741e-09 / 6.272797e-01
PCG: 8 : 2.473653e-09 / 8.024198e-01
PCG: 9 : 3.242686e-09 / 1.051884e+00
PCG: 0 : 3.242689e-09
PCG: 1 : 2.430767e-09 / 7.496146e-01
PCG: 2 : 1.865556e-09 / 5.753114e-01
PCG: 3 : 2.125969e-09 / 6.556192e-01
PCG: 4 : 1.906104e-09 / 5.878160e-01
PCG: 5 : 2.034608e-09 / 6.274447e-01
PCG: 6 : 1.927646e-09 / 5.944594e-01
PCG: 7 : 1.578265e-09 / 4.867149e-01
PCG: 8 : 2.113804e-09 / 6.518677e-01
PCG: 9 : 2.710014e-09 / 8.357305e-01
PCG: 0 : 2.710020e-09
PCG: 1 : 2.083103e-09 / 7.686670e-01
PCG: 2 : 1.531731e-09 / 5.652101e-01
PCG: 3 : 1.848554e-09 / 6.821182e-01
PCG: 4 : 1.926252e-09 / 7.107887e-01
PCG: 5 : 1.784475e-09 / 6.584730e-01
PCG: 6 : 1.963199e-09 / 7.244222e-01
PCG: 7 : 1.698819e-09 / 6.268659e-01
PCG: 8 : 2.173794e-09 / 8.021321e-01
PCG: 9 : 2.850521e-09 / 1.051845e+00
PCG: 0 : 2.850520e-09
PCG: 1 : 2.136338e-09 / 7.494556e-01
PCG: 2 : 1.639350e-09 / 5.751058e-01
PCG: 3 : 1.869335e-09 / 6.557875e-01
PCG: 4 : 1.676228e-09 / 5.880428e-01
PCG: 5 : 1.789472e-09 / 6.277705e-01
PCG: 6 : 1.695109e-09 / 5.946665e-01
PCG: 7 : 1.387234e-09 / 4.866600e-01
PCG: 8 : 1.858393e-09 / 6.519490e-01
PCG: 9 : 2.382588e-09 / 8.358433e-01
PCG: 0 : 2.382584e-09
PCG: 1 : 1.831700e-09 / 7.687868e-01
PCG: 2 : 1.346695e-09 / 5.652243e-01
PCG: 3 : 1.625487e-09 / 6.822370e-01
PCG: 4 : 1.693997e-09 / 7.109916e-01
PCG: 5 : 1.568870e-09 / 6.584739e-01
PCG: 6 : 1.726016e-09 / 7.244301e-01
PCG: 7 : 1.492623e-09 / 6.264722e-01
PCG: 8 : 1.910628e-09 / 8.019142e-01
PCG: 9 : 2.505908e-09 / 1.051760e+00
PCG: 0 : 2.505909e-09
PCG: 1 : 1.877967e-09 / 7.494154e-01
PCG: 2 : 1.440843e-09 / 5.749784e-01
PCG: 3 : 1.643481e-09 / 6.558421e-01
PCG: 4 : 1.473937e-09 / 5.881844e-01
PCG: 5 : 1.573123e-09 / 6.277654e-01
PCG: 6 : 1.490452e-09 / 5.947749e-01
PCG: 7 : 1.219022e-09 / 4.864591e-01
PCG: 8 : 1.633122e-09 / 6.517085e-01
PCG: 9 : 2.094494e-09 / 8.358222e-01
PCG: 0 : 2.094498e-09
PCG: 1 : 1.609661e-09 / 7.685187e-01
PCG: 2 : 1.183445e-09 / 5.650255e-01
PCG: 3 : 1.429257e-09 / 6.823867e-01
PCG: 4 : 1.489650e-09 / 7.112204e-01
PCG: 5 : 1.379633e-09 / 6.586941e-01
PCG: 6 : 1.517340e-09 / 7.244409e-01
PCG: 7 : 1.311858e-09 / 6.263353e-01
PCG: 8 : 1.679329e-09 / 8.017811e-01
PCG: 9 : 2.202711e-09 / 1.051666e+00
PCG: 0 : 2.202712e-09
PCG: 1 : 1.650688e-09 / 7.493892e-01
PCG: 2 : 1.266542e-09 / 5.749922e-01
PCG: 3 : 1.445133e-09 / 6.560699e-01
PCG: 4 : 1.296231e-09 / 5.884705e-01
PCG: 5 : 1.383410e-09 / 6.280487e-01
PCG: 6 : 1.310410e-09 / 5.949078e-01
PCG: 7 : 1.071018e-09 / 4.862273e-01
PCG: 8 : 1.435242e-09 / 6.515797e-01
PCG: 9 : 1.841250e-09 / 8.359016e-01
PCG: 0 : 1.841252e-09
PCG: 1 : 1.414868e-09 / 7.684270e-01
PCG: 2 : 1.039952e-09 / 5.648071e-01
PCG: 3 : 1.256685e-09 / 6.825168e-01
PCG: 4 : 1.309941e-09 / 7.114406e-01
PCG: 5 : 1.213062e-09 / 6.588244e-01
PCG: 6 : 1.333996e-09 / 7.245048e-01
PCG: 7 : 1.152771e-09 / 6.260802e-01
PCG: 8 : 1.476179e-09 / 8.017259e-01
PCG: 9 : 1.936707e-09 / 1.051843e+00
PCG: 0 : 1.936707e-09
PCG: 1 : 1.451294e-09 / 7.493619e-01
PCG: 2 : 1.113210e-09 / 5.747954e-01
PCG: 3 : 1.270807e-09 / 6.561689e-01
PCG: 4 : 1.139737e-09 / 5.884925e-01
PCG: 5 : 1.216472e-09 / 6.281137e-01
PCG: 6 : 1.151994e-09 / 5.948209e-01
PCG: 7 : 9.413421e-10 / 4.860530e-01
PCG: 8 : 1.261665e-09 / 6.514489e-01
PCG: 9 : 1.618409e-09 / 8.356502e-01
PCG: 0 : 1.618408e-09
PCG: 1 : 1.243776e-09 / 7.685177e-01
PCG: 2 : 9.144274e-10 / 5.650164e-01
PCG: 3 : 1.105048e-09 / 6.827993e-01
PCG: 4 : 1.151821e-09 / 7.116997e-01
PCG: 5 : 1.066637e-09 / 6.590655e-01
PCG: 6 : 1.173015e-09 / 7.247953e-01
PCG: 7 : 1.013422e-09 / 6.261844e-01
PCG: 8 : 1.298006e-09 / 8.020264e-01
PCG: 9 : 1.703072e-09 / 1.052313e+00
PCG: 0 : 1.703071e-09
PCG: 1 : 1.276075e-09 / 7.492790e-01
PCG: 2 : 9.787324e-10 / 5.746868e-01
PCG: 3 : 1.117395e-09 / 6.561061e-01
PCG: 4 : 1.002230e-09 / 5.884842e-01
PCG: 5 : 1.069501e-09 / 6.279836e-01
PCG: 6 : 1.012884e-09 / 5.947399e-01
PCG: 7 : 8.272178e-10 / 4.857213e-01
PCG: 8 : 1.108682e-09 / 6.509900e-01
PCG: 9 : 1.422509e-09 / 8.352610e-01
PCG: 0 : 1.422510e-09
PCG: 1 : 1.093119e-09 / 7.684444e-01
PCG: 2 : 8.035600e-10 / 5.648890e-01
PCG: 3 : 9.716036e-10 / 6.830208e-01
PCG: 4 : 1.012860e-09 / 7.120234e-01
PCG: 5 : 9.380265e-10 / 6.594167e-01
PCG: 6 : 1.031394e-09 / 7.250522e-01
PCG: 7 : 8.907547e-10 / 6.261854e-01
PCG: 8 : 1.141080e-09 / 8.021597e-01
PCG: 9 : 1.497667e-09 / 1.052835e+00
PCG: 0 : 1.497670e-09
PCG: 1 : 1.121805e-09 / 7.490336e-01
PCG: 2 : 8.604886e-10 / 5.745516e-01
PCG: 3 : 9.826078e-10 / 6.560911e-01
PCG: 4 : 8.814777e-10 / 5.885661e-01
PCG: 5 : 9.405882e-10 / 6.280344e-01
PCG: 6 : 8.906124e-10 / 5.946654e-01
PCG: 7 : 7.270387e-10 / 4.854466e-01
PCG: 8 : 9.747373e-10 / 6.508359e-01
PCG: 9 : 1.250632e-09 / 8.350517e-01
PCG: 0 : 1.250633e-09
PCG: 1 : 9.609864e-10 / 7.684003e-01
PCG: 2 : 7.064080e-10 / 5.648406e-01
PCG: 3 : 8.543007e-10 / 6.830949e-01
PCG: 4 : 8.907596e-10 / 7.122473e-01
PCG: 5 : 8.248331e-10 / 6.595327e-01
PCG: 6 : 9.069666e-10 / 7.252063e-01
PCG: 7 : 7.828827e-10 / 6.259894e-01
PCG: 8 : 1.003221e-09 / 8.021710e-01
PCG: 9 : 1.316895e-09 / 1.052983e+00

PCG ( VCycle ( S: Scale / C: Scale )  )

Complete solver TOE: 164.714
2.28575 GFlop/s [2.28575 GFlops/s]

Total time: 164.714s
Accumulated op time: 159.334

Reductions: 6.63313%
Blas-1: 6.81679%
Blas-2: 83.2841%
Precon Kernels: 0%
MPI Execution: 0%
MPI Wait: 0%
Not covered: 3.26598%

Domain size: 191.66 MByte
LA size: 478.188 MByte
MPI size: 10.6544 MByte

H0-Error: 4.315753e-07
H1-Error: 2.017209e-03

Writing DATA to output.data...
Run-Time: 2:46.962 [2:46.962]
0x31d198e880 Error: MemoryPool<CPU> still contains memory chunks on deconstructor call
