NUM-PROCS: 1
Preparing domain...
LVL-MIN: 6 [6]
LVL-MAX: 11 [11]
Creating gates...
Assembling system matrices...
Assembling system filters...
Assembling transfer matrices...
Converting assembled linear system from SparseMatrixCSR, Mem:main to SparseMatrixCSR, Mem:mainand to SparseMatrixCSR, Mem:main...
PCG:  0 : 4.717541e-03
PCG:  1 : 4.205080e-02 / 8.913712e+00
PCG:  2 : 4.710787e-02 / 9.985682e+00
PCG:  3 : 1.160510e-01 / 2.459989e+01
PCG:  4 : 1.784998e-01 / 3.783746e+01
PCG:  5 : 1.558436e-01 / 3.303492e+01
PCG:  6 : 1.603725e-01 / 3.399493e+01
PCG:  7 : 1.179059e-01 / 2.499309e+01
PCG:  8 : 1.145218e-01 / 2.427574e+01
PCG:  9 : 1.609731e-01 / 3.412223e+01
PCG: 10 : 1.548388e-01 / 3.282193e+01
PCG: 11 : 1.180857e-01 / 2.503120e+01
PCG: 12 : 7.776166e-02 / 1.648351e+01
PCG: 13 : 7.020310e-02 / 1.488129e+01
PCG:  0 : 7.018556e-02
PCG:  1 : 6.677961e-02 / 9.514722e-01
PCG:  2 : 6.115083e-02 / 8.712738e-01
PCG:  3 : 6.542044e-02 / 9.321069e-01
PCG:  4 : 5.128463e-02 / 7.307006e-01
PCG:  5 : 3.193298e-02 / 4.549794e-01
PCG:  6 : 3.422725e-02 / 4.876680e-01
PCG:  7 : 3.967449e-02 / 5.652800e-01
PCG:  8 : 3.190805e-02 / 4.546242e-01
PCG:  9 : 2.346862e-02 / 3.343797e-01
PCG: 10 : 1.992597e-02 / 2.839041e-01
PCG: 11 : 2.557540e-02 / 3.643970e-01
PCG: 12 : 2.956814e-02 / 4.212853e-01
PCG: 13 : 2.231715e-02 / 3.179735e-01
PCG:  0 : 2.231716e-02
PCG:  1 : 1.526702e-02 / 6.840932e-01
PCG:  2 : 1.503842e-02 / 6.738502e-01
PCG:  3 : 1.146186e-02 / 5.135898e-01
PCG:  4 : 1.118832e-02 / 5.013326e-01
PCG:  5 : 1.097318e-02 / 4.916926e-01
PCG:  6 : 1.246279e-02 / 5.584401e-01
PCG:  7 : 1.423005e-02 / 6.376284e-01
PCG:  8 : 1.171970e-02 / 5.251433e-01
PCG:  9 : 1.270728e-02 / 5.693949e-01
PCG: 10 : 1.532010e-02 / 6.864716e-01
PCG: 11 : 1.593583e-02 / 7.140617e-01
PCG: 12 : 1.582446e-02 / 7.090713e-01
PCG: 13 : 1.663641e-02 / 7.454540e-01
PCG:  0 : 1.663642e-02
PCG:  1 : 1.285561e-02 / 7.727391e-01
PCG:  2 : 1.010927e-02 / 6.076586e-01
PCG:  3 : 9.842649e-03 / 5.916325e-01
PCG:  4 : 7.241202e-03 / 4.352619e-01
PCG:  5 : 5.760177e-03 / 3.462389e-01
PCG:  6 : 7.175986e-03 / 4.313419e-01
PCG:  7 : 6.532345e-03 / 3.926532e-01
PCG:  8 : 4.832183e-03 / 2.904580e-01
PCG:  9 : 3.885335e-03 / 2.335439e-01
PCG: 10 : 4.143606e-03 / 2.490683e-01
PCG: 11 : 5.756020e-03 / 3.459890e-01
PCG: 12 : 5.425328e-03 / 3.261115e-01
PCG: 13 : 6.891359e-03 / 4.142332e-01
PCG:  0 : 6.891354e-03
PCG:  1 : 4.931162e-03 / 7.155578e-01
PCG:  2 : 4.870306e-03 / 7.067270e-01
PCG:  3 : 3.381490e-03 / 4.906858e-01
PCG:  4 : 2.772113e-03 / 4.022595e-01
PCG:  5 : 3.343063e-03 / 4.851098e-01
PCG:  6 : 4.625972e-03 / 6.712719e-01
PCG:  7 : 4.879022e-03 / 7.079918e-01
PCG:  8 : 3.605945e-03 / 5.232564e-01
PCG:  9 : 3.842143e-03 / 5.575310e-01
PCG: 10 : 4.574436e-03 / 6.637934e-01
PCG: 11 : 4.533898e-03 / 6.579111e-01
PCG: 12 : 4.645654e-03 / 6.741278e-01
PCG: 13 : 5.688815e-03 / 8.255004e-01
PCG:  0 : 5.688821e-03
PCG:  1 : 4.018784e-03 / 7.064352e-01
PCG:  2 : 3.169493e-03 / 5.571440e-01
PCG:  3 : 3.219776e-03 / 5.659830e-01
PCG:  4 : 2.327585e-03 / 4.091506e-01
PCG:  5 : 1.868310e-03 / 3.284177e-01
PCG:  6 : 2.454303e-03 / 4.314256e-01
PCG:  7 : 2.316558e-03 / 4.072123e-01
PCG:  8 : 1.573901e-03 / 2.766656e-01
PCG:  9 : 1.195699e-03 / 2.101839e-01
PCG: 10 : 1.427433e-03 / 2.509189e-01
PCG: 11 : 1.874687e-03 / 3.295387e-01
PCG: 12 : 1.671841e-03 / 2.938819e-01
PCG: 13 : 2.345349e-03 / 4.122733e-01
PCG:  0 : 2.345348e-03
PCG:  1 : 1.677211e-03 / 7.151226e-01
PCG:  2 : 1.644056e-03 / 7.009857e-01
PCG:  3 : 1.180507e-03 / 5.033398e-01
PCG:  4 : 9.299007e-04 / 3.964873e-01
PCG:  5 : 1.162020e-03 / 4.954572e-01
PCG:  6 : 1.588684e-03 / 6.773765e-01
PCG:  7 : 1.683082e-03 / 7.176257e-01
PCG:  8 : 1.245369e-03 / 5.309952e-01
PCG:  9 : 1.285523e-03 / 5.481160e-01
PCG: 10 : 1.539093e-03 / 6.562324e-01
PCG: 11 : 1.506284e-03 / 6.422431e-01
PCG: 12 : 1.614920e-03 / 6.885630e-01
PCG: 13 : 1.946102e-03 / 8.297712e-01
PCG:  0 : 1.946107e-03
PCG:  1 : 1.386690e-03 / 7.125458e-01
PCG:  2 : 1.071862e-03 / 5.507724e-01
PCG:  3 : 1.079464e-03 / 5.546785e-01
PCG:  4 : 7.706962e-04 / 3.960194e-01
PCG:  5 : 6.577712e-04 / 3.379933e-01
PCG:  6 : 8.534604e-04 / 4.385475e-01
PCG:  7 : 7.967529e-04 / 4.094085e-01
PCG:  8 : 5.454816e-04 / 2.802937e-01
PCG:  9 : 3.979756e-04 / 2.044983e-01
PCG: 10 : 4.919291e-04 / 2.527760e-01
PCG: 11 : 6.338510e-04 / 3.257020e-01
PCG: 12 : 5.781668e-04 / 2.970889e-01
PCG: 13 : 7.998407e-04 / 4.109952e-01
PCG:  0 : 7.998410e-04
PCG:  1 : 5.720921e-04 / 7.152573e-01
PCG:  2 : 5.593105e-04 / 6.992772e-01
PCG:  3 : 4.102481e-04 / 5.129121e-01
PCG:  4 : 3.179567e-04 / 3.975250e-01
PCG:  5 : 4.085091e-04 / 5.107379e-01
PCG:  6 : 5.478308e-04 / 6.849247e-01
PCG:  7 : 5.789897e-04 / 7.238810e-01
PCG:  8 : 4.282935e-04 / 5.354733e-01
PCG:  9 : 4.282843e-04 / 5.354618e-01
PCG: 10 : 5.182594e-04 / 6.479531e-01
PCG: 11 : 5.081735e-04 / 6.353433e-01
PCG: 12 : 5.669541e-04 / 7.088336e-01
PCG: 13 : 6.687587e-04 / 8.361146e-01
PCG:  0 : 6.687586e-04
PCG:  1 : 4.815132e-04 / 7.200103e-01
PCG:  2 : 3.652380e-04 / 5.461432e-01
PCG:  3 : 3.613282e-04 / 5.402969e-01
PCG:  4 : 2.533873e-04 / 3.788920e-01
PCG:  5 : 2.291746e-04 / 3.426866e-01
PCG:  6 : 2.957284e-04 / 4.422049e-01
PCG:  7 : 2.731330e-04 / 4.084179e-01
PCG:  8 : 1.903117e-04 / 2.845745e-01
PCG:  9 : 1.355109e-04 / 2.026306e-01
PCG: 10 : 1.685097e-04 / 2.519738e-01
PCG: 11 : 2.147515e-04 / 3.211195e-01
PCG: 12 : 2.006610e-04 / 3.000500e-01
PCG: 13 : 2.724235e-04 / 4.073570e-01
PCG:  0 : 2.724237e-04
PCG:  1 : 1.958364e-04 / 7.188671e-01
PCG:  2 : 1.906798e-04 / 6.999384e-01
PCG:  3 : 1.414964e-04 / 5.193984e-01
PCG:  4 : 1.099514e-04 / 4.036042e-01
PCG:  5 : 1.438041e-04 / 5.278693e-01
PCG:  6 : 1.887487e-04 / 6.928496e-01
PCG:  7 : 1.984152e-04 / 7.283330e-01
PCG:  8 : 1.471435e-04 / 5.401275e-01
PCG:  9 : 1.432326e-04 / 5.257714e-01
PCG: 10 : 1.746498e-04 / 6.410962e-01
PCG: 11 : 1.727498e-04 / 6.341217e-01
PCG: 12 : 1.982750e-04 / 7.278183e-01
PCG: 13 : 2.280865e-04 / 8.372492e-01
PCG:  0 : 2.280865e-04
PCG:  1 : 1.667209e-04 / 7.309549e-01
PCG:  2 : 1.256025e-04 / 5.506791e-01
PCG:  3 : 1.217327e-04 / 5.337129e-01
PCG:  4 : 8.423613e-05 / 3.693166e-01
PCG:  5 : 7.998839e-05 / 3.506933e-01
PCG:  6 : 1.022214e-04 / 4.481695e-01
PCG:  7 : 9.313816e-05 / 4.083458e-01
PCG:  8 : 6.631805e-05 / 2.907583e-01
PCG:  9 : 4.677523e-05 / 2.050767e-01
PCG: 10 : 5.731587e-05 / 2.512901e-01
PCG: 11 : 7.295365e-05 / 3.198508e-01
PCG: 12 : 6.996233e-05 / 3.067360e-01
PCG: 13 : 9.270008e-05 / 4.064251e-01
PCG:  0 : 9.270009e-05
PCG:  1 : 6.739404e-05 / 7.270116e-01
PCG:  2 : 6.526802e-05 / 7.040771e-01
PCG:  3 : 4.837405e-05 / 5.218338e-01
PCG:  4 : 3.793170e-05 / 4.091873e-01
PCG:  5 : 5.032291e-05 / 5.428572e-01
PCG:  6 : 6.475268e-05 / 6.985180e-01
PCG:  7 : 6.789615e-05 / 7.324281e-01
PCG:  8 : 5.099248e-05 / 5.500801e-01
PCG:  9 : 4.852776e-05 / 5.234920e-01
PCG: 10 : 5.896857e-05 / 6.361220e-01
PCG: 11 : 5.905523e-05 / 6.370568e-01
PCG: 12 : 6.892817e-05 / 7.435610e-01
PCG: 13 : 7.712030e-05 / 8.319333e-01
PCG:  0 : 7.712020e-05
PCG:  1 : 5.756320e-05 / 7.464088e-01
PCG:  2 : 4.346289e-05 / 5.635733e-01
PCG:  3 : 4.121059e-05 / 5.343682e-01
PCG:  4 : 2.838844e-05 / 3.681065e-01
PCG:  5 : 2.808781e-05 / 3.642083e-01
PCG:  6 : 3.532036e-05 / 4.579910e-01
PCG:  7 : 3.166800e-05 / 4.106317e-01
PCG:  8 : 2.308284e-05 / 2.993099e-01
PCG:  9 : 1.623371e-05 / 2.104987e-01
PCG: 10 : 1.945622e-05 / 2.522844e-01
PCG: 11 : 2.496773e-05 / 3.237509e-01
PCG: 12 : 2.449952e-05 / 3.176797e-01
PCG: 13 : 3.149570e-05 / 4.083976e-01
PCG:  0 : 3.149571e-05
PCG:  1 : 2.332068e-05 / 7.404398e-01
PCG:  2 : 2.248842e-05 / 7.140153e-01
PCG:  3 : 1.646713e-05 / 5.228372e-01
PCG:  4 : 1.305313e-05 / 4.144416e-01
PCG:  5 : 1.754872e-05 / 5.571782e-01
PCG:  6 : 2.212986e-05 / 7.026309e-01
PCG:  7 : 2.320568e-05 / 7.367885e-01
PCG:  8 : 1.780563e-05 / 5.653350e-01
PCG:  9 : 1.657802e-05 / 5.263581e-01
PCG: 10 : 1.991981e-05 / 6.324612e-01
PCG: 11 : 2.030586e-05 / 6.447184e-01
PCG: 12 : 2.385018e-05 / 7.572517e-01
PCG: 13 : 2.592185e-05 / 8.230278e-01
PCG:  0 : 2.592187e-05
PCG:  1 : 1.985839e-05 / 7.660862e-01
PCG:  2 : 1.508738e-05 / 5.820329e-01
PCG:  3 : 1.396513e-05 / 5.387395e-01
PCG:  4 : 9.668660e-06 / 3.729924e-01
PCG:  5 : 9.919692e-06 / 3.826766e-01
PCG:  6 : 1.218874e-05 / 4.702106e-01
PCG:  7 : 1.075600e-05 / 4.149393e-01
PCG:  8 : 8.043385e-06 / 3.102934e-01
PCG:  9 : 5.661085e-06 / 2.183903e-01
PCG: 10 : 6.621326e-06 / 2.554340e-01
PCG: 11 : 8.613885e-06 / 3.323019e-01
PCG: 12 : 8.580927e-06 / 3.310304e-01
PCG: 13 : 1.069944e-05 / 4.127572e-01
PCG:  0 : 1.069945e-05
PCG:  1 : 8.103737e-06 / 7.573974e-01
PCG:  2 : 7.784081e-06 / 7.275215e-01
PCG:  3 : 5.597043e-06 / 5.231149e-01
PCG:  4 : 4.509346e-06 / 4.214558e-01
PCG:  5 : 6.129821e-06 / 5.729099e-01
PCG:  6 : 7.542774e-06 / 7.049683e-01
PCG:  7 : 7.947768e-06 / 7.428201e-01
PCG:  8 : 6.256182e-06 / 5.847199e-01
PCG:  9 : 5.690068e-06 / 5.318093e-01
PCG: 10 : 6.762369e-06 / 6.320295e-01
PCG: 11 : 7.027654e-06 / 6.568238e-01
PCG: 12 : 8.228087e-06 / 7.690195e-01
PCG: 13 : 8.713035e-06 / 8.143441e-01
PCG:  0 : 8.713029e-06
PCG:  1 : 6.870476e-06 / 7.885289e-01
PCG:  2 : 5.251912e-06 / 6.027653e-01
PCG:  3 : 4.739738e-06 / 5.439827e-01
PCG:  4 : 3.326183e-06 / 3.817482e-01
PCG:  5 : 3.525402e-06 / 4.046126e-01
PCG:  6 : 4.205898e-06 / 4.827136e-01
PCG:  7 : 3.660246e-06 / 4.200888e-01
PCG:  8 : 2.813578e-06 / 3.229162e-01
PCG:  9 : 1.992327e-06 / 2.286607e-01
PCG: 10 : 2.272994e-06 / 2.608730e-01
PCG: 11 : 2.989703e-06 / 3.431301e-01
PCG: 12 : 2.994041e-06 / 3.436280e-01
PCG: 13 : 3.645515e-06 / 4.183981e-01
PCG:  0 : 3.645514e-06
PCG:  1 : 2.825857e-06 / 7.751601e-01
PCG:  2 : 2.697463e-06 / 7.399403e-01
PCG:  3 : 1.907762e-06 / 5.233178e-01
PCG:  4 : 1.574420e-06 / 4.318788e-01
PCG:  5 : 2.150246e-06 / 5.898334e-01
PCG:  6 : 2.569947e-06 / 7.049615e-01
PCG:  7 : 2.735147e-06 / 7.502775e-01
PCG:  8 : 2.210008e-06 / 6.062267e-01
PCG:  9 : 1.964397e-06 / 5.388532e-01
PCG: 10 : 2.314674e-06 / 6.349378e-01
PCG: 11 : 2.438517e-06 / 6.689090e-01
PCG: 12 : 2.830408e-06 / 7.764086e-01
PCG: 13 : 2.947510e-06 / 8.085307e-01
PCG:  0 : 2.947506e-06
PCG:  1 : 2.388316e-06 / 8.102838e-01
PCG:  2 : 1.827031e-06 / 6.198568e-01
PCG:  3 : 1.612901e-06 / 5.472088e-01
PCG:  4 : 1.158352e-06 / 3.929940e-01
PCG:  5 : 1.263341e-06 / 4.286135e-01
PCG:  6 : 1.454954e-06 / 4.936222e-01
PCG:  7 : 1.249801e-06 / 4.240198e-01
PCG:  8 : 9.877717e-07 / 3.351212e-01
PCG:  9 : 7.152373e-07 / 2.426585e-01
PCG: 10 : 7.960062e-07 / 2.700610e-01
PCG: 11 : 1.043547e-06 / 3.540440e-01
PCG: 12 : 1.040096e-06 / 3.528731e-01
PCG: 13 : 1.252958e-06 / 4.250910e-01
PCG:  0 : 1.252957e-06
PCG:  1 : 9.890493e-07 / 7.893718e-01
PCG:  2 : 9.330756e-07 / 7.446985e-01
PCG:  3 : 6.549573e-07 / 5.227291e-01
PCG:  4 : 5.609918e-07 / 4.477341e-01
PCG:  5 : 7.595913e-07 / 6.062387e-01
PCG:  6 : 8.769724e-07 / 6.999220e-01
PCG:  7 : 9.454245e-07 / 7.545544e-01
PCG:  8 : 7.850347e-07 / 6.265454e-01
PCG:  9 : 6.865793e-07 / 5.479670e-01
PCG: 10 : 8.015172e-07 / 6.397002e-01
PCG: 11 : 8.448131e-07 / 6.742553e-01
PCG: 12 : 9.731144e-07 / 7.766540e-01
PCG: 13 : 1.011723e-06 / 8.074678e-01
PCG:  0 : 1.011725e-06
PCG:  1 : 8.373273e-07 / 8.276238e-01
PCG:  2 : 6.343821e-07 / 6.270305e-01
PCG:  3 : 5.523253e-07 / 5.459245e-01
PCG:  4 : 4.108711e-07 / 4.061096e-01
PCG:  5 : 4.587179e-07 / 4.534020e-01
PCG:  6 : 5.062479e-07 / 5.003812e-01
PCG:  7 : 4.274512e-07 / 4.224976e-01
PCG:  8 : 3.483584e-07 / 3.443214e-01
PCG:  9 : 2.657981e-07 / 2.627179e-01
PCG: 10 : 2.860976e-07 / 2.827821e-01
PCG: 11 : 3.640720e-07 / 3.598529e-01
PCG: 12 : 3.598877e-07 / 3.557171e-01
PCG: 13 : 4.361962e-07 / 4.311413e-01
PCG:  0 : 4.361963e-07
PCG:  1 : 3.472183e-07 / 7.960138e-01
PCG:  2 : 3.208789e-07 / 7.356294e-01
PCG:  3 : 2.279371e-07 / 5.225562e-01
PCG:  4 : 2.063704e-07 / 4.731135e-01
PCG:  5 : 2.716027e-07 / 6.226615e-01
PCG:  6 : 3.004810e-07 / 6.888664e-01
PCG:  7 : 3.283288e-07 / 7.527088e-01
PCG:  8 : 2.818354e-07 / 6.461205e-01
PCG:  9 : 2.453939e-07 / 5.625768e-01
PCG: 10 : 2.808528e-07 / 6.438680e-01
PCG: 11 : 2.903622e-07 / 6.656686e-01
PCG: 12 : 3.364800e-07 / 7.713957e-01
PCG: 13 : 3.546685e-07 / 8.130936e-01
PCG:  0 : 3.546691e-07
PCG:  1 : 2.972398e-07 / 8.380766e-01
PCG:  2 : 2.192165e-07 / 6.180875e-01
PCG:  3 : 1.908702e-07 / 5.381641e-01
PCG:  4 : 1.493362e-07 / 4.210579e-01
PCG:  5 : 1.691798e-07 / 4.770075e-01
PCG:  6 : 1.775066e-07 / 5.004852e-01
PCG:  7 : 1.461880e-07 / 4.121815e-01
PCG:  8 : 1.243052e-07 / 3.504822e-01
PCG:  9 : 1.024681e-07 / 2.889118e-01
PCG: 10 : 1.048580e-07 / 2.956501e-01
PCG: 11 : 1.262947e-07 / 3.560916e-01
PCG: 12 : 1.250055e-07 / 3.524568e-01
PCG: 13 : 1.542753e-07 / 4.349837e-01
PCG:  0 : 1.542753e-07
PCG:  1 : 1.222816e-07 / 7.926195e-01
PCG:  2 : 1.096170e-07 / 7.105286e-01
PCG:  3 : 8.091583e-08 / 5.244899e-01
PCG:  4 : 7.859715e-08 / 5.094604e-01
PCG:  5 : 9.836736e-08 / 6.376093e-01
PCG:  6 : 1.033351e-07 / 6.698095e-01
PCG:  7 : 1.146552e-07 / 7.431859e-01
PCG:  8 : 1.026217e-07 / 6.651855e-01
PCG:  9 : 8.963482e-08 / 5.810057e-01
PCG: 10 : 9.890081e-08 / 6.410671e-01
PCG: 11 : 9.880822e-08 / 6.404670e-01
PCG: 12 : 1.179973e-07 / 7.648488e-01
PCG: 13 : 1.268107e-07 / 8.219769e-01
PCG:  0 : 1.268104e-07
PCG:  1 : 1.065664e-07 / 8.403603e-01
PCG:  2 : 7.539420e-08 / 5.945429e-01
PCG:  3 : 6.670506e-08 / 5.260221e-01
PCG:  4 : 5.525007e-08 / 4.356904e-01
PCG:  5 : 6.259408e-08 / 4.936038e-01
PCG:  6 : 6.232027e-08 / 4.914446e-01
PCG:  7 : 5.012400e-08 / 3.952673e-01
PCG:  8 : 4.508046e-08 / 3.554950e-01
PCG:  9 : 3.974141e-08 / 3.133924e-01
PCG: 10 : 3.817054e-08 / 3.010049e-01
PCG: 11 : 4.341483e-08 / 3.423603e-01
PCG: 12 : 4.381832e-08 / 3.455421e-01
PCG: 13 : 5.497772e-08 / 4.335427e-01
PCG:  0 : 5.497761e-08
PCG:  1 : 4.299514e-08 / 7.820481e-01
PCG:  2 : 3.734601e-08 / 6.792949e-01
PCG:  3 : 2.926581e-08 / 5.323223e-01
PCG:  4 : 3.029166e-08 / 5.509818e-01
PCG:  5 : 3.572500e-08 / 6.498100e-01
PCG:  6 : 3.566200e-08 / 6.486641e-01
PCG:  7 : 4.035834e-08 / 7.340869e-01
PCG:  8 : 3.759395e-08 / 6.838048e-01
PCG:  9 : 3.281880e-08 / 5.969484e-01
PCG: 10 : 3.467114e-08 / 6.306410e-01
PCG: 11 : 3.361588e-08 / 6.114467e-01
PCG: 12 : 4.208018e-08 / 7.654058e-01
PCG: 13 : 4.566689e-08 / 8.306451e-01
PCG:  0 : 4.566685e-08
PCG:  1 : 3.811251e-08 / 8.345772e-01
PCG:  2 : 2.584407e-08 / 5.659262e-01
PCG:  3 : 2.346843e-08 / 5.139052e-01
PCG:  4 : 2.033816e-08 / 4.453593e-01
PCG:  5 : 2.277210e-08 / 4.986571e-01
PCG:  6 : 2.181048e-08 / 4.775997e-01
PCG:  7 : 1.739291e-08 / 3.808651e-01
PCG:  8 : 1.646433e-08 / 3.605312e-01
PCG:  9 : 1.500579e-08 / 3.285927e-01
PCG: 10 : 1.362317e-08 / 2.983163e-01
PCG: 11 : 1.488874e-08 / 3.260295e-01
PCG: 12 : 1.545981e-08 / 3.385347e-01
PCG: 13 : 1.951645e-08 / 4.273659e-01
PCG:  0 : 1.951645e-08
PCG:  1 : 1.502352e-08 / 7.697876e-01
PCG:  2 : 1.277386e-08 / 6.545175e-01
PCG:  3 : 1.064066e-08 / 5.452150e-01
PCG:  4 : 1.143836e-08 / 5.860879e-01
PCG:  5 : 1.284573e-08 / 6.582001e-01
PCG:  6 : 1.239131e-08 / 6.349161e-01
PCG:  7 : 1.427636e-08 / 7.315042e-01
PCG:  8 : 1.361466e-08 / 6.975991e-01
PCG:  9 : 1.183572e-08 / 6.064484e-01
PCG: 10 : 1.210862e-08 / 6.204315e-01
PCG: 11 : 1.157349e-08 / 5.930120e-01
PCG: 12 : 1.506258e-08 / 7.717889e-01
PCG: 13 : 1.632993e-08 / 8.367264e-01
PCG:  0 : 1.632989e-08
PCG:  1 : 1.349610e-08 / 8.264661e-01
PCG:  2 : 8.885792e-09 / 5.441427e-01
PCG:  3 : 8.273292e-09 / 5.066348e-01
PCG:  4 : 7.349799e-09 / 4.500825e-01
PCG:  5 : 8.123853e-09 / 4.974835e-01
PCG:  6 : 7.660595e-09 / 4.691148e-01
PCG:  7 : 6.127318e-09 / 3.752209e-01
PCG:  8 : 5.969278e-09 / 3.655430e-01
PCG:  9 : 5.501492e-09 / 3.368970e-01
PCG: 10 : 4.820789e-09 / 2.952125e-01
PCG: 11 : 5.123914e-09 / 3.137751e-01
PCG: 12 : 5.435446e-09 / 3.328525e-01
PCG: 13 : 6.887412e-09 / 4.217671e-01
PCG:  0 : 6.887416e-09
PCG:  1 : 5.222784e-09 / 7.583082e-01
PCG:  2 : 4.400912e-09 / 6.389787e-01
PCG:  3 : 3.846182e-09 / 5.584362e-01
PCG:  4 : 4.201737e-09 / 6.100600e-01
PCG:  5 : 4.570092e-09 / 6.635423e-01
PCG:  6 : 4.342348e-09 / 6.304757e-01
PCG:  7 : 5.054595e-09 / 7.338884e-01
PCG:  8 : 4.847263e-09 / 7.037854e-01
PCG:  9 : 4.207105e-09 / 6.108394e-01
PCG: 10 : 4.239320e-09 / 6.155167e-01
PCG: 11 : 4.022383e-09 / 5.840192e-01
PCG: 12 : 5.348558e-09 / 7.765696e-01
PCG: 13 : 5.791481e-09 / 8.408786e-01
PCG:  0 : 5.791493e-09
PCG:  1 : 4.736515e-09 / 8.178401e-01
PCG:  2 : 3.067811e-09 / 5.297099e-01
PCG:  3 : 2.914281e-09 / 5.032004e-01
PCG:  4 : 2.617182e-09 / 4.519011e-01
PCG:  5 : 2.866610e-09 / 4.949691e-01
PCG:  6 : 2.704402e-09 / 4.669612e-01
PCG:  7 : 2.177290e-09 / 3.759463e-01
PCG:  8 : 2.140280e-09 / 3.695558e-01
PCG:  9 : 1.982273e-09 / 3.422732e-01
PCG: 10 : 1.706598e-09 / 2.946732e-01
PCG: 11 : 1.771605e-09 / 3.058978e-01
PCG: 12 : 1.899649e-09 / 3.280068e-01
PCG: 13 : 2.420310e-09 / 4.179079e-01
PCG:  0 : 2.420311e-09
PCG:  1 : 1.813788e-09 / 7.494028e-01
PCG:  2 : 1.525641e-09 / 6.303490e-01
PCG:  3 : 1.379874e-09 / 5.701224e-01
PCG:  4 : 1.514279e-09 / 6.256546e-01
PCG:  5 : 1.617167e-09 / 6.681648e-01
PCG:  6 : 1.531878e-09 / 6.329259e-01
PCG:  7 : 1.789719e-09 / 7.394581e-01
PCG:  8 : 1.709801e-09 / 7.064384e-01
PCG:  9 : 1.486004e-09 / 6.139725e-01
PCG: 10 : 1.490152e-09 / 6.156863e-01
PCG: 11 : 1.402024e-09 / 5.792745e-01
PCG: 12 : 1.883632e-09 / 7.782604e-01
PCG: 13 : 2.041749e-09 / 8.435893e-01
PCG:  0 : 2.041751e-09
PCG:  1 : 1.656707e-09 / 8.114148e-01
PCG:  2 : 1.063692e-09 / 5.209705e-01
PCG:  3 : 1.027777e-09 / 5.033803e-01
PCG:  4 : 9.276966e-10 / 4.543632e-01
PCG:  5 : 1.010453e-09 / 4.948953e-01
PCG:  6 : 9.592829e-10 / 4.698334e-01
PCG:  7 : 7.765248e-10 / 3.803230e-01
PCG:  8 : 7.631454e-10 / 3.737701e-01
PCG:  9 : 7.084266e-10 / 3.469701e-01
PCG: 10 : 6.048202e-10 / 2.962263e-01
PCG: 11 : 6.151378e-10 / 3.012795e-01
PCG: 12 : 6.623985e-10 / 3.244267e-01
PCG: 13 : 8.491978e-10 / 4.159164e-01
PCG:  0 : 8.491979e-10
PCG:  1 : 6.304569e-10 / 7.424145e-01
PCG:  2 : 5.306839e-10 / 6.249236e-01
PCG:  3 : 4.922163e-10 / 5.796249e-01
PCG:  4 : 5.410171e-10 / 6.370919e-01
PCG:  5 : 5.719807e-10 / 6.735541e-01
PCG:  6 : 5.429064e-10 / 6.393167e-01
PCG:  7 : 6.346850e-10 / 7.473935e-01
PCG:  8 : 6.024925e-10 / 7.094842e-01
PCG:  9 : 5.242827e-10 / 6.173857e-01
PCG: 10 : 5.245917e-10 / 6.177496e-01
PCG: 11 : 4.891462e-10 / 5.760097e-01
PCG: 12 : 6.598502e-10 / 7.770275e-01
PCG: 13 : 7.168542e-10 / 8.441544e-01

PCG ( VCycle ( S: Scale / C: Scale )  )

Complete solver TOE: 139.151
1.98048 GFlop/s [1.98048 GFlops/s]

Total time: 139.151s
Accumulated op time: 135.033

Reductions: 5.71459%
Blas-1: 6.52508%
Blas-2: 84.8009%
Precon Kernels: 0%
MPI Execution: 0%
MPI Wait: 0%
Not covered: 2.95941%

Domain size: 768.674 MByte
LA size: 1930.82 MByte
MPI size: 42.7179 MByte

H0-Error: 1.077478e-07
H1-Error: 1.008605e-03

Writing DATA to output.data...
Run-Time: 2:28.387 [2:28.387]
0x31d198e880 Error: MemoryPool<CPU> still contains memory chunks on deconstructor call
