NUM-PROCS: 1
Preparing domain...
LVL-MIN: 5 [5]
LVL-MAX: 7 [7]
Creating gates...
Assembling system matrices...
Assembling system filters...
Assembling transfer matrices...
Converting assembled linear system from SparseMatrixCSR, Mem:main to SparseMatrixELL, Mem:cudaand to SparseMatrixELL, Mem:cuda...
PCG: 0 : 7.572471e-02
PCG: 1 : 2.892992e-01 / 3.820407e+00
PCG: 2 : 2.174547e-01 / 2.871648e+00
PCG: 3 : 3.691247e-01 / 4.874560e+00
PCG: 4 : 3.153086e-01 / 4.163879e+00
PCG: 5 : 1.886789e-01 / 2.491642e+00
PCG: 6 : 2.114751e-01 / 2.792683e+00
PCG: 7 : 1.822090e-01 / 2.406203e+00
PCG: 0 : 1.841293e-01
PCG: 1 : 1.172484e-01 / 6.367719e-01
PCG: 2 : 5.728016e-02 / 3.110866e-01
PCG: 3 : 4.964195e-02 / 2.696037e-01
PCG: 4 : 3.922366e-02 / 2.130223e-01
PCG: 5 : 3.668485e-02 / 1.992342e-01
PCG: 6 : 3.003569e-02 / 1.631228e-01
PCG: 7 : 2.285464e-02 / 1.241227e-01
PCG: 0 : 2.285464e-02
PCG: 1 : 1.524067e-02 / 6.668527e-01
PCG: 2 : 1.394466e-02 / 6.101458e-01
PCG: 3 : 8.701909e-03 / 3.807503e-01
PCG: 4 : 8.951763e-03 / 3.916826e-01
PCG: 5 : 7.659902e-03 / 3.351575e-01
PCG: 6 : 1.158719e-02 / 5.069954e-01
PCG: 7 : 1.492574e-02 / 6.530727e-01
PCG: 0 : 1.492574e-02
PCG: 1 : 8.149513e-03 / 5.460041e-01
PCG: 2 : 5.289908e-03 / 3.544152e-01
PCG: 3 : 5.815816e-03 / 3.896502e-01
PCG: 4 : 5.523196e-03 / 3.700452e-01
PCG: 5 : 6.278939e-03 / 4.206786e-01
PCG: 6 : 5.753329e-03 / 3.854637e-01
PCG: 7 : 6.560011e-03 / 4.395101e-01
PCG: 0 : 6.560010e-03
PCG: 1 : 4.192908e-03 / 6.391618e-01
PCG: 2 : 3.688934e-03 / 5.623366e-01
PCG: 3 : 2.860611e-03 / 4.360680e-01
PCG: 4 : 2.625485e-03 / 4.002257e-01
PCG: 5 : 2.284480e-03 / 3.482433e-01
PCG: 6 : 3.229492e-03 / 4.922999e-01
PCG: 7 : 4.573750e-03 / 6.972169e-01
PCG: 0 : 4.573750e-03
PCG: 1 : 2.453196e-03 / 5.363642e-01
PCG: 2 : 1.478579e-03 / 3.232749e-01
PCG: 3 : 1.636885e-03 / 3.578868e-01
PCG: 4 : 1.574039e-03 / 3.441462e-01
PCG: 5 : 1.804102e-03 / 3.944471e-01
PCG: 6 : 1.735333e-03 / 3.794114e-01
PCG: 7 : 2.061059e-03 / 4.506277e-01
PCG: 0 : 2.061059e-03
PCG: 1 : 1.306101e-03 / 6.337040e-01
PCG: 2 : 1.089058e-03 / 5.283974e-01
PCG: 3 : 8.477878e-04 / 4.113361e-01
PCG: 4 : 7.662424e-04 / 3.717713e-01
PCG: 5 : 6.533847e-04 / 3.170142e-01
PCG: 6 : 9.582262e-04 / 4.649194e-01
PCG: 7 : 1.400433e-03 / 6.794727e-01
PCG: 0 : 1.400433e-03
PCG: 1 : 7.611094e-04 / 5.434815e-01
PCG: 2 : 4.407836e-04 / 3.147481e-01
PCG: 3 : 4.839789e-04 / 3.455923e-01
PCG: 4 : 4.686281e-04 / 3.346308e-01
PCG: 5 : 5.348109e-04 / 3.818896e-01
PCG: 6 : 5.327348e-04 / 3.804072e-01
PCG: 7 : 6.411319e-04 / 4.578097e-01
PCG: 0 : 6.411318e-04
PCG: 1 : 4.092472e-04 / 6.383199e-01
PCG: 2 : 3.327822e-04 / 5.190542e-01
PCG: 3 : 2.576142e-04 / 4.018117e-01
PCG: 4 : 2.294845e-04 / 3.579366e-01
PCG: 5 : 1.938658e-04 / 3.023805e-01
PCG: 6 : 2.905535e-04 / 4.531884e-01
PCG: 7 : 4.256827e-04 / 6.639550e-01
PCG: 0 : 4.256827e-04
PCG: 1 : 2.361811e-04 / 5.548291e-01
PCG: 2 : 1.348213e-04 / 3.167177e-01
PCG: 3 : 1.480565e-04 / 3.478096e-01
PCG: 4 : 1.439893e-04 / 3.382550e-01
PCG: 5 : 1.631835e-04 / 3.833453e-01
PCG: 6 : 1.647413e-04 / 3.870049e-01
PCG: 7 : 1.973907e-04 / 4.637038e-01
PCG: 0 : 1.973907e-04
PCG: 1 : 1.277112e-04 / 6.469969e-01
PCG: 2 : 1.034023e-04 / 5.238461e-01
PCG: 3 : 8.100617e-05 / 4.103850e-01
PCG: 4 : 7.154982e-05 / 3.624782e-01
PCG: 5 : 5.942651e-05 / 3.010603e-01
PCG: 6 : 8.926669e-05 / 4.522336e-01
PCG: 7 : 1.289953e-04 / 6.535026e-01
PCG: 0 : 1.289953e-04
PCG: 1 : 7.315485e-05 / 5.671124e-01
PCG: 2 : 4.203178e-05 / 3.258396e-01
PCG: 3 : 4.696754e-05 / 3.641027e-01
PCG: 4 : 4.585627e-05 / 3.554879e-01
PCG: 5 : 5.089508e-05 / 3.945498e-01
PCG: 6 : 5.100983e-05 / 3.954394e-01
PCG: 7 : 6.046383e-05 / 4.687289e-01
PCG: 0 : 6.046384e-05
PCG: 1 : 3.978759e-05 / 6.580394e-01
PCG: 2 : 3.276680e-05 / 5.419239e-01
PCG: 3 : 2.646784e-05 / 4.377466e-01
PCG: 4 : 2.326077e-05 / 3.847054e-01
PCG: 5 : 1.872119e-05 / 3.096262e-01
PCG: 6 : 2.764459e-05 / 4.572087e-01
PCG: 7 : 3.919320e-05 / 6.482089e-01
PCG: 0 : 3.919320e-05
PCG: 1 : 2.275087e-05 / 5.804800e-01
PCG: 2 : 1.342929e-05 / 3.426435e-01
PCG: 3 : 1.550209e-05 / 3.955301e-01
PCG: 4 : 1.511632e-05 / 3.856874e-01
PCG: 5 : 1.614883e-05 / 4.120315e-01
PCG: 6 : 1.582333e-05 / 4.037264e-01
PCG: 7 : 1.865002e-05 / 4.758483e-01
PCG: 0 : 1.865002e-05
PCG: 1 : 1.250129e-05 / 6.703098e-01
PCG: 2 : 1.064534e-05 / 5.707951e-01
PCG: 3 : 8.954361e-06 / 4.801262e-01
PCG: 4 : 7.804800e-06 / 4.184875e-01
PCG: 5 : 6.000038e-06 / 3.217175e-01
PCG: 6 : 8.624927e-06 / 4.624622e-01
PCG: 7 : 1.213634e-05 / 6.507416e-01
PCG: 0 : 1.213634e-05
PCG: 1 : 7.199586e-06 / 5.932255e-01
PCG: 2 : 4.402018e-06 / 3.627138e-01
PCG: 3 : 5.259422e-06 / 4.333615e-01
PCG: 4 : 5.086588e-06 / 4.191204e-01
PCG: 5 : 5.189443e-06 / 4.275954e-01
PCG: 6 : 4.968458e-06 / 4.093868e-01
PCG: 7 : 5.903242e-06 / 4.864104e-01
PCG: 0 : 5.903242e-06
PCG: 1 : 4.016015e-06 / 6.803067e-01
PCG: 2 : 3.528898e-06 / 5.977899e-01
PCG: 3 : 3.068557e-06 / 5.198088e-01
PCG: 4 : 2.643149e-06 / 4.477453e-01
PCG: 5 : 1.944212e-06 / 3.293464e-01
PCG: 6 : 2.738622e-06 / 4.639184e-01
PCG: 7 : 3.885739e-06 / 6.582381e-01
PCG: 0 : 3.885739e-06
PCG: 1 : 2.339193e-06 / 6.019945e-01
PCG: 2 : 1.464311e-06 / 3.768423e-01
PCG: 3 : 1.788874e-06 / 4.603690e-01
PCG: 4 : 1.716780e-06 / 4.418156e-01
PCG: 5 : 1.692952e-06 / 4.356834e-01
PCG: 6 : 1.601346e-06 / 4.121084e-01
PCG: 7 : 1.926591e-06 / 4.958109e-01
PCG: 0 : 1.926591e-06
PCG: 1 : 1.321506e-06 / 6.859299e-01
PCG: 2 : 1.179486e-06 / 6.122141e-01
PCG: 3 : 1.044176e-06 / 5.419810e-01
PCG: 4 : 8.915076e-07 / 4.627384e-01
PCG: 5 : 6.388397e-07 / 3.315907e-01
PCG: 6 : 8.927443e-07 / 4.633803e-01
PCG: 7 : 1.277817e-06 / 6.632527e-01
PCG: 0 : 1.277817e-06
PCG: 1 : 7.751162e-07 / 6.065941e-01
PCG: 2 : 4.892245e-07 / 3.828596e-01
PCG: 3 : 6.034510e-07 / 4.722516e-01
PCG: 4 : 5.776221e-07 / 4.520383e-01
PCG: 5 : 5.605583e-07 / 4.386844e-01
PCG: 6 : 5.288099e-07 / 4.138386e-01
PCG: 7 : 6.401823e-07 / 5.009969e-01
PCG: 0 : 6.401823e-07
PCG: 1 : 4.408498e-07 / 6.886316e-01
PCG: 2 : 3.950338e-07 / 6.170646e-01
PCG: 3 : 3.523833e-07 / 5.504421e-01
PCG: 4 : 2.994508e-07 / 4.677586e-01
PCG: 5 : 2.122497e-07 / 3.315457e-01
PCG: 6 : 2.964796e-07 / 4.631175e-01
PCG: 7 : 4.254841e-07 / 6.646296e-01
PCG: 0 : 4.254841e-07
PCG: 1 : 2.590891e-07 / 6.089278e-01
PCG: 2 : 1.636609e-07 / 3.846463e-01
PCG: 3 : 2.025537e-07 / 4.760548e-01
PCG: 4 : 1.939286e-07 / 4.557834e-01
PCG: 5 : 1.871019e-07 / 4.397389e-01
PCG: 6 : 1.767286e-07 / 4.153589e-01
PCG: 7 : 2.142127e-07 / 5.034564e-01
PCG: 0 : 2.142127e-07
PCG: 1 : 1.478123e-07 / 6.900257e-01
PCG: 2 : 1.323976e-07 / 6.180658e-01
PCG: 3 : 1.184770e-07 / 5.530810e-01
PCG: 4 : 1.004213e-07 / 4.687924e-01
PCG: 5 : 7.088875e-08 / 3.309269e-01
PCG: 6 : 9.922207e-08 / 4.631941e-01
PCG: 7 : 1.423252e-07 / 6.644108e-01
PCG: 0 : 1.423252e-07
PCG: 1 : 8.685539e-08 / 6.102600e-01
PCG: 2 : 5.479492e-08 / 3.849979e-01
PCG: 3 : 6.788909e-08 / 4.769997e-01
PCG: 4 : 6.505669e-08 / 4.570988e-01
PCG: 5 : 6.264643e-08 / 4.401639e-01
PCG: 6 : 5.930202e-08 / 4.166655e-01
PCG: 7 : 7.184086e-08 / 5.047655e-01
PCG: 0 : 7.184087e-08
PCG: 1 : 4.963400e-08 / 6.908882e-01
PCG: 2 : 4.439538e-08 / 6.179683e-01
PCG: 3 : 3.978350e-08 / 5.537725e-01
PCG: 4 : 3.366458e-08 / 4.685993e-01
PCG: 5 : 2.372808e-08 / 3.302867e-01
PCG: 6 : 3.328859e-08 / 4.633656e-01
PCG: 7 : 4.768562e-08 / 6.637673e-01
PCG: 0 : 4.768562e-08
PCG: 1 : 2.914366e-08 / 6.111625e-01
PCG: 2 : 1.835925e-08 / 3.850061e-01
PCG: 3 : 2.275082e-08 / 4.771003e-01
PCG: 4 : 2.181899e-08 / 4.575591e-01
PCG: 5 : 2.100234e-08 / 4.404335e-01
PCG: 6 : 1.992207e-08 / 4.177795e-01
PCG: 7 : 2.410943e-08 / 5.055912e-01
PCG: 0 : 2.410943e-08
PCG: 1 : 1.667363e-08 / 6.915814e-01
PCG: 2 : 1.489380e-08 / 6.177585e-01
PCG: 3 : 1.335351e-08 / 5.538709e-01
PCG: 4 : 1.128590e-08 / 4.681113e-01
PCG: 5 : 7.951499e-09 / 3.298087e-01
PCG: 6 : 1.117681e-08 / 4.635865e-01
PCG: 7 : 1.598640e-08 / 6.630765e-01
PCG: 0 : 1.598639e-08
PCG: 1 : 9.782526e-09 / 6.119282e-01
PCG: 2 : 6.155881e-09 / 3.850700e-01
PCG: 3 : 7.625688e-09 / 4.770111e-01
PCG: 4 : 7.317323e-09 / 4.577219e-01
PCG: 5 : 7.046582e-09 / 4.407862e-01
PCG: 6 : 6.695110e-09 / 4.188005e-01
PCG: 7 : 8.091881e-09 / 5.061730e-01
PCG: 0 : 8.091880e-09
PCG: 1 : 5.602310e-09 / 6.923373e-01
PCG: 2 : 4.999552e-09 / 6.178480e-01
PCG: 3 : 4.481584e-09 / 5.538371e-01
PCG: 4 : 3.784003e-09 / 4.676296e-01
PCG: 5 : 2.667050e-09 / 3.295958e-01
PCG: 6 : 3.753983e-09 / 4.639197e-01
PCG: 7 : 5.360255e-09 / 6.624239e-01
PCG: 0 : 5.360254e-09
PCG: 1 : 3.284575e-09 / 6.127648e-01
PCG: 2 : 2.065834e-09 / 3.853985e-01
PCG: 3 : 2.556598e-09 / 4.769547e-01
PCG: 4 : 2.453972e-09 / 4.578090e-01
PCG: 5 : 2.366095e-09 / 4.414148e-01
PCG: 6 : 2.250533e-09 / 4.198556e-01
PCG: 7 : 2.715508e-09 / 5.066007e-01
PCG: 0 : 2.715508e-09
PCG: 1 : 1.882822e-09 / 6.933591e-01
PCG: 2 : 1.679600e-09 / 6.185215e-01
PCG: 3 : 1.504017e-09 / 5.538622e-01
PCG: 4 : 1.268872e-09 / 4.672688e-01
PCG: 5 : 8.954701e-10 / 3.297615e-01
PCG: 6 : 1.261299e-09 / 4.644798e-01
PCG: 7 : 1.797159e-09 / 6.618133e-01

PCG ( VCycle ( S: Scale / C: Scale )  )

Complete solver TOE: 0.907961
0.555595 GFlop/s [0.555595 GFlops/s]

Total time: 0.907961s
Accumulated op time: 0.317131

Reductions: 18.2866%
Blas-1: 9.20458%
Blas-2: 7.43666%
Precon Kernels: 0%
MPI Execution: 0%
MPI Wait: 0%
Not covered: 65.0722%

Domain size: 1.67157 MByte
LA size: 5.40018 MByte
MPI size: 0.167526 MByte

H0-Error: 2.746166e-05
H1-Error: 1.613732e-02

Writing DATA to output.data...
Run-Time: 0:01.123 [0:01.123]
0xb33309f8 Error: MemoryPool<CUDA> still contains memory chunks on deconstructor call
