NUM-PROCS: 1
Preparing domain...
LVL-MIN: 4 [4]
LVL-MAX: 10 [10]
Creating gates...
Assembling system matrices...
Assembling system filters...
Assembling transfer matrices...
Converting assembled linear system from SparseMatrixCSR, Mem:main to SparseMatrixELL, Mem:cudaand to SparseMatrixELL, Mem:cuda...
PCG:  0 : 9.473710e-03
PCG:  1 : 1.921966e-02 / 2.028736e+00
PCG:  2 : 2.717674e-02 / 2.868648e+00
PCG:  3 : 6.676051e-02 / 7.046923e+00
PCG:  4 : 8.080562e-02 / 8.529459e+00
PCG:  5 : 4.831687e-02 / 5.100101e+00
PCG:  6 : 2.380595e-02 / 2.512843e+00
PCG:  7 : 3.978522e-03 / 4.199540e-01
PCG:  8 : 1.063552e-03 / 1.122635e-01
PCG:  9 : 9.354464e-04 / 9.874129e-02
PCG: 10 : 3.652446e-04 / 3.855349e-02
PCG: 11 : 4.136533e-05 / 4.366328e-03
PCG:  0 : 2.227924e-04
PCG:  1 : 3.125250e-04 / 1.402763e+00
PCG:  2 : 6.548857e-04 / 2.939444e+00
PCG:  3 : 1.475874e-04 / 6.624438e-01
PCG:  4 : 1.527183e-04 / 6.854737e-01
PCG:  5 : 5.091367e-05 / 2.285252e-01
PCG:  6 : 5.032139e-05 / 2.258668e-01
PCG:  7 : 1.997254e-05 / 8.964644e-02
PCG:  8 : 8.484303e-06 / 3.808166e-02
PCG:  9 : 3.144782e-06 / 1.411530e-02
PCG: 10 : 1.957010e-06 / 8.784008e-03
PCG: 11 : 7.976490e-07 / 3.580235e-03
PCG:  0 : 8.006090e-07
PCG:  1 : 7.501002e-07 / 9.369121e-01
PCG:  2 : 4.211527e-07 / 5.260405e-01
PCG:  3 : 4.368457e-07 / 5.456417e-01
PCG:  4 : 2.158035e-07 / 2.695491e-01
PCG:  5 : 9.610319e-08 / 1.200376e-01
PCG:  6 : 7.502678e-08 / 9.371214e-02
PCG:  7 : 8.486052e-08 / 1.059950e-01
PCG:  8 : 7.002884e-08 / 8.746946e-02
PCG:  9 : 6.162921e-08 / 7.697791e-02
PCG: 10 : 4.166335e-08 / 5.203957e-02
PCG: 11 : 2.040435e-08 / 2.548604e-02
PCG:  0 : 2.040445e-08
PCG:  1 : 1.122095e-08 / 5.499263e-01
PCG:  2 : 4.885584e-09 / 2.394372e-01
PCG:  3 : 3.321712e-09 / 1.627935e-01
PCG:  4 : 2.289063e-09 / 1.121845e-01
PCG:  5 : 1.428994e-09 / 7.003345e-02
PCG:  6 : 1.025835e-09 / 5.027504e-02
PCG:  7 : 1.144019e-09 / 5.606712e-02
PCG:  8 : 7.664953e-10 / 3.756510e-02
PCG:  9 : 6.247947e-10 / 3.062050e-02
PCG: 10 : 6.174367e-10 / 3.025990e-02
PCG: 11 : 3.523232e-10 / 1.726697e-02
PCG:  0 : 3.523232e-10
PCG:  1 : 2.204831e-10 / 6.257977e-01
PCG:  2 : 9.693324e-11 / 2.751259e-01
PCG:  3 : 8.618577e-11 / 2.446213e-01
PCG:  4 : 6.381193e-11 / 1.811176e-01
PCG:  5 : 4.928639e-11 / 1.398897e-01
PCG:  6 : 3.879635e-11 / 1.101158e-01
PCG:  7 : 2.292171e-11 / 6.505875e-02
PCG:  8 : 2.047974e-11 / 5.812771e-02
PCG:  9 : 1.735199e-11 / 4.925021e-02
PCG: 10 : 1.426800e-11 / 4.049692e-02
PCG: 11 : 1.335425e-11 / 3.790341e-02

PCG ( VCycle ( S: Scale / C: Scale )  )

Complete solver TOE: 0.459457
18.2305 GFlop/s [18.2305 GFlops/s]

Total time: 0.459457s
Accumulated op time: 0.224298

Reductions: 47.4299%
Blas-1: 0.684721%
Blas-2: 0.703439%
Precon Kernels: 0%
MPI Execution: 0%
MPI Wait: 0%
Not covered: 51.1819%

Domain size: 192.423 MByte
LA size: 483.361 MByte
MPI size: 10.6972 MByte

H0-Error: 4.290998e-07
H1-Error: 2.017209e-03

Writing DATA to output.data...
Run-Time: 0:03.178 [0:03.178]
0x31d198e880 Error: MemoryPool<CUDA> still contains memory chunks on deconstructor call
