NUM-PROCS: 1
Preparing domain...
LVL-MIN: 2 [2]
LVL-MAX: 5 [5]
Creating gates...
Assembling system matrices...
Assembling system filters...
Assembling transfer matrices...
Converting assembled linear system from SparseMatrixCSR, Mem:main to SparseMatrixELL, Mem:cudaand to SparseMatrixELL, Mem:cuda...
PCG: 0 : 3.015408e-01
PCG: 1 : 1.296712e-01 / 4.300287e-01
PCG: 2 : 5.319667e-02 / 1.764162e-01
PCG: 3 : 6.768761e-03 / 2.244725e-02
PCG: 4 : 6.351029e-04 / 2.106193e-03
PCG: 5 : 8.173711e-05 / 2.710649e-04
PCG: 6 : 1.757964e-06 / 5.829940e-06
PCG: 0 : 3.763101e-02
PCG: 1 : 7.681414e-03 / 2.041246e-01
PCG: 2 : 4.608162e-03 / 1.224565e-01
PCG: 3 : 4.857929e-04 / 1.290938e-02
PCG: 4 : 4.537991e-05 / 1.205918e-03
PCG: 5 : 4.805655e-06 / 1.277047e-04
PCG: 6 : 2.565468e-07 / 6.817431e-06
PCG: 0 : 2.585378e-07
PCG: 1 : 6.615290e-08 / 2.558732e-01
PCG: 2 : 1.855629e-08 / 7.177401e-02
PCG: 3 : 6.163936e-09 / 2.384153e-02
PCG: 4 : 9.348247e-10 / 3.615814e-03
PCG: 5 : 6.891114e-11 / 2.665418e-04
PCG: 6 : 9.820932e-12 / 3.798645e-05

PCG ( VCycle ( S: Scale / C: Scale )  )

Complete solver TOE: 0.182777
0.0153231 GFlop/s [0.0153231 GFlops/s]

Total time: 0.182777s
Accumulated op time: 0.037514

Reductions: 6.17255%
Blas-1: 7.80952%
Blas-2: 6.5424%
Precon Kernels: 0%
MPI Execution: 0%
MPI Wait: 0%
Not covered: 79.4755%

Domain size: 0.112244 MByte
LA size: 0.372051 MByte
MPI size: 0.0113525 MByte

H0-Error: 4.391240e-04
H1-Error: 6.452751e-02

Writing DATA to output.data...
Run-Time: 0:00.237 [0:00.237]
0xb32f99f8 Error: MemoryPool<CUDA> still contains memory chunks on deconstructor call
