NUM-PROCS: 1
Preparing domain...
LVL-MIN: 3 [3]
LVL-MAX: 5 [5]
Creating gates...
Assembling system matrices...
Assembling system filters...
Assembling transfer matrices...
Converting assembled linear system from SparseMatrixCSR, Mem:main to SparseMatrixCSR, Mem:mainand to SparseMatrixCSR, Mem:main...
PCG: 0 : 3.015411e-01
PCG: 1 : 2.796062e-01 / 9.272574e-01
PCG: 2 : 1.970729e-01 / 6.535525e-01
PCG: 0 : 1.986500e-01
PCG: 1 : 9.064822e-02 / 4.563212e-01
PCG: 2 : 2.141126e-02 / 1.077838e-01
PCG: 0 : 2.141126e-02
PCG: 1 : 7.241359e-03 / 3.382033e-01
PCG: 2 : 1.999264e-03 / 9.337442e-02
PCG: 0 : 1.999264e-03
PCG: 1 : 1.204024e-03 / 6.022338e-01
PCG: 2 : 7.512422e-04 / 3.757594e-01
PCG: 0 : 7.512424e-04
PCG: 1 : 6.334067e-04 / 8.431455e-01
PCG: 2 : 4.692892e-04 / 6.246841e-01
PCG: 0 : 4.692891e-04
PCG: 1 : 2.311782e-04 / 4.926136e-01
PCG: 2 : 1.689276e-04 / 3.599648e-01
PCG: 0 : 1.689275e-04
PCG: 1 : 1.234817e-04 / 7.309742e-01
PCG: 2 : 1.132603e-04 / 6.704667e-01
PCG: 0 : 1.132603e-04
PCG: 1 : 4.854077e-05 / 4.285772e-01
PCG: 2 : 3.910424e-05 / 3.452600e-01
PCG: 0 : 3.910424e-05
PCG: 1 : 2.696971e-05 / 6.896877e-01
PCG: 2 : 2.717011e-05 / 6.948124e-01
PCG: 0 : 2.717010e-05
PCG: 1 : 1.103794e-05 / 4.062531e-01
PCG: 2 : 9.184403e-06 / 3.380334e-01
PCG: 0 : 9.184404e-06
PCG: 1 : 6.254319e-06 / 6.809716e-01
PCG: 2 : 6.501924e-06 / 7.079310e-01
PCG: 0 : 6.501924e-06
PCG: 1 : 2.602993e-06 / 4.003420e-01
PCG: 2 : 2.178499e-06 / 3.350545e-01
PCG: 0 : 2.178499e-06
PCG: 1 : 1.483760e-06 / 6.810927e-01
PCG: 2 : 1.557285e-06 / 7.148433e-01
PCG: 0 : 1.557285e-06
PCG: 1 : 6.218743e-07 / 3.993323e-01
PCG: 2 : 5.198640e-07 / 3.338271e-01
PCG: 0 : 5.198640e-07
PCG: 1 : 3.551151e-07 / 6.830922e-01
PCG: 2 : 3.735584e-07 / 7.185694e-01
PCG: 0 : 3.735585e-07
PCG: 1 : 1.493285e-07 / 3.997460e-01
PCG: 2 : 1.245012e-07 / 3.332843e-01
PCG: 0 : 1.245012e-07
PCG: 1 : 8.533272e-08 / 6.853967e-01
PCG: 2 : 8.973583e-08 / 7.207628e-01
PCG: 0 : 8.973581e-08
PCG: 1 : 3.594844e-08 / 4.006031e-01
PCG: 2 : 2.988427e-08 / 3.330250e-01
PCG: 0 : 2.988427e-08
PCG: 1 : 2.054979e-08 / 6.876458e-01
PCG: 2 : 2.158194e-08 / 7.221838e-01

PCG ( VCycle ( S: Scale / C: Scale )  )

Complete solver TOE: 0.002207
2.87503 GFlop/s [2.87503 GFlops/s]

Total time: 0.002207s
Accumulated op time: 0.001801

Reductions: 9.92297%
Blas-1: 3.17173%
Blas-2: 68.5093%
Precon Kernels: 0%
MPI Execution: 0%
MPI Wait: 0%
Not covered: 18.396%

Domain size: 0.196762 MByte
LA size: 0.487099 MByte
MPI size: 0.0111771 MByte

H0-Error: 4.391288e-04
H1-Error: 6.452751e-02

Writing DATA to output.data...
Run-Time: 0:00.007 [0:00.007]
0x31d198e880 Error: MemoryPool<CPU> still contains memory chunks on deconstructor call
