NUM-PROCS: 1
Preparing domain...
LVL-MIN: 4 [4]
LVL-MAX: 9 [9]
Creating gates...
Assembling system matrices...
Assembling system filters...
Assembling transfer matrices...
Converting assembled linear system from SparseMatrixCSR, Mem:main to SparseMatrixCSR, Mem:mainand to SparseMatrixCSR, Mem:main...
PCG:  0 : 1.894513e-02
PCG:  1 : 3.774730e-02 / 1.992454e+00
PCG:  2 : 4.953502e-02 / 2.614657e+00
PCG:  3 : 1.147277e-01 / 6.055789e+00
PCG:  4 : 1.196864e-01 / 6.317527e+00
PCG:  5 : 5.468968e-02 / 2.886741e+00
PCG:  6 : 2.265389e-02 / 1.195763e+00
PCG:  7 : 4.091762e-03 / 2.159797e-01
PCG:  8 : 1.388645e-03 / 7.329825e-02
PCG:  9 : 1.175736e-03 / 6.206005e-02
PCG: 10 : 3.275139e-04 / 1.728750e-02
PCG: 11 : 3.820419e-05 / 2.016571e-03
PCG: 12 : 2.308312e-05 / 1.218420e-03
PCG: 13 : 7.488807e-06 / 3.952893e-04
PCG: 14 : 9.743522e-07 / 5.143022e-05
PCG: 15 : 7.150500e-07 / 3.774321e-05
PCG: 16 : 1.094310e-06 / 5.776205e-05
PCG:  0 : 5.484620e-04
PCG:  1 : 5.673884e-05 / 1.034508e-01
PCG:  2 : 9.527375e-05 / 1.737107e-01
PCG:  3 : 4.053866e-05 / 7.391334e-02
PCG:  4 : 5.879193e-05 / 1.071942e-01
PCG:  5 : 4.018834e-05 / 7.327461e-02
PCG:  6 : 3.259832e-05 / 5.943587e-02
PCG:  7 : 1.955249e-05 / 3.564966e-02
PCG:  8 : 9.177433e-06 / 1.673303e-02
PCG:  9 : 1.745245e-06 / 3.182070e-03
PCG: 10 : 7.656394e-07 / 1.395975e-03
PCG: 11 : 6.911001e-07 / 1.260069e-03
PCG: 12 : 4.710678e-07 / 8.588887e-04
PCG: 13 : 3.878831e-07 / 7.072195e-04
PCG: 14 : 1.034531e-07 / 1.886240e-04
PCG: 15 : 8.974862e-08 / 1.636369e-04
PCG: 16 : 3.081019e-08 / 5.617561e-05
PCG:  0 : 3.307222e-08
PCG:  1 : 1.502821e-08 / 4.544058e-01
PCG:  2 : 2.175957e-08 / 6.579409e-01
PCG:  3 : 1.381876e-08 / 4.178357e-01
PCG:  4 : 1.297917e-08 / 3.924492e-01
PCG:  5 : 1.244595e-08 / 3.763263e-01
PCG:  6 : 6.422987e-09 / 1.942109e-01
PCG:  7 : 4.324397e-09 / 1.307562e-01
PCG:  8 : 2.402297e-09 / 7.263790e-02
PCG:  9 : 1.401933e-09 / 4.239006e-02
PCG: 10 : 6.304249e-10 / 1.906207e-02
PCG: 11 : 3.577277e-10 / 1.081656e-02
PCG: 12 : 1.798182e-10 / 5.437137e-03
PCG: 13 : 6.149937e-11 / 1.859547e-03
PCG: 14 : 6.265268e-11 / 1.894420e-03
PCG: 15 : 5.799929e-11 / 1.753716e-03
PCG: 16 : 2.727900e-11 / 8.248311e-04

PCG ( VCycle ( S: Scale / C: Scale )  )

Complete solver TOE: 4.08735
0.443054 GFlop/s [0.443054 GFlops/s]

Total time: 4.08735s
Accumulated op time: 3.98929

Reductions: 1.83505%
Blas-1: 5.48488%
Blas-2: 90.2812%
Precon Kernels: 0%
MPI Execution: 0%
MPI Wait: 0%
Not covered: 2.39892%

Domain size: 26.799 MByte
LA size: 89.2379 MByte
MPI size: 2.68149 MByte

H0-Error: 1.716361e-06
H1-Error: 4.034414e-03

Writing DATA to output.data...
Run-Time: 0:06.505 [0:06.505]
0xb32ed9f8 Error: MemoryPool<CPU> still contains memory chunks on deconstructor call
