NUM-PROCS: 1
Preparing domain...
LVL-MIN: 2 [2]
LVL-MAX: 4 [4]
Creating gates...
Assembling system matrices...
Assembling system filters...
Assembling transfer matrices...
Converting assembled linear system from SparseMatrixCSR, Mem:main to SparseMatrixELL, Mem:cudaand to SparseMatrixELL, Mem:cuda...
PCG: 0 : 5.972902e-01
PCG: 1 : 2.426059e-01 / 4.061775e-01
PCG: 2 : 8.132801e-02 / 1.361616e-01
PCG: 0 : 1.789761e-01
PCG: 1 : 5.043149e-02 / 2.817778e-01
PCG: 2 : 3.344951e-02 / 1.868937e-01
PCG: 0 : 3.344949e-02
PCG: 1 : 4.826298e-03 / 1.442861e-01
PCG: 2 : 1.948654e-03 / 5.825663e-02
PCG: 0 : 1.948655e-03
PCG: 1 : 5.752565e-04 / 2.952070e-01
PCG: 2 : 3.787924e-04 / 1.943866e-01
PCG: 0 : 3.787924e-04
PCG: 1 : 8.646699e-05 / 2.282701e-01
PCG: 2 : 3.682928e-05 / 9.722814e-02
PCG: 0 : 3.682927e-05
PCG: 1 : 1.143559e-05 / 3.105029e-01
PCG: 2 : 6.519022e-06 / 1.770065e-01
PCG: 0 : 6.519023e-06
PCG: 1 : 1.726565e-06 / 2.648503e-01
PCG: 2 : 7.097255e-07 / 1.088699e-01
PCG: 0 : 7.097254e-07
PCG: 1 : 2.214214e-07 / 3.119817e-01
PCG: 2 : 1.246834e-07 / 1.756784e-01
PCG: 0 : 1.246834e-07
PCG: 1 : 3.373675e-08 / 2.705793e-01
PCG: 2 : 1.396945e-08 / 1.120393e-01
PCG: 0 : 1.396945e-08
PCG: 1 : 4.362916e-09 / 3.123185e-01
PCG: 2 : 2.432897e-09 / 1.741584e-01

PCG ( VCycle ( S: Scale / C: Scale )  )

Complete solver TOE: 0.014713
0.0584314 GFlop/s [0.0584314 GFlops/s]

Total time: 0.014713s
Accumulated op time: 0.005699

Reductions: 30.1706%
Blas-1: 4.46544%
Blas-2: 4.09842%
Precon Kernels: 0%
MPI Execution: 0%
MPI Wait: 0%
Not covered: 61.2655%

Domain size: 0.0523529 MByte
LA size: 0.12664 MByte
MPI size: 0.00305939 MByte

H0-Error: 1.753315e-03
H1-Error: 1.289155e-01

Writing DATA to output.data...
Run-Time: 0:00.060 [0:00.060]
0x31d198e880 Error: MemoryPool<CUDA> still contains memory chunks on deconstructor call
