NUM-PROCS: 1
Preparing domain...
LVL-MIN: 4 [4]
LVL-MAX: 8 [8]
Creating gates...
Assembling system matrices...
Assembling system filters...
Assembling transfer matrices...
Converting assembled linear system from SparseMatrixCSR, Mem:main to SparseMatrixCSR, Mem:mainand to SparseMatrixCSR, Mem:main...
PCG:  0 : 3.788183e-02
PCG:  1 : 7.372122e-02 / 1.946084e+00
PCG:  2 : 8.837140e-02 / 2.332818e+00
PCG:  3 : 1.869553e-01 / 4.935223e+00
PCG:  4 : 1.519496e-01 / 4.011148e+00
PCG:  5 : 5.171658e-02 / 1.365208e+00
PCG:  6 : 2.259739e-02 / 5.965232e-01
PCG:  7 : 5.483010e-03 / 1.447398e-01
PCG:  8 : 1.832048e-03 / 4.836219e-02
PCG:  9 : 1.007192e-03 / 2.658773e-02
PCG: 10 : 2.794641e-04 / 7.377261e-03
PCG: 11 : 5.024523e-05 / 1.326368e-03
PCG: 12 : 3.277216e-05 / 8.651155e-04
PCG: 13 : 7.556862e-06 / 1.994851e-04
PCG: 14 : 9.276651e-07 / 2.448839e-05
PCG: 15 : 1.311206e-06 / 3.461306e-05
PCG: 16 : 2.109589e-06 / 5.568867e-05
PCG: 17 : 1.109585e-06 / 2.929069e-05
PCG: 18 : 1.183478e-07 / 3.124131e-06
PCG: 19 : 8.103600e-08 / 2.139179e-06
PCG: 20 : 1.195707e-07 / 3.156412e-06
PCG:  0 : 1.544274e-03
PCG:  1 : 1.617649e-04 / 1.047515e-01
PCG:  2 : 3.089075e-04 / 2.000342e-01
PCG:  3 : 9.449152e-05 / 6.118833e-02
PCG:  4 : 7.790259e-05 / 5.044610e-02
PCG:  5 : 1.044355e-04 / 6.762756e-02
PCG:  6 : 1.173076e-04 / 7.596298e-02
PCG:  7 : 6.831837e-05 / 4.423980e-02
PCG:  8 : 1.948563e-05 / 1.261799e-02
PCG:  9 : 5.049577e-06 / 3.269872e-03
PCG: 10 : 2.152639e-06 / 1.393949e-03
PCG: 11 : 1.606904e-06 / 1.040557e-03
PCG: 12 : 1.990596e-07 / 1.289018e-04
PCG: 13 : 1.687955e-07 / 1.093042e-04
PCG: 14 : 1.570640e-07 / 1.017073e-04
PCG: 15 : 1.387799e-07 / 8.986741e-05
PCG: 16 : 4.396610e-08 / 2.847041e-05
PCG: 17 : 8.939509e-09 / 5.788811e-06
PCG: 18 : 7.683683e-09 / 4.975597e-06
PCG: 19 : 5.658856e-09 / 3.664413e-06
PCG: 20 : 2.014178e-09 / 1.304288e-06
PCG:  0 : 6.607977e-09
PCG:  1 : 1.997905e-09 / 3.023474e-01
PCG:  2 : 1.900365e-09 / 2.875865e-01
PCG:  3 : 1.170938e-09 / 1.772006e-01
PCG:  4 : 1.295816e-09 / 1.960988e-01
PCG:  5 : 1.046765e-09 / 1.584093e-01
PCG:  6 : 1.085357e-09 / 1.642495e-01
PCG:  7 : 5.330925e-10 / 8.067407e-02
PCG:  8 : 3.978631e-10 / 6.020951e-02
PCG:  9 : 2.350826e-10 / 3.557558e-02
PCG: 10 : 1.152280e-10 / 1.743772e-02
PCG: 11 : 6.525680e-11 / 9.875458e-03
PCG: 12 : 4.866820e-11 / 7.365068e-03
PCG: 13 : 1.968419e-11 / 2.978852e-03
PCG: 14 : 1.575787e-11 / 2.384673e-03
PCG: 15 : 8.151954e-12 / 1.233653e-03
PCG: 16 : 7.374761e-12 / 1.116039e-03
PCG: 17 : 4.002268e-12 / 6.056722e-04
PCG: 18 : 2.037458e-12 / 3.083331e-04
PCG: 19 : 1.774035e-12 / 2.684687e-04
PCG: 20 : 8.249602e-13 / 1.248431e-04
PCG:  0 : 8.303578e-13
PCG:  1 : 4.046789e-13 / 4.873549e-01
PCG:  2 : 1.688493e-13 / 2.033452e-01
PCG:  3 : 1.194847e-13 / 1.438954e-01
PCG:  4 : 7.667119e-14 / 9.233513e-02
PCG:  5 : 6.610355e-14 / 7.960851e-02
PCG:  6 : 5.203471e-14 / 6.266540e-02
PCG:  7 : 4.187570e-14 / 5.043091e-02
PCG:  8 : 4.042826e-14 / 4.868775e-02
PCG:  9 : 2.798042e-14 / 3.369682e-02
PCG: 10 : 1.705419e-14 / 2.053837e-02
PCG: 11 : 1.507906e-14 / 1.815971e-02
PCG: 12 : 8.214891e-15 / 9.893195e-03
PCG: 13 : 6.502921e-15 / 7.831469e-03
PCG: 14 : 3.818482e-15 / 4.598598e-03
PCG: 15 : 2.726351e-15 / 3.283344e-03
PCG: 16 : 1.667010e-15 / 2.007580e-03
PCG: 17 : 6.774767e-16 / 8.158853e-04
PCG: 18 : 4.437708e-16 / 5.344333e-04
PCG: 19 : 2.416680e-16 / 2.910408e-04
PCG: 20 : 1.667267e-16 / 2.007890e-04

PCG ( VCycle ( S: Scale / C: Scale )  )

Complete solver TOE: 1.34572
0.558271 GFlop/s [0.558271 GFlops/s]

Total time: 1.34572s
Accumulated op time: 1.304

Reductions: 1.92225%
Blas-1: 5.36428%
Blas-2: 89.6139%
Precon Kernels: 0%
MPI Execution: 0%
MPI Wait: 0%
Not covered: 3.09954%

Domain size: 6.72858 MByte
LA size: 22.3499 MByte
MPI size: 0.67366 MByte

H0-Error: 6.865388e-06
H1-Error: 8.068795e-03

Writing DATA to output.data...
Run-Time: 0:01.947 [0:01.947]
0xb33739f8 Error: MemoryPool<CPU> still contains memory chunks on deconstructor call
