NUM-PROCS: 1
Preparing domain...
LVL-MIN: 2 [2]
LVL-MAX: 3 [3]
Creating gates...
Assembling system matrices...
Assembling system filters...
Assembling transfer matrices...
Converting assembled linear system from SparseMatrixCSR, Mem:main to SparseMatrixELL, Mem:cudaand to SparseMatrixELL, Mem:cuda...
PCG: 0 : 1.157947e+00
PCG: 1 : 4.440352e-01 / 3.834676e-01
PCG: 2 : 1.021441e-01 / 8.821135e-02
PCG: 3 : 3.438980e-03 / 2.969895e-03
PCG: 0 : 6.046795e-01
PCG: 1 : 2.400137e-01 / 3.969272e-01
PCG: 2 : 1.045267e-01 / 1.728629e-01
PCG: 3 : 3.326850e-03 / 5.501841e-03
PCG: 0 : 3.326865e-03
PCG: 1 : 2.593715e-04 / 7.796272e-02
PCG: 2 : 2.137771e-05 / 6.425781e-03
PCG: 3 : 4.721865e-06 / 1.419313e-03
PCG: 0 : 4.721947e-06
PCG: 1 : 3.792726e-06 / 8.032123e-01
PCG: 2 : 4.706163e-07 / 9.966573e-02
PCG: 3 : 4.176124e-08 / 8.844072e-03
PCG: 0 : 4.176117e-08
PCG: 1 : 5.049241e-09 / 1.209076e-01
PCG: 2 : 4.599560e-10 / 1.101397e-02
PCG: 3 : 7.755089e-11 / 1.857010e-03

PCG ( VCycle ( S: Scale / C: Scale )  )

Complete solver TOE: 0.050638
0.0027339 GFlop/s [0.0027339 GFlops/s]

Total time: 0.050638s
Accumulated op time: 0.020929

Reductions: 22.4002%
Blas-1: 10.6955%
Blas-2: 8.23492%
Precon Kernels: 0%
MPI Execution: 0%
MPI Wait: 0%
Not covered: 58.6694%

Domain size: 0.00787354 MByte
LA size: 0.0213623 MByte
MPI size: 0.000823975 MByte

H0-Error: 6.962289e-03
H1-Error: 2.567055e-01

Writing DATA to output.data...
Run-Time: 0:00.089 [0:00.089]
0xb33cc9f8 Error: MemoryPool<CUDA> still contains memory chunks on deconstructor call
