NUM-PROCS: 1
Preparing domain...
LVL-MIN: 6 [6]
LVL-MAX: 9 [9]
Creating gates...
Assembling system matrices...
Assembling system filters...
Assembling transfer matrices...
Converting assembled linear system from SparseMatrixCSR, Mem:main to SparseMatrixELL, Mem:cudaand to SparseMatrixELL, Mem:cuda...
PCG: 0 : 1.894534e-02
PCG: 1 : 1.596297e-01 / 8.425805e+00
PCG: 2 : 1.434520e-01 / 7.571887e+00
PCG: 3 : 2.809196e-01 / 1.482790e+01
PCG: 4 : 2.514510e-01 / 1.327244e+01
PCG: 5 : 1.382852e-01 / 7.299170e+00
PCG: 0 : 1.383264e-01
PCG: 1 : 1.597347e-01 / 1.154766e+00
PCG: 2 : 1.472590e-01 / 1.064576e+00
PCG: 3 : 8.751811e-02 / 6.326926e-01
PCG: 4 : 8.623507e-02 / 6.234171e-01
PCG: 5 : 1.006639e-01 / 7.277272e-01
PCG: 0 : 1.006639e-01
PCG: 1 : 7.176375e-02 / 7.129046e-01
PCG: 2 : 9.830948e-02 / 9.766111e-01
PCG: 3 : 9.558111e-02 / 9.495074e-01
PCG: 4 : 7.217760e-02 / 7.170158e-01
PCG: 5 : 7.456522e-02 / 7.407345e-01
PCG: 0 : 7.456522e-02
PCG: 1 : 6.432747e-02 / 8.627007e-01
PCG: 2 : 6.302368e-02 / 8.452154e-01
PCG: 3 : 3.334334e-02 / 4.471701e-01
PCG: 4 : 2.841070e-02 / 3.810181e-01
PCG: 5 : 5.782128e-02 / 7.754457e-01
PCG: 0 : 5.782128e-02
PCG: 1 : 4.306978e-02 / 7.448777e-01
PCG: 2 : 5.479194e-02 / 9.476086e-01
PCG: 3 : 4.675745e-02 / 8.086548e-01
PCG: 4 : 3.962184e-02 / 6.852467e-01
PCG: 5 : 5.465899e-02 / 9.453093e-01
PCG: 0 : 5.465899e-02
PCG: 1 : 4.511934e-02 / 8.254697e-01
PCG: 2 : 3.804545e-02 / 6.960510e-01
PCG: 3 : 2.075228e-02 / 3.796681e-01
PCG: 4 : 2.454723e-02 / 4.490977e-01
PCG: 5 : 5.375354e-02 / 9.834345e-01
PCG: 0 : 5.375354e-02
PCG: 1 : 3.999183e-02 / 7.439850e-01
PCG: 2 : 3.801231e-02 / 7.071592e-01
PCG: 3 : 3.099026e-02 / 5.765250e-01
PCG: 4 : 3.336085e-02 / 6.206262e-01
PCG: 5 : 4.911446e-02 / 9.136972e-01
PCG: 0 : 4.911445e-02
PCG: 1 : 3.705442e-02 / 7.544504e-01
PCG: 2 : 2.406616e-02 / 4.900016e-01
PCG: 3 : 1.977107e-02 / 4.025509e-01
PCG: 4 : 3.451186e-02 / 7.026823e-01
PCG: 5 : 5.650820e-02 / 1.150541e+00
PCG: 0 : 5.650820e-02
PCG: 1 : 3.835284e-02 / 6.787129e-01
PCG: 2 : 2.375049e-02 / 4.203017e-01
PCG: 3 : 2.289728e-02 / 4.052028e-01
PCG: 4 : 3.319584e-02 / 5.874517e-01
PCG: 5 : 3.958107e-02 / 7.004483e-01
PCG: 0 : 3.958107e-02
PCG: 1 : 3.040685e-02 / 7.682170e-01
PCG: 2 : 2.022490e-02 / 5.109740e-01
PCG: 3 : 2.048840e-02 / 5.176312e-01
PCG: 4 : 3.508161e-02 / 8.863230e-01
PCG: 5 : 4.800298e-02 / 1.212776e+00
PCG: 0 : 4.800298e-02
PCG: 1 : 3.253937e-02 / 6.778615e-01
PCG: 2 : 1.957711e-02 / 4.078311e-01
PCG: 3 : 1.885724e-02 / 3.928348e-01
PCG: 4 : 2.738827e-02 / 5.705535e-01
PCG: 5 : 3.295902e-02 / 6.866036e-01
PCG: 0 : 3.295902e-02
PCG: 1 : 2.555119e-02 / 7.752411e-01
PCG: 2 : 1.766404e-02 / 5.359395e-01
PCG: 3 : 1.776450e-02 / 5.389874e-01
PCG: 4 : 2.927920e-02 / 8.883517e-01
PCG: 5 : 4.043145e-02 / 1.226719e+00
PCG: 0 : 4.043145e-02
PCG: 1 : 2.738084e-02 / 6.772164e-01
PCG: 2 : 1.676494e-02 / 4.146508e-01
PCG: 3 : 1.628220e-02 / 4.027113e-01
PCG: 4 : 2.288652e-02 / 5.660574e-01
PCG: 5 : 2.763948e-02 / 6.836133e-01
PCG: 0 : 2.763948e-02
PCG: 1 : 2.157938e-02 / 7.807448e-01
PCG: 2 : 1.533569e-02 / 5.548472e-01
PCG: 3 : 1.535015e-02 / 5.553706e-01
PCG: 4 : 2.454830e-02 / 8.881606e-01
PCG: 5 : 3.402942e-02 / 1.231189e+00
PCG: 0 : 3.402942e-02
PCG: 1 : 2.312337e-02 / 6.795112e-01
PCG: 2 : 1.442870e-02 / 4.240065e-01
PCG: 3 : 1.405983e-02 / 4.131669e-01
PCG: 4 : 1.923092e-02 / 5.651262e-01
PCG: 5 : 2.323774e-02 / 6.828721e-01
PCG: 0 : 2.323774e-02
PCG: 1 : 1.827275e-02 / 7.863394e-01
PCG: 2 : 1.327875e-02 / 5.714303e-01
PCG: 3 : 1.324548e-02 / 5.699987e-01
PCG: 4 : 2.065934e-02 / 8.890425e-01
PCG: 5 : 2.866137e-02 / 1.233397e+00
PCG: 0 : 2.866136e-02
PCG: 1 : 1.957609e-02 / 6.830130e-01
PCG: 2 : 1.242987e-02 / 4.336803e-01
PCG: 3 : 1.212262e-02 / 4.229603e-01
PCG: 4 : 1.621704e-02 / 5.658152e-01
PCG: 5 : 1.958955e-02 / 6.834829e-01
PCG: 0 : 1.958955e-02
PCG: 1 : 1.550477e-02 / 7.914816e-01
PCG: 2 : 1.147046e-02 / 5.855397e-01
PCG: 3 : 1.140869e-02 / 5.823865e-01
PCG: 4 : 1.743566e-02 / 8.900487e-01
PCG: 5 : 2.418668e-02 / 1.234673e+00
PCG: 0 : 2.418668e-02
PCG: 1 : 1.660378e-02 / 6.864845e-01
PCG: 2 : 1.069798e-02 / 4.423086e-01
PCG: 3 : 1.043290e-02 / 4.313488e-01
PCG: 4 : 1.371427e-02 / 5.670174e-01
PCG: 5 : 1.656090e-02 / 6.847115e-01
PCG: 0 : 1.656090e-02
PCG: 1 : 1.317753e-02 / 7.957012e-01
PCG: 2 : 9.884554e-03 / 5.968609e-01
PCG: 3 : 9.807860e-03 / 5.922299e-01
PCG: 4 : 1.475015e-02 / 8.906608e-01
PCG: 5 : 2.045733e-02 / 1.235279e+00
PCG: 0 : 2.045733e-02
PCG: 1 : 1.410273e-02 / 6.893725e-01
PCG: 2 : 9.192532e-03 / 4.493514e-01
PCG: 3 : 8.962537e-03 / 4.381087e-01
PCG: 4 : 1.162510e-02 / 5.682606e-01
PCG: 5 : 1.403604e-02 / 6.861129e-01
PCG: 0 : 1.403604e-02
PCG: 1 : 1.121328e-02 / 7.988921e-01
PCG: 2 : 8.498939e-03 / 6.055082e-01
PCG: 3 : 8.417265e-03 / 5.996894e-01
PCG: 4 : 1.250333e-02 / 8.908020e-01
PCG: 5 : 1.733890e-02 / 1.235312e+00
PCG: 0 : 1.733890e-02
PCG: 1 : 1.199091e-02 / 6.915610e-01
PCG: 2 : 7.886005e-03 / 4.548158e-01
PCG: 3 : 7.687738e-03 / 4.433810e-01
PCG: 4 : 9.872878e-03 / 5.694063e-01
PCG: 5 : 1.191998e-02 / 6.874704e-01
PCG: 0 : 1.191998e-02
PCG: 1 : 9.550131e-03 / 8.011868e-01
PCG: 2 : 7.294011e-03 / 6.119147e-01
PCG: 3 : 7.213977e-03 / 6.052005e-01
PCG: 4 : 1.061574e-02 / 8.905839e-01
PCG: 5 : 1.471969e-02 / 1.234876e+00
PCG: 0 : 1.471969e-02
PCG: 1 : 1.020295e-02 / 6.931499e-01
PCG: 2 : 6.755939e-03 / 4.589729e-01
PCG: 3 : 6.586520e-03 / 4.474631e-01
PCG: 4 : 8.396855e-03 / 5.704504e-01
PCG: 5 : 1.013762e-02 / 6.887112e-01
PCG: 0 : 1.013762e-02
PCG: 1 : 8.138513e-03 / 8.028033e-01
PCG: 2 : 6.250990e-03 / 6.166133e-01
PCG: 3 : 6.176490e-03 / 6.092644e-01
PCG: 4 : 9.024038e-03 / 8.901537e-01
PCG: 5 : 1.251061e-02 / 1.234078e+00
PCG: 0 : 1.251061e-02
PCG: 1 : 8.686205e-03 / 6.943072e-01
PCG: 2 : 5.781891e-03 / 4.621591e-01
PCG: 3 : 5.638206e-03 / 4.506740e-01
PCG: 4 : 7.148962e-03 / 5.714321e-01
PCG: 5 : 8.630254e-03 / 6.898350e-01
PCG: 0 : 8.630254e-03
PCG: 1 : 6.938324e-03 / 8.039536e-01
PCG: 2 : 5.351578e-03 / 6.200950e-01
PCG: 3 : 5.284547e-03 / 6.123281e-01
PCG: 4 : 7.677775e-03 / 8.896349e-01
PCG: 5 : 1.064120e-02 / 1.233011e+00
PCG: 0 : 1.064120e-02
PCG: 1 : 7.397753e-03 / 6.951991e-01
PCG: 2 : 4.944772e-03 / 4.646817e-01
PCG: 3 : 4.823571e-03 / 4.532919e-01
PCG: 4 : 6.091030e-03 / 5.724006e-01
PCG: 5 : 7.351639e-03 / 6.908655e-01
PCG: 0 : 7.351639e-03
PCG: 1 : 5.916747e-03 / 8.048201e-01
PCG: 2 : 4.578312e-03 / 6.227607e-01
PCG: 3 : 4.519456e-03 / 6.147549e-01
PCG: 4 : 6.536525e-03 / 8.891248e-01
PCG: 5 : 9.055400e-03 / 1.231753e+00
PCG: 0 : 9.055400e-03
PCG: 1 : 6.302179e-03 / 6.959581e-01
PCG: 2 : 4.226946e-03 / 4.667873e-01
PCG: 3 : 4.125076e-03 / 4.555377e-01
PCG: 4 : 5.192393e-03 / 5.734029e-01
PCG: 5 : 6.264733e-03 / 6.918229e-01
PCG: 0 : 6.264733e-03
PCG: 1 : 5.046562e-03 / 8.055511e-01
PCG: 2 : 3.914966e-03 / 6.249214e-01
PCG: 3 : 3.864302e-03 / 6.168343e-01
PCG: 4 : 5.567518e-03 / 8.887079e-01
PCG: 5 : 7.707872e-03 / 1.230359e+00
PCG: 0 : 7.707872e-03
PCG: 1 : 5.370039e-03 / 6.966954e-01
PCG: 2 : 3.612460e-03 / 4.686716e-01
PCG: 3 : 3.527035e-03 / 4.575886e-01
PCG: 4 : 4.428053e-03 / 5.744845e-01
PCG: 5 : 5.339449e-03 / 6.927267e-01
PCG: 0 : 5.339449e-03
PCG: 1 : 4.305010e-03 / 8.062648e-01
PCG: 2 : 3.346869e-03 / 6.268193e-01
PCG: 3 : 3.304050e-03 / 6.187997e-01
PCG: 4 : 4.743868e-03 / 8.884565e-01
PCG: 5 : 6.561399e-03 / 1.228853e+00
PCG: 0 : 6.561399e-03
PCG: 1 : 4.576639e-03 / 6.975095e-01
PCG: 2 : 3.087112e-03 / 4.704960e-01
PCG: 3 : 3.015603e-03 / 4.595976e-01
PCG: 4 : 3.777414e-03 / 5.757025e-01
PCG: 5 : 4.551014e-03 / 6.936042e-01
PCG: 0 : 4.551013e-03
PCG: 1 : 3.672916e-03 / 8.070546e-01
PCG: 2 : 2.860961e-03 / 6.286426e-01
PCG: 3 : 2.825499e-03 / 6.208504e-01
PCG: 4 : 4.043304e-03 / 8.884403e-01
PCG: 5 : 5.585109e-03 / 1.227223e+00
PCG: 0 : 5.585109e-03
PCG: 1 : 3.901185e-03 / 6.984976e-01
PCG: 2 : 2.638437e-03 / 4.724056e-01
PCG: 3 : 2.578677e-03 / 4.617058e-01
PCG: 4 : 3.223287e-03 / 5.771217e-01
PCG: 5 : 3.878755e-03 / 6.944816e-01
PCG: 0 : 3.878755e-03
PCG: 1 : 3.134073e-03 / 8.080101e-01
PCG: 2 : 2.445788e-03 / 6.305601e-01
PCG: 3 : 2.417157e-03 / 6.231785e-01
PCG: 4 : 3.447188e-03 / 8.887355e-01
PCG: 5 : 4.753218e-03 / 1.225449e+00
PCG: 0 : 4.753218e-03
PCG: 1 : 3.326072e-03 / 6.997517e-01
PCG: 2 : 2.255579e-03 / 4.745373e-01
PCG: 3 : 2.205750e-03 / 4.640541e-01
PCG: 4 : 2.751261e-03 / 5.788207e-01
PCG: 5 : 3.305268e-03 / 6.953749e-01
PCG: 0 : 3.305268e-03
PCG: 1 : 2.674727e-03 / 8.092315e-01
PCG: 2 : 2.091376e-03 / 6.327403e-01
PCG: 3 : 2.069060e-03 / 6.259886e-01
PCG: 4 : 2.939815e-03 / 8.894331e-01
PCG: 5 : 4.043986e-03 / 1.223497e+00
PCG: 0 : 4.043986e-03
PCG: 1 : 2.836367e-03 / 7.013791e-01
PCG: 2 : 1.929149e-03 / 4.770416e-01
PCG: 3 : 1.887710e-03 / 4.667944e-01
PCG: 4 : 2.349140e-03 / 5.808973e-01
PCG: 5 : 2.815860e-03 / 6.963082e-01
PCG: 0 : 2.815860e-03
PCG: 1 : 2.283183e-03 / 8.108298e-01
PCG: 2 : 1.789083e-03 / 6.353592e-01
PCG: 3 : 1.772586e-03 / 6.295007e-01
PCG: 4 : 2.507915e-03 / 8.906391e-01
PCG: 5 : 3.439046e-03 / 1.221313e+00
PCG: 0 : 3.439046e-03
PCG: 1 : 2.419387e-03 / 7.035050e-01
PCG: 2 : 1.651039e-03 / 4.800861e-01
PCG: 3 : 1.616671e-03 / 4.700927e-01
PCG: 4 : 2.006567e-03 / 5.834661e-01
PCG: 5 : 2.398107e-03 / 6.973175e-01
PCG: 0 : 2.398107e-03
PCG: 1 : 1.949466e-03 / 8.129187e-01
PCG: 2 : 1.531427e-03 / 6.385983e-01
PCG: 3 : 1.520244e-03 / 6.339350e-01
PCG: 4 : 2.140213e-03 / 8.924591e-01
PCG: 5 : 2.922858e-03 / 1.218818e+00
PCG: 0 : 2.922858e-03
PCG: 1 : 2.064333e-03 / 7.062722e-01
PCG: 2 : 1.414248e-03 / 4.838579e-01
PCG: 3 : 1.385773e-03 / 4.741159e-01
PCG: 4 : 1.714698e-03 / 5.866513e-01
PCG: 5 : 2.041490e-03 / 6.984569e-01
PCG: 0 : 2.041490e-03
PCG: 1 : 1.665059e-03 / 8.156098e-01
PCG: 2 : 1.311929e-03 / 6.426330e-01
PCG: 3 : 1.305514e-03 / 6.394908e-01
PCG: 4 : 1.827103e-03 / 8.949851e-01
PCG: 5 : 2.482325e-03 / 1.215938e+00
PCG: 0 : 2.482325e-03
PCG: 1 : 1.761989e-03 / 7.098140e-01
PCG: 2 : 1.212714e-03 / 4.885394e-01
PCG: 3 : 1.189035e-03 / 4.790006e-01
PCG: 4 : 1.465969e-03 / 5.905629e-01
PCG: 5 : 1.737089e-03 / 6.997828e-01
PCG: 0 : 1.737089e-03
PCG: 1 : 1.422679e-03 / 8.190017e-01
PCG: 2 : 1.124953e-03 / 6.476082e-01
PCG: 3 : 1.122660e-03 / 6.462880e-01
PCG: 4 : 1.560359e-03 / 8.982608e-01
PCG: 5 : 2.106422e-03 / 1.212616e+00
PCG: 0 : 2.106422e-03
PCG: 1 : 1.504465e-03 / 7.142277e-01
PCG: 2 : 1.041153e-03 / 4.942756e-01
PCG: 3 : 1.021206e-03 / 4.848058e-01
PCG: 4 : 1.253877e-03 / 5.952639e-01
PCG: 5 : 1.477372e-03 / 7.013657e-01
PCG: 0 : 1.477372e-03
PCG: 1 : 1.216075e-03 / 8.231336e-01
PCG: 2 : 9.655776e-04 / 6.535776e-01
PCG: 3 : 9.666340e-04 / 6.542926e-01
PCG: 4 : 1.332947e-03 / 9.022417e-01
PCG: 5 : 1.785898e-03 / 1.208834e+00
PCG: 0 : 1.785898e-03
PCG: 1 : 1.285009e-03 / 7.195311e-01
PCG: 2 : 8.949557e-04 / 5.011237e-01
PCG: 3 : 8.777036e-04 / 4.914636e-01
PCG: 4 : 1.072843e-03 / 6.007304e-01
PCG: 5 : 1.255990e-03 / 7.032825e-01
PCG: 0 : 1.255990e-03
PCG: 1 : 1.039882e-03 / 8.279378e-01
PCG: 2 : 8.295070e-04 / 6.604405e-01
PCG: 3 : 8.330290e-04 / 6.632447e-01
PCG: 4 : 1.138869e-03 / 9.067497e-01
PCG: 5 : 1.512976e-03 / 1.204608e+00
PCG: 0 : 1.512976e-03
PCG: 1 : 1.097842e-03 / 7.256175e-01
PCG: 2 : 7.700975e-04 / 5.089952e-01
PCG: 3 : 7.545883e-04 / 4.987444e-01
PCG: 4 : 9.181092e-04 / 6.068233e-01
PCG: 5 : 1.067558e-03 / 7.056011e-01
PCG: 0 : 1.067558e-03
PCG: 1 : 8.895024e-04 / 8.332125e-01
PCG: 2 : 7.130238e-04 / 6.679019e-01
PCG: 3 : 7.180933e-04 / 6.726506e-01
PCG: 4 : 9.730515e-04 / 9.114743e-01
PCG: 5 : 1.281083e-03 / 1.200012e+00
PCG: 0 : 1.281082e-03
PCG: 1 : 9.380499e-04 / 7.322323e-01
PCG: 2 : 6.631195e-04 / 5.176244e-01
PCG: 3 : 6.485815e-04 / 5.062762e-01
PCG: 4 : 7.856704e-04 / 6.132864e-01
PCG: 5 : 9.074461e-04 / 7.083433e-01
PCG: 0 : 9.074461e-04
PCG: 1 : 7.610212e-04 / 8.386407e-01
PCG: 2 : 6.129806e-04 / 6.755008e-01
PCG: 3 : 6.187636e-04 / 6.818736e-01
PCG: 4 : 8.312449e-04 / 9.160268e-01
PCG: 5 : 1.084561e-03 / 1.195180e+00
PCG: 0 : 1.084561e-03
PCG: 1 : 8.014866e-04 / 7.389963e-01
PCG: 2 : 5.711181e-04 / 5.265892e-01
PCG: 3 : 5.570490e-04 / 5.136170e-01
PCG: 4 : 6.721928e-04 / 6.197833e-01
PCG: 5 : 7.716138e-04 / 7.114527e-01
PCG: 0 : 7.716138e-04
PCG: 1 : 6.511318e-04 / 8.438571e-01
PCG: 2 : 5.267840e-04 / 6.827042e-01
PCG: 3 : 5.326411e-04 / 6.902949e-01
PCG: 4 : 7.099147e-04 / 9.200388e-01
PCG: 5 : 9.184267e-04 / 1.190267e+00
PCG: 0 : 9.184267e-04
PCG: 1 : 6.846847e-04 / 7.454973e-01
PCG: 2 : 4.917253e-04 / 5.353996e-01
PCG: 3 : 4.779240e-04 / 5.203725e-01
PCG: 4 : 5.749109e-04 / 6.259736e-01
PCG: 5 : 6.564980e-04 / 7.148071e-01
PCG: 0 : 6.564979e-04
PCG: 1 : 5.570601e-04 / 8.485329e-01
PCG: 2 : 4.523575e-04 / 6.890464e-01
PCG: 3 : 4.578876e-04 / 6.974701e-01
PCG: 4 : 6.061130e-04 / 9.232520e-01
PCG: 5 : 7.782347e-04 / 1.185434e+00
PCG: 0 : 7.782347e-04
PCG: 1 : 5.847546e-04 / 7.513859e-01
PCG: 2 : 4.230555e-04 / 5.436092e-01
PCG: 3 : 4.095715e-04 / 5.262827e-01
PCG: 4 : 4.915198e-04 / 6.315830e-01
PCG: 5 : 5.589601e-04 / 7.182410e-01
PCG: 0 : 5.589601e-04
PCG: 1 : 4.764838e-04 / 8.524469e-01
PCG: 2 : 3.880494e-04 / 6.942345e-01
PCG: 3 : 3.930659e-04 / 7.032092e-01
PCG: 4 : 5.173511e-04 / 9.255601e-01
PCG: 5 : 6.600237e-04 / 1.180807e+00
PCG: 0 : 6.600237e-04
PCG: 1 : 4.992730e-04 / 7.564470e-01
PCG: 2 : 3.636125e-04 / 5.509083e-01
PCG: 3 : 3.506382e-04 / 5.312509e-01
PCG: 4 : 4.200717e-04 / 6.364494e-01
PCG: 5 : 4.762665e-04 / 7.215900e-01
PCG: 0 : 4.762665e-04
PCG: 1 : 4.074546e-04 / 8.555182e-01
PCG: 2 : 3.325251e-04 / 6.981913e-01
PCG: 3 : 3.369855e-04 / 7.075565e-01
PCG: 4 : 4.415005e-04 / 9.270030e-01
PCG: 5 : 5.603250e-04 / 1.176495e+00
PCG: 0 : 5.603250e-04
PCG: 1 : 4.261855e-04 / 7.606041e-01
PCG: 2 : 3.121824e-04 / 5.571453e-01
PCG: 3 : 2.999464e-04 / 5.353079e-01
PCG: 4 : 3.588992e-04 / 6.405197e-01
PCG: 5 : 4.060741e-04 / 7.247117e-01
PCG: 0 : 4.060741e-04
PCG: 1 : 3.483265e-04 / 8.577905e-01
PCG: 2 : 2.846657e-04 / 7.010190e-01
PCG: 3 : 2.886034e-04 / 7.107160e-01
PCG: 4 : 3.767225e-04 / 9.277187e-01
PCG: 5 : 4.761531e-04 / 1.172577e+00
PCG: 0 : 4.761531e-04
PCG: 1 : 3.637304e-04 / 7.638938e-01
PCG: 2 : 2.677504e-04 / 5.623199e-01
PCG: 3 : 2.564382e-04 / 5.385625e-01
PCG: 4 : 3.065615e-04 / 6.438298e-01
PCG: 5 : 3.464084e-04 / 7.275147e-01
PCG: 0 : 3.464085e-04
PCG: 1 : 2.976976e-04 / 8.593830e-01
PCG: 2 : 2.434985e-04 / 7.029231e-01
PCG: 3 : 2.469717e-04 / 7.129495e-01
PCG: 4 : 3.214272e-04 / 9.278851e-01
PCG: 5 : 4.049847e-04 / 1.169096e+00
PCG: 0 : 4.049847e-04
PCG: 1 : 3.103900e-04 / 7.664239e-01
PCG: 2 : 2.294352e-04 / 5.665281e-01
PCG: 3 : 2.191588e-04 / 5.411533e-01
PCG: 4 : 2.618085e-04 / 6.464651e-01
PCG: 5 : 2.956243e-04 / 7.299640e-01
PCG: 0 : 2.956243e-04
PCG: 1 : 2.543645e-04 / 8.604319e-01
PCG: 2 : 2.081583e-04 / 7.041314e-01
PCG: 3 : 2.112261e-04 / 7.145087e-01
PCG: 4 : 2.742418e-04 / 9.276703e-01
PCG: 5 : 3.447123e-04 / 1.166049e+00
PCG: 0 : 3.447123e-04
PCG: 1 : 2.648539e-04 / 7.683333e-01
PCG: 2 : 1.964578e-04 / 5.699182e-01
PCG: 3 : 1.872549e-04 / 5.432210e-01
PCG: 4 : 2.235579e-04 / 6.485348e-01
PCG: 5 : 2.523530e-04 / 7.320685e-01
PCG: 0 : 2.523530e-04
PCG: 1 : 2.172932e-04 / 8.610685e-01
PCG: 2 : 1.778723e-04 / 7.048550e-01
PCG: 3 : 1.805839e-04 / 7.156004e-01
PCG: 4 : 2.339845e-04 / 9.272109e-01
PCG: 5 : 2.935903e-04 / 1.163411e+00
PCG: 0 : 2.935903e-04
PCG: 1 : 2.259922e-04 / 7.697537e-01
PCG: 2 : 1.681228e-04 / 5.726443e-01
PCG: 3 : 1.599734e-04 / 5.448865e-01
PCG: 4 : 1.908762e-04 / 6.501447e-01
PCG: 5 : 2.154520e-04 / 7.338526e-01
PCG: 0 : 2.154520e-04
PCG: 1 : 1.855922e-04 / 8.614088e-01
PCG: 2 : 1.519511e-04 / 7.052668e-01
PCG: 3 : 1.543471e-04 / 7.163873e-01
PCG: 4 : 1.996408e-04 / 9.266137e-01
PCG: 5 : 2.501737e-04 / 1.161157e+00
PCG: 0 : 2.501737e-04
PCG: 1 : 1.928325e-04 / 7.707944e-01
PCG: 2 : 1.438113e-04 / 5.748457e-01
PCG: 3 : 1.366567e-04 / 5.462472e-01
PCG: 4 : 1.629603e-04 / 6.513888e-01
PCG: 5 : 1.839646e-04 / 7.353476e-01
PCG: 0 : 1.839646e-04
PCG: 1 : 1.584947e-04 / 8.615499e-01
PCG: 2 : 1.297870e-04 / 7.054998e-01
PCG: 3 : 1.319003e-04 / 7.169872e-01
PCG: 4 : 1.703424e-04 / 9.259522e-01
PCG: 5 : 2.132607e-04 / 1.159249e+00
PCG: 0 : 2.132607e-04
PCG: 1 : 1.645406e-04 / 7.715469e-01
PCG: 2 : 1.229752e-04 / 5.766426e-01
PCG: 3 : 1.167344e-04 / 5.473790e-01
PCG: 4 : 1.391196e-04 / 6.523454e-01
PCG: 5 : 1.570865e-04 / 7.365939e-01
PCG: 0 : 1.570865e-04
PCG: 1 : 1.353389e-04 / 8.615566e-01
PCG: 2 : 1.108468e-04 / 7.056415e-01
PCG: 3 : 1.127065e-04 / 7.174803e-01
PCG: 4 : 1.453484e-04 / 9.252759e-01
PCG: 5 : 1.818490e-04 / 1.157636e+00
PCG: 0 : 1.818490e-04
PCG: 1 : 1.404034e-04 / 7.720881e-01
PCG: 2 : 1.051331e-04 / 5.781342e-01
PCG: 3 : 9.971567e-05 / 5.483433e-01
PCG: 4 : 1.187616e-04 / 6.530781e-01
PCG: 5 : 1.341385e-04 / 7.376366e-01
PCG: 0 : 1.341385e-04
PCG: 1 : 1.155563e-04 / 8.614702e-01
PCG: 2 : 9.466819e-05 / 7.057497e-01
PCG: 3 : 9.630014e-05 / 7.179158e-01
PCG: 4 : 1.240258e-04 / 9.246101e-01
PCG: 5 : 1.551000e-04 / 1.156268e+00
PCG: 0 : 1.551000e-04
PCG: 1 : 1.198108e-04 / 7.724749e-01
PCG: 2 : 8.986467e-05 / 5.793984e-01
PCG: 3 : 8.517888e-05 / 5.491870e-01
PCG: 4 : 1.013794e-04 / 6.536392e-01
PCG: 5 : 1.145434e-04 / 7.385132e-01
PCG: 0 : 1.145434e-04
PCG: 1 : 9.865904e-05 / 8.613247e-01
PCG: 2 : 8.085169e-05 / 7.058609e-01
PCG: 3 : 8.227957e-05 / 7.183267e-01
PCG: 4 : 1.058348e-04 / 9.239710e-01
PCG: 5 : 1.323101e-04 / 1.155109e+00
PCG: 0 : 1.323101e-04
PCG: 1 : 1.022419e-04 / 7.727445e-01
PCG: 2 : 7.680464e-05 / 5.804895e-01
PCG: 3 : 7.276287e-05 / 5.499418e-01
PCG: 4 : 8.653949e-05 / 6.540655e-01
PCG: 5 : 9.780983e-05 / 7.392468e-01
PCG: 0 : 9.780983e-05
PCG: 1 : 8.422860e-05 / 8.611466e-01
PCG: 2 : 6.905387e-05 / 7.060013e-01
PCG: 3 : 7.029948e-05 / 7.187364e-01
PCG: 4 : 9.031439e-05 / 9.233673e-01
PCG: 5 : 1.128856e-04 / 1.154134e+00
PCG: 0 : 1.128856e-04
PCG: 1 : 8.725198e-05 / 7.729238e-01
PCG: 2 : 6.563734e-05 / 5.814499e-01
PCG: 3 : 6.215821e-05 / 5.506300e-01
PCG: 4 : 7.387085e-05 / 6.543867e-01
PCG: 5 : 8.351951e-05 / 7.398596e-01
PCG: 0 : 8.351951e-05
PCG: 1 : 7.190643e-05 / 8.609537e-01
PCG: 2 : 5.898008e-05 / 7.061832e-01
PCG: 3 : 6.006381e-05 / 7.191591e-01
PCG: 4 : 7.707209e-05 / 9.228035e-01
PCG: 5 : 9.632374e-05 / 1.153308e+00
PCG: 0 : 9.632375e-05
PCG: 1 : 7.446198e-05 / 7.730387e-01
PCG: 2 : 5.609080e-05 / 5.823154e-01
PCG: 3 : 5.310056e-05 / 5.512718e-01
PCG: 4 : 6.305614e-05 / 6.546271e-01
PCG: 5 : 7.131609e-05 / 7.403792e-01
PCG: 0 : 7.131609e-05
PCG: 1 : 6.138536e-05 / 8.607505e-01
PCG: 2 : 5.037831e-05 / 7.064087e-01
PCG: 3 : 5.131884e-05 / 7.195970e-01
PCG: 4 : 6.577319e-05 / 9.222770e-01
PCG: 5 : 8.219884e-05 / 1.152599e+00
PCG: 0 : 8.219884e-05
PCG: 1 : 6.354869e-05 / 7.731093e-01
PCG: 2 : 4.793118e-05 / 5.831126e-01
PCG: 3 : 4.536406e-05 / 5.518820e-01
PCG: 4 : 5.382434e-05 / 6.548066e-01
PCG: 5 : 6.089506e-05 / 7.408264e-01
PCG: 0 : 6.089506e-05
PCG: 1 : 5.240273e-05 / 8.605416e-01
PCG: 2 : 4.303313e-05 / 7.066768e-01
PCG: 3 : 4.384766e-05 / 7.200528e-01
PCG: 4 : 5.613215e-05 / 9.217849e-01
PCG: 5 : 7.015008e-05 / 1.151983e+00
PCG: 0 : 7.015008e-05
PCG: 1 : 5.423632e-05 / 7.731469e-01
PCG: 2 : 4.095780e-05 / 5.838597e-01
PCG: 3 : 3.875582e-05 / 5.524701e-01
PCG: 4 : 4.594402e-05 / 6.549390e-01
PCG: 5 : 5.199611e-05 / 7.412125e-01
PCG: 0 : 5.199611e-05
PCG: 1 : 4.473403e-05 / 8.603340e-01
PCG: 2 : 3.676066e-05 / 7.069886e-01
PCG: 3 : 3.746466e-05 / 7.205281e-01
PCG: 4 : 4.790536e-05 / 9.213259e-01
PCG: 5 : 5.987096e-05 / 1.151451e+00
PCG: 0 : 5.987095e-05
PCG: 1 : 4.628964e-05 / 7.731569e-01
PCG: 2 : 3.499858e-05 / 5.845670e-01
PCG: 3 : 3.311108e-05 / 5.530407e-01
PCG: 4 : 3.921755e-05 / 6.550346e-01
PCG: 5 : 4.439684e-05 / 7.415423e-01
PCG: 0 : 4.439684e-05
PCG: 1 : 3.818736e-05 / 8.601369e-01
PCG: 2 : 3.140388e-05 / 7.073450e-01
PCG: 3 : 3.201127e-05 / 7.210258e-01
PCG: 4 : 4.088511e-05 / 9.209013e-01
PCG: 5 : 5.110045e-05 / 1.150993e+00
PCG: 0 : 5.110045e-05
PCG: 1 : 3.950819e-05 / 7.731475e-01
PCG: 2 : 2.990632e-05 / 5.852456e-01
PCG: 3 : 2.828911e-05 / 5.535980e-01
PCG: 4 : 3.347596e-05 / 6.551012e-01
PCG: 5 : 3.790766e-05 / 7.418263e-01
PCG: 0 : 3.790766e-05
PCG: 1 : 3.259864e-05 / 8.599486e-01
PCG: 2 : 2.682877e-05 / 7.077399e-01
PCG: 3 : 2.735199e-05 / 7.215425e-01
PCG: 4 : 3.489430e-05 / 9.205079e-01
PCG: 5 : 4.361607e-05 / 1.150587e+00
PCG: 0 : 4.361607e-05
PCG: 1 : 3.372086e-05 / 7.731293e-01
PCG: 2 : 2.555495e-05 / 5.859067e-01
PCG: 3 : 2.416982e-05 / 5.541494e-01
PCG: 4 : 2.857506e-05 / 6.551499e-01
PCG: 5 : 3.236668e-05 / 7.420816e-01
PCG: 0 : 3.236668e-05
PCG: 1 : 2.782775e-05 / 8.597655e-01
PCG: 2 : 2.292098e-05 / 7.081660e-01
PCG: 3 : 2.337108e-05 / 7.220722e-01
PCG: 4 : 2.978192e-05 / 9.201413e-01
PCG: 5 : 3.722870e-05 / 1.150217e+00
PCG: 0 : 3.722870e-05
PCG: 1 : 2.878184e-05 / 7.731090e-01
PCG: 2 : 2.183673e-05 / 5.865563e-01
PCG: 3 : 2.065069e-05 / 5.546981e-01
PCG: 4 : 2.439175e-05 / 6.551868e-01
PCG: 5 : 2.763533e-05 / 7.423127e-01
PCG: 0 : 2.763533e-05
PCG: 1 : 2.375509e-05 / 8.595913e-01
PCG: 2 : 1.958301e-05 / 7.086222e-01
PCG: 3 : 1.996967e-05 / 7.226138e-01
PCG: 4 : 2.541901e-05 / 9.198009e-01
PCG: 5 : 3.177736e-05 / 1.149881e+00
PCG: 0 : 3.177736e-05
PCG: 1 : 2.456664e-05 / 7.730863e-01
PCG: 2 : 1.865952e-05 / 5.871955e-01
PCG: 3 : 1.764417e-05 / 5.552434e-01
PCG: 4 : 2.082103e-05 / 6.552159e-01
PCG: 5 : 2.359526e-05 / 7.425181e-01
PCG: 0 : 2.359526e-05
PCG: 1 : 2.027855e-05 / 8.594331e-01
PCG: 2 : 1.673157e-05 / 7.091072e-01
PCG: 3 : 1.706336e-05 / 7.231688e-01
PCG: 4 : 2.169557e-05 / 9.194883e-01
PCG: 5 : 2.712465e-05 / 1.149580e+00
PCG: 0 : 2.712465e-05
PCG: 1 : 2.096906e-05 / 7.730630e-01
PCG: 2 : 1.594460e-05 / 5.878272e-01
PCG: 3 : 1.507547e-05 / 5.557849e-01
PCG: 4 : 1.777319e-05 / 6.552412e-01
PCG: 5 : 2.014549e-05 / 7.427005e-01
PCG: 0 : 2.014549e-05
PCG: 1 : 1.731086e-05 / 8.592922e-01
PCG: 2 : 1.429559e-05 / 7.096172e-01
PCG: 3 : 1.458001e-05 / 7.237359e-01
PCG: 4 : 1.851784e-05 / 9.192051e-01
PCG: 5 : 2.315330e-05 / 1.149305e+00
PCG: 0 : 2.315330e-05
PCG: 1 : 1.789856e-05 / 7.730457e-01
PCG: 2 : 1.362468e-05 / 5.884552e-01
PCG: 3 : 1.288076e-05 / 5.563250e-01
PCG: 4 : 1.517159e-05 / 6.552671e-01
PCG: 5 : 1.719986e-05 / 7.428685e-01
PCG: 0 : 1.719986e-05
PCG: 1 : 1.477752e-05 / 8.591651e-01
PCG: 2 : 1.221443e-05 / 7.101471e-01
PCG: 3 : 1.245803e-05 / 7.243099e-01
PCG: 4 : 1.580578e-05 / 9.189485e-01
PCG: 5 : 1.976337e-05 / 1.149043e+00
PCG: 0 : 1.976337e-05
PCG: 1 : 1.527787e-05 / 7.730396e-01
PCG: 2 : 1.164226e-05 / 5.890827e-01
PCG: 3 : 1.100556e-05 / 5.568668e-01
PCG: 4 : 1.295092e-05 / 6.552992e-01
PCG: 5 : 1.468473e-05 / 7.430276e-01
PCG: 0 : 1.468473e-05
PCG: 1 : 1.261497e-05 / 8.590534e-01
PCG: 2 : 1.043635e-05 / 7.106939e-01
PCG: 3 : 1.064476e-05 / 7.248864e-01
PCG: 4 : 1.349113e-05 / 9.187186e-01
PCG: 5 : 1.686971e-05 / 1.148793e+00
PCG: 0 : 1.686971e-05
PCG: 1 : 1.304103e-05 / 7.730443e-01
PCG: 2 : 9.948201e-06 / 5.897079e-01
PCG: 3 : 9.403326e-06 / 5.574088e-01
PCG: 4 : 1.105539e-05 / 6.553394e-01
PCG: 5 : 1.253716e-05 / 7.431754e-01
PCG: 0 : 1.253716e-05
PCG: 1 : 1.076894e-05 / 8.589622e-01
PCG: 2 : 8.917142e-06 / 7.112571e-01
PCG: 3 : 9.095307e-06 / 7.254681e-01
PCG: 4 : 1.151559e-05 / 9.185166e-01
PCG: 5 : 1.439967e-05 / 1.148559e+00
PCG: 0 : 1.439967e-05
PCG: 1 : 1.113181e-05 / 7.730604e-01
PCG: 2 : 8.500568e-06 / 5.903308e-01
PCG: 3 : 8.034272e-06 / 5.579484e-01
PCG: 4 : 9.437376e-06 / 6.553884e-01
PCG: 5 : 1.070341e-05 / 7.433094e-01
PCG: 0 : 1.070341e-05
PCG: 1 : 9.193110e-06 / 8.588955e-01
PCG: 2 : 7.619074e-06 / 7.118362e-01
PCG: 3 : 7.771275e-06 / 7.260561e-01
PCG: 4 : 9.829447e-06 / 9.183474e-01
PCG: 5 : 1.229119e-05 / 1.148344e+00
PCG: 0 : 1.229119e-05
PCG: 1 : 9.502184e-06 / 7.730891e-01
PCG: 2 : 7.263493e-06 / 5.909512e-01
PCG: 3 : 6.864448e-06 / 5.584853e-01
PCG: 4 : 8.056239e-06 / 6.554484e-01
PCG: 5 : 9.137667e-06 / 7.434323e-01
PCG: 0 : 9.137667e-06
PCG: 1 : 7.847899e-06 / 8.588515e-01
PCG: 2 : 6.509913e-06 / 7.124261e-01
PCG: 3 : 6.639852e-06 / 7.266463e-01
PCG: 4 : 8.390295e-06 / 9.182098e-01
PCG: 5 : 1.049127e-05 / 1.148135e+00
PCG: 0 : 1.049127e-05
PCG: 1 : 8.111196e-06 / 7.731375e-01
PCG: 2 : 6.206338e-06 / 5.915716e-01
PCG: 3 : 5.864860e-06 / 5.590228e-01
PCG: 4 : 6.877273e-06 / 6.555232e-01
PCG: 5 : 7.800806e-06 / 7.435520e-01
PCG: 0 : 7.800805e-06
PCG: 1 : 6.699554e-06 / 8.588285e-01
PCG: 2 : 5.562158e-06 / 7.130235e-01
PCG: 3 : 5.673014e-06 / 7.272344e-01
PCG: 4 : 7.161950e-06 / 9.181039e-01
PCG: 5 : 8.954764e-06 / 1.147928e+00
PCG: 0 : 8.954764e-06
PCG: 1 : 6.923890e-06 / 7.732074e-01
PCG: 2 : 5.302932e-06 / 5.921912e-01
PCG: 3 : 5.010740e-06 / 5.595613e-01
PCG: 4 : 5.870884e-06 / 6.556157e-01
PCG: 5 : 6.659372e-06 / 7.436681e-01
PCG: 0 : 6.659373e-06
PCG: 1 : 5.719262e-06 / 8.588290e-01
PCG: 2 : 4.752314e-06 / 7.136280e-01
PCG: 3 : 4.846829e-06 / 7.278207e-01
PCG: 4 : 6.113494e-06 / 9.180285e-01
PCG: 5 : 7.643152e-06 / 1.147728e+00
PCG: 0 : 7.643150e-06
PCG: 1 : 5.910416e-06 / 7.732959e-01
PCG: 2 : 4.530917e-06 / 5.928075e-01
PCG: 3 : 4.280906e-06 / 5.600970e-01
PCG: 4 : 5.011803e-06 / 6.557248e-01
PCG: 5 : 5.684789e-06 / 7.437757e-01
PCG: 0 : 5.684789e-06
PCG: 1 : 4.882430e-06 / 8.588586e-01
PCG: 2 : 4.060303e-06 / 7.142398e-01
PCG: 3 : 4.140848e-06 / 7.284085e-01
PCG: 4 : 5.218574e-06 / 9.179891e-01
PCG: 5 : 6.523533e-06 / 1.147542e+00
PCG: 0 : 6.523533e-06
PCG: 1 : 5.045325e-06 / 7.734038e-01
PCG: 2 : 3.871194e-06 / 5.934198e-01
PCG: 3 : 3.657279e-06 / 5.606286e-01
PCG: 4 : 4.278463e-06 / 6.558506e-01
PCG: 5 : 4.852683e-06 / 7.438734e-01
PCG: 0 : 4.852683e-06
PCG: 1 : 4.168062e-06 / 8.589191e-01
PCG: 2 : 3.468973e-06 / 7.148568e-01
PCG: 3 : 3.537591e-06 / 7.289969e-01
PCG: 4 : 4.454699e-06 / 9.179869e-01
PCG: 5 : 5.567789e-06 / 1.147363e+00
PCG: 0 : 5.567789e-06
PCG: 1 : 4.306879e-06 / 7.735350e-01
PCG: 2 : 3.307427e-06 / 5.940287e-01
PCG: 3 : 3.124406e-06 / 5.611575e-01
PCG: 4 : 3.652442e-06 / 6.559950e-01
PCG: 5 : 4.142255e-06 / 7.439677e-01
PCG: 0 : 4.142255e-06
PCG: 1 : 3.558213e-06 / 8.590038e-01
PCG: 2 : 2.963678e-06 / 7.154745e-01
PCG: 3 : 3.022111e-06 / 7.295811e-01
PCG: 4 : 3.802676e-06 / 9.180205e-01
PCG: 5 : 4.751928e-06 / 1.147184e+00
PCG: 0 : 4.751927e-06
PCG: 1 : 3.676538e-06 / 7.736939e-01
PCG: 2 : 2.825667e-06 / 5.946359e-01
PCG: 3 : 2.669094e-06 / 5.616866e-01
PCG: 4 : 3.118032e-06 / 6.561615e-01
PCG: 5 : 3.535738e-06 / 7.440639e-01
PCG: 0 : 3.535738e-06
PCG: 1 : 3.037604e-06 / 8.591146e-01
PCG: 2 : 2.531910e-06 / 7.160910e-01
PCG: 3 : 2.581648e-06 / 7.301582e-01
PCG: 4 : 3.246110e-06 / 9.180857e-01
PCG: 5 : 4.055509e-06 / 1.147005e+00
PCG: 0 : 4.055509e-06
PCG: 1 : 3.138459e-06 / 7.738755e-01
PCG: 2 : 2.413987e-06 / 5.952364e-01
PCG: 3 : 2.280058e-06 / 5.622125e-01
PCG: 4 : 2.661830e-06 / 6.563491e-01
PCG: 5 : 3.017921e-06 / 7.441536e-01
PCG: 0 : 3.017921e-06
PCG: 1 : 2.593172e-06 / 8.592578e-01
PCG: 2 : 2.162973e-06 / 7.167094e-01
PCG: 3 : 2.205300e-06 / 7.307346e-01
PCG: 4 : 2.771021e-06 / 9.181887e-01
PCG: 5 : 3.461072e-06 / 1.146840e+00
PCG: 0 : 3.461071e-06
PCG: 1 : 2.679143e-06 / 7.740792e-01
PCG: 2 : 2.062210e-06 / 5.958298e-01
PCG: 3 : 1.947659e-06 / 5.627329e-01
PCG: 4 : 2.272385e-06 / 6.565554e-01
PCG: 5 : 2.575852e-06 / 7.442355e-01
PCG: 0 : 2.575852e-06
PCG: 1 : 2.213771e-06 / 8.594326e-01
PCG: 2 : 1.847728e-06 / 7.173269e-01
PCG: 3 : 1.883742e-06 / 7.313083e-01
PCG: 4 : 2.365476e-06 / 9.183275e-01
PCG: 5 : 2.953679e-06 / 1.146680e+00
PCG: 0 : 2.953679e-06
PCG: 1 : 2.287055e-06 / 7.743073e-01
PCG: 2 : 1.761623e-06 / 5.964165e-01
PCG: 3 : 1.663655e-06 / 5.632485e-01
PCG: 4 : 1.939922e-06 / 6.567814e-01
PCG: 5 : 2.198462e-06 / 7.443130e-01
PCG: 0 : 2.198461e-06
PCG: 1 : 1.889877e-06 / 8.596364e-01
PCG: 2 : 1.578365e-06 / 7.179408e-01
PCG: 3 : 1.609007e-06 / 7.318786e-01
PCG: 4 : 2.019295e-06 / 9.185039e-01
PCG: 5 : 2.520589e-06 / 1.146524e+00
PCG: 0 : 2.520589e-06
PCG: 1 : 1.952353e-06 / 7.745623e-01
PCG: 2 : 1.504785e-06 / 5.969971e-01
PCG: 3 : 1.421012e-06 / 5.637618e-01
PCG: 4 : 1.656101e-06 / 6.570294e-01
PCG: 5 : 1.876305e-06 / 7.443915e-01
PCG: 0 : 1.876305e-06
PCG: 1 : 1.613372e-06 / 8.598667e-01
PCG: 2 : 1.348217e-06 / 7.185488e-01
PCG: 3 : 1.374281e-06 / 7.324399e-01
PCG: 4 : 1.723784e-06 / 9.187121e-01
PCG: 5 : 2.150938e-06 / 1.146369e+00
PCG: 0 : 2.150937e-06
PCG: 1 : 1.666635e-06 / 7.748414e-01
PCG: 2 : 1.285333e-06 / 5.975688e-01
PCG: 3 : 1.213713e-06 / 5.642717e-01
PCG: 4 : 1.413807e-06 / 6.572980e-01
PCG: 5 : 1.601302e-06 / 7.444668e-01
PCG: 0 : 1.601302e-06
PCG: 1 : 1.377323e-06 / 8.601271e-01
PCG: 2 : 1.151580e-06 / 7.191526e-01
PCG: 3 : 1.173749e-06 / 7.329968e-01
PCG: 4 : 1.471523e-06 / 9.189543e-01
PCG: 5 : 1.835446e-06 / 1.146221e+00
PCG: 0 : 1.835446e-06
PCG: 1 : 1.422734e-06 / 7.751437e-01
PCG: 2 : 1.097837e-06 / 5.981311e-01
PCG: 3 : 1.036615e-06 / 5.647756e-01
PCG: 4 : 1.206963e-06 / 6.575855e-01
PCG: 5 : 1.366557e-06 / 7.445369e-01
PCG: 0 : 1.366557e-06
PCG: 1 : 1.175808e-06 / 8.604165e-01
PCG: 2 : 9.835790e-07 / 7.197497e-01
PCG: 3 : 1.002437e-06 / 7.335495e-01
PCG: 4 : 1.256178e-06 / 9.192286e-01
PCG: 5 : 1.566185e-06 / 1.146081e+00
PCG: 0 : 1.566185e-06
PCG: 1 : 1.214525e-06 / 7.754670e-01
PCG: 2 : 9.376478e-07 / 5.986825e-01
PCG: 3 : 8.853214e-07 / 5.652725e-01
PCG: 4 : 1.030378e-06 / 6.578901e-01
PCG: 5 : 1.166184e-06 / 7.446014e-01
PCG: 0 : 1.166184e-06
PCG: 1 : 1.003775e-06 / 8.607345e-01
PCG: 2 : 8.400492e-07 / 7.203404e-01
PCG: 3 : 8.560929e-07 / 7.340978e-01
PCG: 4 : 1.072350e-06 / 9.195374e-01
PCG: 5 : 1.336384e-06 / 1.145947e+00
PCG: 0 : 1.336384e-06
PCG: 1 : 1.036786e-06 / 7.758142e-01
PCG: 2 : 8.007941e-07 / 5.992243e-01
PCG: 3 : 7.560791e-07 / 5.657647e-01
PCG: 4 : 8.796257e-07 / 6.582131e-01
PCG: 5 : 9.951610e-07 / 7.446667e-01
PCG: 0 : 9.951609e-07
PCG: 1 : 8.569083e-07 / 8.610751e-01
PCG: 2 : 7.174317e-07 / 7.209203e-01
PCG: 3 : 7.310823e-07 / 7.346373e-01
PCG: 4 : 9.154228e-07 / 9.198741e-01
PCG: 5 : 1.140267e-06 / 1.145811e+00
PCG: 0 : 1.140267e-06
PCG: 1 : 8.850582e-07 / 7.761853e-01
PCG: 2 : 6.838820e-07 / 5.997562e-01
PCG: 3 : 6.456789e-07 / 5.662526e-01
PCG: 4 : 7.509259e-07 / 6.585529e-01
PCG: 5 : 8.491929e-07 / 7.447318e-01
PCG: 0 : 8.491929e-07
PCG: 1 : 7.315272e-07 / 8.614382e-01
PCG: 2 : 6.126843e-07 / 7.214902e-01
PCG: 3 : 6.243002e-07 / 7.351689e-01
PCG: 4 : 7.814602e-07 / 9.202388e-01
PCG: 5 : 9.729036e-07 / 1.145680e+00
PCG: 0 : 9.729034e-07
PCG: 1 : 7.555336e-07 / 7.765761e-01
PCG: 2 : 5.840106e-07 / 6.002761e-01
PCG: 3 : 5.513782e-07 / 5.667347e-01
PCG: 4 : 6.410542e-07 / 6.589083e-01
PCG: 5 : 7.246122e-07 / 7.447936e-01
PCG: 0 : 7.246122e-07
PCG: 1 : 6.244900e-07 / 8.618265e-01
PCG: 2 : 5.232073e-07 / 7.220515e-01
PCG: 3 : 5.330934e-07 / 7.356947e-01
PCG: 4 : 6.670986e-07 / 9.206284e-01
PCG: 5 : 8.300862e-07 / 1.145559e+00
PCG: 0 : 8.300862e-07
PCG: 1 : 6.449611e-07 / 7.769809e-01
PCG: 2 : 4.987005e-07 / 6.007816e-01
PCG: 3 : 4.708314e-07 / 5.672079e-01
PCG: 4 : 5.472567e-07 / 6.592770e-01
PCG: 5 : 6.182880e-07 / 7.448480e-01
PCG: 0 : 6.182881e-07
PCG: 1 : 5.331128e-07 / 8.622402e-01
PCG: 2 : 4.467770e-07 / 7.226033e-01
PCG: 3 : 4.551936e-07 / 7.362161e-01
PCG: 4 : 5.694706e-07 / 9.210441e-01
PCG: 5 : 7.082156e-07 / 1.145446e+00
PCG: 0 : 7.082157e-07
PCG: 1 : 5.505694e-07 / 7.774035e-01
PCG: 2 : 4.258323e-07 / 6.012749e-01
PCG: 3 : 4.020355e-07 / 5.676739e-01
PCG: 4 : 4.671796e-07 / 6.596573e-01
PCG: 5 : 5.275512e-07 / 7.449019e-01
PCG: 0 : 5.275512e-07
PCG: 1 : 4.551027e-07 / 8.626701e-01
PCG: 2 : 3.814943e-07 / 7.231417e-01
PCG: 3 : 3.886616e-07 / 7.367277e-01
PCG: 4 : 4.861288e-07 / 9.214818e-01
PCG: 5 : 6.042218e-07 / 1.145333e+00
PCG: 0 : 6.042217e-07
PCG: 1 : 4.699902e-07 / 7.778440e-01
PCG: 2 : 3.635940e-07 / 6.017559e-01
PCG: 3 : 3.432794e-07 / 5.681348e-01
PCG: 4 : 3.988164e-07 / 6.600498e-01
PCG: 5 : 4.501195e-07 / 7.449574e-01
PCG: 0 : 4.501195e-07
PCG: 1 : 3.885051e-07 / 8.631155e-01
PCG: 2 : 3.257364e-07 / 7.236665e-01
PCG: 3 : 3.318411e-07 / 7.372288e-01
PCG: 4 : 4.149820e-07 / 9.219374e-01
PCG: 5 : 5.154868e-07 / 1.145222e+00
PCG: 0 : 5.154867e-07
PCG: 1 : 4.012019e-07 / 7.782973e-01
PCG: 2 : 3.104377e-07 / 6.022225e-01
PCG: 3 : 2.931000e-07 / 5.685889e-01
PCG: 4 : 3.404542e-07 / 6.604519e-01
PCG: 5 : 3.840429e-07 / 7.450102e-01
PCG: 0 : 3.840429e-07
PCG: 1 : 3.316511e-07 / 8.635781e-01
PCG: 2 : 2.781163e-07 / 7.241803e-01
PCG: 3 : 2.833171e-07 / 7.377225e-01
PCG: 4 : 3.542445e-07 / 9.224088e-01
PCG: 5 : 4.397754e-07 / 1.145121e+00
PCG: 0 : 4.397754e-07
PCG: 1 : 3.424793e-07 / 7.787596e-01
PCG: 2 : 2.650414e-07 / 6.026744e-01
PCG: 3 : 2.502469e-07 / 5.690334e-01
PCG: 4 : 2.906304e-07 / 6.608610e-01
PCG: 5 : 3.276580e-07 / 7.450576e-01
PCG: 0 : 3.276580e-07
PCG: 1 : 2.831152e-07 / 8.640569e-01
PCG: 2 : 2.374476e-07 / 7.246813e-01
PCG: 3 : 2.418804e-07 / 7.382100e-01
PCG: 4 : 3.023944e-07 / 9.228965e-01
PCG: 5 : 3.751779e-07 / 1.145029e+00
PCG: 0 : 3.751779e-07
PCG: 1 : 2.923496e-07 / 7.792294e-01
PCG: 2 : 2.262737e-07 / 6.031106e-01
PCG: 3 : 2.136515e-07 / 5.694672e-01
PCG: 4 : 2.480953e-07 / 6.612738e-01
PCG: 5 : 2.795453e-07 / 7.451008e-01
PCG: 0 : 2.795453e-07
PCG: 1 : 2.416796e-07 / 8.645454e-01
PCG: 2 : 2.027172e-07 / 7.251676e-01
PCG: 3 : 2.064970e-07 / 7.386888e-01
PCG: 4 : 2.581314e-07 / 9.233972e-01
PCG: 5 : 3.200626e-07 / 1.144940e+00
PCG: 0 : 3.200626e-07
PCG: 1 : 2.495556e-07 / 7.797089e-01
PCG: 2 : 1.931685e-07 / 6.035336e-01
PCG: 3 : 1.824018e-07 / 5.698941e-01
PCG: 4 : 2.117826e-07 / 6.616911e-01
PCG: 5 : 2.384937e-07 / 7.451470e-01
PCG: 0 : 2.384937e-07
PCG: 1 : 2.063063e-07 / 8.650390e-01
PCG: 2 : 1.730600e-07 / 7.256376e-01
PCG: 3 : 1.762837e-07 / 7.391548e-01
PCG: 4 : 2.203456e-07 / 9.239056e-01
PCG: 5 : 2.730395e-07 / 1.144850e+00
PCG: 0 : 2.730395e-07
PCG: 1 : 2.130242e-07 / 7.801955e-01
PCG: 2 : 1.649001e-07 / 6.039422e-01
PCG: 3 : 1.557183e-07 / 5.703142e-01
PCG: 4 : 1.807827e-07 / 6.621118e-01
PCG: 5 : 2.034673e-07 / 7.451935e-01
PCG: 0 : 2.034673e-07
PCG: 1 : 1.761085e-07 / 8.655374e-01
PCG: 2 : 1.477359e-07 / 7.260920e-01
PCG: 3 : 1.504862e-07 / 7.396088e-01
PCG: 4 : 1.880886e-07 / 9.244170e-01
PCG: 5 : 2.329223e-07 / 1.144766e+00
PCG: 0 : 2.329223e-07
PCG: 1 : 1.818383e-07 / 7.806822e-01
PCG: 2 : 1.407629e-07 / 6.043341e-01
PCG: 3 : 1.329341e-07 / 5.707230e-01
PCG: 4 : 1.543185e-07 / 6.625322e-01
PCG: 5 : 1.735821e-07 / 7.452360e-01
PCG: 0 : 1.735821e-07
PCG: 1 : 1.503293e-07 / 8.660416e-01
PCG: 2 : 1.261130e-07 / 7.265325e-01
PCG: 3 : 1.284603e-07 / 7.400551e-01
PCG: 4 : 1.605519e-07 / 9.249334e-01
PCG: 5 : 1.986980e-07 / 1.144692e+00
PCG: 0 : 1.986980e-07
PCG: 1 : 1.552164e-07 / 7.811676e-01
PCG: 2 : 1.201545e-07 / 6.047093e-01
PCG: 3 : 1.134804e-07 / 5.711200e-01
PCG: 4 : 1.317265e-07 / 6.629483e-01
PCG: 5 : 1.480843e-07 / 7.452734e-01
PCG: 0 : 1.480843e-07
PCG: 1 : 1.283221e-07 / 8.665475e-01
PCG: 2 : 1.076510e-07 / 7.269575e-01
PCG: 3 : 1.096552e-07 / 7.404919e-01
PCG: 4 : 1.370450e-07 / 9.254526e-01
PCG: 5 : 1.695007e-07 / 1.144623e+00
PCG: 0 : 1.695007e-07
PCG: 1 : 1.324906e-07 / 7.816525e-01
PCG: 2 : 1.025598e-07 / 6.050699e-01
PCG: 3 : 9.687080e-08 / 5.715068e-01
PCG: 4 : 1.124401e-07 / 6.633604e-01
PCG: 5 : 1.263310e-07 / 7.453125e-01
PCG: 0 : 1.263310e-07
PCG: 1 : 1.095350e-07 / 8.670478e-01
PCG: 2 : 9.188853e-08 / 7.273633e-01
PCG: 3 : 9.360037e-08 / 7.409138e-01
PCG: 4 : 1.169783e-07 / 9.259669e-01
PCG: 5 : 1.445924e-07 / 1.144552e+00

PCG ( VCycle ( S: Scale / C: Scale )  )

Complete solver TOE: 24.3327
0.11333 GFlop/s [0.11333 GFlops/s]

Total time: 24.3327s
Accumulated op time: 15.3596

Reductions: 41.1018%
Blas-1: 12.3758%
Blas-2: 9.64576%
Precon Kernels: 0%
MPI Execution: 0%
MPI Wait: 0%
Not covered: 36.8767%

Domain size: 26.6946 MByte
LA size: 88.3135 MByte
MPI size: 2.67096 MByte

H0-Error: 1.899088e-06
H1-Error: 4.034414e-03

Writing DATA to output.data...
Run-Time: 0:27.258 [0:27.258]
0xb33059f8 Error: MemoryPool<CUDA> still contains memory chunks on deconstructor call
