NUM-PROCS: 1
Preparing domain...
LVL-MIN: 2 [2]
LVL-MAX: 10 [10]
Creating gates...
Assembling system matrices...
Assembling system filters...
Assembling transfer matrices...
Converting assembled linear system from SparseMatrixCSR, Mem:main to SparseMatrixELL, Mem:cudaand to SparseMatrixELL, Mem:cuda...
PCG: 0 : 9.473711e-03
PCG: 1 : 5.067392e-03 / 5.348898e-01
PCG: 2 : 3.096539e-03 / 3.268559e-01
PCG: 3 : 1.162282e-03 / 1.226850e-01
PCG: 4 : 3.277707e-04 / 3.459791e-02
PCG: 5 : 5.131061e-05 / 5.416105e-03
PCG: 6 : 4.441082e-06 / 4.687796e-04
PCG: 7 : 7.154708e-07 / 7.552170e-05
PCG: 0 : 2.126392e-04
PCG: 1 : 1.686250e-04 / 7.930098e-01
PCG: 2 : 4.137231e-05 / 1.945657e-01
PCG: 3 : 5.811425e-06 / 2.732998e-02
PCG: 4 : 6.150249e-07 / 2.892340e-03
PCG: 5 : 7.427290e-08 / 3.492907e-04
PCG: 6 : 9.684282e-09 / 4.554326e-05
PCG: 7 : 1.265661e-09 / 5.952152e-06
PCG: 0 : 4.148795e-08
PCG: 1 : 6.538202e-08 / 1.575928e+00
PCG: 2 : 9.206931e-09 / 2.219182e-01
PCG: 3 : 1.321029e-09 / 3.184126e-02
PCG: 4 : 1.778694e-10 / 4.287255e-03
PCG: 5 : 3.027276e-11 / 7.296759e-04
PCG: 6 : 5.345305e-12 / 1.288399e-04
PCG: 7 : 7.016932e-13 / 1.691318e-05
PCG: 0 : 2.348421e-11
PCG: 1 : 3.383188e-11 / 1.440622e+00
PCG: 2 : 5.455407e-12 / 2.323011e-01
PCG: 3 : 8.704750e-13 / 3.706639e-02
PCG: 4 : 1.249220e-13 / 5.319402e-03
PCG: 5 : 2.167737e-14 / 9.230614e-04
PCG: 6 : 3.637521e-15 / 1.548922e-04
PCG: 7 : 4.569407e-16 / 1.945736e-05

PCG ( VCycle ( S: Scale / C: Scale )  )

Complete solver TOE: 7.23014
0.0061261 GFlop/s [0.0061261 GFlops/s]

Total time: 7.23014s
Accumulated op time: 2.45702

Reductions: 32.0878%
Blas-1: 0.909526%
Blas-2: 0.985707%
Precon Kernels: 0%
MPI Execution: 0%
MPI Wait: 0%
Not covered: 66.017%

Domain size: 106.948 MByte
LA size: 356.564 MByte
MPI size: 10.698 MByte

H0-Error: 4.290881e-07
H1-Error: 2.017209e-03

Writing DATA to output.data...
Run-Time: 0:18.843 [0:18.843]
0xb32df9f8 Error: MemoryPool<CUDA> still contains memory chunks on deconstructor call
