NUM-PROCS: 1
Preparing domain...
LVL-MIN: 2 [2]
LVL-MAX: 10 [10]
Creating gates...
Assembling system matrices...
Assembling system filters...
Assembling transfer matrices...
Converting assembled linear system from SparseMatrixCSR, Mem:main to SparseMatrixELL, Mem:cudaand to SparseMatrixELL, Mem:cuda...
PCG:  0 : 9.473710e-03
PCG:  1 : 5.067391e-03 / 5.348898e-01
PCG:  2 : 3.096539e-03 / 3.268560e-01
PCG:  3 : 1.162282e-03 / 1.226850e-01
PCG:  4 : 3.277708e-04 / 3.459793e-02
PCG:  5 : 5.131067e-05 / 5.416112e-03
PCG:  6 : 4.441092e-06 / 4.687806e-04
PCG:  7 : 7.154808e-07 / 7.552277e-05
PCG:  8 : 5.584617e-07 / 5.894857e-05
PCG:  9 : 1.062735e-07 / 1.121773e-05
PCG: 10 : 9.028716e-09 / 9.530286e-07
PCG:  0 : 2.129426e-04
PCG:  1 : 1.690212e-04 / 7.937403e-01
PCG:  2 : 4.159414e-05 / 1.953302e-01
PCG:  3 : 5.842038e-06 / 2.743480e-02
PCG:  4 : 6.156701e-07 / 2.891249e-03
PCG:  5 : 7.421618e-08 / 3.485266e-04
PCG:  6 : 9.695228e-09 / 4.552976e-05
PCG:  7 : 1.259881e-09 / 5.916527e-06
PCG:  8 : 1.840764e-10 / 8.644411e-07
PCG:  9 : 3.565104e-11 / 1.674209e-07
PCG: 10 : 6.309272e-12 / 2.962897e-08
PCG:  0 : 4.206071e-08
PCG:  1 : 6.608737e-08 / 1.571238e+00
PCG:  2 : 9.182807e-09 / 2.183227e-01
PCG:  3 : 1.311852e-09 / 3.118949e-02
PCG:  4 : 1.787637e-10 / 4.250135e-03
PCG:  5 : 3.064010e-11 / 7.284733e-04
PCG:  6 : 5.355447e-12 / 1.273266e-04
PCG:  7 : 6.740457e-13 / 1.602555e-05
PCG:  8 : 7.750665e-14 / 1.842733e-06
PCG:  9 : 2.137773e-14 / 5.082590e-07
PCG: 10 : 1.319266e-14 / 3.136577e-07
PCG:  0 : 2.341797e-11
PCG:  1 : 3.564534e-11 / 1.522136e+00
PCG:  2 : 5.936492e-12 / 2.535016e-01
PCG:  3 : 1.169284e-12 / 4.993108e-02
PCG:  4 : 2.015340e-13 / 8.605957e-03
PCG:  5 : 3.042508e-14 / 1.299220e-03
PCG:  6 : 4.123192e-15 / 1.760696e-04
PCG:  7 : 4.684874e-16 / 2.000547e-05
PCG:  8 : 5.112083e-17 / 2.182974e-06
PCG:  9 : 2.280206e-17 / 9.736995e-07
PCG: 10 : 9.614174e-18 / 4.105469e-07

PCG ( VCycle ( S: Scale / C: Scale )  )

Complete solver TOE: 0.40519
15.0824 GFlop/s [15.0824 GFlops/s]

Total time: 0.40519s
Accumulated op time: 0.168785

Reductions: 40.1434%
Blas-1: 0.741381%
Blas-2: 0.770996%
Precon Kernels: 0%
MPI Execution: 0%
MPI Wait: 0%
Not covered: 58.3442%

Domain size: 192.437 MByte
LA size: 483.444 MByte
MPI size: 10.698 MByte

H0-Error: 4.290974e-07
H1-Error: 2.017209e-03

Writing DATA to output.data...
Run-Time: 0:03.171 [0:03.171]
0x31d198e880 Error: MemoryPool<CUDA> still contains memory chunks on deconstructor call
