NUM-PROCS: 1
Preparing domain...
LVL-MIN: 3 [3]
LVL-MAX: 8 [8]
Creating gates...
Assembling system matrices...
Assembling system filters...
Assembling transfer matrices...
Converting assembled linear system from SparseMatrixCSR, Mem:main to SparseMatrixELL, Mem:cudaand to SparseMatrixELL, Mem:cuda...
PCG: 0 : 3.788187e-02
PCG: 1 : 3.863712e-02 / 1.019937e+00
PCG: 2 : 4.165920e-02 / 1.099713e+00
PCG: 3 : 2.963627e-02 / 7.823339e-01
PCG: 4 : 5.199974e-03 / 1.372681e-01
PCG: 0 : 5.385174e-03
PCG: 1 : 9.224162e-04 / 1.712881e-01
PCG: 2 : 9.567595e-05 / 1.776655e-02
PCG: 3 : 4.479587e-05 / 8.318370e-03
PCG: 4 : 6.226834e-05 / 1.156292e-02
PCG: 0 : 6.226837e-05
PCG: 1 : 3.817529e-05 / 6.130768e-01
PCG: 2 : 2.914339e-05 / 4.680288e-01
PCG: 3 : 3.532811e-05 / 5.673524e-01
PCG: 4 : 1.192929e-05 / 1.915787e-01
PCG: 0 : 1.192930e-05
PCG: 1 : 2.701257e-06 / 2.264388e-01
PCG: 2 : 5.500586e-07 / 4.610988e-02
PCG: 3 : 2.296396e-07 / 1.925005e-02
PCG: 4 : 1.925136e-07 / 1.613788e-02
PCG: 0 : 1.925136e-07
PCG: 1 : 1.081177e-07 / 5.616110e-01
PCG: 2 : 1.112215e-07 / 5.777333e-01
PCG: 3 : 1.506000e-07 / 7.822827e-01
PCG: 4 : 5.745277e-08 / 2.984349e-01
PCG: 0 : 5.745277e-08
PCG: 1 : 1.262636e-08 / 2.197694e-01
PCG: 2 : 2.764083e-09 / 4.811053e-02
PCG: 3 : 1.196918e-09 / 2.083308e-02
PCG: 4 : 9.505894e-10 / 1.654558e-02
PCG: 0 : 9.505891e-10
PCG: 1 : 5.348467e-10 / 5.626476e-01
PCG: 2 : 5.466853e-10 / 5.751016e-01
PCG: 3 : 7.428744e-10 / 7.814885e-01
PCG: 4 : 2.957108e-10 / 3.110816e-01

PCG ( VCycle ( S: Scale / C: Scale )  )

Complete solver TOE: 0.084007
3.35161 GFlop/s [3.35161 GFlops/s]

Total time: 0.084007s
Accumulated op time: 0.019818

Reductions: 20.0281%
Blas-1: 1.79628%
Blas-2: 1.76652%
Precon Kernels: 0%
MPI Execution: 0%
MPI Wait: 0%
Not covered: 76.4091%

Domain size: 12.1052 MByte
LA size: 30.3707 MByte
MPI size: 0.674332 MByte

H0-Error: 6.865373e-06
H1-Error: 8.068795e-03

Writing DATA to output.data...
Run-Time: 0:00.290 [0:00.290]
0x31d198e880 Error: MemoryPool<CUDA> still contains memory chunks on deconstructor call
