NUM-PROCS: 1
Preparing domain...
LVL-MIN: 4 [4]
LVL-MAX: 11 [11]
Creating gates...
Assembling system matrices...
Assembling system filters...
Assembling transfer matrices...
Converting assembled linear system from SparseMatrixCSR, Mem:main to SparseMatrixCSR, Mem:mainand to SparseMatrixCSR, Mem:main...
PCG: 0 : 4.717541e-03
PCG: 1 : 9.589627e-03 / 2.032760e+00
PCG: 2 : 1.439332e-02 / 3.051021e+00
PCG: 3 : 3.675831e-02 / 7.791837e+00
PCG: 4 : 4.834791e-02 / 1.024854e+01
PCG: 5 : 3.465525e-02 / 7.346041e+00
PCG: 0 : 3.465538e-02
PCG: 1 : 2.544350e-02 / 7.341861e-01
PCG: 2 : 7.249700e-03 / 2.091940e-01
PCG: 3 : 3.986445e-03 / 1.150310e-01
PCG: 4 : 4.073400e-03 / 1.175402e-01
PCG: 5 : 4.418310e-03 / 1.274928e-01
PCG: 0 : 4.418312e-03
PCG: 1 : 2.785038e-03 / 6.303398e-01
PCG: 2 : 2.992329e-03 / 6.772560e-01
PCG: 3 : 2.675260e-03 / 6.054937e-01
PCG: 4 : 1.764051e-03 / 3.992591e-01
PCG: 5 : 9.046865e-04 / 2.047584e-01
PCG: 0 : 9.046859e-04
PCG: 1 : 8.356342e-04 / 9.236734e-01
PCG: 2 : 7.803726e-04 / 8.625896e-01
PCG: 3 : 5.069813e-04 / 5.603949e-01
PCG: 4 : 2.943816e-04 / 3.253965e-01
PCG: 5 : 3.220417e-04 / 3.559707e-01
PCG: 0 : 3.220414e-04
PCG: 1 : 2.276965e-04 / 7.070411e-01
PCG: 2 : 2.923757e-04 / 9.078825e-01
PCG: 3 : 2.233033e-04 / 6.933995e-01
PCG: 4 : 1.287104e-04 / 3.996703e-01
PCG: 5 : 8.312343e-05 / 2.581141e-01
PCG: 0 : 8.312372e-05
PCG: 1 : 7.569494e-05 / 9.106299e-01
PCG: 2 : 7.590725e-05 / 9.131840e-01
PCG: 3 : 5.136870e-05 / 6.179789e-01
PCG: 4 : 2.805673e-05 / 3.375297e-01
PCG: 5 : 3.193808e-05 / 3.842234e-01
PCG: 0 : 3.193811e-05
PCG: 1 : 2.224256e-05 / 6.964270e-01
PCG: 2 : 2.879741e-05 / 9.016628e-01
PCG: 3 : 2.233227e-05 / 6.992357e-01
PCG: 4 : 1.291155e-05 / 4.042677e-01
PCG: 5 : 8.551061e-06 / 2.677385e-01
PCG: 0 : 8.551083e-06
PCG: 1 : 7.649753e-06 / 8.945946e-01
PCG: 2 : 7.603304e-06 / 8.891627e-01
PCG: 3 : 5.111504e-06 / 5.977610e-01
PCG: 4 : 2.800410e-06 / 3.274918e-01
PCG: 5 : 3.214690e-06 / 3.759395e-01
PCG: 0 : 3.214691e-06
PCG: 1 : 2.203828e-06 / 6.855490e-01
PCG: 2 : 2.864447e-06 / 8.910489e-01
PCG: 3 : 2.253999e-06 / 7.011557e-01
PCG: 4 : 1.314015e-06 / 4.087532e-01
PCG: 5 : 8.863796e-07 / 2.757278e-01
PCG: 0 : 8.863798e-07
PCG: 1 : 7.772295e-07 / 8.768584e-01
PCG: 2 : 7.685447e-07 / 8.670602e-01
PCG: 3 : 5.134672e-07 / 5.792858e-01
PCG: 4 : 2.823690e-07 / 3.185644e-01
PCG: 5 : 3.286423e-07 / 3.707692e-01
PCG: 0 : 3.286430e-07
PCG: 1 : 2.213710e-07 / 6.735912e-01
PCG: 2 : 2.883669e-07 / 8.774473e-01
PCG: 3 : 2.305648e-07 / 7.015661e-01
PCG: 4 : 1.341124e-07 / 4.080793e-01
PCG: 5 : 9.220941e-08 / 2.805762e-01
PCG: 0 : 9.220934e-08
PCG: 1 : 7.955246e-08 / 8.627376e-01
PCG: 2 : 7.864846e-08 / 8.529338e-01
PCG: 3 : 5.206965e-08 / 5.646896e-01
PCG: 4 : 2.877986e-08 / 3.121144e-01
PCG: 5 : 3.405852e-08 / 3.693608e-01
PCG: 0 : 3.405856e-08
PCG: 1 : 2.247826e-08 / 6.599885e-01
PCG: 2 : 2.938047e-08 / 8.626458e-01
PCG: 3 : 2.369386e-08 / 6.956801e-01
PCG: 4 : 1.382358e-08 / 4.058766e-01
PCG: 5 : 9.670787e-09 / 2.839458e-01
PCG: 0 : 9.670783e-09
PCG: 1 : 8.180142e-09 / 8.458614e-01
PCG: 2 : 8.109763e-09 / 8.385838e-01
PCG: 3 : 5.346569e-09 / 5.528579e-01
PCG: 4 : 2.956721e-09 / 3.057375e-01
PCG: 5 : 3.567386e-09 / 3.688829e-01
PCG: 0 : 3.567388e-09
PCG: 1 : 2.301876e-09 / 6.452554e-01
PCG: 2 : 3.011283e-09 / 8.441142e-01
PCG: 3 : 2.471033e-09 / 6.926728e-01
PCG: 4 : 1.433958e-09 / 4.019629e-01
PCG: 5 : 1.026040e-09 / 2.876166e-01

PCG ( VCycle ( S: Scale / C: Scale )  )

Complete solver TOE: 23.4278
2.02122 GFlop/s [2.02122 GFlops/s]

Total time: 23.4278s
Accumulated op time: 22.6589

Reductions: 5.91462%
Blas-1: 6.57738%
Blas-2: 84.226%
Precon Kernels: 0%
MPI Execution: 0%
MPI Wait: 0%
Not covered: 3.28198%

Domain size: 768.86 MByte
LA size: 1932.08 MByte
MPI size: 42.7285 MByte

H0-Error: 1.076585e-07
H1-Error: 1.008605e-03

Writing DATA to output.data...
Run-Time: 0:32.572 [0:32.572]
0x31d198e880 Error: MemoryPool<CPU> still contains memory chunks on deconstructor call
