NUM-PROCS: 1
Preparing domain...
LVL-MIN: 5 [5]
LVL-MAX: 10 [10]
Creating gates...
Assembling system matrices...
Assembling system filters...
Assembling transfer matrices...
Converting assembled linear system from SparseMatrixCSR, Mem:main to SparseMatrixELL, Mem:cudaand to SparseMatrixELL, Mem:cuda...
PCG: 0 : 9.473710e-03
PCG: 1 : 4.064152e-02 / 4.289926e+00
PCG: 2 : 4.515618e-02 / 4.766472e+00
PCG: 3 : 1.234715e-01 / 1.303307e+01
PCG: 4 : 2.105808e-01 / 2.222791e+01
PCG: 5 : 1.790863e-01 / 1.890350e+01
PCG: 0 : 1.790853e-01
PCG: 1 : 1.693197e-01 / 9.454695e-01
PCG: 2 : 8.173740e-02 / 4.564161e-01
PCG: 3 : 3.474386e-02 / 1.940074e-01
PCG: 4 : 5.436981e-02 / 3.035973e-01
PCG: 5 : 7.855694e-02 / 4.386566e-01
PCG: 0 : 7.855695e-02
PCG: 1 : 4.503960e-02 / 5.733370e-01
PCG: 2 : 2.933383e-02 / 3.734085e-01
PCG: 3 : 2.196461e-02 / 2.796012e-01
PCG: 4 : 2.530236e-02 / 3.220894e-01
PCG: 5 : 4.516806e-02 / 5.749722e-01
PCG: 0 : 4.516806e-02
PCG: 1 : 2.914763e-02 / 6.453151e-01
PCG: 2 : 1.487770e-02 / 3.293854e-01
PCG: 3 : 7.937850e-03 / 1.757403e-01
PCG: 4 : 1.331980e-02 / 2.948942e-01
PCG: 5 : 2.855715e-02 / 6.322421e-01
PCG: 0 : 2.855715e-02
PCG: 1 : 1.821360e-02 / 6.377947e-01
PCG: 2 : 1.410614e-02 / 4.939616e-01
PCG: 3 : 1.222318e-02 / 4.280251e-01
PCG: 4 : 1.390661e-02 / 4.869746e-01
PCG: 5 : 1.992364e-02 / 6.976761e-01
PCG: 0 : 1.992364e-02
PCG: 1 : 1.428647e-02 / 7.170610e-01
PCG: 2 : 8.769700e-03 / 4.401655e-01
PCG: 3 : 4.747900e-03 / 2.383048e-01
PCG: 4 : 6.911910e-03 / 3.469200e-01
PCG: 5 : 1.341040e-02 / 6.730900e-01
PCG: 0 : 1.341040e-02
PCG: 1 : 8.960375e-03 / 6.681660e-01
PCG: 2 : 7.000166e-03 / 5.219952e-01
PCG: 3 : 6.366841e-03 / 4.747688e-01
PCG: 4 : 7.519298e-03 / 5.607064e-01
PCG: 5 : 9.701892e-03 / 7.234601e-01
PCG: 0 : 9.701892e-03
PCG: 1 : 7.155092e-03 / 7.374945e-01
PCG: 2 : 4.564059e-03 / 4.704298e-01
PCG: 3 : 2.963093e-03 / 3.054140e-01
PCG: 4 : 4.461730e-03 / 4.598825e-01
PCG: 5 : 7.433175e-03 / 7.661573e-01
PCG: 0 : 7.433175e-03
PCG: 1 : 4.993029e-03 / 6.717222e-01
PCG: 2 : 3.599711e-03 / 4.842763e-01
PCG: 3 : 3.294552e-03 / 4.432227e-01
PCG: 4 : 4.165404e-03 / 5.603802e-01
PCG: 5 : 4.988655e-03 / 6.711338e-01
PCG: 0 : 4.988655e-03
PCG: 1 : 3.675499e-03 / 7.367716e-01
PCG: 2 : 2.332536e-03 / 4.675680e-01
PCG: 3 : 1.888520e-03 / 3.785630e-01
PCG: 4 : 2.889638e-03 / 5.792419e-01
PCG: 5 : 4.158997e-03 / 8.336911e-01
PCG: 0 : 4.158997e-03
PCG: 1 : 2.798796e-03 / 6.729498e-01
PCG: 2 : 1.893679e-03 / 4.553210e-01
PCG: 3 : 1.729367e-03 / 4.158136e-01
PCG: 4 : 2.274801e-03 / 5.469592e-01
PCG: 5 : 2.566094e-03 / 6.169983e-01
PCG: 0 : 2.566094e-03
PCG: 1 : 1.906304e-03 / 7.428818e-01
PCG: 2 : 1.242799e-03 / 4.843155e-01
PCG: 3 : 1.183560e-03 / 4.612302e-01
PCG: 4 : 1.712161e-03 / 6.672246e-01
PCG: 5 : 2.248540e-03 / 8.762501e-01
PCG: 0 : 2.248540e-03
PCG: 1 : 1.531131e-03 / 6.809444e-01
PCG: 2 : 1.023349e-03 / 4.551170e-01
PCG: 3 : 9.142329e-04 / 4.065895e-01
PCG: 4 : 1.192253e-03 / 5.302340e-01
PCG: 5 : 1.326749e-03 / 5.900490e-01
PCG: 0 : 1.326749e-03
PCG: 1 : 1.000152e-03 / 7.538365e-01
PCG: 2 : 6.827243e-04 / 5.145845e-01
PCG: 3 : 6.980888e-04 / 5.261650e-01
PCG: 4 : 9.444430e-04 / 7.118476e-01
PCG: 5 : 1.204634e-03 / 9.079589e-01
PCG: 0 : 1.204634e-03
PCG: 1 : 8.282899e-04 / 6.875866e-01
PCG: 2 : 5.606643e-04 / 4.654232e-01
PCG: 3 : 4.862247e-04 / 4.036288e-01
PCG: 4 : 6.167768e-04 / 5.120037e-01
PCG: 5 : 6.993245e-04 / 5.805289e-01
PCG: 0 : 6.993245e-04
PCG: 1 : 5.310809e-04 / 7.594199e-01
PCG: 2 : 3.756954e-04 / 5.372262e-01
PCG: 3 : 3.942833e-04 / 5.638059e-01
PCG: 4 : 5.092565e-04 / 7.282121e-01
PCG: 5 : 6.500704e-04 / 9.295691e-01
PCG: 0 : 6.500704e-04
PCG: 1 : 4.471331e-04 / 6.878226e-01
PCG: 2 : 3.064395e-04 / 4.713943e-01
PCG: 3 : 2.602506e-04 / 4.003422e-01
PCG: 4 : 3.233692e-04 / 4.974372e-01
PCG: 5 : 3.754463e-04 / 5.775471e-01
PCG: 0 : 3.754463e-04
PCG: 1 : 2.844619e-04 / 7.576634e-01
PCG: 2 : 2.052481e-04 / 5.466775e-01
PCG: 3 : 2.178501e-04 / 5.802431e-01
PCG: 4 : 2.746489e-04 / 7.315263e-01
PCG: 5 : 3.537657e-04 / 9.422537e-01
PCG: 0 : 3.537657e-04
PCG: 1 : 2.415606e-04 / 6.828265e-01
PCG: 2 : 1.666270e-04 / 4.710093e-01
PCG: 3 : 1.399531e-04 / 3.956096e-01
PCG: 4 : 1.722512e-04 / 4.869076e-01
PCG: 5 : 2.039388e-04 / 5.764799e-01
PCG: 0 : 2.039388e-04
PCG: 1 : 1.531983e-04 / 7.511974e-01
PCG: 2 : 1.115209e-04 / 5.468349e-01
PCG: 3 : 1.191493e-04 / 5.842405e-01
PCG: 4 : 1.486843e-04 / 7.290635e-01
PCG: 5 : 1.935546e-04 / 9.490817e-01
PCG: 0 : 1.935546e-04
PCG: 1 : 1.306733e-04 / 6.751239e-01
PCG: 2 : 9.034661e-05 / 4.667758e-01
PCG: 3 : 7.549793e-05 / 3.900601e-01
PCG: 4 : 9.268613e-05 / 4.788630e-01
PCG: 5 : 1.114882e-04 / 5.760041e-01
PCG: 0 : 1.114882e-04
PCG: 1 : 8.279664e-05 / 7.426491e-01
PCG: 2 : 6.045532e-05 / 5.422574e-01
PCG: 3 : 6.487998e-05 / 5.819446e-01
PCG: 4 : 8.069853e-05 / 7.238300e-01
PCG: 5 : 1.062106e-04 / 9.526615e-01
PCG: 0 : 1.062106e-04
PCG: 1 : 7.078803e-05 / 6.664876e-01
PCG: 2 : 4.895746e-05 / 4.609472e-01
PCG: 3 : 4.081614e-05 / 3.842946e-01
PCG: 4 : 5.013887e-05 / 4.720704e-01
PCG: 5 : 6.115076e-05 / 5.757503e-01
PCG: 0 : 6.115076e-05
PCG: 1 : 4.485875e-05 / 7.335762e-01
PCG: 2 : 3.276395e-05 / 5.357898e-01
PCG: 3 : 3.527338e-05 / 5.768266e-01
PCG: 4 : 4.386096e-05 / 7.172593e-01
PCG: 5 : 5.837020e-05 / 9.545293e-01
PCG: 0 : 5.837020e-05
PCG: 1 : 3.839993e-05 / 6.578688e-01
PCG: 2 : 2.654754e-05 / 4.548133e-01
PCG: 3 : 2.210421e-05 / 3.786900e-01
PCG: 4 : 2.719808e-05 / 4.659582e-01
PCG: 5 : 3.359634e-05 / 5.755735e-01
PCG: 0 : 3.359635e-05
PCG: 1 : 2.435089e-05 / 7.248076e-01
PCG: 2 : 1.777149e-05 / 5.289710e-01
PCG: 3 : 1.917493e-05 / 5.707444e-01
PCG: 4 : 2.386090e-05 / 7.102232e-01
PCG: 5 : 3.209895e-05 / 9.554299e-01
PCG: 0 : 3.209895e-05
PCG: 1 : 2.085855e-05 / 6.498201e-01
PCG: 2 : 1.441517e-05 / 4.490852e-01
PCG: 3 : 1.198975e-05 / 3.735247e-01
PCG: 4 : 1.477754e-05 / 4.603745e-01
PCG: 5 : 1.847151e-05 / 5.754552e-01
PCG: 0 : 1.847151e-05
PCG: 1 : 1.323926e-05 / 7.167396e-01
PCG: 2 : 9.653203e-06 / 5.225995e-01
PCG: 3 : 1.043048e-05 / 5.646794e-01
PCG: 4 : 1.299031e-05 / 7.032618e-01
PCG: 5 : 1.765333e-05 / 9.557056e-01
PCG: 0 : 1.765332e-05
PCG: 1 : 1.134465e-05 / 6.426355e-01
PCG: 2 : 7.840481e-06 / 4.441362e-01
PCG: 3 : 6.513665e-06 / 3.689767e-01
PCG: 4 : 8.038010e-06 / 4.553255e-01
PCG: 5 : 1.015737e-05 / 5.753798e-01
PCG: 0 : 1.015737e-05
PCG: 1 : 7.207452e-06 / 7.095788e-01
PCG: 2 : 5.252173e-06 / 5.170801e-01
PCG: 3 : 5.679930e-06 / 5.591931e-01
PCG: 4 : 7.077178e-06 / 6.967531e-01
PCG: 5 : 9.705456e-06 / 9.555090e-01
PCG: 0 : 9.705457e-06
PCG: 1 : 6.177499e-06 / 6.364975e-01
PCG: 2 : 4.272030e-06 / 4.401679e-01
PCG: 3 : 3.544146e-06 / 3.651705e-01
PCG: 4 : 4.376255e-06 / 4.509067e-01
PCG: 5 : 5.584448e-06 / 5.753926e-01
PCG: 0 : 5.584448e-06
PCG: 1 : 3.928096e-06 / 7.033992e-01
PCG: 2 : 2.862440e-06 / 5.125735e-01
PCG: 3 : 3.096859e-06 / 5.545506e-01
PCG: 4 : 3.858540e-06 / 6.909439e-01
PCG: 5 : 5.332963e-06 / 9.549668e-01
PCG: 0 : 5.332962e-06
PCG: 1 : 3.367424e-06 / 6.314360e-01
PCG: 2 : 2.331665e-06 / 4.372176e-01
PCG: 3 : 1.931228e-06 / 3.621305e-01
PCG: 4 : 2.384788e-06 / 4.471789e-01
PCG: 5 : 3.068963e-06 / 5.754706e-01
PCG: 0 : 3.068963e-06
PCG: 1 : 2.142900e-06 / 6.982490e-01
PCG: 2 : 1.562445e-06 / 5.091118e-01
PCG: 3 : 1.690629e-06 / 5.508797e-01
PCG: 4 : 2.105322e-06 / 6.860043e-01
PCG: 5 : 2.928414e-06 / 9.542032e-01
PCG: 0 : 2.928415e-06
PCG: 1 : 1.837372e-06 / 6.274288e-01
PCG: 2 : 1.274580e-06 / 4.352457e-01
PCG: 3 : 1.053730e-06 / 3.598294e-01
PCG: 4 : 1.300753e-06 / 4.441833e-01
PCG: 5 : 1.685570e-06 / 5.755914e-01
PCG: 0 : 1.685570e-06
PCG: 1 : 1.170049e-06 / 6.941559e-01
PCG: 2 : 8.540067e-07 / 5.066574e-01
PCG: 3 : 9.239808e-07 / 5.481710e-01
PCG: 4 : 1.149607e-06 / 6.820288e-01
PCG: 5 : 1.606918e-06 / 9.533381e-01
PCG: 0 : 1.606919e-06
PCG: 1 : 1.003380e-06 / 6.244127e-01
PCG: 2 : 6.976245e-07 / 4.341381e-01
PCG: 3 : 5.756060e-07 / 3.582048e-01
PCG: 4 : 7.101644e-07 / 4.419418e-01
PCG: 5 : 9.251212e-07 / 5.757114e-01
PCG: 0 : 9.251212e-07
PCG: 1 : 6.393944e-07 / 6.911467e-01
PCG: 2 : 4.673150e-07 / 5.051393e-01
PCG: 3 : 5.054489e-07 / 5.463597e-01
PCG: 4 : 6.282405e-07 / 6.790900e-01
PCG: 5 : 8.811183e-07 / 9.524356e-01
PCG: 0 : 8.811182e-07
PCG: 1 : 5.483898e-07 / 6.223794e-01
PCG: 2 : 3.822291e-07 / 4.338000e-01
PCG: 3 : 3.147202e-07 / 3.571827e-01
PCG: 4 : 3.881026e-07 / 4.404660e-01
PCG: 5 : 5.073582e-07 / 5.758117e-01
PCG: 0 : 5.073582e-07
PCG: 1 : 3.496964e-07 / 6.892496e-01
PCG: 2 : 2.559473e-07 / 5.044706e-01
PCG: 3 : 2.766931e-07 / 5.453606e-01
PCG: 4 : 3.436115e-07 / 6.772563e-01
PCG: 5 : 4.827601e-07 / 9.515175e-01
PCG: 0 : 4.827601e-07
PCG: 1 : 2.999714e-07 / 6.213675e-01
PCG: 2 : 2.095867e-07 / 4.341424e-01
PCG: 3 : 1.722010e-07 / 3.567010e-01
PCG: 4 : 2.123140e-07 / 4.397919e-01
PCG: 5 : 2.780200e-07 / 5.758967e-01
PCG: 0 : 2.780200e-07
PCG: 1 : 1.914185e-07 / 6.885063e-01
PCG: 2 : 1.402792e-07 / 5.045651e-01
PCG: 3 : 1.515408e-07 / 5.450715e-01
PCG: 4 : 1.881146e-07 / 6.766227e-01
PCG: 5 : 2.642660e-07 / 9.505288e-01
PCG: 0 : 2.642660e-07
PCG: 1 : 1.642390e-07 / 6.214912e-01
PCG: 2 : 1.149864e-07 / 4.351162e-01
PCG: 3 : 9.427092e-08 / 3.567274e-01
PCG: 4 : 1.162759e-07 / 4.399958e-01
PCG: 5 : 1.522198e-07 / 5.760099e-01
PCG: 0 : 1.522198e-07
PCG: 1 : 1.048785e-07 / 6.889935e-01
PCG: 2 : 7.692421e-08 / 5.053496e-01
PCG: 3 : 8.302275e-08 / 5.454136e-01
PCG: 4 : 1.030985e-07 / 6.773002e-01
PCG: 5 : 1.445165e-07 / 9.493933e-01
PCG: 0 : 1.445165e-07
PCG: 1 : 9.002202e-08 / 6.229188e-01
PCG: 2 : 6.311016e-08 / 4.366987e-01
PCG: 3 : 5.162875e-08 / 3.572516e-01
PCG: 4 : 6.375642e-08 / 4.411707e-01
PCG: 5 : 8.326563e-08 / 5.761671e-01
PCG: 0 : 8.326563e-08
PCG: 1 : 5.752471e-08 / 6.908579e-01
PCG: 2 : 4.219942e-08 / 5.068048e-01
PCG: 3 : 4.549346e-08 / 5.463654e-01
PCG: 4 : 5.657665e-08 / 6.794719e-01
PCG: 5 : 7.894266e-08 / 9.480821e-01
PCG: 0 : 7.894265e-08
PCG: 1 : 4.940657e-08 / 6.258540e-01
PCG: 2 : 3.464713e-08 / 4.388899e-01
PCG: 3 : 2.828423e-08 / 3.582883e-01
PCG: 4 : 3.500584e-08 / 4.434338e-01
PCG: 5 : 4.550067e-08 / 5.763763e-01
PCG: 0 : 4.550067e-08
PCG: 1 : 3.159142e-08 / 6.943066e-01
PCG: 2 : 2.315730e-08 / 5.089441e-01
PCG: 3 : 2.493226e-08 / 5.479537e-01
PCG: 4 : 3.109147e-08 / 6.833190e-01
PCG: 5 : 4.307380e-08 / 9.466629e-01
PCG: 0 : 4.307380e-08
PCG: 1 : 2.715572e-08 / 6.304463e-01
PCG: 2 : 1.902381e-08 / 4.416562e-01
PCG: 3 : 1.550056e-08 / 3.598605e-01
PCG: 4 : 1.924841e-08 / 4.468704e-01
PCG: 5 : 2.483725e-08 / 5.766208e-01
PCG: 0 : 2.483725e-08
PCG: 1 : 1.737425e-08 / 6.995239e-01
PCG: 2 : 1.271115e-08 / 5.117776e-01
PCG: 3 : 1.366645e-08 / 5.502401e-01
PCG: 4 : 1.711237e-08 / 6.889802e-01
PCG: 5 : 2.347696e-08 / 9.452319e-01
PCG: 0 : 2.347696e-08
PCG: 1 : 1.494985e-08 / 6.367882e-01
PCG: 2 : 1.044619e-08 / 4.449547e-01
PCG: 3 : 8.498695e-09 / 3.620014e-01
PCG: 4 : 1.060017e-08 / 4.515138e-01
PCG: 5 : 1.354369e-08 / 5.768929e-01
PCG: 0 : 1.354369e-08
PCG: 1 : 9.570034e-09 / 7.066044e-01
PCG: 2 : 6.978872e-09 / 5.152857e-01
PCG: 3 : 7.493928e-09 / 5.533149e-01
PCG: 4 : 9.432878e-09 / 6.964775e-01
PCG: 5 : 1.278466e-08 / 9.439566e-01

PCG ( VCycle ( S: Scale / C: Scale )  )

Complete solver TOE: 1.3641
30.0829 GFlop/s [30.0829 GFlops/s]

Total time: 1.3641s
Accumulated op time: 1.09811

Reductions: 78.525%
Blas-1: 0.981966%
Blas-2: 0.994062%
Precon Kernels: 0%
MPI Execution: 0%
MPI Wait: 0%
Not covered: 19.499%

Domain size: 192.384 MByte
LA size: 483.107 MByte
MPI size: 10.695 MByte

H0-Error: 4.362348e-07
H1-Error: 2.017209e-03

Writing DATA to output.data...
Run-Time: 0:04.070 [0:04.070]
0x31d198e880 Error: MemoryPool<CUDA> still contains memory chunks on deconstructor call
