NUM-PROCS: 1
Preparing domain...
LVL-MIN: 5 [5]
LVL-MAX: 8 [8]
Creating gates...
Assembling system matrices...
Assembling system filters...
Assembling transfer matrices...
Converting assembled linear system from SparseMatrixCSR, Mem:main to SparseMatrixCSR, Mem:mainand to SparseMatrixCSR, Mem:main...
PCG: 0 : 3.788183e-02
PCG: 1 : 1.531274e-01 / 4.042240e+00
PCG: 2 : 1.362878e-01 / 3.597708e+00
PCG: 3 : 2.921180e-01 / 7.711296e+00
PCG: 4 : 2.872759e-01 / 7.583474e+00
PCG: 0 : 2.875542e-01
PCG: 1 : 2.044425e-01 / 7.109702e-01
PCG: 2 : 9.551661e-02 / 3.321691e-01
PCG: 3 : 1.001735e-01 / 3.483638e-01
PCG: 4 : 1.527939e-01 / 5.313569e-01
PCG: 0 : 1.527939e-01
PCG: 1 : 8.615442e-02 / 5.638602e-01
PCG: 2 : 2.974185e-02 / 1.946533e-01
PCG: 3 : 4.271048e-02 / 2.795300e-01
PCG: 4 : 5.680226e-02 / 3.717573e-01
PCG: 0 : 5.680225e-02
PCG: 1 : 4.119187e-02 / 7.251803e-01
PCG: 2 : 2.784047e-02 / 4.901297e-01
PCG: 3 : 5.437270e-02 / 9.572279e-01
PCG: 4 : 6.060847e-02 / 1.067008e+00
PCG: 0 : 6.060846e-02
PCG: 1 : 4.953640e-02 / 8.173182e-01
PCG: 2 : 1.891142e-02 / 3.120261e-01
PCG: 3 : 1.496700e-02 / 2.469457e-01
PCG: 4 : 2.324051e-02 / 3.834533e-01
PCG: 0 : 2.324051e-02
PCG: 1 : 2.147352e-02 / 9.239694e-01
PCG: 2 : 2.234946e-02 / 9.616596e-01
PCG: 3 : 2.847170e-02 / 1.225089e+00
PCG: 4 : 3.090794e-02 / 1.329916e+00
PCG: 0 : 3.090793e-02
PCG: 1 : 2.789990e-02 / 9.026775e-01
PCG: 2 : 1.697102e-02 / 5.490829e-01
PCG: 3 : 9.062761e-03 / 2.932180e-01
PCG: 4 : 1.121341e-02 / 3.628003e-01
PCG: 0 : 1.121340e-02
PCG: 1 : 1.059148e-02 / 9.445379e-01
PCG: 2 : 1.626253e-02 / 1.450276e+00
PCG: 3 : 1.813271e-02 / 1.617057e+00
PCG: 4 : 1.814792e-02 / 1.618413e+00
PCG: 0 : 1.814792e-02
PCG: 1 : 1.622519e-02 / 8.940524e-01
PCG: 2 : 1.241474e-02 / 6.840862e-01
PCG: 3 : 6.430701e-03 / 3.543493e-01
PCG: 4 : 6.947683e-03 / 3.828364e-01
PCG: 0 : 6.947683e-03
PCG: 1 : 6.364002e-03 / 9.159891e-01
PCG: 2 : 1.087035e-02 / 1.564601e+00
PCG: 3 : 1.164571e-02 / 1.676201e+00
PCG: 4 : 1.140989e-02 / 1.642258e+00
PCG: 0 : 1.140989e-02
PCG: 1 : 1.012707e-02 / 8.875691e-01
PCG: 2 : 8.375002e-03 / 7.340125e-01
PCG: 3 : 4.549993e-03 / 3.987763e-01
PCG: 4 : 4.774635e-03 / 4.184646e-01
PCG: 0 : 4.774635e-03
PCG: 1 : 4.351621e-03 / 9.114039e-01
PCG: 2 : 7.175228e-03 / 1.502780e+00
PCG: 3 : 7.457752e-03 / 1.561952e+00
PCG: 4 : 7.238389e-03 / 1.516009e+00
PCG: 0 : 7.238388e-03
PCG: 1 : 6.457915e-03 / 8.921759e-01
PCG: 2 : 5.539933e-03 / 7.653545e-01
PCG: 3 : 3.201887e-03 / 4.423480e-01
PCG: 4 : 3.313270e-03 / 4.577359e-01
PCG: 0 : 3.313271e-03
PCG: 1 : 3.032177e-03 / 9.151614e-01
PCG: 2 : 4.713495e-03 / 1.422611e+00
PCG: 3 : 4.784842e-03 / 1.444145e+00
PCG: 4 : 4.610265e-03 / 1.391454e+00
PCG: 0 : 4.610266e-03
PCG: 1 : 4.145674e-03 / 8.992268e-01
PCG: 2 : 3.643189e-03 / 7.902340e-01
PCG: 3 : 2.220800e-03 / 4.817076e-01
PCG: 4 : 2.271478e-03 / 4.927000e-01
PCG: 0 : 2.271477e-03
PCG: 1 : 2.090708e-03 / 9.204178e-01
PCG: 2 : 3.091483e-03 / 1.361001e+00
PCG: 3 : 3.084325e-03 / 1.357850e+00
PCG: 4 : 2.954336e-03 / 1.300623e+00
PCG: 0 : 2.954335e-03
PCG: 1 : 2.677121e-03 / 9.061669e-01
PCG: 2 : 2.391322e-03 / 8.094281e-01
PCG: 3 : 1.517463e-03 / 5.136396e-01
PCG: 4 : 1.537007e-03 / 5.202547e-01
PCG: 0 : 1.537007e-03
PCG: 1 : 1.423169e-03 / 9.259350e-01
PCG: 2 : 2.027119e-03 / 1.318874e+00
PCG: 3 : 1.999356e-03 / 1.300811e+00
PCG: 4 : 1.904740e-03 / 1.239252e+00
PCG: 0 : 1.904740e-03
PCG: 1 : 1.738586e-03 / 9.127679e-01
PCG: 2 : 1.568820e-03 / 8.236401e-01
PCG: 3 : 1.025496e-03 / 5.383915e-01
PCG: 4 : 1.029977e-03 / 5.407441e-01
PCG: 0 : 1.029977e-03
PCG: 1 : 9.595907e-04 / 9.316626e-01
PCG: 2 : 1.329459e-03 / 1.290766e+00
PCG: 3 : 1.302577e-03 / 1.264667e+00
PCG: 4 : 1.234118e-03 / 1.198200e+00
PCG: 0 : 1.234119e-03
PCG: 1 : 1.134403e-03 / 9.192012e-01
PCG: 2 : 1.029275e-03 / 8.340159e-01
PCG: 3 : 6.880178e-04 / 5.574973e-01
PCG: 4 : 6.857357e-04 / 5.556481e-01
PCG: 0 : 6.857357e-04
PCG: 1 : 6.429357e-04 / 9.375853e-01
PCG: 2 : 8.721526e-04 / 1.271849e+00
PCG: 3 : 8.519390e-04 / 1.242372e+00
PCG: 4 : 8.025217e-04 / 1.170308e+00
PCG: 0 : 8.025214e-04
PCG: 1 : 7.428120e-04 / 9.255977e-01
PCG: 2 : 6.753997e-04 / 8.415971e-01
PCG: 3 : 4.594602e-04 / 5.725208e-01
PCG: 4 : 4.546524e-04 / 5.665299e-01
PCG: 0 : 4.546523e-04
PCG: 1 : 4.290385e-04 / 9.436628e-01
PCG: 2 : 5.723120e-04 / 1.258791e+00
PCG: 3 : 5.588155e-04 / 1.229105e+00
PCG: 4 : 5.232557e-04 / 1.150892e+00
PCG: 0 : 5.232558e-04
PCG: 1 : 4.876747e-04 / 9.320004e-01
PCG: 2 : 4.432832e-04 / 8.471634e-01
PCG: 3 : 3.059284e-04 / 5.846631e-01
PCG: 4 : 3.006485e-04 / 5.745726e-01
PCG: 0 : 3.006485e-04
PCG: 1 : 2.855776e-04 / 9.498720e-01
PCG: 2 : 3.756430e-04 / 1.249443e+00
PCG: 3 : 3.673126e-04 / 1.221735e+00
PCG: 4 : 3.418466e-04 / 1.137031e+00
PCG: 0 : 3.418466e-04
PCG: 1 : 3.207933e-04 / 9.384131e-01
PCG: 2 : 2.909966e-04 / 8.512490e-01
PCG: 3 : 2.033230e-04 / 5.947784e-01
PCG: 4 : 1.985000e-04 / 5.806698e-01
PCG: 0 : 1.985000e-04
PCG: 1 : 1.897944e-04 / 9.561434e-01
PCG: 2 : 2.466032e-04 / 1.242334e+00
PCG: 3 : 2.417948e-04 / 1.218110e+00
PCG: 4 : 2.236720e-04 / 1.126811e+00
PCG: 0 : 2.236720e-04
PCG: 1 : 2.113281e-04 / 9.448122e-01
PCG: 2 : 1.910535e-04 / 8.541681e-01
PCG: 3 : 1.349724e-04 / 6.034388e-01
PCG: 4 : 1.309575e-04 / 5.854889e-01
PCG: 0 : 1.309575e-04
PCG: 1 : 1.260332e-04 / 9.623979e-01
PCG: 2 : 1.619153e-04 / 1.236396e+00
PCG: 3 : 1.593513e-04 / 1.216817e+00
PCG: 4 : 1.465576e-04 / 1.119124e+00
PCG: 0 : 1.465576e-04
PCG: 1 : 1.393960e-04 / 9.511350e-01
PCG: 2 : 1.254514e-04 / 8.559874e-01
PCG: 3 : 8.953855e-05 / 6.109446e-01
PCG: 4 : 8.638950e-05 / 5.894578e-01
PCG: 0 : 8.638950e-05
PCG: 1 : 8.367147e-05 / 9.685375e-01
PCG: 2 : 1.063189e-04 / 1.230693e+00
PCG: 3 : 1.051089e-04 / 1.216686e+00
PCG: 4 : 9.617059e-05 / 1.113221e+00
PCG: 0 : 9.617059e-05
PCG: 1 : 9.206338e-05 / 9.572924e-01
PCG: 2 : 8.237929e-05 / 8.565955e-01
PCG: 3 : 5.937866e-05 / 6.174306e-01
PCG: 4 : 5.702695e-05 / 5.929770e-01
PCG: 0 : 5.702696e-05
PCG: 1 : 5.556827e-05 / 9.744211e-01
PCG: 2 : 6.981692e-05 / 1.224279e+00
PCG: 3 : 6.938731e-05 / 1.216746e+00
PCG: 4 : 6.322980e-05 / 1.108770e+00
PCG: 0 : 6.322980e-05
PCG: 1 : 6.089725e-05 / 9.631100e-01
PCG: 2 : 5.409601e-05 / 8.555462e-01
PCG: 3 : 3.937845e-05 / 6.227832e-01
PCG: 4 : 3.770648e-05 / 5.963404e-01
PCG: 0 : 3.770648e-05
PCG: 1 : 3.694456e-05 / 9.797932e-01
PCG: 2 : 4.584334e-05 / 1.215795e+00
PCG: 3 : 4.584347e-05 / 1.215798e+00
PCG: 4 : 4.168722e-05 / 1.105572e+00
PCG: 0 : 4.168725e-05
PCG: 1 : 4.036894e-05 / 9.683761e-01
PCG: 2 : 3.551977e-05 / 8.520535e-01
PCG: 3 : 2.612489e-05 / 6.266879e-01
PCG: 4 : 2.500937e-05 / 5.999286e-01
PCG: 0 : 2.500937e-05
PCG: 1 : 2.461549e-05 / 9.842510e-01
PCG: 2 : 3.009547e-05 / 1.203368e+00
PCG: 3 : 3.032126e-05 / 1.212396e+00
PCG: 4 : 2.760347e-05 / 1.103725e+00
PCG: 0 : 2.760346e-05
PCG: 1 : 2.684779e-05 / 9.726239e-01
PCG: 2 : 2.331489e-05 / 8.446365e-01
PCG: 3 : 1.734749e-05 / 6.284533e-01
PCG: 4 : 1.667472e-05 / 6.040809e-01
PCG: 0 : 1.667472e-05
PCG: 1 : 1.646181e-05 / 9.872315e-01
PCG: 2 : 1.974796e-05 / 1.184305e+00
PCG: 3 : 2.008782e-05 / 1.204687e+00
PCG: 4 : 1.840135e-05 / 1.103548e+00
PCG: 0 : 1.840134e-05
PCG: 1 : 1.794520e-05 / 9.752114e-01
PCG: 2 : 1.529413e-05 / 8.311419e-01
PCG: 3 : 1.153921e-05 / 6.270854e-01
PCG: 4 : 1.120931e-05 / 6.091573e-01
PCG: 0 : 1.120931e-05
PCG: 1 : 1.107290e-05 / 9.878303e-01
PCG: 2 : 1.294574e-05 / 1.154909e+00
PCG: 3 : 1.334274e-05 / 1.190326e+00
PCG: 4 : 1.239024e-05 / 1.105352e+00
PCG: 0 : 1.239024e-05
PCG: 1 : 1.208257e-05 / 9.751684e-01
PCG: 2 : 1.001997e-05 / 8.086985e-01
PCG: 3 : 7.699715e-06 / 6.214338e-01
PCG: 4 : 7.625310e-06 / 6.154286e-01
PCG: 0 : 7.625309e-06
PCG: 1 : 7.509437e-06 / 9.848043e-01
PCG: 2 : 8.471648e-06 / 1.110991e+00
PCG: 3 : 8.900528e-06 / 1.167235e+00
PCG: 4 : 8.456486e-06 / 1.109002e+00
PCG: 0 : 8.456486e-06
PCG: 1 : 8.213542e-06 / 9.712713e-01
PCG: 2 : 6.549443e-06 / 7.744875e-01
PCG: 3 : 5.165140e-06 / 6.107903e-01
PCG: 4 : 5.265644e-06 / 6.226751e-01
PCG: 0 : 5.265643e-06
PCG: 1 : 5.143683e-06 / 9.768385e-01
PCG: 2 : 5.527247e-06 / 1.049681e+00
PCG: 3 : 5.977989e-06 / 1.135282e+00
PCG: 4 : 5.863205e-06 / 1.113483e+00
PCG: 0 : 5.863207e-06
PCG: 1 : 5.641505e-06 / 9.621876e-01
PCG: 2 : 4.264480e-06 / 7.273289e-01
PCG: 3 : 3.494088e-06 / 5.959347e-01
PCG: 4 : 3.692443e-06 / 6.297650e-01
PCG: 0 : 3.692443e-06
PCG: 1 : 3.556007e-06 / 9.630500e-01
PCG: 2 : 3.590257e-06 / 9.723258e-01
PCG: 3 : 4.055114e-06 / 1.098220e+00
PCG: 4 : 4.122245e-06 / 1.116401e+00
PCG: 0 : 4.122245e-06
PCG: 1 : 3.905115e-06 / 9.473273e-01
PCG: 2 : 2.762010e-06 / 6.700257e-01
PCG: 3 : 2.390437e-06 / 5.798870e-01
PCG: 4 : 2.616962e-06 / 6.348391e-01
PCG: 0 : 2.616963e-06
PCG: 1 : 2.470039e-06 / 9.438570e-01
PCG: 2 : 2.320235e-06 / 8.866137e-01
PCG: 3 : 2.783376e-06 / 1.063590e+00
PCG: 4 : 2.917923e-06 / 1.115004e+00
PCG: 0 : 2.917923e-06
PCG: 1 : 2.707016e-06 / 9.277203e-01
PCG: 2 : 1.779870e-06 / 6.099786e-01
PCG: 3 : 1.654120e-06 / 5.668828e-01
PCG: 4 : 1.857171e-06 / 6.364701e-01
PCG: 0 : 1.857170e-06
PCG: 1 : 1.711544e-06 / 9.215873e-01
PCG: 2 : 1.494387e-06 / 8.046581e-01
PCG: 3 : 1.928627e-06 / 1.038476e+00
PCG: 4 : 2.058050e-06 / 1.108165e+00
PCG: 0 : 2.058050e-06
PCG: 1 : 1.865327e-06 / 9.063565e-01
PCG: 2 : 1.144978e-06 / 5.563410e-01
PCG: 3 : 1.151470e-06 / 5.594954e-01
PCG: 4 : 1.306483e-06 / 6.348159e-01
PCG: 0 : 1.306483e-06
PCG: 1 : 1.175728e-06 / 8.999180e-01
PCG: 2 : 9.632909e-07 / 7.373160e-01
PCG: 3 : 1.338881e-06 / 1.024798e+00
PCG: 4 : 1.434156e-06 / 1.097723e+00
PCG: 0 : 1.434157e-06
PCG: 1 : 1.271986e-06 / 8.869229e-01
PCG: 2 : 7.390901e-07 / 5.153483e-01
PCG: 3 : 7.990307e-07 / 5.571432e-01
PCG: 4 : 9.056936e-07 / 6.315165e-01
PCG: 0 : 9.056936e-07
PCG: 1 : 7.988330e-07 / 8.820124e-01
PCG: 2 : 6.240749e-07 / 6.890574e-01
PCG: 3 : 9.230584e-07 / 1.019173e+00
PCG: 4 : 9.844163e-07 / 1.086920e+00
PCG: 0 : 9.844161e-07
PCG: 1 : 8.582070e-07 / 8.717929e-01
PCG: 2 : 4.803646e-07 / 4.879690e-01
PCG: 3 : 5.487950e-07 / 5.574827e-01
PCG: 4 : 6.185543e-07 / 6.283463e-01
PCG: 0 : 6.185542e-07
PCG: 1 : 5.375259e-07 / 8.690038e-01
PCG: 2 : 4.069829e-07 / 6.579584e-01
PCG: 3 : 6.290624e-07 / 1.016988e+00
PCG: 4 : 6.668547e-07 / 1.078086e+00
PCG: 0 : 6.668545e-07
PCG: 1 : 5.743062e-07 / 8.612165e-01
PCG: 2 : 3.143676e-07 / 4.714186e-01
PCG: 3 : 3.724196e-07 / 5.584721e-01
PCG: 4 : 4.175396e-07 / 6.261329e-01
PCG: 0 : 4.175397e-07
PCG: 1 : 3.591914e-07 / 8.602570e-01
PCG: 2 : 2.669219e-07 / 6.392732e-01
PCG: 3 : 4.239988e-07 / 1.015470e+00
PCG: 4 : 4.475603e-07 / 1.071899e+00
PCG: 0 : 4.475604e-07
PCG: 1 : 3.822960e-07 / 8.541776e-01
PCG: 2 : 2.067906e-07 / 4.620396e-01
PCG: 3 : 2.502602e-07 / 5.591652e-01
PCG: 4 : 2.796713e-07 / 6.248795e-01
PCG: 0 : 2.796713e-07
PCG: 1 : 2.389737e-07 / 8.544806e-01
PCG: 2 : 1.757535e-07 / 6.284287e-01
PCG: 3 : 2.834867e-07 / 1.013643e+00
PCG: 4 : 2.986622e-07 / 1.067904e+00

PCG ( VCycle ( S: Scale / C: Scale )  )

Complete solver TOE: 4.64838
0.530821 GFlop/s [0.530821 GFlops/s]

Total time: 4.64838s
Accumulated op time: 4.47602

Reductions: 1.91142%
Blas-1: 5.56859%
Blas-2: 88.8121%
Precon Kernels: 0%
MPI Execution: 0%
MPI Wait: 0%
Not covered: 3.70787%

Domain size: 6.70679 MByte
LA size: 22.1625 MByte
MPI size: 0.671448 MByte

H0-Error: 7.068116e-06
H1-Error: 8.068795e-03

Writing DATA to output.data...
Run-Time: 0:05.256 [0:05.256]
0xb33239f8 Error: MemoryPool<CPU> still contains memory chunks on deconstructor call
