NUM-PROCS: 1
Preparing domain...
LVL-MIN: 3 [3]
LVL-MAX: 10 [10]
Creating gates...
Assembling system matrices...
Assembling system filters...
Assembling transfer matrices...
Converting assembled linear system from SparseMatrixCSR, Mem:main to SparseMatrixCSR, Mem:mainand to SparseMatrixCSR, Mem:main...
PCG:  0 : 9.473041e-03
PCG:  1 : 1.006261e-02 / 1.062237e+00
PCG:  2 : 1.258877e-02 / 1.328905e+00
PCG:  3 : 1.013591e-02 / 1.069975e+00
PCG:  4 : 2.931926e-03 / 3.095022e-01
PCG:  5 : 5.951559e-04 / 6.282628e-02
PCG:  6 : 8.540110e-05 / 9.015173e-03
PCG:  7 : 1.482350e-05 / 1.564809e-03
PCG:  8 : 1.493456e-05 / 1.576533e-03
PCG:  9 : 1.586175e-05 / 1.674410e-03
PCG: 10 : 1.874286e-06 / 1.978548e-04
PCG: 11 : 2.207979e-07 / 2.330803e-05
PCG:  0 : 2.184543e-04
PCG:  1 : 4.764633e-04 / 2.181067e+00
PCG:  2 : 2.666356e-04 / 1.220556e+00
PCG:  3 : 4.208022e-05 / 1.926272e-01
PCG:  4 : 1.921079e-05 / 8.793963e-02
PCG:  5 : 3.242681e-06 / 1.484375e-02
PCG:  6 : 6.996532e-07 / 3.202745e-03
PCG:  7 : 3.366218e-07 / 1.540926e-03
PCG:  8 : 1.405595e-07 / 6.434275e-04
PCG:  9 : 3.725890e-08 / 1.705570e-04
PCG: 10 : 1.068345e-08 / 4.890473e-05
PCG: 11 : 8.004859e-09 / 3.664318e-05
PCG:  0 : 7.738412e-08
PCG:  1 : 4.666261e-07 / 6.029998e+00
PCG:  2 : 7.261435e-08 / 9.383625e-01
PCG:  3 : 1.157198e-08 / 1.495395e-01
PCG:  4 : 2.439336e-09 / 3.152244e-02
PCG:  5 : 1.302842e-09 / 1.683604e-02
PCG:  6 : 4.357263e-10 / 5.630694e-03
PCG:  7 : 2.467668e-10 / 3.188856e-03
PCG:  8 : 6.449040e-11 / 8.333803e-04
PCG:  9 : 1.764615e-11 / 2.280333e-04
PCG: 10 : 6.715066e-12 / 8.677576e-05
PCG: 11 : 4.058685e-12 / 5.244856e-05
PCG:  0 : 6.030231e-11
PCG:  1 : 3.074363e-10 / 5.098251e+00
PCG:  2 : 7.261686e-11 / 1.204214e+00
PCG:  3 : 1.571513e-11 / 2.606057e-01
PCG:  4 : 6.500314e-12 / 1.077954e-01
PCG:  5 : 1.912342e-12 / 3.171258e-02
PCG:  6 : 1.191519e-12 / 1.975909e-02
PCG:  7 : 4.108909e-13 / 6.813851e-03
PCG:  8 : 1.158886e-13 / 1.921794e-03
PCG:  9 : 3.013420e-14 / 4.997188e-04
PCG: 10 : 1.163088e-14 / 1.928761e-04
PCG: 11 : 4.669790e-15 / 7.743965e-05

PCG ( VCycle ( S: Scale / C: Scale )  )

Complete solver TOE: 16.6021
0.144963 GFlop/s [0.144963 GFlops/s]

Total time: 16.6021s
Accumulated op time: 16.1935

Reductions: 1.70114%
Blas-1: 5.38774%
Blas-2: 90.45%
Precon Kernels: 0%
MPI Execution: 0%
MPI Wait: 0%
Not covered: 2.46108%

Domain size: 106.946 MByte
LA size: 356.551 MByte
MPI size: 10.6978 MByte

H0-Error: 4.290882e-07
H1-Error: 2.017209e-03

Writing DATA to output.data...
Run-Time: 0:26.443 [0:26.443]
0xb333f9f8 Error: MemoryPool<CPU> still contains memory chunks on deconstructor call
