NUM-PROCS: 1
Preparing domain...
LVL-MIN: 1 [1]
LVL-MAX: 10 [10]
Creating gates...
Assembling system matrices...
Assembling system filters...
Assembling transfer matrices...
Converting assembled linear system from SparseMatrixCSR, Mem:main to SparseMatrixELL, Mem:cudaand to SparseMatrixELL, Mem:cuda...
PCG:  0 : 9.473710e-03
PCG:  1 : 3.632814e-03 / 3.834626e-01
PCG:  2 : 1.419615e-03 / 1.498479e-01
PCG:  3 : 4.982906e-04 / 5.259719e-02
PCG:  4 : 1.272001e-04 / 1.342664e-02
PCG:  5 : 1.428272e-05 / 1.507617e-03
PCG:  6 : 1.278888e-06 / 1.349933e-04
PCG:  7 : 1.857528e-07 / 1.960718e-05
PCG:  8 : 2.350619e-08 / 2.481202e-06
PCG:  9 : 1.924557e-09 / 2.031471e-07
PCG: 10 : 2.614570e-10 / 2.759816e-08
PCG:  0 : 2.118415e-04
PCG:  1 : 3.078888e-05 / 1.453392e-01
PCG:  2 : 4.006602e-06 / 1.891320e-02
PCG:  3 : 6.951046e-07 / 3.281248e-03
PCG:  4 : 8.159064e-08 / 3.851494e-04
PCG:  5 : 9.009932e-09 / 4.253147e-05
PCG:  6 : 1.122571e-09 / 5.299108e-06
PCG:  7 : 1.095692e-10 / 5.172226e-07
PCG:  8 : 1.202713e-11 / 5.677418e-08
PCG:  0 : 4.155997e-08
PCG:  1 : 1.238693e-08 / 2.980496e-01
PCG:  2 : 1.595480e-09 / 3.838983e-02
PCG:  3 : 3.078753e-10 / 7.407978e-03
PCG:  4 : 5.250781e-11 / 1.263423e-03
PCG:  5 : 5.573936e-12 / 1.341179e-04
PCG:  6 : 6.525556e-13 / 1.570154e-05
PCG:  7 : 9.310371e-14 / 2.240226e-06
PCG:  8 : 8.662405e-15 / 2.084315e-07
PCG:  9 : 1.063832e-15 / 2.559751e-08
PCG:  0 : 3.551079e-11
PCG:  1 : 1.082790e-11 / 3.049185e-01
PCG:  2 : 1.409794e-12 / 3.970044e-02
PCG:  3 : 2.374624e-13 / 6.687050e-03
PCG:  4 : 3.064963e-14 / 8.631077e-04
PCG:  5 : 3.305656e-15 / 9.308879e-05
PCG:  6 : 4.355255e-16 / 1.226460e-05
PCG:  7 : 5.357329e-17 / 1.508648e-06
PCG:  8 : 5.459934e-18 / 1.537542e-07
PCG:  9 : 7.781945e-19 / 2.191431e-08

PCG ( VCycle ( S: Scale / C: Scale )  )

Complete solver TOE: 0.414311
13.3249 GFlop/s [13.3249 GFlops/s]

Total time: 0.414311s
Accumulated op time: 0.159329

Reductions: 36.9237%
Blas-1: 0.744851%
Blas-2: 0.787814%
Precon Kernels: 0%
MPI Execution: 0%
MPI Wait: 0%
Not covered: 61.5436%

Domain size: 192.438 MByte
LA size: 483.45 MByte
MPI size: 10.6981 MByte

H0-Error: 4.290974e-07
H1-Error: 2.017209e-03

Writing DATA to output.data...
