NUM-PROCS: 1
Preparing domain...
LVL-MIN: 2 [2]
LVL-MAX: 8 [8]
Creating gates...
Assembling system matrices...
Assembling system filters...
Assembling transfer matrices...
Converting assembled linear system from SparseMatrixCSR, Mem:main to SparseMatrixCSR, Mem:mainand to SparseMatrixCSR, Mem:main...
PCG: 0 : 3.788143e-02
PCG: 1 : 1.876217e-02 / 4.952868e-01
PCG: 2 : 1.023273e-02 / 2.701252e-01
PCG: 0 : 1.040688e-02
PCG: 1 : 3.286843e-03 / 3.158337e-01
PCG: 2 : 8.081128e-04 / 7.765177e-02
PCG: 0 : 8.081126e-04
PCG: 1 : 1.642639e-04 / 2.032685e-01
PCG: 2 : 5.060154e-05 / 6.261695e-02
PCG: 0 : 5.060159e-05
PCG: 1 : 2.077562e-05 / 4.105724e-01
PCG: 2 : 9.962142e-06 / 1.968741e-01
PCG: 0 : 9.962141e-06
PCG: 1 : 3.833446e-06 / 3.848015e-01
PCG: 2 : 1.207591e-06 / 1.212180e-01
PCG: 0 : 1.207591e-06
PCG: 1 : 5.957805e-07 / 4.933629e-01
PCG: 2 : 1.956843e-07 / 1.620452e-01

PCG ( VCycle ( S: Scale / C: Scale )  )

Complete solver TOE: 0.051129
2.54968 GFlop/s [2.54968 GFlops/s]

Total time: 0.051129s
Accumulated op time: 0.048169

Reductions: 8.02871%
Blas-1: 5.11647%
Blas-2: 81.0655%
Precon Kernels: 0%
MPI Execution: 0%
MPI Wait: 0%
Not covered: 5.78928%

Domain size: 12.1083 MByte
LA size: 30.3883 MByte
MPI size: 0.674538 MByte

H0-Error: 6.896297e-06
H1-Error: 8.068795e-03

Writing DATA to output.data...
Run-Time: 0:00.191 [0:00.191]
0x31d198e880 Error: MemoryPool<CPU> still contains memory chunks on deconstructor call
