NUM-PROCS: 1
Preparing domain...
LVL-MIN: 5 [5]
LVL-MAX: 10 [10]
Creating gates...
Assembling system matrices...
Assembling system filters...
Assembling transfer matrices...
Converting assembled linear system from SparseMatrixCSR, Mem:main to SparseMatrixELL, Mem:cudaand to SparseMatrixELL, Mem:cuda...
PCG:  0 : 9.473711e-03
PCG:  1 : 4.064152e-02 / 4.289926e+00
PCG:  2 : 4.515586e-02 / 4.766439e+00
PCG:  3 : 1.234706e-01 / 1.303297e+01
PCG:  4 : 2.105793e-01 / 2.222775e+01
PCG:  5 : 1.790856e-01 / 1.890343e+01
PCG:  6 : 1.624106e-01 / 1.714329e+01
PCG:  7 : 9.675748e-02 / 1.021326e+01
PCG:  8 : 7.074948e-02 / 7.467980e+00
PCG:  9 : 7.190540e-02 / 7.589993e+00
PCG: 10 : 4.880281e-02 / 5.151393e+00
PCG: 11 : 2.547698e-02 / 2.689229e+00
PCG: 12 : 1.067524e-02 / 1.126827e+00
PCG: 13 : 5.592008e-03 / 5.902658e-01
PCG:  0 : 5.548524e-03
PCG:  1 : 2.915778e-03 / 5.255052e-01
PCG:  2 : 1.423951e-03 / 2.566360e-01
PCG:  3 : 1.409818e-03 / 2.540888e-01
PCG:  4 : 9.103416e-04 / 1.640691e-01
PCG:  5 : 4.657371e-04 / 8.393892e-02
PCG:  6 : 3.660778e-04 / 6.597751e-02
PCG:  7 : 2.365045e-04 / 4.262476e-02
PCG:  8 : 1.295349e-04 / 2.334584e-02
PCG:  9 : 1.064328e-04 / 1.918218e-02
PCG: 10 : 1.582783e-04 / 2.852620e-02
PCG: 11 : 2.270135e-04 / 4.091421e-02
PCG: 12 : 2.625536e-04 / 4.731954e-02
PCG: 13 : 1.905357e-04 / 3.433988e-02
PCG:  0 : 1.905357e-04
PCG:  1 : 1.220633e-04 / 6.406323e-01
PCG:  2 : 1.050213e-04 / 5.511893e-01
PCG:  3 : 5.601789e-05 / 2.940020e-01
PCG:  4 : 2.198024e-05 / 1.153602e-01
PCG:  5 : 3.790260e-05 / 1.989265e-01
PCG:  6 : 5.619152e-05 / 2.949133e-01
PCG:  7 : 4.494119e-05 / 2.358675e-01
PCG:  8 : 3.560793e-05 / 1.868832e-01
PCG:  9 : 3.221781e-05 / 1.690907e-01
PCG: 10 : 2.845323e-05 / 1.493328e-01
PCG: 11 : 3.823288e-05 / 2.006599e-01
PCG: 12 : 4.170428e-05 / 2.188790e-01
PCG: 13 : 2.860995e-05 / 1.501553e-01
PCG:  0 : 2.860995e-05
PCG:  1 : 1.506795e-05 / 5.266682e-01
PCG:  2 : 1.159683e-05 / 4.053425e-01
PCG:  3 : 1.146961e-05 / 4.008959e-01
PCG:  4 : 5.460402e-06 / 1.908567e-01
PCG:  5 : 4.468990e-06 / 1.562040e-01
PCG:  6 : 4.744221e-06 / 1.658241e-01
PCG:  7 : 4.368283e-06 / 1.526840e-01
PCG:  8 : 3.352443e-06 / 1.171775e-01
PCG:  9 : 2.191428e-06 / 7.659670e-02
PCG: 10 : 2.584741e-06 / 9.034413e-02
PCG: 11 : 2.683670e-06 / 9.380198e-02
PCG: 12 : 3.370534e-06 / 1.178098e-01
PCG: 13 : 3.581705e-06 / 1.251909e-01
PCG:  0 : 3.581705e-06
PCG:  1 : 2.231689e-06 / 6.230799e-01
PCG:  2 : 1.796715e-06 / 5.016367e-01
PCG:  3 : 1.142216e-06 / 3.189029e-01
PCG:  4 : 9.540294e-07 / 2.663618e-01
PCG:  5 : 1.096377e-06 / 3.061047e-01
PCG:  6 : 1.009155e-06 / 2.817526e-01
PCG:  7 : 1.153332e-06 / 3.220063e-01
PCG:  8 : 7.564537e-07 / 2.111993e-01
PCG:  9 : 8.358476e-07 / 2.333658e-01
PCG: 10 : 1.097719e-06 / 3.064795e-01
PCG: 11 : 8.280969e-07 / 2.312019e-01
PCG: 12 : 7.071296e-07 / 1.974282e-01
PCG: 13 : 6.555645e-07 / 1.830314e-01
PCG:  0 : 6.555647e-07
PCG:  1 : 4.199760e-07 / 6.406325e-01
PCG:  2 : 3.560896e-07 / 5.431800e-01
PCG:  3 : 3.029178e-07 / 4.620716e-01
PCG:  4 : 1.710416e-07 / 2.609072e-01
PCG:  5 : 1.320907e-07 / 2.014915e-01
PCG:  6 : 1.411074e-07 / 2.152456e-01
PCG:  7 : 1.292109e-07 / 1.970986e-01
PCG:  8 : 8.883280e-08 / 1.355058e-01
PCG:  9 : 6.393215e-08 / 9.752226e-02
PCG: 10 : 7.689918e-08 / 1.173022e-01
PCG: 11 : 8.548652e-08 / 1.304013e-01
PCG: 12 : 9.580013e-08 / 1.461338e-01
PCG: 13 : 9.514935e-08 / 1.451411e-01
PCG:  0 : 9.514934e-08
PCG:  1 : 6.787660e-08 / 7.133691e-01
PCG:  2 : 5.284430e-08 / 5.553827e-01
PCG:  3 : 3.624397e-08 / 3.809167e-01
PCG:  4 : 3.165832e-08 / 3.327224e-01
PCG:  5 : 2.989686e-08 / 3.142099e-01
PCG:  6 : 3.459435e-08 / 3.635795e-01
PCG:  7 : 3.148599e-08 / 3.309113e-01
PCG:  8 : 2.404406e-08 / 2.526981e-01
PCG:  9 : 2.742949e-08 / 2.882783e-01
PCG: 10 : 2.883877e-08 / 3.030895e-01
PCG: 11 : 2.915490e-08 / 3.064120e-01
PCG: 12 : 1.911972e-08 / 2.009443e-01
PCG: 13 : 2.008037e-08 / 2.110406e-01
PCG:  0 : 2.008037e-08
PCG:  1 : 1.285066e-08 / 6.399613e-01
PCG:  2 : 1.216032e-08 / 6.055821e-01
PCG:  3 : 8.409168e-09 / 4.187755e-01
PCG:  4 : 5.792918e-09 / 2.884865e-01
PCG:  5 : 4.156253e-09 / 2.069809e-01
PCG:  6 : 4.699389e-09 / 2.340290e-01
PCG:  7 : 4.059080e-09 / 2.021416e-01
PCG:  8 : 2.801753e-09 / 1.395269e-01
PCG:  9 : 2.272317e-09 / 1.131611e-01
PCG: 10 : 2.330865e-09 / 1.160768e-01
PCG: 11 : 3.112071e-09 / 1.549807e-01
PCG: 12 : 2.855832e-09 / 1.422201e-01
PCG: 13 : 3.091002e-09 / 1.539315e-01
PCG:  0 : 3.091001e-09
PCG:  1 : 2.161036e-09 / 6.991380e-01
PCG:  2 : 1.703188e-09 / 5.510151e-01
PCG:  3 : 1.199012e-09 / 3.879040e-01
PCG:  4 : 1.088566e-09 / 3.521727e-01
PCG:  5 : 1.005482e-09 / 3.252934e-01
PCG:  6 : 1.127961e-09 / 3.649178e-01
PCG:  7 : 1.019429e-09 / 3.298054e-01
PCG:  8 : 7.807697e-10 / 2.525945e-01
PCG:  9 : 9.021067e-10 / 2.918494e-01
PCG: 10 : 9.379842e-10 / 3.034565e-01
PCG: 11 : 9.200267e-10 / 2.976469e-01
PCG: 12 : 6.186360e-10 / 2.001410e-01
PCG: 13 : 6.603261e-10 / 2.136286e-01

PCG ( VCycle ( S: Scale / C: Scale )  )

Complete solver TOE: 15.6968
0.0347435 GFlop/s [0.0347435 GFlops/s]

Total time: 15.6968s
Accumulated op time: 10.4611

Reductions: 63.3585%
Blas-1: 1.76653%
Blas-2: 1.51974%
Precon Kernels: 0%
MPI Execution: 0%
MPI Wait: 0%
Not covered: 33.3553%

Domain size: 106.918 MByte
LA size: 356.315 MByte
MPI size: 10.6949 MByte

H0-Error: 4.292004e-07
H1-Error: 2.017209e-03

Writing DATA to output.data...
Run-Time: 0:27.296 [0:27.296]
0xb32e79f8 Error: MemoryPool<CUDA> still contains memory chunks on deconstructor call
