NUM-PROCS: 1
Preparing domain...
LVL-MIN: 5 [5]
LVL-MAX: 9 [9]
Creating gates...
Assembling system matrices...
Assembling system filters...
Assembling transfer matrices...
Converting assembled linear system from SparseMatrixCSR, Mem:main to SparseMatrixELL, Mem:cudaand to SparseMatrixELL, Mem:cuda...
PCG: 0 : 1.894534e-02
PCG: 1 : 7.936785e-02 / 4.189307e+00
PCG: 2 : 8.004848e-02 / 4.225234e+00
PCG: 3 : 1.997661e-01 / 1.054434e+01
PCG: 4 : 2.650330e-01 / 1.398935e+01
PCG: 5 : 1.697545e-01 / 8.960227e+00
PCG: 6 : 1.549430e-01 / 8.178421e+00
PCG: 7 : 1.151547e-01 / 6.078262e+00
PCG: 0 : 1.151948e-01
PCG: 1 : 1.041004e-01 / 9.036906e-01
PCG: 2 : 6.918461e-02 / 6.005882e-01
PCG: 3 : 4.029707e-02 / 3.498169e-01
PCG: 4 : 1.894793e-02 / 1.644861e-01
PCG: 5 : 1.730974e-02 / 1.502650e-01
PCG: 6 : 2.906991e-02 / 2.523545e-01
PCG: 7 : 3.267828e-02 / 2.836786e-01
PCG: 0 : 3.267828e-02
PCG: 1 : 1.696478e-02 / 5.191453e-01
PCG: 2 : 7.471853e-03 / 2.286489e-01
PCG: 3 : 4.822056e-03 / 1.475615e-01
PCG: 4 : 7.977274e-03 / 2.441155e-01
PCG: 5 : 8.322877e-03 / 2.546914e-01
PCG: 6 : 1.085512e-02 / 3.321814e-01
PCG: 7 : 1.268960e-02 / 3.883191e-01
PCG: 0 : 1.268960e-02
PCG: 1 : 7.656875e-03 / 6.033976e-01
PCG: 2 : 5.232817e-03 / 4.123705e-01
PCG: 3 : 3.796068e-03 / 2.991480e-01
PCG: 4 : 2.266618e-03 / 1.786201e-01
PCG: 5 : 3.254146e-03 / 2.564420e-01
PCG: 6 : 6.878186e-03 / 5.420333e-01
PCG: 7 : 9.110556e-03 / 7.179545e-01
PCG: 0 : 9.110557e-03
PCG: 1 : 5.078439e-03 / 5.574235e-01
PCG: 2 : 2.152681e-03 / 2.362843e-01
PCG: 3 : 1.477552e-03 / 1.621802e-01
PCG: 4 : 1.953299e-03 / 2.143995e-01
PCG: 5 : 2.293464e-03 / 2.517370e-01
PCG: 6 : 3.130012e-03 / 3.435588e-01
PCG: 7 : 3.757424e-03 / 4.124253e-01
PCG: 0 : 3.757424e-03
PCG: 1 : 2.294150e-03 / 6.105646e-01
PCG: 2 : 1.486355e-03 / 3.955781e-01
PCG: 3 : 1.190940e-03 / 3.169566e-01
PCG: 4 : 7.478012e-04 / 1.990197e-01
PCG: 5 : 9.718295e-04 / 2.586425e-01
PCG: 6 : 2.006110e-03 / 5.339056e-01
PCG: 7 : 2.744979e-03 / 7.305481e-01
PCG: 0 : 2.744979e-03
PCG: 1 : 1.549612e-03 / 5.645261e-01
PCG: 2 : 6.647191e-04 / 2.421582e-01
PCG: 3 : 5.028863e-04 / 1.832022e-01
PCG: 4 : 6.195863e-04 / 2.257162e-01
PCG: 5 : 6.706806e-04 / 2.443300e-01
PCG: 6 : 9.040241e-04 / 3.293374e-01
PCG: 7 : 1.121730e-03 / 4.086481e-01
PCG: 0 : 1.121730e-03
PCG: 1 : 6.874389e-04 / 6.128380e-01
PCG: 2 : 4.504280e-04 / 4.015475e-01
PCG: 3 : 3.868292e-04 / 3.448505e-01
PCG: 4 : 2.585872e-04 / 2.305253e-01
PCG: 5 : 3.038376e-04 / 2.708651e-01
PCG: 6 : 5.955918e-04 / 5.309582e-01
PCG: 7 : 8.218785e-04 / 7.326882e-01
PCG: 0 : 8.218785e-04
PCG: 1 : 4.712624e-04 / 5.733967e-01
PCG: 2 : 2.120870e-04 / 2.580516e-01
PCG: 3 : 1.691397e-04 / 2.057964e-01
PCG: 4 : 2.027336e-04 / 2.466710e-01
PCG: 5 : 2.032513e-04 / 2.473009e-01
PCG: 6 : 2.624108e-04 / 3.192818e-01
PCG: 7 : 3.287447e-04 / 3.999919e-01
PCG: 0 : 3.287447e-04
PCG: 1 : 2.041206e-04 / 6.209090e-01
PCG: 2 : 1.397713e-04 / 4.251666e-01
PCG: 3 : 1.290131e-04 / 3.924417e-01
PCG: 4 : 8.955768e-05 / 2.724232e-01
PCG: 5 : 9.747673e-05 / 2.965119e-01
PCG: 6 : 1.785645e-04 / 5.431707e-01
PCG: 7 : 2.441942e-04 / 7.428080e-01
PCG: 0 : 2.441942e-04
PCG: 1 : 1.431289e-04 / 5.861275e-01
PCG: 2 : 6.817279e-05 / 2.791745e-01
PCG: 3 : 5.713962e-05 / 2.339925e-01
PCG: 4 : 6.757889e-05 / 2.767424e-01
PCG: 5 : 6.322196e-05 / 2.589003e-01
PCG: 6 : 7.713382e-05 / 3.158708e-01
PCG: 7 : 9.603085e-05 / 3.932561e-01
PCG: 0 : 9.603086e-05
PCG: 1 : 6.075394e-05 / 6.326502e-01
PCG: 2 : 4.418775e-05 / 4.601411e-01
PCG: 3 : 4.382672e-05 / 4.563816e-01
PCG: 4 : 3.097416e-05 / 3.225438e-01
PCG: 5 : 3.154274e-05 / 3.284646e-01
PCG: 6 : 5.387670e-05 / 5.610353e-01
PCG: 7 : 7.278892e-05 / 7.579743e-01
PCG: 0 : 7.278892e-05
PCG: 1 : 4.363511e-05 / 5.994746e-01
PCG: 2 : 2.213834e-05 / 3.041444e-01
PCG: 3 : 1.957925e-05 / 2.689867e-01
PCG: 4 : 2.293946e-05 / 3.151504e-01
PCG: 5 : 2.011569e-05 / 2.763564e-01
PCG: 6 : 2.312442e-05 / 3.176914e-01
PCG: 7 : 2.851585e-05 / 3.917609e-01
PCG: 0 : 2.851585e-05
PCG: 1 : 1.846038e-05 / 6.473725e-01
PCG: 2 : 1.432455e-05 / 5.023363e-01
PCG: 3 : 1.515107e-05 / 5.313210e-01
PCG: 4 : 1.073352e-05 / 3.764054e-01
PCG: 5 : 1.024028e-05 / 3.591085e-01
PCG: 6 : 1.644183e-05 / 5.765855e-01
PCG: 7 : 2.215859e-05 / 7.770622e-01
PCG: 0 : 2.215859e-05
PCG: 1 : 1.355485e-05 / 6.117199e-01
PCG: 2 : 7.309780e-06 / 3.298847e-01
PCG: 3 : 6.797878e-06 / 3.067829e-01
PCG: 4 : 7.867227e-06 / 3.550419e-01
PCG: 5 : 6.484244e-06 / 2.926289e-01
PCG: 6 : 7.096593e-06 / 3.202637e-01
PCG: 7 : 8.794091e-06 / 3.968705e-01
PCG: 0 : 8.794091e-06
PCG: 1 : 5.814977e-06 / 6.612368e-01
PCG: 2 : 4.744980e-06 / 5.395645e-01
PCG: 3 : 5.249806e-06 / 5.969697e-01
PCG: 4 : 3.697977e-06 / 4.205071e-01
PCG: 5 : 3.343761e-06 / 3.802281e-01
PCG: 6 : 5.155945e-06 / 5.862965e-01
PCG: 7 : 7.004962e-06 / 7.965533e-01
PCG: 0 : 7.004962e-06
PCG: 1 : 4.348076e-06 / 6.207138e-01
PCG: 2 : 2.438798e-06 / 3.481529e-01
PCG: 3 : 2.340601e-06 / 3.341347e-01
PCG: 4 : 2.679425e-06 / 3.825039e-01
PCG: 5 : 2.114460e-06 / 3.018517e-01
PCG: 6 : 2.251792e-06 / 3.214567e-01
PCG: 7 : 2.825713e-06 / 4.033873e-01
PCG: 0 : 2.825713e-06
PCG: 1 : 1.894988e-06 / 6.706231e-01
PCG: 2 : 1.583154e-06 / 5.602670e-01
PCG: 3 : 1.790493e-06 / 6.336430e-01
PCG: 4 : 1.258217e-06 / 4.452741e-01
PCG: 5 : 1.105919e-06 / 3.913769e-01
PCG: 6 : 1.672604e-06 / 5.919229e-01
PCG: 7 : 2.280174e-06 / 8.069375e-01
PCG: 0 : 2.280174e-06
PCG: 1 : 1.429811e-06 / 6.270625e-01
PCG: 2 : 8.149494e-07 / 3.574067e-01
PCG: 3 : 7.926888e-07 / 3.476440e-01
PCG: 4 : 9.029667e-07 / 3.960079e-01
PCG: 5 : 6.984856e-07 / 3.063300e-01
PCG: 6 : 7.368946e-07 / 3.231748e-01
PCG: 7 : 9.284775e-07 / 4.071960e-01
PCG: 0 : 9.284775e-07
PCG: 1 : 6.284263e-07 / 6.768352e-01
PCG: 2 : 5.284928e-07 / 5.692036e-01
PCG: 3 : 6.028387e-07 / 6.492766e-01
PCG: 4 : 4.243623e-07 / 4.570518e-01
PCG: 5 : 3.690958e-07 / 3.975280e-01
PCG: 6 : 5.537011e-07 / 5.963538e-01
PCG: 7 : 7.515832e-07 / 8.094791e-01
PCG: 0 : 7.515832e-07
PCG: 1 : 4.751422e-07 / 6.321885e-01
PCG: 2 : 2.721590e-07 / 3.621143e-01
PCG: 3 : 2.660180e-07 / 3.539435e-01
PCG: 4 : 3.026211e-07 / 4.026448e-01
PCG: 5 : 2.322638e-07 / 3.090327e-01
PCG: 6 : 2.447279e-07 / 3.256165e-01
PCG: 7 : 3.075577e-07 / 4.092131e-01
PCG: 0 : 3.075577e-07
PCG: 1 : 2.096500e-07 / 6.816608e-01
PCG: 2 : 1.763998e-07 / 5.735502e-01
PCG: 3 : 2.018930e-07 / 6.564395e-01
PCG: 4 : 1.425185e-07 / 4.633877e-01
PCG: 5 : 1.235177e-07 / 4.016082e-01
PCG: 6 : 1.846097e-07 / 6.002440e-01
PCG: 7 : 2.488019e-07 / 8.089600e-01
PCG: 0 : 2.488019e-07
PCG: 1 : 1.583927e-07 / 6.366220e-01
PCG: 2 : 9.083862e-08 / 3.651043e-01
PCG: 3 : 8.895682e-08 / 3.575408e-01
PCG: 4 : 1.012062e-07 / 4.067743e-01
PCG: 5 : 7.740183e-08 / 3.110983e-01
PCG: 6 : 8.166253e-08 / 3.282231e-01
PCG: 7 : 1.021527e-07 / 4.105785e-01
PCG: 0 : 1.021527e-07
PCG: 1 : 7.005932e-08 / 6.858295e-01
PCG: 2 : 5.887917e-08 / 5.763839e-01
PCG: 3 : 6.748820e-08 / 6.606600e-01
PCG: 4 : 4.776915e-08 / 4.676250e-01
PCG: 5 : 4.135201e-08 / 4.048058e-01
PCG: 6 : 6.167328e-08 / 6.037362e-01
PCG: 7 : 8.249489e-08 / 8.075645e-01
PCG: 0 : 8.249489e-08
PCG: 1 : 5.284976e-08 / 6.406429e-01
PCG: 2 : 3.031662e-08 / 3.674969e-01
PCG: 3 : 2.970724e-08 / 3.601101e-01
PCG: 4 : 3.381953e-08 / 4.099591e-01
PCG: 5 : 2.581380e-08 / 3.129140e-01
PCG: 6 : 2.728384e-08 / 3.307338e-01
PCG: 7 : 3.396205e-08 / 4.116868e-01
PCG: 0 : 3.396205e-08
PCG: 1 : 2.342041e-08 / 6.896055e-01
PCG: 2 : 1.965822e-08 / 5.788291e-01
PCG: 3 : 2.254488e-08 / 6.638258e-01
PCG: 4 : 1.599247e-08 / 4.708925e-01
PCG: 5 : 1.384275e-08 / 4.075946e-01
PCG: 6 : 2.061317e-08 / 6.069472e-01
PCG: 7 : 2.737574e-08 / 8.060686e-01
PCG: 0 : 2.737574e-08
PCG: 1 : 1.763840e-08 / 6.443077e-01
PCG: 2 : 1.011964e-08 / 3.696573e-01
PCG: 3 : 9.914616e-09 / 3.621680e-01
PCG: 4 : 1.129734e-08 / 4.126770e-01
PCG: 5 : 8.614299e-09 / 3.146691e-01
PCG: 6 : 9.119445e-09 / 3.331214e-01
PCG: 7 : 1.129580e-08 / 4.126208e-01
PCG: 0 : 1.129580e-08
PCG: 1 : 7.830144e-09 / 6.931908e-01
PCG: 2 : 6.566541e-09 / 5.813260e-01
PCG: 3 : 7.528968e-09 / 6.665282e-01
PCG: 4 : 5.349864e-09 / 4.736154e-01
PCG: 5 : 4.634607e-09 / 4.102948e-01
PCG: 6 : 6.890363e-09 / 6.099934e-01
PCG: 7 : 9.088421e-09 / 8.045842e-01
PCG: 0 : 9.088420e-09
PCG: 1 : 5.887989e-09 / 6.478562e-01
PCG: 2 : 3.380153e-09 / 3.719187e-01
PCG: 3 : 3.307990e-09 / 3.639786e-01
PCG: 4 : 3.772894e-09 / 4.151321e-01
PCG: 5 : 2.876868e-09 / 3.165422e-01
PCG: 6 : 3.048815e-09 / 3.354616e-01
PCG: 7 : 3.757367e-09 / 4.134236e-01
PCG: 0 : 3.757367e-09
PCG: 1 : 2.618110e-09 / 6.967936e-01
PCG: 2 : 2.195299e-09 / 5.842654e-01
PCG: 3 : 2.513917e-09 / 6.690633e-01
PCG: 4 : 1.788652e-09 / 4.760388e-01
PCG: 5 : 1.552589e-09 / 4.132119e-01
PCG: 6 : 2.303570e-09 / 6.130809e-01
PCG: 7 : 3.018043e-09 / 8.032334e-01
PCG: 0 : 3.018043e-09
PCG: 1 : 1.966090e-09 / 6.514454e-01
PCG: 2 : 1.130302e-09 / 3.745149e-01
PCG: 3 : 1.103544e-09 / 3.656487e-01
PCG: 4 : 1.259828e-09 / 4.174322e-01
PCG: 5 : 9.619148e-10 / 3.187214e-01
PCG: 6 : 1.019689e-09 / 3.378643e-01
PCG: 7 : 1.249745e-09 / 4.140911e-01
PCG: 0 : 1.249745e-09
PCG: 1 : 8.757035e-10 / 7.007058e-01
PCG: 2 : 7.349152e-10 / 5.880522e-01
PCG: 3 : 8.393480e-10 / 6.716155e-01
PCG: 4 : 5.977465e-10 / 4.782948e-01
PCG: 5 : 5.207226e-10 / 4.166631e-01
PCG: 6 : 7.703292e-10 / 6.163892e-01
PCG: 7 : 1.002284e-09 / 8.019912e-01

PCG ( VCycle ( S: Scale / C: Scale )  )

Complete solver TOE: 7.10866
0.0104403 GFlop/s [0.0104403 GFlops/s]

Total time: 7.10866s
Accumulated op time: 3.62046

Reductions: 35.1368%
Blas-1: 8.48074%
Blas-2: 7.31277%
Precon Kernels: 0%
MPI Execution: 0%
MPI Wait: 0%
Not covered: 49.0697%

Domain size: 26.7772 MByte
LA size: 89.0505 MByte
MPI size: 2.67928 MByte

H0-Error: 1.716791e-06
H1-Error: 4.034414e-03

Writing DATA to output.data...
Run-Time: 0:10.055 [0:10.055]
0xb32ef9f8 Error: MemoryPool<CUDA> still contains memory chunks on deconstructor call
