NUM-PROCS: 1
Preparing domain...
LVL-MIN: 2 [2]
LVL-MAX: 8 [8]
Creating gates...
Assembling system matrices...
Assembling system filters...
Assembling transfer matrices...
Converting assembled linear system from SparseMatrixCSR, Mem:main to SparseMatrixCSR, Mem:mainand to SparseMatrixCSR, Mem:main...
PCG: 0 : 3.788183e-02
PCG: 1 : 1.876155e-02 / 4.952650e-01
PCG: 2 : 1.023251e-02 / 2.701165e-01
PCG: 3 : 3.184900e-03 / 8.407462e-02
PCG: 4 : 5.391854e-04 / 1.423335e-02
PCG: 5 : 4.779013e-05 / 1.261558e-03
PCG: 6 : 5.752802e-06 / 1.518618e-04
PCG: 0 : 1.545354e-03
PCG: 1 : 1.554536e-04 / 1.005941e-01
PCG: 2 : 1.400852e-04 / 9.064922e-02
PCG: 3 : 1.040256e-05 / 6.731504e-03
PCG: 4 : 1.302896e-06 / 8.431053e-04
PCG: 5 : 1.552128e-07 / 1.004383e-04
PCG: 6 : 1.388447e-08 / 8.984653e-06
PCG: 0 : 1.466713e-08
PCG: 1 : 3.024067e-09 / 2.061799e-01
PCG: 2 : 6.503998e-10 / 4.434404e-02
PCG: 3 : 3.758510e-10 / 2.562539e-02
PCG: 4 : 4.910802e-11 / 3.348168e-03
PCG: 5 : 8.400465e-12 / 5.727409e-04
PCG: 6 : 1.314439e-12 / 8.961804e-05

PCG ( VCycle ( S: Scale / C: Scale )  )

Complete solver TOE: 0.325391
0.541659 GFlop/s [0.541659 GFlops/s]

Total time: 0.325391s
Accumulated op time: 0.312994

Reductions: 1.81996%
Blas-1: 5.27089%
Blas-2: 89.0993%
Precon Kernels: 0%
MPI Execution: 0%
MPI Wait: 0%
Not covered: 3.80988%

Domain size: 6.73645 MByte
LA size: 22.4112 MByte
MPI size: 0.674484 MByte

H0-Error: 6.865388e-06
H1-Error: 8.068795e-03

Writing DATA to output.data...
Run-Time: 0:00.915 [0:00.915]
0xb33229f8 Error: MemoryPool<CPU> still contains memory chunks on deconstructor call
