NUM-PROCS: 1
Preparing domain...
LVL-MIN: 3 [3]
LVL-MAX: 11 [11]
Creating gates...
Assembling system matrices...
Assembling system filters...
Assembling transfer matrices...
Converting assembled linear system from SparseMatrixCSR, Mem:main to SparseMatrixCSR, Mem:mainand to SparseMatrixCSR, Mem:main...
PCG:  0 : 4.717541e-03
PCG:  1 : 5.088399e-03 / 1.078612e+00
PCG:  2 : 6.735180e-03 / 1.427689e+00
PCG:  3 : 5.651245e-03 / 1.197922e+00
PCG:  4 : 1.861318e-03 / 3.945525e-01
PCG:  5 : 1.016340e-03 / 2.154384e-01
PCG:  6 : 1.639427e-03 / 3.475173e-01
PCG:  7 : 4.782187e-04 / 1.013703e-01
PCG:  8 : 6.918925e-05 / 1.466638e-02
PCG:  9 : 1.595361e-05 / 3.381764e-03
PCG: 10 : 7.258661e-06 / 1.538653e-03
PCG: 11 : 3.313963e-06 / 7.024767e-04
PCG: 12 : 2.861824e-06 / 6.066347e-04
PCG:  0 : 2.182626e-04
PCG:  1 : 1.000289e-03 / 4.582963e+00
PCG:  2 : 5.047236e-04 / 2.312460e+00
PCG:  3 : 1.679516e-04 / 7.694932e-01
PCG:  4 : 5.357583e-05 / 2.454650e-01
PCG:  5 : 8.016904e-06 / 3.673054e-02
PCG:  6 : 1.379163e-06 / 6.318822e-03
PCG:  7 : 3.689036e-07 / 1.690182e-03
PCG:  8 : 3.241662e-07 / 1.485211e-03
PCG:  9 : 1.779976e-07 / 8.155204e-04
PCG: 10 : 7.199539e-08 / 3.298567e-04
PCG: 11 : 6.216185e-08 / 2.848030e-04
PCG: 12 : 1.359301e-08 / 6.227824e-05
PCG:  0 : 6.686800e-07
PCG:  1 : 3.879724e-06 / 5.802064e+00
PCG:  2 : 7.736338e-07 / 1.156957e+00
PCG:  3 : 1.826851e-07 / 2.732025e-01
PCG:  4 : 4.719951e-08 / 7.058609e-02
PCG:  5 : 1.618629e-08 / 2.420633e-02
PCG:  6 : 6.055839e-09 / 9.056409e-03
PCG:  7 : 3.223563e-09 / 4.820785e-03
PCG:  8 : 1.342600e-09 / 2.007837e-03
PCG:  9 : 2.349703e-10 / 3.513942e-04
PCG: 10 : 1.783370e-10 / 2.667000e-04
PCG: 11 : 1.360300e-10 / 2.034306e-04
PCG: 12 : 5.828851e-11 / 8.716951e-05
PCG:  0 : 1.713632e-09
PCG:  1 : 7.343746e-09 / 4.285487e+00
PCG:  2 : 2.194673e-09 / 1.280715e+00
PCG:  3 : 1.136617e-09 / 6.632795e-01
PCG:  4 : 3.083629e-10 / 1.799470e-01
PCG:  5 : 6.835967e-11 / 3.989169e-02
PCG:  6 : 4.247460e-11 / 2.478631e-02
PCG:  7 : 1.660631e-11 / 9.690709e-03
PCG:  8 : 3.937820e-12 / 2.297938e-03
PCG:  9 : 1.206727e-12 / 7.041926e-04
PCG: 10 : 8.910702e-13 / 5.199893e-04
PCG: 11 : 5.788890e-13 / 3.378141e-04
PCG: 12 : 2.347386e-13 / 1.369831e-04
PCG:  0 : 3.793921e-12
PCG:  1 : 2.194365e-11 / 5.783896e+00
PCG:  2 : 6.960591e-12 / 1.834669e+00
PCG:  3 : 1.924867e-12 / 5.073556e-01
PCG:  4 : 7.479565e-13 / 1.971460e-01
PCG:  5 : 1.650236e-13 / 4.349684e-02
PCG:  6 : 1.058100e-13 / 2.788934e-02
PCG:  7 : 4.223366e-14 / 1.113193e-02
PCG:  8 : 1.143886e-14 / 3.015051e-03
PCG:  9 : 2.342995e-15 / 6.175655e-04
PCG: 10 : 1.047037e-15 / 2.759776e-04
PCG: 11 : 9.909708e-16 / 2.611996e-04
PCG: 12 : 6.816186e-16 / 1.796607e-04

PCG ( VCycle ( S: Scale / C: Scale )  )

Complete solver TOE: 18.4382
1.97652 GFlop/s [1.97652 GFlops/s]

Total time: 18.4382s
Accumulated op time: 17.8823

Reductions: 5.75297%
Blas-1: 6.5504%
Blas-2: 84.6819%
Precon Kernels: 0%
MPI Execution: 0%
MPI Wait: 0%
Not covered: 3.01478%

Domain size: 768.871 MByte
LA size: 1932.14 MByte
MPI size: 42.7291 MByte

H0-Error: 1.073000e-07
H1-Error: 1.008605e-03

Writing DATA to output.data...
Run-Time: 0:27.717 [0:27.717]
0x31d198e880 Error: MemoryPool<CPU> still contains memory chunks on deconstructor call
