NUM-PROCS: 1
Preparing domain...
LVL-MIN: 4 [4]
LVL-MAX: 11 [11]
Creating gates...
Assembling system matrices...
Assembling system filters...
Assembling transfer matrices...
Converting assembled linear system from SparseMatrixCSR, Mem:main to SparseMatrixCSR, Mem:mainand to SparseMatrixCSR, Mem:main...
PCG: 0 : 4.717541e-03
PCG: 1 : 9.589627e-03 / 2.032760e+00
PCG: 0 : 9.595139e-03
PCG: 1 : 1.182153e-02 / 1.232033e+00
PCG: 0 : 1.182149e-02
PCG: 1 : 2.211692e-02 / 1.870908e+00
PCG: 0 : 2.211686e-02
PCG: 1 : 3.572483e-02 / 1.615276e+00
PCG: 0 : 3.572479e-02
PCG: 1 : 5.264432e-02 / 1.473607e+00
PCG: 0 : 5.264427e-02
PCG: 1 : 6.344019e-02 / 1.205073e+00
PCG: 0 : 6.344017e-02
PCG: 1 : 7.654301e-02 / 1.206538e+00
PCG: 0 : 7.654300e-02
PCG: 1 : 7.997117e-02 / 1.044788e+00
PCG: 0 : 7.997117e-02
PCG: 1 : 8.712396e-02 / 1.089442e+00
PCG: 0 : 8.712396e-02
PCG: 1 : 8.514456e-02 / 9.772806e-01
PCG: 0 : 8.514456e-02
PCG: 1 : 8.715226e-02 / 1.023580e+00
PCG: 0 : 8.715225e-02
PCG: 1 : 8.267469e-02 / 9.486237e-01
PCG: 0 : 8.267467e-02
PCG: 1 : 8.202819e-02 / 9.921803e-01
PCG: 0 : 8.202819e-02
PCG: 1 : 7.727140e-02 / 9.420103e-01
PCG: 0 : 7.727142e-02
PCG: 1 : 7.559967e-02 / 9.783652e-01
PCG: 0 : 7.559962e-02
PCG: 1 : 7.059781e-02 / 9.338381e-01
PCG: 0 : 7.059779e-02
PCG: 1 : 6.887418e-02 / 9.755855e-01
PCG: 0 : 6.887417e-02
PCG: 1 : 6.414058e-02 / 9.312719e-01
PCG: 0 : 6.414057e-02
PCG: 1 : 6.254945e-02 / 9.751933e-01
PCG: 0 : 6.254943e-02
PCG: 1 : 5.800018e-02 / 9.272695e-01
PCG: 0 : 5.800017e-02
PCG: 1 : 5.653735e-02 / 9.747791e-01
PCG: 0 : 5.653733e-02
PCG: 1 : 5.238254e-02 / 9.265124e-01
PCG: 0 : 5.238255e-02
PCG: 1 : 5.113341e-02 / 9.761534e-01
PCG: 0 : 5.113340e-02
PCG: 1 : 4.728026e-02 / 9.246454e-01
PCG: 0 : 4.728026e-02
PCG: 1 : 4.613608e-02 / 9.758002e-01
PCG: 0 : 4.613610e-02
PCG: 1 : 4.274173e-02 / 9.264271e-01
PCG: 0 : 4.274173e-02
PCG: 1 : 4.162081e-02 / 9.737746e-01
PCG: 0 : 4.162080e-02
PCG: 1 : 3.859671e-02 / 9.273419e-01
PCG: 0 : 3.859671e-02
PCG: 1 : 3.757680e-02 / 9.735751e-01
PCG: 0 : 3.757679e-02
PCG: 1 : 3.481253e-02 / 9.264370e-01
PCG: 0 : 3.481252e-02
PCG: 1 : 3.391084e-02 / 9.740990e-01
PCG: 0 : 3.391085e-02
PCG: 1 : 3.143841e-02 / 9.270902e-01
PCG: 0 : 3.143841e-02
PCG: 1 : 3.068522e-02 / 9.760422e-01
PCG: 0 : 3.068522e-02
PCG: 1 : 2.839671e-02 / 9.254197e-01
PCG: 0 : 2.839671e-02
PCG: 1 : 2.770918e-02 / 9.757882e-01
PCG: 0 : 2.770918e-02
PCG: 1 : 2.560657e-02 / 9.241186e-01
PCG: 0 : 2.560656e-02
PCG: 1 : 2.500168e-02 / 9.763779e-01
PCG: 0 : 2.500168e-02
PCG: 1 : 2.311357e-02 / 9.244809e-01
PCG: 0 : 2.311358e-02
PCG: 1 : 2.262084e-02 / 9.786818e-01
PCG: 0 : 2.262084e-02
PCG: 1 : 2.087637e-02 / 9.228823e-01
PCG: 0 : 2.087637e-02
PCG: 1 : 2.045698e-02 / 9.799108e-01
PCG: 0 : 2.045699e-02
PCG: 1 : 1.883639e-02 / 9.207802e-01
PCG: 0 : 1.883639e-02
PCG: 1 : 1.847265e-02 / 9.806898e-01
PCG: 0 : 1.847265e-02
PCG: 1 : 1.701213e-02 / 9.209360e-01
PCG: 0 : 1.701213e-02
PCG: 1 : 1.668072e-02 / 9.805190e-01
PCG: 0 : 1.668072e-02
PCG: 1 : 1.538755e-02 / 9.224750e-01
PCG: 0 : 1.538755e-02
PCG: 1 : 1.506643e-02 / 9.791318e-01
PCG: 0 : 1.506644e-02
PCG: 1 : 1.389744e-02 / 9.224102e-01
PCG: 0 : 1.389744e-02
PCG: 1 : 1.361229e-02 / 9.794818e-01
PCG: 0 : 1.361229e-02
PCG: 1 : 1.253829e-02 / 9.211009e-01
PCG: 0 : 1.253829e-02
PCG: 1 : 1.230786e-02 / 9.816217e-01
PCG: 0 : 1.230785e-02
PCG: 1 : 1.133050e-02 / 9.205910e-01
PCG: 0 : 1.133050e-02
PCG: 1 : 1.112306e-02 / 9.816921e-01
PCG: 0 : 1.112306e-02
PCG: 1 : 1.024535e-02 / 9.210909e-01
PCG: 0 : 1.024535e-02
PCG: 1 : 1.004006e-02 / 9.799619e-01
PCG: 0 : 1.004005e-02
PCG: 1 : 9.241436e-03 / 9.204568e-01
PCG: 0 : 9.241432e-03
PCG: 1 : 9.077939e-03 / 9.823087e-01
PCG: 0 : 9.077940e-03
PCG: 1 : 8.343668e-03 / 9.191146e-01
PCG: 0 : 8.343669e-03
PCG: 1 : 8.205872e-03 / 9.834849e-01
PCG: 0 : 8.205871e-03
PCG: 1 : 7.544543e-03 / 9.194080e-01
PCG: 0 : 7.544543e-03
PCG: 1 : 7.411681e-03 / 9.823896e-01
PCG: 0 : 7.411683e-03
PCG: 1 : 6.814701e-03 / 9.194540e-01
PCG: 0 : 6.814701e-03
PCG: 1 : 6.692953e-03 / 9.821346e-01
PCG: 0 : 6.692952e-03
PCG: 1 : 6.154294e-03 / 9.195186e-01
PCG: 0 : 6.154293e-03
PCG: 1 : 6.045641e-03 / 9.823455e-01
PCG: 0 : 6.045643e-03
PCG: 1 : 5.569244e-03 / 9.211996e-01
PCG: 0 : 5.569248e-03
PCG: 1 : 5.467941e-03 / 9.818097e-01
PCG: 0 : 5.467941e-03
PCG: 1 : 5.028800e-03 / 9.196880e-01
PCG: 0 : 5.028800e-03
PCG: 1 : 4.936511e-03 / 9.816479e-01
PCG: 0 : 4.936510e-03
PCG: 1 : 4.541463e-03 / 9.199745e-01
PCG: 0 : 4.541463e-03
PCG: 1 : 4.460215e-03 / 9.821098e-01
PCG: 0 : 4.460215e-03
PCG: 1 : 4.102141e-03 / 9.197182e-01
PCG: 0 : 4.102138e-03
PCG: 1 : 4.031548e-03 / 9.827919e-01
PCG: 0 : 4.031548e-03
PCG: 1 : 3.708797e-03 / 9.199436e-01
PCG: 0 : 3.708798e-03
PCG: 1 : 3.648953e-03 / 9.838639e-01
PCG: 0 : 3.648953e-03
PCG: 1 : 3.344146e-03 / 9.164672e-01
PCG: 0 : 3.344146e-03
PCG: 1 : 3.295260e-03 / 9.853818e-01
PCG: 0 : 3.295259e-03
PCG: 1 : 3.016358e-03 / 9.153630e-01
PCG: 0 : 3.016357e-03
PCG: 1 : 2.983555e-03 / 9.891253e-01
PCG: 0 : 2.983555e-03
PCG: 1 : 2.726084e-03 / 9.137034e-01
PCG: 0 : 2.726084e-03
PCG: 1 : 2.698218e-03 / 9.897778e-01
PCG: 0 : 2.698217e-03
PCG: 1 : 2.462055e-03 / 9.124746e-01
PCG: 0 : 2.462055e-03
PCG: 1 : 2.436354e-03 / 9.895611e-01
PCG: 0 : 2.436354e-03
PCG: 1 : 2.222480e-03 / 9.122155e-01
PCG: 0 : 2.222479e-03
PCG: 1 : 2.201548e-03 / 9.905820e-01
PCG: 0 : 2.201548e-03
PCG: 1 : 2.009130e-03 / 9.125986e-01
PCG: 0 : 2.009130e-03
PCG: 1 : 1.991502e-03 / 9.912263e-01
PCG: 0 : 1.991502e-03
PCG: 1 : 1.815931e-03 / 9.118399e-01
PCG: 0 : 1.815930e-03
PCG: 1 : 1.797852e-03 / 9.900445e-01
PCG: 0 : 1.797852e-03
PCG: 1 : 1.640690e-03 / 9.125834e-01
PCG: 0 : 1.640689e-03
PCG: 1 : 1.623339e-03 / 9.894251e-01
PCG: 0 : 1.623340e-03
PCG: 1 : 1.481670e-03 / 9.127294e-01
PCG: 0 : 1.481670e-03
PCG: 1 : 1.469279e-03 / 9.916368e-01
PCG: 0 : 1.469279e-03
PCG: 1 : 1.338695e-03 / 9.111238e-01
PCG: 0 : 1.338695e-03
PCG: 1 : 1.327792e-03 / 9.918557e-01
PCG: 0 : 1.327792e-03
PCG: 1 : 1.209763e-03 / 9.111089e-01
PCG: 0 : 1.209763e-03
PCG: 1 : 1.197712e-03 / 9.900381e-01
PCG: 0 : 1.197711e-03
PCG: 1 : 1.093547e-03 / 9.130302e-01
PCG: 0 : 1.093547e-03
PCG: 1 : 1.081721e-03 / 9.891862e-01
PCG: 0 : 1.081721e-03
PCG: 1 : 9.896224e-04 / 9.148592e-01
PCG: 0 : 9.896226e-04
PCG: 1 : 9.777646e-04 / 9.880177e-01
PCG: 0 : 9.777646e-04
PCG: 1 : 8.943907e-04 / 9.147301e-01
PCG: 0 : 8.943906e-04
PCG: 1 : 8.824410e-04 / 9.866394e-01
PCG: 0 : 8.824410e-04
PCG: 1 : 8.074014e-04 / 9.149636e-01
PCG: 0 : 8.074012e-04
PCG: 1 : 7.969282e-04 / 9.870287e-01
PCG: 0 : 7.969282e-04
PCG: 1 : 7.302820e-04 / 9.163712e-01
PCG: 0 : 7.302822e-04
PCG: 1 : 7.201991e-04 / 9.861930e-01
PCG: 0 : 7.201990e-04
PCG: 1 : 6.602414e-04 / 9.167485e-01
PCG: 0 : 6.602412e-04
PCG: 1 : 6.502692e-04 / 9.848964e-01
PCG: 0 : 6.502690e-04
PCG: 1 : 5.969855e-04 / 9.180593e-01
PCG: 0 : 5.969855e-04
PCG: 1 : 5.864646e-04 / 9.823767e-01
PCG: 0 : 5.864645e-04
PCG: 1 : 5.397203e-04 / 9.202948e-01
PCG: 0 : 5.397203e-04
PCG: 1 : 5.297452e-04 / 9.815180e-01
PCG: 0 : 5.297452e-04
PCG: 1 : 4.879999e-04 / 9.211975e-01
PCG: 0 : 4.880000e-04
PCG: 1 : 4.790946e-04 / 9.817513e-01
PCG: 0 : 4.790946e-04
PCG: 1 : 4.409775e-04 / 9.204393e-01
PCG: 0 : 4.409775e-04
PCG: 1 : 4.323672e-04 / 9.804745e-01
PCG: 0 : 4.323673e-04
PCG: 1 : 3.984296e-04 / 9.215072e-01
PCG: 0 : 3.984296e-04
PCG: 1 : 3.902131e-04 / 9.793779e-01
PCG: 0 : 3.902131e-04
PCG: 1 : 3.603516e-04 / 9.234739e-01
PCG: 0 : 3.603516e-04
PCG: 1 : 3.532403e-04 / 9.802659e-01
PCG: 0 : 3.532403e-04
PCG: 1 : 3.255940e-04 / 9.217353e-01
PCG: 0 : 3.255940e-04
PCG: 1 : 3.191428e-04 / 9.801864e-01
PCG: 0 : 3.191429e-04
PCG: 1 : 2.940384e-04 / 9.213379e-01
PCG: 0 : 2.940384e-04
PCG: 1 : 2.879926e-04 / 9.794388e-01
PCG: 0 : 2.879926e-04
PCG: 1 : 2.656737e-04 / 9.225019e-01
PCG: 0 : 2.656737e-04
PCG: 1 : 2.606359e-04 / 9.810377e-01
PCG: 0 : 2.606359e-04
PCG: 1 : 2.400191e-04 / 9.208978e-01
PCG: 0 : 2.400190e-04
PCG: 1 : 2.356957e-04 / 9.819876e-01
PCG: 0 : 2.356957e-04
PCG: 1 : 2.169107e-04 / 9.202998e-01
PCG: 0 : 2.169106e-04
PCG: 1 : 2.125392e-04 / 9.798470e-01
PCG: 0 : 2.125392e-04
PCG: 1 : 1.958518e-04 / 9.214855e-01
PCG: 0 : 1.958518e-04
PCG: 1 : 1.920795e-04 / 9.807389e-01
PCG: 0 : 1.920795e-04
PCG: 1 : 1.771497e-04 / 9.222727e-01
PCG: 0 : 1.771497e-04
PCG: 1 : 1.739413e-04 / 9.818887e-01
PCG: 0 : 1.739413e-04
PCG: 1 : 1.600256e-04 / 9.199978e-01
PCG: 0 : 1.600256e-04
PCG: 1 : 1.570074e-04 / 9.811397e-01
PCG: 0 : 1.570074e-04
PCG: 1 : 1.445398e-04 / 9.205925e-01
PCG: 0 : 1.445398e-04
PCG: 1 : 1.417704e-04 / 9.808396e-01
PCG: 0 : 1.417704e-04
PCG: 1 : 1.305323e-04 / 9.207304e-01
PCG: 0 : 1.305323e-04
PCG: 1 : 1.283951e-04 / 9.836271e-01
PCG: 0 : 1.283951e-04
PCG: 1 : 1.178986e-04 / 9.182487e-01
PCG: 0 : 1.178986e-04
PCG: 1 : 1.161233e-04 / 9.849417e-01
PCG: 0 : 1.161233e-04
PCG: 1 : 1.065316e-04 / 9.174004e-01
PCG: 0 : 1.065316e-04
PCG: 1 : 1.046772e-04 / 9.825930e-01
PCG: 0 : 1.046772e-04
PCG: 1 : 9.621432e-05 / 9.191523e-01
PCG: 0 : 9.621429e-05
PCG: 1 : 9.464250e-05 / 9.836636e-01
PCG: 0 : 9.464246e-05
PCG: 1 : 8.700675e-05 / 9.193205e-01
PCG: 0 : 8.700670e-05
PCG: 1 : 8.559488e-05 / 9.837734e-01
PCG: 0 : 8.559488e-05
PCG: 1 : 7.874144e-05 / 9.199317e-01
PCG: 0 : 7.874145e-05
PCG: 1 : 7.717730e-05 / 9.801356e-01
PCG: 0 : 7.717728e-05
PCG: 1 : 7.111475e-05 / 9.214467e-01
PCG: 0 : 7.111476e-05
PCG: 1 : 6.974100e-05 / 9.806825e-01
PCG: 0 : 6.974102e-05
PCG: 1 : 6.424767e-05 / 9.212321e-01
PCG: 0 : 6.424766e-05
PCG: 1 : 6.313908e-05 / 9.827452e-01
PCG: 0 : 6.313907e-05
PCG: 1 : 5.805038e-05 / 9.194050e-01
PCG: 0 : 5.805039e-05
PCG: 1 : 5.703582e-05 / 9.825225e-01
PCG: 0 : 5.703581e-05
PCG: 1 : 5.241819e-05 / 9.190400e-01
PCG: 0 : 5.241819e-05
PCG: 1 : 5.153002e-05 / 9.830559e-01
PCG: 0 : 5.153002e-05
PCG: 1 : 4.730536e-05 / 9.180155e-01
PCG: 0 : 4.730535e-05
PCG: 1 : 4.660421e-05 / 9.851784e-01
PCG: 0 : 4.660421e-05
PCG: 1 : 4.279561e-05 / 9.182779e-01
PCG: 0 : 4.279561e-05
PCG: 1 : 4.213475e-05 / 9.845578e-01
PCG: 0 : 4.213474e-05
PCG: 1 : 3.867607e-05 / 9.179140e-01
PCG: 0 : 3.867608e-05
PCG: 1 : 3.800366e-05 / 9.826142e-01
PCG: 0 : 3.800367e-05
PCG: 1 : 3.494410e-05 / 9.194928e-01
PCG: 0 : 3.494407e-05
PCG: 1 : 3.432073e-05 / 9.821616e-01
PCG: 0 : 3.432073e-05
PCG: 1 : 3.160489e-05 / 9.208688e-01
PCG: 0 : 3.160490e-05
PCG: 1 : 3.109726e-05 / 9.839379e-01
PCG: 0 : 3.109725e-05
PCG: 1 : 2.853852e-05 / 9.177183e-01
PCG: 0 : 2.853852e-05
PCG: 1 : 2.806309e-05 / 9.833410e-01
PCG: 0 : 2.806309e-05
PCG: 1 : 2.579328e-05 / 9.191175e-01
PCG: 0 : 2.579326e-05
PCG: 1 : 2.532872e-05 / 9.819897e-01
PCG: 0 : 2.532872e-05
PCG: 1 : 2.331584e-05 / 9.205299e-01
PCG: 0 : 2.331584e-05
PCG: 1 : 2.289960e-05 / 9.821477e-01
PCG: 0 : 2.289960e-05
PCG: 1 : 2.109147e-05 / 9.210412e-01
PCG: 0 : 2.109146e-05
PCG: 1 : 2.068301e-05 / 9.806341e-01
PCG: 0 : 2.068301e-05
PCG: 1 : 1.907467e-05 / 9.222388e-01
PCG: 0 : 1.907467e-05
PCG: 1 : 1.865930e-05 / 9.782236e-01
PCG: 0 : 1.865930e-05
PCG: 1 : 1.722182e-05 / 9.229618e-01
PCG: 0 : 1.722182e-05
PCG: 1 : 1.686327e-05 / 9.791806e-01
PCG: 0 : 1.686327e-05
PCG: 1 : 1.558448e-05 / 9.241673e-01
PCG: 0 : 1.558448e-05
PCG: 1 : 1.524194e-05 / 9.780207e-01
PCG: 0 : 1.524194e-05
PCG: 1 : 1.408963e-05 / 9.243984e-01
PCG: 0 : 1.408962e-05
PCG: 1 : 1.376859e-05 / 9.772149e-01
PCG: 0 : 1.376859e-05
PCG: 1 : 1.271704e-05 / 9.236268e-01
PCG: 0 : 1.271704e-05
PCG: 1 : 1.242878e-05 / 9.773334e-01
PCG: 0 : 1.242878e-05
PCG: 1 : 1.149856e-05 / 9.251559e-01
PCG: 0 : 1.149857e-05
PCG: 1 : 1.125351e-05 / 9.786877e-01
PCG: 0 : 1.125351e-05
PCG: 1 : 1.039297e-05 / 9.235313e-01
PCG: 0 : 1.039297e-05
PCG: 1 : 1.017328e-05 / 9.788618e-01
PCG: 0 : 1.017328e-05
PCG: 1 : 9.377934e-06 / 9.218205e-01
PCG: 0 : 9.377936e-06
PCG: 1 : 9.184640e-06 / 9.793882e-01
PCG: 0 : 9.184640e-06
PCG: 1 : 8.466850e-06 / 9.218488e-01
PCG: 0 : 8.466851e-06
PCG: 1 : 8.307570e-06 / 9.811877e-01
PCG: 0 : 8.307571e-06
PCG: 1 : 7.655126e-06 / 9.214638e-01
PCG: 0 : 7.655126e-06
PCG: 1 : 7.514308e-06 / 9.816047e-01
PCG: 0 : 7.514306e-06
PCG: 1 : 6.921572e-06 / 9.211193e-01
PCG: 0 : 6.921574e-06
PCG: 1 : 6.780979e-06 / 9.796875e-01
PCG: 0 : 6.780980e-06
PCG: 1 : 6.250506e-06 / 9.217702e-01
PCG: 0 : 6.250507e-06
PCG: 1 : 6.122562e-06 / 9.795305e-01
PCG: 0 : 6.122560e-06
PCG: 1 : 5.659660e-06 / 9.243944e-01
PCG: 0 : 5.659662e-06
PCG: 1 : 5.536865e-06 / 9.783031e-01
PCG: 0 : 5.536865e-06
PCG: 1 : 5.118895e-06 / 9.245115e-01
PCG: 0 : 5.118893e-06
PCG: 1 : 5.001256e-06 / 9.770191e-01
PCG: 0 : 5.001257e-06
PCG: 1 : 4.617556e-06 / 9.232792e-01
PCG: 0 : 4.617556e-06
PCG: 1 : 4.517242e-06 / 9.782756e-01
PCG: 0 : 4.517242e-06
PCG: 1 : 4.172742e-06 / 9.237365e-01
PCG: 0 : 4.172741e-06
PCG: 1 : 4.079692e-06 / 9.777008e-01
PCG: 0 : 4.079691e-06
PCG: 1 : 3.781879e-06 / 9.270014e-01
PCG: 0 : 3.781878e-06
PCG: 1 : 3.684733e-06 / 9.743128e-01
PCG: 0 : 3.684733e-06
PCG: 1 : 3.414758e-06 / 9.267315e-01
PCG: 0 : 3.414758e-06
PCG: 1 : 3.328126e-06 / 9.746300e-01
PCG: 0 : 3.328126e-06
PCG: 1 : 3.084457e-06 / 9.267849e-01
PCG: 0 : 3.084455e-06
PCG: 1 : 3.002284e-06 / 9.733597e-01
PCG: 0 : 3.002285e-06
PCG: 1 : 2.799329e-06 / 9.323997e-01
PCG: 0 : 2.799330e-06
PCG: 1 : 2.709731e-06 / 9.679929e-01
PCG: 0 : 2.709731e-06
PCG: 1 : 2.530021e-06 / 9.336798e-01
PCG: 0 : 2.530021e-06
PCG: 1 : 2.449551e-06 / 9.681939e-01
PCG: 0 : 2.449550e-06
PCG: 1 : 2.283782e-06 / 9.323272e-01
PCG: 0 : 2.283782e-06
PCG: 1 : 2.209923e-06 / 9.676594e-01
PCG: 0 : 2.209922e-06
PCG: 1 : 2.065745e-06 / 9.347591e-01
PCG: 0 : 2.065744e-06
PCG: 1 : 1.994951e-06 / 9.657301e-01
PCG: 0 : 1.994951e-06
PCG: 1 : 1.872109e-06 / 9.384236e-01
PCG: 0 : 1.872109e-06
PCG: 1 : 1.802996e-06 / 9.630831e-01
PCG: 0 : 1.802996e-06
PCG: 1 : 1.689501e-06 / 9.370518e-01
PCG: 0 : 1.689501e-06
PCG: 1 : 1.628260e-06 / 9.637519e-01
PCG: 0 : 1.628259e-06
PCG: 1 : 1.525869e-06 / 9.371166e-01
PCG: 0 : 1.525869e-06
PCG: 1 : 1.469921e-06 / 9.633337e-01
PCG: 0 : 1.469921e-06
PCG: 1 : 1.382788e-06 / 9.407225e-01
PCG: 0 : 1.382788e-06
PCG: 1 : 1.329206e-06 / 9.612508e-01
PCG: 0 : 1.329206e-06
PCG: 1 : 1.249684e-06 / 9.401734e-01
PCG: 0 : 1.249685e-06
PCG: 1 : 1.200180e-06 / 9.603864e-01
PCG: 0 : 1.200180e-06
PCG: 1 : 1.129276e-06 / 9.409218e-01
PCG: 0 : 1.129276e-06
PCG: 1 : 1.082729e-06 / 9.587820e-01
PCG: 0 : 1.082729e-06
PCG: 1 : 1.021898e-06 / 9.438167e-01
PCG: 0 : 1.021898e-06
PCG: 1 : 9.788957e-07 / 9.579197e-01
PCG: 0 : 9.788959e-07
PCG: 1 : 9.242171e-07 / 9.441425e-01
PCG: 0 : 9.242171e-07
PCG: 1 : 8.845770e-07 / 9.571096e-01
PCG: 0 : 8.845767e-07
PCG: 1 : 8.339084e-07 / 9.427202e-01
PCG: 0 : 8.339085e-07
PCG: 1 : 7.986744e-07 / 9.577482e-01
PCG: 0 : 7.986742e-07
PCG: 1 : 7.538171e-07 / 9.438355e-01
PCG: 0 : 7.538170e-07
PCG: 1 : 7.201401e-07 / 9.553248e-01
PCG: 0 : 7.201400e-07
PCG: 1 : 6.836687e-07 / 9.493553e-01
PCG: 0 : 6.836688e-07
PCG: 1 : 6.512685e-07 / 9.526083e-01
PCG: 0 : 6.512687e-07
PCG: 1 : 6.176081e-07 / 9.483153e-01

PCG ( VCycle ( S: Scale / C: Scale )  )

Complete solver TOE: 104.147
1.87993 GFlop/s [1.87993 GFlops/s]

Total time: 104.147s
Accumulated op time: 99.4256

Reductions: 6.41891%
Blas-1: 6.52396%
Blas-2: 82.524%
Precon Kernels: 0%
MPI Execution: 0%
MPI Wait: 0%
Not covered: 4.5331%

Domain size: 768.86 MByte
LA size: 1932.08 MByte
MPI size: 42.7285 MByte

H0-Error: 7.183014e-07
H1-Error: 1.008609e-03

Writing DATA to output.data...
Run-Time: 1:53.293 [1:53.293]
0x31d198e880 Error: MemoryPool<CPU> still contains memory chunks on deconstructor call
