NUM-PROCS: 1
Preparing domain...
LVL-MIN: 7 [7]
LVL-MAX: 9 [9]
Creating gates...
Assembling system matrices...
Assembling system filters...
Assembling transfer matrices...
Converting assembled linear system from SparseMatrixCSR, Mem:main to SparseMatrixELL, Mem:cudaand to SparseMatrixELL, Mem:cuda...
PCG: 0 : 1.894534e-02
PCG: 1 : 2.842782e-01 / 1.500518e+01
PCG: 2 : 2.374290e-01 / 1.253232e+01
PCG: 3 : 3.764232e-01 / 1.986891e+01
PCG: 4 : 2.832302e-01 / 1.494986e+01
PCG: 5 : 1.720139e-01 / 9.079483e+00
PCG: 6 : 2.144526e-01 / 1.131954e+01
PCG: 7 : 2.182020e-01 / 1.151745e+01
PCG: 8 : 1.604805e-01 / 8.470711e+00
PCG: 0 : 1.603223e-01
PCG: 1 : 1.222955e-01 / 7.628104e-01
PCG: 2 : 1.107016e-01 / 6.904942e-01
PCG: 3 : 1.299228e-01 / 8.103850e-01
PCG: 4 : 1.455293e-01 / 9.077294e-01
PCG: 5 : 1.550971e-01 / 9.674079e-01
PCG: 6 : 1.379003e-01 / 8.601440e-01
PCG: 7 : 1.147435e-01 / 7.157052e-01
PCG: 8 : 1.032244e-01 / 6.438554e-01
PCG: 0 : 1.032244e-01
PCG: 1 : 8.132147e-02 / 7.878127e-01
PCG: 2 : 8.334989e-02 / 8.074633e-01
PCG: 3 : 7.447705e-02 / 7.215065e-01
PCG: 4 : 6.548067e-02 / 6.343528e-01
PCG: 5 : 8.128778e-02 / 7.874863e-01
PCG: 6 : 9.378902e-02 / 9.085937e-01
PCG: 7 : 7.514802e-02 / 7.280066e-01
PCG: 8 : 6.438900e-02 / 6.237771e-01
PCG: 0 : 6.438900e-02
PCG: 1 : 5.650052e-02 / 8.774872e-01
PCG: 2 : 6.246551e-02 / 9.701272e-01
PCG: 3 : 5.459255e-02 / 8.478553e-01
PCG: 4 : 4.597817e-02 / 7.140687e-01
PCG: 5 : 5.178950e-02 / 8.043222e-01
PCG: 6 : 6.863471e-02 / 1.065938e+00
PCG: 7 : 7.081491e-02 / 1.099798e+00
PCG: 8 : 7.380089e-02 / 1.146172e+00
PCG: 0 : 7.380089e-02
PCG: 1 : 5.305576e-02 / 7.189041e-01
PCG: 2 : 5.310797e-02 / 7.196115e-01
PCG: 3 : 4.503335e-02 / 6.102007e-01
PCG: 4 : 3.900760e-02 / 5.285518e-01
PCG: 5 : 4.616692e-02 / 6.255605e-01
PCG: 6 : 5.613439e-02 / 7.606193e-01
PCG: 7 : 4.894524e-02 / 6.632066e-01
PCG: 8 : 4.978891e-02 / 6.746383e-01
PCG: 0 : 4.978891e-02
PCG: 1 : 4.062768e-02 / 8.159987e-01
PCG: 2 : 4.500502e-02 / 9.039165e-01
PCG: 3 : 3.981891e-02 / 7.997545e-01
PCG: 4 : 3.362622e-02 / 6.753756e-01
PCG: 5 : 3.767667e-02 / 7.567281e-01
PCG: 6 : 4.864049e-02 / 9.769343e-01
PCG: 7 : 4.836546e-02 / 9.714103e-01
PCG: 8 : 5.952961e-02 / 1.195640e+00
PCG: 0 : 5.952961e-02
PCG: 1 : 4.142064e-02 / 6.957989e-01
PCG: 2 : 4.104705e-02 / 6.895232e-01
PCG: 3 : 3.415911e-02 / 5.738172e-01
PCG: 4 : 2.947749e-02 / 4.951735e-01
PCG: 5 : 3.582377e-02 / 6.017808e-01
PCG: 6 : 4.237305e-02 / 7.117979e-01
PCG: 7 : 3.719274e-02 / 6.247771e-01
PCG: 8 : 4.214383e-02 / 7.079473e-01
PCG: 0 : 4.214382e-02
PCG: 1 : 3.359976e-02 / 7.972643e-01
PCG: 2 : 3.661053e-02 / 8.687046e-01
PCG: 3 : 3.260867e-02 / 7.737474e-01
PCG: 4 : 2.671497e-02 / 6.339000e-01
PCG: 5 : 3.073581e-02 / 7.293077e-01
PCG: 6 : 3.903243e-02 / 9.261721e-01
PCG: 7 : 3.846906e-02 / 9.128045e-01
PCG: 8 : 5.141053e-02 / 1.219883e+00
PCG: 0 : 5.141053e-02
PCG: 1 : 3.525983e-02 / 6.858484e-01
PCG: 2 : 3.465809e-02 / 6.741439e-01
PCG: 3 : 2.870112e-02 / 5.582731e-01
PCG: 4 : 2.438280e-02 / 4.742764e-01
PCG: 5 : 3.049938e-02 / 5.932517e-01
PCG: 6 : 3.481774e-02 / 6.772493e-01
PCG: 7 : 3.117578e-02 / 6.064085e-01
PCG: 8 : 3.792896e-02 / 7.377665e-01
PCG: 0 : 3.792896e-02
PCG: 1 : 3.008033e-02 / 7.930701e-01
PCG: 2 : 3.164683e-02 / 8.343711e-01
PCG: 3 : 2.837444e-02 / 7.480943e-01
PCG: 4 : 2.333987e-02 / 6.153573e-01
PCG: 5 : 2.781795e-02 / 7.334222e-01
PCG: 6 : 3.284426e-02 / 8.659415e-01
PCG: 7 : 3.239438e-02 / 8.540803e-01
PCG: 8 : 4.759469e-02 / 1.254838e+00
PCG: 0 : 4.759469e-02
PCG: 1 : 3.226288e-02 / 6.778673e-01
PCG: 2 : 2.972503e-02 / 6.245451e-01
PCG: 3 : 2.571441e-02 / 5.402789e-01
PCG: 4 : 2.348478e-02 / 4.934328e-01
PCG: 5 : 2.828778e-02 / 5.943473e-01
PCG: 6 : 2.832724e-02 / 5.951765e-01
PCG: 7 : 2.829448e-02 / 5.944881e-01
PCG: 8 : 3.746091e-02 / 7.870817e-01
PCG: 0 : 3.746090e-02
PCG: 1 : 3.007849e-02 / 8.029301e-01
PCG: 2 : 2.637220e-02 / 7.039927e-01
PCG: 3 : 2.615317e-02 / 6.981456e-01
PCG: 4 : 2.482376e-02 / 6.626577e-01
PCG: 5 : 2.636991e-02 / 7.039315e-01
PCG: 6 : 2.606435e-02 / 6.957749e-01
PCG: 7 : 2.992586e-02 / 7.988557e-01
PCG: 8 : 4.540921e-02 / 1.212176e+00
PCG: 0 : 4.540921e-02
PCG: 1 : 3.035269e-02 / 6.684259e-01
PCG: 2 : 2.454516e-02 / 5.405325e-01
PCG: 3 : 2.498186e-02 / 5.501496e-01
PCG: 4 : 2.446678e-02 / 5.388064e-01
PCG: 5 : 2.501164e-02 / 5.508054e-01
PCG: 6 : 2.418179e-02 / 5.325304e-01
PCG: 7 : 2.835120e-02 / 6.243491e-01
PCG: 8 : 3.436087e-02 / 7.566938e-01
PCG: 0 : 3.436087e-02
PCG: 1 : 2.791063e-02 / 8.122794e-01
PCG: 2 : 2.321846e-02 / 6.757239e-01
PCG: 3 : 2.415073e-02 / 7.028555e-01
PCG: 4 : 2.315282e-02 / 6.738136e-01
PCG: 5 : 2.359847e-02 / 6.867833e-01
PCG: 6 : 2.312893e-02 / 6.731184e-01
PCG: 7 : 2.795677e-02 / 8.136222e-01
PCG: 8 : 4.130330e-02 / 1.202044e+00
PCG: 0 : 4.130330e-02
PCG: 1 : 2.735394e-02 / 6.622701e-01
PCG: 2 : 2.216767e-02 / 5.367045e-01
PCG: 3 : 2.269669e-02 / 5.495127e-01
PCG: 4 : 2.178289e-02 / 5.273886e-01
PCG: 5 : 2.262246e-02 / 5.477156e-01
PCG: 6 : 2.159521e-02 / 5.228447e-01
PCG: 7 : 2.561711e-02 / 6.202195e-01
PCG: 8 : 3.121530e-02 / 7.557581e-01
PCG: 0 : 3.121530e-02
PCG: 1 : 2.517362e-02 / 8.064512e-01
PCG: 2 : 2.093677e-02 / 6.707214e-01
PCG: 3 : 2.186780e-02 / 7.005475e-01
PCG: 4 : 2.061924e-02 / 6.605491e-01
PCG: 5 : 2.137817e-02 / 6.848620e-01
PCG: 6 : 2.075639e-02 / 6.649430e-01
PCG: 7 : 2.511135e-02 / 8.044564e-01
PCG: 8 : 3.743354e-02 / 1.199205e+00
PCG: 0 : 3.743354e-02
PCG: 1 : 2.465369e-02 / 6.585988e-01
PCG: 2 : 2.000999e-02 / 5.345470e-01
PCG: 3 : 2.054664e-02 / 5.488831e-01
PCG: 4 : 1.946490e-02 / 5.199856e-01
PCG: 5 : 2.046308e-02 / 5.466509e-01
PCG: 6 : 1.938228e-02 / 5.177783e-01
PCG: 7 : 2.308179e-02 / 6.166072e-01
PCG: 8 : 2.825894e-02 / 7.549096e-01
PCG: 0 : 2.825894e-02
PCG: 1 : 2.272791e-02 / 8.042732e-01
PCG: 2 : 1.886232e-02 / 6.674817e-01
PCG: 3 : 1.977536e-02 / 6.997913e-01
PCG: 4 : 1.848404e-02 / 6.540955e-01
PCG: 5 : 1.934607e-02 / 6.845999e-01
PCG: 6 : 1.867032e-02 / 6.606873e-01
PCG: 7 : 2.261997e-02 / 8.004535e-01
PCG: 8 : 3.386109e-02 / 1.198243e+00
PCG: 0 : 3.386109e-02
PCG: 1 : 2.224616e-02 / 6.569831e-01
PCG: 2 : 1.803973e-02 / 5.327569e-01
PCG: 3 : 1.858371e-02 / 5.488220e-01
PCG: 4 : 1.747781e-02 / 5.161621e-01
PCG: 5 : 1.850413e-02 / 5.464718e-01
PCG: 6 : 1.743372e-02 / 5.148599e-01
PCG: 7 : 2.082636e-02 / 6.150531e-01
PCG: 8 : 2.555028e-02 / 7.545618e-01
PCG: 0 : 2.555028e-02
PCG: 1 : 2.052977e-02 / 8.035048e-01
PCG: 2 : 1.698989e-02 / 6.649591e-01
PCG: 3 : 1.787724e-02 / 6.996886e-01
PCG: 4 : 1.662221e-02 / 6.505684e-01
PCG: 5 : 1.749975e-02 / 6.849141e-01
PCG: 6 : 1.681103e-02 / 6.579587e-01
PCG: 7 : 2.040300e-02 / 7.985432e-01
PCG: 8 : 3.061123e-02 / 1.198078e+00
PCG: 0 : 3.061123e-02
PCG: 1 : 2.008486e-02 / 6.561271e-01
PCG: 2 : 1.625731e-02 / 5.310899e-01
PCG: 3 : 1.680353e-02 / 5.489334e-01
PCG: 4 : 1.572940e-02 / 5.138440e-01
PCG: 5 : 1.673250e-02 / 5.466132e-01
PCG: 6 : 1.569621e-02 / 5.127599e-01
PCG: 7 : 1.880388e-02 / 6.142803e-01
PCG: 8 : 2.309223e-02 / 7.543713e-01
PCG: 0 : 2.309223e-02
PCG: 1 : 1.854805e-02 / 8.032159e-01
PCG: 2 : 1.530462e-02 / 6.627604e-01
PCG: 3 : 1.616090e-02 / 6.998414e-01
PCG: 4 : 1.497022e-02 / 6.482797e-01
PCG: 5 : 1.582734e-02 / 6.853966e-01
PCG: 6 : 1.514428e-02 / 6.558172e-01
PCG: 7 : 1.841540e-02 / 7.974719e-01
PCG: 8 : 2.766915e-02 / 1.198202e+00
PCG: 0 : 2.766915e-02
PCG: 1 : 1.813818e-02 / 6.555380e-01
PCG: 2 : 1.465083e-02 / 5.295007e-01
PCG: 3 : 1.519264e-02 / 5.490822e-01
PCG: 4 : 1.417149e-02 / 5.121765e-01
PCG: 5 : 1.513106e-02 / 5.468569e-01
PCG: 6 : 1.413897e-02 / 5.110012e-01
PCG: 7 : 1.698367e-02 / 6.138127e-01
PCG: 8 : 2.086839e-02 / 7.542117e-01
PCG: 0 : 2.086839e-02
PCG: 1 : 1.675902e-02 / 8.030812e-01
PCG: 2 : 1.378912e-02 / 6.607657e-01
PCG: 3 : 1.460975e-02 / 7.000898e-01
PCG: 4 : 1.349238e-02 / 6.465459e-01
PCG: 5 : 1.431367e-02 / 6.859018e-01
PCG: 6 : 1.364684e-02 / 6.539477e-01
PCG: 7 : 1.662707e-02 / 7.967584e-01
PCG: 8 : 2.500897e-02 / 1.198414e+00
PCG: 0 : 2.500897e-02
PCG: 1 : 1.638218e-02 / 6.550519e-01
PCG: 2 : 1.320476e-02 / 5.280008e-01
PCG: 3 : 1.373569e-02 / 5.492305e-01
PCG: 4 : 1.277508e-02 / 5.108197e-01
PCG: 5 : 1.368298e-02 / 5.471227e-01
PCG: 6 : 1.274040e-02 / 5.094331e-01
PCG: 7 : 1.534255e-02 / 6.134818e-01
PCG: 8 : 1.885801e-02 / 7.540498e-01
PCG: 0 : 1.885801e-02
PCG: 1 : 1.514307e-02 / 8.030046e-01
PCG: 2 : 1.242642e-02 / 6.589466e-01
PCG: 3 : 1.320770e-02 / 7.003757e-01
PCG: 4 : 1.216524e-02 / 6.450966e-01
PCG: 5 : 1.294387e-02 / 6.863856e-01
PCG: 6 : 1.230032e-02 / 6.522596e-01
PCG: 7 : 1.501522e-02 / 7.962251e-01
PCG: 8 : 2.260414e-02 / 1.198649e+00
PCG: 0 : 2.260414e-02
PCG: 1 : 1.479718e-02 / 6.546223e-01
PCG: 2 : 1.190351e-02 / 5.266073e-01
PCG: 3 : 1.241809e-02 / 5.493723e-01
PCG: 4 : 1.151990e-02 / 5.096368e-01
PCG: 5 : 1.237314e-02 / 5.473837e-01
PCG: 6 : 1.148315e-02 / 5.080110e-01
PCG: 7 : 1.386151e-02 / 6.132288e-01
PCG: 8 : 1.704084e-02 / 7.538814e-01
PCG: 0 : 1.704084e-02
PCG: 1 : 1.368317e-02 / 8.029633e-01
PCG: 2 : 1.120086e-02 / 6.572949e-01
PCG: 3 : 1.194014e-02 / 7.006779e-01
PCG: 4 : 1.097123e-02 / 6.438196e-01
PCG: 5 : 1.170434e-02 / 6.868402e-01
PCG: 6 : 1.108895e-02 / 6.507275e-01
PCG: 7 : 1.356119e-02 / 7.958050e-01
PCG: 8 : 2.043003e-02 / 1.198886e+00
PCG: 0 : 2.043003e-02
PCG: 1 : 1.336607e-02 / 6.542367e-01
PCG: 2 : 1.073247e-02 / 5.253280e-01
PCG: 3 : 1.122649e-02 / 5.495092e-01
PCG: 4 : 1.039009e-02 / 5.085696e-01
PCG: 5 : 1.118813e-02 / 5.476316e-01
PCG: 6 : 1.035228e-02 / 5.067190e-01
PCG: 7 : 1.252426e-02 / 6.130321e-01
PCG: 8 : 1.539830e-02 / 7.537091e-01
PCG: 0 : 1.539830e-02
PCG: 1 : 1.236413e-02 / 8.029541e-01
PCG: 2 : 1.009826e-02 / 6.558039e-01
PCG: 3 : 1.079403e-02 / 7.009885e-01
PCG: 4 : 9.895960e-03 / 6.426657e-01
PCG: 5 : 1.058275e-02 / 6.872674e-01
PCG: 6 : 9.998756e-03 / 6.493416e-01
PCG: 7 : 1.224886e-02 / 7.954682e-01
PCG: 8 : 1.846437e-02 / 1.199118e+00
PCG: 0 : 1.846437e-02
PCG: 1 : 1.207373e-02 / 6.538933e-01
PCG: 2 : 9.678371e-03 / 5.241647e-01
PCG: 3 : 1.014885e-02 / 5.496449e-01
PCG: 4 : 9.372375e-03 / 5.075924e-01
PCG: 5 : 1.011603e-02 / 5.478674e-01
PCG: 6 : 9.334647e-03 / 5.055491e-01
PCG: 7 : 1.131651e-02 / 6.128835e-01
PCG: 8 : 1.391361e-02 / 7.535385e-01
PCG: 0 : 1.391361e-02
PCG: 1 : 1.117231e-02 / 8.029767e-01
PCG: 2 : 9.105939e-03 / 6.544625e-01
PCG: 3 : 9.757657e-03 / 7.013028e-01
PCG: 4 : 8.927109e-03 / 6.416096e-01
PCG: 5 : 9.567983e-03 / 6.876705e-01
PCG: 6 : 9.017302e-03 / 6.480920e-01
PCG: 7 : 1.106410e-02 / 7.951994e-01
PCG: 8 : 1.668721e-02 / 1.199344e+00
PCG: 0 : 1.668721e-02
PCG: 1 : 1.090657e-02 / 6.535887e-01
PCG: 2 : 8.729260e-03 / 5.231109e-01
PCG: 3 : 9.174296e-03 / 5.497802e-01
PCG: 4 : 8.455241e-03 / 5.066900e-01
PCG: 5 : 9.146090e-03 / 5.480899e-01
PCG: 6 : 8.418539e-03 / 5.044906e-01
PCG: 7 : 1.022551e-02 / 6.127753e-01
PCG: 8 : 1.257167e-02 / 7.533715e-01
PCG: 0 : 1.257166e-02
PCG: 1 : 1.009540e-02 / 8.030282e-01
PCG: 2 : 8.212534e-03 / 6.532575e-01
PCG: 3 : 8.820498e-03 / 7.016174e-01
PCG: 4 : 8.053872e-03 / 6.406369e-01
PCG: 5 : 8.649958e-03 / 6.880519e-01
PCG: 6 : 8.133458e-03 / 6.469675e-01
PCG: 7 : 9.994307e-03 / 7.949867e-01
PCG: 8 : 1.508052e-02 / 1.199564e+00
PCG: 0 : 1.508052e-02
PCG: 1 : 9.852389e-03 / 6.533191e-01
PCG: 2 : 7.874415e-03 / 5.221582e-01
PCG: 3 : 8.292994e-03 / 5.499144e-01
PCG: 4 : 7.628521e-03 / 5.058528e-01
PCG: 5 : 8.268648e-03 / 5.483000e-01
PCG: 6 : 7.593538e-03 / 5.035331e-01
PCG: 7 : 9.239857e-03 / 6.127017e-01
PCG: 8 : 1.135879e-02 / 7.532098e-01
PCG: 0 : 1.135879e-02
PCG: 1 : 9.122306e-03 / 8.031054e-01
PCG: 2 : 7.407917e-03 / 6.521747e-01
PCG: 3 : 7.973067e-03 / 7.019291e-01
PCG: 4 : 7.266643e-03 / 6.397374e-01
PCG: 5 : 7.819543e-03 / 6.884132e-01
PCG: 6 : 7.337285e-03 / 6.459565e-01
PCG: 7 : 9.028202e-03 / 7.948206e-01
PCG: 8 : 1.362806e-02 / 1.199781e+00
PCG: 0 : 1.362806e-02
PCG: 1 : 8.900197e-03 / 6.530787e-01
PCG: 2 : 7.104253e-03 / 5.212959e-01
PCG: 3 : 7.496057e-03 / 5.500457e-01
PCG: 4 : 6.883167e-03 / 5.050730e-01
PCG: 5 : 7.474946e-03 / 5.484966e-01
PCG: 6 : 6.850347e-03 / 5.026648e-01
PCG: 7 : 8.349296e-03 / 6.126546e-01
PCG: 8 : 1.026265e-02 / 7.530527e-01
PCG: 0 : 1.026265e-02
PCG: 1 : 8.242986e-03 / 8.032026e-01
PCG: 2 : 6.683037e-03 / 6.512000e-01
PCG: 3 : 7.206793e-03 / 7.022351e-01
PCG: 4 : 6.556836e-03 / 6.389029e-01
PCG: 5 : 7.068451e-03 / 6.887550e-01
PCG: 6 : 6.619881e-03 / 6.450461e-01
PCG: 7 : 8.155647e-03 / 7.946921e-01
PCG: 8 : 1.231513e-02 / 1.199995e+00
PCG: 0 : 1.231513e-02
PCG: 1 : 8.040091e-03 / 6.528630e-01
PCG: 2 : 6.410195e-03 / 5.205139e-01
PCG: 3 : 6.775445e-03 / 5.501725e-01
PCG: 4 : 6.211072e-03 / 5.043449e-01
PCG: 5 : 6.757059e-03 / 5.486795e-01
PCG: 6 : 6.180670e-03 / 5.018762e-01
PCG: 7 : 7.544604e-03 / 6.126289e-01
PCG: 8 : 9.272086e-03 / 7.529022e-01
PCG: 0 : 9.272086e-03
PCG: 1 : 7.448394e-03 / 8.033137e-01
PCG: 2 : 6.029818e-03 / 6.503195e-01
PCG: 3 : 6.513931e-03 / 7.025313e-01
PCG: 4 : 5.916761e-03 / 6.381261e-01
PCG: 5 : 6.389174e-03 / 6.890762e-01
PCG: 6 : 5.973295e-03 / 6.442235e-01
PCG: 7 : 7.367537e-03 / 7.945932e-01
PCG: 8 : 1.112840e-02 / 1.200204e+00
PCG: 0 : 1.112840e-02
PCG: 1 : 7.263134e-03 / 6.526668e-01
PCG: 2 : 5.784568e-03 / 5.198025e-01
PCG: 3 : 6.123883e-03 / 5.502934e-01
PCG: 4 : 5.604967e-03 / 5.036635e-01
PCG: 5 : 6.107804e-03 / 5.488486e-01
PCG: 6 : 5.577079e-03 / 5.011575e-01
PCG: 7 : 6.817469e-03 / 6.126192e-01
PCG: 8 : 8.376994e-03 / 7.527584e-01
PCG: 0 : 8.376994e-03
PCG: 1 : 6.730360e-03 / 8.034338e-01
PCG: 2 : 5.441037e-03 / 6.495215e-01
PCG: 3 : 5.887476e-03 / 7.028149e-01
PCG: 4 : 5.339499e-03 / 6.374003e-01
PCG: 5 : 5.774894e-03 / 6.893755e-01
PCG: 6 : 5.390398e-03 / 6.434764e-01
PCG: 7 : 6.655635e-03 / 7.945135e-01
PCG: 8 : 1.005580e-02 / 1.200407e+00
PCG: 0 : 1.005580e-02
PCG: 1 : 6.561263e-03 / 6.524853e-01
PCG: 2 : 5.220502e-03 / 5.191532e-01
PCG: 3 : 5.534783e-03 / 5.504068e-01
PCG: 4 : 5.058314e-03 / 5.030244e-01
PCG: 5 : 5.520668e-03 / 5.490032e-01
PCG: 6 : 5.032929e-03 / 5.005000e-01
PCG: 7 : 6.160393e-03 / 6.126208e-01
PCG: 8 : 7.568220e-03 / 7.526222e-01
PCG: 0 : 7.568220e-03
PCG: 1 : 6.081503e-03 / 8.035579e-01
PCG: 2 : 4.910219e-03 / 6.487944e-01
PCG: 3 : 5.321090e-03 / 7.030834e-01
PCG: 4 : 4.818839e-03 / 6.367202e-01
PCG: 5 : 5.219443e-03 / 6.896527e-01
PCG: 6 : 4.864822e-03 / 6.427960e-01
PCG: 7 : 6.012564e-03 / 7.944489e-01
PCG: 8 : 9.086436e-03 / 1.200604e+00
PCG: 0 : 9.086436e-03
PCG: 1 : 5.927215e-03 / 6.523147e-01
PCG: 2 : 4.711841e-03 / 5.185577e-01
PCG: 3 : 5.002180e-03 / 5.505107e-01
PCG: 4 : 4.565237e-03 / 5.024233e-01
PCG: 5 : 4.989753e-03 / 5.491431e-01
PCG: 6 : 4.542275e-03 / 4.998962e-01
PCG: 7 : 5.566613e-03 / 6.126289e-01
PCG: 8 : 6.837477e-03 / 7.524927e-01
PCG: 0 : 6.837477e-03
PCG: 1 : 5.495153e-03 / 8.036814e-01
PCG: 2 : 4.431565e-03 / 6.481287e-01
PCG: 3 : 4.809036e-03 / 7.033349e-01
PCG: 4 : 4.349188e-03 / 6.360809e-01
PCG: 5 : 4.717221e-03 / 6.899067e-01
PCG: 6 : 4.390840e-03 / 6.421726e-01
PCG: 7 : 5.431643e-03 / 7.943929e-01
PCG: 8 : 8.210403e-03 / 1.200794e+00
PCG: 0 : 8.210403e-03
PCG: 1 : 5.354427e-03 / 6.521516e-01
PCG: 2 : 4.253067e-03 / 5.180095e-01
PCG: 3 : 4.520684e-03 / 5.506044e-01
PCG: 4 : 4.120449e-03 / 5.018570e-01
PCG: 5 : 4.509712e-03 / 5.492681e-01
PCG: 6 : 4.099776e-03 / 4.993392e-01
PCG: 7 : 5.030023e-03 / 6.126403e-01
PCG: 8 : 6.177258e-03 / 7.523696e-01
PCG: 0 : 6.177257e-03
PCG: 1 : 4.965290e-03 / 8.038018e-01
PCG: 2 : 3.999879e-03 / 6.475170e-01
PCG: 3 : 4.346127e-03 / 7.035690e-01
PCG: 4 : 3.925517e-03 / 6.354789e-01
PCG: 5 : 4.263162e-03 / 6.901383e-01
PCG: 6 : 3.963320e-03 / 6.415986e-01
PCG: 7 : 4.906850e-03 / 7.943413e-01
PCG: 8 : 7.418755e-03 / 1.200979e+00
PCG: 0 : 7.418755e-03
PCG: 1 : 4.836970e-03 / 6.519922e-01
PCG: 2 : 3.839219e-03 / 5.175018e-01
PCG: 3 : 4.085409e-03 / 5.506866e-01
PCG: 4 : 3.719184e-03 / 5.013219e-01
PCG: 5 : 4.075700e-03 / 5.493779e-01
PCG: 6 : 3.700646e-03 / 4.988231e-01
PCG: 7 : 4.545114e-03 / 6.126519e-01
PCG: 8 : 5.580765e-03 / 7.522509e-01
PCG: 0 : 5.580765e-03
PCG: 1 : 4.486475e-03 / 8.039176e-01
PCG: 2 : 3.610492e-03 / 6.469529e-01
PCG: 3 : 3.927663e-03 / 7.037859e-01
PCG: 4 : 3.543291e-03 / 6.349114e-01
PCG: 5 : 3.852673e-03 / 6.903486e-01
PCG: 6 : 3.577653e-03 / 6.410686e-01
PCG: 7 : 4.432755e-03 / 7.942917e-01
PCG: 8 : 6.703389e-03 / 1.201160e+00
PCG: 0 : 6.703389e-03
PCG: 1 : 4.369500e-03 / 6.518345e-01
PCG: 2 : 3.465851e-03 / 5.170296e-01
PCG: 3 : 3.691936e-03 / 5.507567e-01
PCG: 4 : 3.357158e-03 / 5.008150e-01
PCG: 5 : 3.683329e-03 / 5.494727e-01
PCG: 6 : 3.340586e-03 / 4.983429e-01
PCG: 7 : 4.106908e-03 / 6.126614e-01
PCG: 8 : 5.041862e-03 / 7.521363e-01
PCG: 0 : 5.041862e-03
PCG: 1 : 4.053793e-03 / 8.040270e-01
PCG: 2 : 3.259215e-03 / 6.464309e-01
PCG: 3 : 3.549394e-03 / 7.039849e-01
PCG: 4 : 3.198431e-03 / 6.343750e-01
PCG: 5 : 3.481595e-03 / 6.905375e-01
PCG: 6 : 3.229698e-03 / 6.405764e-01
PCG: 7 : 4.004451e-03 / 7.942406e-01
PCG: 8 : 6.056973e-03 / 1.201337e+00
PCG: 0 : 6.056973e-03
PCG: 1 : 3.947186e-03 / 6.516764e-01
PCG: 2 : 3.128963e-03 / 5.165886e-01
PCG: 3 : 3.336271e-03 / 5.508149e-01
PCG: 4 : 3.030511e-03 / 5.003343e-01
PCG: 5 : 3.328629e-03 / 5.495533e-01
PCG: 6 : 3.015735e-03 / 4.978948e-01
PCG: 7 : 3.710911e-03 / 6.126677e-01
PCG: 8 : 4.555002e-03 / 7.520262e-01
PCG: 0 : 4.555002e-03
PCG: 1 : 3.662804e-03 / 8.041278e-01
PCG: 2 : 2.942281e-03 / 6.459450e-01
PCG: 3 : 3.207473e-03 / 7.041650e-01
PCG: 4 : 2.887262e-03 / 6.338663e-01
PCG: 5 : 3.146163e-03 / 6.907051e-01
PCG: 6 : 2.915732e-03 / 6.401165e-01
PCG: 7 : 3.617515e-03 / 7.941851e-01
PCG: 8 : 5.472864e-03 / 1.201506e+00
PCG: 0 : 5.472864e-03
PCG: 1 : 3.565665e-03 / 6.515172e-01
PCG: 2 : 2.824955e-03 / 5.161749e-01
PCG: 3 : 3.014788e-03 / 5.508611e-01
PCG: 4 : 2.735761e-03 / 4.998774e-01
PCG: 5 : 3.007994e-03 / 5.496197e-01
PCG: 6 : 2.722614e-03 / 4.974752e-01
PCG: 7 : 3.353057e-03 / 6.126695e-01
PCG: 8 : 4.115159e-03 / 7.519206e-01
PCG: 0 : 4.115159e-03
PCG: 1 : 3.309492e-03 / 8.042197e-01
PCG: 2 : 2.656304e-03 / 6.454925e-01
PCG: 3 : 2.898421e-03 / 7.043279e-01
PCG: 4 : 2.606475e-03 / 6.333837e-01
PCG: 5 : 2.842971e-03 / 6.908532e-01
PCG: 6 : 2.632409e-03 / 6.396859e-01
PCG: 7 : 3.267952e-03 / 7.941254e-01
PCG: 8 : 4.945075e-03 / 1.201673e+00
PCG: 0 : 4.945075e-03
PCG: 1 : 3.221000e-03 / 6.513553e-01
PCG: 2 : 2.550595e-03 / 5.157849e-01
PCG: 3 : 2.724219e-03 / 5.508955e-01
PCG: 4 : 2.469779e-03 / 4.994422e-01
PCG: 5 : 2.718173e-03 / 5.496727e-01
PCG: 6 : 2.458102e-03 / 4.970808e-01
PCG: 7 : 3.029677e-03 / 6.126657e-01
PCG: 8 : 3.717798e-03 / 7.518184e-01
PCG: 0 : 3.717798e-03
PCG: 1 : 2.990233e-03 / 8.043023e-01
PCG: 2 : 2.398237e-03 / 6.450693e-01
PCG: 3 : 2.619090e-03 / 7.044735e-01
PCG: 4 : 2.353086e-03 / 6.329246e-01
PCG: 5 : 2.568930e-03 / 6.909817e-01
PCG: 6 : 2.376712e-03 / 6.392795e-01
PCG: 7 : 2.952145e-03 / 7.940576e-01
PCG: 8 : 4.468174e-03 / 1.201834e+00
PCG: 0 : 4.468174e-03
PCG: 1 : 2.909628e-03 / 6.511895e-01
PCG: 2 : 2.302967e-03 / 5.154157e-01
PCG: 3 : 2.461599e-03 / 5.509183e-01
PCG: 4 : 2.229742e-03 / 4.990274e-01
PCG: 5 : 2.456216e-03 / 5.497137e-01
PCG: 6 : 2.219387e-03 / 4.967101e-01
PCG: 7 : 2.737457e-03 / 6.126568e-01
PCG: 8 : 3.358818e-03 / 7.517205e-01
PCG: 0 : 3.358818e-03
PCG: 1 : 2.701748e-03 / 8.043746e-01
PCG: 2 : 2.165336e-03 / 6.446720e-01
PCG: 3 : 2.366632e-03 / 7.046026e-01
PCG: 4 : 2.124409e-03 / 6.324871e-01
PCG: 5 : 2.321251e-03 / 6.910917e-01
PCG: 6 : 2.145931e-03 / 6.388947e-01
PCG: 7 : 2.666843e-03 / 7.939825e-01
PCG: 8 : 4.037263e-03 / 1.201989e+00
PCG: 0 : 4.037263e-03
PCG: 1 : 2.628342e-03 / 6.510207e-01
PCG: 2 : 2.079455e-03 / 5.150656e-01
PCG: 3 : 2.224250e-03 / 5.509300e-01
PCG: 4 : 2.013105e-03 / 4.986311e-01
PCG: 5 : 2.219455e-03 / 5.497423e-01
PCG: 6 : 2.003934e-03 / 4.963595e-01
PCG: 7 : 2.473393e-03 / 6.126410e-01
PCG: 8 : 3.034508e-03 / 7.516249e-01
PCG: 0 : 3.034508e-03
PCG: 1 : 2.441072e-03 / 8.044375e-01
PCG: 2 : 1.955128e-03 / 6.442983e-01
PCG: 3 : 2.138466e-03 / 7.047158e-01
PCG: 4 : 1.918020e-03 / 6.320696e-01
PCG: 5 : 2.097405e-03 / 6.911848e-01
PCG: 6 : 1.937625e-03 / 6.385301e-01
PCG: 7 : 2.409096e-03 / 7.939000e-01
PCG: 8 : 3.647909e-03 / 1.202142e+00
PCG: 0 : 3.647909e-03
PCG: 1 : 2.374230e-03 / 6.508469e-01
PCG: 2 : 1.877694e-03 / 5.147315e-01
PCG: 3 : 2.009746e-03 / 5.509309e-01
PCG: 4 : 1.817577e-03 / 4.982519e-01
PCG: 5 : 2.005473e-03 / 5.497596e-01
PCG: 6 : 1.809462e-03 / 4.960272e-01
PCG: 7 : 2.234777e-03 / 6.126186e-01
PCG: 8 : 2.741517e-03 / 7.515311e-01
PCG: 0 : 2.741517e-03
PCG: 1 : 2.205528e-03 / 8.044918e-01
PCG: 2 : 1.765391e-03 / 6.439467e-01
PCG: 3 : 1.932263e-03 / 7.048150e-01
PCG: 4 : 1.731739e-03 / 6.316718e-01
PCG: 5 : 1.895109e-03 / 6.912628e-01
PCG: 6 : 1.749592e-03 / 6.381837e-01
PCG: 7 : 2.176246e-03 / 7.938108e-01
PCG: 8 : 3.296109e-03 / 1.202294e+00
PCG: 0 : 3.296109e-03
PCG: 1 : 2.144673e-03 / 6.506681e-01
PCG: 2 : 1.695556e-03 / 5.144115e-01
PCG: 3 : 1.815896e-03 / 5.509213e-01
PCG: 4 : 1.641092e-03 / 4.978877e-01
PCG: 5 : 1.812086e-03 / 5.497653e-01
PCG: 6 : 1.633917e-03 / 4.957109e-01
PCG: 7 : 2.019158e-03 / 6.125885e-01
PCG: 8 : 2.476818e-03 / 7.514369e-01
PCG: 0 : 2.476818e-03
PCG: 1 : 1.992694e-03 / 8.045379e-01
PCG: 2 : 1.594120e-03 / 6.436161e-01
PCG: 3 : 1.745914e-03 / 7.049019e-01
PCG: 4 : 1.563597e-03 / 6.312929e-01
PCG: 5 : 1.712293e-03 / 6.913278e-01
PCG: 6 : 1.579849e-03 / 6.378542e-01
PCG: 7 : 1.965888e-03 / 7.937153e-01
PCG: 8 : 2.978238e-03 / 1.202445e+00
PCG: 0 : 2.978238e-03
PCG: 1 : 1.937298e-03 / 6.504847e-01
PCG: 2 : 1.531125e-03 / 5.141044e-01
PCG: 3 : 1.640716e-03 / 5.509017e-01
PCG: 4 : 1.481787e-03 / 4.975381e-01
PCG: 5 : 1.637320e-03 / 5.497612e-01
PCG: 6 : 1.475449e-03 / 4.954101e-01
PCG: 7 : 1.824326e-03 / 6.125520e-01
PCG: 8 : 2.237682e-03 / 7.513442e-01
PCG: 0 : 2.237682e-03
PCG: 1 : 1.800386e-03 / 8.045763e-01
PCG: 2 : 1.439510e-03 / 6.433041e-01
PCG: 3 : 1.577514e-03 / 7.049767e-01
PCG: 4 : 1.411822e-03 / 6.309306e-01
PCG: 5 : 1.547087e-03 / 6.913793e-01
PCG: 6 : 1.426610e-03 / 6.375392e-01
PCG: 7 : 1.775852e-03 / 7.936124e-01
PCG: 8 : 2.691026e-03 / 1.202595e+00
PCG: 0 : 2.691026e-03
PCG: 1 : 1.749963e-03 / 6.502960e-01
PCG: 2 : 1.382672e-03 / 5.138085e-01
PCG: 3 : 1.482413e-03 / 5.508728e-01
PCG: 4 : 1.337983e-03 / 4.972018e-01
PCG: 5 : 1.479386e-03 / 5.497478e-01
PCG: 6 : 1.332389e-03 / 4.951231e-01
PCG: 7 : 1.648278e-03 / 6.125091e-01
PCG: 8 : 2.021638e-03 / 7.512518e-01
PCG: 0 : 2.021638e-03
PCG: 1 : 1.626624e-03 / 8.046067e-01
PCG: 2 : 1.299932e-03 / 6.430091e-01
PCG: 3 : 1.425336e-03 / 7.050399e-01
PCG: 4 : 1.274813e-03 / 6.305839e-01
PCG: 5 : 1.397798e-03 / 6.914186e-01
PCG: 6 : 1.288262e-03 / 6.372368e-01
PCG: 7 : 1.604173e-03 / 7.935016e-01
PCG: 8 : 2.431513e-03 / 1.202744e+00
PCG: 0 : 2.431513e-03
PCG: 1 : 1.580734e-03 / 6.501030e-01
PCG: 2 : 1.248638e-03 / 5.135233e-01
PCG: 3 : 1.339364e-03 / 5.508359e-01
PCG: 4 : 1.208166e-03 / 4.968784e-01
PCG: 5 : 1.336665e-03 / 5.497259e-01
PCG: 6 : 1.203232e-03 / 4.948492e-01
PCG: 7 : 1.489206e-03 / 6.124607e-01
PCG: 8 : 1.826457e-03 / 7.511610e-01
PCG: 0 : 1.826457e-03
PCG: 1 : 1.469623e-03 / 8.046303e-01
PCG: 2 : 1.173919e-03 / 6.427301e-01
PCG: 3 : 1.287821e-03 / 7.050925e-01
PCG: 4 : 1.151128e-03 / 6.302518e-01
PCG: 5 : 1.262897e-03 / 6.914464e-01
PCG: 6 : 1.163355e-03 / 6.369460e-01
PCG: 7 : 1.449081e-03 / 7.933837e-01
PCG: 8 : 2.197026e-03 / 1.202889e+00
PCG: 0 : 2.197026e-03
PCG: 1 : 1.427860e-03 / 6.499057e-01
PCG: 2 : 1.127618e-03 / 5.132474e-01
PCG: 3 : 1.210103e-03 / 5.507914e-01
PCG: 4 : 1.090971e-03 / 4.965671e-01
PCG: 5 : 1.207699e-03 / 5.496969e-01
PCG: 6 : 1.086623e-03 / 4.945880e-01
PCG: 7 : 1.345475e-03 / 6.124074e-01
PCG: 8 : 1.650125e-03 / 7.510719e-01
PCG: 0 : 1.650125e-03
PCG: 1 : 1.327768e-03 / 8.046471e-01
PCG: 2 : 1.060149e-03 / 6.424658e-01
PCG: 3 : 1.163561e-03 / 7.051354e-01
PCG: 4 : 1.039468e-03 / 6.299331e-01
PCG: 5 : 1.141001e-03 / 6.914636e-01
PCG: 6 : 1.050577e-03 / 6.366651e-01
PCG: 7 : 1.308976e-03 / 7.932585e-01
PCG: 8 : 1.985154e-03 / 1.203033e+00
PCG: 0 : 1.985154e-03
PCG: 1 : 1.289762e-03 / 6.497038e-01
PCG: 2 : 1.018344e-03 / 5.129798e-01
PCG: 3 : 1.093303e-03 / 5.507396e-01
PCG: 4 : 9.851659e-04 / 4.962667e-01
PCG: 5 : 1.091161e-03 / 5.496606e-01
PCG: 6 : 9.813366e-04 / 4.943377e-01
PCG: 7 : 1.215607e-03 / 6.123489e-01
PCG: 8 : 1.490817e-03 / 7.509828e-01
PCG: 0 : 1.490817e-03
PCG: 1 : 1.199598e-03 / 8.046582e-01
PCG: 2 : 9.574256e-04 / 6.422154e-01
PCG: 3 : 1.051279e-03 / 7.051700e-01
PCG: 4 : 9.386601e-04 / 6.296281e-01
PCG: 5 : 1.030858e-03 / 6.914721e-01
PCG: 6 : 9.487485e-04 / 6.363951e-01
PCG: 7 : 1.182408e-03 / 7.931278e-01
PCG: 8 : 1.793717e-03 / 1.203178e+00
PCG: 0 : 1.793718e-03
PCG: 1 : 1.165015e-03 / 6.494973e-01
PCG: 2 : 9.196739e-04 / 5.127195e-01
PCG: 3 : 9.877658e-04 / 5.506808e-01
PCG: 4 : 8.896415e-04 / 4.959764e-01
PCG: 5 : 9.858586e-04 / 5.496175e-01
PCG: 6 : 8.862710e-04 / 4.940973e-01
PCG: 7 : 1.098266e-03 / 6.122848e-01
PCG: 8 : 1.346888e-03 / 7.508922e-01
PCG: 0 : 1.346888e-03
PCG: 1 : 1.083794e-03 / 8.046649e-01
PCG: 2 : 8.646742e-04 / 6.419791e-01
PCG: 3 : 9.498228e-04 / 7.051978e-01
PCG: 4 : 8.476454e-04 / 6.293360e-01
PCG: 5 : 9.313368e-04 / 6.914729e-01
PCG: 6 : 8.568023e-04 / 6.361345e-01
PCG: 7 : 1.068071e-03 / 7.929916e-01
PCG: 8 : 1.620743e-03 / 1.203324e+00
PCG: 0 : 1.620743e-03
PCG: 1 : 1.052327e-03 / 6.492866e-01
PCG: 2 : 8.305753e-04 / 5.124658e-01
PCG: 3 : 8.924061e-04 / 5.506154e-01
PCG: 4 : 8.033951e-04 / 4.956956e-01
PCG: 5 : 8.907100e-04 / 5.495690e-01
PCG: 6 : 8.004311e-04 / 4.938667e-01
PCG: 7 : 9.922455e-04 / 6.122165e-01
PCG: 8 : 1.216855e-03 / 7.508009e-01
PCG: 0 : 1.216855e-03
PCG: 1 : 9.791645e-04 / 8.046680e-01
PCG: 2 : 7.809243e-04 / 6.417562e-01
PCG: 3 : 8.581503e-04 / 7.052197e-01
PCG: 4 : 7.654708e-04 / 6.290566e-01
PCG: 5 : 8.414153e-04 / 6.914670e-01
PCG: 6 : 7.737771e-04 / 6.358826e-01
PCG: 7 : 9.647842e-04 / 7.928504e-01
PCG: 8 : 1.464450e-03 / 1.203471e+00
PCG: 0 : 1.464450e-03
PCG: 1 : 9.505328e-04 / 6.490713e-01
PCG: 2 : 7.501171e-04 / 5.122175e-01
PCG: 3 : 8.062447e-04 / 5.505442e-01
PCG: 4 : 7.255230e-04 / 4.954233e-01
PCG: 5 : 8.047366e-04 / 5.495144e-01
PCG: 6 : 7.229187e-04 / 4.936450e-01
PCG: 7 : 8.964543e-04 / 6.121438e-01
PCG: 8 : 1.099376e-03 / 7.507088e-01
PCG: 0 : 1.099376e-03
PCG: 1 : 8.846316e-04 / 8.046672e-01
PCG: 2 : 7.052994e-04 / 6.415453e-01
PCG: 3 : 7.753191e-04 / 7.052357e-01
PCG: 4 : 6.912748e-04 / 6.287885e-01
PCG: 5 : 7.601685e-04 / 6.914546e-01
PCG: 6 : 6.988053e-04 / 6.356382e-01
PCG: 7 : 8.714795e-04 / 7.927039e-01
PCG: 8 : 1.323230e-03 / 1.203619e+00
PCG: 0 : 1.323230e-03
PCG: 1 : 8.585804e-04 / 6.488522e-01
PCG: 2 : 6.774599e-04 / 5.119746e-01
PCG: 3 : 7.283955e-04 / 5.504680e-01
PCG: 4 : 6.552101e-04 / 4.951598e-01
PCG: 5 : 7.270556e-04 / 5.494554e-01
PCG: 6 : 6.529241e-04 / 4.934322e-01
PCG: 7 : 8.099058e-04 / 6.120675e-01
PCG: 8 : 9.932376e-04 / 7.506163e-01
PCG: 0 : 9.932376e-04
PCG: 1 : 7.992220e-04 / 8.046635e-01
PCG: 2 : 6.370096e-04 / 6.413467e-01
PCG: 3 : 7.004780e-04 / 7.052472e-01
PCG: 4 : 6.242815e-04 / 6.285319e-01
PCG: 5 : 6.867611e-04 / 6.914369e-01
PCG: 6 : 6.311048e-04 / 6.354017e-01
PCG: 7 : 7.871932e-04 / 7.925528e-01
PCG: 8 : 1.195629e-03 / 1.203769e+00
PCG: 0 : 1.195629e-03
PCG: 1 : 7.755194e-04 / 6.486290e-01
PCG: 2 : 6.118471e-04 / 5.117368e-01
PCG: 3 : 6.580582e-04 / 5.503867e-01
PCG: 4 : 5.917217e-04 / 4.949043e-01
PCG: 5 : 6.568685e-04 / 5.493917e-01
PCG: 6 : 5.897166e-04 / 4.932272e-01
PCG: 7 : 7.317099e-04 / 6.119876e-01
PCG: 8 : 8.973459e-04 / 7.505223e-01
PCG: 0 : 8.973459e-04
PCG: 1 : 7.220554e-04 / 8.046567e-01
PCG: 2 : 5.753411e-04 / 6.411586e-01
PCG: 3 : 6.328570e-04 / 7.052543e-01
PCG: 4 : 5.637898e-04 / 6.282859e-01
PCG: 5 : 6.204381e-04 / 6.914147e-01
PCG: 6 : 5.699691e-04 / 6.351721e-01
PCG: 7 : 7.110552e-04 / 7.923982e-01
PCG: 8 : 1.080332e-03 / 1.203919e+00
PCG: 0 : 1.080332e-03
PCG: 1 : 7.004910e-04 / 6.484036e-01
PCG: 2 : 5.525941e-04 / 5.115041e-01
PCG: 3 : 5.945088e-04 / 5.503020e-01
PCG: 4 : 5.343930e-04 / 4.946564e-01
PCG: 5 : 5.934528e-04 / 5.493246e-01
PCG: 6 : 5.326358e-04 / 4.930298e-01
PCG: 7 : 6.610602e-04 / 6.119049e-01
PCG: 8 : 8.107115e-04 / 7.504283e-01
PCG: 0 : 8.107115e-04
PCG: 1 : 6.523369e-04 / 8.046474e-01
PCG: 2 : 5.196504e-04 / 6.409807e-01
PCG: 3 : 5.717601e-04 / 7.052571e-01
PCG: 4 : 5.091666e-04 / 6.280491e-01
PCG: 5 : 5.605160e-04 / 6.913878e-01
PCG: 6 : 5.147605e-04 / 6.349491e-01
PCG: 7 : 6.422776e-04 / 7.922394e-01
PCG: 8 : 9.761535e-04 / 1.204070e+00
PCG: 0 : 9.761535e-04
PCG: 1 : 6.327177e-04 / 6.481744e-01
PCG: 2 : 4.990831e-04 / 5.112752e-01
PCG: 3 : 5.370925e-04 / 5.502132e-01
PCG: 4 : 4.826257e-04 / 4.944158e-01
PCG: 5 : 5.361563e-04 / 5.492541e-01
PCG: 6 : 4.810870e-04 / 4.928395e-01
PCG: 7 : 5.972296e-04 / 6.118193e-01
PCG: 8 : 7.324397e-04 / 7.503325e-01
PCG: 0 : 7.324397e-04
PCG: 1 : 5.893480e-04 / 8.046368e-01
PCG: 2 : 4.693573e-04 / 6.408136e-01
PCG: 3 : 5.165589e-04 / 7.052578e-01
PCG: 4 : 4.598426e-04 / 6.278232e-01
PCG: 5 : 5.063780e-04 / 6.913579e-01
PCG: 6 : 4.649033e-04 / 6.347325e-01
PCG: 7 : 5.801491e-04 / 7.920776e-01
PCG: 8 : 8.820220e-04 / 1.204225e+00
PCG: 0 : 8.820220e-04
PCG: 1 : 5.714988e-04 / 6.479416e-01
PCG: 2 : 4.507570e-04 / 5.110496e-01
PCG: 3 : 4.852182e-04 / 5.501204e-01
PCG: 4 : 4.358788e-04 / 4.941814e-01
PCG: 5 : 4.843889e-04 / 5.491800e-01
PCG: 6 : 4.345331e-04 / 4.926556e-01
PCG: 7 : 5.395596e-04 / 6.117303e-01
PCG: 8 : 6.617228e-04 / 7.502339e-01
PCG: 0 : 6.617228e-04
PCG: 1 : 5.324390e-04 / 8.046255e-01
PCG: 2 : 4.239376e-04 / 6.406574e-01
PCG: 3 : 4.666848e-04 / 7.052572e-01
PCG: 4 : 4.153021e-04 / 6.276074e-01
PCG: 5 : 4.574663e-04 / 6.913263e-01
PCG: 6 : 4.198780e-04 / 6.345226e-01
PCG: 7 : 5.240274e-04 / 7.919139e-01
PCG: 8 : 7.969681e-04 / 1.204384e+00
PCG: 0 : 7.969681e-04
PCG: 1 : 5.162004e-04 / 6.477053e-01
PCG: 2 : 4.071127e-04 / 5.108269e-01
PCG: 3 : 4.383517e-04 / 5.500242e-01
PCG: 4 : 3.936650e-04 / 4.939533e-01
PCG: 5 : 4.376178e-04 / 5.491033e-01
PCG: 6 : 3.924895e-04 / 4.924783e-01
PCG: 7 : 4.874569e-04 / 6.116393e-01
PCG: 8 : 5.978321e-04 / 7.501332e-01
PCG: 0 : 5.978321e-04
PCG: 1 : 4.810244e-04 / 8.046144e-01
PCG: 2 : 3.829184e-04 / 6.405115e-01
PCG: 3 : 4.216243e-04 / 7.052553e-01
PCG: 4 : 3.750804e-04 / 6.274008e-01
PCG: 5 : 4.132767e-04 / 6.912922e-01
PCG: 6 : 3.792154e-04 / 6.343176e-01
PCG: 7 : 4.733313e-04 / 7.917462e-01
PCG: 8 : 7.201157e-04 / 1.204545e+00
PCG: 0 : 7.201157e-04
PCG: 1 : 4.662500e-04 / 6.474654e-01
PCG: 2 : 3.676961e-04 / 5.106070e-01
PCG: 3 : 3.960096e-04 / 5.499250e-01
PCG: 4 : 3.555436e-04 / 4.937313e-01
PCG: 5 : 3.953613e-04 / 5.490247e-01
PCG: 6 : 3.545183e-04 / 4.923074e-01
PCG: 7 : 4.403843e-04 / 6.115466e-01
PCG: 8 : 5.401088e-04 / 7.500306e-01
PCG: 0 : 5.401088e-04
PCG: 1 : 4.345733e-04 / 8.046032e-01
PCG: 2 : 3.458720e-04 / 6.403747e-01
PCG: 3 : 3.809130e-04 / 7.052523e-01
PCG: 4 : 3.387582e-04 / 6.272035e-01
PCG: 5 : 3.733537e-04 / 6.912565e-01
PCG: 6 : 3.424930e-04 / 6.341184e-01
PCG: 7 : 4.275373e-04 / 7.915763e-01
PCG: 8 : 6.506739e-04 / 1.204709e+00
PCG: 0 : 6.506740e-04
PCG: 1 : 4.211309e-04 / 6.472226e-01
PCG: 2 : 3.320976e-04 / 5.103901e-01
PCG: 3 : 3.577559e-04 / 5.498235e-01
PCG: 4 : 3.211175e-04 / 4.935152e-01
PCG: 5 : 3.571835e-04 / 5.489439e-01
PCG: 6 : 3.202241e-04 / 4.921422e-01
PCG: 7 : 3.978561e-04 / 6.114522e-01
PCG: 8 : 4.879578e-04 / 7.499266e-01
PCG: 0 : 4.879578e-04
PCG: 1 : 3.926069e-04 / 8.045920e-01
PCG: 2 : 3.124137e-04 / 6.402473e-01
PCG: 3 : 3.441317e-04 / 7.052489e-01
PCG: 4 : 3.059568e-04 / 6.270149e-01
PCG: 5 : 3.372859e-04 / 6.912195e-01
PCG: 6 : 3.093284e-04 / 6.339245e-01
PCG: 7 : 3.861719e-04 / 7.914042e-01
PCG: 8 : 5.879286e-04 / 1.204876e+00
PCG: 0 : 5.879286e-04
PCG: 1 : 3.803762e-04 / 6.469769e-01
PCG: 2 : 2.999468e-04 / 5.101756e-01
PCG: 3 : 3.231959e-04 / 5.497196e-01
PCG: 4 : 2.900278e-04 / 4.933045e-01
PCG: 5 : 3.226914e-04 / 5.488616e-01
PCG: 6 : 2.892506e-04 / 4.919825e-01
PCG: 7 : 3.594338e-04 / 6.113563e-01
PCG: 8 : 4.408410e-04 / 7.498206e-01
PCG: 0 : 4.408410e-04
PCG: 1 : 3.546923e-04 / 8.045810e-01
PCG: 2 : 2.821950e-04 / 6.401287e-01
PCG: 3 : 3.109009e-04 / 7.052451e-01
PCG: 4 : 2.763343e-04 / 6.268344e-01
PCG: 5 : 3.047010e-04 / 6.911813e-01
PCG: 6 : 2.793763e-04 / 6.337349e-01
PCG: 7 : 3.488063e-04 / 7.912292e-01
PCG: 8 : 5.312332e-04 / 1.205045e+00
PCG: 0 : 5.312331e-04
PCG: 1 : 3.435636e-04 / 6.467285e-01
PCG: 2 : 2.709094e-04 / 5.099633e-01
PCG: 3 : 2.919732e-04 / 5.496141e-01
PCG: 4 : 2.619508e-04 / 4.930996e-01
PCG: 5 : 2.915294e-04 / 5.487787e-01
PCG: 6 : 2.612760e-04 / 4.918292e-01
PCG: 7 : 3.247215e-04 / 6.112598e-01
PCG: 8 : 3.982726e-04 / 7.497134e-01
PCG: 0 : 3.982726e-04
PCG: 1 : 3.204385e-04 / 8.045709e-01
PCG: 2 : 2.549020e-04 / 6.400189e-01
PCG: 3 : 2.808784e-04 / 7.052417e-01
PCG: 4 : 2.495824e-04 / 6.266623e-01
PCG: 5 : 2.752633e-04 / 6.911429e-01
PCG: 6 : 2.523256e-04 / 6.335499e-01
PCG: 7 : 3.150546e-04 / 7.910526e-01
PCG: 8 : 4.800049e-04 / 1.205217e+00
PCG: 0 : 4.800049e-04
PCG: 1 : 3.103124e-04 / 6.464776e-01
PCG: 2 : 2.446840e-04 / 5.097532e-01
PCG: 3 : 2.637660e-04 / 5.495068e-01
PCG: 4 : 2.365942e-04 / 4.928995e-01
PCG: 5 : 2.633759e-04 / 5.486941e-01
PCG: 6 : 2.360091e-04 / 4.916807e-01
PCG: 7 : 2.933608e-04 / 6.111620e-01
PCG: 8 : 3.598134e-04 / 7.496035e-01
PCG: 0 : 3.598134e-04
PCG: 1 : 2.894920e-04 / 8.045617e-01
PCG: 2 : 2.302509e-04 / 6.399176e-01
PCG: 3 : 2.537545e-04 / 7.052392e-01
PCG: 4 : 2.254225e-04 / 6.264985e-01
PCG: 5 : 2.486687e-04 / 6.911047e-01
PCG: 6 : 2.278949e-04 / 6.333698e-01
PCG: 7 : 2.845672e-04 / 7.908746e-01
PCG: 8 : 4.337164e-04 / 1.205393e+00
PCG: 0 : 4.337164e-04
PCG: 1 : 2.802779e-04 / 6.462239e-01
PCG: 2 : 2.209979e-04 / 5.095447e-01
PCG: 3 : 2.382829e-04 / 5.493979e-01
PCG: 4 : 2.136939e-04 / 4.927043e-01
PCG: 5 : 2.379407e-04 / 5.486089e-01
PCG: 6 : 2.131876e-04 / 4.915369e-01
PCG: 7 : 2.650280e-04 / 6.110629e-01
PCG: 8 : 3.250666e-04 / 7.494911e-01
PCG: 0 : 3.250666e-04
PCG: 1 : 2.615336e-04 / 8.045540e-01
PCG: 2 : 2.079856e-04 / 6.398246e-01
PCG: 3 : 2.292493e-04 / 7.052380e-01
PCG: 4 : 2.036032e-04 / 6.263431e-01
PCG: 5 : 2.246430e-04 / 6.910675e-01
PCG: 6 : 2.058304e-04 / 6.331947e-01
PCG: 7 : 2.570287e-04 / 7.906957e-01
PCG: 8 : 3.918912e-04 / 1.205572e+00
PCG: 0 : 3.918912e-04
PCG: 1 : 2.531491e-04 / 6.459678e-01
PCG: 2 : 1.996051e-04 / 5.093381e-01
PCG: 3 : 2.152611e-04 / 5.492880e-01
PCG: 4 : 1.930119e-04 / 4.925142e-01
PCG: 5 : 2.149615e-04 / 5.485235e-01
PCG: 6 : 1.925746e-04 / 4.913981e-01
PCG: 7 : 2.394312e-04 / 6.109635e-01
PCG: 8 : 2.936739e-04 / 7.493762e-01
PCG: 0 : 2.936739e-04
PCG: 1 : 2.362750e-04 / 8.045487e-01
PCG: 2 : 1.878750e-04 / 6.397403e-01
PCG: 3 : 2.071103e-04 / 7.052389e-01
PCG: 4 : 1.838974e-04 / 6.261959e-01
PCG: 5 : 2.029379e-04 / 6.910314e-01
PCG: 6 : 1.859028e-04 / 6.330244e-01
PCG: 7 : 2.321538e-04 / 7.905155e-01
PCG: 8 : 3.540993e-04 / 1.205757e+00
PCG: 0 : 3.540993e-04
PCG: 1 : 2.286449e-04 / 6.457083e-01
PCG: 2 : 1.802836e-04 / 5.091328e-01
PCG: 3 : 1.944631e-04 / 5.491767e-01
PCG: 4 : 1.743331e-04 / 4.923281e-01
PCG: 5 : 1.942013e-04 / 5.484374e-01
PCG: 6 : 1.739561e-04 / 4.912636e-01
PCG: 7 : 2.163061e-04 / 6.108629e-01
PCG: 8 : 2.653117e-04 / 7.492579e-01
PCG: 0 : 2.653117e-04
PCG: 1 : 2.134553e-04 / 8.045453e-01
PCG: 2 : 1.697104e-04 / 6.396643e-01
PCG: 3 : 1.871090e-04 / 7.052422e-01
PCG: 4 : 1.661002e-04 / 6.260568e-01
PCG: 5 : 1.833296e-04 / 6.909971e-01
PCG: 6 : 1.679047e-04 / 6.328583e-01
PCG: 7 : 2.096850e-04 / 7.903346e-01
PCG: 8 : 3.199515e-04 / 1.205946e+00
PCG: 0 : 3.199515e-04
PCG: 1 : 2.065117e-04 / 6.454468e-01
PCG: 2 : 1.628326e-04 / 5.089290e-01
PCG: 3 : 1.756742e-04 / 5.490649e-01
PCG: 4 : 1.574631e-04 / 4.921468e-01
PCG: 5 : 1.754458e-04 / 5.483512e-01
PCG: 6 : 1.571390e-04 / 4.911339e-01
PCG: 7 : 1.954142e-04 / 6.107621e-01
PCG: 8 : 2.396878e-04 / 7.491377e-01
PCG: 0 : 2.396878e-04
PCG: 1 : 1.928393e-04 / 8.045438e-01
PCG: 2 : 1.533034e-04 / 6.395961e-01
PCG: 3 : 1.690391e-04 / 7.052472e-01
PCG: 4 : 1.500266e-04 / 6.259251e-01
PCG: 5 : 1.656156e-04 / 6.909638e-01
PCG: 6 : 1.516495e-04 / 6.326959e-01
PCG: 7 : 1.893898e-04 / 7.901523e-01
PCG: 8 : 2.890965e-04 / 1.206138e+00
PCG: 0 : 2.890965e-04
PCG: 1 : 1.865201e-04 / 6.451827e-01
PCG: 2 : 1.470711e-04 / 5.087266e-01
PCG: 3 : 1.587003e-04 / 5.489526e-01
PCG: 4 : 1.422268e-04 / 4.919699e-01
PCG: 5 : 1.585015e-04 / 5.482650e-01
PCG: 6 : 1.419488e-04 / 4.910085e-01
PCG: 7 : 1.765399e-04 / 6.106607e-01
PCG: 8 : 2.165377e-04 / 7.490153e-01
PCG: 0 : 2.165377e-04
PCG: 1 : 1.742141e-04 / 8.045439e-01
PCG: 2 : 1.384835e-04 / 6.395351e-01
PCG: 3 : 1.527141e-04 / 7.052540e-01
PCG: 4 : 1.355094e-04 / 6.258005e-01
PCG: 5 : 1.496128e-04 / 6.909319e-01
PCG: 6 : 1.369682e-04 / 6.325374e-01
PCG: 7 : 1.710580e-04 / 7.899687e-01
PCG: 8 : 2.612163e-04 / 1.206331e+00
PCG: 0 : 2.612163e-04
PCG: 1 : 1.684628e-04 / 6.449168e-01
PCG: 2 : 1.328353e-04 / 5.085260e-01
PCG: 3 : 1.433661e-04 / 5.488408e-01
PCG: 4 : 1.284657e-04 / 4.917981e-01
PCG: 5 : 1.431937e-04 / 5.481806e-01
PCG: 6 : 1.282281e-04 / 4.908885e-01
PCG: 7 : 1.594884e-04 / 6.105606e-01
PCG: 8 : 1.956229e-04 / 7.488923e-01
PCG: 0 : 1.956229e-04
PCG: 1 : 1.573876e-04 / 8.045460e-01
PCG: 2 : 1.250972e-04 / 6.394815e-01
PCG: 3 : 1.379657e-04 / 7.052637e-01
PCG: 4 : 1.223979e-04 / 6.256832e-01
PCG: 5 : 1.351561e-04 / 6.909014e-01
PCG: 6 : 1.237084e-04 / 6.323821e-01
PCG: 7 : 1.544997e-04 / 7.897833e-01
PCG: 8 : 2.360246e-04 / 1.206529e+00
PCG: 0 : 2.360246e-04
PCG: 1 : 1.521528e-04 / 6.446482e-01
PCG: 2 : 1.199774e-04 / 5.083260e-01
PCG: 3 : 1.295133e-04 / 5.487279e-01
PCG: 4 : 1.160368e-04 / 4.916301e-01
PCG: 5 : 1.293642e-04 / 5.480963e-01
PCG: 6 : 1.158343e-04 / 4.907720e-01
PCG: 7 : 1.440835e-04 / 6.104596e-01
PCG: 8 : 1.767270e-04 / 7.487652e-01
PCG: 0 : 1.767270e-04
PCG: 1 : 1.421860e-04 / 8.045515e-01
PCG: 2 : 1.130056e-04 / 6.394359e-01
PCG: 3 : 1.246416e-04 / 7.052775e-01
PCG: 4 : 1.105559e-04 / 6.255744e-01
PCG: 5 : 1.220961e-04 / 6.908742e-01
PCG: 6 : 1.117325e-04 / 6.322319e-01
PCG: 7 : 1.395434e-04 / 7.895988e-01
PCG: 8 : 2.132623e-04 / 1.206733e+00
PCG: 0 : 2.132623e-04
PCG: 1 : 1.374212e-04 / 6.443766e-01
PCG: 2 : 1.083643e-04 / 5.081268e-01
PCG: 3 : 1.169989e-04 / 5.486149e-01
PCG: 4 : 1.048111e-04 / 4.914657e-01
PCG: 5 : 1.168704e-04 / 5.480123e-01
PCG: 6 : 1.046391e-04 / 4.906591e-01
PCG: 7 : 1.301663e-04 / 6.103579e-01
PCG: 8 : 1.596555e-04 / 7.486343e-01
PCG: 0 : 1.596555e-04
PCG: 1 : 1.284524e-04 / 8.045596e-01
PCG: 2 : 1.020834e-04 / 6.393980e-01
PCG: 3 : 1.126042e-04 / 7.052948e-01
PCG: 4 : 9.986027e-05 / 6.254735e-01
PCG: 5 : 1.102981e-04 / 6.908509e-01
PCG: 6 : 1.009160e-04 / 6.320862e-01
PCG: 7 : 1.260343e-04 / 7.894142e-01
PCG: 8 : 1.926949e-04 / 1.206942e+00
PCG: 0 : 1.926949e-04
PCG: 1 : 1.241153e-04 / 6.441030e-01
PCG: 2 : 9.787530e-05 / 5.079290e-01
PCG: 3 : 1.056936e-04 / 5.485023e-01
PCG: 4 : 9.467216e-05 / 4.913061e-01
PCG: 5 : 1.055831e-04 / 5.479290e-01
PCG: 6 : 9.452649e-05 / 4.905501e-01
PCG: 7 : 1.175932e-04 / 6.102560e-01
PCG: 8 : 1.442322e-04 / 7.485004e-01
PCG: 0 : 1.442322e-04
PCG: 1 : 1.160450e-04 / 8.045710e-01
PCG: 2 : 9.221741e-05 / 6.393678e-01
PCG: 3 : 1.017293e-04 / 7.053162e-01
PCG: 4 : 9.019997e-05 / 6.253804e-01
PCG: 5 : 9.963996e-05 / 6.908303e-01
PCG: 6 : 9.114671e-05 / 6.319444e-01
PCG: 7 : 1.138322e-04 / 7.892288e-01
PCG: 8 : 1.741107e-04 / 1.207156e+00
PCG: 0 : 1.741107e-04
PCG: 1 : 1.120970e-04 / 6.438262e-01
PCG: 2 : 8.840147e-05 / 5.077315e-01
PCG: 3 : 9.548054e-05 / 5.483899e-01
PCG: 4 : 8.551455e-05 / 4.911505e-01
PCG: 5 : 9.538615e-05 / 5.478478e-01
PCG: 6 : 8.539185e-05 / 4.904459e-01
PCG: 7 : 1.062345e-04 / 6.101551e-01
PCG: 8 : 1.302982e-04 / 7.483644e-01
PCG: 0 : 1.302982e-04
PCG: 1 : 1.048361e-04 / 8.045856e-01
PCG: 2 : 8.330557e-05 / 6.393453e-01
PCG: 3 : 9.190479e-05 / 7.053418e-01
PCG: 4 : 8.147480e-05 / 6.252947e-01
PCG: 5 : 9.001165e-05 / 6.908125e-01
PCG: 6 : 8.232315e-05 / 6.318056e-01
PCG: 7 : 1.028108e-04 / 7.890422e-01
PCG: 8 : 1.573185e-04 / 1.207373e+00
PCG: 0 : 1.573185e-04
PCG: 1 : 1.012419e-04 / 6.435474e-01
PCG: 2 : 7.984467e-05 / 5.075352e-01
PCG: 3 : 8.625429e-05 / 5.482782e-01
PCG: 4 : 7.724325e-05 / 4.909991e-01
PCG: 5 : 8.617400e-05 / 5.477678e-01
PCG: 6 : 7.714041e-05 / 4.903454e-01
PCG: 7 : 9.597279e-05 / 6.100541e-01
PCG: 8 : 1.177097e-04 / 7.482256e-01
PCG: 0 : 1.177097e-04
PCG: 1 : 9.470957e-05 / 8.046027e-01
PCG: 2 : 7.525536e-05 / 6.393300e-01
PCG: 3 : 8.302911e-05 / 7.053717e-01
PCG: 4 : 7.359409e-05 / 6.252167e-01
PCG: 5 : 8.131370e-05 / 6.907985e-01
PCG: 6 : 7.435379e-05 / 6.316707e-01
PCG: 7 : 9.285597e-05 / 7.888555e-01
PCG: 8 : 1.421455e-04 / 1.207593e+00
PCG: 0 : 1.421455e-04
PCG: 1 : 9.143734e-05 / 6.432661e-01
PCG: 2 : 7.211600e-05 / 5.073395e-01
PCG: 3 : 7.791951e-05 / 5.481675e-01
PCG: 4 : 6.977242e-05 / 4.908523e-01
PCG: 5 : 7.785163e-05 / 5.476899e-01
PCG: 6 : 6.968671e-05 / 4.902493e-01
PCG: 7 : 8.670222e-05 / 6.099543e-01
PCG: 8 : 1.063369e-04 / 7.480849e-01
PCG: 0 : 1.063369e-04
PCG: 1 : 8.556110e-05 / 8.046232e-01
PCG: 2 : 6.798348e-05 / 6.393219e-01
PCG: 3 : 7.501062e-05 / 7.054057e-01
PCG: 4 : 6.647606e-05 / 6.251460e-01
PCG: 5 : 7.345619e-05 / 6.907877e-01
PCG: 6 : 6.715587e-05 / 6.315390e-01
PCG: 7 : 8.386439e-05 / 7.886672e-01
PCG: 8 : 1.284356e-04 / 1.207818e+00
PCG: 0 : 1.284356e-04
PCG: 1 : 8.258178e-05 / 6.429821e-01
PCG: 2 : 6.513543e-05 / 5.071448e-01
PCG: 3 : 7.039012e-05 / 5.480578e-01
PCG: 4 : 6.302458e-05 / 4.907098e-01
PCG: 5 : 7.033310e-05 / 5.476139e-01
PCG: 6 : 6.295360e-05 / 4.901571e-01
PCG: 7 : 7.832702e-05 / 6.098546e-01
PCG: 8 : 9.606223e-05 / 7.479411e-01
PCG: 0 : 9.606223e-05
PCG: 1 : 7.729616e-05 / 8.046468e-01
PCG: 2 : 6.141458e-05 / 6.393209e-01
PCG: 3 : 6.776660e-05 / 7.054449e-01
PCG: 4 : 6.004691e-05 / 6.250834e-01
PCG: 5 : 6.635801e-05 / 6.907815e-01
PCG: 6 : 6.065483e-05 / 6.314119e-01
PCG: 7 : 7.574307e-05 / 7.884792e-01
PCG: 8 : 1.160478e-04 / 1.208048e+00
PCG: 0 : 1.160478e-04
PCG: 1 : 7.458337e-05 / 6.426953e-01
PCG: 2 : 5.883050e-05 / 5.069507e-01
PCG: 3 : 6.358826e-05 / 5.479490e-01
PCG: 4 : 5.692972e-05 / 4.905713e-01
PCG: 5 : 6.354079e-05 / 5.475399e-01
PCG: 6 : 5.687136e-05 / 4.900685e-01
PCG: 7 : 7.076074e-05 / 6.097552e-01
PCG: 8 : 8.677980e-05 / 7.477937e-01
PCG: 0 : 8.677980e-05
PCG: 1 : 6.982948e-05 / 8.046743e-01
PCG: 2 : 5.548068e-05 / 6.393271e-01
PCG: 3 : 6.122225e-05 / 7.054896e-01
PCG: 4 : 5.423988e-05 / 6.250289e-01
PCG: 5 : 5.994573e-05 / 6.907798e-01
PCG: 6 : 5.478309e-05 / 6.312885e-01
PCG: 7 : 6.840773e-05 / 7.882909e-01
PCG: 8 : 1.048546e-04 / 1.208283e+00
PCG: 0 : 1.048546e-04
PCG: 1 : 6.735922e-05 / 6.424063e-01
PCG: 2 : 5.313586e-05 / 5.067577e-01
PCG: 3 : 5.744366e-05 / 5.478414e-01
PCG: 4 : 5.142460e-05 / 4.904374e-01
PCG: 5 : 5.740453e-05 / 5.474681e-01
PCG: 6 : 5.137698e-05 / 4.899833e-01
PCG: 7 : 6.392521e-05 / 6.096560e-01
PCG: 8 : 7.839371e-05 / 7.476425e-01
PCG: 0 : 7.839371e-05
PCG: 1 : 6.308386e-05 / 8.047056e-01
PCG: 2 : 5.012033e-05 / 6.393412e-01
PCG: 3 : 5.530998e-05 / 7.055410e-01
PCG: 4 : 4.899478e-05 / 6.249835e-01
PCG: 5 : 5.415313e-05 / 6.907840e-01
PCG: 6 : 4.947981e-05 / 6.311706e-01
PCG: 7 : 6.178238e-05 / 7.881038e-01
PCG: 8 : 9.474071e-05 / 1.208524e+00
PCG: 0 : 9.474071e-05
PCG: 1 : 6.083437e-05 / 6.421143e-01
PCG: 2 : 4.799237e-05 / 5.065655e-01
PCG: 3 : 5.189285e-05 / 5.477355e-01
PCG: 4 : 4.645214e-05 / 4.903082e-01
PCG: 5 : 5.186098e-05 / 5.473992e-01
PCG: 6 : 4.641368e-05 / 4.899022e-01
PCG: 7 : 5.774993e-05 / 6.095577e-01
PCG: 8 : 7.081756e-05 / 7.474882e-01
PCG: 0 : 7.081756e-05
PCG: 1 : 5.698983e-05 / 8.047414e-01
PCG: 2 : 4.527814e-05 / 6.393631e-01
PCG: 3 : 4.996875e-05 / 7.055983e-01
PCG: 4 : 4.425720e-05 / 6.249467e-01
PCG: 5 : 4.892030e-05 / 6.907934e-01
PCG: 6 : 4.468987e-05 / 6.310562e-01
PCG: 7 : 5.579827e-05 / 7.879156e-01
PCG: 8 : 8.560217e-05 / 1.208770e+00
PCG: 0 : 8.560217e-05
PCG: 1 : 5.494116e-05 / 6.418197e-01
PCG: 2 : 4.334671e-05 / 5.063739e-01
PCG: 3 : 4.687843e-05 / 5.476313e-01
PCG: 4 : 4.196077e-05 / 4.901835e-01
PCG: 5 : 4.685288e-05 / 5.473328e-01
PCG: 6 : 4.193008e-05 / 4.898249e-01
PCG: 7 : 5.217108e-05 / 6.094598e-01
PCG: 8 : 6.397314e-05 / 7.473308e-01
PCG: 0 : 6.397314e-05
PCG: 1 : 5.148432e-05 / 8.047802e-01
PCG: 2 : 4.090392e-05 / 6.393920e-01
PCG: 3 : 4.514339e-05 / 7.056616e-01
PCG: 4 : 3.997800e-05 / 6.249184e-01
PCG: 5 : 4.419317e-05 / 6.908082e-01
PCG: 6 : 4.036361e-05 / 6.309462e-01
PCG: 7 : 5.039338e-05 / 7.877272e-01
PCG: 8 : 7.734483e-05 / 1.209020e+00
PCG: 0 : 7.734483e-05
PCG: 1 : 4.961846e-05 / 6.415227e-01
PCG: 2 : 3.915068e-05 / 5.061836e-01
PCG: 3 : 4.234861e-05 / 5.475300e-01
PCG: 4 : 3.790393e-05 / 4.900642e-01
PCG: 5 : 4.232852e-05 / 5.472702e-01
PCG: 6 : 3.787980e-05 / 4.897522e-01
PCG: 7 : 4.713111e-05 / 6.093634e-01
PCG: 8 : 5.778986e-05 / 7.471716e-01
PCG: 0 : 5.778985e-05
PCG: 1 : 4.651058e-05 / 8.048227e-01
PCG: 2 : 3.695245e-05 / 6.394280e-01
PCG: 3 : 4.078411e-05 / 7.057313e-01
PCG: 4 : 3.611280e-05 / 6.248986e-01
PCG: 5 : 3.992290e-05 / 6.908289e-01
PCG: 6 : 3.645616e-05 / 6.308402e-01
PCG: 7 : 4.551175e-05 / 7.875387e-01
PCG: 8 : 6.988377e-05 / 1.209274e+00
PCG: 0 : 6.988377e-05
PCG: 1 : 4.481112e-05 / 6.412236e-01
PCG: 2 : 3.536080e-05 / 5.059946e-01
PCG: 3 : 3.825653e-05 / 5.474309e-01
PCG: 4 : 3.423953e-05 / 4.899497e-01
PCG: 5 : 3.824114e-05 / 5.472106e-01
PCG: 6 : 3.422089e-05 / 4.896830e-01
PCG: 7 : 4.257788e-05 / 6.092671e-01
PCG: 8 : 5.220379e-05 / 7.470088e-01
PCG: 0 : 5.220379e-05
PCG: 1 : 4.201721e-05 / 8.048689e-01
PCG: 2 : 3.338285e-05 / 6.394718e-01
PCG: 3 : 3.684586e-05 / 7.058082e-01
PCG: 4 : 3.262154e-05 / 6.248883e-01
PCG: 5 : 3.606532e-05 / 6.908563e-01
PCG: 6 : 3.292696e-05 / 6.307389e-01
PCG: 7 : 4.110270e-05 / 7.873508e-01
PCG: 8 : 6.314220e-05 / 1.209533e+00
PCG: 0 : 6.314220e-05
PCG: 1 : 4.046922e-05 / 6.409220e-01
PCG: 2 : 3.193771e-05 / 5.058061e-01
PCG: 3 : 3.455990e-05 / 5.473344e-01
PCG: 4 : 3.092962e-05 / 4.898407e-01
PCG: 5 : 3.454859e-05 / 5.471553e-01
PCG: 6 : 3.091559e-05 / 4.896186e-01
PCG: 7 : 3.846447e-05 / 6.091722e-01
PCG: 8 : 4.715730e-05 / 7.468428e-01
PCG: 0 : 4.715729e-05
PCG: 1 : 3.795782e-05 / 8.049193e-01
PCG: 2 : 3.015819e-05 / 6.395234e-01
PCG: 3 : 3.328799e-05 / 7.058927e-01
PCG: 4 : 2.946800e-05 / 6.248875e-01
PCG: 5 : 3.258052e-05 / 6.908903e-01
PCG: 6 : 2.973935e-05 / 6.306417e-01
PCG: 7 : 3.712043e-05 / 7.871620e-01
PCG: 8 : 5.705080e-05 / 1.209798e+00
PCG: 0 : 5.705080e-05
PCG: 1 : 3.654769e-05 / 6.406167e-01
PCG: 2 : 2.884595e-05 / 5.056187e-01
PCG: 3 : 3.122053e-05 / 5.472409e-01
PCG: 4 : 2.793990e-05 / 4.897372e-01
PCG: 5 : 3.121270e-05 / 5.471037e-01
PCG: 6 : 2.792966e-05 / 4.895577e-01
PCG: 7 : 3.474838e-05 / 6.090778e-01
PCG: 8 : 4.259828e-05 / 7.466727e-01
PCG: 0 : 4.259828e-05
PCG: 1 : 3.429053e-05 / 8.049745e-01
PCG: 2 : 2.724512e-05 / 6.395828e-01
PCG: 3 : 3.007378e-05 / 7.059858e-01
PCG: 4 : 2.661954e-05 / 6.248972e-01
PCG: 5 : 2.943251e-05 / 6.909320e-01
PCG: 6 : 2.686035e-05 / 6.305502e-01
PCG: 7 : 3.352373e-05 / 7.869740e-01
PCG: 8 : 5.154681e-05 / 1.210068e+00
PCG: 0 : 5.154681e-05
PCG: 1 : 3.300591e-05 / 6.403095e-01
PCG: 2 : 2.605345e-05 / 5.054328e-01
PCG: 3 : 2.820388e-05 / 5.471508e-01
PCG: 4 : 2.523936e-05 / 4.896396e-01
PCG: 5 : 2.819903e-05 / 5.470567e-01
PCG: 6 : 2.523222e-05 / 4.895011e-01
PCG: 7 : 3.139120e-05 / 6.089842e-01
PCG: 8 : 3.847965e-05 / 7.464992e-01
PCG: 0 : 3.847965e-05
PCG: 1 : 3.097740e-05 / 8.050333e-01
PCG: 2 : 2.461350e-05 / 6.396498e-01
PCG: 3 : 2.717000e-05 / 7.060874e-01
PCG: 4 : 2.404661e-05 / 6.249174e-01
PCG: 5 : 2.658877e-05 / 6.909826e-01
PCG: 6 : 2.426005e-05 / 6.304644e-01
PCG: 7 : 3.027531e-05 / 7.867875e-01
PCG: 8 : 4.657360e-05 / 1.210343e+00
PCG: 0 : 4.657360e-05
PCG: 1 : 2.980712e-05 / 6.400003e-01
PCG: 2 : 2.353125e-05 / 5.052488e-01
PCG: 3 : 2.547878e-05 / 5.470648e-01
PCG: 4 : 2.280004e-05 / 4.895486e-01
PCG: 5 : 2.547645e-05 / 5.470149e-01
PCG: 6 : 2.279541e-05 / 4.894491e-01
PCG: 7 : 2.835829e-05 / 6.088919e-01
PCG: 8 : 3.475894e-05 / 7.463228e-01
PCG: 0 : 3.475894e-05
PCG: 1 : 2.798429e-05 / 8.050963e-01
PCG: 2 : 2.223616e-05 / 6.397250e-01
PCG: 3 : 2.454669e-05 / 7.061980e-01
PCG: 4 : 2.172254e-05 / 6.249484e-01
PCG: 5 : 2.401985e-05 / 6.910409e-01
PCG: 6 : 2.191145e-05 / 6.303831e-01
PCG: 7 : 2.734139e-05 / 7.866002e-01
PCG: 8 : 4.207994e-05 / 1.210622e+00
PCG: 0 : 4.207994e-05
PCG: 1 : 2.691807e-05 / 6.396888e-01
PCG: 2 : 2.125316e-05 / 5.050664e-01
PCG: 3 : 2.301703e-05 / 5.469834e-01
PCG: 4 : 2.059664e-05 / 4.894645e-01
PCG: 5 : 2.301684e-05 / 5.469790e-01
PCG: 6 : 2.059402e-05 / 4.894024e-01
PCG: 7 : 2.561832e-05 / 6.088013e-01
PCG: 8 : 3.139771e-05 / 7.461445e-01
PCG: 0 : 3.139771e-05
PCG: 1 : 2.528029e-05 / 8.051635e-01
PCG: 2 : 2.008852e-05 / 6.398085e-01
PCG: 3 : 2.217677e-05 / 7.063181e-01
PCG: 4 : 1.962327e-05 / 6.249904e-01
PCG: 5 : 2.169921e-05 / 6.911082e-01
PCG: 6 : 1.979022e-05 / 6.303077e-01
PCG: 7 : 2.469159e-05 / 7.864136e-01
PCG: 8 : 3.801969e-05 / 1.210907e+00
PCG: 0 : 3.801969e-05
PCG: 1 : 2.430881e-05 / 6.393743e-01
PCG: 2 : 1.919559e-05 / 5.048854e-01
PCG: 3 : 2.079319e-05 / 5.469059e-01
PCG: 4 : 1.860634e-05 / 4.893869e-01
PCG: 5 : 2.079481e-05 / 5.469485e-01
PCG: 6 : 1.860531e-05 / 4.893600e-01
PCG: 7 : 2.314303e-05 / 6.087116e-01
PCG: 8 : 2.836122e-05 / 7.459614e-01
PCG: 0 : 2.836122e-05
PCG: 1 : 2.283748e-05 / 8.052361e-01
PCG: 2 : 1.814838e-05 / 6.399012e-01
PCG: 3 : 2.003576e-05 / 7.064491e-01
PCG: 4 : 1.772704e-05 / 6.250451e-01
PCG: 5 : 1.960286e-05 / 6.911852e-01
PCG: 6 : 1.787432e-05 / 6.302379e-01
PCG: 7 : 2.229835e-05 / 7.862266e-01
PCG: 8 : 3.435101e-05 / 1.211196e+00
PCG: 0 : 3.435101e-05
PCG: 1 : 2.195224e-05 / 6.390565e-01
PCG: 2 : 1.733716e-05 / 5.047060e-01
PCG: 3 : 1.878429e-05 / 5.468338e-01
PCG: 4 : 1.680854e-05 / 4.893172e-01
PCG: 5 : 1.878741e-05 / 5.469247e-01
PCG: 6 : 1.680874e-05 / 4.893230e-01
PCG: 7 : 2.090683e-05 / 6.086236e-01
PCG: 8 : 2.561814e-05 / 7.457756e-01
PCG: 0 : 2.561814e-05
PCG: 1 : 2.063061e-05 / 8.053126e-01
PCG: 2 : 1.639566e-05 / 6.400020e-01
PCG: 3 : 1.810153e-05 / 7.065902e-01
PCG: 4 : 1.601420e-05 / 6.251116e-01
PCG: 5 : 1.770912e-05 / 6.912726e-01
PCG: 6 : 1.614389e-05 / 6.301740e-01
PCG: 7 : 2.013689e-05 / 7.860403e-01
PCG: 8 : 3.103613e-05 / 1.211490e+00
PCG: 0 : 3.103613e-05
PCG: 1 : 1.982393e-05 / 6.387373e-01
PCG: 2 : 1.565864e-05 / 5.045294e-01
PCG: 3 : 1.696954e-05 / 5.467675e-01
PCG: 4 : 1.518460e-05 / 4.892556e-01
PCG: 5 : 1.697391e-05 / 5.469082e-01
PCG: 6 : 1.518571e-05 / 4.892913e-01
PCG: 7 : 1.888664e-05 / 6.085371e-01
PCG: 8 : 2.314012e-05 / 7.455866e-01
PCG: 0 : 2.314012e-05
PCG: 1 : 1.863690e-05 / 8.053933e-01
PCG: 2 : 1.481225e-05 / 6.401110e-01
PCG: 3 : 1.635412e-05 / 7.067429e-01
PCG: 4 : 1.446700e-05 / 6.251913e-01
PCG: 5 : 1.599839e-05 / 6.913702e-01
PCG: 6 : 1.458098e-05 / 6.301168e-01
PCG: 7 : 1.818478e-05 / 7.858551e-01
PCG: 8 : 2.804093e-05 / 1.211788e+00
PCG: 0 : 2.804093e-05
PCG: 1 : 1.790177e-05 / 6.384157e-01
PCG: 2 : 1.414258e-05 / 5.043550e-01
PCG: 3 : 1.533017e-05 / 5.467070e-01
PCG: 4 : 1.371769e-05 / 4.892025e-01
PCG: 5 : 1.533556e-05 / 5.468993e-01
PCG: 6 : 1.371945e-05 / 4.892650e-01
PCG: 7 : 1.706156e-05 / 6.084519e-01
PCG: 8 : 2.090153e-05 / 7.453937e-01
PCG: 0 : 2.090153e-05
PCG: 1 : 1.683576e-05 / 8.054797e-01
PCG: 2 : 1.338180e-05 / 6.402306e-01
PCG: 3 : 1.477549e-05 / 7.069092e-01
PCG: 4 : 1.306944e-05 / 6.252862e-01
PCG: 5 : 1.445301e-05 / 6.914808e-01
PCG: 6 : 1.316937e-05 / 6.300671e-01
PCG: 7 : 1.642173e-05 / 7.856711e-01
PCG: 8 : 2.533464e-05 / 1.212095e+00
PCG: 0 : 2.533464e-05
PCG: 1 : 1.616580e-05 / 6.380910e-01
PCG: 2 : 1.277329e-05 / 5.041827e-01
PCG: 3 : 1.384925e-05 / 5.466529e-01
PCG: 4 : 1.239265e-05 / 4.891582e-01
PCG: 5 : 1.385546e-05 / 5.468979e-01
PCG: 6 : 1.239482e-05 / 4.892441e-01
PCG: 7 : 1.541278e-05 / 6.083681e-01
PCG: 8 : 1.887927e-05 / 7.451961e-01
PCG: 0 : 1.887927e-05
PCG: 1 : 1.520861e-05 / 8.055719e-01
PCG: 2 : 1.208953e-05 / 6.403602e-01
PCG: 3 : 1.334933e-05 / 7.070891e-01
PCG: 4 : 1.180703e-05 / 6.253963e-01
PCG: 5 : 1.305700e-05 / 6.916051e-01
PCG: 6 : 1.189442e-05 / 6.300252e-01
PCG: 7 : 1.482944e-05 / 7.854879e-01
PCG: 8 : 2.288935e-05 / 1.212406e+00
PCG: 0 : 2.288935e-05
PCG: 1 : 1.459798e-05 / 6.377632e-01
PCG: 2 : 1.153654e-05 / 5.040133e-01
PCG: 3 : 1.251146e-05 / 5.466061e-01
PCG: 4 : 1.119572e-05 / 4.891237e-01
PCG: 5 : 1.251831e-05 / 5.469055e-01
PCG: 6 : 1.119814e-05 / 4.892294e-01
PCG: 7 : 1.392327e-05 / 6.082861e-01
PCG: 8 : 1.705244e-05 / 7.449946e-01
PCG: 0 : 1.705244e-05
PCG: 1 : 1.373863e-05 / 8.056692e-01
PCG: 2 : 1.092208e-05 / 6.404997e-01
PCG: 3 : 1.206090e-05 / 7.072830e-01
PCG: 4 : 1.066668e-05 / 6.255223e-01
PCG: 5 : 1.179591e-05 / 6.917429e-01
PCG: 6 : 1.074289e-05 / 6.299910e-01
PCG: 7 : 1.339139e-05 / 7.853063e-01
PCG: 8 : 2.067989e-05 / 1.212723e+00
PCG: 0 : 2.067989e-05
PCG: 1 : 1.318206e-05 / 6.374336e-01
PCG: 2 : 1.041951e-05 / 5.038472e-01
PCG: 3 : 1.130297e-05 / 5.465679e-01
PCG: 4 : 1.011454e-05 / 4.891000e-01
PCG: 5 : 1.131031e-05 / 5.469229e-01
PCG: 6 : 1.011705e-05 / 4.892216e-01
PCG: 7 : 1.257764e-05 / 6.082064e-01
PCG: 8 : 1.540219e-05 / 7.447906e-01
PCG: 0 : 1.540219e-05
PCG: 1 : 1.241064e-05 / 8.057712e-01
PCG: 2 : 9.867403e-06 / 6.406494e-01
PCG: 3 : 1.089691e-05 / 7.074912e-01
PCG: 4 : 9.636597e-06 / 6.256641e-01
PCG: 5 : 1.065669e-05 / 6.918945e-01
PCG: 6 : 9.702827e-06 / 6.299642e-01
PCG: 7 : 1.209265e-05 / 7.851251e-01
PCG: 8 : 1.868351e-05 / 1.213043e+00
PCG: 0 : 1.868351e-05
PCG: 1 : 1.190332e-05 / 6.371028e-01
PCG: 2 : 9.410606e-06 / 5.036851e-01
PCG: 3 : 1.021127e-05 / 5.465389e-01
PCG: 4 : 9.137885e-06 / 4.890882e-01
PCG: 5 : 1.021898e-05 / 5.469516e-01
PCG: 6 : 9.140373e-06 / 4.892213e-01
PCG: 7 : 1.136200e-05 / 6.081299e-01
PCG: 8 : 1.391146e-05 / 7.445848e-01
PCG: 0 : 1.391146e-05
PCG: 1 : 1.121093e-05 / 8.058778e-01
PCG: 2 : 8.914595e-06 / 6.408096e-01
PCG: 3 : 9.845349e-06 / 7.077152e-01
PCG: 4 : 8.706116e-06 / 6.258234e-01
PCG: 5 : 9.627587e-06 / 6.920617e-01
PCG: 6 : 8.763464e-06 / 6.299458e-01
PCG: 7 : 1.091973e-05 / 7.849451e-01
PCG: 8 : 1.687969e-05 / 1.213366e+00
PCG: 0 : 1.687969e-05
PCG: 1 : 1.074848e-05 / 6.367701e-01
PCG: 2 : 8.499377e-06 / 5.035268e-01
PCG: 3 : 9.225083e-06 / 5.465197e-01
PCG: 4 : 8.255662e-06 / 4.890884e-01
PCG: 5 : 9.233046e-06 / 5.469914e-01
PCG: 6 : 8.258020e-06 / 4.892282e-01
PCG: 7 : 1.026378e-05 / 6.080551e-01
PCG: 8 : 1.256482e-05 / 7.443748e-01
PCG: 0 : 1.256482e-05
PCG: 1 : 1.012712e-05 / 8.059903e-01
PCG: 2 : 8.053809e-06 / 6.409811e-01
PCG: 3 : 8.895345e-06 / 7.079567e-01
PCG: 4 : 7.865598e-06 / 6.260019e-01
PCG: 5 : 8.697943e-06 / 6.922460e-01
PCG: 6 : 7.915041e-06 / 6.299369e-01
PCG: 7 : 9.860445e-06 / 7.847664e-01
PCG: 8 : 1.524985e-05 / 1.213695e+00
PCG: 0 : 1.524985e-05
PCG: 1 : 9.705531e-06 / 6.364345e-01
PCG: 2 : 7.676357e-06 / 5.033726e-01
PCG: 3 : 8.334208e-06 / 5.465108e-01
PCG: 4 : 7.458731e-06 / 4.891019e-01
PCG: 5 : 8.342337e-06 / 5.470439e-01
PCG: 6 : 7.460881e-06 / 4.892429e-01
PCG: 7 : 9.271655e-06 / 6.079833e-01
PCG: 8 : 1.134834e-05 / 7.441611e-01
PCG: 0 : 1.134834e-05
PCG: 1 : 9.148004e-06 / 8.061091e-01
PCG: 2 : 7.276161e-06 / 6.411650e-01
PCG: 3 : 8.037091e-06 / 7.082170e-01
PCG: 4 : 7.106343e-06 / 6.262009e-01
PCG: 5 : 7.858141e-06 / 6.924482e-01
PCG: 6 : 7.148758e-06 / 6.299384e-01
PCG: 7 : 8.903795e-06 / 7.845898e-01
PCG: 8 : 1.377724e-05 / 1.214031e+00
PCG: 0 : 1.377724e-05
PCG: 1 : 8.763655e-06 / 6.360966e-01
PCG: 2 : 6.933021e-06 / 5.032228e-01
PCG: 3 : 7.529435e-06 / 5.465126e-01
PCG: 4 : 6.738844e-06 / 4.891287e-01
PCG: 5 : 7.537652e-06 / 5.471089e-01
PCG: 6 : 6.740724e-06 / 4.892652e-01
PCG: 7 : 8.375363e-06 / 6.079130e-01
PCG: 8 : 1.024946e-05 / 7.439417e-01
PCG: 0 : 1.024946e-05
PCG: 1 : 8.263470e-06 / 8.062343e-01
PCG: 2 : 6.573617e-06 / 6.413620e-01
PCG: 3 : 7.261724e-06 / 7.084979e-01
PCG: 4 : 6.420494e-06 / 6.264224e-01
PCG: 5 : 7.099513e-06 / 6.926717e-01
PCG: 6 : 6.456665e-06 / 6.299515e-01
PCG: 7 : 8.039847e-06 / 7.844163e-01
PCG: 8 : 1.244667e-05 / 1.214373e+00
PCG: 0 : 1.244667e-05
PCG: 1 : 7.913055e-06 / 6.357567e-01
PCG: 2 : 6.261650e-06 / 5.030782e-01
PCG: 3 : 6.802446e-06 / 5.465273e-01
PCG: 4 : 6.088551e-06 / 4.891710e-01
PCG: 5 : 6.810674e-06 / 5.471883e-01
PCG: 6 : 6.090111e-06 / 4.892963e-01
PCG: 7 : 7.565659e-06 / 6.078460e-01
PCG: 8 : 9.256824e-06 / 7.437188e-01
PCG: 0 : 9.256824e-06
PCG: 1 : 7.464391e-06 / 8.063663e-01
PCG: 2 : 5.938921e-06 / 6.415722e-01
PCG: 3 : 6.561238e-06 / 7.088001e-01
PCG: 4 : 5.800945e-06 / 6.266668e-01
PCG: 5 : 6.414200e-06 / 6.929158e-01
PCG: 6 : 5.831577e-06 / 6.299760e-01
PCG: 7 : 7.259620e-06 / 7.842453e-01
PCG: 8 : 1.124445e-05 / 1.214721e+00
PCG: 0 : 1.124445e-05
PCG: 1 : 7.144896e-06 / 6.354150e-01
PCG: 2 : 5.655275e-06 / 5.029390e-01
PCG: 3 : 6.145714e-06 / 5.465550e-01
PCG: 4 : 5.501117e-06 / 4.892293e-01
PCG: 5 : 6.153901e-06 / 5.472832e-01
PCG: 6 : 5.502324e-06 / 4.893366e-01
PCG: 7 : 6.834171e-06 / 6.077814e-01
PCG: 8 : 8.360152e-06 / 7.434911e-01
PCG: 0 : 8.360151e-06
PCG: 1 : 6.742508e-06 / 8.065056e-01
PCG: 2 : 5.365521e-06 / 6.417972e-01
PCG: 3 : 5.928397e-06 / 7.091256e-01
PCG: 4 : 5.241286e-06 / 6.269367e-01
PCG: 5 : 5.795117e-06 / 6.931833e-01
PCG: 6 : 5.267005e-06 / 6.300131e-01
PCG: 7 : 6.555004e-06 / 7.840772e-01
PCG: 8 : 1.015821e-05 / 1.215075e+00
PCG: 0 : 1.015821e-05
PCG: 1 : 6.451190e-06 / 6.350713e-01
PCG: 2 : 5.107609e-06 / 5.028058e-01
PCG: 3 : 5.552457e-06 / 5.465978e-01
PCG: 4 : 4.970468e-06 / 4.893053e-01
PCG: 5 : 5.560554e-06 / 5.473949e-01
PCG: 6 : 4.971299e-06 / 4.893872e-01
PCG: 7 : 6.173356e-06 / 6.077206e-01
PCG: 8 : 7.550193e-06 / 7.432600e-01
PCG: 0 : 7.550193e-06
PCG: 1 : 6.090368e-06 / 8.066505e-01
PCG: 2 : 4.847498e-06 / 6.420362e-01
PCG: 3 : 5.356669e-06 / 7.094744e-01
PCG: 4 : 4.735723e-06 / 6.272320e-01
PCG: 5 : 5.235865e-06 / 6.934742e-01
PCG: 6 : 4.757092e-06 / 6.300622e-01
PCG: 7 : 5.918681e-06 / 7.839112e-01
PCG: 8 : 9.176752e-06 / 1.215433e+00
PCG: 0 : 9.176752e-06
PCG: 1 : 5.824732e-06 / 6.347271e-01
PCG: 2 : 4.612967e-06 / 5.026798e-01
PCG: 3 : 5.016534e-06 / 5.466569e-01
PCG: 4 : 4.491106e-06 / 4.894004e-01
PCG: 5 : 5.024502e-06 / 5.475251e-01
PCG: 6 : 4.491551e-06 / 4.894490e-01
PCG: 7 : 5.576382e-06 / 6.076640e-01
PCG: 8 : 6.818567e-06 / 7.430262e-01
PCG: 0 : 6.818567e-06
PCG: 1 : 5.501234e-06 / 8.068022e-01
PCG: 2 : 4.379498e-06 / 6.422901e-01
PCG: 3 : 4.840151e-06 / 7.098488e-01
PCG: 4 : 4.279024e-06 / 6.275548e-01
PCG: 5 : 4.730656e-06 / 6.937903e-01
PCG: 6 : 4.296547e-06 / 6.301247e-01
PCG: 7 : 5.344038e-06 / 7.837480e-01
PCG: 8 : 8.289965e-06 / 1.215793e+00
PCG: 0 : 8.289965e-06
PCG: 1 : 5.259005e-06 / 6.343820e-01
PCG: 2 : 4.166216e-06 / 5.025613e-01
PCG: 3 : 4.532402e-06 / 5.467335e-01
PCG: 4 : 4.058073e-06 / 4.895163e-01
PCG: 5 : 4.540209e-06 / 5.476753e-01
PCG: 6 : 4.058123e-06 / 4.895223e-01
PCG: 7 : 5.037081e-06 / 6.076119e-01
PCG: 8 : 6.157697e-06 / 7.427893e-01
PCG: 0 : 6.157697e-06
PCG: 1 : 4.969024e-06 / 8.069614e-01
PCG: 2 : 3.956693e-06 / 6.425605e-01
PCG: 3 : 4.373511e-06 / 7.102510e-01
PCG: 4 : 3.866465e-06 / 6.279076e-01
PCG: 5 : 4.274267e-06 / 6.941340e-01
PCG: 6 : 3.880593e-06 / 6.302020e-01
PCG: 7 : 4.825094e-06 / 7.835873e-01
PCG: 8 : 7.488738e-06 / 1.216159e+00
PCG: 0 : 7.488738e-06
PCG: 1 : 4.748122e-06 / 6.340350e-01
PCG: 2 : 3.762721e-06 / 5.024506e-01
PCG: 3 : 4.095053e-06 / 5.468282e-01
PCG: 4 : 3.666888e-06 / 4.896536e-01
PCG: 5 : 4.102679e-06 / 5.478466e-01
PCG: 6 : 3.666544e-06 / 4.896077e-01
PCG: 7 : 4.549887e-06 / 6.075639e-01
PCG: 8 : 5.560747e-06 / 7.425480e-01
PCG: 0 : 5.560747e-06
PCG: 1 : 4.488239e-06 / 8.071287e-01
PCG: 2 : 3.574715e-06 / 6.428480e-01
PCG: 3 : 3.951930e-06 / 7.106832e-01
PCG: 4 : 3.493776e-06 / 6.282926e-01
PCG: 5 : 3.861982e-06 / 6.945078e-01
PCG: 6 : 3.504916e-06 / 6.302958e-01
PCG: 7 : 4.356463e-06 / 7.834312e-01
PCG: 8 : 6.764820e-06 / 1.216531e+00
PCG: 0 : 6.764819e-06
PCG: 1 : 4.286778e-06 / 6.336870e-01
PCG: 2 : 3.398298e-06 / 5.023486e-01
PCG: 3 : 3.699971e-06 / 5.469431e-01
PCG: 4 : 3.313504e-06 / 4.898141e-01
PCG: 5 : 3.707391e-06 / 5.480400e-01
PCG: 6 : 3.312771e-06 / 4.897058e-01
PCG: 7 : 4.109761e-06 / 6.075197e-01
PCG: 8 : 5.021534e-06 / 7.423013e-01
PCG: 0 : 5.021534e-06
PCG: 1 : 4.053908e-06 / 8.073046e-01
PCG: 2 : 3.229623e-06 / 6.431546e-01
PCG: 3 : 3.571054e-06 / 7.111480e-01
PCG: 4 : 3.157101e-06 / 6.287125e-01
PCG: 5 : 3.489536e-06 / 6.949143e-01
PCG: 6 : 3.165610e-06 / 6.304068e-01
PCG: 7 : 3.933267e-06 / 7.832800e-01
PCG: 8 : 6.110753e-06 / 1.216910e+00
PCG: 0 : 6.110753e-06
PCG: 1 : 3.870174e-06 / 6.333383e-01
PCG: 2 : 3.069162e-06 / 5.022560e-01
PCG: 3 : 3.343068e-06 / 5.470796e-01
PCG: 4 : 2.994267e-06 / 4.899997e-01
PCG: 5 : 3.350267e-06 / 5.482576e-01
PCG: 6 : 2.993152e-06 / 4.898172e-01
PCG: 7 : 3.712161e-06 / 6.074800e-01
PCG: 8 : 4.534486e-06 / 7.420503e-01
PCG: 0 : 4.534485e-06
PCG: 1 : 3.661546e-06 / 8.074887e-01
PCG: 2 : 2.917852e-06 / 6.434804e-01
PCG: 3 : 3.226951e-06 / 7.116466e-01
PCG: 4 : 2.852956e-06 / 6.291685e-01
PCG: 5 : 3.153075e-06 / 6.953546e-01
PCG: 6 : 2.859156e-06 / 6.305359e-01
PCG: 7 : 3.551108e-06 / 7.831336e-01
PCG: 8 : 5.519797e-06 / 1.217293e+00
PCG: 0 : 5.519797e-06
PCG: 1 : 3.493974e-06 / 6.329896e-01
PCG: 2 : 2.771898e-06 / 5.021738e-01
PCG: 3 : 3.020652e-06 / 5.472397e-01
PCG: 4 : 2.705874e-06 / 4.902125e-01
PCG: 5 : 3.027619e-06 / 5.485018e-01
PCG: 6 : 2.704392e-06 / 4.899440e-01
PCG: 7 : 3.352980e-06 / 6.074462e-01
PCG: 8 : 4.094563e-06 / 7.417958e-01
PCG: 0 : 4.094562e-06
PCG: 1 : 3.307104e-06 / 8.076819e-01
PCG: 2 : 2.636187e-06 / 6.438264e-01
PCG: 3 : 2.916072e-06 / 7.121816e-01
PCG: 4 : 2.578196e-06 / 6.296635e-01
PCG: 5 : 2.849124e-06 / 6.958312e-01
PCG: 6 : 2.582374e-06 / 6.306838e-01
PCG: 7 : 3.206008e-06 / 7.829917e-01
PCG: 8 : 4.985871e-06 / 1.217681e+00
PCG: 0 : 4.985871e-06
PCG: 1 : 3.154263e-06 / 6.326403e-01
PCG: 2 : 2.503419e-06 / 5.021026e-01
PCG: 3 : 2.729390e-06 / 5.474249e-01
PCG: 4 : 2.445339e-06 / 4.904537e-01
PCG: 5 : 2.736114e-06 / 5.487736e-01
PCG: 6 : 2.443505e-06 / 4.900860e-01
PCG: 7 : 3.028506e-06 / 6.074176e-01
PCG: 8 : 3.697210e-06 / 7.415374e-01
PCG: 0 : 3.697210e-06
PCG: 1 : 2.986917e-06 / 8.078842e-01
PCG: 2 : 2.381721e-06 / 6.441941e-01
PCG: 3 : 2.635205e-06 / 7.127550e-01
PCG: 4 : 2.329980e-06 / 6.301995e-01
PCG: 5 : 2.574538e-06 / 6.963462e-01
PCG: 6 : 2.332390e-06 / 6.308515e-01
PCG: 7 : 2.894376e-06 / 7.828543e-01
PCG: 8 : 4.503474e-06 / 1.218074e+00
PCG: 0 : 4.503474e-06
PCG: 1 : 2.847506e-06 / 6.322911e-01
PCG: 2 : 2.260939e-06 / 5.020434e-01
PCG: 3 : 2.466269e-06 / 5.476371e-01
PCG: 4 : 2.209971e-06 / 4.907258e-01
PCG: 5 : 2.472746e-06 / 5.490752e-01
PCG: 6 : 2.207803e-06 / 4.902446e-01
PCG: 7 : 2.735388e-06 / 6.073951e-01
PCG: 8 : 3.338312e-06 / 7.412749e-01
PCG: 0 : 3.338312e-06
PCG: 1 : 2.697675e-06 / 8.080956e-01
PCG: 2 : 2.151823e-06 / 6.445841e-01
PCG: 3 : 2.381448e-06 / 7.133690e-01
PCG: 4 : 2.105738e-06 / 6.307791e-01
PCG: 5 : 2.326477e-06 / 6.969022e-01
PCG: 6 : 2.106611e-06 / 6.310409e-01
PCG: 7 : 2.612973e-06 / 7.827229e-01
PCG: 8 : 4.067637e-06 / 1.218471e+00
PCG: 0 : 4.067637e-06
PCG: 1 : 2.570511e-06 / 6.319422e-01
PCG: 2 : 2.041942e-06 / 5.019971e-01
PCG: 3 : 2.228570e-06 / 5.478782e-01
PCG: 4 : 1.997335e-06 / 4.910309e-01
PCG: 5 : 2.234797e-06 / 5.494090e-01
PCG: 6 : 1.994855e-06 / 4.904212e-01
PCG: 7 : 2.470597e-06 / 6.073790e-01
PCG: 8 : 3.014155e-06 / 7.410089e-01
PCG: 0 : 3.014155e-06
PCG: 1 : 2.436395e-06 / 8.083178e-01
PCG: 2 : 1.944125e-06 / 6.449985e-01
PCG: 3 : 2.152189e-06 / 7.140275e-01
PCG: 4 : 1.903155e-06 / 6.314058e-01
PCG: 5 : 2.102378e-06 / 6.975018e-01
PCG: 6 : 1.902693e-06 / 6.312524e-01
PCG: 7 : 2.358868e-06 / 7.825969e-01
PCG: 8 : 3.673875e-06 / 1.218874e+00
PCG: 0 : 3.673875e-06
PCG: 1 : 2.320395e-06 / 6.315932e-01
PCG: 2 : 1.844153e-06 / 5.019640e-01
PCG: 3 : 2.013833e-06 / 5.481497e-01
PCG: 4 : 1.805233e-06 / 4.913704e-01
PCG: 5 : 2.019811e-06 / 5.497767e-01
PCG: 6 : 1.802462e-06 / 4.906160e-01
PCG: 7 : 2.231398e-06 / 6.073691e-01
PCG: 8 : 2.721376e-06 / 7.407374e-01
PCG: 0 : 2.721376e-06
PCG: 1 : 2.200371e-06 / 8.085506e-01
PCG: 2 : 1.756481e-06 / 6.454385e-01
PCG: 3 : 1.945057e-06 / 7.147326e-01
PCG: 4 : 1.720133e-06 / 6.320820e-01
PCG: 5 : 1.899922e-06 / 6.981476e-01
PCG: 6 : 1.718517e-06 / 6.314881e-01
PCG: 7 : 2.129416e-06 / 7.824775e-01
PCG: 8 : 3.318129e-06 / 1.219283e+00
PCG: 0 : 3.318129e-06
PCG: 1 : 2.094552e-06 / 6.312449e-01
PCG: 2 : 1.665519e-06 / 5.019454e-01
PCG: 3 : 1.819840e-06 / 5.484538e-01
PCG: 4 : 1.631680e-06 / 4.917469e-01
PCG: 5 : 1.825567e-06 / 5.501798e-01
PCG: 6 : 1.628638e-06 / 4.908302e-01
PCG: 7 : 2.015318e-06 / 6.073658e-01
PCG: 8 : 2.456945e-06 / 7.404611e-01
PCG: 0 : 2.456945e-06
PCG: 1 : 1.987164e-06 / 8.087947e-01
PCG: 2 : 1.586954e-06 / 6.459056e-01
PCG: 3 : 1.757913e-06 / 7.154872e-01
PCG: 4 : 1.554782e-06 / 6.328111e-01
PCG: 5 : 1.717021e-06 / 6.988440e-01
PCG: 6 : 1.552175e-06 / 6.317499e-01
PCG: 7 : 1.922230e-06 / 7.823659e-01
PCG: 8 : 2.996734e-06 / 1.219699e+00
PCG: 0 : 2.996734e-06
PCG: 1 : 1.890633e-06 / 6.308979e-01
PCG: 2 : 1.504189e-06 / 5.019428e-01
PCG: 3 : 1.644587e-06 / 5.487932e-01
PCG: 4 : 1.474880e-06 / 4.921625e-01
PCG: 5 : 1.650063e-06 / 5.506204e-01
PCG: 6 : 1.471589e-06 / 4.910644e-01
PCG: 7 : 1.820123e-06 / 6.073689e-01
PCG: 8 : 2.218121e-06 / 7.401797e-01
PCG: 0 : 2.218121e-06
PCG: 1 : 1.794573e-06 / 8.090508e-01
PCG: 2 : 1.433796e-06 / 6.464010e-01
PCG: 3 : 1.588828e-06 / 7.162943e-01
PCG: 4 : 1.405392e-06 / 6.335958e-01
PCG: 5 : 1.551781e-06 / 6.995923e-01
PCG: 6 : 1.401938e-06 / 6.320383e-01
PCG: 7 : 1.735151e-06 / 7.822617e-01
PCG: 8 : 2.706376e-06 / 1.220121e+00
PCG: 0 : 2.706376e-06
PCG: 1 : 1.706511e-06 / 6.305521e-01
PCG: 2 : 1.358483e-06 / 5.019565e-01
PCG: 3 : 1.486259e-06 / 5.491694e-01
PCG: 4 : 1.333214e-06 / 4.926195e-01
PCG: 5 : 1.491488e-06 / 5.511014e-01
PCG: 6 : 1.329697e-06 / 4.913203e-01
PCG: 7 : 1.643799e-06 / 6.073800e-01
PCG: 8 : 2.002432e-06 / 7.398940e-01
PCG: 0 : 2.002432e-06
PCG: 1 : 1.620607e-06 / 8.093193e-01
PCG: 2 : 1.295425e-06 / 6.469262e-01
PCG: 3 : 1.436057e-06 / 7.171564e-01
PCG: 4 : 1.270420e-06 / 6.344389e-01
PCG: 5 : 1.402493e-06 / 7.003950e-01
PCG: 6 : 1.266246e-06 / 6.323543e-01
PCG: 7 : 1.566232e-06 / 7.821648e-01
PCG: 8 : 2.444063e-06 / 1.220548e+00
PCG: 0 : 2.444063e-06
PCG: 1 : 1.540267e-06 / 6.302077e-01
PCG: 2 : 1.226890e-06 / 5.019880e-01
PCG: 3 : 1.343220e-06 / 5.495849e-01
PCG: 4 : 1.205218e-06 / 4.931206e-01
PCG: 5 : 1.348207e-06 / 5.516251e-01
PCG: 6 : 1.201499e-06 / 4.915989e-01
PCG: 7 : 1.484522e-06 / 6.073995e-01
PCG: 8 : 1.807641e-06 / 7.396051e-01
PCG: 0 : 1.807641e-06
PCG: 1 : 1.463467e-06 / 8.096002e-01
PCG: 2 : 1.170415e-06 / 6.474820e-01
PCG: 3 : 1.298024e-06 / 7.180762e-01
PCG: 4 : 1.148472e-06 / 6.353429e-01
PCG: 5 : 1.267616e-06 / 7.012542e-01
PCG: 6 : 1.143692e-06 / 6.326987e-01
PCG: 7 : 1.413710e-06 / 7.820745e-01
PCG: 8 : 2.207091e-06 / 1.220978e+00
PCG: 0 : 2.207091e-06
PCG: 1 : 1.390170e-06 / 6.298655e-01
PCG: 2 : 1.108044e-06 / 5.020384e-01
PCG: 3 : 1.213992e-06 / 5.500416e-01
PCG: 4 : 1.089569e-06 / 4.936676e-01
PCG: 5 : 1.218740e-06 / 5.521930e-01
PCG: 6 : 1.085670e-06 / 4.919009e-01
PCG: 7 : 1.340646e-06 / 6.074266e-01
PCG: 8 : 1.631729e-06 / 7.393121e-01
PCG: 0 : 1.631729e-06
PCG: 1 : 1.321526e-06 / 8.098931e-01
PCG: 2 : 1.057474e-06 / 6.480696e-01
PCG: 3 : 1.173305e-06 / 7.190564e-01
PCG: 4 : 1.038287e-06 / 6.363111e-01
PCG: 5 : 1.145757e-06 / 7.021737e-01
PCG: 6 : 1.033004e-06 / 6.330735e-01
PCG: 7 : 1.276001e-06 / 7.819931e-01
PCG: 8 : 1.993018e-06 / 1.221415e+00
PCG: 0 : 1.993018e-06
PCG: 1 : 1.254656e-06 / 6.295256e-01
PCG: 2 : 1.000711e-06 / 5.021082e-01
PCG: 3 : 1.097239e-06 / 5.505415e-01
PCG: 4 : 9.850747e-07 / 4.942628e-01
PCG: 5 : 1.101755e-06 / 5.528073e-01
PCG: 6 : 9.810182e-07 / 4.922274e-01
PCG: 7 : 1.210683e-06 / 6.074622e-01
PCG: 8 : 1.472870e-06 / 7.390148e-01
PCG: 0 : 1.472870e-06
PCG: 1 : 1.193319e-06 / 8.101999e-01
PCG: 2 : 9.554376e-07 / 6.486911e-01
PCG: 3 : 1.060613e-06 / 7.200999e-01
PCG: 4 : 9.387275e-07 / 6.373459e-01
PCG: 5 : 1.035656e-06 / 7.031549e-01
PCG: 6 : 9.330314e-07 / 6.334785e-01
PCG: 7 : 1.151664e-06 / 7.819187e-01
PCG: 8 : 1.799635e-06 / 1.221856e+00
PCG: 0 : 1.799635e-06
PCG: 1 : 1.132308e-06 / 6.291876e-01
PCG: 2 : 9.037739e-07 / 5.021983e-01
PCG: 3 : 9.917550e-07 / 5.510866e-01
PCG: 4 : 8.906543e-07 / 4.949082e-01
PCG: 5 : 9.960444e-07 / 5.534701e-01
PCG: 6 : 8.864628e-07 / 4.925791e-01
PCG: 7 : 1.093290e-06 / 6.075062e-01
PCG: 8 : 1.329414e-06 / 7.387127e-01
PCG: 0 : 1.329414e-06
PCG: 1 : 1.077518e-06 / 8.105209e-01
PCG: 2 : 8.632523e-07 / 6.493481e-01
PCG: 3 : 9.587868e-07 / 7.212103e-01
PCG: 4 : 8.487657e-07 / 6.384512e-01
PCG: 5 : 9.361750e-07 / 7.042015e-01
PCG: 6 : 8.427368e-07 / 6.339161e-01
PCG: 7 : 1.039406e-06 / 7.818531e-01
PCG: 8 : 1.624950e-06 / 1.222306e+00
PCG: 0 : 1.624950e-06
PCG: 1 : 1.021854e-06 / 6.288524e-01
PCG: 2 : 8.162285e-07 / 5.023099e-01
PCG: 3 : 8.964507e-07 / 5.516790e-01
PCG: 4 : 8.053348e-07 / 4.956059e-01
PCG: 5 : 9.005190e-07 / 5.541826e-01
PCG: 6 : 8.010294e-07 / 4.929564e-01
PCG: 7 : 9.872521e-07 / 6.075584e-01
PCG: 8 : 1.199873e-06 / 7.384061e-01
PCG: 0 : 1.199873e-06
PCG: 1 : 9.729252e-07 / 8.108570e-01
PCG: 2 : 7.799675e-07 / 6.500418e-01
PCG: 3 : 8.667761e-07 / 7.223900e-01
PCG: 4 : 7.674741e-07 / 6.396295e-01
PCG: 5 : 8.462894e-07 / 7.053159e-01
PCG: 6 : 7.611840e-07 / 6.343872e-01
PCG: 7 : 9.380565e-07 / 7.817966e-01
PCG: 8 : 1.467158e-06 / 1.222761e+00
PCG: 0 : 1.467158e-06
PCG: 1 : 9.221376e-07 / 6.285198e-01
PCG: 2 : 7.371643e-07 / 5.024438e-01
PCG: 3 : 8.103409e-07 / 5.523202e-01
PCG: 4 : 7.282351e-07 / 4.963578e-01
PCG: 5 : 8.141941e-07 / 5.549465e-01
PCG: 6 : 7.238366e-07 / 4.933598e-01
PCG: 7 : 8.914734e-07 / 6.076194e-01
PCG: 8 : 1.082902e-06 / 7.380950e-01
PCG: 0 : 1.082902e-06
PCG: 1 : 8.784586e-07 / 8.112080e-01
PCG: 2 : 7.047233e-07 / 6.507730e-01
PCG: 3 : 7.836328e-07 / 7.236416e-01
PCG: 4 : 6.940137e-07 / 6.408834e-01
PCG: 5 : 7.650701e-07 / 7.064999e-01
PCG: 6 : 6.875258e-07 / 6.348921e-01
PCG: 7 : 8.465571e-07 / 7.817487e-01
PCG: 8 : 1.324632e-06 / 1.223224e+00
PCG: 0 : 1.324632e-06
PCG: 1 : 8.321207e-07 / 6.281901e-01
PCG: 2 : 6.657603e-07 / 5.026001e-01
PCG: 3 : 7.325373e-07 / 5.530119e-01
PCG: 4 : 6.585606e-07 / 4.971649e-01
PCG: 5 : 7.361815e-07 / 5.557630e-01
PCG: 6 : 6.540899e-07 / 4.937899e-01
PCG: 7 : 8.049626e-07 / 6.076877e-01
PCG: 8 : 9.772858e-07 / 7.377791e-01
PCG: 0 : 9.772858e-07
PCG: 1 : 7.931396e-07 / 8.115738e-01
PCG: 2 : 6.367439e-07 / 6.515432e-01
PCG: 3 : 7.084991e-07 / 7.249661e-01
PCG: 4 : 6.276268e-07 / 6.422141e-01
PCG: 5 : 6.916791e-07 / 7.077551e-01
PCG: 6 : 6.209974e-07 / 6.354307e-01
PCG: 7 : 7.639534e-07 / 7.817093e-01
PCG: 8 : 1.195898e-06 / 1.223694e+00
PCG: 0 : 1.195898e-06
PCG: 1 : 7.508615e-07 / 6.278639e-01
PCG: 2 : 6.012743e-07 / 5.027804e-01
PCG: 3 : 6.622359e-07 / 5.537559e-01
PCG: 4 : 5.955928e-07 / 4.980296e-01
PCG: 5 : 6.656774e-07 / 5.566337e-01
PCG: 6 : 5.910693e-07 / 4.942470e-01
PCG: 7 : 7.268254e-07 / 6.077651e-01
PCG: 8 : 8.819271e-07 / 7.374598e-01
PCG: 0 : 8.819271e-07
PCG: 1 : 7.160852e-07 / 8.119551e-01
PCG: 2 : 5.753272e-07 / 6.523524e-01
PCG: 3 : 6.406016e-07 / 7.263657e-01
PCG: 4 : 5.676291e-07 / 6.436236e-01
PCG: 5 : 6.253587e-07 / 7.090821e-01
PCG: 6 : 5.609089e-07 / 6.360037e-01
PCG: 7 : 6.893824e-07 / 7.816774e-01
PCG: 8 : 1.079628e-06 / 1.224169e+00
PCG: 0 : 1.079628e-06
PCG: 1 : 6.775106e-07 / 6.275407e-01
PCG: 2 : 5.430364e-07 / 5.029847e-01
PCG: 3 : 5.987109e-07 / 5.545529e-01
PCG: 4 : 5.386831e-07 / 4.989525e-01
PCG: 5 : 6.019566e-07 / 5.575593e-01
PCG: 6 : 5.341260e-07 / 4.947315e-01
PCG: 7 : 6.562527e-07 / 6.078507e-01
PCG: 8 : 7.958338e-07 / 7.371370e-01
PCG: 0 : 7.958338e-07
PCG: 1 : 6.464967e-07 / 8.123515e-01
PCG: 2 : 5.198397e-07 / 6.532013e-01
PCG: 3 : 5.792411e-07 / 7.278419e-01
PCG: 4 : 5.134027e-07 / 6.451130e-01
PCG: 5 : 5.654252e-07 / 7.104816e-01
PCG: 6 : 5.066363e-07 / 6.366107e-01
PCG: 7 : 6.220657e-07 / 7.816528e-01
PCG: 8 : 9.746192e-07 / 1.224652e+00
PCG: 0 : 9.746192e-07
PCG: 1 : 6.113019e-07 / 6.272213e-01
PCG: 2 : 4.904418e-07 / 5.032138e-01
PCG: 3 : 5.413073e-07 / 5.554039e-01
PCG: 4 : 4.872458e-07 / 4.999346e-01
PCG: 5 : 5.443640e-07 / 5.585402e-01
PCG: 6 : 4.826730e-07 / 4.952427e-01
PCG: 7 : 5.925138e-07 / 6.079439e-01
PCG: 8 : 7.181094e-07 / 7.368103e-01
PCG: 0 : 7.181094e-07
PCG: 1 : 5.836533e-07 / 8.127638e-01
PCG: 2 : 4.697089e-07 / 6.540910e-01
PCG: 3 : 5.237863e-07 / 7.293962e-01
PCG: 4 : 4.643897e-07 / 6.466838e-01
PCG: 5 : 5.112613e-07 / 7.119547e-01
PCG: 6 : 4.576167e-07 / 6.372520e-01
PCG: 7 : 5.613003e-07 / 7.816362e-01
PCG: 8 : 8.797864e-07 / 1.225143e+00
PCG: 0 : 8.797863e-07
PCG: 1 : 5.515421e-07 / 6.269047e-01
PCG: 2 : 4.429433e-07 / 5.034669e-01
PCG: 3 : 4.894325e-07 / 5.563084e-01
PCG: 4 : 4.407514e-07 / 5.009755e-01
PCG: 5 : 4.923073e-07 / 5.595760e-01
PCG: 6 : 4.361808e-07 / 4.957803e-01
PCG: 7 : 5.349488e-07 / 6.080440e-01
PCG: 8 : 6.479441e-07 / 7.364790e-01
PCG: 0 : 6.479441e-07
PCG: 1 : 5.269031e-07 / 8.131921e-01
PCG: 2 : 4.244176e-07 / 6.550219e-01
PCG: 3 : 4.736662e-07 / 7.310293e-01
PCG: 4 : 4.200857e-07 / 6.483364e-01
PCG: 5 : 4.623091e-07 / 7.135014e-01
PCG: 6 : 4.133408e-07 / 6.379266e-01
PCG: 7 : 5.064501e-07 / 7.816262e-01
PCG: 8 : 7.941472e-07 / 1.225641e+00
PCG: 0 : 7.941473e-07
PCG: 1 : 4.976057e-07 / 6.265912e-01
PCG: 2 : 4.000474e-07 / 5.037445e-01
PCG: 3 : 4.425525e-07 / 5.572675e-01
PCG: 4 : 3.987223e-07 / 5.020760e-01
PCG: 5 : 4.452519e-07 / 5.606666e-01
PCG: 6 : 3.941704e-07 / 4.963441e-01
PCG: 7 : 4.829619e-07 / 6.081515e-01
PCG: 8 : 5.846072e-07 / 7.361445e-01
PCG: 0 : 5.846072e-07
PCG: 1 : 4.756579e-07 / 8.136367e-01
PCG: 2 : 3.834987e-07 / 6.559938e-01
PCG: 3 : 4.283654e-07 / 7.327405e-01
PCG: 4 : 3.800359e-07 / 6.500704e-01
PCG: 5 : 4.180649e-07 / 7.151210e-01
PCG: 6 : 3.733498e-07 / 6.386337e-01
PCG: 7 : 4.569415e-07 / 7.816214e-01
PCG: 8 : 7.168154e-07 / 1.226149e+00
PCG: 0 : 7.168154e-07
PCG: 1 : 4.489275e-07 / 6.262805e-01
PCG: 2 : 3.613084e-07 / 5.040467e-01
PCG: 3 : 4.001842e-07 / 5.582807e-01
PCG: 4 : 3.607266e-07 / 5.032350e-01
PCG: 5 : 4.027146e-07 / 5.618107e-01
PCG: 6 : 3.562091e-07 / 4.969328e-01
PCG: 7 : 4.360135e-07 / 6.082647e-01
PCG: 8 : 5.274375e-07 / 7.358066e-01
PCG: 0 : 5.274375e-07
PCG: 1 : 4.293849e-07 / 8.140963e-01
PCG: 2 : 3.465295e-07 / 6.570058e-01
PCG: 3 : 3.874182e-07 / 7.345290e-01
PCG: 4 : 3.438283e-07 / 6.518844e-01
PCG: 5 : 3.780733e-07 / 7.168115e-01
PCG: 6 : 3.372284e-07 / 6.393713e-01
PCG: 7 : 4.122566e-07 / 7.816218e-01
PCG: 8 : 6.469890e-07 / 1.226665e+00
PCG: 0 : 6.469889e-07
PCG: 1 : 4.049977e-07 / 6.259732e-01
PCG: 2 : 3.263235e-07 / 5.043726e-01
PCG: 3 : 3.618913e-07 / 5.593470e-01
PCG: 4 : 3.263747e-07 / 5.044518e-01
PCG: 5 : 3.642593e-07 / 5.630071e-01
PCG: 6 : 3.219065e-07 / 4.975456e-01
PCG: 7 : 3.936176e-07 / 6.083838e-01
PCG: 8 : 4.758390e-07 / 7.354670e-01
PCG: 0 : 4.758389e-07
PCG: 1 : 3.876044e-07 / 8.145705e-01
PCG: 2 : 3.131291e-07 / 6.580569e-01
PCG: 3 : 3.504043e-07 / 7.363927e-01
PCG: 4 : 3.110922e-07 / 6.537763e-01
PCG: 5 : 3.419237e-07 / 7.185702e-01
PCG: 6 : 3.046026e-07 / 6.401380e-01
PCG: 7 : 3.719277e-07 / 7.816253e-01
PCG: 8 : 5.839433e-07 / 1.227187e+00
PCG: 0 : 5.839433e-07
PCG: 1 : 3.653547e-07 / 6.256681e-01
PCG: 2 : 2.947288e-07 / 5.047216e-01
PCG: 3 : 3.272795e-07 / 5.604646e-01
PCG: 4 : 2.953141e-07 / 5.057240e-01
PCG: 5 : 3.294919e-07 / 5.642532e-01
PCG: 6 : 2.909089e-07 / 4.981801e-01
PCG: 7 : 3.553335e-07 / 6.085069e-01
PCG: 8 : 4.292707e-07 / 7.351239e-01
PCG: 0 : 4.292707e-07
PCG: 1 : 3.498812e-07 / 8.150597e-01
PCG: 2 : 2.829524e-07 / 6.591467e-01
PCG: 3 : 3.169439e-07 / 7.383310e-01
PCG: 4 : 2.814920e-07 / 6.557448e-01
PCG: 5 : 3.092447e-07 / 7.203956e-01
PCG: 6 : 2.751336e-07 / 6.409327e-01
PCG: 7 : 3.355320e-07 / 7.816325e-01
PCG: 8 : 5.270244e-07 / 1.227720e+00
PCG: 0 : 5.270244e-07
PCG: 1 : 3.295825e-07 / 6.253648e-01
PCG: 2 : 2.661960e-07 / 5.050924e-01
PCG: 3 : 2.959932e-07 / 5.616309e-01
PCG: 4 : 2.672273e-07 / 5.070492e-01
PCG: 5 : 2.980566e-07 / 5.655462e-01
PCG: 6 : 2.628982e-07 / 4.988350e-01
PCG: 7 : 3.207647e-07 / 6.086334e-01
PCG: 8 : 3.872463e-07 / 7.347787e-01
PCG: 0 : 3.872463e-07
PCG: 1 : 3.158235e-07 / 8.155623e-01
PCG: 2 : 2.556882e-07 / 6.602729e-01
PCG: 3 : 2.866936e-07 / 7.403393e-01
PCG: 4 : 2.547249e-07 / 6.577854e-01
PCG: 5 : 2.797012e-07 / 7.222825e-01
PCG: 6 : 2.485159e-07 / 6.417515e-01
PCG: 7 : 3.026872e-07 / 7.816400e-01
PCG: 8 : 4.756397e-07 / 1.228261e+00
PCG: 0 : 4.756397e-07
PCG: 1 : 2.973050e-07 / 6.250635e-01
PCG: 2 : 2.404283e-07 / 5.054841e-01
PCG: 3 : 2.677111e-07 / 5.628443e-01
PCG: 4 : 2.418272e-07 / 5.084251e-01
PCG: 5 : 2.696323e-07 / 5.668836e-01
PCG: 6 : 2.375859e-07 / 4.995082e-01
PCG: 7 : 2.895515e-07 / 6.087623e-01
PCG: 8 : 3.493246e-07 / 7.344311e-01
PCG: 0 : 3.493245e-07
PCG: 1 : 2.850761e-07 / 8.160781e-01
PCG: 2 : 2.310551e-07 / 6.614339e-01
PCG: 3 : 2.593438e-07 / 7.424152e-01
PCG: 4 : 2.305173e-07 / 6.598943e-01
PCG: 5 : 2.529901e-07 / 7.242267e-01
PCG: 6 : 2.244734e-07 / 6.425926e-01
PCG: 7 : 2.730486e-07 / 7.816474e-01
PCG: 8 : 4.292549e-07 / 1.228814e+00
PCG: 0 : 4.292549e-07
PCG: 1 : 2.681822e-07 / 6.247622e-01
PCG: 2 : 2.171577e-07 / 5.058945e-01
PCG: 3 : 2.421428e-07 / 5.641003e-01
PCG: 4 : 2.188543e-07 / 5.098470e-01
PCG: 5 : 2.439286e-07 / 5.682606e-01
PCG: 6 : 2.147119e-07 / 5.001967e-01
PCG: 7 : 2.613699e-07 / 6.088921e-01
PCG: 8 : 3.151074e-07 / 7.340800e-01
PCG: 0 : 3.151074e-07
PCG: 1 : 2.573191e-07 / 8.166075e-01
PCG: 2 : 2.087990e-07 / 6.626280e-01
PCG: 3 : 2.346147e-07 / 7.445545e-01
PCG: 4 : 2.086225e-07 / 6.620678e-01
PCG: 5 : 2.288388e-07 / 7.262246e-01
PCG: 6 : 2.027571e-07 / 6.434538e-01
PCG: 7 : 2.463050e-07 / 7.816540e-01
PCG: 8 : 3.873866e-07 / 1.229379e+00
PCG: 0 : 3.873866e-07
PCG: 1 : 2.419073e-07 / 6.244596e-01
PCG: 2 : 1.961422e-07 / 5.063215e-01
PCG: 3 : 2.190264e-07 / 5.653950e-01
PCG: 4 : 1.980748e-07 / 5.113105e-01
PCG: 5 : 2.206832e-07 / 5.696718e-01
PCG: 6 : 1.940410e-07 / 5.008974e-01
PCG: 7 : 2.359265e-07 / 6.090209e-01
PCG: 8 : 2.842355e-07 / 7.337257e-01
PCG: 0 : 2.842355e-07
PCG: 1 : 2.322628e-07 / 8.171490e-01
PCG: 2 : 1.886905e-07 / 6.638526e-01
PCG: 3 : 2.122533e-07 / 7.467514e-01
PCG: 4 : 1.888175e-07 / 6.642993e-01
PCG: 5 : 2.070002e-07 / 7.282699e-01
PCG: 6 : 1.831418e-07 / 6.443310e-01
PCG: 7 : 2.221747e-07 / 7.816569e-01
PCG: 8 : 3.495974e-07 / 1.229957e+00
PCG: 0 : 3.495974e-07
PCG: 1 : 2.182033e-07 / 6.241561e-01
PCG: 2 : 1.771632e-07 / 5.067635e-01
PCG: 3 : 1.981254e-07 / 5.667246e-01
PCG: 4 : 1.792774e-07 / 5.128112e-01
PCG: 5 : 1.996596e-07 / 5.711131e-01
PCG: 6 : 1.753610e-07 / 5.016084e-01
PCG: 7 : 2.129567e-07 / 6.091484e-01
PCG: 8 : 2.563841e-07 / 7.333695e-01
PCG: 0 : 2.563841e-07
PCG: 1 : 2.096453e-07 / 8.177003e-01
PCG: 2 : 1.705219e-07 / 6.651034e-01
PCG: 3 : 1.920313e-07 / 7.489988e-01
PCG: 4 : 1.709009e-07 / 6.665815e-01
PCG: 5 : 1.872512e-07 / 7.303544e-01
PCG: 6 : 1.654241e-07 / 6.452199e-01
PCG: 7 : 2.004039e-07 / 7.816551e-01
PCG: 8 : 3.154917e-07 / 1.230543e+00
PCG: 0 : 3.154917e-07
PCG: 1 : 1.968198e-07 / 6.238511e-01
PCG: 2 : 1.600231e-07 / 5.072181e-01
PCG: 3 : 1.792258e-07 / 5.680841e-01
PCG: 4 : 1.622712e-07 / 5.143438e-01
PCG: 5 : 1.806440e-07 / 5.725791e-01
PCG: 6 : 1.584798e-07 / 5.023263e-01
PCG: 7 : 1.922207e-07 / 6.092733e-01
PCG: 8 : 2.312593e-07 / 7.330124e-01
PCG: 0 : 2.312593e-07
PCG: 1 : 1.892303e-07 / 8.182601e-01
PCG: 2 : 1.541059e-07 / 6.663771e-01
PCG: 3 : 1.737428e-07 / 7.512900e-01
PCG: 4 : 1.546910e-07 / 6.689071e-01
PCG: 5 : 1.693909e-07 / 7.324717e-01
PCG: 6 : 1.494206e-07 / 6.461169e-01
PCG: 7 : 1.807630e-07 / 7.816461e-01
PCG: 8 : 2.847128e-07 / 1.231141e+00
PCG: 0 : 2.847128e-07
PCG: 1 : 1.775308e-07 / 6.235433e-01
PCG: 2 : 1.445438e-07 / 5.076827e-01
PCG: 3 : 1.621349e-07 / 5.694682e-01
PCG: 4 : 1.468840e-07 / 5.159023e-01
PCG: 5 : 1.634435e-07 / 5.740644e-01
PCG: 6 : 1.432244e-07 / 5.030485e-01
PCG: 7 : 1.735025e-07 / 6.093948e-01
PCG: 8 : 2.085963e-07 / 7.326552e-01
PCG: 0 : 2.085963e-07
PCG: 1 : 1.708043e-07 / 8.188269e-01
PCG: 2 : 1.392734e-07 / 6.676695e-01
PCG: 3 : 1.572018e-07 / 7.536171e-01
PCG: 4 : 1.400239e-07 / 6.712673e-01
PCG: 5 : 1.532375e-07 / 7.346125e-01
PCG: 6 : 1.349653e-07 / 6.470165e-01
PCG: 7 : 1.630445e-07 / 7.816272e-01
PCG: 8 : 2.569379e-07 / 1.231747e+00
PCG: 0 : 2.569379e-07
PCG: 1 : 1.601317e-07 / 6.232311e-01
PCG: 2 : 1.305641e-07 / 5.081542e-01
PCG: 3 : 1.466782e-07 / 5.708701e-01
PCG: 4 : 1.329603e-07 / 5.174801e-01
PCG: 5 : 1.478836e-07 / 5.755616e-01
PCG: 6 : 1.294379e-07 / 5.037709e-01
PCG: 7 : 1.566063e-07 / 6.095105e-01
PCG: 8 : 1.881547e-07 / 7.322964e-01
PCG: 0 : 1.881547e-07
PCG: 1 : 1.541737e-07 / 8.193988e-01
PCG: 2 : 1.258711e-07 / 6.689767e-01
PCG: 3 : 1.422398e-07 / 7.559723e-01
PCG: 4 : 1.267513e-07 / 6.736546e-01
PCG: 5 : 1.386267e-07 / 7.367696e-01
PCG: 6 : 1.219085e-07 / 6.479164e-01
PCG: 7 : 1.470615e-07 / 7.815989e-01
PCG: 8 : 2.318753e-07 / 1.232365e+00
PCG: 0 : 2.318753e-07
PCG: 1 : 1.444384e-07 / 6.229142e-01
PCG: 2 : 1.179386e-07 / 5.086294e-01
PCG: 3 : 1.326985e-07 / 5.722839e-01
PCG: 4 : 1.203595e-07 / 5.190701e-01
PCG: 5 : 1.338070e-07 / 5.770645e-01
PCG: 6 : 1.169789e-07 / 5.044905e-01
PCG: 7 : 1.413557e-07 / 6.096197e-01
PCG: 8 : 1.697180e-07 / 7.319365e-01
PCG: 0 : 1.697180e-07
PCG: 1 : 1.391647e-07 / 8.199761e-01
PCG: 2 : 1.137612e-07 / 6.702953e-01
PCG: 3 : 1.287053e-07 / 7.583481e-01
PCG: 4 : 1.147396e-07 / 6.760602e-01
PCG: 5 : 1.254106e-07 / 7.389354e-01
PCG: 6 : 1.101151e-07 / 6.488121e-01
PCG: 7 : 1.326446e-07 / 7.815590e-01
PCG: 8 : 2.092613e-07 / 1.232995e+00
PCG: 0 : 2.092613e-07
PCG: 1 : 1.302840e-07 / 6.225900e-01
PCG: 2 : 1.065359e-07 / 5.091047e-01
PCG: 3 : 1.200537e-07 / 5.737025e-01
PCG: 4 : 1.089550e-07 / 5.206649e-01
PCG: 5 : 1.210715e-07 / 5.785658e-01
PCG: 6 : 1.057195e-07 / 5.052030e-01
PCG: 7 : 1.275909e-07 / 6.097203e-01
PCG: 8 : 1.530900e-07 / 7.315734e-01
PCG: 0 : 1.530900e-07
PCG: 1 : 1.256191e-07 / 8.205571e-01
PCG: 2 : 1.028185e-07 / 6.716213e-01
PCG: 3 : 1.164611e-07 / 7.607359e-01
PCG: 4 : 1.038678e-07 / 6.784756e-01
PCG: 5 : 1.134553e-07 / 7.411018e-01
PCG: 6 : 9.946268e-08 / 6.497006e-01
PCG: 7 : 1.196408e-07 / 7.815062e-01
PCG: 8 : 1.888580e-07 / 1.233640e+00
PCG: 0 : 1.888580e-07
PCG: 1 : 1.175182e-07 / 6.222569e-01
PCG: 2 : 9.623766e-08 / 5.095769e-01
PCG: 3 : 1.086157e-07 / 5.751186e-01
PCG: 4 : 9.863243e-08 / 5.222572e-01
PCG: 5 : 1.095486e-07 / 5.800581e-01
PCG: 6 : 9.554417e-08 / 5.059049e-01
PCG: 7 : 1.151677e-07 / 6.098112e-01
PCG: 8 : 1.380943e-07 / 7.312071e-01
PCG: 0 : 1.380943e-07
PCG: 1 : 1.133947e-07 / 8.211394e-01
PCG: 2 : 9.293041e-08 / 6.729490e-01
PCG: 3 : 1.053833e-07 / 7.631260e-01
PCG: 4 : 9.402713e-08 / 6.808907e-01
PCG: 5 : 1.026399e-07 / 7.432595e-01
PCG: 6 : 8.984102e-08 / 6.505773e-01
PCG: 7 : 1.079124e-07 / 7.814398e-01
PCG: 8 : 1.704494e-07 / 1.234297e+00
PCG: 0 : 1.704494e-07
PCG: 1 : 1.060051e-07 / 6.219153e-01
PCG: 2 : 8.693657e-08 / 5.100433e-01
PCG: 3 : 9.826858e-08 / 5.765265e-01
PCG: 4 : 8.928825e-08 / 5.238402e-01
PCG: 5 : 9.912240e-08 / 5.815357e-01
PCG: 6 : 8.634857e-08 / 5.065936e-01
PCG: 7 : 1.039557e-07 / 6.098920e-01
PCG: 8 : 1.245712e-07 / 7.308400e-01
PCG: 0 : 1.245712e-07
PCG: 1 : 1.023628e-07 / 8.217211e-01
PCG: 2 : 8.399510e-08 / 6.742737e-01
PCG: 3 : 9.536038e-08 / 7.655089e-01
PCG: 4 : 8.511903e-08 / 6.832961e-01
PCG: 5 : 9.285542e-08 / 7.454002e-01
PCG: 6 : 8.115051e-08 / 6.514386e-01
PCG: 7 : 9.733478e-08 / 7.813584e-01
PCG: 8 : 1.538411e-07 / 1.234965e+00
PCG: 0 : 1.538411e-07
PCG: 1 : 9.562205e-08 / 6.215638e-01
PCG: 2 : 7.853600e-08 / 5.105008e-01
PCG: 3 : 8.890770e-08 / 5.779191e-01
PCG: 4 : 8.082915e-08 / 5.254068e-01
PCG: 5 : 8.968804e-08 / 5.829915e-01
PCG: 6 : 7.803836e-08 / 5.072660e-01
PCG: 7 : 9.383714e-08 / 6.099615e-01
PCG: 8 : 1.123765e-07 / 7.304716e-01
PCG: 0 : 1.123765e-07
PCG: 1 : 9.240720e-08 / 8.222997e-01
PCG: 2 : 7.592052e-08 / 6.755905e-01
PCG: 3 : 8.629115e-08 / 7.678751e-01
PCG: 4 : 7.705455e-08 / 6.856818e-01
PCG: 5 : 8.400309e-08 / 7.475145e-01
PCG: 6 : 7.330097e-08 / 6.522800e-01
PCG: 7 : 8.779526e-08 / 7.812597e-01
PCG: 8 : 1.388572e-07 / 1.235642e+00
PCG: 0 : 1.388572e-07
PCG: 1 : 8.625828e-08 / 6.212015e-01
PCG: 2 : 7.094857e-08 / 5.109465e-01
PCG: 3 : 8.043862e-08 / 5.792904e-01
PCG: 4 : 7.317085e-08 / 5.269505e-01
PCG: 5 : 8.115094e-08 / 5.844203e-01
PCG: 6 : 7.052834e-08 / 5.079201e-01
PCG: 7 : 8.470562e-08 / 6.100198e-01
PCG: 8 : 1.013800e-07 / 7.301027e-01
PCG: 0 : 1.013800e-07
PCG: 1 : 8.342296e-08 / 8.228741e-01
PCG: 2 : 6.862361e-08 / 6.768951e-01
PCG: 3 : 7.808453e-08 / 7.702165e-01
PCG: 4 : 6.975337e-08 / 6.880389e-01
PCG: 5 : 7.599386e-08 / 7.495943e-01
PCG: 6 : 6.621106e-08 / 6.530979e-01
PCG: 7 : 7.919213e-08 / 7.811416e-01
PCG: 8 : 1.253389e-07 / 1.236328e+00
PCG: 0 : 1.253389e-07
PCG: 1 : 7.781368e-08 / 6.208261e-01
PCG: 2 : 6.409540e-08 / 5.113766e-01
PCG: 3 : 7.277595e-08 / 5.806333e-01
PCG: 4 : 6.623716e-08 / 5.284644e-01
PCG: 5 : 7.342555e-08 / 5.858160e-01
PCG: 6 : 6.374145e-08 / 5.085527e-01
PCG: 7 : 7.646501e-08 / 6.100659e-01
PCG: 8 : 9.146382e-08 / 7.297319e-01
PCG: 0 : 9.146381e-08
PCG: 1 : 7.531527e-08 / 8.234434e-01
PCG: 2 : 6.202928e-08 / 6.781839e-01
PCG: 3 : 7.065808e-08 / 7.725250e-01
PCG: 4 : 6.314291e-08 / 6.903595e-01
PCG: 5 : 6.874720e-08 / 7.516328e-01
PCG: 6 : 5.980728e-08 / 6.538901e-01
PCG: 7 : 7.143370e-08 / 7.810051e-01
PCG: 8 : 1.131431e-07 / 1.237026e+00
PCG: 0 : 1.131431e-07
PCG: 1 : 7.019814e-08 / 6.204369e-01
PCG: 2 : 5.790532e-08 / 5.117885e-01
PCG: 3 : 6.584265e-08 / 5.819415e-01
PCG: 4 : 5.995923e-08 / 5.299417e-01
PCG: 5 : 6.643450e-08 / 5.871724e-01
PCG: 6 : 5.760806e-08 / 5.091612e-01
PCG: 7 : 6.902846e-08 / 6.100988e-01
PCG: 8 : 8.252181e-08 / 7.293580e-01
PCG: 0 : 8.252181e-08
PCG: 1 : 6.799853e-08 / 8.240067e-01
PCG: 2 : 5.606971e-08 / 6.794532e-01
PCG: 3 : 6.393738e-08 / 7.747937e-01
PCG: 4 : 5.715760e-08 / 6.926363e-01
PCG: 5 : 6.219040e-08 / 7.536238e-01
PCG: 6 : 5.402330e-08 / 6.546548e-01
PCG: 7 : 6.443720e-08 / 7.808506e-01
PCG: 8 : 1.021400e-07 / 1.237733e+00
PCG: 0 : 1.021400e-07
PCG: 1 : 6.333020e-08 / 6.200334e-01
PCG: 2 : 5.231398e-08 / 5.121793e-01
PCG: 3 : 5.956906e-08 / 5.832101e-01
PCG: 4 : 5.427485e-08 / 5.313772e-01
PCG: 5 : 6.010784e-08 / 5.884850e-01
PCG: 6 : 5.206527e-08 / 5.097443e-01
PCG: 7 : 6.231754e-08 / 6.101190e-01
PCG: 8 : 7.445815e-08 / 7.289815e-01
PCG: 0 : 7.445815e-08
PCG: 1 : 6.139545e-08 / 8.245631e-01
PCG: 2 : 5.068368e-08 / 6.807003e-01
PCG: 3 : 5.785509e-08 / 7.770149e-01
PCG: 4 : 5.173816e-08 / 6.948622e-01
PCG: 5 : 5.625778e-08 / 7.555624e-01
PCG: 6 : 4.879910e-08 / 6.553897e-01
PCG: 7 : 5.812771e-08 / 7.806763e-01
PCG: 8 : 9.221291e-08 / 1.238453e+00
PCG: 0 : 9.221291e-08
PCG: 1 : 5.713637e-08 / 6.196135e-01
PCG: 2 : 4.726343e-08 / 5.125468e-01
PCG: 3 : 5.389231e-08 / 5.844334e-01
PCG: 4 : 4.912784e-08 / 5.327653e-01
PCG: 5 : 5.438242e-08 / 5.897484e-01
PCG: 6 : 4.705617e-08 / 5.102991e-01
PCG: 7 : 5.626137e-08 / 6.101246e-01
PCG: 8 : 6.718641e-08 / 7.286008e-01
PCG: 0 : 6.718641e-08
PCG: 1 : 5.543622e-08 / 8.251107e-01
PCG: 2 : 4.581581e-08 / 6.819209e-01
PCG: 3 : 5.235049e-08 / 7.791829e-01
PCG: 4 : 4.683102e-08 / 6.970312e-01
PCG: 5 : 5.088986e-08 / 7.574428e-01
PCG: 6 : 4.408058e-08 / 6.560937e-01
PCG: 7 : 5.243790e-08 / 7.804837e-01
PCG: 8 : 8.325624e-08 / 1.239183e+00
PCG: 0 : 8.325624e-08
PCG: 1 : 5.155040e-08 / 6.191776e-01
PCG: 2 : 4.270122e-08 / 5.128891e-01
PCG: 3 : 4.875553e-08 / 5.856081e-01
PCG: 4 : 4.446732e-08 / 5.341020e-01
PCG: 5 : 4.920110e-08 / 5.909600e-01
PCG: 6 : 4.252936e-08 / 5.108249e-01
PCG: 7 : 5.079603e-08 / 6.101168e-01
PCG: 8 : 6.062865e-08 / 7.282175e-01
PCG: 0 : 6.062865e-08
PCG: 1 : 5.005792e-08 / 8.256480e-01
PCG: 2 : 4.141613e-08 / 6.831115e-01
PCG: 3 : 4.736860e-08 / 7.812907e-01
PCG: 4 : 4.238772e-08 / 6.991367e-01
PCG: 5 : 4.603294e-08 / 7.592606e-01
PCG: 6 : 3.981875e-08 / 6.567646e-01
PCG: 7 : 4.730683e-08 / 7.802719e-01
PCG: 8 : 7.517474e-08 / 1.239921e+00
PCG: 0 : 7.517474e-08
PCG: 1 : 4.651256e-08 / 6.187259e-01
PCG: 2 : 3.858008e-08 / 5.132053e-01
PCG: 3 : 4.410731e-08 / 5.867305e-01
PCG: 4 : 4.024732e-08 / 5.353835e-01
PCG: 5 : 4.451219e-08 / 5.921164e-01
PCG: 6 : 3.843842e-08 / 5.113209e-01
PCG: 7 : 4.586376e-08 / 6.100953e-01
PCG: 8 : 5.471456e-08 / 7.278317e-01
PCG: 0 : 5.471456e-08
PCG: 1 : 4.520372e-08 / 8.261735e-01
PCG: 2 : 3.743951e-08 / 6.842695e-01
PCG: 3 : 4.285971e-08 / 7.833328e-01
PCG: 4 : 3.836439e-08 / 7.011734e-01
PCG: 5 : 4.163835e-08 / 7.610105e-01
PCG: 6 : 3.596942e-08 / 6.574012e-01
PCG: 7 : 4.267953e-08 / 7.800398e-01
PCG: 8 : 6.788251e-08 / 1.240666e+00
PCG: 0 : 6.788250e-08
PCG: 1 : 4.196883e-08 / 6.182570e-01
PCG: 2 : 3.485721e-08 / 5.134933e-01
PCG: 3 : 3.990114e-08 / 5.877971e-01
PCG: 4 : 3.642621e-08 / 5.366068e-01
PCG: 5 : 4.026896e-08 / 5.932156e-01
PCG: 6 : 3.474135e-08 / 5.117865e-01
PCG: 7 : 4.141243e-08 / 6.100605e-01
PCG: 8 : 4.938066e-08 / 7.274430e-01
PCG: 0 : 4.938066e-08
PCG: 1 : 4.082234e-08 / 8.266867e-01
PCG: 2 : 3.384518e-08 / 6.853933e-01
PCG: 3 : 3.877894e-08 / 7.853063e-01
PCG: 4 : 3.472141e-08 / 7.031378e-01
PCG: 5 : 3.766215e-08 / 7.626903e-01
PCG: 6 : 3.249261e-08 / 6.580029e-01
PCG: 7 : 3.850650e-08 / 7.797890e-01
PCG: 8 : 6.130209e-08 / 1.241419e+00
PCG: 0 : 6.130208e-08
PCG: 1 : 3.787065e-08 / 6.177710e-01
PCG: 2 : 3.149406e-08 / 5.137520e-01
PCG: 3 : 3.609498e-08 / 5.888051e-01
PCG: 4 : 3.296637e-08 / 5.377691e-01
PCG: 5 : 3.642910e-08 / 5.942555e-01
PCG: 6 : 3.140022e-08 / 5.122210e-01
PCG: 7 : 3.739501e-08 / 6.100121e-01
PCG: 8 : 4.456972e-08 / 7.270507e-01
PCG: 0 : 4.456972e-08
PCG: 1 : 3.686753e-08 / 8.271878e-01
PCG: 2 : 3.059630e-08 / 6.864817e-01
PCG: 3 : 3.508566e-08 / 7.872084e-01
PCG: 4 : 3.142290e-08 / 7.050279e-01
PCG: 5 : 3.406458e-08 / 7.642987e-01
PCG: 6 : 2.935228e-08 / 6.585698e-01
PCG: 7 : 3.474296e-08 / 7.795193e-01
PCG: 8 : 5.536358e-08 / 1.242179e+00
PCG: 0 : 5.536358e-08
PCG: 1 : 3.417410e-08 / 6.172668e-01
PCG: 2 : 2.845578e-08 / 5.139802e-01
PCG: 3 : 3.265084e-08 / 5.897530e-01
PCG: 4 : 2.983372e-08 / 5.388691e-01
PCG: 5 : 3.295436e-08 / 5.952354e-01
PCG: 6 : 2.838075e-08 / 5.126248e-01
PCG: 7 : 3.376907e-08 / 6.099510e-01
PCG: 8 : 4.023019e-08 / 7.266544e-01
PCG: 0 : 4.023019e-08
PCG: 1 : 3.329762e-08 / 8.276775e-01
PCG: 2 : 2.765964e-08 / 6.875344e-01
PCG: 3 : 3.174316e-08 / 7.890382e-01
PCG: 4 : 2.843639e-08 / 7.068421e-01
PCG: 5 : 3.080967e-08 / 7.658346e-01
PCG: 6 : 2.651582e-08 / 6.591026e-01
PCG: 7 : 3.134861e-08 / 7.792311e-01
PCG: 8 : 5.000404e-08 / 1.242948e+00
PCG: 0 : 5.000404e-08
PCG: 1 : 3.083969e-08 / 6.167441e-01
PCG: 2 : 2.571096e-08 / 5.141777e-01
PCG: 3 : 2.953434e-08 / 5.906391e-01
PCG: 4 : 2.699743e-08 / 5.399051e-01
PCG: 5 : 2.981010e-08 / 5.961539e-01
PCG: 6 : 2.565193e-08 / 5.129971e-01
PCG: 7 : 3.049631e-08 / 6.098770e-01
PCG: 8 : 3.631556e-08 / 7.262526e-01
PCG: 0 : 3.631556e-08
PCG: 1 : 3.007491e-08 / 8.281550e-01
PCG: 2 : 2.500508e-08 / 6.885500e-01
PCG: 3 : 2.871809e-08 / 7.907931e-01
PCG: 4 : 2.573244e-08 / 7.085788e-01
PCG: 5 : 2.786486e-08 / 7.672981e-01
PCG: 6 : 2.395382e-08 / 6.596021e-01
PCG: 7 : 2.828709e-08 / 7.789249e-01
PCG: 8 : 4.516659e-08 / 1.243726e+00
PCG: 0 : 4.516659e-08
PCG: 1 : 2.783178e-08 / 6.162028e-01
PCG: 2 : 2.323119e-08 / 5.143445e-01
PCG: 3 : 2.671440e-08 / 5.914636e-01
PCG: 4 : 2.442957e-08 / 5.408770e-01
PCG: 5 : 2.696497e-08 / 5.970114e-01
PCG: 6 : 2.318576e-08 / 5.133388e-01
PCG: 7 : 2.754219e-08 / 6.097912e-01
PCG: 8 : 3.278403e-08 / 7.258470e-01
PCG: 0 : 3.278403e-08
PCG: 1 : 2.716549e-08 / 8.286197e-01
PCG: 2 : 2.260549e-08 / 6.895275e-01
PCG: 3 : 2.598041e-08 / 7.924716e-01
PCG: 4 : 2.328443e-08 / 7.102369e-01
PCG: 5 : 2.520069e-08 / 7.686878e-01
PCG: 6 : 2.163968e-08 / 6.600676e-01
PCG: 7 : 2.552569e-08 / 7.786013e-01
PCG: 8 : 4.079999e-08 / 1.244508e+00
PCG: 0 : 4.079999e-08
PCG: 1 : 2.511827e-08 / 6.156440e-01
PCG: 2 : 2.099080e-08 / 5.144805e-01
PCG: 3 : 2.416283e-08 / 5.922264e-01
PCG: 4 : 2.210482e-08 / 5.417850e-01
PCG: 5 : 2.439058e-08 / 5.978085e-01
PCG: 6 : 2.095693e-08 / 5.136505e-01
PCG: 7 : 2.487550e-08 / 6.096937e-01
PCG: 8 : 2.959785e-08 / 7.254377e-01
PCG: 0 : 2.959785e-08
PCG: 1 : 2.453872e-08 / 8.290710e-01
PCG: 2 : 2.043634e-08 / 6.904669e-01
PCG: 3 : 2.350288e-08 / 7.940739e-01
PCG: 4 : 2.106824e-08 / 7.118166e-01
PCG: 5 : 2.279050e-08 / 7.700053e-01
PCG: 6 : 1.954939e-08 / 6.605005e-01
PCG: 7 : 2.303484e-08 / 7.782604e-01
PCG: 8 : 3.685813e-08 / 1.245297e+00
PCG: 0 : 3.685813e-08
PCG: 1 : 2.267022e-08 / 6.150671e-01
PCG: 2 : 1.896668e-08 / 5.145862e-01
PCG: 3 : 2.185420e-08 / 5.929276e-01
PCG: 4 : 2.000030e-08 / 5.426294e-01
PCG: 5 : 2.206126e-08 / 5.985453e-01
PCG: 6 : 1.894259e-08 / 5.139325e-01
PCG: 7 : 2.246815e-08 / 6.095848e-01
PCG: 8 : 2.672304e-08 / 7.250243e-01
PCG: 0 : 2.672303e-08
PCG: 1 : 2.216699e-08 / 8.295087e-01
PCG: 2 : 1.847544e-08 / 6.913677e-01
PCG: 3 : 2.126085e-08 / 7.956000e-01
PCG: 4 : 1.906204e-08 / 7.133185e-01
PCG: 5 : 2.061017e-08 / 7.712510e-01
PCG: 6 : 1.766130e-08 / 6.609017e-01
PCG: 7 : 2.078794e-08 / 7.779034e-01
PCG: 8 : 3.329932e-08 / 1.246090e+00
PCG: 0 : 3.329932e-08
PCG: 1 : 2.046155e-08 / 6.144737e-01
PCG: 2 : 1.713790e-08 / 5.146623e-01
PCG: 3 : 1.976543e-08 / 5.935688e-01
PCG: 4 : 1.809523e-08 / 5.434115e-01
PCG: 5 : 1.995376e-08 / 5.992244e-01
PCG: 6 : 1.712205e-08 / 5.141863e-01
PCG: 7 : 2.029478e-08 / 6.094652e-01
PCG: 8 : 2.412892e-08 / 7.246071e-01
PCG: 0 : 2.412892e-08
PCG: 1 : 2.002540e-08 / 8.299336e-01
PCG: 2 : 1.670280e-08 / 6.922317e-01
PCG: 3 : 1.923201e-08 / 7.970523e-01
PCG: 4 : 1.724601e-08 / 7.147442e-01
PCG: 5 : 1.863782e-08 / 7.724267e-01
PCG: 6 : 1.595579e-08 / 6.612723e-01
PCG: 7 : 1.876097e-08 / 7.775306e-01
PCG: 8 : 3.008609e-08 / 1.246889e+00
PCG: 0 : 3.008609e-08
PCG: 1 : 1.846873e-08 / 6.138626e-01
PCG: 2 : 1.548559e-08 / 5.147092e-01
PCG: 3 : 1.787566e-08 / 5.941504e-01
PCG: 4 : 1.637082e-08 / 5.441325e-01
PCG: 5 : 1.804703e-08 / 5.998463e-01
PCG: 6 : 1.547665e-08 / 5.144123e-01
PCG: 7 : 1.833252e-08 / 6.093353e-01
PCG: 8 : 2.178789e-08 / 7.241849e-01
PCG: 0 : 2.178789e-08
PCG: 1 : 1.809148e-08 / 8.303458e-01
PCG: 2 : 1.510030e-08 / 6.930591e-01
PCG: 3 : 1.739615e-08 / 7.984322e-01
PCG: 4 : 1.560223e-08 / 7.160963e-01
PCG: 5 : 1.685369e-08 / 7.735349e-01
PCG: 6 : 1.441518e-08 / 6.616144e-01
PCG: 7 : 1.693230e-08 / 7.771426e-01
PCG: 8 : 2.718462e-08 / 1.247694e+00
PCG: 0 : 2.718462e-08
PCG: 1 : 1.667054e-08 / 6.132344e-01
PCG: 2 : 1.399268e-08 / 5.147277e-01
PCG: 3 : 1.616599e-08 / 5.946739e-01
PCG: 4 : 1.481003e-08 / 5.447943e-01
PCG: 5 : 1.632201e-08 / 6.004134e-01
PCG: 6 : 1.398952e-08 / 5.146117e-01
PCG: 7 : 1.656075e-08 / 6.091956e-01
PCG: 8 : 1.967509e-08 / 7.237580e-01
PCG: 0 : 1.967509e-08
PCG: 1 : 1.634502e-08 / 8.307473e-01
PCG: 2 : 1.365160e-08 / 6.938522e-01
PCG: 3 : 1.573501e-08 / 7.997429e-01
PCG: 4 : 1.411446e-08 / 7.173775e-01
PCG: 5 : 1.523989e-08 / 7.745783e-01
PCG: 6 : 1.302351e-08 / 6.619289e-01
PCG: 7 : 1.528242e-08 / 7.767398e-01
PCG: 8 : 2.456445e-08 / 1.248505e+00
PCG: 0 : 2.456445e-08
PCG: 1 : 1.504790e-08 / 6.125884e-01
PCG: 2 : 1.264377e-08 / 5.147180e-01
PCG: 3 : 1.461932e-08 / 5.951412e-01
PCG: 4 : 1.339742e-08 / 5.453987e-01
PCG: 5 : 1.476145e-08 / 6.009274e-01
PCG: 6 : 1.264542e-08 / 5.147854e-01
PCG: 7 : 1.496089e-08 / 6.090462e-01
PCG: 8 : 1.776810e-08 / 7.233256e-01
PCG: 0 : 1.776810e-08
PCG: 1 : 1.476772e-08 / 8.311371e-01
PCG: 2 : 1.234192e-08 / 6.946113e-01
PCG: 3 : 1.423199e-08 / 8.009859e-01
PCG: 4 : 1.276797e-08 / 7.185898e-01
PCG: 5 : 1.378021e-08 / 7.755593e-01
PCG: 6 : 1.176635e-08 / 6.622176e-01
PCG: 7 : 1.379379e-08 / 7.763234e-01
PCG: 8 : 2.219811e-08 / 1.249324e+00
PCG: 0 : 2.219811e-08
PCG: 1 : 1.358360e-08 / 6.119261e-01
PCG: 2 : 1.142496e-08 / 5.146817e-01
PCG: 3 : 1.322018e-08 / 5.955542e-01
PCG: 4 : 1.211900e-08 / 5.459473e-01
PCG: 5 : 1.334972e-08 / 6.013899e-01
PCG: 6 : 1.143056e-08 / 5.149341e-01
PCG: 7 : 1.351614e-08 / 6.088870e-01
PCG: 8 : 1.604674e-08 / 7.228878e-01
PCG: 0 : 1.604674e-08
PCG: 1 : 1.334312e-08 / 8.315157e-01
PCG: 2 : 1.115790e-08 / 6.953377e-01
PCG: 3 : 1.287212e-08 / 8.021641e-01
PCG: 4 : 1.154942e-08 / 7.197363e-01
PCG: 5 : 1.245999e-08 / 7.764811e-01
PCG: 6 : 1.063068e-08 / 6.624819e-01
PCG: 7 : 1.245057e-08 / 7.758939e-01
PCG: 8 : 2.006081e-08 / 1.250149e+00

PCG ( VCycle ( S: Scale / C: Scale )  )

Complete solver TOE: 58.065
0.0397867 GFlop/s [0.0397867 GFlops/s]

Total time: 58.065s
Accumulated op time: 41.2028

Reductions: 51.7356%
Blas-1: 11.0869%
Blas-2: 8.1374%
Precon Kernels: 0%
MPI Execution: 0%
MPI Wait: 0%
Not covered: 29.0402%

Domain size: 26.3732 MByte
LA size: 85.4216 MByte
MPI size: 2.63872 MByte

H0-Error: 1.748909e-06
H1-Error: 4.034414e-03

Writing DATA to output.data...
Run-Time: 1:00.930 [1:00.930]
0xb33749f8 Error: MemoryPool<CUDA> still contains memory chunks on deconstructor call
