NUM-PROCS: 1
Preparing domain...
LVL-MIN: 5 [5]
LVL-MAX: 6 [6]
Creating gates...
Assembling system matrices...
Assembling system filters...
Assembling transfer matrices...
Converting assembled linear system from SparseMatrixCSR, Mem:main to SparseMatrixCSR, Mem:mainand to SparseMatrixCSR, Mem:main...
PCG: 0 : 1.512630e-01
PCG: 1 : 5.296447e-01 / 3.501482e+00
PCG: 2 : 3.286090e-01 / 2.172435e+00
PCG: 3 : 3.573479e-01 / 2.362428e+00
PCG: 0 : 3.540966e-01
PCG: 1 : 2.449480e-01 / 6.917547e-01
PCG: 2 : 2.364094e-01 / 6.676410e-01
PCG: 3 : 2.161918e-01 / 6.105446e-01
PCG: 0 : 2.161918e-01
PCG: 1 : 1.370263e-01 / 6.338182e-01
PCG: 2 : 1.353253e-01 / 6.259505e-01
PCG: 3 : 1.157041e-01 / 5.351918e-01
PCG: 0 : 1.157041e-01
PCG: 1 : 9.502491e-02 / 8.212754e-01
PCG: 2 : 9.503412e-02 / 8.213550e-01
PCG: 3 : 1.198638e-01 / 1.035951e+00
PCG: 0 : 1.198638e-01
PCG: 1 : 7.625935e-02 / 6.362168e-01
PCG: 2 : 7.625435e-02 / 6.361751e-01
PCG: 3 : 8.158917e-02 / 6.806824e-01
PCG: 0 : 8.158916e-02
PCG: 1 : 6.682863e-02 / 8.190871e-01
PCG: 2 : 6.509526e-02 / 7.978420e-01
PCG: 3 : 9.110720e-02 / 1.116658e+00
PCG: 0 : 9.110720e-02
PCG: 1 : 5.745846e-02 / 6.306688e-01
PCG: 2 : 5.716209e-02 / 6.274157e-01
PCG: 3 : 6.423999e-02 / 7.051034e-01
PCG: 0 : 6.423999e-02
PCG: 1 : 5.236362e-02 / 8.151249e-01
PCG: 2 : 5.066014e-02 / 7.886075e-01
PCG: 3 : 7.248168e-02 / 1.128295e+00
PCG: 0 : 7.248169e-02
PCG: 1 : 4.565388e-02 / 6.298678e-01
PCG: 2 : 4.530077e-02 / 6.249961e-01
PCG: 3 : 5.128278e-02 / 7.075273e-01
PCG: 0 : 5.128278e-02
PCG: 1 : 4.181774e-02 / 8.154343e-01
PCG: 2 : 4.041734e-02 / 7.881268e-01
PCG: 3 : 5.791904e-02 / 1.129405e+00
PCG: 0 : 5.791903e-02
PCG: 1 : 3.652275e-02 / 6.305829e-01
PCG: 2 : 3.623290e-02 / 6.255785e-01
PCG: 3 : 4.098617e-02 / 7.076460e-01
PCG: 0 : 4.098617e-02
PCG: 1 : 3.347470e-02 / 8.167316e-01
PCG: 2 : 3.236329e-02 / 7.896149e-01
PCG: 3 : 4.629027e-02 / 1.129412e+00
PCG: 0 : 4.629026e-02
PCG: 1 : 2.924633e-02 / 6.318032e-01
PCG: 2 : 2.902754e-02 / 6.270766e-01
PCG: 3 : 3.275416e-02 / 7.075820e-01
PCG: 0 : 3.275416e-02
PCG: 1 : 2.680655e-02 / 8.184166e-01
PCG: 2 : 2.593166e-02 / 7.917060e-01
PCG: 3 : 3.699010e-02 / 1.129325e+00
PCG: 0 : 3.699009e-02
PCG: 1 : 2.342525e-02 / 6.332845e-01
PCG: 2 : 2.326464e-02 / 6.289424e-01
PCG: 3 : 2.617124e-02 / 7.075202e-01
PCG: 0 : 2.617124e-02
PCG: 1 : 2.146999e-02 / 8.203659e-01
PCG: 2 : 2.078298e-02 / 7.941154e-01
PCG: 3 : 2.955308e-02 / 1.129220e+00
PCG: 0 : 2.955308e-02
PCG: 1 : 1.876543e-02 / 6.349736e-01
PCG: 2 : 1.864976e-02 / 6.310599e-01
PCG: 3 : 2.090797e-02 / 7.074719e-01
PCG: 0 : 2.090797e-02
PCG: 1 : 1.719803e-02 / 8.225585e-01
PCG: 2 : 1.665933e-02 / 7.967932e-01
PCG: 3 : 2.360733e-02 / 1.129107e+00
PCG: 0 : 2.360733e-02
PCG: 1 : 1.503460e-02 / 6.368614e-01
PCG: 2 : 1.495287e-02 / 6.333994e-01
PCG: 3 : 1.670055e-02 / 7.074308e-01
PCG: 0 : 1.670055e-02
PCG: 1 : 1.377786e-02 / 8.249943e-01
PCG: 2 : 1.335601e-02 / 7.997344e-01
PCG: 3 : 1.885452e-02 / 1.128976e+00
PCG: 0 : 1.885452e-02
PCG: 1 : 1.204715e-02 / 6.389530e-01
PCG: 2 : 1.199089e-02 / 6.359693e-01
PCG: 3 : 1.333769e-02 / 7.074004e-01
PCG: 0 : 1.333769e-02
PCG: 1 : 1.103941e-02 / 8.276848e-01
PCG: 2 : 1.070946e-02 / 8.029469e-01
PCG: 3 : 1.505602e-02 / 1.128832e+00
PCG: 0 : 1.505602e-02
PCG: 1 : 9.654762e-03 / 6.412560e-01
PCG: 2 : 9.617376e-03 / 6.387729e-01
PCG: 3 : 1.065027e-02 / 7.073760e-01
PCG: 0 : 1.065027e-02
PCG: 1 : 8.846547e-03 / 8.306410e-01
PCG: 2 : 8.588826e-03 / 8.064424e-01
PCG: 3 : 1.202075e-02 / 1.128681e+00
PCG: 0 : 1.202075e-02
PCG: 1 : 7.738683e-03 / 6.437770e-01
PCG: 2 : 7.715078e-03 / 6.418133e-01
PCG: 3 : 8.502934e-03 / 7.073546e-01
PCG: 0 : 8.502934e-03
PCG: 1 : 7.090369e-03 / 8.338732e-01
PCG: 2 : 6.889309e-03 / 8.102272e-01
PCG: 3 : 9.595744e-03 / 1.128522e+00
PCG: 0 : 9.595745e-03
PCG: 1 : 6.203905e-03 / 6.465266e-01
PCG: 2 : 6.190183e-03 / 6.450967e-01
PCG: 3 : 6.787452e-03 / 7.073398e-01
PCG: 0 : 6.787452e-03
PCG: 1 : 5.683745e-03 / 8.373901e-01
PCG: 2 : 5.527075e-03 / 8.143078e-01
PCG: 3 : 7.658661e-03 / 1.128356e+00
PCG: 0 : 7.658660e-03
PCG: 1 : 4.974394e-03 / 6.495122e-01
PCG: 2 : 4.967583e-03 / 6.486229e-01
PCG: 3 : 5.417235e-03 / 7.073346e-01
PCG: 0 : 5.417235e-03
PCG: 1 : 4.556959e-03 / 8.411965e-01
PCG: 2 : 4.434978e-03 / 8.186793e-01
PCG: 3 : 6.111639e-03 / 1.128184e+00
PCG: 0 : 6.111639e-03
PCG: 1 : 3.989280e-03 / 6.527348e-01
PCG: 2 : 3.987151e-03 / 6.523865e-01
PCG: 3 : 4.323013e-03 / 7.073410e-01
PCG: 0 : 4.323013e-03
PCG: 1 : 3.654219e-03 / 8.452944e-01
PCG: 2 : 3.559273e-03 / 8.233315e-01
PCG: 3 : 4.876405e-03 / 1.128011e+00
PCG: 0 : 4.876405e-03
PCG: 1 : 3.199873e-03 / 6.561950e-01
PCG: 2 : 3.200738e-03 / 6.563725e-01
PCG: 3 : 3.449395e-03 / 7.073642e-01
PCG: 0 : 3.449395e-03
PCG: 1 : 2.930851e-03 / 8.496711e-01
PCG: 2 : 2.856917e-03 / 8.282373e-01
PCG: 3 : 3.890375e-03 / 1.127843e+00
PCG: 0 : 3.890375e-03
PCG: 1 : 2.567198e-03 / 6.598844e-01
PCG: 2 : 2.569795e-03 / 6.605520e-01
PCG: 3 : 2.752113e-03 / 7.074158e-01
PCG: 0 : 2.752113e-03
PCG: 1 : 2.351125e-03 / 8.542981e-01
PCG: 2 : 2.293464e-03 / 8.333466e-01
PCG: 3 : 3.103516e-03 / 1.127685e+00
PCG: 0 : 3.103516e-03
PCG: 1 : 2.060048e-03 / 6.637787e-01
PCG: 2 : 2.063425e-03 / 6.648669e-01
PCG: 3 : 2.195770e-03 / 7.075105e-01
PCG: 0 : 2.195770e-03
PCG: 1 : 1.886424e-03 / 8.591173e-01
PCG: 2 : 1.841301e-03 / 8.385671e-01
PCG: 3 : 2.475836e-03 / 1.127548e+00
PCG: 0 : 2.475836e-03
PCG: 1 : 1.653442e-03 / 6.678321e-01
PCG: 2 : 1.656890e-03 / 6.692247e-01
PCG: 3 : 1.752084e-03 / 7.076740e-01
PCG: 0 : 1.752085e-03
PCG: 1 : 1.513843e-03 / 8.640237e-01
PCG: 2 : 1.478317e-03 / 8.437476e-01
PCG: 3 : 1.975393e-03 / 1.127453e+00
PCG: 0 : 1.975393e-03
PCG: 1 : 1.327388e-03 / 6.719613e-01
PCG: 2 : 1.330365e-03 / 6.734685e-01
PCG: 3 : 1.398467e-03 / 7.079437e-01
PCG: 0 : 1.398467e-03
PCG: 1 : 1.215036e-03 / 8.688344e-01
PCG: 2 : 1.186789e-03 / 8.486357e-01
PCG: 3 : 1.576658e-03 / 1.127418e+00
PCG: 0 : 1.576658e-03
PCG: 1 : 1.065860e-03 / 6.760250e-01
PCG: 2 : 1.067957e-03 / 6.773551e-01
PCG: 3 : 1.116877e-03 / 7.083830e-01
PCG: 0 : 1.116877e-03
PCG: 1 : 9.753176e-04 / 8.732539e-01
PCG: 2 : 9.525276e-04 / 8.528488e-01
PCG: 3 : 1.259263e-03 / 1.127485e+00
PCG: 0 : 1.259263e-03
PCG: 1 : 8.560289e-04 / 6.797858e-01
PCG: 2 : 8.569425e-04 / 6.805113e-01
PCG: 3 : 8.929009e-04 / 7.090665e-01
PCG: 0 : 8.929009e-04
PCG: 1 : 7.829117e-04 / 8.768182e-01
PCG: 2 : 7.641703e-04 / 8.558288e-01
PCG: 3 : 1.006904e-03 / 1.127677e+00
PCG: 0 : 1.006904e-03
PCG: 1 : 6.876011e-04 / 6.828867e-01
PCG: 2 : 6.871456e-04 / 6.824343e-01
PCG: 3 : 7.149934e-04 / 7.100911e-01
PCG: 0 : 7.149934e-04
PCG: 1 : 6.283812e-04 / 8.788629e-01
PCG: 2 : 6.126545e-04 / 8.568674e-01
PCG: 3 : 8.065135e-04 / 1.128001e+00
PCG: 0 : 8.065135e-04
PCG: 1 : 5.523175e-04 / 6.848212e-01
PCG: 2 : 5.504697e-04 / 6.825300e-01
PCG: 3 : 5.738540e-04 / 7.115244e-01
PCG: 0 : 5.738540e-04
PCG: 1 : 5.041655e-04 / 8.785606e-01
PCG: 2 : 4.907807e-04 / 8.552363e-01
PCG: 3 : 6.475197e-04 / 1.128370e+00
PCG: 0 : 6.475196e-04
PCG: 1 : 4.435419e-04 / 6.849861e-01
PCG: 2 : 4.405142e-04 / 6.803102e-01
PCG: 3 : 4.619038e-04 / 7.133434e-01
PCG: 0 : 4.619038e-04
PCG: 1 : 4.042366e-04 / 8.751534e-01
PCG: 2 : 3.928630e-04 / 8.505300e-01
PCG: 3 : 5.212895e-04 / 1.128567e+00
PCG: 0 : 5.212895e-04
PCG: 1 : 3.559849e-04 / 6.828929e-01
PCG: 2 : 3.522405e-04 / 6.757099e-01
PCG: 3 : 3.729023e-04 / 7.153459e-01
PCG: 0 : 3.729023e-04
PCG: 1 : 3.238330e-04 / 8.684126e-01
PCG: 2 : 3.143949e-04 / 8.431028e-01
PCG: 3 : 4.207317e-04 / 1.128263e+00
PCG: 0 : 4.207317e-04
PCG: 1 : 2.854881e-04 / 6.785514e-01
PCG: 2 : 2.816207e-04 / 6.693594e-01
PCG: 3 : 3.017361e-04 / 7.171699e-01
PCG: 0 : 3.017361e-04
PCG: 1 : 2.592359e-04 / 8.591477e-01
PCG: 2 : 2.517176e-04 / 8.342310e-01
PCG: 3 : 3.401251e-04 / 1.127227e+00
PCG: 0 : 3.401250e-04
PCG: 1 : 2.288158e-04 / 6.727402e-01
PCG: 2 : 2.253269e-04 / 6.624827e-01
PCG: 3 : 2.443762e-04 / 7.184892e-01
PCG: 0 : 2.443762e-04
PCG: 1 : 2.075087e-04 / 8.491364e-01
PCG: 2 : 2.017637e-04 / 8.256277e-01
PCG: 3 : 2.750611e-04 / 1.125564e+00
PCG: 0 : 2.750610e-04
PCG: 1 : 1.834051e-04 / 6.667795e-01
PCG: 2 : 1.805354e-04 / 6.563466e-01
PCG: 3 : 1.978280e-04 / 7.192150e-01
PCG: 0 : 1.978280e-04
PCG: 1 : 1.662303e-04 / 8.402768e-01
PCG: 2 : 1.619488e-04 / 8.186343e-01
PCG: 3 : 2.222998e-04 / 1.123703e+00
PCG: 0 : 2.222998e-04
PCG: 1 : 1.471212e-04 / 6.618145e-01
PCG: 2 : 1.448692e-04 / 6.516839e-01
PCG: 3 : 1.599428e-04 / 7.194915e-01
PCG: 0 : 1.599428e-04
PCG: 1 : 1.333385e-04 / 8.336636e-01
PCG: 2 : 1.301533e-04 / 8.137487e-01
PCG: 3 : 1.794666e-04 / 1.122067e+00
PCG: 0 : 1.794666e-04
PCG: 1 : 1.181520e-04 / 6.583511e-01
PCG: 2 : 1.164030e-04 / 6.486053e-01
PCG: 3 : 1.291319e-04 / 7.195318e-01
PCG: 0 : 1.291319e-04
PCG: 1 : 1.071035e-04 / 8.294115e-01
PCG: 2 : 1.046979e-04 / 8.107824e-01
PCG: 3 : 1.447373e-04 / 1.120849e+00
PCG: 0 : 1.447374e-04
PCG: 1 : 9.499298e-05 / 6.563128e-01
PCG: 2 : 9.362104e-05 / 6.468340e-01
PCG: 3 : 1.041363e-04 / 7.194847e-01
PCG: 0 : 1.041363e-04
PCG: 1 : 8.612910e-05 / 8.270804e-01
PCG: 2 : 8.427374e-05 / 8.092638e-01
PCG: 3 : 1.166365e-04 / 1.120037e+00
PCG: 0 : 1.166365e-04
PCG: 1 : 7.644072e-05 / 6.553755e-01
PCG: 2 : 7.534728e-05 / 6.460007e-01
PCG: 3 : 8.391107e-05 / 7.194237e-01
PCG: 0 : 8.391107e-05
PCG: 1 : 6.931985e-05 / 8.261109e-01
PCG: 2 : 6.786159e-05 / 8.087323e-01
PCG: 3 : 9.394126e-05 / 1.119534e+00
PCG: 0 : 9.394126e-05
PCG: 1 : 6.155048e-05 / 6.552017e-01
PCG: 2 : 6.066611e-05 / 6.457878e-01
PCG: 3 : 6.757821e-05 / 7.193667e-01
PCG: 0 : 6.757821e-05
PCG: 1 : 5.582284e-05 / 8.260480e-01
PCG: 2 : 5.466013e-05 / 8.088426e-01
PCG: 3 : 7.563601e-05 / 1.119237e+00
PCG: 0 : 7.563601e-05
PCG: 1 : 4.958221e-05 / 6.555371e-01
PCG: 2 : 4.885901e-05 / 6.459755e-01
PCG: 3 : 5.440663e-05 / 7.193218e-01
PCG: 0 : 5.440662e-05
PCG: 1 : 4.497122e-05 / 8.265763e-01
PCG: 2 : 4.403487e-05 / 8.093660e-01
PCG: 3 : 6.088472e-05 / 1.119068e+00
PCG: 0 : 6.088472e-05
PCG: 1 : 3.995324e-05 / 6.562113e-01
PCG: 2 : 3.935729e-05 / 6.464230e-01
PCG: 3 : 4.379375e-05 / 7.192897e-01
PCG: 0 : 4.379376e-05
PCG: 1 : 3.623904e-05 / 8.274934e-01
PCG: 2 : 3.547985e-05 / 8.101578e-01
PCG: 3 : 4.900392e-05 / 1.118971e+00
PCG: 0 : 4.900392e-05
PCG: 1 : 3.220144e-05 / 6.571198e-01
PCG: 2 : 3.170771e-05 / 6.470444e-01
PCG: 3 : 3.524709e-05 / 7.192709e-01
PCG: 0 : 3.524709e-05
PCG: 1 : 2.920851e-05 / 8.286784e-01
PCG: 2 : 2.859005e-05 / 8.111321e-01
PCG: 3 : 3.943864e-05 / 1.118919e+00
PCG: 0 : 3.943864e-05
PCG: 1 : 2.595831e-05 / 6.581950e-01
PCG: 2 : 2.554763e-05 / 6.477818e-01
PCG: 3 : 2.836649e-05 / 7.192562e-01
PCG: 0 : 2.836649e-05
PCG: 1 : 2.354595e-05 / 8.300624e-01
PCG: 2 : 2.304037e-05 / 8.122389e-01
PCG: 3 : 3.173930e-05 / 1.118901e+00
PCG: 0 : 3.173930e-05
PCG: 1 : 2.092877e-05 / 6.593960e-01
PCG: 2 : 2.058621e-05 / 6.486031e-01
PCG: 3 : 2.282846e-05 / 7.192488e-01
PCG: 0 : 2.282845e-05
PCG: 1 : 1.898400e-05 / 8.315938e-01
PCG: 2 : 1.856960e-05 / 8.134413e-01
PCG: 3 : 2.554284e-05 / 1.118904e+00
PCG: 0 : 2.554284e-05
PCG: 1 : 1.687607e-05 / 6.606965e-01
PCG: 2 : 1.658968e-05 / 6.494845e-01
PCG: 3 : 1.837159e-05 / 7.192463e-01
PCG: 0 : 1.837159e-05
PCG: 1 : 1.530800e-05 / 8.332430e-01
PCG: 2 : 1.496758e-05 / 8.147132e-01
PCG: 3 : 2.055637e-05 / 1.118921e+00
PCG: 0 : 2.055637e-05
PCG: 1 : 1.360987e-05 / 6.620756e-01
PCG: 2 : 1.337007e-05 / 6.504099e-01
PCG: 3 : 1.478519e-05 / 7.192509e-01
PCG: 0 : 1.478519e-05
PCG: 1 : 1.234538e-05 / 8.349831e-01
PCG: 2 : 1.206519e-05 / 8.160324e-01
PCG: 3 : 1.654392e-05 / 1.118953e+00
PCG: 0 : 1.654392e-05
PCG: 1 : 1.097708e-05 / 6.635116e-01
PCG: 2 : 1.077609e-05 / 6.513626e-01
PCG: 3 : 1.189942e-05 / 7.192622e-01
PCG: 0 : 1.189942e-05
PCG: 1 : 9.957347e-06 / 8.367928e-01
PCG: 2 : 9.726382e-06 / 8.173831e-01
PCG: 3 : 1.331541e-05 / 1.118997e+00
PCG: 0 : 1.331542e-05
PCG: 1 : 8.854649e-06 / 6.649923e-01
PCG: 2 : 8.686022e-06 / 6.523283e-01
PCG: 3 : 9.577519e-06 / 7.192805e-01
PCG: 0 : 9.577519e-06
PCG: 1 : 8.032161e-06 / 8.386473e-01
PCG: 2 : 7.841520e-06 / 8.187422e-01
PCG: 3 : 1.071769e-05 / 1.119046e+00
PCG: 0 : 1.071769e-05
PCG: 1 : 7.143324e-06 / 6.664987e-01
PCG: 2 : 7.001814e-06 / 6.532953e-01
PCG: 3 : 7.709335e-06 / 7.193096e-01
PCG: 0 : 7.709334e-06
PCG: 1 : 6.479906e-06 / 8.405274e-01
PCG: 2 : 6.322390e-06 / 8.200955e-01
PCG: 3 : 8.627602e-06 / 1.119111e+00
PCG: 0 : 8.627602e-06
PCG: 1 : 5.763340e-06 / 6.680117e-01
PCG: 2 : 5.644569e-06 / 6.542454e-01
PCG: 3 : 6.206204e-06 / 7.193428e-01
PCG: 0 : 6.206204e-06
PCG: 1 : 5.228148e-06 / 8.424068e-01
PCG: 2 : 5.097918e-06 / 8.214229e-01
PCG: 3 : 6.945893e-06 / 1.119185e+00
PCG: 0 : 6.945893e-06
PCG: 1 : 4.650363e-06 / 6.695126e-01
PCG: 2 : 4.550715e-06 / 6.551663e-01
PCG: 3 : 4.996767e-06 / 7.193843e-01
PCG: 0 : 4.996767e-06
PCG: 1 : 4.218582e-06 / 8.442624e-01
PCG: 2 : 4.110863e-06 / 8.227046e-01
PCG: 3 : 5.592729e-06 / 1.119269e+00
PCG: 0 : 5.592728e-06
PCG: 1 : 3.752614e-06 / 6.709809e-01
PCG: 2 : 3.669080e-06 / 6.560447e-01
PCG: 3 : 4.023594e-06 / 7.194330e-01
PCG: 0 : 4.023594e-06
PCG: 1 : 3.404243e-06 / 8.460704e-01
PCG: 2 : 3.315132e-06 / 8.239231e-01
PCG: 3 : 4.503876e-06 / 1.119366e+00
PCG: 0 : 4.503875e-06
PCG: 1 : 3.028393e-06 / 6.723972e-01
PCG: 2 : 2.958434e-06 / 6.568640e-01
PCG: 3 : 3.240471e-06 / 7.194852e-01
PCG: 0 : 3.240471e-06
PCG: 1 : 2.747292e-06 / 8.478065e-01
PCG: 2 : 2.673594e-06 / 8.250632e-01
PCG: 3 : 3.627629e-06 / 1.119476e+00

PCG ( VCycle ( S: Scale / C: Scale )  )

Complete solver TOE: 0.1909
0.828661 GFlop/s [0.828661 GFlops/s]

Total time: 0.1909s
Accumulated op time: 0.168416

Reductions: 2.15767%
Blas-1: 5.75746%
Blas-2: 80.307%
Precon Kernels: 0%
MPI Execution: 0%
MPI Wait: 0%
Not covered: 11.7779%

Domain size: 0.403931 MByte
LA size: 1.19083 MByte
MPI size: 0.0405579 MByte

H0-Error: 1.121161e-04
H1-Error: 3.227246e-02

Writing DATA to output.data...
Run-Time: 0:00.239 [0:00.239]
0xb32fd9f8 Error: MemoryPool<CPU> still contains memory chunks on deconstructor call
