NUM-PROCS: 1
Preparing domain...
LVL-MIN: 2 [2]
LVL-MAX: 5 [5]
Creating gates...
Assembling system matrices...
Assembling system filters...
Assembling transfer matrices...
Converting assembled linear system from SparseMatrixCSR, Mem:main to SparseMatrixELL, Mem:cudaand to SparseMatrixELL, Mem:cuda...
PCG: 0 : 3.015408e-01
PCG: 1 : 1.296712e-01 / 4.300287e-01
PCG: 2 : 5.319667e-02 / 1.764162e-01
PCG: 0 : 7.130992e-02
PCG: 1 : 2.072591e-02 / 2.906455e-01
PCG: 2 : 6.308077e-03 / 8.846002e-02
PCG: 0 : 6.308075e-03
PCG: 1 : 3.996502e-03 / 6.335533e-01
PCG: 2 : 1.062601e-03 / 1.684510e-01
PCG: 0 : 1.062602e-03
PCG: 1 : 3.236161e-04 / 3.045507e-01
PCG: 2 : 1.002262e-04 / 9.432146e-02
PCG: 0 : 1.002262e-04
PCG: 1 : 6.337275e-05 / 6.322973e-01
PCG: 2 : 1.712642e-05 / 1.708777e-01
PCG: 0 : 1.712643e-05
PCG: 1 : 5.319693e-06 / 3.106132e-01
PCG: 2 : 1.639672e-06 / 9.573933e-02
PCG: 0 : 1.639672e-06
PCG: 1 : 1.040392e-06 / 6.345124e-01
PCG: 2 : 2.819292e-07 / 1.719424e-01

PCG ( VCycle ( S: Scale / C: Scale )  )

Complete solver TOE: 0.013724
0.176185 GFlop/s [0.176185 GFlops/s]

Total time: 0.013724s
Accumulated op time: 0.004998

Reductions: 29.2772%
Blas-1: 3.53396%
Blas-2: 3.60682%
Precon Kernels: 0%
MPI Execution: 0%
MPI Wait: 0%
Not covered: 63.582%

Domain size: 0.19989 MByte
LA size: 0.5047 MByte
MPI size: 0.0113831 MByte

H0-Error: 4.390822e-04
H1-Error: 6.452751e-02

Writing DATA to output.data...
Run-Time: 0:00.060 [0:00.060]
0x31d198e880 Error: MemoryPool<CUDA> still contains memory chunks on deconstructor call
