NUM-PROCS: 1
Preparing domain...
LVL-MIN: 4 [4]
LVL-MAX: 5 [5]
Creating gates...
Assembling system matrices...
Assembling system filters...
Assembling transfer matrices...
Converting assembled linear system from SparseMatrixCSR, Mem:main to SparseMatrixELL, Mem:cudaand to SparseMatrixELL, Mem:cuda...
PCG: 0 : 3.015408e-01
PCG: 1 : 5.013775e-01 / 1.662719e+00
PCG: 2 : 3.742918e-01 / 1.241264e+00
PCG: 3 : 3.594206e-01 / 1.191947e+00
PCG: 0 : 3.501010e-01
PCG: 1 : 1.949956e-01 / 5.569697e-01
PCG: 2 : 1.184365e-01 / 3.382925e-01
PCG: 3 : 7.532432e-02 / 2.151503e-01
PCG: 0 : 7.532433e-02
PCG: 1 : 3.748295e-02 / 4.976208e-01
PCG: 2 : 3.065863e-02 / 4.070216e-01
PCG: 3 : 2.344097e-02 / 3.112004e-01
PCG: 0 : 2.344096e-02
PCG: 1 : 2.341139e-02 / 9.987385e-01
PCG: 2 : 2.291549e-02 / 9.775830e-01
PCG: 3 : 2.589171e-02 / 1.104550e+00
PCG: 0 : 2.589171e-02
PCG: 1 : 1.614870e-02 / 6.237016e-01
PCG: 2 : 1.340515e-02 / 5.177391e-01
PCG: 3 : 9.842839e-03 / 3.801541e-01
PCG: 0 : 9.842839e-03
PCG: 1 : 1.070031e-02 / 1.087116e+00
PCG: 2 : 9.948579e-03 / 1.010743e+00
PCG: 3 : 1.118757e-02 / 1.136620e+00
PCG: 0 : 1.118757e-02
PCG: 1 : 7.007609e-03 / 6.263744e-01
PCG: 2 : 5.832372e-03 / 5.213259e-01
PCG: 3 : 4.271555e-03 / 3.818125e-01
PCG: 0 : 4.271555e-03
PCG: 1 : 4.646068e-03 / 1.087676e+00
PCG: 2 : 4.319259e-03 / 1.011168e+00
PCG: 3 : 4.860604e-03 / 1.137900e+00
PCG: 0 : 4.860604e-03
PCG: 1 : 3.041980e-03 / 6.258441e-01
PCG: 2 : 2.534072e-03 / 5.213492e-01
PCG: 3 : 1.856419e-03 / 3.819317e-01
PCG: 0 : 1.856418e-03
PCG: 1 : 2.018455e-03 / 1.087284e+00
PCG: 2 : 1.874811e-03 / 1.009908e+00
PCG: 3 : 2.112054e-03 / 1.137703e+00
PCG: 0 : 2.112054e-03
PCG: 1 : 1.320716e-03 / 6.253232e-01
PCG: 2 : 1.101056e-03 / 5.213202e-01
PCG: 3 : 8.068306e-04 / 3.820124e-01
PCG: 0 : 8.068306e-04
PCG: 1 : 8.768706e-04 / 1.086809e+00
PCG: 2 : 8.140024e-04 / 1.008889e+00
PCG: 3 : 9.178342e-04 / 1.137580e+00
PCG: 0 : 9.178342e-04
PCG: 1 : 5.735235e-04 / 6.248661e-01
PCG: 2 : 4.784005e-04 / 5.212277e-01
PCG: 3 : 3.506709e-04 / 3.820635e-01
PCG: 0 : 3.506709e-04
PCG: 1 : 3.809479e-04 / 1.086340e+00
PCG: 2 : 3.534926e-04 / 1.008047e+00
PCG: 3 : 3.988792e-04 / 1.137475e+00
PCG: 0 : 3.988791e-04
PCG: 1 : 2.490980e-04 / 6.244950e-01
PCG: 2 : 2.078601e-04 / 5.211104e-01
PCG: 3 : 1.524141e-04 / 3.821060e-01
PCG: 0 : 1.524141e-04
PCG: 1 : 1.655064e-04 / 1.085899e+00
PCG: 2 : 1.535336e-04 / 1.007345e+00
PCG: 3 : 1.733537e-04 / 1.137386e+00
PCG: 0 : 1.733537e-04
PCG: 1 : 1.082074e-04 / 6.241999e-01
PCG: 2 : 9.031332e-05 / 5.209771e-01
PCG: 3 : 6.624749e-05 / 3.821521e-01
PCG: 0 : 6.624749e-05
PCG: 1 : 7.190993e-05 / 1.085474e+00
PCG: 2 : 6.669238e-05 / 1.006716e+00
PCG: 3 : 7.534441e-05 / 1.137317e+00
PCG: 0 : 7.534440e-05
PCG: 1 : 4.701135e-05 / 6.239527e-01
PCG: 2 : 3.924064e-05 / 5.208169e-01
PCG: 3 : 2.879749e-05 / 3.822114e-01
PCG: 0 : 2.879749e-05
PCG: 1 : 3.124602e-05 / 1.085026e+00
PCG: 2 : 2.897207e-05 / 1.006062e+00
PCG: 3 : 3.275056e-05 / 1.137271e+00
PCG: 0 : 3.275056e-05
PCG: 1 : 2.042686e-05 / 6.237103e-01
PCG: 2 : 1.704994e-05 / 5.205998e-01
PCG: 3 : 1.252036e-05 / 3.822944e-01
PCG: 0 : 1.252036e-05
PCG: 1 : 1.357817e-05 / 1.084488e+00
PCG: 2 : 1.258606e-05 / 1.005248e+00
PCG: 3 : 1.423894e-05 / 1.137263e+00
PCG: 0 : 1.423894e-05
PCG: 1 : 8.876688e-06 / 6.234093e-01
PCG: 2 : 7.408108e-06 / 5.202711e-01
PCG: 3 : 5.445214e-06 / 3.824171e-01
PCG: 0 : 5.445213e-06
PCG: 1 : 5.901228e-06 / 1.083746e+00
PCG: 2 : 5.467309e-06 / 1.004058e+00
PCG: 3 : 6.192887e-06 / 1.137308e+00
PCG: 0 : 6.192887e-06
PCG: 1 : 3.857898e-06 / 6.229563e-01
PCG: 2 : 3.218686e-06 / 5.197392e-01
PCG: 3 : 2.369436e-06 / 3.826060e-01
PCG: 0 : 2.369436e-06
PCG: 1 : 2.565193e-06 / 1.082617e+00
PCG: 2 : 2.374562e-06 / 1.002163e+00
PCG: 3 : 2.695091e-06 / 1.137440e+00
PCG: 0 : 2.695091e-06
PCG: 1 : 1.676895e-06 / 6.222035e-01
PCG: 2 : 1.398361e-06 / 5.188548e-01
PCG: 3 : 1.031956e-06 / 3.829022e-01
PCG: 0 : 1.031956e-06
PCG: 1 : 1.115345e-06 / 1.080807e+00
PCG: 2 : 1.030981e-06 / 9.990554e-01
PCG: 3 : 1.174058e-06 / 1.137702e+00
PCG: 0 : 1.174058e-06
PCG: 1 : 7.289966e-07 / 6.209203e-01
PCG: 2 : 6.074437e-07 / 5.173880e-01
PCG: 3 : 4.500936e-07 / 3.833656e-01
PCG: 0 : 4.500936e-07
PCG: 1 : 4.851343e-07 / 1.077852e+00
PCG: 2 : 4.473938e-07 / 9.940017e-01
PCG: 3 : 5.122685e-07 / 1.138138e+00
PCG: 0 : 5.122685e-07
PCG: 1 : 3.169729e-07 / 6.187633e-01
PCG: 2 : 2.638279e-07 / 5.150189e-01
PCG: 3 : 1.967484e-07 / 3.840729e-01
PCG: 0 : 1.967484e-07
PCG: 1 : 2.111266e-07 / 1.073079e+00
PCG: 2 : 1.940112e-07 / 9.860879e-01
PCG: 3 : 2.240473e-07 / 1.138750e+00
PCG: 0 : 2.240473e-07
PCG: 1 : 1.378506e-07 / 6.152745e-01
PCG: 2 : 1.145733e-07 / 5.113799e-01
PCG: 3 : 8.627812e-08 / 3.850889e-01
PCG: 0 : 8.627812e-08
PCG: 1 : 9.194321e-08 / 1.065661e+00
PCG: 2 : 8.407780e-08 / 9.744973e-01
PCG: 3 : 9.830665e-08 / 1.139416e+00
PCG: 0 : 9.830665e-08
PCG: 1 : 5.996539e-08 / 6.099831e-01
PCG: 2 : 4.976409e-08 / 5.062128e-01
PCG: 3 : 3.798632e-08 / 3.864064e-01
PCG: 0 : 3.798633e-08
PCG: 1 : 4.007276e-08 / 1.054926e+00
PCG: 2 : 3.643324e-08 / 9.591147e-01
PCG: 3 : 4.329675e-08 / 1.139798e+00
PCG: 0 : 4.329675e-08
PCG: 1 : 2.609485e-08 / 6.026978e-01
PCG: 2 : 2.163283e-08 / 4.996411e-01
PCG: 3 : 1.679389e-08 / 3.878788e-01
PCG: 0 : 1.679389e-08
PCG: 1 : 1.748287e-08 / 1.041026e+00
PCG: 2 : 1.580598e-08 / 9.411743e-01
PCG: 3 : 1.913559e-08 / 1.139437e+00
PCG: 0 : 1.913559e-08
PCG: 1 : 1.136475e-08 / 5.939063e-01
PCG: 2 : 9.421579e-09 / 4.923591e-01
PCG: 3 : 7.448331e-09 / 3.892398e-01
PCG: 0 : 7.448331e-09
PCG: 1 : 7.638252e-09 / 1.025499e+00
PCG: 2 : 6.876019e-09 / 9.231625e-01
PCG: 3 : 8.477035e-09 / 1.138112e+00
PCG: 0 : 8.477035e-09
PCG: 1 : 4.957788e-09 / 5.848492e-01
PCG: 2 : 4.115008e-09 / 4.854301e-01
PCG: 3 : 3.308261e-09 / 3.902616e-01
PCG: 0 : 3.308261e-09
PCG: 1 : 3.344040e-09 / 1.010815e+00
PCG: 2 : 3.002628e-09 / 9.076152e-01
PCG: 3 : 3.758653e-09 / 1.136141e+00

PCG ( VCycle ( S: Scale / C: Scale )  )

Complete solver TOE: 0.359558
0.0477826 GFlop/s [0.0477826 GFlops/s]

Total time: 0.359558s
Accumulated op time: 0.176961

Reductions: 28.3776%
Blas-1: 11.9847%
Blas-2: 8.85393%
Precon Kernels: 0%
MPI Execution: 0%
MPI Wait: 0%
Not covered: 50.7837%

Domain size: 0.10437 MByte
LA size: 0.310749 MByte
MPI size: 0.0105286 MByte

H0-Error: 4.391249e-04
H1-Error: 6.452751e-02

Writing DATA to output.data...
Run-Time: 0:00.402 [0:00.402]
0xb32fa9f8 Error: MemoryPool<CUDA> still contains memory chunks on deconstructor call
