NUM-PROCS: 1
Preparing domain...
LVL-MIN: 2 [2]
LVL-MAX: 4 [4]
Creating gates...
Assembling system matrices...
Assembling system filters...
Assembling transfer matrices...
Converting assembled linear system from SparseMatrixCSR, Mem:main to SparseMatrixELL, Mem:cudaand to SparseMatrixELL, Mem:cuda...
PCG:  0 : 5.972902e-01
PCG:  1 : 2.426059e-01 / 4.061775e-01
PCG:  2 : 8.132801e-02 / 1.361616e-01
PCG:  3 : 7.754778e-03 / 1.298327e-02
PCG:  4 : 4.254425e-04 / 7.122878e-04
PCG:  5 : 1.020472e-05 / 1.708502e-05
PCG:  6 : 1.287431e-06 / 2.155452e-06
PCG:  7 : 9.484640e-08 / 1.587945e-07
PCG:  8 : 8.095022e-09 / 1.355291e-08
PCG:  0 : 1.332009e-01
PCG:  1 : 3.672001e-02 / 2.756739e-01
PCG:  2 : 1.919077e-02 / 1.440739e-01
PCG:  3 : 1.556652e-03 / 1.168650e-02
PCG:  4 : 6.580963e-05 / 4.940630e-04
PCG:  5 : 5.199794e-06 / 3.903724e-05
PCG:  6 : 4.422115e-07 / 3.319884e-06
PCG:  7 : 6.181941e-08 / 4.641066e-07
PCG:  8 : 4.671864e-09 / 3.507383e-08

PCG ( VCycle ( S: Scale / C: Scale )  )

Complete solver TOE: 0.096259
0.00632395 GFlop/s [0.00632395 GFlops/s]

Total time: 0.096259s
Accumulated op time: 0.026618

Reductions: 12.0643%
Blas-1: 8.38779%
Blas-2: 7.20037%
Precon Kernels: 0%
MPI Execution: 0%
MPI Wait: 0%
Not covered: 72.3475%

Domain size: 0.0296631 MByte
LA size: 0.0932426 MByte
MPI size: 0.0030365 MByte

H0-Error: 1.753315e-03
H1-Error: 1.289155e-01

Writing DATA to output.data...
Run-Time: 0:00.150 [0:00.150]
0xb333b9f8 Error: MemoryPool<CUDA> still contains memory chunks on deconstructor call
