NUM-PROCS: 1
Preparing domain...
LVL-MIN: 2 [2]
LVL-MAX: 7 [7]
Creating gates...
Assembling system matrices...
Assembling system filters...
Assembling transfer matrices...
Converting assembled linear system from SparseMatrixCSR, Mem:main to SparseMatrixELL, Mem:cudaand to SparseMatrixELL, Mem:cuda...
PCG: 0 : 7.572471e-02
PCG: 1 : 3.593043e-02 / 4.744876e-01
PCG: 2 : 1.826598e-02 / 2.412156e-01
PCG: 3 : 4.764263e-03 / 6.291557e-02
PCG: 4 : 5.501914e-04 / 7.265679e-03
PCG: 5 : 5.267588e-05 / 6.956235e-04
PCG: 6 : 7.882220e-06 / 1.040905e-04
PCG: 7 : 8.623834e-07 / 1.138840e-05
PCG: 0 : 4.379668e-03
PCG: 1 : 5.437767e-04 / 1.241593e-01
PCG: 2 : 4.930593e-04 / 1.125791e-01
PCG: 3 : 3.376336e-05 / 7.709113e-03
PCG: 4 : 4.539917e-06 / 1.036589e-03
PCG: 5 : 4.783874e-07 / 1.092291e-04
PCG: 6 : 4.616660e-08 / 1.054112e-05
PCG: 7 : 7.674909e-09 / 1.752395e-06
PCG: 0 : 1.217061e-08
PCG: 1 : 2.557963e-09 / 2.101755e-01
PCG: 2 : 1.470348e-09 / 1.208114e-01
PCG: 3 : 3.232821e-10 / 2.656253e-02
PCG: 4 : 4.245458e-11 / 3.488288e-03
PCG: 5 : 5.247297e-12 / 4.311451e-04
PCG: 6 : 6.721747e-13 / 5.522935e-05
PCG: 7 : 1.202179e-13 / 9.877726e-06

PCG ( VCycle ( S: Scale / C: Scale )  )

Complete solver TOE: 0.043686
1.172 GFlop/s [1.172 GFlops/s]

Total time: 0.043686s
Accumulated op time: 0.011331

Reductions: 21.2036%
Blas-1: 2.30738%
Blas-2: 2.42641%
Precon Kernels: 0%
MPI Execution: 0%
MPI Wait: 0%
Not covered: 74.0626%

Domain size: 3.05356 MByte
LA size: 7.66023 MByte
MPI size: 0.170609 MByte

H0-Error: 2.746078e-05
H1-Error: 1.613732e-02

Writing DATA to output.data...
Run-Time: 0:00.142 [0:00.142]
0x31d198e880 Error: MemoryPool<CUDA> still contains memory chunks on deconstructor call
