NUM-PROCS: 1
Preparing domain...
LVL-MIN: 4 [4]
LVL-MAX: 10 [10]
Creating gates...
Assembling system matrices...
Assembling system filters...
Assembling transfer matrices...
Converting assembled linear system from SparseMatrixCSR, Mem:main to SparseMatrixCSR, Mem:mainand to SparseMatrixCSR, Mem:main...
PCG: 0 : 9.473041e-03
PCG: 1 : 1.921725e-02 / 2.028625e+00
PCG: 2 : 2.717150e-02 / 2.868297e+00
PCG: 3 : 6.673758e-02 / 7.045002e+00
PCG: 4 : 8.076163e-02 / 8.525417e+00
PCG: 0 : 8.076676e-02
PCG: 1 : 5.037320e-02 / 6.236873e-01
PCG: 2 : 2.834594e-02 / 3.509605e-01
PCG: 3 : 1.434228e-02 / 1.775766e-01
PCG: 4 : 1.039729e-02 / 1.287323e-01
PCG: 0 : 1.039729e-02
PCG: 1 : 6.055403e-03 / 5.824021e-01
PCG: 2 : 5.719225e-03 / 5.500689e-01
PCG: 3 : 3.500699e-03 / 3.366934e-01
PCG: 4 : 3.071103e-03 / 2.953753e-01
PCG: 0 : 3.071102e-03
PCG: 1 : 2.025974e-03 / 6.596898e-01
PCG: 2 : 2.727781e-03 / 8.882093e-01
PCG: 3 : 2.701674e-03 / 8.797083e-01
PCG: 4 : 1.972251e-03 / 6.421965e-01
PCG: 0 : 1.972249e-03
PCG: 1 : 1.494491e-03 / 7.577596e-01
PCG: 2 : 1.479276e-03 / 7.500450e-01
PCG: 3 : 6.769354e-04 / 3.432302e-01
PCG: 4 : 5.647077e-04 / 2.863267e-01
PCG: 0 : 5.647079e-04
PCG: 1 : 4.547425e-04 / 8.052704e-01
PCG: 2 : 7.205860e-04 / 1.276033e+00
PCG: 3 : 5.662520e-04 / 1.002734e+00
PCG: 4 : 4.160799e-04 / 7.368057e-01
PCG: 0 : 4.160800e-04
PCG: 1 : 3.658808e-04 / 8.793519e-01
PCG: 2 : 3.657441e-04 / 8.790234e-01
PCG: 3 : 1.399043e-04 / 3.362437e-01
PCG: 4 : 1.254385e-04 / 3.014769e-01
PCG: 0 : 1.254386e-04
PCG: 1 : 1.066258e-04 / 8.500245e-01
PCG: 2 : 1.796727e-04 / 1.432356e+00
PCG: 3 : 1.240544e-04 / 9.889652e-01
PCG: 4 : 9.857785e-05 / 7.858657e-01
PCG: 0 : 9.857792e-05
PCG: 1 : 8.818152e-05 / 8.945363e-01
PCG: 2 : 8.763651e-05 / 8.890075e-01
PCG: 3 : 3.226589e-05 / 3.273135e-01
PCG: 4 : 2.953801e-05 / 2.996412e-01
PCG: 0 : 2.953801e-05
PCG: 1 : 2.506431e-05 / 8.485442e-01
PCG: 2 : 4.277873e-05 / 1.448260e+00
PCG: 3 : 2.959591e-05 / 1.001960e+00
PCG: 4 : 2.393822e-05 / 8.104208e-01
PCG: 0 : 2.393822e-05
PCG: 1 : 2.103923e-05 / 8.788968e-01
PCG: 2 : 2.077550e-05 / 8.678796e-01
PCG: 3 : 7.747357e-06 / 3.236396e-01
PCG: 4 : 7.076633e-06 / 2.956207e-01
PCG: 0 : 7.076636e-06
PCG: 1 : 5.917544e-06 / 8.362086e-01
PCG: 2 : 1.008027e-05 / 1.424444e+00
PCG: 3 : 7.192064e-06 / 1.016311e+00
PCG: 4 : 5.857133e-06 / 8.276718e-01
PCG: 0 : 5.857131e-06
PCG: 1 : 5.016081e-06 / 8.564057e-01
PCG: 2 : 4.911042e-06 / 8.384722e-01
PCG: 3 : 1.878806e-06 / 3.207723e-01
PCG: 4 : 1.712248e-06 / 2.923356e-01
PCG: 0 : 1.712249e-06
PCG: 1 : 1.402388e-06 / 8.190329e-01
PCG: 2 : 2.368184e-06 / 1.383084e+00
PCG: 3 : 1.754705e-06 / 1.024796e+00
PCG: 4 : 1.441556e-06 / 8.419080e-01
PCG: 0 : 1.441556e-06
PCG: 1 : 1.196623e-06 / 8.300912e-01
PCG: 2 : 1.158115e-06 / 8.033783e-01
PCG: 3 : 4.581239e-07 / 3.177983e-01
PCG: 4 : 4.182655e-07 / 2.901487e-01
PCG: 0 : 4.182655e-07
PCG: 1 : 3.338525e-07 / 7.981832e-01
PCG: 2 : 5.555841e-07 / 1.328305e+00
PCG: 3 : 4.288565e-07 / 1.025321e+00
PCG: 4 : 3.568840e-07 / 8.532476e-01
PCG: 0 : 3.568841e-07
PCG: 1 : 2.860747e-07 / 8.015900e-01
PCG: 2 : 2.726403e-07 / 7.639463e-01
PCG: 3 : 1.121202e-07 / 3.141642e-01
PCG: 4 : 1.030581e-07 / 2.887718e-01
PCG: 0 : 1.030581e-07
PCG: 1 : 7.985901e-08 / 7.748930e-01
PCG: 2 : 1.303315e-07 / 1.264641e+00
PCG: 3 : 1.048147e-07 / 1.017045e+00
PCG: 4 : 8.879358e-08 / 8.615876e-01
PCG: 0 : 8.879355e-08
PCG: 1 : 6.861535e-08 / 7.727515e-01
PCG: 2 : 6.415124e-08 / 7.224763e-01
PCG: 3 : 2.748773e-08 / 3.095691e-01
PCG: 4 : 2.557673e-08 / 2.880472e-01
PCG: 0 : 2.557674e-08
PCG: 1 : 1.921265e-08 / 7.511765e-01
PCG: 2 : 3.063296e-08 / 1.197688e+00
PCG: 3 : 2.559448e-08 / 1.000693e+00
PCG: 4 : 2.218017e-08 / 8.672006e-01
PCG: 0 : 2.218017e-08
PCG: 1 : 1.653171e-08 / 7.453378e-01
PCG: 2 : 1.511058e-08 / 6.812655e-01
PCG: 3 : 6.737597e-09 / 3.037668e-01
PCG: 4 : 6.374837e-09 / 2.874116e-01
PCG: 0 : 6.374835e-09
PCG: 1 : 4.647186e-09 / 7.289892e-01
PCG: 2 : 7.225270e-09 / 1.133405e+00
PCG: 3 : 6.241004e-09 / 9.790064e-01
PCG: 4 : 5.553209e-09 / 8.711142e-01

PCG ( VCycle ( S: Scale / C: Scale )  )

Complete solver TOE: 37.0647
0.0333844 GFlop/s [0.0333844 GFlops/s]

Total time: 37.0647s
Accumulated op time: 36.032

Reductions: 1.67549%
Blas-1: 5.16994%
Blas-2: 90.3684%
Precon Kernels: 0%
MPI Execution: 0%
MPI Wait: 0%
Not covered: 2.7862%

Domain size: 106.94 MByte
LA size: 356.502 MByte
MPI size: 10.6971 MByte

H0-Error: 4.315959e-07
H1-Error: 2.017209e-03

Writing DATA to output.data...
Run-Time: 0:46.880 [0:46.880]
0xb33609f8 Error: MemoryPool<CPU> still contains memory chunks on deconstructor call
