NUM-PROCS: 1
Preparing domain...
LVL-MIN: 4 [4]
LVL-MAX: 10 [10]
Creating gates...
Assembling system matrices...
Assembling system filters...
Assembling transfer matrices...
Converting assembled linear system from SparseMatrixCSR, Mem:main to SparseMatrixELL, Mem:cudaand to SparseMatrixELL, Mem:cuda...
PCG:  0 : 9.473710e-03
PCG:  1 : 1.921966e-02 / 2.028736e+00
PCG:  2 : 2.717674e-02 / 2.868648e+00
PCG:  3 : 6.676051e-02 / 7.046923e+00
PCG:  4 : 8.080562e-02 / 8.529459e+00
PCG:  5 : 4.831687e-02 / 5.100101e+00
PCG:  6 : 2.380595e-02 / 2.512843e+00
PCG:  7 : 3.978522e-03 / 4.199540e-01
PCG:  8 : 1.063552e-03 / 1.122635e-01
PCG:  9 : 9.354464e-04 / 9.874129e-02
PCG: 10 : 3.652446e-04 / 3.855349e-02
PCG: 11 : 4.136533e-05 / 4.366328e-03
PCG: 12 : 1.758494e-05 / 1.856183e-03
PCG: 13 : 5.406231e-06 / 5.706561e-04
PCG: 14 : 1.039666e-06 / 1.097422e-04
PCG: 15 : 2.565144e-07 / 2.707644e-05
PCG:  0 : 2.242167e-04
PCG:  1 : 3.118170e-04 / 1.390695e+00
PCG:  2 : 6.710085e-04 / 2.992679e+00
PCG:  3 : 1.370363e-04 / 6.111778e-01
PCG:  4 : 1.482691e-04 / 6.612762e-01
PCG:  5 : 5.024942e-05 / 2.241110e-01
PCG:  6 : 5.162052e-05 / 2.302260e-01
PCG:  7 : 1.816374e-05 / 8.100975e-02
PCG:  8 : 7.913824e-06 / 3.529543e-02
PCG:  9 : 2.632483e-06 / 1.174080e-02
PCG: 10 : 1.624485e-06 / 7.245156e-03
PCG: 11 : 8.165875e-07 / 3.641957e-03
PCG: 12 : 6.397213e-07 / 2.853139e-03
PCG: 13 : 4.778121e-07 / 2.131028e-03
PCG: 14 : 3.880568e-07 / 1.730722e-03
PCG: 15 : 1.535317e-07 / 6.847470e-04
PCG:  0 : 1.742565e-07
PCG:  1 : 1.550989e-07 / 8.900611e-01
PCG:  2 : 1.865625e-07 / 1.070620e+00
PCG:  3 : 1.416953e-07 / 8.131423e-01
PCG:  4 : 1.126058e-07 / 6.462073e-01
PCG:  5 : 8.557251e-08 / 4.910722e-01
PCG:  6 : 3.116563e-08 / 1.788492e-01
PCG:  7 : 1.517604e-08 / 8.709023e-02
PCG:  8 : 1.013312e-08 / 5.815062e-02
PCG:  9 : 9.278390e-09 / 5.324560e-02
PCG: 10 : 5.362602e-09 / 3.077419e-02
PCG: 11 : 2.987763e-09 / 1.714578e-02
PCG: 12 : 1.971259e-09 / 1.131240e-02
PCG: 13 : 1.069937e-09 / 6.140013e-03
PCG: 14 : 7.138899e-10 / 4.096777e-03
PCG: 15 : 4.355570e-10 / 2.499517e-03

PCG ( VCycle ( S: Scale / C: Scale )  )

Complete solver TOE: 0.412555
16.4751 GFlop/s [16.4751 GFlops/s]

Total time: 0.412555s
Accumulated op time: 0.180849

Reductions: 42.5854%
Blas-1: 0.623432%
Blas-2: 0.627553%
Precon Kernels: 0%
MPI Execution: 0%
MPI Wait: 0%
Not covered: 56.1637%

Domain size: 192.423 MByte
LA size: 483.361 MByte
MPI size: 10.6972 MByte

H0-Error: 4.291638e-07
H1-Error: 2.017209e-03

Writing DATA to output.data...
Run-Time: 0:03.151 [0:03.151]
0x31d198e880 Error: MemoryPool<CUDA> still contains memory chunks on deconstructor call
