NUM-PROCS: 1
Preparing domain...
LVL-MIN: 3 [3]
LVL-MAX: 11 [11]
Creating gates...
Assembling system matrices...
Assembling system filters...
Assembling transfer matrices...
Converting assembled linear system from SparseMatrixCSR, Mem:main to SparseMatrixCSR, Mem:mainand to SparseMatrixCSR, Mem:main...
PCG:  0 : 4.717541e-03
PCG:  1 : 5.088399e-03 / 1.078612e+00
PCG:  2 : 6.735180e-03 / 1.427689e+00
PCG:  3 : 5.651245e-03 / 1.197922e+00
PCG:  4 : 1.861318e-03 / 3.945525e-01
PCG:  5 : 1.016340e-03 / 2.154384e-01
PCG:  6 : 1.639427e-03 / 3.475173e-01
PCG:  7 : 4.782187e-04 / 1.013703e-01
PCG:  8 : 6.918925e-05 / 1.466638e-02
PCG:  9 : 1.595361e-05 / 3.381764e-03
PCG: 10 : 7.258661e-06 / 1.538653e-03
PCG:  0 : 2.147055e-04
PCG:  1 : 9.846073e-04 / 4.585851e+00
PCG:  2 : 4.964005e-04 / 2.312007e+00
PCG:  3 : 1.638904e-04 / 7.633268e-01
PCG:  4 : 5.304654e-05 / 2.470666e-01
PCG:  5 : 8.033609e-06 / 3.741688e-02
PCG:  6 : 1.384604e-06 / 6.448853e-03
PCG:  7 : 3.627258e-07 / 1.689411e-03
PCG:  8 : 2.996013e-07 / 1.395406e-03
PCG:  9 : 1.671909e-07 / 7.786989e-04
PCG: 10 : 6.912691e-08 / 3.219616e-04
PCG:  0 : 6.225923e-07
PCG:  1 : 3.635860e-06 / 5.839873e+00
PCG:  2 : 7.409225e-07 / 1.190060e+00
PCG:  3 : 1.716689e-07 / 2.757324e-01
PCG:  4 : 4.061489e-08 / 6.523512e-02
PCG:  5 : 1.578779e-08 / 2.535816e-02
PCG:  6 : 7.311127e-09 / 1.174304e-02
PCG:  7 : 3.171704e-09 / 5.094352e-03
PCG:  8 : 1.250626e-09 / 2.008739e-03
PCG:  9 : 2.162581e-10 / 3.473510e-04
PCG: 10 : 1.456631e-10 / 2.339622e-04

PCG ( VCycle ( S: Scale / C: Scale )  )

Complete solver TOE: 8.86145
2.06765 GFlop/s [2.06765 GFlops/s]

Total time: 8.86145s
Accumulated op time: 8.58564

Reductions: 5.88746%
Blas-1: 6.60716%
Blas-2: 84.3929%
Precon Kernels: 0%
MPI Execution: 0%
MPI Wait: 0%
Not covered: 3.11252%

Domain size: 768.871 MByte
LA size: 1932.14 MByte
MPI size: 42.7291 MByte

H0-Error: 1.134063e-07
H1-Error: 1.008605e-03

Writing DATA to output.data...
Run-Time: 0:18.009 [0:18.009]
0x31d198e880 Error: MemoryPool<CPU> still contains memory chunks on deconstructor call
