NUM-PROCS: 1
Preparing domain...
LVL-MIN: 4 [4]
LVL-MAX: 10 [10]
Creating gates...
Assembling system matrices...
Assembling system filters...
Assembling transfer matrices...
Converting assembled linear system from SparseMatrixCSR, Mem:main to SparseMatrixCSR, Mem:mainand to SparseMatrixCSR, Mem:main...
PCG: 0 : 9.473041e-03
PCG: 1 : 1.921725e-02 / 2.028625e+00
PCG: 2 : 2.717150e-02 / 2.868297e+00
PCG: 3 : 6.673758e-02 / 7.045002e+00
PCG: 4 : 8.076163e-02 / 8.525417e+00
PCG: 5 : 4.828255e-02 / 5.096838e+00
PCG: 6 : 2.379043e-02 / 2.511383e+00
PCG: 0 : 2.379090e-02
PCG: 1 : 8.292420e-03 / 3.485542e-01
PCG: 2 : 1.920535e-03 / 8.072561e-02
PCG: 3 : 5.031520e-04 / 2.114892e-02
PCG: 4 : 2.390371e-04 / 1.004741e-02
PCG: 5 : 2.509379e-04 / 1.054764e-02
PCG: 6 : 3.096994e-04 / 1.301755e-02
PCG: 0 : 3.096995e-04
PCG: 1 : 2.299358e-04 / 7.424480e-01
PCG: 2 : 3.534198e-04 / 1.141170e+00
PCG: 3 : 3.030822e-04 / 9.786332e-01
PCG: 4 : 2.668233e-04 / 8.615556e-01
PCG: 5 : 1.078190e-04 / 3.481409e-01
PCG: 6 : 5.007200e-05 / 1.616793e-01
PCG: 0 : 5.007199e-05
PCG: 1 : 4.095464e-05 / 8.179153e-01
PCG: 2 : 1.687982e-05 / 3.371111e-01
PCG: 3 : 7.910295e-06 / 1.579784e-01
PCG: 4 : 3.344562e-06 / 6.679508e-02
PCG: 5 : 2.371508e-06 / 4.736198e-02
PCG: 6 : 1.719949e-06 / 3.434952e-02
PCG: 0 : 1.719950e-06
PCG: 1 : 2.114965e-06 / 1.229666e+00
PCG: 2 : 2.506709e-06 / 1.457431e+00
PCG: 3 : 1.490237e-06 / 8.664421e-01
PCG: 4 : 1.053840e-06 / 6.127152e-01
PCG: 5 : 6.591908e-07 / 3.832615e-01
PCG: 6 : 4.010048e-07 / 2.331491e-01
PCG: 0 : 4.010053e-07
PCG: 1 : 2.823855e-07 / 7.041939e-01
PCG: 2 : 1.419678e-07 / 3.540298e-01
PCG: 3 : 7.251116e-08 / 1.808234e-01
PCG: 4 : 4.355694e-08 / 1.086194e-01
PCG: 5 : 2.651987e-08 / 6.613346e-02
PCG: 6 : 2.771404e-08 / 6.911141e-02
PCG: 0 : 2.771405e-08
PCG: 1 : 1.906329e-08 / 6.878567e-01
PCG: 2 : 2.001486e-08 / 7.221919e-01
PCG: 3 : 1.303231e-08 / 4.702421e-01
PCG: 4 : 1.089928e-08 / 3.932762e-01
PCG: 5 : 9.321152e-09 / 3.363331e-01
PCG: 6 : 9.591284e-09 / 3.460802e-01
PCG: 0 : 9.591287e-09
PCG: 1 : 5.274166e-09 / 5.498914e-01
PCG: 2 : 3.835012e-09 / 3.998433e-01
PCG: 3 : 2.956626e-09 / 3.082617e-01
PCG: 4 : 2.565582e-09 / 2.674909e-01
PCG: 5 : 1.594782e-09 / 1.662740e-01
PCG: 6 : 1.575752e-09 / 1.642900e-01

PCG ( VCycle ( S: Scale / C: Scale )  )

Complete solver TOE: 19.4401
0.164708 GFlop/s [0.164708 GFlops/s]

Total time: 19.4401s
Accumulated op time: 18.9306

Reductions: 1.65401%
Blas-1: 5.17669%
Blas-2: 90.5487%
Precon Kernels: 0%
MPI Execution: 0%
MPI Wait: 0%
Not covered: 2.62062%

Domain size: 106.94 MByte
LA size: 356.502 MByte
MPI size: 10.6971 MByte

H0-Error: 4.298590e-07
H1-Error: 2.017209e-03

Writing DATA to output.data...
Run-Time: 0:29.259 [0:29.259]
0xb33629f8 Error: MemoryPool<CPU> still contains memory chunks on deconstructor call
