NUM-PROCS: 1
Preparing domain...
LVL-MIN: 5 [5]
LVL-MAX: 8 [8]
Creating gates...
Assembling system matrices...
Assembling system filters...
Assembling transfer matrices...
Converting assembled linear system from SparseMatrixCSR, Mem:main to SparseMatrixELL, Mem:cudaand to SparseMatrixELL, Mem:cuda...
PCG: 0 : 3.788187e-02
PCG: 1 : 1.531280e-01 / 4.042251e+00
PCG: 2 : 1.362876e-01 / 3.597700e+00
PCG: 3 : 2.921191e-01 / 7.711317e+00
PCG: 0 : 2.918678e-01
PCG: 1 : 2.131368e-01 / 7.302514e-01
PCG: 2 : 1.448682e-01 / 4.963489e-01
PCG: 3 : 1.743824e-01 / 5.974706e-01
PCG: 0 : 1.743824e-01
PCG: 1 : 9.310695e-02 / 5.339240e-01
PCG: 2 : 8.063805e-02 / 4.624208e-01
PCG: 3 : 6.854375e-02 / 3.930657e-01
PCG: 0 : 6.854374e-02
PCG: 1 : 5.540633e-02 / 8.083354e-01
PCG: 2 : 5.606804e-02 / 8.179892e-01
PCG: 3 : 9.397391e-02 / 1.371006e+00
PCG: 0 : 9.397390e-02
PCG: 1 : 4.870071e-02 / 5.182365e-01
PCG: 2 : 4.138677e-02 / 4.404070e-01
PCG: 3 : 4.192115e-02 / 4.460935e-01
PCG: 0 : 4.192115e-02
PCG: 1 : 3.462495e-02 / 8.259543e-01
PCG: 2 : 3.865757e-02 / 9.221496e-01
PCG: 3 : 7.099414e-02 / 1.693516e+00
PCG: 0 : 7.099413e-02
PCG: 1 : 3.706123e-02 / 5.220323e-01
PCG: 2 : 3.155245e-02 / 4.444374e-01
PCG: 3 : 3.188165e-02 / 4.490744e-01
PCG: 0 : 3.188165e-02
PCG: 1 : 2.648093e-02 / 8.306011e-01
PCG: 2 : 3.040626e-02 / 9.537230e-01
PCG: 3 : 5.576327e-02 / 1.749071e+00
PCG: 0 : 5.576327e-02
PCG: 1 : 2.934657e-02 / 5.262706e-01
PCG: 2 : 2.507426e-02 / 4.496554e-01
PCG: 3 : 2.495402e-02 / 4.474992e-01
PCG: 0 : 2.495402e-02
PCG: 1 : 2.085590e-02 / 8.357733e-01
PCG: 2 : 2.417697e-02 / 9.688607e-01
PCG: 3 : 4.362782e-02 / 1.748329e+00
PCG: 0 : 4.362782e-02
PCG: 1 : 2.321742e-02 / 5.321699e-01
PCG: 2 : 1.998102e-02 / 4.579880e-01
PCG: 3 : 1.977315e-02 / 4.532234e-01
PCG: 0 : 1.977315e-02
PCG: 1 : 1.661144e-02 / 8.401011e-01
PCG: 2 : 1.917953e-02 / 9.699785e-01
PCG: 3 : 3.391730e-02 / 1.715321e+00
PCG: 0 : 3.391730e-02
PCG: 1 : 1.829456e-02 / 5.393872e-01
PCG: 2 : 1.592725e-02 / 4.695907e-01
PCG: 3 : 1.582683e-02 / 4.666299e-01
PCG: 0 : 1.582683e-02
PCG: 1 : 1.335016e-02 / 8.435149e-01
PCG: 2 : 1.516656e-02 / 9.582821e-01
PCG: 3 : 2.622517e-02 / 1.657008e+00
PCG: 0 : 2.622517e-02
PCG: 1 : 1.435926e-02 / 5.475373e-01
PCG: 2 : 1.271428e-02 / 4.848122e-01
PCG: 3 : 1.277119e-02 / 4.869822e-01
PCG: 0 : 1.277119e-02
PCG: 1 : 1.080951e-02 / 8.463982e-01
PCG: 2 : 1.195663e-02 / 9.362187e-01
PCG: 3 : 2.019662e-02 / 1.581420e+00
PCG: 0 : 2.019662e-02
PCG: 1 : 1.123386e-02 / 5.562245e-01
PCG: 2 : 1.016964e-02 / 5.035316e-01
PCG: 3 : 1.035420e-02 / 5.126699e-01
PCG: 0 : 1.035420e-02
PCG: 1 : 8.794543e-03 / 8.493695e-01
PCG: 2 : 9.402024e-03 / 9.080395e-01
PCG: 3 : 1.552252e-02 / 1.499152e+00
PCG: 0 : 1.552252e-02
PCG: 1 : 8.771027e-03 / 5.650516e-01
PCG: 2 : 8.146392e-03 / 5.248110e-01
PCG: 3 : 8.400398e-03 / 5.411748e-01
PCG: 0 : 8.400397e-03
PCG: 1 : 7.164941e-03 / 8.529288e-01
PCG: 2 : 7.381504e-03 / 8.787089e-01
PCG: 3 : 1.193337e-02 / 1.420572e+00
PCG: 0 : 1.193337e-02
PCG: 1 : 6.845823e-03 / 5.736706e-01
PCG: 2 : 6.527925e-03 / 5.470312e-01
PCG: 3 : 6.797452e-03 / 5.696172e-01
PCG: 0 : 6.797452e-03
PCG: 1 : 5.827387e-03 / 8.572899e-01
PCG: 2 : 5.793268e-03 / 8.522705e-01
PCG: 3 : 9.195032e-03 / 1.352717e+00
PCG: 0 : 9.195032e-03
PCG: 1 : 5.350030e-03 / 5.818391e-01
PCG: 2 : 5.226932e-03 / 5.684517e-01
PCG: 3 : 5.476281e-03 / 5.955696e-01
PCG: 0 : 5.476281e-03
PCG: 1 : 4.722862e-03 / 8.624213e-01
PCG: 2 : 4.550451e-03 / 8.309382e-01
PCG: 3 : 7.110047e-03 / 1.298335e+00
PCG: 0 : 7.110046e-03
PCG: 1 : 4.190912e-03 / 5.894353e-01
PCG: 2 : 4.179047e-03 / 5.877665e-01
PCG: 3 : 4.391152e-03 / 6.175983e-01
PCG: 0 : 4.391152e-03
PCG: 1 : 3.812122e-03 / 8.681369e-01
PCG: 2 : 3.579738e-03 / 8.152160e-01
PCG: 3 : 5.519489e-03 / 1.256957e+00
PCG: 0 : 5.519489e-03
PCG: 1 : 3.291882e-03 / 5.964108e-01
PCG: 2 : 3.335542e-03 / 6.043208e-01
PCG: 3 : 3.506432e-03 / 6.352820e-01
PCG: 0 : 3.506432e-03
PCG: 1 : 3.065268e-03 / 8.741844e-01
PCG: 2 : 2.821093e-03 / 8.045481e-01
PCG: 3 : 4.300890e-03 / 1.226572e+00
PCG: 0 : 4.300890e-03
PCG: 1 : 2.592326e-03 / 6.027418e-01
PCG: 2 : 2.657951e-03 / 6.180003e-01
PCG: 3 : 2.790811e-03 / 6.488914e-01
PCG: 0 : 2.790811e-03
PCG: 1 : 2.456751e-03 / 8.803003e-01
PCG: 2 : 2.226911e-03 / 7.979442e-01
PCG: 3 : 3.362396e-03 / 1.204810e+00
PCG: 0 : 3.362396e-03
PCG: 1 : 2.045739e-03 / 6.084172e-01
PCG: 2 : 2.115005e-03 / 6.290173e-01
PCG: 3 : 2.215955e-03 / 6.590405e-01
PCG: 0 : 2.215955e-03
PCG: 1 : 1.963863e-03 / 8.862380e-01
PCG: 2 : 1.760267e-03 / 7.943606e-01
PCG: 3 : 2.635900e-03 / 1.189510e+00
PCG: 0 : 2.635900e-03
PCG: 1 : 1.616947e-03 / 6.134326e-01
PCG: 2 : 1.680985e-03 / 6.377271e-01
PCG: 3 : 1.756638e-03 / 6.664281e-01
PCG: 0 : 1.756638e-03
PCG: 1 : 1.566570e-03 / 8.918000e-01
PCG: 2 : 1.392814e-03 / 7.928860e-01
PCG: 3 : 2.070952e-03 / 1.178929e+00
PCG: 0 : 2.070952e-03
PCG: 1 : 1.279415e-03 / 6.177909e-01
PCG: 2 : 1.334761e-03 / 6.445158e-01
PCG: 3 : 1.391048e-03 / 6.716951e-01
PCG: 0 : 1.391048e-03
PCG: 1 : 1.247569e-03 / 8.968555e-01
PCG: 2 : 1.102822e-03 / 7.927993e-01
PCG: 3 : 1.629946e-03 / 1.171739e+00
PCG: 0 : 1.629946e-03
PCG: 1 : 1.013031e-03 / 6.215124e-01
PCG: 2 : 1.059043e-03 / 6.497414e-01
PCG: 3 : 1.100828e-03 / 6.753772e-01
PCG: 0 : 1.100828e-03
PCG: 1 : 9.922055e-04 / 9.013264e-01
PCG: 2 : 8.735752e-04 / 7.935618e-01
PCG: 3 : 1.284612e-03 / 1.166950e+00
PCG: 0 : 1.284612e-03
PCG: 1 : 8.024136e-04 / 6.246350e-01
PCG: 2 : 8.397722e-04 / 6.537166e-01
PCG: 3 : 8.708342e-04 / 6.778966e-01
PCG: 0 : 8.708342e-04
PCG: 1 : 7.882707e-04 / 9.051903e-01
PCG: 2 : 6.921313e-04 / 7.947912e-01
PCG: 3 : 1.013523e-03 / 1.163853e+00
PCG: 0 : 1.013523e-03
PCG: 1 : 6.356867e-04 / 6.272050e-01
PCG: 2 : 6.655821e-04 / 6.567015e-01
PCG: 3 : 6.887629e-04 / 6.795730e-01
PCG: 0 : 6.887629e-04
PCG: 1 : 6.257143e-04 / 9.084611e-01
PCG: 2 : 5.484126e-04 / 7.962284e-01
PCG: 3 : 8.002985e-04 / 1.161936e+00
PCG: 0 : 8.002985e-04
PCG: 1 : 5.036120e-04 / 6.292802e-01
PCG: 2 : 5.273213e-04 / 6.589058e-01
PCG: 3 : 5.447172e-04 / 6.806426e-01
PCG: 0 : 5.447172e-04
PCG: 1 : 4.963345e-04 / 9.111782e-01
PCG: 2 : 4.345236e-04 / 7.977049e-01
PCG: 3 : 6.323250e-04 / 1.160832e+00
PCG: 0 : 6.323250e-04
PCG: 1 : 3.989484e-04 / 6.309231e-01
PCG: 2 : 4.176514e-04 / 6.605012e-01
PCG: 3 : 4.307945e-04 / 6.812866e-01
PCG: 0 : 4.307945e-04
PCG: 1 : 3.934837e-04 / 9.133907e-01
PCG: 2 : 3.442540e-04 / 7.991142e-01
PCG: 3 : 4.998433e-04 / 1.160282e+00
PCG: 0 : 4.998433e-04
PCG: 1 : 3.159972e-04 / 6.321926e-01
PCG: 2 : 3.307073e-04 / 6.616221e-01
PCG: 3 : 3.407075e-04 / 6.816287e-01
PCG: 0 : 3.407075e-04
PCG: 1 : 3.118024e-04 / 9.151616e-01
PCG: 2 : 2.727024e-04 / 8.004003e-01
PCG: 3 : 3.952588e-04 / 1.160112e+00
PCG: 0 : 3.952588e-04
PCG: 1 : 2.502564e-04 / 6.331456e-01
PCG: 2 : 2.618083e-04 / 6.623719e-01
PCG: 3 : 2.694706e-04 / 6.817575e-01
PCG: 0 : 2.694706e-04
PCG: 1 : 2.469837e-04 / 9.165516e-01
PCG: 2 : 2.159907e-04 / 8.015370e-01
PCG: 3 : 3.126380e-04 / 1.160193e+00
PCG: 0 : 3.126380e-04
PCG: 1 : 1.981612e-04 / 6.338361e-01
PCG: 2 : 2.072279e-04 / 6.628364e-01
PCG: 3 : 2.131394e-04 / 6.817451e-01
PCG: 0 : 2.131394e-04
PCG: 1 : 1.955797e-04 / 9.176141e-01
PCG: 2 : 1.710469e-04 / 8.025116e-01
PCG: 3 : 2.473353e-04 / 1.160439e+00
PCG: 0 : 2.473353e-04
PCG: 1 : 1.568864e-04 / 6.343066e-01
PCG: 2 : 1.640024e-04 / 6.630771e-01
PCG: 3 : 1.685913e-04 / 6.816307e-01
PCG: 0 : 1.685913e-04
PCG: 1 : 1.548351e-04 / 9.184047e-01
PCG: 2 : 1.354347e-04 / 8.033317e-01
PCG: 3 : 1.956998e-04 / 1.160794e+00
PCG: 0 : 1.956998e-04
PCG: 1 : 1.241906e-04 / 6.345972e-01
PCG: 2 : 1.297773e-04 / 6.631448e-01
PCG: 3 : 1.333599e-04 / 6.814513e-01
PCG: 0 : 1.333599e-04
PCG: 1 : 1.225531e-04 / 9.189651e-01
PCG: 2 : 1.072218e-04 / 8.040031e-01
PCG: 3 : 1.548591e-04 / 1.161212e+00
PCG: 0 : 1.548591e-04
PCG: 1 : 9.829557e-05 / 6.347420e-01
PCG: 2 : 1.026838e-04 / 6.630790e-01
PCG: 3 : 1.054950e-04 / 6.812325e-01
PCG: 0 : 1.054950e-04
PCG: 1 : 9.698500e-05 / 9.193323e-01
PCG: 2 : 8.487468e-05 / 8.045371e-01
PCG: 3 : 1.225498e-04 / 1.161664e+00
PCG: 0 : 1.225498e-04
PCG: 1 : 7.779057e-05 / 6.347671e-01
PCG: 2 : 8.123934e-05 / 6.629089e-01
PCG: 3 : 8.345505e-05 / 6.809890e-01
PCG: 0 : 8.345505e-05
PCG: 1 : 7.674027e-05 / 9.195401e-01
PCG: 2 : 6.717697e-05 / 8.049480e-01
PCG: 3 : 9.698624e-05 / 1.162138e+00
PCG: 0 : 9.698624e-05
PCG: 1 : 6.155637e-05 / 6.346918e-01
PCG: 2 : 6.426840e-05 / 6.626548e-01
PCG: 3 : 6.602122e-05 / 6.807278e-01
PCG: 0 : 6.602122e-05
PCG: 1 : 6.071423e-05 / 9.196168e-01
PCG: 2 : 5.316369e-05 / 8.052515e-01
PCG: 3 : 7.675755e-05 / 1.162619e+00
PCG: 0 : 7.675755e-05
PCG: 1 : 4.870552e-05 / 6.345372e-01
PCG: 2 : 5.083927e-05 / 6.623358e-01
PCG: 3 : 5.223059e-05 / 6.804619e-01
PCG: 0 : 5.223059e-05
PCG: 1 : 4.803024e-05 / 9.195808e-01
PCG: 2 : 4.206933e-05 / 8.054539e-01
PCG: 3 : 6.074935e-05 / 1.163099e+00
PCG: 0 : 6.074935e-05
PCG: 1 : 3.853410e-05 / 6.343130e-01
PCG: 2 : 4.021392e-05 / 6.619647e-01
PCG: 3 : 4.132147e-05 / 6.801961e-01
PCG: 0 : 4.132147e-05
PCG: 1 : 3.799298e-05 / 9.194491e-01
PCG: 2 : 3.328727e-05 / 8.055684e-01
PCG: 3 : 4.808050e-05 / 1.163572e+00
PCG: 0 : 4.808050e-05
PCG: 1 : 3.048469e-05 / 6.340343e-01
PCG: 2 : 3.180759e-05 / 6.615486e-01
PCG: 3 : 3.269143e-05 / 6.799310e-01
PCG: 0 : 3.269143e-05
PCG: 1 : 3.005116e-05 / 9.192368e-01
PCG: 2 : 2.633643e-05 / 8.056067e-01
PCG: 3 : 3.805402e-05 / 1.164037e+00
PCG: 0 : 3.805401e-05
PCG: 1 : 2.411515e-05 / 6.337084e-01
PCG: 2 : 2.515742e-05 / 6.610978e-01
PCG: 3 : 2.586428e-05 / 6.796730e-01
PCG: 0 : 2.586428e-05
PCG: 1 : 2.376804e-05 / 9.189520e-01
PCG: 2 : 2.083555e-05 / 8.055720e-01
PCG: 3 : 3.011869e-05 / 1.164490e+00
PCG: 0 : 3.011869e-05
PCG: 1 : 1.907537e-05 / 6.333401e-01
PCG: 2 : 1.989687e-05 / 6.606154e-01
PCG: 3 : 2.046328e-05 / 6.794213e-01
PCG: 0 : 2.046328e-05
PCG: 1 : 1.879766e-05 / 9.186046e-01
PCG: 2 : 1.648262e-05 / 8.054730e-01
PCG: 3 : 2.383834e-05 / 1.164932e+00
PCG: 0 : 2.383834e-05
PCG: 1 : 1.508811e-05 / 6.329346e-01
PCG: 2 : 1.573580e-05 / 6.601047e-01
PCG: 3 : 1.619040e-05 / 6.791748e-01
PCG: 0 : 1.619040e-05
PCG: 1 : 1.486605e-05 / 9.182019e-01
PCG: 2 : 1.303837e-05 / 8.053152e-01
PCG: 3 : 1.886771e-05 / 1.165364e+00
PCG: 0 : 1.886771e-05
PCG: 1 : 1.193375e-05 / 6.324960e-01
PCG: 2 : 1.244457e-05 / 6.595700e-01
PCG: 3 : 1.281000e-05 / 6.789377e-01
PCG: 0 : 1.281000e-05
PCG: 1 : 1.175634e-05 / 9.177471e-01
PCG: 2 : 1.031332e-05 / 8.050994e-01
PCG: 3 : 1.493370e-05 / 1.165785e+00
PCG: 0 : 1.493370e-05
PCG: 1 : 9.438453e-06 / 6.320238e-01
PCG: 2 : 9.841482e-06 / 6.590117e-01
PCG: 3 : 1.013563e-05 / 6.787085e-01
PCG: 0 : 1.013563e-05
PCG: 1 : 9.296829e-06 / 9.172426e-01
PCG: 2 : 8.157464e-06 / 8.048307e-01
PCG: 3 : 1.182011e-05 / 1.166195e+00
PCG: 0 : 1.182011e-05
PCG: 1 : 7.464657e-06 / 6.315216e-01
PCG: 2 : 7.782708e-06 / 6.584292e-01
PCG: 3 : 8.019772e-06 / 6.784852e-01
PCG: 0 : 8.019772e-06
PCG: 1 : 7.351663e-06 / 9.166923e-01
PCG: 2 : 6.452009e-06 / 8.045127e-01
PCG: 3 : 9.355824e-06 / 1.166595e+00
PCG: 0 : 9.355823e-06
PCG: 1 : 5.903439e-06 / 6.309909e-01
PCG: 2 : 6.154506e-06 / 6.578262e-01
PCG: 3 : 6.345791e-06 / 6.782718e-01
PCG: 0 : 6.345791e-06
PCG: 1 : 5.813355e-06 / 9.160962e-01
PCG: 2 : 5.102923e-06 / 8.041429e-01
PCG: 3 : 7.405440e-06 / 1.166985e+00
PCG: 0 : 7.405440e-06
PCG: 1 : 4.668601e-06 / 6.304286e-01
PCG: 2 : 4.866858e-06 / 6.572003e-01
PCG: 3 : 5.021358e-06 / 6.780635e-01
PCG: 0 : 5.021358e-06
PCG: 1 : 4.596842e-06 / 9.154581e-01
PCG: 2 : 4.035808e-06 / 8.037284e-01
PCG: 3 : 5.861771e-06 / 1.167368e+00
PCG: 0 : 5.861771e-06
PCG: 1 : 3.691975e-06 / 6.298395e-01
PCG: 2 : 3.848555e-06 / 6.565517e-01
PCG: 3 : 3.973466e-06 / 6.778610e-01
PCG: 0 : 3.973466e-06
PCG: 1 : 3.634835e-06 / 9.147769e-01
PCG: 2 : 3.191757e-06 / 8.032678e-01
PCG: 3 : 4.639988e-06 / 1.167743e+00
PCG: 0 : 4.639988e-06
PCG: 1 : 2.919576e-06 / 6.292205e-01
PCG: 2 : 3.043279e-06 / 6.558807e-01
PCG: 3 : 3.144368e-06 / 6.776673e-01
PCG: 0 : 3.144368e-06
PCG: 1 : 2.874112e-06 / 9.140508e-01
PCG: 2 : 2.524170e-06 / 8.027591e-01
PCG: 3 : 3.672966e-06 / 1.168110e+00
PCG: 0 : 3.672966e-06
PCG: 1 : 2.308721e-06 / 6.285713e-01
PCG: 2 : 2.406477e-06 / 6.551863e-01
PCG: 3 : 2.488353e-06 / 6.774778e-01
PCG: 0 : 2.488353e-06
PCG: 1 : 2.272573e-06 / 9.132841e-01
PCG: 2 : 1.996172e-06 / 8.022061e-01
PCG: 3 : 2.907567e-06 / 1.168471e+00

PCG ( VCycle ( S: Scale / C: Scale )  )

Complete solver TOE: 2.82282
0.977328 GFlop/s [0.977328 GFlops/s]

Total time: 2.82282s
Accumulated op time: 1.28795

Reductions: 24.3982%
Blas-1: 11.8628%
Blas-2: 9.36531%
Precon Kernels: 0%
MPI Execution: 0%
MPI Wait: 0%
Not covered: 54.3737%

Domain size: 6.70679 MByte
LA size: 22.1625 MByte
MPI size: 0.671448 MByte

H0-Error: 9.586597e-06
H1-Error: 8.068807e-03

Writing DATA to output.data...
Run-Time: 0:03.566 [0:03.566]
0xb33199f8 Error: MemoryPool<CUDA> still contains memory chunks on deconstructor call
