NUM-PROCS: 1
Preparing domain...
LVL-MIN: 4 [4]
LVL-MAX: 8 [8]
Creating gates...
Assembling system matrices...
Assembling system filters...
Assembling transfer matrices...
Converting assembled linear system from SparseMatrixCSR, Mem:main to SparseMatrixELL, Mem:cudaand to SparseMatrixELL, Mem:cuda...
PCG: 0 : 3.788187e-02
PCG: 1 : 7.372160e-02 / 1.946092e+00
PCG: 2 : 8.837245e-02 / 2.332843e+00
PCG: 3 : 1.869590e-01 / 4.935316e+00
PCG: 4 : 1.519525e-01 / 4.011220e+00
PCG: 0 : 1.520812e-01
PCG: 1 : 8.018000e-02 / 5.272185e-01
PCG: 2 : 2.164129e-02 / 1.423009e-01
PCG: 3 : 1.352658e-02 / 8.894314e-02
PCG: 4 : 2.058823e-02 / 1.353766e-01
PCG: 0 : 2.058823e-02
PCG: 1 : 7.046224e-03 / 3.422453e-01
PCG: 2 : 4.963207e-03 / 2.410701e-01
PCG: 3 : 4.897377e-03 / 2.378726e-01
PCG: 4 : 3.068463e-03 / 1.490397e-01
PCG: 0 : 3.068463e-03
PCG: 1 : 2.841105e-03 / 9.259049e-01
PCG: 2 : 2.111182e-03 / 6.880259e-01
PCG: 3 : 1.801397e-03 / 5.870681e-01
PCG: 4 : 2.055497e-03 / 6.698785e-01
PCG: 0 : 2.055497e-03
PCG: 1 : 1.064265e-03 / 5.177652e-01
PCG: 2 : 1.185289e-03 / 5.766433e-01
PCG: 3 : 8.293394e-04 / 4.034738e-01
PCG: 4 : 4.109542e-04 / 1.999293e-01
PCG: 0 : 4.109542e-04
PCG: 1 : 4.408107e-04 / 1.072652e+00
PCG: 2 : 4.494848e-04 / 1.093759e+00
PCG: 3 : 3.231483e-04 / 7.863366e-01
PCG: 4 : 3.507884e-04 / 8.535947e-01
PCG: 0 : 3.507884e-04
PCG: 1 : 2.038819e-04 / 5.812106e-01
PCG: 2 : 2.446542e-04 / 6.974410e-01
PCG: 3 : 1.426965e-04 / 4.067879e-01
PCG: 4 : 7.836872e-05 / 2.234074e-01
PCG: 0 : 7.836869e-05
PCG: 1 : 8.306619e-05 / 1.059941e+00
PCG: 2 : 9.170424e-05 / 1.170164e+00
PCG: 3 : 5.922899e-05 / 7.557737e-01
PCG: 4 : 7.256818e-05 / 9.259843e-01
PCG: 0 : 7.256817e-05
PCG: 1 : 4.035361e-05 / 5.560787e-01
PCG: 2 : 4.785529e-05 / 6.594528e-01
PCG: 3 : 2.859818e-05 / 3.940870e-01
PCG: 4 : 1.672838e-05 / 2.305195e-01
PCG: 0 : 1.672838e-05
PCG: 1 : 1.657060e-05 / 9.905682e-01
PCG: 2 : 1.787358e-05 / 1.068458e+00
PCG: 3 : 1.187065e-05 / 7.096118e-01
PCG: 4 : 1.567882e-05 / 9.372590e-01
PCG: 0 : 1.567882e-05
PCG: 1 : 8.167134e-06 / 5.209023e-01
PCG: 2 : 9.436155e-06 / 6.018408e-01
PCG: 3 : 5.959893e-06 / 3.801237e-01
PCG: 4 : 3.650502e-06 / 2.328301e-01
PCG: 0 : 3.650501e-06
PCG: 1 : 3.424870e-06 / 9.381918e-01
PCG: 2 : 3.535369e-06 / 9.684613e-01
PCG: 3 : 2.403051e-06 / 6.582797e-01
PCG: 4 : 3.394659e-06 / 9.299160e-01
PCG: 0 : 3.394659e-06
PCG: 1 : 1.689002e-06 / 4.975467e-01
PCG: 2 : 1.908464e-06 / 5.621961e-01
PCG: 3 : 1.260392e-06 / 3.712868e-01
PCG: 4 : 8.031155e-07 / 2.365821e-01
PCG: 0 : 8.031153e-07
PCG: 1 : 7.258161e-07 / 9.037507e-01
PCG: 2 : 7.187293e-07 / 8.949267e-01
PCG: 3 : 4.915966e-07 / 6.121121e-01
PCG: 4 : 7.319348e-07 / 9.113695e-01
PCG: 0 : 7.319348e-07
PCG: 1 : 3.546049e-07 / 4.844760e-01
PCG: 2 : 3.957269e-07 / 5.406586e-01
PCG: 3 : 2.706743e-07 / 3.698066e-01
PCG: 4 : 1.774530e-07 / 2.424437e-01
PCG: 0 : 1.774529e-07
PCG: 1 : 1.565769e-07 / 8.823571e-01
PCG: 2 : 1.496584e-07 / 8.433694e-01
PCG: 3 : 1.021144e-07 / 5.754450e-01
PCG: 4 : 1.571536e-07 / 8.856069e-01
PCG: 0 : 1.571535e-07
PCG: 1 : 7.511531e-08 / 4.779741e-01
PCG: 2 : 8.355039e-08 / 5.316482e-01
PCG: 3 : 5.885652e-08 / 3.745161e-01
PCG: 4 : 3.930818e-08 / 2.501260e-01
PCG: 0 : 3.930818e-08
PCG: 1 : 3.415676e-08 / 8.689479e-01
PCG: 2 : 3.167553e-08 / 8.058254e-01
PCG: 3 : 2.148633e-08 / 5.466121e-01
PCG: 4 : 3.366087e-08 / 8.563324e-01
PCG: 0 : 3.366087e-08
PCG: 1 : 1.599036e-08 / 4.750431e-01
PCG: 2 : 1.783390e-08 / 5.298109e-01
PCG: 3 : 1.289627e-08 / 3.831233e-01
PCG: 4 : 8.715105e-09 / 2.589091e-01
PCG: 0 : 8.715102e-09
PCG: 1 : 7.495965e-09 / 8.601121e-01
PCG: 2 : 6.769391e-09 / 7.767425e-01
PCG: 3 : 4.559132e-09 / 5.231301e-01
PCG: 4 : 7.204786e-09 / 8.267012e-01

PCG ( VCycle ( S: Scale / C: Scale )  )

Complete solver TOE: 0.106778
7.51849 GFlop/s [7.51849 GFlops/s]

Total time: 0.106778s
Accumulated op time: 0.044728

Reductions: 34.8686%
Blas-1: 3.61123%
Blas-2: 3.40894%
Precon Kernels: 0%
MPI Execution: 0%
MPI Wait: 0%
Not covered: 58.1112%

Domain size: 12.0946 MByte
LA size: 30.305 MByte
MPI size: 0.673698 MByte

H0-Error: 6.868553e-06
H1-Error: 8.068795e-03

Writing DATA to output.data...
Run-Time: 0:00.312 [0:00.312]
0x31d198e880 Error: MemoryPool<CUDA> still contains memory chunks on deconstructor call
