NUM-PROCS: 1
Preparing domain...
LVL-MIN: 7 [7]
LVL-MAX: 9 [9]
Creating gates...
Assembling system matrices...
Assembling system filters...
Assembling transfer matrices...
Converting assembled linear system from SparseMatrixCSR, Mem:main to SparseMatrixELL, Mem:cudaand to SparseMatrixELL, Mem:cuda...
PCG: 0 : 1.894534e-02
PCG: 1 : 2.842782e-01 / 1.500518e+01
PCG: 2 : 2.374290e-01 / 1.253232e+01
PCG: 3 : 3.764232e-01 / 1.986891e+01
PCG: 4 : 2.832302e-01 / 1.494986e+01
PCG: 5 : 1.720139e-01 / 9.079483e+00
PCG: 6 : 2.144526e-01 / 1.131954e+01
PCG: 7 : 2.182020e-01 / 1.151745e+01
PCG: 8 : 1.604805e-01 / 8.470711e+00
PCG: 9 : 1.237477e-01 / 6.531827e+00
PCG: 0 : 1.236921e-01
PCG: 1 : 9.523668e-02 / 7.699497e-01
PCG: 2 : 1.343380e-01 / 1.086068e+00
PCG: 3 : 1.440851e-01 / 1.164869e+00
PCG: 4 : 1.049466e-01 / 8.484504e-01
PCG: 5 : 1.457160e-01 / 1.178054e+00
PCG: 6 : 1.673563e-01 / 1.353008e+00
PCG: 7 : 1.020964e-01 / 8.254077e-01
PCG: 8 : 1.110862e-01 / 8.980865e-01
PCG: 9 : 1.003985e-01 / 8.116805e-01
PCG: 0 : 1.003985e-01
PCG: 1 : 7.759503e-02 / 7.728708e-01
PCG: 2 : 7.523233e-02 / 7.493375e-01
PCG: 3 : 7.250293e-02 / 7.221518e-01
PCG: 4 : 5.669468e-02 / 5.646967e-01
PCG: 5 : 8.139795e-02 / 8.107490e-01
PCG: 6 : 8.191005e-02 / 8.158497e-01
PCG: 7 : 5.375122e-02 / 5.353790e-01
PCG: 8 : 6.179150e-02 / 6.154626e-01
PCG: 9 : 7.148313e-02 / 7.119943e-01
PCG: 0 : 7.148312e-02
PCG: 1 : 5.656136e-02 / 7.912548e-01
PCG: 2 : 5.019280e-02 / 7.021630e-01
PCG: 3 : 5.159323e-02 / 7.217541e-01
PCG: 4 : 4.461590e-02 / 6.241460e-01
PCG: 5 : 5.788302e-02 / 8.097439e-01
PCG: 6 : 5.798468e-02 / 8.111660e-01
PCG: 7 : 4.169762e-02 / 5.833212e-01
PCG: 8 : 5.173539e-02 / 7.237427e-01
PCG: 9 : 6.905422e-02 / 9.660213e-01
PCG: 0 : 6.905422e-02
PCG: 1 : 4.875245e-02 / 7.060025e-01
PCG: 2 : 3.863093e-02 / 5.594290e-01
PCG: 3 : 4.155206e-02 / 6.017309e-01
PCG: 4 : 4.051343e-02 / 5.866902e-01
PCG: 5 : 4.809476e-02 / 6.964782e-01
PCG: 6 : 4.123654e-02 / 5.971618e-01
PCG: 7 : 3.089838e-02 / 4.474510e-01
PCG: 8 : 3.971699e-02 / 5.751566e-01
PCG: 9 : 5.510400e-02 / 7.979817e-01
PCG: 0 : 5.510399e-02
PCG: 1 : 3.856477e-02 / 6.998543e-01
PCG: 2 : 2.951113e-02 / 5.355533e-01
PCG: 3 : 3.459487e-02 / 6.278105e-01
PCG: 4 : 3.822071e-02 / 6.936105e-01
PCG: 5 : 3.880546e-02 / 7.042223e-01
PCG: 6 : 3.506883e-02 / 6.364118e-01
PCG: 7 : 3.016621e-02 / 5.474415e-01
PCG: 8 : 4.032544e-02 / 7.318060e-01
PCG: 9 : 5.426374e-02 / 9.847515e-01
PCG: 0 : 5.426374e-02
PCG: 1 : 3.630097e-02 / 6.689730e-01
PCG: 2 : 2.748794e-02 / 5.065618e-01
PCG: 3 : 3.151741e-02 / 5.808191e-01
PCG: 4 : 3.349477e-02 / 6.172589e-01
PCG: 5 : 3.422283e-02 / 6.306760e-01
PCG: 6 : 3.021689e-02 / 5.568523e-01
PCG: 7 : 2.777518e-02 / 5.118554e-01
PCG: 8 : 3.455588e-02 / 6.368135e-01
PCG: 9 : 3.894681e-02 / 7.177318e-01
PCG: 0 : 3.894681e-02
PCG: 1 : 3.095143e-02 / 7.947102e-01
PCG: 2 : 2.625384e-02 / 6.740949e-01
PCG: 3 : 2.948744e-02 / 7.571208e-01
PCG: 4 : 3.050970e-02 / 7.833686e-01
PCG: 5 : 2.957061e-02 / 7.592564e-01
PCG: 6 : 2.921378e-02 / 7.500943e-01
PCG: 7 : 2.920501e-02 / 7.498692e-01
PCG: 8 : 3.423300e-02 / 8.789681e-01
PCG: 9 : 3.562516e-02 / 9.147133e-01
PCG: 0 : 3.562516e-02
PCG: 1 : 3.052090e-02 / 8.567231e-01
PCG: 2 : 2.700815e-02 / 7.581200e-01
PCG: 3 : 2.801228e-02 / 7.863060e-01
PCG: 4 : 2.707211e-02 / 7.599155e-01
PCG: 5 : 2.735115e-02 / 7.677480e-01
PCG: 6 : 2.603441e-02 / 7.307870e-01
PCG: 7 : 2.466272e-02 / 6.922838e-01
PCG: 8 : 2.708353e-02 / 7.602360e-01
PCG: 9 : 2.994440e-02 / 8.405408e-01
PCG: 0 : 2.994440e-02
PCG: 1 : 2.511667e-02 / 8.387769e-01
PCG: 2 : 2.342259e-02 / 7.822025e-01
PCG: 3 : 2.491941e-02 / 8.321893e-01
PCG: 4 : 2.566218e-02 / 8.569942e-01
PCG: 5 : 2.506023e-02 / 8.368918e-01
PCG: 6 : 2.504848e-02 / 8.364997e-01
PCG: 7 : 2.482700e-02 / 8.291031e-01
PCG: 8 : 2.751161e-02 / 9.187562e-01
PCG: 9 : 3.165578e-02 / 1.057152e+00
PCG: 0 : 3.165578e-02
PCG: 1 : 2.571969e-02 / 8.124800e-01
PCG: 2 : 2.352031e-02 / 7.430019e-01
PCG: 3 : 2.393274e-02 / 7.560304e-01
PCG: 4 : 2.351427e-02 / 7.428111e-01
PCG: 5 : 2.368438e-02 / 7.481849e-01
PCG: 6 : 2.213376e-02 / 6.992012e-01
PCG: 7 : 2.127927e-02 / 6.722080e-01
PCG: 8 : 2.282609e-02 / 7.210716e-01
PCG: 9 : 2.669976e-02 / 8.434402e-01
PCG: 0 : 2.669976e-02
PCG: 1 : 2.156083e-02 / 8.075289e-01
PCG: 2 : 2.040903e-02 / 7.643901e-01
PCG: 3 : 2.141901e-02 / 8.022174e-01
PCG: 4 : 2.246878e-02 / 8.415349e-01
PCG: 5 : 2.181813e-02 / 8.171658e-01
PCG: 6 : 2.149408e-02 / 8.050290e-01
PCG: 7 : 2.159074e-02 / 8.086491e-01
PCG: 8 : 2.361071e-02 / 8.843043e-01
PCG: 9 : 2.834542e-02 / 1.061636e+00
PCG: 0 : 2.834542e-02
PCG: 1 : 2.231193e-02 / 7.871439e-01
PCG: 2 : 2.058497e-02 / 7.262184e-01
PCG: 3 : 2.074554e-02 / 7.318832e-01
PCG: 4 : 2.060879e-02 / 7.270589e-01
PCG: 5 : 2.072410e-02 / 7.311270e-01
PCG: 6 : 1.910342e-02 / 6.739507e-01
PCG: 7 : 1.854397e-02 / 6.542140e-01
PCG: 8 : 1.983096e-02 / 6.996179e-01
PCG: 9 : 2.394568e-02 / 8.447811e-01
PCG: 0 : 2.394567e-02
PCG: 1 : 1.889520e-02 / 7.890860e-01
PCG: 2 : 1.783063e-02 / 7.446284e-01
PCG: 3 : 1.858740e-02 / 7.762321e-01
PCG: 4 : 1.971566e-02 / 8.233498e-01
PCG: 5 : 1.910195e-02 / 7.977204e-01
PCG: 6 : 1.865910e-02 / 7.792262e-01
PCG: 7 : 1.886409e-02 / 7.877870e-01
PCG: 8 : 2.064549e-02 / 8.621804e-01
PCG: 9 : 2.539423e-02 / 1.060493e+00
PCG: 0 : 2.539423e-02
PCG: 1 : 1.961735e-02 / 7.725123e-01
PCG: 2 : 1.801233e-02 / 7.093080e-01
PCG: 3 : 1.808178e-02 / 7.120427e-01
PCG: 4 : 1.806652e-02 / 7.114419e-01
PCG: 5 : 1.816085e-02 / 7.151567e-01
PCG: 6 : 1.662190e-02 / 6.545540e-01
PCG: 7 : 1.621579e-02 / 6.385620e-01
PCG: 8 : 1.747268e-02 / 6.880571e-01
PCG: 9 : 2.151063e-02 / 8.470678e-01
PCG: 0 : 2.151063e-02
PCG: 1 : 1.674317e-02 / 7.783670e-01
PCG: 2 : 1.559834e-02 / 7.251456e-01
PCG: 3 : 1.620194e-02 / 7.532062e-01
PCG: 4 : 1.727997e-02 / 8.033223e-01
PCG: 5 : 1.673414e-02 / 7.779472e-01
PCG: 6 : 1.629461e-02 / 7.575143e-01
PCG: 7 : 1.651615e-02 / 7.678135e-01
PCG: 8 : 1.822254e-02 / 8.471409e-01
PCG: 9 : 2.273386e-02 / 1.056866e+00
PCG: 0 : 2.273385e-02
PCG: 1 : 1.737504e-02 / 7.642803e-01
PCG: 2 : 1.576771e-02 / 6.935782e-01
PCG: 3 : 1.580469e-02 / 6.952050e-01
PCG: 4 : 1.582347e-02 / 6.960310e-01
PCG: 5 : 1.590195e-02 / 6.994835e-01
PCG: 6 : 1.452775e-02 / 6.390358e-01
PCG: 7 : 1.422185e-02 / 6.255803e-01
PCG: 8 : 1.552227e-02 / 6.827824e-01
PCG: 9 : 1.932561e-02 / 8.500808e-01
PCG: 0 : 1.932561e-02
PCG: 1 : 1.493500e-02 / 7.728088e-01
PCG: 2 : 1.367626e-02 / 7.076751e-01
PCG: 3 : 1.415774e-02 / 7.325895e-01
PCG: 4 : 1.512461e-02 / 7.826202e-01
PCG: 5 : 1.465086e-02 / 7.581056e-01
PCG: 6 : 1.427678e-02 / 7.387492e-01
PCG: 7 : 1.449273e-02 / 7.499237e-01
PCG: 8 : 1.616884e-02 / 8.366535e-01
PCG: 9 : 2.032968e-02 / 1.051955e+00
PCG: 0 : 2.032968e-02
PCG: 1 : 1.545634e-02 / 7.602845e-01
PCG: 2 : 1.382498e-02 / 6.800393e-01
PCG: 3 : 1.383874e-02 / 6.807160e-01
PCG: 4 : 1.384674e-02 / 6.811094e-01
PCG: 5 : 1.391044e-02 / 6.842430e-01
PCG: 6 : 1.273089e-02 / 6.262220e-01
PCG: 7 : 1.251347e-02 / 6.155271e-01
PCG: 8 : 1.385783e-02 / 6.816552e-01
PCG: 9 : 1.735071e-02 / 8.534672e-01
PCG: 0 : 1.735071e-02
PCG: 1 : 1.337735e-02 / 7.709973e-01
PCG: 2 : 1.202736e-02 / 6.931910e-01
PCG: 3 : 1.239154e-02 / 7.141804e-01
PCG: 4 : 1.322477e-02 / 7.622029e-01
PCG: 5 : 1.281843e-02 / 7.387842e-01
PCG: 6 : 1.253117e-02 / 7.222281e-01
PCG: 7 : 1.274388e-02 / 7.344871e-01
PCG: 8 : 1.438527e-02 / 8.290879e-01
PCG: 9 : 1.815711e-02 / 1.046476e+00
PCG: 0 : 1.815711e-02
PCG: 1 : 1.378513e-02 / 7.592135e-01
PCG: 2 : 1.214752e-02 / 6.690227e-01
PCG: 3 : 1.213163e-02 / 6.681474e-01
PCG: 4 : 1.211010e-02 / 6.669617e-01
PCG: 5 : 1.216126e-02 / 6.697793e-01
PCG: 6 : 1.117320e-02 / 6.153622e-01
PCG: 7 : 1.104044e-02 / 6.080505e-01
PCG: 8 : 1.240090e-02 / 6.829775e-01
PCG: 9 : 1.555765e-02 / 8.568348e-01
PCG: 0 : 1.555764e-02
PCG: 1 : 1.200814e-02 / 7.718481e-01
PCG: 2 : 1.060916e-02 / 6.819260e-01
PCG: 3 : 1.085792e-02 / 6.979155e-01
PCG: 4 : 1.155771e-02 / 7.428961e-01
PCG: 5 : 1.121212e-02 / 7.206825e-01
PCG: 6 : 1.100879e-02 / 7.076129e-01
PCG: 7 : 1.122029e-02 / 7.212076e-01
PCG: 8 : 1.280700e-02 / 8.231964e-01
PCG: 9 : 1.619415e-02 / 1.040913e+00
PCG: 0 : 1.619415e-02
PCG: 1 : 1.230831e-02 / 7.600465e-01
PCG: 2 : 1.069430e-02 / 6.603804e-01
PCG: 3 : 1.064321e-02 / 6.572256e-01
PCG: 4 : 1.058967e-02 / 6.539195e-01
PCG: 5 : 1.063156e-02 / 6.565064e-01
PCG: 6 : 9.814197e-03 / 6.060334e-01
PCG: 7 : 9.755855e-03 / 6.024308e-01
PCG: 8 : 1.109830e-02 / 6.853278e-01
PCG: 9 : 1.392425e-02 / 8.598322e-01
PCG: 0 : 1.392425e-02
PCG: 1 : 1.078203e-02 / 7.743343e-01
PCG: 2 : 9.379445e-03 / 6.736048e-01
PCG: 3 : 9.521832e-03 / 6.838307e-01
PCG: 4 : 1.010121e-02 / 7.254398e-01
PCG: 5 : 9.809792e-03 / 7.045112e-01
PCG: 6 : 9.675815e-03 / 6.948893e-01
PCG: 7 : 9.881309e-03 / 7.096474e-01
PCG: 8 : 1.139200e-02 / 8.181410e-01
PCG: 9 : 1.442045e-02 / 1.035635e+00
PCG: 0 : 1.442045e-02
PCG: 1 : 1.098688e-02 / 7.618959e-01
PCG: 2 : 9.426975e-03 / 6.537228e-01
PCG: 3 : 9.341987e-03 / 6.478292e-01
PCG: 4 : 9.262608e-03 / 6.423246e-01
PCG: 5 : 9.298546e-03 / 6.448168e-01
PCG: 6 : 8.624371e-03 / 5.980654e-01
PCG: 7 : 8.622990e-03 / 5.979697e-01
PCG: 8 : 9.916962e-03 / 6.877014e-01
PCG: 9 : 1.243380e-02 / 8.622336e-01
PCG: 0 : 1.243379e-02
PCG: 1 : 9.667491e-03 / 7.775174e-01
PCG: 2 : 8.301490e-03 / 6.676555e-01
PCG: 3 : 8.355308e-03 / 6.719838e-01
PCG: 4 : 8.832775e-03 / 7.103845e-01
PCG: 5 : 8.589396e-03 / 6.908106e-01
PCG: 6 : 8.507356e-03 / 6.842124e-01
PCG: 7 : 8.698249e-03 / 6.995652e-01
PCG: 8 : 1.011555e-02 / 8.135531e-01
PCG: 9 : 1.281837e-02 / 1.030930e+00
PCG: 0 : 1.281837e-02
PCG: 1 : 9.793904e-03 / 7.640523e-01
PCG: 2 : 8.313850e-03 / 6.485888e-01
PCG: 3 : 8.202807e-03 / 6.399260e-01
PCG: 4 : 8.106702e-03 / 6.324286e-01
PCG: 5 : 8.139238e-03 / 6.349668e-01
PCG: 6 : 7.581047e-03 / 5.914207e-01
PCG: 7 : 7.616870e-03 / 5.942153e-01
PCG: 8 : 8.839386e-03 / 6.895875e-01
PCG: 9 : 1.107486e-02 / 8.639839e-01
PCG: 0 : 1.107486e-02
PCG: 1 : 8.645896e-03 / 7.806776e-01
PCG: 2 : 7.347148e-03 / 6.634077e-01
PCG: 3 : 7.335351e-03 / 6.623424e-01
PCG: 4 : 7.729925e-03 / 6.979703e-01
PCG: 5 : 7.528545e-03 / 6.797868e-01
PCG: 6 : 7.483151e-03 / 6.756880e-01
PCG: 7 : 7.651935e-03 / 6.909283e-01
PCG: 8 : 8.964113e-03 / 8.094108e-01
PCG: 9 : 1.137361e-02 / 1.026976e+00
PCG: 0 : 1.137361e-02
PCG: 1 : 8.712741e-03 / 7.660486e-01
PCG: 2 : 7.330956e-03 / 6.445582e-01
PCG: 3 : 7.204921e-03 / 6.334769e-01
PCG: 4 : 7.100675e-03 / 6.243112e-01
PCG: 5 : 7.131309e-03 / 6.270047e-01
PCG: 6 : 6.665733e-03 / 5.860699e-01
PCG: 7 : 6.721401e-03 / 5.909644e-01
PCG: 8 : 7.857674e-03 / 6.908687e-01
PCG: 9 : 9.840010e-03 / 8.651612e-01
PCG: 0 : 9.840010e-03
PCG: 1 : 7.708544e-03 / 7.833878e-01
PCG: 2 : 6.497032e-03 / 6.602668e-01
PCG: 3 : 6.442623e-03 / 6.547375e-01
PCG: 4 : 6.771035e-03 / 6.881126e-01
PCG: 5 : 6.605483e-03 / 6.712883e-01
PCG: 6 : 6.585197e-03 / 6.692266e-01
PCG: 7 : 6.728137e-03 / 6.837531e-01
PCG: 8 : 7.929339e-03 / 8.058264e-01
PCG: 9 : 1.007448e-02 / 1.023828e+00
PCG: 0 : 1.007448e-02
PCG: 1 : 7.733756e-03 / 7.676582e-01
PCG: 2 : 6.460858e-03 / 6.413094e-01
PCG: 3 : 6.330591e-03 / 6.283790e-01
PCG: 4 : 6.224744e-03 / 6.178726e-01
PCG: 5 : 6.254073e-03 / 6.207837e-01
PCG: 6 : 5.862529e-03 / 5.819188e-01
PCG: 7 : 5.925342e-03 / 5.881537e-01
PCG: 8 : 6.967901e-03 / 6.916389e-01
PCG: 9 : 8.723549e-03 / 8.659057e-01
PCG: 0 : 8.723549e-03
PCG: 1 : 6.852239e-03 / 7.854876e-01
PCG: 2 : 5.738426e-03 / 6.578087e-01
PCG: 3 : 5.660667e-03 / 6.488950e-01
PCG: 4 : 5.936368e-03 / 6.804993e-01
PCG: 5 : 5.800498e-03 / 6.649241e-01
PCG: 6 : 5.797208e-03 / 6.645470e-01
PCG: 7 : 5.914371e-03 / 6.779776e-01
PCG: 8 : 7.003977e-03 / 8.028817e-01
PCG: 9 : 8.910525e-03 / 1.021433e+00
PCG: 0 : 8.910525e-03
PCG: 1 : 6.850711e-03 / 7.688336e-01
PCG: 2 : 5.690513e-03 / 6.386283e-01
PCG: 3 : 5.564303e-03 / 6.244641e-01
PCG: 4 : 5.461158e-03 / 6.128885e-01
PCG: 5 : 5.489201e-03 / 6.160356e-01
PCG: 6 : 5.157447e-03 / 5.788040e-01
PCG: 7 : 5.219420e-03 / 5.857590e-01
PCG: 8 : 6.166532e-03 / 6.920504e-01
PCG: 9 : 7.719667e-03 / 8.663538e-01
PCG: 0 : 7.719667e-03
PCG: 1 : 6.075350e-03 / 7.869964e-01
PCG: 2 : 5.062428e-03 / 6.557832e-01
PCG: 3 : 4.975348e-03 / 6.445030e-01
PCG: 4 : 5.208646e-03 / 6.747242e-01
PCG: 5 : 5.096745e-03 / 6.602287e-01
PCG: 6 : 5.104841e-03 / 6.612774e-01
PCG: 7 : 5.198748e-03 / 6.734420e-01
PCG: 8 : 6.180185e-03 / 8.005767e-01
PCG: 9 : 7.871578e-03 / 1.019679e+00
PCG: 0 : 7.871579e-03
PCG: 1 : 6.058185e-03 / 7.696277e-01
PCG: 2 : 5.009345e-03 / 6.363837e-01
PCG: 3 : 4.892448e-03 / 6.215332e-01
PCG: 4 : 4.794482e-03 / 6.090877e-01
PCG: 5 : 4.821007e-03 / 6.124573e-01
PCG: 6 : 4.538190e-03 / 5.765285e-01
PCG: 7 : 4.595019e-03 / 5.837481e-01
PCG: 8 : 5.449017e-03 / 6.922393e-01
PCG: 9 : 6.821600e-03 / 8.666114e-01
PCG: 0 : 6.821600e-03
PCG: 1 : 5.375548e-03 / 7.880187e-01
PCG: 2 : 4.461744e-03 / 6.540613e-01
PCG: 3 : 4.374413e-03 / 6.412591e-01
PCG: 4 : 4.573100e-03 / 6.703852e-01
PCG: 5 : 4.480230e-03 / 6.567712e-01
PCG: 6 : 4.495790e-03 / 6.590522e-01
PCG: 7 : 4.569980e-03 / 6.699279e-01
PCG: 8 : 5.449356e-03 / 7.988384e-01
PCG: 9 : 6.947297e-03 / 1.018426e+00
PCG: 0 : 6.947297e-03
PCG: 1 : 5.350304e-03 / 7.701275e-01
PCG: 2 : 4.408010e-03 / 6.344928e-01
PCG: 3 : 4.303062e-03 / 6.193865e-01
PCG: 4 : 4.211500e-03 / 6.062070e-01
PCG: 5 : 4.236249e-03 / 6.097693e-01
PCG: 6 : 3.994009e-03 / 5.749012e-01
PCG: 7 : 4.043847e-03 / 5.820749e-01
PCG: 8 : 4.809641e-03 / 6.923039e-01
PCG: 9 : 6.021585e-03 / 8.667522e-01
PCG: 0 : 6.021585e-03
PCG: 1 : 4.749103e-03 / 7.886799e-01
PCG: 2 : 3.929561e-03 / 6.525792e-01
PCG: 3 : 3.847192e-03 / 6.389002e-01
PCG: 4 : 4.017212e-03 / 6.671354e-01
PCG: 5 : 3.939363e-03 / 6.542071e-01
PCG: 6 : 3.959605e-03 / 6.575686e-01
PCG: 7 : 4.017682e-03 / 6.672134e-01
PCG: 8 : 4.802596e-03 / 7.975635e-01
PCG: 9 : 6.127274e-03 / 1.017552e+00
PCG: 0 : 6.127274e-03
PCG: 1 : 4.720562e-03 / 7.704180e-01
PCG: 2 : 3.877921e-03 / 6.328951e-01
PCG: 3 : 3.785698e-03 / 6.178438e-01
PCG: 4 : 3.700999e-03 / 6.040205e-01
PCG: 5 : 3.723793e-03 / 6.077407e-01
PCG: 6 : 3.515563e-03 / 5.737565e-01
PCG: 7 : 3.558016e-03 / 5.806851e-01
PCG: 8 : 4.241942e-03 / 6.923050e-01
PCG: 9 : 5.311253e-03 / 8.668216e-01
PCG: 0 : 5.311253e-03
PCG: 1 : 4.191064e-03 / 7.890913e-01
PCG: 2 : 3.459227e-03 / 6.513013e-01
PCG: 3 : 3.384382e-03 / 6.372097e-01
PCG: 4 : 3.530368e-03 / 6.646958e-01
PCG: 5 : 3.464417e-03 / 6.522786e-01
PCG: 6 : 3.487358e-03 / 6.565980e-01
PCG: 7 : 3.532534e-03 / 6.651036e-01
PCG: 8 : 4.231191e-03 / 7.966464e-01
PCG: 9 : 5.401285e-03 / 1.016951e+00
PCG: 0 : 5.401285e-03
PCG: 1 : 4.162065e-03 / 7.705694e-01
PCG: 2 : 3.411144e-03 / 6.315430e-01
PCG: 3 : 3.331274e-03 / 6.167558e-01
PCG: 4 : 3.253456e-03 / 6.023486e-01
PCG: 5 : 3.274223e-03 / 6.061934e-01
PCG: 6 : 3.094743e-03 / 5.729642e-01
PCG: 7 : 3.130190e-03 / 5.795270e-01
PCG: 8 : 3.739196e-03 / 6.922790e-01
PCG: 9 : 4.682091e-03 / 8.668476e-01
PCG: 0 : 4.682090e-03
PCG: 1 : 3.695759e-03 / 7.893395e-01
PCG: 2 : 3.044303e-03 / 6.502017e-01
PCG: 3 : 2.977887e-03 / 6.360165e-01
PCG: 4 : 3.103541e-03 / 6.628537e-01
PCG: 5 : 3.047119e-03 / 6.508031e-01
PCG: 6 : 3.071351e-03 / 6.559785e-01
PCG: 7 : 3.106309e-03 / 6.634449e-01
PCG: 8 : 3.726935e-03 / 7.959982e-01
PCG: 9 : 4.759563e-03 / 1.016547e+00
PCG: 0 : 4.759563e-03
PCG: 1 : 3.667874e-03 / 7.706324e-01
PCG: 2 : 3.000406e-03 / 6.303952e-01
PCG: 3 : 2.931906e-03 / 6.160031e-01
PCG: 4 : 2.860755e-03 / 6.010541e-01
PCG: 5 : 2.879510e-03 / 6.049947e-01
PCG: 6 : 2.724492e-03 / 5.724248e-01
PCG: 7 : 2.753668e-03 / 5.785547e-01
PCG: 8 : 3.294788e-03 / 6.922459e-01
PCG: 9 : 4.125814e-03 / 8.668472e-01
PCG: 0 : 4.125814e-03
PCG: 1 : 3.257265e-03 / 7.894841e-01
PCG: 2 : 2.678707e-03 / 6.492555e-01
PCG: 3 : 2.620668e-03 / 6.351881e-01
PCG: 4 : 2.729007e-03 / 6.614469e-01
PCG: 5 : 2.680331e-03 / 6.496491e-01
PCG: 6 : 2.704868e-03 / 6.555961e-01
PCG: 7 : 2.731772e-03 / 6.621171e-01
PCG: 8 : 3.282266e-03 / 7.955438e-01
PCG: 9 : 4.192964e-03 / 1.016276e+00
PCG: 0 : 4.192964e-03
PCG: 1 : 3.231282e-03 / 7.706439e-01
PCG: 2 : 2.639120e-03 / 6.294164e-01
PCG: 3 : 2.580754e-03 / 6.154963e-01
PCG: 4 : 2.515933e-03 / 6.000370e-01
PCG: 5 : 2.532763e-03 / 6.040508e-01
PCG: 6 : 2.398660e-03 / 5.720680e-01
PCG: 7 : 2.422414e-03 / 5.777332e-01
PCG: 8 : 2.902446e-03 / 6.922182e-01
PCG: 9 : 3.634611e-03 / 8.668359e-01
PCG: 0 : 3.634611e-03
PCG: 1 : 2.869763e-03 / 7.895652e-01
PCG: 2 : 2.356825e-03 / 6.484393e-01
PCG: 3 : 2.306610e-03 / 6.346235e-01
PCG: 4 : 2.400143e-03 / 6.603575e-01
PCG: 5 : 2.357864e-03 / 6.487252e-01
PCG: 6 : 2.382027e-03 / 6.553731e-01
PCG: 7 : 2.402596e-03 / 6.610325e-01
PCG: 8 : 2.890349e-03 / 7.952293e-01
PCG: 9 : 3.693104e-03 / 1.016093e+00
PCG: 0 : 3.693104e-03
PCG: 1 : 2.846010e-03 / 7.706282e-01
PCG: 2 : 2.321401e-03 / 6.285771e-01
PCG: 3 : 2.271878e-03 / 6.151676e-01
PCG: 4 : 2.212996e-03 / 5.992238e-01
PCG: 5 : 2.228023e-03 / 6.032928e-01
PCG: 6 : 2.111866e-03 / 5.718402e-01
PCG: 7 : 2.131037e-03 / 5.770313e-01
PCG: 8 : 2.556368e-03 / 6.922004e-01
PCG: 9 : 3.201255e-03 / 8.668196e-01
PCG: 0 : 3.201255e-03
PCG: 1 : 2.527740e-03 / 7.896090e-01
PCG: 2 : 2.073555e-03 / 6.477320e-01
PCG: 3 : 2.030391e-03 / 6.342483e-01
PCG: 4 : 2.111227e-03 / 6.594996e-01
PCG: 5 : 2.074312e-03 / 6.479683e-01
PCG: 6 : 2.097649e-03 / 6.552584e-01
PCG: 7 : 2.113244e-03 / 6.601300e-01
PCG: 8 : 2.545045e-03 / 7.950147e-01
PCG: 9 : 3.252388e-03 / 1.015973e+00
PCG: 0 : 3.252388e-03
PCG: 1 : 2.506286e-03 / 7.705987e-01
PCG: 2 : 2.042016e-03 / 6.278512e-01
PCG: 3 : 2.000111e-03 / 6.149669e-01
PCG: 4 : 1.946751e-03 / 5.985606e-01
PCG: 5 : 1.960120e-03 / 6.026711e-01
PCG: 6 : 1.859401e-03 / 5.717033e-01
PCG: 7 : 1.874757e-03 / 5.764248e-01
PCG: 8 : 2.251282e-03 / 6.921935e-01
PCG: 9 : 2.819170e-03 / 8.668001e-01
PCG: 0 : 2.819170e-03
PCG: 1 : 2.226113e-03 / 7.896343e-01
PCG: 2 : 1.824331e-03 / 6.471164e-01
PCG: 3 : 1.787379e-03 / 6.340089e-01
PCG: 4 : 1.857304e-03 / 6.588122e-01
PCG: 5 : 1.824946e-03 / 6.473344e-01
PCG: 6 : 1.847168e-03 / 6.552169e-01
PCG: 7 : 1.858861e-03 / 6.593646e-01
PCG: 8 : 2.240877e-03 / 7.948712e-01
PCG: 9 : 2.863982e-03 / 1.015895e+00
PCG: 0 : 2.863982e-03
PCG: 1 : 2.206876e-03 / 7.705622e-01
PCG: 2 : 1.796337e-03 / 6.272166e-01
PCG: 3 : 1.760936e-03 / 6.148558e-01
PCG: 4 : 1.712683e-03 / 5.980078e-01
PCG: 5 : 1.724547e-03 / 6.021502e-01
PCG: 6 : 1.637137e-03 / 5.716299e-01
PCG: 7 : 1.649351e-03 / 5.758942e-01
PCG: 8 : 1.982442e-03 / 6.921977e-01
PCG: 9 : 2.482434e-03 / 8.667772e-01
PCG: 0 : 2.482434e-03
PCG: 1 : 1.960260e-03 / 7.896523e-01
PCG: 2 : 1.605085e-03 / 6.465771e-01
PCG: 3 : 1.573533e-03 / 6.338670e-01
PCG: 4 : 1.634067e-03 / 6.582518e-01
PCG: 5 : 1.605622e-03 / 6.467935e-01
PCG: 6 : 1.626556e-03 / 6.552261e-01
PCG: 7 : 1.635194e-03 / 6.587058e-01
PCG: 8 : 1.972990e-03 / 7.947802e-01
PCG: 9 : 2.521780e-03 / 1.015849e+00
PCG: 0 : 2.521779e-03
PCG: 1 : 1.943095e-03 / 7.705254e-01
PCG: 2 : 1.580292e-03 / 6.266577e-01
PCG: 3 : 1.550412e-03 / 6.148088e-01
PCG: 4 : 1.506860e-03 / 5.975385e-01
PCG: 5 : 1.517367e-03 / 6.017050e-01
PCG: 6 : 1.441451e-03 / 5.716008e-01
PCG: 7 : 1.451094e-03 / 5.754247e-01
PCG: 8 : 1.745603e-03 / 6.922107e-01
PCG: 9 : 2.185759e-03 / 8.667528e-01
PCG: 0 : 2.185759e-03
PCG: 1 : 1.726025e-03 / 7.896684e-01
PCG: 2 : 1.412222e-03 / 6.461014e-01
PCG: 3 : 1.385321e-03 / 6.337938e-01
PCG: 4 : 1.437762e-03 / 6.577863e-01
PCG: 5 : 1.412709e-03 / 6.463240e-01
PCG: 6 : 1.432264e-03 / 6.552706e-01
PCG: 7 : 1.438515e-03 / 6.581306e-01
PCG: 8 : 1.737085e-03 / 7.947285e-01
PCG: 9 : 2.220351e-03 / 1.015826e+00
PCG: 0 : 2.220351e-03
PCG: 1 : 1.710760e-03 / 7.704909e-01
PCG: 2 : 1.390295e-03 / 6.261598e-01
PCG: 3 : 1.365085e-03 / 6.148061e-01
PCG: 4 : 1.325844e-03 / 5.971326e-01
PCG: 5 : 1.335136e-03 / 6.013175e-01
PCG: 6 : 1.269159e-03 / 5.716030e-01
PCG: 7 : 1.276716e-03 / 5.750065e-01
PCG: 8 : 1.536997e-03 / 6.922315e-01
PCG: 9 : 1.924442e-03 / 8.667287e-01
PCG: 0 : 1.924442e-03
PCG: 1 : 1.519701e-03 / 7.896842e-01
PCG: 2 : 1.242570e-03 / 6.456781e-01
PCG: 3 : 1.219650e-03 / 6.337684e-01
PCG: 4 : 1.265109e-03 / 6.573903e-01
PCG: 5 : 1.243012e-03 / 6.459079e-01
PCG: 6 : 1.261156e-03 / 6.553359e-01
PCG: 7 : 1.265548e-03 / 6.576183e-01
PCG: 8 : 1.529356e-03 / 7.947009e-01
PCG: 9 : 1.954871e-03 / 1.015812e+00
PCG: 0 : 1.954871e-03
PCG: 1 : 1.506153e-03 / 7.704617e-01
PCG: 2 : 1.223191e-03 / 6.257144e-01
PCG: 3 : 1.201924e-03 / 6.148354e-01
PCG: 4 : 1.166622e-03 / 5.967771e-01
PCG: 5 : 1.174831e-03 / 6.009763e-01
PCG: 6 : 1.117460e-03 / 5.716285e-01
PCG: 7 : 1.123331e-03 / 5.746319e-01
PCG: 8 : 1.353280e-03 / 6.922607e-01
PCG: 9 : 1.694305e-03 / 8.667094e-01
PCG: 0 : 1.694305e-03
PCG: 1 : 1.337995e-03 / 7.897012e-01
PCG: 2 : 1.093330e-03 / 6.452973e-01
PCG: 3 : 1.073809e-03 / 6.337758e-01
PCG: 4 : 1.113239e-03 / 6.570475e-01
PCG: 5 : 1.093731e-03 / 6.455339e-01
PCG: 6 : 1.110474e-03 / 6.554155e-01
PCG: 7 : 1.113426e-03 / 6.571579e-01
PCG: 8 : 1.346451e-03 / 7.946923e-01
PCG: 9 : 1.721085e-03 / 1.015806e+00
PCG: 0 : 1.721085e-03
PCG: 1 : 1.325987e-03 / 7.704363e-01
PCG: 2 : 1.076214e-03 / 6.253110e-01
PCG: 3 : 1.058272e-03 / 6.148862e-01
PCG: 4 : 1.026558e-03 / 5.964600e-01
PCG: 5 : 1.033805e-03 / 6.006703e-01
PCG: 6 : 9.838901e-04 / 5.716684e-01
PCG: 7 : 9.884067e-04 / 5.742927e-01
PCG: 8 : 1.191500e-03 / 6.922959e-01
PCG: 9 : 1.491647e-03 / 8.666900e-01
PCG: 0 : 1.491647e-03
PCG: 1 : 1.177986e-03 / 7.897215e-01
PCG: 2 : 9.620439e-04 / 6.449540e-01
PCG: 3 : 9.454150e-04 / 6.338059e-01
PCG: 4 : 9.796344e-04 / 6.567466e-01
PCG: 5 : 9.624023e-04 / 6.451942e-01
PCG: 6 : 9.777818e-04 / 6.555046e-01
PCG: 7 : 9.796256e-04 / 6.567407e-01
PCG: 8 : 1.185408e-03 / 7.946970e-01
PCG: 9 : 1.515227e-03 / 1.015808e+00
PCG: 0 : 1.515227e-03
PCG: 1 : 1.167352e-03 / 7.704139e-01
PCG: 2 : 9.469301e-04 / 6.249428e-01
PCG: 3 : 9.317899e-04 / 6.149508e-01
PCG: 4 : 9.033377e-04 / 5.961732e-01
PCG: 5 : 9.097303e-04 / 6.003922e-01
PCG: 6 : 8.662819e-04 / 5.717177e-01
PCG: 7 : 8.697142e-04 / 5.739829e-01
PCG: 8 : 1.049045e-03 / 6.923353e-01
PCG: 9 : 1.313202e-03 / 8.666705e-01
PCG: 0 : 1.313202e-03
PCG: 1 : 1.037095e-03 / 7.897453e-01
PCG: 2 : 8.465449e-04 / 6.446417e-01
PCG: 3 : 8.323751e-04 / 6.338514e-01
PCG: 4 : 8.620891e-04 / 6.564786e-01
PCG: 5 : 8.468621e-04 / 6.448832e-01
PCG: 6 : 8.609355e-04 / 6.556001e-01
PCG: 7 : 8.619336e-04 / 6.563601e-01
PCG: 8 : 1.043617e-03 / 7.947118e-01
PCG: 9 : 1.333969e-03 / 1.015814e+00
PCG: 0 : 1.333969e-03
PCG: 1 : 1.027684e-03 / 7.703954e-01
PCG: 2 : 8.332044e-04 / 6.246055e-01
PCG: 3 : 8.204239e-04 / 6.150246e-01
PCG: 4 : 7.949277e-04 / 5.959116e-01
PCG: 5 : 8.005643e-04 / 6.001371e-01
PCG: 6 : 7.627276e-04 / 5.717730e-01
PCG: 7 : 7.652961e-04 / 5.736985e-01
PCG: 8 : 9.236104e-04 / 6.923776e-01
PCG: 9 : 1.156085e-03 / 8.666508e-01
PCG: 0 : 1.156085e-03
PCG: 1 : 9.130446e-04 / 7.897727e-01
PCG: 2 : 7.449316e-04 / 6.443570e-01
PCG: 3 : 7.328515e-04 / 6.339078e-01
PCG: 4 : 7.586667e-04 / 6.562377e-01
PCG: 5 : 7.452088e-04 / 6.445967e-01
PCG: 6 : 7.580445e-04 / 6.556995e-01
PCG: 7 : 7.584049e-04 / 6.560112e-01
PCG: 8 : 9.187809e-04 / 7.947345e-01
PCG: 9 : 1.174382e-03 / 1.015826e+00
PCG: 0 : 1.174382e-03
PCG: 1 : 9.047183e-04 / 7.703784e-01
PCG: 2 : 7.331579e-04 / 6.242926e-01
PCG: 3 : 7.223655e-04 / 6.151028e-01
PCG: 4 : 6.995438e-04 / 5.956698e-01
PCG: 5 : 7.045122e-04 / 5.999005e-01
PCG: 6 : 6.715485e-04 / 5.718315e-01
PCG: 7 : 6.734324e-04 / 5.734357e-01
PCG: 8 : 8.131666e-04 / 6.924210e-01
PCG: 9 : 1.017755e-03 / 8.666303e-01
PCG: 0 : 1.017755e-03
PCG: 1 : 8.038253e-04 / 7.898026e-01
PCG: 2 : 6.555318e-04 / 6.440960e-01
PCG: 3 : 6.452271e-04 / 6.339712e-01
PCG: 4 : 6.676660e-04 / 6.560186e-01
PCG: 5 : 6.557702e-04 / 6.443303e-01
PCG: 6 : 6.674435e-04 / 6.557999e-01
PCG: 7 : 6.673300e-04 / 6.556884e-01
PCG: 8 : 8.088726e-04 / 7.947618e-01
PCG: 9 : 1.033876e-03 / 1.015840e+00
PCG: 0 : 1.033876e-03
PCG: 1 : 7.964614e-04 / 7.703643e-01
PCG: 2 : 6.451415e-04 / 6.240027e-01
PCG: 3 : 6.360242e-04 / 6.151841e-01
PCG: 4 : 6.156169e-04 / 5.954455e-01
PCG: 5 : 6.199955e-04 / 5.996805e-01
PCG: 6 : 5.912661e-04 / 5.718926e-01
PCG: 7 : 5.926106e-04 / 5.731930e-01
PCG: 8 : 7.159242e-04 / 6.924661e-01
PCG: 9 : 8.959692e-04 / 8.666117e-01
PCG: 0 : 8.959691e-04
PCG: 1 : 7.076659e-04 / 7.898329e-01
PCG: 2 : 5.768734e-04 / 6.438541e-01
PCG: 3 : 5.680778e-04 / 6.340373e-01
PCG: 4 : 5.875907e-04 / 6.558158e-01
PCG: 5 : 5.770759e-04 / 6.440802e-01
PCG: 6 : 5.876663e-04 / 6.559002e-01
PCG: 7 : 5.872076e-04 / 6.553882e-01
PCG: 8 : 7.121094e-04 / 7.947924e-01
PCG: 9 : 9.101733e-04 / 1.015853e+00
PCG: 0 : 9.101733e-04
PCG: 1 : 7.011553e-04 / 7.703537e-01
PCG: 2 : 5.677053e-04 / 6.237332e-01
PCG: 3 : 5.599999e-04 / 6.152673e-01
PCG: 4 : 5.417682e-04 / 5.952362e-01
PCG: 5 : 5.456260e-04 / 5.994748e-01
PCG: 6 : 5.205778e-04 / 5.719546e-01
PCG: 7 : 5.215001e-04 / 5.729679e-01
PCG: 8 : 6.303061e-04 / 6.925122e-01
PCG: 9 : 7.887524e-04 / 8.665959e-01
PCG: 0 : 7.887523e-04
PCG: 1 : 6.230067e-04 / 7.898635e-01
PCG: 2 : 5.076645e-04 / 6.436298e-01
PCG: 3 : 5.001516e-04 / 6.341047e-01
PCG: 4 : 5.171275e-04 / 6.556273e-01
PCG: 5 : 5.078334e-04 / 6.438439e-01
PCG: 6 : 5.174203e-04 / 6.559984e-01
PCG: 7 : 5.167169e-04 / 6.551066e-01
PCG: 8 : 6.269187e-04 / 7.948233e-01
PCG: 9 : 8.012668e-04 / 1.015866e+00
PCG: 0 : 8.012667e-04
PCG: 1 : 6.172518e-04 / 7.703451e-01
PCG: 2 : 4.995750e-04 / 6.234815e-01
PCG: 3 : 4.930605e-04 / 6.153513e-01
PCG: 4 : 4.767860e-04 / 5.950403e-01
PCG: 5 : 4.801845e-04 / 5.992817e-01
PCG: 6 : 4.583380e-04 / 5.720168e-01
PCG: 7 : 4.589323e-04 / 5.727585e-01
PCG: 8 : 5.549249e-04 / 6.925596e-01
PCG: 9 : 6.943629e-04 / 8.665814e-01
PCG: 0 : 6.943629e-04
PCG: 1 : 5.484738e-04 / 7.898951e-01
PCG: 2 : 4.467671e-04 / 6.434203e-01
PCG: 3 : 4.403453e-04 / 6.341718e-01
PCG: 4 : 4.551206e-04 / 6.554507e-01
PCG: 5 : 4.469061e-04 / 6.436203e-01
PCG: 6 : 4.555678e-04 / 6.560947e-01
PCG: 7 : 4.546986e-04 / 6.548429e-01
PCG: 8 : 5.519172e-04 / 7.948541e-01
PCG: 9 : 7.053886e-04 / 1.015879e+00
PCG: 0 : 7.053885e-04
PCG: 1 : 5.433864e-04 / 7.703363e-01
PCG: 2 : 4.396298e-04 / 6.232448e-01
PCG: 3 : 4.341199e-04 / 6.154338e-01
PCG: 4 : 4.196040e-04 / 5.948552e-01
PCG: 5 : 4.225973e-04 / 5.990986e-01
PCG: 6 : 4.035367e-04 / 5.720772e-01
PCG: 7 : 4.038787e-04 / 5.725620e-01
PCG: 8 : 4.885566e-04 / 6.926064e-01
PCG: 9 : 6.112659e-04 / 8.665663e-01
PCG: 0 : 6.112659e-04
PCG: 1 : 4.828559e-04 / 7.899277e-01
PCG: 2 : 3.931817e-04 / 6.432253e-01
PCG: 3 : 3.876887e-04 / 6.342390e-01
PCG: 4 : 4.005539e-04 / 6.552858e-01
PCG: 5 : 3.932943e-04 / 6.434095e-01
PCG: 6 : 4.011064e-04 / 6.561898e-01
PCG: 7 : 4.001324e-04 / 6.545963e-01
PCG: 8 : 4.858871e-04 / 7.948866e-01
PCG: 9 : 6.209819e-04 / 1.015895e+00
PCG: 0 : 6.209819e-04
PCG: 1 : 4.783593e-04 / 7.703274e-01
PCG: 2 : 3.868848e-04 / 6.230211e-01
PCG: 3 : 3.822226e-04 / 6.155133e-01
PCG: 4 : 3.692847e-04 / 5.946788e-01
PCG: 5 : 3.719206e-04 / 5.989235e-01
PCG: 6 : 3.552856e-04 / 5.721352e-01
PCG: 7 : 3.554352e-04 / 5.723762e-01
PCG: 8 : 4.301233e-04 / 6.926504e-01
PCG: 9 : 5.381107e-04 / 8.665482e-01
PCG: 0 : 5.381107e-04
PCG: 1 : 4.250866e-04 / 7.899612e-01
PCG: 2 : 3.460288e-04 / 6.430439e-01
PCG: 3 : 3.413270e-04 / 6.343063e-01
PCG: 4 : 3.525332e-04 / 6.551314e-01
PCG: 5 : 3.461187e-04 / 6.432109e-01
PCG: 6 : 3.531533e-04 / 6.562837e-01
PCG: 7 : 3.521214e-04 / 6.543661e-01
PCG: 8 : 4.277556e-04 / 7.949212e-01
PCG: 9 : 5.466746e-04 / 1.015915e+00
PCG: 0 : 5.466747e-04
PCG: 1 : 4.211135e-04 / 7.703183e-01
PCG: 2 : 3.404740e-04 / 6.228092e-01
PCG: 3 : 3.365274e-04 / 6.155900e-01
PCG: 4 : 3.250039e-04 / 5.945106e-01
PCG: 5 : 3.273248e-04 / 5.987561e-01
PCG: 6 : 3.128024e-04 / 5.721911e-01
PCG: 7 : 3.128079e-04 / 5.722013e-01
PCG: 8 : 3.786774e-04 / 6.926925e-01
PCG: 9 : 4.737101e-04 / 8.665302e-01
PCG: 0 : 4.737101e-04
PCG: 1 : 3.742280e-04 / 7.899938e-01
PCG: 2 : 3.045356e-04 / 6.428733e-01
PCG: 3 : 3.005082e-04 / 6.343716e-01
PCG: 4 : 3.102726e-04 / 6.549842e-01
PCG: 5 : 3.046055e-04 / 6.430210e-01
PCG: 6 : 3.109309e-04 / 6.563738e-01
PCG: 7 : 3.098763e-04 / 6.541475e-01
PCG: 8 : 3.765774e-04 / 7.949533e-01
PCG: 9 : 4.812574e-04 / 1.015932e+00
PCG: 0 : 4.812574e-04
PCG: 1 : 3.707175e-04 / 7.703102e-01
PCG: 2 : 2.996354e-04 / 6.226094e-01
PCG: 3 : 2.962934e-04 / 6.156651e-01
PCG: 4 : 2.860360e-04 / 5.943513e-01
PCG: 5 : 2.880792e-04 / 5.985969e-01
PCG: 6 : 2.753975e-04 / 5.722458e-01
PCG: 7 : 2.752971e-04 / 5.720372e-01
PCG: 8 : 3.333835e-04 / 6.927342e-01
PCG: 9 : 4.170171e-04 / 8.665158e-01
PCG: 0 : 4.170171e-04
PCG: 1 : 3.294536e-04 / 7.900240e-01
PCG: 2 : 2.680218e-04 / 6.427117e-01
PCG: 3 : 2.645698e-04 / 6.344339e-01
PCG: 4 : 2.730809e-04 / 6.548433e-01
PCG: 5 : 2.680748e-04 / 6.428387e-01
PCG: 6 : 2.737551e-04 / 6.564599e-01
PCG: 7 : 2.727039e-04 / 6.539392e-01
PCG: 8 : 3.315216e-04 / 7.949830e-01
PCG: 9 : 4.236674e-04 / 1.015947e+00
PCG: 0 : 4.236674e-04
PCG: 1 : 3.263521e-04 / 7.703027e-01
PCG: 2 : 2.636991e-04 / 6.224202e-01
PCG: 3 : 2.608683e-04 / 6.157384e-01
PCG: 4 : 2.517429e-04 / 5.941995e-01
PCG: 5 : 2.535416e-04 / 5.984450e-01
PCG: 6 : 2.424643e-04 / 5.722988e-01
PCG: 7 : 2.422880e-04 / 5.718827e-01
PCG: 8 : 2.935064e-04 / 6.927755e-01
PCG: 9 : 3.671092e-04 / 8.665033e-01
PCG: 0 : 3.671092e-04
PCG: 1 : 2.900356e-04 / 7.900527e-01
PCG: 2 : 2.358891e-04 / 6.425584e-01
PCG: 3 : 2.329281e-04 / 6.344926e-01
PCG: 4 : 2.403493e-04 / 6.547080e-01
PCG: 5 : 2.359275e-04 / 6.426631e-01
PCG: 6 : 2.410227e-04 / 6.565422e-01
PCG: 7 : 2.399944e-04 / 6.537413e-01
PCG: 8 : 2.918555e-04 / 7.950102e-01
PCG: 9 : 3.729686e-04 / 1.015961e+00
PCG: 0 : 3.729686e-04
PCG: 1 : 2.872953e-04 / 7.702937e-01
PCG: 2 : 2.320759e-04 / 6.222399e-01
PCG: 3 : 2.296773e-04 / 6.158087e-01
PCG: 4 : 2.215635e-04 / 5.940541e-01
PCG: 5 : 2.231469e-04 / 5.982995e-01
PCG: 6 : 2.134681e-04 / 5.723489e-01
PCG: 7 : 2.132397e-04 / 5.717363e-01
PCG: 8 : 2.583983e-04 / 6.928153e-01
PCG: 9 : 3.231737e-04 / 8.664905e-01
PCG: 0 : 3.231737e-04
PCG: 1 : 2.553335e-04 / 7.900813e-01
PCG: 2 : 2.076114e-04 / 6.424141e-01
PCG: 3 : 2.050697e-04 / 6.345495e-01
PCG: 4 : 2.115428e-04 / 6.545792e-01
PCG: 5 : 2.076374e-04 / 6.424946e-01
PCG: 6 : 2.122028e-04 / 6.566216e-01
PCG: 7 : 2.112114e-04 / 6.535536e-01
PCG: 8 : 2.569346e-04 / 7.950354e-01
PCG: 9 : 3.283366e-04 / 1.015976e+00
PCG: 0 : 3.283366e-04
PCG: 1 : 2.529123e-04 / 7.702836e-01
PCG: 2 : 2.042477e-04 / 6.220679e-01
PCG: 3 : 2.022145e-04 / 6.158755e-01
PCG: 4 : 1.950037e-04 / 5.939139e-01
PCG: 5 : 1.963976e-04 / 5.981593e-01
PCG: 6 : 1.879387e-04 / 5.723963e-01
PCG: 7 : 1.876761e-04 / 5.715967e-01
PCG: 8 : 2.274888e-04 / 6.928524e-01
PCG: 9 : 2.844958e-04 / 8.664761e-01
PCG: 0 : 2.844958e-04
PCG: 1 : 2.247829e-04 / 7.901098e-01
PCG: 2 : 1.827256e-04 / 6.422786e-01
PCG: 3 : 1.805426e-04 / 6.346055e-01
PCG: 4 : 1.861904e-04 / 6.544574e-01
PCG: 5 : 1.827416e-04 / 6.423349e-01
PCG: 6 : 1.868282e-04 / 6.566991e-01
PCG: 7 : 1.858830e-04 / 6.533770e-01
PCG: 8 : 2.261917e-04 / 7.950616e-01
PCG: 9 : 2.890462e-04 / 1.015995e+00
PCG: 0 : 2.890462e-04
PCG: 1 : 2.226441e-04 / 7.702715e-01
PCG: 2 : 1.797585e-04 / 6.219023e-01
PCG: 3 : 1.780346e-04 / 6.159382e-01
PCG: 4 : 1.716293e-04 / 5.937781e-01
PCG: 5 : 1.728563e-04 / 5.980230e-01
PCG: 6 : 1.654618e-04 / 5.724406e-01
PCG: 7 : 1.651793e-04 / 5.714634e-01
PCG: 8 : 2.002761e-04 / 6.928861e-01
PCG: 9 : 2.504471e-04 / 8.664603e-01
PCG: 0 : 2.504471e-04
PCG: 1 : 1.978873e-04 / 7.901363e-01
PCG: 2 : 1.608245e-04 / 6.421496e-01
PCG: 3 : 1.589483e-04 / 6.346583e-01
PCG: 4 : 1.638774e-04 / 6.543396e-01
PCG: 5 : 1.608323e-04 / 6.421809e-01
PCG: 6 : 1.644868e-04 / 6.567728e-01
PCG: 7 : 1.635939e-04 / 6.532073e-01
PCG: 8 : 1.991265e-04 / 7.950842e-01
PCG: 9 : 2.544569e-04 / 1.016011e+00
PCG: 0 : 2.544570e-04
PCG: 1 : 1.959979e-04 / 7.702594e-01
PCG: 2 : 1.582072e-04 / 6.217445e-01
PCG: 3 : 1.567452e-04 / 6.159987e-01
PCG: 4 : 1.510580e-04 / 5.936484e-01
PCG: 5 : 1.521379e-04 / 5.978923e-01
PCG: 6 : 1.456724e-04 / 5.724833e-01
PCG: 7 : 1.453808e-04 / 5.713376e-01
PCG: 8 : 1.763181e-04 / 6.929190e-01
PCG: 9 : 2.204738e-04 / 8.664481e-01
PCG: 0 : 2.204737e-04
PCG: 1 : 1.742095e-04 / 7.901598e-01
PCG: 2 : 1.415499e-04 / 6.420260e-01
PCG: 3 : 1.399364e-04 / 6.347079e-01
PCG: 4 : 1.442394e-04 / 6.542249e-01
PCG: 5 : 1.415511e-04 / 6.420317e-01
PCG: 6 : 1.448165e-04 / 6.568425e-01
PCG: 7 : 1.439791e-04 / 6.530442e-01
PCG: 8 : 1.752996e-04 / 7.951041e-01
PCG: 9 : 2.240068e-04 / 1.016025e+00
PCG: 0 : 2.240068e-04
PCG: 1 : 1.725407e-04 / 7.702479e-01
PCG: 2 : 1.392414e-04 / 6.215945e-01
PCG: 3 : 1.380010e-04 / 6.160573e-01
PCG: 4 : 1.329534e-04 / 5.935239e-01
PCG: 5 : 1.339038e-04 / 5.977666e-01
PCG: 6 : 1.282492e-04 / 5.725240e-01
PCG: 7 : 1.279567e-04 / 5.712181e-01
PCG: 8 : 1.552255e-04 / 6.929500e-01
PCG: 9 : 1.940879e-04 / 8.664375e-01
PCG: 0 : 1.940879e-04
PCG: 1 : 1.533644e-04 / 7.901805e-01
PCG: 2 : 1.245865e-04 / 6.419077e-01
PCG: 3 : 1.231981e-04 / 6.347541e-01
PCG: 4 : 1.269555e-04 / 6.541137e-01
PCG: 5 : 1.245825e-04 / 6.418871e-01
PCG: 6 : 1.274980e-04 / 6.569086e-01
PCG: 7 : 1.267176e-04 / 6.528879e-01
PCG: 8 : 1.543235e-04 / 7.951216e-01
PCG: 9 : 1.972005e-04 / 1.016037e+00
PCG: 0 : 1.972005e-04
PCG: 1 : 1.518908e-04 / 7.702351e-01
PCG: 2 : 1.225504e-04 / 6.214505e-01
PCG: 3 : 1.214979e-04 / 6.161134e-01
PCG: 4 : 1.170195e-04 / 5.934036e-01
PCG: 5 : 1.178559e-04 / 5.976448e-01
PCG: 6 : 1.129094e-04 / 5.725616e-01
PCG: 7 : 1.126218e-04 / 5.711031e-01
PCG: 8 : 1.366558e-04 / 6.929787e-01
PCG: 9 : 1.708598e-04 / 8.664266e-01
PCG: 0 : 1.708598e-04
PCG: 1 : 1.350135e-04 / 7.902005e-01
PCG: 2 : 1.096569e-04 / 6.417946e-01
PCG: 3 : 1.084614e-04 / 6.347980e-01
PCG: 4 : 1.117434e-04 / 6.540066e-01
PCG: 5 : 1.096488e-04 / 6.417476e-01
PCG: 6 : 1.122501e-04 / 6.569719e-01
PCG: 7 : 1.115268e-04 / 6.527387e-01
PCG: 8 : 1.358568e-04 / 7.951362e-01
PCG: 9 : 1.736024e-04 / 1.016052e+00
PCG: 0 : 1.736024e-04
PCG: 1 : 1.337118e-04 / 7.702186e-01
PCG: 2 : 1.078611e-04 / 6.213109e-01
PCG: 3 : 1.069678e-04 / 6.161654e-01
PCG: 4 : 1.029959e-04 / 5.932863e-01
PCG: 5 : 1.037320e-04 / 5.975262e-01
PCG: 6 : 9.940402e-05 / 5.725959e-01
PCG: 7 : 9.912563e-05 / 5.709924e-01
PCG: 8 : 1.203073e-04 / 6.930047e-01
PCG: 9 : 1.504114e-04 / 8.664132e-01
PCG: 0 : 1.504114e-04
PCG: 1 : 1.188581e-04 / 7.902201e-01
PCG: 2 : 9.651709e-05 / 6.416874e-01
PCG: 3 : 9.548716e-05 / 6.348400e-01
PCG: 4 : 9.835463e-05 / 6.539041e-01
PCG: 5 : 9.650604e-05 / 6.416139e-01
PCG: 6 : 9.882533e-05 / 6.570336e-01
PCG: 7 : 9.815796e-05 / 6.525966e-01
PCG: 8 : 1.195996e-04 / 7.951500e-01
PCG: 9 : 1.528284e-04 / 1.016069e+00
PCG: 0 : 1.528284e-04
PCG: 1 : 1.177085e-04 / 7.702004e-01
PCG: 2 : 9.493330e-05 / 6.211758e-01
PCG: 3 : 9.417502e-05 / 6.162142e-01
PCG: 4 : 9.065351e-05 / 5.931720e-01
PCG: 5 : 9.130131e-05 / 5.974106e-01
PCG: 6 : 8.751373e-05 / 5.726274e-01
PCG: 7 : 8.724747e-05 / 5.708852e-01
PCG: 8 : 1.059143e-04 / 6.930273e-01
PCG: 9 : 1.324103e-04 / 8.663983e-01
PCG: 0 : 1.324102e-04
PCG: 1 : 1.046356e-04 / 7.902378e-01
PCG: 2 : 8.495244e-05 / 6.415851e-01
PCG: 3 : 8.406470e-05 / 6.348806e-01
PCG: 4 : 8.657057e-05 / 6.538057e-01
PCG: 5 : 8.493926e-05 / 6.414855e-01
PCG: 6 : 8.700582e-05 / 6.570928e-01
PCG: 7 : 8.639256e-05 / 6.524613e-01
PCG: 8 : 1.052878e-04 / 7.951634e-01
PCG: 9 : 1.345404e-04 / 1.016087e+00
PCG: 0 : 1.345404e-04
PCG: 1 : 1.036206e-04 / 7.701825e-01
PCG: 2 : 8.355582e-05 / 6.210465e-01
PCG: 3 : 8.291190e-05 / 6.162605e-01
PCG: 4 : 7.979070e-05 / 5.930614e-01
PCG: 5 : 8.036075e-05 / 5.972984e-01
PCG: 6 : 7.704550e-05 / 5.726572e-01
PCG: 7 : 7.679332e-05 / 5.707828e-01
PCG: 8 : 9.324282e-05 / 6.930472e-01
PCG: 9 : 1.165638e-04 / 8.663855e-01
PCG: 0 : 1.165638e-04
PCG: 1 : 9.211477e-05 / 7.902520e-01
PCG: 2 : 7.477401e-05 / 6.414858e-01
PCG: 3 : 7.400841e-05 / 6.349177e-01
PCG: 4 : 7.619875e-05 / 6.537085e-01
PCG: 5 : 7.475934e-05 / 6.413599e-01
PCG: 6 : 7.659966e-05 / 6.571479e-01
PCG: 7 : 7.603800e-05 / 6.523294e-01
PCG: 8 : 9.268837e-05 / 7.951729e-01
PCG: 9 : 1.184406e-04 / 1.016101e+00
PCG: 0 : 1.184406e-04
PCG: 1 : 9.121865e-05 / 7.701638e-01
PCG: 2 : 7.354236e-05 / 6.209220e-01
PCG: 3 : 7.299553e-05 / 6.163051e-01
PCG: 4 : 7.022991e-05 / 5.929548e-01
PCG: 5 : 7.073156e-05 / 5.971903e-01
PCG: 6 : 6.782918e-05 / 5.726853e-01
PCG: 7 : 6.759226e-05 / 5.706850e-01
PCG: 8 : 8.208715e-05 / 6.930661e-01
PCG: 9 : 1.026140e-04 / 8.663750e-01
PCG: 0 : 1.026140e-04
PCG: 1 : 8.109212e-05 / 7.902640e-01
PCG: 2 : 6.581560e-05 / 6.413903e-01
PCG: 3 : 6.515495e-05 / 6.349521e-01
PCG: 4 : 6.706988e-05 / 6.536136e-01
PCG: 5 : 6.579988e-05 / 6.412371e-01
PCG: 6 : 6.743784e-05 / 6.571994e-01
PCG: 7 : 6.692494e-05 / 6.522011e-01
PCG: 8 : 8.159647e-05 / 7.951789e-01
PCG: 9 : 1.042675e-04 / 1.016114e+00
PCG: 0 : 1.042675e-04
PCG: 1 : 8.030092e-05 / 7.701433e-01
PCG: 2 : 6.472935e-05 / 6.208008e-01
PCG: 3 : 6.426494e-05 / 6.163468e-01
PCG: 4 : 6.181510e-05 / 5.928510e-01
PCG: 5 : 6.225655e-05 / 5.970849e-01
PCG: 6 : 5.971519e-05 / 5.727114e-01
PCG: 7 : 5.949413e-05 / 5.705913e-01
PCG: 8 : 7.226606e-05 / 6.930832e-01
PCG: 9 : 9.033368e-05 / 8.663647e-01
PCG: 0 : 9.033368e-05
PCG: 1 : 7.138838e-05 / 7.902742e-01
PCG: 2 : 5.793083e-05 / 6.412982e-01
PCG: 3 : 5.736047e-05 / 6.349843e-01
PCG: 4 : 5.903499e-05 / 6.535213e-01
PCG: 5 : 5.791457e-05 / 6.411183e-01
PCG: 6 : 5.937166e-05 / 6.572484e-01
PCG: 7 : 5.890458e-05 / 6.520777e-01
PCG: 8 : 7.183182e-05 / 7.951831e-01
PCG: 9 : 9.179063e-05 / 1.016128e+00
PCG: 0 : 9.179063e-05
PCG: 1 : 7.068989e-05 / 7.701210e-01
PCG: 2 : 5.697293e-05 / 6.206835e-01
PCG: 3 : 5.657845e-05 / 6.163859e-01
PCG: 4 : 5.440885e-05 / 5.927495e-01
PCG: 5 : 5.479731e-05 / 5.969816e-01
PCG: 6 : 5.257164e-05 / 5.727343e-01
PCG: 7 : 5.236651e-05 / 5.704995e-01
PCG: 8 : 6.361981e-05 / 6.930970e-01
PCG: 9 : 7.952303e-05 / 8.663524e-01
PCG: 0 : 7.952302e-05
PCG: 1 : 6.284570e-05 / 7.902831e-01
PCG: 2 : 5.099091e-05 / 6.412094e-01
PCG: 3 : 5.049828e-05 / 6.350146e-01
PCG: 4 : 5.196288e-05 / 6.534320e-01
PCG: 5 : 5.097453e-05 / 6.410034e-01
PCG: 6 : 5.227013e-05 / 6.572956e-01
PCG: 7 : 5.184581e-05 / 6.519598e-01
PCG: 8 : 6.323560e-05 / 7.951861e-01
PCG: 9 : 8.080686e-05 / 1.016144e+00
PCG: 0 : 8.080685e-05
PCG: 1 : 6.222908e-05 / 7.700965e-01
PCG: 2 : 5.014625e-05 / 6.205693e-01
PCG: 3 : 4.981113e-05 / 6.164221e-01
PCG: 4 : 4.789019e-05 / 5.926501e-01
PCG: 5 : 4.823202e-05 / 5.968803e-01
PCG: 6 : 4.628252e-05 / 5.727549e-01
PCG: 7 : 4.609305e-05 / 5.704102e-01
PCG: 8 : 5.600790e-05 / 6.931083e-01
PCG: 9 : 7.000612e-05 / 8.663389e-01
PCG: 0 : 7.000611e-05
PCG: 1 : 5.532520e-05 / 7.902910e-01
PCG: 2 : 4.488260e-05 / 6.411240e-01
PCG: 3 : 4.445691e-05 / 6.350432e-01
PCG: 4 : 4.573816e-05 / 6.533453e-01
PCG: 5 : 4.486637e-05 / 6.408921e-01
PCG: 6 : 4.601785e-05 / 6.573404e-01
PCG: 7 : 4.563321e-05 / 6.518461e-01
PCG: 8 : 5.566795e-05 / 7.951870e-01
PCG: 9 : 7.113748e-05 / 1.016161e+00
PCG: 0 : 7.113748e-05
PCG: 1 : 5.478084e-05 / 7.700700e-01
PCG: 2 : 4.413780e-05 / 6.204578e-01
PCG: 3 : 4.385308e-05 / 6.164553e-01
PCG: 4 : 4.215271e-05 / 5.925528e-01
PCG: 5 : 4.245355e-05 / 5.967818e-01
PCG: 6 : 4.074569e-05 / 5.727739e-01
PCG: 7 : 4.057140e-05 / 5.703238e-01
PCG: 8 : 4.930664e-05 / 6.931176e-01
PCG: 9 : 6.162819e-05 / 8.663251e-01
PCG: 0 : 6.162819e-05
PCG: 1 : 4.870459e-05 / 7.902973e-01
PCG: 2 : 3.950625e-05 / 6.410419e-01
PCG: 3 : 3.913826e-05 / 6.350707e-01
PCG: 4 : 4.025930e-05 / 6.532611e-01
PCG: 5 : 3.949034e-05 / 6.407838e-01
PCG: 6 : 4.051331e-05 / 6.573827e-01
PCG: 7 : 4.016526e-05 / 6.517352e-01
PCG: 8 : 4.900584e-05 / 7.951854e-01
PCG: 9 : 6.262518e-05 / 1.016177e+00
PCG: 0 : 6.262518e-05
PCG: 1 : 4.822408e-05 / 7.700430e-01
PCG: 2 : 3.884951e-05 / 6.203496e-01
PCG: 3 : 3.860760e-05 / 6.164868e-01
PCG: 4 : 3.710279e-05 / 5.924580e-01
PCG: 5 : 3.736755e-05 / 5.966857e-01
PCG: 6 : 3.587116e-05 / 5.727913e-01
PCG: 7 : 3.571143e-05 / 5.702407e-01
PCG: 8 : 4.340708e-05 / 6.931249e-01
PCG: 9 : 5.425311e-05 / 8.663146e-01
PCG: 0 : 5.425310e-05
PCG: 1 : 4.287621e-05 / 7.902997e-01
PCG: 2 : 3.477411e-05 / 6.409608e-01
PCG: 3 : 3.445585e-05 / 6.350945e-01
PCG: 4 : 3.543686e-05 / 6.531767e-01
PCG: 5 : 3.475870e-05 / 6.406767e-01
PCG: 6 : 3.566713e-05 / 6.574211e-01
PCG: 7 : 3.535271e-05 / 6.516257e-01
PCG: 8 : 4.314098e-05 / 7.951800e-01
PCG: 9 : 5.513142e-05 / 1.016189e+00
PCG: 0 : 5.513142e-05
PCG: 1 : 4.245204e-05 / 7.700154e-01
PCG: 2 : 3.419497e-05 / 6.202448e-01
PCG: 3 : 3.398947e-05 / 6.165172e-01
PCG: 4 : 3.265799e-05 / 5.923662e-01
PCG: 5 : 3.289098e-05 / 5.965924e-01
PCG: 6 : 3.157970e-05 / 5.728078e-01
PCG: 7 : 3.143379e-05 / 5.701611e-01
PCG: 8 : 3.821333e-05 / 6.931317e-01
PCG: 9 : 4.776069e-05 / 8.663062e-01
PCG: 0 : 4.776068e-05
PCG: 1 : 3.774526e-05 / 7.902999e-01
PCG: 2 : 3.060893e-05 / 6.408812e-01
PCG: 3 : 3.033357e-05 / 6.351159e-01
PCG: 4 : 3.119219e-05 / 6.530935e-01
PCG: 5 : 3.059412e-05 / 6.405713e-01
PCG: 6 : 3.140056e-05 / 6.574562e-01
PCG: 7 : 3.111697e-05 / 6.515185e-01
PCG: 8 : 3.797794e-05 / 7.951717e-01
PCG: 9 : 4.853440e-05 / 1.016200e+00
PCG: 0 : 4.853440e-05
PCG: 1 : 3.737084e-05 / 7.699865e-01
PCG: 2 : 3.009826e-05 / 6.201427e-01
PCG: 3 : 2.992367e-05 / 6.165456e-01
PCG: 4 : 2.874579e-05 / 5.922765e-01
PCG: 5 : 2.895083e-05 / 5.965013e-01
PCG: 6 : 2.780158e-05 / 5.728222e-01
PCG: 7 : 2.766864e-05 / 5.700830e-01
PCG: 8 : 3.364096e-05 / 6.931363e-01
PCG: 9 : 4.204522e-05 / 8.662973e-01
PCG: 0 : 4.204522e-05
PCG: 1 : 3.322828e-05 / 7.902985e-01
PCG: 2 : 2.694275e-05 / 6.408040e-01
PCG: 3 : 2.670442e-05 / 6.351357e-01
PCG: 4 : 2.745606e-05 / 6.530126e-01
PCG: 5 : 2.692865e-05 / 6.404687e-01
PCG: 6 : 2.764431e-05 / 6.574898e-01
PCG: 7 : 2.738889e-05 / 6.514149e-01
PCG: 8 : 3.343275e-05 / 7.951617e-01
PCG: 9 : 4.272688e-05 / 1.016212e+00
PCG: 0 : 4.272688e-05
PCG: 1 : 3.289778e-05 / 7.699552e-01
PCG: 2 : 2.649249e-05 / 6.200426e-01
PCG: 3 : 2.634417e-05 / 6.165714e-01
PCG: 4 : 2.530232e-05 / 5.921874e-01
PCG: 5 : 2.548278e-05 / 5.964110e-01
PCG: 6 : 2.447540e-05 / 5.728338e-01
PCG: 7 : 2.435458e-05 / 5.700061e-01
PCG: 8 : 2.961561e-05 / 6.931377e-01
PCG: 9 : 3.701368e-05 / 8.662855e-01
PCG: 0 : 3.701367e-05
PCG: 1 : 2.925181e-05 / 7.902974e-01
PCG: 2 : 2.371578e-05 / 6.407301e-01
PCG: 3 : 2.350941e-05 / 6.351548e-01
PCG: 4 : 2.416752e-05 / 6.529348e-01
PCG: 5 : 2.370245e-05 / 6.403701e-01
PCG: 6 : 2.433735e-05 / 6.575232e-01
PCG: 7 : 2.410759e-05 / 6.513159e-01
PCG: 8 : 2.943150e-05 / 7.951520e-01
PCG: 9 : 3.761437e-05 / 1.016229e+00
PCG: 0 : 3.761437e-05
PCG: 1 : 2.896011e-05 / 7.699214e-01
PCG: 2 : 2.331877e-05 / 6.199431e-01
PCG: 3 : 2.319280e-05 / 6.165942e-01
PCG: 4 : 2.227145e-05 / 5.920994e-01
PCG: 5 : 2.243027e-05 / 5.963220e-01
PCG: 6 : 2.154715e-05 / 5.728437e-01
PCG: 7 : 2.143758e-05 / 5.699305e-01
PCG: 8 : 2.607189e-05 / 6.931365e-01
PCG: 9 : 3.258430e-05 / 8.662727e-01
PCG: 0 : 3.258430e-05
PCG: 1 : 2.575118e-05 / 7.902941e-01
PCG: 2 : 2.087538e-05 / 6.406578e-01
PCG: 3 : 2.069665e-05 / 6.351723e-01
PCG: 4 : 2.127291e-05 / 6.528577e-01
PCG: 5 : 2.086286e-05 / 6.402733e-01
PCG: 6 : 2.142593e-05 / 6.575537e-01
PCG: 7 : 2.121950e-05 / 6.512184e-01
PCG: 8 : 2.590906e-05 / 7.951395e-01
PCG: 9 : 3.311357e-05 / 1.016243e+00
PCG: 0 : 3.311357e-05
PCG: 1 : 2.549372e-05 / 7.698873e-01
PCG: 2 : 2.052533e-05 / 6.198466e-01
PCG: 3 : 2.041835e-05 / 6.166157e-01
PCG: 4 : 1.960369e-05 / 5.920137e-01
PCG: 5 : 1.974348e-05 / 5.962353e-01
PCG: 6 : 1.896921e-05 / 5.728531e-01
PCG: 7 : 1.887003e-05 / 5.698579e-01
PCG: 8 : 2.295217e-05 / 6.931348e-01
PCG: 9 : 2.868506e-05 / 8.662630e-01
PCG: 0 : 2.868506e-05
PCG: 1 : 2.266946e-05 / 7.902880e-01
PCG: 2 : 1.837526e-05 / 6.405866e-01
PCG: 3 : 1.822039e-05 / 6.351876e-01
PCG: 4 : 1.872505e-05 / 6.527807e-01
PCG: 5 : 1.836351e-05 / 6.401770e-01
PCG: 6 : 1.886274e-05 / 6.575807e-01
PCG: 7 : 1.867745e-05 / 6.511213e-01
PCG: 8 : 2.280817e-05 / 7.951238e-01
PCG: 9 : 2.915132e-05 / 1.016255e+00
PCG: 0 : 2.915132e-05
PCG: 1 : 2.244224e-05 / 7.698534e-01
PCG: 2 : 1.806660e-05 / 6.197525e-01
PCG: 3 : 1.797576e-05 / 6.166360e-01
PCG: 4 : 1.725554e-05 / 5.919300e-01
PCG: 5 : 1.737858e-05 / 5.961508e-01
PCG: 6 : 1.669967e-05 / 5.728616e-01
PCG: 7 : 1.661004e-05 / 5.697870e-01
PCG: 8 : 2.020569e-05 / 6.931312e-01
PCG: 9 : 2.525249e-05 / 8.662554e-01
PCG: 0 : 2.525249e-05
PCG: 1 : 1.995650e-05 / 7.902786e-01
PCG: 2 : 1.617460e-05 / 6.405152e-01
PCG: 3 : 1.604040e-05 / 6.352007e-01
PCG: 4 : 1.648241e-05 / 6.527042e-01
PCG: 5 : 1.616367e-05 / 6.400822e-01
PCG: 6 : 1.660618e-05 / 6.576056e-01
PCG: 7 : 1.644004e-05 / 6.510263e-01
PCG: 8 : 2.007841e-05 / 7.951062e-01
PCG: 9 : 2.566322e-05 / 1.016265e+00
PCG: 0 : 2.566322e-05
PCG: 1 : 1.975601e-05 / 7.698183e-01
PCG: 2 : 1.590248e-05 / 6.196606e-01
PCG: 3 : 1.582535e-05 / 6.166551e-01
PCG: 4 : 1.518872e-05 / 5.918478e-01
PCG: 5 : 1.529700e-05 / 5.960672e-01
PCG: 6 : 1.470163e-05 / 5.728678e-01
PCG: 7 : 1.462077e-05 / 5.697170e-01
PCG: 8 : 1.778783e-05 / 6.931255e-01
PCG: 9 : 2.223068e-05 / 8.662468e-01
PCG: 0 : 2.223068e-05
PCG: 1 : 1.756820e-05 / 7.902681e-01
PCG: 2 : 1.423754e-05 / 6.404455e-01
PCG: 3 : 1.412120e-05 / 6.352121e-01
PCG: 4 : 1.450839e-05 / 6.526292e-01
PCG: 5 : 1.422740e-05 / 6.399894e-01
PCG: 6 : 1.461955e-05 / 6.576295e-01
PCG: 7 : 1.447070e-05 / 6.509337e-01
PCG: 8 : 1.767532e-05 / 7.950869e-01
PCG: 9 : 2.259251e-05 / 1.016276e+00
PCG: 0 : 2.259251e-05
PCG: 1 : 1.739129e-05 / 7.697814e-01
PCG: 2 : 1.399764e-05 / 6.195701e-01
PCG: 3 : 1.393218e-05 / 6.166726e-01
PCG: 4 : 1.336949e-05 / 5.917665e-01
PCG: 5 : 1.346479e-05 / 5.959849e-01
PCG: 6 : 1.294262e-05 / 5.728722e-01
PCG: 7 : 1.286976e-05 / 5.696474e-01
PCG: 8 : 1.565927e-05 / 6.931179e-01
PCG: 9 : 1.957047e-05 / 8.662372e-01
PCG: 0 : 1.957047e-05
PCG: 1 : 1.546570e-05 / 7.902568e-01
PCG: 2 : 1.253247e-05 / 6.403764e-01
PCG: 3 : 1.243160e-05 / 6.352222e-01
PCG: 4 : 1.277082e-05 / 6.525558e-01
PCG: 5 : 1.252312e-05 / 6.398986e-01
PCG: 6 : 1.287056e-05 / 6.576521e-01
PCG: 7 : 1.273733e-05 / 6.508442e-01
PCG: 8 : 1.555982e-05 / 7.950665e-01
PCG: 9 : 1.988924e-05 / 1.016289e+00
PCG: 0 : 1.988924e-05
PCG: 1 : 1.530960e-05 / 7.697424e-01
PCG: 2 : 1.232100e-05 / 6.194807e-01
PCG: 3 : 1.226546e-05 / 6.166880e-01
PCG: 4 : 1.176818e-05 / 5.916858e-01
PCG: 5 : 1.185208e-05 / 5.959038e-01
PCG: 6 : 1.139406e-05 / 5.728756e-01
PCG: 7 : 1.132850e-05 / 5.695792e-01
PCG: 8 : 1.378541e-05 / 6.931087e-01
PCG: 9 : 1.722860e-05 / 8.662271e-01
PCG: 0 : 1.722860e-05
PCG: 1 : 1.361481e-05 / 7.902448e-01
PCG: 2 : 1.103165e-05 / 6.403100e-01
PCG: 3 : 1.094416e-05 / 6.352323e-01
PCG: 4 : 1.124139e-05 / 6.524841e-01
PCG: 5 : 1.102303e-05 / 6.398100e-01
PCG: 6 : 1.133079e-05 / 6.576730e-01
PCG: 7 : 1.121162e-05 / 6.507560e-01
PCG: 8 : 1.369751e-05 / 7.950446e-01
PCG: 9 : 1.750946e-05 / 1.016302e+00
PCG: 0 : 1.750946e-05
PCG: 1 : 1.347707e-05 / 7.697019e-01
PCG: 2 : 1.084522e-05 / 6.193922e-01
PCG: 3 : 1.079810e-05 / 6.167010e-01
PCG: 4 : 1.035870e-05 / 5.916059e-01
PCG: 5 : 1.043255e-05 / 5.958234e-01
PCG: 6 : 1.003078e-05 / 5.728778e-01
PCG: 7 : 9.971848e-06 / 5.695120e-01
PCG: 8 : 1.213576e-05 / 6.930975e-01
PCG: 9 : 1.516699e-05 / 8.662168e-01
PCG: 0 : 1.516699e-05
PCG: 1 : 1.198542e-05 / 7.902310e-01
PCG: 2 : 9.710580e-06 / 6.402445e-01
PCG: 3 : 9.634694e-06 / 6.352411e-01
PCG: 4 : 9.895135e-06 / 6.524127e-01
PCG: 5 : 9.702662e-06 / 6.397224e-01
PCG: 6 : 9.975202e-06 / 6.576917e-01
PCG: 7 : 9.868681e-06 / 6.506684e-01
PCG: 8 : 1.205807e-05 / 7.950206e-01
PCG: 9 : 1.541443e-05 / 1.016314e+00
PCG: 0 : 1.541443e-05
PCG: 1 : 1.186388e-05 / 7.696608e-01
PCG: 2 : 9.546228e-06 / 6.193048e-01
PCG: 3 : 9.506273e-06 / 6.167128e-01
PCG: 4 : 9.118054e-06 / 5.915273e-01
PCG: 5 : 9.183061e-06 / 5.957446e-01
PCG: 6 : 8.830610e-06 / 5.728796e-01
PCG: 7 : 8.777693e-06 / 5.694467e-01
PCG: 8 : 1.068351e-05 / 6.930851e-01
PCG: 9 : 1.335210e-05 / 8.662081e-01
PCG: 0 : 1.335210e-05
PCG: 1 : 1.055103e-05 / 7.902149e-01
PCG: 2 : 8.547738e-06 / 6.401792e-01
PCG: 3 : 8.481894e-06 / 6.352479e-01
PCG: 4 : 8.710123e-06 / 6.523411e-01
PCG: 5 : 8.540475e-06 / 6.396353e-01
PCG: 6 : 8.781783e-06 / 6.577080e-01
PCG: 7 : 8.686623e-06 / 6.505810e-01
PCG: 8 : 1.061484e-05 / 7.949939e-01
PCG: 9 : 1.357006e-05 / 1.016324e+00
PCG: 0 : 1.357006e-05
PCG: 1 : 1.044378e-05 / 7.696195e-01
PCG: 2 : 8.402845e-06 / 6.192194e-01
PCG: 3 : 8.368989e-06 / 6.167246e-01
PCG: 4 : 8.026021e-06 / 5.914506e-01
PCG: 5 : 8.083243e-06 / 5.956675e-01
PCG: 6 : 7.774021e-06 / 5.728804e-01
PCG: 7 : 7.726560e-06 / 5.693829e-01
PCG: 8 : 9.405032e-06 / 6.930723e-01
PCG: 9 : 1.175442e-05 / 8.662022e-01
PCG: 0 : 1.175441e-05
PCG: 1 : 9.288295e-06 / 7.901963e-01
PCG: 2 : 7.524163e-06 / 6.401138e-01
PCG: 3 : 7.467020e-06 / 6.352524e-01
PCG: 4 : 7.667045e-06 / 6.522694e-01
PCG: 5 : 7.517518e-06 / 6.395485e-01
PCG: 6 : 7.731143e-06 / 6.577225e-01
PCG: 7 : 7.646177e-06 / 6.504942e-01
PCG: 8 : 9.344346e-06 / 7.949648e-01
PCG: 9 : 1.194639e-05 / 1.016332e+00
PCG: 0 : 1.194639e-05
PCG: 1 : 9.193668e-06 / 7.695771e-01
PCG: 2 : 7.396429e-06 / 6.191351e-01
PCG: 3 : 7.367757e-06 / 6.167350e-01
PCG: 4 : 7.064789e-06 / 5.913745e-01
PCG: 5 : 7.115165e-06 / 5.955912e-01
PCG: 6 : 6.843847e-06 / 5.728799e-01
PCG: 7 : 6.801311e-06 / 5.693194e-01
PCG: 8 : 8.279540e-06 / 6.930580e-01
PCG: 9 : 1.034790e-05 / 8.661950e-01
PCG: 0 : 1.034790e-05
PCG: 1 : 8.176675e-06 / 7.901770e-01
PCG: 2 : 6.623166e-06 / 6.400492e-01
PCG: 3 : 6.573570e-06 / 6.352563e-01
PCG: 4 : 6.748895e-06 / 6.521993e-01
PCG: 5 : 6.617106e-06 / 6.394635e-01
PCG: 6 : 6.806189e-06 / 6.577361e-01
PCG: 7 : 6.730376e-06 / 6.504097e-01
PCG: 8 : 8.225908e-06 / 7.949348e-01
PCG: 9 : 1.051701e-05 / 1.016343e+00
PCG: 0 : 1.051701e-05
PCG: 1 : 8.093180e-06 / 7.695321e-01
PCG: 2 : 6.510568e-06 / 6.190510e-01
PCG: 3 : 6.486297e-06 / 6.167433e-01
PCG: 4 : 6.218694e-06 / 5.912985e-01
PCG: 5 : 6.263040e-06 / 5.955150e-01
PCG: 6 : 6.024964e-06 / 5.728779e-01
PCG: 7 : 5.986868e-06 / 5.692555e-01
PCG: 8 : 7.288722e-06 / 6.930410e-01
PCG: 9 : 9.109685e-06 / 8.661855e-01
PCG: 0 : 9.109685e-06
PCG: 1 : 7.198086e-06 / 7.901575e-01
PCG: 2 : 5.830070e-06 / 6.399859e-01
PCG: 3 : 5.787017e-06 / 6.352598e-01
PCG: 4 : 5.940702e-06 / 6.521302e-01
PCG: 5 : 5.824555e-06 / 6.393805e-01
PCG: 6 : 5.991887e-06 / 6.577490e-01
PCG: 7 : 5.924273e-06 / 6.503268e-01
PCG: 8 : 7.241327e-06 / 7.949042e-01
PCG: 9 : 9.258672e-06 / 1.016355e+00
PCG: 0 : 9.258672e-06
PCG: 1 : 7.124420e-06 / 7.694862e-01
PCG: 2 : 5.730818e-06 / 6.189675e-01
PCG: 3 : 5.710287e-06 / 6.167501e-01
PCG: 4 : 5.473943e-06 / 5.912234e-01
PCG: 5 : 5.512982e-06 / 5.954398e-01
PCG: 6 : 5.304063e-06 / 5.728751e-01
PCG: 7 : 5.269969e-06 / 5.691928e-01
PCG: 8 : 6.416473e-06 / 6.930230e-01
PCG: 9 : 8.019641e-06 / 8.661761e-01
PCG: 0 : 8.019640e-06
PCG: 1 : 6.336614e-06 / 7.901371e-01
PCG: 2 : 5.131959e-06 / 6.399239e-01
PCG: 3 : 5.094580e-06 / 6.352630e-01
PCG: 4 : 5.229304e-06 / 6.520622e-01
PCG: 5 : 5.126946e-06 / 6.392988e-01
PCG: 6 : 5.275007e-06 / 6.577610e-01
PCG: 7 : 5.214730e-06 / 6.502450e-01
PCG: 8 : 6.374590e-06 / 7.948724e-01
PCG: 9 : 8.150893e-06 / 1.016366e+00
PCG: 0 : 8.150893e-06
PCG: 1 : 6.271621e-06 / 7.694397e-01
PCG: 2 : 5.044465e-06 / 6.188849e-01
PCG: 3 : 5.027112e-06 / 6.167560e-01
PCG: 4 : 4.818391e-06 / 5.911488e-01
PCG: 5 : 4.852761e-06 / 5.953655e-01
PCG: 6 : 4.669414e-06 / 5.728714e-01
PCG: 7 : 4.638924e-06 / 5.691307e-01
PCG: 8 : 5.648596e-06 / 6.930034e-01
PCG: 9 : 7.060042e-06 / 8.661678e-01
PCG: 0 : 7.060042e-06
PCG: 1 : 5.578237e-06 / 7.901139e-01
PCG: 2 : 4.517449e-06 / 6.398615e-01
PCG: 3 : 4.484992e-06 / 6.352643e-01
PCG: 4 : 4.603103e-06 / 6.519938e-01
PCG: 5 : 4.512899e-06 / 6.392170e-01
PCG: 6 : 4.643888e-06 / 6.577706e-01
PCG: 7 : 4.590177e-06 / 6.501628e-01
PCG: 8 : 5.611591e-06 / 7.948382e-01
PCG: 9 : 7.175654e-06 / 1.016376e+00
PCG: 0 : 7.175654e-06
PCG: 1 : 5.520902e-06 / 7.693935e-01
PCG: 2 : 4.440326e-06 / 6.188044e-01
PCG: 3 : 4.425668e-06 / 6.167616e-01
PCG: 4 : 4.241353e-06 / 5.910755e-01
PCG: 5 : 4.271614e-06 / 5.952927e-01
PCG: 6 : 4.110700e-06 / 5.728676e-01
PCG: 7 : 4.083448e-06 / 5.690698e-01
PCG: 8 : 4.972608e-06 / 6.929833e-01
PCG: 9 : 6.215281e-06 / 8.661623e-01
PCG: 0 : 6.215280e-06
PCG: 1 : 4.910619e-06 / 7.900881e-01
PCG: 2 : 3.976525e-06 / 6.397982e-01
PCG: 3 : 3.948344e-06 / 6.352640e-01
PCG: 4 : 4.051896e-06 / 6.519248e-01
PCG: 5 : 3.972404e-06 / 6.391351e-01
PCG: 6 : 4.088277e-06 / 6.577784e-01
PCG: 7 : 4.040435e-06 / 6.500809e-01
PCG: 8 : 4.939918e-06 / 7.948021e-01
PCG: 9 : 6.317102e-06 / 1.016383e+00
PCG: 0 : 6.317101e-06
PCG: 1 : 4.860040e-06 / 7.693466e-01
PCG: 2 : 3.908545e-06 / 6.187245e-01
PCG: 3 : 3.896178e-06 / 6.167666e-01
PCG: 4 : 3.733427e-06 / 5.910032e-01
PCG: 5 : 3.760072e-06 / 5.952212e-01
PCG: 6 : 3.618838e-06 / 5.728638e-01
PCG: 7 : 3.594493e-06 / 5.690099e-01
PCG: 8 : 4.377519e-06 / 6.929633e-01
PCG: 9 : 5.471608e-06 / 8.661581e-01
PCG: 0 : 5.471608e-06
PCG: 1 : 4.322905e-06 / 7.900611e-01
PCG: 2 : 3.500377e-06 / 6.397347e-01
PCG: 3 : 3.475903e-06 / 6.352617e-01
PCG: 4 : 3.566699e-06 / 6.518558e-01
PCG: 5 : 3.496647e-06 / 6.390530e-01
PCG: 6 : 3.599137e-06 / 6.577841e-01
PCG: 7 : 3.556538e-06 / 6.499987e-01
PCG: 8 : 4.348632e-06 / 7.947631e-01
PCG: 9 : 5.561276e-06 / 1.016388e+00
PCG: 0 : 5.561276e-06
PCG: 1 : 4.278281e-06 / 7.692984e-01
PCG: 2 : 3.440458e-06 / 6.186454e-01
PCG: 3 : 3.430033e-06 / 6.167709e-01
PCG: 4 : 3.286332e-06 / 5.909312e-01
PCG: 5 : 3.309792e-06 / 5.951498e-01
PCG: 6 : 3.185821e-06 / 5.728580e-01
PCG: 7 : 3.164086e-06 / 5.689497e-01
PCG: 8 : 3.853639e-06 / 6.929415e-01
PCG: 9 : 4.816911e-06 / 8.661521e-01
PCG: 0 : 4.816911e-06
PCG: 1 : 3.805525e-06 / 7.900342e-01
PCG: 2 : 3.081245e-06 / 6.396725e-01
PCG: 3 : 3.059989e-06 / 6.352596e-01
PCG: 4 : 3.139609e-06 / 6.517888e-01
PCG: 5 : 3.077879e-06 / 6.389736e-01
PCG: 6 : 3.168519e-06 / 6.577908e-01
PCG: 7 : 3.130604e-06 / 6.499195e-01
PCG: 8 : 3.828121e-06 / 7.947253e-01
PCG: 9 : 4.895899e-06 / 1.016398e+00
PCG: 0 : 4.895899e-06
PCG: 1 : 3.766160e-06 / 7.692479e-01
PCG: 2 : 3.028435e-06 / 6.185657e-01
PCG: 3 : 3.019657e-06 / 6.167728e-01
PCG: 4 : 2.892784e-06 / 5.908586e-01
PCG: 5 : 2.913442e-06 / 5.950782e-01
PCG: 6 : 2.804618e-06 / 5.728505e-01
PCG: 7 : 2.785220e-06 / 5.688884e-01
PCG: 8 : 3.392449e-06 / 6.929166e-01
PCG: 9 : 4.240547e-06 / 8.661427e-01
PCG: 0 : 4.240547e-06
PCG: 1 : 3.350063e-06 / 7.900074e-01
PCG: 2 : 2.712302e-06 / 6.396114e-01
PCG: 3 : 2.693841e-06 / 6.352578e-01
PCG: 4 : 2.763662e-06 / 6.517230e-01
PCG: 5 : 2.709267e-06 / 6.388958e-01
PCG: 6 : 2.789421e-06 / 6.577974e-01
PCG: 7 : 2.755686e-06 / 6.498423e-01
PCG: 8 : 3.369910e-06 / 7.946877e-01
PCG: 9 : 4.310130e-06 / 1.016409e+00
PCG: 0 : 4.310130e-06
PCG: 1 : 3.315341e-06 / 7.691974e-01
PCG: 2 : 2.665761e-06 / 6.184873e-01
PCG: 3 : 2.658376e-06 / 6.167740e-01
PCG: 4 : 2.546367e-06 / 5.907866e-01
PCG: 5 : 2.564559e-06 / 5.950073e-01
PCG: 6 : 2.469028e-06 / 5.728431e-01
PCG: 7 : 2.451724e-06 / 5.688282e-01
PCG: 8 : 2.986453e-06 / 6.928916e-01
PCG: 9 : 3.733159e-06 / 8.661360e-01
PCG: 0 : 3.733159e-06
PCG: 1 : 2.949114e-06 / 7.899781e-01
PCG: 2 : 2.387542e-06 / 6.395500e-01
PCG: 3 : 2.371506e-06 / 6.352546e-01
PCG: 4 : 2.432736e-06 / 6.516563e-01
PCG: 5 : 2.384807e-06 / 6.388174e-01
PCG: 6 : 2.455678e-06 / 6.578016e-01
PCG: 7 : 2.425669e-06 / 6.497632e-01
PCG: 8 : 2.966543e-06 / 7.946468e-01
PCG: 9 : 3.794444e-06 / 1.016417e+00
PCG: 0 : 3.794444e-06
PCG: 1 : 2.918485e-06 / 7.691468e-01
PCG: 2 : 2.346520e-06 / 6.184095e-01
PCG: 3 : 2.340318e-06 / 6.167749e-01
PCG: 4 : 2.241439e-06 / 5.907159e-01
PCG: 5 : 2.257458e-06 / 5.949378e-01
PCG: 6 : 2.173594e-06 / 5.728359e-01
PCG: 7 : 2.158163e-06 / 5.687693e-01
PCG: 8 : 2.629041e-06 / 6.928658e-01
PCG: 9 : 3.286486e-06 / 8.661311e-01
PCG: 0 : 3.286486e-06
PCG: 1 : 2.596149e-06 / 7.899467e-01
PCG: 2 : 2.101669e-06 / 6.394880e-01
PCG: 3 : 2.087741e-06 / 6.352503e-01
PCG: 4 : 2.141438e-06 / 6.515889e-01
PCG: 5 : 2.099207e-06 / 6.387389e-01
PCG: 6 : 2.161862e-06 / 6.578034e-01
PCG: 7 : 2.135175e-06 / 6.496834e-01
PCG: 8 : 2.611456e-06 / 7.946044e-01
PCG: 9 : 3.340458e-06 / 1.016422e+00
PCG: 0 : 3.340458e-06
PCG: 1 : 2.569133e-06 / 7.690961e-01
PCG: 2 : 2.065513e-06 / 6.183323e-01
PCG: 3 : 2.060312e-06 / 6.167754e-01
PCG: 4 : 1.973029e-06 / 5.906462e-01
PCG: 5 : 1.987135e-06 / 5.948691e-01
PCG: 6 : 1.913509e-06 / 5.728285e-01
PCG: 7 : 1.899756e-06 / 5.687112e-01
PCG: 8 : 2.314402e-06 / 6.928399e-01
PCG: 9 : 2.893261e-06 / 8.661271e-01
PCG: 0 : 2.893261e-06
PCG: 1 : 2.285429e-06 / 7.899147e-01
PCG: 2 : 1.850028e-06 / 6.394267e-01
PCG: 3 : 1.837930e-06 / 6.352451e-01
PCG: 4 : 1.885023e-06 / 6.515219e-01
PCG: 5 : 1.847812e-06 / 6.386608e-01
PCG: 6 : 1.903202e-06 / 6.578050e-01
PCG: 7 : 1.879475e-06 / 6.496046e-01
PCG: 8 : 2.298872e-06 / 7.945608e-01
PCG: 9 : 2.940793e-06 / 1.016429e+00
PCG: 0 : 2.940793e-06
PCG: 1 : 2.261600e-06 / 7.690443e-01
PCG: 2 : 1.818161e-06 / 6.182554e-01
PCG: 3 : 1.813808e-06 / 6.167749e-01
PCG: 4 : 1.736763e-06 / 5.905763e-01
PCG: 5 : 1.749185e-06 / 5.948005e-01
PCG: 6 : 1.684544e-06 / 5.728195e-01
PCG: 7 : 1.672289e-06 / 5.686523e-01
PCG: 8 : 2.037418e-06 / 6.928123e-01
PCG: 9 : 2.547084e-06 / 8.661215e-01
PCG: 0 : 2.547084e-06
PCG: 1 : 2.011895e-06 / 7.898816e-01
PCG: 2 : 1.628517e-06 / 6.393651e-01
PCG: 3 : 1.618008e-06 / 6.352392e-01
PCG: 4 : 1.659314e-06 / 6.514561e-01
PCG: 5 : 1.626528e-06 / 6.385843e-01
PCG: 6 : 1.675488e-06 / 6.578063e-01
PCG: 7 : 1.654401e-06 / 6.495272e-01
PCG: 8 : 2.023702e-06 / 7.945170e-01
PCG: 9 : 2.588950e-06 / 1.016437e+00
PCG: 0 : 2.588950e-06
PCG: 1 : 1.990878e-06 / 7.689906e-01
PCG: 2 : 1.600434e-06 / 6.181788e-01
PCG: 3 : 1.596796e-06 / 6.167735e-01
PCG: 4 : 1.528791e-06 / 5.905064e-01
PCG: 5 : 1.539731e-06 / 5.947320e-01
PCG: 6 : 1.482975e-06 / 5.728093e-01
PCG: 7 : 1.472058e-06 / 5.685928e-01
PCG: 8 : 1.793581e-06 / 6.927832e-01
PCG: 9 : 2.242325e-06 / 8.661137e-01
PCG: 0 : 2.242325e-06
PCG: 1 : 1.771099e-06 / 7.898495e-01
PCG: 2 : 1.433528e-06 / 6.393044e-01
PCG: 3 : 1.424400e-06 / 6.352334e-01
PCG: 4 : 1.460631e-06 / 6.513913e-01
PCG: 5 : 1.431745e-06 / 6.385090e-01
PCG: 6 : 1.475020e-06 / 6.578081e-01
PCG: 7 : 1.456282e-06 / 6.494519e-01
PCG: 8 : 1.781468e-06 / 7.944737e-01
PCG: 9 : 2.279204e-06 / 1.016447e+00
PCG: 0 : 2.279204e-06
PCG: 1 : 1.752562e-06 / 7.689362e-01
PCG: 2 : 1.408781e-06 / 6.181023e-01
PCG: 3 : 1.405746e-06 / 6.167707e-01
PCG: 4 : 1.345725e-06 / 5.904362e-01
PCG: 5 : 1.355360e-06 / 5.946636e-01
PCG: 6 : 1.305525e-06 / 5.727987e-01
PCG: 7 : 1.295803e-06 / 5.685331e-01
PCG: 8 : 1.578924e-06 / 6.927524e-01
PCG: 9 : 1.974032e-06 / 8.661060e-01
PCG: 0 : 1.974032e-06
PCG: 1 : 1.559121e-06 / 7.898157e-01
PCG: 2 : 1.261888e-06 / 6.392437e-01
PCG: 3 : 1.253959e-06 / 6.352274e-01
PCG: 4 : 1.285740e-06 / 6.513267e-01
PCG: 5 : 1.260290e-06 / 6.384345e-01
PCG: 6 : 1.298536e-06 / 6.578091e-01
PCG: 7 : 1.281891e-06 / 6.493770e-01
PCG: 8 : 1.568231e-06 / 7.944302e-01
PCG: 9 : 2.006516e-06 / 1.016456e+00
PCG: 0 : 2.006516e-06
PCG: 1 : 1.542775e-06 / 7.688827e-01
PCG: 2 : 1.240081e-06 / 6.180269e-01
PCG: 3 : 1.237554e-06 / 6.167676e-01
PCG: 4 : 1.184581e-06 / 5.903669e-01
PCG: 5 : 1.193066e-06 / 5.945960e-01
PCG: 6 : 1.149309e-06 / 5.727884e-01
PCG: 7 : 1.140653e-06 / 5.684747e-01
PCG: 8 : 1.389957e-06 / 6.927214e-01
PCG: 9 : 1.737844e-06 / 8.661002e-01
PCG: 0 : 1.737844e-06
PCG: 1 : 1.372514e-06 / 7.897801e-01
PCG: 2 : 1.110800e-06 / 6.391830e-01
PCG: 3 : 1.103914e-06 / 6.352206e-01
PCG: 4 : 1.131790e-06 / 6.512614e-01
PCG: 5 : 1.109369e-06 / 6.383592e-01
PCG: 6 : 1.143168e-06 / 6.578081e-01
PCG: 7 : 1.128382e-06 / 6.493002e-01
PCG: 8 : 1.380515e-06 / 7.943839e-01
PCG: 9 : 1.766452e-06 / 1.016462e+00
PCG: 0 : 1.766452e-06
PCG: 1 : 1.358098e-06 / 7.688285e-01
PCG: 2 : 1.091581e-06 / 6.179515e-01
PCG: 3 : 1.089485e-06 / 6.167645e-01
PCG: 4 : 1.042734e-06 / 5.902984e-01
PCG: 5 : 1.050208e-06 / 5.945294e-01
PCG: 6 : 1.011784e-06 / 5.727777e-01
PCG: 7 : 1.004081e-06 / 5.684168e-01
PCG: 8 : 1.223604e-06 / 6.926906e-01
PCG: 9 : 1.529918e-06 / 8.660966e-01
PCG: 0 : 1.529918e-06
PCG: 1 : 1.208242e-06 / 7.897429e-01
PCG: 2 : 9.778038e-07 / 6.391218e-01
PCG: 3 : 9.718224e-07 / 6.352122e-01
PCG: 4 : 9.962754e-07 / 6.511954e-01
PCG: 5 : 9.765214e-07 / 6.382836e-01
PCG: 6 : 1.006388e-06 / 6.578054e-01
PCG: 7 : 9.932576e-07 / 6.492229e-01
PCG: 8 : 1.215268e-06 / 7.943358e-01
PCG: 9 : 1.555111e-06 / 1.016467e+00
PCG: 0 : 1.555111e-06
PCG: 1 : 1.195529e-06 / 7.687740e-01
PCG: 2 : 9.608666e-07 / 6.178767e-01
PCG: 3 : 9.591316e-07 / 6.167611e-01
PCG: 4 : 9.178739e-07 / 5.902306e-01
PCG: 5 : 9.244566e-07 / 5.944636e-01
PCG: 6 : 8.907161e-07 / 5.727671e-01
PCG: 7 : 8.838615e-07 / 5.683593e-01
PCG: 8 : 1.077161e-06 / 6.926591e-01
PCG: 9 : 1.346869e-06 / 8.660920e-01
PCG: 0 : 1.346869e-06
PCG: 1 : 1.063629e-06 / 7.897053e-01
PCG: 2 : 8.607305e-07 / 6.390603e-01
PCG: 3 : 8.555359e-07 / 6.352035e-01
PCG: 4 : 8.769872e-07 / 6.511303e-01
PCG: 5 : 8.595841e-07 / 6.382092e-01
PCG: 6 : 8.859741e-07 / 6.578028e-01
PCG: 7 : 8.743161e-07 / 6.491472e-01
PCG: 8 : 1.069802e-06 / 7.942880e-01
PCG: 9 : 1.369056e-06 / 1.016473e+00
PCG: 0 : 1.369056e-06
PCG: 1 : 1.052419e-06 / 7.687187e-01
PCG: 2 : 8.458061e-07 / 6.178023e-01
PCG: 3 : 8.443745e-07 / 6.167567e-01
PCG: 4 : 8.079656e-07 / 5.901625e-01
PCG: 5 : 8.137633e-07 / 5.943972e-01
PCG: 6 : 7.841338e-07 / 5.727550e-01
PCG: 7 : 7.780357e-07 / 5.683007e-01
PCG: 8 : 9.482436e-07 / 6.926257e-01
PCG: 9 : 1.185720e-06 / 8.660856e-01
PCG: 0 : 1.185720e-06
PCG: 1 : 9.363253e-07 / 7.896682e-01
PCG: 2 : 7.576751e-07 / 6.390001e-01
PCG: 3 : 7.531634e-07 / 6.351951e-01
PCG: 4 : 7.719825e-07 / 6.510665e-01
PCG: 5 : 7.566511e-07 / 6.381365e-01
PCG: 6 : 7.799679e-07 / 6.578012e-01
PCG: 7 : 7.696187e-07 / 6.490730e-01
PCG: 8 : 9.417471e-07 / 7.942408e-01
PCG: 9 : 1.205264e-06 / 1.016483e+00
PCG: 0 : 1.205264e-06
PCG: 1 : 9.264401e-07 / 7.686616e-01
PCG: 2 : 7.445242e-07 / 6.177272e-01
PCG: 3 : 7.433475e-07 / 6.167508e-01
PCG: 4 : 7.112190e-07 / 5.900940e-01
PCG: 5 : 7.163254e-07 / 5.943308e-01
PCG: 6 : 6.903048e-07 / 5.727417e-01
PCG: 7 : 6.848812e-07 / 5.682417e-01
PCG: 8 : 8.347550e-07 / 6.925911e-01
PCG: 9 : 1.043852e-06 / 8.660774e-01
PCG: 0 : 1.043852e-06
PCG: 1 : 8.242573e-07 / 7.896307e-01
PCG: 2 : 6.669587e-07 / 6.389400e-01
PCG: 3 : 6.630406e-07 / 6.351866e-01
PCG: 4 : 6.795506e-07 / 6.510030e-01
PCG: 5 : 6.660445e-07 / 6.380642e-01
PCG: 6 : 6.866444e-07 / 6.577988e-01
PCG: 7 : 6.774588e-07 / 6.489990e-01
PCG: 8 : 8.290195e-07 / 7.941927e-01
PCG: 9 : 1.061066e-06 / 1.016491e+00
PCG: 0 : 1.061066e-06
PCG: 1 : 8.155407e-07 / 7.686048e-01
PCG: 2 : 6.553707e-07 / 6.176528e-01
PCG: 3 : 6.544076e-07 / 6.167452e-01
PCG: 4 : 6.260573e-07 / 5.900264e-01
PCG: 5 : 6.305550e-07 / 5.942653e-01
PCG: 6 : 6.077038e-07 / 5.727293e-01
PCG: 7 : 6.028808e-07 / 5.681839e-01
PCG: 8 : 7.348488e-07 / 6.925568e-01
PCG: 9 : 9.189603e-07 / 8.660723e-01
PCG: 0 : 9.189603e-07
PCG: 1 : 7.256031e-07 / 7.895914e-01
PCG: 2 : 5.871047e-07 / 6.388793e-01
PCG: 3 : 5.837024e-07 / 6.351770e-01
PCG: 4 : 5.981865e-07 / 6.509384e-01
PCG: 5 : 5.862886e-07 / 6.379912e-01
PCG: 6 : 6.044869e-07 / 6.577944e-01
PCG: 7 : 5.963354e-07 / 6.489240e-01
PCG: 8 : 7.297859e-07 / 7.941430e-01
PCG: 9 : 9.341198e-07 / 1.016496e+00
PCG: 0 : 9.341199e-07
PCG: 1 : 7.179169e-07 / 7.685490e-01
PCG: 2 : 5.768933e-07 / 6.175795e-01
PCG: 3 : 5.761086e-07 / 6.167395e-01
PCG: 4 : 5.510933e-07 / 5.899599e-01
PCG: 5 : 5.550548e-07 / 5.942008e-01
PCG: 6 : 5.349867e-07 / 5.727174e-01
PCG: 7 : 5.306987e-07 / 5.681270e-01
PCG: 8 : 6.468991e-07 / 6.925225e-01
PCG: 9 : 8.090126e-07 / 8.660694e-01
PCG: 0 : 8.090125e-07
PCG: 1 : 6.387564e-07 / 7.895507e-01
PCG: 2 : 5.168122e-07 / 6.388186e-01
PCG: 3 : 5.138579e-07 / 6.351668e-01
PCG: 4 : 5.265646e-07 / 6.508732e-01
PCG: 5 : 5.160838e-07 / 6.379182e-01
PCG: 6 : 5.321594e-07 / 6.577889e-01
PCG: 7 : 5.249261e-07 / 6.488479e-01
PCG: 8 : 6.424301e-07 / 7.940916e-01
PCG: 9 : 8.223617e-07 / 1.016501e+00
PCG: 0 : 8.223617e-07
PCG: 1 : 6.319785e-07 / 7.684921e-01
PCG: 2 : 5.078132e-07 / 6.175059e-01
PCG: 3 : 5.071780e-07 / 6.167334e-01
PCG: 4 : 4.851059e-07 / 5.898936e-01
PCG: 5 : 4.885952e-07 / 5.941367e-01
PCG: 6 : 4.709707e-07 / 5.727050e-01
PCG: 7 : 4.671594e-07 / 5.680704e-01
PCG: 8 : 5.694758e-07 / 6.924883e-01
PCG: 9 : 7.122193e-07 / 8.660658e-01
PCG: 0 : 7.122193e-07
PCG: 1 : 5.623042e-07 / 7.895099e-01
PCG: 2 : 4.549356e-07 / 6.387578e-01
PCG: 3 : 4.523704e-07 / 6.351560e-01
PCG: 4 : 4.635187e-07 / 6.508089e-01
PCG: 5 : 4.542858e-07 / 6.378454e-01
PCG: 6 : 4.684859e-07 / 6.577832e-01
PCG: 7 : 4.620681e-07 / 6.487722e-01
PCG: 8 : 5.655305e-07 / 7.940398e-01
PCG: 9 : 7.239753e-07 / 1.016506e+00
PCG: 0 : 7.239753e-07
PCG: 1 : 5.563276e-07 / 7.684345e-01
PCG: 2 : 4.470060e-07 / 6.174326e-01
PCG: 3 : 4.464951e-07 / 6.167269e-01
PCG: 4 : 4.270203e-07 / 5.898271e-01
PCG: 5 : 4.300940e-07 / 5.940728e-01
PCG: 6 : 4.146147e-07 / 5.726917e-01
PCG: 7 : 4.112276e-07 / 5.680133e-01
PCG: 8 : 5.013187e-07 / 6.924527e-01
PCG: 9 : 6.270066e-07 / 8.660607e-01
PCG: 0 : 6.270065e-07
PCG: 1 : 4.950024e-07 / 7.894694e-01
PCG: 2 : 4.004675e-07 / 6.386976e-01
PCG: 3 : 3.982402e-07 / 6.351453e-01
PCG: 4 : 4.080217e-07 / 6.507455e-01
PCG: 5 : 3.998884e-07 / 6.377740e-01
PCG: 6 : 4.124310e-07 / 6.577778e-01
PCG: 7 : 4.067382e-07 / 6.486985e-01
PCG: 8 : 4.978360e-07 / 7.939885e-01
PCG: 9 : 6.373600e-07 / 1.016513e+00
PCG: 0 : 6.373599e-07
PCG: 1 : 4.897322e-07 / 7.683762e-01
PCG: 2 : 3.934802e-07 / 6.173595e-01
PCG: 3 : 3.930723e-07 / 6.167195e-01
PCG: 4 : 3.758898e-07 / 5.897607e-01
PCG: 5 : 3.785974e-07 / 5.940088e-01
PCG: 6 : 3.650020e-07 / 5.726780e-01
PCG: 7 : 3.619921e-07 / 5.679555e-01
PCG: 8 : 4.413184e-07 / 6.924164e-01
PCG: 9 : 5.519886e-07 / 8.660549e-01
PCG: 0 : 5.519886e-07
PCG: 1 : 4.357555e-07 / 7.894284e-01
PCG: 2 : 3.525205e-07 / 6.386373e-01
PCG: 3 : 3.505869e-07 / 6.351343e-01
PCG: 4 : 3.591693e-07 / 6.506825e-01
PCG: 5 : 3.520049e-07 / 6.377032e-01
PCG: 6 : 3.630830e-07 / 6.577725e-01
PCG: 7 : 3.580340e-07 / 6.486256e-01
PCG: 8 : 4.382444e-07 / 7.939373e-01
PCG: 9 : 5.611072e-07 / 1.016520e+00
PCG: 0 : 5.611072e-07
PCG: 1 : 4.311088e-07 / 7.683180e-01
PCG: 2 : 3.463642e-07 / 6.172870e-01
PCG: 3 : 3.460415e-07 / 6.167119e-01
PCG: 4 : 3.308819e-07 / 5.896946e-01
PCG: 5 : 3.332671e-07 / 5.939454e-01
PCG: 6 : 3.213260e-07 / 5.726641e-01
PCG: 7 : 3.186518e-07 / 5.678982e-01
PCG: 8 : 3.884994e-07 / 6.923800e-01
PCG: 9 : 4.859469e-07 / 8.660500e-01
PCG: 0 : 4.859469e-07
PCG: 1 : 3.836002e-07 / 7.893869e-01
PCG: 2 : 3.103146e-07 / 6.385770e-01
PCG: 3 : 3.086361e-07 / 6.351231e-01
PCG: 4 : 3.161664e-07 / 6.506191e-01
PCG: 5 : 3.098555e-07 / 6.376324e-01
PCG: 6 : 3.196395e-07 / 6.577663e-01
PCG: 7 : 3.151620e-07 / 6.485524e-01
PCG: 8 : 3.857861e-07 / 7.938853e-01
PCG: 9 : 4.939770e-07 / 1.016525e+00
PCG: 0 : 4.939770e-07
PCG: 1 : 3.795032e-07 / 7.682608e-01
PCG: 2 : 3.048902e-07 / 6.172154e-01
PCG: 3 : 3.046378e-07 / 6.167045e-01
PCG: 4 : 2.912634e-07 / 5.896294e-01
PCG: 5 : 2.933646e-07 / 5.938830e-01
PCG: 6 : 2.828764e-07 / 5.726508e-01
PCG: 7 : 2.805009e-07 / 5.678419e-01
PCG: 8 : 3.420018e-07 / 6.923434e-01
PCG: 9 : 4.278073e-07 / 8.660469e-01
PCG: 0 : 4.278072e-07
PCG: 1 : 3.376870e-07 / 7.893438e-01
PCG: 2 : 2.731621e-07 / 6.385167e-01
PCG: 3 : 2.717053e-07 / 6.351114e-01
PCG: 4 : 2.783125e-07 / 6.505557e-01
PCG: 5 : 2.727534e-07 / 6.375614e-01
PCG: 6 : 2.813940e-07 / 6.577589e-01
PCG: 7 : 2.774236e-07 / 6.484781e-01
PCG: 8 : 3.396072e-07 / 7.938322e-01
PCG: 9 : 4.348780e-07 / 1.016528e+00
PCG: 0 : 4.348780e-07
PCG: 1 : 3.340749e-07 / 7.682038e-01
PCG: 2 : 2.683824e-07 / 6.171442e-01
PCG: 3 : 2.681880e-07 / 6.166971e-01
PCG: 4 : 2.563887e-07 / 5.895647e-01
PCG: 5 : 2.582398e-07 / 5.938213e-01
PCG: 6 : 2.490275e-07 / 5.726377e-01
PCG: 7 : 2.469176e-07 / 5.677859e-01
PCG: 8 : 3.010688e-07 / 6.923064e-01
PCG: 9 : 3.766238e-07 / 8.660448e-01
PCG: 0 : 3.766238e-07
PCG: 1 : 2.972689e-07 / 7.892992e-01
PCG: 2 : 2.404576e-07 / 6.384557e-01
PCG: 3 : 2.391933e-07 / 6.350988e-01
PCG: 4 : 2.449907e-07 / 6.504919e-01
PCG: 5 : 2.400940e-07 / 6.374903e-01
PCG: 6 : 2.477246e-07 / 6.577509e-01
PCG: 7 : 2.442043e-07 / 6.484038e-01
PCG: 8 : 2.989560e-07 / 7.937787e-01
PCG: 9 : 3.828496e-07 / 1.016531e+00
PCG: 0 : 3.828496e-07
PCG: 1 : 2.940845e-07 / 7.681463e-01
PCG: 2 : 2.362462e-07 / 6.170731e-01
PCG: 3 : 2.360993e-07 / 6.166894e-01
PCG: 4 : 2.256900e-07 / 5.895004e-01
PCG: 5 : 2.273208e-07 / 5.937600e-01
PCG: 6 : 2.192289e-07 / 5.726241e-01
PCG: 7 : 2.173553e-07 / 5.677301e-01
PCG: 8 : 2.650353e-07 / 6.922699e-01
PCG: 9 : 3.315640e-07 / 8.660425e-01
PCG: 0 : 3.315640e-07
PCG: 1 : 2.616888e-07 / 7.892559e-01
PCG: 2 : 2.116690e-07 / 6.383955e-01
PCG: 3 : 2.105717e-07 / 6.350862e-01
PCG: 4 : 2.156588e-07 / 6.504290e-01
PCG: 5 : 2.113455e-07 / 6.374199e-01
PCG: 6 : 2.180838e-07 / 6.577428e-01
PCG: 7 : 2.149630e-07 / 6.483303e-01
PCG: 8 : 2.631704e-07 / 7.937243e-01
PCG: 9 : 3.370464e-07 / 1.016535e+00
PCG: 0 : 3.370464e-07
PCG: 1 : 2.588810e-07 / 7.680871e-01
PCG: 2 : 2.079582e-07 / 6.170016e-01
PCG: 3 : 2.078499e-07 / 6.166805e-01
PCG: 4 : 1.986671e-07 / 5.894355e-01
PCG: 5 : 2.001038e-07 / 5.936983e-01
PCG: 6 : 1.929960e-07 / 5.726095e-01
PCG: 7 : 1.913323e-07 / 5.676734e-01
PCG: 8 : 2.333144e-07 / 6.922323e-01
PCG: 9 : 2.918948e-07 / 8.660374e-01
PCG: 0 : 2.918948e-07
PCG: 1 : 2.303672e-07 / 7.892133e-01
PCG: 2 : 1.863269e-07 / 6.383358e-01
PCG: 3 : 1.853748e-07 / 6.350741e-01
PCG: 4 : 1.898388e-07 / 6.503673e-01
PCG: 5 : 1.860394e-07 / 6.373508e-01
PCG: 6 : 1.919895e-07 / 6.577353e-01
PCG: 7 : 1.892231e-07 / 6.482580e-01
PCG: 8 : 2.316684e-07 / 7.936708e-01
PCG: 9 : 2.967232e-07 / 1.016542e+00
PCG: 0 : 2.967232e-07
PCG: 1 : 2.278915e-07 / 7.680272e-01
PCG: 2 : 1.830574e-07 / 6.169299e-01
PCG: 3 : 1.829806e-07 / 6.166710e-01
PCG: 4 : 1.748799e-07 / 5.893704e-01
PCG: 5 : 1.761457e-07 / 5.936365e-01
PCG: 6 : 1.699021e-07 / 5.725945e-01
PCG: 7 : 1.684250e-07 / 5.676165e-01
PCG: 8 : 2.053899e-07 / 6.921934e-01
PCG: 9 : 2.569716e-07 / 8.660315e-01
PCG: 0 : 2.569716e-07
PCG: 1 : 2.027945e-07 / 7.891707e-01
PCG: 2 : 1.640190e-07 / 6.382769e-01
PCG: 3 : 1.631930e-07 / 6.350626e-01
PCG: 4 : 1.671102e-07 / 6.503062e-01
PCG: 5 : 1.637636e-07 / 6.372830e-01
PCG: 6 : 1.690175e-07 / 6.577283e-01
PCG: 7 : 1.665656e-07 / 6.481869e-01
PCG: 8 : 2.039375e-07 / 7.936187e-01
PCG: 9 : 2.612242e-07 / 1.016549e+00
PCG: 0 : 2.612242e-07
PCG: 1 : 2.006119e-07 / 7.679681e-01
PCG: 2 : 1.611385e-07 / 6.168588e-01
PCG: 3 : 1.610869e-07 / 6.166613e-01
PCG: 4 : 1.539410e-07 / 5.893058e-01
PCG: 5 : 1.550562e-07 / 5.935750e-01
PCG: 6 : 1.495717e-07 / 5.725796e-01
PCG: 7 : 1.482604e-07 / 5.675599e-01
PCG: 8 : 1.808075e-07 / 6.921543e-01
PCG: 9 : 2.262270e-07 / 8.660260e-01
PCG: 0 : 2.262270e-07
PCG: 1 : 1.785218e-07 / 7.891268e-01
PCG: 2 : 1.443821e-07 / 6.382177e-01
PCG: 3 : 1.436655e-07 / 6.350504e-01
PCG: 4 : 1.471028e-07 / 6.502444e-01
PCG: 5 : 1.441552e-07 / 6.372146e-01
PCG: 6 : 1.487940e-07 / 6.577199e-01
PCG: 7 : 1.466210e-07 / 6.481146e-01
PCG: 8 : 1.795258e-07 / 7.935648e-01
PCG: 9 : 2.299718e-07 / 1.016553e+00
PCG: 0 : 2.299718e-07
PCG: 1 : 1.765976e-07 / 7.679099e-01
PCG: 2 : 1.418441e-07 / 6.167889e-01
PCG: 3 : 1.418126e-07 / 6.166522e-01
PCG: 4 : 1.355092e-07 / 5.892428e-01
PCG: 5 : 1.364917e-07 / 5.935151e-01
PCG: 6 : 1.316740e-07 / 5.725660e-01
PCG: 7 : 1.305101e-07 / 5.675048e-01
PCG: 8 : 1.591672e-07 / 6.921164e-01
PCG: 9 : 1.991612e-07 / 8.660243e-01
PCG: 0 : 1.991611e-07
PCG: 1 : 1.571544e-07 / 7.890815e-01
PCG: 2 : 1.270962e-07 / 6.381577e-01
PCG: 3 : 1.264747e-07 / 6.350371e-01
PCG: 4 : 1.294910e-07 / 6.501822e-01
PCG: 5 : 1.268947e-07 / 6.371461e-01
PCG: 6 : 1.309904e-07 / 6.577104e-01
PCG: 7 : 1.290648e-07 / 6.480421e-01
PCG: 8 : 1.580363e-07 / 7.935098e-01
PCG: 9 : 2.024583e-07 / 1.016555e+00
PCG: 0 : 2.024583e-07
PCG: 1 : 1.554581e-07 / 7.678522e-01
PCG: 2 : 1.248601e-07 / 6.167200e-01
PCG: 3 : 1.248446e-07 / 6.166435e-01
PCG: 4 : 1.192845e-07 / 5.891804e-01
PCG: 5 : 1.201500e-07 / 5.934556e-01
PCG: 6 : 1.159179e-07 / 5.725518e-01
PCG: 7 : 1.148849e-07 / 5.674496e-01
PCG: 8 : 1.401171e-07 / 6.920787e-01
PCG: 9 : 1.753335e-07 / 8.660228e-01
PCG: 0 : 1.753335e-07
PCG: 1 : 1.383444e-07 / 7.890357e-01
PCG: 2 : 1.118798e-07 / 6.380970e-01
PCG: 3 : 1.113408e-07 / 6.350230e-01
PCG: 4 : 1.139878e-07 / 6.501197e-01
PCG: 5 : 1.117010e-07 / 6.370774e-01
PCG: 6 : 1.153170e-07 / 6.577007e-01
PCG: 7 : 1.136108e-07 / 6.479695e-01
PCG: 8 : 1.391192e-07 / 7.934545e-01
PCG: 9 : 1.782367e-07 / 1.016558e+00
PCG: 0 : 1.782367e-07
PCG: 1 : 1.368490e-07 / 7.677935e-01
PCG: 2 : 1.099098e-07 / 6.166503e-01
PCG: 3 : 1.099069e-07 / 6.166342e-01
PCG: 4 : 1.050024e-07 / 5.891175e-01
PCG: 5 : 1.057649e-07 / 5.933958e-01
PCG: 6 : 1.020471e-07 / 5.725366e-01
PCG: 7 : 1.011304e-07 / 5.673939e-01
PCG: 8 : 1.233469e-07 / 6.920398e-01
PCG: 9 : 1.543564e-07 / 8.660187e-01
PCG: 0 : 1.543564e-07
PCG: 1 : 1.217859e-07 / 7.889915e-01
PCG: 2 : 9.848527e-08 / 6.380383e-01
PCG: 3 : 9.801783e-08 / 6.350100e-01
PCG: 4 : 1.003407e-07 / 6.500589e-01
PCG: 5 : 9.832662e-08 / 6.370105e-01
PCG: 6 : 1.015190e-07 / 6.576923e-01
PCG: 7 : 1.000073e-07 / 6.478988e-01
PCG: 8 : 1.224663e-07 / 7.934000e-01
PCG: 9 : 1.569132e-07 / 1.016564e+00
PCG: 0 : 1.569132e-07
PCG: 1 : 1.204675e-07 / 7.677335e-01
PCG: 2 : 9.674962e-08 / 6.165805e-01
PCG: 3 : 9.675639e-08 / 6.166237e-01
PCG: 4 : 9.243035e-08 / 5.890541e-01
PCG: 5 : 9.310221e-08 / 5.933358e-01
PCG: 6 : 8.983605e-08 / 5.725207e-01
PCG: 7 : 8.902272e-08 / 5.673374e-01
PCG: 8 : 1.085839e-07 / 6.920000e-01
PCG: 9 : 1.358888e-07 / 8.660125e-01
PCG: 0 : 1.358888e-07
PCG: 1 : 1.072092e-07 / 7.889478e-01
PCG: 2 : 8.669434e-08 / 6.379801e-01
PCG: 3 : 8.628904e-08 / 6.349975e-01
PCG: 4 : 8.832764e-08 / 6.499995e-01
PCG: 5 : 8.655365e-08 / 6.369448e-01
PCG: 6 : 8.937188e-08 / 6.576840e-01
PCG: 7 : 8.803276e-08 / 6.478295e-01
PCG: 8 : 1.078070e-07 / 7.933475e-01
PCG: 9 : 1.381407e-07 / 1.016572e+00
PCG: 0 : 1.381407e-07
PCG: 1 : 1.060470e-07 / 7.676738e-01
PCG: 2 : 8.516523e-08 / 6.165106e-01
PCG: 3 : 8.517934e-08 / 6.166128e-01
PCG: 4 : 8.136367e-08 / 5.889912e-01
PCG: 5 : 8.195559e-08 / 5.932761e-01
PCG: 6 : 7.908627e-08 / 5.725051e-01
PCG: 7 : 7.836469e-08 / 5.672816e-01
PCG: 8 : 9.558781e-08 / 6.919597e-01
PCG: 9 : 1.196308e-07 / 8.660066e-01
PCG: 0 : 1.196308e-07
PCG: 1 : 9.437715e-08 / 7.889037e-01
PCG: 2 : 7.631515e-08 / 6.379224e-01
PCG: 3 : 7.596376e-08 / 6.349851e-01
PCG: 4 : 7.775279e-08 / 6.499398e-01
PCG: 5 : 7.619033e-08 / 6.368791e-01
PCG: 6 : 7.867817e-08 / 6.576750e-01
PCG: 7 : 7.749189e-08 / 6.477588e-01
PCG: 8 : 9.490228e-08 / 7.932932e-01
PCG: 9 : 1.216139e-07 / 1.016577e+00

PCG ( VCycle ( S: Scale / C: Scale )  )

Complete solver TOE: 45.1001
0.0896762 GFlop/s [0.0896762 GFlops/s]

Total time: 45.1001s
Accumulated op time: 31.6172

Reductions: 51.4325%
Blas-1: 10.9447%
Blas-2: 7.72729%
Precon Kernels: 0%
MPI Execution: 0%
MPI Wait: 0%
Not covered: 29.8955%

Domain size: 26.3732 MByte
LA size: 85.4216 MByte
MPI size: 2.63872 MByte

H0-Error: 1.937165e-06
H1-Error: 4.034414e-03

Writing DATA to output.data...
Run-Time: 0:47.980 [0:47.980]
0xb337e9f8 Error: MemoryPool<CUDA> still contains memory chunks on deconstructor call
