NUM-PROCS: 1
Preparing domain...
LVL-MIN: 3 [3]
LVL-MAX: 4 [4]
Creating gates...
Assembling system matrices...
Assembling system filters...
Assembling transfer matrices...
Converting assembled linear system from SparseMatrixCSR, Mem:main to SparseMatrixELL, Mem:cudaand to SparseMatrixELL, Mem:cuda...
PCG: 0 : 5.972902e-01
PCG: 1 : 5.273273e-01 / 8.828661e-01
PCG: 2 : 2.764901e-01 / 4.629075e-01
PCG: 3 : 9.832021e-02 / 1.646104e-01
PCG: 4 : 6.052129e-03 / 1.013264e-02
PCG: 0 : 1.339904e-01
PCG: 1 : 7.317073e-02 / 5.460894e-01
PCG: 2 : 5.897192e-02 / 4.401205e-01
PCG: 3 : 5.484003e-02 / 4.092833e-01
PCG: 4 : 5.976805e-03 / 4.460622e-02
PCG: 0 : 5.976798e-03
PCG: 1 : 1.492638e-03 / 2.497387e-01
PCG: 2 : 1.797287e-04 / 3.007106e-02
PCG: 3 : 1.176396e-04 / 1.968271e-02
PCG: 4 : 1.067391e-04 / 1.785891e-02
PCG: 0 : 1.067391e-04
PCG: 1 : 6.285533e-05 / 5.888689e-01
PCG: 2 : 3.751152e-05 / 3.514318e-01
PCG: 3 : 3.345026e-05 / 3.133834e-01
PCG: 4 : 9.937165e-06 / 9.309771e-02
PCG: 0 : 9.937169e-06
PCG: 1 : 3.610373e-06 / 3.633201e-01
PCG: 2 : 7.762426e-07 / 7.811506e-02
PCG: 3 : 4.535397e-07 / 4.564074e-02
PCG: 4 : 4.416146e-07 / 4.444069e-02
PCG: 0 : 4.416146e-07
PCG: 1 : 2.664837e-07 / 6.034305e-01
PCG: 2 : 1.558473e-07 / 3.529035e-01
PCG: 3 : 1.388295e-07 / 3.143681e-01
PCG: 4 : 4.132245e-08 / 9.357131e-02
PCG: 0 : 4.132249e-08
PCG: 1 : 1.531073e-08 / 3.705180e-01
PCG: 2 : 3.229879e-09 / 7.816274e-02
PCG: 3 : 1.905148e-09 / 4.610438e-02
PCG: 4 : 1.905899e-09 / 4.612257e-02
PCG: 0 : 1.905901e-09
PCG: 1 : 1.131718e-09 / 5.937969e-01
PCG: 2 : 6.771114e-10 / 3.552711e-01
PCG: 3 : 6.009235e-10 / 3.152964e-01
PCG: 4 : 1.780089e-10 / 9.339885e-02

PCG ( VCycle ( S: Scale / C: Scale )  )

Complete solver TOE: 0.109268
0.00993322 GFlop/s [0.00993322 GFlops/s]

Total time: 0.109268s
Accumulated op time: 0.048644

Reductions: 26.823%
Blas-1: 9.93978%
Blas-2: 7.75524%
Precon Kernels: 0%
MPI Execution: 0%
MPI Wait: 0%
Not covered: 55.4819%

Domain size: 0.027832 MByte
LA size: 0.0803223 MByte
MPI size: 0.00283813 MByte

H0-Error: 1.753315e-03
H1-Error: 1.289155e-01

Writing DATA to output.data...
Run-Time: 0:00.145 [0:00.145]
0xb32e39f8 Error: MemoryPool<CUDA> still contains memory chunks on deconstructor call
