NUM-PROCS: 1
Preparing domain...
LVL-MIN: 6 [6]
LVL-MAX: 8 [8]
Creating gates...
Assembling system matrices...
Assembling system filters...
Assembling transfer matrices...
Converting assembled linear system from SparseMatrixCSR, Mem:main to SparseMatrixCSR, Mem:mainand to SparseMatrixCSR, Mem:main...
PCG: 0 : 3.788143e-02
PCG: 1 : 3.009731e-01 / 7.945136e+00
PCG: 2 : 2.267144e-01 / 5.984843e+00
PCG: 3 : 3.539035e-01 / 9.342400e+00
PCG: 0 : 3.534224e-01
PCG: 1 : 2.229610e-01 / 6.308627e-01
PCG: 2 : 1.609782e-01 / 4.554840e-01
PCG: 3 : 2.006133e-01 / 5.676304e-01
PCG: 0 : 2.006132e-01
PCG: 1 : 1.413276e-01 / 7.044778e-01
PCG: 2 : 1.157322e-01 / 5.768920e-01
PCG: 3 : 9.333636e-02 / 4.652553e-01
PCG: 0 : 9.333639e-02
PCG: 1 : 7.350211e-02 / 7.874968e-01
PCG: 2 : 1.109589e-01 / 1.188806e+00
PCG: 3 : 1.626685e-01 / 1.742820e+00
PCG: 0 : 1.626685e-01
PCG: 1 : 9.455110e-02 / 5.812503e-01
PCG: 2 : 6.810482e-02 / 4.186724e-01
PCG: 3 : 7.621704e-02 / 4.685421e-01
PCG: 0 : 7.621703e-02
PCG: 1 : 5.647660e-02 / 7.409971e-01
PCG: 2 : 8.262110e-02 / 1.084024e+00
PCG: 3 : 1.338353e-01 / 1.755977e+00
PCG: 0 : 1.338354e-01
PCG: 1 : 7.488661e-02 / 5.595428e-01
PCG: 2 : 5.480306e-02 / 4.094812e-01
PCG: 3 : 6.734198e-02 / 5.031703e-01
PCG: 0 : 6.734198e-02
PCG: 1 : 4.858389e-02 / 7.214503e-01
PCG: 2 : 6.677662e-02 / 9.916047e-01
PCG: 3 : 1.112732e-01 / 1.652361e+00
PCG: 0 : 1.112732e-01
PCG: 1 : 6.209371e-02 / 5.580294e-01
PCG: 2 : 4.809820e-02 / 4.322533e-01
PCG: 3 : 6.224480e-02 / 5.593871e-01
PCG: 0 : 6.224479e-02
PCG: 1 : 4.417995e-02 / 7.097775e-01
PCG: 2 : 5.573787e-02 / 8.954625e-01
PCG: 3 : 9.348252e-02 / 1.501853e+00
PCG: 0 : 9.348253e-02
PCG: 1 : 5.249668e-02 / 5.615667e-01
PCG: 2 : 4.414080e-02 / 4.721824e-01
PCG: 3 : 5.893258e-02 / 6.304128e-01
PCG: 0 : 5.893257e-02
PCG: 1 : 4.150040e-02 / 7.042015e-01
PCG: 2 : 4.763211e-02 / 8.082476e-01
PCG: 3 : 8.010621e-02 / 1.359286e+00
PCG: 0 : 8.010621e-02
PCG: 1 : 4.531040e-02 / 5.656291e-01
PCG: 2 : 4.134540e-02 / 5.161324e-01
PCG: 3 : 5.605684e-02 / 6.997815e-01
PCG: 0 : 5.605685e-02
PCG: 1 : 3.943231e-02 / 7.034342e-01
PCG: 2 : 4.182759e-02 / 7.461638e-01
PCG: 3 : 7.052904e-02 / 1.258170e+00
PCG: 0 : 7.052904e-02
PCG: 1 : 4.013414e-02 / 5.690441e-01
PCG: 2 : 3.895932e-02 / 5.523869e-01
PCG: 3 : 5.315195e-02 / 7.536179e-01
PCG: 0 : 5.315195e-02
PCG: 1 : 3.746592e-02 / 7.048832e-01
PCG: 2 : 3.768266e-02 / 7.089610e-01
PCG: 3 : 6.362034e-02 / 1.196952e+00
PCG: 0 : 6.362034e-02
PCG: 1 : 3.638215e-02 / 5.718634e-01
PCG: 2 : 3.673963e-02 / 5.774824e-01
PCG: 3 : 5.022229e-02 / 7.894061e-01
PCG: 0 : 5.022229e-02
PCG: 1 : 3.550767e-02 / 7.070101e-01
PCG: 2 : 3.458852e-02 / 6.887085e-01
PCG: 3 : 5.837514e-02 / 1.162335e+00
PCG: 0 : 5.837514e-02
PCG: 1 : 3.351908e-02 / 5.742013e-01
PCG: 2 : 3.464100e-02 / 5.934204e-01
PCG: 3 : 4.735538e-02 / 8.112251e-01
PCG: 0 : 4.735538e-02
PCG: 1 : 3.358743e-02 / 7.092631e-01
PCG: 2 : 3.212196e-02 / 6.783171e-01
PCG: 3 : 5.414025e-02 / 1.143276e+00
PCG: 0 : 5.414026e-02
PCG: 1 : 3.119837e-02 / 5.762509e-01
PCG: 2 : 3.267082e-02 / 6.034478e-01
PCG: 3 : 4.461487e-02 / 8.240609e-01
PCG: 0 : 4.461486e-02
PCG: 1 : 3.174288e-02 / 7.114867e-01
PCG: 2 : 3.004230e-02 / 6.733697e-01
PCG: 3 : 5.053725e-02 / 1.132745e+00
PCG: 0 : 5.053725e-02
PCG: 1 : 2.921868e-02 / 5.781614e-01
PCG: 2 : 3.082151e-02 / 6.098770e-01
PCG: 3 : 4.201715e-02 / 8.314096e-01
PCG: 0 : 4.201715e-02
PCG: 1 : 2.998695e-02 / 7.136834e-01
PCG: 2 : 2.821565e-02 / 6.715270e-01
PCG: 3 : 4.735130e-02 / 1.126952e+00
PCG: 0 : 4.735130e-02
PCG: 1 : 2.746638e-02 / 5.800554e-01
PCG: 2 : 2.909076e-02 / 6.143603e-01
PCG: 3 : 3.957296e-02 / 8.357312e-01
PCG: 0 : 3.957297e-02
PCG: 1 : 2.833099e-02 / 7.159178e-01
PCG: 2 : 2.656931e-02 / 6.714005e-01
PCG: 3 : 4.446492e-02 / 1.123619e+00
PCG: 0 : 4.446492e-02
PCG: 1 : 2.587570e-02 / 5.819351e-01
PCG: 2 : 2.746515e-02 / 6.176813e-01
PCG: 3 : 3.726543e-02 / 8.380861e-01
PCG: 0 : 3.726543e-02
PCG: 1 : 2.676357e-02 / 7.181877e-01
PCG: 2 : 2.505374e-02 / 6.723052e-01
PCG: 3 : 4.180438e-02 / 1.121801e+00
PCG: 0 : 4.180438e-02
PCG: 1 : 2.440966e-02 / 5.839020e-01
PCG: 2 : 2.594130e-02 / 6.205404e-01
PCG: 3 : 3.509630e-02 / 8.395365e-01
PCG: 0 : 3.509630e-02
PCG: 1 : 2.529021e-02 / 7.205948e-01
PCG: 2 : 2.365054e-02 / 6.738756e-01
PCG: 3 : 3.933358e-02 / 1.120733e+00
PCG: 0 : 3.933359e-02
PCG: 1 : 2.304777e-02 / 5.859565e-01
PCG: 2 : 2.450858e-02 / 6.230956e-01
PCG: 3 : 3.305097e-02 / 8.402736e-01
PCG: 0 : 3.305098e-02
PCG: 1 : 2.390016e-02 / 7.231302e-01
PCG: 2 : 2.233871e-02 / 6.758863e-01
PCG: 3 : 3.702274e-02 / 1.120171e+00
PCG: 0 : 3.702274e-02
PCG: 1 : 2.177490e-02 / 5.881495e-01
PCG: 2 : 2.316035e-02 / 6.255711e-01
PCG: 3 : 3.112528e-02 / 8.407072e-01
PCG: 0 : 3.112528e-02
PCG: 1 : 2.259091e-02 / 7.258058e-01
PCG: 2 : 2.111015e-02 / 6.782317e-01
PCG: 3 : 3.485396e-02 / 1.119796e+00
PCG: 0 : 3.485397e-02
PCG: 1 : 2.057967e-02 / 5.904542e-01
PCG: 2 : 2.189013e-02 / 6.280527e-01
PCG: 3 : 2.931066e-02 / 8.409563e-01
PCG: 0 : 2.931066e-02
PCG: 1 : 2.135557e-02 / 7.285938e-01
PCG: 2 : 1.995445e-02 / 6.807914e-01
PCG: 3 : 3.281648e-02 / 1.119609e+00
PCG: 0 : 3.281648e-02
PCG: 1 : 1.945507e-02 / 5.928444e-01
PCG: 2 : 2.069217e-02 / 6.305422e-01
PCG: 3 : 2.759925e-02 / 8.410181e-01
PCG: 0 : 2.759925e-02
PCG: 1 : 2.018889e-02 / 7.315015e-01
PCG: 2 : 1.886565e-02 / 6.835566e-01
PCG: 3 : 3.089915e-02 / 1.119565e+00
PCG: 0 : 3.089915e-02
PCG: 1 : 1.839567e-02 / 5.953454e-01
PCG: 2 : 1.956266e-02 / 6.331132e-01
PCG: 3 : 2.599009e-02 / 8.411263e-01
PCG: 0 : 2.599009e-02
PCG: 1 : 1.908948e-02 / 7.344907e-01
PCG: 2 : 1.783877e-02 / 6.863682e-01
PCG: 3 : 2.909315e-02 / 1.119394e+00
PCG: 0 : 2.909315e-02
PCG: 1 : 1.739654e-02 / 5.979599e-01
PCG: 2 : 1.849797e-02 / 6.358188e-01
PCG: 3 : 2.447484e-02 / 8.412580e-01
PCG: 0 : 2.447485e-02
PCG: 1 : 1.805080e-02 / 7.375247e-01
PCG: 2 : 1.686920e-02 / 6.892464e-01
PCG: 3 : 2.739113e-02 / 1.119154e+00
PCG: 0 : 2.739113e-02
PCG: 1 : 1.645204e-02 / 6.006341e-01
PCG: 2 : 1.748994e-02 / 6.385258e-01
PCG: 3 : 2.304654e-02 / 8.413870e-01
PCG: 0 : 2.304653e-02
PCG: 1 : 1.706954e-02 / 7.406553e-01
PCG: 2 : 1.595405e-02 / 6.922540e-01
PCG: 3 : 2.579135e-02 / 1.119099e+00
PCG: 0 : 2.579135e-02
PCG: 1 : 1.556038e-02 / 6.033180e-01
PCG: 2 : 1.653870e-02 / 6.412501e-01
PCG: 3 : 2.170173e-02 / 8.414347e-01
PCG: 0 : 2.170174e-02
PCG: 1 : 1.614351e-02 / 7.438810e-01
PCG: 2 : 1.508913e-02 / 6.952960e-01
PCG: 3 : 2.428452e-02 / 1.119013e+00
PCG: 0 : 2.428452e-02
PCG: 1 : 1.471830e-02 / 6.060774e-01
PCG: 2 : 1.564042e-02 / 6.440489e-01
PCG: 3 : 2.043568e-02 / 8.415107e-01
PCG: 0 : 2.043568e-02
PCG: 1 : 1.526801e-02 / 7.471253e-01
PCG: 2 : 1.427147e-02 / 6.983607e-01
PCG: 3 : 2.286704e-02 / 1.118976e+00
PCG: 0 : 2.286704e-02
PCG: 1 : 1.392218e-02 / 6.088316e-01
PCG: 2 : 1.479077e-02 / 6.468163e-01
PCG: 3 : 1.924449e-02 / 8.415820e-01
PCG: 0 : 1.924448e-02
PCG: 1 : 1.444005e-02 / 7.503474e-01
PCG: 2 : 1.349802e-02 / 7.013968e-01
PCG: 3 : 2.153150e-02 / 1.118840e+00
PCG: 0 : 2.153150e-02
PCG: 1 : 1.316875e-02 / 6.116039e-01
PCG: 2 : 1.398665e-02 / 6.495901e-01
PCG: 3 : 1.812219e-02 / 8.416596e-01
PCG: 0 : 1.812220e-02
PCG: 1 : 1.365741e-02 / 7.536288e-01
PCG: 2 : 1.276710e-02 / 7.045009e-01
PCG: 3 : 2.027715e-02 / 1.118912e+00
PCG: 0 : 2.027715e-02
PCG: 1 : 1.245783e-02 / 6.143780e-01
PCG: 2 : 1.322760e-02 / 6.523401e-01
PCG: 3 : 1.706759e-02 / 8.417155e-01
PCG: 0 : 1.706759e-02
PCG: 1 : 1.291757e-02 / 7.568481e-01
PCG: 2 : 1.207515e-02 / 7.074899e-01
PCG: 3 : 1.909540e-02 / 1.118811e+00
PCG: 0 : 1.909540e-02
PCG: 1 : 1.178381e-02 / 6.171021e-01
PCG: 2 : 1.250862e-02 / 6.550592e-01
PCG: 3 : 1.607471e-02 / 8.418106e-01
PCG: 0 : 1.607471e-02
PCG: 1 : 1.221809e-02 / 7.600815e-01
PCG: 2 : 1.142144e-02 / 7.105226e-01
PCG: 3 : 1.798575e-02 / 1.118885e+00
PCG: 0 : 1.798575e-02
PCG: 1 : 1.114771e-02 / 6.198080e-01
PCG: 2 : 1.182894e-02 / 6.576840e-01
PCG: 3 : 1.514087e-02 / 8.418257e-01
PCG: 0 : 1.514087e-02
PCG: 1 : 1.155556e-02 / 7.632036e-01
PCG: 2 : 1.080253e-02 / 7.134685e-01
PCG: 3 : 1.694067e-02 / 1.118870e+00
PCG: 0 : 1.694067e-02
PCG: 1 : 1.054529e-02 / 6.224836e-01
PCG: 2 : 1.118553e-02 / 6.602764e-01
PCG: 3 : 1.426229e-02 / 8.418961e-01
PCG: 0 : 1.426228e-02
PCG: 1 : 1.092935e-02 / 7.663115e-01
PCG: 2 : 1.021690e-02 / 7.163578e-01
PCG: 3 : 1.595830e-02 / 1.118916e+00
PCG: 0 : 1.595830e-02
PCG: 1 : 9.975005e-03 / 6.250671e-01
PCG: 2 : 1.057654e-02 / 6.627613e-01
PCG: 3 : 1.343525e-02 / 8.418975e-01
PCG: 0 : 1.343525e-02
PCG: 1 : 1.033641e-02 / 7.693503e-01
PCG: 2 : 9.662853e-03 / 7.192166e-01
PCG: 3 : 1.503541e-02 / 1.119102e+00
PCG: 0 : 1.503541e-02
PCG: 1 : 9.435797e-03 / 6.275717e-01
PCG: 2 : 1.000103e-02 / 6.651648e-01
PCG: 3 : 1.265813e-02 / 8.418881e-01
PCG: 0 : 1.265813e-02
PCG: 1 : 9.775713e-03 / 7.722872e-01
PCG: 2 : 9.137634e-03 / 7.218786e-01
PCG: 3 : 1.416600e-02 / 1.119123e+00
PCG: 0 : 1.416600e-02
PCG: 1 : 8.924134e-03 / 6.299685e-01
PCG: 2 : 9.456082e-03 / 6.675196e-01
PCG: 3 : 1.192744e-02 / 8.419762e-01
PCG: 0 : 1.192743e-02
PCG: 1 : 9.245268e-03 / 7.751264e-01
PCG: 2 : 8.641088e-03 / 7.244717e-01
PCG: 3 : 1.334835e-02 / 1.119130e+00
PCG: 0 : 1.334835e-02
PCG: 1 : 8.441481e-03 / 6.323988e-01
PCG: 2 : 8.941021e-03 / 6.698222e-01
PCG: 3 : 1.124144e-02 / 8.421593e-01
PCG: 0 : 1.124144e-02
PCG: 1 : 8.743216e-03 / 7.777667e-01
PCG: 2 : 8.171443e-03 / 7.269037e-01
PCG: 3 : 1.257866e-02 / 1.118955e+00
PCG: 0 : 1.257866e-02
PCG: 1 : 7.983710e-03 / 6.347025e-01
PCG: 2 : 8.452616e-03 / 6.719804e-01
PCG: 3 : 1.059450e-02 / 8.422592e-01
PCG: 0 : 1.059449e-02
PCG: 1 : 8.267885e-03 / 7.803945e-01
PCG: 2 : 7.726443e-03 / 7.292885e-01
PCG: 3 : 1.185561e-02 / 1.119035e+00
PCG: 0 : 1.185562e-02
PCG: 1 : 7.550463e-03 / 6.368681e-01
PCG: 2 : 7.991625e-03 / 6.740793e-01
PCG: 3 : 9.986797e-03 / 8.423685e-01
PCG: 0 : 9.986796e-03
PCG: 1 : 7.818378e-03 / 7.828714e-01
PCG: 2 : 7.305495e-03 / 7.315153e-01
PCG: 3 : 1.117495e-02 / 1.118972e+00
PCG: 0 : 1.117494e-02
PCG: 1 : 7.140112e-03 / 6.389394e-01
PCG: 2 : 7.554618e-03 / 6.760318e-01
PCG: 3 : 9.414234e-03 / 8.424413e-01
PCG: 0 : 9.414235e-03
PCG: 1 : 7.392924e-03 / 7.852920e-01
PCG: 2 : 6.907473e-03 / 7.337264e-01
PCG: 3 : 1.053552e-02 / 1.119105e+00
PCG: 0 : 1.053552e-02
PCG: 1 : 6.752709e-03 / 6.409471e-01
PCG: 2 : 7.141907e-03 / 6.778886e-01
PCG: 3 : 8.876421e-03 / 8.425235e-01
PCG: 0 : 8.876421e-03
PCG: 1 : 6.989775e-03 / 7.874542e-01
PCG: 2 : 6.530344e-03 / 7.356956e-01
PCG: 3 : 9.932559e-03 / 1.118982e+00
PCG: 0 : 9.932558e-03
PCG: 1 : 6.384924e-03 / 6.428277e-01
PCG: 2 : 6.750606e-03 / 6.796442e-01
PCG: 3 : 8.369769e-03 / 8.426600e-01
PCG: 0 : 8.369770e-03
PCG: 1 : 6.608843e-03 / 7.896087e-01
PCG: 2 : 6.173688e-03 / 7.376175e-01
PCG: 3 : 9.366204e-03 / 1.119052e+00
PCG: 0 : 9.366204e-03
PCG: 1 : 6.037260e-03 / 6.445792e-01
PCG: 2 : 6.381055e-03 / 6.812851e-01
PCG: 3 : 7.893066e-03 / 8.427177e-01
PCG: 0 : 7.893066e-03
PCG: 1 : 6.247905e-03 / 7.915689e-01
PCG: 2 : 5.836098e-03 / 7.393955e-01
PCG: 3 : 8.832302e-03 / 1.118995e+00
PCG: 0 : 8.832302e-03
PCG: 1 : 5.708185e-03 / 6.462851e-01
PCG: 2 : 6.031074e-03 / 6.828428e-01
PCG: 3 : 7.444453e-03 / 8.428667e-01
PCG: 0 : 7.444453e-03
PCG: 1 : 5.906821e-03 / 7.934526e-01
PCG: 2 : 5.517020e-03 / 7.410914e-01
PCG: 3 : 8.330274e-03 / 1.118991e+00
PCG: 0 : 8.330274e-03
PCG: 1 : 5.396697e-03 / 6.478414e-01
PCG: 2 : 5.700307e-03 / 6.842880e-01
PCG: 3 : 7.021705e-03 / 8.429140e-01
PCG: 0 : 7.021707e-03
PCG: 1 : 5.584097e-03 / 7.952621e-01
PCG: 2 : 5.214842e-03 / 7.426744e-01
PCG: 3 : 7.857666e-03 / 1.119054e+00
PCG: 0 : 7.857666e-03
PCG: 1 : 5.101971e-03 / 6.492985e-01
PCG: 2 : 5.387617e-03 / 6.856511e-01
PCG: 3 : 6.623673e-03 / 8.429568e-01
PCG: 0 : 6.623671e-03
PCG: 1 : 5.278683e-03 / 7.969421e-01
PCG: 2 : 4.928988e-03 / 7.441475e-01
PCG: 3 : 7.412938e-03 / 1.119159e+00
PCG: 0 : 7.412938e-03
PCG: 1 : 4.823157e-03 / 6.506404e-01
PCG: 2 : 5.091805e-03 / 6.868809e-01
PCG: 3 : 6.248436e-03 / 8.429096e-01
PCG: 0 : 6.248436e-03
PCG: 1 : 4.989530e-03 / 7.985246e-01
PCG: 2 : 4.658549e-03 / 7.455543e-01
PCG: 3 : 6.993656e-03 / 1.119265e+00
PCG: 0 : 6.993658e-03
PCG: 1 : 4.558984e-03 / 6.518741e-01
PCG: 2 : 4.811937e-03 / 6.880429e-01
PCG: 3 : 5.895611e-03 / 8.429940e-01
PCG: 0 : 5.895611e-03
PCG: 1 : 4.716091e-03 / 7.999325e-01
PCG: 2 : 4.402633e-03 / 7.467645e-01
PCG: 3 : 6.598365e-03 / 1.119200e+00
PCG: 0 : 6.598366e-03
PCG: 1 : 4.309186e-03 / 6.530687e-01
PCG: 2 : 4.547431e-03 / 6.891752e-01
PCG: 3 : 5.563138e-03 / 8.431084e-01
PCG: 0 : 5.563139e-03
PCG: 1 : 4.457816e-03 / 8.013132e-01
PCG: 2 : 4.160972e-03 / 7.479541e-01
PCG: 3 : 6.226311e-03 / 1.119208e+00
PCG: 0 : 6.226311e-03
PCG: 1 : 4.073027e-03 / 6.541637e-01
PCG: 2 : 4.297290e-03 / 6.901825e-01
PCG: 3 : 5.249520e-03 / 8.431190e-01
PCG: 0 : 5.249520e-03
PCG: 1 : 4.213218e-03 / 8.025911e-01
PCG: 2 : 3.932375e-03 / 7.490922e-01
PCG: 3 : 5.875924e-03 / 1.119326e+00
PCG: 0 : 5.875924e-03
PCG: 1 : 3.849708e-03 / 6.551664e-01
PCG: 2 : 4.060947e-03 / 6.911164e-01
PCG: 3 : 4.954095e-03 / 8.431176e-01
PCG: 0 : 4.954095e-03
PCG: 1 : 3.981955e-03 / 8.037705e-01
PCG: 2 : 3.716028e-03 / 7.500923e-01
PCG: 3 : 5.545290e-03 / 1.119335e+00
PCG: 0 : 5.545291e-03
PCG: 1 : 3.638316e-03 / 6.561091e-01
PCG: 2 : 3.837283e-03 / 6.919896e-01
PCG: 3 : 4.675589e-03 / 8.431639e-01
PCG: 0 : 4.675588e-03
PCG: 1 : 3.763124e-03 / 8.048450e-01
PCG: 2 : 3.511491e-03 / 7.510267e-01
PCG: 3 : 5.233904e-03 / 1.119411e+00
PCG: 0 : 5.233903e-03
PCG: 1 : 3.438603e-03 / 6.569864e-01
PCG: 2 : 3.626060e-03 / 6.928022e-01
PCG: 3 : 4.413272e-03 / 8.432087e-01
PCG: 0 : 4.413271e-03
PCG: 1 : 3.556422e-03 / 8.058471e-01
PCG: 2 : 3.318190e-03 / 7.518663e-01
PCG: 3 : 4.940235e-03 / 1.119404e+00
PCG: 0 : 4.940235e-03
PCG: 1 : 3.249503e-03 / 6.577628e-01
PCG: 2 : 3.426228e-03 / 6.935356e-01
PCG: 3 : 4.165632e-03 / 8.432053e-01
PCG: 0 : 4.165631e-03
PCG: 1 : 3.360895e-03 / 8.068153e-01
PCG: 2 : 3.135375e-03 / 7.526771e-01
PCG: 3 : 4.663385e-03 / 1.119491e+00
PCG: 0 : 4.663385e-03
PCG: 1 : 3.070735e-03 / 6.584776e-01
PCG: 2 : 3.237352e-03 / 6.942064e-01
PCG: 3 : 3.932315e-03 / 8.432318e-01
PCG: 0 : 3.932315e-03
PCG: 1 : 3.175936e-03 / 8.076504e-01
PCG: 2 : 2.962668e-03 / 7.534158e-01
PCG: 3 : 4.402128e-03 / 1.119475e+00
PCG: 0 : 4.402127e-03
PCG: 1 : 2.901831e-03 / 6.591884e-01
PCG: 2 : 3.058740e-03 / 6.948322e-01
PCG: 3 : 3.712077e-03 / 8.432462e-01
PCG: 0 : 3.712076e-03
PCG: 1 : 3.001028e-03 / 8.084498e-01
PCG: 2 : 2.799374e-03 / 7.541263e-01
PCG: 3 : 4.155944e-03 / 1.119574e+00
PCG: 0 : 4.155944e-03
PCG: 1 : 2.742181e-03 / 6.598215e-01
PCG: 2 : 2.889998e-03 / 6.953892e-01
PCG: 3 : 3.504499e-03 / 8.432499e-01
PCG: 0 : 3.504499e-03
PCG: 1 : 2.835734e-03 / 8.091694e-01
PCG: 2 : 2.645106e-03 / 7.547744e-01
PCG: 3 : 3.923672e-03 / 1.119610e+00
PCG: 0 : 3.923672e-03
PCG: 1 : 2.591280e-03 / 6.604220e-01
PCG: 2 : 2.730488e-03 / 6.959010e-01
PCG: 3 : 3.308601e-03 / 8.432409e-01
PCG: 0 : 3.308600e-03
PCG: 1 : 2.679431e-03 / 8.098383e-01
PCG: 2 : 2.499262e-03 / 7.553834e-01
PCG: 3 : 3.704563e-03 / 1.119677e+00
PCG: 0 : 3.704563e-03
PCG: 1 : 2.448529e-03 / 6.609493e-01
PCG: 2 : 2.579787e-03 / 6.963809e-01
PCG: 3 : 3.123972e-03 / 8.432767e-01
PCG: 0 : 3.123972e-03
PCG: 1 : 2.531709e-03 / 8.104134e-01
PCG: 2 : 2.361308e-03 / 7.558672e-01
PCG: 3 : 3.497670e-03 / 1.119623e+00
PCG: 0 : 3.497670e-03
PCG: 1 : 2.313464e-03 / 6.614299e-01
PCG: 2 : 2.437253e-03 / 6.968219e-01
PCG: 3 : 2.949698e-03 / 8.433322e-01
PCG: 0 : 2.949697e-03
PCG: 1 : 2.392075e-03 / 8.109562e-01
PCG: 2 : 2.230958e-03 / 7.563344e-01
PCG: 3 : 3.302372e-03 / 1.119563e+00
PCG: 0 : 3.302373e-03
PCG: 1 : 2.185934e-03 / 6.619284e-01
PCG: 2 : 2.302619e-03 / 6.972621e-01
PCG: 3 : 2.785296e-03 / 8.434228e-01
PCG: 0 : 2.785296e-03
PCG: 1 : 2.260165e-03 / 8.114631e-01
PCG: 2 : 2.107908e-03 / 7.567985e-01
PCG: 3 : 3.118356e-03 / 1.119578e+00
PCG: 0 : 3.118356e-03
PCG: 1 : 2.065455e-03 / 6.623539e-01
PCG: 2 : 2.175459e-03 / 6.976302e-01
PCG: 3 : 2.630001e-03 / 8.433936e-01
PCG: 0 : 2.630001e-03
PCG: 1 : 2.135363e-03 / 8.119246e-01
PCG: 2 : 1.991548e-03 / 7.572422e-01
PCG: 3 : 2.944693e-03 / 1.119655e+00
PCG: 0 : 2.944693e-03
PCG: 1 : 1.951551e-03 / 6.627352e-01
PCG: 2 : 2.055270e-03 / 6.979574e-01
PCG: 3 : 2.483571e-03 / 8.434058e-01
PCG: 0 : 2.483571e-03
PCG: 1 : 2.017564e-03 / 8.123643e-01
PCG: 2 : 1.881636e-03 / 7.576334e-01
PCG: 3 : 2.780694e-03 / 1.119635e+00
PCG: 0 : 2.780694e-03
PCG: 1 : 1.843907e-03 / 6.631106e-01
PCG: 2 : 1.941635e-03 / 6.982557e-01
PCG: 3 : 2.345228e-03 / 8.433967e-01
PCG: 0 : 2.345228e-03
PCG: 1 : 1.906063e-03 / 8.127413e-01
PCG: 2 : 1.777744e-03 / 7.580262e-01
PCG: 3 : 2.626006e-03 / 1.119723e+00
PCG: 0 : 2.626006e-03
PCG: 1 : 1.742213e-03 / 6.634461e-01
PCG: 2 : 1.834351e-03 / 6.985326e-01
PCG: 3 : 2.214763e-03 / 8.433962e-01
PCG: 0 : 2.214763e-03
PCG: 1 : 1.800751e-03 / 8.130669e-01
PCG: 2 : 1.679469e-03 / 7.583066e-01
PCG: 3 : 2.479742e-03 / 1.119642e+00
PCG: 0 : 2.479742e-03
PCG: 1 : 1.645928e-03 / 6.637497e-01
PCG: 2 : 1.732916e-03 / 6.988293e-01
PCG: 3 : 2.091637e-03 / 8.434898e-01
PCG: 0 : 2.091637e-03
PCG: 1 : 1.701394e-03 / 8.134272e-01
PCG: 2 : 1.586674e-03 / 7.585800e-01
PCG: 3 : 2.341871e-03 / 1.119635e+00
PCG: 0 : 2.341871e-03
PCG: 1 : 1.555005e-03 / 6.640013e-01
PCG: 2 : 1.637162e-03 / 6.990828e-01
PCG: 3 : 1.975353e-03 / 8.434935e-01
PCG: 0 : 1.975352e-03
PCG: 1 : 1.607414e-03 / 8.137355e-01
PCG: 2 : 1.498993e-03 / 7.588485e-01
PCG: 3 : 2.211617e-03 / 1.119606e+00
PCG: 0 : 2.211616e-03
PCG: 1 : 1.469040e-03 / 6.642382e-01
PCG: 2 : 1.546584e-03 / 6.993003e-01
PCG: 3 : 1.865449e-03 / 8.434778e-01
PCG: 0 : 1.865450e-03
PCG: 1 : 1.518583e-03 / 8.140574e-01
PCG: 2 : 1.416073e-03 / 7.591056e-01
PCG: 3 : 2.088841e-03 / 1.119752e+00
PCG: 0 : 2.088842e-03
PCG: 1 : 1.387908e-03 / 6.644391e-01
PCG: 2 : 1.461116e-03 / 6.994864e-01
PCG: 3 : 1.761822e-03 / 8.434445e-01
PCG: 0 : 1.761822e-03
PCG: 1 : 1.434671e-03 / 8.143108e-01
PCG: 2 : 1.337753e-03 / 7.593011e-01
PCG: 3 : 1.972707e-03 / 1.119698e+00
PCG: 0 : 1.972707e-03
PCG: 1 : 1.311231e-03 / 6.646861e-01
PCG: 2 : 1.380348e-03 / 6.997229e-01
PCG: 3 : 1.664018e-03 / 8.435199e-01
PCG: 0 : 1.664018e-03
PCG: 1 : 1.355404e-03 / 8.145370e-01
PCG: 2 : 1.263816e-03 / 7.594965e-01
PCG: 3 : 1.863141e-03 / 1.119664e+00
PCG: 0 : 1.863141e-03
PCG: 1 : 1.238714e-03 / 6.648525e-01
PCG: 2 : 1.303959e-03 / 6.998714e-01
PCG: 3 : 1.571622e-03 / 8.435335e-01
PCG: 0 : 1.571622e-03
PCG: 1 : 1.280483e-03 / 8.147526e-01
PCG: 2 : 1.193880e-03 / 7.596484e-01
PCG: 3 : 1.759567e-03 / 1.119587e+00
PCG: 0 : 1.759567e-03
PCG: 1 : 1.170193e-03 / 6.650459e-01
PCG: 2 : 1.231864e-03 / 7.000948e-01
PCG: 3 : 1.484433e-03 / 8.436354e-01
PCG: 0 : 1.484434e-03
PCG: 1 : 1.209695e-03 / 8.149201e-01
PCG: 2 : 1.127884e-03 / 7.598080e-01
PCG: 3 : 1.661914e-03 / 1.119561e+00
PCG: 0 : 1.661914e-03
PCG: 1 : 1.105537e-03 / 6.652192e-01
PCG: 2 : 1.163732e-03 / 7.002360e-01
PCG: 3 : 1.402008e-03 / 8.436105e-01
PCG: 0 : 1.402008e-03
PCG: 1 : 1.142821e-03 / 8.151317e-01
PCG: 2 : 1.065506e-03 / 7.599857e-01
PCG: 3 : 1.569667e-03 / 1.119585e+00
PCG: 0 : 1.569667e-03
PCG: 1 : 1.044476e-03 / 6.654125e-01
PCG: 2 : 1.099368e-03 / 7.003827e-01
PCG: 3 : 1.324203e-03 / 8.436203e-01
PCG: 0 : 1.324203e-03
PCG: 1 : 1.079605e-03 / 8.152870e-01
PCG: 2 : 1.006614e-03 / 7.601661e-01
PCG: 3 : 1.482531e-03 / 1.119565e+00
PCG: 0 : 1.482531e-03
PCG: 1 : 9.866895e-04 / 6.655441e-01
PCG: 2 : 1.038501e-03 / 7.004922e-01
PCG: 3 : 1.250759e-03 / 8.436652e-01
PCG: 0 : 1.250760e-03
PCG: 1 : 1.019892e-03 / 8.154179e-01
PCG: 2 : 9.509363e-04 / 7.602870e-01
PCG: 3 : 1.400273e-03 / 1.119538e+00
PCG: 0 : 1.400273e-03
PCG: 1 : 9.321664e-04 / 6.657032e-01
PCG: 2 : 9.810533e-04 / 7.006156e-01
PCG: 3 : 1.181374e-03 / 8.436742e-01
PCG: 0 : 1.181374e-03
PCG: 1 : 9.634668e-04 / 8.155473e-01
PCG: 2 : 8.983003e-04 / 7.603858e-01
PCG: 3 : 1.322567e-03 / 1.119516e+00
PCG: 0 : 1.322567e-03
PCG: 1 : 8.806479e-04 / 6.658626e-01
PCG: 2 : 9.268278e-04 / 7.007796e-01
PCG: 3 : 1.115927e-03 / 8.437581e-01
PCG: 0 : 1.115927e-03
PCG: 1 : 9.101904e-04 / 8.156364e-01
PCG: 2 : 8.486187e-04 / 7.604610e-01
PCG: 3 : 1.249135e-03 / 1.119370e+00
PCG: 0 : 1.249135e-03
PCG: 1 : 8.319091e-04 / 6.659883e-01
PCG: 2 : 8.755412e-04 / 7.009182e-01
PCG: 3 : 1.054144e-03 / 8.438998e-01
PCG: 0 : 1.054144e-03
PCG: 1 : 8.598213e-04 / 8.156580e-01
PCG: 2 : 8.016598e-04 / 7.604839e-01
PCG: 3 : 1.179760e-03 / 1.119164e+00
PCG: 0 : 1.179760e-03
PCG: 1 : 7.859024e-04 / 6.661544e-01
PCG: 2 : 8.270620e-04 / 7.010425e-01
PCG: 3 : 9.957289e-04 / 8.440096e-01
PCG: 0 : 9.957290e-04
PCG: 1 : 8.122690e-04 / 8.157530e-01
PCG: 2 : 7.573366e-04 / 7.605851e-01
PCG: 3 : 1.114334e-03 / 1.119114e+00
PCG: 0 : 1.114334e-03
PCG: 1 : 7.423983e-04 / 6.662260e-01
PCG: 2 : 7.812657e-04 / 7.011055e-01
PCG: 3 : 9.405043e-04 / 8.440058e-01
PCG: 0 : 9.405041e-04
PCG: 1 : 7.673431e-04 / 8.158849e-01
PCG: 2 : 7.154445e-04 / 7.607033e-01
PCG: 3 : 1.052576e-03 / 1.119161e+00
PCG: 0 : 1.052576e-03
PCG: 1 : 7.013581e-04 / 6.663256e-01
PCG: 2 : 7.380608e-04 / 7.011949e-01
PCG: 3 : 8.883756e-04 / 8.440016e-01
PCG: 0 : 8.883756e-04
PCG: 1 : 7.248600e-04 / 8.159387e-01
PCG: 2 : 6.758182e-04 / 7.607348e-01
PCG: 3 : 9.941395e-04 / 1.119053e+00
PCG: 0 : 9.941392e-04
PCG: 1 : 6.625533e-04 / 6.664593e-01
PCG: 2 : 6.972254e-04 / 7.013357e-01
PCG: 3 : 8.391977e-04 / 8.441450e-01
PCG: 0 : 8.391976e-04
PCG: 1 : 6.847940e-04 / 8.160105e-01
PCG: 2 : 6.384680e-04 / 7.608078e-01
PCG: 3 : 9.390490e-04 / 1.118984e+00
PCG: 0 : 9.390489e-04
PCG: 1 : 6.258774e-04 / 6.665013e-01
PCG: 2 : 6.585948e-04 / 7.013424e-01
PCG: 3 : 7.926275e-04 / 8.440748e-01
PCG: 0 : 7.926276e-04
PCG: 1 : 6.468995e-04 / 8.161455e-01
PCG: 2 : 6.031450e-04 / 7.609437e-01
PCG: 3 : 8.870428e-04 / 1.119117e+00
PCG: 0 : 8.870430e-04
PCG: 1 : 5.912564e-04 / 6.665477e-01
PCG: 2 : 6.221511e-04 / 7.013765e-01
PCG: 3 : 7.486246e-04 / 8.439552e-01
PCG: 0 : 7.486245e-04
PCG: 1 : 6.110923e-04 / 8.162867e-01
PCG: 2 : 5.697549e-04 / 7.610690e-01
PCG: 3 : 8.379559e-04 / 1.119327e+00
PCG: 0 : 8.379558e-04
PCG: 1 : 5.585295e-04 / 6.665382e-01
PCG: 2 : 5.877278e-04 / 7.013828e-01
PCG: 3 : 7.070851e-04 / 8.438215e-01
PCG: 0 : 7.070851e-04
PCG: 1 : 5.772904e-04 / 8.164370e-01
PCG: 2 : 5.381986e-04 / 7.611511e-01
PCG: 3 : 7.915379e-04 / 1.119438e+00
PCG: 0 : 7.915379e-04
PCG: 1 : 5.276279e-04 / 6.665858e-01
PCG: 2 : 5.552146e-04 / 7.014378e-01
PCG: 3 : 6.679108e-04 / 8.438140e-01
PCG: 0 : 6.679107e-04
PCG: 1 : 5.453530e-04 / 8.165060e-01
PCG: 2 : 5.084268e-04 / 7.612197e-01
PCG: 3 : 7.476905e-04 / 1.119447e+00
PCG: 0 : 7.476905e-04
PCG: 1 : 4.984426e-04 / 6.666430e-01
PCG: 2 : 5.244875e-04 / 7.014768e-01
PCG: 3 : 6.308698e-04 / 8.437580e-01
PCG: 0 : 6.308698e-04
PCG: 1 : 5.151678e-04 / 8.165992e-01
PCG: 2 : 4.802936e-04 / 7.613196e-01
PCG: 3 : 7.063067e-04 / 1.119576e+00
PCG: 0 : 7.063067e-04
PCG: 1 : 4.708684e-04 / 6.666628e-01
PCG: 2 : 4.954626e-04 / 7.014835e-01
PCG: 3 : 5.958785e-04 / 8.436540e-01
PCG: 0 : 5.958786e-04
PCG: 1 : 4.866835e-04 / 8.167495e-01
PCG: 2 : 4.537289e-04 / 7.614453e-01
PCG: 3 : 6.672204e-04 / 1.119725e+00
PCG: 0 : 6.672204e-04
PCG: 1 : 4.448094e-04 / 6.666604e-01
PCG: 2 : 4.680377e-04 / 7.014739e-01
PCG: 3 : 5.628303e-04 / 8.435448e-01
PCG: 0 : 5.628303e-04
PCG: 1 : 4.597247e-04 / 8.168086e-01
PCG: 2 : 4.286057e-04 / 7.615184e-01
PCG: 3 : 6.302504e-04 / 1.119788e+00
PCG: 0 : 6.302503e-04
PCG: 1 : 4.202095e-04 / 6.667343e-01
PCG: 2 : 4.421300e-04 / 7.015148e-01
PCG: 3 : 5.316631e-04 / 8.435745e-01
PCG: 0 : 5.316631e-04
PCG: 1 : 4.342687e-04 / 8.168118e-01
PCG: 2 : 4.048866e-04 / 7.615473e-01
PCG: 3 : 5.953199e-04 / 1.119732e+00
PCG: 0 : 5.953199e-04
PCG: 1 : 3.969618e-04 / 6.668043e-01
PCG: 2 : 4.176717e-04 / 7.015920e-01
PCG: 3 : 5.022316e-04 / 8.436332e-01
PCG: 0 : 5.022318e-04
PCG: 1 : 4.102338e-04 / 8.168216e-01
PCG: 2 : 3.824743e-04 / 7.615494e-01
PCG: 3 : 5.623304e-04 / 1.119663e+00
PCG: 0 : 5.623304e-04
PCG: 1 : 3.749669e-04 / 6.668090e-01
PCG: 2 : 3.945332e-04 / 7.016040e-01
PCG: 3 : 4.743939e-04 / 8.436213e-01
PCG: 0 : 4.743939e-04
PCG: 1 : 3.875514e-04 / 8.169400e-01
PCG: 2 : 3.613184e-04 / 7.616420e-01
PCG: 3 : 5.312043e-04 / 1.119754e+00
PCG: 0 : 5.312044e-04
PCG: 1 : 3.542347e-04 / 6.668519e-01
PCG: 2 : 3.727119e-04 / 7.016355e-01
PCG: 3 : 4.481071e-04 / 8.435681e-01
PCG: 0 : 4.481071e-04
PCG: 1 : 3.660985e-04 / 8.169888e-01
PCG: 2 : 3.413208e-04 / 7.616947e-01
PCG: 3 : 5.017891e-04 / 1.119797e+00
PCG: 0 : 5.017892e-04
PCG: 1 : 3.346319e-04 / 6.668774e-01
PCG: 2 : 3.520903e-04 / 7.016699e-01
PCG: 3 : 4.232998e-04 / 8.435810e-01
PCG: 0 : 4.232997e-04
PCG: 1 : 3.458322e-04 / 8.169914e-01
PCG: 2 : 3.224203e-04 / 7.616833e-01
PCG: 3 : 4.739530e-04 / 1.119663e+00
PCG: 0 : 4.739530e-04
PCG: 1 : 3.161066e-04 / 6.669577e-01
PCG: 2 : 3.326016e-04 / 7.017608e-01
PCG: 3 : 3.999007e-04 / 8.437560e-01
PCG: 0 : 3.999005e-04
PCG: 1 : 3.266997e-04 / 8.169523e-01
PCG: 2 : 3.045660e-04 / 7.616044e-01
PCG: 3 : 4.476625e-04 / 1.119435e+00
PCG: 0 : 4.476624e-04
PCG: 1 : 2.985904e-04 / 6.669991e-01
PCG: 2 : 3.141941e-04 / 7.018550e-01
PCG: 3 : 3.777535e-04 / 8.438356e-01
PCG: 0 : 3.777535e-04
PCG: 1 : 3.086201e-04 / 8.169882e-01
PCG: 2 : 2.877073e-04 / 7.616271e-01
PCG: 3 : 4.228562e-04 / 1.119397e+00
PCG: 0 : 4.228562e-04
PCG: 1 : 2.820789e-04 / 6.670798e-01
PCG: 2 : 2.968008e-04 / 7.018952e-01
PCG: 3 : 3.568499e-04 / 8.439037e-01
PCG: 0 : 3.568498e-04
PCG: 1 : 2.915402e-04 / 8.169828e-01
PCG: 2 : 2.717894e-04 / 7.616351e-01
PCG: 3 : 3.994135e-04 / 1.119276e+00
PCG: 0 : 3.994136e-04
PCG: 1 : 2.664534e-04 / 6.671116e-01
PCG: 2 : 2.803679e-04 / 7.019489e-01
PCG: 3 : 3.370836e-04 / 8.439464e-01
PCG: 0 : 3.370836e-04
PCG: 1 : 2.754189e-04 / 8.170639e-01
PCG: 2 : 2.567426e-04 / 7.616585e-01
PCG: 3 : 3.773049e-04 / 1.119321e+00
PCG: 0 : 3.773050e-04
PCG: 1 : 2.517018e-04 / 6.671043e-01
PCG: 2 : 2.648523e-04 / 7.019582e-01
PCG: 3 : 3.184105e-04 / 8.439075e-01
PCG: 0 : 3.184105e-04
PCG: 1 : 2.601607e-04 / 8.170606e-01
PCG: 2 : 2.425447e-04 / 7.617360e-01
PCG: 3 : 3.564261e-04 / 1.119392e+00
PCG: 0 : 3.564260e-04
PCG: 1 : 2.377902e-04 / 6.671517e-01
PCG: 2 : 2.501774e-04 / 7.019057e-01
PCG: 3 : 3.007610e-04 / 8.438244e-01
PCG: 0 : 3.007609e-04
PCG: 1 : 2.457592e-04 / 8.171250e-01
PCG: 2 : 2.291273e-04 / 7.618256e-01
PCG: 3 : 3.367085e-04 / 1.119522e+00
PCG: 0 : 3.367085e-04
PCG: 1 : 2.246293e-04 / 6.671329e-01
PCG: 2 : 2.363271e-04 / 7.018746e-01
PCG: 3 : 2.840807e-04 / 8.436993e-01
PCG: 0 : 2.840807e-04
PCG: 1 : 2.321529e-04 / 8.172076e-01
PCG: 2 : 2.164459e-04 / 7.619168e-01
PCG: 3 : 3.180777e-04 / 1.119673e+00
PCG: 0 : 3.180776e-04
PCG: 1 : 2.122104e-04 / 6.671653e-01
PCG: 2 : 2.232488e-04 / 7.018691e-01
PCG: 3 : 2.683422e-04 / 8.436376e-01
PCG: 0 : 2.683423e-04
PCG: 1 : 2.193042e-04 / 8.172557e-01
PCG: 2 : 2.044633e-04 / 7.619497e-01
PCG: 3 : 3.004520e-04 / 1.119660e+00
PCG: 0 : 3.004520e-04
PCG: 1 : 2.004577e-04 / 6.671872e-01
PCG: 2 : 2.108949e-04 / 7.019256e-01
PCG: 3 : 2.534808e-04 / 8.436649e-01
PCG: 0 : 2.534808e-04
PCG: 1 : 2.071589e-04 / 8.172567e-01
PCG: 2 : 1.931341e-04 / 7.619281e-01
PCG: 3 : 2.838087e-04 / 1.119646e+00
PCG: 0 : 2.838088e-04
PCG: 1 : 1.893668e-04 / 6.672339e-01
PCG: 2 : 1.992270e-04 / 7.019763e-01
PCG: 3 : 2.394519e-04 / 8.437085e-01
PCG: 0 : 2.394519e-04
PCG: 1 : 1.956930e-04 / 8.172539e-01
PCG: 2 : 1.824517e-04 / 7.619557e-01
PCG: 3 : 2.680922e-04 / 1.119608e+00
PCG: 0 : 2.680921e-04
PCG: 1 : 1.788875e-04 / 6.672614e-01
PCG: 2 : 1.881904e-04 / 7.019615e-01
PCG: 3 : 2.262004e-04 / 8.437414e-01
PCG: 0 : 2.262004e-04
PCG: 1 : 1.848576e-04 / 8.172292e-01
PCG: 2 : 1.723600e-04 / 7.619790e-01
PCG: 3 : 2.532397e-04 / 1.119537e+00
PCG: 0 : 2.532398e-04
PCG: 1 : 1.689948e-04 / 6.673314e-01
PCG: 2 : 1.777812e-04 / 7.020271e-01
PCG: 3 : 2.136823e-04 / 8.437944e-01
PCG: 0 : 2.136823e-04
PCG: 1 : 1.746220e-04 / 8.172038e-01
PCG: 2 : 1.628124e-04 / 7.619367e-01
PCG: 3 : 2.391974e-04 / 1.119406e+00
PCG: 0 : 2.391974e-04
PCG: 1 : 1.596289e-04 / 6.673521e-01
PCG: 2 : 1.679337e-04 / 7.020718e-01
PCG: 3 : 2.018581e-04 / 8.438975e-01
PCG: 0 : 2.018580e-04
PCG: 1 : 1.649697e-04 / 8.172562e-01
PCG: 2 : 1.538119e-04 / 7.619808e-01
PCG: 3 : 2.259675e-04 / 1.119438e+00
PCG: 0 : 2.259675e-04
PCG: 1 : 1.507993e-04 / 6.673494e-01
PCG: 2 : 1.586391e-04 / 7.020440e-01
PCG: 3 : 1.906838e-04 / 8.438549e-01
PCG: 0 : 1.906838e-04
PCG: 1 : 1.558348e-04 / 8.172421e-01
PCG: 2 : 1.452890e-04 / 7.619368e-01
PCG: 3 : 2.134434e-04 / 1.119358e+00
PCG: 0 : 2.134434e-04
PCG: 1 : 1.424506e-04 / 6.673930e-01
PCG: 2 : 1.498628e-04 / 7.021195e-01
PCG: 3 : 1.801306e-04 / 8.439265e-01
PCG: 0 : 1.801306e-04
PCG: 1 : 1.472086e-04 / 8.172328e-01
PCG: 2 : 1.372445e-04 / 7.619169e-01
PCG: 3 : 2.016128e-04 / 1.119259e+00
PCG: 0 : 2.016127e-04
PCG: 1 : 1.345604e-04 / 6.674201e-01
PCG: 2 : 1.415595e-04 / 7.021356e-01
PCG: 3 : 1.701536e-04 / 8.439624e-01
PCG: 0 : 1.701535e-04
PCG: 1 : 1.390619e-04 / 8.172729e-01
PCG: 2 : 1.296517e-04 / 7.619686e-01
PCG: 3 : 1.904530e-04 / 1.119301e+00
PCG: 0 : 1.904530e-04
PCG: 1 : 1.271167e-04 / 6.674438e-01
PCG: 2 : 1.337307e-04 / 7.021715e-01
PCG: 3 : 1.607404e-04 / 8.439896e-01
PCG: 0 : 1.607404e-04
PCG: 1 : 1.313677e-04 / 8.172661e-01
PCG: 2 : 1.224732e-04 / 7.619315e-01
PCG: 3 : 1.798982e-04 / 1.119185e+00
PCG: 0 : 1.798982e-04
PCG: 1 : 1.200696e-04 / 6.674309e-01
PCG: 2 : 1.263238e-04 / 7.021964e-01
PCG: 3 : 1.518335e-04 / 8.439972e-01
PCG: 0 : 1.518336e-04
PCG: 1 : 1.240966e-04 / 8.173198e-01
PCG: 2 : 1.156876e-04 / 7.619367e-01
PCG: 3 : 1.699439e-04 / 1.119278e+00
PCG: 0 : 1.699439e-04
PCG: 1 : 1.134278e-04 / 6.674426e-01
PCG: 2 : 1.193409e-04 / 7.022372e-01
PCG: 3 : 1.434286e-04 / 8.439762e-01
PCG: 0 : 1.434286e-04
PCG: 1 : 1.172350e-04 / 8.173755e-01
PCG: 2 : 1.092843e-04 / 7.619421e-01
PCG: 3 : 1.605361e-04 / 1.119275e+00
PCG: 0 : 1.605361e-04
PCG: 1 : 1.071444e-04 / 6.674160e-01
PCG: 2 : 1.127386e-04 / 7.022637e-01
PCG: 3 : 1.354839e-04 / 8.439470e-01
PCG: 0 : 1.354839e-04
PCG: 1 : 1.107466e-04 / 8.174151e-01
PCG: 2 : 1.032321e-04 / 7.619509e-01
PCG: 3 : 1.516444e-04 / 1.119280e+00
PCG: 0 : 1.516444e-04
PCG: 1 : 1.012151e-04 / 6.674504e-01
PCG: 2 : 1.064992e-04 / 7.022955e-01
PCG: 3 : 1.279842e-04 / 8.439758e-01
PCG: 0 : 1.279842e-04
PCG: 1 : 1.046156e-04 / 8.174102e-01
PCG: 2 : 9.751722e-05 / 7.619471e-01
PCG: 3 : 1.432446e-04 / 1.119236e+00
PCG: 0 : 1.432446e-04
PCG: 1 : 9.561014e-05 / 6.674607e-01
PCG: 2 : 1.006013e-04 / 7.023041e-01
PCG: 3 : 1.208950e-04 / 8.439761e-01
PCG: 0 : 1.208950e-04
PCG: 1 : 9.882516e-05 / 8.174462e-01
PCG: 2 : 9.212213e-05 / 7.620011e-01
PCG: 3 : 1.353208e-04 / 1.119325e+00
PCG: 0 : 1.353208e-04
PCG: 1 : 9.032216e-05 / 6.674667e-01
PCG: 2 : 9.503272e-05 / 7.022770e-01
PCG: 3 : 1.141982e-04 / 8.439072e-01
PCG: 0 : 1.141982e-04
PCG: 1 : 9.335237e-05 / 8.174589e-01
PCG: 2 : 8.702437e-05 / 7.620465e-01
PCG: 3 : 1.278279e-04 / 1.119351e+00
PCG: 0 : 1.278279e-04
PCG: 1 : 8.532574e-05 / 6.675048e-01
PCG: 2 : 8.977225e-05 / 7.022899e-01
PCG: 3 : 1.078816e-04 / 8.439599e-01
PCG: 0 : 1.078816e-04
PCG: 1 : 8.818657e-05 / 8.174383e-01
PCG: 2 : 8.220810e-05 / 7.620214e-01
PCG: 3 : 1.207492e-04 / 1.119275e+00
PCG: 0 : 1.207492e-04
PCG: 1 : 8.059850e-05 / 6.674867e-01
PCG: 2 : 8.480150e-05 / 7.022942e-01
PCG: 3 : 1.019053e-04 / 8.439418e-01
PCG: 0 : 1.019053e-04
PCG: 1 : 8.330581e-05 / 8.174823e-01
PCG: 2 : 7.765817e-05 / 7.620618e-01
PCG: 3 : 1.140630e-04 / 1.119303e+00
PCG: 0 : 1.140630e-04
PCG: 1 : 7.614036e-05 / 6.675291e-01
PCG: 2 : 8.010882e-05 / 7.023209e-01
PCG: 3 : 9.626375e-05 / 8.439525e-01
PCG: 0 : 9.626376e-05
PCG: 1 : 7.869489e-05 / 8.174924e-01
PCG: 2 : 7.335556e-05 / 7.620267e-01
PCG: 3 : 1.077440e-04 / 1.119258e+00
PCG: 0 : 1.077440e-04
PCG: 1 : 7.192322e-05 / 6.675381e-01
PCG: 2 : 7.567903e-05 / 7.023968e-01
PCG: 3 : 9.093509e-05 / 8.439923e-01
PCG: 0 : 9.093509e-05
PCG: 1 : 7.433972e-05 / 8.175031e-01
PCG: 2 : 6.929652e-05 / 7.620437e-01
PCG: 3 : 1.017834e-04 / 1.119298e+00
PCG: 0 : 1.017834e-04
PCG: 1 : 6.794256e-05 / 6.675209e-01
PCG: 2 : 7.148800e-05 / 7.023541e-01
PCG: 3 : 8.589980e-05 / 8.439469e-01
PCG: 0 : 8.589978e-05
PCG: 1 : 7.022516e-05 / 8.175244e-01
PCG: 2 : 6.546270e-05 / 7.620823e-01
PCG: 3 : 9.614824e-05 / 1.119307e+00
PCG: 0 : 9.614826e-05
PCG: 1 : 6.418356e-05 / 6.675479e-01
PCG: 2 : 6.752855e-05 / 7.023377e-01
PCG: 3 : 8.114200e-05 / 8.439258e-01
PCG: 0 : 8.114199e-05
PCG: 1 : 6.633678e-05 / 8.175395e-01
PCG: 2 : 6.183945e-05 / 7.621140e-01
PCG: 3 : 9.082453e-05 / 1.119328e+00
PCG: 0 : 9.082452e-05
PCG: 1 : 6.063072e-05 / 6.675589e-01
PCG: 2 : 6.379121e-05 / 7.023567e-01
PCG: 3 : 7.665062e-05 / 8.439419e-01
PCG: 0 : 7.665062e-05
PCG: 1 : 6.266783e-05 / 8.175776e-01
PCG: 2 : 5.841799e-05 / 7.621333e-01
PCG: 3 : 8.579712e-05 / 1.119327e+00
PCG: 0 : 8.579711e-05
PCG: 1 : 5.727417e-05 / 6.675537e-01
PCG: 2 : 6.026021e-05 / 7.023571e-01
PCG: 3 : 7.240451e-05 / 8.439038e-01
PCG: 0 : 7.240450e-05
PCG: 1 : 5.920037e-05 / 8.176338e-01
PCG: 2 : 5.518466e-05 / 7.621717e-01
PCG: 3 : 8.104979e-05 / 1.119403e+00
PCG: 0 : 8.104978e-05
PCG: 1 : 5.410417e-05 / 6.675424e-01
PCG: 2 : 5.692796e-05 / 7.023827e-01
PCG: 3 : 6.839232e-05 / 8.438311e-01
PCG: 0 : 6.839234e-05
PCG: 1 : 5.592432e-05 / 8.176987e-01
PCG: 2 : 5.212717e-05 / 7.621785e-01
PCG: 3 : 7.656421e-05 / 1.119485e+00
PCG: 0 : 7.656423e-05
PCG: 1 : 5.110890e-05 / 6.675298e-01
PCG: 2 : 5.377821e-05 / 7.023935e-01
PCG: 3 : 6.460787e-05 / 8.438389e-01
PCG: 0 : 6.460788e-05
PCG: 1 : 5.282813e-05 / 8.176731e-01
PCG: 2 : 4.924318e-05 / 7.621853e-01
PCG: 3 : 7.232483e-05 / 1.119443e+00
PCG: 0 : 7.232483e-05
PCG: 1 : 4.827958e-05 / 6.675380e-01
PCG: 2 : 5.079685e-05 / 7.023431e-01
PCG: 3 : 6.102450e-05 / 8.437559e-01
PCG: 0 : 6.102449e-05
PCG: 1 : 4.990188e-05 / 8.177353e-01
PCG: 2 : 4.651623e-05 / 7.622550e-01
PCG: 3 : 6.832362e-05 / 1.119610e+00
PCG: 0 : 6.832362e-05
PCG: 1 : 4.560889e-05 / 6.675421e-01
PCG: 2 : 4.798753e-05 / 7.023563e-01
PCG: 3 : 5.764777e-05 / 8.437458e-01
PCG: 0 : 5.764776e-05
PCG: 1 : 4.713914e-05 / 8.177098e-01
PCG: 2 : 4.394233e-05 / 7.622557e-01
PCG: 3 : 6.453956e-05 / 1.119550e+00
PCG: 0 : 6.453956e-05
PCG: 1 : 4.308454e-05 / 6.675679e-01
PCG: 2 : 4.533014e-05 / 7.023620e-01
PCG: 3 : 5.445796e-05 / 8.437918e-01
PCG: 0 : 5.445794e-05
PCG: 1 : 4.453131e-05 / 8.177193e-01
PCG: 2 : 4.150991e-05 / 7.622379e-01
PCG: 3 : 6.096455e-05 / 1.119480e+00
PCG: 0 : 6.096457e-05
PCG: 1 : 4.069908e-05 / 6.675857e-01
PCG: 2 : 4.282281e-05 / 7.024213e-01
PCG: 3 : 5.144077e-05 / 8.437814e-01
PCG: 0 : 5.144076e-05
PCG: 1 : 4.206737e-05 / 8.177828e-01
PCG: 2 : 3.921106e-05 / 7.622567e-01
PCG: 3 : 5.759144e-05 / 1.119568e+00
PCG: 0 : 5.759143e-05
PCG: 1 : 3.844444e-05 / 6.675376e-01
PCG: 2 : 4.045239e-05 / 7.024029e-01
PCG: 3 : 4.859381e-05 / 8.437681e-01
PCG: 0 : 4.859382e-05
PCG: 1 : 3.974063e-05 / 8.178125e-01
PCG: 2 : 3.703932e-05 / 7.622229e-01
PCG: 3 : 5.440219e-05 / 1.119529e+00
PCG: 0 : 5.440219e-05
PCG: 1 : 3.631428e-05 / 6.675152e-01
PCG: 2 : 3.821510e-05 / 7.024553e-01
PCG: 3 : 4.590345e-05 / 8.437795e-01
PCG: 0 : 4.590345e-05
PCG: 1 : 3.754127e-05 / 8.178310e-01
PCG: 2 : 3.498848e-05 / 7.622189e-01
PCG: 3 : 5.139170e-05 / 1.119561e+00
PCG: 0 : 5.139170e-05
PCG: 1 : 3.430344e-05 / 6.674898e-01
PCG: 2 : 3.609784e-05 / 7.024060e-01
PCG: 3 : 4.335943e-05 / 8.437048e-01
PCG: 0 : 4.335942e-05
PCG: 1 : 3.546407e-05 / 8.179092e-01
PCG: 2 : 3.305177e-05 / 7.622742e-01
PCG: 3 : 4.854953e-05 / 1.119700e+00
PCG: 0 : 4.854952e-05
PCG: 1 : 3.240769e-05 / 6.675183e-01
PCG: 2 : 3.410329e-05 / 7.024435e-01
PCG: 3 : 4.095946e-05 / 8.436637e-01
PCG: 0 : 4.095947e-05
PCG: 1 : 3.350147e-05 / 8.179175e-01
PCG: 2 : 3.122365e-05 / 7.623060e-01
PCG: 3 : 4.586252e-05 / 1.119705e+00
PCG: 0 : 4.586252e-05
PCG: 1 : 3.061450e-05 / 6.675276e-01
PCG: 2 : 3.221462e-05 / 7.024171e-01
PCG: 3 : 3.869004e-05 / 8.436092e-01
PCG: 0 : 3.869004e-05
PCG: 1 : 3.164716e-05 / 8.179666e-01
PCG: 2 : 2.949558e-05 / 7.623558e-01
PCG: 3 : 4.332459e-05 / 1.119787e+00
PCG: 0 : 4.332460e-05
PCG: 1 : 2.892003e-05 / 6.675199e-01
PCG: 2 : 3.043151e-05 / 7.024072e-01
PCG: 3 : 3.654881e-05 / 8.436041e-01
PCG: 0 : 3.654880e-05
PCG: 1 : 2.989460e-05 / 8.179366e-01
PCG: 2 : 2.786216e-05 / 7.623277e-01
PCG: 3 : 4.092441e-05 / 1.119720e+00
PCG: 0 : 4.092440e-05
PCG: 1 : 2.731781e-05 / 6.675189e-01
PCG: 2 : 2.874712e-05 / 7.024447e-01
PCG: 3 : 3.452543e-05 / 8.436393e-01
PCG: 0 : 3.452543e-05
PCG: 1 : 2.824038e-05 / 8.179588e-01
PCG: 2 : 2.631929e-05 / 7.623160e-01
PCG: 3 : 3.865824e-05 / 1.119704e+00
PCG: 0 : 3.865824e-05
PCG: 1 : 2.580534e-05 / 6.675249e-01
PCG: 2 : 2.715684e-05 / 7.024853e-01
PCG: 3 : 3.261453e-05 / 8.436633e-01
PCG: 0 : 3.261454e-05
PCG: 1 : 2.667863e-05 / 8.179982e-01
PCG: 2 : 2.486265e-05 / 7.623180e-01
PCG: 3 : 3.651878e-05 / 1.119709e+00
PCG: 0 : 3.651877e-05
PCG: 1 : 2.437762e-05 / 6.675366e-01
PCG: 2 : 2.565389e-05 / 7.024849e-01
PCG: 3 : 3.080918e-05 / 8.436532e-01
PCG: 0 : 3.080918e-05
PCG: 1 : 2.520064e-05 / 8.179587e-01
PCG: 2 : 2.348687e-05 / 7.623334e-01
PCG: 3 : 3.449673e-05 / 1.119690e+00
PCG: 0 : 3.449673e-05
PCG: 1 : 2.302815e-05 / 6.675459e-01
PCG: 2 : 2.423192e-05 / 7.024411e-01
PCG: 3 : 2.910263e-05 / 8.436345e-01
PCG: 0 : 2.910262e-05
PCG: 1 : 2.380639e-05 / 8.180156e-01
PCG: 2 : 2.218880e-05 / 7.624333e-01
PCG: 3 : 3.258979e-05 / 1.119823e+00
PCG: 0 : 3.258978e-05
PCG: 1 : 2.175531e-05 / 6.675501e-01
PCG: 2 : 2.289140e-05 / 7.024102e-01
PCG: 3 : 2.749002e-05 / 8.435164e-01
PCG: 0 : 2.749002e-05
PCG: 1 : 2.248694e-05 / 8.180036e-01
PCG: 2 : 2.095937e-05 / 7.624357e-01
PCG: 3 : 3.078480e-05 / 1.119854e+00
PCG: 0 : 3.078481e-05
PCG: 1 : 2.055098e-05 / 6.675687e-01
PCG: 2 : 2.162435e-05 / 7.024357e-01
PCG: 3 : 2.596942e-05 / 8.435789e-01
PCG: 0 : 2.596942e-05
PCG: 1 : 2.124302e-05 / 8.180014e-01
PCG: 2 : 1.979845e-05 / 7.623757e-01
PCG: 3 : 2.907890e-05 / 1.119736e+00
PCG: 0 : 2.907890e-05
PCG: 1 : 1.941250e-05 / 6.675802e-01
PCG: 2 : 2.042763e-05 / 7.024899e-01
PCG: 3 : 2.453235e-05 / 8.436477e-01
PCG: 0 : 2.453235e-05
PCG: 1 : 2.006711e-05 / 8.179858e-01
PCG: 2 : 1.870277e-05 / 7.623718e-01
PCG: 3 : 2.746882e-05 / 1.119698e+00
PCG: 0 : 2.746882e-05
PCG: 1 : 1.833781e-05 / 6.675863e-01
PCG: 2 : 1.929630e-05 / 7.024801e-01
PCG: 3 : 2.317476e-05 / 8.436750e-01
PCG: 0 : 2.317475e-05
PCG: 1 : 1.895573e-05 / 8.179476e-01
PCG: 2 : 1.766775e-05 / 7.623707e-01
PCG: 3 : 2.594861e-05 / 1.119693e+00
PCG: 0 : 2.594861e-05
PCG: 1 : 1.732331e-05 / 6.676008e-01
PCG: 2 : 1.822794e-05 / 7.024633e-01
PCG: 3 : 2.189163e-05 / 8.436534e-01
PCG: 0 : 2.189163e-05
PCG: 1 : 1.790683e-05 / 8.179759e-01
PCG: 2 : 1.669066e-05 / 7.624221e-01
PCG: 3 : 2.451243e-05 / 1.119717e+00
PCG: 0 : 2.451243e-05
PCG: 1 : 1.636534e-05 / 6.676346e-01
PCG: 2 : 1.721951e-05 / 7.024809e-01
PCG: 3 : 2.067975e-05 / 8.436437e-01
PCG: 0 : 2.067975e-05
PCG: 1 : 1.691554e-05 / 8.179758e-01
PCG: 2 : 1.576711e-05 / 7.624419e-01
PCG: 3 : 2.315529e-05 / 1.119708e+00
PCG: 0 : 2.315529e-05
PCG: 1 : 1.545967e-05 / 6.676517e-01
PCG: 2 : 1.626615e-05 / 7.024809e-01
PCG: 3 : 1.953504e-05 / 8.436535e-01
PCG: 0 : 1.953504e-05
PCG: 1 : 1.597943e-05 / 8.179883e-01
PCG: 2 : 1.489463e-05 / 7.624574e-01
PCG: 3 : 2.187339e-05 / 1.119701e+00
PCG: 0 : 2.187340e-05
PCG: 1 : 1.460313e-05 / 6.676208e-01
PCG: 2 : 1.536514e-05 / 7.024579e-01
PCG: 3 : 1.845346e-05 / 8.436486e-01
PCG: 0 : 1.845346e-05
PCG: 1 : 1.509488e-05 / 8.179973e-01
PCG: 2 : 1.407002e-05 / 7.624598e-01
PCG: 3 : 2.066237e-05 / 1.119702e+00
PCG: 0 : 2.066236e-05
PCG: 1 : 1.379567e-05 / 6.676713e-01
PCG: 2 : 1.451466e-05 / 7.024683e-01
PCG: 3 : 1.743128e-05 / 8.436245e-01
PCG: 0 : 1.743128e-05
PCG: 1 : 1.425887e-05 / 8.180048e-01
PCG: 2 : 1.329137e-05 / 7.625011e-01
PCG: 3 : 1.951968e-05 / 1.119808e+00
PCG: 0 : 1.951968e-05
PCG: 1 : 1.303260e-05 / 6.676648e-01
PCG: 2 : 1.371142e-05 / 7.024411e-01
PCG: 3 : 1.646667e-05 / 8.435934e-01
PCG: 0 : 1.646667e-05
PCG: 1 : 1.346940e-05 / 8.179798e-01
PCG: 2 : 1.255564e-05 / 7.624880e-01
PCG: 3 : 1.843828e-05 / 1.119733e+00
PCG: 0 : 1.843828e-05
PCG: 1 : 1.231041e-05 / 6.676553e-01
PCG: 2 : 1.295178e-05 / 7.024401e-01
PCG: 3 : 1.555508e-05 / 8.436295e-01
PCG: 0 : 1.555507e-05
PCG: 1 : 1.272381e-05 / 8.179846e-01
PCG: 2 : 1.186074e-05 / 7.624996e-01
PCG: 3 : 1.741767e-05 / 1.119742e+00
PCG: 0 : 1.741766e-05
PCG: 1 : 1.162936e-05 / 6.676762e-01
PCG: 2 : 1.223515e-05 / 7.024565e-01
PCG: 3 : 1.469366e-05 / 8.436067e-01
PCG: 0 : 1.469366e-05
PCG: 1 : 1.201982e-05 / 8.180276e-01
PCG: 2 : 1.120408e-05 / 7.625116e-01
PCG: 3 : 1.645400e-05 / 1.119803e+00
PCG: 0 : 1.645400e-05
PCG: 1 : 1.098604e-05 / 6.676819e-01
PCG: 2 : 1.155824e-05 / 7.024577e-01
PCG: 3 : 1.388021e-05 / 8.435770e-01
PCG: 0 : 1.388021e-05
PCG: 1 : 1.135488e-05 / 8.180627e-01
PCG: 2 : 1.058438e-05 / 7.625515e-01
PCG: 3 : 1.554354e-05 / 1.119834e+00
PCG: 0 : 1.554353e-05
PCG: 1 : 1.037766e-05 / 6.676513e-01
PCG: 2 : 1.091827e-05 / 7.024318e-01
PCG: 3 : 1.311168e-05 / 8.435457e-01
PCG: 0 : 1.311168e-05
PCG: 1 : 1.072548e-05 / 8.180096e-01
PCG: 2 : 9.997995e-06 / 7.625259e-01
PCG: 3 : 1.468221e-05 / 1.119781e+00
PCG: 0 : 1.468221e-05
PCG: 1 : 9.803141e-06 / 6.676882e-01
PCG: 2 : 1.031380e-05 / 7.024691e-01
PCG: 3 : 1.238627e-05 / 8.436241e-01
PCG: 0 : 1.238627e-05
PCG: 1 : 1.013190e-05 / 8.179942e-01
PCG: 2 : 9.444715e-06 / 7.625149e-01
PCG: 3 : 1.386930e-05 / 1.119732e+00
PCG: 0 : 1.386930e-05
PCG: 1 : 9.260774e-06 / 6.677176e-01
PCG: 2 : 9.742956e-06 / 7.024837e-01
PCG: 3 : 1.170061e-05 / 8.436336e-01
PCG: 0 : 1.170061e-05
PCG: 1 : 9.571274e-06 / 8.180153e-01
PCG: 2 : 8.922157e-06 / 7.625380e-01
PCG: 3 : 1.310219e-05 / 1.119787e+00
PCG: 0 : 1.310219e-05
PCG: 1 : 8.748214e-06 / 6.676910e-01
PCG: 2 : 9.203967e-06 / 7.024755e-01
PCG: 3 : 1.105344e-05 / 8.436332e-01
PCG: 0 : 1.105344e-05
PCG: 1 : 9.041896e-06 / 8.180164e-01
PCG: 2 : 8.428176e-06 / 7.624933e-01
PCG: 3 : 1.237606e-05 / 1.119657e+00
PCG: 0 : 1.237606e-05
PCG: 1 : 8.263801e-06 / 6.677248e-01
PCG: 2 : 8.694590e-06 / 7.025331e-01
PCG: 3 : 1.044209e-05 / 8.437333e-01
PCG: 0 : 1.044209e-05
PCG: 1 : 8.541369e-06 / 8.179749e-01
PCG: 2 : 7.961549e-06 / 7.624478e-01
PCG: 3 : 1.169080e-05 / 1.119584e+00
PCG: 0 : 1.169080e-05
PCG: 1 : 7.806228e-06 / 6.677240e-01
PCG: 2 : 8.212987e-06 / 7.025172e-01
PCG: 3 : 9.863352e-06 / 8.436850e-01
PCG: 0 : 9.863354e-06
PCG: 1 : 8.068650e-06 / 8.180433e-01
PCG: 2 : 7.521404e-06 / 7.625605e-01
PCG: 3 : 1.104438e-05 / 1.119739e+00
PCG: 0 : 1.104438e-05
PCG: 1 : 7.374708e-06 / 6.677339e-01
PCG: 2 : 7.758482e-06 / 7.024822e-01
PCG: 3 : 9.317256e-06 / 8.436195e-01
PCG: 0 : 9.317256e-06
PCG: 1 : 7.621669e-06 / 8.180165e-01
PCG: 2 : 7.104615e-06 / 7.625222e-01
PCG: 3 : 1.043274e-05 / 1.119722e+00
PCG: 0 : 1.043274e-05
PCG: 1 : 6.966097e-06 / 6.677151e-01
PCG: 2 : 7.329240e-06 / 7.025231e-01
PCG: 3 : 8.801871e-06 / 8.436780e-01
PCG: 0 : 8.801871e-06
PCG: 1 : 7.200378e-06 / 8.180507e-01
PCG: 2 : 6.711638e-06 / 7.625239e-01
PCG: 3 : 9.855284e-06 / 1.119681e+00
PCG: 0 : 9.855283e-06
PCG: 1 : 6.580307e-06 / 6.676934e-01
PCG: 2 : 6.923212e-06 / 7.024875e-01
PCG: 3 : 8.313626e-06 / 8.435706e-01
PCG: 0 : 8.313626e-06
PCG: 1 : 6.801495e-06 / 8.181140e-01
PCG: 2 : 6.339827e-06 / 7.625827e-01
PCG: 3 : 9.310455e-06 / 1.119903e+00
PCG: 0 : 9.310455e-06
PCG: 1 : 6.216268e-06 / 6.676653e-01
PCG: 2 : 6.540301e-06 / 7.024685e-01
PCG: 3 : 7.853744e-06 / 8.435403e-01
PCG: 0 : 7.853744e-06
PCG: 1 : 6.424933e-06 / 8.180726e-01
PCG: 2 : 5.988871e-06 / 7.625498e-01
PCG: 3 : 8.794623e-06 / 1.119800e+00
PCG: 0 : 8.794622e-06
PCG: 1 : 5.872287e-06 / 6.677134e-01
PCG: 2 : 6.178302e-06 / 7.025090e-01
PCG: 3 : 7.419204e-06 / 8.436069e-01
PCG: 0 : 7.419202e-06
PCG: 1 : 6.069570e-06 / 8.180894e-01
PCG: 2 : 5.657478e-06 / 7.625454e-01
PCG: 3 : 8.307713e-06 / 1.119758e+00
PCG: 0 : 8.307713e-06
PCG: 1 : 5.547287e-06 / 6.677274e-01
PCG: 2 : 5.836392e-06 / 7.025269e-01
PCG: 3 : 7.008644e-06 / 8.436310e-01
PCG: 0 : 7.008644e-06
PCG: 1 : 5.733486e-06 / 8.180593e-01
PCG: 2 : 5.344113e-06 / 7.625031e-01
PCG: 3 : 7.847543e-06 / 1.119695e+00
PCG: 0 : 7.847545e-06
PCG: 1 : 5.239759e-06 / 6.676940e-01
PCG: 2 : 5.513211e-06 / 7.025396e-01
PCG: 3 : 6.620479e-06 / 8.436369e-01
PCG: 0 : 6.620478e-06
PCG: 1 : 5.416369e-06 / 8.181235e-01
PCG: 2 : 5.048231e-06 / 7.625176e-01
PCG: 3 : 7.413370e-06 / 1.119764e+00
PCG: 0 : 7.413369e-06
PCG: 1 : 4.949809e-06 / 6.676869e-01
PCG: 2 : 5.208261e-06 / 7.025498e-01
PCG: 3 : 6.254010e-06 / 8.436125e-01
PCG: 0 : 6.254011e-06
PCG: 1 : 5.116543e-06 / 8.181217e-01
PCG: 2 : 4.768996e-06 / 7.625499e-01
PCG: 3 : 7.003286e-06 / 1.119807e+00
PCG: 0 : 7.003286e-06
PCG: 1 : 4.676170e-06 / 6.677108e-01
PCG: 2 : 4.919893e-06 / 7.025121e-01
PCG: 3 : 5.907821e-06 / 8.435783e-01
PCG: 0 : 5.907822e-06
PCG: 1 : 4.833232e-06 / 8.181072e-01
PCG: 2 : 4.505131e-06 / 7.625705e-01
PCG: 3 : 6.615514e-06 / 1.119789e+00
PCG: 0 : 6.615513e-06
PCG: 1 : 4.417310e-06 / 6.677199e-01
PCG: 2 : 4.647387e-06 / 7.024983e-01
PCG: 3 : 5.580772e-06 / 8.435887e-01
PCG: 0 : 5.580771e-06
PCG: 1 : 4.565652e-06 / 8.181042e-01
PCG: 2 : 4.255725e-06 / 7.625694e-01
PCG: 3 : 6.249364e-06 / 1.119803e+00
PCG: 0 : 6.249363e-06
PCG: 1 : 4.172754e-06 / 6.677087e-01
PCG: 2 : 4.390204e-06 / 7.025043e-01
PCG: 3 : 5.271867e-06 / 8.435847e-01
PCG: 0 : 5.271866e-06
PCG: 1 : 4.312990e-06 / 8.181145e-01
PCG: 2 : 4.020088e-06 / 7.625549e-01
PCG: 3 : 5.903131e-06 / 1.119742e+00
PCG: 0 : 5.903131e-06
PCG: 1 : 3.941672e-06 / 6.677256e-01
PCG: 2 : 4.147407e-06 / 7.025774e-01
PCG: 3 : 4.980079e-06 / 8.436335e-01
PCG: 0 : 4.980078e-06
PCG: 1 : 4.074337e-06 / 8.181270e-01
PCG: 2 : 3.797338e-06 / 7.625057e-01
PCG: 3 : 5.576323e-06 / 1.119726e+00
PCG: 0 : 5.576323e-06
PCG: 1 : 3.723407e-06 / 6.677173e-01
PCG: 2 : 3.917969e-06 / 7.026080e-01
PCG: 3 : 4.704656e-06 / 8.436844e-01
PCG: 0 : 4.704656e-06
PCG: 1 : 3.848970e-06 / 8.181195e-01
PCG: 2 : 3.587142e-06 / 7.624665e-01
PCG: 3 : 5.267569e-06 / 1.119650e+00
PCG: 0 : 5.267570e-06
PCG: 1 : 3.517147e-06 / 6.676983e-01
PCG: 2 : 3.701013e-06 / 7.026035e-01
PCG: 3 : 4.444298e-06 / 8.437093e-01
PCG: 0 : 4.444297e-06
PCG: 1 : 3.635920e-06 / 8.181092e-01
PCG: 2 : 3.388555e-06 / 7.624503e-01
PCG: 3 : 4.975818e-06 / 1.119596e+00
PCG: 0 : 4.975817e-06
PCG: 1 : 3.322537e-06 / 6.677369e-01
PCG: 2 : 3.496329e-06 / 7.026643e-01
PCG: 3 : 4.198452e-06 / 8.437713e-01
PCG: 0 : 4.198452e-06
PCG: 1 : 3.434671e-06 / 8.180803e-01
PCG: 2 : 3.200797e-06 / 7.623755e-01
PCG: 3 : 4.699997e-06 / 1.119460e+00
PCG: 0 : 4.699997e-06
PCG: 1 : 3.138511e-06 / 6.677687e-01
PCG: 2 : 3.302824e-06 / 7.027289e-01
PCG: 3 : 3.966321e-06 / 8.438988e-01
PCG: 0 : 3.966321e-06
PCG: 1 : 3.244755e-06 / 8.180767e-01
PCG: 2 : 3.023667e-06 / 7.623355e-01
PCG: 3 : 4.439863e-06 / 1.119391e+00
PCG: 0 : 4.439863e-06
PCG: 1 : 2.964570e-06 / 6.677165e-01
PCG: 2 : 3.120003e-06 / 7.027251e-01
PCG: 3 : 3.746555e-06 / 8.438446e-01
PCG: 0 : 3.746553e-06
PCG: 1 : 3.065210e-06 / 8.181414e-01
PCG: 2 : 2.856164e-06 / 7.623445e-01
PCG: 3 : 4.194171e-06 / 1.119474e+00
PCG: 0 : 4.194171e-06
PCG: 1 : 2.800526e-06 / 6.677186e-01
PCG: 2 : 2.947420e-06 / 7.027420e-01
PCG: 3 : 3.539128e-06 / 8.438206e-01
PCG: 0 : 3.539128e-06
PCG: 1 : 2.895537e-06 / 8.181500e-01
PCG: 2 : 2.698206e-06 / 7.623928e-01
PCG: 3 : 3.962230e-06 / 1.119550e+00
PCG: 0 : 3.962230e-06
PCG: 1 : 2.645636e-06 / 6.677139e-01
PCG: 2 : 2.784327e-06 / 7.027172e-01
PCG: 3 : 3.343251e-06 / 8.437800e-01
PCG: 0 : 3.343250e-06
PCG: 1 : 2.735201e-06 / 8.181262e-01
PCG: 2 : 2.548808e-06 / 7.623742e-01
PCG: 3 : 3.742712e-06 / 1.119483e+00
PCG: 0 : 3.742711e-06
PCG: 1 : 2.499406e-06 / 6.678063e-01
PCG: 2 : 2.630163e-06 / 7.027428e-01
PCG: 3 : 3.158440e-06 / 8.438908e-01
PCG: 0 : 3.158439e-06
PCG: 1 : 2.583712e-06 / 8.180344e-01
PCG: 2 : 2.407849e-06 / 7.623541e-01
PCG: 3 : 3.535307e-06 / 1.119321e+00
PCG: 0 : 3.535307e-06
PCG: 1 : 2.360951e-06 / 6.678208e-01
PCG: 2 : 2.484565e-06 / 7.027862e-01
PCG: 3 : 2.983680e-06 / 8.439663e-01
PCG: 0 : 2.983681e-06
PCG: 1 : 2.440791e-06 / 8.180469e-01
PCG: 2 : 2.274474e-06 / 7.623048e-01
PCG: 3 : 3.339512e-06 / 1.119259e+00
PCG: 0 : 3.339512e-06
PCG: 1 : 2.230092e-06 / 6.677897e-01
PCG: 2 : 2.346995e-06 / 7.027958e-01
PCG: 3 : 2.818395e-06 / 8.439540e-01
PCG: 0 : 2.818395e-06
PCG: 1 : 2.305755e-06 / 8.181095e-01
PCG: 2 : 2.148545e-06 / 7.623293e-01
PCG: 3 : 3.154744e-06 / 1.119341e+00
PCG: 0 : 3.154744e-06
PCG: 1 : 2.106722e-06 / 6.677951e-01
PCG: 2 : 2.217216e-06 / 7.028196e-01
PCG: 3 : 2.662360e-06 / 8.439228e-01
PCG: 0 : 2.662360e-06
PCG: 1 : 2.178231e-06 / 8.181579e-01
PCG: 2 : 2.029593e-06 / 7.623286e-01
PCG: 3 : 2.980231e-06 / 1.119395e+00
PCG: 0 : 2.980231e-06
PCG: 1 : 1.989977e-06 / 6.677256e-01
PCG: 2 : 2.094552e-06 / 7.028152e-01
PCG: 3 : 2.514951e-06 / 8.438777e-01
PCG: 0 : 2.514951e-06
PCG: 1 : 2.057678e-06 / 8.181781e-01
PCG: 2 : 1.917166e-06 / 7.623077e-01
PCG: 3 : 2.815304e-06 / 1.119427e+00
PCG: 0 : 2.815304e-06
PCG: 1 : 1.879794e-06 / 6.677055e-01
PCG: 2 : 1.978604e-06 / 7.028030e-01
PCG: 3 : 2.375646e-06 / 8.438329e-01
PCG: 0 : 2.375646e-06
PCG: 1 : 1.943875e-06 / 8.182510e-01
PCG: 2 : 1.811105e-06 / 7.623630e-01
PCG: 3 : 2.659660e-06 / 1.119552e+00
PCG: 0 : 2.659660e-06
PCG: 1 : 1.775712e-06 / 6.676462e-01
PCG: 2 : 1.869102e-06 / 7.027598e-01
PCG: 3 : 2.244030e-06 / 8.437280e-01
PCG: 0 : 2.244030e-06
PCG: 1 : 1.836316e-06 / 8.183114e-01
PCG: 2 : 1.710815e-06 / 7.623851e-01
PCG: 3 : 2.512572e-06 / 1.119669e+00
PCG: 0 : 2.512572e-06
PCG: 1 : 1.677490e-06 / 6.676387e-01
PCG: 2 : 1.765713e-06 / 7.027514e-01
PCG: 3 : 2.119730e-06 / 8.436496e-01
PCG: 0 : 2.119731e-06
PCG: 1 : 1.734642e-06 / 8.183315e-01
PCG: 2 : 1.616180e-06 / 7.624458e-01
PCG: 3 : 2.373563e-06 / 1.119748e+00
PCG: 0 : 2.373563e-06
PCG: 1 : 1.584660e-06 / 6.676292e-01
PCG: 2 : 1.667913e-06 / 7.027042e-01
PCG: 3 : 2.002348e-06 / 8.436042e-01
PCG: 0 : 2.002347e-06
PCG: 1 : 1.638599e-06 / 8.183390e-01
PCG: 2 : 1.526720e-06 / 7.624653e-01
PCG: 3 : 2.242219e-06 / 1.119795e+00
PCG: 0 : 2.242219e-06
PCG: 1 : 1.496922e-06 / 6.676072e-01
PCG: 2 : 1.575552e-06 / 7.026753e-01
PCG: 3 : 1.891365e-06 / 8.435235e-01
PCG: 0 : 1.891365e-06
PCG: 1 : 1.547971e-06 / 8.184415e-01
PCG: 2 : 1.442180e-06 / 7.625074e-01
PCG: 3 : 2.118208e-06 / 1.119936e+00
PCG: 0 : 2.118208e-06
PCG: 1 : 1.414009e-06 / 6.675496e-01
PCG: 2 : 1.488438e-06 / 7.026871e-01
PCG: 3 : 1.786639e-06 / 8.434671e-01
PCG: 0 : 1.786639e-06
PCG: 1 : 1.462306e-06 / 8.184674e-01
PCG: 2 : 1.362264e-06 / 7.624733e-01
PCG: 3 : 2.000992e-06 / 1.119976e+00
PCG: 0 : 2.000992e-06
PCG: 1 : 1.335788e-06 / 6.675630e-01
PCG: 2 : 1.406150e-06 / 7.027265e-01
PCG: 3 : 1.687743e-06 / 8.434530e-01
PCG: 0 : 1.687743e-06
PCG: 1 : 1.381385e-06 / 8.184808e-01
PCG: 2 : 1.286901e-06 / 7.624983e-01
PCG: 3 : 1.890294e-06 / 1.120013e+00
PCG: 0 : 1.890294e-06
PCG: 1 : 1.261839e-06 / 6.675361e-01
PCG: 2 : 1.328244e-06 / 7.026657e-01
PCG: 3 : 1.594289e-06 / 8.434081e-01
PCG: 0 : 1.594289e-06
PCG: 1 : 1.304884e-06 / 8.184742e-01
PCG: 2 : 1.215637e-06 / 7.624946e-01
PCG: 3 : 1.785610e-06 / 1.120004e+00
PCG: 0 : 1.785610e-06
PCG: 1 : 1.192034e-06 / 6.675779e-01
PCG: 2 : 1.254740e-06 / 7.026954e-01
PCG: 3 : 1.506136e-06 / 8.434852e-01
PCG: 0 : 1.506136e-06
PCG: 1 : 1.232632e-06 / 8.184073e-01
PCG: 2 : 1.148408e-06 / 7.624866e-01
PCG: 3 : 1.686773e-06 / 1.119934e+00
PCG: 0 : 1.686772e-06
PCG: 1 : 1.126009e-06 / 6.675527e-01
PCG: 2 : 1.185203e-06 / 7.026456e-01
PCG: 3 : 1.422764e-06 / 8.434833e-01
PCG: 0 : 1.422764e-06
PCG: 1 : 1.164373e-06 / 8.183875e-01
PCG: 2 : 1.084894e-06 / 7.625253e-01
PCG: 3 : 1.593380e-06 / 1.119919e+00
PCG: 0 : 1.593380e-06
PCG: 1 : 1.063706e-06 / 6.675785e-01
PCG: 2 : 1.119539e-06 / 7.026193e-01
PCG: 3 : 1.343870e-06 / 8.434082e-01
PCG: 0 : 1.343870e-06
PCG: 1 : 1.099887e-06 / 8.184478e-01
PCG: 2 : 1.024810e-06 / 7.625812e-01
PCG: 3 : 1.505278e-06 / 1.120107e+00
PCG: 0 : 1.505278e-06
PCG: 1 : 1.004843e-06 / 6.675465e-01
PCG: 2 : 1.057606e-06 / 7.025986e-01
PCG: 3 : 1.269487e-06 / 8.433577e-01
PCG: 0 : 1.269487e-06
PCG: 1 : 1.039048e-06 / 8.184780e-01
PCG: 2 : 9.680974e-07 / 7.625892e-01
PCG: 3 : 1.422049e-06 / 1.120176e+00
PCG: 0 : 1.422049e-06
PCG: 1 : 9.492533e-07 / 6.675249e-01
PCG: 2 : 9.990872e-07 / 7.025687e-01
PCG: 3 : 1.199112e-06 / 8.432279e-01
PCG: 0 : 1.199112e-06
PCG: 1 : 9.815357e-07 / 8.185523e-01
PCG: 2 : 9.144867e-07 / 7.626368e-01
PCG: 3 : 1.343361e-06 / 1.120297e+00
PCG: 0 : 1.343361e-06
PCG: 1 : 8.967135e-07 / 6.675150e-01
PCG: 2 : 9.438487e-07 / 7.026026e-01
PCG: 3 : 1.132828e-06 / 8.432789e-01
PCG: 0 : 1.132828e-06
PCG: 1 : 9.272263e-07 / 8.185056e-01
PCG: 2 : 8.638995e-07 / 7.626042e-01
PCG: 3 : 1.268993e-06 / 1.120199e+00
PCG: 0 : 1.268993e-06
PCG: 1 : 8.470508e-07 / 6.674984e-01
PCG: 2 : 8.915728e-07 / 7.025830e-01
PCG: 3 : 1.070075e-06 / 8.432470e-01
PCG: 0 : 1.070075e-06
PCG: 1 : 8.758727e-07 / 8.185155e-01
PCG: 2 : 8.160204e-07 / 7.625827e-01
PCG: 3 : 1.198714e-06 / 1.120215e+00
PCG: 0 : 1.198714e-06
PCG: 1 : 8.001484e-07 / 6.675058e-01
PCG: 2 : 8.422489e-07 / 7.026272e-01
PCG: 3 : 1.010919e-06 / 8.433363e-01
PCG: 0 : 1.010919e-06
PCG: 1 : 8.274337e-07 / 8.184968e-01
PCG: 2 : 7.708661e-07 / 7.625402e-01
PCG: 3 : 1.132305e-06 / 1.120075e+00
PCG: 0 : 1.132305e-06
PCG: 1 : 7.558436e-07 / 6.675267e-01
PCG: 2 : 7.956112e-07 / 7.026476e-01
PCG: 3 : 9.549576e-07 / 8.433751e-01
PCG: 0 : 9.549576e-07
PCG: 1 : 7.816108e-07 / 8.184769e-01
PCG: 2 : 7.281881e-07 / 7.625344e-01
PCG: 3 : 1.069630e-06 / 1.120081e+00
PCG: 0 : 1.069630e-06
PCG: 1 : 7.140227e-07 / 6.675420e-01
PCG: 2 : 7.515743e-07 / 7.026491e-01
PCG: 3 : 9.020897e-07 / 8.433663e-01
PCG: 0 : 9.020896e-07
PCG: 1 : 7.383532e-07 / 8.184921e-01
PCG: 2 : 6.878799e-07 / 7.625405e-01
PCG: 3 : 1.010397e-06 / 1.120062e+00
PCG: 0 : 1.010397e-06
PCG: 1 : 6.745275e-07 / 6.675869e-01
PCG: 2 : 7.099941e-07 / 7.026886e-01
PCG: 3 : 8.522215e-07 / 8.434526e-01
PCG: 0 : 8.522215e-07
PCG: 1 : 6.974740e-07 / 8.184186e-01
PCG: 2 : 6.497883e-07 / 7.624641e-01
PCG: 3 : 9.544007e-07 / 1.119897e+00
PCG: 0 : 9.544008e-07
PCG: 1 : 6.371579e-07 / 6.676000e-01
PCG: 2 : 6.706996e-07 / 7.027442e-01
PCG: 3 : 8.050462e-07 / 8.435096e-01
PCG: 0 : 8.050461e-07
PCG: 1 : 6.588994e-07 / 8.184618e-01
PCG: 2 : 6.138374e-07 / 7.624872e-01
PCG: 3 : 9.016125e-07 / 1.119951e+00
PCG: 0 : 9.016123e-07
PCG: 1 : 6.019013e-07 / 6.675832e-01
PCG: 2 : 6.335573e-07 / 7.026938e-01
PCG: 3 : 7.604871e-07 / 8.434747e-01
PCG: 0 : 7.604872e-07
PCG: 1 : 6.224266e-07 / 8.184577e-01
PCG: 2 : 5.798667e-07 / 7.624937e-01
PCG: 3 : 8.517251e-07 / 1.119973e+00
PCG: 0 : 8.517251e-07
PCG: 1 : 5.685715e-07 / 6.675529e-01
PCG: 2 : 5.985046e-07 / 7.026970e-01
PCG: 3 : 7.183810e-07 / 8.434424e-01
PCG: 0 : 7.183810e-07
PCG: 1 : 5.879888e-07 / 8.184916e-01
PCG: 2 : 5.477526e-07 / 7.624820e-01
PCG: 3 : 8.045988e-07 / 1.120017e+00
PCG: 0 : 8.045984e-07
PCG: 1 : 5.370831e-07 / 6.675170e-01
PCG: 2 : 5.653877e-07 / 7.026955e-01
PCG: 3 : 6.785875e-07 / 8.433865e-01
PCG: 0 : 6.785873e-07
PCG: 1 : 5.554417e-07 / 8.185264e-01
PCG: 2 : 5.174301e-07 / 7.625107e-01
PCG: 3 : 7.600877e-07 / 1.120103e+00
PCG: 0 : 7.600879e-07
PCG: 1 : 5.073625e-07 / 6.675050e-01
PCG: 2 : 5.340929e-07 / 7.026726e-01
PCG: 3 : 6.409967e-07 / 8.433193e-01
PCG: 0 : 6.409968e-07
PCG: 1 : 5.246889e-07 / 8.185514e-01
PCG: 2 : 4.887958e-07 / 7.625557e-01
PCG: 3 : 7.180472e-07 / 1.120204e+00
PCG: 0 : 7.180472e-07
PCG: 1 : 4.792839e-07 / 6.674825e-01
PCG: 2 : 5.045067e-07 / 7.026093e-01
PCG: 3 : 6.054783e-07 / 8.432291e-01
PCG: 0 : 6.054783e-07
PCG: 1 : 4.956499e-07 / 8.186089e-01
PCG: 2 : 4.617550e-07 / 7.626284e-01
PCG: 3 : 6.783380e-07 / 1.120334e+00
PCG: 0 : 6.783378e-07
PCG: 1 : 4.527618e-07 / 6.674577e-01
PCG: 2 : 4.765983e-07 / 7.025973e-01
PCG: 3 : 5.719697e-07 / 8.431930e-01
PCG: 0 : 5.719697e-07
PCG: 1 : 4.682000e-07 / 8.185747e-01
PCG: 2 : 4.361710e-07 / 7.625770e-01
PCG: 3 : 6.407457e-07 / 1.120244e+00
PCG: 0 : 6.407457e-07
PCG: 1 : 4.276801e-07 / 6.674724e-01
PCG: 2 : 4.501966e-07 / 7.026136e-01
PCG: 3 : 5.403286e-07 / 8.432810e-01
PCG: 0 : 5.403285e-07
PCG: 1 : 4.422982e-07 / 8.185726e-01
PCG: 2 : 4.120620e-07 / 7.626139e-01
PCG: 3 : 6.053284e-07 / 1.120297e+00
PCG: 0 : 6.053284e-07
PCG: 1 : 4.040446e-07 / 6.674801e-01
PCG: 2 : 4.252865e-07 / 7.025716e-01
PCG: 3 : 5.104066e-07 / 8.431897e-01
PCG: 0 : 5.104067e-07
PCG: 1 : 4.177933e-07 / 8.185498e-01
PCG: 2 : 3.892672e-07 / 7.626609e-01
PCG: 3 : 5.718156e-07 / 1.120314e+00
PCG: 0 : 5.718155e-07
PCG: 1 : 3.816910e-07 / 6.675072e-01
PCG: 2 : 4.017214e-07 / 7.025366e-01
PCG: 3 : 4.821467e-07 / 8.431858e-01
PCG: 0 : 4.821467e-07
PCG: 1 : 3.946559e-07 / 8.185390e-01
PCG: 2 : 3.677404e-07 / 7.627147e-01
PCG: 3 : 5.401876e-07 / 1.120380e+00
PCG: 0 : 5.401876e-07
PCG: 1 : 3.605736e-07 / 6.674970e-01
PCG: 2 : 3.794655e-07 / 7.024699e-01
PCG: 3 : 4.554241e-07 / 8.430851e-01
PCG: 0 : 4.554240e-07
PCG: 1 : 3.727954e-07 / 8.185678e-01
PCG: 2 : 3.473858e-07 / 7.627745e-01
PCG: 3 : 5.102917e-07 / 1.120476e+00
PCG: 0 : 5.102917e-07
PCG: 1 : 3.406297e-07 / 6.675195e-01
PCG: 2 : 3.584635e-07 / 7.024677e-01
PCG: 3 : 4.302320e-07 / 8.431098e-01
PCG: 0 : 4.302320e-07
PCG: 1 : 3.521653e-07 / 8.185473e-01
PCG: 2 : 3.281683e-07 / 7.627706e-01
PCG: 3 : 4.820494e-07 / 1.120440e+00
PCG: 0 : 4.820494e-07
PCG: 1 : 3.217714e-07 / 6.675071e-01
PCG: 2 : 3.386159e-07 / 7.024506e-01
PCG: 3 : 4.064152e-07 / 8.430985e-01
PCG: 0 : 4.064151e-07
PCG: 1 : 3.326648e-07 / 8.185346e-01
PCG: 2 : 3.099913e-07 / 7.627455e-01
PCG: 3 : 4.553446e-07 / 1.120393e+00
PCG: 0 : 4.553445e-07
PCG: 1 : 3.039499e-07 / 6.675162e-01
PCG: 2 : 3.198680e-07 / 7.024748e-01
PCG: 3 : 3.839277e-07 / 8.431587e-01
PCG: 0 : 3.839277e-07
PCG: 1 : 3.142458e-07 / 8.185025e-01
PCG: 2 : 2.928269e-07 / 7.627137e-01
PCG: 3 : 4.301250e-07 / 1.120328e+00
PCG: 0 : 4.301251e-07
PCG: 1 : 2.871324e-07 / 6.675556e-01
PCG: 2 : 3.021659e-07 / 7.025071e-01
PCG: 3 : 3.626830e-07 / 8.432034e-01
PCG: 0 : 3.626829e-07
PCG: 1 : 2.968596e-07 / 8.185102e-01
PCG: 2 : 2.766319e-07 / 7.627377e-01
PCG: 3 : 4.063421e-07 / 1.120378e+00
PCG: 0 : 4.063421e-07
PCG: 1 : 2.712457e-07 / 6.675303e-01
PCG: 2 : 2.854383e-07 / 7.024581e-01
PCG: 3 : 3.426073e-07 / 8.431498e-01
PCG: 0 : 3.426073e-07
PCG: 1 : 2.804296e-07 / 8.185161e-01
PCG: 2 : 2.613288e-07 / 7.627647e-01
PCG: 3 : 3.838483e-07 / 1.120374e+00
PCG: 0 : 3.838483e-07
PCG: 1 : 2.562286e-07 / 6.675256e-01
PCG: 2 : 2.696393e-07 / 7.024632e-01
PCG: 3 : 3.236376e-07 / 8.431395e-01
PCG: 0 : 3.236376e-07
PCG: 1 : 2.649077e-07 / 8.185319e-01
PCG: 2 : 2.468578e-07 / 7.627601e-01
PCG: 3 : 3.625902e-07 / 1.120359e+00
PCG: 0 : 3.625902e-07
PCG: 1 : 2.420545e-07 / 6.675705e-01
PCG: 2 : 2.547100e-07 / 7.024735e-01
PCG: 3 : 3.057206e-07 / 8.431575e-01
PCG: 0 : 3.057206e-07
PCG: 1 : 2.502451e-07 / 8.185419e-01
PCG: 2 : 2.332029e-07 / 7.627975e-01
PCG: 3 : 3.425389e-07 / 1.120431e+00
PCG: 0 : 3.425390e-07
PCG: 1 : 2.286564e-07 / 6.675338e-01
PCG: 2 : 2.406109e-07 / 7.024336e-01
PCG: 3 : 2.887901e-07 / 8.430867e-01
PCG: 0 : 2.887902e-07
PCG: 1 : 2.363901e-07 / 8.185530e-01
PCG: 2 : 2.203018e-07 / 7.628438e-01
PCG: 3 : 3.235880e-07 / 1.120495e+00
PCG: 0 : 3.235880e-07
PCG: 1 : 2.159981e-07 / 6.675097e-01
PCG: 2 : 2.272780e-07 / 7.023683e-01
PCG: 3 : 2.727786e-07 / 8.429813e-01
PCG: 0 : 2.727785e-07
PCG: 1 : 2.233054e-07 / 8.186327e-01
PCG: 2 : 2.081105e-07 / 7.629287e-01
PCG: 3 : 3.057101e-07 / 1.120726e+00
PCG: 0 : 3.057101e-07
PCG: 1 : 2.040449e-07 / 6.674458e-01
PCG: 2 : 2.147037e-07 / 7.023115e-01
PCG: 3 : 2.576636e-07 / 8.428365e-01
PCG: 0 : 2.576636e-07
PCG: 1 : 2.109359e-07 / 8.186485e-01
PCG: 2 : 1.965816e-07 / 7.629389e-01
PCG: 3 : 2.887796e-07 / 1.120762e+00
PCG: 0 : 2.887796e-07
PCG: 1 : 1.927577e-07 / 6.674908e-01
PCG: 2 : 2.028303e-07 / 7.023708e-01
PCG: 3 : 2.434085e-07 / 8.428866e-01
PCG: 0 : 2.434085e-07
PCG: 1 : 1.992604e-07 / 8.186256e-01
PCG: 2 : 1.856966e-07 / 7.629012e-01
PCG: 3 : 2.727845e-07 / 1.120686e+00
PCG: 0 : 2.727845e-07
PCG: 1 : 1.820849e-07 / 6.675046e-01
PCG: 2 : 1.916082e-07 / 7.024160e-01
PCG: 3 : 2.299542e-07 / 8.429886e-01
PCG: 0 : 2.299543e-07
PCG: 1 : 1.882327e-07 / 8.185658e-01
PCG: 2 : 1.754116e-07 / 7.628108e-01
PCG: 3 : 2.576715e-07 / 1.120533e+00
PCG: 0 : 2.576714e-07
PCG: 1 : 1.719974e-07 / 6.675065e-01
PCG: 2 : 1.809993e-07 / 7.024422e-01
PCG: 3 : 2.172267e-07 / 8.430375e-01
PCG: 0 : 2.172266e-07
PCG: 1 : 1.778194e-07 / 8.185893e-01
PCG: 2 : 1.657070e-07 / 7.628302e-01
PCG: 3 : 2.434143e-07 / 1.120555e+00
PCG: 0 : 2.434143e-07
PCG: 1 : 1.624795e-07 / 6.675017e-01
PCG: 2 : 1.709728e-07 / 7.023942e-01
PCG: 3 : 2.051947e-07 / 8.429856e-01
PCG: 0 : 2.051947e-07
PCG: 1 : 1.679775e-07 / 8.186251e-01
PCG: 2 : 1.565382e-07 / 7.628765e-01
PCG: 3 : 2.299517e-07 / 1.120651e+00
PCG: 0 : 2.299517e-07
PCG: 1 : 1.534798e-07 / 6.674438e-01
PCG: 2 : 1.615093e-07 / 7.023619e-01
PCG: 3 : 1.938153e-07 / 8.428524e-01
PCG: 0 : 1.938154e-07
PCG: 1 : 1.586796e-07 / 8.187152e-01
PCG: 2 : 1.478683e-07 / 7.629341e-01
PCG: 3 : 2.172376e-07 / 1.120848e+00
PCG: 0 : 2.172376e-07
PCG: 1 : 1.449926e-07 / 6.674379e-01
PCG: 2 : 1.525773e-07 / 7.023525e-01
PCG: 3 : 1.830979e-07 / 8.428463e-01
PCG: 0 : 1.830979e-07
PCG: 1 : 1.498963e-07 / 8.186677e-01
PCG: 2 : 1.396855e-07 / 7.629007e-01
PCG: 3 : 2.051995e-07 / 1.120709e+00
PCG: 0 : 2.051995e-07
PCG: 1 : 1.369606e-07 / 6.674511e-01
PCG: 2 : 1.441260e-07 / 7.023702e-01
PCG: 3 : 1.729566e-07 / 8.428707e-01
PCG: 0 : 1.729566e-07
PCG: 1 : 1.416007e-07 / 8.187062e-01
PCG: 2 : 1.319508e-07 / 7.629128e-01
PCG: 3 : 1.938507e-07 / 1.120805e+00
PCG: 0 : 1.938507e-07
PCG: 1 : 1.293834e-07 / 6.674385e-01
PCG: 2 : 1.361576e-07 / 7.023838e-01
PCG: 3 : 1.633886e-07 / 8.428581e-01
PCG: 0 : 1.633887e-07
PCG: 1 : 1.337670e-07 / 8.187041e-01
PCG: 2 : 1.246420e-07 / 7.628556e-01
PCG: 3 : 1.831129e-07 / 1.120720e+00
PCG: 0 : 1.831129e-07
PCG: 1 : 1.222107e-07 / 6.674062e-01
PCG: 2 : 1.286184e-07 / 7.023994e-01
PCG: 3 : 1.543450e-07 / 8.428951e-01
PCG: 0 : 1.543450e-07
PCG: 1 : 1.263637e-07 / 8.187097e-01
PCG: 2 : 1.177398e-07 / 7.628353e-01
PCG: 3 : 1.729747e-07 / 1.120702e+00
PCG: 0 : 1.729747e-07
PCG: 1 : 1.154490e-07 / 6.674327e-01
PCG: 2 : 1.215050e-07 / 7.024435e-01
PCG: 3 : 1.458115e-07 / 8.429644e-01
PCG: 0 : 1.458115e-07
PCG: 1 : 1.193742e-07 / 8.186884e-01
PCG: 2 : 1.112233e-07 / 7.627885e-01
PCG: 3 : 1.633934e-07 / 1.120579e+00
PCG: 0 : 1.633934e-07
PCG: 1 : 1.090588e-07 / 6.674616e-01
PCG: 2 : 1.147819e-07 / 7.024879e-01
PCG: 3 : 1.377453e-07 / 8.430288e-01
PCG: 0 : 1.377453e-07
PCG: 1 : 1.127656e-07 / 8.186529e-01
PCG: 2 : 1.050716e-07 / 7.627965e-01
PCG: 3 : 1.543499e-07 / 1.120546e+00
PCG: 0 : 1.543499e-07
PCG: 1 : 1.030212e-07 / 6.674524e-01
PCG: 2 : 1.084209e-07 / 7.024359e-01
PCG: 3 : 1.301144e-07 / 8.429837e-01
PCG: 0 : 1.301144e-07
PCG: 1 : 1.065196e-07 / 8.186606e-01
PCG: 2 : 9.925190e-08 / 7.628047e-01
PCG: 3 : 1.458051e-07 / 1.120592e+00
PCG: 0 : 1.458051e-07
PCG: 1 : 9.732754e-08 / 6.675179e-01
PCG: 2 : 1.024287e-07 / 7.025042e-01
PCG: 3 : 1.229213e-07 / 8.430523e-01
PCG: 0 : 1.229214e-07
PCG: 1 : 1.006239e-07 / 8.186035e-01
PCG: 2 : 9.375773e-08 / 7.627456e-01
PCG: 3 : 1.377314e-07 / 1.120484e+00
PCG: 0 : 1.377315e-07
PCG: 1 : 9.193555e-08 / 6.674985e-01
PCG: 2 : 9.675500e-08 / 7.024902e-01
PCG: 3 : 1.161186e-07 / 8.430799e-01
PCG: 0 : 1.161186e-07
PCG: 1 : 9.505583e-08 / 8.186097e-01
PCG: 2 : 8.857366e-08 / 7.627860e-01
PCG: 3 : 1.301099e-07 / 1.120491e+00
PCG: 0 : 1.301099e-07
PCG: 1 : 8.684835e-08 / 6.675000e-01
PCG: 2 : 9.139722e-08 / 7.024617e-01
PCG: 3 : 1.096912e-07 / 8.430661e-01
PCG: 0 : 1.096913e-07
PCG: 1 : 8.979200e-08 / 8.185884e-01
PCG: 2 : 8.366907e-08 / 7.627688e-01
PCG: 3 : 1.229009e-07 / 1.120426e+00
PCG: 0 : 1.229009e-07
PCG: 1 : 8.203676e-08 / 6.675036e-01
PCG: 2 : 8.633297e-08 / 7.024603e-01
PCG: 3 : 1.036138e-07 / 8.430678e-01
PCG: 0 : 1.036138e-07
PCG: 1 : 8.482203e-08 / 8.186368e-01
PCG: 2 : 7.903533e-08 / 7.627881e-01
PCG: 3 : 1.161052e-07 / 1.120558e+00
PCG: 0 : 1.161052e-07
PCG: 1 : 7.749509e-08 / 6.674557e-01
PCG: 2 : 8.155643e-08 / 7.024355e-01
PCG: 3 : 9.787783e-08 / 8.430097e-01
PCG: 0 : 9.787784e-08
PCG: 1 : 8.012836e-08 / 8.186568e-01
PCG: 2 : 7.466275e-08 / 7.628157e-01
PCG: 3 : 1.096784e-07 / 1.120565e+00
PCG: 0 : 1.096785e-07
PCG: 1 : 7.321319e-08 / 6.675256e-01
PCG: 2 : 7.704900e-08 / 7.024989e-01
PCG: 3 : 9.246936e-08 / 8.430949e-01
PCG: 0 : 9.246934e-08
PCG: 1 : 7.569411e-08 / 8.185861e-01
PCG: 2 : 7.052949e-08 / 7.627338e-01
PCG: 3 : 1.036034e-07 / 1.120408e+00
PCG: 0 : 1.036034e-07
PCG: 1 : 6.915958e-08 / 6.675416e-01
PCG: 2 : 7.278263e-08 / 7.025121e-01
PCG: 3 : 8.735415e-08 / 8.431591e-01
PCG: 0 : 8.735414e-08
PCG: 1 : 7.150223e-08 / 8.185328e-01
PCG: 2 : 6.662491e-08 / 7.626989e-01
PCG: 3 : 9.786093e-08 / 1.120278e+00
PCG: 0 : 9.786090e-08
PCG: 1 : 6.532898e-08 / 6.675698e-01
PCG: 2 : 6.875188e-08 / 7.025470e-01
PCG: 3 : 8.251838e-08 / 8.432211e-01
PCG: 0 : 8.251837e-08
PCG: 1 : 6.754557e-08 / 8.185520e-01
PCG: 2 : 6.293832e-08 / 7.627189e-01
PCG: 3 : 9.244757e-08 / 1.120327e+00
PCG: 0 : 9.244756e-08
PCG: 1 : 6.171316e-08 / 6.675477e-01
PCG: 2 : 6.494658e-08 / 7.025235e-01
PCG: 3 : 7.794704e-08 / 8.431487e-01
PCG: 0 : 7.794704e-08
PCG: 1 : 6.380716e-08 / 8.185962e-01
PCG: 2 : 5.945490e-08 / 7.627602e-01
PCG: 3 : 8.733559e-08 / 1.120448e+00
PCG: 0 : 8.733556e-08
PCG: 1 : 5.829738e-08 / 6.675103e-01
PCG: 2 : 6.135124e-08 / 7.024772e-01
PCG: 3 : 7.363201e-08 / 8.430930e-01
PCG: 0 : 7.363199e-08
PCG: 1 : 6.027284e-08 / 8.185687e-01
PCG: 2 : 5.616126e-08 / 7.627291e-01
PCG: 3 : 8.249852e-08 / 1.120417e+00
PCG: 0 : 8.249852e-08
PCG: 1 : 5.506771e-08 / 6.674994e-01
PCG: 2 : 5.795273e-08 / 7.024700e-01
PCG: 3 : 6.955458e-08 / 8.431010e-01
PCG: 0 : 6.955456e-08
PCG: 1 : 5.693736e-08 / 8.185999e-01
PCG: 2 : 5.305336e-08 / 7.627590e-01
PCG: 3 : 7.793527e-08 / 1.120491e+00
PCG: 0 : 7.793527e-08
PCG: 1 : 5.202332e-08 / 6.675197e-01
PCG: 2 : 5.474788e-08 / 7.024789e-01
PCG: 3 : 6.570487e-08 / 8.430699e-01
PCG: 0 : 6.570487e-08
PCG: 1 : 5.378628e-08 / 8.186042e-01
PCG: 2 : 5.011880e-08 / 7.627867e-01
PCG: 3 : 7.362313e-08 / 1.120513e+00
PCG: 0 : 7.362314e-08
PCG: 1 : 4.914305e-08 / 6.674946e-01
PCG: 2 : 5.171940e-08 / 7.024883e-01
PCG: 3 : 6.206788e-08 / 8.430486e-01
PCG: 0 : 6.206787e-08
PCG: 1 : 5.080969e-08 / 8.186151e-01
PCG: 2 : 4.733904e-08 / 7.626980e-01
PCG: 3 : 6.954480e-08 / 1.120464e+00
PCG: 0 : 6.954481e-08
PCG: 1 : 4.641968e-08 / 6.674787e-01
PCG: 2 : 4.885500e-08 / 7.024968e-01
PCG: 3 : 5.863535e-08 / 8.431305e-01
PCG: 0 : 5.863535e-08
PCG: 1 : 4.799903e-08 / 8.186023e-01
PCG: 2 : 4.472248e-08 / 7.627221e-01
PCG: 3 : 6.569741e-08 / 1.120440e+00
PCG: 0 : 6.569741e-08
PCG: 1 : 4.384997e-08 / 6.674535e-01
PCG: 2 : 4.615055e-08 / 7.024713e-01
PCG: 3 : 5.538832e-08 / 8.430822e-01
PCG: 0 : 5.538832e-08
PCG: 1 : 4.534045e-08 / 8.185923e-01
PCG: 2 : 4.224656e-08 / 7.627341e-01
PCG: 3 : 6.205886e-08 / 1.120432e+00
PCG: 0 : 6.205887e-08
PCG: 1 : 4.142633e-08 / 6.675327e-01
PCG: 2 : 4.359613e-08 / 7.024963e-01
PCG: 3 : 5.232634e-08 / 8.431727e-01
PCG: 0 : 5.232634e-08
PCG: 1 : 4.283015e-08 / 8.185199e-01
PCG: 2 : 3.991073e-08 / 7.627273e-01
PCG: 3 : 5.862221e-08 / 1.120319e+00
PCG: 0 : 5.862221e-08
PCG: 1 : 3.913481e-08 / 6.675766e-01
PCG: 2 : 4.118165e-08 / 7.024922e-01
PCG: 3 : 4.942835e-08 / 8.431676e-01
PCG: 0 : 4.942835e-08
PCG: 1 : 4.045836e-08 / 8.185255e-01
PCG: 2 : 3.770137e-08 / 7.627480e-01
PCG: 3 : 5.537754e-08 / 1.120360e+00
PCG: 0 : 5.537754e-08
PCG: 1 : 3.696730e-08 / 6.675504e-01
PCG: 2 : 3.890117e-08 / 7.024720e-01
PCG: 3 : 4.669324e-08 / 8.431801e-01
PCG: 0 : 4.669323e-08
PCG: 1 : 3.821909e-08 / 8.185147e-01
PCG: 2 : 3.561568e-08 / 7.627591e-01
PCG: 3 : 5.231296e-08 / 1.120354e+00
PCG: 0 : 5.231296e-08
PCG: 1 : 3.492273e-08 / 6.675733e-01
PCG: 2 : 3.674762e-08 / 7.024572e-01
PCG: 3 : 4.410767e-08 / 8.431500e-01
PCG: 0 : 4.410767e-08
PCG: 1 : 3.610251e-08 / 8.185085e-01
PCG: 2 : 3.364265e-08 / 7.627391e-01
PCG: 3 : 4.941726e-08 / 1.120378e+00
PCG: 0 : 4.941725e-08
PCG: 1 : 3.298943e-08 / 6.675692e-01
PCG: 2 : 3.471494e-08 / 7.024862e-01
PCG: 3 : 4.166930e-08 / 8.432137e-01
PCG: 0 : 4.166930e-08
PCG: 1 : 3.410468e-08 / 8.184606e-01
PCG: 2 : 3.178136e-08 / 7.627043e-01
PCG: 3 : 4.667946e-08 / 1.120236e+00
PCG: 0 : 4.667947e-08
PCG: 1 : 3.116228e-08 / 6.675800e-01
PCG: 2 : 3.279136e-08 / 7.024793e-01
PCG: 3 : 3.936195e-08 / 8.432391e-01
PCG: 0 : 3.936195e-08
PCG: 1 : 3.221657e-08 / 8.184697e-01
PCG: 2 : 3.002142e-08 / 7.627015e-01
PCG: 3 : 4.409494e-08 / 1.120243e+00
PCG: 0 : 4.409493e-08
PCG: 1 : 2.943918e-08 / 6.676319e-01
PCG: 2 : 3.097922e-08 / 7.025575e-01
PCG: 3 : 3.718645e-08 / 8.433273e-01
PCG: 0 : 3.718646e-08
PCG: 1 : 3.043520e-08 / 8.184485e-01
PCG: 2 : 2.836074e-08 / 7.626632e-01
PCG: 3 : 4.165443e-08 / 1.120151e+00
PCG: 0 : 4.165443e-08
PCG: 1 : 2.780784e-08 / 6.675844e-01
PCG: 2 : 2.926225e-08 / 7.025005e-01
PCG: 3 : 3.512544e-08 / 8.432581e-01
PCG: 0 : 3.512545e-08
PCG: 1 : 2.875047e-08 / 8.185083e-01
PCG: 2 : 2.678957e-08 / 7.626826e-01
PCG: 3 : 3.935026e-08 / 1.120278e+00

PCG ( VCycle ( S: Scale / C: Scale )  )

Complete solver TOE: 5.82897
2.60273 GFlop/s [2.60273 GFlops/s]

Total time: 5.82897s
Accumulated op time: 5.53628

Reductions: 8.27153%
Blas-1: 5.19218%
Blas-2: 81.5149%
Precon Kernels: 0%
MPI Execution: 0%
MPI Wait: 0%
Not covered: 5.02138%

Domain size: 11.9084 MByte
LA size: 29.0519 MByte
MPI size: 0.663155 MByte

H0-Error: 6.936228e-06
H1-Error: 8.068795e-03

Writing DATA to output.data...
Run-Time: 0:05.965 [0:05.965]
0x31d198e880 Error: MemoryPool<CPU> still contains memory chunks on deconstructor call
