NUM-PROCS: 1
Preparing domain...
LVL-MIN: 2 [2]
LVL-MAX: 6 [6]
Creating gates...
Assembling system matrices...
Assembling system filters...
Assembling transfer matrices...
Converting assembled linear system from SparseMatrixCSR, Mem:main to SparseMatrixCSR, Mem:mainand to SparseMatrixCSR, Mem:main...
PCG: 0 : 1.512630e-01
PCG: 1 : 6.849788e-02 / 4.528396e-01
PCG: 2 : 3.186509e-02 / 2.106602e-01
PCG: 3 : 6.157410e-03 / 4.070665e-02
PCG: 0 : 1.466133e-02
PCG: 1 : 3.624125e-03 / 2.471894e-01
PCG: 2 : 2.149322e-03 / 1.465980e-01
PCG: 3 : 1.208987e-04 / 8.246097e-03
PCG: 0 : 1.208992e-04
PCG: 1 : 2.104857e-05 / 1.741001e-01
PCG: 2 : 2.650067e-06 / 2.191963e-02
PCG: 3 : 9.376456e-07 / 7.755596e-03
PCG: 0 : 9.376447e-07
PCG: 1 : 5.748151e-07 / 6.130415e-01
PCG: 2 : 1.209550e-07 / 1.289988e-01
PCG: 3 : 1.270156e-08 / 1.354624e-02

PCG ( VCycle ( S: Scale / C: Scale )  )

Complete solver TOE: 0.011221
0.697095 GFlop/s [0.697095 GFlops/s]

Total time: 0.011221s
Accumulated op time: 0.009449

Reductions: 1.91605%
Blas-1: 5.46297%
Blas-2: 76.8292%
Precon Kernels: 0%
MPI Execution: 0%
MPI Wait: 0%
Not covered: 15.7918%

Domain size: 0.433594 MByte
LA size: 1.43956 MByte
MPI size: 0.0435944 MByte

H0-Error: 1.098305e-04
H1-Error: 3.227246e-02

Writing DATA to output.data...
Run-Time: 0:00.063 [0:00.063]
0xb338e9f8 Error: MemoryPool<CPU> still contains memory chunks on deconstructor call
