NUM-PROCS: 1
Preparing domain...
LVL-MIN: 4 [4]
LVL-MAX: 10 [10]
Creating gates...
Assembling system matrices...
Assembling system filters...
Assembling transfer matrices...
Converting assembled linear system from SparseMatrixCSR, Mem:main to SparseMatrixCSR, Mem:mainand to SparseMatrixCSR, Mem:main...
PCG:  0 : 9.473041e-03
PCG:  1 : 1.921725e-02 / 2.028625e+00
PCG:  2 : 2.717150e-02 / 2.868297e+00
PCG:  3 : 6.673758e-02 / 7.045002e+00
PCG:  4 : 8.076163e-02 / 8.525417e+00
PCG:  5 : 4.828255e-02 / 5.096838e+00
PCG:  6 : 2.379043e-02 / 2.511383e+00
PCG:  7 : 3.976503e-03 / 4.197705e-01
PCG:  8 : 1.063081e-03 / 1.122217e-01
PCG:  9 : 9.351001e-04 / 9.871172e-02
PCG: 10 : 3.650732e-04 / 3.853812e-02
PCG: 11 : 4.136738e-05 / 4.366853e-03
PCG: 12 : 1.764628e-05 / 1.862789e-03
PCG:  0 : 2.226960e-04
PCG:  1 : 3.689256e-04 / 1.656633e+00
PCG:  2 : 7.562082e-04 / 3.395697e+00
PCG:  3 : 1.368434e-04 / 6.144852e-01
PCG:  4 : 1.286100e-04 / 5.775135e-01
PCG:  5 : 2.586158e-05 / 1.161295e-01
PCG:  6 : 2.373118e-05 / 1.065631e-01
PCG:  7 : 1.361754e-05 / 6.114855e-02
PCG:  8 : 5.831782e-06 / 2.618718e-02
PCG:  9 : 2.059568e-06 / 9.248335e-03
PCG: 10 : 1.402353e-06 / 6.297161e-03
PCG: 11 : 8.160368e-07 / 3.664353e-03
PCG: 12 : 6.109049e-07 / 2.743223e-03
PCG:  0 : 6.164734e-07
PCG:  1 : 5.866572e-07 / 9.516342e-01
PCG:  2 : 3.980241e-07 / 6.456468e-01
PCG:  3 : 2.817208e-07 / 4.569879e-01
PCG:  4 : 2.008588e-07 / 3.258192e-01
PCG:  5 : 1.751675e-07 / 2.841445e-01
PCG:  6 : 1.066481e-07 / 1.729971e-01
PCG:  7 : 1.508985e-07 / 2.447769e-01
PCG:  8 : 1.055574e-07 / 1.712279e-01
PCG:  9 : 4.611825e-08 / 7.480980e-02
PCG: 10 : 3.524232e-08 / 5.716763e-02
PCG: 11 : 2.386576e-08 / 3.871337e-02
PCG: 12 : 1.333694e-08 / 2.163426e-02
PCG:  0 : 1.333712e-08
PCG:  1 : 4.561305e-09 / 3.420007e-01
PCG:  2 : 2.566998e-09 / 1.924702e-01
PCG:  3 : 1.452864e-09 / 1.089338e-01
PCG:  4 : 1.131648e-09 / 8.484947e-02
PCG:  5 : 6.554978e-10 / 4.914838e-02
PCG:  6 : 3.480900e-10 / 2.609933e-02
PCG:  7 : 3.586629e-10 / 2.689208e-02
PCG:  8 : 2.636741e-10 / 1.976994e-02
PCG:  9 : 2.538395e-10 / 1.903256e-02
PCG: 10 : 1.614216e-10 / 1.210318e-02
PCG: 11 : 1.462579e-10 / 1.096623e-02
PCG: 12 : 9.103596e-11 / 6.825758e-03
PCG:  0 : 9.103594e-11
PCG:  1 : 6.978071e-11 / 7.665183e-01
PCG:  2 : 3.792783e-11 / 4.166248e-01
PCG:  3 : 2.785312e-11 / 3.059575e-01
PCG:  4 : 1.564842e-11 / 1.718927e-01
PCG:  5 : 1.793702e-11 / 1.970323e-01
PCG:  6 : 9.978614e-12 / 1.096118e-01
PCG:  7 : 9.474238e-12 / 1.040714e-01
PCG:  8 : 6.178361e-12 / 6.786728e-02
PCG:  9 : 4.743580e-12 / 5.210668e-02
PCG: 10 : 4.656622e-12 / 5.115147e-02
PCG: 11 : 4.278474e-12 / 4.699764e-02
PCG: 12 : 2.579352e-12 / 2.833334e-02

PCG ( VCycle ( S: Scale / C: Scale )  )

Complete solver TOE: 23.3256
0.0224804 GFlop/s [0.0224804 GFlops/s]

Total time: 23.3256s
Accumulated op time: 22.7767

Reductions: 1.63952%
Blas-1: 5.1896%
Blas-2: 90.8178%
Precon Kernels: 0%
MPI Execution: 0%
MPI Wait: 0%
Not covered: 2.35313%

Domain size: 106.94 MByte
LA size: 356.502 MByte
MPI size: 10.6971 MByte

H0-Error: 4.290883e-07
H1-Error: 2.017209e-03

Writing DATA to output.data...
Run-Time: 0:33.124 [0:33.124]
0xb33869f8 Error: MemoryPool<CPU> still contains memory chunks on deconstructor call
