NUM-PROCS: 1
Preparing domain...
LVL-MIN: 3 [3]
LVL-MAX: 10 [10]
Creating gates...
Assembling system matrices...
Assembling system filters...
Assembling transfer matrices...
Converting assembled linear system from SparseMatrixCSR, Mem:main to SparseMatrixELL, Mem:cudaand to SparseMatrixELL, Mem:cuda...
PCG: 0 : 9.473711e-03
PCG: 1 : 1.006421e-02 / 1.062330e+00
PCG: 0 : 1.007718e-02
PCG: 1 : 1.081159e-02 / 1.072878e+00
PCG: 0 : 1.081155e-02
PCG: 1 : 1.541188e-02 / 1.425501e+00
PCG: 0 : 1.541187e-02
PCG: 1 : 2.591917e-02 / 1.681767e+00
PCG: 0 : 2.591917e-02
PCG: 1 : 2.659502e-02 / 1.026075e+00
PCG: 0 : 2.659502e-02
PCG: 1 : 3.338701e-02 / 1.255386e+00
PCG: 0 : 3.338701e-02
PCG: 1 : 2.867142e-02 / 8.587599e-01
PCG: 0 : 2.867142e-02
PCG: 1 : 3.159004e-02 / 1.101796e+00
PCG: 0 : 3.159004e-02
PCG: 1 : 2.433566e-02 / 7.703586e-01
PCG: 0 : 2.433566e-02
PCG: 1 : 2.488054e-02 / 1.022390e+00
PCG: 0 : 2.488054e-02
PCG: 1 : 1.813631e-02 / 7.289355e-01
PCG: 0 : 1.813631e-02
PCG: 1 : 1.793819e-02 / 9.890760e-01
PCG: 0 : 1.793819e-02
PCG: 1 : 1.277255e-02 / 7.120312e-01
PCG: 0 : 1.277255e-02
PCG: 1 : 1.246470e-02 / 9.758981e-01
PCG: 0 : 1.246470e-02
PCG: 1 : 8.788047e-03 / 7.050346e-01
PCG: 0 : 8.788046e-03
PCG: 1 : 8.528292e-03 / 9.704423e-01
PCG: 0 : 8.528292e-03
PCG: 1 : 5.988435e-03 / 7.021846e-01
PCG: 0 : 5.988434e-03
PCG: 1 : 5.797042e-03 / 9.680396e-01
PCG: 0 : 5.797041e-03
PCG: 1 : 4.063054e-03 / 7.008840e-01
PCG: 0 : 4.063053e-03
PCG: 1 : 3.929207e-03 / 9.670576e-01
PCG: 0 : 3.929207e-03
PCG: 1 : 2.752119e-03 / 7.004262e-01
PCG: 0 : 2.752119e-03
PCG: 1 : 2.660021e-03 / 9.665357e-01
PCG: 0 : 2.660022e-03
PCG: 1 : 1.862649e-03 / 7.002382e-01
PCG: 0 : 1.862649e-03
PCG: 1 : 1.800127e-03 / 9.664338e-01
PCG: 0 : 1.800126e-03
PCG: 1 : 1.260460e-03 / 7.002062e-01
PCG: 0 : 1.260460e-03
PCG: 1 : 1.217996e-03 / 9.663110e-01
PCG: 0 : 1.217996e-03
PCG: 1 : 8.529399e-04 / 7.002814e-01
PCG: 0 : 8.529398e-04
PCG: 1 : 8.242352e-04 / 9.663462e-01
PCG: 0 : 8.242351e-04
PCG: 1 : 5.772051e-04 / 7.002918e-01
PCG: 0 : 5.772051e-04
PCG: 1 : 5.577711e-04 / 9.663308e-01
PCG: 0 : 5.577711e-04
PCG: 1 : 3.906849e-04 / 7.004395e-01
PCG: 0 : 3.906848e-04
PCG: 1 : 3.775253e-04 / 9.663168e-01
PCG: 0 : 3.775253e-04
PCG: 1 : 2.644395e-04 / 7.004551e-01
PCG: 0 : 2.644395e-04
PCG: 1 : 2.555374e-04 / 9.663361e-01
PCG: 0 : 2.555374e-04
PCG: 1 : 1.790271e-04 / 7.005904e-01
PCG: 0 : 1.790270e-04
PCG: 1 : 1.729885e-04 / 9.662703e-01
PCG: 0 : 1.729885e-04
PCG: 1 : 1.211970e-04 / 7.006074e-01
PCG: 0 : 1.211970e-04
PCG: 1 : 1.171177e-04 / 9.663415e-01
PCG: 0 : 1.171177e-04
PCG: 1 : 8.206174e-05 / 7.006775e-01
PCG: 0 : 8.206174e-05
PCG: 1 : 7.929280e-05 / 9.662579e-01
PCG: 0 : 7.929280e-05
PCG: 1 : 5.556332e-05 / 7.007360e-01
PCG: 0 : 5.556332e-05
PCG: 1 : 5.369123e-05 / 9.663072e-01
PCG: 0 : 5.369123e-05
PCG: 1 : 3.762432e-05 / 7.007536e-01
PCG: 0 : 3.762432e-05
PCG: 1 : 3.635419e-05 / 9.662420e-01
PCG: 0 : 3.635419e-05
PCG: 1 : 2.547843e-05 / 7.008389e-01
PCG: 0 : 2.547843e-05
PCG: 1 : 2.461847e-05 / 9.662474e-01
PCG: 0 : 2.461847e-05
PCG: 1 : 1.725333e-05 / 7.008289e-01
PCG: 0 : 1.725333e-05
PCG: 1 : 1.667031e-05 / 9.662081e-01
PCG: 0 : 1.667030e-05
PCG: 1 : 1.168499e-05 / 7.009465e-01
PCG: 0 : 1.168499e-05
PCG: 1 : 1.128923e-05 / 9.661308e-01
PCG: 0 : 1.128923e-05
PCG: 1 : 7.913085e-06 / 7.009411e-01
PCG: 0 : 7.913084e-06
PCG: 1 : 7.645191e-06 / 9.661455e-01
PCG: 0 : 7.645190e-06
PCG: 1 : 5.359416e-06 / 7.010181e-01
PCG: 0 : 5.359416e-06
PCG: 1 : 5.177476e-06 / 9.660523e-01
PCG: 0 : 5.177476e-06
PCG: 1 : 3.629581e-06 / 7.010328e-01
PCG: 0 : 3.629581e-06
PCG: 1 : 3.506540e-06 / 9.661006e-01
PCG: 0 : 3.506539e-06
PCG: 1 : 2.458267e-06 / 7.010522e-01
PCG: 0 : 2.458267e-06
PCG: 1 : 2.374746e-06 / 9.660243e-01
PCG: 0 : 2.374746e-06
PCG: 1 : 1.664937e-06 / 7.011009e-01
PCG: 0 : 1.664937e-06
PCG: 1 : 1.608411e-06 / 9.660496e-01
PCG: 0 : 1.608411e-06
PCG: 1 : 1.127624e-06 / 7.010793e-01
PCG: 0 : 1.127624e-06
PCG: 1 : 1.089285e-06 / 9.660006e-01
PCG: 0 : 1.089285e-06
PCG: 1 : 7.637747e-07 / 7.011704e-01
PCG: 0 : 7.637747e-07
PCG: 1 : 7.377868e-07 / 9.659744e-01
PCG: 0 : 7.377867e-07
PCG: 1 : 5.172899e-07 / 7.011374e-01
PCG: 0 : 5.172899e-07
PCG: 1 : 4.996753e-07 / 9.659482e-01
PCG: 0 : 4.996752e-07
PCG: 1 : 3.503965e-07 / 7.012485e-01
PCG: 0 : 3.503964e-07
PCG: 1 : 3.384316e-07 / 9.658536e-01
PCG: 0 : 3.384316e-07
PCG: 1 : 2.373177e-07 / 7.012280e-01
PCG: 0 : 2.373177e-07
PCG: 1 : 2.292266e-07 / 9.659059e-01
PCG: 0 : 2.292266e-07
PCG: 1 : 1.607503e-07 / 7.012724e-01
PCG: 0 : 1.607503e-07
PCG: 1 : 1.552528e-07 / 9.658015e-01
PCG: 0 : 1.552528e-07
PCG: 1 : 1.088798e-07 / 7.013061e-01
PCG: 0 : 1.088798e-07
PCG: 1 : 1.051598e-07 / 9.658341e-01
PCG: 0 : 1.051598e-07
PCG: 1 : 7.374943e-08 / 7.013083e-01
PCG: 0 : 7.374943e-08
PCG: 1 : 7.122397e-08 / 9.657563e-01
PCG: 0 : 7.122397e-08
PCG: 1 : 4.995522e-08 / 7.013820e-01
PCG: 0 : 4.995522e-08
PCG: 1 : 4.824433e-08 / 9.657516e-01
PCG: 0 : 4.824433e-08
PCG: 1 : 3.383624e-08 / 7.013517e-01
PCG: 0 : 3.383624e-08
PCG: 1 : 3.267592e-08 / 9.657077e-01
PCG: 0 : 3.267591e-08
PCG: 1 : 2.292093e-08 / 7.014627e-01
PCG: 0 : 2.292093e-08
PCG: 1 : 2.213303e-08 / 9.656252e-01
PCG: 0 : 2.213303e-08
PCG: 1 : 1.552516e-08 / 7.014475e-01
PCG: 0 : 1.552516e-08
PCG: 1 : 1.499107e-08 / 9.655985e-01
PCG: 0 : 1.499107e-08
PCG: 1 : 1.051692e-08 / 7.015457e-01
PCG: 0 : 1.051692e-08
PCG: 1 : 1.015410e-08 / 9.655014e-01
PCG: 0 : 1.015410e-08
PCG: 1 : 7.123616e-09 / 7.015509e-01
PCG: 0 : 7.123616e-09
PCG: 1 : 6.878809e-09 / 9.656343e-01
PCG: 0 : 6.878808e-09
PCG: 1 : 4.825526e-09 / 7.015061e-01
PCG: 0 : 4.825525e-09
PCG: 1 : 4.659126e-09 / 9.655167e-01
PCG: 0 : 4.659126e-09
PCG: 1 : 3.268638e-09 / 7.015561e-01
PCG: 0 : 3.268639e-09
PCG: 1 : 3.155871e-09 / 9.655002e-01
PCG: 0 : 3.155872e-09
PCG: 1 : 2.214104e-09 / 7.015824e-01
PCG: 0 : 2.214104e-09
PCG: 1 : 2.137703e-09 / 9.654936e-01
PCG: 0 : 2.137703e-09
PCG: 1 : 1.499920e-09 / 7.016504e-01
PCG: 0 : 1.499920e-09
PCG: 1 : 1.448108e-09 / 9.654565e-01
PCG: 0 : 1.448108e-09
PCG: 1 : 1.015999e-09 / 7.016041e-01
PCG: 0 : 1.015999e-09
PCG: 1 : 9.809497e-10 / 9.655029e-01
PCG: 0 : 9.809498e-10
PCG: 1 : 6.883065e-10 / 7.016736e-01
PCG: 0 : 6.883065e-10
PCG: 1 : 6.644347e-10 / 9.653181e-01
PCG: 0 : 6.644345e-10
PCG: 1 : 4.662426e-10 / 7.017134e-01
PCG: 0 : 4.662424e-10
PCG: 1 : 4.501715e-10 / 9.655311e-01
PCG: 0 : 4.501715e-10
PCG: 1 : 3.158335e-10 / 7.015850e-01
PCG: 0 : 3.158337e-10
PCG: 1 : 3.049273e-10 / 9.654679e-01
PCG: 0 : 3.049274e-10
PCG: 1 : 2.139265e-10 / 7.015653e-01
PCG: 0 : 2.139265e-10
PCG: 1 : 2.066032e-10 / 9.657671e-01
PCG: 0 : 2.066031e-10
PCG: 1 : 1.449445e-10 / 7.015604e-01
PCG: 0 : 1.449446e-10
PCG: 1 : 1.399148e-10 / 9.652989e-01

PCG ( VCycle ( S: Scale / C: Scale )  )

Complete solver TOE: 19.9732
0.00123313 GFlop/s [0.00123313 GFlops/s]

Total time: 19.9732s
Accumulated op time: 13.3592

Reductions: 64.0845%
Blas-1: 1.52231%
Blas-2: 1.27901%
Precon Kernels: 0%
MPI Execution: 0%
MPI Wait: 0%
Not covered: 33.1141%

Domain size: 106.946 MByte
LA size: 356.551 MByte
MPI size: 10.6978 MByte

H0-Error: 4.291435e-07
H1-Error: 2.017209e-03

Writing DATA to output.data...
Run-Time: 0:31.600 [0:31.600]
0xb33859f8 Error: MemoryPool<CUDA> still contains memory chunks on deconstructor call
