NUM-PROCS: 1
Preparing domain...
LVL-MIN: 5 [5]
LVL-MAX: 10 [10]
Creating gates...
Assembling system matrices...
Assembling system filters...
Assembling transfer matrices...
Converting assembled linear system from SparseMatrixCSR, Mem:main to SparseMatrixCSR, Mem:mainand to SparseMatrixCSR, Mem:main...
PCG:  0 : 9.466280e-03
PCG:  1 : 4.043862e-02 / 4.271860e+00
PCG:  2 : 4.478078e-02 / 4.730557e+00
PCG:  3 : 1.224985e-01 / 1.294051e+01
PCG:  4 : 2.085453e-01 / 2.203033e+01
PCG:  5 : 1.773998e-01 / 1.874018e+01
PCG:  6 : 1.608406e-01 / 1.699090e+01
PCG:  7 : 9.577692e-02 / 1.011769e+01
PCG:  8 : 7.004766e-02 / 7.399703e+00
PCG:  9 : 7.124367e-02 / 7.526047e+00
PCG: 10 : 4.837934e-02 / 5.110702e+00
PCG: 11 : 2.525395e-02 / 2.667780e+00
PCG: 12 : 1.057774e-02 / 1.117413e+00
PCG: 13 : 5.551098e-03 / 5.864075e-01
PCG: 14 : 2.897389e-03 / 3.060747e-01
PCG: 15 : 1.426073e-03 / 1.506477e-01
PCG: 16 : 1.881862e-03 / 1.987964e-01
PCG:  0 : 1.902339e-03
PCG:  1 : 1.160749e-03 / 6.101692e-01
PCG:  2 : 1.294136e-03 / 6.802866e-01
PCG:  3 : 1.458322e-03 / 7.665940e-01
PCG:  4 : 5.460566e-04 / 2.870448e-01
PCG:  5 : 7.522471e-04 / 3.954327e-01
PCG:  6 : 1.510274e-03 / 7.939038e-01
PCG:  7 : 1.934232e-03 / 1.016765e+00
PCG:  8 : 9.112080e-04 / 4.789935e-01
PCG:  9 : 4.131136e-04 / 2.171609e-01
PCG: 10 : 3.390628e-04 / 1.782347e-01
PCG: 11 : 2.321904e-04 / 1.220552e-01
PCG: 12 : 1.418605e-04 / 7.457162e-02
PCG: 13 : 6.363113e-05 / 3.344889e-02
PCG: 14 : 3.655072e-05 / 1.921357e-02
PCG: 15 : 3.437663e-05 / 1.807071e-02
PCG: 16 : 3.446303e-05 / 1.811613e-02
PCG:  0 : 3.446521e-05
PCG:  1 : 1.783995e-05 / 5.176220e-01
PCG:  2 : 2.044400e-05 / 5.931779e-01
PCG:  3 : 9.394856e-06 / 2.725896e-01
PCG:  4 : 8.181095e-06 / 2.373726e-01
PCG:  5 : 9.231283e-06 / 2.678435e-01
PCG:  6 : 4.325268e-06 / 1.254967e-01
PCG:  7 : 1.778391e-06 / 5.159962e-02
PCG:  8 : 1.538404e-06 / 4.463643e-02
PCG:  9 : 1.151550e-06 / 3.341195e-02
PCG: 10 : 7.505557e-07 / 2.177720e-02
PCG: 11 : 6.725641e-07 / 1.951429e-02
PCG: 12 : 7.287309e-07 / 2.114396e-02
PCG: 13 : 1.262583e-06 / 3.663355e-02
PCG: 14 : 9.512559e-07 / 2.760047e-02
PCG: 15 : 8.594326e-07 / 2.493624e-02
PCG: 16 : 8.389576e-07 / 2.434216e-02
PCG:  0 : 8.389630e-07
PCG:  1 : 5.759764e-07 / 6.865337e-01
PCG:  2 : 4.046938e-07 / 4.823738e-01
PCG:  3 : 2.677873e-07 / 3.191884e-01
PCG:  4 : 2.033191e-07 / 2.423457e-01
PCG:  5 : 1.697640e-07 / 2.023498e-01
PCG:  6 : 1.469177e-07 / 1.751182e-01
PCG:  7 : 1.809993e-07 / 2.157417e-01
PCG:  8 : 1.485847e-07 / 1.771052e-01
PCG:  9 : 1.701129e-07 / 2.027656e-01
PCG: 10 : 1.925000e-07 / 2.294499e-01
PCG: 11 : 1.504223e-07 / 1.792955e-01
PCG: 12 : 8.625359e-08 / 1.028098e-01
PCG: 13 : 6.787875e-08 / 8.090792e-02
PCG: 14 : 5.805477e-08 / 6.919824e-02
PCG: 15 : 3.886635e-08 / 4.632665e-02
PCG: 16 : 5.358674e-08 / 6.387259e-02

PCG ( VCycle ( S: Scale / C: Scale )  )

Complete solver TOE: 4.18859
2.30338 GFlop/s [2.30338 GFlops/s]

Total time: 4.18859s
Accumulated op time: 4.0536

Reductions: 6.51997%
Blas-1: 6.84356%
Blas-2: 83.4135%
Precon Kernels: 0%
MPI Execution: 0%
MPI Wait: 0%
Not covered: 3.22297%

Domain size: 192.384 MByte
LA size: 483.107 MByte
MPI size: 10.695 MByte

H0-Error: 4.420998e-07
H1-Error: 2.017209e-03

Writing DATA to output.data...
Run-Time: 0:06.650 [0:06.650]
0x31d198e880 Error: MemoryPool<CPU> still contains memory chunks on deconstructor call
