NUM-PROCS: 1
Preparing domain...
LVL-MIN: 6 [6]
LVL-MAX: 7 [7]
Creating gates...
Assembling system matrices...
Assembling system filters...
Assembling transfer matrices...
Converting assembled linear system from SparseMatrixCSR, Mem:main to SparseMatrixCSR, Mem:mainand to SparseMatrixCSR, Mem:main...
PCG: 0 : 7.572480e-02
PCG: 1 : 5.481846e-01 / 7.239169e+00
PCG: 2 : 3.386466e-01 / 4.472070e+00
PCG: 3 : 3.418458e-01 / 4.514318e+00
PCG: 4 : 3.158082e-01 / 4.170473e+00
PCG: 5 : 2.220284e-01 / 2.932044e+00
PCG: 6 : 2.052106e-01 / 2.709952e+00
PCG: 7 : 2.619108e-01 / 3.458719e+00
PCG: 8 : 2.349721e-01 / 3.102975e+00
PCG: 0 : 2.338602e-01
PCG: 1 : 1.675306e-01 / 7.163707e-01
PCG: 2 : 1.410424e-01 / 6.031057e-01
PCG: 3 : 1.468268e-01 / 6.278399e-01
PCG: 4 : 1.907404e-01 / 8.156170e-01
PCG: 5 : 1.547529e-01 / 6.617326e-01
PCG: 6 : 1.366511e-01 / 5.843281e-01
PCG: 7 : 1.627851e-01 / 6.960785e-01
PCG: 8 : 1.584647e-01 / 6.776041e-01
PCG: 0 : 1.584646e-01
PCG: 1 : 7.162663e-02 / 4.520039e-01
PCG: 2 : 6.000566e-02 / 3.786691e-01
PCG: 3 : 6.046686e-02 / 3.815795e-01
PCG: 4 : 6.370617e-02 / 4.020214e-01
PCG: 5 : 4.811781e-02 / 3.036501e-01
PCG: 6 : 4.047925e-02 / 2.554466e-01
PCG: 7 : 4.429025e-02 / 2.794961e-01
PCG: 8 : 6.667361e-02 / 4.207475e-01
PCG: 0 : 6.667361e-02
PCG: 1 : 3.411723e-02 / 5.117052e-01
PCG: 2 : 3.135524e-02 / 4.702796e-01
PCG: 3 : 3.574850e-02 / 5.361716e-01
PCG: 4 : 4.501863e-02 / 6.752091e-01
PCG: 5 : 4.313081e-02 / 6.468947e-01
PCG: 6 : 4.022470e-02 / 6.033076e-01
PCG: 7 : 4.086771e-02 / 6.129518e-01
PCG: 8 : 7.565048e-02 / 1.134639e+00
PCG: 0 : 7.565048e-02
PCG: 1 : 3.428653e-02 / 4.532228e-01
PCG: 2 : 3.125323e-02 / 4.131267e-01
PCG: 3 : 3.343001e-02 / 4.419008e-01
PCG: 4 : 3.370244e-02 / 4.455020e-01
PCG: 5 : 2.710940e-02 / 3.583507e-01
PCG: 6 : 2.278515e-02 / 3.011897e-01
PCG: 7 : 2.313557e-02 / 3.058219e-01
PCG: 8 : 3.822902e-02 / 5.053374e-01
PCG: 0 : 3.822901e-02
PCG: 1 : 2.094647e-02 / 5.479209e-01
PCG: 2 : 1.985157e-02 / 5.192803e-01
PCG: 3 : 2.416433e-02 / 6.320940e-01
PCG: 4 : 2.845564e-02 / 7.443469e-01
PCG: 5 : 2.801431e-02 / 7.328025e-01
PCG: 6 : 2.567945e-02 / 6.717268e-01
PCG: 7 : 2.752754e-02 / 7.200693e-01
PCG: 8 : 3.740945e-02 / 9.785619e-01
PCG: 0 : 3.740945e-02
PCG: 1 : 2.476475e-02 / 6.619918e-01
PCG: 2 : 2.248965e-02 / 6.011758e-01
PCG: 3 : 2.396952e-02 / 6.407345e-01
PCG: 4 : 2.170185e-02 / 5.801167e-01
PCG: 5 : 1.880747e-02 / 5.027466e-01
PCG: 6 : 1.643619e-02 / 4.393592e-01
PCG: 7 : 1.615145e-02 / 4.317479e-01
PCG: 8 : 1.879210e-02 / 5.023356e-01
PCG: 0 : 1.879210e-02
PCG: 1 : 1.521245e-02 / 8.095132e-01
PCG: 2 : 1.479449e-02 / 7.872719e-01
PCG: 3 : 1.653444e-02 / 8.798611e-01
PCG: 4 : 1.866857e-02 / 9.934267e-01
PCG: 5 : 1.976956e-02 / 1.052014e+00
PCG: 6 : 1.723173e-02 / 9.169665e-01
PCG: 7 : 1.759478e-02 / 9.362860e-01
PCG: 8 : 2.437690e-02 / 1.297189e+00
PCG: 0 : 2.437690e-02
PCG: 1 : 1.628933e-02 / 6.682280e-01
PCG: 2 : 1.500002e-02 / 6.153373e-01
PCG: 3 : 1.633466e-02 / 6.700876e-01
PCG: 4 : 1.480233e-02 / 6.072278e-01
PCG: 5 : 1.266539e-02 / 5.195654e-01
PCG: 6 : 1.070870e-02 / 4.392969e-01
PCG: 7 : 1.052693e-02 / 4.318402e-01
PCG: 8 : 1.254130e-02 / 5.144749e-01
PCG: 0 : 1.254130e-02
PCG: 1 : 1.011482e-02 / 8.065204e-01
PCG: 2 : 9.904877e-03 / 7.897805e-01
PCG: 3 : 1.131134e-02 / 9.019269e-01
PCG: 4 : 1.272459e-02 / 1.014615e+00
PCG: 5 : 1.339758e-02 / 1.068276e+00
PCG: 6 : 1.142700e-02 / 9.111491e-01
PCG: 7 : 1.162883e-02 / 9.272424e-01
PCG: 8 : 1.633351e-02 / 1.302377e+00
PCG: 0 : 1.633350e-02
PCG: 1 : 1.089188e-02 / 6.668426e-01
PCG: 2 : 1.005976e-02 / 6.158969e-01
PCG: 3 : 1.112257e-02 / 6.809668e-01
PCG: 4 : 1.002481e-02 / 6.137574e-01
PCG: 5 : 8.568228e-03 / 5.245799e-01
PCG: 6 : 7.131915e-03 / 4.366433e-01
PCG: 7 : 7.018415e-03 / 4.296944e-01
PCG: 8 : 8.426344e-03 / 5.158932e-01
PCG: 0 : 8.426342e-03
PCG: 1 : 6.795771e-03 / 8.064912e-01
PCG: 2 : 6.655263e-03 / 7.898164e-01
PCG: 3 : 7.692335e-03 / 9.128913e-01
PCG: 4 : 8.598971e-03 / 1.020487e+00
PCG: 5 : 9.074017e-03 / 1.076863e+00
PCG: 6 : 7.651286e-03 / 9.080198e-01
PCG: 7 : 7.793143e-03 / 9.248549e-01
PCG: 8 : 1.098619e-02 / 1.303792e+00
PCG: 0 : 1.098619e-02
PCG: 1 : 7.331947e-03 / 6.673782e-01
PCG: 2 : 6.762662e-03 / 6.155601e-01
PCG: 3 : 7.543944e-03 / 6.866750e-01
PCG: 4 : 6.757841e-03 / 6.151212e-01
PCG: 5 : 5.798479e-03 / 5.277969e-01
PCG: 6 : 4.783320e-03 / 4.353937e-01
PCG: 7 : 4.719762e-03 / 4.296084e-01
PCG: 8 : 5.672616e-03 / 5.163404e-01
PCG: 0 : 5.672617e-03
PCG: 1 : 4.582730e-03 / 8.078687e-01
PCG: 2 : 4.477382e-03 / 7.892974e-01
PCG: 3 : 5.214162e-03 / 9.191810e-01
PCG: 4 : 5.792878e-03 / 1.021200e+00
PCG: 5 : 6.140332e-03 / 1.082451e+00
PCG: 6 : 5.141258e-03 / 9.063290e-01
PCG: 7 : 5.250080e-03 / 9.255129e-01
PCG: 8 : 7.398073e-03 / 1.304173e+00
PCG: 0 : 7.398073e-03
PCG: 1 : 4.947112e-03 / 6.687028e-01
PCG: 2 : 4.550463e-03 / 6.150876e-01
PCG: 3 : 5.107189e-03 / 6.903405e-01
PCG: 4 : 4.549590e-03 / 6.149697e-01
PCG: 5 : 3.922228e-03 / 5.301688e-01
PCG: 6 : 3.216037e-03 / 4.347128e-01
PCG: 7 : 3.184139e-03 / 4.304012e-01
PCG: 8 : 3.821203e-03 / 5.165132e-01
PCG: 0 : 3.821202e-03
PCG: 1 : 3.094281e-03 / 8.097664e-01
PCG: 2 : 3.013915e-03 / 7.887349e-01
PCG: 3 : 3.529129e-03 / 9.235650e-01
PCG: 4 : 3.899657e-03 / 1.020532e+00
PCG: 5 : 4.152623e-03 / 1.086732e+00
PCG: 6 : 3.459049e-03 / 9.052252e-01
PCG: 7 : 3.543497e-03 / 9.273251e-01
PCG: 8 : 4.983922e-03 / 1.304281e+00
PCG: 0 : 4.983922e-03
PCG: 1 : 3.340612e-03 / 6.702778e-01
PCG: 2 : 3.063266e-03 / 6.146296e-01
PCG: 3 : 3.454440e-03 / 6.931168e-01
PCG: 4 : 3.062433e-03 / 6.144626e-01
PCG: 5 : 2.651970e-03 / 5.321050e-01
PCG: 6 : 2.164327e-03 / 4.342619e-01
PCG: 7 : 2.150490e-03 / 4.314854e-01
PCG: 8 : 2.574658e-03 / 5.165929e-01
PCG: 0 : 2.574659e-03
PCG: 1 : 2.090104e-03 / 8.117984e-01
PCG: 2 : 2.029425e-03 / 7.882305e-01
PCG: 3 : 2.386847e-03 / 9.270536e-01
PCG: 4 : 2.625176e-03 / 1.019621e+00
PCG: 5 : 2.807261e-03 / 1.090343e+00
PCG: 6 : 2.328477e-03 / 9.043826e-01
PCG: 7 : 2.393158e-03 / 9.295046e-01
PCG: 8 : 3.358249e-03 / 1.304347e+00
PCG: 0 : 3.358249e-03
PCG: 1 : 2.256336e-03 / 6.718788e-01
PCG: 2 : 2.062670e-03 / 6.142101e-01
PCG: 3 : 2.335402e-03 / 6.954226e-01
PCG: 4 : 2.061727e-03 / 6.139293e-01
PCG: 5 : 1.792504e-03 / 5.337614e-01
PCG: 6 : 1.457188e-03 / 4.339131e-01
PCG: 7 : 1.452877e-03 / 4.326295e-01
PCG: 8 : 1.735028e-03 / 5.166467e-01
PCG: 0 : 1.735028e-03
PCG: 1 : 1.411955e-03 / 8.137935e-01
PCG: 2 : 1.366807e-03 / 7.877723e-01
PCG: 3 : 1.613577e-03 / 9.300002e-01
PCG: 4 : 1.767575e-03 / 1.018758e+00
PCG: 5 : 1.897249e-03 / 1.093498e+00
PCG: 6 : 1.567876e-03 / 9.036603e-01
PCG: 7 : 1.616560e-03 / 9.317198e-01
PCG: 8 : 2.263194e-03 / 1.304414e+00
PCG: 0 : 2.263195e-03
PCG: 1 : 1.524049e-03 / 6.734062e-01
PCG: 2 : 1.389181e-03 / 6.138142e-01
PCG: 3 : 1.578356e-03 / 6.974017e-01
PCG: 4 : 1.388331e-03 / 6.134384e-01
PCG: 5 : 1.211250e-03 / 5.351946e-01
PCG: 6 : 9.813352e-04 / 4.336062e-01
PCG: 7 : 9.816109e-04 / 4.337280e-01
PCG: 8 : 1.169360e-03 / 5.166855e-01
PCG: 0 : 1.169360e-03
PCG: 1 : 9.538070e-04 / 8.156661e-01
PCG: 2 : 9.206832e-04 / 7.873397e-01
PCG: 3 : 1.090477e-03 / 9.325422e-01
PCG: 4 : 1.190402e-03 / 1.017995e+00
PCG: 5 : 1.281937e-03 / 1.096272e+00
PCG: 6 : 1.055932e-03 / 9.030006e-01
PCG: 7 : 1.091991e-03 / 9.338371e-01
PCG: 8 : 1.525434e-03 / 1.304504e+00
PCG: 0 : 1.525435e-03
PCG: 1 : 1.029386e-03 / 6.748146e-01
PCG: 2 : 9.357398e-04 / 6.134250e-01
PCG: 3 : 1.066462e-03 / 6.991200e-01
PCG: 4 : 9.350863e-04 / 6.129966e-01
PCG: 5 : 8.183005e-04 / 5.364376e-01
PCG: 6 : 6.610090e-04 / 4.333250e-01
PCG: 7 : 6.631858e-04 / 4.347520e-01
PCG: 8 : 7.882244e-04 / 5.167211e-01
PCG: 0 : 7.882244e-04
PCG: 1 : 6.442860e-04 / 8.173891e-01
PCG: 2 : 6.202672e-04 / 7.869171e-01
PCG: 3 : 7.367861e-04 / 9.347416e-01
PCG: 4 : 8.018706e-04 / 1.017313e+00
PCG: 5 : 8.660228e-04 / 1.098701e+00
PCG: 6 : 7.112713e-04 / 9.023716e-01
PCG: 7 : 7.376115e-04 / 9.357887e-01
PCG: 8 : 1.028319e-03 / 1.304602e+00
PCG: 0 : 1.028319e-03
PCG: 1 : 6.952345e-04 / 6.760884e-01
PCG: 2 : 6.304019e-04 / 6.130412e-01
PCG: 3 : 7.204484e-04 / 7.006080e-01
PCG: 4 : 6.299411e-04 / 6.125932e-01
PCG: 5 : 5.527324e-04 / 5.375107e-01
PCG: 6 : 4.453194e-04 / 4.330558e-01
PCG: 7 : 4.480201e-04 / 4.356821e-01
PCG: 8 : 5.313844e-04 / 5.167506e-01
PCG: 0 : 5.313844e-04
PCG: 1 : 4.351745e-04 / 8.189448e-01
PCG: 2 : 4.179317e-04 / 7.864959e-01
PCG: 3 : 4.977155e-04 / 9.366393e-01
PCG: 4 : 5.402528e-04 / 1.016689e+00
PCG: 5 : 5.849544e-04 / 1.100812e+00
PCG: 6 : 4.791819e-04 / 9.017612e-01
PCG: 7 : 4.982039e-04 / 9.375582e-01
PCG: 8 : 6.932950e-04 / 1.304696e+00
PCG: 0 : 6.932950e-04
PCG: 1 : 4.695177e-04 / 6.772265e-01
PCG: 2 : 4.247508e-04 / 6.126553e-01
PCG: 3 : 4.866178e-04 / 7.018914e-01
PCG: 4 : 4.244460e-04 / 6.122156e-01
PCG: 5 : 3.732876e-04 / 5.384254e-01
PCG: 6 : 3.000530e-04 / 4.327928e-01
PCG: 7 : 3.026355e-04 / 4.365176e-01
PCG: 8 : 3.582782e-04 / 5.167760e-01
PCG: 0 : 3.582782e-04
PCG: 1 : 2.939100e-04 / 8.203402e-01
PCG: 2 : 2.816350e-04 / 7.860792e-01
PCG: 3 : 3.361629e-04 / 9.382734e-01
PCG: 4 : 3.640540e-04 / 1.016121e+00
PCG: 5 : 3.950534e-04 / 1.102644e+00
PCG: 6 : 3.228714e-04 / 9.011752e-01
PCG: 7 : 3.364769e-04 / 9.391500e-01
PCG: 8 : 4.674815e-04 / 1.304800e+00
PCG: 0 : 4.674816e-04
PCG: 1 : 3.170614e-04 / 6.782329e-01
PCG: 2 : 2.862264e-04 / 6.122730e-01
PCG: 3 : 3.286361e-04 / 7.029927e-01
PCG: 4 : 2.860337e-04 / 6.118609e-01
PCG: 5 : 2.520666e-04 / 5.392012e-01
PCG: 6 : 2.022022e-04 / 4.325351e-01
PCG: 7 : 2.044130e-04 / 4.372643e-01
PCG: 8 : 2.415928e-04 / 5.167964e-01
PCG: 0 : 2.415928e-04
PCG: 1 : 1.984876e-04 / 8.215789e-01
PCG: 2 : 1.898094e-04 / 7.856583e-01
PCG: 3 : 2.270175e-04 / 9.396698e-01
PCG: 4 : 2.453586e-04 / 1.015587e+00
PCG: 5 : 2.667707e-04 / 1.104216e+00
PCG: 6 : 2.175792e-04 / 9.006031e-01
PCG: 7 : 2.272345e-04 / 9.405681e-01
PCG: 8 : 3.152552e-04 / 1.304903e+00
PCG: 0 : 3.152552e-04
PCG: 1 : 2.140956e-04 / 6.791185e-01
PCG: 2 : 1.929027e-04 / 6.118937e-01
PCG: 3 : 2.219178e-04 / 7.039307e-01
PCG: 4 : 1.927860e-04 / 6.115237e-01
PCG: 5 : 1.701921e-04 / 5.398550e-01
PCG: 6 : 1.362791e-04 / 4.322819e-01
PCG: 7 : 1.380574e-04 / 4.379228e-01
PCG: 8 : 1.629269e-04 / 5.168097e-01
PCG: 0 : 1.629270e-04
PCG: 1 : 1.340363e-04 / 8.226771e-01
PCG: 2 : 1.279378e-04 / 7.852461e-01
PCG: 3 : 1.532912e-04 / 9.408585e-01
PCG: 4 : 1.653847e-04 / 1.015085e+00
PCG: 5 : 1.801248e-04 / 1.105556e+00
PCG: 6 : 1.466416e-04 / 9.000452e-01
PCG: 7 : 1.534482e-04 / 9.418220e-01
PCG: 8 : 2.126194e-04 / 1.304998e+00
PCG: 0 : 2.126194e-04
PCG: 1 : 1.445572e-04 / 6.798870e-01
PCG: 2 : 1.300197e-04 / 6.115139e-01
PCG: 3 : 1.498385e-04 / 7.047263e-01
PCG: 4 : 1.299537e-04 / 6.112033e-01
PCG: 5 : 1.148992e-04 / 5.403984e-01
PCG: 6 : 9.185899e-05 / 4.320349e-01
PCG: 7 : 9.323553e-05 / 4.385090e-01
PCG: 8 : 1.098871e-04 / 5.168251e-01
PCG: 0 : 1.098871e-04
PCG: 1 : 9.050765e-05 / 8.236424e-01
PCG: 2 : 8.624295e-05 / 7.848325e-01
PCG: 3 : 1.034968e-04 / 9.418470e-01
PCG: 4 : 1.114913e-04 / 1.014599e+00
PCG: 5 : 1.216096e-04 / 1.106678e+00
PCG: 6 : 9.884255e-05 / 8.994921e-01
PCG: 7 : 1.036138e-04 / 9.429113e-01
PCG: 8 : 1.434107e-04 / 1.305073e+00
PCG: 0 : 1.434107e-04
PCG: 1 : 9.759888e-05 / 6.805552e-01
PCG: 2 : 8.764465e-05 / 6.111445e-01
PCG: 3 : 1.011613e-04 / 7.053959e-01
PCG: 4 : 8.760908e-05 / 6.108965e-01
PCG: 5 : 7.756309e-05 / 5.408460e-01
PCG: 6 : 6.192399e-05 / 4.317949e-01
PCG: 7 : 6.296158e-05 / 4.390299e-01
PCG: 8 : 7.412095e-05 / 5.168440e-01
PCG: 0 : 7.412094e-05
PCG: 1 : 6.111150e-05 / 8.244836e-01
PCG: 2 : 5.814153e-05 / 7.844144e-01
PCG: 3 : 6.987122e-05 / 9.426650e-01
PCG: 4 : 7.516826e-05 / 1.014130e+00
PCG: 5 : 8.209745e-05 / 1.107615e+00
PCG: 6 : 6.663139e-05 / 8.989551e-01
PCG: 7 : 6.996025e-05 / 9.438663e-01
PCG: 8 : 9.673850e-05 / 1.305144e+00
PCG: 0 : 9.673850e-05
PCG: 1 : 6.589189e-05 / 6.811340e-01
PCG: 2 : 5.908616e-05 / 6.107823e-01
PCG: 3 : 6.829279e-05 / 7.059525e-01
PCG: 4 : 5.906867e-05 / 6.106015e-01
PCG: 5 : 5.235541e-05 / 5.412055e-01
PCG: 6 : 4.174803e-05 / 4.315554e-01
PCG: 7 : 4.251464e-05 / 4.394800e-01
PCG: 8 : 4.999949e-05 / 5.168520e-01
PCG: 0 : 4.999949e-05
PCG: 1 : 4.126064e-05 / 8.252211e-01
PCG: 2 : 3.920024e-05 / 7.840127e-01
PCG: 3 : 4.716674e-05 / 9.433444e-01
PCG: 4 : 5.068398e-05 / 1.013690e+00
PCG: 5 : 5.541948e-05 / 1.108401e+00
PCG: 6 : 4.492161e-05 / 8.984413e-01
PCG: 7 : 4.723490e-05 / 9.447076e-01
PCG: 8 : 6.526018e-05 / 1.305217e+00
PCG: 0 : 6.526019e-05
PCG: 1 : 4.448345e-05 / 6.816323e-01
PCG: 2 : 3.983664e-05 / 6.104280e-01
PCG: 3 : 4.610077e-05 / 7.064149e-01
PCG: 4 : 3.982978e-05 / 6.103228e-01
PCG: 5 : 3.533814e-05 / 5.414962e-01
PCG: 6 : 2.814853e-05 / 4.313277e-01
PCG: 7 : 2.870672e-05 / 4.398810e-01
PCG: 8 : 3.373062e-05 / 5.168637e-01
PCG: 0 : 3.373062e-05
PCG: 1 : 2.785686e-05 / 8.258625e-01
PCG: 2 : 2.643176e-05 / 7.836133e-01
PCG: 3 : 3.183787e-05 / 9.438863e-01
PCG: 4 : 3.417773e-05 / 1.013255e+00
PCG: 5 : 3.740827e-05 / 1.109030e+00
PCG: 6 : 3.028770e-05 / 8.979290e-01
PCG: 7 : 3.188981e-05 / 9.454262e-01
PCG: 8 : 4.402756e-05 / 1.305270e+00
PCG: 0 : 4.402756e-05
PCG: 1 : 3.002926e-05 / 6.820561e-01
PCG: 2 : 2.686035e-05 / 6.100804e-01
PCG: 3 : 3.111831e-05 / 7.067917e-01
PCG: 4 : 2.685915e-05 / 6.100531e-01
PCG: 5 : 2.385067e-05 / 5.417214e-01
PCG: 6 : 1.898047e-05 / 4.311042e-01
PCG: 7 : 1.938230e-05 / 4.402310e-01
PCG: 8 : 2.275665e-05 / 5.168729e-01
PCG: 0 : 2.275666e-05
PCG: 1 : 1.880653e-05 / 8.264188e-01
PCG: 2 : 1.782356e-05 / 7.832239e-01
PCG: 3 : 2.148959e-05 / 9.443212e-01
PCG: 4 : 2.304887e-05 / 1.012841e+00
PCG: 5 : 2.524931e-05 / 1.109535e+00
PCG: 6 : 2.042263e-05 / 8.974352e-01
PCG: 7 : 2.152895e-05 / 9.460508e-01
PCG: 8 : 2.970465e-05 / 1.305317e+00
PCG: 0 : 2.970465e-05
PCG: 1 : 2.027095e-05 / 6.824168e-01
PCG: 2 : 1.811216e-05 / 6.097418e-01
PCG: 3 : 2.100378e-05 / 7.070872e-01
PCG: 4 : 1.811368e-05 / 6.097928e-01
PCG: 5 : 1.609669e-05 / 5.418912e-01
PCG: 6 : 1.279935e-05 / 4.308872e-01
PCG: 7 : 1.308605e-05 / 4.405387e-01
PCG: 8 : 1.535382e-05 / 5.168828e-01
PCG: 0 : 1.535382e-05
PCG: 1 : 1.269607e-05 / 8.268996e-01
PCG: 2 : 1.201961e-05 / 7.828419e-01
PCG: 3 : 1.450415e-05 / 9.446604e-01
PCG: 4 : 1.554479e-05 / 1.012438e+00
PCG: 5 : 1.704165e-05 / 1.109929e+00
PCG: 6 : 1.377175e-05 / 8.969591e-01
PCG: 7 : 1.453379e-05 / 9.465912e-01
PCG: 8 : 2.004239e-05 / 1.305368e+00
PCG: 0 : 2.004239e-05
PCG: 1 : 1.368338e-05 / 6.827218e-01
PCG: 2 : 1.221411e-05 / 6.094139e-01
PCG: 3 : 1.417633e-05 / 7.073174e-01
PCG: 4 : 1.221670e-05 / 6.095432e-01
PCG: 5 : 1.086328e-05 / 5.420151e-01
PCG: 6 : 8.631741e-06 / 4.306742e-01
PCG: 7 : 8.834766e-06 / 4.408039e-01
PCG: 8 : 1.035961e-05 / 5.168848e-01
PCG: 0 : 1.035961e-05
PCG: 1 : 8.570682e-06 / 8.273172e-01
PCG: 2 : 8.106124e-06 / 7.824740e-01
PCG: 3 : 9.789022e-06 / 9.449220e-01
PCG: 4 : 1.048453e-05 / 1.012059e+00
PCG: 5 : 1.150159e-05 / 1.110234e+00
PCG: 6 : 9.287422e-06 / 8.965032e-01
PCG: 7 : 9.811150e-06 / 9.470580e-01
PCG: 8 : 1.352356e-05 / 1.305412e+00
PCG: 0 : 1.352356e-05
PCG: 1 : 9.236302e-06 / 6.829787e-01
PCG: 2 : 8.237133e-06 / 6.090952e-01
PCG: 3 : 9.567797e-06 / 7.074912e-01
PCG: 4 : 8.239937e-06 / 6.093026e-01
PCG: 5 : 7.331056e-06 / 5.420952e-01
PCG: 6 : 5.821457e-06 / 4.304679e-01
PCG: 7 : 5.964359e-06 / 4.410348e-01
PCG: 8 : 6.990177e-06 / 5.168890e-01
PCG: 0 : 6.990176e-06
PCG: 1 : 5.785559e-06 / 8.276700e-01
PCG: 2 : 5.467097e-06 / 7.821116e-01
PCG: 3 : 6.606433e-06 / 9.451026e-01
PCG: 4 : 7.071852e-06 / 1.011685e+00
PCG: 5 : 7.762228e-06 / 1.110448e+00
PCG: 6 : 6.263590e-06 / 8.960562e-01
PCG: 7 : 6.622875e-06 / 9.474548e-01
PCG: 8 : 9.125285e-06 / 1.305444e+00
PCG: 0 : 9.125287e-06
PCG: 1 : 6.234351e-06 / 6.831951e-01
PCG: 2 : 5.555348e-06 / 6.087861e-01
PCG: 3 : 6.457207e-06 / 7.076169e-01
PCG: 4 : 5.557964e-06 / 6.090729e-01
PCG: 5 : 4.947211e-06 / 5.421430e-01
PCG: 6 : 3.926332e-06 / 4.302694e-01
PCG: 7 : 4.026416e-06 / 4.412372e-01
PCG: 8 : 4.716793e-06 / 5.168926e-01
PCG: 0 : 4.716792e-06
PCG: 1 : 3.905401e-06 / 8.279782e-01
PCG: 2 : 3.687416e-06 / 7.817634e-01
PCG: 3 : 4.458445e-06 / 9.452283e-01
PCG: 4 : 4.770234e-06 / 1.011330e+00
PCG: 5 : 5.238473e-06 / 1.110601e+00
PCG: 6 : 4.224506e-06 / 8.956310e-01
PCG: 7 : 4.470578e-06 / 9.478005e-01
PCG: 8 : 6.157681e-06 / 1.305481e+00
PCG: 0 : 6.157681e-06
PCG: 1 : 4.208001e-06 / 6.833743e-01
PCG: 2 : 3.746868e-06 / 6.084870e-01
PCG: 3 : 4.357785e-06 / 7.076991e-01
PCG: 4 : 3.749109e-06 / 6.088509e-01
PCG: 5 : 3.338458e-06 / 5.421615e-01
PCG: 6 : 2.648284e-06 / 4.300782e-01
PCG: 7 : 2.718081e-06 / 4.414130e-01
PCG: 8 : 3.182884e-06 / 5.168967e-01
PCG: 0 : 3.182885e-06
PCG: 1 : 2.636184e-06 / 8.282372e-01
PCG: 2 : 2.487177e-06 / 7.814223e-01
PCG: 3 : 3.008759e-06 / 9.452931e-01
PCG: 4 : 3.217835e-06 / 1.010981e+00
PCG: 5 : 3.535165e-06 / 1.110680e+00
PCG: 6 : 2.849359e-06 / 8.952127e-01
PCG: 7 : 3.017635e-06 / 9.480819e-01
PCG: 8 : 4.155248e-06 / 1.305497e+00
PCG: 0 : 4.155247e-06
PCG: 1 : 2.840207e-06 / 6.835230e-01
PCG: 2 : 2.527231e-06 / 6.082024e-01
PCG: 3 : 2.940883e-06 / 7.077517e-01
PCG: 4 : 2.529055e-06 / 6.086413e-01
PCG: 5 : 2.252801e-06 / 5.421581e-01
PCG: 6 : 1.786322e-06 / 4.298955e-01
PCG: 7 : 1.834829e-06 / 4.415692e-01
PCG: 8 : 2.147863e-06 / 5.169038e-01
PCG: 0 : 2.147863e-06
PCG: 1 : 1.779415e-06 / 8.284584e-01
PCG: 2 : 1.677678e-06 / 7.810916e-01
PCG: 3 : 2.030411e-06 / 9.453167e-01
PCG: 4 : 2.170730e-06 / 1.010646e+00
PCG: 5 : 2.385676e-06 / 1.110721e+00
PCG: 6 : 1.921946e-06 / 8.948179e-01
PCG: 7 : 2.036887e-06 / 9.483318e-01
PCG: 8 : 2.804084e-06 / 1.305523e+00
PCG: 0 : 2.804084e-06
PCG: 1 : 1.917000e-06 / 6.836455e-01
PCG: 2 : 1.704677e-06 / 6.079264e-01
PCG: 3 : 1.984641e-06 / 7.077680e-01
PCG: 4 : 1.706101e-06 / 6.084343e-01
PCG: 5 : 1.520165e-06 / 5.421252e-01
PCG: 6 : 1.204952e-06 / 4.297131e-01
PCG: 7 : 1.238563e-06 / 4.416995e-01
PCG: 8 : 1.449441e-06 / 5.169035e-01
PCG: 0 : 1.449441e-06
PCG: 1 : 1.201071e-06 / 8.286443e-01
PCG: 2 : 1.131682e-06 / 7.807713e-01
PCG: 3 : 1.370162e-06 / 9.453036e-01
PCG: 4 : 1.464413e-06 / 1.010329e+00
PCG: 5 : 1.609926e-06 / 1.110722e+00
PCG: 6 : 1.296441e-06 / 8.944420e-01
PCG: 7 : 1.374854e-06 / 9.485413e-01
PCG: 8 : 1.892307e-06 / 1.305543e+00
PCG: 0 : 1.892307e-06
PCG: 1 : 1.293850e-06 / 6.837421e-01
PCG: 2 : 1.149883e-06 / 6.076618e-01
PCG: 3 : 1.339305e-06 / 7.077628e-01
PCG: 4 : 1.150974e-06 / 6.082383e-01
PCG: 5 : 1.025782e-06 / 5.420801e-01
PCG: 6 : 8.128227e-07 / 4.295406e-01
PCG: 7 : 8.360482e-07 / 4.418142e-01
PCG: 8 : 9.781437e-07 / 5.169054e-01
PCG: 0 : 9.781437e-07
PCG: 1 : 8.106881e-07 / 8.288026e-01
PCG: 2 : 7.634038e-07 / 7.804618e-01
PCG: 3 : 9.245912e-07 / 9.452509e-01
PCG: 4 : 9.879360e-07 / 1.010011e+00
PCG: 5 : 1.086396e-06 / 1.110671e+00
PCG: 6 : 8.745301e-07 / 8.940712e-01
PCG: 7 : 9.279756e-07 / 9.487109e-01
PCG: 8 : 1.277017e-06 / 1.305551e+00
PCG: 0 : 1.277017e-06
PCG: 1 : 8.732489e-07 / 6.838195e-01
PCG: 2 : 7.756678e-07 / 6.074062e-01
PCG: 3 : 9.037911e-07 / 7.077364e-01
PCG: 4 : 7.764924e-07 / 6.080519e-01
PCG: 5 : 6.921742e-07 / 5.420244e-01
PCG: 6 : 5.483246e-07 / 4.293794e-01
PCG: 7 : 5.643382e-07 / 4.419192e-01
PCG: 8 : 6.601067e-07 / 5.169131e-01
PCG: 0 : 6.601067e-07
PCG: 1 : 5.471859e-07 / 8.289357e-01
PCG: 2 : 5.149907e-07 / 7.801629e-01
PCG: 3 : 6.239164e-07 / 9.451751e-01
PCG: 4 : 6.665152e-07 / 1.009708e+00
PCG: 5 : 7.331084e-07 / 1.110591e+00
PCG: 6 : 5.899483e-07 / 8.937167e-01
PCG: 7 : 6.263451e-07 / 9.488543e-01
PCG: 8 : 8.618118e-07 / 1.305565e+00
PCG: 0 : 8.618119e-07
PCG: 1 : 5.893745e-07 / 6.838783e-01
PCG: 2 : 5.232564e-07 / 6.071585e-01
PCG: 3 : 6.098913e-07 / 7.076850e-01
PCG: 4 : 5.238679e-07 / 6.078680e-01
PCG: 5 : 4.670605e-07 / 5.419518e-01
PCG: 6 : 3.699057e-07 / 4.292186e-01
PCG: 7 : 3.809245e-07 / 4.420043e-01
PCG: 8 : 4.454807e-07 / 5.169117e-01
PCG: 0 : 4.454807e-07
PCG: 1 : 3.693235e-07 / 8.290450e-01
PCG: 2 : 3.474191e-07 / 7.798746e-01
PCG: 3 : 4.210152e-07 / 9.450808e-01
PCG: 4 : 4.496766e-07 / 1.009419e+00
PCG: 5 : 4.947024e-07 / 1.110491e+00
PCG: 6 : 3.979845e-07 / 8.933821e-01
PCG: 7 : 4.227527e-07 / 9.489810e-01
PCG: 8 : 5.816124e-07 / 1.305584e+00
PCG: 0 : 5.816123e-07
PCG: 1 : 3.977784e-07 / 6.839237e-01
PCG: 2 : 3.529917e-07 / 6.069193e-01
PCG: 3 : 4.115601e-07 / 7.076193e-01
PCG: 4 : 3.534396e-07 / 6.076893e-01
PCG: 5 : 3.151574e-07 / 5.418685e-01
PCG: 6 : 2.495485e-07 / 4.290633e-01
PCG: 7 : 2.571172e-07 / 4.420767e-01
PCG: 8 : 3.006412e-07 / 5.169100e-01
PCG: 0 : 3.006412e-07
PCG: 1 : 2.492724e-07 / 8.291357e-01
PCG: 2 : 2.343797e-07 / 7.795994e-01
PCG: 3 : 2.840952e-07 / 9.449641e-01
PCG: 4 : 3.033878e-07 / 1.009136e+00
PCG: 5 : 3.338233e-07 / 1.110371e+00
PCG: 6 : 2.684910e-07 / 8.930613e-01
PCG: 7 : 2.853324e-07 / 9.490795e-01
PCG: 8 : 3.925149e-07 / 1.305593e+00
PCG: 0 : 3.925150e-07
PCG: 1 : 2.684637e-07 / 6.839579e-01
PCG: 2 : 2.381362e-07 / 6.066933e-01
PCG: 3 : 2.777233e-07 / 7.075484e-01
PCG: 4 : 2.384614e-07 / 6.075217e-01
PCG: 5 : 2.126571e-07 / 5.417809e-01
PCG: 6 : 1.683569e-07 / 4.289184e-01
PCG: 7 : 1.735485e-07 / 4.421450e-01
PCG: 8 : 2.028969e-07 / 5.169151e-01
PCG: 0 : 2.028970e-07
PCG: 1 : 1.682436e-07 / 8.292069e-01
PCG: 2 : 1.581235e-07 / 7.793290e-01
PCG: 3 : 1.917020e-07 / 9.448242e-01
PCG: 4 : 2.046935e-07 / 1.008854e+00
PCG: 5 : 2.252615e-07 / 1.110226e+00
PCG: 6 : 1.811350e-07 / 8.927440e-01
PCG: 7 : 1.925811e-07 / 9.491570e-01
PCG: 8 : 2.649009e-07 / 1.305593e+00
PCG: 0 : 2.649008e-07
PCG: 1 : 1.811866e-07 / 6.839788e-01
PCG: 2 : 1.606547e-07 / 6.064712e-01
PCG: 3 : 1.874067e-07 / 7.074599e-01
PCG: 4 : 1.608890e-07 / 6.073555e-01
PCG: 5 : 1.434926e-07 / 5.416842e-01
PCG: 6 : 1.135836e-07 / 4.287776e-01
PCG: 7 : 1.171391e-07 / 4.421997e-01
PCG: 8 : 1.369317e-07 / 5.169167e-01
PCG: 0 : 1.369317e-07
PCG: 1 : 1.135528e-07 / 8.292660e-01
PCG: 2 : 1.066796e-07 / 7.790720e-01
PCG: 3 : 1.293567e-07 / 9.446803e-01
PCG: 4 : 1.381077e-07 / 1.008588e+00
PCG: 5 : 1.520036e-07 / 1.110069e+00
PCG: 6 : 1.222036e-07 / 8.924420e-01
PCG: 7 : 1.299779e-07 / 9.492171e-01
PCG: 8 : 1.787770e-07 / 1.305593e+00
PCG: 0 : 1.787770e-07
PCG: 1 : 1.222818e-07 / 6.839910e-01
PCG: 2 : 1.083855e-07 / 6.062612e-01
PCG: 3 : 1.264606e-07 / 7.073652e-01
PCG: 4 : 1.085534e-07 / 6.072001e-01
PCG: 5 : 9.682343e-08 / 5.415878e-01
PCG: 6 : 7.663215e-08 / 4.286466e-01
PCG: 7 : 7.906489e-08 / 4.422543e-01
PCG: 8 : 9.241447e-08 / 5.169260e-01
PCG: 0 : 9.241448e-08
PCG: 1 : 7.664028e-08 / 8.293102e-01
PCG: 2 : 7.197397e-08 / 7.788170e-01
PCG: 3 : 8.728676e-08 / 9.445139e-01
PCG: 4 : 9.318295e-08 / 1.008316e+00
PCG: 5 : 1.025694e-07 / 1.109884e+00
PCG: 6 : 8.244696e-08 / 8.921433e-01
PCG: 7 : 8.772474e-08 / 9.492532e-01
PCG: 8 : 1.206543e-07 / 1.305578e+00
PCG: 0 : 1.206543e-07
PCG: 1 : 8.252680e-08 / 6.839939e-01
PCG: 2 : 7.312342e-08 / 6.060573e-01
PCG: 3 : 8.533423e-08 / 7.072623e-01
PCG: 4 : 7.324262e-08 / 6.070454e-01
PCG: 5 : 6.533249e-08 / 5.414850e-01
PCG: 6 : 5.170260e-08 / 4.285186e-01
PCG: 7 : 5.336543e-08 / 4.423003e-01
PCG: 8 : 6.237005e-08 / 5.169319e-01
PCG: 0 : 6.237006e-08
PCG: 1 : 5.172634e-08 / 8.293457e-01
PCG: 2 : 4.855987e-08 / 7.785765e-01
PCG: 3 : 5.889900e-08 / 9.443473e-01
PCG: 4 : 6.287274e-08 / 1.008060e+00
PCG: 5 : 6.921236e-08 / 1.109705e+00
PCG: 6 : 5.562577e-08 / 8.918666e-01
PCG: 7 : 5.920736e-08 / 9.492913e-01
PCG: 8 : 8.142914e-08 / 1.305580e+00
PCG: 0 : 8.142914e-08
PCG: 1 : 5.569680e-08 / 6.839910e-01
PCG: 2 : 4.933463e-08 / 6.058597e-01
PCG: 3 : 5.758271e-08 / 7.071512e-01
PCG: 4 : 4.941879e-08 / 6.068932e-01
PCG: 5 : 4.408391e-08 / 5.413776e-01
PCG: 6 : 3.488375e-08 / 4.283939e-01
PCG: 7 : 3.601897e-08 / 4.423352e-01
PCG: 8 : 4.209344e-08 / 5.169334e-01
PCG: 0 : 4.209344e-08
PCG: 1 : 3.491104e-08 / 8.293701e-01
PCG: 2 : 3.276315e-08 / 7.783434e-01
PCG: 3 : 3.974361e-08 / 9.441761e-01
PCG: 4 : 4.242214e-08 / 1.007809e+00
PCG: 5 : 4.670328e-08 / 1.109514e+00
PCG: 6 : 3.753044e-08 / 8.915985e-01
PCG: 7 : 3.996009e-08 / 9.493186e-01
PCG: 8 : 5.495638e-08 / 1.305581e+00
PCG: 0 : 5.495638e-08
PCG: 1 : 3.758916e-08 / 6.839818e-01
PCG: 2 : 3.328542e-08 / 6.056697e-01
PCG: 3 : 3.885606e-08 / 7.070345e-01
PCG: 4 : 3.334458e-08 / 6.067464e-01
PCG: 5 : 2.974623e-08 / 5.412698e-01
PCG: 6 : 2.353647e-08 / 4.282755e-01
PCG: 7 : 2.431094e-08 / 4.423680e-01
PCG: 8 : 2.840902e-08 / 5.169377e-01
PCG: 0 : 2.840902e-08
PCG: 1 : 2.356204e-08 / 8.293860e-01
PCG: 2 : 2.210555e-08 / 7.781175e-01
PCG: 3 : 2.681794e-08 / 9.439939e-01
PCG: 4 : 2.862381e-08 / 1.007561e+00
PCG: 5 : 3.151461e-08 / 1.109317e+00
PCG: 6 : 2.532212e-08 / 8.913409e-01
PCG: 7 : 2.696954e-08 / 9.493304e-01
PCG: 8 : 3.709006e-08 / 1.305573e+00

PCG ( VCycle ( S: Scale / C: Scale )  )

Complete solver TOE: 1.65691
0.722651 GFlop/s [0.722651 GFlops/s]

Total time: 1.65691s
Accumulated op time: 1.55332

Reductions: 2.56749%
Blas-1: 6.09726%
Blas-2: 85.0833%
Precon Kernels: 0%
MPI Execution: 0%
MPI Wait: 0%
Not covered: 6.25195%

Domain size: 1.58899 MByte
LA size: 4.66325 MByte
MPI size: 0.15921 MByte

H0-Error: 2.748720e-05
H1-Error: 1.613732e-02

Writing DATA to output.data...
Run-Time: 0:01.800 [0:01.800]
0xb33a49f8 Error: MemoryPool<CPU> still contains memory chunks on deconstructor call
