NUM-PROCS: 1
Preparing domain...
LVL-MIN: 3 [3]
LVL-MAX: 10 [10]
Creating gates...
Assembling system matrices...
Assembling system filters...
Assembling transfer matrices...
Converting assembled linear system from SparseMatrixCSR, Mem:main to SparseMatrixCSR, Mem:mainand to SparseMatrixCSR, Mem:main...
PCG:  0 : 9.466280e-03
PCG:  1 : 1.006915e-02 / 1.063686e+00
PCG:  2 : 1.259252e-02 / 1.330250e+00
PCG:  3 : 1.013895e-02 / 1.071059e+00
PCG:  4 : 2.930733e-03 / 3.095971e-01
PCG:  5 : 6.151212e-04 / 6.498024e-02
PCG:  6 : 1.679173e-04 / 1.773847e-02
PCG:  7 : 1.995794e-04 / 2.108319e-02
PCG:  8 : 7.655369e-05 / 8.086988e-03
PCG:  9 : 1.791221e-05 / 1.892213e-03
PCG: 10 : 1.871843e-06 / 1.977380e-04
PCG: 11 : 2.158537e-07 / 2.280238e-05
PCG: 12 : 1.908790e-07 / 2.016410e-05
PCG:  0 : 2.185577e-04
PCG:  1 : 4.763141e-04 / 2.179352e+00
PCG:  2 : 2.683370e-04 / 1.227763e+00
PCG:  3 : 4.220360e-05 / 1.931005e-01
PCG:  4 : 1.931744e-05 / 8.838599e-02
PCG:  5 : 3.304378e-06 / 1.511902e-02
PCG:  6 : 8.307683e-07 / 3.801140e-03
PCG:  7 : 5.547532e-07 / 2.538246e-03
PCG:  8 : 1.640965e-07 / 7.508156e-04
PCG:  9 : 3.883403e-08 / 1.776832e-04
PCG: 10 : 1.089159e-08 / 4.983394e-05
PCG: 11 : 7.308306e-09 / 3.343880e-05
PCG: 12 : 4.261928e-09 / 1.950024e-05
PCG:  0 : 7.984617e-08
PCG:  1 : 4.842321e-07 / 6.064563e+00
PCG:  2 : 7.358154e-08 / 9.215413e-01
PCG:  3 : 1.122552e-08 / 1.405893e-01
PCG:  4 : 1.899115e-09 / 2.378468e-02
PCG:  5 : 1.319700e-09 / 1.652803e-02
PCG:  6 : 4.410813e-10 / 5.524138e-03
PCG:  7 : 1.772268e-10 / 2.219603e-03
PCG:  8 : 5.616796e-11 / 7.034521e-04
PCG:  9 : 1.696099e-11 / 2.124208e-04
PCG: 10 : 5.560858e-12 / 6.964465e-05
PCG: 11 : 2.782396e-12 / 3.484696e-05
PCG: 12 : 3.236742e-12 / 4.053722e-05
PCG:  0 : 6.137451e-11
PCG:  1 : 3.082252e-10 / 5.022039e+00
PCG:  2 : 6.196383e-11 / 1.009602e+00
PCG:  3 : 1.245873e-11 / 2.029952e-01
PCG:  4 : 5.651090e-12 / 9.207552e-02
PCG:  5 : 1.743505e-12 / 2.840764e-02
PCG:  6 : 7.214254e-13 / 1.175448e-02
PCG:  7 : 3.657922e-13 / 5.960003e-03
PCG:  8 : 8.946143e-14 / 1.457632e-03
PCG:  9 : 2.949907e-14 / 4.806404e-04
PCG: 10 : 9.239090e-15 / 1.505363e-04
PCG: 11 : 3.016421e-15 / 4.914778e-05
PCG: 12 : 2.157711e-15 / 3.515647e-05

PCG ( VCycle ( S: Scale / C: Scale )  )

Complete solver TOE: 3.23133
2.25675 GFlop/s [2.25675 GFlops/s]

Total time: 3.23133s
Accumulated op time: 3.12872

Reductions: 6.43497%
Blas-1: 6.75283%
Blas-2: 83.6367%
Precon Kernels: 0%
MPI Execution: 0%
MPI Wait: 0%
Not covered: 3.1755%

Domain size: 192.433 MByte
LA size: 483.427 MByte
MPI size: 10.6978 MByte

H0-Error: 4.290974e-07
H1-Error: 2.017209e-03

Writing DATA to output.data...
Run-Time: 0:05.493 [0:05.493]
0x31d198e880 Error: MemoryPool<CPU> still contains memory chunks on deconstructor call
