NUM-PROCS: 1
Preparing domain...
LVL-MIN: 1 [1]
LVL-MAX: 5 [5]
Creating gates...
Assembling system matrices...
Assembling system filters...
Assembling transfer matrices...
Converting assembled linear system from SparseMatrixCSR, Mem:main to SparseMatrixCSR, Mem:mainand to SparseMatrixCSR, Mem:main...
PCG: 0 : 3.015408e-01
PCG: 1 : 8.240020e-02 / 2.732639e-01
PCG: 2 : 1.934800e-02 / 6.416381e-02
PCG: 3 : 1.859599e-03 / 6.166990e-03
PCG: 4 : 1.552126e-04 / 5.147317e-04
PCG: 5 : 2.531039e-05 / 8.393688e-05
PCG: 6 : 1.177427e-06 / 3.904704e-06
PCG: 0 : 3.763056e-02
PCG: 1 : 3.899653e-03 / 1.036300e-01
PCG: 2 : 8.537822e-04 / 2.268853e-02
PCG: 3 : 9.516979e-05 / 2.529056e-03
PCG: 4 : 7.860841e-06 / 2.088951e-04
PCG: 5 : 1.027494e-06 / 2.730477e-05
PCG: 6 : 6.036125e-08 / 1.604049e-06
PCG: 0 : 6.878521e-08
PCG: 1 : 1.245835e-08 / 1.811196e-01
PCG: 2 : 1.399715e-09 / 2.034907e-02
PCG: 3 : 1.214032e-10 / 1.764960e-03
PCG: 4 : 1.612149e-11 / 2.343744e-04
PCG: 5 : 1.655753e-12 / 2.407135e-05
PCG: 6 : 2.358525e-13 / 3.428825e-06

PCG ( VCycle ( S: Scale / C: Scale )  )

Complete solver TOE: 0.004098
0.690384 GFlop/s [0.690384 GFlops/s]

Total time: 0.004098s
Accumulated op time: 0.003012

Reductions: 1.61054%
Blas-1: 5.36847%
Blas-2: 66.5203%
Precon Kernels: 0%
MPI Execution: 0%
MPI Wait: 0%
Not covered: 26.5007%

Domain size: 0.112885 MByte
LA size: 0.375755 MByte
MPI size: 0.0114288 MByte

H0-Error: 4.391240e-04
H1-Error: 6.452751e-02

Writing DATA to output.data...
Run-Time: 0:00.028 [0:00.028]
0xb32eb9f8 Error: MemoryPool<CPU> still contains memory chunks on deconstructor call
