NUM-PROCS: 1
Preparing domain...
LVL-MIN: 2 [2]
LVL-MAX: 9 [9]
Creating gates...
Assembling system matrices...
Assembling system filters...
Assembling transfer matrices...
Converting assembled linear system from SparseMatrixCSR, Mem:main to SparseMatrixELL, Mem:cudaand to SparseMatrixELL, Mem:cuda...
PCG: 0 : 1.894534e-02
PCG: 1 : 9.764044e-03 / 5.153797e-01
PCG: 2 : 5.655361e-03 / 2.985094e-01
PCG: 3 : 1.963571e-03 / 1.036440e-01
PCG: 4 : 4.557535e-04 / 2.405624e-02
PCG: 5 : 4.926800e-05 / 2.600534e-03
PCG: 6 : 4.678470e-06 / 2.469457e-04
PCG: 7 : 7.020858e-07 / 3.705850e-05
PCG: 0 : 5.475245e-04
PCG: 1 : 4.982298e-05 / 9.099681e-02
PCG: 2 : 1.986591e-05 / 3.628314e-02
PCG: 3 : 4.072325e-06 / 7.437704e-03
PCG: 4 : 6.279591e-07 / 1.146906e-03
PCG: 5 : 7.284672e-08 / 1.330474e-04
PCG: 6 : 6.980790e-09 / 1.274973e-05
PCG: 7 : 9.961787e-10 / 1.819423e-06
PCG: 0 : 5.537172e-09
PCG: 1 : 8.254697e-09 / 1.490779e+00
PCG: 2 : 1.149412e-09 / 2.075811e-01
PCG: 3 : 1.526698e-10 / 2.757180e-02
PCG: 4 : 1.709913e-11 / 3.088062e-03
PCG: 5 : 2.790636e-12 / 5.039821e-04
PCG: 6 : 4.779899e-13 / 8.632382e-05
PCG: 7 : 6.720983e-14 / 1.213793e-05

PCG ( VCycle ( S: Scale / C: Scale )  )

Complete solver TOE: 2.68144
0.303725 GFlop/s [0.303725 GFlops/s]

Total time: 2.68144s
Accumulated op time: 0.423822

Reductions: 11.569%
Blas-1: 2.28903%
Blas-2: 1.94768%
Precon Kernels: 0%
MPI Execution: 0%
MPI Wait: 0%
Not covered: 84.1943%

Domain size: 26.8068 MByte
LA size: 89.2992 MByte
MPI size: 2.68231 MByte

H0-Error: 1.716360e-06
H1-Error: 4.034414e-03

Writing DATA to output.data...
Run-Time: 0:05.646 [0:05.646]
0xb33309f8 Error: MemoryPool<CUDA> still contains memory chunks on deconstructor call
