NUM-PROCS: 1
Preparing domain...
LVL-MIN: 5 [5]
LVL-MAX: 10 [10]
Creating gates...
Assembling system matrices...
Assembling system filters...
Assembling transfer matrices...
Converting assembled linear system from SparseMatrixCSR, Mem:main to SparseMatrixCSR, Mem:mainand to SparseMatrixCSR, Mem:main...
PCG:  0 : 9.473041e-03
PCG:  1 : 4.063083e-02 / 4.289102e+00
PCG:  2 : 4.513056e-02 / 4.764105e+00
PCG:  3 : 1.234024e-01 / 1.302669e+01
PCG:  4 : 2.104577e-01 / 2.221649e+01
PCG:  5 : 1.789906e-01 / 1.889474e+01
PCG:  6 : 1.623307e-01 / 1.713607e+01
PCG:  7 : 9.671058e-02 / 1.020903e+01
PCG:  8 : 7.071462e-02 / 7.464828e+00
PCG:  9 : 7.186624e-02 / 7.586397e+00
PCG: 10 : 4.877474e-02 / 5.148794e+00
PCG: 11 : 2.546264e-02 / 2.687906e+00
PCG: 12 : 1.066932e-02 / 1.126282e+00
PCG: 13 : 5.589183e-03 / 5.900094e-01
PCG: 14 : 2.880264e-03 / 3.040485e-01
PCG: 15 : 1.303135e-03 / 1.375625e-01
PCG: 16 : 1.546990e-03 / 1.633044e-01
PCG:  0 : 1.570314e-03
PCG:  1 : 9.273638e-04 / 5.905597e-01
PCG:  2 : 8.825682e-04 / 5.620331e-01
PCG:  3 : 6.978906e-04 / 4.444275e-01
PCG:  4 : 1.696203e-04 / 1.080168e-01
PCG:  5 : 1.395960e-04 / 8.889692e-02
PCG:  6 : 1.893267e-04 / 1.205662e-01
PCG:  7 : 3.005100e-04 / 1.913694e-01
PCG:  8 : 2.397726e-04 / 1.526909e-01
PCG:  9 : 2.006263e-04 / 1.277620e-01
PCG: 10 : 2.453861e-04 / 1.562656e-01
PCG: 11 : 1.990553e-04 / 1.267615e-01
PCG: 12 : 1.259946e-04 / 8.023529e-02
PCG: 13 : 5.426357e-05 / 3.455588e-02
PCG: 14 : 2.866130e-05 / 1.825196e-02
PCG: 15 : 2.501776e-05 / 1.593169e-02
PCG: 16 : 2.170035e-05 / 1.381912e-02
PCG:  0 : 2.170065e-05
PCG:  1 : 8.748812e-06 / 4.031590e-01
PCG:  2 : 8.292704e-06 / 3.821408e-01
PCG:  3 : 4.373199e-06 / 2.015239e-01
PCG:  4 : 3.390318e-06 / 1.562312e-01
PCG:  5 : 4.432782e-06 / 2.042695e-01
PCG:  6 : 3.182776e-06 / 1.466673e-01
PCG:  7 : 1.317158e-06 / 6.069672e-02
PCG:  8 : 9.455549e-07 / 4.357265e-02
PCG:  9 : 7.749941e-07 / 3.571295e-02
PCG: 10 : 4.240361e-07 / 1.954025e-02
PCG: 11 : 2.719218e-07 / 1.253058e-02
PCG: 12 : 2.381402e-07 / 1.097388e-02
PCG: 13 : 3.622218e-07 / 1.669175e-02
PCG: 14 : 3.390005e-07 / 1.562167e-02
PCG: 15 : 3.938704e-07 / 1.815017e-02
PCG: 16 : 3.942847e-07 / 1.816926e-02
PCG:  0 : 3.942844e-07
PCG:  1 : 2.707507e-07 / 6.866889e-01
PCG:  2 : 1.712227e-07 / 4.342620e-01
PCG:  3 : 9.567115e-08 / 2.426451e-01
PCG:  4 : 9.953401e-08 / 2.524422e-01
PCG:  5 : 1.195329e-07 / 3.031642e-01
PCG:  6 : 1.409809e-07 / 3.575616e-01
PCG:  7 : 1.843283e-07 / 4.675010e-01
PCG:  8 : 1.186244e-07 / 3.008601e-01
PCG:  9 : 1.133900e-07 / 2.875842e-01
PCG: 10 : 8.542023e-08 / 2.166462e-01
PCG: 11 : 4.449052e-08 / 1.128387e-01
PCG: 12 : 3.097959e-08 / 7.857168e-02
PCG: 13 : 3.287983e-08 / 8.339114e-02
PCG: 14 : 3.430275e-08 / 8.700003e-02
PCG: 15 : 2.661132e-08 / 6.749272e-02
PCG: 16 : 3.361647e-08 / 8.525946e-02

PCG ( VCycle ( S: Scale / C: Scale )  )

Complete solver TOE: 23.9766
0.0441254 GFlop/s [0.0441254 GFlops/s]

Total time: 23.9766s
Accumulated op time: 23.4118

Reductions: 1.69685%
Blas-1: 5.34328%
Blas-2: 90.6041%
Precon Kernels: 0%
MPI Execution: 0%
MPI Wait: 0%
Not covered: 2.35579%

Domain size: 106.918 MByte
LA size: 356.315 MByte
MPI size: 10.6949 MByte

H0-Error: 4.323144e-07
H1-Error: 2.017209e-03

Writing DATA to output.data...
Run-Time: 0:33.788 [0:33.788]
0xb32ff9f8 Error: MemoryPool<CPU> still contains memory chunks on deconstructor call
