NUM-PROCS: 1
Preparing domain...
LVL-MIN: 2 [2]
LVL-MAX: 4 [4]
Creating gates...
Assembling system matrices...
Assembling system filters...
Assembling transfer matrices...
Converting assembled linear system from SparseMatrixCSR, Mem:main to SparseMatrixCSR, Mem:mainand to SparseMatrixCSR, Mem:main...
PCG: 0 : 5.972903e-01
PCG: 1 : 2.426059e-01 / 4.061776e-01
PCG: 2 : 8.132802e-02 / 1.361616e-01
PCG: 3 : 7.754775e-03 / 1.298326e-02
PCG: 0 : 1.364265e-01
PCG: 1 : 3.792239e-02 / 2.779694e-01
PCG: 2 : 2.097530e-02 / 1.537480e-01
PCG: 3 : 1.287487e-03 / 9.437223e-03
PCG: 0 : 1.287480e-03
PCG: 1 : 1.047408e-04 / 8.135330e-02
PCG: 2 : 7.443470e-06 / 5.781424e-03
PCG: 3 : 3.604126e-06 / 2.799364e-03
PCG: 0 : 3.604149e-06
PCG: 1 : 1.527742e-06 / 4.238841e-01
PCG: 2 : 6.488082e-07 / 1.800170e-01
PCG: 3 : 8.171100e-08 / 2.267137e-02
PCG: 0 : 8.171073e-08
PCG: 1 : 1.052738e-08 / 1.288372e-01
PCG: 2 : 1.522164e-09 / 1.862869e-02
PCG: 3 : 5.932325e-10 / 7.260154e-03

PCG ( VCycle ( S: Scale / C: Scale )  )

Complete solver TOE: 0.001499
0.408139 GFlop/s [0.408139 GFlops/s]

Total time: 0.001499s
Accumulated op time: 0.000727

Reductions: 2.06805%
Blas-1: 5.20347%
Blas-2: 41.2275%
Precon Kernels: 0%
MPI Execution: 0%
MPI Wait: 0%
Not covered: 51.501%

Domain size: 0.0296631 MByte
LA size: 0.0932426 MByte
MPI size: 0.0030365 MByte

H0-Error: 1.753315e-03
H1-Error: 1.289155e-01

Writing DATA to output.data...
Run-Time: 0:00.019 [0:00.019]
0xb32dd9f8 Error: MemoryPool<CPU> still contains memory chunks on deconstructor call
