NUM-PROCS: 1
Preparing domain...
LVL-MIN: 3 [3]
LVL-MAX: 7 [7]
Creating gates...
Assembling system matrices...
Assembling system filters...
Assembling transfer matrices...
Converting assembled linear system from SparseMatrixCSR, Mem:main to SparseMatrixCSR, Mem:mainand to SparseMatrixCSR, Mem:main...
PCG: 0 : 7.572460e-02
PCG: 1 : 7.534376e-02 / 9.949707e-01
PCG: 2 : 7.356912e-02 / 9.715353e-01
PCG: 3 : 4.669812e-02 / 6.166835e-01
PCG: 4 : 5.319755e-03 / 7.025134e-02
PCG: 5 : 5.761977e-04 / 7.609122e-03
PCG: 0 : 4.360718e-03
PCG: 1 : 7.280277e-04 / 1.669513e-01
PCG: 2 : 1.112096e-03 / 2.550259e-01
PCG: 3 : 4.876087e-04 / 1.118184e-01
PCG: 4 : 1.562774e-04 / 3.583754e-02
PCG: 5 : 2.942341e-05 / 6.747377e-03
PCG: 0 : 2.942341e-05
PCG: 1 : 6.895377e-06 / 2.343500e-01
PCG: 2 : 8.894352e-07 / 3.022883e-02
PCG: 3 : 3.420252e-07 / 1.162425e-02
PCG: 4 : 2.163389e-07 / 7.352611e-03
PCG: 5 : 1.296551e-07 / 4.406529e-03
PCG: 0 : 1.296555e-07
PCG: 1 : 9.403168e-08 / 7.252423e-01
PCG: 2 : 4.974629e-08 / 3.836804e-01
PCG: 3 : 4.638317e-08 / 3.577415e-01
PCG: 4 : 1.519146e-08 / 1.171679e-01
PCG: 5 : 2.838471e-09 / 2.189240e-02
PCG: 0 : 2.838472e-09
PCG: 1 : 8.089215e-10 / 2.849849e-01
PCG: 2 : 2.132401e-10 / 7.512498e-02
PCG: 3 : 1.739189e-10 / 6.127203e-02
PCG: 4 : 5.545767e-11 / 1.953786e-02
PCG: 5 : 1.263820e-11 / 4.452467e-03

PCG ( VCycle ( S: Scale / C: Scale )  )

Complete solver TOE: 0.019984
3.10072 GFlop/s [3.10072 GFlops/s]

Total time: 0.019984s
Accumulated op time: 0.018785

Reductions: 9.13731%
Blas-1: 3.56785%
Blas-2: 81.295%
Precon Kernels: 0%
MPI Execution: 0%
MPI Wait: 0%
Not covered: 5.9998%

Domain size: 3.05043 MByte
LA size: 7.64263 MByte
MPI size: 0.170403 MByte

H0-Error: 2.746077e-05
H1-Error: 1.613732e-02

Writing DATA to output.data...
Run-Time: 0:00.055 [0:00.055]
0x31d198e880 Error: MemoryPool<CPU> still contains memory chunks on deconstructor call
