NUM-PROCS: 1
Preparing domain...
LVL-MIN: 5 [5]
LVL-MAX: 11 [11]
Creating gates...
Assembling system matrices...
Assembling system filters...
Assembling transfer matrices...
Converting assembled linear system from SparseMatrixCSR, Mem:main to SparseMatrixCSR, Mem:mainand to SparseMatrixCSR, Mem:main...
PCG:  0 : 4.717541e-03
PCG:  1 : 2.041025e-02 / 4.326459e+00
PCG:  2 : 2.394751e-02 / 5.076269e+00
PCG:  3 : 6.825845e-02 / 1.446907e+01
PCG:  4 : 1.343753e-01 / 2.848417e+01
PCG:  5 : 1.471276e-01 / 3.118735e+01
PCG:  6 : 1.586999e-01 / 3.364039e+01
PCG:  7 : 9.512258e-02 / 2.016359e+01
PCG:  8 : 5.675947e-02 / 1.203158e+01
PCG:  9 : 4.996630e-02 / 1.059160e+01
PCG: 10 : 3.928877e-02 / 8.328231e+00
PCG: 11 : 3.020007e-02 / 6.401654e+00
PCG: 12 : 1.352054e-02 / 2.866014e+00
PCG: 13 : 4.854314e-03 / 1.028992e+00
PCG: 14 : 3.156944e-03 / 6.691926e-01
PCG: 15 : 6.258878e-03 / 1.326725e+00
PCG: 16 : 1.518077e-02 / 3.217941e+00
PCG: 17 : 6.111179e-03 / 1.295416e+00
PCG: 18 : 3.473661e-03 / 7.363287e-01
PCG: 19 : 5.296197e-03 / 1.122661e+00
PCG: 20 : 1.925229e-03 / 4.081001e-01
PCG:  0 : 1.931096e-03
PCG:  1 : 2.475886e-03 / 1.282114e+00
PCG:  2 : 1.572447e-03 / 8.142771e-01
PCG:  3 : 9.998700e-04 / 5.177733e-01
PCG:  4 : 1.175786e-03 / 6.088699e-01
PCG:  5 : 1.109958e-03 / 5.747814e-01
PCG:  6 : 1.783335e-03 / 9.234834e-01
PCG:  7 : 1.096023e-03 / 5.675652e-01
PCG:  8 : 1.374337e-03 / 7.116874e-01
PCG:  9 : 8.389918e-04 / 4.344641e-01
PCG: 10 : 9.498947e-04 / 4.918940e-01
PCG: 11 : 7.049566e-04 / 3.650552e-01
PCG: 12 : 5.727576e-04 / 2.965972e-01
PCG: 13 : 2.070668e-04 / 1.072276e-01
PCG: 14 : 1.243856e-04 / 6.441193e-02
PCG: 15 : 1.034017e-04 / 5.354560e-02
PCG: 16 : 1.533712e-04 / 7.942186e-02
PCG: 17 : 7.581116e-05 / 3.925810e-02
PCG: 18 : 4.802539e-05 / 2.486950e-02
PCG: 19 : 3.566387e-05 / 1.846820e-02
PCG: 20 : 1.900271e-05 / 9.840378e-03
PCG:  0 : 1.902798e-05
PCG:  1 : 1.534566e-05 / 8.064789e-01
PCG:  2 : 7.033480e-06 / 3.696388e-01
PCG:  3 : 3.860775e-06 / 2.028999e-01
PCG:  4 : 4.291588e-06 / 2.255409e-01
PCG:  5 : 3.703151e-06 / 1.946161e-01
PCG:  6 : 3.830518e-06 / 2.013098e-01
PCG:  7 : 3.638499e-06 / 1.912184e-01
PCG:  8 : 4.541888e-06 / 2.386952e-01
PCG:  9 : 5.252156e-06 / 2.760228e-01
PCG: 10 : 4.241816e-06 / 2.229252e-01
PCG: 11 : 1.923389e-06 / 1.010822e-01
PCG: 12 : 1.477650e-06 / 7.765671e-02
PCG: 13 : 1.426797e-06 / 7.498415e-02
PCG: 14 : 1.983945e-06 / 1.042646e-01
PCG: 15 : 1.415993e-06 / 7.441635e-02
PCG: 16 : 8.081044e-07 / 4.246927e-02
PCG: 17 : 4.736466e-07 / 2.489211e-02
PCG: 18 : 7.040113e-07 / 3.699874e-02
PCG: 19 : 4.627196e-07 / 2.431785e-02
PCG: 20 : 3.599289e-07 / 1.891577e-02
PCG:  0 : 3.599404e-07
PCG:  1 : 2.561514e-07 / 7.116494e-01
PCG:  2 : 2.542653e-07 / 7.064094e-01
PCG:  3 : 1.973723e-07 / 5.483471e-01
PCG:  4 : 2.203508e-07 / 6.121868e-01
PCG:  5 : 2.288284e-07 / 6.357395e-01
PCG:  6 : 1.360452e-07 / 3.779660e-01
PCG:  7 : 7.243725e-08 / 2.012479e-01
PCG:  8 : 6.411283e-08 / 1.781207e-01
PCG:  9 : 4.524422e-08 / 1.256992e-01
PCG: 10 : 5.190154e-08 / 1.441948e-01
PCG: 11 : 4.370117e-08 / 1.214122e-01
PCG: 12 : 3.929694e-08 / 1.091762e-01
PCG: 13 : 2.777417e-08 / 7.716323e-02
PCG: 14 : 1.856876e-08 / 5.158842e-02
PCG: 15 : 1.291148e-08 / 3.587117e-02
PCG: 16 : 1.427427e-08 / 3.965731e-02
PCG: 17 : 1.252454e-08 / 3.479613e-02
PCG: 18 : 1.665152e-08 / 4.626187e-02
PCG: 19 : 1.588215e-08 / 4.412439e-02
PCG: 20 : 1.541650e-08 / 4.283071e-02
PCG:  0 : 1.541669e-08
PCG:  1 : 1.171677e-08 / 7.600055e-01
PCG:  2 : 8.571824e-09 / 5.560095e-01
PCG:  3 : 5.216317e-09 / 3.383552e-01
PCG:  4 : 4.886400e-09 / 3.169553e-01
PCG:  5 : 3.787022e-09 / 2.456443e-01
PCG:  6 : 4.108486e-09 / 2.664961e-01
PCG:  7 : 4.370979e-09 / 2.835226e-01
PCG:  8 : 4.716055e-09 / 3.059059e-01
PCG:  9 : 4.326239e-09 / 2.806206e-01
PCG: 10 : 4.216844e-09 / 2.735246e-01
PCG: 11 : 2.350002e-09 / 1.524324e-01
PCG: 12 : 2.369659e-09 / 1.537074e-01
PCG: 13 : 1.883484e-09 / 1.221718e-01
PCG: 14 : 1.959485e-09 / 1.271015e-01
PCG: 15 : 1.644736e-09 / 1.066854e-01
PCG: 16 : 1.288521e-09 / 8.357961e-02
PCG: 17 : 1.015029e-09 / 6.583966e-02
PCG: 18 : 9.031798e-10 / 5.858456e-02
PCG: 19 : 4.307836e-10 / 2.794268e-02
PCG: 20 : 3.628403e-10 / 2.353556e-02

PCG ( VCycle ( S: Scale / C: Scale )  )

Complete solver TOE: 30.5779
1.9637 GFlop/s [1.9637 GFlops/s]

Total time: 30.5779s
Accumulated op time: 29.692

Reductions: 5.67088%
Blas-1: 6.51729%
Blas-2: 84.9149%
Precon Kernels: 0%
MPI Execution: 0%
MPI Wait: 0%
Not covered: 2.89692%

Domain size: 768.822 MByte
LA size: 1931.82 MByte
MPI size: 42.7262 MByte

H0-Error: 1.074094e-07
H1-Error: 1.008605e-03

Writing DATA to output.data...
Run-Time: 0:39.737 [0:39.737]
0x31d198e880 Error: MemoryPool<CPU> still contains memory chunks on deconstructor call
