NUM-PROCS: 1
Preparing domain...
LVL-MIN: 1 [1]
LVL-MAX: 11 [11]
Creating gates...
Assembling system matrices...
Assembling system filters...
Assembling transfer matrices...
Converting assembled linear system from SparseMatrixCSR, Mem:main to SparseMatrixELL, Mem:cudaand to SparseMatrixELL, Mem:cuda...
PCG: 0 : 4.737108e-03
PCG: 1 : 1.911304e-03 / 4.034749e-01
PCG: 2 : 7.853808e-04 / 1.657933e-01
PCG: 3 : 2.932708e-04 / 6.190925e-02
PCG: 4 : 8.757182e-05 / 1.848635e-02
PCG: 5 : 1.430845e-05 / 3.020502e-03
PCG: 6 : 1.243105e-06 / 2.624185e-04
PCG: 0 : 1.830163e-04
PCG: 1 : 5.249324e-05 / 2.868228e-01
PCG: 2 : 6.257942e-06 / 3.419336e-02
PCG: 3 : 1.376427e-06 / 7.520791e-03
PCG: 4 : 2.142873e-07 / 1.170864e-03
PCG: 5 : 2.255782e-08 / 1.232558e-04
PCG: 6 : 2.683553e-09 / 1.466292e-05
PCG: 0 : 3.247786e-07
PCG: 1 : 9.681031e-08 / 2.980810e-01
PCG: 2 : 1.332961e-08 / 4.104214e-02
PCG: 3 : 2.896407e-09 / 8.918097e-03
PCG: 4 : 6.465867e-10 / 1.990854e-03
PCG: 5 : 9.369297e-11 / 2.884826e-04
PCG: 6 : 9.056122e-12 / 2.788399e-05
PCG: 0 : 1.164662e-09
PCG: 1 : 3.624787e-10 / 3.112307e-01
PCG: 2 : 5.161535e-11 / 4.431787e-02
PCG: 3 : 9.871442e-12 / 8.475798e-03
PCG: 4 : 1.466172e-12 / 1.258882e-03
PCG: 5 : 1.655531e-13 / 1.421468e-04
PCG: 6 : 1.935541e-14 / 1.661890e-05

PCG ( VCycle ( S: Scale / C: Scale )  )

Complete solver TOE: 0.883315
16.9659 GFlop/s [16.9659 GFlops/s]

Total time: 0.883315s
Accumulated op time: 0.401899

Reductions: 44.9398%
Blas-1: 0.295931%
Blas-2: 0.263213%
Precon Kernels: 0%
MPI Execution: 0%
MPI Wait: 0%
Not covered: 54.5011%

Domain size: 768.875 MByte
LA size: 1932.17 MByte
MPI size: 42.7294 MByte

H0-Error: 1.073102e-07
H1-Error: 1.008605e-03

Writing DATA to output.data...
Run-Time: 0:11.705 [0:11.705]
0x31d198e880 Error: MemoryPool<CUDA> still contains memory chunks on deconstructor call
