NUM-PROCS: 1
Preparing domain...
LVL-MIN: 3 [3]
LVL-MAX: 7 [7]
Creating gates...
Assembling system matrices...
Assembling system filters...
Assembling transfer matrices...
Converting assembled linear system from SparseMatrixCSR, Mem:main to SparseMatrixELL, Mem:cudaand to SparseMatrixELL, Mem:cuda...
PCG: 0 : 7.572471e-02
PCG: 1 : 7.534431e-02 / 9.949765e-01
PCG: 2 : 7.357041e-02 / 9.715508e-01
PCG: 3 : 4.669935e-02 / 6.166990e-01
PCG: 4 : 5.320007e-03 / 7.025456e-02
PCG: 5 : 5.762404e-04 / 7.609674e-03
PCG: 0 : 4.360758e-03
PCG: 1 : 7.288579e-04 / 1.671402e-01
PCG: 2 : 1.116488e-03 / 2.560308e-01
PCG: 3 : 4.887242e-04 / 1.120732e-01
PCG: 4 : 1.562737e-04 / 3.583637e-02
PCG: 5 : 2.944453e-05 / 6.752159e-03
PCG: 0 : 2.944443e-05
PCG: 1 : 6.899952e-06 / 2.343381e-01
PCG: 2 : 8.903834e-07 / 3.023945e-02
PCG: 3 : 3.433973e-07 / 1.166255e-02
PCG: 4 : 2.167392e-07 / 7.360955e-03
PCG: 5 : 1.285333e-07 / 4.365284e-03
PCG: 0 : 1.285333e-07
PCG: 1 : 9.422657e-08 / 7.330905e-01
PCG: 2 : 5.033054e-08 / 3.915757e-01
PCG: 3 : 4.627829e-08 / 3.600489e-01
PCG: 4 : 1.508421e-08 / 1.173564e-01
PCG: 5 : 3.033499e-09 / 2.360087e-02
PCG: 0 : 3.033502e-09
PCG: 1 : 1.286476e-09 / 4.240892e-01
PCG: 2 : 5.537284e-10 / 1.825377e-01
PCG: 3 : 2.219986e-10 / 7.318228e-02
PCG: 4 : 6.038910e-11 / 1.990739e-02
PCG: 5 : 2.825724e-11 / 9.315057e-03

PCG ( VCycle ( S: Scale / C: Scale )  )

Complete solver TOE: 0.594541
0.104223 GFlop/s [0.104223 GFlops/s]

Total time: 0.594541s
Accumulated op time: 0.049437

Reductions: 3.32256%
Blas-1: 2.63952%
Blas-2: 2.35308%
Precon Kernels: 0%
MPI Execution: 0%
MPI Wait: 0%
Not covered: 91.6848%

Domain size: 1.6994 MByte
LA size: 5.63599 MByte
MPI size: 0.170364 MByte

H0-Error: 2.746076e-05
H1-Error: 1.613732e-02

Writing DATA to output.data...
Run-Time: 0:00.808 [0:00.808]
0xb33039f8 Error: MemoryPool<CUDA> still contains memory chunks on deconstructor call
