NUM-PROCS: 1
Preparing domain...
LVL-MIN: 3 [3]
LVL-MAX: 8 [8]
Creating gates...
Assembling system matrices...
Assembling system filters...
Assembling transfer matrices...
Converting assembled linear system from SparseMatrixCSR, Mem:main to SparseMatrixCSR, Mem:mainand to SparseMatrixCSR, Mem:main...
PCG: 0 : 3.788143e-02
PCG: 1 : 3.863643e-02 / 1.019930e+00
PCG: 2 : 4.165871e-02 / 1.099713e+00
PCG: 3 : 2.963617e-02 / 7.823403e-01
PCG: 4 : 5.199787e-03 / 1.372648e-01
PCG: 5 : 5.306142e-04 / 1.400724e-02
PCG: 6 : 9.290712e-05 / 2.452577e-03
PCG: 7 : 2.191367e-05 / 5.784804e-04
PCG: 8 : 2.776712e-06 / 7.330009e-05
PCG: 9 : 2.578605e-07 / 6.807042e-06
PCG: 0 : 1.544112e-03
PCG: 1 : 1.677050e-04 / 1.086094e-01
PCG: 2 : 2.444692e-04 / 1.583235e-01
PCG: 3 : 9.682948e-05 / 6.270885e-02
PCG: 4 : 4.257691e-05 / 2.757372e-02
PCG: 5 : 8.139674e-06 / 5.271428e-03
PCG: 6 : 7.892996e-07 / 5.111675e-04
PCG: 7 : 1.198198e-07 / 7.759789e-05
PCG: 8 : 4.349893e-08 / 2.817085e-05
PCG: 9 : 3.041102e-08 / 1.969483e-05
PCG: 0 : 3.088718e-08
PCG: 1 : 1.124747e-08 / 3.641470e-01
PCG: 2 : 5.506908e-09 / 1.782911e-01
PCG: 3 : 2.417052e-09 / 7.825422e-02
PCG: 4 : 6.860698e-10 / 2.221213e-02
PCG: 5 : 1.159472e-09 / 3.753893e-02
PCG: 6 : 3.333089e-10 / 1.079117e-02
PCG: 7 : 5.501042e-11 / 1.781012e-03
PCG: 8 : 2.949881e-11 / 9.550505e-04
PCG: 9 : 6.115848e-12 / 1.980061e-04

PCG ( VCycle ( S: Scale / C: Scale )  )

Complete solver TOE: 0.096501
2.68828 GFlop/s [2.68828 GFlops/s]

Total time: 0.096501s
Accumulated op time: 0.091935

Reductions: 7.67764%
Blas-1: 4.87871%
Blas-2: 82.7121%
Precon Kernels: 0%
MPI Execution: 0%
MPI Wait: 0%
Not covered: 4.73156%

Domain size: 12.1052 MByte
LA size: 30.3707 MByte
MPI size: 0.674332 MByte

H0-Error: 6.865388e-06
H1-Error: 8.068795e-03

Writing DATA to output.data...
Run-Time: 0:00.235 [0:00.235]
0x31d198e880 Error: MemoryPool<CPU> still contains memory chunks on deconstructor call
