NUM-PROCS: 1
Preparing domain...
LVL-MIN: 3 [3]
LVL-MAX: 5 [5]
Creating gates...
Assembling system matrices...
Assembling system filters...
Assembling transfer matrices...
Converting assembled linear system from SparseMatrixCSR, Mem:main to SparseMatrixCSR, Mem:mainand to SparseMatrixCSR, Mem:main...
PCG: 0 : 3.015408e-01
PCG: 1 : 2.796062e-01 / 9.272584e-01
PCG: 2 : 1.970735e-01 / 6.535552e-01
PCG: 3 : 8.407201e-02 / 2.788081e-01
PCG: 4 : 5.429187e-03 / 1.800482e-02
PCG: 5 : 8.713086e-04 / 2.889522e-03
PCG: 0 : 3.797408e-02
PCG: 1 : 1.365159e-02 / 3.594976e-01
PCG: 2 : 1.258615e-02 / 3.314406e-01
PCG: 3 : 1.221726e-02 / 3.217264e-01
PCG: 4 : 1.650575e-03 / 4.346584e-02
PCG: 5 : 2.826094e-04 / 7.442165e-03
PCG: 0 : 2.826078e-04
PCG: 1 : 4.022264e-05 / 1.423267e-01
PCG: 2 : 5.279161e-06 / 1.868017e-02
PCG: 3 : 1.640979e-06 / 5.806560e-03
PCG: 4 : 4.866068e-07 / 1.721845e-03
PCG: 5 : 4.147577e-07 / 1.467609e-03
PCG: 0 : 4.147625e-07
PCG: 1 : 3.093972e-07 / 7.459623e-01
PCG: 2 : 2.111364e-07 / 5.090537e-01
PCG: 3 : 1.538119e-07 / 3.708433e-01
PCG: 4 : 3.494582e-08 / 8.425500e-02
PCG: 5 : 6.239535e-09 / 1.504363e-02

PCG ( VCycle ( S: Scale / C: Scale )  )

Complete solver TOE: 0.004219
0.718335 GFlop/s [0.718335 GFlops/s]

Total time: 0.004219s
Accumulated op time: 0.003148

Reductions: 1.77767%
Blas-1: 6.06779%
Blas-2: 66.7694%
Precon Kernels: 0%
MPI Execution: 0%
MPI Wait: 0%
Not covered: 25.3852%

Domain size: 0.110413 MByte
LA size: 0.359131 MByte
MPI size: 0.0111542 MByte

H0-Error: 4.391240e-04
H1-Error: 6.452751e-02

Writing DATA to output.data...
Run-Time: 0:00.033 [0:00.033]
0xb331d9f8 Error: MemoryPool<CPU> still contains memory chunks on deconstructor call
