NUM-PROCS: 1
Preparing domain...
LVL-MIN: 2 [2]
LVL-MAX: 5 [5]
Creating gates...
Assembling system matrices...
Assembling system filters...
Assembling transfer matrices...
Converting assembled linear system from SparseMatrixCSR, Mem:main to SparseMatrixELL, Mem:cudaand to SparseMatrixELL, Mem:cuda...
PCG: 0 : 3.015408e-01
PCG: 1 : 1.296712e-01 / 4.300287e-01
PCG: 2 : 5.319667e-02 / 1.764162e-01
PCG: 3 : 6.768761e-03 / 2.244725e-02
PCG: 4 : 6.351029e-04 / 2.106193e-03
PCG: 5 : 8.173711e-05 / 2.710649e-04
PCG: 6 : 1.757964e-06 / 5.829940e-06
PCG: 7 : 2.571855e-07 / 8.529046e-07
PCG: 8 : 3.059535e-08 / 1.014634e-07
PCG: 9 : 3.103479e-09 / 1.029207e-08
PCG: 0 : 3.763023e-02
PCG: 1 : 7.681083e-03 / 2.041200e-01
PCG: 2 : 4.607792e-03 / 1.224492e-01
PCG: 3 : 4.858086e-04 / 1.291006e-02
PCG: 4 : 4.537991e-05 / 1.205943e-03
PCG: 5 : 4.805854e-06 / 1.277126e-04
PCG: 6 : 2.565493e-07 / 6.817638e-06
PCG: 7 : 6.190210e-08 / 1.645010e-06
PCG: 8 : 3.955352e-09 / 1.051110e-07
PCG: 9 : 4.418466e-10 / 1.174180e-08
PCG: 0 : 4.313290e-08
PCG: 1 : 2.433988e-08 / 5.642998e-01
PCG: 2 : 1.194541e-08 / 2.769443e-01
PCG: 3 : 1.623260e-09 / 3.763391e-02
PCG: 4 : 2.133066e-10 / 4.945335e-03
PCG: 5 : 4.275975e-11 / 9.913490e-04
PCG: 6 : 4.698483e-12 / 1.089304e-04
PCG: 7 : 7.457745e-13 / 1.729016e-05
PCG: 8 : 6.734779e-14 / 1.561402e-06
PCG: 9 : 6.171015e-15 / 1.430698e-07
PCG: 0 : 1.390422e-13
PCG: 1 : 1.354531e-14 / 9.741870e-02
PCG: 2 : 2.773636e-15 / 1.994816e-02
PCG: 3 : 1.554471e-15 / 1.117985e-02
PCG: 4 : 2.840652e-16 / 2.043014e-03
PCG: 5 : 4.893710e-17 / 3.519586e-04
PCG: 6 : 8.830736e-18 / 6.351120e-05
PCG: 7 : 1.122933e-18 / 8.076204e-06
PCG: 8 : 1.270077e-19 / 9.134473e-07
PCG: 9 : 1.331717e-20 / 9.577789e-08

PCG ( VCycle ( S: Scale / C: Scale )  )

Complete solver TOE: 0.025717
0.213855 GFlop/s [0.213855 GFlops/s]

Total time: 0.025717s
Accumulated op time: 0.011765

Reductions: 36.7772%
Blas-1: 4.60007%
Blas-2: 4.37065%
Precon Kernels: 0%
MPI Execution: 0%
MPI Wait: 0%
Not covered: 54.2521%

Domain size: 0.19989 MByte
LA size: 0.5047 MByte
MPI size: 0.0113831 MByte

H0-Error: 4.391240e-04
H1-Error: 6.452751e-02

Writing DATA to output.data...
Run-Time: 0:00.080 [0:00.080]
0x31d198e880 Error: MemoryPool<CUDA> still contains memory chunks on deconstructor call
