NUM-PROCS: 1
Preparing domain...
LVL-MIN: 5 [5]
LVL-MAX: 9 [9]
Creating gates...
Assembling system matrices...
Assembling system filters...
Assembling transfer matrices...
Converting assembled linear system from SparseMatrixCSR, Mem:main to SparseMatrixCSR, Mem:mainand to SparseMatrixCSR, Mem:main...
PCG:  0 : 1.894412e-02
PCG:  1 : 7.935902e-02 / 4.189110e+00
PCG:  2 : 8.003376e-02 / 4.224727e+00
PCG:  3 : 1.997077e-01 / 1.054193e+01
PCG:  4 : 2.650079e-01 / 1.398893e+01
PCG:  5 : 1.697526e-01 / 8.960698e+00
PCG:  6 : 1.549417e-01 / 8.178878e+00
PCG:  7 : 1.151660e-01 / 6.079247e+00
PCG:  8 : 9.996875e-02 / 5.277032e+00
PCG:  9 : 8.459570e-02 / 4.465538e+00
PCG: 10 : 3.799222e-02 / 2.005489e+00
PCG: 11 : 2.065104e-02 / 1.090103e+00
PCG: 12 : 1.273373e-02 / 6.721733e-01
PCG:  0 : 1.289473e-02
PCG:  1 : 7.929718e-03 / 6.149578e-01
PCG:  2 : 4.109601e-03 / 3.187038e-01
PCG:  3 : 2.534635e-03 / 1.965635e-01
PCG:  4 : 1.583135e-03 / 1.227737e-01
PCG:  5 : 1.174554e-03 / 9.108792e-02
PCG:  6 : 1.040900e-03 / 8.072288e-02
PCG:  7 : 4.693478e-04 / 3.639841e-02
PCG:  8 : 2.543823e-04 / 1.972761e-02
PCG:  9 : 1.650781e-04 / 1.280198e-02
PCG: 10 : 1.765343e-04 / 1.369042e-02
PCG: 11 : 1.712587e-04 / 1.328129e-02
PCG: 12 : 1.059912e-04 / 8.219724e-03
PCG:  0 : 1.059918e-04
PCG:  1 : 7.942953e-05 / 7.493934e-01
PCG:  2 : 7.421615e-05 / 7.002068e-01
PCG:  3 : 6.628875e-05 / 6.254142e-01
PCG:  4 : 4.786899e-05 / 4.516293e-01
PCG:  5 : 4.665122e-05 / 4.401401e-01
PCG:  6 : 7.686187e-05 / 7.251683e-01
PCG:  7 : 8.174634e-05 / 7.712519e-01
PCG:  8 : 6.768395e-05 / 6.385775e-01
PCG:  9 : 5.003780e-05 / 4.720914e-01
PCG: 10 : 5.447902e-05 / 5.139930e-01
PCG: 11 : 3.616530e-05 / 3.412085e-01
PCG: 12 : 3.324721e-05 / 3.136773e-01
PCG:  0 : 3.324714e-05
PCG:  1 : 1.904228e-05 / 5.727496e-01
PCG:  2 : 2.071174e-05 / 6.229631e-01
PCG:  3 : 1.711969e-05 / 5.149221e-01
PCG:  4 : 1.193452e-05 / 3.589637e-01
PCG:  5 : 9.354104e-06 / 2.813506e-01
PCG:  6 : 8.678246e-06 / 2.610223e-01
PCG:  7 : 3.414060e-06 / 1.026873e-01
PCG:  8 : 2.704167e-06 / 8.133533e-02
PCG:  9 : 3.491392e-06 / 1.050133e-01
PCG: 10 : 3.624428e-06 / 1.090147e-01
PCG: 11 : 2.977060e-06 / 8.954334e-02
PCG: 12 : 2.645565e-06 / 7.957272e-02
PCG:  0 : 2.645569e-06
PCG:  1 : 2.359912e-06 / 8.920243e-01
PCG:  2 : 2.803449e-06 / 1.059677e+00
PCG:  3 : 1.968766e-06 / 7.441747e-01
PCG:  4 : 1.360418e-06 / 5.142249e-01
PCG:  5 : 1.845704e-06 / 6.976584e-01
PCG:  6 : 2.717922e-06 / 1.027349e+00
PCG:  7 : 2.328208e-06 / 8.800404e-01
PCG:  8 : 2.046830e-06 / 7.736824e-01
PCG:  9 : 1.556345e-06 / 5.882835e-01
PCG: 10 : 1.567960e-06 / 5.926740e-01
PCG: 11 : 1.207884e-06 / 4.565688e-01
PCG: 12 : 1.132099e-06 / 4.279225e-01
PCG:  0 : 1.132098e-06
PCG:  1 : 7.272814e-07 / 6.424192e-01
PCG:  2 : 6.822572e-07 / 6.026486e-01
PCG:  3 : 4.451907e-07 / 3.932440e-01
PCG:  4 : 3.758297e-07 / 3.319764e-01
PCG:  5 : 3.463121e-07 / 3.059030e-01
PCG:  6 : 2.973759e-07 / 2.626769e-01
PCG:  7 : 1.339394e-07 / 1.183108e-01
PCG:  8 : 1.061837e-07 / 9.379379e-02
PCG:  9 : 1.035583e-07 / 9.147473e-02
PCG: 10 : 1.177690e-07 / 1.040273e-01
PCG: 11 : 1.119242e-07 / 9.886442e-02
PCG: 12 : 8.826709e-08 / 7.796772e-02

PCG ( VCycle ( S: Scale / C: Scale )  )

Complete solver TOE: 1.07204
2.54616 GFlop/s [2.54616 GFlops/s]

Total time: 1.07204s
Accumulated op time: 1.03244

Reductions: 7.25315%
Blas-1: 5.6229%
Blas-2: 83.4297%
Precon Kernels: 0%
MPI Execution: 0%
MPI Wait: 0%
Not covered: 3.69425%

Domain size: 48.1654 MByte
LA size: 120.741 MByte
MPI size: 2.67931 MByte

H0-Error: 1.805232e-06
H1-Error: 4.034414e-03

Writing DATA to output.data...
Run-Time: 0:01.636 [0:01.636]
0x31d198e880 Error: MemoryPool<CPU> still contains memory chunks on deconstructor call
