NUM-PROCS: 1
Preparing domain...
LVL-MIN: 5 [5]
LVL-MAX: 7 [7]
Creating gates...
Assembling system matrices...
Assembling system filters...
Assembling transfer matrices...
Converting assembled linear system from SparseMatrixCSR, Mem:main to SparseMatrixCSR, Mem:mainand to SparseMatrixCSR, Mem:main...
PCG: 0 : 7.572460e-02
PCG: 1 : 2.892973e-01 / 3.820387e+00
PCG: 2 : 2.174525e-01 / 2.871623e+00
PCG: 3 : 3.691229e-01 / 4.874544e+00
PCG: 4 : 3.153107e-01 / 4.163913e+00
PCG: 5 : 1.886812e-01 / 2.491676e+00
PCG: 6 : 2.114757e-01 / 2.792695e+00
PCG: 7 : 1.822091e-01 / 2.406208e+00
PCG: 8 : 1.046488e-01 / 1.381965e+00
PCG: 0 : 1.034812e-01
PCG: 1 : 7.322458e-02 / 7.076123e-01
PCG: 2 : 5.467311e-02 / 5.283385e-01
PCG: 3 : 4.445491e-02 / 4.295940e-01
PCG: 4 : 3.182089e-02 / 3.075040e-01
PCG: 5 : 2.142852e-02 / 2.070764e-01
PCG: 6 : 1.343903e-02 / 1.298693e-01
PCG: 7 : 1.155656e-02 / 1.116779e-01
PCG: 8 : 1.141754e-02 / 1.103344e-01
PCG: 0 : 1.141754e-02
PCG: 1 : 3.629058e-03 / 3.178492e-01
PCG: 2 : 3.106887e-03 / 2.721152e-01
PCG: 3 : 4.506394e-03 / 3.946903e-01
PCG: 4 : 5.439908e-03 / 4.764516e-01
PCG: 5 : 7.862149e-03 / 6.886024e-01
PCG: 6 : 5.510940e-03 / 4.826730e-01
PCG: 7 : 3.344317e-03 / 2.929103e-01
PCG: 8 : 2.055279e-03 / 1.800106e-01
PCG: 0 : 2.055277e-03
PCG: 1 : 1.945854e-03 / 9.467599e-01
PCG: 2 : 1.724810e-03 / 8.392107e-01
PCG: 3 : 1.144082e-03 / 5.566560e-01
PCG: 4 : 5.702004e-04 / 2.774324e-01
PCG: 5 : 4.633720e-04 / 2.254548e-01
PCG: 6 : 3.248499e-04 / 1.580565e-01
PCG: 7 : 2.508856e-04 / 1.220690e-01
PCG: 8 : 2.607423e-04 / 1.268648e-01
PCG: 0 : 2.607424e-04
PCG: 1 : 1.708565e-04 / 6.552696e-01
PCG: 2 : 2.655080e-04 / 1.018277e+00
PCG: 3 : 2.312524e-04 / 8.869001e-01
PCG: 4 : 2.586018e-04 / 9.917904e-01
PCG: 5 : 3.076268e-04 / 1.179812e+00
PCG: 6 : 3.413526e-04 / 1.309157e+00
PCG: 7 : 1.678112e-04 / 6.435901e-01
PCG: 8 : 1.243220e-04 / 4.768002e-01
PCG: 0 : 1.243220e-04
PCG: 1 : 1.074452e-04 / 8.642496e-01
PCG: 2 : 1.212994e-04 / 9.756874e-01
PCG: 3 : 6.784428e-05 / 5.457143e-01
PCG: 4 : 3.575187e-05 / 2.875748e-01
PCG: 5 : 2.303194e-05 / 1.852604e-01
PCG: 6 : 2.461168e-05 / 1.979672e-01
PCG: 7 : 1.401636e-05 / 1.127424e-01
PCG: 8 : 1.736680e-05 / 1.396921e-01
PCG: 0 : 1.736680e-05
PCG: 1 : 1.241136e-05 / 7.146603e-01
PCG: 2 : 1.879934e-05 / 1.082487e+00
PCG: 3 : 1.667714e-05 / 9.602886e-01
PCG: 4 : 1.937485e-05 / 1.115626e+00
PCG: 5 : 2.160952e-05 / 1.244301e+00
PCG: 6 : 2.363079e-05 / 1.360687e+00
PCG: 7 : 1.192146e-05 / 6.864511e-01
PCG: 8 : 9.692939e-06 / 5.581303e-01
PCG: 0 : 9.692942e-06
PCG: 1 : 8.125397e-06 / 8.382798e-01
PCG: 2 : 8.900519e-06 / 9.182475e-01
PCG: 3 : 5.001918e-06 / 5.160372e-01
PCG: 4 : 2.883555e-06 / 2.974902e-01
PCG: 5 : 1.902368e-06 / 1.962633e-01
PCG: 6 : 1.932237e-06 / 1.993447e-01
PCG: 7 : 1.175576e-06 / 1.212817e-01
PCG: 8 : 1.540575e-06 / 1.589378e-01
PCG: 0 : 1.540575e-06
PCG: 1 : 1.060989e-06 / 6.886966e-01
PCG: 2 : 1.413673e-06 / 9.176267e-01
PCG: 3 : 1.249661e-06 / 8.111655e-01
PCG: 4 : 1.598879e-06 / 1.037846e+00
PCG: 5 : 1.825066e-06 / 1.184665e+00
PCG: 6 : 1.736873e-06 / 1.127419e+00
PCG: 7 : 1.032056e-06 / 6.699160e-01
PCG: 8 : 1.039293e-06 / 6.746135e-01
PCG: 0 : 1.039292e-06
PCG: 1 : 7.898407e-07 / 7.599795e-01
PCG: 2 : 7.563488e-07 / 7.277538e-01
PCG: 3 : 5.017822e-07 / 4.828115e-01
PCG: 4 : 3.720316e-07 / 3.579663e-01
PCG: 5 : 2.408835e-07 / 2.317765e-01
PCG: 6 : 2.163931e-07 / 2.082120e-01
PCG: 7 : 1.665729e-07 / 1.602753e-01
PCG: 8 : 2.264864e-07 / 2.179237e-01
PCG: 0 : 2.264862e-07
PCG: 1 : 1.476740e-07 / 6.520218e-01
PCG: 2 : 1.494934e-07 / 6.600551e-01
PCG: 3 : 1.466423e-07 / 6.474668e-01
PCG: 4 : 2.044328e-07 / 9.026280e-01
PCG: 5 : 1.949360e-07 / 8.606970e-01
PCG: 6 : 1.923050e-07 / 8.490804e-01
PCG: 7 : 1.549553e-07 / 6.841708e-01
PCG: 8 : 1.562159e-07 / 6.897371e-01
PCG: 0 : 1.562159e-07
PCG: 1 : 1.129718e-07 / 7.231773e-01
PCG: 2 : 9.462228e-08 / 6.057148e-01
PCG: 3 : 6.828308e-08 / 4.371071e-01
PCG: 4 : 5.369151e-08 / 3.437007e-01
PCG: 5 : 3.210831e-08 / 2.055380e-01
PCG: 6 : 2.961740e-08 / 1.895928e-01
PCG: 7 : 2.694843e-08 / 1.725076e-01
PCG: 8 : 3.665096e-08 / 2.346174e-01
PCG: 0 : 3.665096e-08
PCG: 1 : 2.403266e-08 / 6.557171e-01
PCG: 2 : 2.363863e-08 / 6.449661e-01
PCG: 3 : 2.311576e-08 / 6.307001e-01
PCG: 4 : 3.208486e-08 / 8.754167e-01
PCG: 5 : 3.053584e-08 / 8.331525e-01
PCG: 6 : 3.040882e-08 / 8.296870e-01
PCG: 7 : 2.532855e-08 / 6.910747e-01
PCG: 8 : 2.542999e-08 / 6.938425e-01
PCG: 0 : 2.542999e-08
PCG: 1 : 1.833495e-08 / 7.209973e-01
PCG: 2 : 1.515861e-08 / 5.960920e-01
PCG: 3 : 1.090034e-08 / 4.286411e-01
PCG: 4 : 8.465494e-09 / 3.328941e-01
PCG: 5 : 5.116578e-09 / 2.012025e-01
PCG: 6 : 4.689713e-09 / 1.844166e-01
PCG: 7 : 4.328736e-09 / 1.702217e-01
PCG: 8 : 5.986106e-09 / 2.353955e-01
PCG: 0 : 5.986106e-09
PCG: 1 : 3.911720e-09 / 6.534666e-01
PCG: 2 : 3.825462e-09 / 6.390568e-01
PCG: 3 : 3.755383e-09 / 6.273499e-01
PCG: 4 : 5.185680e-09 / 8.662860e-01
PCG: 5 : 4.959779e-09 / 8.285485e-01
PCG: 6 : 4.916818e-09 / 8.213717e-01
PCG: 7 : 4.122196e-09 / 6.886273e-01
PCG: 8 : 4.150940e-09 / 6.934291e-01
PCG: 0 : 4.150938e-09
PCG: 1 : 2.985618e-09 / 7.192636e-01
PCG: 2 : 2.454541e-09 / 5.913221e-01
PCG: 3 : 1.772320e-09 / 4.269687e-01
PCG: 4 : 1.368707e-09 / 3.297343e-01
PCG: 5 : 8.329730e-10 / 2.006710e-01
PCG: 6 : 7.588482e-10 / 1.828137e-01
PCG: 7 : 7.028036e-10 / 1.693120e-01
PCG: 8 : 9.785626e-10 / 2.357449e-01
PCG: 0 : 9.785639e-10
PCG: 1 : 6.358945e-10 / 6.498242e-01
PCG: 2 : 6.196143e-10 / 6.331874e-01
PCG: 3 : 6.112952e-10 / 6.246861e-01
PCG: 4 : 8.411571e-10 / 8.595833e-01
PCG: 5 : 8.068747e-10 / 8.245498e-01
PCG: 6 : 7.963639e-10 / 8.138088e-01
PCG: 7 : 6.704574e-10 / 6.851442e-01
PCG: 8 : 6.781627e-10 / 6.930183e-01

PCG ( VCycle ( S: Scale / C: Scale )  )

Complete solver TOE: 0.097647
3.21762 GFlop/s [3.21762 GFlops/s]

Total time: 0.097647s
Accumulated op time: 0.093043

Reductions: 9.72995%
Blas-1: 3.60687%
Blas-2: 81.9482%
Precon Kernels: 0%
MPI Execution: 0%
MPI Wait: 0%
Not covered: 4.71494%

Domain size: 3.00121 MByte
LA size: 7.32276 MByte
MPI size: 0.167549 MByte

H0-Error: 2.746093e-05
H1-Error: 1.613732e-02

Writing DATA to output.data...
Run-Time: 0:00.132 [0:00.132]
0x31d198e880 Error: MemoryPool<CPU> still contains memory chunks on deconstructor call
