NUM-PROCS: 1
Preparing domain...
LVL-MIN: 5 [5]
LVL-MAX: 10 [10]
Creating gates...
Assembling system matrices...
Assembling system filters...
Assembling transfer matrices...
Converting assembled linear system from SparseMatrixCSR, Mem:main to SparseMatrixCSR, Mem:mainand to SparseMatrixCSR, Mem:main...
PCG: 0 : 9.473041e-03
PCG: 1 : 4.063083e-02 / 4.289102e+00
PCG: 2 : 4.513056e-02 / 4.764105e+00
PCG: 3 : 1.234024e-01 / 1.302669e+01
PCG: 0 : 1.233915e-01
PCG: 1 : 1.415367e-01 / 1.147054e+00
PCG: 2 : 1.682647e-01 / 1.363665e+00
PCG: 3 : 1.992809e-01 / 1.615029e+00
PCG: 0 : 1.992809e-01
PCG: 1 : 1.036601e-01 / 5.201706e-01
PCG: 2 : 6.341974e-02 / 3.182429e-01
PCG: 3 : 4.547487e-02 / 2.281948e-01
PCG: 0 : 4.547486e-02
PCG: 1 : 4.351609e-02 / 9.569262e-01
PCG: 2 : 5.621139e-02 / 1.236098e+00
PCG: 3 : 9.541174e-02 / 2.098120e+00
PCG: 0 : 9.541174e-02
PCG: 1 : 5.228173e-02 / 5.479590e-01
PCG: 2 : 3.596517e-02 / 3.769470e-01
PCG: 3 : 3.123240e-02 / 3.273433e-01
PCG: 0 : 3.123240e-02
PCG: 1 : 2.852187e-02 / 9.132143e-01
PCG: 2 : 3.665202e-02 / 1.173526e+00
PCG: 3 : 6.586605e-02 / 2.108901e+00
PCG: 0 : 6.586605e-02
PCG: 1 : 3.789403e-02 / 5.753196e-01
PCG: 2 : 2.858307e-02 / 4.339576e-01
PCG: 3 : 2.672998e-02 / 4.058234e-01
PCG: 0 : 2.672999e-02
PCG: 1 : 2.355557e-02 / 8.812414e-01
PCG: 2 : 2.817958e-02 / 1.054231e+00
PCG: 3 : 4.901750e-02 / 1.833802e+00
PCG: 0 : 4.901752e-02
PCG: 1 : 2.904373e-02 / 5.925174e-01
PCG: 2 : 2.365046e-02 / 4.824900e-01
PCG: 3 : 2.311385e-02 / 4.715427e-01
PCG: 0 : 2.311384e-02
PCG: 1 : 1.995507e-02 / 8.633386e-01
PCG: 2 : 2.207639e-02 / 9.551156e-01
PCG: 3 : 3.693309e-02 / 1.597878e+00
PCG: 0 : 3.693308e-02
PCG: 1 : 2.228886e-02 / 6.034930e-01
PCG: 2 : 1.939144e-02 / 5.250425e-01
PCG: 3 : 1.956933e-02 / 5.298591e-01
PCG: 0 : 1.956933e-02
PCG: 1 : 1.672149e-02 / 8.544743e-01
PCG: 2 : 1.729118e-02 / 8.835858e-01
PCG: 3 : 2.797250e-02 / 1.429405e+00
PCG: 0 : 2.797250e-02
PCG: 1 : 1.711169e-02 / 6.117328e-01
PCG: 2 : 1.576235e-02 / 5.634944e-01
PCG: 3 : 1.625175e-02 / 5.809903e-01
PCG: 0 : 1.625175e-02
PCG: 1 : 1.383372e-02 / 8.512141e-01
PCG: 2 : 1.354556e-02 / 8.334832e-01
PCG: 3 : 2.127166e-02 / 1.308885e+00
PCG: 0 : 2.127166e-02
PCG: 1 : 1.316765e-02 / 6.190231e-01
PCG: 2 : 1.273522e-02 / 5.986942e-01
PCG: 3 : 1.330146e-02 / 6.253135e-01
PCG: 0 : 1.330146e-02
PCG: 1 : 1.132668e-02 / 8.515362e-01
PCG: 2 : 1.061741e-02 / 7.982138e-01
PCG: 3 : 1.623444e-02 / 1.220500e+00
PCG: 0 : 1.623444e-02
PCG: 1 : 1.016470e-02 / 6.261198e-01
PCG: 2 : 1.025262e-02 / 6.315354e-01
PCG: 3 : 1.077603e-02 / 6.637759e-01
PCG: 0 : 1.077603e-02
PCG: 1 : 9.204159e-03 / 8.541330e-01
PCG: 2 : 8.329144e-03 / 7.729328e-01
PCG: 3 : 1.243268e-02 / 1.153735e+00
PCG: 0 : 1.243268e-02
PCG: 1 : 7.873676e-03 / 6.333049e-01
PCG: 2 : 8.231873e-03 / 6.621158e-01
PCG: 3 : 8.664354e-03 / 6.969017e-01
PCG: 0 : 8.664353e-03
PCG: 1 : 7.439192e-03 / 8.585976e-01
PCG: 2 : 6.542524e-03 / 7.551082e-01
PCG: 3 : 9.551085e-03 / 1.102342e+00
PCG: 0 : 9.551084e-03
PCG: 1 : 6.118510e-03 / 6.406090e-01
PCG: 2 : 6.596559e-03 / 6.906608e-01
PCG: 3 : 6.929895e-03 / 7.255611e-01
PCG: 0 : 6.929895e-03
PCG: 1 : 5.989629e-03 / 8.643174e-01
PCG: 2 : 5.145038e-03 / 7.424411e-01
PCG: 3 : 7.358185e-03 / 1.061803e+00
PCG: 0 : 7.358184e-03
PCG: 1 : 4.768899e-03 / 6.481082e-01
PCG: 2 : 5.278709e-03 / 7.173929e-01
PCG: 3 : 5.520068e-03 / 7.501944e-01
PCG: 0 : 5.520068e-03
PCG: 1 : 4.808634e-03 / 8.711187e-01
PCG: 2 : 4.050087e-03 / 7.337024e-01
PCG: 3 : 5.683738e-03 / 1.029650e+00
PCG: 0 : 5.683736e-03
PCG: 1 : 3.727595e-03 / 6.558354e-01
PCG: 2 : 4.219604e-03 / 7.423997e-01
PCG: 3 : 4.384303e-03 / 7.713768e-01
PCG: 0 : 4.384303e-03
PCG: 1 : 3.853202e-03 / 8.788632e-01
PCG: 2 : 3.190711e-03 / 7.277579e-01
PCG: 3 : 4.399606e-03 / 1.003490e+00
PCG: 0 : 4.399605e-03
PCG: 1 : 2.919734e-03 / 6.636355e-01
PCG: 2 : 3.369233e-03 / 7.658034e-01
PCG: 3 : 3.474593e-03 / 7.897511e-01
PCG: 0 : 3.474593e-03
PCG: 1 : 3.082625e-03 / 8.871901e-01
PCG: 2 : 2.516057e-03 / 7.241299e-01
PCG: 3 : 3.412293e-03 / 9.820698e-01
PCG: 0 : 3.412293e-03
PCG: 1 : 2.291484e-03 / 6.715378e-01
PCG: 2 : 2.688193e-03 / 7.877967e-01
PCG: 3 : 2.749266e-03 / 8.056946e-01
PCG: 0 : 2.749266e-03
PCG: 1 : 2.463295e-03 / 8.959828e-01
PCG: 2 : 1.985231e-03 / 7.220950e-01
PCG: 3 : 2.651196e-03 / 9.643288e-01
PCG: 0 : 2.651196e-03
PCG: 1 : 1.801615e-03 / 6.795481e-01
PCG: 2 : 2.143091e-03 / 8.083488e-01
PCG: 3 : 2.172576e-03 / 8.194703e-01
PCG: 0 : 2.172577e-03
PCG: 1 : 1.966717e-03 / 9.052463e-01
PCG: 2 : 1.566998e-03 / 7.212625e-01
PCG: 3 : 2.062953e-03 / 9.495419e-01
PCG: 0 : 2.062952e-03
PCG: 1 : 1.418233e-03 / 6.874774e-01
PCG: 2 : 1.707273e-03 / 8.275872e-01
PCG: 3 : 1.715353e-03 / 8.315042e-01
PCG: 0 : 1.715354e-03
PCG: 1 : 1.568884e-03 / 9.146128e-01
PCG: 2 : 1.237454e-03 / 7.213990e-01
PCG: 3 : 1.607266e-03 / 9.369884e-01
PCG: 0 : 1.607266e-03
PCG: 1 : 1.117563e-03 / 6.953189e-01
PCG: 2 : 1.359308e-03 / 8.457270e-01
PCG: 3 : 1.353560e-03 / 8.421507e-01
PCG: 0 : 1.353560e-03
PCG: 1 : 1.250848e-03 / 9.241167e-01
PCG: 2 : 9.776051e-04 / 7.222473e-01
PCG: 3 : 1.253893e-03 / 9.263665e-01
PCG: 0 : 1.253893e-03
PCG: 1 : 8.816913e-04 / 7.031633e-01
PCG: 2 : 1.081693e-03 / 8.626676e-01
PCG: 3 : 1.067700e-03 / 8.515086e-01
PCG: 0 : 1.067700e-03
PCG: 1 : 9.967621e-04 / 9.335600e-01
PCG: 2 : 7.724015e-04 / 7.234255e-01
PCG: 3 : 9.792432e-04 / 9.171519e-01
PCG: 0 : 9.792432e-04
PCG: 1 : 6.960393e-04 / 7.107931e-01
PCG: 2 : 8.602367e-04 / 8.784710e-01
PCG: 3 : 8.420068e-04 / 8.598546e-01
PCG: 0 : 8.420069e-04
PCG: 1 : 7.938296e-04 / 9.427827e-01
PCG: 2 : 6.103889e-04 / 7.249214e-01
PCG: 3 : 7.655179e-04 / 9.091587e-01
PCG: 0 : 7.655179e-04
PCG: 1 : 5.496537e-04 / 7.180155e-01
PCG: 2 : 6.838161e-04 / 8.932725e-01
PCG: 3 : 6.639039e-04 / 8.672611e-01
PCG: 0 : 6.639041e-04
PCG: 1 : 6.319627e-04 / 9.518884e-01
PCG: 2 : 4.824731e-04 / 7.267210e-01
PCG: 3 : 5.991088e-04 / 9.024026e-01
PCG: 0 : 5.991088e-04
PCG: 1 : 4.344216e-04 / 7.251132e-01
PCG: 2 : 5.433384e-04 / 9.069111e-01
PCG: 3 : 5.234708e-04 / 8.737492e-01
PCG: 0 : 5.234708e-04
PCG: 1 : 5.029026e-04 / 9.607080e-01
PCG: 2 : 3.813573e-04 / 7.285169e-01
PCG: 3 : 4.693115e-04 / 8.965380e-01
PCG: 0 : 4.693114e-04
PCG: 1 : 3.434348e-04 / 7.317845e-01
PCG: 2 : 4.315099e-04 / 9.194531e-01
PCG: 3 : 4.127350e-04 / 8.794479e-01
PCG: 0 : 4.127350e-04
PCG: 1 : 4.000116e-04 / 9.691728e-01
PCG: 2 : 3.015054e-04 / 7.305059e-01
PCG: 3 : 3.679902e-04 / 8.915896e-01
PCG: 0 : 3.679904e-04
PCG: 1 : 2.715916e-04 / 7.380399e-01
PCG: 2 : 3.426119e-04 / 9.310349e-01
PCG: 3 : 3.254982e-04 / 8.845291e-01
PCG: 0 : 3.254982e-04
PCG: 1 : 3.180236e-04 / 9.770367e-01
PCG: 2 : 2.383793e-04 / 7.323521e-01
PCG: 3 : 2.887474e-04 / 8.870937e-01
PCG: 0 : 2.887474e-04
PCG: 1 : 2.148254e-04 / 7.439907e-01
PCG: 2 : 2.718690e-04 / 9.415462e-01
PCG: 3 : 2.567363e-04 / 8.891382e-01
PCG: 0 : 2.567364e-04
PCG: 1 : 2.527604e-04 / 9.845132e-01
PCG: 2 : 1.884914e-04 / 7.341828e-01
PCG: 3 : 2.267919e-04 / 8.833650e-01
PCG: 0 : 2.267920e-04
PCG: 1 : 1.699767e-04 / 7.494828e-01
PCG: 2 : 2.156757e-04 / 9.509848e-01
PCG: 3 : 2.025450e-04 / 8.930872e-01
PCG: 0 : 2.025450e-04
PCG: 1 : 2.007931e-04 / 9.913505e-01
PCG: 2 : 1.490566e-04 / 7.359185e-01
PCG: 3 : 1.782532e-04 / 8.800669e-01
PCG: 0 : 1.782531e-04
PCG: 1 : 1.344868e-04 / 7.544706e-01
PCG: 2 : 1.710492e-04 / 9.595859e-01
PCG: 3 : 1.598361e-04 / 8.966805e-01
PCG: 0 : 1.598361e-04
PCG: 1 : 1.594538e-04 / 9.976082e-01
PCG: 2 : 1.178836e-04 / 7.375280e-01
PCG: 3 : 1.402165e-04 / 8.772519e-01
PCG: 0 : 1.402166e-04
PCG: 1 : 1.064333e-04 / 7.590634e-01
PCG: 2 : 1.356080e-04 / 9.671323e-01
PCG: 3 : 1.261530e-04 / 8.997010e-01
PCG: 0 : 1.261530e-04
PCG: 1 : 1.265871e-04 / 1.003442e+00
PCG: 2 : 9.323852e-05 / 7.390910e-01
PCG: 3 : 1.103926e-04 / 8.750698e-01
PCG: 0 : 1.103927e-04
PCG: 1 : 8.424687e-05 / 7.631564e-01
PCG: 2 : 1.074770e-04 / 9.735886e-01
PCG: 3 : 9.957543e-05 / 9.020113e-01
PCG: 0 : 9.957541e-05
PCG: 1 : 1.004466e-04 / 1.008749e+00
PCG: 2 : 7.376206e-05 / 7.407658e-01
PCG: 3 : 8.697474e-05 / 8.734560e-01
PCG: 0 : 8.697472e-05
PCG: 1 : 6.668620e-05 / 7.667308e-01
PCG: 2 : 8.516383e-05 / 9.791790e-01
PCG: 3 : 7.862000e-05 / 9.039408e-01
PCG: 0 : 7.862000e-05
PCG: 1 : 7.968001e-05 / 1.013483e+00
PCG: 2 : 5.835972e-05 / 7.423012e-01
PCG: 3 : 6.857028e-05 / 8.721734e-01
PCG: 0 : 6.857025e-05
PCG: 1 : 5.279520e-05 / 7.699431e-01
PCG: 2 : 6.746742e-05 / 9.839168e-01
PCG: 3 : 6.209016e-05 / 9.054970e-01
PCG: 0 : 6.209016e-05
PCG: 1 : 6.318778e-05 / 1.017678e+00
PCG: 2 : 4.617492e-05 / 7.436754e-01
PCG: 3 : 5.409669e-05 / 8.712603e-01
PCG: 0 : 5.409668e-05
PCG: 1 : 4.180259e-05 / 7.727385e-01
PCG: 2 : 5.343433e-05 / 9.877561e-01
PCG: 3 : 4.904225e-05 / 9.065667e-01
PCG: 0 : 4.904225e-05
PCG: 1 : 5.009180e-05 / 1.021401e+00
PCG: 2 : 3.654261e-05 / 7.451249e-01
PCG: 3 : 4.270536e-05 / 8.707871e-01
PCG: 0 : 4.270537e-05
PCG: 1 : 3.309680e-05 / 7.750032e-01
PCG: 2 : 4.231146e-05 / 9.907761e-01
PCG: 3 : 3.874480e-05 / 9.072584e-01
PCG: 0 : 3.874480e-05
PCG: 1 : 3.969898e-05 / 1.024627e+00
PCG: 2 : 2.892376e-05 / 7.465197e-01
PCG: 3 : 3.373430e-05 / 8.706795e-01
PCG: 0 : 3.373429e-05
PCG: 1 : 2.620903e-05 / 7.769254e-01
PCG: 2 : 3.349722e-05 / 9.929725e-01
PCG: 3 : 3.061277e-05 / 9.074672e-01
PCG: 0 : 3.061277e-05
PCG: 1 : 3.145261e-05 / 1.027434e+00
PCG: 2 : 2.289415e-05 / 7.478628e-01
PCG: 3 : 2.666253e-05 / 8.709612e-01
PCG: 0 : 2.666254e-05
PCG: 1 : 2.075781e-05 / 7.785384e-01
PCG: 2 : 2.651394e-05 / 9.944264e-01
PCG: 3 : 2.419153e-05 / 9.073228e-01
PCG: 0 : 2.419154e-05
PCG: 1 : 2.491283e-05 / 1.029816e+00
PCG: 2 : 1.812685e-05 / 7.493054e-01
PCG: 3 : 2.108696e-05 / 8.716668e-01
PCG: 0 : 2.108695e-05
PCG: 1 : 1.644045e-05 / 7.796502e-01
PCG: 2 : 2.098272e-05 / 9.950570e-01
PCG: 3 : 1.911924e-05 / 9.066855e-01
PCG: 0 : 1.911924e-05
PCG: 1 : 1.972755e-05 / 1.031817e+00
PCG: 2 : 1.435550e-05 / 7.508408e-01
PCG: 3 : 1.668579e-05 / 8.727224e-01
PCG: 0 : 1.668579e-05
PCG: 1 : 1.302525e-05 / 7.806194e-01
PCG: 2 : 1.660408e-05 / 9.951034e-01
PCG: 3 : 1.511290e-05 / 9.057348e-01
PCG: 0 : 1.511290e-05
PCG: 1 : 1.561767e-05 / 1.033400e+00
PCG: 2 : 1.136888e-05 / 7.522633e-01
PCG: 3 : 1.320928e-05 / 8.740402e-01
PCG: 0 : 1.320928e-05
PCG: 1 : 1.031937e-05 / 7.812207e-01
PCG: 2 : 1.313485e-05 / 9.943648e-01
PCG: 3 : 1.194704e-05 / 9.044429e-01
PCG: 0 : 1.194704e-05
PCG: 1 : 1.236102e-05 / 1.034651e+00
PCG: 2 : 9.005862e-06 / 7.538151e-01
PCG: 3 : 1.046243e-05 / 8.757337e-01
PCG: 0 : 1.046243e-05
PCG: 1 : 8.176163e-06 / 7.814785e-01
PCG: 2 : 1.039059e-05 / 9.931334e-01
PCG: 3 : 9.445584e-06 / 9.028099e-01
PCG: 0 : 9.445586e-06
PCG: 1 : 9.781644e-06 / 1.035578e+00
PCG: 2 : 7.134711e-06 / 7.553486e-01
PCG: 3 : 8.291151e-06 / 8.777804e-01
PCG: 0 : 8.291150e-06
PCG: 1 : 6.478901e-06 / 7.814236e-01
PCG: 2 : 8.218420e-06 / 9.912279e-01
PCG: 3 : 7.468540e-06 / 9.007846e-01
PCG: 0 : 7.468544e-06
PCG: 1 : 7.739085e-06 / 1.036224e+00
PCG: 2 : 5.652951e-06 / 7.569014e-01
PCG: 3 : 6.572760e-06 / 8.800591e-01
PCG: 0 : 6.572761e-06
PCG: 1 : 5.134657e-06 / 7.812024e-01
PCG: 2 : 6.499117e-06 / 9.887956e-01
PCG: 3 : 5.905947e-06 / 8.985488e-01
PCG: 0 : 5.905947e-06
PCG: 1 : 6.122016e-06 / 1.036585e+00
PCG: 2 : 4.479909e-06 / 7.585419e-01
PCG: 3 : 5.212760e-06 / 8.826290e-01
PCG: 0 : 5.212763e-06
PCG: 1 : 4.069624e-06 / 7.807039e-01
PCG: 2 : 5.139012e-06 / 9.858518e-01
PCG: 3 : 4.670096e-06 / 8.958965e-01
PCG: 0 : 4.670096e-06
PCG: 1 : 4.841937e-06 / 1.036796e+00
PCG: 2 : 3.550889e-06 / 7.603461e-01
PCG: 3 : 4.136348e-06 / 8.857095e-01
PCG: 0 : 4.136350e-06
PCG: 1 : 3.225984e-06 / 7.799108e-01
PCG: 2 : 4.063157e-06 / 9.823049e-01
PCG: 3 : 3.693087e-06 / 8.928372e-01
PCG: 0 : 3.693087e-06
PCG: 1 : 3.829007e-06 / 1.036804e+00
PCG: 2 : 2.814936e-06 / 7.622177e-01
PCG: 3 : 3.283355e-06 / 8.890542e-01
PCG: 0 : 3.283355e-06
PCG: 1 : 2.557772e-06 / 7.790120e-01
PCG: 2 : 3.212137e-06 / 9.783096e-01
PCG: 3 : 2.920576e-06 / 8.895096e-01
PCG: 0 : 2.920576e-06
PCG: 1 : 3.027415e-06 / 1.036581e+00
PCG: 2 : 2.231734e-06 / 7.641418e-01
PCG: 3 : 2.607262e-06 / 8.927217e-01
PCG: 0 : 2.607263e-06
PCG: 1 : 2.028101e-06 / 7.778659e-01
PCG: 2 : 2.539229e-06 / 9.739063e-01
PCG: 3 : 2.309932e-06 / 8.859605e-01
PCG: 0 : 2.309932e-06
PCG: 1 : 2.393409e-06 / 1.036138e+00
PCG: 2 : 1.769736e-06 / 7.661421e-01
PCG: 3 : 2.071111e-06 / 8.966112e-01
PCG: 0 : 2.071111e-06
PCG: 1 : 1.608205e-06 / 7.764938e-01
PCG: 2 : 2.007016e-06 / 9.690530e-01
PCG: 3 : 1.826900e-06 / 8.820869e-01
PCG: 0 : 1.826900e-06
PCG: 1 : 1.891931e-06 / 1.035597e+00
PCG: 2 : 1.403488e-06 / 7.682350e-01
PCG: 3 : 1.645712e-06 / 9.008222e-01
PCG: 0 : 1.645712e-06
PCG: 1 : 1.275539e-06 / 7.750682e-01
PCG: 2 : 1.586213e-06 / 9.638464e-01
PCG: 3 : 1.445028e-06 / 8.780569e-01
PCG: 0 : 1.445029e-06
PCG: 1 : 1.495265e-06 / 1.034765e+00
PCG: 2 : 1.113131e-06 / 7.703178e-01
PCG: 3 : 1.308017e-06 / 9.051837e-01
PCG: 0 : 1.308016e-06
PCG: 1 : 1.011700e-06 / 7.734615e-01
PCG: 2 : 1.253551e-06 / 9.583607e-01
PCG: 3 : 1.142990e-06 / 8.738351e-01
PCG: 0 : 1.142990e-06
PCG: 1 : 1.181724e-06 / 1.033889e+00
PCG: 2 : 8.830351e-07 / 7.725660e-01
PCG: 3 : 1.040013e-06 / 9.099058e-01
PCG: 0 : 1.040013e-06
PCG: 1 : 8.025886e-07 / 7.717102e-01
PCG: 2 : 9.906147e-07 / 9.525023e-01
PCG: 3 : 9.041310e-07 / 8.693458e-01
PCG: 0 : 9.041312e-07
PCG: 1 : 9.338485e-07 / 1.032868e+00
PCG: 2 : 7.005438e-07 / 7.748253e-01
PCG: 3 : 8.270488e-07 / 9.147441e-01
PCG: 0 : 8.270487e-07
PCG: 1 : 6.367678e-07 / 7.699277e-01
PCG: 2 : 7.827696e-07 / 9.464613e-01
PCG: 3 : 7.152841e-07 / 8.648633e-01
PCG: 0 : 7.152841e-07
PCG: 1 : 7.379090e-07 / 1.031631e+00
PCG: 2 : 5.558502e-07 / 7.771041e-01
PCG: 3 : 6.579074e-07 / 9.197847e-01
PCG: 0 : 6.579074e-07
PCG: 1 : 5.052240e-07 / 7.679257e-01
PCG: 2 : 6.184803e-07 / 9.400719e-01
PCG: 3 : 5.658233e-07 / 8.600348e-01
PCG: 0 : 5.658233e-07
PCG: 1 : 5.829967e-07 / 1.030351e+00
PCG: 2 : 4.410591e-07 / 7.794998e-01
PCG: 3 : 5.234711e-07 / 9.251495e-01
PCG: 0 : 5.234709e-07
PCG: 1 : 4.009028e-07 / 7.658550e-01
PCG: 2 : 4.886795e-07 / 9.335371e-01
PCG: 3 : 4.476405e-07 / 8.551393e-01
PCG: 0 : 4.476407e-07
PCG: 1 : 4.606323e-07 / 1.029022e+00
PCG: 2 : 3.500373e-07 / 7.819604e-01
PCG: 3 : 4.165789e-07 / 9.306101e-01
PCG: 0 : 4.165788e-07
PCG: 1 : 3.181816e-07 / 7.637969e-01
PCG: 2 : 3.860918e-07 / 9.268156e-01
PCG: 3 : 3.541689e-07 / 8.501846e-01
PCG: 0 : 3.541689e-07
PCG: 1 : 3.639412e-07 / 1.027592e+00
PCG: 2 : 2.778371e-07 / 7.844762e-01
PCG: 3 : 3.316009e-07 / 9.362788e-01
PCG: 0 : 3.316009e-07
PCG: 1 : 2.525465e-07 / 7.615977e-01
PCG: 2 : 3.050434e-07 / 9.199113e-01
PCG: 3 : 2.801916e-07 / 8.449662e-01
PCG: 0 : 2.801915e-07
PCG: 1 : 2.875005e-07 / 1.026086e+00
PCG: 2 : 2.205273e-07 / 7.870592e-01
PCG: 3 : 2.639889e-07 / 9.421731e-01
PCG: 0 : 2.639888e-07
PCG: 1 : 2.004570e-07 / 7.593392e-01
PCG: 2 : 2.409907e-07 / 9.128821e-01
PCG: 3 : 2.216696e-07 / 8.396931e-01
PCG: 0 : 2.216696e-07
PCG: 1 : 2.271384e-07 / 1.024671e+00
PCG: 2 : 1.750787e-07 / 7.898182e-01
PCG: 3 : 2.102075e-07 / 9.482920e-01
PCG: 0 : 2.102074e-07
PCG: 1 : 1.591544e-07 / 7.571301e-01
PCG: 2 : 1.904061e-07 / 9.058007e-01
PCG: 3 : 1.754070e-07 / 8.344472e-01
PCG: 0 : 1.754070e-07
PCG: 1 : 1.794357e-07 / 1.022968e+00
PCG: 2 : 1.389911e-07 / 7.923920e-01
PCG: 3 : 1.673877e-07 / 9.542819e-01
PCG: 0 : 1.673877e-07
PCG: 1 : 1.263539e-07 / 7.548578e-01
PCG: 2 : 1.504248e-07 / 8.986614e-01
PCG: 3 : 1.387874e-07 / 8.291377e-01
PCG: 0 : 1.387875e-07
PCG: 1 : 1.417584e-07 / 1.021406e+00
PCG: 2 : 1.103623e-07 / 7.951895e-01
PCG: 3 : 1.333184e-07 / 9.605939e-01
PCG: 0 : 1.333184e-07
PCG: 1 : 1.003225e-07 / 7.525032e-01
PCG: 2 : 1.188461e-07 / 8.914457e-01
PCG: 3 : 1.098097e-07 / 8.236652e-01
PCG: 0 : 1.098097e-07
PCG: 1 : 1.119900e-07 / 1.019855e+00
PCG: 2 : 8.763012e-08 / 7.980179e-01
PCG: 3 : 1.061851e-07 / 9.669923e-01

PCG ( VCycle ( S: Scale / C: Scale )  )

Complete solver TOE: 150.292
0.00982673 GFlop/s [0.00982673 GFlops/s]

Total time: 150.292s
Accumulated op time: 145.787

Reductions: 1.68886%
Blas-1: 5.25948%
Blas-2: 90.0546%
Precon Kernels: 0%
MPI Execution: 0%
MPI Wait: 0%
Not covered: 2.99709%

Domain size: 106.918 MByte
LA size: 356.315 MByte
MPI size: 10.6949 MByte

H0-Error: 5.649170e-07
H1-Error: 2.017209e-03

Writing DATA to output.data...
Run-Time: 2:40.133 [2:40.133]
0xb33489f8 Error: MemoryPool<CPU> still contains memory chunks on deconstructor call
