NUM-PROCS: 1
Preparing domain...
LVL-MIN: 2 [2]
LVL-MAX: 10 [10]
Creating gates...
Assembling system matrices...
Assembling system filters...
Assembling transfer matrices...
Converting assembled linear system from SparseMatrixCSR, Mem:main to SparseMatrixELL, Mem:cudaand to SparseMatrixELL, Mem:cuda...
PCG: 0 : 9.473711e-03
PCG: 1 : 5.067392e-03 / 5.348898e-01
PCG: 0 : 5.075249e-03
PCG: 1 : 3.017138e-03 / 5.944807e-01
PCG: 0 : 3.017113e-03
PCG: 1 : 3.016074e-03 / 9.996555e-01
PCG: 0 : 3.016070e-03
PCG: 1 : 2.044566e-03 / 6.778907e-01
PCG: 0 : 2.044565e-03
PCG: 1 : 1.766613e-03 / 8.640530e-01
PCG: 0 : 1.766613e-03
PCG: 1 : 1.008936e-03 / 5.711135e-01
PCG: 0 : 1.008936e-03
PCG: 1 : 7.531387e-04 / 7.464681e-01
PCG: 0 : 7.531387e-04
PCG: 1 : 3.691101e-04 / 4.900959e-01
PCG: 0 : 3.691101e-04
PCG: 1 : 2.469670e-04 / 6.690876e-01
PCG: 0 : 2.469670e-04
PCG: 1 : 1.105107e-04 / 4.474714e-01
PCG: 0 : 1.105106e-04
PCG: 1 : 7.034498e-05 / 6.365448e-01
PCG: 0 : 7.034499e-05
PCG: 1 : 3.036766e-05 / 4.316961e-01
PCG: 0 : 3.036765e-05
PCG: 1 : 1.898761e-05 / 6.252576e-01
PCG: 0 : 1.898761e-05
PCG: 1 : 8.095618e-06 / 4.263632e-01
PCG: 0 : 8.095617e-06
PCG: 1 : 5.028970e-06 / 6.211966e-01
PCG: 0 : 5.028970e-06
PCG: 1 : 2.135148e-06 / 4.245696e-01
PCG: 0 : 2.135147e-06
PCG: 1 : 1.322967e-06 / 6.196136e-01
PCG: 0 : 1.322967e-06
PCG: 1 : 5.609936e-07 / 4.240421e-01
PCG: 0 : 5.609935e-07
PCG: 1 : 3.472226e-07 / 6.189423e-01

PCG ( VCycle ( S: Scale / C: Scale )  )

Complete solver TOE: 7.276
0.51973 GFlop/s [0.51973 GFlops/s]

Total time: 7.276s
Accumulated op time: 2.26718

Reductions: 29.2029%
Blas-1: 0.967427%
Blas-2: 0.98939%
Precon Kernels: 0%
MPI Execution: 0%
MPI Wait: 0%
Not covered: 68.8403%

Domain size: 106.948 MByte
LA size: 356.564 MByte
MPI size: 10.698 MByte

H0-Error: 5.038963e-07
H1-Error: 2.017209e-03

Writing DATA to output.data...
Run-Time: 0:18.865 [0:18.865]
0xb336f9f8 Error: MemoryPool<CUDA> still contains memory chunks on deconstructor call
