NUM-PROCS: 1
Preparing domain...
LVL-MIN: 4 [4]
LVL-MAX: 10 [10]
Creating gates...
Assembling system matrices...
Assembling system filters...
Assembling transfer matrices...
Converting assembled linear system from SparseMatrixCSR, Mem:main to SparseMatrixELL, Mem:cudaand to SparseMatrixELL, Mem:cuda...
PCG:  0 : 9.473710e-03
PCG:  1 : 1.921966e-02 / 2.028736e+00
PCG:  2 : 2.717674e-02 / 2.868648e+00
PCG:  3 : 6.676051e-02 / 7.046923e+00
PCG:  4 : 8.080562e-02 / 8.529459e+00
PCG:  5 : 4.831687e-02 / 5.100101e+00
PCG:  6 : 2.380595e-02 / 2.512843e+00
PCG:  7 : 3.978522e-03 / 4.199540e-01
PCG:  8 : 1.063552e-03 / 1.122635e-01
PCG:  9 : 9.354464e-04 / 9.874129e-02
PCG: 10 : 3.652446e-04 / 3.855349e-02
PCG: 11 : 4.136533e-05 / 4.366328e-03
PCG: 12 : 1.758494e-05 / 1.856183e-03
PCG: 13 : 5.406231e-06 / 5.706561e-04
PCG: 14 : 1.039666e-06 / 1.097422e-04
PCG: 15 : 2.565144e-07 / 2.707644e-05
PCG: 16 : 1.365605e-07 / 1.441468e-05
PCG: 17 : 2.186248e-07 / 2.307700e-05
PCG:  0 : 2.244233e-04
PCG:  1 : 3.116464e-04 / 1.388654e+00
PCG:  2 : 6.710185e-04 / 2.989968e+00
PCG:  3 : 1.370461e-04 / 6.106591e-01
PCG:  4 : 1.485248e-04 / 6.618063e-01
PCG:  5 : 5.034603e-05 / 2.243351e-01
PCG:  6 : 5.176512e-05 / 2.306584e-01
PCG:  7 : 1.818112e-05 / 8.101261e-02
PCG:  8 : 7.921316e-06 / 3.529631e-02
PCG:  9 : 2.643770e-06 / 1.178028e-02
PCG: 10 : 1.640183e-06 / 7.308435e-03
PCG: 11 : 8.386951e-07 / 3.737112e-03
PCG: 12 : 6.694661e-07 / 2.983050e-03
PCG: 13 : 5.000513e-07 / 2.228161e-03
PCG: 14 : 3.954139e-07 / 1.761911e-03
PCG: 15 : 1.541282e-07 / 6.867742e-04
PCG: 16 : 4.010405e-08 / 1.786982e-04
PCG: 17 : 3.608197e-08 / 1.607764e-04
PCG:  0 : 9.527267e-08
PCG:  1 : 2.560481e-07 / 2.687530e+00
PCG:  2 : 2.156570e-07 / 2.263577e+00
PCG:  3 : 6.869239e-08 / 7.210083e-01
PCG:  4 : 6.652842e-08 / 6.982949e-01
PCG:  5 : 2.991852e-08 / 3.140305e-01
PCG:  6 : 1.719875e-08 / 1.805213e-01
PCG:  7 : 7.638564e-09 / 8.017582e-02
PCG:  8 : 3.667257e-09 / 3.849223e-02
PCG:  9 : 2.489334e-09 / 2.612852e-02
PCG: 10 : 1.556565e-09 / 1.633800e-02
PCG: 11 : 7.094573e-10 / 7.446598e-03
PCG: 12 : 4.358316e-10 / 4.574571e-03
PCG: 13 : 3.908091e-10 / 4.102006e-03
PCG: 14 : 2.128686e-10 / 2.234310e-03
PCG: 15 : 1.395086e-10 / 1.464309e-03
PCG: 16 : 7.067655e-11 / 7.418345e-04
PCG: 17 : 5.694311e-11 / 5.976858e-04
PCG:  0 : 7.141361e-11
PCG:  1 : 6.826995e-11 / 9.559795e-01
PCG:  2 : 8.156138e-11 / 1.142098e+00
PCG:  3 : 5.820348e-11 / 8.150194e-01
PCG:  4 : 3.785671e-11 / 5.301051e-01
PCG:  5 : 2.608133e-11 / 3.652151e-01
PCG:  6 : 2.367754e-11 / 3.315550e-01
PCG:  7 : 1.343126e-11 / 1.880771e-01
PCG:  8 : 4.949931e-12 / 6.931355e-02
PCG:  9 : 3.691041e-12 / 5.168540e-02
PCG: 10 : 2.586742e-12 / 3.622197e-02
PCG: 11 : 2.336609e-12 / 3.271938e-02
PCG: 12 : 1.038968e-12 / 1.454859e-02
PCG: 13 : 7.107090e-13 / 9.952011e-03
PCG: 14 : 3.584356e-13 / 5.019149e-03
PCG: 15 : 1.789071e-13 / 2.505224e-03
PCG: 16 : 7.255353e-14 / 1.015962e-03
PCG: 17 : 4.068973e-14 / 5.697756e-04

PCG ( VCycle ( S: Scale / C: Scale )  )

Complete solver TOE: 0.508041
20.1637 GFlop/s [20.1637 GFlops/s]

Total time: 0.508041s
Accumulated op time: 0.273848

Reductions: 52.3979%
Blas-1: 0.754073%
Blas-2: 0.750727%
Precon Kernels: 0%
MPI Execution: 0%
MPI Wait: 0%
Not covered: 46.0973%

Domain size: 192.423 MByte
LA size: 483.361 MByte
MPI size: 10.6972 MByte

H0-Error: 4.290974e-07
H1-Error: 2.017209e-03

Writing DATA to output.data...
Run-Time: 0:03.229 [0:03.229]
0x31d198e880 Error: MemoryPool<CUDA> still contains memory chunks on deconstructor call
