NUM-PROCS: 1
Preparing domain...
LVL-MIN: 3 [3]
LVL-MAX: 10 [10]
Creating gates...
Assembling system matrices...
Assembling system filters...
Assembling transfer matrices...
Converting assembled linear system from SparseMatrixCSR, Mem:main to SparseMatrixELL, Mem:cudaand to SparseMatrixELL, Mem:cuda...
PCG: 0 : 9.473710e-03
PCG: 1 : 1.006421e-02 / 1.062330e+00
PCG: 2 : 1.259371e-02 / 1.329332e+00
PCG: 3 : 1.014107e-02 / 1.070444e+00
PCG: 4 : 2.933750e-03 / 3.096728e-01
PCG: 5 : 5.955104e-04 / 6.285925e-02
PCG: 6 : 8.480622e-05 / 8.951743e-03
PCG: 0 : 2.255546e-04
PCG: 1 : 3.770118e-04 / 1.671488e+00
PCG: 2 : 3.026583e-04 / 1.341841e+00
PCG: 3 : 5.839343e-05 / 2.588883e-01
PCG: 4 : 1.890692e-05 / 8.382415e-02
PCG: 5 : 4.224295e-06 / 1.872848e-02
PCG: 6 : 1.162643e-06 / 5.154597e-03
PCG: 0 : 1.163815e-06
PCG: 1 : 4.851915e-07 / 4.168976e-01
PCG: 2 : 2.695591e-07 / 2.316169e-01
PCG: 3 : 8.573297e-08 / 7.366549e-02
PCG: 4 : 6.123907e-08 / 5.261927e-02
PCG: 5 : 7.864232e-08 / 6.757289e-02
PCG: 6 : 1.703981e-08 / 1.464135e-02
PCG: 0 : 1.703984e-08
PCG: 1 : 8.488288e-09 / 4.981436e-01
PCG: 2 : 2.172887e-09 / 1.275180e-01
PCG: 3 : 6.120226e-10 / 3.591715e-02
PCG: 4 : 7.256314e-10 / 4.258440e-02
PCG: 5 : 5.131022e-10 / 3.011191e-02
PCG: 6 : 3.194852e-10 / 1.874930e-02
PCG: 0 : 3.194860e-10
PCG: 1 : 1.391815e-10 / 4.356419e-01
PCG: 2 : 5.832917e-11 / 1.825719e-01
PCG: 3 : 1.957043e-11 / 6.125598e-02
PCG: 4 : 1.798313e-11 / 5.628768e-02
PCG: 5 : 1.707119e-11 / 5.343330e-02
PCG: 6 : 9.235107e-12 / 2.890614e-02

PCG ( VCycle ( S: Scale / C: Scale )  )

Complete solver TOE: 0.354996
13.1997 GFlop/s [13.1997 GFlops/s]

Total time: 0.354996s
Accumulated op time: 0.127437

Reductions: 34.7719%
Blas-1: 0.559725%
Blas-2: 0.566485%
Precon Kernels: 0%
MPI Execution: 0%
MPI Wait: 0%
Not covered: 64.1018%

Domain size: 192.433 MByte
LA size: 483.427 MByte
MPI size: 10.6978 MByte

H0-Error: 4.290977e-07
H1-Error: 2.017209e-03

Writing DATA to output.data...
Run-Time: 0:03.088 [0:03.088]
0x31d198e880 Error: MemoryPool<CUDA> still contains memory chunks on deconstructor call
