NUM-PROCS: 1
Preparing domain...
LVL-MIN: 5 [5]
LVL-MAX: 6 [6]
Creating gates...
Assembling system matrices...
Assembling system filters...
Assembling transfer matrices...
Converting assembled linear system from SparseMatrixCSR, Mem:main to SparseMatrixELL, Mem:cudaand to SparseMatrixELL, Mem:cuda...
PCG: 0 : 1.512630e-01
PCG: 1 : 5.296442e-01 / 3.501480e+00
PCG: 2 : 3.286089e-01 / 2.172435e+00
PCG: 3 : 3.573479e-01 / 2.362428e+00
PCG: 4 : 3.568065e-01 / 2.358850e+00
PCG: 5 : 2.454737e-01 / 1.622828e+00
PCG: 6 : 1.993825e-01 / 1.318119e+00
PCG: 7 : 2.148026e-01 / 1.420061e+00
PCG: 8 : 1.415627e-01 / 9.358717e-01
PCG: 9 : 8.050643e-02 / 5.322284e-01
PCG: 0 : 8.347409e-02
PCG: 1 : 6.968394e-02 / 8.347972e-01
PCG: 2 : 6.029853e-02 / 7.223622e-01
PCG: 3 : 3.084950e-02 / 3.695697e-01
PCG: 4 : 1.792953e-02 / 2.147915e-01
PCG: 5 : 1.508588e-02 / 1.807252e-01
PCG: 6 : 1.283773e-02 / 1.537929e-01
PCG: 7 : 7.625786e-03 / 9.135512e-02
PCG: 8 : 6.573724e-03 / 7.875167e-02
PCG: 9 : 6.983768e-03 / 8.366390e-02
PCG: 0 : 6.983766e-03
PCG: 1 : 2.759133e-03 / 3.950781e-01
PCG: 2 : 1.472187e-03 / 2.108013e-01
PCG: 3 : 1.201502e-03 / 1.720421e-01
PCG: 4 : 1.807231e-03 / 2.587760e-01
PCG: 5 : 1.044281e-03 / 1.495298e-01
PCG: 6 : 1.336525e-03 / 1.913760e-01
PCG: 7 : 1.689320e-03 / 2.418923e-01
PCG: 8 : 1.014816e-03 / 1.453107e-01
PCG: 9 : 1.298716e-03 / 1.859621e-01
PCG: 0 : 1.298716e-03
PCG: 1 : 8.735669e-04 / 6.726388e-01
PCG: 2 : 8.506141e-04 / 6.549653e-01
PCG: 3 : 6.959366e-04 / 5.358650e-01
PCG: 4 : 6.957900e-04 / 5.357522e-01
PCG: 5 : 5.911602e-04 / 4.551882e-01
PCG: 6 : 4.808847e-04 / 3.702770e-01
PCG: 7 : 4.402616e-04 / 3.389975e-01
PCG: 8 : 5.199384e-04 / 4.003479e-01
PCG: 9 : 4.212436e-04 / 3.243539e-01
PCG: 0 : 4.212436e-04
PCG: 1 : 4.226995e-04 / 1.003456e+00
PCG: 2 : 2.867230e-04 / 6.806585e-01
PCG: 3 : 2.703126e-04 / 6.417014e-01
PCG: 4 : 3.588324e-04 / 8.518407e-01
PCG: 5 : 2.625256e-04 / 6.232156e-01
PCG: 6 : 2.172910e-04 / 5.158322e-01
PCG: 7 : 2.025203e-04 / 4.807676e-01
PCG: 8 : 1.894206e-04 / 4.496700e-01
PCG: 9 : 1.994862e-04 / 4.735650e-01
PCG: 0 : 1.994862e-04
PCG: 1 : 1.616851e-04 / 8.105075e-01
PCG: 2 : 1.434797e-04 / 7.192460e-01
PCG: 3 : 1.329744e-04 / 6.665845e-01
PCG: 4 : 1.305510e-04 / 6.544359e-01
PCG: 5 : 1.394061e-04 / 6.988256e-01
PCG: 6 : 8.636935e-05 / 4.329590e-01
PCG: 7 : 6.896019e-05 / 3.456890e-01
PCG: 8 : 9.603906e-05 / 4.814321e-01
PCG: 9 : 7.492024e-05 / 3.755660e-01
PCG: 0 : 7.492025e-05
PCG: 1 : 8.272266e-05 / 1.104143e+00
PCG: 2 : 5.036885e-05 / 6.722996e-01
PCG: 3 : 5.663898e-05 / 7.559903e-01
PCG: 4 : 6.985595e-05 / 9.324040e-01
PCG: 5 : 4.958826e-05 / 6.618806e-01
PCG: 6 : 4.142022e-05 / 5.528575e-01
PCG: 7 : 3.727419e-05 / 4.975182e-01
PCG: 8 : 3.568880e-05 / 4.763572e-01
PCG: 9 : 3.805980e-05 / 5.080042e-01
PCG: 0 : 3.805980e-05
PCG: 1 : 3.143608e-05 / 8.259655e-01
PCG: 2 : 2.758099e-05 / 7.246752e-01
PCG: 3 : 2.623926e-05 / 6.894220e-01
PCG: 4 : 2.600199e-05 / 6.831878e-01
PCG: 5 : 2.734372e-05 / 7.184409e-01
PCG: 6 : 1.715232e-05 / 4.506677e-01
PCG: 7 : 1.325932e-05 / 3.483813e-01
PCG: 8 : 1.834750e-05 / 4.820704e-01
PCG: 9 : 1.455584e-05 / 3.824467e-01
PCG: 0 : 1.455584e-05
PCG: 1 : 1.597350e-05 / 1.097395e+00
PCG: 2 : 9.802005e-06 / 6.734068e-01
PCG: 3 : 1.120961e-05 / 7.701107e-01
PCG: 4 : 1.387843e-05 / 9.534611e-01
PCG: 5 : 9.904204e-06 / 6.804280e-01
PCG: 6 : 8.098464e-06 / 5.563720e-01
PCG: 7 : 7.276325e-06 / 4.998903e-01
PCG: 8 : 6.933064e-06 / 4.763079e-01
PCG: 9 : 7.462228e-06 / 5.126620e-01
PCG: 0 : 7.462228e-06
PCG: 1 : 6.117840e-06 / 8.198409e-01
PCG: 2 : 5.427513e-06 / 7.273315e-01
PCG: 3 : 5.142198e-06 / 6.890969e-01
PCG: 4 : 5.193654e-06 / 6.959924e-01
PCG: 5 : 5.404080e-06 / 7.241912e-01
PCG: 6 : 3.390295e-06 / 4.543275e-01
PCG: 7 : 2.593270e-06 / 3.475195e-01
PCG: 8 : 3.573556e-06 / 4.788859e-01
PCG: 9 : 2.885210e-06 / 3.866419e-01
PCG: 0 : 2.885210e-06
PCG: 1 : 3.098412e-06 / 1.073895e+00
PCG: 2 : 1.936530e-06 / 6.711922e-01
PCG: 3 : 2.201541e-06 / 7.630435e-01
PCG: 4 : 2.748317e-06 / 9.525535e-01
PCG: 5 : 1.985738e-06 / 6.882474e-01
PCG: 6 : 1.582230e-06 / 5.483935e-01
PCG: 7 : 1.453066e-06 / 5.036256e-01
PCG: 8 : 1.349744e-06 / 4.678149e-01
PCG: 9 : 1.488143e-06 / 5.157833e-01
PCG: 0 : 1.488143e-06
PCG: 1 : 1.188342e-06 / 7.985402e-01
PCG: 2 : 1.085967e-06 / 7.297464e-01
PCG: 3 : 1.000828e-06 / 6.725349e-01
PCG: 4 : 1.043210e-06 / 7.010149e-01
PCG: 5 : 1.063844e-06 / 7.148800e-01
PCG: 6 : 6.682794e-07 / 4.490694e-01
PCG: 7 : 5.155328e-07 / 3.464270e-01
PCG: 8 : 6.959681e-07 / 4.676756e-01
PCG: 9 : 5.803656e-07 / 3.899932e-01
PCG: 0 : 5.803656e-07
PCG: 1 : 6.006953e-07 / 1.035029e+00
PCG: 2 : 3.885773e-07 / 6.695389e-01
PCG: 3 : 4.310270e-07 / 7.426819e-01
PCG: 4 : 5.448485e-07 / 9.388022e-01
PCG: 5 : 4.008210e-07 / 6.906353e-01
PCG: 6 : 3.083682e-07 / 5.313345e-01
PCG: 7 : 2.933214e-07 / 5.054081e-01
PCG: 8 : 2.624192e-07 / 4.521619e-01
PCG: 9 : 2.997828e-07 / 5.165413e-01
PCG: 0 : 2.997828e-07
PCG: 1 : 2.308119e-07 / 7.699305e-01
PCG: 2 : 2.195517e-07 / 7.323694e-01
PCG: 3 : 1.948216e-07 / 6.498757e-01
PCG: 4 : 2.106719e-07 / 7.027484e-01
PCG: 5 : 2.095388e-07 / 6.989688e-01
PCG: 6 : 1.313243e-07 / 4.380650e-01
PCG: 7 : 1.037294e-07 / 3.460152e-01
PCG: 8 : 1.354669e-07 / 4.518836e-01
PCG: 9 : 1.173362e-07 / 3.914039e-01
PCG: 0 : 1.173362e-07
PCG: 1 : 1.170215e-07 / 9.973186e-01
PCG: 2 : 7.829387e-08 / 6.672612e-01
PCG: 3 : 8.507541e-08 / 7.250571e-01
PCG: 4 : 1.081008e-07 / 9.212915e-01
PCG: 5 : 8.094615e-08 / 6.898654e-01
PCG: 6 : 6.070234e-08 / 5.173370e-01
PCG: 7 : 5.906107e-08 / 5.033493e-01
PCG: 8 : 5.140941e-08 / 4.381379e-01
PCG: 9 : 6.060002e-08 / 5.164651e-01
PCG: 0 : 6.060002e-08
PCG: 1 : 4.516038e-08 / 7.452205e-01
PCG: 2 : 4.425472e-08 / 7.302756e-01
PCG: 3 : 3.846172e-08 / 6.346817e-01
PCG: 4 : 4.236711e-08 / 6.991271e-01
PCG: 5 : 4.147914e-08 / 6.844741e-01
PCG: 6 : 2.603326e-08 / 4.295916e-01
PCG: 7 : 2.092737e-08 / 3.453361e-01
PCG: 8 : 2.642238e-08 / 4.360128e-01
PCG: 9 : 2.378302e-08 / 3.924590e-01
PCG: 0 : 2.378303e-08
PCG: 1 : 2.290557e-08 / 9.631059e-01
PCG: 2 : 1.576540e-08 / 6.628845e-01
PCG: 3 : 1.705558e-08 / 7.171323e-01
PCG: 4 : 2.143675e-08 / 9.013466e-01
PCG: 5 : 1.631583e-08 / 6.860284e-01
PCG: 6 : 1.219481e-08 / 5.127524e-01
PCG: 7 : 1.178741e-08 / 4.956229e-01
PCG: 8 : 1.016444e-08 / 4.273819e-01
PCG: 9 : 1.235381e-08 / 5.194380e-01
PCG: 0 : 1.235381e-08
PCG: 1 : 8.877329e-09 / 7.185905e-01
PCG: 2 : 8.876346e-09 / 7.185109e-01
PCG: 3 : 7.760312e-09 / 6.281716e-01
PCG: 4 : 8.459200e-09 / 6.847443e-01
PCG: 5 : 8.252616e-09 / 6.680221e-01
PCG: 6 : 5.274797e-09 / 4.269775e-01
PCG: 7 : 4.215289e-09 / 3.412138e-01
PCG: 8 : 5.151859e-09 / 4.170260e-01
PCG: 9 : 4.869131e-09 / 3.941401e-01
PCG: 0 : 4.869131e-09
PCG: 1 : 4.473829e-09 / 9.188147e-01
PCG: 2 : 3.190037e-09 / 6.551553e-01
PCG: 3 : 3.489282e-09 / 7.166129e-01
PCG: 4 : 4.250847e-09 / 8.730197e-01
PCG: 5 : 3.293388e-09 / 6.763810e-01
PCG: 6 : 2.505349e-09 / 5.145372e-01
PCG: 7 : 2.347966e-09 / 4.822146e-01
PCG: 8 : 2.021975e-09 / 4.152642e-01
PCG: 9 : 2.551697e-09 / 5.240560e-01
PCG: 0 : 2.551697e-09
PCG: 1 : 1.752593e-09 / 6.868342e-01
PCG: 2 : 1.782651e-09 / 6.986136e-01
PCG: 3 : 1.598515e-09 / 6.264517e-01
PCG: 4 : 1.690107e-09 / 6.623464e-01
PCG: 5 : 1.650307e-09 / 6.467487e-01
PCG: 6 : 1.089700e-09 / 4.270490e-01
PCG: 7 : 8.525055e-10 / 3.340935e-01
PCG: 8 : 1.009960e-09 / 3.957995e-01
PCG: 9 : 1.005405e-09 / 3.940142e-01

PCG ( VCycle ( S: Scale / C: Scale )  )

Complete solver TOE: 0.41839
0.212061 GFlop/s [0.212061 GFlops/s]

Total time: 0.41839s
Accumulated op time: 0.193801

Reductions: 28.2968%
Blas-1: 10.7622%
Blas-2: 7.26165%
Precon Kernels: 0%
MPI Execution: 0%
MPI Wait: 0%
Not covered: 53.6793%

Domain size: 0.403931 MByte
LA size: 1.19083 MByte
MPI size: 0.0405579 MByte

H0-Error: 1.098311e-04
H1-Error: 3.227246e-02

Writing DATA to output.data...
Run-Time: 0:00.498 [0:00.498]
0xb337b9f8 Error: MemoryPool<CUDA> still contains memory chunks on deconstructor call
