NUM-PROCS: 1
Preparing domain...
LVL-MIN: 3 [3]
LVL-MAX: 8 [8]
Creating gates...
Assembling system matrices...
Assembling system filters...
Assembling transfer matrices...
Converting assembled linear system from SparseMatrixCSR, Mem:main to SparseMatrixELL, Mem:cudaand to SparseMatrixELL, Mem:cuda...
PCG:  0 : 3.788187e-02
PCG:  1 : 3.863712e-02 / 1.019937e+00
PCG:  2 : 4.165917e-02 / 1.099712e+00
PCG:  3 : 2.963624e-02 / 7.823329e-01
PCG:  4 : 5.199960e-03 / 1.372678e-01
PCG:  5 : 5.305740e-04 / 1.400601e-02
PCG:  6 : 9.290680e-05 / 2.452540e-03
PCG:  7 : 2.191696e-05 / 5.785606e-04
PCG:  8 : 2.786974e-06 / 7.357011e-05
PCG:  9 : 2.840259e-07 / 7.497672e-06
PCG: 10 : 5.000543e-07 / 1.320036e-05
PCG: 11 : 3.054087e-07 / 8.062133e-06
PCG: 12 : 2.934589e-08 / 7.746683e-07
PCG:  0 : 1.544170e-03
PCG:  1 : 1.681133e-04 / 1.088697e-01
PCG:  2 : 2.484840e-04 / 1.609175e-01
PCG:  3 : 9.813885e-05 / 6.355443e-02
PCG:  4 : 4.260780e-05 / 2.759269e-02
PCG:  5 : 8.143195e-06 / 5.273509e-03
PCG:  6 : 7.844092e-07 / 5.079811e-04
PCG:  7 : 1.144383e-07 / 7.410990e-05
PCG:  8 : 2.473565e-08 / 1.601873e-05
PCG:  9 : 1.070870e-08 / 6.934920e-06
PCG: 10 : 5.608072e-09 / 3.631771e-06
PCG: 11 : 1.258199e-09 / 8.148060e-07
PCG: 12 : 5.514469e-10 / 3.571154e-07
PCG:  0 : 5.360182e-09
PCG:  1 : 8.401570e-10 / 1.567404e-01
PCG:  2 : 3.298921e-10 / 6.154494e-02
PCG:  3 : 3.171102e-10 / 5.916034e-02
PCG:  4 : 1.656895e-10 / 3.091117e-02
PCG:  5 : 8.398457e-11 / 1.566823e-02
PCG:  6 : 4.503548e-11 / 8.401858e-03
PCG:  7 : 1.486244e-11 / 2.772749e-03
PCG:  8 : 5.873029e-12 / 1.095677e-03
PCG:  9 : 1.238702e-12 / 2.310933e-04
PCG: 10 : 2.610855e-13 / 4.870832e-05
PCG: 11 : 9.410506e-14 / 1.755632e-05
PCG: 12 : 2.448282e-14 / 4.567536e-06

PCG ( VCycle ( S: Scale / C: Scale )  )

Complete solver TOE: 1.20289
0.284895 GFlop/s [0.284895 GFlops/s]

Total time: 1.20289s
Accumulated op time: 0.160406

Reductions: 6.73496%
Blas-1: 3.464%
Blas-2: 3.13612%
Precon Kernels: 0%
MPI Execution: 0%
MPI Wait: 0%
Not covered: 86.6649%

Domain size: 6.73462 MByte
LA size: 22.3983 MByte
MPI size: 0.674286 MByte

H0-Error: 6.865388e-06
H1-Error: 8.068795e-03

Writing DATA to output.data...
Run-Time: 0:01.995 [0:01.995]
0xb33849f8 Error: MemoryPool<CUDA> still contains memory chunks on deconstructor call
