NUM-PROCS: 1
Preparing domain...
LVL-MIN: 2 [2]
LVL-MAX: 6 [6]
Creating gates...
Assembling system matrices...
Assembling system filters...
Assembling transfer matrices...
Converting assembled linear system from SparseMatrixCSR, Mem:main to SparseMatrixELL, Mem:cudaand to SparseMatrixELL, Mem:cuda...
PCG: 0 : 1.512630e-01
PCG: 1 : 6.849797e-02 / 4.528404e-01
PCG: 0 : 7.146084e-02
PCG: 1 : 3.105869e-02 / 4.346253e-01
PCG: 0 : 3.105871e-02
PCG: 1 : 1.909249e-02 / 6.147226e-01
PCG: 0 : 1.909249e-02
PCG: 1 : 1.062538e-02 / 5.565215e-01
PCG: 0 : 1.062538e-02
PCG: 1 : 5.704080e-03 / 5.368355e-01
PCG: 0 : 5.704079e-03
PCG: 1 : 2.944485e-03 / 5.162069e-01
PCG: 0 : 2.944484e-03
PCG: 1 : 1.527027e-03 / 5.186059e-01
PCG: 0 : 1.527027e-03
PCG: 1 : 7.773548e-04 / 5.090643e-01
PCG: 0 : 7.773548e-04
PCG: 1 : 4.007106e-04 / 5.154797e-01
PCG: 0 : 4.007105e-04
PCG: 1 : 2.036623e-04 / 5.082529e-01
PCG: 0 : 2.036622e-04
PCG: 1 : 1.049418e-04 / 5.152735e-01
PCG: 0 : 1.049417e-04
PCG: 1 : 5.337917e-05 / 5.086553e-01
PCG: 0 : 5.337917e-05
PCG: 1 : 2.752121e-05 / 5.155795e-01
PCG: 0 : 2.752120e-05
PCG: 1 : 1.401366e-05 / 5.091950e-01
PCG: 0 : 1.401366e-05
PCG: 1 : 7.229522e-06 / 5.158912e-01
PCG: 0 : 7.229523e-06
PCG: 1 : 3.684567e-06 / 5.096556e-01
PCG: 0 : 3.684567e-06
PCG: 1 : 1.901692e-06 / 5.161237e-01
PCG: 0 : 1.901692e-06
PCG: 1 : 9.698960e-07 / 5.100173e-01
PCG: 0 : 9.698958e-07
PCG: 1 : 5.007394e-07 / 5.162816e-01
PCG: 0 : 5.007394e-07
PCG: 1 : 2.555257e-07 / 5.102968e-01
PCG: 0 : 2.555257e-07
PCG: 1 : 1.319497e-07 / 5.163855e-01
PCG: 0 : 1.319497e-07
PCG: 1 : 6.736220e-08 / 5.105141e-01
PCG: 0 : 6.736219e-08
PCG: 1 : 3.478928e-08 / 5.164511e-01
PCG: 0 : 3.478928e-08
PCG: 1 : 1.776640e-08 / 5.106860e-01
PCG: 0 : 1.776640e-08
PCG: 1 : 9.176199e-09 / 5.164918e-01

PCG ( VCycle ( S: Scale / C: Scale )  )

Complete solver TOE: 0.029594
0.665215 GFlop/s [0.665215 GFlops/s]

Total time: 0.029594s
Accumulated op time: 0.011802

Reductions: 32.6451%
Blas-1: 3.54802%
Blas-2: 3.68656%
Precon Kernels: 0%
MPI Execution: 0%
MPI Wait: 0%
Not covered: 60.1203%

Domain size: 0.776138 MByte
LA size: 1.95234 MByte
MPI size: 0.0436325 MByte

H0-Error: 1.098327e-04
H1-Error: 3.227246e-02

Writing DATA to output.data...
Run-Time: 0:00.093 [0:00.093]
0x31d198e880 Error: MemoryPool<CUDA> still contains memory chunks on deconstructor call
