NUM-PROCS: 1
Preparing domain...
LVL-MIN: 6 [6]
LVL-MAX: 8 [8]
Creating gates...
Assembling system matrices...
Assembling system filters...
Assembling transfer matrices...
Converting assembled linear system from SparseMatrixCSR, Mem:main to SparseMatrixCSR, Mem:mainand to SparseMatrixCSR, Mem:main...
PCG: 0 : 3.788143e-02
PCG: 1 : 3.009731e-01 / 7.945136e+00
PCG: 2 : 2.267144e-01 / 5.984843e+00
PCG: 3 : 3.539035e-01 / 9.342400e+00
PCG: 4 : 2.763123e-01 / 7.294136e+00
PCG: 5 : 1.737480e-01 / 4.586628e+00
PCG: 6 : 2.259797e-01 / 5.965448e+00
PCG: 7 : 2.413949e-01 / 6.372381e+00
PCG: 8 : 1.811444e-01 / 4.781879e+00
PCG: 9 : 1.391881e-01 / 3.674310e+00
PCG: 0 : 1.390450e-01
PCG: 1 : 1.055283e-01 / 7.589507e-01
PCG: 2 : 1.431646e-01 / 1.029627e+00
PCG: 3 : 1.437253e-01 / 1.033660e+00
PCG: 4 : 9.651641e-02 / 6.941378e-01
PCG: 5 : 1.242039e-01 / 8.932638e-01
PCG: 6 : 1.294361e-01 / 9.308935e-01
PCG: 7 : 7.384880e-02 / 5.311143e-01
PCG: 8 : 7.811799e-02 / 5.618179e-01
PCG: 9 : 6.931929e-02 / 4.985384e-01
PCG: 0 : 6.931935e-02
PCG: 1 : 4.805504e-02 / 6.932414e-01
PCG: 2 : 4.194471e-02 / 6.050938e-01
PCG: 3 : 3.593403e-02 / 5.183839e-01
PCG: 4 : 2.579548e-02 / 3.721253e-01
PCG: 5 : 3.363927e-02 / 4.852797e-01
PCG: 6 : 2.995344e-02 / 4.321080e-01
PCG: 7 : 1.917925e-02 / 2.766797e-01
PCG: 8 : 2.334613e-02 / 3.367910e-01
PCG: 9 : 3.465546e-02 / 4.999392e-01
PCG: 0 : 3.465547e-02
PCG: 1 : 2.608818e-02 / 7.527869e-01
PCG: 2 : 2.370112e-02 / 6.839070e-01
PCG: 3 : 2.308954e-02 / 6.662596e-01
PCG: 4 : 1.890040e-02 / 5.453799e-01
PCG: 5 : 2.692132e-02 / 7.768275e-01
PCG: 6 : 2.710397e-02 / 7.820981e-01
PCG: 7 : 1.880557e-02 / 5.426436e-01
PCG: 8 : 2.711914e-02 / 7.825356e-01
PCG: 9 : 3.807231e-02 / 1.098595e+00
PCG: 0 : 3.807231e-02
PCG: 1 : 2.649102e-02 / 6.958081e-01
PCG: 2 : 1.860190e-02 / 4.885938e-01
PCG: 3 : 1.899296e-02 / 4.988654e-01
PCG: 4 : 1.704598e-02 / 4.477265e-01
PCG: 5 : 1.774218e-02 / 4.660127e-01
PCG: 6 : 1.481446e-02 / 3.891138e-01
PCG: 7 : 1.080476e-02 / 2.837958e-01
PCG: 8 : 1.499638e-02 / 3.938921e-01
PCG: 9 : 2.152204e-02 / 5.652938e-01
PCG: 0 : 2.152204e-02
PCG: 1 : 1.442379e-02 / 6.701871e-01
PCG: 2 : 1.123871e-02 / 5.221955e-01
PCG: 3 : 1.278888e-02 / 5.942228e-01
PCG: 4 : 1.341865e-02 / 6.234841e-01
PCG: 5 : 1.490006e-02 / 6.923165e-01
PCG: 6 : 1.378953e-02 / 6.407166e-01
PCG: 7 : 1.142654e-02 / 5.309229e-01
PCG: 8 : 1.745367e-02 / 8.109673e-01
PCG: 9 : 2.292424e-02 / 1.065152e+00
PCG: 0 : 2.292423e-02
PCG: 1 : 1.467441e-02 / 6.401267e-01
PCG: 2 : 1.000450e-02 / 4.364160e-01
PCG: 3 : 1.083553e-02 / 4.726670e-01
PCG: 4 : 1.033386e-02 / 4.507834e-01
PCG: 5 : 9.955028e-03 / 4.342579e-01
PCG: 6 : 8.402216e-03 / 3.665212e-01
PCG: 7 : 6.805719e-03 / 2.968788e-01
PCG: 8 : 9.187448e-03 / 4.007745e-01
PCG: 9 : 1.225044e-02 / 5.343884e-01
PCG: 0 : 1.225044e-02
PCG: 1 : 8.116648e-03 / 6.625597e-01
PCG: 2 : 6.594206e-03 / 5.382833e-01
PCG: 3 : 7.685316e-03 / 6.273503e-01
PCG: 4 : 7.783029e-03 / 6.353266e-01
PCG: 5 : 8.377881e-03 / 6.838841e-01
PCG: 6 : 8.362381e-03 / 6.826189e-01
PCG: 7 : 7.645343e-03 / 6.240873e-01
PCG: 8 : 1.006633e-02 / 8.217116e-01
PCG: 9 : 1.139127e-02 / 9.298666e-01
PCG: 0 : 1.139127e-02
PCG: 1 : 8.525105e-03 / 7.483894e-01
PCG: 2 : 6.577967e-03 / 5.774568e-01
PCG: 3 : 6.830696e-03 / 5.996431e-01
PCG: 4 : 5.929146e-03 / 5.204991e-01
PCG: 5 : 5.596143e-03 / 4.912659e-01
PCG: 6 : 5.211961e-03 / 4.575399e-01
PCG: 7 : 4.619963e-03 / 4.055705e-01
PCG: 8 : 5.112519e-03 / 4.488103e-01
PCG: 9 : 5.663943e-03 / 4.972179e-01
PCG: 0 : 5.663942e-03
PCG: 1 : 4.659855e-03 / 8.227230e-01
PCG: 2 : 4.266880e-03 / 7.533410e-01
PCG: 3 : 4.645455e-03 / 8.201805e-01
PCG: 4 : 4.529647e-03 / 7.997339e-01
PCG: 5 : 4.844663e-03 / 8.553517e-01
PCG: 6 : 4.968572e-03 / 8.772286e-01
PCG: 7 : 4.623341e-03 / 8.162762e-01
PCG: 8 : 5.478645e-03 / 9.672847e-01
PCG: 9 : 6.509698e-03 / 1.149323e+00
PCG: 0 : 6.509700e-03
PCG: 1 : 4.881094e-03 / 7.498186e-01
PCG: 2 : 3.908857e-03 / 6.004665e-01
PCG: 3 : 3.905024e-03 / 5.998777e-01
PCG: 4 : 3.481520e-03 / 5.348203e-01
PCG: 5 : 3.330135e-03 / 5.115650e-01
PCG: 6 : 3.043667e-03 / 4.675587e-01
PCG: 7 : 2.731079e-03 / 4.195399e-01
PCG: 8 : 2.921154e-03 / 4.487386e-01
PCG: 9 : 3.334799e-03 / 5.122815e-01
PCG: 0 : 3.334798e-03
PCG: 1 : 2.758752e-03 / 8.272622e-01
PCG: 2 : 2.530568e-03 / 7.588368e-01
PCG: 3 : 2.662179e-03 / 7.983029e-01
PCG: 4 : 2.719953e-03 / 8.156275e-01
PCG: 5 : 2.881748e-03 / 8.641446e-01
PCG: 6 : 2.857682e-03 / 8.569281e-01
PCG: 7 : 2.753452e-03 / 8.256728e-01
PCG: 8 : 3.216020e-03 / 9.643822e-01
PCG: 9 : 3.838770e-03 / 1.151125e+00
PCG: 0 : 3.838771e-03
PCG: 1 : 2.901837e-03 / 7.559286e-01
PCG: 2 : 2.332241e-03 / 6.075490e-01
PCG: 3 : 2.252673e-03 / 5.868215e-01
PCG: 4 : 2.084731e-03 / 5.430726e-01
PCG: 5 : 1.982132e-03 / 5.163454e-01
PCG: 6 : 1.756990e-03 / 4.576961e-01
PCG: 7 : 1.626642e-03 / 4.237405e-01
PCG: 8 : 1.736476e-03 / 4.523521e-01
PCG: 9 : 1.965924e-03 / 5.121233e-01
PCG: 0 : 1.965923e-03
PCG: 1 : 1.651166e-03 / 8.398936e-01
PCG: 2 : 1.503243e-03 / 7.646497e-01
PCG: 3 : 1.540388e-03 / 7.835443e-01
PCG: 4 : 1.628428e-03 / 8.283273e-01
PCG: 5 : 1.706918e-03 / 8.682526e-01
PCG: 6 : 1.659818e-03 / 8.442943e-01
PCG: 7 : 1.640653e-03 / 8.345459e-01
PCG: 8 : 1.911608e-03 / 9.723714e-01
PCG: 9 : 2.274941e-03 / 1.157187e+00
PCG: 0 : 2.274941e-03
PCG: 1 : 1.736310e-03 / 7.632330e-01
PCG: 2 : 1.386114e-03 / 6.092967e-01
PCG: 3 : 1.312622e-03 / 5.769917e-01
PCG: 4 : 1.245908e-03 / 5.476662e-01
PCG: 5 : 1.173874e-03 / 5.160018e-01
PCG: 6 : 1.023416e-03 / 4.498650e-01
PCG: 7 : 9.689848e-04 / 4.259383e-01
PCG: 8 : 1.038618e-03 / 4.565470e-01
PCG: 9 : 1.167915e-03 / 5.133824e-01
PCG: 0 : 1.167915e-03
PCG: 1 : 9.917575e-04 / 8.491690e-01
PCG: 2 : 8.904678e-04 / 7.624422e-01
PCG: 3 : 8.995173e-04 / 7.701905e-01
PCG: 4 : 9.706173e-04 / 8.310683e-01
PCG: 5 : 1.009322e-03 / 8.642085e-01
PCG: 6 : 9.722653e-04 / 8.324792e-01
PCG: 7 : 9.742982e-04 / 8.342199e-01
PCG: 8 : 1.143430e-03 / 9.790354e-01
PCG: 9 : 1.357293e-03 / 1.162150e+00
PCG: 0 : 1.357291e-03
PCG: 1 : 1.041912e-03 / 7.676412e-01
PCG: 2 : 8.201831e-04 / 6.042795e-01
PCG: 3 : 7.708059e-04 / 5.679002e-01
PCG: 4 : 7.422045e-04 / 5.468279e-01
PCG: 5 : 6.941549e-04 / 5.114267e-01
PCG: 6 : 6.003157e-04 / 4.422896e-01
PCG: 7 : 5.760217e-04 / 4.243907e-01
PCG: 8 : 6.240702e-04 / 4.597910e-01
PCG: 9 : 6.981781e-04 / 5.143908e-01
PCG: 0 : 6.981776e-04
PCG: 1 : 5.968550e-04 / 8.548756e-01
PCG: 2 : 5.265451e-04 / 7.541708e-01
PCG: 3 : 5.283864e-04 / 7.568081e-01
PCG: 4 : 5.764238e-04 / 8.256120e-01
PCG: 5 : 5.969395e-04 / 8.549967e-01
PCG: 6 : 5.725985e-04 / 8.201330e-01
PCG: 7 : 5.769889e-04 / 8.264214e-01
PCG: 8 : 6.873986e-04 / 9.845613e-01
PCG: 9 : 8.138395e-04 / 1.165663e+00
PCG: 0 : 8.138398e-04
PCG: 1 : 6.266464e-04 / 7.699874e-01
PCG: 2 : 4.842398e-04 / 5.950063e-01
PCG: 3 : 4.547041e-04 / 5.587144e-01
PCG: 4 : 4.411264e-04 / 5.420310e-01
PCG: 5 : 4.105263e-04 / 5.044313e-01
PCG: 6 : 3.536722e-04 / 4.345722e-01
PCG: 7 : 3.421763e-04 / 4.204467e-01
PCG: 8 : 3.764811e-04 / 4.625985e-01
PCG: 9 : 4.190005e-04 / 5.148439e-01
PCG: 0 : 4.190006e-04
PCG: 1 : 3.598713e-04 / 8.588801e-01
PCG: 2 : 3.113971e-04 / 7.431900e-01
PCG: 3 : 3.113740e-04 / 7.431349e-01
PCG: 4 : 3.416241e-04 / 8.153306e-01
PCG: 5 : 3.532105e-04 / 8.429832e-01
PCG: 6 : 3.381814e-04 / 8.071144e-01
PCG: 7 : 3.414076e-04 / 8.148141e-01
PCG: 8 : 4.147381e-04 / 9.898270e-01
PCG: 9 : 4.894118e-04 / 1.168045e+00
PCG: 0 : 4.894118e-04
PCG: 1 : 3.776401e-04 / 7.716205e-01
PCG: 2 : 2.857711e-04 / 5.839074e-01
PCG: 3 : 2.688125e-04 / 5.492563e-01
PCG: 4 : 2.618394e-04 / 5.350084e-01
PCG: 5 : 2.428838e-04 / 4.962771e-01
PCG: 6 : 2.088695e-04 / 4.267767e-01
PCG: 7 : 2.034199e-04 / 4.156416e-01
PCG: 8 : 2.277124e-04 / 4.652777e-01
PCG: 9 : 2.519828e-04 / 5.148687e-01
PCG: 0 : 2.519829e-04
PCG: 1 : 2.173560e-04 / 8.625824e-01
PCG: 2 : 1.844304e-04 / 7.319165e-01
PCG: 3 : 1.838022e-04 / 7.294233e-01
PCG: 4 : 2.022909e-04 / 8.027964e-01
PCG: 5 : 2.090921e-04 / 8.297869e-01
PCG: 6 : 2.000397e-04 / 7.938622e-01
PCG: 7 : 2.021196e-04 / 8.021164e-01
PCG: 8 : 2.507752e-04 / 9.952073e-01
PCG: 9 : 2.947751e-04 / 1.169822e+00
PCG: 0 : 2.947749e-04
PCG: 1 : 2.279723e-04 / 7.733777e-01
PCG: 2 : 1.687786e-04 / 5.725679e-01
PCG: 3 : 1.590798e-04 / 5.396655e-01
PCG: 4 : 1.553247e-04 / 5.269266e-01
PCG: 5 : 1.437523e-04 / 4.876679e-01
PCG: 6 : 1.235282e-04 / 4.190595e-01
PCG: 7 : 1.210883e-04 / 4.107825e-01
PCG: 8 : 1.378818e-04 / 4.677527e-01
PCG: 9 : 1.516648e-04 / 5.145108e-01
PCG: 0 : 1.516649e-04
PCG: 1 : 1.314292e-04 / 8.665763e-01
PCG: 2 : 1.094607e-04 / 7.217276e-01
PCG: 3 : 1.086203e-04 / 7.161863e-01
PCG: 4 : 1.197658e-04 / 7.896742e-01
PCG: 5 : 1.238282e-04 / 8.164591e-01
PCG: 6 : 1.184314e-04 / 7.808756e-01
PCG: 7 : 1.197684e-04 / 7.896910e-01
PCG: 8 : 1.517243e-04 / 1.000392e+00
PCG: 9 : 1.776209e-04 / 1.171141e+00
PCG: 0 : 1.776209e-04
PCG: 1 : 1.377492e-04 / 7.755237e-01
PCG: 2 : 9.981749e-05 / 5.619692e-01
PCG: 3 : 9.418533e-05 / 5.302603e-01
PCG: 4 : 9.210462e-05 / 5.185460e-01
PCG: 5 : 8.510392e-05 / 4.791323e-01
PCG: 6 : 7.312355e-05 / 4.116831e-01
PCG: 7 : 7.215187e-05 / 4.062126e-01
PCG: 8 : 8.345796e-05 / 4.698656e-01
PCG: 9 : 9.127163e-05 / 5.138562e-01
PCG: 0 : 9.127161e-05
PCG: 1 : 7.949547e-05 / 8.709770e-01
PCG: 2 : 6.510752e-05 / 7.133381e-01
PCG: 3 : 6.425319e-05 / 7.039778e-01
PCG: 4 : 7.092404e-05 / 7.770658e-01
PCG: 5 : 7.336502e-05 / 8.038099e-01
PCG: 6 : 7.016049e-05 / 7.687001e-01
PCG: 7 : 7.102096e-05 / 7.781277e-01
PCG: 8 : 9.171942e-05 / 1.004906e+00
PCG: 9 : 1.069786e-04 / 1.172091e+00
PCG: 0 : 1.069785e-04
PCG: 1 : 8.323412e-05 / 7.780454e-01
PCG: 2 : 5.912306e-05 / 5.526630e-01
PCG: 3 : 5.578438e-05 / 5.214541e-01
PCG: 4 : 5.460439e-05 / 5.104240e-01
PCG: 5 : 5.039374e-05 / 4.710642e-01
PCG: 6 : 4.331163e-05 / 4.048629e-01
PCG: 7 : 4.300291e-05 / 4.019772e-01
PCG: 8 : 5.042988e-05 / 4.714020e-01
PCG: 9 : 5.487293e-05 / 5.129342e-01
PCG: 0 : 5.487295e-05
PCG: 1 : 4.804066e-05 / 8.754889e-01
PCG: 2 : 3.878927e-05 / 7.068924e-01
PCG: 3 : 3.804203e-05 / 6.932747e-01
PCG: 4 : 4.201580e-05 / 7.656924e-01
PCG: 5 : 4.348703e-05 / 7.925040e-01
PCG: 6 : 4.158653e-05 / 7.578694e-01
PCG: 7 : 4.212353e-05 / 7.676557e-01
PCG: 8 : 5.533181e-05 / 1.008362e+00
PCG: 9 : 6.434117e-05 / 1.172548e+00
PCG: 0 : 6.434118e-05
PCG: 1 : 5.023184e-05 / 7.807106e-01
PCG: 2 : 3.505771e-05 / 5.448721e-01
PCG: 3 : 3.305052e-05 / 5.136760e-01
PCG: 4 : 3.236719e-05 / 5.030556e-01
PCG: 5 : 2.984466e-05 / 4.638501e-01
PCG: 6 : 2.566432e-05 / 3.988786e-01
PCG: 7 : 2.561722e-05 / 3.981465e-01
PCG: 8 : 3.039486e-05 / 4.724013e-01
PCG: 9 : 3.293760e-05 / 5.119210e-01
PCG: 0 : 3.293757e-05
PCG: 1 : 2.898046e-05 / 8.798603e-01
PCG: 2 : 2.313078e-05 / 7.022613e-01
PCG: 3 : 2.254265e-05 / 6.844052e-01
PCG: 4 : 2.490261e-05 / 7.560548e-01
PCG: 5 : 2.579077e-05 / 7.830198e-01
PCG: 6 : 2.466262e-05 / 7.487687e-01
PCG: 7 : 2.498079e-05 / 7.584284e-01
PCG: 8 : 3.328929e-05 / 1.010678e+00
PCG: 9 : 3.862853e-05 / 1.172780e+00
PCG: 0 : 3.862852e-05
PCG: 1 : 3.025379e-05 / 7.831981e-01
PCG: 2 : 2.080359e-05 / 5.385550e-01
PCG: 3 : 1.958835e-05 / 5.070955e-01
PCG: 4 : 1.918709e-05 / 4.967079e-01
PCG: 5 : 1.768067e-05 / 4.577101e-01
PCG: 6 : 1.521433e-05 / 3.938625e-01
PCG: 7 : 1.524933e-05 / 3.947688e-01
PCG: 8 : 1.827022e-05 / 4.729723e-01
PCG: 9 : 1.973470e-05 / 5.108840e-01
PCG: 0 : 1.973470e-05
PCG: 1 : 1.744104e-05 / 8.837754e-01
PCG: 2 : 1.379391e-05 / 6.989672e-01
PCG: 3 : 1.336778e-05 / 6.773745e-01
PCG: 4 : 1.476738e-05 / 7.482949e-01
PCG: 5 : 1.530363e-05 / 7.754683e-01
PCG: 6 : 1.463384e-05 / 7.415282e-01
PCG: 7 : 1.481195e-05 / 7.505539e-01
PCG: 8 : 1.997199e-05 / 1.012024e+00
PCG: 9 : 2.314292e-05 / 1.172702e+00
PCG: 0 : 2.314293e-05
PCG: 1 : 1.817622e-05 / 7.853900e-01
PCG: 2 : 1.234860e-05 / 5.335799e-01
PCG: 3 : 1.161394e-05 / 5.018352e-01
PCG: 4 : 1.137562e-05 / 4.915378e-01
PCG: 5 : 1.047786e-05 / 4.527457e-01
PCG: 6 : 9.023000e-06 / 3.898816e-01
PCG: 7 : 9.069680e-06 / 3.918986e-01
PCG: 8 : 1.095332e-05 / 4.732904e-01
PCG: 9 : 1.180288e-05 / 5.099994e-01
PCG: 0 : 1.180288e-05
PCG: 1 : 1.046978e-05 / 8.870530e-01
PCG: 2 : 8.221946e-06 / 6.966052e-01
PCG: 3 : 7.931069e-06 / 6.719607e-01
PCG: 4 : 8.760071e-06 / 7.421979e-01
PCG: 5 : 9.084180e-06 / 7.696580e-01
PCG: 6 : 8.687605e-06 / 7.360582e-01
PCG: 7 : 8.781601e-06 / 7.440220e-01
PCG: 8 : 1.195329e-05 / 1.012744e+00
PCG: 9 : 1.383912e-05 / 1.172521e+00
PCG: 0 : 1.383912e-05
PCG: 1 : 1.089396e-05 / 7.871863e-01
PCG: 2 : 7.330523e-06 / 5.296957e-01
PCG: 3 : 6.889014e-06 / 4.977928e-01
PCG: 4 : 6.746344e-06 / 4.874836e-01
PCG: 5 : 6.211763e-06 / 4.488554e-01
PCG: 6 : 5.353299e-06 / 3.868237e-01
PCG: 7 : 5.390539e-06 / 3.895146e-01
PCG: 8 : 6.551971e-06 / 4.734384e-01
PCG: 9 : 7.047038e-06 / 5.092114e-01
PCG: 0 : 7.047037e-06
PCG: 1 : 6.269602e-06 / 8.896791e-01
PCG: 2 : 4.896478e-06 / 6.948279e-01
PCG: 3 : 4.707046e-06 / 6.679468e-01
PCG: 4 : 5.198028e-06 / 7.376189e-01
PCG: 5 : 5.393787e-06 / 7.653978e-01
PCG: 6 : 5.159805e-06 / 7.321950e-01
PCG: 7 : 5.206478e-06 / 7.388180e-01
PCG: 8 : 7.139801e-06 / 1.013164e+00
PCG: 9 : 8.261215e-06 / 1.172296e+00
PCG: 0 : 8.261219e-06
PCG: 1 : 6.515129e-06 / 7.886402e-01
PCG: 2 : 4.351220e-06 / 5.267044e-01
PCG: 3 : 4.087784e-06 / 4.948161e-01
PCG: 4 : 4.001922e-06 / 4.844227e-01
PCG: 5 : 3.683923e-06 / 4.459297e-01
PCG: 6 : 3.177250e-06 / 3.845983e-01
PCG: 7 : 3.202183e-06 / 3.876162e-01
PCG: 8 : 3.912206e-06 / 4.735628e-01
PCG: 9 : 4.201848e-06 / 5.086233e-01
PCG: 0 : 4.201846e-06
PCG: 1 : 3.746940e-06 / 8.917364e-01
PCG: 2 : 2.913809e-06 / 6.934592e-01
PCG: 3 : 2.794402e-06 / 6.650413e-01
PCG: 4 : 3.085081e-06 / 7.342203e-01
PCG: 5 : 3.202938e-06 / 7.622691e-01
PCG: 6 : 3.065372e-06 / 7.295297e-01
PCG: 7 : 3.087249e-06 / 7.347363e-01
PCG: 8 : 4.258282e-06 / 1.013431e+00
PCG: 9 : 4.924842e-06 / 1.172066e+00
PCG: 0 : 4.924842e-06
PCG: 1 : 3.889286e-06 / 7.897280e-01
PCG: 2 : 2.582387e-06 / 5.243593e-01
PCG: 3 : 2.426295e-06 / 4.926645e-01
PCG: 4 : 2.374522e-06 / 4.821518e-01
PCG: 5 : 2.185496e-06 / 4.437697e-01
PCG: 6 : 1.886395e-06 / 3.830365e-01
PCG: 7 : 1.901695e-06 / 3.861432e-01
PCG: 8 : 2.332880e-06 / 4.736964e-01
PCG: 9 : 2.502562e-06 / 5.081507e-01
PCG: 0 : 2.502561e-06
PCG: 1 : 2.235724e-06 / 8.933741e-01
PCG: 2 : 1.732781e-06 / 6.924031e-01
PCG: 3 : 1.659268e-06 / 6.630279e-01
PCG: 4 : 1.831222e-06 / 7.317391e-01
PCG: 5 : 1.902004e-06 / 7.600228e-01
PCG: 6 : 1.821426e-06 / 7.278247e-01
PCG: 7 : 1.830782e-06 / 7.315633e-01
PCG: 8 : 2.536773e-06 / 1.013671e+00
PCG: 9 : 2.932934e-06 / 1.171973e+00
PCG: 0 : 2.932932e-06
PCG: 1 : 2.318679e-06 / 7.905669e-01
PCG: 2 : 1.532629e-06 / 5.225587e-01
PCG: 3 : 1.440561e-06 / 4.911674e-01
PCG: 4 : 1.409254e-06 / 4.804934e-01
PCG: 5 : 1.296888e-06 / 4.421813e-01
PCG: 6 : 1.120292e-06 / 3.819701e-01
PCG: 7 : 1.129184e-06 / 3.850017e-01
PCG: 8 : 1.389740e-06 / 4.738398e-01
PCG: 9 : 1.489280e-06 / 5.077786e-01
PCG: 0 : 1.489279e-06
PCG: 1 : 1.332363e-06 / 8.946358e-01
PCG: 2 : 1.029853e-06 / 6.915113e-01
PCG: 3 : 9.853368e-07 / 6.616198e-01
PCG: 4 : 1.087071e-06 / 7.299307e-01
PCG: 5 : 1.129482e-06 / 7.584085e-01
PCG: 6 : 1.082394e-06 / 7.267905e-01
PCG: 7 : 1.086007e-06 / 7.292165e-01
PCG: 8 : 1.510154e-06 / 1.014016e+00
PCG: 9 : 1.745244e-06 / 1.171871e+00
PCG: 0 : 1.745243e-06
PCG: 1 : 1.380977e-06 / 7.912804e-01
PCG: 2 : 9.096124e-07 / 5.211952e-01
PCG: 3 : 8.554994e-07 / 4.901892e-01
PCG: 4 : 8.365483e-07 / 4.793305e-01
PCG: 5 : 7.697244e-07 / 4.410413e-01
PCG: 6 : 6.654352e-07 / 3.812850e-01
PCG: 7 : 6.704166e-07 / 3.841393e-01
PCG: 8 : 8.273163e-07 / 4.740406e-01
PCG: 9 : 8.858036e-07 / 5.075530e-01
PCG: 0 : 8.858033e-07
PCG: 1 : 7.933404e-07 / 8.956169e-01
PCG: 2 : 6.118602e-07 / 6.907405e-01
PCG: 3 : 5.851970e-07 / 6.606398e-01
PCG: 4 : 6.453640e-07 / 7.285635e-01
PCG: 5 : 6.707098e-07 / 7.571769e-01
PCG: 6 : 6.432389e-07 / 7.261645e-01
PCG: 7 : 6.442877e-07 / 7.273484e-01
PCG: 8 : 8.984546e-07 / 1.014282e+00
PCG: 9 : 1.037809e-06 / 1.171602e+00
PCG: 0 : 1.037809e-06
PCG: 1 : 8.218221e-07 / 7.918819e-01
PCG: 2 : 5.398236e-07 / 5.201570e-01
PCG: 3 : 5.081080e-07 / 4.895968e-01
PCG: 4 : 4.966249e-07 / 4.785321e-01
PCG: 5 : 4.568840e-07 / 4.402390e-01
PCG: 6 : 3.953106e-07 / 3.809088e-01
PCG: 7 : 3.980284e-07 / 3.835277e-01
PCG: 8 : 4.922663e-07 / 4.743323e-01
PCG: 9 : 5.266643e-07 / 5.074771e-01
PCG: 0 : 5.266643e-07
PCG: 1 : 4.721203e-07 / 8.964350e-01
PCG: 2 : 3.634655e-07 / 6.901276e-01
PCG: 3 : 3.476170e-07 / 6.600353e-01
PCG: 4 : 3.831977e-07 / 7.275940e-01
PCG: 5 : 3.983084e-07 / 7.562851e-01
PCG: 6 : 3.822995e-07 / 7.258884e-01
PCG: 7 : 3.823224e-07 / 7.259318e-01
PCG: 8 : 5.343717e-07 / 1.014634e+00
PCG: 9 : 6.170009e-07 / 1.171526e+00
PCG: 0 : 6.170010e-07
PCG: 1 : 4.888836e-07 / 7.923546e-01
PCG: 2 : 3.204238e-07 / 5.193245e-01
PCG: 3 : 3.018564e-07 / 4.892316e-01
PCG: 4 : 2.948984e-07 / 4.779544e-01
PCG: 5 : 2.712544e-07 / 4.396336e-01
PCG: 6 : 2.348800e-07 / 3.806801e-01
PCG: 7 : 2.363239e-07 / 3.830203e-01
PCG: 8 : 2.928071e-07 / 4.745650e-01
PCG: 9 : 3.130374e-07 / 5.073531e-01
PCG: 0 : 3.130374e-07
PCG: 1 : 2.808317e-07 / 8.971184e-01
PCG: 2 : 2.158824e-07 / 6.896375e-01
PCG: 3 : 2.065065e-07 / 6.596863e-01
PCG: 4 : 2.275517e-07 / 7.269154e-01
PCG: 5 : 2.365422e-07 / 7.556356e-01
PCG: 6 : 2.272219e-07 / 7.258617e-01
PCG: 7 : 2.269012e-07 / 7.248372e-01
PCG: 8 : 3.177398e-07 / 1.015022e+00
PCG: 9 : 3.667128e-07 / 1.171466e+00
PCG: 0 : 3.667127e-07
PCG: 1 : 2.907235e-07 / 7.927828e-01
PCG: 2 : 1.902112e-07 / 5.186928e-01
PCG: 3 : 1.793468e-07 / 4.890662e-01
PCG: 4 : 1.751230e-07 / 4.775482e-01
PCG: 5 : 1.610560e-07 / 4.391885e-01
PCG: 6 : 1.395616e-07 / 3.805747e-01
PCG: 7 : 1.403121e-07 / 3.826212e-01
PCG: 8 : 1.741117e-07 / 4.747906e-01
PCG: 9 : 1.860172e-07 / 5.072559e-01
PCG: 0 : 1.860173e-07
PCG: 1 : 1.669844e-07 / 8.976821e-01
PCG: 2 : 1.282050e-07 / 6.892104e-01
PCG: 3 : 1.226814e-07 / 6.595162e-01
PCG: 4 : 1.351256e-07 / 7.264141e-01
PCG: 5 : 1.404704e-07 / 7.551471e-01
PCG: 6 : 1.350485e-07 / 7.259998e-01
PCG: 7 : 1.346823e-07 / 7.240311e-01
PCG: 8 : 1.889044e-07 / 1.015521e+00
PCG: 9 : 2.179143e-07 / 1.171473e+00
PCG: 0 : 2.179143e-07
PCG: 1 : 1.728434e-07 / 7.931713e-01
PCG: 2 : 1.129180e-07 / 5.181760e-01
PCG: 3 : 1.065600e-07 / 4.889994e-01
PCG: 4 : 1.039994e-07 / 4.772491e-01
PCG: 5 : 9.563194e-08 / 4.388511e-01
PCG: 6 : 8.293185e-08 / 3.805709e-01
PCG: 7 : 8.331201e-08 / 3.823154e-01
PCG: 8 : 1.035131e-07 / 4.750172e-01
PCG: 9 : 1.105298e-07 / 5.072167e-01
PCG: 0 : 1.105297e-07
PCG: 1 : 9.927314e-08 / 8.981578e-01
PCG: 2 : 7.614005e-08 / 6.888648e-01
PCG: 3 : 7.289122e-08 / 6.594716e-01
PCG: 4 : 8.025010e-08 / 7.260499e-01
PCG: 5 : 8.342033e-08 / 7.547320e-01
PCG: 6 : 8.026631e-08 / 7.261965e-01
PCG: 7 : 7.994899e-08 / 7.233256e-01
PCG: 8 : 1.122875e-07 / 1.015903e+00
PCG: 9 : 1.294797e-07 / 1.171447e+00
PCG: 0 : 1.294797e-07
PCG: 1 : 1.027379e-07 / 7.934673e-01
PCG: 2 : 6.703600e-08 / 5.177337e-01
PCG: 3 : 6.331885e-08 / 4.890254e-01
PCG: 4 : 6.176495e-08 / 4.770243e-01
PCG: 5 : 5.678818e-08 / 4.385876e-01
PCG: 6 : 4.928263e-08 / 3.806205e-01
PCG: 7 : 4.947006e-08 / 3.820681e-01
PCG: 8 : 6.153359e-08 / 4.752374e-01
PCG: 9 : 6.566715e-08 / 5.071618e-01
PCG: 0 : 6.566713e-08
PCG: 1 : 5.900917e-08 / 8.986105e-01
PCG: 2 : 4.521872e-08 / 6.886050e-01
PCG: 3 : 4.330989e-08 / 6.595367e-01
PCG: 4 : 4.766035e-08 / 7.257870e-01
PCG: 5 : 4.954135e-08 / 7.544315e-01
PCG: 6 : 4.770567e-08 / 7.264772e-01
PCG: 7 : 4.746134e-08 / 7.227564e-01
PCG: 8 : 6.673901e-08 / 1.016323e+00
PCG: 9 : 7.693013e-08 / 1.171517e+00
PCG: 0 : 7.693013e-08
PCG: 1 : 6.106342e-08 / 7.937517e-01
PCG: 2 : 3.980244e-08 / 5.173844e-01
PCG: 3 : 3.762586e-08 / 4.890913e-01
PCG: 4 : 3.668489e-08 / 4.768598e-01
PCG: 5 : 3.372304e-08 / 4.383594e-01
PCG: 6 : 2.928762e-08 / 3.807042e-01
PCG: 7 : 2.937725e-08 / 3.818693e-01
PCG: 8 : 3.657559e-08 / 4.754390e-01
PCG: 9 : 3.901226e-08 / 5.071129e-01
PCG: 0 : 3.901227e-08
PCG: 1 : 3.507245e-08 / 8.990108e-01
PCG: 2 : 2.685472e-08 / 6.883659e-01
PCG: 3 : 2.573518e-08 / 6.596689e-01
PCG: 4 : 2.830688e-08 / 7.255890e-01
PCG: 5 : 2.942161e-08 / 7.541631e-01
PCG: 6 : 2.835445e-08 / 7.268086e-01
PCG: 7 : 2.817969e-08 / 7.223288e-01
PCG: 8 : 3.966605e-08 / 1.016758e+00
PCG: 9 : 4.570640e-08 / 1.171590e+00
PCG: 0 : 4.570640e-08
PCG: 1 : 3.628884e-08 / 7.939553e-01
PCG: 2 : 2.363302e-08 / 5.170614e-01
PCG: 3 : 2.235948e-08 / 4.891980e-01
PCG: 4 : 2.178887e-08 / 4.767136e-01
PCG: 5 : 2.002659e-08 / 4.381572e-01
PCG: 6 : 1.740485e-08 / 3.807968e-01
PCG: 7 : 1.744490e-08 / 3.816730e-01
PCG: 8 : 2.173886e-08 / 4.756196e-01
PCG: 9 : 2.317614e-08 / 5.070656e-01
PCG: 0 : 2.317613e-08
PCG: 1 : 2.084399e-08 / 8.993732e-01
PCG: 2 : 1.594922e-08 / 6.881744e-01
PCG: 3 : 1.529164e-08 / 6.598012e-01
PCG: 4 : 1.681228e-08 / 7.254133e-01
PCG: 5 : 1.747340e-08 / 7.539394e-01
PCG: 6 : 1.685184e-08 / 7.271203e-01
PCG: 7 : 1.673046e-08 / 7.218832e-01
PCG: 8 : 2.357138e-08 / 1.017054e+00
PCG: 9 : 2.715476e-08 / 1.171669e+00
PCG: 0 : 2.715476e-08
PCG: 1 : 2.156367e-08 / 7.941030e-01
PCG: 2 : 1.403242e-08 / 5.167573e-01
PCG: 3 : 1.328718e-08 / 4.893132e-01
PCG: 4 : 1.294174e-08 / 4.765921e-01
PCG: 5 : 1.189258e-08 / 4.379558e-01
PCG: 6 : 1.034337e-08 / 3.809046e-01
PCG: 7 : 1.036009e-08 / 3.815203e-01
PCG: 8 : 1.292028e-08 / 4.758016e-01
PCG: 9 : 1.376841e-08 / 5.070350e-01
PCG: 0 : 1.376841e-08
PCG: 1 : 1.238773e-08 / 8.997213e-01
PCG: 2 : 9.472761e-09 / 6.880069e-01
PCG: 3 : 9.087008e-09 / 6.599897e-01
PCG: 4 : 9.985829e-09 / 7.252710e-01
PCG: 5 : 1.037758e-08 / 7.537242e-01
PCG: 6 : 1.001600e-08 / 7.274621e-01
PCG: 7 : 9.934136e-09 / 7.215165e-01
PCG: 8 : 1.400757e-08 / 1.017370e+00
PCG: 9 : 1.613345e-08 / 1.171773e+00

PCG ( VCycle ( S: Scale / C: Scale )  )

Complete solver TOE: 1.82682
2.70803 GFlop/s [2.70803 GFlops/s]

Total time: 1.82682s
Accumulated op time: 1.74647

Reductions: 8.15734%
Blas-1: 4.95938%
Blas-2: 82.485%
Precon Kernels: 0%
MPI Execution: 0%
MPI Wait: 0%
Not covered: 4.3983%

Domain size: 11.9084 MByte
LA size: 29.0519 MByte
MPI size: 0.663155 MByte

H0-Error: 6.876493e-06
H1-Error: 8.068795e-03

Writing DATA to output.data...
Run-Time: 0:01.964 [0:01.964]
0x31d198e880 Error: MemoryPool<CPU> still contains memory chunks on deconstructor call
